{
  "Plan": {
    "Node Type": "Aggregate",
    "Strategy": "Plain",
    "Partial Mode": "Finalize",
    "Parallel Aware": false,
    "Startup Cost": 523667.36,
    "Total Cost": 523667.37,
    "Plan Rows": 1,
    "Plan Width": 8,
    "Actual Startup Time": 2886.919,
    "Actual Total Time": 2918.219,
    "Actual Rows": 1,
    "Actual Loops": 1,
    "Plans": [
      {
        "Node Type": "Gather",
        "Parent Relationship": "Outer",
        "Parallel Aware": false,
        "Startup Cost": 523667.25,
        "Total Cost": 523667.36,
        "Plan Rows": 1,
        "Plan Width": 8,
        "Actual Startup Time": 2879.6,
        "Actual Total Time": 2918.21,
        "Actual Rows": 2,
        "Actual Loops": 1,
        "Workers Planned": 1,
        "Workers Launched": 1,
        "Single Copy": false,
        "Plans": [
          {
            "Node Type": "Aggregate",
            "Strategy": "Plain",
            "Partial Mode": "Partial",
            "Parent Relationship": "Outer",
            "Parallel Aware": false,
            "Startup Cost": 522667.25,
            "Total Cost": 522667.26,
            "Plan Rows": 1,
            "Plan Width": 8,
            "Actual Startup Time": 2867.501,
            "Actual Total Time": 2867.505,
            "Actual Rows": 1,
            "Actual Loops": 2,
            "Plans": [
              {
                "Node Type": "Hash Join",
                "Parent Relationship": "Outer",
                "Parallel Aware": true,
                "Join Type": "Inner",
                "Startup Cost": 205924.25,
                "Total Cost": 513581.3,
                "Plan Rows": 3634382,
                "Plan Width": 0,
                "Actual Startup Time": 823.795,
                "Actual Total Time": 2705.389,
                "Actual Rows": 3183124,
                "Actual Loops": 2,
                "Inner Unique": true,
                "Hash Cond": "(ci.movie_id = t.id)",
                "Plans": [
                  {
                    "Node Type": "Bitmap Heap Scan",
                    "Parent Relationship": "Outer",
                    "Parallel Aware": true,
                    "Relation Name": "cast_info",
                    "Alias": "ci",
                    "Startup Cost": 136463.55,
                    "Total Cost": 434580.33,
                    "Plan Rows": 3634382,
                    "Plan Width": 4,
                    "Actual Startup Time": 228.207,
                    "Actual Total Time": 614.351,
                    "Actual Rows": 3183124,
                    "Actual Loops": 2,
                    "Recheck Cond": "(person_id < 614751)",
                    "Rows Removed by Index Recheck": 0,
                    "Exact Heap Blocks": 40286,
                    "Lossy Heap Blocks": 0,
                    "Plans": [
                      {
                        "Node Type": "Bitmap Index Scan",
                        "Parent Relationship": "Outer",
                        "Parallel Aware": false,
                        "Index Name": "person_id_cast_info",
                        "Startup Cost": 0.0,
                        "Total Cost": 134918.94,
                        "Plan Rows": 6178450,
                        "Plan Width": 0,
                        "Actual Startup Time": 216.602,
                        "Actual Total Time": 216.603,
                        "Actual Rows": 6366249,
                        "Actual Loops": 1,
                        "Index Cond": "(person_id < 614751)"
                      }
                    ]
                  },
                  {
                    "Node Type": "Hash",
                    "Parent Relationship": "Inner",
                    "Parallel Aware": true,
                    "Startup Cost": 50870.31,
                    "Total Cost": 50870.31,
                    "Plan Rows": 1487231,
                    "Plan Width": 4,
                    "Actual Startup Time": 573.786,
                    "Actual Total Time": 573.787,
                    "Actual Rows": 1264156,
                    "Actual Loops": 2,
                    "Hash Buckets": 4194304,
                    "Original Hash Buckets": 4194304,
                    "Hash Batches": 1,
                    "Original Hash Batches": 1,
                    "Peak Memory Usage": 131680,
                    "Plans": [
                      {
                        "Node Type": "Seq Scan",
                        "Parent Relationship": "Outer",
                        "Parallel Aware": true,
                        "Relation Name": "title",
                        "Alias": "t",
                        "Startup Cost": 0.0,
                        "Total Cost": 50870.31,
                        "Plan Rows": 1487231,
                        "Plan Width": 4,
                        "Actual Startup Time": 0.02,
                        "Actual Total Time": 178.877,
                        "Actual Rows": 1264156,
                        "Actual Loops": 2
                      }
                    ]
                  }
                ]
              }
            ]
          }
        ]
      }
    ]
  },
  "Planning Time": 0.666,
  "Triggers": [],
  "Execution Time": 2918.31
}