{
    "Plan": {
        "Node Type": "Aggregate",
        "Strategy": "Plain",
        "Partial Mode": "Finalize",
        "Parallel Aware": false,
        "Startup Cost": 94669.65,
        "Total Cost": 94669.66,
        "Plan Rows": 1,
        "Plan Width": 8,
        "Actual Startup Time": 468.948,
        "Actual Total Time": 492.349,
        "Actual Rows": 1,
        "Actual Loops": 1,
        "Output": [
            "count(*)"
        ],
        "Plans": [
            {
                "Node Type": "Gather",
                "Parent Relationship": "Outer",
                "Parallel Aware": false,
                "Startup Cost": 94669.33,
                "Total Cost": 94669.64,
                "Plan Rows": 3,
                "Plan Width": 8,
                "Actual Startup Time": 460.43,
                "Actual Total Time": 492.337,
                "Actual Rows": 4,
                "Actual Loops": 1,
                "Output": [
                    "(PARTIAL count(*))"
                ],
                "Workers Planned": 3,
                "Workers Launched": 3,
                "Single Copy": false,
                "Plans": [
                    {
                        "Node Type": "Aggregate",
                        "Strategy": "Plain",
                        "Partial Mode": "Partial",
                        "Parent Relationship": "Outer",
                        "Parallel Aware": false,
                        "Startup Cost": 93669.33,
                        "Total Cost": 93669.34,
                        "Plan Rows": 1,
                        "Plan Width": 8,
                        "Actual Startup Time": 448.98,
                        "Actual Total Time": 448.984,
                        "Actual Rows": 1,
                        "Actual Loops": 4,
                        "Output": [
                            "PARTIAL count(*)"
                        ],
                        "Workers": [
                            {
                                "Worker Number": 0,
                                "Actual Startup Time": 445.977,
                                "Actual Total Time": 445.981,
                                "Actual Rows": 1,
                                "Actual Loops": 1
                            },
                            {
                                "Worker Number": 1,
                                "Actual Startup Time": 445.073,
                                "Actual Total Time": 445.075,
                                "Actual Rows": 1,
                                "Actual Loops": 1
                            },
                            {
                                "Worker Number": 2,
                                "Actual Startup Time": 445.09,
                                "Actual Total Time": 445.092,
                                "Actual Rows": 1,
                                "Actual Loops": 1
                            }
                        ],
                        "Plans": [
                            {
                                "Node Type": "Hash Join",
                                "Parent Relationship": "Outer",
                                "Parallel Aware": true,
                                "Join Type": "Inner",
                                "Startup Cost": 49702.03,
                                "Total Cost": 93145.93,
                                "Plan Rows": 209358,
                                "Plan Width": 0,
                                "Actual Startup Time": 291.856,
                                "Actual Total Time": 445.209,
                                "Actual Rows": 72287,
                                "Actual Loops": 4,
                                "Inner Unique": true,
                                "Hash Cond": "(mk.movie_id = t.id)",
                                "Workers": [
                                    {
                                        "Worker Number": 0,
                                        "Actual Startup Time": 288.162,
                                        "Actual Total Time": 442.617,
                                        "Actual Rows": 71261,
                                        "Actual Loops": 1
                                    },
                                    {
                                        "Worker Number": 1,
                                        "Actual Startup Time": 288.18,
                                        "Actual Total Time": 441.489,
                                        "Actual Rows": 75765,
                                        "Actual Loops": 1
                                    },
                                    {
                                        "Worker Number": 2,
                                        "Actual Startup Time": 288.198,
                                        "Actual Total Time": 441.526,
                                        "Actual Rows": 76448,
                                        "Actual Loops": 1
                                    }
                                ],
                                "Plans": [
                                    {
                                        "Node Type": "Seq Scan",
                                        "Parent Relationship": "Outer",
                                        "Parallel Aware": true,
                                        "Relation Name": "movie_keyword",
                                        "Schema": "public",
                                        "Alias": "mk",
                                        "Startup Cost": 0.0,
                                        "Total Cost": 42695.65,
                                        "Plan Rows": 285047,
                                        "Plan Width": 4,
                                        "Actual Startup Time": 1.546,
                                        "Actual Total Time": 109.83,
                                        "Actual Rows": 216004,
                                        "Actual Loops": 4,
                                        "Output": [
                                            "mk.id",
                                            "mk.movie_id",
                                            "mk.keyword_id"
                                        ],
                                        "Filter": "(mk.keyword_id > 21304)",
                                        "Rows Removed by Filter": 914978,
                                        "Workers": [
                                            {
                                                "Worker Number": 0,
                                                "Actual Startup Time": 1.583,
                                                "Actual Total Time": 111.726,
                                                "Actual Rows": 210784,
                                                "Actual Loops": 1
                                            },
                                            {
                                                "Worker Number": 1,
                                                "Actual Startup Time": 1.566,
                                                "Actual Total Time": 111.918,
                                                "Actual Rows": 226821,
                                                "Actual Loops": 1
                                            },
                                            {
                                                "Worker Number": 2,
                                                "Actual Startup Time": 1.471,
                                                "Actual Total Time": 111.469,
                                                "Actual Rows": 225239,
                                                "Actual Loops": 1
                                            }
                                        ]
                                    },
                                    {
                                        "Node Type": "Hash",
                                        "Parent Relationship": "Inner",
                                        "Parallel Aware": true,
                                        "Startup Cost": 43899.01,
                                        "Total Cost": 43899.01,
                                        "Plan Rows": 464242,
                                        "Plan Width": 4,
                                        "Actual Startup Time": 282.719,
                                        "Actual Total Time": 282.721,
                                        "Actual Rows": 466372,
                                        "Actual Loops": 4,
                                        "Output": [
                                            "t.id"
                                        ],
                                        "Hash Buckets": 2097152,
                                        "Original Hash Buckets": 2097152,
                                        "Hash Batches": 1,
                                        "Original Hash Batches": 1,
                                        "Peak Memory Usage": 89408,
                                        "Workers": [
                                            {
                                                "Worker Number": 0,
                                                "Actual Startup Time": 285.965,
                                                "Actual Total Time": 285.966,
                                                "Actual Rows": 429681,
                                                "Actual Loops": 1
                                            },
                                            {
                                                "Worker Number": 1,
                                                "Actual Startup Time": 285.961,
                                                "Actual Total Time": 285.961,
                                                "Actual Rows": 489735,
                                                "Actual Loops": 1
                                            },
                                            {
                                                "Worker Number": 2,
                                                "Actual Startup Time": 285.928,
                                                "Actual Total Time": 285.929,
                                                "Actual Rows": 489036,
                                                "Actual Loops": 1
                                            }
                                        ],
                                        "Plans": [
                                            {
                                                "Node Type": "Seq Scan",
                                                "Parent Relationship": "Outer",
                                                "Parallel Aware": true,
                                                "Relation Name": "title",
                                                "Schema": "public",
                                                "Alias": "t",
                                                "Startup Cost": 0.0,
                                                "Total Cost": 43899.01,
                                                "Plan Rows": 464242,
                                                "Plan Width": 4,
                                                "Actual Startup Time": 0.058,
                                                "Actual Total Time": 115.636,
                                                "Actual Rows": 466372,
                                                "Actual Loops": 4,
                                                "Output": [
                                                    "t.id"
                                                ],
                                                "Filter": "(t.kind_id > 1)",
                                                "Rows Removed by Filter": 165706,
                                                "Workers": [
                                                    {
                                                        "Worker Number": 0,
                                                        "Actual Startup Time": 0.073,
                                                        "Actual Total Time": 116.985,
                                                        "Actual Rows": 429681,
                                                        "Actual Loops": 1
                                                    },
                                                    {
                                                        "Worker Number": 1,
                                                        "Actual Startup Time": 0.064,
                                                        "Actual Total Time": 119.66,
                                                        "Actual Rows": 489735,
                                                        "Actual Loops": 1
                                                    },
                                                    {
                                                        "Worker Number": 2,
                                                        "Actual Startup Time": 0.073,
                                                        "Actual Total Time": 119.705,
                                                        "Actual Rows": 489036,
                                                        "Actual Loops": 1
                                                    }
                                                ]
                                            }
                                        ]
                                    }
                                ]
                            }
                        ]
                    }
                ]
            }
        ]
    },
    "Planning Time": 0.674,
    "Triggers": [],
    "Execution Time": 492.423
}