[
  {
    "Plan": {
      "Node Type": "Aggregate",
      "Strategy": "Plain",
      "Partial Mode": "Finalize",
      "Parallel Aware": false,
      "Startup Cost": 88806.99,
      "Total Cost": 88807.0,
      "Plan Rows": 1,
      "Plan Width": 8,
      "Actual Startup Time": 514.364,
      "Actual Total Time": 538.298,
      "Actual Rows": 1,
      "Actual Loops": 1,
      "Plans": [
        {
          "Node Type": "Gather",
          "Parent Relationship": "Outer",
          "Parallel Aware": false,
          "Startup Cost": 88806.67,
          "Total Cost": 88806.98,
          "Plan Rows": 3,
          "Plan Width": 8,
          "Actual Startup Time": 499.246,
          "Actual Total Time": 538.289,
          "Actual Rows": 4,
          "Actual Loops": 1,
          "Workers Planned": 3,
          "Workers Launched": 3,
          "Single Copy": false,
          "Plans": [
            {
              "Node Type": "Aggregate",
              "Strategy": "Plain",
              "Partial Mode": "Partial",
              "Parent Relationship": "Outer",
              "Parallel Aware": false,
              "Startup Cost": 87806.67,
              "Total Cost": 87806.68,
              "Plan Rows": 1,
              "Plan Width": 8,
              "Actual Startup Time": 482.163,
              "Actual Total Time": 482.167,
              "Actual Rows": 1,
              "Actual Loops": 4,
              "Plans": [
                {
                  "Node Type": "Nested Loop",
                  "Parent Relationship": "Outer",
                  "Parallel Aware": false,
                  "Join Type": "Inner",
                  "Startup Cost": 51461.97,
                  "Total Cost": 87757.97,
                  "Plan Rows": 19478,
                  "Plan Width": 0,
                  "Actual Startup Time": 356.561,
                  "Actual Total Time": 478.441,
                  "Actual Rows": 64712,
                  "Actual Loops": 4,
                  "Inner Unique": false,
                  "Plans": [
                    {
                      "Node Type": "Hash Join",
                      "Parent Relationship": "Outer",
                      "Parallel Aware": true,
                      "Join Type": "Inner",
                      "Startup Cost": 51461.54,
                      "Total Cost": 76201.02,
                      "Plan Rows": 18875,
                      "Plan Width": 8,
                      "Actual Startup Time": 356.469,
                      "Actual Total Time": 395.483,
                      "Actual Rows": 14401,
                      "Actual Loops": 4,
                      "Inner Unique": true,
                      "Hash Cond": "(mk.movie_id = t.id)",
                      "Plans": [
                        {
                          "Node Type": "Bitmap Heap Scan",
                          "Parent Relationship": "Outer",
                          "Parallel Aware": true,
                          "Relation Name": "movie_keyword",
                          "Alias": "mk",
                          "Startup Cost": 1241.89,
                          "Total Cost": 25931.82,
                          "Plan Rows": 18875,
                          "Plan Width": 4,
                          "Actual Startup Time": 6.853,
                          "Actual Total Time": 30.333,
                          "Actual Rows": 14401,
                          "Actual Loops": 4,
                          "Recheck Cond": "(keyword_id < 56)",
                          "Rows Removed by Index Recheck": 0,
                          "Exact Heap Blocks": 6547,
                          "Lossy Heap Blocks": 0,
                          "Plans": [
                            {
                              "Node Type": "Bitmap Index Scan",
                              "Parent Relationship": "Outer",
                              "Parallel Aware": false,
                              "Index Name": "keyword_id_movie_keyword",
                              "Startup Cost": 0.0,
                              "Total Cost": 1227.26,
                              "Plan Rows": 58511,
                              "Plan Width": 0,
                              "Actual Startup Time": 4.319,
                              "Actual Total Time": 4.319,
                              "Actual Rows": 57603,
                              "Actual Loops": 1,
                              "Index Cond": "(keyword_id < 56)"
                            }
                          ]
                        },
                        {
                          "Node Type": "Hash",
                          "Parent Relationship": "Inner",
                          "Parallel Aware": true,
                          "Startup Cost": 42318.73,
                          "Total Cost": 42318.73,
                          "Plan Rows": 632073,
                          "Plan Width": 4,
                          "Actual Startup Time": 338.961,
                          "Actual Total Time": 338.961,
                          "Actual Rows": 632078,
                          "Actual Loops": 4,
                          "Hash Buckets": 4194304,
                          "Original Hash Buckets": 4194304,
                          "Hash Batches": 1,
                          "Original Hash Batches": 1,
                          "Peak Memory Usage": 131776,
                          "Plans": [
                            {
                              "Node Type": "Seq Scan",
                              "Parent Relationship": "Outer",
                              "Parallel Aware": true,
                              "Relation Name": "title",
                              "Alias": "t",
                              "Startup Cost": 0.0,
                              "Total Cost": 42318.73,
                              "Plan Rows": 632073,
                              "Plan Width": 4,
                              "Actual Startup Time": 0.033,
                              "Actual Total Time": 101.213,
                              "Actual Rows": 632078,
                              "Actual Loops": 4
                            }
                          ]
                        }
                      ]
                    },
                    {
                      "Node Type": "Index Only Scan",
                      "Parent Relationship": "Inner",
                      "Parallel Aware": false,
                      "Scan Direction": "Forward",
                      "Index Name": "movie_id_movie_companies",
                      "Relation Name": "movie_companies",
                      "Alias": "mc",
                      "Startup Cost": 0.43,
                      "Total Cost": 0.56,
                      "Plan Rows": 5,
                      "Plan Width": 4,
                      "Actual Startup Time": 0.004,
                      "Actual Total Time": 0.005,
                      "Actual Rows": 4,
                      "Actual Loops": 57603,
                      "Index Cond": "(movie_id = t.id)",
                      "Rows Removed by Index Recheck": 0,
                      "Heap Fetches": 258846
                    }
                  ]
                }
              ]
            }
          ]
        }
      ]
    },
    "Planning Time": 1.188,
    "Triggers": [],
    "Execution Time": 538.388
  }
]