[
  {
    "Plan": {
      "Node Type": "Aggregate",
      "Strategy": "Plain",
      "Partial Mode": "Finalize",
      "Parallel Aware": false,
      "Startup Cost": 440369.26,
      "Total Cost": 440369.27,
      "Plan Rows": 1,
      "Plan Width": 8,
      "Actual Startup Time": 1980.765,
      "Actual Total Time": 2016.025,
      "Actual Rows": 1,
      "Actual Loops": 1,
      "Plans": [
        {
          "Node Type": "Gather",
          "Parent Relationship": "Outer",
          "Parallel Aware": false,
          "Startup Cost": 440368.94,
          "Total Cost": 440369.25,
          "Plan Rows": 3,
          "Plan Width": 8,
          "Actual Startup Time": 1961.986,
          "Actual Total Time": 2016.016,
          "Actual Rows": 4,
          "Actual Loops": 1,
          "Workers Planned": 3,
          "Workers Launched": 3,
          "Single Copy": false,
          "Plans": [
            {
              "Node Type": "Aggregate",
              "Strategy": "Plain",
              "Partial Mode": "Partial",
              "Parent Relationship": "Outer",
              "Parallel Aware": false,
              "Startup Cost": 439368.94,
              "Total Cost": 439368.95,
              "Plan Rows": 1,
              "Plan Width": 8,
              "Actual Startup Time": 1955.981,
              "Actual Total Time": 1956.133,
              "Actual Rows": 1,
              "Actual Loops": 4,
              "Plans": [
                {
                  "Node Type": "Hash Join",
                  "Parent Relationship": "Outer",
                  "Parallel Aware": true,
                  "Join Type": "Inner",
                  "Startup Cost": 391885.64,
                  "Total Cost": 437590.85,
                  "Plan Rows": 711238,
                  "Plan Width": 0,
                  "Actual Startup Time": 1280.262,
                  "Actual Total Time": 1790.836,
                  "Actual Rows": 4128138,
                  "Actual Loops": 4,
                  "Inner Unique": false,
                  "Hash Cond": "(mk.movie_id = t.id)",
                  "Plans": [
                    {
                      "Node Type": "Seq Scan",
                      "Parent Relationship": "Outer",
                      "Parallel Aware": true,
                      "Relation Name": "movie_keyword",
                      "Alias": "mk",
                      "Startup Cost": 0.0,
                      "Total Cost": 39047.32,
                      "Plan Rows": 1459332,
                      "Plan Width": 4,
                      "Actual Startup Time": 0.025,
                      "Actual Total Time": 86.678,
                      "Actual Rows": 1130982,
                      "Actual Loops": 4
                    },
                    {
                      "Node Type": "Hash",
                      "Parent Relationship": "Inner",
                      "Parallel Aware": true,
                      "Startup Cost": 389318.39,
                      "Total Cost": 389318.39,
                      "Plan Rows": 205380,
                      "Plan Width": 8,
                      "Actual Startup Time": 1276.229,
                      "Actual Total Time": 1276.38,
                      "Actual Rows": 657173,
                      "Actual Loops": 4,
                      "Hash Buckets": 4194304,
                      "Original Hash Buckets": 2097152,
                      "Hash Batches": 1,
                      "Original Hash Batches": 1,
                      "Peak Memory Usage": 152064,
                      "Plans": [
                        {
                          "Node Type": "Hash Join",
                          "Parent Relationship": "Outer",
                          "Parallel Aware": true,
                          "Join Type": "Inner",
                          "Startup Cost": 127299.46,
                          "Total Cost": 389318.39,
                          "Plan Rows": 205380,
                          "Plan Width": 8,
                          "Actual Startup Time": 483.211,
                          "Actual Total Time": 983.565,
                          "Actual Rows": 657173,
                          "Actual Loops": 4,
                          "Inner Unique": true,
                          "Hash Cond": "(ci.movie_id = t.id)",
                          "Plans": [
                            {
                              "Node Type": "Bitmap Heap Scan",
                              "Parent Relationship": "Outer",
                              "Parallel Aware": true,
                              "Relation Name": "cast_info",
                              "Alias": "ci",
                              "Startup Cost": 77079.07,
                              "Total Cost": 338558.89,
                              "Plan Rows": 205380,
                              "Plan Width": 4,
                              "Actual Startup Time": 143.277,
                              "Actual Total Time": 312.786,
                              "Actual Rows": 657173,
                              "Actual Loops": 4,
                              "Recheck Cond": "(person_id < 349456)",
                              "Rows Removed by Index Recheck": 0,
                              "Filter": "(role_id < 2)",
                              "Rows Removed by Filter": 255114,
                              "Exact Heap Blocks": 12745,
                              "Lossy Heap Blocks": 0,
                              "Plans": [
                                {
                                  "Node Type": "Bitmap Index Scan",
                                  "Parent Relationship": "Outer",
                                  "Parallel Aware": false,
                                  "Index Name": "person_id_cast_info",
                                  "Startup Cost": 0.0,
                                  "Total Cost": 76771.0,
                                  "Plan Rows": 3517125,
                                  "Plan Width": 0,
                                  "Actual Startup Time": 137.062,
                                  "Actual Total Time": 137.062,
                                  "Actual Rows": 3649146,
                                  "Actual Loops": 1,
                                  "Index Cond": "(person_id < 349456)"
                                }
                              ]
                            },
                            {
                              "Node Type": "Hash",
                              "Parent Relationship": "Inner",
                              "Parallel Aware": true,
                              "Startup Cost": 42319.06,
                              "Total Cost": 42319.06,
                              "Plan Rows": 632106,
                              "Plan Width": 4,
                              "Actual Startup Time": 333.185,
                              "Actual Total Time": 333.187,
                              "Actual Rows": 632078,
                              "Actual Loops": 4,
                              "Hash Buckets": 4194304,
                              "Original Hash Buckets": 4194304,
                              "Hash Batches": 1,
                              "Original Hash Batches": 1,
                              "Peak Memory Usage": 131744,
                              "Plans": [
                                {
                                  "Node Type": "Seq Scan",
                                  "Parent Relationship": "Outer",
                                  "Parallel Aware": true,
                                  "Relation Name": "title",
                                  "Alias": "t",
                                  "Startup Cost": 0.0,
                                  "Total Cost": 42319.06,
                                  "Plan Rows": 632106,
                                  "Plan Width": 4,
                                  "Actual Startup Time": 0.041,
                                  "Actual Total Time": 95.012,
                                  "Actual Rows": 632078,
                                  "Actual Loops": 4
                                }
                              ]
                            }
                          ]
                        }
                      ]
                    }
                  ]
                }
              ]
            }
          ]
        }
      ]
    },
    "Planning Time": 0.452,
    "Triggers": [],
    "Execution Time": 2016.082
  }
]