[
  {
    "Plan": {
      "Node Type": "Aggregate",
      "Strategy": "Plain",
      "Partial Mode": "Finalize",
      "Parallel Aware": false,
      "Startup Cost": 49918.07,
      "Total Cost": 49918.08,
      "Plan Rows": 1,
      "Plan Width": 8,
      "Actual Startup Time": 67.059,
      "Actual Total Time": 77.166,
      "Actual Rows": 1,
      "Actual Loops": 1,
      "Plans": [
        {
          "Node Type": "Gather",
          "Parent Relationship": "Outer",
          "Parallel Aware": false,
          "Startup Cost": 49917.85,
          "Total Cost": 49918.06,
          "Plan Rows": 2,
          "Plan Width": 8,
          "Actual Startup Time": 66.801,
          "Actual Total Time": 77.158,
          "Actual Rows": 3,
          "Actual Loops": 1,
          "Workers Planned": 2,
          "Workers Launched": 2,
          "Single Copy": false,
          "Plans": [
            {
              "Node Type": "Aggregate",
              "Strategy": "Plain",
              "Partial Mode": "Partial",
              "Parent Relationship": "Outer",
              "Parallel Aware": false,
              "Startup Cost": 48917.85,
              "Total Cost": 48917.86,
              "Plan Rows": 1,
              "Plan Width": 8,
              "Actual Startup Time": 57.837,
              "Actual Total Time": 57.84,
              "Actual Rows": 1,
              "Actual Loops": 3,
              "Plans": [
                {
                  "Node Type": "Nested Loop",
                  "Parent Relationship": "Outer",
                  "Parallel Aware": false,
                  "Join Type": "Inner",
                  "Startup Cost": 233.43,
                  "Total Cost": 48917.85,
                  "Plan Rows": 3,
                  "Plan Width": 0,
                  "Actual Startup Time": 31.64,
                  "Actual Total Time": 57.825,
                  "Actual Rows": 55,
                  "Actual Loops": 3,
                  "Inner Unique": false,
                  "Join Filter": "(t.id = mc.movie_id)",
                  "Rows Removed by Join Filter": 0,
                  "Plans": [
                    {
                      "Node Type": "Nested Loop",
                      "Parent Relationship": "Outer",
                      "Parallel Aware": false,
                      "Join Type": "Inner",
                      "Startup Cost": 233.0,
                      "Total Cost": 48825.81,
                      "Plan Rows": 10,
                      "Plan Width": 8,
                      "Actual Startup Time": 31.563,
                      "Actual Total Time": 57.405,
                      "Actual Rows": 9,
                      "Actual Loops": 3,
                      "Inner Unique": true,
                      "Plans": [
                        {
                          "Node Type": "Bitmap Heap Scan",
                          "Parent Relationship": "Outer",
                          "Parallel Aware": true,
                          "Relation Name": "movie_keyword",
                          "Alias": "mk",
                          "Startup Cost": 232.57,
                          "Total Cost": 19762.21,
                          "Plan Rows": 4524,
                          "Plan Width": 4,
                          "Actual Startup Time": 4.041,
                          "Actual Total Time": 19.243,
                          "Actual Rows": 3600,
                          "Actual Loops": 3,
                          "Recheck Cond": "(keyword_id = 347)",
                          "Rows Removed by Index Recheck": 0,
                          "Exact Heap Blocks": 5332,
                          "Lossy Heap Blocks": 0,
                          "Plans": [
                            {
                              "Node Type": "Bitmap Index Scan",
                              "Parent Relationship": "Outer",
                              "Parallel Aware": false,
                              "Index Name": "keyword_id_movie_keyword",
                              "Startup Cost": 0.0,
                              "Total Cost": 229.86,
                              "Plan Rows": 10857,
                              "Plan Width": 0,
                              "Actual Startup Time": 8.024,
                              "Actual Total Time": 8.024,
                              "Actual Rows": 10799,
                              "Actual Loops": 1,
                              "Index Cond": "(keyword_id = 347)"
                            }
                          ]
                        },
                        {
                          "Node Type": "Index Scan",
                          "Parent Relationship": "Inner",
                          "Parallel Aware": false,
                          "Scan Direction": "Forward",
                          "Index Name": "title_pkey",
                          "Relation Name": "title",
                          "Alias": "t",
                          "Startup Cost": 0.43,
                          "Total Cost": 6.42,
                          "Plan Rows": 1,
                          "Plan Width": 4,
                          "Actual Startup Time": 0.01,
                          "Actual Total Time": 0.01,
                          "Actual Rows": 0,
                          "Actual Loops": 10799,
                          "Index Cond": "(id = mk.movie_id)",
                          "Rows Removed by Index Recheck": 0,
                          "Filter": "((kind_id < 7) AND (production_year = 1970))",
                          "Rows Removed by Filter": 1
                        }
                      ]
                    },
                    {
                      "Node Type": "Index Scan",
                      "Parent Relationship": "Inner",
                      "Parallel Aware": false,
                      "Scan Direction": "Forward",
                      "Index Name": "movie_id_movie_companies",
                      "Relation Name": "movie_companies",
                      "Alias": "mc",
                      "Startup Cost": 0.43,
                      "Total Cost": 9.18,
                      "Plan Rows": 2,
                      "Plan Width": 4,
                      "Actual Startup Time": 0.033,
                      "Actual Total Time": 0.044,
                      "Actual Rows": 6,
                      "Actual Loops": 27,
                      "Index Cond": "(movie_id = mk.movie_id)",
                      "Rows Removed by Index Recheck": 0,
                      "Filter": "((company_id < 15121) AND (company_type_id = 1))",
                      "Rows Removed by Filter": 3
                    }
                  ]
                }
              ]
            }
          ]
        }
      ]
    },
    "Planning Time": 1.57,
    "Triggers": [],
    "Execution Time": 77.282
  }
]