[
  {
    "Plan": {
      "Node Type": "Aggregate",
      "Strategy": "Plain",
      "Partial Mode": "Finalize",
      "Parallel Aware": false,
      "Startup Cost": 46483.24,
      "Total Cost": 46483.25,
      "Plan Rows": 1,
      "Plan Width": 8,
      "Actual Startup Time": 81.596,
      "Actual Total Time": 91.115,
      "Actual Rows": 1,
      "Actual Loops": 1,
      "Plans": [
        {
          "Node Type": "Gather",
          "Parent Relationship": "Outer",
          "Parallel Aware": false,
          "Startup Cost": 46482.82,
          "Total Cost": 46483.23,
          "Plan Rows": 4,
          "Plan Width": 8,
          "Actual Startup Time": 81.443,
          "Actual Total Time": 91.105,
          "Actual Rows": 5,
          "Actual Loops": 1,
          "Workers Planned": 4,
          "Workers Launched": 4,
          "Single Copy": false,
          "Plans": [
            {
              "Node Type": "Aggregate",
              "Strategy": "Plain",
              "Partial Mode": "Partial",
              "Parent Relationship": "Outer",
              "Parallel Aware": false,
              "Startup Cost": 45482.82,
              "Total Cost": 45482.83,
              "Plan Rows": 1,
              "Plan Width": 8,
              "Actual Startup Time": 76.406,
              "Actual Total Time": 76.407,
              "Actual Rows": 1,
              "Actual Loops": 5,
              "Plans": [
                {
                  "Node Type": "Seq Scan",
                  "Parent Relationship": "Outer",
                  "Parallel Aware": true,
                  "Relation Name": "title",
                  "Alias": "t",
                  "Startup Cost": 0.0,
                  "Total Cost": 45479.1,
                  "Plan Rows": 1487,
                  "Plan Width": 0,
                  "Actual Startup Time": 1.353,
                  "Actual Total Time": 76.266,
                  "Actual Rows": 1176,
                  "Actual Loops": 5,
                  "Filter": "((kind_id < 7) AND (production_year = 1973))",
                  "Rows Removed by Filter": 504487
                }
              ]
            }
          ]
        }
      ]
    },
    "Planning Time": 0.161,
    "Triggers": [],
    "Execution Time": 91.168
  }
]