[
  {
    "Plan": {
      "Node Type": "Aggregate",
      "Strategy": "Plain",
      "Partial Mode": "Finalize",
      "Parallel Aware": false,
      "Startup Cost": 31065.04,
      "Total Cost": 31065.05,
      "Plan Rows": 1,
      "Plan Width": 8,
      "Actual Startup Time": 93.29,
      "Actual Total Time": 101.037,
      "Actual Rows": 1,
      "Actual Loops": 1,
      "Plans": [
        {
          "Node Type": "Gather",
          "Parent Relationship": "Outer",
          "Parallel Aware": false,
          "Startup Cost": 31064.73,
          "Total Cost": 31065.04,
          "Plan Rows": 3,
          "Plan Width": 8,
          "Actual Startup Time": 93.113,
          "Actual Total Time": 101.029,
          "Actual Rows": 4,
          "Actual Loops": 1,
          "Workers Planned": 3,
          "Workers Launched": 3,
          "Single Copy": false,
          "Plans": [
            {
              "Node Type": "Aggregate",
              "Strategy": "Plain",
              "Partial Mode": "Partial",
              "Parent Relationship": "Outer",
              "Parallel Aware": false,
              "Startup Cost": 30064.73,
              "Total Cost": 30064.74,
              "Plan Rows": 1,
              "Plan Width": 8,
              "Actual Startup Time": 87.289,
              "Actual Total Time": 87.29,
              "Actual Rows": 1,
              "Actual Loops": 4,
              "Plans": [
                {
                  "Node Type": "Seq Scan",
                  "Parent Relationship": "Outer",
                  "Parallel Aware": true,
                  "Relation Name": "movie_companies",
                  "Alias": "mc",
                  "Startup Cost": 0.0,
                  "Total Cost": 29310.68,
                  "Plan Rows": 301618,
                  "Plan Width": 0,
                  "Actual Startup Time": 0.035,
                  "Actual Total Time": 73.483,
                  "Actual Rows": 233736,
                  "Actual Loops": 4,
                  "Filter": "(company_id < 3401)",
                  "Rows Removed by Filter": 418547
                }
              ]
            }
          ]
        }
      ]
    },
    "Planning Time": 0.162,
    "Triggers": [],
    "Execution Time": 101.085
  }
]