[
  {
    "Plan": {
      "Node Type": "Aggregate",
      "Strategy": "Plain",
      "Partial Mode": "Simple",
      "Parallel Aware": false,
      "Startup Cost": 12445.96,
      "Total Cost": 12445.97,
      "Plan Rows": 1,
      "Plan Width": 8,
      "Actual Startup Time": 2.798,
      "Actual Total Time": 2.799,
      "Actual Rows": 1,
      "Actual Loops": 1,
      "Plans": [
        {
          "Node Type": "Bitmap Heap Scan",
          "Parent Relationship": "Outer",
          "Parallel Aware": false,
          "Relation Name": "movie_companies",
          "Alias": "mc",
          "Startup Cost": 124.18,
          "Total Cost": 12438.94,
          "Plan Rows": 2807,
          "Plan Width": 0,
          "Actual Startup Time": 0.388,
          "Actual Total Time": 2.531,
          "Actual Rows": 5156,
          "Actual Loops": 1,
          "Recheck Cond": "(company_id = 49)",
          "Rows Removed by Index Recheck": 0,
          "Filter": "(company_type_id < 2)",
          "Rows Removed by Filter": 10,
          "Exact Heap Blocks": 934,
          "Lossy Heap Blocks": 0,
          "Plans": [
            {
              "Node Type": "Bitmap Index Scan",
              "Parent Relationship": "Outer",
              "Parallel Aware": false,
              "Index Name": "company_id_movie_companies",
              "Startup Cost": 0.0,
              "Total Cost": 123.48,
              "Plan Rows": 5740,
              "Plan Width": 0,
              "Actual Startup Time": 0.297,
              "Actual Total Time": 0.297,
              "Actual Rows": 5166,
              "Actual Loops": 1,
              "Index Cond": "(company_id = 49)"
            }
          ]
        }
      ]
    },
    "Planning Time": 0.205,
    "Triggers": [],
    "Execution Time": 2.859
  }
]