{
  "Plan": {
    "Node Type": "Aggregate",
    "Strategy": "Plain",
    "Partial Mode": "Finalize",
    "Parallel Aware": false,
    "Startup Cost": 336648.59,
    "Total Cost": 336648.6,
    "Plan Rows": 1,
    "Plan Width": 8,
    "Actual Startup Time": 1009.284,
    "Actual Total Time": 1034.869,
    "Actual Rows": 1,
    "Actual Loops": 1,
    "Plans": [
      {
        "Node Type": "Gather",
        "Parent Relationship": "Outer",
        "Parallel Aware": false,
        "Startup Cost": 336648.48,
        "Total Cost": 336648.59,
        "Plan Rows": 1,
        "Plan Width": 8,
        "Actual Startup Time": 1005.945,
        "Actual Total Time": 1034.861,
        "Actual Rows": 2,
        "Actual Loops": 1,
        "Workers Planned": 1,
        "Workers Launched": 1,
        "Single Copy": false,
        "Plans": [
          {
            "Node Type": "Aggregate",
            "Strategy": "Plain",
            "Partial Mode": "Partial",
            "Parent Relationship": "Outer",
            "Parallel Aware": false,
            "Startup Cost": 335648.48,
            "Total Cost": 335648.49,
            "Plan Rows": 1,
            "Plan Width": 8,
            "Actual Startup Time": 1000.789,
            "Actual Total Time": 1000.795,
            "Actual Rows": 1,
            "Actual Loops": 2,
            "Plans": [
              {
                "Node Type": "Hash Join",
                "Parent Relationship": "Outer",
                "Parallel Aware": true,
                "Join Type": "Inner",
                "Startup Cost": 268731.5,
                "Total Cost": 333897.07,
                "Plan Rows": 700562,
                "Plan Width": 0,
                "Actual Startup Time": 656.906,
                "Actual Total Time": 990.682,
                "Actual Rows": 249060,
                "Actual Loops": 2,
                "Inner Unique": false,
                "Hash Cond": "(mk.movie_id = t.id)",
                "Plans": [
                  {
                    "Node Type": "Seq Scan",
                    "Parent Relationship": "Outer",
                    "Parallel Aware": true,
                    "Relation Name": "movie_keyword",
                    "Alias": "mk",
                    "Startup Cost": 0.0,
                    "Total Cost": 51065.35,
                    "Plan Rows": 2661135,
                    "Plan Width": 4,
                    "Actual Startup Time": 0.02,
                    "Actual Total Time": 150.683,
                    "Actual Rows": 2261965,
                    "Actual Loops": 2
                  },
                  {
                    "Node Type": "Hash",
                    "Parent Relationship": "Inner",
                    "Parallel Aware": true,
                    "Startup Cost": 263837.45,
                    "Total Cost": 263837.45,
                    "Plan Rows": 391524,
                    "Plan Width": 8,
                    "Actual Startup Time": 647.838,
                    "Actual Total Time": 647.843,
                    "Actual Rows": 65762,
                    "Actual Loops": 2,
                    "Hash Buckets": 1048576,
                    "Original Hash Buckets": 1048576,
                    "Hash Batches": 1,
                    "Original Hash Batches": 1,
                    "Peak Memory Usage": 13376,
                    "Plans": [
                      {
                        "Node Type": "Hash Join",
                        "Parent Relationship": "Outer",
                        "Parallel Aware": true,
                        "Join Type": "Inner",
                        "Startup Cost": 90782.69,
                        "Total Cost": 263837.45,
                        "Plan Rows": 391524,
                        "Plan Width": 8,
                        "Actual Startup Time": 406.888,
                        "Actual Total Time": 625.54,
                        "Actual Rows": 65762,
                        "Actual Loops": 2,
                        "Inner Unique": true,
                        "Hash Cond": "(mi.movie_id = t.id)",
                        "Plans": [
                          {
                            "Node Type": "Bitmap Heap Scan",
                            "Parent Relationship": "Outer",
                            "Parallel Aware": true,
                            "Relation Name": "movie_info",
                            "Alias": "mi",
                            "Startup Cost": 22524.06,
                            "Total Cost": 193659.01,
                            "Plan Rows": 731356,
                            "Plan Width": 4,
                            "Actual Startup Time": 47.24,
                            "Actual Total Time": 144.807,
                            "Actual Rows": 602354,
                            "Actual Loops": 2,
                            "Recheck Cond": "(info_type_id > 18)",
                            "Rows Removed by Index Recheck": 0,
                            "Exact Heap Blocks": 19627,
                            "Lossy Heap Blocks": 0,
                            "Plans": [
                              {
                                "Node Type": "Bitmap Index Scan",
                                "Parent Relationship": "Outer",
                                "Parallel Aware": false,
                                "Index Name": "info_type_id_movie_info",
                                "Startup Cost": 0.0,
                                "Total Cost": 22213.23,
                                "Plan Rows": 1243306,
                                "Plan Width": 0,
                                "Actual Startup Time": 41.709,
                                "Actual Total Time": 41.709,
                                "Actual Rows": 1204709,
                                "Actual Loops": 1,
                                "Index Cond": "(info_type_id > 18)"
                              }
                            ]
                          },
                          {
                            "Node Type": "Hash",
                            "Parent Relationship": "Inner",
                            "Parallel Aware": true,
                            "Startup Cost": 58306.47,
                            "Total Cost": 58306.47,
                            "Plan Rows": 796173,
                            "Plan Width": 4,
                            "Actual Startup Time": 343.74,
                            "Actual Total Time": 343.741,
                            "Actual Rows": 663890,
                            "Actual Loops": 2,
                            "Hash Buckets": 2097152,
                            "Original Hash Buckets": 2097152,
                            "Hash Batches": 1,
                            "Original Hash Batches": 1,
                            "Peak Memory Usage": 68352,
                            "Plans": [
                              {
                                "Node Type": "Seq Scan",
                                "Parent Relationship": "Outer",
                                "Parallel Aware": true,
                                "Relation Name": "title",
                                "Alias": "t",
                                "Startup Cost": 0.0,
                                "Total Cost": 58306.47,
                                "Plan Rows": 796173,
                                "Plan Width": 4,
                                "Actual Startup Time": 0.029,
                                "Actual Total Time": 168.163,
                                "Actual Rows": 663890,
                                "Actual Loops": 2,
                                "Filter": "((production_year < 2012) AND (kind_id = 7))",
                                "Rows Removed by Filter": 600266
                              }
                            ]
                          }
                        ]
                      }
                    ]
                  }
                ]
              }
            ]
          }
        ]
      }
    ]
  },
  "Planning Time": 1.094,
  "Triggers": [],
  "Execution Time": 1034.974
}