[
  {
    "Plan": {
      "Node Type": "Aggregate",
      "Strategy": "Plain",
      "Partial Mode": "Finalize",
      "Parallel Aware": false,
      "Startup Cost": 109594.98,
      "Total Cost": 109594.99,
      "Plan Rows": 1,
      "Plan Width": 8,
      "Actual Startup Time": 172.274,
      "Actual Total Time": 188.234,
      "Actual Rows": 1,
      "Actual Loops": 1,
      "Plans": [
        {
          "Node Type": "Gather",
          "Parent Relationship": "Outer",
          "Parallel Aware": false,
          "Startup Cost": 109594.46,
          "Total Cost": 109594.97,
          "Plan Rows": 5,
          "Plan Width": 8,
          "Actual Startup Time": 172.168,
          "Actual Total Time": 188.22,
          "Actual Rows": 6,
          "Actual Loops": 1,
          "Workers Planned": 5,
          "Workers Launched": 5,
          "Single Copy": false,
          "Plans": [
            {
              "Node Type": "Aggregate",
              "Strategy": "Plain",
              "Partial Mode": "Partial",
              "Parent Relationship": "Outer",
              "Parallel Aware": false,
              "Startup Cost": 108594.46,
              "Total Cost": 108594.47,
              "Plan Rows": 1,
              "Plan Width": 8,
              "Actual Startup Time": 165.604,
              "Actual Total Time": 165.605,
              "Actual Rows": 1,
              "Actual Loops": 6,
              "Plans": [
                {
                  "Node Type": "Index Scan",
                  "Parent Relationship": "Outer",
                  "Parallel Aware": true,
                  "Scan Direction": "Forward",
                  "Index Name": "role_id_cast_info",
                  "Relation Name": "cast_info",
                  "Alias": "ci",
                  "Startup Cost": 0.56,
                  "Total Cost": 107159.34,
                  "Plan Rows": 574049,
                  "Plan Width": 0,
                  "Actual Startup Time": 0.095,
                  "Actual Total Time": 148.891,
                  "Actual Rows": 321763,
                  "Actual Loops": 6,
                  "Index Cond": "(role_id = 3)",
                  "Rows Removed by Index Recheck": 0,
                  "Filter": "(person_id < 2741598)",
                  "Rows Removed by Filter": 346243
                }
              ]
            }
          ]
        }
      ]
    },
    "Planning Time": 0.12,
    "Triggers": [],
    "Execution Time": 188.275
  }
]