[
  {
    "Plan": {
      "Node Type": "Aggregate",
      "Strategy": "Plain",
      "Partial Mode": "Finalize",
      "Parallel Aware": false,
      "Startup Cost": 112906.93,
      "Total Cost": 112906.94,
      "Plan Rows": 1,
      "Plan Width": 8,
      "Actual Startup Time": 180.649,
      "Actual Total Time": 191.441,
      "Actual Rows": 1,
      "Actual Loops": 1,
      "Plans": [
        {
          "Node Type": "Gather",
          "Parent Relationship": "Outer",
          "Parallel Aware": false,
          "Startup Cost": 112906.41,
          "Total Cost": 112906.92,
          "Plan Rows": 5,
          "Plan Width": 8,
          "Actual Startup Time": 180.54,
          "Actual Total Time": 191.427,
          "Actual Rows": 6,
          "Actual Loops": 1,
          "Workers Planned": 5,
          "Workers Launched": 5,
          "Single Copy": false,
          "Plans": [
            {
              "Node Type": "Aggregate",
              "Strategy": "Plain",
              "Partial Mode": "Partial",
              "Parent Relationship": "Outer",
              "Parallel Aware": false,
              "Startup Cost": 111906.41,
              "Total Cost": 111906.42,
              "Plan Rows": 1,
              "Plan Width": 8,
              "Actual Startup Time": 171.013,
              "Actual Total Time": 171.014,
              "Actual Rows": 1,
              "Actual Loops": 6,
              "Plans": [
                {
                  "Node Type": "Index Scan",
                  "Parent Relationship": "Outer",
                  "Parallel Aware": true,
                  "Scan Direction": "Forward",
                  "Index Name": "role_id_cast_info",
                  "Relation Name": "cast_info",
                  "Alias": "ci",
                  "Startup Cost": 0.56,
                  "Total Cost": 110428.26,
                  "Plan Rows": 591263,
                  "Plan Width": 0,
                  "Actual Startup Time": 0.224,
                  "Actual Total Time": 153.387,
                  "Actual Rows": 321763,
                  "Actual Loops": 6,
                  "Index Cond": "(role_id = 3)",
                  "Rows Removed by Index Recheck": 0,
                  "Filter": "(person_id < 2741598)",
                  "Rows Removed by Filter": 346243
                }
              ]
            }
          ]
        }
      ]
    },
    "Planning Time": 0.302,
    "Triggers": [],
    "Execution Time": 191.514
  }
]