{
  "Plan": {
    "Node Type": "Aggregate",
    "Strategy": "Plain",
    "Partial Mode": "Finalize",
    "Parallel Aware": false,
    "Startup Cost": 812419.17,
    "Total Cost": 812419.18,
    "Plan Rows": 1,
    "Plan Width": 8,
    "Actual Startup Time": 6069.136,
    "Actual Total Time": 6137.716,
    "Actual Rows": 1,
    "Actual Loops": 1,
    "Plans": [
      {
        "Node Type": "Gather",
        "Parent Relationship": "Outer",
        "Parallel Aware": false,
        "Startup Cost": 812419.06,
        "Total Cost": 812419.17,
        "Plan Rows": 1,
        "Plan Width": 8,
        "Actual Startup Time": 6063.607,
        "Actual Total Time": 6137.708,
        "Actual Rows": 2,
        "Actual Loops": 1,
        "Workers Planned": 1,
        "Workers Launched": 1,
        "Single Copy": false,
        "Plans": [
          {
            "Node Type": "Aggregate",
            "Strategy": "Plain",
            "Partial Mode": "Partial",
            "Parent Relationship": "Outer",
            "Parallel Aware": false,
            "Startup Cost": 811419.06,
            "Total Cost": 811419.07,
            "Plan Rows": 1,
            "Plan Width": 8,
            "Actual Startup Time": 6060.223,
            "Actual Total Time": 6060.23,
            "Actual Rows": 1,
            "Actual Loops": 2,
            "Plans": [
              {
                "Node Type": "Hash Join",
                "Parent Relationship": "Outer",
                "Parallel Aware": true,
                "Join Type": "Inner",
                "Startup Cost": 243811.29,
                "Total Cost": 804887.46,
                "Plan Rows": 2612639,
                "Plan Width": 0,
                "Actual Startup Time": 639.333,
                "Actual Total Time": 5388.351,
                "Actual Rows": 17300940,
                "Actual Loops": 2,
                "Inner Unique": false,
                "Hash Cond": "(ci.movie_id = t.id)",
                "Plans": [
                  {
                    "Node Type": "Seq Scan",
                    "Parent Relationship": "Outer",
                    "Parallel Aware": true,
                    "Relation Name": "cast_info",
                    "Alias": "ci",
                    "Startup Cost": 0.0,
                    "Total Cost": 465792.95,
                    "Plan Rows": 21310595,
                    "Plan Width": 4,
                    "Actual Startup Time": 0.019,
                    "Actual Total Time": 1364.506,
                    "Actual Rows": 18122172,
                    "Actual Loops": 2
                  },
                  {
                    "Node Type": "Hash",
                    "Parent Relationship": "Inner",
                    "Parallel Aware": true,
                    "Startup Cost": 241532.14,
                    "Total Cost": 241532.14,
                    "Plan Rows": 182332,
                    "Plan Width": 8,
                    "Actual Startup Time": 634.816,
                    "Actual Total Time": 634.821,
                    "Actual Rows": 153394,
                    "Actual Loops": 2,
                    "Hash Buckets": 524288,
                    "Original Hash Buckets": 524288,
                    "Hash Batches": 1,
                    "Original Hash Batches": 1,
                    "Peak Memory Usage": 16128,
                    "Plans": [
                      {
                        "Node Type": "Hash Join",
                        "Parent Relationship": "Outer",
                        "Parallel Aware": true,
                        "Join Type": "Inner",
                        "Startup Cost": 75079.36,
                        "Total Cost": 241532.14,
                        "Plan Rows": 182332,
                        "Plan Width": 8,
                        "Actual Startup Time": 557.719,
                        "Actual Total Time": 606.59,
                        "Actual Rows": 153394,
                        "Actual Loops": 2,
                        "Inner Unique": true,
                        "Hash Cond": "(mi.movie_id = t.id)",
                        "Plans": [
                          {
                            "Node Type": "Bitmap Heap Scan",
                            "Parent Relationship": "Outer",
                            "Parallel Aware": true,
                            "Relation Name": "movie_info",
                            "Alias": "mi",
                            "Startup Cost": 5618.66,
                            "Total Cost": 171592.82,
                            "Plan Rows": 182332,
                            "Plan Width": 4,
                            "Actual Startup Time": 9.507,
                            "Actual Total Time": 28.743,
                            "Actual Rows": 153394,
                            "Actual Loops": 2,
                            "Recheck Cond": "(info_type_id > 105)",
                            "Rows Removed by Index Recheck": 0,
                            "Exact Heap Blocks": 2799,
                            "Lossy Heap Blocks": 0,
                            "Plans": [
                              {
                                "Node Type": "Bitmap Index Scan",
                                "Parent Relationship": "Outer",
                                "Parallel Aware": false,
                                "Index Name": "info_type_id_movie_info",
                                "Startup Cost": 0.0,
                                "Total Cost": 5541.16,
                                "Plan Rows": 309964,
                                "Plan Width": 0,
                                "Actual Startup Time": 8.879,
                                "Actual Total Time": 8.879,
                                "Actual Rows": 306788,
                                "Actual Loops": 1,
                                "Index Cond": "(info_type_id > 105)"
                              }
                            ]
                          },
                          {
                            "Node Type": "Hash",
                            "Parent Relationship": "Inner",
                            "Parallel Aware": true,
                            "Startup Cost": 50870.31,
                            "Total Cost": 50870.31,
                            "Plan Rows": 1487231,
                            "Plan Width": 4,
                            "Actual Startup Time": 531.988,
                            "Actual Total Time": 531.989,
                            "Actual Rows": 1264156,
                            "Actual Loops": 2,
                            "Hash Buckets": 4194304,
                            "Original Hash Buckets": 4194304,
                            "Hash Batches": 1,
                            "Original Hash Batches": 1,
                            "Peak Memory Usage": 131712,
                            "Plans": [
                              {
                                "Node Type": "Seq Scan",
                                "Parent Relationship": "Outer",
                                "Parallel Aware": true,
                                "Relation Name": "title",
                                "Alias": "t",
                                "Startup Cost": 0.0,
                                "Total Cost": 50870.31,
                                "Plan Rows": 1487231,
                                "Plan Width": 4,
                                "Actual Startup Time": 0.029,
                                "Actual Total Time": 145.968,
                                "Actual Rows": 1264156,
                                "Actual Loops": 2
                              }
                            ]
                          }
                        ]
                      }
                    ]
                  }
                ]
              }
            ]
          }
        ]
      }
    ]
  },
  "Planning Time": 0.666,
  "Triggers": [],
  "Execution Time": 6137.803
}