[
  {
    "Plan": {
      "Node Type": "Aggregate",
      "Strategy": "Plain",
      "Partial Mode": "Finalize",
      "Parallel Aware": false,
      "Startup Cost": 119793.02,
      "Total Cost": 119793.03,
      "Plan Rows": 1,
      "Plan Width": 8,
      "Actual Startup Time": 194.534,
      "Actual Total Time": 209.3,
      "Actual Rows": 1,
      "Actual Loops": 1,
      "Plans": [
        {
          "Node Type": "Gather",
          "Parent Relationship": "Outer",
          "Parallel Aware": false,
          "Startup Cost": 119792.5,
          "Total Cost": 119793.01,
          "Plan Rows": 5,
          "Plan Width": 8,
          "Actual Startup Time": 194.395,
          "Actual Total Time": 209.282,
          "Actual Rows": 6,
          "Actual Loops": 1,
          "Workers Planned": 5,
          "Workers Launched": 5,
          "Single Copy": false,
          "Plans": [
            {
              "Node Type": "Aggregate",
              "Strategy": "Plain",
              "Partial Mode": "Partial",
              "Parent Relationship": "Outer",
              "Parallel Aware": false,
              "Startup Cost": 118792.5,
              "Total Cost": 118792.51,
              "Plan Rows": 1,
              "Plan Width": 8,
              "Actual Startup Time": 183.888,
              "Actual Total Time": 183.89,
              "Actual Rows": 1,
              "Actual Loops": 6,
              "Plans": [
                {
                  "Node Type": "Index Scan",
                  "Parent Relationship": "Outer",
                  "Parallel Aware": true,
                  "Scan Direction": "Forward",
                  "Index Name": "role_id_cast_info",
                  "Relation Name": "cast_info",
                  "Alias": "ci",
                  "Startup Cost": 0.56,
                  "Total Cost": 118067.1,
                  "Plan Rows": 290159,
                  "Plan Width": 0,
                  "Actual Startup Time": 0.268,
                  "Actual Total Time": 178.52,
                  "Actual Rows": 79796,
                  "Actual Loops": 6,
                  "Index Cond": "(role_id = 10)",
                  "Rows Removed by Index Recheck": 0,
                  "Filter": "(person_id < 1209261)",
                  "Rows Removed by Filter": 640707
                }
              ]
            }
          ]
        }
      ]
    },
    "Planning Time": 0.164,
    "Triggers": [],
    "Execution Time": 209.356
  }
]