[
  {
    "Plan": {
      "Node Type": "Aggregate",
      "Strategy": "Plain",
      "Partial Mode": "Finalize",
      "Parallel Aware": false,
      "Startup Cost": 68284.05,
      "Total Cost": 68284.06,
      "Plan Rows": 1,
      "Plan Width": 8,
      "Actual Startup Time": 109.263,
      "Actual Total Time": 123.16,
      "Actual Rows": 1,
      "Actual Loops": 1,
      "Plans": [
        {
          "Node Type": "Gather",
          "Parent Relationship": "Outer",
          "Parallel Aware": false,
          "Startup Cost": 68283.63,
          "Total Cost": 68284.04,
          "Plan Rows": 4,
          "Plan Width": 8,
          "Actual Startup Time": 109.14,
          "Actual Total Time": 123.152,
          "Actual Rows": 5,
          "Actual Loops": 1,
          "Workers Planned": 4,
          "Workers Launched": 4,
          "Single Copy": false,
          "Plans": [
            {
              "Node Type": "Aggregate",
              "Strategy": "Plain",
              "Partial Mode": "Partial",
              "Parent Relationship": "Outer",
              "Parallel Aware": false,
              "Startup Cost": 67283.63,
              "Total Cost": 67283.64,
              "Plan Rows": 1,
              "Plan Width": 8,
              "Actual Startup Time": 99.62,
              "Actual Total Time": 99.621,
              "Actual Rows": 1,
              "Actual Loops": 5,
              "Plans": [
                {
                  "Node Type": "Nested Loop",
                  "Parent Relationship": "Outer",
                  "Parallel Aware": false,
                  "Join Type": "Inner",
                  "Startup Cost": 0.43,
                  "Total Cost": 67276.69,
                  "Plan Rows": 2775,
                  "Plan Width": 0,
                  "Actual Startup Time": 2.292,
                  "Actual Total Time": 99.535,
                  "Actual Rows": 884,
                  "Actual Loops": 5,
                  "Inner Unique": false,
                  "Plans": [
                    {
                      "Node Type": "Seq Scan",
                      "Parent Relationship": "Outer",
                      "Parallel Aware": true,
                      "Relation Name": "title",
                      "Alias": "t",
                      "Startup Cost": 0.0,
                      "Total Cost": 45479.1,
                      "Plan Rows": 2704,
                      "Plan Width": 4,
                      "Actual Startup Time": 0.091,
                      "Actual Total Time": 85.485,
                      "Actual Rows": 2110,
                      "Actual Loops": 5,
                      "Filter": "((kind_id > 1) AND (production_year = 1967))",
                      "Rows Removed by Filter": 503553
                    },
                    {
                      "Node Type": "Index Scan",
                      "Parent Relationship": "Inner",
                      "Parallel Aware": false,
                      "Scan Direction": "Forward",
                      "Index Name": "movie_id_movie_keyword",
                      "Relation Name": "movie_keyword",
                      "Alias": "mk",
                      "Startup Cost": 0.43,
                      "Total Cost": 7.8,
                      "Plan Rows": 26,
                      "Plan Width": 4,
                      "Actual Startup Time": 0.006,
                      "Actual Total Time": 0.006,
                      "Actual Rows": 0,
                      "Actual Loops": 10548,
                      "Index Cond": "(movie_id = t.id)",
                      "Rows Removed by Index Recheck": 0,
                      "Filter": "(keyword_id > 3322)",
                      "Rows Removed by Filter": 0
                    }
                  ]
                }
              ]
            }
          ]
        }
      ]
    },
    "Planning Time": 0.616,
    "Triggers": [],
    "Execution Time": 123.229
  }
]