[
  {
    "Plan": {
      "Node Type": "Aggregate",
      "Strategy": "Plain",
      "Partial Mode": "Finalize",
      "Parallel Aware": false,
      "Startup Cost": 33067.87,
      "Total Cost": 33067.88,
      "Plan Rows": 1,
      "Plan Width": 8,
      "Actual Startup Time": 120.715,
      "Actual Total Time": 127.881,
      "Actual Rows": 1,
      "Actual Loops": 1,
      "Plans": [
        {
          "Node Type": "Gather",
          "Parent Relationship": "Outer",
          "Parallel Aware": false,
          "Startup Cost": 33067.55,
          "Total Cost": 33067.86,
          "Plan Rows": 3,
          "Plan Width": 8,
          "Actual Startup Time": 120.604,
          "Actual Total Time": 127.871,
          "Actual Rows": 4,
          "Actual Loops": 1,
          "Workers Planned": 3,
          "Workers Launched": 3,
          "Single Copy": false,
          "Plans": [
            {
              "Node Type": "Aggregate",
              "Strategy": "Plain",
              "Partial Mode": "Partial",
              "Parent Relationship": "Outer",
              "Parallel Aware": false,
              "Startup Cost": 32067.55,
              "Total Cost": 32067.56,
              "Plan Rows": 1,
              "Plan Width": 8,
              "Actual Startup Time": 113.464,
              "Actual Total Time": 113.466,
              "Actual Rows": 1,
              "Actual Loops": 4,
              "Plans": [
                {
                  "Node Type": "Seq Scan",
                  "Parent Relationship": "Outer",
                  "Parallel Aware": true,
                  "Relation Name": "movie_companies",
                  "Alias": "mc",
                  "Startup Cost": 0.0,
                  "Total Cost": 31414.82,
                  "Plan Rows": 261092,
                  "Plan Width": 0,
                  "Actual Startup Time": 54.143,
                  "Actual Total Time": 99.33,
                  "Actual Rows": 256977,
                  "Actual Loops": 4,
                  "Filter": "((company_id > 5124) AND (company_type_id > 1))",
                  "Rows Removed by Filter": 395305
                }
              ]
            }
          ]
        }
      ]
    },
    "Planning Time": 0.229,
    "Triggers": [],
    "Execution Time": 127.943
  }
]