[
  {
    "Plan": {
      "Node Type": "Aggregate",
      "Strategy": "Plain",
      "Partial Mode": "Finalize",
      "Parallel Aware": false,
      "Startup Cost": 81347.03,
      "Total Cost": 81347.04,
      "Plan Rows": 1,
      "Plan Width": 8,
      "Actual Startup Time": 294.547,
      "Actual Total Time": 310.296,
      "Actual Rows": 1,
      "Actual Loops": 1,
      "Plans": [
        {
          "Node Type": "Gather",
          "Parent Relationship": "Outer",
          "Parallel Aware": false,
          "Startup Cost": 81346.61,
          "Total Cost": 81347.02,
          "Plan Rows": 4,
          "Plan Width": 8,
          "Actual Startup Time": 292.33,
          "Actual Total Time": 310.288,
          "Actual Rows": 5,
          "Actual Loops": 1,
          "Workers Planned": 4,
          "Workers Launched": 4,
          "Single Copy": false,
          "Plans": [
            {
              "Node Type": "Aggregate",
              "Strategy": "Plain",
              "Partial Mode": "Partial",
              "Parent Relationship": "Outer",
              "Parallel Aware": false,
              "Startup Cost": 80346.61,
              "Total Cost": 80346.62,
              "Plan Rows": 1,
              "Plan Width": 8,
              "Actual Startup Time": 282.404,
              "Actual Total Time": 282.407,
              "Actual Rows": 1,
              "Actual Loops": 5,
              "Plans": [
                {
                  "Node Type": "Hash Join",
                  "Parent Relationship": "Outer",
                  "Parallel Aware": true,
                  "Join Type": "Inner",
                  "Startup Cost": 33962.93,
                  "Total Cost": 79951.65,
                  "Plan Rows": 157983,
                  "Plan Width": 0,
                  "Actual Startup Time": 201.748,
                  "Actual Total Time": 278.833,
                  "Actual Rows": 76774,
                  "Actual Loops": 5,
                  "Inner Unique": false,
                  "Hash Cond": "(t.id = mc.movie_id)",
                  "Plans": [
                    {
                      "Node Type": "Seq Scan",
                      "Parent Relationship": "Outer",
                      "Parallel Aware": true,
                      "Relation Name": "title",
                      "Alias": "t",
                      "Startup Cost": 0.0,
                      "Total Cost": 42318.73,
                      "Plan Rows": 632073,
                      "Plan Width": 4,
                      "Actual Startup Time": 0.012,
                      "Actual Total Time": 67.001,
                      "Actual Rows": 505662,
                      "Actual Loops": 5
                    },
                    {
                      "Node Type": "Hash",
                      "Parent Relationship": "Inner",
                      "Parallel Aware": true,
                      "Startup Cost": 31414.82,
                      "Total Cost": 31414.82,
                      "Plan Rows": 203849,
                      "Plan Width": 4,
                      "Actual Startup Time": 106.287,
                      "Actual Total Time": 106.289,
                      "Actual Rows": 76774,
                      "Actual Loops": 5,
                      "Hash Buckets": 1048576,
                      "Original Hash Buckets": 1048576,
                      "Hash Batches": 1,
                      "Original Hash Batches": 1,
                      "Peak Memory Usage": 23296,
                      "Plans": [
                        {
                          "Node Type": "Seq Scan",
                          "Parent Relationship": "Outer",
                          "Parallel Aware": true,
                          "Relation Name": "movie_companies",
                          "Alias": "mc",
                          "Startup Cost": 0.0,
                          "Total Cost": 31414.82,
                          "Plan Rows": 203849,
                          "Plan Width": 4,
                          "Actual Startup Time": 20.796,
                          "Actual Total Time": 73.568,
                          "Actual Rows": 76774,
                          "Actual Loops": 5,
                          "Filter": "((company_id > 11373) AND (company_type_id < 2))",
                          "Rows Removed by Filter": 445052
                        }
                      ]
                    }
                  ]
                }
              ]
            }
          ]
        }
      ]
    },
    "Planning Time": 0.624,
    "Triggers": [],
    "Execution Time": 310.366
  }
]