[
  {
    "Plan": {
      "Node Type": "Aggregate",
      "Strategy": "Plain",
      "Partial Mode": "Finalize",
      "Parallel Aware": false,
      "Startup Cost": 32821.57,
      "Total Cost": 32821.58,
      "Plan Rows": 1,
      "Plan Width": 8,
      "Actual Startup Time": 85.853,
      "Actual Total Time": 91.222,
      "Actual Rows": 1,
      "Actual Loops": 1,
      "Plans": [
        {
          "Node Type": "Gather",
          "Parent Relationship": "Outer",
          "Parallel Aware": false,
          "Startup Cost": 32821.25,
          "Total Cost": 32821.56,
          "Plan Rows": 3,
          "Plan Width": 8,
          "Actual Startup Time": 85.742,
          "Actual Total Time": 91.214,
          "Actual Rows": 4,
          "Actual Loops": 1,
          "Workers Planned": 3,
          "Workers Launched": 3,
          "Single Copy": false,
          "Plans": [
            {
              "Node Type": "Aggregate",
              "Strategy": "Plain",
              "Partial Mode": "Partial",
              "Parent Relationship": "Outer",
              "Parallel Aware": false,
              "Startup Cost": 31821.25,
              "Total Cost": 31821.26,
              "Plan Rows": 1,
              "Plan Width": 8,
              "Actual Startup Time": 79.202,
              "Actual Total Time": 79.203,
              "Actual Rows": 1,
              "Actual Loops": 4,
              "Plans": [
                {
                  "Node Type": "Seq Scan",
                  "Parent Relationship": "Outer",
                  "Parallel Aware": true,
                  "Relation Name": "movie_companies",
                  "Alias": "mc",
                  "Startup Cost": 0.0,
                  "Total Cost": 31414.82,
                  "Plan Rows": 162574,
                  "Plan Width": 0,
                  "Actual Startup Time": 42.748,
                  "Actual Total Time": 75.238,
                  "Actual Rows": 74136,
                  "Actual Loops": 4,
                  "Filter": "((company_id < 4589) AND (company_type_id > 1))",
                  "Rows Removed by Filter": 578146
                }
              ]
            }
          ]
        }
      ]
    },
    "Planning Time": 0.113,
    "Triggers": [],
    "Execution Time": 91.257
  }
]