{
  "Plan": {
    "Node Type": "Aggregate",
    "Strategy": "Plain",
    "Partial Mode": "Finalize",
    "Parallel Aware": false,
    "Startup Cost": 759638.85,
    "Total Cost": 759638.86,
    "Plan Rows": 1,
    "Plan Width": 8,
    "Actual Startup Time": 8641.217,
    "Actual Total Time": 8697.747,
    "Actual Rows": 1,
    "Actual Loops": 1,
    "Plans": [
      {
        "Node Type": "Gather",
        "Parent Relationship": "Outer",
        "Parallel Aware": false,
        "Startup Cost": 759638.74,
        "Total Cost": 759638.85,
        "Plan Rows": 1,
        "Plan Width": 8,
        "Actual Startup Time": 8638.114,
        "Actual Total Time": 8697.737,
        "Actual Rows": 2,
        "Actual Loops": 1,
        "Workers Planned": 1,
        "Workers Launched": 1,
        "Single Copy": false,
        "Plans": [
          {
            "Node Type": "Aggregate",
            "Strategy": "Plain",
            "Partial Mode": "Partial",
            "Parent Relationship": "Outer",
            "Parallel Aware": false,
            "Startup Cost": 758638.74,
            "Total Cost": 758638.75,
            "Plan Rows": 1,
            "Plan Width": 8,
            "Actual Startup Time": 8632.528,
            "Actual Total Time": 8632.819,
            "Actual Rows": 1,
            "Actual Loops": 2,
            "Plans": [
              {
                "Node Type": "Hash Join",
                "Parent Relationship": "Outer",
                "Parallel Aware": true,
                "Join Type": "Inner",
                "Startup Cost": 128920.35,
                "Total Cost": 747043.55,
                "Plan Rows": 4638076,
                "Plan Width": 0,
                "Actual Startup Time": 898.233,
                "Actual Total Time": 7454.31,
                "Actual Rows": 28243786,
                "Actual Loops": 2,
                "Inner Unique": false,
                "Hash Cond": "(ci.movie_id = t.id)",
                "Plans": [
                  {
                    "Node Type": "Seq Scan",
                    "Parent Relationship": "Outer",
                    "Parallel Aware": true,
                    "Relation Name": "cast_info",
                    "Alias": "ci",
                    "Startup Cost": 0.0,
                    "Total Cost": 519069.44,
                    "Plan Rows": 19138918,
                    "Plan Width": 4,
                    "Actual Startup Time": 97.243,
                    "Actual Total Time": 1667.04,
                    "Actual Rows": 16212662,
                    "Actual Loops": 2,
                    "Filter": "(person_id > 366134)",
                    "Rows Removed by Filter": 1909510
                  },
                  {
                    "Node Type": "Hash",
                    "Parent Relationship": "Inner",
                    "Parallel Aware": true,
                    "Startup Cost": 124415.2,
                    "Total Cost": 124415.2,
                    "Plan Rows": 360412,
                    "Plan Width": 8,
                    "Actual Startup Time": 791.978,
                    "Actual Total Time": 792.267,
                    "Actual Rows": 521204,
                    "Actual Loops": 2,
                    "Hash Buckets": 1048576,
                    "Original Hash Buckets": 1048576,
                    "Hash Batches": 1,
                    "Original Hash Batches": 1,
                    "Peak Memory Usage": 48992,
                    "Plans": [
                      {
                        "Node Type": "Hash Join",
                        "Parent Relationship": "Outer",
                        "Parallel Aware": true,
                        "Join Type": "Inner",
                        "Startup Cost": 62612.27,
                        "Total Cost": 124415.2,
                        "Plan Rows": 360412,
                        "Plan Width": 8,
                        "Actual Startup Time": 248.803,
                        "Actual Total Time": 677.322,
                        "Actual Rows": 521204,
                        "Actual Loops": 2,
                        "Inner Unique": true,
                        "Hash Cond": "(mk.movie_id = t.id)",
                        "Plans": [
                          {
                            "Node Type": "Seq Scan",
                            "Parent Relationship": "Outer",
                            "Parallel Aware": true,
                            "Relation Name": "movie_keyword",
                            "Alias": "mk",
                            "Startup Cost": 0.0,
                            "Total Cost": 57718.19,
                            "Plan Rows": 1556087,
                            "Plan Width": 4,
                            "Actual Startup Time": 0.013,
                            "Actual Total Time": 229.39,
                            "Actual Rows": 1319483,
                            "Actual Loops": 2,
                            "Filter": "(keyword_id < 7281)",
                            "Rows Removed by Filter": 942482
                          },
                          {
                            "Node Type": "Hash",
                            "Parent Relationship": "Inner",
                            "Parallel Aware": true,
                            "Startup Cost": 58306.47,
                            "Total Cost": 58306.47,
                            "Plan Rows": 344464,
                            "Plan Width": 4,
                            "Actual Startup Time": 243.442,
                            "Actual Total Time": 243.443,
                            "Actual Rows": 246479,
                            "Actual Loops": 2,
                            "Hash Buckets": 1048576,
                            "Original Hash Buckets": 1048576,
                            "Hash Batches": 1,
                            "Original Hash Batches": 1,
                            "Peak Memory Usage": 27520,
                            "Plans": [
                              {
                                "Node Type": "Seq Scan",
                                "Parent Relationship": "Outer",
                                "Parallel Aware": true,
                                "Relation Name": "title",
                                "Alias": "t",
                                "Startup Cost": 0.0,
                                "Total Cost": 58306.47,
                                "Plan Rows": 344464,
                                "Plan Width": 4,
                                "Actual Startup Time": 0.038,
                                "Actual Total Time": 168.583,
                                "Actual Rows": 246479,
                                "Actual Loops": 2,
                                "Filter": "((kind_id < 7) AND (production_year > 1998))",
                                "Rows Removed by Filter": 1017677
                              }
                            ]
                          }
                        ]
                      }
                    ]
                  }
                ]
              }
            ]
          }
        ]
      }
    ]
  },
  "Planning Time": 0.958,
  "Triggers": [],
  "Execution Time": 8697.841
}