{
    "Plan": {
        "Node Type": "Aggregate",
        "Strategy": "Plain",
        "Partial Mode": "Finalize",
        "Parallel Aware": false,
        "Startup Cost": 93733.77,
        "Total Cost": 93733.78,
        "Plan Rows": 1,
        "Plan Width": 8,
        "Actual Startup Time": 364.816,
        "Actual Total Time": 386.303,
        "Actual Rows": 1,
        "Actual Loops": 1,
        "Output": [
            "count(*)"
        ],
        "Plans": [
            {
                "Node Type": "Gather",
                "Parent Relationship": "Outer",
                "Parallel Aware": false,
                "Startup Cost": 93733.45,
                "Total Cost": 93733.76,
                "Plan Rows": 3,
                "Plan Width": 8,
                "Actual Startup Time": 363.652,
                "Actual Total Time": 386.294,
                "Actual Rows": 4,
                "Actual Loops": 1,
                "Output": [
                    "(PARTIAL count(*))"
                ],
                "Workers Planned": 3,
                "Workers Launched": 3,
                "Single Copy": false,
                "Plans": [
                    {
                        "Node Type": "Aggregate",
                        "Strategy": "Plain",
                        "Partial Mode": "Partial",
                        "Parent Relationship": "Outer",
                        "Parallel Aware": false,
                        "Startup Cost": 92733.45,
                        "Total Cost": 92733.46,
                        "Plan Rows": 1,
                        "Plan Width": 8,
                        "Actual Startup Time": 355.061,
                        "Actual Total Time": 355.065,
                        "Actual Rows": 1,
                        "Actual Loops": 4,
                        "Output": [
                            "PARTIAL count(*)"
                        ],
                        "Workers": [
                            {
                                "Worker Number": 0,
                                "Actual Startup Time": 352.513,
                                "Actual Total Time": 352.516,
                                "Actual Rows": 1,
                                "Actual Loops": 1
                            },
                            {
                                "Worker Number": 1,
                                "Actual Startup Time": 352.501,
                                "Actual Total Time": 352.503,
                                "Actual Rows": 1,
                                "Actual Loops": 1
                            },
                            {
                                "Worker Number": 2,
                                "Actual Startup Time": 352.276,
                                "Actual Total Time": 352.278,
                                "Actual Rows": 1,
                                "Actual Loops": 1
                            }
                        ],
                        "Plans": [
                            {
                                "Node Type": "Hash Join",
                                "Parent Relationship": "Outer",
                                "Parallel Aware": true,
                                "Join Type": "Inner",
                                "Startup Cost": 47135.7,
                                "Total Cost": 92250.43,
                                "Plan Rows": 193209,
                                "Plan Width": 0,
                                "Actual Startup Time": 181.98,
                                "Actual Total Time": 343.151,
                                "Actual Rows": 293287,
                                "Actual Loops": 4,
                                "Inner Unique": true,
                                "Hash Cond": "(mk.movie_id = t.id)",
                                "Workers": [
                                    {
                                        "Worker Number": 0,
                                        "Actual Startup Time": 179.504,
                                        "Actual Total Time": 340.971,
                                        "Actual Rows": 287673,
                                        "Actual Loops": 1
                                    },
                                    {
                                        "Worker Number": 1,
                                        "Actual Startup Time": 179.485,
                                        "Actual Total Time": 340.906,
                                        "Actual Rows": 288746,
                                        "Actual Loops": 1
                                    },
                                    {
                                        "Worker Number": 2,
                                        "Actual Startup Time": 179.256,
                                        "Actual Total Time": 340.749,
                                        "Actual Rows": 286582,
                                        "Actual Loops": 1
                                    }
                                ],
                                "Plans": [
                                    {
                                        "Node Type": "Seq Scan",
                                        "Parent Relationship": "Outer",
                                        "Parallel Aware": true,
                                        "Relation Name": "movie_keyword",
                                        "Schema": "public",
                                        "Alias": "mk",
                                        "Startup Cost": 0.0,
                                        "Total Cost": 42695.65,
                                        "Plan Rows": 921554,
                                        "Plan Width": 4,
                                        "Actual Startup Time": 0.123,
                                        "Actual Total Time": 116.333,
                                        "Actual Rows": 713674,
                                        "Actual Loops": 4,
                                        "Output": [
                                            "mk.id",
                                            "mk.movie_id",
                                            "mk.keyword_id"
                                        ],
                                        "Filter": "(mk.keyword_id > 2554)",
                                        "Rows Removed by Filter": 417309,
                                        "Workers": [
                                            {
                                                "Worker Number": 0,
                                                "Actual Startup Time": 0.04,
                                                "Actual Total Time": 119.503,
                                                "Actual Rows": 695527,
                                                "Actual Loops": 1
                                            },
                                            {
                                                "Worker Number": 1,
                                                "Actual Startup Time": 0.152,
                                                "Actual Total Time": 119.618,
                                                "Actual Rows": 699381,
                                                "Actual Loops": 1
                                            },
                                            {
                                                "Worker Number": 2,
                                                "Actual Startup Time": 0.141,
                                                "Actual Total Time": 119.138,
                                                "Actual Rows": 695388,
                                                "Actual Loops": 1
                                            }
                                        ]
                                    },
                                    {
                                        "Node Type": "Hash",
                                        "Parent Relationship": "Inner",
                                        "Parallel Aware": true,
                                        "Startup Cost": 45479.21,
                                        "Total Cost": 45479.21,
                                        "Plan Rows": 132519,
                                        "Plan Width": 4,
                                        "Actual Startup Time": 142.383,
                                        "Actual Total Time": 142.384,
                                        "Actual Rows": 100932,
                                        "Actual Loops": 4,
                                        "Output": [
                                            "t.id"
                                        ],
                                        "Hash Buckets": 1048576,
                                        "Original Hash Buckets": 1048576,
                                        "Hash Batches": 1,
                                        "Original Hash Batches": 1,
                                        "Peak Memory Usage": 24064,
                                        "Workers": [
                                            {
                                                "Worker Number": 0,
                                                "Actual Startup Time": 144.44,
                                                "Actual Total Time": 144.441,
                                                "Actual Rows": 102424,
                                                "Actual Loops": 1
                                            },
                                            {
                                                "Worker Number": 1,
                                                "Actual Startup Time": 144.438,
                                                "Actual Total Time": 144.439,
                                                "Actual Rows": 100242,
                                                "Actual Loops": 1
                                            },
                                            {
                                                "Worker Number": 2,
                                                "Actual Startup Time": 144.211,
                                                "Actual Total Time": 144.212,
                                                "Actual Rows": 100183,
                                                "Actual Loops": 1
                                            }
                                        ],
                                        "Plans": [
                                            {
                                                "Node Type": "Seq Scan",
                                                "Parent Relationship": "Outer",
                                                "Parallel Aware": true,
                                                "Relation Name": "title",
                                                "Schema": "public",
                                                "Alias": "t",
                                                "Startup Cost": 0.0,
                                                "Total Cost": 45479.21,
                                                "Plan Rows": 132519,
                                                "Plan Width": 4,
                                                "Actual Startup Time": 50.88,
                                                "Actual Total Time": 105.105,
                                                "Actual Rows": 100932,
                                                "Actual Loops": 4,
                                                "Output": [
                                                    "t.id"
                                                ],
                                                "Filter": "((t.production_year > 1975) AND (t.kind_id = 1))",
                                                "Rows Removed by Filter": 531146,
                                                "Workers": [
                                                    {
                                                        "Worker Number": 0,
                                                        "Actual Startup Time": 64.752,
                                                        "Actual Total Time": 106.345,
                                                        "Actual Rows": 102424,
                                                        "Actual Loops": 1
                                                    },
                                                    {
                                                        "Worker Number": 1,
                                                        "Actual Startup Time": 64.79,
                                                        "Actual Total Time": 105.92,
                                                        "Actual Rows": 100242,
                                                        "Actual Loops": 1
                                                    },
                                                    {
                                                        "Worker Number": 2,
                                                        "Actual Startup Time": 64.846,
                                                        "Actual Total Time": 105.956,
                                                        "Actual Rows": 100183,
                                                        "Actual Loops": 1
                                                    }
                                                ]
                                            }
                                        ]
                                    }
                                ]
                            }
                        ]
                    }
                ]
            }
        ]
    },
    "Planning Time": 0.766,
    "Triggers": [],
    "Execution Time": 386.401
}