[
  {
    "Plan": {
      "Node Type": "Aggregate",
      "Strategy": "Plain",
      "Partial Mode": "Finalize",
      "Parallel Aware": false,
      "Startup Cost": 47464.7,
      "Total Cost": 47464.71,
      "Plan Rows": 1,
      "Plan Width": 8,
      "Actual Startup Time": 130.457,
      "Actual Total Time": 146.296,
      "Actual Rows": 1,
      "Actual Loops": 1,
      "Plans": [
        {
          "Node Type": "Gather",
          "Parent Relationship": "Outer",
          "Parallel Aware": false,
          "Startup Cost": 47464.28,
          "Total Cost": 47464.69,
          "Plan Rows": 4,
          "Plan Width": 8,
          "Actual Startup Time": 130.221,
          "Actual Total Time": 146.284,
          "Actual Rows": 5,
          "Actual Loops": 1,
          "Workers Planned": 4,
          "Workers Launched": 4,
          "Single Copy": false,
          "Plans": [
            {
              "Node Type": "Aggregate",
              "Strategy": "Plain",
              "Partial Mode": "Partial",
              "Parent Relationship": "Outer",
              "Parallel Aware": false,
              "Startup Cost": 46464.28,
              "Total Cost": 46464.29,
              "Plan Rows": 1,
              "Plan Width": 8,
              "Actual Startup Time": 123.041,
              "Actual Total Time": 123.043,
              "Actual Rows": 1,
              "Actual Loops": 5,
              "Plans": [
                {
                  "Node Type": "Seq Scan",
                  "Parent Relationship": "Outer",
                  "Parallel Aware": true,
                  "Relation Name": "title",
                  "Alias": "t",
                  "Startup Cost": 0.0,
                  "Total Cost": 45479.59,
                  "Plan Rows": 393876,
                  "Plan Width": 0,
                  "Actual Startup Time": 0.037,
                  "Actual Total Time": 106.981,
                  "Actual Rows": 335932,
                  "Actual Loops": 5,
                  "Filter": "((kind_id > 1) AND (production_year > 1967))",
                  "Rows Removed by Filter": 169731
                }
              ]
            }
          ]
        }
      ]
    },
    "Planning Time": 0.151,
    "Triggers": [],
    "Execution Time": 146.342
  }
]