[
  {
    "Plan": {
      "Node Type": "Aggregate",
      "Strategy": "Plain",
      "Partial Mode": "Finalize",
      "Parallel Aware": false,
      "Startup Cost": 83084.55,
      "Total Cost": 83084.56,
      "Plan Rows": 1,
      "Plan Width": 8,
      "Actual Startup Time": 209.263,
      "Actual Total Time": 225.24,
      "Actual Rows": 1,
      "Actual Loops": 1,
      "Plans": [
        {
          "Node Type": "Gather",
          "Parent Relationship": "Outer",
          "Parallel Aware": false,
          "Startup Cost": 83084.33,
          "Total Cost": 83084.54,
          "Plan Rows": 2,
          "Plan Width": 8,
          "Actual Startup Time": 208.959,
          "Actual Total Time": 225.232,
          "Actual Rows": 3,
          "Actual Loops": 1,
          "Workers Planned": 2,
          "Workers Launched": 2,
          "Single Copy": false,
          "Plans": [
            {
              "Node Type": "Aggregate",
              "Strategy": "Plain",
              "Partial Mode": "Partial",
              "Parent Relationship": "Outer",
              "Parallel Aware": false,
              "Startup Cost": 82084.33,
              "Total Cost": 82084.34,
              "Plan Rows": 1,
              "Plan Width": 8,
              "Actual Startup Time": 200.935,
              "Actual Total Time": 200.939,
              "Actual Rows": 1,
              "Actual Loops": 3,
              "Plans": [
                {
                  "Node Type": "Nested Loop",
                  "Parent Relationship": "Outer",
                  "Parallel Aware": false,
                  "Join Type": "Inner",
                  "Startup Cost": 45604.72,
                  "Total Cost": 81951.14,
                  "Plan Rows": 53275,
                  "Plan Width": 0,
                  "Actual Startup Time": 114.546,
                  "Actual Total Time": 200.307,
                  "Actual Rows": 13114,
                  "Actual Loops": 3,
                  "Inner Unique": false,
                  "Join Filter": "(t.id = mi.movie_id)",
                  "Rows Removed by Join Filter": 0,
                  "Plans": [
                    {
                      "Node Type": "Hash Join",
                      "Parent Relationship": "Outer",
                      "Parallel Aware": true,
                      "Join Type": "Inner",
                      "Startup Cost": 45604.29,
                      "Total Cost": 60798.85,
                      "Plan Rows": 9111,
                      "Plan Width": 8,
                      "Actual Startup Time": 114.47,
                      "Actual Total Time": 184.541,
                      "Actual Rows": 2756,
                      "Actual Loops": 3,
                      "Inner Unique": true,
                      "Hash Cond": "(mi_idx.movie_id = t.id)",
                      "Plans": [
                        {
                          "Node Type": "Seq Scan",
                          "Parent Relationship": "Outer",
                          "Parallel Aware": true,
                          "Relation Name": "movie_info_idx",
                          "Alias": "mi_idx",
                          "Startup Cost": 0.0,
                          "Total Cost": 13685.15,
                          "Plan Rows": 575015,
                          "Plan Width": 4,
                          "Actual Startup Time": 0.022,
                          "Actual Total Time": 33.302,
                          "Actual Rows": 460012,
                          "Actual Loops": 3
                        },
                        {
                          "Node Type": "Hash",
                          "Parent Relationship": "Inner",
                          "Parallel Aware": true,
                          "Startup Cost": 45479.1,
                          "Total Cost": 45479.1,
                          "Plan Rows": 10015,
                          "Plan Width": 4,
                          "Actual Startup Time": 113.052,
                          "Actual Total Time": 113.053,
                          "Actual Rows": 13373,
                          "Actual Loops": 3,
                          "Hash Buckets": 65536,
                          "Original Hash Buckets": 65536,
                          "Hash Batches": 1,
                          "Original Hash Batches": 1,
                          "Peak Memory Usage": 2112,
                          "Plans": [
                            {
                              "Node Type": "Seq Scan",
                              "Parent Relationship": "Outer",
                              "Parallel Aware": true,
                              "Relation Name": "title",
                              "Alias": "t",
                              "Startup Cost": 0.0,
                              "Total Cost": 45479.1,
                              "Plan Rows": 10015,
                              "Plan Width": 4,
                              "Actual Startup Time": 0.056,
                              "Actual Total Time": 107.926,
                              "Actual Rows": 13373,
                              "Actual Loops": 3,
                              "Filter": "((kind_id = 7) AND (production_year = 2013))",
                              "Rows Removed by Filter": 829397
                            }
                          ]
                        }
                      ]
                    },
                    {
                      "Node Type": "Index Only Scan",
                      "Parent Relationship": "Inner",
                      "Parallel Aware": false,
                      "Scan Direction": "Forward",
                      "Index Name": "movie_id_movie_info",
                      "Relation Name": "movie_info",
                      "Alias": "mi",
                      "Startup Cost": 0.43,
                      "Total Cost": 1.8,
                      "Plan Rows": 42,
                      "Plan Width": 4,
                      "Actual Startup Time": 0.003,
                      "Actual Total Time": 0.005,
                      "Actual Rows": 5,
                      "Actual Loops": 8268,
                      "Index Cond": "(movie_id = mi_idx.movie_id)",
                      "Rows Removed by Index Recheck": 0,
                      "Heap Fetches": 39342
                    }
                  ]
                }
              ]
            }
          ]
        }
      ]
    },
    "Planning Time": 1.397,
    "Triggers": [],
    "Execution Time": 225.327
  }
]