[
  {
    "Plan": {
      "Node Type": "Aggregate",
      "Strategy": "Plain",
      "Partial Mode": "Finalize",
      "Parallel Aware": false,
      "Startup Cost": 261118.96,
      "Total Cost": 261118.97,
      "Plan Rows": 1,
      "Plan Width": 8,
      "Actual Startup Time": 2030.054,
      "Actual Total Time": 2054.121,
      "Actual Rows": 1,
      "Actual Loops": 1,
      "Plans": [
        {
          "Node Type": "Gather",
          "Parent Relationship": "Outer",
          "Parallel Aware": false,
          "Startup Cost": 261118.44,
          "Total Cost": 261118.95,
          "Plan Rows": 5,
          "Plan Width": 8,
          "Actual Startup Time": 2027.71,
          "Actual Total Time": 2054.111,
          "Actual Rows": 6,
          "Actual Loops": 1,
          "Workers Planned": 5,
          "Workers Launched": 5,
          "Single Copy": false,
          "Plans": [
            {
              "Node Type": "Aggregate",
              "Strategy": "Plain",
              "Partial Mode": "Partial",
              "Parent Relationship": "Outer",
              "Parallel Aware": false,
              "Startup Cost": 260118.44,
              "Total Cost": 260118.45,
              "Plan Rows": 1,
              "Plan Width": 8,
              "Actual Startup Time": 2016.914,
              "Actual Total Time": 2016.918,
              "Actual Rows": 1,
              "Actual Loops": 6,
              "Plans": [
                {
                  "Node Type": "Nested Loop",
                  "Parent Relationship": "Outer",
                  "Parallel Aware": false,
                  "Join Type": "Inner",
                  "Startup Cost": 53540.44,
                  "Total Cost": 260020.51,
                  "Plan Rows": 39172,
                  "Plan Width": 0,
                  "Actual Startup Time": 168.827,
                  "Actual Total Time": 1792.557,
                  "Actual Rows": 4896441,
                  "Actual Loops": 6,
                  "Inner Unique": false,
                  "Plans": [
                    {
                      "Node Type": "Hash Join",
                      "Parent Relationship": "Outer",
                      "Parallel Aware": true,
                      "Join Type": "Inner",
                      "Startup Cost": 53540.01,
                      "Total Cost": 216801.25,
                      "Plan Rows": 21893,
                      "Plan Width": 8,
                      "Actual Startup Time": 168.673,
                      "Actual Total Time": 210.06,
                      "Actual Rows": 66596,
                      "Actual Loops": 6,
                      "Inner Unique": true,
                      "Hash Cond": "(mi.movie_id = t.id)",
                      "Plans": [
                        {
                          "Node Type": "Bitmap Heap Scan",
                          "Parent Relationship": "Outer",
                          "Parallel Aware": true,
                          "Relation Name": "movie_info",
                          "Alias": "mi",
                          "Startup Cost": 7577.65,
                          "Total Cost": 170618.78,
                          "Plan Rows": 83851,
                          "Plan Width": 4,
                          "Actual Startup Time": 23.932,
                          "Actual Total Time": 37.766,
                          "Actual Rows": 71442,
                          "Actual Loops": 6,
                          "Recheck Cond": "(info_type_id > 104)",
                          "Rows Removed by Index Recheck": 0,
                          "Exact Heap Blocks": 839,
                          "Lossy Heap Blocks": 0,
                          "Plans": [
                            {
                              "Node Type": "Bitmap Index Scan",
                              "Parent Relationship": "Outer",
                              "Parallel Aware": false,
                              "Index Name": "info_type_id_movie_info",
                              "Startup Cost": 0.0,
                              "Total Cost": 7472.83,
                              "Plan Rows": 419253,
                              "Plan Width": 0,
                              "Actual Startup Time": 22.645,
                              "Actual Total Time": 22.646,
                              "Actual Rows": 428651,
                              "Actual Loops": 1,
                              "Index Cond": "(info_type_id > 104)"
                            }
                          ]
                        },
                        {
                          "Node Type": "Hash",
                          "Parent Relationship": "Inner",
                          "Parallel Aware": true,
                          "Startup Cost": 43899.32,
                          "Total Cost": 43899.32,
                          "Plan Rows": 165043,
                          "Plan Width": 4,
                          "Actual Startup Time": 141.281,
                          "Actual Total Time": 141.282,
                          "Actual Rows": 110471,
                          "Actual Loops": 6,
                          "Hash Buckets": 1048576,
                          "Original Hash Buckets": 1048576,
                          "Hash Batches": 1,
                          "Original Hash Batches": 1,
                          "Peak Memory Usage": 34208,
                          "Plans": [
                            {
                              "Node Type": "Seq Scan",
                              "Parent Relationship": "Outer",
                              "Parallel Aware": true,
                              "Relation Name": "title",
                              "Alias": "t",
                              "Startup Cost": 0.0,
                              "Total Cost": 43899.32,
                              "Plan Rows": 165043,
                              "Plan Width": 4,
                              "Actual Startup Time": 47.993,
                              "Actual Total Time": 91.568,
                              "Actual Rows": 110471,
                              "Actual Loops": 6,
                              "Filter": "(kind_id = 1)",
                              "Rows Removed by Filter": 310914
                            }
                          ]
                        }
                      ]
                    },
                    {
                      "Node Type": "Index Only Scan",
                      "Parent Relationship": "Inner",
                      "Parallel Aware": false,
                      "Scan Direction": "Forward",
                      "Index Name": "movie_id_movie_keyword",
                      "Relation Name": "movie_keyword",
                      "Alias": "mk",
                      "Startup Cost": 0.43,
                      "Total Cost": 1.51,
                      "Plan Rows": 46,
                      "Plan Width": 4,
                      "Actual Startup Time": 0.005,
                      "Actual Total Time": 0.018,
                      "Actual Rows": 74,
                      "Actual Loops": 399576,
                      "Index Cond": "(movie_id = t.id)",
                      "Rows Removed by Index Recheck": 0,
                      "Heap Fetches": 29378646
                    }
                  ]
                }
              ]
            }
          ]
        }
      ]
    },
    "Planning Time": 1.293,
    "Triggers": [],
    "Execution Time": 2054.27
  }
]