[
  {
    "Plan": {
      "Node Type": "Aggregate",
      "Strategy": "Plain",
      "Partial Mode": "Finalize",
      "Parallel Aware": false,
      "Startup Cost": 263578.71,
      "Total Cost": 263578.72,
      "Plan Rows": 1,
      "Plan Width": 8,
      "Actual Startup Time": 1215.53,
      "Actual Total Time": 1232.546,
      "Actual Rows": 1,
      "Actual Loops": 1,
      "Plans": [
        {
          "Node Type": "Gather",
          "Parent Relationship": "Outer",
          "Parallel Aware": false,
          "Startup Cost": 263578.39,
          "Total Cost": 263578.7,
          "Plan Rows": 3,
          "Plan Width": 8,
          "Actual Startup Time": 1210.675,
          "Actual Total Time": 1232.535,
          "Actual Rows": 4,
          "Actual Loops": 1,
          "Workers Planned": 3,
          "Workers Launched": 3,
          "Single Copy": false,
          "Plans": [
            {
              "Node Type": "Aggregate",
              "Strategy": "Plain",
              "Partial Mode": "Partial",
              "Parent Relationship": "Outer",
              "Parallel Aware": false,
              "Startup Cost": 262578.39,
              "Total Cost": 262578.4,
              "Plan Rows": 1,
              "Plan Width": 8,
              "Actual Startup Time": 1199.903,
              "Actual Total Time": 1200.142,
              "Actual Rows": 1,
              "Actual Loops": 4,
              "Plans": [
                {
                  "Node Type": "Hash Join",
                  "Parent Relationship": "Outer",
                  "Parallel Aware": true,
                  "Join Type": "Inner",
                  "Startup Cost": 217752.68,
                  "Total Cost": 262408.45,
                  "Plan Rows": 67977,
                  "Plan Width": 0,
                  "Actual Startup Time": 289.193,
                  "Actual Total Time": 914.502,
                  "Actual Rows": 7344662,
                  "Actual Loops": 4,
                  "Inner Unique": false,
                  "Hash Cond": "(mk.movie_id = t.id)",
                  "Plans": [
                    {
                      "Node Type": "Seq Scan",
                      "Parent Relationship": "Outer",
                      "Parallel Aware": true,
                      "Relation Name": "movie_keyword",
                      "Alias": "mk",
                      "Startup Cost": 0.0,
                      "Total Cost": 39047.32,
                      "Plan Rows": 1459332,
                      "Plan Width": 4,
                      "Actual Startup Time": 0.027,
                      "Actual Total Time": 82.604,
                      "Actual Rows": 1130982,
                      "Actual Loops": 4
                    },
                    {
                      "Node Type": "Hash",
                      "Parent Relationship": "Inner",
                      "Parallel Aware": true,
                      "Startup Cost": 217458.26,
                      "Total Cost": 217458.26,
                      "Plan Rows": 23554,
                      "Plan Width": 8,
                      "Actual Startup Time": 254.349,
                      "Actual Total Time": 254.586,
                      "Actual Rows": 99894,
                      "Actual Loops": 4,
                      "Hash Buckets": 524288,
                      "Original Hash Buckets": 131072,
                      "Hash Batches": 1,
                      "Original Hash Batches": 1,
                      "Peak Memory Usage": 22880,
                      "Plans": [
                        {
                          "Node Type": "Hash Join",
                          "Parent Relationship": "Outer",
                          "Parallel Aware": true,
                          "Join Type": "Inner",
                          "Startup Cost": 54107.24,
                          "Total Cost": 217458.26,
                          "Plan Rows": 23554,
                          "Plan Width": 8,
                          "Actual Startup Time": 177.556,
                          "Actual Total Time": 225.352,
                          "Actual Rows": 99894,
                          "Actual Loops": 4,
                          "Inner Unique": true,
                          "Hash Cond": "(mi.movie_id = t.id)",
                          "Plans": [
                            {
                              "Node Type": "Bitmap Heap Scan",
                              "Parent Relationship": "Outer",
                              "Parallel Aware": true,
                              "Relation Name": "movie_info",
                              "Alias": "mi",
                              "Startup Cost": 8135.65,
                              "Total Cost": 171250.98,
                              "Plan Rows": 89786,
                              "Plan Width": 4,
                              "Actual Startup Time": 19.456,
                              "Actual Total Time": 37.698,
                              "Actual Rows": 107163,
                              "Actual Loops": 4,
                              "Recheck Cond": "(info_type_id > 104)",
                              "Rows Removed by Index Recheck": 0,
                              "Exact Heap Blocks": 1524,
                              "Lossy Heap Blocks": 0,
                              "Plans": [
                                {
                                  "Node Type": "Bitmap Index Scan",
                                  "Parent Relationship": "Outer",
                                  "Parallel Aware": false,
                                  "Index Name": "info_type_id_movie_info",
                                  "Startup Cost": 0.0,
                                  "Total Cost": 8023.42,
                                  "Plan Rows": 448931,
                                  "Plan Width": 0,
                                  "Actual Startup Time": 18.633,
                                  "Actual Total Time": 18.634,
                                  "Actual Rows": 428651,
                                  "Actual Loops": 1,
                                  "Index Cond": "(info_type_id > 104)"
                                }
                              ]
                            },
                            {
                              "Node Type": "Hash",
                              "Parent Relationship": "Inner",
                              "Parallel Aware": true,
                              "Startup Cost": 43898.92,
                              "Total Cost": 43898.92,
                              "Plan Rows": 165814,
                              "Plan Width": 4,
                              "Actual Startup Time": 154.155,
                              "Actual Total Time": 154.156,
                              "Actual Rows": 165706,
                              "Actual Loops": 4,
                              "Hash Buckets": 1048576,
                              "Original Hash Buckets": 1048576,
                              "Hash Batches": 1,
                              "Original Hash Batches": 1,
                              "Peak Memory Usage": 34176,
                              "Plans": [
                                {
                                  "Node Type": "Seq Scan",
                                  "Parent Relationship": "Outer",
                                  "Parallel Aware": true,
                                  "Relation Name": "title",
                                  "Alias": "t",
                                  "Startup Cost": 0.0,
                                  "Total Cost": 43898.92,
                                  "Plan Rows": 165814,
                                  "Plan Width": 4,
                                  "Actual Startup Time": 46.092,
                                  "Actual Total Time": 99.418,
                                  "Actual Rows": 165706,
                                  "Actual Loops": 4,
                                  "Filter": "(kind_id = 1)",
                                  "Rows Removed by Filter": 466372
                                }
                              ]
                            }
                          ]
                        }
                      ]
                    }
                  ]
                }
              ]
            }
          ]
        }
      ]
    },
    "Planning Time": 1.354,
    "Triggers": [],
    "Execution Time": 1232.651
  }
]