[
  {
    "Plan": {
      "Node Type": "Aggregate",
      "Strategy": "Plain",
      "Partial Mode": "Finalize",
      "Parallel Aware": false,
      "Startup Cost": 397760.9,
      "Total Cost": 397760.91,
      "Plan Rows": 1,
      "Plan Width": 8,
      "Actual Startup Time": 1116.241,
      "Actual Total Time": 1178.584,
      "Actual Rows": 1,
      "Actual Loops": 1,
      "Plans": [
        {
          "Node Type": "Gather",
          "Parent Relationship": "Outer",
          "Parallel Aware": false,
          "Startup Cost": 397760.27,
          "Total Cost": 397760.88,
          "Plan Rows": 6,
          "Plan Width": 8,
          "Actual Startup Time": 1115.074,
          "Actual Total Time": 1178.572,
          "Actual Rows": 7,
          "Actual Loops": 1,
          "Workers Planned": 6,
          "Workers Launched": 6,
          "Single Copy": false,
          "Plans": [
            {
              "Node Type": "Aggregate",
              "Strategy": "Plain",
              "Partial Mode": "Partial",
              "Parent Relationship": "Outer",
              "Parallel Aware": false,
              "Startup Cost": 396760.27,
              "Total Cost": 396760.28,
              "Plan Rows": 1,
              "Plan Width": 8,
              "Actual Startup Time": 1104.201,
              "Actual Total Time": 1104.204,
              "Actual Rows": 1,
              "Actual Loops": 7,
              "Plans": [
                {
                  "Node Type": "Hash Join",
                  "Parent Relationship": "Outer",
                  "Parallel Aware": true,
                  "Join Type": "Inner",
                  "Startup Cost": 46400.39,
                  "Total Cost": 396050.32,
                  "Plan Rows": 283980,
                  "Plan Width": 0,
                  "Actual Startup Time": 284.474,
                  "Actual Total Time": 1098.21,
                  "Actual Rows": 126298,
                  "Actual Loops": 7,
                  "Inner Unique": true,
                  "Hash Cond": "(ci.movie_id = t.id)",
                  "Plans": [
                    {
                      "Node Type": "Seq Scan",
                      "Parent Relationship": "Outer",
                      "Parallel Aware": true,
                      "Relation Name": "cast_info",
                      "Alias": "ci",
                      "Startup Cost": 0.0,
                      "Total Cost": 343257.03,
                      "Plan Rows": 2435388,
                      "Plan Width": 4,
                      "Actual Startup Time": 196.96,
                      "Actual Total Time": 659.213,
                      "Actual Rows": 2815125,
                      "Actual Loops": 7,
                      "Filter": "((person_id > 1374677) AND (role_id > 1))",
                      "Rows Removed by Filter": 2362639
                    },
                    {
                      "Node Type": "Hash",
                      "Parent Relationship": "Inner",
                      "Parallel Aware": true,
                      "Startup Cost": 45479.1,
                      "Total Cost": 45479.1,
                      "Plan Rows": 73703,
                      "Plan Width": 4,
                      "Actual Startup Time": 84.715,
                      "Actual Total Time": 84.715,
                      "Actual Rows": 27626,
                      "Actual Loops": 7,
                      "Hash Buckets": 524288,
                      "Original Hash Buckets": 524288,
                      "Hash Batches": 1,
                      "Original Hash Batches": 1,
                      "Peak Memory Usage": 11776,
                      "Plans": [
                        {
                          "Node Type": "Seq Scan",
                          "Parent Relationship": "Outer",
                          "Parallel Aware": true,
                          "Relation Name": "title",
                          "Alias": "t",
                          "Startup Cost": 0.0,
                          "Total Cost": 45479.1,
                          "Plan Rows": 73703,
                          "Plan Width": 4,
                          "Actual Startup Time": 0.042,
                          "Actual Total Time": 71.233,
                          "Actual Rows": 27626,
                          "Actual Loops": 7,
                          "Filter": "((production_year < 1979) AND (kind_id = 7))",
                          "Rows Removed by Filter": 333561
                        }
                      ]
                    }
                  ]
                }
              ]
            }
          ]
        }
      ]
    },
    "Planning Time": 0.644,
    "Triggers": [],
    "Execution Time": 1178.674
  }
]