[
  {
    "Plan": {
      "Node Type": "Aggregate",
      "Strategy": "Plain",
      "Partial Mode": "Finalize",
      "Parallel Aware": false,
      "Startup Cost": 206961.72,
      "Total Cost": 206961.73,
      "Plan Rows": 1,
      "Plan Width": 8,
      "Actual Startup Time": 1999.137,
      "Actual Total Time": 2048.728,
      "Actual Rows": 1,
      "Actual Loops": 1,
      "Plans": [
        {
          "Node Type": "Gather",
          "Parent Relationship": "Outer",
          "Parallel Aware": false,
          "Startup Cost": 206961.4,
          "Total Cost": 206961.71,
          "Plan Rows": 3,
          "Plan Width": 8,
          "Actual Startup Time": 1978.309,
          "Actual Total Time": 2048.712,
          "Actual Rows": 4,
          "Actual Loops": 1,
          "Workers Planned": 3,
          "Workers Launched": 3,
          "Single Copy": false,
          "Plans": [
            {
              "Node Type": "Aggregate",
              "Strategy": "Plain",
              "Partial Mode": "Partial",
              "Parent Relationship": "Outer",
              "Parallel Aware": false,
              "Startup Cost": 205961.4,
              "Total Cost": 205961.41,
              "Plan Rows": 1,
              "Plan Width": 8,
              "Actual Startup Time": 1960.308,
              "Actual Total Time": 1961.515,
              "Actual Rows": 1,
              "Actual Loops": 4,
              "Plans": [
                {
                  "Node Type": "Hash Join",
                  "Parent Relationship": "Outer",
                  "Parallel Aware": true,
                  "Join Type": "Inner",
                  "Startup Cost": 170646.96,
                  "Total Cost": 203210.46,
                  "Plan Rows": 1100375,
                  "Plan Width": 0,
                  "Actual Startup Time": 1378.226,
                  "Actual Total Time": 1879.876,
                  "Actual Rows": 1704969,
                  "Actual Loops": 4,
                  "Inner Unique": false,
                  "Hash Cond": "(mc.movie_id = t.id)",
                  "Plans": [
                    {
                      "Node Type": "Seq Scan",
                      "Parent Relationship": "Outer",
                      "Parallel Aware": true,
                      "Relation Name": "movie_companies",
                      "Alias": "mc",
                      "Startup Cost": 0.0,
                      "Total Cost": 27206.55,
                      "Plan Rows": 841655,
                      "Plan Width": 4,
                      "Actual Startup Time": 0.023,
                      "Actual Total Time": 67.185,
                      "Actual Rows": 652282,
                      "Actual Loops": 4
                    },
                    {
                      "Node Type": "Hash",
                      "Parent Relationship": "Inner",
                      "Parallel Aware": true,
                      "Startup Cost": 162383.27,
                      "Total Cost": 162383.27,
                      "Plan Rows": 661095,
                      "Plan Width": 8,
                      "Actual Startup Time": 1367.231,
                      "Actual Total Time": 1368.437,
                      "Actual Rows": 869598,
                      "Actual Loops": 4,
                      "Hash Buckets": 4194304,
                      "Original Hash Buckets": 4194304,
                      "Hash Batches": 1,
                      "Original Hash Batches": 1,
                      "Peak Memory Usage": 168928,
                      "Plans": [
                        {
                          "Node Type": "Hash Join",
                          "Parent Relationship": "Outer",
                          "Parallel Aware": true,
                          "Join Type": "Inner",
                          "Startup Cost": 50220.21,
                          "Total Cost": 162383.27,
                          "Plan Rows": 661095,
                          "Plan Width": 8,
                          "Actual Startup Time": 351.904,
                          "Actual Total Time": 1028.73,
                          "Actual Rows": 869598,
                          "Actual Loops": 4,
                          "Inner Unique": true,
                          "Hash Cond": "(ci.movie_id = t.id)",
                          "Plans": [
                            {
                              "Node Type": "Index Scan",
                              "Parent Relationship": "Outer",
                              "Parallel Aware": true,
                              "Scan Direction": "Forward",
                              "Index Name": "role_id_cast_info",
                              "Relation Name": "cast_info",
                              "Alias": "ci",
                              "Startup Cost": 0.56,
                              "Total Cost": 110428.26,
                              "Plan Rows": 661095,
                              "Plan Width": 4,
                              "Actual Startup Time": 0.217,
                              "Actual Total Time": 208.037,
                              "Actual Rows": 869598,
                              "Actual Loops": 4,
                              "Index Cond": "(role_id = 3)",
                              "Rows Removed by Index Recheck": 0,
                              "Filter": "(person_id > 660722)",
                              "Rows Removed by Filter": 132411
                            },
                            {
                              "Node Type": "Hash",
                              "Parent Relationship": "Inner",
                              "Parallel Aware": true,
                              "Startup Cost": 42318.73,
                              "Total Cost": 42318.73,
                              "Plan Rows": 632073,
                              "Plan Width": 4,
                              "Actual Startup Time": 345.423,
                              "Actual Total Time": 345.425,
                              "Actual Rows": 632078,
                              "Actual Loops": 4,
                              "Hash Buckets": 4194304,
                              "Original Hash Buckets": 4194304,
                              "Hash Batches": 1,
                              "Original Hash Batches": 1,
                              "Peak Memory Usage": 131712,
                              "Plans": [
                                {
                                  "Node Type": "Seq Scan",
                                  "Parent Relationship": "Outer",
                                  "Parallel Aware": true,
                                  "Relation Name": "title",
                                  "Alias": "t",
                                  "Startup Cost": 0.0,
                                  "Total Cost": 42318.73,
                                  "Plan Rows": 632073,
                                  "Plan Width": 4,
                                  "Actual Startup Time": 0.046,
                                  "Actual Total Time": 97.081,
                                  "Actual Rows": 632078,
                                  "Actual Loops": 4
                                }
                              ]
                            }
                          ]
                        }
                      ]
                    }
                  ]
                }
              ]
            }
          ]
        }
      ]
    },
    "Planning Time": 1.391,
    "Triggers": [],
    "Execution Time": 2048.824
  }
]