{
  "Plan": {
    "Node Type": "Aggregate",
    "Strategy": "Plain",
    "Partial Mode": "Finalize",
    "Parallel Aware": false,
    "Startup Cost": 34012.49,
    "Total Cost": 34012.5,
    "Plan Rows": 1,
    "Plan Width": 8,
    "Actual Startup Time": 42.173,
    "Actual Total Time": 48.233,
    "Actual Rows": 1,
    "Actual Loops": 1,
    "Plans": [
      {
        "Node Type": "Gather",
        "Parent Relationship": "Outer",
        "Parallel Aware": false,
        "Startup Cost": 34012.37,
        "Total Cost": 34012.48,
        "Plan Rows": 1,
        "Plan Width": 8,
        "Actual Startup Time": 41.948,
        "Actual Total Time": 48.227,
        "Actual Rows": 2,
        "Actual Loops": 1,
        "Workers Planned": 1,
        "Workers Launched": 1,
        "Single Copy": false,
        "Plans": [
          {
            "Node Type": "Aggregate",
            "Strategy": "Plain",
            "Partial Mode": "Partial",
            "Parent Relationship": "Outer",
            "Parallel Aware": false,
            "Startup Cost": 33012.37,
            "Total Cost": 33012.38,
            "Plan Rows": 1,
            "Plan Width": 8,
            "Actual Startup Time": 35.729,
            "Actual Total Time": 35.73,
            "Actual Rows": 1,
            "Actual Loops": 2,
            "Plans": [
              {
                "Node Type": "Nested Loop",
                "Parent Relationship": "Outer",
                "Parallel Aware": false,
                "Join Type": "Inner",
                "Startup Cost": 106.26,
                "Total Cost": 33011.0,
                "Plan Rows": 551,
                "Plan Width": 0,
                "Actual Startup Time": 6.545,
                "Actual Total Time": 35.52,
                "Actual Rows": 1300,
                "Actual Loops": 2,
                "Inner Unique": true,
                "Plans": [
                  {
                    "Node Type": "Bitmap Heap Scan",
                    "Parent Relationship": "Outer",
                    "Parallel Aware": true,
                    "Relation Name": "movie_keyword",
                    "Alias": "mk",
                    "Startup Cost": 105.83,
                    "Total Cost": 12127.48,
                    "Plan Rows": 2839,
                    "Plan Width": 4,
                    "Actual Startup Time": 3.106,
                    "Actual Total Time": 11.898,
                    "Actual Rows": 2303,
                    "Actual Loops": 2,
                    "Recheck Cond": "(keyword_id = 228)",
                    "Rows Removed by Index Recheck": 0,
                    "Exact Heap Blocks": 3330,
                    "Lossy Heap Blocks": 0,
                    "Plans": [
                      {
                        "Node Type": "Bitmap Index Scan",
                        "Parent Relationship": "Outer",
                        "Parallel Aware": false,
                        "Index Name": "keyword_id_movie_keyword",
                        "Startup Cost": 0.0,
                        "Total Cost": 104.63,
                        "Plan Rows": 4826,
                        "Plan Width": 0,
                        "Actual Startup Time": 4.007,
                        "Actual Total Time": 4.008,
                        "Actual Rows": 4606,
                        "Actual Loops": 1,
                        "Index Cond": "(keyword_id = 228)"
                      }
                    ]
                  },
                  {
                    "Node Type": "Index Scan",
                    "Parent Relationship": "Inner",
                    "Parallel Aware": false,
                    "Scan Direction": "Forward",
                    "Index Name": "title_pkey",
                    "Relation Name": "title",
                    "Alias": "t",
                    "Startup Cost": 0.43,
                    "Total Cost": 7.36,
                    "Plan Rows": 1,
                    "Plan Width": 4,
                    "Actual Startup Time": 0.01,
                    "Actual Total Time": 0.01,
                    "Actual Rows": 1,
                    "Actual Loops": 4606,
                    "Index Cond": "(id = mk.movie_id)",
                    "Rows Removed by Index Recheck": 0,
                    "Filter": "((kind_id < 7) AND (production_year < 2004))",
                    "Rows Removed by Filter": 0
                  }
                ]
              }
            ]
          }
        ]
      }
    ]
  },
  "Planning Time": 0.522,
  "Triggers": [],
  "Execution Time": 48.322
}