[
  {
    "Plan": {
      "Node Type": "Aggregate",
      "Strategy": "Plain",
      "Partial Mode": "Finalize",
      "Parallel Aware": false,
      "Startup Cost": 339898.42,
      "Total Cost": 339898.43,
      "Plan Rows": 1,
      "Plan Width": 8,
      "Actual Startup Time": 1046.685,
      "Actual Total Time": 1141.443,
      "Actual Rows": 1,
      "Actual Loops": 1,
      "Plans": [
        {
          "Node Type": "Gather",
          "Parent Relationship": "Outer",
          "Parallel Aware": false,
          "Startup Cost": 339897.8,
          "Total Cost": 339898.41,
          "Plan Rows": 6,
          "Plan Width": 8,
          "Actual Startup Time": 1046.464,
          "Actual Total Time": 1141.422,
          "Actual Rows": 7,
          "Actual Loops": 1,
          "Workers Planned": 6,
          "Workers Launched": 6,
          "Single Copy": false,
          "Plans": [
            {
              "Node Type": "Aggregate",
              "Strategy": "Plain",
              "Partial Mode": "Partial",
              "Parent Relationship": "Outer",
              "Parallel Aware": false,
              "Startup Cost": 338897.8,
              "Total Cost": 338897.81,
              "Plan Rows": 1,
              "Plan Width": 8,
              "Actual Startup Time": 1038.186,
              "Actual Total Time": 1038.187,
              "Actual Rows": 1,
              "Actual Loops": 7,
              "Plans": [
                {
                  "Node Type": "Seq Scan",
                  "Parent Relationship": "Outer",
                  "Parallel Aware": true,
                  "Relation Name": "cast_info",
                  "Alias": "ci",
                  "Startup Cost": 0.0,
                  "Total Cost": 328211.39,
                  "Plan Rows": 4274563,
                  "Plan Width": 0,
                  "Actual Startup Time": 145.587,
                  "Actual Total Time": 822.939,
                  "Actual Rows": 3660367,
                  "Actual Loops": 7,
                  "Filter": "(person_id > 1042698)",
                  "Rows Removed by Filter": 1517397
                }
              ]
            }
          ]
        }
      ]
    },
    "Planning Time": 0.107,
    "Triggers": [],
    "Execution Time": 1141.497
  }
]