[
  {
    "Plan": {
      "Node Type": "Aggregate",
      "Strategy": "Plain",
      "Partial Mode": "Finalize",
      "Parallel Aware": false,
      "Startup Cost": 339846.2,
      "Total Cost": 339846.21,
      "Plan Rows": 1,
      "Plan Width": 8,
      "Actual Startup Time": 763.629,
      "Actual Total Time": 821.839,
      "Actual Rows": 1,
      "Actual Loops": 1,
      "Plans": [
        {
          "Node Type": "Gather",
          "Parent Relationship": "Outer",
          "Parallel Aware": false,
          "Startup Cost": 339845.58,
          "Total Cost": 339846.18,
          "Plan Rows": 6,
          "Plan Width": 8,
          "Actual Startup Time": 763.495,
          "Actual Total Time": 821.831,
          "Actual Rows": 7,
          "Actual Loops": 1,
          "Workers Planned": 6,
          "Workers Launched": 6,
          "Single Copy": false,
          "Plans": [
            {
              "Node Type": "Aggregate",
              "Strategy": "Plain",
              "Partial Mode": "Partial",
              "Parent Relationship": "Outer",
              "Parallel Aware": false,
              "Startup Cost": 338845.58,
              "Total Cost": 338845.59,
              "Plan Rows": 1,
              "Plan Width": 8,
              "Actual Startup Time": 753.279,
              "Actual Total Time": 753.28,
              "Actual Rows": 1,
              "Actual Loops": 7,
              "Plans": [
                {
                  "Node Type": "Seq Scan",
                  "Parent Relationship": "Outer",
                  "Parallel Aware": true,
                  "Relation Name": "cast_info",
                  "Alias": "ci",
                  "Startup Cost": 0.0,
                  "Total Cost": 328162.03,
                  "Plan Rows": 4273420,
                  "Plan Width": 0,
                  "Actual Startup Time": 120.797,
                  "Actual Total Time": 603.555,
                  "Actual Rows": 3660367,
                  "Actual Loops": 7,
                  "Filter": "(person_id > 1042698)",
                  "Rows Removed by Filter": 1517397
                }
              ]
            }
          ]
        }
      ]
    },
    "Planning Time": 0.167,
    "Triggers": [],
    "Execution Time": 821.906
  }
]