[
  {
    "Plan": {
      "Node Type": "Aggregate",
      "Strategy": "Plain",
      "Partial Mode": "Finalize",
      "Parallel Aware": false,
      "Startup Cost": 44520.69,
      "Total Cost": 44520.7,
      "Plan Rows": 1,
      "Plan Width": 8,
      "Actual Startup Time": 120.76,
      "Actual Total Time": 130.704,
      "Actual Rows": 1,
      "Actual Loops": 1,
      "Plans": [
        {
          "Node Type": "Gather",
          "Parent Relationship": "Outer",
          "Parallel Aware": false,
          "Startup Cost": 44520.37,
          "Total Cost": 44520.68,
          "Plan Rows": 3,
          "Plan Width": 8,
          "Actual Startup Time": 120.622,
          "Actual Total Time": 130.698,
          "Actual Rows": 4,
          "Actual Loops": 1,
          "Workers Planned": 3,
          "Workers Launched": 3,
          "Single Copy": false,
          "Plans": [
            {
              "Node Type": "Aggregate",
              "Strategy": "Plain",
              "Partial Mode": "Partial",
              "Parent Relationship": "Outer",
              "Parallel Aware": false,
              "Startup Cost": 43520.37,
              "Total Cost": 43520.38,
              "Plan Rows": 1,
              "Plan Width": 8,
              "Actual Startup Time": 114.616,
              "Actual Total Time": 114.617,
              "Actual Rows": 1,
              "Actual Loops": 4,
              "Plans": [
                {
                  "Node Type": "Seq Scan",
                  "Parent Relationship": "Outer",
                  "Parallel Aware": true,
                  "Relation Name": "movie_keyword",
                  "Alias": "mk",
                  "Startup Cost": 0.0,
                  "Total Cost": 42695.65,
                  "Plan Rows": 329886,
                  "Plan Width": 0,
                  "Actual Startup Time": 3.394,
                  "Actual Total Time": 102.223,
                  "Actual Rows": 254382,
                  "Actual Loops": 4,
                  "Filter": "(keyword_id > 17728)",
                  "Rows Removed by Filter": 876601
                }
              ]
            }
          ]
        }
      ]
    },
    "Planning Time": 0.147,
    "Triggers": [],
    "Execution Time": 130.749
  }
]