{
  "Plan": {
    "Node Type": "Aggregate",
    "Strategy": "Plain",
    "Partial Mode": "Finalize",
    "Parallel Aware": false,
    "Startup Cost": 119564.52,
    "Total Cost": 119564.53,
    "Plan Rows": 1,
    "Plan Width": 8,
    "Actual Startup Time": 488.978,
    "Actual Total Time": 506.034,
    "Actual Rows": 1,
    "Actual Loops": 1,
    "Plans": [
      {
        "Node Type": "Gather",
        "Parent Relationship": "Outer",
        "Parallel Aware": false,
        "Startup Cost": 119564.41,
        "Total Cost": 119564.52,
        "Plan Rows": 1,
        "Plan Width": 8,
        "Actual Startup Time": 487.932,
        "Actual Total Time": 506.027,
        "Actual Rows": 2,
        "Actual Loops": 1,
        "Workers Planned": 1,
        "Workers Launched": 1,
        "Single Copy": false,
        "Plans": [
          {
            "Node Type": "Aggregate",
            "Strategy": "Plain",
            "Partial Mode": "Partial",
            "Parent Relationship": "Outer",
            "Parallel Aware": false,
            "Startup Cost": 118564.41,
            "Total Cost": 118564.42,
            "Plan Rows": 1,
            "Plan Width": 8,
            "Actual Startup Time": 482.226,
            "Actual Total Time": 482.23,
            "Actual Rows": 1,
            "Actual Loops": 2,
            "Plans": [
              {
                "Node Type": "Hash Join",
                "Parent Relationship": "Outer",
                "Parallel Aware": true,
                "Join Type": "Inner",
                "Startup Cost": 57824.89,
                "Total Cost": 118134.71,
                "Plan Rows": 171882,
                "Plan Width": 0,
                "Actual Startup Time": 202.644,
                "Actual Total Time": 473.926,
                "Actual Rows": 212412,
                "Actual Loops": 2,
                "Inner Unique": true,
                "Hash Cond": "(mk.movie_id = t.id)",
                "Plans": [
                  {
                    "Node Type": "Seq Scan",
                    "Parent Relationship": "Outer",
                    "Parallel Aware": true,
                    "Relation Name": "movie_keyword",
                    "Alias": "mk",
                    "Startup Cost": 0.0,
                    "Total Cost": 57718.19,
                    "Plan Rows": 987286,
                    "Plan Width": 4,
                    "Actual Startup Time": 0.014,
                    "Actual Total Time": 169.282,
                    "Actual Rows": 850273,
                    "Actual Loops": 2,
                    "Filter": "(keyword_id < 2652)",
                    "Rows Removed by Filter": 1411692
                  },
                  {
                    "Node Type": "Hash",
                    "Parent Relationship": "Inner",
                    "Parallel Aware": true,
                    "Startup Cost": 54588.39,
                    "Total Cost": 54588.39,
                    "Plan Rows": 258920,
                    "Plan Width": 4,
                    "Actual Startup Time": 196.818,
                    "Actual Total Time": 196.819,
                    "Actual Rows": 225784,
                    "Actual Loops": 2,
                    "Hash Buckets": 524288,
                    "Original Hash Buckets": 524288,
                    "Hash Batches": 1,
                    "Original Hash Batches": 1,
                    "Peak Memory Usage": 21792,
                    "Plans": [
                      {
                        "Node Type": "Seq Scan",
                        "Parent Relationship": "Outer",
                        "Parallel Aware": true,
                        "Relation Name": "title",
                        "Alias": "t",
                        "Startup Cost": 0.0,
                        "Total Cost": 54588.39,
                        "Plan Rows": 258920,
                        "Plan Width": 4,
                        "Actual Startup Time": 0.033,
                        "Actual Total Time": 144.852,
                        "Actual Rows": 225784,
                        "Actual Loops": 2,
                        "Filter": "(production_year < 1976)",
                        "Rows Removed by Filter": 1038372
                      }
                    ]
                  }
                ]
              }
            ]
          }
        ]
      }
    ]
  },
  "Planning Time": 0.493,
  "Triggers": [],
  "Execution Time": 506.108
}