[
  {
    "Plan": {
      "Node Type": "Aggregate",
      "Strategy": "Plain",
      "Partial Mode": "Finalize",
      "Parallel Aware": false,
      "Startup Cost": 116056.88,
      "Total Cost": 116056.89,
      "Plan Rows": 1,
      "Plan Width": 8,
      "Actual Startup Time": 1072.217,
      "Actual Total Time": 1177.392,
      "Actual Rows": 1,
      "Actual Loops": 1,
      "Plans": [
        {
          "Node Type": "Gather",
          "Parent Relationship": "Outer",
          "Parallel Aware": false,
          "Startup Cost": 116056.57,
          "Total Cost": 116056.88,
          "Plan Rows": 3,
          "Plan Width": 8,
          "Actual Startup Time": 1071.584,
          "Actual Total Time": 1177.381,
          "Actual Rows": 4,
          "Actual Loops": 1,
          "Workers Planned": 3,
          "Workers Launched": 3,
          "Single Copy": false,
          "Plans": [
            {
              "Node Type": "Aggregate",
              "Strategy": "Plain",
              "Partial Mode": "Partial",
              "Parent Relationship": "Outer",
              "Parallel Aware": false,
              "Startup Cost": 115056.57,
              "Total Cost": 115056.58,
              "Plan Rows": 1,
              "Plan Width": 8,
              "Actual Startup Time": 1066.703,
              "Actual Total Time": 1066.708,
              "Actual Rows": 1,
              "Actual Loops": 4,
              "Plans": [
                {
                  "Node Type": "Nested Loop",
                  "Parent Relationship": "Outer",
                  "Parallel Aware": false,
                  "Join Type": "Inner",
                  "Startup Cost": 45653.71,
                  "Total Cost": 114621.03,
                  "Plan Rows": 174213,
                  "Plan Width": 0,
                  "Actual Startup Time": 107.707,
                  "Actual Total Time": 1041.658,
                  "Actual Rows": 413596,
                  "Actual Loops": 4,
                  "Inner Unique": false,
                  "Join Filter": "(t.id = ci.movie_id)",
                  "Rows Removed by Join Filter": 0,
                  "Plans": [
                    {
                      "Node Type": "Hash Join",
                      "Parent Relationship": "Outer",
                      "Parallel Aware": true,
                      "Join Type": "Inner",
                      "Startup Cost": 45653.15,
                      "Total Cost": 75069.04,
                      "Plan Rows": 18488,
                      "Plan Width": 8,
                      "Actual Startup Time": 107.615,
                      "Actual Total Time": 266.961,
                      "Actual Rows": 18788,
                      "Actual Loops": 4,
                      "Inner Unique": true,
                      "Hash Cond": "(mc.movie_id = t.id)",
                      "Plans": [
                        {
                          "Node Type": "Seq Scan",
                          "Parent Relationship": "Outer",
                          "Parallel Aware": true,
                          "Relation Name": "movie_companies",
                          "Alias": "mc",
                          "Startup Cost": 0.0,
                          "Total Cost": 27206.55,
                          "Plan Rows": 841655,
                          "Plan Width": 4,
                          "Actual Startup Time": 0.009,
                          "Actual Total Time": 65.114,
                          "Actual Rows": 652282,
                          "Actual Loops": 4
                        },
                        {
                          "Node Type": "Hash",
                          "Parent Relationship": "Inner",
                          "Parallel Aware": true,
                          "Startup Cost": 45479.59,
                          "Total Cost": 45479.59,
                          "Plan Rows": 13885,
                          "Plan Width": 4,
                          "Actual Startup Time": 106.694,
                          "Actual Total Time": 106.695,
                          "Actual Rows": 12269,
                          "Actual Loops": 4,
                          "Hash Buckets": 65536,
                          "Original Hash Buckets": 65536,
                          "Hash Batches": 1,
                          "Original Hash Batches": 1,
                          "Peak Memory Usage": 2496,
                          "Plans": [
                            {
                              "Node Type": "Seq Scan",
                              "Parent Relationship": "Outer",
                              "Parallel Aware": true,
                              "Relation Name": "title",
                              "Alias": "t",
                              "Startup Cost": 0.0,
                              "Total Cost": 45479.59,
                              "Plan Rows": 13885,
                              "Plan Width": 4,
                              "Actual Startup Time": 0.077,
                              "Actual Total Time": 100.934,
                              "Actual Rows": 12269,
                              "Actual Loops": 4,
                              "Filter": "((kind_id < 7) AND (production_year = 2010))",
                              "Rows Removed by Filter": 619809
                            }
                          ]
                        }
                      ]
                    },
                    {
                      "Node Type": "Index Scan",
                      "Parent Relationship": "Inner",
                      "Parallel Aware": false,
                      "Scan Direction": "Forward",
                      "Index Name": "movie_id_cast_info",
                      "Relation Name": "cast_info",
                      "Alias": "ci",
                      "Startup Cost": 0.56,
                      "Total Cost": 1.85,
                      "Plan Rows": 23,
                      "Plan Width": 4,
                      "Actual Startup Time": 0.007,
                      "Actual Total Time": 0.038,
                      "Actual Rows": 22,
                      "Actual Loops": 75154,
                      "Index Cond": "(movie_id = mc.movie_id)",
                      "Rows Removed by Index Recheck": 0,
                      "Filter": "(person_id < 2458881)",
                      "Rows Removed by Filter": 15
                    }
                  ]
                }
              ]
            }
          ]
        }
      ]
    },
    "Planning Time": 1.201,
    "Triggers": [],
    "Execution Time": 1177.478
  }
]