[
  {
    "Plan": {
      "Node Type": "Aggregate",
      "Strategy": "Plain",
      "Partial Mode": "Finalize",
      "Parallel Aware": false,
      "Startup Cost": 117872.19,
      "Total Cost": 117872.2,
      "Plan Rows": 1,
      "Plan Width": 8,
      "Actual Startup Time": 929.819,
      "Actual Total Time": 1014.444,
      "Actual Rows": 1,
      "Actual Loops": 1,
      "Plans": [
        {
          "Node Type": "Gather",
          "Parent Relationship": "Outer",
          "Parallel Aware": false,
          "Startup Cost": 117871.87,
          "Total Cost": 117872.18,
          "Plan Rows": 3,
          "Plan Width": 8,
          "Actual Startup Time": 929.493,
          "Actual Total Time": 1014.434,
          "Actual Rows": 4,
          "Actual Loops": 1,
          "Workers Planned": 3,
          "Workers Launched": 3,
          "Single Copy": false,
          "Plans": [
            {
              "Node Type": "Aggregate",
              "Strategy": "Plain",
              "Partial Mode": "Partial",
              "Parent Relationship": "Outer",
              "Parallel Aware": false,
              "Startup Cost": 116871.87,
              "Total Cost": 116871.88,
              "Plan Rows": 1,
              "Plan Width": 8,
              "Actual Startup Time": 919.964,
              "Actual Total Time": 919.967,
              "Actual Rows": 1,
              "Actual Loops": 4,
              "Plans": [
                {
                  "Node Type": "Nested Loop",
                  "Parent Relationship": "Outer",
                  "Parallel Aware": false,
                  "Join Type": "Inner",
                  "Startup Cost": 45656.78,
                  "Total Cost": 116425.42,
                  "Plan Rows": 178579,
                  "Plan Width": 0,
                  "Actual Startup Time": 101.039,
                  "Actual Total Time": 900.046,
                  "Actual Rows": 413596,
                  "Actual Loops": 4,
                  "Inner Unique": false,
                  "Join Filter": "(t.id = ci.movie_id)",
                  "Rows Removed by Join Filter": 0,
                  "Plans": [
                    {
                      "Node Type": "Hash Join",
                      "Parent Relationship": "Outer",
                      "Parallel Aware": true,
                      "Join Type": "Inner",
                      "Startup Cost": 45656.21,
                      "Total Cost": 75072.1,
                      "Plan Rows": 18867,
                      "Plan Width": 8,
                      "Actual Startup Time": 100.947,
                      "Actual Total Time": 232.779,
                      "Actual Rows": 18788,
                      "Actual Loops": 4,
                      "Inner Unique": true,
                      "Hash Cond": "(mc.movie_id = t.id)",
                      "Plans": [
                        {
                          "Node Type": "Seq Scan",
                          "Parent Relationship": "Outer",
                          "Parallel Aware": true,
                          "Relation Name": "movie_companies",
                          "Alias": "mc",
                          "Startup Cost": 0.0,
                          "Total Cost": 27206.55,
                          "Plan Rows": 841655,
                          "Plan Width": 4,
                          "Actual Startup Time": 0.019,
                          "Actual Total Time": 54.327,
                          "Actual Rows": 652282,
                          "Actual Loops": 4
                        },
                        {
                          "Node Type": "Hash",
                          "Parent Relationship": "Inner",
                          "Parallel Aware": true,
                          "Startup Cost": 45479.1,
                          "Total Cost": 45479.1,
                          "Plan Rows": 14169,
                          "Plan Width": 4,
                          "Actual Startup Time": 99.49,
                          "Actual Total Time": 99.491,
                          "Actual Rows": 12269,
                          "Actual Loops": 4,
                          "Hash Buckets": 65536,
                          "Original Hash Buckets": 65536,
                          "Hash Batches": 1,
                          "Original Hash Batches": 1,
                          "Peak Memory Usage": 2496,
                          "Plans": [
                            {
                              "Node Type": "Seq Scan",
                              "Parent Relationship": "Outer",
                              "Parallel Aware": true,
                              "Relation Name": "title",
                              "Alias": "t",
                              "Startup Cost": 0.0,
                              "Total Cost": 45479.1,
                              "Plan Rows": 14169,
                              "Plan Width": 4,
                              "Actual Startup Time": 0.153,
                              "Actual Total Time": 94.937,
                              "Actual Rows": 12269,
                              "Actual Loops": 4,
                              "Filter": "((kind_id < 7) AND (production_year = 2010))",
                              "Rows Removed by Filter": 619809
                            }
                          ]
                        }
                      ]
                    },
                    {
                      "Node Type": "Index Scan",
                      "Parent Relationship": "Inner",
                      "Parallel Aware": false,
                      "Scan Direction": "Forward",
                      "Index Name": "movie_id_cast_info",
                      "Relation Name": "cast_info",
                      "Alias": "ci",
                      "Startup Cost": 0.56,
                      "Total Cost": 1.89,
                      "Plan Rows": 24,
                      "Plan Width": 4,
                      "Actual Startup Time": 0.006,
                      "Actual Total Time": 0.033,
                      "Actual Rows": 22,
                      "Actual Loops": 75154,
                      "Index Cond": "(movie_id = mc.movie_id)",
                      "Rows Removed by Index Recheck": 0,
                      "Filter": "(person_id < 2458881)",
                      "Rows Removed by Filter": 15
                    }
                  ]
                }
              ]
            }
          ]
        }
      ]
    },
    "Planning Time": 1.449,
    "Triggers": [],
    "Execution Time": 1014.551
  }
]