[
  {
    "Plan": {
      "Node Type": "Aggregate",
      "Strategy": "Plain",
      "Partial Mode": "Finalize",
      "Parallel Aware": false,
      "Startup Cost": 33449.02,
      "Total Cost": 33449.03,
      "Plan Rows": 1,
      "Plan Width": 8,
      "Actual Startup Time": 129.642,
      "Actual Total Time": 136.038,
      "Actual Rows": 1,
      "Actual Loops": 1,
      "Plans": [
        {
          "Node Type": "Gather",
          "Parent Relationship": "Outer",
          "Parallel Aware": false,
          "Startup Cost": 33448.71,
          "Total Cost": 33449.02,
          "Plan Rows": 3,
          "Plan Width": 8,
          "Actual Startup Time": 129.412,
          "Actual Total Time": 136.03,
          "Actual Rows": 4,
          "Actual Loops": 1,
          "Workers Planned": 3,
          "Workers Launched": 3,
          "Single Copy": false,
          "Plans": [
            {
              "Node Type": "Aggregate",
              "Strategy": "Plain",
              "Partial Mode": "Partial",
              "Parent Relationship": "Outer",
              "Parallel Aware": false,
              "Startup Cost": 32448.71,
              "Total Cost": 32448.72,
              "Plan Rows": 1,
              "Plan Width": 8,
              "Actual Startup Time": 122.225,
              "Actual Total Time": 122.226,
              "Actual Rows": 1,
              "Actual Loops": 4,
              "Plans": [
                {
                  "Node Type": "Seq Scan",
                  "Parent Relationship": "Outer",
                  "Parallel Aware": true,
                  "Relation Name": "movie_companies",
                  "Alias": "mc",
                  "Startup Cost": 0.0,
                  "Total Cost": 31414.82,
                  "Plan Rows": 413555,
                  "Plan Width": 0,
                  "Actual Startup Time": 54.853,
                  "Actual Total Time": 104.609,
                  "Actual Rows": 313594,
                  "Actual Loops": 4,
                  "Filter": "((company_id < 169725) AND (company_type_id > 1))",
                  "Rows Removed by Filter": 338688
                }
              ]
            }
          ]
        }
      ]
    },
    "Planning Time": 0.176,
    "Triggers": [],
    "Execution Time": 136.094
  }
]