[
  {
    "Plan": {
      "Node Type": "Aggregate",
      "Strategy": "Plain",
      "Partial Mode": "Finalize",
      "Parallel Aware": false,
      "Startup Cost": 296762.33,
      "Total Cost": 296762.34,
      "Plan Rows": 1,
      "Plan Width": 8,
      "Actual Startup Time": 925.971,
      "Actual Total Time": 949.642,
      "Actual Rows": 1,
      "Actual Loops": 1,
      "Plans": [
        {
          "Node Type": "Gather",
          "Parent Relationship": "Outer",
          "Parallel Aware": false,
          "Startup Cost": 296761.7,
          "Total Cost": 296762.31,
          "Plan Rows": 6,
          "Plan Width": 8,
          "Actual Startup Time": 913.796,
          "Actual Total Time": 949.631,
          "Actual Rows": 7,
          "Actual Loops": 1,
          "Workers Planned": 6,
          "Workers Launched": 6,
          "Single Copy": false,
          "Plans": [
            {
              "Node Type": "Aggregate",
              "Strategy": "Plain",
              "Partial Mode": "Partial",
              "Parent Relationship": "Outer",
              "Parallel Aware": false,
              "Startup Cost": 295761.7,
              "Total Cost": 295761.71,
              "Plan Rows": 1,
              "Plan Width": 8,
              "Actual Startup Time": 902.767,
              "Actual Total Time": 902.844,
              "Actual Rows": 1,
              "Actual Loops": 7,
              "Plans": [
                {
                  "Node Type": "Hash Join",
                  "Parent Relationship": "Outer",
                  "Parallel Aware": true,
                  "Join Type": "Inner",
                  "Startup Cost": 92941.51,
                  "Total Cost": 295345.15,
                  "Plan Rows": 166621,
                  "Plan Width": 0,
                  "Actual Startup Time": 276.557,
                  "Actual Total Time": 816.142,
                  "Actual Rows": 1978282,
                  "Actual Loops": 7,
                  "Inner Unique": false,
                  "Hash Cond": "(ci.movie_id = t.id)",
                  "Plans": [
                    {
                      "Node Type": "Index Scan",
                      "Parent Relationship": "Outer",
                      "Parallel Aware": true,
                      "Scan Direction": "Forward",
                      "Index Name": "role_id_cast_info",
                      "Relation Name": "cast_info",
                      "Alias": "ci",
                      "Startup Cost": 0.56,
                      "Total Cost": 197207.64,
                      "Plan Rows": 1242420,
                      "Plan Width": 4,
                      "Actual Startup Time": 0.317,
                      "Actual Total Time": 191.564,
                      "Actual Rows": 1062320,
                      "Actual Loops": 7,
                      "Index Cond": "(role_id > 7)",
                      "Rows Removed by Index Recheck": 0
                    },
                    {
                      "Node Type": "Hash",
                      "Parent Relationship": "Inner",
                      "Parallel Aware": true,
                      "Startup Cost": 91573.74,
                      "Total Cost": 91573.74,
                      "Plan Rows": 109377,
                      "Plan Width": 8,
                      "Actual Startup Time": 273.946,
                      "Actual Total Time": 274.022,
                      "Actual Rows": 92657,
                      "Actual Loops": 7,
                      "Hash Buckets": 1048576,
                      "Original Hash Buckets": 524288,
                      "Hash Batches": 1,
                      "Original Hash Batches": 1,
                      "Peak Memory Usage": 37760,
                      "Plans": [
                        {
                          "Node Type": "Hash Join",
                          "Parent Relationship": "Outer",
                          "Parallel Aware": true,
                          "Join Type": "Inner",
                          "Startup Cost": 47965.86,
                          "Total Cost": 91573.74,
                          "Plan Rows": 109377,
                          "Plan Width": 8,
                          "Actual Startup Time": 136.805,
                          "Actual Total Time": 233.003,
                          "Actual Rows": 92657,
                          "Actual Loops": 7,
                          "Inner Unique": true,
                          "Hash Cond": "(mk.movie_id = t.id)",
                          "Plans": [
                            {
                              "Node Type": "Seq Scan",
                              "Parent Relationship": "Outer",
                              "Parallel Aware": true,
                              "Relation Name": "movie_keyword",
                              "Alias": "mk",
                              "Startup Cost": 0.0,
                              "Total Cost": 42695.65,
                              "Plan Rows": 347513,
                              "Plan Width": 4,
                              "Actual Startup Time": 0.842,
                              "Actual Total Time": 65.351,
                              "Actual Rows": 153860,
                              "Actual Loops": 7,
                              "Filter": "(keyword_id > 16412)",
                              "Rows Removed by Filter": 492416
                            },
                            {
                              "Node Type": "Hash",
                              "Parent Relationship": "Inner",
                              "Parallel Aware": true,
                              "Startup Cost": 45479.1,
                              "Total Cost": 45479.1,
                              "Plan Rows": 198941,
                              "Plan Width": 4,
                              "Actual Startup Time": 134.171,
                              "Actual Total Time": 134.172,
                              "Actual Rows": 100278,
                              "Actual Loops": 7,
                              "Hash Buckets": 1048576,
                              "Original Hash Buckets": 1048576,
                              "Hash Batches": 1,
                              "Original Hash Batches": 1,
                              "Peak Memory Usage": 35776,
                              "Plans": [
                                {
                                  "Node Type": "Seq Scan",
                                  "Parent Relationship": "Outer",
                                  "Parallel Aware": true,
                                  "Relation Name": "title",
                                  "Alias": "t",
                                  "Startup Cost": 0.0,
                                  "Total Cost": 45479.1,
                                  "Plan Rows": 198941,
                                  "Plan Width": 4,
                                  "Actual Startup Time": 0.053,
                                  "Actual Total Time": 80.797,
                                  "Actual Rows": 100278,
                                  "Actual Loops": 7,
                                  "Filter": "((kind_id < 7) AND (production_year > 1974))",
                                  "Rows Removed by Filter": 260909
                                }
                              ]
                            }
                          ]
                        }
                      ]
                    }
                  ]
                }
              ]
            }
          ]
        }
      ]
    },
    "Planning Time": 1.358,
    "Triggers": [],
    "Execution Time": 949.742
  }
]