[
  {
    "Plan": {
      "Node Type": "Aggregate",
      "Strategy": "Plain",
      "Partial Mode": "Finalize",
      "Parallel Aware": false,
      "Startup Cost": 172737.79,
      "Total Cost": 172737.8,
      "Plan Rows": 1,
      "Plan Width": 8,
      "Actual Startup Time": 1051.652,
      "Actual Total Time": 1090.865,
      "Actual Rows": 1,
      "Actual Loops": 1,
      "Plans": [
        {
          "Node Type": "Gather",
          "Parent Relationship": "Outer",
          "Parallel Aware": false,
          "Startup Cost": 172737.47,
          "Total Cost": 172737.78,
          "Plan Rows": 3,
          "Plan Width": 8,
          "Actual Startup Time": 1046.792,
          "Actual Total Time": 1090.856,
          "Actual Rows": 4,
          "Actual Loops": 1,
          "Workers Planned": 3,
          "Workers Launched": 3,
          "Single Copy": false,
          "Plans": [
            {
              "Node Type": "Aggregate",
              "Strategy": "Plain",
              "Partial Mode": "Partial",
              "Parent Relationship": "Outer",
              "Parallel Aware": false,
              "Startup Cost": 171737.47,
              "Total Cost": 171737.48,
              "Plan Rows": 1,
              "Plan Width": 8,
              "Actual Startup Time": 1039.565,
              "Actual Total Time": 1039.57,
              "Actual Rows": 1,
              "Actual Loops": 4,
              "Plans": [
                {
                  "Node Type": "Nested Loop",
                  "Parent Relationship": "Outer",
                  "Parallel Aware": false,
                  "Join Type": "Inner",
                  "Startup Cost": 53939.31,
                  "Total Cost": 171343.59,
                  "Plan Rows": 157552,
                  "Plan Width": 0,
                  "Actual Startup Time": 192.939,
                  "Actual Total Time": 989.099,
                  "Actual Rows": 1090592,
                  "Actual Loops": 4,
                  "Inner Unique": false,
                  "Plans": [
                    {
                      "Node Type": "Hash Join",
                      "Parent Relationship": "Outer",
                      "Parallel Aware": true,
                      "Join Type": "Inner",
                      "Startup Cost": 53938.88,
                      "Total Cost": 74295.39,
                      "Plan Rows": 40410,
                      "Plan Width": 8,
                      "Actual Startup Time": 192.811,
                      "Actual Total Time": 256.636,
                      "Actual Rows": 80907,
                      "Actual Loops": 4,
                      "Inner Unique": true,
                      "Hash Cond": "(mc.movie_id = t.id)",
                      "Plans": [
                        {
                          "Node Type": "Bitmap Heap Scan",
                          "Parent Relationship": "Outer",
                          "Parallel Aware": true,
                          "Relation Name": "movie_companies",
                          "Alias": "mc",
                          "Startup Cost": 6956.73,
                          "Total Cost": 27041.37,
                          "Plan Rows": 103571,
                          "Plan Width": 4,
                          "Actual Startup Time": 13.861,
                          "Actual Total Time": 30.064,
                          "Actual Rows": 80907,
                          "Actual Loops": 4,
                          "Recheck Cond": "(company_id > 91411)",
                          "Rows Removed by Index Recheck": 0,
                          "Exact Heap Blocks": 1381,
                          "Lossy Heap Blocks": 0,
                          "Plans": [
                            {
                              "Node Type": "Bitmap Index Scan",
                              "Parent Relationship": "Outer",
                              "Parallel Aware": false,
                              "Index Name": "company_id_movie_companies",
                              "Startup Cost": 0.0,
                              "Total Cost": 6876.46,
                              "Plan Rows": 321071,
                              "Plan Width": 0,
                              "Actual Startup Time": 13.181,
                              "Actual Total Time": 13.182,
                              "Actual Rows": 323628,
                              "Actual Loops": 1,
                              "Index Cond": "(company_id > 91411)"
                            }
                          ]
                        },
                        {
                          "Node Type": "Hash",
                          "Parent Relationship": "Inner",
                          "Parallel Aware": true,
                          "Startup Cost": 43899.32,
                          "Total Cost": 43899.32,
                          "Plan Rows": 246626,
                          "Plan Width": 4,
                          "Actual Startup Time": 176.578,
                          "Actual Total Time": 176.579,
                          "Actual Rows": 246262,
                          "Actual Loops": 4,
                          "Hash Buckets": 1048576,
                          "Original Hash Buckets": 1048576,
                          "Hash Batches": 1,
                          "Original Hash Batches": 1,
                          "Peak Memory Usage": 46784,
                          "Plans": [
                            {
                              "Node Type": "Seq Scan",
                              "Parent Relationship": "Outer",
                              "Parallel Aware": true,
                              "Relation Name": "title",
                              "Alias": "t",
                              "Startup Cost": 0.0,
                              "Total Cost": 43899.32,
                              "Plan Rows": 246626,
                              "Plan Width": 4,
                              "Actual Startup Time": 0.041,
                              "Actual Total Time": 95.068,
                              "Actual Rows": 246262,
                              "Actual Loops": 4,
                              "Filter": "(kind_id < 7)",
                              "Rows Removed by Filter": 385816
                            }
                          ]
                        }
                      ]
                    },
                    {
                      "Node Type": "Index Scan",
                      "Parent Relationship": "Inner",
                      "Parallel Aware": false,
                      "Scan Direction": "Forward",
                      "Index Name": "movie_id_movie_info",
                      "Relation Name": "movie_info",
                      "Alias": "mi",
                      "Startup Cost": 0.43,
                      "Total Cost": 2.13,
                      "Plan Rows": 27,
                      "Plan Width": 4,
                      "Actual Startup Time": 0.003,
                      "Actual Total Time": 0.008,
                      "Actual Rows": 13,
                      "Actual Loops": 323628,
                      "Index Cond": "(movie_id = t.id)",
                      "Rows Removed by Index Recheck": 0,
                      "Filter": "(info_type_id > 4)",
                      "Rows Removed by Filter": 4
                    }
                  ]
                }
              ]
            }
          ]
        }
      ]
    },
    "Planning Time": 0.605,
    "Triggers": [],
    "Execution Time": 1090.911
  }
]