[
  {
    "Plan": {
      "Node Type": "Aggregate",
      "Strategy": "Plain",
      "Partial Mode": "Simple",
      "Parallel Aware": false,
      "Startup Cost": 40000107500.36,
      "Total Cost": 40000107500.37,
      "Plan Rows": 1,
      "Plan Width": 68,
      "Actual Startup Time": 2.463,
      "Actual Total Time": 2.468,
      "Actual Rows": 1,
      "Actual Loops": 1,
      "Plans": [
        {
          "Node Type": "Nested Loop",
          "Parent Relationship": "Outer",
          "Parallel Aware": false,
          "Join Type": "Inner",
          "Startup Cost": 40000006243.21,
          "Total Cost": 40000107468.14,
          "Plan Rows": 4296,
          "Plan Width": 45,
          "Actual Startup Time": 2.209,
          "Actual Total Time": 2.45,
          "Actual Rows": 4,
          "Actual Loops": 1,
          "Inner Unique": false,
          "Join Filter": "(mc.company_type_id = ct.id)",
          "Rows Removed by Join Filter": 74,
          "Plans": [
            {
              "Node Type": "Seq Scan",
              "Parent Relationship": "Outer",
              "Parallel Aware": false,
              "Relation Name": "company_type",
              "Alias": "ct",
              "Startup Cost": 0.0,
              "Total Cost": 1.05,
              "Plan Rows": 1,
              "Plan Width": 4,
              "Actual Startup Time": 0.04,
              "Actual Total Time": 0.043,
              "Actual Rows": 1,
              "Actual Loops": 1,
              "Filter": "((kind)::text = 'production companies'::text)",
              "Rows Removed by Filter": 3
            },
            {
              "Node Type": "Nested Loop",
              "Parent Relationship": "Inner",
              "Parallel Aware": false,
              "Join Type": "Inner",
              "Startup Cost": 30000006243.21,
              "Total Cost": 30000107252.28,
              "Plan Rows": 17185,
              "Plan Width": 49,
              "Actual Startup Time": 0.749,
              "Actual Total Time": 2.388,
              "Actual Rows": 78,
              "Actual Loops": 1,
              "Inner Unique": false,
              "Plans": [
                {
                  "Node Type": "Nested Loop",
                  "Parent Relationship": "Outer",
                  "Parallel Aware": false,
                  "Join Type": "Inner",
                  "Startup Cost": 20000006242.71,
                  "Total Cost": 20000076642.5,
                  "Plan Rows": 6653,
                  "Plan Width": 29,
                  "Actual Startup Time": 0.585,
                  "Actual Total Time": 1.497,
                  "Actual Rows": 6,
                  "Actual Loops": 1,
                  "Inner Unique": true,
                  "Plans": [
                    {
                      "Node Type": "Nested Loop",
                      "Parent Relationship": "Outer",
                      "Parallel Aware": false,
                      "Join Type": "Inner",
                      "Startup Cost": 10000006242.25,
                      "Total Cost": 10000021942.36,
                      "Plan Rows": 12213,
                      "Plan Width": 4,
                      "Actual Startup Time": 0.23,
                      "Actual Total Time": 0.243,
                      "Actual Rows": 10,
                      "Actual Loops": 1,
                      "Inner Unique": false,
                      "Plans": [
                        {
                          "Node Type": "Seq Scan",
                          "Parent Relationship": "Outer",
                          "Parallel Aware": false,
                          "Relation Name": "info_type",
                          "Alias": "it",
                          "Startup Cost": 0.0,
                          "Total Cost": 2.41,
                          "Plan Rows": 1,
                          "Plan Width": 4,
                          "Actual Startup Time": 0.036,
                          "Actual Total Time": 0.037,
                          "Actual Rows": 1,
                          "Actual Loops": 1,
                          "Filter": "((info)::text = 'bottom 10 rank'::text)",
                          "Rows Removed by Filter": 112
                        },
                        {
                          "Node Type": "Bitmap Heap Scan",
                          "Parent Relationship": "Inner",
                          "Parallel Aware": false,
                          "Relation Name": "movie_info_idx",
                          "Alias": "mi_idx",
                          "Startup Cost": 6242.25,
                          "Total Cost": 18489.86,
                          "Plan Rows": 345009,
                          "Plan Width": 8,
                          "Actual Startup Time": 0.187,
                          "Actual Total Time": 0.191,
                          "Actual Rows": 10,
                          "Actual Loops": 1,
                          "Recheck Cond": "(info_type_id = it.id)",
                          "Rows Removed by Index Recheck": 0,
                          "Exact Heap Blocks": 1,
                          "Lossy Heap Blocks": 0,
                          "Plans": [
                            {
                              "Node Type": "Bitmap Index Scan",
                              "Parent Relationship": "Outer",
                              "Parallel Aware": false,
                              "Index Name": "info_type_id_movie_info_idx",
                              "Startup Cost": 0.0,
                              "Total Cost": 6155.99,
                              "Plan Rows": 345009,
                              "Plan Width": 0,
                              "Actual Startup Time": 0.138,
                              "Actual Total Time": 0.138,
                              "Actual Rows": 10,
                              "Actual Loops": 1,
                              "Index Cond": "(info_type_id = it.id)"
                            }
                          ]
                        }
                      ]
                    },
                    {
                      "Node Type": "Bitmap Heap Scan",
                      "Parent Relationship": "Inner",
                      "Parallel Aware": false,
                      "Relation Name": "title",
                      "Alias": "t",
                      "Startup Cost": 0.46,
                      "Total Cost": 4.48,
                      "Plan Rows": 1,
                      "Plan Width": 25,
                      "Actual Startup Time": 0.12,
                      "Actual Total Time": 0.12,
                      "Actual Rows": 1,
                      "Actual Loops": 10,
                      "Recheck Cond": "(id = mi_idx.movie_id)",
                      "Rows Removed by Index Recheck": 0,
                      "Filter": "(production_year > 2000)",
                      "Rows Removed by Filter": 0,
                      "Exact Heap Blocks": 10,
                      "Lossy Heap Blocks": 0,
                      "Plans": [
                        {
                          "Node Type": "Bitmap Index Scan",
                          "Parent Relationship": "Outer",
                          "Parallel Aware": false,
                          "Index Name": "title_pkey",
                          "Startup Cost": 0.0,
                          "Total Cost": 0.46,
                          "Plan Rows": 1,
                          "Plan Width": 0,
                          "Actual Startup Time": 0.08,
                          "Actual Total Time": 0.08,
                          "Actual Rows": 1,
                          "Actual Loops": 10,
                          "Index Cond": "(id = mi_idx.movie_id)"
                        }
                      ]
                    }
                  ]
                },
                {
                  "Node Type": "Bitmap Heap Scan",
                  "Parent Relationship": "Inner",
                  "Parallel Aware": false,
                  "Relation Name": "movie_companies",
                  "Alias": "mc",
                  "Startup Cost": 0.5,
                  "Total Cost": 4.57,
                  "Plan Rows": 3,
                  "Plan Width": 32,
                  "Actual Startup Time": 0.109,
                  "Actual Total Time": 0.139,
                  "Actual Rows": 13,
                  "Actual Loops": 6,
                  "Recheck Cond": "(movie_id = t.id)",
                  "Rows Removed by Index Recheck": 0,
                  "Filter": "(note !~~ '%(as Metro-Goldwyn-Mayer Pictures)%'::text)",
                  "Rows Removed by Filter": 2,
                  "Exact Heap Blocks": 12,
                  "Lossy Heap Blocks": 0,
                  "Plans": [
                    {
                      "Node Type": "Bitmap Index Scan",
                      "Parent Relationship": "Outer",
                      "Parallel Aware": false,
                      "Index Name": "movie_id_movie_companies",
                      "Startup Cost": 0.0,
                      "Total Cost": 0.5,
                      "Plan Rows": 5,
                      "Plan Width": 0,
                      "Actual Startup Time": 0.078,
                      "Actual Total Time": 0.078,
                      "Actual Rows": 16,
                      "Actual Loops": 6,
                      "Index Cond": "(movie_id = t.id)"
                    }
                  ]
                }
              ]
            }
          ]
        }
      ]
    },
    "Planning Time": 5.56,
    "Triggers": [],
    "Execution Time": 3.037
  }
]