[
  {
    "Plan": {
      "Node Type": "Aggregate",
      "Strategy": "Plain",
      "Partial Mode": "Finalize",
      "Parallel Aware": false,
      "Startup Cost": 75884.05,
      "Total Cost": 75884.06,
      "Plan Rows": 1,
      "Plan Width": 8,
      "Actual Startup Time": 210.435,
      "Actual Total Time": 222.322,
      "Actual Rows": 1,
      "Actual Loops": 1,
      "Plans": [
        {
          "Node Type": "Gather",
          "Parent Relationship": "Outer",
          "Parallel Aware": false,
          "Startup Cost": 75883.73,
          "Total Cost": 75884.04,
          "Plan Rows": 3,
          "Plan Width": 8,
          "Actual Startup Time": 208.906,
          "Actual Total Time": 222.316,
          "Actual Rows": 4,
          "Actual Loops": 1,
          "Workers Planned": 3,
          "Workers Launched": 3,
          "Single Copy": false,
          "Plans": [
            {
              "Node Type": "Aggregate",
              "Strategy": "Plain",
              "Partial Mode": "Partial",
              "Parent Relationship": "Outer",
              "Parallel Aware": false,
              "Startup Cost": 74883.73,
              "Total Cost": 74883.74,
              "Plan Rows": 1,
              "Plan Width": 8,
              "Actual Startup Time": 199.358,
              "Actual Total Time": 199.361,
              "Actual Rows": 1,
              "Actual Loops": 4,
              "Plans": [
                {
                  "Node Type": "Nested Loop",
                  "Parent Relationship": "Outer",
                  "Parallel Aware": false,
                  "Join Type": "Inner",
                  "Startup Cost": 51168.98,
                  "Total Cost": 74875.14,
                  "Plan Rows": 3435,
                  "Plan Width": 0,
                  "Actual Startup Time": 165.18,
                  "Actual Total Time": 199.295,
                  "Actual Rows": 600,
                  "Actual Loops": 4,
                  "Inner Unique": false,
                  "Plans": [
                    {
                      "Node Type": "Hash Join",
                      "Parent Relationship": "Outer",
                      "Parallel Aware": true,
                      "Join Type": "Inner",
                      "Startup Cost": 51168.56,
                      "Total Cost": 70962.01,
                      "Plan Rows": 6293,
                      "Plan Width": 8,
                      "Actual Startup Time": 164.935,
                      "Actual Total Time": 195.009,
                      "Actual Rows": 414,
                      "Actual Loops": 4,
                      "Inner Unique": true,
                      "Hash Cond": "(mc.movie_id = t.id)",
                      "Plans": [
                        {
                          "Node Type": "Bitmap Heap Scan",
                          "Parent Relationship": "Outer",
                          "Parallel Aware": true,
                          "Relation Name": "movie_companies",
                          "Alias": "mc",
                          "Startup Cost": 4104.42,
                          "Total Cost": 23815.5,
                          "Plan Rows": 31382,
                          "Plan Width": 4,
                          "Actual Startup Time": 12.908,
                          "Actual Total Time": 28.59,
                          "Actual Rows": 46706,
                          "Actual Loops": 4,
                          "Recheck Cond": "(company_id > 117829)",
                          "Rows Removed by Index Recheck": 0,
                          "Filter": "(company_type_id > 1)",
                          "Rows Removed by Filter": 0,
                          "Exact Heap Blocks": 1433,
                          "Lossy Heap Blocks": 0,
                          "Plans": [
                            {
                              "Node Type": "Bitmap Index Scan",
                              "Parent Relationship": "Outer",
                              "Parallel Aware": false,
                              "Index Name": "company_id_movie_companies",
                              "Startup Cost": 0.0,
                              "Total Cost": 4080.1,
                              "Plan Rows": 190356,
                              "Plan Width": 0,
                              "Actual Startup Time": 11.898,
                              "Actual Total Time": 11.899,
                              "Actual Rows": 186822,
                              "Actual Loops": 1,
                              "Index Cond": "(company_id > 117829)"
                            }
                          ]
                        },
                        {
                          "Node Type": "Hash",
                          "Parent Relationship": "Inner",
                          "Parallel Aware": true,
                          "Startup Cost": 45479.59,
                          "Total Cost": 45479.59,
                          "Plan Rows": 126764,
                          "Plan Width": 4,
                          "Actual Startup Time": 148.073,
                          "Actual Total Time": 148.074,
                          "Actual Rows": 94193,
                          "Actual Loops": 4,
                          "Hash Buckets": 524288,
                          "Original Hash Buckets": 524288,
                          "Hash Batches": 1,
                          "Original Hash Batches": 1,
                          "Peak Memory Usage": 18880,
                          "Plans": [
                            {
                              "Node Type": "Seq Scan",
                              "Parent Relationship": "Outer",
                              "Parallel Aware": true,
                              "Relation Name": "title",
                              "Alias": "t",
                              "Startup Cost": 0.0,
                              "Total Cost": 45479.59,
                              "Plan Rows": 126764,
                              "Plan Width": 4,
                              "Actual Startup Time": 0.05,
                              "Actual Total Time": 110.205,
                              "Actual Rows": 94193,
                              "Actual Loops": 4,
                              "Filter": "((kind_id > 3) AND (production_year < 1994))",
                              "Rows Removed by Filter": 537885
                            }
                          ]
                        }
                      ]
                    },
                    {
                      "Node Type": "Index Only Scan",
                      "Parent Relationship": "Inner",
                      "Parallel Aware": false,
                      "Scan Direction": "Forward",
                      "Index Name": "movie_id_movie_info_idx",
                      "Relation Name": "movie_info_idx",
                      "Alias": "mi_idx",
                      "Startup Cost": 0.43,
                      "Total Cost": 0.59,
                      "Plan Rows": 3,
                      "Plan Width": 4,
                      "Actual Startup Time": 0.009,
                      "Actual Total Time": 0.01,
                      "Actual Rows": 1,
                      "Actual Loops": 1658,
                      "Index Cond": "(movie_id = t.id)",
                      "Rows Removed by Index Recheck": 0,
                      "Heap Fetches": 2400
                    }
                  ]
                }
              ]
            }
          ]
        }
      ]
    },
    "Planning Time": 1.493,
    "Triggers": [],
    "Execution Time": 222.423
  }
]