[
  {
    "Plan": {
      "Node Type": "Aggregate",
      "Strategy": "Plain",
      "Partial Mode": "Finalize",
      "Parallel Aware": false,
      "Startup Cost": 25682.91,
      "Total Cost": 25682.92,
      "Plan Rows": 1,
      "Plan Width": 8,
      "Actual Startup Time": 74.779,
      "Actual Total Time": 80.801,
      "Actual Rows": 1,
      "Actual Loops": 1,
      "Plans": [
        {
          "Node Type": "Gather",
          "Parent Relationship": "Outer",
          "Parallel Aware": false,
          "Startup Cost": 25682.6,
          "Total Cost": 25682.91,
          "Plan Rows": 3,
          "Plan Width": 8,
          "Actual Startup Time": 74.418,
          "Actual Total Time": 80.795,
          "Actual Rows": 4,
          "Actual Loops": 1,
          "Workers Planned": 3,
          "Workers Launched": 3,
          "Single Copy": false,
          "Plans": [
            {
              "Node Type": "Aggregate",
              "Strategy": "Plain",
              "Partial Mode": "Partial",
              "Parent Relationship": "Outer",
              "Parallel Aware": false,
              "Startup Cost": 24682.6,
              "Total Cost": 24682.61,
              "Plan Rows": 1,
              "Plan Width": 8,
              "Actual Startup Time": 68.32,
              "Actual Total Time": 68.322,
              "Actual Rows": 1,
              "Actual Loops": 4,
              "Plans": [
                {
                  "Node Type": "Bitmap Heap Scan",
                  "Parent Relationship": "Outer",
                  "Parallel Aware": true,
                  "Relation Name": "movie_companies",
                  "Alias": "mc",
                  "Startup Cost": 4737.87,
                  "Total Cost": 24591.96,
                  "Plan Rows": 36255,
                  "Plan Width": 0,
                  "Actual Startup Time": 56.425,
                  "Actual Total Time": 67.532,
                  "Actual Rows": 12039,
                  "Actual Loops": 4,
                  "Recheck Cond": "(company_id < 73)",
                  "Rows Removed by Index Recheck": 0,
                  "Filter": "(company_type_id > 1)",
                  "Rows Removed by Filter": 41762,
                  "Exact Heap Blocks": 11210,
                  "Lossy Heap Blocks": 0,
                  "Plans": [
                    {
                      "Node Type": "Bitmap Index Scan",
                      "Parent Relationship": "Outer",
                      "Parallel Aware": false,
                      "Index Name": "company_id_movie_companies",
                      "Startup Cost": 0.0,
                      "Total Cost": 4709.77,
                      "Plan Rows": 219912,
                      "Plan Width": 0,
                      "Actual Startup Time": 27.351,
                      "Actual Total Time": 27.352,
                      "Actual Rows": 215203,
                      "Actual Loops": 1,
                      "Index Cond": "(company_id < 73)"
                    }
                  ]
                }
              ]
            }
          ]
        }
      ]
    },
    "Planning Time": 0.18,
    "Triggers": [],
    "Execution Time": 80.87
  }
]