{
  "Plan": {
    "Node Type": "Aggregate",
    "Strategy": "Plain",
    "Partial Mode": "Finalize",
    "Parallel Aware": false,
    "Startup Cost": 155728.84,
    "Total Cost": 155728.85,
    "Plan Rows": 1,
    "Plan Width": 8,
    "Actual Startup Time": 1272.294,
    "Actual Total Time": 1291.36,
    "Actual Rows": 1,
    "Actual Loops": 1,
    "Plans": [
      {
        "Node Type": "Gather",
        "Parent Relationship": "Outer",
        "Parallel Aware": false,
        "Startup Cost": 155728.73,
        "Total Cost": 155728.84,
        "Plan Rows": 1,
        "Plan Width": 8,
        "Actual Startup Time": 1267.705,
        "Actual Total Time": 1291.35,
        "Actual Rows": 2,
        "Actual Loops": 1,
        "Workers Planned": 1,
        "Workers Launched": 1,
        "Single Copy": false,
        "Plans": [
          {
            "Node Type": "Aggregate",
            "Strategy": "Plain",
            "Partial Mode": "Partial",
            "Parent Relationship": "Outer",
            "Parallel Aware": false,
            "Startup Cost": 154728.73,
            "Total Cost": 154728.74,
            "Plan Rows": 1,
            "Plan Width": 8,
            "Actual Startup Time": 1262.531,
            "Actual Total Time": 1264.054,
            "Actual Rows": 1,
            "Actual Loops": 2,
            "Plans": [
              {
                "Node Type": "Hash Join",
                "Parent Relationship": "Outer",
                "Parallel Aware": true,
                "Join Type": "Inner",
                "Startup Cost": 86414.71,
                "Total Cost": 153791.91,
                "Plan Rows": 374729,
                "Plan Width": 0,
                "Actual Startup Time": 545.622,
                "Actual Total Time": 1128.97,
                "Actual Rows": 3471308,
                "Actual Loops": 2,
                "Inner Unique": false,
                "Hash Cond": "(mk.movie_id = t.id)",
                "Plans": [
                  {
                    "Node Type": "Seq Scan",
                    "Parent Relationship": "Outer",
                    "Parallel Aware": true,
                    "Relation Name": "movie_keyword",
                    "Alias": "mk",
                    "Startup Cost": 0.0,
                    "Total Cost": 57718.19,
                    "Plan Rows": 1987925,
                    "Plan Width": 4,
                    "Actual Startup Time": 0.021,
                    "Actual Total Time": 192.584,
                    "Actual Rows": 1688622,
                    "Actual Loops": 2,
                    "Filter": "(keyword_id < 16264)",
                    "Rows Removed by Filter": 573342
                  },
                  {
                    "Node Type": "Hash",
                    "Parent Relationship": "Inner",
                    "Parallel Aware": true,
                    "Startup Cost": 82910.37,
                    "Total Cost": 82910.37,
                    "Plan Rows": 280347,
                    "Plan Width": 8,
                    "Actual Startup Time": 539.726,
                    "Actual Total Time": 541.247,
                    "Actual Rows": 457838,
                    "Actual Loops": 2,
                    "Hash Buckets": 1048576,
                    "Original Hash Buckets": 524288,
                    "Hash Batches": 1,
                    "Original Hash Batches": 1,
                    "Peak Memory Usage": 48128,
                    "Plans": [
                      {
                        "Node Type": "Hash Join",
                        "Parent Relationship": "Outer",
                        "Parallel Aware": true,
                        "Join Type": "Inner",
                        "Startup Cost": 64726.58,
                        "Total Cost": 82910.37,
                        "Plan Rows": 280347,
                        "Plan Width": 8,
                        "Actual Startup Time": 263.671,
                        "Actual Total Time": 450.972,
                        "Actual Rows": 457838,
                        "Actual Loops": 2,
                        "Inner Unique": true,
                        "Hash Cond": "(mi_idx.movie_id = t.id)",
                        "Plans": [
                          {
                            "Node Type": "Seq Scan",
                            "Parent Relationship": "Outer",
                            "Parallel Aware": true,
                            "Relation Name": "movie_info_idx",
                            "Alias": "mi_idx",
                            "Startup Cost": 0.0,
                            "Total Cost": 16052.85,
                            "Plan Rows": 811785,
                            "Plan Width": 4,
                            "Actual Startup Time": 0.018,
                            "Actual Total Time": 50.05,
                            "Actual Rows": 690018,
                            "Actual Loops": 2
                          },
                          {
                            "Node Type": "Hash",
                            "Parent Relationship": "Inner",
                            "Parallel Aware": true,
                            "Startup Cost": 58306.47,
                            "Total Cost": 58306.47,
                            "Plan Rows": 513609,
                            "Plan Width": 4,
                            "Actual Startup Time": 257.059,
                            "Actual Total Time": 257.06,
                            "Actual Rows": 448394,
                            "Actual Loops": 2,
                            "Hash Buckets": 1048576,
                            "Original Hash Buckets": 1048576,
                            "Hash Batches": 1,
                            "Original Hash Batches": 1,
                            "Peak Memory Usage": 43296,
                            "Plans": [
                              {
                                "Node Type": "Seq Scan",
                                "Parent Relationship": "Outer",
                                "Parallel Aware": true,
                                "Relation Name": "title",
                                "Alias": "t",
                                "Startup Cost": 0.0,
                                "Total Cost": 58306.47,
                                "Plan Rows": 513609,
                                "Plan Width": 4,
                                "Actual Startup Time": 0.042,
                                "Actual Total Time": 153.463,
                                "Actual Rows": 448394,
                                "Actual Loops": 2,
                                "Filter": "((kind_id < 7) AND (production_year < 2012))",
                                "Rows Removed by Filter": 815762
                              }
                            ]
                          }
                        ]
                      }
                    ]
                  }
                ]
              }
            ]
          }
        ]
      }
    ]
  },
  "Planning Time": 0.872,
  "Triggers": [],
  "Execution Time": 1291.44
}