[
  {
    "Plan": {
      "Node Type": "Aggregate",
      "Strategy": "Plain",
      "Partial Mode": "Finalize",
      "Parallel Aware": false,
      "Startup Cost": 217242.37,
      "Total Cost": 217242.38,
      "Plan Rows": 1,
      "Plan Width": 8,
      "Actual Startup Time": 149.195,
      "Actual Total Time": 171.163,
      "Actual Rows": 1,
      "Actual Loops": 1,
      "Plans": [
        {
          "Node Type": "Gather",
          "Parent Relationship": "Outer",
          "Parallel Aware": false,
          "Startup Cost": 217241.95,
          "Total Cost": 217242.36,
          "Plan Rows": 4,
          "Plan Width": 8,
          "Actual Startup Time": 149.075,
          "Actual Total Time": 171.155,
          "Actual Rows": 5,
          "Actual Loops": 1,
          "Workers Planned": 4,
          "Workers Launched": 4,
          "Single Copy": false,
          "Plans": [
            {
              "Node Type": "Aggregate",
              "Strategy": "Plain",
              "Partial Mode": "Partial",
              "Parent Relationship": "Outer",
              "Parallel Aware": false,
              "Startup Cost": 216241.95,
              "Total Cost": 216241.96,
              "Plan Rows": 1,
              "Plan Width": 8,
              "Actual Startup Time": 140.442,
              "Actual Total Time": 140.443,
              "Actual Rows": 1,
              "Actual Loops": 5,
              "Plans": [
                {
                  "Node Type": "Nested Loop",
                  "Parent Relationship": "Outer",
                  "Parallel Aware": false,
                  "Join Type": "Inner",
                  "Startup Cost": 0.43,
                  "Total Cost": 216206.83,
                  "Plan Rows": 14045,
                  "Plan Width": 0,
                  "Actual Startup Time": 0.314,
                  "Actual Total Time": 138.851,
                  "Actual Rows": 16108,
                  "Actual Loops": 5,
                  "Inner Unique": false,
                  "Plans": [
                    {
                      "Node Type": "Seq Scan",
                      "Parent Relationship": "Outer",
                      "Parallel Aware": true,
                      "Relation Name": "title",
                      "Alias": "t",
                      "Startup Cost": 0.0,
                      "Total Cost": 43898.92,
                      "Plan Rows": 2402,
                      "Plan Width": 4,
                      "Actual Startup Time": 0.108,
                      "Actual Total Time": 77.775,
                      "Actual Rows": 2062,
                      "Actual Loops": 5,
                      "Filter": "(production_year = 1962)",
                      "Rows Removed by Filter": 503601
                    },
                    {
                      "Node Type": "Index Only Scan",
                      "Parent Relationship": "Inner",
                      "Parallel Aware": false,
                      "Scan Direction": "Forward",
                      "Index Name": "movie_id_movie_info",
                      "Relation Name": "movie_info",
                      "Alias": "mi",
                      "Startup Cost": 0.43,
                      "Total Cost": 71.32,
                      "Plan Rows": 42,
                      "Plan Width": 4,
                      "Actual Startup Time": 0.012,
                      "Actual Total Time": 0.028,
                      "Actual Rows": 8,
                      "Actual Loops": 10308,
                      "Index Cond": "(movie_id = t.id)",
                      "Rows Removed by Index Recheck": 0,
                      "Heap Fetches": 80542
                    }
                  ]
                }
              ]
            }
          ]
        }
      ]
    },
    "Planning Time": 0.579,
    "Triggers": [],
    "Execution Time": 171.238
  }
]