{
  "Plan": {
    "Node Type": "Aggregate",
    "Strategy": "Plain",
    "Partial Mode": "Finalize",
    "Parallel Aware": false,
    "Startup Cost": 462087.39,
    "Total Cost": 462087.4,
    "Plan Rows": 1,
    "Plan Width": 8,
    "Actual Startup Time": 1869.105,
    "Actual Total Time": 1893.522,
    "Actual Rows": 1,
    "Actual Loops": 1,
    "Plans": [
      {
        "Node Type": "Gather",
        "Parent Relationship": "Outer",
        "Parallel Aware": false,
        "Startup Cost": 462087.28,
        "Total Cost": 462087.39,
        "Plan Rows": 1,
        "Plan Width": 8,
        "Actual Startup Time": 1862.743,
        "Actual Total Time": 1893.514,
        "Actual Rows": 2,
        "Actual Loops": 1,
        "Workers Planned": 1,
        "Workers Launched": 1,
        "Single Copy": false,
        "Plans": [
          {
            "Node Type": "Aggregate",
            "Strategy": "Plain",
            "Partial Mode": "Partial",
            "Parent Relationship": "Outer",
            "Parallel Aware": false,
            "Startup Cost": 461087.28,
            "Total Cost": 461087.29,
            "Plan Rows": 1,
            "Plan Width": 8,
            "Actual Startup Time": 1852.895,
            "Actual Total Time": 1852.898,
            "Actual Rows": 1,
            "Actual Loops": 2,
            "Plans": [
              {
                "Node Type": "Hash Join",
                "Parent Relationship": "Outer",
                "Parallel Aware": true,
                "Join Type": "Inner",
                "Startup Cost": 164015.6,
                "Total Cost": 454791.58,
                "Plan Rows": 2518279,
                "Plan Width": 0,
                "Actual Startup Time": 688.501,
                "Actual Total Time": 1768.672,
                "Actual Rows": 2036756,
                "Actual Loops": 2,
                "Inner Unique": true,
                "Hash Cond": "(ci.movie_id = t.id)",
                "Plans": [
                  {
                    "Node Type": "Bitmap Heap Scan",
                    "Parent Relationship": "Outer",
                    "Parallel Aware": true,
                    "Relation Name": "cast_info",
                    "Alias": "ci",
                    "Startup Cost": 94554.9,
                    "Total Cost": 378720.39,
                    "Plan Rows": 2518279,
                    "Plan Width": 4,
                    "Actual Startup Time": 164.408,
                    "Actual Total Time": 399.346,
                    "Actual Rows": 2036756,
                    "Actual Loops": 2,
                    "Recheck Cond": "(person_id > 3310008)",
                    "Rows Removed by Index Recheck": 0,
                    "Exact Heap Blocks": 29746,
                    "Lossy Heap Blocks": 0,
                    "Plans": [
                      {
                        "Node Type": "Bitmap Index Scan",
                        "Parent Relationship": "Outer",
                        "Parallel Aware": false,
                        "Index Name": "person_id_cast_info",
                        "Startup Cost": 0.0,
                        "Total Cost": 93484.63,
                        "Plan Rows": 4281075,
                        "Plan Width": 0,
                        "Actual Startup Time": 154.442,
                        "Actual Total Time": 154.443,
                        "Actual Rows": 4073511,
                        "Actual Loops": 1,
                        "Index Cond": "(person_id > 3310008)"
                      }
                    ]
                  },
                  {
                    "Node Type": "Hash",
                    "Parent Relationship": "Inner",
                    "Parallel Aware": true,
                    "Startup Cost": 50870.31,
                    "Total Cost": 50870.31,
                    "Plan Rows": 1487231,
                    "Plan Width": 4,
                    "Actual Startup Time": 505.163,
                    "Actual Total Time": 505.164,
                    "Actual Rows": 1264156,
                    "Actual Loops": 2,
                    "Hash Buckets": 4194304,
                    "Original Hash Buckets": 4194304,
                    "Hash Batches": 1,
                    "Original Hash Batches": 1,
                    "Peak Memory Usage": 131712,
                    "Plans": [
                      {
                        "Node Type": "Seq Scan",
                        "Parent Relationship": "Outer",
                        "Parallel Aware": true,
                        "Relation Name": "title",
                        "Alias": "t",
                        "Startup Cost": 0.0,
                        "Total Cost": 50870.31,
                        "Plan Rows": 1487231,
                        "Plan Width": 4,
                        "Actual Startup Time": 0.024,
                        "Actual Total Time": 150.381,
                        "Actual Rows": 1264156,
                        "Actual Loops": 2
                      }
                    ]
                  }
                ]
              }
            ]
          }
        ]
      }
    ]
  },
  "Planning Time": 0.412,
  "Triggers": [],
  "Execution Time": 1893.585
}