[
    {
        "Bao": {
            "Bao prediction": "NaN",
            "Bao recommended hint": "(no hint)"
        }
    },
    {
        "Plan": {
            "Node Type": "Aggregate",
            "Strategy": "Plain",
            "Partial Mode": "Finalize",
            "Parallel Aware": false,
            "Startup Cost": 32972.54,
            "Total Cost": 32972.55,
            "Plan Rows": 1,
            "Plan Width": 8,
            "Actual Startup Time": 102.848,
            "Actual Total Time": 107.626,
            "Actual Rows": 1,
            "Actual Loops": 1,
            "Output": [
                "count(*)"
            ],
            "Plans": [
                {
                    "Node Type": "Gather",
                    "Parent Relationship": "Outer",
                    "Parallel Aware": false,
                    "Startup Cost": 32972.22,
                    "Total Cost": 32972.53,
                    "Plan Rows": 3,
                    "Plan Width": 8,
                    "Actual Startup Time": 102.747,
                    "Actual Total Time": 107.617,
                    "Actual Rows": 4,
                    "Actual Loops": 1,
                    "Output": [
                        "(PARTIAL count(*))"
                    ],
                    "Workers Planned": 3,
                    "Workers Launched": 3,
                    "Single Copy": false,
                    "Plans": [
                        {
                            "Node Type": "Aggregate",
                            "Strategy": "Plain",
                            "Partial Mode": "Partial",
                            "Parent Relationship": "Outer",
                            "Parallel Aware": false,
                            "Startup Cost": 31972.22,
                            "Total Cost": 31972.23,
                            "Plan Rows": 1,
                            "Plan Width": 8,
                            "Actual Startup Time": 94.557,
                            "Actual Total Time": 94.558,
                            "Actual Rows": 1,
                            "Actual Loops": 4,
                            "Output": [
                                "PARTIAL count(*)"
                            ],
                            "Workers": [
                                {
                                    "Worker Number": 0,
                                    "Actual Startup Time": 91.845,
                                    "Actual Total Time": 91.846,
                                    "Actual Rows": 1,
                                    "Actual Loops": 1
                                },
                                {
                                    "Worker Number": 1,
                                    "Actual Startup Time": 91.839,
                                    "Actual Total Time": 91.84,
                                    "Actual Rows": 1,
                                    "Actual Loops": 1
                                },
                                {
                                    "Worker Number": 2,
                                    "Actual Startup Time": 92.206,
                                    "Actual Total Time": 92.207,
                                    "Actual Rows": 1,
                                    "Actual Loops": 1
                                }
                            ],
                            "Plans": [
                                {
                                    "Node Type": "Seq Scan",
                                    "Parent Relationship": "Outer",
                                    "Parallel Aware": true,
                                    "Relation Name": "movie_companies",
                                    "Schema": "public",
                                    "Alias": "mc",
                                    "Startup Cost": 0.0,
                                    "Total Cost": 31414.82,
                                    "Plan Rows": 222962,
                                    "Plan Width": 0,
                                    "Actual Startup Time": 19.42,
                                    "Actual Total Time": 87.164,
                                    "Actual Rows": 118811,
                                    "Actual Loops": 4,
                                    "Output": [
                                        "id",
                                        "movie_id",
                                        "company_id",
                                        "company_type_id",
                                        "note"
                                    ],
                                    "Filter": "((mc.company_id > 10635) AND (mc.company_type_id = 1))",
                                    "Rows Removed by Filter": 533471,
                                    "Workers": [
                                        {
                                            "Worker Number": 0,
                                            "Actual Startup Time": 16.707,
                                            "Actual Total Time": 84.798,
                                            "Actual Rows": 136068,
                                            "Actual Loops": 1
                                        },
                                        {
                                            "Worker Number": 1,
                                            "Actual Startup Time": 16.708,
                                            "Actual Total Time": 84.701,
                                            "Actual Rows": 101122,
                                            "Actual Loops": 1
                                        },
                                        {
                                            "Worker Number": 2,
                                            "Actual Startup Time": 17.075,
                                            "Actual Total Time": 85.05,
                                            "Actual Rows": 104059,
                                            "Actual Loops": 1
                                        }
                                    ]
                                }
                            ]
                        }
                    ]
                }
            ]
        },
        "Planning Time": 277.808,
        "Triggers": [],
        "Execution Time": 107.688
    }
]