[
  {
    "Plan": {
      "Node Type": "Aggregate",
      "Strategy": "Plain",
      "Partial Mode": "Finalize",
      "Parallel Aware": false,
      "Startup Cost": 118380.39,
      "Total Cost": 118380.4,
      "Plan Rows": 1,
      "Plan Width": 8,
      "Actual Startup Time": 122.397,
      "Actual Total Time": 136.805,
      "Actual Rows": 1,
      "Actual Loops": 1,
      "Plans": [
        {
          "Node Type": "Gather",
          "Parent Relationship": "Outer",
          "Parallel Aware": false,
          "Startup Cost": 118379.97,
          "Total Cost": 118380.38,
          "Plan Rows": 4,
          "Plan Width": 8,
          "Actual Startup Time": 122.226,
          "Actual Total Time": 136.798,
          "Actual Rows": 5,
          "Actual Loops": 1,
          "Workers Planned": 4,
          "Workers Launched": 4,
          "Single Copy": false,
          "Plans": [
            {
              "Node Type": "Aggregate",
              "Strategy": "Plain",
              "Partial Mode": "Partial",
              "Parent Relationship": "Outer",
              "Parallel Aware": false,
              "Startup Cost": 117379.97,
              "Total Cost": 117379.98,
              "Plan Rows": 1,
              "Plan Width": 8,
              "Actual Startup Time": 116.204,
              "Actual Total Time": 116.206,
              "Actual Rows": 1,
              "Actual Loops": 5,
              "Plans": [
                {
                  "Node Type": "Nested Loop",
                  "Parent Relationship": "Outer",
                  "Parallel Aware": false,
                  "Join Type": "Inner",
                  "Startup Cost": 565.89,
                  "Total Cost": 117359.95,
                  "Plan Rows": 8009,
                  "Plan Width": 0,
                  "Actual Startup Time": 1.083,
                  "Actual Total Time": 109.25,
                  "Actual Rows": 127358,
                  "Actual Loops": 5,
                  "Inner Unique": false,
                  "Plans": [
                    {
                      "Node Type": "Nested Loop",
                      "Parent Relationship": "Outer",
                      "Parallel Aware": false,
                      "Join Type": "Inner",
                      "Startup Cost": 565.46,
                      "Total Cost": 112607.99,
                      "Plan Rows": 7761,
                      "Plan Width": 8,
                      "Actual Startup Time": 0.968,
                      "Actual Total Time": 37.428,
                      "Actual Rows": 6411,
                      "Actual Loops": 5,
                      "Inner Unique": true,
                      "Plans": [
                        {
                          "Node Type": "Bitmap Heap Scan",
                          "Parent Relationship": "Outer",
                          "Parallel Aware": true,
                          "Relation Name": "movie_info",
                          "Alias": "mi",
                          "Startup Cost": 565.03,
                          "Total Cost": 78439.95,
                          "Plan Rows": 7761,
                          "Plan Width": 4,
                          "Actual Startup Time": 0.822,
                          "Actual Total Time": 6.156,
                          "Actual Rows": 6411,
                          "Actual Loops": 5,
                          "Recheck Cond": "(info_type_id > 108)",
                          "Rows Removed by Index Recheck": 0,
                          "Exact Heap Blocks": 1205,
                          "Lossy Heap Blocks": 0,
                          "Plans": [
                            {
                              "Node Type": "Bitmap Index Scan",
                              "Parent Relationship": "Outer",
                              "Parallel Aware": false,
                              "Index Name": "info_type_id_movie_info",
                              "Startup Cost": 0.0,
                              "Total Cost": 557.26,
                              "Plan Rows": 31044,
                              "Plan Width": 0,
                              "Actual Startup Time": 2.932,
                              "Actual Total Time": 2.932,
                              "Actual Rows": 32053,
                              "Actual Loops": 1,
                              "Index Cond": "(info_type_id > 108)"
                            }
                          ]
                        },
                        {
                          "Node Type": "Index Only Scan",
                          "Parent Relationship": "Inner",
                          "Parallel Aware": false,
                          "Scan Direction": "Forward",
                          "Index Name": "title_pkey",
                          "Relation Name": "title",
                          "Alias": "t",
                          "Startup Cost": 0.43,
                          "Total Cost": 4.4,
                          "Plan Rows": 1,
                          "Plan Width": 4,
                          "Actual Startup Time": 0.004,
                          "Actual Total Time": 0.004,
                          "Actual Rows": 1,
                          "Actual Loops": 32053,
                          "Index Cond": "(id = mi.movie_id)",
                          "Rows Removed by Index Recheck": 0,
                          "Heap Fetches": 32053
                        }
                      ]
                    },
                    {
                      "Node Type": "Index Only Scan",
                      "Parent Relationship": "Inner",
                      "Parallel Aware": false,
                      "Scan Direction": "Forward",
                      "Index Name": "movie_id_movie_companies",
                      "Relation Name": "movie_companies",
                      "Alias": "mc",
                      "Startup Cost": 0.43,
                      "Total Cost": 0.56,
                      "Plan Rows": 5,
                      "Plan Width": 4,
                      "Actual Startup Time": 0.005,
                      "Actual Total Time": 0.009,
                      "Actual Rows": 20,
                      "Actual Loops": 32053,
                      "Index Cond": "(movie_id = t.id)",
                      "Rows Removed by Index Recheck": 0,
                      "Heap Fetches": 636792
                    }
                  ]
                }
              ]
            }
          ]
        }
      ]
    },
    "Planning Time": 0.673,
    "Triggers": [],
    "Execution Time": 136.861
  }
]