[
  {
    "Plan": {
      "Node Type": "Aggregate",
      "Strategy": "Plain",
      "Partial Mode": "Finalize",
      "Parallel Aware": false,
      "Startup Cost": 123306.77,
      "Total Cost": 123306.78,
      "Plan Rows": 1,
      "Plan Width": 8,
      "Actual Startup Time": 150.339,
      "Actual Total Time": 165.717,
      "Actual Rows": 1,
      "Actual Loops": 1,
      "Plans": [
        {
          "Node Type": "Gather",
          "Parent Relationship": "Outer",
          "Parallel Aware": false,
          "Startup Cost": 123306.35,
          "Total Cost": 123306.76,
          "Plan Rows": 4,
          "Plan Width": 8,
          "Actual Startup Time": 150.03,
          "Actual Total Time": 165.705,
          "Actual Rows": 5,
          "Actual Loops": 1,
          "Workers Planned": 4,
          "Workers Launched": 4,
          "Single Copy": false,
          "Plans": [
            {
              "Node Type": "Aggregate",
              "Strategy": "Plain",
              "Partial Mode": "Partial",
              "Parent Relationship": "Outer",
              "Parallel Aware": false,
              "Startup Cost": 122306.35,
              "Total Cost": 122306.36,
              "Plan Rows": 1,
              "Plan Width": 8,
              "Actual Startup Time": 139.865,
              "Actual Total Time": 139.867,
              "Actual Rows": 1,
              "Actual Loops": 5,
              "Plans": [
                {
                  "Node Type": "Nested Loop",
                  "Parent Relationship": "Outer",
                  "Parallel Aware": false,
                  "Join Type": "Inner",
                  "Startup Cost": 601.18,
                  "Total Cost": 122285.06,
                  "Plan Rows": 8518,
                  "Plan Width": 0,
                  "Actual Startup Time": 2.912,
                  "Actual Total Time": 131.887,
                  "Actual Rows": 127358,
                  "Actual Loops": 5,
                  "Inner Unique": false,
                  "Plans": [
                    {
                      "Node Type": "Nested Loop",
                      "Parent Relationship": "Outer",
                      "Parallel Aware": false,
                      "Join Type": "Inner",
                      "Startup Cost": 600.75,
                      "Total Cost": 117231.23,
                      "Plan Rows": 8254,
                      "Plan Width": 8,
                      "Actual Startup Time": 2.708,
                      "Actual Total Time": 48.14,
                      "Actual Rows": 6411,
                      "Actual Loops": 5,
                      "Inner Unique": true,
                      "Plans": [
                        {
                          "Node Type": "Bitmap Heap Scan",
                          "Parent Relationship": "Outer",
                          "Parallel Aware": true,
                          "Relation Name": "movie_info",
                          "Alias": "mi",
                          "Startup Cost": 600.32,
                          "Total Cost": 81898.52,
                          "Plan Rows": 8254,
                          "Plan Width": 4,
                          "Actual Startup Time": 2.501,
                          "Actual Total Time": 9.047,
                          "Actual Rows": 6411,
                          "Actual Loops": 5,
                          "Recheck Cond": "(info_type_id > 108)",
                          "Rows Removed by Index Recheck": 0,
                          "Exact Heap Blocks": 826,
                          "Lossy Heap Blocks": 0,
                          "Plans": [
                            {
                              "Node Type": "Bitmap Index Scan",
                              "Parent Relationship": "Outer",
                              "Parallel Aware": false,
                              "Index Name": "info_type_id_movie_info",
                              "Startup Cost": 0.0,
                              "Total Cost": 592.06,
                              "Plan Rows": 33017,
                              "Plan Width": 0,
                              "Actual Startup Time": 9.471,
                              "Actual Total Time": 9.472,
                              "Actual Rows": 32053,
                              "Actual Loops": 1,
                              "Index Cond": "(info_type_id > 108)"
                            }
                          ]
                        },
                        {
                          "Node Type": "Index Only Scan",
                          "Parent Relationship": "Inner",
                          "Parallel Aware": false,
                          "Scan Direction": "Forward",
                          "Index Name": "title_pkey",
                          "Relation Name": "title",
                          "Alias": "t",
                          "Startup Cost": 0.43,
                          "Total Cost": 4.28,
                          "Plan Rows": 1,
                          "Plan Width": 4,
                          "Actual Startup Time": 0.006,
                          "Actual Total Time": 0.006,
                          "Actual Rows": 1,
                          "Actual Loops": 32053,
                          "Index Cond": "(id = mi.movie_id)",
                          "Rows Removed by Index Recheck": 0,
                          "Heap Fetches": 32053
                        }
                      ]
                    },
                    {
                      "Node Type": "Index Only Scan",
                      "Parent Relationship": "Inner",
                      "Parallel Aware": false,
                      "Scan Direction": "Forward",
                      "Index Name": "movie_id_movie_companies",
                      "Relation Name": "movie_companies",
                      "Alias": "mc",
                      "Startup Cost": 0.43,
                      "Total Cost": 0.56,
                      "Plan Rows": 5,
                      "Plan Width": 4,
                      "Actual Startup Time": 0.006,
                      "Actual Total Time": 0.011,
                      "Actual Rows": 20,
                      "Actual Loops": 32053,
                      "Index Cond": "(movie_id = t.id)",
                      "Rows Removed by Index Recheck": 0,
                      "Heap Fetches": 636792
                    }
                  ]
                }
              ]
            }
          ]
        }
      ]
    },
    "Planning Time": 1.37,
    "Triggers": [],
    "Execution Time": 165.826
  }
]