[
    {
        "Bao": {
            "Bao prediction": "NaN",
            "Bao recommended hint": "(no hint)"
        }
    },
    {
        "Plan": {
            "Node Type": "Aggregate",
            "Strategy": "Plain",
            "Partial Mode": "Finalize",
            "Parallel Aware": false,
            "Startup Cost": 413974.01,
            "Total Cost": 413974.02,
            "Plan Rows": 1,
            "Plan Width": 8,
            "Actual Startup Time": 2638.993,
            "Actual Total Time": 2664.224,
            "Actual Rows": 1,
            "Actual Loops": 1,
            "Output": [
                "count(*)"
            ],
            "Plans": [
                {
                    "Node Type": "Gather",
                    "Parent Relationship": "Outer",
                    "Parallel Aware": false,
                    "Startup Cost": 413973.38,
                    "Total Cost": 413973.99,
                    "Plan Rows": 6,
                    "Plan Width": 8,
                    "Actual Startup Time": 2616.241,
                    "Actual Total Time": 2664.214,
                    "Actual Rows": 7,
                    "Actual Loops": 1,
                    "Output": [
                        "(PARTIAL count(*))"
                    ],
                    "Workers Planned": 6,
                    "Workers Launched": 6,
                    "Single Copy": false,
                    "Plans": [
                        {
                            "Node Type": "Aggregate",
                            "Strategy": "Plain",
                            "Partial Mode": "Partial",
                            "Parent Relationship": "Outer",
                            "Parallel Aware": false,
                            "Startup Cost": 412973.38,
                            "Total Cost": 412973.39,
                            "Plan Rows": 1,
                            "Plan Width": 8,
                            "Actual Startup Time": 2602.126,
                            "Actual Total Time": 2602.129,
                            "Actual Rows": 1,
                            "Actual Loops": 7,
                            "Output": [
                                "PARTIAL count(*)"
                            ],
                            "Workers": [
                                {
                                    "Worker Number": 0,
                                    "Actual Startup Time": 2600.634,
                                    "Actual Total Time": 2600.637,
                                    "Actual Rows": 1,
                                    "Actual Loops": 1
                                },
                                {
                                    "Worker Number": 1,
                                    "Actual Startup Time": 2599.298,
                                    "Actual Total Time": 2599.3,
                                    "Actual Rows": 1,
                                    "Actual Loops": 1
                                },
                                {
                                    "Worker Number": 2,
                                    "Actual Startup Time": 2599.133,
                                    "Actual Total Time": 2599.135,
                                    "Actual Rows": 1,
                                    "Actual Loops": 1
                                },
                                {
                                    "Worker Number": 3,
                                    "Actual Startup Time": 2599.146,
                                    "Actual Total Time": 2599.149,
                                    "Actual Rows": 1,
                                    "Actual Loops": 1
                                },
                                {
                                    "Worker Number": 4,
                                    "Actual Startup Time": 2599.58,
                                    "Actual Total Time": 2599.583,
                                    "Actual Rows": 1,
                                    "Actual Loops": 1
                                },
                                {
                                    "Worker Number": 5,
                                    "Actual Startup Time": 2601.206,
                                    "Actual Total Time": 2601.208,
                                    "Actual Rows": 1,
                                    "Actual Loops": 1
                                }
                            ],
                            "Plans": [
                                {
                                    "Node Type": "Hash Join",
                                    "Parent Relationship": "Outer",
                                    "Parallel Aware": true,
                                    "Join Type": "Inner",
                                    "Startup Cost": 50219.81,
                                    "Total Cost": 403493.08,
                                    "Plan Rows": 3792122,
                                    "Plan Width": 0,
                                    "Actual Startup Time": 462.749,
                                    "Actual Total Time": 2441.42,
                                    "Actual Rows": 3191933,
                                    "Actual Loops": 7,
                                    "Inner Unique": true,
                                    "Hash Cond": "(ci.movie_id = t.id)",
                                    "Workers": [
                                        {
                                            "Worker Number": 0,
                                            "Actual Startup Time": 461.473,
                                            "Actual Total Time": 2434.841,
                                            "Actual Rows": 2691681,
                                            "Actual Loops": 1
                                        },
                                        {
                                            "Worker Number": 1,
                                            "Actual Startup Time": 460.128,
                                            "Actual Total Time": 2434.133,
                                            "Actual Rows": 2671704,
                                            "Actual Loops": 1
                                        },
                                        {
                                            "Worker Number": 2,
                                            "Actual Startup Time": 459.975,
                                            "Actual Total Time": 2418.73,
                                            "Actual Rows": 2888520,
                                            "Actual Loops": 1
                                        },
                                        {
                                            "Worker Number": 3,
                                            "Actual Startup Time": 459.961,
                                            "Actual Total Time": 2441.803,
                                            "Actual Rows": 3534028,
                                            "Actual Loops": 1
                                        },
                                        {
                                            "Worker Number": 4,
                                            "Actual Startup Time": 460.426,
                                            "Actual Total Time": 2449.174,
                                            "Actual Rows": 3194158,
                                            "Actual Loops": 1
                                        },
                                        {
                                            "Worker Number": 5,
                                            "Actual Startup Time": 460.585,
                                            "Actual Total Time": 2441.411,
                                            "Actual Rows": 3593008,
                                            "Actual Loops": 1
                                        }
                                    ],
                                    "Plans": [
                                        {
                                            "Node Type": "Seq Scan",
                                            "Parent Relationship": "Outer",
                                            "Parallel Aware": true,
                                            "Relation Name": "cast_info",
                                            "Schema": "public",
                                            "Alias": "ci",
                                            "Startup Cost": 0.0,
                                            "Total Cost": 343318.94,
                                            "Plan Rows": 3792122,
                                            "Plan Width": 4,
                                            "Actual Startup Time": 212.311,
                                            "Actual Total Time": 703.25,
                                            "Actual Rows": 3191933,
                                            "Actual Loops": 7,
                                            "Output": [
                                                "ci.id",
                                                "ci.person_id",
                                                "ci.movie_id",
                                                "ci.person_role_id",
                                                "ci.note",
                                                "ci.nr_order",
                                                "ci.role_id"
                                            ],
                                            "Filter": "((ci.person_id < 3823922) AND (ci.role_id > 1))",
                                            "Rows Removed by Filter": 1985831,
                                            "Workers": [
                                                {
                                                    "Worker Number": 0,
                                                    "Actual Startup Time": 212.367,
                                                    "Actual Total Time": 723.228,
                                                    "Actual Rows": 2691681,
                                                    "Actual Loops": 1
                                                },
                                                {
                                                    "Worker Number": 1,
                                                    "Actual Startup Time": 212.207,
                                                    "Actual Total Time": 720.508,
                                                    "Actual Rows": 2671704,
                                                    "Actual Loops": 1
                                                },
                                                {
                                                    "Worker Number": 2,
                                                    "Actual Startup Time": 212.362,
                                                    "Actual Total Time": 752.823,
                                                    "Actual Rows": 2888520,
                                                    "Actual Loops": 1
                                                },
                                                {
                                                    "Worker Number": 3,
                                                    "Actual Startup Time": 212.327,
                                                    "Actual Total Time": 696.456,
                                                    "Actual Rows": 3534028,
                                                    "Actual Loops": 1
                                                },
                                                {
                                                    "Worker Number": 4,
                                                    "Actual Startup Time": 212.242,
                                                    "Actual Total Time": 683.056,
                                                    "Actual Rows": 3194158,
                                                    "Actual Loops": 1
                                                },
                                                {
                                                    "Worker Number": 5,
                                                    "Actual Startup Time": 212.384,
                                                    "Actual Total Time": 700.74,
                                                    "Actual Rows": 3593008,
                                                    "Actual Loops": 1
                                                }
                                            ]
                                        },
                                        {
                                            "Node Type": "Hash",
                                            "Parent Relationship": "Inner",
                                            "Parallel Aware": true,
                                            "Startup Cost": 42318.81,
                                            "Total Cost": 42318.81,
                                            "Plan Rows": 632080,
                                            "Plan Width": 4,
                                            "Actual Startup Time": 245.562,
                                            "Actual Total Time": 245.563,
                                            "Actual Rows": 361187,
                                            "Actual Loops": 7,
                                            "Output": [
                                                "t.id"
                                            ],
                                            "Hash Buckets": 4194304,
                                            "Original Hash Buckets": 4194304,
                                            "Hash Batches": 1,
                                            "Original Hash Batches": 1,
                                            "Peak Memory Usage": 131776,
                                            "Workers": [
                                                {
                                                    "Worker Number": 0,
                                                    "Actual Startup Time": 248.581,
                                                    "Actual Total Time": 248.583,
                                                    "Actual Rows": 282690,
                                                    "Actual Loops": 1
                                                },
                                                {
                                                    "Worker Number": 1,
                                                    "Actual Startup Time": 246.978,
                                                    "Actual Total Time": 246.979,
                                                    "Actual Rows": 271778,
                                                    "Actual Loops": 1
                                                },
                                                {
                                                    "Worker Number": 2,
                                                    "Actual Startup Time": 246.727,
                                                    "Actual Total Time": 246.728,
                                                    "Actual Rows": 293950,
                                                    "Actual Loops": 1
                                                },
                                                {
                                                    "Worker Number": 3,
                                                    "Actual Startup Time": 246.764,
                                                    "Actual Total Time": 246.765,
                                                    "Actual Rows": 397303,
                                                    "Actual Loops": 1
                                                },
                                                {
                                                    "Worker Number": 4,
                                                    "Actual Startup Time": 247.234,
                                                    "Actual Total Time": 247.235,
                                                    "Actual Rows": 351872,
                                                    "Actual Loops": 1
                                                },
                                                {
                                                    "Worker Number": 5,
                                                    "Actual Startup Time": 247.38,
                                                    "Actual Total Time": 247.381,
                                                    "Actual Rows": 399970,
                                                    "Actual Loops": 1
                                                }
                                            ],
                                            "Plans": [
                                                {
                                                    "Node Type": "Seq Scan",
                                                    "Parent Relationship": "Outer",
                                                    "Parallel Aware": true,
                                                    "Relation Name": "title",
                                                    "Schema": "public",
                                                    "Alias": "t",
                                                    "Startup Cost": 0.0,
                                                    "Total Cost": 42318.81,
                                                    "Plan Rows": 632080,
                                                    "Plan Width": 4,
                                                    "Actual Startup Time": 0.037,
                                                    "Actual Total Time": 71.195,
                                                    "Actual Rows": 361187,
                                                    "Actual Loops": 7,
                                                    "Output": [
                                                        "t.id"
                                                    ],
                                                    "Workers": [
                                                        {
                                                            "Worker Number": 0,
                                                            "Actual Startup Time": 0.038,
                                                            "Actual Total Time": 75.362,
                                                            "Actual Rows": 282690,
                                                            "Actual Loops": 1
                                                        },
                                                        {
                                                            "Worker Number": 1,
                                                            "Actual Startup Time": 0.044,
                                                            "Actual Total Time": 74.55,
                                                            "Actual Rows": 271778,
                                                            "Actual Loops": 1
                                                        },
                                                        {
                                                            "Worker Number": 2,
                                                            "Actual Startup Time": 0.046,
                                                            "Actual Total Time": 78.074,
                                                            "Actual Rows": 293950,
                                                            "Actual Loops": 1
                                                        },
                                                        {
                                                            "Worker Number": 3,
                                                            "Actual Startup Time": 0.024,
                                                            "Actual Total Time": 72.096,
                                                            "Actual Rows": 397303,
                                                            "Actual Loops": 1
                                                        },
                                                        {
                                                            "Worker Number": 4,
                                                            "Actual Startup Time": 0.05,
                                                            "Actual Total Time": 69.578,
                                                            "Actual Rows": 351872,
                                                            "Actual Loops": 1
                                                        },
                                                        {
                                                            "Worker Number": 5,
                                                            "Actual Startup Time": 0.044,
                                                            "Actual Total Time": 72.145,
                                                            "Actual Rows": 399970,
                                                            "Actual Loops": 1
                                                        }
                                                    ]
                                                }
                                            ]
                                        }
                                    ]
                                }
                            ]
                        }
                    ]
                }
            ]
        },
        "Planning Time": 178.011,
        "Triggers": [],
        "Execution Time": 2664.282
    }
]