{
  "Plan": {
    "Node Type": "Aggregate",
    "Strategy": "Plain",
    "Partial Mode": "Finalize",
    "Parallel Aware": false,
    "Startup Cost": 703905.57,
    "Total Cost": 703905.58,
    "Plan Rows": 1,
    "Plan Width": 8,
    "Actual Startup Time": 6441.935,
    "Actual Total Time": 6513.73,
    "Actual Rows": 1,
    "Actual Loops": 1,
    "Plans": [
      {
        "Node Type": "Gather",
        "Parent Relationship": "Outer",
        "Parallel Aware": false,
        "Startup Cost": 703905.45,
        "Total Cost": 703905.56,
        "Plan Rows": 1,
        "Plan Width": 8,
        "Actual Startup Time": 6438.78,
        "Actual Total Time": 6513.715,
        "Actual Rows": 2,
        "Actual Loops": 1,
        "Workers Planned": 1,
        "Workers Launched": 1,
        "Single Copy": false,
        "Plans": [
          {
            "Node Type": "Aggregate",
            "Strategy": "Plain",
            "Partial Mode": "Partial",
            "Parent Relationship": "Outer",
            "Parallel Aware": false,
            "Startup Cost": 702905.45,
            "Total Cost": 702905.46,
            "Plan Rows": 1,
            "Plan Width": 8,
            "Actual Startup Time": 6435.022,
            "Actual Total Time": 6435.892,
            "Actual Rows": 1,
            "Actual Loops": 2,
            "Plans": [
              {
                "Node Type": "Hash Join",
                "Parent Relationship": "Outer",
                "Parallel Aware": true,
                "Join Type": "Inner",
                "Startup Cost": 123264.6,
                "Total Cost": 692785.04,
                "Plan Rows": 4048165,
                "Plan Width": 0,
                "Actual Startup Time": 794.001,
                "Actual Total Time": 5910.52,
                "Actual Rows": 11099370,
                "Actual Loops": 2,
                "Inner Unique": false,
                "Hash Cond": "(ci.movie_id = t.id)",
                "Plans": [
                  {
                    "Node Type": "Seq Scan",
                    "Parent Relationship": "Outer",
                    "Parallel Aware": true,
                    "Relation Name": "cast_info",
                    "Alias": "ci",
                    "Startup Cost": 0.0,
                    "Total Cost": 465792.95,
                    "Plan Rows": 21310595,
                    "Plan Width": 4,
                    "Actual Startup Time": 0.019,
                    "Actual Total Time": 1507.23,
                    "Actual Rows": 18122172,
                    "Actual Loops": 2
                  },
                  {
                    "Node Type": "Hash",
                    "Parent Relationship": "Inner",
                    "Parallel Aware": true,
                    "Startup Cost": 119733.16,
                    "Total Cost": 119733.16,
                    "Plan Rows": 282515,
                    "Plan Width": 8,
                    "Actual Startup Time": 788.683,
                    "Actual Total Time": 789.551,
                    "Actual Rows": 335911,
                    "Actual Loops": 2,
                    "Hash Buckets": 1048576,
                    "Original Hash Buckets": 524288,
                    "Hash Batches": 1,
                    "Original Hash Batches": 1,
                    "Peak Memory Usage": 38624,
                    "Plans": [
                      {
                        "Node Type": "Hash Join",
                        "Parent Relationship": "Outer",
                        "Parallel Aware": true,
                        "Join Type": "Inner",
                        "Startup Cost": 58258.85,
                        "Total Cost": 119733.16,
                        "Plan Rows": 282515,
                        "Plan Width": 8,
                        "Actual Startup Time": 273.48,
                        "Actual Total Time": 695.717,
                        "Actual Rows": 335911,
                        "Actual Loops": 2,
                        "Inner Unique": true,
                        "Hash Cond": "(mk.movie_id = t.id)",
                        "Plans": [
                          {
                            "Node Type": "Seq Scan",
                            "Parent Relationship": "Outer",
                            "Parallel Aware": true,
                            "Relation Name": "movie_keyword",
                            "Alias": "mk",
                            "Startup Cost": 0.0,
                            "Total Cost": 57718.19,
                            "Plan Rows": 1430897,
                            "Plan Width": 4,
                            "Actual Startup Time": 0.016,
                            "Actual Total Time": 233.796,
                            "Actual Rows": 1217667,
                            "Actual Loops": 2,
                            "Filter": "(keyword_id < 5777)",
                            "Rows Removed by Filter": 1044298
                          },
                          {
                            "Node Type": "Hash",
                            "Parent Relationship": "Inner",
                            "Parallel Aware": true,
                            "Startup Cost": 54588.39,
                            "Total Cost": 54588.39,
                            "Plan Rows": 293637,
                            "Plan Width": 4,
                            "Actual Startup Time": 269.675,
                            "Actual Total Time": 269.677,
                            "Actual Rows": 254478,
                            "Actual Loops": 2,
                            "Hash Buckets": 524288,
                            "Original Hash Buckets": 524288,
                            "Hash Batches": 1,
                            "Original Hash Batches": 1,
                            "Peak Memory Usage": 24032,
                            "Plans": [
                              {
                                "Node Type": "Seq Scan",
                                "Parent Relationship": "Outer",
                                "Parallel Aware": true,
                                "Relation Name": "title",
                                "Alias": "t",
                                "Startup Cost": 0.0,
                                "Total Cost": 54588.39,
                                "Plan Rows": 293637,
                                "Plan Width": 4,
                                "Actual Startup Time": 0.032,
                                "Actual Total Time": 179.117,
                                "Actual Rows": 254478,
                                "Actual Loops": 2,
                                "Filter": "(production_year < 1980)",
                                "Rows Removed by Filter": 1009678
                              }
                            ]
                          }
                        ]
                      }
                    ]
                  }
                ]
              }
            ]
          }
        ]
      }
    ]
  },
  "Planning Time": 0.972,
  "Triggers": [],
  "Execution Time": 6513.831
}