{
  "Plan": {
    "Node Type": "Aggregate",
    "Strategy": "Plain",
    "Partial Mode": "Finalize",
    "Parallel Aware": false,
    "Startup Cost": 54801.64,
    "Total Cost": 54801.65,
    "Plan Rows": 1,
    "Plan Width": 8,
    "Actual Startup Time": 143.457,
    "Actual Total Time": 153.027,
    "Actual Rows": 1,
    "Actual Loops": 1,
    "Plans": [
      {
        "Node Type": "Gather",
        "Parent Relationship": "Outer",
        "Parallel Aware": false,
        "Startup Cost": 54801.53,
        "Total Cost": 54801.64,
        "Plan Rows": 1,
        "Plan Width": 8,
        "Actual Startup Time": 143.286,
        "Actual Total Time": 153.019,
        "Actual Rows": 2,
        "Actual Loops": 1,
        "Workers Planned": 1,
        "Workers Launched": 1,
        "Single Copy": false,
        "Plans": [
          {
            "Node Type": "Aggregate",
            "Strategy": "Plain",
            "Partial Mode": "Partial",
            "Parent Relationship": "Outer",
            "Parallel Aware": false,
            "Startup Cost": 53801.53,
            "Total Cost": 53801.54,
            "Plan Rows": 1,
            "Plan Width": 8,
            "Actual Startup Time": 136.897,
            "Actual Total Time": 136.902,
            "Actual Rows": 1,
            "Actual Loops": 2,
            "Plans": [
              {
                "Node Type": "Hash Join",
                "Parent Relationship": "Outer",
                "Parallel Aware": true,
                "Join Type": "Inner",
                "Startup Cost": 34690.69,
                "Total Cost": 53797.42,
                "Plan Rows": 1646,
                "Plan Width": 0,
                "Actual Startup Time": 40.786,
                "Actual Total Time": 136.735,
                "Actual Rows": 3036,
                "Actual Loops": 2,
                "Inner Unique": false,
                "Hash Cond": "(mi_idx.movie_id = t.id)",
                "Plans": [
                  {
                    "Node Type": "Seq Scan",
                    "Parent Relationship": "Outer",
                    "Parallel Aware": true,
                    "Relation Name": "movie_info_idx",
                    "Alias": "mi_idx",
                    "Startup Cost": 0.0,
                    "Total Cost": 16052.85,
                    "Plan Rows": 811785,
                    "Plan Width": 4,
                    "Actual Startup Time": 0.014,
                    "Actual Total Time": 50.389,
                    "Actual Rows": 690018,
                    "Actual Loops": 2
                  },
                  {
                    "Node Type": "Hash",
                    "Parent Relationship": "Inner",
                    "Parallel Aware": true,
                    "Startup Cost": 34652.99,
                    "Total Cost": 34652.99,
                    "Plan Rows": 3016,
                    "Plan Width": 8,
                    "Actual Startup Time": 39.423,
                    "Actual Total Time": 39.426,
                    "Actual Rows": 2338,
                    "Actual Loops": 2,
                    "Hash Buckets": 8192,
                    "Original Hash Buckets": 8192,
                    "Hash Batches": 1,
                    "Original Hash Batches": 1,
                    "Peak Memory Usage": 288,
                    "Plans": [
                      {
                        "Node Type": "Nested Loop",
                        "Parent Relationship": "Outer",
                        "Parallel Aware": false,
                        "Join Type": "Inner",
                        "Startup Cost": 112.6,
                        "Total Cost": 34652.99,
                        "Plan Rows": 3016,
                        "Plan Width": 8,
                        "Actual Startup Time": 3.47,
                        "Actual Total Time": 38.178,
                        "Actual Rows": 2338,
                        "Actual Loops": 2,
                        "Inner Unique": true,
                        "Plans": [
                          {
                            "Node Type": "Bitmap Heap Scan",
                            "Parent Relationship": "Outer",
                            "Parallel Aware": true,
                            "Relation Name": "movie_keyword",
                            "Alias": "mk",
                            "Startup Cost": 112.17,
                            "Total Cost": 12648.41,
                            "Plan Rows": 3016,
                            "Plan Width": 4,
                            "Actual Startup Time": 3.304,
                            "Actual Total Time": 12.511,
                            "Actual Rows": 2338,
                            "Actual Loops": 2,
                            "Recheck Cond": "(keyword_id = 2849)",
                            "Rows Removed by Index Recheck": 0,
                            "Exact Heap Blocks": 2796,
                            "Lossy Heap Blocks": 0,
                            "Plans": [
                              {
                                "Node Type": "Bitmap Index Scan",
                                "Parent Relationship": "Outer",
                                "Parallel Aware": false,
                                "Index Name": "keyword_id_movie_keyword",
                                "Startup Cost": 0.0,
                                "Total Cost": 110.89,
                                "Plan Rows": 5127,
                                "Plan Width": 0,
                                "Actual Startup Time": 4.771,
                                "Actual Total Time": 4.772,
                                "Actual Rows": 4676,
                                "Actual Loops": 1,
                                "Index Cond": "(keyword_id = 2849)"
                              }
                            ]
                          },
                          {
                            "Node Type": "Index Only Scan",
                            "Parent Relationship": "Inner",
                            "Parallel Aware": false,
                            "Scan Direction": "Forward",
                            "Index Name": "title_pkey",
                            "Relation Name": "title",
                            "Alias": "t",
                            "Startup Cost": 0.43,
                            "Total Cost": 7.3,
                            "Plan Rows": 1,
                            "Plan Width": 4,
                            "Actual Startup Time": 0.01,
                            "Actual Total Time": 0.01,
                            "Actual Rows": 1,
                            "Actual Loops": 4676,
                            "Index Cond": "(id = mk.movie_id)",
                            "Rows Removed by Index Recheck": 0,
                            "Heap Fetches": 4676
                          }
                        ]
                      }
                    ]
                  }
                ]
              }
            ]
          }
        ]
      }
    ]
  },
  "Planning Time": 1.046,
  "Triggers": [],
  "Execution Time": 153.136
}