[
    {
        "Bao": {
            "Bao prediction": "NaN",
            "Bao recommended hint": "(no hint)"
        }
    },
    {
        "Plan": {
            "Node Type": "Aggregate",
            "Strategy": "Plain",
            "Partial Mode": "Finalize",
            "Parallel Aware": false,
            "Startup Cost": 391784.31,
            "Total Cost": 391784.32,
            "Plan Rows": 1,
            "Plan Width": 8,
            "Actual Startup Time": 987.816,
            "Actual Total Time": 1000.537,
            "Actual Rows": 1,
            "Actual Loops": 1,
            "Output": [
                "count(*)"
            ],
            "Plans": [
                {
                    "Node Type": "Gather",
                    "Parent Relationship": "Outer",
                    "Parallel Aware": false,
                    "Startup Cost": 391783.99,
                    "Total Cost": 391784.3,
                    "Plan Rows": 3,
                    "Plan Width": 8,
                    "Actual Startup Time": 979.943,
                    "Actual Total Time": 1000.528,
                    "Actual Rows": 4,
                    "Actual Loops": 1,
                    "Output": [
                        "(PARTIAL count(*))"
                    ],
                    "Workers Planned": 3,
                    "Workers Launched": 3,
                    "Single Copy": false,
                    "Plans": [
                        {
                            "Node Type": "Aggregate",
                            "Strategy": "Plain",
                            "Partial Mode": "Partial",
                            "Parent Relationship": "Outer",
                            "Parallel Aware": false,
                            "Startup Cost": 390783.99,
                            "Total Cost": 390784.0,
                            "Plan Rows": 1,
                            "Plan Width": 8,
                            "Actual Startup Time": 969.49,
                            "Actual Total Time": 969.496,
                            "Actual Rows": 1,
                            "Actual Loops": 4,
                            "Output": [
                                "PARTIAL count(*)"
                            ],
                            "Workers": [
                                {
                                    "Worker Number": 0,
                                    "Actual Startup Time": 966.113,
                                    "Actual Total Time": 966.117,
                                    "Actual Rows": 1,
                                    "Actual Loops": 1
                                },
                                {
                                    "Worker Number": 1,
                                    "Actual Startup Time": 966.351,
                                    "Actual Total Time": 966.356,
                                    "Actual Rows": 1,
                                    "Actual Loops": 1
                                },
                                {
                                    "Worker Number": 2,
                                    "Actual Startup Time": 966.509,
                                    "Actual Total Time": 966.515,
                                    "Actual Rows": 1,
                                    "Actual Loops": 1
                                }
                            ],
                            "Plans": [
                                {
                                    "Node Type": "Hash Join",
                                    "Parent Relationship": "Outer",
                                    "Parallel Aware": true,
                                    "Join Type": "Inner",
                                    "Startup Cost": 358477.67,
                                    "Total Cost": 390354.52,
                                    "Plan Rows": 171791,
                                    "Plan Width": 0,
                                    "Actual Startup Time": 749.32,
                                    "Actual Total Time": 947.311,
                                    "Actual Rows": 551912,
                                    "Actual Loops": 4,
                                    "Inner Unique": false,
                                    "Hash Cond": "(mc.movie_id = t.id)",
                                    "Workers": [
                                        {
                                            "Worker Number": 0,
                                            "Actual Startup Time": 746.252,
                                            "Actual Total Time": 944.146,
                                            "Actual Rows": 551894,
                                            "Actual Loops": 1
                                        },
                                        {
                                            "Worker Number": 1,
                                            "Actual Startup Time": 746.476,
                                            "Actual Total Time": 944.613,
                                            "Actual Rows": 544507,
                                            "Actual Loops": 1
                                        },
                                        {
                                            "Worker Number": 2,
                                            "Actual Startup Time": 746.678,
                                            "Actual Total Time": 944.882,
                                            "Actual Rows": 542686,
                                            "Actual Loops": 1
                                        }
                                    ],
                                    "Plans": [
                                        {
                                            "Node Type": "Seq Scan",
                                            "Parent Relationship": "Outer",
                                            "Parallel Aware": true,
                                            "Relation Name": "movie_companies",
                                            "Schema": "public",
                                            "Alias": "mc",
                                            "Startup Cost": 0.0,
                                            "Total Cost": 29310.68,
                                            "Plan Rows": 569782,
                                            "Plan Width": 4,
                                            "Actual Startup Time": 0.543,
                                            "Actual Total Time": 61.291,
                                            "Actual Rows": 442059,
                                            "Actual Loops": 4,
                                            "Output": [
                                                "mc.id",
                                                "mc.movie_id",
                                                "mc.company_id",
                                                "mc.company_type_id",
                                                "mc.note"
                                            ],
                                            "Filter": "(mc.company_id > 2215)",
                                            "Rows Removed by Filter": 210223,
                                            "Workers": [
                                                {
                                                    "Worker Number": 0,
                                                    "Actual Startup Time": 0.823,
                                                    "Actual Total Time": 62.725,
                                                    "Actual Rows": 436139,
                                                    "Actual Loops": 1
                                                },
                                                {
                                                    "Worker Number": 1,
                                                    "Actual Startup Time": 0.337,
                                                    "Actual Total Time": 62.783,
                                                    "Actual Rows": 439471,
                                                    "Actual Loops": 1
                                                },
                                                {
                                                    "Worker Number": 2,
                                                    "Actual Startup Time": 0.319,
                                                    "Actual Total Time": 62.37,
                                                    "Actual Rows": 436049,
                                                    "Actual Loops": 1
                                                }
                                            ]
                                        },
                                        {
                                            "Node Type": "Hash",
                                            "Parent Relationship": "Inner",
                                            "Parallel Aware": true,
                                            "Startup Cost": 356095.5,
                                            "Total Cost": 356095.5,
                                            "Plan Rows": 190574,
                                            "Plan Width": 8,
                                            "Actual Startup Time": 743.391,
                                            "Actual Total Time": 743.396,
                                            "Actual Rows": 387087,
                                            "Actual Loops": 4,
                                            "Output": [
                                                "t.id",
                                                "ci.movie_id"
                                            ],
                                            "Hash Buckets": 2097152,
                                            "Original Hash Buckets": 1048576,
                                            "Hash Batches": 1,
                                            "Original Hash Batches": 1,
                                            "Peak Memory Usage": 85216,
                                            "Workers": [
                                                {
                                                    "Worker Number": 0,
                                                    "Actual Startup Time": 744.862,
                                                    "Actual Total Time": 744.865,
                                                    "Actual Rows": 385838,
                                                    "Actual Loops": 1
                                                },
                                                {
                                                    "Worker Number": 1,
                                                    "Actual Startup Time": 745.078,
                                                    "Actual Total Time": 745.082,
                                                    "Actual Rows": 384257,
                                                    "Actual Loops": 1
                                                },
                                                {
                                                    "Worker Number": 2,
                                                    "Actual Startup Time": 745.213,
                                                    "Actual Total Time": 745.217,
                                                    "Actual Rows": 379813,
                                                    "Actual Loops": 1
                                                }
                                            ],
                                            "Plans": [
                                                {
                                                    "Node Type": "Hash Join",
                                                    "Parent Relationship": "Outer",
                                                    "Parallel Aware": true,
                                                    "Join Type": "Inner",
                                                    "Startup Cost": 307138.27,
                                                    "Total Cost": 356095.5,
                                                    "Plan Rows": 190574,
                                                    "Plan Width": 8,
                                                    "Actual Startup Time": 295.537,
                                                    "Actual Total Time": 622.022,
                                                    "Actual Rows": 387087,
                                                    "Actual Loops": 4,
                                                    "Output": [
                                                        "t.id",
                                                        "ci.movie_id"
                                                    ],
                                                    "Inner Unique": false,
                                                    "Hash Cond": "(t.id = ci.movie_id)",
                                                    "Workers": [
                                                        {
                                                            "Worker Number": 0,
                                                            "Actual Startup Time": 295.503,
                                                            "Actual Total Time": 622.766,
                                                            "Actual Rows": 385838,
                                                            "Actual Loops": 1
                                                        },
                                                        {
                                                            "Worker Number": 1,
                                                            "Actual Startup Time": 295.495,
                                                            "Actual Total Time": 622.59,
                                                            "Actual Rows": 384257,
                                                            "Actual Loops": 1
                                                        },
                                                        {
                                                            "Worker Number": 2,
                                                            "Actual Startup Time": 295.512,
                                                            "Actual Total Time": 623.066,
                                                            "Actual Rows": 379813,
                                                            "Actual Loops": 1
                                                        }
                                                    ],
                                                    "Plans": [
                                                        {
                                                            "Node Type": "Seq Scan",
                                                            "Parent Relationship": "Outer",
                                                            "Parallel Aware": true,
                                                            "Relation Name": "title",
                                                            "Schema": "public",
                                                            "Alias": "t",
                                                            "Startup Cost": 0.0,
                                                            "Total Cost": 42318.81,
                                                            "Plan Rows": 632080,
                                                            "Plan Width": 4,
                                                            "Actual Startup Time": 0.006,
                                                            "Actual Total Time": 65.628,
                                                            "Actual Rows": 632078,
                                                            "Actual Loops": 4,
                                                            "Output": [
                                                                "t.id",
                                                                "t.title",
                                                                "t.imdb_index",
                                                                "t.kind_id",
                                                                "t.production_year",
                                                                "t.imdb_id",
                                                                "t.phonetic_code",
                                                                "t.episode_of_id",
                                                                "t.season_nr",
                                                                "t.episode_nr",
                                                                "t.series_years",
                                                                "t.md5sum"
                                                            ],
                                                            "Workers": [
                                                                {
                                                                    "Worker Number": 0,
                                                                    "Actual Startup Time": 0.006,
                                                                    "Actual Total Time": 68.382,
                                                                    "Actual Rows": 630123,
                                                                    "Actual Loops": 1
                                                                },
                                                                {
                                                                    "Worker Number": 1,
                                                                    "Actual Startup Time": 0.007,
                                                                    "Actual Total Time": 68.954,
                                                                    "Actual Rows": 628844,
                                                                    "Actual Loops": 1
                                                                },
                                                                {
                                                                    "Worker Number": 2,
                                                                    "Actual Startup Time": 0.006,
                                                                    "Actual Total Time": 68.299,
                                                                    "Actual Rows": 618139,
                                                                    "Actual Loops": 1
                                                                }
                                                            ]
                                                        },
                                                        {
                                                            "Node Type": "Hash",
                                                            "Parent Relationship": "Inner",
                                                            "Parallel Aware": true,
                                                            "Startup Cost": 305550.16,
                                                            "Total Cost": 305550.16,
                                                            "Plan Rows": 127049,
                                                            "Plan Width": 4,
                                                            "Actual Startup Time": 292.983,
                                                            "Actual Total Time": 292.985,
                                                            "Actual Rows": 387087,
                                                            "Actual Loops": 4,
                                                            "Output": [
                                                                "ci.movie_id"
                                                            ],
                                                            "Hash Buckets": 2097152,
                                                            "Original Hash Buckets": 1048576,
                                                            "Hash Batches": 1,
                                                            "Original Hash Batches": 1,
                                                            "Peak Memory Usage": 85216,
                                                            "Workers": [
                                                                {
                                                                    "Worker Number": 0,
                                                                    "Actual Startup Time": 295.422,
                                                                    "Actual Total Time": 295.423,
                                                                    "Actual Rows": 368213,
                                                                    "Actual Loops": 1
                                                                },
                                                                {
                                                                    "Worker Number": 1,
                                                                    "Actual Startup Time": 295.424,
                                                                    "Actual Total Time": 295.427,
                                                                    "Actual Rows": 359705,
                                                                    "Actual Loops": 1
                                                                },
                                                                {
                                                                    "Worker Number": 2,
                                                                    "Actual Startup Time": 295.439,
                                                                    "Actual Total Time": 295.441,
                                                                    "Actual Rows": 355541,
                                                                    "Actual Loops": 1
                                                                }
                                                            ],
                                                            "Plans": [
                                                                {
                                                                    "Node Type": "Bitmap Heap Scan",
                                                                    "Parent Relationship": "Outer",
                                                                    "Parallel Aware": true,
                                                                    "Relation Name": "cast_info",
                                                                    "Schema": "public",
                                                                    "Alias": "ci",
                                                                    "Startup Cost": 47450.15,
                                                                    "Total Cost": 305550.16,
                                                                    "Plan Rows": 127049,
                                                                    "Plan Width": 4,
                                                                    "Actual Startup Time": 80.021,
                                                                    "Actual Total Time": 172.165,
                                                                    "Actual Rows": 387087,
                                                                    "Actual Loops": 4,
                                                                    "Output": [
                                                                        "ci.movie_id"
                                                                    ],
                                                                    "Recheck Cond": "(ci.person_id < 212516)",
                                                                    "Rows Removed by Index Recheck": 0,
                                                                    "Filter": "(ci.role_id = 1)",
                                                                    "Rows Removed by Filter": 155694,
                                                                    "Exact Heap Blocks": 7221,
                                                                    "Lossy Heap Blocks": 0,
                                                                    "Workers": [
                                                                        {
                                                                            "Worker Number": 0,
                                                                            "Actual Startup Time": 80.098,
                                                                            "Actual Total Time": 173.743,
                                                                            "Actual Rows": 368213,
                                                                            "Actual Loops": 1
                                                                        },
                                                                        {
                                                                            "Worker Number": 1,
                                                                            "Actual Startup Time": 80.182,
                                                                            "Actual Total Time": 174.08,
                                                                            "Actual Rows": 359705,
                                                                            "Actual Loops": 1
                                                                        },
                                                                        {
                                                                            "Worker Number": 2,
                                                                            "Actual Startup Time": 80.089,
                                                                            "Actual Total Time": 173.695,
                                                                            "Actual Rows": 355541,
                                                                            "Actual Loops": 1
                                                                        }
                                                                    ],
                                                                    "Plans": [
                                                                        {
                                                                            "Node Type": "Bitmap Index Scan",
                                                                            "Parent Relationship": "Outer",
                                                                            "Parallel Aware": false,
                                                                            "Index Name": "person_id_cast_info",
                                                                            "Startup Cost": 0.0,
                                                                            "Total Cost": 47259.58,
                                                                            "Plan Rows": 2165202,
                                                                            "Plan Width": 0,
                                                                            "Actual Startup Time": 76.337,
                                                                            "Actual Total Time": 76.338,
                                                                            "Actual Rows": 2171123,
                                                                            "Actual Loops": 1,
                                                                            "Index Cond": "(ci.person_id < 212516)"
                                                                        }
                                                                    ]
                                                                }
                                                            ]
                                                        }
                                                    ]
                                                }
                                            ]
                                        }
                                    ]
                                }
                            ]
                        }
                    ]
                }
            ]
        },
        "Planning Time": 276.25,
        "Triggers": [],
        "Execution Time": 1000.682
    }
]