{
  "Plan": {
    "Node Type": "Aggregate",
    "Strategy": "Plain",
    "Partial Mode": "Finalize",
    "Parallel Aware": false,
    "Startup Cost": 123844.89,
    "Total Cost": 123844.9,
    "Plan Rows": 1,
    "Plan Width": 8,
    "Actual Startup Time": 367.499,
    "Actual Total Time": 395.749,
    "Actual Rows": 1,
    "Actual Loops": 1,
    "Plans": [
      {
        "Node Type": "Gather",
        "Parent Relationship": "Outer",
        "Parallel Aware": false,
        "Startup Cost": 123844.77,
        "Total Cost": 123844.88,
        "Plan Rows": 1,
        "Plan Width": 8,
        "Actual Startup Time": 367.194,
        "Actual Total Time": 395.741,
        "Actual Rows": 2,
        "Actual Loops": 1,
        "Workers Planned": 1,
        "Workers Launched": 1,
        "Single Copy": false,
        "Plans": [
          {
            "Node Type": "Aggregate",
            "Strategy": "Plain",
            "Partial Mode": "Partial",
            "Parent Relationship": "Outer",
            "Parallel Aware": false,
            "Startup Cost": 122844.77,
            "Total Cost": 122844.78,
            "Plan Rows": 1,
            "Plan Width": 8,
            "Actual Startup Time": 361.064,
            "Actual Total Time": 361.068,
            "Actual Rows": 1,
            "Actual Loops": 2,
            "Plans": [
              {
                "Node Type": "Nested Loop",
                "Parent Relationship": "Outer",
                "Parallel Aware": false,
                "Join Type": "Inner",
                "Startup Cost": 21544.48,
                "Total Cost": 122773.66,
                "Plan Rows": 28445,
                "Plan Width": 0,
                "Actual Startup Time": 39.623,
                "Actual Total Time": 359.976,
                "Actual Rows": 16291,
                "Actual Loops": 2,
                "Inner Unique": false,
                "Plans": [
                  {
                    "Node Type": "Hash Join",
                    "Parent Relationship": "Outer",
                    "Parallel Aware": true,
                    "Join Type": "Inner",
                    "Startup Cost": 21544.05,
                    "Total Cost": 81851.4,
                    "Plan Rows": 24114,
                    "Plan Width": 8,
                    "Actual Startup Time": 39.489,
                    "Actual Total Time": 261.403,
                    "Actual Rows": 8776,
                    "Actual Loops": 2,
                    "Inner Unique": false,
                    "Hash Cond": "(t.id = mc.movie_id)",
                    "Plans": [
                      {
                        "Node Type": "Seq Scan",
                        "Parent Relationship": "Outer",
                        "Parallel Aware": true,
                        "Relation Name": "title",
                        "Alias": "t",
                        "Startup Cost": 0.0,
                        "Total Cost": 50870.31,
                        "Plan Rows": 1487231,
                        "Plan Width": 4,
                        "Actual Startup Time": 0.011,
                        "Actual Total Time": 112.048,
                        "Actual Rows": 1264156,
                        "Actual Loops": 2
                      },
                      {
                        "Node Type": "Hash",
                        "Parent Relationship": "Inner",
                        "Parallel Aware": true,
                        "Startup Cost": 21242.62,
                        "Total Cost": 21242.62,
                        "Plan Rows": 24114,
                        "Plan Width": 4,
                        "Actual Startup Time": 38.141,
                        "Actual Total Time": 38.143,
                        "Actual Rows": 8776,
                        "Actual Loops": 2,
                        "Hash Buckets": 65536,
                        "Original Hash Buckets": 65536,
                        "Hash Batches": 1,
                        "Original Hash Batches": 1,
                        "Peak Memory Usage": 1216,
                        "Plans": [
                          {
                            "Node Type": "Bitmap Heap Scan",
                            "Parent Relationship": "Outer",
                            "Parallel Aware": true,
                            "Relation Name": "movie_companies",
                            "Alias": "mc",
                            "Startup Cost": 1740.22,
                            "Total Cost": 21242.62,
                            "Plan Rows": 24114,
                            "Plan Width": 4,
                            "Actual Startup Time": 31.25,
                            "Actual Total Time": 36.292,
                            "Actual Rows": 8776,
                            "Actual Loops": 2,
                            "Recheck Cond": "(company_id < 19)",
                            "Rows Removed by Index Recheck": 0,
                            "Filter": "(company_type_id > 1)",
                            "Rows Removed by Filter": 33260,
                            "Exact Heap Blocks": 7344,
                            "Lossy Heap Blocks": 0,
                            "Plans": [
                              {
                                "Node Type": "Bitmap Index Scan",
                                "Parent Relationship": "Outer",
                                "Parallel Aware": false,
                                "Index Name": "company_id_movie_companies",
                                "Startup Cost": 0.0,
                                "Total Cost": 1729.97,
                                "Plan Rows": 80739,
                                "Plan Width": 0,
                                "Actual Startup Time": 12.739,
                                "Actual Total Time": 12.739,
                                "Actual Rows": 84071,
                                "Actual Loops": 1,
                                "Index Cond": "(company_id < 19)"
                              }
                            ]
                          }
                        ]
                      }
                    ]
                  },
                  {
                    "Node Type": "Index Scan",
                    "Parent Relationship": "Inner",
                    "Parallel Aware": false,
                    "Scan Direction": "Forward",
                    "Index Name": "movie_id_movie_info",
                    "Relation Name": "movie_info",
                    "Alias": "mi",
                    "Startup Cost": 0.43,
                    "Total Cost": 1.62,
                    "Plan Rows": 8,
                    "Plan Width": 4,
                    "Actual Startup Time": 0.007,
                    "Actual Total Time": 0.011,
                    "Actual Rows": 2,
                    "Actual Loops": 17551,
                    "Index Cond": "(movie_id = t.id)",
                    "Rows Removed by Index Recheck": 0,
                    "Filter": "(info_type_id = 16)",
                    "Rows Removed by Filter": 11
                  }
                ]
              }
            ]
          }
        ]
      }
    ]
  },
  "Planning Time": 0.969,
  "Triggers": [],
  "Execution Time": 395.858
}