[
    {
        "Bao": {
            "Bao prediction": "NaN",
            "Bao recommended hint": "(no hint)"
        }
    },
    {
        "Plan": {
            "Node Type": "Aggregate",
            "Strategy": "Plain",
            "Partial Mode": "Simple",
            "Parallel Aware": false,
            "Startup Cost": 22913.31,
            "Total Cost": 22913.32,
            "Plan Rows": 1,
            "Plan Width": 8,
            "Actual Startup Time": 12.921,
            "Actual Total Time": 12.923,
            "Actual Rows": 1,
            "Actual Loops": 1,
            "Output": [
                "count(*)"
            ],
            "Plans": [
                {
                    "Node Type": "Bitmap Heap Scan",
                    "Parent Relationship": "Outer",
                    "Parallel Aware": false,
                    "Relation Name": "movie_keyword",
                    "Schema": "public",
                    "Alias": "mk",
                    "Startup Cost": 321.3,
                    "Total Cost": 22875.61,
                    "Plan Rows": 15080,
                    "Plan Width": 0,
                    "Actual Startup Time": 1.83,
                    "Actual Total Time": 12.042,
                    "Actual Rows": 14364,
                    "Actual Loops": 1,
                    "Recheck Cond": "(mk.keyword_id = 1)",
                    "Rows Removed by Index Recheck": 0,
                    "Exact Heap Blocks": 5753,
                    "Lossy Heap Blocks": 0,
                    "Plans": [
                        {
                            "Node Type": "Bitmap Index Scan",
                            "Parent Relationship": "Outer",
                            "Parallel Aware": false,
                            "Index Name": "keyword_id_movie_keyword",
                            "Startup Cost": 0.0,
                            "Total Cost": 317.53,
                            "Plan Rows": 15080,
                            "Plan Width": 0,
                            "Actual Startup Time": 1.046,
                            "Actual Total Time": 1.046,
                            "Actual Rows": 14364,
                            "Actual Loops": 1,
                            "Index Cond": "(mk.keyword_id = 1)"
                        }
                    ]
                }
            ]
        },
        "Planning Time": 202.997,
        "Triggers": [],
        "Execution Time": 12.967
    }
]