[
  {
    "Plan": {
      "Node Type": "Aggregate",
      "Strategy": "Plain",
      "Partial Mode": "Finalize",
      "Parallel Aware": false,
      "Startup Cost": 43189.52,
      "Total Cost": 43189.53,
      "Plan Rows": 1,
      "Plan Width": 8,
      "Actual Startup Time": 181.614,
      "Actual Total Time": 191.34,
      "Actual Rows": 1,
      "Actual Loops": 1,
      "Plans": [
        {
          "Node Type": "Gather",
          "Parent Relationship": "Outer",
          "Parallel Aware": false,
          "Startup Cost": 43189.2,
          "Total Cost": 43189.51,
          "Plan Rows": 3,
          "Plan Width": 8,
          "Actual Startup Time": 181.189,
          "Actual Total Time": 191.326,
          "Actual Rows": 4,
          "Actual Loops": 1,
          "Workers Planned": 3,
          "Workers Launched": 3,
          "Single Copy": false,
          "Plans": [
            {
              "Node Type": "Aggregate",
              "Strategy": "Plain",
              "Partial Mode": "Partial",
              "Parent Relationship": "Outer",
              "Parallel Aware": false,
              "Startup Cost": 42189.2,
              "Total Cost": 42189.21,
              "Plan Rows": 1,
              "Plan Width": 8,
              "Actual Startup Time": 173.358,
              "Actual Total Time": 173.36,
              "Actual Rows": 1,
              "Actual Loops": 4,
              "Plans": [
                {
                  "Node Type": "Bitmap Heap Scan",
                  "Parent Relationship": "Outer",
                  "Parallel Aware": true,
                  "Relation Name": "movie_keyword",
                  "Alias": "mk",
                  "Startup Cost": 14440.86,
                  "Total Cost": 41640.15,
                  "Plan Rows": 219623,
                  "Plan Width": 0,
                  "Actual Startup Time": 65.542,
                  "Actual Total Time": 161.554,
                  "Actual Rows": 171578,
                  "Actual Loops": 4,
                  "Recheck Cond": "(keyword_id < 569)",
                  "Rows Removed by Index Recheck": 0,
                  "Exact Heap Blocks": 8119,
                  "Lossy Heap Blocks": 0,
                  "Plans": [
                    {
                      "Node Type": "Bitmap Index Scan",
                      "Parent Relationship": "Outer",
                      "Parallel Aware": false,
                      "Index Name": "keyword_id_movie_keyword",
                      "Startup Cost": 0.0,
                      "Total Cost": 14270.66,
                      "Plan Rows": 680830,
                      "Plan Width": 0,
                      "Actual Startup Time": 66.141,
                      "Actual Total Time": 66.142,
                      "Actual Rows": 686312,
                      "Actual Loops": 1,
                      "Index Cond": "(keyword_id < 569)"
                    }
                  ]
                }
              ]
            }
          ]
        }
      ]
    },
    "Planning Time": 0.417,
    "Triggers": [],
    "Execution Time": 191.479
  }
]