{
  "Plan": {
    "Node Type": "Aggregate",
    "Strategy": "Plain",
    "Partial Mode": "Finalize",
    "Parallel Aware": false,
    "Startup Cost": 346339.93,
    "Total Cost": 346339.94,
    "Plan Rows": 1,
    "Plan Width": 8,
    "Actual Startup Time": 1912.967,
    "Actual Total Time": 1932.05,
    "Actual Rows": 1,
    "Actual Loops": 1,
    "Plans": [
      {
        "Node Type": "Gather",
        "Parent Relationship": "Outer",
        "Parallel Aware": false,
        "Startup Cost": 346339.81,
        "Total Cost": 346339.92,
        "Plan Rows": 1,
        "Plan Width": 8,
        "Actual Startup Time": 1910.496,
        "Actual Total Time": 1932.044,
        "Actual Rows": 2,
        "Actual Loops": 1,
        "Workers Planned": 1,
        "Workers Launched": 1,
        "Single Copy": false,
        "Plans": [
          {
            "Node Type": "Aggregate",
            "Strategy": "Plain",
            "Partial Mode": "Partial",
            "Parent Relationship": "Outer",
            "Parallel Aware": false,
            "Startup Cost": 345339.81,
            "Total Cost": 345339.82,
            "Plan Rows": 1,
            "Plan Width": 8,
            "Actual Startup Time": 1902.07,
            "Actual Total Time": 1902.074,
            "Actual Rows": 1,
            "Actual Loops": 2,
            "Plans": [
              {
                "Node Type": "Nested Loop",
                "Parent Relationship": "Outer",
                "Parallel Aware": false,
                "Join Type": "Inner",
                "Startup Cost": 85898.05,
                "Total Cost": 344397.58,
                "Plan Rows": 376893,
                "Plan Width": 0,
                "Actual Startup Time": 481.543,
                "Actual Total Time": 1807.229,
                "Actual Rows": 2287770,
                "Actual Loops": 2,
                "Inner Unique": false,
                "Plans": [
                  {
                    "Node Type": "Hash Join",
                    "Parent Relationship": "Outer",
                    "Parallel Aware": true,
                    "Join Type": "Inner",
                    "Startup Cost": 85897.62,
                    "Total Cost": 117113.57,
                    "Plan Rows": 365216,
                    "Plan Width": 8,
                    "Actual Startup Time": 481.45,
                    "Actual Total Time": 689.592,
                    "Actual Rows": 361460,
                    "Actual Loops": 2,
                    "Inner Unique": true,
                    "Hash Cond": "(mk.movie_id = t.id)",
                    "Plans": [
                      {
                        "Node Type": "Bitmap Heap Scan",
                        "Parent Relationship": "Outer",
                        "Parallel Aware": true,
                        "Relation Name": "movie_keyword",
                        "Alias": "mk",
                        "Startup Cost": 16122.6,
                        "Total Cost": 46164.98,
                        "Plan Rows": 447071,
                        "Plan Width": 4,
                        "Actual Startup Time": 38.307,
                        "Actual Total Time": 115.561,
                        "Actual Rows": 385657,
                        "Actual Loops": 2,
                        "Recheck Cond": "(keyword_id < 726)",
                        "Rows Removed by Index Recheck": 0,
                        "Exact Heap Blocks": 12468,
                        "Lossy Heap Blocks": 0,
                        "Plans": [
                          {
                            "Node Type": "Bitmap Index Scan",
                            "Parent Relationship": "Outer",
                            "Parallel Aware": false,
                            "Index Name": "keyword_id_movie_keyword",
                            "Startup Cost": 0.0,
                            "Total Cost": 15932.59,
                            "Plan Rows": 760021,
                            "Plan Width": 0,
                            "Actual Startup Time": 34.727,
                            "Actual Total Time": 34.727,
                            "Actual Rows": 771314,
                            "Actual Loops": 1,
                            "Index Cond": "(keyword_id < 726)"
                          }
                        ]
                      },
                      {
                        "Node Type": "Hash",
                        "Parent Relationship": "Inner",
                        "Parallel Aware": true,
                        "Startup Cost": 54588.39,
                        "Total Cost": 54588.39,
                        "Plan Rows": 1214931,
                        "Plan Width": 4,
                        "Actual Startup Time": 428.573,
                        "Actual Total Time": 428.574,
                        "Actual Rows": 1032276,
                        "Actual Loops": 2,
                        "Hash Buckets": 2097152,
                        "Original Hash Buckets": 2097152,
                        "Hash Batches": 1,
                        "Original Hash Batches": 1,
                        "Peak Memory Usage": 97184,
                        "Plans": [
                          {
                            "Node Type": "Seq Scan",
                            "Parent Relationship": "Outer",
                            "Parallel Aware": true,
                            "Relation Name": "title",
                            "Alias": "t",
                            "Startup Cost": 0.0,
                            "Total Cost": 54588.39,
                            "Plan Rows": 1214931,
                            "Plan Width": 4,
                            "Actual Startup Time": 0.027,
                            "Actual Total Time": 171.992,
                            "Actual Rows": 1032276,
                            "Actual Loops": 2,
                            "Filter": "(production_year < 2011)",
                            "Rows Removed by Filter": 231880
                          }
                        ]
                      }
                    ]
                  },
                  {
                    "Node Type": "Index Only Scan",
                    "Parent Relationship": "Inner",
                    "Parallel Aware": false,
                    "Scan Direction": "Forward",
                    "Index Name": "movie_id_movie_companies",
                    "Relation Name": "movie_companies",
                    "Alias": "mc",
                    "Startup Cost": 0.43,
                    "Total Cost": 0.57,
                    "Plan Rows": 5,
                    "Plan Width": 4,
                    "Actual Startup Time": 0.001,
                    "Actual Total Time": 0.003,
                    "Actual Rows": 6,
                    "Actual Loops": 722921,
                    "Index Cond": "(movie_id = t.id)",
                    "Rows Removed by Index Recheck": 0,
                    "Heap Fetches": 4575541
                  }
                ]
              }
            ]
          }
        ]
      }
    ]
  },
  "Planning Time": 1.013,
  "Triggers": [],
  "Execution Time": 1932.152
}