[
  {
    "Plan": {
      "Node Type": "Aggregate",
      "Strategy": "Plain",
      "Partial Mode": "Finalize",
      "Parallel Aware": false,
      "Startup Cost": 45000.48,
      "Total Cost": 45000.49,
      "Plan Rows": 1,
      "Plan Width": 8,
      "Actual Startup Time": 113.453,
      "Actual Total Time": 119.71,
      "Actual Rows": 1,
      "Actual Loops": 1,
      "Plans": [
        {
          "Node Type": "Gather",
          "Parent Relationship": "Outer",
          "Parallel Aware": false,
          "Startup Cost": 45000.16,
          "Total Cost": 45000.47,
          "Plan Rows": 3,
          "Plan Width": 8,
          "Actual Startup Time": 113.37,
          "Actual Total Time": 119.704,
          "Actual Rows": 4,
          "Actual Loops": 1,
          "Workers Planned": 3,
          "Workers Launched": 3,
          "Single Copy": false,
          "Plans": [
            {
              "Node Type": "Aggregate",
              "Strategy": "Plain",
              "Partial Mode": "Partial",
              "Parent Relationship": "Outer",
              "Parallel Aware": false,
              "Startup Cost": 44000.16,
              "Total Cost": 44000.17,
              "Plan Rows": 1,
              "Plan Width": 8,
              "Actual Startup Time": 110.558,
              "Actual Total Time": 110.559,
              "Actual Rows": 1,
              "Actual Loops": 4,
              "Plans": [
                {
                  "Node Type": "Seq Scan",
                  "Parent Relationship": "Outer",
                  "Parallel Aware": true,
                  "Relation Name": "movie_keyword",
                  "Alias": "mk",
                  "Startup Cost": 0.0,
                  "Total Cost": 42695.65,
                  "Plan Rows": 521802,
                  "Plan Width": 0,
                  "Actual Startup Time": 0.616,
                  "Actual Total Time": 92.671,
                  "Actual Rows": 398980,
                  "Actual Loops": 4,
                  "Filter": "(keyword_id > 9640)",
                  "Rows Removed by Filter": 732003
                }
              ]
            }
          ]
        }
      ]
    },
    "Planning Time": 0.092,
    "Triggers": [],
    "Execution Time": 119.74
  }
]