[
  {
    "Plan": {
      "Node Type": "Aggregate",
      "Strategy": "Plain",
      "Partial Mode": "Finalize",
      "Parallel Aware": false,
      "Startup Cost": 96703.16,
      "Total Cost": 96703.17,
      "Plan Rows": 1,
      "Plan Width": 8,
      "Actual Startup Time": 373.536,
      "Actual Total Time": 393.429,
      "Actual Rows": 1,
      "Actual Loops": 1,
      "Plans": [
        {
          "Node Type": "Gather",
          "Parent Relationship": "Outer",
          "Parallel Aware": false,
          "Startup Cost": 96702.84,
          "Total Cost": 96703.15,
          "Plan Rows": 3,
          "Plan Width": 8,
          "Actual Startup Time": 370.581,
          "Actual Total Time": 393.417,
          "Actual Rows": 4,
          "Actual Loops": 1,
          "Workers Planned": 3,
          "Workers Launched": 3,
          "Single Copy": false,
          "Plans": [
            {
              "Node Type": "Aggregate",
              "Strategy": "Plain",
              "Partial Mode": "Partial",
              "Parent Relationship": "Outer",
              "Parallel Aware": false,
              "Startup Cost": 95702.84,
              "Total Cost": 95702.85,
              "Plan Rows": 1,
              "Plan Width": 8,
              "Actual Startup Time": 365.557,
              "Actual Total Time": 365.689,
              "Actual Rows": 1,
              "Actual Loops": 4,
              "Plans": [
                {
                  "Node Type": "Hash Join",
                  "Parent Relationship": "Outer",
                  "Parallel Aware": true,
                  "Join Type": "Inner",
                  "Startup Cost": 64676.95,
                  "Total Cost": 95638.33,
                  "Plan Rows": 25805,
                  "Plan Width": 0,
                  "Actual Startup Time": 263.405,
                  "Actual Total Time": 364.668,
                  "Actual Rows": 21527,
                  "Actual Loops": 4,
                  "Inner Unique": false,
                  "Hash Cond": "(mc.movie_id = t.id)",
                  "Plans": [
                    {
                      "Node Type": "Seq Scan",
                      "Parent Relationship": "Outer",
                      "Parallel Aware": true,
                      "Relation Name": "movie_companies",
                      "Alias": "mc",
                      "Startup Cost": 0.0,
                      "Total Cost": 29310.68,
                      "Plan Rows": 411513,
                      "Plan Width": 4,
                      "Actual Startup Time": 0.018,
                      "Actual Total Time": 68.153,
                      "Actual Rows": 318562,
                      "Actual Loops": 4,
                      "Filter": "(company_type_id = 1)",
                      "Rows Removed by Filter": 333721
                    },
                    {
                      "Node Type": "Hash",
                      "Parent Relationship": "Inner",
                      "Parallel Aware": true,
                      "Startup Cost": 63851.18,
                      "Total Cost": 63851.18,
                      "Plan Rows": 66062,
                      "Plan Width": 8,
                      "Actual Startup Time": 261.774,
                      "Actual Total Time": 261.903,
                      "Actual Rows": 22494,
                      "Actual Loops": 4,
                      "Hash Buckets": 262144,
                      "Original Hash Buckets": 262144,
                      "Hash Batches": 1,
                      "Original Hash Batches": 1,
                      "Peak Memory Usage": 5600,
                      "Plans": [
                        {
                          "Node Type": "Hash Join",
                          "Parent Relationship": "Outer",
                          "Parallel Aware": true,
                          "Join Type": "Inner",
                          "Startup Cost": 48230.39,
                          "Total Cost": 63851.18,
                          "Plan Rows": 66062,
                          "Plan Width": 8,
                          "Actual Startup Time": 172.225,
                          "Actual Total Time": 251.514,
                          "Actual Rows": 22494,
                          "Actual Loops": 4,
                          "Inner Unique": true,
                          "Hash Cond": "(mi_idx.movie_id = t.id)",
                          "Plans": [
                            {
                              "Node Type": "Seq Scan",
                              "Parent Relationship": "Outer",
                              "Parallel Aware": true,
                              "Relation Name": "movie_info_idx",
                              "Alias": "mi_idx",
                              "Startup Cost": 0.0,
                              "Total Cost": 15122.68,
                              "Plan Rows": 189755,
                              "Plan Width": 4,
                              "Actual Startup Time": 0.013,
                              "Actual Total Time": 36.636,
                              "Actual Rows": 114981,
                              "Actual Loops": 4,
                              "Filter": "(info_type_id = 99)",
                              "Rows Removed by Filter": 230028
                            },
                            {
                              "Node Type": "Hash",
                              "Parent Relationship": "Inner",
                              "Parallel Aware": true,
                              "Startup Cost": 45479.59,
                              "Total Cost": 45479.59,
                              "Plan Rows": 220064,
                              "Plan Width": 4,
                              "Actual Startup Time": 170.039,
                              "Actual Total Time": 170.041,
                              "Actual Rows": 200378,
                              "Actual Loops": 4,
                              "Hash Buckets": 1048576,
                              "Original Hash Buckets": 1048576,
                              "Hash Batches": 1,
                              "Original Hash Batches": 1,
                              "Peak Memory Usage": 39616,
                              "Plans": [
                                {
                                  "Node Type": "Seq Scan",
                                  "Parent Relationship": "Outer",
                                  "Parallel Aware": true,
                                  "Relation Name": "title",
                                  "Alias": "t",
                                  "Startup Cost": 0.0,
                                  "Total Cost": 45479.59,
                                  "Plan Rows": 220064,
                                  "Plan Width": 4,
                                  "Actual Startup Time": 0.027,
                                  "Actual Total Time": 99.207,
                                  "Actual Rows": 200378,
                                  "Actual Loops": 4,
                                  "Filter": "((production_year < 2006) AND (kind_id = 7))",
                                  "Rows Removed by Filter": 431700
                                }
                              ]
                            }
                          ]
                        }
                      ]
                    }
                  ]
                }
              ]
            }
          ]
        }
      ]
    },
    "Planning Time": 0.559,
    "Triggers": [],
    "Execution Time": 393.483
  }
]