{
  "Plan": {
    "Node Type": "Aggregate",
    "Strategy": "Plain",
    "Partial Mode": "Finalize",
    "Parallel Aware": false,
    "Startup Cost": 1183967.1,
    "Total Cost": 1183967.11,
    "Plan Rows": 1,
    "Plan Width": 8,
    "Actual Startup Time": 4800.403,
    "Actual Total Time": 4847.039,
    "Actual Rows": 1,
    "Actual Loops": 1,
    "Plans": [
      {
        "Node Type": "Gather",
        "Parent Relationship": "Outer",
        "Parallel Aware": false,
        "Startup Cost": 1183966.99,
        "Total Cost": 1183967.1,
        "Plan Rows": 1,
        "Plan Width": 8,
        "Actual Startup Time": 4800.395,
        "Actual Total Time": 4847.032,
        "Actual Rows": 2,
        "Actual Loops": 1,
        "Workers Planned": 1,
        "Workers Launched": 1,
        "Single Copy": false,
        "Plans": [
          {
            "Node Type": "Aggregate",
            "Strategy": "Plain",
            "Partial Mode": "Partial",
            "Parent Relationship": "Outer",
            "Parallel Aware": false,
            "Startup Cost": 1182966.99,
            "Total Cost": 1182967.0,
            "Plan Rows": 1,
            "Plan Width": 8,
            "Actual Startup Time": 4781.862,
            "Actual Total Time": 4781.869,
            "Actual Rows": 1,
            "Actual Loops": 2,
            "Plans": [
              {
                "Node Type": "Merge Join",
                "Parent Relationship": "Outer",
                "Parallel Aware": false,
                "Join Type": "Inner",
                "Startup Cost": 1147623.49,
                "Total Cost": 1180365.29,
                "Plan Rows": 1040682,
                "Plan Width": 0,
                "Actual Startup Time": 3753.686,
                "Actual Total Time": 4661.914,
                "Actual Rows": 2859134,
                "Actual Loops": 2,
                "Inner Unique": false,
                "Merge Cond": "(mi.movie_id = t.id)",
                "Plans": [
                  {
                    "Node Type": "Sort",
                    "Parent Relationship": "Outer",
                    "Parallel Aware": false,
                    "Startup Cost": 642661.63,
                    "Total Cost": 651228.91,
                    "Plan Rows": 3426912,
                    "Plan Width": 4,
                    "Actual Startup Time": 1380.279,
                    "Actual Total Time": 1517.769,
                    "Actual Rows": 2942394,
                    "Actual Loops": 2,
                    "Sort Key": [
                      "mi.movie_id"
                    ],
                    "Sort Method": "quicksort",
                    "Sort Space Used": 244296,
                    "Sort Space Type": "Memory",
                    "Workers": [
                      {
                        "Worker Number": 0,
                        "Sort Method": "quicksort",
                        "Sort Space Used": 228171,
                        "Sort Space Type": "Memory"
                      }
                    ],
                    "Plans": [
                      {
                        "Node Type": "Seq Scan",
                        "Parent Relationship": "Outer",
                        "Parallel Aware": true,
                        "Relation Name": "movie_info",
                        "Alias": "mi",
                        "Startup Cost": 0.0,
                        "Total Cost": 270696.42,
                        "Plan Rows": 3426912,
                        "Plan Width": 4,
                        "Actual Startup Time": 0.034,
                        "Actual Total Time": 752.415,
                        "Actual Rows": 2942482,
                        "Actual Loops": 2,
                        "Filter": "(info_type_id < 7)",
                        "Rows Removed by Filter": 4475378
                      }
                    ]
                  },
                  {
                    "Node Type": "Sort",
                    "Parent Relationship": "Inner",
                    "Parallel Aware": false,
                    "Startup Cost": 504961.77,
                    "Total Cost": 506881.25,
                    "Plan Rows": 767790,
                    "Plan Width": 8,
                    "Actual Startup Time": 2373.383,
                    "Actual Total Time": 2624.72,
                    "Actual Rows": 3539667,
                    "Actual Loops": 2,
                    "Sort Key": [
                      "t.id"
                    ],
                    "Sort Method": "quicksort",
                    "Sort Space Used": 123753,
                    "Sort Space Type": "Memory",
                    "Workers": [
                      {
                        "Worker Number": 0,
                        "Sort Method": "quicksort",
                        "Sort Space Used": 123753,
                        "Sort Space Type": "Memory"
                      }
                    ],
                    "Plans": [
                      {
                        "Node Type": "Hash Join",
                        "Parent Relationship": "Outer",
                        "Parallel Aware": false,
                        "Join Type": "Inner",
                        "Startup Cost": 141762.9,
                        "Total Cost": 429908.95,
                        "Plan Rows": 767790,
                        "Plan Width": 8,
                        "Actual Startup Time": 947.038,
                        "Actual Total Time": 1940.35,
                        "Actual Rows": 1591479,
                        "Actual Loops": 2,
                        "Inner Unique": true,
                        "Hash Cond": "(ci.movie_id = t.id)",
                        "Plans": [
                          {
                            "Node Type": "Bitmap Heap Scan",
                            "Parent Relationship": "Outer",
                            "Parallel Aware": false,
                            "Relation Name": "cast_info",
                            "Alias": "ci",
                            "Startup Cost": 48878.31,
                            "Total Cost": 335008.9,
                            "Plan Rows": 767790,
                            "Plan Width": 4,
                            "Actual Startup Time": 86.555,
                            "Actual Total Time": 366.847,
                            "Actual Rows": 1591479,
                            "Actual Loops": 2,
                            "Recheck Cond": "(person_id < 217596)",
                            "Rows Removed by Index Recheck": 0,
                            "Filter": "(role_id = 1)",
                            "Rows Removed by Filter": 640919,
                            "Exact Heap Blocks": 23337,
                            "Lossy Heap Blocks": 0,
                            "Plans": [
                              {
                                "Node Type": "Bitmap Index Scan",
                                "Parent Relationship": "Outer",
                                "Parallel Aware": false,
                                "Index Name": "person_id_cast_info",
                                "Startup Cost": 0.0,
                                "Total Cost": 48686.36,
                                "Plan Rows": 2229573,
                                "Plan Width": 0,
                                "Actual Startup Time": 83.626,
                                "Actual Total Time": 83.626,
                                "Actual Rows": 2232398,
                                "Actual Loops": 2,
                                "Index Cond": "(person_id < 217596)"
                              }
                            ]
                          },
                          {
                            "Node Type": "Hash",
                            "Parent Relationship": "Inner",
                            "Parallel Aware": false,
                            "Startup Cost": 61280.93,
                            "Total Cost": 61280.93,
                            "Plan Rows": 2528293,
                            "Plan Width": 4,
                            "Actual Startup Time": 843.467,
                            "Actual Total Time": 843.468,
                            "Actual Rows": 2528312,
                            "Actual Loops": 2,
                            "Hash Buckets": 4194304,
                            "Original Hash Buckets": 4194304,
                            "Hash Batches": 1,
                            "Original Hash Batches": 1,
                            "Peak Memory Usage": 121654,
                            "Plans": [
                              {
                                "Node Type": "Seq Scan",
                                "Parent Relationship": "Outer",
                                "Parallel Aware": false,
                                "Relation Name": "title",
                                "Alias": "t",
                                "Startup Cost": 0.0,
                                "Total Cost": 61280.93,
                                "Plan Rows": 2528293,
                                "Plan Width": 4,
                                "Actual Startup Time": 0.032,
                                "Actual Total Time": 259.429,
                                "Actual Rows": 2528312,
                                "Actual Loops": 2
                              }
                            ]
                          }
                        ]
                      }
                    ]
                  }
                ]
              }
            ]
          }
        ]
      }
    ]
  },
  "Planning Time": 1.093,
  "Triggers": [],
  "Execution Time": 4887.268
}