{
  "Plan": {
    "Node Type": "Aggregate",
    "Strategy": "Plain",
    "Partial Mode": "Finalize",
    "Parallel Aware": false,
    "Startup Cost": 77565.99,
    "Total Cost": 77566.0,
    "Plan Rows": 1,
    "Plan Width": 8,
    "Actual Startup Time": 250.662,
    "Actual Total Time": 263.364,
    "Actual Rows": 1,
    "Actual Loops": 1,
    "Plans": [
      {
        "Node Type": "Gather",
        "Parent Relationship": "Outer",
        "Parallel Aware": false,
        "Startup Cost": 77565.87,
        "Total Cost": 77565.98,
        "Plan Rows": 1,
        "Plan Width": 8,
        "Actual Startup Time": 250.388,
        "Actual Total Time": 263.356,
        "Actual Rows": 2,
        "Actual Loops": 1,
        "Workers Planned": 1,
        "Workers Launched": 1,
        "Single Copy": false,
        "Plans": [
          {
            "Node Type": "Aggregate",
            "Strategy": "Plain",
            "Partial Mode": "Partial",
            "Parent Relationship": "Outer",
            "Parallel Aware": false,
            "Startup Cost": 76565.87,
            "Total Cost": 76565.88,
            "Plan Rows": 1,
            "Plan Width": 8,
            "Actual Startup Time": 244.855,
            "Actual Total Time": 244.859,
            "Actual Rows": 1,
            "Actual Loops": 2,
            "Plans": [
              {
                "Node Type": "Hash Join",
                "Parent Relationship": "Outer",
                "Parallel Aware": true,
                "Join Type": "Inner",
                "Startup Cost": 58374.64,
                "Total Cost": 76558.43,
                "Plan Rows": 2977,
                "Plan Width": 0,
                "Actual Startup Time": 148.469,
                "Actual Total Time": 244.782,
                "Actual Rows": 1494,
                "Actual Loops": 2,
                "Inner Unique": true,
                "Hash Cond": "(mi_idx.movie_id = t.id)",
                "Plans": [
                  {
                    "Node Type": "Seq Scan",
                    "Parent Relationship": "Outer",
                    "Parallel Aware": true,
                    "Relation Name": "movie_info_idx",
                    "Alias": "mi_idx",
                    "Startup Cost": 0.0,
                    "Total Cost": 16052.85,
                    "Plan Rows": 811785,
                    "Plan Width": 4,
                    "Actual Startup Time": 0.02,
                    "Actual Total Time": 50.044,
                    "Actual Rows": 690018,
                    "Actual Loops": 2
                  },
                  {
                    "Node Type": "Hash",
                    "Parent Relationship": "Inner",
                    "Parallel Aware": true,
                    "Startup Cost": 58306.47,
                    "Total Cost": 58306.47,
                    "Plan Rows": 5454,
                    "Plan Width": 4,
                    "Actual Startup Time": 146.718,
                    "Actual Total Time": 146.719,
                    "Actual Rows": 3898,
                    "Actual Loops": 2,
                    "Hash Buckets": 16384,
                    "Original Hash Buckets": 16384,
                    "Hash Batches": 1,
                    "Original Hash Batches": 1,
                    "Peak Memory Usage": 448,
                    "Plans": [
                      {
                        "Node Type": "Seq Scan",
                        "Parent Relationship": "Outer",
                        "Parallel Aware": true,
                        "Relation Name": "title",
                        "Alias": "t",
                        "Startup Cost": 0.0,
                        "Total Cost": 58306.47,
                        "Plan Rows": 5454,
                        "Plan Width": 4,
                        "Actual Startup Time": 0.177,
                        "Actual Total Time": 144.887,
                        "Actual Rows": 3898,
                        "Actual Loops": 2,
                        "Filter": "((kind_id = 7) AND (production_year = 1976))",
                        "Rows Removed by Filter": 1260258
                      }
                    ]
                  }
                ]
              }
            ]
          }
        ]
      }
    ]
  },
  "Planning Time": 0.429,
  "Triggers": [],
  "Execution Time": 263.43
}