[
  {
    "Plan": {
      "Node Type": "Aggregate",
      "Strategy": "Plain",
      "Partial Mode": "Finalize",
      "Parallel Aware": false,
      "Startup Cost": 401472.35,
      "Total Cost": 401472.36,
      "Plan Rows": 1,
      "Plan Width": 8,
      "Actual Startup Time": 1197.391,
      "Actual Total Time": 1250.355,
      "Actual Rows": 1,
      "Actual Loops": 1,
      "Plans": [
        {
          "Node Type": "Gather",
          "Parent Relationship": "Outer",
          "Parallel Aware": false,
          "Startup Cost": 401471.73,
          "Total Cost": 401472.34,
          "Plan Rows": 6,
          "Plan Width": 8,
          "Actual Startup Time": 1183.713,
          "Actual Total Time": 1250.344,
          "Actual Rows": 7,
          "Actual Loops": 1,
          "Workers Planned": 6,
          "Workers Launched": 6,
          "Single Copy": false,
          "Plans": [
            {
              "Node Type": "Aggregate",
              "Strategy": "Plain",
              "Partial Mode": "Partial",
              "Parent Relationship": "Outer",
              "Parallel Aware": false,
              "Startup Cost": 400471.73,
              "Total Cost": 400471.74,
              "Plan Rows": 1,
              "Plan Width": 8,
              "Actual Startup Time": 1173.565,
              "Actual Total Time": 1173.569,
              "Actual Rows": 1,
              "Actual Loops": 7,
              "Plans": [
                {
                  "Node Type": "Hash Join",
                  "Parent Relationship": "Outer",
                  "Parallel Aware": true,
                  "Join Type": "Inner",
                  "Startup Cost": 49890.1,
                  "Total Cost": 397425.28,
                  "Plan Rows": 1218579,
                  "Plan Width": 0,
                  "Actual Startup Time": 531.743,
                  "Actual Total Time": 1144.854,
                  "Actual Rows": 634141,
                  "Actual Loops": 7,
                  "Inner Unique": true,
                  "Hash Cond": "(ci.movie_id = t.id)",
                  "Plans": [
                    {
                      "Node Type": "Seq Scan",
                      "Parent Relationship": "Outer",
                      "Parallel Aware": true,
                      "Relation Name": "cast_info",
                      "Alias": "ci",
                      "Startup Cost": 0.0,
                      "Total Cost": 343316.27,
                      "Plan Rows": 1607200,
                      "Plan Width": 4,
                      "Actual Startup Time": 326.212,
                      "Actual Total Time": 604.127,
                      "Actual Rows": 782046,
                      "Actual Loops": 7,
                      "Filter": "((person_id < 2247245) AND (role_id > 2))",
                      "Rows Removed by Filter": 4395718
                    },
                    {
                      "Node Type": "Hash",
                      "Parent Relationship": "Inner",
                      "Parallel Aware": true,
                      "Startup Cost": 43899.32,
                      "Total Cost": 43899.32,
                      "Plan Rows": 479262,
                      "Plan Width": 4,
                      "Actual Startup Time": 201.815,
                      "Actual Total Time": 201.816,
                      "Actual Rows": 271894,
                      "Actual Loops": 7,
                      "Hash Buckets": 2097152,
                      "Original Hash Buckets": 2097152,
                      "Hash Batches": 1,
                      "Original Hash Batches": 1,
                      "Peak Memory Usage": 91008,
                      "Plans": [
                        {
                          "Node Type": "Seq Scan",
                          "Parent Relationship": "Outer",
                          "Parallel Aware": true,
                          "Relation Name": "title",
                          "Alias": "t",
                          "Startup Cost": 0.0,
                          "Total Cost": 43899.32,
                          "Plan Rows": 479262,
                          "Plan Width": 4,
                          "Actual Startup Time": 0.033,
                          "Actual Total Time": 80.481,
                          "Actual Rows": 271894,
                          "Actual Loops": 7,
                          "Filter": "(production_year > 1982)",
                          "Rows Removed by Filter": 89293
                        }
                      ]
                    }
                  ]
                }
              ]
            }
          ]
        }
      ]
    },
    "Planning Time": 0.525,
    "Triggers": [],
    "Execution Time": 1250.413
  }
]