{
  "Plan": {
    "Node Type": "Aggregate",
    "Strategy": "Plain",
    "Partial Mode": "Finalize",
    "Parallel Aware": false,
    "Startup Cost": 107253.18,
    "Total Cost": 107253.19,
    "Plan Rows": 1,
    "Plan Width": 8,
    "Actual Startup Time": 551.823,
    "Actual Total Time": 595.698,
    "Actual Rows": 1,
    "Actual Loops": 1,
    "Plans": [
      {
        "Node Type": "Gather",
        "Parent Relationship": "Outer",
        "Parallel Aware": false,
        "Startup Cost": 107253.06,
        "Total Cost": 107253.17,
        "Plan Rows": 1,
        "Plan Width": 8,
        "Actual Startup Time": 551.192,
        "Actual Total Time": 595.689,
        "Actual Rows": 2,
        "Actual Loops": 1,
        "Workers Planned": 1,
        "Workers Launched": 1,
        "Single Copy": false,
        "Plans": [
          {
            "Node Type": "Aggregate",
            "Strategy": "Plain",
            "Partial Mode": "Partial",
            "Parent Relationship": "Outer",
            "Parallel Aware": false,
            "Startup Cost": 106253.06,
            "Total Cost": 106253.07,
            "Plan Rows": 1,
            "Plan Width": 8,
            "Actual Startup Time": 544.848,
            "Actual Total Time": 544.853,
            "Actual Rows": 1,
            "Actual Loops": 2,
            "Plans": [
              {
                "Node Type": "Nested Loop",
                "Parent Relationship": "Outer",
                "Parallel Aware": false,
                "Join Type": "Inner",
                "Startup Cost": 50780.07,
                "Total Cost": 106113.27,
                "Plan Rows": 55917,
                "Plan Width": 0,
                "Actual Startup Time": 131.698,
                "Actual Total Time": 529.548,
                "Actual Rows": 327758,
                "Actual Loops": 2,
                "Inner Unique": false,
                "Join Filter": "(t.id = mi.movie_id)",
                "Rows Removed by Join Filter": 0,
                "Plans": [
                  {
                    "Node Type": "Hash Join",
                    "Parent Relationship": "Outer",
                    "Parallel Aware": true,
                    "Join Type": "Inner",
                    "Startup Cost": 50779.63,
                    "Total Cost": 74278.28,
                    "Plan Rows": 9563,
                    "Plan Width": 8,
                    "Actual Startup Time": 131.625,
                    "Actual Total Time": 199.71,
                    "Actual Rows": 32570,
                    "Actual Loops": 2,
                    "Inner Unique": true,
                    "Hash Cond": "(mc.movie_id = t.id)",
                    "Plans": [
                      {
                        "Node Type": "Bitmap Heap Scan",
                        "Parent Relationship": "Outer",
                        "Parallel Aware": true,
                        "Relation Name": "movie_companies",
                        "Alias": "mc",
                        "Startup Cost": 11466.02,
                        "Total Cost": 34147.47,
                        "Plan Rows": 311316,
                        "Plan Width": 4,
                        "Actual Startup Time": 25.212,
                        "Actual Total Time": 79.132,
                        "Actual Rows": 263966,
                        "Actual Loops": 2,
                        "Recheck Cond": "(company_id < 488)",
                        "Rows Removed by Index Recheck": 0,
                        "Exact Heap Blocks": 10203,
                        "Lossy Heap Blocks": 0,
                        "Plans": [
                          {
                            "Node Type": "Bitmap Index Scan",
                            "Parent Relationship": "Outer",
                            "Parallel Aware": false,
                            "Index Name": "company_id_movie_companies",
                            "Startup Cost": 0.0,
                            "Total Cost": 11333.71,
                            "Plan Rows": 529237,
                            "Plan Width": 0,
                            "Actual Startup Time": 22.478,
                            "Actual Total Time": 22.479,
                            "Actual Rows": 527932,
                            "Actual Loops": 1,
                            "Index Cond": "(company_id < 488)"
                          }
                        ]
                      },
                      {
                        "Node Type": "Hash",
                        "Parent Relationship": "Inner",
                        "Parallel Aware": true,
                        "Startup Cost": 38742.55,
                        "Total Cost": 38742.55,
                        "Plan Rows": 45685,
                        "Plan Width": 4,
                        "Actual Startup Time": 64.667,
                        "Actual Total Time": 64.668,
                        "Actual Rows": 44446,
                        "Actual Loops": 2,
                        "Hash Buckets": 131072,
                        "Original Hash Buckets": 131072,
                        "Hash Batches": 1,
                        "Original Hash Batches": 1,
                        "Peak Memory Usage": 4544,
                        "Plans": [
                          {
                            "Node Type": "Bitmap Heap Scan",
                            "Parent Relationship": "Outer",
                            "Parallel Aware": true,
                            "Relation Name": "title",
                            "Alias": "t",
                            "Startup Cost": 1842.55,
                            "Total Cost": 38742.55,
                            "Plan Rows": 45685,
                            "Plan Width": 4,
                            "Actual Startup Time": 15.868,
                            "Actual Total Time": 53.262,
                            "Actual Rows": 44446,
                            "Actual Loops": 2,
                            "Recheck Cond": "(kind_id = 3)",
                            "Rows Removed by Index Recheck": 0,
                            "Filter": "(production_year < 2010)",
                            "Rows Removed by Filter": 5822,
                            "Exact Heap Blocks": 10253,
                            "Lossy Heap Blocks": 0,
                            "Plans": [
                              {
                                "Node Type": "Bitmap Index Scan",
                                "Parent Relationship": "Outer",
                                "Parallel Aware": false,
                                "Index Name": "kind_id_title",
                                "Startup Cost": 0.0,
                                "Total Cost": 1823.13,
                                "Plan Rows": 102227,
                                "Plan Width": 0,
                                "Actual Startup Time": 15.759,
                                "Actual Total Time": 15.759,
                                "Actual Rows": 100537,
                                "Actual Loops": 1,
                                "Index Cond": "(kind_id = 3)"
                              }
                            ]
                          }
                        ]
                      }
                    ]
                  },
                  {
                    "Node Type": "Index Only Scan",
                    "Parent Relationship": "Inner",
                    "Parallel Aware": false,
                    "Scan Direction": "Forward",
                    "Index Name": "movie_id_movie_info",
                    "Relation Name": "movie_info",
                    "Alias": "mi",
                    "Startup Cost": 0.43,
                    "Total Cost": 2.8,
                    "Plan Rows": 42,
                    "Plan Width": 4,
                    "Actual Startup Time": 0.004,
                    "Actual Total Time": 0.009,
                    "Actual Rows": 10,
                    "Actual Loops": 65139,
                    "Index Cond": "(movie_id = mc.movie_id)",
                    "Rows Removed by Index Recheck": 0,
                    "Heap Fetches": 655517
                  }
                ]
              }
            ]
          }
        ]
      }
    ]
  },
  "Planning Time": 0.941,
  "Triggers": [],
  "Execution Time": 595.831
}