[
  {
    "Plan": {
      "Node Type": "Aggregate",
      "Strategy": "Plain",
      "Partial Mode": "Finalize",
      "Parallel Aware": false,
      "Startup Cost": 64546.93,
      "Total Cost": 64546.94,
      "Plan Rows": 1,
      "Plan Width": 8,
      "Actual Startup Time": 101.067,
      "Actual Total Time": 115.449,
      "Actual Rows": 1,
      "Actual Loops": 1,
      "Plans": [
        {
          "Node Type": "Gather",
          "Parent Relationship": "Outer",
          "Parallel Aware": false,
          "Startup Cost": 64546.51,
          "Total Cost": 64546.92,
          "Plan Rows": 4,
          "Plan Width": 8,
          "Actual Startup Time": 100.784,
          "Actual Total Time": 115.439,
          "Actual Rows": 5,
          "Actual Loops": 1,
          "Workers Planned": 4,
          "Workers Launched": 4,
          "Single Copy": false,
          "Plans": [
            {
              "Node Type": "Aggregate",
              "Strategy": "Plain",
              "Partial Mode": "Partial",
              "Parent Relationship": "Outer",
              "Parallel Aware": false,
              "Startup Cost": 63546.51,
              "Total Cost": 63546.52,
              "Plan Rows": 1,
              "Plan Width": 8,
              "Actual Startup Time": 96.295,
              "Actual Total Time": 96.296,
              "Actual Rows": 1,
              "Actual Loops": 5,
              "Plans": [
                {
                  "Node Type": "Nested Loop",
                  "Parent Relationship": "Outer",
                  "Parallel Aware": false,
                  "Join Type": "Inner",
                  "Startup Cost": 0.43,
                  "Total Cost": 63544.62,
                  "Plan Rows": 755,
                  "Plan Width": 0,
                  "Actual Startup Time": 54.373,
                  "Actual Total Time": 96.109,
                  "Actual Rows": 1480,
                  "Actual Loops": 5,
                  "Inner Unique": false,
                  "Plans": [
                    {
                      "Node Type": "Seq Scan",
                      "Parent Relationship": "Outer",
                      "Parallel Aware": true,
                      "Relation Name": "title",
                      "Alias": "t",
                      "Startup Cost": 0.0,
                      "Total Cost": 43899.32,
                      "Plan Rows": 1496,
                      "Plan Width": 4,
                      "Actual Startup Time": 53.053,
                      "Actual Total Time": 78.63,
                      "Actual Rows": 1534,
                      "Actual Loops": 5,
                      "Filter": "(production_year = 1915)",
                      "Rows Removed by Filter": 504128
                    },
                    {
                      "Node Type": "Index Scan",
                      "Parent Relationship": "Inner",
                      "Parallel Aware": false,
                      "Scan Direction": "Forward",
                      "Index Name": "movie_id_movie_companies",
                      "Relation Name": "movie_companies",
                      "Alias": "mc",
                      "Startup Cost": 0.43,
                      "Total Cost": 13.1,
                      "Plan Rows": 3,
                      "Plan Width": 4,
                      "Actual Startup Time": 0.009,
                      "Actual Total Time": 0.011,
                      "Actual Rows": 1,
                      "Actual Loops": 7670,
                      "Index Cond": "(movie_id = t.id)",
                      "Rows Removed by Index Recheck": 0,
                      "Filter": "(company_type_id = 1)",
                      "Rows Removed by Filter": 1
                    }
                  ]
                }
              ]
            }
          ]
        }
      ]
    },
    "Planning Time": 0.743,
    "Triggers": [],
    "Execution Time": 115.518
  }
]