[
  {
    "Plan": {
      "Node Type": "Aggregate",
      "Strategy": "Plain",
      "Partial Mode": "Finalize",
      "Parallel Aware": false,
      "Startup Cost": 33037.49,
      "Total Cost": 33037.5,
      "Plan Rows": 1,
      "Plan Width": 8,
      "Actual Startup Time": 35.078,
      "Actual Total Time": 40.73,
      "Actual Rows": 1,
      "Actual Loops": 1,
      "Plans": [
        {
          "Node Type": "Gather",
          "Parent Relationship": "Outer",
          "Parallel Aware": false,
          "Startup Cost": 33037.27,
          "Total Cost": 33037.48,
          "Plan Rows": 2,
          "Plan Width": 8,
          "Actual Startup Time": 34.989,
          "Actual Total Time": 40.723,
          "Actual Rows": 3,
          "Actual Loops": 1,
          "Workers Planned": 2,
          "Workers Launched": 2,
          "Single Copy": false,
          "Plans": [
            {
              "Node Type": "Aggregate",
              "Strategy": "Plain",
              "Partial Mode": "Partial",
              "Parent Relationship": "Outer",
              "Parallel Aware": false,
              "Startup Cost": 32037.27,
              "Total Cost": 32037.28,
              "Plan Rows": 1,
              "Plan Width": 8,
              "Actual Startup Time": 31.565,
              "Actual Total Time": 31.567,
              "Actual Rows": 1,
              "Actual Loops": 3,
              "Plans": [
                {
                  "Node Type": "Nested Loop",
                  "Parent Relationship": "Outer",
                  "Parallel Aware": false,
                  "Join Type": "Inner",
                  "Startup Cost": 131.61,
                  "Total Cost": 32036.52,
                  "Plan Rows": 302,
                  "Plan Width": 0,
                  "Actual Startup Time": 4.686,
                  "Actual Total Time": 31.546,
                  "Actual Rows": 47,
                  "Actual Loops": 3,
                  "Inner Unique": true,
                  "Plans": [
                    {
                      "Node Type": "Bitmap Heap Scan",
                      "Parent Relationship": "Outer",
                      "Parallel Aware": true,
                      "Relation Name": "movie_keyword",
                      "Alias": "mk",
                      "Startup Cost": 131.18,
                      "Total Cost": 14093.28,
                      "Plan Rows": 2513,
                      "Plan Width": 4,
                      "Actual Startup Time": 3.806,
                      "Actual Total Time": 11.783,
                      "Actual Rows": 2172,
                      "Actual Loops": 3,
                      "Recheck Cond": "(keyword_id = 196)",
                      "Rows Removed by Index Recheck": 0,
                      "Exact Heap Blocks": 1936,
                      "Lossy Heap Blocks": 0,
                      "Plans": [
                        {
                          "Node Type": "Bitmap Index Scan",
                          "Parent Relationship": "Outer",
                          "Parallel Aware": false,
                          "Index Name": "keyword_id_movie_keyword",
                          "Startup Cost": 0.0,
                          "Total Cost": 129.67,
                          "Plan Rows": 6032,
                          "Plan Width": 0,
                          "Actual Startup Time": 4.432,
                          "Actual Total Time": 4.433,
                          "Actual Rows": 6516,
                          "Actual Loops": 1,
                          "Index Cond": "(keyword_id = 196)"
                        }
                      ]
                    },
                    {
                      "Node Type": "Index Scan",
                      "Parent Relationship": "Inner",
                      "Parallel Aware": false,
                      "Scan Direction": "Forward",
                      "Index Name": "title_pkey",
                      "Relation Name": "title",
                      "Alias": "t",
                      "Startup Cost": 0.43,
                      "Total Cost": 7.14,
                      "Plan Rows": 1,
                      "Plan Width": 4,
                      "Actual Startup Time": 0.009,
                      "Actual Total Time": 0.009,
                      "Actual Rows": 0,
                      "Actual Loops": 6516,
                      "Index Cond": "(id = mk.movie_id)",
                      "Rows Removed by Index Recheck": 0,
                      "Filter": "((kind_id < 4) AND (production_year > 2006))",
                      "Rows Removed by Filter": 1
                    }
                  ]
                }
              ]
            }
          ]
        }
      ]
    },
    "Planning Time": 0.659,
    "Triggers": [],
    "Execution Time": 40.822
  }
]