[
  {
    "Plan": {
      "Node Type": "Aggregate",
      "Strategy": "Plain",
      "Partial Mode": "Finalize",
      "Parallel Aware": false,
      "Startup Cost": 34253.18,
      "Total Cost": 34253.19,
      "Plan Rows": 1,
      "Plan Width": 8,
      "Actual Startup Time": 42.875,
      "Actual Total Time": 49.021,
      "Actual Rows": 1,
      "Actual Loops": 1,
      "Plans": [
        {
          "Node Type": "Gather",
          "Parent Relationship": "Outer",
          "Parallel Aware": false,
          "Startup Cost": 34252.97,
          "Total Cost": 34253.18,
          "Plan Rows": 2,
          "Plan Width": 8,
          "Actual Startup Time": 42.757,
          "Actual Total Time": 49.015,
          "Actual Rows": 3,
          "Actual Loops": 1,
          "Workers Planned": 2,
          "Workers Launched": 2,
          "Single Copy": false,
          "Plans": [
            {
              "Node Type": "Aggregate",
              "Strategy": "Plain",
              "Partial Mode": "Partial",
              "Parent Relationship": "Outer",
              "Parallel Aware": false,
              "Startup Cost": 33252.97,
              "Total Cost": 33252.98,
              "Plan Rows": 1,
              "Plan Width": 8,
              "Actual Startup Time": 34.434,
              "Actual Total Time": 34.435,
              "Actual Rows": 1,
              "Actual Loops": 3,
              "Plans": [
                {
                  "Node Type": "Nested Loop",
                  "Parent Relationship": "Outer",
                  "Parallel Aware": false,
                  "Join Type": "Inner",
                  "Startup Cost": 137.95,
                  "Total Cost": 33252.16,
                  "Plan Rows": 322,
                  "Plan Width": 0,
                  "Actual Startup Time": 5.953,
                  "Actual Total Time": 34.411,
                  "Actual Rows": 47,
                  "Actual Loops": 3,
                  "Inner Unique": true,
                  "Plans": [
                    {
                      "Node Type": "Bitmap Heap Scan",
                      "Parent Relationship": "Outer",
                      "Parallel Aware": true,
                      "Relation Name": "movie_keyword",
                      "Alias": "mk",
                      "Startup Cost": 137.52,
                      "Total Cost": 14545.79,
                      "Plan Rows": 2639,
                      "Plan Width": 4,
                      "Actual Startup Time": 2.316,
                      "Actual Total Time": 10.843,
                      "Actual Rows": 2172,
                      "Actual Loops": 3,
                      "Recheck Cond": "(keyword_id = 196)",
                      "Rows Removed by Index Recheck": 0,
                      "Exact Heap Blocks": 2933,
                      "Lossy Heap Blocks": 0,
                      "Plans": [
                        {
                          "Node Type": "Bitmap Index Scan",
                          "Parent Relationship": "Outer",
                          "Parallel Aware": false,
                          "Index Name": "keyword_id_movie_keyword",
                          "Startup Cost": 0.0,
                          "Total Cost": 135.94,
                          "Plan Rows": 6334,
                          "Plan Width": 0,
                          "Actual Startup Time": 4.521,
                          "Actual Total Time": 4.521,
                          "Actual Rows": 6516,
                          "Actual Loops": 1,
                          "Index Cond": "(keyword_id = 196)"
                        }
                      ]
                    },
                    {
                      "Node Type": "Index Scan",
                      "Parent Relationship": "Inner",
                      "Parallel Aware": false,
                      "Scan Direction": "Forward",
                      "Index Name": "title_pkey",
                      "Relation Name": "title",
                      "Alias": "t",
                      "Startup Cost": 0.43,
                      "Total Cost": 7.09,
                      "Plan Rows": 1,
                      "Plan Width": 4,
                      "Actual Startup Time": 0.01,
                      "Actual Total Time": 0.01,
                      "Actual Rows": 0,
                      "Actual Loops": 6516,
                      "Index Cond": "(id = mk.movie_id)",
                      "Rows Removed by Index Recheck": 0,
                      "Filter": "((kind_id < 4) AND (production_year > 2006))",
                      "Rows Removed by Filter": 1
                    }
                  ]
                }
              ]
            }
          ]
        }
      ]
    },
    "Planning Time": 0.656,
    "Triggers": [],
    "Execution Time": 49.111
  }
]