[
  {
    "Plan": {
      "Node Type": "Aggregate",
      "Strategy": "Plain",
      "Partial Mode": "Finalize",
      "Parallel Aware": false,
      "Startup Cost": 241077.42,
      "Total Cost": 241077.43,
      "Plan Rows": 1,
      "Plan Width": 8,
      "Actual Startup Time": 1997.156,
      "Actual Total Time": 2045.69,
      "Actual Rows": 1,
      "Actual Loops": 1,
      "Plans": [
        {
          "Node Type": "Gather",
          "Parent Relationship": "Outer",
          "Parallel Aware": false,
          "Startup Cost": 241077.11,
          "Total Cost": 241077.42,
          "Plan Rows": 3,
          "Plan Width": 8,
          "Actual Startup Time": 1995.168,
          "Actual Total Time": 2045.682,
          "Actual Rows": 4,
          "Actual Loops": 1,
          "Workers Planned": 3,
          "Workers Launched": 3,
          "Single Copy": false,
          "Plans": [
            {
              "Node Type": "Aggregate",
              "Strategy": "Plain",
              "Partial Mode": "Partial",
              "Parent Relationship": "Outer",
              "Parallel Aware": false,
              "Startup Cost": 240077.11,
              "Total Cost": 240077.12,
              "Plan Rows": 1,
              "Plan Width": 8,
              "Actual Startup Time": 1985.658,
              "Actual Total Time": 1985.661,
              "Actual Rows": 1,
              "Actual Loops": 4,
              "Plans": [
                {
                  "Node Type": "Nested Loop",
                  "Parent Relationship": "Outer",
                  "Parallel Aware": false,
                  "Join Type": "Inner",
                  "Startup Cost": 47054.21,
                  "Total Cost": 239969.74,
                  "Plan Rows": 42948,
                  "Plan Width": 0,
                  "Actual Startup Time": 156.862,
                  "Actual Total Time": 1962.018,
                  "Actual Rows": 447695,
                  "Actual Loops": 4,
                  "Inner Unique": false,
                  "Join Filter": "(t.id = mi.movie_id)",
                  "Rows Removed by Join Filter": 0,
                  "Plans": [
                    {
                      "Node Type": "Hash Join",
                      "Parent Relationship": "Outer",
                      "Parallel Aware": true,
                      "Join Type": "Inner",
                      "Startup Cost": 47053.77,
                      "Total Cost": 77427.54,
                      "Plan Rows": 80714,
                      "Plan Width": 8,
                      "Actual Startup Time": 156.705,
                      "Actual Total Time": 353.191,
                      "Actual Rows": 168208,
                      "Actual Loops": 4,
                      "Inner Unique": true,
                      "Hash Cond": "(mc.movie_id = t.id)",
                      "Plans": [
                        {
                          "Node Type": "Seq Scan",
                          "Parent Relationship": "Outer",
                          "Parallel Aware": true,
                          "Relation Name": "movie_companies",
                          "Alias": "mc",
                          "Startup Cost": 0.0,
                          "Total Cost": 29310.68,
                          "Plan Rows": 404984,
                          "Plan Width": 4,
                          "Actual Startup Time": 9.448,
                          "Actual Total Time": 73.349,
                          "Actual Rows": 315360,
                          "Actual Loops": 4,
                          "Filter": "(company_id > 11559)",
                          "Rows Removed by Filter": 336922
                        },
                        {
                          "Node Type": "Hash",
                          "Parent Relationship": "Inner",
                          "Parallel Aware": true,
                          "Startup Cost": 45479.1,
                          "Total Cost": 45479.1,
                          "Plan Rows": 125974,
                          "Plan Width": 4,
                          "Actual Startup Time": 143.959,
                          "Actual Total Time": 143.96,
                          "Actual Rows": 131032,
                          "Actual Loops": 4,
                          "Hash Buckets": 524288,
                          "Original Hash Buckets": 524288,
                          "Hash Batches": 1,
                          "Original Hash Batches": 1,
                          "Peak Memory Usage": 24672,
                          "Plans": [
                            {
                              "Node Type": "Seq Scan",
                              "Parent Relationship": "Outer",
                              "Parallel Aware": true,
                              "Relation Name": "title",
                              "Alias": "t",
                              "Startup Cost": 0.0,
                              "Total Cost": 45479.1,
                              "Plan Rows": 125974,
                              "Plan Width": 4,
                              "Actual Startup Time": 60.694,
                              "Actual Total Time": 105.33,
                              "Actual Rows": 131032,
                              "Actual Loops": 4,
                              "Filter": "((production_year < 2010) AND (kind_id = 1))",
                              "Rows Removed by Filter": 501046
                            }
                          ]
                        }
                      ]
                    },
                    {
                      "Node Type": "Index Scan",
                      "Parent Relationship": "Inner",
                      "Parallel Aware": false,
                      "Scan Direction": "Forward",
                      "Index Name": "movie_id_movie_info",
                      "Relation Name": "movie_info",
                      "Alias": "mi",
                      "Startup Cost": 0.43,
                      "Total Cost": 1.96,
                      "Plan Rows": 4,
                      "Plan Width": 4,
                      "Actual Startup Time": 0.004,
                      "Actual Total Time": 0.009,
                      "Actual Rows": 3,
                      "Actual Loops": 672831,
                      "Index Cond": "(movie_id = mc.movie_id)",
                      "Rows Removed by Index Recheck": 0,
                      "Filter": "(info_type_id = 7)",
                      "Rows Removed by Filter": 28
                    }
                  ]
                }
              ]
            }
          ]
        }
      ]
    },
    "Planning Time": 1.482,
    "Triggers": [],
    "Execution Time": 2045.789
  }
]