[
  {
    "Plan": {
      "Node Type": "Aggregate",
      "Strategy": "Plain",
      "Partial Mode": "Finalize",
      "Parallel Aware": false,
      "Startup Cost": 74244.69,
      "Total Cost": 74244.7,
      "Plan Rows": 1,
      "Plan Width": 8,
      "Actual Startup Time": 253.07,
      "Actual Total Time": 261.809,
      "Actual Rows": 1,
      "Actual Loops": 1,
      "Plans": [
        {
          "Node Type": "Gather",
          "Parent Relationship": "Outer",
          "Parallel Aware": false,
          "Startup Cost": 74244.38,
          "Total Cost": 74244.69,
          "Plan Rows": 3,
          "Plan Width": 8,
          "Actual Startup Time": 249.254,
          "Actual Total Time": 261.8,
          "Actual Rows": 4,
          "Actual Loops": 1,
          "Workers Planned": 3,
          "Workers Launched": 3,
          "Single Copy": false,
          "Plans": [
            {
              "Node Type": "Aggregate",
              "Strategy": "Plain",
              "Partial Mode": "Partial",
              "Parent Relationship": "Outer",
              "Parallel Aware": false,
              "Startup Cost": 73244.38,
              "Total Cost": 73244.39,
              "Plan Rows": 1,
              "Plan Width": 8,
              "Actual Startup Time": 240.172,
              "Actual Total Time": 240.176,
              "Actual Rows": 1,
              "Actual Loops": 4,
              "Plans": [
                {
                  "Node Type": "Nested Loop",
                  "Parent Relationship": "Outer",
                  "Parallel Aware": false,
                  "Join Type": "Inner",
                  "Startup Cost": 21836.94,
                  "Total Cost": 73224.43,
                  "Plan Rows": 7980,
                  "Plan Width": 0,
                  "Actual Startup Time": 156.381,
                  "Actual Total Time": 238.384,
                  "Actual Rows": 29186,
                  "Actual Loops": 4,
                  "Inner Unique": true,
                  "Plans": [
                    {
                      "Node Type": "Hash Join",
                      "Parent Relationship": "Outer",
                      "Parallel Aware": true,
                      "Join Type": "Inner",
                      "Startup Cost": 21836.51,
                      "Total Cost": 47141.09,
                      "Plan Rows": 45132,
                      "Plan Width": 8,
                      "Actual Startup Time": 156.267,
                      "Actual Total Time": 179.36,
                      "Actual Rows": 29186,
                      "Actual Loops": 4,
                      "Inner Unique": false,
                      "Hash Cond": "(mk.movie_id = mi_idx.movie_id)",
                      "Plans": [
                        {
                          "Node Type": "Bitmap Heap Scan",
                          "Parent Relationship": "Outer",
                          "Parallel Aware": true,
                          "Relation Name": "movie_keyword",
                          "Alias": "mk",
                          "Startup Cost": 963.68,
                          "Total Cost": 26025.38,
                          "Plan Rows": 14620,
                          "Plan Width": 4,
                          "Actual Startup Time": 5.487,
                          "Actual Total Time": 18.992,
                          "Actual Rows": 11556,
                          "Actual Loops": 4,
                          "Recheck Cond": "(keyword_id > 101393)",
                          "Rows Removed by Index Recheck": 0,
                          "Exact Heap Blocks": 3541,
                          "Lossy Heap Blocks": 0,
                          "Plans": [
                            {
                              "Node Type": "Bitmap Index Scan",
                              "Parent Relationship": "Outer",
                              "Parallel Aware": false,
                              "Index Name": "keyword_id_movie_keyword",
                              "Startup Cost": 0.0,
                              "Total Cost": 952.35,
                              "Plan Rows": 45322,
                              "Plan Width": 0,
                              "Actual Startup Time": 3.878,
                              "Actual Total Time": 3.879,
                              "Actual Rows": 46225,
                              "Actual Loops": 1,
                              "Index Cond": "(keyword_id > 101393)"
                            }
                          ]
                        },
                        {
                          "Node Type": "Hash",
                          "Parent Relationship": "Inner",
                          "Parallel Aware": true,
                          "Startup Cost": 13685.15,
                          "Total Cost": 13685.15,
                          "Plan Rows": 575015,
                          "Plan Width": 4,
                          "Actual Startup Time": 145.079,
                          "Actual Total Time": 145.08,
                          "Actual Rows": 345009,
                          "Actual Loops": 4,
                          "Hash Buckets": 2097152,
                          "Original Hash Buckets": 2097152,
                          "Hash Batches": 1,
                          "Original Hash Batches": 1,
                          "Peak Memory Usage": 70432,
                          "Plans": [
                            {
                              "Node Type": "Seq Scan",
                              "Parent Relationship": "Outer",
                              "Parallel Aware": true,
                              "Relation Name": "movie_info_idx",
                              "Alias": "mi_idx",
                              "Startup Cost": 0.0,
                              "Total Cost": 13685.15,
                              "Plan Rows": 575015,
                              "Plan Width": 4,
                              "Actual Startup Time": 0.046,
                              "Actual Total Time": 46.622,
                              "Actual Rows": 345009,
                              "Actual Loops": 4
                            }
                          ]
                        }
                      ]
                    },
                    {
                      "Node Type": "Index Only Scan",
                      "Parent Relationship": "Inner",
                      "Parallel Aware": false,
                      "Scan Direction": "Forward",
                      "Index Name": "title_pkey",
                      "Relation Name": "title",
                      "Alias": "t",
                      "Startup Cost": 0.43,
                      "Total Cost": 0.58,
                      "Plan Rows": 1,
                      "Plan Width": 4,
                      "Actual Startup Time": 0.002,
                      "Actual Total Time": 0.002,
                      "Actual Rows": 1,
                      "Actual Loops": 116744,
                      "Index Cond": "(id = mi_idx.movie_id)",
                      "Rows Removed by Index Recheck": 0,
                      "Heap Fetches": 116744
                    }
                  ]
                }
              ]
            }
          ]
        }
      ]
    },
    "Planning Time": 0.776,
    "Triggers": [],
    "Execution Time": 261.88
  }
]