[
  {
    "Plan": {
      "Node Type": "Aggregate",
      "Strategy": "Plain",
      "Partial Mode": "Finalize",
      "Parallel Aware": false,
      "Startup Cost": 47099.76,
      "Total Cost": 47099.77,
      "Plan Rows": 1,
      "Plan Width": 8,
      "Actual Startup Time": 161.068,
      "Actual Total Time": 170.847,
      "Actual Rows": 1,
      "Actual Loops": 1,
      "Plans": [
        {
          "Node Type": "Gather",
          "Parent Relationship": "Outer",
          "Parallel Aware": false,
          "Startup Cost": 47099.44,
          "Total Cost": 47099.75,
          "Plan Rows": 3,
          "Plan Width": 8,
          "Actual Startup Time": 160.958,
          "Actual Total Time": 170.839,
          "Actual Rows": 4,
          "Actual Loops": 1,
          "Workers Planned": 3,
          "Workers Launched": 3,
          "Single Copy": false,
          "Plans": [
            {
              "Node Type": "Aggregate",
              "Strategy": "Plain",
              "Partial Mode": "Partial",
              "Parent Relationship": "Outer",
              "Parallel Aware": false,
              "Startup Cost": 46099.44,
              "Total Cost": 46099.45,
              "Plan Rows": 1,
              "Plan Width": 8,
              "Actual Startup Time": 157.407,
              "Actual Total Time": 157.409,
              "Actual Rows": 1,
              "Actual Loops": 4,
              "Plans": [
                {
                  "Node Type": "Seq Scan",
                  "Parent Relationship": "Outer",
                  "Parallel Aware": true,
                  "Relation Name": "movie_keyword",
                  "Alias": "mk",
                  "Startup Cost": 0.0,
                  "Total Cost": 42695.65,
                  "Plan Rows": 1361515,
                  "Plan Width": 0,
                  "Actual Startup Time": 0.028,
                  "Actual Total Time": 114.259,
                  "Actual Rows": 1054445,
                  "Actual Loops": 4,
                  "Filter": "(keyword_id < 53074)",
                  "Rows Removed by Filter": 76538
                }
              ]
            }
          ]
        }
      ]
    },
    "Planning Time": 0.084,
    "Triggers": [],
    "Execution Time": 170.874
  }
]