[
  {
    "Plan": {
      "Node Type": "Aggregate",
      "Strategy": "Plain",
      "Partial Mode": "Finalize",
      "Parallel Aware": false,
      "Startup Cost": 47092.75,
      "Total Cost": 47092.76,
      "Plan Rows": 1,
      "Plan Width": 8,
      "Actual Startup Time": 179.726,
      "Actual Total Time": 189.607,
      "Actual Rows": 1,
      "Actual Loops": 1,
      "Plans": [
        {
          "Node Type": "Gather",
          "Parent Relationship": "Outer",
          "Parallel Aware": false,
          "Startup Cost": 47092.43,
          "Total Cost": 47092.74,
          "Plan Rows": 3,
          "Plan Width": 8,
          "Actual Startup Time": 179.591,
          "Actual Total Time": 189.598,
          "Actual Rows": 4,
          "Actual Loops": 1,
          "Workers Planned": 3,
          "Workers Launched": 3,
          "Single Copy": false,
          "Plans": [
            {
              "Node Type": "Aggregate",
              "Strategy": "Plain",
              "Partial Mode": "Partial",
              "Parent Relationship": "Outer",
              "Parallel Aware": false,
              "Startup Cost": 46092.43,
              "Total Cost": 46092.44,
              "Plan Rows": 1,
              "Plan Width": 8,
              "Actual Startup Time": 171.875,
              "Actual Total Time": 171.876,
              "Actual Rows": 1,
              "Actual Loops": 4,
              "Plans": [
                {
                  "Node Type": "Seq Scan",
                  "Parent Relationship": "Outer",
                  "Parallel Aware": true,
                  "Relation Name": "movie_keyword",
                  "Alias": "mk",
                  "Startup Cost": 0.0,
                  "Total Cost": 42695.65,
                  "Plan Rows": 1358711,
                  "Plan Width": 0,
                  "Actual Startup Time": 0.06,
                  "Actual Total Time": 125.065,
                  "Actual Rows": 1054445,
                  "Actual Loops": 4,
                  "Filter": "(keyword_id < 53074)",
                  "Rows Removed by Filter": 76538
                }
              ]
            }
          ]
        }
      ]
    },
    "Planning Time": 0.185,
    "Triggers": [],
    "Execution Time": 189.664
  }
]