[
  {
    "Plan": {
      "Node Type": "Aggregate",
      "Strategy": "Plain",
      "Partial Mode": "Finalize",
      "Parallel Aware": false,
      "Startup Cost": 326139.69,
      "Total Cost": 326139.7,
      "Plan Rows": 1,
      "Plan Width": 8,
      "Actual Startup Time": 2078.005,
      "Actual Total Time": 2181.893,
      "Actual Rows": 1,
      "Actual Loops": 1,
      "Plans": [
        {
          "Node Type": "Gather",
          "Parent Relationship": "Outer",
          "Parallel Aware": false,
          "Startup Cost": 326139.27,
          "Total Cost": 326139.68,
          "Plan Rows": 4,
          "Plan Width": 8,
          "Actual Startup Time": 2075.465,
          "Actual Total Time": 2181.883,
          "Actual Rows": 5,
          "Actual Loops": 1,
          "Workers Planned": 4,
          "Workers Launched": 4,
          "Single Copy": false,
          "Plans": [
            {
              "Node Type": "Aggregate",
              "Strategy": "Plain",
              "Partial Mode": "Partial",
              "Parent Relationship": "Outer",
              "Parallel Aware": false,
              "Startup Cost": 325139.27,
              "Total Cost": 325139.28,
              "Plan Rows": 1,
              "Plan Width": 8,
              "Actual Startup Time": 2065.124,
              "Actual Total Time": 2065.13,
              "Actual Rows": 1,
              "Actual Loops": 5,
              "Plans": [
                {
                  "Node Type": "Nested Loop",
                  "Parent Relationship": "Outer",
                  "Parallel Aware": false,
                  "Join Type": "Inner",
                  "Startup Cost": 33315.46,
                  "Total Cost": 322667.79,
                  "Plan Rows": 988592,
                  "Plan Width": 0,
                  "Actual Startup Time": 86.194,
                  "Actual Total Time": 2024.669,
                  "Actual Rows": 869748,
                  "Actual Loops": 5,
                  "Inner Unique": false,
                  "Plans": [
                    {
                      "Node Type": "Hash Join",
                      "Parent Relationship": "Outer",
                      "Parallel Aware": true,
                      "Join Type": "Inner",
                      "Startup Cost": 33314.89,
                      "Total Cost": 80557.21,
                      "Plan Rows": 111250,
                      "Plan Width": 8,
                      "Actual Startup Time": 85.943,
                      "Actual Total Time": 320.621,
                      "Actual Rows": 52787,
                      "Actual Loops": 5,
                      "Inner Unique": false,
                      "Hash Cond": "(t.id = mc.movie_id)",
                      "Plans": [
                        {
                          "Node Type": "Seq Scan",
                          "Parent Relationship": "Outer",
                          "Parallel Aware": true,
                          "Relation Name": "title",
                          "Alias": "t",
                          "Startup Cost": 0.0,
                          "Total Cost": 43898.92,
                          "Plan Rows": 596906,
                          "Plan Width": 4,
                          "Actual Startup Time": 0.015,
                          "Actual Total Time": 78.71,
                          "Actual Rows": 477775,
                          "Actual Loops": 5,
                          "Filter": "(production_year < 2013)",
                          "Rows Removed by Filter": 27887
                        },
                        {
                          "Node Type": "Hash",
                          "Parent Relationship": "Inner",
                          "Parallel Aware": true,
                          "Startup Cost": 31414.82,
                          "Total Cost": 31414.82,
                          "Plan Rows": 152006,
                          "Plan Width": 4,
                          "Actual Startup Time": 83.215,
                          "Actual Total Time": 83.215,
                          "Actual Rows": 54445,
                          "Actual Loops": 5,
                          "Hash Buckets": 524288,
                          "Original Hash Buckets": 524288,
                          "Hash Batches": 1,
                          "Original Hash Batches": 1,
                          "Peak Memory Usage": 14816,
                          "Plans": [
                            {
                              "Node Type": "Seq Scan",
                              "Parent Relationship": "Outer",
                              "Parallel Aware": true,
                              "Relation Name": "movie_companies",
                              "Alias": "mc",
                              "Startup Cost": 0.0,
                              "Total Cost": 31414.82,
                              "Plan Rows": 152006,
                              "Plan Width": 4,
                              "Actual Startup Time": 42.262,
                              "Actual Total Time": 66.942,
                              "Actual Rows": 54445,
                              "Actual Loops": 5,
                              "Filter": "((company_id < 3289) AND (company_type_id > 1))",
                              "Rows Removed by Filter": 467381
                            }
                          ]
                        }
                      ]
                    },
                    {
                      "Node Type": "Index Scan",
                      "Parent Relationship": "Inner",
                      "Parallel Aware": false,
                      "Scan Direction": "Forward",
                      "Index Name": "movie_id_cast_info",
                      "Relation Name": "cast_info",
                      "Alias": "ci",
                      "Startup Cost": 0.56,
                      "Total Cost": 1.95,
                      "Plan Rows": 23,
                      "Plan Width": 4,
                      "Actual Startup Time": 0.013,
                      "Actual Total Time": 0.031,
                      "Actual Rows": 16,
                      "Actual Loops": 263936,
                      "Index Cond": "(movie_id = t.id)",
                      "Rows Removed by Index Recheck": 0,
                      "Filter": "(person_id > 1357752)",
                      "Rows Removed by Filter": 10
                    }
                  ]
                }
              ]
            }
          ]
        }
      ]
    },
    "Planning Time": 1.44,
    "Triggers": [],
    "Execution Time": 2182.004
  }
]