[
  {
    "Plan": {
      "Node Type": "Aggregate",
      "Strategy": "Plain",
      "Partial Mode": "Simple",
      "Parallel Aware": false,
      "Startup Cost": 3566.2,
      "Total Cost": 3566.21,
      "Plan Rows": 1,
      "Plan Width": 8,
      "Actual Startup Time": 86.224,
      "Actual Total Time": 86.227,
      "Actual Rows": 1,
      "Actual Loops": 1,
      "Plans": [
        {
          "Node Type": "Nested Loop",
          "Parent Relationship": "Outer",
          "Parallel Aware": false,
          "Join Type": "Inner",
          "Startup Cost": 7.36,
          "Total Cost": 3558.45,
          "Plan Rows": 3099,
          "Plan Width": 0,
          "Actual Startup Time": 0.641,
          "Actual Total Time": 83.658,
          "Actual Rows": 43393,
          "Actual Loops": 1,
          "Inner Unique": false,
          "Plans": [
            {
              "Node Type": "Nested Loop",
              "Parent Relationship": "Outer",
              "Parallel Aware": false,
              "Join Type": "Inner",
              "Startup Cost": 6.79,
              "Total Cost": 3017.98,
              "Plan Rows": 249,
              "Plan Width": 8,
              "Actual Startup Time": 0.611,
              "Actual Total Time": 9.356,
              "Actual Rows": 1685,
              "Actual Loops": 1,
              "Inner Unique": true,
              "Plans": [
                {
                  "Node Type": "Bitmap Heap Scan",
                  "Parent Relationship": "Outer",
                  "Parallel Aware": false,
                  "Relation Name": "movie_keyword",
                  "Alias": "mk",
                  "Startup Cost": 6.36,
                  "Total Cost": 926.55,
                  "Plan Rows": 249,
                  "Plan Width": 4,
                  "Actual Startup Time": 0.593,
                  "Actual Total Time": 2.557,
                  "Actual Rows": 1685,
                  "Actual Loops": 1,
                  "Recheck Cond": "(keyword_id = 434)",
                  "Rows Removed by Index Recheck": 0,
                  "Exact Heap Blocks": 1088,
                  "Lossy Heap Blocks": 0,
                  "Plans": [
                    {
                      "Node Type": "Bitmap Index Scan",
                      "Parent Relationship": "Outer",
                      "Parallel Aware": false,
                      "Index Name": "keyword_id_movie_keyword",
                      "Startup Cost": 0.0,
                      "Total Cost": 6.3,
                      "Plan Rows": 249,
                      "Plan Width": 0,
                      "Actual Startup Time": 0.353,
                      "Actual Total Time": 0.353,
                      "Actual Rows": 1685,
                      "Actual Loops": 1,
                      "Index Cond": "(keyword_id = 434)"
                    }
                  ]
                },
                {
                  "Node Type": "Index Only Scan",
                  "Parent Relationship": "Inner",
                  "Parallel Aware": false,
                  "Scan Direction": "Forward",
                  "Index Name": "title_pkey",
                  "Relation Name": "title",
                  "Alias": "t",
                  "Startup Cost": 0.43,
                  "Total Cost": 8.4,
                  "Plan Rows": 1,
                  "Plan Width": 4,
                  "Actual Startup Time": 0.004,
                  "Actual Total Time": 0.004,
                  "Actual Rows": 1,
                  "Actual Loops": 1685,
                  "Index Cond": "(id = mk.movie_id)",
                  "Rows Removed by Index Recheck": 0,
                  "Heap Fetches": 1685
                }
              ]
            },
            {
              "Node Type": "Index Scan",
              "Parent Relationship": "Inner",
              "Parallel Aware": false,
              "Scan Direction": "Forward",
              "Index Name": "movie_id_cast_info",
              "Relation Name": "cast_info",
              "Alias": "ci",
              "Startup Cost": 0.56,
              "Total Cost": 1.87,
              "Plan Rows": 30,
              "Plan Width": 4,
              "Actual Startup Time": 0.005,
              "Actual Total Time": 0.042,
              "Actual Rows": 26,
              "Actual Loops": 1685,
              "Index Cond": "(movie_id = t.id)",
              "Rows Removed by Index Recheck": 0,
              "Filter": "(person_id < 3203743)",
              "Rows Removed by Filter": 5
            }
          ]
        }
      ]
    },
    "Planning Time": 1.085,
    "Triggers": [],
    "Execution Time": 86.276
  }
]