{
  "Plan": {
    "Node Type": "Aggregate",
    "Strategy": "Plain",
    "Partial Mode": "Finalize",
    "Parallel Aware": false,
    "Startup Cost": 59559.46,
    "Total Cost": 59559.47,
    "Plan Rows": 1,
    "Plan Width": 8,
    "Actual Startup Time": 146.612,
    "Actual Total Time": 159.505,
    "Actual Rows": 1,
    "Actual Loops": 1,
    "Plans": [
      {
        "Node Type": "Gather",
        "Parent Relationship": "Outer",
        "Parallel Aware": false,
        "Startup Cost": 59559.35,
        "Total Cost": 59559.46,
        "Plan Rows": 1,
        "Plan Width": 8,
        "Actual Startup Time": 146.505,
        "Actual Total Time": 159.497,
        "Actual Rows": 2,
        "Actual Loops": 1,
        "Workers Planned": 1,
        "Workers Launched": 1,
        "Single Copy": false,
        "Plans": [
          {
            "Node Type": "Aggregate",
            "Strategy": "Plain",
            "Partial Mode": "Partial",
            "Parent Relationship": "Outer",
            "Parallel Aware": false,
            "Startup Cost": 58559.35,
            "Total Cost": 58559.36,
            "Plan Rows": 1,
            "Plan Width": 8,
            "Actual Startup Time": 140.534,
            "Actual Total Time": 140.536,
            "Actual Rows": 1,
            "Actual Loops": 2,
            "Plans": [
              {
                "Node Type": "Nested Loop",
                "Parent Relationship": "Outer",
                "Parallel Aware": false,
                "Join Type": "Inner",
                "Startup Cost": 0.43,
                "Total Cost": 58559.32,
                "Plan Rows": 12,
                "Plan Width": 0,
                "Actual Startup Time": 92.093,
                "Actual Total Time": 140.45,
                "Actual Rows": 880,
                "Actual Loops": 2,
                "Inner Unique": false,
                "Plans": [
                  {
                    "Node Type": "Seq Scan",
                    "Parent Relationship": "Outer",
                    "Parallel Aware": true,
                    "Relation Name": "title",
                    "Alias": "t",
                    "Startup Cost": 0.0,
                    "Total Cost": 58306.47,
                    "Plan Rows": 12,
                    "Plan Width": 4,
                    "Actual Startup Time": 91.742,
                    "Actual Total Time": 134.583,
                    "Actual Rows": 518,
                    "Actual Loops": 2,
                    "Filter": "((kind_id < 7) AND (production_year < 1897))",
                    "Rows Removed by Filter": 1263638
                  },
                  {
                    "Node Type": "Index Only Scan",
                    "Parent Relationship": "Inner",
                    "Parallel Aware": false,
                    "Scan Direction": "Forward",
                    "Index Name": "movie_id_movie_companies",
                    "Relation Name": "movie_companies",
                    "Alias": "mc",
                    "Startup Cost": 0.43,
                    "Total Cost": 21.02,
                    "Plan Rows": 5,
                    "Plan Width": 4,
                    "Actual Startup Time": 0.009,
                    "Actual Total Time": 0.011,
                    "Actual Rows": 2,
                    "Actual Loops": 1036,
                    "Index Cond": "(movie_id = t.id)",
                    "Rows Removed by Index Recheck": 0,
                    "Heap Fetches": 1761
                  }
                ]
              }
            ]
          }
        ]
      }
    ]
  },
  "Planning Time": 0.405,
  "Triggers": [],
  "Execution Time": 159.575
}