[
  {
    "Plan": {
      "Node Type": "Aggregate",
      "Strategy": "Plain",
      "Partial Mode": "Finalize",
      "Parallel Aware": false,
      "Startup Cost": 32660.78,
      "Total Cost": 32660.79,
      "Plan Rows": 1,
      "Plan Width": 8,
      "Actual Startup Time": 76.787,
      "Actual Total Time": 84.654,
      "Actual Rows": 1,
      "Actual Loops": 1,
      "Plans": [
        {
          "Node Type": "Gather",
          "Parent Relationship": "Outer",
          "Parallel Aware": false,
          "Startup Cost": 32660.46,
          "Total Cost": 32660.77,
          "Plan Rows": 3,
          "Plan Width": 8,
          "Actual Startup Time": 76.638,
          "Actual Total Time": 84.647,
          "Actual Rows": 4,
          "Actual Loops": 1,
          "Workers Planned": 3,
          "Workers Launched": 3,
          "Single Copy": false,
          "Plans": [
            {
              "Node Type": "Aggregate",
              "Strategy": "Plain",
              "Partial Mode": "Partial",
              "Parent Relationship": "Outer",
              "Parallel Aware": false,
              "Startup Cost": 31660.46,
              "Total Cost": 31660.47,
              "Plan Rows": 1,
              "Plan Width": 8,
              "Actual Startup Time": 70.655,
              "Actual Total Time": 70.656,
              "Actual Rows": 1,
              "Actual Loops": 4,
              "Plans": [
                {
                  "Node Type": "Seq Scan",
                  "Parent Relationship": "Outer",
                  "Parallel Aware": true,
                  "Relation Name": "movie_companies",
                  "Alias": "mc",
                  "Startup Cost": 0.0,
                  "Total Cost": 31414.82,
                  "Plan Rows": 98257,
                  "Plan Width": 0,
                  "Actual Startup Time": 35.342,
                  "Actual Total Time": 70.51,
                  "Actual Rows": 2288,
                  "Actual Loops": 4,
                  "Filter": "((company_id > 62760) AND (company_type_id < 2))",
                  "Rows Removed by Filter": 649994
                }
              ]
            }
          ]
        }
      ]
    },
    "Planning Time": 0.186,
    "Triggers": [],
    "Execution Time": 84.706
  }
]