[
  {
    "Plan": {
      "Node Type": "Aggregate",
      "Strategy": "Plain",
      "Partial Mode": "Finalize",
      "Parallel Aware": false,
      "Startup Cost": 31098.73,
      "Total Cost": 31098.74,
      "Plan Rows": 1,
      "Plan Width": 8,
      "Actual Startup Time": 72.59,
      "Actual Total Time": 77.681,
      "Actual Rows": 1,
      "Actual Loops": 1,
      "Plans": [
        {
          "Node Type": "Gather",
          "Parent Relationship": "Outer",
          "Parallel Aware": false,
          "Startup Cost": 31098.31,
          "Total Cost": 31098.72,
          "Plan Rows": 4,
          "Plan Width": 8,
          "Actual Startup Time": 72.445,
          "Actual Total Time": 77.671,
          "Actual Rows": 5,
          "Actual Loops": 1,
          "Workers Planned": 4,
          "Workers Launched": 4,
          "Single Copy": false,
          "Plans": [
            {
              "Node Type": "Aggregate",
              "Strategy": "Plain",
              "Partial Mode": "Partial",
              "Parent Relationship": "Outer",
              "Parallel Aware": false,
              "Startup Cost": 30098.31,
              "Total Cost": 30098.32,
              "Plan Rows": 1,
              "Plan Width": 8,
              "Actual Startup Time": 63.038,
              "Actual Total Time": 63.039,
              "Actual Rows": 1,
              "Actual Loops": 5,
              "Plans": [
                {
                  "Node Type": "Index Scan",
                  "Parent Relationship": "Outer",
                  "Parallel Aware": true,
                  "Scan Direction": "Forward",
                  "Index Name": "role_id_cast_info",
                  "Relation Name": "cast_info",
                  "Alias": "ci",
                  "Startup Cost": 0.56,
                  "Total Cost": 29567.14,
                  "Plan Rows": 212467,
                  "Plan Width": 0,
                  "Actual Startup Time": 0.166,
                  "Actual Total Time": 57.212,
                  "Actual Rows": 83914,
                  "Actual Loops": 5,
                  "Index Cond": "(role_id = 9)",
                  "Rows Removed by Index Recheck": 0,
                  "Filter": "(person_id < 2963313)",
                  "Rows Removed by Filter": 134798
                }
              ]
            }
          ]
        }
      ]
    },
    "Planning Time": 0.24,
    "Triggers": [],
    "Execution Time": 77.748
  }
]