[
  {
    "Plan": {
      "Node Type": "Aggregate",
      "Strategy": "Plain",
      "Partial Mode": "Finalize",
      "Parallel Aware": false,
      "Startup Cost": 88806.98,
      "Total Cost": 88806.99,
      "Plan Rows": 1,
      "Plan Width": 8,
      "Actual Startup Time": 575.717,
      "Actual Total Time": 595.538,
      "Actual Rows": 1,
      "Actual Loops": 1,
      "Plans": [
        {
          "Node Type": "Gather",
          "Parent Relationship": "Outer",
          "Parallel Aware": false,
          "Startup Cost": 88806.66,
          "Total Cost": 88806.97,
          "Plan Rows": 3,
          "Plan Width": 8,
          "Actual Startup Time": 558.865,
          "Actual Total Time": 595.525,
          "Actual Rows": 4,
          "Actual Loops": 1,
          "Workers Planned": 3,
          "Workers Launched": 3,
          "Single Copy": false,
          "Plans": [
            {
              "Node Type": "Aggregate",
              "Strategy": "Plain",
              "Partial Mode": "Partial",
              "Parent Relationship": "Outer",
              "Parallel Aware": false,
              "Startup Cost": 87806.66,
              "Total Cost": 87806.67,
              "Plan Rows": 1,
              "Plan Width": 8,
              "Actual Startup Time": 546.36,
              "Actual Total Time": 546.364,
              "Actual Rows": 1,
              "Actual Loops": 4,
              "Plans": [
                {
                  "Node Type": "Hash Join",
                  "Parent Relationship": "Outer",
                  "Parallel Aware": true,
                  "Join Type": "Inner",
                  "Startup Cost": 60576.74,
                  "Total Cost": 87412.91,
                  "Plan Rows": 157499,
                  "Plan Width": 0,
                  "Actual Startup Time": 428.317,
                  "Actual Total Time": 538.797,
                  "Actual Rows": 121494,
                  "Actual Loops": 4,
                  "Inner Unique": true,
                  "Hash Cond": "(mk.movie_id = t.id)",
                  "Plans": [
                    {
                      "Node Type": "Bitmap Heap Scan",
                      "Parent Relationship": "Outer",
                      "Parallel Aware": true,
                      "Relation Name": "movie_keyword",
                      "Alias": "mk",
                      "Startup Cost": 10356.35,
                      "Total Cost": 36779.1,
                      "Plan Rows": 157499,
                      "Plan Width": 4,
                      "Actual Startup Time": 47.694,
                      "Actual Total Time": 108.733,
                      "Actual Rows": 121494,
                      "Actual Loops": 4,
                      "Recheck Cond": "(keyword_id > 36934)",
                      "Rows Removed by Index Recheck": 0,
                      "Exact Heap Blocks": 7616,
                      "Lossy Heap Blocks": 0,
                      "Plans": [
                        {
                          "Node Type": "Bitmap Index Scan",
                          "Parent Relationship": "Outer",
                          "Parallel Aware": false,
                          "Index Name": "keyword_id_movie_keyword",
                          "Startup Cost": 0.0,
                          "Total Cost": 10234.29,
                          "Plan Rows": 488248,
                          "Plan Width": 0,
                          "Actual Startup Time": 42.184,
                          "Actual Total Time": 42.185,
                          "Actual Rows": 485975,
                          "Actual Loops": 1,
                          "Index Cond": "(keyword_id > 36934)"
                        }
                      ]
                    },
                    {
                      "Node Type": "Hash",
                      "Parent Relationship": "Inner",
                      "Parallel Aware": true,
                      "Startup Cost": 42319.06,
                      "Total Cost": 42319.06,
                      "Plan Rows": 632106,
                      "Plan Width": 4,
                      "Actual Startup Time": 372.404,
                      "Actual Total Time": 372.405,
                      "Actual Rows": 632078,
                      "Actual Loops": 4,
                      "Hash Buckets": 4194304,
                      "Original Hash Buckets": 4194304,
                      "Hash Batches": 1,
                      "Original Hash Batches": 1,
                      "Peak Memory Usage": 131744,
                      "Plans": [
                        {
                          "Node Type": "Seq Scan",
                          "Parent Relationship": "Outer",
                          "Parallel Aware": true,
                          "Relation Name": "title",
                          "Alias": "t",
                          "Startup Cost": 0.0,
                          "Total Cost": 42319.06,
                          "Plan Rows": 632106,
                          "Plan Width": 4,
                          "Actual Startup Time": 0.04,
                          "Actual Total Time": 111.289,
                          "Actual Rows": 632078,
                          "Actual Loops": 4
                        }
                      ]
                    }
                  ]
                }
              ]
            }
          ]
        }
      ]
    },
    "Planning Time": 0.241,
    "Triggers": [],
    "Execution Time": 595.582
  }
]