[
  {
    "Plan": {
      "Node Type": "Aggregate",
      "Strategy": "Plain",
      "Partial Mode": "Finalize",
      "Parallel Aware": false,
      "Startup Cost": 127362.05,
      "Total Cost": 127362.06,
      "Plan Rows": 1,
      "Plan Width": 8,
      "Actual Startup Time": 542.225,
      "Actual Total Time": 562.442,
      "Actual Rows": 1,
      "Actual Loops": 1,
      "Plans": [
        {
          "Node Type": "Gather",
          "Parent Relationship": "Outer",
          "Parallel Aware": false,
          "Startup Cost": 127361.73,
          "Total Cost": 127362.04,
          "Plan Rows": 3,
          "Plan Width": 8,
          "Actual Startup Time": 537.663,
          "Actual Total Time": 562.426,
          "Actual Rows": 4,
          "Actual Loops": 1,
          "Workers Planned": 3,
          "Workers Launched": 3,
          "Single Copy": false,
          "Plans": [
            {
              "Node Type": "Aggregate",
              "Strategy": "Plain",
              "Partial Mode": "Partial",
              "Parent Relationship": "Outer",
              "Parallel Aware": false,
              "Startup Cost": 126361.73,
              "Total Cost": 126361.74,
              "Plan Rows": 1,
              "Plan Width": 8,
              "Actual Startup Time": 525.213,
              "Actual Total Time": 525.438,
              "Actual Rows": 1,
              "Actual Loops": 4,
              "Plans": [
                {
                  "Node Type": "Hash Join",
                  "Parent Relationship": "Outer",
                  "Parallel Aware": true,
                  "Join Type": "Inner",
                  "Startup Cost": 81141.5,
                  "Total Cost": 126055.91,
                  "Plan Rows": 122326,
                  "Plan Width": 0,
                  "Actual Startup Time": 296.965,
                  "Actual Total Time": 507.937,
                  "Actual Rows": 419731,
                  "Actual Loops": 4,
                  "Inner Unique": false,
                  "Hash Cond": "(mk.movie_id = t.id)",
                  "Plans": [
                    {
                      "Node Type": "Seq Scan",
                      "Parent Relationship": "Outer",
                      "Parallel Aware": true,
                      "Relation Name": "movie_keyword",
                      "Alias": "mk",
                      "Startup Cost": 0.0,
                      "Total Cost": 39047.32,
                      "Plan Rows": 1459332,
                      "Plan Width": 4,
                      "Actual Startup Time": 0.028,
                      "Actual Total Time": 89.969,
                      "Actual Rows": 1130982,
                      "Actual Loops": 4
                    },
                    {
                      "Node Type": "Hash",
                      "Parent Relationship": "Inner",
                      "Parallel Aware": true,
                      "Startup Cost": 80286.93,
                      "Total Cost": 80286.93,
                      "Plan Rows": 68365,
                      "Plan Width": 8,
                      "Actual Startup Time": 294.516,
                      "Actual Total Time": 294.739,
                      "Actual Rows": 44975,
                      "Actual Loops": 4,
                      "Hash Buckets": 262144,
                      "Original Hash Buckets": 262144,
                      "Hash Batches": 1,
                      "Original Hash Batches": 1,
                      "Peak Memory Usage": 9152,
                      "Plans": [
                        {
                          "Node Type": "Hash Join",
                          "Parent Relationship": "Outer",
                          "Parallel Aware": true,
                          "Join Type": "Inner",
                          "Startup Cost": 48384.02,
                          "Total Cost": 80286.93,
                          "Plan Rows": 68365,
                          "Plan Width": 8,
                          "Actual Startup Time": 215.162,
                          "Actual Total Time": 281.137,
                          "Actual Rows": 44975,
                          "Actual Loops": 4,
                          "Inner Unique": true,
                          "Hash Cond": "(mc.movie_id = t.id)",
                          "Plans": [
                            {
                              "Node Type": "Seq Scan",
                              "Parent Relationship": "Outer",
                              "Parallel Aware": true,
                              "Relation Name": "movie_companies",
                              "Alias": "mc",
                              "Startup Cost": 0.0,
                              "Total Cost": 31414.82,
                              "Plan Rows": 185940,
                              "Plan Width": 4,
                              "Actual Startup Time": 31.114,
                              "Actual Total Time": 62.245,
                              "Actual Rows": 91863,
                              "Actual Loops": 4,
                              "Filter": "((company_id < 8339) AND (company_type_id > 1))",
                              "Rows Removed by Filter": 560419
                            },
                            {
                              "Node Type": "Hash",
                              "Parent Relationship": "Inner",
                              "Parallel Aware": true,
                              "Startup Cost": 45479.1,
                              "Total Cost": 45479.1,
                              "Plan Rows": 232394,
                              "Plan Width": 4,
                              "Actual Startup Time": 180.253,
                              "Actual Total Time": 180.255,
                              "Actual Rows": 222127,
                              "Actual Loops": 4,
                              "Hash Buckets": 1048576,
                              "Original Hash Buckets": 1048576,
                              "Hash Batches": 1,
                              "Original Hash Batches": 1,
                              "Peak Memory Usage": 42976,
                              "Plans": [
                                {
                                  "Node Type": "Seq Scan",
                                  "Parent Relationship": "Outer",
                                  "Parallel Aware": true,
                                  "Relation Name": "title",
                                  "Alias": "t",
                                  "Startup Cost": 0.0,
                                  "Total Cost": 45479.1,
                                  "Plan Rows": 232394,
                                  "Plan Width": 4,
                                  "Actual Startup Time": 0.041,
                                  "Actual Total Time": 105.558,
                                  "Actual Rows": 222127,
                                  "Actual Loops": 4,
                                  "Filter": "((kind_id < 7) AND (production_year > 1920))",
                                  "Rows Removed by Filter": 409951
                                }
                              ]
                            }
                          ]
                        }
                      ]
                    }
                  ]
                }
              ]
            }
          ]
        }
      ]
    },
    "Planning Time": 1.443,
    "Triggers": [],
    "Execution Time": 562.529
  }
]