[
  {
    "Plan": {
      "Node Type": "Aggregate",
      "Strategy": "Plain",
      "Partial Mode": "Finalize",
      "Parallel Aware": false,
      "Startup Cost": 45865.19,
      "Total Cost": 45865.2,
      "Plan Rows": 1,
      "Plan Width": 8,
      "Actual Startup Time": 125.62,
      "Actual Total Time": 138.388,
      "Actual Rows": 1,
      "Actual Loops": 1,
      "Plans": [
        {
          "Node Type": "Gather",
          "Parent Relationship": "Outer",
          "Parallel Aware": false,
          "Startup Cost": 45864.77,
          "Total Cost": 45865.18,
          "Plan Rows": 4,
          "Plan Width": 8,
          "Actual Startup Time": 125.482,
          "Actual Total Time": 138.379,
          "Actual Rows": 5,
          "Actual Loops": 1,
          "Workers Planned": 4,
          "Workers Launched": 4,
          "Single Copy": false,
          "Plans": [
            {
              "Node Type": "Aggregate",
              "Strategy": "Plain",
              "Partial Mode": "Partial",
              "Parent Relationship": "Outer",
              "Parallel Aware": false,
              "Startup Cost": 44864.77,
              "Total Cost": 44864.78,
              "Plan Rows": 1,
              "Plan Width": 8,
              "Actual Startup Time": 116.125,
              "Actual Total Time": 116.126,
              "Actual Rows": 1,
              "Actual Loops": 5,
              "Plans": [
                {
                  "Node Type": "Seq Scan",
                  "Parent Relationship": "Outer",
                  "Parallel Aware": true,
                  "Relation Name": "title",
                  "Alias": "t",
                  "Startup Cost": 0.0,
                  "Total Cost": 43898.92,
                  "Plan Rows": 386343,
                  "Plan Width": 0,
                  "Actual Startup Time": 0.037,
                  "Actual Total Time": 99.328,
                  "Actual Rows": 310345,
                  "Actual Loops": 5,
                  "Filter": "(production_year < 2007)",
                  "Rows Removed by Filter": 195317
                }
              ]
            }
          ]
        }
      ]
    },
    "Planning Time": 0.149,
    "Triggers": [],
    "Execution Time": 138.447
  }
]