[
  {
    "Plan": {
      "Node Type": "Aggregate",
      "Strategy": "Plain",
      "Partial Mode": "Finalize",
      "Parallel Aware": false,
      "Startup Cost": 335809.48,
      "Total Cost": 335809.49,
      "Plan Rows": 1,
      "Plan Width": 8,
      "Actual Startup Time": 852.842,
      "Actual Total Time": 920.4,
      "Actual Rows": 1,
      "Actual Loops": 1,
      "Plans": [
        {
          "Node Type": "Gather",
          "Parent Relationship": "Outer",
          "Parallel Aware": false,
          "Startup Cost": 335808.86,
          "Total Cost": 335809.47,
          "Plan Rows": 6,
          "Plan Width": 8,
          "Actual Startup Time": 852.628,
          "Actual Total Time": 920.389,
          "Actual Rows": 7,
          "Actual Loops": 1,
          "Workers Planned": 6,
          "Workers Launched": 6,
          "Single Copy": false,
          "Plans": [
            {
              "Node Type": "Aggregate",
              "Strategy": "Plain",
              "Partial Mode": "Partial",
              "Parent Relationship": "Outer",
              "Parallel Aware": false,
              "Startup Cost": 334808.86,
              "Total Cost": 334808.87,
              "Plan Rows": 1,
              "Plan Width": 8,
              "Actual Startup Time": 842.232,
              "Actual Total Time": 842.233,
              "Actual Rows": 1,
              "Actual Loops": 7,
              "Plans": [
                {
                  "Node Type": "Seq Scan",
                  "Parent Relationship": "Outer",
                  "Parallel Aware": true,
                  "Relation Name": "cast_info",
                  "Alias": "ci",
                  "Startup Cost": 0.0,
                  "Total Cost": 328211.39,
                  "Plan Rows": 2638987,
                  "Plan Width": 0,
                  "Actual Startup Time": 276.325,
                  "Actual Total Time": 717.173,
                  "Actual Rows": 2218146,
                  "Actual Loops": 7,
                  "Filter": "(person_id > 2085783)",
                  "Rows Removed by Filter": 2959617
                }
              ]
            }
          ]
        }
      ]
    },
    "Planning Time": 0.229,
    "Triggers": [],
    "Execution Time": 920.474
  }
]