[
  {
    "Plan": {
      "Node Type": "Aggregate",
      "Strategy": "Plain",
      "Partial Mode": "Finalize",
      "Parallel Aware": false,
      "Startup Cost": 345053.79,
      "Total Cost": 345053.8,
      "Plan Rows": 1,
      "Plan Width": 8,
      "Actual Startup Time": 484.761,
      "Actual Total Time": 520.967,
      "Actual Rows": 1,
      "Actual Loops": 1,
      "Plans": [
        {
          "Node Type": "Gather",
          "Parent Relationship": "Outer",
          "Parallel Aware": false,
          "Startup Cost": 345053.16,
          "Total Cost": 345053.77,
          "Plan Rows": 6,
          "Plan Width": 8,
          "Actual Startup Time": 484.303,
          "Actual Total Time": 520.953,
          "Actual Rows": 7,
          "Actual Loops": 1,
          "Workers Planned": 6,
          "Workers Launched": 6,
          "Single Copy": false,
          "Plans": [
            {
              "Node Type": "Aggregate",
              "Strategy": "Plain",
              "Partial Mode": "Partial",
              "Parent Relationship": "Outer",
              "Parallel Aware": false,
              "Startup Cost": 344053.16,
              "Total Cost": 344053.17,
              "Plan Rows": 1,
              "Plan Width": 8,
              "Actual Startup Time": 473.559,
              "Actual Total Time": 473.56,
              "Actual Rows": 1,
              "Actual Loops": 7,
              "Plans": [
                {
                  "Node Type": "Index Scan",
                  "Parent Relationship": "Outer",
                  "Parallel Aware": true,
                  "Scan Direction": "Forward",
                  "Index Name": "role_id_cast_info",
                  "Relation Name": "cast_info",
                  "Alias": "ci",
                  "Startup Cost": 0.56,
                  "Total Cost": 341155.22,
                  "Plan Rows": 1159178,
                  "Plan Width": 0,
                  "Actual Startup Time": 437.271,
                  "Actual Total Time": 466.572,
                  "Actual Rows": 100404,
                  "Actual Loops": 7,
                  "Index Cond": "(role_id = 1)",
                  "Rows Removed by Index Recheck": 0,
                  "Filter": "(person_id > 1641678)",
                  "Rows Removed by Filter": 1709695
                }
              ]
            }
          ]
        }
      ]
    },
    "Planning Time": 0.231,
    "Triggers": [],
    "Execution Time": 521.044
  }
]