[
  {
    "Plan": {
      "Node Type": "Aggregate",
      "Strategy": "Plain",
      "Partial Mode": "Finalize",
      "Parallel Aware": false,
      "Startup Cost": 349013.77,
      "Total Cost": 349013.78,
      "Plan Rows": 1,
      "Plan Width": 8,
      "Actual Startup Time": 436.065,
      "Actual Total Time": 502.839,
      "Actual Rows": 1,
      "Actual Loops": 1,
      "Plans": [
        {
          "Node Type": "Gather",
          "Parent Relationship": "Outer",
          "Parallel Aware": false,
          "Startup Cost": 349013.35,
          "Total Cost": 349013.76,
          "Plan Rows": 4,
          "Plan Width": 8,
          "Actual Startup Time": 435.702,
          "Actual Total Time": 502.812,
          "Actual Rows": 5,
          "Actual Loops": 1,
          "Workers Planned": 4,
          "Workers Launched": 4,
          "Single Copy": false,
          "Plans": [
            {
              "Node Type": "Aggregate",
              "Strategy": "Plain",
              "Partial Mode": "Partial",
              "Parent Relationship": "Outer",
              "Parallel Aware": false,
              "Startup Cost": 348013.35,
              "Total Cost": 348013.36,
              "Plan Rows": 1,
              "Plan Width": 8,
              "Actual Startup Time": 428.51,
              "Actual Total Time": 428.512,
              "Actual Rows": 1,
              "Actual Loops": 5,
              "Plans": [
                {
                  "Node Type": "Nested Loop",
                  "Parent Relationship": "Outer",
                  "Parallel Aware": false,
                  "Join Type": "Inner",
                  "Startup Cost": 1738.74,
                  "Total Cost": 347655.52,
                  "Plan Rows": 143134,
                  "Plan Width": 0,
                  "Actual Startup Time": 7.932,
                  "Actual Total Time": 419.08,
                  "Actual Rows": 129255,
                  "Actual Loops": 5,
                  "Inner Unique": false,
                  "Plans": [
                    {
                      "Node Type": "Bitmap Heap Scan",
                      "Parent Relationship": "Outer",
                      "Parallel Aware": true,
                      "Relation Name": "title",
                      "Alias": "t",
                      "Startup Cost": 1738.17,
                      "Total Cost": 38099.32,
                      "Plan Rows": 11450,
                      "Plan Width": 4,
                      "Actual Startup Time": 7.71,
                      "Actual Total Time": 24.195,
                      "Actual Rows": 6895,
                      "Actual Loops": 5,
                      "Recheck Cond": "(kind_id = 3)",
                      "Rows Removed by Index Recheck": 0,
                      "Filter": "(production_year > 2003)",
                      "Rows Removed by Filter": 13212,
                      "Exact Heap Blocks": 4941,
                      "Lossy Heap Blocks": 0,
                      "Plans": [
                        {
                          "Node Type": "Bitmap Index Scan",
                          "Parent Relationship": "Outer",
                          "Parallel Aware": false,
                          "Index Name": "kind_id_title",
                          "Startup Cost": 0.0,
                          "Total Cost": 1726.72,
                          "Plan Rows": 96839,
                          "Plan Width": 0,
                          "Actual Startup Time": 10.206,
                          "Actual Total Time": 10.206,
                          "Actual Rows": 100537,
                          "Actual Loops": 1,
                          "Index Cond": "(kind_id = 3)"
                        }
                      ]
                    },
                    {
                      "Node Type": "Index Scan",
                      "Parent Relationship": "Inner",
                      "Parallel Aware": false,
                      "Scan Direction": "Forward",
                      "Index Name": "movie_id_cast_info",
                      "Relation Name": "cast_info",
                      "Alias": "ci",
                      "Startup Cost": 0.56,
                      "Total Cost": 26.74,
                      "Plan Rows": 30,
                      "Plan Width": 4,
                      "Actual Startup Time": 0.009,
                      "Actual Total Time": 0.055,
                      "Actual Rows": 19,
                      "Actual Loops": 34476,
                      "Index Cond": "(movie_id = t.id)",
                      "Rows Removed by Index Recheck": 0,
                      "Filter": "(role_id < 10)",
                      "Rows Removed by Filter": 3
                    }
                  ]
                }
              ]
            }
          ]
        }
      ]
    },
    "Planning Time": 0.468,
    "Triggers": [],
    "Execution Time": 502.927
  }
]