[
  {
    "Plan": {
      "Node Type": "Aggregate",
      "Strategy": "Plain",
      "Partial Mode": "Finalize",
      "Parallel Aware": false,
      "Startup Cost": 49931.0,
      "Total Cost": 49931.01,
      "Plan Rows": 1,
      "Plan Width": 8,
      "Actual Startup Time": 58.804,
      "Actual Total Time": 67.792,
      "Actual Rows": 1,
      "Actual Loops": 1,
      "Plans": [
        {
          "Node Type": "Gather",
          "Parent Relationship": "Outer",
          "Parallel Aware": false,
          "Startup Cost": 49930.68,
          "Total Cost": 49930.99,
          "Plan Rows": 3,
          "Plan Width": 8,
          "Actual Startup Time": 58.436,
          "Actual Total Time": 67.784,
          "Actual Rows": 4,
          "Actual Loops": 1,
          "Workers Planned": 3,
          "Workers Launched": 3,
          "Single Copy": false,
          "Plans": [
            {
              "Node Type": "Aggregate",
              "Strategy": "Plain",
              "Partial Mode": "Partial",
              "Parent Relationship": "Outer",
              "Parallel Aware": false,
              "Startup Cost": 48930.68,
              "Total Cost": 48930.69,
              "Plan Rows": 1,
              "Plan Width": 8,
              "Actual Startup Time": 48.515,
              "Actual Total Time": 48.517,
              "Actual Rows": 1,
              "Actual Loops": 4,
              "Plans": [
                {
                  "Node Type": "Nested Loop",
                  "Parent Relationship": "Outer",
                  "Parallel Aware": false,
                  "Join Type": "Inner",
                  "Startup Cost": 295.64,
                  "Total Cost": 48930.65,
                  "Plan Rows": 10,
                  "Plan Width": 0,
                  "Actual Startup Time": 9.874,
                  "Actual Total Time": 48.498,
                  "Actual Rows": 74,
                  "Actual Loops": 4,
                  "Inner Unique": false,
                  "Join Filter": "(t.id = mi_idx.movie_id)",
                  "Rows Removed by Join Filter": 0,
                  "Plans": [
                    {
                      "Node Type": "Nested Loop",
                      "Parent Relationship": "Outer",
                      "Parallel Aware": false,
                      "Join Type": "Inner",
                      "Startup Cost": 295.22,
                      "Total Cost": 48849.98,
                      "Plan Rows": 18,
                      "Plan Width": 8,
                      "Actual Startup Time": 8.192,
                      "Actual Total Time": 47.54,
                      "Actual Rows": 42,
                      "Actual Loops": 4,
                      "Inner Unique": true,
                      "Plans": [
                        {
                          "Node Type": "Bitmap Heap Scan",
                          "Parent Relationship": "Outer",
                          "Parallel Aware": true,
                          "Relation Name": "movie_keyword",
                          "Alias": "mk",
                          "Startup Cost": 294.79,
                          "Total Cost": 21933.98,
                          "Plan Rows": 4427,
                          "Plan Width": 4,
                          "Actual Startup Time": 3.671,
                          "Actual Total Time": 15.304,
                          "Actual Rows": 3438,
                          "Actual Loops": 4,
                          "Recheck Cond": "(keyword_id = 121)",
                          "Rows Removed by Index Recheck": 0,
                          "Exact Heap Blocks": 4282,
                          "Lossy Heap Blocks": 0,
                          "Plans": [
                            {
                              "Node Type": "Bitmap Index Scan",
                              "Parent Relationship": "Outer",
                              "Parallel Aware": false,
                              "Index Name": "keyword_id_movie_keyword",
                              "Startup Cost": 0.0,
                              "Total Cost": 291.36,
                              "Plan Rows": 13723,
                              "Plan Width": 0,
                              "Actual Startup Time": 8.616,
                              "Actual Total Time": 8.617,
                              "Actual Rows": 13753,
                              "Actual Loops": 1,
                              "Index Cond": "(keyword_id = 121)"
                            }
                          ]
                        },
                        {
                          "Node Type": "Index Scan",
                          "Parent Relationship": "Inner",
                          "Parallel Aware": false,
                          "Scan Direction": "Forward",
                          "Index Name": "title_pkey",
                          "Relation Name": "title",
                          "Alias": "t",
                          "Startup Cost": 0.43,
                          "Total Cost": 6.08,
                          "Plan Rows": 1,
                          "Plan Width": 4,
                          "Actual Startup Time": 0.009,
                          "Actual Total Time": 0.009,
                          "Actual Rows": 0,
                          "Actual Loops": 13753,
                          "Index Cond": "(id = mk.movie_id)",
                          "Rows Removed by Index Recheck": 0,
                          "Filter": "(production_year = 1963)",
                          "Rows Removed by Filter": 1
                        }
                      ]
                    },
                    {
                      "Node Type": "Index Only Scan",
                      "Parent Relationship": "Inner",
                      "Parallel Aware": false,
                      "Scan Direction": "Forward",
                      "Index Name": "movie_id_movie_info_idx",
                      "Relation Name": "movie_info_idx",
                      "Alias": "mi_idx",
                      "Startup Cost": 0.43,
                      "Total Cost": 4.44,
                      "Plan Rows": 3,
                      "Plan Width": 4,
                      "Actual Startup Time": 0.021,
                      "Actual Total Time": 0.022,
                      "Actual Rows": 2,
                      "Actual Loops": 167,
                      "Index Cond": "(movie_id = mk.movie_id)",
                      "Rows Removed by Index Recheck": 0,
                      "Heap Fetches": 297
                    }
                  ]
                }
              ]
            }
          ]
        }
      ]
    },
    "Planning Time": 1.36,
    "Triggers": [],
    "Execution Time": 67.899
  }
]