[
  {
    "Plan": {
      "Node Type": "Aggregate",
      "Strategy": "Plain",
      "Partial Mode": "Finalize",
      "Parallel Aware": false,
      "Startup Cost": 110753.77,
      "Total Cost": 110753.78,
      "Plan Rows": 1,
      "Plan Width": 8,
      "Actual Startup Time": 403.071,
      "Actual Total Time": 424.594,
      "Actual Rows": 1,
      "Actual Loops": 1,
      "Plans": [
        {
          "Node Type": "Gather",
          "Parent Relationship": "Outer",
          "Parallel Aware": false,
          "Startup Cost": 110753.45,
          "Total Cost": 110753.76,
          "Plan Rows": 3,
          "Plan Width": 8,
          "Actual Startup Time": 401.685,
          "Actual Total Time": 424.584,
          "Actual Rows": 4,
          "Actual Loops": 1,
          "Workers Planned": 3,
          "Workers Launched": 3,
          "Single Copy": false,
          "Plans": [
            {
              "Node Type": "Aggregate",
              "Strategy": "Plain",
              "Partial Mode": "Partial",
              "Parent Relationship": "Outer",
              "Parallel Aware": false,
              "Startup Cost": 109753.45,
              "Total Cost": 109753.46,
              "Plan Rows": 1,
              "Plan Width": 8,
              "Actual Startup Time": 392.483,
              "Actual Total Time": 392.62,
              "Actual Rows": 1,
              "Actual Loops": 4,
              "Plans": [
                {
                  "Node Type": "Hash Join",
                  "Parent Relationship": "Outer",
                  "Parallel Aware": true,
                  "Join Type": "Inner",
                  "Startup Cost": 62100.06,
                  "Total Cost": 109597.23,
                  "Plan Rows": 62487,
                  "Plan Width": 0,
                  "Actual Startup Time": 226.001,
                  "Actual Total Time": 380.806,
                  "Actual Rows": 299709,
                  "Actual Loops": 4,
                  "Inner Unique": false,
                  "Hash Cond": "(mk.movie_id = t.id)",
                  "Plans": [
                    {
                      "Node Type": "Seq Scan",
                      "Parent Relationship": "Outer",
                      "Parallel Aware": true,
                      "Relation Name": "movie_keyword",
                      "Alias": "mk",
                      "Startup Cost": 0.0,
                      "Total Cost": 42695.65,
                      "Plan Rows": 1210976,
                      "Plan Width": 4,
                      "Actual Startup Time": 0.05,
                      "Actual Total Time": 106.136,
                      "Actual Rows": 935591,
                      "Actual Loops": 4,
                      "Filter": "(keyword_id > 745)",
                      "Rows Removed by Filter": 195392
                    },
                    {
                      "Node Type": "Hash",
                      "Parent Relationship": "Inner",
                      "Parallel Aware": true,
                      "Startup Cost": 61420.57,
                      "Total Cost": 61420.57,
                      "Plan Rows": 54359,
                      "Plan Width": 8,
                      "Actual Startup Time": 192.718,
                      "Actual Total Time": 192.854,
                      "Actual Rows": 37904,
                      "Actual Loops": 4,
                      "Hash Buckets": 262144,
                      "Original Hash Buckets": 131072,
                      "Hash Batches": 1,
                      "Original Hash Batches": 1,
                      "Peak Memory Usage": 9056,
                      "Plans": [
                        {
                          "Node Type": "Hash Join",
                          "Parent Relationship": "Outer",
                          "Parallel Aware": true,
                          "Join Type": "Inner",
                          "Startup Cost": 46226.01,
                          "Total Cost": 61420.57,
                          "Plan Rows": 54359,
                          "Plan Width": 8,
                          "Actual Startup Time": 139.222,
                          "Actual Total Time": 181.53,
                          "Actual Rows": 37904,
                          "Actual Loops": 4,
                          "Inner Unique": true,
                          "Hash Cond": "(mi_idx.movie_id = t.id)",
                          "Plans": [
                            {
                              "Node Type": "Seq Scan",
                              "Parent Relationship": "Outer",
                              "Parallel Aware": true,
                              "Relation Name": "movie_info_idx",
                              "Alias": "mi_idx",
                              "Startup Cost": 0.0,
                              "Total Cost": 13685.15,
                              "Plan Rows": 575015,
                              "Plan Width": 4,
                              "Actual Startup Time": 0.022,
                              "Actual Total Time": 28.087,
                              "Actual Rows": 345009,
                              "Actual Loops": 4
                            },
                            {
                              "Node Type": "Hash",
                              "Parent Relationship": "Inner",
                              "Parallel Aware": true,
                              "Startup Cost": 45479.1,
                              "Total Cost": 45479.1,
                              "Plan Rows": 59753,
                              "Plan Width": 4,
                              "Actual Startup Time": 111.87,
                              "Actual Total Time": 111.871,
                              "Actual Rows": 50041,
                              "Actual Loops": 4,
                              "Hash Buckets": 262144,
                              "Original Hash Buckets": 262144,
                              "Hash Batches": 1,
                              "Original Hash Batches": 1,
                              "Peak Memory Usage": 9920,
                              "Plans": [
                                {
                                  "Node Type": "Seq Scan",
                                  "Parent Relationship": "Outer",
                                  "Parallel Aware": true,
                                  "Relation Name": "title",
                                  "Alias": "t",
                                  "Startup Cost": 0.0,
                                  "Total Cost": 45479.1,
                                  "Plan Rows": 59753,
                                  "Plan Width": 4,
                                  "Actual Startup Time": 47.227,
                                  "Actual Total Time": 96.677,
                                  "Actual Rows": 50041,
                                  "Actual Loops": 4,
                                  "Filter": "((production_year > 2006) AND (kind_id = 1))",
                                  "Rows Removed by Filter": 582037
                                }
                              ]
                            }
                          ]
                        }
                      ]
                    }
                  ]
                }
              ]
            }
          ]
        }
      ]
    },
    "Planning Time": 1.409,
    "Triggers": [],
    "Execution Time": 424.734
  }
]