{
  "Plan": {
    "Node Type": "Aggregate",
    "Strategy": "Plain",
    "Partial Mode": "Finalize",
    "Parallel Aware": false,
    "Startup Cost": 96359.69,
    "Total Cost": 96359.7,
    "Plan Rows": 1,
    "Plan Width": 8,
    "Actual Startup Time": 439.348,
    "Actual Total Time": 456.729,
    "Actual Rows": 1,
    "Actual Loops": 1,
    "Plans": [
      {
        "Node Type": "Gather",
        "Parent Relationship": "Outer",
        "Parallel Aware": false,
        "Startup Cost": 96359.58,
        "Total Cost": 96359.69,
        "Plan Rows": 1,
        "Plan Width": 8,
        "Actual Startup Time": 438.632,
        "Actual Total Time": 456.721,
        "Actual Rows": 2,
        "Actual Loops": 1,
        "Workers Planned": 1,
        "Workers Launched": 1,
        "Single Copy": false,
        "Plans": [
          {
            "Node Type": "Aggregate",
            "Strategy": "Plain",
            "Partial Mode": "Partial",
            "Parent Relationship": "Outer",
            "Parallel Aware": false,
            "Startup Cost": 95359.58,
            "Total Cost": 95359.59,
            "Plan Rows": 1,
            "Plan Width": 8,
            "Actual Startup Time": 432.557,
            "Actual Total Time": 432.562,
            "Actual Rows": 1,
            "Actual Loops": 2,
            "Plans": [
              {
                "Node Type": "Hash Join",
                "Parent Relationship": "Outer",
                "Parallel Aware": true,
                "Join Type": "Inner",
                "Startup Cost": 34072.09,
                "Total Cost": 95024.95,
                "Plan Rows": 133852,
                "Plan Width": 0,
                "Actual Startup Time": 107.996,
                "Actual Total Time": 429.291,
                "Actual Rows": 54208,
                "Actual Loops": 2,
                "Inner Unique": false,
                "Hash Cond": "(t.id = mc.movie_id)",
                "Plans": [
                  {
                    "Node Type": "Seq Scan",
                    "Parent Relationship": "Outer",
                    "Parallel Aware": true,
                    "Relation Name": "title",
                    "Alias": "t",
                    "Startup Cost": 0.0,
                    "Total Cost": 50870.31,
                    "Plan Rows": 1487231,
                    "Plan Width": 4,
                    "Actual Startup Time": 0.011,
                    "Actual Total Time": 141.596,
                    "Actual Rows": 1264156,
                    "Actual Loops": 2
                  },
                  {
                    "Node Type": "Hash",
                    "Parent Relationship": "Inner",
                    "Parallel Aware": true,
                    "Startup Cost": 32398.94,
                    "Total Cost": 32398.94,
                    "Plan Rows": 133852,
                    "Plan Width": 4,
                    "Actual Startup Time": 106.388,
                    "Actual Total Time": 106.39,
                    "Actual Rows": 54208,
                    "Actual Loops": 2,
                    "Hash Buckets": 262144,
                    "Original Hash Buckets": 262144,
                    "Hash Batches": 1,
                    "Original Hash Batches": 1,
                    "Peak Memory Usage": 6304,
                    "Plans": [
                      {
                        "Node Type": "Bitmap Heap Scan",
                        "Parent Relationship": "Outer",
                        "Parallel Aware": true,
                        "Relation Name": "movie_companies",
                        "Alias": "mc",
                        "Startup Cost": 9654.55,
                        "Total Cost": 32398.94,
                        "Plan Rows": 133852,
                        "Plan Width": 4,
                        "Actual Startup Time": 68.064,
                        "Actual Total Time": 91.137,
                        "Actual Rows": 54208,
                        "Actual Loops": 2,
                        "Recheck Cond": "(company_id < 341)",
                        "Rows Removed by Index Recheck": 0,
                        "Filter": "(company_type_id > 1)",
                        "Rows Removed by Filter": 168380,
                        "Exact Heap Blocks": 14729,
                        "Lossy Heap Blocks": 0,
                        "Plans": [
                          {
                            "Node Type": "Bitmap Index Scan",
                            "Parent Relationship": "Outer",
                            "Parallel Aware": false,
                            "Index Name": "company_id_movie_companies",
                            "Startup Cost": 0.0,
                            "Total Cost": 9597.66,
                            "Plan Rows": 448164,
                            "Plan Width": 0,
                            "Actual Startup Time": 27.355,
                            "Actual Total Time": 27.355,
                            "Actual Rows": 445175,
                            "Actual Loops": 1,
                            "Index Cond": "(company_id < 341)"
                          }
                        ]
                      }
                    ]
                  }
                ]
              }
            ]
          }
        ]
      }
    ]
  },
  "Planning Time": 0.386,
  "Triggers": [],
  "Execution Time": 456.788
}