{
  "Plan": {
    "Node Type": "Aggregate",
    "Strategy": "Plain",
    "Partial Mode": "Finalize",
    "Parallel Aware": false,
    "Startup Cost": 99199.89,
    "Total Cost": 99199.9,
    "Plan Rows": 1,
    "Plan Width": 8,
    "Actual Startup Time": 261.939,
    "Actual Total Time": 275.601,
    "Actual Rows": 1,
    "Actual Loops": 1,
    "Plans": [
      {
        "Node Type": "Gather",
        "Parent Relationship": "Outer",
        "Parallel Aware": false,
        "Startup Cost": 99199.78,
        "Total Cost": 99199.89,
        "Plan Rows": 1,
        "Plan Width": 8,
        "Actual Startup Time": 261.868,
        "Actual Total Time": 275.595,
        "Actual Rows": 2,
        "Actual Loops": 1,
        "Workers Planned": 1,
        "Workers Launched": 1,
        "Single Copy": false,
        "Plans": [
          {
            "Node Type": "Aggregate",
            "Strategy": "Plain",
            "Partial Mode": "Partial",
            "Parent Relationship": "Outer",
            "Parallel Aware": false,
            "Startup Cost": 98199.78,
            "Total Cost": 98199.79,
            "Plan Rows": 1,
            "Plan Width": 8,
            "Actual Startup Time": 255.523,
            "Actual Total Time": 255.527,
            "Actual Rows": 1,
            "Actual Loops": 2,
            "Plans": [
              {
                "Node Type": "Nested Loop",
                "Parent Relationship": "Outer",
                "Parallel Aware": false,
                "Join Type": "Inner",
                "Startup Cost": 53994.59,
                "Total Cost": 98139.13,
                "Plan Rows": 24260,
                "Plan Width": 0,
                "Actual Startup Time": 142.472,
                "Actual Total Time": 252.849,
                "Actual Rows": 63222,
                "Actual Loops": 2,
                "Inner Unique": false,
                "Join Filter": "(t.id = mk.movie_id)",
                "Rows Removed by Join Filter": 0,
                "Plans": [
                  {
                    "Node Type": "Hash Join",
                    "Parent Relationship": "Outer",
                    "Parallel Aware": true,
                    "Join Type": "Inner",
                    "Startup Cost": 53994.15,
                    "Total Cost": 72177.94,
                    "Plan Rows": 13558,
                    "Plan Width": 8,
                    "Actual Startup Time": 142.178,
                    "Actual Total Time": 205.068,
                    "Actual Rows": 11198,
                    "Actual Loops": 2,
                    "Inner Unique": true,
                    "Hash Cond": "(mi_idx.movie_id = t.id)",
                    "Plans": [
                      {
                        "Node Type": "Seq Scan",
                        "Parent Relationship": "Outer",
                        "Parallel Aware": true,
                        "Relation Name": "movie_info_idx",
                        "Alias": "mi_idx",
                        "Startup Cost": 0.0,
                        "Total Cost": 16052.85,
                        "Plan Rows": 811785,
                        "Plan Width": 4,
                        "Actual Startup Time": 0.019,
                        "Actual Total Time": 46.743,
                        "Actual Rows": 690018,
                        "Actual Loops": 2
                      },
                      {
                        "Node Type": "Hash",
                        "Parent Relationship": "Inner",
                        "Parallel Aware": true,
                        "Startup Cost": 53683.67,
                        "Total Cost": 53683.67,
                        "Plan Rows": 24839,
                        "Plan Width": 4,
                        "Actual Startup Time": 101.51,
                        "Actual Total Time": 101.511,
                        "Actual Rows": 19780,
                        "Actual Loops": 2,
                        "Hash Buckets": 65536,
                        "Original Hash Buckets": 65536,
                        "Hash Batches": 1,
                        "Original Hash Batches": 1,
                        "Peak Memory Usage": 2112,
                        "Plans": [
                          {
                            "Node Type": "Bitmap Heap Scan",
                            "Parent Relationship": "Outer",
                            "Parallel Aware": true,
                            "Relation Name": "title",
                            "Alias": "t",
                            "Startup Cost": 11833.41,
                            "Total Cost": 53683.67,
                            "Plan Rows": 24839,
                            "Plan Width": 4,
                            "Actual Startup Time": 37.558,
                            "Actual Total Time": 96.329,
                            "Actual Rows": 19780,
                            "Actual Loops": 2,
                            "Recheck Cond": "(kind_id = 1)",
                            "Rows Removed by Index Recheck": 0,
                            "Filter": "(production_year = 2012)",
                            "Rows Removed by Filter": 311632,
                            "Exact Heap Blocks": 9225,
                            "Lossy Heap Blocks": 0,
                            "Plans": [
                              {
                                "Node Type": "Bitmap Index Scan",
                                "Parent Relationship": "Outer",
                                "Parallel Aware": false,
                                "Index Name": "kind_id_title",
                                "Startup Cost": 0.0,
                                "Total Cost": 11822.85,
                                "Plan Rows": 663256,
                                "Plan Width": 0,
                                "Actual Startup Time": 40.077,
                                "Actual Total Time": 40.078,
                                "Actual Rows": 662825,
                                "Actual Loops": 1,
                                "Index Cond": "(kind_id = 1)"
                              }
                            ]
                          }
                        ]
                      }
                    ]
                  },
                  {
                    "Node Type": "Index Only Scan",
                    "Parent Relationship": "Inner",
                    "Parallel Aware": false,
                    "Scan Direction": "Forward",
                    "Index Name": "movie_id_movie_keyword",
                    "Relation Name": "movie_keyword",
                    "Alias": "mk",
                    "Startup Cost": 0.43,
                    "Total Cost": 1.35,
                    "Plan Rows": 45,
                    "Plan Width": 4,
                    "Actual Startup Time": 0.003,
                    "Actual Total Time": 0.004,
                    "Actual Rows": 6,
                    "Actual Loops": 22395,
                    "Index Cond": "(movie_id = mi_idx.movie_id)",
                    "Rows Removed by Index Recheck": 0,
                    "Heap Fetches": 126445
                  }
                ]
              }
            ]
          }
        ]
      }
    ]
  },
  "Planning Time": 0.925,
  "Triggers": [],
  "Execution Time": 275.704
}