[
  {
    "Plan": {
      "Node Type": "Aggregate",
      "Strategy": "Plain",
      "Partial Mode": "Finalize",
      "Parallel Aware": false,
      "Startup Cost": 391993.04,
      "Total Cost": 391993.05,
      "Plan Rows": 1,
      "Plan Width": 64,
      "Actual Startup Time": 4537.727,
      "Actual Total Time": 4616.054,
      "Actual Rows": 1,
      "Actual Loops": 1,
      "Plans": [
        {
          "Node Type": "Gather",
          "Parent Relationship": "Outer",
          "Parallel Aware": false,
          "Startup Cost": 391992.72,
          "Total Cost": 391993.03,
          "Plan Rows": 3,
          "Plan Width": 64,
          "Actual Startup Time": 4476.886,
          "Actual Total Time": 4616.034,
          "Actual Rows": 4,
          "Actual Loops": 1,
          "Workers Planned": 3,
          "Workers Launched": 3,
          "Single Copy": false,
          "Plans": [
            {
              "Node Type": "Aggregate",
              "Strategy": "Plain",
              "Partial Mode": "Partial",
              "Parent Relationship": "Outer",
              "Parallel Aware": false,
              "Startup Cost": 390992.72,
              "Total Cost": 390992.73,
              "Plan Rows": 1,
              "Plan Width": 64,
              "Actual Startup Time": 4459.304,
              "Actual Total Time": 4462.595,
              "Actual Rows": 1,
              "Actual Loops": 4,
              "Plans": [
                {
                  "Node Type": "Hash Join",
                  "Parent Relationship": "Outer",
                  "Parallel Aware": true,
                  "Join Type": "Inner",
                  "Startup Cost": 363788.51,
                  "Total Cost": 379692.6,
                  "Plan Rows": 2260023,
                  "Plan Width": 33,
                  "Actual Startup Time": 4226.374,
                  "Actual Total Time": 4416.895,
                  "Actual Rows": 621903,
                  "Actual Loops": 4,
                  "Inner Unique": false,
                  "Hash Cond": "(a1.person_id = n1.id)",
                  "Plans": [
                    {
                      "Node Type": "Seq Scan",
                      "Parent Relationship": "Outer",
                      "Parallel Aware": true,
                      "Relation Name": "aka_name",
                      "Alias": "a1",
                      "Startup Cost": 0.0,
                      "Total Cost": 14303.56,
                      "Plan Rows": 290756,
                      "Plan Width": 20,
                      "Actual Startup Time": 0.021,
                      "Actual Total Time": 27.699,
                      "Actual Rows": 225336,
                      "Actual Loops": 4
                    },
                    {
                      "Node Type": "Hash",
                      "Parent Relationship": "Inner",
                      "Parallel Aware": true,
                      "Startup Cost": 354647.58,
                      "Total Cost": 354647.58,
                      "Plan Rows": 731274,
                      "Plan Width": 25,
                      "Actual Startup Time": 4215.011,
                      "Actual Total Time": 4218.299,
                      "Actual Rows": 492664,
                      "Actual Loops": 4,
                      "Hash Buckets": 4194304,
                      "Original Hash Buckets": 4194304,
                      "Hash Batches": 1,
                      "Original Hash Batches": 1,
                      "Peak Memory Usage": 152512,
                      "Plans": [
                        {
                          "Node Type": "Hash Join",
                          "Parent Relationship": "Outer",
                          "Parallel Aware": true,
                          "Join Type": "Inner",
                          "Startup Cost": 302987.8,
                          "Total Cost": 354647.58,
                          "Plan Rows": 731274,
                          "Plan Width": 25,
                          "Actual Startup Time": 3257.625,
                          "Actual Total Time": 3965.113,
                          "Actual Rows": 492664,
                          "Actual Loops": 4,
                          "Inner Unique": true,
                          "Hash Cond": "(ci.person_id = n1.id)",
                          "Plans": [
                            {
                              "Node Type": "Hash Join",
                              "Parent Relationship": "Outer",
                              "Parallel Aware": false,
                              "Join Type": "Inner",
                              "Startup Cost": 223933.06,
                              "Total Cost": 273673.25,
                              "Plan Rows": 731274,
                              "Plan Width": 21,
                              "Actual Startup Time": 2481.44,
                              "Actual Total Time": 3028.741,
                              "Actual Rows": 492664,
                              "Actual Loops": 4,
                              "Inner Unique": false,
                              "Hash Cond": "(t.id = ci.movie_id)",
                              "Plans": [
                                {
                                  "Node Type": "Hash Join",
                                  "Parent Relationship": "Outer",
                                  "Parallel Aware": true,
                                  "Join Type": "Inner",
                                  "Startup Cost": 38565.5,
                                  "Total Cost": 84014.81,
                                  "Plan Rows": 235735,
                                  "Plan Width": 25,
                                  "Actual Startup Time": 444.964,
                                  "Actual Total Time": 823.2,
                                  "Actual Rows": 288450,
                                  "Actual Loops": 4,
                                  "Inner Unique": false,
                                  "Hash Cond": "(t.id = mc.movie_id)",
                                  "Plans": [
                                    {
                                      "Node Type": "Seq Scan",
                                      "Parent Relationship": "Outer",
                                      "Parallel Aware": true,
                                      "Relation Name": "title",
                                      "Alias": "t",
                                      "Startup Cost": 0.0,
                                      "Total Cost": 42318.63,
                                      "Plan Rows": 632063,
                                      "Plan Width": 21,
                                      "Actual Startup Time": 0.023,
                                      "Actual Total Time": 102.929,
                                      "Actual Rows": 632078,
                                      "Actual Loops": 4
                                    },
                                    {
                                      "Node Type": "Hash",
                                      "Parent Relationship": "Inner",
                                      "Parallel Aware": true,
                                      "Startup Cost": 34763.33,
                                      "Total Cost": 34763.33,
                                      "Plan Rows": 304174,
                                      "Plan Width": 4,
                                      "Actual Startup Time": 443.226,
                                      "Actual Total Time": 446.504,
                                      "Actual Rows": 288450,
                                      "Actual Loops": 4,
                                      "Hash Buckets": 2097152,
                                      "Original Hash Buckets": 1048576,
                                      "Hash Batches": 1,
                                      "Original Hash Batches": 1,
                                      "Peak Memory Usage": 69792,
                                      "Plans": [
                                        {
                                          "Node Type": "Hash Join",
                                          "Parent Relationship": "Outer",
                                          "Parallel Aware": true,
                                          "Join Type": "Inner",
                                          "Startup Cost": 5347.39,
                                          "Total Cost": 34763.33,
                                          "Plan Rows": 304174,
                                          "Plan Width": 4,
                                          "Actual Startup Time": 25.32,
                                          "Actual Total Time": 288.928,
                                          "Actual Rows": 288450,
                                          "Actual Loops": 4,
                                          "Inner Unique": true,
                                          "Hash Cond": "(mc.company_id = cn.id)",
                                          "Plans": [
                                            {
                                              "Node Type": "Seq Scan",
                                              "Parent Relationship": "Outer",
                                              "Parallel Aware": true,
                                              "Relation Name": "movie_companies",
                                              "Alias": "mc",
                                              "Startup Cost": 0.0,
                                              "Total Cost": 27206.55,
                                              "Plan Rows": 841655,
                                              "Plan Width": 8,
                                              "Actual Startup Time": 0.026,
                                              "Actual Total Time": 105.553,
                                              "Actual Rows": 652282,
                                              "Actual Loops": 4
                                            },
                                            {
                                              "Node Type": "Hash",
                                              "Parent Relationship": "Inner",
                                              "Parallel Aware": true,
                                              "Startup Cost": 4722.92,
                                              "Total Cost": 4722.92,
                                              "Plan Rows": 49958,
                                              "Plan Width": 4,
                                              "Actual Startup Time": 24.874,
                                              "Actual Total Time": 24.875,
                                              "Actual Rows": 21211,
                                              "Actual Loops": 4,
                                              "Hash Buckets": 131072,
                                              "Original Hash Buckets": 131072,
                                              "Hash Batches": 1,
                                              "Original Hash Batches": 1,
                                              "Peak Memory Usage": 4416,
                                              "Plans": [
                                                {
                                                  "Node Type": "Seq Scan",
                                                  "Parent Relationship": "Outer",
                                                  "Parallel Aware": true,
                                                  "Relation Name": "company_name",
                                                  "Alias": "cn",
                                                  "Startup Cost": 0.0,
                                                  "Total Cost": 4722.92,
                                                  "Plan Rows": 49958,
                                                  "Plan Width": 4,
                                                  "Actual Startup Time": 0.032,
                                                  "Actual Total Time": 16.798,
                                                  "Actual Rows": 21211,
                                                  "Actual Loops": 4,
                                                  "Filter": "((country_code)::text = '[us]'::text)",
                                                  "Rows Removed by Filter": 37538
                                                }
                                              ]
                                            }
                                          ]
                                        }
                                      ]
                                    }
                                  ]
                                },
                                {
                                  "Node Type": "Hash",
                                  "Parent Relationship": "Inner",
                                  "Parallel Aware": false,
                                  "Startup Cost": 147594.96,
                                  "Total Cost": 147594.96,
                                  "Plan Rows": 3021808,
                                  "Plan Width": 8,
                                  "Actual Startup Time": 1993.378,
                                  "Actual Total Time": 1993.38,
                                  "Actual Rows": 2728943,
                                  "Actual Loops": 4,
                                  "Hash Buckets": 4194304,
                                  "Original Hash Buckets": 4194304,
                                  "Hash Batches": 1,
                                  "Original Hash Batches": 1,
                                  "Peak Memory Usage": 139368,
                                  "Plans": [
                                    {
                                      "Node Type": "Nested Loop",
                                      "Parent Relationship": "Outer",
                                      "Parallel Aware": false,
                                      "Join Type": "Inner",
                                      "Startup Cost": 0.56,
                                      "Total Cost": 147594.96,
                                      "Plan Rows": 3021808,
                                      "Plan Width": 8,
                                      "Actual Startup Time": 0.241,
                                      "Actual Total Time": 1025.496,
                                      "Actual Rows": 2728943,
                                      "Actual Loops": 4,
                                      "Inner Unique": false,
                                      "Plans": [
                                        {
                                          "Node Type": "Seq Scan",
                                          "Parent Relationship": "Outer",
                                          "Parallel Aware": false,
                                          "Relation Name": "role_type",
                                          "Alias": "rt",
                                          "Startup Cost": 0.0,
                                          "Total Cost": 1.15,
                                          "Plan Rows": 1,
                                          "Plan Width": 4,
                                          "Actual Startup Time": 0.074,
                                          "Actual Total Time": 0.08,
                                          "Actual Rows": 1,
                                          "Actual Loops": 4,
                                          "Filter": "((role)::text = 'writer'::text)",
                                          "Rows Removed by Filter": 11
                                        },
                                        {
                                          "Node Type": "Index Scan",
                                          "Parent Relationship": "Inner",
                                          "Parallel Aware": false,
                                          "Scan Direction": "Forward",
                                          "Index Name": "role_id_cast_info",
                                          "Relation Name": "cast_info",
                                          "Alias": "ci",
                                          "Startup Cost": 0.56,
                                          "Total Cost": 114628.63,
                                          "Plan Rows": 3296518,
                                          "Plan Width": 12,
                                          "Actual Startup Time": 0.158,
                                          "Actual Total Time": 665.339,
                                          "Actual Rows": 2728943,
                                          "Actual Loops": 4,
                                          "Index Cond": "(role_id = rt.id)",
                                          "Rows Removed by Index Recheck": 0
                                        }
                                      ]
                                    }
                                  ]
                                }
                              ]
                            },
                            {
                              "Node Type": "Hash",
                              "Parent Relationship": "Inner",
                              "Parallel Aware": true,
                              "Startup Cost": 66031.55,
                              "Total Cost": 66031.55,
                              "Plan Rows": 1041855,
                              "Plan Width": 4,
                              "Actual Startup Time": 766.031,
                              "Actual Total Time": 766.032,
                              "Actual Rows": 1041873,
                              "Actual Loops": 4,
                              "Hash Buckets": 4194304,
                              "Original Hash Buckets": 4194304,
                              "Hash Batches": 1,
                              "Original Hash Batches": 1,
                              "Peak Memory Usage": 195872,
                              "Plans": [
                                {
                                  "Node Type": "Seq Scan",
                                  "Parent Relationship": "Outer",
                                  "Parallel Aware": true,
                                  "Relation Name": "name",
                                  "Alias": "n1",
                                  "Startup Cost": 0.0,
                                  "Total Cost": 66031.55,
                                  "Plan Rows": 1041855,
                                  "Plan Width": 4,
                                  "Actual Startup Time": 0.075,
                                  "Actual Total Time": 241.266,
                                  "Actual Rows": 1041873,
                                  "Actual Loops": 4
                                }
                              ]
                            }
                          ]
                        }
                      ]
                    }
                  ]
                }
              ]
            }
          ]
        }
      ]
    },
    "Planning Time": 12.04,
    "Triggers": [],
    "Execution Time": 4620.195
  }
]