[
  {
    "Plan": {
      "Node Type": "Aggregate",
      "Strategy": "Plain",
      "Partial Mode": "Finalize",
      "Parallel Aware": false,
      "Startup Cost": 249549.02,
      "Total Cost": 249549.03,
      "Plan Rows": 1,
      "Plan Width": 8,
      "Actual Startup Time": 619.081,
      "Actual Total Time": 661.735,
      "Actual Rows": 1,
      "Actual Loops": 1,
      "Plans": [
        {
          "Node Type": "Gather",
          "Parent Relationship": "Outer",
          "Parallel Aware": false,
          "Startup Cost": 249548.5,
          "Total Cost": 249549.01,
          "Plan Rows": 5,
          "Plan Width": 8,
          "Actual Startup Time": 607.015,
          "Actual Total Time": 661.72,
          "Actual Rows": 6,
          "Actual Loops": 1,
          "Workers Planned": 5,
          "Workers Launched": 5,
          "Single Copy": false,
          "Plans": [
            {
              "Node Type": "Aggregate",
              "Strategy": "Plain",
              "Partial Mode": "Partial",
              "Parent Relationship": "Outer",
              "Parallel Aware": false,
              "Startup Cost": 248548.5,
              "Total Cost": 248548.51,
              "Plan Rows": 1,
              "Plan Width": 8,
              "Actual Startup Time": 593.635,
              "Actual Total Time": 593.638,
              "Actual Rows": 1,
              "Actual Loops": 6,
              "Plans": [
                {
                  "Node Type": "Hash Join",
                  "Parent Relationship": "Outer",
                  "Parallel Aware": true,
                  "Join Type": "Inner",
                  "Startup Cost": 47807.49,
                  "Total Cost": 247975.61,
                  "Plan Rows": 229155,
                  "Plan Width": 0,
                  "Actual Startup Time": 202.494,
                  "Actual Total Time": 583.778,
                  "Actual Rows": 220028,
                  "Actual Loops": 6,
                  "Inner Unique": true,
                  "Hash Cond": "(mi.movie_id = t.id)",
                  "Plans": [
                    {
                      "Node Type": "Seq Scan",
                      "Parent Relationship": "Outer",
                      "Parallel Aware": true,
                      "Relation Name": "movie_info",
                      "Alias": "mi",
                      "Startup Cost": 0.0,
                      "Total Cost": 198952.16,
                      "Plan Rows": 463221,
                      "Plan Width": 4,
                      "Actual Startup Time": 16.767,
                      "Actual Total Time": 301.27,
                      "Actual Rows": 372308,
                      "Actual Loops": 6,
                      "Filter": "(info_type_id > 16)",
                      "Rows Removed by Filter": 2100312
                    },
                    {
                      "Node Type": "Hash",
                      "Parent Relationship": "Inner",
                      "Parallel Aware": true,
                      "Startup Cost": 43898.92,
                      "Total Cost": 43898.92,
                      "Plan Rows": 312686,
                      "Plan Width": 4,
                      "Actual Startup Time": 180.255,
                      "Actual Total Time": 180.256,
                      "Actual Rows": 210617,
                      "Actual Loops": 6,
                      "Hash Buckets": 2097152,
                      "Original Hash Buckets": 2097152,
                      "Hash Batches": 1,
                      "Original Hash Batches": 1,
                      "Peak Memory Usage": 65920,
                      "Plans": [
                        {
                          "Node Type": "Seq Scan",
                          "Parent Relationship": "Outer",
                          "Parallel Aware": true,
                          "Relation Name": "title",
                          "Alias": "t",
                          "Startup Cost": 0.0,
                          "Total Cost": 43898.92,
                          "Plan Rows": 312686,
                          "Plan Width": 4,
                          "Actual Startup Time": 0.038,
                          "Actual Total Time": 86.884,
                          "Actual Rows": 210617,
                          "Actual Loops": 6,
                          "Filter": "(production_year < 2004)",
                          "Rows Removed by Filter": 210769
                        }
                      ]
                    }
                  ]
                }
              ]
            }
          ]
        }
      ]
    },
    "Planning Time": 0.504,
    "Triggers": [],
    "Execution Time": 661.809
  }
]