[
  {
    "Plan": {
      "Node Type": "Aggregate",
      "Strategy": "Plain",
      "Partial Mode": "Finalize",
      "Parallel Aware": false,
      "Startup Cost": 88550.4,
      "Total Cost": 88550.41,
      "Plan Rows": 1,
      "Plan Width": 8,
      "Actual Startup Time": 646.709,
      "Actual Total Time": 670.098,
      "Actual Rows": 1,
      "Actual Loops": 1,
      "Plans": [
        {
          "Node Type": "Gather",
          "Parent Relationship": "Outer",
          "Parallel Aware": false,
          "Startup Cost": 88550.08,
          "Total Cost": 88550.39,
          "Plan Rows": 3,
          "Plan Width": 8,
          "Actual Startup Time": 635.853,
          "Actual Total Time": 670.089,
          "Actual Rows": 4,
          "Actual Loops": 1,
          "Workers Planned": 3,
          "Workers Launched": 3,
          "Single Copy": false,
          "Plans": [
            {
              "Node Type": "Aggregate",
              "Strategy": "Plain",
              "Partial Mode": "Partial",
              "Parent Relationship": "Outer",
              "Parallel Aware": false,
              "Startup Cost": 87550.08,
              "Total Cost": 87550.09,
              "Plan Rows": 1,
              "Plan Width": 8,
              "Actual Startup Time": 624.508,
              "Actual Total Time": 624.512,
              "Actual Rows": 1,
              "Actual Loops": 4,
              "Plans": [
                {
                  "Node Type": "Hash Join",
                  "Parent Relationship": "Outer",
                  "Parallel Aware": true,
                  "Join Type": "Inner",
                  "Startup Cost": 60374.57,
                  "Total Cost": 87164.05,
                  "Plan Rows": 154412,
                  "Plan Width": 0,
                  "Actual Startup Time": 511.663,
                  "Actual Total Time": 617.614,
                  "Actual Rows": 118755,
                  "Actual Loops": 4,
                  "Inner Unique": true,
                  "Hash Cond": "(mk.movie_id = t.id)",
                  "Plans": [
                    {
                      "Node Type": "Bitmap Heap Scan",
                      "Parent Relationship": "Outer",
                      "Parallel Aware": true,
                      "Relation Name": "movie_keyword",
                      "Alias": "mk",
                      "Startup Cost": 10154.19,
                      "Total Cost": 36538.34,
                      "Plan Rows": 154412,
                      "Plan Width": 4,
                      "Actual Startup Time": 146.6,
                      "Actual Total Time": 206.672,
                      "Actual Rows": 118755,
                      "Actual Loops": 4,
                      "Recheck Cond": "(keyword_id > 37569)",
                      "Rows Removed by Index Recheck": 0,
                      "Exact Heap Blocks": 7152,
                      "Lossy Heap Blocks": 0,
                      "Plans": [
                        {
                          "Node Type": "Bitmap Index Scan",
                          "Parent Relationship": "Outer",
                          "Parallel Aware": false,
                          "Index Name": "keyword_id_movie_keyword",
                          "Startup Cost": 0.0,
                          "Total Cost": 10034.52,
                          "Plan Rows": 478678,
                          "Plan Width": 0,
                          "Actual Startup Time": 142.836,
                          "Actual Total Time": 142.837,
                          "Actual Rows": 475021,
                          "Actual Loops": 1,
                          "Index Cond": "(keyword_id > 37569)"
                        }
                      ]
                    },
                    {
                      "Node Type": "Hash",
                      "Parent Relationship": "Inner",
                      "Parallel Aware": true,
                      "Startup Cost": 42319.06,
                      "Total Cost": 42319.06,
                      "Plan Rows": 632106,
                      "Plan Width": 4,
                      "Actual Startup Time": 356.998,
                      "Actual Total Time": 356.999,
                      "Actual Rows": 632078,
                      "Actual Loops": 4,
                      "Hash Buckets": 4194304,
                      "Original Hash Buckets": 4194304,
                      "Hash Batches": 1,
                      "Original Hash Batches": 1,
                      "Peak Memory Usage": 131776,
                      "Plans": [
                        {
                          "Node Type": "Seq Scan",
                          "Parent Relationship": "Outer",
                          "Parallel Aware": true,
                          "Relation Name": "title",
                          "Alias": "t",
                          "Startup Cost": 0.0,
                          "Total Cost": 42319.06,
                          "Plan Rows": 632106,
                          "Plan Width": 4,
                          "Actual Startup Time": 0.041,
                          "Actual Total Time": 111.641,
                          "Actual Rows": 632078,
                          "Actual Loops": 4
                        }
                      ]
                    }
                  ]
                }
              ]
            }
          ]
        }
      ]
    },
    "Planning Time": 0.261,
    "Triggers": [],
    "Execution Time": 670.148
  }
]