[
  {
    "Plan": {
      "Node Type": "Aggregate",
      "Strategy": "Plain",
      "Partial Mode": "Finalize",
      "Parallel Aware": false,
      "Startup Cost": 203654.85,
      "Total Cost": 203654.86,
      "Plan Rows": 1,
      "Plan Width": 8,
      "Actual Startup Time": 143.102,
      "Actual Total Time": 167.86,
      "Actual Rows": 1,
      "Actual Loops": 1,
      "Plans": [
        {
          "Node Type": "Gather",
          "Parent Relationship": "Outer",
          "Parallel Aware": false,
          "Startup Cost": 203654.43,
          "Total Cost": 203654.84,
          "Plan Rows": 4,
          "Plan Width": 8,
          "Actual Startup Time": 142.582,
          "Actual Total Time": 167.849,
          "Actual Rows": 5,
          "Actual Loops": 1,
          "Workers Planned": 4,
          "Workers Launched": 4,
          "Single Copy": false,
          "Plans": [
            {
              "Node Type": "Aggregate",
              "Strategy": "Plain",
              "Partial Mode": "Partial",
              "Parent Relationship": "Outer",
              "Parallel Aware": false,
              "Startup Cost": 202654.43,
              "Total Cost": 202654.44,
              "Plan Rows": 1,
              "Plan Width": 8,
              "Actual Startup Time": 132.186,
              "Actual Total Time": 132.189,
              "Actual Rows": 1,
              "Actual Loops": 5,
              "Plans": [
                {
                  "Node Type": "Nested Loop",
                  "Parent Relationship": "Outer",
                  "Parallel Aware": false,
                  "Join Type": "Inner",
                  "Startup Cost": 2183.68,
                  "Total Cost": 202644.85,
                  "Plan Rows": 3831,
                  "Plan Width": 0,
                  "Actual Startup Time": 16.342,
                  "Actual Total Time": 131.748,
                  "Actual Rows": 4915,
                  "Actual Loops": 5,
                  "Inner Unique": false,
                  "Join Filter": "(t.id = ci.movie_id)",
                  "Rows Removed by Join Filter": 0,
                  "Plans": [
                    {
                      "Node Type": "Nested Loop",
                      "Parent Relationship": "Outer",
                      "Parallel Aware": false,
                      "Join Type": "Inner",
                      "Startup Cost": 2183.12,
                      "Total Cost": 199231.13,
                      "Plan Rows": 1600,
                      "Plan Width": 8,
                      "Actual Startup Time": 15.667,
                      "Actual Total Time": 75.451,
                      "Actual Rows": 1169,
                      "Actual Loops": 5,
                      "Inner Unique": false,
                      "Plans": [
                        {
                          "Node Type": "Bitmap Heap Scan",
                          "Parent Relationship": "Outer",
                          "Parallel Aware": true,
                          "Relation Name": "title",
                          "Alias": "t",
                          "Startup Cost": 2182.68,
                          "Total Cost": 38638.94,
                          "Plan Rows": 1746,
                          "Plan Width": 4,
                          "Actual Startup Time": 15.007,
                          "Actual Total Time": 29.735,
                          "Actual Rows": 1547,
                          "Actual Loops": 5,
                          "Recheck Cond": "(kind_id = 4)",
                          "Rows Removed by Index Recheck": 0,
                          "Filter": "(production_year = 2010)",
                          "Rows Removed by Filter": 22100,
                          "Exact Heap Blocks": 6374,
                          "Lossy Heap Blocks": 0,
                          "Plans": [
                            {
                              "Node Type": "Bitmap Index Scan",
                              "Parent Relationship": "Outer",
                              "Parallel Aware": false,
                              "Index Name": "kind_id_title",
                              "Startup Cost": 0.0,
                              "Total Cost": 2180.94,
                              "Plan Rows": 122201,
                              "Plan Width": 0,
                              "Actual Startup Time": 19.767,
                              "Actual Total Time": 19.767,
                              "Actual Rows": 118234,
                              "Actual Loops": 1,
                              "Index Cond": "(kind_id = 4)"
                            }
                          ]
                        },
                        {
                          "Node Type": "Index Scan",
                          "Parent Relationship": "Inner",
                          "Parallel Aware": false,
                          "Scan Direction": "Forward",
                          "Index Name": "movie_id_movie_info",
                          "Relation Name": "movie_info",
                          "Alias": "mi",
                          "Startup Cost": 0.43,
                          "Total Cost": 91.91,
                          "Plan Rows": 7,
                          "Plan Width": 4,
                          "Actual Startup Time": 0.022,
                          "Actual Total Time": 0.029,
                          "Actual Rows": 1,
                          "Actual Loops": 7736,
                          "Index Cond": "(movie_id = t.id)",
                          "Rows Removed by Index Recheck": 0,
                          "Filter": "(info_type_id > 16)",
                          "Rows Removed by Filter": 7
                        }
                      ]
                    },
                    {
                      "Node Type": "Index Scan",
                      "Parent Relationship": "Inner",
                      "Parallel Aware": false,
                      "Scan Direction": "Forward",
                      "Index Name": "movie_id_cast_info",
                      "Relation Name": "cast_info",
                      "Alias": "ci",
                      "Startup Cost": 0.56,
                      "Total Cost": 2.06,
                      "Plan Rows": 6,
                      "Plan Width": 4,
                      "Actual Startup Time": 0.035,
                      "Actual Total Time": 0.047,
                      "Actual Rows": 4,
                      "Actual Loops": 5845,
                      "Index Cond": "(movie_id = mi.movie_id)",
                      "Rows Removed by Index Recheck": 0,
                      "Filter": "((person_id > 2783909) AND (role_id > 1))",
                      "Rows Removed by Filter": 14
                    }
                  ]
                }
              ]
            }
          ]
        }
      ]
    },
    "Planning Time": 1.364,
    "Triggers": [],
    "Execution Time": 167.974
  }
]