{
  "Plan": {
    "Node Type": "Aggregate",
    "Strategy": "Plain",
    "Partial Mode": "Finalize",
    "Parallel Aware": false,
    "Startup Cost": 89904.16,
    "Total Cost": 89904.17,
    "Plan Rows": 1,
    "Plan Width": 8,
    "Actual Startup Time": 342.902,
    "Actual Total Time": 356.192,
    "Actual Rows": 1,
    "Actual Loops": 1,
    "Plans": [
      {
        "Node Type": "Gather",
        "Parent Relationship": "Outer",
        "Parallel Aware": false,
        "Startup Cost": 89904.05,
        "Total Cost": 89904.16,
        "Plan Rows": 1,
        "Plan Width": 8,
        "Actual Startup Time": 340.719,
        "Actual Total Time": 356.183,
        "Actual Rows": 2,
        "Actual Loops": 1,
        "Workers Planned": 1,
        "Workers Launched": 1,
        "Single Copy": false,
        "Plans": [
          {
            "Node Type": "Aggregate",
            "Strategy": "Plain",
            "Partial Mode": "Partial",
            "Parent Relationship": "Outer",
            "Parallel Aware": false,
            "Startup Cost": 88904.05,
            "Total Cost": 88904.06,
            "Plan Rows": 1,
            "Plan Width": 8,
            "Actual Startup Time": 335.066,
            "Actual Total Time": 335.07,
            "Actual Rows": 1,
            "Actual Loops": 2,
            "Plans": [
              {
                "Node Type": "Hash Join",
                "Parent Relationship": "Outer",
                "Parallel Aware": true,
                "Join Type": "Inner",
                "Startup Cost": 63656.17,
                "Total Cost": 88855.73,
                "Plan Rows": 19329,
                "Plan Width": 0,
                "Actual Startup Time": 280.159,
                "Actual Total Time": 333.13,
                "Actual Rows": 38076,
                "Actual Loops": 2,
                "Inner Unique": true,
                "Hash Cond": "(mk.movie_id = t.id)",
                "Plans": [
                  {
                    "Node Type": "Bitmap Heap Scan",
                    "Parent Relationship": "Outer",
                    "Parallel Aware": true,
                    "Relation Name": "movie_keyword",
                    "Alias": "mk",
                    "Startup Cost": 1777.87,
                    "Total Cost": 26848.03,
                    "Plan Rows": 49293,
                    "Plan Width": 4,
                    "Actual Startup Time": 8.897,
                    "Actual Total Time": 40.521,
                    "Actual Rows": 45916,
                    "Actual Loops": 2,
                    "Recheck Cond": "(keyword_id < 79)",
                    "Rows Removed by Index Recheck": 0,
                    "Exact Heap Blocks": 13230,
                    "Lossy Heap Blocks": 0,
                    "Plans": [
                      {
                        "Node Type": "Bitmap Index Scan",
                        "Parent Relationship": "Outer",
                        "Parallel Aware": false,
                        "Index Name": "keyword_id_movie_keyword",
                        "Startup Cost": 0.0,
                        "Total Cost": 1756.92,
                        "Plan Rows": 83798,
                        "Plan Width": 0,
                        "Actual Startup Time": 5.515,
                        "Actual Total Time": 5.516,
                        "Actual Rows": 91832,
                        "Actual Loops": 1,
                        "Index Cond": "(keyword_id < 79)"
                      }
                    ]
                  },
                  {
                    "Node Type": "Hash",
                    "Parent Relationship": "Inner",
                    "Parallel Aware": true,
                    "Startup Cost": 54588.39,
                    "Total Cost": 54588.39,
                    "Plan Rows": 583193,
                    "Plan Width": 4,
                    "Actual Startup Time": 262.544,
                    "Actual Total Time": 262.545,
                    "Actual Rows": 492524,
                    "Actual Loops": 2,
                    "Hash Buckets": 1048576,
                    "Original Hash Buckets": 1048576,
                    "Hash Batches": 1,
                    "Original Hash Batches": 1,
                    "Peak Memory Usage": 46752,
                    "Plans": [
                      {
                        "Node Type": "Seq Scan",
                        "Parent Relationship": "Outer",
                        "Parallel Aware": true,
                        "Relation Name": "title",
                        "Alias": "t",
                        "Startup Cost": 0.0,
                        "Total Cost": 54588.39,
                        "Plan Rows": 583193,
                        "Plan Width": 4,
                        "Actual Startup Time": 0.036,
                        "Actual Total Time": 147.013,
                        "Actual Rows": 492524,
                        "Actual Loops": 2,
                        "Filter": "(kind_id < 7)",
                        "Rows Removed by Filter": 771632
                      }
                    ]
                  }
                ]
              }
            ]
          }
        ]
      }
    ]
  },
  "Planning Time": 0.573,
  "Triggers": [],
  "Execution Time": 356.281
}