[
  {
    "Plan": {
      "Node Type": "Aggregate",
      "Strategy": "Plain",
      "Partial Mode": "Finalize",
      "Parallel Aware": false,
      "Startup Cost": 229243.81,
      "Total Cost": 229243.82,
      "Plan Rows": 1,
      "Plan Width": 8,
      "Actual Startup Time": 321.531,
      "Actual Total Time": 347.269,
      "Actual Rows": 1,
      "Actual Loops": 1,
      "Plans": [
        {
          "Node Type": "Gather",
          "Parent Relationship": "Outer",
          "Parallel Aware": false,
          "Startup Cost": 229243.18,
          "Total Cost": 229243.79,
          "Plan Rows": 6,
          "Plan Width": 8,
          "Actual Startup Time": 321.395,
          "Actual Total Time": 347.254,
          "Actual Rows": 7,
          "Actual Loops": 1,
          "Workers Planned": 6,
          "Workers Launched": 6,
          "Single Copy": false,
          "Plans": [
            {
              "Node Type": "Aggregate",
              "Strategy": "Plain",
              "Partial Mode": "Partial",
              "Parent Relationship": "Outer",
              "Parallel Aware": false,
              "Startup Cost": 228243.18,
              "Total Cost": 228243.19,
              "Plan Rows": 1,
              "Plan Width": 8,
              "Actual Startup Time": 313.13,
              "Actual Total Time": 313.132,
              "Actual Rows": 1,
              "Actual Loops": 7,
              "Plans": [
                {
                  "Node Type": "Index Scan",
                  "Parent Relationship": "Outer",
                  "Parallel Aware": true,
                  "Scan Direction": "Forward",
                  "Index Name": "role_id_cast_info",
                  "Relation Name": "cast_info",
                  "Alias": "ci",
                  "Startup Cost": 0.56,
                  "Total Cost": 228010.93,
                  "Plan Rows": 92902,
                  "Plan Width": 0,
                  "Actual Startup Time": 0.18,
                  "Actual Total Time": 310.248,
                  "Actual Rows": 41966,
                  "Actual Loops": 7,
                  "Index Cond": "(role_id > 5)",
                  "Rows Removed by Index Recheck": 0,
                  "Filter": "(person_id < 238252)",
                  "Rows Removed by Filter": 1170365
                }
              ]
            }
          ]
        }
      ]
    },
    "Planning Time": 0.1,
    "Triggers": [],
    "Execution Time": 347.311
  }
]