[
    {
        "Bao": {
            "Bao prediction": "NaN",
            "Bao recommended hint": "(no hint)"
        }
    },
    {
        "Plan": {
            "Node Type": "Aggregate",
            "Strategy": "Plain",
            "Partial Mode": "Finalize",
            "Parallel Aware": false,
            "Startup Cost": 340206.91,
            "Total Cost": 340206.92,
            "Plan Rows": 1,
            "Plan Width": 8,
            "Actual Startup Time": 817.624,
            "Actual Total Time": 846.516,
            "Actual Rows": 1,
            "Actual Loops": 1,
            "Output": [
                "count(*)"
            ],
            "Plans": [
                {
                    "Node Type": "Gather",
                    "Parent Relationship": "Outer",
                    "Parallel Aware": false,
                    "Startup Cost": 340206.29,
                    "Total Cost": 340206.9,
                    "Plan Rows": 6,
                    "Plan Width": 8,
                    "Actual Startup Time": 817.501,
                    "Actual Total Time": 846.507,
                    "Actual Rows": 7,
                    "Actual Loops": 1,
                    "Output": [
                        "(PARTIAL count(*))"
                    ],
                    "Workers Planned": 6,
                    "Workers Launched": 6,
                    "Single Copy": false,
                    "Plans": [
                        {
                            "Node Type": "Aggregate",
                            "Strategy": "Plain",
                            "Partial Mode": "Partial",
                            "Parent Relationship": "Outer",
                            "Parallel Aware": false,
                            "Startup Cost": 339206.29,
                            "Total Cost": 339206.3,
                            "Plan Rows": 1,
                            "Plan Width": 8,
                            "Actual Startup Time": 807.405,
                            "Actual Total Time": 807.406,
                            "Actual Rows": 1,
                            "Actual Loops": 7,
                            "Output": [
                                "PARTIAL count(*)"
                            ],
                            "Workers": [
                                {
                                    "Worker Number": 0,
                                    "Actual Startup Time": 805.027,
                                    "Actual Total Time": 805.028,
                                    "Actual Rows": 1,
                                    "Actual Loops": 1
                                },
                                {
                                    "Worker Number": 1,
                                    "Actual Startup Time": 805.385,
                                    "Actual Total Time": 805.386,
                                    "Actual Rows": 1,
                                    "Actual Loops": 1
                                },
                                {
                                    "Worker Number": 2,
                                    "Actual Startup Time": 805.761,
                                    "Actual Total Time": 805.762,
                                    "Actual Rows": 1,
                                    "Actual Loops": 1
                                },
                                {
                                    "Worker Number": 3,
                                    "Actual Startup Time": 806.111,
                                    "Actual Total Time": 806.112,
                                    "Actual Rows": 1,
                                    "Actual Loops": 1
                                },
                                {
                                    "Worker Number": 4,
                                    "Actual Startup Time": 806.444,
                                    "Actual Total Time": 806.446,
                                    "Actual Rows": 1,
                                    "Actual Loops": 1
                                },
                                {
                                    "Worker Number": 5,
                                    "Actual Startup Time": 806.437,
                                    "Actual Total Time": 806.437,
                                    "Actual Rows": 1,
                                    "Actual Loops": 1
                                }
                            ],
                            "Plans": [
                                {
                                    "Node Type": "Seq Scan",
                                    "Parent Relationship": "Outer",
                                    "Parallel Aware": true,
                                    "Relation Name": "cast_info",
                                    "Schema": "public",
                                    "Alias": "ci",
                                    "Startup Cost": 0.0,
                                    "Total Cost": 328213.62,
                                    "Plan Rows": 4397068,
                                    "Plan Width": 0,
                                    "Actual Startup Time": 109.071,
                                    "Actual Total Time": 614.406,
                                    "Actual Rows": 3766399,
                                    "Actual Loops": 7,
                                    "Output": [
                                        "id",
                                        "person_id",
                                        "movie_id",
                                        "person_role_id",
                                        "note",
                                        "nr_order",
                                        "role_id"
                                    ],
                                    "Filter": "(ci.person_id > 972179)",
                                    "Rows Removed by Filter": 1411365,
                                    "Workers": [
                                        {
                                            "Worker Number": 0,
                                            "Actual Startup Time": 106.693,
                                            "Actual Total Time": 614.847,
                                            "Actual Rows": 2890664,
                                            "Actual Loops": 1
                                        },
                                        {
                                            "Worker Number": 1,
                                            "Actual Startup Time": 107.047,
                                            "Actual Total Time": 614.2,
                                            "Actual Rows": 2903464,
                                            "Actual Loops": 1
                                        },
                                        {
                                            "Worker Number": 2,
                                            "Actual Startup Time": 107.417,
                                            "Actual Total Time": 615.007,
                                            "Actual Rows": 2900495,
                                            "Actual Loops": 1
                                        },
                                        {
                                            "Worker Number": 3,
                                            "Actual Startup Time": 107.777,
                                            "Actual Total Time": 612.313,
                                            "Actual Rows": 4672148,
                                            "Actual Loops": 1
                                        },
                                        {
                                            "Worker Number": 4,
                                            "Actual Startup Time": 108.112,
                                            "Actual Total Time": 615.71,
                                            "Actual Rows": 2898016,
                                            "Actual Loops": 1
                                        },
                                        {
                                            "Worker Number": 5,
                                            "Actual Startup Time": 108.098,
                                            "Actual Total Time": 613.127,
                                            "Actual Rows": 4636581,
                                            "Actual Loops": 1
                                        }
                                    ]
                                }
                            ]
                        }
                    ]
                }
            ]
        },
        "Planning Time": 264.518,
        "Triggers": [],
        "Execution Time": 846.599
    }
]