[
  {
    "Plan": {
      "Node Type": "Aggregate",
      "Strategy": "Plain",
      "Partial Mode": "Finalize",
      "Parallel Aware": false,
      "Startup Cost": 217353.6,
      "Total Cost": 217353.61,
      "Plan Rows": 1,
      "Plan Width": 8,
      "Actual Startup Time": 237.686,
      "Actual Total Time": 257.315,
      "Actual Rows": 1,
      "Actual Loops": 1,
      "Plans": [
        {
          "Node Type": "Gather",
          "Parent Relationship": "Outer",
          "Parallel Aware": false,
          "Startup Cost": 217353.08,
          "Total Cost": 217353.59,
          "Plan Rows": 5,
          "Plan Width": 8,
          "Actual Startup Time": 233.036,
          "Actual Total Time": 257.302,
          "Actual Rows": 6,
          "Actual Loops": 1,
          "Workers Planned": 5,
          "Workers Launched": 5,
          "Single Copy": false,
          "Plans": [
            {
              "Node Type": "Aggregate",
              "Strategy": "Plain",
              "Partial Mode": "Partial",
              "Parent Relationship": "Outer",
              "Parallel Aware": false,
              "Startup Cost": 216353.08,
              "Total Cost": 216353.09,
              "Plan Rows": 1,
              "Plan Width": 8,
              "Actual Startup Time": 225.937,
              "Actual Total Time": 225.942,
              "Actual Rows": 1,
              "Actual Loops": 6,
              "Plans": [
                {
                  "Node Type": "Hash Join",
                  "Parent Relationship": "Outer",
                  "Parallel Aware": true,
                  "Join Type": "Inner",
                  "Startup Cost": 53282.43,
                  "Total Cost": 216318.83,
                  "Plan Rows": 13701,
                  "Plan Width": 0,
                  "Actual Startup Time": 180.309,
                  "Actual Total Time": 224.449,
                  "Actual Rows": 20343,
                  "Actual Loops": 6,
                  "Inner Unique": true,
                  "Hash Cond": "(mi.movie_id = t.id)",
                  "Plans": [
                    {
                      "Node Type": "Bitmap Heap Scan",
                      "Parent Relationship": "Outer",
                      "Parallel Aware": true,
                      "Relation Name": "movie_info",
                      "Alias": "mi",
                      "Startup Cost": 6233.6,
                      "Total Cost": 169088.91,
                      "Plan Rows": 68985,
                      "Plan Width": 4,
                      "Actual Startup Time": 21.574,
                      "Actual Total Time": 65.012,
                      "Actual Rows": 54810,
                      "Actual Loops": 6,
                      "Recheck Cond": "(info_type_id = 98)",
                      "Rows Removed by Index Recheck": 0,
                      "Exact Heap Blocks": 5799,
                      "Lossy Heap Blocks": 0,
                      "Plans": [
                        {
                          "Node Type": "Bitmap Index Scan",
                          "Parent Relationship": "Outer",
                          "Parallel Aware": false,
                          "Index Name": "info_type_id_movie_info",
                          "Startup Cost": 0.0,
                          "Total Cost": 6147.37,
                          "Plan Rows": 344924,
                          "Plan Width": 0,
                          "Actual Startup Time": 17.366,
                          "Actual Total Time": 17.367,
                          "Actual Rows": 328857,
                          "Actual Loops": 1,
                          "Index Cond": "(info_type_id = 98)"
                        }
                      ]
                    },
                    {
                      "Node Type": "Hash",
                      "Parent Relationship": "Inner",
                      "Parallel Aware": true,
                      "Startup Cost": 45479.59,
                      "Total Cost": 45479.59,
                      "Plan Rows": 125540,
                      "Plan Width": 4,
                      "Actual Startup Time": 131.15,
                      "Actual Total Time": 131.151,
                      "Actual Rows": 87355,
                      "Actual Loops": 6,
                      "Hash Buckets": 524288,
                      "Original Hash Buckets": 524288,
                      "Hash Batches": 1,
                      "Original Hash Batches": 1,
                      "Peak Memory Usage": 24704,
                      "Plans": [
                        {
                          "Node Type": "Seq Scan",
                          "Parent Relationship": "Outer",
                          "Parallel Aware": true,
                          "Relation Name": "title",
                          "Alias": "t",
                          "Startup Cost": 0.0,
                          "Total Cost": 45479.59,
                          "Plan Rows": 125540,
                          "Plan Width": 4,
                          "Actual Startup Time": 50.275,
                          "Actual Total Time": 91.655,
                          "Actual Rows": 87355,
                          "Actual Loops": 6,
                          "Filter": "((production_year < 2010) AND (kind_id = 1))",
                          "Rows Removed by Filter": 334030
                        }
                      ]
                    }
                  ]
                }
              ]
            }
          ]
        }
      ]
    },
    "Planning Time": 0.43,
    "Triggers": [],
    "Execution Time": 257.381
  }
]