{
  "Plan": {
    "Node Type": "Aggregate",
    "Strategy": "Plain",
    "Partial Mode": "Finalize",
    "Parallel Aware": false,
    "Startup Cost": 91548.11,
    "Total Cost": 91548.12,
    "Plan Rows": 1,
    "Plan Width": 8,
    "Actual Startup Time": 386.834,
    "Actual Total Time": 398.714,
    "Actual Rows": 1,
    "Actual Loops": 1,
    "Plans": [
      {
        "Node Type": "Gather",
        "Parent Relationship": "Outer",
        "Parallel Aware": false,
        "Startup Cost": 91548.0,
        "Total Cost": 91548.11,
        "Plan Rows": 1,
        "Plan Width": 8,
        "Actual Startup Time": 386.598,
        "Actual Total Time": 398.707,
        "Actual Rows": 2,
        "Actual Loops": 1,
        "Workers Planned": 1,
        "Workers Launched": 1,
        "Single Copy": false,
        "Plans": [
          {
            "Node Type": "Aggregate",
            "Strategy": "Plain",
            "Partial Mode": "Partial",
            "Parent Relationship": "Outer",
            "Parallel Aware": false,
            "Startup Cost": 90548.0,
            "Total Cost": 90548.01,
            "Plan Rows": 1,
            "Plan Width": 8,
            "Actual Startup Time": 380.292,
            "Actual Total Time": 380.297,
            "Actual Rows": 1,
            "Actual Loops": 2,
            "Plans": [
              {
                "Node Type": "Hash Join",
                "Parent Relationship": "Outer",
                "Parallel Aware": true,
                "Join Type": "Inner",
                "Startup Cost": 29465.03,
                "Total Cost": 90536.56,
                "Plan Rows": 4578,
                "Plan Width": 0,
                "Actual Startup Time": 23.923,
                "Actual Total Time": 379.948,
                "Actual Rows": 6188,
                "Actual Loops": 2,
                "Inner Unique": false,
                "Hash Cond": "(mk.movie_id = t.id)",
                "Plans": [
                  {
                    "Node Type": "Seq Scan",
                    "Parent Relationship": "Outer",
                    "Parallel Aware": true,
                    "Relation Name": "movie_keyword",
                    "Alias": "mk",
                    "Startup Cost": 0.0,
                    "Total Cost": 51065.35,
                    "Plan Rows": 2661135,
                    "Plan Width": 4,
                    "Actual Startup Time": 0.013,
                    "Actual Total Time": 182.183,
                    "Actual Rows": 2261965,
                    "Actual Loops": 2
                  },
                  {
                    "Node Type": "Hash",
                    "Parent Relationship": "Inner",
                    "Parallel Aware": true,
                    "Startup Cost": 29433.05,
                    "Total Cost": 29433.05,
                    "Plan Rows": 2558,
                    "Plan Width": 8,
                    "Actual Startup Time": 21.87,
                    "Actual Total Time": 21.873,
                    "Actual Rows": 2124,
                    "Actual Loops": 2,
                    "Hash Buckets": 8192,
                    "Original Hash Buckets": 8192,
                    "Hash Batches": 1,
                    "Original Hash Batches": 1,
                    "Peak Memory Usage": 256,
                    "Plans": [
                      {
                        "Node Type": "Nested Loop",
                        "Parent Relationship": "Outer",
                        "Parallel Aware": false,
                        "Join Type": "Inner",
                        "Startup Cost": 98.56,
                        "Total Cost": 29433.05,
                        "Plan Rows": 2558,
                        "Plan Width": 8,
                        "Actual Startup Time": 0.898,
                        "Actual Total Time": 20.497,
                        "Actual Rows": 2124,
                        "Actual Loops": 2,
                        "Inner Unique": true,
                        "Plans": [
                          {
                            "Node Type": "Bitmap Heap Scan",
                            "Parent Relationship": "Outer",
                            "Parallel Aware": true,
                            "Relation Name": "movie_companies",
                            "Alias": "mc",
                            "Startup Cost": 98.13,
                            "Total Cost": 10395.87,
                            "Plan Rows": 2558,
                            "Plan Width": 4,
                            "Actual Startup Time": 0.748,
                            "Actual Total Time": 2.537,
                            "Actual Rows": 2124,
                            "Actual Loops": 2,
                            "Recheck Cond": "(company_id = 687)",
                            "Rows Removed by Index Recheck": 0,
                            "Exact Heap Blocks": 546,
                            "Lossy Heap Blocks": 0,
                            "Plans": [
                              {
                                "Node Type": "Bitmap Index Scan",
                                "Parent Relationship": "Outer",
                                "Parallel Aware": false,
                                "Index Name": "company_id_movie_companies",
                                "Startup Cost": 0.0,
                                "Total Cost": 97.05,
                                "Plan Rows": 4349,
                                "Plan Width": 0,
                                "Actual Startup Time": 1.14,
                                "Actual Total Time": 1.14,
                                "Actual Rows": 4248,
                                "Actual Loops": 1,
                                "Index Cond": "(company_id = 687)"
                              }
                            ]
                          },
                          {
                            "Node Type": "Index Only Scan",
                            "Parent Relationship": "Inner",
                            "Parallel Aware": false,
                            "Scan Direction": "Forward",
                            "Index Name": "title_pkey",
                            "Relation Name": "title",
                            "Alias": "t",
                            "Startup Cost": 0.43,
                            "Total Cost": 7.44,
                            "Plan Rows": 1,
                            "Plan Width": 4,
                            "Actual Startup Time": 0.008,
                            "Actual Total Time": 0.008,
                            "Actual Rows": 1,
                            "Actual Loops": 4248,
                            "Index Cond": "(id = mc.movie_id)",
                            "Rows Removed by Index Recheck": 0,
                            "Heap Fetches": 4248
                          }
                        ]
                      }
                    ]
                  }
                ]
              }
            ]
          }
        ]
      }
    ]
  },
  "Planning Time": 1.019,
  "Triggers": [],
  "Execution Time": 398.82
}