[
  {
    "Plan": {
      "Node Type": "Aggregate",
      "Strategy": "Plain",
      "Partial Mode": "Finalize",
      "Parallel Aware": false,
      "Startup Cost": 178864.77,
      "Total Cost": 178864.78,
      "Plan Rows": 1,
      "Plan Width": 8,
      "Actual Startup Time": 131.524,
      "Actual Total Time": 157.422,
      "Actual Rows": 1,
      "Actual Loops": 1,
      "Plans": [
        {
          "Node Type": "Gather",
          "Parent Relationship": "Outer",
          "Parallel Aware": false,
          "Startup Cost": 178864.35,
          "Total Cost": 178864.76,
          "Plan Rows": 4,
          "Plan Width": 8,
          "Actual Startup Time": 131.093,
          "Actual Total Time": 157.409,
          "Actual Rows": 5,
          "Actual Loops": 1,
          "Workers Planned": 4,
          "Workers Launched": 4,
          "Single Copy": false,
          "Plans": [
            {
              "Node Type": "Aggregate",
              "Strategy": "Plain",
              "Partial Mode": "Partial",
              "Parent Relationship": "Outer",
              "Parallel Aware": false,
              "Startup Cost": 177864.35,
              "Total Cost": 177864.36,
              "Plan Rows": 1,
              "Plan Width": 8,
              "Actual Startup Time": 126.413,
              "Actual Total Time": 126.415,
              "Actual Rows": 1,
              "Actual Loops": 5,
              "Plans": [
                {
                  "Node Type": "Nested Loop",
                  "Parent Relationship": "Outer",
                  "Parallel Aware": false,
                  "Join Type": "Inner",
                  "Startup Cost": 0.43,
                  "Total Cost": 177845.65,
                  "Plan Rows": 7482,
                  "Plan Width": 0,
                  "Actual Startup Time": 0.509,
                  "Actual Total Time": 125.327,
                  "Actual Rows": 12656,
                  "Actual Loops": 5,
                  "Inner Unique": false,
                  "Plans": [
                    {
                      "Node Type": "Seq Scan",
                      "Parent Relationship": "Outer",
                      "Parallel Aware": true,
                      "Relation Name": "title",
                      "Alias": "t",
                      "Startup Cost": 0.0,
                      "Total Cost": 45479.59,
                      "Plan Rows": 1274,
                      "Plan Width": 4,
                      "Actual Startup Time": 0.363,
                      "Actual Total Time": 79.806,
                      "Actual Rows": 1219,
                      "Actual Loops": 5,
                      "Filter": "((kind_id < 7) AND (production_year = 1977))",
                      "Rows Removed by Filter": 504444
                    },
                    {
                      "Node Type": "Index Only Scan",
                      "Parent Relationship": "Inner",
                      "Parallel Aware": false,
                      "Scan Direction": "Forward",
                      "Index Name": "movie_id_movie_info",
                      "Relation Name": "movie_info",
                      "Alias": "mi",
                      "Startup Cost": 0.43,
                      "Total Cost": 103.49,
                      "Plan Rows": 41,
                      "Plan Width": 4,
                      "Actual Startup Time": 0.013,
                      "Actual Total Time": 0.036,
                      "Actual Rows": 10,
                      "Actual Loops": 6093,
                      "Index Cond": "(movie_id = t.id)",
                      "Rows Removed by Index Recheck": 0,
                      "Heap Fetches": 63282
                    }
                  ]
                }
              ]
            }
          ]
        }
      ]
    },
    "Planning Time": 0.603,
    "Triggers": [],
    "Execution Time": 157.496
  }
]