{
  "Plan": {
    "Node Type": "Aggregate",
    "Strategy": "Plain",
    "Partial Mode": "Finalize",
    "Parallel Aware": false,
    "Startup Cost": 213172.04,
    "Total Cost": 213172.05,
    "Plan Rows": 1,
    "Plan Width": 8,
    "Actual Startup Time": 684.887,
    "Actual Total Time": 706.105,
    "Actual Rows": 1,
    "Actual Loops": 1,
    "Plans": [
      {
        "Node Type": "Gather",
        "Parent Relationship": "Outer",
        "Parallel Aware": false,
        "Startup Cost": 213171.92,
        "Total Cost": 213172.03,
        "Plan Rows": 1,
        "Plan Width": 8,
        "Actual Startup Time": 679.328,
        "Actual Total Time": 706.098,
        "Actual Rows": 2,
        "Actual Loops": 1,
        "Workers Planned": 1,
        "Workers Launched": 1,
        "Single Copy": false,
        "Plans": [
          {
            "Node Type": "Aggregate",
            "Strategy": "Plain",
            "Partial Mode": "Partial",
            "Parent Relationship": "Outer",
            "Parallel Aware": false,
            "Startup Cost": 212171.92,
            "Total Cost": 212171.93,
            "Plan Rows": 1,
            "Plan Width": 8,
            "Actual Startup Time": 667.074,
            "Actual Total Time": 667.08,
            "Actual Rows": 1,
            "Actual Loops": 2,
            "Plans": [
              {
                "Node Type": "Hash Join",
                "Parent Relationship": "Outer",
                "Parallel Aware": true,
                "Join Type": "Inner",
                "Startup Cost": 192903.79,
                "Total Cost": 212120.9,
                "Plan Rows": 20411,
                "Plan Width": 0,
                "Actual Startup Time": 553.172,
                "Actual Total Time": 664.415,
                "Actual Rows": 63878,
                "Actual Loops": 2,
                "Inner Unique": false,
                "Hash Cond": "(mi_idx.movie_id = t.id)",
                "Plans": [
                  {
                    "Node Type": "Seq Scan",
                    "Parent Relationship": "Outer",
                    "Parallel Aware": true,
                    "Relation Name": "movie_info_idx",
                    "Alias": "mi_idx",
                    "Startup Cost": 0.0,
                    "Total Cost": 16052.85,
                    "Plan Rows": 811785,
                    "Plan Width": 4,
                    "Actual Startup Time": 0.034,
                    "Actual Total Time": 47.72,
                    "Actual Rows": 690018,
                    "Actual Loops": 2
                  },
                  {
                    "Node Type": "Hash",
                    "Parent Relationship": "Inner",
                    "Parallel Aware": true,
                    "Startup Cost": 192436.36,
                    "Total Cost": 192436.36,
                    "Plan Rows": 37394,
                    "Plan Width": 8,
                    "Actual Startup Time": 551.703,
                    "Actual Total Time": 551.707,
                    "Actual Rows": 30564,
                    "Actual Loops": 2,
                    "Hash Buckets": 65536,
                    "Original Hash Buckets": 65536,
                    "Hash Batches": 1,
                    "Original Hash Batches": 1,
                    "Peak Memory Usage": 2912,
                    "Plans": [
                      {
                        "Node Type": "Hash Join",
                        "Parent Relationship": "Outer",
                        "Parallel Aware": true,
                        "Join Type": "Inner",
                        "Startup Cost": 70613.8,
                        "Total Cost": 192436.36,
                        "Plan Rows": 37394,
                        "Plan Width": 8,
                        "Actual Startup Time": 515.95,
                        "Actual Total Time": 545.488,
                        "Actual Rows": 30564,
                        "Actual Loops": 2,
                        "Inner Unique": true,
                        "Hash Cond": "(mi.movie_id = t.id)",
                        "Plans": [
                          {
                            "Node Type": "Bitmap Heap Scan",
                            "Parent Relationship": "Outer",
                            "Parallel Aware": true,
                            "Relation Name": "movie_info",
                            "Alias": "mi",
                            "Startup Cost": 1153.1,
                            "Total Cost": 122877.51,
                            "Plan Rows": 37394,
                            "Plan Width": 4,
                            "Actual Startup Time": 3.457,
                            "Actual Total Time": 13.621,
                            "Actual Rows": 30564,
                            "Actual Loops": 2,
                            "Recheck Cond": "(info_type_id = 103)",
                            "Rows Removed by Index Recheck": 0,
                            "Exact Heap Blocks": 2780,
                            "Lossy Heap Blocks": 0,
                            "Plans": [
                              {
                                "Node Type": "Bitmap Index Scan",
                                "Parent Relationship": "Outer",
                                "Parallel Aware": false,
                                "Index Name": "info_type_id_movie_info",
                                "Startup Cost": 0.0,
                                "Total Cost": 1137.21,
                                "Plan Rows": 63570,
                                "Plan Width": 0,
                                "Actual Startup Time": 2.766,
                                "Actual Total Time": 2.766,
                                "Actual Rows": 61128,
                                "Actual Loops": 1,
                                "Index Cond": "(info_type_id = 103)"
                              }
                            ]
                          },
                          {
                            "Node Type": "Hash",
                            "Parent Relationship": "Inner",
                            "Parallel Aware": true,
                            "Startup Cost": 50870.31,
                            "Total Cost": 50870.31,
                            "Plan Rows": 1487231,
                            "Plan Width": 4,
                            "Actual Startup Time": 492.437,
                            "Actual Total Time": 492.438,
                            "Actual Rows": 1264156,
                            "Actual Loops": 2,
                            "Hash Buckets": 4194304,
                            "Original Hash Buckets": 4194304,
                            "Hash Batches": 1,
                            "Original Hash Batches": 1,
                            "Peak Memory Usage": 131712,
                            "Plans": [
                              {
                                "Node Type": "Seq Scan",
                                "Parent Relationship": "Outer",
                                "Parallel Aware": true,
                                "Relation Name": "title",
                                "Alias": "t",
                                "Startup Cost": 0.0,
                                "Total Cost": 50870.31,
                                "Plan Rows": 1487231,
                                "Plan Width": 4,
                                "Actual Startup Time": 0.028,
                                "Actual Total Time": 149.39,
                                "Actual Rows": 1264156,
                                "Actual Loops": 2
                              }
                            ]
                          }
                        ]
                      }
                    ]
                  }
                ]
              }
            ]
          }
        ]
      }
    ]
  },
  "Planning Time": 0.864,
  "Triggers": [],
  "Execution Time": 706.206
}