[
  {
    "Plan": {
      "Node Type": "Aggregate",
      "Strategy": "Plain",
      "Partial Mode": "Finalize",
      "Parallel Aware": false,
      "Startup Cost": 79108.44,
      "Total Cost": 79108.45,
      "Plan Rows": 1,
      "Plan Width": 8,
      "Actual Startup Time": 265.772,
      "Actual Total Time": 296.031,
      "Actual Rows": 1,
      "Actual Loops": 1,
      "Plans": [
        {
          "Node Type": "Gather",
          "Parent Relationship": "Outer",
          "Parallel Aware": false,
          "Startup Cost": 79108.02,
          "Total Cost": 79108.43,
          "Plan Rows": 4,
          "Plan Width": 8,
          "Actual Startup Time": 264.502,
          "Actual Total Time": 296.023,
          "Actual Rows": 5,
          "Actual Loops": 1,
          "Workers Planned": 4,
          "Workers Launched": 4,
          "Single Copy": false,
          "Plans": [
            {
              "Node Type": "Aggregate",
              "Strategy": "Plain",
              "Partial Mode": "Partial",
              "Parent Relationship": "Outer",
              "Parallel Aware": false,
              "Startup Cost": 78108.02,
              "Total Cost": 78108.03,
              "Plan Rows": 1,
              "Plan Width": 8,
              "Actual Startup Time": 254.4,
              "Actual Total Time": 254.403,
              "Actual Rows": 1,
              "Actual Loops": 5,
              "Plans": [
                {
                  "Node Type": "Nested Loop",
                  "Parent Relationship": "Outer",
                  "Parallel Aware": false,
                  "Join Type": "Inner",
                  "Startup Cost": 22897.71,
                  "Total Cost": 78066.59,
                  "Plan Rows": 16573,
                  "Plan Width": 0,
                  "Actual Startup Time": 121.008,
                  "Actual Total Time": 250.616,
                  "Actual Rows": 65036,
                  "Actual Loops": 5,
                  "Inner Unique": false,
                  "Plans": [
                    {
                      "Node Type": "Hash Join",
                      "Parent Relationship": "Outer",
                      "Parallel Aware": true,
                      "Join Type": "Inner",
                      "Startup Cost": 22897.27,
                      "Total Cost": 67294.2,
                      "Plan Rows": 2834,
                      "Plan Width": 8,
                      "Actual Startup Time": 120.901,
                      "Actual Total Time": 148.606,
                      "Actual Rows": 4938,
                      "Actual Loops": 5,
                      "Inner Unique": false,
                      "Hash Cond": "(t.id = mc.movie_id)",
                      "Plans": [
                        {
                          "Node Type": "Seq Scan",
                          "Parent Relationship": "Outer",
                          "Parallel Aware": true,
                          "Relation Name": "title",
                          "Alias": "t",
                          "Startup Cost": 0.0,
                          "Total Cost": 43898.92,
                          "Plan Rows": 97774,
                          "Plan Width": 4,
                          "Actual Startup Time": 0.018,
                          "Actual Total Time": 71.816,
                          "Actual Rows": 78333,
                          "Actual Loops": 5,
                          "Filter": "(production_year > 2010)",
                          "Rows Removed by Filter": 427329
                        },
                        {
                          "Node Type": "Hash",
                          "Parent Relationship": "Inner",
                          "Parallel Aware": true,
                          "Startup Cost": 22601.76,
                          "Total Cost": 22601.76,
                          "Plan Rows": 23641,
                          "Plan Width": 4,
                          "Actual Startup Time": 54.471,
                          "Actual Total Time": 54.473,
                          "Actual Rows": 28191,
                          "Actual Loops": 5,
                          "Hash Buckets": 262144,
                          "Original Hash Buckets": 131072,
                          "Hash Batches": 1,
                          "Original Hash Batches": 1,
                          "Peak Memory Usage": 8704,
                          "Plans": [
                            {
                              "Node Type": "Bitmap Heap Scan",
                              "Parent Relationship": "Outer",
                              "Parallel Aware": true,
                              "Relation Name": "movie_companies",
                              "Alias": "mc",
                              "Startup Cost": 3113.32,
                              "Total Cost": 22601.76,
                              "Plan Rows": 23641,
                              "Plan Width": 4,
                              "Actual Startup Time": 11.383,
                              "Actual Total Time": 34.663,
                              "Actual Rows": 28191,
                              "Actual Loops": 5,
                              "Recheck Cond": "(company_id > 135926)",
                              "Rows Removed by Index Recheck": 0,
                              "Filter": "(company_type_id = 2)",
                              "Rows Removed by Filter": 0,
                              "Exact Heap Blocks": 1697,
                              "Lossy Heap Blocks": 0,
                              "Plans": [
                                {
                                  "Node Type": "Bitmap Index Scan",
                                  "Parent Relationship": "Outer",
                                  "Parallel Aware": false,
                                  "Index Name": "company_id_movie_companies",
                                  "Startup Cost": 0.0,
                                  "Total Cost": 3095.0,
                                  "Plan Rows": 144343,
                                  "Plan Width": 0,
                                  "Actual Startup Time": 15.011,
                                  "Actual Total Time": 15.011,
                                  "Actual Rows": 140954,
                                  "Actual Loops": 1,
                                  "Index Cond": "(company_id > 135926)"
                                }
                              ]
                            }
                          ]
                        }
                      ]
                    },
                    {
                      "Node Type": "Index Only Scan",
                      "Parent Relationship": "Inner",
                      "Parallel Aware": false,
                      "Scan Direction": "Forward",
                      "Index Name": "movie_id_movie_info",
                      "Relation Name": "movie_info",
                      "Alias": "mi",
                      "Startup Cost": 0.43,
                      "Total Cost": 3.38,
                      "Plan Rows": 42,
                      "Plan Width": 4,
                      "Actual Startup Time": 0.007,
                      "Actual Total Time": 0.019,
                      "Actual Rows": 13,
                      "Actual Loops": 24689,
                      "Index Cond": "(movie_id = t.id)",
                      "Rows Removed by Index Recheck": 0,
                      "Heap Fetches": 325180
                    }
                  ]
                }
              ]
            }
          ]
        }
      ]
    },
    "Planning Time": 1.45,
    "Triggers": [],
    "Execution Time": 296.172
  }
]