{
  "Plan": {
    "Node Type": "Aggregate",
    "Strategy": "Plain",
    "Partial Mode": "Finalize",
    "Parallel Aware": false,
    "Startup Cost": 99573.77,
    "Total Cost": 99573.78,
    "Plan Rows": 1,
    "Plan Width": 8,
    "Actual Startup Time": 297.533,
    "Actual Total Time": 310.368,
    "Actual Rows": 1,
    "Actual Loops": 1,
    "Plans": [
      {
        "Node Type": "Gather",
        "Parent Relationship": "Outer",
        "Parallel Aware": false,
        "Startup Cost": 99573.66,
        "Total Cost": 99573.77,
        "Plan Rows": 1,
        "Plan Width": 8,
        "Actual Startup Time": 297.373,
        "Actual Total Time": 310.36,
        "Actual Rows": 2,
        "Actual Loops": 1,
        "Workers Planned": 1,
        "Workers Launched": 1,
        "Single Copy": false,
        "Plans": [
          {
            "Node Type": "Aggregate",
            "Strategy": "Plain",
            "Partial Mode": "Partial",
            "Parent Relationship": "Outer",
            "Parallel Aware": false,
            "Startup Cost": 98573.66,
            "Total Cost": 98573.67,
            "Plan Rows": 1,
            "Plan Width": 8,
            "Actual Startup Time": 291.731,
            "Actual Total Time": 291.734,
            "Actual Rows": 1,
            "Actual Loops": 2,
            "Plans": [
              {
                "Node Type": "Hash Join",
                "Parent Relationship": "Outer",
                "Parallel Aware": true,
                "Join Type": "Inner",
                "Startup Cost": 58587.13,
                "Total Cost": 98545.15,
                "Plan Rows": 11406,
                "Plan Width": 0,
                "Actual Startup Time": 138.202,
                "Actual Total Time": 290.954,
                "Actual Rows": 16801,
                "Actual Loops": 2,
                "Inner Unique": true,
                "Hash Cond": "(mc.movie_id = t.id)",
                "Plans": [
                  {
                    "Node Type": "Seq Scan",
                    "Parent Relationship": "Outer",
                    "Parallel Aware": true,
                    "Relation Name": "movie_companies",
                    "Alias": "mc",
                    "Startup Cost": 0.0,
                    "Total Cost": 37974.77,
                    "Plan Rows": 755522,
                    "Plan Width": 4,
                    "Actual Startup Time": 0.013,
                    "Actual Total Time": 104.703,
                    "Actual Rows": 637123,
                    "Actual Loops": 2,
                    "Filter": "(company_type_id < 2)",
                    "Rows Removed by Filter": 667442
                  },
                  {
                    "Node Type": "Hash",
                    "Parent Relationship": "Inner",
                    "Parallel Aware": true,
                    "Startup Cost": 58306.47,
                    "Total Cost": 58306.47,
                    "Plan Rows": 22453,
                    "Plan Width": 4,
                    "Actual Startup Time": 136.571,
                    "Actual Total Time": 136.572,
                    "Actual Rows": 16126,
                    "Actual Loops": 2,
                    "Hash Buckets": 65536,
                    "Original Hash Buckets": 65536,
                    "Hash Batches": 1,
                    "Original Hash Batches": 1,
                    "Peak Memory Usage": 1792,
                    "Plans": [
                      {
                        "Node Type": "Seq Scan",
                        "Parent Relationship": "Outer",
                        "Parallel Aware": true,
                        "Relation Name": "title",
                        "Alias": "t",
                        "Startup Cost": 0.0,
                        "Total Cost": 58306.47,
                        "Plan Rows": 22453,
                        "Plan Width": 4,
                        "Actual Startup Time": 0.093,
                        "Actual Total Time": 131.916,
                        "Actual Rows": 16126,
                        "Actual Loops": 2,
                        "Filter": "((kind_id < 7) AND (production_year = 2005))",
                        "Rows Removed by Filter": 1248030
                      }
                    ]
                  }
                ]
              }
            ]
          }
        ]
      }
    ]
  },
  "Planning Time": 0.424,
  "Triggers": [],
  "Execution Time": 310.434
}