[
  {
    "Plan": {
      "Node Type": "Aggregate",
      "Strategy": "Plain",
      "Partial Mode": "Finalize",
      "Parallel Aware": false,
      "Startup Cost": 46505.91,
      "Total Cost": 46505.92,
      "Plan Rows": 1,
      "Plan Width": 8,
      "Actual Startup Time": 92.64,
      "Actual Total Time": 105.941,
      "Actual Rows": 1,
      "Actual Loops": 1,
      "Plans": [
        {
          "Node Type": "Gather",
          "Parent Relationship": "Outer",
          "Parallel Aware": false,
          "Startup Cost": 46505.49,
          "Total Cost": 46505.9,
          "Plan Rows": 4,
          "Plan Width": 8,
          "Actual Startup Time": 92.373,
          "Actual Total Time": 105.933,
          "Actual Rows": 5,
          "Actual Loops": 1,
          "Workers Planned": 4,
          "Workers Launched": 4,
          "Single Copy": false,
          "Plans": [
            {
              "Node Type": "Aggregate",
              "Strategy": "Plain",
              "Partial Mode": "Partial",
              "Parent Relationship": "Outer",
              "Parallel Aware": false,
              "Startup Cost": 45505.49,
              "Total Cost": 45505.5,
              "Plan Rows": 1,
              "Plan Width": 8,
              "Actual Startup Time": 84.261,
              "Actual Total Time": 84.262,
              "Actual Rows": 1,
              "Actual Loops": 5,
              "Plans": [
                {
                  "Node Type": "Seq Scan",
                  "Parent Relationship": "Outer",
                  "Parallel Aware": true,
                  "Relation Name": "title",
                  "Alias": "t",
                  "Startup Cost": 0.0,
                  "Total Cost": 45479.1,
                  "Plan Rows": 10557,
                  "Plan Width": 0,
                  "Actual Startup Time": 43.907,
                  "Actual Total Time": 83.806,
                  "Actual Rows": 7912,
                  "Actual Loops": 5,
                  "Filter": "((kind_id < 2) AND (production_year = 2012))",
                  "Rows Removed by Filter": 497750
                }
              ]
            }
          ]
        }
      ]
    },
    "Planning Time": 0.183,
    "Triggers": [],
    "Execution Time": 105.998
  }
]