[
  {
    "Plan": {
      "Node Type": "Aggregate",
      "Strategy": "Plain",
      "Partial Mode": "Finalize",
      "Parallel Aware": false,
      "Startup Cost": 335052.32,
      "Total Cost": 335052.33,
      "Plan Rows": 1,
      "Plan Width": 8,
      "Actual Startup Time": 728.192,
      "Actual Total Time": 777.883,
      "Actual Rows": 1,
      "Actual Loops": 1,
      "Plans": [
        {
          "Node Type": "Gather",
          "Parent Relationship": "Outer",
          "Parallel Aware": false,
          "Startup Cost": 335051.7,
          "Total Cost": 335052.31,
          "Plan Rows": 6,
          "Plan Width": 8,
          "Actual Startup Time": 728.014,
          "Actual Total Time": 777.868,
          "Actual Rows": 7,
          "Actual Loops": 1,
          "Workers Planned": 6,
          "Workers Launched": 6,
          "Single Copy": false,
          "Plans": [
            {
              "Node Type": "Aggregate",
              "Strategy": "Plain",
              "Partial Mode": "Partial",
              "Parent Relationship": "Outer",
              "Parallel Aware": false,
              "Startup Cost": 334051.7,
              "Total Cost": 334051.71,
              "Plan Rows": 1,
              "Plan Width": 8,
              "Actual Startup Time": 720.744,
              "Actual Total Time": 720.746,
              "Actual Rows": 1,
              "Actual Loops": 7,
              "Plans": [
                {
                  "Node Type": "Seq Scan",
                  "Parent Relationship": "Outer",
                  "Parallel Aware": true,
                  "Relation Name": "cast_info",
                  "Alias": "ci",
                  "Startup Cost": 0.0,
                  "Total Cost": 328211.39,
                  "Plan Rows": 2336123,
                  "Plan Width": 0,
                  "Actual Startup Time": 261.865,
                  "Actual Total Time": 613.628,
                  "Actual Rows": 1959996,
                  "Actual Loops": 7,
                  "Filter": "(person_id > 2297788)",
                  "Rows Removed by Filter": 3217767
                }
              ]
            }
          ]
        }
      ]
    },
    "Planning Time": 0.092,
    "Triggers": [],
    "Execution Time": 777.926
  }
]