[
  {
    "Plan": {
      "Node Type": "Aggregate",
      "Strategy": "Plain",
      "Partial Mode": "Finalize",
      "Parallel Aware": false,
      "Startup Cost": 334890.67,
      "Total Cost": 334890.68,
      "Plan Rows": 1,
      "Plan Width": 8,
      "Actual Startup Time": 676.079,
      "Actual Total Time": 733.372,
      "Actual Rows": 1,
      "Actual Loops": 1,
      "Plans": [
        {
          "Node Type": "Gather",
          "Parent Relationship": "Outer",
          "Parallel Aware": false,
          "Startup Cost": 334890.05,
          "Total Cost": 334890.66,
          "Plan Rows": 6,
          "Plan Width": 8,
          "Actual Startup Time": 675.945,
          "Actual Total Time": 733.362,
          "Actual Rows": 7,
          "Actual Loops": 1,
          "Workers Planned": 6,
          "Workers Launched": 6,
          "Single Copy": false,
          "Plans": [
            {
              "Node Type": "Aggregate",
              "Strategy": "Plain",
              "Partial Mode": "Partial",
              "Parent Relationship": "Outer",
              "Parallel Aware": false,
              "Startup Cost": 333890.05,
              "Total Cost": 333890.06,
              "Plan Rows": 1,
              "Plan Width": 8,
              "Actual Startup Time": 666.744,
              "Actual Total Time": 666.745,
              "Actual Rows": 1,
              "Actual Loops": 7,
              "Plans": [
                {
                  "Node Type": "Seq Scan",
                  "Parent Relationship": "Outer",
                  "Parallel Aware": true,
                  "Relation Name": "cast_info",
                  "Alias": "ci",
                  "Startup Cost": 0.0,
                  "Total Cost": 328162.03,
                  "Plan Rows": 2291209,
                  "Plan Width": 0,
                  "Actual Startup Time": 254.067,
                  "Actual Total Time": 582.082,
                  "Actual Rows": 1959996,
                  "Actual Loops": 7,
                  "Filter": "(person_id > 2297788)",
                  "Rows Removed by Filter": 3217767
                }
              ]
            }
          ]
        }
      ]
    },
    "Planning Time": 0.21,
    "Triggers": [],
    "Execution Time": 733.44
  }
]