{
  "Plan": {
    "Node Type": "Aggregate",
    "Strategy": "Plain",
    "Partial Mode": "Finalize",
    "Parallel Aware": false,
    "Startup Cost": 243289.05,
    "Total Cost": 243289.06,
    "Plan Rows": 1,
    "Plan Width": 8,
    "Actual Startup Time": 493.858,
    "Actual Total Time": 506.305,
    "Actual Rows": 1,
    "Actual Loops": 1,
    "Plans": [
      {
        "Node Type": "Gather",
        "Parent Relationship": "Outer",
        "Parallel Aware": false,
        "Startup Cost": 243288.93,
        "Total Cost": 243289.04,
        "Plan Rows": 1,
        "Plan Width": 8,
        "Actual Startup Time": 491.117,
        "Actual Total Time": 506.297,
        "Actual Rows": 2,
        "Actual Loops": 1,
        "Workers Planned": 1,
        "Workers Launched": 1,
        "Single Copy": false,
        "Plans": [
          {
            "Node Type": "Aggregate",
            "Strategy": "Plain",
            "Partial Mode": "Partial",
            "Parent Relationship": "Outer",
            "Parallel Aware": false,
            "Startup Cost": 242288.93,
            "Total Cost": 242288.94,
            "Plan Rows": 1,
            "Plan Width": 8,
            "Actual Startup Time": 485.117,
            "Actual Total Time": 485.122,
            "Actual Rows": 1,
            "Actual Loops": 2,
            "Plans": [
              {
                "Node Type": "Hash Join",
                "Parent Relationship": "Outer",
                "Parallel Aware": true,
                "Join Type": "Inner",
                "Startup Cost": 74975.36,
                "Total Cost": 242001.62,
                "Plan Rows": 114924,
                "Plan Width": 0,
                "Actual Startup Time": 360.912,
                "Actual Total Time": 473.019,
                "Actual Rows": 238564,
                "Actual Loops": 2,
                "Inner Unique": true,
                "Hash Cond": "(mi.movie_id = t.id)",
                "Plans": [
                  {
                    "Node Type": "Bitmap Heap Scan",
                    "Parent Relationship": "Outer",
                    "Parallel Aware": true,
                    "Relation Name": "movie_info",
                    "Alias": "mi",
                    "Startup Cost": 10248.78,
                    "Total Cost": 176401.5,
                    "Plan Rows": 332778,
                    "Plan Width": 4,
                    "Actual Startup Time": 16.894,
                    "Actual Total Time": 50.264,
                    "Actual Rows": 271684,
                    "Actual Loops": 2,
                    "Recheck Cond": "(info_type_id > 98)",
                    "Rows Removed by Index Recheck": 0,
                    "Exact Heap Blocks": 3842,
                    "Lossy Heap Blocks": 0,
                    "Plans": [
                      {
                        "Node Type": "Bitmap Index Scan",
                        "Parent Relationship": "Outer",
                        "Parallel Aware": false,
                        "Index Name": "info_type_id_movie_info",
                        "Startup Cost": 0.0,
                        "Total Cost": 10107.35,
                        "Plan Rows": 565722,
                        "Plan Width": 0,
                        "Actual Startup Time": 16.065,
                        "Actual Total Time": 16.066,
                        "Actual Rows": 543367,
                        "Actual Loops": 1,
                        "Index Cond": "(info_type_id > 98)"
                      }
                    ]
                  },
                  {
                    "Node Type": "Hash",
                    "Parent Relationship": "Inner",
                    "Parallel Aware": true,
                    "Startup Cost": 58306.47,
                    "Total Cost": 58306.47,
                    "Plan Rows": 513609,
                    "Plan Width": 4,
                    "Actual Startup Time": 334.581,
                    "Actual Total Time": 334.582,
                    "Actual Rows": 448394,
                    "Actual Loops": 2,
                    "Hash Buckets": 1048576,
                    "Original Hash Buckets": 1048576,
                    "Hash Batches": 1,
                    "Original Hash Batches": 1,
                    "Peak Memory Usage": 43296,
                    "Plans": [
                      {
                        "Node Type": "Seq Scan",
                        "Parent Relationship": "Outer",
                        "Parallel Aware": true,
                        "Relation Name": "title",
                        "Alias": "t",
                        "Startup Cost": 0.0,
                        "Total Cost": 58306.47,
                        "Plan Rows": 513609,
                        "Plan Width": 4,
                        "Actual Startup Time": 0.048,
                        "Actual Total Time": 186.475,
                        "Actual Rows": 448394,
                        "Actual Loops": 2,
                        "Filter": "((kind_id < 7) AND (production_year < 2012))",
                        "Rows Removed by Filter": 815762
                      }
                    ]
                  }
                ]
              }
            ]
          }
        ]
      }
    ]
  },
  "Planning Time": 0.624,
  "Triggers": [],
  "Execution Time": 506.396
}