[
  {
    "Plan": {
      "Node Type": "Aggregate",
      "Strategy": "Plain",
      "Partial Mode": "Finalize",
      "Parallel Aware": false,
      "Startup Cost": 248360.63,
      "Total Cost": 248360.64,
      "Plan Rows": 1,
      "Plan Width": 8,
      "Actual Startup Time": 489.503,
      "Actual Total Time": 532.646,
      "Actual Rows": 1,
      "Actual Loops": 1,
      "Plans": [
        {
          "Node Type": "Gather",
          "Parent Relationship": "Outer",
          "Parallel Aware": false,
          "Startup Cost": 248360.1,
          "Total Cost": 248360.61,
          "Plan Rows": 5,
          "Plan Width": 8,
          "Actual Startup Time": 486.983,
          "Actual Total Time": 532.633,
          "Actual Rows": 6,
          "Actual Loops": 1,
          "Workers Planned": 5,
          "Workers Launched": 5,
          "Single Copy": false,
          "Plans": [
            {
              "Node Type": "Aggregate",
              "Strategy": "Plain",
              "Partial Mode": "Partial",
              "Parent Relationship": "Outer",
              "Parallel Aware": false,
              "Startup Cost": 247360.1,
              "Total Cost": 247360.11,
              "Plan Rows": 1,
              "Plan Width": 8,
              "Actual Startup Time": 477.533,
              "Actual Total Time": 477.536,
              "Actual Rows": 1,
              "Actual Loops": 6,
              "Plans": [
                {
                  "Node Type": "Hash Join",
                  "Parent Relationship": "Outer",
                  "Parallel Aware": true,
                  "Join Type": "Inner",
                  "Startup Cost": 47115.11,
                  "Total Cost": 247147.15,
                  "Plan Rows": 85183,
                  "Plan Width": 0,
                  "Actual Startup Time": 141.63,
                  "Actual Total Time": 472.28,
                  "Actual Rows": 127780,
                  "Actual Loops": 6,
                  "Inner Unique": true,
                  "Hash Cond": "(mi.movie_id = t.id)",
                  "Plans": [
                    {
                      "Node Type": "Seq Scan",
                      "Parent Relationship": "Outer",
                      "Parallel Aware": true,
                      "Relation Name": "movie_info",
                      "Alias": "mi",
                      "Startup Cost": 0.0,
                      "Total Cost": 198952.16,
                      "Plan Rows": 411380,
                      "Plan Width": 4,
                      "Actual Startup Time": 28.12,
                      "Actual Total Time": 280.832,
                      "Actual Rows": 348511,
                      "Actual Loops": 6,
                      "Filter": "(info_type_id < 3)",
                      "Rows Removed by Filter": 2124109
                    },
                    {
                      "Node Type": "Hash",
                      "Parent Relationship": "Inner",
                      "Parallel Aware": true,
                      "Startup Cost": 45479.1,
                      "Total Cost": 45479.1,
                      "Plan Rows": 130881,
                      "Plan Width": 4,
                      "Actual Startup Time": 110.739,
                      "Actual Total Time": 110.74,
                      "Actual Rows": 73486,
                      "Actual Loops": 6,
                      "Hash Buckets": 524288,
                      "Original Hash Buckets": 524288,
                      "Hash Batches": 1,
                      "Original Hash Batches": 1,
                      "Peak Memory Usage": 21472,
                      "Plans": [
                        {
                          "Node Type": "Seq Scan",
                          "Parent Relationship": "Outer",
                          "Parallel Aware": true,
                          "Relation Name": "title",
                          "Alias": "t",
                          "Startup Cost": 0.0,
                          "Total Cost": 45479.1,
                          "Plan Rows": 130881,
                          "Plan Width": 4,
                          "Actual Startup Time": 0.093,
                          "Actual Total Time": 81.74,
                          "Actual Rows": 73486,
                          "Actual Loops": 6,
                          "Filter": "((kind_id < 7) AND (production_year > 2001))",
                          "Rows Removed by Filter": 347899
                        }
                      ]
                    }
                  ]
                }
              ]
            }
          ]
        }
      ]
    },
    "Planning Time": 0.614,
    "Triggers": [],
    "Execution Time": 532.728
  }
]