[
  {
    "Plan": {
      "Node Type": "Aggregate",
      "Strategy": "Plain",
      "Partial Mode": "Finalize",
      "Parallel Aware": false,
      "Startup Cost": 13348.21,
      "Total Cost": 13348.22,
      "Plan Rows": 1,
      "Plan Width": 8,
      "Actual Startup Time": 13.716,
      "Actual Total Time": 15.713,
      "Actual Rows": 1,
      "Actual Loops": 1,
      "Plans": [
        {
          "Node Type": "Gather",
          "Parent Relationship": "Outer",
          "Parallel Aware": false,
          "Startup Cost": 13348.1,
          "Total Cost": 13348.21,
          "Plan Rows": 1,
          "Plan Width": 8,
          "Actual Startup Time": 13.48,
          "Actual Total Time": 15.702,
          "Actual Rows": 2,
          "Actual Loops": 1,
          "Workers Planned": 1,
          "Workers Launched": 1,
          "Single Copy": false,
          "Plans": [
            {
              "Node Type": "Aggregate",
              "Strategy": "Plain",
              "Partial Mode": "Partial",
              "Parent Relationship": "Outer",
              "Parallel Aware": false,
              "Startup Cost": 12348.1,
              "Total Cost": 12348.11,
              "Plan Rows": 1,
              "Plan Width": 8,
              "Actual Startup Time": 7.516,
              "Actual Total Time": 7.519,
              "Actual Rows": 1,
              "Actual Loops": 2,
              "Plans": [
                {
                  "Node Type": "Nested Loop",
                  "Parent Relationship": "Outer",
                  "Parallel Aware": false,
                  "Join Type": "Inner",
                  "Startup Cost": 54.77,
                  "Total Cost": 12347.72,
                  "Plan Rows": 150,
                  "Plan Width": 0,
                  "Actual Startup Time": 7.064,
                  "Actual Total Time": 7.509,
                  "Actual Rows": 4,
                  "Actual Loops": 2,
                  "Inner Unique": true,
                  "Plans": [
                    {
                      "Node Type": "Bitmap Heap Scan",
                      "Parent Relationship": "Outer",
                      "Parallel Aware": true,
                      "Relation Name": "movie_companies",
                      "Alias": "mc",
                      "Startup Cost": 54.34,
                      "Total Cost": 6641.29,
                      "Plan Rows": 701,
                      "Plan Width": 4,
                      "Actual Startup Time": 6.816,
                      "Actual Total Time": 6.95,
                      "Actual Rows": 29,
                      "Actual Loops": 2,
                      "Recheck Cond": "(company_id = 1684)",
                      "Rows Removed by Index Recheck": 0,
                      "Filter": "(company_type_id = 2)",
                      "Rows Removed by Filter": 1964,
                      "Exact Heap Blocks": 2363,
                      "Lossy Heap Blocks": 0,
                      "Plans": [
                        {
                          "Node Type": "Bitmap Index Scan",
                          "Parent Relationship": "Outer",
                          "Parallel Aware": false,
                          "Index Name": "company_id_movie_companies",
                          "Startup Cost": 0.0,
                          "Total Cost": 54.04,
                          "Plan Rows": 2348,
                          "Plan Width": 0,
                          "Actual Startup Time": 3.122,
                          "Actual Total Time": 3.123,
                          "Actual Rows": 3986,
                          "Actual Loops": 1,
                          "Index Cond": "(company_id = 1684)"
                        }
                      ]
                    },
                    {
                      "Node Type": "Index Scan",
                      "Parent Relationship": "Inner",
                      "Parallel Aware": false,
                      "Scan Direction": "Forward",
                      "Index Name": "title_pkey",
                      "Relation Name": "title",
                      "Alias": "t",
                      "Startup Cost": 0.43,
                      "Total Cost": 8.14,
                      "Plan Rows": 1,
                      "Plan Width": 4,
                      "Actual Startup Time": 0.018,
                      "Actual Total Time": 0.018,
                      "Actual Rows": 0,
                      "Actual Loops": 58,
                      "Index Cond": "(id = mc.movie_id)",
                      "Rows Removed by Index Recheck": 0,
                      "Filter": "((production_year < 2011) AND (kind_id = 1))",
                      "Rows Removed by Filter": 1
                    }
                  ]
                }
              ]
            }
          ]
        }
      ]
    },
    "Planning Time": 0.717,
    "Triggers": [],
    "Execution Time": 15.812
  }
]