[
  {
    "Plan": {
      "Node Type": "Aggregate",
      "Strategy": "Plain",
      "Partial Mode": "Finalize",
      "Parallel Aware": false,
      "Startup Cost": 444663.41,
      "Total Cost": 444663.42,
      "Plan Rows": 1,
      "Plan Width": 8,
      "Actual Startup Time": 1503.197,
      "Actual Total Time": 1553.785,
      "Actual Rows": 1,
      "Actual Loops": 1,
      "Plans": [
        {
          "Node Type": "Gather",
          "Parent Relationship": "Outer",
          "Parallel Aware": false,
          "Startup Cost": 444662.79,
          "Total Cost": 444663.4,
          "Plan Rows": 6,
          "Plan Width": 8,
          "Actual Startup Time": 1480.984,
          "Actual Total Time": 1553.773,
          "Actual Rows": 7,
          "Actual Loops": 1,
          "Workers Planned": 6,
          "Workers Launched": 6,
          "Single Copy": false,
          "Plans": [
            {
              "Node Type": "Aggregate",
              "Strategy": "Plain",
              "Partial Mode": "Partial",
              "Parent Relationship": "Outer",
              "Parallel Aware": false,
              "Startup Cost": 443662.79,
              "Total Cost": 443662.8,
              "Plan Rows": 1,
              "Plan Width": 8,
              "Actual Startup Time": 1471.588,
              "Actual Total Time": 1471.704,
              "Actual Rows": 1,
              "Actual Loops": 7,
              "Plans": [
                {
                  "Node Type": "Hash Join",
                  "Parent Relationship": "Outer",
                  "Parallel Aware": true,
                  "Join Type": "Inner",
                  "Startup Cost": 96162.96,
                  "Total Cost": 443112.86,
                  "Plan Rows": 219970,
                  "Plan Width": 0,
                  "Actual Startup Time": 755.605,
                  "Actual Total Time": 1409.616,
                  "Actual Rows": 1452266,
                  "Actual Loops": 7,
                  "Inner Unique": false,
                  "Hash Cond": "(ci.movie_id = t.id)",
                  "Plans": [
                    {
                      "Node Type": "Seq Scan",
                      "Parent Relationship": "Outer",
                      "Parallel Aware": true,
                      "Relation Name": "cast_info",
                      "Alias": "ci",
                      "Startup Cost": 0.0,
                      "Total Cost": 343316.27,
                      "Plan Rows": 779747,
                      "Plan Width": 4,
                      "Actual Startup Time": 307.808,
                      "Actual Total Time": 604.189,
                      "Actual Rows": 1455563,
                      "Actual Loops": 7,
                      "Filter": "((person_id > 2665089) AND (role_id > 2))",
                      "Rows Removed by Filter": 3722200
                    },
                    {
                      "Node Type": "Hash",
                      "Parent Relationship": "Inner",
                      "Parallel Aware": true,
                      "Startup Cost": 93286.84,
                      "Total Cost": 93286.84,
                      "Plan Rows": 230090,
                      "Plan Width": 8,
                      "Actual Startup Time": 445.537,
                      "Actual Total Time": 445.652,
                      "Actual Rows": 101655,
                      "Actual Loops": 7,
                      "Hash Buckets": 1048576,
                      "Original Hash Buckets": 1048576,
                      "Hash Batches": 1,
                      "Original Hash Batches": 1,
                      "Peak Memory Usage": 36128,
                      "Plans": [
                        {
                          "Node Type": "Hash Join",
                          "Parent Relationship": "Outer",
                          "Parallel Aware": true,
                          "Join Type": "Inner",
                          "Startup Cost": 65352.73,
                          "Total Cost": 93286.84,
                          "Plan Rows": 230090,
                          "Plan Width": 8,
                          "Actual Startup Time": 309.14,
                          "Actual Total Time": 399.029,
                          "Actual Rows": 101655,
                          "Actual Loops": 7,
                          "Inner Unique": true,
                          "Hash Cond": "(mk.movie_id = t.id)",
                          "Plans": [
                            {
                              "Node Type": "Bitmap Heap Scan",
                              "Parent Relationship": "Outer",
                              "Parallel Aware": true,
                              "Relation Name": "movie_keyword",
                              "Alias": "mk",
                              "Startup Cost": 15132.34,
                              "Total Cost": 42462.47,
                              "Plan Rows": 230090,
                              "Plan Width": 4,
                              "Actual Startup Time": 39.799,
                              "Actual Total Time": 89.55,
                              "Actual Rows": 101655,
                              "Actual Loops": 7,
                              "Recheck Cond": "(keyword_id > 26557)",
                              "Rows Removed by Index Recheck": 0,
                              "Exact Heap Blocks": 4906,
                              "Lossy Heap Blocks": 0,
                              "Plans": [
                                {
                                  "Node Type": "Bitmap Index Scan",
                                  "Parent Relationship": "Outer",
                                  "Parallel Aware": false,
                                  "Index Name": "keyword_id_movie_keyword",
                                  "Startup Cost": 0.0,
                                  "Total Cost": 14954.02,
                                  "Plan Rows": 713279,
                                  "Plan Width": 0,
                                  "Actual Startup Time": 36.133,
                                  "Actual Total Time": 36.133,
                                  "Actual Rows": 711586,
                                  "Actual Loops": 1,
                                  "Index Cond": "(keyword_id > 26557)"
                                }
                              ]
                            },
                            {
                              "Node Type": "Hash",
                              "Parent Relationship": "Inner",
                              "Parallel Aware": true,
                              "Startup Cost": 42319.06,
                              "Total Cost": 42319.06,
                              "Plan Rows": 632106,
                              "Plan Width": 4,
                              "Actual Startup Time": 265.321,
                              "Actual Total Time": 265.323,
                              "Actual Rows": 361187,
                              "Actual Loops": 7,
                              "Hash Buckets": 4194304,
                              "Original Hash Buckets": 4194304,
                              "Hash Batches": 1,
                              "Original Hash Batches": 1,
                              "Peak Memory Usage": 131808,
                              "Plans": [
                                {
                                  "Node Type": "Seq Scan",
                                  "Parent Relationship": "Outer",
                                  "Parallel Aware": true,
                                  "Relation Name": "title",
                                  "Alias": "t",
                                  "Startup Cost": 0.0,
                                  "Total Cost": 42319.06,
                                  "Plan Rows": 632106,
                                  "Plan Width": 4,
                                  "Actual Startup Time": 0.061,
                                  "Actual Total Time": 75.143,
                                  "Actual Rows": 361187,
                                  "Actual Loops": 7
                                }
                              ]
                            }
                          ]
                        }
                      ]
                    }
                  ]
                }
              ]
            }
          ]
        }
      ]
    },
    "Planning Time": 0.602,
    "Triggers": [],
    "Execution Time": 1553.86
  }
]