[
  {
    "Plan": {
      "Node Type": "Aggregate",
      "Strategy": "Plain",
      "Partial Mode": "Finalize",
      "Parallel Aware": false,
      "Startup Cost": 77784.9,
      "Total Cost": 77784.91,
      "Plan Rows": 1,
      "Plan Width": 8,
      "Actual Startup Time": 345.931,
      "Actual Total Time": 364.659,
      "Actual Rows": 1,
      "Actual Loops": 1,
      "Plans": [
        {
          "Node Type": "Gather",
          "Parent Relationship": "Outer",
          "Parallel Aware": false,
          "Startup Cost": 77784.58,
          "Total Cost": 77784.89,
          "Plan Rows": 3,
          "Plan Width": 8,
          "Actual Startup Time": 344.524,
          "Actual Total Time": 364.635,
          "Actual Rows": 4,
          "Actual Loops": 1,
          "Workers Planned": 3,
          "Workers Launched": 3,
          "Single Copy": false,
          "Plans": [
            {
              "Node Type": "Aggregate",
              "Strategy": "Plain",
              "Partial Mode": "Partial",
              "Parent Relationship": "Outer",
              "Parallel Aware": false,
              "Startup Cost": 76784.58,
              "Total Cost": 76784.59,
              "Plan Rows": 1,
              "Plan Width": 8,
              "Actual Startup Time": 336.187,
              "Actual Total Time": 336.191,
              "Actual Rows": 1,
              "Actual Loops": 4,
              "Plans": [
                {
                  "Node Type": "Hash Join",
                  "Parent Relationship": "Outer",
                  "Parallel Aware": true,
                  "Join Type": "Inner",
                  "Startup Cost": 46971.3,
                  "Total Cost": 76387.19,
                  "Plan Rows": 158958,
                  "Plan Width": 0,
                  "Actual Startup Time": 174.11,
                  "Actual Total Time": 328.298,
                  "Actual Rows": 164444,
                  "Actual Loops": 4,
                  "Inner Unique": true,
                  "Hash Cond": "(mc.movie_id = t.id)",
                  "Plans": [
                    {
                      "Node Type": "Seq Scan",
                      "Parent Relationship": "Outer",
                      "Parallel Aware": true,
                      "Relation Name": "movie_companies",
                      "Alias": "mc",
                      "Startup Cost": 0.0,
                      "Total Cost": 27206.55,
                      "Plan Rows": 841655,
                      "Plan Width": 4,
                      "Actual Startup Time": 0.019,
                      "Actual Total Time": 63.118,
                      "Actual Rows": 652282,
                      "Actual Loops": 4
                    },
                    {
                      "Node Type": "Hash",
                      "Parent Relationship": "Inner",
                      "Parallel Aware": true,
                      "Startup Cost": 45479.1,
                      "Total Cost": 45479.1,
                      "Plan Rows": 119376,
                      "Plan Width": 4,
                      "Actual Startup Time": 138.678,
                      "Actual Total Time": 138.679,
                      "Actual Rows": 87636,
                      "Actual Loops": 4,
                      "Hash Buckets": 524288,
                      "Original Hash Buckets": 524288,
                      "Hash Batches": 1,
                      "Original Hash Batches": 1,
                      "Peak Memory Usage": 17856,
                      "Plans": [
                        {
                          "Node Type": "Seq Scan",
                          "Parent Relationship": "Outer",
                          "Parallel Aware": true,
                          "Relation Name": "title",
                          "Alias": "t",
                          "Startup Cost": 0.0,
                          "Total Cost": 45479.1,
                          "Plan Rows": 119376,
                          "Plan Width": 4,
                          "Actual Startup Time": 50.386,
                          "Actual Total Time": 108.44,
                          "Actual Rows": 87636,
                          "Actual Loops": 4,
                          "Filter": "((production_year > 1987) AND (kind_id = 1))",
                          "Rows Removed by Filter": 544442
                        }
                      ]
                    }
                  ]
                }
              ]
            }
          ]
        }
      ]
    },
    "Planning Time": 0.709,
    "Triggers": [],
    "Execution Time": 364.736
  }
]