{
  "Plan": {
    "Node Type": "Aggregate",
    "Strategy": "Plain",
    "Partial Mode": "Finalize",
    "Parallel Aware": false,
    "Startup Cost": 131989.26,
    "Total Cost": 131989.27,
    "Plan Rows": 1,
    "Plan Width": 8,
    "Actual Startup Time": 781.141,
    "Actual Total Time": 801.126,
    "Actual Rows": 1,
    "Actual Loops": 1,
    "Plans": [
      {
        "Node Type": "Gather",
        "Parent Relationship": "Outer",
        "Parallel Aware": false,
        "Startup Cost": 131989.15,
        "Total Cost": 131989.26,
        "Plan Rows": 1,
        "Plan Width": 8,
        "Actual Startup Time": 776.358,
        "Actual Total Time": 801.116,
        "Actual Rows": 2,
        "Actual Loops": 1,
        "Workers Planned": 1,
        "Workers Launched": 1,
        "Single Copy": false,
        "Plans": [
          {
            "Node Type": "Aggregate",
            "Strategy": "Plain",
            "Partial Mode": "Partial",
            "Parent Relationship": "Outer",
            "Parallel Aware": false,
            "Startup Cost": 130989.15,
            "Total Cost": 130989.16,
            "Plan Rows": 1,
            "Plan Width": 8,
            "Actual Startup Time": 770.173,
            "Actual Total Time": 770.177,
            "Actual Rows": 1,
            "Actual Loops": 2,
            "Plans": [
              {
                "Node Type": "Hash Join",
                "Parent Relationship": "Outer",
                "Parallel Aware": true,
                "Join Type": "Inner",
                "Startup Cost": 67956.79,
                "Total Cost": 129231.08,
                "Plan Rows": 703228,
                "Plan Width": 0,
                "Actual Startup Time": 398.697,
                "Actual Total Time": 763.374,
                "Actual Rows": 139532,
                "Actual Loops": 2,
                "Inner Unique": true,
                "Hash Cond": "(mk.movie_id = t.id)",
                "Plans": [
                  {
                    "Node Type": "Seq Scan",
                    "Parent Relationship": "Outer",
                    "Parallel Aware": true,
                    "Relation Name": "movie_keyword",
                    "Alias": "mk",
                    "Startup Cost": 0.0,
                    "Total Cost": 57718.19,
                    "Plan Rows": 1354699,
                    "Plan Width": 4,
                    "Actual Startup Time": 0.017,
                    "Actual Total Time": 214.21,
                    "Actual Rows": 1153964,
                    "Actual Loops": 2,
                    "Filter": "(keyword_id < 4959)",
                    "Rows Removed by Filter": 1108001
                  },
                  {
                    "Node Type": "Hash",
                    "Parent Relationship": "Inner",
                    "Parallel Aware": true,
                    "Startup Cost": 58306.47,
                    "Total Cost": 58306.47,
                    "Plan Rows": 772026,
                    "Plan Width": 4,
                    "Actual Startup Time": 385.3,
                    "Actual Total Time": 385.301,
                    "Actual Rows": 695762,
                    "Actual Loops": 2,
                    "Hash Buckets": 2097152,
                    "Original Hash Buckets": 2097152,
                    "Hash Batches": 1,
                    "Original Hash Batches": 1,
                    "Peak Memory Usage": 70848,
                    "Plans": [
                      {
                        "Node Type": "Seq Scan",
                        "Parent Relationship": "Outer",
                        "Parallel Aware": true,
                        "Relation Name": "title",
                        "Alias": "t",
                        "Startup Cost": 0.0,
                        "Total Cost": 58306.47,
                        "Plan Rows": 772026,
                        "Plan Width": 4,
                        "Actual Startup Time": 0.043,
                        "Actual Total Time": 190.851,
                        "Actual Rows": 695762,
                        "Actual Loops": 2,
                        "Filter": "((production_year > 1965) AND (kind_id = 7))",
                        "Rows Removed by Filter": 568394
                      }
                    ]
                  }
                ]
              }
            ]
          }
        ]
      }
    ]
  },
  "Planning Time": 0.573,
  "Triggers": [],
  "Execution Time": 801.181
}