{
    "Plan": {
        "Node Type": "Aggregate",
        "Strategy": "Plain",
        "Partial Mode": "Finalize",
        "Parallel Aware": false,
        "Startup Cost": 602851.82,
        "Total Cost": 602851.83,
        "Plan Rows": 1,
        "Plan Width": 8,
        "Actual Startup Time": 3365.041,
        "Actual Total Time": 3442.895,
        "Actual Rows": 1,
        "Actual Loops": 1,
        "Output": [
            "count(*)"
        ],
        "Plans": [
            {
                "Node Type": "Gather",
                "Parent Relationship": "Outer",
                "Parallel Aware": false,
                "Startup Cost": 602851.3,
                "Total Cost": 602851.81,
                "Plan Rows": 5,
                "Plan Width": 8,
                "Actual Startup Time": 3357.769,
                "Actual Total Time": 3442.881,
                "Actual Rows": 6,
                "Actual Loops": 1,
                "Output": [
                    "(PARTIAL count(*))"
                ],
                "Workers Planned": 5,
                "Workers Launched": 5,
                "Single Copy": false,
                "Plans": [
                    {
                        "Node Type": "Aggregate",
                        "Strategy": "Plain",
                        "Partial Mode": "Partial",
                        "Parent Relationship": "Outer",
                        "Parallel Aware": false,
                        "Startup Cost": 601851.3,
                        "Total Cost": 601851.31,
                        "Plan Rows": 1,
                        "Plan Width": 8,
                        "Actual Startup Time": 3344.131,
                        "Actual Total Time": 3344.208,
                        "Actual Rows": 1,
                        "Actual Loops": 6,
                        "Output": [
                            "PARTIAL count(*)"
                        ],
                        "Workers": [
                            {
                                "Worker Number": 0,
                                "Actual Startup Time": 3340.965,
                                "Actual Total Time": 3340.97,
                                "Actual Rows": 1,
                                "Actual Loops": 1
                            },
                            {
                                "Worker Number": 1,
                                "Actual Startup Time": 3341.138,
                                "Actual Total Time": 3341.143,
                                "Actual Rows": 1,
                                "Actual Loops": 1
                            },
                            {
                                "Worker Number": 2,
                                "Actual Startup Time": 3341.157,
                                "Actual Total Time": 3341.161,
                                "Actual Rows": 1,
                                "Actual Loops": 1
                            },
                            {
                                "Worker Number": 3,
                                "Actual Startup Time": 3341.274,
                                "Actual Total Time": 3341.279,
                                "Actual Rows": 1,
                                "Actual Loops": 1
                            },
                            {
                                "Worker Number": 4,
                                "Actual Startup Time": 3343.439,
                                "Actual Total Time": 3343.443,
                                "Actual Rows": 1,
                                "Actual Loops": 1
                            }
                        ],
                        "Plans": [
                            {
                                "Node Type": "Hash Join",
                                "Parent Relationship": "Outer",
                                "Parallel Aware": true,
                                "Join Type": "Inner",
                                "Startup Cost": 384969.33,
                                "Total Cost": 597299.54,
                                "Plan Rows": 1820704,
                                "Plan Width": 0,
                                "Actual Startup Time": 1446.86,
                                "Actual Total Time": 3113.51,
                                "Actual Rows": 5609108,
                                "Actual Loops": 6,
                                "Inner Unique": false,
                                "Hash Cond": "(mi.movie_id = t.id)",
                                "Workers": [
                                    {
                                        "Worker Number": 0,
                                        "Actual Startup Time": 1443.93,
                                        "Actual Total Time": 3114.64,
                                        "Actual Rows": 5966334,
                                        "Actual Loops": 1
                                    },
                                    {
                                        "Worker Number": 1,
                                        "Actual Startup Time": 1444.006,
                                        "Actual Total Time": 3117.632,
                                        "Actual Rows": 5393202,
                                        "Actual Loops": 1
                                    },
                                    {
                                        "Worker Number": 2,
                                        "Actual Startup Time": 1444.445,
                                        "Actual Total Time": 3096.152,
                                        "Actual Rows": 5281946,
                                        "Actual Loops": 1
                                    },
                                    {
                                        "Worker Number": 3,
                                        "Actual Startup Time": 1444.315,
                                        "Actual Total Time": 3116.382,
                                        "Actual Rows": 5424773,
                                        "Actual Loops": 1
                                    },
                                    {
                                        "Worker Number": 4,
                                        "Actual Startup Time": 1444.765,
                                        "Actual Total Time": 3121.895,
                                        "Actual Rows": 5354156,
                                        "Actual Loops": 1
                                    }
                                ],
                                "Plans": [
                                    {
                                        "Node Type": "Seq Scan",
                                        "Parent Relationship": "Outer",
                                        "Parallel Aware": true,
                                        "Relation Name": "movie_info",
                                        "Schema": "public",
                                        "Alias": "mi",
                                        "Startup Cost": 0.0,
                                        "Total Cost": 198880.74,
                                        "Plan Rows": 2777326,
                                        "Plan Width": 4,
                                        "Actual Startup Time": 0.038,
                                        "Actual Total Time": 366.391,
                                        "Actual Rows": 2327249,
                                        "Actual Loops": 6,
                                        "Output": [
                                            "mi.id",
                                            "mi.movie_id",
                                            "mi.info_type_id",
                                            "mi.info",
                                            "mi.note"
                                        ],
                                        "Filter": "(mi.info_type_id < 98)",
                                        "Rows Removed by Filter": 145371,
                                        "Workers": [
                                            {
                                                "Worker Number": 0,
                                                "Actual Startup Time": 0.041,
                                                "Actual Total Time": 365.142,
                                                "Actual Rows": 2488345,
                                                "Actual Loops": 1
                                            },
                                            {
                                                "Worker Number": 1,
                                                "Actual Startup Time": 0.038,
                                                "Actual Total Time": 376.168,
                                                "Actual Rows": 2188604,
                                                "Actual Loops": 1
                                            },
                                            {
                                                "Worker Number": 2,
                                                "Actual Startup Time": 0.044,
                                                "Actual Total Time": 394.486,
                                                "Actual Rows": 2130643,
                                                "Actual Loops": 1
                                            },
                                            {
                                                "Worker Number": 3,
                                                "Actual Startup Time": 0.047,
                                                "Actual Total Time": 367.079,
                                                "Actual Rows": 2185274,
                                                "Actual Loops": 1
                                            },
                                            {
                                                "Worker Number": 4,
                                                "Actual Startup Time": 0.043,
                                                "Actual Total Time": 379.107,
                                                "Actual Rows": 2229241,
                                                "Actual Loops": 1
                                            }
                                        ]
                                    },
                                    {
                                        "Node Type": "Hash",
                                        "Parent Relationship": "Inner",
                                        "Parallel Aware": true,
                                        "Startup Cost": 381516.28,
                                        "Total Cost": 381516.28,
                                        "Plan Rows": 276244,
                                        "Plan Width": 8,
                                        "Actual Startup Time": 1439.303,
                                        "Actual Total Time": 1439.378,
                                        "Actual Rows": 314496,
                                        "Actual Loops": 6,
                                        "Output": [
                                            "t.id",
                                            "ci.movie_id"
                                        ],
                                        "Hash Buckets": 2097152,
                                        "Original Hash Buckets": 2097152,
                                        "Hash Batches": 1,
                                        "Original Hash Batches": 1,
                                        "Peak Memory Usage": 90336,
                                        "Workers": [
                                            {
                                                "Worker Number": 0,
                                                "Actual Startup Time": 1441.177,
                                                "Actual Total Time": 1441.18,
                                                "Actual Rows": 342012,
                                                "Actual Loops": 1
                                            },
                                            {
                                                "Worker Number": 1,
                                                "Actual Startup Time": 1441.229,
                                                "Actual Total Time": 1441.232,
                                                "Actual Rows": 308032,
                                                "Actual Loops": 1
                                            },
                                            {
                                                "Worker Number": 2,
                                                "Actual Startup Time": 1441.164,
                                                "Actual Total Time": 1441.167,
                                                "Actual Rows": 235732,
                                                "Actual Loops": 1
                                            },
                                            {
                                                "Worker Number": 3,
                                                "Actual Startup Time": 1441.424,
                                                "Actual Total Time": 1441.427,
                                                "Actual Rows": 305225,
                                                "Actual Loops": 1
                                            },
                                            {
                                                "Worker Number": 4,
                                                "Actual Startup Time": 1441.747,
                                                "Actual Total Time": 1441.75,
                                                "Actual Rows": 310027,
                                                "Actual Loops": 1
                                            }
                                        ],
                                        "Plans": [
                                            {
                                                "Node Type": "Hash Join",
                                                "Parent Relationship": "Outer",
                                                "Parallel Aware": true,
                                                "Join Type": "Inner",
                                                "Startup Cost": 46297.03,
                                                "Total Cost": 381516.28,
                                                "Plan Rows": 276244,
                                                "Plan Width": 8,
                                                "Actual Startup Time": 478.965,
                                                "Actual Total Time": 1307.451,
                                                "Actual Rows": 314496,
                                                "Actual Loops": 6,
                                                "Output": [
                                                    "t.id",
                                                    "ci.movie_id"
                                                ],
                                                "Inner Unique": true,
                                                "Hash Cond": "(ci.movie_id = t.id)",
                                                "Workers": [
                                                    {
                                                        "Worker Number": 0,
                                                        "Actual Startup Time": 478.896,
                                                        "Actual Total Time": 1301.983,
                                                        "Actual Rows": 342012,
                                                        "Actual Loops": 1
                                                    },
                                                    {
                                                        "Worker Number": 1,
                                                        "Actual Startup Time": 478.876,
                                                        "Actual Total Time": 1309.207,
                                                        "Actual Rows": 308032,
                                                        "Actual Loops": 1
                                                    },
                                                    {
                                                        "Worker Number": 2,
                                                        "Actual Startup Time": 479.303,
                                                        "Actual Total Time": 1320.21,
                                                        "Actual Rows": 235732,
                                                        "Actual Loops": 1
                                                    },
                                                    {
                                                        "Worker Number": 3,
                                                        "Actual Startup Time": 478.844,
                                                        "Actual Total Time": 1307.293,
                                                        "Actual Rows": 305225,
                                                        "Actual Loops": 1
                                                    },
                                                    {
                                                        "Worker Number": 4,
                                                        "Actual Startup Time": 478.861,
                                                        "Actual Total Time": 1309.223,
                                                        "Actual Rows": 310027,
                                                        "Actual Loops": 1
                                                    }
                                                ],
                                                "Plans": [
                                                    {
                                                        "Node Type": "Seq Scan",
                                                        "Parent Relationship": "Outer",
                                                        "Parallel Aware": true,
                                                        "Relation Name": "cast_info",
                                                        "Schema": "public",
                                                        "Alias": "ci",
                                                        "Startup Cost": 0.0,
                                                        "Total Cost": 328213.62,
                                                        "Plan Rows": 2668808,
                                                        "Plan Width": 4,
                                                        "Actual Startup Time": 379.987,
                                                        "Actual Total Time": 761.044,
                                                        "Actual Rows": 2686947,
                                                        "Actual Loops": 6,
                                                        "Output": [
                                                            "ci.id",
                                                            "ci.person_id",
                                                            "ci.movie_id",
                                                            "ci.person_role_id",
                                                            "ci.note",
                                                            "ci.nr_order",
                                                            "ci.role_id"
                                                        ],
                                                        "Filter": "(ci.role_id > 2)",
                                                        "Rows Removed by Filter": 3353777,
                                                        "Workers": [
                                                            {
                                                                "Worker Number": 0,
                                                                "Actual Startup Time": 379.969,
                                                                "Actual Total Time": 757.407,
                                                                "Actual Rows": 2937596,
                                                                "Actual Loops": 1
                                                            },
                                                            {
                                                                "Worker Number": 1,
                                                                "Actual Startup Time": 379.993,
                                                                "Actual Total Time": 767.206,
                                                                "Actual Rows": 2611062,
                                                                "Actual Loops": 1
                                                            },
                                                            {
                                                                "Worker Number": 2,
                                                                "Actual Startup Time": 380.016,
                                                                "Actual Total Time": 774.921,
                                                                "Actual Rows": 2019168,
                                                                "Actual Loops": 1
                                                            },
                                                            {
                                                                "Worker Number": 3,
                                                                "Actual Startup Time": 379.962,
                                                                "Actual Total Time": 765.388,
                                                                "Actual Rows": 2604481,
                                                                "Actual Loops": 1
                                                            },
                                                            {
                                                                "Worker Number": 4,
                                                                "Actual Startup Time": 379.998,
                                                                "Actual Total Time": 769.698,
                                                                "Actual Rows": 2641244,
                                                                "Actual Loops": 1
                                                            }
                                                        ]
                                                    },
                                                    {
                                                        "Node Type": "Hash",
                                                        "Parent Relationship": "Inner",
                                                        "Parallel Aware": true,
                                                        "Startup Cost": 45479.21,
                                                        "Total Cost": 45479.21,
                                                        "Plan Rows": 65426,
                                                        "Plan Width": 4,
                                                        "Actual Startup Time": 98.499,
                                                        "Actual Total Time": 98.5,
                                                        "Actual Rows": 37974,
                                                        "Actual Loops": 6,
                                                        "Output": [
                                                            "t.id"
                                                        ],
                                                        "Hash Buckets": 262144,
                                                        "Original Hash Buckets": 262144,
                                                        "Hash Batches": 1,
                                                        "Original Hash Batches": 1,
                                                        "Peak Memory Usage": 11040,
                                                        "Workers": [
                                                            {
                                                                "Worker Number": 0,
                                                                "Actual Startup Time": 98.797,
                                                                "Actual Total Time": 98.798,
                                                                "Actual Rows": 40660,
                                                                "Actual Loops": 1
                                                            },
                                                            {
                                                                "Worker Number": 1,
                                                                "Actual Startup Time": 98.795,
                                                                "Actual Total Time": 98.797,
                                                                "Actual Rows": 35110,
                                                                "Actual Loops": 1
                                                            },
                                                            {
                                                                "Worker Number": 2,
                                                                "Actual Startup Time": 98.723,
                                                                "Actual Total Time": 98.724,
                                                                "Actual Rows": 27840,
                                                                "Actual Loops": 1
                                                            },
                                                            {
                                                                "Worker Number": 3,
                                                                "Actual Startup Time": 98.751,
                                                                "Actual Total Time": 98.752,
                                                                "Actual Rows": 33807,
                                                                "Actual Loops": 1
                                                            },
                                                            {
                                                                "Worker Number": 4,
                                                                "Actual Startup Time": 98.781,
                                                                "Actual Total Time": 98.782,
                                                                "Actual Rows": 35026,
                                                                "Actual Loops": 1
                                                            }
                                                        ],
                                                        "Plans": [
                                                            {
                                                                "Node Type": "Seq Scan",
                                                                "Parent Relationship": "Outer",
                                                                "Parallel Aware": true,
                                                                "Relation Name": "title",
                                                                "Schema": "public",
                                                                "Alias": "t",
                                                                "Startup Cost": 0.0,
                                                                "Total Cost": 45479.21,
                                                                "Plan Rows": 65426,
                                                                "Plan Width": 4,
                                                                "Actual Startup Time": 0.114,
                                                                "Actual Total Time": 81.559,
                                                                "Actual Rows": 37974,
                                                                "Actual Loops": 6,
                                                                "Output": [
                                                                    "t.id"
                                                                ],
                                                                "Filter": "((t.kind_id < 7) AND (t.production_year > 2008))",
                                                                "Rows Removed by Filter": 383411,
                                                                "Workers": [
                                                                    {
                                                                        "Worker Number": 0,
                                                                        "Actual Startup Time": 0.084,
                                                                        "Actual Total Time": 82.556,
                                                                        "Actual Rows": 40660,
                                                                        "Actual Loops": 1
                                                                    },
                                                                    {
                                                                        "Worker Number": 1,
                                                                        "Actual Startup Time": 0.076,
                                                                        "Actual Total Time": 82.06,
                                                                        "Actual Rows": 35110,
                                                                        "Actual Loops": 1
                                                                    },
                                                                    {
                                                                        "Worker Number": 2,
                                                                        "Actual Startup Time": 0.071,
                                                                        "Actual Total Time": 82.07,
                                                                        "Actual Rows": 27840,
                                                                        "Actual Loops": 1
                                                                    },
                                                                    {
                                                                        "Worker Number": 3,
                                                                        "Actual Startup Time": 0.209,
                                                                        "Actual Total Time": 81.128,
                                                                        "Actual Rows": 33807,
                                                                        "Actual Loops": 1
                                                                    },
                                                                    {
                                                                        "Worker Number": 4,
                                                                        "Actual Startup Time": 0.209,
                                                                        "Actual Total Time": 81.688,
                                                                        "Actual Rows": 35026,
                                                                        "Actual Loops": 1
                                                                    }
                                                                ]
                                                            }
                                                        ]
                                                    }
                                                ]
                                            }
                                        ]
                                    }
                                ]
                            }
                        ]
                    }
                ]
            }
        ]
    },
    "Planning Time": 1.521,
    "Triggers": [],
    "Execution Time": 3443.034
}