[
  {
    "Plan": {
      "Node Type": "Aggregate",
      "Strategy": "Plain",
      "Partial Mode": "Finalize",
      "Parallel Aware": false,
      "Startup Cost": 64485.78,
      "Total Cost": 64485.79,
      "Plan Rows": 1,
      "Plan Width": 8,
      "Actual Startup Time": 106.92,
      "Actual Total Time": 123.016,
      "Actual Rows": 1,
      "Actual Loops": 1,
      "Plans": [
        {
          "Node Type": "Gather",
          "Parent Relationship": "Outer",
          "Parallel Aware": false,
          "Startup Cost": 64485.36,
          "Total Cost": 64485.77,
          "Plan Rows": 4,
          "Plan Width": 8,
          "Actual Startup Time": 106.747,
          "Actual Total Time": 123.004,
          "Actual Rows": 5,
          "Actual Loops": 1,
          "Workers Planned": 4,
          "Workers Launched": 4,
          "Single Copy": false,
          "Plans": [
            {
              "Node Type": "Aggregate",
              "Strategy": "Plain",
              "Partial Mode": "Partial",
              "Parent Relationship": "Outer",
              "Parallel Aware": false,
              "Startup Cost": 63485.36,
              "Total Cost": 63485.37,
              "Plan Rows": 1,
              "Plan Width": 8,
              "Actual Startup Time": 99.805,
              "Actual Total Time": 99.806,
              "Actual Rows": 1,
              "Actual Loops": 5,
              "Plans": [
                {
                  "Node Type": "Nested Loop",
                  "Parent Relationship": "Outer",
                  "Parallel Aware": false,
                  "Join Type": "Inner",
                  "Startup Cost": 0.43,
                  "Total Cost": 63483.71,
                  "Plan Rows": 660,
                  "Plan Width": 0,
                  "Actual Startup Time": 57.838,
                  "Actual Total Time": 99.697,
                  "Actual Rows": 1205,
                  "Actual Loops": 5,
                  "Inner Unique": false,
                  "Plans": [
                    {
                      "Node Type": "Seq Scan",
                      "Parent Relationship": "Outer",
                      "Parallel Aware": true,
                      "Relation Name": "title",
                      "Alias": "t",
                      "Startup Cost": 0.0,
                      "Total Cost": 45479.59,
                      "Plan Rows": 1309,
                      "Plan Width": 4,
                      "Actual Startup Time": 57.635,
                      "Actual Total Time": 87.24,
                      "Actual Rows": 988,
                      "Actual Loops": 5,
                      "Filter": "((kind_id = 1) AND (production_year = 1989))",
                      "Rows Removed by Filter": 504675
                    },
                    {
                      "Node Type": "Index Scan",
                      "Parent Relationship": "Inner",
                      "Parallel Aware": false,
                      "Scan Direction": "Forward",
                      "Index Name": "movie_id_movie_companies",
                      "Relation Name": "movie_companies",
                      "Alias": "mc",
                      "Startup Cost": 0.43,
                      "Total Cost": 13.72,
                      "Plan Rows": 3,
                      "Plan Width": 4,
                      "Actual Startup Time": 0.01,
                      "Actual Total Time": 0.012,
                      "Actual Rows": 1,
                      "Actual Loops": 4939,
                      "Index Cond": "(movie_id = t.id)",
                      "Rows Removed by Index Recheck": 0,
                      "Filter": "(company_type_id < 2)",
                      "Rows Removed by Filter": 1
                    }
                  ]
                }
              ]
            }
          ]
        }
      ]
    },
    "Planning Time": 0.353,
    "Triggers": [],
    "Execution Time": 123.08
  }
]