[
    {
        "Bao": {
            "Bao prediction": "NaN",
            "Bao recommended hint": "(no hint)"
        }
    },
    {
        "Plan": {
            "Node Type": "Aggregate",
            "Strategy": "Plain",
            "Partial Mode": "Finalize",
            "Parallel Aware": false,
            "Startup Cost": 617082.11,
            "Total Cost": 617082.12,
            "Plan Rows": 1,
            "Plan Width": 8,
            "Actual Startup Time": 2753.242,
            "Actual Total Time": 2797.449,
            "Actual Rows": 1,
            "Actual Loops": 1,
            "Output": [
                "count(*)"
            ],
            "Plans": [
                {
                    "Node Type": "Gather",
                    "Parent Relationship": "Outer",
                    "Parallel Aware": false,
                    "Startup Cost": 617081.48,
                    "Total Cost": 617082.09,
                    "Plan Rows": 6,
                    "Plan Width": 8,
                    "Actual Startup Time": 2737.577,
                    "Actual Total Time": 2797.427,
                    "Actual Rows": 7,
                    "Actual Loops": 1,
                    "Output": [
                        "(PARTIAL count(*))"
                    ],
                    "Workers Planned": 6,
                    "Workers Launched": 6,
                    "Single Copy": false,
                    "Plans": [
                        {
                            "Node Type": "Aggregate",
                            "Strategy": "Plain",
                            "Partial Mode": "Partial",
                            "Parent Relationship": "Outer",
                            "Parallel Aware": false,
                            "Startup Cost": 616081.48,
                            "Total Cost": 616081.49,
                            "Plan Rows": 1,
                            "Plan Width": 8,
                            "Actual Startup Time": 2722.839,
                            "Actual Total Time": 2723.158,
                            "Actual Rows": 1,
                            "Actual Loops": 7,
                            "Output": [
                                "PARTIAL count(*)"
                            ],
                            "Workers": [
                                {
                                    "Worker Number": 0,
                                    "Actual Startup Time": 2719.183,
                                    "Actual Total Time": 2719.188,
                                    "Actual Rows": 1,
                                    "Actual Loops": 1
                                },
                                {
                                    "Worker Number": 1,
                                    "Actual Startup Time": 2720.571,
                                    "Actual Total Time": 2720.576,
                                    "Actual Rows": 1,
                                    "Actual Loops": 1
                                },
                                {
                                    "Worker Number": 2,
                                    "Actual Startup Time": 2720.657,
                                    "Actual Total Time": 2720.662,
                                    "Actual Rows": 1,
                                    "Actual Loops": 1
                                },
                                {
                                    "Worker Number": 3,
                                    "Actual Startup Time": 2720.863,
                                    "Actual Total Time": 2720.868,
                                    "Actual Rows": 1,
                                    "Actual Loops": 1
                                },
                                {
                                    "Worker Number": 4,
                                    "Actual Startup Time": 2721.169,
                                    "Actual Total Time": 2721.174,
                                    "Actual Rows": 1,
                                    "Actual Loops": 1
                                },
                                {
                                    "Worker Number": 5,
                                    "Actual Startup Time": 2720.72,
                                    "Actual Total Time": 2720.726,
                                    "Actual Rows": 1,
                                    "Actual Loops": 1
                                }
                            ],
                            "Plans": [
                                {
                                    "Node Type": "Hash Join",
                                    "Parent Relationship": "Outer",
                                    "Parallel Aware": true,
                                    "Join Type": "Inner",
                                    "Startup Cost": 259897.89,
                                    "Total Cost": 606217.17,
                                    "Plan Rows": 3945724,
                                    "Plan Width": 0,
                                    "Actual Startup Time": 1116.759,
                                    "Actual Total Time": 2546.843,
                                    "Actual Rows": 3522067,
                                    "Actual Loops": 7,
                                    "Inner Unique": false,
                                    "Hash Cond": "(ci.movie_id = t.id)",
                                    "Workers": [
                                        {
                                            "Worker Number": 0,
                                            "Actual Startup Time": 1113.362,
                                            "Actual Total Time": 2543.888,
                                            "Actual Rows": 3330777,
                                            "Actual Loops": 1
                                        },
                                        {
                                            "Worker Number": 1,
                                            "Actual Startup Time": 1114.794,
                                            "Actual Total Time": 2536.729,
                                            "Actual Rows": 3446217,
                                            "Actual Loops": 1
                                        },
                                        {
                                            "Worker Number": 2,
                                            "Actual Startup Time": 1114.866,
                                            "Actual Total Time": 2554.184,
                                            "Actual Rows": 3794332,
                                            "Actual Loops": 1
                                        },
                                        {
                                            "Worker Number": 3,
                                            "Actual Startup Time": 1115.08,
                                            "Actual Total Time": 2551.158,
                                            "Actual Rows": 3939232,
                                            "Actual Loops": 1
                                        },
                                        {
                                            "Worker Number": 4,
                                            "Actual Startup Time": 1113.366,
                                            "Actual Total Time": 2541.028,
                                            "Actual Rows": 3184083,
                                            "Actual Loops": 1
                                        },
                                        {
                                            "Worker Number": 5,
                                            "Actual Startup Time": 1114.932,
                                            "Actual Total Time": 2530.626,
                                            "Actual Rows": 2734050,
                                            "Actual Loops": 1
                                        }
                                    ],
                                    "Plans": [
                                        {
                                            "Node Type": "Seq Scan",
                                            "Parent Relationship": "Outer",
                                            "Parallel Aware": true,
                                            "Relation Name": "cast_info",
                                            "Schema": "public",
                                            "Alias": "ci",
                                            "Startup Cost": 0.0,
                                            "Total Cost": 328213.62,
                                            "Plan Rows": 2723792,
                                            "Plan Width": 4,
                                            "Actual Startup Time": 206.095,
                                            "Actual Total Time": 570.033,
                                            "Actual Rows": 2345228,
                                            "Actual Loops": 7,
                                            "Output": [
                                                "ci.id",
                                                "ci.person_id",
                                                "ci.movie_id",
                                                "ci.person_role_id",
                                                "ci.note",
                                                "ci.nr_order",
                                                "ci.role_id"
                                            ],
                                            "Filter": "(ci.person_id > 1989825)",
                                            "Rows Removed by Filter": 2832535,
                                            "Workers": [
                                                {
                                                    "Worker Number": 0,
                                                    "Actual Startup Time": 206.092,
                                                    "Actual Total Time": 568.091,
                                                    "Actual Rows": 2193585,
                                                    "Actual Loops": 1
                                                },
                                                {
                                                    "Worker Number": 1,
                                                    "Actual Startup Time": 206.112,
                                                    "Actual Total Time": 593.725,
                                                    "Actual Rows": 2249168,
                                                    "Actual Loops": 1
                                                },
                                                {
                                                    "Worker Number": 2,
                                                    "Actual Startup Time": 206.091,
                                                    "Actual Total Time": 554.246,
                                                    "Actual Rows": 2544713,
                                                    "Actual Loops": 1
                                                },
                                                {
                                                    "Worker Number": 3,
                                                    "Actual Startup Time": 206.116,
                                                    "Actual Total Time": 576.132,
                                                    "Actual Rows": 2616821,
                                                    "Actual Loops": 1
                                                },
                                                {
                                                    "Worker Number": 4,
                                                    "Actual Startup Time": 206.038,
                                                    "Actual Total Time": 574.729,
                                                    "Actual Rows": 2084762,
                                                    "Actual Loops": 1
                                                },
                                                {
                                                    "Worker Number": 5,
                                                    "Actual Startup Time": 206.117,
                                                    "Actual Total Time": 591.597,
                                                    "Actual Rows": 1852723,
                                                    "Actual Loops": 1
                                                }
                                            ]
                                        },
                                        {
                                            "Node Type": "Hash",
                                            "Parent Relationship": "Inner",
                                            "Parallel Aware": true,
                                            "Startup Cost": 250741.47,
                                            "Total Cost": 250741.47,
                                            "Plan Rows": 732513,
                                            "Plan Width": 8,
                                            "Actual Startup Time": 905.633,
                                            "Actual Total Time": 905.95,
                                            "Actual Rows": 326858,
                                            "Actual Loops": 7,
                                            "Output": [
                                                "t.id",
                                                "mi.movie_id"
                                            ],
                                            "Hash Buckets": 4194304,
                                            "Original Hash Buckets": 4194304,
                                            "Hash Batches": 1,
                                            "Original Hash Batches": 1,
                                            "Peak Memory Usage": 122400,
                                            "Workers": [
                                                {
                                                    "Worker Number": 0,
                                                    "Actual Startup Time": 906.051,
                                                    "Actual Total Time": 906.055,
                                                    "Actual Rows": 274128,
                                                    "Actual Loops": 1
                                                },
                                                {
                                                    "Worker Number": 1,
                                                    "Actual Startup Time": 907.818,
                                                    "Actual Total Time": 907.822,
                                                    "Actual Rows": 281326,
                                                    "Actual Loops": 1
                                                },
                                                {
                                                    "Worker Number": 2,
                                                    "Actual Startup Time": 907.961,
                                                    "Actual Total Time": 907.964,
                                                    "Actual Rows": 374188,
                                                    "Actual Loops": 1
                                                },
                                                {
                                                    "Worker Number": 3,
                                                    "Actual Startup Time": 908.088,
                                                    "Actual Total Time": 908.092,
                                                    "Actual Rows": 384684,
                                                    "Actual Loops": 1
                                                },
                                                {
                                                    "Worker Number": 4,
                                                    "Actual Startup Time": 905.944,
                                                    "Actual Total Time": 905.947,
                                                    "Actual Rows": 274379,
                                                    "Actual Loops": 1
                                                },
                                                {
                                                    "Worker Number": 5,
                                                    "Actual Startup Time": 908.016,
                                                    "Actual Total Time": 908.02,
                                                    "Actual Rows": 273595,
                                                    "Actual Loops": 1
                                                }
                                            ],
                                            "Plans": [
                                                {
                                                    "Node Type": "Hash Join",
                                                    "Parent Relationship": "Outer",
                                                    "Parallel Aware": true,
                                                    "Join Type": "Inner",
                                                    "Startup Cost": 48689.12,
                                                    "Total Cost": 250741.47,
                                                    "Plan Rows": 732513,
                                                    "Plan Width": 8,
                                                    "Actual Startup Time": 211.91,
                                                    "Actual Total Time": 760.518,
                                                    "Actual Rows": 326858,
                                                    "Actual Loops": 7,
                                                    "Output": [
                                                        "t.id",
                                                        "mi.movie_id"
                                                    ],
                                                    "Inner Unique": true,
                                                    "Hash Cond": "(mi.movie_id = t.id)",
                                                    "Workers": [
                                                        {
                                                            "Worker Number": 0,
                                                            "Actual Startup Time": 211.895,
                                                            "Actual Total Time": 760.495,
                                                            "Actual Rows": 274128,
                                                            "Actual Loops": 1
                                                        },
                                                        {
                                                            "Worker Number": 1,
                                                            "Actual Startup Time": 211.892,
                                                            "Actual Total Time": 761.912,
                                                            "Actual Rows": 281326,
                                                            "Actual Loops": 1
                                                        },
                                                        {
                                                            "Worker Number": 2,
                                                            "Actual Startup Time": 211.902,
                                                            "Actual Total Time": 758.792,
                                                            "Actual Rows": 374188,
                                                            "Actual Loops": 1
                                                        },
                                                        {
                                                            "Worker Number": 3,
                                                            "Actual Startup Time": 211.876,
                                                            "Actual Total Time": 760.163,
                                                            "Actual Rows": 384684,
                                                            "Actual Loops": 1
                                                        },
                                                        {
                                                            "Worker Number": 4,
                                                            "Actual Startup Time": 211.888,
                                                            "Actual Total Time": 762.282,
                                                            "Actual Rows": 274379,
                                                            "Actual Loops": 1
                                                        },
                                                        {
                                                            "Worker Number": 5,
                                                            "Actual Startup Time": 211.911,
                                                            "Actual Total Time": 760.823,
                                                            "Actual Rows": 273595,
                                                            "Actual Loops": 1
                                                        }
                                                    ],
                                                    "Plans": [
                                                        {
                                                            "Node Type": "Seq Scan",
                                                            "Parent Relationship": "Outer",
                                                            "Parallel Aware": true,
                                                            "Relation Name": "movie_info",
                                                            "Schema": "public",
                                                            "Alias": "mi",
                                                            "Startup Cost": 0.0,
                                                            "Total Cost": 198880.74,
                                                            "Plan Rows": 1208235,
                                                            "Plan Width": 4,
                                                            "Actual Startup Time": 15.323,
                                                            "Actual Total Time": 314.295,
                                                            "Actual Rows": 869061,
                                                            "Actual Loops": 7,
                                                            "Output": [
                                                                "mi.id",
                                                                "mi.movie_id",
                                                                "mi.info_type_id",
                                                                "mi.info",
                                                                "mi.note"
                                                            ],
                                                            "Filter": "(mi.info_type_id > 9)",
                                                            "Rows Removed by Filter": 1250327,
                                                            "Workers": [
                                                                {
                                                                    "Worker Number": 0,
                                                                    "Actual Startup Time": 15.312,
                                                                    "Actual Total Time": 323.11,
                                                                    "Actual Rows": 706083,
                                                                    "Actual Loops": 1
                                                                },
                                                                {
                                                                    "Worker Number": 1,
                                                                    "Actual Startup Time": 15.278,
                                                                    "Actual Total Time": 330.313,
                                                                    "Actual Rows": 720850,
                                                                    "Actual Loops": 1
                                                                },
                                                                {
                                                                    "Worker Number": 2,
                                                                    "Actual Startup Time": 15.374,
                                                                    "Actual Total Time": 305.66,
                                                                    "Actual Rows": 994668,
                                                                    "Actual Loops": 1
                                                                },
                                                                {
                                                                    "Worker Number": 3,
                                                                    "Actual Startup Time": 15.404,
                                                                    "Actual Total Time": 313.731,
                                                                    "Actual Rows": 1013727,
                                                                    "Actual Loops": 1
                                                                },
                                                                {
                                                                    "Worker Number": 4,
                                                                    "Actual Startup Time": 15.297,
                                                                    "Actual Total Time": 323.273,
                                                                    "Actual Rows": 707781,
                                                                    "Actual Loops": 1
                                                                },
                                                                {
                                                                    "Worker Number": 5,
                                                                    "Actual Startup Time": 15.288,
                                                                    "Actual Total Time": 323.823,
                                                                    "Actual Rows": 708904,
                                                                    "Actual Loops": 1
                                                                }
                                                            ]
                                                        },
                                                        {
                                                            "Node Type": "Hash",
                                                            "Parent Relationship": "Inner",
                                                            "Parallel Aware": true,
                                                            "Startup Cost": 43899.01,
                                                            "Total Cost": 43899.01,
                                                            "Plan Rows": 383209,
                                                            "Plan Width": 4,
                                                            "Actual Startup Time": 194.747,
                                                            "Actual Total Time": 194.748,
                                                            "Actual Rows": 220466,
                                                            "Actual Loops": 7,
                                                            "Output": [
                                                                "t.id"
                                                            ],
                                                            "Hash Buckets": 2097152,
                                                            "Original Hash Buckets": 2097152,
                                                            "Hash Batches": 1,
                                                            "Original Hash Batches": 1,
                                                            "Peak Memory Usage": 76864,
                                                            "Workers": [
                                                                {
                                                                    "Worker Number": 0,
                                                                    "Actual Startup Time": 196.272,
                                                                    "Actual Total Time": 196.273,
                                                                    "Actual Rows": 148460,
                                                                    "Actual Loops": 1
                                                                },
                                                                {
                                                                    "Worker Number": 1,
                                                                    "Actual Startup Time": 196.313,
                                                                    "Actual Total Time": 196.315,
                                                                    "Actual Rows": 197373,
                                                                    "Actual Loops": 1
                                                                },
                                                                {
                                                                    "Worker Number": 2,
                                                                    "Actual Startup Time": 196.411,
                                                                    "Actual Total Time": 196.412,
                                                                    "Actual Rows": 252582,
                                                                    "Actual Loops": 1
                                                                },
                                                                {
                                                                    "Worker Number": 3,
                                                                    "Actual Startup Time": 196.375,
                                                                    "Actual Total Time": 196.376,
                                                                    "Actual Rows": 257885,
                                                                    "Actual Loops": 1
                                                                },
                                                                {
                                                                    "Worker Number": 4,
                                                                    "Actual Startup Time": 196.275,
                                                                    "Actual Total Time": 196.277,
                                                                    "Actual Rows": 122536,
                                                                    "Actual Loops": 1
                                                                },
                                                                {
                                                                    "Worker Number": 5,
                                                                    "Actual Startup Time": 196.241,
                                                                    "Actual Total Time": 196.243,
                                                                    "Actual Rows": 193008,
                                                                    "Actual Loops": 1
                                                                }
                                                            ],
                                                            "Plans": [
                                                                {
                                                                    "Node Type": "Seq Scan",
                                                                    "Parent Relationship": "Outer",
                                                                    "Parallel Aware": true,
                                                                    "Relation Name": "title",
                                                                    "Schema": "public",
                                                                    "Alias": "t",
                                                                    "Startup Cost": 0.0,
                                                                    "Total Cost": 43899.01,
                                                                    "Plan Rows": 383209,
                                                                    "Plan Width": 4,
                                                                    "Actual Startup Time": 0.053,
                                                                    "Actual Total Time": 82.245,
                                                                    "Actual Rows": 220466,
                                                                    "Actual Loops": 7,
                                                                    "Output": [
                                                                        "t.id"
                                                                    ],
                                                                    "Filter": "(t.kind_id = 7)",
                                                                    "Rows Removed by Filter": 140721,
                                                                    "Workers": [
                                                                        {
                                                                            "Worker Number": 0,
                                                                            "Actual Startup Time": 0.039,
                                                                            "Actual Total Time": 87.706,
                                                                            "Actual Rows": 148460,
                                                                            "Actual Loops": 1
                                                                        },
                                                                        {
                                                                            "Worker Number": 1,
                                                                            "Actual Startup Time": 0.052,
                                                                            "Actual Total Time": 85.05,
                                                                            "Actual Rows": 197373,
                                                                            "Actual Loops": 1
                                                                        },
                                                                        {
                                                                            "Worker Number": 2,
                                                                            "Actual Startup Time": 0.049,
                                                                            "Actual Total Time": 79.546,
                                                                            "Actual Rows": 252582,
                                                                            "Actual Loops": 1
                                                                        },
                                                                        {
                                                                            "Worker Number": 3,
                                                                            "Actual Startup Time": 0.072,
                                                                            "Actual Total Time": 80.481,
                                                                            "Actual Rows": 257885,
                                                                            "Actual Loops": 1
                                                                        },
                                                                        {
                                                                            "Worker Number": 4,
                                                                            "Actual Startup Time": 0.066,
                                                                            "Actual Total Time": 88.474,
                                                                            "Actual Rows": 122536,
                                                                            "Actual Loops": 1
                                                                        },
                                                                        {
                                                                            "Worker Number": 5,
                                                                            "Actual Startup Time": 0.08,
                                                                            "Actual Total Time": 84.307,
                                                                            "Actual Rows": 193008,
                                                                            "Actual Loops": 1
                                                                        }
                                                                    ]
                                                                }
                                                            ]
                                                        }
                                                    ]
                                                }
                                            ]
                                        }
                                    ]
                                }
                            ]
                        }
                    ]
                }
            ]
        },
        "Planning Time": 180.584,
        "Triggers": [],
        "Execution Time": 2797.555
    }
]