[
  {
    "Plan": {
      "Node Type": "Aggregate",
      "Strategy": "Plain",
      "Partial Mode": "Finalize",
      "Parallel Aware": false,
      "Startup Cost": 23733.81,
      "Total Cost": 23733.82,
      "Plan Rows": 1,
      "Plan Width": 8,
      "Actual Startup Time": 16.471,
      "Actual Total Time": 20.595,
      "Actual Rows": 1,
      "Actual Loops": 1,
      "Plans": [
        {
          "Node Type": "Gather",
          "Parent Relationship": "Outer",
          "Parallel Aware": false,
          "Startup Cost": 23733.59,
          "Total Cost": 23733.8,
          "Plan Rows": 2,
          "Plan Width": 8,
          "Actual Startup Time": 16.38,
          "Actual Total Time": 20.589,
          "Actual Rows": 3,
          "Actual Loops": 1,
          "Workers Planned": 2,
          "Workers Launched": 2,
          "Single Copy": false,
          "Plans": [
            {
              "Node Type": "Aggregate",
              "Strategy": "Plain",
              "Partial Mode": "Partial",
              "Parent Relationship": "Outer",
              "Parallel Aware": false,
              "Startup Cost": 22733.59,
              "Total Cost": 22733.6,
              "Plan Rows": 1,
              "Plan Width": 8,
              "Actual Startup Time": 13.314,
              "Actual Total Time": 13.315,
              "Actual Rows": 1,
              "Actual Loops": 3,
              "Plans": [
                {
                  "Node Type": "Nested Loop",
                  "Parent Relationship": "Outer",
                  "Parallel Aware": false,
                  "Join Type": "Inner",
                  "Startup Cost": 87.25,
                  "Total Cost": 22729.51,
                  "Plan Rows": 1634,
                  "Plan Width": 0,
                  "Actual Startup Time": 0.662,
                  "Actual Total Time": 13.202,
                  "Actual Rows": 947,
                  "Actual Loops": 3,
                  "Inner Unique": true,
                  "Plans": [
                    {
                      "Node Type": "Bitmap Heap Scan",
                      "Parent Relationship": "Outer",
                      "Parallel Aware": true,
                      "Relation Name": "movie_keyword",
                      "Alias": "mk",
                      "Startup Cost": 86.82,
                      "Total Cost": 10431.52,
                      "Plan Rows": 1634,
                      "Plan Width": 4,
                      "Actual Startup Time": 0.563,
                      "Actual Total Time": 4.363,
                      "Actual Rows": 947,
                      "Actual Loops": 3,
                      "Recheck Cond": "(keyword_id = 569)",
                      "Rows Removed by Index Recheck": 0,
                      "Exact Heap Blocks": 1557,
                      "Lossy Heap Blocks": 0,
                      "Plans": [
                        {
                          "Node Type": "Bitmap Index Scan",
                          "Parent Relationship": "Outer",
                          "Parallel Aware": false,
                          "Index Name": "keyword_id_movie_keyword",
                          "Startup Cost": 0.0,
                          "Total Cost": 85.84,
                          "Plan Rows": 3921,
                          "Plan Width": 0,
                          "Actual Startup Time": 1.062,
                          "Actual Total Time": 1.063,
                          "Actual Rows": 2840,
                          "Actual Loops": 1,
                          "Index Cond": "(keyword_id = 569)"
                        }
                      ]
                    },
                    {
                      "Node Type": "Index Only Scan",
                      "Parent Relationship": "Inner",
                      "Parallel Aware": false,
                      "Scan Direction": "Forward",
                      "Index Name": "title_pkey",
                      "Relation Name": "title",
                      "Alias": "t",
                      "Startup Cost": 0.43,
                      "Total Cost": 7.53,
                      "Plan Rows": 1,
                      "Plan Width": 4,
                      "Actual Startup Time": 0.009,
                      "Actual Total Time": 0.009,
                      "Actual Rows": 1,
                      "Actual Loops": 2840,
                      "Index Cond": "(id = mk.movie_id)",
                      "Rows Removed by Index Recheck": 0,
                      "Heap Fetches": 2840
                    }
                  ]
                }
              ]
            }
          ]
        }
      ]
    },
    "Planning Time": 0.579,
    "Triggers": [],
    "Execution Time": 20.639
  }
]