[
  {
    "Plan": {
      "Node Type": "Aggregate",
      "Strategy": "Plain",
      "Partial Mode": "Finalize",
      "Parallel Aware": false,
      "Startup Cost": 336489.53,
      "Total Cost": 336489.54,
      "Plan Rows": 1,
      "Plan Width": 8,
      "Actual Startup Time": 682.213,
      "Actual Total Time": 739.282,
      "Actual Rows": 1,
      "Actual Loops": 1,
      "Plans": [
        {
          "Node Type": "Gather",
          "Parent Relationship": "Outer",
          "Parallel Aware": false,
          "Startup Cost": 336488.91,
          "Total Cost": 336489.52,
          "Plan Rows": 6,
          "Plan Width": 8,
          "Actual Startup Time": 682.084,
          "Actual Total Time": 739.271,
          "Actual Rows": 7,
          "Actual Loops": 1,
          "Workers Planned": 6,
          "Workers Launched": 6,
          "Single Copy": false,
          "Plans": [
            {
              "Node Type": "Aggregate",
              "Strategy": "Plain",
              "Partial Mode": "Partial",
              "Parent Relationship": "Outer",
              "Parallel Aware": false,
              "Startup Cost": 335488.91,
              "Total Cost": 335488.92,
              "Plan Rows": 1,
              "Plan Width": 8,
              "Actual Startup Time": 673.387,
              "Actual Total Time": 673.388,
              "Actual Rows": 1,
              "Actual Loops": 7,
              "Plans": [
                {
                  "Node Type": "Seq Scan",
                  "Parent Relationship": "Outer",
                  "Parallel Aware": true,
                  "Relation Name": "cast_info",
                  "Alias": "ci",
                  "Startup Cost": 0.0,
                  "Total Cost": 328162.03,
                  "Plan Rows": 2930753,
                  "Plan Width": 0,
                  "Actual Startup Time": 199.09,
                  "Actual Total Time": 574.078,
                  "Actual Rows": 2509094,
                  "Actual Loops": 7,
                  "Filter": "(person_id > 1860628)",
                  "Rows Removed by Filter": 2668669
                }
              ]
            }
          ]
        }
      ]
    },
    "Planning Time": 0.213,
    "Triggers": [],
    "Execution Time": 739.36
  }
]