{
  "Plan": {
    "Node Type": "Aggregate",
    "Strategy": "Plain",
    "Partial Mode": "Finalize",
    "Parallel Aware": false,
    "Startup Cost": 64478.62,
    "Total Cost": 64478.63,
    "Plan Rows": 1,
    "Plan Width": 8,
    "Actual Startup Time": 154.47,
    "Actual Total Time": 165.603,
    "Actual Rows": 1,
    "Actual Loops": 1,
    "Plans": [
      {
        "Node Type": "Gather",
        "Parent Relationship": "Outer",
        "Parallel Aware": false,
        "Startup Cost": 64478.51,
        "Total Cost": 64478.62,
        "Plan Rows": 1,
        "Plan Width": 8,
        "Actual Startup Time": 154.354,
        "Actual Total Time": 165.595,
        "Actual Rows": 2,
        "Actual Loops": 1,
        "Workers Planned": 1,
        "Workers Launched": 1,
        "Single Copy": false,
        "Plans": [
          {
            "Node Type": "Aggregate",
            "Strategy": "Plain",
            "Partial Mode": "Partial",
            "Parent Relationship": "Outer",
            "Parallel Aware": false,
            "Startup Cost": 63478.51,
            "Total Cost": 63478.52,
            "Plan Rows": 1,
            "Plan Width": 8,
            "Actual Startup Time": 148.099,
            "Actual Total Time": 148.101,
            "Actual Rows": 1,
            "Actual Loops": 2,
            "Plans": [
              {
                "Node Type": "Nested Loop",
                "Parent Relationship": "Outer",
                "Parallel Aware": false,
                "Join Type": "Inner",
                "Startup Cost": 0.43,
                "Total Cost": 63477.62,
                "Plan Rows": 356,
                "Plan Width": 0,
                "Actual Startup Time": 121.336,
                "Actual Total Time": 148.092,
                "Actual Rows": 6,
                "Actual Loops": 2,
                "Inner Unique": false,
                "Plans": [
                  {
                    "Node Type": "Seq Scan",
                    "Parent Relationship": "Outer",
                    "Parallel Aware": true,
                    "Relation Name": "title",
                    "Alias": "t",
                    "Startup Cost": 0.0,
                    "Total Cost": 58306.47,
                    "Plan Rows": 652,
                    "Plan Width": 4,
                    "Actual Startup Time": 121.321,
                    "Actual Total Time": 148.062,
                    "Actual Rows": 2,
                    "Actual Loops": 2,
                    "Filter": "((kind_id > 4) AND (production_year = 1943))",
                    "Rows Removed by Filter": 1264154
                  },
                  {
                    "Node Type": "Index Only Scan",
                    "Parent Relationship": "Inner",
                    "Parallel Aware": false,
                    "Scan Direction": "Forward",
                    "Index Name": "movie_id_movie_info_idx",
                    "Relation Name": "movie_info_idx",
                    "Alias": "mi_idx",
                    "Startup Cost": 0.43,
                    "Total Cost": 7.9,
                    "Plan Rows": 3,
                    "Plan Width": 4,
                    "Actual Startup Time": 0.01,
                    "Actual Total Time": 0.011,
                    "Actual Rows": 3,
                    "Actual Loops": 4,
                    "Index Cond": "(movie_id = t.id)",
                    "Rows Removed by Index Recheck": 0,
                    "Heap Fetches": 12
                  }
                ]
              }
            ]
          }
        ]
      }
    ]
  },
  "Planning Time": 0.441,
  "Triggers": [],
  "Execution Time": 165.679
}