{
  "Plan": {
    "Node Type": "Aggregate",
    "Strategy": "Plain",
    "Partial Mode": "Finalize",
    "Parallel Aware": false,
    "Startup Cost": 475692.72,
    "Total Cost": 475692.73,
    "Plan Rows": 1,
    "Plan Width": 8,
    "Actual Startup Time": 1893.14,
    "Actual Total Time": 1926.051,
    "Actual Rows": 1,
    "Actual Loops": 1,
    "Plans": [
      {
        "Node Type": "Gather",
        "Parent Relationship": "Outer",
        "Parallel Aware": false,
        "Startup Cost": 475692.6,
        "Total Cost": 475692.71,
        "Plan Rows": 1,
        "Plan Width": 8,
        "Actual Startup Time": 1891.806,
        "Actual Total Time": 1926.04,
        "Actual Rows": 2,
        "Actual Loops": 1,
        "Workers Planned": 1,
        "Workers Launched": 1,
        "Single Copy": false,
        "Plans": [
          {
            "Node Type": "Aggregate",
            "Strategy": "Plain",
            "Partial Mode": "Partial",
            "Parent Relationship": "Outer",
            "Parallel Aware": false,
            "Startup Cost": 474692.6,
            "Total Cost": 474692.61,
            "Plan Rows": 1,
            "Plan Width": 8,
            "Actual Startup Time": 1887.752,
            "Actual Total Time": 1887.955,
            "Actual Rows": 1,
            "Actual Loops": 2,
            "Plans": [
              {
                "Node Type": "Hash Join",
                "Parent Relationship": "Outer",
                "Parallel Aware": true,
                "Join Type": "Inner",
                "Startup Cost": 55120.6,
                "Total Cost": 473448.74,
                "Plan Rows": 497544,
                "Plan Width": 0,
                "Actual Startup Time": 297.95,
                "Actual Total Time": 1855.771,
                "Actual Rows": 755618,
                "Actual Loops": 2,
                "Inner Unique": true,
                "Hash Cond": "(ci.movie_id = t.id)",
                "Plans": [
                  {
                    "Node Type": "Index Scan",
                    "Parent Relationship": "Outer",
                    "Parallel Aware": true,
                    "Scan Direction": "Forward",
                    "Index Name": "role_id_cast_info",
                    "Relation Name": "cast_info",
                    "Alias": "ci",
                    "Startup Cost": 0.56,
                    "Total Cost": 400977.7,
                    "Plan Rows": 6609895,
                    "Plan Width": 4,
                    "Actual Startup Time": 155.118,
                    "Actual Total Time": 933.072,
                    "Actual Rows": 4997000,
                    "Actual Loops": 2,
                    "Index Cond": "(role_id = 1)",
                    "Rows Removed by Index Recheck": 0,
                    "Filter": "(person_id > 356441)",
                    "Rows Removed by Filter": 1338344
                  },
                  {
                    "Node Type": "Hash",
                    "Parent Relationship": "Inner",
                    "Parallel Aware": true,
                    "Startup Cost": 53720.69,
                    "Total Cost": 53720.69,
                    "Plan Rows": 111948,
                    "Plan Width": 4,
                    "Actual Startup Time": 139.88,
                    "Actual Total Time": 139.881,
                    "Actual Rows": 163016,
                    "Actual Loops": 2,
                    "Hash Buckets": 524288,
                    "Original Hash Buckets": 262144,
                    "Hash Batches": 1,
                    "Original Hash Batches": 1,
                    "Peak Memory Usage": 18944,
                    "Plans": [
                      {
                        "Node Type": "Bitmap Heap Scan",
                        "Parent Relationship": "Outer",
                        "Parallel Aware": true,
                        "Relation Name": "title",
                        "Alias": "t",
                        "Startup Cost": 11870.43,
                        "Total Cost": 53720.69,
                        "Plan Rows": 111948,
                        "Plan Width": 4,
                        "Actual Startup Time": 37.934,
                        "Actual Total Time": 102.261,
                        "Actual Rows": 163016,
                        "Actual Loops": 2,
                        "Recheck Cond": "(kind_id = 1)",
                        "Rows Removed by Index Recheck": 0,
                        "Filter": "(production_year < 1992)",
                        "Rows Removed by Filter": 168396,
                        "Exact Heap Blocks": 8302,
                        "Lossy Heap Blocks": 0,
                        "Plans": [
                          {
                            "Node Type": "Bitmap Index Scan",
                            "Parent Relationship": "Outer",
                            "Parallel Aware": false,
                            "Index Name": "kind_id_title",
                            "Startup Cost": 0.0,
                            "Total Cost": 11822.85,
                            "Plan Rows": 663256,
                            "Plan Width": 0,
                            "Actual Startup Time": 36.869,
                            "Actual Total Time": 36.87,
                            "Actual Rows": 662825,
                            "Actual Loops": 1,
                            "Index Cond": "(kind_id = 1)"
                          }
                        ]
                      }
                    ]
                  }
                ]
              }
            ]
          }
        ]
      }
    ]
  },
  "Planning Time": 0.542,
  "Triggers": [],
  "Execution Time": 1926.19
}