[
  {
    "Plan": {
      "Node Type": "Aggregate",
      "Strategy": "Plain",
      "Partial Mode": "Finalize",
      "Parallel Aware": false,
      "Startup Cost": 82718.73,
      "Total Cost": 82718.74,
      "Plan Rows": 1,
      "Plan Width": 8,
      "Actual Startup Time": 334.412,
      "Actual Total Time": 348.277,
      "Actual Rows": 1,
      "Actual Loops": 1,
      "Plans": [
        {
          "Node Type": "Gather",
          "Parent Relationship": "Outer",
          "Parallel Aware": false,
          "Startup Cost": 82718.31,
          "Total Cost": 82718.72,
          "Plan Rows": 4,
          "Plan Width": 8,
          "Actual Startup Time": 329.576,
          "Actual Total Time": 348.267,
          "Actual Rows": 5,
          "Actual Loops": 1,
          "Workers Planned": 4,
          "Workers Launched": 4,
          "Single Copy": false,
          "Plans": [
            {
              "Node Type": "Aggregate",
              "Strategy": "Plain",
              "Partial Mode": "Partial",
              "Parent Relationship": "Outer",
              "Parallel Aware": false,
              "Startup Cost": 81718.31,
              "Total Cost": 81718.32,
              "Plan Rows": 1,
              "Plan Width": 8,
              "Actual Startup Time": 319.856,
              "Actual Total Time": 319.859,
              "Actual Rows": 1,
              "Actual Loops": 5,
              "Plans": [
                {
                  "Node Type": "Hash Join",
                  "Parent Relationship": "Outer",
                  "Parallel Aware": true,
                  "Join Type": "Inner",
                  "Startup Cost": 34975.26,
                  "Total Cost": 81166.44,
                  "Plan Rows": 220748,
                  "Plan Width": 0,
                  "Actual Startup Time": 125.263,
                  "Actual Total Time": 313.764,
                  "Actual Rows": 139989,
                  "Actual Loops": 5,
                  "Inner Unique": false,
                  "Hash Cond": "(t.id = mc.movie_id)",
                  "Plans": [
                    {
                      "Node Type": "Seq Scan",
                      "Parent Relationship": "Outer",
                      "Parallel Aware": true,
                      "Relation Name": "title",
                      "Alias": "t",
                      "Startup Cost": 0.0,
                      "Total Cost": 42318.73,
                      "Plan Rows": 632073,
                      "Plan Width": 4,
                      "Actual Startup Time": 0.013,
                      "Actual Total Time": 65.111,
                      "Actual Rows": 505662,
                      "Actual Loops": 5
                    },
                    {
                      "Node Type": "Hash",
                      "Parent Relationship": "Inner",
                      "Parallel Aware": true,
                      "Startup Cost": 31414.82,
                      "Total Cost": 31414.82,
                      "Plan Rows": 284835,
                      "Plan Width": 4,
                      "Actual Startup Time": 120.703,
                      "Actual Total Time": 120.704,
                      "Actual Rows": 139989,
                      "Actual Loops": 5,
                      "Hash Buckets": 1048576,
                      "Original Hash Buckets": 1048576,
                      "Hash Batches": 1,
                      "Original Hash Batches": 1,
                      "Peak Memory Usage": 35648,
                      "Plans": [
                        {
                          "Node Type": "Seq Scan",
                          "Parent Relationship": "Outer",
                          "Parallel Aware": true,
                          "Relation Name": "movie_companies",
                          "Alias": "mc",
                          "Startup Cost": 0.0,
                          "Total Cost": 31414.82,
                          "Plan Rows": 284835,
                          "Plan Width": 4,
                          "Actual Startup Time": 1.193,
                          "Actual Total Time": 72.136,
                          "Actual Rows": 139989,
                          "Actual Loops": 5,
                          "Filter": "((company_id > 1841) AND (company_type_id = 1))",
                          "Rows Removed by Filter": 381837
                        }
                      ]
                    }
                  ]
                }
              ]
            }
          ]
        }
      ]
    },
    "Planning Time": 0.617,
    "Triggers": [],
    "Execution Time": 348.342
  }
]