[
  {
    "Plan": {
      "Node Type": "Aggregate",
      "Strategy": "Plain",
      "Partial Mode": "Finalize",
      "Parallel Aware": false,
      "Startup Cost": 109218.49,
      "Total Cost": 109218.5,
      "Plan Rows": 1,
      "Plan Width": 8,
      "Actual Startup Time": 751.581,
      "Actual Total Time": 769.123,
      "Actual Rows": 1,
      "Actual Loops": 1,
      "Plans": [
        {
          "Node Type": "Gather",
          "Parent Relationship": "Outer",
          "Parallel Aware": false,
          "Startup Cost": 109218.28,
          "Total Cost": 109218.49,
          "Plan Rows": 2,
          "Plan Width": 8,
          "Actual Startup Time": 743.215,
          "Actual Total Time": 769.113,
          "Actual Rows": 3,
          "Actual Loops": 1,
          "Workers Planned": 2,
          "Workers Launched": 2,
          "Single Copy": false,
          "Plans": [
            {
              "Node Type": "Aggregate",
              "Strategy": "Plain",
              "Partial Mode": "Partial",
              "Parent Relationship": "Outer",
              "Parallel Aware": false,
              "Startup Cost": 108218.28,
              "Total Cost": 108218.29,
              "Plan Rows": 1,
              "Plan Width": 8,
              "Actual Startup Time": 735.14,
              "Actual Total Time": 735.29,
              "Actual Rows": 1,
              "Actual Loops": 3,
              "Plans": [
                {
                  "Node Type": "Hash Join",
                  "Parent Relationship": "Outer",
                  "Parallel Aware": true,
                  "Join Type": "Inner",
                  "Startup Cost": 91643.29,
                  "Total Cost": 107898.0,
                  "Plan Rows": 128111,
                  "Plan Width": 0,
                  "Actual Startup Time": 603.077,
                  "Actual Total Time": 719.428,
                  "Actual Rows": 393336,
                  "Actual Loops": 3,
                  "Inner Unique": false,
                  "Hash Cond": "(mi_idx.movie_id = t.id)",
                  "Plans": [
                    {
                      "Node Type": "Seq Scan",
                      "Parent Relationship": "Outer",
                      "Parallel Aware": true,
                      "Relation Name": "movie_info_idx",
                      "Alias": "mi_idx",
                      "Startup Cost": 0.0,
                      "Total Cost": 13685.15,
                      "Plan Rows": 575015,
                      "Plan Width": 4,
                      "Actual Startup Time": 0.027,
                      "Actual Total Time": 34.652,
                      "Actual Rows": 460012,
                      "Actual Loops": 3
                    },
                    {
                      "Node Type": "Hash",
                      "Parent Relationship": "Inner",
                      "Parallel Aware": true,
                      "Startup Cost": 89371.94,
                      "Total Cost": 89371.94,
                      "Plan Rows": 181708,
                      "Plan Width": 8,
                      "Actual Startup Time": 596.9,
                      "Actual Total Time": 597.048,
                      "Actual Rows": 192052,
                      "Actual Loops": 3,
                      "Hash Buckets": 1048576,
                      "Original Hash Buckets": 1048576,
                      "Hash Batches": 1,
                      "Original Hash Batches": 1,
                      "Peak Memory Usage": 30784,
                      "Plans": [
                        {
                          "Node Type": "Hash Join",
                          "Parent Relationship": "Outer",
                          "Parallel Aware": true,
                          "Join Type": "Inner",
                          "Startup Cost": 62169.61,
                          "Total Cost": 89371.94,
                          "Plan Rows": 181708,
                          "Plan Width": 8,
                          "Actual Startup Time": 414.559,
                          "Actual Total Time": 540.895,
                          "Actual Rows": 192052,
                          "Actual Loops": 3,
                          "Inner Unique": true,
                          "Hash Cond": "(mk.movie_id = t.id)",
                          "Plans": [
                            {
                              "Node Type": "Bitmap Heap Scan",
                              "Parent Relationship": "Outer",
                              "Parallel Aware": true,
                              "Relation Name": "movie_keyword",
                              "Alias": "mk",
                              "Startup Cost": 11949.96,
                              "Total Cost": 38675.31,
                              "Plan Rows": 181708,
                              "Plan Width": 4,
                              "Actual Startup Time": 31.242,
                              "Actual Total Time": 89.016,
                              "Actual Rows": 192052,
                              "Actual Loops": 3,
                              "Recheck Cond": "(keyword_id < 406)",
                              "Rows Removed by Index Recheck": 0,
                              "Exact Heap Blocks": 9375,
                              "Lossy Heap Blocks": 0,
                              "Plans": [
                                {
                                  "Node Type": "Bitmap Index Scan",
                                  "Parent Relationship": "Outer",
                                  "Parallel Aware": false,
                                  "Index Name": "keyword_id_movie_keyword",
                                  "Startup Cost": 0.0,
                                  "Total Cost": 11809.14,
                                  "Plan Rows": 563294,
                                  "Plan Width": 0,
                                  "Actual Startup Time": 27.598,
                                  "Actual Total Time": 27.598,
                                  "Actual Rows": 576155,
                                  "Actual Loops": 1,
                                  "Index Cond": "(keyword_id < 406)"
                                }
                              ]
                            },
                            {
                              "Node Type": "Hash",
                              "Parent Relationship": "Inner",
                              "Parallel Aware": true,
                              "Startup Cost": 42318.73,
                              "Total Cost": 42318.73,
                              "Plan Rows": 632073,
                              "Plan Width": 4,
                              "Actual Startup Time": 373.579,
                              "Actual Total Time": 373.58,
                              "Actual Rows": 842771,
                              "Actual Loops": 3,
                              "Hash Buckets": 4194304,
                              "Original Hash Buckets": 4194304,
                              "Hash Batches": 1,
                              "Original Hash Batches": 1,
                              "Peak Memory Usage": 131744,
                              "Plans": [
                                {
                                  "Node Type": "Seq Scan",
                                  "Parent Relationship": "Outer",
                                  "Parallel Aware": true,
                                  "Relation Name": "title",
                                  "Alias": "t",
                                  "Startup Cost": 0.0,
                                  "Total Cost": 42318.73,
                                  "Plan Rows": 632073,
                                  "Plan Width": 4,
                                  "Actual Startup Time": 0.043,
                                  "Actual Total Time": 114.3,
                                  "Actual Rows": 842771,
                                  "Actual Loops": 3
                                }
                              ]
                            }
                          ]
                        }
                      ]
                    }
                  ]
                }
              ]
            }
          ]
        }
      ]
    },
    "Planning Time": 1.293,
    "Triggers": [],
    "Execution Time": 769.226
  }
]