{
  "Plan": {
    "Node Type": "Aggregate",
    "Strategy": "Plain",
    "Partial Mode": "Finalize",
    "Parallel Aware": false,
    "Startup Cost": 54645.49,
    "Total Cost": 54645.5,
    "Plan Rows": 1,
    "Plan Width": 8,
    "Actual Startup Time": 178.976,
    "Actual Total Time": 210.701,
    "Actual Rows": 1,
    "Actual Loops": 1,
    "Plans": [
      {
        "Node Type": "Gather",
        "Parent Relationship": "Outer",
        "Parallel Aware": false,
        "Startup Cost": 54645.38,
        "Total Cost": 54645.49,
        "Plan Rows": 1,
        "Plan Width": 8,
        "Actual Startup Time": 178.749,
        "Actual Total Time": 210.694,
        "Actual Rows": 2,
        "Actual Loops": 1,
        "Workers Planned": 1,
        "Workers Launched": 1,
        "Single Copy": false,
        "Plans": [
          {
            "Node Type": "Aggregate",
            "Strategy": "Plain",
            "Partial Mode": "Partial",
            "Parent Relationship": "Outer",
            "Parallel Aware": false,
            "Startup Cost": 53645.38,
            "Total Cost": 53645.39,
            "Plan Rows": 1,
            "Plan Width": 8,
            "Actual Startup Time": 172.709,
            "Actual Total Time": 172.712,
            "Actual Rows": 1,
            "Actual Loops": 2,
            "Plans": [
              {
                "Node Type": "Nested Loop",
                "Parent Relationship": "Outer",
                "Parallel Aware": false,
                "Join Type": "Inner",
                "Startup Cost": 157.39,
                "Total Cost": 53583.14,
                "Plan Rows": 24896,
                "Plan Width": 0,
                "Actual Startup Time": 3.577,
                "Actual Total Time": 164.379,
                "Actual Rows": 159564,
                "Actual Loops": 2,
                "Inner Unique": false,
                "Plans": [
                  {
                    "Node Type": "Nested Loop",
                    "Parent Relationship": "Outer",
                    "Parallel Aware": false,
                    "Join Type": "Inner",
                    "Startup Cost": 156.96,
                    "Total Cost": 45356.54,
                    "Plan Rows": 4258,
                    "Plan Width": 8,
                    "Actual Startup Time": 3.431,
                    "Actual Total Time": 31.322,
                    "Actual Rows": 2702,
                    "Actual Loops": 2,
                    "Inner Unique": true,
                    "Plans": [
                      {
                        "Node Type": "Bitmap Heap Scan",
                        "Parent Relationship": "Outer",
                        "Parallel Aware": true,
                        "Relation Name": "movie_keyword",
                        "Alias": "mk",
                        "Startup Cost": 156.53,
                        "Total Cost": 15825.27,
                        "Plan Rows": 4258,
                        "Plan Width": 4,
                        "Actual Startup Time": 3.269,
                        "Actual Total Time": 12.454,
                        "Actual Rows": 2702,
                        "Actual Loops": 2,
                        "Recheck Cond": "(keyword_id = 107)",
                        "Rows Removed by Index Recheck": 0,
                        "Exact Heap Blocks": 3434,
                        "Lossy Heap Blocks": 0,
                        "Plans": [
                          {
                            "Node Type": "Bitmap Index Scan",
                            "Parent Relationship": "Outer",
                            "Parallel Aware": false,
                            "Index Name": "keyword_id_movie_keyword",
                            "Startup Cost": 0.0,
                            "Total Cost": 154.72,
                            "Plan Rows": 7238,
                            "Plan Width": 0,
                            "Actual Startup Time": 3.946,
                            "Actual Total Time": 3.946,
                            "Actual Rows": 5403,
                            "Actual Loops": 1,
                            "Index Cond": "(keyword_id = 107)"
                          }
                        ]
                      },
                      {
                        "Node Type": "Index Only Scan",
                        "Parent Relationship": "Inner",
                        "Parallel Aware": false,
                        "Scan Direction": "Forward",
                        "Index Name": "title_pkey",
                        "Relation Name": "title",
                        "Alias": "t",
                        "Startup Cost": 0.43,
                        "Total Cost": 6.94,
                        "Plan Rows": 1,
                        "Plan Width": 4,
                        "Actual Startup Time": 0.006,
                        "Actual Total Time": 0.006,
                        "Actual Rows": 1,
                        "Actual Loops": 5403,
                        "Index Cond": "(id = mk.movie_id)",
                        "Rows Removed by Index Recheck": 0,
                        "Heap Fetches": 5403
                      }
                    ]
                  },
                  {
                    "Node Type": "Index Only Scan",
                    "Parent Relationship": "Inner",
                    "Parallel Aware": false,
                    "Scan Direction": "Forward",
                    "Index Name": "movie_id_movie_info",
                    "Relation Name": "movie_info",
                    "Alias": "mi",
                    "Startup Cost": 0.43,
                    "Total Cost": 1.51,
                    "Plan Rows": 42,
                    "Plan Width": 4,
                    "Actual Startup Time": 0.009,
                    "Actual Total Time": 0.044,
                    "Actual Rows": 59,
                    "Actual Loops": 5403,
                    "Index Cond": "(movie_id = t.id)",
                    "Rows Removed by Index Recheck": 0,
                    "Heap Fetches": 319128
                  }
                ]
              }
            ]
          }
        ]
      }
    ]
  },
  "Planning Time": 0.906,
  "Triggers": [],
  "Execution Time": 210.802
}