[
  {
    "Plan": {
      "Node Type": "Aggregate",
      "Strategy": "Plain",
      "Partial Mode": "Finalize",
      "Parallel Aware": false,
      "Startup Cost": 46063.08,
      "Total Cost": 46063.09,
      "Plan Rows": 1,
      "Plan Width": 8,
      "Actual Startup Time": 231.648,
      "Actual Total Time": 244.094,
      "Actual Rows": 1,
      "Actual Loops": 1,
      "Plans": [
        {
          "Node Type": "Gather",
          "Parent Relationship": "Outer",
          "Parallel Aware": false,
          "Startup Cost": 46062.77,
          "Total Cost": 46063.08,
          "Plan Rows": 3,
          "Plan Width": 8,
          "Actual Startup Time": 231.435,
          "Actual Total Time": 244.077,
          "Actual Rows": 4,
          "Actual Loops": 1,
          "Workers Planned": 3,
          "Workers Launched": 3,
          "Single Copy": false,
          "Plans": [
            {
              "Node Type": "Aggregate",
              "Strategy": "Plain",
              "Partial Mode": "Partial",
              "Parent Relationship": "Outer",
              "Parallel Aware": false,
              "Startup Cost": 45062.77,
              "Total Cost": 45062.78,
              "Plan Rows": 1,
              "Plan Width": 8,
              "Actual Startup Time": 222.186,
              "Actual Total Time": 222.189,
              "Actual Rows": 1,
              "Actual Loops": 4,
              "Plans": [
                {
                  "Node Type": "Seq Scan",
                  "Parent Relationship": "Outer",
                  "Parallel Aware": true,
                  "Relation Name": "movie_keyword",
                  "Alias": "mk",
                  "Startup Cost": 0.0,
                  "Total Cost": 42695.65,
                  "Plan Rows": 946845,
                  "Plan Width": 0,
                  "Actual Startup Time": 0.073,
                  "Actual Total Time": 173.334,
                  "Actual Rows": 735453,
                  "Actual Loops": 4,
                  "Filter": "(keyword_id < 9842)",
                  "Rows Removed by Filter": 395530
                }
              ]
            }
          ]
        }
      ]
    },
    "Planning Time": 0.16,
    "Triggers": [],
    "Execution Time": 244.149
  }
]