[
  {
    "Plan": {
      "Node Type": "Aggregate",
      "Strategy": "Plain",
      "Partial Mode": "Finalize",
      "Parallel Aware": false,
      "Startup Cost": 33272.34,
      "Total Cost": 33272.35,
      "Plan Rows": 1,
      "Plan Width": 8,
      "Actual Startup Time": 89.597,
      "Actual Total Time": 97.531,
      "Actual Rows": 1,
      "Actual Loops": 1,
      "Plans": [
        {
          "Node Type": "Gather",
          "Parent Relationship": "Outer",
          "Parallel Aware": false,
          "Startup Cost": 33272.02,
          "Total Cost": 33272.33,
          "Plan Rows": 3,
          "Plan Width": 8,
          "Actual Startup Time": 89.431,
          "Actual Total Time": 97.52,
          "Actual Rows": 4,
          "Actual Loops": 1,
          "Workers Planned": 3,
          "Workers Launched": 3,
          "Single Copy": false,
          "Plans": [
            {
              "Node Type": "Aggregate",
              "Strategy": "Plain",
              "Partial Mode": "Partial",
              "Parent Relationship": "Outer",
              "Parallel Aware": false,
              "Startup Cost": 32272.02,
              "Total Cost": 32272.03,
              "Plan Rows": 1,
              "Plan Width": 8,
              "Actual Startup Time": 84.45,
              "Actual Total Time": 84.451,
              "Actual Rows": 1,
              "Actual Loops": 4,
              "Plans": [
                {
                  "Node Type": "Seq Scan",
                  "Parent Relationship": "Outer",
                  "Parallel Aware": true,
                  "Relation Name": "movie_companies",
                  "Alias": "mc",
                  "Startup Cost": 0.0,
                  "Total Cost": 31414.82,
                  "Plan Rows": 342880,
                  "Plan Width": 0,
                  "Actual Startup Time": 0.075,
                  "Actual Total Time": 72.902,
                  "Actual Rows": 236765,
                  "Actual Loops": 4,
                  "Filter": "((company_id > 302) AND (company_type_id < 2))",
                  "Rows Removed by Filter": 415517
                }
              ]
            }
          ]
        }
      ]
    },
    "Planning Time": 0.225,
    "Triggers": [],
    "Execution Time": 97.595
  }
]