[
  {
    "Plan": {
      "Node Type": "Aggregate",
      "Strategy": "Plain",
      "Partial Mode": "Finalize",
      "Parallel Aware": false,
      "Startup Cost": 436758.11,
      "Total Cost": 436758.12,
      "Plan Rows": 1,
      "Plan Width": 8,
      "Actual Startup Time": 1888.291,
      "Actual Total Time": 1957.044,
      "Actual Rows": 1,
      "Actual Loops": 1,
      "Plans": [
        {
          "Node Type": "Gather",
          "Parent Relationship": "Outer",
          "Parallel Aware": false,
          "Startup Cost": 436757.49,
          "Total Cost": 436758.1,
          "Plan Rows": 6,
          "Plan Width": 8,
          "Actual Startup Time": 1868.985,
          "Actual Total Time": 1957.03,
          "Actual Rows": 7,
          "Actual Loops": 1,
          "Workers Planned": 6,
          "Workers Launched": 6,
          "Single Copy": false,
          "Plans": [
            {
              "Node Type": "Aggregate",
              "Strategy": "Plain",
              "Partial Mode": "Partial",
              "Parent Relationship": "Outer",
              "Parallel Aware": false,
              "Startup Cost": 435757.49,
              "Total Cost": 435757.5,
              "Plan Rows": 1,
              "Plan Width": 8,
              "Actual Startup Time": 1857.437,
              "Actual Total Time": 1857.446,
              "Actual Rows": 1,
              "Actual Loops": 7,
              "Plans": [
                {
                  "Node Type": "Hash Join",
                  "Parent Relationship": "Outer",
                  "Parallel Aware": true,
                  "Join Type": "Inner",
                  "Startup Cost": 84398.63,
                  "Total Cost": 433181.68,
                  "Plan Rows": 1030323,
                  "Plan Width": 0,
                  "Actual Startup Time": 489.46,
                  "Actual Total Time": 1807.811,
                  "Actual Rows": 946077,
                  "Actual Loops": 7,
                  "Inner Unique": false,
                  "Hash Cond": "(ci.movie_id = t.id)",
                  "Plans": [
                    {
                      "Node Type": "Seq Scan",
                      "Parent Relationship": "Outer",
                      "Parallel Aware": true,
                      "Relation Name": "cast_info",
                      "Alias": "ci",
                      "Startup Cost": 0.0,
                      "Total Cost": 328211.39,
                      "Plan Rows": 4599477,
                      "Plan Width": 4,
                      "Actual Startup Time": 96.605,
                      "Actual Total Time": 719.506,
                      "Actual Rows": 3933468,
                      "Actual Loops": 7,
                      "Filter": "(person_id > 857632)",
                      "Rows Removed by Filter": 1244295
                    },
                    {
                      "Node Type": "Hash",
                      "Parent Relationship": "Inner",
                      "Parallel Aware": true,
                      "Startup Cost": 82114.8,
                      "Total Cost": 82114.8,
                      "Plan Rows": 182706,
                      "Plan Width": 8,
                      "Actual Startup Time": 389.294,
                      "Actual Total Time": 389.299,
                      "Actual Rows": 40300,
                      "Actual Loops": 7,
                      "Hash Buckets": 1048576,
                      "Original Hash Buckets": 1048576,
                      "Hash Batches": 1,
                      "Original Hash Batches": 1,
                      "Peak Memory Usage": 19328,
                      "Plans": [
                        {
                          "Node Type": "Hash Join",
                          "Parent Relationship": "Outer",
                          "Parallel Aware": true,
                          "Join Type": "Inner",
                          "Startup Cost": 50220.38,
                          "Total Cost": 82114.8,
                          "Plan Rows": 182706,
                          "Plan Width": 8,
                          "Actual Startup Time": 299.925,
                          "Actual Total Time": 359.988,
                          "Actual Rows": 40300,
                          "Actual Loops": 7,
                          "Inner Unique": true,
                          "Hash Cond": "(mc.movie_id = t.id)",
                          "Plans": [
                            {
                              "Node Type": "Seq Scan",
                              "Parent Relationship": "Outer",
                              "Parallel Aware": true,
                              "Relation Name": "movie_companies",
                              "Alias": "mc",
                              "Startup Cost": 0.0,
                              "Total Cost": 31414.82,
                              "Plan Rows": 182706,
                              "Plan Width": 4,
                              "Actual Startup Time": 7.732,
                              "Actual Total Time": 48.22,
                              "Actual Rows": 40300,
                              "Actual Loops": 7,
                              "Filter": "((company_id > 13114) AND (company_type_id < 2))",
                              "Rows Removed by Filter": 332433
                            },
                            {
                              "Node Type": "Hash",
                              "Parent Relationship": "Inner",
                              "Parallel Aware": true,
                              "Startup Cost": 42319.06,
                              "Total Cost": 42319.06,
                              "Plan Rows": 632106,
                              "Plan Width": 4,
                              "Actual Startup Time": 287.473,
                              "Actual Total Time": 287.474,
                              "Actual Rows": 361187,
                              "Actual Loops": 7,
                              "Hash Buckets": 4194304,
                              "Original Hash Buckets": 4194304,
                              "Hash Batches": 1,
                              "Original Hash Batches": 1,
                              "Peak Memory Usage": 131776,
                              "Plans": [
                                {
                                  "Node Type": "Seq Scan",
                                  "Parent Relationship": "Outer",
                                  "Parallel Aware": true,
                                  "Relation Name": "title",
                                  "Alias": "t",
                                  "Startup Cost": 0.0,
                                  "Total Cost": 42319.06,
                                  "Plan Rows": 632106,
                                  "Plan Width": 4,
                                  "Actual Startup Time": 0.063,
                                  "Actual Total Time": 83.553,
                                  "Actual Rows": 361187,
                                  "Actual Loops": 7
                                }
                              ]
                            }
                          ]
                        }
                      ]
                    }
                  ]
                }
              ]
            }
          ]
        }
      ]
    },
    "Planning Time": 1.482,
    "Triggers": [],
    "Execution Time": 1957.146
  }
]