[
  {
    "Plan": {
      "Node Type": "Aggregate",
      "Strategy": "Plain",
      "Partial Mode": "Finalize",
      "Parallel Aware": false,
      "Startup Cost": 33396.37,
      "Total Cost": 33396.38,
      "Plan Rows": 1,
      "Plan Width": 8,
      "Actual Startup Time": 120.261,
      "Actual Total Time": 131.751,
      "Actual Rows": 1,
      "Actual Loops": 1,
      "Plans": [
        {
          "Node Type": "Gather",
          "Parent Relationship": "Outer",
          "Parallel Aware": false,
          "Startup Cost": 33396.05,
          "Total Cost": 33396.36,
          "Plan Rows": 3,
          "Plan Width": 8,
          "Actual Startup Time": 119.959,
          "Actual Total Time": 131.743,
          "Actual Rows": 4,
          "Actual Loops": 1,
          "Workers Planned": 3,
          "Workers Launched": 3,
          "Single Copy": false,
          "Plans": [
            {
              "Node Type": "Aggregate",
              "Strategy": "Plain",
              "Partial Mode": "Partial",
              "Parent Relationship": "Outer",
              "Parallel Aware": false,
              "Startup Cost": 32396.05,
              "Total Cost": 32396.06,
              "Plan Rows": 1,
              "Plan Width": 8,
              "Actual Startup Time": 111.018,
              "Actual Total Time": 111.02,
              "Actual Rows": 1,
              "Actual Loops": 4,
              "Plans": [
                {
                  "Node Type": "Bitmap Heap Scan",
                  "Parent Relationship": "Outer",
                  "Parallel Aware": true,
                  "Relation Name": "movie_keyword",
                  "Alias": "mk",
                  "Startup Cost": 6466.99,
                  "Total Cost": 32150.21,
                  "Plan Rows": 98337,
                  "Plan Width": 0,
                  "Actual Startup Time": 36.423,
                  "Actual Total Time": 105.575,
                  "Actual Rows": 79814,
                  "Actual Loops": 4,
                  "Recheck Cond": "(keyword_id < 253)",
                  "Rows Removed by Index Recheck": 0,
                  "Exact Heap Blocks": 13343,
                  "Lossy Heap Blocks": 0,
                  "Plans": [
                    {
                      "Node Type": "Bitmap Index Scan",
                      "Parent Relationship": "Outer",
                      "Parallel Aware": false,
                      "Index Name": "keyword_id_movie_keyword",
                      "Startup Cost": 0.0,
                      "Total Cost": 6390.78,
                      "Plan Rows": 304846,
                      "Plan Width": 0,
                      "Actual Startup Time": 39.718,
                      "Actual Total Time": 39.719,
                      "Actual Rows": 319255,
                      "Actual Loops": 1,
                      "Index Cond": "(keyword_id < 253)"
                    }
                  ]
                }
              ]
            }
          ]
        }
      ]
    },
    "Planning Time": 0.158,
    "Triggers": [],
    "Execution Time": 131.832
  }
]