{
  "Plan": {
    "Node Type": "Aggregate",
    "Strategy": "Plain",
    "Partial Mode": "Finalize",
    "Parallel Aware": false,
    "Startup Cost": 334080.45,
    "Total Cost": 334080.46,
    "Plan Rows": 1,
    "Plan Width": 8,
    "Actual Startup Time": 1689.481,
    "Actual Total Time": 1729.014,
    "Actual Rows": 1,
    "Actual Loops": 1,
    "Plans": [
      {
        "Node Type": "Gather",
        "Parent Relationship": "Outer",
        "Parallel Aware": false,
        "Startup Cost": 334080.33,
        "Total Cost": 334080.44,
        "Plan Rows": 1,
        "Plan Width": 8,
        "Actual Startup Time": 1689.171,
        "Actual Total Time": 1729.008,
        "Actual Rows": 2,
        "Actual Loops": 1,
        "Workers Planned": 1,
        "Workers Launched": 1,
        "Single Copy": false,
        "Plans": [
          {
            "Node Type": "Aggregate",
            "Strategy": "Plain",
            "Partial Mode": "Partial",
            "Parent Relationship": "Outer",
            "Parallel Aware": false,
            "Startup Cost": 333080.33,
            "Total Cost": 333080.34,
            "Plan Rows": 1,
            "Plan Width": 8,
            "Actual Startup Time": 1683.684,
            "Actual Total Time": 1683.687,
            "Actual Rows": 1,
            "Actual Loops": 2,
            "Plans": [
              {
                "Node Type": "Hash Join",
                "Parent Relationship": "Outer",
                "Parallel Aware": true,
                "Join Type": "Inner",
                "Startup Cost": 59684.87,
                "Total Cost": 331468.36,
                "Plan Rows": 644791,
                "Plan Width": 0,
                "Actual Startup Time": 169.357,
                "Actual Total Time": 1672.47,
                "Actual Rows": 223079,
                "Actual Loops": 2,
                "Inner Unique": true,
                "Hash Cond": "(mi.movie_id = t.id)",
                "Plans": [
                  {
                    "Node Type": "Seq Scan",
                    "Parent Relationship": "Outer",
                    "Parallel Aware": true,
                    "Relation Name": "movie_info",
                    "Alias": "mi",
                    "Startup Cost": 0.0,
                    "Total Cost": 248955.74,
                    "Plan Rows": 8696274,
                    "Plan Width": 4,
                    "Actual Startup Time": 0.011,
                    "Actual Total Time": 701.975,
                    "Actual Rows": 7417860,
                    "Actual Loops": 2
                  },
                  {
                    "Node Type": "Hash",
                    "Parent Relationship": "Inner",
                    "Parallel Aware": true,
                    "Startup Cost": 58306.47,
                    "Total Cost": 58306.47,
                    "Plan Rows": 110272,
                    "Plan Width": 4,
                    "Actual Startup Time": 165.586,
                    "Actual Total Time": 165.587,
                    "Actual Rows": 39548,
                    "Actual Loops": 2,
                    "Hash Buckets": 262144,
                    "Original Hash Buckets": 262144,
                    "Hash Batches": 1,
                    "Original Hash Batches": 1,
                    "Peak Memory Usage": 5152,
                    "Plans": [
                      {
                        "Node Type": "Seq Scan",
                        "Parent Relationship": "Outer",
                        "Parallel Aware": true,
                        "Relation Name": "title",
                        "Alias": "t",
                        "Startup Cost": 0.0,
                        "Total Cost": 58306.47,
                        "Plan Rows": 110272,
                        "Plan Width": 4,
                        "Actual Startup Time": 0.051,
                        "Actual Total Time": 152.994,
                        "Actual Rows": 39548,
                        "Actual Loops": 2,
                        "Filter": "((kind_id > 3) AND (production_year < 1965))",
                        "Rows Removed by Filter": 1224608
                      }
                    ]
                  }
                ]
              }
            ]
          }
        ]
      }
    ]
  },
  "Planning Time": 0.269,
  "Triggers": [],
  "Execution Time": 1729.068
}