[
  {
    "Plan": {
      "Node Type": "Aggregate",
      "Strategy": "Plain",
      "Partial Mode": "Finalize",
      "Parallel Aware": false,
      "Startup Cost": 73603.28,
      "Total Cost": 73603.29,
      "Plan Rows": 1,
      "Plan Width": 8,
      "Actual Startup Time": 285.364,
      "Actual Total Time": 298.85,
      "Actual Rows": 1,
      "Actual Loops": 1,
      "Plans": [
        {
          "Node Type": "Gather",
          "Parent Relationship": "Outer",
          "Parallel Aware": false,
          "Startup Cost": 73602.96,
          "Total Cost": 73603.27,
          "Plan Rows": 3,
          "Plan Width": 8,
          "Actual Startup Time": 279.456,
          "Actual Total Time": 298.838,
          "Actual Rows": 4,
          "Actual Loops": 1,
          "Workers Planned": 3,
          "Workers Launched": 3,
          "Single Copy": false,
          "Plans": [
            {
              "Node Type": "Aggregate",
              "Strategy": "Plain",
              "Partial Mode": "Partial",
              "Parent Relationship": "Outer",
              "Parallel Aware": false,
              "Startup Cost": 72602.96,
              "Total Cost": 72602.97,
              "Plan Rows": 1,
              "Plan Width": 8,
              "Actual Startup Time": 274.377,
              "Actual Total Time": 274.381,
              "Actual Rows": 1,
              "Actual Loops": 4,
              "Plans": [
                {
                  "Node Type": "Hash Join",
                  "Parent Relationship": "Outer",
                  "Parallel Aware": true,
                  "Join Type": "Inner",
                  "Startup Cost": 52457.53,
                  "Total Cost": 72563.45,
                  "Plan Rows": 15804,
                  "Plan Width": 0,
                  "Actual Startup Time": 215.512,
                  "Actual Total Time": 272.716,
                  "Actual Rows": 29564,
                  "Actual Loops": 4,
                  "Inner Unique": true,
                  "Hash Cond": "(mc.movie_id = t.id)",
                  "Plans": [
                    {
                      "Node Type": "Bitmap Heap Scan",
                      "Parent Relationship": "Outer",
                      "Parallel Aware": true,
                      "Relation Name": "movie_companies",
                      "Alias": "mc",
                      "Startup Cost": 5397.97,
                      "Total Cost": 25400.17,
                      "Plan Rows": 39513,
                      "Plan Width": 4,
                      "Actual Startup Time": 16.472,
                      "Actual Total Time": 49.801,
                      "Actual Rows": 47086,
                      "Actual Loops": 4,
                      "Recheck Cond": "(company_id < 115)",
                      "Rows Removed by Index Recheck": 0,
                      "Filter": "(company_type_id = 1)",
                      "Rows Removed by Filter": 14425,
                      "Exact Heap Blocks": 5246,
                      "Lossy Heap Blocks": 0,
                      "Plans": [
                        {
                          "Node Type": "Bitmap Index Scan",
                          "Parent Relationship": "Outer",
                          "Parallel Aware": false,
                          "Index Name": "company_id_movie_companies",
                          "Startup Cost": 0.0,
                          "Total Cost": 5367.35,
                          "Plan Rows": 250522,
                          "Plan Width": 0,
                          "Actual Startup Time": 13.973,
                          "Actual Total Time": 13.973,
                          "Actual Rows": 246042,
                          "Actual Loops": 1,
                          "Index Cond": "(company_id < 115)"
                        }
                      ]
                    },
                    {
                      "Node Type": "Hash",
                      "Parent Relationship": "Inner",
                      "Parallel Aware": true,
                      "Startup Cost": 43899.32,
                      "Total Cost": 43899.32,
                      "Plan Rows": 252819,
                      "Plan Width": 4,
                      "Actual Startup Time": 196.179,
                      "Actual Total Time": 196.18,
                      "Actual Rows": 255438,
                      "Actual Loops": 4,
                      "Hash Buckets": 1048576,
                      "Original Hash Buckets": 1048576,
                      "Hash Batches": 1,
                      "Original Hash Batches": 1,
                      "Peak Memory Usage": 48224,
                      "Plans": [
                        {
                          "Node Type": "Seq Scan",
                          "Parent Relationship": "Outer",
                          "Parallel Aware": true,
                          "Relation Name": "title",
                          "Alias": "t",
                          "Startup Cost": 0.0,
                          "Total Cost": 43899.32,
                          "Plan Rows": 252819,
                          "Plan Width": 4,
                          "Actual Startup Time": 0.028,
                          "Actual Total Time": 104.302,
                          "Actual Rows": 255438,
                          "Actual Loops": 4,
                          "Filter": "(production_year < 2000)",
                          "Rows Removed by Filter": 376640
                        }
                      ]
                    }
                  ]
                }
              ]
            }
          ]
        }
      ]
    },
    "Planning Time": 0.319,
    "Triggers": [],
    "Execution Time": 298.902
  }
]