[
  {
    "Plan": {
      "Node Type": "Aggregate",
      "Strategy": "Plain",
      "Partial Mode": "Finalize",
      "Parallel Aware": false,
      "Startup Cost": 72041.36,
      "Total Cost": 72041.37,
      "Plan Rows": 1,
      "Plan Width": 8,
      "Actual Startup Time": 214.176,
      "Actual Total Time": 230.061,
      "Actual Rows": 1,
      "Actual Loops": 1,
      "Plans": [
        {
          "Node Type": "Gather",
          "Parent Relationship": "Outer",
          "Parallel Aware": false,
          "Startup Cost": 72040.94,
          "Total Cost": 72041.35,
          "Plan Rows": 4,
          "Plan Width": 8,
          "Actual Startup Time": 212.534,
          "Actual Total Time": 230.049,
          "Actual Rows": 5,
          "Actual Loops": 1,
          "Workers Planned": 4,
          "Workers Launched": 4,
          "Single Copy": false,
          "Plans": [
            {
              "Node Type": "Aggregate",
              "Strategy": "Plain",
              "Partial Mode": "Partial",
              "Parent Relationship": "Outer",
              "Parallel Aware": false,
              "Startup Cost": 71040.94,
              "Total Cost": 71040.95,
              "Plan Rows": 1,
              "Plan Width": 8,
              "Actual Startup Time": 203.199,
              "Actual Total Time": 203.258,
              "Actual Rows": 1,
              "Actual Loops": 5,
              "Plans": [
                {
                  "Node Type": "Hash Join",
                  "Parent Relationship": "Outer",
                  "Parallel Aware": true,
                  "Join Type": "Inner",
                  "Startup Cost": 25799.72,
                  "Total Cost": 71010.34,
                  "Plan Rows": 12240,
                  "Plan Width": 0,
                  "Actual Startup Time": 90.709,
                  "Actual Total Time": 201.957,
                  "Actual Rows": 23651,
                  "Actual Loops": 5,
                  "Inner Unique": false,
                  "Hash Cond": "(t.id = mc.movie_id)",
                  "Plans": [
                    {
                      "Node Type": "Seq Scan",
                      "Parent Relationship": "Outer",
                      "Parallel Aware": true,
                      "Relation Name": "title",
                      "Alias": "t",
                      "Startup Cost": 0.0,
                      "Total Cost": 43898.92,
                      "Plan Rows": 254444,
                      "Plan Width": 4,
                      "Actual Startup Time": 0.011,
                      "Actual Total Time": 73.095,
                      "Actual Rows": 204350,
                      "Actual Loops": 5,
                      "Filter": "(production_year < 2000)",
                      "Rows Removed by Filter": 301312
                    },
                    {
                      "Node Type": "Hash",
                      "Parent Relationship": "Inner",
                      "Parallel Aware": true,
                      "Startup Cost": 25309.31,
                      "Total Cost": 25309.31,
                      "Plan Rows": 39233,
                      "Plan Width": 4,
                      "Actual Startup Time": 89.233,
                      "Actual Total Time": 89.234,
                      "Actual Rows": 37668,
                      "Actual Loops": 5,
                      "Hash Buckets": 262144,
                      "Original Hash Buckets": 131072,
                      "Hash Batches": 1,
                      "Original Hash Batches": 1,
                      "Peak Memory Usage": 10496,
                      "Plans": [
                        {
                          "Node Type": "Bitmap Heap Scan",
                          "Parent Relationship": "Outer",
                          "Parallel Aware": true,
                          "Relation Name": "movie_companies",
                          "Alias": "mc",
                          "Startup Cost": 5323.83,
                          "Total Cost": 25309.31,
                          "Plan Rows": 39233,
                          "Plan Width": 4,
                          "Actual Startup Time": 25.95,
                          "Actual Total Time": 67.699,
                          "Actual Rows": 37668,
                          "Actual Loops": 5,
                          "Recheck Cond": "(company_id < 115)",
                          "Rows Removed by Index Recheck": 0,
                          "Filter": "(company_type_id = 1)",
                          "Rows Removed by Filter": 11540,
                          "Exact Heap Blocks": 7785,
                          "Lossy Heap Blocks": 0,
                          "Plans": [
                            {
                              "Node Type": "Bitmap Index Scan",
                              "Parent Relationship": "Outer",
                              "Parallel Aware": false,
                              "Index Name": "company_id_movie_companies",
                              "Startup Cost": 0.0,
                              "Total Cost": 5293.43,
                              "Plan Rows": 247066,
                              "Plan Width": 0,
                              "Actual Startup Time": 25.711,
                              "Actual Total Time": 25.712,
                              "Actual Rows": 246042,
                              "Actual Loops": 1,
                              "Index Cond": "(company_id < 115)"
                            }
                          ]
                        }
                      ]
                    }
                  ]
                }
              ]
            }
          ]
        }
      ]
    },
    "Planning Time": 0.646,
    "Triggers": [],
    "Execution Time": 230.178
  }
]