[
  {
    "Plan": {
      "Node Type": "Aggregate",
      "Strategy": "Plain",
      "Partial Mode": "Finalize",
      "Parallel Aware": false,
      "Startup Cost": 32674.11,
      "Total Cost": 32674.12,
      "Plan Rows": 1,
      "Plan Width": 8,
      "Actual Startup Time": 93.143,
      "Actual Total Time": 101.177,
      "Actual Rows": 1,
      "Actual Loops": 1,
      "Plans": [
        {
          "Node Type": "Gather",
          "Parent Relationship": "Outer",
          "Parallel Aware": false,
          "Startup Cost": 32673.79,
          "Total Cost": 32674.1,
          "Plan Rows": 3,
          "Plan Width": 8,
          "Actual Startup Time": 93.011,
          "Actual Total Time": 101.168,
          "Actual Rows": 4,
          "Actual Loops": 1,
          "Workers Planned": 3,
          "Workers Launched": 3,
          "Single Copy": false,
          "Plans": [
            {
              "Node Type": "Aggregate",
              "Strategy": "Plain",
              "Partial Mode": "Partial",
              "Parent Relationship": "Outer",
              "Parallel Aware": false,
              "Startup Cost": 31673.79,
              "Total Cost": 31673.8,
              "Plan Rows": 1,
              "Plan Width": 8,
              "Actual Startup Time": 84.462,
              "Actual Total Time": 84.463,
              "Actual Rows": 1,
              "Actual Loops": 4,
              "Plans": [
                {
                  "Node Type": "Seq Scan",
                  "Parent Relationship": "Outer",
                  "Parallel Aware": true,
                  "Relation Name": "movie_companies",
                  "Alias": "mc",
                  "Startup Cost": 0.0,
                  "Total Cost": 31414.82,
                  "Plan Rows": 103590,
                  "Plan Width": 0,
                  "Actual Startup Time": 0.05,
                  "Actual Total Time": 75.173,
                  "Actual Rows": 116906,
                  "Actual Loops": 4,
                  "Filter": "((company_id < 885) AND (company_type_id < 2))",
                  "Rows Removed by Filter": 535376
                }
              ]
            }
          ]
        }
      ]
    },
    "Planning Time": 0.184,
    "Triggers": [],
    "Execution Time": 101.23
  }
]