[
  {
    "Plan": {
      "Node Type": "Aggregate",
      "Strategy": "Plain",
      "Partial Mode": "Finalize",
      "Parallel Aware": false,
      "Startup Cost": 91466.11,
      "Total Cost": 91466.12,
      "Plan Rows": 1,
      "Plan Width": 8,
      "Actual Startup Time": 446.994,
      "Actual Total Time": 462.844,
      "Actual Rows": 1,
      "Actual Loops": 1,
      "Plans": [
        {
          "Node Type": "Gather",
          "Parent Relationship": "Outer",
          "Parallel Aware": false,
          "Startup Cost": 91465.8,
          "Total Cost": 91466.11,
          "Plan Rows": 3,
          "Plan Width": 8,
          "Actual Startup Time": 437.723,
          "Actual Total Time": 462.832,
          "Actual Rows": 4,
          "Actual Loops": 1,
          "Workers Planned": 3,
          "Workers Launched": 3,
          "Single Copy": false,
          "Plans": [
            {
              "Node Type": "Aggregate",
              "Strategy": "Plain",
              "Partial Mode": "Partial",
              "Parent Relationship": "Outer",
              "Parallel Aware": false,
              "Startup Cost": 90465.8,
              "Total Cost": 90465.81,
              "Plan Rows": 1,
              "Plan Width": 8,
              "Actual Startup Time": 425.337,
              "Actual Total Time": 425.342,
              "Actual Rows": 1,
              "Actual Loops": 4,
              "Plans": [
                {
                  "Node Type": "Hash Join",
                  "Parent Relationship": "Outer",
                  "Parallel Aware": true,
                  "Join Type": "Inner",
                  "Startup Cost": 62628.18,
                  "Total Cost": 90114.09,
                  "Plan Rows": 140681,
                  "Plan Width": 0,
                  "Actual Startup Time": 307.532,
                  "Actual Total Time": 422.156,
                  "Actual Rows": 54830,
                  "Actual Loops": 4,
                  "Inner Unique": true,
                  "Hash Cond": "(mk.movie_id = t.id)",
                  "Plans": [
                    {
                      "Node Type": "Bitmap Heap Scan",
                      "Parent Relationship": "Outer",
                      "Parallel Aware": true,
                      "Relation Name": "movie_keyword",
                      "Alias": "mk",
                      "Startup Cost": 13184.41,
                      "Total Cost": 40144.12,
                      "Plan Rows": 200457,
                      "Plan Width": 4,
                      "Actual Startup Time": 43.505,
                      "Actual Total Time": 103.275,
                      "Actual Rows": 158212,
                      "Actual Loops": 4,
                      "Recheck Cond": "(keyword_id < 495)",
                      "Rows Removed by Index Recheck": 0,
                      "Exact Heap Blocks": 7080,
                      "Lossy Heap Blocks": 0,
                      "Plans": [
                        {
                          "Node Type": "Bitmap Index Scan",
                          "Parent Relationship": "Outer",
                          "Parallel Aware": false,
                          "Index Name": "keyword_id_movie_keyword",
                          "Startup Cost": 0.0,
                          "Total Cost": 13029.05,
                          "Plan Rows": 621416,
                          "Plan Width": 0,
                          "Actual Startup Time": 39.801,
                          "Actual Total Time": 39.802,
                          "Actual Rows": 632848,
                          "Actual Loops": 1,
                          "Index Cond": "(keyword_id < 495)"
                        }
                      ]
                    },
                    {
                      "Node Type": "Hash",
                      "Parent Relationship": "Inner",
                      "Parallel Aware": true,
                      "Startup Cost": 43898.92,
                      "Total Cost": 43898.92,
                      "Plan Rows": 443589,
                      "Plan Width": 4,
                      "Actual Startup Time": 255.828,
                      "Actual Total Time": 255.829,
                      "Actual Rows": 443659,
                      "Actual Loops": 4,
                      "Hash Buckets": 2097152,
                      "Original Hash Buckets": 2097152,
                      "Hash Batches": 1,
                      "Original Hash Batches": 1,
                      "Peak Memory Usage": 85856,
                      "Plans": [
                        {
                          "Node Type": "Seq Scan",
                          "Parent Relationship": "Outer",
                          "Parallel Aware": true,
                          "Relation Name": "title",
                          "Alias": "t",
                          "Startup Cost": 0.0,
                          "Total Cost": 43898.92,
                          "Plan Rows": 443589,
                          "Plan Width": 4,
                          "Actual Startup Time": 0.037,
                          "Actual Total Time": 103.884,
                          "Actual Rows": 443659,
                          "Actual Loops": 4,
                          "Filter": "(kind_id > 2)",
                          "Rows Removed by Filter": 188419
                        }
                      ]
                    }
                  ]
                }
              ]
            }
          ]
        }
      ]
    },
    "Planning Time": 0.61,
    "Triggers": [],
    "Execution Time": 462.992
  }
]