[
  {
    "Plan": {
      "Node Type": "Aggregate",
      "Strategy": "Plain",
      "Partial Mode": "Finalize",
      "Parallel Aware": false,
      "Startup Cost": 255328.19,
      "Total Cost": 255328.2,
      "Plan Rows": 1,
      "Plan Width": 8,
      "Actual Startup Time": 381.958,
      "Actual Total Time": 400.433,
      "Actual Rows": 1,
      "Actual Loops": 1,
      "Plans": [
        {
          "Node Type": "Gather",
          "Parent Relationship": "Outer",
          "Parallel Aware": false,
          "Startup Cost": 255327.57,
          "Total Cost": 255328.18,
          "Plan Rows": 6,
          "Plan Width": 8,
          "Actual Startup Time": 381.779,
          "Actual Total Time": 400.423,
          "Actual Rows": 7,
          "Actual Loops": 1,
          "Workers Planned": 6,
          "Workers Launched": 6,
          "Single Copy": false,
          "Plans": [
            {
              "Node Type": "Aggregate",
              "Strategy": "Plain",
              "Partial Mode": "Partial",
              "Parent Relationship": "Outer",
              "Parallel Aware": false,
              "Startup Cost": 254327.57,
              "Total Cost": 254327.58,
              "Plan Rows": 1,
              "Plan Width": 8,
              "Actual Startup Time": 373.285,
              "Actual Total Time": 373.287,
              "Actual Rows": 1,
              "Actual Loops": 7,
              "Plans": [
                {
                  "Node Type": "Index Scan",
                  "Parent Relationship": "Outer",
                  "Parallel Aware": true,
                  "Scan Direction": "Forward",
                  "Index Name": "role_id_cast_info",
                  "Relation Name": "cast_info",
                  "Alias": "ci",
                  "Startup Cost": 0.56,
                  "Total Cost": 253362.23,
                  "Plan Rows": 386136,
                  "Plan Width": 0,
                  "Actual Startup Time": 0.195,
                  "Actual Total Time": 321.818,
                  "Actual Rows": 861759,
                  "Actual Loops": 7,
                  "Index Cond": "(role_id > 4)",
                  "Rows Removed by Index Recheck": 0,
                  "Filter": "(person_id > 2813582)",
                  "Rows Removed by Filter": 478913
                }
              ]
            }
          ]
        }
      ]
    },
    "Planning Time": 0.102,
    "Triggers": [],
    "Execution Time": 400.47
  }
]