[
  {
    "Plan": {
      "Node Type": "Aggregate",
      "Strategy": "Plain",
      "Partial Mode": "Finalize",
      "Parallel Aware": false,
      "Startup Cost": 31341.03,
      "Total Cost": 31341.04,
      "Plan Rows": 1,
      "Plan Width": 8,
      "Actual Startup Time": 91.836,
      "Actual Total Time": 97.965,
      "Actual Rows": 1,
      "Actual Loops": 1,
      "Plans": [
        {
          "Node Type": "Gather",
          "Parent Relationship": "Outer",
          "Parallel Aware": false,
          "Startup Cost": 31340.71,
          "Total Cost": 31341.02,
          "Plan Rows": 3,
          "Plan Width": 8,
          "Actual Startup Time": 91.736,
          "Actual Total Time": 97.958,
          "Actual Rows": 4,
          "Actual Loops": 1,
          "Workers Planned": 3,
          "Workers Launched": 3,
          "Single Copy": false,
          "Plans": [
            {
              "Node Type": "Aggregate",
              "Strategy": "Plain",
              "Partial Mode": "Partial",
              "Parent Relationship": "Outer",
              "Parallel Aware": false,
              "Startup Cost": 30340.71,
              "Total Cost": 30340.72,
              "Plan Rows": 1,
              "Plan Width": 8,
              "Actual Startup Time": 86.58,
              "Actual Total Time": 86.581,
              "Actual Rows": 1,
              "Actual Loops": 4,
              "Plans": [
                {
                  "Node Type": "Seq Scan",
                  "Parent Relationship": "Outer",
                  "Parallel Aware": true,
                  "Relation Name": "movie_companies",
                  "Alias": "mc",
                  "Startup Cost": 0.0,
                  "Total Cost": 29310.68,
                  "Plan Rows": 412013,
                  "Plan Width": 0,
                  "Actual Startup Time": 18.487,
                  "Actual Total Time": 73.101,
                  "Actual Rows": 319781,
                  "Actual Loops": 4,
                  "Filter": "(company_id > 11387)",
                  "Rows Removed by Filter": 332501
                }
              ]
            }
          ]
        }
      ]
    },
    "Planning Time": 0.194,
    "Triggers": [],
    "Execution Time": 98.022
  }
]