{
  "Plan": {
    "Node Type": "Aggregate",
    "Strategy": "Plain",
    "Partial Mode": "Simple",
    "Parallel Aware": false,
    "Startup Cost": 755899.37,
    "Total Cost": 755899.38,
    "Plan Rows": 1,
    "Plan Width": 64,
    "Actual Startup Time": 9535.369,
    "Actual Total Time": 9549.698,
    "Actual Rows": 1,
    "Actual Loops": 1,
    "Plans": [
      {
        "Node Type": "Gather",
        "Parent Relationship": "Outer",
        "Parallel Aware": false,
        "Startup Cost": 681982.96,
        "Total Cost": 755899.36,
        "Plan Rows": 1,
        "Plan Width": 15,
        "Actual Startup Time": 7648.043,
        "Actual Total Time": 9548.741,
        "Actual Rows": 8137,
        "Actual Loops": 1,
        "Workers Planned": 1,
        "Workers Launched": 0,
        "Single Copy": false,
        "Plans": [
          {
            "Node Type": "Nested Loop",
            "Parent Relationship": "Outer",
            "Parallel Aware": false,
            "Join Type": "Inner",
            "Startup Cost": 680982.96,
            "Total Cost": 754899.26,
            "Plan Rows": 1,
            "Plan Width": 15,
            "Actual Startup Time": 7647.135,
            "Actual Total Time": 9532.799,
            "Actual Rows": 8137,
            "Actual Loops": 1,
            "Inner Unique": true,
            "Plans": [
              {
                "Node Type": "Nested Loop",
                "Parent Relationship": "Outer",
                "Parallel Aware": false,
                "Join Type": "Inner",
                "Startup Cost": 680982.54,
                "Total Cost": 754896.59,
                "Plan Rows": 6,
                "Plan Width": 19,
                "Actual Startup Time": 7638.294,
                "Actual Total Time": 9256.631,
                "Actual Rows": 182287,
                "Actual Loops": 1,
                "Inner Unique": false,
                "Plans": [
                  {
                    "Node Type": "Hash Join",
                    "Parent Relationship": "Outer",
                    "Parallel Aware": false,
                    "Join Type": "Inner",
                    "Startup Cost": 680982.11,
                    "Total Cost": 754893.16,
                    "Plan Rows": 6,
                    "Plan Width": 27,
                    "Actual Startup Time": 7638.264,
                    "Actual Total Time": 9156.138,
                    "Actual Rows": 23671,
                    "Actual Loops": 1,
                    "Inner Unique": true,
                    "Hash Cond": "(mk.keyword_id = k.id)",
                    "Plans": [
                      {
                        "Node Type": "Hash Join",
                        "Parent Relationship": "Outer",
                        "Parallel Aware": true,
                        "Join Type": "Inner",
                        "Startup Cost": 678355.97,
                        "Total Cost": 750244.71,
                        "Plan Rows": 770379,
                        "Plan Width": 31,
                        "Actual Startup Time": 7615.512,
                        "Actual Total Time": 8892.766,
                        "Actual Rows": 4984142,
                        "Actual Loops": 1,
                        "Inner Unique": false,
                        "Hash Cond": "(mk.movie_id = ci.movie_id)",
                        "Plans": [
                          {
                            "Node Type": "Seq Scan",
                            "Parent Relationship": "Outer",
                            "Parallel Aware": true,
                            "Relation Name": "movie_keyword",
                            "Alias": "mk",
                            "Startup Cost": 0.0,
                            "Total Cost": 51065.35,
                            "Plan Rows": 2661135,
                            "Plan Width": 8,
                            "Actual Startup Time": 0.009,
                            "Actual Total Time": 305.559,
                            "Actual Rows": 4523930,
                            "Actual Loops": 1
                          },
                          {
                            "Node Type": "Hash",
                            "Parent Relationship": "Inner",
                            "Parallel Aware": true,
                            "Startup Cost": 672974.4,
                            "Total Cost": 672974.4,
                            "Plan Rows": 430526,
                            "Plan Width": 23,
                            "Actual Startup Time": 7604.957,
                            "Actual Total Time": 7604.966,
                            "Actual Rows": 804315,
                            "Actual Loops": 1,
                            "Hash Buckets": 1048576,
                            "Original Hash Buckets": 1048576,
                            "Hash Batches": 1,
                            "Original Hash Batches": 1,
                            "Peak Memory Usage": 53920,
                            "Plans": [
                              {
                                "Node Type": "Hash Join",
                                "Parent Relationship": "Outer",
                                "Parallel Aware": true,
                                "Join Type": "Inner",
                                "Startup Cost": 613995.24,
                                "Total Cost": 672974.4,
                                "Plan Rows": 430526,
                                "Plan Width": 23,
                                "Actual Startup Time": 6150.726,
                                "Actual Total Time": 7335.159,
                                "Actual Rows": 804315,
                                "Actual Loops": 1,
                                "Inner Unique": false,
                                "Hash Cond": "(t.id = ci.movie_id)",
                                "Plans": [
                                  {
                                    "Node Type": "Seq Scan",
                                    "Parent Relationship": "Outer",
                                    "Parallel Aware": true,
                                    "Relation Name": "title",
                                    "Alias": "t",
                                    "Startup Cost": 0.0,
                                    "Total Cost": 50869.75,
                                    "Plan Rows": 1487175,
                                    "Plan Width": 4,
                                    "Actual Startup Time": 0.007,
                                    "Actual Total Time": 232.185,
                                    "Actual Rows": 2528312,
                                    "Actual Loops": 1
                                  },
                                  {
                                    "Node Type": "Hash",
                                    "Parent Relationship": "Inner",
                                    "Parallel Aware": true,
                                    "Startup Cost": 608613.66,
                                    "Total Cost": 608613.66,
                                    "Plan Rows": 430526,
                                    "Plan Width": 19,
                                    "Actual Startup Time": 6141.739,
                                    "Actual Total Time": 6141.744,
                                    "Actual Rows": 804315,
                                    "Actual Loops": 1,
                                    "Hash Buckets": 1048576,
                                    "Original Hash Buckets": 1048576,
                                    "Hash Batches": 1,
                                    "Original Hash Batches": 1,
                                    "Peak Memory Usage": 51680,
                                    "Plans": [
                                      {
                                        "Node Type": "Hash Join",
                                        "Parent Relationship": "Outer",
                                        "Parallel Aware": true,
                                        "Join Type": "Inner",
                                        "Startup Cost": 86873.39,
                                        "Total Cost": 608613.66,
                                        "Plan Rows": 430526,
                                        "Plan Width": 19,
                                        "Actual Startup Time": 1232.569,
                                        "Actual Total Time": 5878.846,
                                        "Actual Rows": 804315,
                                        "Actual Loops": 1,
                                        "Inner Unique": true,
                                        "Hash Cond": "(ci.person_id = n.id)",
                                        "Plans": [
                                          {
                                            "Node Type": "Seq Scan",
                                            "Parent Relationship": "Outer",
                                            "Parallel Aware": true,
                                            "Relation Name": "cast_info",
                                            "Alias": "ci",
                                            "Startup Cost": 0.0,
                                            "Total Cost": 465798.46,
                                            "Plan Rows": 21311146,
                                            "Plan Width": 8,
                                            "Actual Startup Time": 0.006,
                                            "Actual Total Time": 2535.613,
                                            "Actual Rows": 36244344,
                                            "Actual Loops": 1
                                          },
                                          {
                                            "Node Type": "Hash",
                                            "Parent Relationship": "Inner",
                                            "Parallel Aware": true,
                                            "Startup Cost": 86254.38,
                                            "Total Cost": 86254.38,
                                            "Plan Rows": 49521,
                                            "Plan Width": 19,
                                            "Actual Startup Time": 391.672,
                                            "Actual Total Time": 391.673,
                                            "Actual Rows": 101145,
                                            "Actual Loops": 1,
                                            "Hash Buckets": 131072,
                                            "Original Hash Buckets": 131072,
                                            "Hash Batches": 1,
                                            "Original Hash Batches": 1,
                                            "Peak Memory Usage": 6496,
                                            "Plans": [
                                              {
                                                "Node Type": "Seq Scan",
                                                "Parent Relationship": "Outer",
                                                "Parallel Aware": true,
                                                "Relation Name": "name",
                                                "Alias": "n",
                                                "Startup Cost": 0.0,
                                                "Total Cost": 86254.38,
                                                "Plan Rows": 49521,
                                                "Plan Width": 19,
                                                "Actual Startup Time": 66.513,
                                                "Actual Total Time": 361.338,
                                                "Actual Rows": 101145,
                                                "Actual Loops": 1,
                                                "Filter": "(name ~~ 'J%'::text)",
                                                "Rows Removed by Filter": 4066346
                                              }
                                            ]
                                          }
                                        ]
                                      }
                                    ]
                                  }
                                ]
                              }
                            ]
                          }
                        ]
                      },
                      {
                        "Node Type": "Hash",
                        "Parent Relationship": "Inner",
                        "Parallel Aware": false,
                        "Startup Cost": 2626.12,
                        "Total Cost": 2626.12,
                        "Plan Rows": 1,
                        "Plan Width": 4,
                        "Actual Startup Time": 22.534,
                        "Actual Total Time": 22.535,
                        "Actual Rows": 1,
                        "Actual Loops": 1,
                        "Hash Buckets": 1024,
                        "Original Hash Buckets": 1024,
                        "Hash Batches": 1,
                        "Original Hash Batches": 1,
                        "Peak Memory Usage": 9,
                        "Plans": [
                          {
                            "Node Type": "Seq Scan",
                            "Parent Relationship": "Outer",
                            "Parallel Aware": false,
                            "Relation Name": "keyword",
                            "Alias": "k",
                            "Startup Cost": 0.0,
                            "Total Cost": 2626.12,
                            "Plan Rows": 1,
                            "Plan Width": 4,
                            "Actual Startup Time": 1.346,
                            "Actual Total Time": 22.526,
                            "Actual Rows": 1,
                            "Actual Loops": 1,
                            "Filter": "(keyword = 'character-name-in-title'::text)",
                            "Rows Removed by Filter": 134169
                          }
                        ]
                      }
                    ]
                  },
                  {
                    "Node Type": "Index Scan",
                    "Parent Relationship": "Inner",
                    "Parallel Aware": false,
                    "Scan Direction": "Forward",
                    "Index Name": "movie_id_movie_companies",
                    "Relation Name": "movie_companies",
                    "Alias": "mc",
                    "Startup Cost": 0.43,
                    "Total Cost": 0.52,
                    "Plan Rows": 5,
                    "Plan Width": 8,
                    "Actual Startup Time": 0.002,
                    "Actual Total Time": 0.003,
                    "Actual Rows": 8,
                    "Actual Loops": 23671,
                    "Index Cond": "(movie_id = ci.movie_id)",
                    "Rows Removed by Index Recheck": 0
                  }
                ]
              },
              {
                "Node Type": "Index Scan",
                "Parent Relationship": "Inner",
                "Parallel Aware": false,
                "Scan Direction": "Forward",
                "Index Name": "company_name_pkey",
                "Relation Name": "company_name",
                "Alias": "cn",
                "Startup Cost": 0.42,
                "Total Cost": 0.45,
                "Plan Rows": 1,
                "Plan Width": 4,
                "Actual Startup Time": 0.001,
                "Actual Total Time": 0.001,
                "Actual Rows": 0,
                "Actual Loops": 182287,
                "Index Cond": "(id = mc.company_id)",
                "Rows Removed by Index Recheck": 0,
                "Filter": "((country_code)::text = '[fr]'::text)",
                "Rows Removed by Filter": 1
              }
            ]
          }
        ]
      }
    ]
  },
  "Planning Time": 2.166,
  "Triggers": [],
  "Execution Time": 9549.833
}