[
  {
    "Plan": {
      "Node Type": "Aggregate",
      "Strategy": "Plain",
      "Partial Mode": "Finalize",
      "Parallel Aware": false,
      "Startup Cost": 120848.45,
      "Total Cost": 120848.46,
      "Plan Rows": 1,
      "Plan Width": 8,
      "Actual Startup Time": 479.339,
      "Actual Total Time": 501.177,
      "Actual Rows": 1,
      "Actual Loops": 1,
      "Plans": [
        {
          "Node Type": "Gather",
          "Parent Relationship": "Outer",
          "Parallel Aware": false,
          "Startup Cost": 120848.13,
          "Total Cost": 120848.44,
          "Plan Rows": 3,
          "Plan Width": 8,
          "Actual Startup Time": 467.752,
          "Actual Total Time": 501.168,
          "Actual Rows": 4,
          "Actual Loops": 1,
          "Workers Planned": 3,
          "Workers Launched": 3,
          "Single Copy": false,
          "Plans": [
            {
              "Node Type": "Aggregate",
              "Strategy": "Plain",
              "Partial Mode": "Partial",
              "Parent Relationship": "Outer",
              "Parallel Aware": false,
              "Startup Cost": 119848.13,
              "Total Cost": 119848.14,
              "Plan Rows": 1,
              "Plan Width": 8,
              "Actual Startup Time": 456.768,
              "Actual Total Time": 456.774,
              "Actual Rows": 1,
              "Actual Loops": 4,
              "Plans": [
                {
                  "Node Type": "Hash Join",
                  "Parent Relationship": "Outer",
                  "Parallel Aware": true,
                  "Join Type": "Inner",
                  "Startup Cost": 86904.14,
                  "Total Cost": 119766.37,
                  "Plan Rows": 32705,
                  "Plan Width": 0,
                  "Actual Startup Time": 368.309,
                  "Actual Total Time": 456.321,
                  "Actual Rows": 9551,
                  "Actual Loops": 4,
                  "Inner Unique": false,
                  "Hash Cond": "(mc.movie_id = t.id)",
                  "Plans": [
                    {
                      "Node Type": "Seq Scan",
                      "Parent Relationship": "Outer",
                      "Parallel Aware": true,
                      "Relation Name": "movie_companies",
                      "Alias": "mc",
                      "Startup Cost": 0.0,
                      "Total Cost": 31414.82,
                      "Plan Rows": 357842,
                      "Plan Width": 4,
                      "Actual Startup Time": 0.048,
                      "Actual Total Time": 70.981,
                      "Actual Rows": 252486,
                      "Actual Loops": 4,
                      "Filter": "((company_id > 164) AND (company_type_id = 1))",
                      "Rows Removed by Filter": 399796
                    },
                    {
                      "Node Type": "Hash",
                      "Parent Relationship": "Inner",
                      "Parallel Aware": true,
                      "Startup Cost": 85972.33,
                      "Total Cost": 85972.33,
                      "Plan Rows": 74545,
                      "Plan Width": 8,
                      "Actual Startup Time": 360.655,
                      "Actual Total Time": 360.659,
                      "Actual Rows": 11250,
                      "Actual Loops": 4,
                      "Hash Buckets": 262144,
                      "Original Hash Buckets": 262144,
                      "Hash Batches": 1,
                      "Original Hash Batches": 1,
                      "Peak Memory Usage": 3904,
                      "Plans": [
                        {
                          "Node Type": "Hash Join",
                          "Parent Relationship": "Outer",
                          "Parallel Aware": true,
                          "Join Type": "Inner",
                          "Startup Cost": 59255.27,
                          "Total Cost": 85972.33,
                          "Plan Rows": 74545,
                          "Plan Width": 8,
                          "Actual Startup Time": 272.424,
                          "Actual Total Time": 355.937,
                          "Actual Rows": 11250,
                          "Actual Loops": 4,
                          "Inner Unique": true,
                          "Hash Cond": "(mk.movie_id = t.id)",
                          "Plans": [
                            {
                              "Node Type": "Bitmap Heap Scan",
                              "Parent Relationship": "Outer",
                              "Parallel Aware": true,
                              "Relation Name": "movie_keyword",
                              "Alias": "mk",
                              "Startup Cost": 9839.15,
                              "Total Cost": 36163.46,
                              "Plan Rows": 149624,
                              "Plan Width": 4,
                              "Actual Startup Time": 35.924,
                              "Actual Total Time": 91.013,
                              "Actual Rows": 114884,
                              "Actual Loops": 4,
                              "Recheck Cond": "(keyword_id > 38625)",
                              "Rows Removed by Index Recheck": 0,
                              "Exact Heap Blocks": 7236,
                              "Lossy Heap Blocks": 0,
                              "Plans": [
                                {
                                  "Node Type": "Bitmap Index Scan",
                                  "Parent Relationship": "Outer",
                                  "Parallel Aware": false,
                                  "Index Name": "keyword_id_movie_keyword",
                                  "Startup Cost": 0.0,
                                  "Total Cost": 9723.2,
                                  "Plan Rows": 463835,
                                  "Plan Width": 0,
                                  "Actual Startup Time": 32.55,
                                  "Actual Total Time": 32.551,
                                  "Actual Rows": 459537,
                                  "Actual Loops": 1,
                                  "Index Cond": "(keyword_id > 38625)"
                                }
                              ]
                            },
                            {
                              "Node Type": "Hash",
                              "Parent Relationship": "Inner",
                              "Parallel Aware": true,
                              "Startup Cost": 45479.59,
                              "Total Cost": 45479.59,
                              "Plan Rows": 314922,
                              "Plan Width": 4,
                              "Actual Startup Time": 230.741,
                              "Actual Total Time": 230.742,
                              "Actual Rows": 305384,
                              "Actual Loops": 4,
                              "Hash Buckets": 2097152,
                              "Original Hash Buckets": 2097152,
                              "Hash Batches": 1,
                              "Original Hash Batches": 1,
                              "Peak Memory Usage": 64256,
                              "Plans": [
                                {
                                  "Node Type": "Seq Scan",
                                  "Parent Relationship": "Outer",
                                  "Parallel Aware": true,
                                  "Relation Name": "title",
                                  "Alias": "t",
                                  "Startup Cost": 0.0,
                                  "Total Cost": 45479.59,
                                  "Plan Rows": 314922,
                                  "Plan Width": 4,
                                  "Actual Startup Time": 0.042,
                                  "Actual Total Time": 112.774,
                                  "Actual Rows": 305384,
                                  "Actual Loops": 4,
                                  "Filter": "((production_year < 2011) AND (kind_id = 7))",
                                  "Rows Removed by Filter": 326694
                                }
                              ]
                            }
                          ]
                        }
                      ]
                    }
                  ]
                }
              ]
            }
          ]
        }
      ]
    },
    "Planning Time": 0.918,
    "Triggers": [],
    "Execution Time": 501.253
  }
]