[
  {
    "Plan": {
      "Node Type": "Aggregate",
      "Strategy": "Plain",
      "Partial Mode": "Finalize",
      "Parallel Aware": false,
      "Startup Cost": 121043.06,
      "Total Cost": 121043.07,
      "Plan Rows": 1,
      "Plan Width": 8,
      "Actual Startup Time": 487.535,
      "Actual Total Time": 506.817,
      "Actual Rows": 1,
      "Actual Loops": 1,
      "Plans": [
        {
          "Node Type": "Gather",
          "Parent Relationship": "Outer",
          "Parallel Aware": false,
          "Startup Cost": 121042.74,
          "Total Cost": 121043.05,
          "Plan Rows": 3,
          "Plan Width": 8,
          "Actual Startup Time": 479.331,
          "Actual Total Time": 506.806,
          "Actual Rows": 4,
          "Actual Loops": 1,
          "Workers Planned": 3,
          "Workers Launched": 3,
          "Single Copy": false,
          "Plans": [
            {
              "Node Type": "Aggregate",
              "Strategy": "Plain",
              "Partial Mode": "Partial",
              "Parent Relationship": "Outer",
              "Parallel Aware": false,
              "Startup Cost": 120042.74,
              "Total Cost": 120042.75,
              "Plan Rows": 1,
              "Plan Width": 8,
              "Actual Startup Time": 463.538,
              "Actual Total Time": 463.544,
              "Actual Rows": 1,
              "Actual Loops": 4,
              "Plans": [
                {
                  "Node Type": "Hash Join",
                  "Parent Relationship": "Outer",
                  "Parallel Aware": true,
                  "Join Type": "Inner",
                  "Startup Cost": 87085.15,
                  "Total Cost": 119959.41,
                  "Plan Rows": 33335,
                  "Plan Width": 0,
                  "Actual Startup Time": 371.518,
                  "Actual Total Time": 463.088,
                  "Actual Rows": 9551,
                  "Actual Loops": 4,
                  "Inner Unique": false,
                  "Hash Cond": "(mc.movie_id = t.id)",
                  "Plans": [
                    {
                      "Node Type": "Seq Scan",
                      "Parent Relationship": "Outer",
                      "Parallel Aware": true,
                      "Relation Name": "movie_companies",
                      "Alias": "mc",
                      "Startup Cost": 0.0,
                      "Total Cost": 31414.82,
                      "Plan Rows": 360508,
                      "Plan Width": 4,
                      "Actual Startup Time": 0.049,
                      "Actual Total Time": 73.785,
                      "Actual Rows": 252486,
                      "Actual Loops": 4,
                      "Filter": "((company_id > 164) AND (company_type_id = 1))",
                      "Rows Removed by Filter": 399796
                    },
                    {
                      "Node Type": "Hash",
                      "Parent Relationship": "Inner",
                      "Parallel Aware": true,
                      "Startup Cost": 86142.49,
                      "Total Cost": 86142.49,
                      "Plan Rows": 75413,
                      "Plan Width": 8,
                      "Actual Startup Time": 363.291,
                      "Actual Total Time": 363.295,
                      "Actual Rows": 11250,
                      "Actual Loops": 4,
                      "Hash Buckets": 262144,
                      "Original Hash Buckets": 262144,
                      "Hash Batches": 1,
                      "Original Hash Batches": 1,
                      "Peak Memory Usage": 3872,
                      "Plans": [
                        {
                          "Node Type": "Hash Join",
                          "Parent Relationship": "Outer",
                          "Parallel Aware": true,
                          "Join Type": "Inner",
                          "Startup Cost": 59391.5,
                          "Total Cost": 86142.49,
                          "Plan Rows": 75413,
                          "Plan Width": 8,
                          "Actual Startup Time": 273.156,
                          "Actual Total Time": 358.786,
                          "Actual Rows": 11250,
                          "Actual Loops": 4,
                          "Inner Unique": true,
                          "Hash Cond": "(mk.movie_id = t.id)",
                          "Plans": [
                            {
                              "Node Type": "Bitmap Heap Scan",
                              "Parent Relationship": "Outer",
                              "Parallel Aware": true,
                              "Relation Name": "movie_keyword",
                              "Alias": "mk",
                              "Startup Cost": 9989.04,
                              "Total Cost": 36341.38,
                              "Plan Rows": 151867,
                              "Plan Width": 4,
                              "Actual Startup Time": 32.689,
                              "Actual Total Time": 88.83,
                              "Actual Rows": 114884,
                              "Actual Loops": 4,
                              "Recheck Cond": "(keyword_id > 38625)",
                              "Rows Removed by Index Recheck": 0,
                              "Exact Heap Blocks": 5239,
                              "Lossy Heap Blocks": 0,
                              "Plans": [
                                {
                                  "Node Type": "Bitmap Index Scan",
                                  "Parent Relationship": "Outer",
                                  "Parallel Aware": false,
                                  "Index Name": "keyword_id_movie_keyword",
                                  "Startup Cost": 0.0,
                                  "Total Cost": 9871.34,
                                  "Plan Rows": 470788,
                                  "Plan Width": 0,
                                  "Actual Startup Time": 29.127,
                                  "Actual Total Time": 29.128,
                                  "Actual Rows": 459537,
                                  "Actual Loops": 1,
                                  "Index Cond": "(keyword_id > 38625)"
                                }
                              ]
                            },
                            {
                              "Node Type": "Hash",
                              "Parent Relationship": "Inner",
                              "Parallel Aware": true,
                              "Startup Cost": 45479.1,
                              "Total Cost": 45479.1,
                              "Plan Rows": 313869,
                              "Plan Width": 4,
                              "Actual Startup Time": 234.463,
                              "Actual Total Time": 234.464,
                              "Actual Rows": 305384,
                              "Actual Loops": 4,
                              "Hash Buckets": 2097152,
                              "Original Hash Buckets": 2097152,
                              "Hash Batches": 1,
                              "Original Hash Batches": 1,
                              "Peak Memory Usage": 64256,
                              "Plans": [
                                {
                                  "Node Type": "Seq Scan",
                                  "Parent Relationship": "Outer",
                                  "Parallel Aware": true,
                                  "Relation Name": "title",
                                  "Alias": "t",
                                  "Startup Cost": 0.0,
                                  "Total Cost": 45479.1,
                                  "Plan Rows": 313869,
                                  "Plan Width": 4,
                                  "Actual Startup Time": 0.039,
                                  "Actual Total Time": 111.761,
                                  "Actual Rows": 305384,
                                  "Actual Loops": 4,
                                  "Filter": "((production_year < 2011) AND (kind_id = 7))",
                                  "Rows Removed by Filter": 326694
                                }
                              ]
                            }
                          ]
                        }
                      ]
                    }
                  ]
                }
              ]
            }
          ]
        }
      ]
    },
    "Planning Time": 1.528,
    "Triggers": [],
    "Execution Time": 506.925
  }
]