[
  {
    "Plan": {
      "Node Type": "Aggregate",
      "Strategy": "Plain",
      "Partial Mode": "Finalize",
      "Parallel Aware": false,
      "Startup Cost": 113352.42,
      "Total Cost": 113352.43,
      "Plan Rows": 1,
      "Plan Width": 8,
      "Actual Startup Time": 133.748,
      "Actual Total Time": 153.928,
      "Actual Rows": 1,
      "Actual Loops": 1,
      "Plans": [
        {
          "Node Type": "Gather",
          "Parent Relationship": "Outer",
          "Parallel Aware": false,
          "Startup Cost": 113352.0,
          "Total Cost": 113352.41,
          "Plan Rows": 4,
          "Plan Width": 8,
          "Actual Startup Time": 133.608,
          "Actual Total Time": 153.921,
          "Actual Rows": 5,
          "Actual Loops": 1,
          "Workers Planned": 4,
          "Workers Launched": 4,
          "Single Copy": false,
          "Plans": [
            {
              "Node Type": "Aggregate",
              "Strategy": "Plain",
              "Partial Mode": "Partial",
              "Parent Relationship": "Outer",
              "Parallel Aware": false,
              "Startup Cost": 112352.0,
              "Total Cost": 112352.01,
              "Plan Rows": 1,
              "Plan Width": 8,
              "Actual Startup Time": 124.252,
              "Actual Total Time": 124.253,
              "Actual Rows": 1,
              "Actual Loops": 5,
              "Plans": [
                {
                  "Node Type": "Nested Loop",
                  "Parent Relationship": "Outer",
                  "Parallel Aware": false,
                  "Join Type": "Inner",
                  "Startup Cost": 0.56,
                  "Total Cost": 112334.24,
                  "Plan Rows": 7104,
                  "Plan Width": 0,
                  "Actual Startup Time": 3.769,
                  "Actual Total Time": 123.267,
                  "Actual Rows": 10376,
                  "Actual Loops": 5,
                  "Inner Unique": false,
                  "Plans": [
                    {
                      "Node Type": "Seq Scan",
                      "Parent Relationship": "Outer",
                      "Parallel Aware": true,
                      "Relation Name": "title",
                      "Alias": "t",
                      "Startup Cost": 0.0,
                      "Total Cost": 45479.1,
                      "Plan Rows": 496,
                      "Plan Width": 4,
                      "Actual Startup Time": 3.071,
                      "Actual Total Time": 75.109,
                      "Actual Rows": 550,
                      "Actual Loops": 5,
                      "Filter": "((kind_id < 7) AND (production_year = 1951))",
                      "Rows Removed by Filter": 505113
                    },
                    {
                      "Node Type": "Index Only Scan",
                      "Parent Relationship": "Inner",
                      "Parallel Aware": false,
                      "Scan Direction": "Forward",
                      "Index Name": "movie_id_cast_info",
                      "Relation Name": "cast_info",
                      "Alias": "ci",
                      "Startup Cost": 0.56,
                      "Total Cost": 134.42,
                      "Plan Rows": 37,
                      "Plan Width": 4,
                      "Actual Startup Time": 0.015,
                      "Actual Total Time": 0.085,
                      "Actual Rows": 19,
                      "Actual Loops": 2748,
                      "Index Cond": "(movie_id = t.id)",
                      "Rows Removed by Index Recheck": 0,
                      "Heap Fetches": 51878
                    }
                  ]
                }
              ]
            }
          ]
        }
      ]
    },
    "Planning Time": 0.587,
    "Triggers": [],
    "Execution Time": 153.999
  }
]