[
  {
    "Plan": {
      "Node Type": "Aggregate",
      "Strategy": "Plain",
      "Partial Mode": "Finalize",
      "Parallel Aware": false,
      "Startup Cost": 40406.93,
      "Total Cost": 40406.94,
      "Plan Rows": 1,
      "Plan Width": 8,
      "Actual Startup Time": 137.639,
      "Actual Total Time": 145.969,
      "Actual Rows": 1,
      "Actual Loops": 1,
      "Plans": [
        {
          "Node Type": "Gather",
          "Parent Relationship": "Outer",
          "Parallel Aware": false,
          "Startup Cost": 40406.62,
          "Total Cost": 40406.93,
          "Plan Rows": 3,
          "Plan Width": 8,
          "Actual Startup Time": 137.205,
          "Actual Total Time": 145.959,
          "Actual Rows": 4,
          "Actual Loops": 1,
          "Workers Planned": 3,
          "Workers Launched": 3,
          "Single Copy": false,
          "Plans": [
            {
              "Node Type": "Aggregate",
              "Strategy": "Plain",
              "Partial Mode": "Partial",
              "Parent Relationship": "Outer",
              "Parallel Aware": false,
              "Startup Cost": 39406.62,
              "Total Cost": 39406.63,
              "Plan Rows": 1,
              "Plan Width": 8,
              "Actual Startup Time": 128.216,
              "Actual Total Time": 128.217,
              "Actual Rows": 1,
              "Actual Loops": 4,
              "Plans": [
                {
                  "Node Type": "Bitmap Heap Scan",
                  "Parent Relationship": "Outer",
                  "Parallel Aware": true,
                  "Relation Name": "movie_keyword",
                  "Alias": "mk",
                  "Startup Cost": 12175.86,
                  "Total Cost": 38943.82,
                  "Plan Rows": 185117,
                  "Plan Width": 0,
                  "Actual Startup Time": 49.385,
                  "Actual Total Time": 120.338,
                  "Actual Rows": 143412,
                  "Actual Loops": 4,
                  "Recheck Cond": "(keyword_id > 32026)",
                  "Rows Removed by Index Recheck": 0,
                  "Exact Heap Blocks": 10584,
                  "Lossy Heap Blocks": 0,
                  "Plans": [
                    {
                      "Node Type": "Bitmap Index Scan",
                      "Parent Relationship": "Outer",
                      "Parallel Aware": false,
                      "Index Name": "keyword_id_movie_keyword",
                      "Startup Cost": 0.0,
                      "Total Cost": 12032.4,
                      "Plan Rows": 573862,
                      "Plan Width": 0,
                      "Actual Startup Time": 54.239,
                      "Actual Total Time": 54.239,
                      "Actual Rows": 573647,
                      "Actual Loops": 1,
                      "Index Cond": "(keyword_id > 32026)"
                    }
                  ]
                }
              ]
            }
          ]
        }
      ]
    },
    "Planning Time": 0.189,
    "Triggers": [],
    "Execution Time": 146.056
  }
]