[
  {
    "Plan": {
      "Node Type": "Aggregate",
      "Strategy": "Plain",
      "Partial Mode": "Finalize",
      "Parallel Aware": false,
      "Startup Cost": 40665.0,
      "Total Cost": 40665.01,
      "Plan Rows": 1,
      "Plan Width": 8,
      "Actual Startup Time": 139.917,
      "Actual Total Time": 148.401,
      "Actual Rows": 1,
      "Actual Loops": 1,
      "Plans": [
        {
          "Node Type": "Gather",
          "Parent Relationship": "Outer",
          "Parallel Aware": false,
          "Startup Cost": 40664.68,
          "Total Cost": 40664.99,
          "Plan Rows": 3,
          "Plan Width": 8,
          "Actual Startup Time": 139.684,
          "Actual Total Time": 148.392,
          "Actual Rows": 4,
          "Actual Loops": 1,
          "Workers Planned": 3,
          "Workers Launched": 3,
          "Single Copy": false,
          "Plans": [
            {
              "Node Type": "Aggregate",
              "Strategy": "Plain",
              "Partial Mode": "Partial",
              "Parent Relationship": "Outer",
              "Parallel Aware": false,
              "Startup Cost": 39664.68,
              "Total Cost": 39664.69,
              "Plan Rows": 1,
              "Plan Width": 8,
              "Actual Startup Time": 132.433,
              "Actual Total Time": 132.434,
              "Actual Rows": 1,
              "Actual Loops": 4,
              "Plans": [
                {
                  "Node Type": "Bitmap Heap Scan",
                  "Parent Relationship": "Outer",
                  "Parallel Aware": true,
                  "Relation Name": "movie_keyword",
                  "Alias": "mk",
                  "Startup Cost": 12385.47,
                  "Total Cost": 39193.81,
                  "Plan Rows": 188347,
                  "Plan Width": 0,
                  "Actual Startup Time": 51.825,
                  "Actual Total Time": 124.589,
                  "Actual Rows": 143412,
                  "Actual Loops": 4,
                  "Recheck Cond": "(keyword_id > 32026)",
                  "Rows Removed by Index Recheck": 0,
                  "Exact Heap Blocks": 10268,
                  "Lossy Heap Blocks": 0,
                  "Plans": [
                    {
                      "Node Type": "Bitmap Index Scan",
                      "Parent Relationship": "Outer",
                      "Parallel Aware": false,
                      "Index Name": "keyword_id_movie_keyword",
                      "Startup Cost": 0.0,
                      "Total Cost": 12239.5,
                      "Plan Rows": 583876,
                      "Plan Width": 0,
                      "Actual Startup Time": 54.769,
                      "Actual Total Time": 54.769,
                      "Actual Rows": 573647,
                      "Actual Loops": 1,
                      "Index Cond": "(keyword_id > 32026)"
                    }
                  ]
                }
              ]
            }
          ]
        }
      ]
    },
    "Planning Time": 0.181,
    "Triggers": [],
    "Execution Time": 148.478
  }
]