[
    {
        "Bao": {
            "Bao prediction": "NaN",
            "Bao recommended hint": "(no hint)"
        }
    },
    {
        "Plan": {
            "Node Type": "Aggregate",
            "Strategy": "Plain",
            "Partial Mode": "Finalize",
            "Parallel Aware": false,
            "Startup Cost": 289373.99,
            "Total Cost": 289374.0,
            "Plan Rows": 1,
            "Plan Width": 8,
            "Actual Startup Time": 177.816,
            "Actual Total Time": 183.015,
            "Actual Rows": 1,
            "Actual Loops": 1,
            "Output": [
                "count(*)"
            ],
            "Plans": [
                {
                    "Node Type": "Gather",
                    "Parent Relationship": "Outer",
                    "Parallel Aware": false,
                    "Startup Cost": 289373.36,
                    "Total Cost": 289373.97,
                    "Plan Rows": 6,
                    "Plan Width": 8,
                    "Actual Startup Time": 177.27,
                    "Actual Total Time": 183.001,
                    "Actual Rows": 7,
                    "Actual Loops": 1,
                    "Output": [
                        "(PARTIAL count(*))"
                    ],
                    "Workers Planned": 6,
                    "Workers Launched": 6,
                    "Single Copy": false,
                    "Plans": [
                        {
                            "Node Type": "Aggregate",
                            "Strategy": "Plain",
                            "Partial Mode": "Partial",
                            "Parent Relationship": "Outer",
                            "Parallel Aware": false,
                            "Startup Cost": 288373.36,
                            "Total Cost": 288373.37,
                            "Plan Rows": 1,
                            "Plan Width": 8,
                            "Actual Startup Time": 166.905,
                            "Actual Total Time": 166.906,
                            "Actual Rows": 1,
                            "Actual Loops": 7,
                            "Output": [
                                "PARTIAL count(*)"
                            ],
                            "Workers": [
                                {
                                    "Worker Number": 0,
                                    "Actual Startup Time": 164.812,
                                    "Actual Total Time": 164.814,
                                    "Actual Rows": 1,
                                    "Actual Loops": 1
                                },
                                {
                                    "Worker Number": 1,
                                    "Actual Startup Time": 164.907,
                                    "Actual Total Time": 164.908,
                                    "Actual Rows": 1,
                                    "Actual Loops": 1
                                },
                                {
                                    "Worker Number": 2,
                                    "Actual Startup Time": 165.051,
                                    "Actual Total Time": 165.052,
                                    "Actual Rows": 1,
                                    "Actual Loops": 1
                                },
                                {
                                    "Worker Number": 3,
                                    "Actual Startup Time": 165.3,
                                    "Actual Total Time": 165.301,
                                    "Actual Rows": 1,
                                    "Actual Loops": 1
                                },
                                {
                                    "Worker Number": 4,
                                    "Actual Startup Time": 165.738,
                                    "Actual Total Time": 165.739,
                                    "Actual Rows": 1,
                                    "Actual Loops": 1
                                },
                                {
                                    "Worker Number": 5,
                                    "Actual Startup Time": 165.849,
                                    "Actual Total Time": 165.85,
                                    "Actual Rows": 1,
                                    "Actual Loops": 1
                                }
                            ],
                            "Plans": [
                                {
                                    "Node Type": "Bitmap Heap Scan",
                                    "Parent Relationship": "Outer",
                                    "Parallel Aware": true,
                                    "Relation Name": "cast_info",
                                    "Schema": "public",
                                    "Alias": "ci",
                                    "Startup Cost": 32056.66,
                                    "Total Cost": 287768.41,
                                    "Plan Rows": 241980,
                                    "Plan Width": 0,
                                    "Actual Startup Time": 89.812,
                                    "Actual Total Time": 150.99,
                                    "Actual Rows": 209238,
                                    "Actual Loops": 7,
                                    "Recheck Cond": "(ci.person_id < 147407)",
                                    "Rows Removed by Index Recheck": 0,
                                    "Exact Heap Blocks": 3180,
                                    "Lossy Heap Blocks": 0,
                                    "Workers": [
                                        {
                                            "Worker Number": 0,
                                            "Actual Startup Time": 87.666,
                                            "Actual Total Time": 149.183,
                                            "Actual Rows": 175331,
                                            "Actual Loops": 1
                                        },
                                        {
                                            "Worker Number": 1,
                                            "Actual Startup Time": 87.969,
                                            "Actual Total Time": 149.045,
                                            "Actual Rows": 177024,
                                            "Actual Loops": 1
                                        },
                                        {
                                            "Worker Number": 2,
                                            "Actual Startup Time": 88.431,
                                            "Actual Total Time": 150.433,
                                            "Actual Rows": 218486,
                                            "Actual Loops": 1
                                        },
                                        {
                                            "Worker Number": 3,
                                            "Actual Startup Time": 88.116,
                                            "Actual Total Time": 149.63,
                                            "Actual Rows": 180107,
                                            "Actual Loops": 1
                                        },
                                        {
                                            "Worker Number": 4,
                                            "Actual Startup Time": 88.699,
                                            "Actual Total Time": 150.3,
                                            "Actual Rows": 173628,
                                            "Actual Loops": 1
                                        },
                                        {
                                            "Worker Number": 5,
                                            "Actual Startup Time": 88.688,
                                            "Actual Total Time": 151.176,
                                            "Actual Rows": 220007,
                                            "Actual Loops": 1
                                        }
                                    ],
                                    "Plans": [
                                        {
                                            "Node Type": "Bitmap Index Scan",
                                            "Parent Relationship": "Outer",
                                            "Parallel Aware": false,
                                            "Index Name": "person_id_cast_info",
                                            "Startup Cost": 0.0,
                                            "Total Cost": 31693.69,
                                            "Plan Rows": 1451883,
                                            "Plan Width": 0,
                                            "Actual Startup Time": 95.401,
                                            "Actual Total Time": 95.402,
                                            "Actual Rows": 1464666,
                                            "Actual Loops": 1,
                                            "Index Cond": "(ci.person_id < 147407)"
                                        }
                                    ]
                                }
                            ]
                        }
                    ]
                }
            ]
        },
        "Planning Time": 189.753,
        "Triggers": [],
        "Execution Time": 183.099
    }
]