[
  {
    "Plan": {
      "Node Type": "Aggregate",
      "Strategy": "Plain",
      "Partial Mode": "Finalize",
      "Parallel Aware": false,
      "Startup Cost": 46303.11,
      "Total Cost": 46303.12,
      "Plan Rows": 1,
      "Plan Width": 8,
      "Actual Startup Time": 143.993,
      "Actual Total Time": 157.167,
      "Actual Rows": 1,
      "Actual Loops": 1,
      "Plans": [
        {
          "Node Type": "Gather",
          "Parent Relationship": "Outer",
          "Parallel Aware": false,
          "Startup Cost": 46302.69,
          "Total Cost": 46303.1,
          "Plan Rows": 4,
          "Plan Width": 8,
          "Actual Startup Time": 143.766,
          "Actual Total Time": 157.151,
          "Actual Rows": 5,
          "Actual Loops": 1,
          "Workers Planned": 4,
          "Workers Launched": 4,
          "Single Copy": false,
          "Plans": [
            {
              "Node Type": "Aggregate",
              "Strategy": "Plain",
              "Partial Mode": "Partial",
              "Parent Relationship": "Outer",
              "Parallel Aware": false,
              "Startup Cost": 45302.69,
              "Total Cost": 45302.7,
              "Plan Rows": 1,
              "Plan Width": 8,
              "Actual Startup Time": 137.519,
              "Actual Total Time": 137.52,
              "Actual Rows": 1,
              "Actual Loops": 5,
              "Plans": [
                {
                  "Node Type": "Seq Scan",
                  "Parent Relationship": "Outer",
                  "Parallel Aware": true,
                  "Relation Name": "title",
                  "Alias": "t",
                  "Startup Cost": 0.0,
                  "Total Cost": 43899.32,
                  "Plan Rows": 561348,
                  "Plan Width": 0,
                  "Actual Startup Time": 0.033,
                  "Actual Total Time": 110.161,
                  "Actual Rows": 447021,
                  "Actual Loops": 5,
                  "Filter": "(production_year > 1957)",
                  "Rows Removed by Filter": 58642
                }
              ]
            }
          ]
        }
      ]
    },
    "Planning Time": 0.114,
    "Triggers": [],
    "Execution Time": 157.216
  }
]