[
  {
    "Plan": {
      "Node Type": "Aggregate",
      "Strategy": "Plain",
      "Partial Mode": "Finalize",
      "Parallel Aware": false,
      "Startup Cost": 25076.9,
      "Total Cost": 25076.91,
      "Plan Rows": 1,
      "Plan Width": 8,
      "Actual Startup Time": 76.501,
      "Actual Total Time": 81.794,
      "Actual Rows": 1,
      "Actual Loops": 1,
      "Plans": [
        {
          "Node Type": "Gather",
          "Parent Relationship": "Outer",
          "Parallel Aware": false,
          "Startup Cost": 25076.58,
          "Total Cost": 25076.89,
          "Plan Rows": 3,
          "Plan Width": 8,
          "Actual Startup Time": 76.204,
          "Actual Total Time": 81.785,
          "Actual Rows": 4,
          "Actual Loops": 1,
          "Workers Planned": 3,
          "Workers Launched": 3,
          "Single Copy": false,
          "Plans": [
            {
              "Node Type": "Aggregate",
              "Strategy": "Plain",
              "Partial Mode": "Partial",
              "Parent Relationship": "Outer",
              "Parallel Aware": false,
              "Startup Cost": 24076.58,
              "Total Cost": 24076.59,
              "Plan Rows": 1,
              "Plan Width": 8,
              "Actual Startup Time": 71.351,
              "Actual Total Time": 71.352,
              "Actual Rows": 1,
              "Actual Loops": 4,
              "Plans": [
                {
                  "Node Type": "Bitmap Heap Scan",
                  "Parent Relationship": "Outer",
                  "Parallel Aware": true,
                  "Relation Name": "movie_companies",
                  "Alias": "mc",
                  "Startup Cost": 4321.76,
                  "Total Cost": 23915.78,
                  "Plan Rows": 64322,
                  "Plan Width": 0,
                  "Actual Startup Time": 29.901,
                  "Actual Total Time": 67.364,
                  "Actual Rows": 49174,
                  "Actual Loops": 4,
                  "Recheck Cond": "(company_id < 54)",
                  "Rows Removed by Index Recheck": 0,
                  "Exact Heap Blocks": 9554,
                  "Lossy Heap Blocks": 0,
                  "Plans": [
                    {
                      "Node Type": "Bitmap Index Scan",
                      "Parent Relationship": "Outer",
                      "Parallel Aware": false,
                      "Index Name": "company_id_movie_companies",
                      "Startup Cost": 0.0,
                      "Total Cost": 4271.91,
                      "Plan Rows": 199397,
                      "Plan Width": 0,
                      "Actual Startup Time": 29.745,
                      "Actual Total Time": 29.745,
                      "Actual Rows": 196698,
                      "Actual Loops": 1,
                      "Index Cond": "(company_id < 54)"
                    }
                  ]
                }
              ]
            }
          ]
        }
      ]
    },
    "Planning Time": 0.187,
    "Triggers": [],
    "Execution Time": 81.867
  }
]