[
  {
    "Plan": {
      "Node Type": "Aggregate",
      "Strategy": "Plain",
      "Partial Mode": "Finalize",
      "Parallel Aware": false,
      "Startup Cost": 77999.41,
      "Total Cost": 77999.42,
      "Plan Rows": 1,
      "Plan Width": 8,
      "Actual Startup Time": 440.879,
      "Actual Total Time": 456.485,
      "Actual Rows": 1,
      "Actual Loops": 1,
      "Plans": [
        {
          "Node Type": "Gather",
          "Parent Relationship": "Outer",
          "Parallel Aware": false,
          "Startup Cost": 77999.09,
          "Total Cost": 77999.4,
          "Plan Rows": 3,
          "Plan Width": 8,
          "Actual Startup Time": 431.415,
          "Actual Total Time": 456.477,
          "Actual Rows": 4,
          "Actual Loops": 1,
          "Workers Planned": 3,
          "Workers Launched": 3,
          "Single Copy": false,
          "Plans": [
            {
              "Node Type": "Aggregate",
              "Strategy": "Plain",
              "Partial Mode": "Partial",
              "Parent Relationship": "Outer",
              "Parallel Aware": false,
              "Startup Cost": 76999.09,
              "Total Cost": 76999.1,
              "Plan Rows": 1,
              "Plan Width": 8,
              "Actual Startup Time": 415.321,
              "Actual Total Time": 415.325,
              "Actual Rows": 1,
              "Actual Loops": 4,
              "Plans": [
                {
                  "Node Type": "Hash Join",
                  "Parent Relationship": "Outer",
                  "Parallel Aware": true,
                  "Join Type": "Inner",
                  "Startup Cost": 56542.07,
                  "Total Cost": 76878.21,
                  "Plan Rows": 48354,
                  "Plan Width": 0,
                  "Actual Startup Time": 363.938,
                  "Actual Total Time": 411.839,
                  "Actual Rows": 71462,
                  "Actual Loops": 4,
                  "Inner Unique": true,
                  "Hash Cond": "(mc.movie_id = t.id)",
                  "Plans": [
                    {
                      "Node Type": "Bitmap Heap Scan",
                      "Parent Relationship": "Outer",
                      "Parallel Aware": true,
                      "Relation Name": "movie_companies",
                      "Alias": "mc",
                      "Startup Cost": 6321.68,
                      "Total Cost": 26530.9,
                      "Plan Rows": 48354,
                      "Plan Width": 4,
                      "Actual Startup Time": 15.642,
                      "Actual Total Time": 34.165,
                      "Actual Rows": 71462,
                      "Actual Loops": 4,
                      "Recheck Cond": "(company_id > 95234)",
                      "Rows Removed by Index Recheck": 0,
                      "Filter": "(company_type_id > 1)",
                      "Rows Removed by Filter": 0,
                      "Exact Heap Blocks": 1349,
                      "Lossy Heap Blocks": 0,
                      "Plans": [
                        {
                          "Node Type": "Bitmap Index Scan",
                          "Parent Relationship": "Outer",
                          "Parallel Aware": false,
                          "Index Name": "company_id_movie_companies",
                          "Startup Cost": 0.0,
                          "Total Cost": 6284.21,
                          "Plan Rows": 293304,
                          "Plan Width": 0,
                          "Actual Startup Time": 14.896,
                          "Actual Total Time": 14.897,
                          "Actual Rows": 285848,
                          "Actual Loops": 1,
                          "Index Cond": "(company_id > 95234)"
                        }
                      ]
                    },
                    {
                      "Node Type": "Hash",
                      "Parent Relationship": "Inner",
                      "Parallel Aware": true,
                      "Startup Cost": 42319.06,
                      "Total Cost": 42319.06,
                      "Plan Rows": 632106,
                      "Plan Width": 4,
                      "Actual Startup Time": 338.263,
                      "Actual Total Time": 338.264,
                      "Actual Rows": 632078,
                      "Actual Loops": 4,
                      "Hash Buckets": 4194304,
                      "Original Hash Buckets": 4194304,
                      "Hash Batches": 1,
                      "Original Hash Batches": 1,
                      "Peak Memory Usage": 131744,
                      "Plans": [
                        {
                          "Node Type": "Seq Scan",
                          "Parent Relationship": "Outer",
                          "Parallel Aware": true,
                          "Relation Name": "title",
                          "Alias": "t",
                          "Startup Cost": 0.0,
                          "Total Cost": 42319.06,
                          "Plan Rows": 632106,
                          "Plan Width": 4,
                          "Actual Startup Time": 0.039,
                          "Actual Total Time": 103.57,
                          "Actual Rows": 632078,
                          "Actual Loops": 4
                        }
                      ]
                    }
                  ]
                }
              ]
            }
          ]
        }
      ]
    },
    "Planning Time": 0.543,
    "Triggers": [],
    "Execution Time": 456.559
  }
]