[
  {
    "Plan": {
      "Node Type": "Aggregate",
      "Strategy": "Plain",
      "Partial Mode": "Finalize",
      "Parallel Aware": false,
      "Startup Cost": 54060.33,
      "Total Cost": 54060.34,
      "Plan Rows": 1,
      "Plan Width": 8,
      "Actual Startup Time": 59.223,
      "Actual Total Time": 65.145,
      "Actual Rows": 1,
      "Actual Loops": 1,
      "Plans": [
        {
          "Node Type": "Gather",
          "Parent Relationship": "Outer",
          "Parallel Aware": false,
          "Startup Cost": 54060.01,
          "Total Cost": 54060.32,
          "Plan Rows": 3,
          "Plan Width": 8,
          "Actual Startup Time": 58.945,
          "Actual Total Time": 65.136,
          "Actual Rows": 4,
          "Actual Loops": 1,
          "Workers Planned": 3,
          "Workers Launched": 3,
          "Single Copy": false,
          "Plans": [
            {
              "Node Type": "Aggregate",
              "Strategy": "Plain",
              "Partial Mode": "Partial",
              "Parent Relationship": "Outer",
              "Parallel Aware": false,
              "Startup Cost": 53060.01,
              "Total Cost": 53060.02,
              "Plan Rows": 1,
              "Plan Width": 8,
              "Actual Startup Time": 49.155,
              "Actual Total Time": 49.156,
              "Actual Rows": 1,
              "Actual Loops": 4,
              "Plans": [
                {
                  "Node Type": "Nested Loop",
                  "Parent Relationship": "Outer",
                  "Parallel Aware": false,
                  "Join Type": "Inner",
                  "Startup Cost": 711.7,
                  "Total Cost": 53059.76,
                  "Plan Rows": 102,
                  "Plan Width": 0,
                  "Actual Startup Time": 4.174,
                  "Actual Total Time": 49.058,
                  "Actual Rows": 1034,
                  "Actual Loops": 4,
                  "Inner Unique": false,
                  "Plans": [
                    {
                      "Node Type": "Nested Loop",
                      "Parent Relationship": "Outer",
                      "Parallel Aware": false,
                      "Join Type": "Inner",
                      "Startup Cost": 711.27,
                      "Total Cost": 51249.53,
                      "Plan Rows": 111,
                      "Plan Width": 8,
                      "Actual Startup Time": 3.609,
                      "Actual Total Time": 39.824,
                      "Actual Rows": 169,
                      "Actual Loops": 4,
                      "Inner Unique": true,
                      "Plans": [
                        {
                          "Node Type": "Bitmap Heap Scan",
                          "Parent Relationship": "Outer",
                          "Parallel Aware": true,
                          "Relation Name": "movie_companies",
                          "Alias": "mc",
                          "Startup Cost": 710.84,
                          "Total Cost": 20195.98,
                          "Plan Rows": 5377,
                          "Plan Width": 4,
                          "Actual Startup Time": 2.192,
                          "Actual Total Time": 6.224,
                          "Actual Rows": 7635,
                          "Actual Loops": 4,
                          "Recheck Cond": "(company_id > 207272)",
                          "Rows Removed by Index Recheck": 0,
                          "Filter": "(company_type_id > 1)",
                          "Rows Removed by Filter": 0,
                          "Exact Heap Blocks": 513,
                          "Lossy Heap Blocks": 0,
                          "Plans": [
                            {
                              "Node Type": "Bitmap Index Scan",
                              "Parent Relationship": "Outer",
                              "Parallel Aware": false,
                              "Index Name": "company_id_movie_companies",
                              "Startup Cost": 0.0,
                              "Total Cost": 706.67,
                              "Plan Rows": 32832,
                              "Plan Width": 0,
                              "Actual Startup Time": 7.662,
                              "Actual Total Time": 7.662,
                              "Actual Rows": 30540,
                              "Actual Loops": 1,
                              "Index Cond": "(company_id > 207272)"
                            }
                          ]
                        },
                        {
                          "Node Type": "Index Scan",
                          "Parent Relationship": "Inner",
                          "Parallel Aware": false,
                          "Scan Direction": "Forward",
                          "Index Name": "title_pkey",
                          "Relation Name": "title",
                          "Alias": "t",
                          "Startup Cost": 0.43,
                          "Total Cost": 5.78,
                          "Plan Rows": 1,
                          "Plan Width": 4,
                          "Actual Startup Time": 0.004,
                          "Actual Total Time": 0.004,
                          "Actual Rows": 0,
                          "Actual Loops": 30540,
                          "Index Cond": "(id = mc.movie_id)",
                          "Rows Removed by Index Recheck": 0,
                          "Filter": "(production_year = 2001)",
                          "Rows Removed by Filter": 1
                        }
                      ]
                    },
                    {
                      "Node Type": "Index Scan",
                      "Parent Relationship": "Inner",
                      "Parallel Aware": false,
                      "Scan Direction": "Forward",
                      "Index Name": "movie_id_movie_info",
                      "Relation Name": "movie_info",
                      "Alias": "mi",
                      "Startup Cost": 0.43,
                      "Total Cost": 16.24,
                      "Plan Rows": 7,
                      "Plan Width": 4,
                      "Actual Startup Time": 0.026,
                      "Actual Total Time": 0.054,
                      "Actual Rows": 6,
                      "Actual Loops": 676,
                      "Index Cond": "(movie_id = t.id)",
                      "Rows Removed by Index Recheck": 0,
                      "Filter": "(info_type_id > 16)",
                      "Rows Removed by Filter": 17
                    }
                  ]
                }
              ]
            }
          ]
        }
      ]
    },
    "Planning Time": 1.554,
    "Triggers": [],
    "Execution Time": 65.245
  }
]