[
  {
    "Plan": {
      "Node Type": "Aggregate",
      "Strategy": "Plain",
      "Partial Mode": "Finalize",
      "Parallel Aware": false,
      "Startup Cost": 448178.44,
      "Total Cost": 448178.45,
      "Plan Rows": 1,
      "Plan Width": 8,
      "Actual Startup Time": 2424.138,
      "Actual Total Time": 2475.939,
      "Actual Rows": 1,
      "Actual Loops": 1,
      "Plans": [
        {
          "Node Type": "Gather",
          "Parent Relationship": "Outer",
          "Parallel Aware": false,
          "Startup Cost": 448177.82,
          "Total Cost": 448178.43,
          "Plan Rows": 6,
          "Plan Width": 8,
          "Actual Startup Time": 2406.464,
          "Actual Total Time": 2475.928,
          "Actual Rows": 7,
          "Actual Loops": 1,
          "Workers Planned": 6,
          "Workers Launched": 6,
          "Single Copy": false,
          "Plans": [
            {
              "Node Type": "Aggregate",
              "Strategy": "Plain",
              "Partial Mode": "Partial",
              "Parent Relationship": "Outer",
              "Parallel Aware": false,
              "Startup Cost": 447177.82,
              "Total Cost": 447177.83,
              "Plan Rows": 1,
              "Plan Width": 8,
              "Actual Startup Time": 2397.62,
              "Actual Total Time": 2397.909,
              "Actual Rows": 1,
              "Actual Loops": 7,
              "Plans": [
                {
                  "Node Type": "Hash Join",
                  "Parent Relationship": "Outer",
                  "Parallel Aware": true,
                  "Join Type": "Inner",
                  "Startup Cost": 94428.09,
                  "Total Cost": 445843.97,
                  "Plan Rows": 533539,
                  "Plan Width": 0,
                  "Actual Startup Time": 771.324,
                  "Actual Total Time": 2090.692,
                  "Actual Rows": 5905811,
                  "Actual Loops": 7,
                  "Inner Unique": false,
                  "Hash Cond": "(ci.movie_id = t.id)",
                  "Plans": [
                    {
                      "Node Type": "Seq Scan",
                      "Parent Relationship": "Outer",
                      "Parallel Aware": true,
                      "Relation Name": "cast_info",
                      "Alias": "ci",
                      "Startup Cost": 0.0,
                      "Total Cost": 343316.27,
                      "Plan Rows": 1700938,
                      "Plan Width": 4,
                      "Actual Startup Time": 356.992,
                      "Actual Total Time": 714.083,
                      "Actual Rows": 1777610,
                      "Actual Loops": 7,
                      "Filter": "((person_id > 1309629) AND (role_id > 2))",
                      "Rows Removed by Filter": 3400153
                    },
                    {
                      "Node Type": "Hash",
                      "Parent Relationship": "Inner",
                      "Parallel Aware": true,
                      "Startup Cost": 91230.12,
                      "Total Cost": 91230.12,
                      "Plan Rows": 255838,
                      "Plan Width": 8,
                      "Actual Startup Time": 411.57,
                      "Actual Total Time": 411.857,
                      "Actual Rows": 281582,
                      "Actual Loops": 7,
                      "Hash Buckets": 2097152,
                      "Original Hash Buckets": 1048576,
                      "Hash Batches": 1,
                      "Original Hash Batches": 1,
                      "Peak Memory Usage": 101760,
                      "Plans": [
                        {
                          "Node Type": "Hash Join",
                          "Parent Relationship": "Outer",
                          "Parallel Aware": true,
                          "Join Type": "Inner",
                          "Startup Cost": 45962.36,
                          "Total Cost": 91230.12,
                          "Plan Rows": 255838,
                          "Plan Width": 8,
                          "Actual Startup Time": 151.947,
                          "Actual Total Time": 289.881,
                          "Actual Rows": 281582,
                          "Actual Loops": 7,
                          "Inner Unique": true,
                          "Hash Cond": "(mk.movie_id = t.id)",
                          "Plans": [
                            {
                              "Node Type": "Seq Scan",
                              "Parent Relationship": "Outer",
                              "Parallel Aware": true,
                              "Relation Name": "movie_keyword",
                              "Alias": "mk",
                              "Startup Cost": 0.0,
                              "Total Cost": 42695.65,
                              "Plan Rows": 979849,
                              "Plan Width": 4,
                              "Actual Startup Time": 0.032,
                              "Actual Total Time": 83.52,
                              "Actual Rows": 435361,
                              "Actual Loops": 7,
                              "Filter": "(keyword_id < 11139)",
                              "Rows Removed by Filter": 210914
                            },
                            {
                              "Node Type": "Hash",
                              "Parent Relationship": "Inner",
                              "Parallel Aware": true,
                              "Startup Cost": 43899.32,
                              "Total Cost": 43899.32,
                              "Plan Rows": 165043,
                              "Plan Width": 4,
                              "Actual Startup Time": 124.772,
                              "Actual Total Time": 124.774,
                              "Actual Rows": 94689,
                              "Actual Loops": 7,
                              "Hash Buckets": 1048576,
                              "Original Hash Buckets": 1048576,
                              "Hash Batches": 1,
                              "Original Hash Batches": 1,
                              "Peak Memory Usage": 34272,
                              "Plans": [
                                {
                                  "Node Type": "Seq Scan",
                                  "Parent Relationship": "Outer",
                                  "Parallel Aware": true,
                                  "Relation Name": "title",
                                  "Alias": "t",
                                  "Startup Cost": 0.0,
                                  "Total Cost": 43899.32,
                                  "Plan Rows": 165043,
                                  "Plan Width": 4,
                                  "Actual Startup Time": 39.885,
                                  "Actual Total Time": 77.875,
                                  "Actual Rows": 94689,
                                  "Actual Loops": 7,
                                  "Filter": "(kind_id = 1)",
                                  "Rows Removed by Filter": 266498
                                }
                              ]
                            }
                          ]
                        }
                      ]
                    }
                  ]
                }
              ]
            }
          ]
        }
      ]
    },
    "Planning Time": 0.879,
    "Triggers": [],
    "Execution Time": 2476.008
  }
]