{
  "Plan": {
    "Node Type": "Aggregate",
    "Strategy": "Plain",
    "Partial Mode": "Finalize",
    "Parallel Aware": false,
    "Startup Cost": 89176.5,
    "Total Cost": 89176.51,
    "Plan Rows": 1,
    "Plan Width": 8,
    "Actual Startup Time": 158.37,
    "Actual Total Time": 171.216,
    "Actual Rows": 1,
    "Actual Loops": 1,
    "Plans": [
      {
        "Node Type": "Gather",
        "Parent Relationship": "Outer",
        "Parallel Aware": false,
        "Startup Cost": 89176.39,
        "Total Cost": 89176.5,
        "Plan Rows": 1,
        "Plan Width": 8,
        "Actual Startup Time": 158.261,
        "Actual Total Time": 171.21,
        "Actual Rows": 2,
        "Actual Loops": 1,
        "Workers Planned": 1,
        "Workers Launched": 1,
        "Single Copy": false,
        "Plans": [
          {
            "Node Type": "Aggregate",
            "Strategy": "Plain",
            "Partial Mode": "Partial",
            "Parent Relationship": "Outer",
            "Parallel Aware": false,
            "Startup Cost": 88176.39,
            "Total Cost": 88176.4,
            "Plan Rows": 1,
            "Plan Width": 8,
            "Actual Startup Time": 152.398,
            "Actual Total Time": 152.4,
            "Actual Rows": 1,
            "Actual Loops": 2,
            "Plans": [
              {
                "Node Type": "Nested Loop",
                "Parent Relationship": "Outer",
                "Parallel Aware": false,
                "Join Type": "Inner",
                "Startup Cost": 0.43,
                "Total Cost": 88159.58,
                "Plan Rows": 6721,
                "Plan Width": 0,
                "Actual Startup Time": 1.363,
                "Actual Total Time": 151.826,
                "Actual Rows": 10746,
                "Actual Loops": 2,
                "Inner Unique": false,
                "Plans": [
                  {
                    "Node Type": "Seq Scan",
                    "Parent Relationship": "Outer",
                    "Parallel Aware": true,
                    "Relation Name": "title",
                    "Alias": "t",
                    "Startup Cost": 0.0,
                    "Total Cost": 54588.39,
                    "Plan Rows": 3817,
                    "Plan Width": 4,
                    "Actual Startup Time": 0.148,
                    "Actual Total Time": 130.729,
                    "Actual Rows": 4004,
                    "Actual Loops": 2,
                    "Filter": "(production_year = 1955)",
                    "Rows Removed by Filter": 1260152
                  },
                  {
                    "Node Type": "Index Scan",
                    "Parent Relationship": "Inner",
                    "Parallel Aware": false,
                    "Scan Direction": "Forward",
                    "Index Name": "movie_id_movie_keyword",
                    "Relation Name": "movie_keyword",
                    "Alias": "mk",
                    "Startup Cost": 0.43,
                    "Total Cost": 8.35,
                    "Plan Rows": 45,
                    "Plan Width": 4,
                    "Actual Startup Time": 0.004,
                    "Actual Total Time": 0.005,
                    "Actual Rows": 3,
                    "Actual Loops": 8007,
                    "Index Cond": "(movie_id = t.id)",
                    "Rows Removed by Index Recheck": 0,
                    "Filter": "(keyword_id < 90506)",
                    "Rows Removed by Filter": 0
                  }
                ]
              }
            ]
          }
        ]
      }
    ]
  },
  "Planning Time": 0.571,
  "Triggers": [],
  "Execution Time": 171.288
}