[
  {
    "Plan": {
      "Node Type": "Aggregate",
      "Strategy": "Plain",
      "Partial Mode": "Finalize",
      "Parallel Aware": false,
      "Startup Cost": 173126.23,
      "Total Cost": 173126.24,
      "Plan Rows": 1,
      "Plan Width": 8,
      "Actual Startup Time": 112.851,
      "Actual Total Time": 126.856,
      "Actual Rows": 1,
      "Actual Loops": 1,
      "Plans": [
        {
          "Node Type": "Gather",
          "Parent Relationship": "Outer",
          "Parallel Aware": false,
          "Startup Cost": 173125.81,
          "Total Cost": 173126.22,
          "Plan Rows": 4,
          "Plan Width": 8,
          "Actual Startup Time": 112.727,
          "Actual Total Time": 126.848,
          "Actual Rows": 5,
          "Actual Loops": 1,
          "Workers Planned": 4,
          "Workers Launched": 4,
          "Single Copy": false,
          "Plans": [
            {
              "Node Type": "Aggregate",
              "Strategy": "Plain",
              "Partial Mode": "Partial",
              "Parent Relationship": "Outer",
              "Parallel Aware": false,
              "Startup Cost": 172125.81,
              "Total Cost": 172125.82,
              "Plan Rows": 1,
              "Plan Width": 8,
              "Actual Startup Time": 103.419,
              "Actual Total Time": 103.421,
              "Actual Rows": 1,
              "Actual Loops": 5,
              "Plans": [
                {
                  "Node Type": "Nested Loop",
                  "Parent Relationship": "Outer",
                  "Parallel Aware": false,
                  "Join Type": "Inner",
                  "Startup Cost": 0.43,
                  "Total Cost": 172108.77,
                  "Plan Rows": 6815,
                  "Plan Width": 0,
                  "Actual Startup Time": 0.563,
                  "Actual Total Time": 102.8,
                  "Actual Rows": 6940,
                  "Actual Loops": 5,
                  "Inner Unique": false,
                  "Plans": [
                    {
                      "Node Type": "Seq Scan",
                      "Parent Relationship": "Outer",
                      "Parallel Aware": true,
                      "Relation Name": "title",
                      "Alias": "t",
                      "Startup Cost": 0.0,
                      "Total Cost": 45479.1,
                      "Plan Rows": 1166,
                      "Plan Width": 4,
                      "Actual Startup Time": 0.347,
                      "Actual Total Time": 80.002,
                      "Actual Rows": 1169,
                      "Actual Loops": 5,
                      "Filter": "((kind_id = 7) AND (production_year = 1957))",
                      "Rows Removed by Filter": 504493
                    },
                    {
                      "Node Type": "Index Only Scan",
                      "Parent Relationship": "Inner",
                      "Parallel Aware": false,
                      "Scan Direction": "Forward",
                      "Index Name": "movie_id_movie_info",
                      "Relation Name": "movie_info",
                      "Alias": "mi",
                      "Startup Cost": 0.43,
                      "Total Cost": 108.18,
                      "Plan Rows": 42,
                      "Plan Width": 4,
                      "Actual Startup Time": 0.009,
                      "Actual Total Time": 0.018,
                      "Actual Rows": 6,
                      "Actual Loops": 5845,
                      "Index Cond": "(movie_id = t.id)",
                      "Rows Removed by Index Recheck": 0,
                      "Heap Fetches": 34698
                    }
                  ]
                }
              ]
            }
          ]
        }
      ]
    },
    "Planning Time": 0.61,
    "Triggers": [],
    "Execution Time": 126.927
  }
]