[
  {
    "Plan": {
      "Node Type": "Aggregate",
      "Strategy": "Plain",
      "Partial Mode": "Finalize",
      "Parallel Aware": false,
      "Startup Cost": 87215.43,
      "Total Cost": 87215.44,
      "Plan Rows": 1,
      "Plan Width": 8,
      "Actual Startup Time": 345.308,
      "Actual Total Time": 375.213,
      "Actual Rows": 1,
      "Actual Loops": 1,
      "Plans": [
        {
          "Node Type": "Gather",
          "Parent Relationship": "Outer",
          "Parallel Aware": false,
          "Startup Cost": 87215.22,
          "Total Cost": 87215.43,
          "Plan Rows": 2,
          "Plan Width": 8,
          "Actual Startup Time": 344.79,
          "Actual Total Time": 375.203,
          "Actual Rows": 3,
          "Actual Loops": 1,
          "Workers Planned": 2,
          "Workers Launched": 2,
          "Single Copy": false,
          "Plans": [
            {
              "Node Type": "Aggregate",
              "Strategy": "Plain",
              "Partial Mode": "Partial",
              "Parent Relationship": "Outer",
              "Parallel Aware": false,
              "Startup Cost": 86215.22,
              "Total Cost": 86215.23,
              "Plan Rows": 1,
              "Plan Width": 8,
              "Actual Startup Time": 336.633,
              "Actual Total Time": 336.636,
              "Actual Rows": 1,
              "Actual Loops": 3,
              "Plans": [
                {
                  "Node Type": "Nested Loop",
                  "Parent Relationship": "Outer",
                  "Parallel Aware": false,
                  "Join Type": "Inner",
                  "Startup Cost": 38420.08,
                  "Total Cost": 86079.23,
                  "Plan Rows": 54394,
                  "Plan Width": 0,
                  "Actual Startup Time": 89.407,
                  "Actual Total Time": 328.761,
                  "Actual Rows": 161057,
                  "Actual Loops": 3,
                  "Inner Unique": false,
                  "Join Filter": "(t.id = mi.movie_id)",
                  "Rows Removed by Join Filter": 0,
                  "Plans": [
                    {
                      "Node Type": "Hash Join",
                      "Parent Relationship": "Outer",
                      "Parallel Aware": true,
                      "Join Type": "Inner",
                      "Startup Cost": 38419.65,
                      "Total Cost": 53614.21,
                      "Plan Rows": 14499,
                      "Plan Width": 8,
                      "Actual Startup Time": 89.339,
                      "Actual Total Time": 139.653,
                      "Actual Rows": 22141,
                      "Actual Loops": 3,
                      "Inner Unique": true,
                      "Hash Cond": "(mi_idx.movie_id = t.id)",
                      "Plans": [
                        {
                          "Node Type": "Seq Scan",
                          "Parent Relationship": "Outer",
                          "Parallel Aware": true,
                          "Relation Name": "movie_info_idx",
                          "Alias": "mi_idx",
                          "Startup Cost": 0.0,
                          "Total Cost": 13685.15,
                          "Plan Rows": 575015,
                          "Plan Width": 4,
                          "Actual Startup Time": 0.022,
                          "Actual Total Time": 35.263,
                          "Actual Rows": 460012,
                          "Actual Loops": 3
                        },
                        {
                          "Node Type": "Hash",
                          "Parent Relationship": "Inner",
                          "Parallel Aware": true,
                          "Startup Cost": 38220.42,
                          "Total Cost": 38220.42,
                          "Plan Rows": 15938,
                          "Plan Width": 4,
                          "Actual Startup Time": 57.027,
                          "Actual Total Time": 57.029,
                          "Actual Rows": 17794,
                          "Actual Loops": 3,
                          "Hash Buckets": 65536,
                          "Original Hash Buckets": 65536,
                          "Hash Batches": 1,
                          "Original Hash Batches": 1,
                          "Peak Memory Usage": 2656,
                          "Plans": [
                            {
                              "Node Type": "Bitmap Heap Scan",
                              "Parent Relationship": "Outer",
                              "Parallel Aware": true,
                              "Relation Name": "title",
                              "Alias": "t",
                              "Startup Cost": 1839.07,
                              "Total Cost": 38220.42,
                              "Plan Rows": 15938,
                              "Plan Width": 4,
                              "Actual Startup Time": 12.386,
                              "Actual Total Time": 50.567,
                              "Actual Rows": 17794,
                              "Actual Loops": 3,
                              "Recheck Cond": "(kind_id = 3)",
                              "Rows Removed by Index Recheck": 0,
                              "Filter": "(production_year > 1996)",
                              "Rows Removed by Filter": 15718,
                              "Exact Heap Blocks": 8332,
                              "Lossy Heap Blocks": 0,
                              "Plans": [
                                {
                                  "Node Type": "Bitmap Index Scan",
                                  "Parent Relationship": "Outer",
                                  "Parallel Aware": false,
                                  "Index Name": "kind_id_title",
                                  "Startup Cost": 0.0,
                                  "Total Cost": 1823.13,
                                  "Plan Rows": 102227,
                                  "Plan Width": 0,
                                  "Actual Startup Time": 14.353,
                                  "Actual Total Time": 14.353,
                                  "Actual Rows": 100537,
                                  "Actual Loops": 1,
                                  "Index Cond": "(kind_id = 3)"
                                }
                              ]
                            }
                          ]
                        }
                      ]
                    },
                    {
                      "Node Type": "Index Scan",
                      "Parent Relationship": "Inner",
                      "Parallel Aware": false,
                      "Scan Direction": "Forward",
                      "Index Name": "movie_id_movie_info",
                      "Relation Name": "movie_info",
                      "Alias": "mi",
                      "Startup Cost": 0.43,
                      "Total Cost": 1.9,
                      "Plan Rows": 27,
                      "Plan Width": 4,
                      "Actual Startup Time": 0.003,
                      "Actual Total Time": 0.008,
                      "Actual Rows": 7,
                      "Actual Loops": 66423,
                      "Index Cond": "(movie_id = mi_idx.movie_id)",
                      "Rows Removed by Index Recheck": 0,
                      "Filter": "(info_type_id < 16)",
                      "Rows Removed by Filter": 3
                    }
                  ]
                }
              ]
            }
          ]
        }
      ]
    },
    "Planning Time": 1.392,
    "Triggers": [],
    "Execution Time": 375.328
  }
]