{
  "Plan": {
    "Node Type": "Aggregate",
    "Strategy": "Plain",
    "Partial Mode": "Finalize",
    "Parallel Aware": false,
    "Startup Cost": 109437.6,
    "Total Cost": 109437.61,
    "Plan Rows": 1,
    "Plan Width": 8,
    "Actual Startup Time": 385.061,
    "Actual Total Time": 403.348,
    "Actual Rows": 1,
    "Actual Loops": 1,
    "Plans": [
      {
        "Node Type": "Gather",
        "Parent Relationship": "Outer",
        "Parallel Aware": false,
        "Startup Cost": 109437.49,
        "Total Cost": 109437.6,
        "Plan Rows": 1,
        "Plan Width": 8,
        "Actual Startup Time": 383.709,
        "Actual Total Time": 403.335,
        "Actual Rows": 2,
        "Actual Loops": 1,
        "Workers Planned": 1,
        "Workers Launched": 1,
        "Single Copy": false,
        "Plans": [
          {
            "Node Type": "Aggregate",
            "Strategy": "Plain",
            "Partial Mode": "Partial",
            "Parent Relationship": "Outer",
            "Parallel Aware": false,
            "Startup Cost": 108437.49,
            "Total Cost": 108437.5,
            "Plan Rows": 1,
            "Plan Width": 8,
            "Actual Startup Time": 377.362,
            "Actual Total Time": 377.368,
            "Actual Rows": 1,
            "Actual Loops": 2,
            "Plans": [
              {
                "Node Type": "Nested Loop",
                "Parent Relationship": "Outer",
                "Parallel Aware": false,
                "Join Type": "Inner",
                "Startup Cost": 65731.05,
                "Total Cost": 108420.07,
                "Plan Rows": 6969,
                "Plan Width": 0,
                "Actual Startup Time": 287.127,
                "Actual Total Time": 377.167,
                "Actual Rows": 2217,
                "Actual Loops": 2,
                "Inner Unique": false,
                "Plans": [
                  {
                    "Node Type": "Hash Join",
                    "Parent Relationship": "Outer",
                    "Parallel Aware": true,
                    "Join Type": "Inner",
                    "Startup Cost": 65730.62,
                    "Total Cost": 92294.14,
                    "Plan Rows": 17962,
                    "Plan Width": 8,
                    "Actual Startup Time": 287.03,
                    "Actual Total Time": 372.307,
                    "Actual Rows": 1112,
                    "Actual Loops": 2,
                    "Inner Unique": true,
                    "Hash Cond": "(mk.movie_id = t.id)",
                    "Plans": [
                      {
                        "Node Type": "Bitmap Heap Scan",
                        "Parent Relationship": "Outer",
                        "Parallel Aware": true,
                        "Relation Name": "movie_keyword",
                        "Alias": "mk",
                        "Startup Cost": 5029.98,
                        "Total Cost": 31227.39,
                        "Plan Rows": 139472,
                        "Plan Width": 4,
                        "Actual Startup Time": 24.419,
                        "Actual Total Time": 82.261,
                        "Actual Rows": 113756,
                        "Actual Loops": 2,
                        "Recheck Cond": "(keyword_id > 63779)",
                        "Rows Removed by Index Recheck": 0,
                        "Exact Heap Blocks": 12110,
                        "Lossy Heap Blocks": 0,
                        "Plans": [
                          {
                            "Node Type": "Bitmap Index Scan",
                            "Parent Relationship": "Outer",
                            "Parallel Aware": false,
                            "Index Name": "keyword_id_movie_keyword",
                            "Startup Cost": 0.0,
                            "Total Cost": 4970.7,
                            "Plan Rows": 237103,
                            "Plan Width": 0,
                            "Actual Startup Time": 19.452,
                            "Actual Total Time": 19.452,
                            "Actual Rows": 227513,
                            "Actual Loops": 1,
                            "Index Cond": "(keyword_id > 63779)"
                          }
                        ]
                      },
                      {
                        "Node Type": "Hash",
                        "Parent Relationship": "Inner",
                        "Parallel Aware": true,
                        "Startup Cost": 58306.47,
                        "Total Cost": 58306.47,
                        "Plan Rows": 191534,
                        "Plan Width": 4,
                        "Actual Startup Time": 255.476,
                        "Actual Total Time": 255.477,
                        "Actual Rows": 174767,
                        "Actual Loops": 2,
                        "Hash Buckets": 524288,
                        "Original Hash Buckets": 524288,
                        "Hash Batches": 1,
                        "Original Hash Batches": 1,
                        "Peak Memory Usage": 17792,
                        "Plans": [
                          {
                            "Node Type": "Seq Scan",
                            "Parent Relationship": "Outer",
                            "Parallel Aware": true,
                            "Relation Name": "title",
                            "Alias": "t",
                            "Startup Cost": 0.0,
                            "Total Cost": 58306.47,
                            "Plan Rows": 191534,
                            "Plan Width": 4,
                            "Actual Startup Time": 0.033,
                            "Actual Total Time": 192.571,
                            "Actual Rows": 174767,
                            "Actual Loops": 2,
                            "Filter": "((production_year > 2009) AND (kind_id = 7))",
                            "Rows Removed by Filter": 1089389
                          }
                        ]
                      }
                    ]
                  },
                  {
                    "Node Type": "Index Scan",
                    "Parent Relationship": "Inner",
                    "Parallel Aware": false,
                    "Scan Direction": "Forward",
                    "Index Name": "movie_id_movie_companies",
                    "Relation Name": "movie_companies",
                    "Alias": "mc",
                    "Startup Cost": 0.43,
                    "Total Cost": 0.88,
                    "Plan Rows": 2,
                    "Plan Width": 4,
                    "Actual Startup Time": 0.003,
                    "Actual Total Time": 0.004,
                    "Actual Rows": 2,
                    "Actual Loops": 2224,
                    "Index Cond": "(movie_id = t.id)",
                    "Rows Removed by Index Recheck": 0,
                    "Filter": "(company_id < 4384)",
                    "Rows Removed by Filter": 1
                  }
                ]
              }
            ]
          }
        ]
      }
    ]
  },
  "Planning Time": 1.085,
  "Triggers": [],
  "Execution Time": 403.466
}