{
  "Plan": {
    "Node Type": "Aggregate",
    "Strategy": "Plain",
    "Partial Mode": "Finalize",
    "Parallel Aware": false,
    "Startup Cost": 77972.93,
    "Total Cost": 77972.94,
    "Plan Rows": 1,
    "Plan Width": 8,
    "Actual Startup Time": 164.949,
    "Actual Total Time": 175.943,
    "Actual Rows": 1,
    "Actual Loops": 1,
    "Plans": [
      {
        "Node Type": "Gather",
        "Parent Relationship": "Outer",
        "Parallel Aware": false,
        "Startup Cost": 77972.82,
        "Total Cost": 77972.93,
        "Plan Rows": 1,
        "Plan Width": 8,
        "Actual Startup Time": 164.604,
        "Actual Total Time": 175.937,
        "Actual Rows": 2,
        "Actual Loops": 1,
        "Workers Planned": 1,
        "Workers Launched": 1,
        "Single Copy": false,
        "Plans": [
          {
            "Node Type": "Aggregate",
            "Strategy": "Plain",
            "Partial Mode": "Partial",
            "Parent Relationship": "Outer",
            "Parallel Aware": false,
            "Startup Cost": 76972.82,
            "Total Cost": 76972.83,
            "Plan Rows": 1,
            "Plan Width": 8,
            "Actual Startup Time": 158.5,
            "Actual Total Time": 158.503,
            "Actual Rows": 1,
            "Actual Loops": 2,
            "Plans": [
              {
                "Node Type": "Hash Join",
                "Parent Relationship": "Outer",
                "Parallel Aware": true,
                "Join Type": "Inner",
                "Startup Cost": 57584.85,
                "Total Cost": 76972.46,
                "Plan Rows": 142,
                "Plan Width": 0,
                "Actual Startup Time": 147.096,
                "Actual Total Time": 158.495,
                "Actual Rows": 8,
                "Actual Loops": 2,
                "Inner Unique": true,
                "Hash Cond": "(mc.movie_id = t.id)",
                "Plans": [
                  {
                    "Node Type": "Bitmap Heap Scan",
                    "Parent Relationship": "Outer",
                    "Parallel Aware": true,
                    "Relation Name": "movie_companies",
                    "Alias": "mc",
                    "Startup Cost": 1343.79,
                    "Total Cost": 20684.01,
                    "Plan Rows": 18057,
                    "Plan Width": 4,
                    "Actual Startup Time": 3.173,
                    "Actual Total Time": 13.356,
                    "Actual Rows": 27748,
                    "Actual Loops": 2,
                    "Recheck Cond": "(company_id = 6)",
                    "Rows Removed by Index Recheck": 0,
                    "Filter": "(company_type_id = 1)",
                    "Rows Removed by Filter": 3289,
                    "Exact Heap Blocks": 3891,
                    "Lossy Heap Blocks": 0,
                    "Plans": [
                      {
                        "Node Type": "Bitmap Index Scan",
                        "Parent Relationship": "Outer",
                        "Parallel Aware": false,
                        "Index Name": "company_id_movie_companies",
                        "Startup Cost": 0.0,
                        "Total Cost": 1336.12,
                        "Plan Rows": 62358,
                        "Plan Width": 0,
                        "Actual Startup Time": 2.497,
                        "Actual Total Time": 2.498,
                        "Actual Rows": 62075,
                        "Actual Loops": 1,
                        "Index Cond": "(company_id = 6)"
                      }
                    ]
                  },
                  {
                    "Node Type": "Hash",
                    "Parent Relationship": "Inner",
                    "Parallel Aware": true,
                    "Startup Cost": 56094.33,
                    "Total Cost": 56094.33,
                    "Plan Rows": 11738,
                    "Plan Width": 4,
                    "Actual Startup Time": 141.064,
                    "Actual Total Time": 141.065,
                    "Actual Rows": 6920,
                    "Actual Loops": 2,
                    "Hash Buckets": 32768,
                    "Original Hash Buckets": 32768,
                    "Hash Batches": 1,
                    "Original Hash Batches": 1,
                    "Peak Memory Usage": 832,
                    "Plans": [
                      {
                        "Node Type": "Bitmap Heap Scan",
                        "Parent Relationship": "Outer",
                        "Parallel Aware": true,
                        "Relation Name": "title",
                        "Alias": "t",
                        "Startup Cost": 13443.95,
                        "Total Cost": 56094.33,
                        "Plan Rows": 11738,
                        "Plan Width": 4,
                        "Actual Startup Time": 49.991,
                        "Actual Total Time": 138.741,
                        "Actual Rows": 6920,
                        "Actual Loops": 2,
                        "Recheck Cond": "(kind_id < 3)",
                        "Rows Removed by Index Recheck": 0,
                        "Filter": "(production_year = 2003)",
                        "Rows Removed by Filter": 369918,
                        "Exact Heap Blocks": 27803,
                        "Lossy Heap Blocks": 0,
                        "Plans": [
                          {
                            "Node Type": "Bitmap Index Scan",
                            "Parent Relationship": "Outer",
                            "Parallel Aware": false,
                            "Index Name": "kind_id_title",
                            "Startup Cost": 0.0,
                            "Total Cost": 13438.96,
                            "Plan Rows": 753937,
                            "Plan Width": 0,
                            "Actual Startup Time": 48.451,
                            "Actual Total Time": 48.451,
                            "Actual Rows": 753677,
                            "Actual Loops": 1,
                            "Index Cond": "(kind_id < 3)"
                          }
                        ]
                      }
                    ]
                  }
                ]
              }
            ]
          }
        ]
      }
    ]
  },
  "Planning Time": 0.486,
  "Triggers": [],
  "Execution Time": 176.042
}