[
  {
    "Plan": {
      "Node Type": "Aggregate",
      "Strategy": "Plain",
      "Partial Mode": "Finalize",
      "Parallel Aware": false,
      "Startup Cost": 326813.63,
      "Total Cost": 326813.64,
      "Plan Rows": 1,
      "Plan Width": 8,
      "Actual Startup Time": 279.072,
      "Actual Total Time": 289.3,
      "Actual Rows": 1,
      "Actual Loops": 1,
      "Plans": [
        {
          "Node Type": "Gather",
          "Parent Relationship": "Outer",
          "Parallel Aware": false,
          "Startup Cost": 326813.0,
          "Total Cost": 326813.61,
          "Plan Rows": 6,
          "Plan Width": 8,
          "Actual Startup Time": 278.11,
          "Actual Total Time": 289.29,
          "Actual Rows": 7,
          "Actual Loops": 1,
          "Workers Planned": 6,
          "Workers Launched": 6,
          "Single Copy": false,
          "Plans": [
            {
              "Node Type": "Aggregate",
              "Strategy": "Plain",
              "Partial Mode": "Partial",
              "Parent Relationship": "Outer",
              "Parallel Aware": false,
              "Startup Cost": 325813.0,
              "Total Cost": 325813.01,
              "Plan Rows": 1,
              "Plan Width": 8,
              "Actual Startup Time": 267.055,
              "Actual Total Time": 267.056,
              "Actual Rows": 1,
              "Actual Loops": 7,
              "Plans": [
                {
                  "Node Type": "Bitmap Heap Scan",
                  "Parent Relationship": "Outer",
                  "Parallel Aware": true,
                  "Relation Name": "cast_info",
                  "Alias": "ci",
                  "Startup Cost": 65690.53,
                  "Total Cost": 324573.76,
                  "Plan Rows": 495698,
                  "Plan Width": 0,
                  "Actual Startup Time": 146.611,
                  "Actual Total Time": 245.35,
                  "Actual Rows": 433193,
                  "Actual Loops": 7,
                  "Recheck Cond": "(person_id < 294384)",
                  "Rows Removed by Index Recheck": 0,
                  "Exact Heap Blocks": 6943,
                  "Lossy Heap Blocks": 0,
                  "Plans": [
                    {
                      "Node Type": "Bitmap Index Scan",
                      "Parent Relationship": "Outer",
                      "Parallel Aware": false,
                      "Index Name": "person_id_cast_info",
                      "Startup Cost": 0.0,
                      "Total Cost": 64946.98,
                      "Plan Rows": 2974189,
                      "Plan Width": 0,
                      "Actual Startup Time": 151.266,
                      "Actual Total Time": 151.267,
                      "Actual Rows": 3032352,
                      "Actual Loops": 1,
                      "Index Cond": "(person_id < 294384)"
                    }
                  ]
                }
              ]
            }
          ]
        }
      ]
    },
    "Planning Time": 0.205,
    "Triggers": [],
    "Execution Time": 289.377
  }
]