[
  {
    "Plan": {
      "Node Type": "Aggregate",
      "Strategy": "Plain",
      "Partial Mode": "Finalize",
      "Parallel Aware": false,
      "Startup Cost": 31945.39,
      "Total Cost": 31945.4,
      "Plan Rows": 1,
      "Plan Width": 8,
      "Actual Startup Time": 120.294,
      "Actual Total Time": 129.14,
      "Actual Rows": 1,
      "Actual Loops": 1,
      "Plans": [
        {
          "Node Type": "Gather",
          "Parent Relationship": "Outer",
          "Parallel Aware": false,
          "Startup Cost": 31945.07,
          "Total Cost": 31945.38,
          "Plan Rows": 3,
          "Plan Width": 8,
          "Actual Startup Time": 120.169,
          "Actual Total Time": 129.123,
          "Actual Rows": 4,
          "Actual Loops": 1,
          "Workers Planned": 3,
          "Workers Launched": 3,
          "Single Copy": false,
          "Plans": [
            {
              "Node Type": "Aggregate",
              "Strategy": "Plain",
              "Partial Mode": "Partial",
              "Parent Relationship": "Outer",
              "Parallel Aware": false,
              "Startup Cost": 30945.07,
              "Total Cost": 30945.08,
              "Plan Rows": 1,
              "Plan Width": 8,
              "Actual Startup Time": 114.753,
              "Actual Total Time": 114.754,
              "Actual Rows": 1,
              "Actual Loops": 4,
              "Plans": [
                {
                  "Node Type": "Seq Scan",
                  "Parent Relationship": "Outer",
                  "Parallel Aware": true,
                  "Relation Name": "movie_companies",
                  "Alias": "mc",
                  "Startup Cost": 0.0,
                  "Total Cost": 29310.68,
                  "Plan Rows": 653755,
                  "Plan Width": 0,
                  "Actual Startup Time": 0.04,
                  "Actual Total Time": 88.172,
                  "Actual Rows": 503286,
                  "Actual Loops": 4,
                  "Filter": "(company_id < 68902)",
                  "Rows Removed by Filter": 148997
                }
              ]
            }
          ]
        }
      ]
    },
    "Planning Time": 0.177,
    "Triggers": [],
    "Execution Time": 129.193
  }
]