[
  {
    "Plan": {
      "Node Type": "Aggregate",
      "Strategy": "Plain",
      "Partial Mode": "Finalize",
      "Parallel Aware": false,
      "Startup Cost": 46481.35,
      "Total Cost": 46481.36,
      "Plan Rows": 1,
      "Plan Width": 8,
      "Actual Startup Time": 97.946,
      "Actual Total Time": 111.017,
      "Actual Rows": 1,
      "Actual Loops": 1,
      "Plans": [
        {
          "Node Type": "Gather",
          "Parent Relationship": "Outer",
          "Parallel Aware": false,
          "Startup Cost": 46480.93,
          "Total Cost": 46481.34,
          "Plan Rows": 4,
          "Plan Width": 8,
          "Actual Startup Time": 97.754,
          "Actual Total Time": 111.002,
          "Actual Rows": 5,
          "Actual Loops": 1,
          "Workers Planned": 4,
          "Workers Launched": 4,
          "Single Copy": false,
          "Plans": [
            {
              "Node Type": "Aggregate",
              "Strategy": "Plain",
              "Partial Mode": "Partial",
              "Parent Relationship": "Outer",
              "Parallel Aware": false,
              "Startup Cost": 45480.93,
              "Total Cost": 45480.94,
              "Plan Rows": 1,
              "Plan Width": 8,
              "Actual Startup Time": 88.667,
              "Actual Total Time": 88.669,
              "Actual Rows": 1,
              "Actual Loops": 5,
              "Plans": [
                {
                  "Node Type": "Seq Scan",
                  "Parent Relationship": "Outer",
                  "Parallel Aware": true,
                  "Relation Name": "title",
                  "Alias": "t",
                  "Startup Cost": 0.0,
                  "Total Cost": 45479.59,
                  "Plan Rows": 538,
                  "Plan Width": 0,
                  "Actual Startup Time": 5.392,
                  "Actual Total Time": 88.647,
                  "Actual Rows": 29,
                  "Actual Loops": 5,
                  "Filter": "((kind_id > 4) AND (production_year > 2013))",
                  "Rows Removed by Filter": 505633
                }
              ]
            }
          ]
        }
      ]
    },
    "Planning Time": 0.192,
    "Triggers": [],
    "Execution Time": 111.079
  }
]