[
  {
    "Plan": {
      "Node Type": "Aggregate",
      "Strategy": "Plain",
      "Partial Mode": "Finalize",
      "Parallel Aware": false,
      "Startup Cost": 46480.64,
      "Total Cost": 46480.65,
      "Plan Rows": 1,
      "Plan Width": 8,
      "Actual Startup Time": 98.135,
      "Actual Total Time": 110.44,
      "Actual Rows": 1,
      "Actual Loops": 1,
      "Plans": [
        {
          "Node Type": "Gather",
          "Parent Relationship": "Outer",
          "Parallel Aware": false,
          "Startup Cost": 46480.22,
          "Total Cost": 46480.63,
          "Plan Rows": 4,
          "Plan Width": 8,
          "Actual Startup Time": 97.989,
          "Actual Total Time": 110.432,
          "Actual Rows": 5,
          "Actual Loops": 1,
          "Workers Planned": 4,
          "Workers Launched": 4,
          "Single Copy": false,
          "Plans": [
            {
              "Node Type": "Aggregate",
              "Strategy": "Plain",
              "Partial Mode": "Partial",
              "Parent Relationship": "Outer",
              "Parallel Aware": false,
              "Startup Cost": 45480.22,
              "Total Cost": 45480.23,
              "Plan Rows": 1,
              "Plan Width": 8,
              "Actual Startup Time": 88.657,
              "Actual Total Time": 88.658,
              "Actual Rows": 1,
              "Actual Loops": 5,
              "Plans": [
                {
                  "Node Type": "Seq Scan",
                  "Parent Relationship": "Outer",
                  "Parallel Aware": true,
                  "Relation Name": "title",
                  "Alias": "t",
                  "Startup Cost": 0.0,
                  "Total Cost": 45479.1,
                  "Plan Rows": 448,
                  "Plan Width": 0,
                  "Actual Startup Time": 1.725,
                  "Actual Total Time": 88.636,
                  "Actual Rows": 29,
                  "Actual Loops": 5,
                  "Filter": "((kind_id > 4) AND (production_year > 2013))",
                  "Rows Removed by Filter": 505633
                }
              ]
            }
          ]
        }
      ]
    },
    "Planning Time": 0.166,
    "Triggers": [],
    "Execution Time": 110.496
  }
]