[
  {
    "Plan": {
      "Node Type": "Aggregate",
      "Strategy": "Plain",
      "Partial Mode": "Finalize",
      "Parallel Aware": false,
      "Startup Cost": 347589.46,
      "Total Cost": 347589.47,
      "Plan Rows": 1,
      "Plan Width": 8,
      "Actual Startup Time": 688.718,
      "Actual Total Time": 736.137,
      "Actual Rows": 1,
      "Actual Loops": 1,
      "Plans": [
        {
          "Node Type": "Gather",
          "Parent Relationship": "Outer",
          "Parallel Aware": false,
          "Startup Cost": 347588.84,
          "Total Cost": 347589.45,
          "Plan Rows": 6,
          "Plan Width": 8,
          "Actual Startup Time": 688.543,
          "Actual Total Time": 736.121,
          "Actual Rows": 7,
          "Actual Loops": 1,
          "Workers Planned": 6,
          "Workers Launched": 6,
          "Single Copy": false,
          "Plans": [
            {
              "Node Type": "Aggregate",
              "Strategy": "Plain",
              "Partial Mode": "Partial",
              "Parent Relationship": "Outer",
              "Parallel Aware": false,
              "Startup Cost": 346588.84,
              "Total Cost": 346588.85,
              "Plan Rows": 1,
              "Plan Width": 8,
              "Actual Startup Time": 681.244,
              "Actual Total Time": 681.246,
              "Actual Rows": 1,
              "Actual Loops": 7,
              "Plans": [
                {
                  "Node Type": "Seq Scan",
                  "Parent Relationship": "Outer",
                  "Parallel Aware": true,
                  "Relation Name": "cast_info",
                  "Alias": "ci",
                  "Startup Cost": 0.0,
                  "Total Cost": 343316.27,
                  "Plan Rows": 1309026,
                  "Plan Width": 0,
                  "Actual Startup Time": 347.219,
                  "Actual Total Time": 642.85,
                  "Actual Rows": 706791,
                  "Actual Loops": 7,
                  "Filter": "((person_id < 1774747) AND (role_id > 2))",
                  "Rows Removed by Filter": 4470972
                }
              ]
            }
          ]
        }
      ]
    },
    "Planning Time": 0.187,
    "Triggers": [],
    "Execution Time": 736.201
  }
]