[
  {
    "Plan": {
      "Node Type": "Aggregate",
      "Strategy": "Plain",
      "Partial Mode": "Finalize",
      "Parallel Aware": false,
      "Startup Cost": 347624.95,
      "Total Cost": 347624.96,
      "Plan Rows": 1,
      "Plan Width": 8,
      "Actual Startup Time": 733.882,
      "Actual Total Time": 798.591,
      "Actual Rows": 1,
      "Actual Loops": 1,
      "Plans": [
        {
          "Node Type": "Gather",
          "Parent Relationship": "Outer",
          "Parallel Aware": false,
          "Startup Cost": 347624.33,
          "Total Cost": 347624.94,
          "Plan Rows": 6,
          "Plan Width": 8,
          "Actual Startup Time": 733.75,
          "Actual Total Time": 798.58,
          "Actual Rows": 7,
          "Actual Loops": 1,
          "Workers Planned": 6,
          "Workers Launched": 6,
          "Single Copy": false,
          "Plans": [
            {
              "Node Type": "Aggregate",
              "Strategy": "Plain",
              "Partial Mode": "Partial",
              "Parent Relationship": "Outer",
              "Parallel Aware": false,
              "Startup Cost": 346624.33,
              "Total Cost": 346624.34,
              "Plan Rows": 1,
              "Plan Width": 8,
              "Actual Startup Time": 725.386,
              "Actual Total Time": 725.387,
              "Actual Rows": 1,
              "Actual Loops": 7,
              "Plans": [
                {
                  "Node Type": "Seq Scan",
                  "Parent Relationship": "Outer",
                  "Parallel Aware": true,
                  "Relation Name": "cast_info",
                  "Alias": "ci",
                  "Startup Cost": 0.0,
                  "Total Cost": 343257.03,
                  "Plan Rows": 1346919,
                  "Plan Width": 0,
                  "Actual Startup Time": 381.635,
                  "Actual Total Time": 689.988,
                  "Actual Rows": 706791,
                  "Actual Loops": 7,
                  "Filter": "((person_id < 1774747) AND (role_id > 2))",
                  "Rows Removed by Filter": 4470972
                }
              ]
            }
          ]
        }
      ]
    },
    "Planning Time": 0.183,
    "Triggers": [],
    "Execution Time": 798.656
  }
]