{
    "Plan": {
        "Node Type": "Aggregate",
        "Strategy": "Plain",
        "Partial Mode": "Finalize",
        "Parallel Aware": false,
        "Startup Cost": 80589.05,
        "Total Cost": 80589.06,
        "Plan Rows": 1,
        "Plan Width": 8,
        "Actual Startup Time": 236.279,
        "Actual Total Time": 251.148,
        "Actual Rows": 1,
        "Actual Loops": 1,
        "Output": [
            "count(*)"
        ],
        "Plans": [
            {
                "Node Type": "Gather",
                "Parent Relationship": "Outer",
                "Parallel Aware": false,
                "Startup Cost": 80588.63,
                "Total Cost": 80589.04,
                "Plan Rows": 4,
                "Plan Width": 8,
                "Actual Startup Time": 235.114,
                "Actual Total Time": 251.137,
                "Actual Rows": 5,
                "Actual Loops": 1,
                "Output": [
                    "(PARTIAL count(*))"
                ],
                "Workers Planned": 4,
                "Workers Launched": 4,
                "Single Copy": false,
                "Plans": [
                    {
                        "Node Type": "Aggregate",
                        "Strategy": "Plain",
                        "Partial Mode": "Partial",
                        "Parent Relationship": "Outer",
                        "Parallel Aware": false,
                        "Startup Cost": 79588.63,
                        "Total Cost": 79588.64,
                        "Plan Rows": 1,
                        "Plan Width": 8,
                        "Actual Startup Time": 225.423,
                        "Actual Total Time": 225.426,
                        "Actual Rows": 1,
                        "Actual Loops": 5,
                        "Output": [
                            "PARTIAL count(*)"
                        ],
                        "Workers": [
                            {
                                "Worker Number": 0,
                                "Actual Startup Time": 222.557,
                                "Actual Total Time": 222.56,
                                "Actual Rows": 1,
                                "Actual Loops": 1
                            },
                            {
                                "Worker Number": 1,
                                "Actual Startup Time": 223.305,
                                "Actual Total Time": 223.308,
                                "Actual Rows": 1,
                                "Actual Loops": 1
                            },
                            {
                                "Worker Number": 2,
                                "Actual Startup Time": 223.176,
                                "Actual Total Time": 223.18,
                                "Actual Rows": 1,
                                "Actual Loops": 1
                            },
                            {
                                "Worker Number": 3,
                                "Actual Startup Time": 223.762,
                                "Actual Total Time": 223.765,
                                "Actual Rows": 1,
                                "Actual Loops": 1
                            }
                        ],
                        "Plans": [
                            {
                                "Node Type": "Hash Join",
                                "Parent Relationship": "Outer",
                                "Parallel Aware": true,
                                "Join Type": "Inner",
                                "Startup Cost": 33403.46,
                                "Total Cost": 79280.39,
                                "Plan Rows": 123296,
                                "Plan Width": 0,
                                "Actual Startup Time": 165.053,
                                "Actual Total Time": 223.817,
                                "Actual Rows": 37271,
                                "Actual Loops": 5,
                                "Inner Unique": false,
                                "Hash Cond": "(t.id = mc.movie_id)",
                                "Workers": [
                                    {
                                        "Worker Number": 0,
                                        "Actual Startup Time": 169.817,
                                        "Actual Total Time": 221.037,
                                        "Actual Rows": 35512,
                                        "Actual Loops": 1
                                    },
                                    {
                                        "Worker Number": 1,
                                        "Actual Startup Time": 160.848,
                                        "Actual Total Time": 221.741,
                                        "Actual Rows": 36168,
                                        "Actual Loops": 1
                                    },
                                    {
                                        "Worker Number": 2,
                                        "Actual Startup Time": 160.735,
                                        "Actual Total Time": 221.657,
                                        "Actual Rows": 35415,
                                        "Actual Loops": 1
                                    },
                                    {
                                        "Worker Number": 3,
                                        "Actual Startup Time": 161.955,
                                        "Actual Total Time": 222.18,
                                        "Actual Rows": 36603,
                                        "Actual Loops": 1
                                    }
                                ],
                                "Plans": [
                                    {
                                        "Node Type": "Seq Scan",
                                        "Parent Relationship": "Outer",
                                        "Parallel Aware": true,
                                        "Relation Name": "title",
                                        "Schema": "public",
                                        "Alias": "t",
                                        "Startup Cost": 0.0,
                                        "Total Cost": 42318.81,
                                        "Plan Rows": 632080,
                                        "Plan Width": 4,
                                        "Actual Startup Time": 0.025,
                                        "Actual Total Time": 64.455,
                                        "Actual Rows": 505662,
                                        "Actual Loops": 5,
                                        "Output": [
                                            "t.id",
                                            "t.title",
                                            "t.imdb_index",
                                            "t.kind_id",
                                            "t.production_year",
                                            "t.imdb_id",
                                            "t.phonetic_code",
                                            "t.episode_of_id",
                                            "t.season_nr",
                                            "t.episode_nr",
                                            "t.series_years",
                                            "t.md5sum"
                                        ],
                                        "Workers": [
                                            {
                                                "Worker Number": 0,
                                                "Actual Startup Time": 0.028,
                                                "Actual Total Time": 67.201,
                                                "Actual Rows": 475263,
                                                "Actual Loops": 1
                                            },
                                            {
                                                "Worker Number": 1,
                                                "Actual Startup Time": 0.027,
                                                "Actual Total Time": 64.398,
                                                "Actual Rows": 484511,
                                                "Actual Loops": 1
                                            },
                                            {
                                                "Worker Number": 2,
                                                "Actual Startup Time": 0.025,
                                                "Actual Total Time": 67.541,
                                                "Actual Rows": 476645,
                                                "Actual Loops": 1
                                            },
                                            {
                                                "Worker Number": 3,
                                                "Actual Startup Time": 0.033,
                                                "Actual Total Time": 64.793,
                                                "Actual Rows": 491401,
                                                "Actual Loops": 1
                                            }
                                        ]
                                    },
                                    {
                                        "Node Type": "Hash",
                                        "Parent Relationship": "Inner",
                                        "Parallel Aware": true,
                                        "Startup Cost": 31414.82,
                                        "Total Cost": 31414.82,
                                        "Plan Rows": 159091,
                                        "Plan Width": 4,
                                        "Actual Startup Time": 80.089,
                                        "Actual Total Time": 80.09,
                                        "Actual Rows": 37271,
                                        "Actual Loops": 5,
                                        "Output": [
                                            "mc.movie_id"
                                        ],
                                        "Hash Buckets": 524288,
                                        "Original Hash Buckets": 524288,
                                        "Hash Batches": 1,
                                        "Original Hash Batches": 1,
                                        "Peak Memory Usage": 11456,
                                        "Workers": [
                                            {
                                                "Worker Number": 0,
                                                "Actual Startup Time": 79.719,
                                                "Actual Total Time": 79.72,
                                                "Actual Rows": 35020,
                                                "Actual Loops": 1
                                            },
                                            {
                                                "Worker Number": 1,
                                                "Actual Startup Time": 80.328,
                                                "Actual Total Time": 80.329,
                                                "Actual Rows": 33815,
                                                "Actual Loops": 1
                                            },
                                            {
                                                "Worker Number": 2,
                                                "Actual Startup Time": 80.395,
                                                "Actual Total Time": 80.397,
                                                "Actual Rows": 35903,
                                                "Actual Loops": 1
                                            },
                                            {
                                                "Worker Number": 3,
                                                "Actual Startup Time": 80.935,
                                                "Actual Total Time": 80.936,
                                                "Actual Rows": 33614,
                                                "Actual Loops": 1
                                            }
                                        ],
                                        "Plans": [
                                            {
                                                "Node Type": "Seq Scan",
                                                "Parent Relationship": "Outer",
                                                "Parallel Aware": true,
                                                "Relation Name": "movie_companies",
                                                "Schema": "public",
                                                "Alias": "mc",
                                                "Startup Cost": 0.0,
                                                "Total Cost": 31414.82,
                                                "Plan Rows": 159091,
                                                "Plan Width": 4,
                                                "Actual Startup Time": 21.067,
                                                "Actual Total Time": 66.566,
                                                "Actual Rows": 37271,
                                                "Actual Loops": 5,
                                                "Output": [
                                                    "mc.movie_id"
                                                ],
                                                "Filter": "((mc.company_id > 16432) AND (mc.company_type_id = 1))",
                                                "Rows Removed by Filter": 484555,
                                                "Workers": [
                                                    {
                                                        "Worker Number": 0,
                                                        "Actual Startup Time": 21.088,
                                                        "Actual Total Time": 67.036,
                                                        "Actual Rows": 35020,
                                                        "Actual Loops": 1
                                                    },
                                                    {
                                                        "Worker Number": 1,
                                                        "Actual Startup Time": 20.95,
                                                        "Actual Total Time": 66.064,
                                                        "Actual Rows": 33815,
                                                        "Actual Loops": 1
                                                    },
                                                    {
                                                        "Worker Number": 2,
                                                        "Actual Startup Time": 21.056,
                                                        "Actual Total Time": 67.011,
                                                        "Actual Rows": 35903,
                                                        "Actual Loops": 1
                                                    },
                                                    {
                                                        "Worker Number": 3,
                                                        "Actual Startup Time": 21.047,
                                                        "Actual Total Time": 66.69,
                                                        "Actual Rows": 33614,
                                                        "Actual Loops": 1
                                                    }
                                                ]
                                            }
                                        ]
                                    }
                                ]
                            }
                        ]
                    }
                ]
            }
        ]
    },
    "Planning Time": 0.775,
    "Triggers": [],
    "Execution Time": 251.228
}