[
  {
    "Plan": {
      "Node Type": "Aggregate",
      "Strategy": "Plain",
      "Partial Mode": "Finalize",
      "Parallel Aware": false,
      "Startup Cost": 61347.9,
      "Total Cost": 61347.91,
      "Plan Rows": 1,
      "Plan Width": 8,
      "Actual Startup Time": 106.961,
      "Actual Total Time": 121.543,
      "Actual Rows": 1,
      "Actual Loops": 1,
      "Plans": [
        {
          "Node Type": "Gather",
          "Parent Relationship": "Outer",
          "Parallel Aware": false,
          "Startup Cost": 61347.48,
          "Total Cost": 61347.89,
          "Plan Rows": 4,
          "Plan Width": 8,
          "Actual Startup Time": 106.832,
          "Actual Total Time": 121.524,
          "Actual Rows": 5,
          "Actual Loops": 1,
          "Workers Planned": 4,
          "Workers Launched": 4,
          "Single Copy": false,
          "Plans": [
            {
              "Node Type": "Aggregate",
              "Strategy": "Plain",
              "Partial Mode": "Partial",
              "Parent Relationship": "Outer",
              "Parallel Aware": false,
              "Startup Cost": 60347.48,
              "Total Cost": 60347.49,
              "Plan Rows": 1,
              "Plan Width": 8,
              "Actual Startup Time": 97.03,
              "Actual Total Time": 97.031,
              "Actual Rows": 1,
              "Actual Loops": 5,
              "Plans": [
                {
                  "Node Type": "Nested Loop",
                  "Parent Relationship": "Outer",
                  "Parallel Aware": false,
                  "Join Type": "Inner",
                  "Startup Cost": 0.43,
                  "Total Cost": 60344.9,
                  "Plan Rows": 1032,
                  "Plan Width": 0,
                  "Actual Startup Time": 2.195,
                  "Actual Total Time": 96.861,
                  "Actual Rows": 1463,
                  "Actual Loops": 5,
                  "Inner Unique": false,
                  "Plans": [
                    {
                      "Node Type": "Seq Scan",
                      "Parent Relationship": "Outer",
                      "Parallel Aware": true,
                      "Relation Name": "title",
                      "Alias": "t",
                      "Startup Cost": 0.0,
                      "Total Cost": 45479.1,
                      "Plan Rows": 1000,
                      "Plan Width": 4,
                      "Actual Startup Time": 1.982,
                      "Actual Total Time": 85.604,
                      "Actual Rows": 735,
                      "Actual Loops": 5,
                      "Filter": "((kind_id < 7) AND (production_year = 1958))",
                      "Rows Removed by Filter": 504927
                    },
                    {
                      "Node Type": "Index Only Scan",
                      "Parent Relationship": "Inner",
                      "Parallel Aware": false,
                      "Scan Direction": "Forward",
                      "Index Name": "movie_id_movie_companies",
                      "Relation Name": "movie_companies",
                      "Alias": "mc",
                      "Startup Cost": 0.43,
                      "Total Cost": 14.82,
                      "Plan Rows": 5,
                      "Plan Width": 4,
                      "Actual Startup Time": 0.012,
                      "Actual Total Time": 0.015,
                      "Actual Rows": 2,
                      "Actual Loops": 3676,
                      "Index Cond": "(movie_id = t.id)",
                      "Rows Removed by Index Recheck": 0,
                      "Heap Fetches": 7313
                    }
                  ]
                }
              ]
            }
          ]
        }
      ]
    },
    "Planning Time": 0.57,
    "Triggers": [],
    "Execution Time": 121.618
  }
]