{
  "Plan": {
    "Node Type": "Aggregate",
    "Strategy": "Plain",
    "Partial Mode": "Finalize",
    "Parallel Aware": false,
    "Startup Cost": 118948.72,
    "Total Cost": 118948.73,
    "Plan Rows": 1,
    "Plan Width": 8,
    "Actual Startup Time": 510.055,
    "Actual Total Time": 519.593,
    "Actual Rows": 1,
    "Actual Loops": 1,
    "Plans": [
      {
        "Node Type": "Gather",
        "Parent Relationship": "Outer",
        "Parallel Aware": false,
        "Startup Cost": 118948.61,
        "Total Cost": 118948.72,
        "Plan Rows": 1,
        "Plan Width": 8,
        "Actual Startup Time": 509.341,
        "Actual Total Time": 519.584,
        "Actual Rows": 2,
        "Actual Loops": 1,
        "Workers Planned": 1,
        "Workers Launched": 1,
        "Single Copy": false,
        "Plans": [
          {
            "Node Type": "Aggregate",
            "Strategy": "Plain",
            "Partial Mode": "Partial",
            "Parent Relationship": "Outer",
            "Parallel Aware": false,
            "Startup Cost": 117948.61,
            "Total Cost": 117948.62,
            "Plan Rows": 1,
            "Plan Width": 8,
            "Actual Startup Time": 503.567,
            "Actual Total Time": 503.7,
            "Actual Rows": 1,
            "Actual Loops": 2,
            "Plans": [
              {
                "Node Type": "Hash Join",
                "Parent Relationship": "Outer",
                "Parallel Aware": true,
                "Join Type": "Inner",
                "Startup Cost": 54551.03,
                "Total Cost": 117711.87,
                "Plan Rows": 94694,
                "Plan Width": 0,
                "Actual Startup Time": 192.145,
                "Actual Total Time": 487.488,
                "Actual Rows": 386848,
                "Actual Loops": 2,
                "Inner Unique": true,
                "Hash Cond": "(mk.movie_id = t.id)",
                "Plans": [
                  {
                    "Node Type": "Seq Scan",
                    "Parent Relationship": "Outer",
                    "Parallel Aware": true,
                    "Relation Name": "movie_keyword",
                    "Alias": "mk",
                    "Startup Cost": 0.0,
                    "Total Cost": 57718.19,
                    "Plan Rows": 2073388,
                    "Plan Width": 4,
                    "Actual Startup Time": 0.013,
                    "Actual Total Time": 193.275,
                    "Actual Rows": 1765458,
                    "Actual Loops": 2,
                    "Filter": "(keyword_id < 18629)",
                    "Rows Removed by Filter": 496506
                  },
                  {
                    "Node Type": "Hash",
                    "Parent Relationship": "Inner",
                    "Parallel Aware": true,
                    "Startup Cost": 53701.98,
                    "Total Cost": 53701.98,
                    "Plan Rows": 67924,
                    "Plan Width": 4,
                    "Actual Startup Time": 127.656,
                    "Actual Total Time": 127.658,
                    "Actual Rows": 126290,
                    "Actual Loops": 2,
                    "Hash Buckets": 262144,
                    "Original Hash Buckets": 131072,
                    "Hash Batches": 1,
                    "Original Hash Batches": 1,
                    "Peak Memory Usage": 12992,
                    "Plans": [
                      {
                        "Node Type": "Bitmap Heap Scan",
                        "Parent Relationship": "Outer",
                        "Parallel Aware": true,
                        "Relation Name": "title",
                        "Alias": "t",
                        "Startup Cost": 11851.72,
                        "Total Cost": 53701.98,
                        "Plan Rows": 67924,
                        "Plan Width": 4,
                        "Actual Startup Time": 36.63,
                        "Actual Total Time": 98.964,
                        "Actual Rows": 126290,
                        "Actual Loops": 2,
                        "Recheck Cond": "(kind_id = 1)",
                        "Rows Removed by Index Recheck": 0,
                        "Filter": "(production_year < 1976)",
                        "Rows Removed by Filter": 205122,
                        "Exact Heap Blocks": 8508,
                        "Lossy Heap Blocks": 0,
                        "Plans": [
                          {
                            "Node Type": "Bitmap Index Scan",
                            "Parent Relationship": "Outer",
                            "Parallel Aware": false,
                            "Index Name": "kind_id_title",
                            "Startup Cost": 0.0,
                            "Total Cost": 11822.85,
                            "Plan Rows": 663256,
                            "Plan Width": 0,
                            "Actual Startup Time": 38.24,
                            "Actual Total Time": 38.24,
                            "Actual Rows": 662825,
                            "Actual Loops": 1,
                            "Index Cond": "(kind_id = 1)"
                          }
                        ]
                      }
                    ]
                  }
                ]
              }
            ]
          }
        ]
      }
    ]
  },
  "Planning Time": 0.475,
  "Triggers": [],
  "Execution Time": 519.685
}