[
    {
        "Bao": {
            "Bao prediction": "NaN",
            "Bao recommended hint": "(no hint)"
        }
    },
    {
        "Plan": {
            "Node Type": "Aggregate",
            "Strategy": "Plain",
            "Partial Mode": "Finalize",
            "Parallel Aware": false,
            "Startup Cost": 32653.99,
            "Total Cost": 32654.0,
            "Plan Rows": 1,
            "Plan Width": 8,
            "Actual Startup Time": 82.628,
            "Actual Total Time": 88.271,
            "Actual Rows": 1,
            "Actual Loops": 1,
            "Output": [
                "count(*)"
            ],
            "Plans": [
                {
                    "Node Type": "Gather",
                    "Parent Relationship": "Outer",
                    "Parallel Aware": false,
                    "Startup Cost": 32653.67,
                    "Total Cost": 32653.98,
                    "Plan Rows": 3,
                    "Plan Width": 8,
                    "Actual Startup Time": 82.536,
                    "Actual Total Time": 88.265,
                    "Actual Rows": 4,
                    "Actual Loops": 1,
                    "Output": [
                        "(PARTIAL count(*))"
                    ],
                    "Workers Planned": 3,
                    "Workers Launched": 3,
                    "Single Copy": false,
                    "Plans": [
                        {
                            "Node Type": "Aggregate",
                            "Strategy": "Plain",
                            "Partial Mode": "Partial",
                            "Parent Relationship": "Outer",
                            "Parallel Aware": false,
                            "Startup Cost": 31653.67,
                            "Total Cost": 31653.68,
                            "Plan Rows": 1,
                            "Plan Width": 8,
                            "Actual Startup Time": 75.559,
                            "Actual Total Time": 75.56,
                            "Actual Rows": 1,
                            "Actual Loops": 4,
                            "Output": [
                                "PARTIAL count(*)"
                            ],
                            "Workers": [
                                {
                                    "Worker Number": 0,
                                    "Actual Startup Time": 75.21,
                                    "Actual Total Time": 75.211,
                                    "Actual Rows": 1,
                                    "Actual Loops": 1
                                },
                                {
                                    "Worker Number": 1,
                                    "Actual Startup Time": 72.231,
                                    "Actual Total Time": 72.232,
                                    "Actual Rows": 1,
                                    "Actual Loops": 1
                                },
                                {
                                    "Worker Number": 2,
                                    "Actual Startup Time": 72.505,
                                    "Actual Total Time": 72.506,
                                    "Actual Rows": 1,
                                    "Actual Loops": 1
                                }
                            ],
                            "Plans": [
                                {
                                    "Node Type": "Seq Scan",
                                    "Parent Relationship": "Outer",
                                    "Parallel Aware": true,
                                    "Relation Name": "movie_companies",
                                    "Schema": "public",
                                    "Alias": "mc",
                                    "Startup Cost": 0.0,
                                    "Total Cost": 31414.82,
                                    "Plan Rows": 95541,
                                    "Plan Width": 0,
                                    "Actual Startup Time": 38.941,
                                    "Actual Total Time": 69.612,
                                    "Actual Rows": 144948,
                                    "Actual Loops": 4,
                                    "Output": [
                                        "id",
                                        "movie_id",
                                        "company_id",
                                        "company_type_id",
                                        "note"
                                    ],
                                    "Filter": "((mc.company_id > 71071) AND (mc.company_type_id = 2))",
                                    "Rows Removed by Filter": 507335,
                                    "Workers": [
                                        {
                                            "Worker Number": 0,
                                            "Actual Startup Time": 38.594,
                                            "Actual Total Time": 69.577,
                                            "Actual Rows": 133685,
                                            "Actual Loops": 1
                                        },
                                        {
                                            "Worker Number": 1,
                                            "Actual Startup Time": 35.621,
                                            "Actual Total Time": 66.515,
                                            "Actual Rows": 137987,
                                            "Actual Loops": 1
                                        },
                                        {
                                            "Worker Number": 2,
                                            "Actual Startup Time": 35.879,
                                            "Actual Total Time": 66.782,
                                            "Actual Rows": 138157,
                                            "Actual Loops": 1
                                        }
                                    ]
                                }
                            ]
                        }
                    ]
                }
            ]
        },
        "Planning Time": 185.545,
        "Triggers": [],
        "Execution Time": 88.31
    }
]