[
  {
    "Plan": {
      "Node Type": "Aggregate",
      "Strategy": "Plain",
      "Partial Mode": "Finalize",
      "Parallel Aware": false,
      "Startup Cost": 404079.13,
      "Total Cost": 404079.14,
      "Plan Rows": 1,
      "Plan Width": 8,
      "Actual Startup Time": 1402.298,
      "Actual Total Time": 1458.43,
      "Actual Rows": 1,
      "Actual Loops": 1,
      "Plans": [
        {
          "Node Type": "Gather",
          "Parent Relationship": "Outer",
          "Parallel Aware": false,
          "Startup Cost": 404078.5,
          "Total Cost": 404079.11,
          "Plan Rows": 6,
          "Plan Width": 8,
          "Actual Startup Time": 1394.874,
          "Actual Total Time": 1458.415,
          "Actual Rows": 7,
          "Actual Loops": 1,
          "Workers Planned": 6,
          "Workers Launched": 6,
          "Single Copy": false,
          "Plans": [
            {
              "Node Type": "Aggregate",
              "Strategy": "Plain",
              "Partial Mode": "Partial",
              "Parent Relationship": "Outer",
              "Parallel Aware": false,
              "Startup Cost": 403078.5,
              "Total Cost": 403078.51,
              "Plan Rows": 1,
              "Plan Width": 8,
              "Actual Startup Time": 1384.23,
              "Actual Total Time": 1384.233,
              "Actual Rows": 1,
              "Actual Loops": 7,
              "Plans": [
                {
                  "Node Type": "Hash Join",
                  "Parent Relationship": "Outer",
                  "Parallel Aware": true,
                  "Join Type": "Inner",
                  "Startup Cost": 50088.69,
                  "Total Cost": 399623.67,
                  "Plan Rows": 1381934,
                  "Plan Width": 0,
                  "Actual Startup Time": 409.361,
                  "Actual Total Time": 1345.343,
                  "Actual Rows": 782654,
                  "Actual Loops": 7,
                  "Inner Unique": true,
                  "Hash Cond": "(ci.movie_id = t.id)",
                  "Plans": [
                    {
                      "Node Type": "Seq Scan",
                      "Parent Relationship": "Outer",
                      "Parallel Aware": true,
                      "Relation Name": "cast_info",
                      "Alias": "ci",
                      "Startup Cost": 0.0,
                      "Total Cost": 343316.27,
                      "Plan Rows": 2369029,
                      "Plan Width": 4,
                      "Actual Startup Time": 224.009,
                      "Actual Total Time": 675.715,
                      "Actual Rows": 1355030,
                      "Actual Loops": 7,
                      "Filter": "((person_id < 2256845) AND (role_id > 1))",
                      "Rows Removed by Filter": 3822733
                    },
                    {
                      "Node Type": "Hash",
                      "Parent Relationship": "Inner",
                      "Parallel Aware": true,
                      "Startup Cost": 45479.59,
                      "Total Cost": 45479.59,
                      "Plan Rows": 368728,
                      "Plan Width": 4,
                      "Actual Startup Time": 181.991,
                      "Actual Total Time": 181.992,
                      "Actual Rows": 207325,
                      "Actual Loops": 7,
                      "Hash Buckets": 2097152,
                      "Original Hash Buckets": 2097152,
                      "Hash Batches": 1,
                      "Original Hash Batches": 1,
                      "Peak Memory Usage": 73280,
                      "Plans": [
                        {
                          "Node Type": "Seq Scan",
                          "Parent Relationship": "Outer",
                          "Parallel Aware": true,
                          "Relation Name": "title",
                          "Alias": "t",
                          "Startup Cost": 0.0,
                          "Total Cost": 45479.59,
                          "Plan Rows": 368728,
                          "Plan Width": 4,
                          "Actual Startup Time": 0.044,
                          "Actual Total Time": 85.296,
                          "Actual Rows": 207325,
                          "Actual Loops": 7,
                          "Filter": "((kind_id > 3) AND (production_year < 2012))",
                          "Rows Removed by Filter": 153863
                        }
                      ]
                    }
                  ]
                }
              ]
            }
          ]
        }
      ]
    },
    "Planning Time": 0.267,
    "Triggers": [],
    "Execution Time": 1458.483
  }
]