[
  {
    "Plan": {
      "Node Type": "Aggregate",
      "Strategy": "Plain",
      "Partial Mode": "Finalize",
      "Parallel Aware": false,
      "Startup Cost": 392820.99,
      "Total Cost": 392821.0,
      "Plan Rows": 1,
      "Plan Width": 8,
      "Actual Startup Time": 992.527,
      "Actual Total Time": 1048.153,
      "Actual Rows": 1,
      "Actual Loops": 1,
      "Plans": [
        {
          "Node Type": "Gather",
          "Parent Relationship": "Outer",
          "Parallel Aware": false,
          "Startup Cost": 392820.36,
          "Total Cost": 392820.97,
          "Plan Rows": 6,
          "Plan Width": 8,
          "Actual Startup Time": 991.03,
          "Actual Total Time": 1048.135,
          "Actual Rows": 7,
          "Actual Loops": 1,
          "Workers Planned": 6,
          "Workers Launched": 6,
          "Single Copy": false,
          "Plans": [
            {
              "Node Type": "Aggregate",
              "Strategy": "Plain",
              "Partial Mode": "Partial",
              "Parent Relationship": "Outer",
              "Parallel Aware": false,
              "Startup Cost": 391820.36,
              "Total Cost": 391820.38,
              "Plan Rows": 1,
              "Plan Width": 8,
              "Actual Startup Time": 980.426,
              "Actual Total Time": 980.432,
              "Actual Rows": 1,
              "Actual Loops": 7,
              "Plans": [
                {
                  "Node Type": "Hash Join",
                  "Parent Relationship": "Outer",
                  "Parallel Aware": true,
                  "Join Type": "Inner",
                  "Startup Cost": 44277.27,
                  "Total Cost": 391636.2,
                  "Plan Rows": 73666,
                  "Plan Width": 0,
                  "Actual Startup Time": 89.248,
                  "Actual Total Time": 975.912,
                  "Actual Rows": 81228,
                  "Actual Loops": 7,
                  "Inner Unique": true,
                  "Hash Cond": "(ci.movie_id = t.id)",
                  "Plans": [
                    {
                      "Node Type": "Seq Scan",
                      "Parent Relationship": "Outer",
                      "Parallel Aware": true,
                      "Relation Name": "cast_info",
                      "Alias": "ci",
                      "Startup Cost": 0.0,
                      "Total Cost": 343316.27,
                      "Plan Rows": 1540056,
                      "Plan Width": 4,
                      "Actual Startup Time": 0.037,
                      "Actual Total Time": 650.226,
                      "Actual Rows": 1726527,
                      "Actual Loops": 7,
                      "Filter": "((person_id < 1657623) AND (role_id < 3))",
                      "Rows Removed by Filter": 3451237
                    },
                    {
                      "Node Type": "Hash",
                      "Parent Relationship": "Inner",
                      "Parallel Aware": true,
                      "Startup Cost": 43899.32,
                      "Total Cost": 43899.32,
                      "Plan Rows": 30236,
                      "Plan Width": 4,
                      "Actual Startup Time": 87.343,
                      "Actual Total Time": 87.345,
                      "Actual Rows": 17081,
                      "Actual Loops": 7,
                      "Hash Buckets": 131072,
                      "Original Hash Buckets": 131072,
                      "Hash Batches": 1,
                      "Original Hash Batches": 1,
                      "Peak Memory Usage": 5824,
                      "Plans": [
                        {
                          "Node Type": "Seq Scan",
                          "Parent Relationship": "Outer",
                          "Parallel Aware": true,
                          "Relation Name": "title",
                          "Alias": "t",
                          "Startup Cost": 0.0,
                          "Total Cost": 43899.32,
                          "Plan Rows": 30236,
                          "Plan Width": 4,
                          "Actual Startup Time": 0.065,
                          "Actual Total Time": 78.467,
                          "Actual Rows": 17081,
                          "Actual Loops": 7,
                          "Filter": "(production_year = 2007)",
                          "Rows Removed by Filter": 344107
                        }
                      ]
                    }
                  ]
                }
              ]
            }
          ]
        }
      ]
    },
    "Planning Time": 0.666,
    "Triggers": [],
    "Execution Time": 1048.241
  }
]