[
  {
    "Plan": {
      "Node Type": "Aggregate",
      "Strategy": "Plain",
      "Partial Mode": "Finalize",
      "Parallel Aware": false,
      "Startup Cost": 265147.75,
      "Total Cost": 265147.76,
      "Plan Rows": 1,
      "Plan Width": 8,
      "Actual Startup Time": 1174.875,
      "Actual Total Time": 1199.835,
      "Actual Rows": 1,
      "Actual Loops": 1,
      "Plans": [
        {
          "Node Type": "Gather",
          "Parent Relationship": "Outer",
          "Parallel Aware": false,
          "Startup Cost": 265147.23,
          "Total Cost": 265147.74,
          "Plan Rows": 5,
          "Plan Width": 8,
          "Actual Startup Time": 1171.794,
          "Actual Total Time": 1199.825,
          "Actual Rows": 6,
          "Actual Loops": 1,
          "Workers Planned": 5,
          "Workers Launched": 5,
          "Single Copy": false,
          "Plans": [
            {
              "Node Type": "Aggregate",
              "Strategy": "Plain",
              "Partial Mode": "Partial",
              "Parent Relationship": "Outer",
              "Parallel Aware": false,
              "Startup Cost": 264147.23,
              "Total Cost": 264147.24,
              "Plan Rows": 1,
              "Plan Width": 8,
              "Actual Startup Time": 1161.021,
              "Actual Total Time": 1161.025,
              "Actual Rows": 1,
              "Actual Loops": 6,
              "Plans": [
                {
                  "Node Type": "Nested Loop",
                  "Parent Relationship": "Outer",
                  "Parallel Aware": false,
                  "Join Type": "Inner",
                  "Startup Cost": 69372.4,
                  "Total Cost": 264036.08,
                  "Plan Rows": 44457,
                  "Plan Width": 0,
                  "Actual Startup Time": 158.962,
                  "Actual Total Time": 1083.702,
                  "Actual Rows": 1753241,
                  "Actual Loops": 6,
                  "Inner Unique": false,
                  "Join Filter": "(t.id = mc.movie_id)",
                  "Rows Removed by Join Filter": 0,
                  "Plans": [
                    {
                      "Node Type": "Hash Join",
                      "Parent Relationship": "Outer",
                      "Parallel Aware": true,
                      "Join Type": "Inner",
                      "Startup Cost": 69371.97,
                      "Total Cost": 235125.97,
                      "Plan Rows": 43080,
                      "Plan Width": 8,
                      "Actual Startup Time": 158.763,
                      "Actual Total Time": 280.217,
                      "Actual Rows": 118958,
                      "Actual Loops": 6,
                      "Inner Unique": true,
                      "Hash Cond": "(mi.movie_id = t.id)",
                      "Plans": [
                        {
                          "Node Type": "Bitmap Heap Scan",
                          "Parent Relationship": "Outer",
                          "Parallel Aware": true,
                          "Relation Name": "movie_info",
                          "Alias": "mi",
                          "Startup Cost": 22524.06,
                          "Total Cost": 187625.32,
                          "Plan Rows": 248661,
                          "Plan Width": 4,
                          "Actual Startup Time": 47.512,
                          "Actual Total Time": 106.317,
                          "Actual Rows": 200785,
                          "Actual Loops": 6,
                          "Recheck Cond": "(info_type_id > 18)",
                          "Rows Removed by Index Recheck": 0,
                          "Exact Heap Blocks": 8168,
                          "Lossy Heap Blocks": 0,
                          "Plans": [
                            {
                              "Node Type": "Bitmap Index Scan",
                              "Parent Relationship": "Outer",
                              "Parallel Aware": false,
                              "Index Name": "info_type_id_movie_info",
                              "Startup Cost": 0.0,
                              "Total Cost": 22213.23,
                              "Plan Rows": 1243306,
                              "Plan Width": 0,
                              "Actual Startup Time": 41.749,
                              "Actual Total Time": 41.749,
                              "Actual Rows": 1204709,
                              "Actual Loops": 1,
                              "Index Cond": "(info_type_id > 18)"
                            }
                          ]
                        },
                        {
                          "Node Type": "Hash",
                          "Parent Relationship": "Inner",
                          "Parallel Aware": true,
                          "Startup Cost": 45479.1,
                          "Total Cost": 45479.1,
                          "Plan Rows": 109505,
                          "Plan Width": 4,
                          "Actual Startup Time": 108.98,
                          "Actual Total Time": 108.981,
                          "Actual Rows": 78986,
                          "Actual Loops": 6,
                          "Hash Buckets": 524288,
                          "Original Hash Buckets": 524288,
                          "Hash Batches": 1,
                          "Original Hash Batches": 1,
                          "Peak Memory Usage": 22688,
                          "Plans": [
                            {
                              "Node Type": "Seq Scan",
                              "Parent Relationship": "Outer",
                              "Parallel Aware": true,
                              "Relation Name": "title",
                              "Alias": "t",
                              "Startup Cost": 0.0,
                              "Total Cost": 45479.1,
                              "Plan Rows": 109505,
                              "Plan Width": 4,
                              "Actual Startup Time": 50.22,
                              "Actual Total Time": 82.426,
                              "Actual Rows": 78986,
                              "Actual Loops": 6,
                              "Filter": "((production_year < 2008) AND (kind_id = 1))",
                              "Rows Removed by Filter": 342399
                            }
                          ]
                        }
                      ]
                    },
                    {
                      "Node Type": "Index Only Scan",
                      "Parent Relationship": "Inner",
                      "Parallel Aware": false,
                      "Scan Direction": "Forward",
                      "Index Name": "movie_id_movie_companies",
                      "Relation Name": "movie_companies",
                      "Alias": "mc",
                      "Startup Cost": 0.43,
                      "Total Cost": 0.61,
                      "Plan Rows": 5,
                      "Plan Width": 4,
                      "Actual Startup Time": 0.002,
                      "Actual Total Time": 0.005,
                      "Actual Rows": 15,
                      "Actual Loops": 713747,
                      "Index Cond": "(movie_id = mi.movie_id)",
                      "Rows Removed by Index Recheck": 0,
                      "Heap Fetches": 10519445
                    }
                  ]
                }
              ]
            }
          ]
        }
      ]
    },
    "Planning Time": 1.422,
    "Triggers": [],
    "Execution Time": 1199.948
  }
]