[
    {
        "Bao": {
            "Bao prediction": 461.303,
            "Bao recommended hint": "SET enable_mergejoin TO off; "
        }
    },
    {
        "Plan": {
            "Node Type": "Aggregate",
            "Strategy": "Plain",
            "Partial Mode": "Finalize",
            "Parallel Aware": false,
            "Startup Cost": 31130.13,
            "Total Cost": 31130.14,
            "Plan Rows": 1,
            "Plan Width": 8,
            "Actual Startup Time": 123.691,
            "Actual Total Time": 129.501,
            "Actual Rows": 1,
            "Actual Loops": 1,
            "Output": [
                "count(*)"
            ],
            "Plans": [
                {
                    "Node Type": "Gather",
                    "Parent Relationship": "Outer",
                    "Parallel Aware": false,
                    "Startup Cost": 31129.82,
                    "Total Cost": 31130.13,
                    "Plan Rows": 3,
                    "Plan Width": 8,
                    "Actual Startup Time": 123.582,
                    "Actual Total Time": 129.493,
                    "Actual Rows": 4,
                    "Actual Loops": 1,
                    "Output": [
                        "(PARTIAL count(*))"
                    ],
                    "Workers Planned": 3,
                    "Workers Launched": 3,
                    "Single Copy": false,
                    "Plans": [
                        {
                            "Node Type": "Aggregate",
                            "Strategy": "Plain",
                            "Partial Mode": "Partial",
                            "Parent Relationship": "Outer",
                            "Parallel Aware": false,
                            "Startup Cost": 30129.82,
                            "Total Cost": 30129.83,
                            "Plan Rows": 1,
                            "Plan Width": 8,
                            "Actual Startup Time": 115.788,
                            "Actual Total Time": 115.789,
                            "Actual Rows": 1,
                            "Actual Loops": 4,
                            "Output": [
                                "PARTIAL count(*)"
                            ],
                            "Workers": [
                                {
                                    "Worker Number": 0,
                                    "Actual Startup Time": 113.044,
                                    "Actual Total Time": 113.045,
                                    "Actual Rows": 1,
                                    "Actual Loops": 1
                                },
                                {
                                    "Worker Number": 1,
                                    "Actual Startup Time": 113.053,
                                    "Actual Total Time": 113.055,
                                    "Actual Rows": 1,
                                    "Actual Loops": 1
                                },
                                {
                                    "Worker Number": 2,
                                    "Actual Startup Time": 114.023,
                                    "Actual Total Time": 114.024,
                                    "Actual Rows": 1,
                                    "Actual Loops": 1
                                }
                            ],
                            "Plans": [
                                {
                                    "Node Type": "Seq Scan",
                                    "Parent Relationship": "Outer",
                                    "Parallel Aware": true,
                                    "Relation Name": "movie_companies",
                                    "Schema": "public",
                                    "Alias": "mc",
                                    "Startup Cost": 0.0,
                                    "Total Cost": 29310.68,
                                    "Plan Rows": 327654,
                                    "Plan Width": 0,
                                    "Actual Startup Time": 23.164,
                                    "Actual Total Time": 98.416,
                                    "Actual Rows": 254580,
                                    "Actual Loops": 4,
                                    "Output": [
                                        "id",
                                        "movie_id",
                                        "company_id",
                                        "company_type_id",
                                        "note"
                                    ],
                                    "Filter": "(mc.company_id > 16066)",
                                    "Rows Removed by Filter": 397702,
                                    "Workers": [
                                        {
                                            "Worker Number": 0,
                                            "Actual Startup Time": 20.442,
                                            "Actual Total Time": 96.166,
                                            "Actual Rows": 243287,
                                            "Actual Loops": 1
                                        },
                                        {
                                            "Worker Number": 1,
                                            "Actual Startup Time": 20.433,
                                            "Actual Total Time": 96.22,
                                            "Actual Rows": 243113,
                                            "Actual Loops": 1
                                        },
                                        {
                                            "Worker Number": 2,
                                            "Actual Startup Time": 21.374,
                                            "Actual Total Time": 97.398,
                                            "Actual Rows": 241153,
                                            "Actual Loops": 1
                                        }
                                    ]
                                }
                            ]
                        }
                    ]
                }
            ]
        },
        "Planning Time": 1363.959,
        "Triggers": [],
        "Execution Time": 129.602
    }
]