[
  {
    "Plan": {
      "Node Type": "Aggregate",
      "Strategy": "Plain",
      "Partial Mode": "Finalize",
      "Parallel Aware": false,
      "Startup Cost": 46004.94,
      "Total Cost": 46004.95,
      "Plan Rows": 1,
      "Plan Width": 8,
      "Actual Startup Time": 172.225,
      "Actual Total Time": 182.367,
      "Actual Rows": 1,
      "Actual Loops": 1,
      "Plans": [
        {
          "Node Type": "Gather",
          "Parent Relationship": "Outer",
          "Parallel Aware": false,
          "Startup Cost": 46004.62,
          "Total Cost": 46004.93,
          "Plan Rows": 3,
          "Plan Width": 8,
          "Actual Startup Time": 172.077,
          "Actual Total Time": 182.356,
          "Actual Rows": 4,
          "Actual Loops": 1,
          "Workers Planned": 3,
          "Workers Launched": 3,
          "Single Copy": false,
          "Plans": [
            {
              "Node Type": "Aggregate",
              "Strategy": "Plain",
              "Partial Mode": "Partial",
              "Parent Relationship": "Outer",
              "Parallel Aware": false,
              "Startup Cost": 45004.62,
              "Total Cost": 45004.63,
              "Plan Rows": 1,
              "Plan Width": 8,
              "Actual Startup Time": 163.678,
              "Actual Total Time": 163.679,
              "Actual Rows": 1,
              "Actual Loops": 4,
              "Plans": [
                {
                  "Node Type": "Seq Scan",
                  "Parent Relationship": "Outer",
                  "Parallel Aware": true,
                  "Relation Name": "movie_keyword",
                  "Alias": "mk",
                  "Startup Cost": 0.0,
                  "Total Cost": 42695.65,
                  "Plan Rows": 923588,
                  "Plan Width": 0,
                  "Actual Startup Time": 0.423,
                  "Actual Total Time": 128.398,
                  "Actual Rows": 711296,
                  "Actual Loops": 4,
                  "Filter": "(keyword_id > 2586)",
                  "Rows Removed by Filter": 419687
                }
              ]
            }
          ]
        }
      ]
    },
    "Planning Time": 0.164,
    "Triggers": [],
    "Execution Time": 182.418
  }
]