[
  {
    "Plan": {
      "Node Type": "Aggregate",
      "Strategy": "Plain",
      "Partial Mode": "Finalize",
      "Parallel Aware": false,
      "Startup Cost": 61552.09,
      "Total Cost": 61552.1,
      "Plan Rows": 1,
      "Plan Width": 8,
      "Actual Startup Time": 21.208,
      "Actual Total Time": 23.532,
      "Actual Rows": 1,
      "Actual Loops": 1,
      "Plans": [
        {
          "Node Type": "Gather",
          "Parent Relationship": "Outer",
          "Parallel Aware": false,
          "Startup Cost": 61551.78,
          "Total Cost": 61552.09,
          "Plan Rows": 3,
          "Plan Width": 8,
          "Actual Startup Time": 18.993,
          "Actual Total Time": 23.524,
          "Actual Rows": 4,
          "Actual Loops": 1,
          "Workers Planned": 3,
          "Workers Launched": 3,
          "Single Copy": false,
          "Plans": [
            {
              "Node Type": "Aggregate",
              "Strategy": "Plain",
              "Partial Mode": "Partial",
              "Parent Relationship": "Outer",
              "Parallel Aware": false,
              "Startup Cost": 60551.78,
              "Total Cost": 60551.79,
              "Plan Rows": 1,
              "Plan Width": 8,
              "Actual Startup Time": 13.424,
              "Actual Total Time": 13.426,
              "Actual Rows": 1,
              "Actual Loops": 4,
              "Plans": [
                {
                  "Node Type": "Nested Loop",
                  "Parent Relationship": "Outer",
                  "Parallel Aware": false,
                  "Join Type": "Inner",
                  "Startup Cost": 241.72,
                  "Total Cost": 60547.95,
                  "Plan Rows": 1530,
                  "Plan Width": 0,
                  "Actual Startup Time": 8.273,
                  "Actual Total Time": 13.416,
                  "Actual Rows": 28,
                  "Actual Loops": 4,
                  "Inner Unique": false,
                  "Plans": [
                    {
                      "Node Type": "Nested Loop",
                      "Parent Relationship": "Outer",
                      "Parallel Aware": false,
                      "Join Type": "Inner",
                      "Startup Cost": 241.28,
                      "Total Cost": 58843.22,
                      "Plan Rows": 855,
                      "Plan Width": 8,
                      "Actual Startup Time": 6.713,
                      "Actual Total Time": 12.435,
                      "Actual Rows": 313,
                      "Actual Loops": 4,
                      "Inner Unique": true,
                      "Plans": [
                        {
                          "Node Type": "Bitmap Heap Scan",
                          "Parent Relationship": "Outer",
                          "Parallel Aware": true,
                          "Relation Name": "cast_info",
                          "Alias": "ci",
                          "Startup Cost": 240.85,
                          "Total Cost": 36316.23,
                          "Plan Rows": 3508,
                          "Plan Width": 4,
                          "Actual Startup Time": 0.388,
                          "Actual Total Time": 0.98,
                          "Actual Rows": 2060,
                          "Actual Loops": 4,
                          "Recheck Cond": "(person_id = 598206)",
                          "Rows Removed by Index Recheck": 0,
                          "Exact Heap Blocks": 44,
                          "Lossy Heap Blocks": 0,
                          "Plans": [
                            {
                              "Node Type": "Bitmap Index Scan",
                              "Parent Relationship": "Outer",
                              "Parallel Aware": false,
                              "Index Name": "person_id_cast_info",
                              "Startup Cost": 0.0,
                              "Total Cost": 238.13,
                              "Plan Rows": 10876,
                              "Plan Width": 0,
                              "Actual Startup Time": 1.281,
                              "Actual Total Time": 1.281,
                              "Actual Rows": 8242,
                              "Actual Loops": 1,
                              "Index Cond": "(person_id = 598206)"
                            }
                          ]
                        },
                        {
                          "Node Type": "Index Scan",
                          "Parent Relationship": "Inner",
                          "Parallel Aware": false,
                          "Scan Direction": "Forward",
                          "Index Name": "title_pkey",
                          "Relation Name": "title",
                          "Alias": "t",
                          "Startup Cost": 0.43,
                          "Total Cost": 6.42,
                          "Plan Rows": 1,
                          "Plan Width": 4,
                          "Actual Startup Time": 0.005,
                          "Actual Total Time": 0.005,
                          "Actual Rows": 0,
                          "Actual Loops": 8242,
                          "Index Cond": "(id = ci.movie_id)",
                          "Rows Removed by Index Recheck": 0,
                          "Filter": "((production_year > 2005) AND (kind_id = 7))",
                          "Rows Removed by Filter": 1
                        }
                      ]
                    },
                    {
                      "Node Type": "Index Only Scan",
                      "Parent Relationship": "Inner",
                      "Parallel Aware": false,
                      "Scan Direction": "Forward",
                      "Index Name": "movie_id_movie_keyword",
                      "Relation Name": "movie_keyword",
                      "Alias": "mk",
                      "Startup Cost": 0.43,
                      "Total Cost": 1.53,
                      "Plan Rows": 46,
                      "Plan Width": 4,
                      "Actual Startup Time": 0.003,
                      "Actual Total Time": 0.003,
                      "Actual Rows": 0,
                      "Actual Loops": 1252,
                      "Index Cond": "(movie_id = t.id)",
                      "Rows Removed by Index Recheck": 0,
                      "Heap Fetches": 113
                    }
                  ]
                }
              ]
            }
          ]
        }
      ]
    },
    "Planning Time": 0.631,
    "Triggers": [],
    "Execution Time": 23.584
  }
]