[
  {
    "Plan": {
      "Node Type": "Aggregate",
      "Strategy": "Plain",
      "Partial Mode": "Finalize",
      "Parallel Aware": false,
      "Startup Cost": 31007.69,
      "Total Cost": 31007.7,
      "Plan Rows": 1,
      "Plan Width": 8,
      "Actual Startup Time": 91.728,
      "Actual Total Time": 99.741,
      "Actual Rows": 1,
      "Actual Loops": 1,
      "Plans": [
        {
          "Node Type": "Gather",
          "Parent Relationship": "Outer",
          "Parallel Aware": false,
          "Startup Cost": 31007.37,
          "Total Cost": 31007.68,
          "Plan Rows": 3,
          "Plan Width": 8,
          "Actual Startup Time": 91.467,
          "Actual Total Time": 99.734,
          "Actual Rows": 4,
          "Actual Loops": 1,
          "Workers Planned": 3,
          "Workers Launched": 3,
          "Single Copy": false,
          "Plans": [
            {
              "Node Type": "Aggregate",
              "Strategy": "Plain",
              "Partial Mode": "Partial",
              "Parent Relationship": "Outer",
              "Parallel Aware": false,
              "Startup Cost": 30007.37,
              "Total Cost": 30007.38,
              "Plan Rows": 1,
              "Plan Width": 8,
              "Actual Startup Time": 86.193,
              "Actual Total Time": 86.194,
              "Actual Rows": 1,
              "Actual Loops": 4,
              "Plans": [
                {
                  "Node Type": "Seq Scan",
                  "Parent Relationship": "Outer",
                  "Parallel Aware": true,
                  "Relation Name": "movie_companies",
                  "Alias": "mc",
                  "Startup Cost": 0.0,
                  "Total Cost": 29310.68,
                  "Plan Rows": 278676,
                  "Plan Width": 0,
                  "Actual Startup Time": 13.905,
                  "Actual Total Time": 75.338,
                  "Actual Rows": 213367,
                  "Actual Loops": 4,
                  "Filter": "(company_id > 24849)",
                  "Rows Removed by Filter": 438916
                }
              ]
            }
          ]
        }
      ]
    },
    "Planning Time": 0.08,
    "Triggers": [],
    "Execution Time": 99.766
  }
]