[
    {
        "Bao": {
            "Bao prediction": 460.301,
            "Bao recommended hint": "SET enable_mergejoin TO off; "
        }
    },
    {
        "Plan": {
            "Node Type": "Aggregate",
            "Strategy": "Plain",
            "Partial Mode": "Finalize",
            "Parallel Aware": false,
            "Startup Cost": 331475.02,
            "Total Cost": 331475.03,
            "Plan Rows": 1,
            "Plan Width": 8,
            "Actual Startup Time": 600.753,
            "Actual Total Time": 631.727,
            "Actual Rows": 1,
            "Actual Loops": 1,
            "Output": [
                "count(*)"
            ],
            "Plans": [
                {
                    "Node Type": "Gather",
                    "Parent Relationship": "Outer",
                    "Parallel Aware": false,
                    "Startup Cost": 331474.39,
                    "Total Cost": 331475.0,
                    "Plan Rows": 6,
                    "Plan Width": 8,
                    "Actual Startup Time": 600.66,
                    "Actual Total Time": 631.718,
                    "Actual Rows": 7,
                    "Actual Loops": 1,
                    "Output": [
                        "(PARTIAL count(*))"
                    ],
                    "Workers Planned": 6,
                    "Workers Launched": 6,
                    "Single Copy": false,
                    "Plans": [
                        {
                            "Node Type": "Aggregate",
                            "Strategy": "Plain",
                            "Partial Mode": "Partial",
                            "Parent Relationship": "Outer",
                            "Parallel Aware": false,
                            "Startup Cost": 330474.39,
                            "Total Cost": 330474.4,
                            "Plan Rows": 1,
                            "Plan Width": 8,
                            "Actual Startup Time": 591.244,
                            "Actual Total Time": 591.245,
                            "Actual Rows": 1,
                            "Actual Loops": 7,
                            "Output": [
                                "PARTIAL count(*)"
                            ],
                            "Workers": [
                                {
                                    "Worker Number": 0,
                                    "Actual Startup Time": 589.313,
                                    "Actual Total Time": 589.313,
                                    "Actual Rows": 1,
                                    "Actual Loops": 1
                                },
                                {
                                    "Worker Number": 1,
                                    "Actual Startup Time": 589.564,
                                    "Actual Total Time": 589.565,
                                    "Actual Rows": 1,
                                    "Actual Loops": 1
                                },
                                {
                                    "Worker Number": 2,
                                    "Actual Startup Time": 589.567,
                                    "Actual Total Time": 589.568,
                                    "Actual Rows": 1,
                                    "Actual Loops": 1
                                },
                                {
                                    "Worker Number": 3,
                                    "Actual Startup Time": 589.588,
                                    "Actual Total Time": 589.589,
                                    "Actual Rows": 1,
                                    "Actual Loops": 1
                                },
                                {
                                    "Worker Number": 4,
                                    "Actual Startup Time": 590.305,
                                    "Actual Total Time": 590.306,
                                    "Actual Rows": 1,
                                    "Actual Loops": 1
                                },
                                {
                                    "Worker Number": 5,
                                    "Actual Startup Time": 590.558,
                                    "Actual Total Time": 590.56,
                                    "Actual Rows": 1,
                                    "Actual Loops": 1
                                }
                            ],
                            "Plans": [
                                {
                                    "Node Type": "Seq Scan",
                                    "Parent Relationship": "Outer",
                                    "Parallel Aware": true,
                                    "Relation Name": "cast_info",
                                    "Schema": "public",
                                    "Alias": "ci",
                                    "Startup Cost": 0.0,
                                    "Total Cost": 328213.62,
                                    "Plan Rows": 904311,
                                    "Plan Width": 0,
                                    "Actual Startup Time": 374.922,
                                    "Actual Total Time": 553.186,
                                    "Actual Rows": 769448,
                                    "Actual Loops": 7,
                                    "Output": [
                                        "id",
                                        "person_id",
                                        "movie_id",
                                        "person_role_id",
                                        "note",
                                        "nr_order",
                                        "role_id"
                                    ],
                                    "Filter": "(ci.person_id > 3119574)",
                                    "Rows Removed by Filter": 4408316,
                                    "Workers": [
                                        {
                                            "Worker Number": 0,
                                            "Actual Startup Time": 372.978,
                                            "Actual Total Time": 552.687,
                                            "Actual Rows": 875235,
                                            "Actual Loops": 1
                                        },
                                        {
                                            "Worker Number": 1,
                                            "Actual Startup Time": 373.23,
                                            "Actual Total Time": 553.802,
                                            "Actual Rows": 872571,
                                            "Actual Loops": 1
                                        },
                                        {
                                            "Worker Number": 2,
                                            "Actual Startup Time": 373.253,
                                            "Actual Total Time": 552.807,
                                            "Actual Rows": 876969,
                                            "Actual Loops": 1
                                        },
                                        {
                                            "Worker Number": 3,
                                            "Actual Startup Time": 373.264,
                                            "Actual Total Time": 551.167,
                                            "Actual Rows": 574758,
                                            "Actual Loops": 1
                                        },
                                        {
                                            "Worker Number": 4,
                                            "Actual Startup Time": 373.993,
                                            "Actual Total Time": 554.525,
                                            "Actual Rows": 870629,
                                            "Actual Loops": 1
                                        },
                                        {
                                            "Worker Number": 5,
                                            "Actual Startup Time": 374.247,
                                            "Actual Total Time": 552.641,
                                            "Actual Rows": 567488,
                                            "Actual Loops": 1
                                        }
                                    ]
                                }
                            ]
                        }
                    ]
                }
            ]
        },
        "Planning Time": 413.887,
        "Triggers": [],
        "Execution Time": 631.81
    }
]