{
  "Plan": {
    "Node Type": "Aggregate",
    "Strategy": "Plain",
    "Partial Mode": "Finalize",
    "Parallel Aware": false,
    "Startup Cost": 731740.65,
    "Total Cost": 731740.66,
    "Plan Rows": 1,
    "Plan Width": 8,
    "Actual Startup Time": 5576.017,
    "Actual Total Time": 5621.985,
    "Actual Rows": 1,
    "Actual Loops": 1,
    "Plans": [
      {
        "Node Type": "Gather",
        "Parent Relationship": "Outer",
        "Parallel Aware": false,
        "Startup Cost": 731740.54,
        "Total Cost": 731740.65,
        "Plan Rows": 1,
        "Plan Width": 8,
        "Actual Startup Time": 5569.255,
        "Actual Total Time": 5621.971,
        "Actual Rows": 2,
        "Actual Loops": 1,
        "Workers Planned": 1,
        "Workers Launched": 1,
        "Single Copy": false,
        "Plans": [
          {
            "Node Type": "Aggregate",
            "Strategy": "Plain",
            "Partial Mode": "Partial",
            "Parent Relationship": "Outer",
            "Parallel Aware": false,
            "Startup Cost": 730740.54,
            "Total Cost": 730740.55,
            "Plan Rows": 1,
            "Plan Width": 8,
            "Actual Startup Time": 5564.218,
            "Actual Total Time": 5564.488,
            "Actual Rows": 1,
            "Actual Loops": 2,
            "Plans": [
              {
                "Node Type": "Hash Join",
                "Parent Relationship": "Outer",
                "Parallel Aware": true,
                "Join Type": "Inner",
                "Startup Cost": 406590.16,
                "Total Cost": 723854.43,
                "Plan Rows": 2754446,
                "Plan Width": 0,
                "Actual Startup Time": 1549.729,
                "Actual Total Time": 5163.199,
                "Actual Rows": 10084788,
                "Actual Loops": 2,
                "Inner Unique": false,
                "Hash Cond": "(mi.movie_id = t.id)",
                "Plans": [
                  {
                    "Node Type": "Seq Scan",
                    "Parent Relationship": "Outer",
                    "Parallel Aware": true,
                    "Relation Name": "movie_info",
                    "Alias": "mi",
                    "Startup Cost": 0.0,
                    "Total Cost": 270696.42,
                    "Plan Rows": 8097390,
                    "Plan Width": 4,
                    "Actual Startup Time": 0.02,
                    "Actual Total Time": 824.486,
                    "Actual Rows": 6933678,
                    "Actual Loops": 2,
                    "Filter": "(info_type_id < 94)",
                    "Rows Removed by Filter": 484182
                  },
                  {
                    "Node Type": "Hash",
                    "Parent Relationship": "Inner",
                    "Parallel Aware": true,
                    "Startup Cost": 400266.36,
                    "Total Cost": 400266.36,
                    "Plan Rows": 505904,
                    "Plan Width": 8,
                    "Actual Startup Time": 1541.85,
                    "Actual Total Time": 1542.117,
                    "Actual Rows": 906494,
                    "Actual Loops": 2,
                    "Hash Buckets": 2097152,
                    "Original Hash Buckets": 1048576,
                    "Hash Batches": 1,
                    "Original Hash Batches": 1,
                    "Peak Memory Usage": 95520,
                    "Plans": [
                      {
                        "Node Type": "Hash Join",
                        "Parent Relationship": "Outer",
                        "Parallel Aware": true,
                        "Join Type": "Inner",
                        "Startup Cost": 124215.1,
                        "Total Cost": 400266.36,
                        "Plan Rows": 505904,
                        "Plan Width": 8,
                        "Actual Startup Time": 637.397,
                        "Actual Total Time": 1297.134,
                        "Actual Rows": 906494,
                        "Actual Loops": 2,
                        "Inner Unique": true,
                        "Hash Cond": "(ci.movie_id = t.id)",
                        "Plans": [
                          {
                            "Node Type": "Bitmap Heap Scan",
                            "Parent Relationship": "Outer",
                            "Parallel Aware": true,
                            "Relation Name": "cast_info",
                            "Alias": "ci",
                            "Startup Cost": 54754.4,
                            "Total Cost": 329477.66,
                            "Plan Rows": 505904,
                            "Plan Width": 4,
                            "Actual Startup Time": 92.963,
                            "Actual Total Time": 273.699,
                            "Actual Rows": 906494,
                            "Actual Loops": 2,
                            "Recheck Cond": "(person_id < 244710)",
                            "Rows Removed by Index Recheck": 0,
                            "Filter": "(role_id = 1)",
                            "Rows Removed by Filter": 359176,
                            "Exact Heap Blocks": 14492,
                            "Lossy Heap Blocks": 0,
                            "Plans": [
                              {
                                "Node Type": "Bitmap Index Scan",
                                "Parent Relationship": "Outer",
                                "Parallel Aware": false,
                                "Index Name": "person_id_cast_info",
                                "Startup Cost": 0.0,
                                "Total Cost": 54539.39,
                                "Plan Rows": 2497443,
                                "Plan Width": 0,
                                "Actual Startup Time": 88.966,
                                "Actual Total Time": 88.966,
                                "Actual Rows": 2531340,
                                "Actual Loops": 1,
                                "Index Cond": "(person_id < 244710)"
                              }
                            ]
                          },
                          {
                            "Node Type": "Hash",
                            "Parent Relationship": "Inner",
                            "Parallel Aware": true,
                            "Startup Cost": 50870.31,
                            "Total Cost": 50870.31,
                            "Plan Rows": 1487231,
                            "Plan Width": 4,
                            "Actual Startup Time": 529.974,
                            "Actual Total Time": 529.975,
                            "Actual Rows": 1264156,
                            "Actual Loops": 2,
                            "Hash Buckets": 4194304,
                            "Original Hash Buckets": 4194304,
                            "Hash Batches": 1,
                            "Original Hash Batches": 1,
                            "Peak Memory Usage": 131712,
                            "Plans": [
                              {
                                "Node Type": "Seq Scan",
                                "Parent Relationship": "Outer",
                                "Parallel Aware": true,
                                "Relation Name": "title",
                                "Alias": "t",
                                "Startup Cost": 0.0,
                                "Total Cost": 50870.31,
                                "Plan Rows": 1487231,
                                "Plan Width": 4,
                                "Actual Startup Time": 0.057,
                                "Actual Total Time": 152.122,
                                "Actual Rows": 1264156,
                                "Actual Loops": 2
                              }
                            ]
                          }
                        ]
                      }
                    ]
                  }
                ]
              }
            ]
          }
        ]
      }
    ]
  },
  "Planning Time": 0.636,
  "Triggers": [],
  "Execution Time": 5622.074
}