{
  "Plan": {
    "Node Type": "Aggregate",
    "Strategy": "Plain",
    "Partial Mode": "Finalize",
    "Parallel Aware": false,
    "Startup Cost": 123968.16,
    "Total Cost": 123968.17,
    "Plan Rows": 1,
    "Plan Width": 8,
    "Actual Startup Time": 460.265,
    "Actual Total Time": 473.888,
    "Actual Rows": 1,
    "Actual Loops": 1,
    "Plans": [
      {
        "Node Type": "Gather",
        "Parent Relationship": "Outer",
        "Parallel Aware": false,
        "Startup Cost": 123968.05,
        "Total Cost": 123968.16,
        "Plan Rows": 1,
        "Plan Width": 8,
        "Actual Startup Time": 460.063,
        "Actual Total Time": 473.881,
        "Actual Rows": 2,
        "Actual Loops": 1,
        "Workers Planned": 1,
        "Workers Launched": 1,
        "Single Copy": false,
        "Plans": [
          {
            "Node Type": "Aggregate",
            "Strategy": "Plain",
            "Partial Mode": "Partial",
            "Parent Relationship": "Outer",
            "Parallel Aware": false,
            "Startup Cost": 122968.05,
            "Total Cost": 122968.06,
            "Plan Rows": 1,
            "Plan Width": 8,
            "Actual Startup Time": 454.791,
            "Actual Total Time": 454.794,
            "Actual Rows": 1,
            "Actual Loops": 2,
            "Plans": [
              {
                "Node Type": "Hash Join",
                "Parent Relationship": "Outer",
                "Parallel Aware": true,
                "Join Type": "Inner",
                "Startup Cost": 58587.13,
                "Total Cost": 122873.61,
                "Plan Rows": 37776,
                "Plan Width": 0,
                "Actual Startup Time": 136.295,
                "Actual Total Time": 451.961,
                "Actual Rows": 68821,
                "Actual Loops": 2,
                "Inner Unique": true,
                "Hash Cond": "(mk.movie_id = t.id)",
                "Plans": [
                  {
                    "Node Type": "Seq Scan",
                    "Parent Relationship": "Outer",
                    "Parallel Aware": true,
                    "Relation Name": "movie_keyword",
                    "Alias": "mk",
                    "Startup Cost": 0.0,
                    "Total Cost": 57718.19,
                    "Plan Rows": 2502201,
                    "Plan Width": 4,
                    "Actual Startup Time": 0.015,
                    "Actual Total Time": 192.598,
                    "Actual Rows": 2129068,
                    "Actual Loops": 2,
                    "Filter": "(keyword_id < 58945)",
                    "Rows Removed by Filter": 132896
                  },
                  {
                    "Node Type": "Hash",
                    "Parent Relationship": "Inner",
                    "Parallel Aware": true,
                    "Startup Cost": 58306.47,
                    "Total Cost": 58306.47,
                    "Plan Rows": 22453,
                    "Plan Width": 4,
                    "Actual Startup Time": 134.832,
                    "Actual Total Time": 134.832,
                    "Actual Rows": 16126,
                    "Actual Loops": 2,
                    "Hash Buckets": 65536,
                    "Original Hash Buckets": 65536,
                    "Hash Batches": 1,
                    "Original Hash Batches": 1,
                    "Peak Memory Usage": 1792,
                    "Plans": [
                      {
                        "Node Type": "Seq Scan",
                        "Parent Relationship": "Outer",
                        "Parallel Aware": true,
                        "Relation Name": "title",
                        "Alias": "t",
                        "Startup Cost": 0.0,
                        "Total Cost": 58306.47,
                        "Plan Rows": 22453,
                        "Plan Width": 4,
                        "Actual Startup Time": 0.082,
                        "Actual Total Time": 130.252,
                        "Actual Rows": 16126,
                        "Actual Loops": 2,
                        "Filter": "((kind_id < 7) AND (production_year = 2005))",
                        "Rows Removed by Filter": 1248030
                      }
                    ]
                  }
                ]
              }
            ]
          }
        ]
      }
    ]
  },
  "Planning Time": 0.397,
  "Triggers": [],
  "Execution Time": 473.998
}