[
  {
    "Plan": {
      "Node Type": "Aggregate",
      "Strategy": "Plain",
      "Partial Mode": "Finalize",
      "Parallel Aware": false,
      "Startup Cost": 108047.31,
      "Total Cost": 108047.32,
      "Plan Rows": 1,
      "Plan Width": 8,
      "Actual Startup Time": 1078.823,
      "Actual Total Time": 1122.77,
      "Actual Rows": 1,
      "Actual Loops": 1,
      "Plans": [
        {
          "Node Type": "Gather",
          "Parent Relationship": "Outer",
          "Parallel Aware": false,
          "Startup Cost": 108046.99,
          "Total Cost": 108047.3,
          "Plan Rows": 3,
          "Plan Width": 8,
          "Actual Startup Time": 1075.735,
          "Actual Total Time": 1122.761,
          "Actual Rows": 4,
          "Actual Loops": 1,
          "Workers Planned": 3,
          "Workers Launched": 3,
          "Single Copy": false,
          "Plans": [
            {
              "Node Type": "Aggregate",
              "Strategy": "Plain",
              "Partial Mode": "Partial",
              "Parent Relationship": "Outer",
              "Parallel Aware": false,
              "Startup Cost": 107046.99,
              "Total Cost": 107047.0,
              "Plan Rows": 1,
              "Plan Width": 8,
              "Actual Startup Time": 1068.18,
              "Actual Total Time": 1068.185,
              "Actual Rows": 1,
              "Actual Loops": 4,
              "Plans": [
                {
                  "Node Type": "Nested Loop",
                  "Parent Relationship": "Outer",
                  "Parallel Aware": false,
                  "Join Type": "Inner",
                  "Startup Cost": 48899.65,
                  "Total Cost": 106896.59,
                  "Plan Rows": 60159,
                  "Plan Width": 0,
                  "Actual Startup Time": 190.828,
                  "Actual Total Time": 979.242,
                  "Actual Rows": 1978374,
                  "Actual Loops": 4,
                  "Inner Unique": false,
                  "Plans": [
                    {
                      "Node Type": "Hash Join",
                      "Parent Relationship": "Outer",
                      "Parallel Aware": true,
                      "Join Type": "Inner",
                      "Startup Cost": 48899.21,
                      "Total Cost": 73959.68,
                      "Plan Rows": 11977,
                      "Plan Width": 8,
                      "Actual Startup Time": 190.672,
                      "Actual Total Time": 230.152,
                      "Actual Rows": 26157,
                      "Actual Loops": 4,
                      "Inner Unique": true,
                      "Hash Cond": "(mk.movie_id = t.id)",
                      "Plans": [
                        {
                          "Node Type": "Bitmap Heap Scan",
                          "Parent Relationship": "Outer",
                          "Parallel Aware": true,
                          "Relation Name": "movie_keyword",
                          "Alias": "mk",
                          "Startup Cost": 2639.77,
                          "Total Cost": 27594.98,
                          "Plan Rows": 40097,
                          "Plan Width": 4,
                          "Actual Startup Time": 16.937,
                          "Actual Total Time": 41.08,
                          "Actual Rows": 30452,
                          "Actual Loops": 4,
                          "Recheck Cond": "(keyword_id > 77689)",
                          "Rows Removed by Index Recheck": 0,
                          "Exact Heap Blocks": 5746,
                          "Lossy Heap Blocks": 0,
                          "Plans": [
                            {
                              "Node Type": "Bitmap Index Scan",
                              "Parent Relationship": "Outer",
                              "Parallel Aware": false,
                              "Index Name": "keyword_id_movie_keyword",
                              "Startup Cost": 0.0,
                              "Total Cost": 2608.69,
                              "Plan Rows": 124301,
                              "Plan Width": 0,
                              "Actual Startup Time": 12.359,
                              "Actual Total Time": 12.36,
                              "Actual Rows": 121807,
                              "Actual Loops": 1,
                              "Index Cond": "(keyword_id > 77689)"
                            }
                          ]
                        },
                        {
                          "Node Type": "Hash",
                          "Parent Relationship": "Inner",
                          "Parallel Aware": true,
                          "Startup Cost": 43899.32,
                          "Total Cost": 43899.32,
                          "Plan Rows": 188810,
                          "Plan Width": 4,
                          "Actual Startup Time": 168.86,
                          "Actual Total Time": 168.86,
                          "Actual Rows": 188419,
                          "Actual Loops": 4,
                          "Hash Buckets": 1048576,
                          "Original Hash Buckets": 1048576,
                          "Hash Batches": 1,
                          "Original Hash Batches": 1,
                          "Peak Memory Usage": 37760,
                          "Plans": [
                            {
                              "Node Type": "Seq Scan",
                              "Parent Relationship": "Outer",
                              "Parallel Aware": true,
                              "Relation Name": "title",
                              "Alias": "t",
                              "Startup Cost": 0.0,
                              "Total Cost": 43899.32,
                              "Plan Rows": 188810,
                              "Plan Width": 4,
                              "Actual Startup Time": 0.029,
                              "Actual Total Time": 100.623,
                              "Actual Rows": 188419,
                              "Actual Loops": 4,
                              "Filter": "(kind_id < 3)",
                              "Rows Removed by Filter": 443659
                            }
                          ]
                        }
                      ]
                    },
                    {
                      "Node Type": "Index Scan",
                      "Parent Relationship": "Inner",
                      "Parallel Aware": false,
                      "Scan Direction": "Forward",
                      "Index Name": "movie_id_movie_info",
                      "Relation Name": "movie_info",
                      "Alias": "mi",
                      "Startup Cost": 0.43,
                      "Total Cost": 2.4,
                      "Plan Rows": 35,
                      "Plan Width": 4,
                      "Actual Startup Time": 0.004,
                      "Actual Total Time": 0.023,
                      "Actual Rows": 76,
                      "Actual Loops": 104629,
                      "Index Cond": "(movie_id = t.id)",
                      "Rows Removed by Index Recheck": 0,
                      "Filter": "(info_type_id > 2)",
                      "Rows Removed by Filter": 2
                    }
                  ]
                }
              ]
            }
          ]
        }
      ]
    },
    "Planning Time": 1.278,
    "Triggers": [],
    "Execution Time": 1122.901
  }
]