{
  "Plan": {
    "Node Type": "Aggregate",
    "Strategy": "Plain",
    "Partial Mode": "Finalize",
    "Parallel Aware": false,
    "Startup Cost": 393557.32,
    "Total Cost": 393557.33,
    "Plan Rows": 1,
    "Plan Width": 8,
    "Actual Startup Time": 1062.246,
    "Actual Total Time": 1077.015,
    "Actual Rows": 1,
    "Actual Loops": 1,
    "Plans": [
      {
        "Node Type": "Gather",
        "Parent Relationship": "Outer",
        "Parallel Aware": false,
        "Startup Cost": 393557.21,
        "Total Cost": 393557.32,
        "Plan Rows": 1,
        "Plan Width": 8,
        "Actual Startup Time": 1060.001,
        "Actual Total Time": 1077.007,
        "Actual Rows": 2,
        "Actual Loops": 1,
        "Workers Planned": 1,
        "Workers Launched": 1,
        "Single Copy": false,
        "Plans": [
          {
            "Node Type": "Aggregate",
            "Strategy": "Plain",
            "Partial Mode": "Partial",
            "Parent Relationship": "Outer",
            "Parallel Aware": false,
            "Startup Cost": 392557.21,
            "Total Cost": 392557.22,
            "Plan Rows": 1,
            "Plan Width": 8,
            "Actual Startup Time": 1052.852,
            "Actual Total Time": 1052.857,
            "Actual Rows": 1,
            "Actual Loops": 2,
            "Plans": [
              {
                "Node Type": "Hash Join",
                "Parent Relationship": "Outer",
                "Parallel Aware": true,
                "Join Type": "Inner",
                "Startup Cost": 118049.39,
                "Total Cost": 390776.5,
                "Plan Rows": 712284,
                "Plan Width": 0,
                "Actual Startup Time": 494.133,
                "Actual Total Time": 1026.707,
                "Actual Rows": 631794,
                "Actual Loops": 2,
                "Inner Unique": true,
                "Hash Cond": "(ci.movie_id = t.id)",
                "Plans": [
                  {
                    "Node Type": "Bitmap Heap Scan",
                    "Parent Relationship": "Outer",
                    "Parallel Aware": true,
                    "Relation Name": "cast_info",
                    "Alias": "ci",
                    "Startup Cost": 49748.98,
                    "Total Cost": 318998.03,
                    "Plan Rows": 1324965,
                    "Plan Width": 4,
                    "Actual Startup Time": 89.58,
                    "Actual Total Time": 216.881,
                    "Actual Rows": 1129408,
                    "Actual Loops": 2,
                    "Recheck Cond": "(person_id < 219975)",
                    "Rows Removed by Index Recheck": 0,
                    "Exact Heap Blocks": 12830,
                    "Lossy Heap Blocks": 0,
                    "Plans": [
                      {
                        "Node Type": "Bitmap Index Scan",
                        "Parent Relationship": "Outer",
                        "Parallel Aware": false,
                        "Index Name": "person_id_cast_info",
                        "Startup Cost": 0.0,
                        "Total Cost": 49185.87,
                        "Plan Rows": 2252440,
                        "Plan Width": 0,
                        "Actual Startup Time": 85.919,
                        "Actual Total Time": 85.919,
                        "Actual Rows": 2258815,
                        "Actual Loops": 1,
                        "Index Cond": "(person_id < 219975)"
                      }
                    ]
                  },
                  {
                    "Node Type": "Hash",
                    "Parent Relationship": "Inner",
                    "Parallel Aware": true,
                    "Startup Cost": 58306.47,
                    "Total Cost": 58306.47,
                    "Plan Rows": 799516,
                    "Plan Width": 4,
                    "Actual Startup Time": 390.634,
                    "Actual Total Time": 390.635,
                    "Actual Rows": 719348,
                    "Actual Loops": 2,
                    "Hash Buckets": 2097152,
                    "Original Hash Buckets": 2097152,
                    "Hash Batches": 1,
                    "Original Hash Batches": 1,
                    "Peak Memory Usage": 72704,
                    "Plans": [
                      {
                        "Node Type": "Seq Scan",
                        "Parent Relationship": "Outer",
                        "Parallel Aware": true,
                        "Relation Name": "title",
                        "Alias": "t",
                        "Startup Cost": 0.0,
                        "Total Cost": 58306.47,
                        "Plan Rows": 799516,
                        "Plan Width": 4,
                        "Actual Startup Time": 0.041,
                        "Actual Total Time": 172.849,
                        "Actual Rows": 719348,
                        "Actual Loops": 2,
                        "Filter": "((production_year > 1958) AND (kind_id = 7))",
                        "Rows Removed by Filter": 544808
                      }
                    ]
                  }
                ]
              }
            ]
          }
        ]
      }
    ]
  },
  "Planning Time": 0.575,
  "Triggers": [],
  "Execution Time": 1077.092
}