[
  {
    "Plan": {
      "Node Type": "Aggregate",
      "Strategy": "Plain",
      "Partial Mode": "Finalize",
      "Parallel Aware": false,
      "Startup Cost": 47301.91,
      "Total Cost": 47301.92,
      "Plan Rows": 1,
      "Plan Width": 8,
      "Actual Startup Time": 211.468,
      "Actual Total Time": 218.443,
      "Actual Rows": 1,
      "Actual Loops": 1,
      "Plans": [
        {
          "Node Type": "Gather",
          "Parent Relationship": "Outer",
          "Parallel Aware": false,
          "Startup Cost": 47301.59,
          "Total Cost": 47301.9,
          "Plan Rows": 3,
          "Plan Width": 8,
          "Actual Startup Time": 211.335,
          "Actual Total Time": 218.433,
          "Actual Rows": 4,
          "Actual Loops": 1,
          "Workers Planned": 3,
          "Workers Launched": 3,
          "Single Copy": false,
          "Plans": [
            {
              "Node Type": "Aggregate",
              "Strategy": "Plain",
              "Partial Mode": "Partial",
              "Parent Relationship": "Outer",
              "Parallel Aware": false,
              "Startup Cost": 46301.59,
              "Total Cost": 46301.6,
              "Plan Rows": 1,
              "Plan Width": 8,
              "Actual Startup Time": 206.071,
              "Actual Total Time": 206.072,
              "Actual Rows": 1,
              "Actual Loops": 4,
              "Plans": [
                {
                  "Node Type": "Seq Scan",
                  "Parent Relationship": "Outer",
                  "Parallel Aware": true,
                  "Relation Name": "movie_keyword",
                  "Alias": "mk",
                  "Startup Cost": 0.0,
                  "Total Cost": 42695.65,
                  "Plan Rows": 1442376,
                  "Plan Width": 0,
                  "Actual Startup Time": 0.037,
                  "Actual Total Time": 142.924,
                  "Actual Rows": 1117882,
                  "Actual Loops": 4,
                  "Filter": "(keyword_id < 98491)",
                  "Rows Removed by Filter": 13101
                }
              ]
            }
          ]
        }
      ]
    },
    "Planning Time": 0.232,
    "Triggers": [],
    "Execution Time": 218.489
  }
]