[
  {
    "Plan": {
      "Node Type": "Aggregate",
      "Strategy": "Plain",
      "Partial Mode": "Finalize",
      "Parallel Aware": false,
      "Startup Cost": 31835.78,
      "Total Cost": 31835.79,
      "Plan Rows": 1,
      "Plan Width": 8,
      "Actual Startup Time": 109.988,
      "Actual Total Time": 116.3,
      "Actual Rows": 1,
      "Actual Loops": 1,
      "Plans": [
        {
          "Node Type": "Gather",
          "Parent Relationship": "Outer",
          "Parallel Aware": false,
          "Startup Cost": 31835.46,
          "Total Cost": 31835.77,
          "Plan Rows": 3,
          "Plan Width": 8,
          "Actual Startup Time": 109.876,
          "Actual Total Time": 116.287,
          "Actual Rows": 4,
          "Actual Loops": 1,
          "Workers Planned": 3,
          "Workers Launched": 3,
          "Single Copy": false,
          "Plans": [
            {
              "Node Type": "Aggregate",
              "Strategy": "Plain",
              "Partial Mode": "Partial",
              "Parent Relationship": "Outer",
              "Parallel Aware": false,
              "Startup Cost": 30835.46,
              "Total Cost": 30835.47,
              "Plan Rows": 1,
              "Plan Width": 8,
              "Actual Startup Time": 101.782,
              "Actual Total Time": 101.783,
              "Actual Rows": 1,
              "Actual Loops": 4,
              "Plans": [
                {
                  "Node Type": "Seq Scan",
                  "Parent Relationship": "Outer",
                  "Parallel Aware": true,
                  "Relation Name": "movie_companies",
                  "Alias": "mc",
                  "Startup Cost": 0.0,
                  "Total Cost": 29310.68,
                  "Plan Rows": 609911,
                  "Plan Width": 0,
                  "Actual Startup Time": 0.493,
                  "Actual Total Time": 80.18,
                  "Actual Rows": 472732,
                  "Actual Loops": 4,
                  "Filter": "(company_id > 1389)",
                  "Rows Removed by Filter": 179550
                }
              ]
            }
          ]
        }
      ]
    },
    "Planning Time": 0.105,
    "Triggers": [],
    "Execution Time": 116.337
  }
]