[
    {
        "Bao": {
            "Bao prediction": "NaN",
            "Bao recommended hint": "(no hint)"
        }
    },
    {
        "Plan": {
            "Node Type": "Aggregate",
            "Strategy": "Plain",
            "Partial Mode": "Finalize",
            "Parallel Aware": false,
            "Startup Cost": 77263.75,
            "Total Cost": 77263.76,
            "Plan Rows": 1,
            "Plan Width": 8,
            "Actual Startup Time": 255.197,
            "Actual Total Time": 264.31,
            "Actual Rows": 1,
            "Actual Loops": 1,
            "Output": [
                "count(*)"
            ],
            "Plans": [
                {
                    "Node Type": "Gather",
                    "Parent Relationship": "Outer",
                    "Parallel Aware": false,
                    "Startup Cost": 77263.33,
                    "Total Cost": 77263.74,
                    "Plan Rows": 4,
                    "Plan Width": 8,
                    "Actual Startup Time": 252.958,
                    "Actual Total Time": 264.294,
                    "Actual Rows": 5,
                    "Actual Loops": 1,
                    "Output": [
                        "(PARTIAL count(*))"
                    ],
                    "Workers Planned": 4,
                    "Workers Launched": 4,
                    "Single Copy": false,
                    "Plans": [
                        {
                            "Node Type": "Aggregate",
                            "Strategy": "Plain",
                            "Partial Mode": "Partial",
                            "Parent Relationship": "Outer",
                            "Parallel Aware": false,
                            "Startup Cost": 76263.33,
                            "Total Cost": 76263.34,
                            "Plan Rows": 1,
                            "Plan Width": 8,
                            "Actual Startup Time": 243.624,
                            "Actual Total Time": 243.627,
                            "Actual Rows": 1,
                            "Actual Loops": 5,
                            "Output": [
                                "PARTIAL count(*)"
                            ],
                            "Workers": [
                                {
                                    "Worker Number": 0,
                                    "Actual Startup Time": 241.073,
                                    "Actual Total Time": 241.077,
                                    "Actual Rows": 1,
                                    "Actual Loops": 1
                                },
                                {
                                    "Worker Number": 1,
                                    "Actual Startup Time": 241.413,
                                    "Actual Total Time": 241.416,
                                    "Actual Rows": 1,
                                    "Actual Loops": 1
                                },
                                {
                                    "Worker Number": 2,
                                    "Actual Startup Time": 241.307,
                                    "Actual Total Time": 241.31,
                                    "Actual Rows": 1,
                                    "Actual Loops": 1
                                },
                                {
                                    "Worker Number": 3,
                                    "Actual Startup Time": 241.788,
                                    "Actual Total Time": 241.791,
                                    "Actual Rows": 1,
                                    "Actual Loops": 1
                                }
                            ],
                            "Plans": [
                                {
                                    "Node Type": "Hash Join",
                                    "Parent Relationship": "Outer",
                                    "Parallel Aware": true,
                                    "Join Type": "Inner",
                                    "Startup Cost": 30925.0,
                                    "Total Cost": 76165.28,
                                    "Plan Rows": 39220,
                                    "Plan Width": 0,
                                    "Actual Startup Time": 114.229,
                                    "Actual Total Time": 241.105,
                                    "Actual Rows": 44529,
                                    "Actual Loops": 5,
                                    "Inner Unique": false,
                                    "Hash Cond": "(t.id = mc.movie_id)",
                                    "Workers": [
                                        {
                                            "Worker Number": 0,
                                            "Actual Startup Time": 111.76,
                                            "Actual Total Time": 238.576,
                                            "Actual Rows": 46428,
                                            "Actual Loops": 1
                                        },
                                        {
                                            "Worker Number": 1,
                                            "Actual Startup Time": 111.741,
                                            "Actual Total Time": 238.642,
                                            "Actual Rows": 31532,
                                            "Actual Loops": 1
                                        },
                                        {
                                            "Worker Number": 2,
                                            "Actual Startup Time": 111.995,
                                            "Actual Total Time": 238.968,
                                            "Actual Rows": 45414,
                                            "Actual Loops": 1
                                        },
                                        {
                                            "Worker Number": 3,
                                            "Actual Startup Time": 112.431,
                                            "Actual Total Time": 239.305,
                                            "Actual Rows": 45954,
                                            "Actual Loops": 1
                                        }
                                    ],
                                    "Plans": [
                                        {
                                            "Node Type": "Seq Scan",
                                            "Parent Relationship": "Outer",
                                            "Parallel Aware": true,
                                            "Relation Name": "title",
                                            "Schema": "public",
                                            "Alias": "t",
                                            "Startup Cost": 0.0,
                                            "Total Cost": 43899.01,
                                            "Plan Rows": 242953,
                                            "Plan Width": 4,
                                            "Actual Startup Time": 0.011,
                                            "Actual Total Time": 72.365,
                                            "Actual Rows": 194238,
                                            "Actual Loops": 5,
                                            "Output": [
                                                "t.id",
                                                "t.title",
                                                "t.imdb_index",
                                                "t.kind_id",
                                                "t.production_year",
                                                "t.imdb_id",
                                                "t.phonetic_code",
                                                "t.episode_of_id",
                                                "t.season_nr",
                                                "t.episode_nr",
                                                "t.series_years",
                                                "t.md5sum"
                                            ],
                                            "Filter": "(t.production_year < 1999)",
                                            "Rows Removed by Filter": 311425,
                                            "Workers": [
                                                {
                                                    "Worker Number": 0,
                                                    "Actual Startup Time": 0.01,
                                                    "Actual Total Time": 73.979,
                                                    "Actual Rows": 201019,
                                                    "Actual Loops": 1
                                                },
                                                {
                                                    "Worker Number": 1,
                                                    "Actual Startup Time": 0.01,
                                                    "Actual Total Time": 77.806,
                                                    "Actual Rows": 139219,
                                                    "Actual Loops": 1
                                                },
                                                {
                                                    "Worker Number": 2,
                                                    "Actual Startup Time": 0.014,
                                                    "Actual Total Time": 72.455,
                                                    "Actual Rows": 198142,
                                                    "Actual Loops": 1
                                                },
                                                {
                                                    "Worker Number": 3,
                                                    "Actual Startup Time": 0.009,
                                                    "Actual Total Time": 73.484,
                                                    "Actual Rows": 199189,
                                                    "Actual Loops": 1
                                                }
                                            ]
                                        },
                                        {
                                            "Node Type": "Hash",
                                            "Parent Relationship": "Inner",
                                            "Parallel Aware": true,
                                            "Startup Cost": 29279.26,
                                            "Total Cost": 29279.26,
                                            "Plan Rows": 131659,
                                            "Plan Width": 4,
                                            "Actual Startup Time": 112.496,
                                            "Actual Total Time": 112.497,
                                            "Actual Rows": 80732,
                                            "Actual Loops": 5,
                                            "Output": [
                                                "mc.movie_id"
                                            ],
                                            "Hash Buckets": 524288,
                                            "Original Hash Buckets": 524288,
                                            "Hash Batches": 1,
                                            "Original Hash Batches": 1,
                                            "Peak Memory Usage": 19968,
                                            "Workers": [
                                                {
                                                    "Worker Number": 0,
                                                    "Actual Startup Time": 111.32,
                                                    "Actual Total Time": 111.322,
                                                    "Actual Rows": 75010,
                                                    "Actual Loops": 1
                                                },
                                                {
                                                    "Worker Number": 1,
                                                    "Actual Startup Time": 111.335,
                                                    "Actual Total Time": 111.337,
                                                    "Actual Rows": 63839,
                                                    "Actual Loops": 1
                                                },
                                                {
                                                    "Worker Number": 2,
                                                    "Actual Startup Time": 111.525,
                                                    "Actual Total Time": 111.526,
                                                    "Actual Rows": 71649,
                                                    "Actual Loops": 1
                                                },
                                                {
                                                    "Worker Number": 3,
                                                    "Actual Startup Time": 112.014,
                                                    "Actual Total Time": 112.015,
                                                    "Actual Rows": 77325,
                                                    "Actual Loops": 1
                                                }
                                            ],
                                            "Plans": [
                                                {
                                                    "Node Type": "Bitmap Heap Scan",
                                                    "Parent Relationship": "Outer",
                                                    "Parallel Aware": true,
                                                    "Relation Name": "movie_companies",
                                                    "Schema": "public",
                                                    "Alias": "mc",
                                                    "Startup Cost": 8843.53,
                                                    "Total Cost": 29279.26,
                                                    "Plan Rows": 131659,
                                                    "Plan Width": 4,
                                                    "Actual Startup Time": 30.283,
                                                    "Actual Total Time": 78.042,
                                                    "Actual Rows": 80732,
                                                    "Actual Loops": 5,
                                                    "Output": [
                                                        "mc.movie_id"
                                                    ],
                                                    "Recheck Cond": "(mc.company_id < 258)",
                                                    "Rows Removed by Index Recheck": 0,
                                                    "Exact Heap Blocks": 4623,
                                                    "Lossy Heap Blocks": 0,
                                                    "Workers": [
                                                        {
                                                            "Worker Number": 0,
                                                            "Actual Startup Time": 29.158,
                                                            "Actual Total Time": 77.989,
                                                            "Actual Rows": 75010,
                                                            "Actual Loops": 1
                                                        },
                                                        {
                                                            "Worker Number": 1,
                                                            "Actual Startup Time": 29.13,
                                                            "Actual Total Time": 78.636,
                                                            "Actual Rows": 63839,
                                                            "Actual Loops": 1
                                                        },
                                                        {
                                                            "Worker Number": 2,
                                                            "Actual Startup Time": 29.338,
                                                            "Actual Total Time": 78.794,
                                                            "Actual Rows": 71649,
                                                            "Actual Loops": 1
                                                        },
                                                        {
                                                            "Worker Number": 3,
                                                            "Actual Startup Time": 30.058,
                                                            "Actual Total Time": 78.557,
                                                            "Actual Rows": 77325,
                                                            "Actual Loops": 1
                                                        }
                                                    ],
                                                    "Plans": [
                                                        {
                                                            "Node Type": "Bitmap Index Scan",
                                                            "Parent Relationship": "Outer",
                                                            "Parallel Aware": false,
                                                            "Index Name": "company_id_movie_companies",
                                                            "Startup Cost": 0.0,
                                                            "Total Cost": 8741.5,
                                                            "Plan Rows": 408142,
                                                            "Plan Width": 0,
                                                            "Actual Startup Time": 29.404,
                                                            "Actual Total Time": 29.404,
                                                            "Actual Rows": 403659,
                                                            "Actual Loops": 1,
                                                            "Index Cond": "(mc.company_id < 258)"
                                                        }
                                                    ]
                                                }
                                            ]
                                        }
                                    ]
                                }
                            ]
                        }
                    ]
                }
            ]
        },
        "Planning Time": 268.625,
        "Triggers": [],
        "Execution Time": 264.38
    }
]