[
  {
    "Plan": {
      "Node Type": "Aggregate",
      "Strategy": "Plain",
      "Partial Mode": "Finalize",
      "Parallel Aware": false,
      "Startup Cost": 32997.44,
      "Total Cost": 32997.45,
      "Plan Rows": 1,
      "Plan Width": 8,
      "Actual Startup Time": 103.054,
      "Actual Total Time": 111.529,
      "Actual Rows": 1,
      "Actual Loops": 1,
      "Plans": [
        {
          "Node Type": "Gather",
          "Parent Relationship": "Outer",
          "Parallel Aware": false,
          "Startup Cost": 32997.13,
          "Total Cost": 32997.44,
          "Plan Rows": 3,
          "Plan Width": 8,
          "Actual Startup Time": 102.9,
          "Actual Total Time": 111.521,
          "Actual Rows": 4,
          "Actual Loops": 1,
          "Workers Planned": 3,
          "Workers Launched": 3,
          "Single Copy": false,
          "Plans": [
            {
              "Node Type": "Aggregate",
              "Strategy": "Plain",
              "Partial Mode": "Partial",
              "Parent Relationship": "Outer",
              "Parallel Aware": false,
              "Startup Cost": 31997.13,
              "Total Cost": 31997.14,
              "Plan Rows": 1,
              "Plan Width": 8,
              "Actual Startup Time": 97.152,
              "Actual Total Time": 97.154,
              "Actual Rows": 1,
              "Actual Loops": 4,
              "Plans": [
                {
                  "Node Type": "Seq Scan",
                  "Parent Relationship": "Outer",
                  "Parallel Aware": true,
                  "Relation Name": "movie_companies",
                  "Alias": "mc",
                  "Startup Cost": 0.0,
                  "Total Cost": 31414.82,
                  "Plan Rows": 232923,
                  "Plan Width": 0,
                  "Actual Startup Time": 0.041,
                  "Actual Total Time": 82.748,
                  "Actual Rows": 252188,
                  "Actual Loops": 4,
                  "Filter": "((company_id < 13609) AND (company_type_id = 1))",
                  "Rows Removed by Filter": 400094
                }
              ]
            }
          ]
        }
      ]
    },
    "Planning Time": 0.11,
    "Triggers": [],
    "Execution Time": 111.56
  }
]