[
  {
    "Plan": {
      "Node Type": "Aggregate",
      "Strategy": "Plain",
      "Partial Mode": "Finalize",
      "Parallel Aware": false,
      "Startup Cost": 33005.28,
      "Total Cost": 33005.29,
      "Plan Rows": 1,
      "Plan Width": 8,
      "Actual Startup Time": 100.135,
      "Actual Total Time": 108.083,
      "Actual Rows": 1,
      "Actual Loops": 1,
      "Plans": [
        {
          "Node Type": "Gather",
          "Parent Relationship": "Outer",
          "Parallel Aware": false,
          "Startup Cost": 33004.97,
          "Total Cost": 33005.28,
          "Plan Rows": 3,
          "Plan Width": 8,
          "Actual Startup Time": 100.007,
          "Actual Total Time": 108.075,
          "Actual Rows": 4,
          "Actual Loops": 1,
          "Workers Planned": 3,
          "Workers Launched": 3,
          "Single Copy": false,
          "Plans": [
            {
              "Node Type": "Aggregate",
              "Strategy": "Plain",
              "Partial Mode": "Partial",
              "Parent Relationship": "Outer",
              "Parallel Aware": false,
              "Startup Cost": 32004.97,
              "Total Cost": 32004.98,
              "Plan Rows": 1,
              "Plan Width": 8,
              "Actual Startup Time": 92.297,
              "Actual Total Time": 92.298,
              "Actual Rows": 1,
              "Actual Loops": 4,
              "Plans": [
                {
                  "Node Type": "Seq Scan",
                  "Parent Relationship": "Outer",
                  "Parallel Aware": true,
                  "Relation Name": "movie_companies",
                  "Alias": "mc",
                  "Startup Cost": 0.0,
                  "Total Cost": 31414.82,
                  "Plan Rows": 236059,
                  "Plan Width": 0,
                  "Actual Startup Time": 0.045,
                  "Actual Total Time": 77.571,
                  "Actual Rows": 252188,
                  "Actual Loops": 4,
                  "Filter": "((company_id < 13609) AND (company_type_id = 1))",
                  "Rows Removed by Filter": 400094
                }
              ]
            }
          ]
        }
      ]
    },
    "Planning Time": 0.26,
    "Triggers": [],
    "Execution Time": 108.139
  }
]