[
  {
    "Plan": {
      "Node Type": "Aggregate",
      "Strategy": "Plain",
      "Partial Mode": "Finalize",
      "Parallel Aware": false,
      "Startup Cost": 310397.62,
      "Total Cost": 310397.63,
      "Plan Rows": 1,
      "Plan Width": 8,
      "Actual Startup Time": 671.627,
      "Actual Total Time": 734.353,
      "Actual Rows": 1,
      "Actual Loops": 1,
      "Plans": [
        {
          "Node Type": "Gather",
          "Parent Relationship": "Outer",
          "Parallel Aware": false,
          "Startup Cost": 310397.2,
          "Total Cost": 310397.61,
          "Plan Rows": 4,
          "Plan Width": 8,
          "Actual Startup Time": 670.429,
          "Actual Total Time": 734.326,
          "Actual Rows": 5,
          "Actual Loops": 1,
          "Workers Planned": 4,
          "Workers Launched": 4,
          "Single Copy": false,
          "Plans": [
            {
              "Node Type": "Aggregate",
              "Strategy": "Plain",
              "Partial Mode": "Partial",
              "Parent Relationship": "Outer",
              "Parallel Aware": false,
              "Startup Cost": 309397.2,
              "Total Cost": 309397.21,
              "Plan Rows": 1,
              "Plan Width": 8,
              "Actual Startup Time": 664.935,
              "Actual Total Time": 664.94,
              "Actual Rows": 1,
              "Actual Loops": 5,
              "Plans": [
                {
                  "Node Type": "Nested Loop",
                  "Parent Relationship": "Outer",
                  "Parallel Aware": false,
                  "Join Type": "Inner",
                  "Startup Cost": 207029.35,
                  "Total Cost": 309088.26,
                  "Plan Rows": 123574,
                  "Plan Width": 0,
                  "Actual Startup Time": 355.536,
                  "Actual Total Time": 656.409,
                  "Actual Rows": 121278,
                  "Actual Loops": 5,
                  "Inner Unique": false,
                  "Plans": [
                    {
                      "Node Type": "Hash Join",
                      "Parent Relationship": "Outer",
                      "Parallel Aware": true,
                      "Join Type": "Inner",
                      "Startup Cost": 207028.91,
                      "Total Cost": 252917.19,
                      "Plan Rows": 21046,
                      "Plan Width": 8,
                      "Actual Startup Time": 355.419,
                      "Actual Total Time": 481.081,
                      "Actual Rows": 9965,
                      "Actual Loops": 5,
                      "Inner Unique": false,
                      "Hash Cond": "(t.id = ci.movie_id)",
                      "Plans": [
                        {
                          "Node Type": "Seq Scan",
                          "Parent Relationship": "Outer",
                          "Parallel Aware": true,
                          "Relation Name": "title",
                          "Alias": "t",
                          "Startup Cost": 0.0,
                          "Total Cost": 43899.32,
                          "Plan Rows": 195388,
                          "Plan Width": 4,
                          "Actual Startup Time": 0.017,
                          "Actual Total Time": 85.654,
                          "Actual Rows": 156985,
                          "Actual Loops": 5,
                          "Filter": "(production_year > 2007)",
                          "Rows Removed by Filter": 348677
                        },
                        {
                          "Node Type": "Hash",
                          "Parent Relationship": "Inner",
                          "Parallel Aware": true,
                          "Startup Cost": 206461.54,
                          "Total Cost": 206461.54,
                          "Plan Rows": 45390,
                          "Plan Width": 4,
                          "Actual Startup Time": 353.111,
                          "Actual Total Time": 353.113,
                          "Actual Rows": 27037,
                          "Actual Loops": 5,
                          "Hash Buckets": 524288,
                          "Original Hash Buckets": 524288,
                          "Hash Batches": 1,
                          "Original Hash Batches": 1,
                          "Peak Memory Usage": 9472,
                          "Plans": [
                            {
                              "Node Type": "Index Scan",
                              "Parent Relationship": "Outer",
                              "Parallel Aware": true,
                              "Scan Direction": "Forward",
                              "Index Name": "role_id_cast_info",
                              "Relation Name": "cast_info",
                              "Alias": "ci",
                              "Startup Cost": 0.56,
                              "Total Cost": 206461.54,
                              "Plan Rows": 45390,
                              "Plan Width": 4,
                              "Actual Startup Time": 0.196,
                              "Actual Total Time": 337.943,
                              "Actual Rows": 27037,
                              "Actual Loops": 5,
                              "Index Cond": "(role_id > 6)",
                              "Rows Removed by Index Recheck": 0,
                              "Filter": "(person_id < 133213)",
                              "Rows Removed by Filter": 1515491
                            }
                          ]
                        }
                      ]
                    },
                    {
                      "Node Type": "Index Only Scan",
                      "Parent Relationship": "Inner",
                      "Parallel Aware": false,
                      "Scan Direction": "Forward",
                      "Index Name": "movie_id_movie_info",
                      "Relation Name": "movie_info",
                      "Alias": "mi",
                      "Startup Cost": 0.43,
                      "Total Cost": 2.26,
                      "Plan Rows": 41,
                      "Plan Width": 4,
                      "Actual Startup Time": 0.006,
                      "Actual Total Time": 0.016,
                      "Actual Rows": 12,
                      "Actual Loops": 49825,
                      "Index Cond": "(movie_id = t.id)",
                      "Rows Removed by Index Recheck": 0,
                      "Heap Fetches": 606388
                    }
                  ]
                }
              ]
            }
          ]
        }
      ]
    },
    "Planning Time": 0.83,
    "Triggers": [],
    "Execution Time": 734.439
  }
]