{
  "Plan": {
    "Node Type": "Aggregate",
    "Strategy": "Plain",
    "Partial Mode": "Finalize",
    "Parallel Aware": false,
    "Startup Cost": 111509.68,
    "Total Cost": 111509.69,
    "Plan Rows": 1,
    "Plan Width": 8,
    "Actual Startup Time": 417.515,
    "Actual Total Time": 435.813,
    "Actual Rows": 1,
    "Actual Loops": 1,
    "Plans": [
      {
        "Node Type": "Gather",
        "Parent Relationship": "Outer",
        "Parallel Aware": false,
        "Startup Cost": 111509.56,
        "Total Cost": 111509.67,
        "Plan Rows": 1,
        "Plan Width": 8,
        "Actual Startup Time": 416.451,
        "Actual Total Time": 435.806,
        "Actual Rows": 2,
        "Actual Loops": 1,
        "Workers Planned": 1,
        "Workers Launched": 1,
        "Single Copy": false,
        "Plans": [
          {
            "Node Type": "Aggregate",
            "Strategy": "Plain",
            "Partial Mode": "Partial",
            "Parent Relationship": "Outer",
            "Parallel Aware": false,
            "Startup Cost": 110509.56,
            "Total Cost": 110509.57,
            "Plan Rows": 1,
            "Plan Width": 8,
            "Actual Startup Time": 410.348,
            "Actual Total Time": 410.352,
            "Actual Rows": 1,
            "Actual Loops": 2,
            "Plans": [
              {
                "Node Type": "Hash Join",
                "Parent Relationship": "Outer",
                "Parallel Aware": true,
                "Join Type": "Inner",
                "Startup Cost": 77364.93,
                "Total Cost": 110320.08,
                "Plan Rows": 75795,
                "Plan Width": 0,
                "Actual Startup Time": 251.247,
                "Actual Total Time": 405.903,
                "Actual Rows": 99822,
                "Actual Loops": 2,
                "Inner Unique": true,
                "Hash Cond": "(mk.movie_id = t.id)",
                "Plans": [
                  {
                    "Node Type": "Bitmap Heap Scan",
                    "Parent Relationship": "Outer",
                    "Parallel Aware": true,
                    "Relation Name": "movie_keyword",
                    "Alias": "mk",
                    "Startup Cost": 20269.57,
                    "Total Cost": 51749.31,
                    "Plan Rows": 562059,
                    "Plan Width": 4,
                    "Actual Startup Time": 61.654,
                    "Actual Total Time": 150.626,
                    "Actual Rows": 476816,
                    "Actual Loops": 2,
                    "Recheck Cond": "(keyword_id > 19891)",
                    "Rows Removed by Index Recheck": 0,
                    "Exact Heap Blocks": 11827,
                    "Lossy Heap Blocks": 0,
                    "Plans": [
                      {
                        "Node Type": "Bitmap Index Scan",
                        "Parent Relationship": "Outer",
                        "Parallel Aware": false,
                        "Index Name": "keyword_id_movie_keyword",
                        "Startup Cost": 0.0,
                        "Total Cost": 20030.69,
                        "Plan Rows": 955501,
                        "Plan Width": 0,
                        "Actual Startup Time": 58.054,
                        "Actual Total Time": 58.055,
                        "Actual Rows": 953633,
                        "Actual Loops": 1,
                        "Index Cond": "(keyword_id > 19891)"
                      }
                    ]
                  },
                  {
                    "Node Type": "Hash",
                    "Parent Relationship": "Inner",
                    "Parallel Aware": true,
                    "Startup Cost": 54588.39,
                    "Total Cost": 54588.39,
                    "Plan Rows": 200558,
                    "Plan Width": 4,
                    "Actual Startup Time": 184.054,
                    "Actual Total Time": 184.054,
                    "Actual Rows": 176040,
                    "Actual Loops": 2,
                    "Hash Buckets": 524288,
                    "Original Hash Buckets": 524288,
                    "Hash Batches": 1,
                    "Original Hash Batches": 1,
                    "Peak Memory Usage": 17888,
                    "Plans": [
                      {
                        "Node Type": "Seq Scan",
                        "Parent Relationship": "Outer",
                        "Parallel Aware": true,
                        "Relation Name": "title",
                        "Alias": "t",
                        "Startup Cost": 0.0,
                        "Total Cost": 54588.39,
                        "Plan Rows": 200558,
                        "Plan Width": 4,
                        "Actual Startup Time": 0.029,
                        "Actual Total Time": 141.298,
                        "Actual Rows": 176040,
                        "Actual Loops": 2,
                        "Filter": "(production_year < 1969)",
                        "Rows Removed by Filter": 1088116
                      }
                    ]
                  }
                ]
              }
            ]
          }
        ]
      }
    ]
  },
  "Planning Time": 0.448,
  "Triggers": [],
  "Execution Time": 435.95
}