{
  "Plan": {
    "Node Type": "Aggregate",
    "Strategy": "Plain",
    "Partial Mode": "Finalize",
    "Parallel Aware": false,
    "Startup Cost": 1061453.89,
    "Total Cost": 1061453.9,
    "Plan Rows": 1,
    "Plan Width": 8,
    "Actual Startup Time": 3786.97,
    "Actual Total Time": 3794.431,
    "Actual Rows": 1,
    "Actual Loops": 1,
    "Plans": [
      {
        "Node Type": "Gather",
        "Parent Relationship": "Outer",
        "Parallel Aware": false,
        "Startup Cost": 1061453.78,
        "Total Cost": 1061453.89,
        "Plan Rows": 1,
        "Plan Width": 8,
        "Actual Startup Time": 3786.96,
        "Actual Total Time": 3794.424,
        "Actual Rows": 2,
        "Actual Loops": 1,
        "Workers Planned": 1,
        "Workers Launched": 1,
        "Single Copy": false,
        "Plans": [
          {
            "Node Type": "Aggregate",
            "Strategy": "Plain",
            "Partial Mode": "Partial",
            "Parent Relationship": "Outer",
            "Parallel Aware": false,
            "Startup Cost": 1060453.78,
            "Total Cost": 1060453.79,
            "Plan Rows": 1,
            "Plan Width": 8,
            "Actual Startup Time": 3757.044,
            "Actual Total Time": 3757.049,
            "Actual Rows": 1,
            "Actual Loops": 2,
            "Plans": [
              {
                "Node Type": "Merge Join",
                "Parent Relationship": "Outer",
                "Parallel Aware": false,
                "Join Type": "Inner",
                "Startup Cost": 1008438.36,
                "Total Cost": 1056290.97,
                "Plan Rows": 1665124,
                "Plan Width": 0,
                "Actual Startup Time": 2776.308,
                "Actual Total Time": 3683.533,
                "Actual Rows": 1925699,
                "Actual Loops": 2,
                "Inner Unique": false,
                "Merge Cond": "(ci.movie_id = t.id)",
                "Plans": [
                  {
                    "Node Type": "Sort",
                    "Parent Relationship": "Outer",
                    "Parallel Aware": false,
                    "Startup Cost": 744840.93,
                    "Total Cost": 756281.17,
                    "Plan Rows": 4576095,
                    "Plan Width": 4,
                    "Actual Startup Time": 1620.374,
                    "Actual Total Time": 2037.741,
                    "Actual Rows": 3855900,
                    "Actual Loops": 2,
                    "Sort Key": [
                      "ci.movie_id"
                    ],
                    "Sort Method": "quicksort",
                    "Sort Space Used": 282601,
                    "Sort Space Type": "Memory",
                    "Workers": [
                      {
                        "Worker Number": 0,
                        "Sort Method": "quicksort",
                        "Sort Space Used": 275538,
                        "Sort Space Type": "Memory"
                      }
                    ],
                    "Plans": [
                      {
                        "Node Type": "Index Scan",
                        "Parent Relationship": "Outer",
                        "Parallel Aware": true,
                        "Scan Direction": "Forward",
                        "Index Name": "role_id_cast_info",
                        "Relation Name": "cast_info",
                        "Alias": "ci",
                        "Startup Cost": 0.56,
                        "Total Cost": 238594.73,
                        "Plan Rows": 4576095,
                        "Plan Width": 4,
                        "Actual Startup Time": 0.118,
                        "Actual Total Time": 660.362,
                        "Actual Rows": 3856320,
                        "Actual Loops": 2,
                        "Index Cond": "(role_id > 6)",
                        "Rows Removed by Index Recheck": 0
                      }
                    ]
                  },
                  {
                    "Node Type": "Sort",
                    "Parent Relationship": "Inner",
                    "Parallel Aware": false,
                    "Startup Cost": 263596.95,
                    "Total Cost": 265896.9,
                    "Plan Rows": 919981,
                    "Plan Width": 8,
                    "Actual Startup Time": 1155.877,
                    "Actual Total Time": 1224.881,
                    "Actual Rows": 2015908,
                    "Actual Loops": 2,
                    "Sort Key": [
                      "t.id"
                    ],
                    "Sort Method": "quicksort",
                    "Sort Space Used": 28750,
                    "Sort Space Type": "Memory",
                    "Workers": [
                      {
                        "Worker Number": 0,
                        "Sort Method": "quicksort",
                        "Sort Space Used": 28750,
                        "Sort Space Type": "Memory"
                      }
                    ],
                    "Plans": [
                      {
                        "Node Type": "Hash Join",
                        "Parent Relationship": "Outer",
                        "Parallel Aware": false,
                        "Join Type": "Inner",
                        "Startup Cost": 81915.07,
                        "Total Cost": 172467.11,
                        "Plan Rows": 919981,
                        "Plan Width": 8,
                        "Actual Startup Time": 395.02,
                        "Actual Total Time": 1087.412,
                        "Actual Rows": 351171,
                        "Actual Loops": 2,
                        "Inner Unique": true,
                        "Hash Cond": "(mk.movie_id = t.id)",
                        "Plans": [
                          {
                            "Node Type": "Seq Scan",
                            "Parent Relationship": "Outer",
                            "Parallel Aware": false,
                            "Relation Name": "movie_keyword",
                            "Alias": "mk",
                            "Startup Cost": 0.0,
                            "Total Cost": 81003.12,
                            "Plan Rows": 3637677,
                            "Plan Width": 4,
                            "Actual Startup Time": 0.031,
                            "Actual Total Time": 373.9,
                            "Actual Rows": 3640469,
                            "Actual Loops": 2,
                            "Filter": "(keyword_id < 20873)",
                            "Rows Removed by Filter": 883461
                          },
                          {
                            "Node Type": "Hash",
                            "Parent Relationship": "Inner",
                            "Parallel Aware": false,
                            "Startup Cost": 73922.39,
                            "Total Cost": 73922.39,
                            "Plan Rows": 639414,
                            "Plan Width": 4,
                            "Actual Startup Time": 391.332,
                            "Actual Total Time": 391.334,
                            "Actual Rows": 674499,
                            "Actual Loops": 2,
                            "Hash Buckets": 1048576,
                            "Original Hash Buckets": 1048576,
                            "Hash Batches": 1,
                            "Original Hash Batches": 1,
                            "Peak Memory Usage": 31905,
                            "Plans": [
                              {
                                "Node Type": "Seq Scan",
                                "Parent Relationship": "Outer",
                                "Parallel Aware": false,
                                "Relation Name": "title",
                                "Alias": "t",
                                "Startup Cost": 0.0,
                                "Total Cost": 73922.39,
                                "Plan Rows": 639414,
                                "Plan Width": 4,
                                "Actual Startup Time": 0.027,
                                "Actual Total Time": 255.334,
                                "Actual Rows": 674499,
                                "Actual Loops": 2,
                                "Filter": "((kind_id > 2) AND (production_year > 2006))",
                                "Rows Removed by Filter": 1853813
                              }
                            ]
                          }
                        ]
                      }
                    ]
                  }
                ]
              }
            ]
          }
        ]
      }
    ]
  },
  "Planning Time": 1.067,
  "Triggers": [],
  "Execution Time": 3812.244
}