[
  {
    "Plan": {
      "Node Type": "Aggregate",
      "Strategy": "Plain",
      "Partial Mode": "Finalize",
      "Parallel Aware": false,
      "Startup Cost": 47009.28,
      "Total Cost": 47009.29,
      "Plan Rows": 1,
      "Plan Width": 8,
      "Actual Startup Time": 187.326,
      "Actual Total Time": 196.483,
      "Actual Rows": 1,
      "Actual Loops": 1,
      "Plans": [
        {
          "Node Type": "Gather",
          "Parent Relationship": "Outer",
          "Parallel Aware": false,
          "Startup Cost": 47008.96,
          "Total Cost": 47009.27,
          "Plan Rows": 3,
          "Plan Width": 8,
          "Actual Startup Time": 187.193,
          "Actual Total Time": 196.472,
          "Actual Rows": 4,
          "Actual Loops": 1,
          "Workers Planned": 3,
          "Workers Launched": 3,
          "Single Copy": false,
          "Plans": [
            {
              "Node Type": "Aggregate",
              "Strategy": "Plain",
              "Partial Mode": "Partial",
              "Parent Relationship": "Outer",
              "Parallel Aware": false,
              "Startup Cost": 46008.96,
              "Total Cost": 46008.97,
              "Plan Rows": 1,
              "Plan Width": 8,
              "Actual Startup Time": 180.026,
              "Actual Total Time": 180.027,
              "Actual Rows": 1,
              "Actual Loops": 4,
              "Plans": [
                {
                  "Node Type": "Seq Scan",
                  "Parent Relationship": "Outer",
                  "Parallel Aware": true,
                  "Relation Name": "movie_keyword",
                  "Alias": "mk",
                  "Startup Cost": 0.0,
                  "Total Cost": 42695.65,
                  "Plan Rows": 1325322,
                  "Plan Width": 0,
                  "Actual Startup Time": 0.057,
                  "Actual Total Time": 131.896,
                  "Actual Rows": 1029743,
                  "Actual Loops": 4,
                  "Filter": "(keyword_id < 42905)",
                  "Rows Removed by Filter": 101239
                }
              ]
            }
          ]
        }
      ]
    },
    "Planning Time": 0.185,
    "Triggers": [],
    "Execution Time": 196.538
  }
]