{
  "Plan": {
    "Node Type": "Aggregate",
    "Strategy": "Plain",
    "Partial Mode": "Finalize",
    "Parallel Aware": false,
    "Startup Cost": 430789.5,
    "Total Cost": 430789.51,
    "Plan Rows": 1,
    "Plan Width": 8,
    "Actual Startup Time": 778.121,
    "Actual Total Time": 799.147,
    "Actual Rows": 1,
    "Actual Loops": 1,
    "Plans": [
      {
        "Node Type": "Gather",
        "Parent Relationship": "Outer",
        "Parallel Aware": false,
        "Startup Cost": 430789.39,
        "Total Cost": 430789.5,
        "Plan Rows": 1,
        "Plan Width": 8,
        "Actual Startup Time": 775.609,
        "Actual Total Time": 799.138,
        "Actual Rows": 2,
        "Actual Loops": 1,
        "Workers Planned": 1,
        "Workers Launched": 1,
        "Single Copy": false,
        "Plans": [
          {
            "Node Type": "Aggregate",
            "Strategy": "Plain",
            "Partial Mode": "Partial",
            "Parent Relationship": "Outer",
            "Parallel Aware": false,
            "Startup Cost": 429789.39,
            "Total Cost": 429789.4,
            "Plan Rows": 1,
            "Plan Width": 8,
            "Actual Startup Time": 770.985,
            "Actual Total Time": 770.989,
            "Actual Rows": 1,
            "Actual Loops": 2,
            "Plans": [
              {
                "Node Type": "Hash Join",
                "Parent Relationship": "Outer",
                "Parallel Aware": true,
                "Join Type": "Inner",
                "Startup Cost": 140458.3,
                "Total Cost": 428539.11,
                "Plan Rows": 500111,
                "Plan Width": 0,
                "Actual Startup Time": 532.658,
                "Actual Total Time": 762.37,
                "Actual Rows": 199513,
                "Actual Loops": 2,
                "Inner Unique": true,
                "Hash Cond": "(ci.movie_id = t.id)",
                "Plans": [
                  {
                    "Node Type": "Bitmap Heap Scan",
                    "Parent Relationship": "Outer",
                    "Parallel Aware": true,
                    "Relation Name": "cast_info",
                    "Alias": "ci",
                    "Startup Cost": 79170.6,
                    "Total Cost": 363608.44,
                    "Plan Rows": 1387794,
                    "Plan Width": 4,
                    "Actual Startup Time": 249.161,
                    "Actual Total Time": 334.237,
                    "Actual Rows": 519677,
                    "Actual Loops": 2,
                    "Recheck Cond": "(person_id < 356575)",
                    "Rows Removed by Index Recheck": 0,
                    "Filter": "(role_id > 1)",
                    "Rows Removed by Filter": 1338616,
                    "Exact Heap Blocks": 21606,
                    "Lossy Heap Blocks": 0,
                    "Plans": [
                      {
                        "Node Type": "Bitmap Index Scan",
                        "Parent Relationship": "Outer",
                        "Parallel Aware": false,
                        "Index Name": "person_id_cast_info",
                        "Startup Cost": 0.0,
                        "Total Cost": 78580.78,
                        "Plan Rows": 3598429,
                        "Plan Width": 0,
                        "Actual Startup Time": 115.263,
                        "Actual Total Time": 115.263,
                        "Actual Rows": 3716586,
                        "Actual Loops": 1,
                        "Index Cond": "(person_id < 356575)"
                      }
                    ]
                  },
                  {
                    "Node Type": "Hash",
                    "Parent Relationship": "Inner",
                    "Parallel Aware": true,
                    "Startup Cost": 54588.39,
                    "Total Cost": 54588.39,
                    "Plan Rows": 535945,
                    "Plan Width": 4,
                    "Actual Startup Time": 274.756,
                    "Actual Total Time": 274.757,
                    "Actual Rows": 452246,
                    "Actual Loops": 2,
                    "Hash Buckets": 1048576,
                    "Original Hash Buckets": 1048576,
                    "Hash Batches": 1,
                    "Original Hash Batches": 1,
                    "Peak Memory Usage": 43616,
                    "Plans": [
                      {
                        "Node Type": "Seq Scan",
                        "Parent Relationship": "Outer",
                        "Parallel Aware": true,
                        "Relation Name": "title",
                        "Alias": "t",
                        "Startup Cost": 0.0,
                        "Total Cost": 54588.39,
                        "Plan Rows": 535945,
                        "Plan Width": 4,
                        "Actual Startup Time": 0.035,
                        "Actual Total Time": 156.88,
                        "Actual Rows": 452246,
                        "Actual Loops": 2,
                        "Filter": "(production_year > 2006)",
                        "Rows Removed by Filter": 811910
                      }
                    ]
                  }
                ]
              }
            ]
          }
        ]
      }
    ]
  },
  "Planning Time": 0.62,
  "Triggers": [],
  "Execution Time": 799.243
}