[
    {
        "Bao": {
            "Bao prediction": "NaN",
            "Bao recommended hint": "(no hint)"
        }
    },
    {
        "Plan": {
            "Node Type": "Aggregate",
            "Strategy": "Plain",
            "Partial Mode": "Finalize",
            "Parallel Aware": false,
            "Startup Cost": 169424.04,
            "Total Cost": 169424.05,
            "Plan Rows": 1,
            "Plan Width": 8,
            "Actual Startup Time": 160.517,
            "Actual Total Time": 168.259,
            "Actual Rows": 1,
            "Actual Loops": 1,
            "Output": [
                "count(*)"
            ],
            "Plans": [
                {
                    "Node Type": "Gather",
                    "Parent Relationship": "Outer",
                    "Parallel Aware": false,
                    "Startup Cost": 169423.62,
                    "Total Cost": 169424.03,
                    "Plan Rows": 4,
                    "Plan Width": 8,
                    "Actual Startup Time": 158.206,
                    "Actual Total Time": 168.251,
                    "Actual Rows": 5,
                    "Actual Loops": 1,
                    "Output": [
                        "(PARTIAL count(*))"
                    ],
                    "Workers Planned": 4,
                    "Workers Launched": 4,
                    "Single Copy": false,
                    "Plans": [
                        {
                            "Node Type": "Aggregate",
                            "Strategy": "Plain",
                            "Partial Mode": "Partial",
                            "Parent Relationship": "Outer",
                            "Parallel Aware": false,
                            "Startup Cost": 168423.62,
                            "Total Cost": 168423.63,
                            "Plan Rows": 1,
                            "Plan Width": 8,
                            "Actual Startup Time": 148.25,
                            "Actual Total Time": 148.253,
                            "Actual Rows": 1,
                            "Actual Loops": 5,
                            "Output": [
                                "PARTIAL count(*)"
                            ],
                            "Workers": [
                                {
                                    "Worker Number": 0,
                                    "Actual Startup Time": 145.492,
                                    "Actual Total Time": 145.495,
                                    "Actual Rows": 1,
                                    "Actual Loops": 1
                                },
                                {
                                    "Worker Number": 1,
                                    "Actual Startup Time": 145.789,
                                    "Actual Total Time": 145.792,
                                    "Actual Rows": 1,
                                    "Actual Loops": 1
                                },
                                {
                                    "Worker Number": 2,
                                    "Actual Startup Time": 145.545,
                                    "Actual Total Time": 145.548,
                                    "Actual Rows": 1,
                                    "Actual Loops": 1
                                },
                                {
                                    "Worker Number": 3,
                                    "Actual Startup Time": 146.617,
                                    "Actual Total Time": 146.621,
                                    "Actual Rows": 1,
                                    "Actual Loops": 1
                                }
                            ],
                            "Plans": [
                                {
                                    "Node Type": "Hash Join",
                                    "Parent Relationship": "Outer",
                                    "Parallel Aware": true,
                                    "Join Type": "Inner",
                                    "Startup Cost": 47047.08,
                                    "Total Cost": 168421.54,
                                    "Plan Rows": 834,
                                    "Plan Width": 0,
                                    "Actual Startup Time": 133.849,
                                    "Actual Total Time": 148.028,
                                    "Actual Rows": 2948,
                                    "Actual Loops": 5,
                                    "Inner Unique": true,
                                    "Hash Cond": "(mi.movie_id = t.id)",
                                    "Workers": [
                                        {
                                            "Worker Number": 0,
                                            "Actual Startup Time": 131.236,
                                            "Actual Total Time": 145.295,
                                            "Actual Rows": 2120,
                                            "Actual Loops": 1
                                        },
                                        {
                                            "Worker Number": 1,
                                            "Actual Startup Time": 131.533,
                                            "Actual Total Time": 145.587,
                                            "Actual Rows": 2121,
                                            "Actual Loops": 1
                                        },
                                        {
                                            "Worker Number": 2,
                                            "Actual Startup Time": 130.928,
                                            "Actual Total Time": 145.317,
                                            "Actual Rows": 4537,
                                            "Actual Loops": 1
                                        },
                                        {
                                            "Worker Number": 3,
                                            "Actual Startup Time": 132.298,
                                            "Actual Total Time": 146.405,
                                            "Actual Rows": 2265,
                                            "Actual Loops": 1
                                        }
                                    ],
                                    "Plans": [
                                        {
                                            "Node Type": "Bitmap Heap Scan",
                                            "Parent Relationship": "Outer",
                                            "Parallel Aware": true,
                                            "Relation Name": "movie_info",
                                            "Schema": "public",
                                            "Alias": "mi",
                                            "Startup Cost": 1152.15,
                                            "Total Cost": 122484.97,
                                            "Plan Rows": 15862,
                                            "Plan Width": 4,
                                            "Actual Startup Time": 4.034,
                                            "Actual Total Time": 13.712,
                                            "Actual Rows": 12226,
                                            "Actual Loops": 5,
                                            "Output": [
                                                "mi.id",
                                                "mi.movie_id",
                                                "mi.info_type_id",
                                                "mi.info",
                                                "mi.note"
                                            ],
                                            "Recheck Cond": "(mi.info_type_id = 103)",
                                            "Rows Removed by Index Recheck": 0,
                                            "Exact Heap Blocks": 1335,
                                            "Lossy Heap Blocks": 0,
                                            "Workers": [
                                                {
                                                    "Worker Number": 0,
                                                    "Actual Startup Time": 4.137,
                                                    "Actual Total Time": 13.852,
                                                    "Actual Rows": 10344,
                                                    "Actual Loops": 1
                                                },
                                                {
                                                    "Worker Number": 1,
                                                    "Actual Startup Time": 4.178,
                                                    "Actual Total Time": 13.909,
                                                    "Actual Rows": 9937,
                                                    "Actual Loops": 1
                                                },
                                                {
                                                    "Worker Number": 2,
                                                    "Actual Startup Time": 3.873,
                                                    "Actual Total Time": 14.251,
                                                    "Actual Rows": 15786,
                                                    "Actual Loops": 1
                                                },
                                                {
                                                    "Worker Number": 3,
                                                    "Actual Startup Time": 3.967,
                                                    "Actual Total Time": 13.633,
                                                    "Actual Rows": 9598,
                                                    "Actual Loops": 1
                                                }
                                            ],
                                            "Plans": [
                                                {
                                                    "Node Type": "Bitmap Index Scan",
                                                    "Parent Relationship": "Outer",
                                                    "Parallel Aware": false,
                                                    "Index Name": "info_type_id_movie_info",
                                                    "Startup Cost": 0.0,
                                                    "Total Cost": 1136.29,
                                                    "Plan Rows": 63447,
                                                    "Plan Width": 0,
                                                    "Actual Startup Time": 3.199,
                                                    "Actual Total Time": 3.199,
                                                    "Actual Rows": 61128,
                                                    "Actual Loops": 1,
                                                    "Index Cond": "(mi.info_type_id = 103)",
                                                    "Workers": [
                                                        {
                                                            "Worker Number": 2,
                                                            "Actual Startup Time": 3.199,
                                                            "Actual Total Time": 3.199,
                                                            "Actual Rows": 61128,
                                                            "Actual Loops": 1
                                                        }
                                                    ]
                                                }
                                            ]
                                        },
                                        {
                                            "Node Type": "Hash",
                                            "Parent Relationship": "Inner",
                                            "Parallel Aware": true,
                                            "Startup Cost": 45479.21,
                                            "Total Cost": 45479.21,
                                            "Plan Rows": 33258,
                                            "Plan Width": 4,
                                            "Actual Startup Time": 128.223,
                                            "Actual Total Time": 128.224,
                                            "Actual Rows": 53071,
                                            "Actual Loops": 5,
                                            "Output": [
                                                "t.id"
                                            ],
                                            "Hash Buckets": 524288,
                                            "Original Hash Buckets": 262144,
                                            "Hash Batches": 1,
                                            "Original Hash Batches": 1,
                                            "Peak Memory Usage": 16608,
                                            "Workers": [
                                                {
                                                    "Worker Number": 0,
                                                    "Actual Startup Time": 126.607,
                                                    "Actual Total Time": 126.608,
                                                    "Actual Rows": 47087,
                                                    "Actual Loops": 1
                                                },
                                                {
                                                    "Worker Number": 1,
                                                    "Actual Startup Time": 126.908,
                                                    "Actual Total Time": 126.909,
                                                    "Actual Rows": 46483,
                                                    "Actual Loops": 1
                                                },
                                                {
                                                    "Worker Number": 2,
                                                    "Actual Startup Time": 126.604,
                                                    "Actual Total Time": 126.605,
                                                    "Actual Rows": 63809,
                                                    "Actual Loops": 1
                                                },
                                                {
                                                    "Worker Number": 3,
                                                    "Actual Startup Time": 127.699,
                                                    "Actual Total Time": 127.701,
                                                    "Actual Rows": 47422,
                                                    "Actual Loops": 1
                                                }
                                            ],
                                            "Plans": [
                                                {
                                                    "Node Type": "Seq Scan",
                                                    "Parent Relationship": "Outer",
                                                    "Parallel Aware": true,
                                                    "Relation Name": "title",
                                                    "Schema": "public",
                                                    "Alias": "t",
                                                    "Startup Cost": 0.0,
                                                    "Total Cost": 45479.21,
                                                    "Plan Rows": 33258,
                                                    "Plan Width": 4,
                                                    "Actual Startup Time": 56.88,
                                                    "Actual Total Time": 97.861,
                                                    "Actual Rows": 53071,
                                                    "Actual Loops": 5,
                                                    "Output": [
                                                        "t.id"
                                                    ],
                                                    "Filter": "((t.production_year < 1979) AND (t.kind_id = 1))",
                                                    "Rows Removed by Filter": 452592,
                                                    "Workers": [
                                                        {
                                                            "Worker Number": 0,
                                                            "Actual Startup Time": 55.072,
                                                            "Actual Total Time": 97.258,
                                                            "Actual Rows": 47087,
                                                            "Actual Loops": 1
                                                        },
                                                        {
                                                            "Worker Number": 1,
                                                            "Actual Startup Time": 55.454,
                                                            "Actual Total Time": 97.636,
                                                            "Actual Rows": 46483,
                                                            "Actual Loops": 1
                                                        },
                                                        {
                                                            "Worker Number": 2,
                                                            "Actual Startup Time": 55.571,
                                                            "Actual Total Time": 94.582,
                                                            "Actual Rows": 63809,
                                                            "Actual Loops": 1
                                                        },
                                                        {
                                                            "Worker Number": 3,
                                                            "Actual Startup Time": 56.19,
                                                            "Actual Total Time": 98.887,
                                                            "Actual Rows": 47422,
                                                            "Actual Loops": 1
                                                        }
                                                    ]
                                                }
                                            ]
                                        }
                                    ]
                                }
                            ]
                        }
                    ]
                }
            ]
        },
        "Planning Time": 343.484,
        "Triggers": [],
        "Execution Time": 168.336
    }
]