{
  "Plan": {
    "Node Type": "Aggregate",
    "Strategy": "Plain",
    "Partial Mode": "Finalize",
    "Parallel Aware": false,
    "Startup Cost": 126268.61,
    "Total Cost": 126268.62,
    "Plan Rows": 1,
    "Plan Width": 8,
    "Actual Startup Time": 636.469,
    "Actual Total Time": 653.542,
    "Actual Rows": 1,
    "Actual Loops": 1,
    "Plans": [
      {
        "Node Type": "Gather",
        "Parent Relationship": "Outer",
        "Parallel Aware": false,
        "Startup Cost": 126268.49,
        "Total Cost": 126268.6,
        "Plan Rows": 1,
        "Plan Width": 8,
        "Actual Startup Time": 635.481,
        "Actual Total Time": 653.535,
        "Actual Rows": 2,
        "Actual Loops": 1,
        "Workers Planned": 1,
        "Workers Launched": 1,
        "Single Copy": false,
        "Plans": [
          {
            "Node Type": "Aggregate",
            "Strategy": "Plain",
            "Partial Mode": "Partial",
            "Parent Relationship": "Outer",
            "Parallel Aware": false,
            "Startup Cost": 125268.49,
            "Total Cost": 125268.5,
            "Plan Rows": 1,
            "Plan Width": 8,
            "Actual Startup Time": 629.517,
            "Actual Total Time": 629.521,
            "Actual Rows": 1,
            "Actual Loops": 2,
            "Plans": [
              {
                "Node Type": "Hash Join",
                "Parent Relationship": "Outer",
                "Parallel Aware": true,
                "Join Type": "Inner",
                "Startup Cost": 60737.74,
                "Total Cost": 124513.95,
                "Plan Rows": 301818,
                "Plan Width": 0,
                "Actual Startup Time": 203.471,
                "Actual Total Time": 598.567,
                "Actual Rows": 805742,
                "Actual Loops": 2,
                "Inner Unique": true,
                "Hash Cond": "(mk.movie_id = t.id)",
                "Plans": [
                  {
                    "Node Type": "Seq Scan",
                    "Parent Relationship": "Outer",
                    "Parallel Aware": true,
                    "Relation Name": "movie_keyword",
                    "Alias": "mk",
                    "Startup Cost": 0.0,
                    "Total Cost": 57718.19,
                    "Plan Rows": 2307811,
                    "Plan Width": 4,
                    "Actual Startup Time": 0.037,
                    "Actual Total Time": 196.077,
                    "Actual Rows": 1955896,
                    "Actual Loops": 2,
                    "Filter": "(keyword_id > 460)",
                    "Rows Removed by Filter": 306069
                  },
                  {
                    "Node Type": "Hash",
                    "Parent Relationship": "Inner",
                    "Parallel Aware": true,
                    "Startup Cost": 58306.47,
                    "Total Cost": 58306.47,
                    "Plan Rows": 194502,
                    "Plan Width": 4,
                    "Actual Startup Time": 198.151,
                    "Actual Total Time": 198.152,
                    "Actual Rows": 222597,
                    "Actual Loops": 2,
                    "Hash Buckets": 524288,
                    "Original Hash Buckets": 524288,
                    "Hash Batches": 1,
                    "Original Hash Batches": 1,
                    "Peak Memory Usage": 21536,
                    "Plans": [
                      {
                        "Node Type": "Seq Scan",
                        "Parent Relationship": "Outer",
                        "Parallel Aware": true,
                        "Relation Name": "title",
                        "Alias": "t",
                        "Startup Cost": 0.0,
                        "Total Cost": 58306.47,
                        "Plan Rows": 194502,
                        "Plan Width": 4,
                        "Actual Startup Time": 0.04,
                        "Actual Total Time": 148.74,
                        "Actual Rows": 222597,
                        "Actual Loops": 2,
                        "Filter": "((kind_id < 7) AND (production_year < 1996))",
                        "Rows Removed by Filter": 1041559
                      }
                    ]
                  }
                ]
              }
            ]
          }
        ]
      }
    ]
  },
  "Planning Time": 0.49,
  "Triggers": [],
  "Execution Time": 653.614
}