{
  "Plan": {
    "Node Type": "Aggregate",
    "Strategy": "Plain",
    "Partial Mode": "Finalize",
    "Parallel Aware": false,
    "Startup Cost": 81503.52,
    "Total Cost": 81503.53,
    "Plan Rows": 1,
    "Plan Width": 8,
    "Actual Startup Time": 189.429,
    "Actual Total Time": 202.745,
    "Actual Rows": 1,
    "Actual Loops": 1,
    "Plans": [
      {
        "Node Type": "Gather",
        "Parent Relationship": "Outer",
        "Parallel Aware": false,
        "Startup Cost": 81503.41,
        "Total Cost": 81503.52,
        "Plan Rows": 1,
        "Plan Width": 8,
        "Actual Startup Time": 189.165,
        "Actual Total Time": 202.739,
        "Actual Rows": 2,
        "Actual Loops": 1,
        "Workers Planned": 1,
        "Workers Launched": 1,
        "Single Copy": false,
        "Plans": [
          {
            "Node Type": "Aggregate",
            "Strategy": "Plain",
            "Partial Mode": "Partial",
            "Parent Relationship": "Outer",
            "Parallel Aware": false,
            "Startup Cost": 80503.41,
            "Total Cost": 80503.42,
            "Plan Rows": 1,
            "Plan Width": 8,
            "Actual Startup Time": 182.528,
            "Actual Total Time": 182.531,
            "Actual Rows": 1,
            "Actual Loops": 2,
            "Plans": [
              {
                "Node Type": "Nested Loop",
                "Parent Relationship": "Outer",
                "Parallel Aware": false,
                "Join Type": "Inner",
                "Startup Cost": 59849.08,
                "Total Cost": 80502.54,
                "Plan Rows": 345,
                "Plan Width": 0,
                "Actual Startup Time": 167.607,
                "Actual Total Time": 182.499,
                "Actual Rows": 488,
                "Actual Loops": 2,
                "Inner Unique": false,
                "Join Filter": "(t.id = mk.movie_id)",
                "Rows Removed by Join Filter": 0,
                "Plans": [
                  {
                    "Node Type": "Hash Join",
                    "Parent Relationship": "Outer",
                    "Parallel Aware": true,
                    "Join Type": "Inner",
                    "Startup Cost": 59848.64,
                    "Total Cost": 79236.26,
                    "Plan Rows": 193,
                    "Plan Width": 8,
                    "Actual Startup Time": 167.487,
                    "Actual Total Time": 181.134,
                    "Actual Rows": 254,
                    "Actual Loops": 2,
                    "Inner Unique": true,
                    "Hash Cond": "(mc.movie_id = t.id)",
                    "Plans": [
                      {
                        "Node Type": "Bitmap Heap Scan",
                        "Parent Relationship": "Outer",
                        "Parallel Aware": true,
                        "Relation Name": "movie_companies",
                        "Alias": "mc",
                        "Startup Cost": 1343.79,
                        "Total Cost": 20684.01,
                        "Plan Rows": 18057,
                        "Plan Width": 4,
                        "Actual Startup Time": 3.433,
                        "Actual Total Time": 13.527,
                        "Actual Rows": 27748,
                        "Actual Loops": 2,
                        "Recheck Cond": "(company_id = 6)",
                        "Rows Removed by Index Recheck": 0,
                        "Filter": "(company_type_id < 2)",
                        "Rows Removed by Filter": 3289,
                        "Exact Heap Blocks": 3762,
                        "Lossy Heap Blocks": 0,
                        "Plans": [
                          {
                            "Node Type": "Bitmap Index Scan",
                            "Parent Relationship": "Outer",
                            "Parallel Aware": false,
                            "Index Name": "company_id_movie_companies",
                            "Startup Cost": 0.0,
                            "Total Cost": 1336.12,
                            "Plan Rows": 62358,
                            "Plan Width": 0,
                            "Actual Startup Time": 2.726,
                            "Actual Total Time": 2.727,
                            "Actual Rows": 62075,
                            "Actual Loops": 1,
                            "Index Cond": "(company_id = 6)"
                          }
                        ]
                      },
                      {
                        "Node Type": "Hash",
                        "Parent Relationship": "Inner",
                        "Parallel Aware": true,
                        "Startup Cost": 58306.47,
                        "Total Cost": 58306.47,
                        "Plan Rows": 15871,
                        "Plan Width": 4,
                        "Actual Startup Time": 162.481,
                        "Actual Total Time": 162.481,
                        "Actual Rows": 15324,
                        "Actual Loops": 2,
                        "Hash Buckets": 32768,
                        "Original Hash Buckets": 32768,
                        "Hash Batches": 1,
                        "Original Hash Batches": 1,
                        "Peak Memory Usage": 1504,
                        "Plans": [
                          {
                            "Node Type": "Seq Scan",
                            "Parent Relationship": "Outer",
                            "Parallel Aware": true,
                            "Relation Name": "title",
                            "Alias": "t",
                            "Startup Cost": 0.0,
                            "Total Cost": 58306.47,
                            "Plan Rows": 15871,
                            "Plan Width": 4,
                            "Actual Startup Time": 0.102,
                            "Actual Total Time": 157.167,
                            "Actual Rows": 15324,
                            "Actual Loops": 2,
                            "Filter": "((kind_id > 1) AND (production_year = 1996))",
                            "Rows Removed by Filter": 1248832
                          }
                        ]
                      }
                    ]
                  },
                  {
                    "Node Type": "Index Only Scan",
                    "Parent Relationship": "Inner",
                    "Parallel Aware": false,
                    "Scan Direction": "Forward",
                    "Index Name": "movie_id_movie_keyword",
                    "Relation Name": "movie_keyword",
                    "Alias": "mk",
                    "Startup Cost": 0.43,
                    "Total Cost": 6.0,
                    "Plan Rows": 45,
                    "Plan Width": 4,
                    "Actual Startup Time": 0.005,
                    "Actual Total Time": 0.005,
                    "Actual Rows": 2,
                    "Actual Loops": 507,
                    "Index Cond": "(movie_id = mc.movie_id)",
                    "Rows Removed by Index Recheck": 0,
                    "Heap Fetches": 976
                  }
                ]
              }
            ]
          }
        ]
      }
    ]
  },
  "Planning Time": 0.974,
  "Triggers": [],
  "Execution Time": 202.847
}