[
  {
    "Plan": {
      "Node Type": "Aggregate",
      "Strategy": "Plain",
      "Partial Mode": "Finalize",
      "Parallel Aware": false,
      "Startup Cost": 46841.93,
      "Total Cost": 46841.94,
      "Plan Rows": 1,
      "Plan Width": 8,
      "Actual Startup Time": 105.082,
      "Actual Total Time": 116.933,
      "Actual Rows": 1,
      "Actual Loops": 1,
      "Plans": [
        {
          "Node Type": "Gather",
          "Parent Relationship": "Outer",
          "Parallel Aware": false,
          "Startup Cost": 46841.51,
          "Total Cost": 46841.92,
          "Plan Rows": 4,
          "Plan Width": 8,
          "Actual Startup Time": 104.95,
          "Actual Total Time": 116.925,
          "Actual Rows": 5,
          "Actual Loops": 1,
          "Workers Planned": 4,
          "Workers Launched": 4,
          "Single Copy": false,
          "Plans": [
            {
              "Node Type": "Aggregate",
              "Strategy": "Plain",
              "Partial Mode": "Partial",
              "Parent Relationship": "Outer",
              "Parallel Aware": false,
              "Startup Cost": 45841.51,
              "Total Cost": 45841.52,
              "Plan Rows": 1,
              "Plan Width": 8,
              "Actual Startup Time": 96.773,
              "Actual Total Time": 96.774,
              "Actual Rows": 1,
              "Actual Loops": 5,
              "Plans": [
                {
                  "Node Type": "Seq Scan",
                  "Parent Relationship": "Outer",
                  "Parallel Aware": true,
                  "Relation Name": "title",
                  "Alias": "t",
                  "Startup Cost": 0.0,
                  "Total Cost": 45479.1,
                  "Plan Rows": 144966,
                  "Plan Width": 0,
                  "Actual Startup Time": 0.044,
                  "Actual Total Time": 91.696,
                  "Actual Rows": 91535,
                  "Actual Loops": 5,
                  "Filter": "((kind_id < 3) AND (production_year > 1980))",
                  "Rows Removed by Filter": 414128
                }
              ]
            }
          ]
        }
      ]
    },
    "Planning Time": 0.187,
    "Triggers": [],
    "Execution Time": 116.992
  }
]