[
  {
    "Plan": {
      "Node Type": "Aggregate",
      "Strategy": "Plain",
      "Partial Mode": "Simple",
      "Parallel Aware": false,
      "Startup Cost": 11055.39,
      "Total Cost": 11055.4,
      "Plan Rows": 1,
      "Plan Width": 8,
      "Actual Startup Time": 16.049,
      "Actual Total Time": 16.051,
      "Actual Rows": 1,
      "Actual Loops": 1,
      "Plans": [
        {
          "Node Type": "Bitmap Heap Scan",
          "Parent Relationship": "Outer",
          "Parallel Aware": false,
          "Relation Name": "movie_keyword",
          "Alias": "mk",
          "Startup Cost": 93.15,
          "Total Cost": 11044.84,
          "Plan Rows": 4222,
          "Plan Width": 0,
          "Actual Startup Time": 4.356,
          "Actual Total Time": 15.212,
          "Actual Rows": 4889,
          "Actual Loops": 1,
          "Recheck Cond": "(keyword_id = 1962)",
          "Rows Removed by Index Recheck": 0,
          "Exact Heap Blocks": 3563,
          "Lossy Heap Blocks": 0,
          "Plans": [
            {
              "Node Type": "Bitmap Index Scan",
              "Parent Relationship": "Outer",
              "Parallel Aware": false,
              "Index Name": "keyword_id_movie_keyword",
              "Startup Cost": 0.0,
              "Total Cost": 92.1,
              "Plan Rows": 4222,
              "Plan Width": 0,
              "Actual Startup Time": 2.726,
              "Actual Total Time": 2.726,
              "Actual Rows": 4889,
              "Actual Loops": 1,
              "Index Cond": "(keyword_id = 1962)"
            }
          ]
        }
      ]
    },
    "Planning Time": 0.181,
    "Triggers": [],
    "Execution Time": 16.117
  }
]