[
  {
    "Plan": {
      "Node Type": "Aggregate",
      "Strategy": "Plain",
      "Partial Mode": "Finalize",
      "Parallel Aware": false,
      "Startup Cost": 33312.82,
      "Total Cost": 33312.83,
      "Plan Rows": 1,
      "Plan Width": 8,
      "Actual Startup Time": 94.311,
      "Actual Total Time": 101.978,
      "Actual Rows": 1,
      "Actual Loops": 1,
      "Plans": [
        {
          "Node Type": "Gather",
          "Parent Relationship": "Outer",
          "Parallel Aware": false,
          "Startup Cost": 33312.5,
          "Total Cost": 33312.81,
          "Plan Rows": 3,
          "Plan Width": 8,
          "Actual Startup Time": 94.188,
          "Actual Total Time": 101.971,
          "Actual Rows": 4,
          "Actual Loops": 1,
          "Workers Planned": 3,
          "Workers Launched": 3,
          "Single Copy": false,
          "Plans": [
            {
              "Node Type": "Aggregate",
              "Strategy": "Plain",
              "Partial Mode": "Partial",
              "Parent Relationship": "Outer",
              "Parallel Aware": false,
              "Startup Cost": 32312.5,
              "Total Cost": 32312.51,
              "Plan Rows": 1,
              "Plan Width": 8,
              "Actual Startup Time": 89.533,
              "Actual Total Time": 89.534,
              "Actual Rows": 1,
              "Actual Loops": 4,
              "Plans": [
                {
                  "Node Type": "Seq Scan",
                  "Parent Relationship": "Outer",
                  "Parallel Aware": true,
                  "Relation Name": "movie_companies",
                  "Alias": "mc",
                  "Startup Cost": 0.0,
                  "Total Cost": 31414.82,
                  "Plan Rows": 359073,
                  "Plan Width": 0,
                  "Actual Startup Time": 42.998,
                  "Actual Total Time": 77.928,
                  "Actual Rows": 309416,
                  "Actual Loops": 4,
                  "Filter": "((company_id > 285) AND (company_type_id = 2))",
                  "Rows Removed by Filter": 342866
                }
              ]
            }
          ]
        }
      ]
    },
    "Planning Time": 0.155,
    "Triggers": [],
    "Execution Time": 102.021
  }
]