[
  {
    "Plan": {
      "Node Type": "Aggregate",
      "Strategy": "Plain",
      "Partial Mode": "Finalize",
      "Parallel Aware": false,
      "Startup Cost": 46963.03,
      "Total Cost": 46963.04,
      "Plan Rows": 1,
      "Plan Width": 8,
      "Actual Startup Time": 106.222,
      "Actual Total Time": 119.467,
      "Actual Rows": 1,
      "Actual Loops": 1,
      "Plans": [
        {
          "Node Type": "Gather",
          "Parent Relationship": "Outer",
          "Parallel Aware": false,
          "Startup Cost": 46962.61,
          "Total Cost": 46963.02,
          "Plan Rows": 4,
          "Plan Width": 8,
          "Actual Startup Time": 105.975,
          "Actual Total Time": 119.458,
          "Actual Rows": 5,
          "Actual Loops": 1,
          "Workers Planned": 4,
          "Workers Launched": 4,
          "Single Copy": false,
          "Plans": [
            {
              "Node Type": "Aggregate",
              "Strategy": "Plain",
              "Partial Mode": "Partial",
              "Parent Relationship": "Outer",
              "Parallel Aware": false,
              "Startup Cost": 45962.61,
              "Total Cost": 45962.62,
              "Plan Rows": 1,
              "Plan Width": 8,
              "Actual Startup Time": 98.762,
              "Actual Total Time": 98.763,
              "Actual Rows": 1,
              "Actual Loops": 5,
              "Plans": [
                {
                  "Node Type": "Seq Scan",
                  "Parent Relationship": "Outer",
                  "Parallel Aware": true,
                  "Relation Name": "title",
                  "Alias": "t",
                  "Startup Cost": 0.0,
                  "Total Cost": 45479.1,
                  "Plan Rows": 193404,
                  "Plan Width": 0,
                  "Actual Startup Time": 0.035,
                  "Actual Total Time": 89.122,
                  "Actual Rows": 168002,
                  "Actual Loops": 5,
                  "Filter": "((production_year > 2002) AND (kind_id = 7))",
                  "Rows Removed by Filter": 337660
                }
              ]
            }
          ]
        }
      ]
    },
    "Planning Time": 0.122,
    "Triggers": [],
    "Execution Time": 119.509
  }
]