[
  {
    "Plan": {
      "Node Type": "Aggregate",
      "Strategy": "Plain",
      "Partial Mode": "Finalize",
      "Parallel Aware": false,
      "Startup Cost": 44522.55,
      "Total Cost": 44522.56,
      "Plan Rows": 1,
      "Plan Width": 8,
      "Actual Startup Time": 140.191,
      "Actual Total Time": 151.737,
      "Actual Rows": 1,
      "Actual Loops": 1,
      "Plans": [
        {
          "Node Type": "Gather",
          "Parent Relationship": "Outer",
          "Parallel Aware": false,
          "Startup Cost": 44522.24,
          "Total Cost": 44522.55,
          "Plan Rows": 3,
          "Plan Width": 8,
          "Actual Startup Time": 140.082,
          "Actual Total Time": 151.728,
          "Actual Rows": 4,
          "Actual Loops": 1,
          "Workers Planned": 3,
          "Workers Launched": 3,
          "Single Copy": false,
          "Plans": [
            {
              "Node Type": "Aggregate",
              "Strategy": "Plain",
              "Partial Mode": "Partial",
              "Parent Relationship": "Outer",
              "Parallel Aware": false,
              "Startup Cost": 43522.24,
              "Total Cost": 43522.25,
              "Plan Rows": 1,
              "Plan Width": 8,
              "Actual Startup Time": 133.538,
              "Actual Total Time": 133.539,
              "Actual Rows": 1,
              "Actual Loops": 4,
              "Plans": [
                {
                  "Node Type": "Seq Scan",
                  "Parent Relationship": "Outer",
                  "Parallel Aware": true,
                  "Relation Name": "movie_keyword",
                  "Alias": "mk",
                  "Startup Cost": 0.0,
                  "Total Cost": 42695.65,
                  "Plan Rows": 330633,
                  "Plan Width": 0,
                  "Actual Startup Time": 3.563,
                  "Actual Total Time": 119.206,
                  "Actual Rows": 255064,
                  "Actual Loops": 4,
                  "Filter": "(keyword_id > 17640)",
                  "Rows Removed by Filter": 875918
                }
              ]
            }
          ]
        }
      ]
    },
    "Planning Time": 0.187,
    "Triggers": [],
    "Execution Time": 151.792
  }
]