[
    {
        "Bao": {
            "Bao prediction": "NaN",
            "Bao recommended hint": "(no hint)"
        }
    },
    {
        "Plan": {
            "Node Type": "Aggregate",
            "Strategy": "Plain",
            "Partial Mode": "Finalize",
            "Parallel Aware": false,
            "Startup Cost": 313680.25,
            "Total Cost": 313680.26,
            "Plan Rows": 1,
            "Plan Width": 8,
            "Actual Startup Time": 201.887,
            "Actual Total Time": 209.152,
            "Actual Rows": 1,
            "Actual Loops": 1,
            "Output": [
                "count(*)"
            ],
            "Plans": [
                {
                    "Node Type": "Gather",
                    "Parent Relationship": "Outer",
                    "Parallel Aware": false,
                    "Startup Cost": 313679.63,
                    "Total Cost": 313680.24,
                    "Plan Rows": 6,
                    "Plan Width": 8,
                    "Actual Startup Time": 201.384,
                    "Actual Total Time": 209.145,
                    "Actual Rows": 7,
                    "Actual Loops": 1,
                    "Output": [
                        "(PARTIAL count(*))"
                    ],
                    "Workers Planned": 6,
                    "Workers Launched": 6,
                    "Single Copy": false,
                    "Plans": [
                        {
                            "Node Type": "Aggregate",
                            "Strategy": "Plain",
                            "Partial Mode": "Partial",
                            "Parent Relationship": "Outer",
                            "Parallel Aware": false,
                            "Startup Cost": 312679.63,
                            "Total Cost": 312679.64,
                            "Plan Rows": 1,
                            "Plan Width": 8,
                            "Actual Startup Time": 191.12,
                            "Actual Total Time": 191.122,
                            "Actual Rows": 1,
                            "Actual Loops": 7,
                            "Output": [
                                "PARTIAL count(*)"
                            ],
                            "Workers": [
                                {
                                    "Worker Number": 0,
                                    "Actual Startup Time": 188.639,
                                    "Actual Total Time": 188.64,
                                    "Actual Rows": 1,
                                    "Actual Loops": 1
                                },
                                {
                                    "Worker Number": 1,
                                    "Actual Startup Time": 188.848,
                                    "Actual Total Time": 188.849,
                                    "Actual Rows": 1,
                                    "Actual Loops": 1
                                },
                                {
                                    "Worker Number": 2,
                                    "Actual Startup Time": 189.316,
                                    "Actual Total Time": 189.317,
                                    "Actual Rows": 1,
                                    "Actual Loops": 1
                                },
                                {
                                    "Worker Number": 3,
                                    "Actual Startup Time": 189.872,
                                    "Actual Total Time": 189.874,
                                    "Actual Rows": 1,
                                    "Actual Loops": 1
                                },
                                {
                                    "Worker Number": 4,
                                    "Actual Startup Time": 189.907,
                                    "Actual Total Time": 189.908,
                                    "Actual Rows": 1,
                                    "Actual Loops": 1
                                },
                                {
                                    "Worker Number": 5,
                                    "Actual Startup Time": 190.201,
                                    "Actual Total Time": 190.202,
                                    "Actual Rows": 1,
                                    "Actual Loops": 1
                                }
                            ],
                            "Plans": [
                                {
                                    "Node Type": "Bitmap Heap Scan",
                                    "Parent Relationship": "Outer",
                                    "Parallel Aware": true,
                                    "Relation Name": "cast_info",
                                    "Schema": "public",
                                    "Alias": "ci",
                                    "Startup Cost": 53890.18,
                                    "Total Cost": 311662.55,
                                    "Plan Rows": 406830,
                                    "Plan Width": 0,
                                    "Actual Startup Time": 76.204,
                                    "Actual Total Time": 168.72,
                                    "Actual Rows": 349056,
                                    "Actual Loops": 7,
                                    "Recheck Cond": "(ci.person_id < 237492)",
                                    "Rows Removed by Index Recheck": 0,
                                    "Exact Heap Blocks": 6938,
                                    "Lossy Heap Blocks": 0,
                                    "Workers": [
                                        {
                                            "Worker Number": 0,
                                            "Actual Startup Time": 73.68,
                                            "Actual Total Time": 166.553,
                                            "Actual Rows": 279112,
                                            "Actual Loops": 1
                                        },
                                        {
                                            "Worker Number": 1,
                                            "Actual Startup Time": 73.97,
                                            "Actual Total Time": 167.595,
                                            "Actual Rows": 382833,
                                            "Actual Loops": 1
                                        },
                                        {
                                            "Worker Number": 2,
                                            "Actual Startup Time": 74.626,
                                            "Actual Total Time": 167.2,
                                            "Actual Rows": 280798,
                                            "Actual Loops": 1
                                        },
                                        {
                                            "Worker Number": 3,
                                            "Actual Startup Time": 75.002,
                                            "Actual Total Time": 168.042,
                                            "Actual Rows": 271893,
                                            "Actual Loops": 1
                                        },
                                        {
                                            "Worker Number": 4,
                                            "Actual Startup Time": 74.99,
                                            "Actual Total Time": 167.993,
                                            "Actual Rows": 276389,
                                            "Actual Loops": 1
                                        },
                                        {
                                            "Worker Number": 5,
                                            "Actual Startup Time": 75.391,
                                            "Actual Total Time": 168.027,
                                            "Actual Rows": 281201,
                                            "Actual Loops": 1
                                        }
                                    ],
                                    "Plans": [
                                        {
                                            "Node Type": "Bitmap Index Scan",
                                            "Parent Relationship": "Outer",
                                            "Parallel Aware": false,
                                            "Index Name": "person_id_cast_info",
                                            "Startup Cost": 0.0,
                                            "Total Cost": 53279.93,
                                            "Plan Rows": 2440982,
                                            "Plan Width": 0,
                                            "Actual Startup Time": 82.057,
                                            "Actual Total Time": 82.057,
                                            "Actual Rows": 2443392,
                                            "Actual Loops": 1,
                                            "Index Cond": "(ci.person_id < 237492)"
                                        }
                                    ]
                                }
                            ]
                        }
                    ]
                }
            ]
        },
        "Planning Time": 227.531,
        "Triggers": [],
        "Execution Time": 209.204
    }
]