[
  {
    "Plan": {
      "Node Type": "Aggregate",
      "Strategy": "Plain",
      "Partial Mode": "Finalize",
      "Parallel Aware": false,
      "Startup Cost": 387816.12,
      "Total Cost": 387816.13,
      "Plan Rows": 1,
      "Plan Width": 8,
      "Actual Startup Time": 1641.764,
      "Actual Total Time": 1700.553,
      "Actual Rows": 1,
      "Actual Loops": 1,
      "Plans": [
        {
          "Node Type": "Gather",
          "Parent Relationship": "Outer",
          "Parallel Aware": false,
          "Startup Cost": 387815.5,
          "Total Cost": 387816.11,
          "Plan Rows": 6,
          "Plan Width": 8,
          "Actual Startup Time": 1628.94,
          "Actual Total Time": 1700.537,
          "Actual Rows": 7,
          "Actual Loops": 1,
          "Workers Planned": 6,
          "Workers Launched": 6,
          "Single Copy": false,
          "Plans": [
            {
              "Node Type": "Aggregate",
              "Strategy": "Plain",
              "Partial Mode": "Partial",
              "Parent Relationship": "Outer",
              "Parallel Aware": false,
              "Startup Cost": 386815.5,
              "Total Cost": 386815.51,
              "Plan Rows": 1,
              "Plan Width": 8,
              "Actual Startup Time": 1617.493,
              "Actual Total Time": 1617.497,
              "Actual Rows": 1,
              "Actual Loops": 7,
              "Plans": [
                {
                  "Node Type": "Hash Join",
                  "Parent Relationship": "Outer",
                  "Parallel Aware": true,
                  "Join Type": "Inner",
                  "Startup Cost": 48235.85,
                  "Total Cost": 383256.37,
                  "Plan Rows": 1423653,
                  "Plan Width": 0,
                  "Actual Startup Time": 409.581,
                  "Actual Total Time": 1550.733,
                  "Actual Rows": 1401255,
                  "Actual Loops": 7,
                  "Inner Unique": true,
                  "Hash Cond": "(ci.movie_id = t.id)",
                  "Plans": [
                    {
                      "Node Type": "Seq Scan",
                      "Parent Relationship": "Outer",
                      "Parallel Aware": true,
                      "Relation Name": "cast_info",
                      "Alias": "ci",
                      "Startup Cost": 0.0,
                      "Total Cost": 328211.39,
                      "Plan Rows": 2593949,
                      "Plan Width": 4,
                      "Actual Startup Time": 225.069,
                      "Actual Total Time": 588.964,
                      "Actual Rows": 2180993,
                      "Actual Loops": 7,
                      "Filter": "(person_id > 2115467)",
                      "Rows Removed by Filter": 2996770
                    },
                    {
                      "Node Type": "Hash",
                      "Parent Relationship": "Inner",
                      "Parallel Aware": true,
                      "Startup Cost": 43899.32,
                      "Total Cost": 43899.32,
                      "Plan Rows": 346922,
                      "Plan Width": 4,
                      "Actual Startup Time": 181.029,
                      "Actual Total Time": 181.03,
                      "Actual Rows": 197350,
                      "Actual Loops": 7,
                      "Hash Buckets": 2097152,
                      "Original Hash Buckets": 2097152,
                      "Hash Batches": 1,
                      "Original Hash Batches": 1,
                      "Peak Memory Usage": 70528,
                      "Plans": [
                        {
                          "Node Type": "Seq Scan",
                          "Parent Relationship": "Outer",
                          "Parallel Aware": true,
                          "Relation Name": "title",
                          "Alias": "t",
                          "Startup Cost": 0.0,
                          "Total Cost": 43899.32,
                          "Plan Rows": 346922,
                          "Plan Width": 4,
                          "Actual Startup Time": 0.05,
                          "Actual Total Time": 81.595,
                          "Actual Rows": 197350,
                          "Actual Loops": 7,
                          "Filter": "(production_year > 2000)",
                          "Rows Removed by Filter": 163837
                        }
                      ]
                    }
                  ]
                }
              ]
            }
          ]
        }
      ]
    },
    "Planning Time": 0.3,
    "Triggers": [],
    "Execution Time": 1700.625
  }
]