[
  {
    "Plan": {
      "Node Type": "Aggregate",
      "Strategy": "Plain",
      "Partial Mode": "Finalize",
      "Parallel Aware": false,
      "Startup Cost": 387594.72,
      "Total Cost": 387594.73,
      "Plan Rows": 1,
      "Plan Width": 8,
      "Actual Startup Time": 1586.288,
      "Actual Total Time": 1650.517,
      "Actual Rows": 1,
      "Actual Loops": 1,
      "Plans": [
        {
          "Node Type": "Gather",
          "Parent Relationship": "Outer",
          "Parallel Aware": false,
          "Startup Cost": 387594.1,
          "Total Cost": 387594.71,
          "Plan Rows": 6,
          "Plan Width": 8,
          "Actual Startup Time": 1574.566,
          "Actual Total Time": 1650.503,
          "Actual Rows": 7,
          "Actual Loops": 1,
          "Workers Planned": 6,
          "Workers Launched": 6,
          "Single Copy": false,
          "Plans": [
            {
              "Node Type": "Aggregate",
              "Strategy": "Plain",
              "Partial Mode": "Partial",
              "Parent Relationship": "Outer",
              "Parallel Aware": false,
              "Startup Cost": 386594.1,
              "Total Cost": 386594.11,
              "Plan Rows": 1,
              "Plan Width": 8,
              "Actual Startup Time": 1560.091,
              "Actual Total Time": 1560.093,
              "Actual Rows": 1,
              "Actual Loops": 7,
              "Plans": [
                {
                  "Node Type": "Hash Join",
                  "Parent Relationship": "Outer",
                  "Parallel Aware": true,
                  "Join Type": "Inner",
                  "Startup Cost": 48234.38,
                  "Total Cost": 383093.96,
                  "Plan Rows": 1400053,
                  "Plan Width": 0,
                  "Actual Startup Time": 403.23,
                  "Actual Total Time": 1496.888,
                  "Actual Rows": 1401255,
                  "Actual Loops": 7,
                  "Inner Unique": true,
                  "Hash Cond": "(ci.movie_id = t.id)",
                  "Plans": [
                    {
                      "Node Type": "Seq Scan",
                      "Parent Relationship": "Outer",
                      "Parallel Aware": true,
                      "Relation Name": "cast_info",
                      "Alias": "ci",
                      "Startup Cost": 0.0,
                      "Total Cost": 328162.03,
                      "Plan Rows": 2551447,
                      "Plan Width": 4,
                      "Actual Startup Time": 219.371,
                      "Actual Total Time": 585.797,
                      "Actual Rows": 2180993,
                      "Actual Loops": 7,
                      "Filter": "(person_id > 2115467)",
                      "Rows Removed by Filter": 2996770
                    },
                    {
                      "Node Type": "Hash",
                      "Parent Relationship": "Inner",
                      "Parallel Aware": true,
                      "Startup Cost": 43898.92,
                      "Total Cost": 43898.92,
                      "Plan Rows": 346837,
                      "Plan Width": 4,
                      "Actual Startup Time": 178.925,
                      "Actual Total Time": 178.926,
                      "Actual Rows": 197350,
                      "Actual Loops": 7,
                      "Hash Buckets": 2097152,
                      "Original Hash Buckets": 2097152,
                      "Hash Batches": 1,
                      "Original Hash Batches": 1,
                      "Peak Memory Usage": 70496,
                      "Plans": [
                        {
                          "Node Type": "Seq Scan",
                          "Parent Relationship": "Outer",
                          "Parallel Aware": true,
                          "Relation Name": "title",
                          "Alias": "t",
                          "Startup Cost": 0.0,
                          "Total Cost": 43898.92,
                          "Plan Rows": 346837,
                          "Plan Width": 4,
                          "Actual Startup Time": 0.04,
                          "Actual Total Time": 82.25,
                          "Actual Rows": 197350,
                          "Actual Loops": 7,
                          "Filter": "(production_year > 2000)",
                          "Rows Removed by Filter": 163837
                        }
                      ]
                    }
                  ]
                }
              ]
            }
          ]
        }
      ]
    },
    "Planning Time": 0.613,
    "Triggers": [],
    "Execution Time": 1650.608
  }
]