{
  "Plan": {
    "Node Type": "Aggregate",
    "Strategy": "Plain",
    "Partial Mode": "Finalize",
    "Parallel Aware": false,
    "Startup Cost": 1526159.36,
    "Total Cost": 1526159.37,
    "Plan Rows": 1,
    "Plan Width": 8,
    "Actual Startup Time": 3783.302,
    "Actual Total Time": 3834.446,
    "Actual Rows": 1,
    "Actual Loops": 1,
    "Plans": [
      {
        "Node Type": "Gather",
        "Parent Relationship": "Outer",
        "Parallel Aware": false,
        "Startup Cost": 1526159.25,
        "Total Cost": 1526159.36,
        "Plan Rows": 1,
        "Plan Width": 8,
        "Actual Startup Time": 3772.368,
        "Actual Total Time": 3834.437,
        "Actual Rows": 2,
        "Actual Loops": 1,
        "Workers Planned": 1,
        "Workers Launched": 1,
        "Single Copy": false,
        "Plans": [
          {
            "Node Type": "Aggregate",
            "Strategy": "Plain",
            "Partial Mode": "Partial",
            "Parent Relationship": "Outer",
            "Parallel Aware": false,
            "Startup Cost": 1525159.25,
            "Total Cost": 1525159.26,
            "Plan Rows": 1,
            "Plan Width": 8,
            "Actual Startup Time": 3771.575,
            "Actual Total Time": 3771.578,
            "Actual Rows": 1,
            "Actual Loops": 2,
            "Plans": [
              {
                "Node Type": "Merge Join",
                "Parent Relationship": "Outer",
                "Parallel Aware": false,
                "Join Type": "Inner",
                "Startup Cost": 22.4,
                "Total Cost": 1504246.52,
                "Plan Rows": 8365090,
                "Plan Width": 0,
                "Actual Startup Time": 12.411,
                "Actual Total Time": 3642.571,
                "Actual Rows": 3173286,
                "Actual Loops": 2,
                "Inner Unique": false,
                "Merge Cond": "(mi.movie_id = t.id)",
                "Plans": [
                  {
                    "Node Type": "Index Only Scan",
                    "Parent Relationship": "Outer",
                    "Parallel Aware": true,
                    "Scan Direction": "Forward",
                    "Index Name": "movie_id_movie_info",
                    "Relation Name": "movie_info",
                    "Alias": "mi",
                    "Startup Cost": 0.43,
                    "Total Cost": 1018223.42,
                    "Plan Rows": 8696274,
                    "Plan Width": 4,
                    "Actual Startup Time": 0.106,
                    "Actual Total Time": 726.477,
                    "Actual Rows": 2365869,
                    "Actual Loops": 2,
                    "Heap Fetches": 4731738
                  },
                  {
                    "Node Type": "Materialize",
                    "Parent Relationship": "Inner",
                    "Parallel Aware": false,
                    "Startup Cost": 14.72,
                    "Total Cost": 345150.8,
                    "Plan Rows": 2432007,
                    "Plan Width": 8,
                    "Actual Startup Time": 0.97,
                    "Actual Total Time": 2489.191,
                    "Actual Rows": 3478110,
                    "Actual Loops": 2,
                    "Plans": [
                      {
                        "Node Type": "Merge Join",
                        "Parent Relationship": "Outer",
                        "Parallel Aware": false,
                        "Join Type": "Inner",
                        "Startup Cost": 14.72,
                        "Total Cost": 339070.78,
                        "Plan Rows": 2432007,
                        "Plan Width": 8,
                        "Actual Startup Time": 0.96,
                        "Actual Total Time": 2302.188,
                        "Actual Rows": 609659,
                        "Actual Loops": 2,
                        "Inner Unique": true,
                        "Merge Cond": "(mk.movie_id = t.id)",
                        "Plans": [
                          {
                            "Node Type": "Index Only Scan",
                            "Parent Relationship": "Outer",
                            "Parallel Aware": false,
                            "Scan Direction": "Forward",
                            "Index Name": "movie_id_movie_keyword",
                            "Relation Name": "movie_keyword",
                            "Alias": "mk",
                            "Startup Cost": 0.43,
                            "Total Cost": 177188.06,
                            "Plan Rows": 4523930,
                            "Plan Width": 4,
                            "Actual Startup Time": 0.137,
                            "Actual Total Time": 746.426,
                            "Actual Rows": 4523930,
                            "Actual Loops": 2,
                            "Heap Fetches": 9047860
                          },
                          {
                            "Node Type": "Index Scan",
                            "Parent Relationship": "Inner",
                            "Parallel Aware": false,
                            "Scan Direction": "Forward",
                            "Index Name": "title_pkey",
                            "Relation Name": "title",
                            "Alias": "t",
                            "Startup Cost": 0.43,
                            "Total Cost": 122981.43,
                            "Plan Rows": 1359178,
                            "Plan Width": 4,
                            "Actual Startup Time": 0.125,
                            "Actual Total Time": 1240.374,
                            "Actual Rows": 1438693,
                            "Actual Loops": 2,
                            "Filter": "((production_year > 1958) AND (kind_id = 7))",
                            "Rows Removed by Filter": 1087891
                          }
                        ]
                      }
                    ]
                  }
                ]
              }
            ]
          }
        ]
      }
    ]
  },
  "Planning Time": 1.068,
  "Triggers": [],
  "Execution Time": 3834.554
}