[
  {
    "Plan": {
      "Node Type": "Aggregate",
      "Strategy": "Plain",
      "Partial Mode": "Finalize",
      "Parallel Aware": false,
      "Startup Cost": 90961.99,
      "Total Cost": 90962.0,
      "Plan Rows": 1,
      "Plan Width": 8,
      "Actual Startup Time": 327.205,
      "Actual Total Time": 345.314,
      "Actual Rows": 1,
      "Actual Loops": 1,
      "Plans": [
        {
          "Node Type": "Gather",
          "Parent Relationship": "Outer",
          "Parallel Aware": false,
          "Startup Cost": 90961.67,
          "Total Cost": 90961.98,
          "Plan Rows": 3,
          "Plan Width": 8,
          "Actual Startup Time": 326.235,
          "Actual Total Time": 345.304,
          "Actual Rows": 4,
          "Actual Loops": 1,
          "Workers Planned": 3,
          "Workers Launched": 3,
          "Single Copy": false,
          "Plans": [
            {
              "Node Type": "Aggregate",
              "Strategy": "Plain",
              "Partial Mode": "Partial",
              "Parent Relationship": "Outer",
              "Parallel Aware": false,
              "Startup Cost": 89961.67,
              "Total Cost": 89961.68,
              "Plan Rows": 1,
              "Plan Width": 8,
              "Actual Startup Time": 317.66,
              "Actual Total Time": 317.663,
              "Actual Rows": 1,
              "Actual Loops": 4,
              "Plans": [
                {
                  "Node Type": "Hash Join",
                  "Parent Relationship": "Outer",
                  "Parallel Aware": true,
                  "Join Type": "Inner",
                  "Startup Cost": 44305.13,
                  "Total Cost": 89823.46,
                  "Plan Rows": 55285,
                  "Plan Width": 0,
                  "Actual Startup Time": 153.201,
                  "Actual Total Time": 315.658,
                  "Actual Rows": 36989,
                  "Actual Loops": 4,
                  "Inner Unique": true,
                  "Hash Cond": "(mk.movie_id = t.id)",
                  "Plans": [
                    {
                      "Node Type": "Seq Scan",
                      "Parent Relationship": "Outer",
                      "Parallel Aware": true,
                      "Relation Name": "movie_keyword",
                      "Alias": "mk",
                      "Startup Cost": 0.0,
                      "Total Cost": 42695.65,
                      "Plan Rows": 1075306,
                      "Plan Width": 4,
                      "Actual Startup Time": 0.103,
                      "Actual Total Time": 127.818,
                      "Actual Rows": 830806,
                      "Actual Loops": 4,
                      "Filter": "(keyword_id > 1479)",
                      "Rows Removed by Filter": 300176
                    },
                    {
                      "Node Type": "Hash",
                      "Parent Relationship": "Inner",
                      "Parallel Aware": true,
                      "Startup Cost": 43898.92,
                      "Total Cost": 43898.92,
                      "Plan Rows": 32497,
                      "Plan Width": 4,
                      "Actual Startup Time": 112.509,
                      "Actual Total Time": 112.51,
                      "Actual Rows": 32581,
                      "Actual Loops": 4,
                      "Hash Buckets": 131072,
                      "Original Hash Buckets": 131072,
                      "Hash Batches": 1,
                      "Original Hash Batches": 1,
                      "Peak Memory Usage": 6176,
                      "Plans": [
                        {
                          "Node Type": "Seq Scan",
                          "Parent Relationship": "Outer",
                          "Parallel Aware": true,
                          "Relation Name": "title",
                          "Alias": "t",
                          "Startup Cost": 0.0,
                          "Total Cost": 43898.92,
                          "Plan Rows": 32497,
                          "Plan Width": 4,
                          "Actual Startup Time": 48.966,
                          "Actual Total Time": 101.445,
                          "Actual Rows": 32581,
                          "Actual Loops": 4,
                          "Filter": "(production_year < 1936)",
                          "Rows Removed by Filter": 599497
                        }
                      ]
                    }
                  ]
                }
              ]
            }
          ]
        }
      ]
    },
    "Planning Time": 0.502,
    "Triggers": [],
    "Execution Time": 345.373
  }
]