[
  {
    "Plan": {
      "Node Type": "Aggregate",
      "Strategy": "Plain",
      "Partial Mode": "Finalize",
      "Parallel Aware": false,
      "Startup Cost": 305019.61,
      "Total Cost": 305019.62,
      "Plan Rows": 1,
      "Plan Width": 8,
      "Actual Startup Time": 967.345,
      "Actual Total Time": 1013.945,
      "Actual Rows": 1,
      "Actual Loops": 1,
      "Plans": [
        {
          "Node Type": "Gather",
          "Parent Relationship": "Outer",
          "Parallel Aware": false,
          "Startup Cost": 305019.09,
          "Total Cost": 305019.6,
          "Plan Rows": 5,
          "Plan Width": 8,
          "Actual Startup Time": 952.026,
          "Actual Total Time": 1013.931,
          "Actual Rows": 6,
          "Actual Loops": 1,
          "Workers Planned": 5,
          "Workers Launched": 5,
          "Single Copy": false,
          "Plans": [
            {
              "Node Type": "Aggregate",
              "Strategy": "Plain",
              "Partial Mode": "Partial",
              "Parent Relationship": "Outer",
              "Parallel Aware": false,
              "Startup Cost": 304019.09,
              "Total Cost": 304019.1,
              "Plan Rows": 1,
              "Plan Width": 8,
              "Actual Startup Time": 943.898,
              "Actual Total Time": 944.052,
              "Actual Rows": 1,
              "Actual Loops": 6,
              "Plans": [
                {
                  "Node Type": "Hash Join",
                  "Parent Relationship": "Outer",
                  "Parallel Aware": true,
                  "Join Type": "Inner",
                  "Startup Cost": 96113.63,
                  "Total Cost": 301798.58,
                  "Plan Rows": 888205,
                  "Plan Width": 0,
                  "Actual Startup Time": 324.144,
                  "Actual Total Time": 928.921,
                  "Actual Rows": 343283,
                  "Actual Loops": 6,
                  "Inner Unique": false,
                  "Hash Cond": "(mi.movie_id = t.id)",
                  "Plans": [
                    {
                      "Node Type": "Seq Scan",
                      "Parent Relationship": "Outer",
                      "Parallel Aware": true,
                      "Relation Name": "movie_info",
                      "Alias": "mi",
                      "Startup Cost": 0.0,
                      "Total Cost": 191685.19,
                      "Plan Rows": 2969219,
                      "Plan Width": 4,
                      "Actual Startup Time": 0.032,
                      "Actual Total Time": 311.939,
                      "Actual Rows": 2472620,
                      "Actual Loops": 6
                    },
                    {
                      "Node Type": "Hash",
                      "Parent Relationship": "Inner",
                      "Parallel Aware": true,
                      "Startup Cost": 93063.84,
                      "Total Cost": 93063.84,
                      "Plan Rows": 243983,
                      "Plan Width": 8,
                      "Actual Startup Time": 321.106,
                      "Actual Total Time": 321.257,
                      "Actual Rows": 33968,
                      "Actual Loops": 6,
                      "Hash Buckets": 1048576,
                      "Original Hash Buckets": 1048576,
                      "Hash Batches": 1,
                      "Original Hash Batches": 1,
                      "Peak Memory Usage": 16224,
                      "Plans": [
                        {
                          "Node Type": "Hash Join",
                          "Parent Relationship": "Outer",
                          "Parallel Aware": true,
                          "Join Type": "Inner",
                          "Startup Cost": 48880.01,
                          "Total Cost": 93063.84,
                          "Plan Rows": 243983,
                          "Plan Width": 8,
                          "Actual Startup Time": 193.232,
                          "Actual Total Time": 306.662,
                          "Actual Rows": 33968,
                          "Actual Loops": 6,
                          "Inner Unique": true,
                          "Hash Cond": "(mk.movie_id = t.id)",
                          "Plans": [
                            {
                              "Node Type": "Seq Scan",
                              "Parent Relationship": "Outer",
                              "Parallel Aware": true,
                              "Relation Name": "movie_keyword",
                              "Alias": "mk",
                              "Startup Cost": 0.0,
                              "Total Cost": 42695.65,
                              "Plan Rows": 566925,
                              "Plan Width": 4,
                              "Actual Startup Time": 0.4,
                              "Actual Total Time": 74.352,
                              "Actual Rows": 290662,
                              "Actual Loops": 6,
                              "Filter": "(keyword_id > 8029)",
                              "Rows Removed by Filter": 463326
                            },
                            {
                              "Node Type": "Hash",
                              "Parent Relationship": "Inner",
                              "Parallel Aware": true,
                              "Startup Cost": 45479.59,
                              "Total Cost": 45479.59,
                              "Plan Rows": 272034,
                              "Plan Width": 4,
                              "Actual Startup Time": 190.056,
                              "Actual Total Time": 190.059,
                              "Actual Rows": 196151,
                              "Actual Loops": 6,
                              "Hash Buckets": 2097152,
                              "Original Hash Buckets": 2097152,
                              "Hash Batches": 1,
                              "Original Hash Batches": 1,
                              "Peak Memory Usage": 62496,
                              "Plans": [
                                {
                                  "Node Type": "Seq Scan",
                                  "Parent Relationship": "Outer",
                                  "Parallel Aware": true,
                                  "Relation Name": "title",
                                  "Alias": "t",
                                  "Startup Cost": 0.0,
                                  "Total Cost": 45479.59,
                                  "Plan Rows": 272034,
                                  "Plan Width": 4,
                                  "Actual Startup Time": 0.041,
                                  "Actual Total Time": 91.917,
                                  "Actual Rows": 196151,
                                  "Actual Loops": 6,
                                  "Filter": "((production_year > 1989) AND (kind_id = 7))",
                                  "Rows Removed by Filter": 225234
                                }
                              ]
                            }
                          ]
                        }
                      ]
                    }
                  ]
                }
              ]
            }
          ]
        }
      ]
    },
    "Planning Time": 0.647,
    "Triggers": [],
    "Execution Time": 1014.014
  }
]