{
    "Plan": {
        "Node Type": "Aggregate",
        "Strategy": "Plain",
        "Partial Mode": "Finalize",
        "Parallel Aware": false,
        "Startup Cost": 589485.53,
        "Total Cost": 589485.54,
        "Plan Rows": 1,
        "Plan Width": 8,
        "Actual Startup Time": 2591.725,
        "Actual Total Time": 2675.002,
        "Actual Rows": 1,
        "Actual Loops": 1,
        "Output": [
            "count(*)"
        ],
        "Plans": [
            {
                "Node Type": "Gather",
                "Parent Relationship": "Outer",
                "Parallel Aware": false,
                "Startup Cost": 589485.01,
                "Total Cost": 589485.52,
                "Plan Rows": 5,
                "Plan Width": 8,
                "Actual Startup Time": 2585.22,
                "Actual Total Time": 2674.988,
                "Actual Rows": 6,
                "Actual Loops": 1,
                "Output": [
                    "(PARTIAL count(*))"
                ],
                "Workers Planned": 5,
                "Workers Launched": 5,
                "Single Copy": false,
                "Plans": [
                    {
                        "Node Type": "Aggregate",
                        "Strategy": "Plain",
                        "Partial Mode": "Partial",
                        "Parent Relationship": "Outer",
                        "Parallel Aware": false,
                        "Startup Cost": 588485.01,
                        "Total Cost": 588485.02,
                        "Plan Rows": 1,
                        "Plan Width": 8,
                        "Actual Startup Time": 2570.206,
                        "Actual Total Time": 2570.259,
                        "Actual Rows": 1,
                        "Actual Loops": 6,
                        "Output": [
                            "PARTIAL count(*)"
                        ],
                        "Workers": [
                            {
                                "Worker Number": 0,
                                "Actual Startup Time": 2567.293,
                                "Actual Total Time": 2567.298,
                                "Actual Rows": 1,
                                "Actual Loops": 1
                            },
                            {
                                "Worker Number": 1,
                                "Actual Startup Time": 2567.854,
                                "Actual Total Time": 2567.859,
                                "Actual Rows": 1,
                                "Actual Loops": 1
                            },
                            {
                                "Worker Number": 2,
                                "Actual Startup Time": 2567.278,
                                "Actual Total Time": 2567.283,
                                "Actual Rows": 1,
                                "Actual Loops": 1
                            },
                            {
                                "Worker Number": 3,
                                "Actual Startup Time": 2567.261,
                                "Actual Total Time": 2567.265,
                                "Actual Rows": 1,
                                "Actual Loops": 1
                            },
                            {
                                "Worker Number": 4,
                                "Actual Startup Time": 2567.274,
                                "Actual Total Time": 2567.28,
                                "Actual Rows": 1,
                                "Actual Loops": 1
                            }
                        ],
                        "Plans": [
                            {
                                "Node Type": "Hash Join",
                                "Parent Relationship": "Outer",
                                "Parallel Aware": true,
                                "Join Type": "Inner",
                                "Startup Cost": 380712.79,
                                "Total Cost": 585363.39,
                                "Plan Rows": 1248650,
                                "Plan Width": 0,
                                "Actual Startup Time": 1139.892,
                                "Actual Total Time": 2414.926,
                                "Actual Rows": 3388534,
                                "Actual Loops": 6,
                                "Inner Unique": false,
                                "Hash Cond": "(mi.movie_id = t.id)",
                                "Workers": [
                                    {
                                        "Worker Number": 0,
                                        "Actual Startup Time": 1137.037,
                                        "Actual Total Time": 2408.97,
                                        "Actual Rows": 2825999,
                                        "Actual Loops": 1
                                    },
                                    {
                                        "Worker Number": 1,
                                        "Actual Startup Time": 1136.934,
                                        "Actual Total Time": 2410.511,
                                        "Actual Rows": 3059603,
                                        "Actual Loops": 1
                                    },
                                    {
                                        "Worker Number": 2,
                                        "Actual Startup Time": 1136.993,
                                        "Actual Total Time": 2417.884,
                                        "Actual Rows": 3707789,
                                        "Actual Loops": 1
                                    },
                                    {
                                        "Worker Number": 3,
                                        "Actual Startup Time": 1137.076,
                                        "Actual Total Time": 2419.772,
                                        "Actual Rows": 3662867,
                                        "Actual Loops": 1
                                    },
                                    {
                                        "Worker Number": 4,
                                        "Actual Startup Time": 1137.059,
                                        "Actual Total Time": 2419.308,
                                        "Actual Rows": 3681478,
                                        "Actual Loops": 1
                                    }
                                ],
                                "Plans": [
                                    {
                                        "Node Type": "Seq Scan",
                                        "Parent Relationship": "Outer",
                                        "Parallel Aware": true,
                                        "Relation Name": "movie_info",
                                        "Schema": "public",
                                        "Alias": "mi",
                                        "Startup Cost": 0.0,
                                        "Total Cost": 191503.19,
                                        "Plan Rows": 2951019,
                                        "Plan Width": 4,
                                        "Actual Startup Time": 0.043,
                                        "Actual Total Time": 301.904,
                                        "Actual Rows": 2472620,
                                        "Actual Loops": 6,
                                        "Output": [
                                            "mi.id",
                                            "mi.movie_id",
                                            "mi.info_type_id",
                                            "mi.info",
                                            "mi.note"
                                        ],
                                        "Workers": [
                                            {
                                                "Worker Number": 0,
                                                "Actual Startup Time": 0.042,
                                                "Actual Total Time": 321.831,
                                                "Actual Rows": 2142514,
                                                "Actual Loops": 1
                                            },
                                            {
                                                "Worker Number": 1,
                                                "Actual Startup Time": 0.044,
                                                "Actual Total Time": 321.628,
                                                "Actual Rows": 2220286,
                                                "Actual Loops": 1
                                            },
                                            {
                                                "Worker Number": 2,
                                                "Actual Startup Time": 0.033,
                                                "Actual Total Time": 306.437,
                                                "Actual Rows": 2613836,
                                                "Actual Loops": 1
                                            },
                                            {
                                                "Worker Number": 3,
                                                "Actual Startup Time": 0.05,
                                                "Actual Total Time": 309.331,
                                                "Actual Rows": 2653914,
                                                "Actual Loops": 1
                                            },
                                            {
                                                "Worker Number": 4,
                                                "Actual Startup Time": 0.074,
                                                "Actual Total Time": 308.345,
                                                "Actual Rows": 2645526,
                                                "Actual Loops": 1
                                            }
                                        ]
                                    },
                                    {
                                        "Node Type": "Hash",
                                        "Parent Relationship": "Inner",
                                        "Parallel Aware": true,
                                        "Startup Cost": 378484.06,
                                        "Total Cost": 378484.06,
                                        "Plan Rows": 178299,
                                        "Plan Width": 8,
                                        "Actual Startup Time": 1132.393,
                                        "Actual Total Time": 1132.444,
                                        "Actual Rows": 162792,
                                        "Actual Loops": 6,
                                        "Output": [
                                            "t.id",
                                            "ci.movie_id"
                                        ],
                                        "Hash Buckets": 2097152,
                                        "Original Hash Buckets": 2097152,
                                        "Hash Batches": 1,
                                        "Original Hash Batches": 1,
                                        "Peak Memory Usage": 54656,
                                        "Workers": [
                                            {
                                                "Worker Number": 0,
                                                "Actual Startup Time": 1134.953,
                                                "Actual Total Time": 1134.957,
                                                "Actual Rows": 125756,
                                                "Actual Loops": 1
                                            },
                                            {
                                                "Worker Number": 1,
                                                "Actual Startup Time": 1133.48,
                                                "Actual Total Time": 1133.484,
                                                "Actual Rows": 142160,
                                                "Actual Loops": 1
                                            },
                                            {
                                                "Worker Number": 2,
                                                "Actual Startup Time": 1134.022,
                                                "Actual Total Time": 1134.025,
                                                "Actual Rows": 178441,
                                                "Actual Loops": 1
                                            },
                                            {
                                                "Worker Number": 3,
                                                "Actual Startup Time": 1134.96,
                                                "Actual Total Time": 1134.962,
                                                "Actual Rows": 179133,
                                                "Actual Loops": 1
                                            },
                                            {
                                                "Worker Number": 4,
                                                "Actual Startup Time": 1134.938,
                                                "Actual Total Time": 1134.942,
                                                "Actual Rows": 179745,
                                                "Actual Loops": 1
                                            }
                                        ],
                                        "Plans": [
                                            {
                                                "Node Type": "Hash Join",
                                                "Parent Relationship": "Outer",
                                                "Parallel Aware": true,
                                                "Join Type": "Inner",
                                                "Startup Cost": 46446.18,
                                                "Total Cost": 378484.06,
                                                "Plan Rows": 178299,
                                                "Plan Width": 8,
                                                "Actual Startup Time": 108.093,
                                                "Actual Total Time": 1054.575,
                                                "Actual Rows": 162792,
                                                "Actual Loops": 6,
                                                "Output": [
                                                    "t.id",
                                                    "ci.movie_id"
                                                ],
                                                "Inner Unique": true,
                                                "Hash Cond": "(ci.movie_id = t.id)",
                                                "Workers": [
                                                    {
                                                        "Worker Number": 0,
                                                        "Actual Startup Time": 108.184,
                                                        "Actual Total Time": 1055.346,
                                                        "Actual Rows": 125756,
                                                        "Actual Loops": 1
                                                    },
                                                    {
                                                        "Worker Number": 1,
                                                        "Actual Startup Time": 108.047,
                                                        "Actual Total Time": 1061.161,
                                                        "Actual Rows": 142160,
                                                        "Actual Loops": 1
                                                    },
                                                    {
                                                        "Worker Number": 2,
                                                        "Actual Startup Time": 108.061,
                                                        "Actual Total Time": 1051.731,
                                                        "Actual Rows": 178441,
                                                        "Actual Loops": 1
                                                    },
                                                    {
                                                        "Worker Number": 3,
                                                        "Actual Startup Time": 108.096,
                                                        "Actual Total Time": 1052.472,
                                                        "Actual Rows": 179133,
                                                        "Actual Loops": 1
                                                    },
                                                    {
                                                        "Worker Number": 4,
                                                        "Actual Startup Time": 108.015,
                                                        "Actual Total Time": 1052.239,
                                                        "Actual Rows": 179745,
                                                        "Actual Loops": 1
                                                    }
                                                ],
                                                "Plans": [
                                                    {
                                                        "Node Type": "Seq Scan",
                                                        "Parent Relationship": "Outer",
                                                        "Parallel Aware": true,
                                                        "Relation Name": "cast_info",
                                                        "Schema": "public",
                                                        "Alias": "ci",
                                                        "Startup Cost": 0.0,
                                                        "Total Cost": 328213.62,
                                                        "Plan Rows": 1456856,
                                                        "Plan Width": 4,
                                                        "Actual Startup Time": 0.031,
                                                        "Actual Total Time": 646.798,
                                                        "Actual Rows": 1476410,
                                                        "Actual Loops": 6,
                                                        "Output": [
                                                            "ci.id",
                                                            "ci.person_id",
                                                            "ci.movie_id",
                                                            "ci.person_role_id",
                                                            "ci.note",
                                                            "ci.nr_order",
                                                            "ci.role_id"
                                                        ],
                                                        "Filter": "(ci.person_id < 871625)",
                                                        "Rows Removed by Filter": 4564314,
                                                        "Workers": [
                                                            {
                                                                "Worker Number": 0,
                                                                "Actual Startup Time": 0.037,
                                                                "Actual Total Time": 663.544,
                                                                "Actual Rows": 1144094,
                                                                "Actual Loops": 1
                                                            },
                                                            {
                                                                "Worker Number": 1,
                                                                "Actual Startup Time": 0.033,
                                                                "Actual Total Time": 647.139,
                                                                "Actual Rows": 1301889,
                                                                "Actual Loops": 1
                                                            },
                                                            {
                                                                "Worker Number": 2,
                                                                "Actual Startup Time": 0.048,
                                                                "Actual Total Time": 652.493,
                                                                "Actual Rows": 1608924,
                                                                "Actual Loops": 1
                                                            },
                                                            {
                                                                "Worker Number": 3,
                                                                "Actual Startup Time": 0.032,
                                                                "Actual Total Time": 655.081,
                                                                "Actual Rows": 1623135,
                                                                "Actual Loops": 1
                                                            },
                                                            {
                                                                "Worker Number": 4,
                                                                "Actual Startup Time": 0.026,
                                                                "Actual Total Time": 654.424,
                                                                "Actual Rows": 1629783,
                                                                "Actual Loops": 1
                                                            }
                                                        ]
                                                    },
                                                    {
                                                        "Node Type": "Hash",
                                                        "Parent Relationship": "Inner",
                                                        "Parallel Aware": true,
                                                        "Startup Cost": 45479.21,
                                                        "Total Cost": 45479.21,
                                                        "Plan Rows": 77358,
                                                        "Plan Width": 4,
                                                        "Actual Startup Time": 107.136,
                                                        "Actual Total Time": 107.138,
                                                        "Actual Rows": 44433,
                                                        "Actual Loops": 6,
                                                        "Output": [
                                                            "t.id"
                                                        ],
                                                        "Hash Buckets": 524288,
                                                        "Original Hash Buckets": 524288,
                                                        "Hash Batches": 1,
                                                        "Original Hash Batches": 1,
                                                        "Peak Memory Usage": 14624,
                                                        "Workers": [
                                                            {
                                                                "Worker Number": 0,
                                                                "Actual Startup Time": 107.827,
                                                                "Actual Total Time": 107.828,
                                                                "Actual Rows": 34051,
                                                                "Actual Loops": 1
                                                            },
                                                            {
                                                                "Worker Number": 1,
                                                                "Actual Startup Time": 107.811,
                                                                "Actual Total Time": 107.812,
                                                                "Actual Rows": 38906,
                                                                "Actual Loops": 1
                                                            },
                                                            {
                                                                "Worker Number": 2,
                                                                "Actual Startup Time": 107.939,
                                                                "Actual Total Time": 107.94,
                                                                "Actual Rows": 46001,
                                                                "Actual Loops": 1
                                                            },
                                                            {
                                                                "Worker Number": 3,
                                                                "Actual Startup Time": 107.816,
                                                                "Actual Total Time": 107.817,
                                                                "Actual Rows": 46980,
                                                                "Actual Loops": 1
                                                            },
                                                            {
                                                                "Worker Number": 4,
                                                                "Actual Startup Time": 107.814,
                                                                "Actual Total Time": 107.815,
                                                                "Actual Rows": 45938,
                                                                "Actual Loops": 1
                                                            }
                                                        ],
                                                        "Plans": [
                                                            {
                                                                "Node Type": "Seq Scan",
                                                                "Parent Relationship": "Outer",
                                                                "Parallel Aware": true,
                                                                "Relation Name": "title",
                                                                "Schema": "public",
                                                                "Alias": "t",
                                                                "Startup Cost": 0.0,
                                                                "Total Cost": 45479.21,
                                                                "Plan Rows": 77358,
                                                                "Plan Width": 4,
                                                                "Actual Startup Time": 0.096,
                                                                "Actual Total Time": 84.416,
                                                                "Actual Rows": 44433,
                                                                "Actual Loops": 6,
                                                                "Output": [
                                                                    "t.id"
                                                                ],
                                                                "Filter": "((t.kind_id < 7) AND (t.production_year > 2007))",
                                                                "Rows Removed by Filter": 376952,
                                                                "Workers": [
                                                                    {
                                                                        "Worker Number": 0,
                                                                        "Actual Startup Time": 0.155,
                                                                        "Actual Total Time": 84.792,
                                                                        "Actual Rows": 34051,
                                                                        "Actual Loops": 1
                                                                    },
                                                                    {
                                                                        "Worker Number": 1,
                                                                        "Actual Startup Time": 0.158,
                                                                        "Actual Total Time": 84.525,
                                                                        "Actual Rows": 38906,
                                                                        "Actual Loops": 1
                                                                    },
                                                                    {
                                                                        "Worker Number": 2,
                                                                        "Actual Startup Time": 0.078,
                                                                        "Actual Total Time": 84.607,
                                                                        "Actual Rows": 46001,
                                                                        "Actual Loops": 1
                                                                    },
                                                                    {
                                                                        "Worker Number": 3,
                                                                        "Actual Startup Time": 0.074,
                                                                        "Actual Total Time": 84.74,
                                                                        "Actual Rows": 46980,
                                                                        "Actual Loops": 1
                                                                    },
                                                                    {
                                                                        "Worker Number": 4,
                                                                        "Actual Startup Time": 0.078,
                                                                        "Actual Total Time": 84.393,
                                                                        "Actual Rows": 45938,
                                                                        "Actual Loops": 1
                                                                    }
                                                                ]
                                                            }
                                                        ]
                                                    }
                                                ]
                                            }
                                        ]
                                    }
                                ]
                            }
                        ]
                    }
                ]
            }
        ]
    },
    "Planning Time": 1.587,
    "Triggers": [],
    "Execution Time": 2675.106
}