[
  {
    "Plan": {
      "Node Type": "Aggregate",
      "Strategy": "Plain",
      "Partial Mode": "Finalize",
      "Parallel Aware": false,
      "Startup Cost": 236115.81,
      "Total Cost": 236115.82,
      "Plan Rows": 1,
      "Plan Width": 8,
      "Actual Startup Time": 316.604,
      "Actual Total Time": 334.057,
      "Actual Rows": 1,
      "Actual Loops": 1,
      "Plans": [
        {
          "Node Type": "Gather",
          "Parent Relationship": "Outer",
          "Parallel Aware": false,
          "Startup Cost": 236115.29,
          "Total Cost": 236115.8,
          "Plan Rows": 5,
          "Plan Width": 8,
          "Actual Startup Time": 309.857,
          "Actual Total Time": 334.046,
          "Actual Rows": 6,
          "Actual Loops": 1,
          "Workers Planned": 5,
          "Workers Launched": 5,
          "Single Copy": false,
          "Plans": [
            {
              "Node Type": "Aggregate",
              "Strategy": "Plain",
              "Partial Mode": "Partial",
              "Parent Relationship": "Outer",
              "Parallel Aware": false,
              "Startup Cost": 235115.29,
              "Total Cost": 235115.3,
              "Plan Rows": 1,
              "Plan Width": 8,
              "Actual Startup Time": 298.243,
              "Actual Total Time": 298.247,
              "Actual Rows": 1,
              "Actual Loops": 6,
              "Plans": [
                {
                  "Node Type": "Hash Join",
                  "Parent Relationship": "Outer",
                  "Parallel Aware": true,
                  "Join Type": "Inner",
                  "Startup Cost": 69062.14,
                  "Total Cost": 234969.75,
                  "Plan Rows": 58215,
                  "Plan Width": 0,
                  "Actual Startup Time": 189.147,
                  "Actual Total Time": 293.926,
                  "Actual Rows": 65454,
                  "Actual Loops": 6,
                  "Inner Unique": true,
                  "Hash Cond": "(mi.movie_id = t.id)",
                  "Plans": [
                    {
                      "Node Type": "Bitmap Heap Scan",
                      "Parent Relationship": "Outer",
                      "Parallel Aware": true,
                      "Relation Name": "movie_info",
                      "Alias": "mi",
                      "Startup Cost": 23385.59,
                      "Total Cost": 188613.81,
                      "Plan Rows": 258817,
                      "Plan Width": 4,
                      "Actual Startup Time": 38.444,
                      "Actual Total Time": 76.003,
                      "Actual Rows": 216498,
                      "Actual Loops": 6,
                      "Recheck Cond": "(info_type_id = 4)",
                      "Rows Removed by Index Recheck": 0,
                      "Exact Heap Blocks": 2184,
                      "Lossy Heap Blocks": 0,
                      "Plans": [
                        {
                          "Node Type": "Bitmap Index Scan",
                          "Parent Relationship": "Outer",
                          "Parallel Aware": false,
                          "Index Name": "info_type_id_movie_info",
                          "Startup Cost": 0.0,
                          "Total Cost": 23062.07,
                          "Plan Rows": 1294085,
                          "Plan Width": 0,
                          "Actual Startup Time": 37.078,
                          "Actual Total Time": 37.079,
                          "Actual Rows": 1298989,
                          "Actual Loops": 1,
                          "Index Cond": "(info_type_id = 4)"
                        }
                      ]
                    },
                    {
                      "Node Type": "Hash",
                      "Parent Relationship": "Inner",
                      "Parallel Aware": true,
                      "Startup Cost": 43899.32,
                      "Total Cost": 43899.32,
                      "Plan Rows": 142178,
                      "Plan Width": 4,
                      "Actual Startup Time": 146.217,
                      "Actual Total Time": 146.218,
                      "Actual Rows": 97503,
                      "Actual Loops": 6,
                      "Hash Buckets": 1048576,
                      "Original Hash Buckets": 1048576,
                      "Hash Batches": 1,
                      "Original Hash Batches": 1,
                      "Peak Memory Usage": 31168,
                      "Plans": [
                        {
                          "Node Type": "Seq Scan",
                          "Parent Relationship": "Outer",
                          "Parallel Aware": true,
                          "Relation Name": "title",
                          "Alias": "t",
                          "Startup Cost": 0.0,
                          "Total Cost": 43899.32,
                          "Plan Rows": 142178,
                          "Plan Width": 4,
                          "Actual Startup Time": 0.059,
                          "Actual Total Time": 97.87,
                          "Actual Rows": 97503,
                          "Actual Loops": 6,
                          "Filter": "(production_year < 1985)",
                          "Rows Removed by Filter": 323882
                        }
                      ]
                    }
                  ]
                }
              ]
            }
          ]
        }
      ]
    },
    "Planning Time": 0.283,
    "Triggers": [],
    "Execution Time": 334.114
  }
]