[
  {
    "Plan": {
      "Node Type": "Aggregate",
      "Strategy": "Plain",
      "Partial Mode": "Finalize",
      "Parallel Aware": false,
      "Startup Cost": 44905.85,
      "Total Cost": 44905.86,
      "Plan Rows": 1,
      "Plan Width": 8,
      "Actual Startup Time": 84.462,
      "Actual Total Time": 96.064,
      "Actual Rows": 1,
      "Actual Loops": 1,
      "Plans": [
        {
          "Node Type": "Gather",
          "Parent Relationship": "Outer",
          "Parallel Aware": false,
          "Startup Cost": 44905.43,
          "Total Cost": 44905.84,
          "Plan Rows": 4,
          "Plan Width": 8,
          "Actual Startup Time": 84.32,
          "Actual Total Time": 96.051,
          "Actual Rows": 5,
          "Actual Loops": 1,
          "Workers Planned": 4,
          "Workers Launched": 4,
          "Single Copy": false,
          "Plans": [
            {
              "Node Type": "Aggregate",
              "Strategy": "Plain",
              "Partial Mode": "Partial",
              "Parent Relationship": "Outer",
              "Parallel Aware": false,
              "Startup Cost": 43905.43,
              "Total Cost": 43905.44,
              "Plan Rows": 1,
              "Plan Width": 8,
              "Actual Startup Time": 77.13,
              "Actual Total Time": 77.131,
              "Actual Rows": 1,
              "Actual Loops": 5,
              "Plans": [
                {
                  "Node Type": "Seq Scan",
                  "Parent Relationship": "Outer",
                  "Parallel Aware": true,
                  "Relation Name": "title",
                  "Alias": "t",
                  "Startup Cost": 0.0,
                  "Total Cost": 43899.32,
                  "Plan Rows": 2444,
                  "Plan Width": 0,
                  "Actual Startup Time": 0.166,
                  "Actual Total Time": 76.936,
                  "Actual Rows": 1601,
                  "Actual Loops": 5,
                  "Filter": "(production_year = 1955)",
                  "Rows Removed by Filter": 504061
                }
              ]
            }
          ]
        }
      ]
    },
    "Planning Time": 0.149,
    "Triggers": [],
    "Execution Time": 96.127
  }
]