{
  "Plan": {
    "Node Type": "Aggregate",
    "Strategy": "Plain",
    "Partial Mode": "Finalize",
    "Parallel Aware": false,
    "Startup Cost": 269114.88,
    "Total Cost": 269114.89,
    "Plan Rows": 1,
    "Plan Width": 8,
    "Actual Startup Time": 193.454,
    "Actual Total Time": 212.563,
    "Actual Rows": 1,
    "Actual Loops": 1,
    "Plans": [
      {
        "Node Type": "Gather",
        "Parent Relationship": "Outer",
        "Parallel Aware": false,
        "Startup Cost": 269114.76,
        "Total Cost": 269114.87,
        "Plan Rows": 1,
        "Plan Width": 8,
        "Actual Startup Time": 193.359,
        "Actual Total Time": 212.556,
        "Actual Rows": 2,
        "Actual Loops": 1,
        "Workers Planned": 1,
        "Workers Launched": 1,
        "Single Copy": false,
        "Plans": [
          {
            "Node Type": "Aggregate",
            "Strategy": "Plain",
            "Partial Mode": "Partial",
            "Parent Relationship": "Outer",
            "Parallel Aware": false,
            "Startup Cost": 268114.76,
            "Total Cost": 268114.77,
            "Plan Rows": 1,
            "Plan Width": 8,
            "Actual Startup Time": 187.431,
            "Actual Total Time": 187.432,
            "Actual Rows": 1,
            "Actual Loops": 2,
            "Plans": [
              {
                "Node Type": "Nested Loop",
                "Parent Relationship": "Outer",
                "Parallel Aware": false,
                "Join Type": "Inner",
                "Startup Cost": 0.56,
                "Total Cost": 268082.73,
                "Plan Rows": 12814,
                "Plan Width": 0,
                "Actual Startup Time": 90.094,
                "Actual Total Time": 186.507,
                "Actual Rows": 14376,
                "Actual Loops": 2,
                "Inner Unique": false,
                "Plans": [
                  {
                    "Node Type": "Seq Scan",
                    "Parent Relationship": "Outer",
                    "Parallel Aware": true,
                    "Relation Name": "title",
                    "Alias": "t",
                    "Startup Cost": 0.0,
                    "Total Cost": 58306.47,
                    "Plan Rows": 1633,
                    "Plan Width": 4,
                    "Actual Startup Time": 90.023,
                    "Actual Total Time": 133.299,
                    "Actual Rows": 4062,
                    "Actual Loops": 2,
                    "Filter": "((kind_id < 7) AND (production_year = 1914))",
                    "Rows Removed by Filter": 1260094
                  },
                  {
                    "Node Type": "Index Scan",
                    "Parent Relationship": "Inner",
                    "Parallel Aware": false,
                    "Scan Direction": "Forward",
                    "Index Name": "movie_id_cast_info",
                    "Relation Name": "cast_info",
                    "Alias": "ci",
                    "Startup Cost": 0.56,
                    "Total Cost": 128.26,
                    "Plan Rows": 20,
                    "Plan Width": 4,
                    "Actual Startup Time": 0.006,
                    "Actual Total Time": 0.013,
                    "Actual Rows": 4,
                    "Actual Loops": 8125,
                    "Index Cond": "(movie_id = t.id)",
                    "Rows Removed by Index Recheck": 0,
                    "Filter": "(role_id < 3)",
                    "Rows Removed by Filter": 1
                  }
                ]
              }
            ]
          }
        ]
      }
    ]
  },
  "Planning Time": 0.51,
  "Triggers": [],
  "Execution Time": 212.642
}