[
  {
    "Plan": {
      "Node Type": "Aggregate",
      "Strategy": "Plain",
      "Partial Mode": "Finalize",
      "Parallel Aware": false,
      "Startup Cost": 342074.46,
      "Total Cost": 342074.47,
      "Plan Rows": 1,
      "Plan Width": 8,
      "Actual Startup Time": 979.192,
      "Actual Total Time": 1028.245,
      "Actual Rows": 1,
      "Actual Loops": 1,
      "Plans": [
        {
          "Node Type": "Gather",
          "Parent Relationship": "Outer",
          "Parallel Aware": false,
          "Startup Cost": 342073.84,
          "Total Cost": 342074.45,
          "Plan Rows": 6,
          "Plan Width": 8,
          "Actual Startup Time": 978.995,
          "Actual Total Time": 1028.211,
          "Actual Rows": 7,
          "Actual Loops": 1,
          "Workers Planned": 6,
          "Workers Launched": 6,
          "Single Copy": false,
          "Plans": [
            {
              "Node Type": "Aggregate",
              "Strategy": "Plain",
              "Partial Mode": "Partial",
              "Parent Relationship": "Outer",
              "Parallel Aware": false,
              "Startup Cost": 341073.84,
              "Total Cost": 341073.85,
              "Plan Rows": 1,
              "Plan Width": 8,
              "Actual Startup Time": 968.374,
              "Actual Total Time": 968.377,
              "Actual Rows": 1,
              "Actual Loops": 7,
              "Plans": [
                {
                  "Node Type": "Seq Scan",
                  "Parent Relationship": "Outer",
                  "Parallel Aware": true,
                  "Relation Name": "cast_info",
                  "Alias": "ci",
                  "Startup Cost": 0.0,
                  "Total Cost": 328211.39,
                  "Plan Rows": 5144979,
                  "Plan Width": 0,
                  "Actual Startup Time": 84.766,
                  "Actual Total Time": 730.304,
                  "Actual Rows": 4385376,
                  "Actual Loops": 7,
                  "Filter": "(person_id > 535629)",
                  "Rows Removed by Filter": 792387
                }
              ]
            }
          ]
        }
      ]
    },
    "Planning Time": 0.217,
    "Triggers": [],
    "Execution Time": 1028.319
  }
]