[
  {
    "Plan": {
      "Node Type": "Aggregate",
      "Strategy": "Plain",
      "Partial Mode": "Finalize",
      "Parallel Aware": false,
      "Startup Cost": 113419.2,
      "Total Cost": 113419.21,
      "Plan Rows": 1,
      "Plan Width": 8,
      "Actual Startup Time": 808.258,
      "Actual Total Time": 829.085,
      "Actual Rows": 1,
      "Actual Loops": 1,
      "Plans": [
        {
          "Node Type": "Gather",
          "Parent Relationship": "Outer",
          "Parallel Aware": false,
          "Startup Cost": 113418.88,
          "Total Cost": 113419.19,
          "Plan Rows": 3,
          "Plan Width": 8,
          "Actual Startup Time": 798.979,
          "Actual Total Time": 829.066,
          "Actual Rows": 4,
          "Actual Loops": 1,
          "Workers Planned": 3,
          "Workers Launched": 3,
          "Single Copy": false,
          "Plans": [
            {
              "Node Type": "Aggregate",
              "Strategy": "Plain",
              "Partial Mode": "Partial",
              "Parent Relationship": "Outer",
              "Parallel Aware": false,
              "Startup Cost": 112418.88,
              "Total Cost": 112418.89,
              "Plan Rows": 1,
              "Plan Width": 8,
              "Actual Startup Time": 787.524,
              "Actual Total Time": 787.713,
              "Actual Rows": 1,
              "Actual Loops": 4,
              "Plans": [
                {
                  "Node Type": "Hash Join",
                  "Parent Relationship": "Outer",
                  "Parallel Aware": true,
                  "Join Type": "Inner",
                  "Startup Cost": 63842.16,
                  "Total Cost": 111902.99,
                  "Plan Rows": 206355,
                  "Plan Width": 0,
                  "Actual Startup Time": 396.523,
                  "Actual Total Time": 730.768,
                  "Actual Rows": 1005448,
                  "Actual Loops": 4,
                  "Inner Unique": false,
                  "Hash Cond": "(mk.movie_id = t.id)",
                  "Plans": [
                    {
                      "Node Type": "Seq Scan",
                      "Parent Relationship": "Outer",
                      "Parallel Aware": true,
                      "Relation Name": "movie_keyword",
                      "Alias": "mk",
                      "Startup Cost": 0.0,
                      "Total Cost": 42695.65,
                      "Plan Rows": 1201433,
                      "Plan Width": 4,
                      "Actual Startup Time": 0.068,
                      "Actual Total Time": 140.832,
                      "Actual Rows": 932343,
                      "Actual Loops": 4,
                      "Filter": "(keyword_id < 23430)",
                      "Rows Removed by Filter": 198640
                    },
                    {
                      "Node Type": "Hash",
                      "Parent Relationship": "Inner",
                      "Parallel Aware": true,
                      "Startup Cost": 61580.31,
                      "Total Cost": 61580.31,
                      "Plan Rows": 180948,
                      "Plan Width": 8,
                      "Actual Startup Time": 393.484,
                      "Actual Total Time": 393.671,
                      "Actual Rows": 136486,
                      "Actual Loops": 4,
                      "Hash Buckets": 1048576,
                      "Original Hash Buckets": 524288,
                      "Hash Batches": 1,
                      "Original Hash Batches": 1,
                      "Peak Memory Usage": 33696,
                      "Plans": [
                        {
                          "Node Type": "Hash Join",
                          "Parent Relationship": "Outer",
                          "Parallel Aware": true,
                          "Join Type": "Inner",
                          "Startup Cost": 46385.75,
                          "Total Cost": 61580.31,
                          "Plan Rows": 180948,
                          "Plan Width": 8,
                          "Actual Startup Time": 210.414,
                          "Actual Total Time": 332.407,
                          "Actual Rows": 136486,
                          "Actual Loops": 4,
                          "Inner Unique": true,
                          "Hash Cond": "(mi_idx.movie_id = t.id)",
                          "Plans": [
                            {
                              "Node Type": "Seq Scan",
                              "Parent Relationship": "Outer",
                              "Parallel Aware": true,
                              "Relation Name": "movie_info_idx",
                              "Alias": "mi_idx",
                              "Startup Cost": 0.0,
                              "Total Cost": 13685.15,
                              "Plan Rows": 575015,
                              "Plan Width": 4,
                              "Actual Startup Time": 0.015,
                              "Actual Total Time": 39.766,
                              "Actual Rows": 345009,
                              "Actual Loops": 4
                            },
                            {
                              "Node Type": "Hash",
                              "Parent Relationship": "Inner",
                              "Parallel Aware": true,
                              "Startup Cost": 43899.32,
                              "Total Cost": 43899.32,
                              "Plan Rows": 198914,
                              "Plan Width": 4,
                              "Actual Startup Time": 207.727,
                              "Actual Total Time": 207.728,
                              "Actual Rows": 203176,
                              "Actual Loops": 4,
                              "Hash Buckets": 1048576,
                              "Original Hash Buckets": 1048576,
                              "Hash Batches": 1,
                              "Original Hash Batches": 1,
                              "Peak Memory Usage": 40064,
                              "Plans": [
                                {
                                  "Node Type": "Seq Scan",
                                  "Parent Relationship": "Outer",
                                  "Parallel Aware": true,
                                  "Relation Name": "title",
                                  "Alias": "t",
                                  "Startup Cost": 0.0,
                                  "Total Cost": 43899.32,
                                  "Plan Rows": 198914,
                                  "Plan Width": 4,
                                  "Actual Startup Time": 0.059,
                                  "Actual Total Time": 124.614,
                                  "Actual Rows": 203176,
                                  "Actual Loops": 4,
                                  "Filter": "(production_year < 1995)",
                                  "Rows Removed by Filter": 428902
                                }
                              ]
                            }
                          ]
                        }
                      ]
                    }
                  ]
                }
              ]
            }
          ]
        }
      ]
    },
    "Planning Time": 0.882,
    "Triggers": [],
    "Execution Time": 829.143
  }
]