{
    "Plan": {
        "Node Type": "Aggregate",
        "Strategy": "Plain",
        "Partial Mode": "Finalize",
        "Parallel Aware": false,
        "Startup Cost": 394867.75,
        "Total Cost": 394867.76,
        "Plan Rows": 1,
        "Plan Width": 8,
        "Actual Startup Time": 1171.215,
        "Actual Total Time": 1226.677,
        "Actual Rows": 1,
        "Actual Loops": 1,
        "Output": [
            "count(*)"
        ],
        "Plans": [
            {
                "Node Type": "Gather",
                "Parent Relationship": "Outer",
                "Parallel Aware": false,
                "Startup Cost": 394867.13,
                "Total Cost": 394867.74,
                "Plan Rows": 6,
                "Plan Width": 8,
                "Actual Startup Time": 1168.925,
                "Actual Total Time": 1226.664,
                "Actual Rows": 7,
                "Actual Loops": 1,
                "Output": [
                    "(PARTIAL count(*))"
                ],
                "Workers Planned": 6,
                "Workers Launched": 6,
                "Single Copy": false,
                "Plans": [
                    {
                        "Node Type": "Aggregate",
                        "Strategy": "Plain",
                        "Partial Mode": "Partial",
                        "Parent Relationship": "Outer",
                        "Parallel Aware": false,
                        "Startup Cost": 393867.13,
                        "Total Cost": 393867.14,
                        "Plan Rows": 1,
                        "Plan Width": 8,
                        "Actual Startup Time": 1157.965,
                        "Actual Total Time": 1157.968,
                        "Actual Rows": 1,
                        "Actual Loops": 7,
                        "Output": [
                            "PARTIAL count(*)"
                        ],
                        "Workers": [
                            {
                                "Worker Number": 0,
                                "Actual Startup Time": 1155.091,
                                "Actual Total Time": 1155.093,
                                "Actual Rows": 1,
                                "Actual Loops": 1
                            },
                            {
                                "Worker Number": 1,
                                "Actual Startup Time": 1156.827,
                                "Actual Total Time": 1156.83,
                                "Actual Rows": 1,
                                "Actual Loops": 1
                            },
                            {
                                "Worker Number": 2,
                                "Actual Startup Time": 1155.862,
                                "Actual Total Time": 1155.864,
                                "Actual Rows": 1,
                                "Actual Loops": 1
                            },
                            {
                                "Worker Number": 3,
                                "Actual Startup Time": 1156.919,
                                "Actual Total Time": 1156.923,
                                "Actual Rows": 1,
                                "Actual Loops": 1
                            },
                            {
                                "Worker Number": 4,
                                "Actual Startup Time": 1156.24,
                                "Actual Total Time": 1156.243,
                                "Actual Rows": 1,
                                "Actual Loops": 1
                            },
                            {
                                "Worker Number": 5,
                                "Actual Startup Time": 1156.878,
                                "Actual Total Time": 1156.882,
                                "Actual Rows": 1,
                                "Actual Loops": 1
                            }
                        ],
                        "Plans": [
                            {
                                "Node Type": "Nested Loop",
                                "Parent Relationship": "Outer",
                                "Parallel Aware": false,
                                "Join Type": "Inner",
                                "Startup Cost": 44486.89,
                                "Total Cost": 393303.94,
                                "Plan Rows": 225274,
                                "Plan Width": 0,
                                "Actual Startup Time": 82.739,
                                "Actual Total Time": 1145.462,
                                "Actual Rows": 219089,
                                "Actual Loops": 7,
                                "Inner Unique": false,
                                "Join Filter": "(t.id = mi.movie_id)",
                                "Rows Removed by Join Filter": 0,
                                "Workers": [
                                    {
                                        "Worker Number": 0,
                                        "Actual Startup Time": 80.334,
                                        "Actual Total Time": 1143.05,
                                        "Actual Rows": 243806,
                                        "Actual Loops": 1
                                    },
                                    {
                                        "Worker Number": 1,
                                        "Actual Startup Time": 80.287,
                                        "Actual Total Time": 1145.635,
                                        "Actual Rows": 222123,
                                        "Actual Loops": 1
                                    },
                                    {
                                        "Worker Number": 2,
                                        "Actual Startup Time": 80.831,
                                        "Actual Total Time": 1144.093,
                                        "Actual Rows": 236119,
                                        "Actual Loops": 1
                                    },
                                    {
                                        "Worker Number": 3,
                                        "Actual Startup Time": 82.416,
                                        "Actual Total Time": 1143.054,
                                        "Actual Rows": 165018,
                                        "Actual Loops": 1
                                    },
                                    {
                                        "Worker Number": 4,
                                        "Actual Startup Time": 80.946,
                                        "Actual Total Time": 1144.634,
                                        "Actual Rows": 232333,
                                        "Actual Loops": 1
                                    },
                                    {
                                        "Worker Number": 5,
                                        "Actual Startup Time": 81.735,
                                        "Actual Total Time": 1146.606,
                                        "Actual Rows": 202345,
                                        "Actual Loops": 1
                                    }
                                ],
                                "Plans": [
                                    {
                                        "Node Type": "Hash Join",
                                        "Parent Relationship": "Outer",
                                        "Parallel Aware": true,
                                        "Join Type": "Inner",
                                        "Startup Cost": 44486.46,
                                        "Total Cost": 249192.0,
                                        "Plan Rows": 94280,
                                        "Plan Width": 8,
                                        "Actual Startup Time": 82.616,
                                        "Actual Total Time": 542.904,
                                        "Actual Rows": 31779,
                                        "Actual Loops": 7,
                                        "Output": [
                                            "t.id",
                                            "ci.movie_id"
                                        ],
                                        "Inner Unique": true,
                                        "Hash Cond": "(ci.movie_id = t.id)",
                                        "Workers": [
                                            {
                                                "Worker Number": 0,
                                                "Actual Startup Time": 80.173,
                                                "Actual Total Time": 550.139,
                                                "Actual Rows": 33503,
                                                "Actual Loops": 1
                                            },
                                            {
                                                "Worker Number": 1,
                                                "Actual Startup Time": 80.115,
                                                "Actual Total Time": 507.77,
                                                "Actual Rows": 32071,
                                                "Actual Loops": 1
                                            },
                                            {
                                                "Worker Number": 2,
                                                "Actual Startup Time": 80.741,
                                                "Actual Total Time": 535.528,
                                                "Actual Rows": 34810,
                                                "Actual Loops": 1
                                            },
                                            {
                                                "Worker Number": 3,
                                                "Actual Startup Time": 82.237,
                                                "Actual Total Time": 558.913,
                                                "Actual Rows": 24564,
                                                "Actual Loops": 1
                                            },
                                            {
                                                "Worker Number": 4,
                                                "Actual Startup Time": 80.831,
                                                "Actual Total Time": 555.62,
                                                "Actual Rows": 33684,
                                                "Actual Loops": 1
                                            },
                                            {
                                                "Worker Number": 5,
                                                "Actual Startup Time": 81.618,
                                                "Actual Total Time": 525.257,
                                                "Actual Rows": 31894,
                                                "Actual Loops": 1
                                            }
                                        ],
                                        "Plans": [
                                            {
                                                "Node Type": "Index Scan",
                                                "Parent Relationship": "Outer",
                                                "Parallel Aware": true,
                                                "Scan Direction": "Forward",
                                                "Index Name": "role_id_cast_info",
                                                "Relation Name": "cast_info",
                                                "Schema": "public",
                                                "Alias": "ci",
                                                "Startup Cost": 0.56,
                                                "Total Cost": 201374.32,
                                                "Plan Rows": 1269250,
                                                "Plan Width": 4,
                                                "Actual Startup Time": 0.248,
                                                "Actual Total Time": 223.107,
                                                "Actual Rows": 1101806,
                                                "Actual Loops": 7,
                                                "Output": [
                                                    "ci.id",
                                                    "ci.person_id",
                                                    "ci.movie_id",
                                                    "ci.person_role_id",
                                                    "ci.note",
                                                    "ci.nr_order",
                                                    "ci.role_id"
                                                ],
                                                "Index Cond": "(ci.role_id > 6)",
                                                "Rows Removed by Index Recheck": 0,
                                                "Workers": [
                                                    {
                                                        "Worker Number": 0,
                                                        "Actual Startup Time": 0.087,
                                                        "Actual Total Time": 230.118,
                                                        "Actual Rows": 1232038,
                                                        "Actual Loops": 1
                                                    },
                                                    {
                                                        "Worker Number": 1,
                                                        "Actual Startup Time": 0.261,
                                                        "Actual Total Time": 207.436,
                                                        "Actual Rows": 1045225,
                                                        "Actual Loops": 1
                                                    },
                                                    {
                                                        "Worker Number": 2,
                                                        "Actual Startup Time": 0.295,
                                                        "Actual Total Time": 223.734,
                                                        "Actual Rows": 1193631,
                                                        "Actual Loops": 1
                                                    },
                                                    {
                                                        "Worker Number": 3,
                                                        "Actual Startup Time": 0.388,
                                                        "Actual Total Time": 240.761,
                                                        "Actual Rows": 865335,
                                                        "Actual Loops": 1
                                                    },
                                                    {
                                                        "Worker Number": 4,
                                                        "Actual Startup Time": 0.147,
                                                        "Actual Total Time": 232.395,
                                                        "Actual Rows": 1245029,
                                                        "Actual Loops": 1
                                                    },
                                                    {
                                                        "Worker Number": 5,
                                                        "Actual Startup Time": 0.228,
                                                        "Actual Total Time": 215.473,
                                                        "Actual Rows": 1092800,
                                                        "Actual Loops": 1
                                                    }
                                                ]
                                            },
                                            {
                                                "Node Type": "Hash",
                                                "Parent Relationship": "Inner",
                                                "Parallel Aware": true,
                                                "Startup Cost": 43899.01,
                                                "Total Cost": 43899.01,
                                                "Plan Rows": 46951,
                                                "Plan Width": 4,
                                                "Actual Startup Time": 80.208,
                                                "Actual Total Time": 80.209,
                                                "Actual Rows": 26827,
                                                "Actual Loops": 7,
                                                "Output": [
                                                    "t.id"
                                                ],
                                                "Hash Buckets": 262144,
                                                "Original Hash Buckets": 262144,
                                                "Hash Batches": 1,
                                                "Original Hash Batches": 1,
                                                "Peak Memory Usage": 9504,
                                                "Workers": [
                                                    {
                                                        "Worker Number": 0,
                                                        "Actual Startup Time": 78.886,
                                                        "Actual Total Time": 78.887,
                                                        "Actual Rows": 27933,
                                                        "Actual Loops": 1
                                                    },
                                                    {
                                                        "Worker Number": 1,
                                                        "Actual Startup Time": 78.925,
                                                        "Actual Total Time": 78.926,
                                                        "Actual Rows": 26149,
                                                        "Actual Loops": 1
                                                    },
                                                    {
                                                        "Worker Number": 2,
                                                        "Actual Startup Time": 79.729,
                                                        "Actual Total Time": 79.729,
                                                        "Actual Rows": 28663,
                                                        "Actual Loops": 1
                                                    },
                                                    {
                                                        "Worker Number": 3,
                                                        "Actual Startup Time": 80.072,
                                                        "Actual Total Time": 80.073,
                                                        "Actual Rows": 20874,
                                                        "Actual Loops": 1
                                                    },
                                                    {
                                                        "Worker Number": 4,
                                                        "Actual Startup Time": 80.167,
                                                        "Actual Total Time": 80.167,
                                                        "Actual Rows": 29163,
                                                        "Actual Loops": 1
                                                    },
                                                    {
                                                        "Worker Number": 5,
                                                        "Actual Startup Time": 80.442,
                                                        "Actual Total Time": 80.444,
                                                        "Actual Rows": 25996,
                                                        "Actual Loops": 1
                                                    }
                                                ],
                                                "Plans": [
                                                    {
                                                        "Node Type": "Seq Scan",
                                                        "Parent Relationship": "Outer",
                                                        "Parallel Aware": true,
                                                        "Relation Name": "title",
                                                        "Schema": "public",
                                                        "Alias": "t",
                                                        "Startup Cost": 0.0,
                                                        "Total Cost": 43899.01,
                                                        "Plan Rows": 46951,
                                                        "Plan Width": 4,
                                                        "Actual Startup Time": 0.198,
                                                        "Actual Total Time": 69.421,
                                                        "Actual Rows": 26827,
                                                        "Actual Loops": 7,
                                                        "Output": [
                                                            "t.id"
                                                        ],
                                                        "Filter": "(t.production_year < 1954)",
                                                        "Rows Removed by Filter": 334360,
                                                        "Workers": [
                                                            {
                                                                "Worker Number": 0,
                                                                "Actual Startup Time": 0.119,
                                                                "Actual Total Time": 67.866,
                                                                "Actual Rows": 27933,
                                                                "Actual Loops": 1
                                                            },
                                                            {
                                                                "Worker Number": 1,
                                                                "Actual Startup Time": 0.075,
                                                                "Actual Total Time": 68.113,
                                                                "Actual Rows": 26149,
                                                                "Actual Loops": 1
                                                            },
                                                            {
                                                                "Worker Number": 2,
                                                                "Actual Startup Time": 0.31,
                                                                "Actual Total Time": 68.802,
                                                                "Actual Rows": 28663,
                                                                "Actual Loops": 1
                                                            },
                                                            {
                                                                "Worker Number": 3,
                                                                "Actual Startup Time": 0.236,
                                                                "Actual Total Time": 70.071,
                                                                "Actual Rows": 20874,
                                                                "Actual Loops": 1
                                                            },
                                                            {
                                                                "Worker Number": 4,
                                                                "Actual Startup Time": 0.51,
                                                                "Actual Total Time": 69.52,
                                                                "Actual Rows": 29163,
                                                                "Actual Loops": 1
                                                            },
                                                            {
                                                                "Worker Number": 5,
                                                                "Actual Startup Time": 0.115,
                                                                "Actual Total Time": 69.496,
                                                                "Actual Rows": 25996,
                                                                "Actual Loops": 1
                                                            }
                                                        ]
                                                    }
                                                ]
                                            }
                                        ]
                                    },
                                    {
                                        "Node Type": "Index Scan",
                                        "Parent Relationship": "Inner",
                                        "Parallel Aware": false,
                                        "Scan Direction": "Forward",
                                        "Index Name": "movie_id_movie_info",
                                        "Relation Name": "movie_info",
                                        "Schema": "public",
                                        "Alias": "mi",
                                        "Startup Cost": 0.43,
                                        "Total Cost": 1.33,
                                        "Plan Rows": 16,
                                        "Plan Width": 4,
                                        "Actual Startup Time": 0.009,
                                        "Actual Total Time": 0.018,
                                        "Actual Rows": 7,
                                        "Actual Loops": 222452,
                                        "Output": [
                                            "mi.id",
                                            "mi.movie_id",
                                            "mi.info_type_id",
                                            "mi.info",
                                            "mi.note"
                                        ],
                                        "Index Cond": "(mi.movie_id = ci.movie_id)",
                                        "Rows Removed by Index Recheck": 0,
                                        "Filter": "(mi.info_type_id > 9)",
                                        "Rows Removed by Filter": 10,
                                        "Workers": [
                                            {
                                                "Worker Number": 0,
                                                "Actual Startup Time": 0.008,
                                                "Actual Total Time": 0.017,
                                                "Actual Rows": 7,
                                                "Actual Loops": 33503
                                            },
                                            {
                                                "Worker Number": 1,
                                                "Actual Startup Time": 0.01,
                                                "Actual Total Time": 0.019,
                                                "Actual Rows": 7,
                                                "Actual Loops": 32071
                                            },
                                            {
                                                "Worker Number": 2,
                                                "Actual Startup Time": 0.008,
                                                "Actual Total Time": 0.017,
                                                "Actual Rows": 7,
                                                "Actual Loops": 34810
                                            },
                                            {
                                                "Worker Number": 3,
                                                "Actual Startup Time": 0.011,
                                                "Actual Total Time": 0.022,
                                                "Actual Rows": 7,
                                                "Actual Loops": 24564
                                            },
                                            {
                                                "Worker Number": 4,
                                                "Actual Startup Time": 0.008,
                                                "Actual Total Time": 0.017,
                                                "Actual Rows": 7,
                                                "Actual Loops": 33684
                                            },
                                            {
                                                "Worker Number": 5,
                                                "Actual Startup Time": 0.01,
                                                "Actual Total Time": 0.019,
                                                "Actual Rows": 6,
                                                "Actual Loops": 31894
                                            }
                                        ]
                                    }
                                ]
                            }
                        ]
                    }
                ]
            }
        ]
    },
    "Planning Time": 1.606,
    "Triggers": [],
    "Execution Time": 1226.804
}