[
  {
    "Plan": {
      "Node Type": "Aggregate",
      "Strategy": "Plain",
      "Partial Mode": "Finalize",
      "Parallel Aware": false,
      "Startup Cost": 343672.65,
      "Total Cost": 343672.66,
      "Plan Rows": 1,
      "Plan Width": 8,
      "Actual Startup Time": 997.223,
      "Actual Total Time": 1057.936,
      "Actual Rows": 1,
      "Actual Loops": 1,
      "Plans": [
        {
          "Node Type": "Gather",
          "Parent Relationship": "Outer",
          "Parallel Aware": false,
          "Startup Cost": 343672.03,
          "Total Cost": 343672.64,
          "Plan Rows": 6,
          "Plan Width": 8,
          "Actual Startup Time": 997.063,
          "Actual Total Time": 1057.924,
          "Actual Rows": 7,
          "Actual Loops": 1,
          "Workers Planned": 6,
          "Workers Launched": 6,
          "Single Copy": false,
          "Plans": [
            {
              "Node Type": "Aggregate",
              "Strategy": "Plain",
              "Partial Mode": "Partial",
              "Parent Relationship": "Outer",
              "Parallel Aware": false,
              "Startup Cost": 342672.03,
              "Total Cost": 342672.04,
              "Plan Rows": 1,
              "Plan Width": 8,
              "Actual Startup Time": 988.957,
              "Actual Total Time": 988.959,
              "Actual Rows": 1,
              "Actual Loops": 7,
              "Plans": [
                {
                  "Node Type": "Seq Scan",
                  "Parent Relationship": "Outer",
                  "Parallel Aware": true,
                  "Relation Name": "cast_info",
                  "Alias": "ci",
                  "Startup Cost": 0.0,
                  "Total Cost": 328162.03,
                  "Plan Rows": 5804001,
                  "Plan Width": 0,
                  "Actual Startup Time": 0.049,
                  "Actual Total Time": 737.122,
                  "Actual Rows": 4979257,
                  "Actual Loops": 7,
                  "Filter": "(person_id < 3791622)",
                  "Rows Removed by Filter": 198506
                }
              ]
            }
          ]
        }
      ]
    },
    "Planning Time": 0.121,
    "Triggers": [],
    "Execution Time": 1057.988
  }
]