[
  {
    "Plan": {
      "Node Type": "Aggregate",
      "Strategy": "Plain",
      "Partial Mode": "Finalize",
      "Parallel Aware": false,
      "Startup Cost": 62266.64,
      "Total Cost": 62266.65,
      "Plan Rows": 1,
      "Plan Width": 8,
      "Actual Startup Time": 188.352,
      "Actual Total Time": 204.476,
      "Actual Rows": 1,
      "Actual Loops": 1,
      "Plans": [
        {
          "Node Type": "Gather",
          "Parent Relationship": "Outer",
          "Parallel Aware": false,
          "Startup Cost": 62266.42,
          "Total Cost": 62266.63,
          "Plan Rows": 2,
          "Plan Width": 8,
          "Actual Startup Time": 188.003,
          "Actual Total Time": 204.468,
          "Actual Rows": 3,
          "Actual Loops": 1,
          "Workers Planned": 2,
          "Workers Launched": 2,
          "Single Copy": false,
          "Plans": [
            {
              "Node Type": "Aggregate",
              "Strategy": "Plain",
              "Partial Mode": "Partial",
              "Parent Relationship": "Outer",
              "Parallel Aware": false,
              "Startup Cost": 61266.42,
              "Total Cost": 61266.43,
              "Plan Rows": 1,
              "Plan Width": 8,
              "Actual Startup Time": 180.626,
              "Actual Total Time": 180.633,
              "Actual Rows": 1,
              "Actual Loops": 3,
              "Plans": [
                {
                  "Node Type": "Hash Join",
                  "Parent Relationship": "Outer",
                  "Parallel Aware": true,
                  "Join Type": "Inner",
                  "Startup Cost": 45627.05,
                  "Total Cost": 61257.4,
                  "Plan Rows": 3609,
                  "Plan Width": 0,
                  "Actual Startup Time": 117.749,
                  "Actual Total Time": 180.302,
                  "Actual Rows": 4274,
                  "Actual Loops": 3,
                  "Inner Unique": true,
                  "Hash Cond": "(mi_idx.movie_id = t.id)",
                  "Plans": [
                    {
                      "Node Type": "Seq Scan",
                      "Parent Relationship": "Outer",
                      "Parallel Aware": true,
                      "Relation Name": "movie_info_idx",
                      "Alias": "mi_idx",
                      "Startup Cost": 0.0,
                      "Total Cost": 15122.68,
                      "Plan Rows": 193397,
                      "Plan Width": 4,
                      "Actual Startup Time": 0.017,
                      "Actual Total Time": 44.041,
                      "Actual Rows": 153395,
                      "Actual Loops": 3,
                      "Filter": "(info_type_id > 100)",
                      "Rows Removed by Filter": 306617
                    },
                    {
                      "Node Type": "Hash",
                      "Parent Relationship": "Inner",
                      "Parallel Aware": true,
                      "Startup Cost": 45479.59,
                      "Total Cost": 45479.59,
                      "Plan Rows": 11797,
                      "Plan Width": 4,
                      "Actual Startup Time": 116.833,
                      "Actual Total Time": 116.834,
                      "Actual Rows": 11830,
                      "Actual Loops": 3,
                      "Hash Buckets": 65536,
                      "Original Hash Buckets": 65536,
                      "Hash Batches": 1,
                      "Original Hash Batches": 1,
                      "Peak Memory Usage": 1952,
                      "Plans": [
                        {
                          "Node Type": "Seq Scan",
                          "Parent Relationship": "Outer",
                          "Parallel Aware": true,
                          "Relation Name": "title",
                          "Alias": "t",
                          "Startup Cost": 0.0,
                          "Total Cost": 45479.59,
                          "Plan Rows": 11797,
                          "Plan Width": 4,
                          "Actual Startup Time": 0.289,
                          "Actual Total Time": 112.051,
                          "Actual Rows": 11830,
                          "Actual Loops": 3,
                          "Filter": "((kind_id < 7) AND (production_year = 2007))",
                          "Rows Removed by Filter": 830941
                        }
                      ]
                    }
                  ]
                }
              ]
            }
          ]
        }
      ]
    },
    "Planning Time": 0.199,
    "Triggers": [],
    "Execution Time": 204.509
  }
]