{
  "Plan": {
    "Node Type": "Aggregate",
    "Strategy": "Plain",
    "Partial Mode": "Finalize",
    "Parallel Aware": false,
    "Startup Cost": 371004.07,
    "Total Cost": 371004.08,
    "Plan Rows": 1,
    "Plan Width": 8,
    "Actual Startup Time": 1678.05,
    "Actual Total Time": 1702.495,
    "Actual Rows": 1,
    "Actual Loops": 1,
    "Plans": [
      {
        "Node Type": "Gather",
        "Parent Relationship": "Outer",
        "Parallel Aware": false,
        "Startup Cost": 371003.95,
        "Total Cost": 371004.06,
        "Plan Rows": 1,
        "Plan Width": 8,
        "Actual Startup Time": 1677.353,
        "Actual Total Time": 1702.487,
        "Actual Rows": 2,
        "Actual Loops": 1,
        "Workers Planned": 1,
        "Workers Launched": 1,
        "Single Copy": false,
        "Plans": [
          {
            "Node Type": "Aggregate",
            "Strategy": "Plain",
            "Partial Mode": "Partial",
            "Parent Relationship": "Outer",
            "Parallel Aware": false,
            "Startup Cost": 370003.95,
            "Total Cost": 370003.96,
            "Plan Rows": 1,
            "Plan Width": 8,
            "Actual Startup Time": 1671.286,
            "Actual Total Time": 1671.289,
            "Actual Rows": 1,
            "Actual Loops": 2,
            "Plans": [
              {
                "Node Type": "Hash Join",
                "Parent Relationship": "Outer",
                "Parallel Aware": true,
                "Join Type": "Inner",
                "Startup Cost": 61670.21,
                "Total Cost": 367478.42,
                "Plan Rows": 1010212,
                "Plan Width": 0,
                "Actual Startup Time": 207.462,
                "Actual Total Time": 1652.367,
                "Actual Rows": 438996,
                "Actual Loops": 2,
                "Inner Unique": true,
                "Hash Cond": "(ci.movie_id = t.id)",
                "Plans": [
                  {
                    "Node Type": "Index Scan",
                    "Parent Relationship": "Outer",
                    "Parallel Aware": true,
                    "Scan Direction": "Forward",
                    "Index Name": "role_id_cast_info",
                    "Relation Name": "cast_info",
                    "Alias": "ci",
                    "Startup Cost": 0.56,
                    "Total Cost": 291150.53,
                    "Plan Rows": 5584086,
                    "Plan Width": 4,
                    "Actual Startup Time": 0.191,
                    "Actual Total Time": 650.029,
                    "Actual Rows": 4692352,
                    "Actual Loops": 2,
                    "Index Cond": "(role_id > 4)",
                    "Rows Removed by Index Recheck": 0
                  },
                  {
                    "Node Type": "Hash",
                    "Parent Relationship": "Inner",
                    "Parallel Aware": true,
                    "Startup Cost": 58306.47,
                    "Total Cost": 58306.47,
                    "Plan Rows": 269054,
                    "Plan Width": 4,
                    "Actual Startup Time": 201.513,
                    "Actual Total Time": 201.514,
                    "Actual Rows": 172106,
                    "Actual Loops": 2,
                    "Hash Buckets": 524288,
                    "Original Hash Buckets": 524288,
                    "Hash Batches": 1,
                    "Original Hash Batches": 1,
                    "Peak Memory Usage": 17600,
                    "Plans": [
                      {
                        "Node Type": "Seq Scan",
                        "Parent Relationship": "Outer",
                        "Parallel Aware": true,
                        "Relation Name": "title",
                        "Alias": "t",
                        "Startup Cost": 0.0,
                        "Total Cost": 58306.47,
                        "Plan Rows": 269054,
                        "Plan Width": 4,
                        "Actual Startup Time": 0.025,
                        "Actual Total Time": 150.058,
                        "Actual Rows": 172106,
                        "Actual Loops": 2,
                        "Filter": "((production_year < 1993) AND (kind_id = 7))",
                        "Rows Removed by Filter": 1092050
                      }
                    ]
                  }
                ]
              }
            ]
          }
        ]
      }
    ]
  },
  "Planning Time": 0.627,
  "Triggers": [],
  "Execution Time": 1702.578
}