[
    {
        "Bao": {
            "Bao prediction": "NaN",
            "Bao recommended hint": "(no hint)"
        }
    },
    {
        "Plan": {
            "Node Type": "Aggregate",
            "Strategy": "Plain",
            "Partial Mode": "Finalize",
            "Parallel Aware": false,
            "Startup Cost": 234718.1,
            "Total Cost": 234718.11,
            "Plan Rows": 1,
            "Plan Width": 8,
            "Actual Startup Time": 288.35,
            "Actual Total Time": 296.886,
            "Actual Rows": 1,
            "Actual Loops": 1,
            "Output": [
                "count(*)"
            ],
            "Plans": [
                {
                    "Node Type": "Gather",
                    "Parent Relationship": "Outer",
                    "Parallel Aware": false,
                    "Startup Cost": 234717.58,
                    "Total Cost": 234718.09,
                    "Plan Rows": 5,
                    "Plan Width": 8,
                    "Actual Startup Time": 284.721,
                    "Actual Total Time": 296.88,
                    "Actual Rows": 6,
                    "Actual Loops": 1,
                    "Output": [
                        "(PARTIAL count(*))"
                    ],
                    "Workers Planned": 5,
                    "Workers Launched": 5,
                    "Single Copy": false,
                    "Plans": [
                        {
                            "Node Type": "Aggregate",
                            "Strategy": "Plain",
                            "Partial Mode": "Partial",
                            "Parent Relationship": "Outer",
                            "Parallel Aware": false,
                            "Startup Cost": 233717.58,
                            "Total Cost": 233717.59,
                            "Plan Rows": 1,
                            "Plan Width": 8,
                            "Actual Startup Time": 274.776,
                            "Actual Total Time": 274.78,
                            "Actual Rows": 1,
                            "Actual Loops": 6,
                            "Output": [
                                "PARTIAL count(*)"
                            ],
                            "Workers": [
                                {
                                    "Worker Number": 0,
                                    "Actual Startup Time": 272.013,
                                    "Actual Total Time": 272.016,
                                    "Actual Rows": 1,
                                    "Actual Loops": 1
                                },
                                {
                                    "Worker Number": 1,
                                    "Actual Startup Time": 272.699,
                                    "Actual Total Time": 272.702,
                                    "Actual Rows": 1,
                                    "Actual Loops": 1
                                },
                                {
                                    "Worker Number": 2,
                                    "Actual Startup Time": 272.806,
                                    "Actual Total Time": 272.809,
                                    "Actual Rows": 1,
                                    "Actual Loops": 1
                                },
                                {
                                    "Worker Number": 3,
                                    "Actual Startup Time": 272.804,
                                    "Actual Total Time": 272.808,
                                    "Actual Rows": 1,
                                    "Actual Loops": 1
                                },
                                {
                                    "Worker Number": 4,
                                    "Actual Startup Time": 273.921,
                                    "Actual Total Time": 273.925,
                                    "Actual Rows": 1,
                                    "Actual Loops": 1
                                }
                            ],
                            "Plans": [
                                {
                                    "Node Type": "Hash Join",
                                    "Parent Relationship": "Outer",
                                    "Parallel Aware": true,
                                    "Join Type": "Inner",
                                    "Startup Cost": 67879.43,
                                    "Total Cost": 233583.01,
                                    "Plan Rows": 53826,
                                    "Plan Width": 0,
                                    "Actual Startup Time": 181.038,
                                    "Actual Total Time": 270.906,
                                    "Actual Rows": 62134,
                                    "Actual Loops": 6,
                                    "Inner Unique": true,
                                    "Hash Cond": "(mi.movie_id = t.id)",
                                    "Workers": [
                                        {
                                            "Worker Number": 0,
                                            "Actual Startup Time": 178.515,
                                            "Actual Total Time": 268.351,
                                            "Actual Rows": 54339,
                                            "Actual Loops": 1
                                        },
                                        {
                                            "Worker Number": 1,
                                            "Actual Startup Time": 179.222,
                                            "Actual Total Time": 268.828,
                                            "Actual Rows": 61645,
                                            "Actual Loops": 1
                                        },
                                        {
                                            "Worker Number": 2,
                                            "Actual Startup Time": 178.989,
                                            "Actual Total Time": 268.827,
                                            "Actual Rows": 61687,
                                            "Actual Loops": 1
                                        },
                                        {
                                            "Worker Number": 3,
                                            "Actual Startup Time": 179.212,
                                            "Actual Total Time": 268.712,
                                            "Actual Rows": 63344,
                                            "Actual Loops": 1
                                        },
                                        {
                                            "Worker Number": 4,
                                            "Actual Startup Time": 179.851,
                                            "Actual Total Time": 269.835,
                                            "Actual Rows": 44450,
                                            "Actual Loops": 1
                                        }
                                    ],
                                    "Plans": [
                                        {
                                            "Node Type": "Bitmap Heap Scan",
                                            "Parent Relationship": "Outer",
                                            "Parallel Aware": true,
                                            "Relation Name": "movie_info",
                                            "Schema": "public",
                                            "Alias": "mi",
                                            "Startup Cost": 22246.9,
                                            "Total Cost": 187306.49,
                                            "Plan Rows": 245328,
                                            "Plan Width": 4,
                                            "Actual Startup Time": 68.254,
                                            "Actual Total Time": 100.614,
                                            "Actual Rows": 216498,
                                            "Actual Loops": 6,
                                            "Output": [
                                                "mi.id",
                                                "mi.movie_id",
                                                "mi.info_type_id",
                                                "mi.info",
                                                "mi.note"
                                            ],
                                            "Recheck Cond": "(mi.info_type_id = 4)",
                                            "Rows Removed by Index Recheck": 0,
                                            "Exact Heap Blocks": 1994,
                                            "Lossy Heap Blocks": 0,
                                            "Workers": [
                                                {
                                                    "Worker Number": 0,
                                                    "Actual Startup Time": 68.448,
                                                    "Actual Total Time": 100.32,
                                                    "Actual Rows": 188527,
                                                    "Actual Loops": 1
                                                },
                                                {
                                                    "Worker Number": 1,
                                                    "Actual Startup Time": 68.458,
                                                    "Actual Total Time": 101.698,
                                                    "Actual Rows": 216685,
                                                    "Actual Loops": 1
                                                },
                                                {
                                                    "Worker Number": 2,
                                                    "Actual Startup Time": 68.201,
                                                    "Actual Total Time": 101.747,
                                                    "Actual Rows": 217222,
                                                    "Actual Loops": 1
                                                },
                                                {
                                                    "Worker Number": 3,
                                                    "Actual Startup Time": 68.207,
                                                    "Actual Total Time": 101.849,
                                                    "Actual Rows": 218099,
                                                    "Actual Loops": 1
                                                },
                                                {
                                                    "Worker Number": 4,
                                                    "Actual Startup Time": 68.209,
                                                    "Actual Total Time": 101.042,
                                                    "Actual Rows": 149138,
                                                    "Actual Loops": 1
                                                }
                                            ],
                                            "Plans": [
                                                {
                                                    "Node Type": "Bitmap Index Scan",
                                                    "Parent Relationship": "Outer",
                                                    "Parallel Aware": false,
                                                    "Index Name": "info_type_id_movie_info",
                                                    "Startup Cost": 0.0,
                                                    "Total Cost": 21940.24,
                                                    "Plan Rows": 1226640,
                                                    "Plan Width": 0,
                                                    "Actual Startup Time": 66.814,
                                                    "Actual Total Time": 66.815,
                                                    "Actual Rows": 1298989,
                                                    "Actual Loops": 1,
                                                    "Index Cond": "(mi.info_type_id = 4)"
                                                }
                                            ]
                                        },
                                        {
                                            "Node Type": "Hash",
                                            "Parent Relationship": "Inner",
                                            "Parallel Aware": true,
                                            "Startup Cost": 43899.01,
                                            "Total Cost": 43899.01,
                                            "Plan Rows": 138682,
                                            "Plan Width": 4,
                                            "Actual Startup Time": 108.323,
                                            "Actual Total Time": 108.324,
                                            "Actual Rows": 92160,
                                            "Actual Loops": 6,
                                            "Output": [
                                                "t.id"
                                            ],
                                            "Hash Buckets": 1048576,
                                            "Original Hash Buckets": 1048576,
                                            "Hash Batches": 1,
                                            "Original Hash Batches": 1,
                                            "Peak Memory Usage": 29920,
                                            "Workers": [
                                                {
                                                    "Worker Number": 0,
                                                    "Actual Startup Time": 107.299,
                                                    "Actual Total Time": 107.3,
                                                    "Actual Rows": 82436,
                                                    "Actual Loops": 1
                                                },
                                                {
                                                    "Worker Number": 1,
                                                    "Actual Startup Time": 107.932,
                                                    "Actual Total Time": 107.933,
                                                    "Actual Rows": 88714,
                                                    "Actual Loops": 1
                                                },
                                                {
                                                    "Worker Number": 2,
                                                    "Actual Startup Time": 108.004,
                                                    "Actual Total Time": 108.005,
                                                    "Actual Rows": 90161,
                                                    "Actual Loops": 1
                                                },
                                                {
                                                    "Worker Number": 3,
                                                    "Actual Startup Time": 108.011,
                                                    "Actual Total Time": 108.013,
                                                    "Actual Rows": 89635,
                                                    "Actual Loops": 1
                                                },
                                                {
                                                    "Worker Number": 4,
                                                    "Actual Startup Time": 108.647,
                                                    "Actual Total Time": 108.648,
                                                    "Actual Rows": 59884,
                                                    "Actual Loops": 1
                                                }
                                            ],
                                            "Plans": [
                                                {
                                                    "Node Type": "Seq Scan",
                                                    "Parent Relationship": "Outer",
                                                    "Parallel Aware": true,
                                                    "Relation Name": "title",
                                                    "Schema": "public",
                                                    "Alias": "t",
                                                    "Startup Cost": 0.0,
                                                    "Total Cost": 43899.01,
                                                    "Plan Rows": 138682,
                                                    "Plan Width": 4,
                                                    "Actual Startup Time": 0.038,
                                                    "Actual Total Time": 73.56,
                                                    "Actual Rows": 92160,
                                                    "Actual Loops": 6,
                                                    "Output": [
                                                        "t.id"
                                                    ],
                                                    "Filter": "(t.production_year < 1983)",
                                                    "Rows Removed by Filter": 329225,
                                                    "Workers": [
                                                        {
                                                            "Worker Number": 0,
                                                            "Actual Startup Time": 0.044,
                                                            "Actual Total Time": 72.741,
                                                            "Actual Rows": 82436,
                                                            "Actual Loops": 1
                                                        },
                                                        {
                                                            "Worker Number": 1,
                                                            "Actual Startup Time": 0.047,
                                                            "Actual Total Time": 74.511,
                                                            "Actual Rows": 88714,
                                                            "Actual Loops": 1
                                                        },
                                                        {
                                                            "Worker Number": 2,
                                                            "Actual Startup Time": 0.037,
                                                            "Actual Total Time": 74.791,
                                                            "Actual Rows": 90161,
                                                            "Actual Loops": 1
                                                        },
                                                        {
                                                            "Worker Number": 3,
                                                            "Actual Startup Time": 0.045,
                                                            "Actual Total Time": 74.045,
                                                            "Actual Rows": 89635,
                                                            "Actual Loops": 1
                                                        },
                                                        {
                                                            "Worker Number": 4,
                                                            "Actual Startup Time": 0.043,
                                                            "Actual Total Time": 75.272,
                                                            "Actual Rows": 59884,
                                                            "Actual Loops": 1
                                                        }
                                                    ]
                                                }
                                            ]
                                        }
                                    ]
                                }
                            ]
                        }
                    ]
                }
            ]
        },
        "Planning Time": 190.331,
        "Triggers": [],
        "Execution Time": 296.939
    }
]