{
  "Plan": {
    "Node Type": "Aggregate",
    "Strategy": "Plain",
    "Partial Mode": "Finalize",
    "Parallel Aware": false,
    "Startup Cost": 695088.01,
    "Total Cost": 695088.02,
    "Plan Rows": 1,
    "Plan Width": 8,
    "Actual Startup Time": 4227.629,
    "Actual Total Time": 4272.007,
    "Actual Rows": 1,
    "Actual Loops": 1,
    "Plans": [
      {
        "Node Type": "Gather",
        "Parent Relationship": "Outer",
        "Parallel Aware": false,
        "Startup Cost": 695087.89,
        "Total Cost": 695088.0,
        "Plan Rows": 1,
        "Plan Width": 8,
        "Actual Startup Time": 4216.651,
        "Actual Total Time": 4271.996,
        "Actual Rows": 2,
        "Actual Loops": 1,
        "Workers Planned": 1,
        "Workers Launched": 1,
        "Single Copy": false,
        "Plans": [
          {
            "Node Type": "Aggregate",
            "Strategy": "Plain",
            "Partial Mode": "Partial",
            "Parent Relationship": "Outer",
            "Parallel Aware": false,
            "Startup Cost": 694087.89,
            "Total Cost": 694087.9,
            "Plan Rows": 1,
            "Plan Width": 8,
            "Actual Startup Time": 4205.061,
            "Actual Total Time": 4207.077,
            "Actual Rows": 1,
            "Actual Loops": 2,
            "Plans": [
              {
                "Node Type": "Hash Join",
                "Parent Relationship": "Outer",
                "Parallel Aware": true,
                "Join Type": "Inner",
                "Startup Cost": 324407.93,
                "Total Cost": 684950.14,
                "Plan Rows": 3655101,
                "Plan Width": 0,
                "Actual Startup Time": 1490.272,
                "Actual Total Time": 3762.414,
                "Actual Rows": 11712750,
                "Actual Loops": 2,
                "Inner Unique": false,
                "Hash Cond": "(ci.movie_id = t.id)",
                "Plans": [
                  {
                    "Node Type": "Bitmap Heap Scan",
                    "Parent Relationship": "Outer",
                    "Parallel Aware": true,
                    "Relation Name": "cast_info",
                    "Alias": "ci",
                    "Startup Cost": 177257.36,
                    "Total Cost": 500861.01,
                    "Plan Rows": 4116791,
                    "Plan Width": 4,
                    "Actual Startup Time": 344.416,
                    "Actual Total Time": 903.013,
                    "Actual Rows": 3920687,
                    "Actual Loops": 2,
                    "Recheck Cond": "(person_id < 800979)",
                    "Rows Removed by Index Recheck": 0,
                    "Filter": "(role_id < 10)",
                    "Rows Removed by Filter": 176614,
                    "Exact Heap Blocks": 45336,
                    "Lossy Heap Blocks": 0,
                    "Plans": [
                      {
                        "Node Type": "Bitmap Index Scan",
                        "Parent Relationship": "Outer",
                        "Parallel Aware": false,
                        "Index Name": "person_id_cast_info",
                        "Startup Cost": 0.0,
                        "Total Cost": 175507.72,
                        "Plan Rows": 8037221,
                        "Plan Width": 0,
                        "Actual Startup Time": 329.592,
                        "Actual Total Time": 329.592,
                        "Actual Rows": 8194603,
                        "Actual Loops": 1,
                        "Index Cond": "(person_id < 800979)"
                      }
                    ]
                  },
                  {
                    "Node Type": "Hash",
                    "Parent Relationship": "Inner",
                    "Parallel Aware": true,
                    "Startup Cost": 130645.06,
                    "Total Cost": 130645.06,
                    "Plan Rows": 1320441,
                    "Plan Width": 8,
                    "Actual Startup Time": 1124.216,
                    "Actual Total Time": 1126.23,
                    "Actual Rows": 1122836,
                    "Actual Loops": 2,
                    "Hash Buckets": 4194304,
                    "Original Hash Buckets": 4194304,
                    "Hash Batches": 1,
                    "Original Hash Batches": 1,
                    "Peak Memory Usage": 120640,
                    "Plans": [
                      {
                        "Node Type": "Hash Join",
                        "Parent Relationship": "Outer",
                        "Parallel Aware": true,
                        "Join Type": "Inner",
                        "Startup Cost": 69460.7,
                        "Total Cost": 130645.06,
                        "Plan Rows": 1320441,
                        "Plan Width": 8,
                        "Actual Startup Time": 513.271,
                        "Actual Total Time": 919.037,
                        "Actual Rows": 1122836,
                        "Actual Loops": 2,
                        "Inner Unique": true,
                        "Hash Cond": "(mk.movie_id = t.id)",
                        "Plans": [
                          {
                            "Node Type": "Seq Scan",
                            "Parent Relationship": "Outer",
                            "Parallel Aware": true,
                            "Relation Name": "movie_keyword",
                            "Alias": "mk",
                            "Startup Cost": 0.0,
                            "Total Cost": 57718.19,
                            "Plan Rows": 1320441,
                            "Plan Width": 4,
                            "Actual Startup Time": 0.429,
                            "Actual Total Time": 195.767,
                            "Actual Rows": 1122836,
                            "Actual Loops": 2,
                            "Filter": "(keyword_id > 4822)",
                            "Rows Removed by Filter": 1139130
                          },
                          {
                            "Node Type": "Hash",
                            "Parent Relationship": "Inner",
                            "Parallel Aware": true,
                            "Startup Cost": 50870.31,
                            "Total Cost": 50870.31,
                            "Plan Rows": 1487231,
                            "Plan Width": 4,
                            "Actual Startup Time": 500.498,
                            "Actual Total Time": 500.502,
                            "Actual Rows": 1264156,
                            "Actual Loops": 2,
                            "Hash Buckets": 4194304,
                            "Original Hash Buckets": 4194304,
                            "Hash Batches": 1,
                            "Original Hash Batches": 1,
                            "Peak Memory Usage": 131680,
                            "Plans": [
                              {
                                "Node Type": "Seq Scan",
                                "Parent Relationship": "Outer",
                                "Parallel Aware": true,
                                "Relation Name": "title",
                                "Alias": "t",
                                "Startup Cost": 0.0,
                                "Total Cost": 50870.31,
                                "Plan Rows": 1487231,
                                "Plan Width": 4,
                                "Actual Startup Time": 0.033,
                                "Actual Total Time": 153.964,
                                "Actual Rows": 1264156,
                                "Actual Loops": 2
                              }
                            ]
                          }
                        ]
                      }
                    ]
                  }
                ]
              }
            ]
          }
        ]
      }
    ]
  },
  "Planning Time": 0.972,
  "Triggers": [],
  "Execution Time": 4272.108
}