[
  {
    "Plan": {
      "Node Type": "Aggregate",
      "Strategy": "Plain",
      "Partial Mode": "Finalize",
      "Parallel Aware": false,
      "Startup Cost": 84915.65,
      "Total Cost": 84915.66,
      "Plan Rows": 1,
      "Plan Width": 8,
      "Actual Startup Time": 540.933,
      "Actual Total Time": 560.328,
      "Actual Rows": 1,
      "Actual Loops": 1,
      "Plans": [
        {
          "Node Type": "Gather",
          "Parent Relationship": "Outer",
          "Parallel Aware": false,
          "Startup Cost": 84915.33,
          "Total Cost": 84915.64,
          "Plan Rows": 3,
          "Plan Width": 8,
          "Actual Startup Time": 534.475,
          "Actual Total Time": 560.313,
          "Actual Rows": 4,
          "Actual Loops": 1,
          "Workers Planned": 3,
          "Workers Launched": 3,
          "Single Copy": false,
          "Plans": [
            {
              "Node Type": "Aggregate",
              "Strategy": "Plain",
              "Partial Mode": "Partial",
              "Parent Relationship": "Outer",
              "Parallel Aware": false,
              "Startup Cost": 83915.33,
              "Total Cost": 83915.34,
              "Plan Rows": 1,
              "Plan Width": 8,
              "Actual Startup Time": 515.28,
              "Actual Total Time": 515.284,
              "Actual Rows": 1,
              "Actual Loops": 4,
              "Plans": [
                {
                  "Node Type": "Hash Join",
                  "Parent Relationship": "Outer",
                  "Parallel Aware": true,
                  "Join Type": "Inner",
                  "Startup Cost": 50755.65,
                  "Total Cost": 83125.77,
                  "Plan Rows": 315826,
                  "Plan Width": 0,
                  "Actual Startup Time": 366.979,
                  "Actual Total Time": 504.567,
                  "Actual Rows": 247500,
                  "Actual Loops": 4,
                  "Inner Unique": true,
                  "Hash Cond": "(mc.movie_id = t.id)",
                  "Plans": [
                    {
                      "Node Type": "Seq Scan",
                      "Parent Relationship": "Outer",
                      "Parallel Aware": true,
                      "Relation Name": "movie_companies",
                      "Alias": "mc",
                      "Startup Cost": 0.0,
                      "Total Cost": 31414.82,
                      "Plan Rows": 363922,
                      "Plan Width": 4,
                      "Actual Startup Time": 32.084,
                      "Actual Total Time": 71.751,
                      "Actual Rows": 310794,
                      "Actual Loops": 4,
                      "Filter": "((company_id > 225) AND (company_type_id = 2))",
                      "Rows Removed by Filter": 341489
                    },
                    {
                      "Node Type": "Hash",
                      "Parent Relationship": "Inner",
                      "Parallel Aware": true,
                      "Startup Cost": 43898.92,
                      "Total Cost": 43898.92,
                      "Plan Rows": 548539,
                      "Plan Width": 4,
                      "Actual Startup Time": 322.557,
                      "Actual Total Time": 322.558,
                      "Actual Rows": 545579,
                      "Actual Loops": 4,
                      "Hash Buckets": 4194304,
                      "Original Hash Buckets": 4194304,
                      "Hash Batches": 1,
                      "Original Hash Batches": 1,
                      "Peak Memory Usage": 118208,
                      "Plans": [
                        {
                          "Node Type": "Seq Scan",
                          "Parent Relationship": "Outer",
                          "Parallel Aware": true,
                          "Relation Name": "title",
                          "Alias": "t",
                          "Startup Cost": 0.0,
                          "Total Cost": 43898.92,
                          "Plan Rows": 548539,
                          "Plan Width": 4,
                          "Actual Startup Time": 0.045,
                          "Actual Total Time": 113.619,
                          "Actual Rows": 545579,
                          "Actual Loops": 4,
                          "Filter": "(production_year > 1962)",
                          "Rows Removed by Filter": 86499
                        }
                      ]
                    }
                  ]
                }
              ]
            }
          ]
        }
      ]
    },
    "Planning Time": 0.739,
    "Triggers": [],
    "Execution Time": 560.411
  }
]