[
  {
    "Plan": {
      "Node Type": "Aggregate",
      "Strategy": "Plain",
      "Partial Mode": "Finalize",
      "Parallel Aware": false,
      "Startup Cost": 45153.59,
      "Total Cost": 45153.6,
      "Plan Rows": 1,
      "Plan Width": 8,
      "Actual Startup Time": 140.79,
      "Actual Total Time": 150.569,
      "Actual Rows": 1,
      "Actual Loops": 1,
      "Plans": [
        {
          "Node Type": "Gather",
          "Parent Relationship": "Outer",
          "Parallel Aware": false,
          "Startup Cost": 45153.27,
          "Total Cost": 45153.58,
          "Plan Rows": 3,
          "Plan Width": 8,
          "Actual Startup Time": 140.726,
          "Actual Total Time": 150.561,
          "Actual Rows": 4,
          "Actual Loops": 1,
          "Workers Planned": 3,
          "Workers Launched": 3,
          "Single Copy": false,
          "Plans": [
            {
              "Node Type": "Aggregate",
              "Strategy": "Plain",
              "Partial Mode": "Partial",
              "Parent Relationship": "Outer",
              "Parallel Aware": false,
              "Startup Cost": 44153.27,
              "Total Cost": 44153.28,
              "Plan Rows": 1,
              "Plan Width": 8,
              "Actual Startup Time": 134.565,
              "Actual Total Time": 134.566,
              "Actual Rows": 1,
              "Actual Loops": 4,
              "Plans": [
                {
                  "Node Type": "Seq Scan",
                  "Parent Relationship": "Outer",
                  "Parallel Aware": true,
                  "Relation Name": "movie_keyword",
                  "Alias": "mk",
                  "Startup Cost": 0.0,
                  "Total Cost": 42695.65,
                  "Plan Rows": 583047,
                  "Plan Width": 0,
                  "Actual Startup Time": 0.05,
                  "Actual Total Time": 111.853,
                  "Actual Rows": 454500,
                  "Actual Loops": 4,
                  "Filter": "(keyword_id < 2982)",
                  "Rows Removed by Filter": 676482
                }
              ]
            }
          ]
        }
      ]
    },
    "Planning Time": 0.12,
    "Triggers": [],
    "Execution Time": 150.608
  }
]