[
  {
    "Plan": {
      "Node Type": "Aggregate",
      "Strategy": "Plain",
      "Partial Mode": "Finalize",
      "Parallel Aware": false,
      "Startup Cost": 83365.44,
      "Total Cost": 83365.45,
      "Plan Rows": 1,
      "Plan Width": 8,
      "Actual Startup Time": 223.351,
      "Actual Total Time": 240.306,
      "Actual Rows": 1,
      "Actual Loops": 1,
      "Plans": [
        {
          "Node Type": "Gather",
          "Parent Relationship": "Outer",
          "Parallel Aware": false,
          "Startup Cost": 83365.12,
          "Total Cost": 83365.43,
          "Plan Rows": 3,
          "Plan Width": 8,
          "Actual Startup Time": 222.126,
          "Actual Total Time": 240.298,
          "Actual Rows": 4,
          "Actual Loops": 1,
          "Workers Planned": 3,
          "Workers Launched": 3,
          "Single Copy": false,
          "Plans": [
            {
              "Node Type": "Aggregate",
              "Strategy": "Plain",
              "Partial Mode": "Partial",
              "Parent Relationship": "Outer",
              "Parallel Aware": false,
              "Startup Cost": 82365.12,
              "Total Cost": 82365.13,
              "Plan Rows": 1,
              "Plan Width": 8,
              "Actual Startup Time": 216.57,
              "Actual Total Time": 216.575,
              "Actual Rows": 1,
              "Actual Loops": 4,
              "Plans": [
                {
                  "Node Type": "Hash Join",
                  "Parent Relationship": "Outer",
                  "Parallel Aware": true,
                  "Join Type": "Inner",
                  "Startup Cost": 55598.69,
                  "Total Cost": 82361.27,
                  "Plan Rows": 1539,
                  "Plan Width": 0,
                  "Actual Startup Time": 150.143,
                  "Actual Total Time": 216.368,
                  "Actual Rows": 1926,
                  "Actual Loops": 4,
                  "Inner Unique": true,
                  "Hash Cond": "(mk.movie_id = t.id)",
                  "Plans": [
                    {
                      "Node Type": "Bitmap Heap Scan",
                      "Parent Relationship": "Outer",
                      "Parallel Aware": true,
                      "Relation Name": "movie_keyword",
                      "Alias": "mk",
                      "Startup Cost": 10039.45,
                      "Total Cost": 36401.36,
                      "Plan Rows": 152633,
                      "Plan Width": 4,
                      "Actual Startup Time": 29.863,
                      "Actual Total Time": 91.475,
                      "Actual Rows": 117148,
                      "Actual Loops": 4,
                      "Recheck Cond": "(keyword_id > 37956)",
                      "Rows Removed by Index Recheck": 0,
                      "Exact Heap Blocks": 8499,
                      "Lossy Heap Blocks": 0,
                      "Plans": [
                        {
                          "Node Type": "Bitmap Index Scan",
                          "Parent Relationship": "Outer",
                          "Parallel Aware": false,
                          "Index Name": "keyword_id_movie_keyword",
                          "Startup Cost": 0.0,
                          "Total Cost": 9921.16,
                          "Plan Rows": 473163,
                          "Plan Width": 0,
                          "Actual Startup Time": 26.341,
                          "Actual Total Time": 26.342,
                          "Actual Rows": 468593,
                          "Actual Loops": 1,
                          "Index Cond": "(keyword_id > 37956)"
                        }
                      ]
                    },
                    {
                      "Node Type": "Hash",
                      "Parent Relationship": "Inner",
                      "Parallel Aware": true,
                      "Startup Cost": 45479.59,
                      "Total Cost": 45479.59,
                      "Plan Rows": 6373,
                      "Plan Width": 4,
                      "Actual Startup Time": 105.741,
                      "Actual Total Time": 105.742,
                      "Actual Rows": 25994,
                      "Actual Loops": 4,
                      "Hash Buckets": 131072,
                      "Original Hash Buckets": 32768,
                      "Hash Batches": 1,
                      "Original Hash Batches": 1,
                      "Peak Memory Usage": 5952,
                      "Plans": [
                        {
                          "Node Type": "Seq Scan",
                          "Parent Relationship": "Outer",
                          "Parallel Aware": true,
                          "Relation Name": "title",
                          "Alias": "t",
                          "Startup Cost": 0.0,
                          "Total Cost": 45479.59,
                          "Plan Rows": 6373,
                          "Plan Width": 4,
                          "Actual Startup Time": 55.886,
                          "Actual Total Time": 93.618,
                          "Actual Rows": 25994,
                          "Actual Loops": 4,
                          "Filter": "((production_year < 1926) AND (kind_id = 1))",
                          "Rows Removed by Filter": 606084
                        }
                      ]
                    }
                  ]
                }
              ]
            }
          ]
        }
      ]
    },
    "Planning Time": 0.39,
    "Triggers": [],
    "Execution Time": 240.357
  }
]