{
  "Plan": {
    "Node Type": "Aggregate",
    "Strategy": "Plain",
    "Partial Mode": "Finalize",
    "Parallel Aware": false,
    "Startup Cost": 114394.73,
    "Total Cost": 114394.74,
    "Plan Rows": 1,
    "Plan Width": 8,
    "Actual Startup Time": 494.444,
    "Actual Total Time": 512.503,
    "Actual Rows": 1,
    "Actual Loops": 1,
    "Plans": [
      {
        "Node Type": "Gather",
        "Parent Relationship": "Outer",
        "Parallel Aware": false,
        "Startup Cost": 114394.61,
        "Total Cost": 114394.72,
        "Plan Rows": 1,
        "Plan Width": 8,
        "Actual Startup Time": 493.518,
        "Actual Total Time": 512.491,
        "Actual Rows": 2,
        "Actual Loops": 1,
        "Workers Planned": 1,
        "Workers Launched": 1,
        "Single Copy": false,
        "Plans": [
          {
            "Node Type": "Aggregate",
            "Strategy": "Plain",
            "Partial Mode": "Partial",
            "Parent Relationship": "Outer",
            "Parallel Aware": false,
            "Startup Cost": 113394.61,
            "Total Cost": 113394.62,
            "Plan Rows": 1,
            "Plan Width": 8,
            "Actual Startup Time": 487.6,
            "Actual Total Time": 487.605,
            "Actual Rows": 1,
            "Actual Loops": 2,
            "Plans": [
              {
                "Node Type": "Hash Join",
                "Parent Relationship": "Outer",
                "Parallel Aware": true,
                "Join Type": "Inner",
                "Startup Cost": 79153.03,
                "Total Cost": 113261.89,
                "Plan Rows": 53089,
                "Plan Width": 0,
                "Actual Startup Time": 289.677,
                "Actual Total Time": 483.051,
                "Actual Rows": 83778,
                "Actual Loops": 2,
                "Inner Unique": true,
                "Hash Cond": "(mk.movie_id = t.id)",
                "Plans": [
                  {
                    "Node Type": "Bitmap Heap Scan",
                    "Parent Relationship": "Outer",
                    "Parallel Aware": true,
                    "Relation Name": "movie_keyword",
                    "Alias": "mk",
                    "Startup Cost": 23018.53,
                    "Total Cost": 55451.75,
                    "Plan Rows": 638338,
                    "Plan Width": 4,
                    "Actual Startup Time": 85.985,
                    "Actual Total Time": 199.678,
                    "Actual Rows": 543386,
                    "Actual Loops": 2,
                    "Recheck Cond": "(keyword_id > 16270)",
                    "Rows Removed by Index Recheck": 0,
                    "Exact Heap Blocks": 9685,
                    "Lossy Heap Blocks": 0,
                    "Plans": [
                      {
                        "Node Type": "Bitmap Index Scan",
                        "Parent Relationship": "Outer",
                        "Parallel Aware": false,
                        "Index Name": "keyword_id_movie_keyword",
                        "Startup Cost": 0.0,
                        "Total Cost": 22747.24,
                        "Plan Rows": 1085174,
                        "Plan Width": 0,
                        "Actual Startup Time": 82.331,
                        "Actual Total Time": 82.332,
                        "Actual Rows": 1086771,
                        "Actual Loops": 1,
                        "Index Cond": "(keyword_id > 16270)"
                      }
                    ]
                  },
                  {
                    "Node Type": "Hash",
                    "Parent Relationship": "Inner",
                    "Parallel Aware": true,
                    "Startup Cost": 54588.39,
                    "Total Cost": 54588.39,
                    "Plan Rows": 123689,
                    "Plan Width": 4,
                    "Actual Startup Time": 199.559,
                    "Actual Total Time": 199.56,
                    "Actual Rows": 110558,
                    "Actual Loops": 2,
                    "Hash Buckets": 262144,
                    "Original Hash Buckets": 262144,
                    "Hash Batches": 1,
                    "Original Hash Batches": 1,
                    "Peak Memory Usage": 10752,
                    "Plans": [
                      {
                        "Node Type": "Seq Scan",
                        "Parent Relationship": "Outer",
                        "Parallel Aware": true,
                        "Relation Name": "title",
                        "Alias": "t",
                        "Startup Cost": 0.0,
                        "Total Cost": 54588.39,
                        "Plan Rows": 123689,
                        "Plan Width": 4,
                        "Actual Startup Time": 0.046,
                        "Actual Total Time": 168.48,
                        "Actual Rows": 110558,
                        "Actual Loops": 2,
                        "Filter": "(production_year < 1958)",
                        "Rows Removed by Filter": 1153598
                      }
                    ]
                  }
                ]
              }
            ]
          }
        ]
      }
    ]
  },
  "Planning Time": 0.469,
  "Triggers": [],
  "Execution Time": 512.614
}