[
  {
    "Plan": {
      "Node Type": "Aggregate",
      "Strategy": "Plain",
      "Partial Mode": "Finalize",
      "Parallel Aware": false,
      "Startup Cost": 53220.13,
      "Total Cost": 53220.14,
      "Plan Rows": 1,
      "Plan Width": 8,
      "Actual Startup Time": 51.318,
      "Actual Total Time": 58.701,
      "Actual Rows": 1,
      "Actual Loops": 1,
      "Plans": [
        {
          "Node Type": "Gather",
          "Parent Relationship": "Outer",
          "Parallel Aware": false,
          "Startup Cost": 53219.81,
          "Total Cost": 53220.12,
          "Plan Rows": 3,
          "Plan Width": 8,
          "Actual Startup Time": 51.156,
          "Actual Total Time": 58.696,
          "Actual Rows": 4,
          "Actual Loops": 1,
          "Workers Planned": 3,
          "Workers Launched": 3,
          "Single Copy": false,
          "Plans": [
            {
              "Node Type": "Aggregate",
              "Strategy": "Plain",
              "Partial Mode": "Partial",
              "Parent Relationship": "Outer",
              "Parallel Aware": false,
              "Startup Cost": 52219.81,
              "Total Cost": 52219.82,
              "Plan Rows": 1,
              "Plan Width": 8,
              "Actual Startup Time": 46.231,
              "Actual Total Time": 46.232,
              "Actual Rows": 1,
              "Actual Loops": 4,
              "Plans": [
                {
                  "Node Type": "Nested Loop",
                  "Parent Relationship": "Outer",
                  "Parallel Aware": false,
                  "Join Type": "Inner",
                  "Startup Cost": 626.19,
                  "Total Cost": 52216.79,
                  "Plan Rows": 1206,
                  "Plan Width": 0,
                  "Actual Startup Time": 8.289,
                  "Actual Total Time": 46.111,
                  "Actual Rows": 1312,
                  "Actual Loops": 4,
                  "Inner Unique": false,
                  "Plans": [
                    {
                      "Node Type": "Nested Loop",
                      "Parent Relationship": "Outer",
                      "Parallel Aware": false,
                      "Join Type": "Inner",
                      "Startup Cost": 625.76,
                      "Total Cost": 48844.0,
                      "Plan Rows": 1368,
                      "Plan Width": 8,
                      "Actual Startup Time": 7.822,
                      "Actual Total Time": 34.168,
                      "Actual Rows": 1314,
                      "Actual Loops": 4,
                      "Inner Unique": true,
                      "Plans": [
                        {
                          "Node Type": "Bitmap Heap Scan",
                          "Parent Relationship": "Outer",
                          "Parallel Aware": true,
                          "Relation Name": "movie_companies",
                          "Alias": "mc",
                          "Startup Cost": 625.33,
                          "Total Cost": 20409.5,
                          "Plan Rows": 4763,
                          "Plan Width": 4,
                          "Actual Startup Time": 7.569,
                          "Actual Total Time": 11.615,
                          "Actual Rows": 3618,
                          "Actual Loops": 4,
                          "Recheck Cond": "(company_id = 27)",
                          "Rows Removed by Index Recheck": 0,
                          "Filter": "(company_type_id > 1)",
                          "Rows Removed by Filter": 3208,
                          "Exact Heap Blocks": 4627,
                          "Lossy Heap Blocks": 0,
                          "Plans": [
                            {
                              "Node Type": "Bitmap Index Scan",
                              "Parent Relationship": "Outer",
                              "Parallel Aware": false,
                              "Index Name": "company_id_movie_companies",
                              "Startup Cost": 0.0,
                              "Total Cost": 621.64,
                              "Plan Rows": 28961,
                              "Plan Width": 0,
                              "Actual Startup Time": 3.085,
                              "Actual Total Time": 3.086,
                              "Actual Rows": 27303,
                              "Actual Loops": 1,
                              "Index Cond": "(company_id = 27)"
                            }
                          ]
                        },
                        {
                          "Node Type": "Index Scan",
                          "Parent Relationship": "Inner",
                          "Parallel Aware": false,
                          "Scan Direction": "Forward",
                          "Index Name": "title_pkey",
                          "Relation Name": "title",
                          "Alias": "t",
                          "Startup Cost": 0.43,
                          "Total Cost": 5.97,
                          "Plan Rows": 1,
                          "Plan Width": 4,
                          "Actual Startup Time": 0.006,
                          "Actual Total Time": 0.006,
                          "Actual Rows": 0,
                          "Actual Loops": 14470,
                          "Index Cond": "(id = mc.movie_id)",
                          "Rows Removed by Index Recheck": 0,
                          "Filter": "((production_year < 2003) AND (kind_id = 7))",
                          "Rows Removed by Filter": 1
                        }
                      ]
                    },
                    {
                      "Node Type": "Index Scan",
                      "Parent Relationship": "Inner",
                      "Parallel Aware": false,
                      "Scan Direction": "Forward",
                      "Index Name": "movie_id_movie_info",
                      "Relation Name": "movie_info",
                      "Alias": "mi",
                      "Startup Cost": 0.43,
                      "Total Cost": 2.41,
                      "Plan Rows": 6,
                      "Plan Width": 4,
                      "Actual Startup Time": 0.007,
                      "Actual Total Time": 0.009,
                      "Actual Rows": 1,
                      "Actual Loops": 5257,
                      "Index Cond": "(movie_id = t.id)",
                      "Rows Removed by Index Recheck": 0,
                      "Filter": "(info_type_id > 16)",
                      "Rows Removed by Filter": 7
                    }
                  ]
                }
              ]
            }
          ]
        }
      ]
    },
    "Planning Time": 0.542,
    "Triggers": [],
    "Execution Time": 58.743
  }
]