[
  {
    "Plan": {
      "Node Type": "Aggregate",
      "Strategy": "Plain",
      "Partial Mode": "Finalize",
      "Parallel Aware": false,
      "Startup Cost": 361602.33,
      "Total Cost": 361602.34,
      "Plan Rows": 1,
      "Plan Width": 8,
      "Actual Startup Time": 378.269,
      "Actual Total Time": 438.73,
      "Actual Rows": 1,
      "Actual Loops": 1,
      "Plans": [
        {
          "Node Type": "Gather",
          "Parent Relationship": "Outer",
          "Parallel Aware": false,
          "Startup Cost": 361601.91,
          "Total Cost": 361602.32,
          "Plan Rows": 4,
          "Plan Width": 8,
          "Actual Startup Time": 378.079,
          "Actual Total Time": 438.721,
          "Actual Rows": 5,
          "Actual Loops": 1,
          "Workers Planned": 4,
          "Workers Launched": 4,
          "Single Copy": false,
          "Plans": [
            {
              "Node Type": "Aggregate",
              "Strategy": "Plain",
              "Partial Mode": "Partial",
              "Parent Relationship": "Outer",
              "Parallel Aware": false,
              "Startup Cost": 360601.91,
              "Total Cost": 360601.92,
              "Plan Rows": 1,
              "Plan Width": 8,
              "Actual Startup Time": 371.241,
              "Actual Total Time": 371.243,
              "Actual Rows": 1,
              "Actual Loops": 5,
              "Plans": [
                {
                  "Node Type": "Nested Loop",
                  "Parent Relationship": "Outer",
                  "Parallel Aware": false,
                  "Join Type": "Inner",
                  "Startup Cost": 0.56,
                  "Total Cost": 360393.92,
                  "Plan Rows": 83196,
                  "Plan Width": 0,
                  "Actual Startup Time": 0.642,
                  "Actual Total Time": 367.494,
                  "Actual Rows": 60475,
                  "Actual Loops": 5,
                  "Inner Unique": false,
                  "Plans": [
                    {
                      "Node Type": "Seq Scan",
                      "Parent Relationship": "Outer",
                      "Parallel Aware": true,
                      "Relation Name": "title",
                      "Alias": "t",
                      "Startup Cost": 0.0,
                      "Total Cost": 45479.59,
                      "Plan Rows": 13119,
                      "Plan Width": 4,
                      "Actual Startup Time": 0.036,
                      "Actual Total Time": 65.269,
                      "Actual Rows": 11296,
                      "Actual Loops": 5,
                      "Filter": "((kind_id = 7) AND (production_year = 2004))",
                      "Rows Removed by Filter": 494366
                    },
                    {
                      "Node Type": "Index Scan",
                      "Parent Relationship": "Inner",
                      "Parallel Aware": false,
                      "Scan Direction": "Forward",
                      "Index Name": "movie_id_cast_info",
                      "Relation Name": "cast_info",
                      "Alias": "ci",
                      "Startup Cost": 0.56,
                      "Total Cost": 23.85,
                      "Plan Rows": 15,
                      "Plan Width": 4,
                      "Actual Startup Time": 0.018,
                      "Actual Total Time": 0.026,
                      "Actual Rows": 5,
                      "Actual Loops": 56480,
                      "Index Cond": "(movie_id = t.id)",
                      "Rows Removed by Index Recheck": 0,
                      "Filter": "(role_id > 2)",
                      "Rows Removed by Filter": 7
                    }
                  ]
                }
              ]
            }
          ]
        }
      ]
    },
    "Planning Time": 0.256,
    "Triggers": [],
    "Execution Time": 438.791
  }
]