{
  "Plan": {
    "Node Type": "Aggregate",
    "Strategy": "Plain",
    "Partial Mode": "Finalize",
    "Parallel Aware": false,
    "Startup Cost": 342250.83,
    "Total Cost": 342250.84,
    "Plan Rows": 1,
    "Plan Width": 8,
    "Actual Startup Time": 1299.985,
    "Actual Total Time": 1357.948,
    "Actual Rows": 1,
    "Actual Loops": 1,
    "Plans": [
      {
        "Node Type": "Gather",
        "Parent Relationship": "Outer",
        "Parallel Aware": false,
        "Startup Cost": 342250.72,
        "Total Cost": 342250.83,
        "Plan Rows": 1,
        "Plan Width": 8,
        "Actual Startup Time": 1299.614,
        "Actual Total Time": 1357.937,
        "Actual Rows": 2,
        "Actual Loops": 1,
        "Workers Planned": 1,
        "Workers Launched": 1,
        "Single Copy": false,
        "Plans": [
          {
            "Node Type": "Aggregate",
            "Strategy": "Plain",
            "Partial Mode": "Partial",
            "Parent Relationship": "Outer",
            "Parallel Aware": false,
            "Startup Cost": 341250.72,
            "Total Cost": 341250.73,
            "Plan Rows": 1,
            "Plan Width": 8,
            "Actual Startup Time": 1296.056,
            "Actual Total Time": 1296.062,
            "Actual Rows": 1,
            "Actual Loops": 2,
            "Plans": [
              {
                "Node Type": "Hash Join",
                "Parent Relationship": "Outer",
                "Parallel Aware": true,
                "Join Type": "Inner",
                "Startup Cost": 58614.21,
                "Total Cost": 341065.4,
                "Plan Rows": 74128,
                "Plan Width": 0,
                "Actual Startup Time": 196.229,
                "Actual Total Time": 1294.653,
                "Actual Rows": 24618,
                "Actual Loops": 2,
                "Inner Unique": true,
                "Hash Cond": "(mi.movie_id = t.id)",
                "Plans": [
                  {
                    "Node Type": "Seq Scan",
                    "Parent Relationship": "Outer",
                    "Parallel Aware": true,
                    "Relation Name": "movie_info",
                    "Alias": "mi",
                    "Startup Cost": 0.0,
                    "Total Cost": 270696.42,
                    "Plan Rows": 4478001,
                    "Plan Width": 4,
                    "Actual Startup Time": 39.032,
                    "Actual Total Time": 778.895,
                    "Actual Rows": 3774428,
                    "Actual Loops": 2,
                    "Filter": "(info_type_id > 7)",
                    "Rows Removed by Filter": 3643432
                  },
                  {
                    "Node Type": "Hash",
                    "Parent Relationship": "Inner",
                    "Parallel Aware": true,
                    "Startup Cost": 58306.47,
                    "Total Cost": 58306.47,
                    "Plan Rows": 24619,
                    "Plan Width": 4,
                    "Actual Startup Time": 155.626,
                    "Actual Total Time": 155.627,
                    "Actual Rows": 20128,
                    "Actual Loops": 2,
                    "Hash Buckets": 65536,
                    "Original Hash Buckets": 65536,
                    "Hash Batches": 1,
                    "Original Hash Batches": 1,
                    "Peak Memory Usage": 2112,
                    "Plans": [
                      {
                        "Node Type": "Seq Scan",
                        "Parent Relationship": "Outer",
                        "Parallel Aware": true,
                        "Relation Name": "title",
                        "Alias": "t",
                        "Startup Cost": 0.0,
                        "Total Cost": 58306.47,
                        "Plan Rows": 24619,
                        "Plan Width": 4,
                        "Actual Startup Time": 0.05,
                        "Actual Total Time": 148.788,
                        "Actual Rows": 20128,
                        "Actual Loops": 2,
                        "Filter": "((production_year > 2012) AND (kind_id = 7))",
                        "Rows Removed by Filter": 1244028
                      }
                    ]
                  }
                ]
              }
            ]
          }
        ]
      }
    ]
  },
  "Planning Time": 0.464,
  "Triggers": [],
  "Execution Time": 1358.026
}