[
  {
    "Plan": {
      "Node Type": "Aggregate",
      "Strategy": "Plain",
      "Partial Mode": "Finalize",
      "Parallel Aware": false,
      "Startup Cost": 16768.78,
      "Total Cost": 16768.79,
      "Plan Rows": 1,
      "Plan Width": 8,
      "Actual Startup Time": 9.955,
      "Actual Total Time": 11.701,
      "Actual Rows": 1,
      "Actual Loops": 1,
      "Plans": [
        {
          "Node Type": "Gather",
          "Parent Relationship": "Outer",
          "Parallel Aware": false,
          "Startup Cost": 16768.66,
          "Total Cost": 16768.77,
          "Plan Rows": 1,
          "Plan Width": 8,
          "Actual Startup Time": 9.503,
          "Actual Total Time": 11.694,
          "Actual Rows": 2,
          "Actual Loops": 1,
          "Workers Planned": 1,
          "Workers Launched": 1,
          "Single Copy": false,
          "Plans": [
            {
              "Node Type": "Aggregate",
              "Strategy": "Plain",
              "Partial Mode": "Partial",
              "Parent Relationship": "Outer",
              "Parallel Aware": false,
              "Startup Cost": 15768.66,
              "Total Cost": 15768.67,
              "Plan Rows": 1,
              "Plan Width": 8,
              "Actual Startup Time": 5.356,
              "Actual Total Time": 5.359,
              "Actual Rows": 1,
              "Actual Loops": 2,
              "Plans": [
                {
                  "Node Type": "Nested Loop",
                  "Parent Relationship": "Outer",
                  "Parallel Aware": false,
                  "Join Type": "Inner",
                  "Startup Cost": 63.32,
                  "Total Cost": 15756.31,
                  "Plan Rows": 4942,
                  "Plan Width": 0,
                  "Actual Startup Time": 3.882,
                  "Actual Total Time": 5.337,
                  "Actual Rows": 130,
                  "Actual Loops": 2,
                  "Inner Unique": false,
                  "Plans": [
                    {
                      "Node Type": "Nested Loop",
                      "Parent Relationship": "Outer",
                      "Parallel Aware": false,
                      "Join Type": "Inner",
                      "Startup Cost": 62.75,
                      "Total Cost": 14706.57,
                      "Plan Rows": 345,
                      "Plan Width": 8,
                      "Actual Startup Time": 3.759,
                      "Actual Total Time": 4.124,
                      "Actual Rows": 6,
                      "Actual Loops": 2,
                      "Inner Unique": true,
                      "Plans": [
                        {
                          "Node Type": "Bitmap Heap Scan",
                          "Parent Relationship": "Outer",
                          "Parallel Aware": true,
                          "Relation Name": "movie_companies",
                          "Alias": "mc",
                          "Startup Cost": 62.32,
                          "Total Cost": 7741.3,
                          "Plan Rows": 863,
                          "Plan Width": 4,
                          "Actual Startup Time": 3.465,
                          "Actual Total Time": 3.59,
                          "Actual Rows": 25,
                          "Actual Loops": 2,
                          "Recheck Cond": "(company_id = 425)",
                          "Rows Removed by Index Recheck": 0,
                          "Filter": "(company_type_id > 1)",
                          "Rows Removed by Filter": 959,
                          "Exact Heap Blocks": 1153,
                          "Lossy Heap Blocks": 0,
                          "Plans": [
                            {
                              "Node Type": "Bitmap Index Scan",
                              "Parent Relationship": "Outer",
                              "Parallel Aware": false,
                              "Index Name": "company_id_movie_companies",
                              "Startup Cost": 0.0,
                              "Total Cost": 61.95,
                              "Plan Rows": 2870,
                              "Plan Width": 0,
                              "Actual Startup Time": 2.344,
                              "Actual Total Time": 2.344,
                              "Actual Rows": 1968,
                              "Actual Loops": 1,
                              "Index Cond": "(company_id = 425)"
                            }
                          ]
                        },
                        {
                          "Node Type": "Index Scan",
                          "Parent Relationship": "Inner",
                          "Parallel Aware": false,
                          "Scan Direction": "Forward",
                          "Index Name": "title_pkey",
                          "Relation Name": "title",
                          "Alias": "t",
                          "Startup Cost": 0.43,
                          "Total Cost": 8.07,
                          "Plan Rows": 1,
                          "Plan Width": 4,
                          "Actual Startup Time": 0.021,
                          "Actual Total Time": 0.021,
                          "Actual Rows": 0,
                          "Actual Loops": 50,
                          "Index Cond": "(id = mc.movie_id)",
                          "Rows Removed by Index Recheck": 0,
                          "Filter": "(production_year > 2005)",
                          "Rows Removed by Filter": 1
                        }
                      ]
                    },
                    {
                      "Node Type": "Index Only Scan",
                      "Parent Relationship": "Inner",
                      "Parallel Aware": false,
                      "Scan Direction": "Forward",
                      "Index Name": "movie_id_cast_info",
                      "Relation Name": "cast_info",
                      "Alias": "ci",
                      "Startup Cost": 0.56,
                      "Total Cost": 2.69,
                      "Plan Rows": 35,
                      "Plan Width": 4,
                      "Actual Startup Time": 0.036,
                      "Actual Total Time": 0.183,
                      "Actual Rows": 20,
                      "Actual Loops": 13,
                      "Index Cond": "(movie_id = t.id)",
                      "Rows Removed by Index Recheck": 0,
                      "Heap Fetches": 261
                    }
                  ]
                }
              ]
            }
          ]
        }
      ]
    },
    "Planning Time": 1.101,
    "Triggers": [],
    "Execution Time": 11.811
  }
]