[
  {
    "Plan": {
      "Node Type": "Aggregate",
      "Strategy": "Plain",
      "Partial Mode": "Finalize",
      "Parallel Aware": false,
      "Startup Cost": 403022.55,
      "Total Cost": 403022.56,
      "Plan Rows": 1,
      "Plan Width": 8,
      "Actual Startup Time": 1637.757,
      "Actual Total Time": 1706.127,
      "Actual Rows": 1,
      "Actual Loops": 1,
      "Plans": [
        {
          "Node Type": "Gather",
          "Parent Relationship": "Outer",
          "Parallel Aware": false,
          "Startup Cost": 403021.93,
          "Total Cost": 403022.54,
          "Plan Rows": 6,
          "Plan Width": 8,
          "Actual Startup Time": 1631.503,
          "Actual Total Time": 1706.113,
          "Actual Rows": 7,
          "Actual Loops": 1,
          "Workers Planned": 6,
          "Workers Launched": 6,
          "Single Copy": false,
          "Plans": [
            {
              "Node Type": "Aggregate",
              "Strategy": "Plain",
              "Partial Mode": "Partial",
              "Parent Relationship": "Outer",
              "Parallel Aware": false,
              "Startup Cost": 402021.93,
              "Total Cost": 402021.94,
              "Plan Rows": 1,
              "Plan Width": 8,
              "Actual Startup Time": 1620.172,
              "Actual Total Time": 1620.175,
              "Actual Rows": 1,
              "Actual Loops": 7,
              "Plans": [
                {
                  "Node Type": "Hash Join",
                  "Parent Relationship": "Outer",
                  "Parallel Aware": true,
                  "Join Type": "Inner",
                  "Startup Cost": 46574.43,
                  "Total Cost": 399049.15,
                  "Plan Rows": 1189110,
                  "Plan Width": 0,
                  "Actual Startup Time": 187.761,
                  "Actual Total Time": 1575.883,
                  "Actual Rows": 1030342,
                  "Actual Loops": 7,
                  "Inner Unique": true,
                  "Hash Cond": "(ci.movie_id = t.id)",
                  "Plans": [
                    {
                      "Node Type": "Seq Scan",
                      "Parent Relationship": "Outer",
                      "Parallel Aware": true,
                      "Relation Name": "cast_info",
                      "Alias": "ci",
                      "Startup Cost": 0.0,
                      "Total Cost": 343257.03,
                      "Plan Rows": 3511498,
                      "Plan Width": 4,
                      "Actual Startup Time": 50.377,
                      "Actual Total Time": 692.688,
                      "Actual Rows": 2948306,
                      "Actual Loops": 7,
                      "Filter": "((person_id > 422620) AND (role_id < 4))",
                      "Rows Removed by Filter": 2229458
                    },
                    {
                      "Node Type": "Hash",
                      "Parent Relationship": "Inner",
                      "Parallel Aware": true,
                      "Startup Cost": 43898.92,
                      "Total Cost": 43898.92,
                      "Plan Rows": 214041,
                      "Plan Width": 4,
                      "Actual Startup Time": 133.676,
                      "Actual Total Time": 133.677,
                      "Actual Rows": 122031,
                      "Actual Loops": 7,
                      "Hash Buckets": 1048576,
                      "Original Hash Buckets": 1048576,
                      "Hash Batches": 1,
                      "Original Hash Batches": 1,
                      "Peak Memory Usage": 41728,
                      "Plans": [
                        {
                          "Node Type": "Seq Scan",
                          "Parent Relationship": "Outer",
                          "Parallel Aware": true,
                          "Relation Name": "title",
                          "Alias": "t",
                          "Startup Cost": 0.0,
                          "Total Cost": 43898.92,
                          "Plan Rows": 214041,
                          "Plan Width": 4,
                          "Actual Startup Time": 0.044,
                          "Actual Total Time": 79.324,
                          "Actual Rows": 122031,
                          "Actual Loops": 7,
                          "Filter": "(kind_id < 4)",
                          "Rows Removed by Filter": 239157
                        }
                      ]
                    }
                  ]
                }
              ]
            }
          ]
        }
      ]
    },
    "Planning Time": 0.662,
    "Triggers": [],
    "Execution Time": 1706.222
  }
]