[
  {
    "Plan": {
      "Node Type": "Aggregate",
      "Strategy": "Plain",
      "Partial Mode": "Finalize",
      "Parallel Aware": false,
      "Startup Cost": 32986.22,
      "Total Cost": 32986.23,
      "Plan Rows": 1,
      "Plan Width": 8,
      "Actual Startup Time": 110.895,
      "Actual Total Time": 119.065,
      "Actual Rows": 1,
      "Actual Loops": 1,
      "Plans": [
        {
          "Node Type": "Gather",
          "Parent Relationship": "Outer",
          "Parallel Aware": false,
          "Startup Cost": 32985.9,
          "Total Cost": 32986.21,
          "Plan Rows": 3,
          "Plan Width": 8,
          "Actual Startup Time": 110.718,
          "Actual Total Time": 119.055,
          "Actual Rows": 4,
          "Actual Loops": 1,
          "Workers Planned": 3,
          "Workers Launched": 3,
          "Single Copy": false,
          "Plans": [
            {
              "Node Type": "Aggregate",
              "Strategy": "Plain",
              "Partial Mode": "Partial",
              "Parent Relationship": "Outer",
              "Parallel Aware": false,
              "Startup Cost": 31985.9,
              "Total Cost": 31985.91,
              "Plan Rows": 1,
              "Plan Width": 8,
              "Actual Startup Time": 103.52,
              "Actual Total Time": 103.521,
              "Actual Rows": 1,
              "Actual Loops": 4,
              "Plans": [
                {
                  "Node Type": "Seq Scan",
                  "Parent Relationship": "Outer",
                  "Parallel Aware": true,
                  "Relation Name": "movie_companies",
                  "Alias": "mc",
                  "Startup Cost": 0.0,
                  "Total Cost": 31414.82,
                  "Plan Rows": 228432,
                  "Plan Width": 0,
                  "Actual Startup Time": 49.369,
                  "Actual Total Time": 91.425,
                  "Actual Rows": 233326,
                  "Actual Loops": 4,
                  "Filter": "((company_id > 11141) AND (company_type_id = 2))",
                  "Rows Removed by Filter": 418956
                }
              ]
            }
          ]
        }
      ]
    },
    "Planning Time": 0.087,
    "Triggers": [],
    "Execution Time": 119.091
  }
]