[
  {
    "Plan": {
      "Node Type": "Aggregate",
      "Strategy": "Plain",
      "Partial Mode": "Finalize",
      "Parallel Aware": false,
      "Startup Cost": 32973.99,
      "Total Cost": 32974.0,
      "Plan Rows": 1,
      "Plan Width": 8,
      "Actual Startup Time": 102.928,
      "Actual Total Time": 110.546,
      "Actual Rows": 1,
      "Actual Loops": 1,
      "Plans": [
        {
          "Node Type": "Gather",
          "Parent Relationship": "Outer",
          "Parallel Aware": false,
          "Startup Cost": 32973.67,
          "Total Cost": 32973.98,
          "Plan Rows": 3,
          "Plan Width": 8,
          "Actual Startup Time": 102.82,
          "Actual Total Time": 110.537,
          "Actual Rows": 4,
          "Actual Loops": 1,
          "Workers Planned": 3,
          "Workers Launched": 3,
          "Single Copy": false,
          "Plans": [
            {
              "Node Type": "Aggregate",
              "Strategy": "Plain",
              "Partial Mode": "Partial",
              "Parent Relationship": "Outer",
              "Parallel Aware": false,
              "Startup Cost": 31973.67,
              "Total Cost": 31973.68,
              "Plan Rows": 1,
              "Plan Width": 8,
              "Actual Startup Time": 96.948,
              "Actual Total Time": 96.949,
              "Actual Rows": 1,
              "Actual Loops": 4,
              "Plans": [
                {
                  "Node Type": "Seq Scan",
                  "Parent Relationship": "Outer",
                  "Parallel Aware": true,
                  "Relation Name": "movie_companies",
                  "Alias": "mc",
                  "Startup Cost": 0.0,
                  "Total Cost": 31414.82,
                  "Plan Rows": 223542,
                  "Plan Width": 0,
                  "Actual Startup Time": 50.022,
                  "Actual Total Time": 86.874,
                  "Actual Rows": 233326,
                  "Actual Loops": 4,
                  "Filter": "((company_id > 11141) AND (company_type_id = 2))",
                  "Rows Removed by Filter": 418956
                }
              ]
            }
          ]
        }
      ]
    },
    "Planning Time": 0.223,
    "Triggers": [],
    "Execution Time": 110.608
  }
]