{
  "Plan": {
    "Node Type": "Aggregate",
    "Strategy": "Plain",
    "Partial Mode": "Finalize",
    "Parallel Aware": false,
    "Startup Cost": 55592.39,
    "Total Cost": 55592.4,
    "Plan Rows": 1,
    "Plan Width": 8,
    "Actual Startup Time": 36.447,
    "Actual Total Time": 40.81,
    "Actual Rows": 1,
    "Actual Loops": 1,
    "Plans": [
      {
        "Node Type": "Gather",
        "Parent Relationship": "Outer",
        "Parallel Aware": false,
        "Startup Cost": 55592.28,
        "Total Cost": 55592.39,
        "Plan Rows": 1,
        "Plan Width": 8,
        "Actual Startup Time": 36.367,
        "Actual Total Time": 40.804,
        "Actual Rows": 2,
        "Actual Loops": 1,
        "Workers Planned": 1,
        "Workers Launched": 1,
        "Single Copy": false,
        "Plans": [
          {
            "Node Type": "Aggregate",
            "Strategy": "Plain",
            "Partial Mode": "Partial",
            "Parent Relationship": "Outer",
            "Parallel Aware": false,
            "Startup Cost": 54592.28,
            "Total Cost": 54592.29,
            "Plan Rows": 1,
            "Plan Width": 8,
            "Actual Startup Time": 31.277,
            "Actual Total Time": 31.278,
            "Actual Rows": 1,
            "Actual Loops": 2,
            "Plans": [
              {
                "Node Type": "Nested Loop",
                "Parent Relationship": "Outer",
                "Parallel Aware": false,
                "Join Type": "Inner",
                "Startup Cost": 383.21,
                "Total Cost": 54590.93,
                "Plan Rows": 539,
                "Plan Width": 0,
                "Actual Startup Time": 4.693,
                "Actual Total Time": 31.266,
                "Actual Rows": 21,
                "Actual Loops": 2,
                "Inner Unique": false,
                "Plans": [
                  {
                    "Node Type": "Nested Loop",
                    "Parent Relationship": "Outer",
                    "Parallel Aware": false,
                    "Join Type": "Inner",
                    "Startup Cost": 382.78,
                    "Total Cost": 53973.46,
                    "Plan Rows": 987,
                    "Plan Width": 8,
                    "Actual Startup Time": 3.986,
                    "Actual Total Time": 30.709,
                    "Actual Rows": 18,
                    "Actual Loops": 2,
                    "Inner Unique": true,
                    "Plans": [
                      {
                        "Node Type": "Bitmap Heap Scan",
                        "Parent Relationship": "Outer",
                        "Parallel Aware": true,
                        "Relation Name": "movie_companies",
                        "Alias": "mc",
                        "Startup Cost": 382.35,
                        "Total Cost": 19756.67,
                        "Plan Rows": 5087,
                        "Plan Width": 4,
                        "Actual Startup Time": 1.849,
                        "Actual Total Time": 4.538,
                        "Actual Rows": 4040,
                        "Actual Loops": 2,
                        "Recheck Cond": "(company_id = 166)",
                        "Rows Removed by Index Recheck": 0,
                        "Filter": "(company_type_id = 1)",
                        "Rows Removed by Filter": 4070,
                        "Exact Heap Blocks": 426,
                        "Lossy Heap Blocks": 0,
                        "Plans": [
                          {
                            "Node Type": "Bitmap Index Scan",
                            "Parent Relationship": "Outer",
                            "Parallel Aware": false,
                            "Index Name": "company_id_movie_companies",
                            "Startup Cost": 0.0,
                            "Total Cost": 380.19,
                            "Plan Rows": 17568,
                            "Plan Width": 0,
                            "Actual Startup Time": 3.318,
                            "Actual Total Time": 3.319,
                            "Actual Rows": 16220,
                            "Actual Loops": 1,
                            "Index Cond": "(company_id = 166)"
                          }
                        ]
                      },
                      {
                        "Node Type": "Index Scan",
                        "Parent Relationship": "Inner",
                        "Parallel Aware": false,
                        "Scan Direction": "Forward",
                        "Index Name": "title_pkey",
                        "Relation Name": "title",
                        "Alias": "t",
                        "Startup Cost": 0.43,
                        "Total Cost": 6.73,
                        "Plan Rows": 1,
                        "Plan Width": 4,
                        "Actual Startup Time": 0.006,
                        "Actual Total Time": 0.006,
                        "Actual Rows": 0,
                        "Actual Loops": 8081,
                        "Index Cond": "(id = mc.movie_id)",
                        "Rows Removed by Index Recheck": 0,
                        "Filter": "((kind_id < 7) AND (production_year < 2004))",
                        "Rows Removed by Filter": 1
                      }
                    ]
                  },
                  {
                    "Node Type": "Index Only Scan",
                    "Parent Relationship": "Inner",
                    "Parallel Aware": false,
                    "Scan Direction": "Forward",
                    "Index Name": "movie_id_movie_info_idx",
                    "Relation Name": "movie_info_idx",
                    "Alias": "mi_idx",
                    "Startup Cost": 0.43,
                    "Total Cost": 0.6,
                    "Plan Rows": 3,
                    "Plan Width": 4,
                    "Actual Startup Time": 0.03,
                    "Actual Total Time": 0.031,
                    "Actual Rows": 1,
                    "Actual Loops": 35,
                    "Index Cond": "(movie_id = t.id)",
                    "Rows Removed by Index Recheck": 0,
                    "Heap Fetches": 42
                  }
                ]
              }
            ]
          }
        ]
      }
    ]
  },
  "Planning Time": 1.194,
  "Triggers": [],
  "Execution Time": 40.914
}