[
  {
    "Plan": {
      "Node Type": "Aggregate",
      "Strategy": "Plain",
      "Partial Mode": "Finalize",
      "Parallel Aware": false,
      "Startup Cost": 33200.25,
      "Total Cost": 33200.26,
      "Plan Rows": 1,
      "Plan Width": 8,
      "Actual Startup Time": 104.268,
      "Actual Total Time": 112.288,
      "Actual Rows": 1,
      "Actual Loops": 1,
      "Plans": [
        {
          "Node Type": "Gather",
          "Parent Relationship": "Outer",
          "Parallel Aware": false,
          "Startup Cost": 33199.93,
          "Total Cost": 33200.24,
          "Plan Rows": 3,
          "Plan Width": 8,
          "Actual Startup Time": 104.161,
          "Actual Total Time": 112.279,
          "Actual Rows": 4,
          "Actual Loops": 1,
          "Workers Planned": 3,
          "Workers Launched": 3,
          "Single Copy": false,
          "Plans": [
            {
              "Node Type": "Aggregate",
              "Strategy": "Plain",
              "Partial Mode": "Partial",
              "Parent Relationship": "Outer",
              "Parallel Aware": false,
              "Startup Cost": 32199.93,
              "Total Cost": 32199.94,
              "Plan Rows": 1,
              "Plan Width": 8,
              "Actual Startup Time": 97.396,
              "Actual Total Time": 97.397,
              "Actual Rows": 1,
              "Actual Loops": 4,
              "Plans": [
                {
                  "Node Type": "Seq Scan",
                  "Parent Relationship": "Outer",
                  "Parallel Aware": true,
                  "Relation Name": "movie_companies",
                  "Alias": "mc",
                  "Startup Cost": 0.0,
                  "Total Cost": 31414.82,
                  "Plan Rows": 314044,
                  "Plan Width": 0,
                  "Actual Startup Time": 0.044,
                  "Actual Total Time": 80.538,
                  "Actual Rows": 314184,
                  "Actual Loops": 4,
                  "Filter": "((company_id < 56246) AND (company_type_id < 2))",
                  "Rows Removed by Filter": 338098
                }
              ]
            }
          ]
        }
      ]
    },
    "Planning Time": 0.184,
    "Triggers": [],
    "Execution Time": 112.335
  }
]