[
  {
    "Plan": {
      "Node Type": "Aggregate",
      "Strategy": "Plain",
      "Partial Mode": "Finalize",
      "Parallel Aware": false,
      "Startup Cost": 33257.15,
      "Total Cost": 33257.16,
      "Plan Rows": 1,
      "Plan Width": 8,
      "Actual Startup Time": 97.181,
      "Actual Total Time": 105.473,
      "Actual Rows": 1,
      "Actual Loops": 1,
      "Plans": [
        {
          "Node Type": "Gather",
          "Parent Relationship": "Outer",
          "Parallel Aware": false,
          "Startup Cost": 33256.83,
          "Total Cost": 33257.14,
          "Plan Rows": 3,
          "Plan Width": 8,
          "Actual Startup Time": 97.044,
          "Actual Total Time": 105.463,
          "Actual Rows": 4,
          "Actual Loops": 1,
          "Workers Planned": 3,
          "Workers Launched": 3,
          "Single Copy": false,
          "Plans": [
            {
              "Node Type": "Aggregate",
              "Strategy": "Plain",
              "Partial Mode": "Partial",
              "Parent Relationship": "Outer",
              "Parallel Aware": false,
              "Startup Cost": 32256.83,
              "Total Cost": 32256.84,
              "Plan Rows": 1,
              "Plan Width": 8,
              "Actual Startup Time": 90.664,
              "Actual Total Time": 90.665,
              "Actual Rows": 1,
              "Actual Loops": 4,
              "Plans": [
                {
                  "Node Type": "Seq Scan",
                  "Parent Relationship": "Outer",
                  "Parallel Aware": true,
                  "Relation Name": "movie_companies",
                  "Alias": "mc",
                  "Startup Cost": 0.0,
                  "Total Cost": 31414.82,
                  "Plan Rows": 336806,
                  "Plan Width": 0,
                  "Actual Startup Time": 0.227,
                  "Actual Total Time": 79.077,
                  "Actual Rows": 230135,
                  "Actual Loops": 4,
                  "Filter": "((company_id > 424) AND (company_type_id = 1))",
                  "Rows Removed by Filter": 422147
                }
              ]
            }
          ]
        }
      ]
    },
    "Planning Time": 0.263,
    "Triggers": [],
    "Execution Time": 105.541
  }
]