[
  {
    "Plan": {
      "Node Type": "Aggregate",
      "Strategy": "Plain",
      "Partial Mode": "Finalize",
      "Parallel Aware": false,
      "Startup Cost": 369562.88,
      "Total Cost": 369562.89,
      "Plan Rows": 1,
      "Plan Width": 8,
      "Actual Startup Time": 1664.665,
      "Actual Total Time": 1707.101,
      "Actual Rows": 1,
      "Actual Loops": 1,
      "Plans": [
        {
          "Node Type": "Gather",
          "Parent Relationship": "Outer",
          "Parallel Aware": false,
          "Startup Cost": 369562.35,
          "Total Cost": 369562.86,
          "Plan Rows": 5,
          "Plan Width": 8,
          "Actual Startup Time": 1657.203,
          "Actual Total Time": 1707.088,
          "Actual Rows": 6,
          "Actual Loops": 1,
          "Workers Planned": 5,
          "Workers Launched": 5,
          "Single Copy": false,
          "Plans": [
            {
              "Node Type": "Aggregate",
              "Strategy": "Plain",
              "Partial Mode": "Partial",
              "Parent Relationship": "Outer",
              "Parallel Aware": false,
              "Startup Cost": 368562.35,
              "Total Cost": 368562.36,
              "Plan Rows": 1,
              "Plan Width": 8,
              "Actual Startup Time": 1643.081,
              "Actual Total Time": 1643.086,
              "Actual Rows": 1,
              "Actual Loops": 6,
              "Plans": [
                {
                  "Node Type": "Hash Join",
                  "Parent Relationship": "Outer",
                  "Parallel Aware": true,
                  "Join Type": "Inner",
                  "Startup Cost": 157874.08,
                  "Total Cost": 364190.96,
                  "Plan Rows": 1748559,
                  "Plan Width": 0,
                  "Actual Startup Time": 600.425,
                  "Actual Total Time": 1555.951,
                  "Actual Rows": 1984457,
                  "Actual Loops": 6,
                  "Inner Unique": false,
                  "Hash Cond": "(mi.movie_id = t.id)",
                  "Plans": [
                    {
                      "Node Type": "Seq Scan",
                      "Parent Relationship": "Outer",
                      "Parallel Aware": true,
                      "Relation Name": "movie_info",
                      "Alias": "mi",
                      "Startup Cost": 0.0,
                      "Total Cost": 191685.19,
                      "Plan Rows": 2969219,
                      "Plan Width": 4,
                      "Actual Startup Time": 0.066,
                      "Actual Total Time": 306.08,
                      "Actual Rows": 2472620,
                      "Actual Loops": 6
                    },
                    {
                      "Node Type": "Hash",
                      "Parent Relationship": "Inner",
                      "Parallel Aware": true,
                      "Startup Cost": 154151.64,
                      "Total Cost": 154151.64,
                      "Plan Rows": 297795,
                      "Plan Width": 8,
                      "Actual Startup Time": 595.173,
                      "Actual Total Time": 595.177,
                      "Actual Rows": 165341,
                      "Actual Loops": 6,
                      "Hash Buckets": 2097152,
                      "Original Hash Buckets": 2097152,
                      "Hash Batches": 1,
                      "Original Hash Batches": 1,
                      "Peak Memory Usage": 55264,
                      "Plans": [
                        {
                          "Node Type": "Hash Join",
                          "Parent Relationship": "Outer",
                          "Parallel Aware": true,
                          "Join Type": "Inner",
                          "Startup Cost": 46894.66,
                          "Total Cost": 154151.64,
                          "Plan Rows": 297795,
                          "Plan Width": 8,
                          "Actual Startup Time": 169.16,
                          "Actual Total Time": 508.5,
                          "Actual Rows": 165341,
                          "Actual Loops": 6,
                          "Inner Unique": true,
                          "Hash Cond": "(ci.movie_id = t.id)",
                          "Plans": [
                            {
                              "Node Type": "Index Scan",
                              "Parent Relationship": "Outer",
                              "Parallel Aware": true,
                              "Scan Direction": "Forward",
                              "Index Name": "role_id_cast_info",
                              "Relation Name": "cast_info",
                              "Alias": "ci",
                              "Startup Cost": 0.56,
                              "Total Cost": 105195.1,
                              "Plan Rows": 785695,
                              "Plan Width": 4,
                              "Actual Startup Time": 0.11,
                              "Actual Total Time": 123.007,
                              "Actual Rows": 668006,
                              "Actual Loops": 6,
                              "Index Cond": "(role_id = 3)",
                              "Rows Removed by Index Recheck": 0
                            },
                            {
                              "Node Type": "Hash",
                              "Parent Relationship": "Inner",
                              "Parallel Aware": true,
                              "Startup Cost": 43899.32,
                              "Total Cost": 43899.32,
                              "Plan Rows": 239582,
                              "Plan Width": 4,
                              "Actual Startup Time": 167.234,
                              "Actual Total Time": 167.235,
                              "Actual Rows": 161865,
                              "Actual Loops": 6,
                              "Hash Buckets": 1048576,
                              "Original Hash Buckets": 1048576,
                              "Hash Batches": 1,
                              "Original Hash Batches": 1,
                              "Peak Memory Usage": 46272,
                              "Plans": [
                                {
                                  "Node Type": "Seq Scan",
                                  "Parent Relationship": "Outer",
                                  "Parallel Aware": true,
                                  "Relation Name": "title",
                                  "Alias": "t",
                                  "Startup Cost": 0.0,
                                  "Total Cost": 43899.32,
                                  "Plan Rows": 239582,
                                  "Plan Width": 4,
                                  "Actual Startup Time": 0.047,
                                  "Actual Total Time": 93.563,
                                  "Actual Rows": 161865,
                                  "Actual Loops": 6,
                                  "Filter": "(production_year < 1999)",
                                  "Rows Removed by Filter": 259521
                                }
                              ]
                            }
                          ]
                        }
                      ]
                    }
                  ]
                }
              ]
            }
          ]
        }
      ]
    },
    "Planning Time": 1.325,
    "Triggers": [],
    "Execution Time": 1707.202
  }
]