[
  {
    "Plan": {
      "Node Type": "Aggregate",
      "Strategy": "Plain",
      "Partial Mode": "Finalize",
      "Parallel Aware": false,
      "Startup Cost": 41073.01,
      "Total Cost": 41073.02,
      "Plan Rows": 1,
      "Plan Width": 8,
      "Actual Startup Time": 120.376,
      "Actual Total Time": 128.774,
      "Actual Rows": 1,
      "Actual Loops": 1,
      "Plans": [
        {
          "Node Type": "Gather",
          "Parent Relationship": "Outer",
          "Parallel Aware": false,
          "Startup Cost": 41072.7,
          "Total Cost": 41073.01,
          "Plan Rows": 3,
          "Plan Width": 8,
          "Actual Startup Time": 120.066,
          "Actual Total Time": 128.764,
          "Actual Rows": 4,
          "Actual Loops": 1,
          "Workers Planned": 3,
          "Workers Launched": 3,
          "Single Copy": false,
          "Plans": [
            {
              "Node Type": "Aggregate",
              "Strategy": "Plain",
              "Partial Mode": "Partial",
              "Parent Relationship": "Outer",
              "Parallel Aware": false,
              "Startup Cost": 40072.7,
              "Total Cost": 40072.71,
              "Plan Rows": 1,
              "Plan Width": 8,
              "Actual Startup Time": 116.556,
              "Actual Total Time": 116.557,
              "Actual Rows": 1,
              "Actual Loops": 4,
              "Plans": [
                {
                  "Node Type": "Bitmap Heap Scan",
                  "Parent Relationship": "Outer",
                  "Parallel Aware": true,
                  "Relation Name": "movie_keyword",
                  "Alias": "mk",
                  "Startup Cost": 12718.15,
                  "Total Cost": 39589.27,
                  "Plan Rows": 193370,
                  "Plan Width": 0,
                  "Actual Startup Time": 36.412,
                  "Actual Total Time": 107.908,
                  "Actual Rows": 150922,
                  "Actual Loops": 4,
                  "Recheck Cond": "(keyword_id > 30575)",
                  "Rows Removed by Index Recheck": 0,
                  "Exact Heap Blocks": 9295,
                  "Lossy Heap Blocks": 0,
                  "Plans": [
                    {
                      "Node Type": "Bitmap Index Scan",
                      "Parent Relationship": "Outer",
                      "Parallel Aware": false,
                      "Index Name": "keyword_id_movie_keyword",
                      "Startup Cost": 0.0,
                      "Total Cost": 12568.29,
                      "Plan Rows": 599447,
                      "Plan Width": 0,
                      "Actual Startup Time": 36.05,
                      "Actual Total Time": 36.051,
                      "Actual Rows": 603690,
                      "Actual Loops": 1,
                      "Index Cond": "(keyword_id > 30575)"
                    }
                  ]
                }
              ]
            }
          ]
        }
      ]
    },
    "Planning Time": 0.084,
    "Triggers": [],
    "Execution Time": 128.812
  }
]