[
  {
    "Plan": {
      "Node Type": "Aggregate",
      "Strategy": "Plain",
      "Partial Mode": "Finalize",
      "Parallel Aware": false,
      "Startup Cost": 41429.37,
      "Total Cost": 41429.38,
      "Plan Rows": 1,
      "Plan Width": 8,
      "Actual Startup Time": 151.142,
      "Actual Total Time": 159.815,
      "Actual Rows": 1,
      "Actual Loops": 1,
      "Plans": [
        {
          "Node Type": "Gather",
          "Parent Relationship": "Outer",
          "Parallel Aware": false,
          "Startup Cost": 41429.05,
          "Total Cost": 41429.36,
          "Plan Rows": 3,
          "Plan Width": 8,
          "Actual Startup Time": 150.818,
          "Actual Total Time": 159.806,
          "Actual Rows": 4,
          "Actual Loops": 1,
          "Workers Planned": 3,
          "Workers Launched": 3,
          "Single Copy": false,
          "Plans": [
            {
              "Node Type": "Aggregate",
              "Strategy": "Plain",
              "Partial Mode": "Partial",
              "Parent Relationship": "Outer",
              "Parallel Aware": false,
              "Startup Cost": 40429.05,
              "Total Cost": 40429.06,
              "Plan Rows": 1,
              "Plan Width": 8,
              "Actual Startup Time": 143.394,
              "Actual Total Time": 143.396,
              "Actual Rows": 1,
              "Actual Loops": 4,
              "Plans": [
                {
                  "Node Type": "Bitmap Heap Scan",
                  "Parent Relationship": "Outer",
                  "Parallel Aware": true,
                  "Relation Name": "movie_keyword",
                  "Alias": "mk",
                  "Startup Cost": 13008.25,
                  "Total Cost": 39934.58,
                  "Plan Rows": 197786,
                  "Plan Width": 0,
                  "Actual Startup Time": 55.978,
                  "Actual Total Time": 133.597,
                  "Actual Rows": 150922,
                  "Actual Loops": 4,
                  "Recheck Cond": "(keyword_id > 30575)",
                  "Rows Removed by Index Recheck": 0,
                  "Exact Heap Blocks": 7591,
                  "Lossy Heap Blocks": 0,
                  "Plans": [
                    {
                      "Node Type": "Bitmap Index Scan",
                      "Parent Relationship": "Outer",
                      "Parallel Aware": false,
                      "Index Name": "keyword_id_movie_keyword",
                      "Startup Cost": 0.0,
                      "Total Cost": 12854.97,
                      "Plan Rows": 613138,
                      "Plan Width": 0,
                      "Actual Startup Time": 56.947,
                      "Actual Total Time": 56.947,
                      "Actual Rows": 603690,
                      "Actual Loops": 1,
                      "Index Cond": "(keyword_id > 30575)"
                    }
                  ]
                }
              ]
            }
          ]
        }
      ]
    },
    "Planning Time": 0.182,
    "Triggers": [],
    "Execution Time": 159.893
  }
]