[
  {
    "Plan": {
      "Node Type": "Aggregate",
      "Strategy": "Plain",
      "Partial Mode": "Finalize",
      "Parallel Aware": false,
      "Startup Cost": 45007.1,
      "Total Cost": 45007.11,
      "Plan Rows": 1,
      "Plan Width": 8,
      "Actual Startup Time": 138.926,
      "Actual Total Time": 148.661,
      "Actual Rows": 1,
      "Actual Loops": 1,
      "Plans": [
        {
          "Node Type": "Gather",
          "Parent Relationship": "Outer",
          "Parallel Aware": false,
          "Startup Cost": 45006.79,
          "Total Cost": 45007.1,
          "Plan Rows": 3,
          "Plan Width": 8,
          "Actual Startup Time": 138.814,
          "Actual Total Time": 148.653,
          "Actual Rows": 4,
          "Actual Loops": 1,
          "Workers Planned": 3,
          "Workers Launched": 3,
          "Single Copy": false,
          "Plans": [
            {
              "Node Type": "Aggregate",
              "Strategy": "Plain",
              "Partial Mode": "Partial",
              "Parent Relationship": "Outer",
              "Parallel Aware": false,
              "Startup Cost": 44006.79,
              "Total Cost": 44006.8,
              "Plan Rows": 1,
              "Plan Width": 8,
              "Actual Startup Time": 130.345,
              "Actual Total Time": 130.346,
              "Actual Rows": 1,
              "Actual Loops": 4,
              "Plans": [
                {
                  "Node Type": "Seq Scan",
                  "Parent Relationship": "Outer",
                  "Parallel Aware": true,
                  "Relation Name": "movie_keyword",
                  "Alias": "mk",
                  "Startup Cost": 0.0,
                  "Total Cost": 42695.65,
                  "Plan Rows": 524453,
                  "Plan Width": 0,
                  "Actual Startup Time": 1.288,
                  "Actual Total Time": 110.287,
                  "Actual Rows": 407588,
                  "Actual Loops": 4,
                  "Filter": "(keyword_id > 9123)",
                  "Rows Removed by Filter": 723394
                }
              ]
            }
          ]
        }
      ]
    },
    "Planning Time": 0.14,
    "Triggers": [],
    "Execution Time": 148.708
  }
]