[
  {
    "Plan": {
      "Node Type": "Aggregate",
      "Strategy": "Plain",
      "Partial Mode": "Finalize",
      "Parallel Aware": false,
      "Startup Cost": 350150.54,
      "Total Cost": 350150.55,
      "Plan Rows": 1,
      "Plan Width": 8,
      "Actual Startup Time": 702.289,
      "Actual Total Time": 730.674,
      "Actual Rows": 1,
      "Actual Loops": 1,
      "Plans": [
        {
          "Node Type": "Gather",
          "Parent Relationship": "Outer",
          "Parallel Aware": false,
          "Startup Cost": 350149.92,
          "Total Cost": 350150.53,
          "Plan Rows": 6,
          "Plan Width": 8,
          "Actual Startup Time": 702.207,
          "Actual Total Time": 730.666,
          "Actual Rows": 7,
          "Actual Loops": 1,
          "Workers Planned": 6,
          "Workers Launched": 6,
          "Single Copy": false,
          "Plans": [
            {
              "Node Type": "Aggregate",
              "Strategy": "Plain",
              "Partial Mode": "Partial",
              "Parent Relationship": "Outer",
              "Parallel Aware": false,
              "Startup Cost": 349149.92,
              "Total Cost": 349149.93,
              "Plan Rows": 1,
              "Plan Width": 8,
              "Actual Startup Time": 694.921,
              "Actual Total Time": 694.922,
              "Actual Rows": 1,
              "Actual Loops": 7,
              "Plans": [
                {
                  "Node Type": "Seq Scan",
                  "Parent Relationship": "Outer",
                  "Parallel Aware": true,
                  "Relation Name": "cast_info",
                  "Alias": "ci",
                  "Startup Cost": 0.0,
                  "Total Cost": 343318.94,
                  "Plan Rows": 2332392,
                  "Plan Width": 0,
                  "Actual Startup Time": 329.499,
                  "Actual Total Time": 620.919,
                  "Actual Rows": 1655200,
                  "Actual Loops": 7,
                  "Filter": "((person_id < 3234172) AND (role_id > 2))",
                  "Rows Removed by Filter": 3522563
                }
              ]
            }
          ]
        }
      ]
    },
    "Planning Time": 0.215,
    "Triggers": [],
    "Execution Time": 730.731
  }
]