[
  {
    "Plan": {
      "Node Type": "Aggregate",
      "Strategy": "Plain",
      "Partial Mode": "Finalize",
      "Parallel Aware": false,
      "Startup Cost": 203950.95,
      "Total Cost": 203950.96,
      "Plan Rows": 1,
      "Plan Width": 8,
      "Actual Startup Time": 217.806,
      "Actual Total Time": 240.803,
      "Actual Rows": 1,
      "Actual Loops": 1,
      "Plans": [
        {
          "Node Type": "Gather",
          "Parent Relationship": "Outer",
          "Parallel Aware": false,
          "Startup Cost": 203950.33,
          "Total Cost": 203950.94,
          "Plan Rows": 6,
          "Plan Width": 8,
          "Actual Startup Time": 217.668,
          "Actual Total Time": 240.788,
          "Actual Rows": 7,
          "Actual Loops": 1,
          "Workers Planned": 6,
          "Workers Launched": 6,
          "Single Copy": false,
          "Plans": [
            {
              "Node Type": "Aggregate",
              "Strategy": "Plain",
              "Partial Mode": "Partial",
              "Parent Relationship": "Outer",
              "Parallel Aware": false,
              "Startup Cost": 202950.33,
              "Total Cost": 202950.34,
              "Plan Rows": 1,
              "Plan Width": 8,
              "Actual Startup Time": 210.122,
              "Actual Total Time": 210.124,
              "Actual Rows": 1,
              "Actual Loops": 7,
              "Plans": [
                {
                  "Node Type": "Index Scan",
                  "Parent Relationship": "Outer",
                  "Parallel Aware": true,
                  "Scan Direction": "Forward",
                  "Index Name": "role_id_cast_info",
                  "Relation Name": "cast_info",
                  "Alias": "ci",
                  "Startup Cost": 0.56,
                  "Total Cost": 201884.69,
                  "Plan Rows": 426254,
                  "Plan Width": 0,
                  "Actual Startup Time": 12.919,
                  "Actual Total Time": 210.084,
                  "Actual Rows": 310,
                  "Actual Loops": 7,
                  "Index Cond": "(role_id = 2)",
                  "Rows Removed by Index Recheck": 0,
                  "Filter": "(person_id < 1227821)",
                  "Rows Removed by Filter": 1064258
                }
              ]
            }
          ]
        }
      ]
    },
    "Planning Time": 0.138,
    "Triggers": [],
    "Execution Time": 240.841
  }
]