[
  {
    "Plan": {
      "Node Type": "Aggregate",
      "Strategy": "Plain",
      "Partial Mode": "Finalize",
      "Parallel Aware": false,
      "Startup Cost": 199934.63,
      "Total Cost": 199934.64,
      "Plan Rows": 1,
      "Plan Width": 8,
      "Actual Startup Time": 233.108,
      "Actual Total Time": 247.028,
      "Actual Rows": 1,
      "Actual Loops": 1,
      "Plans": [
        {
          "Node Type": "Gather",
          "Parent Relationship": "Outer",
          "Parallel Aware": false,
          "Startup Cost": 199934.0,
          "Total Cost": 199934.61,
          "Plan Rows": 6,
          "Plan Width": 8,
          "Actual Startup Time": 232.987,
          "Actual Total Time": 247.018,
          "Actual Rows": 7,
          "Actual Loops": 1,
          "Workers Planned": 6,
          "Workers Launched": 6,
          "Single Copy": false,
          "Plans": [
            {
              "Node Type": "Aggregate",
              "Strategy": "Plain",
              "Partial Mode": "Partial",
              "Parent Relationship": "Outer",
              "Parallel Aware": false,
              "Startup Cost": 198934.0,
              "Total Cost": 198934.01,
              "Plan Rows": 1,
              "Plan Width": 8,
              "Actual Startup Time": 224.076,
              "Actual Total Time": 224.077,
              "Actual Rows": 1,
              "Actual Loops": 7,
              "Plans": [
                {
                  "Node Type": "Index Scan",
                  "Parent Relationship": "Outer",
                  "Parallel Aware": true,
                  "Scan Direction": "Forward",
                  "Index Name": "role_id_cast_info",
                  "Relation Name": "cast_info",
                  "Alias": "ci",
                  "Startup Cost": 0.56,
                  "Total Cost": 197877.72,
                  "Plan Rows": 422511,
                  "Plan Width": 0,
                  "Actual Startup Time": 7.776,
                  "Actual Total Time": 224.04,
                  "Actual Rows": 310,
                  "Actual Loops": 7,
                  "Index Cond": "(role_id = 2)",
                  "Rows Removed by Index Recheck": 0,
                  "Filter": "(person_id < 1227821)",
                  "Rows Removed by Filter": 1064258
                }
              ]
            }
          ]
        }
      ]
    },
    "Planning Time": 0.146,
    "Triggers": [],
    "Execution Time": 247.083
  }
]