[
    {
        "Bao": {
            "Bao prediction": 444.624,
            "Bao recommended hint": "(no hint)"
        }
    },
    {
        "Plan": {
            "Node Type": "Aggregate",
            "Strategy": "Plain",
            "Partial Mode": "Finalize",
            "Parallel Aware": false,
            "Startup Cost": 32991.54,
            "Total Cost": 32991.55,
            "Plan Rows": 1,
            "Plan Width": 8,
            "Actual Startup Time": 110.162,
            "Actual Total Time": 115.012,
            "Actual Rows": 1,
            "Actual Loops": 1,
            "Output": [
                "count(*)"
            ],
            "Plans": [
                {
                    "Node Type": "Gather",
                    "Parent Relationship": "Outer",
                    "Parallel Aware": false,
                    "Startup Cost": 32991.22,
                    "Total Cost": 32991.53,
                    "Plan Rows": 3,
                    "Plan Width": 8,
                    "Actual Startup Time": 110.079,
                    "Actual Total Time": 115.004,
                    "Actual Rows": 4,
                    "Actual Loops": 1,
                    "Output": [
                        "(PARTIAL count(*))"
                    ],
                    "Workers Planned": 3,
                    "Workers Launched": 3,
                    "Single Copy": false,
                    "Plans": [
                        {
                            "Node Type": "Aggregate",
                            "Strategy": "Plain",
                            "Partial Mode": "Partial",
                            "Parent Relationship": "Outer",
                            "Parallel Aware": false,
                            "Startup Cost": 31991.22,
                            "Total Cost": 31991.23,
                            "Plan Rows": 1,
                            "Plan Width": 8,
                            "Actual Startup Time": 102.466,
                            "Actual Total Time": 102.467,
                            "Actual Rows": 1,
                            "Actual Loops": 4,
                            "Output": [
                                "PARTIAL count(*)"
                            ],
                            "Workers": [
                                {
                                    "Worker Number": 0,
                                    "Actual Startup Time": 100.003,
                                    "Actual Total Time": 100.004,
                                    "Actual Rows": 1,
                                    "Actual Loops": 1
                                },
                                {
                                    "Worker Number": 1,
                                    "Actual Startup Time": 100.087,
                                    "Actual Total Time": 100.088,
                                    "Actual Rows": 1,
                                    "Actual Loops": 1
                                },
                                {
                                    "Worker Number": 2,
                                    "Actual Startup Time": 100.298,
                                    "Actual Total Time": 100.299,
                                    "Actual Rows": 1,
                                    "Actual Loops": 1
                                }
                            ],
                            "Plans": [
                                {
                                    "Node Type": "Seq Scan",
                                    "Parent Relationship": "Outer",
                                    "Parallel Aware": true,
                                    "Relation Name": "movie_companies",
                                    "Schema": "public",
                                    "Alias": "mc",
                                    "Startup Cost": 0.0,
                                    "Total Cost": 31414.82,
                                    "Plan Rows": 230560,
                                    "Plan Width": 0,
                                    "Actual Startup Time": 52.662,
                                    "Actual Total Time": 94.921,
                                    "Actual Rows": 112321,
                                    "Actual Loops": 4,
                                    "Output": [
                                        "id",
                                        "movie_id",
                                        "company_id",
                                        "company_type_id",
                                        "note"
                                    ],
                                    "Filter": "((mc.company_id < 12118) AND (mc.company_type_id > 1))",
                                    "Rows Removed by Filter": 539961,
                                    "Workers": [
                                        {
                                            "Worker Number": 0,
                                            "Actual Startup Time": 50.198,
                                            "Actual Total Time": 92.661,
                                            "Actual Rows": 108773,
                                            "Actual Loops": 1
                                        },
                                        {
                                            "Worker Number": 1,
                                            "Actual Startup Time": 50.289,
                                            "Actual Total Time": 92.764,
                                            "Actual Rows": 108583,
                                            "Actual Loops": 1
                                        },
                                        {
                                            "Worker Number": 2,
                                            "Actual Startup Time": 50.495,
                                            "Actual Total Time": 92.967,
                                            "Actual Rows": 108427,
                                            "Actual Loops": 1
                                        }
                                    ]
                                }
                            ]
                        }
                    ]
                }
            ]
        },
        "Planning Time": 1496.211,
        "Triggers": [],
        "Execution Time": 115.117
    }
]