[
  {
    "Plan": {
      "Node Type": "Aggregate",
      "Strategy": "Plain",
      "Partial Mode": "Finalize",
      "Parallel Aware": false,
      "Startup Cost": 79742.22,
      "Total Cost": 79742.23,
      "Plan Rows": 1,
      "Plan Width": 8,
      "Actual Startup Time": 303.32,
      "Actual Total Time": 320.767,
      "Actual Rows": 1,
      "Actual Loops": 1,
      "Plans": [
        {
          "Node Type": "Gather",
          "Parent Relationship": "Outer",
          "Parallel Aware": false,
          "Startup Cost": 79741.9,
          "Total Cost": 79742.21,
          "Plan Rows": 3,
          "Plan Width": 8,
          "Actual Startup Time": 299.802,
          "Actual Total Time": 320.754,
          "Actual Rows": 4,
          "Actual Loops": 1,
          "Workers Planned": 3,
          "Workers Launched": 3,
          "Single Copy": false,
          "Plans": [
            {
              "Node Type": "Aggregate",
              "Strategy": "Plain",
              "Partial Mode": "Partial",
              "Parent Relationship": "Outer",
              "Parallel Aware": false,
              "Startup Cost": 78741.9,
              "Total Cost": 78741.91,
              "Plan Rows": 1,
              "Plan Width": 8,
              "Actual Startup Time": 291.003,
              "Actual Total Time": 291.009,
              "Actual Rows": 1,
              "Actual Loops": 4,
              "Plans": [
                {
                  "Node Type": "Hash Join",
                  "Parent Relationship": "Outer",
                  "Parallel Aware": true,
                  "Join Type": "Inner",
                  "Startup Cost": 52960.77,
                  "Total Cost": 78690.28,
                  "Plan Rows": 20649,
                  "Plan Width": 0,
                  "Actual Startup Time": 217.335,
                  "Actual Total Time": 288.708,
                  "Actual Rows": 30985,
                  "Actual Loops": 4,
                  "Inner Unique": true,
                  "Hash Cond": "(mk.movie_id = t.id)",
                  "Plans": [
                    {
                      "Node Type": "Bitmap Heap Scan",
                      "Parent Relationship": "Outer",
                      "Parallel Aware": true,
                      "Relation Name": "movie_keyword",
                      "Alias": "mk",
                      "Startup Cost": 5546.48,
                      "Total Cost": 31054.62,
                      "Plan Rows": 84331,
                      "Plan Width": 4,
                      "Actual Startup Time": 33.608,
                      "Actual Total Time": 82.937,
                      "Actual Rows": 66986,
                      "Actual Loops": 4,
                      "Recheck Cond": "(keyword_id > 58638)",
                      "Rows Removed by Index Recheck": 0,
                      "Exact Heap Blocks": 7560,
                      "Lossy Heap Blocks": 0,
                      "Plans": [
                        {
                          "Node Type": "Bitmap Index Scan",
                          "Parent Relationship": "Outer",
                          "Parallel Aware": false,
                          "Index Name": "keyword_id_movie_keyword",
                          "Startup Cost": 0.0,
                          "Total Cost": 5481.13,
                          "Plan Rows": 261426,
                          "Plan Width": 0,
                          "Actual Startup Time": 28.568,
                          "Actual Total Time": 28.569,
                          "Actual Rows": 267942,
                          "Actual Loops": 1,
                          "Index Cond": "(keyword_id > 58638)"
                        }
                      ]
                    },
                    {
                      "Node Type": "Hash",
                      "Parent Relationship": "Inner",
                      "Parallel Aware": true,
                      "Startup Cost": 45479.59,
                      "Total Cost": 45479.59,
                      "Plan Rows": 154776,
                      "Plan Width": 4,
                      "Actual Startup Time": 178.452,
                      "Actual Total Time": 178.453,
                      "Actual Rows": 130094,
                      "Actual Loops": 4,
                      "Hash Buckets": 1048576,
                      "Original Hash Buckets": 1048576,
                      "Hash Batches": 1,
                      "Original Hash Batches": 1,
                      "Peak Memory Usage": 28608,
                      "Plans": [
                        {
                          "Node Type": "Seq Scan",
                          "Parent Relationship": "Outer",
                          "Parallel Aware": true,
                          "Relation Name": "title",
                          "Alias": "t",
                          "Startup Cost": 0.0,
                          "Total Cost": 45479.59,
                          "Plan Rows": 154776,
                          "Plan Width": 4,
                          "Actual Startup Time": 0.042,
                          "Actual Total Time": 120.862,
                          "Actual Rows": 130094,
                          "Actual Loops": 4,
                          "Filter": "((kind_id < 7) AND (production_year > 1996))",
                          "Rows Removed by Filter": 501984
                        }
                      ]
                    }
                  ]
                }
              ]
            }
          ]
        }
      ]
    },
    "Planning Time": 0.657,
    "Triggers": [],
    "Execution Time": 320.86
  }
]