[
  {
    "Plan": {
      "Node Type": "Aggregate",
      "Strategy": "Plain",
      "Partial Mode": "Simple",
      "Parallel Aware": false,
      "Startup Cost": 3298.16,
      "Total Cost": 3298.17,
      "Plan Rows": 1,
      "Plan Width": 8,
      "Actual Startup Time": 4.229,
      "Actual Total Time": 4.233,
      "Actual Rows": 1,
      "Actual Loops": 1,
      "Plans": [
        {
          "Node Type": "Nested Loop",
          "Parent Relationship": "Outer",
          "Parallel Aware": false,
          "Join Type": "Inner",
          "Startup Cost": 7.35,
          "Total Cost": 3296.03,
          "Plan Rows": 849,
          "Plan Width": 0,
          "Actual Startup Time": 0.898,
          "Actual Total Time": 4.117,
          "Actual Rows": 452,
          "Actual Loops": 1,
          "Inner Unique": false,
          "Plans": [
            {
              "Node Type": "Nested Loop",
              "Parent Relationship": "Outer",
              "Parallel Aware": false,
              "Join Type": "Inner",
              "Startup Cost": 6.78,
              "Total Cost": 3006.58,
              "Plan Rows": 84,
              "Plan Width": 8,
              "Actual Startup Time": 0.791,
              "Actual Total Time": 1.009,
              "Actual Rows": 10,
              "Actual Loops": 1,
              "Inner Unique": true,
              "Plans": [
                {
                  "Node Type": "Bitmap Heap Scan",
                  "Parent Relationship": "Outer",
                  "Parallel Aware": false,
                  "Relation Name": "movie_keyword",
                  "Alias": "mk",
                  "Startup Cost": 6.35,
                  "Total Cost": 922.98,
                  "Plan Rows": 248,
                  "Plan Width": 4,
                  "Actual Startup Time": 0.718,
                  "Actual Total Time": 0.774,
                  "Actual Rows": 13,
                  "Actual Loops": 1,
                  "Recheck Cond": "(keyword_id = 13626)",
                  "Rows Removed by Index Recheck": 0,
                  "Exact Heap Blocks": 11,
                  "Lossy Heap Blocks": 0,
                  "Plans": [
                    {
                      "Node Type": "Bitmap Index Scan",
                      "Parent Relationship": "Outer",
                      "Parallel Aware": false,
                      "Index Name": "keyword_id_movie_keyword",
                      "Startup Cost": 0.0,
                      "Total Cost": 6.29,
                      "Plan Rows": 248,
                      "Plan Width": 0,
                      "Actual Startup Time": 0.698,
                      "Actual Total Time": 0.699,
                      "Actual Rows": 13,
                      "Actual Loops": 1,
                      "Index Cond": "(keyword_id = 13626)"
                    }
                  ]
                },
                {
                  "Node Type": "Index Scan",
                  "Parent Relationship": "Inner",
                  "Parallel Aware": false,
                  "Scan Direction": "Forward",
                  "Index Name": "title_pkey",
                  "Relation Name": "title",
                  "Alias": "t",
                  "Startup Cost": 0.43,
                  "Total Cost": 8.4,
                  "Plan Rows": 1,
                  "Plan Width": 4,
                  "Actual Startup Time": 0.016,
                  "Actual Total Time": 0.016,
                  "Actual Rows": 1,
                  "Actual Loops": 13,
                  "Index Cond": "(id = mk.movie_id)",
                  "Rows Removed by Index Recheck": 0,
                  "Filter": "(kind_id < 4)",
                  "Rows Removed by Filter": 0
                }
              ]
            },
            {
              "Node Type": "Index Scan",
              "Parent Relationship": "Inner",
              "Parallel Aware": false,
              "Scan Direction": "Forward",
              "Index Name": "movie_id_cast_info",
              "Relation Name": "cast_info",
              "Alias": "ci",
              "Startup Cost": 0.56,
              "Total Cost": 3.19,
              "Plan Rows": 26,
              "Plan Width": 4,
              "Actual Startup Time": 0.022,
              "Actual Total Time": 0.297,
              "Actual Rows": 45,
              "Actual Loops": 10,
              "Index Cond": "(movie_id = t.id)",
              "Rows Removed by Index Recheck": 0,
              "Filter": "((person_id < 3560627) AND (role_id < 6))",
              "Rows Removed by Filter": 30
            }
          ]
        }
      ]
    },
    "Planning Time": 1.395,
    "Triggers": [],
    "Execution Time": 4.331
  }
]