[
  {
    "Plan": {
      "Node Type": "Aggregate",
      "Strategy": "Plain",
      "Partial Mode": "Finalize",
      "Parallel Aware": false,
      "Startup Cost": 43662.18,
      "Total Cost": 43662.19,
      "Plan Rows": 1,
      "Plan Width": 8,
      "Actual Startup Time": 49.179,
      "Actual Total Time": 54.687,
      "Actual Rows": 1,
      "Actual Loops": 1,
      "Plans": [
        {
          "Node Type": "Gather",
          "Parent Relationship": "Outer",
          "Parallel Aware": false,
          "Startup Cost": 43661.76,
          "Total Cost": 43662.17,
          "Plan Rows": 4,
          "Plan Width": 8,
          "Actual Startup Time": 49.039,
          "Actual Total Time": 54.682,
          "Actual Rows": 5,
          "Actual Loops": 1,
          "Workers Planned": 4,
          "Workers Launched": 4,
          "Single Copy": false,
          "Plans": [
            {
              "Node Type": "Aggregate",
              "Strategy": "Plain",
              "Partial Mode": "Partial",
              "Parent Relationship": "Outer",
              "Parallel Aware": false,
              "Startup Cost": 42661.76,
              "Total Cost": 42661.77,
              "Plan Rows": 1,
              "Plan Width": 8,
              "Actual Startup Time": 45.022,
              "Actual Total Time": 45.023,
              "Actual Rows": 1,
              "Actual Loops": 5,
              "Plans": [
                {
                  "Node Type": "Nested Loop",
                  "Parent Relationship": "Outer",
                  "Parallel Aware": false,
                  "Join Type": "Inner",
                  "Startup Cost": 1801.84,
                  "Total Cost": 42660.94,
                  "Plan Rows": 326,
                  "Plan Width": 0,
                  "Actual Startup Time": 12.268,
                  "Actual Total Time": 44.842,
                  "Actual Rows": 2186,
                  "Actual Loops": 5,
                  "Inner Unique": false,
                  "Join Filter": "(t.id = mc.movie_id)",
                  "Rows Removed by Join Filter": 0,
                  "Plans": [
                    {
                      "Node Type": "Nested Loop",
                      "Parent Relationship": "Outer",
                      "Parallel Aware": false,
                      "Join Type": "Inner",
                      "Startup Cost": 1801.41,
                      "Total Cost": 42451.73,
                      "Plan Rows": 316,
                      "Plan Width": 8,
                      "Actual Startup Time": 12.11,
                      "Actual Total Time": 38.269,
                      "Actual Rows": 816,
                      "Actual Loops": 5,
                      "Inner Unique": false,
                      "Plans": [
                        {
                          "Node Type": "Bitmap Heap Scan",
                          "Parent Relationship": "Outer",
                          "Parallel Aware": true,
                          "Relation Name": "title",
                          "Alias": "t",
                          "Startup Cost": 1800.98,
                          "Total Cost": 38176.96,
                          "Plan Rows": 579,
                          "Plan Width": 4,
                          "Actual Startup Time": 11.601,
                          "Actual Total Time": 31.8,
                          "Actual Rows": 599,
                          "Actual Loops": 5,
                          "Recheck Cond": "(kind_id = 3)",
                          "Rows Removed by Index Recheck": 0,
                          "Filter": "(production_year = 2001)",
                          "Rows Removed by Filter": 19508,
                          "Exact Heap Blocks": 6131,
                          "Lossy Heap Blocks": 0,
                          "Plans": [
                            {
                              "Node Type": "Bitmap Index Scan",
                              "Parent Relationship": "Outer",
                              "Parallel Aware": false,
                              "Index Name": "kind_id_title",
                              "Startup Cost": 0.0,
                              "Total Cost": 1800.4,
                              "Plan Rows": 100796,
                              "Plan Width": 0,
                              "Actual Startup Time": 11.295,
                              "Actual Total Time": 11.295,
                              "Actual Rows": 100537,
                              "Actual Loops": 1,
                              "Index Cond": "(kind_id = 3)"
                            }
                          ]
                        },
                        {
                          "Node Type": "Index Only Scan",
                          "Parent Relationship": "Inner",
                          "Parallel Aware": false,
                          "Scan Direction": "Forward",
                          "Index Name": "movie_id_movie_info_idx",
                          "Relation Name": "movie_info_idx",
                          "Alias": "mi_idx",
                          "Startup Cost": 0.43,
                          "Total Cost": 7.35,
                          "Plan Rows": 3,
                          "Plan Width": 4,
                          "Actual Startup Time": 0.01,
                          "Actual Total Time": 0.01,
                          "Actual Rows": 1,
                          "Actual Loops": 2995,
                          "Index Cond": "(movie_id = t.id)",
                          "Rows Removed by Index Recheck": 0,
                          "Heap Fetches": 4080
                        }
                      ]
                    },
                    {
                      "Node Type": "Index Only Scan",
                      "Parent Relationship": "Inner",
                      "Parallel Aware": false,
                      "Scan Direction": "Forward",
                      "Index Name": "movie_id_movie_companies",
                      "Relation Name": "movie_companies",
                      "Alias": "mc",
                      "Startup Cost": 0.43,
                      "Total Cost": 0.6,
                      "Plan Rows": 5,
                      "Plan Width": 4,
                      "Actual Startup Time": 0.006,
                      "Actual Total Time": 0.007,
                      "Actual Rows": 3,
                      "Actual Loops": 4080,
                      "Index Cond": "(movie_id = mi_idx.movie_id)",
                      "Rows Removed by Index Recheck": 0,
                      "Heap Fetches": 10929
                    }
                  ]
                }
              ]
            }
          ]
        }
      ]
    },
    "Planning Time": 0.823,
    "Triggers": [],
    "Execution Time": 54.748
  }
]