[
  {
    "Plan": {
      "Node Type": "Aggregate",
      "Strategy": "Plain",
      "Partial Mode": "Finalize",
      "Parallel Aware": false,
      "Startup Cost": 77085.44,
      "Total Cost": 77085.45,
      "Plan Rows": 1,
      "Plan Width": 8,
      "Actual Startup Time": 173.816,
      "Actual Total Time": 188.237,
      "Actual Rows": 1,
      "Actual Loops": 1,
      "Plans": [
        {
          "Node Type": "Gather",
          "Parent Relationship": "Outer",
          "Parallel Aware": false,
          "Startup Cost": 77085.13,
          "Total Cost": 77085.44,
          "Plan Rows": 3,
          "Plan Width": 8,
          "Actual Startup Time": 173.56,
          "Actual Total Time": 188.23,
          "Actual Rows": 4,
          "Actual Loops": 1,
          "Workers Planned": 3,
          "Workers Launched": 3,
          "Single Copy": false,
          "Plans": [
            {
              "Node Type": "Aggregate",
              "Strategy": "Plain",
              "Partial Mode": "Partial",
              "Parent Relationship": "Outer",
              "Parallel Aware": false,
              "Startup Cost": 76085.13,
              "Total Cost": 76085.14,
              "Plan Rows": 1,
              "Plan Width": 8,
              "Actual Startup Time": 166.329,
              "Actual Total Time": 166.333,
              "Actual Rows": 1,
              "Actual Loops": 4,
              "Plans": [
                {
                  "Node Type": "Nested Loop",
                  "Parent Relationship": "Outer",
                  "Parallel Aware": false,
                  "Join Type": "Inner",
                  "Startup Cost": 52010.57,
                  "Total Cost": 76076.08,
                  "Plan Rows": 3620,
                  "Plan Width": 0,
                  "Actual Startup Time": 100.045,
                  "Actual Total Time": 165.516,
                  "Actual Rows": 10404,
                  "Actual Loops": 4,
                  "Inner Unique": false,
                  "Join Filter": "(t.id = ci.movie_id)",
                  "Rows Removed by Join Filter": 0,
                  "Plans": [
                    {
                      "Node Type": "Hash Join",
                      "Parent Relationship": "Outer",
                      "Parallel Aware": true,
                      "Join Type": "Inner",
                      "Startup Cost": 52010.01,
                      "Total Cost": 72379.09,
                      "Plan Rows": 333,
                      "Plan Width": 8,
                      "Actual Startup Time": 99.973,
                      "Actual Total Time": 133.077,
                      "Actual Rows": 521,
                      "Actual Loops": 4,
                      "Inner Unique": true,
                      "Hash Cond": "(mc.movie_id = t.id)",
                      "Plans": [
                        {
                          "Node Type": "Bitmap Heap Scan",
                          "Parent Relationship": "Outer",
                          "Parallel Aware": true,
                          "Relation Name": "movie_companies",
                          "Alias": "mc",
                          "Startup Cost": 6475.48,
                          "Total Cost": 26719.81,
                          "Plan Rows": 47524,
                          "Plan Width": 4,
                          "Actual Startup Time": 14.88,
                          "Actual Total Time": 41.74,
                          "Actual Rows": 56096,
                          "Actual Loops": 4,
                          "Recheck Cond": "(company_id < 160)",
                          "Rows Removed by Index Recheck": 0,
                          "Filter": "(company_type_id < 2)",
                          "Rows Removed by Filter": 17123,
                          "Exact Heap Blocks": 7302,
                          "Lossy Heap Blocks": 0,
                          "Plans": [
                            {
                              "Node Type": "Bitmap Index Scan",
                              "Parent Relationship": "Outer",
                              "Parallel Aware": false,
                              "Index Name": "company_id_movie_companies",
                              "Startup Cost": 0.0,
                              "Total Cost": 6438.65,
                              "Plan Rows": 300562,
                              "Plan Width": 0,
                              "Actual Startup Time": 12.217,
                              "Actual Total Time": 12.218,
                              "Actual Rows": 292877,
                              "Actual Loops": 1,
                              "Index Cond": "(company_id < 160)"
                            }
                          ]
                        },
                        {
                          "Node Type": "Hash",
                          "Parent Relationship": "Inner",
                          "Parallel Aware": true,
                          "Startup Cost": 45479.21,
                          "Total Cost": 45479.21,
                          "Plan Rows": 4426,
                          "Plan Width": 4,
                          "Actual Startup Time": 84.396,
                          "Actual Total Time": 84.397,
                          "Actual Rows": 4932,
                          "Actual Loops": 4,
                          "Hash Buckets": 32768,
                          "Original Hash Buckets": 32768,
                          "Hash Batches": 1,
                          "Original Hash Batches": 1,
                          "Peak Memory Usage": 1120,
                          "Plans": [
                            {
                              "Node Type": "Seq Scan",
                              "Parent Relationship": "Outer",
                              "Parallel Aware": true,
                              "Relation Name": "title",
                              "Alias": "t",
                              "Startup Cost": 0.0,
                              "Total Cost": 45479.21,
                              "Plan Rows": 4426,
                              "Plan Width": 4,
                              "Actual Startup Time": 0.069,
                              "Actual Total Time": 82.09,
                              "Actual Rows": 4932,
                              "Actual Loops": 4,
                              "Filter": "((kind_id > 1) AND (production_year = 1992))",
                              "Rows Removed by Filter": 627146
                            }
                          ]
                        }
                      ]
                    },
                    {
                      "Node Type": "Index Scan",
                      "Parent Relationship": "Inner",
                      "Parallel Aware": false,
                      "Scan Direction": "Forward",
                      "Index Name": "movie_id_cast_info",
                      "Relation Name": "cast_info",
                      "Alias": "ci",
                      "Startup Cost": 0.56,
                      "Total Cost": 10.74,
                      "Plan Rows": 29,
                      "Plan Width": 4,
                      "Actual Startup Time": 0.012,
                      "Actual Total Time": 0.06,
                      "Actual Rows": 20,
                      "Actual Loops": 2085,
                      "Index Cond": "(movie_id = mc.movie_id)",
                      "Rows Removed by Index Recheck": 0,
                      "Filter": "(person_id < 2817315)",
                      "Rows Removed by Filter": 6
                    }
                  ]
                }
              ]
            }
          ]
        }
      ]
    },
    "Planning Time": 0.449,
    "Triggers": [],
    "Execution Time": 188.287
  }
]