[
  {
    "Plan": {
      "Node Type": "Aggregate",
      "Strategy": "Plain",
      "Partial Mode": "Finalize",
      "Parallel Aware": false,
      "Startup Cost": 300792.26,
      "Total Cost": 300792.27,
      "Plan Rows": 1,
      "Plan Width": 8,
      "Actual Startup Time": 751.012,
      "Actual Total Time": 795.223,
      "Actual Rows": 1,
      "Actual Loops": 1,
      "Plans": [
        {
          "Node Type": "Gather",
          "Parent Relationship": "Outer",
          "Parallel Aware": false,
          "Startup Cost": 300791.74,
          "Total Cost": 300792.25,
          "Plan Rows": 5,
          "Plan Width": 8,
          "Actual Startup Time": 731.313,
          "Actual Total Time": 795.212,
          "Actual Rows": 6,
          "Actual Loops": 1,
          "Workers Planned": 5,
          "Workers Launched": 5,
          "Single Copy": false,
          "Plans": [
            {
              "Node Type": "Aggregate",
              "Strategy": "Plain",
              "Partial Mode": "Partial",
              "Parent Relationship": "Outer",
              "Parallel Aware": false,
              "Startup Cost": 299791.74,
              "Total Cost": 299791.75,
              "Plan Rows": 1,
              "Plan Width": 8,
              "Actual Startup Time": 720.996,
              "Actual Total Time": 721.179,
              "Actual Rows": 1,
              "Actual Loops": 6,
              "Plans": [
                {
                  "Node Type": "Hash Join",
                  "Parent Relationship": "Outer",
                  "Parallel Aware": true,
                  "Join Type": "Inner",
                  "Startup Cost": 97277.87,
                  "Total Cost": 299213.25,
                  "Plan Rows": 231398,
                  "Plan Width": 0,
                  "Actual Startup Time": 424.527,
                  "Actual Total Time": 715.634,
                  "Actual Rows": 137552,
                  "Actual Loops": 6,
                  "Inner Unique": false,
                  "Hash Cond": "(mi.movie_id = t.id)",
                  "Plans": [
                    {
                      "Node Type": "Seq Scan",
                      "Parent Relationship": "Outer",
                      "Parallel Aware": true,
                      "Relation Name": "movie_info",
                      "Alias": "mi",
                      "Startup Cost": 0.0,
                      "Total Cost": 198952.16,
                      "Plan Rows": 596472,
                      "Plan Width": 4,
                      "Actual Startup Time": 67.328,
                      "Actual Total Time": 285.508,
                      "Actual Rows": 506120,
                      "Actual Loops": 6,
                      "Filter": "(info_type_id = 16)",
                      "Rows Removed by Filter": 1966500
                    },
                    {
                      "Node Type": "Hash",
                      "Parent Relationship": "Inner",
                      "Parallel Aware": true,
                      "Startup Cost": 93322.89,
                      "Total Cost": 93322.89,
                      "Plan Rows": 316399,
                      "Plan Width": 8,
                      "Actual Startup Time": 353.441,
                      "Actual Total Time": 353.622,
                      "Actual Rows": 73312,
                      "Actual Loops": 6,
                      "Hash Buckets": 1048576,
                      "Original Hash Buckets": 1048576,
                      "Hash Batches": 1,
                      "Original Hash Batches": 1,
                      "Peak Memory Usage": 25504,
                      "Plans": [
                        {
                          "Node Type": "Hash Join",
                          "Parent Relationship": "Outer",
                          "Parallel Aware": true,
                          "Join Type": "Inner",
                          "Startup Cost": 49443.78,
                          "Total Cost": 93322.89,
                          "Plan Rows": 316399,
                          "Plan Width": 8,
                          "Actual Startup Time": 211.841,
                          "Actual Total Time": 326.491,
                          "Actual Rows": 73312,
                          "Actual Loops": 6,
                          "Inner Unique": true,
                          "Hash Cond": "(mk.movie_id = t.id)",
                          "Plans": [
                            {
                              "Node Type": "Seq Scan",
                              "Parent Relationship": "Outer",
                              "Parallel Aware": true,
                              "Relation Name": "movie_keyword",
                              "Alias": "mk",
                              "Startup Cost": 0.0,
                              "Total Cost": 42695.65,
                              "Plan Rows": 450840,
                              "Plan Width": 4,
                              "Actual Startup Time": 0.029,
                              "Actual Total Time": 69.129,
                              "Actual Rows": 234766,
                              "Actual Loops": 6,
                              "Filter": "(keyword_id < 1923)",
                              "Rows Removed by Filter": 519222
                            },
                            {
                              "Node Type": "Hash",
                              "Parent Relationship": "Inner",
                              "Parallel Aware": true,
                              "Startup Cost": 43898.92,
                              "Total Cost": 43898.92,
                              "Plan Rows": 443589,
                              "Plan Width": 4,
                              "Actual Startup Time": 208.632,
                              "Actual Total Time": 208.633,
                              "Actual Rows": 295772,
                              "Actual Loops": 6,
                              "Hash Buckets": 2097152,
                              "Original Hash Buckets": 2097152,
                              "Hash Batches": 1,
                              "Original Hash Batches": 1,
                              "Peak Memory Usage": 85888,
                              "Plans": [
                                {
                                  "Node Type": "Seq Scan",
                                  "Parent Relationship": "Outer",
                                  "Parallel Aware": true,
                                  "Relation Name": "title",
                                  "Alias": "t",
                                  "Startup Cost": 0.0,
                                  "Total Cost": 43898.92,
                                  "Plan Rows": 443589,
                                  "Plan Width": 4,
                                  "Actual Startup Time": 0.046,
                                  "Actual Total Time": 82.197,
                                  "Actual Rows": 295772,
                                  "Actual Loops": 6,
                                  "Filter": "(kind_id > 2)",
                                  "Rows Removed by Filter": 125613
                                }
                              ]
                            }
                          ]
                        }
                      ]
                    }
                  ]
                }
              ]
            }
          ]
        }
      ]
    },
    "Planning Time": 1.398,
    "Triggers": [],
    "Execution Time": 795.314
  }
]