[
  {
    "Plan": {
      "Node Type": "Aggregate",
      "Strategy": "Plain",
      "Partial Mode": "Finalize",
      "Parallel Aware": false,
      "Startup Cost": 256158.1,
      "Total Cost": 256158.11,
      "Plan Rows": 1,
      "Plan Width": 128,
      "Actual Startup Time": 2211.523,
      "Actual Total Time": 2288.717,
      "Actual Rows": 1,
      "Actual Loops": 1,
      "Plans": [
        {
          "Node Type": "Gather",
          "Parent Relationship": "Outer",
          "Parallel Aware": false,
          "Startup Cost": 256157.76,
          "Total Cost": 256158.07,
          "Plan Rows": 3,
          "Plan Width": 128,
          "Actual Startup Time": 2210.107,
          "Actual Total Time": 2288.704,
          "Actual Rows": 4,
          "Actual Loops": 1,
          "Workers Planned": 3,
          "Workers Launched": 3,
          "Single Copy": false,
          "Plans": [
            {
              "Node Type": "Aggregate",
              "Strategy": "Plain",
              "Partial Mode": "Partial",
              "Parent Relationship": "Outer",
              "Parallel Aware": false,
              "Startup Cost": 255157.76,
              "Total Cost": 255157.77,
              "Plan Rows": 1,
              "Plan Width": 128,
              "Actual Startup Time": 2199.538,
              "Actual Total Time": 2199.548,
              "Actual Rows": 1,
              "Actual Loops": 4,
              "Plans": [
                {
                  "Node Type": "Nested Loop",
                  "Parent Relationship": "Outer",
                  "Parallel Aware": false,
                  "Join Type": "Inner",
                  "Startup Cost": 143596.65,
                  "Total Cost": 254655.23,
                  "Plan Rows": 50253,
                  "Plan Width": 64,
                  "Actual Startup Time": 1419.685,
                  "Actual Total Time": 2178.982,
                  "Actual Rows": 105872,
                  "Actual Loops": 4,
                  "Inner Unique": false,
                  "Join Filter": "(n.id = an.person_id)",
                  "Rows Removed by Join Filter": 0,
                  "Plans": [
                    {
                      "Node Type": "Nested Loop",
                      "Parent Relationship": "Outer",
                      "Parallel Aware": false,
                      "Join Type": "Inner",
                      "Startup Cost": 143596.22,
                      "Total Cost": 244162.97,
                      "Plan Rows": 20944,
                      "Plan Width": 56,
                      "Actual Startup Time": 1419.341,
                      "Actual Total Time": 2056.648,
                      "Actual Rows": 35711,
                      "Actual Loops": 4,
                      "Inner Unique": true,
                      "Plans": [
                        {
                          "Node Type": "Nested Loop",
                          "Parent Relationship": "Outer",
                          "Parallel Aware": false,
                          "Join Type": "Inner",
                          "Startup Cost": 143595.79,
                          "Total Cost": 233762.23,
                          "Plan Rows": 20944,
                          "Plan Width": 47,
                          "Actual Startup Time": 1419.281,
                          "Actual Total Time": 1954.312,
                          "Actual Rows": 35711,
                          "Actual Loops": 4,
                          "Inner Unique": true,
                          "Plans": [
                            {
                              "Node Type": "Nested Loop",
                              "Parent Relationship": "Outer",
                              "Parallel Aware": false,
                              "Join Type": "Inner",
                              "Startup Cost": 143595.36,
                              "Total Cost": 223300.19,
                              "Plan Rows": 20944,
                              "Plan Width": 35,
                              "Actual Startup Time": 1419.191,
                              "Actual Total Time": 1820.628,
                              "Actual Rows": 39399,
                              "Actual Loops": 4,
                              "Inner Unique": true,
                              "Plans": [
                                {
                                  "Node Type": "Hash Join",
                                  "Parent Relationship": "Outer",
                                  "Parallel Aware": false,
                                  "Join Type": "Inner",
                                  "Startup Cost": 143594.93,
                                  "Total Cost": 175823.78,
                                  "Plan Rows": 90079,
                                  "Plan Width": 16,
                                  "Actual Startup Time": 1419.085,
                                  "Actual Total Time": 1690.534,
                                  "Actual Rows": 39416,
                                  "Actual Loops": 4,
                                  "Inner Unique": false,
                                  "Hash Cond": "(mc.movie_id = ci.movie_id)",
                                  "Plans": [
                                    {
                                      "Node Type": "Hash Join",
                                      "Parent Relationship": "Outer",
                                      "Parallel Aware": true,
                                      "Join Type": "Inner",
                                      "Startup Cost": 5351.02,
                                      "Total Cost": 34766.95,
                                      "Plan Rows": 305940,
                                      "Plan Width": 4,
                                      "Actual Startup Time": 26.481,
                                      "Actual Total Time": 216.347,
                                      "Actual Rows": 288450,
                                      "Actual Loops": 4,
                                      "Inner Unique": true,
                                      "Hash Cond": "(mc.company_id = cn.id)",
                                      "Plans": [
                                        {
                                          "Node Type": "Seq Scan",
                                          "Parent Relationship": "Outer",
                                          "Parallel Aware": true,
                                          "Relation Name": "movie_companies",
                                          "Alias": "mc",
                                          "Startup Cost": 0.0,
                                          "Total Cost": 27206.55,
                                          "Plan Rows": 841655,
                                          "Plan Width": 8,
                                          "Actual Startup Time": 0.033,
                                          "Actual Total Time": 63.306,
                                          "Actual Rows": 652282,
                                          "Actual Loops": 4
                                        },
                                        {
                                          "Node Type": "Hash",
                                          "Parent Relationship": "Inner",
                                          "Parallel Aware": true,
                                          "Startup Cost": 4722.92,
                                          "Total Cost": 4722.92,
                                          "Plan Rows": 50248,
                                          "Plan Width": 4,
                                          "Actual Startup Time": 25.407,
                                          "Actual Total Time": 25.41,
                                          "Actual Rows": 21211,
                                          "Actual Loops": 4,
                                          "Hash Buckets": 131072,
                                          "Original Hash Buckets": 131072,
                                          "Hash Batches": 1,
                                          "Original Hash Batches": 1,
                                          "Peak Memory Usage": 4448,
                                          "Plans": [
                                            {
                                              "Node Type": "Seq Scan",
                                              "Parent Relationship": "Outer",
                                              "Parallel Aware": true,
                                              "Relation Name": "company_name",
                                              "Alias": "cn",
                                              "Startup Cost": 0.0,
                                              "Total Cost": 4722.92,
                                              "Plan Rows": 50248,
                                              "Plan Width": 4,
                                              "Actual Startup Time": 0.056,
                                              "Actual Total Time": 16.402,
                                              "Actual Rows": 21211,
                                              "Actual Loops": 4,
                                              "Filter": "((country_code)::text = '[us]'::text)",
                                              "Rows Removed by Filter": 37538
                                            }
                                          ]
                                        }
                                      ]
                                    },
                                    {
                                      "Node Type": "Hash",
                                      "Parent Relationship": "Inner",
                                      "Parallel Aware": false,
                                      "Startup Cost": 134424.9,
                                      "Total Cost": 134424.9,
                                      "Plan Rows": 305521,
                                      "Plan Width": 12,
                                      "Actual Startup Time": 1388.606,
                                      "Actual Total Time": 1388.608,
                                      "Actual Rows": 222693,
                                      "Actual Loops": 4,
                                      "Hash Buckets": 524288,
                                      "Original Hash Buckets": 524288,
                                      "Hash Batches": 1,
                                      "Original Hash Batches": 1,
                                      "Peak Memory Usage": 13589,
                                      "Plans": [
                                        {
                                          "Node Type": "Nested Loop",
                                          "Parent Relationship": "Outer",
                                          "Parallel Aware": false,
                                          "Join Type": "Inner",
                                          "Startup Cost": 0.56,
                                          "Total Cost": 134424.9,
                                          "Plan Rows": 305521,
                                          "Plan Width": 12,
                                          "Actual Startup Time": 0.333,
                                          "Actual Total Time": 1312.716,
                                          "Actual Rows": 222693,
                                          "Actual Loops": 4,
                                          "Inner Unique": false,
                                          "Plans": [
                                            {
                                              "Node Type": "Seq Scan",
                                              "Parent Relationship": "Outer",
                                              "Parallel Aware": false,
                                              "Relation Name": "role_type",
                                              "Alias": "rt",
                                              "Startup Cost": 0.0,
                                              "Total Cost": 1.15,
                                              "Plan Rows": 1,
                                              "Plan Width": 4,
                                              "Actual Startup Time": 0.04,
                                              "Actual Total Time": 0.045,
                                              "Actual Rows": 1,
                                              "Actual Loops": 4,
                                              "Filter": "((role)::text = 'actress'::text)",
                                              "Rows Removed by Filter": 11
                                            },
                                            {
                                              "Node Type": "Index Scan",
                                              "Parent Relationship": "Inner",
                                              "Parallel Aware": false,
                                              "Scan Direction": "Forward",
                                              "Index Name": "role_id_cast_info",
                                              "Relation Name": "cast_info",
                                              "Alias": "ci",
                                              "Startup Cost": 0.56,
                                              "Total Cost": 131090.79,
                                              "Plan Rows": 333296,
                                              "Plan Width": 16,
                                              "Actual Startup Time": 0.289,
                                              "Actual Total Time": 1288.935,
                                              "Actual Rows": 222693,
                                              "Actual Loops": 4,
                                              "Index Cond": "(role_id = rt.id)",
                                              "Rows Removed by Index Recheck": 0,
                                              "Filter": "(note = ANY ('{(producer),(writer),\"(executive producer)\",(voice)}'::text[]))",
                                              "Rows Removed by Filter": 7229280
                                            }
                                          ]
                                        }
                                      ]
                                    }
                                  ]
                                },
                                {
                                  "Node Type": "Index Scan",
                                  "Parent Relationship": "Inner",
                                  "Parallel Aware": false,
                                  "Scan Direction": "Forward",
                                  "Index Name": "name_pkey",
                                  "Relation Name": "name",
                                  "Alias": "n",
                                  "Startup Cost": 0.43,
                                  "Total Cost": 0.53,
                                  "Plan Rows": 1,
                                  "Plan Width": 19,
                                  "Actual Startup Time": 0.003,
                                  "Actual Total Time": 0.003,
                                  "Actual Rows": 1,
                                  "Actual Loops": 157665,
                                  "Index Cond": "(id = ci.person_id)",
                                  "Rows Removed by Index Recheck": 0,
                                  "Filter": "((gender)::text = 'f'::text)",
                                  "Rows Removed by Filter": 0
                                }
                              ]
                            },
                            {
                              "Node Type": "Index Scan",
                              "Parent Relationship": "Inner",
                              "Parallel Aware": false,
                              "Scan Direction": "Forward",
                              "Index Name": "char_name_pkey",
                              "Relation Name": "char_name",
                              "Alias": "chn",
                              "Startup Cost": 0.43,
                              "Total Cost": 0.5,
                              "Plan Rows": 1,
                              "Plan Width": 20,
                              "Actual Startup Time": 0.003,
                              "Actual Total Time": 0.003,
                              "Actual Rows": 1,
                              "Actual Loops": 157595,
                              "Index Cond": "(id = ci.person_role_id)",
                              "Rows Removed by Index Recheck": 0
                            }
                          ]
                        },
                        {
                          "Node Type": "Index Scan",
                          "Parent Relationship": "Inner",
                          "Parallel Aware": false,
                          "Scan Direction": "Forward",
                          "Index Name": "title_pkey",
                          "Relation Name": "title",
                          "Alias": "t",
                          "Startup Cost": 0.43,
                          "Total Cost": 0.5,
                          "Plan Rows": 1,
                          "Plan Width": 21,
                          "Actual Startup Time": 0.002,
                          "Actual Total Time": 0.002,
                          "Actual Rows": 1,
                          "Actual Loops": 142844,
                          "Index Cond": "(id = ci.movie_id)",
                          "Rows Removed by Index Recheck": 0
                        }
                      ]
                    },
                    {
                      "Node Type": "Index Scan",
                      "Parent Relationship": "Inner",
                      "Parallel Aware": false,
                      "Scan Direction": "Forward",
                      "Index Name": "person_id_aka_name",
                      "Relation Name": "aka_name",
                      "Alias": "an",
                      "Startup Cost": 0.42,
                      "Total Cost": 0.48,
                      "Plan Rows": 2,
                      "Plan Width": 20,
                      "Actual Startup Time": 0.002,
                      "Actual Total Time": 0.003,
                      "Actual Rows": 3,
                      "Actual Loops": 142844,
                      "Index Cond": "(person_id = ci.person_id)",
                      "Rows Removed by Index Recheck": 0
                    }
                  ]
                }
              ]
            }
          ]
        }
      ]
    },
    "Planning Time": 15.784,
    "Triggers": [],
    "Execution Time": 2290.385
  }
]