[
  {
    "Plan": {
      "Node Type": "Aggregate",
      "Strategy": "Plain",
      "Partial Mode": "Finalize",
      "Parallel Aware": false,
      "Startup Cost": 435428.43,
      "Total Cost": 435428.44,
      "Plan Rows": 1,
      "Plan Width": 8,
      "Actual Startup Time": 1968.681,
      "Actual Total Time": 2032.656,
      "Actual Rows": 1,
      "Actual Loops": 1,
      "Plans": [
        {
          "Node Type": "Gather",
          "Parent Relationship": "Outer",
          "Parallel Aware": false,
          "Startup Cost": 435427.81,
          "Total Cost": 435428.42,
          "Plan Rows": 6,
          "Plan Width": 8,
          "Actual Startup Time": 1960.441,
          "Actual Total Time": 2032.643,
          "Actual Rows": 7,
          "Actual Loops": 1,
          "Workers Planned": 6,
          "Workers Launched": 6,
          "Single Copy": false,
          "Plans": [
            {
              "Node Type": "Aggregate",
              "Strategy": "Plain",
              "Partial Mode": "Partial",
              "Parent Relationship": "Outer",
              "Parallel Aware": false,
              "Startup Cost": 434427.81,
              "Total Cost": 434427.82,
              "Plan Rows": 1,
              "Plan Width": 8,
              "Actual Startup Time": 1949.862,
              "Actual Total Time": 1950.055,
              "Actual Rows": 1,
              "Actual Loops": 7,
              "Plans": [
                {
                  "Node Type": "Hash Join",
                  "Parent Relationship": "Outer",
                  "Parallel Aware": true,
                  "Join Type": "Inner",
                  "Startup Cost": 92150.9,
                  "Total Cost": 431560.36,
                  "Plan Rows": 1146979,
                  "Plan Width": 0,
                  "Actual Startup Time": 279.72,
                  "Actual Total Time": 1809.217,
                  "Actual Rows": 3171249,
                  "Actual Loops": 7,
                  "Inner Unique": false,
                  "Hash Cond": "(ci.movie_id = t.id)",
                  "Plans": [
                    {
                      "Node Type": "Seq Scan",
                      "Parent Relationship": "Outer",
                      "Parallel Aware": true,
                      "Relation Name": "cast_info",
                      "Alias": "ci",
                      "Startup Cost": 0.0,
                      "Total Cost": 313067.02,
                      "Plan Rows": 6038002,
                      "Plan Width": 4,
                      "Actual Startup Time": 0.019,
                      "Actual Total Time": 549.82,
                      "Actual Rows": 5177763,
                      "Actual Loops": 7
                    },
                    {
                      "Node Type": "Hash",
                      "Parent Relationship": "Inner",
                      "Parallel Aware": true,
                      "Startup Cost": 90214.32,
                      "Total Cost": 90214.32,
                      "Plan Rows": 154927,
                      "Plan Width": 8,
                      "Actual Startup Time": 277.258,
                      "Actual Total Time": 277.449,
                      "Actual Rows": 95975,
                      "Actual Loops": 7,
                      "Hash Buckets": 1048576,
                      "Original Hash Buckets": 524288,
                      "Hash Batches": 1,
                      "Original Hash Batches": 1,
                      "Peak Memory Usage": 38688,
                      "Plans": [
                        {
                          "Node Type": "Hash Join",
                          "Parent Relationship": "Outer",
                          "Parallel Aware": true,
                          "Join Type": "Inner",
                          "Startup Cost": 45458.87,
                          "Total Cost": 90214.32,
                          "Plan Rows": 154927,
                          "Plan Width": 8,
                          "Actual Startup Time": 117.14,
                          "Actual Total Time": 241.465,
                          "Actual Rows": 95975,
                          "Actual Loops": 7,
                          "Inner Unique": true,
                          "Hash Cond": "(mk.movie_id = t.id)",
                          "Plans": [
                            {
                              "Node Type": "Seq Scan",
                              "Parent Relationship": "Outer",
                              "Parallel Aware": true,
                              "Relation Name": "movie_keyword",
                              "Alias": "mk",
                              "Startup Cost": 0.0,
                              "Total Cost": 42695.65,
                              "Plan Rows": 784685,
                              "Plan Width": 4,
                              "Actual Startup Time": 0.029,
                              "Actual Total Time": 74.753,
                              "Actual Rows": 347905,
                              "Actual Loops": 7,
                              "Filter": "(keyword_id < 5777)",
                              "Rows Removed by Filter": 298371
                            },
                            {
                              "Node Type": "Hash",
                              "Parent Relationship": "Inner",
                              "Parallel Aware": true,
                              "Startup Cost": 43898.92,
                              "Total Cost": 43898.92,
                              "Plan Rows": 124796,
                              "Plan Width": 4,
                              "Actual Startup Time": 115.891,
                              "Actual Total Time": 115.892,
                              "Actual Rows": 72708,
                              "Actual Loops": 7,
                              "Hash Buckets": 524288,
                              "Original Hash Buckets": 524288,
                              "Hash Batches": 1,
                              "Original Hash Batches": 1,
                              "Peak Memory Usage": 24096,
                              "Plans": [
                                {
                                  "Node Type": "Seq Scan",
                                  "Parent Relationship": "Outer",
                                  "Parallel Aware": true,
                                  "Relation Name": "title",
                                  "Alias": "t",
                                  "Startup Cost": 0.0,
                                  "Total Cost": 43898.92,
                                  "Plan Rows": 124796,
                                  "Plan Width": 4,
                                  "Actual Startup Time": 0.055,
                                  "Actual Total Time": 80.354,
                                  "Actual Rows": 72708,
                                  "Actual Loops": 7,
                                  "Filter": "(production_year < 1980)",
                                  "Rows Removed by Filter": 288480
                                }
                              ]
                            }
                          ]
                        }
                      ]
                    }
                  ]
                }
              ]
            }
          ]
        }
      ]
    },
    "Planning Time": 1.1,
    "Triggers": [],
    "Execution Time": 2032.749
  }
]