[
  {
    "Plan": {
      "Node Type": "Aggregate",
      "Strategy": "Plain",
      "Partial Mode": "Finalize",
      "Parallel Aware": false,
      "Startup Cost": 206676.92,
      "Total Cost": 206676.93,
      "Plan Rows": 1,
      "Plan Width": 8,
      "Actual Startup Time": 712.941,
      "Actual Total Time": 752.669,
      "Actual Rows": 1,
      "Actual Loops": 1,
      "Plans": [
        {
          "Node Type": "Gather",
          "Parent Relationship": "Outer",
          "Parallel Aware": false,
          "Startup Cost": 206676.4,
          "Total Cost": 206676.91,
          "Plan Rows": 5,
          "Plan Width": 8,
          "Actual Startup Time": 702.511,
          "Actual Total Time": 752.657,
          "Actual Rows": 6,
          "Actual Loops": 1,
          "Workers Planned": 5,
          "Workers Launched": 5,
          "Single Copy": false,
          "Plans": [
            {
              "Node Type": "Aggregate",
              "Strategy": "Plain",
              "Partial Mode": "Partial",
              "Parent Relationship": "Outer",
              "Parallel Aware": false,
              "Startup Cost": 205676.4,
              "Total Cost": 205676.41,
              "Plan Rows": 1,
              "Plan Width": 8,
              "Actual Startup Time": 694.718,
              "Actual Total Time": 695.122,
              "Actual Rows": 1,
              "Actual Loops": 6,
              "Plans": [
                {
                  "Node Type": "Hash Join",
                  "Parent Relationship": "Outer",
                  "Parallel Aware": true,
                  "Join Type": "Inner",
                  "Startup Cost": 94755.47,
                  "Total Cost": 205141.64,
                  "Plan Rows": 213901,
                  "Plan Width": 0,
                  "Actual Startup Time": 357.709,
                  "Actual Total Time": 679.172,
                  "Actual Rows": 343782,
                  "Actual Loops": 6,
                  "Inner Unique": false,
                  "Hash Cond": "(ci.movie_id = t.id)",
                  "Plans": [
                    {
                      "Node Type": "Index Scan",
                      "Parent Relationship": "Outer",
                      "Parallel Aware": true,
                      "Scan Direction": "Forward",
                      "Index Name": "role_id_cast_info",
                      "Relation Name": "cast_info",
                      "Alias": "ci",
                      "Startup Cost": 0.56,
                      "Total Cost": 107159.34,
                      "Plan Rows": 676641,
                      "Plan Width": 4,
                      "Actual Startup Time": 0.259,
                      "Actual Total Time": 157.209,
                      "Actual Rows": 603054,
                      "Actual Loops": 6,
                      "Index Cond": "(role_id = 3)",
                      "Rows Removed by Index Recheck": 0,
                      "Filter": "(person_id > 502828)",
                      "Rows Removed by Filter": 64952
                    },
                    {
                      "Node Type": "Hash",
                      "Parent Relationship": "Inner",
                      "Parallel Aware": true,
                      "Startup Cost": 91531.97,
                      "Total Cost": 91531.97,
                      "Plan Rows": 257835,
                      "Plan Width": 8,
                      "Actual Startup Time": 355.286,
                      "Actual Total Time": 355.688,
                      "Actual Rows": 174442,
                      "Actual Loops": 6,
                      "Hash Buckets": 1048576,
                      "Original Hash Buckets": 1048576,
                      "Hash Batches": 1,
                      "Original Hash Batches": 1,
                      "Peak Memory Usage": 49216,
                      "Plans": [
                        {
                          "Node Type": "Hash Join",
                          "Parent Relationship": "Outer",
                          "Parallel Aware": true,
                          "Join Type": "Inner",
                          "Startup Cost": 47231.36,
                          "Total Cost": 91531.97,
                          "Plan Rows": 257835,
                          "Plan Width": 8,
                          "Actual Startup Time": 177.593,
                          "Actual Total Time": 308.205,
                          "Actual Rows": 174442,
                          "Actual Loops": 6,
                          "Inner Unique": true,
                          "Hash Cond": "(mk.movie_id = t.id)",
                          "Plans": [
                            {
                              "Node Type": "Seq Scan",
                              "Parent Relationship": "Outer",
                              "Parallel Aware": true,
                              "Relation Name": "movie_keyword",
                              "Alias": "mk",
                              "Startup Cost": 0.0,
                              "Total Cost": 42695.65,
                              "Plan Rows": 611411,
                              "Plan Width": 4,
                              "Actual Startup Time": 0.342,
                              "Actual Total Time": 76.522,
                              "Actual Rows": 313365,
                              "Actual Loops": 6,
                              "Filter": "(keyword_id > 7287)",
                              "Rows Removed by Filter": 440624
                            },
                            {
                              "Node Type": "Hash",
                              "Parent Relationship": "Inner",
                              "Parallel Aware": true,
                              "Startup Cost": 43899.32,
                              "Total Cost": 43899.32,
                              "Plan Rows": 266563,
                              "Plan Width": 4,
                              "Actual Startup Time": 174.72,
                              "Actual Total Time": 174.721,
                              "Actual Rows": 179128,
                              "Actual Loops": 6,
                              "Hash Buckets": 2097152,
                              "Original Hash Buckets": 2097152,
                              "Hash Batches": 1,
                              "Original Hash Batches": 1,
                              "Peak Memory Usage": 58560,
                              "Plans": [
                                {
                                  "Node Type": "Seq Scan",
                                  "Parent Relationship": "Outer",
                                  "Parallel Aware": true,
                                  "Relation Name": "title",
                                  "Alias": "t",
                                  "Startup Cost": 0.0,
                                  "Total Cost": 43899.32,
                                  "Plan Rows": 266563,
                                  "Plan Width": 4,
                                  "Actual Startup Time": 0.045,
                                  "Actual Total Time": 85.491,
                                  "Actual Rows": 179128,
                                  "Actual Loops": 6,
                                  "Filter": "(production_year < 2001)",
                                  "Rows Removed by Filter": 242258
                                }
                              ]
                            }
                          ]
                        }
                      ]
                    }
                  ]
                }
              ]
            }
          ]
        }
      ]
    },
    "Planning Time": 0.481,
    "Triggers": [],
    "Execution Time": 752.725
  }
]