{
  "Plan": {
    "Node Type": "Aggregate",
    "Strategy": "Plain",
    "Partial Mode": "Finalize",
    "Parallel Aware": false,
    "Startup Cost": 90451.3,
    "Total Cost": 90451.31,
    "Plan Rows": 1,
    "Plan Width": 8,
    "Actual Startup Time": 320.002,
    "Actual Total Time": 337.237,
    "Actual Rows": 1,
    "Actual Loops": 1,
    "Plans": [
      {
        "Node Type": "Gather",
        "Parent Relationship": "Outer",
        "Parallel Aware": false,
        "Startup Cost": 90451.19,
        "Total Cost": 90451.3,
        "Plan Rows": 1,
        "Plan Width": 8,
        "Actual Startup Time": 317.96,
        "Actual Total Time": 337.23,
        "Actual Rows": 2,
        "Actual Loops": 1,
        "Workers Planned": 1,
        "Workers Launched": 1,
        "Single Copy": false,
        "Plans": [
          {
            "Node Type": "Aggregate",
            "Strategy": "Plain",
            "Partial Mode": "Partial",
            "Parent Relationship": "Outer",
            "Parallel Aware": false,
            "Startup Cost": 89451.19,
            "Total Cost": 89451.2,
            "Plan Rows": 1,
            "Plan Width": 8,
            "Actual Startup Time": 312.384,
            "Actual Total Time": 312.388,
            "Actual Rows": 1,
            "Actual Loops": 2,
            "Plans": [
              {
                "Node Type": "Hash Join",
                "Parent Relationship": "Outer",
                "Parallel Aware": true,
                "Join Type": "Inner",
                "Startup Cost": 63747.87,
                "Total Cost": 89436.41,
                "Plan Rows": 5912,
                "Plan Width": 0,
                "Actual Startup Time": 281.862,
                "Actual Total Time": 312.357,
                "Actual Rows": 276,
                "Actual Loops": 2,
                "Inner Unique": true,
                "Hash Cond": "(mk.movie_id = t.id)",
                "Plans": [
                  {
                    "Node Type": "Bitmap Heap Scan",
                    "Parent Relationship": "Outer",
                    "Parallel Aware": true,
                    "Relation Name": "movie_keyword",
                    "Alias": "mk",
                    "Startup Cost": 869.14,
                    "Total Cost": 26494.58,
                    "Plan Rows": 24039,
                    "Plan Width": 4,
                    "Actual Startup Time": 4.727,
                    "Actual Total Time": 25.924,
                    "Actual Rows": 20920,
                    "Actual Loops": 2,
                    "Recheck Cond": "(keyword_id = 117)",
                    "Rows Removed by Index Recheck": 0,
                    "Exact Heap Blocks": 9175,
                    "Lossy Heap Blocks": 0,
                    "Plans": [
                      {
                        "Node Type": "Bitmap Index Scan",
                        "Parent Relationship": "Outer",
                        "Parallel Aware": false,
                        "Index Name": "keyword_id_movie_keyword",
                        "Startup Cost": 0.0,
                        "Total Cost": 858.93,
                        "Plan Rows": 40866,
                        "Plan Width": 0,
                        "Actual Startup Time": 3.077,
                        "Actual Total Time": 3.078,
                        "Actual Rows": 41840,
                        "Actual Loops": 1,
                        "Index Cond": "(keyword_id = 117)"
                      }
                    ]
                  },
                  {
                    "Node Type": "Hash",
                    "Parent Relationship": "Inner",
                    "Parallel Aware": true,
                    "Startup Cost": 58306.47,
                    "Total Cost": 58306.47,
                    "Plan Rows": 365781,
                    "Plan Width": 4,
                    "Actual Startup Time": 269.364,
                    "Actual Total Time": 269.365,
                    "Actual Rows": 338464,
                    "Actual Loops": 2,
                    "Hash Buckets": 1048576,
                    "Original Hash Buckets": 1048576,
                    "Hash Batches": 1,
                    "Original Hash Batches": 1,
                    "Peak Memory Usage": 34688,
                    "Plans": [
                      {
                        "Node Type": "Seq Scan",
                        "Parent Relationship": "Outer",
                        "Parallel Aware": true,
                        "Relation Name": "title",
                        "Alias": "t",
                        "Startup Cost": 0.0,
                        "Total Cost": 58306.47,
                        "Plan Rows": 365781,
                        "Plan Width": 4,
                        "Actual Startup Time": 0.034,
                        "Actual Total Time": 176.519,
                        "Actual Rows": 338464,
                        "Actual Loops": 2,
                        "Filter": "((production_year > 2005) AND (kind_id = 7))",
                        "Rows Removed by Filter": 925692
                      }
                    ]
                  }
                ]
              }
            ]
          }
        ]
      }
    ]
  },
  "Planning Time": 0.391,
  "Triggers": [],
  "Execution Time": 337.313
}