[
  {
    "Plan": {
      "Node Type": "Aggregate",
      "Strategy": "Plain",
      "Partial Mode": "Finalize",
      "Parallel Aware": false,
      "Startup Cost": 220904.64,
      "Total Cost": 220904.65,
      "Plan Rows": 1,
      "Plan Width": 8,
      "Actual Startup Time": 218.826,
      "Actual Total Time": 231.847,
      "Actual Rows": 1,
      "Actual Loops": 1,
      "Plans": [
        {
          "Node Type": "Gather",
          "Parent Relationship": "Outer",
          "Parallel Aware": false,
          "Startup Cost": 220904.12,
          "Total Cost": 220904.63,
          "Plan Rows": 5,
          "Plan Width": 8,
          "Actual Startup Time": 214.557,
          "Actual Total Time": 231.833,
          "Actual Rows": 6,
          "Actual Loops": 1,
          "Workers Planned": 5,
          "Workers Launched": 5,
          "Single Copy": false,
          "Plans": [
            {
              "Node Type": "Aggregate",
              "Strategy": "Plain",
              "Partial Mode": "Partial",
              "Parent Relationship": "Outer",
              "Parallel Aware": false,
              "Startup Cost": 219904.12,
              "Total Cost": 219904.13,
              "Plan Rows": 1,
              "Plan Width": 8,
              "Actual Startup Time": 206.325,
              "Actual Total Time": 206.328,
              "Actual Rows": 1,
              "Actual Loops": 6,
              "Plans": [
                {
                  "Node Type": "Hash Join",
                  "Parent Relationship": "Outer",
                  "Parallel Aware": true,
                  "Join Type": "Inner",
                  "Startup Cost": 56199.48,
                  "Total Cost": 219815.8,
                  "Plan Rows": 35328,
                  "Plan Width": 0,
                  "Actual Startup Time": 164.597,
                  "Actual Total Time": 205.156,
                  "Actual Rows": 17832,
                  "Actual Loops": 6,
                  "Inner Unique": true,
                  "Hash Cond": "(mi.movie_id = t.id)",
                  "Plans": [
                    {
                      "Node Type": "Bitmap Heap Scan",
                      "Parent Relationship": "Outer",
                      "Parallel Aware": true,
                      "Relation Name": "movie_info",
                      "Alias": "mi",
                      "Startup Cost": 9699.36,
                      "Total Cost": 173033.94,
                      "Plan Rows": 107327,
                      "Plan Width": 4,
                      "Actual Startup Time": 18.925,
                      "Actual Total Time": 36.883,
                      "Actual Rows": 90561,
                      "Actual Loops": 6,
                      "Recheck Cond": "(info_type_id > 98)",
                      "Rows Removed by Index Recheck": 0,
                      "Exact Heap Blocks": 1131,
                      "Lossy Heap Blocks": 0,
                      "Plans": [
                        {
                          "Node Type": "Bitmap Index Scan",
                          "Parent Relationship": "Outer",
                          "Parallel Aware": false,
                          "Index Name": "info_type_id_movie_info",
                          "Startup Cost": 0.0,
                          "Total Cost": 9565.2,
                          "Plan Rows": 536635,
                          "Plan Width": 0,
                          "Actual Startup Time": 17.847,
                          "Actual Total Time": 17.847,
                          "Actual Rows": 543367,
                          "Actual Loops": 1,
                          "Index Cond": "(info_type_id > 98)"
                        }
                      ]
                    },
                    {
                      "Node Type": "Hash",
                      "Parent Relationship": "Inner",
                      "Parallel Aware": true,
                      "Startup Cost": 43899.32,
                      "Total Cost": 43899.32,
                      "Plan Rows": 208064,
                      "Plan Width": 4,
                      "Actual Startup Time": 143.366,
                      "Actual Total Time": 143.367,
                      "Actual Rows": 141524,
                      "Actual Loops": 6,
                      "Hash Buckets": 1048576,
                      "Original Hash Buckets": 1048576,
                      "Hash Batches": 1,
                      "Original Hash Batches": 1,
                      "Peak Memory Usage": 41504,
                      "Plans": [
                        {
                          "Node Type": "Seq Scan",
                          "Parent Relationship": "Outer",
                          "Parallel Aware": true,
                          "Relation Name": "title",
                          "Alias": "t",
                          "Startup Cost": 0.0,
                          "Total Cost": 43899.32,
                          "Plan Rows": 208064,
                          "Plan Width": 4,
                          "Actual Startup Time": 0.034,
                          "Actual Total Time": 83.29,
                          "Actual Rows": 141524,
                          "Actual Loops": 6,
                          "Filter": "(production_year < 1996)",
                          "Rows Removed by Filter": 279862
                        }
                      ]
                    }
                  ]
                }
              ]
            }
          ]
        }
      ]
    },
    "Planning Time": 0.267,
    "Triggers": [],
    "Execution Time": 231.892
  }
]