[
  {
    "Plan": {
      "Node Type": "Aggregate",
      "Strategy": "Plain",
      "Partial Mode": "Finalize",
      "Parallel Aware": false,
      "Startup Cost": 58839.72,
      "Total Cost": 58839.73,
      "Plan Rows": 1,
      "Plan Width": 8,
      "Actual Startup Time": 97.997,
      "Actual Total Time": 109.633,
      "Actual Rows": 1,
      "Actual Loops": 1,
      "Plans": [
        {
          "Node Type": "Gather",
          "Parent Relationship": "Outer",
          "Parallel Aware": false,
          "Startup Cost": 58839.3,
          "Total Cost": 58839.71,
          "Plan Rows": 4,
          "Plan Width": 8,
          "Actual Startup Time": 97.869,
          "Actual Total Time": 109.614,
          "Actual Rows": 5,
          "Actual Loops": 1,
          "Workers Planned": 4,
          "Workers Launched": 4,
          "Single Copy": false,
          "Plans": [
            {
              "Node Type": "Aggregate",
              "Strategy": "Plain",
              "Partial Mode": "Partial",
              "Parent Relationship": "Outer",
              "Parallel Aware": false,
              "Startup Cost": 57839.3,
              "Total Cost": 57839.31,
              "Plan Rows": 1,
              "Plan Width": 8,
              "Actual Startup Time": 88.267,
              "Actual Total Time": 88.269,
              "Actual Rows": 1,
              "Actual Loops": 5,
              "Plans": [
                {
                  "Node Type": "Nested Loop",
                  "Parent Relationship": "Outer",
                  "Parallel Aware": false,
                  "Join Type": "Inner",
                  "Startup Cost": 0.43,
                  "Total Cost": 57836.14,
                  "Plan Rows": 1265,
                  "Plan Width": 0,
                  "Actual Startup Time": 0.879,
                  "Actual Total Time": 88.202,
                  "Actual Rows": 598,
                  "Actual Loops": 5,
                  "Inner Unique": false,
                  "Plans": [
                    {
                      "Node Type": "Seq Scan",
                      "Parent Relationship": "Outer",
                      "Parallel Aware": true,
                      "Relation Name": "title",
                      "Alias": "t",
                      "Startup Cost": 0.0,
                      "Total Cost": 45479.1,
                      "Plan Rows": 2318,
                      "Plan Width": 4,
                      "Actual Startup Time": 0.192,
                      "Actual Total Time": 80.052,
                      "Actual Rows": 1559,
                      "Actual Loops": 5,
                      "Filter": "((kind_id = 7) AND (production_year = 1976))",
                      "Rows Removed by Filter": 504103
                    },
                    {
                      "Node Type": "Index Only Scan",
                      "Parent Relationship": "Inner",
                      "Parallel Aware": false,
                      "Scan Direction": "Forward",
                      "Index Name": "movie_id_movie_info_idx",
                      "Relation Name": "movie_info_idx",
                      "Alias": "mi_idx",
                      "Startup Cost": 0.43,
                      "Total Cost": 5.3,
                      "Plan Rows": 3,
                      "Plan Width": 4,
                      "Actual Startup Time": 0.005,
                      "Actual Total Time": 0.005,
                      "Actual Rows": 0,
                      "Actual Loops": 7796,
                      "Index Cond": "(movie_id = t.id)",
                      "Rows Removed by Index Recheck": 0,
                      "Heap Fetches": 2988
                    }
                  ]
                }
              ]
            }
          ]
        }
      ]
    },
    "Planning Time": 0.247,
    "Triggers": [],
    "Execution Time": 109.671
  }
]