[
  {
    "Plan": {
      "Node Type": "Aggregate",
      "Strategy": "Plain",
      "Partial Mode": "Finalize",
      "Parallel Aware": false,
      "Startup Cost": 44948.54,
      "Total Cost": 44948.55,
      "Plan Rows": 1,
      "Plan Width": 8,
      "Actual Startup Time": 128.28,
      "Actual Total Time": 138.502,
      "Actual Rows": 1,
      "Actual Loops": 1,
      "Plans": [
        {
          "Node Type": "Gather",
          "Parent Relationship": "Outer",
          "Parallel Aware": false,
          "Startup Cost": 44948.23,
          "Total Cost": 44948.54,
          "Plan Rows": 3,
          "Plan Width": 8,
          "Actual Startup Time": 128.165,
          "Actual Total Time": 138.496,
          "Actual Rows": 4,
          "Actual Loops": 1,
          "Workers Planned": 3,
          "Workers Launched": 3,
          "Single Copy": false,
          "Plans": [
            {
              "Node Type": "Aggregate",
              "Strategy": "Plain",
              "Partial Mode": "Partial",
              "Parent Relationship": "Outer",
              "Parallel Aware": false,
              "Startup Cost": 43948.23,
              "Total Cost": 43948.24,
              "Plan Rows": 1,
              "Plan Width": 8,
              "Actual Startup Time": 123.26,
              "Actual Total Time": 123.279,
              "Actual Rows": 1,
              "Actual Loops": 4,
              "Plans": [
                {
                  "Node Type": "Seq Scan",
                  "Parent Relationship": "Outer",
                  "Parallel Aware": true,
                  "Relation Name": "movie_keyword",
                  "Alias": "mk",
                  "Startup Cost": 0.0,
                  "Total Cost": 42695.65,
                  "Plan Rows": 501029,
                  "Plan Width": 0,
                  "Actual Startup Time": 0.691,
                  "Actual Total Time": 104.762,
                  "Actual Rows": 390022,
                  "Actual Loops": 4,
                  "Filter": "(keyword_id > 10082)",
                  "Rows Removed by Filter": 740960
                }
              ]
            }
          ]
        }
      ]
    },
    "Planning Time": 0.095,
    "Triggers": [],
    "Execution Time": 138.534
  }
]