[
  {
    "Plan": {
      "Node Type": "Aggregate",
      "Strategy": "Plain",
      "Partial Mode": "Finalize",
      "Parallel Aware": false,
      "Startup Cost": 253073.27,
      "Total Cost": 253073.28,
      "Plan Rows": 1,
      "Plan Width": 8,
      "Actual Startup Time": 687.081,
      "Actual Total Time": 703.021,
      "Actual Rows": 1,
      "Actual Loops": 1,
      "Plans": [
        {
          "Node Type": "Gather",
          "Parent Relationship": "Outer",
          "Parallel Aware": false,
          "Startup Cost": 253072.95,
          "Total Cost": 253073.26,
          "Plan Rows": 3,
          "Plan Width": 8,
          "Actual Startup Time": 680.65,
          "Actual Total Time": 703.012,
          "Actual Rows": 4,
          "Actual Loops": 1,
          "Workers Planned": 3,
          "Workers Launched": 3,
          "Single Copy": false,
          "Plans": [
            {
              "Node Type": "Aggregate",
              "Strategy": "Plain",
              "Partial Mode": "Partial",
              "Parent Relationship": "Outer",
              "Parallel Aware": false,
              "Startup Cost": 252072.95,
              "Total Cost": 252072.96,
              "Plan Rows": 1,
              "Plan Width": 8,
              "Actual Startup Time": 671.598,
              "Actual Total Time": 671.603,
              "Actual Rows": 1,
              "Actual Loops": 4,
              "Plans": [
                {
                  "Node Type": "Hash Join",
                  "Parent Relationship": "Outer",
                  "Parallel Aware": true,
                  "Join Type": "Inner",
                  "Startup Cost": 221245.87,
                  "Total Cost": 251814.99,
                  "Plan Rows": 103185,
                  "Plan Width": 0,
                  "Actual Startup Time": 387.341,
                  "Actual Total Time": 610.672,
                  "Actual Rows": 1607299,
                  "Actual Loops": 4,
                  "Inner Unique": false,
                  "Hash Cond": "(mc.movie_id = t.id)",
                  "Plans": [
                    {
                      "Node Type": "Seq Scan",
                      "Parent Relationship": "Outer",
                      "Parallel Aware": true,
                      "Relation Name": "movie_companies",
                      "Alias": "mc",
                      "Startup Cost": 0.0,
                      "Total Cost": 27206.55,
                      "Plan Rows": 841655,
                      "Plan Width": 4,
                      "Actual Startup Time": 0.017,
                      "Actual Total Time": 51.671,
                      "Actual Rows": 652282,
                      "Actual Loops": 4
                    },
                    {
                      "Node Type": "Hash",
                      "Parent Relationship": "Inner",
                      "Parallel Aware": true,
                      "Startup Cost": 220470.96,
                      "Total Cost": 220470.96,
                      "Plan Rows": 61993,
                      "Plan Width": 8,
                      "Actual Startup Time": 382.779,
                      "Actual Total Time": 382.783,
                      "Actual Rows": 76697,
                      "Actual Loops": 4,
                      "Hash Buckets": 524288,
                      "Original Hash Buckets": 524288,
                      "Hash Batches": 1,
                      "Original Hash Batches": 1,
                      "Peak Memory Usage": 16160,
                      "Plans": [
                        {
                          "Node Type": "Hash Join",
                          "Parent Relationship": "Outer",
                          "Parallel Aware": true,
                          "Join Type": "Inner",
                          "Startup Cost": 55838.3,
                          "Total Cost": 220470.96,
                          "Plan Rows": 61993,
                          "Plan Width": 8,
                          "Actual Startup Time": 333.937,
                          "Actual Total Time": 363.808,
                          "Actual Rows": 76697,
                          "Actual Loops": 4,
                          "Inner Unique": true,
                          "Hash Cond": "(mi.movie_id = t.id)",
                          "Plans": [
                            {
                              "Node Type": "Bitmap Heap Scan",
                              "Parent Relationship": "Outer",
                              "Parallel Aware": true,
                              "Relation Name": "movie_info",
                              "Alias": "mi",
                              "Startup Cost": 5618.66,
                              "Total Cost": 170088.58,
                              "Plan Rows": 61993,
                              "Plan Width": 4,
                              "Actual Startup Time": 12.179,
                              "Actual Total Time": 25.757,
                              "Actual Rows": 76697,
                              "Actual Loops": 4,
                              "Recheck Cond": "(info_type_id > 105)",
                              "Rows Removed by Index Recheck": 0,
                              "Exact Heap Blocks": 1519,
                              "Lossy Heap Blocks": 0,
                              "Plans": [
                                {
                                  "Node Type": "Bitmap Index Scan",
                                  "Parent Relationship": "Outer",
                                  "Parallel Aware": false,
                                  "Index Name": "info_type_id_movie_info",
                                  "Startup Cost": 0.0,
                                  "Total Cost": 5541.16,
                                  "Plan Rows": 309964,
                                  "Plan Width": 0,
                                  "Actual Startup Time": 11.432,
                                  "Actual Total Time": 11.433,
                                  "Actual Rows": 306788,
                                  "Actual Loops": 1,
                                  "Index Cond": "(info_type_id > 105)"
                                }
                              ]
                            },
                            {
                              "Node Type": "Hash",
                              "Parent Relationship": "Inner",
                              "Parallel Aware": true,
                              "Startup Cost": 42318.73,
                              "Total Cost": 42318.73,
                              "Plan Rows": 632073,
                              "Plan Width": 4,
                              "Actual Startup Time": 313.213,
                              "Actual Total Time": 313.213,
                              "Actual Rows": 632078,
                              "Actual Loops": 4,
                              "Hash Buckets": 4194304,
                              "Original Hash Buckets": 4194304,
                              "Hash Batches": 1,
                              "Original Hash Batches": 1,
                              "Peak Memory Usage": 131744,
                              "Plans": [
                                {
                                  "Node Type": "Seq Scan",
                                  "Parent Relationship": "Outer",
                                  "Parallel Aware": true,
                                  "Relation Name": "title",
                                  "Alias": "t",
                                  "Startup Cost": 0.0,
                                  "Total Cost": 42318.73,
                                  "Plan Rows": 632073,
                                  "Plan Width": 4,
                                  "Actual Startup Time": 0.044,
                                  "Actual Total Time": 89.498,
                                  "Actual Rows": 632078,
                                  "Actual Loops": 4
                                }
                              ]
                            }
                          ]
                        }
                      ]
                    }
                  ]
                }
              ]
            }
          ]
        }
      ]
    },
    "Planning Time": 1.375,
    "Triggers": [],
    "Execution Time": 703.123
  }
]