{
  "Plan": {
    "Node Type": "Aggregate",
    "Strategy": "Plain",
    "Partial Mode": "Finalize",
    "Parallel Aware": false,
    "Startup Cost": 1475542.49,
    "Total Cost": 1475542.5,
    "Plan Rows": 1,
    "Plan Width": 8,
    "Actual Startup Time": 23858.706,
    "Actual Total Time": 23934.188,
    "Actual Rows": 1,
    "Actual Loops": 1,
    "Plans": [
      {
        "Node Type": "Gather",
        "Parent Relationship": "Outer",
        "Parallel Aware": false,
        "Startup Cost": 1475542.37,
        "Total Cost": 1475542.48,
        "Plan Rows": 1,
        "Plan Width": 8,
        "Actual Startup Time": 23858.498,
        "Actual Total Time": 23934.181,
        "Actual Rows": 2,
        "Actual Loops": 1,
        "Workers Planned": 1,
        "Workers Launched": 1,
        "Single Copy": false,
        "Plans": [
          {
            "Node Type": "Aggregate",
            "Strategy": "Plain",
            "Partial Mode": "Partial",
            "Parent Relationship": "Outer",
            "Parallel Aware": false,
            "Startup Cost": 1474542.37,
            "Total Cost": 1474542.38,
            "Plan Rows": 1,
            "Plan Width": 8,
            "Actual Startup Time": 23852.195,
            "Actual Total Time": 23852.197,
            "Actual Rows": 1,
            "Actual Loops": 2,
            "Plans": [
              {
                "Node Type": "Merge Join",
                "Parent Relationship": "Outer",
                "Parallel Aware": false,
                "Join Type": "Inner",
                "Startup Cost": 22.1,
                "Total Cost": 1459710.63,
                "Plan Rows": 5932699,
                "Plan Width": 0,
                "Actual Startup Time": 5.519,
                "Actual Total Time": 19531.186,
                "Actual Rows": 114333476,
                "Actual Loops": 2,
                "Inner Unique": false,
                "Merge Cond": "(mi.movie_id = t.id)",
                "Plans": [
                  {
                    "Node Type": "Index Only Scan",
                    "Parent Relationship": "Outer",
                    "Parallel Aware": true,
                    "Scan Direction": "Forward",
                    "Index Name": "movie_id_movie_info",
                    "Relation Name": "movie_info",
                    "Alias": "mi",
                    "Startup Cost": 0.43,
                    "Total Cost": 1018223.42,
                    "Plan Rows": 8696274,
                    "Plan Width": 4,
                    "Actual Startup Time": 0.116,
                    "Actual Total Time": 2412.811,
                    "Actual Rows": 7417504,
                    "Actual Loops": 2,
                    "Heap Fetches": 14835007
                  },
                  {
                    "Node Type": "Materialize",
                    "Parent Relationship": "Inner",
                    "Parallel Aware": false,
                    "Startup Cost": 14.65,
                    "Total Cost": 335324.07,
                    "Plan Rows": 1724831,
                    "Plan Width": 8,
                    "Actual Startup Time": 0.28,
                    "Actual Total Time": 6879.266,
                    "Actual Rows": 116238536,
                    "Actual Loops": 2,
                    "Plans": [
                      {
                        "Node Type": "Merge Join",
                        "Parent Relationship": "Outer",
                        "Parallel Aware": false,
                        "Join Type": "Inner",
                        "Startup Cost": 14.65,
                        "Total Cost": 331012.0,
                        "Plan Rows": 1724831,
                        "Plan Width": 8,
                        "Actual Startup Time": 0.27,
                        "Actual Total Time": 2623.969,
                        "Actual Rows": 3864487,
                        "Actual Loops": 2,
                        "Inner Unique": true,
                        "Merge Cond": "(mk.movie_id = t.id)",
                        "Plans": [
                          {
                            "Node Type": "Index Only Scan",
                            "Parent Relationship": "Outer",
                            "Parallel Aware": false,
                            "Scan Direction": "Forward",
                            "Index Name": "movie_id_movie_keyword",
                            "Relation Name": "movie_keyword",
                            "Alias": "mk",
                            "Startup Cost": 0.43,
                            "Total Cost": 177188.06,
                            "Plan Rows": 4523930,
                            "Plan Width": 4,
                            "Actual Startup Time": 0.152,
                            "Actual Total Time": 813.667,
                            "Actual Rows": 4523930,
                            "Actual Loops": 2,
                            "Heap Fetches": 9047860
                          },
                          {
                            "Node Type": "Index Scan",
                            "Parent Relationship": "Inner",
                            "Parallel Aware": false,
                            "Scan Direction": "Forward",
                            "Index Name": "title_pkey",
                            "Relation Name": "title",
                            "Alias": "t",
                            "Startup Cost": 0.43,
                            "Total Cost": 122981.43,
                            "Plan Rows": 963958,
                            "Plan Width": 4,
                            "Actual Startup Time": 0.091,
                            "Actual Total Time": 1331.887,
                            "Actual Rows": 976640,
                            "Actual Loops": 2,
                            "Filter": "((kind_id < 7) AND (production_year > 0))",
                            "Rows Removed by Filter": 1549331
                          }
                        ]
                      }
                    ]
                  }
                ]
              }
            ]
          }
        ]
      }
    ]
  },
  "Planning Time": 1.071,
  "Triggers": [],
  "Execution Time": 23934.365
}