{
  "Plan": {
    "Node Type": "Aggregate",
    "Strategy": "Plain",
    "Partial Mode": "Finalize",
    "Parallel Aware": false,
    "Startup Cost": 102849.95,
    "Total Cost": 102849.96,
    "Plan Rows": 1,
    "Plan Width": 8,
    "Actual Startup Time": 413.082,
    "Actual Total Time": 447.992,
    "Actual Rows": 1,
    "Actual Loops": 1,
    "Plans": [
      {
        "Node Type": "Gather",
        "Parent Relationship": "Outer",
        "Parallel Aware": false,
        "Startup Cost": 102849.83,
        "Total Cost": 102849.94,
        "Plan Rows": 1,
        "Plan Width": 8,
        "Actual Startup Time": 412.837,
        "Actual Total Time": 447.984,
        "Actual Rows": 2,
        "Actual Loops": 1,
        "Workers Planned": 1,
        "Workers Launched": 1,
        "Single Copy": false,
        "Plans": [
          {
            "Node Type": "Aggregate",
            "Strategy": "Plain",
            "Partial Mode": "Partial",
            "Parent Relationship": "Outer",
            "Parallel Aware": false,
            "Startup Cost": 101849.83,
            "Total Cost": 101849.84,
            "Plan Rows": 1,
            "Plan Width": 8,
            "Actual Startup Time": 406.825,
            "Actual Total Time": 406.829,
            "Actual Rows": 1,
            "Actual Loops": 2,
            "Plans": [
              {
                "Node Type": "Nested Loop",
                "Parent Relationship": "Outer",
                "Parallel Aware": false,
                "Join Type": "Inner",
                "Startup Cost": 54671.86,
                "Total Cost": 101837.47,
                "Plan Rows": 4945,
                "Plan Width": 0,
                "Actual Startup Time": 206.289,
                "Actual Total Time": 405.9,
                "Actual Rows": 11178,
                "Actual Loops": 2,
                "Inner Unique": false,
                "Join Filter": "(t.id = mi.movie_id)",
                "Rows Removed by Join Filter": 0,
                "Plans": [
                  {
                    "Node Type": "Hash Join",
                    "Parent Relationship": "Outer",
                    "Parallel Aware": true,
                    "Join Type": "Inner",
                    "Startup Cost": 54671.43,
                    "Total Cost": 94691.76,
                    "Plan Rows": 3481,
                    "Plan Width": 8,
                    "Actual Startup Time": 206.207,
                    "Actual Total Time": 336.708,
                    "Actual Rows": 4622,
                    "Actual Loops": 2,
                    "Inner Unique": true,
                    "Hash Cond": "(mc.movie_id = t.id)",
                    "Plans": [
                      {
                        "Node Type": "Seq Scan",
                        "Parent Relationship": "Outer",
                        "Parallel Aware": true,
                        "Relation Name": "movie_companies",
                        "Alias": "mc",
                        "Startup Cost": 0.0,
                        "Total Cost": 37974.77,
                        "Plan Rows": 779260,
                        "Plan Width": 4,
                        "Actual Startup Time": 54.154,
                        "Actual Total Time": 127.379,
                        "Actual Rows": 667442,
                        "Actual Loops": 2,
                        "Filter": "(company_type_id = 2)",
                        "Rows Removed by Filter": 637123
                      },
                      {
                        "Node Type": "Hash",
                        "Parent Relationship": "Inner",
                        "Parallel Aware": true,
                        "Startup Cost": 54588.39,
                        "Total Cost": 54588.39,
                        "Plan Rows": 6643,
                        "Plan Width": 4,
                        "Actual Startup Time": 150.817,
                        "Actual Total Time": 150.818,
                        "Actual Rows": 5560,
                        "Actual Loops": 2,
                        "Hash Buckets": 16384,
                        "Original Hash Buckets": 16384,
                        "Hash Batches": 1,
                        "Original Hash Batches": 1,
                        "Peak Memory Usage": 608,
                        "Plans": [
                          {
                            "Node Type": "Seq Scan",
                            "Parent Relationship": "Outer",
                            "Parallel Aware": true,
                            "Relation Name": "title",
                            "Alias": "t",
                            "Startup Cost": 0.0,
                            "Total Cost": 54588.39,
                            "Plan Rows": 6643,
                            "Plan Width": 4,
                            "Actual Startup Time": 0.102,
                            "Actual Total Time": 148.203,
                            "Actual Rows": 5560,
                            "Actual Loops": 2,
                            "Filter": "(production_year = 1960)",
                            "Rows Removed by Filter": 1258596
                          }
                        ]
                      }
                    ]
                  },
                  {
                    "Node Type": "Index Scan",
                    "Parent Relationship": "Inner",
                    "Parallel Aware": false,
                    "Scan Direction": "Forward",
                    "Index Name": "movie_id_movie_info",
                    "Relation Name": "movie_info",
                    "Alias": "mi",
                    "Startup Cost": 0.43,
                    "Total Cost": 1.93,
                    "Plan Rows": 10,
                    "Plan Width": 4,
                    "Actual Startup Time": 0.007,
                    "Actual Total Time": 0.014,
                    "Actual Rows": 2,
                    "Actual Loops": 9245,
                    "Index Cond": "(movie_id = mc.movie_id)",
                    "Rows Removed by Index Recheck": 0,
                    "Filter": "(info_type_id < 4)",
                    "Rows Removed by Filter": 9
                  }
                ]
              }
            ]
          }
        ]
      }
    ]
  },
  "Planning Time": 0.957,
  "Triggers": [],
  "Execution Time": 448.079
}