[
  {
    "Plan": {
      "Node Type": "Aggregate",
      "Strategy": "Plain",
      "Partial Mode": "Finalize",
      "Parallel Aware": false,
      "Startup Cost": 44354.64,
      "Total Cost": 44354.65,
      "Plan Rows": 1,
      "Plan Width": 8,
      "Actual Startup Time": 133.084,
      "Actual Total Time": 141.299,
      "Actual Rows": 1,
      "Actual Loops": 1,
      "Plans": [
        {
          "Node Type": "Gather",
          "Parent Relationship": "Outer",
          "Parallel Aware": false,
          "Startup Cost": 44354.32,
          "Total Cost": 44354.63,
          "Plan Rows": 3,
          "Plan Width": 8,
          "Actual Startup Time": 132.947,
          "Actual Total Time": 141.29,
          "Actual Rows": 4,
          "Actual Loops": 1,
          "Workers Planned": 3,
          "Workers Launched": 3,
          "Single Copy": false,
          "Plans": [
            {
              "Node Type": "Aggregate",
              "Strategy": "Plain",
              "Partial Mode": "Partial",
              "Parent Relationship": "Outer",
              "Parallel Aware": false,
              "Startup Cost": 43354.32,
              "Total Cost": 43354.33,
              "Plan Rows": 1,
              "Plan Width": 8,
              "Actual Startup Time": 126.276,
              "Actual Total Time": 126.278,
              "Actual Rows": 1,
              "Actual Loops": 4,
              "Plans": [
                {
                  "Node Type": "Seq Scan",
                  "Parent Relationship": "Outer",
                  "Parallel Aware": true,
                  "Relation Name": "movie_keyword",
                  "Alias": "mk",
                  "Startup Cost": 0.0,
                  "Total Cost": 42695.65,
                  "Plan Rows": 263468,
                  "Plan Width": 0,
                  "Actual Startup Time": 1.682,
                  "Actual Total Time": 114.278,
                  "Actual Rows": 203118,
                  "Actual Loops": 4,
                  "Filter": "(keyword_id > 22572)",
                  "Rows Removed by Filter": 927865
                }
              ]
            }
          ]
        }
      ]
    },
    "Planning Time": 0.086,
    "Triggers": [],
    "Execution Time": 141.336
  }
]