[
  {
    "Plan": {
      "Node Type": "Aggregate",
      "Strategy": "Plain",
      "Partial Mode": "Simple",
      "Parallel Aware": false,
      "Startup Cost": 18654.4,
      "Total Cost": 18654.41,
      "Plan Rows": 1,
      "Plan Width": 96,
      "Actual Startup Time": 1071.375,
      "Actual Total Time": 1181.92,
      "Actual Rows": 1,
      "Actual Loops": 1,
      "Plans": [
        {
          "Node Type": "Gather",
          "Parent Relationship": "Outer",
          "Parallel Aware": false,
          "Startup Cost": 1006.71,
          "Total Cost": 18654.39,
          "Plan Rows": 1,
          "Plan Width": 65,
          "Actual Startup Time": 18.977,
          "Actual Total Time": 1180.496,
          "Actual Rows": 4640,
          "Actual Loops": 1,
          "Workers Planned": 2,
          "Workers Launched": 2,
          "Single Copy": false,
          "Plans": [
            {
              "Node Type": "Nested Loop",
              "Parent Relationship": "Outer",
              "Parallel Aware": false,
              "Join Type": "Inner",
              "Startup Cost": 6.71,
              "Total Cost": 17654.29,
              "Plan Rows": 1,
              "Plan Width": 65,
              "Actual Startup Time": 15.446,
              "Actual Total Time": 1060.263,
              "Actual Rows": 1547,
              "Actual Loops": 3,
              "Inner Unique": true,
              "Plans": [
                {
                  "Node Type": "Nested Loop",
                  "Parent Relationship": "Outer",
                  "Parallel Aware": false,
                  "Join Type": "Inner",
                  "Startup Cost": 6.28,
                  "Total Cost": 17653.26,
                  "Plan Rows": 2,
                  "Plan Width": 69,
                  "Actual Startup Time": 12.551,
                  "Actual Total Time": 989.19,
                  "Actual Rows": 6981,
                  "Actual Loops": 3,
                  "Inner Unique": false,
                  "Plans": [
                    {
                      "Node Type": "Hash Join",
                      "Parent Relationship": "Outer",
                      "Parallel Aware": false,
                      "Join Type": "Inner",
                      "Startup Cost": 5.72,
                      "Total Cost": 17649.88,
                      "Plan Rows": 1,
                      "Plan Width": 77,
                      "Actual Startup Time": 8.039,
                      "Actual Total Time": 810.682,
                      "Actual Rows": 1073,
                      "Actual Loops": 3,
                      "Inner Unique": true,
                      "Hash Cond": "(mi.info_type_id = it1.id)",
                      "Plans": [
                        {
                          "Node Type": "Nested Loop",
                          "Parent Relationship": "Outer",
                          "Parallel Aware": false,
                          "Join Type": "Inner",
                          "Startup Cost": 3.29,
                          "Total Cost": 17647.33,
                          "Plan Rows": 48,
                          "Plan Width": 81,
                          "Actual Startup Time": 7.665,
                          "Actual Total Time": 809.633,
                          "Actual Rows": 1089,
                          "Actual Loops": 3,
                          "Inner Unique": false,
                          "Plans": [
                            {
                              "Node Type": "Nested Loop",
                              "Parent Relationship": "Outer",
                              "Parallel Aware": false,
                              "Join Type": "Inner",
                              "Startup Cost": 2.86,
                              "Total Cost": 16733.15,
                              "Plan Rows": 387,
                              "Plan Width": 30,
                              "Actual Startup Time": 0.571,
                              "Actual Total Time": 358.096,
                              "Actual Rows": 25786,
                              "Actual Loops": 3,
                              "Inner Unique": true,
                              "Plans": [
                                {
                                  "Node Type": "Hash Join",
                                  "Parent Relationship": "Outer",
                                  "Parallel Aware": false,
                                  "Join Type": "Inner",
                                  "Startup Cost": 2.43,
                                  "Total Cost": 15507.23,
                                  "Plan Rows": 1242,
                                  "Plan Width": 9,
                                  "Actual Startup Time": 0.147,
                                  "Actual Total Time": 91.884,
                                  "Actual Rows": 74032,
                                  "Actual Loops": 3,
                                  "Inner Unique": true,
                                  "Hash Cond": "(mi_idx.info_type_id = it2.id)",
                                  "Plans": [
                                    {
                                      "Node Type": "Seq Scan",
                                      "Parent Relationship": "Outer",
                                      "Parallel Aware": true,
                                      "Relation Name": "movie_info_idx",
                                      "Alias": "mi_idx",
                                      "Startup Cost": 0.0,
                                      "Total Cost": 15122.68,
                                      "Plan Rows": 140308,
                                      "Plan Width": 13,
                                      "Actual Startup Time": 0.044,
                                      "Actual Total Time": 68.823,
                                      "Actual Rows": 111817,
                                      "Actual Loops": 3,
                                      "Filter": "(info > '6.3'::text)",
                                      "Rows Removed by Filter": 348194
                                    },
                                    {
                                      "Node Type": "Hash",
                                      "Parent Relationship": "Inner",
                                      "Parallel Aware": false,
                                      "Startup Cost": 2.41,
                                      "Total Cost": 2.41,
                                      "Plan Rows": 1,
                                      "Plan Width": 4,
                                      "Actual Startup Time": 0.051,
                                      "Actual Total Time": 0.052,
                                      "Actual Rows": 1,
                                      "Actual Loops": 3,
                                      "Hash Buckets": 1024,
                                      "Original Hash Buckets": 1024,
                                      "Hash Batches": 1,
                                      "Original Hash Batches": 1,
                                      "Peak Memory Usage": 9,
                                      "Plans": [
                                        {
                                          "Node Type": "Seq Scan",
                                          "Parent Relationship": "Outer",
                                          "Parallel Aware": false,
                                          "Relation Name": "info_type",
                                          "Alias": "it2",
                                          "Startup Cost": 0.0,
                                          "Total Cost": 2.41,
                                          "Plan Rows": 1,
                                          "Plan Width": 4,
                                          "Actual Startup Time": 0.035,
                                          "Actual Total Time": 0.039,
                                          "Actual Rows": 1,
                                          "Actual Loops": 3,
                                          "Filter": "((info)::text = 'rating'::text)",
                                          "Rows Removed by Filter": 112
                                        }
                                      ]
                                    }
                                  ]
                                },
                                {
                                  "Node Type": "Index Scan",
                                  "Parent Relationship": "Inner",
                                  "Parallel Aware": false,
                                  "Scan Direction": "Forward",
                                  "Index Name": "title_pkey",
                                  "Relation Name": "title",
                                  "Alias": "t",
                                  "Startup Cost": 0.43,
                                  "Total Cost": 0.99,
                                  "Plan Rows": 1,
                                  "Plan Width": 21,
                                  "Actual Startup Time": 0.003,
                                  "Actual Total Time": 0.003,
                                  "Actual Rows": 0,
                                  "Actual Loops": 222095,
                                  "Index Cond": "(id = mi_idx.movie_id)",
                                  "Rows Removed by Index Recheck": 0,
                                  "Filter": "((production_year >= 1994) AND (production_year <= 2006))",
                                  "Rows Removed by Filter": 1
                                }
                              ]
                            },
                            {
                              "Node Type": "Index Scan",
                              "Parent Relationship": "Inner",
                              "Parallel Aware": false,
                              "Scan Direction": "Forward",
                              "Index Name": "movie_id_movie_info",
                              "Relation Name": "movie_info",
                              "Alias": "mi",
                              "Startup Cost": 0.43,
                              "Total Cost": 2.35,
                              "Plan Rows": 1,
                              "Plan Width": 51,
                              "Actual Startup Time": 0.017,
                              "Actual Total Time": 0.017,
                              "Actual Rows": 0,
                              "Actual Loops": 77358,
                              "Index Cond": "(movie_id = t.id)",
                              "Rows Removed by Index Recheck": 0,
                              "Filter": "((note IS NULL) AND (info = ANY ('{Sci-Fi,Family}'::text[])))",
                              "Rows Removed by Filter": 16
                            }
                          ]
                        },
                        {
                          "Node Type": "Hash",
                          "Parent Relationship": "Inner",
                          "Parallel Aware": false,
                          "Startup Cost": 2.41,
                          "Total Cost": 2.41,
                          "Plan Rows": 1,
                          "Plan Width": 4,
                          "Actual Startup Time": 0.078,
                          "Actual Total Time": 0.079,
                          "Actual Rows": 1,
                          "Actual Loops": 3,
                          "Hash Buckets": 1024,
                          "Original Hash Buckets": 1024,
                          "Hash Batches": 1,
                          "Original Hash Batches": 1,
                          "Peak Memory Usage": 9,
                          "Plans": [
                            {
                              "Node Type": "Seq Scan",
                              "Parent Relationship": "Outer",
                              "Parallel Aware": false,
                              "Relation Name": "info_type",
                              "Alias": "it1",
                              "Startup Cost": 0.0,
                              "Total Cost": 2.41,
                              "Plan Rows": 1,
                              "Plan Width": 4,
                              "Actual Startup Time": 0.043,
                              "Actual Total Time": 0.06,
                              "Actual Rows": 1,
                              "Actual Loops": 3,
                              "Filter": "((info)::text = 'genres'::text)",
                              "Rows Removed by Filter": 112
                            }
                          ]
                        }
                      ]
                    },
                    {
                      "Node Type": "Index Scan",
                      "Parent Relationship": "Inner",
                      "Parallel Aware": false,
                      "Scan Direction": "Forward",
                      "Index Name": "movie_id_cast_info",
                      "Relation Name": "cast_info",
                      "Alias": "ci",
                      "Startup Cost": 0.56,
                      "Total Cost": 3.34,
                      "Plan Rows": 4,
                      "Plan Width": 8,
                      "Actual Startup Time": 0.062,
                      "Actual Total Time": 0.164,
                      "Actual Rows": 7,
                      "Actual Loops": 3220,
                      "Index Cond": "(movie_id = t.id)",
                      "Rows Removed by Index Recheck": 0,
                      "Filter": "(note = ANY ('{(voice),\"(executive producer)\",(writer),(uncredited),(producer)}'::text[]))",
                      "Rows Removed by Filter": 29
                    }
                  ]
                },
                {
                  "Node Type": "Index Scan",
                  "Parent Relationship": "Inner",
                  "Parallel Aware": false,
                  "Scan Direction": "Forward",
                  "Index Name": "name_pkey",
                  "Relation Name": "name",
                  "Alias": "n",
                  "Startup Cost": 0.43,
                  "Total Cost": 0.51,
                  "Plan Rows": 1,
                  "Plan Width": 4,
                  "Actual Startup Time": 0.01,
                  "Actual Total Time": 0.01,
                  "Actual Rows": 0,
                  "Actual Loops": 20944,
                  "Index Cond": "(id = ci.person_id)",
                  "Rows Removed by Index Recheck": 0,
                  "Filter": "((gender IS NOT NULL) AND ((gender)::text = 'f'::text))",
                  "Rows Removed by Filter": 1
                }
              ]
            }
          ]
        }
      ]
    },
    "Planning Time": 13.42,
    "Triggers": [],
    "Execution Time": 1182.418
  }
]