[
  {
    "Plan": {
      "Node Type": "Aggregate",
      "Strategy": "Plain",
      "Partial Mode": "Finalize",
      "Parallel Aware": false,
      "Startup Cost": 386118.81,
      "Total Cost": 386118.82,
      "Plan Rows": 1,
      "Plan Width": 8,
      "Actual Startup Time": 2295.469,
      "Actual Total Time": 2358.227,
      "Actual Rows": 1,
      "Actual Loops": 1,
      "Plans": [
        {
          "Node Type": "Gather",
          "Parent Relationship": "Outer",
          "Parallel Aware": false,
          "Startup Cost": 386118.18,
          "Total Cost": 386118.79,
          "Plan Rows": 6,
          "Plan Width": 8,
          "Actual Startup Time": 2286.889,
          "Actual Total Time": 2358.152,
          "Actual Rows": 7,
          "Actual Loops": 1,
          "Workers Planned": 6,
          "Workers Launched": 6,
          "Single Copy": false,
          "Plans": [
            {
              "Node Type": "Aggregate",
              "Strategy": "Plain",
              "Partial Mode": "Partial",
              "Parent Relationship": "Outer",
              "Parallel Aware": false,
              "Startup Cost": 385118.18,
              "Total Cost": 385118.19,
              "Plan Rows": 1,
              "Plan Width": 8,
              "Actual Startup Time": 2270.145,
              "Actual Total Time": 2270.148,
              "Actual Rows": 1,
              "Actual Loops": 7,
              "Plans": [
                {
                  "Node Type": "Hash Join",
                  "Parent Relationship": "Outer",
                  "Parallel Aware": true,
                  "Join Type": "Inner",
                  "Startup Cost": 49144.79,
                  "Total Cost": 378111.44,
                  "Plan Rows": 2802695,
                  "Plan Width": 0,
                  "Actual Startup Time": 192.723,
                  "Actual Total Time": 2160.673,
                  "Actual Rows": 2243340,
                  "Actual Loops": 7,
                  "Inner Unique": true,
                  "Hash Cond": "(ci.movie_id = t.id)",
                  "Plans": [
                    {
                      "Node Type": "Seq Scan",
                      "Parent Relationship": "Outer",
                      "Parallel Aware": true,
                      "Relation Name": "cast_info",
                      "Alias": "ci",
                      "Startup Cost": 0.0,
                      "Total Cost": 313106.51,
                      "Plan Rows": 6041951,
                      "Plan Width": 4,
                      "Actual Startup Time": 0.023,
                      "Actual Total Time": 587.627,
                      "Actual Rows": 5177763,
                      "Actual Loops": 7
                    },
                    {
                      "Node Type": "Hash",
                      "Parent Relationship": "Inner",
                      "Parallel Aware": true,
                      "Startup Cost": 45479.59,
                      "Total Cost": 45479.59,
                      "Plan Rows": 293216,
                      "Plan Width": 4,
                      "Actual Startup Time": 188.518,
                      "Actual Total Time": 188.519,
                      "Actual Rows": 161272,
                      "Actual Loops": 7,
                      "Hash Buckets": 2097152,
                      "Original Hash Buckets": 2097152,
                      "Hash Batches": 1,
                      "Original Hash Batches": 1,
                      "Peak Memory Usage": 60672,
                      "Plans": [
                        {
                          "Node Type": "Seq Scan",
                          "Parent Relationship": "Outer",
                          "Parallel Aware": true,
                          "Relation Name": "title",
                          "Alias": "t",
                          "Startup Cost": 0.0,
                          "Total Cost": 45479.59,
                          "Plan Rows": 293216,
                          "Plan Width": 4,
                          "Actual Startup Time": 0.029,
                          "Actual Total Time": 86.488,
                          "Actual Rows": 161272,
                          "Actual Loops": 7,
                          "Filter": "((production_year < 2010) AND (kind_id = 7))",
                          "Rows Removed by Filter": 199915
                        }
                      ]
                    }
                  ]
                }
              ]
            }
          ]
        }
      ]
    },
    "Planning Time": 0.274,
    "Triggers": [],
    "Execution Time": 2358.28
  }
]