[
  {
    "Plan": {
      "Node Type": "Aggregate",
      "Strategy": "Plain",
      "Partial Mode": "Finalize",
      "Parallel Aware": false,
      "Startup Cost": 9749.95,
      "Total Cost": 9749.96,
      "Plan Rows": 1,
      "Plan Width": 8,
      "Actual Startup Time": 29.064,
      "Actual Total Time": 30.915,
      "Actual Rows": 1,
      "Actual Loops": 1,
      "Plans": [
        {
          "Node Type": "Gather",
          "Parent Relationship": "Outer",
          "Parallel Aware": false,
          "Startup Cost": 9749.63,
          "Total Cost": 9749.94,
          "Plan Rows": 3,
          "Plan Width": 8,
          "Actual Startup Time": 29.012,
          "Actual Total Time": 30.909,
          "Actual Rows": 4,
          "Actual Loops": 1,
          "Workers Planned": 3,
          "Workers Launched": 3,
          "Single Copy": false,
          "Plans": [
            {
              "Node Type": "Aggregate",
              "Strategy": "Plain",
              "Partial Mode": "Partial",
              "Parent Relationship": "Outer",
              "Parallel Aware": false,
              "Startup Cost": 8749.63,
              "Total Cost": 8749.64,
              "Plan Rows": 1,
              "Plan Width": 8,
              "Actual Startup Time": 24.007,
              "Actual Total Time": 24.008,
              "Actual Rows": 1,
              "Actual Loops": 4,
              "Plans": [
                {
                  "Node Type": "Index Scan",
                  "Parent Relationship": "Outer",
                  "Parallel Aware": true,
                  "Scan Direction": "Forward",
                  "Index Name": "role_id_cast_info",
                  "Relation Name": "cast_info",
                  "Alias": "ci",
                  "Startup Cost": 0.56,
                  "Total Cost": 8600.37,
                  "Plan Rows": 59704,
                  "Plan Width": 0,
                  "Actual Startup Time": 0.087,
                  "Actual Total Time": 22.3,
                  "Actual Rows": 19788,
                  "Actual Loops": 4,
                  "Index Cond": "(role_id > 10)",
                  "Rows Removed by Index Recheck": 0,
                  "Filter": "(person_id < 2297712)",
                  "Rows Removed by Filter": 59242
                }
              ]
            }
          ]
        }
      ]
    },
    "Planning Time": 0.153,
    "Triggers": [],
    "Execution Time": 30.959
  }
]