{
  "Plan": {
    "Node Type": "Aggregate",
    "Strategy": "Plain",
    "Partial Mode": "Finalize",
    "Parallel Aware": false,
    "Startup Cost": 96871.12,
    "Total Cost": 96871.13,
    "Plan Rows": 1,
    "Plan Width": 8,
    "Actual Startup Time": 624.908,
    "Actual Total Time": 645.796,
    "Actual Rows": 1,
    "Actual Loops": 1,
    "Plans": [
      {
        "Node Type": "Gather",
        "Parent Relationship": "Outer",
        "Parallel Aware": false,
        "Startup Cost": 96871.0,
        "Total Cost": 96871.11,
        "Plan Rows": 1,
        "Plan Width": 8,
        "Actual Startup Time": 618.589,
        "Actual Total Time": 645.789,
        "Actual Rows": 2,
        "Actual Loops": 1,
        "Workers Planned": 1,
        "Workers Launched": 1,
        "Single Copy": false,
        "Plans": [
          {
            "Node Type": "Aggregate",
            "Strategy": "Plain",
            "Partial Mode": "Partial",
            "Parent Relationship": "Outer",
            "Parallel Aware": false,
            "Startup Cost": 95871.0,
            "Total Cost": 95871.01,
            "Plan Rows": 1,
            "Plan Width": 8,
            "Actual Startup Time": 609.173,
            "Actual Total Time": 609.177,
            "Actual Rows": 1,
            "Actual Loops": 2,
            "Plans": [
              {
                "Node Type": "Hash Join",
                "Parent Relationship": "Outer",
                "Parallel Aware": true,
                "Join Type": "Inner",
                "Startup Cost": 70033.6,
                "Total Cost": 95831.45,
                "Plan Rows": 15823,
                "Plan Width": 0,
                "Actual Startup Time": 589.587,
                "Actual Total Time": 608.527,
                "Actual Rows": 12789,
                "Actual Loops": 2,
                "Inner Unique": true,
                "Hash Cond": "(mk.movie_id = t.id)",
                "Plans": [
                  {
                    "Node Type": "Bitmap Heap Scan",
                    "Parent Relationship": "Outer",
                    "Parallel Aware": true,
                    "Relation Name": "movie_keyword",
                    "Alias": "mk",
                    "Startup Cost": 572.9,
                    "Total Cost": 26329.21,
                    "Plan Rows": 15823,
                    "Plan Width": 4,
                    "Actual Startup Time": 3.15,
                    "Actual Total Time": 16.443,
                    "Actual Rows": 12789,
                    "Actual Loops": 2,
                    "Recheck Cond": "(keyword_id > 113358)",
                    "Rows Removed by Index Recheck": 0,
                    "Exact Heap Blocks": 5208,
                    "Lossy Heap Blocks": 0,
                    "Plans": [
                      {
                        "Node Type": "Bitmap Index Scan",
                        "Parent Relationship": "Outer",
                        "Parallel Aware": false,
                        "Index Name": "keyword_id_movie_keyword",
                        "Startup Cost": 0.0,
                        "Total Cost": 566.17,
                        "Plan Rows": 26899,
                        "Plan Width": 0,
                        "Actual Startup Time": 2.05,
                        "Actual Total Time": 2.051,
                        "Actual Rows": 25578,
                        "Actual Loops": 1,
                        "Index Cond": "(keyword_id > 113358)"
                      }
                    ]
                  },
                  {
                    "Node Type": "Hash",
                    "Parent Relationship": "Inner",
                    "Parallel Aware": true,
                    "Startup Cost": 50870.31,
                    "Total Cost": 50870.31,
                    "Plan Rows": 1487231,
                    "Plan Width": 4,
                    "Actual Startup Time": 566.713,
                    "Actual Total Time": 566.714,
                    "Actual Rows": 1264156,
                    "Actual Loops": 2,
                    "Hash Buckets": 4194304,
                    "Original Hash Buckets": 4194304,
                    "Hash Batches": 1,
                    "Original Hash Batches": 1,
                    "Peak Memory Usage": 131712,
                    "Plans": [
                      {
                        "Node Type": "Seq Scan",
                        "Parent Relationship": "Outer",
                        "Parallel Aware": true,
                        "Relation Name": "title",
                        "Alias": "t",
                        "Startup Cost": 0.0,
                        "Total Cost": 50870.31,
                        "Plan Rows": 1487231,
                        "Plan Width": 4,
                        "Actual Startup Time": 0.03,
                        "Actual Total Time": 156.933,
                        "Actual Rows": 1264156,
                        "Actual Loops": 2
                      }
                    ]
                  }
                ]
              }
            ]
          }
        ]
      }
    ]
  },
  "Planning Time": 0.536,
  "Triggers": [],
  "Execution Time": 645.872
}