{
  "Plan": {
    "Node Type": "Aggregate",
    "Strategy": "Plain",
    "Partial Mode": "Finalize",
    "Parallel Aware": false,
    "Startup Cost": 161533.04,
    "Total Cost": 161533.05,
    "Plan Rows": 1,
    "Plan Width": 8,
    "Actual Startup Time": 630.33,
    "Actual Total Time": 666.505,
    "Actual Rows": 1,
    "Actual Loops": 1,
    "Plans": [
      {
        "Node Type": "Gather",
        "Parent Relationship": "Outer",
        "Parallel Aware": false,
        "Startup Cost": 161532.93,
        "Total Cost": 161533.04,
        "Plan Rows": 1,
        "Plan Width": 8,
        "Actual Startup Time": 629.819,
        "Actual Total Time": 666.497,
        "Actual Rows": 2,
        "Actual Loops": 1,
        "Workers Planned": 1,
        "Workers Launched": 1,
        "Single Copy": false,
        "Plans": [
          {
            "Node Type": "Aggregate",
            "Strategy": "Plain",
            "Partial Mode": "Partial",
            "Parent Relationship": "Outer",
            "Parallel Aware": false,
            "Startup Cost": 160532.93,
            "Total Cost": 160532.94,
            "Plan Rows": 1,
            "Plan Width": 8,
            "Actual Startup Time": 623.795,
            "Actual Total Time": 623.799,
            "Actual Rows": 1,
            "Actual Loops": 2,
            "Plans": [
              {
                "Node Type": "Nested Loop",
                "Parent Relationship": "Outer",
                "Parallel Aware": false,
                "Join Type": "Inner",
                "Startup Cost": 69797.2,
                "Total Cost": 160238.7,
                "Plan Rows": 117689,
                "Plan Width": 0,
                "Actual Startup Time": 212.133,
                "Actual Total Time": 602.015,
                "Actual Rows": 521204,
                "Actual Loops": 2,
                "Inner Unique": false,
                "Join Filter": "(t.id = mi.movie_id)",
                "Rows Removed by Join Filter": 0,
                "Plans": [
                  {
                    "Node Type": "Hash Join",
                    "Parent Relationship": "Outer",
                    "Parallel Aware": true,
                    "Join Type": "Inner",
                    "Startup Cost": 69796.77,
                    "Total Cost": 100231.54,
                    "Plan Rows": 20127,
                    "Plan Width": 8,
                    "Actual Startup Time": 212.013,
                    "Actual Total Time": 341.143,
                    "Actual Rows": 13456,
                    "Actual Loops": 2,
                    "Inner Unique": true,
                    "Hash Cond": "(mk.movie_id = t.id)",
                    "Plans": [
                      {
                        "Node Type": "Bitmap Heap Scan",
                        "Parent Relationship": "Outer",
                        "Parallel Aware": true,
                        "Relation Name": "movie_keyword",
                        "Alias": "mk",
                        "Startup Cost": 14262.13,
                        "Total Cost": 43658.92,
                        "Plan Rows": 395423,
                        "Plan Width": 4,
                        "Actual Startup Time": 46.939,
                        "Actual Total Time": 121.866,
                        "Actual Rows": 339288,
                        "Actual Loops": 2,
                        "Recheck Cond": "(keyword_id < 555)",
                        "Rows Removed by Index Recheck": 0,
                        "Exact Heap Blocks": 15253,
                        "Lossy Heap Blocks": 0,
                        "Plans": [
                          {
                            "Node Type": "Bitmap Index Scan",
                            "Parent Relationship": "Outer",
                            "Parallel Aware": false,
                            "Index Name": "keyword_id_movie_keyword",
                            "Startup Cost": 0.0,
                            "Total Cost": 14094.08,
                            "Plan Rows": 672219,
                            "Plan Width": 0,
                            "Actual Startup Time": 43.248,
                            "Actual Total Time": 43.249,
                            "Actual Rows": 678575,
                            "Actual Loops": 1,
                            "Index Cond": "(keyword_id < 555)"
                          }
                        ]
                      },
                      {
                        "Node Type": "Hash",
                        "Parent Relationship": "Inner",
                        "Parallel Aware": true,
                        "Startup Cost": 54588.39,
                        "Total Cost": 54588.39,
                        "Plan Rows": 75700,
                        "Plan Width": 4,
                        "Actual Startup Time": 162.712,
                        "Actual Total Time": 162.712,
                        "Actual Rows": 64348,
                        "Actual Loops": 2,
                        "Hash Buckets": 131072,
                        "Original Hash Buckets": 131072,
                        "Hash Batches": 1,
                        "Original Hash Batches": 1,
                        "Peak Memory Usage": 6080,
                        "Plans": [
                          {
                            "Node Type": "Seq Scan",
                            "Parent Relationship": "Outer",
                            "Parallel Aware": true,
                            "Relation Name": "title",
                            "Alias": "t",
                            "Startup Cost": 0.0,
                            "Total Cost": 54588.39,
                            "Plan Rows": 75700,
                            "Plan Width": 4,
                            "Actual Startup Time": 0.038,
                            "Actual Total Time": 141.348,
                            "Actual Rows": 64348,
                            "Actual Loops": 2,
                            "Filter": "(production_year = 2009)",
                            "Rows Removed by Filter": 1199808
                          }
                        ]
                      }
                    ]
                  },
                  {
                    "Node Type": "Index Only Scan",
                    "Parent Relationship": "Inner",
                    "Parallel Aware": false,
                    "Scan Direction": "Forward",
                    "Index Name": "movie_id_movie_info",
                    "Relation Name": "movie_info",
                    "Alias": "mi",
                    "Startup Cost": 0.43,
                    "Total Cost": 2.46,
                    "Plan Rows": 42,
                    "Plan Width": 4,
                    "Actual Startup Time": 0.005,
                    "Actual Total Time": 0.016,
                    "Actual Rows": 39,
                    "Actual Loops": 26912,
                    "Index Cond": "(movie_id = mk.movie_id)",
                    "Rows Removed by Index Recheck": 0,
                    "Heap Fetches": 1042408
                  }
                ]
              }
            ]
          }
        ]
      }
    ]
  },
  "Planning Time": 0.928,
  "Triggers": [],
  "Execution Time": 666.611
}