[
  {
    "Plan": {
      "Node Type": "Aggregate",
      "Strategy": "Plain",
      "Partial Mode": "Finalize",
      "Parallel Aware": false,
      "Startup Cost": 45406.98,
      "Total Cost": 45406.99,
      "Plan Rows": 1,
      "Plan Width": 8,
      "Actual Startup Time": 149.293,
      "Actual Total Time": 159.017,
      "Actual Rows": 1,
      "Actual Loops": 1,
      "Plans": [
        {
          "Node Type": "Gather",
          "Parent Relationship": "Outer",
          "Parallel Aware": false,
          "Startup Cost": 45406.66,
          "Total Cost": 45406.97,
          "Plan Rows": 3,
          "Plan Width": 8,
          "Actual Startup Time": 149.159,
          "Actual Total Time": 159.009,
          "Actual Rows": 4,
          "Actual Loops": 1,
          "Workers Planned": 3,
          "Workers Launched": 3,
          "Single Copy": false,
          "Plans": [
            {
              "Node Type": "Aggregate",
              "Strategy": "Plain",
              "Partial Mode": "Partial",
              "Parent Relationship": "Outer",
              "Parallel Aware": false,
              "Startup Cost": 44406.66,
              "Total Cost": 44406.67,
              "Plan Rows": 1,
              "Plan Width": 8,
              "Actual Startup Time": 141.356,
              "Actual Total Time": 141.357,
              "Actual Rows": 1,
              "Actual Loops": 4,
              "Plans": [
                {
                  "Node Type": "Seq Scan",
                  "Parent Relationship": "Outer",
                  "Parallel Aware": true,
                  "Relation Name": "movie_keyword",
                  "Alias": "mk",
                  "Startup Cost": 0.0,
                  "Total Cost": 42695.65,
                  "Plan Rows": 684403,
                  "Plan Width": 0,
                  "Actual Startup Time": 0.061,
                  "Actual Total Time": 116.028,
                  "Actual Rows": 530671,
                  "Actual Loops": 4,
                  "Filter": "(keyword_id < 3908)",
                  "Rows Removed by Filter": 600312
                }
              ]
            }
          ]
        }
      ]
    },
    "Planning Time": 0.188,
    "Triggers": [],
    "Execution Time": 159.074
  }
]