[
  {
    "Plan": {
      "Node Type": "Aggregate",
      "Strategy": "Plain",
      "Partial Mode": "Finalize",
      "Parallel Aware": false,
      "Startup Cost": 357325.71,
      "Total Cost": 357325.72,
      "Plan Rows": 1,
      "Plan Width": 8,
      "Actual Startup Time": 1001.326,
      "Actual Total Time": 1050.381,
      "Actual Rows": 1,
      "Actual Loops": 1,
      "Plans": [
        {
          "Node Type": "Gather",
          "Parent Relationship": "Outer",
          "Parallel Aware": false,
          "Startup Cost": 357325.08,
          "Total Cost": 357325.69,
          "Plan Rows": 6,
          "Plan Width": 8,
          "Actual Startup Time": 1001.017,
          "Actual Total Time": 1050.368,
          "Actual Rows": 7,
          "Actual Loops": 1,
          "Workers Planned": 6,
          "Workers Launched": 6,
          "Single Copy": false,
          "Plans": [
            {
              "Node Type": "Aggregate",
              "Strategy": "Plain",
              "Partial Mode": "Partial",
              "Parent Relationship": "Outer",
              "Parallel Aware": false,
              "Startup Cost": 356325.08,
              "Total Cost": 356325.09,
              "Plan Rows": 1,
              "Plan Width": 8,
              "Actual Startup Time": 993.448,
              "Actual Total Time": 993.449,
              "Actual Rows": 1,
              "Actual Loops": 7,
              "Plans": [
                {
                  "Node Type": "Seq Scan",
                  "Parent Relationship": "Outer",
                  "Parallel Aware": true,
                  "Relation Name": "cast_info",
                  "Alias": "ci",
                  "Startup Cost": 0.0,
                  "Total Cost": 343316.27,
                  "Plan Rows": 5203524,
                  "Plan Width": 0,
                  "Actual Startup Time": 72.322,
                  "Actual Total Time": 773.185,
                  "Actual Rows": 4431351,
                  "Actual Loops": 7,
                  "Filter": "((person_id > 478824) AND (role_id < 11))",
                  "Rows Removed by Filter": 746412
                }
              ]
            }
          ]
        }
      ]
    },
    "Planning Time": 0.105,
    "Triggers": [],
    "Execution Time": 1050.424
  }
]