[
  {
    "Plan": {
      "Node Type": "Aggregate",
      "Strategy": "Plain",
      "Partial Mode": "Finalize",
      "Parallel Aware": false,
      "Startup Cost": 357253.5,
      "Total Cost": 357253.51,
      "Plan Rows": 1,
      "Plan Width": 8,
      "Actual Startup Time": 888.57,
      "Actual Total Time": 960.668,
      "Actual Rows": 1,
      "Actual Loops": 1,
      "Plans": [
        {
          "Node Type": "Gather",
          "Parent Relationship": "Outer",
          "Parallel Aware": false,
          "Startup Cost": 357252.88,
          "Total Cost": 357253.48,
          "Plan Rows": 6,
          "Plan Width": 8,
          "Actual Startup Time": 888.426,
          "Actual Total Time": 960.658,
          "Actual Rows": 7,
          "Actual Loops": 1,
          "Workers Planned": 6,
          "Workers Launched": 6,
          "Single Copy": false,
          "Plans": [
            {
              "Node Type": "Aggregate",
              "Strategy": "Plain",
              "Partial Mode": "Partial",
              "Parent Relationship": "Outer",
              "Parallel Aware": false,
              "Startup Cost": 356252.88,
              "Total Cost": 356252.89,
              "Plan Rows": 1,
              "Plan Width": 8,
              "Actual Startup Time": 878.475,
              "Actual Total Time": 878.476,
              "Actual Rows": 1,
              "Actual Loops": 7,
              "Plans": [
                {
                  "Node Type": "Seq Scan",
                  "Parent Relationship": "Outer",
                  "Parallel Aware": true,
                  "Relation Name": "cast_info",
                  "Alias": "ci",
                  "Startup Cost": 0.0,
                  "Total Cost": 343257.03,
                  "Plan Rows": 5198338,
                  "Plan Width": 0,
                  "Actual Startup Time": 72.439,
                  "Actual Total Time": 705.383,
                  "Actual Rows": 4431351,
                  "Actual Loops": 7,
                  "Filter": "((person_id > 478824) AND (role_id < 11))",
                  "Rows Removed by Filter": 746412
                }
              ]
            }
          ]
        }
      ]
    },
    "Planning Time": 0.225,
    "Triggers": [],
    "Execution Time": 960.74
  }
]