[
  {
    "Plan": {
      "Node Type": "Aggregate",
      "Strategy": "Plain",
      "Partial Mode": "Finalize",
      "Parallel Aware": false,
      "Startup Cost": 27911.12,
      "Total Cost": 27911.13,
      "Plan Rows": 1,
      "Plan Width": 8,
      "Actual Startup Time": 32.732,
      "Actual Total Time": 37.404,
      "Actual Rows": 1,
      "Actual Loops": 1,
      "Plans": [
        {
          "Node Type": "Gather",
          "Parent Relationship": "Outer",
          "Parallel Aware": false,
          "Startup Cost": 27910.9,
          "Total Cost": 27911.11,
          "Plan Rows": 2,
          "Plan Width": 8,
          "Actual Startup Time": 32.512,
          "Actual Total Time": 37.397,
          "Actual Rows": 3,
          "Actual Loops": 1,
          "Workers Planned": 2,
          "Workers Launched": 2,
          "Single Copy": false,
          "Plans": [
            {
              "Node Type": "Aggregate",
              "Strategy": "Plain",
              "Partial Mode": "Partial",
              "Parent Relationship": "Outer",
              "Parallel Aware": false,
              "Startup Cost": 26910.9,
              "Total Cost": 26910.91,
              "Plan Rows": 1,
              "Plan Width": 8,
              "Actual Startup Time": 28.387,
              "Actual Total Time": 28.389,
              "Actual Rows": 1,
              "Actual Loops": 3,
              "Plans": [
                {
                  "Node Type": "Nested Loop",
                  "Parent Relationship": "Outer",
                  "Parallel Aware": false,
                  "Join Type": "Inner",
                  "Startup Cost": 106.26,
                  "Total Cost": 26909.93,
                  "Plan Rows": 390,
                  "Plan Width": 0,
                  "Actual Startup Time": 2.87,
                  "Actual Total Time": 28.249,
                  "Actual Rows": 867,
                  "Actual Loops": 3,
                  "Inner Unique": true,
                  "Plans": [
                    {
                      "Node Type": "Bitmap Heap Scan",
                      "Parent Relationship": "Outer",
                      "Parallel Aware": true,
                      "Relation Name": "movie_keyword",
                      "Alias": "mk",
                      "Startup Cost": 105.83,
                      "Total Cost": 12117.13,
                      "Plan Rows": 2011,
                      "Plan Width": 4,
                      "Actual Startup Time": 2.115,
                      "Actual Total Time": 10.148,
                      "Actual Rows": 1535,
                      "Actual Loops": 3,
                      "Recheck Cond": "(keyword_id = 228)",
                      "Rows Removed by Index Recheck": 0,
                      "Exact Heap Blocks": 2704,
                      "Lossy Heap Blocks": 0,
                      "Plans": [
                        {
                          "Node Type": "Bitmap Index Scan",
                          "Parent Relationship": "Outer",
                          "Parallel Aware": false,
                          "Index Name": "keyword_id_movie_keyword",
                          "Startup Cost": 0.0,
                          "Total Cost": 104.63,
                          "Plan Rows": 4826,
                          "Plan Width": 0,
                          "Actual Startup Time": 3.986,
                          "Actual Total Time": 3.986,
                          "Actual Rows": 4606,
                          "Actual Loops": 1,
                          "Index Cond": "(keyword_id = 228)"
                        }
                      ]
                    },
                    {
                      "Node Type": "Index Scan",
                      "Parent Relationship": "Inner",
                      "Parallel Aware": false,
                      "Scan Direction": "Forward",
                      "Index Name": "title_pkey",
                      "Relation Name": "title",
                      "Alias": "t",
                      "Startup Cost": 0.43,
                      "Total Cost": 7.36,
                      "Plan Rows": 1,
                      "Plan Width": 4,
                      "Actual Startup Time": 0.011,
                      "Actual Total Time": 0.011,
                      "Actual Rows": 1,
                      "Actual Loops": 4606,
                      "Index Cond": "(id = mk.movie_id)",
                      "Rows Removed by Index Recheck": 0,
                      "Filter": "((kind_id < 7) AND (production_year < 2004))",
                      "Rows Removed by Filter": 0
                    }
                  ]
                }
              ]
            }
          ]
        }
      ]
    },
    "Planning Time": 0.401,
    "Triggers": [],
    "Execution Time": 37.461
  }
]