[
  {
    "Plan": {
      "Node Type": "Aggregate",
      "Strategy": "Plain",
      "Partial Mode": "Finalize",
      "Parallel Aware": false,
      "Startup Cost": 36252.97,
      "Total Cost": 36252.98,
      "Plan Rows": 1,
      "Plan Width": 8,
      "Actual Startup Time": 126.592,
      "Actual Total Time": 135.53,
      "Actual Rows": 1,
      "Actual Loops": 1,
      "Plans": [
        {
          "Node Type": "Gather",
          "Parent Relationship": "Outer",
          "Parallel Aware": false,
          "Startup Cost": 36252.65,
          "Total Cost": 36252.96,
          "Plan Rows": 3,
          "Plan Width": 8,
          "Actual Startup Time": 126.28,
          "Actual Total Time": 135.52,
          "Actual Rows": 4,
          "Actual Loops": 1,
          "Workers Planned": 3,
          "Workers Launched": 3,
          "Single Copy": false,
          "Plans": [
            {
              "Node Type": "Aggregate",
              "Strategy": "Plain",
              "Partial Mode": "Partial",
              "Parent Relationship": "Outer",
              "Parallel Aware": false,
              "Startup Cost": 35252.65,
              "Total Cost": 35252.66,
              "Plan Rows": 1,
              "Plan Width": 8,
              "Actual Startup Time": 119.069,
              "Actual Total Time": 119.071,
              "Actual Rows": 1,
              "Actual Loops": 4,
              "Plans": [
                {
                  "Node Type": "Bitmap Heap Scan",
                  "Parent Relationship": "Outer",
                  "Parallel Aware": true,
                  "Relation Name": "movie_keyword",
                  "Alias": "mk",
                  "Startup Cost": 8792.93,
                  "Total Cost": 34918.37,
                  "Plan Rows": 133715,
                  "Plan Width": 0,
                  "Actual Startup Time": 43.431,
                  "Actual Total Time": 112.777,
                  "Actual Rows": 102518,
                  "Actual Loops": 4,
                  "Recheck Cond": "(keyword_id > 42241)",
                  "Rows Removed by Index Recheck": 0,
                  "Exact Heap Blocks": 10802,
                  "Lossy Heap Blocks": 0,
                  "Plans": [
                    {
                      "Node Type": "Bitmap Index Scan",
                      "Parent Relationship": "Outer",
                      "Parallel Aware": false,
                      "Index Name": "keyword_id_movie_keyword",
                      "Startup Cost": 0.0,
                      "Total Cost": 8689.3,
                      "Plan Rows": 414516,
                      "Plan Width": 0,
                      "Actual Startup Time": 46.46,
                      "Actual Total Time": 46.461,
                      "Actual Rows": 410073,
                      "Actual Loops": 1,
                      "Index Cond": "(keyword_id > 42241)"
                    }
                  ]
                }
              ]
            }
          ]
        }
      ]
    },
    "Planning Time": 0.198,
    "Triggers": [],
    "Execution Time": 135.609
  }
]