[
  {
    "Plan": {
      "Node Type": "Aggregate",
      "Strategy": "Plain",
      "Partial Mode": "Finalize",
      "Parallel Aware": false,
      "Startup Cost": 53443.72,
      "Total Cost": 53443.73,
      "Plan Rows": 1,
      "Plan Width": 8,
      "Actual Startup Time": 102.14,
      "Actual Total Time": 115.364,
      "Actual Rows": 1,
      "Actual Loops": 1,
      "Plans": [
        {
          "Node Type": "Gather",
          "Parent Relationship": "Outer",
          "Parallel Aware": false,
          "Startup Cost": 53443.3,
          "Total Cost": 53443.71,
          "Plan Rows": 4,
          "Plan Width": 8,
          "Actual Startup Time": 102.026,
          "Actual Total Time": 115.357,
          "Actual Rows": 5,
          "Actual Loops": 1,
          "Workers Planned": 4,
          "Workers Launched": 4,
          "Single Copy": false,
          "Plans": [
            {
              "Node Type": "Aggregate",
              "Strategy": "Plain",
              "Partial Mode": "Partial",
              "Parent Relationship": "Outer",
              "Parallel Aware": false,
              "Startup Cost": 52443.3,
              "Total Cost": 52443.31,
              "Plan Rows": 1,
              "Plan Width": 8,
              "Actual Startup Time": 92.048,
              "Actual Total Time": 92.049,
              "Actual Rows": 1,
              "Actual Loops": 5,
              "Plans": [
                {
                  "Node Type": "Nested Loop",
                  "Parent Relationship": "Outer",
                  "Parallel Aware": false,
                  "Join Type": "Inner",
                  "Startup Cost": 0.43,
                  "Total Cost": 52442.83,
                  "Plan Rows": 188,
                  "Plan Width": 0,
                  "Actual Startup Time": 59.559,
                  "Actual Total Time": 91.992,
                  "Actual Rows": 343,
                  "Actual Loops": 5,
                  "Inner Unique": false,
                  "Plans": [
                    {
                      "Node Type": "Seq Scan",
                      "Parent Relationship": "Outer",
                      "Parallel Aware": true,
                      "Relation Name": "title",
                      "Alias": "t",
                      "Startup Cost": 0.0,
                      "Total Cost": 45479.1,
                      "Plan Rows": 1045,
                      "Plan Width": 4,
                      "Actual Startup Time": 58.329,
                      "Actual Total Time": 84.696,
                      "Actual Rows": 825,
                      "Actual Loops": 5,
                      "Filter": "((kind_id = 1) AND (production_year = 1977))",
                      "Rows Removed by Filter": 504837
                    },
                    {
                      "Node Type": "Index Scan",
                      "Parent Relationship": "Inner",
                      "Parallel Aware": false,
                      "Scan Direction": "Forward",
                      "Index Name": "movie_id_movie_info_idx",
                      "Relation Name": "movie_info_idx",
                      "Alias": "mi_idx",
                      "Startup Cost": 0.43,
                      "Total Cost": 6.65,
                      "Plan Rows": 1,
                      "Plan Width": 4,
                      "Actual Startup Time": 0.008,
                      "Actual Total Time": 0.008,
                      "Actual Rows": 0,
                      "Actual Loops": 4125,
                      "Index Cond": "(movie_id = t.id)",
                      "Rows Removed by Index Recheck": 0,
                      "Filter": "(info_type_id < 100)",
                      "Rows Removed by Filter": 1
                    }
                  ]
                }
              ]
            }
          ]
        }
      ]
    },
    "Planning Time": 0.569,
    "Triggers": [],
    "Execution Time": 115.431
  }
]