{
  "Plan": {
    "Node Type": "Aggregate",
    "Strategy": "Plain",
    "Partial Mode": "Finalize",
    "Parallel Aware": false,
    "Startup Cost": 607580.8,
    "Total Cost": 607580.81,
    "Plan Rows": 1,
    "Plan Width": 8,
    "Actual Startup Time": 2790.404,
    "Actual Total Time": 2816.438,
    "Actual Rows": 1,
    "Actual Loops": 1,
    "Plans": [
      {
        "Node Type": "Gather",
        "Parent Relationship": "Outer",
        "Parallel Aware": false,
        "Startup Cost": 607580.69,
        "Total Cost": 607580.8,
        "Plan Rows": 1,
        "Plan Width": 8,
        "Actual Startup Time": 2786.534,
        "Actual Total Time": 2816.431,
        "Actual Rows": 2,
        "Actual Loops": 1,
        "Workers Planned": 1,
        "Workers Launched": 1,
        "Single Copy": false,
        "Plans": [
          {
            "Node Type": "Aggregate",
            "Strategy": "Plain",
            "Partial Mode": "Partial",
            "Parent Relationship": "Outer",
            "Parallel Aware": false,
            "Startup Cost": 606580.69,
            "Total Cost": 606580.7,
            "Plan Rows": 1,
            "Plan Width": 8,
            "Actual Startup Time": 2777.568,
            "Actual Total Time": 2777.572,
            "Actual Rows": 1,
            "Actual Loops": 2,
            "Plans": [
              {
                "Node Type": "Hash Join",
                "Parent Relationship": "Outer",
                "Parallel Aware": true,
                "Join Type": "Inner",
                "Startup Cost": 262076.7,
                "Total Cost": 599521.23,
                "Plan Rows": 2823783,
                "Plan Width": 0,
                "Actual Startup Time": 853.749,
                "Actual Total Time": 2643.987,
                "Actual Rows": 3208910,
                "Actual Loops": 2,
                "Inner Unique": true,
                "Hash Cond": "(ci.movie_id = t.id)",
                "Plans": [
                  {
                    "Node Type": "Bitmap Heap Scan",
                    "Parent Relationship": "Outer",
                    "Parallel Aware": true,
                    "Relation Name": "cast_info",
                    "Alias": "ci",
                    "Startup Cost": 192616.0,
                    "Total Cost": 522648.09,
                    "Plan Rows": 2823783,
                    "Plan Width": 4,
                    "Actual Startup Time": 348.302,
                    "Actual Total Time": 907.197,
                    "Actual Rows": 3208910,
                    "Actual Loops": 2,
                    "Recheck Cond": "(person_id < 876027)",
                    "Rows Removed by Index Recheck": 0,
                    "Filter": "(role_id < 3)",
                    "Rows Removed by Filter": 1241392,
                    "Exact Heap Blocks": 51830,
                    "Lossy Heap Blocks": 0,
                    "Plans": [
                      {
                        "Node Type": "Bitmap Index Scan",
                        "Parent Relationship": "Outer",
                        "Parallel Aware": false,
                        "Index Name": "person_id_cast_info",
                        "Startup Cost": 0.0,
                        "Total Cost": 191415.89,
                        "Plan Rows": 8765777,
                        "Plan Width": 0,
                        "Actual Startup Time": 332.274,
                        "Actual Total Time": 332.275,
                        "Actual Rows": 8900603,
                        "Actual Loops": 1,
                        "Index Cond": "(person_id < 876027)"
                      }
                    ]
                  },
                  {
                    "Node Type": "Hash",
                    "Parent Relationship": "Inner",
                    "Parallel Aware": true,
                    "Startup Cost": 50870.31,
                    "Total Cost": 50870.31,
                    "Plan Rows": 1487231,
                    "Plan Width": 4,
                    "Actual Startup Time": 489.683,
                    "Actual Total Time": 489.684,
                    "Actual Rows": 1264156,
                    "Actual Loops": 2,
                    "Hash Buckets": 4194304,
                    "Original Hash Buckets": 4194304,
                    "Hash Batches": 1,
                    "Original Hash Batches": 1,
                    "Peak Memory Usage": 131712,
                    "Plans": [
                      {
                        "Node Type": "Seq Scan",
                        "Parent Relationship": "Outer",
                        "Parallel Aware": true,
                        "Relation Name": "title",
                        "Alias": "t",
                        "Startup Cost": 0.0,
                        "Total Cost": 50870.31,
                        "Plan Rows": 1487231,
                        "Plan Width": 4,
                        "Actual Startup Time": 0.025,
                        "Actual Total Time": 145.853,
                        "Actual Rows": 1264156,
                        "Actual Loops": 2
                      }
                    ]
                  }
                ]
              }
            ]
          }
        ]
      }
    ]
  },
  "Planning Time": 0.426,
  "Triggers": [],
  "Execution Time": 2816.496
}