[
  {
    "Plan": {
      "Node Type": "Aggregate",
      "Strategy": "Plain",
      "Partial Mode": "Finalize",
      "Parallel Aware": false,
      "Startup Cost": 249702.03,
      "Total Cost": 249702.04,
      "Plan Rows": 1,
      "Plan Width": 8,
      "Actual Startup Time": 1148.686,
      "Actual Total Time": 1192.436,
      "Actual Rows": 1,
      "Actual Loops": 1,
      "Plans": [
        {
          "Node Type": "Gather",
          "Parent Relationship": "Outer",
          "Parallel Aware": false,
          "Startup Cost": 249701.51,
          "Total Cost": 249702.02,
          "Plan Rows": 5,
          "Plan Width": 8,
          "Actual Startup Time": 1142.676,
          "Actual Total Time": 1192.425,
          "Actual Rows": 6,
          "Actual Loops": 1,
          "Workers Planned": 5,
          "Workers Launched": 5,
          "Single Copy": false,
          "Plans": [
            {
              "Node Type": "Aggregate",
              "Strategy": "Plain",
              "Partial Mode": "Partial",
              "Parent Relationship": "Outer",
              "Parallel Aware": false,
              "Startup Cost": 248701.51,
              "Total Cost": 248701.52,
              "Plan Rows": 1,
              "Plan Width": 8,
              "Actual Startup Time": 1132.869,
              "Actual Total Time": 1132.872,
              "Actual Rows": 1,
              "Actual Loops": 6,
              "Plans": [
                {
                  "Node Type": "Hash Join",
                  "Parent Relationship": "Outer",
                  "Parallel Aware": true,
                  "Join Type": "Inner",
                  "Startup Cost": 47494.35,
                  "Total Cost": 246816.11,
                  "Plan Rows": 754158,
                  "Plan Width": 0,
                  "Actual Startup Time": 153.68,
                  "Actual Total Time": 1063.511,
                  "Actual Rows": 1379053,
                  "Actual Loops": 6,
                  "Inner Unique": true,
                  "Hash Cond": "(mi.movie_id = t.id)",
                  "Plans": [
                    {
                      "Node Type": "Seq Scan",
                      "Parent Relationship": "Outer",
                      "Parallel Aware": true,
                      "Relation Name": "movie_info",
                      "Alias": "mi",
                      "Startup Cost": 0.0,
                      "Total Cost": 191560.33,
                      "Plan Rows": 2956733,
                      "Plan Width": 4,
                      "Actual Startup Time": 0.038,
                      "Actual Total Time": 332.377,
                      "Actual Rows": 2472620,
                      "Actual Loops": 6
                    },
                    {
                      "Node Type": "Hash",
                      "Parent Relationship": "Inner",
                      "Parallel Aware": true,
                      "Startup Cost": 45479.1,
                      "Total Cost": 45479.1,
                      "Plan Rows": 161220,
                      "Plan Width": 4,
                      "Actual Startup Time": 134.356,
                      "Actual Total Time": 134.357,
                      "Actual Rows": 109385,
                      "Actual Loops": 6,
                      "Hash Buckets": 1048576,
                      "Original Hash Buckets": 1048576,
                      "Hash Batches": 1,
                      "Original Hash Batches": 1,
                      "Peak Memory Usage": 33984,
                      "Plans": [
                        {
                          "Node Type": "Seq Scan",
                          "Parent Relationship": "Outer",
                          "Parallel Aware": true,
                          "Relation Name": "title",
                          "Alias": "t",
                          "Startup Cost": 0.0,
                          "Total Cost": 45479.1,
                          "Plan Rows": 161220,
                          "Plan Width": 4,
                          "Actual Startup Time": 45.532,
                          "Actual Total Time": 91.843,
                          "Actual Rows": 109385,
                          "Actual Loops": 6,
                          "Filter": "((production_year > 0) AND (kind_id = 1))",
                          "Rows Removed by Filter": 312000
                        }
                      ]
                    }
                  ]
                }
              ]
            }
          ]
        }
      ]
    },
    "Planning Time": 0.442,
    "Triggers": [],
    "Execution Time": 1192.505
  }
]