{
    "Plan": {
        "Node Type": "Aggregate",
        "Strategy": "Plain",
        "Partial Mode": "Finalize",
        "Parallel Aware": false,
        "Startup Cost": 237414.27,
        "Total Cost": 237414.28,
        "Plan Rows": 1,
        "Plan Width": 8,
        "Actual Startup Time": 794.093,
        "Actual Total Time": 826.35,
        "Actual Rows": 1,
        "Actual Loops": 1,
        "Output": [
            "count(*)"
        ],
        "Plans": [
            {
                "Node Type": "Gather",
                "Parent Relationship": "Outer",
                "Parallel Aware": false,
                "Startup Cost": 237413.75,
                "Total Cost": 237414.26,
                "Plan Rows": 5,
                "Plan Width": 8,
                "Actual Startup Time": 786.918,
                "Actual Total Time": 826.34,
                "Actual Rows": 6,
                "Actual Loops": 1,
                "Output": [
                    "(PARTIAL count(*))"
                ],
                "Workers Planned": 5,
                "Workers Launched": 5,
                "Single Copy": false,
                "Plans": [
                    {
                        "Node Type": "Aggregate",
                        "Strategy": "Plain",
                        "Partial Mode": "Partial",
                        "Parent Relationship": "Outer",
                        "Parallel Aware": false,
                        "Startup Cost": 236413.75,
                        "Total Cost": 236413.76,
                        "Plan Rows": 1,
                        "Plan Width": 8,
                        "Actual Startup Time": 774.225,
                        "Actual Total Time": 774.471,
                        "Actual Rows": 1,
                        "Actual Loops": 6,
                        "Output": [
                            "PARTIAL count(*)"
                        ],
                        "Workers": [
                            {
                                "Worker Number": 0,
                                "Actual Startup Time": 771.588,
                                "Actual Total Time": 771.593,
                                "Actual Rows": 1,
                                "Actual Loops": 1
                            },
                            {
                                "Worker Number": 1,
                                "Actual Startup Time": 771.57,
                                "Actual Total Time": 771.575,
                                "Actual Rows": 1,
                                "Actual Loops": 1
                            },
                            {
                                "Worker Number": 2,
                                "Actual Startup Time": 772.64,
                                "Actual Total Time": 772.645,
                                "Actual Rows": 1,
                                "Actual Loops": 1
                            },
                            {
                                "Worker Number": 3,
                                "Actual Startup Time": 771.837,
                                "Actual Total Time": 771.844,
                                "Actual Rows": 1,
                                "Actual Loops": 1
                            },
                            {
                                "Worker Number": 4,
                                "Actual Startup Time": 771.814,
                                "Actual Total Time": 771.82,
                                "Actual Rows": 1,
                                "Actual Loops": 1
                            }
                        ],
                        "Plans": [
                            {
                                "Node Type": "Hash Join",
                                "Parent Relationship": "Outer",
                                "Parallel Aware": true,
                                "Join Type": "Inner",
                                "Startup Cost": 79673.71,
                                "Total Cost": 236334.95,
                                "Plan Rows": 31519,
                                "Plan Width": 0,
                                "Actual Startup Time": 292.341,
                                "Actual Total Time": 764.156,
                                "Actual Rows": 180540,
                                "Actual Loops": 6,
                                "Inner Unique": false,
                                "Hash Cond": "(ci.movie_id = t.id)",
                                "Workers": [
                                    {
                                        "Worker Number": 0,
                                        "Actual Startup Time": 290.448,
                                        "Actual Total Time": 761.182,
                                        "Actual Rows": 150586,
                                        "Actual Loops": 1
                                    },
                                    {
                                        "Worker Number": 1,
                                        "Actual Startup Time": 289.715,
                                        "Actual Total Time": 762.198,
                                        "Actual Rows": 219760,
                                        "Actual Loops": 1
                                    },
                                    {
                                        "Worker Number": 2,
                                        "Actual Startup Time": 290.306,
                                        "Actual Total Time": 762.148,
                                        "Actual Rows": 152104,
                                        "Actual Loops": 1
                                    },
                                    {
                                        "Worker Number": 3,
                                        "Actual Startup Time": 289.799,
                                        "Actual Total Time": 761.251,
                                        "Actual Rows": 153262,
                                        "Actual Loops": 1
                                    },
                                    {
                                        "Worker Number": 4,
                                        "Actual Startup Time": 289.782,
                                        "Actual Total Time": 762.099,
                                        "Actual Rows": 140517,
                                        "Actual Loops": 1
                                    }
                                ],
                                "Plans": [
                                    {
                                        "Node Type": "Index Scan",
                                        "Parent Relationship": "Outer",
                                        "Parallel Aware": true,
                                        "Scan Direction": "Forward",
                                        "Index Name": "role_id_cast_info",
                                        "Relation Name": "cast_info",
                                        "Schema": "public",
                                        "Alias": "ci",
                                        "Startup Cost": 0.56,
                                        "Total Cost": 154655.9,
                                        "Plan Rows": 507795,
                                        "Plan Width": 4,
                                        "Actual Startup Time": 0.284,
                                        "Actual Total Time": 255.561,
                                        "Actual Rows": 775613,
                                        "Actual Loops": 6,
                                        "Output": [
                                            "ci.id",
                                            "ci.person_id",
                                            "ci.movie_id",
                                            "ci.person_role_id",
                                            "ci.note",
                                            "ci.nr_order",
                                            "ci.role_id"
                                        ],
                                        "Index Cond": "(ci.role_id > 8)",
                                        "Rows Removed by Index Recheck": 0,
                                        "Filter": "(ci.person_id > 2002187)",
                                        "Rows Removed by Filter": 179836,
                                        "Workers": [
                                            {
                                                "Worker Number": 0,
                                                "Actual Startup Time": 0.278,
                                                "Actual Total Time": 264.399,
                                                "Actual Rows": 658747,
                                                "Actual Loops": 1
                                            },
                                            {
                                                "Worker Number": 1,
                                                "Actual Startup Time": 0.381,
                                                "Actual Total Time": 255.595,
                                                "Actual Rows": 947398,
                                                "Actual Loops": 1
                                            },
                                            {
                                                "Worker Number": 2,
                                                "Actual Startup Time": 0.342,
                                                "Actual Total Time": 263.29,
                                                "Actual Rows": 655195,
                                                "Actual Loops": 1
                                            },
                                            {
                                                "Worker Number": 3,
                                                "Actual Startup Time": 0.231,
                                                "Actual Total Time": 263.169,
                                                "Actual Rows": 650216,
                                                "Actual Loops": 1
                                            },
                                            {
                                                "Worker Number": 4,
                                                "Actual Startup Time": 0.095,
                                                "Actual Total Time": 254.676,
                                                "Actual Rows": 604493,
                                                "Actual Loops": 1
                                            }
                                        ]
                                    },
                                    {
                                        "Node Type": "Hash",
                                        "Parent Relationship": "Inner",
                                        "Parallel Aware": true,
                                        "Startup Cost": 79040.36,
                                        "Total Cost": 79040.36,
                                        "Plan Rows": 50623,
                                        "Plan Width": 8,
                                        "Actual Startup Time": 289.932,
                                        "Actual Total Time": 290.176,
                                        "Actual Rows": 72741,
                                        "Actual Loops": 6,
                                        "Output": [
                                            "t.id",
                                            "mc.movie_id"
                                        ],
                                        "Hash Buckets": 524288,
                                        "Original Hash Buckets": 262144,
                                        "Hash Batches": 1,
                                        "Original Hash Batches": 1,
                                        "Peak Memory Usage": 23296,
                                        "Workers": [
                                            {
                                                "Worker Number": 0,
                                                "Actual Startup Time": 288.905,
                                                "Actual Total Time": 288.908,
                                                "Actual Rows": 64059,
                                                "Actual Loops": 1
                                            },
                                            {
                                                "Worker Number": 1,
                                                "Actual Startup Time": 288.833,
                                                "Actual Total Time": 288.837,
                                                "Actual Rows": 92120,
                                                "Actual Loops": 1
                                            },
                                            {
                                                "Worker Number": 2,
                                                "Actual Startup Time": 288.986,
                                                "Actual Total Time": 288.99,
                                                "Actual Rows": 63610,
                                                "Actual Loops": 1
                                            },
                                            {
                                                "Worker Number": 3,
                                                "Actual Startup Time": 289.2,
                                                "Actual Total Time": 289.205,
                                                "Actual Rows": 63989,
                                                "Actual Loops": 1
                                            },
                                            {
                                                "Worker Number": 4,
                                                "Actual Startup Time": 288.985,
                                                "Actual Total Time": 288.989,
                                                "Actual Rows": 56245,
                                                "Actual Loops": 1
                                            }
                                        ],
                                        "Plans": [
                                            {
                                                "Node Type": "Hash Join",
                                                "Parent Relationship": "Outer",
                                                "Parallel Aware": true,
                                                "Join Type": "Inner",
                                                "Startup Cost": 46871.36,
                                                "Total Cost": 79040.36,
                                                "Plan Rows": 50623,
                                                "Plan Width": 8,
                                                "Actual Startup Time": 168.749,
                                                "Actual Total Time": 254.749,
                                                "Actual Rows": 72741,
                                                "Actual Loops": 6,
                                                "Output": [
                                                    "t.id",
                                                    "mc.movie_id"
                                                ],
                                                "Inner Unique": true,
                                                "Hash Cond": "(mc.movie_id = t.id)",
                                                "Workers": [
                                                    {
                                                        "Worker Number": 0,
                                                        "Actual Startup Time": 167.706,
                                                        "Actual Total Time": 252.51,
                                                        "Actual Rows": 64059,
                                                        "Actual Loops": 1
                                                    },
                                                    {
                                                        "Worker Number": 1,
                                                        "Actual Startup Time": 167.591,
                                                        "Actual Total Time": 255.213,
                                                        "Actual Rows": 92120,
                                                        "Actual Loops": 1
                                                    },
                                                    {
                                                        "Worker Number": 2,
                                                        "Actual Startup Time": 167.739,
                                                        "Actual Total Time": 252.659,
                                                        "Actual Rows": 63610,
                                                        "Actual Loops": 1
                                                    },
                                                    {
                                                        "Worker Number": 3,
                                                        "Actual Startup Time": 167.936,
                                                        "Actual Total Time": 255.7,
                                                        "Actual Rows": 63989,
                                                        "Actual Loops": 1
                                                    },
                                                    {
                                                        "Worker Number": 4,
                                                        "Actual Startup Time": 167.871,
                                                        "Actual Total Time": 253.416,
                                                        "Actual Rows": 56245,
                                                        "Actual Loops": 1
                                                    }
                                                ],
                                                "Plans": [
                                                    {
                                                        "Node Type": "Seq Scan",
                                                        "Parent Relationship": "Outer",
                                                        "Parallel Aware": true,
                                                        "Relation Name": "movie_companies",
                                                        "Schema": "public",
                                                        "Alias": "mc",
                                                        "Startup Cost": 0.0,
                                                        "Total Cost": 31414.82,
                                                        "Plan Rows": 287308,
                                                        "Plan Width": 4,
                                                        "Actual Startup Time": 27.484,
                                                        "Actual Total Time": 60.71,
                                                        "Actual Rows": 180598,
                                                        "Actual Loops": 6,
                                                        "Output": [
                                                            "mc.id",
                                                            "mc.movie_id",
                                                            "mc.company_id",
                                                            "mc.company_type_id",
                                                            "mc.note"
                                                        ],
                                                        "Filter": "((mc.company_id > 2478) AND (mc.company_type_id = 2))",
                                                        "Rows Removed by Filter": 254257,
                                                        "Workers": [
                                                            {
                                                                "Worker Number": 0,
                                                                "Actual Startup Time": 27.48,
                                                                "Actual Total Time": 62.28,
                                                                "Actual Rows": 157381,
                                                                "Actual Loops": 1
                                                            },
                                                            {
                                                                "Worker Number": 1,
                                                                "Actual Startup Time": 27.489,
                                                                "Actual Total Time": 59.888,
                                                                "Actual Rows": 231999,
                                                                "Actual Loops": 1
                                                            },
                                                            {
                                                                "Worker Number": 2,
                                                                "Actual Startup Time": 27.483,
                                                                "Actual Total Time": 62.244,
                                                                "Actual Rows": 156644,
                                                                "Actual Loops": 1
                                                            },
                                                            {
                                                                "Worker Number": 3,
                                                                "Actual Startup Time": 27.489,
                                                                "Actual Total Time": 63.408,
                                                                "Actual Rows": 161459,
                                                                "Actual Loops": 1
                                                            },
                                                            {
                                                                "Worker Number": 4,
                                                                "Actual Startup Time": 27.492,
                                                                "Actual Total Time": 60.052,
                                                                "Actual Rows": 136875,
                                                                "Actual Loops": 1
                                                            }
                                                        ]
                                                    },
                                                    {
                                                        "Node Type": "Hash",
                                                        "Parent Relationship": "Inner",
                                                        "Parallel Aware": true,
                                                        "Startup Cost": 45479.21,
                                                        "Total Cost": 45479.21,
                                                        "Plan Rows": 111372,
                                                        "Plan Width": 4,
                                                        "Actual Startup Time": 139.903,
                                                        "Actual Total Time": 139.904,
                                                        "Actual Rows": 89477,
                                                        "Actual Loops": 6,
                                                        "Output": [
                                                            "t.id"
                                                        ],
                                                        "Hash Buckets": 1048576,
                                                        "Original Hash Buckets": 524288,
                                                        "Hash Batches": 1,
                                                        "Original Hash Batches": 1,
                                                        "Peak Memory Usage": 33408,
                                                        "Workers": [
                                                            {
                                                                "Worker Number": 0,
                                                                "Actual Startup Time": 140.068,
                                                                "Actual Total Time": 140.069,
                                                                "Actual Rows": 75813,
                                                                "Actual Loops": 1
                                                            },
                                                            {
                                                                "Worker Number": 1,
                                                                "Actual Startup Time": 140.02,
                                                                "Actual Total Time": 140.021,
                                                                "Actual Rows": 108008,
                                                                "Actual Loops": 1
                                                            },
                                                            {
                                                                "Worker Number": 2,
                                                                "Actual Startup Time": 140.144,
                                                                "Actual Total Time": 140.145,
                                                                "Actual Rows": 75680,
                                                                "Actual Loops": 1
                                                            },
                                                            {
                                                                "Worker Number": 3,
                                                                "Actual Startup Time": 140.363,
                                                                "Actual Total Time": 140.365,
                                                                "Actual Rows": 75822,
                                                                "Actual Loops": 1
                                                            },
                                                            {
                                                                "Worker Number": 4,
                                                                "Actual Startup Time": 140.258,
                                                                "Actual Total Time": 140.259,
                                                                "Actual Rows": 67295,
                                                                "Actual Loops": 1
                                                            }
                                                        ],
                                                        "Plans": [
                                                            {
                                                                "Node Type": "Seq Scan",
                                                                "Parent Relationship": "Outer",
                                                                "Parallel Aware": true,
                                                                "Relation Name": "title",
                                                                "Schema": "public",
                                                                "Alias": "t",
                                                                "Startup Cost": 0.0,
                                                                "Total Cost": 45479.21,
                                                                "Plan Rows": 111372,
                                                                "Plan Width": 4,
                                                                "Actual Startup Time": 0.065,
                                                                "Actual Total Time": 88.074,
                                                                "Actual Rows": 89477,
                                                                "Actual Loops": 6,
                                                                "Output": [
                                                                    "t.id"
                                                                ],
                                                                "Filter": "((t.kind_id < 7) AND (t.production_year < 2002))",
                                                                "Rows Removed by Filter": 331909,
                                                                "Workers": [
                                                                    {
                                                                        "Worker Number": 0,
                                                                        "Actual Startup Time": 0.066,
                                                                        "Actual Total Time": 88.316,
                                                                        "Actual Rows": 75813,
                                                                        "Actual Loops": 1
                                                                    },
                                                                    {
                                                                        "Worker Number": 1,
                                                                        "Actual Startup Time": 0.077,
                                                                        "Actual Total Time": 87.943,
                                                                        "Actual Rows": 108008,
                                                                        "Actual Loops": 1
                                                                    },
                                                                    {
                                                                        "Worker Number": 2,
                                                                        "Actual Startup Time": 0.076,
                                                                        "Actual Total Time": 89.033,
                                                                        "Actual Rows": 75680,
                                                                        "Actual Loops": 1
                                                                    },
                                                                    {
                                                                        "Worker Number": 3,
                                                                        "Actual Startup Time": 0.068,
                                                                        "Actual Total Time": 89.313,
                                                                        "Actual Rows": 75822,
                                                                        "Actual Loops": 1
                                                                    },
                                                                    {
                                                                        "Worker Number": 4,
                                                                        "Actual Startup Time": 0.067,
                                                                        "Actual Total Time": 88.163,
                                                                        "Actual Rows": 67295,
                                                                        "Actual Loops": 1
                                                                    }
                                                                ]
                                                            }
                                                        ]
                                                    }
                                                ]
                                            }
                                        ]
                                    }
                                ]
                            }
                        ]
                    }
                ]
            }
        ]
    },
    "Planning Time": 1.612,
    "Triggers": [],
    "Execution Time": 826.454
}