[
    {
        "Bao": {
            "Bao prediction": "NaN",
            "Bao recommended hint": "(no hint)"
        }
    },
    {
        "Plan": {
            "Node Type": "Aggregate",
            "Strategy": "Plain",
            "Partial Mode": "Finalize",
            "Parallel Aware": false,
            "Startup Cost": 35245.26,
            "Total Cost": 35245.27,
            "Plan Rows": 1,
            "Plan Width": 8,
            "Actual Startup Time": 116.731,
            "Actual Total Time": 123.56,
            "Actual Rows": 1,
            "Actual Loops": 1,
            "Output": [
                "count(*)"
            ],
            "Plans": [
                {
                    "Node Type": "Gather",
                    "Parent Relationship": "Outer",
                    "Parallel Aware": false,
                    "Startup Cost": 35244.94,
                    "Total Cost": 35245.25,
                    "Plan Rows": 3,
                    "Plan Width": 8,
                    "Actual Startup Time": 116.506,
                    "Actual Total Time": 123.552,
                    "Actual Rows": 4,
                    "Actual Loops": 1,
                    "Output": [
                        "(PARTIAL count(*))"
                    ],
                    "Workers Planned": 3,
                    "Workers Launched": 3,
                    "Single Copy": false,
                    "Plans": [
                        {
                            "Node Type": "Aggregate",
                            "Strategy": "Plain",
                            "Partial Mode": "Partial",
                            "Parent Relationship": "Outer",
                            "Parallel Aware": false,
                            "Startup Cost": 34244.94,
                            "Total Cost": 34244.95,
                            "Plan Rows": 1,
                            "Plan Width": 8,
                            "Actual Startup Time": 107.085,
                            "Actual Total Time": 107.086,
                            "Actual Rows": 1,
                            "Actual Loops": 4,
                            "Output": [
                                "PARTIAL count(*)"
                            ],
                            "Workers": [
                                {
                                    "Worker Number": 0,
                                    "Actual Startup Time": 104.067,
                                    "Actual Total Time": 104.069,
                                    "Actual Rows": 1,
                                    "Actual Loops": 1
                                },
                                {
                                    "Worker Number": 1,
                                    "Actual Startup Time": 104.027,
                                    "Actual Total Time": 104.029,
                                    "Actual Rows": 1,
                                    "Actual Loops": 1
                                },
                                {
                                    "Worker Number": 2,
                                    "Actual Startup Time": 104.272,
                                    "Actual Total Time": 104.274,
                                    "Actual Rows": 1,
                                    "Actual Loops": 1
                                }
                            ],
                            "Plans": [
                                {
                                    "Node Type": "Bitmap Heap Scan",
                                    "Parent Relationship": "Outer",
                                    "Parallel Aware": true,
                                    "Relation Name": "movie_keyword",
                                    "Schema": "public",
                                    "Alias": "mk",
                                    "Startup Cost": 7972.68,
                                    "Total Cost": 33941.9,
                                    "Plan Rows": 121217,
                                    "Plan Width": 0,
                                    "Actual Startup Time": 38.322,
                                    "Actual Total Time": 101.445,
                                    "Actual Rows": 93128,
                                    "Actual Loops": 4,
                                    "Recheck Cond": "(mk.keyword_id > 45450)",
                                    "Rows Removed by Index Recheck": 0,
                                    "Exact Heap Blocks": 11036,
                                    "Lossy Heap Blocks": 0,
                                    "Workers": [
                                        {
                                            "Worker Number": 0,
                                            "Actual Startup Time": 35.561,
                                            "Actual Total Time": 98.947,
                                            "Actual Rows": 70790,
                                            "Actual Loops": 1
                                        },
                                        {
                                            "Worker Number": 1,
                                            "Actual Startup Time": 35.325,
                                            "Actual Total Time": 99.329,
                                            "Actual Rows": 47544,
                                            "Actual Loops": 1
                                        },
                                        {
                                            "Worker Number": 2,
                                            "Actual Startup Time": 35.56,
                                            "Actual Total Time": 99.196,
                                            "Actual Rows": 71296,
                                            "Actual Loops": 1
                                        }
                                    ],
                                    "Plans": [
                                        {
                                            "Node Type": "Bitmap Index Scan",
                                            "Parent Relationship": "Outer",
                                            "Parallel Aware": false,
                                            "Index Name": "keyword_id_movie_keyword",
                                            "Startup Cost": 0.0,
                                            "Total Cost": 7878.74,
                                            "Plan Rows": 375774,
                                            "Plan Width": 0,
                                            "Actual Startup Time": 42.976,
                                            "Actual Total Time": 42.977,
                                            "Actual Rows": 372511,
                                            "Actual Loops": 1,
                                            "Index Cond": "(mk.keyword_id > 45450)"
                                        }
                                    ]
                                }
                            ]
                        }
                    ]
                }
            ]
        },
        "Planning Time": 215.631,
        "Triggers": [],
        "Execution Time": 123.661
    }
]