{
  "Plan": {
    "Node Type": "Aggregate",
    "Strategy": "Plain",
    "Partial Mode": "Finalize",
    "Parallel Aware": false,
    "Startup Cost": 298106.86,
    "Total Cost": 298106.87,
    "Plan Rows": 1,
    "Plan Width": 8,
    "Actual Startup Time": 1103.784,
    "Actual Total Time": 1129.648,
    "Actual Rows": 1,
    "Actual Loops": 1,
    "Plans": [
      {
        "Node Type": "Gather",
        "Parent Relationship": "Outer",
        "Parallel Aware": false,
        "Startup Cost": 298106.75,
        "Total Cost": 298106.86,
        "Plan Rows": 1,
        "Plan Width": 8,
        "Actual Startup Time": 1098.968,
        "Actual Total Time": 1129.641,
        "Actual Rows": 2,
        "Actual Loops": 1,
        "Workers Planned": 1,
        "Workers Launched": 1,
        "Single Copy": false,
        "Plans": [
          {
            "Node Type": "Aggregate",
            "Strategy": "Plain",
            "Partial Mode": "Partial",
            "Parent Relationship": "Outer",
            "Parallel Aware": false,
            "Startup Cost": 297106.75,
            "Total Cost": 297106.76,
            "Plan Rows": 1,
            "Plan Width": 8,
            "Actual Startup Time": 1095.329,
            "Actual Total Time": 1095.336,
            "Actual Rows": 1,
            "Actual Loops": 2,
            "Plans": [
              {
                "Node Type": "Hash Join",
                "Parent Relationship": "Outer",
                "Parallel Aware": true,
                "Join Type": "Inner",
                "Startup Cost": 123817.62,
                "Total Cost": 296824.25,
                "Plan Rows": 112999,
                "Plan Width": 0,
                "Actual Startup Time": 743.49,
                "Actual Total Time": 1048.409,
                "Actual Rows": 1057488,
                "Actual Loops": 2,
                "Inner Unique": false,
                "Hash Cond": "(mi.movie_id = t.id)",
                "Plans": [
                  {
                    "Node Type": "Bitmap Heap Scan",
                    "Parent Relationship": "Outer",
                    "Parallel Aware": true,
                    "Relation Name": "movie_info",
                    "Alias": "mi",
                    "Startup Cost": 19615.03,
                    "Total Cost": 189568.74,
                    "Plan Rows": 636857,
                    "Plan Width": 4,
                    "Actual Startup Time": 50.846,
                    "Actual Total Time": 147.072,
                    "Actual Rows": 513108,
                    "Actual Loops": 2,
                    "Recheck Cond": "(info_type_id > 84)",
                    "Rows Removed by Index Recheck": 0,
                    "Exact Heap Blocks": 18263,
                    "Lossy Heap Blocks": 0,
                    "Plans": [
                      {
                        "Node Type": "Bitmap Index Scan",
                        "Parent Relationship": "Outer",
                        "Parallel Aware": false,
                        "Index Name": "info_type_id_movie_info",
                        "Startup Cost": 0.0,
                        "Total Cost": 19344.36,
                        "Plan Rows": 1082657,
                        "Plan Width": 0,
                        "Actual Startup Time": 45.27,
                        "Actual Total Time": 45.271,
                        "Actual Rows": 1026216,
                        "Actual Loops": 1,
                        "Index Cond": "(info_type_id > 84)"
                      }
                    ]
                  },
                  {
                    "Node Type": "Hash",
                    "Parent Relationship": "Inner",
                    "Parallel Aware": true,
                    "Startup Cost": 100904.04,
                    "Total Cost": 100904.04,
                    "Plan Rows": 263884,
                    "Plan Width": 8,
                    "Actual Startup Time": 689.78,
                    "Actual Total Time": 689.785,
                    "Actual Rows": 425590,
                    "Actual Loops": 2,
                    "Hash Buckets": 1048576,
                    "Original Hash Buckets": 524288,
                    "Hash Batches": 1,
                    "Original Hash Batches": 1,
                    "Peak Memory Usage": 45600,
                    "Plans": [
                      {
                        "Node Type": "Hash Join",
                        "Parent Relationship": "Outer",
                        "Parallel Aware": true,
                        "Join Type": "Inner",
                        "Startup Cost": 60883.71,
                        "Total Cost": 100904.04,
                        "Plan Rows": 263884,
                        "Plan Width": 8,
                        "Actual Startup Time": 305.24,
                        "Actual Total Time": 578.476,
                        "Actual Rows": 425590,
                        "Actual Loops": 2,
                        "Inner Unique": true,
                        "Hash Cond": "(mc.movie_id = t.id)",
                        "Plans": [
                          {
                            "Node Type": "Seq Scan",
                            "Parent Relationship": "Outer",
                            "Parallel Aware": true,
                            "Relation Name": "movie_companies",
                            "Alias": "mc",
                            "Startup Cost": 0.0,
                            "Total Cost": 37974.77,
                            "Plan Rows": 779260,
                            "Plan Width": 4,
                            "Actual Startup Time": 47.61,
                            "Actual Total Time": 117.815,
                            "Actual Rows": 667442,
                            "Actual Loops": 2,
                            "Filter": "(company_type_id = 2)",
                            "Rows Removed by Filter": 637123
                          },
                          {
                            "Node Type": "Hash",
                            "Parent Relationship": "Inner",
                            "Parallel Aware": true,
                            "Startup Cost": 54588.39,
                            "Total Cost": 54588.39,
                            "Plan Rows": 503626,
                            "Plan Width": 4,
                            "Actual Startup Time": 253.674,
                            "Actual Total Time": 253.676,
                            "Actual Rows": 427107,
                            "Actual Loops": 2,
                            "Hash Buckets": 1048576,
                            "Original Hash Buckets": 1048576,
                            "Hash Batches": 1,
                            "Original Hash Batches": 1,
                            "Peak Memory Usage": 41664,
                            "Plans": [
                              {
                                "Node Type": "Seq Scan",
                                "Parent Relationship": "Outer",
                                "Parallel Aware": true,
                                "Relation Name": "title",
                                "Alias": "t",
                                "Startup Cost": 0.0,
                                "Total Cost": 54588.39,
                                "Plan Rows": 503626,
                                "Plan Width": 4,
                                "Actual Startup Time": 0.023,
                                "Actual Total Time": 147.068,
                                "Actual Rows": 427107,
                                "Actual Loops": 2,
                                "Filter": "(kind_id < 4)",
                                "Rows Removed by Filter": 837049
                              }
                            ]
                          }
                        ]
                      }
                    ]
                  }
                ]
              }
            ]
          }
        ]
      }
    ]
  },
  "Planning Time": 0.512,
  "Triggers": [],
  "Execution Time": 1129.713
}