[
  {
    "Plan": {
      "Node Type": "Aggregate",
      "Strategy": "Plain",
      "Partial Mode": "Finalize",
      "Parallel Aware": false,
      "Startup Cost": 44825.04,
      "Total Cost": 44825.05,
      "Plan Rows": 1,
      "Plan Width": 8,
      "Actual Startup Time": 152.677,
      "Actual Total Time": 164.388,
      "Actual Rows": 1,
      "Actual Loops": 1,
      "Plans": [
        {
          "Node Type": "Gather",
          "Parent Relationship": "Outer",
          "Parallel Aware": false,
          "Startup Cost": 44824.72,
          "Total Cost": 44825.03,
          "Plan Rows": 3,
          "Plan Width": 8,
          "Actual Startup Time": 152.534,
          "Actual Total Time": 164.377,
          "Actual Rows": 4,
          "Actual Loops": 1,
          "Workers Planned": 3,
          "Workers Launched": 3,
          "Single Copy": false,
          "Plans": [
            {
              "Node Type": "Aggregate",
              "Strategy": "Plain",
              "Partial Mode": "Partial",
              "Parent Relationship": "Outer",
              "Parallel Aware": false,
              "Startup Cost": 43824.72,
              "Total Cost": 43824.73,
              "Plan Rows": 1,
              "Plan Width": 8,
              "Actual Startup Time": 148.406,
              "Actual Total Time": 148.408,
              "Actual Rows": 1,
              "Actual Loops": 4,
              "Plans": [
                {
                  "Node Type": "Seq Scan",
                  "Parent Relationship": "Outer",
                  "Parallel Aware": true,
                  "Relation Name": "movie_keyword",
                  "Alias": "mk",
                  "Startup Cost": 0.0,
                  "Total Cost": 42695.65,
                  "Plan Rows": 451626,
                  "Plan Width": 0,
                  "Actual Startup Time": 0.039,
                  "Actual Total Time": 127.006,
                  "Actual Rows": 350242,
                  "Actual Loops": 4,
                  "Filter": "(keyword_id < 1902)",
                  "Rows Removed by Filter": 780740
                }
              ]
            }
          ]
        }
      ]
    },
    "Planning Time": 0.072,
    "Triggers": [],
    "Execution Time": 164.417
  }
]