[
  {
    "Plan": {
      "Node Type": "Aggregate",
      "Strategy": "Plain",
      "Partial Mode": "Finalize",
      "Parallel Aware": false,
      "Startup Cost": 376615.89,
      "Total Cost": 376615.9,
      "Plan Rows": 1,
      "Plan Width": 8,
      "Actual Startup Time": 959.171,
      "Actual Total Time": 999.095,
      "Actual Rows": 1,
      "Actual Loops": 1,
      "Plans": [
        {
          "Node Type": "Gather",
          "Parent Relationship": "Outer",
          "Parallel Aware": false,
          "Startup Cost": 376615.27,
          "Total Cost": 376615.88,
          "Plan Rows": 6,
          "Plan Width": 8,
          "Actual Startup Time": 954.571,
          "Actual Total Time": 999.082,
          "Actual Rows": 7,
          "Actual Loops": 1,
          "Workers Planned": 6,
          "Workers Launched": 6,
          "Single Copy": false,
          "Plans": [
            {
              "Node Type": "Aggregate",
              "Strategy": "Plain",
              "Partial Mode": "Partial",
              "Parent Relationship": "Outer",
              "Parallel Aware": false,
              "Startup Cost": 375615.27,
              "Total Cost": 375615.28,
              "Plan Rows": 1,
              "Plan Width": 8,
              "Actual Startup Time": 946.415,
              "Actual Total Time": 946.418,
              "Actual Rows": 1,
              "Actual Loops": 7,
              "Plans": [
                {
                  "Node Type": "Hash Join",
                  "Parent Relationship": "Outer",
                  "Parallel Aware": true,
                  "Join Type": "Inner",
                  "Startup Cost": 46506.71,
                  "Total Cost": 375179.66,
                  "Plan Rows": 174242,
                  "Plan Width": 0,
                  "Actual Startup Time": 124.606,
                  "Actual Total Time": 931.628,
                  "Actual Rows": 220377,
                  "Actual Loops": 7,
                  "Inner Unique": true,
                  "Hash Cond": "(ci.movie_id = t.id)",
                  "Plans": [
                    {
                      "Node Type": "Index Scan",
                      "Parent Relationship": "Outer",
                      "Parallel Aware": true,
                      "Scan Direction": "Forward",
                      "Index Name": "role_id_cast_info",
                      "Relation Name": "cast_info",
                      "Alias": "ci",
                      "Startup Cost": 0.56,
                      "Total Cost": 325153.08,
                      "Plan Rows": 1341112,
                      "Plan Width": 4,
                      "Actual Startup Time": 0.219,
                      "Actual Total Time": 487.069,
                      "Actual Rows": 1377920,
                      "Actual Loops": 7,
                      "Index Cond": "(role_id > 3)",
                      "Rows Removed by Index Recheck": 0,
                      "Filter": "(person_id > 1209651)",
                      "Rows Removed by Filter": 352601
                    },
                    {
                      "Node Type": "Hash",
                      "Parent Relationship": "Inner",
                      "Parallel Aware": true,
                      "Startup Cost": 45479.59,
                      "Total Cost": 45479.59,
                      "Plan Rows": 82125,
                      "Plan Width": 4,
                      "Actual Startup Time": 122.075,
                      "Actual Total Time": 122.076,
                      "Actual Rows": 58789,
                      "Actual Loops": 7,
                      "Hash Buckets": 524288,
                      "Original Hash Buckets": 524288,
                      "Hash Batches": 1,
                      "Original Hash Batches": 1,
                      "Peak Memory Usage": 20352,
                      "Plans": [
                        {
                          "Node Type": "Seq Scan",
                          "Parent Relationship": "Outer",
                          "Parallel Aware": true,
                          "Relation Name": "title",
                          "Alias": "t",
                          "Startup Cost": 0.0,
                          "Total Cost": 45479.59,
                          "Plan Rows": 82125,
                          "Plan Width": 4,
                          "Actual Startup Time": 53.627,
                          "Actual Total Time": 92.427,
                          "Actual Rows": 58789,
                          "Actual Loops": 7,
                          "Filter": "((production_year < 2004) AND (kind_id = 1))",
                          "Rows Removed by Filter": 302399
                        }
                      ]
                    }
                  ]
                }
              ]
            }
          ]
        }
      ]
    },
    "Planning Time": 0.559,
    "Triggers": [],
    "Execution Time": 999.18
  }
]