[
  {
    "Plan": {
      "Node Type": "Aggregate",
      "Strategy": "Plain",
      "Partial Mode": "Simple",
      "Parallel Aware": false,
      "Startup Cost": 169553.87,
      "Total Cost": 169553.88,
      "Plan Rows": 1,
      "Plan Width": 8,
      "Actual Startup Time": 34.756,
      "Actual Total Time": 34.757,
      "Actual Rows": 1,
      "Actual Loops": 1,
      "Plans": [
        {
          "Node Type": "Index Only Scan",
          "Parent Relationship": "Outer",
          "Parallel Aware": false,
          "Scan Direction": "Forward",
          "Index Name": "person_id_cast_info",
          "Relation Name": "cast_info",
          "Alias": "ci",
          "Startup Cost": 0.56,
          "Total Cost": 169318.05,
          "Plan Rows": 94330,
          "Plan Width": 0,
          "Actual Startup Time": 0.018,
          "Actual Total Time": 28.384,
          "Actual Rows": 100098,
          "Actual Loops": 1,
          "Index Cond": "(person_id < 11418)",
          "Rows Removed by Index Recheck": 0,
          "Heap Fetches": 100098
        }
      ]
    },
    "Planning Time": 0.267,
    "Triggers": [],
    "Execution Time": 34.794
  }
]