{
  "Plan": {
    "Node Type": "Aggregate",
    "Strategy": "Plain",
    "Partial Mode": "Finalize",
    "Parallel Aware": false,
    "Startup Cost": 111779.92,
    "Total Cost": 111779.93,
    "Plan Rows": 1,
    "Plan Width": 8,
    "Actual Startup Time": 740.877,
    "Actual Total Time": 756.511,
    "Actual Rows": 1,
    "Actual Loops": 1,
    "Plans": [
      {
        "Node Type": "Gather",
        "Parent Relationship": "Outer",
        "Parallel Aware": false,
        "Startup Cost": 111779.81,
        "Total Cost": 111779.92,
        "Plan Rows": 1,
        "Plan Width": 8,
        "Actual Startup Time": 738.988,
        "Actual Total Time": 756.504,
        "Actual Rows": 2,
        "Actual Loops": 1,
        "Workers Planned": 1,
        "Workers Launched": 1,
        "Single Copy": false,
        "Plans": [
          {
            "Node Type": "Aggregate",
            "Strategy": "Plain",
            "Partial Mode": "Partial",
            "Parent Relationship": "Outer",
            "Parallel Aware": false,
            "Startup Cost": 110779.81,
            "Total Cost": 110779.82,
            "Plan Rows": 1,
            "Plan Width": 8,
            "Actual Startup Time": 733.242,
            "Actual Total Time": 733.245,
            "Actual Rows": 1,
            "Actual Loops": 2,
            "Plans": [
              {
                "Node Type": "Hash Join",
                "Parent Relationship": "Outer",
                "Parallel Aware": true,
                "Join Type": "Inner",
                "Startup Cost": 47080.88,
                "Total Cost": 109725.98,
                "Plan Rows": 421532,
                "Plan Width": 0,
                "Actual Startup Time": 239.813,
                "Actual Total Time": 714.337,
                "Actual Rows": 469306,
                "Actual Loops": 2,
                "Inner Unique": false,
                "Hash Cond": "(t.id = mc.movie_id)",
                "Plans": [
                  {
                    "Node Type": "Seq Scan",
                    "Parent Relationship": "Outer",
                    "Parallel Aware": true,
                    "Relation Name": "title",
                    "Alias": "t",
                    "Startup Cost": 0.0,
                    "Total Cost": 50870.31,
                    "Plan Rows": 1487231,
                    "Plan Width": 4,
                    "Actual Startup Time": 0.009,
                    "Actual Total Time": 113.544,
                    "Actual Rows": 1264156,
                    "Actual Loops": 2
                  },
                  {
                    "Node Type": "Hash",
                    "Parent Relationship": "Inner",
                    "Parallel Aware": true,
                    "Startup Cost": 41811.73,
                    "Total Cost": 41811.73,
                    "Plan Rows": 421532,
                    "Plan Width": 4,
                    "Actual Startup Time": 230.816,
                    "Actual Total Time": 230.818,
                    "Actual Rows": 469306,
                    "Actual Loops": 2,
                    "Hash Buckets": 1048576,
                    "Original Hash Buckets": 1048576,
                    "Hash Batches": 1,
                    "Original Hash Batches": 1,
                    "Peak Memory Usage": 44960,
                    "Plans": [
                      {
                        "Node Type": "Seq Scan",
                        "Parent Relationship": "Outer",
                        "Parallel Aware": true,
                        "Relation Name": "movie_companies",
                        "Alias": "mc",
                        "Startup Cost": 0.0,
                        "Total Cost": 41811.73,
                        "Plan Rows": 421532,
                        "Plan Width": 4,
                        "Actual Startup Time": 64.578,
                        "Actual Total Time": 134.003,
                        "Actual Rows": 469306,
                        "Actual Loops": 2,
                        "Filter": "((company_id > 10704) AND (company_type_id > 1))",
                        "Rows Removed by Filter": 835258
                      }
                    ]
                  }
                ]
              }
            ]
          }
        ]
      }
    ]
  },
  "Planning Time": 0.692,
  "Triggers": [],
  "Execution Time": 756.581
}