[
  {
    "Plan": {
      "Node Type": "Aggregate",
      "Strategy": "Plain",
      "Partial Mode": "Finalize",
      "Parallel Aware": false,
      "Startup Cost": 94488.66,
      "Total Cost": 94488.67,
      "Plan Rows": 1,
      "Plan Width": 8,
      "Actual Startup Time": 377.266,
      "Actual Total Time": 394.168,
      "Actual Rows": 1,
      "Actual Loops": 1,
      "Plans": [
        {
          "Node Type": "Gather",
          "Parent Relationship": "Outer",
          "Parallel Aware": false,
          "Startup Cost": 94488.34,
          "Total Cost": 94488.65,
          "Plan Rows": 3,
          "Plan Width": 8,
          "Actual Startup Time": 373.907,
          "Actual Total Time": 394.158,
          "Actual Rows": 4,
          "Actual Loops": 1,
          "Workers Planned": 3,
          "Workers Launched": 3,
          "Single Copy": false,
          "Plans": [
            {
              "Node Type": "Aggregate",
              "Strategy": "Plain",
              "Partial Mode": "Partial",
              "Parent Relationship": "Outer",
              "Parallel Aware": false,
              "Startup Cost": 93488.34,
              "Total Cost": 93488.35,
              "Plan Rows": 1,
              "Plan Width": 8,
              "Actual Startup Time": 365.341,
              "Actual Total Time": 365.344,
              "Actual Rows": 1,
              "Actual Loops": 4,
              "Plans": [
                {
                  "Node Type": "Hash Join",
                  "Parent Relationship": "Outer",
                  "Parallel Aware": true,
                  "Join Type": "Inner",
                  "Startup Cost": 48238.37,
                  "Total Cost": 92850.81,
                  "Plan Rows": 255013,
                  "Plan Width": 0,
                  "Actual Startup Time": 193.834,
                  "Actual Total Time": 361.725,
                  "Actual Rows": 86885,
                  "Actual Loops": 4,
                  "Inner Unique": true,
                  "Hash Cond": "(mk.movie_id = t.id)",
                  "Plans": [
                    {
                      "Node Type": "Seq Scan",
                      "Parent Relationship": "Outer",
                      "Parallel Aware": true,
                      "Relation Name": "movie_keyword",
                      "Alias": "mk",
                      "Startup Cost": 0.0,
                      "Total Cost": 42695.65,
                      "Plan Rows": 730204,
                      "Plan Width": 4,
                      "Actual Startup Time": 0.301,
                      "Actual Total Time": 99.863,
                      "Actual Rows": 564678,
                      "Actual Loops": 4,
                      "Filter": "(keyword_id > 4720)",
                      "Rows Removed by Filter": 566304
                    },
                    {
                      "Node Type": "Hash",
                      "Parent Relationship": "Inner",
                      "Parallel Aware": true,
                      "Startup Cost": 45479.1,
                      "Total Cost": 45479.1,
                      "Plan Rows": 220742,
                      "Plan Width": 4,
                      "Actual Startup Time": 188.307,
                      "Actual Total Time": 188.308,
                      "Actual Rows": 242533,
                      "Actual Loops": 4,
                      "Hash Buckets": 1048576,
                      "Original Hash Buckets": 1048576,
                      "Hash Batches": 1,
                      "Original Hash Batches": 1,
                      "Peak Memory Usage": 46240,
                      "Plans": [
                        {
                          "Node Type": "Seq Scan",
                          "Parent Relationship": "Outer",
                          "Parallel Aware": true,
                          "Relation Name": "title",
                          "Alias": "t",
                          "Startup Cost": 0.0,
                          "Total Cost": 45479.1,
                          "Plan Rows": 220742,
                          "Plan Width": 4,
                          "Actual Startup Time": 0.036,
                          "Actual Total Time": 104.414,
                          "Actual Rows": 242533,
                          "Actual Loops": 4,
                          "Filter": "((kind_id > 3) AND (production_year > 2001))",
                          "Rows Removed by Filter": 389545
                        }
                      ]
                    }
                  ]
                }
              ]
            }
          ]
        }
      ]
    },
    "Planning Time": 0.601,
    "Triggers": [],
    "Execution Time": 394.235
  }
]