[
  {
    "Plan": {
      "Node Type": "Aggregate",
      "Strategy": "Plain",
      "Partial Mode": "Finalize",
      "Parallel Aware": false,
      "Startup Cost": 62731.53,
      "Total Cost": 62731.54,
      "Plan Rows": 1,
      "Plan Width": 8,
      "Actual Startup Time": 198.86,
      "Actual Total Time": 213.126,
      "Actual Rows": 1,
      "Actual Loops": 1,
      "Plans": [
        {
          "Node Type": "Gather",
          "Parent Relationship": "Outer",
          "Parallel Aware": false,
          "Startup Cost": 62731.32,
          "Total Cost": 62731.53,
          "Plan Rows": 2,
          "Plan Width": 8,
          "Actual Startup Time": 198.656,
          "Actual Total Time": 213.12,
          "Actual Rows": 3,
          "Actual Loops": 1,
          "Workers Planned": 2,
          "Workers Launched": 2,
          "Single Copy": false,
          "Plans": [
            {
              "Node Type": "Aggregate",
              "Strategy": "Plain",
              "Partial Mode": "Partial",
              "Parent Relationship": "Outer",
              "Parallel Aware": false,
              "Startup Cost": 61731.32,
              "Total Cost": 61731.33,
              "Plan Rows": 1,
              "Plan Width": 8,
              "Actual Startup Time": 190.657,
              "Actual Total Time": 190.66,
              "Actual Rows": 1,
              "Actual Loops": 3,
              "Plans": [
                {
                  "Node Type": "Hash Join",
                  "Parent Relationship": "Outer",
                  "Parallel Aware": true,
                  "Join Type": "Inner",
                  "Startup Cost": 45583.71,
                  "Total Cost": 61718.55,
                  "Plan Rows": 5105,
                  "Plan Width": 0,
                  "Actual Startup Time": 119.961,
                  "Actual Total Time": 190.222,
                  "Actual Rows": 7998,
                  "Actual Loops": 3,
                  "Inner Unique": true,
                  "Hash Cond": "(mi_idx.movie_id = t.id)",
                  "Plans": [
                    {
                      "Node Type": "Seq Scan",
                      "Parent Relationship": "Outer",
                      "Parallel Aware": true,
                      "Relation Name": "movie_info_idx",
                      "Alias": "mi_idx",
                      "Startup Cost": 0.0,
                      "Total Cost": 15122.68,
                      "Plan Rows": 385585,
                      "Plan Width": 4,
                      "Actual Startup Time": 0.023,
                      "Actual Total Time": 43.97,
                      "Actual Rows": 306703,
                      "Actual Loops": 3,
                      "Filter": "(info_type_id > 99)",
                      "Rows Removed by Filter": 153308
                    },
                    {
                      "Node Type": "Hash",
                      "Parent Relationship": "Inner",
                      "Parallel Aware": true,
                      "Startup Cost": 45479.1,
                      "Total Cost": 45479.1,
                      "Plan Rows": 8369,
                      "Plan Width": 4,
                      "Actual Startup Time": 118.853,
                      "Actual Total Time": 118.854,
                      "Actual Rows": 9371,
                      "Actual Loops": 3,
                      "Hash Buckets": 65536,
                      "Original Hash Buckets": 65536,
                      "Hash Batches": 1,
                      "Original Hash Batches": 1,
                      "Peak Memory Usage": 1632,
                      "Plans": [
                        {
                          "Node Type": "Seq Scan",
                          "Parent Relationship": "Outer",
                          "Parallel Aware": true,
                          "Relation Name": "title",
                          "Alias": "t",
                          "Startup Cost": 0.0,
                          "Total Cost": 45479.1,
                          "Plan Rows": 8369,
                          "Plan Width": 4,
                          "Actual Startup Time": 0.23,
                          "Actual Total Time": 115.289,
                          "Actual Rows": 9371,
                          "Actual Loops": 3,
                          "Filter": "((kind_id < 7) AND (production_year = 2004))",
                          "Rows Removed by Filter": 833400
                        }
                      ]
                    }
                  ]
                }
              ]
            }
          ]
        }
      ]
    },
    "Planning Time": 0.673,
    "Triggers": [],
    "Execution Time": 213.198
  }
]