[
  {
    "Plan": {
      "Node Type": "Aggregate",
      "Strategy": "Plain",
      "Partial Mode": "Finalize",
      "Parallel Aware": false,
      "Startup Cost": 39463.56,
      "Total Cost": 39463.57,
      "Plan Rows": 1,
      "Plan Width": 8,
      "Actual Startup Time": 141.932,
      "Actual Total Time": 153.159,
      "Actual Rows": 1,
      "Actual Loops": 1,
      "Plans": [
        {
          "Node Type": "Gather",
          "Parent Relationship": "Outer",
          "Parallel Aware": false,
          "Startup Cost": 39463.24,
          "Total Cost": 39463.55,
          "Plan Rows": 3,
          "Plan Width": 8,
          "Actual Startup Time": 141.603,
          "Actual Total Time": 153.147,
          "Actual Rows": 4,
          "Actual Loops": 1,
          "Workers Planned": 3,
          "Workers Launched": 3,
          "Single Copy": false,
          "Plans": [
            {
              "Node Type": "Aggregate",
              "Strategy": "Plain",
              "Partial Mode": "Partial",
              "Parent Relationship": "Outer",
              "Parallel Aware": false,
              "Startup Cost": 38463.24,
              "Total Cost": 38463.25,
              "Plan Rows": 1,
              "Plan Width": 8,
              "Actual Startup Time": 121.434,
              "Actual Total Time": 121.436,
              "Actual Rows": 1,
              "Actual Loops": 4,
              "Plans": [
                {
                  "Node Type": "Bitmap Heap Scan",
                  "Parent Relationship": "Outer",
                  "Parallel Aware": true,
                  "Relation Name": "movie_keyword",
                  "Alias": "mk",
                  "Startup Cost": 11407.52,
                  "Total Cost": 38029.62,
                  "Plan Rows": 173448,
                  "Plan Width": 0,
                  "Actual Startup Time": 38.096,
                  "Actual Total Time": 113.445,
                  "Actual Rows": 134767,
                  "Actual Loops": 4,
                  "Recheck Cond": "(keyword_id > 34084)",
                  "Rows Removed by Index Recheck": 0,
                  "Exact Heap Blocks": 11227,
                  "Lossy Heap Blocks": 0,
                  "Plans": [
                    {
                      "Node Type": "Bitmap Index Scan",
                      "Parent Relationship": "Outer",
                      "Parallel Aware": false,
                      "Index Name": "keyword_id_movie_keyword",
                      "Startup Cost": 0.0,
                      "Total Cost": 11273.1,
                      "Plan Rows": 537689,
                      "Plan Width": 0,
                      "Actual Startup Time": 54.109,
                      "Actual Total Time": 54.109,
                      "Actual Rows": 539068,
                      "Actual Loops": 1,
                      "Index Cond": "(keyword_id > 34084)"
                    }
                  ]
                }
              ]
            }
          ]
        }
      ]
    },
    "Planning Time": 0.186,
    "Triggers": [],
    "Execution Time": 153.236
  }
]