[
  {
    "Plan": {
      "Node Type": "Aggregate",
      "Strategy": "Plain",
      "Partial Mode": "Finalize",
      "Parallel Aware": false,
      "Startup Cost": 62439.08,
      "Total Cost": 62439.09,
      "Plan Rows": 1,
      "Plan Width": 8,
      "Actual Startup Time": 182.179,
      "Actual Total Time": 195.752,
      "Actual Rows": 1,
      "Actual Loops": 1,
      "Plans": [
        {
          "Node Type": "Gather",
          "Parent Relationship": "Outer",
          "Parallel Aware": false,
          "Startup Cost": 62438.86,
          "Total Cost": 62439.07,
          "Plan Rows": 2,
          "Plan Width": 8,
          "Actual Startup Time": 181.803,
          "Actual Total Time": 195.744,
          "Actual Rows": 3,
          "Actual Loops": 1,
          "Workers Planned": 2,
          "Workers Launched": 2,
          "Single Copy": false,
          "Plans": [
            {
              "Node Type": "Aggregate",
              "Strategy": "Plain",
              "Partial Mode": "Partial",
              "Parent Relationship": "Outer",
              "Parallel Aware": false,
              "Startup Cost": 61438.86,
              "Total Cost": 61438.87,
              "Plan Rows": 1,
              "Plan Width": 8,
              "Actual Startup Time": 174.317,
              "Actual Total Time": 174.32,
              "Actual Rows": 1,
              "Actual Loops": 3,
              "Plans": [
                {
                  "Node Type": "Hash Join",
                  "Parent Relationship": "Outer",
                  "Parallel Aware": true,
                  "Join Type": "Inner",
                  "Startup Cost": 45799.71,
                  "Total Cost": 61419.64,
                  "Plan Rows": 7687,
                  "Plan Width": 0,
                  "Actual Startup Time": 140.852,
                  "Actual Total Time": 174.029,
                  "Actual Rows": 5842,
                  "Actual Loops": 3,
                  "Inner Unique": true,
                  "Hash Cond": "(mi_idx.movie_id = t.id)",
                  "Plans": [
                    {
                      "Node Type": "Seq Scan",
                      "Parent Relationship": "Outer",
                      "Parallel Aware": true,
                      "Relation Name": "movie_info_idx",
                      "Alias": "mi_idx",
                      "Startup Cost": 0.0,
                      "Total Cost": 15122.68,
                      "Plan Rows": 189429,
                      "Plan Width": 4,
                      "Actual Startup Time": 0.023,
                      "Actual Total Time": 35.679,
                      "Actual Rows": 153308,
                      "Actual Loops": 3,
                      "Filter": "(info_type_id = 99)",
                      "Rows Removed by Filter": 306703
                    },
                    {
                      "Node Type": "Hash",
                      "Parent Relationship": "Inner",
                      "Parallel Aware": true,
                      "Startup Cost": 45479.1,
                      "Total Cost": 45479.1,
                      "Plan Rows": 25649,
                      "Plan Width": 4,
                      "Actual Startup Time": 116.53,
                      "Actual Total Time": 116.53,
                      "Actual Rows": 32997,
                      "Actual Loops": 3,
                      "Hash Buckets": 131072,
                      "Original Hash Buckets": 131072,
                      "Hash Batches": 1,
                      "Original Hash Batches": 1,
                      "Peak Memory Usage": 4960,
                      "Plans": [
                        {
                          "Node Type": "Seq Scan",
                          "Parent Relationship": "Outer",
                          "Parallel Aware": true,
                          "Relation Name": "title",
                          "Alias": "t",
                          "Startup Cost": 0.0,
                          "Total Cost": 45479.1,
                          "Plan Rows": 25649,
                          "Plan Width": 4,
                          "Actual Startup Time": 48.551,
                          "Actual Total Time": 109.52,
                          "Actual Rows": 32997,
                          "Actual Loops": 3,
                          "Filter": "((production_year > 2010) AND (kind_id = 1))",
                          "Rows Removed by Filter": 809773
                        }
                      ]
                    }
                  ]
                }
              ]
            }
          ]
        }
      ]
    },
    "Planning Time": 0.645,
    "Triggers": [],
    "Execution Time": 195.821
  }
]