[
    {
        "Bao": {
            "Bao prediction": "NaN",
            "Bao recommended hint": "(no hint)"
        }
    },
    {
        "Plan": {
            "Node Type": "Aggregate",
            "Strategy": "Plain",
            "Partial Mode": "Finalize",
            "Parallel Aware": false,
            "Startup Cost": 395282.37,
            "Total Cost": 395282.38,
            "Plan Rows": 1,
            "Plan Width": 8,
            "Actual Startup Time": 7115.709,
            "Actual Total Time": 7164.248,
            "Actual Rows": 1,
            "Actual Loops": 1,
            "Output": [
                "count(*)"
            ],
            "Plans": [
                {
                    "Node Type": "Gather",
                    "Parent Relationship": "Outer",
                    "Parallel Aware": false,
                    "Startup Cost": 395281.74,
                    "Total Cost": 395282.35,
                    "Plan Rows": 6,
                    "Plan Width": 8,
                    "Actual Startup Time": 7110.454,
                    "Actual Total Time": 7164.23,
                    "Actual Rows": 7,
                    "Actual Loops": 1,
                    "Output": [
                        "(PARTIAL count(*))"
                    ],
                    "Workers Planned": 6,
                    "Workers Launched": 6,
                    "Single Copy": false,
                    "Plans": [
                        {
                            "Node Type": "Aggregate",
                            "Strategy": "Plain",
                            "Partial Mode": "Partial",
                            "Parent Relationship": "Outer",
                            "Parallel Aware": false,
                            "Startup Cost": 394281.74,
                            "Total Cost": 394281.75,
                            "Plan Rows": 1,
                            "Plan Width": 8,
                            "Actual Startup Time": 7101.022,
                            "Actual Total Time": 7101.025,
                            "Actual Rows": 1,
                            "Actual Loops": 7,
                            "Output": [
                                "PARTIAL count(*)"
                            ],
                            "Workers": [
                                {
                                    "Worker Number": 0,
                                    "Actual Startup Time": 7099.179,
                                    "Actual Total Time": 7099.181,
                                    "Actual Rows": 1,
                                    "Actual Loops": 1
                                },
                                {
                                    "Worker Number": 1,
                                    "Actual Startup Time": 7097.483,
                                    "Actual Total Time": 7097.487,
                                    "Actual Rows": 1,
                                    "Actual Loops": 1
                                },
                                {
                                    "Worker Number": 2,
                                    "Actual Startup Time": 7099.19,
                                    "Actual Total Time": 7099.193,
                                    "Actual Rows": 1,
                                    "Actual Loops": 1
                                },
                                {
                                    "Worker Number": 3,
                                    "Actual Startup Time": 7100.143,
                                    "Actual Total Time": 7100.146,
                                    "Actual Rows": 1,
                                    "Actual Loops": 1
                                },
                                {
                                    "Worker Number": 4,
                                    "Actual Startup Time": 7100.416,
                                    "Actual Total Time": 7100.418,
                                    "Actual Rows": 1,
                                    "Actual Loops": 1
                                },
                                {
                                    "Worker Number": 5,
                                    "Actual Startup Time": 7100.642,
                                    "Actual Total Time": 7100.644,
                                    "Actual Rows": 1,
                                    "Actual Loops": 1
                                }
                            ],
                            "Plans": [
                                {
                                    "Node Type": "Nested Loop",
                                    "Parent Relationship": "Outer",
                                    "Parallel Aware": false,
                                    "Join Type": "Inner",
                                    "Startup Cost": 82580.9,
                                    "Total Cost": 391382.43,
                                    "Plan Rows": 1159725,
                                    "Plan Width": 0,
                                    "Actual Startup Time": 336.118,
                                    "Actual Total Time": 6582.776,
                                    "Actual Rows": 11480907,
                                    "Actual Loops": 7,
                                    "Inner Unique": false,
                                    "Join Filter": "(t.id = ci.movie_id)",
                                    "Rows Removed by Join Filter": 0,
                                    "Workers": [
                                        {
                                            "Worker Number": 0,
                                            "Actual Startup Time": 350.953,
                                            "Actual Total Time": 6594.384,
                                            "Actual Rows": 10587991,
                                            "Actual Loops": 1
                                        },
                                        {
                                            "Worker Number": 1,
                                            "Actual Startup Time": 350.71,
                                            "Actual Total Time": 6586.247,
                                            "Actual Rows": 10910031,
                                            "Actual Loops": 1
                                        },
                                        {
                                            "Worker Number": 2,
                                            "Actual Startup Time": 327.707,
                                            "Actual Total Time": 6573.649,
                                            "Actual Rows": 11754581,
                                            "Actual Loops": 1
                                        },
                                        {
                                            "Worker Number": 3,
                                            "Actual Startup Time": 327.872,
                                            "Actual Total Time": 6574.358,
                                            "Actual Rows": 11688894,
                                            "Actual Loops": 1
                                        },
                                        {
                                            "Worker Number": 4,
                                            "Actual Startup Time": 327.848,
                                            "Actual Total Time": 6578.075,
                                            "Actual Rows": 11706304,
                                            "Actual Loops": 1
                                        },
                                        {
                                            "Worker Number": 5,
                                            "Actual Startup Time": 328.179,
                                            "Actual Total Time": 6572.891,
                                            "Actual Rows": 11816762,
                                            "Actual Loops": 1
                                        }
                                    ],
                                    "Plans": [
                                        {
                                            "Node Type": "Merge Join",
                                            "Parent Relationship": "Outer",
                                            "Parallel Aware": false,
                                            "Join Type": "Inner",
                                            "Startup Cost": 82580.33,
                                            "Total Cost": 226106.15,
                                            "Plan Rows": 80881,
                                            "Plan Width": 8,
                                            "Actual Startup Time": 336.021,
                                            "Actual Total Time": 619.213,
                                            "Actual Rows": 252389,
                                            "Actual Loops": 7,
                                            "Output": [
                                                "t.id",
                                                "mk.movie_id"
                                            ],
                                            "Inner Unique": true,
                                            "Merge Cond": "(mk.movie_id = t.id)",
                                            "Workers": [
                                                {
                                                    "Worker Number": 0,
                                                    "Actual Startup Time": 350.837,
                                                    "Actual Total Time": 641.0,
                                                    "Actual Rows": 243492,
                                                    "Actual Loops": 1
                                                },
                                                {
                                                    "Worker Number": 1,
                                                    "Actual Startup Time": 350.58,
                                                    "Actual Total Time": 623.07,
                                                    "Actual Rows": 236447,
                                                    "Actual Loops": 1
                                                },
                                                {
                                                    "Worker Number": 2,
                                                    "Actual Startup Time": 327.611,
                                                    "Actual Total Time": 617.681,
                                                    "Actual Rows": 263801,
                                                    "Actual Loops": 1
                                                },
                                                {
                                                    "Worker Number": 3,
                                                    "Actual Startup Time": 327.788,
                                                    "Actual Total Time": 622.108,
                                                    "Actual Rows": 255084,
                                                    "Actual Loops": 1
                                                },
                                                {
                                                    "Worker Number": 4,
                                                    "Actual Startup Time": 327.723,
                                                    "Actual Total Time": 626.549,
                                                    "Actual Rows": 264201,
                                                    "Actual Loops": 1
                                                },
                                                {
                                                    "Worker Number": 5,
                                                    "Actual Startup Time": 328.08,
                                                    "Actual Total Time": 614.61,
                                                    "Actual Rows": 245980,
                                                    "Actual Loops": 1
                                                }
                                            ],
                                            "Plans": [
                                                {
                                                    "Node Type": "Index Only Scan",
                                                    "Parent Relationship": "Outer",
                                                    "Parallel Aware": true,
                                                    "Scan Direction": "Forward",
                                                    "Index Name": "movie_id_movie_keyword",
                                                    "Relation Name": "movie_keyword",
                                                    "Schema": "public",
                                                    "Alias": "mk",
                                                    "Startup Cost": 0.43,
                                                    "Total Cost": 139478.04,
                                                    "Plan Rows": 753988,
                                                    "Plan Width": 4,
                                                    "Actual Startup Time": 0.205,
                                                    "Actual Total Time": 187.125,
                                                    "Actual Rows": 646276,
                                                    "Actual Loops": 7,
                                                    "Output": [
                                                        "mk.movie_id"
                                                    ],
                                                    "Heap Fetches": 4523930,
                                                    "Workers": [
                                                        {
                                                            "Worker Number": 0,
                                                            "Actual Startup Time": 0.158,
                                                            "Actual Total Time": 142.4,
                                                            "Actual Rows": 510851,
                                                            "Actual Loops": 1
                                                        },
                                                        {
                                                            "Worker Number": 1,
                                                            "Actual Startup Time": 0.146,
                                                            "Actual Total Time": 132.357,
                                                            "Actual Rows": 495062,
                                                            "Actual Loops": 1
                                                        },
                                                        {
                                                            "Worker Number": 2,
                                                            "Actual Startup Time": 0.302,
                                                            "Actual Total Time": 202.586,
                                                            "Actual Rows": 661125,
                                                            "Actual Loops": 1
                                                        },
                                                        {
                                                            "Worker Number": 3,
                                                            "Actual Startup Time": 0.426,
                                                            "Actual Total Time": 203.823,
                                                            "Actual Rows": 664088,
                                                            "Actual Loops": 1
                                                        },
                                                        {
                                                            "Worker Number": 4,
                                                            "Actual Startup Time": 0.259,
                                                            "Actual Total Time": 206.706,
                                                            "Actual Rows": 681633,
                                                            "Actual Loops": 1
                                                        },
                                                        {
                                                            "Worker Number": 5,
                                                            "Actual Startup Time": 0.125,
                                                            "Actual Total Time": 198.353,
                                                            "Actual Rows": 642235,
                                                            "Actual Loops": 1
                                                        }
                                                    ]
                                                },
                                                {
                                                    "Node Type": "Sort",
                                                    "Parent Relationship": "Inner",
                                                    "Parallel Aware": false,
                                                    "Startup Cost": 82579.6,
                                                    "Total Cost": 83257.64,
                                                    "Plan Rows": 271215,
                                                    "Plan Width": 4,
                                                    "Actual Startup Time": 277.976,
                                                    "Actual Total Time": 352.402,
                                                    "Actual Rows": 373252,
                                                    "Actual Loops": 7,
                                                    "Output": [
                                                        "t.id"
                                                    ],
                                                    "Sort Key": [
                                                        "t.id"
                                                    ],
                                                    "Sort Method": "quicksort",
                                                    "Sort Space Used": 29829,
                                                    "Sort Space Type": "Memory",
                                                    "Workers": [
                                                        {
                                                            "Worker Number": 0,
                                                            "Actual Startup Time": 350.196,
                                                            "Actual Total Time": 422.626,
                                                            "Actual Rows": 373105,
                                                            "Actual Loops": 1
                                                        },
                                                        {
                                                            "Worker Number": 1,
                                                            "Actual Startup Time": 350.019,
                                                            "Actual Total Time": 418.416,
                                                            "Actual Rows": 373530,
                                                            "Actual Loops": 1
                                                        },
                                                        {
                                                            "Worker Number": 2,
                                                            "Actual Startup Time": 257.364,
                                                            "Actual Total Time": 333.668,
                                                            "Actual Rows": 373425,
                                                            "Actual Loops": 1
                                                        },
                                                        {
                                                            "Worker Number": 3,
                                                            "Actual Startup Time": 257.454,
                                                            "Actual Total Time": 336.899,
                                                            "Actual Rows": 373286,
                                                            "Actual Loops": 1
                                                        },
                                                        {
                                                            "Worker Number": 4,
                                                            "Actual Startup Time": 257.689,
                                                            "Actual Total Time": 337.394,
                                                            "Actual Rows": 372505,
                                                            "Actual Loops": 1
                                                        },
                                                        {
                                                            "Worker Number": 5,
                                                            "Actual Startup Time": 258.196,
                                                            "Actual Total Time": 336.991,
                                                            "Actual Rows": 373378,
                                                            "Actual Loops": 1
                                                        }
                                                    ],
                                                    "Plans": [
                                                        {
                                                            "Node Type": "Bitmap Heap Scan",
                                                            "Parent Relationship": "Outer",
                                                            "Parallel Aware": false,
                                                            "Relation Name": "title",
                                                            "Schema": "public",
                                                            "Alias": "t",
                                                            "Startup Cost": 12035.39,
                                                            "Total Cost": 58103.7,
                                                            "Plan Rows": 271215,
                                                            "Plan Width": 4,
                                                            "Actual Startup Time": 48.994,
                                                            "Actual Total Time": 169.498,
                                                            "Actual Rows": 374196,
                                                            "Actual Loops": 7,
                                                            "Output": [
                                                                "t.id"
                                                            ],
                                                            "Recheck Cond": "(t.kind_id = 1)",
                                                            "Rows Removed by Index Recheck": 0,
                                                            "Filter": "(t.production_year < 2000)",
                                                            "Rows Removed by Filter": 288629,
                                                            "Exact Heap Blocks": 12863,
                                                            "Lossy Heap Blocks": 0,
                                                            "Workers": [
                                                                {
                                                                    "Worker Number": 0,
                                                                    "Actual Startup Time": 55.894,
                                                                    "Actual Total Time": 204.84,
                                                                    "Actual Rows": 374196,
                                                                    "Actual Loops": 1
                                                                },
                                                                {
                                                                    "Worker Number": 1,
                                                                    "Actual Startup Time": 56.284,
                                                                    "Actual Total Time": 206.467,
                                                                    "Actual Rows": 374196,
                                                                    "Actual Loops": 1
                                                                },
                                                                {
                                                                    "Worker Number": 2,
                                                                    "Actual Startup Time": 50.825,
                                                                    "Actual Total Time": 164.535,
                                                                    "Actual Rows": 374196,
                                                                    "Actual Loops": 1
                                                                },
                                                                {
                                                                    "Worker Number": 3,
                                                                    "Actual Startup Time": 50.891,
                                                                    "Actual Total Time": 164.016,
                                                                    "Actual Rows": 374196,
                                                                    "Actual Loops": 1
                                                                },
                                                                {
                                                                    "Worker Number": 4,
                                                                    "Actual Startup Time": 51.088,
                                                                    "Actual Total Time": 164.256,
                                                                    "Actual Rows": 374196,
                                                                    "Actual Loops": 1
                                                                },
                                                                {
                                                                    "Worker Number": 5,
                                                                    "Actual Startup Time": 51.545,
                                                                    "Actual Total Time": 164.583,
                                                                    "Actual Rows": 374196,
                                                                    "Actual Loops": 1
                                                                }
                                                            ],
                                                            "Plans": [
                                                                {
                                                                    "Node Type": "Bitmap Index Scan",
                                                                    "Parent Relationship": "Outer",
                                                                    "Parallel Aware": false,
                                                                    "Index Name": "kind_id_title",
                                                                    "Startup Cost": 0.0,
                                                                    "Total Cost": 11967.58,
                                                                    "Plan Rows": 671354,
                                                                    "Plan Width": 0,
                                                                    "Actual Startup Time": 47.25,
                                                                    "Actual Total Time": 47.25,
                                                                    "Actual Rows": 662825,
                                                                    "Actual Loops": 7,
                                                                    "Index Cond": "(t.kind_id = 1)",
                                                                    "Workers": [
                                                                        {
                                                                            "Worker Number": 0,
                                                                            "Actual Startup Time": 53.483,
                                                                            "Actual Total Time": 53.483,
                                                                            "Actual Rows": 662825,
                                                                            "Actual Loops": 1
                                                                        },
                                                                        {
                                                                            "Worker Number": 1,
                                                                            "Actual Startup Time": 53.896,
                                                                            "Actual Total Time": 53.896,
                                                                            "Actual Rows": 662825,
                                                                            "Actual Loops": 1
                                                                        },
                                                                        {
                                                                            "Worker Number": 2,
                                                                            "Actual Startup Time": 49.333,
                                                                            "Actual Total Time": 49.333,
                                                                            "Actual Rows": 662825,
                                                                            "Actual Loops": 1
                                                                        },
                                                                        {
                                                                            "Worker Number": 3,
                                                                            "Actual Startup Time": 49.398,
                                                                            "Actual Total Time": 49.398,
                                                                            "Actual Rows": 662825,
                                                                            "Actual Loops": 1
                                                                        },
                                                                        {
                                                                            "Worker Number": 4,
                                                                            "Actual Startup Time": 49.595,
                                                                            "Actual Total Time": 49.595,
                                                                            "Actual Rows": 662825,
                                                                            "Actual Loops": 1
                                                                        },
                                                                        {
                                                                            "Worker Number": 5,
                                                                            "Actual Startup Time": 50.052,
                                                                            "Actual Total Time": 50.052,
                                                                            "Actual Rows": 662825,
                                                                            "Actual Loops": 1
                                                                        }
                                                                    ]
                                                                }
                                                            ]
                                                        }
                                                    ]
                                                }
                                            ]
                                        },
                                        {
                                            "Node Type": "Index Only Scan",
                                            "Parent Relationship": "Inner",
                                            "Parallel Aware": false,
                                            "Scan Direction": "Forward",
                                            "Index Name": "movie_id_cast_info",
                                            "Relation Name": "cast_info",
                                            "Schema": "public",
                                            "Alias": "ci",
                                            "Startup Cost": 0.56,
                                            "Total Cost": 1.57,
                                            "Plan Rows": 38,
                                            "Plan Width": 4,
                                            "Actual Startup Time": 0.003,
                                            "Actual Total Time": 0.02,
                                            "Actual Rows": 45,
                                            "Actual Loops": 1766721,
                                            "Output": [
                                                "ci.movie_id"
                                            ],
                                            "Index Cond": "(ci.movie_id = mk.movie_id)",
                                            "Rows Removed by Index Recheck": 0,
                                            "Heap Fetches": 80366350,
                                            "Workers": [
                                                {
                                                    "Worker Number": 0,
                                                    "Actual Startup Time": 0.004,
                                                    "Actual Total Time": 0.021,
                                                    "Actual Rows": 43,
                                                    "Actual Loops": 243492
                                                },
                                                {
                                                    "Worker Number": 1,
                                                    "Actual Startup Time": 0.004,
                                                    "Actual Total Time": 0.021,
                                                    "Actual Rows": 46,
                                                    "Actual Loops": 236447
                                                },
                                                {
                                                    "Worker Number": 2,
                                                    "Actual Startup Time": 0.003,
                                                    "Actual Total Time": 0.019,
                                                    "Actual Rows": 45,
                                                    "Actual Loops": 263801
                                                },
                                                {
                                                    "Worker Number": 3,
                                                    "Actual Startup Time": 0.003,
                                                    "Actual Total Time": 0.02,
                                                    "Actual Rows": 46,
                                                    "Actual Loops": 255084
                                                },
                                                {
                                                    "Worker Number": 4,
                                                    "Actual Startup Time": 0.003,
                                                    "Actual Total Time": 0.019,
                                                    "Actual Rows": 44,
                                                    "Actual Loops": 264201
                                                },
                                                {
                                                    "Worker Number": 5,
                                                    "Actual Startup Time": 0.003,
                                                    "Actual Total Time": 0.02,
                                                    "Actual Rows": 48,
                                                    "Actual Loops": 245980
                                                }
                                            ]
                                        }
                                    ]
                                }
                            ]
                        }
                    ]
                }
            ]
        },
        "Planning Time": 181.185,
        "Triggers": [],
        "Execution Time": 7170.027
    }
]