[
  {
    "Plan": {
      "Node Type": "Aggregate",
      "Strategy": "Plain",
      "Partial Mode": "Finalize",
      "Parallel Aware": false,
      "Startup Cost": 360658.65,
      "Total Cost": 360658.66,
      "Plan Rows": 1,
      "Plan Width": 8,
      "Actual Startup Time": 591.739,
      "Actual Total Time": 609.403,
      "Actual Rows": 1,
      "Actual Loops": 1,
      "Plans": [
        {
          "Node Type": "Gather",
          "Parent Relationship": "Outer",
          "Parallel Aware": false,
          "Startup Cost": 360658.03,
          "Total Cost": 360658.64,
          "Plan Rows": 6,
          "Plan Width": 8,
          "Actual Startup Time": 579.334,
          "Actual Total Time": 609.39,
          "Actual Rows": 7,
          "Actual Loops": 1,
          "Workers Planned": 6,
          "Workers Launched": 6,
          "Single Copy": false,
          "Plans": [
            {
              "Node Type": "Aggregate",
              "Strategy": "Plain",
              "Partial Mode": "Partial",
              "Parent Relationship": "Outer",
              "Parallel Aware": false,
              "Startup Cost": 359658.03,
              "Total Cost": 359658.04,
              "Plan Rows": 1,
              "Plan Width": 8,
              "Actual Startup Time": 563.199,
              "Actual Total Time": 563.203,
              "Actual Rows": 1,
              "Actual Loops": 7,
              "Plans": [
                {
                  "Node Type": "Hash Join",
                  "Parent Relationship": "Outer",
                  "Parallel Aware": true,
                  "Join Type": "Inner",
                  "Startup Cost": 100468.97,
                  "Total Cost": 359064.04,
                  "Plan Rows": 237597,
                  "Plan Width": 0,
                  "Actual Startup Time": 340.302,
                  "Actual Total Time": 552.71,
                  "Actual Rows": 200633,
                  "Actual Loops": 7,
                  "Inner Unique": true,
                  "Hash Cond": "(ci.movie_id = t.id)",
                  "Plans": [
                    {
                      "Node Type": "Bitmap Heap Scan",
                      "Parent Relationship": "Outer",
                      "Parallel Aware": true,
                      "Relation Name": "cast_info",
                      "Alias": "ci",
                      "Startup Cost": 51764.22,
                      "Total Cost": 309333.93,
                      "Plan Rows": 390616,
                      "Plan Width": 4,
                      "Actual Startup Time": 140.13,
                      "Actual Total Time": 205.422,
                      "Actual Rows": 336964,
                      "Actual Loops": 7,
                      "Recheck Cond": "(person_id < 229469)",
                      "Rows Removed by Index Recheck": 0,
                      "Exact Heap Blocks": 4115,
                      "Lossy Heap Blocks": 0,
                      "Plans": [
                        {
                          "Node Type": "Bitmap Index Scan",
                          "Parent Relationship": "Outer",
                          "Parallel Aware": false,
                          "Index Name": "person_id_cast_info",
                          "Startup Cost": 0.0,
                          "Total Cost": 51178.3,
                          "Plan Rows": 2343698,
                          "Plan Width": 0,
                          "Actual Startup Time": 134.028,
                          "Actual Total Time": 134.028,
                          "Actual Rows": 2358748,
                          "Actual Loops": 1,
                          "Index Cond": "(person_id < 229469)"
                        }
                      ]
                    },
                    {
                      "Node Type": "Hash",
                      "Parent Relationship": "Inner",
                      "Parallel Aware": true,
                      "Startup Cost": 43898.92,
                      "Total Cost": 43898.92,
                      "Plan Rows": 384466,
                      "Plan Width": 4,
                      "Actual Startup Time": 195.379,
                      "Actual Total Time": 195.38,
                      "Actual Rows": 218802,
                      "Actual Loops": 7,
                      "Hash Buckets": 2097152,
                      "Original Hash Buckets": 2097152,
                      "Hash Batches": 1,
                      "Original Hash Batches": 1,
                      "Peak Memory Usage": 76416,
                      "Plans": [
                        {
                          "Node Type": "Seq Scan",
                          "Parent Relationship": "Outer",
                          "Parallel Aware": true,
                          "Relation Name": "title",
                          "Alias": "t",
                          "Startup Cost": 0.0,
                          "Total Cost": 43898.92,
                          "Plan Rows": 384466,
                          "Plan Width": 4,
                          "Actual Startup Time": 0.043,
                          "Actual Total Time": 83.461,
                          "Actual Rows": 218802,
                          "Actual Loops": 7,
                          "Filter": "(production_year > 1997)",
                          "Rows Removed by Filter": 142386
                        }
                      ]
                    }
                  ]
                }
              ]
            }
          ]
        }
      ]
    },
    "Planning Time": 0.647,
    "Triggers": [],
    "Execution Time": 609.513
  }
]