[
  {
    "Plan": {
      "Node Type": "Aggregate",
      "Strategy": "Plain",
      "Partial Mode": "Finalize",
      "Parallel Aware": false,
      "Startup Cost": 45183.99,
      "Total Cost": 45184.0,
      "Plan Rows": 1,
      "Plan Width": 8,
      "Actual Startup Time": 98.026,
      "Actual Total Time": 110.165,
      "Actual Rows": 1,
      "Actual Loops": 1,
      "Plans": [
        {
          "Node Type": "Gather",
          "Parent Relationship": "Outer",
          "Parallel Aware": false,
          "Startup Cost": 45183.57,
          "Total Cost": 45183.98,
          "Plan Rows": 4,
          "Plan Width": 8,
          "Actual Startup Time": 97.909,
          "Actual Total Time": 110.158,
          "Actual Rows": 5,
          "Actual Loops": 1,
          "Workers Planned": 4,
          "Workers Launched": 4,
          "Single Copy": false,
          "Plans": [
            {
              "Node Type": "Aggregate",
              "Strategy": "Plain",
              "Partial Mode": "Partial",
              "Parent Relationship": "Outer",
              "Parallel Aware": false,
              "Startup Cost": 44183.57,
              "Total Cost": 44183.58,
              "Plan Rows": 1,
              "Plan Width": 8,
              "Actual Startup Time": 88.794,
              "Actual Total Time": 88.795,
              "Actual Rows": 1,
              "Actual Loops": 5,
              "Plans": [
                {
                  "Node Type": "Seq Scan",
                  "Parent Relationship": "Outer",
                  "Parallel Aware": true,
                  "Relation Name": "title",
                  "Alias": "t",
                  "Startup Cost": 0.0,
                  "Total Cost": 43898.92,
                  "Plan Rows": 113862,
                  "Plan Width": 0,
                  "Actual Startup Time": 0.043,
                  "Actual Total Time": 83.86,
                  "Actual Rows": 93113,
                  "Actual Loops": 5,
                  "Filter": "(production_year < 1977)",
                  "Rows Removed by Filter": 412550
                }
              ]
            }
          ]
        }
      ]
    },
    "Planning Time": 0.128,
    "Triggers": [],
    "Execution Time": 110.218
  }
]