{
  "Plan": {
    "Node Type": "Aggregate",
    "Strategy": "Plain",
    "Partial Mode": "Finalize",
    "Parallel Aware": false,
    "Startup Cost": 70461.64,
    "Total Cost": 70461.65,
    "Plan Rows": 1,
    "Plan Width": 8,
    "Actual Startup Time": 170.353,
    "Actual Total Time": 183.579,
    "Actual Rows": 1,
    "Actual Loops": 1,
    "Plans": [
      {
        "Node Type": "Gather",
        "Parent Relationship": "Outer",
        "Parallel Aware": false,
        "Startup Cost": 70461.53,
        "Total Cost": 70461.64,
        "Plan Rows": 1,
        "Plan Width": 8,
        "Actual Startup Time": 170.116,
        "Actual Total Time": 183.57,
        "Actual Rows": 2,
        "Actual Loops": 1,
        "Workers Planned": 1,
        "Workers Launched": 1,
        "Single Copy": false,
        "Plans": [
          {
            "Node Type": "Aggregate",
            "Strategy": "Plain",
            "Partial Mode": "Partial",
            "Parent Relationship": "Outer",
            "Parallel Aware": false,
            "Startup Cost": 69461.53,
            "Total Cost": 69461.54,
            "Plan Rows": 1,
            "Plan Width": 8,
            "Actual Startup Time": 163.872,
            "Actual Total Time": 163.874,
            "Actual Rows": 1,
            "Actual Loops": 2,
            "Plans": [
              {
                "Node Type": "Nested Loop",
                "Parent Relationship": "Outer",
                "Parallel Aware": false,
                "Join Type": "Inner",
                "Startup Cost": 0.86,
                "Total Cost": 69451.31,
                "Plan Rows": 4086,
                "Plan Width": 0,
                "Actual Startup Time": 47.493,
                "Actual Total Time": 163.833,
                "Actual Rows": 423,
                "Actual Loops": 2,
                "Inner Unique": false,
                "Join Filter": "(t.id = mi.movie_id)",
                "Rows Removed by Join Filter": 0,
                "Plans": [
                  {
                    "Node Type": "Nested Loop",
                    "Parent Relationship": "Outer",
                    "Parallel Aware": false,
                    "Join Type": "Inner",
                    "Startup Cost": 0.43,
                    "Total Cost": 67828.5,
                    "Plan Rows": 699,
                    "Plan Width": 8,
                    "Actual Startup Time": 47.408,
                    "Actual Total Time": 162.875,
                    "Actual Rows": 39,
                    "Actual Loops": 2,
                    "Inner Unique": false,
                    "Plans": [
                      {
                        "Node Type": "Seq Scan",
                        "Parent Relationship": "Outer",
                        "Parallel Aware": true,
                        "Relation Name": "title",
                        "Alias": "t",
                        "Startup Cost": 0.0,
                        "Total Cost": 58306.47,
                        "Plan Rows": 1280,
                        "Plan Width": 4,
                        "Actual Startup Time": 4.291,
                        "Actual Total Time": 160.834,
                        "Actual Rows": 318,
                        "Actual Loops": 2,
                        "Filter": "((kind_id > 1) AND (production_year = 1948))",
                        "Rows Removed by Filter": 1263838
                      },
                      {
                        "Node Type": "Index Only Scan",
                        "Parent Relationship": "Inner",
                        "Parallel Aware": false,
                        "Scan Direction": "Forward",
                        "Index Name": "movie_id_movie_info_idx",
                        "Relation Name": "movie_info_idx",
                        "Alias": "mi_idx",
                        "Startup Cost": 0.43,
                        "Total Cost": 7.41,
                        "Plan Rows": 3,
                        "Plan Width": 4,
                        "Actual Startup Time": 0.006,
                        "Actual Total Time": 0.006,
                        "Actual Rows": 0,
                        "Actual Loops": 636,
                        "Index Cond": "(movie_id = t.id)",
                        "Rows Removed by Index Recheck": 0,
                        "Heap Fetches": 78
                      }
                    ]
                  },
                  {
                    "Node Type": "Index Only Scan",
                    "Parent Relationship": "Inner",
                    "Parallel Aware": false,
                    "Scan Direction": "Forward",
                    "Index Name": "movie_id_movie_info",
                    "Relation Name": "movie_info",
                    "Alias": "mi",
                    "Startup Cost": 0.43,
                    "Total Cost": 1.8,
                    "Plan Rows": 42,
                    "Plan Width": 4,
                    "Actual Startup Time": 0.009,
                    "Actual Total Time": 0.023,
                    "Actual Rows": 11,
                    "Actual Loops": 78,
                    "Index Cond": "(movie_id = mi_idx.movie_id)",
                    "Rows Removed by Index Recheck": 0,
                    "Heap Fetches": 846
                  }
                ]
              }
            ]
          }
        ]
      }
    ]
  },
  "Planning Time": 0.877,
  "Triggers": [],
  "Execution Time": 183.661
}