[
  {
    "Plan": {
      "Node Type": "Aggregate",
      "Strategy": "Plain",
      "Partial Mode": "Finalize",
      "Parallel Aware": false,
      "Startup Cost": 284749.02,
      "Total Cost": 284749.03,
      "Plan Rows": 1,
      "Plan Width": 8,
      "Actual Startup Time": 636.327,
      "Actual Total Time": 685.098,
      "Actual Rows": 1,
      "Actual Loops": 1,
      "Plans": [
        {
          "Node Type": "Gather",
          "Parent Relationship": "Outer",
          "Parallel Aware": false,
          "Startup Cost": 284748.6,
          "Total Cost": 284749.01,
          "Plan Rows": 4,
          "Plan Width": 8,
          "Actual Startup Time": 635.614,
          "Actual Total Time": 685.088,
          "Actual Rows": 5,
          "Actual Loops": 1,
          "Workers Planned": 4,
          "Workers Launched": 4,
          "Single Copy": false,
          "Plans": [
            {
              "Node Type": "Aggregate",
              "Strategy": "Plain",
              "Partial Mode": "Partial",
              "Parent Relationship": "Outer",
              "Parallel Aware": false,
              "Startup Cost": 283748.6,
              "Total Cost": 283748.61,
              "Plan Rows": 1,
              "Plan Width": 8,
              "Actual Startup Time": 625.135,
              "Actual Total Time": 625.139,
              "Actual Rows": 1,
              "Actual Loops": 5,
              "Plans": [
                {
                  "Node Type": "Nested Loop",
                  "Parent Relationship": "Outer",
                  "Parallel Aware": false,
                  "Join Type": "Inner",
                  "Startup Cost": 33156.83,
                  "Total Cost": 282741.86,
                  "Plan Rows": 402694,
                  "Plan Width": 0,
                  "Actual Startup Time": 155.291,
                  "Actual Total Time": 606.331,
                  "Actual Rows": 425173,
                  "Actual Loops": 5,
                  "Inner Unique": false,
                  "Plans": [
                    {
                      "Node Type": "Hash Join",
                      "Parent Relationship": "Outer",
                      "Parallel Aware": true,
                      "Join Type": "Inner",
                      "Startup Cost": 33156.39,
                      "Total Cost": 78983.8,
                      "Plan Rows": 107978,
                      "Plan Width": 8,
                      "Actual Startup Time": 155.204,
                      "Actual Total Time": 221.683,
                      "Actual Rows": 23172,
                      "Actual Loops": 5,
                      "Inner Unique": false,
                      "Hash Cond": "(t.id = mc.movie_id)",
                      "Plans": [
                        {
                          "Node Type": "Seq Scan",
                          "Parent Relationship": "Outer",
                          "Parallel Aware": true,
                          "Relation Name": "title",
                          "Alias": "t",
                          "Startup Cost": 0.0,
                          "Total Cost": 42318.73,
                          "Plan Rows": 632073,
                          "Plan Width": 4,
                          "Actual Startup Time": 0.013,
                          "Actual Total Time": 64.873,
                          "Actual Rows": 505662,
                          "Actual Loops": 5
                        },
                        {
                          "Node Type": "Hash",
                          "Parent Relationship": "Inner",
                          "Parallel Aware": true,
                          "Startup Cost": 31414.82,
                          "Total Cost": 31414.82,
                          "Plan Rows": 139326,
                          "Plan Width": 4,
                          "Actual Startup Time": 71.817,
                          "Actual Total Time": 71.818,
                          "Actual Rows": 23172,
                          "Actual Loops": 5,
                          "Hash Buckets": 524288,
                          "Original Hash Buckets": 524288,
                          "Hash Batches": 1,
                          "Original Hash Batches": 1,
                          "Peak Memory Usage": 8704,
                          "Plans": [
                            {
                              "Node Type": "Seq Scan",
                              "Parent Relationship": "Outer",
                              "Parallel Aware": true,
                              "Relation Name": "movie_companies",
                              "Alias": "mc",
                              "Startup Cost": 0.0,
                              "Total Cost": 31414.82,
                              "Plan Rows": 139326,
                              "Plan Width": 4,
                              "Actual Startup Time": 20.573,
                              "Actual Total Time": 63.728,
                              "Actual Rows": 23172,
                              "Actual Loops": 5,
                              "Filter": "((company_id > 22018) AND (company_type_id < 2))",
                              "Rows Removed by Filter": 498654
                            }
                          ]
                        }
                      ]
                    },
                    {
                      "Node Type": "Index Scan",
                      "Parent Relationship": "Inner",
                      "Parallel Aware": false,
                      "Scan Direction": "Forward",
                      "Index Name": "movie_id_movie_info",
                      "Relation Name": "movie_info",
                      "Alias": "mi",
                      "Startup Cost": 0.43,
                      "Total Cost": 1.62,
                      "Plan Rows": 27,
                      "Plan Width": 4,
                      "Actual Startup Time": 0.006,
                      "Actual Total Time": 0.015,
                      "Actual Rows": 18,
                      "Actual Loops": 115859,
                      "Index Cond": "(movie_id = t.id)",
                      "Rows Removed by Index Recheck": 0,
                      "Filter": "(info_type_id > 5)",
                      "Rows Removed by Filter": 7
                    }
                  ]
                }
              ]
            }
          ]
        }
      ]
    },
    "Planning Time": 1.448,
    "Triggers": [],
    "Execution Time": 685.204
  }
]