{
  "Plan": {
    "Node Type": "Aggregate",
    "Strategy": "Plain",
    "Partial Mode": "Finalize",
    "Parallel Aware": false,
    "Startup Cost": 173912.52,
    "Total Cost": 173912.53,
    "Plan Rows": 1,
    "Plan Width": 8,
    "Actual Startup Time": 453.949,
    "Actual Total Time": 468.718,
    "Actual Rows": 1,
    "Actual Loops": 1,
    "Plans": [
      {
        "Node Type": "Gather",
        "Parent Relationship": "Outer",
        "Parallel Aware": false,
        "Startup Cost": 173912.4,
        "Total Cost": 173912.51,
        "Plan Rows": 1,
        "Plan Width": 8,
        "Actual Startup Time": 452.381,
        "Actual Total Time": 468.707,
        "Actual Rows": 2,
        "Actual Loops": 1,
        "Workers Planned": 1,
        "Workers Launched": 1,
        "Single Copy": false,
        "Plans": [
          {
            "Node Type": "Aggregate",
            "Strategy": "Plain",
            "Partial Mode": "Partial",
            "Parent Relationship": "Outer",
            "Parallel Aware": false,
            "Startup Cost": 172912.4,
            "Total Cost": 172912.41,
            "Plan Rows": 1,
            "Plan Width": 8,
            "Actual Startup Time": 446.433,
            "Actual Total Time": 446.437,
            "Actual Rows": 1,
            "Actual Loops": 2,
            "Plans": [
              {
                "Node Type": "Nested Loop",
                "Parent Relationship": "Outer",
                "Parallel Aware": false,
                "Join Type": "Inner",
                "Startup Cost": 77835.65,
                "Total Cost": 172764.29,
                "Plan Rows": 59247,
                "Plan Width": 0,
                "Actual Startup Time": 272.531,
                "Actual Total Time": 445.047,
                "Actual Rows": 25474,
                "Actual Loops": 2,
                "Inner Unique": false,
                "Plans": [
                  {
                    "Node Type": "Hash Join",
                    "Parent Relationship": "Outer",
                    "Parallel Aware": true,
                    "Join Type": "Inner",
                    "Startup Cost": 77835.22,
                    "Total Cost": 108378.33,
                    "Plan Rows": 108544,
                    "Plan Width": 8,
                    "Actual Startup Time": 272.011,
                    "Actual Total Time": 406.563,
                    "Actual Rows": 16331,
                    "Actual Loops": 2,
                    "Inner Unique": true,
                    "Hash Cond": "(mk.movie_id = t.id)",
                    "Plans": [
                      {
                        "Node Type": "Bitmap Heap Scan",
                        "Parent Relationship": "Outer",
                        "Parallel Aware": true,
                        "Relation Name": "movie_keyword",
                        "Alias": "mk",
                        "Startup Cost": 14516.49,
                        "Total Cost": 44002.81,
                        "Plan Rows": 402585,
                        "Plan Width": 4,
                        "Actual Startup Time": 37.568,
                        "Actual Total Time": 109.07,
                        "Actual Rows": 343156,
                        "Actual Loops": 2,
                        "Recheck Cond": "(keyword_id < 569)",
                        "Rows Removed by Index Recheck": 0,
                        "Exact Heap Blocks": 13553,
                        "Lossy Heap Blocks": 0,
                        "Plans": [
                          {
                            "Node Type": "Bitmap Index Scan",
                            "Parent Relationship": "Outer",
                            "Parallel Aware": false,
                            "Index Name": "keyword_id_movie_keyword",
                            "Startup Cost": 0.0,
                            "Total Cost": 14345.4,
                            "Plan Rows": 684395,
                            "Plan Width": 0,
                            "Actual Startup Time": 33.991,
                            "Actual Total Time": 33.991,
                            "Actual Rows": 686312,
                            "Actual Loops": 1,
                            "Index Cond": "(keyword_id < 569)"
                          }
                        ]
                      },
                      {
                        "Node Type": "Hash",
                        "Parent Relationship": "Inner",
                        "Parallel Aware": true,
                        "Startup Cost": 58306.47,
                        "Total Cost": 58306.47,
                        "Plan Rows": 400981,
                        "Plan Width": 4,
                        "Actual Startup Time": 225.158,
                        "Actual Total Time": 225.159,
                        "Actual Rows": 298248,
                        "Actual Loops": 2,
                        "Hash Buckets": 1048576,
                        "Original Hash Buckets": 1048576,
                        "Hash Batches": 1,
                        "Original Hash Batches": 1,
                        "Peak Memory Usage": 31584,
                        "Plans": [
                          {
                            "Node Type": "Seq Scan",
                            "Parent Relationship": "Outer",
                            "Parallel Aware": true,
                            "Relation Name": "title",
                            "Alias": "t",
                            "Startup Cost": 0.0,
                            "Total Cost": 58306.47,
                            "Plan Rows": 400981,
                            "Plan Width": 4,
                            "Actual Startup Time": 0.032,
                            "Actual Total Time": 148.412,
                            "Actual Rows": 298248,
                            "Actual Loops": 2,
                            "Filter": "((production_year < 2002) AND (kind_id = 7))",
                            "Rows Removed by Filter": 965908
                          }
                        ]
                      }
                    ]
                  },
                  {
                    "Node Type": "Index Only Scan",
                    "Parent Relationship": "Inner",
                    "Parallel Aware": false,
                    "Scan Direction": "Forward",
                    "Index Name": "movie_id_movie_info_idx",
                    "Relation Name": "movie_info_idx",
                    "Alias": "mi_idx",
                    "Startup Cost": 0.43,
                    "Total Cost": 0.56,
                    "Plan Rows": 3,
                    "Plan Width": 4,
                    "Actual Startup Time": 0.002,
                    "Actual Total Time": 0.002,
                    "Actual Rows": 2,
                    "Actual Loops": 32662,
                    "Index Cond": "(movie_id = t.id)",
                    "Rows Removed by Index Recheck": 0,
                    "Heap Fetches": 50949
                  }
                ]
              }
            ]
          }
        ]
      }
    ]
  },
  "Planning Time": 1.032,
  "Triggers": [],
  "Execution Time": 468.826
}