[
  {
    "Plan": {
      "Node Type": "Aggregate",
      "Strategy": "Plain",
      "Partial Mode": "Finalize",
      "Parallel Aware": false,
      "Startup Cost": 373919.6,
      "Total Cost": 373919.61,
      "Plan Rows": 1,
      "Plan Width": 8,
      "Actual Startup Time": 692.987,
      "Actual Total Time": 713.813,
      "Actual Rows": 1,
      "Actual Loops": 1,
      "Plans": [
        {
          "Node Type": "Gather",
          "Parent Relationship": "Outer",
          "Parallel Aware": false,
          "Startup Cost": 373919.28,
          "Total Cost": 373919.59,
          "Plan Rows": 3,
          "Plan Width": 8,
          "Actual Startup Time": 688.994,
          "Actual Total Time": 713.804,
          "Actual Rows": 4,
          "Actual Loops": 1,
          "Workers Planned": 3,
          "Workers Launched": 3,
          "Single Copy": false,
          "Plans": [
            {
              "Node Type": "Aggregate",
              "Strategy": "Plain",
              "Partial Mode": "Partial",
              "Parent Relationship": "Outer",
              "Parallel Aware": false,
              "Startup Cost": 372919.28,
              "Total Cost": 372919.29,
              "Plan Rows": 1,
              "Plan Width": 8,
              "Actual Startup Time": 678.479,
              "Actual Total Time": 678.485,
              "Actual Rows": 1,
              "Actual Loops": 4,
              "Plans": [
                {
                  "Node Type": "Hash Join",
                  "Parent Relationship": "Outer",
                  "Parallel Aware": true,
                  "Join Type": "Inner",
                  "Startup Cost": 342141.77,
                  "Total Cost": 372670.42,
                  "Plan Rows": 99543,
                  "Plan Width": 0,
                  "Actual Startup Time": 481.192,
                  "Actual Total Time": 657.981,
                  "Actual Rows": 466514,
                  "Actual Loops": 4,
                  "Inner Unique": false,
                  "Hash Cond": "(mc.movie_id = t.id)",
                  "Plans": [
                    {
                      "Node Type": "Seq Scan",
                      "Parent Relationship": "Outer",
                      "Parallel Aware": true,
                      "Relation Name": "movie_companies",
                      "Alias": "mc",
                      "Startup Cost": 0.0,
                      "Total Cost": 27206.55,
                      "Plan Rows": 841655,
                      "Plan Width": 4,
                      "Actual Startup Time": 0.017,
                      "Actual Total Time": 59.35,
                      "Actual Rows": 652282,
                      "Actual Loops": 4
                    },
                    {
                      "Node Type": "Hash",
                      "Parent Relationship": "Inner",
                      "Parallel Aware": true,
                      "Startup Cost": 341518.81,
                      "Total Cost": 341518.81,
                      "Plan Rows": 49837,
                      "Plan Width": 8,
                      "Actual Startup Time": 446.425,
                      "Actual Total Time": 446.43,
                      "Actual Rows": 103728,
                      "Actual Loops": 4,
                      "Hash Buckets": 524288,
                      "Original Hash Buckets": 524288,
                      "Hash Batches": 1,
                      "Original Hash Batches": 1,
                      "Peak Memory Usage": 20384,
                      "Plans": [
                        {
                          "Node Type": "Hash Join",
                          "Parent Relationship": "Outer",
                          "Parallel Aware": true,
                          "Join Type": "Inner",
                          "Startup Cost": 84011.12,
                          "Total Cost": 341518.81,
                          "Plan Rows": 49837,
                          "Plan Width": 8,
                          "Actual Startup Time": 231.126,
                          "Actual Total Time": 411.044,
                          "Actual Rows": 103728,
                          "Actual Loops": 4,
                          "Inner Unique": true,
                          "Hash Cond": "(ci.movie_id = t.id)",
                          "Plans": [
                            {
                              "Node Type": "Bitmap Heap Scan",
                              "Parent Relationship": "Outer",
                              "Parallel Aware": true,
                              "Relation Name": "cast_info",
                              "Alias": "ci",
                              "Startup Cost": 38039.53,
                              "Total Cost": 295048.53,
                              "Plan Rows": 189976,
                              "Plan Width": 4,
                              "Actual Startup Time": 61.201,
                              "Actual Total Time": 143.194,
                              "Actual Rows": 347455,
                              "Actual Loops": 4,
                              "Recheck Cond": "(person_id < 174213)",
                              "Rows Removed by Index Recheck": 0,
                              "Filter": "(role_id < 4)",
                              "Rows Removed by Filter": 89239,
                              "Exact Heap Blocks": 4298,
                              "Lossy Heap Blocks": 0,
                              "Plans": [
                                {
                                  "Node Type": "Bitmap Index Scan",
                                  "Parent Relationship": "Outer",
                                  "Parallel Aware": false,
                                  "Index Name": "person_id_cast_info",
                                  "Startup Cost": 0.0,
                                  "Total Cost": 37754.57,
                                  "Plan Rows": 1728800,
                                  "Plan Width": 0,
                                  "Actual Startup Time": 58.335,
                                  "Actual Total Time": 58.336,
                                  "Actual Rows": 1746776,
                                  "Actual Loops": 1,
                                  "Index Cond": "(person_id < 174213)"
                                }
                              ]
                            },
                            {
                              "Node Type": "Hash",
                              "Parent Relationship": "Inner",
                              "Parallel Aware": true,
                              "Startup Cost": 43898.92,
                              "Total Cost": 43898.92,
                              "Plan Rows": 165814,
                              "Plan Width": 4,
                              "Actual Startup Time": 166.508,
                              "Actual Total Time": 166.509,
                              "Actual Rows": 165706,
                              "Actual Loops": 4,
                              "Hash Buckets": 1048576,
                              "Original Hash Buckets": 1048576,
                              "Hash Batches": 1,
                              "Original Hash Batches": 1,
                              "Peak Memory Usage": 34176,
                              "Plans": [
                                {
                                  "Node Type": "Seq Scan",
                                  "Parent Relationship": "Outer",
                                  "Parallel Aware": true,
                                  "Relation Name": "title",
                                  "Alias": "t",
                                  "Startup Cost": 0.0,
                                  "Total Cost": 43898.92,
                                  "Plan Rows": 165814,
                                  "Plan Width": 4,
                                  "Actual Startup Time": 47.551,
                                  "Actual Total Time": 104.732,
                                  "Actual Rows": 165706,
                                  "Actual Loops": 4,
                                  "Filter": "(kind_id < 2)",
                                  "Rows Removed by Filter": 466372
                                }
                              ]
                            }
                          ]
                        }
                      ]
                    }
                  ]
                }
              ]
            }
          ]
        }
      ]
    },
    "Planning Time": 1.414,
    "Triggers": [],
    "Execution Time": 713.926
  }
]