[
  {
    "Plan": {
      "Node Type": "Aggregate",
      "Strategy": "Plain",
      "Partial Mode": "Finalize",
      "Parallel Aware": false,
      "Startup Cost": 45963.61,
      "Total Cost": 45963.62,
      "Plan Rows": 1,
      "Plan Width": 8,
      "Actual Startup Time": 140.088,
      "Actual Total Time": 150.383,
      "Actual Rows": 1,
      "Actual Loops": 1,
      "Plans": [
        {
          "Node Type": "Gather",
          "Parent Relationship": "Outer",
          "Parallel Aware": false,
          "Startup Cost": 45963.29,
          "Total Cost": 45963.6,
          "Plan Rows": 3,
          "Plan Width": 8,
          "Actual Startup Time": 139.919,
          "Actual Total Time": 150.371,
          "Actual Rows": 4,
          "Actual Loops": 1,
          "Workers Planned": 3,
          "Workers Launched": 3,
          "Single Copy": false,
          "Plans": [
            {
              "Node Type": "Aggregate",
              "Strategy": "Plain",
              "Partial Mode": "Partial",
              "Parent Relationship": "Outer",
              "Parallel Aware": false,
              "Startup Cost": 44963.29,
              "Total Cost": 44963.3,
              "Plan Rows": 1,
              "Plan Width": 8,
              "Actual Startup Time": 136.302,
              "Actual Total Time": 136.304,
              "Actual Rows": 1,
              "Actual Loops": 4,
              "Plans": [
                {
                  "Node Type": "Seq Scan",
                  "Parent Relationship": "Outer",
                  "Parallel Aware": true,
                  "Relation Name": "movie_keyword",
                  "Alias": "mk",
                  "Startup Cost": 0.0,
                  "Total Cost": 42695.65,
                  "Plan Rows": 907055,
                  "Plan Width": 0,
                  "Actual Startup Time": 0.027,
                  "Actual Total Time": 106.732,
                  "Actual Rows": 705036,
                  "Actual Loops": 4,
                  "Filter": "(keyword_id < 8450)",
                  "Rows Removed by Filter": 425946
                }
              ]
            }
          ]
        }
      ]
    },
    "Planning Time": 0.111,
    "Triggers": [],
    "Execution Time": 150.417
  }
]