[
  {
    "Plan": {
      "Node Type": "Aggregate",
      "Strategy": "Plain",
      "Partial Mode": "Finalize",
      "Parallel Aware": false,
      "Startup Cost": 335733.36,
      "Total Cost": 335733.37,
      "Plan Rows": 1,
      "Plan Width": 8,
      "Actual Startup Time": 695.302,
      "Actual Total Time": 740.366,
      "Actual Rows": 1,
      "Actual Loops": 1,
      "Plans": [
        {
          "Node Type": "Gather",
          "Parent Relationship": "Outer",
          "Parallel Aware": false,
          "Startup Cost": 335732.73,
          "Total Cost": 335733.34,
          "Plan Rows": 6,
          "Plan Width": 8,
          "Actual Startup Time": 695.106,
          "Actual Total Time": 740.355,
          "Actual Rows": 7,
          "Actual Loops": 1,
          "Workers Planned": 6,
          "Workers Launched": 6,
          "Single Copy": false,
          "Plans": [
            {
              "Node Type": "Aggregate",
              "Strategy": "Plain",
              "Partial Mode": "Partial",
              "Parent Relationship": "Outer",
              "Parallel Aware": false,
              "Startup Cost": 334732.73,
              "Total Cost": 334732.74,
              "Plan Rows": 1,
              "Plan Width": 8,
              "Actual Startup Time": 687.445,
              "Actual Total Time": 687.447,
              "Actual Rows": 1,
              "Actual Loops": 7,
              "Plans": [
                {
                  "Node Type": "Seq Scan",
                  "Parent Relationship": "Outer",
                  "Parallel Aware": true,
                  "Relation Name": "cast_info",
                  "Alias": "ci",
                  "Startup Cost": 0.0,
                  "Total Cost": 328211.39,
                  "Plan Rows": 2608536,
                  "Plan Width": 0,
                  "Actual Startup Time": 231.228,
                  "Actual Total Time": 581.645,
                  "Actual Rows": 2192834,
                  "Actual Loops": 7,
                  "Filter": "(person_id > 2105853)",
                  "Rows Removed by Filter": 2984930
                }
              ]
            }
          ]
        }
      ]
    },
    "Planning Time": 0.232,
    "Triggers": [],
    "Execution Time": 740.434
  }
]