[
  {
    "Plan": {
      "Node Type": "Aggregate",
      "Strategy": "Plain",
      "Partial Mode": "Finalize",
      "Parallel Aware": false,
      "Startup Cost": 232160.86,
      "Total Cost": 232160.87,
      "Plan Rows": 1,
      "Plan Width": 8,
      "Actual Startup Time": 192.715,
      "Actual Total Time": 223.077,
      "Actual Rows": 1,
      "Actual Loops": 1,
      "Plans": [
        {
          "Node Type": "Gather",
          "Parent Relationship": "Outer",
          "Parallel Aware": false,
          "Startup Cost": 232160.44,
          "Total Cost": 232160.85,
          "Plan Rows": 4,
          "Plan Width": 8,
          "Actual Startup Time": 192.563,
          "Actual Total Time": 223.069,
          "Actual Rows": 5,
          "Actual Loops": 1,
          "Workers Planned": 4,
          "Workers Launched": 4,
          "Single Copy": false,
          "Plans": [
            {
              "Node Type": "Aggregate",
              "Strategy": "Plain",
              "Partial Mode": "Partial",
              "Parent Relationship": "Outer",
              "Parallel Aware": false,
              "Startup Cost": 231160.44,
              "Total Cost": 231160.45,
              "Plan Rows": 1,
              "Plan Width": 8,
              "Actual Startup Time": 184.512,
              "Actual Total Time": 184.513,
              "Actual Rows": 1,
              "Actual Loops": 5,
              "Plans": [
                {
                  "Node Type": "Nested Loop",
                  "Parent Relationship": "Outer",
                  "Parallel Aware": false,
                  "Join Type": "Inner",
                  "Startup Cost": 0.43,
                  "Total Cost": 231153.49,
                  "Plan Rows": 2782,
                  "Plan Width": 0,
                  "Actual Startup Time": 0.8,
                  "Actual Total Time": 183.959,
                  "Actual Rows": 4258,
                  "Actual Loops": 5,
                  "Inner Unique": false,
                  "Plans": [
                    {
                      "Node Type": "Seq Scan",
                      "Parent Relationship": "Outer",
                      "Parallel Aware": true,
                      "Relation Name": "title",
                      "Alias": "t",
                      "Startup Cost": 0.0,
                      "Total Cost": 45479.1,
                      "Plan Rows": 5579,
                      "Plan Width": 4,
                      "Actual Startup Time": 0.486,
                      "Actual Total Time": 76.46,
                      "Actual Rows": 4485,
                      "Actual Loops": 5,
                      "Filter": "((kind_id < 4) AND (production_year = 2013))",
                      "Rows Removed by Filter": 501177
                    },
                    {
                      "Node Type": "Index Scan",
                      "Parent Relationship": "Inner",
                      "Parallel Aware": false,
                      "Scan Direction": "Forward",
                      "Index Name": "movie_id_movie_info",
                      "Relation Name": "movie_info",
                      "Alias": "mi",
                      "Startup Cost": 0.43,
                      "Total Cost": 33.24,
                      "Plan Rows": 4,
                      "Plan Width": 4,
                      "Actual Startup Time": 0.019,
                      "Actual Total Time": 0.023,
                      "Actual Rows": 1,
                      "Actual Loops": 22427,
                      "Index Cond": "(movie_id = t.id)",
                      "Rows Removed by Index Recheck": 0,
                      "Filter": "(info_type_id = 2)",
                      "Rows Removed by Filter": 8
                    }
                  ]
                }
              ]
            }
          ]
        }
      ]
    },
    "Planning Time": 0.434,
    "Triggers": [],
    "Execution Time": 223.124
  }
]