{
  "Plan": {
    "Node Type": "Aggregate",
    "Strategy": "Plain",
    "Partial Mode": "Finalize",
    "Parallel Aware": false,
    "Startup Cost": 165328.85,
    "Total Cost": 165328.86,
    "Plan Rows": 1,
    "Plan Width": 8,
    "Actual Startup Time": 1006.703,
    "Actual Total Time": 1027.715,
    "Actual Rows": 1,
    "Actual Loops": 1,
    "Plans": [
      {
        "Node Type": "Gather",
        "Parent Relationship": "Outer",
        "Parallel Aware": false,
        "Startup Cost": 165328.73,
        "Total Cost": 165328.84,
        "Plan Rows": 1,
        "Plan Width": 8,
        "Actual Startup Time": 1006.441,
        "Actual Total Time": 1027.706,
        "Actual Rows": 2,
        "Actual Loops": 1,
        "Workers Planned": 1,
        "Workers Launched": 1,
        "Single Copy": false,
        "Plans": [
          {
            "Node Type": "Aggregate",
            "Strategy": "Plain",
            "Partial Mode": "Partial",
            "Parent Relationship": "Outer",
            "Parallel Aware": false,
            "Startup Cost": 164328.73,
            "Total Cost": 164328.74,
            "Plan Rows": 1,
            "Plan Width": 8,
            "Actual Startup Time": 1000.408,
            "Actual Total Time": 1000.409,
            "Actual Rows": 1,
            "Actual Loops": 2,
            "Plans": [
              {
                "Node Type": "Merge Join",
                "Parent Relationship": "Outer",
                "Parallel Aware": false,
                "Join Type": "Inner",
                "Startup Cost": 2.96,
                "Total Cost": 163784.67,
                "Plan Rows": 217624,
                "Plan Width": 0,
                "Actual Startup Time": 4.438,
                "Actual Total Time": 990.185,
                "Actual Rows": 226157,
                "Actual Loops": 2,
                "Inner Unique": false,
                "Merge Cond": "(t.id = mi_idx.movie_id)",
                "Plans": [
                  {
                    "Node Type": "Index Scan",
                    "Parent Relationship": "Outer",
                    "Parallel Aware": true,
                    "Scan Direction": "Forward",
                    "Index Name": "title_pkey",
                    "Relation Name": "title",
                    "Alias": "t",
                    "Startup Cost": 0.43,
                    "Total Cost": 103647.43,
                    "Plan Rows": 398697,
                    "Plan Width": 4,
                    "Actual Startup Time": 2.168,
                    "Actual Total Time": 620.135,
                    "Actual Rows": 341786,
                    "Actual Loops": 2,
                    "Filter": "(production_year < 1990)",
                    "Rows Removed by Filter": 921185
                  },
                  {
                    "Node Type": "Index Only Scan",
                    "Parent Relationship": "Inner",
                    "Parallel Aware": false,
                    "Scan Direction": "Forward",
                    "Index Name": "movie_id_movie_info_idx",
                    "Relation Name": "movie_info_idx",
                    "Alias": "mi_idx",
                    "Startup Cost": 0.43,
                    "Total Cost": 53620.22,
                    "Plan Rows": 1380035,
                    "Plan Width": 4,
                    "Actual Startup Time": 0.171,
                    "Actual Total Time": 270.479,
                    "Actual Rows": 1380035,
                    "Actual Loops": 2,
                    "Heap Fetches": 2760070
                  }
                ]
              }
            ]
          }
        ]
      }
    ]
  },
  "Planning Time": 0.645,
  "Triggers": [],
  "Execution Time": 1027.787
}