[
  {
    "Plan": {
      "Node Type": "Aggregate",
      "Strategy": "Plain",
      "Partial Mode": "Finalize",
      "Parallel Aware": false,
      "Startup Cost": 82873.42,
      "Total Cost": 82873.43,
      "Plan Rows": 1,
      "Plan Width": 8,
      "Actual Startup Time": 442.624,
      "Actual Total Time": 458.212,
      "Actual Rows": 1,
      "Actual Loops": 1,
      "Plans": [
        {
          "Node Type": "Gather",
          "Parent Relationship": "Outer",
          "Parallel Aware": false,
          "Startup Cost": 82873.0,
          "Total Cost": 82873.41,
          "Plan Rows": 4,
          "Plan Width": 8,
          "Actual Startup Time": 436.102,
          "Actual Total Time": 458.203,
          "Actual Rows": 5,
          "Actual Loops": 1,
          "Workers Planned": 4,
          "Workers Launched": 4,
          "Single Copy": false,
          "Plans": [
            {
              "Node Type": "Aggregate",
              "Strategy": "Plain",
              "Partial Mode": "Partial",
              "Parent Relationship": "Outer",
              "Parallel Aware": false,
              "Startup Cost": 81873.0,
              "Total Cost": 81873.01,
              "Plan Rows": 1,
              "Plan Width": 8,
              "Actual Startup Time": 426.532,
              "Actual Total Time": 426.732,
              "Actual Rows": 1,
              "Actual Loops": 5,
              "Plans": [
                {
                  "Node Type": "Hash Join",
                  "Parent Relationship": "Outer",
                  "Parallel Aware": true,
                  "Join Type": "Inner",
                  "Startup Cost": 35089.42,
                  "Total Cost": 81303.44,
                  "Plan Rows": 227825,
                  "Plan Width": 0,
                  "Actual Startup Time": 177.209,
                  "Actual Total Time": 416.738,
                  "Actual Rows": 220336,
                  "Actual Loops": 5,
                  "Inner Unique": false,
                  "Hash Cond": "(t.id = mc.movie_id)",
                  "Plans": [
                    {
                      "Node Type": "Seq Scan",
                      "Parent Relationship": "Outer",
                      "Parallel Aware": true,
                      "Relation Name": "title",
                      "Alias": "t",
                      "Startup Cost": 0.0,
                      "Total Cost": 42318.73,
                      "Plan Rows": 632073,
                      "Plan Width": 4,
                      "Actual Startup Time": 0.011,
                      "Actual Total Time": 67.263,
                      "Actual Rows": 505662,
                      "Actual Loops": 5
                    },
                    {
                      "Node Type": "Hash",
                      "Parent Relationship": "Inner",
                      "Parallel Aware": true,
                      "Startup Cost": 31414.82,
                      "Total Cost": 31414.82,
                      "Plan Rows": 293968,
                      "Plan Width": 4,
                      "Actual Startup Time": 172.892,
                      "Actual Total Time": 172.893,
                      "Actual Rows": 220336,
                      "Actual Loops": 5,
                      "Hash Buckets": 2097152,
                      "Original Hash Buckets": 1048576,
                      "Hash Batches": 1,
                      "Original Hash Batches": 1,
                      "Peak Memory Usage": 67776,
                      "Plans": [
                        {
                          "Node Type": "Seq Scan",
                          "Parent Relationship": "Outer",
                          "Parallel Aware": true,
                          "Relation Name": "movie_companies",
                          "Alias": "mc",
                          "Startup Cost": 0.0,
                          "Total Cost": 31414.82,
                          "Plan Rows": 293968,
                          "Plan Width": 4,
                          "Actual Startup Time": 44.859,
                          "Actual Total Time": 78.636,
                          "Actual Rows": 220336,
                          "Actual Loops": 5,
                          "Filter": "((company_id > 1830) AND (company_type_id = 2))",
                          "Rows Removed by Filter": 301490
                        }
                      ]
                    }
                  ]
                }
              ]
            }
          ]
        }
      ]
    },
    "Planning Time": 0.639,
    "Triggers": [],
    "Execution Time": 458.281
  }
]