{
  "Plan": {
    "Node Type": "Aggregate",
    "Strategy": "Plain",
    "Partial Mode": "Finalize",
    "Parallel Aware": false,
    "Startup Cost": 596022.19,
    "Total Cost": 596022.2,
    "Plan Rows": 1,
    "Plan Width": 8,
    "Actual Startup Time": 1936.953,
    "Actual Total Time": 2003.179,
    "Actual Rows": 1,
    "Actual Loops": 1,
    "Plans": [
      {
        "Node Type": "Gather",
        "Parent Relationship": "Outer",
        "Parallel Aware": false,
        "Startup Cost": 596022.08,
        "Total Cost": 596022.19,
        "Plan Rows": 1,
        "Plan Width": 8,
        "Actual Startup Time": 1936.798,
        "Actual Total Time": 2003.169,
        "Actual Rows": 2,
        "Actual Loops": 1,
        "Workers Planned": 1,
        "Workers Launched": 1,
        "Single Copy": false,
        "Plans": [
          {
            "Node Type": "Aggregate",
            "Strategy": "Plain",
            "Partial Mode": "Partial",
            "Parent Relationship": "Outer",
            "Parallel Aware": false,
            "Startup Cost": 595022.08,
            "Total Cost": 595022.09,
            "Plan Rows": 1,
            "Plan Width": 8,
            "Actual Startup Time": 1930.997,
            "Actual Total Time": 1931.0,
            "Actual Rows": 1,
            "Actual Loops": 2,
            "Plans": [
              {
                "Node Type": "Hash Join",
                "Parent Relationship": "Outer",
                "Parallel Aware": true,
                "Join Type": "Inner",
                "Startup Cost": 58422.11,
                "Total Cost": 594918.84,
                "Plan Rows": 41297,
                "Plan Width": 0,
                "Actual Startup Time": 142.55,
                "Actual Total Time": 1928.756,
                "Actual Rows": 42348,
                "Actual Loops": 2,
                "Inner Unique": true,
                "Hash Cond": "(ci.movie_id = t.id)",
                "Plans": [
                  {
                    "Node Type": "Seq Scan",
                    "Parent Relationship": "Outer",
                    "Parallel Aware": true,
                    "Relation Name": "cast_info",
                    "Alias": "ci",
                    "Startup Cost": 0.0,
                    "Total Cost": 519069.44,
                    "Plan Rows": 6638956,
                    "Plan Width": 4,
                    "Actual Startup Time": 0.015,
                    "Actual Total Time": 1290.243,
                    "Actual Rows": 5646716,
                    "Actual Loops": 2,
                    "Filter": "(person_id < 1108881)",
                    "Rows Removed by Filter": 12475456
                  },
                  {
                    "Node Type": "Hash",
                    "Parent Relationship": "Inner",
                    "Parallel Aware": true,
                    "Startup Cost": 58306.47,
                    "Total Cost": 58306.47,
                    "Plan Rows": 9251,
                    "Plan Width": 4,
                    "Actual Startup Time": 141.271,
                    "Actual Total Time": 141.272,
                    "Actual Rows": 8124,
                    "Actual Loops": 2,
                    "Hash Buckets": 16384,
                    "Original Hash Buckets": 16384,
                    "Hash Batches": 1,
                    "Original Hash Batches": 1,
                    "Peak Memory Usage": 800,
                    "Plans": [
                      {
                        "Node Type": "Seq Scan",
                        "Parent Relationship": "Outer",
                        "Parallel Aware": true,
                        "Relation Name": "title",
                        "Alias": "t",
                        "Startup Cost": 0.0,
                        "Total Cost": 58306.47,
                        "Plan Rows": 9251,
                        "Plan Width": 4,
                        "Actual Startup Time": 0.043,
                        "Actual Total Time": 138.556,
                        "Actual Rows": 8124,
                        "Actual Loops": 2,
                        "Filter": "((kind_id = 7) AND (production_year = 1993))",
                        "Rows Removed by Filter": 1256032
                      }
                    ]
                  }
                ]
              }
            ]
          }
        ]
      }
    ]
  },
  "Planning Time": 0.446,
  "Triggers": [],
  "Execution Time": 2003.259
}