{
  "Plan": {
    "Node Type": "Aggregate",
    "Strategy": "Plain",
    "Partial Mode": "Finalize",
    "Parallel Aware": false,
    "Startup Cost": 412761.92,
    "Total Cost": 412761.93,
    "Plan Rows": 1,
    "Plan Width": 8,
    "Actual Startup Time": 1291.492,
    "Actual Total Time": 1315.883,
    "Actual Rows": 1,
    "Actual Loops": 1,
    "Plans": [
      {
        "Node Type": "Gather",
        "Parent Relationship": "Outer",
        "Parallel Aware": false,
        "Startup Cost": 412761.81,
        "Total Cost": 412761.92,
        "Plan Rows": 1,
        "Plan Width": 8,
        "Actual Startup Time": 1284.982,
        "Actual Total Time": 1315.876,
        "Actual Rows": 2,
        "Actual Loops": 1,
        "Workers Planned": 1,
        "Workers Launched": 1,
        "Single Copy": false,
        "Plans": [
          {
            "Node Type": "Aggregate",
            "Strategy": "Plain",
            "Partial Mode": "Partial",
            "Parent Relationship": "Outer",
            "Parallel Aware": false,
            "Startup Cost": 411761.81,
            "Total Cost": 411761.82,
            "Plan Rows": 1,
            "Plan Width": 8,
            "Actual Startup Time": 1276.288,
            "Actual Total Time": 1276.295,
            "Actual Rows": 1,
            "Actual Loops": 2,
            "Plans": [
              {
                "Node Type": "Hash Join",
                "Parent Relationship": "Outer",
                "Parallel Aware": true,
                "Join Type": "Inner",
                "Startup Cost": 240386.98,
                "Total Cost": 410967.08,
                "Plan Rows": 317892,
                "Plan Width": 0,
                "Actual Startup Time": 1127.111,
                "Actual Total Time": 1258.28,
                "Actual Rows": 436401,
                "Actual Loops": 2,
                "Inner Unique": false,
                "Hash Cond": "(mi.movie_id = t.id)",
                "Plans": [
                  {
                    "Node Type": "Bitmap Heap Scan",
                    "Parent Relationship": "Outer",
                    "Parallel Aware": true,
                    "Relation Name": "movie_info",
                    "Alias": "mi",
                    "Startup Cost": 12730.49,
                    "Total Cost": 179890.53,
                    "Plan Rows": 413363,
                    "Plan Width": 4,
                    "Actual Startup Time": 19.193,
                    "Actual Total Time": 52.06,
                    "Actual Rows": 330462,
                    "Actual Loops": 2,
                    "Recheck Cond": "(info_type_id = 18)",
                    "Rows Removed by Index Recheck": 0,
                    "Exact Heap Blocks": 3616,
                    "Lossy Heap Blocks": 0,
                    "Plans": [
                      {
                        "Node Type": "Bitmap Index Scan",
                        "Parent Relationship": "Outer",
                        "Parallel Aware": false,
                        "Index Name": "info_type_id_movie_info",
                        "Startup Cost": 0.0,
                        "Total Cost": 12554.81,
                        "Plan Rows": 702717,
                        "Plan Width": 0,
                        "Actual Startup Time": 18.288,
                        "Actual Total Time": 18.288,
                        "Actual Rows": 660923,
                        "Actual Loops": 1,
                        "Index Cond": "(info_type_id = 18)"
                      }
                    ]
                  },
                  {
                    "Node Type": "Hash",
                    "Parent Relationship": "Inner",
                    "Parallel Aware": true,
                    "Startup Cost": 213359.77,
                    "Total Cost": 213359.77,
                    "Plan Rows": 1143738,
                    "Plan Width": 8,
                    "Actual Startup Time": 1093.375,
                    "Actual Total Time": 1093.38,
                    "Actual Rows": 313096,
                    "Actual Loops": 2,
                    "Hash Buckets": 2097152,
                    "Original Hash Buckets": 2097152,
                    "Hash Batches": 1,
                    "Original Hash Batches": 1,
                    "Peak Memory Usage": 40896,
                    "Plans": [
                      {
                        "Node Type": "Hash Join",
                        "Parent Relationship": "Outer",
                        "Parallel Aware": true,
                        "Join Type": "Inner",
                        "Startup Cost": 69461.26,
                        "Total Cost": 213359.77,
                        "Plan Rows": 1143738,
                        "Plan Width": 8,
                        "Actual Startup Time": 535.056,
                        "Actual Total Time": 984.95,
                        "Actual Rows": 313096,
                        "Actual Loops": 2,
                        "Inner Unique": true,
                        "Hash Cond": "(ci.movie_id = t.id)",
                        "Plans": [
                          {
                            "Node Type": "Index Scan",
                            "Parent Relationship": "Outer",
                            "Parallel Aware": true,
                            "Scan Direction": "Forward",
                            "Index Name": "role_id_cast_info",
                            "Relation Name": "cast_info",
                            "Alias": "ci",
                            "Startup Cost": 0.56,
                            "Total Cost": 140896.75,
                            "Plan Rows": 1143738,
                            "Plan Width": 4,
                            "Actual Startup Time": 0.053,
                            "Actual Total Time": 280.34,
                            "Actual Rows": 313096,
                            "Actual Loops": 2,
                            "Index Cond": "(role_id = 10)",
                            "Rows Removed by Index Recheck": 0,
                            "Filter": "(person_id < 1589529)",
                            "Rows Removed by Filter": 1848413
                          },
                          {
                            "Node Type": "Hash",
                            "Parent Relationship": "Inner",
                            "Parallel Aware": true,
                            "Startup Cost": 50870.31,
                            "Total Cost": 50870.31,
                            "Plan Rows": 1487231,
                            "Plan Width": 4,
                            "Actual Startup Time": 521.914,
                            "Actual Total Time": 521.916,
                            "Actual Rows": 1264156,
                            "Actual Loops": 2,
                            "Hash Buckets": 4194304,
                            "Original Hash Buckets": 4194304,
                            "Hash Batches": 1,
                            "Original Hash Batches": 1,
                            "Peak Memory Usage": 131712,
                            "Plans": [
                              {
                                "Node Type": "Seq Scan",
                                "Parent Relationship": "Outer",
                                "Parallel Aware": true,
                                "Relation Name": "title",
                                "Alias": "t",
                                "Startup Cost": 0.0,
                                "Total Cost": 50870.31,
                                "Plan Rows": 1487231,
                                "Plan Width": 4,
                                "Actual Startup Time": 0.027,
                                "Actual Total Time": 147.516,
                                "Actual Rows": 1264156,
                                "Actual Loops": 2
                              }
                            ]
                          }
                        ]
                      }
                    ]
                  }
                ]
              }
            ]
          }
        ]
      }
    ]
  },
  "Planning Time": 1.163,
  "Triggers": [],
  "Execution Time": 1315.996
}