[
  {
    "Plan": {
      "Node Type": "Aggregate",
      "Strategy": "Plain",
      "Partial Mode": "Finalize",
      "Parallel Aware": false,
      "Startup Cost": 107639.34,
      "Total Cost": 107639.35,
      "Plan Rows": 1,
      "Plan Width": 8,
      "Actual Startup Time": 459.856,
      "Actual Total Time": 478.691,
      "Actual Rows": 1,
      "Actual Loops": 1,
      "Plans": [
        {
          "Node Type": "Gather",
          "Parent Relationship": "Outer",
          "Parallel Aware": false,
          "Startup Cost": 107639.12,
          "Total Cost": 107639.33,
          "Plan Rows": 2,
          "Plan Width": 8,
          "Actual Startup Time": 458.591,
          "Actual Total Time": 478.682,
          "Actual Rows": 3,
          "Actual Loops": 1,
          "Workers Planned": 2,
          "Workers Launched": 2,
          "Single Copy": false,
          "Plans": [
            {
              "Node Type": "Aggregate",
              "Strategy": "Plain",
              "Partial Mode": "Partial",
              "Parent Relationship": "Outer",
              "Parallel Aware": false,
              "Startup Cost": 106639.12,
              "Total Cost": 106639.13,
              "Plan Rows": 1,
              "Plan Width": 8,
              "Actual Startup Time": 450.739,
              "Actual Total Time": 450.881,
              "Actual Rows": 1,
              "Actual Loops": 3,
              "Plans": [
                {
                  "Node Type": "Hash Join",
                  "Parent Relationship": "Outer",
                  "Parallel Aware": true,
                  "Join Type": "Inner",
                  "Startup Cost": 90562.68,
                  "Total Cost": 106536.52,
                  "Plan Rows": 41041,
                  "Plan Width": 0,
                  "Actual Startup Time": 381.851,
                  "Actual Total Time": 445.032,
                  "Actual Rows": 148149,
                  "Actual Loops": 3,
                  "Inner Unique": false,
                  "Hash Cond": "(mi_idx.movie_id = t.id)",
                  "Plans": [
                    {
                      "Node Type": "Seq Scan",
                      "Parent Relationship": "Outer",
                      "Parallel Aware": true,
                      "Relation Name": "movie_info_idx",
                      "Alias": "mi_idx",
                      "Startup Cost": 0.0,
                      "Total Cost": 13685.15,
                      "Plan Rows": 575015,
                      "Plan Width": 4,
                      "Actual Startup Time": 0.029,
                      "Actual Total Time": 35.088,
                      "Actual Rows": 460012,
                      "Actual Loops": 3
                    },
                    {
                      "Node Type": "Hash",
                      "Parent Relationship": "Inner",
                      "Parallel Aware": true,
                      "Startup Cost": 89835.05,
                      "Total Cost": 89835.05,
                      "Plan Rows": 58210,
                      "Plan Width": 8,
                      "Actual Startup Time": 357.842,
                      "Actual Total Time": 357.982,
                      "Actual Rows": 69078,
                      "Actual Loops": 3,
                      "Hash Buckets": 262144,
                      "Original Hash Buckets": 262144,
                      "Hash Batches": 1,
                      "Original Hash Batches": 1,
                      "Peak Memory Usage": 10208,
                      "Plans": [
                        {
                          "Node Type": "Hash Join",
                          "Parent Relationship": "Outer",
                          "Parallel Aware": true,
                          "Join Type": "Inner",
                          "Startup Cost": 44328.39,
                          "Total Cost": 89835.05,
                          "Plan Rows": 58210,
                          "Plan Width": 8,
                          "Actual Startup Time": 136.658,
                          "Actual Total Time": 344.259,
                          "Actual Rows": 69078,
                          "Actual Loops": 3,
                          "Inner Unique": true,
                          "Hash Cond": "(mk.movie_id = t.id)",
                          "Plans": [
                            {
                              "Node Type": "Seq Scan",
                              "Parent Relationship": "Outer",
                              "Parallel Aware": true,
                              "Relation Name": "movie_keyword",
                              "Alias": "mk",
                              "Startup Cost": 0.0,
                              "Total Cost": 42695.65,
                              "Plan Rows": 1070860,
                              "Plan Width": 4,
                              "Actual Startup Time": 0.103,
                              "Actual Total Time": 140.004,
                              "Actual Rows": 1104278,
                              "Actual Loops": 3,
                              "Filter": "(keyword_id > 1518)",
                              "Rows Removed by Filter": 403699
                            },
                            {
                              "Node Type": "Hash",
                              "Parent Relationship": "Inner",
                              "Parallel Aware": true,
                              "Startup Cost": 43898.92,
                              "Total Cost": 43898.92,
                              "Plan Rows": 34358,
                              "Plan Width": 4,
                              "Actual Startup Time": 119.554,
                              "Actual Total Time": 119.555,
                              "Actual Rows": 46216,
                              "Actual Loops": 3,
                              "Hash Buckets": 262144,
                              "Original Hash Buckets": 262144,
                              "Hash Batches": 1,
                              "Original Hash Batches": 1,
                              "Peak Memory Usage": 7520,
                              "Plans": [
                                {
                                  "Node Type": "Seq Scan",
                                  "Parent Relationship": "Outer",
                                  "Parallel Aware": true,
                                  "Relation Name": "title",
                                  "Alias": "t",
                                  "Startup Cost": 0.0,
                                  "Total Cost": 43898.92,
                                  "Plan Rows": 34358,
                                  "Plan Width": 4,
                                  "Actual Startup Time": 5.594,
                                  "Actual Total Time": 107.657,
                                  "Actual Rows": 46216,
                                  "Actual Loops": 3,
                                  "Filter": "(production_year < 1939)",
                                  "Rows Removed by Filter": 796555
                                }
                              ]
                            }
                          ]
                        }
                      ]
                    }
                  ]
                }
              ]
            }
          ]
        }
      ]
    },
    "Planning Time": 1.356,
    "Triggers": [],
    "Execution Time": 478.791
  }
]