[
    {
        "Bao": {
            "Bao prediction": 508.015,
            "Bao recommended hint": "(no hint)"
        }
    },
    {
        "Plan": {
            "Node Type": "Aggregate",
            "Strategy": "Plain",
            "Partial Mode": "Finalize",
            "Parallel Aware": false,
            "Startup Cost": 47033.54,
            "Total Cost": 47033.55,
            "Plan Rows": 1,
            "Plan Width": 8,
            "Actual Startup Time": 217.518,
            "Actual Total Time": 223.593,
            "Actual Rows": 1,
            "Actual Loops": 1,
            "Output": [
                "count(*)"
            ],
            "Plans": [
                {
                    "Node Type": "Gather",
                    "Parent Relationship": "Outer",
                    "Parallel Aware": false,
                    "Startup Cost": 47033.23,
                    "Total Cost": 47033.54,
                    "Plan Rows": 3,
                    "Plan Width": 8,
                    "Actual Startup Time": 217.386,
                    "Actual Total Time": 223.586,
                    "Actual Rows": 4,
                    "Actual Loops": 1,
                    "Output": [
                        "(PARTIAL count(*))"
                    ],
                    "Workers Planned": 3,
                    "Workers Launched": 3,
                    "Single Copy": false,
                    "Plans": [
                        {
                            "Node Type": "Aggregate",
                            "Strategy": "Plain",
                            "Partial Mode": "Partial",
                            "Parent Relationship": "Outer",
                            "Parallel Aware": false,
                            "Startup Cost": 46033.23,
                            "Total Cost": 46033.24,
                            "Plan Rows": 1,
                            "Plan Width": 8,
                            "Actual Startup Time": 209.899,
                            "Actual Total Time": 209.9,
                            "Actual Rows": 1,
                            "Actual Loops": 4,
                            "Output": [
                                "PARTIAL count(*)"
                            ],
                            "Workers": [
                                {
                                    "Worker Number": 0,
                                    "Actual Startup Time": 207.375,
                                    "Actual Total Time": 207.377,
                                    "Actual Rows": 1,
                                    "Actual Loops": 1
                                },
                                {
                                    "Worker Number": 1,
                                    "Actual Startup Time": 207.586,
                                    "Actual Total Time": 207.587,
                                    "Actual Rows": 1,
                                    "Actual Loops": 1
                                },
                                {
                                    "Worker Number": 2,
                                    "Actual Startup Time": 207.835,
                                    "Actual Total Time": 207.836,
                                    "Actual Rows": 1,
                                    "Actual Loops": 1
                                }
                            ],
                            "Plans": [
                                {
                                    "Node Type": "Seq Scan",
                                    "Parent Relationship": "Outer",
                                    "Parallel Aware": true,
                                    "Relation Name": "movie_keyword",
                                    "Schema": "public",
                                    "Alias": "mk",
                                    "Startup Cost": 0.0,
                                    "Total Cost": 42695.65,
                                    "Plan Rows": 1335029,
                                    "Plan Width": 0,
                                    "Actual Startup Time": 0.042,
                                    "Actual Total Time": 147.171,
                                    "Actual Rows": 1035672,
                                    "Actual Loops": 4,
                                    "Output": [
                                        "id",
                                        "movie_id",
                                        "keyword_id"
                                    ],
                                    "Filter": "(mk.keyword_id < 44839)",
                                    "Rows Removed by Filter": 95310,
                                    "Workers": [
                                        {
                                            "Worker Number": 0,
                                            "Actual Startup Time": 0.048,
                                            "Actual Total Time": 145.642,
                                            "Actual Rows": 862533,
                                            "Actual Loops": 1
                                        },
                                        {
                                            "Worker Number": 1,
                                            "Actual Startup Time": 0.049,
                                            "Actual Total Time": 145.738,
                                            "Actual Rows": 864109,
                                            "Actual Loops": 1
                                        },
                                        {
                                            "Worker Number": 2,
                                            "Actual Startup Time": 0.047,
                                            "Actual Total Time": 145.99,
                                            "Actual Rows": 864291,
                                            "Actual Loops": 1
                                        }
                                    ]
                                }
                            ]
                        }
                    ]
                }
            ]
        },
        "Planning Time": 285.334,
        "Triggers": [],
        "Execution Time": 223.685
    }
]