{
  "Plan": {
    "Node Type": "Aggregate",
    "Strategy": "Plain",
    "Partial Mode": "Finalize",
    "Parallel Aware": false,
    "Startup Cost": 260189.81,
    "Total Cost": 260189.82,
    "Plan Rows": 1,
    "Plan Width": 8,
    "Actual Startup Time": 656.53,
    "Actual Total Time": 673.216,
    "Actual Rows": 1,
    "Actual Loops": 1,
    "Plans": [
      {
        "Node Type": "Gather",
        "Parent Relationship": "Outer",
        "Parallel Aware": false,
        "Startup Cost": 260189.69,
        "Total Cost": 260189.8,
        "Plan Rows": 1,
        "Plan Width": 8,
        "Actual Startup Time": 650.885,
        "Actual Total Time": 673.208,
        "Actual Rows": 2,
        "Actual Loops": 1,
        "Workers Planned": 1,
        "Workers Launched": 1,
        "Single Copy": false,
        "Plans": [
          {
            "Node Type": "Aggregate",
            "Strategy": "Plain",
            "Partial Mode": "Partial",
            "Parent Relationship": "Outer",
            "Parallel Aware": false,
            "Startup Cost": 259189.69,
            "Total Cost": 259189.7,
            "Plan Rows": 1,
            "Plan Width": 8,
            "Actual Startup Time": 645.333,
            "Actual Total Time": 645.34,
            "Actual Rows": 1,
            "Actual Loops": 2,
            "Plans": [
              {
                "Node Type": "Merge Join",
                "Parent Relationship": "Outer",
                "Parallel Aware": false,
                "Join Type": "Inner",
                "Startup Cost": 257601.63,
                "Total Cost": 259174.66,
                "Plan Rows": 6014,
                "Plan Width": 0,
                "Actual Startup Time": 597.496,
                "Actual Total Time": 642.781,
                "Actual Rows": 67432,
                "Actual Loops": 2,
                "Inner Unique": false,
                "Merge Cond": "(t.id = mi.movie_id)",
                "Plans": [
                  {
                    "Node Type": "Sort",
                    "Parent Relationship": "Outer",
                    "Parallel Aware": false,
                    "Startup Cost": 129325.27,
                    "Total Cost": 129923.25,
                    "Plan Rows": 239192,
                    "Plan Width": 8,
                    "Actual Startup Time": 566.618,
                    "Actual Total Time": 579.336,
                    "Actual Rows": 339622,
                    "Actual Loops": 2,
                    "Sort Key": [
                      "t.id"
                    ],
                    "Sort Method": "quicksort",
                    "Sort Space Used": 28222,
                    "Sort Space Type": "Memory",
                    "Workers": [
                      {
                        "Worker Number": 0,
                        "Sort Method": "quicksort",
                        "Sort Space Used": 28200,
                        "Sort Space Type": "Memory"
                      }
                    ],
                    "Plans": [
                      {
                        "Node Type": "Hash Join",
                        "Parent Relationship": "Outer",
                        "Parallel Aware": true,
                        "Join Type": "Inner",
                        "Startup Cost": 64496.26,
                        "Total Cost": 107956.08,
                        "Plan Rows": 239192,
                        "Plan Width": 8,
                        "Actual Startup Time": 252.838,
                        "Actual Total Time": 494.477,
                        "Actual Rows": 339672,
                        "Actual Loops": 2,
                        "Inner Unique": true,
                        "Hash Cond": "(mc.movie_id = t.id)",
                        "Plans": [
                          {
                            "Node Type": "Index Scan",
                            "Parent Relationship": "Outer",
                            "Parallel Aware": true,
                            "Scan Direction": "Forward",
                            "Index Name": "company_type_id_movie_companies",
                            "Relation Name": "movie_companies",
                            "Alias": "mc",
                            "Startup Cost": 0.43,
                            "Total Cost": 41574.35,
                            "Plan Rows": 718438,
                            "Plan Width": 4,
                            "Actual Startup Time": 0.041,
                            "Actual Total Time": 113.675,
                            "Actual Rows": 582831,
                            "Actual Loops": 2,
                            "Index Cond": "(company_type_id < 2)",
                            "Rows Removed by Index Recheck": 0,
                            "Filter": "(company_id > 19)",
                            "Rows Removed by Filter": 54292
                          },
                          {
                            "Node Type": "Hash",
                            "Parent Relationship": "Inner",
                            "Parallel Aware": true,
                            "Startup Cost": 58306.47,
                            "Total Cost": 58306.47,
                            "Plan Rows": 495149,
                            "Plan Width": 4,
                            "Actual Startup Time": 243.592,
                            "Actual Total Time": 243.593,
                            "Actual Rows": 374934,
                            "Actual Loops": 2,
                            "Hash Buckets": 1048576,
                            "Original Hash Buckets": 1048576,
                            "Hash Batches": 1,
                            "Original Hash Batches": 1,
                            "Peak Memory Usage": 37536,
                            "Plans": [
                              {
                                "Node Type": "Seq Scan",
                                "Parent Relationship": "Outer",
                                "Parallel Aware": true,
                                "Relation Name": "title",
                                "Alias": "t",
                                "Startup Cost": 0.0,
                                "Total Cost": 58306.47,
                                "Plan Rows": 495149,
                                "Plan Width": 4,
                                "Actual Startup Time": 0.038,
                                "Actual Total Time": 155.27,
                                "Actual Rows": 374934,
                                "Actual Loops": 2,
                                "Filter": "((kind_id < 7) AND (production_year > 1966))",
                                "Rows Removed by Filter": 889222
                              }
                            ]
                          }
                        ]
                      }
                    ]
                  },
                  {
                    "Node Type": "Sort",
                    "Parent Relationship": "Inner",
                    "Parallel Aware": false,
                    "Startup Cost": 128276.34,
                    "Total Cost": 128435.26,
                    "Plan Rows": 63570,
                    "Plan Width": 4,
                    "Actual Startup Time": 30.829,
                    "Actual Total Time": 36.837,
                    "Actual Rows": 118744,
                    "Actual Loops": 2,
                    "Sort Key": [
                      "mi.movie_id"
                    ],
                    "Sort Method": "quicksort",
                    "Sort Space Used": 4402,
                    "Sort Space Type": "Memory",
                    "Workers": [
                      {
                        "Worker Number": 0,
                        "Sort Method": "quicksort",
                        "Sort Space Used": 4402,
                        "Sort Space Type": "Memory"
                      }
                    ],
                    "Plans": [
                      {
                        "Node Type": "Bitmap Heap Scan",
                        "Parent Relationship": "Outer",
                        "Parallel Aware": false,
                        "Relation Name": "movie_info",
                        "Alias": "mi",
                        "Startup Cost": 1153.1,
                        "Total Cost": 123204.7,
                        "Plan Rows": 63570,
                        "Plan Width": 4,
                        "Actual Startup Time": 2.837,
                        "Actual Total Time": 18.3,
                        "Actual Rows": 61128,
                        "Actual Loops": 2,
                        "Recheck Cond": "(info_type_id = 103)",
                        "Rows Removed by Index Recheck": 0,
                        "Exact Heap Blocks": 4954,
                        "Lossy Heap Blocks": 0,
                        "Plans": [
                          {
                            "Node Type": "Bitmap Index Scan",
                            "Parent Relationship": "Outer",
                            "Parallel Aware": false,
                            "Index Name": "info_type_id_movie_info",
                            "Startup Cost": 0.0,
                            "Total Cost": 1137.21,
                            "Plan Rows": 63570,
                            "Plan Width": 0,
                            "Actual Startup Time": 2.302,
                            "Actual Total Time": 2.303,
                            "Actual Rows": 61128,
                            "Actual Loops": 2,
                            "Index Cond": "(info_type_id = 103)"
                          }
                        ]
                      }
                    ]
                  }
                ]
              }
            ]
          }
        ]
      }
    ]
  },
  "Planning Time": 1.211,
  "Triggers": [],
  "Execution Time": 673.349
}