[
  {
    "Plan": {
      "Node Type": "Aggregate",
      "Strategy": "Plain",
      "Partial Mode": "Finalize",
      "Parallel Aware": false,
      "Startup Cost": 72688.19,
      "Total Cost": 72688.2,
      "Plan Rows": 1,
      "Plan Width": 8,
      "Actual Startup Time": 135.024,
      "Actual Total Time": 147.014,
      "Actual Rows": 1,
      "Actual Loops": 1,
      "Plans": [
        {
          "Node Type": "Gather",
          "Parent Relationship": "Outer",
          "Parallel Aware": false,
          "Startup Cost": 72687.87,
          "Total Cost": 72688.18,
          "Plan Rows": 3,
          "Plan Width": 8,
          "Actual Startup Time": 134.783,
          "Actual Total Time": 147.007,
          "Actual Rows": 4,
          "Actual Loops": 1,
          "Workers Planned": 3,
          "Workers Launched": 3,
          "Single Copy": false,
          "Plans": [
            {
              "Node Type": "Aggregate",
              "Strategy": "Plain",
              "Partial Mode": "Partial",
              "Parent Relationship": "Outer",
              "Parallel Aware": false,
              "Startup Cost": 71687.87,
              "Total Cost": 71687.88,
              "Plan Rows": 1,
              "Plan Width": 8,
              "Actual Startup Time": 129.338,
              "Actual Total Time": 129.342,
              "Actual Rows": 1,
              "Actual Loops": 4,
              "Plans": [
                {
                  "Node Type": "Nested Loop",
                  "Parent Relationship": "Outer",
                  "Parallel Aware": false,
                  "Join Type": "Inner",
                  "Startup Cost": 50137.41,
                  "Total Cost": 71685.36,
                  "Plan Rows": 1004,
                  "Plan Width": 0,
                  "Actual Startup Time": 117.68,
                  "Actual Total Time": 129.311,
                  "Actual Rows": 365,
                  "Actual Loops": 4,
                  "Inner Unique": false,
                  "Join Filter": "(t.id = mi.movie_id)",
                  "Rows Removed by Join Filter": 0,
                  "Plans": [
                    {
                      "Node Type": "Hash Join",
                      "Parent Relationship": "Outer",
                      "Parallel Aware": true,
                      "Join Type": "Inner",
                      "Startup Cost": 50136.97,
                      "Total Cost": 70056.72,
                      "Plan Rows": 171,
                      "Plan Width": 8,
                      "Actual Startup Time": 117.574,
                      "Actual Total Time": 127.878,
                      "Actual Rows": 46,
                      "Actual Loops": 4,
                      "Inner Unique": true,
                      "Hash Cond": "(mc.movie_id = t.id)",
                      "Plans": [
                        {
                          "Node Type": "Bitmap Heap Scan",
                          "Parent Relationship": "Outer",
                          "Parallel Aware": true,
                          "Relation Name": "movie_companies",
                          "Alias": "mc",
                          "Startup Cost": 4619.16,
                          "Total Cost": 24446.16,
                          "Plan Rows": 35332,
                          "Plan Width": 4,
                          "Actual Startup Time": 33.035,
                          "Actual Total Time": 41.752,
                          "Actual Rows": 11398,
                          "Actual Loops": 4,
                          "Recheck Cond": "(company_id < 69)",
                          "Rows Removed by Index Recheck": 0,
                          "Filter": "(company_type_id > 1)",
                          "Rows Removed by Filter": 41119,
                          "Exact Heap Blocks": 6428,
                          "Lossy Heap Blocks": 0,
                          "Plans": [
                            {
                              "Node Type": "Bitmap Index Scan",
                              "Parent Relationship": "Outer",
                              "Parallel Aware": false,
                              "Index Name": "company_id_movie_companies",
                              "Startup Cost": 0.0,
                              "Total Cost": 4591.78,
                              "Plan Rows": 214313,
                              "Plan Width": 0,
                              "Actual Startup Time": 10.008,
                              "Actual Total Time": 10.008,
                              "Actual Rows": 210066,
                              "Actual Loops": 1,
                              "Index Cond": "(company_id < 69)"
                            }
                          ]
                        },
                        {
                          "Node Type": "Hash",
                          "Parent Relationship": "Inner",
                          "Parallel Aware": true,
                          "Startup Cost": 45479.59,
                          "Total Cost": 45479.59,
                          "Plan Rows": 3058,
                          "Plan Width": 4,
                          "Actual Startup Time": 83.884,
                          "Actual Total Time": 83.885,
                          "Actual Rows": 3161,
                          "Actual Loops": 4,
                          "Hash Buckets": 16384,
                          "Original Hash Buckets": 16384,
                          "Hash Batches": 1,
                          "Original Hash Batches": 1,
                          "Peak Memory Usage": 672,
                          "Plans": [
                            {
                              "Node Type": "Seq Scan",
                              "Parent Relationship": "Outer",
                              "Parallel Aware": true,
                              "Relation Name": "title",
                              "Alias": "t",
                              "Startup Cost": 0.0,
                              "Total Cost": 45479.59,
                              "Plan Rows": 3058,
                              "Plan Width": 4,
                              "Actual Startup Time": 0.049,
                              "Actual Total Time": 82.317,
                              "Actual Rows": 3161,
                              "Actual Loops": 4,
                              "Filter": "((kind_id = 7) AND (production_year = 1989))",
                              "Rows Removed by Filter": 628917
                            }
                          ]
                        }
                      ]
                    },
                    {
                      "Node Type": "Index Only Scan",
                      "Parent Relationship": "Inner",
                      "Parallel Aware": false,
                      "Scan Direction": "Forward",
                      "Index Name": "movie_id_movie_info",
                      "Relation Name": "movie_info",
                      "Alias": "mi",
                      "Startup Cost": 0.43,
                      "Total Cost": 9.01,
                      "Plan Rows": 41,
                      "Plan Width": 4,
                      "Actual Startup Time": 0.014,
                      "Actual Total Time": 0.029,
                      "Actual Rows": 8,
                      "Actual Loops": 186,
                      "Index Cond": "(movie_id = mc.movie_id)",
                      "Rows Removed by Index Recheck": 0,
                      "Heap Fetches": 1461
                    }
                  ]
                }
              ]
            }
          ]
        }
      ]
    },
    "Planning Time": 0.472,
    "Triggers": [],
    "Execution Time": 147.067
  }
]