[
  {
    "Plan": {
      "Node Type": "Aggregate",
      "Strategy": "Plain",
      "Partial Mode": "Finalize",
      "Parallel Aware": false,
      "Startup Cost": 395291.54,
      "Total Cost": 395291.55,
      "Plan Rows": 1,
      "Plan Width": 8,
      "Actual Startup Time": 1366.952,
      "Actual Total Time": 1390.981,
      "Actual Rows": 1,
      "Actual Loops": 1,
      "Plans": [
        {
          "Node Type": "Gather",
          "Parent Relationship": "Outer",
          "Parallel Aware": false,
          "Startup Cost": 395291.23,
          "Total Cost": 395291.54,
          "Plan Rows": 3,
          "Plan Width": 8,
          "Actual Startup Time": 1348.84,
          "Actual Total Time": 1390.971,
          "Actual Rows": 4,
          "Actual Loops": 1,
          "Workers Planned": 3,
          "Workers Launched": 3,
          "Single Copy": false,
          "Plans": [
            {
              "Node Type": "Aggregate",
              "Strategy": "Plain",
              "Partial Mode": "Partial",
              "Parent Relationship": "Outer",
              "Parallel Aware": false,
              "Startup Cost": 394291.23,
              "Total Cost": 394291.24,
              "Plan Rows": 1,
              "Plan Width": 8,
              "Actual Startup Time": 1339.757,
              "Actual Total Time": 1340.478,
              "Actual Rows": 1,
              "Actual Loops": 4,
              "Plans": [
                {
                  "Node Type": "Hash Join",
                  "Parent Relationship": "Outer",
                  "Parallel Aware": true,
                  "Join Type": "Inner",
                  "Startup Cost": 348011.37,
                  "Total Cost": 393411.2,
                  "Plan Rows": 352009,
                  "Plan Width": 0,
                  "Actual Startup Time": 840.656,
                  "Actual Total Time": 1241.843,
                  "Actual Rows": 1940545,
                  "Actual Loops": 4,
                  "Inner Unique": false,
                  "Hash Cond": "(mk.movie_id = t.id)",
                  "Plans": [
                    {
                      "Node Type": "Seq Scan",
                      "Parent Relationship": "Outer",
                      "Parallel Aware": true,
                      "Relation Name": "movie_keyword",
                      "Alias": "mk",
                      "Startup Cost": 0.0,
                      "Total Cost": 39047.32,
                      "Plan Rows": 1459332,
                      "Plan Width": 4,
                      "Actual Startup Time": 0.038,
                      "Actual Total Time": 102.942,
                      "Actual Rows": 1130982,
                      "Actual Loops": 4
                    },
                    {
                      "Node Type": "Hash",
                      "Parent Relationship": "Inner",
                      "Parallel Aware": true,
                      "Startup Cost": 346105.57,
                      "Total Cost": 346105.57,
                      "Plan Rows": 152464,
                      "Plan Width": 8,
                      "Actual Startup Time": 835.544,
                      "Actual Total Time": 836.263,
                      "Actual Rows": 321076,
                      "Actual Loops": 4,
                      "Hash Buckets": 2097152,
                      "Original Hash Buckets": 1048576,
                      "Hash Batches": 1,
                      "Original Hash Batches": 1,
                      "Peak Memory Usage": 74912,
                      "Plans": [
                        {
                          "Node Type": "Hash Join",
                          "Parent Relationship": "Outer",
                          "Parallel Aware": true,
                          "Join Type": "Inner",
                          "Startup Cost": 297212.0,
                          "Total Cost": 346105.57,
                          "Plan Rows": 152464,
                          "Plan Width": 8,
                          "Actual Startup Time": 316.927,
                          "Actual Total Time": 697.015,
                          "Actual Rows": 321076,
                          "Actual Loops": 4,
                          "Inner Unique": false,
                          "Hash Cond": "(t.id = ci.movie_id)",
                          "Plans": [
                            {
                              "Node Type": "Seq Scan",
                              "Parent Relationship": "Outer",
                              "Parallel Aware": true,
                              "Relation Name": "title",
                              "Alias": "t",
                              "Startup Cost": 0.0,
                              "Total Cost": 42318.73,
                              "Plan Rows": 632073,
                              "Plan Width": 4,
                              "Actual Startup Time": 0.012,
                              "Actual Total Time": 88.941,
                              "Actual Rows": 632078,
                              "Actual Loops": 4
                            },
                            {
                              "Node Type": "Hash",
                              "Parent Relationship": "Inner",
                              "Parallel Aware": true,
                              "Startup Cost": 295941.48,
                              "Total Cost": 295941.48,
                              "Plan Rows": 101642,
                              "Plan Width": 4,
                              "Actual Startup Time": 314.127,
                              "Actual Total Time": 314.129,
                              "Actual Rows": 321076,
                              "Actual Loops": 4,
                              "Hash Buckets": 2097152,
                              "Original Hash Buckets": 1048576,
                              "Hash Batches": 1,
                              "Original Hash Batches": 1,
                              "Peak Memory Usage": 74880,
                              "Plans": [
                                {
                                  "Node Type": "Bitmap Heap Scan",
                                  "Parent Relationship": "Outer",
                                  "Parallel Aware": true,
                                  "Relation Name": "cast_info",
                                  "Alias": "ci",
                                  "Startup Cost": 38827.12,
                                  "Total Cost": 295941.48,
                                  "Plan Rows": 101642,
                                  "Plan Width": 4,
                                  "Actual Startup Time": 69.738,
                                  "Actual Total Time": 169.539,
                                  "Actual Rows": 321076,
                                  "Actual Loops": 4,
                                  "Recheck Cond": "(person_id < 177751)",
                                  "Rows Removed by Index Recheck": 0,
                                  "Filter": "(role_id = 1)",
                                  "Rows Removed by Filter": 126455,
                                  "Exact Heap Blocks": 7330,
                                  "Lossy Heap Blocks": 0,
                                  "Plans": [
                                    {
                                      "Node Type": "Bitmap Index Scan",
                                      "Parent Relationship": "Outer",
                                      "Parallel Aware": false,
                                      "Index Name": "person_id_cast_info",
                                      "Startup Cost": 0.0,
                                      "Total Cost": 38674.65,
                                      "Plan Rows": 1770945,
                                      "Plan Width": 0,
                                      "Actual Startup Time": 66.637,
                                      "Actual Total Time": 66.638,
                                      "Actual Rows": 1790124,
                                      "Actual Loops": 1,
                                      "Index Cond": "(person_id < 177751)"
                                    }
                                  ]
                                }
                              ]
                            }
                          ]
                        }
                      ]
                    }
                  ]
                }
              ]
            }
          ]
        }
      ]
    },
    "Planning Time": 1.303,
    "Triggers": [],
    "Execution Time": 1391.088
  }
]