[
  {
    "Plan": {
      "Node Type": "Aggregate",
      "Strategy": "Plain",
      "Partial Mode": "Finalize",
      "Parallel Aware": false,
      "Startup Cost": 55268.06,
      "Total Cost": 55268.07,
      "Plan Rows": 1,
      "Plan Width": 8,
      "Actual Startup Time": 120.238,
      "Actual Total Time": 134.118,
      "Actual Rows": 1,
      "Actual Loops": 1,
      "Plans": [
        {
          "Node Type": "Gather",
          "Parent Relationship": "Outer",
          "Parallel Aware": false,
          "Startup Cost": 55267.75,
          "Total Cost": 55268.06,
          "Plan Rows": 3,
          "Plan Width": 8,
          "Actual Startup Time": 120.024,
          "Actual Total Time": 134.111,
          "Actual Rows": 4,
          "Actual Loops": 1,
          "Workers Planned": 3,
          "Workers Launched": 3,
          "Single Copy": false,
          "Plans": [
            {
              "Node Type": "Aggregate",
              "Strategy": "Plain",
              "Partial Mode": "Partial",
              "Parent Relationship": "Outer",
              "Parallel Aware": false,
              "Startup Cost": 54267.75,
              "Total Cost": 54267.76,
              "Plan Rows": 1,
              "Plan Width": 8,
              "Actual Startup Time": 110.827,
              "Actual Total Time": 110.83,
              "Actual Rows": 1,
              "Actual Loops": 4,
              "Plans": [
                {
                  "Node Type": "Hash Join",
                  "Parent Relationship": "Outer",
                  "Parallel Aware": true,
                  "Join Type": "Inner",
                  "Startup Cost": 45509.3,
                  "Total Cost": 54267.18,
                  "Plan Rows": 226,
                  "Plan Width": 0,
                  "Actual Startup Time": 96.167,
                  "Actual Total Time": 110.81,
                  "Actual Rows": 112,
                  "Actual Loops": 4,
                  "Inner Unique": true,
                  "Hash Cond": "(ci.movie_id = t.id)",
                  "Plans": [
                    {
                      "Node Type": "Index Scan",
                      "Parent Relationship": "Outer",
                      "Parallel Aware": true,
                      "Scan Direction": "Forward",
                      "Index Name": "role_id_cast_info",
                      "Relation Name": "cast_info",
                      "Alias": "ci",
                      "Startup Cost": 0.56,
                      "Total Cost": 8600.37,
                      "Plan Rows": 60218,
                      "Plan Width": 4,
                      "Actual Startup Time": 0.128,
                      "Actual Total Time": 12.725,
                      "Actual Rows": 19827,
                      "Actual Loops": 4,
                      "Index Cond": "(role_id > 10)",
                      "Rows Removed by Index Recheck": 0,
                      "Filter": "(person_id < 2318919)",
                      "Rows Removed by Filter": 59202
                    },
                    {
                      "Node Type": "Hash",
                      "Parent Relationship": "Inner",
                      "Parallel Aware": true,
                      "Startup Cost": 45479.1,
                      "Total Cost": 45479.1,
                      "Plan Rows": 2371,
                      "Plan Width": 4,
                      "Actual Startup Time": 94.814,
                      "Actual Total Time": 94.815,
                      "Actual Rows": 1397,
                      "Actual Loops": 4,
                      "Hash Buckets": 16384,
                      "Original Hash Buckets": 16384,
                      "Hash Batches": 1,
                      "Original Hash Batches": 1,
                      "Peak Memory Usage": 384,
                      "Plans": [
                        {
                          "Node Type": "Seq Scan",
                          "Parent Relationship": "Outer",
                          "Parallel Aware": true,
                          "Relation Name": "title",
                          "Alias": "t",
                          "Startup Cost": 0.0,
                          "Total Cost": 45479.1,
                          "Plan Rows": 2371,
                          "Plan Width": 4,
                          "Actual Startup Time": 63.111,
                          "Actual Total Time": 94.075,
                          "Actual Rows": 1397,
                          "Actual Loops": 4,
                          "Filter": "((kind_id = 1) AND (production_year = 1995))",
                          "Rows Removed by Filter": 630681
                        }
                      ]
                    }
                  ]
                }
              ]
            }
          ]
        }
      ]
    },
    "Planning Time": 0.65,
    "Triggers": [],
    "Execution Time": 134.195
  }
]