[
  {
    "Plan": {
      "Node Type": "Aggregate",
      "Strategy": "Plain",
      "Partial Mode": "Finalize",
      "Parallel Aware": false,
      "Startup Cost": 213552.27,
      "Total Cost": 213552.28,
      "Plan Rows": 1,
      "Plan Width": 8,
      "Actual Startup Time": 2000.085,
      "Actual Total Time": 2091.803,
      "Actual Rows": 1,
      "Actual Loops": 1,
      "Plans": [
        {
          "Node Type": "Gather",
          "Parent Relationship": "Outer",
          "Parallel Aware": false,
          "Startup Cost": 213551.75,
          "Total Cost": 213552.26,
          "Plan Rows": 5,
          "Plan Width": 8,
          "Actual Startup Time": 1995.706,
          "Actual Total Time": 2091.792,
          "Actual Rows": 6,
          "Actual Loops": 1,
          "Workers Planned": 5,
          "Workers Launched": 5,
          "Single Copy": false,
          "Plans": [
            {
              "Node Type": "Aggregate",
              "Strategy": "Plain",
              "Partial Mode": "Partial",
              "Parent Relationship": "Outer",
              "Parallel Aware": false,
              "Startup Cost": 212551.75,
              "Total Cost": 212551.76,
              "Plan Rows": 1,
              "Plan Width": 8,
              "Actual Startup Time": 1988.403,
              "Actual Total Time": 1988.406,
              "Actual Rows": 1,
              "Actual Loops": 6,
              "Plans": [
                {
                  "Node Type": "Nested Loop",
                  "Parent Relationship": "Outer",
                  "Parallel Aware": false,
                  "Join Type": "Inner",
                  "Startup Cost": 92819.93,
                  "Total Cost": 212181.39,
                  "Plan Rows": 148143,
                  "Plan Width": 0,
                  "Actual Startup Time": 378.985,
                  "Actual Total Time": 1951.346,
                  "Actual Rows": 708073,
                  "Actual Loops": 6,
                  "Inner Unique": false,
                  "Join Filter": "(t.id = ci.movie_id)",
                  "Rows Removed by Join Filter": 0,
                  "Plans": [
                    {
                      "Node Type": "Merge Join",
                      "Parent Relationship": "Outer",
                      "Parallel Aware": false,
                      "Join Type": "Inner",
                      "Startup Cost": 92819.36,
                      "Total Cost": 137734.42,
                      "Plan Rows": 29490,
                      "Plan Width": 8,
                      "Actual Startup Time": 378.82,
                      "Actual Total Time": 562.844,
                      "Actual Rows": 58865,
                      "Actual Loops": 6,
                      "Inner Unique": true,
                      "Merge Cond": "(mi_idx.movie_id = t.id)",
                      "Plans": [
                        {
                          "Node Type": "Index Only Scan",
                          "Parent Relationship": "Outer",
                          "Parallel Aware": true,
                          "Scan Direction": "Forward",
                          "Index Name": "movie_id_movie_info_idx",
                          "Relation Name": "movie_info_idx",
                          "Alias": "mi_idx",
                          "Startup Cost": 0.43,
                          "Total Cost": 42581.41,
                          "Plan Rows": 276007,
                          "Plan Width": 4,
                          "Actual Startup Time": 0.12,
                          "Actual Total Time": 62.192,
                          "Actual Rows": 230006,
                          "Actual Loops": 6,
                          "Heap Fetches": 1380035
                        },
                        {
                          "Node Type": "Sort",
                          "Parent Relationship": "Inner",
                          "Parallel Aware": false,
                          "Startup Cost": 92818.77,
                          "Total Cost": 93494.15,
                          "Plan Rows": 270153,
                          "Plan Width": 4,
                          "Actual Startup Time": 378.657,
                          "Actual Total Time": 449.368,
                          "Actual Rows": 391133,
                          "Actual Loops": 6,
                          "Sort Key": [
                            "t.id"
                          ],
                          "Sort Method": "quicksort",
                          "Sort Space Used": 30664,
                          "Sort Space Type": "Memory",
                          "Workers": [
                            {
                              "Worker Number": 0,
                              "Sort Method": "quicksort",
                              "Sort Space Used": 30664,
                              "Sort Space Type": "Memory"
                            },
                            {
                              "Worker Number": 1,
                              "Sort Method": "quicksort",
                              "Sort Space Used": 30664,
                              "Sort Space Type": "Memory"
                            },
                            {
                              "Worker Number": 2,
                              "Sort Method": "quicksort",
                              "Sort Space Used": 30664,
                              "Sort Space Type": "Memory"
                            },
                            {
                              "Worker Number": 3,
                              "Sort Method": "quicksort",
                              "Sort Space Used": 30664,
                              "Sort Space Type": "Memory"
                            },
                            {
                              "Worker Number": 4,
                              "Sort Method": "quicksort",
                              "Sort Space Used": 30664,
                              "Sort Space Type": "Memory"
                            }
                          ],
                          "Plans": [
                            {
                              "Node Type": "Bitmap Heap Scan",
                              "Parent Relationship": "Outer",
                              "Parallel Aware": false,
                              "Relation Name": "title",
                              "Alias": "t",
                              "Startup Cost": 17650.76,
                              "Total Cost": 68446.35,
                              "Plan Rows": 270153,
                              "Plan Width": 4,
                              "Actual Startup Time": 59.396,
                              "Actual Total Time": 252.026,
                              "Actual Rows": 392019,
                              "Actual Loops": 6,
                              "Recheck Cond": "(kind_id < 7)",
                              "Rows Removed by Index Recheck": 0,
                              "Filter": "(production_year < 1991)",
                              "Rows Removed by Filter": 593029,
                              "Exact Heap Blocks": 35472,
                              "Lossy Heap Blocks": 0,
                              "Plans": [
                                {
                                  "Node Type": "Bitmap Index Scan",
                                  "Parent Relationship": "Outer",
                                  "Parallel Aware": false,
                                  "Index Name": "kind_id_title",
                                  "Startup Cost": 0.0,
                                  "Total Cost": 17583.22,
                                  "Plan Rows": 986506,
                                  "Plan Width": 0,
                                  "Actual Startup Time": 54.084,
                                  "Actual Total Time": 54.085,
                                  "Actual Rows": 985048,
                                  "Actual Loops": 6,
                                  "Index Cond": "(kind_id < 7)"
                                }
                              ]
                            }
                          ]
                        }
                      ]
                    },
                    {
                      "Node Type": "Index Scan",
                      "Parent Relationship": "Inner",
                      "Parallel Aware": false,
                      "Scan Direction": "Forward",
                      "Index Name": "movie_id_cast_info",
                      "Relation Name": "cast_info",
                      "Alias": "ci",
                      "Startup Cost": 0.56,
                      "Total Cost": 2.37,
                      "Plan Rows": 12,
                      "Plan Width": 4,
                      "Actual Startup Time": 0.004,
                      "Actual Total Time": 0.022,
                      "Actual Rows": 12,
                      "Actual Loops": 353189,
                      "Index Cond": "(movie_id = mi_idx.movie_id)",
                      "Rows Removed by Index Recheck": 0,
                      "Filter": "(role_id < 2)",
                      "Rows Removed by Filter": 13
                    }
                  ]
                }
              ]
            }
          ]
        }
      ]
    },
    "Planning Time": 1.24,
    "Triggers": [],
    "Execution Time": 2097.363
  }
]