[
  {
    "Plan": {
      "Node Type": "Aggregate",
      "Strategy": "Plain",
      "Partial Mode": "Finalize",
      "Parallel Aware": false,
      "Startup Cost": 24763.17,
      "Total Cost": 24763.18,
      "Plan Rows": 1,
      "Plan Width": 8,
      "Actual Startup Time": 37.583,
      "Actual Total Time": 41.133,
      "Actual Rows": 1,
      "Actual Loops": 1,
      "Plans": [
        {
          "Node Type": "Gather",
          "Parent Relationship": "Outer",
          "Parallel Aware": false,
          "Startup Cost": 24762.85,
          "Total Cost": 24763.16,
          "Plan Rows": 3,
          "Plan Width": 8,
          "Actual Startup Time": 37.429,
          "Actual Total Time": 41.126,
          "Actual Rows": 4,
          "Actual Loops": 1,
          "Workers Planned": 3,
          "Workers Launched": 3,
          "Single Copy": false,
          "Plans": [
            {
              "Node Type": "Aggregate",
              "Strategy": "Plain",
              "Partial Mode": "Partial",
              "Parent Relationship": "Outer",
              "Parallel Aware": false,
              "Startup Cost": 23762.85,
              "Total Cost": 23762.86,
              "Plan Rows": 1,
              "Plan Width": 8,
              "Actual Startup Time": 32.029,
              "Actual Total Time": 32.03,
              "Actual Rows": 1,
              "Actual Loops": 4,
              "Plans": [
                {
                  "Node Type": "Bitmap Heap Scan",
                  "Parent Relationship": "Outer",
                  "Parallel Aware": true,
                  "Relation Name": "movie_companies",
                  "Alias": "mc",
                  "Startup Cost": 3999.05,
                  "Total Cost": 23686.41,
                  "Plan Rows": 30574,
                  "Plan Width": 0,
                  "Actual Startup Time": 6.752,
                  "Actual Total Time": 29.114,
                  "Actual Rows": 45513,
                  "Actual Loops": 4,
                  "Recheck Cond": "(company_id > 119521)",
                  "Rows Removed by Index Recheck": 0,
                  "Filter": "(company_type_id = 2)",
                  "Rows Removed by Filter": 0,
                  "Exact Heap Blocks": 1925,
                  "Lossy Heap Blocks": 0,
                  "Plans": [
                    {
                      "Node Type": "Bitmap Index Scan",
                      "Parent Relationship": "Outer",
                      "Parallel Aware": false,
                      "Index Name": "company_id_movie_companies",
                      "Startup Cost": 0.0,
                      "Total Cost": 3975.35,
                      "Plan Rows": 185456,
                      "Plan Width": 0,
                      "Actual Startup Time": 10.785,
                      "Actual Total Time": 10.786,
                      "Actual Rows": 182053,
                      "Actual Loops": 1,
                      "Index Cond": "(company_id > 119521)"
                    }
                  ]
                }
              ]
            }
          ]
        }
      ]
    },
    "Planning Time": 0.105,
    "Triggers": [],
    "Execution Time": 41.17
  }
]