[
  {
    "Plan": {
      "Node Type": "Aggregate",
      "Strategy": "Plain",
      "Partial Mode": "Finalize",
      "Parallel Aware": false,
      "Startup Cost": 24801.2,
      "Total Cost": 24801.21,
      "Plan Rows": 1,
      "Plan Width": 8,
      "Actual Startup Time": 55.797,
      "Actual Total Time": 59.774,
      "Actual Rows": 1,
      "Actual Loops": 1,
      "Plans": [
        {
          "Node Type": "Gather",
          "Parent Relationship": "Outer",
          "Parallel Aware": false,
          "Startup Cost": 24800.88,
          "Total Cost": 24801.19,
          "Plan Rows": 3,
          "Plan Width": 8,
          "Actual Startup Time": 55.635,
          "Actual Total Time": 59.767,
          "Actual Rows": 4,
          "Actual Loops": 1,
          "Workers Planned": 3,
          "Workers Launched": 3,
          "Single Copy": false,
          "Plans": [
            {
              "Node Type": "Aggregate",
              "Strategy": "Plain",
              "Partial Mode": "Partial",
              "Parent Relationship": "Outer",
              "Parallel Aware": false,
              "Startup Cost": 23800.88,
              "Total Cost": 23800.89,
              "Plan Rows": 1,
              "Plan Width": 8,
              "Actual Startup Time": 49.22,
              "Actual Total Time": 49.221,
              "Actual Rows": 1,
              "Actual Loops": 4,
              "Plans": [
                {
                  "Node Type": "Bitmap Heap Scan",
                  "Parent Relationship": "Outer",
                  "Parallel Aware": true,
                  "Relation Name": "movie_companies",
                  "Alias": "mc",
                  "Startup Cost": 4029.96,
                  "Total Cost": 23724.35,
                  "Plan Rows": 30613,
                  "Plan Width": 0,
                  "Actual Startup Time": 16.285,
                  "Actual Total Time": 45.368,
                  "Actual Rows": 45513,
                  "Actual Loops": 4,
                  "Recheck Cond": "(company_id > 119521)",
                  "Rows Removed by Index Recheck": 0,
                  "Filter": "(company_type_id = 2)",
                  "Rows Removed by Filter": 0,
                  "Exact Heap Blocks": 2323,
                  "Lossy Heap Blocks": 0,
                  "Plans": [
                    {
                      "Node Type": "Bitmap Index Scan",
                      "Parent Relationship": "Outer",
                      "Parallel Aware": false,
                      "Index Name": "company_id_movie_companies",
                      "Startup Cost": 0.0,
                      "Total Cost": 4006.23,
                      "Plan Rows": 186907,
                      "Plan Width": 0,
                      "Actual Startup Time": 20.556,
                      "Actual Total Time": 20.556,
                      "Actual Rows": 182053,
                      "Actual Loops": 1,
                      "Index Cond": "(company_id > 119521)"
                    }
                  ]
                }
              ]
            }
          ]
        }
      ]
    },
    "Planning Time": 0.232,
    "Triggers": [],
    "Execution Time": 59.843
  }
]