[
  {
    "Plan": {
      "Node Type": "Aggregate",
      "Strategy": "Plain",
      "Partial Mode": "Finalize",
      "Parallel Aware": false,
      "Startup Cost": 76913.25,
      "Total Cost": 76913.26,
      "Plan Rows": 1,
      "Plan Width": 8,
      "Actual Startup Time": 360.652,
      "Actual Total Time": 378.167,
      "Actual Rows": 1,
      "Actual Loops": 1,
      "Plans": [
        {
          "Node Type": "Gather",
          "Parent Relationship": "Outer",
          "Parallel Aware": false,
          "Startup Cost": 76912.93,
          "Total Cost": 76913.24,
          "Plan Rows": 3,
          "Plan Width": 8,
          "Actual Startup Time": 358.167,
          "Actual Total Time": 378.157,
          "Actual Rows": 4,
          "Actual Loops": 1,
          "Workers Planned": 3,
          "Workers Launched": 3,
          "Single Copy": false,
          "Plans": [
            {
              "Node Type": "Aggregate",
              "Strategy": "Plain",
              "Partial Mode": "Partial",
              "Parent Relationship": "Outer",
              "Parallel Aware": false,
              "Startup Cost": 75912.93,
              "Total Cost": 75912.94,
              "Plan Rows": 1,
              "Plan Width": 8,
              "Actual Startup Time": 351.149,
              "Actual Total Time": 351.152,
              "Actual Rows": 1,
              "Actual Loops": 4,
              "Plans": [
                {
                  "Node Type": "Hash Join",
                  "Parent Relationship": "Outer",
                  "Parallel Aware": true,
                  "Join Type": "Inner",
                  "Startup Cost": 45950.75,
                  "Total Cost": 75366.64,
                  "Plan Rows": 218519,
                  "Plan Width": 0,
                  "Actual Startup Time": 159.851,
                  "Actual Total Time": 345.096,
                  "Actual Rows": 131144,
                  "Actual Loops": 4,
                  "Inner Unique": true,
                  "Hash Cond": "(mc.movie_id = t.id)",
                  "Plans": [
                    {
                      "Node Type": "Seq Scan",
                      "Parent Relationship": "Outer",
                      "Parallel Aware": true,
                      "Relation Name": "movie_companies",
                      "Alias": "mc",
                      "Startup Cost": 0.0,
                      "Total Cost": 27206.55,
                      "Plan Rows": 841655,
                      "Plan Width": 4,
                      "Actual Startup Time": 0.009,
                      "Actual Total Time": 58.991,
                      "Actual Rows": 652282,
                      "Actual Loops": 4
                    },
                    {
                      "Node Type": "Hash",
                      "Parent Relationship": "Inner",
                      "Parallel Aware": true,
                      "Startup Cost": 43899.32,
                      "Total Cost": 43899.32,
                      "Plan Rows": 164114,
                      "Plan Width": 4,
                      "Actual Startup Time": 156.802,
                      "Actual Total Time": 156.803,
                      "Actual Rows": 165516,
                      "Actual Loops": 4,
                      "Hash Buckets": 1048576,
                      "Original Hash Buckets": 1048576,
                      "Hash Batches": 1,
                      "Original Hash Batches": 1,
                      "Peak Memory Usage": 34144,
                      "Plans": [
                        {
                          "Node Type": "Seq Scan",
                          "Parent Relationship": "Outer",
                          "Parallel Aware": true,
                          "Relation Name": "title",
                          "Alias": "t",
                          "Startup Cost": 0.0,
                          "Total Cost": 43899.32,
                          "Plan Rows": 164114,
                          "Plan Width": 4,
                          "Actual Startup Time": 0.035,
                          "Actual Total Time": 98.461,
                          "Actual Rows": 165516,
                          "Actual Loops": 4,
                          "Filter": "(production_year > 2008)",
                          "Rows Removed by Filter": 466562
                        }
                      ]
                    }
                  ]
                }
              ]
            }
          ]
        }
      ]
    },
    "Planning Time": 0.248,
    "Triggers": [],
    "Execution Time": 378.201
  }
]