[
  {
    "Plan": {
      "Node Type": "Aggregate",
      "Strategy": "Plain",
      "Partial Mode": "Finalize",
      "Parallel Aware": false,
      "Startup Cost": 251160.03,
      "Total Cost": 251160.04,
      "Plan Rows": 1,
      "Plan Width": 8,
      "Actual Startup Time": 670.877,
      "Actual Total Time": 713.725,
      "Actual Rows": 1,
      "Actual Loops": 1,
      "Plans": [
        {
          "Node Type": "Gather",
          "Parent Relationship": "Outer",
          "Parallel Aware": false,
          "Startup Cost": 251159.51,
          "Total Cost": 251160.02,
          "Plan Rows": 5,
          "Plan Width": 8,
          "Actual Startup Time": 666.935,
          "Actual Total Time": 713.712,
          "Actual Rows": 6,
          "Actual Loops": 1,
          "Workers Planned": 5,
          "Workers Launched": 5,
          "Single Copy": false,
          "Plans": [
            {
              "Node Type": "Aggregate",
              "Strategy": "Plain",
              "Partial Mode": "Partial",
              "Parent Relationship": "Outer",
              "Parallel Aware": false,
              "Startup Cost": 250159.51,
              "Total Cost": 250159.52,
              "Plan Rows": 1,
              "Plan Width": 8,
              "Actual Startup Time": 658.522,
              "Actual Total Time": 658.526,
              "Actual Rows": 1,
              "Actual Loops": 6,
              "Plans": [
                {
                  "Node Type": "Hash Join",
                  "Parent Relationship": "Outer",
                  "Parallel Aware": true,
                  "Join Type": "Inner",
                  "Startup Cost": 47161.29,
                  "Total Cost": 249503.89,
                  "Plan Rows": 262246,
                  "Plan Width": 0,
                  "Actual Startup Time": 141.508,
                  "Actual Total Time": 639.464,
                  "Actual Rows": 399973,
                  "Actual Loops": 6,
                  "Inner Unique": true,
                  "Hash Cond": "(mi.movie_id = t.id)",
                  "Plans": [
                    {
                      "Node Type": "Seq Scan",
                      "Parent Relationship": "Outer",
                      "Parallel Aware": true,
                      "Relation Name": "movie_info",
                      "Alias": "mi",
                      "Startup Cost": 0.0,
                      "Total Cost": 199108.24,
                      "Plan Rows": 1232139,
                      "Plan Width": 4,
                      "Actual Startup Time": 16.158,
                      "Actual Total Time": 338.809,
                      "Actual Rows": 1037249,
                      "Actual Loops": 6,
                      "Filter": "(info_type_id > 8)",
                      "Rows Removed by Filter": 1435371
                    },
                    {
                      "Node Type": "Hash",
                      "Parent Relationship": "Inner",
                      "Parallel Aware": true,
                      "Startup Cost": 45479.59,
                      "Total Cost": 45479.59,
                      "Plan Rows": 134536,
                      "Plan Width": 4,
                      "Actual Startup Time": 109.307,
                      "Actual Total Time": 109.308,
                      "Actual Rows": 69402,
                      "Actual Loops": 6,
                      "Hash Buckets": 1048576,
                      "Original Hash Buckets": 1048576,
                      "Hash Batches": 1,
                      "Original Hash Batches": 1,
                      "Peak Memory Usage": 24576,
                      "Plans": [
                        {
                          "Node Type": "Seq Scan",
                          "Parent Relationship": "Outer",
                          "Parallel Aware": true,
                          "Relation Name": "title",
                          "Alias": "t",
                          "Startup Cost": 0.0,
                          "Total Cost": 45479.59,
                          "Plan Rows": 134536,
                          "Plan Width": 4,
                          "Actual Startup Time": 39.568,
                          "Actual Total Time": 80.278,
                          "Actual Rows": 69402,
                          "Actual Loops": 6,
                          "Filter": "((production_year > 1972) AND (kind_id = 1))",
                          "Rows Removed by Filter": 351983
                        }
                      ]
                    }
                  ]
                }
              ]
            }
          ]
        }
      ]
    },
    "Planning Time": 0.301,
    "Triggers": [],
    "Execution Time": 713.774
  }
]