[
  {
    "Plan": {
      "Node Type": "Aggregate",
      "Strategy": "Plain",
      "Partial Mode": "Finalize",
      "Parallel Aware": false,
      "Startup Cost": 232575.69,
      "Total Cost": 232575.7,
      "Plan Rows": 1,
      "Plan Width": 8,
      "Actual Startup Time": 262.431,
      "Actual Total Time": 306.538,
      "Actual Rows": 1,
      "Actual Loops": 1,
      "Plans": [
        {
          "Node Type": "Gather",
          "Parent Relationship": "Outer",
          "Parallel Aware": false,
          "Startup Cost": 232575.27,
          "Total Cost": 232575.68,
          "Plan Rows": 4,
          "Plan Width": 8,
          "Actual Startup Time": 262.237,
          "Actual Total Time": 306.525,
          "Actual Rows": 5,
          "Actual Loops": 1,
          "Workers Planned": 4,
          "Workers Launched": 4,
          "Single Copy": false,
          "Plans": [
            {
              "Node Type": "Aggregate",
              "Strategy": "Plain",
              "Partial Mode": "Partial",
              "Parent Relationship": "Outer",
              "Parallel Aware": false,
              "Startup Cost": 231575.27,
              "Total Cost": 231575.28,
              "Plan Rows": 1,
              "Plan Width": 8,
              "Actual Startup Time": 251.368,
              "Actual Total Time": 251.37,
              "Actual Rows": 1,
              "Actual Loops": 5,
              "Plans": [
                {
                  "Node Type": "Nested Loop",
                  "Parent Relationship": "Outer",
                  "Parallel Aware": false,
                  "Join Type": "Inner",
                  "Startup Cost": 0.43,
                  "Total Cost": 231522.79,
                  "Plan Rows": 20992,
                  "Plan Width": 0,
                  "Actual Startup Time": 0.793,
                  "Actual Total Time": 248.926,
                  "Actual Rows": 24809,
                  "Actual Loops": 5,
                  "Inner Unique": false,
                  "Plans": [
                    {
                      "Node Type": "Seq Scan",
                      "Parent Relationship": "Outer",
                      "Parallel Aware": true,
                      "Relation Name": "title",
                      "Alias": "t",
                      "Startup Cost": 0.0,
                      "Total Cost": 45479.1,
                      "Plan Rows": 5354,
                      "Plan Width": 4,
                      "Actual Startup Time": 0.559,
                      "Actual Total Time": 107.218,
                      "Actual Rows": 3158,
                      "Actual Loops": 5,
                      "Filter": "((kind_id < 7) AND (production_year = 1999))",
                      "Rows Removed by Filter": 502504
                    },
                    {
                      "Node Type": "Index Scan",
                      "Parent Relationship": "Inner",
                      "Parallel Aware": false,
                      "Scan Direction": "Forward",
                      "Index Name": "movie_id_movie_info",
                      "Relation Name": "movie_info",
                      "Alias": "mi",
                      "Startup Cost": 0.43,
                      "Total Cost": 34.47,
                      "Plan Rows": 28,
                      "Plan Width": 4,
                      "Actual Startup Time": 0.022,
                      "Actual Total Time": 0.043,
                      "Actual Rows": 8,
                      "Actual Loops": 15791,
                      "Index Cond": "(movie_id = t.id)",
                      "Rows Removed by Index Recheck": 0,
                      "Filter": "(info_type_id > 4)",
                      "Rows Removed by Filter": 4
                    }
                  ]
                }
              ]
            }
          ]
        }
      ]
    },
    "Planning Time": 0.901,
    "Triggers": [],
    "Execution Time": 306.646
  }
]