[
  {
    "Plan": {
      "Node Type": "Aggregate",
      "Strategy": "Plain",
      "Partial Mode": "Finalize",
      "Parallel Aware": false,
      "Startup Cost": 331596.16,
      "Total Cost": 331596.17,
      "Plan Rows": 1,
      "Plan Width": 8,
      "Actual Startup Time": 625.634,
      "Actual Total Time": 669.116,
      "Actual Rows": 1,
      "Actual Loops": 1,
      "Plans": [
        {
          "Node Type": "Gather",
          "Parent Relationship": "Outer",
          "Parallel Aware": false,
          "Startup Cost": 331595.54,
          "Total Cost": 331596.15,
          "Plan Rows": 6,
          "Plan Width": 8,
          "Actual Startup Time": 625.448,
          "Actual Total Time": 669.097,
          "Actual Rows": 7,
          "Actual Loops": 1,
          "Workers Planned": 6,
          "Workers Launched": 6,
          "Single Copy": false,
          "Plans": [
            {
              "Node Type": "Aggregate",
              "Strategy": "Plain",
              "Partial Mode": "Partial",
              "Parent Relationship": "Outer",
              "Parallel Aware": false,
              "Startup Cost": 330595.54,
              "Total Cost": 330595.55,
              "Plan Rows": 1,
              "Plan Width": 8,
              "Actual Startup Time": 617.435,
              "Actual Total Time": 617.436,
              "Actual Rows": 1,
              "Actual Loops": 7,
              "Plans": [
                {
                  "Node Type": "Seq Scan",
                  "Parent Relationship": "Outer",
                  "Parallel Aware": true,
                  "Relation Name": "cast_info",
                  "Alias": "ci",
                  "Startup Cost": 0.0,
                  "Total Cost": 328211.39,
                  "Plan Rows": 953658,
                  "Plan Width": 0,
                  "Actual Startup Time": 380.412,
                  "Actual Total Time": 576.193,
                  "Actual Rows": 810241,
                  "Actual Loops": 7,
                  "Filter": "(person_id > 3082672)",
                  "Rows Removed by Filter": 4367523
                }
              ]
            }
          ]
        }
      ]
    },
    "Planning Time": 0.214,
    "Triggers": [],
    "Execution Time": 669.185
  }
]