[
  {
    "Plan": {
      "Node Type": "Aggregate",
      "Strategy": "Plain",
      "Partial Mode": "Finalize",
      "Parallel Aware": false,
      "Startup Cost": 331602.67,
      "Total Cost": 331602.68,
      "Plan Rows": 1,
      "Plan Width": 8,
      "Actual Startup Time": 555.774,
      "Actual Total Time": 611.067,
      "Actual Rows": 1,
      "Actual Loops": 1,
      "Plans": [
        {
          "Node Type": "Gather",
          "Parent Relationship": "Outer",
          "Parallel Aware": false,
          "Startup Cost": 331602.05,
          "Total Cost": 331602.66,
          "Plan Rows": 6,
          "Plan Width": 8,
          "Actual Startup Time": 555.667,
          "Actual Total Time": 611.056,
          "Actual Rows": 7,
          "Actual Loops": 1,
          "Workers Planned": 6,
          "Workers Launched": 6,
          "Single Copy": false,
          "Plans": [
            {
              "Node Type": "Aggregate",
              "Strategy": "Plain",
              "Partial Mode": "Partial",
              "Parent Relationship": "Outer",
              "Parallel Aware": false,
              "Startup Cost": 330602.05,
              "Total Cost": 330602.06,
              "Plan Rows": 1,
              "Plan Width": 8,
              "Actual Startup Time": 546.912,
              "Actual Total Time": 546.913,
              "Actual Rows": 1,
              "Actual Loops": 7,
              "Plans": [
                {
                  "Node Type": "Seq Scan",
                  "Parent Relationship": "Outer",
                  "Parallel Aware": true,
                  "Relation Name": "cast_info",
                  "Alias": "ci",
                  "Startup Cost": 0.0,
                  "Total Cost": 328162.03,
                  "Plan Rows": 976008,
                  "Plan Width": 0,
                  "Actual Startup Time": 337.318,
                  "Actual Total Time": 514.15,
                  "Actual Rows": 810241,
                  "Actual Loops": 7,
                  "Filter": "(person_id > 3082672)",
                  "Rows Removed by Filter": 4367523
                }
              ]
            }
          ]
        }
      ]
    },
    "Planning Time": 0.195,
    "Triggers": [],
    "Execution Time": 611.141
  }
]