[
    {
        "Bao": {
            "Bao prediction": "NaN",
            "Bao recommended hint": "(no hint)"
        }
    },
    {
        "Plan": {
            "Node Type": "Aggregate",
            "Strategy": "Plain",
            "Partial Mode": "Finalize",
            "Parallel Aware": false,
            "Startup Cost": 358740.8,
            "Total Cost": 358740.81,
            "Plan Rows": 1,
            "Plan Width": 8,
            "Actual Startup Time": 2791.423,
            "Actual Total Time": 2847.789,
            "Actual Rows": 1,
            "Actual Loops": 1,
            "Output": [
                "count(*)"
            ],
            "Plans": [
                {
                    "Node Type": "Gather",
                    "Parent Relationship": "Outer",
                    "Parallel Aware": false,
                    "Startup Cost": 358740.28,
                    "Total Cost": 358740.79,
                    "Plan Rows": 5,
                    "Plan Width": 8,
                    "Actual Startup Time": 2776.878,
                    "Actual Total Time": 2847.776,
                    "Actual Rows": 6,
                    "Actual Loops": 1,
                    "Output": [
                        "(PARTIAL count(*))"
                    ],
                    "Workers Planned": 5,
                    "Workers Launched": 5,
                    "Single Copy": false,
                    "Plans": [
                        {
                            "Node Type": "Aggregate",
                            "Strategy": "Plain",
                            "Partial Mode": "Partial",
                            "Parent Relationship": "Outer",
                            "Parallel Aware": false,
                            "Startup Cost": 357740.28,
                            "Total Cost": 357740.29,
                            "Plan Rows": 1,
                            "Plan Width": 8,
                            "Actual Startup Time": 2757.476,
                            "Actual Total Time": 2757.48,
                            "Actual Rows": 1,
                            "Actual Loops": 6,
                            "Output": [
                                "PARTIAL count(*)"
                            ],
                            "Workers": [
                                {
                                    "Worker Number": 0,
                                    "Actual Startup Time": 2753.261,
                                    "Actual Total Time": 2753.264,
                                    "Actual Rows": 1,
                                    "Actual Loops": 1
                                },
                                {
                                    "Worker Number": 1,
                                    "Actual Startup Time": 2753.045,
                                    "Actual Total Time": 2753.048,
                                    "Actual Rows": 1,
                                    "Actual Loops": 1
                                },
                                {
                                    "Worker Number": 2,
                                    "Actual Startup Time": 2755.941,
                                    "Actual Total Time": 2755.945,
                                    "Actual Rows": 1,
                                    "Actual Loops": 1
                                },
                                {
                                    "Worker Number": 3,
                                    "Actual Startup Time": 2753.35,
                                    "Actual Total Time": 2753.353,
                                    "Actual Rows": 1,
                                    "Actual Loops": 1
                                },
                                {
                                    "Worker Number": 4,
                                    "Actual Startup Time": 2753.221,
                                    "Actual Total Time": 2753.225,
                                    "Actual Rows": 1,
                                    "Actual Loops": 1
                                }
                            ],
                            "Plans": [
                                {
                                    "Node Type": "Nested Loop",
                                    "Parent Relationship": "Outer",
                                    "Parallel Aware": false,
                                    "Join Type": "Inner",
                                    "Startup Cost": 56402.34,
                                    "Total Cost": 357167.36,
                                    "Plan Rows": 229170,
                                    "Plan Width": 0,
                                    "Actual Startup Time": 328.296,
                                    "Actual Total Time": 2695.401,
                                    "Actual Rows": 1059686,
                                    "Actual Loops": 6,
                                    "Inner Unique": false,
                                    "Workers": [
                                        {
                                            "Worker Number": 0,
                                            "Actual Startup Time": 324.36,
                                            "Actual Total Time": 2694.5,
                                            "Actual Rows": 1214825,
                                            "Actual Loops": 1
                                        },
                                        {
                                            "Worker Number": 1,
                                            "Actual Startup Time": 324.435,
                                            "Actual Total Time": 2694.39,
                                            "Actual Rows": 1208083,
                                            "Actual Loops": 1
                                        },
                                        {
                                            "Worker Number": 2,
                                            "Actual Startup Time": 324.559,
                                            "Actual Total Time": 2687.308,
                                            "Actual Rows": 873654,
                                            "Actual Loops": 1
                                        },
                                        {
                                            "Worker Number": 3,
                                            "Actual Startup Time": 324.569,
                                            "Actual Total Time": 2694.111,
                                            "Actual Rows": 1215988,
                                            "Actual Loops": 1
                                        },
                                        {
                                            "Worker Number": 4,
                                            "Actual Startup Time": 324.529,
                                            "Actual Total Time": 2694.088,
                                            "Actual Rows": 825026,
                                            "Actual Loops": 1
                                        }
                                    ],
                                    "Plans": [
                                        {
                                            "Node Type": "Hash Join",
                                            "Parent Relationship": "Outer",
                                            "Parallel Aware": true,
                                            "Join Type": "Inner",
                                            "Startup Cost": 56401.77,
                                            "Total Cost": 219425.82,
                                            "Plan Rows": 68169,
                                            "Plan Width": 8,
                                            "Actual Startup Time": 327.727,
                                            "Actual Total Time": 386.709,
                                            "Actual Rows": 61370,
                                            "Actual Loops": 6,
                                            "Output": [
                                                "t.id",
                                                "mi.movie_id"
                                            ],
                                            "Inner Unique": true,
                                            "Hash Cond": "(mi.movie_id = t.id)",
                                            "Workers": [
                                                {
                                                    "Worker Number": 0,
                                                    "Actual Startup Time": 323.839,
                                                    "Actual Total Time": 383.084,
                                                    "Actual Rows": 70593,
                                                    "Actual Loops": 1
                                                },
                                                {
                                                    "Worker Number": 1,
                                                    "Actual Startup Time": 323.846,
                                                    "Actual Total Time": 383.066,
                                                    "Actual Rows": 71781,
                                                    "Actual Loops": 1
                                                },
                                                {
                                                    "Worker Number": 2,
                                                    "Actual Startup Time": 323.835,
                                                    "Actual Total Time": 385.31,
                                                    "Actual Rows": 49173,
                                                    "Actual Loops": 1
                                                },
                                                {
                                                    "Worker Number": 3,
                                                    "Actual Startup Time": 323.937,
                                                    "Actual Total Time": 381.091,
                                                    "Actual Rows": 68547,
                                                    "Actual Loops": 1
                                                },
                                                {
                                                    "Worker Number": 4,
                                                    "Actual Startup Time": 323.828,
                                                    "Actual Total Time": 380.92,
                                                    "Actual Rows": 45500,
                                                    "Actual Loops": 1
                                                }
                                            ],
                                            "Plans": [
                                                {
                                                    "Node Type": "Bitmap Heap Scan",
                                                    "Parent Relationship": "Outer",
                                                    "Parallel Aware": true,
                                                    "Relation Name": "movie_info",
                                                    "Schema": "public",
                                                    "Alias": "mi",
                                                    "Startup Cost": 6181.97,
                                                    "Total Cost": 169027.08,
                                                    "Plan Rows": 68169,
                                                    "Plan Width": 4,
                                                    "Actual Startup Time": 38.414,
                                                    "Actual Total Time": 56.294,
                                                    "Actual Rows": 61370,
                                                    "Actual Loops": 6,
                                                    "Output": [
                                                        "mi.id",
                                                        "mi.movie_id",
                                                        "mi.info_type_id",
                                                        "mi.info",
                                                        "mi.note"
                                                    ],
                                                    "Recheck Cond": "(mi.info_type_id = 17)",
                                                    "Rows Removed by Index Recheck": 0,
                                                    "Exact Heap Blocks": 1893,
                                                    "Lossy Heap Blocks": 0,
                                                    "Workers": [
                                                        {
                                                            "Worker Number": 0,
                                                            "Actual Startup Time": 38.502,
                                                            "Actual Total Time": 56.673,
                                                            "Actual Rows": 70593,
                                                            "Actual Loops": 1
                                                        },
                                                        {
                                                            "Worker Number": 1,
                                                            "Actual Startup Time": 38.479,
                                                            "Actual Total Time": 57.134,
                                                            "Actual Rows": 71781,
                                                            "Actual Loops": 1
                                                        },
                                                        {
                                                            "Worker Number": 2,
                                                            "Actual Startup Time": 38.372,
                                                            "Actual Total Time": 57.472,
                                                            "Actual Rows": 49173,
                                                            "Actual Loops": 1
                                                        },
                                                        {
                                                            "Worker Number": 3,
                                                            "Actual Startup Time": 38.429,
                                                            "Actual Total Time": 56.414,
                                                            "Actual Rows": 68547,
                                                            "Actual Loops": 1
                                                        },
                                                        {
                                                            "Worker Number": 4,
                                                            "Actual Startup Time": 38.339,
                                                            "Actual Total Time": 57.232,
                                                            "Actual Rows": 45500,
                                                            "Actual Loops": 1
                                                        }
                                                    ],
                                                    "Plans": [
                                                        {
                                                            "Node Type": "Bitmap Index Scan",
                                                            "Parent Relationship": "Outer",
                                                            "Parallel Aware": false,
                                                            "Index Name": "info_type_id_movie_info",
                                                            "Startup Cost": 0.0,
                                                            "Total Cost": 6096.76,
                                                            "Plan Rows": 340843,
                                                            "Plan Width": 0,
                                                            "Actual Startup Time": 35.932,
                                                            "Actual Total Time": 35.933,
                                                            "Actual Rows": 368218,
                                                            "Actual Loops": 1,
                                                            "Index Cond": "(mi.info_type_id = 17)",
                                                            "Workers": [
                                                                {
                                                                    "Worker Number": 4,
                                                                    "Actual Startup Time": 35.932,
                                                                    "Actual Total Time": 35.933,
                                                                    "Actual Rows": 368218,
                                                                    "Actual Loops": 1
                                                                }
                                                            ]
                                                        }
                                                    ]
                                                },
                                                {
                                                    "Node Type": "Hash",
                                                    "Parent Relationship": "Inner",
                                                    "Parallel Aware": true,
                                                    "Startup Cost": 42318.81,
                                                    "Total Cost": 42318.81,
                                                    "Plan Rows": 632080,
                                                    "Plan Width": 4,
                                                    "Actual Startup Time": 281.388,
                                                    "Actual Total Time": 281.388,
                                                    "Actual Rows": 421385,
                                                    "Actual Loops": 6,
                                                    "Output": [
                                                        "t.id"
                                                    ],
                                                    "Hash Buckets": 4194304,
                                                    "Original Hash Buckets": 4194304,
                                                    "Hash Batches": 1,
                                                    "Original Hash Batches": 1,
                                                    "Peak Memory Usage": 131776,
                                                    "Workers": [
                                                        {
                                                            "Worker Number": 0,
                                                            "Actual Startup Time": 284.657,
                                                            "Actual Total Time": 284.658,
                                                            "Actual Rows": 484403,
                                                            "Actual Loops": 1
                                                        },
                                                        {
                                                            "Worker Number": 1,
                                                            "Actual Startup Time": 284.697,
                                                            "Actual Total Time": 284.698,
                                                            "Actual Rows": 475223,
                                                            "Actual Loops": 1
                                                        },
                                                        {
                                                            "Worker Number": 2,
                                                            "Actual Startup Time": 284.754,
                                                            "Actual Total Time": 284.755,
                                                            "Actual Rows": 345793,
                                                            "Actual Loops": 1
                                                        },
                                                        {
                                                            "Worker Number": 3,
                                                            "Actual Startup Time": 284.831,
                                                            "Actual Total Time": 284.832,
                                                            "Actual Rows": 471719,
                                                            "Actual Loops": 1
                                                        },
                                                        {
                                                            "Worker Number": 4,
                                                            "Actual Startup Time": 284.987,
                                                            "Actual Total Time": 284.988,
                                                            "Actual Rows": 301207,
                                                            "Actual Loops": 1
                                                        }
                                                    ],
                                                    "Plans": [
                                                        {
                                                            "Node Type": "Seq Scan",
                                                            "Parent Relationship": "Outer",
                                                            "Parallel Aware": true,
                                                            "Relation Name": "title",
                                                            "Schema": "public",
                                                            "Alias": "t",
                                                            "Startup Cost": 0.0,
                                                            "Total Cost": 42318.81,
                                                            "Plan Rows": 632080,
                                                            "Plan Width": 4,
                                                            "Actual Startup Time": 0.052,
                                                            "Actual Total Time": 78.823,
                                                            "Actual Rows": 421385,
                                                            "Actual Loops": 6,
                                                            "Output": [
                                                                "t.id"
                                                            ],
                                                            "Workers": [
                                                                {
                                                                    "Worker Number": 0,
                                                                    "Actual Startup Time": 0.042,
                                                                    "Actual Total Time": 78.579,
                                                                    "Actual Rows": 484403,
                                                                    "Actual Loops": 1
                                                                },
                                                                {
                                                                    "Worker Number": 1,
                                                                    "Actual Startup Time": 0.061,
                                                                    "Actual Total Time": 79.115,
                                                                    "Actual Rows": 475223,
                                                                    "Actual Loops": 1
                                                                },
                                                                {
                                                                    "Worker Number": 2,
                                                                    "Actual Startup Time": 0.069,
                                                                    "Actual Total Time": 85.721,
                                                                    "Actual Rows": 345793,
                                                                    "Actual Loops": 1
                                                                },
                                                                {
                                                                    "Worker Number": 3,
                                                                    "Actual Startup Time": 0.053,
                                                                    "Actual Total Time": 78.199,
                                                                    "Actual Rows": 471719,
                                                                    "Actual Loops": 1
                                                                },
                                                                {
                                                                    "Worker Number": 4,
                                                                    "Actual Startup Time": 0.066,
                                                                    "Actual Total Time": 82.788,
                                                                    "Actual Rows": 301207,
                                                                    "Actual Loops": 1
                                                                }
                                                            ]
                                                        }
                                                    ]
                                                }
                                            ]
                                        },
                                        {
                                            "Node Type": "Index Scan",
                                            "Parent Relationship": "Inner",
                                            "Parallel Aware": false,
                                            "Scan Direction": "Forward",
                                            "Index Name": "movie_id_cast_info",
                                            "Relation Name": "cast_info",
                                            "Schema": "public",
                                            "Alias": "ci",
                                            "Startup Cost": 0.56,
                                            "Total Cost": 1.93,
                                            "Plan Rows": 9,
                                            "Plan Width": 4,
                                            "Actual Startup Time": 0.022,
                                            "Actual Total Time": 0.036,
                                            "Actual Rows": 17,
                                            "Actual Loops": 368218,
                                            "Output": [
                                                "ci.id",
                                                "ci.person_id",
                                                "ci.movie_id",
                                                "ci.person_role_id",
                                                "ci.note",
                                                "ci.nr_order",
                                                "ci.role_id"
                                            ],
                                            "Index Cond": "(ci.movie_id = t.id)",
                                            "Rows Removed by Index Recheck": 0,
                                            "Filter": "(ci.person_id > 2838968)",
                                            "Rows Removed by Filter": 47,
                                            "Workers": [
                                                {
                                                    "Worker Number": 0,
                                                    "Actual Startup Time": 0.02,
                                                    "Actual Total Time": 0.031,
                                                    "Actual Rows": 17,
                                                    "Actual Loops": 70593
                                                },
                                                {
                                                    "Worker Number": 1,
                                                    "Actual Startup Time": 0.02,
                                                    "Actual Total Time": 0.031,
                                                    "Actual Rows": 17,
                                                    "Actual Loops": 71781
                                                },
                                                {
                                                    "Worker Number": 2,
                                                    "Actual Startup Time": 0.028,
                                                    "Actual Total Time": 0.045,
                                                    "Actual Rows": 18,
                                                    "Actual Loops": 49173
                                                },
                                                {
                                                    "Worker Number": 3,
                                                    "Actual Startup Time": 0.02,
                                                    "Actual Total Time": 0.032,
                                                    "Actual Rows": 18,
                                                    "Actual Loops": 68547
                                                },
                                                {
                                                    "Worker Number": 4,
                                                    "Actual Startup Time": 0.03,
                                                    "Actual Total Time": 0.049,
                                                    "Actual Rows": 18,
                                                    "Actual Loops": 45500
                                                }
                                            ]
                                        }
                                    ]
                                }
                            ]
                        }
                    ]
                }
            ]
        },
        "Planning Time": 288.921,
        "Triggers": [],
        "Execution Time": 2847.964
    }
]