[
  {
    "Plan": {
      "Node Type": "Aggregate",
      "Strategy": "Plain",
      "Partial Mode": "Finalize",
      "Parallel Aware": false,
      "Startup Cost": 392604.99,
      "Total Cost": 392605.0,
      "Plan Rows": 1,
      "Plan Width": 8,
      "Actual Startup Time": 853.426,
      "Actual Total Time": 909.716,
      "Actual Rows": 1,
      "Actual Loops": 1,
      "Plans": [
        {
          "Node Type": "Gather",
          "Parent Relationship": "Outer",
          "Parallel Aware": false,
          "Startup Cost": 392604.37,
          "Total Cost": 392604.98,
          "Plan Rows": 6,
          "Plan Width": 8,
          "Actual Startup Time": 849.009,
          "Actual Total Time": 909.699,
          "Actual Rows": 7,
          "Actual Loops": 1,
          "Workers Planned": 6,
          "Workers Launched": 6,
          "Single Copy": false,
          "Plans": [
            {
              "Node Type": "Aggregate",
              "Strategy": "Plain",
              "Partial Mode": "Partial",
              "Parent Relationship": "Outer",
              "Parallel Aware": false,
              "Startup Cost": 391604.37,
              "Total Cost": 391604.38,
              "Plan Rows": 1,
              "Plan Width": 8,
              "Actual Startup Time": 839.565,
              "Actual Total Time": 839.568,
              "Actual Rows": 1,
              "Actual Loops": 7,
              "Plans": [
                {
                  "Node Type": "Hash Join",
                  "Parent Relationship": "Outer",
                  "Parallel Aware": true,
                  "Join Type": "Inner",
                  "Startup Cost": 46488.82,
                  "Total Cost": 391409.23,
                  "Plan Rows": 78056,
                  "Plan Width": 0,
                  "Actual Startup Time": 454.436,
                  "Actual Total Time": 836.208,
                  "Actual Rows": 58223,
                  "Actual Loops": 7,
                  "Inner Unique": true,
                  "Hash Cond": "(ci.movie_id = t.id)",
                  "Plans": [
                    {
                      "Node Type": "Seq Scan",
                      "Parent Relationship": "Outer",
                      "Parallel Aware": true,
                      "Relation Name": "cast_info",
                      "Alias": "ci",
                      "Startup Cost": 0.0,
                      "Total Cost": 343316.27,
                      "Plan Rows": 611099,
                      "Plan Width": 4,
                      "Actual Startup Time": 347.583,
                      "Actual Total Time": 632.38,
                      "Actual Rows": 333152,
                      "Actual Loops": 7,
                      "Filter": "((person_id < 821793) AND (role_id > 2))",
                      "Rows Removed by Filter": 4844612
                    },
                    {
                      "Node Type": "Hash",
                      "Parent Relationship": "Inner",
                      "Parallel Aware": true,
                      "Startup Cost": 45479.59,
                      "Total Cost": 45479.59,
                      "Plan Rows": 80739,
                      "Plan Width": 4,
                      "Actual Startup Time": 104.909,
                      "Actual Total Time": 104.91,
                      "Actual Rows": 64991,
                      "Actual Loops": 7,
                      "Hash Buckets": 524288,
                      "Original Hash Buckets": 524288,
                      "Hash Batches": 1,
                      "Original Hash Batches": 1,
                      "Peak Memory Usage": 22048,
                      "Plans": [
                        {
                          "Node Type": "Seq Scan",
                          "Parent Relationship": "Outer",
                          "Parallel Aware": true,
                          "Relation Name": "title",
                          "Alias": "t",
                          "Startup Cost": 0.0,
                          "Total Cost": 45479.59,
                          "Plan Rows": 80739,
                          "Plan Width": 4,
                          "Actual Startup Time": 0.054,
                          "Actual Total Time": 77.955,
                          "Actual Rows": 64991,
                          "Actual Loops": 7,
                          "Filter": "((kind_id < 4) AND (production_year < 1999))",
                          "Rows Removed by Filter": 296196
                        }
                      ]
                    }
                  ]
                }
              ]
            }
          ]
        }
      ]
    },
    "Planning Time": 0.27,
    "Triggers": [],
    "Execution Time": 909.769
  }
]