[
  {
    "Plan": {
      "Node Type": "Aggregate",
      "Strategy": "Plain",
      "Partial Mode": "Finalize",
      "Parallel Aware": false,
      "Startup Cost": 32872.63,
      "Total Cost": 32872.64,
      "Plan Rows": 1,
      "Plan Width": 8,
      "Actual Startup Time": 113.361,
      "Actual Total Time": 122.302,
      "Actual Rows": 1,
      "Actual Loops": 1,
      "Plans": [
        {
          "Node Type": "Gather",
          "Parent Relationship": "Outer",
          "Parallel Aware": false,
          "Startup Cost": 32872.32,
          "Total Cost": 32872.63,
          "Plan Rows": 3,
          "Plan Width": 8,
          "Actual Startup Time": 113.246,
          "Actual Total Time": 122.293,
          "Actual Rows": 4,
          "Actual Loops": 1,
          "Workers Planned": 3,
          "Workers Launched": 3,
          "Single Copy": false,
          "Plans": [
            {
              "Node Type": "Aggregate",
              "Strategy": "Plain",
              "Partial Mode": "Partial",
              "Parent Relationship": "Outer",
              "Parallel Aware": false,
              "Startup Cost": 31872.32,
              "Total Cost": 31872.33,
              "Plan Rows": 1,
              "Plan Width": 8,
              "Actual Startup Time": 104.609,
              "Actual Total Time": 104.611,
              "Actual Rows": 1,
              "Actual Loops": 4,
              "Plans": [
                {
                  "Node Type": "Seq Scan",
                  "Parent Relationship": "Outer",
                  "Parallel Aware": true,
                  "Relation Name": "movie_companies",
                  "Alias": "mc",
                  "Startup Cost": 0.0,
                  "Total Cost": 31414.82,
                  "Plan Rows": 182999,
                  "Plan Width": 0,
                  "Actual Startup Time": 51.789,
                  "Actual Total Time": 93.62,
                  "Actual Rows": 214761,
                  "Actual Loops": 4,
                  "Filter": "((company_id > 13702) AND (company_type_id > 1))",
                  "Rows Removed by Filter": 437522
                }
              ]
            }
          ]
        }
      ]
    },
    "Planning Time": 0.226,
    "Triggers": [],
    "Execution Time": 122.363
  }
]