[
  {
    "Plan": {
      "Node Type": "Aggregate",
      "Strategy": "Plain",
      "Partial Mode": "Finalize",
      "Parallel Aware": false,
      "Startup Cost": 35401.4,
      "Total Cost": 35401.41,
      "Plan Rows": 1,
      "Plan Width": 8,
      "Actual Startup Time": 95.443,
      "Actual Total Time": 100.1,
      "Actual Rows": 1,
      "Actual Loops": 1,
      "Plans": [
        {
          "Node Type": "Gather",
          "Parent Relationship": "Outer",
          "Parallel Aware": false,
          "Startup Cost": 35401.08,
          "Total Cost": 35401.39,
          "Plan Rows": 3,
          "Plan Width": 8,
          "Actual Startup Time": 95.247,
          "Actual Total Time": 100.092,
          "Actual Rows": 4,
          "Actual Loops": 1,
          "Workers Planned": 3,
          "Workers Launched": 3,
          "Single Copy": false,
          "Plans": [
            {
              "Node Type": "Aggregate",
              "Strategy": "Plain",
              "Partial Mode": "Partial",
              "Parent Relationship": "Outer",
              "Parallel Aware": false,
              "Startup Cost": 34401.08,
              "Total Cost": 34401.09,
              "Plan Rows": 1,
              "Plan Width": 8,
              "Actual Startup Time": 88.156,
              "Actual Total Time": 88.157,
              "Actual Rows": 1,
              "Actual Loops": 4,
              "Plans": [
                {
                  "Node Type": "Bitmap Heap Scan",
                  "Parent Relationship": "Outer",
                  "Parallel Aware": true,
                  "Relation Name": "movie_keyword",
                  "Alias": "mk",
                  "Startup Cost": 8099.55,
                  "Total Cost": 34093.16,
                  "Plan Rows": 123168,
                  "Plan Width": 0,
                  "Actual Startup Time": 21.951,
                  "Actual Total Time": 82.529,
                  "Actual Rows": 95868,
                  "Actual Loops": 4,
                  "Recheck Cond": "(keyword_id > 44729)",
                  "Rows Removed by Index Recheck": 0,
                  "Exact Heap Blocks": 8751,
                  "Lossy Heap Blocks": 0,
                  "Plans": [
                    {
                      "Node Type": "Bitmap Index Scan",
                      "Parent Relationship": "Outer",
                      "Parallel Aware": false,
                      "Index Name": "keyword_id_movie_keyword",
                      "Startup Cost": 0.0,
                      "Total Cost": 8004.1,
                      "Plan Rows": 381822,
                      "Plan Width": 0,
                      "Actual Startup Time": 24.915,
                      "Actual Total Time": 24.915,
                      "Actual Rows": 383473,
                      "Actual Loops": 1,
                      "Index Cond": "(keyword_id > 44729)"
                    }
                  ]
                }
              ]
            }
          ]
        }
      ]
    },
    "Planning Time": 0.095,
    "Triggers": [],
    "Execution Time": 100.144
  }
]