[
    {
        "Bao": {
            "Bao prediction": "NaN",
            "Bao recommended hint": "(no hint)"
        }
    },
    {
        "Plan": {
            "Node Type": "Aggregate",
            "Strategy": "Plain",
            "Partial Mode": "Finalize",
            "Parallel Aware": false,
            "Startup Cost": 219428.03,
            "Total Cost": 219428.04,
            "Plan Rows": 1,
            "Plan Width": 8,
            "Actual Startup Time": 172.997,
            "Actual Total Time": 180.191,
            "Actual Rows": 1,
            "Actual Loops": 1,
            "Output": [
                "count(*)"
            ],
            "Plans": [
                {
                    "Node Type": "Gather",
                    "Parent Relationship": "Outer",
                    "Parallel Aware": false,
                    "Startup Cost": 219427.51,
                    "Total Cost": 219428.02,
                    "Plan Rows": 5,
                    "Plan Width": 8,
                    "Actual Startup Time": 167.331,
                    "Actual Total Time": 180.183,
                    "Actual Rows": 6,
                    "Actual Loops": 1,
                    "Output": [
                        "(PARTIAL count(*))"
                    ],
                    "Workers Planned": 5,
                    "Workers Launched": 5,
                    "Single Copy": false,
                    "Plans": [
                        {
                            "Node Type": "Aggregate",
                            "Strategy": "Plain",
                            "Partial Mode": "Partial",
                            "Parent Relationship": "Outer",
                            "Parallel Aware": false,
                            "Startup Cost": 218427.51,
                            "Total Cost": 218427.52,
                            "Plan Rows": 1,
                            "Plan Width": 8,
                            "Actual Startup Time": 157.458,
                            "Actual Total Time": 157.461,
                            "Actual Rows": 1,
                            "Actual Loops": 6,
                            "Output": [
                                "PARTIAL count(*)"
                            ],
                            "Workers": [
                                {
                                    "Worker Number": 0,
                                    "Actual Startup Time": 154.731,
                                    "Actual Total Time": 154.734,
                                    "Actual Rows": 1,
                                    "Actual Loops": 1
                                },
                                {
                                    "Worker Number": 1,
                                    "Actual Startup Time": 155.373,
                                    "Actual Total Time": 155.376,
                                    "Actual Rows": 1,
                                    "Actual Loops": 1
                                },
                                {
                                    "Worker Number": 2,
                                    "Actual Startup Time": 155.597,
                                    "Actual Total Time": 155.599,
                                    "Actual Rows": 1,
                                    "Actual Loops": 1
                                },
                                {
                                    "Worker Number": 3,
                                    "Actual Startup Time": 156.06,
                                    "Actual Total Time": 156.062,
                                    "Actual Rows": 1,
                                    "Actual Loops": 1
                                },
                                {
                                    "Worker Number": 4,
                                    "Actual Startup Time": 156.04,
                                    "Actual Total Time": 156.043,
                                    "Actual Rows": 1,
                                    "Actual Loops": 1
                                }
                            ],
                            "Plans": [
                                {
                                    "Node Type": "Hash Join",
                                    "Parent Relationship": "Outer",
                                    "Parallel Aware": true,
                                    "Join Type": "Inner",
                                    "Startup Cost": 51180.2,
                                    "Total Cost": 218389.57,
                                    "Plan Rows": 15177,
                                    "Plan Width": 0,
                                    "Actual Startup Time": 129.344,
                                    "Actual Total Time": 154.487,
                                    "Actual Rows": 50906,
                                    "Actual Loops": 6,
                                    "Inner Unique": true,
                                    "Hash Cond": "(mi.movie_id = t.id)",
                                    "Workers": [
                                        {
                                            "Worker Number": 0,
                                            "Actual Startup Time": 126.821,
                                            "Actual Total Time": 151.722,
                                            "Actual Rows": 46511,
                                            "Actual Loops": 1
                                        },
                                        {
                                            "Worker Number": 1,
                                            "Actual Startup Time": 127.213,
                                            "Actual Total Time": 152.443,
                                            "Actual Rows": 45527,
                                            "Actual Loops": 1
                                        },
                                        {
                                            "Worker Number": 2,
                                            "Actual Startup Time": 127.301,
                                            "Actual Total Time": 152.745,
                                            "Actual Rows": 64007,
                                            "Actual Loops": 1
                                        },
                                        {
                                            "Worker Number": 3,
                                            "Actual Startup Time": 127.719,
                                            "Actual Total Time": 152.986,
                                            "Actual Rows": 46686,
                                            "Actual Loops": 1
                                        },
                                        {
                                            "Worker Number": 4,
                                            "Actual Startup Time": 127.858,
                                            "Actual Total Time": 153.12,
                                            "Actual Rows": 47796,
                                            "Actual Loops": 1
                                        }
                                    ],
                                    "Plans": [
                                        {
                                            "Node Type": "Bitmap Heap Scan",
                                            "Parent Relationship": "Outer",
                                            "Parallel Aware": true,
                                            "Relation Name": "movie_info",
                                            "Schema": "public",
                                            "Alias": "mi",
                                            "Startup Cost": 5183.22,
                                            "Total Cost": 172242.55,
                                            "Plan Rows": 57156,
                                            "Plan Width": 4,
                                            "Actual Startup Time": 15.496,
                                            "Actual Total Time": 28.421,
                                            "Actual Rows": 51131,
                                            "Actual Loops": 6,
                                            "Output": [
                                                "mi.id",
                                                "mi.movie_id",
                                                "mi.info_type_id",
                                                "mi.info",
                                                "mi.note"
                                            ],
                                            "Recheck Cond": "(mi.info_type_id > 105)",
                                            "Rows Removed by Index Recheck": 0,
                                            "Exact Heap Blocks": 995,
                                            "Lossy Heap Blocks": 0,
                                            "Workers": [
                                                {
                                                    "Worker Number": 0,
                                                    "Actual Startup Time": 15.625,
                                                    "Actual Total Time": 28.61,
                                                    "Actual Rows": 46756,
                                                    "Actual Loops": 1
                                                },
                                                {
                                                    "Worker Number": 1,
                                                    "Actual Startup Time": 15.381,
                                                    "Actual Total Time": 28.804,
                                                    "Actual Rows": 45789,
                                                    "Actual Loops": 1
                                                },
                                                {
                                                    "Worker Number": 2,
                                                    "Actual Startup Time": 15.269,
                                                    "Actual Total Time": 28.981,
                                                    "Actual Rows": 64298,
                                                    "Actual Loops": 1
                                                },
                                                {
                                                    "Worker Number": 3,
                                                    "Actual Startup Time": 15.587,
                                                    "Actual Total Time": 28.441,
                                                    "Actual Rows": 46855,
                                                    "Actual Loops": 1
                                                },
                                                {
                                                    "Worker Number": 4,
                                                    "Actual Startup Time": 15.374,
                                                    "Actual Total Time": 28.825,
                                                    "Actual Rows": 47997,
                                                    "Actual Loops": 1
                                                }
                                            ],
                                            "Plans": [
                                                {
                                                    "Node Type": "Bitmap Index Scan",
                                                    "Parent Relationship": "Outer",
                                                    "Parallel Aware": false,
                                                    "Index Name": "info_type_id_movie_info",
                                                    "Startup Cost": 0.0,
                                                    "Total Cost": 5111.78,
                                                    "Plan Rows": 285779,
                                                    "Plan Width": 0,
                                                    "Actual Startup Time": 14.569,
                                                    "Actual Total Time": 14.569,
                                                    "Actual Rows": 306788,
                                                    "Actual Loops": 1,
                                                    "Index Cond": "(mi.info_type_id > 105)",
                                                    "Workers": [
                                                        {
                                                            "Worker Number": 2,
                                                            "Actual Startup Time": 14.569,
                                                            "Actual Total Time": 14.569,
                                                            "Actual Rows": 306788,
                                                            "Actual Loops": 1
                                                        }
                                                    ]
                                                }
                                            ]
                                        },
                                        {
                                            "Node Type": "Hash",
                                            "Parent Relationship": "Inner",
                                            "Parallel Aware": true,
                                            "Startup Cost": 43899.01,
                                            "Total Cost": 43899.01,
                                            "Plan Rows": 167838,
                                            "Plan Width": 4,
                                            "Actual Startup Time": 111.764,
                                            "Actual Total Time": 111.765,
                                            "Actual Rows": 110471,
                                            "Actual Loops": 6,
                                            "Output": [
                                                "t.id"
                                            ],
                                            "Hash Buckets": 1048576,
                                            "Original Hash Buckets": 1048576,
                                            "Hash Batches": 1,
                                            "Original Hash Batches": 1,
                                            "Peak Memory Usage": 34208,
                                            "Workers": [
                                                {
                                                    "Worker Number": 0,
                                                    "Actual Startup Time": 110.759,
                                                    "Actual Total Time": 110.76,
                                                    "Actual Rows": 107451,
                                                    "Actual Loops": 1
                                                },
                                                {
                                                    "Worker Number": 1,
                                                    "Actual Startup Time": 111.434,
                                                    "Actual Total Time": 111.435,
                                                    "Actual Rows": 106353,
                                                    "Actual Loops": 1
                                                },
                                                {
                                                    "Worker Number": 2,
                                                    "Actual Startup Time": 111.639,
                                                    "Actual Total Time": 111.64,
                                                    "Actual Rows": 107518,
                                                    "Actual Loops": 1
                                                },
                                                {
                                                    "Worker Number": 3,
                                                    "Actual Startup Time": 111.727,
                                                    "Actual Total Time": 111.727,
                                                    "Actual Rows": 109448,
                                                    "Actual Loops": 1
                                                },
                                                {
                                                    "Worker Number": 4,
                                                    "Actual Startup Time": 112.072,
                                                    "Actual Total Time": 112.072,
                                                    "Actual Rows": 106324,
                                                    "Actual Loops": 1
                                                }
                                            ],
                                            "Plans": [
                                                {
                                                    "Node Type": "Seq Scan",
                                                    "Parent Relationship": "Outer",
                                                    "Parallel Aware": true,
                                                    "Relation Name": "title",
                                                    "Schema": "public",
                                                    "Alias": "t",
                                                    "Startup Cost": 0.0,
                                                    "Total Cost": 43899.01,
                                                    "Plan Rows": 167838,
                                                    "Plan Width": 4,
                                                    "Actual Startup Time": 37.997,
                                                    "Actual Total Time": 74.358,
                                                    "Actual Rows": 110471,
                                                    "Actual Loops": 6,
                                                    "Output": [
                                                        "t.id"
                                                    ],
                                                    "Filter": "(t.kind_id = 1)",
                                                    "Rows Removed by Filter": 310914,
                                                    "Workers": [
                                                        {
                                                            "Worker Number": 0,
                                                            "Actual Startup Time": 43.97,
                                                            "Actual Total Time": 73.879,
                                                            "Actual Rows": 107451,
                                                            "Actual Loops": 1
                                                        },
                                                        {
                                                            "Worker Number": 1,
                                                            "Actual Startup Time": 44.519,
                                                            "Actual Total Time": 74.57,
                                                            "Actual Rows": 106353,
                                                            "Actual Loops": 1
                                                        },
                                                        {
                                                            "Worker Number": 2,
                                                            "Actual Startup Time": 44.971,
                                                            "Actual Total Time": 74.721,
                                                            "Actual Rows": 107518,
                                                            "Actual Loops": 1
                                                        },
                                                        {
                                                            "Worker Number": 3,
                                                            "Actual Startup Time": 44.834,
                                                            "Actual Total Time": 74.913,
                                                            "Actual Rows": 109448,
                                                            "Actual Loops": 1
                                                        },
                                                        {
                                                            "Worker Number": 4,
                                                            "Actual Startup Time": 45.189,
                                                            "Actual Total Time": 75.459,
                                                            "Actual Rows": 106324,
                                                            "Actual Loops": 1
                                                        }
                                                    ]
                                                }
                                            ]
                                        }
                                    ]
                                }
                            ]
                        }
                    ]
                }
            ]
        },
        "Planning Time": 195.241,
        "Triggers": [],
        "Execution Time": 180.252
    }
]