[
  {
    "Plan": {
      "Node Type": "Aggregate",
      "Strategy": "Plain",
      "Partial Mode": "Finalize",
      "Parallel Aware": false,
      "Startup Cost": 63455.39,
      "Total Cost": 63455.4,
      "Plan Rows": 1,
      "Plan Width": 8,
      "Actual Startup Time": 432.099,
      "Actual Total Time": 455.169,
      "Actual Rows": 1,
      "Actual Loops": 1,
      "Plans": [
        {
          "Node Type": "Gather",
          "Parent Relationship": "Outer",
          "Parallel Aware": false,
          "Startup Cost": 63455.18,
          "Total Cost": 63455.39,
          "Plan Rows": 2,
          "Plan Width": 8,
          "Actual Startup Time": 430.336,
          "Actual Total Time": 455.156,
          "Actual Rows": 3,
          "Actual Loops": 1,
          "Workers Planned": 2,
          "Workers Launched": 2,
          "Single Copy": false,
          "Plans": [
            {
              "Node Type": "Aggregate",
              "Strategy": "Plain",
              "Partial Mode": "Partial",
              "Parent Relationship": "Outer",
              "Parallel Aware": false,
              "Startup Cost": 62455.18,
              "Total Cost": 62455.19,
              "Plan Rows": 1,
              "Plan Width": 8,
              "Actual Startup Time": 422.494,
              "Actual Total Time": 422.5,
              "Actual Rows": 1,
              "Actual Loops": 3,
              "Plans": [
                {
                  "Node Type": "Hash Join",
                  "Parent Relationship": "Outer",
                  "Parallel Aware": true,
                  "Join Type": "Inner",
                  "Startup Cost": 46986.37,
                  "Total Cost": 62180.93,
                  "Plan Rows": 109697,
                  "Plan Width": 0,
                  "Actual Startup Time": 306.567,
                  "Actual Total Time": 414.132,
                  "Actual Rows": 124495,
                  "Actual Loops": 3,
                  "Inner Unique": true,
                  "Hash Cond": "(mi_idx.movie_id = t.id)",
                  "Plans": [
                    {
                      "Node Type": "Seq Scan",
                      "Parent Relationship": "Outer",
                      "Parallel Aware": true,
                      "Relation Name": "movie_info_idx",
                      "Alias": "mi_idx",
                      "Startup Cost": 0.0,
                      "Total Cost": 13685.15,
                      "Plan Rows": 575015,
                      "Plan Width": 4,
                      "Actual Startup Time": 0.036,
                      "Actual Total Time": 58.873,
                      "Actual Rows": 460012,
                      "Actual Loops": 3
                    },
                    {
                      "Node Type": "Hash",
                      "Parent Relationship": "Inner",
                      "Parallel Aware": true,
                      "Startup Cost": 45479.1,
                      "Total Cost": 45479.1,
                      "Plan Rows": 120582,
                      "Plan Width": 4,
                      "Actual Startup Time": 240.881,
                      "Actual Total Time": 240.882,
                      "Actual Rows": 118409,
                      "Actual Loops": 3,
                      "Hash Buckets": 524288,
                      "Original Hash Buckets": 524288,
                      "Hash Batches": 1,
                      "Original Hash Batches": 1,
                      "Peak Memory Usage": 18048,
                      "Plans": [
                        {
                          "Node Type": "Seq Scan",
                          "Parent Relationship": "Outer",
                          "Parallel Aware": true,
                          "Relation Name": "title",
                          "Alias": "t",
                          "Startup Cost": 0.0,
                          "Total Cost": 45479.1,
                          "Plan Rows": 120582,
                          "Plan Width": 4,
                          "Actual Startup Time": 65.273,
                          "Actual Total Time": 178.674,
                          "Actual Rows": 118409,
                          "Actual Loops": 3,
                          "Filter": "((production_year > 1986) AND (kind_id = 1))",
                          "Rows Removed by Filter": 724362
                        }
                      ]
                    }
                  ]
                }
              ]
            }
          ]
        }
      ]
    },
    "Planning Time": 0.634,
    "Triggers": [],
    "Execution Time": 455.252
  }
]