[
  {
    "Plan": {
      "Node Type": "Aggregate",
      "Strategy": "Plain",
      "Partial Mode": "Finalize",
      "Parallel Aware": false,
      "Startup Cost": 546515.63,
      "Total Cost": 546515.64,
      "Plan Rows": 1,
      "Plan Width": 64,
      "Actual Startup Time": 3877.436,
      "Actual Total Time": 4007.088,
      "Actual Rows": 1,
      "Actual Loops": 1,
      "Plans": [
        {
          "Node Type": "Gather",
          "Parent Relationship": "Outer",
          "Parallel Aware": false,
          "Startup Cost": 546515.31,
          "Total Cost": 546515.62,
          "Plan Rows": 3,
          "Plan Width": 64,
          "Actual Startup Time": 3874.555,
          "Actual Total Time": 4007.075,
          "Actual Rows": 4,
          "Actual Loops": 1,
          "Workers Planned": 3,
          "Workers Launched": 3,
          "Single Copy": false,
          "Plans": [
            {
              "Node Type": "Aggregate",
              "Strategy": "Plain",
              "Partial Mode": "Partial",
              "Parent Relationship": "Outer",
              "Parallel Aware": false,
              "Startup Cost": 545515.31,
              "Total Cost": 545515.32,
              "Plan Rows": 1,
              "Plan Width": 64,
              "Actual Startup Time": 3864.038,
              "Actual Total Time": 3864.355,
              "Actual Rows": 1,
              "Actual Loops": 4,
              "Plans": [
                {
                  "Node Type": "Hash Join",
                  "Parent Relationship": "Outer",
                  "Parallel Aware": true,
                  "Join Type": "Inner",
                  "Startup Cost": 530121.1,
                  "Total Cost": 545515.0,
                  "Plan Rows": 62,
                  "Plan Width": 33,
                  "Actual Startup Time": 3761.841,
                  "Actual Total Time": 3857.795,
                  "Actual Rows": 56229,
                  "Actual Loops": 4,
                  "Inner Unique": false,
                  "Hash Cond": "(an.person_id = n.id)",
                  "Plans": [
                    {
                      "Node Type": "Seq Scan",
                      "Parent Relationship": "Outer",
                      "Parallel Aware": true,
                      "Relation Name": "aka_name",
                      "Alias": "an",
                      "Startup Cost": 0.0,
                      "Total Cost": 14303.56,
                      "Plan Rows": 290756,
                      "Plan Width": 20,
                      "Actual Startup Time": 0.02,
                      "Actual Total Time": 41.012,
                      "Actual Rows": 225336,
                      "Actual Loops": 4
                    },
                    {
                      "Node Type": "Hash",
                      "Parent Relationship": "Inner",
                      "Parallel Aware": true,
                      "Startup Cost": 530120.85,
                      "Total Cost": 530120.85,
                      "Plan Rows": 20,
                      "Plan Width": 25,
                      "Actual Startup Time": 3760.504,
                      "Actual Total Time": 3760.819,
                      "Actual Rows": 57433,
                      "Actual Loops": 4,
                      "Hash Buckets": 262144,
                      "Original Hash Buckets": 1024,
                      "Hash Batches": 1,
                      "Original Hash Batches": 1,
                      "Peak Memory Usage": 18456,
                      "Plans": [
                        {
                          "Node Type": "Hash Join",
                          "Parent Relationship": "Outer",
                          "Parallel Aware": true,
                          "Join Type": "Inner",
                          "Startup Cost": 460182.96,
                          "Total Cost": 530120.85,
                          "Plan Rows": 20,
                          "Plan Width": 25,
                          "Actual Startup Time": 3323.861,
                          "Actual Total Time": 3715.067,
                          "Actual Rows": 57433,
                          "Actual Loops": 4,
                          "Inner Unique": false,
                          "Hash Cond": "(n.id = ci.person_id)",
                          "Plans": [
                            {
                              "Node Type": "Seq Scan",
                              "Parent Relationship": "Outer",
                              "Parallel Aware": true,
                              "Relation Name": "name",
                              "Alias": "n",
                              "Startup Cost": 0.0,
                              "Total Cost": 66031.07,
                              "Plan Rows": 1041807,
                              "Plan Width": 4,
                              "Actual Startup Time": 0.022,
                              "Actual Total Time": 171.045,
                              "Actual Rows": 1041873,
                              "Actual Loops": 4
                            },
                            {
                              "Node Type": "Hash",
                              "Parent Relationship": "Inner",
                              "Parallel Aware": true,
                              "Startup Cost": 460182.79,
                              "Total Cost": 460182.79,
                              "Plan Rows": 14,
                              "Plan Width": 21,
                              "Actual Startup Time": 3323.633,
                              "Actual Total Time": 3323.946,
                              "Actual Rows": 57433,
                              "Actual Loops": 4,
                              "Hash Buckets": 262144,
                              "Original Hash Buckets": 1024,
                              "Hash Batches": 1,
                              "Original Hash Batches": 1,
                              "Peak Memory Usage": 17656,
                              "Plans": [
                                {
                                  "Node Type": "Hash Join",
                                  "Parent Relationship": "Outer",
                                  "Parallel Aware": true,
                                  "Join Type": "Inner",
                                  "Startup Cost": 124471.09,
                                  "Total Cost": 460182.79,
                                  "Plan Rows": 14,
                                  "Plan Width": 21,
                                  "Actual Startup Time": 833.021,
                                  "Actual Total Time": 3179.42,
                                  "Actual Rows": 57433,
                                  "Actual Loops": 4,
                                  "Inner Unique": false,
                                  "Hash Cond": "(ci.movie_id = t.id)",
                                  "Plans": [
                                    {
                                      "Node Type": "Seq Scan",
                                      "Parent Relationship": "Outer",
                                      "Parallel Aware": true,
                                      "Relation Name": "cast_info",
                                      "Alias": "ci",
                                      "Startup Cost": 0.0,
                                      "Total Cost": 313068.58,
                                      "Plan Rows": 6038158,
                                      "Plan Width": 8,
                                      "Actual Startup Time": 0.024,
                                      "Actual Total Time": 1187.817,
                                      "Actual Rows": 9061086,
                                      "Actual Loops": 4
                                    },
                                    {
                                      "Node Type": "Hash",
                                      "Parent Relationship": "Inner",
                                      "Parallel Aware": true,
                                      "Startup Cost": 124471.08,
                                      "Total Cost": 124471.08,
                                      "Plan Rows": 1,
                                      "Plan Width": 29,
                                      "Actual Startup Time": 832.412,
                                      "Actual Total Time": 832.722,
                                      "Actual Rows": 1121,
                                      "Actual Loops": 4,
                                      "Hash Buckets": 4096,
                                      "Original Hash Buckets": 1024,
                                      "Hash Batches": 1,
                                      "Original Hash Batches": 1,
                                      "Peak Memory Usage": 440,
                                      "Plans": [
                                        {
                                          "Node Type": "Hash Join",
                                          "Parent Relationship": "Outer",
                                          "Parallel Aware": true,
                                          "Join Type": "Inner",
                                          "Startup Cost": 79782.4,
                                          "Total Cost": 124471.08,
                                          "Plan Rows": 1,
                                          "Plan Width": 29,
                                          "Actual Startup Time": 591.344,
                                          "Actual Total Time": 784.954,
                                          "Actual Rows": 1121,
                                          "Actual Loops": 4,
                                          "Inner Unique": false,
                                          "Hash Cond": "(t.id = mk.movie_id)",
                                          "Plans": [
                                            {
                                              "Node Type": "Seq Scan",
                                              "Parent Relationship": "Outer",
                                              "Parallel Aware": true,
                                              "Relation Name": "title",
                                              "Alias": "t",
                                              "Startup Cost": 0.0,
                                              "Total Cost": 42318.49,
                                              "Plan Rows": 632049,
                                              "Plan Width": 21,
                                              "Actual Startup Time": 0.02,
                                              "Actual Total Time": 111.91,
                                              "Actual Rows": 632078,
                                              "Actual Loops": 4
                                            },
                                            {
                                              "Node Type": "Hash",
                                              "Parent Relationship": "Inner",
                                              "Parallel Aware": true,
                                              "Startup Cost": 79782.37,
                                              "Total Cost": 79782.37,
                                              "Plan Rows": 2,
                                              "Plan Width": 8,
                                              "Actual Startup Time": 590.052,
                                              "Actual Total Time": 590.359,
                                              "Actual Rows": 1121,
                                              "Actual Loops": 4,
                                              "Hash Buckets": 4096,
                                              "Original Hash Buckets": 1024,
                                              "Hash Batches": 1,
                                              "Original Hash Batches": 1,
                                              "Peak Memory Usage": 344,
                                              "Plans": [
                                                {
                                                  "Node Type": "Hash Join",
                                                  "Parent Relationship": "Outer",
                                                  "Parallel Aware": true,
                                                  "Join Type": "Inner",
                                                  "Startup Cost": 50276.57,
                                                  "Total Cost": 79782.37,
                                                  "Plan Rows": 2,
                                                  "Plan Width": 8,
                                                  "Actual Startup Time": 347.514,
                                                  "Actual Total Time": 529.772,
                                                  "Actual Rows": 1121,
                                                  "Actual Loops": 4,
                                                  "Inner Unique": false,
                                                  "Hash Cond": "(mc.movie_id = mk.movie_id)",
                                                  "Plans": [
                                                    {
                                                      "Node Type": "Hash Join",
                                                      "Parent Relationship": "Outer",
                                                      "Parallel Aware": true,
                                                      "Join Type": "Inner",
                                                      "Startup Cost": 4772.11,
                                                      "Total Cost": 34188.04,
                                                      "Plan Rows": 23961,
                                                      "Plan Width": 4,
                                                      "Actual Startup Time": 16.953,
                                                      "Actual Total Time": 193.033,
                                                      "Actual Rows": 26249,
                                                      "Actual Loops": 4,
                                                      "Inner Unique": true,
                                                      "Hash Cond": "(mc.company_id = cn.id)",
                                                      "Plans": [
                                                        {
                                                          "Node Type": "Seq Scan",
                                                          "Parent Relationship": "Outer",
                                                          "Parallel Aware": true,
                                                          "Relation Name": "movie_companies",
                                                          "Alias": "mc",
                                                          "Startup Cost": 0.0,
                                                          "Total Cost": 27206.55,
                                                          "Plan Rows": 841655,
                                                          "Plan Width": 8,
                                                          "Actual Startup Time": 0.016,
                                                          "Actual Total Time": 92.768,
                                                          "Actual Rows": 652282,
                                                          "Actual Loops": 4
                                                        },
                                                        {
                                                          "Node Type": "Hash",
                                                          "Parent Relationship": "Inner",
                                                          "Parallel Aware": true,
                                                          "Startup Cost": 4722.92,
                                                          "Total Cost": 4722.92,
                                                          "Plan Rows": 3935,
                                                          "Plan Width": 4,
                                                          "Actual Startup Time": 16.781,
                                                          "Actual Total Time": 16.782,
                                                          "Actual Rows": 1688,
                                                          "Actual Loops": 4,
                                                          "Hash Buckets": 8192,
                                                          "Original Hash Buckets": 8192,
                                                          "Hash Batches": 1,
                                                          "Original Hash Batches": 1,
                                                          "Peak Memory Usage": 352,
                                                          "Plans": [
                                                            {
                                                              "Node Type": "Seq Scan",
                                                              "Parent Relationship": "Outer",
                                                              "Parallel Aware": true,
                                                              "Relation Name": "company_name",
                                                              "Alias": "cn",
                                                              "Startup Cost": 0.0,
                                                              "Total Cost": 4722.92,
                                                              "Plan Rows": 3935,
                                                              "Plan Width": 4,
                                                              "Actual Startup Time": 0.038,
                                                              "Actual Total Time": 15.802,
                                                              "Actual Rows": 1688,
                                                              "Actual Loops": 4,
                                                              "Filter": "((country_code)::text = '[jp]'::text)",
                                                              "Rows Removed by Filter": 57061
                                                            }
                                                          ]
                                                        }
                                                      ]
                                                    },
                                                    {
                                                      "Node Type": "Hash",
                                                      "Parent Relationship": "Inner",
                                                      "Parallel Aware": true,
                                                      "Startup Cost": 45504.33,
                                                      "Total Cost": 45504.33,
                                                      "Plan Rows": 11,
                                                      "Plan Width": 4,
                                                      "Actual Startup Time": 329.94,
                                                      "Actual Total Time": 329.943,
                                                      "Actual Rows": 10460,
                                                      "Actual Loops": 4,
                                                      "Hash Buckets": 65536,
                                                      "Original Hash Buckets": 1024,
                                                      "Hash Batches": 1,
                                                      "Original Hash Batches": 1,
                                                      "Peak Memory Usage": 2712,
                                                      "Plans": [
                                                        {
                                                          "Node Type": "Hash Join",
                                                          "Parent Relationship": "Outer",
                                                          "Parallel Aware": false,
                                                          "Join Type": "Inner",
                                                          "Startup Cost": 2626.14,
                                                          "Total Cost": 45504.33,
                                                          "Plan Rows": 11,
                                                          "Plan Width": 4,
                                                          "Actual Startup Time": 26.687,
                                                          "Actual Total Time": 291.615,
                                                          "Actual Rows": 10460,
                                                          "Actual Loops": 4,
                                                          "Inner Unique": true,
                                                          "Hash Cond": "(mk.keyword_id = k.id)",
                                                          "Plans": [
                                                            {
                                                              "Node Type": "Seq Scan",
                                                              "Parent Relationship": "Outer",
                                                              "Parallel Aware": true,
                                                              "Relation Name": "movie_keyword",
                                                              "Alias": "mk",
                                                              "Startup Cost": 0.0,
                                                              "Total Cost": 39047.32,
                                                              "Plan Rows": 1459332,
                                                              "Plan Width": 8,
                                                              "Actual Startup Time": 0.062,
                                                              "Actual Total Time": 158.273,
                                                              "Actual Rows": 1130982,
                                                              "Actual Loops": 4
                                                            },
                                                            {
                                                              "Node Type": "Hash",
                                                              "Parent Relationship": "Inner",
                                                              "Parallel Aware": false,
                                                              "Startup Cost": 2626.12,
                                                              "Total Cost": 2626.12,
                                                              "Plan Rows": 1,
                                                              "Plan Width": 4,
                                                              "Actual Startup Time": 26.544,
                                                              "Actual Total Time": 26.545,
                                                              "Actual Rows": 1,
                                                              "Actual Loops": 4,
                                                              "Hash Buckets": 1024,
                                                              "Original Hash Buckets": 1024,
                                                              "Hash Batches": 1,
                                                              "Original Hash Batches": 1,
                                                              "Peak Memory Usage": 9,
                                                              "Plans": [
                                                                {
                                                                  "Node Type": "Seq Scan",
                                                                  "Parent Relationship": "Outer",
                                                                  "Parallel Aware": false,
                                                                  "Relation Name": "keyword",
                                                                  "Alias": "k",
                                                                  "Startup Cost": 0.0,
                                                                  "Total Cost": 2626.12,
                                                                  "Plan Rows": 1,
                                                                  "Plan Width": 4,
                                                                  "Actual Startup Time": 2.014,
                                                                  "Actual Total Time": 26.52,
                                                                  "Actual Rows": 1,
                                                                  "Actual Loops": 4,
                                                                  "Filter": "(keyword = 'character-name-in-title'::text)",
                                                                  "Rows Removed by Filter": 134169
                                                                }
                                                              ]
                                                            }
                                                          ]
                                                        }
                                                      ]
                                                    }
                                                  ]
                                                }
                                              ]
                                            }
                                          ]
                                        }
                                      ]
                                    }
                                  ]
                                }
                              ]
                            }
                          ]
                        }
                      ]
                    }
                  ]
                }
              ]
            }
          ]
        }
      ]
    },
    "Planning Time": 19.096,
    "Triggers": [],
    "Execution Time": 4007.603
  }
]