[
  {
    "Plan": {
      "Node Type": "Aggregate",
      "Strategy": "Plain",
      "Partial Mode": "Simple",
      "Parallel Aware": false,
      "Startup Cost": 15002.24,
      "Total Cost": 15002.25,
      "Plan Rows": 1,
      "Plan Width": 96,
      "Actual Startup Time": 5258.411,
      "Actual Total Time": 5258.42,
      "Actual Rows": 1,
      "Actual Loops": 1,
      "Output": [
        "min(chn.name)",
        "min(mi_idx.info)",
        "min(t.title)"
      ],
      "Plans": [
        {
          "Node Type": "Nested Loop",
          "Parent Relationship": "Outer",
          "Parallel Aware": false,
          "Join Type": "Inner",
          "Startup Cost": 14.87,
          "Total Cost": 15002.24,
          "Plan Rows": 1,
          "Plan Width": 38,
          "Actual Startup Time": 43.947,
          "Actual Total Time": 5254.871,
          "Actual Rows": 10958,
          "Actual Loops": 1,
          "Output": [
            "chn.name",
            "mi_idx.info",
            "t.title"
          ],
          "Inner Unique": true,
          "Plans": [
            {
              "Node Type": "Nested Loop",
              "Parent Relationship": "Outer",
              "Parallel Aware": false,
              "Join Type": "Inner",
              "Startup Cost": 14.44,
              "Total Cost": 15001.78,
              "Plan Rows": 1,
              "Plan Width": 26,
              "Actual Startup Time": 39.93,
              "Actual Total Time": 4294.456,
              "Actual Rows": 378431,
              "Actual Loops": 1,
              "Output": [
                "ci.person_role_id",
                "mi_idx.info",
                "t.title"
              ],
              "Inner Unique": true,
              "Plans": [
                {
                  "Node Type": "Nested Loop",
                  "Parent Relationship": "Outer",
                  "Parallel Aware": false,
                  "Join Type": "Inner",
                  "Startup Cost": 14.31,
                  "Total Cost": 15001.61,
                  "Plan Rows": 1,
                  "Plan Width": 30,
                  "Actual Startup Time": 39.916,
                  "Actual Total Time": 3932.474,
                  "Actual Rows": 378431,
                  "Actual Loops": 1,
                  "Output": [
                    "cc.status_id",
                    "ci.person_role_id",
                    "mi_idx.info",
                    "t.title"
                  ],
                  "Inner Unique": true,
                  "Plans": [
                    {
                      "Node Type": "Nested Loop",
                      "Parent Relationship": "Outer",
                      "Parallel Aware": false,
                      "Join Type": "Inner",
                      "Startup Cost": 13.88,
                      "Total Cost": 15001.15,
                      "Plan Rows": 1,
                      "Plan Width": 34,
                      "Actual Startup Time": 39.786,
                      "Actual Total Time": 1783.927,
                      "Actual Rows": 378431,
                      "Actual Loops": 1,
                      "Output": [
                        "cc.status_id",
                        "ci.person_role_id",
                        "ci.person_id",
                        "mi_idx.info",
                        "t.title"
                      ],
                      "Inner Unique": false,
                      "Join Filter": "(t.id = ci.movie_id)",
                      "Rows Removed by Join Filter": 0,
                      "Plans": [
                        {
                          "Node Type": "Nested Loop",
                          "Parent Relationship": "Outer",
                          "Parallel Aware": false,
                          "Join Type": "Inner",
                          "Startup Cost": 13.31,
                          "Total Cost": 14999.14,
                          "Plan Rows": 1,
                          "Plan Width": 42,
                          "Actual Startup Time": 39.685,
                          "Actual Total Time": 618.253,
                          "Actual Rows": 2849,
                          "Actual Loops": 1,
                          "Output": [
                            "cc.movie_id",
                            "cc.status_id",
                            "mi_idx.info",
                            "mi_idx.movie_id",
                            "mk.movie_id",
                            "t.title",
                            "t.id"
                          ],
                          "Inner Unique": true,
                          "Plans": [
                            {
                              "Node Type": "Nested Loop",
                              "Parent Relationship": "Outer",
                              "Parallel Aware": false,
                              "Join Type": "Inner",
                              "Startup Cost": 13.18,
                              "Total Cost": 14998.97,
                              "Plan Rows": 1,
                              "Plan Width": 46,
                              "Actual Startup Time": 39.665,
                              "Actual Total Time": 612.383,
                              "Actual Rows": 3465,
                              "Actual Loops": 1,
                              "Output": [
                                "cc.movie_id",
                                "cc.subject_id",
                                "cc.status_id",
                                "mi_idx.info",
                                "mi_idx.movie_id",
                                "mk.movie_id",
                                "t.title",
                                "t.id"
                              ],
                              "Inner Unique": false,
                              "Plans": [
                                {
                                  "Node Type": "Nested Loop",
                                  "Parent Relationship": "Outer",
                                  "Parallel Aware": false,
                                  "Join Type": "Inner",
                                  "Startup Cost": 12.76,
                                  "Total Cost": 14998.49,
                                  "Plan Rows": 1,
                                  "Plan Width": 34,
                                  "Actual Startup Time": 39.011,
                                  "Actual Total Time": 577.553,
                                  "Actual Rows": 9449,
                                  "Actual Loops": 1,
                                  "Output": [
                                    "mi_idx.info",
                                    "mi_idx.movie_id",
                                    "mk.movie_id",
                                    "t.title",
                                    "t.id"
                                  ],
                                  "Inner Unique": false,
                                  "Join Filter": "(mi_idx.info_type_id = it2.id)",
                                  "Rows Removed by Join Filter": 19020,
                                  "Plans": [
                                    {
                                      "Node Type": "Seq Scan",
                                      "Parent Relationship": "Outer",
                                      "Parallel Aware": false,
                                      "Relation Name": "info_type",
                                      "Schema": "public",
                                      "Alias": "it2",
                                      "Startup Cost": 0.0,
                                      "Total Cost": 2.41,
                                      "Plan Rows": 1,
                                      "Plan Width": 4,
                                      "Actual Startup Time": 0.047,
                                      "Actual Total Time": 0.05,
                                      "Actual Rows": 1,
                                      "Actual Loops": 1,
                                      "Output": [
                                        "it2.id",
                                        "it2.info"
                                      ],
                                      "Filter": "((it2.info)::text = 'rating'::text)",
                                      "Rows Removed by Filter": 112
                                    },
                                    {
                                      "Node Type": "Nested Loop",
                                      "Parent Relationship": "Inner",
                                      "Parallel Aware": false,
                                      "Join Type": "Inner",
                                      "Startup Cost": 12.76,
                                      "Total Cost": 14995.0,
                                      "Plan Rows": 86,
                                      "Plan Width": 38,
                                      "Actual Startup Time": 38.957,
                                      "Actual Total Time": 574.298,
                                      "Actual Rows": 28469,
                                      "Actual Loops": 1,
                                      "Output": [
                                        "mk.movie_id",
                                        "mi_idx.info",
                                        "mi_idx.movie_id",
                                        "mi_idx.info_type_id",
                                        "t.title",
                                        "t.id"
                                      ],
                                      "Inner Unique": false,
                                      "Join Filter": "(t.id = mi_idx.movie_id)",
                                      "Rows Removed by Join Filter": 0,
                                      "Plans": [
                                        {
                                          "Node Type": "Hash Join",
                                          "Parent Relationship": "Outer",
                                          "Parallel Aware": false,
                                          "Join Type": "Inner",
                                          "Startup Cost": 12.33,
                                          "Total Cost": 14979.63,
                                          "Plan Rows": 29,
                                          "Plan Width": 25,
                                          "Actual Startup Time": 38.896,
                                          "Actual Total Time": 492.052,
                                          "Actual Rows": 11071,
                                          "Actual Loops": 1,
                                          "Output": [
                                            "mk.movie_id",
                                            "t.title",
                                            "t.id"
                                          ],
                                          "Inner Unique": true,
                                          "Hash Cond": "(t.kind_id = kt.id)",
                                          "Plans": [
                                            {
                                              "Node Type": "Nested Loop",
                                              "Parent Relationship": "Outer",
                                              "Parallel Aware": false,
                                              "Join Type": "Inner",
                                              "Startup Cost": 11.23,
                                              "Total Cost": 14892.14,
                                              "Plan Rows": 20500,
                                              "Plan Width": 29,
                                              "Actual Startup Time": 4.277,
                                              "Actual Total Time": 485.779,
                                              "Actual Rows": 19676,
                                              "Actual Loops": 1,
                                              "Output": [
                                                "mk.movie_id",
                                                "t.title",
                                                "t.kind_id",
                                                "t.id"
                                              ],
                                              "Inner Unique": true,
                                              "Plans": [
                                                {
                                                  "Node Type": "Nested Loop",
                                                  "Parent Relationship": "Outer",
                                                  "Parallel Aware": false,
                                                  "Join Type": "Inner",
                                                  "Startup Cost": 10.8,
                                                  "Total Cost": 14727.08,
                                                  "Plan Rows": 337,
                                                  "Plan Width": 4,
                                                  "Actual Startup Time": 4.104,
                                                  "Actual Total Time": 207.452,
                                                  "Actual Rows": 40694,
                                                  "Actual Loops": 1,
                                                  "Output": [
                                                    "mk.movie_id"
                                                  ],
                                                  "Inner Unique": false,
                                                  "Plans": [
                                                    {
                                                      "Node Type": "Seq Scan",
                                                      "Parent Relationship": "Outer",
                                                      "Parallel Aware": false,
                                                      "Relation Name": "keyword",
                                                      "Schema": "public",
                                                      "Alias": "k",
                                                      "Startup Cost": 0.0,
                                                      "Total Cost": 3967.82,
                                                      "Plan Rows": 10,
                                                      "Plan Width": 4,
                                                      "Actual Startup Time": 0.256,
                                                      "Actual Total Time": 28.073,
                                                      "Actual Rows": 8,
                                                      "Actual Loops": 1,
                                                      "Output": [
                                                        "k.id",
                                                        "k.keyword",
                                                        "k.phonetic_code"
                                                      ],
                                                      "Filter": "(k.keyword = ANY ('{blood,tv-special,hand-to-hand-combat,murder,tv-special,murder,martial-arts,marvel-cinematic-universe,marvel-comics,second-part}'::text[]))",
                                                      "Rows Removed by Filter": 134162
                                                    },
                                                    {
                                                      "Node Type": "Bitmap Heap Scan",
                                                      "Parent Relationship": "Inner",
                                                      "Parallel Aware": false,
                                                      "Relation Name": "movie_keyword",
                                                      "Schema": "public",
                                                      "Alias": "mk",
                                                      "Startup Cost": 10.8,
                                                      "Total Cost": 1072.87,
                                                      "Plan Rows": 306,
                                                      "Plan Width": 8,
                                                      "Actual Startup Time": 1.358,
                                                      "Actual Total Time": 21.621,
                                                      "Actual Rows": 5087,
                                                      "Actual Loops": 8,
                                                      "Output": [
                                                        "mk.id",
                                                        "mk.movie_id",
                                                        "mk.keyword_id"
                                                      ],
                                                      "Recheck Cond": "(mk.keyword_id = k.id)",
                                                      "Rows Removed by Index Recheck": 0,
                                                      "Exact Heap Blocks": 27301,
                                                      "Lossy Heap Blocks": 0,
                                                      "Plans": [
                                                        {
                                                          "Node Type": "Bitmap Index Scan",
                                                          "Parent Relationship": "Outer",
                                                          "Parallel Aware": false,
                                                          "Index Name": "keyword_id_movie_keyword",
                                                          "Startup Cost": 0.0,
                                                          "Total Cost": 10.73,
                                                          "Plan Rows": 306,
                                                          "Plan Width": 0,
                                                          "Actual Startup Time": 0.847,
                                                          "Actual Total Time": 0.847,
                                                          "Actual Rows": 5087,
                                                          "Actual Loops": 8,
                                                          "Index Cond": "(mk.keyword_id = k.id)"
                                                        }
                                                      ]
                                                    }
                                                  ]
                                                },
                                                {
                                                  "Node Type": "Index Scan",
                                                  "Parent Relationship": "Inner",
                                                  "Parallel Aware": false,
                                                  "Scan Direction": "Forward",
                                                  "Index Name": "title_pkey",
                                                  "Relation Name": "title",
                                                  "Schema": "public",
                                                  "Alias": "t",
                                                  "Startup Cost": 0.43,
                                                  "Total Cost": 0.49,
                                                  "Plan Rows": 1,
                                                  "Plan Width": 25,
                                                  "Actual Startup Time": 0.006,
                                                  "Actual Total Time": 0.006,
                                                  "Actual Rows": 0,
                                                  "Actual Loops": 40694,
                                                  "Output": [
                                                    "t.id",
                                                    "t.title",
                                                    "t.imdb_index",
                                                    "t.kind_id",
                                                    "t.production_year",
                                                    "t.imdb_id",
                                                    "t.phonetic_code",
                                                    "t.episode_of_id",
                                                    "t.season_nr",
                                                    "t.episode_nr",
                                                    "t.series_years",
                                                    "t.md5sum"
                                                  ],
                                                  "Index Cond": "(t.id = mk.movie_id)",
                                                  "Rows Removed by Index Recheck": 0,
                                                  "Filter": "(t.production_year > 1997)",
                                                  "Rows Removed by Filter": 1
                                                }
                                              ]
                                            },
                                            {
                                              "Node Type": "Hash",
                                              "Parent Relationship": "Inner",
                                              "Parallel Aware": false,
                                              "Startup Cost": 1.09,
                                              "Total Cost": 1.09,
                                              "Plan Rows": 1,
                                              "Plan Width": 4,
                                              "Actual Startup Time": 0.026,
                                              "Actual Total Time": 0.026,
                                              "Actual Rows": 1,
                                              "Actual Loops": 1,
                                              "Output": [
                                                "kt.id"
                                              ],
                                              "Hash Buckets": 1024,
                                              "Original Hash Buckets": 1024,
                                              "Hash Batches": 1,
                                              "Original Hash Batches": 1,
                                              "Peak Memory Usage": 9,
                                              "Plans": [
                                                {
                                                  "Node Type": "Seq Scan",
                                                  "Parent Relationship": "Outer",
                                                  "Parallel Aware": false,
                                                  "Relation Name": "kind_type",
                                                  "Schema": "public",
                                                  "Alias": "kt",
                                                  "Startup Cost": 0.0,
                                                  "Total Cost": 1.09,
                                                  "Plan Rows": 1,
                                                  "Plan Width": 4,
                                                  "Actual Startup Time": 0.015,
                                                  "Actual Total Time": 0.018,
                                                  "Actual Rows": 1,
                                                  "Actual Loops": 1,
                                                  "Output": [
                                                    "kt.id"
                                                  ],
                                                  "Filter": "((kt.kind)::text = 'movie'::text)",
                                                  "Rows Removed by Filter": 6
                                                }
                                              ]
                                            }
                                          ]
                                        },
                                        {
                                          "Node Type": "Index Scan",
                                          "Parent Relationship": "Inner",
                                          "Parallel Aware": false,
                                          "Scan Direction": "Forward",
                                          "Index Name": "movie_id_movie_info_idx",
                                          "Relation Name": "movie_info_idx",
                                          "Schema": "public",
                                          "Alias": "mi_idx",
                                          "Startup Cost": 0.43,
                                          "Total Cost": 0.49,
                                          "Plan Rows": 3,
                                          "Plan Width": 13,
                                          "Actual Startup Time": 0.006,
                                          "Actual Total Time": 0.007,
                                          "Actual Rows": 3,
                                          "Actual Loops": 11071,
                                          "Output": [
                                            "mi_idx.id",
                                            "mi_idx.movie_id",
                                            "mi_idx.info_type_id",
                                            "mi_idx.info",
                                            "mi_idx.note"
                                          ],
                                          "Index Cond": "(mi_idx.movie_id = mk.movie_id)",
                                          "Rows Removed by Index Recheck": 0
                                        }
                                      ]
                                    }
                                  ]
                                },
                                {
                                  "Node Type": "Index Scan",
                                  "Parent Relationship": "Inner",
                                  "Parallel Aware": false,
                                  "Scan Direction": "Forward",
                                  "Index Name": "movie_id_complete_cast",
                                  "Relation Name": "complete_cast",
                                  "Schema": "public",
                                  "Alias": "cc",
                                  "Startup Cost": 0.42,
                                  "Total Cost": 0.46,
                                  "Plan Rows": 2,
                                  "Plan Width": 12,
                                  "Actual Startup Time": 0.003,
                                  "Actual Total Time": 0.003,
                                  "Actual Rows": 0,
                                  "Actual Loops": 9449,
                                  "Output": [
                                    "cc.id",
                                    "cc.movie_id",
                                    "cc.subject_id",
                                    "cc.status_id"
                                  ],
                                  "Index Cond": "(cc.movie_id = t.id)",
                                  "Rows Removed by Index Recheck": 0
                                }
                              ]
                            },
                            {
                              "Node Type": "Index Scan",
                              "Parent Relationship": "Inner",
                              "Parallel Aware": false,
                              "Scan Direction": "Forward",
                              "Index Name": "comp_cast_type_pkey",
                              "Relation Name": "comp_cast_type",
                              "Schema": "public",
                              "Alias": "cct1",
                              "Startup Cost": 0.13,
                              "Total Cost": 0.15,
                              "Plan Rows": 1,
                              "Plan Width": 4,
                              "Actual Startup Time": 0.001,
                              "Actual Total Time": 0.001,
                              "Actual Rows": 1,
                              "Actual Loops": 3465,
                              "Output": [
                                "cct1.id",
                                "cct1.kind"
                              ],
                              "Index Cond": "(cct1.id = cc.subject_id)",
                              "Rows Removed by Index Recheck": 0,
                              "Filter": "((cct1.kind)::text = 'cast'::text)",
                              "Rows Removed by Filter": 0
                            }
                          ]
                        },
                        {
                          "Node Type": "Index Scan",
                          "Parent Relationship": "Inner",
                          "Parallel Aware": false,
                          "Scan Direction": "Forward",
                          "Index Name": "movie_id_cast_info",
                          "Relation Name": "cast_info",
                          "Schema": "public",
                          "Alias": "ci",
                          "Startup Cost": 0.56,
                          "Total Cost": 1.55,
                          "Plan Rows": 37,
                          "Plan Width": 12,
                          "Actual Startup Time": 0.018,
                          "Actual Total Time": 0.385,
                          "Actual Rows": 133,
                          "Actual Loops": 2849,
                          "Output": [
                            "ci.id",
                            "ci.person_id",
                            "ci.movie_id",
                            "ci.person_role_id",
                            "ci.note",
                            "ci.nr_order",
                            "ci.role_id"
                          ],
                          "Index Cond": "(ci.movie_id = mk.movie_id)",
                          "Rows Removed by Index Recheck": 0
                        }
                      ]
                    },
                    {
                      "Node Type": "Index Only Scan",
                      "Parent Relationship": "Inner",
                      "Parallel Aware": false,
                      "Scan Direction": "Forward",
                      "Index Name": "name_pkey",
                      "Relation Name": "name",
                      "Schema": "public",
                      "Alias": "n",
                      "Startup Cost": 0.43,
                      "Total Cost": 0.46,
                      "Plan Rows": 1,
                      "Plan Width": 4,
                      "Actual Startup Time": 0.005,
                      "Actual Total Time": 0.005,
                      "Actual Rows": 1,
                      "Actual Loops": 378431,
                      "Output": [
                        "n.id"
                      ],
                      "Index Cond": "(n.id = ci.person_id)",
                      "Rows Removed by Index Recheck": 0,
                      "Heap Fetches": 378431
                    }
                  ]
                },
                {
                  "Node Type": "Index Scan",
                  "Parent Relationship": "Inner",
                  "Parallel Aware": false,
                  "Scan Direction": "Forward",
                  "Index Name": "comp_cast_type_pkey",
                  "Relation Name": "comp_cast_type",
                  "Schema": "public",
                  "Alias": "cct2",
                  "Startup Cost": 0.13,
                  "Total Cost": 0.15,
                  "Plan Rows": 1,
                  "Plan Width": 4,
                  "Actual Startup Time": 0.001,
                  "Actual Total Time": 0.001,
                  "Actual Rows": 1,
                  "Actual Loops": 378431,
                  "Output": [
                    "cct2.id",
                    "cct2.kind"
                  ],
                  "Index Cond": "(cct2.id = cc.status_id)",
                  "Rows Removed by Index Recheck": 0,
                  "Filter": "((cct2.kind)::text ~~ '%complete%'::text)",
                  "Rows Removed by Filter": 0
                }
              ]
            },
            {
              "Node Type": "Index Scan",
              "Parent Relationship": "Inner",
              "Parallel Aware": false,
              "Scan Direction": "Forward",
              "Index Name": "char_name_pkey",
              "Relation Name": "char_name",
              "Schema": "public",
              "Alias": "chn",
              "Startup Cost": 0.43,
              "Total Cost": 0.46,
              "Plan Rows": 1,
              "Plan Width": 20,
              "Actual Startup Time": 0.002,
              "Actual Total Time": 0.002,
              "Actual Rows": 0,
              "Actual Loops": 378431,
              "Output": [
                "chn.id",
                "chn.name",
                "chn.imdb_index",
                "chn.imdb_id",
                "chn.name_pcode_nf",
                "chn.surname_pcode",
                "chn.md5sum"
              ],
              "Index Cond": "(chn.id = ci.person_role_id)",
              "Rows Removed by Index Recheck": 0,
              "Filter": "((chn.name IS NOT NULL) AND ((chn.name ~~ '%man%'::text) OR (chn.name ~~ '%Man%'::text)))",
              "Rows Removed by Filter": 0
            }
          ]
        }
      ]
    },
    "Planning Time": 132053.107,
    "Triggers": [],
    "Execution Time": 5258.931
  }
]