[
  {
    "Plan": {
      "Node Type": "Aggregate",
      "Strategy": "Plain",
      "Partial Mode": "Finalize",
      "Parallel Aware": false,
      "Startup Cost": 74311.55,
      "Total Cost": 74311.56,
      "Plan Rows": 1,
      "Plan Width": 8,
      "Actual Startup Time": 83.588,
      "Actual Total Time": 95.768,
      "Actual Rows": 1,
      "Actual Loops": 1,
      "Plans": [
        {
          "Node Type": "Gather",
          "Parent Relationship": "Outer",
          "Parallel Aware": false,
          "Startup Cost": 74311.23,
          "Total Cost": 74311.54,
          "Plan Rows": 3,
          "Plan Width": 8,
          "Actual Startup Time": 83.334,
          "Actual Total Time": 95.76,
          "Actual Rows": 4,
          "Actual Loops": 1,
          "Workers Planned": 3,
          "Workers Launched": 3,
          "Single Copy": false,
          "Plans": [
            {
              "Node Type": "Aggregate",
              "Strategy": "Plain",
              "Partial Mode": "Partial",
              "Parent Relationship": "Outer",
              "Parallel Aware": false,
              "Startup Cost": 73311.23,
              "Total Cost": 73311.24,
              "Plan Rows": 1,
              "Plan Width": 8,
              "Actual Startup Time": 71.732,
              "Actual Total Time": 71.734,
              "Actual Rows": 1,
              "Actual Loops": 4,
              "Plans": [
                {
                  "Node Type": "Nested Loop",
                  "Parent Relationship": "Outer",
                  "Parallel Aware": false,
                  "Join Type": "Inner",
                  "Startup Cost": 731.82,
                  "Total Cost": 73301.44,
                  "Plan Rows": 3916,
                  "Plan Width": 0,
                  "Actual Startup Time": 7.821,
                  "Actual Total Time": 71.558,
                  "Actual Rows": 1000,
                  "Actual Loops": 4,
                  "Inner Unique": true,
                  "Plans": [
                    {
                      "Node Type": "Bitmap Heap Scan",
                      "Parent Relationship": "Outer",
                      "Parallel Aware": true,
                      "Relation Name": "movie_keyword",
                      "Alias": "mk",
                      "Startup Cost": 731.39,
                      "Total Cost": 26591.81,
                      "Plan Rows": 11112,
                      "Plan Width": 4,
                      "Actual Startup Time": 5.379,
                      "Actual Total Time": 18.294,
                      "Actual Rows": 6790,
                      "Actual Loops": 4,
                      "Recheck Cond": "(keyword_id < 24)",
                      "Rows Removed by Index Recheck": 0,
                      "Exact Heap Blocks": 5856,
                      "Lossy Heap Blocks": 0,
                      "Plans": [
                        {
                          "Node Type": "Bitmap Index Scan",
                          "Parent Relationship": "Outer",
                          "Parallel Aware": false,
                          "Index Name": "keyword_id_movie_keyword",
                          "Startup Cost": 0.0,
                          "Total Cost": 722.78,
                          "Plan Rows": 34446,
                          "Plan Width": 0,
                          "Actual Startup Time": 10.544,
                          "Actual Total Time": 10.545,
                          "Actual Rows": 27159,
                          "Actual Loops": 1,
                          "Index Cond": "(keyword_id < 24)"
                        }
                      ]
                    },
                    {
                      "Node Type": "Index Scan",
                      "Parent Relationship": "Inner",
                      "Parallel Aware": false,
                      "Scan Direction": "Forward",
                      "Index Name": "title_pkey",
                      "Relation Name": "title",
                      "Alias": "t",
                      "Startup Cost": 0.43,
                      "Total Cost": 4.2,
                      "Plan Rows": 1,
                      "Plan Width": 4,
                      "Actual Startup Time": 0.007,
                      "Actual Total Time": 0.007,
                      "Actual Rows": 0,
                      "Actual Loops": 27159,
                      "Index Cond": "(id = mk.movie_id)",
                      "Rows Removed by Index Recheck": 0,
                      "Filter": "((kind_id > 3) AND (production_year < 2005))",
                      "Rows Removed by Filter": 1
                    }
                  ]
                }
              ]
            }
          ]
        }
      ]
    },
    "Planning Time": 0.598,
    "Triggers": [],
    "Execution Time": 95.851
  }
]