[
  {
    "Plan": {
      "Node Type": "Aggregate",
      "Strategy": "Plain",
      "Partial Mode": "Finalize",
      "Parallel Aware": false,
      "Startup Cost": 765583.83,
      "Total Cost": 765583.84,
      "Plan Rows": 1,
      "Plan Width": 64,
      "Actual Startup Time": 5382.827,
      "Actual Total Time": 5488.437,
      "Actual Rows": 1,
      "Actual Loops": 1,
      "Plans": [
        {
          "Node Type": "Gather",
          "Parent Relationship": "Outer",
          "Parallel Aware": false,
          "Startup Cost": 765583.71,
          "Total Cost": 765583.82,
          "Plan Rows": 1,
          "Plan Width": 64,
          "Actual Startup Time": 5382.343,
          "Actual Total Time": 5488.424,
          "Actual Rows": 2,
          "Actual Loops": 1,
          "Workers Planned": 1,
          "Workers Launched": 1,
          "Single Copy": false,
          "Plans": [
            {
              "Node Type": "Aggregate",
              "Strategy": "Plain",
              "Partial Mode": "Partial",
              "Parent Relationship": "Outer",
              "Parallel Aware": false,
              "Startup Cost": 764583.71,
              "Total Cost": 764583.72,
              "Plan Rows": 1,
              "Plan Width": 64,
              "Actual Startup Time": 5375.185,
              "Actual Total Time": 5375.214,
              "Actual Rows": 1,
              "Actual Loops": 2,
              "Plans": [
                {
                  "Node Type": "Hash Join",
                  "Parent Relationship": "Outer",
                  "Parallel Aware": true,
                  "Join Type": "Inner",
                  "Startup Cost": 759673.16,
                  "Total Cost": 764583.7,
                  "Plan Rows": 2,
                  "Plan Width": 32,
                  "Actual Startup Time": 5351.888,
                  "Actual Total Time": 5375.183,
                  "Actual Rows": 63,
                  "Actual Loops": 2,
                  "Inner Unique": false,
                  "Hash Cond": "(cn.id = mc.company_id)",
                  "Plans": [
                    {
                      "Node Type": "Seq Scan",
                      "Parent Relationship": "Outer",
                      "Parallel Aware": true,
                      "Relation Name": "company_name",
                      "Alias": "cn",
                      "Startup Cost": 0.0,
                      "Total Cost": 4722.92,
                      "Plan Rows": 50031,
                      "Plan Width": 4,
                      "Actual Startup Time": 0.027,
                      "Actual Total Time": 20.496,
                      "Actual Rows": 42422,
                      "Actual Loops": 2,
                      "Filter": "((country_code)::text = '[us]'::text)",
                      "Rows Removed by Filter": 75077
                    },
                    {
                      "Node Type": "Hash",
                      "Parent Relationship": "Inner",
                      "Parallel Aware": true,
                      "Startup Cost": 759673.12,
                      "Total Cost": 759673.12,
                      "Plan Rows": 3,
                      "Plan Width": 36,
                      "Actual Startup Time": 5350.422,
                      "Actual Total Time": 5350.449,
                      "Actual Rows": 254,
                      "Actual Loops": 2,
                      "Hash Buckets": 1024,
                      "Original Hash Buckets": 1024,
                      "Hash Batches": 1,
                      "Original Hash Batches": 1,
                      "Peak Memory Usage": 72,
                      "Plans": [
                        {
                          "Node Type": "Hash Join",
                          "Parent Relationship": "Outer",
                          "Parallel Aware": true,
                          "Join Type": "Inner",
                          "Startup Cost": 729310.36,
                          "Total Cost": 759673.12,
                          "Plan Rows": 3,
                          "Plan Width": 36,
                          "Actual Startup Time": 5109.149,
                          "Actual Total Time": 5350.33,
                          "Actual Rows": 254,
                          "Actual Loops": 2,
                          "Inner Unique": false,
                          "Hash Cond": "(mc.movie_id = t.id)",
                          "Plans": [
                            {
                              "Node Type": "Seq Scan",
                              "Parent Relationship": "Outer",
                              "Parallel Aware": true,
                              "Relation Name": "movie_companies",
                              "Alias": "mc",
                              "Startup Cost": 0.0,
                              "Total Cost": 27206.55,
                              "Plan Rows": 841655,
                              "Plan Width": 8,
                              "Actual Startup Time": 0.011,
                              "Actual Total Time": 164.65,
                              "Actual Rows": 1304564,
                              "Actual Loops": 2
                            },
                            {
                              "Node Type": "Hash",
                              "Parent Relationship": "Inner",
                              "Parallel Aware": true,
                              "Startup Cost": 729310.35,
                              "Total Cost": 729310.35,
                              "Plan Rows": 1,
                              "Plan Width": 44,
                              "Actual Startup Time": 5085.833,
                              "Actual Total Time": 5085.858,
                              "Actual Rows": 17,
                              "Actual Loops": 2,
                              "Hash Buckets": 1024,
                              "Original Hash Buckets": 1024,
                              "Hash Batches": 1,
                              "Original Hash Batches": 1,
                              "Peak Memory Usage": 72,
                              "Plans": [
                                {
                                  "Node Type": "Hash Join",
                                  "Parent Relationship": "Outer",
                                  "Parallel Aware": true,
                                  "Join Type": "Inner",
                                  "Startup Cost": 684513.9,
                                  "Total Cost": 729310.35,
                                  "Plan Rows": 1,
                                  "Plan Width": 44,
                                  "Actual Startup Time": 4922.45,
                                  "Actual Total Time": 5085.813,
                                  "Actual Rows": 17,
                                  "Actual Loops": 2,
                                  "Inner Unique": false,
                                  "Hash Cond": "(t.id = mi.movie_id)",
                                  "Plans": [
                                    {
                                      "Node Type": "Seq Scan",
                                      "Parent Relationship": "Outer",
                                      "Parallel Aware": true,
                                      "Relation Name": "title",
                                      "Alias": "t",
                                      "Startup Cost": 0.0,
                                      "Total Cost": 43898.97,
                                      "Plan Rows": 239322,
                                      "Plan Width": 21,
                                      "Actual Startup Time": 0.009,
                                      "Actual Total Time": 179.661,
                                      "Actual Rows": 485594,
                                      "Actual Loops": 2,
                                      "Filter": "(production_year < 1999)",
                                      "Rows Removed by Filter": 778562
                                    },
                                    {
                                      "Node Type": "Hash",
                                      "Parent Relationship": "Inner",
                                      "Parallel Aware": true,
                                      "Startup Cost": 684513.89,
                                      "Total Cost": 684513.89,
                                      "Plan Rows": 1,
                                      "Plan Width": 23,
                                      "Actual Startup Time": 4860.341,
                                      "Actual Total Time": 4860.359,
                                      "Actual Rows": 1956,
                                      "Actual Loops": 2,
                                      "Hash Buckets": 4096,
                                      "Original Hash Buckets": 1024,
                                      "Hash Batches": 1,
                                      "Original Hash Batches": 1,
                                      "Peak Memory Usage": 312,
                                      "Plans": [
                                        {
                                          "Node Type": "Hash Join",
                                          "Parent Relationship": "Outer",
                                          "Parallel Aware": true,
                                          "Join Type": "Inner",
                                          "Startup Cost": 637270.48,
                                          "Total Cost": 684513.89,
                                          "Plan Rows": 1,
                                          "Plan Width": 23,
                                          "Actual Startup Time": 4338.532,
                                          "Actual Total Time": 4676.328,
                                          "Actual Rows": 1956,
                                          "Actual Loops": 2,
                                          "Inner Unique": false,
                                          "Hash Cond": "(chn.id = ci.person_role_id)",
                                          "Plans": [
                                            {
                                              "Node Type": "Seq Scan",
                                              "Parent Relationship": "Outer",
                                              "Parallel Aware": true,
                                              "Relation Name": "char_name",
                                              "Alias": "chn",
                                              "Startup Cost": 0.0,
                                              "Total Cost": 44299.2,
                                              "Plan Rows": 785120,
                                              "Plan Width": 4,
                                              "Actual Startup Time": 0.014,
                                              "Actual Total Time": 183.124,
                                              "Actual Rows": 1570170,
                                              "Actual Loops": 2
                                            },
                                            {
                                              "Node Type": "Hash",
                                              "Parent Relationship": "Inner",
                                              "Parallel Aware": true,
                                              "Startup Cost": 637270.47,
                                              "Total Cost": 637270.47,
                                              "Plan Rows": 1,
                                              "Plan Width": 27,
                                              "Actual Startup Time": 4337.934,
                                              "Actual Total Time": 4337.948,
                                              "Actual Rows": 2007,
                                              "Actual Loops": 2,
                                              "Hash Buckets": 4096,
                                              "Original Hash Buckets": 1024,
                                              "Hash Batches": 1,
                                              "Original Hash Batches": 1,
                                              "Peak Memory Usage": 344,
                                              "Plans": [
                                                {
                                                  "Node Type": "Hash Join",
                                                  "Parent Relationship": "Outer",
                                                  "Parallel Aware": true,
                                                  "Join Type": "Inner",
                                                  "Startup Cost": 430477.83,
                                                  "Total Cost": 637270.47,
                                                  "Plan Rows": 1,
                                                  "Plan Width": 27,
                                                  "Actual Startup Time": 3305.891,
                                                  "Actual Total Time": 4241.598,
                                                  "Actual Rows": 2007,
                                                  "Actual Loops": 2,
                                                  "Inner Unique": false,
                                                  "Hash Cond": "(mi.movie_id = ci.movie_id)",
                                                  "Plans": [
                                                    {
                                                      "Node Type": "Hash Join",
                                                      "Parent Relationship": "Outer",
                                                      "Parallel Aware": false,
                                                      "Join Type": "Inner",
                                                      "Startup Cost": 2.43,
                                                      "Total Cost": 206792.98,
                                                      "Plan Rows": 553,
                                                      "Plan Width": 4,
                                                      "Actual Startup Time": 272.98,
                                                      "Actual Total Time": 1185.519,
                                                      "Actual Rows": 225520,
                                                      "Actual Loops": 2,
                                                      "Inner Unique": true,
                                                      "Hash Cond": "(mi.info_type_id = it.id)",
                                                      "Plans": [
                                                        {
                                                          "Node Type": "Seq Scan",
                                                          "Parent Relationship": "Outer",
                                                          "Parallel Aware": true,
                                                          "Relation Name": "movie_info",
                                                          "Alias": "mi",
                                                          "Startup Cost": 0.0,
                                                          "Total Cost": 206620.5,
                                                          "Plan Rows": 62439,
                                                          "Plan Width": 8,
                                                          "Actual Startup Time": 112.617,
                                                          "Actual Total Time": 1148.258,
                                                          "Actual Rows": 225552,
                                                          "Actual Loops": 2,
                                                          "Filter": "((info IS NOT NULL) AND ((info ~~ 'Japan:%200%'::text) OR (info ~~ 'USA:%200%'::text)))",
                                                          "Rows Removed by Filter": 7192308
                                                        },
                                                        {
                                                          "Node Type": "Hash",
                                                          "Parent Relationship": "Inner",
                                                          "Parallel Aware": false,
                                                          "Startup Cost": 2.41,
                                                          "Total Cost": 2.41,
                                                          "Plan Rows": 1,
                                                          "Plan Width": 4,
                                                          "Actual Startup Time": 0.045,
                                                          "Actual Total Time": 0.047,
                                                          "Actual Rows": 1,
                                                          "Actual Loops": 2,
                                                          "Hash Buckets": 1024,
                                                          "Original Hash Buckets": 1024,
                                                          "Hash Batches": 1,
                                                          "Original Hash Batches": 1,
                                                          "Peak Memory Usage": 9,
                                                          "Plans": [
                                                            {
                                                              "Node Type": "Seq Scan",
                                                              "Parent Relationship": "Outer",
                                                              "Parallel Aware": false,
                                                              "Relation Name": "info_type",
                                                              "Alias": "it",
                                                              "Startup Cost": 0.0,
                                                              "Total Cost": 2.41,
                                                              "Plan Rows": 1,
                                                              "Plan Width": 4,
                                                              "Actual Startup Time": 0.032,
                                                              "Actual Total Time": 0.039,
                                                              "Actual Rows": 1,
                                                              "Actual Loops": 2,
                                                              "Filter": "((info)::text = 'release dates'::text)",
                                                              "Rows Removed by Filter": 112
                                                            }
                                                          ]
                                                        }
                                                      ]
                                                    },
                                                    {
                                                      "Node Type": "Hash",
                                                      "Parent Relationship": "Inner",
                                                      "Parallel Aware": true,
                                                      "Startup Cost": 430471.25,
                                                      "Total Cost": 430471.25,
                                                      "Plan Rows": 333,
                                                      "Plan Width": 23,
                                                      "Actual Startup Time": 3029.907,
                                                      "Actual Total Time": 3029.915,
                                                      "Actual Rows": 4102,
                                                      "Actual Loops": 2,
                                                      "Hash Buckets": 8192,
                                                      "Original Hash Buckets": 2048,
                                                      "Hash Batches": 1,
                                                      "Original Hash Batches": 1,
                                                      "Peak Memory Usage": 624,
                                                      "Plans": [
                                                        {
                                                          "Node Type": "Hash Join",
                                                          "Parent Relationship": "Outer",
                                                          "Parallel Aware": false,
                                                          "Join Type": "Inner",
                                                          "Startup Cost": 86503.32,
                                                          "Total Cost": 430471.25,
                                                          "Plan Rows": 333,
                                                          "Plan Width": 23,
                                                          "Actual Startup Time": 1431.2,
                                                          "Actual Total Time": 2996.98,
                                                          "Actual Rows": 4102,
                                                          "Actual Loops": 2,
                                                          "Inner Unique": true,
                                                          "Hash Cond": "(ci.role_id = rt.id)",
                                                          "Plans": [
                                                            {
                                                              "Node Type": "Hash Join",
                                                              "Parent Relationship": "Outer",
                                                              "Parallel Aware": true,
                                                              "Join Type": "Inner",
                                                              "Startup Cost": 86502.16,
                                                              "Total Cost": 430455.9,
                                                              "Plan Rows": 3992,
                                                              "Plan Width": 27,
                                                              "Actual Startup Time": 1431.104,
                                                              "Actual Total Time": 2995.959,
                                                              "Actual Rows": 4102,
                                                              "Actual Loops": 2,
                                                              "Inner Unique": false,
                                                              "Hash Cond": "(ci.person_id = n.id)",
                                                              "Plans": [
                                                                {
                                                                  "Node Type": "Seq Scan",
                                                                  "Parent Relationship": "Outer",
                                                                  "Parallel Aware": true,
                                                                  "Relation Name": "cast_info",
                                                                  "Alias": "ci",
                                                                  "Startup Cost": 0.0,
                                                                  "Total Cost": 343409.74,
                                                                  "Plan Rows": 144753,
                                                                  "Plan Width": 16,
                                                                  "Actual Startup Time": 0.03,
                                                                  "Actual Total Time": 2316.638,
                                                                  "Actual Rows": 433738,
                                                                  "Actual Loops": 2,
                                                                  "Filter": "(note = ANY ('{(voice),\"(voice: Japanese version)\",\"(voice) (uncredited)\",\"(voice: English version)\"}'::text[]))",
                                                                  "Rows Removed by Filter": 17688434
                                                                },
                                                                {
                                                                  "Node Type": "Hash",
                                                                  "Parent Relationship": "Inner",
                                                                  "Parallel Aware": true,
                                                                  "Startup Cost": 86459.75,
                                                                  "Total Cost": 86459.75,
                                                                  "Plan Rows": 3393,
                                                                  "Plan Width": 23,
                                                                  "Actual Startup Time": 624.694,
                                                                  "Actual Total Time": 624.699,
                                                                  "Actual Rows": 5262,
                                                                  "Actual Loops": 2,
                                                                  "Hash Buckets": 16384,
                                                                  "Original Hash Buckets": 16384,
                                                                  "Hash Batches": 1,
                                                                  "Original Hash Batches": 1,
                                                                  "Peak Memory Usage": 768,
                                                                  "Plans": [
                                                                    {
                                                                      "Node Type": "Hash Join",
                                                                      "Parent Relationship": "Outer",
                                                                      "Parallel Aware": true,
                                                                      "Join Type": "Inner",
                                                                      "Startup Cost": 71392.95,
                                                                      "Total Cost": 86459.75,
                                                                      "Plan Rows": 3393,
                                                                      "Plan Width": 23,
                                                                      "Actual Startup Time": 442.636,
                                                                      "Actual Total Time": 621.579,
                                                                      "Actual Rows": 5262,
                                                                      "Actual Loops": 2,
                                                                      "Inner Unique": true,
                                                                      "Hash Cond": "(an.person_id = n.id)",
                                                                      "Plans": [
                                                                        {
                                                                          "Node Type": "Seq Scan",
                                                                          "Parent Relationship": "Outer",
                                                                          "Parallel Aware": true,
                                                                          "Relation Name": "aka_name",
                                                                          "Alias": "an",
                                                                          "Startup Cost": 0.0,
                                                                          "Total Cost": 14303.56,
                                                                          "Plan Rows": 290756,
                                                                          "Plan Width": 4,
                                                                          "Actual Startup Time": 0.015,
                                                                          "Actual Total Time": 97.369,
                                                                          "Actual Rows": 450672,
                                                                          "Actual Loops": 2
                                                                        },
                                                                        {
                                                                          "Node Type": "Hash",
                                                                          "Parent Relationship": "Inner",
                                                                          "Parallel Aware": true,
                                                                          "Startup Cost": 71240.99,
                                                                          "Total Cost": 71240.99,
                                                                          "Plan Rows": 12157,
                                                                          "Plan Width": 19,
                                                                          "Actual Startup Time": 442.202,
                                                                          "Actual Total Time": 442.203,
                                                                          "Actual Rows": 25006,
                                                                          "Actual Loops": 2,
                                                                          "Hash Buckets": 65536,
                                                                          "Original Hash Buckets": 65536,
                                                                          "Hash Batches": 1,
                                                                          "Original Hash Batches": 1,
                                                                          "Peak Memory Usage": 3296,
                                                                          "Plans": [
                                                                            {
                                                                              "Node Type": "Seq Scan",
                                                                              "Parent Relationship": "Outer",
                                                                              "Parallel Aware": true,
                                                                              "Relation Name": "name",
                                                                              "Alias": "n",
                                                                              "Startup Cost": 0.0,
                                                                              "Total Cost": 71240.99,
                                                                              "Plan Rows": 12157,
                                                                              "Plan Width": 19,
                                                                              "Actual Startup Time": 191.044,
                                                                              "Actual Total Time": 430.534,
                                                                              "Actual Rows": 25006,
                                                                              "Actual Loops": 2,
                                                                              "Filter": "((name ~~ '%An%'::text) AND ((gender)::text = 'f'::text))",
                                                                              "Rows Removed by Filter": 2058740
                                                                            }
                                                                          ]
                                                                        }
                                                                      ]
                                                                    }
                                                                  ]
                                                                }
                                                              ]
                                                            },
                                                            {
                                                              "Node Type": "Hash",
                                                              "Parent Relationship": "Inner",
                                                              "Parallel Aware": false,
                                                              "Startup Cost": 1.15,
                                                              "Total Cost": 1.15,
                                                              "Plan Rows": 1,
                                                              "Plan Width": 4,
                                                              "Actual Startup Time": 0.058,
                                                              "Actual Total Time": 0.059,
                                                              "Actual Rows": 1,
                                                              "Actual Loops": 2,
                                                              "Hash Buckets": 1024,
                                                              "Original Hash Buckets": 1024,
                                                              "Hash Batches": 1,
                                                              "Original Hash Batches": 1,
                                                              "Peak Memory Usage": 9,
                                                              "Plans": [
                                                                {
                                                                  "Node Type": "Seq Scan",
                                                                  "Parent Relationship": "Outer",
                                                                  "Parallel Aware": false,
                                                                  "Relation Name": "role_type",
                                                                  "Alias": "rt",
                                                                  "Startup Cost": 0.0,
                                                                  "Total Cost": 1.15,
                                                                  "Plan Rows": 1,
                                                                  "Plan Width": 4,
                                                                  "Actual Startup Time": 0.038,
                                                                  "Actual Total Time": 0.042,
                                                                  "Actual Rows": 1,
                                                                  "Actual Loops": 2,
                                                                  "Filter": "((role)::text = 'actress'::text)",
                                                                  "Rows Removed by Filter": 11
                                                                }
                                                              ]
                                                            }
                                                          ]
                                                        }
                                                      ]
                                                    }
                                                  ]
                                                }
                                              ]
                                            }
                                          ]
                                        }
                                      ]
                                    }
                                  ]
                                }
                              ]
                            }
                          ]
                        }
                      ]
                    }
                  ]
                }
              ]
            }
          ]
        }
      ]
    },
    "Planning Time": 44.0,
    "Triggers": [],
    "Execution Time": 5488.994
  }
]