{
  "Plan": {
    "Node Type": "Aggregate",
    "Strategy": "Plain",
    "Partial Mode": "Finalize",
    "Parallel Aware": false,
    "Startup Cost": 107971.34,
    "Total Cost": 107971.35,
    "Plan Rows": 1,
    "Plan Width": 8,
    "Actual Startup Time": 543.849,
    "Actual Total Time": 561.77,
    "Actual Rows": 1,
    "Actual Loops": 1,
    "Plans": [
      {
        "Node Type": "Gather",
        "Parent Relationship": "Outer",
        "Parallel Aware": false,
        "Startup Cost": 107971.23,
        "Total Cost": 107971.34,
        "Plan Rows": 1,
        "Plan Width": 8,
        "Actual Startup Time": 543.247,
        "Actual Total Time": 561.76,
        "Actual Rows": 2,
        "Actual Loops": 1,
        "Workers Planned": 1,
        "Workers Launched": 1,
        "Single Copy": false,
        "Plans": [
          {
            "Node Type": "Aggregate",
            "Strategy": "Plain",
            "Partial Mode": "Partial",
            "Parent Relationship": "Outer",
            "Parallel Aware": false,
            "Startup Cost": 106971.23,
            "Total Cost": 106971.24,
            "Plan Rows": 1,
            "Plan Width": 8,
            "Actual Startup Time": 537.513,
            "Actual Total Time": 537.517,
            "Actual Rows": 1,
            "Actual Loops": 2,
            "Plans": [
              {
                "Node Type": "Hash Join",
                "Parent Relationship": "Outer",
                "Parallel Aware": true,
                "Join Type": "Inner",
                "Startup Cost": 44801.09,
                "Total Cost": 106373.35,
                "Plan Rows": 239149,
                "Plan Width": 0,
                "Actual Startup Time": 174.063,
                "Actual Total Time": 531.294,
                "Actual Rows": 115357,
                "Actual Loops": 2,
                "Inner Unique": false,
                "Hash Cond": "(t.id = mc.movie_id)",
                "Plans": [
                  {
                    "Node Type": "Seq Scan",
                    "Parent Relationship": "Outer",
                    "Parallel Aware": true,
                    "Relation Name": "title",
                    "Alias": "t",
                    "Startup Cost": 0.0,
                    "Total Cost": 50870.31,
                    "Plan Rows": 1487231,
                    "Plan Width": 4,
                    "Actual Startup Time": 0.016,
                    "Actual Total Time": 141.908,
                    "Actual Rows": 1264156,
                    "Actual Loops": 2
                  },
                  {
                    "Node Type": "Hash",
                    "Parent Relationship": "Inner",
                    "Parallel Aware": true,
                    "Startup Cost": 41811.73,
                    "Total Cost": 41811.73,
                    "Plan Rows": 239149,
                    "Plan Width": 4,
                    "Actual Startup Time": 168.576,
                    "Actual Total Time": 168.578,
                    "Actual Rows": 115357,
                    "Actual Loops": 2,
                    "Hash Buckets": 524288,
                    "Original Hash Buckets": 524288,
                    "Hash Batches": 1,
                    "Original Hash Batches": 1,
                    "Peak Memory Usage": 13152,
                    "Plans": [
                      {
                        "Node Type": "Seq Scan",
                        "Parent Relationship": "Outer",
                        "Parallel Aware": true,
                        "Relation Name": "movie_companies",
                        "Alias": "mc",
                        "Startup Cost": 0.0,
                        "Total Cost": 41811.73,
                        "Plan Rows": 239149,
                        "Plan Width": 4,
                        "Actual Startup Time": 73.023,
                        "Actual Total Time": 136.081,
                        "Actual Rows": 115357,
                        "Actual Loops": 2,
                        "Filter": "((company_id < 1710) AND (company_type_id > 1))",
                        "Rows Removed by Filter": 1189208
                      }
                    ]
                  }
                ]
              }
            ]
          }
        ]
      }
    ]
  },
  "Planning Time": 0.745,
  "Triggers": [],
  "Execution Time": 561.86
}