{
  "Plan": {
    "Node Type": "Aggregate",
    "Strategy": "Plain",
    "Partial Mode": "Finalize",
    "Parallel Aware": false,
    "Startup Cost": 577844.08,
    "Total Cost": 577844.09,
    "Plan Rows": 1,
    "Plan Width": 8,
    "Actual Startup Time": 2886.052,
    "Actual Total Time": 2953.868,
    "Actual Rows": 1,
    "Actual Loops": 1,
    "Plans": [
      {
        "Node Type": "Gather",
        "Parent Relationship": "Outer",
        "Parallel Aware": false,
        "Startup Cost": 577843.97,
        "Total Cost": 577844.08,
        "Plan Rows": 1,
        "Plan Width": 8,
        "Actual Startup Time": 2885.787,
        "Actual Total Time": 2953.858,
        "Actual Rows": 2,
        "Actual Loops": 1,
        "Workers Planned": 1,
        "Workers Launched": 1,
        "Single Copy": false,
        "Plans": [
          {
            "Node Type": "Aggregate",
            "Strategy": "Plain",
            "Partial Mode": "Partial",
            "Parent Relationship": "Outer",
            "Parallel Aware": false,
            "Startup Cost": 576843.97,
            "Total Cost": 576843.98,
            "Plan Rows": 1,
            "Plan Width": 8,
            "Actual Startup Time": 2880.274,
            "Actual Total Time": 2880.277,
            "Actual Rows": 1,
            "Actual Loops": 2,
            "Plans": [
              {
                "Node Type": "Hash Join",
                "Parent Relationship": "Outer",
                "Parallel Aware": true,
                "Join Type": "Inner",
                "Startup Cost": 54723.48,
                "Total Cost": 576456.83,
                "Plan Rows": 154855,
                "Plan Width": 0,
                "Actual Startup Time": 137.534,
                "Actual Total Time": 2874.002,
                "Actual Rows": 120608,
                "Actual Loops": 2,
                "Inner Unique": true,
                "Hash Cond": "(ci.movie_id = t.id)",
                "Plans": [
                  {
                    "Node Type": "Seq Scan",
                    "Parent Relationship": "Outer",
                    "Parallel Aware": true,
                    "Relation Name": "cast_info",
                    "Alias": "ci",
                    "Startup Cost": 0.0,
                    "Total Cost": 465792.95,
                    "Plan Rows": 21310595,
                    "Plan Width": 4,
                    "Actual Startup Time": 0.014,
                    "Actual Total Time": 1285.98,
                    "Actual Rows": 18122172,
                    "Actual Loops": 2
                  },
                  {
                    "Node Type": "Hash",
                    "Parent Relationship": "Inner",
                    "Parallel Aware": true,
                    "Startup Cost": 54588.39,
                    "Total Cost": 54588.39,
                    "Plan Rows": 10807,
                    "Plan Width": 4,
                    "Actual Startup Time": 136.135,
                    "Actual Total Time": 136.136,
                    "Actual Rows": 7744,
                    "Actual Loops": 2,
                    "Hash Buckets": 32768,
                    "Original Hash Buckets": 32768,
                    "Hash Batches": 1,
                    "Original Hash Batches": 1,
                    "Peak Memory Usage": 896,
                    "Plans": [
                      {
                        "Node Type": "Seq Scan",
                        "Parent Relationship": "Outer",
                        "Parallel Aware": true,
                        "Relation Name": "title",
                        "Alias": "t",
                        "Startup Cost": 0.0,
                        "Total Cost": 54588.39,
                        "Plan Rows": 10807,
                        "Plan Width": 4,
                        "Actual Startup Time": 0.088,
                        "Actual Total Time": 133.224,
                        "Actual Rows": 7744,
                        "Actual Loops": 2,
                        "Filter": "(production_year = 1983)",
                        "Rows Removed by Filter": 1256412
                      }
                    ]
                  }
                ]
              }
            ]
          }
        ]
      }
    ]
  },
  "Planning Time": 0.519,
  "Triggers": [],
  "Execution Time": 2953.954
}