[
  {
    "Plan": {
      "Node Type": "Aggregate",
      "Strategy": "Plain",
      "Partial Mode": "Finalize",
      "Parallel Aware": false,
      "Startup Cost": 87287.57,
      "Total Cost": 87287.58,
      "Plan Rows": 1,
      "Plan Width": 8,
      "Actual Startup Time": 226.439,
      "Actual Total Time": 247.027,
      "Actual Rows": 1,
      "Actual Loops": 1,
      "Plans": [
        {
          "Node Type": "Gather",
          "Parent Relationship": "Outer",
          "Parallel Aware": false,
          "Startup Cost": 87287.25,
          "Total Cost": 87287.56,
          "Plan Rows": 3,
          "Plan Width": 8,
          "Actual Startup Time": 226.166,
          "Actual Total Time": 247.02,
          "Actual Rows": 4,
          "Actual Loops": 1,
          "Workers Planned": 3,
          "Workers Launched": 3,
          "Single Copy": false,
          "Plans": [
            {
              "Node Type": "Aggregate",
              "Strategy": "Plain",
              "Partial Mode": "Partial",
              "Parent Relationship": "Outer",
              "Parallel Aware": false,
              "Startup Cost": 86287.25,
              "Total Cost": 86287.26,
              "Plan Rows": 1,
              "Plan Width": 8,
              "Actual Startup Time": 217.237,
              "Actual Total Time": 217.24,
              "Actual Rows": 1,
              "Actual Loops": 4,
              "Plans": [
                {
                  "Node Type": "Nested Loop",
                  "Parent Relationship": "Outer",
                  "Parallel Aware": false,
                  "Join Type": "Inner",
                  "Startup Cost": 45559.23,
                  "Total Cost": 86267.5,
                  "Plan Rows": 7900,
                  "Plan Width": 0,
                  "Actual Startup Time": 97.612,
                  "Actual Total Time": 216.622,
                  "Actual Rows": 13779,
                  "Actual Loops": 4,
                  "Inner Unique": false,
                  "Join Filter": "(t.id = mk.movie_id)",
                  "Rows Removed by Join Filter": 0,
                  "Plans": [
                    {
                      "Node Type": "Hash Join",
                      "Parent Relationship": "Outer",
                      "Parallel Aware": true,
                      "Join Type": "Inner",
                      "Startup Cost": 45558.8,
                      "Total Cost": 76229.05,
                      "Plan Rows": 5225,
                      "Plan Width": 8,
                      "Actual Startup Time": 97.209,
                      "Actual Total Time": 194.687,
                      "Actual Rows": 2996,
                      "Actual Loops": 4,
                      "Inner Unique": true,
                      "Hash Cond": "(mc.movie_id = t.id)",
                      "Plans": [
                        {
                          "Node Type": "Seq Scan",
                          "Parent Relationship": "Outer",
                          "Parallel Aware": true,
                          "Relation Name": "movie_companies",
                          "Alias": "mc",
                          "Startup Cost": 0.0,
                          "Total Cost": 29310.68,
                          "Plan Rows": 517930,
                          "Plan Width": 4,
                          "Actual Startup Time": 0.017,
                          "Actual Total Time": 63.429,
                          "Actual Rows": 398416,
                          "Actual Loops": 4,
                          "Filter": "(company_id < 16186)",
                          "Rows Removed by Filter": 253866
                        },
                        {
                          "Node Type": "Hash",
                          "Parent Relationship": "Inner",
                          "Parallel Aware": true,
                          "Startup Cost": 45479.1,
                          "Total Cost": 45479.1,
                          "Plan Rows": 6376,
                          "Plan Width": 4,
                          "Actual Startup Time": 95.876,
                          "Actual Total Time": 95.877,
                          "Actual Rows": 5891,
                          "Actual Loops": 4,
                          "Hash Buckets": 32768,
                          "Original Hash Buckets": 32768,
                          "Hash Batches": 1,
                          "Original Hash Batches": 1,
                          "Peak Memory Usage": 1216,
                          "Plans": [
                            {
                              "Node Type": "Seq Scan",
                              "Parent Relationship": "Outer",
                              "Parallel Aware": true,
                              "Relation Name": "title",
                              "Alias": "t",
                              "Startup Cost": 0.0,
                              "Total Cost": 45479.1,
                              "Plan Rows": 6376,
                              "Plan Width": 4,
                              "Actual Startup Time": 0.226,
                              "Actual Total Time": 93.427,
                              "Actual Rows": 5891,
                              "Actual Loops": 4,
                              "Filter": "((kind_id < 6) AND (production_year = 2013))",
                              "Rows Removed by Filter": 626187
                            }
                          ]
                        }
                      ]
                    },
                    {
                      "Node Type": "Index Scan",
                      "Parent Relationship": "Inner",
                      "Parallel Aware": false,
                      "Scan Direction": "Forward",
                      "Index Name": "movie_id_movie_keyword",
                      "Relation Name": "movie_keyword",
                      "Alias": "mk",
                      "Startup Cost": 0.43,
                      "Total Cost": 1.45,
                      "Plan Rows": 38,
                      "Plan Width": 4,
                      "Actual Startup Time": 0.006,
                      "Actual Total Time": 0.007,
                      "Actual Rows": 5,
                      "Actual Loops": 11983,
                      "Index Cond": "(movie_id = mc.movie_id)",
                      "Rows Removed by Index Recheck": 0,
                      "Filter": "(keyword_id < 27286)",
                      "Rows Removed by Filter": 1
                    }
                  ]
                }
              ]
            }
          ]
        }
      ]
    },
    "Planning Time": 1.461,
    "Triggers": [],
    "Execution Time": 247.119
  }
]