[
  {
    "Plan": {
      "Node Type": "Aggregate",
      "Strategy": "Plain",
      "Partial Mode": "Finalize",
      "Parallel Aware": false,
      "Startup Cost": 62376.16,
      "Total Cost": 62376.17,
      "Plan Rows": 1,
      "Plan Width": 8,
      "Actual Startup Time": 232.596,
      "Actual Total Time": 249.859,
      "Actual Rows": 1,
      "Actual Loops": 1,
      "Plans": [
        {
          "Node Type": "Gather",
          "Parent Relationship": "Outer",
          "Parallel Aware": false,
          "Startup Cost": 62375.94,
          "Total Cost": 62376.15,
          "Plan Rows": 2,
          "Plan Width": 8,
          "Actual Startup Time": 231.476,
          "Actual Total Time": 249.843,
          "Actual Rows": 3,
          "Actual Loops": 1,
          "Workers Planned": 2,
          "Workers Launched": 2,
          "Single Copy": false,
          "Plans": [
            {
              "Node Type": "Aggregate",
              "Strategy": "Plain",
              "Partial Mode": "Partial",
              "Parent Relationship": "Outer",
              "Parallel Aware": false,
              "Startup Cost": 61375.94,
              "Total Cost": 61375.95,
              "Plan Rows": 1,
              "Plan Width": 8,
              "Actual Startup Time": 227.785,
              "Actual Total Time": 227.879,
              "Actual Rows": 1,
              "Actual Loops": 3,
              "Plans": [
                {
                  "Node Type": "Hash Join",
                  "Parent Relationship": "Outer",
                  "Parallel Aware": true,
                  "Join Type": "Inner",
                  "Startup Cost": 45730.65,
                  "Total Cost": 61360.59,
                  "Plan Rows": 6140,
                  "Plan Width": 0,
                  "Actual Startup Time": 173.127,
                  "Actual Total Time": 226.906,
                  "Actual Rows": 16133,
                  "Actual Loops": 3,
                  "Inner Unique": true,
                  "Hash Cond": "(mi_idx.movie_id = t.id)",
                  "Plans": [
                    {
                      "Node Type": "Seq Scan",
                      "Parent Relationship": "Outer",
                      "Parallel Aware": true,
                      "Relation Name": "movie_info_idx",
                      "Alias": "mi_idx",
                      "Startup Cost": 0.0,
                      "Total Cost": 15122.68,
                      "Plan Rows": 193243,
                      "Plan Width": 4,
                      "Actual Startup Time": 0.052,
                      "Actual Total Time": 50.282,
                      "Actual Rows": 153308,
                      "Actual Loops": 3,
                      "Filter": "(info_type_id = 101)",
                      "Rows Removed by Filter": 306703
                    },
                    {
                      "Node Type": "Hash",
                      "Parent Relationship": "Inner",
                      "Parallel Aware": true,
                      "Startup Cost": 45479.59,
                      "Total Cost": 45479.59,
                      "Plan Rows": 20085,
                      "Plan Width": 4,
                      "Actual Startup Time": 140.936,
                      "Actual Total Time": 140.937,
                      "Actual Rows": 71181,
                      "Actual Loops": 3,
                      "Hash Buckets": 262144,
                      "Original Hash Buckets": 131072,
                      "Hash Batches": 1,
                      "Original Hash Batches": 1,
                      "Peak Memory Usage": 11488,
                      "Plans": [
                        {
                          "Node Type": "Seq Scan",
                          "Parent Relationship": "Outer",
                          "Parallel Aware": true,
                          "Relation Name": "title",
                          "Alias": "t",
                          "Startup Cost": 0.0,
                          "Total Cost": 45479.59,
                          "Plan Rows": 20085,
                          "Plan Width": 4,
                          "Actual Startup Time": 66.686,
                          "Actual Total Time": 117.456,
                          "Actual Rows": 71181,
                          "Actual Loops": 3,
                          "Filter": "((production_year < 1967) AND (kind_id = 1))",
                          "Rows Removed by Filter": 771589
                        }
                      ]
                    }
                  ]
                }
              ]
            }
          ]
        }
      ]
    },
    "Planning Time": 0.671,
    "Triggers": [],
    "Execution Time": 249.93
  }
]