[
    {
        "Bao": {
            "Bao prediction": 781.281,
            "Bao recommended hint": "SET enable_mergejoin TO off; "
        }
    },
    {
        "Plan": {
            "Node Type": "Aggregate",
            "Strategy": "Plain",
            "Partial Mode": "Finalize",
            "Parallel Aware": false,
            "Startup Cost": 64336.2,
            "Total Cost": 64336.21,
            "Plan Rows": 1,
            "Plan Width": 8,
            "Actual Startup Time": 324.573,
            "Actual Total Time": 334.033,
            "Actual Rows": 1,
            "Actual Loops": 1,
            "Output": [
                "count(*)"
            ],
            "Plans": [
                {
                    "Node Type": "Gather",
                    "Parent Relationship": "Outer",
                    "Parallel Aware": false,
                    "Startup Cost": 64335.98,
                    "Total Cost": 64336.19,
                    "Plan Rows": 2,
                    "Plan Width": 8,
                    "Actual Startup Time": 322.063,
                    "Actual Total Time": 334.025,
                    "Actual Rows": 3,
                    "Actual Loops": 1,
                    "Output": [
                        "(PARTIAL count(*))"
                    ],
                    "Workers Planned": 2,
                    "Workers Launched": 2,
                    "Single Copy": false,
                    "Plans": [
                        {
                            "Node Type": "Aggregate",
                            "Strategy": "Plain",
                            "Partial Mode": "Partial",
                            "Parent Relationship": "Outer",
                            "Parallel Aware": false,
                            "Startup Cost": 63335.98,
                            "Total Cost": 63335.99,
                            "Plan Rows": 1,
                            "Plan Width": 8,
                            "Actual Startup Time": 314.88,
                            "Actual Total Time": 314.884,
                            "Actual Rows": 1,
                            "Actual Loops": 3,
                            "Output": [
                                "PARTIAL count(*)"
                            ],
                            "Workers": [
                                {
                                    "Worker Number": 0,
                                    "Actual Startup Time": 311.298,
                                    "Actual Total Time": 311.301,
                                    "Actual Rows": 1,
                                    "Actual Loops": 1
                                },
                                {
                                    "Worker Number": 1,
                                    "Actual Startup Time": 311.863,
                                    "Actual Total Time": 311.866,
                                    "Actual Rows": 1,
                                    "Actual Loops": 1
                                }
                            ],
                            "Plans": [
                                {
                                    "Node Type": "Hash Join",
                                    "Parent Relationship": "Outer",
                                    "Parallel Aware": true,
                                    "Join Type": "Inner",
                                    "Startup Cost": 47018.68,
                                    "Total Cost": 63149.0,
                                    "Plan Rows": 74794,
                                    "Plan Width": 0,
                                    "Actual Startup Time": 194.162,
                                    "Actual Total Time": 312.733,
                                    "Actual Rows": 31398,
                                    "Actual Loops": 3,
                                    "Inner Unique": true,
                                    "Hash Cond": "(mi_idx.movie_id = t.id)",
                                    "Workers": [
                                        {
                                            "Worker Number": 0,
                                            "Actual Startup Time": 190.644,
                                            "Actual Total Time": 309.16,
                                            "Actual Rows": 30316,
                                            "Actual Loops": 1
                                        },
                                        {
                                            "Worker Number": 1,
                                            "Actual Startup Time": 191.168,
                                            "Actual Total Time": 309.711,
                                            "Actual Rows": 30266,
                                            "Actual Loops": 1
                                        }
                                    ],
                                    "Plans": [
                                        {
                                            "Node Type": "Seq Scan",
                                            "Parent Relationship": "Outer",
                                            "Parallel Aware": true,
                                            "Relation Name": "movie_info_idx",
                                            "Schema": "public",
                                            "Alias": "mi_idx",
                                            "Startup Cost": 0.0,
                                            "Total Cost": 15122.68,
                                            "Plan Rows": 383860,
                                            "Plan Width": 4,
                                            "Actual Startup Time": 0.023,
                                            "Actual Total Time": 60.861,
                                            "Actual Rows": 306703,
                                            "Actual Loops": 3,
                                            "Output": [
                                                "mi_idx.id",
                                                "mi_idx.movie_id",
                                                "mi_idx.info_type_id",
                                                "mi_idx.info",
                                                "mi_idx.note"
                                            ],
                                            "Filter": "(mi_idx.info_type_id > 99)",
                                            "Rows Removed by Filter": 153308,
                                            "Workers": [
                                                {
                                                    "Worker Number": 0,
                                                    "Actual Startup Time": 0.029,
                                                    "Actual Total Time": 62.17,
                                                    "Actual Rows": 297631,
                                                    "Actual Loops": 1
                                                },
                                                {
                                                    "Worker Number": 1,
                                                    "Actual Startup Time": 0.028,
                                                    "Actual Total Time": 60.53,
                                                    "Actual Rows": 289640,
                                                    "Actual Loops": 1
                                                }
                                            ]
                                        },
                                        {
                                            "Node Type": "Hash",
                                            "Parent Relationship": "Inner",
                                            "Parallel Aware": true,
                                            "Startup Cost": 45479.21,
                                            "Total Cost": 45479.21,
                                            "Plan Rows": 123158,
                                            "Plan Width": 4,
                                            "Actual Startup Time": 189.974,
                                            "Actual Total Time": 189.975,
                                            "Actual Rows": 126448,
                                            "Actual Loops": 3,
                                            "Output": [
                                                "t.id"
                                            ],
                                            "Hash Buckets": 524288,
                                            "Original Hash Buckets": 524288,
                                            "Hash Batches": 1,
                                            "Original Hash Batches": 1,
                                            "Peak Memory Usage": 18976,
                                            "Workers": [
                                                {
                                                    "Worker Number": 0,
                                                    "Actual Startup Time": 189.826,
                                                    "Actual Total Time": 189.827,
                                                    "Actual Rows": 119859,
                                                    "Actual Loops": 1
                                                },
                                                {
                                                    "Worker Number": 1,
                                                    "Actual Startup Time": 190.404,
                                                    "Actual Total Time": 190.405,
                                                    "Actual Rows": 115139,
                                                    "Actual Loops": 1
                                                }
                                            ],
                                            "Plans": [
                                                {
                                                    "Node Type": "Seq Scan",
                                                    "Parent Relationship": "Outer",
                                                    "Parallel Aware": true,
                                                    "Relation Name": "title",
                                                    "Schema": "public",
                                                    "Alias": "t",
                                                    "Startup Cost": 0.0,
                                                    "Total Cost": 45479.21,
                                                    "Plan Rows": 123158,
                                                    "Plan Width": 4,
                                                    "Actual Startup Time": 0.035,
                                                    "Actual Total Time": 141.558,
                                                    "Actual Rows": 126448,
                                                    "Actual Loops": 3,
                                                    "Output": [
                                                        "t.id"
                                                    ],
                                                    "Filter": "((t.production_year < 1995) AND (t.kind_id = 7))",
                                                    "Rows Removed by Filter": 716322,
                                                    "Workers": [
                                                        {
                                                            "Worker Number": 0,
                                                            "Actual Startup Time": 0.035,
                                                            "Actual Total Time": 144.521,
                                                            "Actual Rows": 119859,
                                                            "Actual Loops": 1
                                                        },
                                                        {
                                                            "Worker Number": 1,
                                                            "Actual Startup Time": 0.047,
                                                            "Actual Total Time": 141.572,
                                                            "Actual Rows": 115139,
                                                            "Actual Loops": 1
                                                        }
                                                    ]
                                                }
                                            ]
                                        }
                                    ]
                                }
                            ]
                        }
                    ]
                }
            ]
        },
        "Planning Time": 2593.462,
        "Triggers": [],
        "Execution Time": 334.14
    }
]