{
  "Plan": {
    "Node Type": "Aggregate",
    "Strategy": "Plain",
    "Partial Mode": "Finalize",
    "Parallel Aware": false,
    "Startup Cost": 643190.37,
    "Total Cost": 643190.38,
    "Plan Rows": 1,
    "Plan Width": 8,
    "Actual Startup Time": 2907.12,
    "Actual Total Time": 2908.04,
    "Actual Rows": 1,
    "Actual Loops": 1,
    "Plans": [
      {
        "Node Type": "Gather",
        "Parent Relationship": "Outer",
        "Parallel Aware": false,
        "Startup Cost": 643190.26,
        "Total Cost": 643190.37,
        "Plan Rows": 1,
        "Plan Width": 8,
        "Actual Startup Time": 2907.109,
        "Actual Total Time": 2908.034,
        "Actual Rows": 2,
        "Actual Loops": 1,
        "Workers Planned": 1,
        "Workers Launched": 1,
        "Single Copy": false,
        "Plans": [
          {
            "Node Type": "Aggregate",
            "Strategy": "Plain",
            "Partial Mode": "Partial",
            "Parent Relationship": "Outer",
            "Parallel Aware": false,
            "Startup Cost": 642190.26,
            "Total Cost": 642190.27,
            "Plan Rows": 1,
            "Plan Width": 8,
            "Actual Startup Time": 2752.829,
            "Actual Total Time": 2752.834,
            "Actual Rows": 1,
            "Actual Loops": 2,
            "Plans": [
              {
                "Node Type": "Merge Join",
                "Parent Relationship": "Outer",
                "Parallel Aware": false,
                "Join Type": "Inner",
                "Startup Cost": 622354.44,
                "Total Cost": 640786.2,
                "Plan Rows": 561625,
                "Plan Width": 0,
                "Actual Startup Time": 2404.608,
                "Actual Total Time": 2711.831,
                "Actual Rows": 1063126,
                "Actual Loops": 2,
                "Inner Unique": false,
                "Merge Cond": "(mi.movie_id = t.id)",
                "Plans": [
                  {
                    "Node Type": "Sort",
                    "Parent Relationship": "Outer",
                    "Parallel Aware": false,
                    "Startup Cost": 419893.44,
                    "Total Cost": 424279.26,
                    "Plan Rows": 1754328,
                    "Plan Width": 4,
                    "Actual Startup Time": 760.701,
                    "Actual Total Time": 813.317,
                    "Actual Rows": 1518259,
                    "Actual Loops": 2,
                    "Sort Key": [
                      "mi.movie_id"
                    ],
                    "Sort Method": "quicksort",
                    "Sort Space Used": 105921,
                    "Sort Space Type": "Memory",
                    "Workers": [
                      {
                        "Worker Number": 0,
                        "Sort Method": "quicksort",
                        "Sort Space Used": 134730,
                        "Sort Space Type": "Memory"
                      }
                    ],
                    "Plans": [
                      {
                        "Node Type": "Bitmap Heap Scan",
                        "Parent Relationship": "Outer",
                        "Parallel Aware": true,
                        "Relation Name": "movie_info",
                        "Alias": "mi",
                        "Startup Cost": 54025.71,
                        "Total Cost": 237947.81,
                        "Plan Rows": 1754328,
                        "Plan Width": 4,
                        "Actual Startup Time": 151.854,
                        "Actual Total Time": 373.879,
                        "Actual Rows": 1518360,
                        "Actual Loops": 2,
                        "Recheck Cond": "(info_type_id = 16)",
                        "Rows Removed by Index Recheck": 0,
                        "Exact Heap Blocks": 10121,
                        "Lossy Heap Blocks": 0,
                        "Plans": [
                          {
                            "Node Type": "Bitmap Index Scan",
                            "Parent Relationship": "Outer",
                            "Parallel Aware": false,
                            "Index Name": "info_type_id_movie_info",
                            "Startup Cost": 0.0,
                            "Total Cost": 53280.12,
                            "Plan Rows": 2982358,
                            "Plan Width": 0,
                            "Actual Startup Time": 150.878,
                            "Actual Total Time": 150.879,
                            "Actual Rows": 3036719,
                            "Actual Loops": 1,
                            "Index Cond": "(info_type_id = 16)"
                          }
                        ]
                      }
                    ]
                  },
                  {
                    "Node Type": "Sort",
                    "Parent Relationship": "Inner",
                    "Parallel Aware": false,
                    "Startup Cost": 202460.92,
                    "Total Cost": 204484.42,
                    "Plan Rows": 809400,
                    "Plan Width": 8,
                    "Actual Startup Time": 1643.864,
                    "Actual Total Time": 1695.182,
                    "Actual Rows": 1550669,
                    "Actual Loops": 2,
                    "Sort Key": [
                      "t.id"
                    ],
                    "Sort Method": "quicksort",
                    "Sort Space Used": 65518,
                    "Sort Space Type": "Memory",
                    "Workers": [
                      {
                        "Worker Number": 0,
                        "Sort Method": "quicksort",
                        "Sort Space Used": 65518,
                        "Sort Space Type": "Memory"
                      }
                    ],
                    "Plans": [
                      {
                        "Node Type": "Hash Join",
                        "Parent Relationship": "Outer",
                        "Parallel Aware": false,
                        "Join Type": "Inner",
                        "Startup Cost": 95434.54,
                        "Total Cost": 123032.5,
                        "Plan Rows": 809400,
                        "Plan Width": 8,
                        "Actual Startup Time": 1009.709,
                        "Actual Total Time": 1435.969,
                        "Actual Rows": 873420,
                        "Actual Loops": 2,
                        "Inner Unique": true,
                        "Hash Cond": "(mi_idx.movie_id = t.id)",
                        "Plans": [
                          {
                            "Node Type": "Seq Scan",
                            "Parent Relationship": "Outer",
                            "Parallel Aware": false,
                            "Relation Name": "movie_info_idx",
                            "Alias": "mi_idx",
                            "Startup Cost": 0.0,
                            "Total Cost": 25185.44,
                            "Plan Rows": 919057,
                            "Plan Width": 4,
                            "Actual Startup Time": 0.045,
                            "Actual Total Time": 148.731,
                            "Actual Rows": 919850,
                            "Actual Loops": 2,
                            "Filter": "(info_type_id < 101)",
                            "Rows Removed by Filter": 460185
                          },
                          {
                            "Node Type": "Hash",
                            "Parent Relationship": "Inner",
                            "Parallel Aware": false,
                            "Startup Cost": 67601.66,
                            "Total Cost": 67601.66,
                            "Plan Rows": 2226630,
                            "Plan Width": 4,
                            "Actual Startup Time": 990.378,
                            "Actual Total Time": 990.379,
                            "Actual Rows": 2224569,
                            "Actual Loops": 2,
                            "Hash Buckets": 4194304,
                            "Original Hash Buckets": 4194304,
                            "Hash Batches": 1,
                            "Original Hash Batches": 1,
                            "Peak Memory Usage": 110976,
                            "Plans": [
                              {
                                "Node Type": "Seq Scan",
                                "Parent Relationship": "Outer",
                                "Parallel Aware": false,
                                "Relation Name": "title",
                                "Alias": "t",
                                "Startup Cost": 0.0,
                                "Total Cost": 67601.66,
                                "Plan Rows": 2226630,
                                "Plan Width": 4,
                                "Actual Startup Time": 0.03,
                                "Actual Total Time": 404.914,
                                "Actual Rows": 2224569,
                                "Actual Loops": 2,
                                "Filter": "(production_year < 2012)",
                                "Rows Removed by Filter": 303743
                              }
                            ]
                          }
                        ]
                      }
                    ]
                  }
                ]
              }
            ]
          }
        ]
      }
    ]
  },
  "Planning Time": 1.114,
  "Triggers": [],
  "Execution Time": 2918.518
}