[
  {
    "Plan": {
      "Node Type": "Aggregate",
      "Strategy": "Plain",
      "Partial Mode": "Simple",
      "Parallel Aware": false,
      "Startup Cost": 16396.02,
      "Total Cost": 16396.03,
      "Plan Rows": 1,
      "Plan Width": 64,
      "Actual Startup Time": 180.735,
      "Actual Total Time": 180.738,
      "Actual Rows": 1,
      "Actual Loops": 1,
      "Plans": [
        {
          "Node Type": "Nested Loop",
          "Parent Relationship": "Outer",
          "Parallel Aware": false,
          "Join Type": "Inner",
          "Startup Cost": 11.61,
          "Total Cost": 16396.0,
          "Plan Rows": 4,
          "Plan Width": 22,
          "Actual Startup Time": 7.607,
          "Actual Total Time": 179.572,
          "Actual Rows": 4700,
          "Actual Loops": 1,
          "Inner Unique": true,
          "Join Filter": "(mi_idx.movie_id = t.id)",
          "Rows Removed by Join Filter": 0,
          "Plans": [
            {
              "Node Type": "Nested Loop",
              "Parent Relationship": "Outer",
              "Parallel Aware": false,
              "Join Type": "Inner",
              "Startup Cost": 11.18,
              "Total Cost": 16392.99,
              "Plan Rows": 6,
              "Plan Width": 13,
              "Actual Startup Time": 7.514,
              "Actual Total Time": 113.114,
              "Actual Rows": 8092,
              "Actual Loops": 1,
              "Inner Unique": false,
              "Join Filter": "(mi_idx.info_type_id = it.id)",
              "Rows Removed by Join Filter": 6507,
              "Plans": [
                {
                  "Node Type": "Seq Scan",
                  "Parent Relationship": "Outer",
                  "Parallel Aware": false,
                  "Relation Name": "info_type",
                  "Alias": "it",
                  "Startup Cost": 0.0,
                  "Total Cost": 2.41,
                  "Plan Rows": 1,
                  "Plan Width": 4,
                  "Actual Startup Time": 0.027,
                  "Actual Total Time": 0.03,
                  "Actual Rows": 1,
                  "Actual Loops": 1,
                  "Filter": "((info)::text = 'rating'::text)",
                  "Rows Removed by Filter": 112
                },
                {
                  "Node Type": "Nested Loop",
                  "Parent Relationship": "Inner",
                  "Parallel Aware": false,
                  "Join Type": "Inner",
                  "Startup Cost": 11.18,
                  "Total Cost": 16381.5,
                  "Plan Rows": 726,
                  "Plan Width": 17,
                  "Actual Startup Time": 7.483,
                  "Actual Total Time": 111.515,
                  "Actual Rows": 14599,
                  "Actual Loops": 1,
                  "Inner Unique": false,
                  "Plans": [
                    {
                      "Node Type": "Nested Loop",
                      "Parent Relationship": "Outer",
                      "Parallel Aware": false,
                      "Join Type": "Inner",
                      "Startup Cost": 10.76,
                      "Total Cost": 16153.73,
                      "Plan Rows": 438,
                      "Plan Width": 4,
                      "Actual Startup Time": 7.4,
                      "Actual Total Time": 58.477,
                      "Actual Rows": 12951,
                      "Actual Loops": 1,
                      "Inner Unique": false,
                      "Plans": [
                        {
                          "Node Type": "Seq Scan",
                          "Parent Relationship": "Outer",
                          "Parallel Aware": false,
                          "Relation Name": "keyword",
                          "Alias": "k",
                          "Startup Cost": 0.0,
                          "Total Cost": 2626.12,
                          "Plan Rows": 13,
                          "Plan Width": 4,
                          "Actual Startup Time": 2.728,
                          "Actual Total Time": 18.389,
                          "Actual Rows": 30,
                          "Actual Loops": 1,
                          "Filter": "(keyword ~~ '%sequel%'::text)",
                          "Rows Removed by Filter": 134140
                        },
                        {
                          "Node Type": "Bitmap Heap Scan",
                          "Parent Relationship": "Inner",
                          "Parallel Aware": false,
                          "Relation Name": "movie_keyword",
                          "Alias": "mk",
                          "Startup Cost": 10.76,
                          "Total Cost": 1037.58,
                          "Plan Rows": 300,
                          "Plan Width": 8,
                          "Actual Startup Time": 0.173,
                          "Actual Total Time": 1.269,
                          "Actual Rows": 432,
                          "Actual Loops": 30,
                          "Recheck Cond": "(keyword_id = k.id)",
                          "Rows Removed by Index Recheck": 0,
                          "Exact Heap Blocks": 6979,
                          "Lossy Heap Blocks": 0,
                          "Plans": [
                            {
                              "Node Type": "Bitmap Index Scan",
                              "Parent Relationship": "Outer",
                              "Parallel Aware": false,
                              "Index Name": "keyword_id_movie_keyword",
                              "Startup Cost": 0.0,
                              "Total Cost": 10.68,
                              "Plan Rows": 300,
                              "Plan Width": 0,
                              "Actual Startup Time": 0.11,
                              "Actual Total Time": 0.11,
                              "Actual Rows": 432,
                              "Actual Loops": 30,
                              "Index Cond": "(keyword_id = k.id)"
                            }
                          ]
                        }
                      ]
                    },
                    {
                      "Node Type": "Index Scan",
                      "Parent Relationship": "Inner",
                      "Parallel Aware": false,
                      "Scan Direction": "Forward",
                      "Index Name": "movie_id_movie_info_idx",
                      "Relation Name": "movie_info_idx",
                      "Alias": "mi_idx",
                      "Startup Cost": 0.43,
                      "Total Cost": 0.5,
                      "Plan Rows": 2,
                      "Plan Width": 13,
                      "Actual Startup Time": 0.003,
                      "Actual Total Time": 0.004,
                      "Actual Rows": 1,
                      "Actual Loops": 12951,
                      "Index Cond": "(movie_id = mk.movie_id)",
                      "Rows Removed by Index Recheck": 0,
                      "Filter": "(info > '2.0'::text)",
                      "Rows Removed by Filter": 1
                    }
                  ]
                }
              ]
            },
            {
              "Node Type": "Index Scan",
              "Parent Relationship": "Inner",
              "Parallel Aware": false,
              "Scan Direction": "Forward",
              "Index Name": "title_pkey",
              "Relation Name": "title",
              "Alias": "t",
              "Startup Cost": 0.43,
              "Total Cost": 0.49,
              "Plan Rows": 1,
              "Plan Width": 21,
              "Actual Startup Time": 0.008,
              "Actual Total Time": 0.008,
              "Actual Rows": 1,
              "Actual Loops": 8092,
              "Index Cond": "(id = mk.movie_id)",
              "Rows Removed by Index Recheck": 0,
              "Filter": "(production_year > 1990)",
              "Rows Removed by Filter": 0
            }
          ]
        }
      ]
    },
    "Planning Time": 7.391,
    "Triggers": [],
    "Execution Time": 181.074
  }
]