[
  {
    "Plan": {
      "Node Type": "Aggregate",
      "Strategy": "Plain",
      "Partial Mode": "Finalize",
      "Parallel Aware": false,
      "Startup Cost": 342084.16,
      "Total Cost": 342084.17,
      "Plan Rows": 1,
      "Plan Width": 8,
      "Actual Startup Time": 873.887,
      "Actual Total Time": 933.33,
      "Actual Rows": 1,
      "Actual Loops": 1,
      "Plans": [
        {
          "Node Type": "Gather",
          "Parent Relationship": "Outer",
          "Parallel Aware": false,
          "Startup Cost": 342083.54,
          "Total Cost": 342084.15,
          "Plan Rows": 6,
          "Plan Width": 8,
          "Actual Startup Time": 873.786,
          "Actual Total Time": 933.319,
          "Actual Rows": 7,
          "Actual Loops": 1,
          "Workers Planned": 6,
          "Workers Launched": 6,
          "Single Copy": false,
          "Plans": [
            {
              "Node Type": "Aggregate",
              "Strategy": "Plain",
              "Partial Mode": "Partial",
              "Parent Relationship": "Outer",
              "Parallel Aware": false,
              "Startup Cost": 341083.54,
              "Total Cost": 341083.55,
              "Plan Rows": 1,
              "Plan Width": 8,
              "Actual Startup Time": 865.758,
              "Actual Total Time": 865.759,
              "Actual Rows": 1,
              "Actual Loops": 7,
              "Plans": [
                {
                  "Node Type": "Seq Scan",
                  "Parent Relationship": "Outer",
                  "Parallel Aware": true,
                  "Relation Name": "cast_info",
                  "Alias": "ci",
                  "Startup Cost": 0.0,
                  "Total Cost": 328162.03,
                  "Plan Rows": 5168605,
                  "Plan Width": 0,
                  "Actual Startup Time": 0.047,
                  "Actual Total Time": 660.226,
                  "Actual Rows": 4453471,
                  "Actual Loops": 7,
                  "Filter": "(person_id < 3162289)",
                  "Rows Removed by Filter": 724292
                }
              ]
            }
          ]
        }
      ]
    },
    "Planning Time": 0.172,
    "Triggers": [],
    "Execution Time": 933.395
  }
]