[
  {
    "Plan": {
      "Node Type": "Aggregate",
      "Strategy": "Plain",
      "Partial Mode": "Finalize",
      "Parallel Aware": false,
      "Startup Cost": 37227.07,
      "Total Cost": 37227.08,
      "Plan Rows": 1,
      "Plan Width": 8,
      "Actual Startup Time": 100.801,
      "Actual Total Time": 106.218,
      "Actual Rows": 1,
      "Actual Loops": 1,
      "Plans": [
        {
          "Node Type": "Gather",
          "Parent Relationship": "Outer",
          "Parallel Aware": false,
          "Startup Cost": 37226.75,
          "Total Cost": 37227.06,
          "Plan Rows": 3,
          "Plan Width": 8,
          "Actual Startup Time": 100.61,
          "Actual Total Time": 106.208,
          "Actual Rows": 4,
          "Actual Loops": 1,
          "Workers Planned": 3,
          "Workers Launched": 3,
          "Single Copy": false,
          "Plans": [
            {
              "Node Type": "Aggregate",
              "Strategy": "Plain",
              "Partial Mode": "Partial",
              "Parent Relationship": "Outer",
              "Parallel Aware": false,
              "Startup Cost": 36226.75,
              "Total Cost": 36226.76,
              "Plan Rows": 1,
              "Plan Width": 8,
              "Actual Startup Time": 92.012,
              "Actual Total Time": 92.014,
              "Actual Rows": 1,
              "Actual Loops": 4,
              "Plans": [
                {
                  "Node Type": "Bitmap Heap Scan",
                  "Parent Relationship": "Outer",
                  "Parallel Aware": true,
                  "Relation Name": "movie_keyword",
                  "Alias": "mk",
                  "Startup Cost": 9586.34,
                  "Total Cost": 35862.35,
                  "Plan Rows": 145761,
                  "Plan Width": 0,
                  "Actual Startup Time": 17.397,
                  "Actual Total Time": 85.435,
                  "Actual Rows": 113332,
                  "Actual Loops": 4,
                  "Recheck Cond": "(keyword_id < 348)",
                  "Rows Removed by Index Recheck": 0,
                  "Exact Heap Blocks": 9780,
                  "Lossy Heap Blocks": 0,
                  "Plans": [
                    {
                      "Node Type": "Bitmap Index Scan",
                      "Parent Relationship": "Outer",
                      "Parallel Aware": false,
                      "Index Name": "keyword_id_movie_keyword",
                      "Startup Cost": 0.0,
                      "Total Cost": 9473.38,
                      "Plan Rows": 451859,
                      "Plan Width": 0,
                      "Actual Startup Time": 21.841,
                      "Actual Total Time": 21.841,
                      "Actual Rows": 453330,
                      "Actual Loops": 1,
                      "Index Cond": "(keyword_id < 348)"
                    }
                  ]
                }
              ]
            }
          ]
        }
      ]
    },
    "Planning Time": 0.212,
    "Triggers": [],
    "Execution Time": 106.303
  }
]