[
  {
    "Plan": {
      "Node Type": "Aggregate",
      "Strategy": "Plain",
      "Partial Mode": "Finalize",
      "Parallel Aware": false,
      "Startup Cost": 36847.3,
      "Total Cost": 36847.31,
      "Plan Rows": 1,
      "Plan Width": 8,
      "Actual Startup Time": 125.867,
      "Actual Total Time": 134.502,
      "Actual Rows": 1,
      "Actual Loops": 1,
      "Plans": [
        {
          "Node Type": "Gather",
          "Parent Relationship": "Outer",
          "Parallel Aware": false,
          "Startup Cost": 36846.98,
          "Total Cost": 36847.29,
          "Plan Rows": 3,
          "Plan Width": 8,
          "Actual Startup Time": 125.635,
          "Actual Total Time": 134.493,
          "Actual Rows": 4,
          "Actual Loops": 1,
          "Workers Planned": 3,
          "Workers Launched": 3,
          "Single Copy": false,
          "Plans": [
            {
              "Node Type": "Aggregate",
              "Strategy": "Plain",
              "Partial Mode": "Partial",
              "Parent Relationship": "Outer",
              "Parallel Aware": false,
              "Startup Cost": 35846.98,
              "Total Cost": 35846.99,
              "Plan Rows": 1,
              "Plan Width": 8,
              "Actual Startup Time": 119.297,
              "Actual Total Time": 119.298,
              "Actual Rows": 1,
              "Actual Loops": 4,
              "Plans": [
                {
                  "Node Type": "Bitmap Heap Scan",
                  "Parent Relationship": "Outer",
                  "Parallel Aware": true,
                  "Relation Name": "movie_keyword",
                  "Alias": "mk",
                  "Startup Cost": 9277.21,
                  "Total Cost": 35494.35,
                  "Plan Rows": 141052,
                  "Plan Width": 0,
                  "Actual Startup Time": 42.683,
                  "Actual Total Time": 112.732,
                  "Actual Rows": 113332,
                  "Actual Loops": 4,
                  "Recheck Cond": "(keyword_id < 348)",
                  "Rows Removed by Index Recheck": 0,
                  "Exact Heap Blocks": 11102,
                  "Lossy Heap Blocks": 0,
                  "Plans": [
                    {
                      "Node Type": "Bitmap Index Scan",
                      "Parent Relationship": "Outer",
                      "Parallel Aware": false,
                      "Index Name": "keyword_id_movie_keyword",
                      "Startup Cost": 0.0,
                      "Total Cost": 9167.89,
                      "Plan Rows": 437261,
                      "Plan Width": 0,
                      "Actual Startup Time": 44.459,
                      "Actual Total Time": 44.46,
                      "Actual Rows": 453330,
                      "Actual Loops": 1,
                      "Index Cond": "(keyword_id < 348)"
                    }
                  ]
                }
              ]
            }
          ]
        }
      ]
    },
    "Planning Time": 0.161,
    "Triggers": [],
    "Execution Time": 134.568
  }
]