[
  {
    "Plan": {
      "Node Type": "Aggregate",
      "Strategy": "Plain",
      "Partial Mode": "Finalize",
      "Parallel Aware": false,
      "Startup Cost": 353216.46,
      "Total Cost": 353216.47,
      "Plan Rows": 1,
      "Plan Width": 8,
      "Actual Startup Time": 844.26,
      "Actual Total Time": 899.897,
      "Actual Rows": 1,
      "Actual Loops": 1,
      "Plans": [
        {
          "Node Type": "Gather",
          "Parent Relationship": "Outer",
          "Parallel Aware": false,
          "Startup Cost": 353215.84,
          "Total Cost": 353216.45,
          "Plan Rows": 6,
          "Plan Width": 8,
          "Actual Startup Time": 844.15,
          "Actual Total Time": 899.887,
          "Actual Rows": 7,
          "Actual Loops": 1,
          "Workers Planned": 6,
          "Workers Launched": 6,
          "Single Copy": false,
          "Plans": [
            {
              "Node Type": "Aggregate",
              "Strategy": "Plain",
              "Partial Mode": "Partial",
              "Parent Relationship": "Outer",
              "Parallel Aware": false,
              "Startup Cost": 352215.84,
              "Total Cost": 352215.85,
              "Plan Rows": 1,
              "Plan Width": 8,
              "Actual Startup Time": 833.706,
              "Actual Total Time": 833.707,
              "Actual Rows": 1,
              "Actual Loops": 7,
              "Plans": [
                {
                  "Node Type": "Seq Scan",
                  "Parent Relationship": "Outer",
                  "Parallel Aware": true,
                  "Relation Name": "cast_info",
                  "Alias": "ci",
                  "Startup Cost": 0.0,
                  "Total Cost": 343257.03,
                  "Plan Rows": 3583524,
                  "Plan Width": 0,
                  "Actual Startup Time": 220.81,
                  "Actual Total Time": 699.664,
                  "Actual Rows": 3224595,
                  "Actual Loops": 7,
                  "Filter": "((person_id > 340426) AND (role_id > 1))",
                  "Rows Removed by Filter": 1953169
                }
              ]
            }
          ]
        }
      ]
    },
    "Planning Time": 0.219,
    "Triggers": [],
    "Execution Time": 899.968
  }
]