[
  {
    "Plan": {
      "Node Type": "Aggregate",
      "Strategy": "Plain",
      "Partial Mode": "Simple",
      "Parallel Aware": false,
      "Startup Cost": 27892.91,
      "Total Cost": 27892.92,
      "Plan Rows": 1,
      "Plan Width": 8,
      "Actual Startup Time": 70.816,
      "Actual Total Time": 70.818,
      "Actual Rows": 1,
      "Actual Loops": 1,
      "Plans": [
        {
          "Node Type": "Bitmap Heap Scan",
          "Parent Relationship": "Outer",
          "Parallel Aware": false,
          "Relation Name": "movie_keyword",
          "Alias": "mk",
          "Startup Cost": 2015.74,
          "Total Cost": 27655.71,
          "Plan Rows": 94878,
          "Plan Width": 0,
          "Actual Startup Time": 25.415,
          "Actual Total Time": 65.788,
          "Actual Rows": 93681,
          "Actual Loops": 1,
          "Recheck Cond": "(keyword_id > 84016)",
          "Rows Removed by Index Recheck": 0,
          "Exact Heap Blocks": 16893,
          "Lossy Heap Blocks": 0,
          "Plans": [
            {
              "Node Type": "Bitmap Index Scan",
              "Parent Relationship": "Outer",
              "Parallel Aware": false,
              "Index Name": "keyword_id_movie_keyword",
              "Startup Cost": 0.0,
              "Total Cost": 1992.02,
              "Plan Rows": 94878,
              "Plan Width": 0,
              "Actual Startup Time": 20.145,
              "Actual Total Time": 20.146,
              "Actual Rows": 93681,
              "Actual Loops": 1,
              "Index Cond": "(keyword_id > 84016)"
            }
          ]
        }
      ]
    },
    "Planning Time": 0.176,
    "Triggers": [],
    "Execution Time": 70.887
  }
]