[
  {
    "Plan": {
      "Node Type": "Aggregate",
      "Strategy": "Plain",
      "Partial Mode": "Finalize",
      "Parallel Aware": false,
      "Startup Cost": 352121.24,
      "Total Cost": 352121.25,
      "Plan Rows": 1,
      "Plan Width": 8,
      "Actual Startup Time": 948.16,
      "Actual Total Time": 997.327,
      "Actual Rows": 1,
      "Actual Loops": 1,
      "Plans": [
        {
          "Node Type": "Gather",
          "Parent Relationship": "Outer",
          "Parallel Aware": false,
          "Startup Cost": 352120.61,
          "Total Cost": 352121.22,
          "Plan Rows": 6,
          "Plan Width": 8,
          "Actual Startup Time": 948.018,
          "Actual Total Time": 997.313,
          "Actual Rows": 7,
          "Actual Loops": 1,
          "Workers Planned": 6,
          "Workers Launched": 6,
          "Single Copy": false,
          "Plans": [
            {
              "Node Type": "Aggregate",
              "Strategy": "Plain",
              "Partial Mode": "Partial",
              "Parent Relationship": "Outer",
              "Parallel Aware": false,
              "Startup Cost": 351120.61,
              "Total Cost": 351120.62,
              "Plan Rows": 1,
              "Plan Width": 8,
              "Actual Startup Time": 940.6,
              "Actual Total Time": 940.602,
              "Actual Rows": 1,
              "Actual Loops": 7,
              "Plans": [
                {
                  "Node Type": "Seq Scan",
                  "Parent Relationship": "Outer",
                  "Parallel Aware": true,
                  "Relation Name": "cast_info",
                  "Alias": "ci",
                  "Startup Cost": 0.0,
                  "Total Cost": 343316.27,
                  "Plan Rows": 3121737,
                  "Plan Width": 0,
                  "Actual Startup Time": 0.047,
                  "Actual Total Time": 767.829,
                  "Actual Rows": 3091645,
                  "Actual Loops": 7,
                  "Filter": "((person_id < 2432624) AND (role_id < 8))",
                  "Rows Removed by Filter": 2086119
                }
              ]
            }
          ]
        }
      ]
    },
    "Planning Time": 0.111,
    "Triggers": [],
    "Execution Time": 997.375
  }
]