{
  "Plan": {
    "Node Type": "Aggregate",
    "Strategy": "Plain",
    "Partial Mode": "Finalize",
    "Parallel Aware": false,
    "Startup Cost": 165926.36,
    "Total Cost": 165926.37,
    "Plan Rows": 1,
    "Plan Width": 8,
    "Actual Startup Time": 964.522,
    "Actual Total Time": 985.803,
    "Actual Rows": 1,
    "Actual Loops": 1,
    "Plans": [
      {
        "Node Type": "Gather",
        "Parent Relationship": "Outer",
        "Parallel Aware": false,
        "Startup Cost": 165926.24,
        "Total Cost": 165926.35,
        "Plan Rows": 1,
        "Plan Width": 8,
        "Actual Startup Time": 964.306,
        "Actual Total Time": 985.794,
        "Actual Rows": 2,
        "Actual Loops": 1,
        "Workers Planned": 1,
        "Workers Launched": 1,
        "Single Copy": false,
        "Plans": [
          {
            "Node Type": "Aggregate",
            "Strategy": "Plain",
            "Partial Mode": "Partial",
            "Parent Relationship": "Outer",
            "Parallel Aware": false,
            "Startup Cost": 164926.24,
            "Total Cost": 164926.25,
            "Plan Rows": 1,
            "Plan Width": 8,
            "Actual Startup Time": 960.166,
            "Actual Total Time": 960.168,
            "Actual Rows": 1,
            "Actual Loops": 2,
            "Plans": [
              {
                "Node Type": "Merge Join",
                "Parent Relationship": "Outer",
                "Parallel Aware": false,
                "Join Type": "Inner",
                "Startup Cost": 2.9,
                "Total Cost": 164294.7,
                "Plan Rows": 252616,
                "Plan Width": 0,
                "Actual Startup Time": 1.147,
                "Actual Total Time": 953.259,
                "Actual Rows": 155574,
                "Actual Loops": 2,
                "Inner Unique": false,
                "Merge Cond": "(t.id = mi_idx.movie_id)",
                "Plans": [
                  {
                    "Node Type": "Index Scan",
                    "Parent Relationship": "Outer",
                    "Parallel Aware": true,
                    "Scan Direction": "Forward",
                    "Index Name": "title_pkey",
                    "Relation Name": "title",
                    "Alias": "t",
                    "Startup Cost": 0.43,
                    "Total Cost": 103647.43,
                    "Plan Rows": 462806,
                    "Plan Width": 4,
                    "Actual Startup Time": 0.073,
                    "Actual Total Time": 612.697,
                    "Actual Rows": 392353,
                    "Actual Loops": 2,
                    "Filter": "(production_year > 2007)",
                    "Rows Removed by Filter": 870600
                  },
                  {
                    "Node Type": "Index Only Scan",
                    "Parent Relationship": "Inner",
                    "Parallel Aware": false,
                    "Scan Direction": "Forward",
                    "Index Name": "movie_id_movie_info_idx",
                    "Relation Name": "movie_info_idx",
                    "Alias": "mi_idx",
                    "Startup Cost": 0.43,
                    "Total Cost": 53620.22,
                    "Plan Rows": 1380035,
                    "Plan Width": 4,
                    "Actual Startup Time": 0.129,
                    "Actual Total Time": 245.999,
                    "Actual Rows": 1380035,
                    "Actual Loops": 2,
                    "Heap Fetches": 2760070
                  }
                ]
              }
            ]
          }
        ]
      }
    ]
  },
  "Planning Time": 0.554,
  "Triggers": [],
  "Execution Time": 985.867
}