{
  "Plan": {
    "Node Type": "Aggregate",
    "Strategy": "Plain",
    "Partial Mode": "Finalize",
    "Parallel Aware": false,
    "Startup Cost": 1216511.14,
    "Total Cost": 1216511.15,
    "Plan Rows": 1,
    "Plan Width": 8,
    "Actual Startup Time": 4980.76,
    "Actual Total Time": 5052.884,
    "Actual Rows": 1,
    "Actual Loops": 1,
    "Plans": [
      {
        "Node Type": "Gather",
        "Parent Relationship": "Outer",
        "Parallel Aware": false,
        "Startup Cost": 1216511.03,
        "Total Cost": 1216511.14,
        "Plan Rows": 1,
        "Plan Width": 8,
        "Actual Startup Time": 4961.798,
        "Actual Total Time": 5052.874,
        "Actual Rows": 2,
        "Actual Loops": 1,
        "Workers Planned": 1,
        "Workers Launched": 1,
        "Single Copy": false,
        "Plans": [
          {
            "Node Type": "Aggregate",
            "Strategy": "Plain",
            "Partial Mode": "Partial",
            "Parent Relationship": "Outer",
            "Parallel Aware": false,
            "Startup Cost": 1215511.03,
            "Total Cost": 1215511.04,
            "Plan Rows": 1,
            "Plan Width": 8,
            "Actual Startup Time": 4956.994,
            "Actual Total Time": 4957.0,
            "Actual Rows": 1,
            "Actual Loops": 2,
            "Plans": [
              {
                "Node Type": "Merge Join",
                "Parent Relationship": "Outer",
                "Parallel Aware": false,
                "Join Type": "Inner",
                "Startup Cost": 1171265.6,
                "Total Cost": 1211012.81,
                "Plan Rows": 1799286,
                "Plan Width": 0,
                "Actual Startup Time": 4484.98,
                "Actual Total Time": 4915.994,
                "Actual Rows": 955942,
                "Actual Loops": 2,
                "Inner Unique": false,
                "Merge Cond": "(t.id = mc.movie_id)",
                "Plans": [
                  {
                    "Node Type": "Sort",
                    "Parent Relationship": "Outer",
                    "Parallel Aware": false,
                    "Startup Cost": 848314.43,
                    "Total Cost": 852673.28,
                    "Plan Rows": 1743541,
                    "Plan Width": 8,
                    "Actual Startup Time": 3725.955,
                    "Actual Total Time": 3781.215,
                    "Actual Rows": 574232,
                    "Actual Loops": 2,
                    "Sort Key": [
                      "ci.movie_id"
                    ],
                    "Sort Method": "quicksort",
                    "Sort Space Used": 53415,
                    "Sort Space Type": "Memory",
                    "Workers": [
                      {
                        "Worker Number": 0,
                        "Sort Method": "quicksort",
                        "Sort Space Used": 49573,
                        "Sort Space Type": "Memory"
                      }
                    ],
                    "Plans": [
                      {
                        "Node Type": "Hash Join",
                        "Parent Relationship": "Outer",
                        "Parallel Aware": true,
                        "Join Type": "Inner",
                        "Startup Cost": 60776.82,
                        "Total Cost": 667565.12,
                        "Plan Rows": 1743541,
                        "Plan Width": 8,
                        "Actual Startup Time": 820.063,
                        "Actual Total Time": 3569.177,
                        "Actual Rows": 574238,
                        "Actual Loops": 2,
                        "Inner Unique": true,
                        "Hash Cond": "(ci.movie_id = t.id)",
                        "Plans": [
                          {
                            "Node Type": "Seq Scan",
                            "Parent Relationship": "Outer",
                            "Parallel Aware": true,
                            "Relation Name": "cast_info",
                            "Alias": "ci",
                            "Startup Cost": 0.0,
                            "Total Cost": 572345.93,
                            "Plan Rows": 13120881,
                            "Plan Width": 4,
                            "Actual Startup Time": 617.505,
                            "Actual Total Time": 1994.165,
                            "Actual Rows": 11469596,
                            "Actual Loops": 2,
                            "Filter": "((person_id > 215166) AND (role_id > 1))",
                            "Rows Removed by Filter": 6652576
                          },
                          {
                            "Node Type": "Hash",
                            "Parent Relationship": "Inner",
                            "Parallel Aware": true,
                            "Startup Cost": 58306.47,
                            "Total Cost": 58306.47,
                            "Plan Rows": 197628,
                            "Plan Width": 4,
                            "Actual Startup Time": 196.445,
                            "Actual Total Time": 196.446,
                            "Actual Rows": 104308,
                            "Actual Loops": 2,
                            "Hash Buckets": 524288,
                            "Original Hash Buckets": 524288,
                            "Hash Batches": 1,
                            "Original Hash Batches": 1,
                            "Peak Memory Usage": 12288,
                            "Plans": [
                              {
                                "Node Type": "Seq Scan",
                                "Parent Relationship": "Outer",
                                "Parallel Aware": true,
                                "Relation Name": "title",
                                "Alias": "t",
                                "Startup Cost": 0.0,
                                "Total Cost": 58306.47,
                                "Plan Rows": 197628,
                                "Plan Width": 4,
                                "Actual Startup Time": 0.038,
                                "Actual Total Time": 164.256,
                                "Actual Rows": 104308,
                                "Actual Loops": 2,
                                "Filter": "((kind_id > 1) AND (production_year < 1977))",
                                "Rows Removed by Filter": 1159848
                              }
                            ]
                          }
                        ]
                      }
                    ]
                  },
                  {
                    "Node Type": "Sort",
                    "Parent Relationship": "Inner",
                    "Parallel Aware": false,
                    "Startup Cost": 322951.0,
                    "Total Cost": 329473.82,
                    "Plan Rows": 2609129,
                    "Plan Width": 4,
                    "Actual Startup Time": 758.989,
                    "Actual Total Time": 886.41,
                    "Actual Rows": 3360264,
                    "Actual Loops": 2,
                    "Sort Key": [
                      "mc.movie_id"
                    ],
                    "Sort Method": "quicksort",
                    "Sort Space Used": 220607,
                    "Sort Space Type": "Memory",
                    "Workers": [
                      {
                        "Worker Number": 0,
                        "Sort Method": "quicksort",
                        "Sort Space Used": 220607,
                        "Sort Space Type": "Memory"
                      }
                    ],
                    "Plans": [
                      {
                        "Node Type": "Seq Scan",
                        "Parent Relationship": "Outer",
                        "Parallel Aware": false,
                        "Relation Name": "movie_companies",
                        "Alias": "mc",
                        "Startup Cost": 0.0,
                        "Total Cost": 44881.29,
                        "Plan Rows": 2609129,
                        "Plan Width": 4,
                        "Actual Startup Time": 0.035,
                        "Actual Total Time": 231.439,
                        "Actual Rows": 2609129,
                        "Actual Loops": 2
                      }
                    ]
                  }
                ]
              }
            ]
          }
        ]
      }
    ]
  },
  "Planning Time": 1.098,
  "Triggers": [],
  "Execution Time": 5080.816
}