[
  {
    "Plan": {
      "Node Type": "Aggregate",
      "Strategy": "Plain",
      "Partial Mode": "Simple",
      "Parallel Aware": false,
      "Startup Cost": 34441.45,
      "Total Cost": 34441.46,
      "Plan Rows": 1,
      "Plan Width": 8,
      "Actual Startup Time": 5.407,
      "Actual Total Time": 5.408,
      "Actual Rows": 1,
      "Actual Loops": 1,
      "Plans": [
        {
          "Node Type": "Bitmap Heap Scan",
          "Parent Relationship": "Outer",
          "Parallel Aware": false,
          "Relation Name": "movie_info",
          "Alias": "mi",
          "Startup Cost": 200.81,
          "Total Cost": 34414.23,
          "Plan Rows": 10887,
          "Plan Width": 0,
          "Actual Startup Time": 1.048,
          "Actual Total Time": 4.83,
          "Actual Rows": 6536,
          "Actual Loops": 1,
          "Recheck Cond": "(info_type_id = 66)",
          "Rows Removed by Index Recheck": 0,
          "Exact Heap Blocks": 1314,
          "Lossy Heap Blocks": 0,
          "Plans": [
            {
              "Node Type": "Bitmap Index Scan",
              "Parent Relationship": "Outer",
              "Parallel Aware": false,
              "Index Name": "info_type_id_movie_info",
              "Startup Cost": 0.0,
              "Total Cost": 198.09,
              "Plan Rows": 10887,
              "Plan Width": 0,
              "Actual Startup Time": 0.795,
              "Actual Total Time": 0.795,
              "Actual Rows": 6536,
              "Actual Loops": 1,
              "Index Cond": "(info_type_id = 66)"
            }
          ]
        }
      ]
    },
    "Planning Time": 0.193,
    "Triggers": [],
    "Execution Time": 5.469
  }
]