{
  "Plan": {
    "Node Type": "Aggregate",
    "Strategy": "Plain",
    "Partial Mode": "Finalize",
    "Parallel Aware": false,
    "Startup Cost": 94938.35,
    "Total Cost": 94938.36,
    "Plan Rows": 1,
    "Plan Width": 8,
    "Actual Startup Time": 431.098,
    "Actual Total Time": 443.059,
    "Actual Rows": 1,
    "Actual Loops": 1,
    "Plans": [
      {
        "Node Type": "Gather",
        "Parent Relationship": "Outer",
        "Parallel Aware": false,
        "Startup Cost": 94938.24,
        "Total Cost": 94938.35,
        "Plan Rows": 1,
        "Plan Width": 8,
        "Actual Startup Time": 430.102,
        "Actual Total Time": 443.048,
        "Actual Rows": 2,
        "Actual Loops": 1,
        "Workers Planned": 1,
        "Workers Launched": 1,
        "Single Copy": false,
        "Plans": [
          {
            "Node Type": "Aggregate",
            "Strategy": "Plain",
            "Partial Mode": "Partial",
            "Parent Relationship": "Outer",
            "Parallel Aware": false,
            "Startup Cost": 93938.24,
            "Total Cost": 93938.25,
            "Plan Rows": 1,
            "Plan Width": 8,
            "Actual Startup Time": 427.223,
            "Actual Total Time": 427.227,
            "Actual Rows": 1,
            "Actual Loops": 2,
            "Plans": [
              {
                "Node Type": "Hash Join",
                "Parent Relationship": "Outer",
                "Parallel Aware": true,
                "Join Type": "Inner",
                "Startup Cost": 31984.13,
                "Total Cost": 93404.79,
                "Plan Rows": 213378,
                "Plan Width": 0,
                "Actual Startup Time": 108.266,
                "Actual Total Time": 419.816,
                "Actual Rows": 181736,
                "Actual Loops": 2,
                "Inner Unique": false,
                "Hash Cond": "(t.id = mc.movie_id)",
                "Plans": [
                  {
                    "Node Type": "Seq Scan",
                    "Parent Relationship": "Outer",
                    "Parallel Aware": true,
                    "Relation Name": "title",
                    "Alias": "t",
                    "Startup Cost": 0.0,
                    "Total Cost": 50870.31,
                    "Plan Rows": 1487231,
                    "Plan Width": 4,
                    "Actual Startup Time": 0.015,
                    "Actual Total Time": 112.563,
                    "Actual Rows": 1264156,
                    "Actual Loops": 2
                  },
                  {
                    "Node Type": "Hash",
                    "Parent Relationship": "Inner",
                    "Parallel Aware": true,
                    "Startup Cost": 29316.9,
                    "Total Cost": 29316.9,
                    "Plan Rows": 213378,
                    "Plan Width": 4,
                    "Actual Startup Time": 97.233,
                    "Actual Total Time": 97.234,
                    "Actual Rows": 181736,
                    "Actual Loops": 2,
                    "Hash Buckets": 524288,
                    "Original Hash Buckets": 524288,
                    "Hash Batches": 1,
                    "Original Hash Batches": 1,
                    "Peak Memory Usage": 18336,
                    "Plans": [
                      {
                        "Node Type": "Bitmap Heap Scan",
                        "Parent Relationship": "Outer",
                        "Parallel Aware": true,
                        "Relation Name": "movie_companies",
                        "Alias": "mc",
                        "Startup Cost": 7859.68,
                        "Total Cost": 29316.9,
                        "Plan Rows": 213378,
                        "Plan Width": 4,
                        "Actual Startup Time": 23.392,
                        "Actual Total Time": 59.898,
                        "Actual Rows": 181736,
                        "Actual Loops": 2,
                        "Recheck Cond": "(company_id > 86362)",
                        "Rows Removed by Index Recheck": 0,
                        "Exact Heap Blocks": 3770,
                        "Lossy Heap Blocks": 0,
                        "Plans": [
                          {
                            "Node Type": "Bitmap Index Scan",
                            "Parent Relationship": "Outer",
                            "Parallel Aware": false,
                            "Index Name": "company_id_movie_companies",
                            "Startup Cost": 0.0,
                            "Total Cost": 7769.0,
                            "Plan Rows": 362742,
                            "Plan Width": 0,
                            "Actual Startup Time": 22.494,
                            "Actual Total Time": 22.494,
                            "Actual Rows": 363471,
                            "Actual Loops": 1,
                            "Index Cond": "(company_id > 86362)"
                          }
                        ]
                      }
                    ]
                  }
                ]
              }
            ]
          }
        ]
      }
    ]
  },
  "Planning Time": 0.301,
  "Triggers": [],
  "Execution Time": 443.111
}