[
  {
    "Plan": {
      "Node Type": "Aggregate",
      "Strategy": "Plain",
      "Partial Mode": "Finalize",
      "Parallel Aware": false,
      "Startup Cost": 47180.81,
      "Total Cost": 47180.82,
      "Plan Rows": 1,
      "Plan Width": 8,
      "Actual Startup Time": 184.553,
      "Actual Total Time": 193.515,
      "Actual Rows": 1,
      "Actual Loops": 1,
      "Plans": [
        {
          "Node Type": "Gather",
          "Parent Relationship": "Outer",
          "Parallel Aware": false,
          "Startup Cost": 47180.49,
          "Total Cost": 47180.8,
          "Plan Rows": 3,
          "Plan Width": 8,
          "Actual Startup Time": 184.429,
          "Actual Total Time": 193.508,
          "Actual Rows": 4,
          "Actual Loops": 1,
          "Workers Planned": 3,
          "Workers Launched": 3,
          "Single Copy": false,
          "Plans": [
            {
              "Node Type": "Aggregate",
              "Strategy": "Plain",
              "Partial Mode": "Partial",
              "Parent Relationship": "Outer",
              "Parallel Aware": false,
              "Startup Cost": 46180.49,
              "Total Cost": 46180.5,
              "Plan Rows": 1,
              "Plan Width": 8,
              "Actual Startup Time": 177.973,
              "Actual Total Time": 177.974,
              "Actual Rows": 1,
              "Actual Loops": 4,
              "Plans": [
                {
                  "Node Type": "Seq Scan",
                  "Parent Relationship": "Outer",
                  "Parallel Aware": true,
                  "Relation Name": "movie_keyword",
                  "Alias": "mk",
                  "Startup Cost": 0.0,
                  "Total Cost": 42695.65,
                  "Plan Rows": 1393935,
                  "Plan Width": 0,
                  "Actual Startup Time": 0.055,
                  "Actual Total Time": 128.411,
                  "Actual Rows": 1081065,
                  "Actual Loops": 4,
                  "Filter": "(keyword_id < 68827)",
                  "Rows Removed by Filter": 49918
                }
              ]
            }
          ]
        }
      ]
    },
    "Planning Time": 0.234,
    "Triggers": [],
    "Execution Time": 193.572
  }
]