[
  {
    "Plan": {
      "Node Type": "Aggregate",
      "Strategy": "Plain",
      "Partial Mode": "Finalize",
      "Parallel Aware": false,
      "Startup Cost": 91793.97,
      "Total Cost": 91793.98,
      "Plan Rows": 1,
      "Plan Width": 8,
      "Actual Startup Time": 267.016,
      "Actual Total Time": 285.557,
      "Actual Rows": 1,
      "Actual Loops": 1,
      "Plans": [
        {
          "Node Type": "Gather",
          "Parent Relationship": "Outer",
          "Parallel Aware": false,
          "Startup Cost": 91793.65,
          "Total Cost": 91793.96,
          "Plan Rows": 3,
          "Plan Width": 8,
          "Actual Startup Time": 266.677,
          "Actual Total Time": 285.549,
          "Actual Rows": 4,
          "Actual Loops": 1,
          "Workers Planned": 3,
          "Workers Launched": 3,
          "Single Copy": false,
          "Plans": [
            {
              "Node Type": "Aggregate",
              "Strategy": "Plain",
              "Partial Mode": "Partial",
              "Parent Relationship": "Outer",
              "Parallel Aware": false,
              "Startup Cost": 90793.65,
              "Total Cost": 90793.66,
              "Plan Rows": 1,
              "Plan Width": 8,
              "Actual Startup Time": 257.921,
              "Actual Total Time": 257.925,
              "Actual Rows": 1,
              "Actual Loops": 4,
              "Plans": [
                {
                  "Node Type": "Hash Join",
                  "Parent Relationship": "Outer",
                  "Parallel Aware": true,
                  "Join Type": "Inner",
                  "Startup Cost": 45641.27,
                  "Total Cost": 90746.55,
                  "Plan Rows": 18842,
                  "Plan Width": 0,
                  "Actual Startup Time": 103.938,
                  "Actual Total Time": 257.784,
                  "Actual Rows": 3041,
                  "Actual Loops": 4,
                  "Inner Unique": true,
                  "Hash Cond": "(mk.movie_id = t.id)",
                  "Plans": [
                    {
                      "Node Type": "Seq Scan",
                      "Parent Relationship": "Outer",
                      "Parallel Aware": true,
                      "Relation Name": "movie_keyword",
                      "Alias": "mk",
                      "Startup Cost": 0.0,
                      "Total Cost": 42695.65,
                      "Plan Rows": 917951,
                      "Plan Width": 4,
                      "Actual Startup Time": 0.026,
                      "Actual Total Time": 104.648,
                      "Actual Rows": 709618,
                      "Actual Loops": 4,
                      "Filter": "(keyword_id < 8610)",
                      "Rows Removed by Filter": 421364
                    },
                    {
                      "Node Type": "Hash",
                      "Parent Relationship": "Inner",
                      "Parallel Aware": true,
                      "Startup Cost": 45479.1,
                      "Total Cost": 45479.1,
                      "Plan Rows": 12974,
                      "Plan Width": 4,
                      "Actual Startup Time": 102.157,
                      "Actual Total Time": 102.159,
                      "Actual Rows": 14120,
                      "Actual Loops": 4,
                      "Hash Buckets": 65536,
                      "Original Hash Buckets": 65536,
                      "Hash Batches": 1,
                      "Original Hash Batches": 1,
                      "Peak Memory Usage": 2784,
                      "Plans": [
                        {
                          "Node Type": "Seq Scan",
                          "Parent Relationship": "Outer",
                          "Parallel Aware": true,
                          "Relation Name": "title",
                          "Alias": "t",
                          "Startup Cost": 0.0,
                          "Total Cost": 45479.1,
                          "Plan Rows": 12974,
                          "Plan Width": 4,
                          "Actual Startup Time": 0.058,
                          "Actual Total Time": 95.811,
                          "Actual Rows": 14120,
                          "Actual Loops": 4,
                          "Filter": "((kind_id = 7) AND (production_year = 2004))",
                          "Rows Removed by Filter": 617958
                        }
                      ]
                    }
                  ]
                }
              ]
            }
          ]
        }
      ]
    },
    "Planning Time": 0.614,
    "Triggers": [],
    "Execution Time": 285.625
  }
]