{
  "Plan": {
    "Node Type": "Aggregate",
    "Strategy": "Plain",
    "Partial Mode": "Finalize",
    "Parallel Aware": false,
    "Startup Cost": 428674.98,
    "Total Cost": 428674.99,
    "Plan Rows": 1,
    "Plan Width": 8,
    "Actual Startup Time": 2147.162,
    "Actual Total Time": 2192.699,
    "Actual Rows": 1,
    "Actual Loops": 1,
    "Plans": [
      {
        "Node Type": "Gather",
        "Parent Relationship": "Outer",
        "Parallel Aware": false,
        "Startup Cost": 428674.87,
        "Total Cost": 428674.98,
        "Plan Rows": 1,
        "Plan Width": 8,
        "Actual Startup Time": 2144.843,
        "Actual Total Time": 2192.689,
        "Actual Rows": 2,
        "Actual Loops": 1,
        "Workers Planned": 1,
        "Workers Launched": 1,
        "Single Copy": false,
        "Plans": [
          {
            "Node Type": "Aggregate",
            "Strategy": "Plain",
            "Partial Mode": "Partial",
            "Parent Relationship": "Outer",
            "Parallel Aware": false,
            "Startup Cost": 427674.87,
            "Total Cost": 427674.88,
            "Plan Rows": 1,
            "Plan Width": 8,
            "Actual Startup Time": 2139.085,
            "Actual Total Time": 2139.408,
            "Actual Rows": 1,
            "Actual Loops": 2,
            "Plans": [
              {
                "Node Type": "Hash Join",
                "Parent Relationship": "Outer",
                "Parallel Aware": true,
                "Join Type": "Inner",
                "Startup Cost": 129049.3,
                "Total Cost": 422587.15,
                "Plan Rows": 2035088,
                "Plan Width": 0,
                "Actual Startup Time": 629.608,
                "Actual Total Time": 2108.099,
                "Actual Rows": 761172,
                "Actual Loops": 2,
                "Inner Unique": false,
                "Hash Cond": "(mi.movie_id = t.id)",
                "Plans": [
                  {
                    "Node Type": "Seq Scan",
                    "Parent Relationship": "Outer",
                    "Parallel Aware": true,
                    "Relation Name": "movie_info",
                    "Alias": "mi",
                    "Startup Cost": 0.0,
                    "Total Cost": 248955.74,
                    "Plan Rows": 8696274,
                    "Plan Width": 4,
                    "Actual Startup Time": 0.017,
                    "Actual Total Time": 672.508,
                    "Actual Rows": 7417860,
                    "Actual Loops": 2
                  },
                  {
                    "Node Type": "Hash",
                    "Parent Relationship": "Inner",
                    "Parallel Aware": true,
                    "Startup Cost": 124698.81,
                    "Total Cost": 124698.81,
                    "Plan Rows": 348039,
                    "Plan Width": 8,
                    "Actual Startup Time": 619.478,
                    "Actual Total Time": 619.798,
                    "Actual Rows": 76317,
                    "Actual Loops": 2,
                    "Hash Buckets": 1048576,
                    "Original Hash Buckets": 1048576,
                    "Hash Batches": 1,
                    "Original Hash Batches": 1,
                    "Peak Memory Usage": 14208,
                    "Plans": [
                      {
                        "Node Type": "Hash Join",
                        "Parent Relationship": "Outer",
                        "Parallel Aware": true,
                        "Join Type": "Inner",
                        "Startup Cost": 63994.83,
                        "Total Cost": 124698.81,
                        "Plan Rows": 348039,
                        "Plan Width": 8,
                        "Actual Startup Time": 293.057,
                        "Actual Total Time": 599.736,
                        "Actual Rows": 76317,
                        "Actual Loops": 2,
                        "Inner Unique": true,
                        "Hash Cond": "(mk.movie_id = t.id)",
                        "Plans": [
                          {
                            "Node Type": "Seq Scan",
                            "Parent Relationship": "Outer",
                            "Parallel Aware": true,
                            "Relation Name": "movie_keyword",
                            "Alias": "mk",
                            "Startup Cost": 0.0,
                            "Total Cost": 57718.19,
                            "Plan Rows": 1137443,
                            "Plan Width": 4,
                            "Actual Startup Time": 0.015,
                            "Actual Total Time": 178.861,
                            "Actual Rows": 969824,
                            "Actual Loops": 2,
                            "Filter": "(keyword_id < 3338)",
                            "Rows Removed by Filter": 1292142
                          },
                          {
                            "Node Type": "Hash",
                            "Parent Relationship": "Inner",
                            "Parallel Aware": true,
                            "Startup Cost": 58306.47,
                            "Total Cost": 58306.47,
                            "Plan Rows": 455069,
                            "Plan Width": 4,
                            "Actual Startup Time": 287.611,
                            "Actual Total Time": 287.612,
                            "Actual Rows": 420005,
                            "Actual Loops": 2,
                            "Hash Buckets": 1048576,
                            "Original Hash Buckets": 1048576,
                            "Hash Batches": 1,
                            "Original Hash Batches": 1,
                            "Peak Memory Usage": 41088,
                            "Plans": [
                              {
                                "Node Type": "Seq Scan",
                                "Parent Relationship": "Outer",
                                "Parallel Aware": true,
                                "Relation Name": "title",
                                "Alias": "t",
                                "Startup Cost": 0.0,
                                "Total Cost": 58306.47,
                                "Plan Rows": 455069,
                                "Plan Width": 4,
                                "Actual Startup Time": 0.036,
                                "Actual Total Time": 161.378,
                                "Actual Rows": 420005,
                                "Actual Loops": 2,
                                "Filter": "((production_year > 2002) AND (kind_id = 7))",
                                "Rows Removed by Filter": 844151
                              }
                            ]
                          }
                        ]
                      }
                    ]
                  }
                ]
              }
            ]
          }
        ]
      }
    ]
  },
  "Planning Time": 0.958,
  "Triggers": [],
  "Execution Time": 2192.789
}