{
    "Plan": {
        "Node Type": "Aggregate",
        "Strategy": "Plain",
        "Partial Mode": "Finalize",
        "Parallel Aware": false,
        "Startup Cost": 94065.0,
        "Total Cost": 94065.01,
        "Plan Rows": 1,
        "Plan Width": 8,
        "Actual Startup Time": 352.32,
        "Actual Total Time": 375.513,
        "Actual Rows": 1,
        "Actual Loops": 1,
        "Output": [
            "count(*)"
        ],
        "Plans": [
            {
                "Node Type": "Gather",
                "Parent Relationship": "Outer",
                "Parallel Aware": false,
                "Startup Cost": 94064.68,
                "Total Cost": 94064.99,
                "Plan Rows": 3,
                "Plan Width": 8,
                "Actual Startup Time": 351.79,
                "Actual Total Time": 375.503,
                "Actual Rows": 4,
                "Actual Loops": 1,
                "Output": [
                    "(PARTIAL count(*))"
                ],
                "Workers Planned": 3,
                "Workers Launched": 3,
                "Single Copy": false,
                "Plans": [
                    {
                        "Node Type": "Aggregate",
                        "Strategy": "Plain",
                        "Partial Mode": "Partial",
                        "Parent Relationship": "Outer",
                        "Parallel Aware": false,
                        "Startup Cost": 93064.68,
                        "Total Cost": 93064.69,
                        "Plan Rows": 1,
                        "Plan Width": 8,
                        "Actual Startup Time": 342.266,
                        "Actual Total Time": 342.329,
                        "Actual Rows": 1,
                        "Actual Loops": 4,
                        "Output": [
                            "PARTIAL count(*)"
                        ],
                        "Workers": [
                            {
                                "Worker Number": 0,
                                "Actual Startup Time": 339.159,
                                "Actual Total Time": 339.162,
                                "Actual Rows": 1,
                                "Actual Loops": 1
                            },
                            {
                                "Worker Number": 1,
                                "Actual Startup Time": 339.444,
                                "Actual Total Time": 339.447,
                                "Actual Rows": 1,
                                "Actual Loops": 1
                            },
                            {
                                "Worker Number": 2,
                                "Actual Startup Time": 339.46,
                                "Actual Total Time": 339.463,
                                "Actual Rows": 1,
                                "Actual Loops": 1
                            }
                        ],
                        "Plans": [
                            {
                                "Node Type": "Nested Loop",
                                "Parent Relationship": "Outer",
                                "Parallel Aware": false,
                                "Join Type": "Inner",
                                "Startup Cost": 45639.72,
                                "Total Cost": 93025.79,
                                "Plan Rows": 15555,
                                "Plan Width": 0,
                                "Actual Startup Time": 175.634,
                                "Actual Total Time": 339.419,
                                "Actual Rows": 56944,
                                "Actual Loops": 4,
                                "Inner Unique": false,
                                "Join Filter": "(t.id = mk.movie_id)",
                                "Rows Removed by Join Filter": 0,
                                "Workers": [
                                    {
                                        "Worker Number": 0,
                                        "Actual Startup Time": 173.204,
                                        "Actual Total Time": 336.396,
                                        "Actual Rows": 60693,
                                        "Actual Loops": 1
                                    },
                                    {
                                        "Worker Number": 1,
                                        "Actual Startup Time": 173.706,
                                        "Actual Total Time": 336.656,
                                        "Actual Rows": 60865,
                                        "Actual Loops": 1
                                    },
                                    {
                                        "Worker Number": 2,
                                        "Actual Startup Time": 170.485,
                                        "Actual Total Time": 336.878,
                                        "Actual Rows": 55415,
                                        "Actual Loops": 1
                                    }
                                ],
                                "Plans": [
                                    {
                                        "Node Type": "Hash Join",
                                        "Parent Relationship": "Outer",
                                        "Parallel Aware": true,
                                        "Join Type": "Inner",
                                        "Startup Cost": 45639.28,
                                        "Total Cost": 76076.36,
                                        "Plan Rows": 8693,
                                        "Plan Width": 8,
                                        "Actual Startup Time": 175.53,
                                        "Actual Total Time": 235.761,
                                        "Actual Rows": 31154,
                                        "Actual Loops": 4,
                                        "Output": [
                                            "t.id",
                                            "mc.movie_id"
                                        ],
                                        "Inner Unique": true,
                                        "Hash Cond": "(mc.movie_id = t.id)",
                                        "Workers": [
                                            {
                                                "Worker Number": 0,
                                                "Actual Startup Time": 173.084,
                                                "Actual Total Time": 230.603,
                                                "Actual Rows": 31950,
                                                "Actual Loops": 1
                                            },
                                            {
                                                "Worker Number": 1,
                                                "Actual Startup Time": 173.574,
                                                "Actual Total Time": 230.188,
                                                "Actual Rows": 31930,
                                                "Actual Loops": 1
                                            },
                                            {
                                                "Worker Number": 2,
                                                "Actual Startup Time": 170.357,
                                                "Actual Total Time": 230.931,
                                                "Actual Rows": 31519,
                                                "Actual Loops": 1
                                            }
                                        ],
                                        "Plans": [
                                            {
                                                "Node Type": "Seq Scan",
                                                "Parent Relationship": "Outer",
                                                "Parallel Aware": true,
                                                "Relation Name": "movie_companies",
                                                "Schema": "public",
                                                "Alias": "mc",
                                                "Startup Cost": 0.0,
                                                "Total Cost": 29310.68,
                                                "Plan Rows": 429104,
                                                "Plan Width": 4,
                                                "Actual Startup Time": 30.73,
                                                "Actual Total Time": 70.737,
                                                "Actual Rows": 333721,
                                                "Actual Loops": 4,
                                                "Output": [
                                                    "mc.id",
                                                    "mc.movie_id",
                                                    "mc.company_id",
                                                    "mc.company_type_id",
                                                    "mc.note"
                                                ],
                                                "Filter": "(mc.company_type_id = 2)",
                                                "Rows Removed by Filter": 318562,
                                                "Workers": [
                                                    {
                                                        "Worker Number": 0,
                                                        "Actual Startup Time": 30.737,
                                                        "Actual Total Time": 69.075,
                                                        "Actual Rows": 347616,
                                                        "Actual Loops": 1
                                                    },
                                                    {
                                                        "Worker Number": 1,
                                                        "Actual Startup Time": 30.715,
                                                        "Actual Total Time": 69.564,
                                                        "Actual Rows": 342617,
                                                        "Actual Loops": 1
                                                    },
                                                    {
                                                        "Worker Number": 2,
                                                        "Actual Startup Time": 30.733,
                                                        "Actual Total Time": 69.503,
                                                        "Actual Rows": 342489,
                                                        "Actual Loops": 1
                                                    }
                                                ]
                                            },
                                            {
                                                "Node Type": "Hash",
                                                "Parent Relationship": "Inner",
                                                "Parallel Aware": true,
                                                "Startup Cost": 45479.21,
                                                "Total Cost": 45479.21,
                                                "Plan Rows": 12806,
                                                "Plan Width": 4,
                                                "Actual Startup Time": 112.768,
                                                "Actual Total Time": 112.769,
                                                "Actual Rows": 32580,
                                                "Actual Loops": 4,
                                                "Output": [
                                                    "t.id"
                                                ],
                                                "Hash Buckets": 131072,
                                                "Original Hash Buckets": 65536,
                                                "Hash Batches": 1,
                                                "Original Hash Batches": 1,
                                                "Peak Memory Usage": 6688,
                                                "Workers": [
                                                    {
                                                        "Worker Number": 0,
                                                        "Actual Startup Time": 110.176,
                                                        "Actual Total Time": 110.177,
                                                        "Actual Rows": 34599,
                                                        "Actual Loops": 1
                                                    },
                                                    {
                                                        "Worker Number": 1,
                                                        "Actual Startup Time": 110.626,
                                                        "Actual Total Time": 110.626,
                                                        "Actual Rows": 33087,
                                                        "Actual Loops": 1
                                                    },
                                                    {
                                                        "Worker Number": 2,
                                                        "Actual Startup Time": 110.598,
                                                        "Actual Total Time": 110.599,
                                                        "Actual Rows": 32482,
                                                        "Actual Loops": 1
                                                    }
                                                ],
                                                "Plans": [
                                                    {
                                                        "Node Type": "Seq Scan",
                                                        "Parent Relationship": "Outer",
                                                        "Parallel Aware": true,
                                                        "Relation Name": "title",
                                                        "Schema": "public",
                                                        "Alias": "t",
                                                        "Startup Cost": 0.0,
                                                        "Total Cost": 45479.21,
                                                        "Plan Rows": 12806,
                                                        "Plan Width": 4,
                                                        "Actual Startup Time": 64.805,
                                                        "Actual Total Time": 101.094,
                                                        "Actual Rows": 32580,
                                                        "Actual Loops": 4,
                                                        "Output": [
                                                            "t.id"
                                                        ],
                                                        "Filter": "((t.kind_id < 7) AND (t.production_year < 1936))",
                                                        "Rows Removed by Filter": 599498,
                                                        "Workers": [
                                                            {
                                                                "Worker Number": 0,
                                                                "Actual Startup Time": 60.398,
                                                                "Actual Total Time": 98.647,
                                                                "Actual Rows": 34599,
                                                                "Actual Loops": 1
                                                            },
                                                            {
                                                                "Worker Number": 1,
                                                                "Actual Startup Time": 66.048,
                                                                "Actual Total Time": 99.605,
                                                                "Actual Rows": 33087,
                                                                "Actual Loops": 1
                                                            },
                                                            {
                                                                "Worker Number": 2,
                                                                "Actual Startup Time": 61.939,
                                                                "Actual Total Time": 99.206,
                                                                "Actual Rows": 32482,
                                                                "Actual Loops": 1
                                                            }
                                                        ]
                                                    }
                                                ]
                                            }
                                        ]
                                    },
                                    {
                                        "Node Type": "Index Only Scan",
                                        "Parent Relationship": "Inner",
                                        "Parallel Aware": false,
                                        "Scan Direction": "Forward",
                                        "Index Name": "movie_id_movie_keyword",
                                        "Relation Name": "movie_keyword",
                                        "Schema": "public",
                                        "Alias": "mk",
                                        "Startup Cost": 0.43,
                                        "Total Cost": 1.37,
                                        "Plan Rows": 46,
                                        "Plan Width": 4,
                                        "Actual Startup Time": 0.003,
                                        "Actual Total Time": 0.003,
                                        "Actual Rows": 2,
                                        "Actual Loops": 124615,
                                        "Output": [
                                            "mk.movie_id"
                                        ],
                                        "Index Cond": "(mk.movie_id = mc.movie_id)",
                                        "Rows Removed by Index Recheck": 0,
                                        "Heap Fetches": 227778,
                                        "Workers": [
                                            {
                                                "Worker Number": 0,
                                                "Actual Startup Time": 0.003,
                                                "Actual Total Time": 0.003,
                                                "Actual Rows": 2,
                                                "Actual Loops": 31950
                                            },
                                            {
                                                "Worker Number": 1,
                                                "Actual Startup Time": 0.003,
                                                "Actual Total Time": 0.003,
                                                "Actual Rows": 2,
                                                "Actual Loops": 31930
                                            },
                                            {
                                                "Worker Number": 2,
                                                "Actual Startup Time": 0.003,
                                                "Actual Total Time": 0.003,
                                                "Actual Rows": 2,
                                                "Actual Loops": 31519
                                            }
                                        ]
                                    }
                                ]
                            }
                        ]
                    }
                ]
            }
        ]
    },
    "Planning Time": 1.603,
    "Triggers": [],
    "Execution Time": 375.607
}