[
  {
    "Plan": {
      "Node Type": "Aggregate",
      "Strategy": "Plain",
      "Partial Mode": "Finalize",
      "Parallel Aware": false,
      "Startup Cost": 81450.51,
      "Total Cost": 81450.52,
      "Plan Rows": 1,
      "Plan Width": 8,
      "Actual Startup Time": 290.825,
      "Actual Total Time": 306.811,
      "Actual Rows": 1,
      "Actual Loops": 1,
      "Plans": [
        {
          "Node Type": "Gather",
          "Parent Relationship": "Outer",
          "Parallel Aware": false,
          "Startup Cost": 81450.19,
          "Total Cost": 81450.5,
          "Plan Rows": 3,
          "Plan Width": 8,
          "Actual Startup Time": 287.876,
          "Actual Total Time": 306.796,
          "Actual Rows": 4,
          "Actual Loops": 1,
          "Workers Planned": 3,
          "Workers Launched": 3,
          "Single Copy": false,
          "Plans": [
            {
              "Node Type": "Aggregate",
              "Strategy": "Plain",
              "Partial Mode": "Partial",
              "Parent Relationship": "Outer",
              "Parallel Aware": false,
              "Startup Cost": 80450.19,
              "Total Cost": 80450.2,
              "Plan Rows": 1,
              "Plan Width": 8,
              "Actual Startup Time": 281.386,
              "Actual Total Time": 281.389,
              "Actual Rows": 1,
              "Actual Loops": 4,
              "Plans": [
                {
                  "Node Type": "Hash Join",
                  "Parent Relationship": "Outer",
                  "Parallel Aware": true,
                  "Join Type": "Inner",
                  "Startup Cost": 47844.26,
                  "Total Cost": 80186.0,
                  "Plan Rows": 105678,
                  "Plan Width": 0,
                  "Actual Startup Time": 160.514,
                  "Actual Total Time": 275.817,
                  "Actual Rows": 137388,
                  "Actual Loops": 4,
                  "Inner Unique": true,
                  "Hash Cond": "(mc.movie_id = t.id)",
                  "Plans": [
                    {
                      "Node Type": "Seq Scan",
                      "Parent Relationship": "Outer",
                      "Parallel Aware": true,
                      "Relation Name": "movie_companies",
                      "Alias": "mc",
                      "Startup Cost": 0.0,
                      "Total Cost": 31414.82,
                      "Plan Rows": 353112,
                      "Plan Width": 4,
                      "Actual Startup Time": 0.039,
                      "Actual Total Time": 64.267,
                      "Actual Rows": 247879,
                      "Actual Loops": 4,
                      "Filter": "((company_id > 192) AND (company_type_id < 2))",
                      "Rows Removed by Filter": 404403
                    },
                    {
                      "Node Type": "Hash",
                      "Parent Relationship": "Inner",
                      "Parallel Aware": true,
                      "Startup Cost": 45479.59,
                      "Total Cost": 45479.59,
                      "Plan Rows": 189174,
                      "Plan Width": 4,
                      "Actual Startup Time": 155.931,
                      "Actual Total Time": 155.933,
                      "Actual Rows": 164991,
                      "Actual Loops": 4,
                      "Hash Buckets": 1048576,
                      "Original Hash Buckets": 1048576,
                      "Hash Batches": 1,
                      "Original Hash Batches": 1,
                      "Peak Memory Usage": 34112,
                      "Plans": [
                        {
                          "Node Type": "Seq Scan",
                          "Parent Relationship": "Outer",
                          "Parallel Aware": true,
                          "Relation Name": "title",
                          "Alias": "t",
                          "Startup Cost": 0.0,
                          "Total Cost": 45479.59,
                          "Plan Rows": 189174,
                          "Plan Width": 4,
                          "Actual Startup Time": 0.028,
                          "Actual Total Time": 96.772,
                          "Actual Rows": 164991,
                          "Actual Loops": 4,
                          "Filter": "((kind_id < 4) AND (production_year > 1957))",
                          "Rows Removed by Filter": 467087
                        }
                      ]
                    }
                  ]
                }
              ]
            }
          ]
        }
      ]
    },
    "Planning Time": 0.477,
    "Triggers": [],
    "Execution Time": 306.861
  }
]