{
  "Plan": {
    "Node Type": "Aggregate",
    "Strategy": "Plain",
    "Partial Mode": "Finalize",
    "Parallel Aware": false,
    "Startup Cost": 85375.72,
    "Total Cost": 85375.73,
    "Plan Rows": 1,
    "Plan Width": 8,
    "Actual Startup Time": 344.193,
    "Actual Total Time": 358.143,
    "Actual Rows": 1,
    "Actual Loops": 1,
    "Plans": [
      {
        "Node Type": "Gather",
        "Parent Relationship": "Outer",
        "Parallel Aware": false,
        "Startup Cost": 85375.61,
        "Total Cost": 85375.72,
        "Plan Rows": 1,
        "Plan Width": 8,
        "Actual Startup Time": 343.657,
        "Actual Total Time": 358.133,
        "Actual Rows": 2,
        "Actual Loops": 1,
        "Workers Planned": 1,
        "Workers Launched": 1,
        "Single Copy": false,
        "Plans": [
          {
            "Node Type": "Aggregate",
            "Strategy": "Plain",
            "Partial Mode": "Partial",
            "Parent Relationship": "Outer",
            "Parallel Aware": false,
            "Startup Cost": 84375.61,
            "Total Cost": 84375.62,
            "Plan Rows": 1,
            "Plan Width": 8,
            "Actual Startup Time": 337.832,
            "Actual Total Time": 337.835,
            "Actual Rows": 1,
            "Actual Loops": 2,
            "Plans": [
              {
                "Node Type": "Hash Join",
                "Parent Relationship": "Outer",
                "Parallel Aware": true,
                "Join Type": "Inner",
                "Startup Cost": 23563.45,
                "Total Cost": 84182.74,
                "Plan Rows": 77145,
                "Plan Width": 0,
                "Actual Startup Time": 68.065,
                "Actual Total Time": 334.902,
                "Actual Rows": 67404,
                "Actual Loops": 2,
                "Inner Unique": false,
                "Hash Cond": "(t.id = mc.movie_id)",
                "Plans": [
                  {
                    "Node Type": "Seq Scan",
                    "Parent Relationship": "Outer",
                    "Parallel Aware": true,
                    "Relation Name": "title",
                    "Alias": "t",
                    "Startup Cost": 0.0,
                    "Total Cost": 50870.31,
                    "Plan Rows": 1487231,
                    "Plan Width": 4,
                    "Actual Startup Time": 0.009,
                    "Actual Total Time": 113.79,
                    "Actual Rows": 1264156,
                    "Actual Loops": 2
                  },
                  {
                    "Node Type": "Hash",
                    "Parent Relationship": "Inner",
                    "Parallel Aware": true,
                    "Startup Cost": 22599.14,
                    "Total Cost": 22599.14,
                    "Plan Rows": 77145,
                    "Plan Width": 4,
                    "Actual Startup Time": 64.536,
                    "Actual Total Time": 64.537,
                    "Actual Rows": 67404,
                    "Actual Loops": 2,
                    "Hash Buckets": 262144,
                    "Original Hash Buckets": 262144,
                    "Hash Batches": 1,
                    "Original Hash Batches": 1,
                    "Peak Memory Usage": 7360,
                    "Plans": [
                      {
                        "Node Type": "Bitmap Heap Scan",
                        "Parent Relationship": "Outer",
                        "Parallel Aware": true,
                        "Relation Name": "movie_companies",
                        "Alias": "mc",
                        "Startup Cost": 2844.82,
                        "Total Cost": 22599.14,
                        "Plan Rows": 77145,
                        "Plan Width": 4,
                        "Actual Startup Time": 16.73,
                        "Actual Total Time": 46.674,
                        "Actual Rows": 67404,
                        "Actual Loops": 2,
                        "Recheck Cond": "(company_id < 27)",
                        "Rows Removed by Index Recheck": 0,
                        "Exact Heap Blocks": 8530,
                        "Lossy Heap Blocks": 0,
                        "Plans": [
                          {
                            "Node Type": "Bitmap Index Scan",
                            "Parent Relationship": "Outer",
                            "Parallel Aware": false,
                            "Index Name": "company_id_movie_companies",
                            "Startup Cost": 0.0,
                            "Total Cost": 2812.03,
                            "Plan Rows": 131147,
                            "Plan Width": 0,
                            "Actual Startup Time": 16.143,
                            "Actual Total Time": 16.143,
                            "Actual Rows": 134807,
                            "Actual Loops": 1,
                            "Index Cond": "(company_id < 27)"
                          }
                        ]
                      }
                    ]
                  }
                ]
              }
            ]
          }
        ]
      }
    ]
  },
  "Planning Time": 0.732,
  "Triggers": [],
  "Execution Time": 358.233
}