[
  {
    "Plan": {
      "Node Type": "Aggregate",
      "Strategy": "Plain",
      "Partial Mode": "Finalize",
      "Parallel Aware": false,
      "Startup Cost": 379640.54,
      "Total Cost": 379640.55,
      "Plan Rows": 1,
      "Plan Width": 8,
      "Actual Startup Time": 1625.658,
      "Actual Total Time": 1692.543,
      "Actual Rows": 1,
      "Actual Loops": 1,
      "Plans": [
        {
          "Node Type": "Gather",
          "Parent Relationship": "Outer",
          "Parallel Aware": false,
          "Startup Cost": 379639.91,
          "Total Cost": 379640.52,
          "Plan Rows": 6,
          "Plan Width": 8,
          "Actual Startup Time": 1622.995,
          "Actual Total Time": 1692.53,
          "Actual Rows": 7,
          "Actual Loops": 1,
          "Workers Planned": 6,
          "Workers Launched": 6,
          "Single Copy": false,
          "Plans": [
            {
              "Node Type": "Aggregate",
              "Strategy": "Plain",
              "Partial Mode": "Partial",
              "Parent Relationship": "Outer",
              "Parallel Aware": false,
              "Startup Cost": 378639.91,
              "Total Cost": 378639.92,
              "Plan Rows": 1,
              "Plan Width": 8,
              "Actual Startup Time": 1613.838,
              "Actual Total Time": 1613.841,
              "Actual Rows": 1,
              "Actual Loops": 7,
              "Plans": [
                {
                  "Node Type": "Hash Join",
                  "Parent Relationship": "Outer",
                  "Parallel Aware": true,
                  "Join Type": "Inner",
                  "Startup Cost": 46937.25,
                  "Total Cost": 375854.05,
                  "Plan Rows": 1114346,
                  "Plan Width": 0,
                  "Actual Startup Time": 100.654,
                  "Actual Total Time": 1570.296,
                  "Actual Rows": 889535,
                  "Actual Loops": 7,
                  "Inner Unique": true,
                  "Hash Cond": "(ci.movie_id = t.id)",
                  "Plans": [
                    {
                      "Node Type": "Seq Scan",
                      "Parent Relationship": "Outer",
                      "Parallel Aware": true,
                      "Relation Name": "cast_info",
                      "Alias": "ci",
                      "Startup Cost": 0.0,
                      "Total Cost": 313067.02,
                      "Plan Rows": 6038002,
                      "Plan Width": 4,
                      "Actual Startup Time": 0.019,
                      "Actual Total Time": 543.802,
                      "Actual Rows": 5177763,
                      "Actual Loops": 7
                    },
                    {
                      "Node Type": "Hash",
                      "Parent Relationship": "Inner",
                      "Parallel Aware": true,
                      "Startup Cost": 45479.1,
                      "Total Cost": 45479.1,
                      "Plan Rows": 116652,
                      "Plan Width": 4,
                      "Actual Startup Time": 98.28,
                      "Actual Total Time": 98.281,
                      "Actual Rows": 48678,
                      "Actual Loops": 7,
                      "Hash Buckets": 524288,
                      "Original Hash Buckets": 524288,
                      "Hash Batches": 1,
                      "Original Hash Batches": 1,
                      "Peak Memory Usage": 17504,
                      "Plans": [
                        {
                          "Node Type": "Seq Scan",
                          "Parent Relationship": "Outer",
                          "Parallel Aware": true,
                          "Relation Name": "title",
                          "Alias": "t",
                          "Startup Cost": 0.0,
                          "Total Cost": 45479.1,
                          "Plan Rows": 116652,
                          "Plan Width": 4,
                          "Actual Startup Time": 42.555,
                          "Actual Total Time": 78.148,
                          "Actual Rows": 48678,
                          "Actual Loops": 7,
                          "Filter": "((production_year > 1989) AND (kind_id = 1))",
                          "Rows Removed by Filter": 312509
                        }
                      ]
                    }
                  ]
                }
              ]
            }
          ]
        }
      ]
    },
    "Planning Time": 0.659,
    "Triggers": [],
    "Execution Time": 1692.634
  }
]