{
  "Plan": {
    "Node Type": "Aggregate",
    "Strategy": "Plain",
    "Partial Mode": "Finalize",
    "Parallel Aware": false,
    "Startup Cost": 195189.16,
    "Total Cost": 195189.17,
    "Plan Rows": 1,
    "Plan Width": 8,
    "Actual Startup Time": 1831.359,
    "Actual Total Time": 1866.179,
    "Actual Rows": 1,
    "Actual Loops": 1,
    "Plans": [
      {
        "Node Type": "Gather",
        "Parent Relationship": "Outer",
        "Parallel Aware": false,
        "Startup Cost": 195189.05,
        "Total Cost": 195189.16,
        "Plan Rows": 1,
        "Plan Width": 8,
        "Actual Startup Time": 1823.156,
        "Actual Total Time": 1866.171,
        "Actual Rows": 2,
        "Actual Loops": 1,
        "Workers Planned": 1,
        "Workers Launched": 1,
        "Single Copy": false,
        "Plans": [
          {
            "Node Type": "Aggregate",
            "Strategy": "Plain",
            "Partial Mode": "Partial",
            "Parent Relationship": "Outer",
            "Parallel Aware": false,
            "Startup Cost": 194189.05,
            "Total Cost": 194189.06,
            "Plan Rows": 1,
            "Plan Width": 8,
            "Actual Startup Time": 1814.659,
            "Actual Total Time": 1814.664,
            "Actual Rows": 1,
            "Actual Loops": 2,
            "Plans": [
              {
                "Node Type": "Hash Join",
                "Parent Relationship": "Outer",
                "Parallel Aware": true,
                "Join Type": "Inner",
                "Startup Cost": 120419.6,
                "Total Cost": 192670.17,
                "Plan Rows": 607552,
                "Plan Width": 0,
                "Actual Startup Time": 971.483,
                "Actual Total Time": 1720.256,
                "Actual Rows": 1931026,
                "Actual Loops": 2,
                "Inner Unique": false,
                "Hash Cond": "(t.id = mc.movie_id)",
                "Plans": [
                  {
                    "Node Type": "Hash Join",
                    "Parent Relationship": "Outer",
                    "Parallel Aware": true,
                    "Join Type": "Inner",
                    "Startup Cost": 69460.7,
                    "Total Cost": 130420.15,
                    "Plan Rows": 1234766,
                    "Plan Width": 8,
                    "Actual Startup Time": 619.849,
                    "Actual Total Time": 1070.005,
                    "Actual Rows": 1048930,
                    "Actual Loops": 2,
                    "Inner Unique": true,
                    "Hash Cond": "(mk.movie_id = t.id)",
                    "Plans": [
                      {
                        "Node Type": "Seq Scan",
                        "Parent Relationship": "Outer",
                        "Parallel Aware": true,
                        "Relation Name": "movie_keyword",
                        "Alias": "mk",
                        "Startup Cost": 0.0,
                        "Total Cost": 57718.19,
                        "Plan Rows": 1234766,
                        "Plan Width": 4,
                        "Actual Startup Time": 0.546,
                        "Actual Total Time": 219.403,
                        "Actual Rows": 1048930,
                        "Actual Loops": 2,
                        "Filter": "(keyword_id > 5740)",
                        "Rows Removed by Filter": 1213034
                      },
                      {
                        "Node Type": "Hash",
                        "Parent Relationship": "Inner",
                        "Parallel Aware": true,
                        "Startup Cost": 50870.31,
                        "Total Cost": 50870.31,
                        "Plan Rows": 1487231,
                        "Plan Width": 4,
                        "Actual Startup Time": 602.853,
                        "Actual Total Time": 602.854,
                        "Actual Rows": 1264156,
                        "Actual Loops": 2,
                        "Hash Buckets": 4194304,
                        "Original Hash Buckets": 4194304,
                        "Hash Batches": 1,
                        "Original Hash Batches": 1,
                        "Peak Memory Usage": 131712,
                        "Plans": [
                          {
                            "Node Type": "Seq Scan",
                            "Parent Relationship": "Outer",
                            "Parallel Aware": true,
                            "Relation Name": "title",
                            "Alias": "t",
                            "Startup Cost": 0.0,
                            "Total Cost": 50870.31,
                            "Plan Rows": 1487231,
                            "Plan Width": 4,
                            "Actual Startup Time": 0.024,
                            "Actual Total Time": 173.409,
                            "Actual Rows": 1264156,
                            "Actual Loops": 2
                          }
                        ]
                      }
                    ]
                  },
                  {
                    "Node Type": "Hash",
                    "Parent Relationship": "Inner",
                    "Parallel Aware": true,
                    "Startup Cost": 41811.73,
                    "Total Cost": 41811.73,
                    "Plan Rows": 731774,
                    "Plan Width": 4,
                    "Actual Startup Time": 336.99,
                    "Actual Total Time": 336.991,
                    "Actual Rows": 648436,
                    "Actual Loops": 2,
                    "Hash Buckets": 2097152,
                    "Original Hash Buckets": 2097152,
                    "Hash Batches": 1,
                    "Original Hash Batches": 1,
                    "Peak Memory Usage": 67168,
                    "Plans": [
                      {
                        "Node Type": "Seq Scan",
                        "Parent Relationship": "Outer",
                        "Parallel Aware": true,
                        "Relation Name": "movie_companies",
                        "Alias": "mc",
                        "Startup Cost": 0.0,
                        "Total Cost": 41811.73,
                        "Plan Rows": 731774,
                        "Plan Width": 4,
                        "Actual Startup Time": 67.323,
                        "Actual Total Time": 161.45,
                        "Actual Rows": 648436,
                        "Actual Loops": 2,
                        "Filter": "((company_id > 27) AND (company_type_id = 2))",
                        "Rows Removed by Filter": 656128
                      }
                    ]
                  }
                ]
              }
            ]
          }
        ]
      }
    ]
  },
  "Planning Time": 1.069,
  "Triggers": [],
  "Execution Time": 1866.262
}