[
  {
    "Plan": {
      "Node Type": "Aggregate",
      "Strategy": "Plain",
      "Partial Mode": "Finalize",
      "Parallel Aware": false,
      "Startup Cost": 23269.72,
      "Total Cost": 23269.73,
      "Plan Rows": 1,
      "Plan Width": 8,
      "Actual Startup Time": 45.973,
      "Actual Total Time": 50.769,
      "Actual Rows": 1,
      "Actual Loops": 1,
      "Plans": [
        {
          "Node Type": "Gather",
          "Parent Relationship": "Outer",
          "Parallel Aware": false,
          "Startup Cost": 23269.4,
          "Total Cost": 23269.71,
          "Plan Rows": 3,
          "Plan Width": 8,
          "Actual Startup Time": 45.742,
          "Actual Total Time": 50.763,
          "Actual Rows": 4,
          "Actual Loops": 1,
          "Workers Planned": 3,
          "Workers Launched": 3,
          "Single Copy": false,
          "Plans": [
            {
              "Node Type": "Aggregate",
              "Strategy": "Plain",
              "Partial Mode": "Partial",
              "Parent Relationship": "Outer",
              "Parallel Aware": false,
              "Startup Cost": 22269.4,
              "Total Cost": 22269.41,
              "Plan Rows": 1,
              "Plan Width": 8,
              "Actual Startup Time": 37.007,
              "Actual Total Time": 37.008,
              "Actual Rows": 1,
              "Actual Loops": 4,
              "Plans": [
                {
                  "Node Type": "Bitmap Heap Scan",
                  "Parent Relationship": "Outer",
                  "Parallel Aware": true,
                  "Relation Name": "movie_companies",
                  "Alias": "mc",
                  "Startup Cost": 2844.82,
                  "Total Cost": 22163.64,
                  "Plan Rows": 42305,
                  "Plan Width": 0,
                  "Actual Startup Time": 7.262,
                  "Actual Total Time": 34.03,
                  "Actual Rows": 33702,
                  "Actual Loops": 4,
                  "Recheck Cond": "(company_id < 27)",
                  "Rows Removed by Index Recheck": 0,
                  "Exact Heap Blocks": 7476,
                  "Lossy Heap Blocks": 0,
                  "Plans": [
                    {
                      "Node Type": "Bitmap Index Scan",
                      "Parent Relationship": "Outer",
                      "Parallel Aware": false,
                      "Index Name": "company_id_movie_companies",
                      "Startup Cost": 0.0,
                      "Total Cost": 2812.03,
                      "Plan Rows": 131147,
                      "Plan Width": 0,
                      "Actual Startup Time": 12.695,
                      "Actual Total Time": 12.695,
                      "Actual Rows": 134807,
                      "Actual Loops": 1,
                      "Index Cond": "(company_id < 27)"
                    }
                  ]
                }
              ]
            }
          ]
        }
      ]
    },
    "Planning Time": 0.134,
    "Triggers": [],
    "Execution Time": 50.808
  }
]