[
  {
    "Plan": {
      "Node Type": "Aggregate",
      "Strategy": "Plain",
      "Partial Mode": "Finalize",
      "Parallel Aware": false,
      "Startup Cost": 31863.93,
      "Total Cost": 31863.94,
      "Plan Rows": 1,
      "Plan Width": 8,
      "Actual Startup Time": 111.594,
      "Actual Total Time": 119.762,
      "Actual Rows": 1,
      "Actual Loops": 1,
      "Plans": [
        {
          "Node Type": "Gather",
          "Parent Relationship": "Outer",
          "Parallel Aware": false,
          "Startup Cost": 31863.61,
          "Total Cost": 31863.92,
          "Plan Rows": 3,
          "Plan Width": 8,
          "Actual Startup Time": 111.456,
          "Actual Total Time": 119.754,
          "Actual Rows": 4,
          "Actual Loops": 1,
          "Workers Planned": 3,
          "Workers Launched": 3,
          "Single Copy": false,
          "Plans": [
            {
              "Node Type": "Aggregate",
              "Strategy": "Plain",
              "Partial Mode": "Partial",
              "Parent Relationship": "Outer",
              "Parallel Aware": false,
              "Startup Cost": 30863.61,
              "Total Cost": 30863.62,
              "Plan Rows": 1,
              "Plan Width": 8,
              "Actual Startup Time": 104.872,
              "Actual Total Time": 104.873,
              "Actual Rows": 1,
              "Actual Loops": 4,
              "Plans": [
                {
                  "Node Type": "Seq Scan",
                  "Parent Relationship": "Outer",
                  "Parallel Aware": true,
                  "Relation Name": "movie_companies",
                  "Alias": "mc",
                  "Startup Cost": 0.0,
                  "Total Cost": 29310.68,
                  "Plan Rows": 621171,
                  "Plan Width": 0,
                  "Actual Startup Time": 0.644,
                  "Actual Total Time": 83.413,
                  "Actual Rows": 482674,
                  "Actual Loops": 4,
                  "Filter": "(company_id > 1129)",
                  "Rows Removed by Filter": 169608
                }
              ]
            }
          ]
        }
      ]
    },
    "Planning Time": 0.196,
    "Triggers": [],
    "Execution Time": 119.822
  }
]