[
  {
    "Plan": {
      "Node Type": "Aggregate",
      "Strategy": "Plain",
      "Partial Mode": "Finalize",
      "Parallel Aware": false,
      "Startup Cost": 116010.63,
      "Total Cost": 116010.64,
      "Plan Rows": 1,
      "Plan Width": 8,
      "Actual Startup Time": 714.805,
      "Actual Total Time": 735.416,
      "Actual Rows": 1,
      "Actual Loops": 1,
      "Plans": [
        {
          "Node Type": "Gather",
          "Parent Relationship": "Outer",
          "Parallel Aware": false,
          "Startup Cost": 116010.32,
          "Total Cost": 116010.63,
          "Plan Rows": 3,
          "Plan Width": 8,
          "Actual Startup Time": 703.319,
          "Actual Total Time": 735.405,
          "Actual Rows": 4,
          "Actual Loops": 1,
          "Workers Planned": 3,
          "Workers Launched": 3,
          "Single Copy": false,
          "Plans": [
            {
              "Node Type": "Aggregate",
              "Strategy": "Plain",
              "Partial Mode": "Partial",
              "Parent Relationship": "Outer",
              "Parallel Aware": false,
              "Startup Cost": 115010.32,
              "Total Cost": 115010.33,
              "Plan Rows": 1,
              "Plan Width": 8,
              "Actual Startup Time": 693.83,
              "Actual Total Time": 693.837,
              "Actual Rows": 1,
              "Actual Loops": 4,
              "Plans": [
                {
                  "Node Type": "Hash Join",
                  "Parent Relationship": "Outer",
                  "Parallel Aware": true,
                  "Join Type": "Inner",
                  "Startup Cost": 84054.04,
                  "Total Cost": 114751.18,
                  "Plan Rows": 103656,
                  "Plan Width": 0,
                  "Actual Startup Time": 502.06,
                  "Actual Total Time": 668.479,
                  "Actual Rows": 633899,
                  "Actual Loops": 4,
                  "Inner Unique": false,
                  "Hash Cond": "(mc.movie_id = t.id)",
                  "Plans": [
                    {
                      "Node Type": "Seq Scan",
                      "Parent Relationship": "Outer",
                      "Parallel Aware": true,
                      "Relation Name": "movie_companies",
                      "Alias": "mc",
                      "Startup Cost": 0.0,
                      "Total Cost": 27206.55,
                      "Plan Rows": 841655,
                      "Plan Width": 4,
                      "Actual Startup Time": 0.034,
                      "Actual Total Time": 56.1,
                      "Actual Rows": 652282,
                      "Actual Loops": 4
                    },
                    {
                      "Node Type": "Hash",
                      "Parent Relationship": "Inner",
                      "Parallel Aware": true,
                      "Startup Cost": 82798.48,
                      "Total Cost": 82798.48,
                      "Plan Rows": 100445,
                      "Plan Width": 8,
                      "Actual Startup Time": 483.883,
                      "Actual Total Time": 483.887,
                      "Actual Rows": 76148,
                      "Actual Loops": 4,
                      "Hash Buckets": 524288,
                      "Original Hash Buckets": 524288,
                      "Hash Batches": 1,
                      "Original Hash Batches": 1,
                      "Peak Memory Usage": 16064,
                      "Plans": [
                        {
                          "Node Type": "Hash Join",
                          "Parent Relationship": "Outer",
                          "Parallel Aware": true,
                          "Join Type": "Inner",
                          "Startup Cost": 56825.26,
                          "Total Cost": 82798.48,
                          "Plan Rows": 100445,
                          "Plan Width": 8,
                          "Actual Startup Time": 383.784,
                          "Actual Total Time": 458.606,
                          "Actual Rows": 76148,
                          "Actual Loops": 4,
                          "Inner Unique": true,
                          "Hash Cond": "(mk.movie_id = t.id)",
                          "Plans": [
                            {
                              "Node Type": "Bitmap Heap Scan",
                              "Parent Relationship": "Outer",
                              "Parallel Aware": true,
                              "Relation Name": "movie_keyword",
                              "Alias": "mk",
                              "Startup Cost": 6605.61,
                              "Total Cost": 32315.17,
                              "Plan Rows": 100445,
                              "Plan Width": 4,
                              "Actual Startup Time": 21.238,
                              "Actual Total Time": 67.066,
                              "Actual Rows": 76148,
                              "Actual Loops": 4,
                              "Recheck Cond": "(keyword_id > 53112)",
                              "Rows Removed by Index Recheck": 0,
                              "Exact Heap Blocks": 6215,
                              "Lossy Heap Blocks": 0,
                              "Plans": [
                                {
                                  "Node Type": "Bitmap Index Scan",
                                  "Parent Relationship": "Outer",
                                  "Parallel Aware": false,
                                  "Index Name": "keyword_id_movie_keyword",
                                  "Startup Cost": 0.0,
                                  "Total Cost": 6527.77,
                                  "Plan Rows": 311378,
                                  "Plan Width": 0,
                                  "Actual Startup Time": 17.916,
                                  "Actual Total Time": 17.917,
                                  "Actual Rows": 304592,
                                  "Actual Loops": 1,
                                  "Index Cond": "(keyword_id > 53112)"
                                }
                              ]
                            },
                            {
                              "Node Type": "Hash",
                              "Parent Relationship": "Inner",
                              "Parallel Aware": true,
                              "Startup Cost": 42318.73,
                              "Total Cost": 42318.73,
                              "Plan Rows": 632073,
                              "Plan Width": 4,
                              "Actual Startup Time": 353.589,
                              "Actual Total Time": 353.59,
                              "Actual Rows": 632078,
                              "Actual Loops": 4,
                              "Hash Buckets": 4194304,
                              "Original Hash Buckets": 4194304,
                              "Hash Batches": 1,
                              "Original Hash Batches": 1,
                              "Peak Memory Usage": 131744,
                              "Plans": [
                                {
                                  "Node Type": "Seq Scan",
                                  "Parent Relationship": "Outer",
                                  "Parallel Aware": true,
                                  "Relation Name": "title",
                                  "Alias": "t",
                                  "Startup Cost": 0.0,
                                  "Total Cost": 42318.73,
                                  "Plan Rows": 632073,
                                  "Plan Width": 4,
                                  "Actual Startup Time": 0.042,
                                  "Actual Total Time": 97.197,
                                  "Actual Rows": 632078,
                                  "Actual Loops": 4
                                }
                              ]
                            }
                          ]
                        }
                      ]
                    }
                  ]
                }
              ]
            }
          ]
        }
      ]
    },
    "Planning Time": 1.393,
    "Triggers": [],
    "Execution Time": 735.572
  }
]