[
  {
    "Plan": {
      "Node Type": "Aggregate",
      "Strategy": "Plain",
      "Partial Mode": "Finalize",
      "Parallel Aware": false,
      "Startup Cost": 332072.55,
      "Total Cost": 332072.56,
      "Plan Rows": 1,
      "Plan Width": 8,
      "Actual Startup Time": 602.935,
      "Actual Total Time": 645.283,
      "Actual Rows": 1,
      "Actual Loops": 1,
      "Plans": [
        {
          "Node Type": "Gather",
          "Parent Relationship": "Outer",
          "Parallel Aware": false,
          "Startup Cost": 332071.93,
          "Total Cost": 332072.54,
          "Plan Rows": 6,
          "Plan Width": 8,
          "Actual Startup Time": 602.764,
          "Actual Total Time": 645.274,
          "Actual Rows": 7,
          "Actual Loops": 1,
          "Workers Planned": 6,
          "Workers Launched": 6,
          "Single Copy": false,
          "Plans": [
            {
              "Node Type": "Aggregate",
              "Strategy": "Plain",
              "Partial Mode": "Partial",
              "Parent Relationship": "Outer",
              "Parallel Aware": false,
              "Startup Cost": 331071.93,
              "Total Cost": 331071.94,
              "Plan Rows": 1,
              "Plan Width": 8,
              "Actual Startup Time": 594.126,
              "Actual Total Time": 594.128,
              "Actual Rows": 1,
              "Actual Loops": 7,
              "Plans": [
                {
                  "Node Type": "Seq Scan",
                  "Parent Relationship": "Outer",
                  "Parallel Aware": true,
                  "Relation Name": "cast_info",
                  "Alias": "ci",
                  "Startup Cost": 0.0,
                  "Total Cost": 328211.39,
                  "Plan Rows": 1144214,
                  "Plan Width": 0,
                  "Actual Startup Time": 340.951,
                  "Actual Total Time": 547.497,
                  "Actual Rows": 968907,
                  "Actual Loops": 7,
                  "Filter": "(person_id > 2983677)",
                  "Rows Removed by Filter": 4208856
                }
              ]
            }
          ]
        }
      ]
    },
    "Planning Time": 0.198,
    "Triggers": [],
    "Execution Time": 645.348
  }
]