[
  {
    "Plan": {
      "Node Type": "Aggregate",
      "Strategy": "Plain",
      "Partial Mode": "Finalize",
      "Parallel Aware": false,
      "Startup Cost": 29547.78,
      "Total Cost": 29547.79,
      "Plan Rows": 1,
      "Plan Width": 8,
      "Actual Startup Time": 70.155,
      "Actual Total Time": 76.749,
      "Actual Rows": 1,
      "Actual Loops": 1,
      "Plans": [
        {
          "Node Type": "Gather",
          "Parent Relationship": "Outer",
          "Parallel Aware": false,
          "Startup Cost": 29547.47,
          "Total Cost": 29547.78,
          "Plan Rows": 3,
          "Plan Width": 8,
          "Actual Startup Time": 69.886,
          "Actual Total Time": 76.741,
          "Actual Rows": 4,
          "Actual Loops": 1,
          "Workers Planned": 3,
          "Workers Launched": 3,
          "Single Copy": false,
          "Plans": [
            {
              "Node Type": "Aggregate",
              "Strategy": "Plain",
              "Partial Mode": "Partial",
              "Parent Relationship": "Outer",
              "Parallel Aware": false,
              "Startup Cost": 28547.47,
              "Total Cost": 28547.48,
              "Plan Rows": 1,
              "Plan Width": 8,
              "Actual Startup Time": 64.293,
              "Actual Total Time": 64.297,
              "Actual Rows": 1,
              "Actual Loops": 4,
              "Plans": [
                {
                  "Node Type": "Bitmap Heap Scan",
                  "Parent Relationship": "Outer",
                  "Parallel Aware": true,
                  "Relation Name": "movie_keyword",
                  "Alias": "mk",
                  "Startup Cost": 3333.55,
                  "Total Cost": 28420.81,
                  "Plan Rows": 50661,
                  "Plan Width": 0,
                  "Actual Startup Time": 16.853,
                  "Actual Total Time": 61.684,
                  "Actual Rows": 38822,
                  "Actual Loops": 4,
                  "Recheck Cond": "(keyword_id > 73287)",
                  "Rows Removed by Index Recheck": 0,
                  "Exact Heap Blocks": 11325,
                  "Lossy Heap Blocks": 0,
                  "Plans": [
                    {
                      "Node Type": "Bitmap Index Scan",
                      "Parent Relationship": "Outer",
                      "Parallel Aware": false,
                      "Index Name": "keyword_id_movie_keyword",
                      "Startup Cost": 0.0,
                      "Total Cost": 3294.29,
                      "Plan Rows": 157048,
                      "Plan Width": 0,
                      "Actual Startup Time": 18.112,
                      "Actual Total Time": 18.112,
                      "Actual Rows": 155289,
                      "Actual Loops": 1,
                      "Index Cond": "(keyword_id > 73287)"
                    }
                  ]
                }
              ]
            }
          ]
        }
      ]
    },
    "Planning Time": 0.081,
    "Triggers": [],
    "Execution Time": 76.788
  }
]