{
  "Plan": {
    "Node Type": "Aggregate",
    "Strategy": "Plain",
    "Partial Mode": "Finalize",
    "Parallel Aware": false,
    "Startup Cost": 93756.73,
    "Total Cost": 93756.74,
    "Plan Rows": 1,
    "Plan Width": 8,
    "Actual Startup Time": 308.696,
    "Actual Total Time": 321.177,
    "Actual Rows": 1,
    "Actual Loops": 1,
    "Plans": [
      {
        "Node Type": "Gather",
        "Parent Relationship": "Outer",
        "Parallel Aware": false,
        "Startup Cost": 93756.62,
        "Total Cost": 93756.73,
        "Plan Rows": 1,
        "Plan Width": 8,
        "Actual Startup Time": 307.569,
        "Actual Total Time": 321.168,
        "Actual Rows": 2,
        "Actual Loops": 1,
        "Workers Planned": 1,
        "Workers Launched": 1,
        "Single Copy": false,
        "Plans": [
          {
            "Node Type": "Aggregate",
            "Strategy": "Plain",
            "Partial Mode": "Partial",
            "Parent Relationship": "Outer",
            "Parallel Aware": false,
            "Startup Cost": 92756.62,
            "Total Cost": 92756.63,
            "Plan Rows": 1,
            "Plan Width": 8,
            "Actual Startup Time": 301.719,
            "Actual Total Time": 301.723,
            "Actual Rows": 1,
            "Actual Loops": 2,
            "Plans": [
              {
                "Node Type": "Hash Join",
                "Parent Relationship": "Outer",
                "Parallel Aware": true,
                "Join Type": "Inner",
                "Startup Cost": 30935.32,
                "Total Cost": 92598.9,
                "Plan Rows": 63086,
                "Plan Width": 0,
                "Actual Startup Time": 181.133,
                "Actual Total Time": 301.644,
                "Actual Rows": 1132,
                "Actual Loops": 2,
                "Inner Unique": false,
                "Hash Cond": "(t.id = mc.movie_id)",
                "Plans": [
                  {
                    "Node Type": "Seq Scan",
                    "Parent Relationship": "Outer",
                    "Parallel Aware": true,
                    "Relation Name": "title",
                    "Alias": "t",
                    "Startup Cost": 0.0,
                    "Total Cost": 58306.47,
                    "Plan Rows": 477762,
                    "Plan Width": 4,
                    "Actual Startup Time": 0.012,
                    "Actual Total Time": 132.379,
                    "Actual Rows": 369380,
                    "Actual Loops": 2,
                    "Filter": "((production_year < 2005) AND (kind_id = 7))",
                    "Rows Removed by Filter": 894776
                  },
                  {
                    "Node Type": "Hash",
                    "Parent Relationship": "Inner",
                    "Parallel Aware": true,
                    "Startup Cost": 28480.55,
                    "Total Cost": 28480.55,
                    "Plan Rows": 196382,
                    "Plan Width": 4,
                    "Actual Startup Time": 101.815,
                    "Actual Total Time": 101.816,
                    "Actual Rows": 167414,
                    "Actual Loops": 2,
                    "Hash Buckets": 524288,
                    "Original Hash Buckets": 524288,
                    "Hash Batches": 1,
                    "Original Hash Batches": 1,
                    "Peak Memory Usage": 17216,
                    "Plans": [
                      {
                        "Node Type": "Bitmap Heap Scan",
                        "Parent Relationship": "Outer",
                        "Parallel Aware": true,
                        "Relation Name": "movie_companies",
                        "Alias": "mc",
                        "Startup Cost": 7235.77,
                        "Total Cost": 28480.55,
                        "Plan Rows": 196382,
                        "Plan Width": 4,
                        "Actual Startup Time": 32.428,
                        "Actual Total Time": 68.048,
                        "Actual Rows": 167414,
                        "Actual Loops": 2,
                        "Recheck Cond": "(company_id > 89903)",
                        "Rows Removed by Index Recheck": 0,
                        "Exact Heap Blocks": 3298,
                        "Lossy Heap Blocks": 0,
                        "Plans": [
                          {
                            "Node Type": "Bitmap Index Scan",
                            "Parent Relationship": "Outer",
                            "Parallel Aware": false,
                            "Index Name": "company_id_movie_companies",
                            "Startup Cost": 0.0,
                            "Total Cost": 7152.31,
                            "Plan Rows": 333850,
                            "Plan Width": 0,
                            "Actual Startup Time": 31.732,
                            "Actual Total Time": 31.732,
                            "Actual Rows": 334829,
                            "Actual Loops": 1,
                            "Index Cond": "(company_id > 89903)"
                          }
                        ]
                      }
                    ]
                  }
                ]
              }
            ]
          }
        ]
      }
    ]
  },
  "Planning Time": 0.639,
  "Triggers": [],
  "Execution Time": 321.262
}