[
  {
    "Plan": {
      "Node Type": "Aggregate",
      "Strategy": "Plain",
      "Partial Mode": "Finalize",
      "Parallel Aware": false,
      "Startup Cost": 45700.67,
      "Total Cost": 45700.68,
      "Plan Rows": 1,
      "Plan Width": 8,
      "Actual Startup Time": 160.455,
      "Actual Total Time": 169.958,
      "Actual Rows": 1,
      "Actual Loops": 1,
      "Plans": [
        {
          "Node Type": "Gather",
          "Parent Relationship": "Outer",
          "Parallel Aware": false,
          "Startup Cost": 45700.35,
          "Total Cost": 45700.66,
          "Plan Rows": 3,
          "Plan Width": 8,
          "Actual Startup Time": 160.321,
          "Actual Total Time": 169.949,
          "Actual Rows": 4,
          "Actual Loops": 1,
          "Workers Planned": 3,
          "Workers Launched": 3,
          "Single Copy": false,
          "Plans": [
            {
              "Node Type": "Aggregate",
              "Strategy": "Plain",
              "Partial Mode": "Partial",
              "Parent Relationship": "Outer",
              "Parallel Aware": false,
              "Startup Cost": 44700.35,
              "Total Cost": 44700.36,
              "Plan Rows": 1,
              "Plan Width": 8,
              "Actual Startup Time": 153.403,
              "Actual Total Time": 153.405,
              "Actual Rows": 1,
              "Actual Loops": 4,
              "Plans": [
                {
                  "Node Type": "Seq Scan",
                  "Parent Relationship": "Outer",
                  "Parallel Aware": true,
                  "Relation Name": "movie_keyword",
                  "Alias": "mk",
                  "Startup Cost": 0.0,
                  "Total Cost": 42695.65,
                  "Plan Rows": 801878,
                  "Plan Width": 0,
                  "Actual Startup Time": 0.055,
                  "Actual Total Time": 123.207,
                  "Actual Rows": 621776,
                  "Actual Loops": 4,
                  "Filter": "(keyword_id < 6046)",
                  "Rows Removed by Filter": 509207
                }
              ]
            }
          ]
        }
      ]
    },
    "Planning Time": 0.158,
    "Triggers": [],
    "Execution Time": 170.005
  }
]