[
  {
    "Plan": {
      "Node Type": "Aggregate",
      "Strategy": "Plain",
      "Partial Mode": "Finalize",
      "Parallel Aware": false,
      "Startup Cost": 70476.25,
      "Total Cost": 70476.26,
      "Plan Rows": 1,
      "Plan Width": 8,
      "Actual Startup Time": 132.547,
      "Actual Total Time": 147.476,
      "Actual Rows": 1,
      "Actual Loops": 1,
      "Plans": [
        {
          "Node Type": "Gather",
          "Parent Relationship": "Outer",
          "Parallel Aware": false,
          "Startup Cost": 70475.93,
          "Total Cost": 70476.24,
          "Plan Rows": 3,
          "Plan Width": 8,
          "Actual Startup Time": 131.901,
          "Actual Total Time": 147.469,
          "Actual Rows": 4,
          "Actual Loops": 1,
          "Workers Planned": 3,
          "Workers Launched": 3,
          "Single Copy": false,
          "Plans": [
            {
              "Node Type": "Aggregate",
              "Strategy": "Plain",
              "Partial Mode": "Partial",
              "Parent Relationship": "Outer",
              "Parallel Aware": false,
              "Startup Cost": 69475.93,
              "Total Cost": 69475.94,
              "Plan Rows": 1,
              "Plan Width": 8,
              "Actual Startup Time": 128.383,
              "Actual Total Time": 128.386,
              "Actual Rows": 1,
              "Actual Loops": 4,
              "Plans": [
                {
                  "Node Type": "Hash Join",
                  "Parent Relationship": "Outer",
                  "Parallel Aware": true,
                  "Join Type": "Inner",
                  "Startup Cost": 49748.68,
                  "Total Cost": 69473.67,
                  "Plan Rows": 904,
                  "Plan Width": 0,
                  "Actual Startup Time": 98.515,
                  "Actual Total Time": 128.348,
                  "Actual Rows": 479,
                  "Actual Loops": 4,
                  "Inner Unique": true,
                  "Hash Cond": "(mc.movie_id = t.id)",
                  "Plans": [
                    {
                      "Node Type": "Bitmap Heap Scan",
                      "Parent Relationship": "Outer",
                      "Parallel Aware": true,
                      "Relation Name": "movie_companies",
                      "Alias": "mc",
                      "Startup Cost": 4153.6,
                      "Total Cost": 23716.32,
                      "Plan Rows": 61818,
                      "Plan Width": 4,
                      "Actual Startup Time": 10.579,
                      "Actual Total Time": 33.986,
                      "Actual Rows": 46511,
                      "Actual Loops": 4,
                      "Recheck Cond": "(company_id < 49)",
                      "Rows Removed by Index Recheck": 0,
                      "Exact Heap Blocks": 6335,
                      "Lossy Heap Blocks": 0,
                      "Plans": [
                        {
                          "Node Type": "Bitmap Index Scan",
                          "Parent Relationship": "Outer",
                          "Parallel Aware": false,
                          "Index Name": "company_id_movie_companies",
                          "Startup Cost": 0.0,
                          "Total Cost": 4105.69,
                          "Plan Rows": 191635,
                          "Plan Width": 0,
                          "Actual Startup Time": 8.462,
                          "Actual Total Time": 8.463,
                          "Actual Rows": 186044,
                          "Actual Loops": 1,
                          "Index Cond": "(company_id < 49)"
                        }
                      ]
                    },
                    {
                      "Node Type": "Hash",
                      "Parent Relationship": "Inner",
                      "Parallel Aware": true,
                      "Startup Cost": 45479.59,
                      "Total Cost": 45479.59,
                      "Plan Rows": 9239,
                      "Plan Width": 4,
                      "Actual Startup Time": 86.333,
                      "Actual Total Time": 86.334,
                      "Actual Rows": 10484,
                      "Actual Loops": 4,
                      "Hash Buckets": 65536,
                      "Original Hash Buckets": 65536,
                      "Hash Batches": 1,
                      "Original Hash Batches": 1,
                      "Peak Memory Usage": 2208,
                      "Plans": [
                        {
                          "Node Type": "Seq Scan",
                          "Parent Relationship": "Outer",
                          "Parallel Aware": true,
                          "Relation Name": "title",
                          "Alias": "t",
                          "Startup Cost": 0.0,
                          "Total Cost": 45479.59,
                          "Plan Rows": 9239,
                          "Plan Width": 4,
                          "Actual Startup Time": 0.027,
                          "Actual Total Time": 82.471,
                          "Actual Rows": 10484,
                          "Actual Loops": 4,
                          "Filter": "((kind_id = 7) AND (production_year = 2002))",
                          "Rows Removed by Filter": 621594
                        }
                      ]
                    }
                  ]
                }
              ]
            }
          ]
        }
      ]
    },
    "Planning Time": 0.298,
    "Triggers": [],
    "Execution Time": 147.533
  }
]