[
  {
    "Plan": {
      "Node Type": "Aggregate",
      "Strategy": "Plain",
      "Partial Mode": "Finalize",
      "Parallel Aware": false,
      "Startup Cost": 30802.16,
      "Total Cost": 30802.17,
      "Plan Rows": 1,
      "Plan Width": 8,
      "Actual Startup Time": 96.429,
      "Actual Total Time": 104.031,
      "Actual Rows": 1,
      "Actual Loops": 1,
      "Plans": [
        {
          "Node Type": "Gather",
          "Parent Relationship": "Outer",
          "Parallel Aware": false,
          "Startup Cost": 30801.85,
          "Total Cost": 30802.16,
          "Plan Rows": 3,
          "Plan Width": 8,
          "Actual Startup Time": 96.345,
          "Actual Total Time": 104.016,
          "Actual Rows": 4,
          "Actual Loops": 1,
          "Workers Planned": 3,
          "Workers Launched": 3,
          "Single Copy": false,
          "Plans": [
            {
              "Node Type": "Aggregate",
              "Strategy": "Plain",
              "Partial Mode": "Partial",
              "Parent Relationship": "Outer",
              "Parallel Aware": false,
              "Startup Cost": 29801.85,
              "Total Cost": 29801.86,
              "Plan Rows": 1,
              "Plan Width": 8,
              "Actual Startup Time": 87.853,
              "Actual Total Time": 87.853,
              "Actual Rows": 1,
              "Actual Loops": 4,
              "Plans": [
                {
                  "Node Type": "Seq Scan",
                  "Parent Relationship": "Outer",
                  "Parallel Aware": true,
                  "Relation Name": "movie_companies",
                  "Alias": "mc",
                  "Startup Cost": 0.0,
                  "Total Cost": 29310.68,
                  "Plan Rows": 196466,
                  "Plan Width": 0,
                  "Actual Startup Time": 0.045,
                  "Actual Total Time": 76.517,
                  "Actual Rows": 150970,
                  "Actual Loops": 4,
                  "Filter": "(company_id < 699)",
                  "Rows Removed by Filter": 501312
                }
              ]
            }
          ]
        }
      ]
    },
    "Planning Time": 0.153,
    "Triggers": [],
    "Execution Time": 104.077
  }
]