[
  {
    "Plan": {
      "Node Type": "Aggregate",
      "Strategy": "Plain",
      "Partial Mode": "Finalize",
      "Parallel Aware": false,
      "Startup Cost": 251949.72,
      "Total Cost": 251949.73,
      "Plan Rows": 1,
      "Plan Width": 8,
      "Actual Startup Time": 797.664,
      "Actual Total Time": 838.74,
      "Actual Rows": 1,
      "Actual Loops": 1,
      "Plans": [
        {
          "Node Type": "Gather",
          "Parent Relationship": "Outer",
          "Parallel Aware": false,
          "Startup Cost": 251949.2,
          "Total Cost": 251949.71,
          "Plan Rows": 5,
          "Plan Width": 8,
          "Actual Startup Time": 791.155,
          "Actual Total Time": 838.73,
          "Actual Rows": 6,
          "Actual Loops": 1,
          "Workers Planned": 5,
          "Workers Launched": 5,
          "Single Copy": false,
          "Plans": [
            {
              "Node Type": "Aggregate",
              "Strategy": "Plain",
              "Partial Mode": "Partial",
              "Parent Relationship": "Outer",
              "Parallel Aware": false,
              "Startup Cost": 250949.2,
              "Total Cost": 250949.21,
              "Plan Rows": 1,
              "Plan Width": 8,
              "Actual Startup Time": 780.036,
              "Actual Total Time": 780.039,
              "Actual Rows": 1,
              "Actual Loops": 6,
              "Plans": [
                {
                  "Node Type": "Hash Join",
                  "Parent Relationship": "Outer",
                  "Parallel Aware": true,
                  "Join Type": "Inner",
                  "Startup Cost": 47372.82,
                  "Total Cost": 250089.81,
                  "Plan Rows": 343758,
                  "Plan Width": 0,
                  "Actual Startup Time": 145.908,
                  "Actual Total Time": 747.124,
                  "Actual Rows": 700335,
                  "Actual Loops": 6,
                  "Inner Unique": true,
                  "Hash Cond": "(mi.movie_id = t.id)",
                  "Plans": [
                    {
                      "Node Type": "Seq Scan",
                      "Parent Relationship": "Outer",
                      "Parallel Aware": true,
                      "Relation Name": "movie_info",
                      "Alias": "mi",
                      "Startup Cost": 0.0,
                      "Total Cost": 198952.16,
                      "Plan Rows": 1434213,
                      "Plan Width": 4,
                      "Actual Startup Time": 0.027,
                      "Actual Total Time": 326.362,
                      "Actual Rows": 1214478,
                      "Actual Loops": 6,
                      "Filter": "(info_type_id < 8)",
                      "Rows Removed by Filter": 1258142
                    },
                    {
                      "Node Type": "Hash",
                      "Parent Relationship": "Inner",
                      "Parallel Aware": true,
                      "Startup Cost": 45479.1,
                      "Total Cost": 45479.1,
                      "Plan Rows": 151498,
                      "Plan Width": 4,
                      "Actual Startup Time": 140.511,
                      "Actual Total Time": 140.511,
                      "Actual Rows": 112615,
                      "Actual Loops": 6,
                      "Hash Buckets": 1048576,
                      "Original Hash Buckets": 1048576,
                      "Hash Batches": 1,
                      "Original Hash Batches": 1,
                      "Peak Memory Usage": 34752,
                      "Plans": [
                        {
                          "Node Type": "Seq Scan",
                          "Parent Relationship": "Outer",
                          "Parallel Aware": true,
                          "Relation Name": "title",
                          "Alias": "t",
                          "Startup Cost": 0.0,
                          "Total Cost": 45479.1,
                          "Plan Rows": 151498,
                          "Plan Width": 4,
                          "Actual Startup Time": 0.047,
                          "Actual Total Time": 87.906,
                          "Actual Rows": 112615,
                          "Actual Loops": 6,
                          "Filter": "((kind_id < 7) AND (production_year < 2007))",
                          "Rows Removed by Filter": 308770
                        }
                      ]
                    }
                  ]
                }
              ]
            }
          ]
        }
      ]
    },
    "Planning Time": 0.62,
    "Triggers": [],
    "Execution Time": 838.82
  }
]