{
    "Plan": {
        "Node Type": "Aggregate",
        "Strategy": "Plain",
        "Partial Mode": "Finalize",
        "Parallel Aware": false,
        "Startup Cost": 460496.11,
        "Total Cost": 460496.12,
        "Plan Rows": 1,
        "Plan Width": 8,
        "Actual Startup Time": 2289.769,
        "Actual Total Time": 2348.236,
        "Actual Rows": 1,
        "Actual Loops": 1,
        "Output": [
            "count(*)"
        ],
        "Plans": [
            {
                "Node Type": "Gather",
                "Parent Relationship": "Outer",
                "Parallel Aware": false,
                "Startup Cost": 460495.59,
                "Total Cost": 460496.1,
                "Plan Rows": 5,
                "Plan Width": 8,
                "Actual Startup Time": 2276.972,
                "Actual Total Time": 2348.225,
                "Actual Rows": 6,
                "Actual Loops": 1,
                "Output": [
                    "(PARTIAL count(*))"
                ],
                "Workers Planned": 5,
                "Workers Launched": 5,
                "Single Copy": false,
                "Plans": [
                    {
                        "Node Type": "Aggregate",
                        "Strategy": "Plain",
                        "Partial Mode": "Partial",
                        "Parent Relationship": "Outer",
                        "Parallel Aware": false,
                        "Startup Cost": 459495.59,
                        "Total Cost": 459495.6,
                        "Plan Rows": 1,
                        "Plan Width": 8,
                        "Actual Startup Time": 2261.622,
                        "Actual Total Time": 2262.086,
                        "Actual Rows": 1,
                        "Actual Loops": 6,
                        "Output": [
                            "PARTIAL count(*)"
                        ],
                        "Workers": [
                            {
                                "Worker Number": 0,
                                "Actual Startup Time": 2258.615,
                                "Actual Total Time": 2258.62,
                                "Actual Rows": 1,
                                "Actual Loops": 1
                            },
                            {
                                "Worker Number": 1,
                                "Actual Startup Time": 2257.468,
                                "Actual Total Time": 2257.473,
                                "Actual Rows": 1,
                                "Actual Loops": 1
                            },
                            {
                                "Worker Number": 2,
                                "Actual Startup Time": 2258.619,
                                "Actual Total Time": 2258.624,
                                "Actual Rows": 1,
                                "Actual Loops": 1
                            },
                            {
                                "Worker Number": 3,
                                "Actual Startup Time": 2258.621,
                                "Actual Total Time": 2258.626,
                                "Actual Rows": 1,
                                "Actual Loops": 1
                            },
                            {
                                "Worker Number": 4,
                                "Actual Startup Time": 2260.437,
                                "Actual Total Time": 2260.443,
                                "Actual Rows": 1,
                                "Actual Loops": 1
                            }
                        ],
                        "Plans": [
                            {
                                "Node Type": "Hash Join",
                                "Parent Relationship": "Outer",
                                "Parallel Aware": true,
                                "Join Type": "Inner",
                                "Startup Cost": 251432.84,
                                "Total Cost": 456199.65,
                                "Plan Rows": 1318376,
                                "Plan Width": 0,
                                "Actual Startup Time": 719.426,
                                "Actual Total Time": 2081.413,
                                "Actual Rows": 4427803,
                                "Actual Loops": 6,
                                "Inner Unique": false,
                                "Hash Cond": "(mi.movie_id = t.id)",
                                "Workers": [
                                    {
                                        "Worker Number": 0,
                                        "Actual Startup Time": 716.716,
                                        "Actual Total Time": 2078.508,
                                        "Actual Rows": 4660416,
                                        "Actual Loops": 1
                                    },
                                    {
                                        "Worker Number": 1,
                                        "Actual Startup Time": 715.584,
                                        "Actual Total Time": 2088.737,
                                        "Actual Rows": 4380630,
                                        "Actual Loops": 1
                                    },
                                    {
                                        "Worker Number": 2,
                                        "Actual Startup Time": 716.743,
                                        "Actual Total Time": 2066.708,
                                        "Actual Rows": 3536327,
                                        "Actual Loops": 1
                                    },
                                    {
                                        "Worker Number": 3,
                                        "Actual Startup Time": 716.659,
                                        "Actual Total Time": 2080.911,
                                        "Actual Rows": 4598360,
                                        "Actual Loops": 1
                                    },
                                    {
                                        "Worker Number": 4,
                                        "Actual Startup Time": 716.842,
                                        "Actual Total Time": 2090.502,
                                        "Actual Rows": 4432584,
                                        "Actual Loops": 1
                                    }
                                ],
                                "Plans": [
                                    {
                                        "Node Type": "Seq Scan",
                                        "Parent Relationship": "Outer",
                                        "Parallel Aware": true,
                                        "Relation Name": "movie_info",
                                        "Schema": "public",
                                        "Alias": "mi",
                                        "Startup Cost": 0.0,
                                        "Total Cost": 191503.19,
                                        "Plan Rows": 2951019,
                                        "Plan Width": 4,
                                        "Actual Startup Time": 0.033,
                                        "Actual Total Time": 293.286,
                                        "Actual Rows": 2472620,
                                        "Actual Loops": 6,
                                        "Output": [
                                            "mi.id",
                                            "mi.movie_id",
                                            "mi.info_type_id",
                                            "mi.info",
                                            "mi.note"
                                        ],
                                        "Workers": [
                                            {
                                                "Worker Number": 0,
                                                "Actual Startup Time": 0.035,
                                                "Actual Total Time": 296.726,
                                                "Actual Rows": 2573652,
                                                "Actual Loops": 1
                                            },
                                            {
                                                "Worker Number": 1,
                                                "Actual Startup Time": 0.034,
                                                "Actual Total Time": 310.002,
                                                "Actual Rows": 2376010,
                                                "Actual Loops": 1
                                            },
                                            {
                                                "Worker Number": 2,
                                                "Actual Startup Time": 0.042,
                                                "Actual Total Time": 316.115,
                                                "Actual Rows": 2059281,
                                                "Actual Loops": 1
                                            },
                                            {
                                                "Worker Number": 3,
                                                "Actual Startup Time": 0.03,
                                                "Actual Total Time": 301.106,
                                                "Actual Rows": 2569860,
                                                "Actual Loops": 1
                                            },
                                            {
                                                "Worker Number": 4,
                                                "Actual Startup Time": 0.044,
                                                "Actual Total Time": 304.949,
                                                "Actual Rows": 2418522,
                                                "Actual Loops": 1
                                            }
                                        ]
                                    },
                                    {
                                        "Node Type": "Hash",
                                        "Parent Relationship": "Inner",
                                        "Parallel Aware": true,
                                        "Startup Cost": 249079.64,
                                        "Total Cost": 249079.64,
                                        "Plan Rows": 188256,
                                        "Plan Width": 8,
                                        "Actual Startup Time": 712.31,
                                        "Actual Total Time": 712.772,
                                        "Actual Rows": 213935,
                                        "Actual Loops": 6,
                                        "Output": [
                                            "t.id",
                                            "ci.movie_id"
                                        ],
                                        "Hash Buckets": 2097152,
                                        "Original Hash Buckets": 2097152,
                                        "Hash Batches": 1,
                                        "Original Hash Batches": 1,
                                        "Peak Memory Usage": 66688,
                                        "Workers": [
                                            {
                                                "Worker Number": 0,
                                                "Actual Startup Time": 714.61,
                                                "Actual Total Time": 714.614,
                                                "Actual Rows": 221601,
                                                "Actual Loops": 1
                                            },
                                            {
                                                "Worker Number": 1,
                                                "Actual Startup Time": 713.321,
                                                "Actual Total Time": 713.324,
                                                "Actual Rows": 212695,
                                                "Actual Loops": 1
                                            },
                                            {
                                                "Worker Number": 2,
                                                "Actual Startup Time": 714.574,
                                                "Actual Total Time": 714.578,
                                                "Actual Rows": 165767,
                                                "Actual Loops": 1
                                            },
                                            {
                                                "Worker Number": 3,
                                                "Actual Startup Time": 714.485,
                                                "Actual Total Time": 714.489,
                                                "Actual Rows": 223001,
                                                "Actual Loops": 1
                                            },
                                            {
                                                "Worker Number": 4,
                                                "Actual Startup Time": 714.742,
                                                "Actual Total Time": 714.746,
                                                "Actual Rows": 214164,
                                                "Actual Loops": 1
                                            }
                                        ],
                                        "Plans": [
                                            {
                                                "Node Type": "Hash Join",
                                                "Parent Relationship": "Outer",
                                                "Parallel Aware": true,
                                                "Join Type": "Inner",
                                                "Startup Cost": 47010.46,
                                                "Total Cost": 249079.64,
                                                "Plan Rows": 188256,
                                                "Plan Width": 8,
                                                "Actual Startup Time": 283.06,
                                                "Actual Total Time": 619.97,
                                                "Actual Rows": 213935,
                                                "Actual Loops": 6,
                                                "Output": [
                                                    "t.id",
                                                    "ci.movie_id"
                                                ],
                                                "Inner Unique": true,
                                                "Hash Cond": "(ci.movie_id = t.id)",
                                                "Workers": [
                                                    {
                                                        "Worker Number": 0,
                                                        "Actual Startup Time": 283.936,
                                                        "Actual Total Time": 620.849,
                                                        "Actual Rows": 221601,
                                                        "Actual Loops": 1
                                                    },
                                                    {
                                                        "Worker Number": 1,
                                                        "Actual Startup Time": 282.776,
                                                        "Actual Total Time": 618.298,
                                                        "Actual Rows": 212695,
                                                        "Actual Loops": 1
                                                    },
                                                    {
                                                        "Worker Number": 2,
                                                        "Actual Startup Time": 282.917,
                                                        "Actual Total Time": 621.411,
                                                        "Actual Rows": 165767,
                                                        "Actual Loops": 1
                                                    },
                                                    {
                                                        "Worker Number": 3,
                                                        "Actual Startup Time": 282.896,
                                                        "Actual Total Time": 621.681,
                                                        "Actual Rows": 223001,
                                                        "Actual Loops": 1
                                                    },
                                                    {
                                                        "Worker Number": 4,
                                                        "Actual Startup Time": 282.842,
                                                        "Actual Total Time": 618.322,
                                                        "Actual Rows": 214164,
                                                        "Actual Loops": 1
                                                    }
                                                ],
                                                "Plans": [
                                                    {
                                                        "Node Type": "Index Scan",
                                                        "Parent Relationship": "Outer",
                                                        "Parallel Aware": true,
                                                        "Scan Direction": "Forward",
                                                        "Index Name": "role_id_cast_info",
                                                        "Relation Name": "cast_info",
                                                        "Schema": "public",
                                                        "Alias": "ci",
                                                        "Startup Cost": 0.56,
                                                        "Total Cost": 200814.65,
                                                        "Plan Rows": 478130,
                                                        "Plan Width": 4,
                                                        "Actual Startup Time": 132.483,
                                                        "Actual Total Time": 260.289,
                                                        "Actual Rows": 560702,
                                                        "Actual Loops": 6,
                                                        "Output": [
                                                            "ci.id",
                                                            "ci.person_id",
                                                            "ci.movie_id",
                                                            "ci.person_role_id",
                                                            "ci.note",
                                                            "ci.nr_order",
                                                            "ci.role_id"
                                                        ],
                                                        "Index Cond": "(ci.role_id = 2)",
                                                        "Rows Removed by Index Recheck": 0,
                                                        "Filter": "(ci.person_id > 2267184)",
                                                        "Rows Removed by Filter": 681293,
                                                        "Workers": [
                                                            {
                                                                "Worker Number": 0,
                                                                "Actual Startup Time": 132.538,
                                                                "Actual Total Time": 262.317,
                                                                "Actual Rows": 591757,
                                                                "Actual Loops": 1
                                                            },
                                                            {
                                                                "Worker Number": 1,
                                                                "Actual Startup Time": 132.461,
                                                                "Actual Total Time": 258.685,
                                                                "Actual Rows": 556442,
                                                                "Actual Loops": 1
                                                            },
                                                            {
                                                                "Worker Number": 2,
                                                                "Actual Startup Time": 132.54,
                                                                "Actual Total Time": 274.85,
                                                                "Actual Rows": 425038,
                                                                "Actual Loops": 1
                                                            },
                                                            {
                                                                "Worker Number": 3,
                                                                "Actual Startup Time": 132.39,
                                                                "Actual Total Time": 261.453,
                                                                "Actual Rows": 585717,
                                                                "Actual Loops": 1
                                                            },
                                                            {
                                                                "Worker Number": 4,
                                                                "Actual Startup Time": 132.486,
                                                                "Actual Total Time": 260.073,
                                                                "Actual Rows": 563506,
                                                                "Actual Loops": 1
                                                            }
                                                        ]
                                                    },
                                                    {
                                                        "Node Type": "Hash",
                                                        "Parent Relationship": "Inner",
                                                        "Parallel Aware": true,
                                                        "Startup Cost": 43899.01,
                                                        "Total Cost": 43899.01,
                                                        "Plan Rows": 248871,
                                                        "Plan Width": 4,
                                                        "Actual Startup Time": 148.991,
                                                        "Actual Total Time": 148.992,
                                                        "Actual Rows": 164175,
                                                        "Actual Loops": 6,
                                                        "Output": [
                                                            "t.id"
                                                        ],
                                                        "Hash Buckets": 1048576,
                                                        "Original Hash Buckets": 1048576,
                                                        "Hash Batches": 1,
                                                        "Original Hash Batches": 1,
                                                        "Peak Memory Usage": 46816,
                                                        "Workers": [
                                                            {
                                                                "Worker Number": 0,
                                                                "Actual Startup Time": 150.267,
                                                                "Actual Total Time": 150.268,
                                                                "Actual Rows": 168986,
                                                                "Actual Loops": 1
                                                            },
                                                            {
                                                                "Worker Number": 1,
                                                                "Actual Startup Time": 150.223,
                                                                "Actual Total Time": 150.224,
                                                                "Actual Rows": 154026,
                                                                "Actual Loops": 1
                                                            },
                                                            {
                                                                "Worker Number": 2,
                                                                "Actual Startup Time": 150.262,
                                                                "Actual Total Time": 150.263,
                                                                "Actual Rows": 123061,
                                                                "Actual Loops": 1
                                                            },
                                                            {
                                                                "Worker Number": 3,
                                                                "Actual Startup Time": 150.276,
                                                                "Actual Total Time": 150.277,
                                                                "Actual Rows": 170969,
                                                                "Actual Loops": 1
                                                            },
                                                            {
                                                                "Worker Number": 4,
                                                                "Actual Startup Time": 150.266,
                                                                "Actual Total Time": 150.267,
                                                                "Actual Rows": 156987,
                                                                "Actual Loops": 1
                                                            }
                                                        ],
                                                        "Plans": [
                                                            {
                                                                "Node Type": "Seq Scan",
                                                                "Parent Relationship": "Outer",
                                                                "Parallel Aware": true,
                                                                "Relation Name": "title",
                                                                "Schema": "public",
                                                                "Alias": "t",
                                                                "Startup Cost": 0.0,
                                                                "Total Cost": 43899.01,
                                                                "Plan Rows": 248871,
                                                                "Plan Width": 4,
                                                                "Actual Startup Time": 0.065,
                                                                "Actual Total Time": 81.41,
                                                                "Actual Rows": 164175,
                                                                "Actual Loops": 6,
                                                                "Output": [
                                                                    "t.id"
                                                                ],
                                                                "Filter": "(t.kind_id < 7)",
                                                                "Rows Removed by Filter": 257211,
                                                                "Workers": [
                                                                    {
                                                                        "Worker Number": 0,
                                                                        "Actual Startup Time": 0.08,
                                                                        "Actual Total Time": 82.793,
                                                                        "Actual Rows": 168986,
                                                                        "Actual Loops": 1
                                                                    },
                                                                    {
                                                                        "Worker Number": 1,
                                                                        "Actual Startup Time": 0.079,
                                                                        "Actual Total Time": 80.846,
                                                                        "Actual Rows": 154026,
                                                                        "Actual Loops": 1
                                                                    },
                                                                    {
                                                                        "Worker Number": 2,
                                                                        "Actual Startup Time": 0.07,
                                                                        "Actual Total Time": 83.823,
                                                                        "Actual Rows": 123061,
                                                                        "Actual Loops": 1
                                                                    },
                                                                    {
                                                                        "Worker Number": 3,
                                                                        "Actual Startup Time": 0.075,
                                                                        "Actual Total Time": 82.292,
                                                                        "Actual Rows": 170969,
                                                                        "Actual Loops": 1
                                                                    },
                                                                    {
                                                                        "Worker Number": 4,
                                                                        "Actual Startup Time": 0.07,
                                                                        "Actual Total Time": 80.979,
                                                                        "Actual Rows": 156987,
                                                                        "Actual Loops": 1
                                                                    }
                                                                ]
                                                            }
                                                        ]
                                                    }
                                                ]
                                            }
                                        ]
                                    }
                                ]
                            }
                        ]
                    }
                ]
            }
        ]
    },
    "Planning Time": 1.486,
    "Triggers": [],
    "Execution Time": 2348.347
}