[
  {
    "Plan": {
      "Node Type": "Aggregate",
      "Strategy": "Plain",
      "Partial Mode": "Finalize",
      "Parallel Aware": false,
      "Startup Cost": 46704.54,
      "Total Cost": 46704.55,
      "Plan Rows": 1,
      "Plan Width": 8,
      "Actual Startup Time": 174.769,
      "Actual Total Time": 184.833,
      "Actual Rows": 1,
      "Actual Loops": 1,
      "Plans": [
        {
          "Node Type": "Gather",
          "Parent Relationship": "Outer",
          "Parallel Aware": false,
          "Startup Cost": 46704.22,
          "Total Cost": 46704.53,
          "Plan Rows": 3,
          "Plan Width": 8,
          "Actual Startup Time": 174.651,
          "Actual Total Time": 184.824,
          "Actual Rows": 4,
          "Actual Loops": 1,
          "Workers Planned": 3,
          "Workers Launched": 3,
          "Single Copy": false,
          "Plans": [
            {
              "Node Type": "Aggregate",
              "Strategy": "Plain",
              "Partial Mode": "Partial",
              "Parent Relationship": "Outer",
              "Parallel Aware": false,
              "Startup Cost": 45704.22,
              "Total Cost": 45704.23,
              "Plan Rows": 1,
              "Plan Width": 8,
              "Actual Startup Time": 165.68,
              "Actual Total Time": 165.682,
              "Actual Rows": 1,
              "Actual Loops": 4,
              "Plans": [
                {
                  "Node Type": "Seq Scan",
                  "Parent Relationship": "Outer",
                  "Parallel Aware": true,
                  "Relation Name": "movie_keyword",
                  "Alias": "mk",
                  "Startup Cost": 0.0,
                  "Total Cost": 42695.65,
                  "Plan Rows": 1203428,
                  "Plan Width": 0,
                  "Actual Startup Time": 0.148,
                  "Actual Total Time": 124.176,
                  "Actual Rows": 930023,
                  "Actual Loops": 4,
                  "Filter": "(keyword_id > 777)",
                  "Rows Removed by Filter": 200960
                }
              ]
            }
          ]
        }
      ]
    },
    "Planning Time": 0.186,
    "Triggers": [],
    "Execution Time": 184.892
  }
]