[
  {
    "Plan": {
      "Node Type": "Aggregate",
      "Strategy": "Plain",
      "Partial Mode": "Finalize",
      "Parallel Aware": false,
      "Startup Cost": 472645.33,
      "Total Cost": 472645.34,
      "Plan Rows": 1,
      "Plan Width": 8,
      "Actual Startup Time": 3603.054,
      "Actual Total Time": 3662.468,
      "Actual Rows": 1,
      "Actual Loops": 1,
      "Plans": [
        {
          "Node Type": "Gather",
          "Parent Relationship": "Outer",
          "Parallel Aware": false,
          "Startup Cost": 472644.71,
          "Total Cost": 472645.32,
          "Plan Rows": 6,
          "Plan Width": 8,
          "Actual Startup Time": 3560.483,
          "Actual Total Time": 3662.456,
          "Actual Rows": 7,
          "Actual Loops": 1,
          "Workers Planned": 6,
          "Workers Launched": 6,
          "Single Copy": false,
          "Plans": [
            {
              "Node Type": "Aggregate",
              "Strategy": "Plain",
              "Partial Mode": "Partial",
              "Parent Relationship": "Outer",
              "Parallel Aware": false,
              "Startup Cost": 471644.71,
              "Total Cost": 471644.72,
              "Plan Rows": 1,
              "Plan Width": 8,
              "Actual Startup Time": 3536.138,
              "Actual Total Time": 3536.149,
              "Actual Rows": 1,
              "Actual Loops": 7,
              "Plans": [
                {
                  "Node Type": "Hash Join",
                  "Parent Relationship": "Outer",
                  "Parallel Aware": true,
                  "Join Type": "Inner",
                  "Startup Cost": 107118.0,
                  "Total Cost": 461538.22,
                  "Plan Rows": 4042593,
                  "Plan Width": 0,
                  "Actual Startup Time": 803.737,
                  "Actual Total Time": 3025.892,
                  "Actual Rows": 11100782,
                  "Actual Loops": 7,
                  "Inner Unique": false,
                  "Hash Cond": "(ci.movie_id = t.id)",
                  "Plans": [
                    {
                      "Node Type": "Seq Scan",
                      "Parent Relationship": "Outer",
                      "Parallel Aware": true,
                      "Relation Name": "cast_info",
                      "Alias": "ci",
                      "Startup Cost": 0.0,
                      "Total Cost": 328211.39,
                      "Plan Rows": 3511520,
                      "Plan Width": 4,
                      "Actual Startup Time": 165.651,
                      "Actual Total Time": 644.76,
                      "Actual Rows": 2989264,
                      "Actual Loops": 7,
                      "Filter": "(person_id > 1509117)",
                      "Rows Removed by Filter": 2188499
                    },
                    {
                      "Node Type": "Hash",
                      "Parent Relationship": "Inner",
                      "Parallel Aware": true,
                      "Startup Cost": 95380.84,
                      "Total Cost": 95380.84,
                      "Plan Rows": 938973,
                      "Plan Width": 8,
                      "Actual Startup Time": 631.13,
                      "Actual Total Time": 631.139,
                      "Actual Rows": 417325,
                      "Actual Loops": 7,
                      "Hash Buckets": 4194304,
                      "Original Hash Buckets": 4194304,
                      "Hash Batches": 1,
                      "Original Hash Batches": 1,
                      "Peak Memory Usage": 147136,
                      "Plans": [
                        {
                          "Node Type": "Hash Join",
                          "Parent Relationship": "Outer",
                          "Parallel Aware": true,
                          "Join Type": "Inner",
                          "Startup Cost": 50220.38,
                          "Total Cost": 95380.84,
                          "Plan Rows": 938973,
                          "Plan Width": 8,
                          "Actual Startup Time": 282.498,
                          "Actual Total Time": 471.33,
                          "Actual Rows": 417325,
                          "Actual Loops": 7,
                          "Inner Unique": true,
                          "Hash Cond": "(mk.movie_id = t.id)",
                          "Plans": [
                            {
                              "Node Type": "Seq Scan",
                              "Parent Relationship": "Outer",
                              "Parallel Aware": true,
                              "Relation Name": "movie_keyword",
                              "Alias": "mk",
                              "Startup Cost": 0.0,
                              "Total Cost": 42695.65,
                              "Plan Rows": 938973,
                              "Plan Width": 4,
                              "Actual Startup Time": 0.042,
                              "Actual Total Time": 87.017,
                              "Actual Rows": 417325,
                              "Actual Loops": 7,
                              "Filter": "(keyword_id < 9539)",
                              "Rows Removed by Filter": 228951
                            },
                            {
                              "Node Type": "Hash",
                              "Parent Relationship": "Inner",
                              "Parallel Aware": true,
                              "Startup Cost": 42319.06,
                              "Total Cost": 42319.06,
                              "Plan Rows": 632106,
                              "Plan Width": 4,
                              "Actual Startup Time": 278.324,
                              "Actual Total Time": 278.327,
                              "Actual Rows": 361187,
                              "Actual Loops": 7,
                              "Hash Buckets": 4194304,
                              "Original Hash Buckets": 4194304,
                              "Hash Batches": 1,
                              "Original Hash Batches": 1,
                              "Peak Memory Usage": 131808,
                              "Plans": [
                                {
                                  "Node Type": "Seq Scan",
                                  "Parent Relationship": "Outer",
                                  "Parallel Aware": true,
                                  "Relation Name": "title",
                                  "Alias": "t",
                                  "Startup Cost": 0.0,
                                  "Total Cost": 42319.06,
                                  "Plan Rows": 632106,
                                  "Plan Width": 4,
                                  "Actual Startup Time": 0.064,
                                  "Actual Total Time": 79.545,
                                  "Actual Rows": 361187,
                                  "Actual Loops": 7
                                }
                              ]
                            }
                          ]
                        }
                      ]
                    }
                  ]
                }
              ]
            }
          ]
        }
      ]
    },
    "Planning Time": 1.286,
    "Triggers": [],
    "Execution Time": 3662.561
  }
]