{
  "Plan": {
    "Node Type": "Aggregate",
    "Strategy": "Plain",
    "Partial Mode": "Finalize",
    "Parallel Aware": false,
    "Startup Cost": 106336.99,
    "Total Cost": 106337.0,
    "Plan Rows": 1,
    "Plan Width": 8,
    "Actual Startup Time": 441.088,
    "Actual Total Time": 457.564,
    "Actual Rows": 1,
    "Actual Loops": 1,
    "Plans": [
      {
        "Node Type": "Gather",
        "Parent Relationship": "Outer",
        "Parallel Aware": false,
        "Startup Cost": 106336.88,
        "Total Cost": 106336.99,
        "Plan Rows": 1,
        "Plan Width": 8,
        "Actual Startup Time": 439.195,
        "Actual Total Time": 457.555,
        "Actual Rows": 2,
        "Actual Loops": 1,
        "Workers Planned": 1,
        "Workers Launched": 1,
        "Single Copy": false,
        "Plans": [
          {
            "Node Type": "Aggregate",
            "Strategy": "Plain",
            "Partial Mode": "Partial",
            "Parent Relationship": "Outer",
            "Parallel Aware": false,
            "Startup Cost": 105336.88,
            "Total Cost": 105336.89,
            "Plan Rows": 1,
            "Plan Width": 8,
            "Actual Startup Time": 433.271,
            "Actual Total Time": 433.276,
            "Actual Rows": 1,
            "Actual Loops": 2,
            "Plans": [
              {
                "Node Type": "Hash Join",
                "Parent Relationship": "Outer",
                "Parallel Aware": true,
                "Join Type": "Inner",
                "Startup Cost": 62412.75,
                "Total Cost": 105102.23,
                "Plan Rows": 93859,
                "Plan Width": 0,
                "Actual Startup Time": 280.557,
                "Actual Total Time": 433.229,
                "Actual Rows": 546,
                "Actual Loops": 2,
                "Inner Unique": true,
                "Hash Cond": "(mc.movie_id = t.id)",
                "Plans": [
                  {
                    "Node Type": "Index Scan",
                    "Parent Relationship": "Outer",
                    "Parallel Aware": true,
                    "Scan Direction": "Forward",
                    "Index Name": "company_type_id_movie_companies",
                    "Relation Name": "movie_companies",
                    "Alias": "mc",
                    "Startup Cost": 0.43,
                    "Total Cost": 41574.35,
                    "Plan Rows": 424975,
                    "Plan Width": 4,
                    "Actual Startup Time": 20.072,
                    "Actual Total Time": 119.154,
                    "Actual Rows": 252558,
                    "Actual Loops": 2,
                    "Index Cond": "(company_type_id = 1)",
                    "Rows Removed by Index Recheck": 0,
                    "Filter": "(company_id > 8579)",
                    "Rows Removed by Filter": 384564
                  },
                  {
                    "Node Type": "Hash",
                    "Parent Relationship": "Inner",
                    "Parallel Aware": true,
                    "Startup Cost": 58306.47,
                    "Total Cost": 58306.47,
                    "Plan Rows": 328468,
                    "Plan Width": 4,
                    "Actual Startup Time": 251.418,
                    "Actual Total Time": 251.42,
                    "Actual Rows": 227117,
                    "Actual Loops": 2,
                    "Hash Buckets": 1048576,
                    "Original Hash Buckets": 1048576,
                    "Hash Batches": 1,
                    "Original Hash Batches": 1,
                    "Peak Memory Usage": 25984,
                    "Plans": [
                      {
                        "Node Type": "Seq Scan",
                        "Parent Relationship": "Outer",
                        "Parallel Aware": true,
                        "Relation Name": "title",
                        "Alias": "t",
                        "Startup Cost": 0.0,
                        "Total Cost": 58306.47,
                        "Plan Rows": 328468,
                        "Plan Width": 4,
                        "Actual Startup Time": 0.036,
                        "Actual Total Time": 171.841,
                        "Actual Rows": 227117,
                        "Actual Loops": 2,
                        "Filter": "((production_year < 1998) AND (kind_id = 7))",
                        "Rows Removed by Filter": 1037039
                      }
                    ]
                  }
                ]
              }
            ]
          }
        ]
      }
    ]
  },
  "Planning Time": 0.664,
  "Triggers": [],
  "Execution Time": 457.641
}