{
  "Plan": {
    "Node Type": "Aggregate",
    "Strategy": "Plain",
    "Partial Mode": "Finalize",
    "Parallel Aware": false,
    "Startup Cost": 109095.13,
    "Total Cost": 109095.14,
    "Plan Rows": 1,
    "Plan Width": 8,
    "Actual Startup Time": 691.078,
    "Actual Total Time": 706.453,
    "Actual Rows": 1,
    "Actual Loops": 1,
    "Plans": [
      {
        "Node Type": "Gather",
        "Parent Relationship": "Outer",
        "Parallel Aware": false,
        "Startup Cost": 109095.02,
        "Total Cost": 109095.13,
        "Plan Rows": 1,
        "Plan Width": 8,
        "Actual Startup Time": 689.372,
        "Actual Total Time": 706.446,
        "Actual Rows": 2,
        "Actual Loops": 1,
        "Workers Planned": 1,
        "Workers Launched": 1,
        "Single Copy": false,
        "Plans": [
          {
            "Node Type": "Aggregate",
            "Strategy": "Plain",
            "Partial Mode": "Partial",
            "Parent Relationship": "Outer",
            "Parallel Aware": false,
            "Startup Cost": 108095.02,
            "Total Cost": 108095.03,
            "Plan Rows": 1,
            "Plan Width": 8,
            "Actual Startup Time": 683.718,
            "Actual Total Time": 683.722,
            "Actual Rows": 1,
            "Actual Loops": 2,
            "Plans": [
              {
                "Node Type": "Hash Join",
                "Parent Relationship": "Outer",
                "Parallel Aware": true,
                "Join Type": "Inner",
                "Startup Cost": 43933.6,
                "Total Cost": 106903.25,
                "Plan Rows": 476706,
                "Plan Width": 0,
                "Actual Startup Time": 217.641,
                "Actual Total Time": 666.857,
                "Actual Rows": 412696,
                "Actual Loops": 2,
                "Inner Unique": false,
                "Hash Cond": "(t.id = mc.movie_id)",
                "Plans": [
                  {
                    "Node Type": "Seq Scan",
                    "Parent Relationship": "Outer",
                    "Parallel Aware": true,
                    "Relation Name": "title",
                    "Alias": "t",
                    "Startup Cost": 0.0,
                    "Total Cost": 50870.31,
                    "Plan Rows": 1487231,
                    "Plan Width": 4,
                    "Actual Startup Time": 0.009,
                    "Actual Total Time": 115.733,
                    "Actual Rows": 1264156,
                    "Actual Loops": 2
                  },
                  {
                    "Node Type": "Hash",
                    "Parent Relationship": "Inner",
                    "Parallel Aware": true,
                    "Startup Cost": 37974.77,
                    "Total Cost": 37974.77,
                    "Plan Rows": 476706,
                    "Plan Width": 4,
                    "Actual Startup Time": 208.722,
                    "Actual Total Time": 208.723,
                    "Actual Rows": 412696,
                    "Actual Loops": 2,
                    "Hash Buckets": 1048576,
                    "Original Hash Buckets": 1048576,
                    "Hash Batches": 1,
                    "Original Hash Batches": 1,
                    "Peak Memory Usage": 40512,
                    "Plans": [
                      {
                        "Node Type": "Seq Scan",
                        "Parent Relationship": "Outer",
                        "Parallel Aware": true,
                        "Relation Name": "movie_companies",
                        "Alias": "mc",
                        "Startup Cost": 0.0,
                        "Total Cost": 37974.77,
                        "Plan Rows": 476706,
                        "Plan Width": 4,
                        "Actual Startup Time": 32.316,
                        "Actual Total Time": 123.622,
                        "Actual Rows": 412696,
                        "Actual Loops": 2,
                        "Filter": "(company_id > 27910)",
                        "Rows Removed by Filter": 891868
                      }
                    ]
                  }
                ]
              }
            ]
          }
        ]
      }
    ]
  },
  "Planning Time": 0.722,
  "Triggers": [],
  "Execution Time": 706.521
}