[
  {
    "Plan": {
      "Node Type": "Aggregate",
      "Strategy": "Plain",
      "Partial Mode": "Finalize",
      "Parallel Aware": false,
      "Startup Cost": 25420.1,
      "Total Cost": 25420.11,
      "Plan Rows": 1,
      "Plan Width": 8,
      "Actual Startup Time": 51.282,
      "Actual Total Time": 55.353,
      "Actual Rows": 1,
      "Actual Loops": 1,
      "Plans": [
        {
          "Node Type": "Gather",
          "Parent Relationship": "Outer",
          "Parallel Aware": false,
          "Startup Cost": 25419.78,
          "Total Cost": 25420.09,
          "Plan Rows": 3,
          "Plan Width": 8,
          "Actual Startup Time": 51.124,
          "Actual Total Time": 55.346,
          "Actual Rows": 4,
          "Actual Loops": 1,
          "Workers Planned": 3,
          "Workers Launched": 3,
          "Single Copy": false,
          "Plans": [
            {
              "Node Type": "Aggregate",
              "Strategy": "Plain",
              "Partial Mode": "Partial",
              "Parent Relationship": "Outer",
              "Parallel Aware": false,
              "Startup Cost": 24419.78,
              "Total Cost": 24419.79,
              "Plan Rows": 1,
              "Plan Width": 8,
              "Actual Startup Time": 45.609,
              "Actual Total Time": 45.61,
              "Actual Rows": 1,
              "Actual Loops": 4,
              "Plans": [
                {
                  "Node Type": "Bitmap Heap Scan",
                  "Parent Relationship": "Outer",
                  "Parallel Aware": true,
                  "Relation Name": "movie_companies",
                  "Alias": "mc",
                  "Startup Cost": 4526.76,
                  "Total Cost": 24333.2,
                  "Plan Rows": 34631,
                  "Plan Width": 0,
                  "Actual Startup Time": 15.318,
                  "Actual Total Time": 41.635,
                  "Actual Rows": 51679,
                  "Actual Loops": 4,
                  "Recheck Cond": "(company_id > 111507)",
                  "Rows Removed by Index Recheck": 0,
                  "Filter": "(company_type_id = 2)",
                  "Rows Removed by Filter": 0,
                  "Exact Heap Blocks": 1712,
                  "Lossy Heap Blocks": 0,
                  "Plans": [
                    {
                      "Node Type": "Bitmap Index Scan",
                      "Parent Relationship": "Outer",
                      "Parallel Aware": false,
                      "Index Name": "company_id_movie_companies",
                      "Startup Cost": 0.0,
                      "Total Cost": 4499.92,
                      "Plan Rows": 210065,
                      "Plan Width": 0,
                      "Actual Startup Time": 19.367,
                      "Actual Total Time": 19.367,
                      "Actual Rows": 206715,
                      "Actual Loops": 1,
                      "Index Cond": "(company_id > 111507)"
                    }
                  ]
                }
              ]
            }
          ]
        }
      ]
    },
    "Planning Time": 0.15,
    "Triggers": [],
    "Execution Time": 55.412
  }
]