{
  "Plan": {
    "Node Type": "Aggregate",
    "Strategy": "Plain",
    "Partial Mode": "Finalize",
    "Parallel Aware": false,
    "Startup Cost": 465769.54,
    "Total Cost": 465769.55,
    "Plan Rows": 1,
    "Plan Width": 8,
    "Actual Startup Time": 1846.975,
    "Actual Total Time": 1875.95,
    "Actual Rows": 1,
    "Actual Loops": 1,
    "Plans": [
      {
        "Node Type": "Gather",
        "Parent Relationship": "Outer",
        "Parallel Aware": false,
        "Startup Cost": 465769.43,
        "Total Cost": 465769.54,
        "Plan Rows": 1,
        "Plan Width": 8,
        "Actual Startup Time": 1846.328,
        "Actual Total Time": 1875.942,
        "Actual Rows": 2,
        "Actual Loops": 1,
        "Workers Planned": 1,
        "Workers Launched": 1,
        "Single Copy": false,
        "Plans": [
          {
            "Node Type": "Aggregate",
            "Strategy": "Plain",
            "Partial Mode": "Partial",
            "Parent Relationship": "Outer",
            "Parallel Aware": false,
            "Startup Cost": 464769.43,
            "Total Cost": 464769.44,
            "Plan Rows": 1,
            "Plan Width": 8,
            "Actual Startup Time": 1840.507,
            "Actual Total Time": 1840.511,
            "Actual Rows": 1,
            "Actual Loops": 2,
            "Plans": [
              {
                "Node Type": "Hash Join",
                "Parent Relationship": "Outer",
                "Parallel Aware": true,
                "Join Type": "Inner",
                "Startup Cost": 56279.0,
                "Total Cost": 464170.75,
                "Plan Rows": 239469,
                "Plan Width": 0,
                "Actual Startup Time": 167.654,
                "Actual Total Time": 1823.473,
                "Actual Rows": 382908,
                "Actual Loops": 2,
                "Inner Unique": true,
                "Hash Cond": "(ci.movie_id = t.id)",
                "Plans": [
                  {
                    "Node Type": "Index Scan",
                    "Parent Relationship": "Outer",
                    "Parallel Aware": true,
                    "Scan Direction": "Forward",
                    "Index Name": "role_id_cast_info",
                    "Relation Name": "cast_info",
                    "Alias": "ci",
                    "Startup Cost": 0.56,
                    "Total Cost": 400977.7,
                    "Plan Rows": 2634134,
                    "Plan Width": 4,
                    "Actual Startup Time": 0.177,
                    "Actual Total Time": 925.359,
                    "Actual Rows": 4698664,
                    "Actual Loops": 2,
                    "Index Cond": "(role_id = 1)",
                    "Rows Removed by Index Recheck": 0,
                    "Filter": "(person_id < 1283933)",
                    "Rows Removed by Filter": 1636680
                  },
                  {
                    "Node Type": "Hash",
                    "Parent Relationship": "Inner",
                    "Parallel Aware": true,
                    "Startup Cost": 54588.39,
                    "Total Cost": 54588.39,
                    "Plan Rows": 135204,
                    "Plan Width": 4,
                    "Actual Startup Time": 163.982,
                    "Actual Total Time": 163.983,
                    "Actual Rows": 115824,
                    "Actual Loops": 2,
                    "Hash Buckets": 262144,
                    "Original Hash Buckets": 262144,
                    "Hash Batches": 1,
                    "Original Hash Batches": 1,
                    "Peak Memory Usage": 11136,
                    "Plans": [
                      {
                        "Node Type": "Seq Scan",
                        "Parent Relationship": "Outer",
                        "Parallel Aware": true,
                        "Relation Name": "title",
                        "Alias": "t",
                        "Startup Cost": 0.0,
                        "Total Cost": 54588.39,
                        "Plan Rows": 135204,
                        "Plan Width": 4,
                        "Actual Startup Time": 0.036,
                        "Actual Total Time": 133.862,
                        "Actual Rows": 115824,
                        "Actual Loops": 2,
                        "Filter": "(production_year > 2011)",
                        "Rows Removed by Filter": 1148332
                      }
                    ]
                  }
                ]
              }
            ]
          }
        ]
      }
    ]
  },
  "Planning Time": 0.614,
  "Triggers": [],
  "Execution Time": 1876.031
}