[
  {
    "Plan": {
      "Node Type": "Aggregate",
      "Strategy": "Plain",
      "Partial Mode": "Finalize",
      "Parallel Aware": false,
      "Startup Cost": 249694.59,
      "Total Cost": 249694.6,
      "Plan Rows": 1,
      "Plan Width": 8,
      "Actual Startup Time": 1006.487,
      "Actual Total Time": 1048.927,
      "Actual Rows": 1,
      "Actual Loops": 1,
      "Plans": [
        {
          "Node Type": "Gather",
          "Parent Relationship": "Outer",
          "Parallel Aware": false,
          "Startup Cost": 249694.07,
          "Total Cost": 249694.58,
          "Plan Rows": 5,
          "Plan Width": 8,
          "Actual Startup Time": 1003.022,
          "Actual Total Time": 1048.916,
          "Actual Rows": 6,
          "Actual Loops": 1,
          "Workers Planned": 5,
          "Workers Launched": 5,
          "Single Copy": false,
          "Plans": [
            {
              "Node Type": "Aggregate",
              "Strategy": "Plain",
              "Partial Mode": "Partial",
              "Parent Relationship": "Outer",
              "Parallel Aware": false,
              "Startup Cost": 248694.07,
              "Total Cost": 248694.08,
              "Plan Rows": 1,
              "Plan Width": 8,
              "Actual Startup Time": 992.982,
              "Actual Total Time": 992.986,
              "Actual Rows": 1,
              "Actual Loops": 6,
              "Plans": [
                {
                  "Node Type": "Hash Join",
                  "Parent Relationship": "Outer",
                  "Parallel Aware": true,
                  "Join Type": "Inner",
                  "Startup Cost": 47490.5,
                  "Total Cost": 246812.26,
                  "Plan Rows": 752722,
                  "Plan Width": 0,
                  "Actual Startup Time": 150.228,
                  "Actual Total Time": 936.606,
                  "Actual Rows": 1375397,
                  "Actual Loops": 6,
                  "Inner Unique": true,
                  "Hash Cond": "(mi.movie_id = t.id)",
                  "Plans": [
                    {
                      "Node Type": "Seq Scan",
                      "Parent Relationship": "Outer",
                      "Parallel Aware": true,
                      "Relation Name": "movie_info",
                      "Alias": "mi",
                      "Startup Cost": 0.0,
                      "Total Cost": 191560.33,
                      "Plan Rows": 2956733,
                      "Plan Width": 4,
                      "Actual Startup Time": 0.028,
                      "Actual Total Time": 283.525,
                      "Actual Rows": 2472620,
                      "Actual Loops": 6
                    },
                    {
                      "Node Type": "Hash",
                      "Parent Relationship": "Inner",
                      "Parallel Aware": true,
                      "Startup Cost": 45479.1,
                      "Total Cost": 45479.1,
                      "Plan Rows": 160912,
                      "Plan Width": 4,
                      "Actual Startup Time": 130.142,
                      "Actual Total Time": 130.142,
                      "Actual Rows": 108849,
                      "Actual Loops": 6,
                      "Hash Buckets": 1048576,
                      "Original Hash Buckets": 1048576,
                      "Hash Batches": 1,
                      "Original Hash Batches": 1,
                      "Peak Memory Usage": 33888,
                      "Plans": [
                        {
                          "Node Type": "Seq Scan",
                          "Parent Relationship": "Outer",
                          "Parallel Aware": true,
                          "Relation Name": "title",
                          "Alias": "t",
                          "Startup Cost": 0.0,
                          "Total Cost": 45479.1,
                          "Plan Rows": 160912,
                          "Plan Width": 4,
                          "Actual Startup Time": 46.778,
                          "Actual Total Time": 86.845,
                          "Actual Rows": 108849,
                          "Actual Loops": 6,
                          "Filter": "((production_year < 2014) AND (kind_id = 1))",
                          "Rows Removed by Filter": 312536
                        }
                      ]
                    }
                  ]
                }
              ]
            }
          ]
        }
      ]
    },
    "Planning Time": 0.617,
    "Triggers": [],
    "Execution Time": 1049.004
  }
]