[
  {
    "Plan": {
      "Node Type": "Aggregate",
      "Strategy": "Plain",
      "Partial Mode": "Finalize",
      "Parallel Aware": false,
      "Startup Cost": 132774.06,
      "Total Cost": 132774.07,
      "Plan Rows": 1,
      "Plan Width": 8,
      "Actual Startup Time": 763.885,
      "Actual Total Time": 782.584,
      "Actual Rows": 1,
      "Actual Loops": 1,
      "Plans": [
        {
          "Node Type": "Gather",
          "Parent Relationship": "Outer",
          "Parallel Aware": false,
          "Startup Cost": 132773.74,
          "Total Cost": 132774.05,
          "Plan Rows": 3,
          "Plan Width": 8,
          "Actual Startup Time": 759.19,
          "Actual Total Time": 782.577,
          "Actual Rows": 4,
          "Actual Loops": 1,
          "Workers Planned": 3,
          "Workers Launched": 3,
          "Single Copy": false,
          "Plans": [
            {
              "Node Type": "Aggregate",
              "Strategy": "Plain",
              "Partial Mode": "Partial",
              "Parent Relationship": "Outer",
              "Parallel Aware": false,
              "Startup Cost": 131773.74,
              "Total Cost": 131773.75,
              "Plan Rows": 1,
              "Plan Width": 8,
              "Actual Startup Time": 750.132,
              "Actual Total Time": 750.136,
              "Actual Rows": 1,
              "Actual Loops": 4,
              "Plans": [
                {
                  "Node Type": "Hash Join",
                  "Parent Relationship": "Outer",
                  "Parallel Aware": true,
                  "Join Type": "Inner",
                  "Startup Cost": 84498.18,
                  "Total Cost": 130395.87,
                  "Plan Rows": 551149,
                  "Plan Width": 0,
                  "Actual Startup Time": 436.415,
                  "Actual Total Time": 710.224,
                  "Actual Rows": 949784,
                  "Actual Loops": 4,
                  "Inner Unique": false,
                  "Hash Cond": "(mk.movie_id = t.id)",
                  "Plans": [
                    {
                      "Node Type": "Seq Scan",
                      "Parent Relationship": "Outer",
                      "Parallel Aware": true,
                      "Relation Name": "movie_keyword",
                      "Alias": "mk",
                      "Startup Cost": 0.0,
                      "Total Cost": 39047.32,
                      "Plan Rows": 1459332,
                      "Plan Width": 4,
                      "Actual Startup Time": 0.025,
                      "Actual Total Time": 89.512,
                      "Actual Rows": 1130982,
                      "Actual Loops": 4
                    },
                    {
                      "Node Type": "Hash",
                      "Parent Relationship": "Inner",
                      "Parallel Aware": true,
                      "Startup Cost": 81514.23,
                      "Total Cost": 81514.23,
                      "Plan Rows": 238716,
                      "Plan Width": 8,
                      "Actual Startup Time": 431.441,
                      "Actual Total Time": 431.444,
                      "Actual Rows": 160306,
                      "Actual Loops": 4,
                      "Hash Buckets": 1048576,
                      "Original Hash Buckets": 1048576,
                      "Hash Batches": 1,
                      "Original Hash Batches": 1,
                      "Peak Memory Usage": 33344,
                      "Plans": [
                        {
                          "Node Type": "Hash Join",
                          "Parent Relationship": "Outer",
                          "Parallel Aware": true,
                          "Join Type": "Inner",
                          "Startup Cost": 35265.08,
                          "Total Cost": 81514.23,
                          "Plan Rows": 238716,
                          "Plan Width": 8,
                          "Actual Startup Time": 136.6,
                          "Actual Total Time": 376.367,
                          "Actual Rows": 160306,
                          "Actual Loops": 4,
                          "Inner Unique": false,
                          "Hash Cond": "(t.id = mc.movie_id)",
                          "Plans": [
                            {
                              "Node Type": "Seq Scan",
                              "Parent Relationship": "Outer",
                              "Parallel Aware": true,
                              "Relation Name": "title",
                              "Alias": "t",
                              "Startup Cost": 0.0,
                              "Total Cost": 42318.73,
                              "Plan Rows": 632073,
                              "Plan Width": 4,
                              "Actual Startup Time": 0.011,
                              "Actual Total Time": 74.549,
                              "Actual Rows": 632078,
                              "Actual Loops": 4
                            },
                            {
                              "Node Type": "Hash",
                              "Parent Relationship": "Inner",
                              "Parallel Aware": true,
                              "Startup Cost": 31414.82,
                              "Total Cost": 31414.82,
                              "Plan Rows": 308021,
                              "Plan Width": 4,
                              "Actual Startup Time": 133.907,
                              "Actual Total Time": 133.907,
                              "Actual Rows": 160306,
                              "Actual Loops": 4,
                              "Hash Buckets": 1048576,
                              "Original Hash Buckets": 1048576,
                              "Hash Batches": 1,
                              "Original Hash Batches": 1,
                              "Peak Memory Usage": 33344,
                              "Plans": [
                                {
                                  "Node Type": "Seq Scan",
                                  "Parent Relationship": "Outer",
                                  "Parallel Aware": true,
                                  "Relation Name": "movie_companies",
                                  "Alias": "mc",
                                  "Startup Cost": 0.0,
                                  "Total Cost": 31414.82,
                                  "Plan Rows": 308021,
                                  "Plan Width": 4,
                                  "Actual Startup Time": 47.219,
                                  "Actual Total Time": 86.339,
                                  "Actual Rows": 160306,
                                  "Actual Loops": 4,
                                  "Filter": "((company_id < 38280) AND (company_type_id > 1))",
                                  "Rows Removed by Filter": 491976
                                }
                              ]
                            }
                          ]
                        }
                      ]
                    }
                  ]
                }
              ]
            }
          ]
        }
      ]
    },
    "Planning Time": 1.397,
    "Triggers": [],
    "Execution Time": 782.676
  }
]