[
  {
    "Plan": {
      "Node Type": "Aggregate",
      "Strategy": "Plain",
      "Partial Mode": "Finalize",
      "Parallel Aware": false,
      "Startup Cost": 323407.03,
      "Total Cost": 323407.04,
      "Plan Rows": 1,
      "Plan Width": 8,
      "Actual Startup Time": 764.426,
      "Actual Total Time": 821.637,
      "Actual Rows": 1,
      "Actual Loops": 1,
      "Plans": [
        {
          "Node Type": "Gather",
          "Parent Relationship": "Outer",
          "Parallel Aware": false,
          "Startup Cost": 323406.51,
          "Total Cost": 323407.02,
          "Plan Rows": 5,
          "Plan Width": 8,
          "Actual Startup Time": 760.805,
          "Actual Total Time": 821.627,
          "Actual Rows": 6,
          "Actual Loops": 1,
          "Workers Planned": 5,
          "Workers Launched": 5,
          "Single Copy": false,
          "Plans": [
            {
              "Node Type": "Aggregate",
              "Strategy": "Plain",
              "Partial Mode": "Partial",
              "Parent Relationship": "Outer",
              "Parallel Aware": false,
              "Startup Cost": 322406.51,
              "Total Cost": 322406.52,
              "Plan Rows": 1,
              "Plan Width": 8,
              "Actual Startup Time": 751.245,
              "Actual Total Time": 751.25,
              "Actual Rows": 1,
              "Actual Loops": 6,
              "Plans": [
                {
                  "Node Type": "Nested Loop",
                  "Parent Relationship": "Outer",
                  "Parallel Aware": false,
                  "Join Type": "Inner",
                  "Startup Cost": 57394.22,
                  "Total Cost": 321569.68,
                  "Plan Rows": 334731,
                  "Plan Width": 0,
                  "Actual Startup Time": 185.872,
                  "Actual Total Time": 720.302,
                  "Actual Rows": 532855,
                  "Actual Loops": 6,
                  "Inner Unique": false,
                  "Join Filter": "(t.id = ci.movie_id)",
                  "Rows Removed by Join Filter": 0,
                  "Plans": [
                    {
                      "Node Type": "Hash Join",
                      "Parent Relationship": "Outer",
                      "Parallel Aware": true,
                      "Join Type": "Inner",
                      "Startup Cost": 57393.66,
                      "Total Cost": 221109.68,
                      "Plan Rows": 23346,
                      "Plan Width": 8,
                      "Actual Startup Time": 185.698,
                      "Actual Total Time": 230.784,
                      "Actual Rows": 9653,
                      "Actual Loops": 6,
                      "Inner Unique": true,
                      "Hash Cond": "(mi.movie_id = t.id)",
                      "Plans": [
                        {
                          "Node Type": "Bitmap Heap Scan",
                          "Parent Relationship": "Outer",
                          "Parallel Aware": true,
                          "Relation Name": "movie_info",
                          "Alias": "mi",
                          "Startup Cost": 10294.8,
                          "Total Cost": 173711.78,
                          "Plan Rows": 113919,
                          "Plan Width": 4,
                          "Actual Startup Time": 33.738,
                          "Actual Total Time": 61.129,
                          "Actual Rows": 99743,
                          "Actual Loops": 6,
                          "Recheck Cond": "(info_type_id = 15)",
                          "Rows Removed by Index Recheck": 0,
                          "Exact Heap Blocks": 6801,
                          "Lossy Heap Blocks": 0,
                          "Plans": [
                            {
                              "Node Type": "Bitmap Index Scan",
                              "Parent Relationship": "Outer",
                              "Parallel Aware": false,
                              "Index Name": "info_type_id_movie_info",
                              "Startup Cost": 0.0,
                              "Total Cost": 10152.4,
                              "Plan Rows": 569595,
                              "Plan Width": 0,
                              "Actual Startup Time": 30.371,
                              "Actual Total Time": 30.371,
                              "Actual Rows": 598457,
                              "Actual Loops": 1,
                              "Index Cond": "(info_type_id = 15)"
                            }
                          ]
                        },
                        {
                          "Node Type": "Hash",
                          "Parent Relationship": "Inner",
                          "Parallel Aware": true,
                          "Startup Cost": 45479.59,
                          "Total Cost": 45479.59,
                          "Plan Rows": 129542,
                          "Plan Width": 4,
                          "Actual Startup Time": 150.079,
                          "Actual Total Time": 150.079,
                          "Actual Rows": 92990,
                          "Actual Loops": 6,
                          "Hash Buckets": 1048576,
                          "Original Hash Buckets": 524288,
                          "Hash Batches": 1,
                          "Original Hash Batches": 1,
                          "Peak Memory Usage": 34208,
                          "Plans": [
                            {
                              "Node Type": "Seq Scan",
                              "Parent Relationship": "Outer",
                              "Parallel Aware": true,
                              "Relation Name": "title",
                              "Alias": "t",
                              "Startup Cost": 0.0,
                              "Total Cost": 45479.59,
                              "Plan Rows": 129542,
                              "Plan Width": 4,
                              "Actual Startup Time": 0.048,
                              "Actual Total Time": 90.608,
                              "Actual Rows": 92990,
                              "Actual Loops": 6,
                              "Filter": "((kind_id > 3) AND (production_year > 2007))",
                              "Rows Removed by Filter": 328395
                            }
                          ]
                        }
                      ]
                    },
                    {
                      "Node Type": "Index Only Scan",
                      "Parent Relationship": "Inner",
                      "Parallel Aware": false,
                      "Scan Direction": "Forward",
                      "Index Name": "movie_id_cast_info",
                      "Relation Name": "cast_info",
                      "Alias": "ci",
                      "Startup Cost": 0.56,
                      "Total Cost": 3.87,
                      "Plan Rows": 35,
                      "Plan Width": 4,
                      "Actual Startup Time": 0.006,
                      "Actual Total Time": 0.044,
                      "Actual Rows": 55,
                      "Actual Loops": 57917,
                      "Index Cond": "(movie_id = mi.movie_id)",
                      "Rows Removed by Index Recheck": 0,
                      "Heap Fetches": 3197130
                    }
                  ]
                }
              ]
            }
          ]
        }
      ]
    },
    "Planning Time": 0.466,
    "Triggers": [],
    "Execution Time": 821.707
  }
]