[
  {
    "Plan": {
      "Node Type": "Aggregate",
      "Strategy": "Plain",
      "Partial Mode": "Finalize",
      "Parallel Aware": false,
      "Startup Cost": 329432.09,
      "Total Cost": 329432.1,
      "Plan Rows": 1,
      "Plan Width": 8,
      "Actual Startup Time": 682.525,
      "Actual Total Time": 732.146,
      "Actual Rows": 1,
      "Actual Loops": 1,
      "Plans": [
        {
          "Node Type": "Gather",
          "Parent Relationship": "Outer",
          "Parallel Aware": false,
          "Startup Cost": 329431.57,
          "Total Cost": 329432.08,
          "Plan Rows": 5,
          "Plan Width": 8,
          "Actual Startup Time": 677.582,
          "Actual Total Time": 732.136,
          "Actual Rows": 6,
          "Actual Loops": 1,
          "Workers Planned": 5,
          "Workers Launched": 5,
          "Single Copy": false,
          "Plans": [
            {
              "Node Type": "Aggregate",
              "Strategy": "Plain",
              "Partial Mode": "Partial",
              "Parent Relationship": "Outer",
              "Parallel Aware": false,
              "Startup Cost": 328431.57,
              "Total Cost": 328431.58,
              "Plan Rows": 1,
              "Plan Width": 8,
              "Actual Startup Time": 666.728,
              "Actual Total Time": 666.732,
              "Actual Rows": 1,
              "Actual Loops": 6,
              "Plans": [
                {
                  "Node Type": "Nested Loop",
                  "Parent Relationship": "Outer",
                  "Parallel Aware": false,
                  "Join Type": "Inner",
                  "Startup Cost": 58248.42,
                  "Total Cost": 327524.74,
                  "Plan Rows": 362732,
                  "Plan Width": 0,
                  "Actual Startup Time": 170.942,
                  "Actual Total Time": 640.476,
                  "Actual Rows": 532855,
                  "Actual Loops": 6,
                  "Inner Unique": false,
                  "Join Filter": "(t.id = ci.movie_id)",
                  "Rows Removed by Join Filter": 0,
                  "Plans": [
                    {
                      "Node Type": "Hash Join",
                      "Parent Relationship": "Outer",
                      "Parallel Aware": true,
                      "Join Type": "Inner",
                      "Startup Cost": 58247.86,
                      "Total Cost": 222101.23,
                      "Plan Rows": 25314,
                      "Plan Width": 8,
                      "Actual Startup Time": 170.823,
                      "Actual Total Time": 214.636,
                      "Actual Rows": 9653,
                      "Actual Loops": 6,
                      "Inner Unique": true,
                      "Hash Cond": "(mi.movie_id = t.id)",
                      "Plans": [
                        {
                          "Node Type": "Bitmap Heap Scan",
                          "Parent Relationship": "Outer",
                          "Parallel Aware": true,
                          "Relation Name": "movie_info",
                          "Alias": "mi",
                          "Startup Cost": 11142.68,
                          "Total Cost": 174673.18,
                          "Plan Rows": 123000,
                          "Plan Width": 4,
                          "Actual Startup Time": 31.491,
                          "Actual Total Time": 59.733,
                          "Actual Rows": 99743,
                          "Actual Loops": 6,
                          "Recheck Cond": "(info_type_id = 15)",
                          "Rows Removed by Index Recheck": 0,
                          "Exact Heap Blocks": 5881,
                          "Lossy Heap Blocks": 0,
                          "Plans": [
                            {
                              "Node Type": "Bitmap Index Scan",
                              "Parent Relationship": "Outer",
                              "Parallel Aware": false,
                              "Index Name": "info_type_id_movie_info",
                              "Startup Cost": 0.0,
                              "Total Cost": 10988.93,
                              "Plan Rows": 615000,
                              "Plan Width": 0,
                              "Actual Startup Time": 28.146,
                              "Actual Total Time": 28.146,
                              "Actual Rows": 598457,
                              "Actual Loops": 1,
                              "Index Cond": "(info_type_id = 15)"
                            }
                          ]
                        },
                        {
                          "Node Type": "Hash",
                          "Parent Relationship": "Inner",
                          "Parallel Aware": true,
                          "Startup Cost": 45479.1,
                          "Total Cost": 45479.1,
                          "Plan Rows": 130086,
                          "Plan Width": 4,
                          "Actual Startup Time": 136.641,
                          "Actual Total Time": 136.641,
                          "Actual Rows": 92990,
                          "Actual Loops": 6,
                          "Hash Buckets": 1048576,
                          "Original Hash Buckets": 524288,
                          "Hash Batches": 1,
                          "Original Hash Batches": 1,
                          "Peak Memory Usage": 34208,
                          "Plans": [
                            {
                              "Node Type": "Seq Scan",
                              "Parent Relationship": "Outer",
                              "Parallel Aware": true,
                              "Relation Name": "title",
                              "Alias": "t",
                              "Startup Cost": 0.0,
                              "Total Cost": 45479.1,
                              "Plan Rows": 130086,
                              "Plan Width": 4,
                              "Actual Startup Time": 0.034,
                              "Actual Total Time": 82.763,
                              "Actual Rows": 92990,
                              "Actual Loops": 6,
                              "Filter": "((kind_id > 3) AND (production_year > 2007))",
                              "Rows Removed by Filter": 328395
                            }
                          ]
                        }
                      ]
                    },
                    {
                      "Node Type": "Index Only Scan",
                      "Parent Relationship": "Inner",
                      "Parallel Aware": false,
                      "Scan Direction": "Forward",
                      "Index Name": "movie_id_cast_info",
                      "Relation Name": "cast_info",
                      "Alias": "ci",
                      "Startup Cost": 0.56,
                      "Total Cost": 3.7,
                      "Plan Rows": 37,
                      "Plan Width": 4,
                      "Actual Startup Time": 0.005,
                      "Actual Total Time": 0.039,
                      "Actual Rows": 55,
                      "Actual Loops": 57917,
                      "Index Cond": "(movie_id = mi.movie_id)",
                      "Rows Removed by Index Recheck": 0,
                      "Heap Fetches": 3197130
                    }
                  ]
                }
              ]
            }
          ]
        }
      ]
    },
    "Planning Time": 1.42,
    "Triggers": [],
    "Execution Time": 732.279
  }
]