[
  {
    "Plan": {
      "Node Type": "Aggregate",
      "Strategy": "Plain",
      "Partial Mode": "Simple",
      "Parallel Aware": false,
      "Startup Cost": 1726673.51,
      "Total Cost": 1726673.52,
      "Plan Rows": 1,
      "Plan Width": 32,
      "Actual Startup Time": 23209.662,
      "Actual Total Time": 23209.869,
      "Actual Rows": 1,
      "Actual Loops": 1,
      "Plans": [
        {
          "Node Type": "Merge Join",
          "Parent Relationship": "Outer",
          "Parallel Aware": false,
          "Join Type": "Inner",
          "Startup Cost": 1542758.72,
          "Total Cost": 1726670.47,
          "Plan Rows": 1215,
          "Plan Width": 15,
          "Actual Startup Time": 19820.083,
          "Actual Total Time": 23045.572,
          "Actual Rows": 2832555,
          "Actual Loops": 1,
          "Inner Unique": false,
          "Merge Cond": "(n.id = ci.person_id)",
          "Plans": [
            {
              "Node Type": "Index Scan",
              "Parent Relationship": "Outer",
              "Parallel Aware": false,
              "Scan Direction": "Forward",
              "Index Name": "name_pkey",
              "Relation Name": "name",
              "Alias": "n",
              "Startup Cost": 0.43,
              "Total Cost": 178171.85,
              "Plan Rows": 4167419,
              "Plan Width": 19,
              "Actual Startup Time": 0.016,
              "Actual Total Time": 1856.0,
              "Actual Rows": 4061914,
              "Actual Loops": 1
            },
            {
              "Node Type": "Sort",
              "Parent Relationship": "Inner",
              "Parallel Aware": false,
              "Startup Cost": 1542735.44,
              "Total Cost": 1542738.48,
              "Plan Rows": 1215,
              "Plan Width": 4,
              "Actual Startup Time": 19820.003,
              "Actual Total Time": 20520.644,
              "Actual Rows": 2832555,
              "Actual Loops": 1,
              "Sort Key": [
                "ci.person_id"
              ],
              "Sort Method": "quicksort",
              "Sort Space Used": 231081,
              "Sort Space Type": "Memory",
              "Plans": [
                {
                  "Node Type": "Merge Join",
                  "Parent Relationship": "Outer",
                  "Parallel Aware": false,
                  "Join Type": "Inner",
                  "Startup Cost": 1426092.72,
                  "Total Cost": 1542673.19,
                  "Plan Rows": 1215,
                  "Plan Width": 4,
                  "Actual Startup Time": 16513.115,
                  "Actual Total Time": 19090.291,
                  "Actual Rows": 2832555,
                  "Actual Loops": 1,
                  "Inner Unique": false,
                  "Merge Cond": "(t.id = ci.movie_id)",
                  "Plans": [
                    {
                      "Node Type": "Index Only Scan",
                      "Parent Relationship": "Outer",
                      "Parallel Aware": false,
                      "Scan Direction": "Forward",
                      "Index Name": "title_pkey",
                      "Relation Name": "title",
                      "Alias": "t",
                      "Startup Cost": 0.43,
                      "Total Cost": 110348.87,
                      "Plan Rows": 2528252,
                      "Plan Width": 4,
                      "Actual Startup Time": 0.066,
                      "Actual Total Time": 1780.249,
                      "Actual Rows": 2524892,
                      "Actual Loops": 1,
                      "Heap Fetches": 2524892
                    },
                    {
                      "Node Type": "Sort",
                      "Parent Relationship": "Inner",
                      "Parallel Aware": false,
                      "Startup Cost": 1426089.57,
                      "Total Cost": 1426092.61,
                      "Plan Rows": 1215,
                      "Plan Width": 16,
                      "Actual Startup Time": 16501.796,
                      "Actual Total Time": 16875.824,
                      "Actual Rows": 2832555,
                      "Actual Loops": 1,
                      "Sort Key": [
                        "ci.movie_id"
                      ],
                      "Sort Method": "quicksort",
                      "Sort Space Used": 231081,
                      "Sort Space Type": "Memory",
                      "Plans": [
                        {
                          "Node Type": "Merge Join",
                          "Parent Relationship": "Outer",
                          "Parallel Aware": false,
                          "Join Type": "Inner",
                          "Startup Cost": 1413315.71,
                          "Total Cost": 1426027.32,
                          "Plan Rows": 1215,
                          "Plan Width": 16,
                          "Actual Startup Time": 13266.921,
                          "Actual Total Time": 15805.247,
                          "Actual Rows": 2832555,
                          "Actual Loops": 1,
                          "Inner Unique": false,
                          "Merge Cond": "(cn.id = mc.company_id)",
                          "Plans": [
                            {
                              "Node Type": "Index Scan",
                              "Parent Relationship": "Outer",
                              "Parallel Aware": false,
                              "Scan Direction": "Forward",
                              "Index Name": "company_name_pkey",
                              "Relation Name": "company_name",
                              "Alias": "cn",
                              "Startup Cost": 0.42,
                              "Total Cost": 12474.79,
                              "Plan Rows": 84928,
                              "Plan Width": 4,
                              "Actual Startup Time": 0.033,
                              "Actual Total Time": 215.604,
                              "Actual Rows": 84843,
                              "Actual Loops": 1,
                              "Filter": "((country_code)::text = '[us]'::text)",
                              "Rows Removed by Filter": 150154
                            },
                            {
                              "Node Type": "Sort",
                              "Parent Relationship": "Inner",
                              "Parallel Aware": false,
                              "Startup Cost": 1413315.28,
                              "Total Cost": 1413323.69,
                              "Plan Rows": 3362,
                              "Plan Width": 20,
                              "Actual Startup Time": 13266.875,
                              "Actual Total Time": 14645.864,
                              "Actual Rows": 7796926,
                              "Actual Loops": 1,
                              "Sort Key": [
                                "mc.company_id"
                              ],
                              "Sort Method": "quicksort",
                              "Sort Space Used": 805743,
                              "Sort Space Type": "Memory",
                              "Plans": [
                                {
                                  "Node Type": "Merge Join",
                                  "Parent Relationship": "Outer",
                                  "Parallel Aware": false,
                                  "Join Type": "Inner",
                                  "Startup Cost": 1235316.13,
                                  "Total Cost": 1413118.35,
                                  "Plan Rows": 3362,
                                  "Plan Width": 20,
                                  "Actual Startup Time": 4983.496,
                                  "Actual Total Time": 10708.949,
                                  "Actual Rows": 7796926,
                                  "Actual Loops": 1,
                                  "Inner Unique": false,
                                  "Merge Cond": "(ci.movie_id = mc.movie_id)",
                                  "Plans": [
                                    {
                                      "Node Type": "Gather Merge",
                                      "Parent Relationship": "Outer",
                                      "Parallel Aware": false,
                                      "Startup Cost": 1235315.7,
                                      "Total Cost": 1265677.94,
                                      "Plan Rows": 1255,
                                      "Plan Width": 12,
                                      "Actual Startup Time": 4982.603,
                                      "Actual Total Time": 7267.515,
                                      "Actual Rows": 1038381,
                                      "Actual Loops": 1,
                                      "Workers Planned": 6,
                                      "Workers Launched": 6,
                                      "Plans": [
                                        {
                                          "Node Type": "Merge Join",
                                          "Parent Relationship": "Outer",
                                          "Parallel Aware": false,
                                          "Join Type": "Inner",
                                          "Startup Cost": 1234315.61,
                                          "Total Cost": 1264525.31,
                                          "Plan Rows": 209,
                                          "Plan Width": 12,
                                          "Actual Startup Time": 4691.065,
                                          "Actual Total Time": 7084.876,
                                          "Actual Rows": 148341,
                                          "Actual Loops": 7,
                                          "Inner Unique": false,
                                          "Merge Cond": "(ci.movie_id = mk.movie_id)",
                                          "Plans": [
                                            {
                                              "Node Type": "Sort",
                                              "Parent Relationship": "Outer",
                                              "Parallel Aware": false,
                                              "Startup Cost": 993845.26,
                                              "Total Cost": 1008954.3,
                                              "Plan Rows": 6043616,
                                              "Plan Width": 8,
                                              "Actual Startup Time": 4233.611,
                                              "Actual Total Time": 5748.654,
                                              "Actual Rows": 5177569,
                                              "Actual Loops": 7,
                                              "Sort Key": [
                                                "ci.movie_id"
                                              ],
                                              "Sort Method": "quicksort",
                                              "Sort Space Used": 510964,
                                              "Sort Space Type": "Memory",
                                              "Workers": [
                                                {
                                                  "Worker Number": 0,
                                                  "Sort Method": "quicksort",
                                                  "Sort Space Used": 413682,
                                                  "Sort Space Type": "Memory"
                                                },
                                                {
                                                  "Worker Number": 1,
                                                  "Sort Method": "quicksort",
                                                  "Sort Space Used": 431321,
                                                  "Sort Space Type": "Memory"
                                                },
                                                {
                                                  "Worker Number": 2,
                                                  "Sort Method": "quicksort",
                                                  "Sort Space Used": 430466,
                                                  "Sort Space Type": "Memory"
                                                },
                                                {
                                                  "Worker Number": 3,
                                                  "Sort Method": "quicksort",
                                                  "Sort Space Used": 429156,
                                                  "Sort Space Type": "Memory"
                                                },
                                                {
                                                  "Worker Number": 4,
                                                  "Sort Method": "quicksort",
                                                  "Sort Space Used": 427822,
                                                  "Sort Space Type": "Memory"
                                                },
                                                {
                                                  "Worker Number": 5,
                                                  "Sort Method": "quicksort",
                                                  "Sort Space Used": 431802,
                                                  "Sort Space Type": "Memory"
                                                }
                                              ],
                                              "Plans": [
                                                {
                                                  "Node Type": "Seq Scan",
                                                  "Parent Relationship": "Outer",
                                                  "Parallel Aware": true,
                                                  "Relation Name": "cast_info",
                                                  "Alias": "ci",
                                                  "Startup Cost": 0.0,
                                                  "Total Cost": 313123.16,
                                                  "Plan Rows": 6043616,
                                                  "Plan Width": 8,
                                                  "Actual Startup Time": 0.086,
                                                  "Actual Total Time": 1400.907,
                                                  "Actual Rows": 5177763,
                                                  "Actual Loops": 7
                                                }
                                              ]
                                            },
                                            {
                                              "Node Type": "Sort",
                                              "Parent Relationship": "Inner",
                                              "Parallel Aware": false,
                                              "Startup Cost": 240463.55,
                                              "Total Cost": 240463.64,
                                              "Plan Rows": 34,
                                              "Plan Width": 4,
                                              "Actual Startup Time": 457.281,
                                              "Actual Total Time": 478.007,
                                              "Actual Rows": 158783,
                                              "Actual Loops": 7,
                                              "Sort Key": [
                                                "mk.movie_id"
                                              ],
                                              "Sort Method": "quicksort",
                                              "Sort Space Used": 3498,
                                              "Sort Space Type": "Memory",
                                              "Workers": [
                                                {
                                                  "Worker Number": 0,
                                                  "Sort Method": "quicksort",
                                                  "Sort Space Used": 3498,
                                                  "Sort Space Type": "Memory"
                                                },
                                                {
                                                  "Worker Number": 1,
                                                  "Sort Method": "quicksort",
                                                  "Sort Space Used": 3498,
                                                  "Sort Space Type": "Memory"
                                                },
                                                {
                                                  "Worker Number": 2,
                                                  "Sort Method": "quicksort",
                                                  "Sort Space Used": 3498,
                                                  "Sort Space Type": "Memory"
                                                },
                                                {
                                                  "Worker Number": 3,
                                                  "Sort Method": "quicksort",
                                                  "Sort Space Used": 3498,
                                                  "Sort Space Type": "Memory"
                                                },
                                                {
                                                  "Worker Number": 4,
                                                  "Sort Method": "quicksort",
                                                  "Sort Space Used": 3498,
                                                  "Sort Space Type": "Memory"
                                                },
                                                {
                                                  "Worker Number": 5,
                                                  "Sort Method": "quicksort",
                                                  "Sort Space Used": 3498,
                                                  "Sort Space Type": "Memory"
                                                }
                                              ],
                                              "Plans": [
                                                {
                                                  "Node Type": "Merge Join",
                                                  "Parent Relationship": "Outer",
                                                  "Parallel Aware": false,
                                                  "Join Type": "Inner",
                                                  "Startup Cost": 3271.69,
                                                  "Total Cost": 240462.69,
                                                  "Plan Rows": 34,
                                                  "Plan Width": 4,
                                                  "Actual Startup Time": 401.658,
                                                  "Actual Total Time": 446.275,
                                                  "Actual Rows": 41840,
                                                  "Actual Loops": 7,
                                                  "Inner Unique": true,
                                                  "Merge Cond": "(mk.keyword_id = k.id)",
                                                  "Plans": [
                                                    {
                                                      "Node Type": "Index Scan",
                                                      "Parent Relationship": "Outer",
                                                      "Parallel Aware": false,
                                                      "Scan Direction": "Forward",
                                                      "Index Name": "keyword_id_movie_keyword",
                                                      "Relation Name": "movie_keyword",
                                                      "Alias": "mk",
                                                      "Startup Cost": 0.43,
                                                      "Total Cost": 226526.38,
                                                      "Plan Rows": 4523930,
                                                      "Plan Width": 8,
                                                      "Actual Startup Time": 0.092,
                                                      "Actual Total Time": 403.92,
                                                      "Actual Rows": 163762,
                                                      "Actual Loops": 7
                                                    },
                                                    {
                                                      "Node Type": "Sort",
                                                      "Parent Relationship": "Inner",
                                                      "Parallel Aware": false,
                                                      "Startup Cost": 2626.14,
                                                      "Total Cost": 2626.14,
                                                      "Plan Rows": 1,
                                                      "Plan Width": 4,
                                                      "Actual Startup Time": 20.112,
                                                      "Actual Total Time": 20.115,
                                                      "Actual Rows": 1,
                                                      "Actual Loops": 7,
                                                      "Sort Key": [
                                                        "k.id"
                                                      ],
                                                      "Sort Method": "quicksort",
                                                      "Sort Space Used": 25,
                                                      "Sort Space Type": "Memory",
                                                      "Workers": [
                                                        {
                                                          "Worker Number": 0,
                                                          "Sort Method": "quicksort",
                                                          "Sort Space Used": 25,
                                                          "Sort Space Type": "Memory"
                                                        },
                                                        {
                                                          "Worker Number": 1,
                                                          "Sort Method": "quicksort",
                                                          "Sort Space Used": 25,
                                                          "Sort Space Type": "Memory"
                                                        },
                                                        {
                                                          "Worker Number": 2,
                                                          "Sort Method": "quicksort",
                                                          "Sort Space Used": 25,
                                                          "Sort Space Type": "Memory"
                                                        },
                                                        {
                                                          "Worker Number": 3,
                                                          "Sort Method": "quicksort",
                                                          "Sort Space Used": 25,
                                                          "Sort Space Type": "Memory"
                                                        },
                                                        {
                                                          "Worker Number": 4,
                                                          "Sort Method": "quicksort",
                                                          "Sort Space Used": 25,
                                                          "Sort Space Type": "Memory"
                                                        },
                                                        {
                                                          "Worker Number": 5,
                                                          "Sort Method": "quicksort",
                                                          "Sort Space Used": 25,
                                                          "Sort Space Type": "Memory"
                                                        }
                                                      ],
                                                      "Plans": [
                                                        {
                                                          "Node Type": "Seq Scan",
                                                          "Parent Relationship": "Outer",
                                                          "Parallel Aware": false,
                                                          "Relation Name": "keyword",
                                                          "Alias": "k",
                                                          "Startup Cost": 0.0,
                                                          "Total Cost": 2626.12,
                                                          "Plan Rows": 1,
                                                          "Plan Width": 4,
                                                          "Actual Startup Time": 1.036,
                                                          "Actual Total Time": 20.096,
                                                          "Actual Rows": 1,
                                                          "Actual Loops": 7,
                                                          "Filter": "(keyword = 'character-name-in-title'::text)",
                                                          "Rows Removed by Filter": 134169
                                                        }
                                                      ]
                                                    }
                                                  ]
                                                }
                                              ]
                                            }
                                          ]
                                        }
                                      ]
                                    },
                                    {
                                      "Node Type": "Index Scan",
                                      "Parent Relationship": "Inner",
                                      "Parallel Aware": false,
                                      "Scan Direction": "Forward",
                                      "Index Name": "movie_id_movie_companies",
                                      "Relation Name": "movie_companies",
                                      "Alias": "mc",
                                      "Startup Cost": 0.43,
                                      "Total Cost": 140880.84,
                                      "Plan Rows": 2609129,
                                      "Plan Width": 8,
                                      "Actual Startup Time": 0.019,
                                      "Actual Total Time": 2114.316,
                                      "Actual Rows": 10259851,
                                      "Actual Loops": 1
                                    }
                                  ]
                                }
                              ]
                            }
                          ]
                        }
                      ]
                    }
                  ]
                }
              ]
            }
          ]
        }
      ]
    },
    "Planning Time": 13.31,
    "Triggers": [],
    "Execution Time": 23348.602
  }
]