{
  "Plan": {
    "Node Type": "Aggregate",
    "Strategy": "Plain",
    "Partial Mode": "Finalize",
    "Parallel Aware": false,
    "Startup Cost": 104166.72,
    "Total Cost": 104166.73,
    "Plan Rows": 1,
    "Plan Width": 8,
    "Actual Startup Time": 308.1,
    "Actual Total Time": 325.252,
    "Actual Rows": 1,
    "Actual Loops": 1,
    "Plans": [
      {
        "Node Type": "Gather",
        "Parent Relationship": "Outer",
        "Parallel Aware": false,
        "Startup Cost": 104166.6,
        "Total Cost": 104166.71,
        "Plan Rows": 1,
        "Plan Width": 8,
        "Actual Startup Time": 307.857,
        "Actual Total Time": 325.244,
        "Actual Rows": 2,
        "Actual Loops": 1,
        "Workers Planned": 1,
        "Workers Launched": 1,
        "Single Copy": false,
        "Plans": [
          {
            "Node Type": "Aggregate",
            "Strategy": "Plain",
            "Partial Mode": "Partial",
            "Parent Relationship": "Outer",
            "Parallel Aware": false,
            "Startup Cost": 103166.6,
            "Total Cost": 103166.61,
            "Plan Rows": 1,
            "Plan Width": 8,
            "Actual Startup Time": 301.784,
            "Actual Total Time": 301.788,
            "Actual Rows": 1,
            "Actual Loops": 2,
            "Plans": [
              {
                "Node Type": "Hash Join",
                "Parent Relationship": "Outer",
                "Parallel Aware": true,
                "Join Type": "Inner",
                "Startup Cost": 72795.95,
                "Total Cost": 103143.81,
                "Plan Rows": 9119,
                "Plan Width": 0,
                "Actual Startup Time": 184.645,
                "Actual Total Time": 301.645,
                "Actual Rows": 2018,
                "Actual Loops": 2,
                "Inner Unique": true,
                "Hash Cond": "(mk.movie_id = t.id)",
                "Plans": [
                  {
                    "Node Type": "Bitmap Heap Scan",
                    "Parent Relationship": "Outer",
                    "Parallel Aware": true,
                    "Relation Name": "movie_keyword",
                    "Alias": "mk",
                    "Startup Cost": 14054.42,
                    "Total Cost": 43379.38,
                    "Plan Rows": 389676,
                    "Plan Width": 4,
                    "Actual Startup Time": 34.022,
                    "Actual Total Time": 112.606,
                    "Actual Rows": 335580,
                    "Actual Loops": 2,
                    "Recheck Cond": "(keyword_id < 536)",
                    "Rows Removed by Index Recheck": 0,
                    "Exact Heap Blocks": 14833,
                    "Lossy Heap Blocks": 0,
                    "Plans": [
                      {
                        "Node Type": "Bitmap Index Scan",
                        "Parent Relationship": "Outer",
                        "Parallel Aware": false,
                        "Index Name": "keyword_id_movie_keyword",
                        "Startup Cost": 0.0,
                        "Total Cost": 13888.81,
                        "Plan Rows": 662450,
                        "Plan Width": 0,
                        "Actual Startup Time": 30.381,
                        "Actual Total Time": 30.382,
                        "Actual Rows": 671159,
                        "Actual Loops": 1,
                        "Index Cond": "(keyword_id < 536)"
                      }
                    ]
                  },
                  {
                    "Node Type": "Hash",
                    "Parent Relationship": "Inner",
                    "Parallel Aware": true,
                    "Startup Cost": 58306.47,
                    "Total Cost": 58306.47,
                    "Plan Rows": 34805,
                    "Plan Width": 4,
                    "Actual Startup Time": 148.86,
                    "Actual Total Time": 148.861,
                    "Actual Rows": 31376,
                    "Actual Loops": 2,
                    "Hash Buckets": 65536,
                    "Original Hash Buckets": 65536,
                    "Hash Batches": 1,
                    "Original Hash Batches": 1,
                    "Peak Memory Usage": 3008,
                    "Plans": [
                      {
                        "Node Type": "Seq Scan",
                        "Parent Relationship": "Outer",
                        "Parallel Aware": true,
                        "Relation Name": "title",
                        "Alias": "t",
                        "Startup Cost": 0.0,
                        "Total Cost": 58306.47,
                        "Plan Rows": 34805,
                        "Plan Width": 4,
                        "Actual Startup Time": 0.052,
                        "Actual Total Time": 140.047,
                        "Actual Rows": 31376,
                        "Actual Loops": 2,
                        "Filter": "((kind_id = 7) AND (production_year = 2005))",
                        "Rows Removed by Filter": 1232780
                      }
                    ]
                  }
                ]
              }
            ]
          }
        ]
      }
    ]
  },
  "Planning Time": 0.527,
  "Triggers": [],
  "Execution Time": 325.349
}