[
    {
        "Bao": {
            "Bao prediction": 670.851,
            "Bao recommended hint": "(no hint)"
        }
    },
    {
        "Plan": {
            "Node Type": "Aggregate",
            "Strategy": "Plain",
            "Partial Mode": "Finalize",
            "Parallel Aware": false,
            "Startup Cost": 41540.17,
            "Total Cost": 41540.18,
            "Plan Rows": 1,
            "Plan Width": 8,
            "Actual Startup Time": 167.766,
            "Actual Total Time": 173.695,
            "Actual Rows": 1,
            "Actual Loops": 1,
            "Output": [
                "count(*)"
            ],
            "Plans": [
                {
                    "Node Type": "Gather",
                    "Parent Relationship": "Outer",
                    "Parallel Aware": false,
                    "Startup Cost": 41539.85,
                    "Total Cost": 41540.16,
                    "Plan Rows": 3,
                    "Plan Width": 8,
                    "Actual Startup Time": 167.538,
                    "Actual Total Time": 173.686,
                    "Actual Rows": 4,
                    "Actual Loops": 1,
                    "Output": [
                        "(PARTIAL count(*))"
                    ],
                    "Workers Planned": 3,
                    "Workers Launched": 3,
                    "Single Copy": false,
                    "Plans": [
                        {
                            "Node Type": "Aggregate",
                            "Strategy": "Plain",
                            "Partial Mode": "Partial",
                            "Parent Relationship": "Outer",
                            "Parallel Aware": false,
                            "Startup Cost": 40539.85,
                            "Total Cost": 40539.86,
                            "Plan Rows": 1,
                            "Plan Width": 8,
                            "Actual Startup Time": 159.619,
                            "Actual Total Time": 159.62,
                            "Actual Rows": 1,
                            "Actual Loops": 4,
                            "Output": [
                                "PARTIAL count(*)"
                            ],
                            "Workers": [
                                {
                                    "Worker Number": 0,
                                    "Actual Startup Time": 157.013,
                                    "Actual Total Time": 157.015,
                                    "Actual Rows": 1,
                                    "Actual Loops": 1
                                },
                                {
                                    "Worker Number": 1,
                                    "Actual Startup Time": 157.274,
                                    "Actual Total Time": 157.275,
                                    "Actual Rows": 1,
                                    "Actual Loops": 1
                                },
                                {
                                    "Worker Number": 2,
                                    "Actual Startup Time": 157.258,
                                    "Actual Total Time": 157.26,
                                    "Actual Rows": 1,
                                    "Actual Loops": 1
                                }
                            ],
                            "Plans": [
                                {
                                    "Node Type": "Bitmap Heap Scan",
                                    "Parent Relationship": "Outer",
                                    "Parallel Aware": true,
                                    "Relation Name": "movie_keyword",
                                    "Schema": "public",
                                    "Alias": "mk",
                                    "Startup Cost": 13097.99,
                                    "Total Cost": 40041.87,
                                    "Plan Rows": 199191,
                                    "Plan Width": 0,
                                    "Actual Startup Time": 62.106,
                                    "Actual Total Time": 147.767,
                                    "Actual Rows": 152335,
                                    "Actual Loops": 4,
                                    "Recheck Cond": "(mk.keyword_id > 30291)",
                                    "Rows Removed by Index Recheck": 0,
                                    "Exact Heap Blocks": 8203,
                                    "Lossy Heap Blocks": 0,
                                    "Workers": [
                                        {
                                            "Worker Number": 0,
                                            "Actual Startup Time": 59.628,
                                            "Actual Total Time": 146.064,
                                            "Actual Rows": 130164,
                                            "Actual Loops": 1
                                        },
                                        {
                                            "Worker Number": 1,
                                            "Actual Startup Time": 59.849,
                                            "Actual Total Time": 146.073,
                                            "Actual Rows": 135855,
                                            "Actual Loops": 1
                                        },
                                        {
                                            "Worker Number": 2,
                                            "Actual Startup Time": 59.804,
                                            "Actual Total Time": 146.313,
                                            "Actual Rows": 130159,
                                            "Actual Loops": 1
                                        }
                                    ],
                                    "Plans": [
                                        {
                                            "Node Type": "Bitmap Index Scan",
                                            "Parent Relationship": "Outer",
                                            "Parallel Aware": false,
                                            "Index Name": "keyword_id_movie_keyword",
                                            "Startup Cost": 0.0,
                                            "Total Cost": 12943.61,
                                            "Plan Rows": 617491,
                                            "Plan Width": 0,
                                            "Actual Startup Time": 63.692,
                                            "Actual Total Time": 63.693,
                                            "Actual Rows": 609341,
                                            "Actual Loops": 1,
                                            "Index Cond": "(mk.keyword_id > 30291)"
                                        }
                                    ]
                                }
                            ]
                        }
                    ]
                }
            ]
        },
        "Planning Time": 1083.292,
        "Triggers": [],
        "Execution Time": 173.8
    }
]