{
  "Plan": {
    "Node Type": "Aggregate",
    "Strategy": "Plain",
    "Partial Mode": "Simple",
    "Parallel Aware": false,
    "Startup Cost": 429527.95,
    "Total Cost": 429527.96,
    "Plan Rows": 1,
    "Plan Width": 64,
    "Actual Startup Time": 3295.857,
    "Actual Total Time": 3331.349,
    "Actual Rows": 1,
    "Actual Loops": 1,
    "Plans": [
      {
        "Node Type": "Nested Loop",
        "Parent Relationship": "Outer",
        "Parallel Aware": false,
        "Join Type": "Inner",
        "Startup Cost": 420309.35,
        "Total Cost": 429527.95,
        "Plan Rows": 1,
        "Plan Width": 27,
        "Actual Startup Time": 3295.851,
        "Actual Total Time": 3331.342,
        "Actual Rows": 0,
        "Actual Loops": 1,
        "Inner Unique": false,
        "Join Filter": "(mk.keyword_id = k.id)",
        "Rows Removed by Join Filter": 0,
        "Plans": [
          {
            "Node Type": "Seq Scan",
            "Parent Relationship": "Outer",
            "Parallel Aware": false,
            "Relation Name": "keyword",
            "Alias": "k",
            "Startup Cost": 0.0,
            "Total Cost": 2290.7,
            "Plan Rows": 134170,
            "Plan Width": 4,
            "Actual Startup Time": 0.033,
            "Actual Total Time": 14.275,
            "Actual Rows": 134170,
            "Actual Loops": 1
          },
          {
            "Node Type": "Materialize",
            "Parent Relationship": "Inner",
            "Parallel Aware": false,
            "Startup Cost": 420309.35,
            "Total Cost": 425224.7,
            "Plan Rows": 1,
            "Plan Width": 31,
            "Actual Startup Time": 0.024,
            "Actual Total Time": 0.025,
            "Actual Rows": 0,
            "Actual Loops": 134170,
            "Plans": [
              {
                "Node Type": "Nested Loop",
                "Parent Relationship": "Outer",
                "Parallel Aware": false,
                "Join Type": "Inner",
                "Startup Cost": 420309.35,
                "Total Cost": 425224.7,
                "Plan Rows": 1,
                "Plan Width": 31,
                "Actual Startup Time": 3259.441,
                "Actual Total Time": 3294.93,
                "Actual Rows": 0,
                "Actual Loops": 1,
                "Inner Unique": false,
                "Join Filter": "(t.id = mk.movie_id)",
                "Rows Removed by Join Filter": 0,
                "Plans": [
                  {
                    "Node Type": "Nested Loop",
                    "Parent Relationship": "Outer",
                    "Parallel Aware": false,
                    "Join Type": "Inner",
                    "Startup Cost": 420308.92,
                    "Total Cost": 425222.81,
                    "Plan Rows": 1,
                    "Plan Width": 43,
                    "Actual Startup Time": 3259.44,
                    "Actual Total Time": 3294.928,
                    "Actual Rows": 0,
                    "Actual Loops": 1,
                    "Inner Unique": false,
                    "Join Filter": "(t.kind_id = kt.id)",
                    "Rows Removed by Join Filter": 0,
                    "Plans": [
                      {
                        "Node Type": "Seq Scan",
                        "Parent Relationship": "Outer",
                        "Parallel Aware": false,
                        "Relation Name": "kind_type",
                        "Alias": "kt",
                        "Startup Cost": 0.0,
                        "Total Cost": 1.1,
                        "Plan Rows": 4,
                        "Plan Width": 14,
                        "Actual Startup Time": 0.008,
                        "Actual Total Time": 0.019,
                        "Actual Rows": 4,
                        "Actual Loops": 1,
                        "Filter": "((kind)::text = ANY ('{movie,\"tv movie\",\"video movie\",\"video game\"}'::text[]))",
                        "Rows Removed by Filter": 3
                      },
                      {
                        "Node Type": "Materialize",
                        "Parent Relationship": "Inner",
                        "Parallel Aware": false,
                        "Startup Cost": 420308.92,
                        "Total Cost": 425221.65,
                        "Plan Rows": 1,
                        "Plan Width": 37,
                        "Actual Startup Time": 814.854,
                        "Actual Total Time": 823.726,
                        "Actual Rows": 0,
                        "Actual Loops": 4,
                        "Plans": [
                          {
                            "Node Type": "Nested Loop",
                            "Parent Relationship": "Outer",
                            "Parallel Aware": false,
                            "Join Type": "Inner",
                            "Startup Cost": 420308.92,
                            "Total Cost": 425221.65,
                            "Plan Rows": 1,
                            "Plan Width": 37,
                            "Actual Startup Time": 3259.404,
                            "Actual Total Time": 3294.889,
                            "Actual Rows": 0,
                            "Actual Loops": 1,
                            "Inner Unique": true,
                            "Plans": [
                              {
                                "Node Type": "Nested Loop",
                                "Parent Relationship": "Outer",
                                "Parallel Aware": false,
                                "Join Type": "Inner",
                                "Startup Cost": 420308.77,
                                "Total Cost": 425221.4,
                                "Plan Rows": 1,
                                "Plan Width": 41,
                                "Actual Startup Time": 3259.403,
                                "Actual Total Time": 3294.887,
                                "Actual Rows": 0,
                                "Actual Loops": 1,
                                "Inner Unique": true,
                                "Plans": [
                                  {
                                    "Node Type": "Gather",
                                    "Parent Relationship": "Outer",
                                    "Parallel Aware": false,
                                    "Startup Cost": 420308.64,
                                    "Total Cost": 425221.23,
                                    "Plan Rows": 1,
                                    "Plan Width": 45,
                                    "Actual Startup Time": 3259.402,
                                    "Actual Total Time": 3294.882,
                                    "Actual Rows": 0,
                                    "Actual Loops": 1,
                                    "Workers Planned": 1,
                                    "Workers Launched": 1,
                                    "Single Copy": false,
                                    "Plans": [
                                      {
                                        "Node Type": "Hash Join",
                                        "Parent Relationship": "Outer",
                                        "Parallel Aware": true,
                                        "Join Type": "Inner",
                                        "Startup Cost": 419308.64,
                                        "Total Cost": 424221.13,
                                        "Plan Rows": 1,
                                        "Plan Width": 45,
                                        "Actual Startup Time": 3220.876,
                                        "Actual Total Time": 3220.891,
                                        "Actual Rows": 0,
                                        "Actual Loops": 2,
                                        "Inner Unique": false,
                                        "Hash Cond": "(cn.id = mc.company_id)",
                                        "Plans": [
                                          {
                                            "Node Type": "Seq Scan",
                                            "Parent Relationship": "Outer",
                                            "Parallel Aware": true,
                                            "Relation Name": "company_name",
                                            "Alias": "cn",
                                            "Startup Cost": 0.0,
                                            "Total Cost": 4722.92,
                                            "Plan Rows": 50548,
                                            "Plan Width": 4,
                                            "Actual Startup Time": 0.0,
                                            "Actual Total Time": 0.0,
                                            "Actual Rows": 0,
                                            "Actual Loops": 0,
                                            "Filter": "((country_code)::text = '[us]'::text)",
                                            "Rows Removed by Filter": 0
                                          },
                                          {
                                            "Node Type": "Hash",
                                            "Parent Relationship": "Inner",
                                            "Parallel Aware": true,
                                            "Startup Cost": 419308.63,
                                            "Total Cost": 419308.63,
                                            "Plan Rows": 1,
                                            "Plan Width": 49,
                                            "Actual Startup Time": 3220.056,
                                            "Actual Total Time": 3220.069,
                                            "Actual Rows": 0,
                                            "Actual Loops": 2,
                                            "Hash Buckets": 1024,
                                            "Original Hash Buckets": 1024,
                                            "Hash Batches": 1,
                                            "Original Hash Batches": 1,
                                            "Peak Memory Usage": 0,
                                            "Plans": [
                                              {
                                                "Node Type": "Hash Join",
                                                "Parent Relationship": "Outer",
                                                "Parallel Aware": true,
                                                "Join Type": "Inner",
                                                "Startup Cost": 205275.58,
                                                "Total Cost": 419308.63,
                                                "Plan Rows": 1,
                                                "Plan Width": 49,
                                                "Actual Startup Time": 3219.968,
                                                "Actual Total Time": 3219.98,
                                                "Actual Rows": 0,
                                                "Actual Loops": 2,
                                                "Inner Unique": false,
                                                "Hash Cond": "(mi.movie_id = t.id)",
                                                "Plans": [
                                                  {
                                                    "Node Type": "Seq Scan",
                                                    "Parent Relationship": "Outer",
                                                    "Parallel Aware": true,
                                                    "Relation Name": "movie_info",
                                                    "Alias": "mi",
                                                    "Startup Cost": 0.0,
                                                    "Total Cost": 214032.77,
                                                    "Plan Rows": 72,
                                                    "Plan Width": 8,
                                                    "Actual Startup Time": 214.25,
                                                    "Actual Total Time": 856.412,
                                                    "Actual Rows": 892,
                                                    "Actual Loops": 2,
                                                    "Filter": "((info IS NOT NULL) AND (note ~~ '%internet%'::text) AND ((info ~~ 'USA:% 199%'::text) OR (info ~~ 'USA:% 200%'::text)))",
                                                    "Rows Removed by Filter": 7416968
                                                  },
                                                  {
                                                    "Node Type": "Hash",
                                                    "Parent Relationship": "Inner",
                                                    "Parallel Aware": true,
                                                    "Startup Cost": 205257.54,
                                                    "Total Cost": 205257.54,
                                                    "Plan Rows": 1443,
                                                    "Plan Width": 41,
                                                    "Actual Startup Time": 2362.983,
                                                    "Actual Total Time": 2362.993,
                                                    "Actual Rows": 47,
                                                    "Actual Loops": 2,
                                                    "Hash Buckets": 8192,
                                                    "Original Hash Buckets": 8192,
                                                    "Hash Batches": 1,
                                                    "Original Hash Batches": 1,
                                                    "Peak Memory Usage": 96,
                                                    "Plans": [
                                                      {
                                                        "Node Type": "Hash Join",
                                                        "Parent Relationship": "Outer",
                                                        "Parallel Aware": false,
                                                        "Join Type": "Inner",
                                                        "Startup Cost": 161323.27,
                                                        "Total Cost": 205257.54,
                                                        "Plan Rows": 1443,
                                                        "Plan Width": 41,
                                                        "Actual Startup Time": 2092.859,
                                                        "Actual Total Time": 2147.697,
                                                        "Actual Rows": 47,
                                                        "Actual Loops": 2,
                                                        "Inner Unique": false,
                                                        "Hash Cond": "(t.id = mc.movie_id)",
                                                        "Plans": [
                                                          {
                                                            "Node Type": "Seq Scan",
                                                            "Parent Relationship": "Outer",
                                                            "Parallel Aware": true,
                                                            "Relation Name": "title",
                                                            "Alias": "t",
                                                            "Startup Cost": 0.0,
                                                            "Total Cost": 43899.59,
                                                            "Plan Rows": 5401,
                                                            "Plan Width": 25,
                                                            "Actual Startup Time": 117.245,
                                                            "Actual Total Time": 168.675,
                                                            "Actual Rows": 12254,
                                                            "Actual Loops": 2,
                                                            "Filter": "(production_year < 1910)",
                                                            "Rows Removed by Filter": 1251902
                                                          },
                                                          {
                                                            "Node Type": "Hash",
                                                            "Parent Relationship": "Inner",
                                                            "Parallel Aware": false,
                                                            "Startup Cost": 152877.42,
                                                            "Total Cost": 152877.42,
                                                            "Plan Rows": 675668,
                                                            "Plan Width": 16,
                                                            "Actual Startup Time": 1969.638,
                                                            "Actual Total Time": 1969.645,
                                                            "Actual Rows": 612638,
                                                            "Actual Loops": 2,
                                                            "Hash Buckets": 1048576,
                                                            "Original Hash Buckets": 1048576,
                                                            "Hash Batches": 1,
                                                            "Original Hash Batches": 1,
                                                            "Peak Memory Usage": 36910,
                                                            "Plans": [
                                                              {
                                                                "Node Type": "Hash Join",
                                                                "Parent Relationship": "Outer",
                                                                "Parallel Aware": false,
                                                                "Join Type": "Inner",
                                                                "Startup Cost": 142856.88,
                                                                "Total Cost": 152877.42,
                                                                "Plan Rows": 675668,
                                                                "Plan Width": 16,
                                                                "Actual Startup Time": 1737.27,
                                                                "Actual Total Time": 1868.922,
                                                                "Actual Rows": 612638,
                                                                "Actual Loops": 2,
                                                                "Inner Unique": false,
                                                                "Hash Cond": "(cc.movie_id = mc.movie_id)",
                                                                "Plans": [
                                                                  {
                                                                    "Node Type": "Seq Scan",
                                                                    "Parent Relationship": "Outer",
                                                                    "Parallel Aware": false,
                                                                    "Relation Name": "complete_cast",
                                                                    "Alias": "cc",
                                                                    "Startup Cost": 0.0,
                                                                    "Total Cost": 2081.86,
                                                                    "Plan Rows": 135086,
                                                                    "Plan Width": 8,
                                                                    "Actual Startup Time": 0.051,
                                                                    "Actual Total Time": 12.402,
                                                                    "Actual Rows": 135086,
                                                                    "Actual Loops": 2
                                                                  },
                                                                  {
                                                                    "Node Type": "Hash",
                                                                    "Parent Relationship": "Inner",
                                                                    "Parallel Aware": false,
                                                                    "Startup Cost": 110242.76,
                                                                    "Total Cost": 110242.76,
                                                                    "Plan Rows": 2609129,
                                                                    "Plan Width": 8,
                                                                    "Actual Startup Time": 1715.569,
                                                                    "Actual Total Time": 1715.573,
                                                                    "Actual Rows": 2609129,
                                                                    "Actual Loops": 2,
                                                                    "Hash Buckets": 4194304,
                                                                    "Original Hash Buckets": 4194304,
                                                                    "Hash Batches": 1,
                                                                    "Original Hash Batches": 1,
                                                                    "Peak Memory Usage": 134688,
                                                                    "Plans": [
                                                                      {
                                                                        "Node Type": "Hash Join",
                                                                        "Parent Relationship": "Outer",
                                                                        "Parallel Aware": false,
                                                                        "Join Type": "Inner",
                                                                        "Startup Cost": 77495.4,
                                                                        "Total Cost": 110242.76,
                                                                        "Plan Rows": 2609129,
                                                                        "Plan Width": 8,
                                                                        "Actual Startup Time": 840.416,
                                                                        "Actual Total Time": 1093.203,
                                                                        "Actual Rows": 2609129,
                                                                        "Actual Loops": 2,
                                                                        "Inner Unique": false,
                                                                        "Hash Cond": "(ct.id = mc.company_type_id)",
                                                                        "Plans": [
                                                                          {
                                                                            "Node Type": "Seq Scan",
                                                                            "Parent Relationship": "Outer",
                                                                            "Parallel Aware": false,
                                                                            "Relation Name": "company_type",
                                                                            "Alias": "ct",
                                                                            "Startup Cost": 0.0,
                                                                            "Total Cost": 1.04,
                                                                            "Plan Rows": 4,
                                                                            "Plan Width": 4,
                                                                            "Actual Startup Time": 0.029,
                                                                            "Actual Total Time": 0.038,
                                                                            "Actual Rows": 4,
                                                                            "Actual Loops": 2
                                                                          },
                                                                          {
                                                                            "Node Type": "Hash",
                                                                            "Parent Relationship": "Inner",
                                                                            "Parallel Aware": false,
                                                                            "Startup Cost": 44881.29,
                                                                            "Total Cost": 44881.29,
                                                                            "Plan Rows": 2609129,
                                                                            "Plan Width": 12,
                                                                            "Actual Startup Time": 818.949,
                                                                            "Actual Total Time": 818.95,
                                                                            "Actual Rows": 2609129,
                                                                            "Actual Loops": 2,
                                                                            "Hash Buckets": 4194304,
                                                                            "Original Hash Buckets": 4194304,
                                                                            "Hash Batches": 1,
                                                                            "Original Hash Batches": 1,
                                                                            "Peak Memory Usage": 144880,
                                                                            "Plans": [
                                                                              {
                                                                                "Node Type": "Seq Scan",
                                                                                "Parent Relationship": "Outer",
                                                                                "Parallel Aware": false,
                                                                                "Relation Name": "movie_companies",
                                                                                "Alias": "mc",
                                                                                "Startup Cost": 0.0,
                                                                                "Total Cost": 44881.29,
                                                                                "Plan Rows": 2609129,
                                                                                "Plan Width": 12,
                                                                                "Actual Startup Time": 0.031,
                                                                                "Actual Total Time": 379.073,
                                                                                "Actual Rows": 2609129,
                                                                                "Actual Loops": 2
                                                                              }
                                                                            ]
                                                                          }
                                                                        ]
                                                                      }
                                                                    ]
                                                                  }
                                                                ]
                                                              }
                                                            ]
                                                          }
                                                        ]
                                                      }
                                                    ]
                                                  }
                                                ]
                                              }
                                            ]
                                          }
                                        ]
                                      }
                                    ]
                                  },
                                  {
                                    "Node Type": "Index Scan",
                                    "Parent Relationship": "Inner",
                                    "Parallel Aware": false,
                                    "Scan Direction": "Forward",
                                    "Index Name": "comp_cast_type_pkey",
                                    "Relation Name": "comp_cast_type",
                                    "Alias": "cct1",
                                    "Startup Cost": 0.13,
                                    "Total Cost": 0.15,
                                    "Plan Rows": 1,
                                    "Plan Width": 4,
                                    "Actual Startup Time": 0.0,
                                    "Actual Total Time": 0.0,
                                    "Actual Rows": 0,
                                    "Actual Loops": 0,
                                    "Index Cond": "(id = cc.status_id)",
                                    "Rows Removed by Index Recheck": 0,
                                    "Filter": "((kind)::text = 'complete+verified'::text)",
                                    "Rows Removed by Filter": 0
                                  }
                                ]
                              },
                              {
                                "Node Type": "Index Scan",
                                "Parent Relationship": "Inner",
                                "Parallel Aware": false,
                                "Scan Direction": "Forward",
                                "Index Name": "info_type_pkey",
                                "Relation Name": "info_type",
                                "Alias": "it1",
                                "Startup Cost": 0.14,
                                "Total Cost": 0.2,
                                "Plan Rows": 1,
                                "Plan Width": 4,
                                "Actual Startup Time": 0.0,
                                "Actual Total Time": 0.0,
                                "Actual Rows": 0,
                                "Actual Loops": 0,
                                "Index Cond": "(id = mi.info_type_id)",
                                "Rows Removed by Index Recheck": 0,
                                "Filter": "((info)::text = 'release dates'::text)",
                                "Rows Removed by Filter": 0
                              }
                            ]
                          }
                        ]
                      }
                    ]
                  },
                  {
                    "Node Type": "Index Scan",
                    "Parent Relationship": "Inner",
                    "Parallel Aware": false,
                    "Scan Direction": "Forward",
                    "Index Name": "movie_id_movie_keyword",
                    "Relation Name": "movie_keyword",
                    "Alias": "mk",
                    "Startup Cost": 0.43,
                    "Total Cost": 1.31,
                    "Plan Rows": 46,
                    "Plan Width": 8,
                    "Actual Startup Time": 0.0,
                    "Actual Total Time": 0.0,
                    "Actual Rows": 0,
                    "Actual Loops": 0,
                    "Index Cond": "(movie_id = mc.movie_id)",
                    "Rows Removed by Index Recheck": 0
                  }
                ]
              }
            ]
          }
        ]
      }
    ]
  },
  "Planning Time": 45.67,
  "Triggers": [],
  "Execution Time": 3345.326
}