[
  {
    "Plan": {
      "Node Type": "Aggregate",
      "Strategy": "Plain",
      "Partial Mode": "Finalize",
      "Parallel Aware": false,
      "Startup Cost": 239950.6,
      "Total Cost": 239950.61,
      "Plan Rows": 1,
      "Plan Width": 8,
      "Actual Startup Time": 379.345,
      "Actual Total Time": 413.925,
      "Actual Rows": 1,
      "Actual Loops": 1,
      "Plans": [
        {
          "Node Type": "Gather",
          "Parent Relationship": "Outer",
          "Parallel Aware": false,
          "Startup Cost": 239950.18,
          "Total Cost": 239950.59,
          "Plan Rows": 4,
          "Plan Width": 8,
          "Actual Startup Time": 379.198,
          "Actual Total Time": 413.912,
          "Actual Rows": 5,
          "Actual Loops": 1,
          "Workers Planned": 4,
          "Workers Launched": 4,
          "Single Copy": false,
          "Plans": [
            {
              "Node Type": "Aggregate",
              "Strategy": "Plain",
              "Partial Mode": "Partial",
              "Parent Relationship": "Outer",
              "Parallel Aware": false,
              "Startup Cost": 238950.18,
              "Total Cost": 238950.19,
              "Plan Rows": 1,
              "Plan Width": 8,
              "Actual Startup Time": 370.988,
              "Actual Total Time": 370.99,
              "Actual Rows": 1,
              "Actual Loops": 5,
              "Plans": [
                {
                  "Node Type": "Nested Loop",
                  "Parent Relationship": "Outer",
                  "Parallel Aware": false,
                  "Join Type": "Inner",
                  "Startup Cost": 0.43,
                  "Total Cost": 238847.93,
                  "Plan Rows": 40901,
                  "Plan Width": 0,
                  "Actual Startup Time": 60.508,
                  "Actual Total Time": 358.283,
                  "Actual Rows": 186116,
                  "Actual Loops": 5,
                  "Inner Unique": false,
                  "Plans": [
                    {
                      "Node Type": "Seq Scan",
                      "Parent Relationship": "Outer",
                      "Parallel Aware": true,
                      "Relation Name": "title",
                      "Alias": "t",
                      "Startup Cost": 0.0,
                      "Total Cost": 45479.59,
                      "Plan Rows": 6966,
                      "Plan Width": 4,
                      "Actual Startup Time": 60.375,
                      "Actual Total Time": 96.368,
                      "Actual Rows": 17052,
                      "Actual Loops": 5,
                      "Filter": "((kind_id < 4) AND (production_year < 1920))",
                      "Rows Removed by Filter": 488611
                    },
                    {
                      "Node Type": "Index Only Scan",
                      "Parent Relationship": "Inner",
                      "Parallel Aware": false,
                      "Scan Direction": "Forward",
                      "Index Name": "movie_id_movie_info",
                      "Relation Name": "movie_info",
                      "Alias": "mi",
                      "Startup Cost": 0.43,
                      "Total Cost": 27.35,
                      "Plan Rows": 41,
                      "Plan Width": 4,
                      "Actual Startup Time": 0.006,
                      "Actual Total Time": 0.014,
                      "Actual Rows": 11,
                      "Actual Loops": 85258,
                      "Index Cond": "(movie_id = t.id)",
                      "Rows Removed by Index Recheck": 0,
                      "Heap Fetches": 930580
                    }
                  ]
                }
              ]
            }
          ]
        }
      ]
    },
    "Planning Time": 0.578,
    "Triggers": [],
    "Execution Time": 414.009
  }
]