[
  {
    "Plan": {
      "Node Type": "Aggregate",
      "Strategy": "Plain",
      "Partial Mode": "Finalize",
      "Parallel Aware": false,
      "Startup Cost": 239877.54,
      "Total Cost": 239877.55,
      "Plan Rows": 1,
      "Plan Width": 8,
      "Actual Startup Time": 350.733,
      "Actual Total Time": 390.116,
      "Actual Rows": 1,
      "Actual Loops": 1,
      "Plans": [
        {
          "Node Type": "Gather",
          "Parent Relationship": "Outer",
          "Parallel Aware": false,
          "Startup Cost": 239877.12,
          "Total Cost": 239877.53,
          "Plan Rows": 4,
          "Plan Width": 8,
          "Actual Startup Time": 350.591,
          "Actual Total Time": 390.108,
          "Actual Rows": 5,
          "Actual Loops": 1,
          "Workers Planned": 4,
          "Workers Launched": 4,
          "Single Copy": false,
          "Plans": [
            {
              "Node Type": "Aggregate",
              "Strategy": "Plain",
              "Partial Mode": "Partial",
              "Parent Relationship": "Outer",
              "Parallel Aware": false,
              "Startup Cost": 238877.12,
              "Total Cost": 238877.13,
              "Plan Rows": 1,
              "Plan Width": 8,
              "Actual Startup Time": 340.959,
              "Actual Total Time": 340.96,
              "Actual Rows": 1,
              "Actual Loops": 5,
              "Plans": [
                {
                  "Node Type": "Nested Loop",
                  "Parent Relationship": "Outer",
                  "Parallel Aware": false,
                  "Join Type": "Inner",
                  "Startup Cost": 0.43,
                  "Total Cost": 238774.8,
                  "Plan Rows": 40931,
                  "Plan Width": 0,
                  "Actual Startup Time": 59.165,
                  "Actual Total Time": 331.158,
                  "Actual Rows": 186116,
                  "Actual Loops": 5,
                  "Inner Unique": false,
                  "Plans": [
                    {
                      "Node Type": "Seq Scan",
                      "Parent Relationship": "Outer",
                      "Parallel Aware": true,
                      "Relation Name": "title",
                      "Alias": "t",
                      "Startup Cost": 0.0,
                      "Total Cost": 45479.1,
                      "Plan Rows": 7000,
                      "Plan Width": 4,
                      "Actual Startup Time": 59.062,
                      "Actual Total Time": 88.525,
                      "Actual Rows": 17052,
                      "Actual Loops": 5,
                      "Filter": "((kind_id < 4) AND (production_year < 1920))",
                      "Rows Removed by Filter": 488611
                    },
                    {
                      "Node Type": "Index Only Scan",
                      "Parent Relationship": "Inner",
                      "Parallel Aware": false,
                      "Scan Direction": "Forward",
                      "Index Name": "movie_id_movie_info",
                      "Relation Name": "movie_info",
                      "Alias": "mi",
                      "Startup Cost": 0.43,
                      "Total Cost": 27.19,
                      "Plan Rows": 42,
                      "Plan Width": 4,
                      "Actual Startup Time": 0.005,
                      "Actual Total Time": 0.013,
                      "Actual Rows": 11,
                      "Actual Loops": 85258,
                      "Index Cond": "(movie_id = t.id)",
                      "Rows Removed by Index Recheck": 0,
                      "Heap Fetches": 930580
                    }
                  ]
                }
              ]
            }
          ]
        }
      ]
    },
    "Planning Time": 0.417,
    "Triggers": [],
    "Execution Time": 390.181
  }
]