[
  {
    "Plan": {
      "Node Type": "Aggregate",
      "Strategy": "Plain",
      "Partial Mode": "Finalize",
      "Parallel Aware": false,
      "Startup Cost": 42683.45,
      "Total Cost": 42683.46,
      "Plan Rows": 1,
      "Plan Width": 8,
      "Actual Startup Time": 143.07,
      "Actual Total Time": 154.41,
      "Actual Rows": 1,
      "Actual Loops": 1,
      "Plans": [
        {
          "Node Type": "Gather",
          "Parent Relationship": "Outer",
          "Parallel Aware": false,
          "Startup Cost": 42683.13,
          "Total Cost": 42683.44,
          "Plan Rows": 3,
          "Plan Width": 8,
          "Actual Startup Time": 142.546,
          "Actual Total Time": 154.4,
          "Actual Rows": 4,
          "Actual Loops": 1,
          "Workers Planned": 3,
          "Workers Launched": 3,
          "Single Copy": false,
          "Plans": [
            {
              "Node Type": "Aggregate",
              "Strategy": "Plain",
              "Partial Mode": "Partial",
              "Parent Relationship": "Outer",
              "Parallel Aware": false,
              "Startup Cost": 41683.13,
              "Total Cost": 41683.14,
              "Plan Rows": 1,
              "Plan Width": 8,
              "Actual Startup Time": 135.317,
              "Actual Total Time": 135.322,
              "Actual Rows": 1,
              "Actual Loops": 4,
              "Plans": [
                {
                  "Node Type": "Bitmap Heap Scan",
                  "Parent Relationship": "Outer",
                  "Parallel Aware": true,
                  "Relation Name": "movie_keyword",
                  "Alias": "mk",
                  "Startup Cost": 14029.38,
                  "Total Cost": 41149.84,
                  "Plan Rows": 213317,
                  "Plan Width": 0,
                  "Actual Startup Time": 42.204,
                  "Actual Total Time": 124.678,
                  "Actual Rows": 166085,
                  "Actual Loops": 4,
                  "Recheck Cond": "(keyword_id > 28256)",
                  "Rows Removed by Index Recheck": 0,
                  "Exact Heap Blocks": 11411,
                  "Lossy Heap Blocks": 0,
                  "Plans": [
                    {
                      "Node Type": "Bitmap Index Scan",
                      "Parent Relationship": "Outer",
                      "Parallel Aware": false,
                      "Index Name": "keyword_id_movie_keyword",
                      "Startup Cost": 0.0,
                      "Total Cost": 13864.06,
                      "Plan Rows": 661283,
                      "Plan Width": 0,
                      "Actual Startup Time": 45.497,
                      "Actual Total Time": 45.497,
                      "Actual Rows": 664339,
                      "Actual Loops": 1,
                      "Index Cond": "(keyword_id > 28256)"
                    }
                  ]
                }
              ]
            }
          ]
        }
      ]
    },
    "Planning Time": 0.075,
    "Triggers": [],
    "Execution Time": 154.448
  }
]