[
  {
    "Plan": {
      "Node Type": "Aggregate",
      "Strategy": "Plain",
      "Partial Mode": "Finalize",
      "Parallel Aware": false,
      "Startup Cost": 43078.33,
      "Total Cost": 43078.34,
      "Plan Rows": 1,
      "Plan Width": 8,
      "Actual Startup Time": 150.822,
      "Actual Total Time": 159.169,
      "Actual Rows": 1,
      "Actual Loops": 1,
      "Plans": [
        {
          "Node Type": "Gather",
          "Parent Relationship": "Outer",
          "Parallel Aware": false,
          "Startup Cost": 43078.01,
          "Total Cost": 43078.32,
          "Plan Rows": 3,
          "Plan Width": 8,
          "Actual Startup Time": 150.584,
          "Actual Total Time": 159.161,
          "Actual Rows": 4,
          "Actual Loops": 1,
          "Workers Planned": 3,
          "Workers Launched": 3,
          "Single Copy": false,
          "Plans": [
            {
              "Node Type": "Aggregate",
              "Strategy": "Plain",
              "Partial Mode": "Partial",
              "Parent Relationship": "Outer",
              "Parallel Aware": false,
              "Startup Cost": 42078.01,
              "Total Cost": 42078.02,
              "Plan Rows": 1,
              "Plan Width": 8,
              "Actual Startup Time": 143.134,
              "Actual Total Time": 143.136,
              "Actual Rows": 1,
              "Actual Loops": 4,
              "Plans": [
                {
                  "Node Type": "Bitmap Heap Scan",
                  "Parent Relationship": "Outer",
                  "Parallel Aware": true,
                  "Relation Name": "movie_keyword",
                  "Alias": "mk",
                  "Startup Cost": 14350.89,
                  "Total Cost": 41532.49,
                  "Plan Rows": 218208,
                  "Plan Width": 0,
                  "Actual Startup Time": 57.633,
                  "Actual Total Time": 134.519,
                  "Actual Rows": 166085,
                  "Actual Loops": 4,
                  "Recheck Cond": "(keyword_id > 28256)",
                  "Rows Removed by Index Recheck": 0,
                  "Exact Heap Blocks": 9762,
                  "Lossy Heap Blocks": 0,
                  "Plans": [
                    {
                      "Node Type": "Bitmap Index Scan",
                      "Parent Relationship": "Outer",
                      "Parallel Aware": false,
                      "Index Name": "keyword_id_movie_keyword",
                      "Startup Cost": 0.0,
                      "Total Cost": 14181.78,
                      "Plan Rows": 676446,
                      "Plan Width": 0,
                      "Actual Startup Time": 60.348,
                      "Actual Total Time": 60.348,
                      "Actual Rows": 664339,
                      "Actual Loops": 1,
                      "Index Cond": "(keyword_id > 28256)"
                    }
                  ]
                }
              ]
            }
          ]
        }
      ]
    },
    "Planning Time": 0.182,
    "Triggers": [],
    "Execution Time": 159.246
  }
]