[
    {
        "Bao": {
            "Bao prediction": "NaN",
            "Bao recommended hint": "(no hint)"
        }
    },
    {
        "Plan": {
            "Node Type": "Aggregate",
            "Strategy": "Plain",
            "Partial Mode": "Finalize",
            "Parallel Aware": false,
            "Startup Cost": 123932.21,
            "Total Cost": 123932.22,
            "Plan Rows": 1,
            "Plan Width": 8,
            "Actual Startup Time": 560.821,
            "Actual Total Time": 570.439,
            "Actual Rows": 1,
            "Actual Loops": 1,
            "Output": [
                "count(*)"
            ],
            "Plans": [
                {
                    "Node Type": "Gather",
                    "Parent Relationship": "Outer",
                    "Parallel Aware": false,
                    "Startup Cost": 123931.89,
                    "Total Cost": 123932.2,
                    "Plan Rows": 3,
                    "Plan Width": 8,
                    "Actual Startup Time": 557.865,
                    "Actual Total Time": 570.432,
                    "Actual Rows": 4,
                    "Actual Loops": 1,
                    "Output": [
                        "(PARTIAL count(*))"
                    ],
                    "Workers Planned": 3,
                    "Workers Launched": 3,
                    "Single Copy": false,
                    "Plans": [
                        {
                            "Node Type": "Aggregate",
                            "Strategy": "Plain",
                            "Partial Mode": "Partial",
                            "Parent Relationship": "Outer",
                            "Parallel Aware": false,
                            "Startup Cost": 122931.89,
                            "Total Cost": 122931.9,
                            "Plan Rows": 1,
                            "Plan Width": 8,
                            "Actual Startup Time": 549.035,
                            "Actual Total Time": 549.039,
                            "Actual Rows": 1,
                            "Actual Loops": 4,
                            "Output": [
                                "PARTIAL count(*)"
                            ],
                            "Workers": [
                                {
                                    "Worker Number": 0,
                                    "Actual Startup Time": 546.013,
                                    "Actual Total Time": 546.018,
                                    "Actual Rows": 1,
                                    "Actual Loops": 1
                                },
                                {
                                    "Worker Number": 1,
                                    "Actual Startup Time": 546.151,
                                    "Actual Total Time": 546.155,
                                    "Actual Rows": 1,
                                    "Actual Loops": 1
                                },
                                {
                                    "Worker Number": 2,
                                    "Actual Startup Time": 546.643,
                                    "Actual Total Time": 546.647,
                                    "Actual Rows": 1,
                                    "Actual Loops": 1
                                }
                            ],
                            "Plans": [
                                {
                                    "Node Type": "Hash Join",
                                    "Parent Relationship": "Outer",
                                    "Parallel Aware": true,
                                    "Join Type": "Inner",
                                    "Startup Cost": 77791.16,
                                    "Total Cost": 122660.79,
                                    "Plan Rows": 108441,
                                    "Plan Width": 0,
                                    "Actual Startup Time": 254.775,
                                    "Actual Total Time": 503.468,
                                    "Actual Rows": 1179867,
                                    "Actual Loops": 4,
                                    "Inner Unique": false,
                                    "Hash Cond": "(mk.movie_id = t.id)",
                                    "Workers": [
                                        {
                                            "Worker Number": 0,
                                            "Actual Startup Time": 251.954,
                                            "Actual Total Time": 500.708,
                                            "Actual Rows": 1165805,
                                            "Actual Loops": 1
                                        },
                                        {
                                            "Worker Number": 1,
                                            "Actual Startup Time": 251.96,
                                            "Actual Total Time": 501.596,
                                            "Actual Rows": 1152412,
                                            "Actual Loops": 1
                                        },
                                        {
                                            "Worker Number": 2,
                                            "Actual Startup Time": 252.496,
                                            "Actual Total Time": 499.249,
                                            "Actual Rows": 1204128,
                                            "Actual Loops": 1
                                        }
                                    ],
                                    "Plans": [
                                        {
                                            "Node Type": "Seq Scan",
                                            "Parent Relationship": "Outer",
                                            "Parallel Aware": true,
                                            "Relation Name": "movie_keyword",
                                            "Schema": "public",
                                            "Alias": "mk",
                                            "Startup Cost": 0.0,
                                            "Total Cost": 39047.32,
                                            "Plan Rows": 1459332,
                                            "Plan Width": 4,
                                            "Actual Startup Time": 0.018,
                                            "Actual Total Time": 80.712,
                                            "Actual Rows": 1130982,
                                            "Actual Loops": 4,
                                            "Output": [
                                                "mk.id",
                                                "mk.movie_id",
                                                "mk.keyword_id"
                                            ],
                                            "Workers": [
                                                {
                                                    "Worker Number": 0,
                                                    "Actual Startup Time": 0.022,
                                                    "Actual Total Time": 82.859,
                                                    "Actual Rows": 1121470,
                                                    "Actual Loops": 1
                                                },
                                                {
                                                    "Worker Number": 1,
                                                    "Actual Startup Time": 0.019,
                                                    "Actual Total Time": 85.207,
                                                    "Actual Rows": 1130905,
                                                    "Actual Loops": 1
                                                },
                                                {
                                                    "Worker Number": 2,
                                                    "Actual Startup Time": 0.018,
                                                    "Actual Total Time": 80.81,
                                                    "Actual Rows": 1088725,
                                                    "Actual Loops": 1
                                                }
                                            ]
                                        },
                                        {
                                            "Node Type": "Hash",
                                            "Parent Relationship": "Inner",
                                            "Parallel Aware": true,
                                            "Startup Cost": 77033.6,
                                            "Total Cost": 77033.6,
                                            "Plan Rows": 60605,
                                            "Plan Width": 8,
                                            "Actual Startup Time": 253.497,
                                            "Actual Total Time": 253.501,
                                            "Actual Rows": 76243,
                                            "Actual Loops": 4,
                                            "Output": [
                                                "t.id",
                                                "mc.movie_id"
                                            ],
                                            "Hash Buckets": 524288,
                                            "Original Hash Buckets": 262144,
                                            "Hash Batches": 1,
                                            "Original Hash Batches": 1,
                                            "Peak Memory Usage": 18112,
                                            "Workers": [
                                                {
                                                    "Worker Number": 0,
                                                    "Actual Startup Time": 251.042,
                                                    "Actual Total Time": 251.046,
                                                    "Actual Rows": 75175,
                                                    "Actual Loops": 1
                                                },
                                                {
                                                    "Worker Number": 1,
                                                    "Actual Startup Time": 251.205,
                                                    "Actual Total Time": 251.208,
                                                    "Actual Rows": 74256,
                                                    "Actual Loops": 1
                                                },
                                                {
                                                    "Worker Number": 2,
                                                    "Actual Startup Time": 251.729,
                                                    "Actual Total Time": 251.731,
                                                    "Actual Rows": 74959,
                                                    "Actual Loops": 1
                                                }
                                            ],
                                            "Plans": [
                                                {
                                                    "Node Type": "Hash Join",
                                                    "Parent Relationship": "Outer",
                                                    "Parallel Aware": true,
                                                    "Join Type": "Inner",
                                                    "Startup Cost": 46561.13,
                                                    "Total Cost": 77033.6,
                                                    "Plan Rows": 60605,
                                                    "Plan Width": 8,
                                                    "Actual Startup Time": 117.756,
                                                    "Actual Total Time": 225.731,
                                                    "Actual Rows": 76243,
                                                    "Actual Loops": 4,
                                                    "Output": [
                                                        "t.id",
                                                        "mc.movie_id"
                                                    ],
                                                    "Inner Unique": true,
                                                    "Hash Cond": "(mc.movie_id = t.id)",
                                                    "Workers": [
                                                        {
                                                            "Worker Number": 0,
                                                            "Actual Startup Time": 115.354,
                                                            "Actual Total Time": 222.843,
                                                            "Actual Rows": 75175,
                                                            "Actual Loops": 1
                                                        },
                                                        {
                                                            "Worker Number": 1,
                                                            "Actual Startup Time": 115.43,
                                                            "Actual Total Time": 223.957,
                                                            "Actual Rows": 74256,
                                                            "Actual Loops": 1
                                                        },
                                                        {
                                                            "Worker Number": 2,
                                                            "Actual Startup Time": 115.969,
                                                            "Actual Total Time": 224.294,
                                                            "Actual Rows": 74959,
                                                            "Actual Loops": 1
                                                        }
                                                    ],
                                                    "Plans": [
                                                        {
                                                            "Node Type": "Seq Scan",
                                                            "Parent Relationship": "Outer",
                                                            "Parallel Aware": true,
                                                            "Relation Name": "movie_companies",
                                                            "Schema": "public",
                                                            "Alias": "mc",
                                                            "Startup Cost": 0.0,
                                                            "Total Cost": 29310.68,
                                                            "Plan Rows": 442584,
                                                            "Plan Width": 4,
                                                            "Actual Startup Time": 7.84,
                                                            "Actual Total Time": 61.454,
                                                            "Actual Rows": 346444,
                                                            "Actual Loops": 4,
                                                            "Output": [
                                                                "mc.id",
                                                                "mc.movie_id",
                                                                "mc.company_id",
                                                                "mc.company_type_id",
                                                                "mc.note"
                                                            ],
                                                            "Filter": "(mc.company_id > 11138)",
                                                            "Rows Removed by Filter": 305839,
                                                            "Workers": [
                                                                {
                                                                    "Worker Number": 0,
                                                                    "Actual Startup Time": 7.828,
                                                                    "Actual Total Time": 61.613,
                                                                    "Actual Rows": 343227,
                                                                    "Actual Loops": 1
                                                                },
                                                                {
                                                                    "Worker Number": 1,
                                                                    "Actual Startup Time": 7.83,
                                                                    "Actual Total Time": 63.15,
                                                                    "Actual Rows": 337046,
                                                                    "Actual Loops": 1
                                                                },
                                                                {
                                                                    "Worker Number": 2,
                                                                    "Actual Startup Time": 7.838,
                                                                    "Actual Total Time": 61.916,
                                                                    "Actual Rows": 340922,
                                                                    "Actual Loops": 1
                                                                }
                                                            ]
                                                        },
                                                        {
                                                            "Node Type": "Hash",
                                                            "Parent Relationship": "Inner",
                                                            "Parallel Aware": true,
                                                            "Startup Cost": 45479.21,
                                                            "Total Cost": 45479.21,
                                                            "Plan Rows": 86554,
                                                            "Plan Width": 4,
                                                            "Actual Startup Time": 109.021,
                                                            "Actual Total Time": 109.021,
                                                            "Actual Rows": 69287,
                                                            "Actual Loops": 4,
                                                            "Output": [
                                                                "t.id"
                                                            ],
                                                            "Hash Buckets": 524288,
                                                            "Original Hash Buckets": 524288,
                                                            "Hash Batches": 1,
                                                            "Original Hash Batches": 1,
                                                            "Peak Memory Usage": 14976,
                                                            "Workers": [
                                                                {
                                                                    "Worker Number": 0,
                                                                    "Actual Startup Time": 107.382,
                                                                    "Actual Total Time": 107.383,
                                                                    "Actual Rows": 64982,
                                                                    "Actual Loops": 1
                                                                },
                                                                {
                                                                    "Worker Number": 1,
                                                                    "Actual Startup Time": 107.455,
                                                                    "Actual Total Time": 107.456,
                                                                    "Actual Rows": 62946,
                                                                    "Actual Loops": 1
                                                                },
                                                                {
                                                                    "Worker Number": 2,
                                                                    "Actual Startup Time": 107.985,
                                                                    "Actual Total Time": 107.985,
                                                                    "Actual Rows": 64976,
                                                                    "Actual Loops": 1
                                                                }
                                                            ],
                                                            "Plans": [
                                                                {
                                                                    "Node Type": "Seq Scan",
                                                                    "Parent Relationship": "Outer",
                                                                    "Parallel Aware": true,
                                                                    "Relation Name": "title",
                                                                    "Schema": "public",
                                                                    "Alias": "t",
                                                                    "Startup Cost": 0.0,
                                                                    "Total Cost": 45479.21,
                                                                    "Plan Rows": 86554,
                                                                    "Plan Width": 4,
                                                                    "Actual Startup Time": 0.099,
                                                                    "Actual Total Time": 85.904,
                                                                    "Actual Rows": 69287,
                                                                    "Actual Loops": 4,
                                                                    "Output": [
                                                                        "t.id"
                                                                    ],
                                                                    "Filter": "((t.kind_id < 4) AND (t.production_year > 2005))",
                                                                    "Rows Removed by Filter": 562791,
                                                                    "Workers": [
                                                                        {
                                                                            "Worker Number": 0,
                                                                            "Actual Startup Time": 0.2,
                                                                            "Actual Total Time": 84.71,
                                                                            "Actual Rows": 64982,
                                                                            "Actual Loops": 1
                                                                        },
                                                                        {
                                                                            "Worker Number": 1,
                                                                            "Actual Startup Time": 0.102,
                                                                            "Actual Total Time": 85.256,
                                                                            "Actual Rows": 62946,
                                                                            "Actual Loops": 1
                                                                        },
                                                                        {
                                                                            "Worker Number": 2,
                                                                            "Actual Startup Time": 0.065,
                                                                            "Actual Total Time": 85.152,
                                                                            "Actual Rows": 64976,
                                                                            "Actual Loops": 1
                                                                        }
                                                                    ]
                                                                }
                                                            ]
                                                        }
                                                    ]
                                                }
                                            ]
                                        }
                                    ]
                                }
                            ]
                        }
                    ]
                }
            ]
        },
        "Planning Time": 174.114,
        "Triggers": [],
        "Execution Time": 570.546
    }
]