[
    {
        "Bao": {
            "Bao prediction": "NaN",
            "Bao recommended hint": "(no hint)"
        }
    },
    {
        "Plan": {
            "Node Type": "Aggregate",
            "Strategy": "Plain",
            "Partial Mode": "Finalize",
            "Parallel Aware": false,
            "Startup Cost": 171119.69,
            "Total Cost": 171119.7,
            "Plan Rows": 1,
            "Plan Width": 8,
            "Actual Startup Time": 233.485,
            "Actual Total Time": 245.03,
            "Actual Rows": 1,
            "Actual Loops": 1,
            "Output": [
                "count(*)"
            ],
            "Plans": [
                {
                    "Node Type": "Gather",
                    "Parent Relationship": "Outer",
                    "Parallel Aware": false,
                    "Startup Cost": 171119.27,
                    "Total Cost": 171119.68,
                    "Plan Rows": 4,
                    "Plan Width": 8,
                    "Actual Startup Time": 226.956,
                    "Actual Total Time": 245.021,
                    "Actual Rows": 5,
                    "Actual Loops": 1,
                    "Output": [
                        "(PARTIAL count(*))"
                    ],
                    "Workers Planned": 4,
                    "Workers Launched": 4,
                    "Single Copy": false,
                    "Plans": [
                        {
                            "Node Type": "Aggregate",
                            "Strategy": "Plain",
                            "Partial Mode": "Partial",
                            "Parent Relationship": "Outer",
                            "Parallel Aware": false,
                            "Startup Cost": 170119.27,
                            "Total Cost": 170119.28,
                            "Plan Rows": 1,
                            "Plan Width": 8,
                            "Actual Startup Time": 217.464,
                            "Actual Total Time": 217.467,
                            "Actual Rows": 1,
                            "Actual Loops": 5,
                            "Output": [
                                "PARTIAL count(*)"
                            ],
                            "Workers": [
                                {
                                    "Worker Number": 0,
                                    "Actual Startup Time": 215.302,
                                    "Actual Total Time": 215.304,
                                    "Actual Rows": 1,
                                    "Actual Loops": 1
                                },
                                {
                                    "Worker Number": 1,
                                    "Actual Startup Time": 214.796,
                                    "Actual Total Time": 214.8,
                                    "Actual Rows": 1,
                                    "Actual Loops": 1
                                },
                                {
                                    "Worker Number": 2,
                                    "Actual Startup Time": 215.18,
                                    "Actual Total Time": 215.183,
                                    "Actual Rows": 1,
                                    "Actual Loops": 1
                                },
                                {
                                    "Worker Number": 3,
                                    "Actual Startup Time": 215.416,
                                    "Actual Total Time": 215.42,
                                    "Actual Rows": 1,
                                    "Actual Loops": 1
                                }
                            ],
                            "Plans": [
                                {
                                    "Node Type": "Nested Loop",
                                    "Parent Relationship": "Outer",
                                    "Parallel Aware": false,
                                    "Join Type": "Inner",
                                    "Startup Cost": 22025.41,
                                    "Total Cost": 170097.62,
                                    "Plan Rows": 8658,
                                    "Plan Width": 0,
                                    "Actual Startup Time": 118.24,
                                    "Actual Total Time": 215.864,
                                    "Actual Rows": 25551,
                                    "Actual Loops": 5,
                                    "Inner Unique": true,
                                    "Join Filter": "(mi.movie_id = t.id)",
                                    "Rows Removed by Join Filter": 0,
                                    "Workers": [
                                        {
                                            "Worker Number": 0,
                                            "Actual Startup Time": 115.545,
                                            "Actual Total Time": 213.682,
                                            "Actual Rows": 23455,
                                            "Actual Loops": 1
                                        },
                                        {
                                            "Worker Number": 1,
                                            "Actual Startup Time": 115.757,
                                            "Actual Total Time": 213.307,
                                            "Actual Rows": 21879,
                                            "Actual Loops": 1
                                        },
                                        {
                                            "Worker Number": 2,
                                            "Actual Startup Time": 116.149,
                                            "Actual Total Time": 213.602,
                                            "Actual Rows": 23383,
                                            "Actual Loops": 1
                                        },
                                        {
                                            "Worker Number": 3,
                                            "Actual Startup Time": 116.285,
                                            "Actual Total Time": 213.854,
                                            "Actual Rows": 23617,
                                            "Actual Loops": 1
                                        }
                                    ],
                                    "Plans": [
                                        {
                                            "Node Type": "Hash Join",
                                            "Parent Relationship": "Outer",
                                            "Parallel Aware": true,
                                            "Join Type": "Inner",
                                            "Startup Cost": 22024.98,
                                            "Total Cost": 143604.24,
                                            "Plan Rows": 44871,
                                            "Plan Width": 8,
                                            "Actual Startup Time": 118.164,
                                            "Actual Total Time": 136.126,
                                            "Actual Rows": 25551,
                                            "Actual Loops": 5,
                                            "Output": [
                                                "mi.movie_id",
                                                "mi_idx.movie_id"
                                            ],
                                            "Inner Unique": false,
                                            "Hash Cond": "(mi.movie_id = mi_idx.movie_id)",
                                            "Workers": [
                                                {
                                                    "Worker Number": 0,
                                                    "Actual Startup Time": 115.459,
                                                    "Actual Total Time": 133.696,
                                                    "Actual Rows": 23455,
                                                    "Actual Loops": 1
                                                },
                                                {
                                                    "Worker Number": 1,
                                                    "Actual Startup Time": 115.657,
                                                    "Actual Total Time": 132.351,
                                                    "Actual Rows": 21879,
                                                    "Actual Loops": 1
                                                },
                                                {
                                                    "Worker Number": 2,
                                                    "Actual Startup Time": 116.058,
                                                    "Actual Total Time": 133.57,
                                                    "Actual Rows": 23383,
                                                    "Actual Loops": 1
                                                },
                                                {
                                                    "Worker Number": 3,
                                                    "Actual Startup Time": 116.202,
                                                    "Actual Total Time": 133.815,
                                                    "Actual Rows": 23617,
                                                    "Actual Loops": 1
                                                }
                                            ],
                                            "Plans": [
                                                {
                                                    "Node Type": "Bitmap Heap Scan",
                                                    "Parent Relationship": "Outer",
                                                    "Parallel Aware": true,
                                                    "Relation Name": "movie_info",
                                                    "Schema": "public",
                                                    "Alias": "mi",
                                                    "Startup Cost": 1152.15,
                                                    "Total Cost": 122484.97,
                                                    "Plan Rows": 15862,
                                                    "Plan Width": 4,
                                                    "Actual Startup Time": 4.0,
                                                    "Actual Total Time": 10.216,
                                                    "Actual Rows": 12226,
                                                    "Actual Loops": 5,
                                                    "Output": [
                                                        "mi.id",
                                                        "mi.movie_id",
                                                        "mi.info_type_id",
                                                        "mi.info",
                                                        "mi.note"
                                                    ],
                                                    "Recheck Cond": "(mi.info_type_id = 103)",
                                                    "Rows Removed by Index Recheck": 0,
                                                    "Exact Heap Blocks": 1359,
                                                    "Lossy Heap Blocks": 0,
                                                    "Workers": [
                                                        {
                                                            "Worker Number": 0,
                                                            "Actual Startup Time": 3.998,
                                                            "Actual Total Time": 10.51,
                                                            "Actual Rows": 11334,
                                                            "Actual Loops": 1
                                                        },
                                                        {
                                                            "Worker Number": 1,
                                                            "Actual Startup Time": 3.99,
                                                            "Actual Total Time": 10.114,
                                                            "Actual Rows": 10346,
                                                            "Actual Loops": 1
                                                        },
                                                        {
                                                            "Worker Number": 2,
                                                            "Actual Startup Time": 4.02,
                                                            "Actual Total Time": 10.527,
                                                            "Actual Rows": 11336,
                                                            "Actual Loops": 1
                                                        },
                                                        {
                                                            "Worker Number": 3,
                                                            "Actual Startup Time": 4.005,
                                                            "Actual Total Time": 10.336,
                                                            "Actual Rows": 11332,
                                                            "Actual Loops": 1
                                                        }
                                                    ],
                                                    "Plans": [
                                                        {
                                                            "Node Type": "Bitmap Index Scan",
                                                            "Parent Relationship": "Outer",
                                                            "Parallel Aware": false,
                                                            "Index Name": "info_type_id_movie_info",
                                                            "Startup Cost": 0.0,
                                                            "Total Cost": 1136.29,
                                                            "Plan Rows": 63447,
                                                            "Plan Width": 0,
                                                            "Actual Startup Time": 3.318,
                                                            "Actual Total Time": 3.319,
                                                            "Actual Rows": 61128,
                                                            "Actual Loops": 1,
                                                            "Index Cond": "(mi.info_type_id = 103)",
                                                            "Workers": [
                                                                {
                                                                    "Worker Number": 1,
                                                                    "Actual Startup Time": 3.318,
                                                                    "Actual Total Time": 3.319,
                                                                    "Actual Rows": 61128,
                                                                    "Actual Loops": 1
                                                                }
                                                            ]
                                                        }
                                                    ]
                                                },
                                                {
                                                    "Node Type": "Hash",
                                                    "Parent Relationship": "Inner",
                                                    "Parallel Aware": true,
                                                    "Startup Cost": 13685.15,
                                                    "Total Cost": 13685.15,
                                                    "Plan Rows": 575015,
                                                    "Plan Width": 4,
                                                    "Actual Startup Time": 110.646,
                                                    "Actual Total Time": 110.646,
                                                    "Actual Rows": 276007,
                                                    "Actual Loops": 5,
                                                    "Output": [
                                                        "mi_idx.movie_id"
                                                    ],
                                                    "Hash Buckets": 2097152,
                                                    "Original Hash Buckets": 2097152,
                                                    "Hash Batches": 1,
                                                    "Original Hash Batches": 1,
                                                    "Peak Memory Usage": 70464,
                                                    "Workers": [
                                                        {
                                                            "Worker Number": 0,
                                                            "Actual Startup Time": 110.868,
                                                            "Actual Total Time": 110.868,
                                                            "Actual Rows": 246456,
                                                            "Actual Loops": 1
                                                        },
                                                        {
                                                            "Worker Number": 1,
                                                            "Actual Startup Time": 111.17,
                                                            "Actual Total Time": 111.171,
                                                            "Actual Rows": 249595,
                                                            "Actual Loops": 1
                                                        },
                                                        {
                                                            "Worker Number": 2,
                                                            "Actual Startup Time": 111.45,
                                                            "Actual Total Time": 111.45,
                                                            "Actual Rows": 248281,
                                                            "Actual Loops": 1
                                                        },
                                                        {
                                                            "Worker Number": 3,
                                                            "Actual Startup Time": 111.662,
                                                            "Actual Total Time": 111.663,
                                                            "Actual Rows": 257408,
                                                            "Actual Loops": 1
                                                        }
                                                    ],
                                                    "Plans": [
                                                        {
                                                            "Node Type": "Seq Scan",
                                                            "Parent Relationship": "Outer",
                                                            "Parallel Aware": true,
                                                            "Relation Name": "movie_info_idx",
                                                            "Schema": "public",
                                                            "Alias": "mi_idx",
                                                            "Startup Cost": 0.0,
                                                            "Total Cost": 13685.15,
                                                            "Plan Rows": 575015,
                                                            "Plan Width": 4,
                                                            "Actual Startup Time": 0.053,
                                                            "Actual Total Time": 36.957,
                                                            "Actual Rows": 276007,
                                                            "Actual Loops": 5,
                                                            "Output": [
                                                                "mi_idx.movie_id"
                                                            ],
                                                            "Workers": [
                                                                {
                                                                    "Worker Number": 0,
                                                                    "Actual Startup Time": 0.068,
                                                                    "Actual Total Time": 37.266,
                                                                    "Actual Rows": 246456,
                                                                    "Actual Loops": 1
                                                                },
                                                                {
                                                                    "Worker Number": 1,
                                                                    "Actual Startup Time": 0.066,
                                                                    "Actual Total Time": 38.927,
                                                                    "Actual Rows": 249595,
                                                                    "Actual Loops": 1
                                                                },
                                                                {
                                                                    "Worker Number": 2,
                                                                    "Actual Startup Time": 0.06,
                                                                    "Actual Total Time": 37.726,
                                                                    "Actual Rows": 248281,
                                                                    "Actual Loops": 1
                                                                },
                                                                {
                                                                    "Worker Number": 3,
                                                                    "Actual Startup Time": 0.058,
                                                                    "Actual Total Time": 37.059,
                                                                    "Actual Rows": 257408,
                                                                    "Actual Loops": 1
                                                                }
                                                            ]
                                                        }
                                                    ]
                                                }
                                            ]
                                        },
                                        {
                                            "Node Type": "Index Only Scan",
                                            "Parent Relationship": "Inner",
                                            "Parallel Aware": false,
                                            "Scan Direction": "Forward",
                                            "Index Name": "title_pkey",
                                            "Relation Name": "title",
                                            "Schema": "public",
                                            "Alias": "t",
                                            "Startup Cost": 0.43,
                                            "Total Cost": 0.58,
                                            "Plan Rows": 1,
                                            "Plan Width": 4,
                                            "Actual Startup Time": 0.003,
                                            "Actual Total Time": 0.003,
                                            "Actual Rows": 1,
                                            "Actual Loops": 127757,
                                            "Output": [
                                                "t.id"
                                            ],
                                            "Index Cond": "(t.id = mi_idx.movie_id)",
                                            "Rows Removed by Index Recheck": 0,
                                            "Heap Fetches": 127757,
                                            "Workers": [
                                                {
                                                    "Worker Number": 0,
                                                    "Actual Startup Time": 0.003,
                                                    "Actual Total Time": 0.003,
                                                    "Actual Rows": 1,
                                                    "Actual Loops": 23455
                                                },
                                                {
                                                    "Worker Number": 1,
                                                    "Actual Startup Time": 0.003,
                                                    "Actual Total Time": 0.003,
                                                    "Actual Rows": 1,
                                                    "Actual Loops": 21879
                                                },
                                                {
                                                    "Worker Number": 2,
                                                    "Actual Startup Time": 0.003,
                                                    "Actual Total Time": 0.003,
                                                    "Actual Rows": 1,
                                                    "Actual Loops": 23383
                                                },
                                                {
                                                    "Worker Number": 3,
                                                    "Actual Startup Time": 0.003,
                                                    "Actual Total Time": 0.003,
                                                    "Actual Rows": 1,
                                                    "Actual Loops": 23617
                                                }
                                            ]
                                        }
                                    ]
                                }
                            ]
                        }
                    ]
                }
            ]
        },
        "Planning Time": 195.86,
        "Triggers": [],
        "Execution Time": 245.104
    }
]