[
  {
    "Plan": {
      "Node Type": "Aggregate",
      "Strategy": "Plain",
      "Partial Mode": "Finalize",
      "Parallel Aware": false,
      "Startup Cost": 334519.94,
      "Total Cost": 334519.95,
      "Plan Rows": 1,
      "Plan Width": 8,
      "Actual Startup Time": 704.378,
      "Actual Total Time": 754.051,
      "Actual Rows": 1,
      "Actual Loops": 1,
      "Plans": [
        {
          "Node Type": "Gather",
          "Parent Relationship": "Outer",
          "Parallel Aware": false,
          "Startup Cost": 334519.32,
          "Total Cost": 334519.93,
          "Plan Rows": 6,
          "Plan Width": 8,
          "Actual Startup Time": 704.199,
          "Actual Total Time": 754.031,
          "Actual Rows": 7,
          "Actual Loops": 1,
          "Workers Planned": 6,
          "Workers Launched": 6,
          "Single Copy": false,
          "Plans": [
            {
              "Node Type": "Aggregate",
              "Strategy": "Plain",
              "Partial Mode": "Partial",
              "Parent Relationship": "Outer",
              "Parallel Aware": false,
              "Startup Cost": 333519.32,
              "Total Cost": 333519.33,
              "Plan Rows": 1,
              "Plan Width": 8,
              "Actual Startup Time": 696.92,
              "Actual Total Time": 696.922,
              "Actual Rows": 1,
              "Actual Loops": 7,
              "Plans": [
                {
                  "Node Type": "Seq Scan",
                  "Parent Relationship": "Outer",
                  "Parallel Aware": true,
                  "Relation Name": "cast_info",
                  "Alias": "ci",
                  "Startup Cost": 0.0,
                  "Total Cost": 328211.39,
                  "Plan Rows": 2123171,
                  "Plan Width": 0,
                  "Actual Startup Time": 0.048,
                  "Actual Total Time": 604.017,
                  "Actual Rows": 1836337,
                  "Actual Loops": 7,
                  "Filter": "(person_id < 1268531)",
                  "Rows Removed by Filter": 3341426
                }
              ]
            }
          ]
        }
      ]
    },
    "Planning Time": 0.095,
    "Triggers": [],
    "Execution Time": 754.096
  }
]