[
    {
        "Bao": {
            "Bao prediction": "NaN",
            "Bao recommended hint": "(no hint)"
        }
    },
    {
        "Plan": {
            "Node Type": "Aggregate",
            "Strategy": "Plain",
            "Partial Mode": "Finalize",
            "Parallel Aware": false,
            "Startup Cost": 312356.61,
            "Total Cost": 312356.62,
            "Plan Rows": 1,
            "Plan Width": 8,
            "Actual Startup Time": 216.161,
            "Actual Total Time": 222.15,
            "Actual Rows": 1,
            "Actual Loops": 1,
            "Output": [
                "count(*)"
            ],
            "Plans": [
                {
                    "Node Type": "Gather",
                    "Parent Relationship": "Outer",
                    "Parallel Aware": false,
                    "Startup Cost": 312355.98,
                    "Total Cost": 312356.59,
                    "Plan Rows": 6,
                    "Plan Width": 8,
                    "Actual Startup Time": 215.548,
                    "Actual Total Time": 222.14,
                    "Actual Rows": 7,
                    "Actual Loops": 1,
                    "Output": [
                        "(PARTIAL count(*))"
                    ],
                    "Workers Planned": 6,
                    "Workers Launched": 6,
                    "Single Copy": false,
                    "Plans": [
                        {
                            "Node Type": "Aggregate",
                            "Strategy": "Plain",
                            "Partial Mode": "Partial",
                            "Parent Relationship": "Outer",
                            "Parallel Aware": false,
                            "Startup Cost": 311355.98,
                            "Total Cost": 311355.99,
                            "Plan Rows": 1,
                            "Plan Width": 8,
                            "Actual Startup Time": 205.351,
                            "Actual Total Time": 205.352,
                            "Actual Rows": 1,
                            "Actual Loops": 7,
                            "Output": [
                                "PARTIAL count(*)"
                            ],
                            "Workers": [
                                {
                                    "Worker Number": 0,
                                    "Actual Startup Time": 202.846,
                                    "Actual Total Time": 202.848,
                                    "Actual Rows": 1,
                                    "Actual Loops": 1
                                },
                                {
                                    "Worker Number": 1,
                                    "Actual Startup Time": 203.397,
                                    "Actual Total Time": 203.398,
                                    "Actual Rows": 1,
                                    "Actual Loops": 1
                                },
                                {
                                    "Worker Number": 2,
                                    "Actual Startup Time": 203.377,
                                    "Actual Total Time": 203.379,
                                    "Actual Rows": 1,
                                    "Actual Loops": 1
                                },
                                {
                                    "Worker Number": 3,
                                    "Actual Startup Time": 203.989,
                                    "Actual Total Time": 203.991,
                                    "Actual Rows": 1,
                                    "Actual Loops": 1
                                },
                                {
                                    "Worker Number": 4,
                                    "Actual Startup Time": 204.332,
                                    "Actual Total Time": 204.333,
                                    "Actual Rows": 1,
                                    "Actual Loops": 1
                                },
                                {
                                    "Worker Number": 5,
                                    "Actual Startup Time": 204.46,
                                    "Actual Total Time": 204.461,
                                    "Actual Rows": 1,
                                    "Actual Loops": 1
                                }
                            ],
                            "Plans": [
                                {
                                    "Node Type": "Bitmap Heap Scan",
                                    "Parent Relationship": "Outer",
                                    "Parallel Aware": true,
                                    "Relation Name": "cast_info",
                                    "Schema": "public",
                                    "Alias": "ci",
                                    "Startup Cost": 52701.08,
                                    "Total Cost": 310361.33,
                                    "Plan Rows": 397860,
                                    "Plan Width": 0,
                                    "Actual Startup Time": 101.391,
                                    "Actual Total Time": 184.906,
                                    "Actual Rows": 341297,
                                    "Actual Loops": 7,
                                    "Recheck Cond": "(ci.person_id < 232478)",
                                    "Rows Removed by Index Recheck": 0,
                                    "Exact Heap Blocks": 6171,
                                    "Lossy Heap Blocks": 0,
                                    "Workers": [
                                        {
                                            "Worker Number": 0,
                                            "Actual Startup Time": 98.748,
                                            "Actual Total Time": 183.204,
                                            "Actual Rows": 247815,
                                            "Actual Loops": 1
                                        },
                                        {
                                            "Worker Number": 1,
                                            "Actual Startup Time": 99.576,
                                            "Actual Total Time": 183.097,
                                            "Actual Rows": 248901,
                                            "Actual Loops": 1
                                        },
                                        {
                                            "Worker Number": 2,
                                            "Actual Startup Time": 99.256,
                                            "Actual Total Time": 183.845,
                                            "Actual Rows": 242449,
                                            "Actual Loops": 1
                                        },
                                        {
                                            "Worker Number": 3,
                                            "Actual Startup Time": 100.417,
                                            "Actual Total Time": 183.831,
                                            "Actual Rows": 343984,
                                            "Actual Loops": 1
                                        },
                                        {
                                            "Worker Number": 4,
                                            "Actual Startup Time": 100.925,
                                            "Actual Total Time": 184.076,
                                            "Actual Rows": 345368,
                                            "Actual Loops": 1
                                        },
                                        {
                                            "Worker Number": 5,
                                            "Actual Startup Time": 100.31,
                                            "Actual Total Time": 184.269,
                                            "Actual Rows": 348740,
                                            "Actual Loops": 1
                                        }
                                    ],
                                    "Plans": [
                                        {
                                            "Node Type": "Bitmap Index Scan",
                                            "Parent Relationship": "Outer",
                                            "Parallel Aware": false,
                                            "Index Name": "person_id_cast_info",
                                            "Startup Cost": 0.0,
                                            "Total Cost": 52104.29,
                                            "Plan Rows": 2387163,
                                            "Plan Width": 0,
                                            "Actual Startup Time": 106.857,
                                            "Actual Total Time": 106.857,
                                            "Actual Rows": 2389082,
                                            "Actual Loops": 1,
                                            "Index Cond": "(ci.person_id < 232478)"
                                        }
                                    ]
                                }
                            ]
                        }
                    ]
                }
            ]
        },
        "Planning Time": 200.007,
        "Triggers": [],
        "Execution Time": 222.249
    }
]