[
    {
        "Bao": {
            "Bao prediction": "NaN",
            "Bao recommended hint": "(no hint)"
        }
    },
    {
        "Plan": {
            "Node Type": "Aggregate",
            "Strategy": "Plain",
            "Partial Mode": "Finalize",
            "Parallel Aware": false,
            "Startup Cost": 206714.55,
            "Total Cost": 206714.56,
            "Plan Rows": 1,
            "Plan Width": 8,
            "Actual Startup Time": 1039.907,
            "Actual Total Time": 1063.127,
            "Actual Rows": 1,
            "Actual Loops": 1,
            "Output": [
                "count(*)"
            ],
            "Plans": [
                {
                    "Node Type": "Gather",
                    "Parent Relationship": "Outer",
                    "Parallel Aware": false,
                    "Startup Cost": 206714.24,
                    "Total Cost": 206714.55,
                    "Plan Rows": 3,
                    "Plan Width": 8,
                    "Actual Startup Time": 1027.752,
                    "Actual Total Time": 1063.117,
                    "Actual Rows": 4,
                    "Actual Loops": 1,
                    "Output": [
                        "(PARTIAL count(*))"
                    ],
                    "Workers Planned": 3,
                    "Workers Launched": 3,
                    "Single Copy": false,
                    "Plans": [
                        {
                            "Node Type": "Aggregate",
                            "Strategy": "Plain",
                            "Partial Mode": "Partial",
                            "Parent Relationship": "Outer",
                            "Parallel Aware": false,
                            "Startup Cost": 205714.24,
                            "Total Cost": 205714.25,
                            "Plan Rows": 1,
                            "Plan Width": 8,
                            "Actual Startup Time": 1019.121,
                            "Actual Total Time": 1019.897,
                            "Actual Rows": 1,
                            "Actual Loops": 4,
                            "Output": [
                                "PARTIAL count(*)"
                            ],
                            "Workers": [
                                {
                                    "Worker Number": 0,
                                    "Actual Startup Time": 1015.226,
                                    "Actual Total Time": 1015.231,
                                    "Actual Rows": 1,
                                    "Actual Loops": 1
                                },
                                {
                                    "Worker Number": 1,
                                    "Actual Startup Time": 1016.128,
                                    "Actual Total Time": 1016.133,
                                    "Actual Rows": 1,
                                    "Actual Loops": 1
                                },
                                {
                                    "Worker Number": 2,
                                    "Actual Startup Time": 1017.763,
                                    "Actual Total Time": 1017.767,
                                    "Actual Rows": 1,
                                    "Actual Loops": 1
                                }
                            ],
                            "Plans": [
                                {
                                    "Node Type": "Hash Join",
                                    "Parent Relationship": "Outer",
                                    "Parallel Aware": true,
                                    "Join Type": "Inner",
                                    "Startup Cost": 161628.72,
                                    "Total Cost": 205492.89,
                                    "Plan Rows": 88538,
                                    "Plan Width": 0,
                                    "Actual Startup Time": 878.3,
                                    "Actual Total Time": 1015.416,
                                    "Actual Rows": 109214,
                                    "Actual Loops": 4,
                                    "Inner Unique": false,
                                    "Hash Cond": "(mk.movie_id = t.id)",
                                    "Workers": [
                                        {
                                            "Worker Number": 0,
                                            "Actual Startup Time": 874.822,
                                            "Actual Total Time": 1010.955,
                                            "Actual Rows": 102860,
                                            "Actual Loops": 1
                                        },
                                        {
                                            "Worker Number": 1,
                                            "Actual Startup Time": 875.668,
                                            "Actual Total Time": 1011.582,
                                            "Actual Rows": 108940,
                                            "Actual Loops": 1
                                        },
                                        {
                                            "Worker Number": 2,
                                            "Actual Startup Time": 875.826,
                                            "Actual Total Time": 1013.215,
                                            "Actual Rows": 110166,
                                            "Actual Loops": 1
                                        }
                                    ],
                                    "Plans": [
                                        {
                                            "Node Type": "Seq Scan",
                                            "Parent Relationship": "Outer",
                                            "Parallel Aware": true,
                                            "Relation Name": "movie_keyword",
                                            "Schema": "public",
                                            "Alias": "mk",
                                            "Startup Cost": 0.0,
                                            "Total Cost": 42695.65,
                                            "Plan Rows": 264383,
                                            "Plan Width": 4,
                                            "Actual Startup Time": 0.019,
                                            "Actual Total Time": 82.227,
                                            "Actual Rows": 205827,
                                            "Actual Loops": 4,
                                            "Output": [
                                                "mk.id",
                                                "mk.movie_id",
                                                "mk.keyword_id"
                                            ],
                                            "Filter": "(mk.keyword_id < 788)",
                                            "Rows Removed by Filter": 925156,
                                            "Workers": [
                                                {
                                                    "Worker Number": 0,
                                                    "Actual Startup Time": 0.021,
                                                    "Actual Total Time": 82.731,
                                                    "Actual Rows": 193014,
                                                    "Actual Loops": 1
                                                },
                                                {
                                                    "Worker Number": 1,
                                                    "Actual Startup Time": 0.021,
                                                    "Actual Total Time": 83.441,
                                                    "Actual Rows": 201671,
                                                    "Actual Loops": 1
                                                },
                                                {
                                                    "Worker Number": 2,
                                                    "Actual Startup Time": 0.02,
                                                    "Actual Total Time": 83.424,
                                                    "Actual Rows": 203603,
                                                    "Actual Loops": 1
                                                }
                                            ]
                                        },
                                        {
                                            "Node Type": "Hash",
                                            "Parent Relationship": "Inner",
                                            "Parallel Aware": true,
                                            "Startup Cost": 159511.97,
                                            "Total Cost": 159511.97,
                                            "Plan Rows": 169340,
                                            "Plan Width": 8,
                                            "Actual Startup Time": 875.136,
                                            "Actual Total Time": 875.91,
                                            "Actual Rows": 452112,
                                            "Actual Loops": 4,
                                            "Output": [
                                                "t.id",
                                                "ci.movie_id"
                                            ],
                                            "Hash Buckets": 2097152,
                                            "Original Hash Buckets": 1048576,
                                            "Hash Batches": 1,
                                            "Original Hash Batches": 1,
                                            "Peak Memory Usage": 95424,
                                            "Workers": [
                                                {
                                                    "Worker Number": 0,
                                                    "Actual Startup Time": 874.194,
                                                    "Actual Total Time": 874.198,
                                                    "Actual Rows": 427232,
                                                    "Actual Loops": 1
                                                },
                                                {
                                                    "Worker Number": 1,
                                                    "Actual Startup Time": 875.236,
                                                    "Actual Total Time": 875.24,
                                                    "Actual Rows": 453258,
                                                    "Actual Loops": 1
                                                },
                                                {
                                                    "Worker Number": 2,
                                                    "Actual Startup Time": 875.38,
                                                    "Actual Total Time": 875.383,
                                                    "Actual Rows": 457549,
                                                    "Actual Loops": 1
                                                }
                                            ],
                                            "Plans": [
                                                {
                                                    "Node Type": "Hash Join",
                                                    "Parent Relationship": "Outer",
                                                    "Parallel Aware": true,
                                                    "Join Type": "Inner",
                                                    "Startup Cost": 49702.6,
                                                    "Total Cost": 159511.97,
                                                    "Plan Rows": 169340,
                                                    "Plan Width": 8,
                                                    "Actual Startup Time": 257.749,
                                                    "Actual Total Time": 703.222,
                                                    "Actual Rows": 452112,
                                                    "Actual Loops": 4,
                                                    "Output": [
                                                        "t.id",
                                                        "ci.movie_id"
                                                    ],
                                                    "Inner Unique": true,
                                                    "Hash Cond": "(ci.movie_id = t.id)",
                                                    "Workers": [
                                                        {
                                                            "Worker Number": 0,
                                                            "Actual Startup Time": 256.813,
                                                            "Actual Total Time": 699.61,
                                                            "Actual Rows": 427232,
                                                            "Actual Loops": 1
                                                        },
                                                        {
                                                            "Worker Number": 1,
                                                            "Actual Startup Time": 257.972,
                                                            "Actual Total Time": 704.685,
                                                            "Actual Rows": 453258,
                                                            "Actual Loops": 1
                                                        },
                                                        {
                                                            "Worker Number": 2,
                                                            "Actual Startup Time": 257.787,
                                                            "Actual Total Time": 704.155,
                                                            "Actual Rows": 457549,
                                                            "Actual Loops": 1
                                                        }
                                                    ],
                                                    "Plans": [
                                                        {
                                                            "Node Type": "Index Scan",
                                                            "Parent Relationship": "Outer",
                                                            "Parallel Aware": true,
                                                            "Scan Direction": "Forward",
                                                            "Index Name": "role_id_cast_info",
                                                            "Relation Name": "cast_info",
                                                            "Schema": "public",
                                                            "Alias": "ci",
                                                            "Startup Cost": 0.56,
                                                            "Total Cost": 109204.72,
                                                            "Plan Rows": 230562,
                                                            "Plan Width": 4,
                                                            "Actual Startup Time": 0.273,
                                                            "Actual Total Time": 171.692,
                                                            "Actual Rows": 586534,
                                                            "Actual Loops": 4,
                                                            "Output": [
                                                                "ci.id",
                                                                "ci.person_id",
                                                                "ci.movie_id",
                                                                "ci.person_role_id",
                                                                "ci.note",
                                                                "ci.nr_order",
                                                                "ci.role_id"
                                                            ],
                                                            "Index Cond": "(ci.role_id = 3)",
                                                            "Rows Removed by Index Recheck": 0,
                                                            "Filter": "(ci.person_id > 2661441)",
                                                            "Rows Removed by Filter": 415475,
                                                            "Workers": [
                                                                {
                                                                    "Worker Number": 0,
                                                                    "Actual Startup Time": 0.232,
                                                                    "Actual Total Time": 173.318,
                                                                    "Actual Rows": 553755,
                                                                    "Actual Loops": 1
                                                                },
                                                                {
                                                                    "Worker Number": 1,
                                                                    "Actual Startup Time": 0.434,
                                                                    "Actual Total Time": 174.868,
                                                                    "Actual Rows": 586884,
                                                                    "Actual Loops": 1
                                                                },
                                                                {
                                                                    "Worker Number": 2,
                                                                    "Actual Startup Time": 0.1,
                                                                    "Actual Total Time": 177.419,
                                                                    "Actual Rows": 592571,
                                                                    "Actual Loops": 1
                                                                }
                                                            ]
                                                        },
                                                        {
                                                            "Node Type": "Hash",
                                                            "Parent Relationship": "Inner",
                                                            "Parallel Aware": true,
                                                            "Startup Cost": 43899.01,
                                                            "Total Cost": 43899.01,
                                                            "Plan Rows": 464242,
                                                            "Plan Width": 4,
                                                            "Actual Startup Time": 253.809,
                                                            "Actual Total Time": 253.811,
                                                            "Actual Rows": 466372,
                                                            "Actual Loops": 4,
                                                            "Output": [
                                                                "t.id"
                                                            ],
                                                            "Hash Buckets": 2097152,
                                                            "Original Hash Buckets": 2097152,
                                                            "Hash Batches": 1,
                                                            "Original Hash Batches": 1,
                                                            "Peak Memory Usage": 89408,
                                                            "Workers": [
                                                                {
                                                                    "Worker Number": 0,
                                                                    "Actual Startup Time": 256.529,
                                                                    "Actual Total Time": 256.53,
                                                                    "Actual Rows": 409995,
                                                                    "Actual Loops": 1
                                                                },
                                                                {
                                                                    "Worker Number": 1,
                                                                    "Actual Startup Time": 257.407,
                                                                    "Actual Total Time": 257.409,
                                                                    "Actual Rows": 442292,
                                                                    "Actual Loops": 1
                                                                },
                                                                {
                                                                    "Worker Number": 2,
                                                                    "Actual Startup Time": 257.603,
                                                                    "Actual Total Time": 257.604,
                                                                    "Actual Rows": 445758,
                                                                    "Actual Loops": 1
                                                                }
                                                            ],
                                                            "Plans": [
                                                                {
                                                                    "Node Type": "Seq Scan",
                                                                    "Parent Relationship": "Outer",
                                                                    "Parallel Aware": true,
                                                                    "Relation Name": "title",
                                                                    "Schema": "public",
                                                                    "Alias": "t",
                                                                    "Startup Cost": 0.0,
                                                                    "Total Cost": 43899.01,
                                                                    "Plan Rows": 464242,
                                                                    "Plan Width": 4,
                                                                    "Actual Startup Time": 0.041,
                                                                    "Actual Total Time": 97.2,
                                                                    "Actual Rows": 466372,
                                                                    "Actual Loops": 4,
                                                                    "Output": [
                                                                        "t.id"
                                                                    ],
                                                                    "Filter": "(t.kind_id > 1)",
                                                                    "Rows Removed by Filter": 165706,
                                                                    "Workers": [
                                                                        {
                                                                            "Worker Number": 0,
                                                                            "Actual Startup Time": 0.038,
                                                                            "Actual Total Time": 96.602,
                                                                            "Actual Rows": 409995,
                                                                            "Actual Loops": 1
                                                                        },
                                                                        {
                                                                            "Worker Number": 1,
                                                                            "Actual Startup Time": 0.051,
                                                                            "Actual Total Time": 101.718,
                                                                            "Actual Rows": 442292,
                                                                            "Actual Loops": 1
                                                                        },
                                                                        {
                                                                            "Worker Number": 2,
                                                                            "Actual Startup Time": 0.064,
                                                                            "Actual Total Time": 102.144,
                                                                            "Actual Rows": 445758,
                                                                            "Actual Loops": 1
                                                                        }
                                                                    ]
                                                                }
                                                            ]
                                                        }
                                                    ]
                                                }
                                            ]
                                        }
                                    ]
                                }
                            ]
                        }
                    ]
                }
            ]
        },
        "Planning Time": 221.449,
        "Triggers": [],
        "Execution Time": 1063.266
    }
]