[
    {
        "Bao": {
            "Bao prediction": "NaN",
            "Bao recommended hint": "(no hint)"
        }
    },
    {
        "Plan": {
            "Node Type": "Aggregate",
            "Strategy": "Plain",
            "Partial Mode": "Finalize",
            "Parallel Aware": false,
            "Startup Cost": 531575.27,
            "Total Cost": 531575.28,
            "Plan Rows": 1,
            "Plan Width": 8,
            "Actual Startup Time": 7080.563,
            "Actual Total Time": 7149.321,
            "Actual Rows": 1,
            "Actual Loops": 1,
            "Output": [
                "count(*)"
            ],
            "Plans": [
                {
                    "Node Type": "Gather",
                    "Parent Relationship": "Outer",
                    "Parallel Aware": false,
                    "Startup Cost": 531574.74,
                    "Total Cost": 531575.25,
                    "Plan Rows": 5,
                    "Plan Width": 8,
                    "Actual Startup Time": 7076.449,
                    "Actual Total Time": 7149.31,
                    "Actual Rows": 6,
                    "Actual Loops": 1,
                    "Output": [
                        "(PARTIAL count(*))"
                    ],
                    "Workers Planned": 5,
                    "Workers Launched": 5,
                    "Single Copy": false,
                    "Plans": [
                        {
                            "Node Type": "Aggregate",
                            "Strategy": "Plain",
                            "Partial Mode": "Partial",
                            "Parent Relationship": "Outer",
                            "Parallel Aware": false,
                            "Startup Cost": 530574.74,
                            "Total Cost": 530574.75,
                            "Plan Rows": 1,
                            "Plan Width": 8,
                            "Actual Startup Time": 7067.272,
                            "Actual Total Time": 7067.276,
                            "Actual Rows": 1,
                            "Actual Loops": 6,
                            "Output": [
                                "PARTIAL count(*)"
                            ],
                            "Workers": [
                                {
                                    "Worker Number": 0,
                                    "Actual Startup Time": 7063.77,
                                    "Actual Total Time": 7063.774,
                                    "Actual Rows": 1,
                                    "Actual Loops": 1
                                },
                                {
                                    "Worker Number": 1,
                                    "Actual Startup Time": 7064.153,
                                    "Actual Total Time": 7064.157,
                                    "Actual Rows": 1,
                                    "Actual Loops": 1
                                },
                                {
                                    "Worker Number": 2,
                                    "Actual Startup Time": 7064.711,
                                    "Actual Total Time": 7064.714,
                                    "Actual Rows": 1,
                                    "Actual Loops": 1
                                },
                                {
                                    "Worker Number": 3,
                                    "Actual Startup Time": 7069.695,
                                    "Actual Total Time": 7069.698,
                                    "Actual Rows": 1,
                                    "Actual Loops": 1
                                },
                                {
                                    "Worker Number": 4,
                                    "Actual Startup Time": 7065.443,
                                    "Actual Total Time": 7065.447,
                                    "Actual Rows": 1,
                                    "Actual Loops": 1
                                }
                            ],
                            "Plans": [
                                {
                                    "Node Type": "Nested Loop",
                                    "Parent Relationship": "Outer",
                                    "Parallel Aware": false,
                                    "Join Type": "Inner",
                                    "Startup Cost": 46528.76,
                                    "Total Cost": 525596.46,
                                    "Plan Rows": 1991313,
                                    "Plan Width": 0,
                                    "Actual Startup Time": 123.985,
                                    "Actual Total Time": 6673.318,
                                    "Actual Rows": 9022159,
                                    "Actual Loops": 6,
                                    "Inner Unique": false,
                                    "Join Filter": "(t.id = ci.movie_id)",
                                    "Rows Removed by Join Filter": 0,
                                    "Workers": [
                                        {
                                            "Worker Number": 0,
                                            "Actual Startup Time": 120.477,
                                            "Actual Total Time": 6667.081,
                                            "Actual Rows": 9262599,
                                            "Actual Loops": 1
                                        },
                                        {
                                            "Worker Number": 1,
                                            "Actual Startup Time": 121.004,
                                            "Actual Total Time": 6658.728,
                                            "Actual Rows": 8952662,
                                            "Actual Loops": 1
                                        },
                                        {
                                            "Worker Number": 2,
                                            "Actual Startup Time": 121.089,
                                            "Actual Total Time": 6666.709,
                                            "Actual Rows": 9305969,
                                            "Actual Loops": 1
                                        },
                                        {
                                            "Worker Number": 3,
                                            "Actual Startup Time": 126.399,
                                            "Actual Total Time": 6709.315,
                                            "Actual Rows": 8831244,
                                            "Actual Loops": 1
                                        },
                                        {
                                            "Worker Number": 4,
                                            "Actual Startup Time": 122.438,
                                            "Actual Total Time": 6698.766,
                                            "Actual Rows": 8814249,
                                            "Actual Loops": 1
                                        }
                                    ],
                                    "Plans": [
                                        {
                                            "Node Type": "Hash Join",
                                            "Parent Relationship": "Outer",
                                            "Parallel Aware": true,
                                            "Join Type": "Inner",
                                            "Startup Cost": 46528.2,
                                            "Total Cost": 248154.74,
                                            "Plan Rows": 138877,
                                            "Plan Width": 8,
                                            "Actual Startup Time": 123.896,
                                            "Actual Total Time": 634.817,
                                            "Actual Rows": 215493,
                                            "Actual Loops": 6,
                                            "Output": [
                                                "t.id",
                                                "mi.movie_id"
                                            ],
                                            "Inner Unique": true,
                                            "Hash Cond": "(mi.movie_id = t.id)",
                                            "Workers": [
                                                {
                                                    "Worker Number": 0,
                                                    "Actual Startup Time": 120.367,
                                                    "Actual Total Time": 636.427,
                                                    "Actual Rows": 221577,
                                                    "Actual Loops": 1
                                                },
                                                {
                                                    "Worker Number": 1,
                                                    "Actual Startup Time": 120.897,
                                                    "Actual Total Time": 627.81,
                                                    "Actual Rows": 211093,
                                                    "Actual Loops": 1
                                                },
                                                {
                                                    "Worker Number": 2,
                                                    "Actual Startup Time": 121.001,
                                                    "Actual Total Time": 643.626,
                                                    "Actual Rows": 226712,
                                                    "Actual Loops": 1
                                                },
                                                {
                                                    "Worker Number": 3,
                                                    "Actual Startup Time": 126.295,
                                                    "Actual Total Time": 631.867,
                                                    "Actual Rows": 214125,
                                                    "Actual Loops": 1
                                                },
                                                {
                                                    "Worker Number": 4,
                                                    "Actual Startup Time": 122.347,
                                                    "Actual Total Time": 626.645,
                                                    "Actual Rows": 210918,
                                                    "Actual Loops": 1
                                                }
                                            ],
                                            "Plans": [
                                                {
                                                    "Node Type": "Seq Scan",
                                                    "Parent Relationship": "Outer",
                                                    "Parallel Aware": true,
                                                    "Relation Name": "movie_info",
                                                    "Schema": "public",
                                                    "Alias": "mi",
                                                    "Startup Cost": 0.0,
                                                    "Total Cost": 198880.74,
                                                    "Plan Rows": 1046023,
                                                    "Plan Width": 4,
                                                    "Actual Startup Time": 15.435,
                                                    "Actual Total Time": 288.174,
                                                    "Actual Rows": 878428,
                                                    "Actual Loops": 6,
                                                    "Output": [
                                                        "mi.id",
                                                        "mi.movie_id",
                                                        "mi.info_type_id",
                                                        "mi.info",
                                                        "mi.note"
                                                    ],
                                                    "Filter": "(mi.info_type_id > 15)",
                                                    "Rows Removed by Filter": 1594192,
                                                    "Workers": [
                                                        {
                                                            "Worker Number": 0,
                                                            "Actual Startup Time": 15.37,
                                                            "Actual Total Time": 288.604,
                                                            "Actual Rows": 911896,
                                                            "Actual Loops": 1
                                                        },
                                                        {
                                                            "Worker Number": 1,
                                                            "Actual Startup Time": 15.368,
                                                            "Actual Total Time": 291.553,
                                                            "Actual Rows": 780560,
                                                            "Actual Loops": 1
                                                        },
                                                        {
                                                            "Worker Number": 2,
                                                            "Actual Startup Time": 15.393,
                                                            "Actual Total Time": 292.565,
                                                            "Actual Rows": 939060,
                                                            "Actual Loops": 1
                                                        },
                                                        {
                                                            "Worker Number": 3,
                                                            "Actual Startup Time": 15.501,
                                                            "Actual Total Time": 289.291,
                                                            "Actual Rows": 877981,
                                                            "Actual Loops": 1
                                                        },
                                                        {
                                                            "Worker Number": 4,
                                                            "Actual Startup Time": 15.445,
                                                            "Actual Total Time": 290.045,
                                                            "Actual Rows": 883091,
                                                            "Actual Loops": 1
                                                        }
                                                    ]
                                                },
                                                {
                                                    "Node Type": "Hash",
                                                    "Parent Relationship": "Inner",
                                                    "Parallel Aware": true,
                                                    "Startup Cost": 45479.21,
                                                    "Total Cost": 45479.21,
                                                    "Plan Rows": 83919,
                                                    "Plan Width": 4,
                                                    "Actual Startup Time": 106.239,
                                                    "Actual Total Time": 106.24,
                                                    "Actual Rows": 74199,
                                                    "Actual Loops": 6,
                                                    "Output": [
                                                        "t.id"
                                                    ],
                                                    "Hash Buckets": 524288,
                                                    "Original Hash Buckets": 524288,
                                                    "Hash Batches": 1,
                                                    "Original Hash Batches": 1,
                                                    "Peak Memory Usage": 21664,
                                                    "Workers": [
                                                        {
                                                            "Worker Number": 0,
                                                            "Actual Startup Time": 104.354,
                                                            "Actual Total Time": 104.355,
                                                            "Actual Rows": 77222,
                                                            "Actual Loops": 1
                                                        },
                                                        {
                                                            "Worker Number": 1,
                                                            "Actual Startup Time": 104.8,
                                                            "Actual Total Time": 104.801,
                                                            "Actual Rows": 56460,
                                                            "Actual Loops": 1
                                                        },
                                                        {
                                                            "Worker Number": 2,
                                                            "Actual Startup Time": 105.016,
                                                            "Actual Total Time": 105.016,
                                                            "Actual Rows": 77093,
                                                            "Actual Loops": 1
                                                        },
                                                        {
                                                            "Worker Number": 3,
                                                            "Actual Startup Time": 110.583,
                                                            "Actual Total Time": 110.584,
                                                            "Actual Rows": 81036,
                                                            "Actual Loops": 1
                                                        },
                                                        {
                                                            "Worker Number": 4,
                                                            "Actual Startup Time": 106.041,
                                                            "Actual Total Time": 106.042,
                                                            "Actual Rows": 77795,
                                                            "Actual Loops": 1
                                                        }
                                                    ],
                                                    "Plans": [
                                                        {
                                                            "Node Type": "Seq Scan",
                                                            "Parent Relationship": "Outer",
                                                            "Parallel Aware": true,
                                                            "Relation Name": "title",
                                                            "Schema": "public",
                                                            "Alias": "t",
                                                            "Startup Cost": 0.0,
                                                            "Total Cost": 45479.21,
                                                            "Plan Rows": 83919,
                                                            "Plan Width": 4,
                                                            "Actual Startup Time": 0.069,
                                                            "Actual Total Time": 77.391,
                                                            "Actual Rows": 74199,
                                                            "Actual Loops": 6,
                                                            "Output": [
                                                                "t.id"
                                                            ],
                                                            "Filter": "((t.kind_id < 7) AND (t.production_year < 1996))",
                                                            "Rows Removed by Filter": 347186,
                                                            "Workers": [
                                                                {
                                                                    "Worker Number": 0,
                                                                    "Actual Startup Time": 0.042,
                                                                    "Actual Total Time": 76.723,
                                                                    "Actual Rows": 77222,
                                                                    "Actual Loops": 1
                                                                },
                                                                {
                                                                    "Worker Number": 1,
                                                                    "Actual Startup Time": 0.125,
                                                                    "Actual Total Time": 78.389,
                                                                    "Actual Rows": 56460,
                                                                    "Actual Loops": 1
                                                                },
                                                                {
                                                                    "Worker Number": 2,
                                                                    "Actual Startup Time": 0.095,
                                                                    "Actual Total Time": 77.305,
                                                                    "Actual Rows": 77093,
                                                                    "Actual Loops": 1
                                                                },
                                                                {
                                                                    "Worker Number": 3,
                                                                    "Actual Startup Time": 0.018,
                                                                    "Actual Total Time": 78.149,
                                                                    "Actual Rows": 81036,
                                                                    "Actual Loops": 1
                                                                },
                                                                {
                                                                    "Worker Number": 4,
                                                                    "Actual Startup Time": 0.096,
                                                                    "Actual Total Time": 77.379,
                                                                    "Actual Rows": 77795,
                                                                    "Actual Loops": 1
                                                                }
                                                            ]
                                                        }
                                                    ]
                                                }
                                            ]
                                        },
                                        {
                                            "Node Type": "Index Only Scan",
                                            "Parent Relationship": "Inner",
                                            "Parallel Aware": false,
                                            "Scan Direction": "Forward",
                                            "Index Name": "movie_id_cast_info",
                                            "Relation Name": "cast_info",
                                            "Schema": "public",
                                            "Alias": "ci",
                                            "Startup Cost": 0.56,
                                            "Total Cost": 1.52,
                                            "Plan Rows": 38,
                                            "Plan Width": 4,
                                            "Actual Startup Time": 0.004,
                                            "Actual Total Time": 0.024,
                                            "Actual Rows": 42,
                                            "Actual Loops": 1292960,
                                            "Output": [
                                                "ci.movie_id"
                                            ],
                                            "Index Cond": "(ci.movie_id = mi.movie_id)",
                                            "Rows Removed by Index Recheck": 0,
                                            "Heap Fetches": 54132956,
                                            "Workers": [
                                                {
                                                    "Worker Number": 0,
                                                    "Actual Startup Time": 0.004,
                                                    "Actual Total Time": 0.024,
                                                    "Actual Rows": 42,
                                                    "Actual Loops": 221577
                                                },
                                                {
                                                    "Worker Number": 1,
                                                    "Actual Startup Time": 0.005,
                                                    "Actual Total Time": 0.025,
                                                    "Actual Rows": 42,
                                                    "Actual Loops": 211093
                                                },
                                                {
                                                    "Worker Number": 2,
                                                    "Actual Startup Time": 0.004,
                                                    "Actual Total Time": 0.023,
                                                    "Actual Rows": 41,
                                                    "Actual Loops": 226712
                                                },
                                                {
                                                    "Worker Number": 3,
                                                    "Actual Startup Time": 0.005,
                                                    "Actual Total Time": 0.025,
                                                    "Actual Rows": 41,
                                                    "Actual Loops": 214125
                                                },
                                                {
                                                    "Worker Number": 4,
                                                    "Actual Startup Time": 0.005,
                                                    "Actual Total Time": 0.025,
                                                    "Actual Rows": 42,
                                                    "Actual Loops": 210918
                                                }
                                            ]
                                        }
                                    ]
                                }
                            ]
                        }
                    ]
                }
            ]
        },
        "Planning Time": 314.415,
        "Triggers": [],
        "Execution Time": 7149.445
    }
]