[
  {
    "Plan": {
      "Node Type": "Aggregate",
      "Strategy": "Plain",
      "Partial Mode": "Finalize",
      "Parallel Aware": false,
      "Startup Cost": 73383.61,
      "Total Cost": 73383.62,
      "Plan Rows": 1,
      "Plan Width": 8,
      "Actual Startup Time": 411.304,
      "Actual Total Time": 429.013,
      "Actual Rows": 1,
      "Actual Loops": 1,
      "Plans": [
        {
          "Node Type": "Gather",
          "Parent Relationship": "Outer",
          "Parallel Aware": false,
          "Startup Cost": 73383.29,
          "Total Cost": 73383.6,
          "Plan Rows": 3,
          "Plan Width": 8,
          "Actual Startup Time": 400.025,
          "Actual Total Time": 429.005,
          "Actual Rows": 4,
          "Actual Loops": 1,
          "Workers Planned": 3,
          "Workers Launched": 3,
          "Single Copy": false,
          "Plans": [
            {
              "Node Type": "Aggregate",
              "Strategy": "Plain",
              "Partial Mode": "Partial",
              "Parent Relationship": "Outer",
              "Parallel Aware": false,
              "Startup Cost": 72383.29,
              "Total Cost": 72383.3,
              "Plan Rows": 1,
              "Plan Width": 8,
              "Actual Startup Time": 387.953,
              "Actual Total Time": 387.957,
              "Actual Rows": 1,
              "Actual Loops": 4,
              "Plans": [
                {
                  "Node Type": "Hash Join",
                  "Parent Relationship": "Outer",
                  "Parallel Aware": true,
                  "Join Type": "Inner",
                  "Startup Cost": 52889.43,
                  "Total Cost": 72332.25,
                  "Plan Rows": 20416,
                  "Plan Width": 0,
                  "Actual Startup Time": 361.167,
                  "Actual Total Time": 386.474,
                  "Actual Rows": 30308,
                  "Actual Loops": 4,
                  "Inner Unique": true,
                  "Hash Cond": "(mc.movie_id = t.id)",
                  "Plans": [
                    {
                      "Node Type": "Bitmap Heap Scan",
                      "Parent Relationship": "Outer",
                      "Parallel Aware": true,
                      "Relation Name": "movie_companies",
                      "Alias": "mc",
                      "Startup Cost": 2669.05,
                      "Total Cost": 22058.28,
                      "Plan Rows": 20416,
                      "Plan Width": 4,
                      "Actual Startup Time": 5.64,
                      "Actual Total Time": 16.533,
                      "Actual Rows": 30308,
                      "Actual Loops": 4,
                      "Recheck Cond": "(company_id > 145683)",
                      "Rows Removed by Index Recheck": 0,
                      "Filter": "(company_type_id > 1)",
                      "Rows Removed by Filter": 0,
                      "Exact Heap Blocks": 996,
                      "Lossy Heap Blocks": 0,
                      "Plans": [
                        {
                          "Node Type": "Bitmap Index Scan",
                          "Parent Relationship": "Outer",
                          "Parallel Aware": false,
                          "Index Name": "company_id_movie_companies",
                          "Startup Cost": 0.0,
                          "Total Cost": 2653.23,
                          "Plan Rows": 123840,
                          "Plan Width": 0,
                          "Actual Startup Time": 5.072,
                          "Actual Total Time": 5.072,
                          "Actual Rows": 121231,
                          "Actual Loops": 1,
                          "Index Cond": "(company_id > 145683)"
                        }
                      ]
                    },
                    {
                      "Node Type": "Hash",
                      "Parent Relationship": "Inner",
                      "Parallel Aware": true,
                      "Startup Cost": 42319.06,
                      "Total Cost": 42319.06,
                      "Plan Rows": 632106,
                      "Plan Width": 4,
                      "Actual Startup Time": 346.544,
                      "Actual Total Time": 346.545,
                      "Actual Rows": 632078,
                      "Actual Loops": 4,
                      "Hash Buckets": 4194304,
                      "Original Hash Buckets": 4194304,
                      "Hash Batches": 1,
                      "Original Hash Batches": 1,
                      "Peak Memory Usage": 131744,
                      "Plans": [
                        {
                          "Node Type": "Seq Scan",
                          "Parent Relationship": "Outer",
                          "Parallel Aware": true,
                          "Relation Name": "title",
                          "Alias": "t",
                          "Startup Cost": 0.0,
                          "Total Cost": 42319.06,
                          "Plan Rows": 632106,
                          "Plan Width": 4,
                          "Actual Startup Time": 0.045,
                          "Actual Total Time": 103.346,
                          "Actual Rows": 632078,
                          "Actual Loops": 4
                        }
                      ]
                    }
                  ]
                }
              ]
            }
          ]
        }
      ]
    },
    "Planning Time": 0.413,
    "Triggers": [],
    "Execution Time": 429.068
  }
]