{
  "Plan": {
    "Node Type": "Aggregate",
    "Strategy": "Plain",
    "Partial Mode": "Finalize",
    "Parallel Aware": false,
    "Startup Cost": 47407.0,
    "Total Cost": 47407.01,
    "Plan Rows": 1,
    "Plan Width": 8,
    "Actual Startup Time": 60.473,
    "Actual Total Time": 72.141,
    "Actual Rows": 1,
    "Actual Loops": 1,
    "Plans": [
      {
        "Node Type": "Gather",
        "Parent Relationship": "Outer",
        "Parallel Aware": false,
        "Startup Cost": 47406.89,
        "Total Cost": 47407.0,
        "Plan Rows": 1,
        "Plan Width": 8,
        "Actual Startup Time": 60.335,
        "Actual Total Time": 72.134,
        "Actual Rows": 2,
        "Actual Loops": 1,
        "Workers Planned": 1,
        "Workers Launched": 1,
        "Single Copy": false,
        "Plans": [
          {
            "Node Type": "Aggregate",
            "Strategy": "Plain",
            "Partial Mode": "Partial",
            "Parent Relationship": "Outer",
            "Parallel Aware": false,
            "Startup Cost": 46406.89,
            "Total Cost": 46406.9,
            "Plan Rows": 1,
            "Plan Width": 8,
            "Actual Startup Time": 56.499,
            "Actual Total Time": 56.502,
            "Actual Rows": 1,
            "Actual Loops": 2,
            "Plans": [
              {
                "Node Type": "Nested Loop",
                "Parent Relationship": "Outer",
                "Parallel Aware": false,
                "Join Type": "Inner",
                "Startup Cost": 138.52,
                "Total Cost": 46406.09,
                "Plan Rows": 322,
                "Plan Width": 0,
                "Actual Startup Time": 6.872,
                "Actual Total Time": 56.46,
                "Actual Rows": 212,
                "Actual Loops": 2,
                "Inner Unique": false,
                "Plans": [
                  {
                    "Node Type": "Nested Loop",
                    "Parent Relationship": "Outer",
                    "Parallel Aware": false,
                    "Join Type": "Inner",
                    "Startup Cost": 137.95,
                    "Total Cost": 40961.56,
                    "Plan Rows": 2265,
                    "Plan Width": 8,
                    "Actual Startup Time": 3.995,
                    "Actual Total Time": 28.766,
                    "Actual Rows": 288,
                    "Actual Loops": 2,
                    "Inner Unique": true,
                    "Plans": [
                      {
                        "Node Type": "Bitmap Heap Scan",
                        "Parent Relationship": "Outer",
                        "Parallel Aware": true,
                        "Relation Name": "movie_keyword",
                        "Alias": "mk",
                        "Startup Cost": 137.52,
                        "Total Cost": 14559.37,
                        "Plan Rows": 3726,
                        "Plan Width": 4,
                        "Actual Startup Time": 3.8,
                        "Actual Total Time": 11.454,
                        "Actual Rows": 3262,
                        "Actual Loops": 2,
                        "Recheck Cond": "(keyword_id = 70)",
                        "Rows Removed by Index Recheck": 0,
                        "Exact Heap Blocks": 4057,
                        "Lossy Heap Blocks": 0,
                        "Plans": [
                          {
                            "Node Type": "Bitmap Index Scan",
                            "Parent Relationship": "Outer",
                            "Parallel Aware": false,
                            "Index Name": "keyword_id_movie_keyword",
                            "Startup Cost": 0.0,
                            "Total Cost": 135.94,
                            "Plan Rows": 6334,
                            "Plan Width": 0,
                            "Actual Startup Time": 3.61,
                            "Actual Total Time": 3.61,
                            "Actual Rows": 6525,
                            "Actual Loops": 1,
                            "Index Cond": "(keyword_id = 70)"
                          }
                        ]
                      },
                      {
                        "Node Type": "Index Scan",
                        "Parent Relationship": "Inner",
                        "Parallel Aware": false,
                        "Scan Direction": "Forward",
                        "Index Name": "title_pkey",
                        "Relation Name": "title",
                        "Alias": "t",
                        "Startup Cost": 0.43,
                        "Total Cost": 7.09,
                        "Plan Rows": 1,
                        "Plan Width": 4,
                        "Actual Startup Time": 0.005,
                        "Actual Total Time": 0.005,
                        "Actual Rows": 0,
                        "Actual Loops": 6525,
                        "Index Cond": "(id = mk.movie_id)",
                        "Rows Removed by Index Recheck": 0,
                        "Filter": "(kind_id = 7)",
                        "Rows Removed by Filter": 1
                      }
                    ]
                  },
                  {
                    "Node Type": "Index Scan",
                    "Parent Relationship": "Inner",
                    "Parallel Aware": false,
                    "Scan Direction": "Forward",
                    "Index Name": "movie_id_cast_info",
                    "Relation Name": "cast_info",
                    "Alias": "ci",
                    "Startup Cost": 0.56,
                    "Total Cost": 2.39,
                    "Plan Rows": 1,
                    "Plan Width": 4,
                    "Actual Startup Time": 0.079,
                    "Actual Total Time": 0.096,
                    "Actual Rows": 1,
                    "Actual Loops": 575,
                    "Index Cond": "(movie_id = t.id)",
                    "Rows Removed by Index Recheck": 0,
                    "Filter": "((person_id > 2460049) AND (role_id = 9))",
                    "Rows Removed by Filter": 43
                  }
                ]
              }
            ]
          }
        ]
      }
    ]
  },
  "Planning Time": 0.791,
  "Triggers": [],
  "Execution Time": 72.231
}