[
  {
    "Plan": {
      "Node Type": "Aggregate",
      "Strategy": "Plain",
      "Partial Mode": "Finalize",
      "Parallel Aware": false,
      "Startup Cost": 74981.83,
      "Total Cost": 74981.84,
      "Plan Rows": 1,
      "Plan Width": 8,
      "Actual Startup Time": 251.409,
      "Actual Total Time": 264.603,
      "Actual Rows": 1,
      "Actual Loops": 1,
      "Plans": [
        {
          "Node Type": "Gather",
          "Parent Relationship": "Outer",
          "Parallel Aware": false,
          "Startup Cost": 74981.51,
          "Total Cost": 74981.82,
          "Plan Rows": 3,
          "Plan Width": 8,
          "Actual Startup Time": 246.905,
          "Actual Total Time": 264.594,
          "Actual Rows": 4,
          "Actual Loops": 1,
          "Workers Planned": 3,
          "Workers Launched": 3,
          "Single Copy": false,
          "Plans": [
            {
              "Node Type": "Aggregate",
              "Strategy": "Plain",
              "Partial Mode": "Partial",
              "Parent Relationship": "Outer",
              "Parallel Aware": false,
              "Startup Cost": 73981.51,
              "Total Cost": 73981.52,
              "Plan Rows": 1,
              "Plan Width": 8,
              "Actual Startup Time": 237.748,
              "Actual Total Time": 237.751,
              "Actual Rows": 1,
              "Actual Loops": 4,
              "Plans": [
                {
                  "Node Type": "Hash Join",
                  "Parent Relationship": "Outer",
                  "Parallel Aware": true,
                  "Join Type": "Inner",
                  "Startup Cost": 49238.37,
                  "Total Cost": 73966.8,
                  "Plan Rows": 5884,
                  "Plan Width": 0,
                  "Actual Startup Time": 209.385,
                  "Actual Total Time": 237.36,
                  "Actual Rows": 5797,
                  "Actual Loops": 4,
                  "Inner Unique": true,
                  "Hash Cond": "(mk.movie_id = t.id)",
                  "Plans": [
                    {
                      "Node Type": "Bitmap Heap Scan",
                      "Parent Relationship": "Outer",
                      "Parallel Aware": true,
                      "Relation Name": "movie_keyword",
                      "Alias": "mk",
                      "Startup Cost": 1196.35,
                      "Total Cost": 25877.16,
                      "Plan Rows": 18145,
                      "Plan Width": 4,
                      "Actual Startup Time": 9.152,
                      "Actual Total Time": 28.019,
                      "Actual Rows": 14612,
                      "Actual Loops": 4,
                      "Recheck Cond": "(keyword_id = 16264)",
                      "Rows Removed by Index Recheck": 0,
                      "Exact Heap Blocks": 4631,
                      "Lossy Heap Blocks": 0,
                      "Plans": [
                        {
                          "Node Type": "Bitmap Index Scan",
                          "Parent Relationship": "Outer",
                          "Parallel Aware": false,
                          "Index Name": "keyword_id_movie_keyword",
                          "Startup Cost": 0.0,
                          "Total Cost": 1182.29,
                          "Plan Rows": 56248,
                          "Plan Width": 0,
                          "Actual Startup Time": 7.434,
                          "Actual Total Time": 7.434,
                          "Actual Rows": 58448,
                          "Actual Loops": 1,
                          "Index Cond": "(keyword_id = 16264)"
                        }
                      ]
                    },
                    {
                      "Node Type": "Hash",
                      "Parent Relationship": "Inner",
                      "Parallel Aware": true,
                      "Startup Cost": 45479.59,
                      "Total Cost": 45479.59,
                      "Plan Rows": 204994,
                      "Plan Width": 4,
                      "Actual Startup Time": 195.034,
                      "Actual Total Time": 195.035,
                      "Actual Rows": 219046,
                      "Actual Loops": 4,
                      "Hash Buckets": 1048576,
                      "Original Hash Buckets": 1048576,
                      "Hash Batches": 1,
                      "Original Hash Batches": 1,
                      "Peak Memory Usage": 42528,
                      "Plans": [
                        {
                          "Node Type": "Seq Scan",
                          "Parent Relationship": "Outer",
                          "Parallel Aware": true,
                          "Relation Name": "title",
                          "Alias": "t",
                          "Startup Cost": 0.0,
                          "Total Cost": 45479.59,
                          "Plan Rows": 204994,
                          "Plan Width": 4,
                          "Actual Startup Time": 0.056,
                          "Actual Total Time": 108.957,
                          "Actual Rows": 219046,
                          "Actual Loops": 4,
                          "Filter": "((kind_id > 1) AND (production_year > 2004))",
                          "Rows Removed by Filter": 413032
                        }
                      ]
                    }
                  ]
                }
              ]
            }
          ]
        }
      ]
    },
    "Planning Time": 0.626,
    "Triggers": [],
    "Execution Time": 264.69
  }
]