[
  {
    "Plan": {
      "Node Type": "Aggregate",
      "Strategy": "Plain",
      "Partial Mode": "Simple",
      "Parallel Aware": false,
      "Startup Cost": 26528.03,
      "Total Cost": 26528.04,
      "Plan Rows": 1,
      "Plan Width": 8,
      "Actual Startup Time": 33.846,
      "Actual Total Time": 33.847,
      "Actual Rows": 1,
      "Actual Loops": 1,
      "Plans": [
        {
          "Node Type": "Bitmap Heap Scan",
          "Parent Relationship": "Outer",
          "Parallel Aware": false,
          "Relation Name": "movie_keyword",
          "Alias": "mk",
          "Startup Cost": 572.42,
          "Total Cost": 26460.94,
          "Plan Rows": 26837,
          "Plan Width": 0,
          "Actual Startup Time": 9.234,
          "Actual Total Time": 31.33,
          "Actual Rows": 24250,
          "Actual Loops": 1,
          "Recheck Cond": "(keyword_id < 13)",
          "Rows Removed by Index Recheck": 0,
          "Exact Heap Blocks": 8106,
          "Lossy Heap Blocks": 0,
          "Plans": [
            {
              "Node Type": "Bitmap Index Scan",
              "Parent Relationship": "Outer",
              "Parallel Aware": false,
              "Index Name": "keyword_id_movie_keyword",
              "Startup Cost": 0.0,
              "Total Cost": 565.71,
              "Plan Rows": 26837,
              "Plan Width": 0,
              "Actual Startup Time": 5.207,
              "Actual Total Time": 5.207,
              "Actual Rows": 24250,
              "Actual Loops": 1,
              "Index Cond": "(keyword_id < 13)"
            }
          ]
        }
      ]
    },
    "Planning Time": 0.203,
    "Triggers": [],
    "Execution Time": 33.893
  }
]