[
    {
        "Bao": {
            "Bao prediction": "NaN",
            "Bao recommended hint": "(no hint)"
        }
    },
    {
        "Plan": {
            "Node Type": "Aggregate",
            "Strategy": "Plain",
            "Partial Mode": "Finalize",
            "Parallel Aware": false,
            "Startup Cost": 31164.67,
            "Total Cost": 31164.68,
            "Plan Rows": 1,
            "Plan Width": 8,
            "Actual Startup Time": 73.633,
            "Actual Total Time": 79.233,
            "Actual Rows": 1,
            "Actual Loops": 1,
            "Output": [
                "count(*)"
            ],
            "Plans": [
                {
                    "Node Type": "Gather",
                    "Parent Relationship": "Outer",
                    "Parallel Aware": false,
                    "Startup Cost": 31164.36,
                    "Total Cost": 31164.67,
                    "Plan Rows": 3,
                    "Plan Width": 8,
                    "Actual Startup Time": 73.423,
                    "Actual Total Time": 79.227,
                    "Actual Rows": 4,
                    "Actual Loops": 1,
                    "Output": [
                        "(PARTIAL count(*))"
                    ],
                    "Workers Planned": 3,
                    "Workers Launched": 3,
                    "Single Copy": false,
                    "Plans": [
                        {
                            "Node Type": "Aggregate",
                            "Strategy": "Plain",
                            "Partial Mode": "Partial",
                            "Parent Relationship": "Outer",
                            "Parallel Aware": false,
                            "Startup Cost": 30164.36,
                            "Total Cost": 30164.37,
                            "Plan Rows": 1,
                            "Plan Width": 8,
                            "Actual Startup Time": 65.126,
                            "Actual Total Time": 65.128,
                            "Actual Rows": 1,
                            "Actual Loops": 4,
                            "Output": [
                                "PARTIAL count(*)"
                            ],
                            "Workers": [
                                {
                                    "Worker Number": 0,
                                    "Actual Startup Time": 62.208,
                                    "Actual Total Time": 62.209,
                                    "Actual Rows": 1,
                                    "Actual Loops": 1
                                },
                                {
                                    "Worker Number": 1,
                                    "Actual Startup Time": 62.321,
                                    "Actual Total Time": 62.323,
                                    "Actual Rows": 1,
                                    "Actual Loops": 1
                                },
                                {
                                    "Worker Number": 2,
                                    "Actual Startup Time": 62.795,
                                    "Actual Total Time": 62.796,
                                    "Actual Rows": 1,
                                    "Actual Loops": 1
                                }
                            ],
                            "Plans": [
                                {
                                    "Node Type": "Bitmap Heap Scan",
                                    "Parent Relationship": "Outer",
                                    "Parallel Aware": true,
                                    "Relation Name": "movie_keyword",
                                    "Schema": "public",
                                    "Alias": "mk",
                                    "Startup Cost": 4650.29,
                                    "Total Cost": 29987.68,
                                    "Plan Rows": 70671,
                                    "Plan Width": 0,
                                    "Actual Startup Time": 9.908,
                                    "Actual Total Time": 61.746,
                                    "Actual Rows": 53761,
                                    "Actual Loops": 4,
                                    "Recheck Cond": "(mk.keyword_id > 65555)",
                                    "Rows Removed by Index Recheck": 0,
                                    "Exact Heap Blocks": 11578,
                                    "Lossy Heap Blocks": 0,
                                    "Workers": [
                                        {
                                            "Worker Number": 0,
                                            "Actual Startup Time": 6.963,
                                            "Actual Total Time": 59.262,
                                            "Actual Rows": 31568,
                                            "Actual Loops": 1
                                        },
                                        {
                                            "Worker Number": 1,
                                            "Actual Startup Time": 7.27,
                                            "Actual Total Time": 59.416,
                                            "Actual Rows": 30711,
                                            "Actual Loops": 1
                                        },
                                        {
                                            "Worker Number": 2,
                                            "Actual Startup Time": 7.733,
                                            "Actual Total Time": 60.004,
                                            "Actual Rows": 32507,
                                            "Actual Loops": 1
                                        }
                                    ],
                                    "Plans": [
                                        {
                                            "Node Type": "Bitmap Index Scan",
                                            "Parent Relationship": "Outer",
                                            "Parallel Aware": false,
                                            "Index Name": "keyword_id_movie_keyword",
                                            "Startup Cost": 0.0,
                                            "Total Cost": 4595.52,
                                            "Plan Rows": 219079,
                                            "Plan Width": 0,
                                            "Actual Startup Time": 14.699,
                                            "Actual Total Time": 14.7,
                                            "Actual Rows": 215044,
                                            "Actual Loops": 1,
                                            "Index Cond": "(mk.keyword_id > 65555)"
                                        }
                                    ]
                                }
                            ]
                        }
                    ]
                }
            ]
        },
        "Planning Time": 178.575,
        "Triggers": [],
        "Execution Time": 79.279
    }
]