{
    "Plan": {
        "Node Type": "Aggregate",
        "Strategy": "Plain",
        "Partial Mode": "Finalize",
        "Parallel Aware": false,
        "Startup Cost": 397325.43,
        "Total Cost": 397325.44,
        "Plan Rows": 1,
        "Plan Width": 8,
        "Actual Startup Time": 1103.625,
        "Actual Total Time": 1155.541,
        "Actual Rows": 1,
        "Actual Loops": 1,
        "Output": [
            "count(*)"
        ],
        "Plans": [
            {
                "Node Type": "Gather",
                "Parent Relationship": "Outer",
                "Parallel Aware": false,
                "Startup Cost": 397324.81,
                "Total Cost": 397325.42,
                "Plan Rows": 6,
                "Plan Width": 8,
                "Actual Startup Time": 1101.234,
                "Actual Total Time": 1155.464,
                "Actual Rows": 7,
                "Actual Loops": 1,
                "Output": [
                    "(PARTIAL count(*))"
                ],
                "Workers Planned": 6,
                "Workers Launched": 6,
                "Single Copy": false,
                "Plans": [
                    {
                        "Node Type": "Aggregate",
                        "Strategy": "Plain",
                        "Partial Mode": "Partial",
                        "Parent Relationship": "Outer",
                        "Parallel Aware": false,
                        "Startup Cost": 396324.81,
                        "Total Cost": 396324.82,
                        "Plan Rows": 1,
                        "Plan Width": 8,
                        "Actual Startup Time": 1090.555,
                        "Actual Total Time": 1090.558,
                        "Actual Rows": 1,
                        "Actual Loops": 7,
                        "Output": [
                            "PARTIAL count(*)"
                        ],
                        "Workers": [
                            {
                                "Worker Number": 0,
                                "Actual Startup Time": 1090.8,
                                "Actual Total Time": 1090.803,
                                "Actual Rows": 1,
                                "Actual Loops": 1
                            },
                            {
                                "Worker Number": 1,
                                "Actual Startup Time": 1088.022,
                                "Actual Total Time": 1088.024,
                                "Actual Rows": 1,
                                "Actual Loops": 1
                            },
                            {
                                "Worker Number": 2,
                                "Actual Startup Time": 1088.09,
                                "Actual Total Time": 1088.092,
                                "Actual Rows": 1,
                                "Actual Loops": 1
                            },
                            {
                                "Worker Number": 3,
                                "Actual Startup Time": 1088.06,
                                "Actual Total Time": 1088.063,
                                "Actual Rows": 1,
                                "Actual Loops": 1
                            },
                            {
                                "Worker Number": 4,
                                "Actual Startup Time": 1089.238,
                                "Actual Total Time": 1089.24,
                                "Actual Rows": 1,
                                "Actual Loops": 1
                            },
                            {
                                "Worker Number": 5,
                                "Actual Startup Time": 1089.391,
                                "Actual Total Time": 1089.394,
                                "Actual Rows": 1,
                                "Actual Loops": 1
                            }
                        ],
                        "Plans": [
                            {
                                "Node Type": "Hash Join",
                                "Parent Relationship": "Outer",
                                "Parallel Aware": true,
                                "Join Type": "Inner",
                                "Startup Cost": 46186.65,
                                "Total Cost": 395789.0,
                                "Plan Rows": 214324,
                                "Plan Width": 0,
                                "Actual Startup Time": 428.033,
                                "Actual Total Time": 1079.901,
                                "Actual Rows": 228846,
                                "Actual Loops": 7,
                                "Inner Unique": true,
                                "Hash Cond": "(ci.movie_id = t.id)",
                                "Workers": [
                                    {
                                        "Worker Number": 0,
                                        "Actual Startup Time": 428.274,
                                        "Actual Total Time": 1081.468,
                                        "Actual Rows": 208399,
                                        "Actual Loops": 1
                                    },
                                    {
                                        "Worker Number": 1,
                                        "Actual Startup Time": 425.615,
                                        "Actual Total Time": 1077.269,
                                        "Actual Rows": 242851,
                                        "Actual Loops": 1
                                    },
                                    {
                                        "Worker Number": 2,
                                        "Actual Startup Time": 425.54,
                                        "Actual Total Time": 1077.459,
                                        "Actual Rows": 240122,
                                        "Actual Loops": 1
                                    },
                                    {
                                        "Worker Number": 3,
                                        "Actual Startup Time": 425.663,
                                        "Actual Total Time": 1076.497,
                                        "Actual Rows": 159642,
                                        "Actual Loops": 1
                                    },
                                    {
                                        "Worker Number": 4,
                                        "Actual Startup Time": 426.96,
                                        "Actual Total Time": 1078.619,
                                        "Actual Rows": 240141,
                                        "Actual Loops": 1
                                    },
                                    {
                                        "Worker Number": 5,
                                        "Actual Startup Time": 426.838,
                                        "Actual Total Time": 1078.755,
                                        "Actual Rows": 239945,
                                        "Actual Loops": 1
                                    }
                                ],
                                "Plans": [
                                    {
                                        "Node Type": "Seq Scan",
                                        "Parent Relationship": "Outer",
                                        "Parallel Aware": true,
                                        "Relation Name": "cast_info",
                                        "Schema": "public",
                                        "Alias": "ci",
                                        "Startup Cost": 0.0,
                                        "Total Cost": 343318.94,
                                        "Plan Rows": 2393677,
                                        "Plan Width": 4,
                                        "Actual Startup Time": 329.034,
                                        "Actual Total Time": 640.866,
                                        "Actual Rows": 2151951,
                                        "Actual Loops": 7,
                                        "Output": [
                                            "ci.id",
                                            "ci.person_id",
                                            "ci.movie_id",
                                            "ci.person_role_id",
                                            "ci.note",
                                            "ci.nr_order",
                                            "ci.role_id"
                                        ],
                                        "Filter": "((ci.person_id > 363304) AND (ci.role_id > 2))",
                                        "Rows Removed by Filter": 3025812,
                                        "Workers": [
                                            {
                                                "Worker Number": 0,
                                                "Actual Startup Time": 329.046,
                                                "Actual Total Time": 625.032,
                                                "Actual Rows": 1970379,
                                                "Actual Loops": 1
                                            },
                                            {
                                                "Worker Number": 1,
                                                "Actual Startup Time": 329.028,
                                                "Actual Total Time": 644.633,
                                                "Actual Rows": 2248893,
                                                "Actual Loops": 1
                                            },
                                            {
                                                "Worker Number": 2,
                                                "Actual Startup Time": 329.059,
                                                "Actual Total Time": 647.758,
                                                "Actual Rows": 2267940,
                                                "Actual Loops": 1
                                            },
                                            {
                                                "Worker Number": 3,
                                                "Actual Startup Time": 328.987,
                                                "Actual Total Time": 653.162,
                                                "Actual Rows": 1512895,
                                                "Actual Loops": 1
                                            },
                                            {
                                                "Worker Number": 4,
                                                "Actual Startup Time": 329.054,
                                                "Actual Total Time": 644.327,
                                                "Actual Rows": 2249867,
                                                "Actual Loops": 1
                                            },
                                            {
                                                "Worker Number": 5,
                                                "Actual Startup Time": 329.031,
                                                "Actual Total Time": 643.058,
                                                "Actual Rows": 2232396,
                                                "Actual Loops": 1
                                            }
                                        ]
                                    },
                                    {
                                        "Node Type": "Hash",
                                        "Parent Relationship": "Inner",
                                        "Parallel Aware": true,
                                        "Startup Cost": 45479.21,
                                        "Total Cost": 45479.21,
                                        "Plan Rows": 56595,
                                        "Plan Width": 4,
                                        "Actual Startup Time": 97.082,
                                        "Actual Total Time": 97.083,
                                        "Actual Rows": 49602,
                                        "Actual Loops": 7,
                                        "Output": [
                                            "t.id"
                                        ],
                                        "Hash Buckets": 524288,
                                        "Original Hash Buckets": 262144,
                                        "Hash Batches": 1,
                                        "Original Hash Batches": 1,
                                        "Peak Memory Usage": 19840,
                                        "Workers": [
                                            {
                                                "Worker Number": 0,
                                                "Actual Startup Time": 98.688,
                                                "Actual Total Time": 98.689,
                                                "Actual Rows": 46689,
                                                "Actual Loops": 1
                                            },
                                            {
                                                "Worker Number": 1,
                                                "Actual Startup Time": 95.837,
                                                "Actual Total Time": 95.837,
                                                "Actual Rows": 50828,
                                                "Actual Loops": 1
                                            },
                                            {
                                                "Worker Number": 2,
                                                "Actual Startup Time": 95.815,
                                                "Actual Total Time": 95.816,
                                                "Actual Rows": 51855,
                                                "Actual Loops": 1
                                            },
                                            {
                                                "Worker Number": 3,
                                                "Actual Startup Time": 95.733,
                                                "Actual Total Time": 95.735,
                                                "Actual Rows": 31902,
                                                "Actual Loops": 1
                                            },
                                            {
                                                "Worker Number": 4,
                                                "Actual Startup Time": 96.961,
                                                "Actual Total Time": 96.962,
                                                "Actual Rows": 50826,
                                                "Actual Loops": 1
                                            },
                                            {
                                                "Worker Number": 5,
                                                "Actual Startup Time": 97.123,
                                                "Actual Total Time": 97.124,
                                                "Actual Rows": 51484,
                                                "Actual Loops": 1
                                            }
                                        ],
                                        "Plans": [
                                            {
                                                "Node Type": "Seq Scan",
                                                "Parent Relationship": "Outer",
                                                "Parallel Aware": true,
                                                "Relation Name": "title",
                                                "Schema": "public",
                                                "Alias": "t",
                                                "Startup Cost": 0.0,
                                                "Total Cost": 45479.21,
                                                "Plan Rows": 56595,
                                                "Plan Width": 4,
                                                "Actual Startup Time": 43.506,
                                                "Actual Total Time": 70.255,
                                                "Actual Rows": 49602,
                                                "Actual Loops": 7,
                                                "Output": [
                                                    "t.id"
                                                ],
                                                "Filter": "((t.kind_id < 2) AND (t.production_year < 1996))",
                                                "Rows Removed by Filter": 311586,
                                                "Workers": [
                                                    {
                                                        "Worker Number": 0,
                                                        "Actual Startup Time": 45.0,
                                                        "Actual Total Time": 71.788,
                                                        "Actual Rows": 46689,
                                                        "Actual Loops": 1
                                                    },
                                                    {
                                                        "Worker Number": 1,
                                                        "Actual Startup Time": 42.098,
                                                        "Actual Total Time": 69.106,
                                                        "Actual Rows": 50828,
                                                        "Actual Loops": 1
                                                    },
                                                    {
                                                        "Worker Number": 2,
                                                        "Actual Startup Time": 42.614,
                                                        "Actual Total Time": 69.935,
                                                        "Actual Rows": 51855,
                                                        "Actual Loops": 1
                                                    },
                                                    {
                                                        "Worker Number": 3,
                                                        "Actual Startup Time": 42.234,
                                                        "Actual Total Time": 68.066,
                                                        "Actual Rows": 31902,
                                                        "Actual Loops": 1
                                                    },
                                                    {
                                                        "Worker Number": 4,
                                                        "Actual Startup Time": 43.317,
                                                        "Actual Total Time": 70.874,
                                                        "Actual Rows": 50826,
                                                        "Actual Loops": 1
                                                    },
                                                    {
                                                        "Worker Number": 5,
                                                        "Actual Startup Time": 43.506,
                                                        "Actual Total Time": 70.968,
                                                        "Actual Rows": 51484,
                                                        "Actual Loops": 1
                                                    }
                                                ]
                                            }
                                        ]
                                    }
                                ]
                            }
                        ]
                    }
                ]
            }
        ]
    },
    "Planning Time": 0.744,
    "Triggers": [],
    "Execution Time": 1155.657
}