[
  {
    "Plan": {
      "Node Type": "Aggregate",
      "Strategy": "Plain",
      "Partial Mode": "Finalize",
      "Parallel Aware": false,
      "Startup Cost": 229306.96,
      "Total Cost": 229306.97,
      "Plan Rows": 1,
      "Plan Width": 8,
      "Actual Startup Time": 211.394,
      "Actual Total Time": 241.695,
      "Actual Rows": 1,
      "Actual Loops": 1,
      "Plans": [
        {
          "Node Type": "Gather",
          "Parent Relationship": "Outer",
          "Parallel Aware": false,
          "Startup Cost": 229306.54,
          "Total Cost": 229306.95,
          "Plan Rows": 4,
          "Plan Width": 8,
          "Actual Startup Time": 211.234,
          "Actual Total Time": 241.684,
          "Actual Rows": 5,
          "Actual Loops": 1,
          "Workers Planned": 4,
          "Workers Launched": 4,
          "Single Copy": false,
          "Plans": [
            {
              "Node Type": "Aggregate",
              "Strategy": "Plain",
              "Partial Mode": "Partial",
              "Parent Relationship": "Outer",
              "Parallel Aware": false,
              "Startup Cost": 228306.54,
              "Total Cost": 228306.55,
              "Plan Rows": 1,
              "Plan Width": 8,
              "Actual Startup Time": 203.9,
              "Actual Total Time": 203.902,
              "Actual Rows": 1,
              "Actual Loops": 5,
              "Plans": [
                {
                  "Node Type": "Nested Loop",
                  "Parent Relationship": "Outer",
                  "Parallel Aware": false,
                  "Join Type": "Inner",
                  "Startup Cost": 0.43,
                  "Total Cost": 228240.17,
                  "Plan Rows": 26547,
                  "Plan Width": 0,
                  "Actual Startup Time": 55.626,
                  "Actual Total Time": 200.447,
                  "Actual Rows": 39234,
                  "Actual Loops": 5,
                  "Inner Unique": false,
                  "Plans": [
                    {
                      "Node Type": "Seq Scan",
                      "Parent Relationship": "Outer",
                      "Parallel Aware": true,
                      "Relation Name": "title",
                      "Alias": "t",
                      "Startup Cost": 0.0,
                      "Total Cost": 45479.59,
                      "Plan Rows": 4521,
                      "Plan Width": 4,
                      "Actual Startup Time": 55.5,
                      "Actual Total Time": 89.215,
                      "Actual Rows": 4404,
                      "Actual Loops": 5,
                      "Filter": "((production_year > 2012) AND (kind_id = 1))",
                      "Rows Removed by Filter": 501258
                    },
                    {
                      "Node Type": "Index Only Scan",
                      "Parent Relationship": "Inner",
                      "Parallel Aware": false,
                      "Scan Direction": "Forward",
                      "Index Name": "movie_id_movie_info",
                      "Relation Name": "movie_info",
                      "Alias": "mi",
                      "Startup Cost": 0.43,
                      "Total Cost": 40.01,
                      "Plan Rows": 41,
                      "Plan Width": 4,
                      "Actual Startup Time": 0.009,
                      "Actual Total Time": 0.024,
                      "Actual Rows": 9,
                      "Actual Loops": 22021,
                      "Index Cond": "(movie_id = t.id)",
                      "Rows Removed by Index Recheck": 0,
                      "Heap Fetches": 196172
                    }
                  ]
                }
              ]
            }
          ]
        }
      ]
    },
    "Planning Time": 0.684,
    "Triggers": [],
    "Execution Time": 241.775
  }
]