{
  "Plan": {
    "Node Type": "Aggregate",
    "Strategy": "Plain",
    "Partial Mode": "Finalize",
    "Parallel Aware": false,
    "Startup Cost": 142604.93,
    "Total Cost": 142604.94,
    "Plan Rows": 1,
    "Plan Width": 8,
    "Actual Startup Time": 526.413,
    "Actual Total Time": 551.921,
    "Actual Rows": 1,
    "Actual Loops": 1,
    "Plans": [
      {
        "Node Type": "Gather",
        "Parent Relationship": "Outer",
        "Parallel Aware": false,
        "Startup Cost": 142604.81,
        "Total Cost": 142604.92,
        "Plan Rows": 1,
        "Plan Width": 8,
        "Actual Startup Time": 526.012,
        "Actual Total Time": 551.914,
        "Actual Rows": 2,
        "Actual Loops": 1,
        "Workers Planned": 1,
        "Workers Launched": 1,
        "Single Copy": false,
        "Plans": [
          {
            "Node Type": "Aggregate",
            "Strategy": "Plain",
            "Partial Mode": "Partial",
            "Parent Relationship": "Outer",
            "Parallel Aware": false,
            "Startup Cost": 141604.81,
            "Total Cost": 141604.82,
            "Plan Rows": 1,
            "Plan Width": 8,
            "Actual Startup Time": 519.389,
            "Actual Total Time": 519.393,
            "Actual Rows": 1,
            "Actual Loops": 2,
            "Plans": [
              {
                "Node Type": "Nested Loop",
                "Parent Relationship": "Outer",
                "Parallel Aware": false,
                "Join Type": "Inner",
                "Startup Cost": 62003.74,
                "Total Cost": 141421.42,
                "Plan Rows": 73359,
                "Plan Width": 0,
                "Actual Startup Time": 145.375,
                "Actual Total Time": 498.859,
                "Actual Rows": 473234,
                "Actual Loops": 2,
                "Inner Unique": false,
                "Join Filter": "(t.id = mi.movie_id)",
                "Rows Removed by Join Filter": 0,
                "Plans": [
                  {
                    "Node Type": "Hash Join",
                    "Parent Relationship": "Outer",
                    "Parallel Aware": true,
                    "Join Type": "Inner",
                    "Startup Cost": 62003.3,
                    "Total Cost": 96115.49,
                    "Plan Rows": 18709,
                    "Plan Width": 8,
                    "Actual Startup Time": 145.207,
                    "Actual Total Time": 286.162,
                    "Actual Rows": 13334,
                    "Actual Loops": 2,
                    "Inner Unique": true,
                    "Hash Cond": "(mk.movie_id = t.id)",
                    "Plans": [
                      {
                        "Node Type": "Bitmap Heap Scan",
                        "Parent Relationship": "Outer",
                        "Parallel Aware": true,
                        "Relation Name": "movie_keyword",
                        "Alias": "mk",
                        "Startup Cost": 23025.43,
                        "Total Cost": 55461.4,
                        "Plan Rows": 638558,
                        "Plan Width": 4,
                        "Actual Startup Time": 67.552,
                        "Actual Total Time": 155.834,
                        "Actual Rows": 544118,
                        "Actual Loops": 2,
                        "Recheck Cond": "(keyword_id > 16264)",
                        "Rows Removed by Index Recheck": 0,
                        "Exact Heap Blocks": 13119,
                        "Lossy Heap Blocks": 0,
                        "Plans": [
                          {
                            "Node Type": "Bitmap Index Scan",
                            "Parent Relationship": "Outer",
                            "Parallel Aware": false,
                            "Index Name": "keyword_id_movie_keyword",
                            "Startup Cost": 0.0,
                            "Total Cost": 22754.04,
                            "Plan Rows": 1085548,
                            "Plan Width": 0,
                            "Actual Startup Time": 63.944,
                            "Actual Total Time": 63.945,
                            "Actual Rows": 1088237,
                            "Actual Loops": 1,
                            "Index Cond": "(keyword_id > 16264)"
                          }
                        ]
                      },
                      {
                        "Node Type": "Hash",
                        "Parent Relationship": "Inner",
                        "Parallel Aware": true,
                        "Startup Cost": 38433.18,
                        "Total Cost": 38433.18,
                        "Plan Rows": 43575,
                        "Plan Width": 4,
                        "Actual Startup Time": 75.654,
                        "Actual Total Time": 75.655,
                        "Actual Rows": 38726,
                        "Actual Loops": 2,
                        "Hash Buckets": 131072,
                        "Original Hash Buckets": 131072,
                        "Hash Batches": 1,
                        "Original Hash Batches": 1,
                        "Peak Memory Usage": 4064,
                        "Plans": [
                          {
                            "Node Type": "Bitmap Heap Scan",
                            "Parent Relationship": "Outer",
                            "Parallel Aware": true,
                            "Relation Name": "title",
                            "Alias": "t",
                            "Startup Cost": 1635.06,
                            "Total Cost": 38433.18,
                            "Plan Rows": 43575,
                            "Plan Width": 4,
                            "Actual Startup Time": 20.833,
                            "Actual Total Time": 66.564,
                            "Actual Rows": 38726,
                            "Actual Loops": 2,
                            "Recheck Cond": "(kind_id = 2)",
                            "Rows Removed by Index Recheck": 0,
                            "Filter": "(production_year < 2011)",
                            "Rows Removed by Filter": 6700,
                            "Exact Heap Blocks": 19309,
                            "Lossy Heap Blocks": 0,
                            "Plans": [
                              {
                                "Node Type": "Bitmap Index Scan",
                                "Parent Relationship": "Outer",
                                "Parallel Aware": false,
                                "Index Name": "kind_id_title",
                                "Startup Cost": 0.0,
                                "Total Cost": 1616.54,
                                "Plan Rows": 90681,
                                "Plan Width": 0,
                                "Actual Startup Time": 16.873,
                                "Actual Total Time": 16.873,
                                "Actual Rows": 90852,
                                "Actual Loops": 1,
                                "Index Cond": "(kind_id = 2)"
                              }
                            ]
                          }
                        ]
                      }
                    ]
                  },
                  {
                    "Node Type": "Index Scan",
                    "Parent Relationship": "Inner",
                    "Parallel Aware": false,
                    "Scan Direction": "Forward",
                    "Index Name": "movie_id_movie_info",
                    "Relation Name": "movie_info",
                    "Alias": "mi",
                    "Startup Cost": 0.43,
                    "Total Cost": 2.07,
                    "Plan Rows": 28,
                    "Plan Width": 4,
                    "Actual Startup Time": 0.004,
                    "Actual Total Time": 0.013,
                    "Actual Rows": 35,
                    "Actual Loops": 26669,
                    "Index Cond": "(movie_id = mk.movie_id)",
                    "Rows Removed by Index Recheck": 0,
                    "Filter": "(info_type_id > 4)",
                    "Rows Removed by Filter": 6
                  }
                ]
              }
            ]
          }
        ]
      }
    ]
  },
  "Planning Time": 1.047,
  "Triggers": [],
  "Execution Time": 552.043
}