{
  "Plan": {
    "Node Type": "Aggregate",
    "Strategy": "Plain",
    "Partial Mode": "Finalize",
    "Parallel Aware": false,
    "Startup Cost": 417356.46,
    "Total Cost": 417356.47,
    "Plan Rows": 1,
    "Plan Width": 8,
    "Actual Startup Time": 1977.61,
    "Actual Total Time": 2019.254,
    "Actual Rows": 1,
    "Actual Loops": 1,
    "Plans": [
      {
        "Node Type": "Gather",
        "Parent Relationship": "Outer",
        "Parallel Aware": false,
        "Startup Cost": 417356.35,
        "Total Cost": 417356.46,
        "Plan Rows": 1,
        "Plan Width": 8,
        "Actual Startup Time": 1976.158,
        "Actual Total Time": 2019.246,
        "Actual Rows": 2,
        "Actual Loops": 1,
        "Workers Planned": 1,
        "Workers Launched": 1,
        "Single Copy": false,
        "Plans": [
          {
            "Node Type": "Aggregate",
            "Strategy": "Plain",
            "Partial Mode": "Partial",
            "Parent Relationship": "Outer",
            "Parallel Aware": false,
            "Startup Cost": 416356.35,
            "Total Cost": 416356.36,
            "Plan Rows": 1,
            "Plan Width": 8,
            "Actual Startup Time": 1973.364,
            "Actual Total Time": 1973.66,
            "Actual Rows": 1,
            "Actual Loops": 2,
            "Plans": [
              {
                "Node Type": "Hash Join",
                "Parent Relationship": "Outer",
                "Parallel Aware": true,
                "Join Type": "Inner",
                "Startup Cost": 346416.77,
                "Total Cost": 414695.55,
                "Plan Rows": 664317,
                "Plan Width": 0,
                "Actual Startup Time": 1422.297,
                "Actual Total Time": 1890.859,
                "Actual Rows": 2065088,
                "Actual Loops": 2,
                "Inner Unique": false,
                "Hash Cond": "(mk.movie_id = t.id)",
                "Plans": [
                  {
                    "Node Type": "Seq Scan",
                    "Parent Relationship": "Outer",
                    "Parallel Aware": true,
                    "Relation Name": "movie_keyword",
                    "Alias": "mk",
                    "Startup Cost": 0.0,
                    "Total Cost": 51065.35,
                    "Plan Rows": 2661135,
                    "Plan Width": 4,
                    "Actual Startup Time": 0.013,
                    "Actual Total Time": 151.413,
                    "Actual Rows": 2261965,
                    "Actual Loops": 2
                  },
                  {
                    "Node Type": "Hash",
                    "Parent Relationship": "Inner",
                    "Parallel Aware": true,
                    "Startup Cost": 341775.92,
                    "Total Cost": 341775.92,
                    "Plan Rows": 371268,
                    "Plan Width": 8,
                    "Actual Startup Time": 1416.251,
                    "Actual Total Time": 1416.546,
                    "Actual Rows": 204893,
                    "Actual Loops": 2,
                    "Hash Buckets": 1048576,
                    "Original Hash Buckets": 1048576,
                    "Hash Batches": 1,
                    "Original Hash Batches": 1,
                    "Peak Memory Usage": 24256,
                    "Plans": [
                      {
                        "Node Type": "Hash Join",
                        "Parent Relationship": "Outer",
                        "Parallel Aware": true,
                        "Join Type": "Inner",
                        "Startup Cost": 55771.98,
                        "Total Cost": 341775.92,
                        "Plan Rows": 371268,
                        "Plan Width": 8,
                        "Actual Startup Time": 182.751,
                        "Actual Total Time": 1353.892,
                        "Actual Rows": 204893,
                        "Actual Loops": 2,
                        "Inner Unique": true,
                        "Hash Cond": "(mi.movie_id = t.id)",
                        "Plans": [
                          {
                            "Node Type": "Seq Scan",
                            "Parent Relationship": "Outer",
                            "Parallel Aware": true,
                            "Relation Name": "movie_info",
                            "Alias": "mi",
                            "Startup Cost": 0.0,
                            "Total Cost": 270696.42,
                            "Plan Rows": 5831431,
                            "Plan Width": 4,
                            "Actual Startup Time": 32.165,
                            "Actual Total Time": 693.508,
                            "Actual Rows": 4955877,
                            "Actual Loops": 2,
                            "Filter": "(info_type_id > 4)",
                            "Rows Removed by Filter": 2461983
                          },
                          {
                            "Node Type": "Hash",
                            "Parent Relationship": "Inner",
                            "Parallel Aware": true,
                            "Startup Cost": 54588.39,
                            "Total Cost": 54588.39,
                            "Plan Rows": 94687,
                            "Plan Width": 4,
                            "Actual Startup Time": 149.152,
                            "Actual Total Time": 149.153,
                            "Actual Rows": 82154,
                            "Actual Loops": 2,
                            "Hash Buckets": 262144,
                            "Original Hash Buckets": 262144,
                            "Hash Batches": 1,
                            "Original Hash Batches": 1,
                            "Peak Memory Usage": 8512,
                            "Plans": [
                              {
                                "Node Type": "Seq Scan",
                                "Parent Relationship": "Outer",
                                "Parallel Aware": true,
                                "Relation Name": "title",
                                "Alias": "t",
                                "Startup Cost": 0.0,
                                "Total Cost": 54588.39,
                                "Plan Rows": 94687,
                                "Plan Width": 4,
                                "Actual Startup Time": 0.024,
                                "Actual Total Time": 126.549,
                                "Actual Rows": 82154,
                                "Actual Loops": 2,
                                "Filter": "(production_year = 2012)",
                                "Rows Removed by Filter": 1182002
                              }
                            ]
                          }
                        ]
                      }
                    ]
                  }
                ]
              }
            ]
          }
        ]
      }
    ]
  },
  "Planning Time": 0.442,
  "Triggers": [],
  "Execution Time": 2019.307
}