[
  {
    "Plan": {
      "Node Type": "Aggregate",
      "Strategy": "Plain",
      "Partial Mode": "Finalize",
      "Parallel Aware": false,
      "Startup Cost": 32814.2,
      "Total Cost": 32814.21,
      "Plan Rows": 1,
      "Plan Width": 8,
      "Actual Startup Time": 104.684,
      "Actual Total Time": 112.188,
      "Actual Rows": 1,
      "Actual Loops": 1,
      "Plans": [
        {
          "Node Type": "Gather",
          "Parent Relationship": "Outer",
          "Parallel Aware": false,
          "Startup Cost": 32813.89,
          "Total Cost": 32814.2,
          "Plan Rows": 3,
          "Plan Width": 8,
          "Actual Startup Time": 104.42,
          "Actual Total Time": 112.18,
          "Actual Rows": 4,
          "Actual Loops": 1,
          "Workers Planned": 3,
          "Workers Launched": 3,
          "Single Copy": false,
          "Plans": [
            {
              "Node Type": "Aggregate",
              "Strategy": "Plain",
              "Partial Mode": "Partial",
              "Parent Relationship": "Outer",
              "Parallel Aware": false,
              "Startup Cost": 31813.89,
              "Total Cost": 31813.9,
              "Plan Rows": 1,
              "Plan Width": 8,
              "Actual Startup Time": 96.064,
              "Actual Total Time": 96.066,
              "Actual Rows": 1,
              "Actual Loops": 4,
              "Plans": [
                {
                  "Node Type": "Bitmap Heap Scan",
                  "Parent Relationship": "Outer",
                  "Parallel Aware": true,
                  "Relation Name": "movie_keyword",
                  "Alias": "mk",
                  "Startup Cost": 5993.28,
                  "Total Cost": 31586.12,
                  "Plan Rows": 91107,
                  "Plan Width": 0,
                  "Actual Startup Time": 33.491,
                  "Actual Total Time": 91.683,
                  "Actual Rows": 69804,
                  "Actual Loops": 4,
                  "Recheck Cond": "(keyword_id > 57031)",
                  "Rows Removed by Index Recheck": 0,
                  "Exact Heap Blocks": 11006,
                  "Lossy Heap Blocks": 0,
                  "Plans": [
                    {
                      "Node Type": "Bitmap Index Scan",
                      "Parent Relationship": "Outer",
                      "Parallel Aware": false,
                      "Index Name": "keyword_id_movie_keyword",
                      "Startup Cost": 0.0,
                      "Total Cost": 5922.67,
                      "Plan Rows": 282432,
                      "Plan Width": 0,
                      "Actual Startup Time": 36.84,
                      "Actual Total Time": 36.841,
                      "Actual Rows": 279215,
                      "Actual Loops": 1,
                      "Index Cond": "(keyword_id > 57031)"
                    }
                  ]
                }
              ]
            }
          ]
        }
      ]
    },
    "Planning Time": 0.186,
    "Triggers": [],
    "Execution Time": 112.267
  }
]