[
    {
        "Bao": {
            "Bao prediction": "NaN",
            "Bao recommended hint": "(no hint)"
        }
    },
    {
        "Plan": {
            "Node Type": "Aggregate",
            "Strategy": "Plain",
            "Partial Mode": "Finalize",
            "Parallel Aware": false,
            "Startup Cost": 24437.6,
            "Total Cost": 24437.61,
            "Plan Rows": 1,
            "Plan Width": 8,
            "Actual Startup Time": 36.765,
            "Actual Total Time": 40.364,
            "Actual Rows": 1,
            "Actual Loops": 1,
            "Output": [
                "count(*)"
            ],
            "Plans": [
                {
                    "Node Type": "Gather",
                    "Parent Relationship": "Outer",
                    "Parallel Aware": false,
                    "Startup Cost": 24437.28,
                    "Total Cost": 24437.59,
                    "Plan Rows": 3,
                    "Plan Width": 8,
                    "Actual Startup Time": 36.591,
                    "Actual Total Time": 40.358,
                    "Actual Rows": 4,
                    "Actual Loops": 1,
                    "Output": [
                        "(PARTIAL count(*))"
                    ],
                    "Workers Planned": 3,
                    "Workers Launched": 3,
                    "Single Copy": false,
                    "Plans": [
                        {
                            "Node Type": "Aggregate",
                            "Strategy": "Plain",
                            "Partial Mode": "Partial",
                            "Parent Relationship": "Outer",
                            "Parallel Aware": false,
                            "Startup Cost": 23437.28,
                            "Total Cost": 23437.29,
                            "Plan Rows": 1,
                            "Plan Width": 8,
                            "Actual Startup Time": 27.944,
                            "Actual Total Time": 27.945,
                            "Actual Rows": 1,
                            "Actual Loops": 4,
                            "Output": [
                                "PARTIAL count(*)"
                            ],
                            "Workers": [
                                {
                                    "Worker Number": 0,
                                    "Actual Startup Time": 24.752,
                                    "Actual Total Time": 24.753,
                                    "Actual Rows": 1,
                                    "Actual Loops": 1
                                },
                                {
                                    "Worker Number": 1,
                                    "Actual Startup Time": 25.236,
                                    "Actual Total Time": 25.238,
                                    "Actual Rows": 1,
                                    "Actual Loops": 1
                                },
                                {
                                    "Worker Number": 2,
                                    "Actual Startup Time": 25.424,
                                    "Actual Total Time": 25.425,
                                    "Actual Rows": 1,
                                    "Actual Loops": 1
                                }
                            ],
                            "Plans": [
                                {
                                    "Node Type": "Bitmap Heap Scan",
                                    "Parent Relationship": "Outer",
                                    "Parallel Aware": true,
                                    "Relation Name": "movie_companies",
                                    "Schema": "public",
                                    "Alias": "mc",
                                    "Startup Cost": 3799.04,
                                    "Total Cost": 23295.91,
                                    "Plan Rows": 56550,
                                    "Plan Width": 0,
                                    "Actual Startup Time": 2.566,
                                    "Actual Total Time": 24.875,
                                    "Actual Rows": 44546,
                                    "Actual Loops": 4,
                                    "Recheck Cond": "(mc.company_id > 120947)",
                                    "Rows Removed by Index Recheck": 0,
                                    "Exact Heap Blocks": 2720,
                                    "Lossy Heap Blocks": 0,
                                    "Workers": [
                                        {
                                            "Worker Number": 0,
                                            "Actual Startup Time": 0.188,
                                            "Actual Total Time": 22.328,
                                            "Actual Rows": 19762,
                                            "Actual Loops": 1
                                        },
                                        {
                                            "Worker Number": 1,
                                            "Actual Startup Time": 0.152,
                                            "Actual Total Time": 22.767,
                                            "Actual Rows": 21197,
                                            "Actual Loops": 1
                                        },
                                        {
                                            "Worker Number": 2,
                                            "Actual Startup Time": 0.181,
                                            "Actual Total Time": 22.869,
                                            "Actual Rows": 21192,
                                            "Actual Loops": 1
                                        }
                                    ],
                                    "Plans": [
                                        {
                                            "Node Type": "Bitmap Index Scan",
                                            "Parent Relationship": "Outer",
                                            "Parallel Aware": false,
                                            "Index Name": "company_id_movie_companies",
                                            "Startup Cost": 0.0,
                                            "Total Cost": 3755.21,
                                            "Plan Rows": 175304,
                                            "Plan Width": 0,
                                            "Actual Startup Time": 9.01,
                                            "Actual Total Time": 9.01,
                                            "Actual Rows": 178186,
                                            "Actual Loops": 1,
                                            "Index Cond": "(mc.company_id > 120947)"
                                        }
                                    ]
                                }
                            ]
                        }
                    ]
                }
            ]
        },
        "Planning Time": 178.335,
        "Triggers": [],
        "Execution Time": 40.41
    }
]