[
    {
        "Bao": {
            "Bao prediction": 1047.464,
            "Bao recommended hint": "SET enable_nestloop TO off; "
        }
    },
    {
        "Plan": {
            "Node Type": "Aggregate",
            "Strategy": "Plain",
            "Partial Mode": "Finalize",
            "Parallel Aware": false,
            "Startup Cost": 414484.82,
            "Total Cost": 414484.83,
            "Plan Rows": 1,
            "Plan Width": 8,
            "Actual Startup Time": 1027.8,
            "Actual Total Time": 1090.987,
            "Actual Rows": 1,
            "Actual Loops": 1,
            "Output": [
                "count(*)"
            ],
            "Plans": [
                {
                    "Node Type": "Gather",
                    "Parent Relationship": "Outer",
                    "Parallel Aware": false,
                    "Startup Cost": 414484.2,
                    "Total Cost": 414484.81,
                    "Plan Rows": 6,
                    "Plan Width": 8,
                    "Actual Startup Time": 1025.519,
                    "Actual Total Time": 1090.977,
                    "Actual Rows": 7,
                    "Actual Loops": 1,
                    "Output": [
                        "(PARTIAL count(*))"
                    ],
                    "Workers Planned": 6,
                    "Workers Launched": 6,
                    "Single Copy": false,
                    "Plans": [
                        {
                            "Node Type": "Aggregate",
                            "Strategy": "Plain",
                            "Partial Mode": "Partial",
                            "Parent Relationship": "Outer",
                            "Parallel Aware": false,
                            "Startup Cost": 413484.2,
                            "Total Cost": 413484.21,
                            "Plan Rows": 1,
                            "Plan Width": 8,
                            "Actual Startup Time": 1014.817,
                            "Actual Total Time": 1014.86,
                            "Actual Rows": 1,
                            "Actual Loops": 7,
                            "Output": [
                                "PARTIAL count(*)"
                            ],
                            "Workers": [
                                {
                                    "Worker Number": 0,
                                    "Actual Startup Time": 1013.055,
                                    "Actual Total Time": 1013.061,
                                    "Actual Rows": 1,
                                    "Actual Loops": 1
                                },
                                {
                                    "Worker Number": 1,
                                    "Actual Startup Time": 1013.239,
                                    "Actual Total Time": 1013.246,
                                    "Actual Rows": 1,
                                    "Actual Loops": 1
                                },
                                {
                                    "Worker Number": 2,
                                    "Actual Startup Time": 1013.46,
                                    "Actual Total Time": 1013.465,
                                    "Actual Rows": 1,
                                    "Actual Loops": 1
                                },
                                {
                                    "Worker Number": 3,
                                    "Actual Startup Time": 1013.481,
                                    "Actual Total Time": 1013.485,
                                    "Actual Rows": 1,
                                    "Actual Loops": 1
                                },
                                {
                                    "Worker Number": 4,
                                    "Actual Startup Time": 1013.863,
                                    "Actual Total Time": 1013.87,
                                    "Actual Rows": 1,
                                    "Actual Loops": 1
                                },
                                {
                                    "Worker Number": 5,
                                    "Actual Startup Time": 1012.132,
                                    "Actual Total Time": 1012.138,
                                    "Actual Rows": 1,
                                    "Actual Loops": 1
                                }
                            ],
                            "Plans": [
                                {
                                    "Node Type": "Hash Join",
                                    "Parent Relationship": "Outer",
                                    "Parallel Aware": true,
                                    "Join Type": "Inner",
                                    "Startup Cost": 68058.0,
                                    "Total Cost": 413450.08,
                                    "Plan Rows": 13648,
                                    "Plan Width": 0,
                                    "Actual Startup Time": 178.636,
                                    "Actual Total Time": 1009.795,
                                    "Actual Rows": 74841,
                                    "Actual Loops": 7,
                                    "Inner Unique": false,
                                    "Hash Cond": "(ci.movie_id = t.id)",
                                    "Workers": [
                                        {
                                            "Worker Number": 0,
                                            "Actual Startup Time": 176.55,
                                            "Actual Total Time": 1007.961,
                                            "Actual Rows": 67641,
                                            "Actual Loops": 1
                                        },
                                        {
                                            "Worker Number": 1,
                                            "Actual Startup Time": 177.08,
                                            "Actual Total Time": 1007.967,
                                            "Actual Rows": 69380,
                                            "Actual Loops": 1
                                        },
                                        {
                                            "Worker Number": 2,
                                            "Actual Startup Time": 177.312,
                                            "Actual Total Time": 1008.337,
                                            "Actual Rows": 62705,
                                            "Actual Loops": 1
                                        },
                                        {
                                            "Worker Number": 3,
                                            "Actual Startup Time": 177.374,
                                            "Actual Total Time": 1008.351,
                                            "Actual Rows": 68341,
                                            "Actual Loops": 1
                                        },
                                        {
                                            "Worker Number": 4,
                                            "Actual Startup Time": 177.782,
                                            "Actual Total Time": 1008.705,
                                            "Actual Rows": 69401,
                                            "Actual Loops": 1
                                        },
                                        {
                                            "Worker Number": 5,
                                            "Actual Startup Time": 175.966,
                                            "Actual Total Time": 1007.188,
                                            "Actual Rows": 64663,
                                            "Actual Loops": 1
                                        }
                                    ],
                                    "Plans": [
                                        {
                                            "Node Type": "Seq Scan",
                                            "Parent Relationship": "Outer",
                                            "Parallel Aware": true,
                                            "Relation Name": "cast_info",
                                            "Schema": "public",
                                            "Alias": "ci",
                                            "Startup Cost": 0.0,
                                            "Total Cost": 343318.94,
                                            "Plan Rows": 541095,
                                            "Plan Width": 4,
                                            "Actual Startup Time": 0.026,
                                            "Actual Total Time": 730.677,
                                            "Actual Rows": 621574,
                                            "Actual Loops": 7,
                                            "Output": [
                                                "ci.id",
                                                "ci.person_id",
                                                "ci.movie_id",
                                                "ci.person_role_id",
                                                "ci.note",
                                                "ci.nr_order",
                                                "ci.role_id"
                                            ],
                                            "Filter": "((ci.person_id < 581836) AND (ci.role_id < 3))",
                                            "Rows Removed by Filter": 4556189,
                                            "Workers": [
                                                {
                                                    "Worker Number": 0,
                                                    "Actual Startup Time": 0.023,
                                                    "Actual Total Time": 732.154,
                                                    "Actual Rows": 561172,
                                                    "Actual Loops": 1
                                                },
                                                {
                                                    "Worker Number": 1,
                                                    "Actual Startup Time": 0.03,
                                                    "Actual Total Time": 731.357,
                                                    "Actual Rows": 569843,
                                                    "Actual Loops": 1
                                                },
                                                {
                                                    "Worker Number": 2,
                                                    "Actual Startup Time": 0.035,
                                                    "Actual Total Time": 725.87,
                                                    "Actual Rows": 507257,
                                                    "Actual Loops": 1
                                                },
                                                {
                                                    "Worker Number": 3,
                                                    "Actual Startup Time": 0.026,
                                                    "Actual Total Time": 730.381,
                                                    "Actual Rows": 572032,
                                                    "Actual Loops": 1
                                                },
                                                {
                                                    "Worker Number": 4,
                                                    "Actual Startup Time": 0.037,
                                                    "Actual Total Time": 732.916,
                                                    "Actual Rows": 571103,
                                                    "Actual Loops": 1
                                                },
                                                {
                                                    "Worker Number": 5,
                                                    "Actual Startup Time": 0.021,
                                                    "Actual Total Time": 731.576,
                                                    "Actual Rows": 552746,
                                                    "Actual Loops": 1
                                                }
                                            ]
                                        },
                                        {
                                            "Node Type": "Hash",
                                            "Parent Relationship": "Inner",
                                            "Parallel Aware": true,
                                            "Startup Cost": 67800.85,
                                            "Total Cost": 67800.85,
                                            "Plan Rows": 20572,
                                            "Plan Width": 8,
                                            "Actual Startup Time": 177.572,
                                            "Actual Total Time": 177.612,
                                            "Actual Rows": 21267,
                                            "Actual Loops": 7,
                                            "Output": [
                                                "t.id",
                                                "mc.movie_id"
                                            ],
                                            "Hash Buckets": 262144,
                                            "Original Hash Buckets": 65536,
                                            "Hash Batches": 1,
                                            "Original Hash Batches": 1,
                                            "Peak Memory Usage": 9504,
                                            "Workers": [
                                                {
                                                    "Worker Number": 0,
                                                    "Actual Startup Time": 176.111,
                                                    "Actual Total Time": 176.114,
                                                    "Actual Rows": 18787,
                                                    "Actual Loops": 1
                                                },
                                                {
                                                    "Worker Number": 1,
                                                    "Actual Startup Time": 176.645,
                                                    "Actual Total Time": 176.649,
                                                    "Actual Rows": 19513,
                                                    "Actual Loops": 1
                                                },
                                                {
                                                    "Worker Number": 2,
                                                    "Actual Startup Time": 176.828,
                                                    "Actual Total Time": 176.832,
                                                    "Actual Rows": 20493,
                                                    "Actual Loops": 1
                                                },
                                                {
                                                    "Worker Number": 3,
                                                    "Actual Startup Time": 176.816,
                                                    "Actual Total Time": 176.819,
                                                    "Actual Rows": 20524,
                                                    "Actual Loops": 1
                                                },
                                                {
                                                    "Worker Number": 4,
                                                    "Actual Startup Time": 177.25,
                                                    "Actual Total Time": 177.254,
                                                    "Actual Rows": 19587,
                                                    "Actual Loops": 1
                                                },
                                                {
                                                    "Worker Number": 5,
                                                    "Actual Startup Time": 175.501,
                                                    "Actual Total Time": 175.505,
                                                    "Actual Rows": 16188,
                                                    "Actual Loops": 1
                                                }
                                            ],
                                            "Plans": [
                                                {
                                                    "Node Type": "Hash Join",
                                                    "Parent Relationship": "Outer",
                                                    "Parallel Aware": true,
                                                    "Join Type": "Inner",
                                                    "Startup Cost": 38384.96,
                                                    "Total Cost": 67800.85,
                                                    "Plan Rows": 20572,
                                                    "Plan Width": 8,
                                                    "Actual Startup Time": 76.025,
                                                    "Actual Total Time": 163.265,
                                                    "Actual Rows": 21267,
                                                    "Actual Loops": 7,
                                                    "Output": [
                                                        "t.id",
                                                        "mc.movie_id"
                                                    ],
                                                    "Inner Unique": true,
                                                    "Hash Cond": "(mc.movie_id = t.id)",
                                                    "Workers": [
                                                        {
                                                            "Worker Number": 0,
                                                            "Actual Startup Time": 74.537,
                                                            "Actual Total Time": 160.658,
                                                            "Actual Rows": 18787,
                                                            "Actual Loops": 1
                                                        },
                                                        {
                                                            "Worker Number": 1,
                                                            "Actual Startup Time": 75.084,
                                                            "Actual Total Time": 162.441,
                                                            "Actual Rows": 19513,
                                                            "Actual Loops": 1
                                                        },
                                                        {
                                                            "Worker Number": 2,
                                                            "Actual Startup Time": 75.287,
                                                            "Actual Total Time": 163.902,
                                                            "Actual Rows": 20493,
                                                            "Actual Loops": 1
                                                        },
                                                        {
                                                            "Worker Number": 3,
                                                            "Actual Startup Time": 75.286,
                                                            "Actual Total Time": 163.781,
                                                            "Actual Rows": 20524,
                                                            "Actual Loops": 1
                                                        },
                                                        {
                                                            "Worker Number": 4,
                                                            "Actual Startup Time": 75.684,
                                                            "Actual Total Time": 162.843,
                                                            "Actual Rows": 19587,
                                                            "Actual Loops": 1
                                                        },
                                                        {
                                                            "Worker Number": 5,
                                                            "Actual Startup Time": 73.97,
                                                            "Actual Total Time": 161.548,
                                                            "Actual Rows": 16188,
                                                            "Actual Loops": 1
                                                        }
                                                    ],
                                                    "Plans": [
                                                        {
                                                            "Node Type": "Seq Scan",
                                                            "Parent Relationship": "Outer",
                                                            "Parallel Aware": true,
                                                            "Relation Name": "movie_companies",
                                                            "Schema": "public",
                                                            "Alias": "mc",
                                                            "Startup Cost": 0.0,
                                                            "Total Cost": 27206.55,
                                                            "Plan Rows": 841655,
                                                            "Plan Width": 4,
                                                            "Actual Startup Time": 0.023,
                                                            "Actual Total Time": 47.905,
                                                            "Actual Rows": 372733,
                                                            "Actual Loops": 7,
                                                            "Output": [
                                                                "mc.id",
                                                                "mc.movie_id",
                                                                "mc.company_id",
                                                                "mc.company_type_id",
                                                                "mc.note"
                                                            ],
                                                            "Workers": [
                                                                {
                                                                    "Worker Number": 0,
                                                                    "Actual Startup Time": 0.025,
                                                                    "Actual Total Time": 48.503,
                                                                    "Actual Rows": 335083,
                                                                    "Actual Loops": 1
                                                                },
                                                                {
                                                                    "Worker Number": 1,
                                                                    "Actual Startup Time": 0.022,
                                                                    "Actual Total Time": 48.43,
                                                                    "Actual Rows": 350165,
                                                                    "Actual Loops": 1
                                                                },
                                                                {
                                                                    "Worker Number": 2,
                                                                    "Actual Startup Time": 0.026,
                                                                    "Actual Total Time": 48.651,
                                                                    "Actual Rows": 351102,
                                                                    "Actual Loops": 1
                                                                },
                                                                {
                                                                    "Worker Number": 3,
                                                                    "Actual Startup Time": 0.027,
                                                                    "Actual Total Time": 48.649,
                                                                    "Actual Rows": 349914,
                                                                    "Actual Loops": 1
                                                                },
                                                                {
                                                                    "Worker Number": 4,
                                                                    "Actual Startup Time": 0.023,
                                                                    "Actual Total Time": 49.15,
                                                                    "Actual Rows": 344147,
                                                                    "Actual Loops": 1
                                                                },
                                                                {
                                                                    "Worker Number": 5,
                                                                    "Actual Startup Time": 0.03,
                                                                    "Actual Total Time": 48.552,
                                                                    "Actual Rows": 266783,
                                                                    "Actual Loops": 1
                                                                }
                                                            ]
                                                        },
                                                        {
                                                            "Node Type": "Hash",
                                                            "Parent Relationship": "Inner",
                                                            "Parallel Aware": true,
                                                            "Startup Cost": 38191.83,
                                                            "Total Cost": 38191.83,
                                                            "Plan Rows": 15450,
                                                            "Plan Width": 4,
                                                            "Actual Startup Time": 57.12,
                                                            "Actual Total Time": 57.122,
                                                            "Actual Rows": 11071,
                                                            "Actual Loops": 7,
                                                            "Output": [
                                                                "t.id"
                                                            ],
                                                            "Hash Buckets": 131072,
                                                            "Original Hash Buckets": 65536,
                                                            "Hash Batches": 1,
                                                            "Original Hash Batches": 1,
                                                            "Peak Memory Usage": 4608,
                                                            "Workers": [
                                                                {
                                                                    "Worker Number": 0,
                                                                    "Actual Startup Time": 55.881,
                                                                    "Actual Total Time": 55.883,
                                                                    "Actual Rows": 8073,
                                                                    "Actual Loops": 1
                                                                },
                                                                {
                                                                    "Worker Number": 1,
                                                                    "Actual Startup Time": 56.393,
                                                                    "Actual Total Time": 56.395,
                                                                    "Actual Rows": 7209,
                                                                    "Actual Loops": 1
                                                                },
                                                                {
                                                                    "Worker Number": 2,
                                                                    "Actual Startup Time": 56.591,
                                                                    "Actual Total Time": 56.592,
                                                                    "Actual Rows": 7229,
                                                                    "Actual Loops": 1
                                                                },
                                                                {
                                                                    "Worker Number": 3,
                                                                    "Actual Startup Time": 56.575,
                                                                    "Actual Total Time": 56.576,
                                                                    "Actual Rows": 7301,
                                                                    "Actual Loops": 1
                                                                },
                                                                {
                                                                    "Worker Number": 4,
                                                                    "Actual Startup Time": 56.998,
                                                                    "Actual Total Time": 57.0,
                                                                    "Actual Rows": 8095,
                                                                    "Actual Loops": 1
                                                                },
                                                                {
                                                                    "Worker Number": 5,
                                                                    "Actual Startup Time": 55.268,
                                                                    "Actual Total Time": 55.27,
                                                                    "Actual Rows": 7862,
                                                                    "Actual Loops": 1
                                                                }
                                                            ],
                                                            "Plans": [
                                                                {
                                                                    "Node Type": "Bitmap Heap Scan",
                                                                    "Parent Relationship": "Outer",
                                                                    "Parallel Aware": true,
                                                                    "Relation Name": "title",
                                                                    "Schema": "public",
                                                                    "Alias": "t",
                                                                    "Startup Cost": 1815.85,
                                                                    "Total Cost": 38191.83,
                                                                    "Plan Rows": 15450,
                                                                    "Plan Width": 4,
                                                                    "Actual Startup Time": 14.14,
                                                                    "Actual Total Time": 47.964,
                                                                    "Actual Rows": 11071,
                                                                    "Actual Loops": 7,
                                                                    "Output": [
                                                                        "t.id"
                                                                    ],
                                                                    "Recheck Cond": "(t.kind_id = 3)",
                                                                    "Rows Removed by Index Recheck": 0,
                                                                    "Filter": "(t.production_year < 2007)",
                                                                    "Rows Removed by Filter": 3291,
                                                                    "Exact Heap Blocks": 5284,
                                                                    "Lossy Heap Blocks": 0,
                                                                    "Workers": [
                                                                        {
                                                                            "Worker Number": 0,
                                                                            "Actual Startup Time": 13.047,
                                                                            "Actual Total Time": 47.655,
                                                                            "Actual Rows": 8073,
                                                                            "Actual Loops": 1
                                                                        },
                                                                        {
                                                                            "Worker Number": 1,
                                                                            "Actual Startup Time": 13.374,
                                                                            "Actual Total Time": 47.291,
                                                                            "Actual Rows": 7209,
                                                                            "Actual Loops": 1
                                                                        },
                                                                        {
                                                                            "Worker Number": 2,
                                                                            "Actual Startup Time": 13.657,
                                                                            "Actual Total Time": 48.09,
                                                                            "Actual Rows": 7229,
                                                                            "Actual Loops": 1
                                                                        },
                                                                        {
                                                                            "Worker Number": 3,
                                                                            "Actual Startup Time": 13.508,
                                                                            "Actual Total Time": 47.681,
                                                                            "Actual Rows": 7301,
                                                                            "Actual Loops": 1
                                                                        },
                                                                        {
                                                                            "Worker Number": 4,
                                                                            "Actual Startup Time": 13.971,
                                                                            "Actual Total Time": 48.401,
                                                                            "Actual Rows": 8095,
                                                                            "Actual Loops": 1
                                                                        },
                                                                        {
                                                                            "Worker Number": 5,
                                                                            "Actual Startup Time": 12.505,
                                                                            "Actual Total Time": 46.953,
                                                                            "Actual Rows": 7862,
                                                                            "Actual Loops": 1
                                                                        }
                                                                    ],
                                                                    "Plans": [
                                                                        {
                                                                            "Node Type": "Bitmap Index Scan",
                                                                            "Parent Relationship": "Outer",
                                                                            "Parallel Aware": false,
                                                                            "Index Name": "kind_id_title",
                                                                            "Startup Cost": 0.0,
                                                                            "Total Cost": 1800.4,
                                                                            "Plan Rows": 100796,
                                                                            "Plan Width": 0,
                                                                            "Actual Startup Time": 14.14,
                                                                            "Actual Total Time": 14.141,
                                                                            "Actual Rows": 100537,
                                                                            "Actual Loops": 1,
                                                                            "Index Cond": "(t.kind_id = 3)"
                                                                        }
                                                                    ]
                                                                }
                                                            ]
                                                        }
                                                    ]
                                                }
                                            ]
                                        }
                                    ]
                                }
                            ]
                        }
                    ]
                }
            ]
        },
        "Planning Time": 665.369,
        "Triggers": [],
        "Execution Time": 1091.14
    }
]