[
  {
    "Plan": {
      "Node Type": "Aggregate",
      "Strategy": "Plain",
      "Partial Mode": "Finalize",
      "Parallel Aware": false,
      "Startup Cost": 306106.67,
      "Total Cost": 306106.68,
      "Plan Rows": 1,
      "Plan Width": 8,
      "Actual Startup Time": 5629.937,
      "Actual Total Time": 5670.818,
      "Actual Rows": 1,
      "Actual Loops": 1,
      "Plans": [
        {
          "Node Type": "Gather",
          "Parent Relationship": "Outer",
          "Parallel Aware": false,
          "Startup Cost": 306106.15,
          "Total Cost": 306106.66,
          "Plan Rows": 5,
          "Plan Width": 8,
          "Actual Startup Time": 5605.385,
          "Actual Total Time": 5670.795,
          "Actual Rows": 6,
          "Actual Loops": 1,
          "Workers Planned": 5,
          "Workers Launched": 5,
          "Single Copy": false,
          "Plans": [
            {
              "Node Type": "Aggregate",
              "Strategy": "Plain",
              "Partial Mode": "Partial",
              "Parent Relationship": "Outer",
              "Parallel Aware": false,
              "Startup Cost": 305106.15,
              "Total Cost": 305106.16,
              "Plan Rows": 1,
              "Plan Width": 8,
              "Actual Startup Time": 5594.984,
              "Actual Total Time": 5595.676,
              "Actual Rows": 1,
              "Actual Loops": 6,
              "Plans": [
                {
                  "Node Type": "Hash Join",
                  "Parent Relationship": "Outer",
                  "Parallel Aware": true,
                  "Join Type": "Inner",
                  "Startup Cost": 94795.53,
                  "Total Cost": 301835.49,
                  "Plan Rows": 1308263,
                  "Plan Width": 0,
                  "Actual Startup Time": 647.664,
                  "Actual Total Time": 4032.159,
                  "Actual Rows": 35069453,
                  "Actual Loops": 6,
                  "Inner Unique": false,
                  "Hash Cond": "(mi.movie_id = t.id)",
                  "Plans": [
                    {
                      "Node Type": "Seq Scan",
                      "Parent Relationship": "Outer",
                      "Parallel Aware": true,
                      "Relation Name": "movie_info",
                      "Alias": "mi",
                      "Startup Cost": 0.0,
                      "Total Cost": 191685.19,
                      "Plan Rows": 2969219,
                      "Plan Width": 4,
                      "Actual Startup Time": 0.049,
                      "Actual Total Time": 312.259,
                      "Actual Rows": 2472620,
                      "Actual Loops": 6
                    },
                    {
                      "Node Type": "Hash",
                      "Parent Relationship": "Inner",
                      "Parallel Aware": true,
                      "Startup Cost": 90303.42,
                      "Total Cost": 90303.42,
                      "Plan Rows": 359369,
                      "Plan Width": 8,
                      "Actual Startup Time": 625.061,
                      "Actual Total Time": 625.751,
                      "Actual Rows": 474825,
                      "Actual Loops": 6,
                      "Hash Buckets": 4194304,
                      "Original Hash Buckets": 2097152,
                      "Hash Batches": 1,
                      "Original Hash Batches": 1,
                      "Peak Memory Usage": 160736,
                      "Plans": [
                        {
                          "Node Type": "Hash Join",
                          "Parent Relationship": "Outer",
                          "Parallel Aware": true,
                          "Join Type": "Inner",
                          "Startup Cost": 47425.34,
                          "Total Cost": 90303.42,
                          "Plan Rows": 359369,
                          "Plan Width": 8,
                          "Actual Startup Time": 185.625,
                          "Actual Total Time": 386.302,
                          "Actual Rows": 474825,
                          "Actual Loops": 6,
                          "Inner Unique": true,
                          "Hash Cond": "(mk.movie_id = t.id)",
                          "Plans": [
                            {
                              "Node Type": "Seq Scan",
                              "Parent Relationship": "Outer",
                              "Parallel Aware": true,
                              "Relation Name": "movie_keyword",
                              "Alias": "mk",
                              "Startup Cost": 0.0,
                              "Total Cost": 39047.32,
                              "Plan Rows": 1459332,
                              "Plan Width": 4,
                              "Actual Startup Time": 0.038,
                              "Actual Total Time": 84.959,
                              "Actual Rows": 753988,
                              "Actual Loops": 6
                            },
                            {
                              "Node Type": "Hash",
                              "Parent Relationship": "Inner",
                              "Parallel Aware": true,
                              "Startup Cost": 45479.59,
                              "Total Cost": 45479.59,
                              "Plan Rows": 155660,
                              "Plan Width": 4,
                              "Actual Startup Time": 149.728,
                              "Actual Total Time": 149.73,
                              "Actual Rows": 105715,
                              "Actual Loops": 6,
                              "Hash Buckets": 1048576,
                              "Original Hash Buckets": 1048576,
                              "Hash Batches": 1,
                              "Original Hash Batches": 1,
                              "Peak Memory Usage": 33120,
                              "Plans": [
                                {
                                  "Node Type": "Seq Scan",
                                  "Parent Relationship": "Outer",
                                  "Parallel Aware": true,
                                  "Relation Name": "title",
                                  "Alias": "t",
                                  "Startup Cost": 0.0,
                                  "Total Cost": 45479.59,
                                  "Plan Rows": 155660,
                                  "Plan Width": 4,
                                  "Actual Startup Time": 46.77,
                                  "Actual Total Time": 97.344,
                                  "Actual Rows": 105715,
                                  "Actual Loops": 6,
                                  "Filter": "((kind_id < 2) AND (production_year < 2013))",
                                  "Rows Removed by Filter": 315670
                                }
                              ]
                            }
                          ]
                        }
                      ]
                    }
                  ]
                }
              ]
            }
          ]
        }
      ]
    },
    "Planning Time": 0.469,
    "Triggers": [],
    "Execution Time": 5670.88
  }
]