[
  {
    "Plan": {
      "Node Type": "Aggregate",
      "Strategy": "Plain",
      "Partial Mode": "Finalize",
      "Parallel Aware": false,
      "Startup Cost": 177567.9,
      "Total Cost": 177567.91,
      "Plan Rows": 1,
      "Plan Width": 8,
      "Actual Startup Time": 2563.817,
      "Actual Total Time": 2603.106,
      "Actual Rows": 1,
      "Actual Loops": 1,
      "Plans": [
        {
          "Node Type": "Gather",
          "Parent Relationship": "Outer",
          "Parallel Aware": false,
          "Startup Cost": 177567.59,
          "Total Cost": 177567.9,
          "Plan Rows": 3,
          "Plan Width": 8,
          "Actual Startup Time": 2560.786,
          "Actual Total Time": 2603.093,
          "Actual Rows": 4,
          "Actual Loops": 1,
          "Workers Planned": 3,
          "Workers Launched": 3,
          "Single Copy": false,
          "Plans": [
            {
              "Node Type": "Aggregate",
              "Strategy": "Plain",
              "Partial Mode": "Partial",
              "Parent Relationship": "Outer",
              "Parallel Aware": false,
              "Startup Cost": 176567.59,
              "Total Cost": 176567.6,
              "Plan Rows": 1,
              "Plan Width": 8,
              "Actual Startup Time": 2553.589,
              "Actual Total Time": 2553.593,
              "Actual Rows": 1,
              "Actual Loops": 4,
              "Plans": [
                {
                  "Node Type": "Nested Loop",
                  "Parent Relationship": "Outer",
                  "Parallel Aware": false,
                  "Join Type": "Inner",
                  "Startup Cost": 56254.38,
                  "Total Cost": 176134.82,
                  "Plan Rows": 173106,
                  "Plan Width": 0,
                  "Actual Startup Time": 202.843,
                  "Actual Total Time": 2283.71,
                  "Actual Rows": 5174432,
                  "Actual Loops": 4,
                  "Inner Unique": false,
                  "Plans": [
                    {
                      "Node Type": "Hash Join",
                      "Parent Relationship": "Outer",
                      "Parallel Aware": true,
                      "Join Type": "Inner",
                      "Startup Cost": 56253.95,
                      "Total Cost": 82798.38,
                      "Plan Rows": 29482,
                      "Plan Width": 8,
                      "Actual Startup Time": 202.727,
                      "Actual Total Time": 275.321,
                      "Actual Rows": 69796,
                      "Actual Loops": 4,
                      "Inner Unique": true,
                      "Hash Cond": "(mk.movie_id = t.id)",
                      "Plans": [
                        {
                          "Node Type": "Bitmap Heap Scan",
                          "Parent Relationship": "Outer",
                          "Parallel Aware": true,
                          "Relation Name": "movie_keyword",
                          "Alias": "mk",
                          "Startup Cost": 9088.94,
                          "Total Cost": 35270.56,
                          "Plan Rows": 138210,
                          "Plan Width": 4,
                          "Actual Startup Time": 30.238,
                          "Actual Total Time": 77.37,
                          "Actual Rows": 106054,
                          "Actual Loops": 4,
                          "Recheck Cond": "(keyword_id > 41199)",
                          "Rows Removed by Index Recheck": 0,
                          "Exact Heap Blocks": 6517,
                          "Lossy Heap Blocks": 0,
                          "Plans": [
                            {
                              "Node Type": "Bitmap Index Scan",
                              "Parent Relationship": "Outer",
                              "Parallel Aware": false,
                              "Index Name": "keyword_id_movie_keyword",
                              "Startup Cost": 0.0,
                              "Total Cost": 8981.82,
                              "Plan Rows": 428452,
                              "Plan Width": 0,
                              "Actual Startup Time": 26.887,
                              "Actual Total Time": 26.887,
                              "Actual Rows": 424218,
                              "Actual Loops": 1,
                              "Index Cond": "(keyword_id > 41199)"
                            }
                          ]
                        },
                        {
                          "Node Type": "Hash",
                          "Parent Relationship": "Inner",
                          "Parallel Aware": true,
                          "Startup Cost": 45479.59,
                          "Total Cost": 45479.59,
                          "Plan Rows": 134834,
                          "Plan Width": 4,
                          "Actual Startup Time": 155.903,
                          "Actual Total Time": 155.903,
                          "Actual Rows": 139330,
                          "Actual Loops": 4,
                          "Hash Buckets": 1048576,
                          "Original Hash Buckets": 1048576,
                          "Hash Batches": 1,
                          "Original Hash Batches": 1,
                          "Peak Memory Usage": 30016,
                          "Plans": [
                            {
                              "Node Type": "Seq Scan",
                              "Parent Relationship": "Outer",
                              "Parallel Aware": true,
                              "Relation Name": "title",
                              "Alias": "t",
                              "Startup Cost": 0.0,
                              "Total Cost": 45479.59,
                              "Plan Rows": 134834,
                              "Plan Width": 4,
                              "Actual Startup Time": 56.306,
                              "Actual Total Time": 105.462,
                              "Actual Rows": 139330,
                              "Actual Loops": 4,
                              "Filter": "((production_year < 2011) AND (kind_id = 1))",
                              "Rows Removed by Filter": 492748
                            }
                          ]
                        }
                      ]
                    },
                    {
                      "Node Type": "Index Only Scan",
                      "Parent Relationship": "Inner",
                      "Parallel Aware": false,
                      "Scan Direction": "Forward",
                      "Index Name": "movie_id_movie_info",
                      "Relation Name": "movie_info",
                      "Alias": "mi",
                      "Startup Cost": 0.43,
                      "Total Cost": 2.76,
                      "Plan Rows": 41,
                      "Plan Width": 4,
                      "Actual Startup Time": 0.005,
                      "Actual Total Time": 0.022,
                      "Actual Rows": 74,
                      "Actual Loops": 279183,
                      "Index Cond": "(movie_id = t.id)",
                      "Rows Removed by Index Recheck": 0,
                      "Heap Fetches": 20697727
                    }
                  ]
                }
              ]
            }
          ]
        }
      ]
    },
    "Planning Time": 0.559,
    "Triggers": [],
    "Execution Time": 2603.18
  }
]