[
  {
    "Plan": {
      "Node Type": "Aggregate",
      "Strategy": "Plain",
      "Partial Mode": "Finalize",
      "Parallel Aware": false,
      "Startup Cost": 180131.41,
      "Total Cost": 180131.42,
      "Plan Rows": 1,
      "Plan Width": 8,
      "Actual Startup Time": 2192.536,
      "Actual Total Time": 2242.808,
      "Actual Rows": 1,
      "Actual Loops": 1,
      "Plans": [
        {
          "Node Type": "Gather",
          "Parent Relationship": "Outer",
          "Parallel Aware": false,
          "Startup Cost": 180131.09,
          "Total Cost": 180131.4,
          "Plan Rows": 3,
          "Plan Width": 8,
          "Actual Startup Time": 2189.713,
          "Actual Total Time": 2242.801,
          "Actual Rows": 4,
          "Actual Loops": 1,
          "Workers Planned": 3,
          "Workers Launched": 3,
          "Single Copy": false,
          "Plans": [
            {
              "Node Type": "Aggregate",
              "Strategy": "Plain",
              "Partial Mode": "Partial",
              "Parent Relationship": "Outer",
              "Parallel Aware": false,
              "Startup Cost": 179131.09,
              "Total Cost": 179131.1,
              "Plan Rows": 1,
              "Plan Width": 8,
              "Actual Startup Time": 2179.846,
              "Actual Total Time": 2179.849,
              "Actual Rows": 1,
              "Actual Loops": 4,
              "Plans": [
                {
                  "Node Type": "Nested Loop",
                  "Parent Relationship": "Outer",
                  "Parallel Aware": false,
                  "Join Type": "Inner",
                  "Startup Cost": 56393.47,
                  "Total Cost": 178691.88,
                  "Plan Rows": 175684,
                  "Plan Width": 0,
                  "Actual Startup Time": 196.573,
                  "Actual Total Time": 1972.92,
                  "Actual Rows": 5174432,
                  "Actual Loops": 4,
                  "Inner Unique": false,
                  "Plans": [
                    {
                      "Node Type": "Hash Join",
                      "Parent Relationship": "Outer",
                      "Parallel Aware": true,
                      "Join Type": "Inner",
                      "Startup Cost": 56393.04,
                      "Total Cost": 82967.57,
                      "Plan Rows": 30045,
                      "Plan Width": 8,
                      "Actual Startup Time": 196.449,
                      "Actual Total Time": 263.481,
                      "Actual Rows": 69796,
                      "Actual Loops": 4,
                      "Inner Unique": true,
                      "Hash Cond": "(mk.movie_id = t.id)",
                      "Plans": [
                        {
                          "Node Type": "Bitmap Heap Scan",
                          "Parent Relationship": "Outer",
                          "Parallel Aware": true,
                          "Relation Name": "movie_keyword",
                          "Alias": "mk",
                          "Startup Cost": 9220.75,
                          "Total Cost": 35427.26,
                          "Plan Rows": 140201,
                          "Plan Width": 4,
                          "Actual Startup Time": 26.334,
                          "Actual Total Time": 73.008,
                          "Actual Rows": 106054,
                          "Actual Loops": 4,
                          "Recheck Cond": "(keyword_id > 41199)",
                          "Rows Removed by Index Recheck": 0,
                          "Exact Heap Blocks": 6788,
                          "Lossy Heap Blocks": 0,
                          "Plans": [
                            {
                              "Node Type": "Bitmap Index Scan",
                              "Parent Relationship": "Outer",
                              "Parallel Aware": false,
                              "Index Name": "keyword_id_movie_keyword",
                              "Startup Cost": 0.0,
                              "Total Cost": 9112.1,
                              "Plan Rows": 434622,
                              "Plan Width": 0,
                              "Actual Startup Time": 22.998,
                              "Actual Total Time": 22.998,
                              "Actual Rows": 424218,
                              "Actual Loops": 1,
                              "Index Cond": "(keyword_id > 41199)"
                            }
                          ]
                        },
                        {
                          "Node Type": "Hash",
                          "Parent Relationship": "Inner",
                          "Parallel Aware": true,
                          "Startup Cost": 45479.1,
                          "Total Cost": 45479.1,
                          "Plan Rows": 135455,
                          "Plan Width": 4,
                          "Actual Startup Time": 151.236,
                          "Actual Total Time": 151.237,
                          "Actual Rows": 139330,
                          "Actual Loops": 4,
                          "Hash Buckets": 1048576,
                          "Original Hash Buckets": 1048576,
                          "Hash Batches": 1,
                          "Original Hash Batches": 1,
                          "Peak Memory Usage": 30048,
                          "Plans": [
                            {
                              "Node Type": "Seq Scan",
                              "Parent Relationship": "Outer",
                              "Parallel Aware": true,
                              "Relation Name": "title",
                              "Alias": "t",
                              "Startup Cost": 0.0,
                              "Total Cost": 45479.1,
                              "Plan Rows": 135455,
                              "Plan Width": 4,
                              "Actual Startup Time": 61.731,
                              "Actual Total Time": 103.877,
                              "Actual Rows": 139330,
                              "Actual Loops": 4,
                              "Filter": "((production_year < 2011) AND (kind_id = 1))",
                              "Rows Removed by Filter": 492748
                            }
                          ]
                        }
                      ]
                    },
                    {
                      "Node Type": "Index Only Scan",
                      "Parent Relationship": "Inner",
                      "Parallel Aware": false,
                      "Scan Direction": "Forward",
                      "Index Name": "movie_id_movie_info",
                      "Relation Name": "movie_info",
                      "Alias": "mi",
                      "Startup Cost": 0.43,
                      "Total Cost": 2.77,
                      "Plan Rows": 42,
                      "Plan Width": 4,
                      "Actual Startup Time": 0.004,
                      "Actual Total Time": 0.02,
                      "Actual Rows": 74,
                      "Actual Loops": 279183,
                      "Index Cond": "(movie_id = t.id)",
                      "Rows Removed by Index Recheck": 0,
                      "Heap Fetches": 20697727
                    }
                  ]
                }
              ]
            }
          ]
        }
      ]
    },
    "Planning Time": 1.418,
    "Triggers": [],
    "Execution Time": 2242.932
  }
]