{
  "Plan": {
    "Node Type": "Aggregate",
    "Strategy": "Plain",
    "Partial Mode": "Finalize",
    "Parallel Aware": false,
    "Startup Cost": 101624.63,
    "Total Cost": 101624.64,
    "Plan Rows": 1,
    "Plan Width": 8,
    "Actual Startup Time": 653.954,
    "Actual Total Time": 671.531,
    "Actual Rows": 1,
    "Actual Loops": 1,
    "Plans": [
      {
        "Node Type": "Gather",
        "Parent Relationship": "Outer",
        "Parallel Aware": false,
        "Startup Cost": 101624.52,
        "Total Cost": 101624.63,
        "Plan Rows": 1,
        "Plan Width": 8,
        "Actual Startup Time": 648.789,
        "Actual Total Time": 671.522,
        "Actual Rows": 2,
        "Actual Loops": 1,
        "Workers Planned": 1,
        "Workers Launched": 1,
        "Single Copy": false,
        "Plans": [
          {
            "Node Type": "Aggregate",
            "Strategy": "Plain",
            "Partial Mode": "Partial",
            "Parent Relationship": "Outer",
            "Parallel Aware": false,
            "Startup Cost": 100624.52,
            "Total Cost": 100624.53,
            "Plan Rows": 1,
            "Plan Width": 8,
            "Actual Startup Time": 636.859,
            "Actual Total Time": 636.863,
            "Actual Rows": 1,
            "Actual Loops": 2,
            "Plans": [
              {
                "Node Type": "Hash Join",
                "Parent Relationship": "Outer",
                "Parallel Aware": true,
                "Join Type": "Inner",
                "Startup Cost": 73967.74,
                "Total Cost": 100312.07,
                "Plan Rows": 124980,
                "Plan Width": 0,
                "Actual Startup Time": 540.392,
                "Actual Total Time": 631.794,
                "Actual Rows": 111054,
                "Actual Loops": 2,
                "Inner Unique": true,
                "Hash Cond": "(mk.movie_id = t.id)",
                "Plans": [
                  {
                    "Node Type": "Bitmap Heap Scan",
                    "Parent Relationship": "Outer",
                    "Parallel Aware": true,
                    "Relation Name": "movie_keyword",
                    "Alias": "mk",
                    "Startup Cost": 4507.04,
                    "Total Cost": 30523.29,
                    "Plan Rows": 124980,
                    "Plan Width": 4,
                    "Actual Startup Time": 15.018,
                    "Actual Total Time": 59.854,
                    "Actual Rows": 111054,
                    "Actual Loops": 2,
                    "Recheck Cond": "(keyword_id < 178)",
                    "Rows Removed by Index Recheck": 0,
                    "Exact Heap Blocks": 13872,
                    "Lossy Heap Blocks": 0,
                    "Plans": [
                      {
                        "Node Type": "Bitmap Index Scan",
                        "Parent Relationship": "Outer",
                        "Parallel Aware": false,
                        "Index Name": "keyword_id_movie_keyword",
                        "Startup Cost": 0.0,
                        "Total Cost": 4453.93,
                        "Plan Rows": 212466,
                        "Plan Width": 0,
                        "Actual Startup Time": 11.549,
                        "Actual Total Time": 11.549,
                        "Actual Rows": 222109,
                        "Actual Loops": 1,
                        "Index Cond": "(keyword_id < 178)"
                      }
                    ]
                  },
                  {
                    "Node Type": "Hash",
                    "Parent Relationship": "Inner",
                    "Parallel Aware": true,
                    "Startup Cost": 50870.31,
                    "Total Cost": 50870.31,
                    "Plan Rows": 1487231,
                    "Plan Width": 4,
                    "Actual Startup Time": 503.622,
                    "Actual Total Time": 503.623,
                    "Actual Rows": 1264156,
                    "Actual Loops": 2,
                    "Hash Buckets": 4194304,
                    "Original Hash Buckets": 4194304,
                    "Hash Batches": 1,
                    "Original Hash Batches": 1,
                    "Peak Memory Usage": 131680,
                    "Plans": [
                      {
                        "Node Type": "Seq Scan",
                        "Parent Relationship": "Outer",
                        "Parallel Aware": true,
                        "Relation Name": "title",
                        "Alias": "t",
                        "Startup Cost": 0.0,
                        "Total Cost": 50870.31,
                        "Plan Rows": 1487231,
                        "Plan Width": 4,
                        "Actual Startup Time": 0.024,
                        "Actual Total Time": 144.242,
                        "Actual Rows": 1264156,
                        "Actual Loops": 2
                      }
                    ]
                  }
                ]
              }
            ]
          }
        ]
      }
    ]
  },
  "Planning Time": 0.654,
  "Triggers": [],
  "Execution Time": 671.617
}