[
  {
    "Plan": {
      "Node Type": "Aggregate",
      "Strategy": "Plain",
      "Partial Mode": "Finalize",
      "Parallel Aware": false,
      "Startup Cost": 31171.11,
      "Total Cost": 31171.12,
      "Plan Rows": 1,
      "Plan Width": 8,
      "Actual Startup Time": 114.705,
      "Actual Total Time": 122.68,
      "Actual Rows": 1,
      "Actual Loops": 1,
      "Plans": [
        {
          "Node Type": "Gather",
          "Parent Relationship": "Outer",
          "Parallel Aware": false,
          "Startup Cost": 31170.79,
          "Total Cost": 31171.1,
          "Plan Rows": 3,
          "Plan Width": 8,
          "Actual Startup Time": 114.581,
          "Actual Total Time": 122.672,
          "Actual Rows": 4,
          "Actual Loops": 1,
          "Workers Planned": 3,
          "Workers Launched": 3,
          "Single Copy": false,
          "Plans": [
            {
              "Node Type": "Aggregate",
              "Strategy": "Plain",
              "Partial Mode": "Partial",
              "Parent Relationship": "Outer",
              "Parallel Aware": false,
              "Startup Cost": 30170.79,
              "Total Cost": 30170.8,
              "Plan Rows": 1,
              "Plan Width": 8,
              "Actual Startup Time": 105.622,
              "Actual Total Time": 105.623,
              "Actual Rows": 1,
              "Actual Loops": 4,
              "Plans": [
                {
                  "Node Type": "Seq Scan",
                  "Parent Relationship": "Outer",
                  "Parallel Aware": true,
                  "Relation Name": "movie_companies",
                  "Alias": "mc",
                  "Startup Cost": 0.0,
                  "Total Cost": 29310.68,
                  "Plan Rows": 344045,
                  "Plan Width": 0,
                  "Actual Startup Time": 23.904,
                  "Actual Total Time": 91.323,
                  "Actual Rows": 264908,
                  "Actual Loops": 4,
                  "Filter": "(company_id > 14751)",
                  "Rows Removed by Filter": 387374
                }
              ]
            }
          ]
        }
      ]
    },
    "Planning Time": 0.165,
    "Triggers": [],
    "Execution Time": 122.74
  }
]