[
  {
    "Plan": {
      "Node Type": "Aggregate",
      "Strategy": "Plain",
      "Partial Mode": "Finalize",
      "Parallel Aware": false,
      "Startup Cost": 31157.33,
      "Total Cost": 31157.34,
      "Plan Rows": 1,
      "Plan Width": 8,
      "Actual Startup Time": 111.312,
      "Actual Total Time": 121.731,
      "Actual Rows": 1,
      "Actual Loops": 1,
      "Plans": [
        {
          "Node Type": "Gather",
          "Parent Relationship": "Outer",
          "Parallel Aware": false,
          "Startup Cost": 31157.01,
          "Total Cost": 31157.32,
          "Plan Rows": 3,
          "Plan Width": 8,
          "Actual Startup Time": 111.2,
          "Actual Total Time": 121.723,
          "Actual Rows": 4,
          "Actual Loops": 1,
          "Workers Planned": 3,
          "Workers Launched": 3,
          "Single Copy": false,
          "Plans": [
            {
              "Node Type": "Aggregate",
              "Strategy": "Plain",
              "Partial Mode": "Partial",
              "Parent Relationship": "Outer",
              "Parallel Aware": false,
              "Startup Cost": 30157.01,
              "Total Cost": 30157.02,
              "Plan Rows": 1,
              "Plan Width": 8,
              "Actual Startup Time": 105.934,
              "Actual Total Time": 105.935,
              "Actual Rows": 1,
              "Actual Loops": 4,
              "Plans": [
                {
                  "Node Type": "Seq Scan",
                  "Parent Relationship": "Outer",
                  "Parallel Aware": true,
                  "Relation Name": "movie_companies",
                  "Alias": "mc",
                  "Startup Cost": 0.0,
                  "Total Cost": 29310.68,
                  "Plan Rows": 338533,
                  "Plan Width": 0,
                  "Actual Startup Time": 20.469,
                  "Actual Total Time": 90.811,
                  "Actual Rows": 264908,
                  "Actual Loops": 4,
                  "Filter": "(company_id > 14751)",
                  "Rows Removed by Filter": 387374
                }
              ]
            }
          ]
        }
      ]
    },
    "Planning Time": 0.151,
    "Triggers": [],
    "Execution Time": 121.784
  }
]