[
  {
    "Plan": {
      "Node Type": "Aggregate",
      "Strategy": "Plain",
      "Partial Mode": "Finalize",
      "Parallel Aware": false,
      "Startup Cost": 83467.92,
      "Total Cost": 83467.93,
      "Plan Rows": 1,
      "Plan Width": 8,
      "Actual Startup Time": 388.576,
      "Actual Total Time": 403.878,
      "Actual Rows": 1,
      "Actual Loops": 1,
      "Plans": [
        {
          "Node Type": "Gather",
          "Parent Relationship": "Outer",
          "Parallel Aware": false,
          "Startup Cost": 83467.6,
          "Total Cost": 83467.91,
          "Plan Rows": 3,
          "Plan Width": 8,
          "Actual Startup Time": 378.859,
          "Actual Total Time": 403.87,
          "Actual Rows": 4,
          "Actual Loops": 1,
          "Workers Planned": 3,
          "Workers Launched": 3,
          "Single Copy": false,
          "Plans": [
            {
              "Node Type": "Aggregate",
              "Strategy": "Plain",
              "Partial Mode": "Partial",
              "Parent Relationship": "Outer",
              "Parallel Aware": false,
              "Startup Cost": 82467.6,
              "Total Cost": 82467.61,
              "Plan Rows": 1,
              "Plan Width": 8,
              "Actual Startup Time": 368.378,
              "Actual Total Time": 368.382,
              "Actual Rows": 1,
              "Actual Loops": 4,
              "Plans": [
                {
                  "Node Type": "Hash Join",
                  "Parent Relationship": "Outer",
                  "Parallel Aware": true,
                  "Join Type": "Inner",
                  "Startup Cost": 56135.83,
                  "Total Cost": 82295.65,
                  "Plan Rows": 68778,
                  "Plan Width": 0,
                  "Actual Startup Time": 294.747,
                  "Actual Total Time": 367.749,
                  "Actual Rows": 8472,
                  "Actual Loops": 4,
                  "Inner Unique": true,
                  "Hash Cond": "(mk.movie_id = t.id)",
                  "Plans": [
                    {
                      "Node Type": "Bitmap Heap Scan",
                      "Parent Relationship": "Outer",
                      "Parallel Aware": true,
                      "Relation Name": "movie_keyword",
                      "Alias": "mk",
                      "Startup Cost": 7418.02,
                      "Total Cost": 33281.79,
                      "Plan Rows": 112782,
                      "Plan Width": 4,
                      "Actual Startup Time": 26.697,
                      "Actual Total Time": 73.843,
                      "Actual Rows": 87174,
                      "Actual Loops": 4,
                      "Recheck Cond": "(keyword_id > 47750)",
                      "Rows Removed by Index Recheck": 0,
                      "Exact Heap Blocks": 7047,
                      "Lossy Heap Blocks": 0,
                      "Plans": [
                        {
                          "Node Type": "Bitmap Index Scan",
                          "Parent Relationship": "Outer",
                          "Parallel Aware": false,
                          "Index Name": "keyword_id_movie_keyword",
                          "Startup Cost": 0.0,
                          "Total Cost": 7330.61,
                          "Plan Rows": 349624,
                          "Plan Width": 0,
                          "Actual Startup Time": 23.246,
                          "Actual Total Time": 23.247,
                          "Actual Rows": 348694,
                          "Actual Loops": 1,
                          "Index Cond": "(keyword_id > 47750)"
                        }
                      ]
                    },
                    {
                      "Node Type": "Hash",
                      "Parent Relationship": "Inner",
                      "Parallel Aware": true,
                      "Startup Cost": 43899.32,
                      "Total Cost": 43899.32,
                      "Plan Rows": 385479,
                      "Plan Width": 4,
                      "Actual Startup Time": 261.893,
                      "Actual Total Time": 261.894,
                      "Actual Rows": 385816,
                      "Actual Loops": 4,
                      "Hash Buckets": 2097152,
                      "Original Hash Buckets": 2097152,
                      "Hash Batches": 1,
                      "Original Hash Batches": 1,
                      "Peak Memory Usage": 76832,
                      "Plans": [
                        {
                          "Node Type": "Seq Scan",
                          "Parent Relationship": "Outer",
                          "Parallel Aware": true,
                          "Relation Name": "title",
                          "Alias": "t",
                          "Startup Cost": 0.0,
                          "Total Cost": 43899.32,
                          "Plan Rows": 385479,
                          "Plan Width": 4,
                          "Actual Startup Time": 0.047,
                          "Actual Total Time": 110.913,
                          "Actual Rows": 385816,
                          "Actual Loops": 4,
                          "Filter": "(kind_id = 7)",
                          "Rows Removed by Filter": 246262
                        }
                      ]
                    }
                  ]
                }
              ]
            }
          ]
        }
      ]
    },
    "Planning Time": 0.548,
    "Triggers": [],
    "Execution Time": 403.967
  }
]