{
  "Plan": {
    "Node Type": "Aggregate",
    "Strategy": "Plain",
    "Partial Mode": "Finalize",
    "Parallel Aware": false,
    "Startup Cost": 105748.09,
    "Total Cost": 105748.1,
    "Plan Rows": 1,
    "Plan Width": 8,
    "Actual Startup Time": 580.075,
    "Actual Total Time": 597.422,
    "Actual Rows": 1,
    "Actual Loops": 1,
    "Plans": [
      {
        "Node Type": "Gather",
        "Parent Relationship": "Outer",
        "Parallel Aware": false,
        "Startup Cost": 105747.98,
        "Total Cost": 105748.09,
        "Plan Rows": 1,
        "Plan Width": 8,
        "Actual Startup Time": 575.508,
        "Actual Total Time": 597.413,
        "Actual Rows": 2,
        "Actual Loops": 1,
        "Workers Planned": 1,
        "Workers Launched": 1,
        "Single Copy": false,
        "Plans": [
          {
            "Node Type": "Aggregate",
            "Strategy": "Plain",
            "Partial Mode": "Partial",
            "Parent Relationship": "Outer",
            "Parallel Aware": false,
            "Startup Cost": 104747.98,
            "Total Cost": 104747.99,
            "Plan Rows": 1,
            "Plan Width": 8,
            "Actual Startup Time": 567.73,
            "Actual Total Time": 567.734,
            "Actual Rows": 1,
            "Actual Loops": 2,
            "Plans": [
              {
                "Node Type": "Hash Join",
                "Parent Relationship": "Outer",
                "Parallel Aware": true,
                "Join Type": "Inner",
                "Startup Cost": 76030.44,
                "Total Cost": 104328.38,
                "Plan Rows": 167839,
                "Plan Width": 0,
                "Actual Startup Time": 443.678,
                "Actual Total Time": 560.445,
                "Actual Rows": 163415,
                "Actual Loops": 2,
                "Inner Unique": true,
                "Hash Cond": "(mk.movie_id = t.id)",
                "Plans": [
                  {
                    "Node Type": "Bitmap Heap Scan",
                    "Parent Relationship": "Outer",
                    "Parallel Aware": true,
                    "Relation Name": "movie_keyword",
                    "Alias": "mk",
                    "Startup Cost": 9164.8,
                    "Total Cost": 36795.61,
                    "Plan Rows": 254145,
                    "Plan Width": 4,
                    "Actual Startup Time": 31.99,
                    "Actual Total Time": 93.111,
                    "Actual Rows": 210654,
                    "Actual Loops": 2,
                    "Recheck Cond": "(keyword_id > 41425)",
                    "Rows Removed by Index Recheck": 0,
                    "Exact Heap Blocks": 11517,
                    "Lossy Heap Blocks": 0,
                    "Plans": [
                      {
                        "Node Type": "Bitmap Index Scan",
                        "Parent Relationship": "Outer",
                        "Parallel Aware": false,
                        "Index Name": "keyword_id_movie_keyword",
                        "Startup Cost": 0.0,
                        "Total Cost": 9056.79,
                        "Plan Rows": 432047,
                        "Plan Width": 0,
                        "Actual Startup Time": 28.581,
                        "Actual Total Time": 28.581,
                        "Actual Rows": 421307,
                        "Actual Loops": 1,
                        "Index Cond": "(keyword_id > 41425)"
                      }
                    ]
                  },
                  {
                    "Node Type": "Hash",
                    "Parent Relationship": "Inner",
                    "Parallel Aware": true,
                    "Startup Cost": 54588.39,
                    "Total Cost": 54588.39,
                    "Plan Rows": 982180,
                    "Plan Width": 4,
                    "Actual Startup Time": 397.101,
                    "Actual Total Time": 397.102,
                    "Actual Rows": 835646,
                    "Actual Loops": 2,
                    "Hash Buckets": 2097152,
                    "Original Hash Buckets": 2097152,
                    "Hash Batches": 1,
                    "Original Hash Batches": 1,
                    "Peak Memory Usage": 81792,
                    "Plans": [
                      {
                        "Node Type": "Seq Scan",
                        "Parent Relationship": "Outer",
                        "Parallel Aware": true,
                        "Relation Name": "title",
                        "Alias": "t",
                        "Startup Cost": 0.0,
                        "Total Cost": 54588.39,
                        "Plan Rows": 982180,
                        "Plan Width": 4,
                        "Actual Startup Time": 0.029,
                        "Actual Total Time": 172.682,
                        "Actual Rows": 835646,
                        "Actual Loops": 2,
                        "Filter": "(production_year < 2008)",
                        "Rows Removed by Filter": 428510
                      }
                    ]
                  }
                ]
              }
            ]
          }
        ]
      }
    ]
  },
  "Planning Time": 0.699,
  "Triggers": [],
  "Execution Time": 597.53
}