[
  {
    "Plan": {
      "Node Type": "Aggregate",
      "Strategy": "Plain",
      "Partial Mode": "Finalize",
      "Parallel Aware": false,
      "Startup Cost": 45904.62,
      "Total Cost": 45904.63,
      "Plan Rows": 1,
      "Plan Width": 8,
      "Actual Startup Time": 150.792,
      "Actual Total Time": 159.939,
      "Actual Rows": 1,
      "Actual Loops": 1,
      "Plans": [
        {
          "Node Type": "Gather",
          "Parent Relationship": "Outer",
          "Parallel Aware": false,
          "Startup Cost": 45904.3,
          "Total Cost": 45904.61,
          "Plan Rows": 3,
          "Plan Width": 8,
          "Actual Startup Time": 150.706,
          "Actual Total Time": 159.929,
          "Actual Rows": 4,
          "Actual Loops": 1,
          "Workers Planned": 3,
          "Workers Launched": 3,
          "Single Copy": false,
          "Plans": [
            {
              "Node Type": "Aggregate",
              "Strategy": "Plain",
              "Partial Mode": "Partial",
              "Parent Relationship": "Outer",
              "Parallel Aware": false,
              "Startup Cost": 44904.3,
              "Total Cost": 44904.31,
              "Plan Rows": 1,
              "Plan Width": 8,
              "Actual Startup Time": 145.822,
              "Actual Total Time": 145.823,
              "Actual Rows": 1,
              "Actual Loops": 4,
              "Plans": [
                {
                  "Node Type": "Seq Scan",
                  "Parent Relationship": "Outer",
                  "Parallel Aware": true,
                  "Relation Name": "movie_keyword",
                  "Alias": "mk",
                  "Startup Cost": 0.0,
                  "Total Cost": 42695.65,
                  "Plan Rows": 883459,
                  "Plan Width": 0,
                  "Actual Startup Time": 0.036,
                  "Actual Total Time": 113.941,
                  "Actual Rows": 688026,
                  "Actual Loops": 4,
                  "Filter": "(keyword_id < 7824)",
                  "Rows Removed by Filter": 442956
                }
              ]
            }
          ]
        }
      ]
    },
    "Planning Time": 0.098,
    "Triggers": [],
    "Execution Time": 159.97
  }
]