[
    {
        "Bao": {
            "Bao prediction": "NaN",
            "Bao recommended hint": "(no hint)"
        }
    },
    {
        "Plan": {
            "Node Type": "Aggregate",
            "Strategy": "Plain",
            "Partial Mode": "Finalize",
            "Parallel Aware": false,
            "Startup Cost": 312430.05,
            "Total Cost": 312430.06,
            "Plan Rows": 1,
            "Plan Width": 8,
            "Actual Startup Time": 208.752,
            "Actual Total Time": 218.065,
            "Actual Rows": 1,
            "Actual Loops": 1,
            "Output": [
                "count(*)"
            ],
            "Plans": [
                {
                    "Node Type": "Gather",
                    "Parent Relationship": "Outer",
                    "Parallel Aware": false,
                    "Startup Cost": 312429.43,
                    "Total Cost": 312430.04,
                    "Plan Rows": 6,
                    "Plan Width": 8,
                    "Actual Startup Time": 205.127,
                    "Actual Total Time": 218.055,
                    "Actual Rows": 7,
                    "Actual Loops": 1,
                    "Output": [
                        "(PARTIAL count(*))"
                    ],
                    "Workers Planned": 6,
                    "Workers Launched": 6,
                    "Single Copy": false,
                    "Plans": [
                        {
                            "Node Type": "Aggregate",
                            "Strategy": "Plain",
                            "Partial Mode": "Partial",
                            "Parent Relationship": "Outer",
                            "Parallel Aware": false,
                            "Startup Cost": 311429.43,
                            "Total Cost": 311429.44,
                            "Plan Rows": 1,
                            "Plan Width": 8,
                            "Actual Startup Time": 194.59,
                            "Actual Total Time": 194.594,
                            "Actual Rows": 1,
                            "Actual Loops": 7,
                            "Output": [
                                "PARTIAL count(*)"
                            ],
                            "Workers": [
                                {
                                    "Worker Number": 0,
                                    "Actual Startup Time": 192.089,
                                    "Actual Total Time": 192.093,
                                    "Actual Rows": 1,
                                    "Actual Loops": 1
                                },
                                {
                                    "Worker Number": 1,
                                    "Actual Startup Time": 192.479,
                                    "Actual Total Time": 192.482,
                                    "Actual Rows": 1,
                                    "Actual Loops": 1
                                },
                                {
                                    "Worker Number": 2,
                                    "Actual Startup Time": 192.652,
                                    "Actual Total Time": 192.655,
                                    "Actual Rows": 1,
                                    "Actual Loops": 1
                                },
                                {
                                    "Worker Number": 3,
                                    "Actual Startup Time": 193.307,
                                    "Actual Total Time": 193.311,
                                    "Actual Rows": 1,
                                    "Actual Loops": 1
                                },
                                {
                                    "Worker Number": 4,
                                    "Actual Startup Time": 193.133,
                                    "Actual Total Time": 193.137,
                                    "Actual Rows": 1,
                                    "Actual Loops": 1
                                },
                                {
                                    "Worker Number": 5,
                                    "Actual Startup Time": 193.752,
                                    "Actual Total Time": 193.756,
                                    "Actual Rows": 1,
                                    "Actual Loops": 1
                                }
                            ],
                            "Plans": [
                                {
                                    "Node Type": "Hash Join",
                                    "Parent Relationship": "Outer",
                                    "Parallel Aware": true,
                                    "Join Type": "Inner",
                                    "Startup Cost": 57295.67,
                                    "Total Cost": 311400.44,
                                    "Plan Rows": 11595,
                                    "Plan Width": 0,
                                    "Actual Startup Time": 140.542,
                                    "Actual Total Time": 194.33,
                                    "Actual Rows": 2779,
                                    "Actual Loops": 7,
                                    "Inner Unique": true,
                                    "Hash Cond": "(ci.movie_id = t.id)",
                                    "Workers": [
                                        {
                                            "Worker Number": 0,
                                            "Actual Startup Time": 138.344,
                                            "Actual Total Time": 191.856,
                                            "Actual Rows": 1751,
                                            "Actual Loops": 1
                                        },
                                        {
                                            "Worker Number": 1,
                                            "Actual Startup Time": 138.677,
                                            "Actual Total Time": 192.232,
                                            "Actual Rows": 4073,
                                            "Actual Loops": 1
                                        },
                                        {
                                            "Worker Number": 2,
                                            "Actual Startup Time": 137.882,
                                            "Actual Total Time": 192.378,
                                            "Actual Rows": 3183,
                                            "Actual Loops": 1
                                        },
                                        {
                                            "Worker Number": 3,
                                            "Actual Startup Time": 138.895,
                                            "Actual Total Time": 193.047,
                                            "Actual Rows": 2218,
                                            "Actual Loops": 1
                                        },
                                        {
                                            "Worker Number": 4,
                                            "Actual Startup Time": 138.556,
                                            "Actual Total Time": 192.846,
                                            "Actual Rows": 2352,
                                            "Actual Loops": 1
                                        },
                                        {
                                            "Worker Number": 5,
                                            "Actual Startup Time": 140.535,
                                            "Actual Total Time": 193.499,
                                            "Actual Rows": 2062,
                                            "Actual Loops": 1
                                        }
                                    ],
                                    "Plans": [
                                        {
                                            "Node Type": "Bitmap Heap Scan",
                                            "Parent Relationship": "Outer",
                                            "Parallel Aware": true,
                                            "Relation Name": "cast_info",
                                            "Schema": "public",
                                            "Alias": "ci",
                                            "Startup Cost": 12419.34,
                                            "Total Cost": 266278.05,
                                            "Plan Rows": 93737,
                                            "Plan Width": 4,
                                            "Actual Startup Time": 43.5,
                                            "Actual Total Time": 71.383,
                                            "Actual Rows": 85074,
                                            "Actual Loops": 7,
                                            "Output": [
                                                "ci.id",
                                                "ci.person_id",
                                                "ci.movie_id",
                                                "ci.person_role_id",
                                                "ci.note",
                                                "ci.nr_order",
                                                "ci.role_id"
                                            ],
                                            "Recheck Cond": "(ci.person_id > 3946662)",
                                            "Rows Removed by Index Recheck": 0,
                                            "Exact Heap Blocks": 1525,
                                            "Lossy Heap Blocks": 0,
                                            "Workers": [
                                                {
                                                    "Worker Number": 0,
                                                    "Actual Startup Time": 43.71,
                                                    "Actual Total Time": 72.224,
                                                    "Actual Rows": 63002,
                                                    "Actual Loops": 1
                                                },
                                                {
                                                    "Worker Number": 1,
                                                    "Actual Startup Time": 43.368,
                                                    "Actual Total Time": 70.368,
                                                    "Actual Rows": 130644,
                                                    "Actual Loops": 1
                                                },
                                                {
                                                    "Worker Number": 2,
                                                    "Actual Startup Time": 43.411,
                                                    "Actual Total Time": 71.824,
                                                    "Actual Rows": 89198,
                                                    "Actual Loops": 1
                                                },
                                                {
                                                    "Worker Number": 3,
                                                    "Actual Startup Time": 43.511,
                                                    "Actual Total Time": 72.333,
                                                    "Actual Rows": 77985,
                                                    "Actual Loops": 1
                                                },
                                                {
                                                    "Worker Number": 4,
                                                    "Actual Startup Time": 43.474,
                                                    "Actual Total Time": 72.674,
                                                    "Actual Rows": 58688,
                                                    "Actual Loops": 1
                                                },
                                                {
                                                    "Worker Number": 5,
                                                    "Actual Startup Time": 43.511,
                                                    "Actual Total Time": 71.808,
                                                    "Actual Rows": 63654,
                                                    "Actual Loops": 1
                                                }
                                            ],
                                            "Plans": [
                                                {
                                                    "Node Type": "Bitmap Index Scan",
                                                    "Parent Relationship": "Outer",
                                                    "Parallel Aware": false,
                                                    "Index Name": "person_id_cast_info",
                                                    "Startup Cost": 0.0,
                                                    "Total Cost": 12278.73,
                                                    "Plan Rows": 562422,
                                                    "Plan Width": 0,
                                                    "Actual Startup Time": 42.14,
                                                    "Actual Total Time": 42.14,
                                                    "Actual Rows": 595516,
                                                    "Actual Loops": 1,
                                                    "Index Cond": "(ci.person_id > 3946662)",
                                                    "Workers": [
                                                        {
                                                            "Worker Number": 1,
                                                            "Actual Startup Time": 42.14,
                                                            "Actual Total Time": 42.14,
                                                            "Actual Rows": 595516,
                                                            "Actual Loops": 1
                                                        }
                                                    ]
                                                }
                                            ]
                                        },
                                        {
                                            "Node Type": "Hash",
                                            "Parent Relationship": "Inner",
                                            "Parallel Aware": true,
                                            "Startup Cost": 43899.01,
                                            "Total Cost": 43899.01,
                                            "Plan Rows": 78186,
                                            "Plan Width": 4,
                                            "Actual Startup Time": 94.898,
                                            "Actual Total Time": 94.899,
                                            "Actual Rows": 44219,
                                            "Actual Loops": 7,
                                            "Output": [
                                                "t.id"
                                            ],
                                            "Hash Buckets": 524288,
                                            "Original Hash Buckets": 524288,
                                            "Hash Batches": 1,
                                            "Original Hash Batches": 1,
                                            "Peak Memory Usage": 16288,
                                            "Workers": [
                                                {
                                                    "Worker Number": 0,
                                                    "Actual Startup Time": 93.392,
                                                    "Actual Total Time": 93.394,
                                                    "Actual Rows": 31711,
                                                    "Actual Loops": 1
                                                },
                                                {
                                                    "Worker Number": 1,
                                                    "Actual Startup Time": 93.794,
                                                    "Actual Total Time": 93.795,
                                                    "Actual Rows": 50688,
                                                    "Actual Loops": 1
                                                },
                                                {
                                                    "Worker Number": 2,
                                                    "Actual Startup Time": 93.887,
                                                    "Actual Total Time": 93.888,
                                                    "Actual Rows": 49663,
                                                    "Actual Loops": 1
                                                },
                                                {
                                                    "Worker Number": 3,
                                                    "Actual Startup Time": 94.26,
                                                    "Actual Total Time": 94.261,
                                                    "Actual Rows": 34362,
                                                    "Actual Loops": 1
                                                },
                                                {
                                                    "Worker Number": 4,
                                                    "Actual Startup Time": 94.361,
                                                    "Actual Total Time": 94.362,
                                                    "Actual Rows": 29517,
                                                    "Actual Loops": 1
                                                },
                                                {
                                                    "Worker Number": 5,
                                                    "Actual Startup Time": 95.007,
                                                    "Actual Total Time": 95.008,
                                                    "Actual Rows": 31809,
                                                    "Actual Loops": 1
                                                }
                                            ],
                                            "Plans": [
                                                {
                                                    "Node Type": "Seq Scan",
                                                    "Parent Relationship": "Outer",
                                                    "Parallel Aware": true,
                                                    "Relation Name": "title",
                                                    "Schema": "public",
                                                    "Alias": "t",
                                                    "Startup Cost": 0.0,
                                                    "Total Cost": 43899.01,
                                                    "Plan Rows": 78186,
                                                    "Plan Width": 4,
                                                    "Actual Startup Time": 0.046,
                                                    "Actual Total Time": 74.479,
                                                    "Actual Rows": 44219,
                                                    "Actual Loops": 7,
                                                    "Output": [
                                                        "t.id"
                                                    ],
                                                    "Filter": "(t.production_year < 1966)",
                                                    "Rows Removed by Filter": 316968,
                                                    "Workers": [
                                                        {
                                                            "Worker Number": 0,
                                                            "Actual Startup Time": 0.053,
                                                            "Actual Total Time": 73.693,
                                                            "Actual Rows": 31711,
                                                            "Actual Loops": 1
                                                        },
                                                        {
                                                            "Worker Number": 1,
                                                            "Actual Startup Time": 0.062,
                                                            "Actual Total Time": 73.783,
                                                            "Actual Rows": 50688,
                                                            "Actual Loops": 1
                                                        },
                                                        {
                                                            "Worker Number": 2,
                                                            "Actual Startup Time": 0.051,
                                                            "Actual Total Time": 73.632,
                                                            "Actual Rows": 49663,
                                                            "Actual Loops": 1
                                                        },
                                                        {
                                                            "Worker Number": 3,
                                                            "Actual Startup Time": 0.061,
                                                            "Actual Total Time": 75.392,
                                                            "Actual Rows": 34362,
                                                            "Actual Loops": 1
                                                        },
                                                        {
                                                            "Worker Number": 4,
                                                            "Actual Startup Time": 0.039,
                                                            "Actual Total Time": 75.613,
                                                            "Actual Rows": 29517,
                                                            "Actual Loops": 1
                                                        },
                                                        {
                                                            "Worker Number": 5,
                                                            "Actual Startup Time": 0.042,
                                                            "Actual Total Time": 75.0,
                                                            "Actual Rows": 31809,
                                                            "Actual Loops": 1
                                                        }
                                                    ]
                                                }
                                            ]
                                        }
                                    ]
                                }
                            ]
                        }
                    ]
                }
            ]
        },
        "Planning Time": 185.262,
        "Triggers": [],
        "Execution Time": 218.132
    }
]