{
    "Plan": {
        "Node Type": "Aggregate",
        "Strategy": "Plain",
        "Partial Mode": "Finalize",
        "Parallel Aware": false,
        "Startup Cost": 440070.41,
        "Total Cost": 440070.42,
        "Plan Rows": 1,
        "Plan Width": 8,
        "Actual Startup Time": 5024.579,
        "Actual Total Time": 5084.903,
        "Actual Rows": 1,
        "Actual Loops": 1,
        "Output": [
            "count(*)"
        ],
        "Plans": [
            {
                "Node Type": "Gather",
                "Parent Relationship": "Outer",
                "Parallel Aware": false,
                "Startup Cost": 440069.79,
                "Total Cost": 440070.4,
                "Plan Rows": 6,
                "Plan Width": 8,
                "Actual Startup Time": 4997.971,
                "Actual Total Time": 5084.882,
                "Actual Rows": 7,
                "Actual Loops": 1,
                "Output": [
                    "(PARTIAL count(*))"
                ],
                "Workers Planned": 6,
                "Workers Launched": 6,
                "Single Copy": false,
                "Plans": [
                    {
                        "Node Type": "Aggregate",
                        "Strategy": "Plain",
                        "Partial Mode": "Partial",
                        "Parent Relationship": "Outer",
                        "Parallel Aware": false,
                        "Startup Cost": 439069.79,
                        "Total Cost": 439069.8,
                        "Plan Rows": 1,
                        "Plan Width": 8,
                        "Actual Startup Time": 4976.13,
                        "Actual Total Time": 4976.139,
                        "Actual Rows": 1,
                        "Actual Loops": 7,
                        "Output": [
                            "PARTIAL count(*)"
                        ],
                        "Workers": [
                            {
                                "Worker Number": 0,
                                "Actual Startup Time": 4972.083,
                                "Actual Total Time": 4972.09,
                                "Actual Rows": 1,
                                "Actual Loops": 1
                            },
                            {
                                "Worker Number": 1,
                                "Actual Startup Time": 4972.882,
                                "Actual Total Time": 4972.888,
                                "Actual Rows": 1,
                                "Actual Loops": 1
                            },
                            {
                                "Worker Number": 2,
                                "Actual Startup Time": 4972.813,
                                "Actual Total Time": 4972.819,
                                "Actual Rows": 1,
                                "Actual Loops": 1
                            },
                            {
                                "Worker Number": 3,
                                "Actual Startup Time": 4972.866,
                                "Actual Total Time": 4972.873,
                                "Actual Rows": 1,
                                "Actual Loops": 1
                            },
                            {
                                "Worker Number": 4,
                                "Actual Startup Time": 4972.799,
                                "Actual Total Time": 4972.807,
                                "Actual Rows": 1,
                                "Actual Loops": 1
                            },
                            {
                                "Worker Number": 5,
                                "Actual Startup Time": 4972.793,
                                "Actual Total Time": 4972.8,
                                "Actual Rows": 1,
                                "Actual Loops": 1
                            }
                        ],
                        "Plans": [
                            {
                                "Node Type": "Hash Join",
                                "Parent Relationship": "Outer",
                                "Parallel Aware": true,
                                "Join Type": "Inner",
                                "Startup Cost": 85779.09,
                                "Total Cost": 431418.28,
                                "Plan Rows": 3060604,
                                "Plan Width": 0,
                                "Actual Startup Time": 655.371,
                                "Actual Total Time": 4739.117,
                                "Actual Rows": 5183193,
                                "Actual Loops": 7,
                                "Inner Unique": false,
                                "Hash Cond": "(ci.movie_id = t.id)",
                                "Workers": [
                                    {
                                        "Worker Number": 0,
                                        "Actual Startup Time": 651.721,
                                        "Actual Total Time": 4786.904,
                                        "Actual Rows": 4361626,
                                        "Actual Loops": 1
                                    },
                                    {
                                        "Worker Number": 1,
                                        "Actual Startup Time": 652.456,
                                        "Actual Total Time": 4703.167,
                                        "Actual Rows": 5153215,
                                        "Actual Loops": 1
                                    },
                                    {
                                        "Worker Number": 2,
                                        "Actual Startup Time": 652.265,
                                        "Actual Total Time": 4721.383,
                                        "Actual Rows": 5559602,
                                        "Actual Loops": 1
                                    },
                                    {
                                        "Worker Number": 3,
                                        "Actual Startup Time": 652.327,
                                        "Actual Total Time": 4720.13,
                                        "Actual Rows": 5585662,
                                        "Actual Loops": 1
                                    },
                                    {
                                        "Worker Number": 4,
                                        "Actual Startup Time": 652.331,
                                        "Actual Total Time": 4721.345,
                                        "Actual Rows": 5564147,
                                        "Actual Loops": 1
                                    },
                                    {
                                        "Worker Number": 5,
                                        "Actual Startup Time": 652.349,
                                        "Actual Total Time": 4725.319,
                                        "Actual Rows": 5471458,
                                        "Actual Loops": 1
                                    }
                                ],
                                "Plans": [
                                    {
                                        "Node Type": "Seq Scan",
                                        "Parent Relationship": "Outer",
                                        "Parallel Aware": true,
                                        "Relation Name": "cast_info",
                                        "Schema": "public",
                                        "Alias": "ci",
                                        "Startup Cost": 0.0,
                                        "Total Cost": 313108.29,
                                        "Plan Rows": 6042129,
                                        "Plan Width": 4,
                                        "Actual Startup Time": 0.052,
                                        "Actual Total Time": 710.078,
                                        "Actual Rows": 5177763,
                                        "Actual Loops": 7,
                                        "Output": [
                                            "ci.id",
                                            "ci.person_id",
                                            "ci.movie_id",
                                            "ci.person_role_id",
                                            "ci.note",
                                            "ci.nr_order",
                                            "ci.role_id"
                                        ],
                                        "Workers": [
                                            {
                                                "Worker Number": 0,
                                                "Actual Startup Time": 0.064,
                                                "Actual Total Time": 660.234,
                                                "Actual Rows": 4325136,
                                                "Actual Loops": 1
                                            },
                                            {
                                                "Worker Number": 1,
                                                "Actual Startup Time": 0.053,
                                                "Actual Total Time": 770.104,
                                                "Actual Rows": 5112049,
                                                "Actual Loops": 1
                                            },
                                            {
                                                "Worker Number": 2,
                                                "Actual Startup Time": 0.05,
                                                "Actual Total Time": 751.953,
                                                "Actual Rows": 5569448,
                                                "Actual Loops": 1
                                            },
                                            {
                                                "Worker Number": 3,
                                                "Actual Startup Time": 0.068,
                                                "Actual Total Time": 759.353,
                                                "Actual Rows": 5591709,
                                                "Actual Loops": 1
                                            },
                                            {
                                                "Worker Number": 4,
                                                "Actual Startup Time": 0.048,
                                                "Actual Total Time": 755.52,
                                                "Actual Rows": 5588352,
                                                "Actual Loops": 1
                                            },
                                            {
                                                "Worker Number": 5,
                                                "Actual Startup Time": 0.051,
                                                "Actual Total Time": 748.874,
                                                "Actual Rows": 5481868,
                                                "Actual Loops": 1
                                            }
                                        ]
                                    },
                                    {
                                        "Node Type": "Hash",
                                        "Parent Relationship": "Inner",
                                        "Parallel Aware": true,
                                        "Startup Cost": 80614.96,
                                        "Total Cost": 80614.96,
                                        "Plan Rows": 413131,
                                        "Plan Width": 8,
                                        "Actual Startup Time": 649.503,
                                        "Actual Total Time": 649.509,
                                        "Actual Rows": 183837,
                                        "Actual Loops": 7,
                                        "Output": [
                                            "t.id",
                                            "mc.movie_id"
                                        ],
                                        "Hash Buckets": 2097152,
                                        "Original Hash Buckets": 2097152,
                                        "Hash Batches": 1,
                                        "Original Hash Batches": 1,
                                        "Peak Memory Usage": 66816,
                                        "Workers": [
                                            {
                                                "Worker Number": 0,
                                                "Actual Startup Time": 650.691,
                                                "Actual Total Time": 650.696,
                                                "Actual Rows": 156198,
                                                "Actual Loops": 1
                                            },
                                            {
                                                "Worker Number": 1,
                                                "Actual Startup Time": 651.568,
                                                "Actual Total Time": 651.572,
                                                "Actual Rows": 168883,
                                                "Actual Loops": 1
                                            },
                                            {
                                                "Worker Number": 2,
                                                "Actual Startup Time": 651.558,
                                                "Actual Total Time": 651.562,
                                                "Actual Rows": 198956,
                                                "Actual Loops": 1
                                            },
                                            {
                                                "Worker Number": 3,
                                                "Actual Startup Time": 651.543,
                                                "Actual Total Time": 651.549,
                                                "Actual Rows": 201340,
                                                "Actual Loops": 1
                                            },
                                            {
                                                "Worker Number": 4,
                                                "Actual Startup Time": 651.561,
                                                "Actual Total Time": 651.567,
                                                "Actual Rows": 200166,
                                                "Actual Loops": 1
                                            },
                                            {
                                                "Worker Number": 5,
                                                "Actual Startup Time": 651.574,
                                                "Actual Total Time": 651.579,
                                                "Actual Rows": 197744,
                                                "Actual Loops": 1
                                            }
                                        ],
                                        "Plans": [
                                            {
                                                "Node Type": "Hash Join",
                                                "Parent Relationship": "Outer",
                                                "Parallel Aware": true,
                                                "Join Type": "Inner",
                                                "Startup Cost": 50219.81,
                                                "Total Cost": 80614.96,
                                                "Plan Rows": 413131,
                                                "Plan Width": 8,
                                                "Actual Startup Time": 367.994,
                                                "Actual Total Time": 536.031,
                                                "Actual Rows": 183837,
                                                "Actual Loops": 7,
                                                "Output": [
                                                    "t.id",
                                                    "mc.movie_id"
                                                ],
                                                "Inner Unique": true,
                                                "Hash Cond": "(mc.movie_id = t.id)",
                                                "Workers": [
                                                    {
                                                        "Worker Number": 0,
                                                        "Actual Startup Time": 367.951,
                                                        "Actual Total Time": 538.237,
                                                        "Actual Rows": 156198,
                                                        "Actual Loops": 1
                                                    },
                                                    {
                                                        "Worker Number": 1,
                                                        "Actual Startup Time": 367.976,
                                                        "Actual Total Time": 536.654,
                                                        "Actual Rows": 168883,
                                                        "Actual Loops": 1
                                                    },
                                                    {
                                                        "Worker Number": 2,
                                                        "Actual Startup Time": 367.972,
                                                        "Actual Total Time": 536.216,
                                                        "Actual Rows": 198956,
                                                        "Actual Loops": 1
                                                    },
                                                    {
                                                        "Worker Number": 3,
                                                        "Actual Startup Time": 367.97,
                                                        "Actual Total Time": 535.927,
                                                        "Actual Rows": 201340,
                                                        "Actual Loops": 1
                                                    },
                                                    {
                                                        "Worker Number": 4,
                                                        "Actual Startup Time": 367.974,
                                                        "Actual Total Time": 535.989,
                                                        "Actual Rows": 200166,
                                                        "Actual Loops": 1
                                                    },
                                                    {
                                                        "Worker Number": 5,
                                                        "Actual Startup Time": 367.974,
                                                        "Actual Total Time": 536.195,
                                                        "Actual Rows": 197744,
                                                        "Actual Loops": 1
                                                    }
                                                ],
                                                "Plans": [
                                                    {
                                                        "Node Type": "Seq Scan",
                                                        "Parent Relationship": "Outer",
                                                        "Parallel Aware": true,
                                                        "Relation Name": "movie_companies",
                                                        "Schema": "public",
                                                        "Alias": "mc",
                                                        "Startup Cost": 0.0,
                                                        "Total Cost": 29310.68,
                                                        "Plan Rows": 413131,
                                                        "Plan Width": 4,
                                                        "Actual Startup Time": 7.899,
                                                        "Actual Total Time": 57.724,
                                                        "Actual Rows": 183837,
                                                        "Actual Loops": 7,
                                                        "Output": [
                                                            "mc.id",
                                                            "mc.movie_id",
                                                            "mc.company_id",
                                                            "mc.company_type_id",
                                                            "mc.note"
                                                        ],
                                                        "Filter": "(mc.company_id > 11373)",
                                                        "Rows Removed by Filter": 188896,
                                                        "Workers": [
                                                            {
                                                                "Worker Number": 0,
                                                                "Actual Startup Time": 7.838,
                                                                "Actual Total Time": 56.05,
                                                                "Actual Rows": 156198,
                                                                "Actual Loops": 1
                                                            },
                                                            {
                                                                "Worker Number": 1,
                                                                "Actual Startup Time": 7.98,
                                                                "Actual Total Time": 63.378,
                                                                "Actual Rows": 168883,
                                                                "Actual Loops": 1
                                                            },
                                                            {
                                                                "Worker Number": 2,
                                                                "Actual Startup Time": 7.959,
                                                                "Actual Total Time": 59.756,
                                                                "Actual Rows": 198956,
                                                                "Actual Loops": 1
                                                            },
                                                            {
                                                                "Worker Number": 3,
                                                                "Actual Startup Time": 7.874,
                                                                "Actual Total Time": 59.588,
                                                                "Actual Rows": 201340,
                                                                "Actual Loops": 1
                                                            },
                                                            {
                                                                "Worker Number": 4,
                                                                "Actual Startup Time": 7.852,
                                                                "Actual Total Time": 59.197,
                                                                "Actual Rows": 200166,
                                                                "Actual Loops": 1
                                                            },
                                                            {
                                                                "Worker Number": 5,
                                                                "Actual Startup Time": 7.964,
                                                                "Actual Total Time": 59.004,
                                                                "Actual Rows": 197744,
                                                                "Actual Loops": 1
                                                            }
                                                        ]
                                                    },
                                                    {
                                                        "Node Type": "Hash",
                                                        "Parent Relationship": "Inner",
                                                        "Parallel Aware": true,
                                                        "Startup Cost": 42318.81,
                                                        "Total Cost": 42318.81,
                                                        "Plan Rows": 632080,
                                                        "Plan Width": 4,
                                                        "Actual Startup Time": 353.805,
                                                        "Actual Total Time": 353.807,
                                                        "Actual Rows": 361187,
                                                        "Actual Loops": 7,
                                                        "Output": [
                                                            "t.id"
                                                        ],
                                                        "Hash Buckets": 4194304,
                                                        "Original Hash Buckets": 4194304,
                                                        "Hash Batches": 1,
                                                        "Original Hash Batches": 1,
                                                        "Peak Memory Usage": 131840,
                                                        "Workers": [
                                                            {
                                                                "Worker Number": 0,
                                                                "Actual Startup Time": 359.727,
                                                                "Actual Total Time": 359.729,
                                                                "Actual Rows": 291240,
                                                                "Actual Loops": 1
                                                            },
                                                            {
                                                                "Worker Number": 1,
                                                                "Actual Startup Time": 359.704,
                                                                "Actual Total Time": 359.704,
                                                                "Actual Rows": 325866,
                                                                "Actual Loops": 1
                                                            },
                                                            {
                                                                "Worker Number": 2,
                                                                "Actual Startup Time": 359.876,
                                                                "Actual Total Time": 359.877,
                                                                "Actual Rows": 386401,
                                                                "Actual Loops": 1
                                                            },
                                                            {
                                                                "Worker Number": 3,
                                                                "Actual Startup Time": 359.705,
                                                                "Actual Total Time": 359.706,
                                                                "Actual Rows": 383794,
                                                                "Actual Loops": 1
                                                            },
                                                            {
                                                                "Worker Number": 4,
                                                                "Actual Startup Time": 359.736,
                                                                "Actual Total Time": 359.738,
                                                                "Actual Rows": 389672,
                                                                "Actual Loops": 1
                                                            },
                                                            {
                                                                "Worker Number": 5,
                                                                "Actual Startup Time": 359.925,
                                                                "Actual Total Time": 359.927,
                                                                "Actual Rows": 383210,
                                                                "Actual Loops": 1
                                                            }
                                                        ],
                                                        "Plans": [
                                                            {
                                                                "Node Type": "Seq Scan",
                                                                "Parent Relationship": "Outer",
                                                                "Parallel Aware": true,
                                                                "Relation Name": "title",
                                                                "Schema": "public",
                                                                "Alias": "t",
                                                                "Startup Cost": 0.0,
                                                                "Total Cost": 42318.81,
                                                                "Plan Rows": 632080,
                                                                "Plan Width": 4,
                                                                "Actual Startup Time": 0.083,
                                                                "Actual Total Time": 89.382,
                                                                "Actual Rows": 361187,
                                                                "Actual Loops": 7,
                                                                "Output": [
                                                                    "t.id"
                                                                ],
                                                                "Workers": [
                                                                    {
                                                                        "Worker Number": 0,
                                                                        "Actual Startup Time": 0.099,
                                                                        "Actual Total Time": 89.004,
                                                                        "Actual Rows": 291240,
                                                                        "Actual Loops": 1
                                                                    },
                                                                    {
                                                                        "Worker Number": 1,
                                                                        "Actual Startup Time": 0.094,
                                                                        "Actual Total Time": 97.042,
                                                                        "Actual Rows": 325866,
                                                                        "Actual Loops": 1
                                                                    },
                                                                    {
                                                                        "Worker Number": 2,
                                                                        "Actual Startup Time": 0.093,
                                                                        "Actual Total Time": 93.166,
                                                                        "Actual Rows": 386401,
                                                                        "Actual Loops": 1
                                                                    },
                                                                    {
                                                                        "Worker Number": 3,
                                                                        "Actual Startup Time": 0.082,
                                                                        "Actual Total Time": 93.899,
                                                                        "Actual Rows": 383794,
                                                                        "Actual Loops": 1
                                                                    },
                                                                    {
                                                                        "Worker Number": 4,
                                                                        "Actual Startup Time": 0.09,
                                                                        "Actual Total Time": 93.181,
                                                                        "Actual Rows": 389672,
                                                                        "Actual Loops": 1
                                                                    },
                                                                    {
                                                                        "Worker Number": 5,
                                                                        "Actual Startup Time": 0.09,
                                                                        "Actual Total Time": 93.328,
                                                                        "Actual Rows": 383210,
                                                                        "Actual Loops": 1
                                                                    }
                                                                ]
                                                            }
                                                        ]
                                                    }
                                                ]
                                            }
                                        ]
                                    }
                                ]
                            }
                        ]
                    }
                ]
            }
        ]
    },
    "Planning Time": 1.63,
    "Triggers": [],
    "Execution Time": 5085.025
}