{
  "Plan": {
    "Node Type": "Aggregate",
    "Strategy": "Plain",
    "Partial Mode": "Finalize",
    "Parallel Aware": false,
    "Startup Cost": 87643.56,
    "Total Cost": 87643.57,
    "Plan Rows": 1,
    "Plan Width": 8,
    "Actual Startup Time": 167.575,
    "Actual Total Time": 184.275,
    "Actual Rows": 1,
    "Actual Loops": 1,
    "Plans": [
      {
        "Node Type": "Gather",
        "Parent Relationship": "Outer",
        "Parallel Aware": false,
        "Startup Cost": 87643.44,
        "Total Cost": 87643.55,
        "Plan Rows": 1,
        "Plan Width": 8,
        "Actual Startup Time": 167.468,
        "Actual Total Time": 184.268,
        "Actual Rows": 2,
        "Actual Loops": 1,
        "Workers Planned": 1,
        "Workers Launched": 1,
        "Single Copy": false,
        "Plans": [
          {
            "Node Type": "Aggregate",
            "Strategy": "Plain",
            "Partial Mode": "Partial",
            "Parent Relationship": "Outer",
            "Parallel Aware": false,
            "Startup Cost": 86643.44,
            "Total Cost": 86643.45,
            "Plan Rows": 1,
            "Plan Width": 8,
            "Actual Startup Time": 161.857,
            "Actual Total Time": 161.859,
            "Actual Rows": 1,
            "Actual Loops": 2,
            "Plans": [
              {
                "Node Type": "Nested Loop",
                "Parent Relationship": "Outer",
                "Parallel Aware": false,
                "Join Type": "Inner",
                "Startup Cost": 0.43,
                "Total Cost": 86629.1,
                "Plan Rows": 5739,
                "Plan Width": 0,
                "Actual Startup Time": 1.633,
                "Actual Total Time": 161.387,
                "Actual Rows": 8934,
                "Actual Loops": 2,
                "Inner Unique": false,
                "Plans": [
                  {
                    "Node Type": "Seq Scan",
                    "Parent Relationship": "Outer",
                    "Parallel Aware": true,
                    "Relation Name": "title",
                    "Alias": "t",
                    "Startup Cost": 0.0,
                    "Total Cost": 58306.47,
                    "Plan Rows": 3208,
                    "Plan Width": 4,
                    "Actual Startup Time": 0.426,
                    "Actual Total Time": 137.499,
                    "Actual Rows": 2620,
                    "Actual Loops": 2,
                    "Filter": "((kind_id < 7) AND (production_year = 1965))",
                    "Rows Removed by Filter": 1261536
                  },
                  {
                    "Node Type": "Index Only Scan",
                    "Parent Relationship": "Inner",
                    "Parallel Aware": false,
                    "Scan Direction": "Forward",
                    "Index Name": "movie_id_movie_keyword",
                    "Relation Name": "movie_keyword",
                    "Alias": "mk",
                    "Startup Cost": 0.43,
                    "Total Cost": 8.38,
                    "Plan Rows": 45,
                    "Plan Width": 4,
                    "Actual Startup Time": 0.008,
                    "Actual Total Time": 0.009,
                    "Actual Rows": 3,
                    "Actual Loops": 5239,
                    "Index Cond": "(movie_id = t.id)",
                    "Rows Removed by Index Recheck": 0,
                    "Heap Fetches": 17869
                  }
                ]
              }
            ]
          }
        ]
      }
    ]
  },
  "Planning Time": 0.46,
  "Triggers": [],
  "Execution Time": 184.35
}