{
    "Plan": {
        "Node Type": "Aggregate",
        "Strategy": "Plain",
        "Partial Mode": "Finalize",
        "Parallel Aware": false,
        "Startup Cost": 46180.45,
        "Total Cost": 46180.46,
        "Plan Rows": 1,
        "Plan Width": 8,
        "Actual Startup Time": 70.712,
        "Actual Total Time": 77.673,
        "Actual Rows": 1,
        "Actual Loops": 1,
        "Output": [
            "count(*)"
        ],
        "Plans": [
            {
                "Node Type": "Gather",
                "Parent Relationship": "Outer",
                "Parallel Aware": false,
                "Startup Cost": 46180.14,
                "Total Cost": 46180.45,
                "Plan Rows": 3,
                "Plan Width": 8,
                "Actual Startup Time": 70.613,
                "Actual Total Time": 77.667,
                "Actual Rows": 4,
                "Actual Loops": 1,
                "Output": [
                    "(PARTIAL count(*))"
                ],
                "Workers Planned": 3,
                "Workers Launched": 3,
                "Single Copy": false,
                "Plans": [
                    {
                        "Node Type": "Aggregate",
                        "Strategy": "Plain",
                        "Partial Mode": "Partial",
                        "Parent Relationship": "Outer",
                        "Parallel Aware": false,
                        "Startup Cost": 45180.14,
                        "Total Cost": 45180.15,
                        "Plan Rows": 1,
                        "Plan Width": 8,
                        "Actual Startup Time": 61.204,
                        "Actual Total Time": 61.207,
                        "Actual Rows": 1,
                        "Actual Loops": 4,
                        "Output": [
                            "PARTIAL count(*)"
                        ],
                        "Workers": [
                            {
                                "Worker Number": 0,
                                "Actual Startup Time": 58.119,
                                "Actual Total Time": 58.121,
                                "Actual Rows": 1,
                                "Actual Loops": 1
                            },
                            {
                                "Worker Number": 1,
                                "Actual Startup Time": 58.426,
                                "Actual Total Time": 58.428,
                                "Actual Rows": 1,
                                "Actual Loops": 1
                            },
                            {
                                "Worker Number": 2,
                                "Actual Startup Time": 58.413,
                                "Actual Total Time": 58.416,
                                "Actual Rows": 1,
                                "Actual Loops": 1
                            }
                        ],
                        "Plans": [
                            {
                                "Node Type": "Nested Loop",
                                "Parent Relationship": "Outer",
                                "Parallel Aware": false,
                                "Join Type": "Inner",
                                "Startup Cost": 35318.41,
                                "Total Cost": 45178.8,
                                "Plan Rows": 536,
                                "Plan Width": 0,
                                "Actual Startup Time": 48.663,
                                "Actual Total Time": 61.188,
                                "Actual Rows": 225,
                                "Actual Loops": 4,
                                "Inner Unique": false,
                                "Join Filter": "(t.id = mk.movie_id)",
                                "Rows Removed by Join Filter": 0,
                                "Workers": [
                                    {
                                        "Worker Number": 0,
                                        "Actual Startup Time": 55.093,
                                        "Actual Total Time": 58.11,
                                        "Actual Rows": 74,
                                        "Actual Loops": 1
                                    },
                                    {
                                        "Worker Number": 1,
                                        "Actual Startup Time": 58.234,
                                        "Actual Total Time": 58.422,
                                        "Actual Rows": 2,
                                        "Actual Loops": 1
                                    },
                                    {
                                        "Worker Number": 2,
                                        "Actual Startup Time": 55.998,
                                        "Actual Total Time": 58.407,
                                        "Actual Rows": 46,
                                        "Actual Loops": 1
                                    }
                                ],
                                "Plans": [
                                    {
                                        "Node Type": "Hash Join",
                                        "Parent Relationship": "Outer",
                                        "Parallel Aware": false,
                                        "Join Type": "Inner",
                                        "Startup Cost": 35317.98,
                                        "Total Cost": 44228.41,
                                        "Plan Rows": 368,
                                        "Plan Width": 8,
                                        "Actual Startup Time": 48.337,
                                        "Actual Total Time": 60.839,
                                        "Actual Rows": 23,
                                        "Actual Loops": 4,
                                        "Output": [
                                            "t.id",
                                            "ci.movie_id"
                                        ],
                                        "Inner Unique": true,
                                        "Hash Cond": "(ci.movie_id = t.id)",
                                        "Workers": [
                                            {
                                                "Worker Number": 0,
                                                "Actual Startup Time": 55.013,
                                                "Actual Total Time": 57.801,
                                                "Actual Rows": 6,
                                                "Actual Loops": 1
                                            },
                                            {
                                                "Worker Number": 1,
                                                "Actual Startup Time": 58.168,
                                                "Actual Total Time": 58.354,
                                                "Actual Rows": 1,
                                                "Actual Loops": 1
                                            },
                                            {
                                                "Worker Number": 2,
                                                "Actual Startup Time": 55.927,
                                                "Actual Total Time": 58.248,
                                                "Actual Rows": 2,
                                                "Actual Loops": 1
                                            }
                                        ],
                                        "Plans": [
                                            {
                                                "Node Type": "Index Scan",
                                                "Parent Relationship": "Outer",
                                                "Parallel Aware": true,
                                                "Scan Direction": "Forward",
                                                "Index Name": "role_id_cast_info",
                                                "Relation Name": "cast_info",
                                                "Schema": "public",
                                                "Alias": "ci",
                                                "Startup Cost": 0.56,
                                                "Total Cost": 8709.54,
                                                "Plan Rows": 76744,
                                                "Plan Width": 4,
                                                "Actual Startup Time": 0.119,
                                                "Actual Total Time": 10.804,
                                                "Actual Rows": 23949,
                                                "Actual Loops": 4,
                                                "Output": [
                                                    "ci.id",
                                                    "ci.person_id",
                                                    "ci.movie_id",
                                                    "ci.person_role_id",
                                                    "ci.note",
                                                    "ci.nr_order",
                                                    "ci.role_id"
                                                ],
                                                "Index Cond": "(ci.role_id > 10)",
                                                "Rows Removed by Index Recheck": 0,
                                                "Filter": "(ci.person_id < 2907726)",
                                                "Rows Removed by Filter": 55081,
                                                "Workers": [
                                                    {
                                                        "Worker Number": 0,
                                                        "Actual Startup Time": 0.1,
                                                        "Actual Total Time": 2.25,
                                                        "Actual Rows": 4572,
                                                        "Actual Loops": 1
                                                    },
                                                    {
                                                        "Worker Number": 1,
                                                        "Actual Startup Time": 0.117,
                                                        "Actual Total Time": 2.517,
                                                        "Actual Rows": 4583,
                                                        "Actual Loops": 1
                                                    },
                                                    {
                                                        "Worker Number": 2,
                                                        "Actual Startup Time": 0.194,
                                                        "Actual Total Time": 2.52,
                                                        "Actual Rows": 4143,
                                                        "Actual Loops": 1
                                                    }
                                                ]
                                            },
                                            {
                                                "Node Type": "Hash",
                                                "Parent Relationship": "Inner",
                                                "Parallel Aware": false,
                                                "Startup Cost": 35165.71,
                                                "Total Cost": 35165.71,
                                                "Plan Rows": 12136,
                                                "Plan Width": 4,
                                                "Actual Startup Time": 46.764,
                                                "Actual Total Time": 46.765,
                                                "Actual Rows": 12600,
                                                "Actual Loops": 4,
                                                "Output": [
                                                    "t.id"
                                                ],
                                                "Hash Buckets": 16384,
                                                "Original Hash Buckets": 16384,
                                                "Hash Batches": 1,
                                                "Original Hash Batches": 1,
                                                "Peak Memory Usage": 571,
                                                "Workers": [
                                                    {
                                                        "Worker Number": 0,
                                                        "Actual Startup Time": 54.34,
                                                        "Actual Total Time": 54.34,
                                                        "Actual Rows": 12600,
                                                        "Actual Loops": 1
                                                    },
                                                    {
                                                        "Worker Number": 1,
                                                        "Actual Startup Time": 54.632,
                                                        "Actual Total Time": 54.633,
                                                        "Actual Rows": 12600,
                                                        "Actual Loops": 1
                                                    },
                                                    {
                                                        "Worker Number": 2,
                                                        "Actual Startup Time": 54.543,
                                                        "Actual Total Time": 54.544,
                                                        "Actual Rows": 12600,
                                                        "Actual Loops": 1
                                                    }
                                                ],
                                                "Plans": [
                                                    {
                                                        "Node Type": "Index Scan",
                                                        "Parent Relationship": "Outer",
                                                        "Parallel Aware": false,
                                                        "Scan Direction": "Forward",
                                                        "Index Name": "kind_id_title",
                                                        "Relation Name": "title",
                                                        "Schema": "public",
                                                        "Alias": "t",
                                                        "Startup Cost": 0.43,
                                                        "Total Cost": 35165.71,
                                                        "Plan Rows": 12136,
                                                        "Plan Width": 4,
                                                        "Actual Startup Time": 0.183,
                                                        "Actual Total Time": 42.188,
                                                        "Actual Rows": 12600,
                                                        "Actual Loops": 4,
                                                        "Output": [
                                                            "t.id"
                                                        ],
                                                        "Index Cond": "(t.kind_id = 6)",
                                                        "Rows Removed by Index Recheck": 0,
                                                        "Workers": [
                                                            {
                                                                "Worker Number": 0,
                                                                "Actual Startup Time": 0.216,
                                                                "Actual Total Time": 49.471,
                                                                "Actual Rows": 12600,
                                                                "Actual Loops": 1
                                                            },
                                                            {
                                                                "Worker Number": 1,
                                                                "Actual Startup Time": 0.258,
                                                                "Actual Total Time": 49.946,
                                                                "Actual Rows": 12600,
                                                                "Actual Loops": 1
                                                            },
                                                            {
                                                                "Worker Number": 2,
                                                                "Actual Startup Time": 0.217,
                                                                "Actual Total Time": 49.722,
                                                                "Actual Rows": 12600,
                                                                "Actual Loops": 1
                                                            }
                                                        ]
                                                    }
                                                ]
                                            }
                                        ]
                                    },
                                    {
                                        "Node Type": "Index Scan",
                                        "Parent Relationship": "Inner",
                                        "Parallel Aware": false,
                                        "Scan Direction": "Forward",
                                        "Index Name": "movie_id_movie_keyword",
                                        "Relation Name": "movie_keyword",
                                        "Schema": "public",
                                        "Alias": "mk",
                                        "Startup Cost": 0.43,
                                        "Total Cost": 2.12,
                                        "Plan Rows": 37,
                                        "Plan Width": 4,
                                        "Actual Startup Time": 0.012,
                                        "Actual Total Time": 0.013,
                                        "Actual Rows": 10,
                                        "Actual Loops": 93,
                                        "Output": [
                                            "mk.id",
                                            "mk.movie_id",
                                            "mk.keyword_id"
                                        ],
                                        "Index Cond": "(mk.movie_id = ci.movie_id)",
                                        "Rows Removed by Index Recheck": 0,
                                        "Filter": "(mk.keyword_id < 22128)",
                                        "Rows Removed by Filter": 2,
                                        "Workers": [
                                            {
                                                "Worker Number": 0,
                                                "Actual Startup Time": 0.046,
                                                "Actual Total Time": 0.049,
                                                "Actual Rows": 12,
                                                "Actual Loops": 6
                                            },
                                            {
                                                "Worker Number": 1,
                                                "Actual Startup Time": 0.061,
                                                "Actual Total Time": 0.062,
                                                "Actual Rows": 2,
                                                "Actual Loops": 1
                                            },
                                            {
                                                "Worker Number": 2,
                                                "Actual Startup Time": 0.064,
                                                "Actual Total Time": 0.073,
                                                "Actual Rows": 23,
                                                "Actual Loops": 2
                                            }
                                        ]
                                    }
                                ]
                            }
                        ]
                    }
                ]
            }
        ]
    },
    "Planning Time": 1.603,
    "Triggers": [],
    "Execution Time": 77.769
}