[
  {
    "Plan": {
      "Node Type": "Aggregate",
      "Strategy": "Plain",
      "Partial Mode": "Finalize",
      "Parallel Aware": false,
      "Startup Cost": 88533.65,
      "Total Cost": 88533.66,
      "Plan Rows": 1,
      "Plan Width": 8,
      "Actual Startup Time": 498.119,
      "Actual Total Time": 514.938,
      "Actual Rows": 1,
      "Actual Loops": 1,
      "Plans": [
        {
          "Node Type": "Gather",
          "Parent Relationship": "Outer",
          "Parallel Aware": false,
          "Startup Cost": 88533.33,
          "Total Cost": 88533.64,
          "Plan Rows": 3,
          "Plan Width": 8,
          "Actual Startup Time": 490.311,
          "Actual Total Time": 514.928,
          "Actual Rows": 4,
          "Actual Loops": 1,
          "Workers Planned": 3,
          "Workers Launched": 3,
          "Single Copy": false,
          "Plans": [
            {
              "Node Type": "Aggregate",
              "Strategy": "Plain",
              "Partial Mode": "Partial",
              "Parent Relationship": "Outer",
              "Parallel Aware": false,
              "Startup Cost": 87533.33,
              "Total Cost": 87533.34,
              "Plan Rows": 1,
              "Plan Width": 8,
              "Actual Startup Time": 471.675,
              "Actual Total Time": 471.679,
              "Actual Rows": 1,
              "Actual Loops": 4,
              "Plans": [
                {
                  "Node Type": "Hash Join",
                  "Parent Relationship": "Outer",
                  "Parallel Aware": true,
                  "Join Type": "Inner",
                  "Startup Cost": 60361.21,
                  "Total Cost": 87147.78,
                  "Plan Rows": 154220,
                  "Plan Width": 0,
                  "Actual Startup Time": 374.056,
                  "Actual Total Time": 466.055,
                  "Actual Rows": 116685,
                  "Actual Loops": 4,
                  "Inner Unique": true,
                  "Hash Cond": "(mk.movie_id = t.id)",
                  "Plans": [
                    {
                      "Node Type": "Bitmap Heap Scan",
                      "Parent Relationship": "Outer",
                      "Parallel Aware": true,
                      "Relation Name": "movie_keyword",
                      "Alias": "mk",
                      "Startup Cost": 10141.56,
                      "Total Cost": 36523.31,
                      "Plan Rows": 154220,
                      "Plan Width": 4,
                      "Actual Startup Time": 29.652,
                      "Actual Total Time": 82.453,
                      "Actual Rows": 116685,
                      "Actual Loops": 4,
                      "Recheck Cond": "(keyword_id > 38156)",
                      "Rows Removed by Index Recheck": 0,
                      "Exact Heap Blocks": 6226,
                      "Lossy Heap Blocks": 0,
                      "Plans": [
                        {
                          "Node Type": "Bitmap Index Scan",
                          "Parent Relationship": "Outer",
                          "Parallel Aware": false,
                          "Index Name": "keyword_id_movie_keyword",
                          "Startup Cost": 0.0,
                          "Total Cost": 10022.04,
                          "Plan Rows": 478081,
                          "Plan Width": 0,
                          "Actual Startup Time": 26.326,
                          "Actual Total Time": 26.327,
                          "Actual Rows": 466740,
                          "Actual Loops": 1,
                          "Index Cond": "(keyword_id > 38156)"
                        }
                      ]
                    },
                    {
                      "Node Type": "Hash",
                      "Parent Relationship": "Inner",
                      "Parallel Aware": true,
                      "Startup Cost": 42318.73,
                      "Total Cost": 42318.73,
                      "Plan Rows": 632073,
                      "Plan Width": 4,
                      "Actual Startup Time": 333.074,
                      "Actual Total Time": 333.075,
                      "Actual Rows": 632078,
                      "Actual Loops": 4,
                      "Hash Buckets": 4194304,
                      "Original Hash Buckets": 4194304,
                      "Hash Batches": 1,
                      "Original Hash Batches": 1,
                      "Peak Memory Usage": 131744,
                      "Plans": [
                        {
                          "Node Type": "Seq Scan",
                          "Parent Relationship": "Outer",
                          "Parallel Aware": true,
                          "Relation Name": "title",
                          "Alias": "t",
                          "Startup Cost": 0.0,
                          "Total Cost": 42318.73,
                          "Plan Rows": 632073,
                          "Plan Width": 4,
                          "Actual Startup Time": 0.034,
                          "Actual Total Time": 97.098,
                          "Actual Rows": 632078,
                          "Actual Loops": 4
                        }
                      ]
                    }
                  ]
                }
              ]
            }
          ]
        }
      ]
    },
    "Planning Time": 0.61,
    "Triggers": [],
    "Execution Time": 515.031
  }
]