[
  {
    "Plan": {
      "Node Type": "Aggregate",
      "Strategy": "Plain",
      "Partial Mode": "Finalize",
      "Parallel Aware": false,
      "Startup Cost": 45131.17,
      "Total Cost": 45131.18,
      "Plan Rows": 1,
      "Plan Width": 8,
      "Actual Startup Time": 142.916,
      "Actual Total Time": 152.514,
      "Actual Rows": 1,
      "Actual Loops": 1,
      "Plans": [
        {
          "Node Type": "Gather",
          "Parent Relationship": "Outer",
          "Parallel Aware": false,
          "Startup Cost": 45130.85,
          "Total Cost": 45131.16,
          "Plan Rows": 3,
          "Plan Width": 8,
          "Actual Startup Time": 142.781,
          "Actual Total Time": 152.505,
          "Actual Rows": 4,
          "Actual Loops": 1,
          "Workers Planned": 3,
          "Workers Launched": 3,
          "Single Copy": false,
          "Plans": [
            {
              "Node Type": "Aggregate",
              "Strategy": "Plain",
              "Partial Mode": "Partial",
              "Parent Relationship": "Outer",
              "Parallel Aware": false,
              "Startup Cost": 44130.85,
              "Total Cost": 44130.86,
              "Plan Rows": 1,
              "Plan Width": 8,
              "Actual Startup Time": 134.302,
              "Actual Total Time": 134.302,
              "Actual Rows": 1,
              "Actual Loops": 4,
              "Plans": [
                {
                  "Node Type": "Seq Scan",
                  "Parent Relationship": "Outer",
                  "Parallel Aware": true,
                  "Relation Name": "movie_keyword",
                  "Alias": "mk",
                  "Startup Cost": 0.0,
                  "Total Cost": 42695.65,
                  "Plan Rows": 574080,
                  "Plan Width": 0,
                  "Actual Startup Time": 0.063,
                  "Actual Total Time": 112.723,
                  "Actual Rows": 448468,
                  "Actual Loops": 4,
                  "Filter": "(keyword_id < 2899)",
                  "Rows Removed by Filter": 682514
                }
              ]
            }
          ]
        }
      ]
    },
    "Planning Time": 0.171,
    "Triggers": [],
    "Execution Time": 152.567
  }
]