{
  "Plan": {
    "Node Type": "Aggregate",
    "Strategy": "Plain",
    "Partial Mode": "Finalize",
    "Parallel Aware": false,
    "Startup Cost": 110676.36,
    "Total Cost": 110676.37,
    "Plan Rows": 1,
    "Plan Width": 8,
    "Actual Startup Time": 522.026,
    "Actual Total Time": 537.871,
    "Actual Rows": 1,
    "Actual Loops": 1,
    "Plans": [
      {
        "Node Type": "Gather",
        "Parent Relationship": "Outer",
        "Parallel Aware": false,
        "Startup Cost": 110676.25,
        "Total Cost": 110676.36,
        "Plan Rows": 1,
        "Plan Width": 8,
        "Actual Startup Time": 520.531,
        "Actual Total Time": 537.862,
        "Actual Rows": 2,
        "Actual Loops": 1,
        "Workers Planned": 1,
        "Workers Launched": 1,
        "Single Copy": false,
        "Plans": [
          {
            "Node Type": "Aggregate",
            "Strategy": "Plain",
            "Partial Mode": "Partial",
            "Parent Relationship": "Outer",
            "Parallel Aware": false,
            "Startup Cost": 109676.25,
            "Total Cost": 109676.26,
            "Plan Rows": 1,
            "Plan Width": 8,
            "Actual Startup Time": 514.87,
            "Actual Total Time": 514.874,
            "Actual Rows": 1,
            "Actual Loops": 2,
            "Plans": [
              {
                "Node Type": "Hash Join",
                "Parent Relationship": "Outer",
                "Parallel Aware": true,
                "Join Type": "Inner",
                "Startup Cost": 46420.29,
                "Total Cost": 108754.53,
                "Plan Rows": 368685,
                "Plan Width": 0,
                "Actual Startup Time": 180.073,
                "Actual Total Time": 506.699,
                "Actual Rows": 199677,
                "Actual Loops": 2,
                "Inner Unique": false,
                "Hash Cond": "(t.id = mc.movie_id)",
                "Plans": [
                  {
                    "Node Type": "Seq Scan",
                    "Parent Relationship": "Outer",
                    "Parallel Aware": true,
                    "Relation Name": "title",
                    "Alias": "t",
                    "Startup Cost": 0.0,
                    "Total Cost": 50870.31,
                    "Plan Rows": 1487231,
                    "Plan Width": 4,
                    "Actual Startup Time": 0.008,
                    "Actual Total Time": 113.9,
                    "Actual Rows": 1264156,
                    "Actual Loops": 2
                  },
                  {
                    "Node Type": "Hash",
                    "Parent Relationship": "Inner",
                    "Parallel Aware": true,
                    "Startup Cost": 41811.73,
                    "Total Cost": 41811.73,
                    "Plan Rows": 368685,
                    "Plan Width": 4,
                    "Actual Startup Time": 170.825,
                    "Actual Total Time": 170.826,
                    "Actual Rows": 199677,
                    "Actual Loops": 2,
                    "Hash Buckets": 1048576,
                    "Original Hash Buckets": 1048576,
                    "Hash Batches": 1,
                    "Original Hash Batches": 1,
                    "Peak Memory Usage": 23840,
                    "Plans": [
                      {
                        "Node Type": "Seq Scan",
                        "Parent Relationship": "Outer",
                        "Parallel Aware": true,
                        "Relation Name": "movie_companies",
                        "Alias": "mc",
                        "Startup Cost": 0.0,
                        "Total Cost": 41811.73,
                        "Plan Rows": 368685,
                        "Plan Width": 4,
                        "Actual Startup Time": 66.729,
                        "Actual Total Time": 122.905,
                        "Actual Rows": 199677,
                        "Actual Loops": 2,
                        "Filter": "((company_id < 11141) AND (company_type_id > 1))",
                        "Rows Removed by Filter": 1104888
                      }
                    ]
                  }
                ]
              }
            ]
          }
        ]
      }
    ]
  },
  "Planning Time": 0.723,
  "Triggers": [],
  "Execution Time": 537.94
}