[
  {
    "Plan": {
      "Node Type": "Aggregate",
      "Strategy": "Plain",
      "Partial Mode": "Finalize",
      "Parallel Aware": false,
      "Startup Cost": 342091.92,
      "Total Cost": 342091.93,
      "Plan Rows": 1,
      "Plan Width": 8,
      "Actual Startup Time": 911.015,
      "Actual Total Time": 975.45,
      "Actual Rows": 1,
      "Actual Loops": 1,
      "Plans": [
        {
          "Node Type": "Gather",
          "Parent Relationship": "Outer",
          "Parallel Aware": false,
          "Startup Cost": 342091.3,
          "Total Cost": 342091.91,
          "Plan Rows": 6,
          "Plan Width": 8,
          "Actual Startup Time": 910.895,
          "Actual Total Time": 975.439,
          "Actual Rows": 7,
          "Actual Loops": 1,
          "Workers Planned": 6,
          "Workers Launched": 6,
          "Single Copy": false,
          "Plans": [
            {
              "Node Type": "Aggregate",
              "Strategy": "Plain",
              "Partial Mode": "Partial",
              "Parent Relationship": "Outer",
              "Parallel Aware": false,
              "Startup Cost": 341091.3,
              "Total Cost": 341091.31,
              "Plan Rows": 1,
              "Plan Width": 8,
              "Actual Startup Time": 903.265,
              "Actual Total Time": 903.266,
              "Actual Rows": 1,
              "Actual Loops": 7,
              "Plans": [
                {
                  "Node Type": "Seq Scan",
                  "Parent Relationship": "Outer",
                  "Parallel Aware": true,
                  "Relation Name": "cast_info",
                  "Alias": "ci",
                  "Startup Cost": 0.0,
                  "Total Cost": 328162.03,
                  "Plan Rows": 5171709,
                  "Plan Width": 0,
                  "Actual Startup Time": 0.046,
                  "Actual Total Time": 688.792,
                  "Actual Rows": 4457216,
                  "Actual Loops": 7,
                  "Filter": "(person_id < 3164920)",
                  "Rows Removed by Filter": 720547
                }
              ]
            }
          ]
        }
      ]
    },
    "Planning Time": 0.228,
    "Triggers": [],
    "Execution Time": 975.527
  }
]