[
  {
    "Plan": {
      "Node Type": "Aggregate",
      "Strategy": "Plain",
      "Partial Mode": "Finalize",
      "Parallel Aware": false,
      "Startup Cost": 33031.16,
      "Total Cost": 33031.17,
      "Plan Rows": 1,
      "Plan Width": 8,
      "Actual Startup Time": 80.064,
      "Actual Total Time": 86.033,
      "Actual Rows": 1,
      "Actual Loops": 1,
      "Plans": [
        {
          "Node Type": "Gather",
          "Parent Relationship": "Outer",
          "Parallel Aware": false,
          "Startup Cost": 33030.84,
          "Total Cost": 33031.15,
          "Plan Rows": 3,
          "Plan Width": 8,
          "Actual Startup Time": 79.917,
          "Actual Total Time": 86.027,
          "Actual Rows": 4,
          "Actual Loops": 1,
          "Workers Planned": 3,
          "Workers Launched": 3,
          "Single Copy": false,
          "Plans": [
            {
              "Node Type": "Aggregate",
              "Strategy": "Plain",
              "Partial Mode": "Partial",
              "Parent Relationship": "Outer",
              "Parallel Aware": false,
              "Startup Cost": 32030.84,
              "Total Cost": 32030.85,
              "Plan Rows": 1,
              "Plan Width": 8,
              "Actual Startup Time": 76.526,
              "Actual Total Time": 76.527,
              "Actual Rows": 1,
              "Actual Loops": 4,
              "Plans": [
                {
                  "Node Type": "Seq Scan",
                  "Parent Relationship": "Outer",
                  "Parallel Aware": true,
                  "Relation Name": "movie_companies",
                  "Alias": "mc",
                  "Startup Cost": 0.0,
                  "Total Cost": 31414.82,
                  "Plan Rows": 246409,
                  "Plan Width": 0,
                  "Actual Startup Time": 4.126,
                  "Actual Total Time": 70.104,
                  "Actual Rows": 136886,
                  "Actual Loops": 4,
                  "Filter": "((company_id > 6158) AND (company_type_id = 1))",
                  "Rows Removed by Filter": 515397
                }
              ]
            }
          ]
        }
      ]
    },
    "Planning Time": 0.096,
    "Triggers": [],
    "Execution Time": 86.06
  }
]