[
    {
        "Bao": {
            "Bao prediction": 460.688,
            "Bao recommended hint": "(no hint)"
        }
    },
    {
        "Plan": {
            "Node Type": "Aggregate",
            "Strategy": "Plain",
            "Partial Mode": "Finalize",
            "Parallel Aware": false,
            "Startup Cost": 31117.36,
            "Total Cost": 31117.37,
            "Plan Rows": 1,
            "Plan Width": 8,
            "Actual Startup Time": 112.738,
            "Actual Total Time": 119.105,
            "Actual Rows": 1,
            "Actual Loops": 1,
            "Output": [
                "count(*)"
            ],
            "Plans": [
                {
                    "Node Type": "Gather",
                    "Parent Relationship": "Outer",
                    "Parallel Aware": false,
                    "Startup Cost": 31117.04,
                    "Total Cost": 31117.35,
                    "Plan Rows": 3,
                    "Plan Width": 8,
                    "Actual Startup Time": 112.618,
                    "Actual Total Time": 119.097,
                    "Actual Rows": 4,
                    "Actual Loops": 1,
                    "Output": [
                        "(PARTIAL count(*))"
                    ],
                    "Workers Planned": 3,
                    "Workers Launched": 3,
                    "Single Copy": false,
                    "Plans": [
                        {
                            "Node Type": "Aggregate",
                            "Strategy": "Plain",
                            "Partial Mode": "Partial",
                            "Parent Relationship": "Outer",
                            "Parallel Aware": false,
                            "Startup Cost": 30117.04,
                            "Total Cost": 30117.05,
                            "Plan Rows": 1,
                            "Plan Width": 8,
                            "Actual Startup Time": 104.601,
                            "Actual Total Time": 104.602,
                            "Actual Rows": 1,
                            "Actual Loops": 4,
                            "Output": [
                                "PARTIAL count(*)"
                            ],
                            "Workers": [
                                {
                                    "Worker Number": 0,
                                    "Actual Startup Time": 101.957,
                                    "Actual Total Time": 101.958,
                                    "Actual Rows": 1,
                                    "Actual Loops": 1
                                },
                                {
                                    "Worker Number": 1,
                                    "Actual Startup Time": 101.969,
                                    "Actual Total Time": 101.97,
                                    "Actual Rows": 1,
                                    "Actual Loops": 1
                                },
                                {
                                    "Worker Number": 2,
                                    "Actual Startup Time": 102.503,
                                    "Actual Total Time": 102.504,
                                    "Actual Rows": 1,
                                    "Actual Loops": 1
                                }
                            ],
                            "Plans": [
                                {
                                    "Node Type": "Seq Scan",
                                    "Parent Relationship": "Outer",
                                    "Parallel Aware": true,
                                    "Relation Name": "movie_companies",
                                    "Schema": "public",
                                    "Alias": "mc",
                                    "Startup Cost": 0.0,
                                    "Total Cost": 29310.68,
                                    "Plan Rows": 322544,
                                    "Plan Width": 0,
                                    "Actual Startup Time": 23.649,
                                    "Actual Total Time": 90.128,
                                    "Actual Rows": 250568,
                                    "Actual Loops": 4,
                                    "Output": [
                                        "id",
                                        "movie_id",
                                        "company_id",
                                        "company_type_id",
                                        "note"
                                    ],
                                    "Filter": "(mc.company_id > 16637)",
                                    "Rows Removed by Filter": 401714,
                                    "Workers": [
                                        {
                                            "Worker Number": 0,
                                            "Actual Startup Time": 21.006,
                                            "Actual Total Time": 87.791,
                                            "Actual Rows": 204465,
                                            "Actual Loops": 1
                                        },
                                        {
                                            "Worker Number": 1,
                                            "Actual Startup Time": 21.013,
                                            "Actual Total Time": 87.775,
                                            "Actual Rows": 204643,
                                            "Actual Loops": 1
                                        },
                                        {
                                            "Worker Number": 2,
                                            "Actual Startup Time": 21.56,
                                            "Actual Total Time": 88.389,
                                            "Actual Rows": 205034,
                                            "Actual Loops": 1
                                        }
                                    ]
                                }
                            ]
                        }
                    ]
                }
            ]
        },
        "Planning Time": 628.455,
        "Triggers": [],
        "Execution Time": 119.198
    }
]