[
  {
    "Plan": {
      "Node Type": "Aggregate",
      "Strategy": "Plain",
      "Partial Mode": "Finalize",
      "Parallel Aware": false,
      "Startup Cost": 95944.92,
      "Total Cost": 95944.93,
      "Plan Rows": 1,
      "Plan Width": 8,
      "Actual Startup Time": 171.627,
      "Actual Total Time": 191.525,
      "Actual Rows": 1,
      "Actual Loops": 1,
      "Plans": [
        {
          "Node Type": "Gather",
          "Parent Relationship": "Outer",
          "Parallel Aware": false,
          "Startup Cost": 95944.5,
          "Total Cost": 95944.91,
          "Plan Rows": 4,
          "Plan Width": 8,
          "Actual Startup Time": 171.226,
          "Actual Total Time": 191.511,
          "Actual Rows": 5,
          "Actual Loops": 1,
          "Workers Planned": 4,
          "Workers Launched": 4,
          "Single Copy": false,
          "Plans": [
            {
              "Node Type": "Aggregate",
              "Strategy": "Plain",
              "Partial Mode": "Partial",
              "Parent Relationship": "Outer",
              "Parallel Aware": false,
              "Startup Cost": 94944.5,
              "Total Cost": 94944.51,
              "Plan Rows": 1,
              "Plan Width": 8,
              "Actual Startup Time": 166.726,
              "Actual Total Time": 166.729,
              "Actual Rows": 1,
              "Actual Loops": 5,
              "Plans": [
                {
                  "Node Type": "Hash Join",
                  "Parent Relationship": "Outer",
                  "Parallel Aware": true,
                  "Join Type": "Inner",
                  "Startup Cost": 45542.53,
                  "Total Cost": 94942.19,
                  "Plan Rows": 923,
                  "Plan Width": 0,
                  "Actual Startup Time": 92.773,
                  "Actual Total Time": 166.633,
                  "Actual Rows": 1813,
                  "Actual Loops": 5,
                  "Inner Unique": true,
                  "Hash Cond": "(ci.movie_id = t.id)",
                  "Plans": [
                    {
                      "Node Type": "Index Scan",
                      "Parent Relationship": "Outer",
                      "Parallel Aware": true,
                      "Scan Direction": "Forward",
                      "Index Name": "role_id_cast_info",
                      "Relation Name": "cast_info",
                      "Alias": "ci",
                      "Startup Cost": 0.56,
                      "Total Cost": 49093.36,
                      "Plan Rows": 116904,
                      "Plan Width": 4,
                      "Actual Startup Time": 0.305,
                      "Actual Total Time": 62.386,
                      "Actual Rows": 87906,
                      "Actual Loops": 5,
                      "Index Cond": "(role_id = 8)",
                      "Rows Removed by Index Recheck": 0,
                      "Filter": "(person_id < 954548)",
                      "Rows Removed by Filter": 252802
                    },
                    {
                      "Node Type": "Hash",
                      "Parent Relationship": "Inner",
                      "Parallel Aware": true,
                      "Startup Cost": 45479.59,
                      "Total Cost": 45479.59,
                      "Plan Rows": 4990,
                      "Plan Width": 4,
                      "Actual Startup Time": 90.567,
                      "Actual Total Time": 90.569,
                      "Actual Rows": 10344,
                      "Actual Loops": 5,
                      "Hash Buckets": 65536,
                      "Original Hash Buckets": 32768,
                      "Hash Batches": 1,
                      "Original Hash Batches": 1,
                      "Peak Memory Usage": 2848,
                      "Plans": [
                        {
                          "Node Type": "Seq Scan",
                          "Parent Relationship": "Outer",
                          "Parallel Aware": true,
                          "Relation Name": "title",
                          "Alias": "t",
                          "Startup Cost": 0.0,
                          "Total Cost": 45479.59,
                          "Plan Rows": 4990,
                          "Plan Width": 4,
                          "Actual Startup Time": 54.642,
                          "Actual Total Time": 84.907,
                          "Actual Rows": 10344,
                          "Actual Loops": 5,
                          "Filter": "((kind_id < 7) AND (production_year < 1914))",
                          "Rows Removed by Filter": 495318
                        }
                      ]
                    }
                  ]
                }
              ]
            }
          ]
        }
      ]
    },
    "Planning Time": 0.589,
    "Triggers": [],
    "Execution Time": 191.604
  }
]