[
  {
    "Plan": {
      "Node Type": "Hash Join",
      "Parallel Aware": false,
      "Join Type": "Inner",
      "Startup Cost": 8282.43,
      "Total Cost": 63841.86,
      "Plan Rows": 1582947,
      "Plan Width": 40,
      "Actual Startup Time": 120.034,
      "Actual Total Time": 922.058,
      "Actual Rows": 1565442,
      "Actual Loops": 1,
      "Inner Unique": true,
      "Hash Cond": "(mc.company_id = cn.id)",
      "Plans": [
        {
          "Node Type": "Seq Scan",
          "Parent Relationship": "Outer",
          "Parallel Aware": false,
          "Relation Name": "movie_companies",
          "Alias": "mc",
          "Startup Cost": 0.0,
          "Total Cost": 51404.11,
          "Plan Rows": 1582947,
          "Plan Width": 40,
          "Actual Startup Time": 0.022,
          "Actual Total Time": 366.59,
          "Actual Rows": 1565442,
          "Actual Loops": 1,
          "Filter": "(company_id < 15149)",
          "Rows Removed by Filter": 1043687
        },
        {
          "Node Type": "Hash",
          "Parent Relationship": "Inner",
          "Parallel Aware": false,
          "Startup Cost": 5344.97,
          "Total Cost": 5344.97,
          "Plan Rows": 234997,
          "Plan Width": 4,
          "Actual Startup Time": 116.99,
          "Actual Total Time": 116.991,
          "Actual Rows": 234997,
          "Actual Loops": 1,
          "Hash Buckets": 262144,
          "Original Hash Buckets": 262144,
          "Hash Batches": 1,
          "Original Hash Batches": 1,
          "Peak Memory Usage": 10310,
          "Plans": [
            {
              "Node Type": "Seq Scan",
              "Parent Relationship": "Outer",
              "Parallel Aware": false,
              "Relation Name": "company_name",
              "Alias": "cn",
              "Startup Cost": 0.0,
              "Total Cost": 5344.97,
              "Plan Rows": 234997,
              "Plan Width": 4,
              "Actual Startup Time": 0.072,
              "Actual Total Time": 54.665,
              "Actual Rows": 234997,
              "Actual Loops": 1
            }
          ]
        }
      ]
    },
    "Planning Time": 2.998,
    "Triggers": [],
    "Execution Time": 995.364
  }
]