[
  {
    "Plan": {
      "Node Type": "Aggregate",
      "Strategy": "Plain",
      "Partial Mode": "Finalize",
      "Parallel Aware": false,
      "Startup Cost": 46353.8,
      "Total Cost": 46353.81,
      "Plan Rows": 1,
      "Plan Width": 8,
      "Actual Startup Time": 230.828,
      "Actual Total Time": 240.916,
      "Actual Rows": 1,
      "Actual Loops": 1,
      "Plans": [
        {
          "Node Type": "Gather",
          "Parent Relationship": "Outer",
          "Parallel Aware": false,
          "Startup Cost": 46353.48,
          "Total Cost": 46353.79,
          "Plan Rows": 3,
          "Plan Width": 8,
          "Actual Startup Time": 230.706,
          "Actual Total Time": 240.905,
          "Actual Rows": 4,
          "Actual Loops": 1,
          "Workers Planned": 3,
          "Workers Launched": 3,
          "Single Copy": false,
          "Plans": [
            {
              "Node Type": "Aggregate",
              "Strategy": "Plain",
              "Partial Mode": "Partial",
              "Parent Relationship": "Outer",
              "Parallel Aware": false,
              "Startup Cost": 45353.48,
              "Total Cost": 45353.49,
              "Plan Rows": 1,
              "Plan Width": 8,
              "Actual Startup Time": 222.402,
              "Actual Total Time": 222.404,
              "Actual Rows": 1,
              "Actual Loops": 4,
              "Plans": [
                {
                  "Node Type": "Seq Scan",
                  "Parent Relationship": "Outer",
                  "Parallel Aware": true,
                  "Relation Name": "movie_keyword",
                  "Alias": "mk",
                  "Startup Cost": 0.0,
                  "Total Cost": 42695.65,
                  "Plan Rows": 1063132,
                  "Plan Width": 0,
                  "Actual Startup Time": 0.084,
                  "Actual Total Time": 167.699,
                  "Actual Rows": 822481,
                  "Actual Loops": 4,
                  "Filter": "(keyword_id < 14681)",
                  "Rows Removed by Filter": 308501
                }
              ]
            }
          ]
        }
      ]
    },
    "Planning Time": 0.181,
    "Triggers": [],
    "Execution Time": 240.972
  }
]