[
  {
    "Plan": {
      "Node Type": "Aggregate",
      "Strategy": "Plain",
      "Partial Mode": "Finalize",
      "Parallel Aware": false,
      "Startup Cost": 346976.48,
      "Total Cost": 346976.49,
      "Plan Rows": 1,
      "Plan Width": 8,
      "Actual Startup Time": 548.846,
      "Actual Total Time": 582.026,
      "Actual Rows": 1,
      "Actual Loops": 1,
      "Plans": [
        {
          "Node Type": "Gather",
          "Parent Relationship": "Outer",
          "Parallel Aware": false,
          "Startup Cost": 346975.86,
          "Total Cost": 346976.47,
          "Plan Rows": 6,
          "Plan Width": 8,
          "Actual Startup Time": 548.694,
          "Actual Total Time": 582.01,
          "Actual Rows": 7,
          "Actual Loops": 1,
          "Workers Planned": 6,
          "Workers Launched": 6,
          "Single Copy": false,
          "Plans": [
            {
              "Node Type": "Aggregate",
              "Strategy": "Plain",
              "Partial Mode": "Partial",
              "Parent Relationship": "Outer",
              "Parallel Aware": false,
              "Startup Cost": 345975.86,
              "Total Cost": 345975.87,
              "Plan Rows": 1,
              "Plan Width": 8,
              "Actual Startup Time": 541.027,
              "Actual Total Time": 541.029,
              "Actual Rows": 1,
              "Actual Loops": 7,
              "Plans": [
                {
                  "Node Type": "Index Scan",
                  "Parent Relationship": "Outer",
                  "Parallel Aware": true,
                  "Scan Direction": "Forward",
                  "Index Name": "role_id_cast_info",
                  "Relation Name": "cast_info",
                  "Alias": "ci",
                  "Startup Cost": 0.56,
                  "Total Cost": 341155.22,
                  "Plan Rows": 1928256,
                  "Plan Width": 0,
                  "Actual Startup Time": 91.164,
                  "Actual Total Time": 457.041,
                  "Actual Rows": 1465688,
                  "Actual Loops": 7,
                  "Index Cond": "(role_id < 2)",
                  "Rows Removed by Index Recheck": 0,
                  "Filter": "(person_id > 321876)",
                  "Rows Removed by Filter": 344410
                }
              ]
            }
          ]
        }
      ]
    },
    "Planning Time": 0.104,
    "Triggers": [],
    "Execution Time": 582.065
  }
]