[
  {
    "Plan": {
      "Node Type": "Aggregate",
      "Strategy": "Plain",
      "Partial Mode": "Finalize",
      "Parallel Aware": false,
      "Startup Cost": 146312.5,
      "Total Cost": 146312.51,
      "Plan Rows": 1,
      "Plan Width": 8,
      "Actual Startup Time": 164.59,
      "Actual Total Time": 192.934,
      "Actual Rows": 1,
      "Actual Loops": 1,
      "Plans": [
        {
          "Node Type": "Gather",
          "Parent Relationship": "Outer",
          "Parallel Aware": false,
          "Startup Cost": 146312.08,
          "Total Cost": 146312.49,
          "Plan Rows": 4,
          "Plan Width": 8,
          "Actual Startup Time": 164.454,
          "Actual Total Time": 192.923,
          "Actual Rows": 5,
          "Actual Loops": 1,
          "Workers Planned": 4,
          "Workers Launched": 4,
          "Single Copy": false,
          "Plans": [
            {
              "Node Type": "Aggregate",
              "Strategy": "Plain",
              "Partial Mode": "Partial",
              "Parent Relationship": "Outer",
              "Parallel Aware": false,
              "Startup Cost": 145312.08,
              "Total Cost": 145312.09,
              "Plan Rows": 1,
              "Plan Width": 8,
              "Actual Startup Time": 154.333,
              "Actual Total Time": 154.335,
              "Actual Rows": 1,
              "Actual Loops": 5,
              "Plans": [
                {
                  "Node Type": "Nested Loop",
                  "Parent Relationship": "Outer",
                  "Parallel Aware": false,
                  "Join Type": "Inner",
                  "Startup Cost": 0.56,
                  "Total Cost": 145302.26,
                  "Plan Rows": 3928,
                  "Plan Width": 0,
                  "Actual Startup Time": 61.921,
                  "Actual Total Time": 153.671,
                  "Actual Rows": 6010,
                  "Actual Loops": 5,
                  "Inner Unique": false,
                  "Plans": [
                    {
                      "Node Type": "Seq Scan",
                      "Parent Relationship": "Outer",
                      "Parallel Aware": true,
                      "Relation Name": "title",
                      "Alias": "t",
                      "Startup Cost": 0.0,
                      "Total Cost": 45479.1,
                      "Plan Rows": 796,
                      "Plan Width": 4,
                      "Actual Startup Time": 61.824,
                      "Actual Total Time": 86.627,
                      "Actual Rows": 850,
                      "Actual Loops": 5,
                      "Filter": "((kind_id = 1) AND (production_year = 1972))",
                      "Rows Removed by Filter": 504812
                    },
                    {
                      "Node Type": "Index Scan",
                      "Parent Relationship": "Inner",
                      "Parallel Aware": false,
                      "Scan Direction": "Forward",
                      "Index Name": "movie_id_cast_info",
                      "Relation Name": "cast_info",
                      "Alias": "ci",
                      "Startup Cost": 0.56,
                      "Total Cost": 125.28,
                      "Plan Rows": 13,
                      "Plan Width": 4,
                      "Actual Startup Time": 0.016,
                      "Actual Total Time": 0.077,
                      "Actual Rows": 7,
                      "Actual Loops": 4252,
                      "Index Cond": "(movie_id = t.id)",
                      "Rows Removed by Index Recheck": 0,
                      "Filter": "(role_id = 1)",
                      "Rows Removed by Filter": 9
                    }
                  ]
                }
              ]
            }
          ]
        }
      ]
    },
    "Planning Time": 0.652,
    "Triggers": [],
    "Execution Time": 193.018
  }
]