[
  {
    "Plan": {
      "Node Type": "Aggregate",
      "Strategy": "Plain",
      "Partial Mode": "Finalize",
      "Parallel Aware": false,
      "Startup Cost": 47043.05,
      "Total Cost": 47043.06,
      "Plan Rows": 1,
      "Plan Width": 8,
      "Actual Startup Time": 51.994,
      "Actual Total Time": 62.257,
      "Actual Rows": 1,
      "Actual Loops": 1,
      "Plans": [
        {
          "Node Type": "Gather",
          "Parent Relationship": "Outer",
          "Parallel Aware": false,
          "Startup Cost": 47042.84,
          "Total Cost": 47043.05,
          "Plan Rows": 2,
          "Plan Width": 8,
          "Actual Startup Time": 51.798,
          "Actual Total Time": 62.251,
          "Actual Rows": 3,
          "Actual Loops": 1,
          "Workers Planned": 2,
          "Workers Launched": 2,
          "Single Copy": false,
          "Plans": [
            {
              "Node Type": "Aggregate",
              "Strategy": "Plain",
              "Partial Mode": "Partial",
              "Parent Relationship": "Outer",
              "Parallel Aware": false,
              "Startup Cost": 46042.84,
              "Total Cost": 46042.85,
              "Plan Rows": 1,
              "Plan Width": 8,
              "Actual Startup Time": 45.93,
              "Actual Total Time": 45.931,
              "Actual Rows": 1,
              "Actual Loops": 3,
              "Plans": [
                {
                  "Node Type": "Nested Loop",
                  "Parent Relationship": "Outer",
                  "Parallel Aware": false,
                  "Join Type": "Inner",
                  "Startup Cost": 214.0,
                  "Total Cost": 46042.82,
                  "Plan Rows": 6,
                  "Plan Width": 0,
                  "Actual Startup Time": 22.927,
                  "Actual Total Time": 45.922,
                  "Actual Rows": 14,
                  "Actual Loops": 3,
                  "Inner Unique": true,
                  "Plans": [
                    {
                      "Node Type": "Bitmap Heap Scan",
                      "Parent Relationship": "Outer",
                      "Parallel Aware": true,
                      "Relation Name": "movie_keyword",
                      "Alias": "mk",
                      "Startup Cost": 213.57,
                      "Total Cost": 18918.84,
                      "Plan Rows": 4147,
                      "Plan Width": 4,
                      "Actual Startup Time": 1.959,
                      "Actual Total Time": 14.824,
                      "Actual Rows": 4215,
                      "Actual Loops": 3,
                      "Recheck Cond": "(keyword_id = 245)",
                      "Rows Removed by Index Recheck": 0,
                      "Exact Heap Blocks": 6430,
                      "Lossy Heap Blocks": 0,
                      "Plans": [
                        {
                          "Node Type": "Bitmap Index Scan",
                          "Parent Relationship": "Outer",
                          "Parallel Aware": false,
                          "Index Name": "keyword_id_movie_keyword",
                          "Startup Cost": 0.0,
                          "Total Cost": 211.08,
                          "Plan Rows": 9953,
                          "Plan Width": 0,
                          "Actual Startup Time": 3.385,
                          "Actual Total Time": 3.385,
                          "Actual Rows": 12645,
                          "Actual Loops": 1,
                          "Index Cond": "(keyword_id = 245)"
                        }
                      ]
                    },
                    {
                      "Node Type": "Index Scan",
                      "Parent Relationship": "Inner",
                      "Parallel Aware": false,
                      "Scan Direction": "Forward",
                      "Index Name": "title_pkey",
                      "Relation Name": "title",
                      "Alias": "t",
                      "Startup Cost": 0.43,
                      "Total Cost": 6.54,
                      "Plan Rows": 1,
                      "Plan Width": 4,
                      "Actual Startup Time": 0.007,
                      "Actual Total Time": 0.007,
                      "Actual Rows": 0,
                      "Actual Loops": 12645,
                      "Index Cond": "(id = mk.movie_id)",
                      "Rows Removed by Index Recheck": 0,
                      "Filter": "(production_year > 2013)",
                      "Rows Removed by Filter": 1
                    }
                  ]
                }
              ]
            }
          ]
        }
      ]
    },
    "Planning Time": 0.637,
    "Triggers": [],
    "Execution Time": 62.351
  }
]