[
  {
    "Plan": {
      "Node Type": "Aggregate",
      "Strategy": "Plain",
      "Partial Mode": "Finalize",
      "Parallel Aware": false,
      "Startup Cost": 114433.25,
      "Total Cost": 114433.26,
      "Plan Rows": 1,
      "Plan Width": 8,
      "Actual Startup Time": 772.42,
      "Actual Total Time": 790.543,
      "Actual Rows": 1,
      "Actual Loops": 1,
      "Plans": [
        {
          "Node Type": "Gather",
          "Parent Relationship": "Outer",
          "Parallel Aware": false,
          "Startup Cost": 114433.04,
          "Total Cost": 114433.25,
          "Plan Rows": 2,
          "Plan Width": 8,
          "Actual Startup Time": 765.212,
          "Actual Total Time": 790.534,
          "Actual Rows": 3,
          "Actual Loops": 1,
          "Workers Planned": 2,
          "Workers Launched": 2,
          "Single Copy": false,
          "Plans": [
            {
              "Node Type": "Aggregate",
              "Strategy": "Plain",
              "Partial Mode": "Partial",
              "Parent Relationship": "Outer",
              "Parallel Aware": false,
              "Startup Cost": 113433.04,
              "Total Cost": 113433.05,
              "Plan Rows": 1,
              "Plan Width": 8,
              "Actual Startup Time": 756.991,
              "Actual Total Time": 756.998,
              "Actual Rows": 1,
              "Actual Loops": 3,
              "Plans": [
                {
                  "Node Type": "Hash Join",
                  "Parent Relationship": "Outer",
                  "Parallel Aware": true,
                  "Join Type": "Inner",
                  "Startup Cost": 96521.68,
                  "Total Cost": 112965.9,
                  "Plan Rows": 186857,
                  "Plan Width": 0,
                  "Actual Startup Time": 608.541,
                  "Actual Total Time": 735.929,
                  "Actual Rows": 518119,
                  "Actual Loops": 3,
                  "Inner Unique": false,
                  "Hash Cond": "(mi_idx.movie_id = t.id)",
                  "Plans": [
                    {
                      "Node Type": "Seq Scan",
                      "Parent Relationship": "Outer",
                      "Parallel Aware": true,
                      "Relation Name": "movie_info_idx",
                      "Alias": "mi_idx",
                      "Startup Cost": 0.0,
                      "Total Cost": 13685.15,
                      "Plan Rows": 575015,
                      "Plan Width": 4,
                      "Actual Startup Time": 0.019,
                      "Actual Total Time": 36.664,
                      "Actual Rows": 460012,
                      "Actual Loops": 3
                    },
                    {
                      "Node Type": "Hash",
                      "Parent Relationship": "Inner",
                      "Parallel Aware": true,
                      "Startup Cost": 93208.63,
                      "Total Cost": 93208.63,
                      "Plan Rows": 265044,
                      "Plan Width": 8,
                      "Actual Startup Time": 600.517,
                      "Actual Total Time": 600.522,
                      "Actual Rows": 244875,
                      "Actual Loops": 3,
                      "Hash Buckets": 1048576,
                      "Original Hash Buckets": 1048576,
                      "Hash Batches": 1,
                      "Original Hash Batches": 1,
                      "Peak Memory Usage": 36960,
                      "Plans": [
                        {
                          "Node Type": "Hash Join",
                          "Parent Relationship": "Outer",
                          "Parallel Aware": true,
                          "Join Type": "Inner",
                          "Startup Cost": 49538.07,
                          "Total Cost": 93208.63,
                          "Plan Rows": 265044,
                          "Plan Width": 8,
                          "Actual Startup Time": 342.928,
                          "Actual Total Time": 541.944,
                          "Actual Rows": 244875,
                          "Actual Loops": 3,
                          "Inner Unique": true,
                          "Hash Cond": "(mk.movie_id = t.id)",
                          "Plans": [
                            {
                              "Node Type": "Seq Scan",
                              "Parent Relationship": "Outer",
                              "Parallel Aware": true,
                              "Relation Name": "movie_keyword",
                              "Alias": "mk",
                              "Startup Cost": 0.0,
                              "Total Cost": 42695.65,
                              "Plan Rows": 371394,
                              "Plan Width": 4,
                              "Actual Startup Time": 1.412,
                              "Actual Total Time": 118.044,
                              "Actual Rows": 385967,
                              "Actual Loops": 3,
                              "Filter": "(keyword_id > 16131)",
                              "Rows Removed by Filter": 1122009
                            },
                            {
                              "Node Type": "Hash",
                              "Parent Relationship": "Inner",
                              "Parallel Aware": true,
                              "Startup Cost": 43899.32,
                              "Total Cost": 43899.32,
                              "Plan Rows": 451100,
                              "Plan Width": 4,
                              "Actual Startup Time": 336.538,
                              "Actual Total Time": 336.539,
                              "Actual Rows": 597795,
                              "Actual Loops": 3,
                              "Hash Buckets": 2097152,
                              "Original Hash Buckets": 2097152,
                              "Hash Batches": 1,
                              "Original Hash Batches": 1,
                              "Peak Memory Usage": 86592,
                              "Plans": [
                                {
                                  "Node Type": "Seq Scan",
                                  "Parent Relationship": "Outer",
                                  "Parallel Aware": true,
                                  "Relation Name": "title",
                                  "Alias": "t",
                                  "Startup Cost": 0.0,
                                  "Total Cost": 43899.32,
                                  "Plan Rows": 451100,
                                  "Plan Width": 4,
                                  "Actual Startup Time": 0.053,
                                  "Actual Total Time": 132.567,
                                  "Actual Rows": 597795,
                                  "Actual Loops": 3,
                                  "Filter": "(production_year > 1988)",
                                  "Rows Removed by Filter": 244976
                                }
                              ]
                            }
                          ]
                        }
                      ]
                    }
                  ]
                }
              ]
            }
          ]
        }
      ]
    },
    "Planning Time": 0.741,
    "Triggers": [],
    "Execution Time": 790.584
  }
]