{
    "Plan": {
        "Node Type": "Aggregate",
        "Strategy": "Plain",
        "Partial Mode": "Finalize",
        "Parallel Aware": false,
        "Startup Cost": 174665.41,
        "Total Cost": 174665.42,
        "Plan Rows": 1,
        "Plan Width": 8,
        "Actual Startup Time": 515.486,
        "Actual Total Time": 538.209,
        "Actual Rows": 1,
        "Actual Loops": 1,
        "Output": [
            "count(*)"
        ],
        "Plans": [
            {
                "Node Type": "Gather",
                "Parent Relationship": "Outer",
                "Parallel Aware": false,
                "Startup Cost": 174665.09,
                "Total Cost": 174665.4,
                "Plan Rows": 3,
                "Plan Width": 8,
                "Actual Startup Time": 510.606,
                "Actual Total Time": 538.202,
                "Actual Rows": 4,
                "Actual Loops": 1,
                "Output": [
                    "(PARTIAL count(*))"
                ],
                "Workers Planned": 3,
                "Workers Launched": 3,
                "Single Copy": false,
                "Plans": [
                    {
                        "Node Type": "Aggregate",
                        "Strategy": "Plain",
                        "Partial Mode": "Partial",
                        "Parent Relationship": "Outer",
                        "Parallel Aware": false,
                        "Startup Cost": 173665.09,
                        "Total Cost": 173665.1,
                        "Plan Rows": 1,
                        "Plan Width": 8,
                        "Actual Startup Time": 495.315,
                        "Actual Total Time": 495.319,
                        "Actual Rows": 1,
                        "Actual Loops": 4,
                        "Output": [
                            "PARTIAL count(*)"
                        ],
                        "Workers": [
                            {
                                "Worker Number": 0,
                                "Actual Startup Time": 490.248,
                                "Actual Total Time": 490.251,
                                "Actual Rows": 1,
                                "Actual Loops": 1
                            },
                            {
                                "Worker Number": 1,
                                "Actual Startup Time": 490.474,
                                "Actual Total Time": 490.477,
                                "Actual Rows": 1,
                                "Actual Loops": 1
                            },
                            {
                                "Worker Number": 2,
                                "Actual Startup Time": 490.733,
                                "Actual Total Time": 490.737,
                                "Actual Rows": 1,
                                "Actual Loops": 1
                            }
                        ],
                        "Plans": [
                            {
                                "Node Type": "Nested Loop",
                                "Parent Relationship": "Outer",
                                "Parallel Aware": false,
                                "Join Type": "Inner",
                                "Startup Cost": 50000.37,
                                "Total Cost": 173173.61,
                                "Plan Rows": 196591,
                                "Plan Width": 0,
                                "Actual Startup Time": 244.98,
                                "Actual Total Time": 490.55,
                                "Actual Rows": 89832,
                                "Actual Loops": 4,
                                "Inner Unique": false,
                                "Workers": [
                                    {
                                        "Worker Number": 0,
                                        "Actual Startup Time": 240.73,
                                        "Actual Total Time": 485.704,
                                        "Actual Rows": 82289,
                                        "Actual Loops": 1
                                    },
                                    {
                                        "Worker Number": 1,
                                        "Actual Startup Time": 240.846,
                                        "Actual Total Time": 485.561,
                                        "Actual Rows": 90392,
                                        "Actual Loops": 1
                                    },
                                    {
                                        "Worker Number": 2,
                                        "Actual Startup Time": 240.929,
                                        "Actual Total Time": 486.32,
                                        "Actual Rows": 80387,
                                        "Actual Loops": 1
                                    }
                                ],
                                "Plans": [
                                    {
                                        "Node Type": "Hash Join",
                                        "Parent Relationship": "Outer",
                                        "Parallel Aware": true,
                                        "Join Type": "Inner",
                                        "Startup Cost": 49999.94,
                                        "Total Cost": 58721.09,
                                        "Plan Rows": 55753,
                                        "Plan Width": 8,
                                        "Actual Startup Time": 244.762,
                                        "Actual Total Time": 301.64,
                                        "Actual Rows": 42317,
                                        "Actual Loops": 4,
                                        "Output": [
                                            "t.id",
                                            "ci.movie_id"
                                        ],
                                        "Inner Unique": true,
                                        "Hash Cond": "(ci.movie_id = t.id)",
                                        "Workers": [
                                            {
                                                "Worker Number": 0,
                                                "Actual Startup Time": 240.487,
                                                "Actual Total Time": 295.628,
                                                "Actual Rows": 41638,
                                                "Actual Loops": 1
                                            },
                                            {
                                                "Worker Number": 1,
                                                "Actual Startup Time": 240.342,
                                                "Actual Total Time": 293.987,
                                                "Actual Rows": 40917,
                                                "Actual Loops": 1
                                            },
                                            {
                                                "Worker Number": 2,
                                                "Actual Startup Time": 240.822,
                                                "Actual Total Time": 294.41,
                                                "Actual Rows": 35225,
                                                "Actual Loops": 1
                                            }
                                        ],
                                        "Plans": [
                                            {
                                                "Node Type": "Index Scan",
                                                "Parent Relationship": "Outer",
                                                "Parallel Aware": true,
                                                "Scan Direction": "Forward",
                                                "Index Name": "role_id_cast_info",
                                                "Relation Name": "cast_info",
                                                "Schema": "public",
                                                "Alias": "ci",
                                                "Startup Cost": 0.56,
                                                "Total Cost": 8465.91,
                                                "Plan Rows": 97454,
                                                "Plan Width": 4,
                                                "Actual Startup Time": 0.104,
                                                "Actual Total Time": 13.516,
                                                "Actual Rows": 79030,
                                                "Actual Loops": 4,
                                                "Output": [
                                                    "ci.id",
                                                    "ci.person_id",
                                                    "ci.movie_id",
                                                    "ci.person_role_id",
                                                    "ci.note",
                                                    "ci.nr_order",
                                                    "ci.role_id"
                                                ],
                                                "Index Cond": "(ci.role_id > 10)",
                                                "Rows Removed by Index Recheck": 0,
                                                "Workers": [
                                                    {
                                                        "Worker Number": 0,
                                                        "Actual Startup Time": 0.219,
                                                        "Actual Total Time": 13.541,
                                                        "Actual Rows": 78390,
                                                        "Actual Loops": 1
                                                    },
                                                    {
                                                        "Worker Number": 1,
                                                        "Actual Startup Time": 0.08,
                                                        "Actual Total Time": 13.034,
                                                        "Actual Rows": 75270,
                                                        "Actual Loops": 1
                                                    },
                                                    {
                                                        "Worker Number": 2,
                                                        "Actual Startup Time": 0.063,
                                                        "Actual Total Time": 12.505,
                                                        "Actual Rows": 65348,
                                                        "Actual Loops": 1
                                                    }
                                                ]
                                            },
                                            {
                                                "Node Type": "Hash",
                                                "Parent Relationship": "Inner",
                                                "Parallel Aware": true,
                                                "Startup Cost": 45479.21,
                                                "Total Cost": 45479.21,
                                                "Plan Rows": 361613,
                                                "Plan Width": 4,
                                                "Actual Startup Time": 236.749,
                                                "Actual Total Time": 236.75,
                                                "Actual Rows": 359546,
                                                "Actual Loops": 4,
                                                "Output": [
                                                    "t.id"
                                                ],
                                                "Hash Buckets": 2097152,
                                                "Original Hash Buckets": 2097152,
                                                "Hash Batches": 1,
                                                "Original Hash Batches": 1,
                                                "Peak Memory Usage": 72672,
                                                "Workers": [
                                                    {
                                                        "Worker Number": 0,
                                                        "Actual Startup Time": 239.762,
                                                        "Actual Total Time": 239.763,
                                                        "Actual Rows": 342651,
                                                        "Actual Loops": 1
                                                    },
                                                    {
                                                        "Worker Number": 1,
                                                        "Actual Startup Time": 239.778,
                                                        "Actual Total Time": 239.779,
                                                        "Actual Rows": 341742,
                                                        "Actual Loops": 1
                                                    },
                                                    {
                                                        "Worker Number": 2,
                                                        "Actual Startup Time": 239.942,
                                                        "Actual Total Time": 239.943,
                                                        "Actual Rows": 300740,
                                                        "Actual Loops": 1
                                                    }
                                                ],
                                                "Plans": [
                                                    {
                                                        "Node Type": "Seq Scan",
                                                        "Parent Relationship": "Outer",
                                                        "Parallel Aware": true,
                                                        "Relation Name": "title",
                                                        "Schema": "public",
                                                        "Alias": "t",
                                                        "Startup Cost": 0.0,
                                                        "Total Cost": 45479.21,
                                                        "Plan Rows": 361613,
                                                        "Plan Width": 4,
                                                        "Actual Startup Time": 0.055,
                                                        "Actual Total Time": 106.305,
                                                        "Actual Rows": 359546,
                                                        "Actual Loops": 4,
                                                        "Output": [
                                                            "t.id"
                                                        ],
                                                        "Filter": "((t.production_year < 2013) AND (t.kind_id = 7))",
                                                        "Rows Removed by Filter": 272532,
                                                        "Workers": [
                                                            {
                                                                "Worker Number": 0,
                                                                "Actual Startup Time": 0.075,
                                                                "Actual Total Time": 110.648,
                                                                "Actual Rows": 342651,
                                                                "Actual Loops": 1
                                                            },
                                                            {
                                                                "Worker Number": 1,
                                                                "Actual Startup Time": 0.066,
                                                                "Actual Total Time": 110.525,
                                                                "Actual Rows": 341742,
                                                                "Actual Loops": 1
                                                            },
                                                            {
                                                                "Worker Number": 2,
                                                                "Actual Startup Time": 0.065,
                                                                "Actual Total Time": 106.869,
                                                                "Actual Rows": 300740,
                                                                "Actual Loops": 1
                                                            }
                                                        ]
                                                    }
                                                ]
                                            }
                                        ]
                                    },
                                    {
                                        "Node Type": "Index Scan",
                                        "Parent Relationship": "Inner",
                                        "Parallel Aware": false,
                                        "Scan Direction": "Forward",
                                        "Index Name": "movie_id_movie_info",
                                        "Relation Name": "movie_info",
                                        "Schema": "public",
                                        "Alias": "mi",
                                        "Startup Cost": 0.43,
                                        "Total Cost": 1.81,
                                        "Plan Rows": 24,
                                        "Plan Width": 4,
                                        "Actual Startup Time": 0.002,
                                        "Actual Total Time": 0.004,
                                        "Actual Rows": 2,
                                        "Actual Loops": 169267,
                                        "Output": [
                                            "mi.id",
                                            "mi.movie_id",
                                            "mi.info_type_id",
                                            "mi.info",
                                            "mi.note"
                                        ],
                                        "Index Cond": "(mi.movie_id = t.id)",
                                        "Rows Removed by Index Recheck": 0,
                                        "Filter": "(mi.info_type_id < 15)",
                                        "Rows Removed by Filter": 3,
                                        "Workers": [
                                            {
                                                "Worker Number": 0,
                                                "Actual Startup Time": 0.003,
                                                "Actual Total Time": 0.004,
                                                "Actual Rows": 2,
                                                "Actual Loops": 41638
                                            },
                                            {
                                                "Worker Number": 1,
                                                "Actual Startup Time": 0.003,
                                                "Actual Total Time": 0.004,
                                                "Actual Rows": 2,
                                                "Actual Loops": 40917
                                            },
                                            {
                                                "Worker Number": 2,
                                                "Actual Startup Time": 0.003,
                                                "Actual Total Time": 0.005,
                                                "Actual Rows": 2,
                                                "Actual Loops": 35225
                                            }
                                        ]
                                    }
                                ]
                            }
                        ]
                    }
                ]
            }
        ]
    },
    "Planning Time": 1.584,
    "Triggers": [],
    "Execution Time": 538.303
}