{
    "Plan": {
        "Node Type": "Aggregate",
        "Strategy": "Plain",
        "Partial Mode": "Simple",
        "Parallel Aware": false,
        "Startup Cost": 60003599888.57,
        "Total Cost": 60003599888.58,
        "Plan Rows": 1,
        "Plan Width": 128,
        "Actual Startup Time": 135475.202,
        "Actual Total Time": 135475.38,
        "Actual Rows": 1,
        "Actual Loops": 1,
        "Output": [
            "min(chn.name)",
            "min(mi_idx.info)",
            "min(n.name)",
            "min(t.title)"
        ],
        "Plans": [
            {
                "Node Type": "Nested Loop",
                "Parent Relationship": "Outer",
                "Parallel Aware": false,
                "Join Type": "Inner",
                "Startup Cost": 60003579636.92,
                "Total Cost": 60003599888.56,
                "Plan Rows": 1,
                "Plan Width": 53,
                "Actual Startup Time": 135095.269,
                "Actual Total Time": 135474.56,
                "Actual Rows": 2634,
                "Actual Loops": 1,
                "Output": [
                    "chn.name",
                    "mi_idx.info",
                    "n.name",
                    "t.title"
                ],
                "Inner Unique": true,
                "Plans": [
                    {
                        "Node Type": "Merge Join",
                        "Parent Relationship": "Outer",
                        "Parallel Aware": false,
                        "Join Type": "Inner",
                        "Startup Cost": 50003579636.77,
                        "Total Cost": 50003599880.38,
                        "Plan Rows": 1,
                        "Plan Width": 57,
                        "Actual Startup Time": 135095.223,
                        "Actual Total Time": 135459.122,
                        "Actual Rows": 3973,
                        "Actual Loops": 1,
                        "Output": [
                            "chn.name",
                            "mi_idx.info",
                            "mi_idx.info_type_id",
                            "n.name",
                            "t.title"
                        ],
                        "Inner Unique": false,
                        "Merge Cond": "(n.id = ci.person_id)",
                        "Plans": [
                            {
                                "Node Type": "Sort",
                                "Parent Relationship": "Outer",
                                "Parallel Aware": false,
                                "Startup Cost": 10000555526.5,
                                "Total Cost": 10000565945.37,
                                "Plan Rows": 4167549,
                                "Plan Width": 19,
                                "Actual Startup Time": 2097.316,
                                "Actual Total Time": 2293.326,
                                "Actual Rows": 2699680,
                                "Actual Loops": 1,
                                "Output": [
                                    "n.name",
                                    "n.id"
                                ],
                                "Sort Key": [
                                    "n.id"
                                ],
                                "Sort Method": "quicksort",
                                "Sort Space Used": 405945,
                                "Sort Space Type": "Memory",
                                "Plans": [
                                    {
                                        "Node Type": "Seq Scan",
                                        "Parent Relationship": "Outer",
                                        "Parallel Aware": false,
                                        "Relation Name": "name",
                                        "Schema": "public",
                                        "Alias": "n",
                                        "Startup Cost": 10000000000.0,
                                        "Total Cost": 10000097288.49,
                                        "Plan Rows": 4167549,
                                        "Plan Width": 19,
                                        "Actual Startup Time": 0.013,
                                        "Actual Total Time": 589.491,
                                        "Actual Rows": 4167491,
                                        "Actual Loops": 1,
                                        "Output": [
                                            "n.name",
                                            "n.id"
                                        ]
                                    }
                                ]
                            },
                            {
                                "Node Type": "Sort",
                                "Parent Relationship": "Inner",
                                "Parallel Aware": false,
                                "Startup Cost": 40003024108.18,
                                "Total Cost": 40003024108.19,
                                "Plan Rows": 1,
                                "Plan Width": 46,
                                "Actual Startup Time": 132997.668,
                                "Actual Total Time": 132998.637,
                                "Actual Rows": 3973,
                                "Actual Loops": 1,
                                "Output": [
                                    "ci.person_id",
                                    "chn.name",
                                    "mi_idx.info",
                                    "mi_idx.info_type_id",
                                    "t.title"
                                ],
                                "Sort Key": [
                                    "ci.person_id"
                                ],
                                "Sort Method": "quicksort",
                                "Sort Space Used": 486,
                                "Sort Space Type": "Memory",
                                "Plans": [
                                    {
                                        "Node Type": "Merge Join",
                                        "Parent Relationship": "Outer",
                                        "Parallel Aware": false,
                                        "Join Type": "Inner",
                                        "Startup Cost": 40003023138.11,
                                        "Total Cost": 40003024108.17,
                                        "Plan Rows": 1,
                                        "Plan Width": 46,
                                        "Actual Startup Time": 132988.364,
                                        "Actual Total Time": 132996.889,
                                        "Actual Rows": 3973,
                                        "Actual Loops": 1,
                                        "Output": [
                                            "ci.person_id",
                                            "chn.name",
                                            "mi_idx.info",
                                            "mi_idx.info_type_id",
                                            "t.title"
                                        ],
                                        "Inner Unique": false,
                                        "Merge Cond": "(t.id = mi_idx.movie_id)",
                                        "Plans": [
                                            {
                                                "Node Type": "Sort",
                                                "Parent Relationship": "Outer",
                                                "Parallel Aware": false,
                                                "Startup Cost": 40002980911.19,
                                                "Total Cost": 40002980911.2,
                                                "Plan Rows": 1,
                                                "Plan Width": 53,
                                                "Actual Startup Time": 132828.523,
                                                "Actual Total Time": 132829.071,
                                                "Actual Rows": 9303,
                                                "Actual Loops": 1,
                                                "Output": [
                                                    "cc.movie_id",
                                                    "ci.movie_id",
                                                    "ci.person_id",
                                                    "chn.name",
                                                    "mk.movie_id",
                                                    "t.title",
                                                    "t.id"
                                                ],
                                                "Sort Key": [
                                                    "cc.movie_id"
                                                ],
                                                "Sort Method": "quicksort",
                                                "Sort Space Used": 1476,
                                                "Sort Space Type": "Memory",
                                                "Plans": [
                                                    {
                                                        "Node Type": "Merge Join",
                                                        "Parent Relationship": "Outer",
                                                        "Parallel Aware": false,
                                                        "Join Type": "Inner",
                                                        "Startup Cost": 40002980911.15,
                                                        "Total Cost": 40002980911.18,
                                                        "Plan Rows": 1,
                                                        "Plan Width": 53,
                                                        "Actual Startup Time": 132824.418,
                                                        "Actual Total Time": 132826.725,
                                                        "Actual Rows": 9303,
                                                        "Actual Loops": 1,
                                                        "Output": [
                                                            "cc.movie_id",
                                                            "ci.movie_id",
                                                            "ci.person_id",
                                                            "chn.name",
                                                            "mk.movie_id",
                                                            "t.title",
                                                            "t.id"
                                                        ],
                                                        "Inner Unique": false,
                                                        "Merge Cond": "(t.kind_id = kt.id)",
                                                        "Plans": [
                                                            {
                                                                "Node Type": "Sort",
                                                                "Parent Relationship": "Outer",
                                                                "Parallel Aware": false,
                                                                "Startup Cost": 40002980910.05,
                                                                "Total Cost": 40002980910.06,
                                                                "Plan Rows": 3,
                                                                "Plan Width": 57,
                                                                "Actual Startup Time": 132824.358,
                                                                "Actual Total Time": 132824.829,
                                                                "Actual Rows": 9304,
                                                                "Actual Loops": 1,
                                                                "Output": [
                                                                    "cc.movie_id",
                                                                    "ci.movie_id",
                                                                    "ci.person_id",
                                                                    "chn.name",
                                                                    "mk.movie_id",
                                                                    "t.title",
                                                                    "t.kind_id",
                                                                    "t.id"
                                                                ],
                                                                "Sort Key": [
                                                                    "t.kind_id"
                                                                ],
                                                                "Sort Method": "quicksort",
                                                                "Sort Space Used": 1695,
                                                                "Sort Space Type": "Memory",
                                                                "Plans": [
                                                                    {
                                                                        "Node Type": "Hash Join",
                                                                        "Parent Relationship": "Outer",
                                                                        "Parallel Aware": false,
                                                                        "Join Type": "Inner",
                                                                        "Startup Cost": 40002926490.9,
                                                                        "Total Cost": 40002980910.03,
                                                                        "Plan Rows": 3,
                                                                        "Plan Width": 57,
                                                                        "Actual Startup Time": 98142.74,
                                                                        "Actual Total Time": 132820.64,
                                                                        "Actual Rows": 10187,
                                                                        "Actual Loops": 1,
                                                                        "Output": [
                                                                            "cc.movie_id",
                                                                            "ci.movie_id",
                                                                            "ci.person_id",
                                                                            "chn.name",
                                                                            "mk.movie_id",
                                                                            "t.title",
                                                                            "t.kind_id",
                                                                            "t.id"
                                                                        ],
                                                                        "Inner Unique": true,
                                                                        "Hash Cond": "(mk.keyword_id = k.id)",
                                                                        "Plans": [
                                                                            {
                                                                                "Node Type": "Hash Join",
                                                                                "Parent Relationship": "Outer",
                                                                                "Parallel Aware": false,
                                                                                "Join Type": "Inner",
                                                                                "Startup Cost": 30002919806.15,
                                                                                "Total Cost": 30002974129.64,
                                                                                "Plan Rows": 36433,
                                                                                "Plan Width": 61,
                                                                                "Actual Startup Time": 98066.31,
                                                                                "Actual Total Time": 132674.734,
                                                                                "Actual Rows": 1408298,
                                                                                "Actual Loops": 1,
                                                                                "Output": [
                                                                                    "cc.movie_id",
                                                                                    "ci.movie_id",
                                                                                    "ci.person_id",
                                                                                    "chn.name",
                                                                                    "mk.movie_id",
                                                                                    "mk.keyword_id",
                                                                                    "t.title",
                                                                                    "t.kind_id",
                                                                                    "t.id"
                                                                                ],
                                                                                "Inner Unique": false,
                                                                                "Hash Cond": "(ci.person_role_id = chn.id)",
                                                                                "Plans": [
                                                                                    {
                                                                                        "Node Type": "Hash Join",
                                                                                        "Parent Relationship": "Outer",
                                                                                        "Parallel Aware": false,
                                                                                        "Join Type": "Inner",
                                                                                        "Startup Cost": 30002856452.75,
                                                                                        "Total Cost": 30002907182.78,
                                                                                        "Plan Rows": 910905,
                                                                                        "Plan Width": 49,
                                                                                        "Actual Startup Time": 97857.79,
                                                                                        "Actual Total Time": 129296.739,
                                                                                        "Actual Rows": 50841071,
                                                                                        "Actual Loops": 1,
                                                                                        "Output": [
                                                                                            "cc.movie_id",
                                                                                            "ci.movie_id",
                                                                                            "ci.person_role_id",
                                                                                            "ci.person_id",
                                                                                            "mk.movie_id",
                                                                                            "mk.keyword_id",
                                                                                            "t.title",
                                                                                            "t.kind_id",
                                                                                            "t.id"
                                                                                        ],
                                                                                        "Inner Unique": true,
                                                                                        "Hash Cond": "(mk.movie_id = t.id)",
                                                                                        "Plans": [
                                                                                            {
                                                                                                "Node Type": "Merge Join",
                                                                                                "Parent Relationship": "Outer",
                                                                                                "Parallel Aware": false,
                                                                                                "Join Type": "Inner",
                                                                                                "Startup Cost": 30002721275.79,
                                                                                                "Total Cost": 30002767924.09,
                                                                                                "Plan Rows": 1554942,
                                                                                                "Plan Width": 24,
                                                                                                "Actual Startup Time": 96336.343,
                                                                                                "Actual Total Time": 118006.171,
                                                                                                "Actual Rows": 109052152,
                                                                                                "Actual Loops": 1,
                                                                                                "Output": [
                                                                                                    "cc.movie_id",
                                                                                                    "ci.movie_id",
                                                                                                    "ci.person_role_id",
                                                                                                    "ci.person_id",
                                                                                                    "mk.movie_id",
                                                                                                    "mk.keyword_id"
                                                                                                ],
                                                                                                "Inner Unique": false,
                                                                                                "Merge Cond": "(cct1.id = cc.subject_id)",
                                                                                                "Plans": [
                                                                                                    {
                                                                                                        "Node Type": "Sort",
                                                                                                        "Parent Relationship": "Outer",
                                                                                                        "Parallel Aware": false,
                                                                                                        "Startup Cost": 1.06,
                                                                                                        "Total Cost": 1.06,
                                                                                                        "Plan Rows": 1,
                                                                                                        "Plan Width": 4,
                                                                                                        "Actual Startup Time": 0.028,
                                                                                                        "Actual Total Time": 0.03,
                                                                                                        "Actual Rows": 1,
                                                                                                        "Actual Loops": 1,
                                                                                                        "Output": [
                                                                                                            "cct1.id"
                                                                                                        ],
                                                                                                        "Sort Key": [
                                                                                                            "cct1.id"
                                                                                                        ],
                                                                                                        "Sort Method": "quicksort",
                                                                                                        "Sort Space Used": 25,
                                                                                                        "Sort Space Type": "Memory",
                                                                                                        "Plans": [
                                                                                                            {
                                                                                                                "Node Type": "Seq Scan",
                                                                                                                "Parent Relationship": "Outer",
                                                                                                                "Parallel Aware": false,
                                                                                                                "Relation Name": "comp_cast_type",
                                                                                                                "Schema": "public",
                                                                                                                "Alias": "cct1",
                                                                                                                "Startup Cost": 0.0,
                                                                                                                "Total Cost": 1.05,
                                                                                                                "Plan Rows": 1,
                                                                                                                "Plan Width": 4,
                                                                                                                "Actual Startup Time": 0.017,
                                                                                                                "Actual Total Time": 0.017,
                                                                                                                "Actual Rows": 1,
                                                                                                                "Actual Loops": 1,
                                                                                                                "Output": [
                                                                                                                    "cct1.id"
                                                                                                                ],
                                                                                                                "Filter": "((cct1.kind)::text = 'cast'::text)",
                                                                                                                "Rows Removed by Filter": 3
                                                                                                            }
                                                                                                        ]
                                                                                                    },
                                                                                                    {
                                                                                                        "Node Type": "Sort",
                                                                                                        "Parent Relationship": "Inner",
                                                                                                        "Parallel Aware": false,
                                                                                                        "Startup Cost": 30002721274.73,
                                                                                                        "Total Cost": 30002736824.16,
                                                                                                        "Plan Rows": 6219772,
                                                                                                        "Plan Width": 28,
                                                                                                        "Actual Startup Time": 96336.305,
                                                                                                        "Actual Total Time": 105158.093,
                                                                                                        "Actual Rows": 109052153,
                                                                                                        "Actual Loops": 1,
                                                                                                        "Output": [
                                                                                                            "cc.movie_id",
                                                                                                            "cc.subject_id",
                                                                                                            "ci.movie_id",
                                                                                                            "ci.person_role_id",
                                                                                                            "ci.person_id",
                                                                                                            "mk.movie_id",
                                                                                                            "mk.keyword_id"
                                                                                                        ],
                                                                                                        "Sort Key": [
                                                                                                            "cc.subject_id"
                                                                                                        ],
                                                                                                        "Sort Method": "external sort",
                                                                                                        "Sort Space Used": 6170048,
                                                                                                        "Sort Space Type": "Disk",
                                                                                                        "Plans": [
                                                                                                            {
                                                                                                                "Node Type": "Hash Join",
                                                                                                                "Parent Relationship": "Outer",
                                                                                                                "Parallel Aware": false,
                                                                                                                "Join Type": "Inner",
                                                                                                                "Startup Cost": 30001763082.8,
                                                                                                                "Total Cost": 30002019422.28,
                                                                                                                "Plan Rows": 6219772,
                                                                                                                "Plan Width": 28,
                                                                                                                "Actual Startup Time": 16408.638,
                                                                                                                "Actual Total Time": 33077.182,
                                                                                                                "Actual Rows": 157283028,
                                                                                                                "Actual Loops": 1,
                                                                                                                "Output": [
                                                                                                                    "cc.movie_id",
                                                                                                                    "cc.subject_id",
                                                                                                                    "ci.movie_id",
                                                                                                                    "ci.person_role_id",
                                                                                                                    "ci.person_id",
                                                                                                                    "mk.movie_id",
                                                                                                                    "mk.keyword_id"
                                                                                                                ],
                                                                                                                "Inner Unique": false,
                                                                                                                "Hash Cond": "(mk.movie_id = ci.movie_id)",
                                                                                                                "Plans": [
                                                                                                                    {
                                                                                                                        "Node Type": "Index Scan",
                                                                                                                        "Parent Relationship": "Outer",
                                                                                                                        "Parallel Aware": false,
                                                                                                                        "Scan Direction": "Forward",
                                                                                                                        "Index Name": "movie_id_movie_keyword",
                                                                                                                        "Relation Name": "movie_keyword",
                                                                                                                        "Schema": "public",
                                                                                                                        "Alias": "mk",
                                                                                                                        "Startup Cost": 10000000000.43,
                                                                                                                        "Total Cost": 10000177177.46,
                                                                                                                        "Plan Rows": 4523930,
                                                                                                                        "Plan Width": 8,
                                                                                                                        "Actual Startup Time": 0.016,
                                                                                                                        "Actual Total Time": 809.119,
                                                                                                                        "Actual Rows": 4523930,
                                                                                                                        "Actual Loops": 1,
                                                                                                                        "Output": [
                                                                                                                            "mk.id",
                                                                                                                            "mk.movie_id",
                                                                                                                            "mk.keyword_id"
                                                                                                                        ]
                                                                                                                    },
                                                                                                                    {
                                                                                                                        "Node Type": "Hash",
                                                                                                                        "Parent Relationship": "Inner",
                                                                                                                        "Parallel Aware": false,
                                                                                                                        "Startup Cost": 20001746864.7,
                                                                                                                        "Total Cost": 20001746864.7,
                                                                                                                        "Plan Rows": 1297413,
                                                                                                                        "Plan Width": 20,
                                                                                                                        "Actual Startup Time": 16406.783,
                                                                                                                        "Actual Total Time": 16406.789,
                                                                                                                        "Actual Rows": 5212164,
                                                                                                                        "Actual Loops": 1,
                                                                                                                        "Output": [
                                                                                                                            "cc.movie_id",
                                                                                                                            "cc.subject_id",
                                                                                                                            "ci.movie_id",
                                                                                                                            "ci.person_role_id",
                                                                                                                            "ci.person_id"
                                                                                                                        ],
                                                                                                                        "Hash Buckets": 8388608,
                                                                                                                        "Original Hash Buckets": 2097152,
                                                                                                                        "Hash Batches": 1,
                                                                                                                        "Original Hash Batches": 1,
                                                                                                                        "Peak Memory Usage": 320324,
                                                                                                                        "Plans": [
                                                                                                                            {
                                                                                                                                "Node Type": "Merge Join",
                                                                                                                                "Parent Relationship": "Outer",
                                                                                                                                "Parallel Aware": false,
                                                                                                                                "Join Type": "Inner",
                                                                                                                                "Startup Cost": 20001707930.8,
                                                                                                                                "Total Cost": 20001746864.7,
                                                                                                                                "Plan Rows": 1297413,
                                                                                                                                "Plan Width": 20,
                                                                                                                                "Actual Startup Time": 14796.489,
                                                                                                                                "Actual Total Time": 15615.45,
                                                                                                                                "Actual Rows": 5212164,
                                                                                                                                "Actual Loops": 1,
                                                                                                                                "Output": [
                                                                                                                                    "cc.movie_id",
                                                                                                                                    "cc.subject_id",
                                                                                                                                    "ci.movie_id",
                                                                                                                                    "ci.person_role_id",
                                                                                                                                    "ci.person_id"
                                                                                                                                ],
                                                                                                                                "Inner Unique": false,
                                                                                                                                "Merge Cond": "(cct2.id = cc.status_id)",
                                                                                                                                "Plans": [
                                                                                                                                    {
                                                                                                                                        "Node Type": "Index Scan",
                                                                                                                                        "Parent Relationship": "Outer",
                                                                                                                                        "Parallel Aware": false,
                                                                                                                                        "Scan Direction": "Forward",
                                                                                                                                        "Index Name": "comp_cast_type_pkey",
                                                                                                                                        "Relation Name": "comp_cast_type",
                                                                                                                                        "Schema": "public",
                                                                                                                                        "Alias": "cct2",
                                                                                                                                        "Startup Cost": 10000000000.13,
                                                                                                                                        "Total Cost": 10000000012.2,
                                                                                                                                        "Plan Rows": 1,
                                                                                                                                        "Plan Width": 4,
                                                                                                                                        "Actual Startup Time": 0.011,
                                                                                                                                        "Actual Total Time": 0.028,
                                                                                                                                        "Actual Rows": 2,
                                                                                                                                        "Actual Loops": 1,
                                                                                                                                        "Output": [
                                                                                                                                            "cct2.id",
                                                                                                                                            "cct2.kind"
                                                                                                                                        ],
                                                                                                                                        "Filter": "((cct2.kind)::text ~~ '%complete%'::text)",
                                                                                                                                        "Rows Removed by Filter": 2
                                                                                                                                    },
                                                                                                                                    {
                                                                                                                                        "Node Type": "Sort",
                                                                                                                                        "Parent Relationship": "Inner",
                                                                                                                                        "Parallel Aware": false,
                                                                                                                                        "Startup Cost": 10001707930.67,
                                                                                                                                        "Total Cost": 10001720904.62,
                                                                                                                                        "Plan Rows": 5189577,
                                                                                                                                        "Plan Width": 24,
                                                                                                                                        "Actual Startup Time": 14796.468,
                                                                                                                                        "Actual Total Time": 15006.377,
                                                                                                                                        "Actual Rows": 5212164,
                                                                                                                                        "Actual Loops": 1,
                                                                                                                                        "Output": [
                                                                                                                                            "cc.movie_id",
                                                                                                                                            "cc.subject_id",
                                                                                                                                            "cc.status_id",
                                                                                                                                            "ci.movie_id",
                                                                                                                                            "ci.person_role_id",
                                                                                                                                            "ci.person_id"
                                                                                                                                        ],
                                                                                                                                        "Sort Key": [
                                                                                                                                            "cc.status_id"
                                                                                                                                        ],
                                                                                                                                        "Sort Method": "quicksort",
                                                                                                                                        "Sort Space Used": 603809,
                                                                                                                                        "Sort Space Type": "Memory",
                                                                                                                                        "Plans": [
                                                                                                                                            {
                                                                                                                                                "Node Type": "Hash Join",
                                                                                                                                                "Parent Relationship": "Outer",
                                                                                                                                                "Parallel Aware": false,
                                                                                                                                                "Join Type": "Inner",
                                                                                                                                                "Startup Cost": 10001068374.46,
                                                                                                                                                "Total Cost": 10001129106.39,
                                                                                                                                                "Plan Rows": 5189577,
                                                                                                                                                "Plan Width": 24,
                                                                                                                                                "Actual Startup Time": 12576.834,
                                                                                                                                                "Actual Total Time": 13992.147,
                                                                                                                                                "Actual Rows": 5212164,
                                                                                                                                                "Actual Loops": 1,
                                                                                                                                                "Output": [
                                                                                                                                                    "cc.movie_id",
                                                                                                                                                    "cc.subject_id",
                                                                                                                                                    "cc.status_id",
                                                                                                                                                    "ci.movie_id",
                                                                                                                                                    "ci.person_role_id",
                                                                                                                                                    "ci.person_id"
                                                                                                                                                ],
                                                                                                                                                "Inner Unique": false,
                                                                                                                                                "Hash Cond": "(cc.movie_id = ci.movie_id)",
                                                                                                                                                "Plans": [
                                                                                                                                                    {
                                                                                                                                                        "Node Type": "Seq Scan",
                                                                                                                                                        "Parent Relationship": "Outer",
                                                                                                                                                        "Parallel Aware": false,
                                                                                                                                                        "Relation Name": "complete_cast",
                                                                                                                                                        "Schema": "public",
                                                                                                                                                        "Alias": "cc",
                                                                                                                                                        "Startup Cost": 0.0,
                                                                                                                                                        "Total Cost": 2081.86,
                                                                                                                                                        "Plan Rows": 135086,
                                                                                                                                                        "Plan Width": 12,
                                                                                                                                                        "Actual Startup Time": 0.01,
                                                                                                                                                        "Actual Total Time": 12.998,
                                                                                                                                                        "Actual Rows": 135086,
                                                                                                                                                        "Actual Loops": 1,
                                                                                                                                                        "Output": [
                                                                                                                                                            "cc.id",
                                                                                                                                                            "cc.movie_id",
                                                                                                                                                            "cc.subject_id",
                                                                                                                                                            "cc.status_id"
                                                                                                                                                        ]
                                                                                                                                                    },
                                                                                                                                                    {
                                                                                                                                                        "Node Type": "Hash",
                                                                                                                                                        "Parent Relationship": "Inner",
                                                                                                                                                        "Parallel Aware": false,
                                                                                                                                                        "Startup Cost": 10000615214.76,
                                                                                                                                                        "Total Cost": 10000615214.76,
                                                                                                                                                        "Plan Rows": 36252776,
                                                                                                                                                        "Plan Width": 12,
                                                                                                                                                        "Actual Startup Time": 12521.592,
                                                                                                                                                        "Actual Total Time": 12521.593,
                                                                                                                                                        "Actual Rows": 36244344,
                                                                                                                                                        "Actual Loops": 1,
                                                                                                                                                        "Output": [
                                                                                                                                                            "ci.movie_id",
                                                                                                                                                            "ci.person_role_id",
                                                                                                                                                            "ci.person_id"
                                                                                                                                                        ],
                                                                                                                                                        "Hash Buckets": 67108864,
                                                                                                                                                        "Original Hash Buckets": 67108864,
                                                                                                                                                        "Hash Batches": 1,
                                                                                                                                                        "Original Hash Batches": 1,
                                                                                                                                                        "Peak Memory Usage": 2008722,
                                                                                                                                                        "Plans": [
                                                                                                                                                            {
                                                                                                                                                                "Node Type": "Seq Scan",
                                                                                                                                                                "Parent Relationship": "Outer",
                                                                                                                                                                "Parallel Aware": false,
                                                                                                                                                                "Relation Name": "cast_info",
                                                                                                                                                                "Schema": "public",
                                                                                                                                                                "Alias": "ci",
                                                                                                                                                                "Startup Cost": 10000000000.0,
                                                                                                                                                                "Total Cost": 10000615214.76,
                                                                                                                                                                "Plan Rows": 36252776,
                                                                                                                                                                "Plan Width": 12,
                                                                                                                                                                "Actual Startup Time": 0.021,
                                                                                                                                                                "Actual Total Time": 3534.336,
                                                                                                                                                                "Actual Rows": 36244344,
                                                                                                                                                                "Actual Loops": 1,
                                                                                                                                                                "Output": [
                                                                                                                                                                    "ci.movie_id",
                                                                                                                                                                    "ci.person_role_id",
                                                                                                                                                                    "ci.person_id"
                                                                                                                                                                ]
                                                                                                                                                            }
                                                                                                                                                        ]
                                                                                                                                                    }
                                                                                                                                                ]
                                                                                                                                            }
                                                                                                                                        ]
                                                                                                                                    }
                                                                                                                                ]
                                                                                                                            }
                                                                                                                        ]
                                                                                                                    }
                                                                                                                ]
                                                                                                            }
                                                                                                        ]
                                                                                                    }
                                                                                                ]
                                                                                            },
                                                                                            {
                                                                                                "Node Type": "Hash",
                                                                                                "Parent Relationship": "Inner",
                                                                                                "Parallel Aware": false,
                                                                                                "Startup Cost": 116662.9,
                                                                                                "Total Cost": 116662.9,
                                                                                                "Plan Rows": 1481124,
                                                                                                "Plan Width": 25,
                                                                                                "Actual Startup Time": 1519.578,
                                                                                                "Actual Total Time": 1519.579,
                                                                                                "Actual Rows": 1485030,
                                                                                                "Actual Loops": 1,
                                                                                                "Output": [
                                                                                                    "t.title",
                                                                                                    "t.kind_id",
                                                                                                    "t.id"
                                                                                                ],
                                                                                                "Hash Buckets": 2097152,
                                                                                                "Original Hash Buckets": 2097152,
                                                                                                "Hash Batches": 1,
                                                                                                "Original Hash Batches": 1,
                                                                                                "Peak Memory Usage": 101691,
                                                                                                "Plans": [
                                                                                                    {
                                                                                                        "Node Type": "Index Scan",
                                                                                                        "Parent Relationship": "Outer",
                                                                                                        "Parallel Aware": false,
                                                                                                        "Scan Direction": "Forward",
                                                                                                        "Index Name": "title_pkey",
                                                                                                        "Relation Name": "title",
                                                                                                        "Schema": "public",
                                                                                                        "Alias": "t",
                                                                                                        "Startup Cost": 0.43,
                                                                                                        "Total Cost": 116662.9,
                                                                                                        "Plan Rows": 1481124,
                                                                                                        "Plan Width": 25,
                                                                                                        "Actual Startup Time": 0.028,
                                                                                                        "Actual Total Time": 1108.67,
                                                                                                        "Actual Rows": 1485030,
                                                                                                        "Actual Loops": 1,
                                                                                                        "Output": [
                                                                                                            "t.title",
                                                                                                            "t.kind_id",
                                                                                                            "t.id"
                                                                                                        ],
                                                                                                        "Filter": "(t.production_year > 1998)",
                                                                                                        "Rows Removed by Filter": 1043282
                                                                                                    }
                                                                                                ]
                                                                                            }
                                                                                        ]
                                                                                    },
                                                                                    {
                                                                                        "Node Type": "Hash",
                                                                                        "Parent Relationship": "Inner",
                                                                                        "Parallel Aware": false,
                                                                                        "Startup Cost": 61783.45,
                                                                                        "Total Cost": 61783.45,
                                                                                        "Plan Rows": 125596,
                                                                                        "Plan Width": 20,
                                                                                        "Actual Startup Time": 208.375,
                                                                                        "Actual Total Time": 208.517,
                                                                                        "Actual Rows": 180152,
                                                                                        "Actual Loops": 1,
                                                                                        "Output": [
                                                                                            "chn.name",
                                                                                            "chn.id"
                                                                                        ],
                                                                                        "Hash Buckets": 262144,
                                                                                        "Original Hash Buckets": 131072,
                                                                                        "Hash Batches": 1,
                                                                                        "Original Hash Batches": 1,
                                                                                        "Peak Memory Usage": 11980,
                                                                                        "Plans": [
                                                                                            {
                                                                                                "Node Type": "Gather",
                                                                                                "Parent Relationship": "Outer",
                                                                                                "Parallel Aware": false,
                                                                                                "Startup Cost": 1000.0,
                                                                                                "Total Cost": 61783.45,
                                                                                                "Plan Rows": 125596,
                                                                                                "Plan Width": 20,
                                                                                                "Actual Startup Time": 0.418,
                                                                                                "Actual Total Time": 178.523,
                                                                                                "Actual Rows": 180152,
                                                                                                "Actual Loops": 1,
                                                                                                "Output": [
                                                                                                    "chn.name",
                                                                                                    "chn.id"
                                                                                                ],
                                                                                                "Workers Planned": 4,
                                                                                                "Workers Launched": 4,
                                                                                                "Single Copy": false,
                                                                                                "Plans": [
                                                                                                    {
                                                                                                        "Node Type": "Seq Scan",
                                                                                                        "Parent Relationship": "Outer",
                                                                                                        "Parallel Aware": true,
                                                                                                        "Relation Name": "char_name",
                                                                                                        "Schema": "public",
                                                                                                        "Alias": "chn",
                                                                                                        "Startup Cost": 0.0,
                                                                                                        "Total Cost": 48223.85,
                                                                                                        "Plan Rows": 31399,
                                                                                                        "Plan Width": 20,
                                                                                                        "Actual Startup Time": 0.081,
                                                                                                        "Actual Total Time": 174.951,
                                                                                                        "Actual Rows": 36030,
                                                                                                        "Actual Loops": 5,
                                                                                                        "Output": [
                                                                                                            "chn.name",
                                                                                                            "chn.id"
                                                                                                        ],
                                                                                                        "Filter": "((chn.name IS NOT NULL) AND ((chn.name ~~ '%man%'::text) OR (chn.name ~~ '%Man%'::text)))",
                                                                                                        "Rows Removed by Filter": 592037,
                                                                                                        "Workers": [
                                                                                                            {
                                                                                                                "Worker Number": 0,
                                                                                                                "Actual Startup Time": 0.074,
                                                                                                                "Actual Total Time": 180.746,
                                                                                                                "Actual Rows": 31977,
                                                                                                                "Actual Loops": 1
                                                                                                            },
                                                                                                            {
                                                                                                                "Worker Number": 1,
                                                                                                                "Actual Startup Time": 0.098,
                                                                                                                "Actual Total Time": 181.128,
                                                                                                                "Actual Rows": 32205,
                                                                                                                "Actual Loops": 1
                                                                                                            },
                                                                                                            {
                                                                                                                "Worker Number": 2,
                                                                                                                "Actual Startup Time": 0.11,
                                                                                                                "Actual Total Time": 181.267,
                                                                                                                "Actual Rows": 32085,
                                                                                                                "Actual Loops": 1
                                                                                                            },
                                                                                                            {
                                                                                                                "Worker Number": 3,
                                                                                                                "Actual Startup Time": 0.098,
                                                                                                                "Actual Total Time": 181.427,
                                                                                                                "Actual Rows": 31763,
                                                                                                                "Actual Loops": 1
                                                                                                            }
                                                                                                        ]
                                                                                                    }
                                                                                                ]
                                                                                            }
                                                                                        ]
                                                                                    }
                                                                                ]
                                                                            },
                                                                            {
                                                                                "Node Type": "Hash",
                                                                                "Parent Relationship": "Inner",
                                                                                "Parallel Aware": false,
                                                                                "Startup Cost": 10000006684.62,
                                                                                "Total Cost": 10000006684.62,
                                                                                "Plan Rows": 10,
                                                                                "Plan Width": 4,
                                                                                "Actual Startup Time": 53.051,
                                                                                "Actual Total Time": 53.052,
                                                                                "Actual Rows": 9,
                                                                                "Actual Loops": 1,
                                                                                "Output": [
                                                                                    "k.id"
                                                                                ],
                                                                                "Hash Buckets": 1024,
                                                                                "Original Hash Buckets": 1024,
                                                                                "Hash Batches": 1,
                                                                                "Original Hash Batches": 1,
                                                                                "Peak Memory Usage": 9,
                                                                                "Plans": [
                                                                                    {
                                                                                        "Node Type": "Index Scan",
                                                                                        "Parent Relationship": "Outer",
                                                                                        "Parallel Aware": false,
                                                                                        "Scan Direction": "Forward",
                                                                                        "Index Name": "keyword_pkey",
                                                                                        "Relation Name": "keyword",
                                                                                        "Schema": "public",
                                                                                        "Alias": "k",
                                                                                        "Startup Cost": 10000000000.42,
                                                                                        "Total Cost": 10000006684.62,
                                                                                        "Plan Rows": 10,
                                                                                        "Plan Width": 4,
                                                                                        "Actual Startup Time": 0.176,
                                                                                        "Actual Total Time": 53.046,
                                                                                        "Actual Rows": 9,
                                                                                        "Actual Loops": 1,
                                                                                        "Output": [
                                                                                            "k.id"
                                                                                        ],
                                                                                        "Filter": "(k.keyword = ANY ('{murder,marvel-comics,tv-special,gore,second-part,murder-in-title,superhero,fight,based-on-comic,hand-to-hand-combat}'::text[]))",
                                                                                        "Rows Removed by Filter": 134161
                                                                                    }
                                                                                ]
                                                                            }
                                                                        ]
                                                                    }
                                                                ]
                                                            },
                                                            {
                                                                "Node Type": "Sort",
                                                                "Parent Relationship": "Inner",
                                                                "Parallel Aware": false,
                                                                "Startup Cost": 1.1,
                                                                "Total Cost": 1.1,
                                                                "Plan Rows": 1,
                                                                "Plan Width": 4,
                                                                "Actual Startup Time": 0.054,
                                                                "Actual Total Time": 0.365,
                                                                "Actual Rows": 1,
                                                                "Actual Loops": 1,
                                                                "Output": [
                                                                    "kt.id"
                                                                ],
                                                                "Sort Key": [
                                                                    "kt.id"
                                                                ],
                                                                "Sort Method": "quicksort",
                                                                "Sort Space Used": 25,
                                                                "Sort Space Type": "Memory",
                                                                "Plans": [
                                                                    {
                                                                        "Node Type": "Seq Scan",
                                                                        "Parent Relationship": "Outer",
                                                                        "Parallel Aware": false,
                                                                        "Relation Name": "kind_type",
                                                                        "Schema": "public",
                                                                        "Alias": "kt",
                                                                        "Startup Cost": 0.0,
                                                                        "Total Cost": 1.09,
                                                                        "Plan Rows": 1,
                                                                        "Plan Width": 4,
                                                                        "Actual Startup Time": 0.026,
                                                                        "Actual Total Time": 0.027,
                                                                        "Actual Rows": 1,
                                                                        "Actual Loops": 1,
                                                                        "Output": [
                                                                            "kt.id"
                                                                        ],
                                                                        "Filter": "((kt.kind)::text = 'movie'::text)",
                                                                        "Rows Removed by Filter": 6
                                                                    }
                                                                ]
                                                            }
                                                        ]
                                                    }
                                                ]
                                            },
                                            {
                                                "Node Type": "Sort",
                                                "Parent Relationship": "Inner",
                                                "Parallel Aware": false,
                                                "Startup Cost": 42226.82,
                                                "Total Cost": 42711.89,
                                                "Plan Rows": 194028,
                                                "Plan Width": 13,
                                                "Actual Startup Time": 150.275,
                                                "Actual Total Time": 156.854,
                                                "Actual Rows": 196232,
                                                "Actual Loops": 1,
                                                "Output": [
                                                    "mi_idx.info",
                                                    "mi_idx.movie_id",
                                                    "mi_idx.info_type_id"
                                                ],
                                                "Sort Key": [
                                                    "mi_idx.movie_id"
                                                ],
                                                "Sort Method": "quicksort",
                                                "Sort Space Used": 15241,
                                                "Sort Space Type": "Memory",
                                                "Plans": [
                                                    {
                                                        "Node Type": "Seq Scan",
                                                        "Parent Relationship": "Outer",
                                                        "Parallel Aware": false,
                                                        "Relation Name": "movie_info_idx",
                                                        "Schema": "public",
                                                        "Alias": "mi_idx",
                                                        "Startup Cost": 0.0,
                                                        "Total Cost": 25185.44,
                                                        "Plan Rows": 194028,
                                                        "Plan Width": 13,
                                                        "Actual Startup Time": 0.022,
                                                        "Actual Total Time": 115.863,
                                                        "Actual Rows": 192839,
                                                        "Actual Loops": 1,
                                                        "Output": [
                                                            "mi_idx.info",
                                                            "mi_idx.movie_id",
                                                            "mi_idx.info_type_id"
                                                        ],
                                                        "Filter": "(mi_idx.info > '7.0'::text)",
                                                        "Rows Removed by Filter": 1187196
                                                    }
                                                ]
                                            }
                                        ]
                                    }
                                ]
                            }
                        ]
                    },
                    {
                        "Node Type": "Bitmap Heap Scan",
                        "Parent Relationship": "Inner",
                        "Parallel Aware": false,
                        "Relation Name": "info_type",
                        "Schema": "public",
                        "Alias": "it2",
                        "Startup Cost": 0.15,
                        "Total Cost": 4.17,
                        "Plan Rows": 1,
                        "Plan Width": 4,
                        "Actual Startup Time": 0.002,
                        "Actual Total Time": 0.002,
                        "Actual Rows": 1,
                        "Actual Loops": 3973,
                        "Output": [
                            "it2.id",
                            "it2.info"
                        ],
                        "Recheck Cond": "(it2.id = mi_idx.info_type_id)",
                        "Rows Removed by Index Recheck": 0,
                        "Filter": "((it2.info)::text = 'rating'::text)",
                        "Rows Removed by Filter": 0,
                        "Exact Heap Blocks": 3973,
                        "Lossy Heap Blocks": 0,
                        "Plans": [
                            {
                                "Node Type": "Bitmap Index Scan",
                                "Parent Relationship": "Outer",
                                "Parallel Aware": false,
                                "Index Name": "info_type_pkey",
                                "Startup Cost": 0.0,
                                "Total Cost": 0.15,
                                "Plan Rows": 1,
                                "Plan Width": 0,
                                "Actual Startup Time": 0.001,
                                "Actual Total Time": 0.001,
                                "Actual Rows": 1,
                                "Actual Loops": 3973,
                                "Index Cond": "(it2.id = mi_idx.info_type_id)"
                            }
                        ]
                    }
                ]
            }
        ]
    },
    "Planning Time": 37.286,
    "Triggers": [],
    "Execution Time": 136237.01
}