[
  {
    "Plan": {
      "Node Type": "Aggregate",
      "Strategy": "Plain",
      "Partial Mode": "Finalize",
      "Parallel Aware": false,
      "Startup Cost": 73397.8,
      "Total Cost": 73397.81,
      "Plan Rows": 1,
      "Plan Width": 8,
      "Actual Startup Time": 197.099,
      "Actual Total Time": 211.929,
      "Actual Rows": 1,
      "Actual Loops": 1,
      "Plans": [
        {
          "Node Type": "Gather",
          "Parent Relationship": "Outer",
          "Parallel Aware": false,
          "Startup Cost": 73397.49,
          "Total Cost": 73397.8,
          "Plan Rows": 3,
          "Plan Width": 8,
          "Actual Startup Time": 195.289,
          "Actual Total Time": 211.921,
          "Actual Rows": 4,
          "Actual Loops": 1,
          "Workers Planned": 3,
          "Workers Launched": 3,
          "Single Copy": false,
          "Plans": [
            {
              "Node Type": "Aggregate",
              "Strategy": "Plain",
              "Partial Mode": "Partial",
              "Parent Relationship": "Outer",
              "Parallel Aware": false,
              "Startup Cost": 72397.49,
              "Total Cost": 72397.5,
              "Plan Rows": 1,
              "Plan Width": 8,
              "Actual Startup Time": 187.576,
              "Actual Total Time": 187.582,
              "Actual Rows": 1,
              "Actual Loops": 4,
              "Plans": [
                {
                  "Node Type": "Hash Join",
                  "Parent Relationship": "Outer",
                  "Parallel Aware": true,
                  "Join Type": "Inner",
                  "Startup Cost": 52140.42,
                  "Total Cost": 72392.4,
                  "Plan Rows": 2033,
                  "Plan Width": 0,
                  "Actual Startup Time": 143.205,
                  "Actual Total Time": 187.433,
                  "Actual Rows": 1414,
                  "Actual Loops": 4,
                  "Inner Unique": true,
                  "Hash Cond": "(mc.movie_id = t.id)",
                  "Plans": [
                    {
                      "Node Type": "Bitmap Heap Scan",
                      "Parent Relationship": "Outer",
                      "Parallel Aware": true,
                      "Relation Name": "movie_companies",
                      "Alias": "mc",
                      "Startup Cost": 6494.69,
                      "Total Cost": 26492.95,
                      "Plan Rows": 96660,
                      "Plan Width": 4,
                      "Actual Startup Time": 14.85,
                      "Actual Total Time": 52.247,
                      "Actual Rows": 73219,
                      "Actual Loops": 4,
                      "Recheck Cond": "(company_id < 160)",
                      "Rows Removed by Index Recheck": 0,
                      "Exact Heap Blocks": 7039,
                      "Lossy Heap Blocks": 0,
                      "Plans": [
                        {
                          "Node Type": "Bitmap Index Scan",
                          "Parent Relationship": "Outer",
                          "Parallel Aware": false,
                          "Index Name": "company_id_movie_companies",
                          "Startup Cost": 0.0,
                          "Total Cost": 6419.78,
                          "Plan Rows": 299647,
                          "Plan Width": 0,
                          "Actual Startup Time": 12.185,
                          "Actual Total Time": 12.185,
                          "Actual Rows": 292877,
                          "Actual Loops": 1,
                          "Index Cond": "(company_id < 160)"
                        }
                      ]
                    },
                    {
                      "Node Type": "Hash",
                      "Parent Relationship": "Inner",
                      "Parallel Aware": true,
                      "Startup Cost": 45479.59,
                      "Total Cost": 45479.59,
                      "Plan Rows": 13291,
                      "Plan Width": 4,
                      "Actual Startup Time": 118.386,
                      "Actual Total Time": 118.388,
                      "Actual Rows": 36376,
                      "Actual Loops": 4,
                      "Hash Buckets": 262144,
                      "Original Hash Buckets": 65536,
                      "Hash Batches": 1,
                      "Original Hash Batches": 1,
                      "Peak Memory Usage": 9344,
                      "Plans": [
                        {
                          "Node Type": "Seq Scan",
                          "Parent Relationship": "Outer",
                          "Parallel Aware": true,
                          "Relation Name": "title",
                          "Alias": "t",
                          "Startup Cost": 0.0,
                          "Total Cost": 45479.59,
                          "Plan Rows": 13291,
                          "Plan Width": 4,
                          "Actual Startup Time": 15.924,
                          "Actual Total Time": 99.111,
                          "Actual Rows": 36376,
                          "Actual Loops": 4,
                          "Filter": "((kind_id < 7) AND (production_year < 1942))",
                          "Rows Removed by Filter": 595702
                        }
                      ]
                    }
                  ]
                }
              ]
            }
          ]
        }
      ]
    },
    "Planning Time": 0.617,
    "Triggers": [],
    "Execution Time": 212.005
  }
]