[
  {
    "Plan": {
      "Node Type": "Aggregate",
      "Strategy": "Plain",
      "Partial Mode": "Finalize",
      "Parallel Aware": false,
      "Startup Cost": 59398.59,
      "Total Cost": 59398.6,
      "Plan Rows": 1,
      "Plan Width": 8,
      "Actual Startup Time": 98.545,
      "Actual Total Time": 111.005,
      "Actual Rows": 1,
      "Actual Loops": 1,
      "Plans": [
        {
          "Node Type": "Gather",
          "Parent Relationship": "Outer",
          "Parallel Aware": false,
          "Startup Cost": 59398.17,
          "Total Cost": 59398.58,
          "Plan Rows": 4,
          "Plan Width": 8,
          "Actual Startup Time": 98.42,
          "Actual Total Time": 110.997,
          "Actual Rows": 5,
          "Actual Loops": 1,
          "Workers Planned": 4,
          "Workers Launched": 4,
          "Single Copy": false,
          "Plans": [
            {
              "Node Type": "Aggregate",
              "Strategy": "Plain",
              "Partial Mode": "Partial",
              "Parent Relationship": "Outer",
              "Parallel Aware": false,
              "Startup Cost": 58398.17,
              "Total Cost": 58398.18,
              "Plan Rows": 1,
              "Plan Width": 8,
              "Actual Startup Time": 89.05,
              "Actual Total Time": 89.052,
              "Actual Rows": 1,
              "Actual Loops": 5,
              "Plans": [
                {
                  "Node Type": "Nested Loop",
                  "Parent Relationship": "Outer",
                  "Parallel Aware": false,
                  "Join Type": "Inner",
                  "Startup Cost": 0.43,
                  "Total Cost": 58391.59,
                  "Plan Rows": 2635,
                  "Plan Width": 0,
                  "Actual Startup Time": 0.601,
                  "Actual Total Time": 88.953,
                  "Actual Rows": 1043,
                  "Actual Loops": 5,
                  "Inner Unique": false,
                  "Plans": [
                    {
                      "Node Type": "Seq Scan",
                      "Parent Relationship": "Outer",
                      "Parallel Aware": true,
                      "Relation Name": "title",
                      "Alias": "t",
                      "Startup Cost": 0.0,
                      "Total Cost": 45479.1,
                      "Plan Rows": 1473,
                      "Plan Width": 4,
                      "Actual Startup Time": 0.149,
                      "Actual Total Time": 80.64,
                      "Actual Rows": 1336,
                      "Actual Loops": 5,
                      "Filter": "((kind_id = 7) AND (production_year = 1959))",
                      "Rows Removed by Filter": 504326
                    },
                    {
                      "Node Type": "Index Only Scan",
                      "Parent Relationship": "Inner",
                      "Parallel Aware": false,
                      "Scan Direction": "Forward",
                      "Index Name": "movie_id_movie_keyword",
                      "Relation Name": "movie_keyword",
                      "Alias": "mk",
                      "Startup Cost": 0.43,
                      "Total Cost": 8.32,
                      "Plan Rows": 45,
                      "Plan Width": 4,
                      "Actual Startup Time": 0.005,
                      "Actual Total Time": 0.006,
                      "Actual Rows": 1,
                      "Actual Loops": 6682,
                      "Index Cond": "(movie_id = t.id)",
                      "Rows Removed by Index Recheck": 0,
                      "Heap Fetches": 5214
                    }
                  ]
                }
              ]
            }
          ]
        }
      ]
    },
    "Planning Time": 0.585,
    "Triggers": [],
    "Execution Time": 111.075
  }
]