[
  {
    "Plan": {
      "Node Type": "Aggregate",
      "Strategy": "Plain",
      "Partial Mode": "Finalize",
      "Parallel Aware": false,
      "Startup Cost": 45872.45,
      "Total Cost": 45872.46,
      "Plan Rows": 1,
      "Plan Width": 8,
      "Actual Startup Time": 162.149,
      "Actual Total Time": 171.846,
      "Actual Rows": 1,
      "Actual Loops": 1,
      "Plans": [
        {
          "Node Type": "Gather",
          "Parent Relationship": "Outer",
          "Parallel Aware": false,
          "Startup Cost": 45872.13,
          "Total Cost": 45872.44,
          "Plan Rows": 3,
          "Plan Width": 8,
          "Actual Startup Time": 162.066,
          "Actual Total Time": 171.837,
          "Actual Rows": 4,
          "Actual Loops": 1,
          "Workers Planned": 3,
          "Workers Launched": 3,
          "Single Copy": false,
          "Plans": [
            {
              "Node Type": "Aggregate",
              "Strategy": "Plain",
              "Partial Mode": "Partial",
              "Parent Relationship": "Outer",
              "Parallel Aware": false,
              "Startup Cost": 44872.13,
              "Total Cost": 44872.14,
              "Plan Rows": 1,
              "Plan Width": 8,
              "Actual Startup Time": 155.474,
              "Actual Total Time": 155.475,
              "Actual Rows": 1,
              "Actual Loops": 4,
              "Plans": [
                {
                  "Node Type": "Seq Scan",
                  "Parent Relationship": "Outer",
                  "Parallel Aware": true,
                  "Relation Name": "movie_keyword",
                  "Alias": "mk",
                  "Startup Cost": 0.0,
                  "Total Cost": 42695.65,
                  "Plan Rows": 870591,
                  "Plan Width": 0,
                  "Actual Startup Time": 0.494,
                  "Actual Total Time": 124.051,
                  "Actual Rows": 672229,
                  "Actual Loops": 4,
                  "Filter": "(keyword_id > 3028)",
                  "Rows Removed by Filter": 458754
                }
              ]
            }
          ]
        }
      ]
    },
    "Planning Time": 0.201,
    "Triggers": [],
    "Execution Time": 171.903
  }
]