[
  {
    "Plan": {
      "Node Type": "Aggregate",
      "Strategy": "Plain",
      "Partial Mode": "Finalize",
      "Parallel Aware": false,
      "Startup Cost": 89293.3,
      "Total Cost": 89293.31,
      "Plan Rows": 1,
      "Plan Width": 8,
      "Actual Startup Time": 244.855,
      "Actual Total Time": 261.616,
      "Actual Rows": 1,
      "Actual Loops": 1,
      "Plans": [
        {
          "Node Type": "Gather",
          "Parent Relationship": "Outer",
          "Parallel Aware": false,
          "Startup Cost": 89292.98,
          "Total Cost": 89293.29,
          "Plan Rows": 3,
          "Plan Width": 8,
          "Actual Startup Time": 244.153,
          "Actual Total Time": 261.606,
          "Actual Rows": 4,
          "Actual Loops": 1,
          "Workers Planned": 3,
          "Workers Launched": 3,
          "Single Copy": false,
          "Plans": [
            {
              "Node Type": "Aggregate",
              "Strategy": "Plain",
              "Partial Mode": "Partial",
              "Parent Relationship": "Outer",
              "Parallel Aware": false,
              "Startup Cost": 88292.98,
              "Total Cost": 88292.99,
              "Plan Rows": 1,
              "Plan Width": 8,
              "Actual Startup Time": 235.333,
              "Actual Total Time": 235.336,
              "Actual Rows": 1,
              "Actual Loops": 4,
              "Plans": [
                {
                  "Node Type": "Hash Join",
                  "Parent Relationship": "Outer",
                  "Parallel Aware": true,
                  "Join Type": "Inner",
                  "Startup Cost": 44281.32,
                  "Total Cost": 88234.99,
                  "Plan Rows": 23195,
                  "Plan Width": 0,
                  "Actual Startup Time": 106.694,
                  "Actual Total Time": 234.532,
                  "Actual Rows": 17321,
                  "Actual Loops": 4,
                  "Inner Unique": true,
                  "Hash Cond": "(mk.movie_id = t.id)",
                  "Plans": [
                    {
                      "Node Type": "Seq Scan",
                      "Parent Relationship": "Outer",
                      "Parallel Aware": true,
                      "Relation Name": "movie_keyword",
                      "Alias": "mk",
                      "Startup Cost": 0.0,
                      "Total Cost": 42695.65,
                      "Plan Rows": 479247,
                      "Plan Width": 4,
                      "Actual Startup Time": 0.714,
                      "Actual Total Time": 94.048,
                      "Actual Rows": 373502,
                      "Actual Loops": 4,
                      "Filter": "(keyword_id > 10873)",
                      "Rows Removed by Filter": 757481
                    },
                    {
                      "Node Type": "Hash",
                      "Parent Relationship": "Inner",
                      "Parallel Aware": true,
                      "Startup Cost": 43898.92,
                      "Total Cost": 43898.92,
                      "Plan Rows": 30592,
                      "Plan Width": 4,
                      "Actual Startup Time": 104.083,
                      "Actual Total Time": 104.084,
                      "Actual Rows": 30715,
                      "Actual Loops": 4,
                      "Hash Buckets": 131072,
                      "Original Hash Buckets": 131072,
                      "Hash Batches": 1,
                      "Original Hash Batches": 1,
                      "Peak Memory Usage": 5888,
                      "Plans": [
                        {
                          "Node Type": "Seq Scan",
                          "Parent Relationship": "Outer",
                          "Parallel Aware": true,
                          "Relation Name": "title",
                          "Alias": "t",
                          "Startup Cost": 0.0,
                          "Total Cost": 43898.92,
                          "Plan Rows": 30592,
                          "Plan Width": 4,
                          "Actual Startup Time": 0.039,
                          "Actual Total Time": 92.896,
                          "Actual Rows": 30715,
                          "Actual Loops": 4,
                          "Filter": "(production_year = 2008)",
                          "Rows Removed by Filter": 601363
                        }
                      ]
                    }
                  ]
                }
              ]
            }
          ]
        }
      ]
    },
    "Planning Time": 0.609,
    "Triggers": [],
    "Execution Time": 261.693
  }
]