{
  "Plan": {
    "Node Type": "Aggregate",
    "Strategy": "Plain",
    "Partial Mode": "Finalize",
    "Parallel Aware": false,
    "Startup Cost": 64087.92,
    "Total Cost": 64087.93,
    "Plan Rows": 1,
    "Plan Width": 8,
    "Actual Startup Time": 139.787,
    "Actual Total Time": 148.538,
    "Actual Rows": 1,
    "Actual Loops": 1,
    "Plans": [
      {
        "Node Type": "Gather",
        "Parent Relationship": "Outer",
        "Parallel Aware": false,
        "Startup Cost": 64087.8,
        "Total Cost": 64087.91,
        "Plan Rows": 1,
        "Plan Width": 8,
        "Actual Startup Time": 139.653,
        "Actual Total Time": 148.524,
        "Actual Rows": 2,
        "Actual Loops": 1,
        "Workers Planned": 1,
        "Workers Launched": 1,
        "Single Copy": false,
        "Plans": [
          {
            "Node Type": "Aggregate",
            "Strategy": "Plain",
            "Partial Mode": "Partial",
            "Parent Relationship": "Outer",
            "Parallel Aware": false,
            "Startup Cost": 63087.8,
            "Total Cost": 63087.81,
            "Plan Rows": 1,
            "Plan Width": 8,
            "Actual Startup Time": 133.507,
            "Actual Total Time": 133.511,
            "Actual Rows": 1,
            "Actual Loops": 2,
            "Plans": [
              {
                "Node Type": "Hash Join",
                "Parent Relationship": "Outer",
                "Parallel Aware": true,
                "Join Type": "Inner",
                "Startup Cost": 43972.09,
                "Total Cost": 63082.24,
                "Plan Rows": 2227,
                "Plan Width": 0,
                "Actual Startup Time": 39.27,
                "Actual Total Time": 133.155,
                "Actual Rows": 7210,
                "Actual Loops": 2,
                "Inner Unique": false,
                "Hash Cond": "(mi_idx.movie_id = t.id)",
                "Plans": [
                  {
                    "Node Type": "Seq Scan",
                    "Parent Relationship": "Outer",
                    "Parallel Aware": true,
                    "Relation Name": "movie_info_idx",
                    "Alias": "mi_idx",
                    "Startup Cost": 0.0,
                    "Total Cost": 16052.85,
                    "Plan Rows": 811785,
                    "Plan Width": 4,
                    "Actual Startup Time": 0.014,
                    "Actual Total Time": 46.602,
                    "Actual Rows": 690018,
                    "Actual Loops": 2
                  },
                  {
                    "Node Type": "Hash",
                    "Parent Relationship": "Inner",
                    "Parallel Aware": true,
                    "Startup Cost": 43921.08,
                    "Total Cost": 43921.08,
                    "Plan Rows": 4081,
                    "Plan Width": 8,
                    "Actual Startup Time": 38.018,
                    "Actual Total Time": 38.02,
                    "Actual Rows": 2958,
                    "Actual Loops": 2,
                    "Hash Buckets": 8192,
                    "Original Hash Buckets": 8192,
                    "Hash Batches": 1,
                    "Original Hash Batches": 1,
                    "Peak Memory Usage": 320,
                    "Plans": [
                      {
                        "Node Type": "Nested Loop",
                        "Parent Relationship": "Outer",
                        "Parallel Aware": false,
                        "Join Type": "Inner",
                        "Startup Cost": 150.62,
                        "Total Cost": 43921.08,
                        "Plan Rows": 4081,
                        "Plan Width": 8,
                        "Actual Startup Time": 3.002,
                        "Actual Total Time": 36.741,
                        "Actual Rows": 2958,
                        "Actual Loops": 2,
                        "Inner Unique": true,
                        "Plans": [
                          {
                            "Node Type": "Bitmap Heap Scan",
                            "Parent Relationship": "Outer",
                            "Parallel Aware": true,
                            "Relation Name": "movie_keyword",
                            "Alias": "mk",
                            "Startup Cost": 150.19,
                            "Total Cost": 15419.2,
                            "Plan Rows": 4081,
                            "Plan Width": 4,
                            "Actual Startup Time": 2.836,
                            "Actual Total Time": 12.701,
                            "Actual Rows": 2958,
                            "Actual Loops": 2,
                            "Recheck Cond": "(keyword_id = 807)",
                            "Rows Removed by Index Recheck": 0,
                            "Exact Heap Blocks": 4253,
                            "Lossy Heap Blocks": 0,
                            "Plans": [
                              {
                                "Node Type": "Bitmap Index Scan",
                                "Parent Relationship": "Outer",
                                "Parallel Aware": false,
                                "Index Name": "keyword_id_movie_keyword",
                                "Startup Cost": 0.0,
                                "Total Cost": 148.46,
                                "Plan Rows": 6937,
                                "Plan Width": 0,
                                "Actual Startup Time": 2.896,
                                "Actual Total Time": 2.896,
                                "Actual Rows": 5916,
                                "Actual Loops": 1,
                                "Index Cond": "(keyword_id = 807)"
                              }
                            ]
                          },
                          {
                            "Node Type": "Index Only Scan",
                            "Parent Relationship": "Inner",
                            "Parallel Aware": false,
                            "Scan Direction": "Forward",
                            "Index Name": "title_pkey",
                            "Relation Name": "title",
                            "Alias": "t",
                            "Startup Cost": 0.43,
                            "Total Cost": 6.98,
                            "Plan Rows": 1,
                            "Plan Width": 4,
                            "Actual Startup Time": 0.007,
                            "Actual Total Time": 0.007,
                            "Actual Rows": 1,
                            "Actual Loops": 5916,
                            "Index Cond": "(id = mk.movie_id)",
                            "Rows Removed by Index Recheck": 0,
                            "Heap Fetches": 5916
                          }
                        ]
                      }
                    ]
                  }
                ]
              }
            ]
          }
        ]
      }
    ]
  },
  "Planning Time": 1.005,
  "Triggers": [],
  "Execution Time": 148.64
}