[
  {
    "Plan": {
      "Node Type": "Aggregate",
      "Strategy": "Plain",
      "Partial Mode": "Finalize",
      "Parallel Aware": false,
      "Startup Cost": 30732.22,
      "Total Cost": 30732.23,
      "Plan Rows": 1,
      "Plan Width": 8,
      "Actual Startup Time": 85.007,
      "Actual Total Time": 92.816,
      "Actual Rows": 1,
      "Actual Loops": 1,
      "Plans": [
        {
          "Node Type": "Gather",
          "Parent Relationship": "Outer",
          "Parallel Aware": false,
          "Startup Cost": 30731.9,
          "Total Cost": 30732.21,
          "Plan Rows": 3,
          "Plan Width": 8,
          "Actual Startup Time": 84.864,
          "Actual Total Time": 92.809,
          "Actual Rows": 4,
          "Actual Loops": 1,
          "Workers Planned": 3,
          "Workers Launched": 3,
          "Single Copy": false,
          "Plans": [
            {
              "Node Type": "Aggregate",
              "Strategy": "Plain",
              "Partial Mode": "Partial",
              "Parent Relationship": "Outer",
              "Parallel Aware": false,
              "Startup Cost": 29731.9,
              "Total Cost": 29731.91,
              "Plan Rows": 1,
              "Plan Width": 8,
              "Actual Startup Time": 78.162,
              "Actual Total Time": 78.164,
              "Actual Rows": 1,
              "Actual Loops": 4,
              "Plans": [
                {
                  "Node Type": "Seq Scan",
                  "Parent Relationship": "Outer",
                  "Parallel Aware": true,
                  "Relation Name": "movie_companies",
                  "Alias": "mc",
                  "Startup Cost": 0.0,
                  "Total Cost": 29310.68,
                  "Plan Rows": 168487,
                  "Plan Width": 0,
                  "Actual Startup Time": 40.221,
                  "Actual Total Time": 72.105,
                  "Actual Rows": 130036,
                  "Actual Loops": 4,
                  "Filter": "(company_id > 73324)",
                  "Rows Removed by Filter": 522246
                }
              ]
            }
          ]
        }
      ]
    },
    "Planning Time": 0.108,
    "Triggers": [],
    "Execution Time": 92.85
  }
]