[
  {
    "Plan": {
      "Node Type": "Aggregate",
      "Strategy": "Plain",
      "Partial Mode": "Finalize",
      "Parallel Aware": false,
      "Startup Cost": 30721.47,
      "Total Cost": 30721.48,
      "Plan Rows": 1,
      "Plan Width": 8,
      "Actual Startup Time": 82.928,
      "Actual Total Time": 91.141,
      "Actual Rows": 1,
      "Actual Loops": 1,
      "Plans": [
        {
          "Node Type": "Gather",
          "Parent Relationship": "Outer",
          "Parallel Aware": false,
          "Startup Cost": 30721.15,
          "Total Cost": 30721.46,
          "Plan Rows": 3,
          "Plan Width": 8,
          "Actual Startup Time": 82.821,
          "Actual Total Time": 91.134,
          "Actual Rows": 4,
          "Actual Loops": 1,
          "Workers Planned": 3,
          "Workers Launched": 3,
          "Single Copy": false,
          "Plans": [
            {
              "Node Type": "Aggregate",
              "Strategy": "Plain",
              "Partial Mode": "Partial",
              "Parent Relationship": "Outer",
              "Parallel Aware": false,
              "Startup Cost": 29721.15,
              "Total Cost": 29721.16,
              "Plan Rows": 1,
              "Plan Width": 8,
              "Actual Startup Time": 77.136,
              "Actual Total Time": 77.137,
              "Actual Rows": 1,
              "Actual Loops": 4,
              "Plans": [
                {
                  "Node Type": "Seq Scan",
                  "Parent Relationship": "Outer",
                  "Parallel Aware": true,
                  "Relation Name": "movie_companies",
                  "Alias": "mc",
                  "Startup Cost": 0.0,
                  "Total Cost": 29310.68,
                  "Plan Rows": 164187,
                  "Plan Width": 0,
                  "Actual Startup Time": 42.855,
                  "Actual Total Time": 71.764,
                  "Actual Rows": 130036,
                  "Actual Loops": 4,
                  "Filter": "(company_id > 73324)",
                  "Rows Removed by Filter": 522246
                }
              ]
            }
          ]
        }
      ]
    },
    "Planning Time": 0.188,
    "Triggers": [],
    "Execution Time": 91.197
  }
]