[
  {
    "Plan": {
      "Node Type": "Aggregate",
      "Strategy": "Plain",
      "Partial Mode": "Finalize",
      "Parallel Aware": false,
      "Startup Cost": 98538.27,
      "Total Cost": 98538.28,
      "Plan Rows": 1,
      "Plan Width": 8,
      "Actual Startup Time": 713.293,
      "Actual Total Time": 731.768,
      "Actual Rows": 1,
      "Actual Loops": 1,
      "Plans": [
        {
          "Node Type": "Gather",
          "Parent Relationship": "Outer",
          "Parallel Aware": false,
          "Startup Cost": 98538.05,
          "Total Cost": 98538.26,
          "Plan Rows": 2,
          "Plan Width": 8,
          "Actual Startup Time": 703.009,
          "Actual Total Time": 731.759,
          "Actual Rows": 3,
          "Actual Loops": 1,
          "Workers Planned": 2,
          "Workers Launched": 2,
          "Single Copy": false,
          "Plans": [
            {
              "Node Type": "Aggregate",
              "Strategy": "Plain",
              "Partial Mode": "Partial",
              "Parent Relationship": "Outer",
              "Parallel Aware": false,
              "Startup Cost": 97538.05,
              "Total Cost": 97538.06,
              "Plan Rows": 1,
              "Plan Width": 8,
              "Actual Startup Time": 699.356,
              "Actual Total Time": 699.965,
              "Actual Rows": 1,
              "Actual Loops": 3,
              "Plans": [
                {
                  "Node Type": "Hash Join",
                  "Parent Relationship": "Outer",
                  "Parallel Aware": true,
                  "Join Type": "Inner",
                  "Startup Cost": 80828.52,
                  "Total Cost": 97159.03,
                  "Plan Rows": 151608,
                  "Plan Width": 0,
                  "Actual Startup Time": 561.412,
                  "Actual Total Time": 686.144,
                  "Actual Rows": 299050,
                  "Actual Loops": 3,
                  "Inner Unique": false,
                  "Hash Cond": "(mi_idx.movie_id = t.id)",
                  "Plans": [
                    {
                      "Node Type": "Seq Scan",
                      "Parent Relationship": "Outer",
                      "Parallel Aware": true,
                      "Relation Name": "movie_info_idx",
                      "Alias": "mi_idx",
                      "Startup Cost": 0.0,
                      "Total Cost": 13685.15,
                      "Plan Rows": 575015,
                      "Plan Width": 4,
                      "Actual Startup Time": 0.013,
                      "Actual Total Time": 39.709,
                      "Actual Rows": 460012,
                      "Actual Loops": 3
                    },
                    {
                      "Node Type": "Hash",
                      "Parent Relationship": "Inner",
                      "Parallel Aware": true,
                      "Startup Cost": 78140.46,
                      "Total Cost": 78140.46,
                      "Plan Rows": 215045,
                      "Plan Width": 8,
                      "Actual Startup Time": 558.042,
                      "Actual Total Time": 558.649,
                      "Actual Rows": 169002,
                      "Actual Loops": 3,
                      "Hash Buckets": 1048576,
                      "Original Hash Buckets": 1048576,
                      "Hash Batches": 1,
                      "Original Hash Batches": 1,
                      "Peak Memory Usage": 28064,
                      "Plans": [
                        {
                          "Node Type": "Hash Join",
                          "Parent Relationship": "Outer",
                          "Parallel Aware": true,
                          "Join Type": "Inner",
                          "Startup Cost": 47636.2,
                          "Total Cost": 78140.46,
                          "Plan Rows": 215045,
                          "Plan Width": 8,
                          "Actual Startup Time": 277.351,
                          "Actual Total Time": 503.253,
                          "Actual Rows": 169002,
                          "Actual Loops": 3,
                          "Inner Unique": true,
                          "Hash Cond": "(mc.movie_id = t.id)",
                          "Plans": [
                            {
                              "Node Type": "Seq Scan",
                              "Parent Relationship": "Outer",
                              "Parallel Aware": true,
                              "Relation Name": "movie_companies",
                              "Alias": "mc",
                              "Startup Cost": 0.0,
                              "Total Cost": 29310.68,
                              "Plan Rows": 454697,
                              "Plan Width": 4,
                              "Actual Startup Time": 0.009,
                              "Actual Total Time": 91.813,
                              "Actual Rows": 472580,
                              "Actual Loops": 3,
                              "Filter": "(company_id < 12479)",
                              "Rows Removed by Filter": 397130
                            },
                            {
                              "Node Type": "Hash",
                              "Parent Relationship": "Inner",
                              "Parallel Aware": true,
                              "Startup Cost": 43899.32,
                              "Total Cost": 43899.32,
                              "Plan Rows": 298950,
                              "Plan Width": 4,
                              "Actual Startup Time": 272.227,
                              "Actual Total Time": 272.228,
                              "Actual Rows": 397506,
                              "Actual Loops": 3,
                              "Hash Buckets": 2097152,
                              "Original Hash Buckets": 2097152,
                              "Hash Batches": 1,
                              "Original Hash Batches": 1,
                              "Peak Memory Usage": 63104,
                              "Plans": [
                                {
                                  "Node Type": "Seq Scan",
                                  "Parent Relationship": "Outer",
                                  "Parallel Aware": true,
                                  "Relation Name": "title",
                                  "Alias": "t",
                                  "Startup Cost": 0.0,
                                  "Total Cost": 43899.32,
                                  "Plan Rows": 298950,
                                  "Plan Width": 4,
                                  "Actual Startup Time": 0.033,
                                  "Actual Total Time": 129.502,
                                  "Actual Rows": 397506,
                                  "Actual Loops": 3,
                                  "Filter": "(production_year > 2003)",
                                  "Rows Removed by Filter": 445265
                                }
                              ]
                            }
                          ]
                        }
                      ]
                    }
                  ]
                }
              ]
            }
          ]
        }
      ]
    },
    "Planning Time": 0.507,
    "Triggers": [],
    "Execution Time": 731.818
  }
]