[
  {
    "Plan": {
      "Node Type": "Aggregate",
      "Strategy": "Plain",
      "Partial Mode": "Finalize",
      "Parallel Aware": false,
      "Startup Cost": 32055.62,
      "Total Cost": 32055.63,
      "Plan Rows": 1,
      "Plan Width": 8,
      "Actual Startup Time": 103.08,
      "Actual Total Time": 111.09,
      "Actual Rows": 1,
      "Actual Loops": 1,
      "Plans": [
        {
          "Node Type": "Gather",
          "Parent Relationship": "Outer",
          "Parallel Aware": false,
          "Startup Cost": 32055.31,
          "Total Cost": 32055.62,
          "Plan Rows": 3,
          "Plan Width": 8,
          "Actual Startup Time": 102.924,
          "Actual Total Time": 111.079,
          "Actual Rows": 4,
          "Actual Loops": 1,
          "Workers Planned": 3,
          "Workers Launched": 3,
          "Single Copy": false,
          "Plans": [
            {
              "Node Type": "Aggregate",
              "Strategy": "Plain",
              "Partial Mode": "Partial",
              "Parent Relationship": "Outer",
              "Parallel Aware": false,
              "Startup Cost": 31055.31,
              "Total Cost": 31055.32,
              "Plan Rows": 1,
              "Plan Width": 8,
              "Actual Startup Time": 99.372,
              "Actual Total Time": 99.373,
              "Actual Rows": 1,
              "Actual Loops": 4,
              "Plans": [
                {
                  "Node Type": "Seq Scan",
                  "Parent Relationship": "Outer",
                  "Parallel Aware": true,
                  "Relation Name": "movie_companies",
                  "Alias": "mc",
                  "Startup Cost": 0.0,
                  "Total Cost": 29310.68,
                  "Plan Rows": 697850,
                  "Plan Width": 0,
                  "Actual Startup Time": 0.018,
                  "Actual Total Time": 75.682,
                  "Actual Rows": 541354,
                  "Actual Loops": 4,
                  "Filter": "(company_id < 77853)",
                  "Rows Removed by Filter": 110929
                }
              ]
            }
          ]
        }
      ]
    },
    "Planning Time": 0.095,
    "Triggers": [],
    "Execution Time": 111.12
  }
]