[
  {
    "Plan": {
      "Node Type": "Aggregate",
      "Strategy": "Plain",
      "Partial Mode": "Finalize",
      "Parallel Aware": false,
      "Startup Cost": 32063.74,
      "Total Cost": 32063.75,
      "Plan Rows": 1,
      "Plan Width": 8,
      "Actual Startup Time": 127.304,
      "Actual Total Time": 135.291,
      "Actual Rows": 1,
      "Actual Loops": 1,
      "Plans": [
        {
          "Node Type": "Gather",
          "Parent Relationship": "Outer",
          "Parallel Aware": false,
          "Startup Cost": 32063.43,
          "Total Cost": 32063.74,
          "Plan Rows": 3,
          "Plan Width": 8,
          "Actual Startup Time": 127.156,
          "Actual Total Time": 135.283,
          "Actual Rows": 4,
          "Actual Loops": 1,
          "Workers Planned": 3,
          "Workers Launched": 3,
          "Single Copy": false,
          "Plans": [
            {
              "Node Type": "Aggregate",
              "Strategy": "Plain",
              "Partial Mode": "Partial",
              "Parent Relationship": "Outer",
              "Parallel Aware": false,
              "Startup Cost": 31063.43,
              "Total Cost": 31063.44,
              "Plan Rows": 1,
              "Plan Width": 8,
              "Actual Startup Time": 119.134,
              "Actual Total Time": 119.135,
              "Actual Rows": 1,
              "Actual Loops": 4,
              "Plans": [
                {
                  "Node Type": "Seq Scan",
                  "Parent Relationship": "Outer",
                  "Parallel Aware": true,
                  "Relation Name": "movie_companies",
                  "Alias": "mc",
                  "Startup Cost": 0.0,
                  "Total Cost": 29310.68,
                  "Plan Rows": 701098,
                  "Plan Width": 0,
                  "Actual Startup Time": 0.06,
                  "Actual Total Time": 89.354,
                  "Actual Rows": 541354,
                  "Actual Loops": 4,
                  "Filter": "(company_id < 77853)",
                  "Rows Removed by Filter": 110929
                }
              ]
            }
          ]
        }
      ]
    },
    "Planning Time": 0.192,
    "Triggers": [],
    "Execution Time": 135.347
  }
]