[
  {
    "Plan": {
      "Node Type": "Aggregate",
      "Strategy": "Plain",
      "Partial Mode": "Finalize",
      "Parallel Aware": false,
      "Startup Cost": 46576.94,
      "Total Cost": 46576.95,
      "Plan Rows": 1,
      "Plan Width": 8,
      "Actual Startup Time": 188.529,
      "Actual Total Time": 199.659,
      "Actual Rows": 1,
      "Actual Loops": 1,
      "Plans": [
        {
          "Node Type": "Gather",
          "Parent Relationship": "Outer",
          "Parallel Aware": false,
          "Startup Cost": 46576.62,
          "Total Cost": 46576.93,
          "Plan Rows": 3,
          "Plan Width": 8,
          "Actual Startup Time": 188.398,
          "Actual Total Time": 199.651,
          "Actual Rows": 4,
          "Actual Loops": 1,
          "Workers Planned": 3,
          "Workers Launched": 3,
          "Single Copy": false,
          "Plans": [
            {
              "Node Type": "Aggregate",
              "Strategy": "Plain",
              "Partial Mode": "Partial",
              "Parent Relationship": "Outer",
              "Parallel Aware": false,
              "Startup Cost": 45576.62,
              "Total Cost": 45576.63,
              "Plan Rows": 1,
              "Plan Width": 8,
              "Actual Startup Time": 182.678,
              "Actual Total Time": 182.68,
              "Actual Rows": 1,
              "Actual Loops": 4,
              "Plans": [
                {
                  "Node Type": "Seq Scan",
                  "Parent Relationship": "Outer",
                  "Parallel Aware": true,
                  "Relation Name": "movie_keyword",
                  "Alias": "mk",
                  "Startup Cost": 0.0,
                  "Total Cost": 42695.65,
                  "Plan Rows": 1152386,
                  "Plan Width": 0,
                  "Actual Startup Time": 0.069,
                  "Actual Total Time": 136.825,
                  "Actual Rows": 891490,
                  "Actual Loops": 4,
                  "Filter": "(keyword_id > 895)",
                  "Rows Removed by Filter": 239492
                }
              ]
            }
          ]
        }
      ]
    },
    "Planning Time": 0.105,
    "Triggers": [],
    "Execution Time": 199.694
  }
]