[
  {
    "Plan": {
      "Node Type": "Aggregate",
      "Strategy": "Plain",
      "Partial Mode": "Finalize",
      "Parallel Aware": false,
      "Startup Cost": 33091.98,
      "Total Cost": 33091.99,
      "Plan Rows": 1,
      "Plan Width": 8,
      "Actual Startup Time": 95.131,
      "Actual Total Time": 102.953,
      "Actual Rows": 1,
      "Actual Loops": 1,
      "Plans": [
        {
          "Node Type": "Gather",
          "Parent Relationship": "Outer",
          "Parallel Aware": false,
          "Startup Cost": 33091.66,
          "Total Cost": 33091.97,
          "Plan Rows": 3,
          "Plan Width": 8,
          "Actual Startup Time": 94.985,
          "Actual Total Time": 102.943,
          "Actual Rows": 4,
          "Actual Loops": 1,
          "Workers Planned": 3,
          "Workers Launched": 3,
          "Single Copy": false,
          "Plans": [
            {
              "Node Type": "Aggregate",
              "Strategy": "Plain",
              "Partial Mode": "Partial",
              "Parent Relationship": "Outer",
              "Parallel Aware": false,
              "Startup Cost": 32091.66,
              "Total Cost": 32091.67,
              "Plan Rows": 1,
              "Plan Width": 8,
              "Actual Startup Time": 87.634,
              "Actual Total Time": 87.636,
              "Actual Rows": 1,
              "Actual Loops": 4,
              "Plans": [
                {
                  "Node Type": "Seq Scan",
                  "Parent Relationship": "Outer",
                  "Parallel Aware": true,
                  "Relation Name": "movie_companies",
                  "Alias": "mc",
                  "Startup Cost": 0.0,
                  "Total Cost": 31414.82,
                  "Plan Rows": 270737,
                  "Plan Width": 0,
                  "Actual Startup Time": 47.052,
                  "Actual Total Time": 81.435,
                  "Actual Rows": 133263,
                  "Actual Loops": 4,
                  "Filter": "((company_id < 18261) AND (company_type_id > 1))",
                  "Rows Removed by Filter": 519020
                }
              ]
            }
          ]
        }
      ]
    },
    "Planning Time": 0.13,
    "Triggers": [],
    "Execution Time": 102.994
  }
]