[
  {
    "Plan": {
      "Node Type": "Aggregate",
      "Strategy": "Plain",
      "Partial Mode": "Finalize",
      "Parallel Aware": false,
      "Startup Cost": 33387.81,
      "Total Cost": 33387.82,
      "Plan Rows": 1,
      "Plan Width": 8,
      "Actual Startup Time": 106.457,
      "Actual Total Time": 112.684,
      "Actual Rows": 1,
      "Actual Loops": 1,
      "Plans": [
        {
          "Node Type": "Gather",
          "Parent Relationship": "Outer",
          "Parallel Aware": false,
          "Startup Cost": 33387.5,
          "Total Cost": 33387.81,
          "Plan Rows": 3,
          "Plan Width": 8,
          "Actual Startup Time": 106.266,
          "Actual Total Time": 112.677,
          "Actual Rows": 4,
          "Actual Loops": 1,
          "Workers Planned": 3,
          "Workers Launched": 3,
          "Single Copy": false,
          "Plans": [
            {
              "Node Type": "Aggregate",
              "Strategy": "Plain",
              "Partial Mode": "Partial",
              "Parent Relationship": "Outer",
              "Parallel Aware": false,
              "Startup Cost": 32387.5,
              "Total Cost": 32387.51,
              "Plan Rows": 1,
              "Plan Width": 8,
              "Actual Startup Time": 99.422,
              "Actual Total Time": 99.423,
              "Actual Rows": 1,
              "Actual Loops": 4,
              "Plans": [
                {
                  "Node Type": "Seq Scan",
                  "Parent Relationship": "Outer",
                  "Parallel Aware": true,
                  "Relation Name": "movie_companies",
                  "Alias": "mc",
                  "Startup Cost": 0.0,
                  "Total Cost": 31414.82,
                  "Plan Rows": 389071,
                  "Plan Width": 0,
                  "Actual Startup Time": 0.045,
                  "Actual Total Time": 82.78,
                  "Actual Rows": 287537,
                  "Actual Loops": 4,
                  "Filter": "((company_id > 27) AND (company_type_id < 2))",
                  "Rows Removed by Filter": 364746
                }
              ]
            }
          ]
        }
      ]
    },
    "Planning Time": 0.249,
    "Triggers": [],
    "Execution Time": 112.731
  }
]