[
  {
    "Plan": {
      "Node Type": "Aggregate",
      "Strategy": "Plain",
      "Partial Mode": "Finalize",
      "Parallel Aware": false,
      "Startup Cost": 385135.78,
      "Total Cost": 385135.79,
      "Plan Rows": 1,
      "Plan Width": 8,
      "Actual Startup Time": 1439.819,
      "Actual Total Time": 1493.242,
      "Actual Rows": 1,
      "Actual Loops": 1,
      "Plans": [
        {
          "Node Type": "Gather",
          "Parent Relationship": "Outer",
          "Parallel Aware": false,
          "Startup Cost": 385135.15,
          "Total Cost": 385135.76,
          "Plan Rows": 6,
          "Plan Width": 8,
          "Actual Startup Time": 1428.457,
          "Actual Total Time": 1493.227,
          "Actual Rows": 7,
          "Actual Loops": 1,
          "Workers Planned": 6,
          "Workers Launched": 6,
          "Single Copy": false,
          "Plans": [
            {
              "Node Type": "Aggregate",
              "Strategy": "Plain",
              "Partial Mode": "Partial",
              "Parent Relationship": "Outer",
              "Parallel Aware": false,
              "Startup Cost": 384135.15,
              "Total Cost": 384135.16,
              "Plan Rows": 1,
              "Plan Width": 8,
              "Actual Startup Time": 1414.13,
              "Actual Total Time": 1414.133,
              "Actual Rows": 1,
              "Actual Loops": 7,
              "Plans": [
                {
                  "Node Type": "Hash Join",
                  "Parent Relationship": "Outer",
                  "Parallel Aware": true,
                  "Join Type": "Inner",
                  "Startup Cost": 49326.62,
                  "Total Cost": 381526.19,
                  "Plan Rows": 1043585,
                  "Plan Width": 0,
                  "Actual Startup Time": 532.312,
                  "Actual Total Time": 1360.942,
                  "Actual Rows": 1006549,
                  "Actual Loops": 7,
                  "Inner Unique": true,
                  "Hash Cond": "(ci.movie_id = t.id)",
                  "Plans": [
                    {
                      "Node Type": "Seq Scan",
                      "Parent Relationship": "Outer",
                      "Parallel Aware": true,
                      "Relation Name": "cast_info",
                      "Alias": "ci",
                      "Startup Cost": 0.0,
                      "Total Cost": 328211.39,
                      "Plan Rows": 1519302,
                      "Plan Width": 4,
                      "Actual Startup Time": 310.412,
                      "Actual Total Time": 594.987,
                      "Actual Rows": 1285769,
                      "Actual Loops": 7,
                      "Filter": "(person_id > 2796520)",
                      "Rows Removed by Filter": 3891994
                    },
                    {
                      "Node Type": "Hash",
                      "Parent Relationship": "Inner",
                      "Parallel Aware": true,
                      "Startup Cost": 43899.32,
                      "Total Cost": 43899.32,
                      "Plan Rows": 434184,
                      "Plan Width": 4,
                      "Actual Startup Time": 217.019,
                      "Actual Total Time": 217.02,
                      "Actual Rows": 246462,
                      "Actual Loops": 7,
                      "Hash Buckets": 2097152,
                      "Original Hash Buckets": 2097152,
                      "Hash Batches": 1,
                      "Original Hash Batches": 1,
                      "Peak Memory Usage": 84000,
                      "Plans": [
                        {
                          "Node Type": "Seq Scan",
                          "Parent Relationship": "Outer",
                          "Parallel Aware": true,
                          "Relation Name": "title",
                          "Alias": "t",
                          "Startup Cost": 0.0,
                          "Total Cost": 43899.32,
                          "Plan Rows": 434184,
                          "Plan Width": 4,
                          "Actual Startup Time": 0.045,
                          "Actual Total Time": 87.15,
                          "Actual Rows": 246462,
                          "Actual Loops": 7,
                          "Filter": "(production_year > 1991)",
                          "Rows Removed by Filter": 114726
                        }
                      ]
                    }
                  ]
                }
              ]
            }
          ]
        }
      ]
    },
    "Planning Time": 0.559,
    "Triggers": [],
    "Execution Time": 1493.323
  }
]