[
  {
    "Plan": {
      "Node Type": "Aggregate",
      "Strategy": "Plain",
      "Partial Mode": "Simple",
      "Parallel Aware": false,
      "Startup Cost": 106713.03,
      "Total Cost": 106713.04,
      "Plan Rows": 1,
      "Plan Width": 8,
      "Actual Startup Time": 152.92,
      "Actual Total Time": 152.923,
      "Actual Rows": 1,
      "Actual Loops": 1,
      "Plans": [
        {
          "Node Type": "Bitmap Heap Scan",
          "Parent Relationship": "Outer",
          "Parallel Aware": false,
          "Relation Name": "cast_info",
          "Alias": "ci",
          "Startup Cost": 78580.7,
          "Total Cost": 106692.5,
          "Plan Rows": 8212,
          "Plan Width": 0,
          "Actual Startup Time": 152.175,
          "Actual Total Time": 152.788,
          "Actual Rows": 3385,
          "Actual Loops": 1,
          "Recheck Cond": "((person_id < 8396) AND (role_id = 10))",
          "Rows Removed by Index Recheck": 0,
          "Exact Heap Blocks": 135,
          "Lossy Heap Blocks": 0,
          "Plans": [
            {
              "Node Type": "BitmapAnd",
              "Parent Relationship": "Outer",
              "Parallel Aware": false,
              "Startup Cost": 78580.7,
              "Total Cost": 78580.7,
              "Plan Rows": 8212,
              "Plan Width": 0,
              "Actual Startup Time": 152.15,
              "Actual Total Time": 152.152,
              "Actual Rows": 0,
              "Actual Loops": 1,
              "Plans": [
                {
                  "Node Type": "Bitmap Index Scan",
                  "Parent Relationship": "Member",
                  "Parallel Aware": false,
                  "Index Name": "person_id_cast_info",
                  "Startup Cost": 0.0,
                  "Total Cost": 1504.38,
                  "Plan Rows": 68775,
                  "Plan Width": 0,
                  "Actual Startup Time": 6.464,
                  "Actual Total Time": 6.465,
                  "Actual Rows": 72287,
                  "Actual Loops": 1,
                  "Index Cond": "(person_id < 8396)"
                },
                {
                  "Node Type": "Bitmap Index Scan",
                  "Parent Relationship": "Member",
                  "Parallel Aware": false,
                  "Index Name": "role_id_cast_info",
                  "Startup Cost": 0.0,
                  "Total Cost": 77071.97,
                  "Plan Rows": 4328454,
                  "Plan Width": 0,
                  "Actual Startup Time": 145.614,
                  "Actual Total Time": 145.614,
                  "Actual Rows": 4323018,
                  "Actual Loops": 1,
                  "Index Cond": "(role_id = 10)"
                }
              ]
            }
          ]
        }
      ]
    },
    "Planning Time": 0.264,
    "Triggers": [],
    "Execution Time": 152.986
  }
]