{
  "Plan": {
    "Node Type": "Aggregate",
    "Strategy": "Plain",
    "Partial Mode": "Finalize",
    "Parallel Aware": false,
    "Startup Cost": 901057.75,
    "Total Cost": 901057.76,
    "Plan Rows": 1,
    "Plan Width": 8,
    "Actual Startup Time": 9811.102,
    "Actual Total Time": 9877.869,
    "Actual Rows": 1,
    "Actual Loops": 1,
    "Plans": [
      {
        "Node Type": "Gather",
        "Parent Relationship": "Outer",
        "Parallel Aware": false,
        "Startup Cost": 901057.64,
        "Total Cost": 901057.75,
        "Plan Rows": 1,
        "Plan Width": 8,
        "Actual Startup Time": 9803.97,
        "Actual Total Time": 9877.861,
        "Actual Rows": 2,
        "Actual Loops": 1,
        "Workers Planned": 1,
        "Workers Launched": 1,
        "Single Copy": false,
        "Plans": [
          {
            "Node Type": "Aggregate",
            "Strategy": "Plain",
            "Partial Mode": "Partial",
            "Parent Relationship": "Outer",
            "Parallel Aware": false,
            "Startup Cost": 900057.64,
            "Total Cost": 900057.65,
            "Plan Rows": 1,
            "Plan Width": 8,
            "Actual Startup Time": 9790.641,
            "Actual Total Time": 9790.647,
            "Actual Rows": 1,
            "Actual Loops": 2,
            "Plans": [
              {
                "Node Type": "Hash Join",
                "Parent Relationship": "Outer",
                "Parallel Aware": true,
                "Join Type": "Inner",
                "Startup Cost": 534274.87,
                "Total Cost": 878182.61,
                "Plan Rows": 8750010,
                "Plan Width": 0,
                "Actual Startup Time": 2375.886,
                "Actual Total Time": 8420.729,
                "Actual Rows": 35572095,
                "Actual Loops": 2,
                "Inner Unique": false,
                "Hash Cond": "(mi.movie_id = t.id)",
                "Plans": [
                  {
                    "Node Type": "Seq Scan",
                    "Parent Relationship": "Outer",
                    "Parallel Aware": true,
                    "Relation Name": "movie_info",
                    "Alias": "mi",
                    "Startup Cost": 0.0,
                    "Total Cost": 248955.74,
                    "Plan Rows": 8696274,
                    "Plan Width": 4,
                    "Actual Startup Time": 0.017,
                    "Actual Total Time": 650.659,
                    "Actual Rows": 7417860,
                    "Actual Loops": 2
                  },
                  {
                    "Node Type": "Hash",
                    "Parent Relationship": "Inner",
                    "Parallel Aware": true,
                    "Startup Cost": 515569.6,
                    "Total Cost": 515569.6,
                    "Plan Rows": 1496421,
                    "Plan Width": 8,
                    "Actual Startup Time": 2351.381,
                    "Actual Total Time": 2351.384,
                    "Actual Rows": 1407072,
                    "Actual Loops": 2,
                    "Hash Buckets": 4194304,
                    "Original Hash Buckets": 4194304,
                    "Hash Batches": 1,
                    "Original Hash Batches": 1,
                    "Peak Memory Usage": 142880,
                    "Plans": [
                      {
                        "Node Type": "Hash Join",
                        "Parent Relationship": "Outer",
                        "Parallel Aware": true,
                        "Join Type": "Inner",
                        "Startup Cost": 205164.02,
                        "Total Cost": 515569.6,
                        "Plan Rows": 1496421,
                        "Plan Width": 8,
                        "Actual Startup Time": 600.237,
                        "Actual Total Time": 1929.557,
                        "Actual Rows": 1407072,
                        "Actual Loops": 2,
                        "Inner Unique": true,
                        "Hash Cond": "(ci.movie_id = t.id)",
                        "Plans": [
                          {
                            "Node Type": "Bitmap Heap Scan",
                            "Parent Relationship": "Outer",
                            "Parallel Aware": true,
                            "Relation Name": "cast_info",
                            "Alias": "ci",
                            "Startup Cost": 143285.72,
                            "Total Cost": 443674.01,
                            "Plan Rows": 3816103,
                            "Plan Width": 4,
                            "Actual Startup Time": 340.96,
                            "Actual Total Time": 678.947,
                            "Actual Rows": 3344900,
                            "Actual Loops": 2,
                            "Recheck Cond": "(person_id < 646137)",
                            "Rows Removed by Index Recheck": 0,
                            "Exact Heap Blocks": 36469,
                            "Lossy Heap Blocks": 0,
                            "Plans": [
                              {
                                "Node Type": "Bitmap Index Scan",
                                "Parent Relationship": "Outer",
                                "Parallel Aware": false,
                                "Index Name": "person_id_cast_info",
                                "Startup Cost": 0.0,
                                "Total Cost": 141663.88,
                                "Plan Rows": 6487375,
                                "Plan Width": 0,
                                "Actual Startup Time": 328.784,
                                "Actual Total Time": 328.784,
                                "Actual Rows": 6689799,
                                "Actual Loops": 1,
                                "Index Cond": "(person_id < 646137)"
                              }
                            ]
                          },
                          {
                            "Node Type": "Hash",
                            "Parent Relationship": "Inner",
                            "Parallel Aware": true,
                            "Startup Cost": 54588.39,
                            "Total Cost": 54588.39,
                            "Plan Rows": 583193,
                            "Plan Width": 4,
                            "Actual Startup Time": 255.97,
                            "Actual Total Time": 255.971,
                            "Actual Rows": 492524,
                            "Actual Loops": 2,
                            "Hash Buckets": 1048576,
                            "Original Hash Buckets": 1048576,
                            "Hash Batches": 1,
                            "Original Hash Batches": 1,
                            "Peak Memory Usage": 46752,
                            "Plans": [
                              {
                                "Node Type": "Seq Scan",
                                "Parent Relationship": "Outer",
                                "Parallel Aware": true,
                                "Relation Name": "title",
                                "Alias": "t",
                                "Startup Cost": 0.0,
                                "Total Cost": 54588.39,
                                "Plan Rows": 583193,
                                "Plan Width": 4,
                                "Actual Startup Time": 0.032,
                                "Actual Total Time": 147.024,
                                "Actual Rows": 492524,
                                "Actual Loops": 2,
                                "Filter": "(kind_id < 7)",
                                "Rows Removed by Filter": 771632
                              }
                            ]
                          }
                        ]
                      }
                    ]
                  }
                ]
              }
            ]
          }
        ]
      }
    ]
  },
  "Planning Time": 0.909,
  "Triggers": [],
  "Execution Time": 9877.978
}