[
  {
    "Plan": {
      "Node Type": "Aggregate",
      "Strategy": "Plain",
      "Partial Mode": "Finalize",
      "Parallel Aware": false,
      "Startup Cost": 46823.3,
      "Total Cost": 46823.31,
      "Plan Rows": 1,
      "Plan Width": 8,
      "Actual Startup Time": 184.222,
      "Actual Total Time": 193.954,
      "Actual Rows": 1,
      "Actual Loops": 1,
      "Plans": [
        {
          "Node Type": "Gather",
          "Parent Relationship": "Outer",
          "Parallel Aware": false,
          "Startup Cost": 46822.98,
          "Total Cost": 46823.29,
          "Plan Rows": 3,
          "Plan Width": 8,
          "Actual Startup Time": 184.147,
          "Actual Total Time": 193.945,
          "Actual Rows": 4,
          "Actual Loops": 1,
          "Workers Planned": 3,
          "Workers Launched": 3,
          "Single Copy": false,
          "Plans": [
            {
              "Node Type": "Aggregate",
              "Strategy": "Plain",
              "Partial Mode": "Partial",
              "Parent Relationship": "Outer",
              "Parallel Aware": false,
              "Startup Cost": 45822.98,
              "Total Cost": 45822.99,
              "Plan Rows": 1,
              "Plan Width": 8,
              "Actual Startup Time": 176.963,
              "Actual Total Time": 176.964,
              "Actual Rows": 1,
              "Actual Loops": 4,
              "Plans": [
                {
                  "Node Type": "Seq Scan",
                  "Parent Relationship": "Outer",
                  "Parallel Aware": true,
                  "Relation Name": "movie_keyword",
                  "Alias": "mk",
                  "Startup Cost": 0.0,
                  "Total Cost": 42695.65,
                  "Plan Rows": 1250931,
                  "Plan Width": 0,
                  "Actual Startup Time": 0.098,
                  "Actual Total Time": 131.139,
                  "Actual Rows": 967164,
                  "Actual Loops": 4,
                  "Filter": "(keyword_id > 502)",
                  "Rows Removed by Filter": 163818
                }
              ]
            }
          ]
        }
      ]
    },
    "Planning Time": 0.24,
    "Triggers": [],
    "Execution Time": 194.01
  }
]