[
  {
    "Plan": {
      "Node Type": "Aggregate",
      "Strategy": "Plain",
      "Partial Mode": "Finalize",
      "Parallel Aware": false,
      "Startup Cost": 213729.38,
      "Total Cost": 213729.39,
      "Plan Rows": 1,
      "Plan Width": 8,
      "Actual Startup Time": 168.504,
      "Actual Total Time": 197.927,
      "Actual Rows": 1,
      "Actual Loops": 1,
      "Plans": [
        {
          "Node Type": "Gather",
          "Parent Relationship": "Outer",
          "Parallel Aware": false,
          "Startup Cost": 213728.96,
          "Total Cost": 213729.37,
          "Plan Rows": 4,
          "Plan Width": 8,
          "Actual Startup Time": 168.372,
          "Actual Total Time": 197.919,
          "Actual Rows": 5,
          "Actual Loops": 1,
          "Workers Planned": 4,
          "Workers Launched": 4,
          "Single Copy": false,
          "Plans": [
            {
              "Node Type": "Aggregate",
              "Strategy": "Plain",
              "Partial Mode": "Partial",
              "Parent Relationship": "Outer",
              "Parallel Aware": false,
              "Startup Cost": 212728.96,
              "Total Cost": 212728.97,
              "Plan Rows": 1,
              "Plan Width": 8,
              "Actual Startup Time": 158.646,
              "Actual Total Time": 158.647,
              "Actual Rows": 1,
              "Actual Loops": 5,
              "Plans": [
                {
                  "Node Type": "Nested Loop",
                  "Parent Relationship": "Outer",
                  "Parallel Aware": false,
                  "Join Type": "Inner",
                  "Startup Cost": 0.56,
                  "Total Cost": 212686.49,
                  "Plan Rows": 16988,
                  "Plan Width": 0,
                  "Actual Startup Time": 1.105,
                  "Actual Total Time": 157.445,
                  "Actual Rows": 13638,
                  "Actual Loops": 5,
                  "Inner Unique": false,
                  "Plans": [
                    {
                      "Node Type": "Seq Scan",
                      "Parent Relationship": "Outer",
                      "Parallel Aware": true,
                      "Relation Name": "title",
                      "Alias": "t",
                      "Startup Cost": 0.0,
                      "Total Cost": 45479.1,
                      "Plan Rows": 1562,
                      "Plan Width": 4,
                      "Actual Startup Time": 0.891,
                      "Actual Total Time": 72.899,
                      "Actual Rows": 1219,
                      "Actual Loops": 5,
                      "Filter": "((kind_id < 7) AND (production_year = 1977))",
                      "Rows Removed by Filter": 504444
                    },
                    {
                      "Node Type": "Index Scan",
                      "Parent Relationship": "Inner",
                      "Parallel Aware": false,
                      "Scan Direction": "Forward",
                      "Index Name": "movie_id_cast_info",
                      "Relation Name": "cast_info",
                      "Alias": "ci",
                      "Startup Cost": 0.56,
                      "Total Cost": 106.77,
                      "Plan Rows": 28,
                      "Plan Width": 4,
                      "Actual Startup Time": 0.025,
                      "Actual Total Time": 0.068,
                      "Actual Rows": 11,
                      "Actual Loops": 6093,
                      "Index Cond": "(movie_id = t.id)",
                      "Rows Removed by Index Recheck": 0,
                      "Filter": "(person_id > 871625)",
                      "Rows Removed by Filter": 5
                    }
                  ]
                }
              ]
            }
          ]
        }
      ]
    },
    "Planning Time": 0.672,
    "Triggers": [],
    "Execution Time": 198.008
  }
]