[
  {
    "Plan": {
      "Node Type": "Aggregate",
      "Strategy": "Plain",
      "Partial Mode": "Finalize",
      "Parallel Aware": false,
      "Startup Cost": 32623.2,
      "Total Cost": 32623.21,
      "Plan Rows": 1,
      "Plan Width": 8,
      "Actual Startup Time": 95.168,
      "Actual Total Time": 101.416,
      "Actual Rows": 1,
      "Actual Loops": 1,
      "Plans": [
        {
          "Node Type": "Gather",
          "Parent Relationship": "Outer",
          "Parallel Aware": false,
          "Startup Cost": 32622.88,
          "Total Cost": 32623.19,
          "Plan Rows": 3,
          "Plan Width": 8,
          "Actual Startup Time": 95.03,
          "Actual Total Time": 101.407,
          "Actual Rows": 4,
          "Actual Loops": 1,
          "Workers Planned": 3,
          "Workers Launched": 3,
          "Single Copy": false,
          "Plans": [
            {
              "Node Type": "Aggregate",
              "Strategy": "Plain",
              "Partial Mode": "Partial",
              "Parent Relationship": "Outer",
              "Parallel Aware": false,
              "Startup Cost": 31622.88,
              "Total Cost": 31622.89,
              "Plan Rows": 1,
              "Plan Width": 8,
              "Actual Startup Time": 91.267,
              "Actual Total Time": 91.268,
              "Actual Rows": 1,
              "Actual Loops": 4,
              "Plans": [
                {
                  "Node Type": "Seq Scan",
                  "Parent Relationship": "Outer",
                  "Parallel Aware": true,
                  "Relation Name": "movie_companies",
                  "Alias": "mc",
                  "Startup Cost": 0.0,
                  "Total Cost": 31414.82,
                  "Plan Rows": 83225,
                  "Plan Width": 0,
                  "Actual Startup Time": 42.171,
                  "Actual Total Time": 83.456,
                  "Actual Rows": 125650,
                  "Actual Loops": 4,
                  "Filter": "((company_id > 74118) AND (company_type_id = 2))",
                  "Rows Removed by Filter": 526632
                }
              ]
            }
          ]
        }
      ]
    },
    "Planning Time": 0.125,
    "Triggers": [],
    "Execution Time": 101.45
  }
]