[
  {
    "Plan": {
      "Node Type": "Aggregate",
      "Strategy": "Plain",
      "Partial Mode": "Finalize",
      "Parallel Aware": false,
      "Startup Cost": 226325.89,
      "Total Cost": 226325.9,
      "Plan Rows": 1,
      "Plan Width": 8,
      "Actual Startup Time": 275.757,
      "Actual Total Time": 330.958,
      "Actual Rows": 1,
      "Actual Loops": 1,
      "Plans": [
        {
          "Node Type": "Gather",
          "Parent Relationship": "Outer",
          "Parallel Aware": false,
          "Startup Cost": 226325.47,
          "Total Cost": 226325.88,
          "Plan Rows": 4,
          "Plan Width": 8,
          "Actual Startup Time": 275.63,
          "Actual Total Time": 330.949,
          "Actual Rows": 5,
          "Actual Loops": 1,
          "Workers Planned": 4,
          "Workers Launched": 4,
          "Single Copy": false,
          "Plans": [
            {
              "Node Type": "Aggregate",
              "Strategy": "Plain",
              "Partial Mode": "Partial",
              "Parent Relationship": "Outer",
              "Parallel Aware": false,
              "Startup Cost": 225325.47,
              "Total Cost": 225325.48,
              "Plan Rows": 1,
              "Plan Width": 8,
              "Actual Startup Time": 264.827,
              "Actual Total Time": 264.829,
              "Actual Rows": 1,
              "Actual Loops": 5,
              "Plans": [
                {
                  "Node Type": "Nested Loop",
                  "Parent Relationship": "Outer",
                  "Parallel Aware": false,
                  "Join Type": "Inner",
                  "Startup Cost": 1.0,
                  "Total Cost": 225213.75,
                  "Plan Rows": 44686,
                  "Plan Width": 0,
                  "Actual Startup Time": 2.441,
                  "Actual Total Time": 260.053,
                  "Actual Rows": 88429,
                  "Actual Loops": 5,
                  "Inner Unique": false,
                  "Join Filter": "(t.id = ci.movie_id)",
                  "Rows Removed by Join Filter": 0,
                  "Plans": [
                    {
                      "Node Type": "Nested Loop",
                      "Parent Relationship": "Outer",
                      "Parallel Aware": false,
                      "Join Type": "Inner",
                      "Startup Cost": 0.43,
                      "Total Cost": 218390.34,
                      "Plan Rows": 3118,
                      "Plan Width": 8,
                      "Actual Startup Time": 2.194,
                      "Actual Total Time": 127.466,
                      "Actual Rows": 2076,
                      "Actual Loops": 5,
                      "Inner Unique": false,
                      "Plans": [
                        {
                          "Node Type": "Seq Scan",
                          "Parent Relationship": "Outer",
                          "Parallel Aware": true,
                          "Relation Name": "title",
                          "Alias": "t",
                          "Startup Cost": 0.0,
                          "Total Cost": 45479.1,
                          "Plan Rows": 2644,
                          "Plan Width": 4,
                          "Actual Startup Time": 0.861,
                          "Actual Total Time": 67.411,
                          "Actual Rows": 2039,
                          "Actual Loops": 5,
                          "Filter": "((kind_id < 7) AND (production_year = 1992))",
                          "Rows Removed by Filter": 503623
                        },
                        {
                          "Node Type": "Index Scan",
                          "Parent Relationship": "Inner",
                          "Parallel Aware": false,
                          "Scan Direction": "Forward",
                          "Index Name": "movie_id_movie_info",
                          "Relation Name": "movie_info",
                          "Alias": "mi",
                          "Startup Cost": 0.43,
                          "Total Cost": 65.32,
                          "Plan Rows": 8,
                          "Plan Width": 4,
                          "Actual Startup Time": 0.021,
                          "Actual Total Time": 0.029,
                          "Actual Rows": 1,
                          "Actual Loops": 10197,
                          "Index Cond": "(movie_id = t.id)",
                          "Rows Removed by Index Recheck": 0,
                          "Filter": "(info_type_id = 16)",
                          "Rows Removed by Filter": 9
                        }
                      ]
                    },
                    {
                      "Node Type": "Index Only Scan",
                      "Parent Relationship": "Inner",
                      "Parallel Aware": false,
                      "Scan Direction": "Forward",
                      "Index Name": "movie_id_cast_info",
                      "Relation Name": "cast_info",
                      "Alias": "ci",
                      "Startup Cost": 0.56,
                      "Total Cost": 1.73,
                      "Plan Rows": 37,
                      "Plan Width": 4,
                      "Actual Startup Time": 0.009,
                      "Actual Total Time": 0.059,
                      "Actual Rows": 43,
                      "Actual Loops": 10378,
                      "Index Cond": "(movie_id = mi.movie_id)",
                      "Rows Removed by Index Recheck": 0,
                      "Heap Fetches": 442143
                    }
                  ]
                }
              ]
            }
          ]
        }
      ]
    },
    "Planning Time": 1.364,
    "Triggers": [],
    "Execution Time": 331.063
  }
]