[
    {
        "Bao": {
            "Bao prediction": "NaN",
            "Bao recommended hint": "(no hint)"
        }
    },
    {
        "Plan": {
            "Node Type": "Aggregate",
            "Strategy": "Plain",
            "Partial Mode": "Finalize",
            "Parallel Aware": false,
            "Startup Cost": 29542.5,
            "Total Cost": 29542.51,
            "Plan Rows": 1,
            "Plan Width": 8,
            "Actual Startup Time": 94.407,
            "Actual Total Time": 99.283,
            "Actual Rows": 1,
            "Actual Loops": 1,
            "Output": [
                "count(*)"
            ],
            "Plans": [
                {
                    "Node Type": "Gather",
                    "Parent Relationship": "Outer",
                    "Parallel Aware": false,
                    "Startup Cost": 29542.18,
                    "Total Cost": 29542.49,
                    "Plan Rows": 3,
                    "Plan Width": 8,
                    "Actual Startup Time": 94.147,
                    "Actual Total Time": 99.275,
                    "Actual Rows": 4,
                    "Actual Loops": 1,
                    "Output": [
                        "(PARTIAL count(*))"
                    ],
                    "Workers Planned": 3,
                    "Workers Launched": 3,
                    "Single Copy": false,
                    "Plans": [
                        {
                            "Node Type": "Aggregate",
                            "Strategy": "Plain",
                            "Partial Mode": "Partial",
                            "Parent Relationship": "Outer",
                            "Parallel Aware": false,
                            "Startup Cost": 28542.18,
                            "Total Cost": 28542.19,
                            "Plan Rows": 1,
                            "Plan Width": 8,
                            "Actual Startup Time": 85.351,
                            "Actual Total Time": 85.352,
                            "Actual Rows": 1,
                            "Actual Loops": 4,
                            "Output": [
                                "PARTIAL count(*)"
                            ],
                            "Workers": [
                                {
                                    "Worker Number": 0,
                                    "Actual Startup Time": 82.321,
                                    "Actual Total Time": 82.323,
                                    "Actual Rows": 1,
                                    "Actual Loops": 1
                                },
                                {
                                    "Worker Number": 1,
                                    "Actual Startup Time": 82.612,
                                    "Actual Total Time": 82.614,
                                    "Actual Rows": 1,
                                    "Actual Loops": 1
                                },
                                {
                                    "Worker Number": 2,
                                    "Actual Startup Time": 82.824,
                                    "Actual Total Time": 82.826,
                                    "Actual Rows": 1,
                                    "Actual Loops": 1
                                }
                            ],
                            "Plans": [
                                {
                                    "Node Type": "Bitmap Heap Scan",
                                    "Parent Relationship": "Outer",
                                    "Parallel Aware": true,
                                    "Relation Name": "movie_companies",
                                    "Schema": "public",
                                    "Alias": "mc",
                                    "Startup Cost": 7971.88,
                                    "Total Cost": 28245.46,
                                    "Plan Rows": 118687,
                                    "Plan Width": 0,
                                    "Actual Startup Time": 30.867,
                                    "Actual Total Time": 79.095,
                                    "Actual Rows": 90456,
                                    "Actual Loops": 4,
                                    "Recheck Cond": "(mc.company_id < 184)",
                                    "Rows Removed by Index Recheck": 0,
                                    "Exact Heap Blocks": 9557,
                                    "Lossy Heap Blocks": 0,
                                    "Workers": [
                                        {
                                            "Worker Number": 0,
                                            "Actual Startup Time": 28.007,
                                            "Actual Total Time": 76.73,
                                            "Actual Rows": 45833,
                                            "Actual Loops": 1
                                        },
                                        {
                                            "Worker Number": 1,
                                            "Actual Startup Time": 28.185,
                                            "Actual Total Time": 77.151,
                                            "Actual Rows": 54004,
                                            "Actual Loops": 1
                                        },
                                        {
                                            "Worker Number": 2,
                                            "Actual Startup Time": 28.543,
                                            "Actual Total Time": 77.287,
                                            "Actual Rows": 52237,
                                            "Actual Loops": 1
                                        }
                                    ],
                                    "Plans": [
                                        {
                                            "Node Type": "Bitmap Index Scan",
                                            "Parent Relationship": "Outer",
                                            "Parallel Aware": false,
                                            "Index Name": "company_id_movie_companies",
                                            "Startup Cost": 0.0,
                                            "Total Cost": 7879.9,
                                            "Plan Rows": 367929,
                                            "Plan Width": 0,
                                            "Actual Startup Time": 34.874,
                                            "Actual Total Time": 34.874,
                                            "Actual Rows": 361826,
                                            "Actual Loops": 1,
                                            "Index Cond": "(mc.company_id < 184)"
                                        }
                                    ]
                                }
                            ]
                        }
                    ]
                }
            ]
        },
        "Planning Time": 227.152,
        "Triggers": [],
        "Execution Time": 99.363
    }
]