[
  {
    "Plan": {
      "Node Type": "Aggregate",
      "Strategy": "Plain",
      "Partial Mode": "Finalize",
      "Parallel Aware": false,
      "Startup Cost": 46691.26,
      "Total Cost": 46691.27,
      "Plan Rows": 1,
      "Plan Width": 8,
      "Actual Startup Time": 159.542,
      "Actual Total Time": 168.941,
      "Actual Rows": 1,
      "Actual Loops": 1,
      "Plans": [
        {
          "Node Type": "Gather",
          "Parent Relationship": "Outer",
          "Parallel Aware": false,
          "Startup Cost": 46690.95,
          "Total Cost": 46691.26,
          "Plan Rows": 3,
          "Plan Width": 8,
          "Actual Startup Time": 159.421,
          "Actual Total Time": 168.932,
          "Actual Rows": 4,
          "Actual Loops": 1,
          "Workers Planned": 3,
          "Workers Launched": 3,
          "Single Copy": false,
          "Plans": [
            {
              "Node Type": "Aggregate",
              "Strategy": "Plain",
              "Partial Mode": "Partial",
              "Parent Relationship": "Outer",
              "Parallel Aware": false,
              "Startup Cost": 45690.95,
              "Total Cost": 45690.96,
              "Plan Rows": 1,
              "Plan Width": 8,
              "Actual Startup Time": 154.278,
              "Actual Total Time": 154.279,
              "Actual Rows": 1,
              "Actual Loops": 4,
              "Plans": [
                {
                  "Node Type": "Seq Scan",
                  "Parent Relationship": "Outer",
                  "Parallel Aware": true,
                  "Relation Name": "movie_keyword",
                  "Alias": "mk",
                  "Startup Cost": 0.0,
                  "Total Cost": 42695.65,
                  "Plan Rows": 1198117,
                  "Plan Width": 0,
                  "Actual Startup Time": 0.08,
                  "Actual Total Time": 115.954,
                  "Actual Rows": 926218,
                  "Actual Loops": 4,
                  "Filter": "(keyword_id > 784)",
                  "Rows Removed by Filter": 204765
                }
              ]
            }
          ]
        }
      ]
    },
    "Planning Time": 0.119,
    "Triggers": [],
    "Execution Time": 168.987
  }
]