[
  {
    "Plan": {
      "Node Type": "Aggregate",
      "Strategy": "Plain",
      "Partial Mode": "Finalize",
      "Parallel Aware": false,
      "Startup Cost": 61207.52,
      "Total Cost": 61207.53,
      "Plan Rows": 1,
      "Plan Width": 8,
      "Actual Startup Time": 43.972,
      "Actual Total Time": 50.174,
      "Actual Rows": 1,
      "Actual Loops": 1,
      "Plans": [
        {
          "Node Type": "Gather",
          "Parent Relationship": "Outer",
          "Parallel Aware": false,
          "Startup Cost": 61207.2,
          "Total Cost": 61207.51,
          "Plan Rows": 3,
          "Plan Width": 8,
          "Actual Startup Time": 43.635,
          "Actual Total Time": 50.167,
          "Actual Rows": 4,
          "Actual Loops": 1,
          "Workers Planned": 3,
          "Workers Launched": 3,
          "Single Copy": false,
          "Plans": [
            {
              "Node Type": "Aggregate",
              "Strategy": "Plain",
              "Partial Mode": "Partial",
              "Parent Relationship": "Outer",
              "Parallel Aware": false,
              "Startup Cost": 60207.2,
              "Total Cost": 60207.21,
              "Plan Rows": 1,
              "Plan Width": 8,
              "Actual Startup Time": 37.176,
              "Actual Total Time": 37.178,
              "Actual Rows": 1,
              "Actual Loops": 4,
              "Plans": [
                {
                  "Node Type": "Nested Loop",
                  "Parent Relationship": "Outer",
                  "Parallel Aware": false,
                  "Join Type": "Inner",
                  "Startup Cost": 209.5,
                  "Total Cost": 60204.15,
                  "Plan Rows": 1222,
                  "Plan Width": 0,
                  "Actual Startup Time": 2.579,
                  "Actual Total Time": 36.941,
                  "Actual Rows": 1641,
                  "Actual Loops": 4,
                  "Inner Unique": false,
                  "Plans": [
                    {
                      "Node Type": "Nested Loop",
                      "Parent Relationship": "Outer",
                      "Parallel Aware": false,
                      "Join Type": "Inner",
                      "Startup Cost": 209.08,
                      "Total Cost": 58979.93,
                      "Plan Rows": 2239,
                      "Plan Width": 8,
                      "Actual Startup Time": 2.173,
                      "Actual Total Time": 31.305,
                      "Actual Rows": 693,
                      "Actual Loops": 4,
                      "Inner Unique": true,
                      "Plans": [
                        {
                          "Node Type": "Bitmap Heap Scan",
                          "Parent Relationship": "Outer",
                          "Parallel Aware": true,
                          "Relation Name": "movie_info",
                          "Alias": "mi",
                          "Startup Cost": 208.65,
                          "Total Cost": 35643.95,
                          "Plan Rows": 3672,
                          "Plan Width": 4,
                          "Actual Startup Time": 2.022,
                          "Actual Total Time": 3.749,
                          "Actual Rows": 4022,
                          "Actual Loops": 4,
                          "Recheck Cond": "(info_type_id = 12)",
                          "Rows Removed by Index Recheck": 0,
                          "Exact Heap Blocks": 350,
                          "Lossy Heap Blocks": 0,
                          "Plans": [
                            {
                              "Node Type": "Bitmap Index Scan",
                              "Parent Relationship": "Outer",
                              "Parallel Aware": false,
                              "Index Name": "info_type_id_movie_info",
                              "Startup Cost": 0.0,
                              "Total Cost": 205.8,
                              "Plan Rows": 11382,
                              "Plan Width": 0,
                              "Actual Startup Time": 6.205,
                              "Actual Total Time": 6.206,
                              "Actual Rows": 16086,
                              "Actual Loops": 1,
                              "Index Cond": "(info_type_id = 12)"
                            }
                          ]
                        },
                        {
                          "Node Type": "Index Scan",
                          "Parent Relationship": "Inner",
                          "Parallel Aware": false,
                          "Scan Direction": "Forward",
                          "Index Name": "title_pkey",
                          "Relation Name": "title",
                          "Alias": "t",
                          "Startup Cost": 0.43,
                          "Total Cost": 6.36,
                          "Plan Rows": 1,
                          "Plan Width": 4,
                          "Actual Startup Time": 0.006,
                          "Actual Total Time": 0.006,
                          "Actual Rows": 0,
                          "Actual Loops": 16086,
                          "Index Cond": "(id = mi.movie_id)",
                          "Rows Removed by Index Recheck": 0,
                          "Filter": "(kind_id = 7)",
                          "Rows Removed by Filter": 1
                        }
                      ]
                    },
                    {
                      "Node Type": "Index Only Scan",
                      "Parent Relationship": "Inner",
                      "Parallel Aware": false,
                      "Scan Direction": "Forward",
                      "Index Name": "movie_id_movie_info_idx",
                      "Relation Name": "movie_info_idx",
                      "Alias": "mi_idx",
                      "Startup Cost": 0.43,
                      "Total Cost": 0.52,
                      "Plan Rows": 3,
                      "Plan Width": 4,
                      "Actual Startup Time": 0.006,
                      "Actual Total Time": 0.007,
                      "Actual Rows": 2,
                      "Actual Loops": 2773,
                      "Index Cond": "(movie_id = t.id)",
                      "Rows Removed by Index Recheck": 0,
                      "Heap Fetches": 6564
                    }
                  ]
                }
              ]
            }
          ]
        }
      ]
    },
    "Planning Time": 1.197,
    "Triggers": [],
    "Execution Time": 50.277
  }
]