[
    {
        "Bao": {
            "Bao prediction": "NaN",
            "Bao recommended hint": "(no hint)"
        }
    },
    {
        "Plan": {
            "Node Type": "Aggregate",
            "Strategy": "Plain",
            "Partial Mode": "Finalize",
            "Parallel Aware": false,
            "Startup Cost": 326552.19,
            "Total Cost": 326552.2,
            "Plan Rows": 1,
            "Plan Width": 8,
            "Actual Startup Time": 314.0,
            "Actual Total Time": 337.392,
            "Actual Rows": 1,
            "Actual Loops": 1,
            "Output": [
                "count(*)"
            ],
            "Plans": [
                {
                    "Node Type": "Gather",
                    "Parent Relationship": "Outer",
                    "Parallel Aware": false,
                    "Startup Cost": 326551.67,
                    "Total Cost": 326552.18,
                    "Plan Rows": 5,
                    "Plan Width": 8,
                    "Actual Startup Time": 309.599,
                    "Actual Total Time": 337.381,
                    "Actual Rows": 6,
                    "Actual Loops": 1,
                    "Output": [
                        "(PARTIAL count(*))"
                    ],
                    "Workers Planned": 5,
                    "Workers Launched": 5,
                    "Single Copy": false,
                    "Plans": [
                        {
                            "Node Type": "Aggregate",
                            "Strategy": "Plain",
                            "Partial Mode": "Partial",
                            "Parent Relationship": "Outer",
                            "Parallel Aware": false,
                            "Startup Cost": 325551.67,
                            "Total Cost": 325551.68,
                            "Plan Rows": 1,
                            "Plan Width": 8,
                            "Actual Startup Time": 299.296,
                            "Actual Total Time": 299.3,
                            "Actual Rows": 1,
                            "Actual Loops": 6,
                            "Output": [
                                "PARTIAL count(*)"
                            ],
                            "Workers": [
                                {
                                    "Worker Number": 0,
                                    "Actual Startup Time": 298.134,
                                    "Actual Total Time": 298.138,
                                    "Actual Rows": 1,
                                    "Actual Loops": 1
                                },
                                {
                                    "Worker Number": 1,
                                    "Actual Startup Time": 296.442,
                                    "Actual Total Time": 296.446,
                                    "Actual Rows": 1,
                                    "Actual Loops": 1
                                },
                                {
                                    "Worker Number": 2,
                                    "Actual Startup Time": 297.355,
                                    "Actual Total Time": 297.357,
                                    "Actual Rows": 1,
                                    "Actual Loops": 1
                                },
                                {
                                    "Worker Number": 3,
                                    "Actual Startup Time": 297.525,
                                    "Actual Total Time": 297.528,
                                    "Actual Rows": 1,
                                    "Actual Loops": 1
                                },
                                {
                                    "Worker Number": 4,
                                    "Actual Startup Time": 297.291,
                                    "Actual Total Time": 297.294,
                                    "Actual Rows": 1,
                                    "Actual Loops": 1
                                }
                            ],
                            "Plans": [
                                {
                                    "Node Type": "Nested Loop",
                                    "Parent Relationship": "Outer",
                                    "Parallel Aware": false,
                                    "Join Type": "Inner",
                                    "Startup Cost": 51902.18,
                                    "Total Cost": 325512.89,
                                    "Plan Rows": 15512,
                                    "Plan Width": 0,
                                    "Actual Startup Time": 153.734,
                                    "Actual Total Time": 291.763,
                                    "Actual Rows": 127404,
                                    "Actual Loops": 6,
                                    "Inner Unique": false,
                                    "Workers": [
                                        {
                                            "Worker Number": 0,
                                            "Actual Startup Time": 151.349,
                                            "Actual Total Time": 290.637,
                                            "Actual Rows": 95511,
                                            "Actual Loops": 1
                                        },
                                        {
                                            "Worker Number": 1,
                                            "Actual Startup Time": 151.283,
                                            "Actual Total Time": 289.01,
                                            "Actual Rows": 95534,
                                            "Actual Loops": 1
                                        },
                                        {
                                            "Worker Number": 2,
                                            "Actual Startup Time": 151.891,
                                            "Actual Total Time": 290.702,
                                            "Actual Rows": 131326,
                                            "Actual Loops": 1
                                        },
                                        {
                                            "Worker Number": 3,
                                            "Actual Startup Time": 152.36,
                                            "Actual Total Time": 290.883,
                                            "Actual Rows": 136560,
                                            "Actual Loops": 1
                                        },
                                        {
                                            "Worker Number": 4,
                                            "Actual Startup Time": 151.797,
                                            "Actual Total Time": 290.268,
                                            "Actual Rows": 145945,
                                            "Actual Loops": 1
                                        }
                                    ],
                                    "Plans": [
                                        {
                                            "Node Type": "Hash Join",
                                            "Parent Relationship": "Outer",
                                            "Parallel Aware": true,
                                            "Join Type": "Inner",
                                            "Startup Cost": 51901.75,
                                            "Total Cost": 307615.06,
                                            "Plan Rows": 8669,
                                            "Plan Width": 8,
                                            "Actual Startup Time": 153.633,
                                            "Actual Total Time": 176.3,
                                            "Actual Rows": 9766,
                                            "Actual Loops": 6,
                                            "Output": [
                                                "t.id",
                                                "ci.movie_id"
                                            ],
                                            "Inner Unique": true,
                                            "Hash Cond": "(ci.movie_id = t.id)",
                                            "Workers": [
                                                {
                                                    "Worker Number": 0,
                                                    "Actual Startup Time": 151.204,
                                                    "Actual Total Time": 172.003,
                                                    "Actual Rows": 7270,
                                                    "Actual Loops": 1
                                                },
                                                {
                                                    "Worker Number": 1,
                                                    "Actual Startup Time": 151.176,
                                                    "Actual Total Time": 171.682,
                                                    "Actual Rows": 7180,
                                                    "Actual Loops": 1
                                                },
                                                {
                                                    "Worker Number": 2,
                                                    "Actual Startup Time": 151.765,
                                                    "Actual Total Time": 174.201,
                                                    "Actual Rows": 10369,
                                                    "Actual Loops": 1
                                                },
                                                {
                                                    "Worker Number": 3,
                                                    "Actual Startup Time": 152.253,
                                                    "Actual Total Time": 175.359,
                                                    "Actual Rows": 10666,
                                                    "Actual Loops": 1
                                                },
                                                {
                                                    "Worker Number": 4,
                                                    "Actual Startup Time": 151.711,
                                                    "Actual Total Time": 173.382,
                                                    "Actual Rows": 10769,
                                                    "Actual Loops": 1
                                                }
                                            ],
                                            "Plans": [
                                                {
                                                    "Node Type": "Bitmap Heap Scan",
                                                    "Parent Relationship": "Outer",
                                                    "Parallel Aware": true,
                                                    "Relation Name": "cast_info",
                                                    "Schema": "public",
                                                    "Alias": "ci",
                                                    "Startup Cost": 4867.93,
                                                    "Total Cost": 260465.58,
                                                    "Plan Rows": 44061,
                                                    "Plan Width": 4,
                                                    "Actual Startup Time": 11.455,
                                                    "Actual Total Time": 17.361,
                                                    "Actual Rows": 36744,
                                                    "Actual Loops": 6,
                                                    "Output": [
                                                        "ci.id",
                                                        "ci.person_id",
                                                        "ci.movie_id",
                                                        "ci.person_role_id",
                                                        "ci.note",
                                                        "ci.nr_order",
                                                        "ci.role_id"
                                                    ],
                                                    "Recheck Cond": "(ci.person_id < 25824)",
                                                    "Rows Removed by Index Recheck": 0,
                                                    "Exact Heap Blocks": 459,
                                                    "Lossy Heap Blocks": 0,
                                                    "Workers": [
                                                        {
                                                            "Worker Number": 0,
                                                            "Actual Startup Time": 11.553,
                                                            "Actual Total Time": 17.073,
                                                            "Actual Rows": 27034,
                                                            "Actual Loops": 1
                                                        },
                                                        {
                                                            "Worker Number": 1,
                                                            "Actual Startup Time": 11.442,
                                                            "Actual Total Time": 17.466,
                                                            "Actual Rows": 26477,
                                                            "Actual Loops": 1
                                                        },
                                                        {
                                                            "Worker Number": 2,
                                                            "Actual Startup Time": 11.32,
                                                            "Actual Total Time": 17.114,
                                                            "Actual Rows": 39630,
                                                            "Actual Loops": 1
                                                        },
                                                        {
                                                            "Worker Number": 3,
                                                            "Actual Startup Time": 11.479,
                                                            "Actual Total Time": 17.489,
                                                            "Actual Rows": 42322,
                                                            "Actual Loops": 1
                                                        },
                                                        {
                                                            "Worker Number": 4,
                                                            "Actual Startup Time": 11.402,
                                                            "Actual Total Time": 17.04,
                                                            "Actual Rows": 39801,
                                                            "Actual Loops": 1
                                                        }
                                                    ],
                                                    "Plans": [
                                                        {
                                                            "Node Type": "Bitmap Index Scan",
                                                            "Parent Relationship": "Outer",
                                                            "Parallel Aware": false,
                                                            "Index Name": "person_id_cast_info",
                                                            "Startup Cost": 0.0,
                                                            "Total Cost": 4812.85,
                                                            "Plan Rows": 220305,
                                                            "Plan Width": 0,
                                                            "Actual Startup Time": 11.058,
                                                            "Actual Total Time": 11.058,
                                                            "Actual Rows": 220462,
                                                            "Actual Loops": 1,
                                                            "Index Cond": "(ci.person_id < 25824)",
                                                            "Workers": [
                                                                {
                                                                    "Worker Number": 4,
                                                                    "Actual Startup Time": 11.058,
                                                                    "Actual Total Time": 11.058,
                                                                    "Actual Rows": 220462,
                                                                    "Actual Loops": 1
                                                                }
                                                            ]
                                                        }
                                                    ]
                                                },
                                                {
                                                    "Node Type": "Hash",
                                                    "Parent Relationship": "Inner",
                                                    "Parallel Aware": true,
                                                    "Startup Cost": 45479.21,
                                                    "Total Cost": 45479.21,
                                                    "Plan Rows": 124369,
                                                    "Plan Width": 4,
                                                    "Actual Startup Time": 140.253,
                                                    "Actual Total Time": 140.254,
                                                    "Actual Rows": 96903,
                                                    "Actual Loops": 6,
                                                    "Output": [
                                                        "t.id"
                                                    ],
                                                    "Hash Buckets": 1048576,
                                                    "Original Hash Buckets": 524288,
                                                    "Hash Batches": 1,
                                                    "Original Hash Batches": 1,
                                                    "Peak Memory Usage": 35136,
                                                    "Workers": [
                                                        {
                                                            "Worker Number": 0,
                                                            "Actual Startup Time": 139.147,
                                                            "Actual Total Time": 139.148,
                                                            "Actual Rows": 70984,
                                                            "Actual Loops": 1
                                                        },
                                                        {
                                                            "Worker Number": 1,
                                                            "Actual Startup Time": 139.161,
                                                            "Actual Total Time": 139.162,
                                                            "Actual Rows": 71517,
                                                            "Actual Loops": 1
                                                        },
                                                        {
                                                            "Worker Number": 2,
                                                            "Actual Startup Time": 139.839,
                                                            "Actual Total Time": 139.839,
                                                            "Actual Rows": 111560,
                                                            "Actual Loops": 1
                                                        },
                                                        {
                                                            "Worker Number": 3,
                                                            "Actual Startup Time": 140.278,
                                                            "Actual Total Time": 140.278,
                                                            "Actual Rows": 113783,
                                                            "Actual Loops": 1
                                                        },
                                                        {
                                                            "Worker Number": 4,
                                                            "Actual Startup Time": 139.867,
                                                            "Actual Total Time": 139.868,
                                                            "Actual Rows": 110419,
                                                            "Actual Loops": 1
                                                        }
                                                    ],
                                                    "Plans": [
                                                        {
                                                            "Node Type": "Seq Scan",
                                                            "Parent Relationship": "Outer",
                                                            "Parallel Aware": true,
                                                            "Relation Name": "title",
                                                            "Schema": "public",
                                                            "Alias": "t",
                                                            "Startup Cost": 0.0,
                                                            "Total Cost": 45479.21,
                                                            "Plan Rows": 124369,
                                                            "Plan Width": 4,
                                                            "Actual Startup Time": 0.05,
                                                            "Actual Total Time": 85.918,
                                                            "Actual Rows": 96903,
                                                            "Actual Loops": 6,
                                                            "Output": [
                                                                "t.id"
                                                            ],
                                                            "Filter": "((t.kind_id < 7) AND (t.production_year < 2004))",
                                                            "Rows Removed by Filter": 324482,
                                                            "Workers": [
                                                                {
                                                                    "Worker Number": 0,
                                                                    "Actual Startup Time": 0.056,
                                                                    "Actual Total Time": 85.27,
                                                                    "Actual Rows": 70984,
                                                                    "Actual Loops": 1
                                                                },
                                                                {
                                                                    "Worker Number": 1,
                                                                    "Actual Startup Time": 0.054,
                                                                    "Actual Total Time": 85.763,
                                                                    "Actual Rows": 71517,
                                                                    "Actual Loops": 1
                                                                },
                                                                {
                                                                    "Worker Number": 2,
                                                                    "Actual Startup Time": 0.049,
                                                                    "Actual Total Time": 85.745,
                                                                    "Actual Rows": 111560,
                                                                    "Actual Loops": 1
                                                                },
                                                                {
                                                                    "Worker Number": 3,
                                                                    "Actual Startup Time": 0.058,
                                                                    "Actual Total Time": 86.32,
                                                                    "Actual Rows": 113783,
                                                                    "Actual Loops": 1
                                                                },
                                                                {
                                                                    "Worker Number": 4,
                                                                    "Actual Startup Time": 0.053,
                                                                    "Actual Total Time": 85.42,
                                                                    "Actual Rows": 110419,
                                                                    "Actual Loops": 1
                                                                }
                                                            ]
                                                        }
                                                    ]
                                                }
                                            ]
                                        },
                                        {
                                            "Node Type": "Index Only Scan",
                                            "Parent Relationship": "Inner",
                                            "Parallel Aware": false,
                                            "Scan Direction": "Forward",
                                            "Index Name": "movie_id_movie_keyword",
                                            "Relation Name": "movie_keyword",
                                            "Schema": "public",
                                            "Alias": "mk",
                                            "Startup Cost": 0.43,
                                            "Total Cost": 1.6,
                                            "Plan Rows": 46,
                                            "Plan Width": 4,
                                            "Actual Startup Time": 0.008,
                                            "Actual Total Time": 0.01,
                                            "Actual Rows": 13,
                                            "Actual Loops": 58595,
                                            "Output": [
                                                "mk.movie_id"
                                            ],
                                            "Index Cond": "(mk.movie_id = t.id)",
                                            "Rows Removed by Index Recheck": 0,
                                            "Heap Fetches": 764425,
                                            "Workers": [
                                                {
                                                    "Worker Number": 0,
                                                    "Actual Startup Time": 0.012,
                                                    "Actual Total Time": 0.014,
                                                    "Actual Rows": 13,
                                                    "Actual Loops": 7270
                                                },
                                                {
                                                    "Worker Number": 1,
                                                    "Actual Startup Time": 0.012,
                                                    "Actual Total Time": 0.014,
                                                    "Actual Rows": 13,
                                                    "Actual Loops": 7180
                                                },
                                                {
                                                    "Worker Number": 2,
                                                    "Actual Startup Time": 0.008,
                                                    "Actual Total Time": 0.01,
                                                    "Actual Rows": 13,
                                                    "Actual Loops": 10369
                                                },
                                                {
                                                    "Worker Number": 3,
                                                    "Actual Startup Time": 0.008,
                                                    "Actual Total Time": 0.01,
                                                    "Actual Rows": 13,
                                                    "Actual Loops": 10666
                                                },
                                                {
                                                    "Worker Number": 4,
                                                    "Actual Startup Time": 0.008,
                                                    "Actual Total Time": 0.01,
                                                    "Actual Rows": 14,
                                                    "Actual Loops": 10769
                                                }
                                            ]
                                        }
                                    ]
                                }
                            ]
                        }
                    ]
                }
            ]
        },
        "Planning Time": 306.382,
        "Triggers": [],
        "Execution Time": 337.548
    }
]