[
  {
    "Plan": {
      "Node Type": "Aggregate",
      "Strategy": "Plain",
      "Partial Mode": "Finalize",
      "Parallel Aware": false,
      "Startup Cost": 340940.0,
      "Total Cost": 340940.01,
      "Plan Rows": 1,
      "Plan Width": 8,
      "Actual Startup Time": 800.412,
      "Actual Total Time": 847.57,
      "Actual Rows": 1,
      "Actual Loops": 1,
      "Plans": [
        {
          "Node Type": "Gather",
          "Parent Relationship": "Outer",
          "Parallel Aware": false,
          "Startup Cost": 340939.38,
          "Total Cost": 340939.99,
          "Plan Rows": 6,
          "Plan Width": 8,
          "Actual Startup Time": 800.223,
          "Actual Total Time": 847.553,
          "Actual Rows": 7,
          "Actual Loops": 1,
          "Workers Planned": 6,
          "Workers Launched": 6,
          "Single Copy": false,
          "Plans": [
            {
              "Node Type": "Aggregate",
              "Strategy": "Plain",
              "Partial Mode": "Partial",
              "Parent Relationship": "Outer",
              "Parallel Aware": false,
              "Startup Cost": 339939.38,
              "Total Cost": 339939.39,
              "Plan Rows": 1,
              "Plan Width": 8,
              "Actual Startup Time": 790.281,
              "Actual Total Time": 790.282,
              "Actual Rows": 1,
              "Actual Loops": 7,
              "Plans": [
                {
                  "Node Type": "Seq Scan",
                  "Parent Relationship": "Outer",
                  "Parallel Aware": true,
                  "Relation Name": "cast_info",
                  "Alias": "ci",
                  "Startup Cost": 0.0,
                  "Total Cost": 328211.39,
                  "Plan Rows": 4691195,
                  "Plan Width": 0,
                  "Actual Startup Time": 0.065,
                  "Actual Total Time": 604.257,
                  "Actual Rows": 4027014,
                  "Actual Loops": 7,
                  "Filter": "(person_id < 2874909)",
                  "Rows Removed by Filter": 1150749
                }
              ]
            }
          ]
        }
      ]
    },
    "Planning Time": 0.065,
    "Triggers": [],
    "Execution Time": 847.606
  }
]