[
  {
    "Plan": {
      "Node Type": "Aggregate",
      "Strategy": "Plain",
      "Partial Mode": "Finalize",
      "Parallel Aware": false,
      "Startup Cost": 340866.42,
      "Total Cost": 340866.43,
      "Plan Rows": 1,
      "Plan Width": 8,
      "Actual Startup Time": 793.206,
      "Actual Total Time": 849.687,
      "Actual Rows": 1,
      "Actual Loops": 1,
      "Plans": [
        {
          "Node Type": "Gather",
          "Parent Relationship": "Outer",
          "Parallel Aware": false,
          "Startup Cost": 340865.79,
          "Total Cost": 340866.4,
          "Plan Rows": 6,
          "Plan Width": 8,
          "Actual Startup Time": 793.082,
          "Actual Total Time": 849.675,
          "Actual Rows": 7,
          "Actual Loops": 1,
          "Workers Planned": 6,
          "Workers Launched": 6,
          "Single Copy": false,
          "Plans": [
            {
              "Node Type": "Aggregate",
              "Strategy": "Plain",
              "Partial Mode": "Partial",
              "Parent Relationship": "Outer",
              "Parallel Aware": false,
              "Startup Cost": 339865.79,
              "Total Cost": 339865.8,
              "Plan Rows": 1,
              "Plan Width": 8,
              "Actual Startup Time": 784.299,
              "Actual Total Time": 784.3,
              "Actual Rows": 1,
              "Actual Loops": 7,
              "Plans": [
                {
                  "Node Type": "Seq Scan",
                  "Parent Relationship": "Outer",
                  "Parallel Aware": true,
                  "Relation Name": "cast_info",
                  "Alias": "ci",
                  "Startup Cost": 0.0,
                  "Total Cost": 328162.03,
                  "Plan Rows": 4681507,
                  "Plan Width": 0,
                  "Actual Startup Time": 0.049,
                  "Actual Total Time": 610.961,
                  "Actual Rows": 4027014,
                  "Actual Loops": 7,
                  "Filter": "(person_id < 2874909)",
                  "Rows Removed by Filter": 1150749
                }
              ]
            }
          ]
        }
      ]
    },
    "Planning Time": 0.207,
    "Triggers": [],
    "Execution Time": 849.763
  }
]