[
  {
    "Plan": {
      "Node Type": "Aggregate",
      "Strategy": "Plain",
      "Partial Mode": "Finalize",
      "Parallel Aware": false,
      "Startup Cost": 72956.6,
      "Total Cost": 72956.61,
      "Plan Rows": 1,
      "Plan Width": 8,
      "Actual Startup Time": 111.107,
      "Actual Total Time": 125.605,
      "Actual Rows": 1,
      "Actual Loops": 1,
      "Plans": [
        {
          "Node Type": "Gather",
          "Parent Relationship": "Outer",
          "Parallel Aware": false,
          "Startup Cost": 72956.18,
          "Total Cost": 72956.59,
          "Plan Rows": 4,
          "Plan Width": 8,
          "Actual Startup Time": 111.011,
          "Actual Total Time": 125.598,
          "Actual Rows": 5,
          "Actual Loops": 1,
          "Workers Planned": 4,
          "Workers Launched": 4,
          "Single Copy": false,
          "Plans": [
            {
              "Node Type": "Aggregate",
              "Strategy": "Plain",
              "Partial Mode": "Partial",
              "Parent Relationship": "Outer",
              "Parallel Aware": false,
              "Startup Cost": 71956.18,
              "Total Cost": 71956.19,
              "Plan Rows": 1,
              "Plan Width": 8,
              "Actual Startup Time": 101.437,
              "Actual Total Time": 101.438,
              "Actual Rows": 1,
              "Actual Loops": 5,
              "Plans": [
                {
                  "Node Type": "Nested Loop",
                  "Parent Relationship": "Outer",
                  "Parallel Aware": false,
                  "Join Type": "Inner",
                  "Startup Cost": 0.43,
                  "Total Cost": 71955.91,
                  "Plan Rows": 108,
                  "Plan Width": 0,
                  "Actual Startup Time": 60.06,
                  "Actual Total Time": 101.417,
                  "Actual Rows": 57,
                  "Actual Loops": 5,
                  "Inner Unique": false,
                  "Plans": [
                    {
                      "Node Type": "Seq Scan",
                      "Parent Relationship": "Outer",
                      "Parallel Aware": true,
                      "Relation Name": "title",
                      "Alias": "t",
                      "Startup Cost": 0.0,
                      "Total Cost": 45479.1,
                      "Plan Rows": 3559,
                      "Plan Width": 4,
                      "Actual Startup Time": 0.106,
                      "Actual Total Time": 83.185,
                      "Actual Rows": 2720,
                      "Actual Loops": 5,
                      "Filter": "((kind_id > 1) AND (production_year = 1985))",
                      "Rows Removed by Filter": 502943
                    },
                    {
                      "Node Type": "Index Scan",
                      "Parent Relationship": "Inner",
                      "Parallel Aware": false,
                      "Scan Direction": "Forward",
                      "Index Name": "movie_id_movie_keyword",
                      "Relation Name": "movie_keyword",
                      "Alias": "mk",
                      "Startup Cost": 0.43,
                      "Total Cost": 7.43,
                      "Plan Rows": 1,
                      "Plan Width": 4,
                      "Actual Startup Time": 0.006,
                      "Actual Total Time": 0.006,
                      "Actual Rows": 0,
                      "Actual Loops": 13598,
                      "Index Cond": "(movie_id = t.id)",
                      "Rows Removed by Index Recheck": 0,
                      "Filter": "(keyword_id = 335)",
                      "Rows Removed by Filter": 1
                    }
                  ]
                }
              ]
            }
          ]
        }
      ]
    },
    "Planning Time": 0.62,
    "Triggers": [],
    "Execution Time": 125.675
  }
]