[
  {
    "Plan": {
      "Node Type": "Aggregate",
      "Strategy": "Plain",
      "Partial Mode": "Finalize",
      "Parallel Aware": false,
      "Startup Cost": 45785.24,
      "Total Cost": 45785.25,
      "Plan Rows": 1,
      "Plan Width": 8,
      "Actual Startup Time": 151.283,
      "Actual Total Time": 159.578,
      "Actual Rows": 1,
      "Actual Loops": 1,
      "Plans": [
        {
          "Node Type": "Gather",
          "Parent Relationship": "Outer",
          "Parallel Aware": false,
          "Startup Cost": 45784.92,
          "Total Cost": 45785.23,
          "Plan Rows": 3,
          "Plan Width": 8,
          "Actual Startup Time": 151.198,
          "Actual Total Time": 159.565,
          "Actual Rows": 4,
          "Actual Loops": 1,
          "Workers Planned": 3,
          "Workers Launched": 3,
          "Single Copy": false,
          "Plans": [
            {
              "Node Type": "Aggregate",
              "Strategy": "Plain",
              "Partial Mode": "Partial",
              "Parent Relationship": "Outer",
              "Parallel Aware": false,
              "Startup Cost": 44784.92,
              "Total Cost": 44784.93,
              "Plan Rows": 1,
              "Plan Width": 8,
              "Actual Startup Time": 147.741,
              "Actual Total Time": 147.744,
              "Actual Rows": 1,
              "Actual Loops": 4,
              "Plans": [
                {
                  "Node Type": "Seq Scan",
                  "Parent Relationship": "Outer",
                  "Parallel Aware": true,
                  "Relation Name": "movie_keyword",
                  "Alias": "mk",
                  "Startup Cost": 0.0,
                  "Total Cost": 42695.65,
                  "Plan Rows": 835708,
                  "Plan Width": 0,
                  "Actual Startup Time": 0.512,
                  "Actual Total Time": 117.376,
                  "Actual Rows": 645141,
                  "Actual Loops": 4,
                  "Filter": "(keyword_id > 3344)",
                  "Rows Removed by Filter": 485841
                }
              ]
            }
          ]
        }
      ]
    },
    "Planning Time": 0.203,
    "Triggers": [],
    "Execution Time": 159.639
  }
]