{
  "Plan": {
    "Node Type": "Aggregate",
    "Strategy": "Plain",
    "Partial Mode": "Simple",
    "Parallel Aware": false,
    "Startup Cost": 2710927.87,
    "Total Cost": 2710927.88,
    "Plan Rows": 1,
    "Plan Width": 96,
    "Actual Startup Time": 31068.334,
    "Actual Total Time": 31068.341,
    "Actual Rows": 1,
    "Actual Loops": 1,
    "Plans": [
      {
        "Node Type": "Merge Join",
        "Parent Relationship": "Outer",
        "Parallel Aware": false,
        "Join Type": "Inner",
        "Startup Cost": 2527121.45,
        "Total Cost": 2710911.96,
        "Plan Rows": 2122,
        "Plan Width": 48,
        "Actual Startup Time": 29180.539,
        "Actual Total Time": 30981.741,
        "Actual Rows": 785477,
        "Actual Loops": 1,
        "Inner Unique": false,
        "Merge Cond": "(n.id = ci.person_id)",
        "Plans": [
          {
            "Node Type": "Index Scan",
            "Parent Relationship": "Outer",
            "Parallel Aware": false,
            "Scan Direction": "Forward",
            "Index Name": "name_pkey",
            "Relation Name": "name",
            "Alias": "n",
            "Startup Cost": 0.43,
            "Total Cost": 178171.22,
            "Plan Rows": 4167377,
            "Plan Width": 19,
            "Actual Startup Time": 0.021,
            "Actual Total Time": 1230.421,
            "Actual Rows": 4061913,
            "Actual Loops": 1
          },
          {
            "Node Type": "Sort",
            "Parent Relationship": "Inner",
            "Parallel Aware": false,
            "Startup Cost": 2527121.02,
            "Total Cost": 2527126.33,
            "Plan Rows": 2122,
            "Plan Width": 37,
            "Actual Startup Time": 29180.497,
            "Actual Total Time": 29338.425,
            "Actual Rows": 785477,
            "Actual Loops": 1,
            "Sort Key": [
              "ci.person_id"
            ],
            "Sort Method": "quicksort",
            "Sort Space Used": 90473,
            "Sort Space Type": "Memory",
            "Plans": [
              {
                "Node Type": "Merge Join",
                "Parent Relationship": "Outer",
                "Parallel Aware": false,
                "Join Type": "Inner",
                "Startup Cost": 241521.25,
                "Total Cost": 2527003.77,
                "Plan Rows": 2122,
                "Plan Width": 37,
                "Actual Startup Time": 1839.197,
                "Actual Total Time": 28948.078,
                "Actual Rows": 785477,
                "Actual Loops": 1,
                "Inner Unique": false,
                "Merge Cond": "(t.id = ci.movie_id)",
                "Plans": [
                  {
                    "Node Type": "Merge Join",
                    "Parent Relationship": "Outer",
                    "Parallel Aware": false,
                    "Join Type": "Inner",
                    "Startup Cost": 241520.69,
                    "Total Cost": 361535.15,
                    "Plan Rows": 148,
                    "Plan Width": 41,
                    "Actual Startup Time": 1828.941,
                    "Actual Total Time": 3292.618,
                    "Actual Rows": 14165,
                    "Actual Loops": 1,
                    "Inner Unique": false,
                    "Merge Cond": "(t.id = mk.movie_id)",
                    "Plans": [
                      {
                        "Node Type": "Index Scan",
                        "Parent Relationship": "Outer",
                        "Parallel Aware": false,
                        "Scan Direction": "Forward",
                        "Index Name": "title_pkey",
                        "Relation Name": "title",
                        "Alias": "t",
                        "Startup Cost": 0.43,
                        "Total Cost": 116680.33,
                        "Plan Rows": 1389987,
                        "Plan Width": 21,
                        "Actual Startup Time": 0.025,
                        "Actual Total Time": 1383.959,
                        "Actual Rows": 1381080,
                        "Actual Loops": 1,
                        "Filter": "(production_year > 2000)",
                        "Rows Removed by Filter": 1144653
                      },
                      {
                        "Node Type": "Sort",
                        "Parent Relationship": "Inner",
                        "Parallel Aware": false,
                        "Startup Cost": 241506.68,
                        "Total Cost": 241507.36,
                        "Plan Rows": 270,
                        "Plan Width": 20,
                        "Actual Startup Time": 1827.901,
                        "Actual Total Time": 1834.106,
                        "Actual Rows": 35548,
                        "Actual Loops": 1,
                        "Sort Key": [
                          "mk.movie_id"
                        ],
                        "Sort Method": "quicksort",
                        "Sort Space Used": 3278,
                        "Sort Space Type": "Memory",
                        "Plans": [
                          {
                            "Node Type": "Merge Join",
                            "Parent Relationship": "Outer",
                            "Parallel Aware": false,
                            "Join Type": "Inner",
                            "Startup Cost": 4474.73,
                            "Total Cost": 241495.78,
                            "Plan Rows": 270,
                            "Plan Width": 20,
                            "Actual Startup Time": 373.435,
                            "Actual Total Time": 1821.147,
                            "Actual Rows": 35548,
                            "Actual Loops": 1,
                            "Inner Unique": true,
                            "Merge Cond": "(mk.keyword_id = k.id)",
                            "Plans": [
                              {
                                "Node Type": "Index Scan",
                                "Parent Relationship": "Outer",
                                "Parallel Aware": false,
                                "Scan Direction": "Forward",
                                "Index Name": "keyword_id_movie_keyword",
                                "Relation Name": "movie_keyword",
                                "Alias": "mk",
                                "Startup Cost": 0.43,
                                "Total Cost": 226550.7,
                                "Plan Rows": 4523930,
                                "Plan Width": 8,
                                "Actual Startup Time": 0.02,
                                "Actual Total Time": 1593.297,
                                "Actual Rows": 2796931,
                                "Actual Loops": 1
                              },
                              {
                                "Node Type": "Sort",
                                "Parent Relationship": "Inner",
                                "Parallel Aware": false,
                                "Startup Cost": 3632.52,
                                "Total Cost": 3632.54,
                                "Plan Rows": 8,
                                "Plan Width": 20,
                                "Actual Startup Time": 44.186,
                                "Actual Total Time": 44.194,
                                "Actual Rows": 8,
                                "Actual Loops": 1,
                                "Sort Key": [
                                  "k.id"
                                ],
                                "Sort Method": "quicksort",
                                "Sort Space Used": 25,
                                "Sort Space Type": "Memory",
                                "Plans": [
                                  {
                                    "Node Type": "Seq Scan",
                                    "Parent Relationship": "Outer",
                                    "Parallel Aware": false,
                                    "Relation Name": "keyword",
                                    "Alias": "k",
                                    "Startup Cost": 0.0,
                                    "Total Cost": 3632.4,
                                    "Plan Rows": 8,
                                    "Plan Width": 20,
                                    "Actual Startup Time": 0.315,
                                    "Actual Total Time": 44.167,
                                    "Actual Rows": 8,
                                    "Actual Loops": 1,
                                    "Filter": "(keyword = ANY ('{superhero,sequel,second-part,marvel-comics,based-on-comic,tv-special,fight,violence}'::text[]))",
                                    "Rows Removed by Filter": 134162
                                  }
                                ]
                              }
                            ]
                          }
                        ]
                      }
                    ]
                  },
                  {
                    "Node Type": "Index Scan",
                    "Parent Relationship": "Inner",
                    "Parallel Aware": false,
                    "Scan Direction": "Forward",
                    "Index Name": "movie_id_cast_info",
                    "Relation Name": "cast_info",
                    "Alias": "ci",
                    "Startup Cost": 0.56,
                    "Total Cost": 2074802.47,
                    "Plan Rows": 36257824,
                    "Plan Width": 8,
                    "Actual Startup Time": 0.021,
                    "Actual Total Time": 23244.386,
                    "Actual Rows": 36443382,
                    "Actual Loops": 1
                  }
                ]
              }
            ]
          }
        ]
      }
    ]
  },
  "Planning Time": 1.867,
  "Triggers": [],
  "Execution Time": 31068.475
}