{
  "Plan": {
    "Node Type": "Aggregate",
    "Strategy": "Plain",
    "Partial Mode": "Finalize",
    "Parallel Aware": false,
    "Startup Cost": 257695.43,
    "Total Cost": 257695.44,
    "Plan Rows": 1,
    "Plan Width": 8,
    "Actual Startup Time": 1494.599,
    "Actual Total Time": 1519.238,
    "Actual Rows": 1,
    "Actual Loops": 1,
    "Plans": [
      {
        "Node Type": "Gather",
        "Parent Relationship": "Outer",
        "Parallel Aware": false,
        "Startup Cost": 257695.32,
        "Total Cost": 257695.43,
        "Plan Rows": 1,
        "Plan Width": 8,
        "Actual Startup Time": 1494.459,
        "Actual Total Time": 1519.229,
        "Actual Rows": 2,
        "Actual Loops": 1,
        "Workers Planned": 1,
        "Workers Launched": 1,
        "Single Copy": false,
        "Plans": [
          {
            "Node Type": "Aggregate",
            "Strategy": "Plain",
            "Partial Mode": "Partial",
            "Parent Relationship": "Outer",
            "Parallel Aware": false,
            "Startup Cost": 256695.32,
            "Total Cost": 256695.33,
            "Plan Rows": 1,
            "Plan Width": 8,
            "Actual Startup Time": 1488.69,
            "Actual Total Time": 1488.691,
            "Actual Rows": 1,
            "Actual Loops": 2,
            "Plans": [
              {
                "Node Type": "Merge Join",
                "Parent Relationship": "Outer",
                "Parallel Aware": false,
                "Join Type": "Inner",
                "Startup Cost": 3.07,
                "Total Cost": 255594.36,
                "Plan Rows": 440383,
                "Plan Width": 0,
                "Actual Startup Time": 2.515,
                "Actual Total Time": 1464.921,
                "Actual Rows": 550676,
                "Actual Loops": 2,
                "Inner Unique": false,
                "Merge Cond": "(t.id = mc.movie_id)",
                "Plans": [
                  {
                    "Node Type": "Index Scan",
                    "Parent Relationship": "Outer",
                    "Parallel Aware": true,
                    "Scan Direction": "Forward",
                    "Index Name": "title_pkey",
                    "Relation Name": "title",
                    "Alias": "t",
                    "Startup Cost": 0.43,
                    "Total Cost": 103647.43,
                    "Plan Rows": 426739,
                    "Plan Width": 4,
                    "Actual Startup Time": 0.907,
                    "Actual Total Time": 644.258,
                    "Actual Rows": 365188,
                    "Actual Loops": 2,
                    "Filter": "(production_year < 1992)",
                    "Rows Removed by Filter": 897758
                  },
                  {
                    "Node Type": "Index Only Scan",
                    "Parent Relationship": "Inner",
                    "Parallel Aware": false,
                    "Scan Direction": "Forward",
                    "Index Name": "movie_id_movie_companies",
                    "Relation Name": "movie_companies",
                    "Alias": "mc",
                    "Startup Cost": 0.43,
                    "Total Cost": 140059.44,
                    "Plan Rows": 2609129,
                    "Plan Width": 4,
                    "Actual Startup Time": 0.118,
                    "Actual Total Time": 643.639,
                    "Actual Rows": 2609129,
                    "Actual Loops": 2,
                    "Heap Fetches": 5218258
                  }
                ]
              }
            ]
          }
        ]
      }
    ]
  },
  "Planning Time": 0.66,
  "Triggers": [],
  "Execution Time": 1519.365
}