{
  "Plan": {
    "Node Type": "Aggregate",
    "Strategy": "Plain",
    "Partial Mode": "Finalize",
    "Parallel Aware": false,
    "Startup Cost": 90922.88,
    "Total Cost": 90922.89,
    "Plan Rows": 1,
    "Plan Width": 8,
    "Actual Startup Time": 289.221,
    "Actual Total Time": 304.255,
    "Actual Rows": 1,
    "Actual Loops": 1,
    "Plans": [
      {
        "Node Type": "Gather",
        "Parent Relationship": "Outer",
        "Parallel Aware": false,
        "Startup Cost": 90922.77,
        "Total Cost": 90922.88,
        "Plan Rows": 1,
        "Plan Width": 8,
        "Actual Startup Time": 288.725,
        "Actual Total Time": 304.246,
        "Actual Rows": 2,
        "Actual Loops": 1,
        "Workers Planned": 1,
        "Workers Launched": 1,
        "Single Copy": false,
        "Plans": [
          {
            "Node Type": "Aggregate",
            "Strategy": "Plain",
            "Partial Mode": "Partial",
            "Parent Relationship": "Outer",
            "Parallel Aware": false,
            "Startup Cost": 89922.77,
            "Total Cost": 89922.78,
            "Plan Rows": 1,
            "Plan Width": 8,
            "Actual Startup Time": 282.851,
            "Actual Total Time": 282.855,
            "Actual Rows": 1,
            "Actual Loops": 2,
            "Plans": [
              {
                "Node Type": "Hash Join",
                "Parent Relationship": "Outer",
                "Parallel Aware": true,
                "Join Type": "Inner",
                "Startup Cost": 66532.89,
                "Total Cost": 89889.38,
                "Plan Rows": 13355,
                "Plan Width": 0,
                "Actual Startup Time": 200.559,
                "Actual Total Time": 282.185,
                "Actual Rows": 10444,
                "Actual Loops": 2,
                "Inner Unique": true,
                "Hash Cond": "(mc.movie_id = t.id)",
                "Plans": [
                  {
                    "Node Type": "Bitmap Heap Scan",
                    "Parent Relationship": "Outer",
                    "Parallel Aware": true,
                    "Relation Name": "movie_companies",
                    "Alias": "mc",
                    "Startup Cost": 11122.19,
                    "Total Cost": 33686.15,
                    "Plan Rows": 301917,
                    "Plan Width": 4,
                    "Actual Startup Time": 30.015,
                    "Actual Total Time": 70.468,
                    "Actual Rows": 262263,
                    "Actual Loops": 2,
                    "Recheck Cond": "(company_id > 73085)",
                    "Rows Removed by Index Recheck": 0,
                    "Exact Heap Blocks": 4758,
                    "Lossy Heap Blocks": 0,
                    "Plans": [
                      {
                        "Node Type": "Bitmap Index Scan",
                        "Parent Relationship": "Outer",
                        "Parallel Aware": false,
                        "Index Name": "company_id_movie_companies",
                        "Startup Cost": 0.0,
                        "Total Cost": 10993.87,
                        "Plan Rows": 513259,
                        "Plan Width": 0,
                        "Actual Startup Time": 28.05,
                        "Actual Total Time": 28.051,
                        "Actual Rows": 524526,
                        "Actual Loops": 1,
                        "Index Cond": "(company_id > 73085)"
                      }
                    ]
                  },
                  {
                    "Node Type": "Hash",
                    "Parent Relationship": "Inner",
                    "Parallel Aware": true,
                    "Startup Cost": 54588.39,
                    "Total Cost": 54588.39,
                    "Plan Rows": 65785,
                    "Plan Width": 4,
                    "Actual Startup Time": 167.888,
                    "Actual Total Time": 167.889,
                    "Actual Rows": 54214,
                    "Actual Loops": 2,
                    "Hash Buckets": 131072,
                    "Original Hash Buckets": 131072,
                    "Hash Batches": 1,
                    "Original Hash Batches": 1,
                    "Peak Memory Usage": 5280,
                    "Plans": [
                      {
                        "Node Type": "Seq Scan",
                        "Parent Relationship": "Outer",
                        "Parallel Aware": true,
                        "Relation Name": "title",
                        "Alias": "t",
                        "Startup Cost": 0.0,
                        "Total Cost": 54588.39,
                        "Plan Rows": 65785,
                        "Plan Width": 4,
                        "Actual Startup Time": 0.041,
                        "Actual Total Time": 151.646,
                        "Actual Rows": 54214,
                        "Actual Loops": 2,
                        "Filter": "(production_year = 2006)",
                        "Rows Removed by Filter": 1209942
                      }
                    ]
                  }
                ]
              }
            ]
          }
        ]
      }
    ]
  },
  "Planning Time": 0.445,
  "Triggers": [],
  "Execution Time": 304.392
}