[
  {
    "Plan": {
      "Node Type": "Aggregate",
      "Strategy": "Plain",
      "Partial Mode": "Finalize",
      "Parallel Aware": false,
      "Startup Cost": 33408.2,
      "Total Cost": 33408.21,
      "Plan Rows": 1,
      "Plan Width": 8,
      "Actual Startup Time": 97.322,
      "Actual Total Time": 104.988,
      "Actual Rows": 1,
      "Actual Loops": 1,
      "Plans": [
        {
          "Node Type": "Gather",
          "Parent Relationship": "Outer",
          "Parallel Aware": false,
          "Startup Cost": 33407.89,
          "Total Cost": 33408.2,
          "Plan Rows": 3,
          "Plan Width": 8,
          "Actual Startup Time": 97.232,
          "Actual Total Time": 104.981,
          "Actual Rows": 4,
          "Actual Loops": 1,
          "Workers Planned": 3,
          "Workers Launched": 3,
          "Single Copy": false,
          "Plans": [
            {
              "Node Type": "Aggregate",
              "Strategy": "Plain",
              "Partial Mode": "Partial",
              "Parent Relationship": "Outer",
              "Parallel Aware": false,
              "Startup Cost": 32407.89,
              "Total Cost": 32407.9,
              "Plan Rows": 1,
              "Plan Width": 8,
              "Actual Startup Time": 92.419,
              "Actual Total Time": 92.42,
              "Actual Rows": 1,
              "Actual Loops": 4,
              "Plans": [
                {
                  "Node Type": "Seq Scan",
                  "Parent Relationship": "Outer",
                  "Parallel Aware": true,
                  "Relation Name": "movie_companies",
                  "Alias": "mc",
                  "Startup Cost": 0.0,
                  "Total Cost": 31414.82,
                  "Plan Rows": 397227,
                  "Plan Width": 0,
                  "Actual Startup Time": 39.417,
                  "Actual Total Time": 79.328,
                  "Actual Rows": 284658,
                  "Actual Loops": 4,
                  "Filter": "((company_id < 114654) AND (company_type_id = 2))",
                  "Rows Removed by Filter": 367624
                }
              ]
            }
          ]
        }
      ]
    },
    "Planning Time": 0.113,
    "Triggers": [],
    "Execution Time": 105.02
  }
]