{
  "Plan": {
    "Node Type": "Aggregate",
    "Strategy": "Plain",
    "Partial Mode": "Finalize",
    "Parallel Aware": false,
    "Startup Cost": 426488.44,
    "Total Cost": 426488.45,
    "Plan Rows": 1,
    "Plan Width": 8,
    "Actual Startup Time": 2754.761,
    "Actual Total Time": 2798.434,
    "Actual Rows": 1,
    "Actual Loops": 1,
    "Plans": [
      {
        "Node Type": "Gather",
        "Parent Relationship": "Outer",
        "Parallel Aware": false,
        "Startup Cost": 426488.33,
        "Total Cost": 426488.44,
        "Plan Rows": 1,
        "Plan Width": 8,
        "Actual Startup Time": 2751.952,
        "Actual Total Time": 2798.424,
        "Actual Rows": 2,
        "Actual Loops": 1,
        "Workers Planned": 1,
        "Workers Launched": 1,
        "Single Copy": false,
        "Plans": [
          {
            "Node Type": "Aggregate",
            "Strategy": "Plain",
            "Partial Mode": "Partial",
            "Parent Relationship": "Outer",
            "Parallel Aware": false,
            "Startup Cost": 425488.33,
            "Total Cost": 425488.34,
            "Plan Rows": 1,
            "Plan Width": 8,
            "Actual Startup Time": 2746.467,
            "Actual Total Time": 2746.785,
            "Actual Rows": 1,
            "Actual Loops": 2,
            "Plans": [
              {
                "Node Type": "Hash Join",
                "Parent Relationship": "Outer",
                "Parallel Aware": true,
                "Join Type": "Inner",
                "Startup Cost": 109184.61,
                "Total Cost": 421316.89,
                "Plan Rows": 1668574,
                "Plan Width": 0,
                "Actual Startup Time": 699.703,
                "Actual Total Time": 2651.344,
                "Actual Rows": 1883266,
                "Actual Loops": 2,
                "Inner Unique": false,
                "Hash Cond": "(mi.movie_id = t.id)",
                "Plans": [
                  {
                    "Node Type": "Seq Scan",
                    "Parent Relationship": "Outer",
                    "Parallel Aware": true,
                    "Relation Name": "movie_info",
                    "Alias": "mi",
                    "Startup Cost": 0.0,
                    "Total Cost": 270696.42,
                    "Plan Rows": 8432196,
                    "Plan Width": 4,
                    "Actual Startup Time": 0.017,
                    "Actual Total Time": 880.448,
                    "Actual Rows": 7203534,
                    "Actual Loops": 2,
                    "Filter": "(info_type_id < 105)",
                    "Rows Removed by Filter": 214326
                  },
                  {
                    "Node Type": "Hash",
                    "Parent Relationship": "Inner",
                    "Parallel Aware": true,
                    "Startup Cost": 105505.92,
                    "Total Cost": 105505.92,
                    "Plan Rows": 294295,
                    "Plan Width": 8,
                    "Actual Startup Time": 691.259,
                    "Actual Total Time": 691.575,
                    "Actual Rows": 157229,
                    "Actual Loops": 2,
                    "Hash Buckets": 524288,
                    "Original Hash Buckets": 524288,
                    "Hash Batches": 1,
                    "Original Hash Batches": 1,
                    "Peak Memory Usage": 16416,
                    "Plans": [
                      {
                        "Node Type": "Hash Join",
                        "Parent Relationship": "Outer",
                        "Parallel Aware": true,
                        "Join Type": "Inner",
                        "Startup Cost": 65547.91,
                        "Total Cost": 105505.92,
                        "Plan Rows": 294295,
                        "Plan Width": 8,
                        "Actual Startup Time": 371.466,
                        "Actual Total Time": 647.434,
                        "Actual Rows": 157229,
                        "Actual Loops": 2,
                        "Inner Unique": true,
                        "Hash Cond": "(mc.movie_id = t.id)",
                        "Plans": [
                          {
                            "Node Type": "Seq Scan",
                            "Parent Relationship": "Outer",
                            "Parallel Aware": true,
                            "Relation Name": "movie_companies",
                            "Alias": "mc",
                            "Startup Cost": 0.0,
                            "Total Cost": 37974.77,
                            "Plan Rows": 755522,
                            "Plan Width": 4,
                            "Actual Startup Time": 0.014,
                            "Actual Total Time": 132.535,
                            "Actual Rows": 637123,
                            "Actual Loops": 2,
                            "Filter": "(company_type_id = 1)",
                            "Rows Removed by Filter": 667442
                          },
                          {
                            "Node Type": "Hash",
                            "Parent Relationship": "Inner",
                            "Parallel Aware": true,
                            "Startup Cost": 58306.47,
                            "Total Cost": 58306.47,
                            "Plan Rows": 579315,
                            "Plan Width": 4,
                            "Actual Startup Time": 364.706,
                            "Actual Total Time": 364.707,
                            "Actual Rows": 528794,
                            "Actual Loops": 2,
                            "Hash Buckets": 2097152,
                            "Original Hash Buckets": 1048576,
                            "Hash Batches": 1,
                            "Original Hash Batches": 1,
                            "Peak Memory Usage": 65984,
                            "Plans": [
                              {
                                "Node Type": "Seq Scan",
                                "Parent Relationship": "Outer",
                                "Parallel Aware": true,
                                "Relation Name": "title",
                                "Alias": "t",
                                "Startup Cost": 0.0,
                                "Total Cost": 58306.47,
                                "Plan Rows": 579315,
                                "Plan Width": 4,
                                "Actual Startup Time": 0.032,
                                "Actual Total Time": 190.816,
                                "Actual Rows": 528794,
                                "Actual Loops": 2,
                                "Filter": "((kind_id > 1) AND (production_year > 2001))",
                                "Rows Removed by Filter": 735362
                              }
                            ]
                          }
                        ]
                      }
                    ]
                  }
                ]
              }
            ]
          }
        ]
      }
    ]
  },
  "Planning Time": 0.841,
  "Triggers": [],
  "Execution Time": 2798.514
}