[
  {
    "Bao": {
      "Bao prediction": 577.301,
      "Bao recommended hint": "SET enable_nestloop TO off; SET enable_hashjoin TO off; "
    }
  },
  {
    "Plan": {
      "Node Type": "Aggregate",
      "Strategy": "Plain",
      "Partial Mode": "Simple",
      "Parallel Aware": false,
      "Startup Cost": 273483.42,
      "Total Cost": 273483.43,
      "Plan Rows": 1,
      "Plan Width": 192,
      "Actual Startup Time": 1006.211,
      "Actual Total Time": 1006.452,
      "Actual Rows": 1,
      "Actual Loops": 1,
      "Plans": [
        {
          "Node Type": "Merge Join",
          "Parent Relationship": "Outer",
          "Parallel Aware": false,
          "Join Type": "Inner",
          "Startup Cost": 260807.53,
          "Total Cost": 273483.41,
          "Plan Rows": 1,
          "Plan Width": 84,
          "Actual Startup Time": 982.16,
          "Actual Total Time": 1006.436,
          "Actual Rows": 8,
          "Actual Loops": 1,
          "Inner Unique": false,
          "Merge Cond": "(cn1.id = mc1.company_id)",
          "Plans": [
            {
              "Node Type": "Index Scan",
              "Parent Relationship": "Outer",
              "Parallel Aware": false,
              "Scan Direction": "Forward",
              "Index Name": "company_name_pkey",
              "Relation Name": "company_name",
              "Alias": "cn1",
              "Startup Cost": 0.42,
              "Total Cost": 12469.43,
              "Plan Rows": 85931,
              "Plan Width": 23,
              "Actual Startup Time": 0.04,
              "Actual Total Time": 22.782,
              "Actual Rows": 26007,
              "Actual Loops": 1,
              "Filter": "((country_code)::text = '[us]'::text)",
              "Rows Removed by Filter": 45397
            },
            {
              "Node Type": "Sort",
              "Parent Relationship": "Inner",
              "Parallel Aware": false,
              "Startup Cost": 260807.11,
              "Total Cost": 260807.11,
              "Plan Rows": 1,
              "Plan Width": 69,
              "Actual Startup Time": 982.101,
              "Actual Total Time": 982.346,
              "Actual Rows": 28,
              "Actual Loops": 1,
              "Sort Key": [
                "mc1.company_id"
              ],
              "Sort Method": "quicksort",
              "Sort Space Used": 29,
              "Sort Space Type": "Memory",
              "Plans": [
                {
                  "Node Type": "Merge Join",
                  "Parent Relationship": "Outer",
                  "Parallel Aware": false,
                  "Join Type": "Inner",
                  "Startup Cost": 248345.93,
                  "Total Cost": 260807.1,
                  "Plan Rows": 1,
                  "Plan Width": 69,
                  "Actual Startup Time": 940.645,
                  "Actual Total Time": 982.245,
                  "Actual Rows": 28,
                  "Actual Loops": 1,
                  "Inner Unique": false,
                  "Merge Cond": "(cn2.id = mc2.company_id)",
                  "Plans": [
                    {
                      "Node Type": "Index Scan",
                      "Parent Relationship": "Outer",
                      "Parallel Aware": false,
                      "Scan Direction": "Forward",
                      "Index Name": "company_name_pkey",
                      "Relation Name": "company_name",
                      "Alias": "cn2",
                      "Startup Cost": 0.42,
                      "Total Cost": 11881.93,
                      "Plan Rows": 234997,
                      "Plan Width": 23,
                      "Actual Startup Time": 0.044,
                      "Actual Total Time": 36.515,
                      "Actual Rows": 79743,
                      "Actual Loops": 1
                    },
                    {
                      "Node Type": "Sort",
                      "Parent Relationship": "Inner",
                      "Parallel Aware": false,
                      "Startup Cost": 248345.51,
                      "Total Cost": 248345.51,
                      "Plan Rows": 1,
                      "Plan Width": 54,
                      "Actual Startup Time": 940.525,
                      "Actual Total Time": 940.768,
                      "Actual Rows": 28,
                      "Actual Loops": 1,
                      "Sort Key": [
                        "mc2.company_id"
                      ],
                      "Sort Method": "quicksort",
                      "Sort Space Used": 28,
                      "Sort Space Type": "Memory",
                      "Plans": [
                        {
                          "Node Type": "Merge Join",
                          "Parent Relationship": "Outer",
                          "Parallel Aware": false,
                          "Join Type": "Inner",
                          "Startup Cost": 248345.47,
                          "Total Cost": 248345.5,
                          "Plan Rows": 1,
                          "Plan Width": 54,
                          "Actual Startup Time": 940.435,
                          "Actual Total Time": 940.681,
                          "Actual Rows": 28,
                          "Actual Loops": 1,
                          "Inner Unique": true,
                          "Merge Cond": "(t1.kind_id = kt1.id)",
                          "Plans": [
                            {
                              "Node Type": "Sort",
                              "Parent Relationship": "Outer",
                              "Parallel Aware": false,
                              "Startup Cost": 248344.37,
                              "Total Cost": 248344.38,
                              "Plan Rows": 1,
                              "Plan Width": 58,
                              "Actual Startup Time": 940.405,
                              "Actual Total Time": 940.646,
                              "Actual Rows": 28,
                              "Actual Loops": 1,
                              "Sort Key": [
                                "t1.kind_id"
                              ],
                              "Sort Method": "quicksort",
                              "Sort Space Used": 28,
                              "Sort Space Type": "Memory",
                              "Plans": [
                                {
                                  "Node Type": "Merge Join",
                                  "Parent Relationship": "Outer",
                                  "Parallel Aware": false,
                                  "Join Type": "Inner",
                                  "Startup Cost": 233760.94,
                                  "Total Cost": 248344.36,
                                  "Plan Rows": 1,
                                  "Plan Width": 58,
                                  "Actual Startup Time": 910.562,
                                  "Actual Total Time": 940.555,
                                  "Actual Rows": 28,
                                  "Actual Loops": 1,
                                  "Inner Unique": true,
                                  "Merge Cond": "(ml.movie_id = t1.id)",
                                  "Plans": [
                                    {
                                      "Node Type": "Merge Join",
                                      "Parent Relationship": "Outer",
                                      "Parallel Aware": false,
                                      "Join Type": "Inner",
                                      "Startup Cost": 233760.51,
                                      "Total Cost": 239498.8,
                                      "Plan Rows": 1,
                                      "Plan Width": 49,
                                      "Actual Startup Time": 894.341,
                                      "Actual Total Time": 900.164,
                                      "Actual Rows": 28,
                                      "Actual Loops": 1,
                                      "Inner Unique": false,
                                      "Merge Cond": "(mc1.movie_id = ml.movie_id)",
                                      "Plans": [
                                        {
                                          "Node Type": "Index Scan",
                                          "Parent Relationship": "Outer",
                                          "Parallel Aware": false,
                                          "Scan Direction": "Forward",
                                          "Index Name": "movie_id_movie_companies",
                                          "Relation Name": "movie_companies",
                                          "Alias": "mc1",
                                          "Startup Cost": 0.43,
                                          "Total Cost": 140404.76,
                                          "Plan Rows": 2609129,
                                          "Plan Width": 8,
                                          "Actual Startup Time": 0.063,
                                          "Actual Total Time": 7.443,
                                          "Actual Rows": 33407,
                                          "Actual Loops": 1
                                        },
                                        {
                                          "Node Type": "Materialize",
                                          "Parent Relationship": "Inner",
                                          "Parallel Aware": false,
                                          "Startup Cost": 233760.08,
                                          "Total Cost": 233760.09,
                                          "Plan Rows": 1,
                                          "Plan Width": 41,
                                          "Actual Startup Time": 890.488,
                                          "Actual Total Time": 890.732,
                                          "Actual Rows": 28,
                                          "Actual Loops": 1,
                                          "Plans": [
                                            {
                                              "Node Type": "Sort",
                                              "Parent Relationship": "Outer",
                                              "Parallel Aware": false,
                                              "Startup Cost": 233760.08,
                                              "Total Cost": 233760.08,
                                              "Plan Rows": 1,
                                              "Plan Width": 41,
                                              "Actual Startup Time": 890.466,
                                              "Actual Total Time": 890.704,
                                              "Actual Rows": 10,
                                              "Actual Loops": 1,
                                              "Sort Key": [
                                                "mi_idx1.movie_id"
                                              ],
                                              "Sort Method": "quicksort",
                                              "Sort Space Used": 26,
                                              "Sort Space Type": "Memory",
                                              "Plans": [
                                                {
                                                  "Node Type": "Merge Join",
                                                  "Parent Relationship": "Outer",
                                                  "Parallel Aware": false,
                                                  "Join Type": "Inner",
                                                  "Startup Cost": 229118.8,
                                                  "Total Cost": 233760.07,
                                                  "Plan Rows": 1,
                                                  "Plan Width": 41,
                                                  "Actual Startup Time": 781.648,
                                                  "Actual Total Time": 890.618,
                                                  "Actual Rows": 10,
                                                  "Actual Loops": 1,
                                                  "Inner Unique": false,
                                                  "Merge Cond": "(ml.linked_movie_id = t2.id)",
                                                  "Plans": [
                                                    {
                                                      "Node Type": "Merge Join",
                                                      "Parent Relationship": "Outer",
                                                      "Parallel Aware": false,
                                                      "Join Type": "Inner",
                                                      "Startup Cost": 160923.02,
                                                      "Total Cost": 165243.42,
                                                      "Plan Rows": 9,
                                                      "Plan Width": 36,
                                                      "Actual Startup Time": 616.731,
                                                      "Actual Total Time": 722.56,
                                                      "Actual Rows": 58,
                                                      "Actual Loops": 1,
                                                      "Inner Unique": false,
                                                      "Merge Cond": "(ml.linked_movie_id = mi_idx2.movie_id)",
                                                      "Plans": [
                                                        {
                                                          "Node Type": "Gather Merge",
                                                          "Parent Relationship": "Outer",
                                                          "Parallel Aware": false,
                                                          "Startup Cost": 116770.84,
                                                          "Total Cost": 121059.45,
                                                          "Plan Rows": 675,
                                                          "Plan Width": 26,
                                                          "Actual Startup Time": 415.612,
                                                          "Actual Total Time": 516.839,
                                                          "Actual Rows": 8624,
                                                          "Actual Loops": 1,
                                                          "Workers Planned": 3,
                                                          "Workers Launched": 3,
                                                          "Plans": [
                                                            {
                                                              "Node Type": "Merge Join",
                                                              "Parent Relationship": "Outer",
                                                              "Parallel Aware": false,
                                                              "Join Type": "Inner",
                                                              "Startup Cost": 115770.8,
                                                              "Total Cost": 119980.1,
                                                              "Plan Rows": 218,
                                                              "Plan Width": 26,
                                                              "Actual Startup Time": 400.109,
                                                              "Actual Total Time": 490.549,
                                                              "Actual Rows": 2156,
                                                              "Actual Loops": 4,
                                                              "Inner Unique": false,
                                                              "Merge Cond": "(mc2.movie_id = ml.linked_movie_id)",
                                                              "Plans": [
                                                                {
                                                                  "Node Type": "Sort",
                                                                  "Parent Relationship": "Outer",
                                                                  "Parallel Aware": false,
                                                                  "Startup Cost": 110037.47,
                                                                  "Total Cost": 112141.61,
                                                                  "Plan Rows": 841655,
                                                                  "Plan Width": 8,
                                                                  "Actual Startup Time": 372.743,
                                                                  "Actual Total Time": 408.953,
                                                                  "Actual Rows": 643751,
                                                                  "Actual Loops": 4,
                                                                  "Sort Key": [
                                                                    "mc2.movie_id"
                                                                  ],
                                                                  "Sort Method": "quicksort",
                                                                  "Sort Space Used": 65113,
                                                                  "Sort Space Type": "Memory",
                                                                  "Workers": [
                                                                    {
                                                                      "Worker Number": 0,
                                                                      "Sort Method": "quicksort",
                                                                      "Sort Space Used": 52085,
                                                                      "Sort Space Type": "Memory"
                                                                    },
                                                                    {
                                                                      "Worker Number": 1,
                                                                      "Sort Method": "quicksort",
                                                                      "Sort Space Used": 52038,
                                                                      "Sort Space Type": "Memory"
                                                                    },
                                                                    {
                                                                      "Worker Number": 2,
                                                                      "Sort Method": "quicksort",
                                                                      "Sort Space Used": 51373,
                                                                      "Sort Space Type": "Memory"
                                                                    }
                                                                  ],
                                                                  "Plans": [
                                                                    {
                                                                      "Node Type": "Seq Scan",
                                                                      "Parent Relationship": "Outer",
                                                                      "Parallel Aware": true,
                                                                      "Relation Name": "movie_companies",
                                                                      "Alias": "mc2",
                                                                      "Startup Cost": 0.0,
                                                                      "Total Cost": 27206.55,
                                                                      "Plan Rows": 841655,
                                                                      "Plan Width": 8,
                                                                      "Actual Startup Time": 0.058,
                                                                      "Actual Total Time": 115.905,
                                                                      "Actual Rows": 652282,
                                                                      "Actual Loops": 4
                                                                    }
                                                                  ]
                                                                },
                                                                {
                                                                  "Node Type": "Sort",
                                                                  "Parent Relationship": "Inner",
                                                                  "Parallel Aware": false,
                                                                  "Startup Cost": 5733.1,
                                                                  "Total Cost": 5733.44,
                                                                  "Plan Rows": 135,
                                                                  "Plan Width": 18,
                                                                  "Actual Startup Time": 27.319,
                                                                  "Actual Total Time": 27.663,
                                                                  "Actual Rows": 3492,
                                                                  "Actual Loops": 4,
                                                                  "Sort Key": [
                                                                    "ml.linked_movie_id"
                                                                  ],
                                                                  "Sort Method": "quicksort",
                                                                  "Sort Space Used": 193,
                                                                  "Sort Space Type": "Memory",
                                                                  "Workers": [
                                                                    {
                                                                      "Worker Number": 0,
                                                                      "Sort Method": "quicksort",
                                                                      "Sort Space Used": 193,
                                                                      "Sort Space Type": "Memory"
                                                                    },
                                                                    {
                                                                      "Worker Number": 1,
                                                                      "Sort Method": "quicksort",
                                                                      "Sort Space Used": 193,
                                                                      "Sort Space Type": "Memory"
                                                                    },
                                                                    {
                                                                      "Worker Number": 2,
                                                                      "Sort Method": "quicksort",
                                                                      "Sort Space Used": 193,
                                                                      "Sort Space Type": "Memory"
                                                                    }
                                                                  ],
                                                                  "Plans": [
                                                                    {
                                                                      "Node Type": "Merge Join",
                                                                      "Parent Relationship": "Outer",
                                                                      "Parallel Aware": false,
                                                                      "Join Type": "Inner",
                                                                      "Startup Cost": 5650.47,
                                                                      "Total Cost": 5728.32,
                                                                      "Plan Rows": 135,
                                                                      "Plan Width": 18,
                                                                      "Actual Startup Time": 25.862,
                                                                      "Actual Total Time": 26.379,
                                                                      "Actual Rows": 2064,
                                                                      "Actual Loops": 4,
                                                                      "Inner Unique": true,
                                                                      "Merge Cond": "(mi_idx1.info_type_id = it1.id)",
                                                                      "Plans": [
                                                                        {
                                                                          "Node Type": "Sort",
                                                                          "Parent Relationship": "Outer",
                                                                          "Parallel Aware": false,
                                                                          "Startup Cost": 5648.04,
                                                                          "Total Cost": 5686.29,
                                                                          "Plan Rows": 15300,
                                                                          "Plan Width": 22,
                                                                          "Actual Startup Time": 25.254,
                                                                          "Actual Total Time": 25.606,
                                                                          "Actual Rows": 6192,
                                                                          "Actual Loops": 4,
                                                                          "Sort Key": [
                                                                            "mi_idx1.info_type_id"
                                                                          ],
                                                                          "Sort Method": "quicksort",
                                                                          "Sort Space Used": 676,
                                                                          "Sort Space Type": "Memory",
                                                                          "Workers": [
                                                                            {
                                                                              "Worker Number": 0,
                                                                              "Sort Method": "quicksort",
                                                                              "Sort Space Used": 676,
                                                                              "Sort Space Type": "Memory"
                                                                            },
                                                                            {
                                                                              "Worker Number": 1,
                                                                              "Sort Method": "quicksort",
                                                                              "Sort Space Used": 676,
                                                                              "Sort Space Type": "Memory"
                                                                            },
                                                                            {
                                                                              "Worker Number": 2,
                                                                              "Sort Method": "quicksort",
                                                                              "Sort Space Used": 676,
                                                                              "Sort Space Type": "Memory"
                                                                            }
                                                                          ],
                                                                          "Plans": [
                                                                            {
                                                                              "Node Type": "Merge Join",
                                                                              "Parent Relationship": "Outer",
                                                                              "Parallel Aware": false,
                                                                              "Join Type": "Inner",
                                                                              "Startup Cost": 1870.28,
                                                                              "Total Cost": 4584.6,
                                                                              "Plan Rows": 15300,
                                                                              "Plan Width": 22,
                                                                              "Actual Startup Time": 2.586,
                                                                              "Actual Total Time": 22.43,
                                                                              "Actual Rows": 6192,
                                                                              "Actual Loops": 4,
                                                                              "Inner Unique": false,
                                                                              "Merge Cond": "(mi_idx1.movie_id = ml.movie_id)",
                                                                              "Plans": [
                                                                                {
                                                                                  "Node Type": "Index Scan",
                                                                                  "Parent Relationship": "Outer",
                                                                                  "Parallel Aware": false,
                                                                                  "Scan Direction": "Forward",
                                                                                  "Index Name": "movie_id_movie_info_idx",
                                                                                  "Relation Name": "movie_info_idx",
                                                                                  "Alias": "mi_idx1",
                                                                                  "Startup Cost": 0.43,
                                                                                  "Total Cost": 53622.74,
                                                                                  "Plan Rows": 1380035,
                                                                                  "Plan Width": 14,
                                                                                  "Actual Startup Time": 0.075,
                                                                                  "Actual Total Time": 12.648,
                                                                                  "Actual Rows": 63901,
                                                                                  "Actual Loops": 4
                                                                                },
                                                                                {
                                                                                  "Node Type": "Sort",
                                                                                  "Parent Relationship": "Inner",
                                                                                  "Parallel Aware": false,
                                                                                  "Startup Cost": 1869.83,
                                                                                  "Total Cost": 1882.33,
                                                                                  "Plan Rows": 5000,
                                                                                  "Plan Width": 8,
                                                                                  "Actual Startup Time": 2.482,
                                                                                  "Actual Total Time": 2.895,
                                                                                  "Actual Rows": 6443,
                                                                                  "Actual Loops": 4,
                                                                                  "Sort Key": [
                                                                                    "ml.movie_id"
                                                                                  ],
                                                                                  "Sort Method": "quicksort",
                                                                                  "Sort Space Used": 205,
                                                                                  "Sort Space Type": "Memory",
                                                                                  "Workers": [
                                                                                    {
                                                                                      "Worker Number": 0,
                                                                                      "Sort Method": "quicksort",
                                                                                      "Sort Space Used": 205,
                                                                                      "Sort Space Type": "Memory"
                                                                                    },
                                                                                    {
                                                                                      "Worker Number": 1,
                                                                                      "Sort Method": "quicksort",
                                                                                      "Sort Space Used": 205,
                                                                                      "Sort Space Type": "Memory"
                                                                                    },
                                                                                    {
                                                                                      "Worker Number": 2,
                                                                                      "Sort Method": "quicksort",
                                                                                      "Sort Space Used": 205,
                                                                                      "Sort Space Type": "Memory"
                                                                                    }
                                                                                  ],
                                                                                  "Plans": [
                                                                                    {
                                                                                      "Node Type": "Merge Join",
                                                                                      "Parent Relationship": "Outer",
                                                                                      "Parallel Aware": false,
                                                                                      "Join Type": "Inner",
                                                                                      "Startup Cost": 0.42,
                                                                                      "Total Cost": 1562.63,
                                                                                      "Plan Rows": 5000,
                                                                                      "Plan Width": 8,
                                                                                      "Actual Startup Time": 0.059,
                                                                                      "Actual Total Time": 1.504,
                                                                                      "Actual Rows": 2315,
                                                                                      "Actual Loops": 4,
                                                                                      "Inner Unique": false,
                                                                                      "Merge Cond": "(lt.id = ml.link_type_id)",
                                                                                      "Plans": [
                                                                                        {
                                                                                          "Node Type": "Index Scan",
                                                                                          "Parent Relationship": "Outer",
                                                                                          "Parallel Aware": false,
                                                                                          "Scan Direction": "Forward",
                                                                                          "Index Name": "link_type_pkey",
                                                                                          "Relation Name": "link_type",
                                                                                          "Alias": "lt",
                                                                                          "Startup Cost": 0.14,
                                                                                          "Total Cost": 12.47,
                                                                                          "Plan Rows": 3,
                                                                                          "Plan Width": 4,
                                                                                          "Actual Startup Time": 0.023,
                                                                                          "Actual Total Time": 0.03,
                                                                                          "Actual Rows": 2,
                                                                                          "Actual Loops": 4,
                                                                                          "Filter": "((link)::text = ANY ('{sequel,follows,\"followed by\"}'::text[]))",
                                                                                          "Rows Removed by Filter": 16
                                                                                        },
                                                                                        {
                                                                                          "Node Type": "Index Scan",
                                                                                          "Parent Relationship": "Inner",
                                                                                          "Parallel Aware": false,
                                                                                          "Scan Direction": "Forward",
                                                                                          "Index Name": "link_type_id_movie_link",
                                                                                          "Relation Name": "movie_link",
                                                                                          "Alias": "ml",
                                                                                          "Startup Cost": 0.29,
                                                                                          "Total Cost": 1425.16,
                                                                                          "Plan Rows": 29997,
                                                                                          "Plan Width": 12,
                                                                                          "Actual Startup Time": 0.031,
                                                                                          "Actual Total Time": 1.087,
                                                                                          "Actual Rows": 2316,
                                                                                          "Actual Loops": 4
                                                                                        }
                                                                                      ]
                                                                                    }
                                                                                  ]
                                                                                }
                                                                              ]
                                                                            }
                                                                          ]
                                                                        },
                                                                        {
                                                                          "Node Type": "Sort",
                                                                          "Parent Relationship": "Inner",
                                                                          "Parallel Aware": false,
                                                                          "Startup Cost": 2.42,
                                                                          "Total Cost": 2.43,
                                                                          "Plan Rows": 1,
                                                                          "Plan Width": 4,
                                                                          "Actual Startup Time": 0.049,
                                                                          "Actual Total Time": 0.05,
                                                                          "Actual Rows": 1,
                                                                          "Actual Loops": 4,
                                                                          "Sort Key": [
                                                                            "it1.id"
                                                                          ],
                                                                          "Sort Method": "quicksort",
                                                                          "Sort Space Used": 25,
                                                                          "Sort Space Type": "Memory",
                                                                          "Workers": [
                                                                            {
                                                                              "Worker Number": 0,
                                                                              "Sort Method": "quicksort",
                                                                              "Sort Space Used": 25,
                                                                              "Sort Space Type": "Memory"
                                                                            },
                                                                            {
                                                                              "Worker Number": 1,
                                                                              "Sort Method": "quicksort",
                                                                              "Sort Space Used": 25,
                                                                              "Sort Space Type": "Memory"
                                                                            },
                                                                            {
                                                                              "Worker Number": 2,
                                                                              "Sort Method": "quicksort",
                                                                              "Sort Space Used": 25,
                                                                              "Sort Space Type": "Memory"
                                                                            }
                                                                          ],
                                                                          "Plans": [
                                                                            {
                                                                              "Node Type": "Seq Scan",
                                                                              "Parent Relationship": "Outer",
                                                                              "Parallel Aware": false,
                                                                              "Relation Name": "info_type",
                                                                              "Alias": "it1",
                                                                              "Startup Cost": 0.0,
                                                                              "Total Cost": 2.41,
                                                                              "Plan Rows": 1,
                                                                              "Plan Width": 4,
                                                                              "Actual Startup Time": 0.042,
                                                                              "Actual Total Time": 0.043,
                                                                              "Actual Rows": 1,
                                                                              "Actual Loops": 4,
                                                                              "Filter": "((info)::text = 'rating'::text COLLATE \"C\")",
                                                                              "Rows Removed by Filter": 112
                                                                            }
                                                                          ]
                                                                        }
                                                                      ]
                                                                    }
                                                                  ]
                                                                }
                                                              ]
                                                            }
                                                          ]
                                                        },
                                                        {
                                                          "Node Type": "Sort",
                                                          "Parent Relationship": "Inner",
                                                          "Parallel Aware": false,
                                                          "Startup Cost": 44152.17,
                                                          "Total Cost": 44167.19,
                                                          "Plan Rows": 6007,
                                                          "Plan Width": 10,
                                                          "Actual Startup Time": 200.166,
                                                          "Actual Total Time": 203.498,
                                                          "Actual Rows": 25220,
                                                          "Actual Loops": 1,
                                                          "Sort Key": [
                                                            "mi_idx2.movie_id"
                                                          ],
                                                          "Sort Method": "quicksort",
                                                          "Sort Space Used": 1968,
                                                          "Sort Space Type": "Memory",
                                                          "Plans": [
                                                            {
                                                              "Node Type": "Gather",
                                                              "Parent Relationship": "Outer",
                                                              "Parallel Aware": false,
                                                              "Startup Cost": 41735.26,
                                                              "Total Cost": 43775.16,
                                                              "Plan Rows": 6007,
                                                              "Plan Width": 10,
                                                              "Actual Startup Time": 185.184,
                                                              "Actual Total Time": 194.331,
                                                              "Actual Rows": 25591,
                                                              "Actual Loops": 1,
                                                              "Workers Planned": 2,
                                                              "Workers Launched": 2,
                                                              "Single Copy": false,
                                                              "Plans": [
                                                                {
                                                                  "Node Type": "Merge Join",
                                                                  "Parent Relationship": "Outer",
                                                                  "Parallel Aware": false,
                                                                  "Join Type": "Inner",
                                                                  "Startup Cost": 40735.26,
                                                                  "Total Cost": 42174.46,
                                                                  "Plan Rows": 2503,
                                                                  "Plan Width": 10,
                                                                  "Actual Startup Time": 174.52,
                                                                  "Actual Total Time": 177.13,
                                                                  "Actual Rows": 8530,
                                                                  "Actual Loops": 3,
                                                                  "Inner Unique": true,
                                                                  "Merge Cond": "(mi_idx2.info_type_id = it2.id)",
                                                                  "Plans": [
                                                                    {
                                                                      "Node Type": "Sort",
                                                                      "Parent Relationship": "Outer",
                                                                      "Parallel Aware": false,
                                                                      "Startup Cost": 40732.83,
                                                                      "Total Cost": 41439.91,
                                                                      "Plan Rows": 282835,
                                                                      "Plan Width": 14,
                                                                      "Actual Startup Time": 149.111,
                                                                      "Actual Total Time": 160.886,
                                                                      "Actual Rows": 224884,
                                                                      "Actual Loops": 3,
                                                                      "Sort Key": [
                                                                        "mi_idx2.info_type_id"
                                                                      ],
                                                                      "Sort Method": "quicksort",
                                                                      "Sort Space Used": 33337,
                                                                      "Sort Space Type": "Memory",
                                                                      "Workers": [
                                                                        {
                                                                          "Worker Number": 0,
                                                                          "Sort Method": "quicksort",
                                                                          "Sort Space Used": 18265,
                                                                          "Sort Space Type": "Memory"
                                                                        },
                                                                        {
                                                                          "Worker Number": 1,
                                                                          "Sort Method": "quicksort",
                                                                          "Sort Space Used": 18276,
                                                                          "Sort Space Type": "Memory"
                                                                        }
                                                                      ],
                                                                      "Plans": [
                                                                        {
                                                                          "Node Type": "Seq Scan",
                                                                          "Parent Relationship": "Outer",
                                                                          "Parallel Aware": true,
                                                                          "Relation Name": "movie_info_idx",
                                                                          "Alias": "mi_idx2",
                                                                          "Startup Cost": 0.0,
                                                                          "Total Cost": 15122.68,
                                                                          "Plan Rows": 282835,
                                                                          "Plan Width": 14,
                                                                          "Actual Startup Time": 0.055,
                                                                          "Actual Total Time": 82.179,
                                                                          "Actual Rows": 224943,
                                                                          "Actual Loops": 3,
                                                                          "Filter": "(info < '3.0'::text)",
                                                                          "Rows Removed by Filter": 235069
                                                                        }
                                                                      ]
                                                                    },
                                                                    {
                                                                      "Node Type": "Sort",
                                                                      "Parent Relationship": "Inner",
                                                                      "Parallel Aware": false,
                                                                      "Startup Cost": 2.42,
                                                                      "Total Cost": 2.43,
                                                                      "Plan Rows": 1,
                                                                      "Plan Width": 4,
                                                                      "Actual Startup Time": 0.054,
                                                                      "Actual Total Time": 0.054,
                                                                      "Actual Rows": 1,
                                                                      "Actual Loops": 3,
                                                                      "Sort Key": [
                                                                        "it2.id"
                                                                      ],
                                                                      "Sort Method": "quicksort",
                                                                      "Sort Space Used": 25,
                                                                      "Sort Space Type": "Memory",
                                                                      "Workers": [
                                                                        {
                                                                          "Worker Number": 0,
                                                                          "Sort Method": "quicksort",
                                                                          "Sort Space Used": 25,
                                                                          "Sort Space Type": "Memory"
                                                                        },
                                                                        {
                                                                          "Worker Number": 1,
                                                                          "Sort Method": "quicksort",
                                                                          "Sort Space Used": 25,
                                                                          "Sort Space Type": "Memory"
                                                                        }
                                                                      ],
                                                                      "Plans": [
                                                                        {
                                                                          "Node Type": "Seq Scan",
                                                                          "Parent Relationship": "Outer",
                                                                          "Parallel Aware": false,
                                                                          "Relation Name": "info_type",
                                                                          "Alias": "it2",
                                                                          "Startup Cost": 0.0,
                                                                          "Total Cost": 2.41,
                                                                          "Plan Rows": 1,
                                                                          "Plan Width": 4,
                                                                          "Actual Startup Time": 0.042,
                                                                          "Actual Total Time": 0.044,
                                                                          "Actual Rows": 1,
                                                                          "Actual Loops": 3,
                                                                          "Filter": "((info)::text = 'rating'::text COLLATE \"C\")",
                                                                          "Rows Removed by Filter": 112
                                                                        }
                                                                      ]
                                                                    }
                                                                  ]
                                                                }
                                                              ]
                                                            }
                                                          ]
                                                        }
                                                      ]
                                                    },
                                                    {
                                                      "Node Type": "Sort",
                                                      "Parent Relationship": "Inner",
                                                      "Parallel Aware": false,
                                                      "Startup Cost": 68195.75,
                                                      "Total Cost": 68356.39,
                                                      "Plan Rows": 64259,
                                                      "Plan Width": 21,
                                                      "Actual Startup Time": 164.843,
                                                      "Actual Total Time": 166.484,
                                                      "Actual Rows": 15807,
                                                      "Actual Loops": 1,
                                                      "Sort Key": [
                                                        "t2.id"
                                                      ],
                                                      "Sort Method": "quicksort",
                                                      "Sort Space Used": 1504,
                                                      "Sort Space Type": "Memory",
                                                      "Plans": [
                                                        {
                                                          "Node Type": "Gather",
                                                          "Parent Relationship": "Outer",
                                                          "Parallel Aware": false,
                                                          "Startup Cost": 55915.32,
                                                          "Total Cost": 63064.15,
                                                          "Plan Rows": 64259,
                                                          "Plan Width": 21,
                                                          "Actual Startup Time": 155.893,
                                                          "Actual Total Time": 159.515,
                                                          "Actual Rows": 15807,
                                                          "Actual Loops": 1,
                                                          "Workers Planned": 4,
                                                          "Workers Launched": 4,
                                                          "Single Copy": false,
                                                          "Plans": [
                                                            {
                                                              "Node Type": "Merge Join",
                                                              "Parent Relationship": "Outer",
                                                              "Parallel Aware": false,
                                                              "Join Type": "Inner",
                                                              "Startup Cost": 54915.32,
                                                              "Total Cost": 55638.25,
                                                              "Plan Rows": 16065,
                                                              "Plan Width": 21,
                                                              "Actual Startup Time": 147.634,
                                                              "Actual Total Time": 148.966,
                                                              "Actual Rows": 3161,
                                                              "Actual Loops": 5,
                                                              "Inner Unique": true,
                                                              "Merge Cond": "(t2.kind_id = kt2.id)",
                                                              "Plans": [
                                                                {
                                                                  "Node Type": "Sort",
                                                                  "Parent Relationship": "Outer",
                                                                  "Parallel Aware": false,
                                                                  "Startup Cost": 54914.22,
                                                                  "Total Cost": 55195.36,
                                                                  "Plan Rows": 112454,
                                                                  "Plan Width": 25,
                                                                  "Actual Startup Time": 145.676,
                                                                  "Actual Total Time": 147.086,
                                                                  "Actual Rows": 17453,
                                                                  "Actual Loops": 5,
                                                                  "Sort Key": [
                                                                    "t2.kind_id"
                                                                  ],
                                                                  "Sort Method": "quicksort",
                                                                  "Sort Space Used": 16490,
                                                                  "Sort Space Type": "Memory",
                                                                  "Workers": [
                                                                    {
                                                                      "Worker Number": 0,
                                                                      "Sort Method": "quicksort",
                                                                      "Sort Space Used": 8635,
                                                                      "Sort Space Type": "Memory"
                                                                    },
                                                                    {
                                                                      "Worker Number": 1,
                                                                      "Sort Method": "quicksort",
                                                                      "Sort Space Used": 9422,
                                                                      "Sort Space Type": "Memory"
                                                                    },
                                                                    {
                                                                      "Worker Number": 2,
                                                                      "Sort Method": "quicksort",
                                                                      "Sort Space Used": 8577,
                                                                      "Sort Space Type": "Memory"
                                                                    },
                                                                    {
                                                                      "Worker Number": 3,
                                                                      "Sort Method": "quicksort",
                                                                      "Sort Space Used": 8730,
                                                                      "Sort Space Type": "Memory"
                                                                    }
                                                                  ],
                                                                  "Plans": [
                                                                    {
                                                                      "Node Type": "Seq Scan",
                                                                      "Parent Relationship": "Outer",
                                                                      "Parallel Aware": true,
                                                                      "Relation Name": "title",
                                                                      "Alias": "t2",
                                                                      "Startup Cost": 0.0,
                                                                      "Total Cost": 45479.91,
                                                                      "Plan Rows": 112454,
                                                                      "Plan Width": 25,
                                                                      "Actual Startup Time": 0.045,
                                                                      "Actual Total Time": 111.774,
                                                                      "Actual Rows": 89172,
                                                                      "Actual Loops": 5,
                                                                      "Filter": "((production_year >= 2005) AND (production_year <= 2008))",
                                                                      "Rows Removed by Filter": 416490
                                                                    }
                                                                  ]
                                                                },
                                                                {
                                                                  "Node Type": "Sort",
                                                                  "Parent Relationship": "Inner",
                                                                  "Parallel Aware": false,
                                                                  "Startup Cost": 1.1,
                                                                  "Total Cost": 1.1,
                                                                  "Plan Rows": 1,
                                                                  "Plan Width": 4,
                                                                  "Actual Startup Time": 0.056,
                                                                  "Actual Total Time": 0.057,
                                                                  "Actual Rows": 1,
                                                                  "Actual Loops": 5,
                                                                  "Sort Key": [
                                                                    "kt2.id"
                                                                  ],
                                                                  "Sort Method": "quicksort",
                                                                  "Sort Space Used": 25,
                                                                  "Sort Space Type": "Memory",
                                                                  "Workers": [
                                                                    {
                                                                      "Worker Number": 0,
                                                                      "Sort Method": "quicksort",
                                                                      "Sort Space Used": 25,
                                                                      "Sort Space Type": "Memory"
                                                                    },
                                                                    {
                                                                      "Worker Number": 1,
                                                                      "Sort Method": "quicksort",
                                                                      "Sort Space Used": 25,
                                                                      "Sort Space Type": "Memory"
                                                                    },
                                                                    {
                                                                      "Worker Number": 2,
                                                                      "Sort Method": "quicksort",
                                                                      "Sort Space Used": 25,
                                                                      "Sort Space Type": "Memory"
                                                                    },
                                                                    {
                                                                      "Worker Number": 3,
                                                                      "Sort Method": "quicksort",
                                                                      "Sort Space Used": 25,
                                                                      "Sort Space Type": "Memory"
                                                                    }
                                                                  ],
                                                                  "Plans": [
                                                                    {
                                                                      "Node Type": "Seq Scan",
                                                                      "Parent Relationship": "Outer",
                                                                      "Parallel Aware": false,
                                                                      "Relation Name": "kind_type",
                                                                      "Alias": "kt2",
                                                                      "Startup Cost": 0.0,
                                                                      "Total Cost": 1.09,
                                                                      "Plan Rows": 1,
                                                                      "Plan Width": 4,
                                                                      "Actual Startup Time": 0.045,
                                                                      "Actual Total Time": 0.046,
                                                                      "Actual Rows": 1,
                                                                      "Actual Loops": 5,
                                                                      "Filter": "((kind)::text = 'tv series'::text COLLATE \"C\")",
                                                                      "Rows Removed by Filter": 6
                                                                    }
                                                                  ]
                                                                }
                                                              ]
                                                            }
                                                          ]
                                                        }
                                                      ]
                                                    }
                                                  ]
                                                }
                                              ]
                                            }
                                          ]
                                        }
                                      ]
                                    },
                                    {
                                      "Node Type": "Index Scan",
                                      "Parent Relationship": "Inner",
                                      "Parallel Aware": false,
                                      "Scan Direction": "Forward",
                                      "Index Name": "title_pkey",
                                      "Relation Name": "title",
                                      "Alias": "t1",
                                      "Startup Cost": 0.43,
                                      "Total Cost": 110359.06,
                                      "Plan Rows": 2528509,
                                      "Plan Width": 25,
                                      "Actual Startup Time": 0.027,
                                      "Actual Total Time": 36.678,
                                      "Actual Rows": 63971,
                                      "Actual Loops": 1
                                    }
                                  ]
                                }
                              ]
                            },
                            {
                              "Node Type": "Sort",
                              "Parent Relationship": "Inner",
                              "Parallel Aware": false,
                              "Startup Cost": 1.1,
                              "Total Cost": 1.1,
                              "Plan Rows": 1,
                              "Plan Width": 4,
                              "Actual Startup Time": 0.026,
                              "Actual Total Time": 0.027,
                              "Actual Rows": 1,
                              "Actual Loops": 1,
                              "Sort Key": [
                                "kt1.id"
                              ],
                              "Sort Method": "quicksort",
                              "Sort Space Used": 25,
                              "Sort Space Type": "Memory",
                              "Plans": [
                                {
                                  "Node Type": "Seq Scan",
                                  "Parent Relationship": "Outer",
                                  "Parallel Aware": false,
                                  "Relation Name": "kind_type",
                                  "Alias": "kt1",
                                  "Startup Cost": 0.0,
                                  "Total Cost": 1.09,
                                  "Plan Rows": 1,
                                  "Plan Width": 4,
                                  "Actual Startup Time": 0.015,
                                  "Actual Total Time": 0.016,
                                  "Actual Rows": 1,
                                  "Actual Loops": 1,
                                  "Filter": "((kind)::text = 'tv series'::text COLLATE \"C\")",
                                  "Rows Removed by Filter": 6
                                }
                              ]
                            }
                          ]
                        }
                      ]
                    }
                  ]
                }
              ]
            }
          ]
        }
      ]
    },
    "Planning Time": 8278.218,
    "Triggers": [],
    "Execution Time": 1014.075
  }
]