[
    {
        "Bao": {
            "Bao prediction": "NaN",
            "Bao recommended hint": "(no hint)"
        }
    },
    {
        "Plan": {
            "Node Type": "Aggregate",
            "Strategy": "Plain",
            "Partial Mode": "Finalize",
            "Parallel Aware": false,
            "Startup Cost": 234130.87,
            "Total Cost": 234130.88,
            "Plan Rows": 1,
            "Plan Width": 8,
            "Actual Startup Time": 322.113,
            "Actual Total Time": 337.295,
            "Actual Rows": 1,
            "Actual Loops": 1,
            "Output": [
                "count(*)"
            ],
            "Plans": [
                {
                    "Node Type": "Gather",
                    "Parent Relationship": "Outer",
                    "Parallel Aware": false,
                    "Startup Cost": 234130.35,
                    "Total Cost": 234130.86,
                    "Plan Rows": 5,
                    "Plan Width": 8,
                    "Actual Startup Time": 319.622,
                    "Actual Total Time": 337.286,
                    "Actual Rows": 6,
                    "Actual Loops": 1,
                    "Output": [
                        "(PARTIAL count(*))"
                    ],
                    "Workers Planned": 5,
                    "Workers Launched": 5,
                    "Single Copy": false,
                    "Plans": [
                        {
                            "Node Type": "Aggregate",
                            "Strategy": "Plain",
                            "Partial Mode": "Partial",
                            "Parent Relationship": "Outer",
                            "Parallel Aware": false,
                            "Startup Cost": 233130.35,
                            "Total Cost": 233130.36,
                            "Plan Rows": 1,
                            "Plan Width": 8,
                            "Actual Startup Time": 309.379,
                            "Actual Total Time": 309.383,
                            "Actual Rows": 1,
                            "Actual Loops": 6,
                            "Output": [
                                "PARTIAL count(*)"
                            ],
                            "Workers": [
                                {
                                    "Worker Number": 0,
                                    "Actual Startup Time": 306.815,
                                    "Actual Total Time": 306.82,
                                    "Actual Rows": 1,
                                    "Actual Loops": 1
                                },
                                {
                                    "Worker Number": 1,
                                    "Actual Startup Time": 307.124,
                                    "Actual Total Time": 307.129,
                                    "Actual Rows": 1,
                                    "Actual Loops": 1
                                },
                                {
                                    "Worker Number": 2,
                                    "Actual Startup Time": 307.174,
                                    "Actual Total Time": 307.177,
                                    "Actual Rows": 1,
                                    "Actual Loops": 1
                                },
                                {
                                    "Worker Number": 3,
                                    "Actual Startup Time": 307.929,
                                    "Actual Total Time": 307.932,
                                    "Actual Rows": 1,
                                    "Actual Loops": 1
                                },
                                {
                                    "Worker Number": 4,
                                    "Actual Startup Time": 308.147,
                                    "Actual Total Time": 308.15,
                                    "Actual Rows": 1,
                                    "Actual Loops": 1
                                }
                            ],
                            "Plans": [
                                {
                                    "Node Type": "Hash Join",
                                    "Parent Relationship": "Outer",
                                    "Parallel Aware": true,
                                    "Join Type": "Inner",
                                    "Startup Cost": 67494.06,
                                    "Total Cost": 233106.64,
                                    "Plan Rows": 9484,
                                    "Plan Width": 0,
                                    "Actual Startup Time": 234.352,
                                    "Actual Total Time": 309.23,
                                    "Actual Rows": 1550,
                                    "Actual Loops": 6,
                                    "Inner Unique": true,
                                    "Hash Cond": "(mi.movie_id = t.id)",
                                    "Workers": [
                                        {
                                            "Worker Number": 0,
                                            "Actual Startup Time": 231.393,
                                            "Actual Total Time": 306.675,
                                            "Actual Rows": 1226,
                                            "Actual Loops": 1
                                        },
                                        {
                                            "Worker Number": 1,
                                            "Actual Startup Time": 231.721,
                                            "Actual Total Time": 306.969,
                                            "Actual Rows": 1369,
                                            "Actual Loops": 1
                                        },
                                        {
                                            "Worker Number": 2,
                                            "Actual Startup Time": 232.481,
                                            "Actual Total Time": 307.024,
                                            "Actual Rows": 1140,
                                            "Actual Loops": 1
                                        },
                                        {
                                            "Worker Number": 3,
                                            "Actual Startup Time": 233.338,
                                            "Actual Total Time": 307.772,
                                            "Actual Rows": 1431,
                                            "Actual Loops": 1
                                        },
                                        {
                                            "Worker Number": 4,
                                            "Actual Startup Time": 233.486,
                                            "Actual Total Time": 307.994,
                                            "Actual Rows": 1340,
                                            "Actual Loops": 1
                                        }
                                    ],
                                    "Plans": [
                                        {
                                            "Node Type": "Bitmap Heap Scan",
                                            "Parent Relationship": "Outer",
                                            "Parallel Aware": true,
                                            "Relation Name": "movie_info",
                                            "Schema": "public",
                                            "Alias": "mi",
                                            "Startup Cost": 21701.74,
                                            "Total Cost": 186686.12,
                                            "Plan Rows": 239311,
                                            "Plan Width": 4,
                                            "Actual Startup Time": 91.026,
                                            "Actual Total Time": 174.031,
                                            "Actual Rows": 200785,
                                            "Actual Loops": 6,
                                            "Output": [
                                                "mi.id",
                                                "mi.movie_id",
                                                "mi.info_type_id",
                                                "mi.info",
                                                "mi.note"
                                            ],
                                            "Recheck Cond": "(mi.info_type_id > 18)",
                                            "Rows Removed by Index Recheck": 0,
                                            "Exact Heap Blocks": 10380,
                                            "Lossy Heap Blocks": 0,
                                            "Workers": [
                                                {
                                                    "Worker Number": 0,
                                                    "Actual Startup Time": 91.014,
                                                    "Actual Total Time": 174.639,
                                                    "Actual Rows": 173428,
                                                    "Actual Loops": 1
                                                },
                                                {
                                                    "Worker Number": 1,
                                                    "Actual Startup Time": 90.81,
                                                    "Actual Total Time": 175.102,
                                                    "Actual Rows": 213540,
                                                    "Actual Loops": 1
                                                },
                                                {
                                                    "Worker Number": 2,
                                                    "Actual Startup Time": 91.01,
                                                    "Actual Total Time": 174.928,
                                                    "Actual Rows": 161245,
                                                    "Actual Loops": 1
                                                },
                                                {
                                                    "Worker Number": 3,
                                                    "Actual Startup Time": 90.951,
                                                    "Actual Total Time": 175.53,
                                                    "Actual Rows": 177785,
                                                    "Actual Loops": 1
                                                },
                                                {
                                                    "Worker Number": 4,
                                                    "Actual Startup Time": 91.178,
                                                    "Actual Total Time": 175.501,
                                                    "Actual Rows": 177353,
                                                    "Actual Loops": 1
                                                }
                                            ],
                                            "Plans": [
                                                {
                                                    "Node Type": "Bitmap Index Scan",
                                                    "Parent Relationship": "Outer",
                                                    "Parallel Aware": false,
                                                    "Index Name": "info_type_id_movie_info",
                                                    "Startup Cost": 0.0,
                                                    "Total Cost": 21402.6,
                                                    "Plan Rows": 1196555,
                                                    "Plan Width": 0,
                                                    "Actual Startup Time": 82.143,
                                                    "Actual Total Time": 82.143,
                                                    "Actual Rows": 1204709,
                                                    "Actual Loops": 1,
                                                    "Index Cond": "(mi.info_type_id > 18)",
                                                    "Workers": [
                                                        {
                                                            "Worker Number": 1,
                                                            "Actual Startup Time": 82.143,
                                                            "Actual Total Time": 82.143,
                                                            "Actual Rows": 1204709,
                                                            "Actual Loops": 1
                                                        }
                                                    ]
                                                }
                                            ]
                                        },
                                        {
                                            "Node Type": "Hash",
                                            "Parent Relationship": "Inner",
                                            "Parallel Aware": true,
                                            "Startup Cost": 45479.21,
                                            "Total Cost": 45479.21,
                                            "Plan Rows": 25049,
                                            "Plan Width": 4,
                                            "Actual Startup Time": 96.963,
                                            "Actual Total Time": 96.964,
                                            "Actual Rows": 18400,
                                            "Actual Loops": 6,
                                            "Output": [
                                                "t.id"
                                            ],
                                            "Hash Buckets": 131072,
                                            "Original Hash Buckets": 131072,
                                            "Hash Batches": 1,
                                            "Original Hash Batches": 1,
                                            "Peak Memory Usage": 5440,
                                            "Workers": [
                                                {
                                                    "Worker Number": 0,
                                                    "Actual Startup Time": 94.633,
                                                    "Actual Total Time": 94.635,
                                                    "Actual Rows": 13551,
                                                    "Actual Loops": 1
                                                },
                                                {
                                                    "Worker Number": 1,
                                                    "Actual Startup Time": 95.042,
                                                    "Actual Total Time": 95.043,
                                                    "Actual Rows": 13818,
                                                    "Actual Loops": 1
                                                },
                                                {
                                                    "Worker Number": 2,
                                                    "Actual Startup Time": 95.016,
                                                    "Actual Total Time": 95.017,
                                                    "Actual Rows": 14123,
                                                    "Actual Loops": 1
                                                },
                                                {
                                                    "Worker Number": 3,
                                                    "Actual Startup Time": 95.817,
                                                    "Actual Total Time": 95.818,
                                                    "Actual Rows": 14207,
                                                    "Actual Loops": 1
                                                },
                                                {
                                                    "Worker Number": 4,
                                                    "Actual Startup Time": 95.975,
                                                    "Actual Total Time": 95.976,
                                                    "Actual Rows": 14278,
                                                    "Actual Loops": 1
                                                }
                                            ],
                                            "Plans": [
                                                {
                                                    "Node Type": "Seq Scan",
                                                    "Parent Relationship": "Outer",
                                                    "Parallel Aware": true,
                                                    "Relation Name": "title",
                                                    "Schema": "public",
                                                    "Alias": "t",
                                                    "Startup Cost": 0.0,
                                                    "Total Cost": 45479.21,
                                                    "Plan Rows": 25049,
                                                    "Plan Width": 4,
                                                    "Actual Startup Time": 0.043,
                                                    "Actual Total Time": 87.956,
                                                    "Actual Rows": 18400,
                                                    "Actual Loops": 6,
                                                    "Output": [
                                                        "t.id"
                                                    ],
                                                    "Filter": "((t.kind_id = 7) AND (t.production_year = 2012))",
                                                    "Rows Removed by Filter": 402985,
                                                    "Workers": [
                                                        {
                                                            "Worker Number": 0,
                                                            "Actual Startup Time": 0.043,
                                                            "Actual Total Time": 86.35,
                                                            "Actual Rows": 13551,
                                                            "Actual Loops": 1
                                                        },
                                                        {
                                                            "Worker Number": 1,
                                                            "Actual Startup Time": 0.056,
                                                            "Actual Total Time": 86.472,
                                                            "Actual Rows": 13818,
                                                            "Actual Loops": 1
                                                        },
                                                        {
                                                            "Worker Number": 2,
                                                            "Actual Startup Time": 0.064,
                                                            "Actual Total Time": 87.38,
                                                            "Actual Rows": 14123,
                                                            "Actual Loops": 1
                                                        },
                                                        {
                                                            "Worker Number": 3,
                                                            "Actual Startup Time": 0.032,
                                                            "Actual Total Time": 87.425,
                                                            "Actual Rows": 14207,
                                                            "Actual Loops": 1
                                                        },
                                                        {
                                                            "Worker Number": 4,
                                                            "Actual Startup Time": 0.048,
                                                            "Actual Total Time": 87.419,
                                                            "Actual Rows": 14278,
                                                            "Actual Loops": 1
                                                        }
                                                    ]
                                                }
                                            ]
                                        }
                                    ]
                                }
                            ]
                        }
                    ]
                }
            ]
        },
        "Planning Time": 191.204,
        "Triggers": [],
        "Execution Time": 337.384
    }
]