[
  {
    "Plan": {
      "Node Type": "Aggregate",
      "Strategy": "Plain",
      "Partial Mode": "Finalize",
      "Parallel Aware": false,
      "Startup Cost": 336098.08,
      "Total Cost": 336098.09,
      "Plan Rows": 1,
      "Plan Width": 8,
      "Actual Startup Time": 691.189,
      "Actual Total Time": 748.922,
      "Actual Rows": 1,
      "Actual Loops": 1,
      "Plans": [
        {
          "Node Type": "Gather",
          "Parent Relationship": "Outer",
          "Parallel Aware": false,
          "Startup Cost": 336097.45,
          "Total Cost": 336098.06,
          "Plan Rows": 6,
          "Plan Width": 8,
          "Actual Startup Time": 691.084,
          "Actual Total Time": 748.91,
          "Actual Rows": 7,
          "Actual Loops": 1,
          "Workers Planned": 6,
          "Workers Launched": 6,
          "Single Copy": false,
          "Plans": [
            {
              "Node Type": "Aggregate",
              "Strategy": "Plain",
              "Partial Mode": "Partial",
              "Parent Relationship": "Outer",
              "Parallel Aware": false,
              "Startup Cost": 335097.45,
              "Total Cost": 335097.46,
              "Plan Rows": 1,
              "Plan Width": 8,
              "Actual Startup Time": 682.462,
              "Actual Total Time": 682.463,
              "Actual Rows": 1,
              "Actual Loops": 7,
              "Plans": [
                {
                  "Node Type": "Seq Scan",
                  "Parent Relationship": "Outer",
                  "Parallel Aware": true,
                  "Relation Name": "cast_info",
                  "Alias": "ci",
                  "Startup Cost": 0.0,
                  "Total Cost": 328162.03,
                  "Plan Rows": 2774170,
                  "Plan Width": 0,
                  "Actual Startup Time": 217.016,
                  "Actual Total Time": 583.463,
                  "Actual Rows": 2371050,
                  "Actual Loops": 7,
                  "Filter": "(person_id > 1969206)",
                  "Rows Removed by Filter": 2806713
                }
              ]
            }
          ]
        }
      ]
    },
    "Planning Time": 0.205,
    "Triggers": [],
    "Execution Time": 748.998
  }
]