[
  {
    "Plan": {
      "Node Type": "Aggregate",
      "Strategy": "Plain",
      "Partial Mode": "Finalize",
      "Parallel Aware": false,
      "Startup Cost": 381782.37,
      "Total Cost": 381782.38,
      "Plan Rows": 1,
      "Plan Width": 8,
      "Actual Startup Time": 1180.008,
      "Actual Total Time": 1235.521,
      "Actual Rows": 1,
      "Actual Loops": 1,
      "Plans": [
        {
          "Node Type": "Gather",
          "Parent Relationship": "Outer",
          "Parallel Aware": false,
          "Startup Cost": 381781.74,
          "Total Cost": 381782.35,
          "Plan Rows": 6,
          "Plan Width": 8,
          "Actual Startup Time": 1177.688,
          "Actual Total Time": 1235.505,
          "Actual Rows": 7,
          "Actual Loops": 1,
          "Workers Planned": 6,
          "Workers Launched": 6,
          "Single Copy": false,
          "Plans": [
            {
              "Node Type": "Aggregate",
              "Strategy": "Plain",
              "Partial Mode": "Partial",
              "Parent Relationship": "Outer",
              "Parallel Aware": false,
              "Startup Cost": 380781.74,
              "Total Cost": 380781.75,
              "Plan Rows": 1,
              "Plan Width": 8,
              "Actual Startup Time": 1169.568,
              "Actual Total Time": 1169.573,
              "Actual Rows": 1,
              "Actual Loops": 7,
              "Plans": [
                {
                  "Node Type": "Hash Join",
                  "Parent Relationship": "Outer",
                  "Parallel Aware": true,
                  "Join Type": "Inner",
                  "Startup Cost": 46896.66,
                  "Total Cost": 379954.03,
                  "Plan Rows": 331087,
                  "Plan Width": 0,
                  "Actual Startup Time": 105.442,
                  "Actual Total Time": 1152.104,
                  "Actual Rows": 254736,
                  "Actual Loops": 7,
                  "Inner Unique": true,
                  "Hash Cond": "(ci.movie_id = t.id)",
                  "Plans": [
                    {
                      "Node Type": "Seq Scan",
                      "Parent Relationship": "Outer",
                      "Parallel Aware": true,
                      "Relation Name": "cast_info",
                      "Alias": "ci",
                      "Startup Cost": 0.0,
                      "Total Cost": 328211.39,
                      "Plan Rows": 1846081,
                      "Plan Width": 4,
                      "Actual Startup Time": 0.04,
                      "Actual Total Time": 682.104,
                      "Actual Rows": 1594799,
                      "Actual Loops": 7,
                      "Filter": "(person_id < 1095557)",
                      "Rows Removed by Filter": 3582964
                    },
                    {
                      "Node Type": "Hash",
                      "Parent Relationship": "Inner",
                      "Parallel Aware": true,
                      "Startup Cost": 45479.59,
                      "Total Cost": 45479.59,
                      "Plan Rows": 113366,
                      "Plan Width": 4,
                      "Actual Startup Time": 103.41,
                      "Actual Total Time": 103.411,
                      "Actual Rows": 47183,
                      "Actual Loops": 7,
                      "Hash Buckets": 524288,
                      "Original Hash Buckets": 524288,
                      "Hash Batches": 1,
                      "Original Hash Batches": 1,
                      "Peak Memory Usage": 17152,
                      "Plans": [
                        {
                          "Node Type": "Seq Scan",
                          "Parent Relationship": "Outer",
                          "Parallel Aware": true,
                          "Relation Name": "title",
                          "Alias": "t",
                          "Startup Cost": 0.0,
                          "Total Cost": 45479.59,
                          "Plan Rows": 113366,
                          "Plan Width": 4,
                          "Actual Startup Time": 39.084,
                          "Actual Total Time": 80.207,
                          "Actual Rows": 47183,
                          "Actual Loops": 7,
                          "Filter": "((kind_id < 2) AND (production_year > 1991))",
                          "Rows Removed by Filter": 314005
                        }
                      ]
                    }
                  ]
                }
              ]
            }
          ]
        }
      ]
    },
    "Planning Time": 0.311,
    "Triggers": [],
    "Execution Time": 1235.591
  }
]