{
  "Plan": {
    "Node Type": "Aggregate",
    "Strategy": "Plain",
    "Partial Mode": "Simple",
    "Parallel Aware": false,
    "Startup Cost": 15070.57,
    "Total Cost": 15070.58,
    "Plan Rows": 1,
    "Plan Width": 96,
    "Actual Startup Time": 1665.006,
    "Actual Total Time": 1665.013,
    "Actual Rows": 1,
    "Actual Loops": 1,
    "Plans": [
      {
        "Node Type": "Nested Loop",
        "Parent Relationship": "Outer",
        "Parallel Aware": false,
        "Join Type": "Inner",
        "Startup Cost": 13.48,
        "Total Cost": 15070.57,
        "Plan Rows": 1,
        "Plan Width": 39,
        "Actual Startup Time": 5.809,
        "Actual Total Time": 1663.485,
        "Actual Rows": 5400,
        "Actual Loops": 1,
        "Inner Unique": true,
        "Plans": [
          {
            "Node Type": "Nested Loop",
            "Parent Relationship": "Outer",
            "Parallel Aware": false,
            "Join Type": "Inner",
            "Startup Cost": 13.05,
            "Total Cost": 15064.16,
            "Plan Rows": 14,
            "Plan Width": 27,
            "Actual Startup Time": 5.215,
            "Actual Total Time": 1333.471,
            "Actual Rows": 189738,
            "Actual Loops": 1,
            "Inner Unique": true,
            "Plans": [
              {
                "Node Type": "Nested Loop",
                "Parent Relationship": "Outer",
                "Parallel Aware": false,
                "Join Type": "Inner",
                "Startup Cost": 12.62,
                "Total Cost": 15057.78,
                "Plan Rows": 14,
                "Plan Width": 31,
                "Actual Startup Time": 5.195,
                "Actual Total Time": 578.563,
                "Actual Rows": 189738,
                "Actual Loops": 1,
                "Inner Unique": false,
                "Plans": [
                  {
                    "Node Type": "Nested Loop",
                    "Parent Relationship": "Outer",
                    "Parallel Aware": false,
                    "Join Type": "Inner",
                    "Startup Cost": 12.06,
                    "Total Cost": 15055.86,
                    "Plan Rows": 1,
                    "Plan Width": 39,
                    "Actual Startup Time": 5.154,
                    "Actual Total Time": 300.732,
                    "Actual Rows": 1261,
                    "Actual Loops": 1,
                    "Inner Unique": true,
                    "Join Filter": "(mi_idx.info_type_id = it2.id)",
                    "Rows Removed by Join Filter": 2570,
                    "Plans": [
                      {
                        "Node Type": "Nested Loop",
                        "Parent Relationship": "Outer",
                        "Parallel Aware": false,
                        "Join Type": "Inner",
                        "Startup Cost": 12.06,
                        "Total Cost": 15053.44,
                        "Plan Rows": 1,
                        "Plan Width": 43,
                        "Actual Startup Time": 5.039,
                        "Actual Total Time": 266.574,
                        "Actual Rows": 3831,
                        "Actual Loops": 1,
                        "Inner Unique": false,
                        "Plans": [
                          {
                            "Node Type": "Nested Loop",
                            "Parent Relationship": "Outer",
                            "Parallel Aware": false,
                            "Join Type": "Inner",
                            "Startup Cost": 11.63,
                            "Total Cost": 15052.39,
                            "Plan Rows": 2,
                            "Plan Width": 29,
                            "Actual Startup Time": 5.018,
                            "Actual Total Time": 257.051,
                            "Actual Rows": 1267,
                            "Actual Loops": 1,
                            "Inner Unique": false,
                            "Join Filter": "(cc.subject_id = cct1.id)",
                            "Rows Removed by Join Filter": 218,
                            "Plans": [
                              {
                                "Node Type": "Seq Scan",
                                "Parent Relationship": "Outer",
                                "Parallel Aware": false,
                                "Relation Name": "comp_cast_type",
                                "Alias": "cct1",
                                "Startup Cost": 0.0,
                                "Total Cost": 1.05,
                                "Plan Rows": 1,
                                "Plan Width": 4,
                                "Actual Startup Time": 0.023,
                                "Actual Total Time": 0.025,
                                "Actual Rows": 1,
                                "Actual Loops": 1,
                                "Filter": "((kind)::text = 'cast'::text)",
                                "Rows Removed by Filter": 3
                              },
                              {
                                "Node Type": "Nested Loop",
                                "Parent Relationship": "Inner",
                                "Parallel Aware": false,
                                "Join Type": "Inner",
                                "Startup Cost": 11.63,
                                "Total Cost": 15051.23,
                                "Plan Rows": 9,
                                "Plan Width": 33,
                                "Actual Startup Time": 4.992,
                                "Actual Total Time": 256.613,
                                "Actual Rows": 1485,
                                "Actual Loops": 1,
                                "Inner Unique": false,
                                "Join Filter": "(t.kind_id = kt.id)",
                                "Rows Removed by Join Filter": 567,
                                "Plans": [
                                  {
                                    "Node Type": "Seq Scan",
                                    "Parent Relationship": "Outer",
                                    "Parallel Aware": false,
                                    "Relation Name": "kind_type",
                                    "Alias": "kt",
                                    "Startup Cost": 0.0,
                                    "Total Cost": 1.09,
                                    "Plan Rows": 1,
                                    "Plan Width": 4,
                                    "Actual Startup Time": 0.012,
                                    "Actual Total Time": 0.015,
                                    "Actual Rows": 1,
                                    "Actual Loops": 1,
                                    "Filter": "((kind)::text = 'movie'::text)",
                                    "Rows Removed by Filter": 6
                                  },
                                  {
                                    "Node Type": "Nested Loop",
                                    "Parent Relationship": "Inner",
                                    "Parallel Aware": false,
                                    "Join Type": "Inner",
                                    "Startup Cost": 11.63,
                                    "Total Cost": 15049.34,
                                    "Plan Rows": 64,
                                    "Plan Width": 37,
                                    "Actual Startup Time": 3.29,
                                    "Actual Total Time": 256.127,
                                    "Actual Rows": 2052,
                                    "Actual Loops": 1,
                                    "Inner Unique": false,
                                    "Join Filter": "(cc.status_id = cct2.id)",
                                    "Rows Removed by Join Filter": 2052,
                                    "Plans": [
                                      {
                                        "Node Type": "Seq Scan",
                                        "Parent Relationship": "Outer",
                                        "Parallel Aware": false,
                                        "Relation Name": "comp_cast_type",
                                        "Alias": "cct2",
                                        "Startup Cost": 0.0,
                                        "Total Cost": 1.05,
                                        "Plan Rows": 1,
                                        "Plan Width": 4,
                                        "Actual Startup Time": 0.012,
                                        "Actual Total Time": 0.015,
                                        "Actual Rows": 2,
                                        "Actual Loops": 1,
                                        "Filter": "((kind)::text ~~ '%complete%'::text)",
                                        "Rows Removed by Filter": 2
                                      },
                                      {
                                        "Node Type": "Nested Loop",
                                        "Parent Relationship": "Inner",
                                        "Parallel Aware": false,
                                        "Join Type": "Inner",
                                        "Startup Cost": 11.63,
                                        "Total Cost": 15045.08,
                                        "Plan Rows": 257,
                                        "Plan Width": 41,
                                        "Actual Startup Time": 2.143,
                                        "Actual Total Time": 127.729,
                                        "Actual Rows": 2052,
                                        "Actual Loops": 2,
                                        "Inner Unique": true,
                                        "Plans": [
                                          {
                                            "Node Type": "Nested Loop",
                                            "Parent Relationship": "Outer",
                                            "Parallel Aware": false,
                                            "Join Type": "Inner",
                                            "Startup Cost": 11.2,
                                            "Total Cost": 14816.35,
                                            "Plan Rows": 467,
                                            "Plan Width": 16,
                                            "Actual Startup Time": 1.108,
                                            "Actual Total Time": 98.418,
                                            "Actual Rows": 9392,
                                            "Actual Loops": 2,
                                            "Inner Unique": false,
                                            "Plans": [
                                              {
                                                "Node Type": "Nested Loop",
                                                "Parent Relationship": "Outer",
                                                "Parallel Aware": false,
                                                "Join Type": "Inner",
                                                "Startup Cost": 10.78,
                                                "Total Cost": 14655.92,
                                                "Plan Rows": 337,
                                                "Plan Width": 4,
                                                "Actual Startup Time": 0.945,
                                                "Actual Total Time": 58.364,
                                                "Actual Rows": 24091,
                                                "Actual Loops": 2,
                                                "Inner Unique": false,
                                                "Plans": [
                                                  {
                                                    "Node Type": "Seq Scan",
                                                    "Parent Relationship": "Outer",
                                                    "Parallel Aware": false,
                                                    "Relation Name": "keyword",
                                                    "Alias": "k",
                                                    "Startup Cost": 0.0,
                                                    "Total Cost": 3967.82,
                                                    "Plan Rows": 10,
                                                    "Plan Width": 4,
                                                    "Actual Startup Time": 0.21,
                                                    "Actual Total Time": 25.092,
                                                    "Actual Rows": 10,
                                                    "Actual Loops": 2,
                                                    "Filter": "(keyword = ANY ('{superhero,marvel-comics,based-on-comic,tv-special,fight,violence,magnet,web,claw,laser}'::text[]))",
                                                    "Rows Removed by Filter": 134160
                                                  },
                                                  {
                                                    "Node Type": "Bitmap Heap Scan",
                                                    "Parent Relationship": "Inner",
                                                    "Parallel Aware": false,
                                                    "Relation Name": "movie_keyword",
                                                    "Alias": "mk",
                                                    "Startup Cost": 10.78,
                                                    "Total Cost": 1065.78,
                                                    "Plan Rows": 303,
                                                    "Plan Width": 8,
                                                    "Actual Startup Time": 0.446,
                                                    "Actual Total Time": 3.103,
                                                    "Actual Rows": 2409,
                                                    "Actual Loops": 20,
                                                    "Recheck Cond": "(keyword_id = k.id)",
                                                    "Rows Removed by Index Recheck": 0,
                                                    "Exact Heap Blocks": 34254,
                                                    "Lossy Heap Blocks": 0,
                                                    "Plans": [
                                                      {
                                                        "Node Type": "Bitmap Index Scan",
                                                        "Parent Relationship": "Outer",
                                                        "Parallel Aware": false,
                                                        "Index Name": "keyword_id_movie_keyword",
                                                        "Startup Cost": 0.0,
                                                        "Total Cost": 10.71,
                                                        "Plan Rows": 303,
                                                        "Plan Width": 0,
                                                        "Actual Startup Time": 0.24,
                                                        "Actual Total Time": 0.24,
                                                        "Actual Rows": 2409,
                                                        "Actual Loops": 20,
                                                        "Index Cond": "(keyword_id = k.id)"
                                                      }
                                                    ]
                                                  }
                                                ]
                                              },
                                              {
                                                "Node Type": "Index Scan",
                                                "Parent Relationship": "Inner",
                                                "Parallel Aware": false,
                                                "Scan Direction": "Forward",
                                                "Index Name": "movie_id_complete_cast",
                                                "Relation Name": "complete_cast",
                                                "Alias": "cc",
                                                "Startup Cost": 0.42,
                                                "Total Cost": 0.46,
                                                "Plan Rows": 2,
                                                "Plan Width": 12,
                                                "Actual Startup Time": 0.001,
                                                "Actual Total Time": 0.001,
                                                "Actual Rows": 0,
                                                "Actual Loops": 48182,
                                                "Index Cond": "(movie_id = mk.movie_id)",
                                                "Rows Removed by Index Recheck": 0
                                              }
                                            ]
                                          },
                                          {
                                            "Node Type": "Index Scan",
                                            "Parent Relationship": "Inner",
                                            "Parallel Aware": false,
                                            "Scan Direction": "Forward",
                                            "Index Name": "title_pkey",
                                            "Relation Name": "title",
                                            "Alias": "t",
                                            "Startup Cost": 0.43,
                                            "Total Cost": 0.49,
                                            "Plan Rows": 1,
                                            "Plan Width": 25,
                                            "Actual Startup Time": 0.003,
                                            "Actual Total Time": 0.003,
                                            "Actual Rows": 0,
                                            "Actual Loops": 18784,
                                            "Index Cond": "(id = mk.movie_id)",
                                            "Rows Removed by Index Recheck": 0,
                                            "Filter": "(production_year > 2000)",
                                            "Rows Removed by Filter": 1
                                          }
                                        ]
                                      }
                                    ]
                                  }
                                ]
                              }
                            ]
                          },
                          {
                            "Node Type": "Index Scan",
                            "Parent Relationship": "Inner",
                            "Parallel Aware": false,
                            "Scan Direction": "Forward",
                            "Index Name": "movie_id_movie_info_idx",
                            "Relation Name": "movie_info_idx",
                            "Alias": "mi_idx",
                            "Startup Cost": 0.43,
                            "Total Cost": 0.49,
                            "Plan Rows": 3,
                            "Plan Width": 14,
                            "Actual Startup Time": 0.005,
                            "Actual Total Time": 0.007,
                            "Actual Rows": 3,
                            "Actual Loops": 1267,
                            "Index Cond": "(movie_id = mk.movie_id)",
                            "Rows Removed by Index Recheck": 0
                          }
                        ]
                      },
                      {
                        "Node Type": "Seq Scan",
                        "Parent Relationship": "Inner",
                        "Parallel Aware": false,
                        "Relation Name": "info_type",
                        "Alias": "it2",
                        "Startup Cost": 0.0,
                        "Total Cost": 2.41,
                        "Plan Rows": 1,
                        "Plan Width": 4,
                        "Actual Startup Time": 0.006,
                        "Actual Total Time": 0.007,
                        "Actual Rows": 1,
                        "Actual Loops": 3831,
                        "Filter": "((info)::text = 'rating'::text)",
                        "Rows Removed by Filter": 108
                      }
                    ]
                  },
                  {
                    "Node Type": "Index Scan",
                    "Parent Relationship": "Inner",
                    "Parallel Aware": false,
                    "Scan Direction": "Forward",
                    "Index Name": "movie_id_cast_info",
                    "Relation Name": "cast_info",
                    "Alias": "ci",
                    "Startup Cost": 0.56,
                    "Total Cost": 1.55,
                    "Plan Rows": 37,
                    "Plan Width": 12,
                    "Actual Startup Time": 0.01,
                    "Actual Total Time": 0.204,
                    "Actual Rows": 150,
                    "Actual Loops": 1261,
                    "Index Cond": "(movie_id = mk.movie_id)",
                    "Rows Removed by Index Recheck": 0
                  }
                ]
              },
              {
                "Node Type": "Index Only Scan",
                "Parent Relationship": "Inner",
                "Parallel Aware": false,
                "Scan Direction": "Forward",
                "Index Name": "name_pkey",
                "Relation Name": "name",
                "Alias": "n",
                "Startup Cost": 0.43,
                "Total Cost": 0.46,
                "Plan Rows": 1,
                "Plan Width": 4,
                "Actual Startup Time": 0.004,
                "Actual Total Time": 0.004,
                "Actual Rows": 1,
                "Actual Loops": 189738,
                "Index Cond": "(id = ci.person_id)",
                "Rows Removed by Index Recheck": 0,
                "Heap Fetches": 189738
              }
            ]
          },
          {
            "Node Type": "Index Scan",
            "Parent Relationship": "Inner",
            "Parallel Aware": false,
            "Scan Direction": "Forward",
            "Index Name": "char_name_pkey",
            "Relation Name": "char_name",
            "Alias": "chn",
            "Startup Cost": 0.43,
            "Total Cost": 0.46,
            "Plan Rows": 1,
            "Plan Width": 20,
            "Actual Startup Time": 0.002,
            "Actual Total Time": 0.002,
            "Actual Rows": 0,
            "Actual Loops": 189738,
            "Index Cond": "(id = ci.person_role_id)",
            "Rows Removed by Index Recheck": 0,
            "Filter": "((name IS NOT NULL) AND ((name ~~ '%man%'::text) OR (name ~~ '%Man%'::text)))",
            "Rows Removed by Filter": 0
          }
        ]
      }
    ]
  },
  "Planning Time": 2.316,
  "Triggers": [],
  "Execution Time": 1665.182
}