[
  {
    "Plan": {
      "Node Type": "Aggregate",
      "Strategy": "Plain",
      "Partial Mode": "Finalize",
      "Parallel Aware": false,
      "Startup Cost": 91663.04,
      "Total Cost": 91663.05,
      "Plan Rows": 1,
      "Plan Width": 8,
      "Actual Startup Time": 230.355,
      "Actual Total Time": 251.31,
      "Actual Rows": 1,
      "Actual Loops": 1,
      "Plans": [
        {
          "Node Type": "Gather",
          "Parent Relationship": "Outer",
          "Parallel Aware": false,
          "Startup Cost": 91662.72,
          "Total Cost": 91663.03,
          "Plan Rows": 3,
          "Plan Width": 8,
          "Actual Startup Time": 229.652,
          "Actual Total Time": 251.3,
          "Actual Rows": 4,
          "Actual Loops": 1,
          "Workers Planned": 3,
          "Workers Launched": 3,
          "Single Copy": false,
          "Plans": [
            {
              "Node Type": "Aggregate",
              "Strategy": "Plain",
              "Partial Mode": "Partial",
              "Parent Relationship": "Outer",
              "Parallel Aware": false,
              "Startup Cost": 90662.72,
              "Total Cost": 90662.73,
              "Plan Rows": 1,
              "Plan Width": 8,
              "Actual Startup Time": 220.156,
              "Actual Total Time": 220.161,
              "Actual Rows": 1,
              "Actual Loops": 4,
              "Plans": [
                {
                  "Node Type": "Nested Loop",
                  "Parent Relationship": "Outer",
                  "Parallel Aware": false,
                  "Join Type": "Inner",
                  "Startup Cost": 45723.98,
                  "Total Cost": 90635.81,
                  "Plan Rows": 10766,
                  "Plan Width": 0,
                  "Actual Startup Time": 107.573,
                  "Actual Total Time": 218.937,
                  "Actual Rows": 23602,
                  "Actual Loops": 4,
                  "Inner Unique": false,
                  "Join Filter": "(t.id = mi.movie_id)",
                  "Rows Removed by Join Filter": 0,
                  "Plans": [
                    {
                      "Node Type": "Hash Join",
                      "Parent Relationship": "Outer",
                      "Parallel Aware": true,
                      "Join Type": "Inner",
                      "Startup Cost": 45723.55,
                      "Total Cost": 77381.83,
                      "Plan Rows": 2870,
                      "Plan Width": 8,
                      "Actual Startup Time": 107.457,
                      "Actual Total Time": 187.601,
                      "Actual Rows": 2964,
                      "Actual Loops": 4,
                      "Inner Unique": true,
                      "Hash Cond": "(mc.movie_id = t.id)",
                      "Plans": [
                        {
                          "Node Type": "Seq Scan",
                          "Parent Relationship": "Outer",
                          "Parallel Aware": true,
                          "Relation Name": "movie_companies",
                          "Alias": "mc",
                          "Startup Cost": 0.0,
                          "Total Cost": 31414.82,
                          "Plan Rows": 92748,
                          "Plan Width": 4,
                          "Actual Startup Time": 0.019,
                          "Actual Total Time": 65.201,
                          "Actual Rows": 104672,
                          "Actual Loops": 4,
                          "Filter": "((company_id < 639) AND (company_type_id = 1))",
                          "Rows Removed by Filter": 547610
                        },
                        {
                          "Node Type": "Hash",
                          "Parent Relationship": "Inner",
                          "Parallel Aware": true,
                          "Startup Cost": 45479.1,
                          "Total Cost": 45479.1,
                          "Plan Rows": 19556,
                          "Plan Width": 4,
                          "Actual Startup Time": 105.53,
                          "Actual Total Time": 105.531,
                          "Actual Rows": 21171,
                          "Actual Loops": 4,
                          "Hash Buckets": 131072,
                          "Original Hash Buckets": 131072,
                          "Hash Batches": 1,
                          "Original Hash Batches": 1,
                          "Peak Memory Usage": 4416,
                          "Plans": [
                            {
                              "Node Type": "Seq Scan",
                              "Parent Relationship": "Outer",
                              "Parallel Aware": true,
                              "Relation Name": "title",
                              "Alias": "t",
                              "Startup Cost": 0.0,
                              "Total Cost": 45479.1,
                              "Plan Rows": 19556,
                              "Plan Width": 4,
                              "Actual Startup Time": 0.054,
                              "Actual Total Time": 96.973,
                              "Actual Rows": 21171,
                              "Actual Loops": 4,
                              "Filter": "((kind_id = 7) AND (production_year = 2009))",
                              "Rows Removed by Filter": 610907
                            }
                          ]
                        }
                      ]
                    },
                    {
                      "Node Type": "Index Scan",
                      "Parent Relationship": "Inner",
                      "Parallel Aware": false,
                      "Scan Direction": "Forward",
                      "Index Name": "movie_id_movie_info",
                      "Relation Name": "movie_info",
                      "Alias": "mi",
                      "Startup Cost": 0.43,
                      "Total Cost": 4.28,
                      "Plan Rows": 27,
                      "Plan Width": 4,
                      "Actual Startup Time": 0.004,
                      "Actual Total Time": 0.01,
                      "Actual Rows": 8,
                      "Actual Loops": 11854,
                      "Index Cond": "(movie_id = mc.movie_id)",
                      "Rows Removed by Index Recheck": 0,
                      "Filter": "(info_type_id < 16)",
                      "Rows Removed by Filter": 6
                    }
                  ]
                }
              ]
            }
          ]
        }
      ]
    },
    "Planning Time": 1.507,
    "Triggers": [],
    "Execution Time": 251.398
  }
]