[
  {
    "Plan": {
      "Node Type": "Aggregate",
      "Strategy": "Plain",
      "Partial Mode": "Finalize",
      "Parallel Aware": false,
      "Startup Cost": 91774.97,
      "Total Cost": 91774.98,
      "Plan Rows": 1,
      "Plan Width": 8,
      "Actual Startup Time": 485.689,
      "Actual Total Time": 511.455,
      "Actual Rows": 1,
      "Actual Loops": 1,
      "Plans": [
        {
          "Node Type": "Gather",
          "Parent Relationship": "Outer",
          "Parallel Aware": false,
          "Startup Cost": 91774.65,
          "Total Cost": 91774.96,
          "Plan Rows": 3,
          "Plan Width": 8,
          "Actual Startup Time": 482.226,
          "Actual Total Time": 511.447,
          "Actual Rows": 4,
          "Actual Loops": 1,
          "Workers Planned": 3,
          "Workers Launched": 3,
          "Single Copy": false,
          "Plans": [
            {
              "Node Type": "Aggregate",
              "Strategy": "Plain",
              "Partial Mode": "Partial",
              "Parent Relationship": "Outer",
              "Parallel Aware": false,
              "Startup Cost": 90774.65,
              "Total Cost": 90774.66,
              "Plan Rows": 1,
              "Plan Width": 8,
              "Actual Startup Time": 476.435,
              "Actual Total Time": 476.439,
              "Actual Rows": 1,
              "Actual Loops": 4,
              "Plans": [
                {
                  "Node Type": "Nested Loop",
                  "Parent Relationship": "Outer",
                  "Parallel Aware": false,
                  "Join Type": "Inner",
                  "Startup Cost": 52698.74,
                  "Total Cost": 90737.6,
                  "Plan Rows": 14822,
                  "Plan Width": 0,
                  "Actual Startup Time": 177.852,
                  "Actual Total Time": 463.675,
                  "Actual Rows": 245851,
                  "Actual Loops": 4,
                  "Inner Unique": false,
                  "Plans": [
                    {
                      "Node Type": "Hash Join",
                      "Parent Relationship": "Outer",
                      "Parallel Aware": true,
                      "Join Type": "Inner",
                      "Startup Cost": 52698.31,
                      "Total Cost": 78524.06,
                      "Plan Rows": 14364,
                      "Plan Width": 8,
                      "Actual Startup Time": 177.75,
                      "Actual Total Time": 250.636,
                      "Actual Rows": 37448,
                      "Actual Loops": 4,
                      "Inner Unique": true,
                      "Hash Cond": "(mk.movie_id = t.id)",
                      "Plans": [
                        {
                          "Node Type": "Bitmap Heap Scan",
                          "Parent Relationship": "Outer",
                          "Parallel Aware": true,
                          "Relation Name": "movie_keyword",
                          "Alias": "mk",
                          "Startup Cost": 5967.35,
                          "Total Cost": 31555.03,
                          "Plan Rows": 90694,
                          "Plan Width": 4,
                          "Actual Startup Time": 33.357,
                          "Actual Total Time": 76.031,
                          "Actual Rows": 68112,
                          "Actual Loops": 4,
                          "Recheck Cond": "(keyword_id < 231)",
                          "Rows Removed by Index Recheck": 0,
                          "Exact Heap Blocks": 7914,
                          "Lossy Heap Blocks": 0,
                          "Plans": [
                            {
                              "Node Type": "Bitmap Index Scan",
                              "Parent Relationship": "Outer",
                              "Parallel Aware": false,
                              "Index Name": "keyword_id_movie_keyword",
                              "Startup Cost": 0.0,
                              "Total Cost": 5897.06,
                              "Plan Rows": 281151,
                              "Plan Width": 0,
                              "Actual Startup Time": 27.646,
                              "Actual Total Time": 27.647,
                              "Actual Rows": 272446,
                              "Actual Loops": 1,
                              "Index Cond": "(keyword_id < 231)"
                            }
                          ]
                        },
                        {
                          "Node Type": "Hash",
                          "Parent Relationship": "Inner",
                          "Parallel Aware": true,
                          "Startup Cost": 45479.59,
                          "Total Cost": 45479.59,
                          "Plan Rows": 100110,
                          "Plan Width": 4,
                          "Actual Startup Time": 142.581,
                          "Actual Total Time": 142.582,
                          "Actual Rows": 127534,
                          "Actual Loops": 4,
                          "Hash Buckets": 524288,
                          "Original Hash Buckets": 524288,
                          "Hash Batches": 1,
                          "Original Hash Batches": 1,
                          "Peak Memory Usage": 24128,
                          "Plans": [
                            {
                              "Node Type": "Seq Scan",
                              "Parent Relationship": "Outer",
                              "Parallel Aware": true,
                              "Relation Name": "title",
                              "Alias": "t",
                              "Startup Cost": 0.0,
                              "Total Cost": 45479.59,
                              "Plan Rows": 100110,
                              "Plan Width": 4,
                              "Actual Startup Time": 0.04,
                              "Actual Total Time": 98.044,
                              "Actual Rows": 127534,
                              "Actual Loops": 4,
                              "Filter": "((kind_id < 4) AND (production_year < 2003))",
                              "Rows Removed by Filter": 504544
                            }
                          ]
                        }
                      ]
                    },
                    {
                      "Node Type": "Index Only Scan",
                      "Parent Relationship": "Inner",
                      "Parallel Aware": false,
                      "Scan Direction": "Forward",
                      "Index Name": "movie_id_movie_companies",
                      "Relation Name": "movie_companies",
                      "Alias": "mc",
                      "Startup Cost": 0.43,
                      "Total Cost": 0.8,
                      "Plan Rows": 5,
                      "Plan Width": 4,
                      "Actual Startup Time": 0.003,
                      "Actual Total Time": 0.005,
                      "Actual Rows": 7,
                      "Actual Loops": 149793,
                      "Index Cond": "(movie_id = t.id)",
                      "Rows Removed by Index Recheck": 0,
                      "Heap Fetches": 983403
                    }
                  ]
                }
              ]
            }
          ]
        }
      ]
    },
    "Planning Time": 0.417,
    "Triggers": [],
    "Execution Time": 511.502
  }
]