[
  {
    "Plan": {
      "Node Type": "Aggregate",
      "Strategy": "Plain",
      "Partial Mode": "Finalize",
      "Parallel Aware": false,
      "Startup Cost": 43805.4,
      "Total Cost": 43805.41,
      "Plan Rows": 1,
      "Plan Width": 8,
      "Actual Startup Time": 33.078,
      "Actual Total Time": 35.551,
      "Actual Rows": 1,
      "Actual Loops": 1,
      "Plans": [
        {
          "Node Type": "Gather",
          "Parent Relationship": "Outer",
          "Parallel Aware": false,
          "Startup Cost": 43805.19,
          "Total Cost": 43805.4,
          "Plan Rows": 2,
          "Plan Width": 8,
          "Actual Startup Time": 32.844,
          "Actual Total Time": 35.546,
          "Actual Rows": 3,
          "Actual Loops": 1,
          "Workers Planned": 2,
          "Workers Launched": 2,
          "Single Copy": false,
          "Plans": [
            {
              "Node Type": "Aggregate",
              "Strategy": "Plain",
              "Partial Mode": "Partial",
              "Parent Relationship": "Outer",
              "Parallel Aware": false,
              "Startup Cost": 42805.19,
              "Total Cost": 42805.2,
              "Plan Rows": 1,
              "Plan Width": 8,
              "Actual Startup Time": 25.205,
              "Actual Total Time": 25.206,
              "Actual Rows": 1,
              "Actual Loops": 3,
              "Plans": [
                {
                  "Node Type": "Nested Loop",
                  "Parent Relationship": "Outer",
                  "Parallel Aware": false,
                  "Join Type": "Inner",
                  "Startup Cost": 194.26,
                  "Total Cost": 42795.86,
                  "Plan Rows": 3731,
                  "Plan Width": 0,
                  "Actual Startup Time": 1.642,
                  "Actual Total Time": 24.815,
                  "Actual Rows": 2512,
                  "Actual Loops": 3,
                  "Inner Unique": true,
                  "Plans": [
                    {
                      "Node Type": "Bitmap Heap Scan",
                      "Parent Relationship": "Outer",
                      "Parallel Aware": true,
                      "Relation Name": "movie_keyword",
                      "Alias": "mk",
                      "Startup Cost": 193.83,
                      "Total Cost": 17883.53,
                      "Plan Rows": 3731,
                      "Plan Width": 4,
                      "Actual Startup Time": 1.47,
                      "Actual Total Time": 6.941,
                      "Actual Rows": 2512,
                      "Actual Loops": 3,
                      "Recheck Cond": "(keyword_id > 127242)",
                      "Rows Removed by Index Recheck": 0,
                      "Exact Heap Blocks": 1881,
                      "Lossy Heap Blocks": 0,
                      "Plans": [
                        {
                          "Node Type": "Bitmap Index Scan",
                          "Parent Relationship": "Outer",
                          "Parallel Aware": false,
                          "Index Name": "keyword_id_movie_keyword",
                          "Startup Cost": 0.0,
                          "Total Cost": 191.59,
                          "Plan Rows": 8954,
                          "Plan Width": 0,
                          "Actual Startup Time": 3.115,
                          "Actual Total Time": 3.116,
                          "Actual Rows": 7537,
                          "Actual Loops": 1,
                          "Index Cond": "(keyword_id > 127242)"
                        }
                      ]
                    },
                    {
                      "Node Type": "Index Only Scan",
                      "Parent Relationship": "Inner",
                      "Parallel Aware": false,
                      "Scan Direction": "Forward",
                      "Index Name": "title_pkey",
                      "Relation Name": "title",
                      "Alias": "t",
                      "Startup Cost": 0.43,
                      "Total Cost": 6.68,
                      "Plan Rows": 1,
                      "Plan Width": 4,
                      "Actual Startup Time": 0.006,
                      "Actual Total Time": 0.006,
                      "Actual Rows": 1,
                      "Actual Loops": 7537,
                      "Index Cond": "(id = mk.movie_id)",
                      "Rows Removed by Index Recheck": 0,
                      "Heap Fetches": 7537
                    }
                  ]
                }
              ]
            }
          ]
        }
      ]
    },
    "Planning Time": 0.396,
    "Triggers": [],
    "Execution Time": 35.603
  }
]