[
  {
    "Plan": {
      "Node Type": "Aggregate",
      "Strategy": "Plain",
      "Partial Mode": "Finalize",
      "Parallel Aware": false,
      "Startup Cost": 45271.95,
      "Total Cost": 45271.96,
      "Plan Rows": 1,
      "Plan Width": 8,
      "Actual Startup Time": 160.553,
      "Actual Total Time": 168.189,
      "Actual Rows": 1,
      "Actual Loops": 1,
      "Plans": [
        {
          "Node Type": "Gather",
          "Parent Relationship": "Outer",
          "Parallel Aware": false,
          "Startup Cost": 45271.63,
          "Total Cost": 45271.94,
          "Plan Rows": 3,
          "Plan Width": 8,
          "Actual Startup Time": 160.389,
          "Actual Total Time": 168.18,
          "Actual Rows": 4,
          "Actual Loops": 1,
          "Workers Planned": 3,
          "Workers Launched": 3,
          "Single Copy": false,
          "Plans": [
            {
              "Node Type": "Aggregate",
              "Strategy": "Plain",
              "Partial Mode": "Partial",
              "Parent Relationship": "Outer",
              "Parallel Aware": false,
              "Startup Cost": 44271.63,
              "Total Cost": 44271.64,
              "Plan Rows": 1,
              "Plan Width": 8,
              "Actual Startup Time": 152.256,
              "Actual Total Time": 152.257,
              "Actual Rows": 1,
              "Actual Loops": 4,
              "Plans": [
                {
                  "Node Type": "Seq Scan",
                  "Parent Relationship": "Outer",
                  "Parallel Aware": true,
                  "Relation Name": "movie_keyword",
                  "Alias": "mk",
                  "Startup Cost": 0.0,
                  "Total Cost": 42695.65,
                  "Plan Rows": 630392,
                  "Plan Width": 0,
                  "Actual Startup Time": 0.432,
                  "Actual Total Time": 124.399,
                  "Actual Rows": 485887,
                  "Actual Loops": 4,
                  "Filter": "(keyword_id > 6727)",
                  "Rows Removed by Filter": 645096
                }
              ]
            }
          ]
        }
      ]
    },
    "Planning Time": 0.08,
    "Triggers": [],
    "Execution Time": 168.224
  }
]