{
  "Plan": {
    "Node Type": "Aggregate",
    "Strategy": "Plain",
    "Partial Mode": "Finalize",
    "Parallel Aware": false,
    "Startup Cost": 117579.0,
    "Total Cost": 117579.01,
    "Plan Rows": 1,
    "Plan Width": 8,
    "Actual Startup Time": 1147.229,
    "Actual Total Time": 1166.87,
    "Actual Rows": 1,
    "Actual Loops": 1,
    "Plans": [
      {
        "Node Type": "Gather",
        "Parent Relationship": "Outer",
        "Parallel Aware": false,
        "Startup Cost": 117578.89,
        "Total Cost": 117579.0,
        "Plan Rows": 1,
        "Plan Width": 8,
        "Actual Startup Time": 1143.373,
        "Actual Total Time": 1166.862,
        "Actual Rows": 2,
        "Actual Loops": 1,
        "Workers Planned": 1,
        "Workers Launched": 1,
        "Single Copy": false,
        "Plans": [
          {
            "Node Type": "Aggregate",
            "Strategy": "Plain",
            "Partial Mode": "Partial",
            "Parent Relationship": "Outer",
            "Parallel Aware": false,
            "Startup Cost": 116578.89,
            "Total Cost": 116578.9,
            "Plan Rows": 1,
            "Plan Width": 8,
            "Actual Startup Time": 1130.52,
            "Actual Total Time": 1130.524,
            "Actual Rows": 1,
            "Actual Loops": 2,
            "Plans": [
              {
                "Node Type": "Hash Join",
                "Parent Relationship": "Outer",
                "Parallel Aware": true,
                "Join Type": "Inner",
                "Startup Cost": 71478.65,
                "Total Cost": 113273.47,
                "Plan Rows": 1322166,
                "Plan Width": 0,
                "Actual Startup Time": 580.511,
                "Actual Total Time": 1087.833,
                "Actual Rows": 1057962,
                "Actual Loops": 2,
                "Inner Unique": true,
                "Hash Cond": "(mc.movie_id = t.id)",
                "Plans": [
                  {
                    "Node Type": "Seq Scan",
                    "Parent Relationship": "Outer",
                    "Parallel Aware": true,
                    "Relation Name": "movie_companies",
                    "Alias": "mc",
                    "Startup Cost": 0.0,
                    "Total Cost": 37974.77,
                    "Plan Rows": 1455252,
                    "Plan Width": 4,
                    "Actual Startup Time": 0.014,
                    "Actual Total Time": 131.041,
                    "Actual Rows": 1238770,
                    "Actual Loops": 2,
                    "Filter": "(company_id < 140499)",
                    "Rows Removed by Filter": 65794
                  },
                  {
                    "Node Type": "Hash",
                    "Parent Relationship": "Inner",
                    "Parallel Aware": true,
                    "Startup Cost": 54588.39,
                    "Total Cost": 54588.39,
                    "Plan Rows": 1351221,
                    "Plan Width": 4,
                    "Actual Startup Time": 558.48,
                    "Actual Total Time": 558.481,
                    "Actual Rows": 1146017,
                    "Actual Loops": 2,
                    "Hash Buckets": 4194304,
                    "Original Hash Buckets": 4194304,
                    "Hash Batches": 1,
                    "Original Hash Batches": 1,
                    "Peak Memory Usage": 122464,
                    "Plans": [
                      {
                        "Node Type": "Seq Scan",
                        "Parent Relationship": "Outer",
                        "Parallel Aware": true,
                        "Relation Name": "title",
                        "Alias": "t",
                        "Startup Cost": 0.0,
                        "Total Cost": 54588.39,
                        "Plan Rows": 1351221,
                        "Plan Width": 4,
                        "Actual Startup Time": 0.033,
                        "Actual Total Time": 188.574,
                        "Actual Rows": 1146017,
                        "Actual Loops": 2,
                        "Filter": "(production_year > 1949)",
                        "Rows Removed by Filter": 118139
                      }
                    ]
                  }
                ]
              }
            ]
          }
        ]
      }
    ]
  },
  "Planning Time": 0.672,
  "Triggers": [],
  "Execution Time": 1166.938
}