[
  {
    "Plan": {
      "Node Type": "Aggregate",
      "Strategy": "Plain",
      "Partial Mode": "Finalize",
      "Parallel Aware": false,
      "Startup Cost": 39962.94,
      "Total Cost": 39962.95,
      "Plan Rows": 1,
      "Plan Width": 8,
      "Actual Startup Time": 291.229,
      "Actual Total Time": 349.949,
      "Actual Rows": 1,
      "Actual Loops": 1,
      "Plans": [
        {
          "Node Type": "Gather",
          "Parent Relationship": "Outer",
          "Parallel Aware": false,
          "Startup Cost": 39962.73,
          "Total Cost": 39962.94,
          "Plan Rows": 2,
          "Plan Width": 8,
          "Actual Startup Time": 290.912,
          "Actual Total Time": 349.939,
          "Actual Rows": 3,
          "Actual Loops": 1,
          "Workers Planned": 2,
          "Workers Launched": 2,
          "Single Copy": false,
          "Plans": [
            {
              "Node Type": "Aggregate",
              "Strategy": "Plain",
              "Partial Mode": "Partial",
              "Parent Relationship": "Outer",
              "Parallel Aware": false,
              "Startup Cost": 38962.73,
              "Total Cost": 38962.74,
              "Plan Rows": 1,
              "Plan Width": 8,
              "Actual Startup Time": 282.899,
              "Actual Total Time": 282.902,
              "Actual Rows": 1,
              "Actual Loops": 3,
              "Plans": [
                {
                  "Node Type": "Nested Loop",
                  "Parent Relationship": "Outer",
                  "Parallel Aware": false,
                  "Join Type": "Inner",
                  "Startup Cost": 138.52,
                  "Total Cost": 38868.13,
                  "Plan Rows": 37840,
                  "Plan Width": 0,
                  "Actual Startup Time": 1.634,
                  "Actual Total Time": 274.979,
                  "Actual Rows": 104085,
                  "Actual Loops": 3,
                  "Inner Unique": false,
                  "Plans": [
                    {
                      "Node Type": "Nested Loop",
                      "Parent Relationship": "Outer",
                      "Parallel Aware": false,
                      "Join Type": "Inner",
                      "Startup Cost": 137.95,
                      "Total Cost": 33238.97,
                      "Plan Rows": 2639,
                      "Plan Width": 8,
                      "Actual Startup Time": 1.43,
                      "Actual Total Time": 23.564,
                      "Actual Rows": 2101,
                      "Actual Loops": 3,
                      "Inner Unique": true,
                      "Plans": [
                        {
                          "Node Type": "Bitmap Heap Scan",
                          "Parent Relationship": "Outer",
                          "Parallel Aware": true,
                          "Relation Name": "movie_keyword",
                          "Alias": "mk",
                          "Startup Cost": 137.52,
                          "Total Cost": 14545.79,
                          "Plan Rows": 2639,
                          "Plan Width": 4,
                          "Actual Startup Time": 1.224,
                          "Actual Total Time": 8.352,
                          "Actual Rows": 2101,
                          "Actual Loops": 3,
                          "Recheck Cond": "(keyword_id = 135)",
                          "Rows Removed by Index Recheck": 0,
                          "Exact Heap Blocks": 3403,
                          "Lossy Heap Blocks": 0,
                          "Plans": [
                            {
                              "Node Type": "Bitmap Index Scan",
                              "Parent Relationship": "Outer",
                              "Parallel Aware": false,
                              "Index Name": "keyword_id_movie_keyword",
                              "Startup Cost": 0.0,
                              "Total Cost": 135.94,
                              "Plan Rows": 6334,
                              "Plan Width": 0,
                              "Actual Startup Time": 2.281,
                              "Actual Total Time": 2.282,
                              "Actual Rows": 6303,
                              "Actual Loops": 1,
                              "Index Cond": "(keyword_id = 135)"
                            }
                          ]
                        },
                        {
                          "Node Type": "Index Only Scan",
                          "Parent Relationship": "Inner",
                          "Parallel Aware": false,
                          "Scan Direction": "Forward",
                          "Index Name": "title_pkey",
                          "Relation Name": "title",
                          "Alias": "t",
                          "Startup Cost": 0.43,
                          "Total Cost": 7.08,
                          "Plan Rows": 1,
                          "Plan Width": 4,
                          "Actual Startup Time": 0.007,
                          "Actual Total Time": 0.007,
                          "Actual Rows": 1,
                          "Actual Loops": 6303,
                          "Index Cond": "(id = mk.movie_id)",
                          "Rows Removed by Index Recheck": 0,
                          "Heap Fetches": 6303
                        }
                      ]
                    },
                    {
                      "Node Type": "Index Only Scan",
                      "Parent Relationship": "Inner",
                      "Parallel Aware": false,
                      "Scan Direction": "Forward",
                      "Index Name": "movie_id_cast_info",
                      "Relation Name": "cast_info",
                      "Alias": "ci",
                      "Startup Cost": 0.56,
                      "Total Cost": 1.78,
                      "Plan Rows": 35,
                      "Plan Width": 4,
                      "Actual Startup Time": 0.01,
                      "Actual Total Time": 0.115,
                      "Actual Rows": 50,
                      "Actual Loops": 6303,
                      "Index Cond": "(movie_id = t.id)",
                      "Rows Removed by Index Recheck": 0,
                      "Heap Fetches": 312255
                    }
                  ]
                }
              ]
            }
          ]
        }
      ]
    },
    "Planning Time": 0.592,
    "Triggers": [],
    "Execution Time": 350.028
  }
]