[
  {
    "Plan": {
      "Node Type": "Aggregate",
      "Strategy": "Plain",
      "Partial Mode": "Finalize",
      "Parallel Aware": false,
      "Startup Cost": 434244.14,
      "Total Cost": 434244.15,
      "Plan Rows": 1,
      "Plan Width": 8,
      "Actual Startup Time": 2143.498,
      "Actual Total Time": 2202.461,
      "Actual Rows": 1,
      "Actual Loops": 1,
      "Plans": [
        {
          "Node Type": "Gather",
          "Parent Relationship": "Outer",
          "Parallel Aware": false,
          "Startup Cost": 434243.51,
          "Total Cost": 434244.12,
          "Plan Rows": 6,
          "Plan Width": 8,
          "Actual Startup Time": 2133.819,
          "Actual Total Time": 2202.433,
          "Actual Rows": 7,
          "Actual Loops": 1,
          "Workers Planned": 6,
          "Workers Launched": 6,
          "Single Copy": false,
          "Plans": [
            {
              "Node Type": "Aggregate",
              "Strategy": "Plain",
              "Partial Mode": "Partial",
              "Parent Relationship": "Outer",
              "Parallel Aware": false,
              "Startup Cost": 433243.51,
              "Total Cost": 433243.52,
              "Plan Rows": 1,
              "Plan Width": 8,
              "Actual Startup Time": 2122.843,
              "Actual Total Time": 2123.063,
              "Actual Rows": 1,
              "Actual Loops": 7,
              "Plans": [
                {
                  "Node Type": "Hash Join",
                  "Parent Relationship": "Outer",
                  "Parallel Aware": true,
                  "Join Type": "Inner",
                  "Startup Cost": 80536.42,
                  "Total Cost": 430903.93,
                  "Plan Rows": 935834,
                  "Plan Width": 0,
                  "Actual Startup Time": 290.661,
                  "Actual Total Time": 2014.916,
                  "Actual Rows": 2280423,
                  "Actual Loops": 7,
                  "Inner Unique": false,
                  "Hash Cond": "(ci.movie_id = t.id)",
                  "Plans": [
                    {
                      "Node Type": "Seq Scan",
                      "Parent Relationship": "Outer",
                      "Parallel Aware": true,
                      "Relation Name": "cast_info",
                      "Alias": "ci",
                      "Startup Cost": 0.0,
                      "Total Cost": 328211.39,
                      "Plan Rows": 5103277,
                      "Plan Width": 4,
                      "Actual Startup Time": 0.049,
                      "Actual Total Time": 653.171,
                      "Actual Rows": 4380758,
                      "Actual Loops": 7,
                      "Filter": "(person_id < 3094456)",
                      "Rows Removed by Filter": 797006
                    },
                    {
                      "Node Type": "Hash",
                      "Parent Relationship": "Inner",
                      "Parallel Aware": true,
                      "Startup Cost": 78666.82,
                      "Total Cost": 78666.82,
                      "Plan Rows": 149568,
                      "Plan Width": 8,
                      "Actual Startup Time": 288.904,
                      "Actual Total Time": 289.121,
                      "Actual Rows": 107230,
                      "Actual Loops": 7,
                      "Hash Buckets": 1048576,
                      "Original Hash Buckets": 524288,
                      "Hash Batches": 1,
                      "Original Hash Batches": 1,
                      "Peak Memory Usage": 41728,
                      "Plans": [
                        {
                          "Node Type": "Hash Join",
                          "Parent Relationship": "Outer",
                          "Parallel Aware": true,
                          "Join Type": "Inner",
                          "Startup Cost": 48227.01,
                          "Total Cost": 78666.82,
                          "Plan Rows": 149568,
                          "Plan Width": 8,
                          "Actual Startup Time": 152.669,
                          "Actual Total Time": 235.203,
                          "Actual Rows": 107230,
                          "Actual Loops": 7,
                          "Inner Unique": true,
                          "Hash Cond": "(mc.movie_id = t.id)",
                          "Plans": [
                            {
                              "Node Type": "Seq Scan",
                              "Parent Relationship": "Outer",
                              "Parallel Aware": true,
                              "Relation Name": "movie_companies",
                              "Alias": "mc",
                              "Startup Cost": 0.0,
                              "Total Cost": 29310.68,
                              "Plan Rows": 430142,
                              "Plan Width": 4,
                              "Actual Startup Time": 22.523,
                              "Actual Total Time": 48.916,
                              "Actual Rows": 190698,
                              "Actual Loops": 7,
                              "Filter": "(company_type_id > 1)",
                              "Rows Removed by Filter": 182035
                            },
                            {
                              "Node Type": "Hash",
                              "Parent Relationship": "Inner",
                              "Parallel Aware": true,
                              "Startup Cost": 45479.59,
                              "Total Cost": 45479.59,
                              "Plan Rows": 219794,
                              "Plan Width": 4,
                              "Actual Startup Time": 128.811,
                              "Actual Total Time": 128.813,
                              "Actual Rows": 113423,
                              "Actual Loops": 7,
                              "Hash Buckets": 1048576,
                              "Original Hash Buckets": 1048576,
                              "Hash Batches": 1,
                              "Original Hash Batches": 1,
                              "Peak Memory Usage": 39360,
                              "Plans": [
                                {
                                  "Node Type": "Seq Scan",
                                  "Parent Relationship": "Outer",
                                  "Parallel Aware": true,
                                  "Relation Name": "title",
                                  "Alias": "t",
                                  "Startup Cost": 0.0,
                                  "Total Cost": 45479.59,
                                  "Plan Rows": 219794,
                                  "Plan Width": 4,
                                  "Actual Startup Time": 0.054,
                                  "Actual Total Time": 81.183,
                                  "Actual Rows": 113423,
                                  "Actual Loops": 7,
                                  "Filter": "((kind_id < 7) AND (production_year > 1956))",
                                  "Rows Removed by Filter": 247764
                                }
                              ]
                            }
                          ]
                        }
                      ]
                    }
                  ]
                }
              ]
            }
          ]
        }
      ]
    },
    "Planning Time": 0.552,
    "Triggers": [],
    "Execution Time": 2202.525
  }
]