[
  {
    "Plan": {
      "Node Type": "Aggregate",
      "Strategy": "Plain",
      "Partial Mode": "Finalize",
      "Parallel Aware": false,
      "Startup Cost": 434071.15,
      "Total Cost": 434071.16,
      "Plan Rows": 1,
      "Plan Width": 8,
      "Actual Startup Time": 2322.45,
      "Actual Total Time": 2390.999,
      "Actual Rows": 1,
      "Actual Loops": 1,
      "Plans": [
        {
          "Node Type": "Gather",
          "Parent Relationship": "Outer",
          "Parallel Aware": false,
          "Startup Cost": 434070.52,
          "Total Cost": 434071.13,
          "Plan Rows": 6,
          "Plan Width": 8,
          "Actual Startup Time": 2313.575,
          "Actual Total Time": 2390.989,
          "Actual Rows": 7,
          "Actual Loops": 1,
          "Workers Planned": 6,
          "Workers Launched": 6,
          "Single Copy": false,
          "Plans": [
            {
              "Node Type": "Aggregate",
              "Strategy": "Plain",
              "Partial Mode": "Partial",
              "Parent Relationship": "Outer",
              "Parallel Aware": false,
              "Startup Cost": 433070.52,
              "Total Cost": 433070.53,
              "Plan Rows": 1,
              "Plan Width": 8,
              "Actual Startup Time": 2301.757,
              "Actual Total Time": 2301.762,
              "Actual Rows": 1,
              "Actual Loops": 7,
              "Plans": [
                {
                  "Node Type": "Hash Join",
                  "Parent Relationship": "Outer",
                  "Parallel Aware": true,
                  "Join Type": "Inner",
                  "Startup Cost": 80540.84,
                  "Total Cost": 430745.27,
                  "Plan Rows": 930099,
                  "Plan Width": 0,
                  "Actual Startup Time": 320.388,
                  "Actual Total Time": 2192.111,
                  "Actual Rows": 2280423,
                  "Actual Loops": 7,
                  "Inner Unique": false,
                  "Hash Cond": "(ci.movie_id = t.id)",
                  "Plans": [
                    {
                      "Node Type": "Seq Scan",
                      "Parent Relationship": "Outer",
                      "Parallel Aware": true,
                      "Relation Name": "cast_info",
                      "Alias": "ci",
                      "Startup Cost": 0.0,
                      "Total Cost": 328162.03,
                      "Plan Rows": 5077894,
                      "Plan Width": 4,
                      "Actual Startup Time": 0.043,
                      "Actual Total Time": 696.501,
                      "Actual Rows": 4380758,
                      "Actual Loops": 7,
                      "Filter": "(person_id < 3094456)",
                      "Rows Removed by Filter": 797006
                    },
                    {
                      "Node Type": "Hash",
                      "Parent Relationship": "Inner",
                      "Parallel Aware": true,
                      "Startup Cost": 78673.51,
                      "Total Cost": 78673.51,
                      "Plan Rows": 149386,
                      "Plan Width": 8,
                      "Actual Startup Time": 317.791,
                      "Actual Total Time": 317.795,
                      "Actual Rows": 107230,
                      "Actual Loops": 7,
                      "Hash Buckets": 1048576,
                      "Original Hash Buckets": 524288,
                      "Hash Batches": 1,
                      "Original Hash Batches": 1,
                      "Peak Memory Usage": 41792,
                      "Plans": [
                        {
                          "Node Type": "Hash Join",
                          "Parent Relationship": "Outer",
                          "Parallel Aware": true,
                          "Join Type": "Inner",
                          "Startup Cost": 48241.07,
                          "Total Cost": 78673.51,
                          "Plan Rows": 149386,
                          "Plan Width": 8,
                          "Actual Startup Time": 170.466,
                          "Actual Total Time": 258.316,
                          "Actual Rows": 107230,
                          "Actual Loops": 7,
                          "Inner Unique": true,
                          "Hash Cond": "(mc.movie_id = t.id)",
                          "Plans": [
                            {
                              "Node Type": "Seq Scan",
                              "Parent Relationship": "Outer",
                              "Parallel Aware": true,
                              "Relation Name": "movie_companies",
                              "Alias": "mc",
                              "Startup Cost": 0.0,
                              "Total Cost": 29310.68,
                              "Plan Rows": 427336,
                              "Plan Width": 4,
                              "Actual Startup Time": 22.568,
                              "Actual Total Time": 50.978,
                              "Actual Rows": 190698,
                              "Actual Loops": 7,
                              "Filter": "(company_type_id > 1)",
                              "Rows Removed by Filter": 182035
                            },
                            {
                              "Node Type": "Hash",
                              "Parent Relationship": "Inner",
                              "Parallel Aware": true,
                              "Startup Cost": 45479.1,
                              "Total Cost": 45479.1,
                              "Plan Rows": 220958,
                              "Plan Width": 4,
                              "Actual Startup Time": 145.95,
                              "Actual Total Time": 145.951,
                              "Actual Rows": 113423,
                              "Actual Loops": 7,
                              "Hash Buckets": 1048576,
                              "Original Hash Buckets": 1048576,
                              "Hash Batches": 1,
                              "Original Hash Batches": 1,
                              "Peak Memory Usage": 39360,
                              "Plans": [
                                {
                                  "Node Type": "Seq Scan",
                                  "Parent Relationship": "Outer",
                                  "Parallel Aware": true,
                                  "Relation Name": "title",
                                  "Alias": "t",
                                  "Startup Cost": 0.0,
                                  "Total Cost": 45479.1,
                                  "Plan Rows": 220958,
                                  "Plan Width": 4,
                                  "Actual Startup Time": 0.053,
                                  "Actual Total Time": 86.065,
                                  "Actual Rows": 113423,
                                  "Actual Loops": 7,
                                  "Filter": "((kind_id < 7) AND (production_year > 1956))",
                                  "Rows Removed by Filter": 247764
                                }
                              ]
                            }
                          ]
                        }
                      ]
                    }
                  ]
                }
              ]
            }
          ]
        }
      ]
    },
    "Planning Time": 1.363,
    "Triggers": [],
    "Execution Time": 2391.102
  }
]