[
  {
    "Plan": {
      "Node Type": "Aggregate",
      "Strategy": "Plain",
      "Partial Mode": "Finalize",
      "Parallel Aware": false,
      "Startup Cost": 46895.41,
      "Total Cost": 46895.42,
      "Plan Rows": 1,
      "Plan Width": 8,
      "Actual Startup Time": 169.187,
      "Actual Total Time": 178.478,
      "Actual Rows": 1,
      "Actual Loops": 1,
      "Plans": [
        {
          "Node Type": "Gather",
          "Parent Relationship": "Outer",
          "Parallel Aware": false,
          "Startup Cost": 46895.09,
          "Total Cost": 46895.4,
          "Plan Rows": 3,
          "Plan Width": 8,
          "Actual Startup Time": 168.853,
          "Actual Total Time": 178.469,
          "Actual Rows": 4,
          "Actual Loops": 1,
          "Workers Planned": 3,
          "Workers Launched": 3,
          "Single Copy": false,
          "Plans": [
            {
              "Node Type": "Aggregate",
              "Strategy": "Plain",
              "Partial Mode": "Partial",
              "Parent Relationship": "Outer",
              "Parallel Aware": false,
              "Startup Cost": 45895.09,
              "Total Cost": 45895.1,
              "Plan Rows": 1,
              "Plan Width": 8,
              "Actual Startup Time": 162.844,
              "Actual Total Time": 162.845,
              "Actual Rows": 1,
              "Actual Loops": 4,
              "Plans": [
                {
                  "Node Type": "Seq Scan",
                  "Parent Relationship": "Outer",
                  "Parallel Aware": true,
                  "Relation Name": "movie_keyword",
                  "Alias": "mk",
                  "Startup Cost": 0.0,
                  "Total Cost": 42695.65,
                  "Plan Rows": 1279775,
                  "Plan Width": 0,
                  "Actual Startup Time": 0.045,
                  "Actual Total Time": 119.529,
                  "Actual Rows": 994870,
                  "Actual Loops": 4,
                  "Filter": "(keyword_id < 33756)",
                  "Rows Removed by Filter": 136113
                }
              ]
            }
          ]
        }
      ]
    },
    "Planning Time": 0.182,
    "Triggers": [],
    "Execution Time": 178.533
  }
]