[
  {
    "Plan": {
      "Node Type": "Aggregate",
      "Strategy": "Plain",
      "Partial Mode": "Finalize",
      "Parallel Aware": false,
      "Startup Cost": 116526.98,
      "Total Cost": 116526.99,
      "Plan Rows": 1,
      "Plan Width": 8,
      "Actual Startup Time": 812.238,
      "Actual Total Time": 838.174,
      "Actual Rows": 1,
      "Actual Loops": 1,
      "Plans": [
        {
          "Node Type": "Gather",
          "Parent Relationship": "Outer",
          "Parallel Aware": false,
          "Startup Cost": 116526.67,
          "Total Cost": 116526.98,
          "Plan Rows": 3,
          "Plan Width": 8,
          "Actual Startup Time": 800.002,
          "Actual Total Time": 838.166,
          "Actual Rows": 4,
          "Actual Loops": 1,
          "Workers Planned": 3,
          "Workers Launched": 3,
          "Single Copy": false,
          "Plans": [
            {
              "Node Type": "Aggregate",
              "Strategy": "Plain",
              "Partial Mode": "Partial",
              "Parent Relationship": "Outer",
              "Parallel Aware": false,
              "Startup Cost": 115526.67,
              "Total Cost": 115526.68,
              "Plan Rows": 1,
              "Plan Width": 8,
              "Actual Startup Time": 789.533,
              "Actual Total Time": 790.006,
              "Actual Rows": 1,
              "Actual Loops": 4,
              "Plans": [
                {
                  "Node Type": "Hash Join",
                  "Parent Relationship": "Outer",
                  "Parallel Aware": true,
                  "Join Type": "Inner",
                  "Startup Cost": 68990.12,
                  "Total Cost": 114966.52,
                  "Plan Rows": 224059,
                  "Plan Width": 0,
                  "Actual Startup Time": 518.129,
                  "Actual Total Time": 759.387,
                  "Actual Rows": 598184,
                  "Actual Loops": 4,
                  "Inner Unique": false,
                  "Hash Cond": "(mk.movie_id = t.id)",
                  "Plans": [
                    {
                      "Node Type": "Seq Scan",
                      "Parent Relationship": "Outer",
                      "Parallel Aware": true,
                      "Relation Name": "movie_keyword",
                      "Alias": "mk",
                      "Startup Cost": 0.0,
                      "Total Cost": 42695.65,
                      "Plan Rows": 625911,
                      "Plan Width": 4,
                      "Actual Startup Time": 0.051,
                      "Actual Total Time": 122.212,
                      "Actual Rows": 486845,
                      "Actual Loops": 4,
                      "Filter": "(keyword_id < 3368)",
                      "Rows Removed by Filter": 644138
                    },
                    {
                      "Node Type": "Hash",
                      "Parent Relationship": "Inner",
                      "Parallel Aware": true,
                      "Startup Cost": 64276.02,
                      "Total Cost": 64276.02,
                      "Plan Rows": 377128,
                      "Plan Width": 8,
                      "Actual Startup Time": 514.933,
                      "Actual Total Time": 515.405,
                      "Actual Rows": 208478,
                      "Actual Loops": 4,
                      "Hash Buckets": 1048576,
                      "Original Hash Buckets": 1048576,
                      "Hash Batches": 1,
                      "Original Hash Batches": 1,
                      "Peak Memory Usage": 40864,
                      "Plans": [
                        {
                          "Node Type": "Hash Join",
                          "Parent Relationship": "Outer",
                          "Parallel Aware": true,
                          "Join Type": "Inner",
                          "Startup Cost": 49081.46,
                          "Total Cost": 64276.02,
                          "Plan Rows": 377128,
                          "Plan Width": 8,
                          "Actual Startup Time": 319.063,
                          "Actual Total Time": 454.461,
                          "Actual Rows": 208478,
                          "Actual Loops": 4,
                          "Inner Unique": true,
                          "Hash Cond": "(mi_idx.movie_id = t.id)",
                          "Plans": [
                            {
                              "Node Type": "Seq Scan",
                              "Parent Relationship": "Outer",
                              "Parallel Aware": true,
                              "Relation Name": "movie_info_idx",
                              "Alias": "mi_idx",
                              "Startup Cost": 0.0,
                              "Total Cost": 13685.15,
                              "Plan Rows": 575015,
                              "Plan Width": 4,
                              "Actual Startup Time": 0.02,
                              "Actual Total Time": 38.642,
                              "Actual Rows": 345009,
                              "Actual Loops": 4
                            },
                            {
                              "Node Type": "Hash",
                              "Parent Relationship": "Inner",
                              "Parallel Aware": true,
                              "Startup Cost": 43899.32,
                              "Total Cost": 43899.32,
                              "Plan Rows": 414571,
                              "Plan Width": 4,
                              "Actual Startup Time": 314.753,
                              "Actual Total Time": 314.755,
                              "Actual Rows": 410878,
                              "Actual Loops": 4,
                              "Hash Buckets": 2097152,
                              "Original Hash Buckets": 2097152,
                              "Hash Batches": 1,
                              "Original Hash Batches": 1,
                              "Peak Memory Usage": 80736,
                              "Plans": [
                                {
                                  "Node Type": "Seq Scan",
                                  "Parent Relationship": "Outer",
                                  "Parallel Aware": true,
                                  "Relation Name": "title",
                                  "Alias": "t",
                                  "Startup Cost": 0.0,
                                  "Total Cost": 43899.32,
                                  "Plan Rows": 414571,
                                  "Plan Width": 4,
                                  "Actual Startup Time": 0.061,
                                  "Actual Total Time": 134.56,
                                  "Actual Rows": 410878,
                                  "Actual Loops": 4,
                                  "Filter": "(production_year > 1994)",
                                  "Rows Removed by Filter": 221200
                                }
                              ]
                            }
                          ]
                        }
                      ]
                    }
                  ]
                }
              ]
            }
          ]
        }
      ]
    },
    "Planning Time": 0.377,
    "Triggers": [],
    "Execution Time": 838.217
  }
]