[
  {
    "Plan": {
      "Node Type": "Aggregate",
      "Strategy": "Plain",
      "Partial Mode": "Finalize",
      "Parallel Aware": false,
      "Startup Cost": 116466.93,
      "Total Cost": 116466.94,
      "Plan Rows": 1,
      "Plan Width": 8,
      "Actual Startup Time": 713.127,
      "Actual Total Time": 732.981,
      "Actual Rows": 1,
      "Actual Loops": 1,
      "Plans": [
        {
          "Node Type": "Gather",
          "Parent Relationship": "Outer",
          "Parallel Aware": false,
          "Startup Cost": 116466.61,
          "Total Cost": 116466.92,
          "Plan Rows": 3,
          "Plan Width": 8,
          "Actual Startup Time": 704.822,
          "Actual Total Time": 732.974,
          "Actual Rows": 4,
          "Actual Loops": 1,
          "Workers Planned": 3,
          "Workers Launched": 3,
          "Single Copy": false,
          "Plans": [
            {
              "Node Type": "Aggregate",
              "Strategy": "Plain",
              "Partial Mode": "Partial",
              "Parent Relationship": "Outer",
              "Parallel Aware": false,
              "Startup Cost": 115466.61,
              "Total Cost": 115466.62,
              "Plan Rows": 1,
              "Plan Width": 8,
              "Actual Startup Time": 694.681,
              "Actual Total Time": 694.687,
              "Actual Rows": 1,
              "Actual Loops": 4,
              "Plans": [
                {
                  "Node Type": "Hash Join",
                  "Parent Relationship": "Outer",
                  "Parallel Aware": true,
                  "Join Type": "Inner",
                  "Startup Cost": 68937.19,
                  "Total Cost": 114909.29,
                  "Plan Rows": 222927,
                  "Plan Width": 0,
                  "Actual Startup Time": 455.111,
                  "Actual Total Time": 668.53,
                  "Actual Rows": 598184,
                  "Actual Loops": 4,
                  "Inner Unique": false,
                  "Hash Cond": "(mk.movie_id = t.id)",
                  "Plans": [
                    {
                      "Node Type": "Seq Scan",
                      "Parent Relationship": "Outer",
                      "Parallel Aware": true,
                      "Relation Name": "movie_keyword",
                      "Alias": "mk",
                      "Startup Cost": 0.0,
                      "Total Cost": 42695.65,
                      "Plan Rows": 626024,
                      "Plan Width": 4,
                      "Actual Startup Time": 0.046,
                      "Actual Total Time": 108.396,
                      "Actual Rows": 486845,
                      "Actual Loops": 4,
                      "Filter": "(keyword_id < 3368)",
                      "Rows Removed by Filter": 644138
                    },
                    {
                      "Node Type": "Hash",
                      "Parent Relationship": "Inner",
                      "Parallel Aware": true,
                      "Startup Cost": 64247.99,
                      "Total Cost": 64247.99,
                      "Plan Rows": 375136,
                      "Plan Width": 8,
                      "Actual Startup Time": 449.787,
                      "Actual Total Time": 449.791,
                      "Actual Rows": 208478,
                      "Actual Loops": 4,
                      "Hash Buckets": 1048576,
                      "Original Hash Buckets": 1048576,
                      "Hash Batches": 1,
                      "Original Hash Batches": 1,
                      "Peak Memory Usage": 40896,
                      "Plans": [
                        {
                          "Node Type": "Hash Join",
                          "Parent Relationship": "Outer",
                          "Parallel Aware": true,
                          "Join Type": "Inner",
                          "Startup Cost": 49053.43,
                          "Total Cost": 64247.99,
                          "Plan Rows": 375136,
                          "Plan Width": 8,
                          "Actual Startup Time": 274.63,
                          "Actual Total Time": 392.075,
                          "Actual Rows": 208478,
                          "Actual Loops": 4,
                          "Inner Unique": true,
                          "Hash Cond": "(mi_idx.movie_id = t.id)",
                          "Plans": [
                            {
                              "Node Type": "Seq Scan",
                              "Parent Relationship": "Outer",
                              "Parallel Aware": true,
                              "Relation Name": "movie_info_idx",
                              "Alias": "mi_idx",
                              "Startup Cost": 0.0,
                              "Total Cost": 13685.15,
                              "Plan Rows": 575015,
                              "Plan Width": 4,
                              "Actual Startup Time": 0.026,
                              "Actual Total Time": 31.818,
                              "Actual Rows": 345009,
                              "Actual Loops": 4
                            },
                            {
                              "Node Type": "Hash",
                              "Parent Relationship": "Inner",
                              "Parallel Aware": true,
                              "Startup Cost": 43898.92,
                              "Total Cost": 43898.92,
                              "Plan Rows": 412361,
                              "Plan Width": 4,
                              "Actual Startup Time": 269.86,
                              "Actual Total Time": 269.861,
                              "Actual Rows": 410878,
                              "Actual Loops": 4,
                              "Hash Buckets": 2097152,
                              "Original Hash Buckets": 2097152,
                              "Hash Batches": 1,
                              "Original Hash Batches": 1,
                              "Peak Memory Usage": 80736,
                              "Plans": [
                                {
                                  "Node Type": "Seq Scan",
                                  "Parent Relationship": "Outer",
                                  "Parallel Aware": true,
                                  "Relation Name": "title",
                                  "Alias": "t",
                                  "Startup Cost": 0.0,
                                  "Total Cost": 43898.92,
                                  "Plan Rows": 412361,
                                  "Plan Width": 4,
                                  "Actual Startup Time": 0.044,
                                  "Actual Total Time": 114.019,
                                  "Actual Rows": 410878,
                                  "Actual Loops": 4,
                                  "Filter": "(production_year > 1994)",
                                  "Rows Removed by Filter": 221200
                                }
                              ]
                            }
                          ]
                        }
                      ]
                    }
                  ]
                }
              ]
            }
          ]
        }
      ]
    },
    "Planning Time": 1.432,
    "Triggers": [],
    "Execution Time": 733.06
  }
]