[
  {
    "Plan": {
      "Node Type": "Aggregate",
      "Strategy": "Plain",
      "Partial Mode": "Finalize",
      "Parallel Aware": false,
      "Startup Cost": 345920.72,
      "Total Cost": 345920.73,
      "Plan Rows": 1,
      "Plan Width": 8,
      "Actual Startup Time": 716.843,
      "Actual Total Time": 776.357,
      "Actual Rows": 1,
      "Actual Loops": 1,
      "Plans": [
        {
          "Node Type": "Gather",
          "Parent Relationship": "Outer",
          "Parallel Aware": false,
          "Startup Cost": 345920.1,
          "Total Cost": 345920.71,
          "Plan Rows": 6,
          "Plan Width": 8,
          "Actual Startup Time": 716.686,
          "Actual Total Time": 776.348,
          "Actual Rows": 7,
          "Actual Loops": 1,
          "Workers Planned": 6,
          "Workers Launched": 6,
          "Single Copy": false,
          "Plans": [
            {
              "Node Type": "Aggregate",
              "Strategy": "Plain",
              "Partial Mode": "Partial",
              "Parent Relationship": "Outer",
              "Parallel Aware": false,
              "Startup Cost": 344920.1,
              "Total Cost": 344920.11,
              "Plan Rows": 1,
              "Plan Width": 8,
              "Actual Startup Time": 708.286,
              "Actual Total Time": 708.288,
              "Actual Rows": 1,
              "Actual Loops": 7,
              "Plans": [
                {
                  "Node Type": "Seq Scan",
                  "Parent Relationship": "Outer",
                  "Parallel Aware": true,
                  "Relation Name": "cast_info",
                  "Alias": "ci",
                  "Startup Cost": 0.0,
                  "Total Cost": 343257.03,
                  "Plan Rows": 665227,
                  "Plan Width": 0,
                  "Actual Startup Time": 518.355,
                  "Actual Total Time": 694.909,
                  "Actual Rows": 246353,
                  "Actual Loops": 7,
                  "Filter": "((person_id > 3259219) AND (role_id < 10))",
                  "Rows Removed by Filter": 4931410
                }
              ]
            }
          ]
        }
      ]
    },
    "Planning Time": 0.226,
    "Triggers": [],
    "Execution Time": 776.432
  }
]