{
  "Plan": {
    "Node Type": "Aggregate",
    "Strategy": "Plain",
    "Partial Mode": "Finalize",
    "Parallel Aware": false,
    "Startup Cost": 727288.27,
    "Total Cost": 727288.28,
    "Plan Rows": 1,
    "Plan Width": 8,
    "Actual Startup Time": 7576.262,
    "Actual Total Time": 7649.305,
    "Actual Rows": 1,
    "Actual Loops": 1,
    "Plans": [
      {
        "Node Type": "Gather",
        "Parent Relationship": "Outer",
        "Parallel Aware": false,
        "Startup Cost": 727288.15,
        "Total Cost": 727288.26,
        "Plan Rows": 1,
        "Plan Width": 8,
        "Actual Startup Time": 7572.476,
        "Actual Total Time": 7649.297,
        "Actual Rows": 2,
        "Actual Loops": 1,
        "Workers Planned": 1,
        "Workers Launched": 1,
        "Single Copy": false,
        "Plans": [
          {
            "Node Type": "Aggregate",
            "Strategy": "Plain",
            "Partial Mode": "Partial",
            "Parent Relationship": "Outer",
            "Parallel Aware": false,
            "Startup Cost": 726288.15,
            "Total Cost": 726288.16,
            "Plan Rows": 1,
            "Plan Width": 8,
            "Actual Startup Time": 7565.754,
            "Actual Total Time": 7565.759,
            "Actual Rows": 1,
            "Actual Loops": 2,
            "Plans": [
              {
                "Node Type": "Hash Join",
                "Parent Relationship": "Outer",
                "Parallel Aware": true,
                "Join Type": "Inner",
                "Startup Cost": 101481.95,
                "Total Cost": 722516.18,
                "Plan Rows": 1508788,
                "Plan Width": 0,
                "Actual Startup Time": 1002.114,
                "Actual Total Time": 7457.301,
                "Actual Rows": 2664694,
                "Actual Loops": 2,
                "Inner Unique": false,
                "Hash Cond": "(t.id = mc.movie_id)",
                "Plans": [
                  {
                    "Node Type": "Hash Join",
                    "Parent Relationship": "Outer",
                    "Parallel Aware": true,
                    "Join Type": "Inner",
                    "Startup Cost": 69460.7,
                    "Total Cost": 616063.71,
                    "Plan Rows": 10488962,
                    "Plan Width": 8,
                    "Actual Startup Time": 877.096,
                    "Actual Total Time": 5559.638,
                    "Actual Rows": 8913772,
                    "Actual Loops": 2,
                    "Inner Unique": true,
                    "Hash Cond": "(ci.movie_id = t.id)",
                    "Plans": [
                      {
                        "Node Type": "Seq Scan",
                        "Parent Relationship": "Outer",
                        "Parallel Aware": true,
                        "Relation Name": "cast_info",
                        "Alias": "ci",
                        "Startup Cost": 0.0,
                        "Total Cost": 519069.44,
                        "Plan Rows": 10488962,
                        "Plan Width": 4,
                        "Actual Startup Time": 408.688,
                        "Actual Total Time": 1438.542,
                        "Actual Rows": 8913772,
                        "Actual Loops": 2,
                        "Filter": "(person_id > 1830972)",
                        "Rows Removed by Filter": 9208400
                      },
                      {
                        "Node Type": "Hash",
                        "Parent Relationship": "Inner",
                        "Parallel Aware": true,
                        "Startup Cost": 50870.31,
                        "Total Cost": 50870.31,
                        "Plan Rows": 1487231,
                        "Plan Width": 4,
                        "Actual Startup Time": 457.902,
                        "Actual Total Time": 457.902,
                        "Actual Rows": 1264156,
                        "Actual Loops": 2,
                        "Hash Buckets": 4194304,
                        "Original Hash Buckets": 4194304,
                        "Hash Batches": 1,
                        "Original Hash Batches": 1,
                        "Peak Memory Usage": 131712,
                        "Plans": [
                          {
                            "Node Type": "Seq Scan",
                            "Parent Relationship": "Outer",
                            "Parallel Aware": true,
                            "Relation Name": "title",
                            "Alias": "t",
                            "Startup Cost": 0.0,
                            "Total Cost": 50870.31,
                            "Plan Rows": 1487231,
                            "Plan Width": 4,
                            "Actual Startup Time": 0.025,
                            "Actual Total Time": 147.868,
                            "Actual Rows": 1264156,
                            "Actual Loops": 2
                          }
                        ]
                      }
                    ]
                  },
                  {
                    "Node Type": "Hash",
                    "Parent Relationship": "Inner",
                    "Parallel Aware": true,
                    "Startup Cost": 29347.11,
                    "Total Cost": 29347.11,
                    "Plan Rows": 213931,
                    "Plan Width": 4,
                    "Actual Startup Time": 119.594,
                    "Actual Total Time": 119.596,
                    "Actual Rows": 179032,
                    "Actual Loops": 2,
                    "Hash Buckets": 524288,
                    "Original Hash Buckets": 524288,
                    "Hash Batches": 1,
                    "Original Hash Batches": 1,
                    "Peak Memory Usage": 18144,
                    "Plans": [
                      {
                        "Node Type": "Bitmap Heap Scan",
                        "Parent Relationship": "Outer",
                        "Parallel Aware": true,
                        "Relation Name": "movie_companies",
                        "Alias": "mc",
                        "Startup Cost": 7882.97,
                        "Total Cost": 29347.11,
                        "Plan Rows": 213931,
                        "Plan Width": 4,
                        "Actual Startup Time": 29.596,
                        "Actual Total Time": 82.726,
                        "Actual Rows": 179032,
                        "Actual Loops": 2,
                        "Recheck Cond": "(company_id < 181)",
                        "Rows Removed by Index Recheck": 0,
                        "Exact Heap Blocks": 11714,
                        "Lossy Heap Blocks": 0,
                        "Plans": [
                          {
                            "Node Type": "Bitmap Index Scan",
                            "Parent Relationship": "Outer",
                            "Parallel Aware": false,
                            "Index Name": "company_id_movie_companies",
                            "Startup Cost": 0.0,
                            "Total Cost": 7792.05,
                            "Plan Rows": 363683,
                            "Plan Width": 0,
                            "Actual Startup Time": 26.942,
                            "Actual Total Time": 26.943,
                            "Actual Rows": 358065,
                            "Actual Loops": 1,
                            "Index Cond": "(company_id < 181)"
                          }
                        ]
                      }
                    ]
                  }
                ]
              }
            ]
          }
        ]
      }
    ]
  },
  "Planning Time": 1.072,
  "Triggers": [],
  "Execution Time": 7649.418
}