[
  {
    "Plan": {
      "Node Type": "Aggregate",
      "Strategy": "Plain",
      "Partial Mode": "Finalize",
      "Parallel Aware": false,
      "Startup Cost": 61605.63,
      "Total Cost": 61605.64,
      "Plan Rows": 1,
      "Plan Width": 8,
      "Actual Startup Time": 111.505,
      "Actual Total Time": 126.095,
      "Actual Rows": 1,
      "Actual Loops": 1,
      "Plans": [
        {
          "Node Type": "Gather",
          "Parent Relationship": "Outer",
          "Parallel Aware": false,
          "Startup Cost": 61605.21,
          "Total Cost": 61605.62,
          "Plan Rows": 4,
          "Plan Width": 8,
          "Actual Startup Time": 111.127,
          "Actual Total Time": 126.087,
          "Actual Rows": 5,
          "Actual Loops": 1,
          "Workers Planned": 4,
          "Workers Launched": 4,
          "Single Copy": false,
          "Plans": [
            {
              "Node Type": "Aggregate",
              "Strategy": "Plain",
              "Partial Mode": "Partial",
              "Parent Relationship": "Outer",
              "Parallel Aware": false,
              "Startup Cost": 60605.21,
              "Total Cost": 60605.22,
              "Plan Rows": 1,
              "Plan Width": 8,
              "Actual Startup Time": 104.714,
              "Actual Total Time": 104.715,
              "Actual Rows": 1,
              "Actual Loops": 5,
              "Plans": [
                {
                  "Node Type": "Nested Loop",
                  "Parent Relationship": "Outer",
                  "Parallel Aware": false,
                  "Join Type": "Inner",
                  "Startup Cost": 0.43,
                  "Total Cost": 60600.72,
                  "Plan Rows": 1798,
                  "Plan Width": 0,
                  "Actual Startup Time": 0.464,
                  "Actual Total Time": 104.565,
                  "Actual Rows": 1381,
                  "Actual Loops": 5,
                  "Inner Unique": false,
                  "Plans": [
                    {
                      "Node Type": "Seq Scan",
                      "Parent Relationship": "Outer",
                      "Parallel Aware": true,
                      "Relation Name": "title",
                      "Alias": "t",
                      "Startup Cost": 0.0,
                      "Total Cost": 45479.59,
                      "Plan Rows": 3295,
                      "Plan Width": 4,
                      "Actual Startup Time": 0.073,
                      "Actual Total Time": 88.904,
                      "Actual Rows": 2545,
                      "Actual Loops": 5,
                      "Filter": "((kind_id > 2) AND (production_year = 1985))",
                      "Rows Removed by Filter": 503118
                    },
                    {
                      "Node Type": "Index Only Scan",
                      "Parent Relationship": "Inner",
                      "Parallel Aware": false,
                      "Scan Direction": "Forward",
                      "Index Name": "movie_id_movie_info_idx",
                      "Relation Name": "movie_info_idx",
                      "Alias": "mi_idx",
                      "Startup Cost": 0.43,
                      "Total Cost": 4.56,
                      "Plan Rows": 3,
                      "Plan Width": 4,
                      "Actual Startup Time": 0.005,
                      "Actual Total Time": 0.006,
                      "Actual Rows": 1,
                      "Actual Loops": 12724,
                      "Index Cond": "(movie_id = t.id)",
                      "Rows Removed by Index Recheck": 0,
                      "Heap Fetches": 6903
                    }
                  ]
                }
              ]
            }
          ]
        }
      ]
    },
    "Planning Time": 0.599,
    "Triggers": [],
    "Execution Time": 126.163
  }
]