{
  "Plan": {
    "Node Type": "Aggregate",
    "Strategy": "Plain",
    "Partial Mode": "Finalize",
    "Parallel Aware": false,
    "Startup Cost": 258249.01,
    "Total Cost": 258249.02,
    "Plan Rows": 1,
    "Plan Width": 8,
    "Actual Startup Time": 181.253,
    "Actual Total Time": 206.726,
    "Actual Rows": 1,
    "Actual Loops": 1,
    "Plans": [
      {
        "Node Type": "Gather",
        "Parent Relationship": "Outer",
        "Parallel Aware": false,
        "Startup Cost": 258248.9,
        "Total Cost": 258249.01,
        "Plan Rows": 1,
        "Plan Width": 8,
        "Actual Startup Time": 181.11,
        "Actual Total Time": 206.718,
        "Actual Rows": 2,
        "Actual Loops": 1,
        "Workers Planned": 1,
        "Workers Launched": 1,
        "Single Copy": false,
        "Plans": [
          {
            "Node Type": "Aggregate",
            "Strategy": "Plain",
            "Partial Mode": "Partial",
            "Parent Relationship": "Outer",
            "Parallel Aware": false,
            "Startup Cost": 257248.9,
            "Total Cost": 257248.91,
            "Plan Rows": 1,
            "Plan Width": 8,
            "Actual Startup Time": 175.227,
            "Actual Total Time": 175.229,
            "Actual Rows": 1,
            "Actual Loops": 2,
            "Plans": [
              {
                "Node Type": "Nested Loop",
                "Parent Relationship": "Outer",
                "Parallel Aware": false,
                "Join Type": "Inner",
                "Startup Cost": 11824.08,
                "Total Cost": 257192.53,
                "Plan Rows": 22547,
                "Plan Width": 0,
                "Actual Startup Time": 37.95,
                "Actual Total Time": 173.244,
                "Actual Rows": 26870,
                "Actual Loops": 2,
                "Inner Unique": false,
                "Plans": [
                  {
                    "Node Type": "Bitmap Heap Scan",
                    "Parent Relationship": "Outer",
                    "Parallel Aware": true,
                    "Relation Name": "title",
                    "Alias": "t",
                    "Startup Cost": 11823.52,
                    "Total Cost": 53673.78,
                    "Plan Rows": 1574,
                    "Plan Width": 4,
                    "Actual Startup Time": 37.754,
                    "Actual Total Time": 82.336,
                    "Actual Rows": 1516,
                    "Actual Loops": 2,
                    "Recheck Cond": "(kind_id = 1)",
                    "Rows Removed by Index Recheck": 0,
                    "Filter": "(production_year = 1958)",
                    "Rows Removed by Filter": 329896,
                    "Exact Heap Blocks": 9795,
                    "Lossy Heap Blocks": 0,
                    "Plans": [
                      {
                        "Node Type": "Bitmap Index Scan",
                        "Parent Relationship": "Outer",
                        "Parallel Aware": false,
                        "Index Name": "kind_id_title",
                        "Startup Cost": 0.0,
                        "Total Cost": 11822.85,
                        "Plan Rows": 663256,
                        "Plan Width": 0,
                        "Actual Startup Time": 40.783,
                        "Actual Total Time": 40.784,
                        "Actual Rows": 662825,
                        "Actual Loops": 1,
                        "Index Cond": "(kind_id = 1)"
                      }
                    ]
                  },
                  {
                    "Node Type": "Index Only Scan",
                    "Parent Relationship": "Inner",
                    "Parallel Aware": false,
                    "Scan Direction": "Forward",
                    "Index Name": "movie_id_cast_info",
                    "Relation Name": "cast_info",
                    "Alias": "ci",
                    "Startup Cost": 0.56,
                    "Total Cost": 128.93,
                    "Plan Rows": 37,
                    "Plan Width": 4,
                    "Actual Startup Time": 0.016,
                    "Actual Total Time": 0.058,
                    "Actual Rows": 18,
                    "Actual Loops": 3032,
                    "Index Cond": "(movie_id = t.id)",
                    "Rows Removed by Index Recheck": 0,
                    "Heap Fetches": 53740
                  }
                ]
              }
            ]
          }
        ]
      }
    ]
  },
  "Planning Time": 0.452,
  "Triggers": [],
  "Execution Time": 206.83
}