[
  {
    "Plan": {
      "Node Type": "Aggregate",
      "Strategy": "Plain",
      "Partial Mode": "Finalize",
      "Parallel Aware": false,
      "Startup Cost": 31246.09,
      "Total Cost": 31246.1,
      "Plan Rows": 1,
      "Plan Width": 8,
      "Actual Startup Time": 88.453,
      "Actual Total Time": 96.937,
      "Actual Rows": 1,
      "Actual Loops": 1,
      "Plans": [
        {
          "Node Type": "Gather",
          "Parent Relationship": "Outer",
          "Parallel Aware": false,
          "Startup Cost": 31245.77,
          "Total Cost": 31246.08,
          "Plan Rows": 3,
          "Plan Width": 8,
          "Actual Startup Time": 88.309,
          "Actual Total Time": 96.927,
          "Actual Rows": 4,
          "Actual Loops": 1,
          "Workers Planned": 3,
          "Workers Launched": 3,
          "Single Copy": false,
          "Plans": [
            {
              "Node Type": "Aggregate",
              "Strategy": "Plain",
              "Partial Mode": "Partial",
              "Parent Relationship": "Outer",
              "Parallel Aware": false,
              "Startup Cost": 30245.77,
              "Total Cost": 30245.78,
              "Plan Rows": 1,
              "Plan Width": 8,
              "Actual Startup Time": 83.449,
              "Actual Total Time": 83.451,
              "Actual Rows": 1,
              "Actual Loops": 4,
              "Plans": [
                {
                  "Node Type": "Seq Scan",
                  "Parent Relationship": "Outer",
                  "Parallel Aware": true,
                  "Relation Name": "movie_companies",
                  "Alias": "mc",
                  "Startup Cost": 0.0,
                  "Total Cost": 29310.68,
                  "Plan Rows": 374035,
                  "Plan Width": 0,
                  "Actual Startup Time": 0.021,
                  "Actual Total Time": 69.529,
                  "Actual Rows": 292442,
                  "Actual Loops": 4,
                  "Filter": "(company_id < 9831)",
                  "Rows Removed by Filter": 359841
                }
              ]
            }
          ]
        }
      ]
    },
    "Planning Time": 0.094,
    "Triggers": [],
    "Execution Time": 96.974
  }
]