[
  {
    "Plan": {
      "Node Type": "Aggregate",
      "Strategy": "Plain",
      "Partial Mode": "Finalize",
      "Parallel Aware": false,
      "Startup Cost": 62953.44,
      "Total Cost": 62953.45,
      "Plan Rows": 1,
      "Plan Width": 8,
      "Actual Startup Time": 287.09,
      "Actual Total Time": 305.508,
      "Actual Rows": 1,
      "Actual Loops": 1,
      "Plans": [
        {
          "Node Type": "Gather",
          "Parent Relationship": "Outer",
          "Parallel Aware": false,
          "Startup Cost": 62953.22,
          "Total Cost": 62953.43,
          "Plan Rows": 2,
          "Plan Width": 8,
          "Actual Startup Time": 285.53,
          "Actual Total Time": 305.5,
          "Actual Rows": 3,
          "Actual Loops": 1,
          "Workers Planned": 2,
          "Workers Launched": 2,
          "Single Copy": false,
          "Plans": [
            {
              "Node Type": "Aggregate",
              "Strategy": "Plain",
              "Partial Mode": "Partial",
              "Parent Relationship": "Outer",
              "Parallel Aware": false,
              "Startup Cost": 61953.22,
              "Total Cost": 61953.23,
              "Plan Rows": 1,
              "Plan Width": 8,
              "Actual Startup Time": 280.171,
              "Actual Total Time": 280.175,
              "Actual Rows": 1,
              "Actual Loops": 3,
              "Plans": [
                {
                  "Node Type": "Hash Join",
                  "Parent Relationship": "Outer",
                  "Parallel Aware": true,
                  "Join Type": "Inner",
                  "Startup Cost": 46561.77,
                  "Total Cost": 61756.33,
                  "Plan Rows": 78756,
                  "Plan Width": 0,
                  "Actual Startup Time": 201.195,
                  "Actual Total Time": 275.38,
                  "Actual Rows": 82143,
                  "Actual Loops": 3,
                  "Inner Unique": true,
                  "Hash Cond": "(mi_idx.movie_id = t.id)",
                  "Plans": [
                    {
                      "Node Type": "Seq Scan",
                      "Parent Relationship": "Outer",
                      "Parallel Aware": true,
                      "Relation Name": "movie_info_idx",
                      "Alias": "mi_idx",
                      "Startup Cost": 0.0,
                      "Total Cost": 13685.15,
                      "Plan Rows": 575015,
                      "Plan Width": 4,
                      "Actual Startup Time": 0.01,
                      "Actual Total Time": 47.973,
                      "Actual Rows": 460012,
                      "Actual Loops": 3
                    },
                    {
                      "Node Type": "Hash",
                      "Parent Relationship": "Inner",
                      "Parallel Aware": true,
                      "Startup Cost": 45479.59,
                      "Total Cost": 45479.59,
                      "Plan Rows": 86575,
                      "Plan Width": 4,
                      "Actual Startup Time": 157.05,
                      "Actual Total Time": 157.052,
                      "Actual Rows": 88425,
                      "Actual Loops": 3,
                      "Hash Buckets": 524288,
                      "Original Hash Buckets": 524288,
                      "Hash Batches": 1,
                      "Original Hash Batches": 1,
                      "Peak Memory Usage": 14528,
                      "Plans": [
                        {
                          "Node Type": "Seq Scan",
                          "Parent Relationship": "Outer",
                          "Parallel Aware": true,
                          "Relation Name": "title",
                          "Alias": "t",
                          "Startup Cost": 0.0,
                          "Total Cost": 45479.59,
                          "Plan Rows": 86575,
                          "Plan Width": 4,
                          "Actual Startup Time": 49.6,
                          "Actual Total Time": 129.445,
                          "Actual Rows": 88425,
                          "Actual Loops": 3,
                          "Filter": "((production_year > 2001) AND (kind_id = 1))",
                          "Rows Removed by Filter": 754346
                        }
                      ]
                    }
                  ]
                }
              ]
            }
          ]
        }
      ]
    },
    "Planning Time": 0.437,
    "Triggers": [],
    "Execution Time": 305.55
  }
]