[
  {
    "Plan": {
      "Node Type": "Aggregate",
      "Strategy": "Plain",
      "Partial Mode": "Finalize",
      "Parallel Aware": false,
      "Startup Cost": 62967.48,
      "Total Cost": 62967.49,
      "Plan Rows": 1,
      "Plan Width": 8,
      "Actual Startup Time": 250.773,
      "Actual Total Time": 263.04,
      "Actual Rows": 1,
      "Actual Loops": 1,
      "Plans": [
        {
          "Node Type": "Gather",
          "Parent Relationship": "Outer",
          "Parallel Aware": false,
          "Startup Cost": 62967.27,
          "Total Cost": 62967.48,
          "Plan Rows": 2,
          "Plan Width": 8,
          "Actual Startup Time": 249.417,
          "Actual Total Time": 263.031,
          "Actual Rows": 3,
          "Actual Loops": 1,
          "Workers Planned": 2,
          "Workers Launched": 2,
          "Single Copy": false,
          "Plans": [
            {
              "Node Type": "Aggregate",
              "Strategy": "Plain",
              "Partial Mode": "Partial",
              "Parent Relationship": "Outer",
              "Parallel Aware": false,
              "Startup Cost": 61967.27,
              "Total Cost": 61967.28,
              "Plan Rows": 1,
              "Plan Width": 8,
              "Actual Startup Time": 241.473,
              "Actual Total Time": 241.477,
              "Actual Rows": 1,
              "Actual Loops": 3,
              "Plans": [
                {
                  "Node Type": "Hash Join",
                  "Parent Relationship": "Outer",
                  "Parallel Aware": true,
                  "Join Type": "Inner",
                  "Startup Cost": 46573.57,
                  "Total Cost": 61768.13,
                  "Plan Rows": 79654,
                  "Plan Width": 0,
                  "Actual Startup Time": 181.341,
                  "Actual Total Time": 238.06,
                  "Actual Rows": 82143,
                  "Actual Loops": 3,
                  "Inner Unique": true,
                  "Hash Cond": "(mi_idx.movie_id = t.id)",
                  "Plans": [
                    {
                      "Node Type": "Seq Scan",
                      "Parent Relationship": "Outer",
                      "Parallel Aware": true,
                      "Relation Name": "movie_info_idx",
                      "Alias": "mi_idx",
                      "Startup Cost": 0.0,
                      "Total Cost": 13685.15,
                      "Plan Rows": 575015,
                      "Plan Width": 4,
                      "Actual Startup Time": 0.023,
                      "Actual Total Time": 34.871,
                      "Actual Rows": 460012,
                      "Actual Loops": 3
                    },
                    {
                      "Node Type": "Hash",
                      "Parent Relationship": "Inner",
                      "Parallel Aware": true,
                      "Startup Cost": 45479.1,
                      "Total Cost": 45479.1,
                      "Plan Rows": 87558,
                      "Plan Width": 4,
                      "Actual Startup Time": 143.312,
                      "Actual Total Time": 143.313,
                      "Actual Rows": 88425,
                      "Actual Loops": 3,
                      "Hash Buckets": 524288,
                      "Original Hash Buckets": 524288,
                      "Hash Batches": 1,
                      "Original Hash Batches": 1,
                      "Peak Memory Usage": 14528,
                      "Plans": [
                        {
                          "Node Type": "Seq Scan",
                          "Parent Relationship": "Outer",
                          "Parallel Aware": true,
                          "Relation Name": "title",
                          "Alias": "t",
                          "Startup Cost": 0.0,
                          "Total Cost": 45479.1,
                          "Plan Rows": 87558,
                          "Plan Width": 4,
                          "Actual Startup Time": 49.562,
                          "Actual Total Time": 117.048,
                          "Actual Rows": 88425,
                          "Actual Loops": 3,
                          "Filter": "((production_year > 2001) AND (kind_id = 1))",
                          "Rows Removed by Filter": 754346
                        }
                      ]
                    }
                  ]
                }
              ]
            }
          ]
        }
      ]
    },
    "Planning Time": 0.593,
    "Triggers": [],
    "Execution Time": 263.104
  }
]