[
    {
        "Bao": {
            "Bao prediction": "NaN",
            "Bao recommended hint": "(no hint)"
        }
    },
    {
        "Plan": {
            "Node Type": "Aggregate",
            "Strategy": "Plain",
            "Partial Mode": "Finalize",
            "Parallel Aware": false,
            "Startup Cost": 235904.65,
            "Total Cost": 235904.66,
            "Plan Rows": 1,
            "Plan Width": 8,
            "Actual Startup Time": 83.269,
            "Actual Total Time": 96.161,
            "Actual Rows": 1,
            "Actual Loops": 1,
            "Output": [
                "count(*)"
            ],
            "Plans": [
                {
                    "Node Type": "Gather",
                    "Parent Relationship": "Outer",
                    "Parallel Aware": false,
                    "Startup Cost": 235904.23,
                    "Total Cost": 235904.64,
                    "Plan Rows": 4,
                    "Plan Width": 8,
                    "Actual Startup Time": 82.941,
                    "Actual Total Time": 96.151,
                    "Actual Rows": 5,
                    "Actual Loops": 1,
                    "Output": [
                        "(PARTIAL count(*))"
                    ],
                    "Workers Planned": 4,
                    "Workers Launched": 4,
                    "Single Copy": false,
                    "Plans": [
                        {
                            "Node Type": "Aggregate",
                            "Strategy": "Plain",
                            "Partial Mode": "Partial",
                            "Parent Relationship": "Outer",
                            "Parallel Aware": false,
                            "Startup Cost": 234904.23,
                            "Total Cost": 234904.24,
                            "Plan Rows": 1,
                            "Plan Width": 8,
                            "Actual Startup Time": 73.265,
                            "Actual Total Time": 73.267,
                            "Actual Rows": 1,
                            "Actual Loops": 5,
                            "Output": [
                                "PARTIAL count(*)"
                            ],
                            "Workers": [
                                {
                                    "Worker Number": 0,
                                    "Actual Startup Time": 70.278,
                                    "Actual Total Time": 70.28,
                                    "Actual Rows": 1,
                                    "Actual Loops": 1
                                },
                                {
                                    "Worker Number": 1,
                                    "Actual Startup Time": 70.698,
                                    "Actual Total Time": 70.699,
                                    "Actual Rows": 1,
                                    "Actual Loops": 1
                                },
                                {
                                    "Worker Number": 2,
                                    "Actual Startup Time": 71.13,
                                    "Actual Total Time": 71.132,
                                    "Actual Rows": 1,
                                    "Actual Loops": 1
                                },
                                {
                                    "Worker Number": 3,
                                    "Actual Startup Time": 71.653,
                                    "Actual Total Time": 71.654,
                                    "Actual Rows": 1,
                                    "Actual Loops": 1
                                }
                            ],
                            "Plans": [
                                {
                                    "Node Type": "Nested Loop",
                                    "Parent Relationship": "Outer",
                                    "Parallel Aware": false,
                                    "Join Type": "Inner",
                                    "Startup Cost": 2109.1,
                                    "Total Cost": 234835.01,
                                    "Plan Rows": 27688,
                                    "Plan Width": 0,
                                    "Actual Startup Time": 3.279,
                                    "Actual Total Time": 72.008,
                                    "Actual Rows": 11419,
                                    "Actual Loops": 5,
                                    "Inner Unique": false,
                                    "Workers": [
                                        {
                                            "Worker Number": 0,
                                            "Actual Startup Time": 0.708,
                                            "Actual Total Time": 69.196,
                                            "Actual Rows": 7862,
                                            "Actual Loops": 1
                                        },
                                        {
                                            "Worker Number": 1,
                                            "Actual Startup Time": 1.526,
                                            "Actual Total Time": 69.62,
                                            "Actual Rows": 8050,
                                            "Actual Loops": 1
                                        },
                                        {
                                            "Worker Number": 2,
                                            "Actual Startup Time": 0.854,
                                            "Actual Total Time": 70.004,
                                            "Actual Rows": 8067,
                                            "Actual Loops": 1
                                        },
                                        {
                                            "Worker Number": 3,
                                            "Actual Startup Time": 1.527,
                                            "Actual Total Time": 70.564,
                                            "Actual Rows": 7575,
                                            "Actual Loops": 1
                                        }
                                    ],
                                    "Plans": [
                                        {
                                            "Node Type": "Bitmap Heap Scan",
                                            "Parent Relationship": "Outer",
                                            "Parallel Aware": true,
                                            "Relation Name": "title",
                                            "Schema": "public",
                                            "Alias": "t",
                                            "Startup Cost": 2108.54,
                                            "Total Cost": 38549.63,
                                            "Plan Rows": 1931,
                                            "Plan Width": 4,
                                            "Actual Startup Time": 3.033,
                                            "Actual Total Time": 18.464,
                                            "Actual Rows": 1037,
                                            "Actual Loops": 5,
                                            "Output": [
                                                "t.id",
                                                "t.title",
                                                "t.imdb_index",
                                                "t.kind_id",
                                                "t.production_year",
                                                "t.imdb_id",
                                                "t.phonetic_code",
                                                "t.episode_of_id",
                                                "t.season_nr",
                                                "t.episode_nr",
                                                "t.series_years",
                                                "t.md5sum"
                                            ],
                                            "Recheck Cond": "(t.kind_id = 4)",
                                            "Rows Removed by Index Recheck": 0,
                                            "Filter": "(t.production_year = 2012)",
                                            "Rows Removed by Filter": 22610,
                                            "Exact Heap Blocks": 5780,
                                            "Lossy Heap Blocks": 0,
                                            "Workers": [
                                                {
                                                    "Worker Number": 0,
                                                    "Actual Startup Time": 0.395,
                                                    "Actual Total Time": 13.891,
                                                    "Actual Rows": 677,
                                                    "Actual Loops": 1
                                                },
                                                {
                                                    "Worker Number": 1,
                                                    "Actual Startup Time": 1.241,
                                                    "Actual Total Time": 14.314,
                                                    "Actual Rows": 711,
                                                    "Actual Loops": 1
                                                },
                                                {
                                                    "Worker Number": 2,
                                                    "Actual Startup Time": 0.537,
                                                    "Actual Total Time": 13.84,
                                                    "Actual Rows": 760,
                                                    "Actual Loops": 1
                                                },
                                                {
                                                    "Worker Number": 3,
                                                    "Actual Startup Time": 1.232,
                                                    "Actual Total Time": 15.182,
                                                    "Actual Rows": 721,
                                                    "Actual Loops": 1
                                                }
                                            ],
                                            "Plans": [
                                                {
                                                    "Node Type": "Bitmap Index Scan",
                                                    "Parent Relationship": "Outer",
                                                    "Parallel Aware": false,
                                                    "Index Name": "kind_id_title",
                                                    "Startup Cost": 0.0,
                                                    "Total Cost": 2106.61,
                                                    "Plan Rows": 118157,
                                                    "Plan Width": 0,
                                                    "Actual Startup Time": 8.914,
                                                    "Actual Total Time": 8.915,
                                                    "Actual Rows": 118234,
                                                    "Actual Loops": 1,
                                                    "Index Cond": "(t.kind_id = 4)"
                                                }
                                            ]
                                        },
                                        {
                                            "Node Type": "Index Only Scan",
                                            "Parent Relationship": "Inner",
                                            "Parallel Aware": false,
                                            "Scan Direction": "Forward",
                                            "Index Name": "movie_id_cast_info",
                                            "Relation Name": "cast_info",
                                            "Schema": "public",
                                            "Alias": "ci",
                                            "Startup Cost": 0.56,
                                            "Total Cost": 101.27,
                                            "Plan Rows": 38,
                                            "Plan Width": 4,
                                            "Actual Startup Time": 0.016,
                                            "Actual Total Time": 0.05,
                                            "Actual Rows": 11,
                                            "Actual Loops": 5186,
                                            "Output": [
                                                "ci.movie_id"
                                            ],
                                            "Index Cond": "(ci.movie_id = t.id)",
                                            "Rows Removed by Index Recheck": 0,
                                            "Heap Fetches": 57095,
                                            "Workers": [
                                                {
                                                    "Worker Number": 0,
                                                    "Actual Startup Time": 0.024,
                                                    "Actual Total Time": 0.079,
                                                    "Actual Rows": 12,
                                                    "Actual Loops": 677
                                                },
                                                {
                                                    "Worker Number": 1,
                                                    "Actual Startup Time": 0.023,
                                                    "Actual Total Time": 0.075,
                                                    "Actual Rows": 11,
                                                    "Actual Loops": 711
                                                },
                                                {
                                                    "Worker Number": 2,
                                                    "Actual Startup Time": 0.023,
                                                    "Actual Total Time": 0.071,
                                                    "Actual Rows": 11,
                                                    "Actual Loops": 760
                                                },
                                                {
                                                    "Worker Number": 3,
                                                    "Actual Startup Time": 0.024,
                                                    "Actual Total Time": 0.074,
                                                    "Actual Rows": 11,
                                                    "Actual Loops": 721
                                                }
                                            ]
                                        }
                                    ]
                                }
                            ]
                        }
                    ]
                }
            ]
        },
        "Planning Time": 269.681,
        "Triggers": [],
        "Execution Time": 96.238
    }
]