[
    {
        "Bao": {
            "Bao prediction": 451.466,
            "Bao recommended hint": "SET enable_mergejoin TO off; SET enable_indexscan TO off; "
        }
    },
    {
        "Plan": {
            "Node Type": "Aggregate",
            "Strategy": "Plain",
            "Partial Mode": "Finalize",
            "Parallel Aware": false,
            "Startup Cost": 345230.51,
            "Total Cost": 345230.52,
            "Plan Rows": 1,
            "Plan Width": 8,
            "Actual Startup Time": 764.053,
            "Actual Total Time": 797.165,
            "Actual Rows": 1,
            "Actual Loops": 1,
            "Output": [
                "count(*)"
            ],
            "Plans": [
                {
                    "Node Type": "Gather",
                    "Parent Relationship": "Outer",
                    "Parallel Aware": false,
                    "Startup Cost": 345229.88,
                    "Total Cost": 345230.49,
                    "Plan Rows": 6,
                    "Plan Width": 8,
                    "Actual Startup Time": 763.951,
                    "Actual Total Time": 797.158,
                    "Actual Rows": 7,
                    "Actual Loops": 1,
                    "Output": [
                        "(PARTIAL count(*))"
                    ],
                    "Workers Planned": 6,
                    "Workers Launched": 6,
                    "Single Copy": false,
                    "Plans": [
                        {
                            "Node Type": "Aggregate",
                            "Strategy": "Plain",
                            "Partial Mode": "Partial",
                            "Parent Relationship": "Outer",
                            "Parallel Aware": false,
                            "Startup Cost": 344229.88,
                            "Total Cost": 344229.89,
                            "Plan Rows": 1,
                            "Plan Width": 8,
                            "Actual Startup Time": 754.979,
                            "Actual Total Time": 754.981,
                            "Actual Rows": 1,
                            "Actual Loops": 7,
                            "Output": [
                                "PARTIAL count(*)"
                            ],
                            "Workers": [
                                {
                                    "Worker Number": 0,
                                    "Actual Startup Time": 752.894,
                                    "Actual Total Time": 752.896,
                                    "Actual Rows": 1,
                                    "Actual Loops": 1
                                },
                                {
                                    "Worker Number": 1,
                                    "Actual Startup Time": 753.27,
                                    "Actual Total Time": 753.272,
                                    "Actual Rows": 1,
                                    "Actual Loops": 1
                                },
                                {
                                    "Worker Number": 2,
                                    "Actual Startup Time": 753.276,
                                    "Actual Total Time": 753.278,
                                    "Actual Rows": 1,
                                    "Actual Loops": 1
                                },
                                {
                                    "Worker Number": 3,
                                    "Actual Startup Time": 753.678,
                                    "Actual Total Time": 753.679,
                                    "Actual Rows": 1,
                                    "Actual Loops": 1
                                },
                                {
                                    "Worker Number": 4,
                                    "Actual Startup Time": 753.581,
                                    "Actual Total Time": 753.582,
                                    "Actual Rows": 1,
                                    "Actual Loops": 1
                                },
                                {
                                    "Worker Number": 5,
                                    "Actual Startup Time": 754.551,
                                    "Actual Total Time": 754.553,
                                    "Actual Rows": 1,
                                    "Actual Loops": 1
                                }
                            ],
                            "Plans": [
                                {
                                    "Node Type": "Seq Scan",
                                    "Parent Relationship": "Outer",
                                    "Parallel Aware": true,
                                    "Relation Name": "cast_info",
                                    "Schema": "public",
                                    "Alias": "ci",
                                    "Startup Cost": 0.0,
                                    "Total Cost": 343318.94,
                                    "Plan Rows": 364376,
                                    "Plan Width": 0,
                                    "Actual Startup Time": 501.955,
                                    "Actual Total Time": 742.895,
                                    "Actual Rows": 196178,
                                    "Actual Loops": 7,
                                    "Output": [
                                        "id",
                                        "person_id",
                                        "movie_id",
                                        "person_role_id",
                                        "note",
                                        "nr_order",
                                        "role_id"
                                    ],
                                    "Filter": "((ci.person_id < 656426) AND (ci.role_id > 3))",
                                    "Rows Removed by Filter": 4981586,
                                    "Workers": [
                                        {
                                            "Worker Number": 0,
                                            "Actual Startup Time": 499.874,
                                            "Actual Total Time": 741.049,
                                            "Actual Rows": 171959,
                                            "Actual Loops": 1
                                        },
                                        {
                                            "Worker Number": 1,
                                            "Actual Startup Time": 500.248,
                                            "Actual Total Time": 741.505,
                                            "Actual Rows": 172608,
                                            "Actual Loops": 1
                                        },
                                        {
                                            "Worker Number": 2,
                                            "Actual Startup Time": 500.248,
                                            "Actual Total Time": 741.652,
                                            "Actual Rows": 169888,
                                            "Actual Loops": 1
                                        },
                                        {
                                            "Worker Number": 3,
                                            "Actual Startup Time": 500.662,
                                            "Actual Total Time": 741.774,
                                            "Actual Rows": 174732,
                                            "Actual Loops": 1
                                        },
                                        {
                                            "Worker Number": 4,
                                            "Actual Startup Time": 500.555,
                                            "Actual Total Time": 741.823,
                                            "Actual Rows": 172323,
                                            "Actual Loops": 1
                                        },
                                        {
                                            "Worker Number": 5,
                                            "Actual Startup Time": 501.518,
                                            "Actual Total Time": 742.649,
                                            "Actual Rows": 173493,
                                            "Actual Loops": 1
                                        }
                                    ]
                                }
                            ]
                        }
                    ]
                }
            ]
        },
        "Planning Time": 180.298,
        "Triggers": [],
        "Execution Time": 797.219
    }
]