[
  {
    "Plan": {
      "Node Type": "Aggregate",
      "Strategy": "Plain",
      "Partial Mode": "Finalize",
      "Parallel Aware": false,
      "Startup Cost": 349825.23,
      "Total Cost": 349825.24,
      "Plan Rows": 1,
      "Plan Width": 8,
      "Actual Startup Time": 757.976,
      "Actual Total Time": 818.778,
      "Actual Rows": 1,
      "Actual Loops": 1,
      "Plans": [
        {
          "Node Type": "Gather",
          "Parent Relationship": "Outer",
          "Parallel Aware": false,
          "Startup Cost": 349824.6,
          "Total Cost": 349825.21,
          "Plan Rows": 6,
          "Plan Width": 8,
          "Actual Startup Time": 757.855,
          "Actual Total Time": 818.766,
          "Actual Rows": 7,
          "Actual Loops": 1,
          "Workers Planned": 6,
          "Workers Launched": 6,
          "Single Copy": false,
          "Plans": [
            {
              "Node Type": "Aggregate",
              "Strategy": "Plain",
              "Partial Mode": "Partial",
              "Parent Relationship": "Outer",
              "Parallel Aware": false,
              "Startup Cost": 348824.6,
              "Total Cost": 348824.61,
              "Plan Rows": 1,
              "Plan Width": 8,
              "Actual Startup Time": 750.404,
              "Actual Total Time": 750.405,
              "Actual Rows": 1,
              "Actual Loops": 7,
              "Plans": [
                {
                  "Node Type": "Seq Scan",
                  "Parent Relationship": "Outer",
                  "Parallel Aware": true,
                  "Relation Name": "cast_info",
                  "Alias": "ci",
                  "Startup Cost": 0.0,
                  "Total Cost": 343257.03,
                  "Plan Rows": 2227029,
                  "Plan Width": 0,
                  "Actual Startup Time": 342.919,
                  "Actual Total Time": 664.616,
                  "Actual Rows": 2027884,
                  "Actual Loops": 7,
                  "Filter": "((person_id > 665468) AND (role_id > 2))",
                  "Rows Removed by Filter": 3149879
                }
              ]
            }
          ]
        }
      ]
    },
    "Planning Time": 0.23,
    "Triggers": [],
    "Execution Time": 818.854
  }
]