[
    {
        "Bao": {
            "Bao prediction": "NaN",
            "Bao recommended hint": "(no hint)"
        }
    },
    {
        "Plan": {
            "Node Type": "Aggregate",
            "Strategy": "Plain",
            "Partial Mode": "Finalize",
            "Parallel Aware": false,
            "Startup Cost": 370891.57,
            "Total Cost": 370891.58,
            "Plan Rows": 1,
            "Plan Width": 8,
            "Actual Startup Time": 1176.674,
            "Actual Total Time": 1206.243,
            "Actual Rows": 1,
            "Actual Loops": 1,
            "Output": [
                "count(*)"
            ],
            "Plans": [
                {
                    "Node Type": "Gather",
                    "Parent Relationship": "Outer",
                    "Parallel Aware": false,
                    "Startup Cost": 370891.05,
                    "Total Cost": 370891.56,
                    "Plan Rows": 5,
                    "Plan Width": 8,
                    "Actual Startup Time": 1167.265,
                    "Actual Total Time": 1206.233,
                    "Actual Rows": 6,
                    "Actual Loops": 1,
                    "Output": [
                        "(PARTIAL count(*))"
                    ],
                    "Workers Planned": 5,
                    "Workers Launched": 5,
                    "Single Copy": false,
                    "Plans": [
                        {
                            "Node Type": "Aggregate",
                            "Strategy": "Plain",
                            "Partial Mode": "Partial",
                            "Parent Relationship": "Outer",
                            "Parallel Aware": false,
                            "Startup Cost": 369891.05,
                            "Total Cost": 369891.06,
                            "Plan Rows": 1,
                            "Plan Width": 8,
                            "Actual Startup Time": 1157.159,
                            "Actual Total Time": 1157.445,
                            "Actual Rows": 1,
                            "Actual Loops": 6,
                            "Output": [
                                "PARTIAL count(*)"
                            ],
                            "Workers": [
                                {
                                    "Worker Number": 0,
                                    "Actual Startup Time": 1154.417,
                                    "Actual Total Time": 1154.422,
                                    "Actual Rows": 1,
                                    "Actual Loops": 1
                                },
                                {
                                    "Worker Number": 1,
                                    "Actual Startup Time": 1154.634,
                                    "Actual Total Time": 1154.64,
                                    "Actual Rows": 1,
                                    "Actual Loops": 1
                                },
                                {
                                    "Worker Number": 2,
                                    "Actual Startup Time": 1155.758,
                                    "Actual Total Time": 1155.764,
                                    "Actual Rows": 1,
                                    "Actual Loops": 1
                                },
                                {
                                    "Worker Number": 3,
                                    "Actual Startup Time": 1155.405,
                                    "Actual Total Time": 1155.411,
                                    "Actual Rows": 1,
                                    "Actual Loops": 1
                                },
                                {
                                    "Worker Number": 4,
                                    "Actual Startup Time": 1155.814,
                                    "Actual Total Time": 1155.819,
                                    "Actual Rows": 1,
                                    "Actual Loops": 1
                                }
                            ],
                            "Plans": [
                                {
                                    "Node Type": "Hash Join",
                                    "Parent Relationship": "Outer",
                                    "Parallel Aware": true,
                                    "Join Type": "Inner",
                                    "Startup Cost": 161332.58,
                                    "Total Cost": 368652.3,
                                    "Plan Rows": 495499,
                                    "Plan Width": 0,
                                    "Actual Startup Time": 502.332,
                                    "Actual Total Time": 1123.45,
                                    "Actual Rows": 706127,
                                    "Actual Loops": 6,
                                    "Inner Unique": false,
                                    "Hash Cond": "(mi.movie_id = t.id)",
                                    "Workers": [
                                        {
                                            "Worker Number": 0,
                                            "Actual Startup Time": 499.943,
                                            "Actual Total Time": 1121.715,
                                            "Actual Rows": 778148,
                                            "Actual Loops": 1
                                        },
                                        {
                                            "Worker Number": 1,
                                            "Actual Startup Time": 499.911,
                                            "Actual Total Time": 1122.908,
                                            "Actual Rows": 745288,
                                            "Actual Loops": 1
                                        },
                                        {
                                            "Worker Number": 2,
                                            "Actual Startup Time": 500.052,
                                            "Actual Total Time": 1120.778,
                                            "Actual Rows": 504703,
                                            "Actual Loops": 1
                                        },
                                        {
                                            "Worker Number": 3,
                                            "Actual Startup Time": 500.686,
                                            "Actual Total Time": 1122.626,
                                            "Actual Rows": 781226,
                                            "Actual Loops": 1
                                        },
                                        {
                                            "Worker Number": 4,
                                            "Actual Startup Time": 501.106,
                                            "Actual Total Time": 1120.883,
                                            "Actual Rows": 500758,
                                            "Actual Loops": 1
                                        }
                                    ],
                                    "Plans": [
                                        {
                                            "Node Type": "Seq Scan",
                                            "Parent Relationship": "Outer",
                                            "Parallel Aware": true,
                                            "Relation Name": "movie_info",
                                            "Schema": "public",
                                            "Alias": "mi",
                                            "Startup Cost": 0.0,
                                            "Total Cost": 198880.74,
                                            "Plan Rows": 1986127,
                                            "Plan Width": 4,
                                            "Actual Startup Time": 15.472,
                                            "Actual Total Time": 334.121,
                                            "Actual Rows": 1651959,
                                            "Actual Loops": 6,
                                            "Output": [
                                                "mi.id",
                                                "mi.movie_id",
                                                "mi.info_type_id",
                                                "mi.info",
                                                "mi.note"
                                            ],
                                            "Filter": "(mi.info_type_id > 4)",
                                            "Rows Removed by Filter": 820661,
                                            "Workers": [
                                                {
                                                    "Worker Number": 0,
                                                    "Actual Startup Time": 15.506,
                                                    "Actual Total Time": 338.118,
                                                    "Actual Rows": 1844872,
                                                    "Actual Loops": 1
                                                },
                                                {
                                                    "Worker Number": 1,
                                                    "Actual Startup Time": 15.381,
                                                    "Actual Total Time": 336.617,
                                                    "Actual Rows": 1748467,
                                                    "Actual Loops": 1
                                                },
                                                {
                                                    "Worker Number": 2,
                                                    "Actual Startup Time": 15.517,
                                                    "Actual Total Time": 346.981,
                                                    "Actual Rows": 1175393,
                                                    "Actual Loops": 1
                                                },
                                                {
                                                    "Worker Number": 3,
                                                    "Actual Startup Time": 15.505,
                                                    "Actual Total Time": 337.572,
                                                    "Actual Rows": 1828817,
                                                    "Actual Loops": 1
                                                },
                                                {
                                                    "Worker Number": 4,
                                                    "Actual Startup Time": 15.438,
                                                    "Actual Total Time": 346.69,
                                                    "Actual Rows": 1159460,
                                                    "Actual Loops": 1
                                                }
                                            ]
                                        },
                                        {
                                            "Node Type": "Hash",
                                            "Parent Relationship": "Inner",
                                            "Parallel Aware": true,
                                            "Startup Cost": 159755.67,
                                            "Total Cost": 159755.67,
                                            "Plan Rows": 126153,
                                            "Plan Width": 8,
                                            "Actual Startup Time": 484.585,
                                            "Actual Total Time": 484.869,
                                            "Actual Rows": 73645,
                                            "Actual Loops": 6,
                                            "Output": [
                                                "t.id",
                                                "ci.movie_id"
                                            ],
                                            "Hash Buckets": 1048576,
                                            "Original Hash Buckets": 1048576,
                                            "Hash Batches": 1,
                                            "Original Hash Batches": 1,
                                            "Peak Memory Usage": 25568,
                                            "Workers": [
                                                {
                                                    "Worker Number": 0,
                                                    "Actual Startup Time": 483.728,
                                                    "Actual Total Time": 483.731,
                                                    "Actual Rows": 82762,
                                                    "Actual Loops": 1
                                                },
                                                {
                                                    "Worker Number": 1,
                                                    "Actual Startup Time": 483.848,
                                                    "Actual Total Time": 483.853,
                                                    "Actual Rows": 76721,
                                                    "Actual Loops": 1
                                                },
                                                {
                                                    "Worker Number": 2,
                                                    "Actual Startup Time": 484.094,
                                                    "Actual Total Time": 484.098,
                                                    "Actual Rows": 55237,
                                                    "Actual Loops": 1
                                                },
                                                {
                                                    "Worker Number": 3,
                                                    "Actual Startup Time": 484.693,
                                                    "Actual Total Time": 484.696,
                                                    "Actual Rows": 82421,
                                                    "Actual Loops": 1
                                                },
                                                {
                                                    "Worker Number": 4,
                                                    "Actual Startup Time": 484.968,
                                                    "Actual Total Time": 484.972,
                                                    "Actual Rows": 56961,
                                                    "Actual Loops": 1
                                                }
                                            ],
                                            "Plans": [
                                                {
                                                    "Node Type": "Hash Join",
                                                    "Parent Relationship": "Outer",
                                                    "Parallel Aware": true,
                                                    "Join Type": "Inner",
                                                    "Startup Cost": 50220.37,
                                                    "Total Cost": 159755.67,
                                                    "Plan Rows": 126153,
                                                    "Plan Width": 8,
                                                    "Actual Startup Time": 279.511,
                                                    "Actual Total Time": 454.676,
                                                    "Actual Rows": 73645,
                                                    "Actual Loops": 6,
                                                    "Output": [
                                                        "t.id",
                                                        "ci.movie_id"
                                                    ],
                                                    "Inner Unique": true,
                                                    "Hash Cond": "(ci.movie_id = t.id)",
                                                    "Workers": [
                                                        {
                                                            "Worker Number": 0,
                                                            "Actual Startup Time": 278.525,
                                                            "Actual Total Time": 453.032,
                                                            "Actual Rows": 82762,
                                                            "Actual Loops": 1
                                                        },
                                                        {
                                                            "Worker Number": 1,
                                                            "Actual Startup Time": 278.794,
                                                            "Actual Total Time": 452.967,
                                                            "Actual Rows": 76721,
                                                            "Actual Loops": 1
                                                        },
                                                        {
                                                            "Worker Number": 2,
                                                            "Actual Startup Time": 279.051,
                                                            "Actual Total Time": 454.152,
                                                            "Actual Rows": 55237,
                                                            "Actual Loops": 1
                                                        },
                                                        {
                                                            "Worker Number": 3,
                                                            "Actual Startup Time": 279.47,
                                                            "Actual Total Time": 454.081,
                                                            "Actual Rows": 82421,
                                                            "Actual Loops": 1
                                                        },
                                                        {
                                                            "Worker Number": 4,
                                                            "Actual Startup Time": 280.076,
                                                            "Actual Total Time": 457.04,
                                                            "Actual Rows": 56961,
                                                            "Actual Loops": 1
                                                        }
                                                    ],
                                                    "Plans": [
                                                        {
                                                            "Node Type": "Index Scan",
                                                            "Parent Relationship": "Outer",
                                                            "Parallel Aware": true,
                                                            "Scan Direction": "Forward",
                                                            "Index Name": "role_id_cast_info",
                                                            "Relation Name": "cast_info",
                                                            "Schema": "public",
                                                            "Alias": "ci",
                                                            "Startup Cost": 0.56,
                                                            "Total Cost": 109204.72,
                                                            "Plan Rows": 126153,
                                                            "Plan Width": 4,
                                                            "Actual Startup Time": 0.201,
                                                            "Actual Total Time": 126.61,
                                                            "Actual Rows": 73645,
                                                            "Actual Loops": 6,
                                                            "Output": [
                                                                "ci.id",
                                                                "ci.person_id",
                                                                "ci.movie_id",
                                                                "ci.person_role_id",
                                                                "ci.note",
                                                                "ci.nr_order",
                                                                "ci.role_id"
                                                            ],
                                                            "Index Cond": "(ci.role_id = 3)",
                                                            "Rows Removed by Index Recheck": 0,
                                                            "Filter": "(ci.person_id < 569817)",
                                                            "Rows Removed by Filter": 594361,
                                                            "Workers": [
                                                                {
                                                                    "Worker Number": 0,
                                                                    "Actual Startup Time": 0.157,
                                                                    "Actual Total Time": 127.551,
                                                                    "Actual Rows": 82762,
                                                                    "Actual Loops": 1
                                                                },
                                                                {
                                                                    "Worker Number": 1,
                                                                    "Actual Startup Time": 0.193,
                                                                    "Actual Total Time": 124.597,
                                                                    "Actual Rows": 76721,
                                                                    "Actual Loops": 1
                                                                },
                                                                {
                                                                    "Worker Number": 2,
                                                                    "Actual Startup Time": 0.241,
                                                                    "Actual Total Time": 129.345,
                                                                    "Actual Rows": 55237,
                                                                    "Actual Loops": 1
                                                                },
                                                                {
                                                                    "Worker Number": 3,
                                                                    "Actual Startup Time": 0.114,
                                                                    "Actual Total Time": 126.624,
                                                                    "Actual Rows": 82421,
                                                                    "Actual Loops": 1
                                                                },
                                                                {
                                                                    "Worker Number": 4,
                                                                    "Actual Startup Time": 0.261,
                                                                    "Actual Total Time": 127.539,
                                                                    "Actual Rows": 56961,
                                                                    "Actual Loops": 1
                                                                }
                                                            ]
                                                        },
                                                        {
                                                            "Node Type": "Hash",
                                                            "Parent Relationship": "Inner",
                                                            "Parallel Aware": true,
                                                            "Startup Cost": 42318.81,
                                                            "Total Cost": 42318.81,
                                                            "Plan Rows": 632080,
                                                            "Plan Width": 4,
                                                            "Actual Startup Time": 274.888,
                                                            "Actual Total Time": 274.89,
                                                            "Actual Rows": 421385,
                                                            "Actual Loops": 6,
                                                            "Output": [
                                                                "t.id"
                                                            ],
                                                            "Hash Buckets": 4194304,
                                                            "Original Hash Buckets": 4194304,
                                                            "Hash Batches": 1,
                                                            "Original Hash Batches": 1,
                                                            "Peak Memory Usage": 131776,
                                                            "Workers": [
                                                                {
                                                                    "Worker Number": 0,
                                                                    "Actual Startup Time": 278.26,
                                                                    "Actual Total Time": 278.261,
                                                                    "Actual Rows": 443720,
                                                                    "Actual Loops": 1
                                                                },
                                                                {
                                                                    "Worker Number": 1,
                                                                    "Actual Startup Time": 278.476,
                                                                    "Actual Total Time": 278.478,
                                                                    "Actual Rows": 421230,
                                                                    "Actual Loops": 1
                                                                },
                                                                {
                                                                    "Worker Number": 2,
                                                                    "Actual Startup Time": 278.467,
                                                                    "Actual Total Time": 278.469,
                                                                    "Actual Rows": 311926,
                                                                    "Actual Loops": 1
                                                                },
                                                                {
                                                                    "Worker Number": 3,
                                                                    "Actual Startup Time": 279.296,
                                                                    "Actual Total Time": 279.297,
                                                                    "Actual Rows": 450377,
                                                                    "Actual Loops": 1
                                                                },
                                                                {
                                                                    "Worker Number": 4,
                                                                    "Actual Startup Time": 279.495,
                                                                    "Actual Total Time": 279.496,
                                                                    "Actual Rows": 313405,
                                                                    "Actual Loops": 1
                                                                }
                                                            ],
                                                            "Plans": [
                                                                {
                                                                    "Node Type": "Seq Scan",
                                                                    "Parent Relationship": "Outer",
                                                                    "Parallel Aware": true,
                                                                    "Relation Name": "title",
                                                                    "Schema": "public",
                                                                    "Alias": "t",
                                                                    "Startup Cost": 0.0,
                                                                    "Total Cost": 42318.81,
                                                                    "Plan Rows": 632080,
                                                                    "Plan Width": 4,
                                                                    "Actual Startup Time": 0.054,
                                                                    "Actual Total Time": 76.355,
                                                                    "Actual Rows": 421385,
                                                                    "Actual Loops": 6,
                                                                    "Output": [
                                                                        "t.id"
                                                                    ],
                                                                    "Workers": [
                                                                        {
                                                                            "Worker Number": 0,
                                                                            "Actual Startup Time": 0.042,
                                                                            "Actual Total Time": 77.388,
                                                                            "Actual Rows": 443720,
                                                                            "Actual Loops": 1
                                                                        },
                                                                        {
                                                                            "Worker Number": 1,
                                                                            "Actual Startup Time": 0.07,
                                                                            "Actual Total Time": 75.719,
                                                                            "Actual Rows": 421230,
                                                                            "Actual Loops": 1
                                                                        },
                                                                        {
                                                                            "Worker Number": 2,
                                                                            "Actual Startup Time": 0.06,
                                                                            "Actual Total Time": 82.634,
                                                                            "Actual Rows": 311926,
                                                                            "Actual Loops": 1
                                                                        },
                                                                        {
                                                                            "Worker Number": 3,
                                                                            "Actual Startup Time": 0.078,
                                                                            "Actual Total Time": 76.555,
                                                                            "Actual Rows": 450377,
                                                                            "Actual Loops": 1
                                                                        },
                                                                        {
                                                                            "Worker Number": 4,
                                                                            "Actual Startup Time": 0.061,
                                                                            "Actual Total Time": 83.637,
                                                                            "Actual Rows": 313405,
                                                                            "Actual Loops": 1
                                                                        }
                                                                    ]
                                                                }
                                                            ]
                                                        }
                                                    ]
                                                }
                                            ]
                                        }
                                    ]
                                }
                            ]
                        }
                    ]
                }
            ]
        },
        "Planning Time": 243.837,
        "Triggers": [],
        "Execution Time": 1206.312
    }
]