[
  {
    "Plan": {
      "Node Type": "Aggregate",
      "Strategy": "Plain",
      "Partial Mode": "Finalize",
      "Parallel Aware": false,
      "Startup Cost": 46503.23,
      "Total Cost": 46503.24,
      "Plan Rows": 1,
      "Plan Width": 8,
      "Actual Startup Time": 186.935,
      "Actual Total Time": 198.765,
      "Actual Rows": 1,
      "Actual Loops": 1,
      "Plans": [
        {
          "Node Type": "Gather",
          "Parent Relationship": "Outer",
          "Parallel Aware": false,
          "Startup Cost": 46502.92,
          "Total Cost": 46503.23,
          "Plan Rows": 3,
          "Plan Width": 8,
          "Actual Startup Time": 186.72,
          "Actual Total Time": 198.749,
          "Actual Rows": 4,
          "Actual Loops": 1,
          "Workers Planned": 3,
          "Workers Launched": 3,
          "Single Copy": false,
          "Plans": [
            {
              "Node Type": "Aggregate",
              "Strategy": "Plain",
              "Partial Mode": "Partial",
              "Parent Relationship": "Outer",
              "Parallel Aware": false,
              "Startup Cost": 45502.92,
              "Total Cost": 45502.93,
              "Plan Rows": 1,
              "Plan Width": 8,
              "Actual Startup Time": 179.507,
              "Actual Total Time": 179.509,
              "Actual Rows": 1,
              "Actual Loops": 4,
              "Plans": [
                {
                  "Node Type": "Seq Scan",
                  "Parent Relationship": "Outer",
                  "Parallel Aware": true,
                  "Relation Name": "movie_keyword",
                  "Alias": "mk",
                  "Startup Cost": 0.0,
                  "Total Cost": 42695.65,
                  "Plan Rows": 1122905,
                  "Plan Width": 0,
                  "Actual Startup Time": 0.083,
                  "Actual Total Time": 135.75,
                  "Actual Rows": 870984,
                  "Actual Loops": 4,
                  "Filter": "(keyword_id > 1036)",
                  "Rows Removed by Filter": 259998
                }
              ]
            }
          ]
        }
      ]
    },
    "Planning Time": 0.09,
    "Triggers": [],
    "Execution Time": 198.792
  }
]