[
  {
    "Plan": {
      "Node Type": "Aggregate",
      "Strategy": "Plain",
      "Partial Mode": "Finalize",
      "Parallel Aware": false,
      "Startup Cost": 46507.33,
      "Total Cost": 46507.34,
      "Plan Rows": 1,
      "Plan Width": 8,
      "Actual Startup Time": 167.21,
      "Actual Total Time": 174.773,
      "Actual Rows": 1,
      "Actual Loops": 1,
      "Plans": [
        {
          "Node Type": "Gather",
          "Parent Relationship": "Outer",
          "Parallel Aware": false,
          "Startup Cost": 46507.01,
          "Total Cost": 46507.32,
          "Plan Rows": 3,
          "Plan Width": 8,
          "Actual Startup Time": 167.105,
          "Actual Total Time": 174.765,
          "Actual Rows": 4,
          "Actual Loops": 1,
          "Workers Planned": 3,
          "Workers Launched": 3,
          "Single Copy": false,
          "Plans": [
            {
              "Node Type": "Aggregate",
              "Strategy": "Plain",
              "Partial Mode": "Partial",
              "Parent Relationship": "Outer",
              "Parallel Aware": false,
              "Startup Cost": 45507.01,
              "Total Cost": 45507.02,
              "Plan Rows": 1,
              "Plan Width": 8,
              "Actual Startup Time": 159.232,
              "Actual Total Time": 159.233,
              "Actual Rows": 1,
              "Actual Loops": 4,
              "Plans": [
                {
                  "Node Type": "Seq Scan",
                  "Parent Relationship": "Outer",
                  "Parallel Aware": true,
                  "Relation Name": "movie_keyword",
                  "Alias": "mk",
                  "Startup Cost": 0.0,
                  "Total Cost": 42695.65,
                  "Plan Rows": 1124543,
                  "Plan Width": 0,
                  "Actual Startup Time": 0.186,
                  "Actual Total Time": 120.058,
                  "Actual Rows": 870984,
                  "Actual Loops": 4,
                  "Filter": "(keyword_id > 1036)",
                  "Rows Removed by Filter": 259998
                }
              ]
            }
          ]
        }
      ]
    },
    "Planning Time": 0.189,
    "Triggers": [],
    "Execution Time": 174.832
  }
]