[
  {
    "Plan": {
      "Node Type": "Aggregate",
      "Strategy": "Plain",
      "Partial Mode": "Finalize",
      "Parallel Aware": false,
      "Startup Cost": 59887.61,
      "Total Cost": 59887.62,
      "Plan Rows": 1,
      "Plan Width": 8,
      "Actual Startup Time": 451.199,
      "Actual Total Time": 519.301,
      "Actual Rows": 1,
      "Actual Loops": 1,
      "Plans": [
        {
          "Node Type": "Gather",
          "Parent Relationship": "Outer",
          "Parallel Aware": false,
          "Startup Cost": 59887.39,
          "Total Cost": 59887.6,
          "Plan Rows": 2,
          "Plan Width": 8,
          "Actual Startup Time": 450.895,
          "Actual Total Time": 519.291,
          "Actual Rows": 3,
          "Actual Loops": 1,
          "Workers Planned": 2,
          "Workers Launched": 2,
          "Single Copy": false,
          "Plans": [
            {
              "Node Type": "Aggregate",
              "Strategy": "Plain",
              "Partial Mode": "Partial",
              "Parent Relationship": "Outer",
              "Parallel Aware": false,
              "Startup Cost": 58887.39,
              "Total Cost": 58887.4,
              "Plan Rows": 1,
              "Plan Width": 8,
              "Actual Startup Time": 442.808,
              "Actual Total Time": 442.81,
              "Actual Rows": 1,
              "Actual Loops": 3,
              "Plans": [
                {
                  "Node Type": "Nested Loop",
                  "Parent Relationship": "Outer",
                  "Parallel Aware": false,
                  "Join Type": "Inner",
                  "Startup Cost": 233.57,
                  "Total Cost": 58758.69,
                  "Plan Rows": 51483,
                  "Plan Width": 0,
                  "Actual Startup Time": 4.3,
                  "Actual Total Time": 434.075,
                  "Actual Rows": 132811,
                  "Actual Loops": 3,
                  "Inner Unique": false,
                  "Plans": [
                    {
                      "Node Type": "Nested Loop",
                      "Parent Relationship": "Outer",
                      "Parallel Aware": false,
                      "Join Type": "Inner",
                      "Startup Cost": 233.0,
                      "Total Cost": 48803.19,
                      "Plan Rows": 4524,
                      "Plan Width": 8,
                      "Actual Startup Time": 4.122,
                      "Actual Total Time": 45.83,
                      "Actual Rows": 3600,
                      "Actual Loops": 3,
                      "Inner Unique": true,
                      "Plans": [
                        {
                          "Node Type": "Bitmap Heap Scan",
                          "Parent Relationship": "Outer",
                          "Parallel Aware": true,
                          "Relation Name": "movie_keyword",
                          "Alias": "mk",
                          "Startup Cost": 232.57,
                          "Total Cost": 19762.21,
                          "Plan Rows": 4524,
                          "Plan Width": 4,
                          "Actual Startup Time": 3.951,
                          "Actual Total Time": 16.234,
                          "Actual Rows": 3600,
                          "Actual Loops": 3,
                          "Recheck Cond": "(keyword_id = 347)",
                          "Rows Removed by Index Recheck": 0,
                          "Exact Heap Blocks": 4148,
                          "Lossy Heap Blocks": 0,
                          "Plans": [
                            {
                              "Node Type": "Bitmap Index Scan",
                              "Parent Relationship": "Outer",
                              "Parallel Aware": false,
                              "Index Name": "keyword_id_movie_keyword",
                              "Startup Cost": 0.0,
                              "Total Cost": 229.86,
                              "Plan Rows": 10857,
                              "Plan Width": 0,
                              "Actual Startup Time": 7.349,
                              "Actual Total Time": 7.349,
                              "Actual Rows": 10799,
                              "Actual Loops": 1,
                              "Index Cond": "(keyword_id = 347)"
                            }
                          ]
                        },
                        {
                          "Node Type": "Index Only Scan",
                          "Parent Relationship": "Inner",
                          "Parallel Aware": false,
                          "Scan Direction": "Forward",
                          "Index Name": "title_pkey",
                          "Relation Name": "title",
                          "Alias": "t",
                          "Startup Cost": 0.43,
                          "Total Cost": 6.42,
                          "Plan Rows": 1,
                          "Plan Width": 4,
                          "Actual Startup Time": 0.008,
                          "Actual Total Time": 0.008,
                          "Actual Rows": 1,
                          "Actual Loops": 10799,
                          "Index Cond": "(id = mk.movie_id)",
                          "Rows Removed by Index Recheck": 0,
                          "Heap Fetches": 10799
                        }
                      ]
                    },
                    {
                      "Node Type": "Index Scan",
                      "Parent Relationship": "Inner",
                      "Parallel Aware": false,
                      "Scan Direction": "Forward",
                      "Index Name": "movie_id_cast_info",
                      "Relation Name": "cast_info",
                      "Alias": "ci",
                      "Startup Cost": 0.56,
                      "Total Cost": 1.91,
                      "Plan Rows": 29,
                      "Plan Width": 4,
                      "Actual Startup Time": 0.009,
                      "Actual Total Time": 0.104,
                      "Actual Rows": 37,
                      "Actual Loops": 10799,
                      "Index Cond": "(movie_id = t.id)",
                      "Rows Removed by Index Recheck": 0,
                      "Filter": "(role_id < 8)",
                      "Rows Removed by Filter": 17
                    }
                  ]
                }
              ]
            }
          ]
        }
      ]
    },
    "Planning Time": 1.384,
    "Triggers": [],
    "Execution Time": 519.423
  }
]