[
  {
    "Plan": {
      "Node Type": "Aggregate",
      "Strategy": "Plain",
      "Partial Mode": "Finalize",
      "Parallel Aware": false,
      "Startup Cost": 46308.03,
      "Total Cost": 46308.04,
      "Plan Rows": 1,
      "Plan Width": 8,
      "Actual Startup Time": 122.567,
      "Actual Total Time": 135.216,
      "Actual Rows": 1,
      "Actual Loops": 1,
      "Plans": [
        {
          "Node Type": "Gather",
          "Parent Relationship": "Outer",
          "Parallel Aware": false,
          "Startup Cost": 46307.61,
          "Total Cost": 46308.02,
          "Plan Rows": 4,
          "Plan Width": 8,
          "Actual Startup Time": 122.42,
          "Actual Total Time": 135.207,
          "Actual Rows": 5,
          "Actual Loops": 1,
          "Workers Planned": 4,
          "Workers Launched": 4,
          "Single Copy": false,
          "Plans": [
            {
              "Node Type": "Aggregate",
              "Strategy": "Plain",
              "Partial Mode": "Partial",
              "Parent Relationship": "Outer",
              "Parallel Aware": false,
              "Startup Cost": 45307.61,
              "Total Cost": 45307.62,
              "Plan Rows": 1,
              "Plan Width": 8,
              "Actual Startup Time": 114.104,
              "Actual Total Time": 114.105,
              "Actual Rows": 1,
              "Actual Loops": 5,
              "Plans": [
                {
                  "Node Type": "Seq Scan",
                  "Parent Relationship": "Outer",
                  "Parallel Aware": true,
                  "Relation Name": "title",
                  "Alias": "t",
                  "Startup Cost": 0.0,
                  "Total Cost": 43898.92,
                  "Plan Rows": 563476,
                  "Plan Width": 0,
                  "Actual Startup Time": 0.037,
                  "Actual Total Time": 92.745,
                  "Actual Rows": 448919,
                  "Actual Loops": 5,
                  "Filter": "(production_year > 1956)",
                  "Rows Removed by Filter": 56744
                }
              ]
            }
          ]
        }
      ]
    },
    "Planning Time": 0.157,
    "Triggers": [],
    "Execution Time": 135.283
  }
]