{
  "Plan": {
    "Node Type": "Aggregate",
    "Strategy": "Plain",
    "Partial Mode": "Finalize",
    "Parallel Aware": false,
    "Startup Cost": 51651.52,
    "Total Cost": 51651.53,
    "Plan Rows": 1,
    "Plan Width": 8,
    "Actual Startup Time": 58.78,
    "Actual Total Time": 68.166,
    "Actual Rows": 1,
    "Actual Loops": 1,
    "Plans": [
      {
        "Node Type": "Gather",
        "Parent Relationship": "Outer",
        "Parallel Aware": false,
        "Startup Cost": 51651.41,
        "Total Cost": 51651.52,
        "Plan Rows": 1,
        "Plan Width": 8,
        "Actual Startup Time": 58.551,
        "Actual Total Time": 68.159,
        "Actual Rows": 2,
        "Actual Loops": 1,
        "Workers Planned": 1,
        "Workers Launched": 1,
        "Single Copy": false,
        "Plans": [
          {
            "Node Type": "Aggregate",
            "Strategy": "Plain",
            "Partial Mode": "Partial",
            "Parent Relationship": "Outer",
            "Parallel Aware": false,
            "Startup Cost": 50651.41,
            "Total Cost": 50651.42,
            "Plan Rows": 1,
            "Plan Width": 8,
            "Actual Startup Time": 52.286,
            "Actual Total Time": 52.288,
            "Actual Rows": 1,
            "Actual Loops": 2,
            "Plans": [
              {
                "Node Type": "Nested Loop",
                "Parent Relationship": "Outer",
                "Parallel Aware": false,
                "Join Type": "Inner",
                "Startup Cost": 171.24,
                "Total Cost": 50649.92,
                "Plan Rows": 596,
                "Plan Width": 0,
                "Actual Startup Time": 7.059,
                "Actual Total Time": 51.843,
                "Actual Rows": 6341,
                "Actual Loops": 2,
                "Inner Unique": false,
                "Plans": [
                  {
                    "Node Type": "Nested Loop",
                    "Parent Relationship": "Outer",
                    "Parallel Aware": false,
                    "Join Type": "Inner",
                    "Startup Cost": 170.8,
                    "Total Cost": 48852.41,
                    "Plan Rows": 159,
                    "Plan Width": 8,
                    "Actual Startup Time": 6.265,
                    "Actual Total Time": 39.417,
                    "Actual Rows": 146,
                    "Actual Loops": 2,
                    "Inner Unique": true,
                    "Plans": [
                      {
                        "Node Type": "Bitmap Heap Scan",
                        "Parent Relationship": "Outer",
                        "Parallel Aware": true,
                        "Relation Name": "movie_keyword",
                        "Alias": "mk",
                        "Startup Cost": 170.37,
                        "Total Cost": 16785.14,
                        "Plan Rows": 4701,
                        "Plan Width": 4,
                        "Actual Startup Time": 3.926,
                        "Actual Total Time": 14.461,
                        "Actual Rows": 3336,
                        "Actual Loops": 2,
                        "Recheck Cond": "(keyword_id = 2879)",
                        "Rows Removed by Index Recheck": 0,
                        "Exact Heap Blocks": 4787,
                        "Lossy Heap Blocks": 0,
                        "Plans": [
                          {
                            "Node Type": "Bitmap Index Scan",
                            "Parent Relationship": "Outer",
                            "Parallel Aware": false,
                            "Index Name": "keyword_id_movie_keyword",
                            "Startup Cost": 0.0,
                            "Total Cost": 168.37,
                            "Plan Rows": 7992,
                            "Plan Width": 0,
                            "Actual Startup Time": 4.824,
                            "Actual Total Time": 4.825,
                            "Actual Rows": 6673,
                            "Actual Loops": 1,
                            "Index Cond": "(keyword_id = 2879)"
                          }
                        ]
                      },
                      {
                        "Node Type": "Index Scan",
                        "Parent Relationship": "Inner",
                        "Parallel Aware": false,
                        "Scan Direction": "Forward",
                        "Index Name": "title_pkey",
                        "Relation Name": "title",
                        "Alias": "t",
                        "Startup Cost": 0.43,
                        "Total Cost": 6.82,
                        "Plan Rows": 1,
                        "Plan Width": 4,
                        "Actual Startup Time": 0.007,
                        "Actual Total Time": 0.007,
                        "Actual Rows": 0,
                        "Actual Loops": 6673,
                        "Index Cond": "(id = mk.movie_id)",
                        "Rows Removed by Index Recheck": 0,
                        "Filter": "(production_year = 2004)",
                        "Rows Removed by Filter": 1
                      }
                    ]
                  },
                  {
                    "Node Type": "Index Scan",
                    "Parent Relationship": "Inner",
                    "Parallel Aware": false,
                    "Scan Direction": "Forward",
                    "Index Name": "movie_id_movie_info",
                    "Relation Name": "movie_info",
                    "Alias": "mi",
                    "Startup Cost": 0.43,
                    "Total Cost": 11.04,
                    "Plan Rows": 27,
                    "Plan Width": 4,
                    "Actual Startup Time": 0.014,
                    "Actual Total Time": 0.08,
                    "Actual Rows": 44,
                    "Actual Loops": 291,
                    "Index Cond": "(movie_id = t.id)",
                    "Rows Removed by Index Recheck": 0,
                    "Filter": "(info_type_id < 16)",
                    "Rows Removed by Filter": 52
                  }
                ]
              }
            ]
          }
        ]
      }
    ]
  },
  "Planning Time": 1.028,
  "Triggers": [],
  "Execution Time": 68.261
}