{
  "Plan": {
    "Node Type": "Aggregate",
    "Strategy": "Plain",
    "Partial Mode": "Finalize",
    "Parallel Aware": false,
    "Startup Cost": 134823.04,
    "Total Cost": 134823.05,
    "Plan Rows": 1,
    "Plan Width": 8,
    "Actual Startup Time": 604.871,
    "Actual Total Time": 629.823,
    "Actual Rows": 1,
    "Actual Loops": 1,
    "Plans": [
      {
        "Node Type": "Gather",
        "Parent Relationship": "Outer",
        "Parallel Aware": false,
        "Startup Cost": 134822.93,
        "Total Cost": 134823.04,
        "Plan Rows": 1,
        "Plan Width": 8,
        "Actual Startup Time": 604.652,
        "Actual Total Time": 629.816,
        "Actual Rows": 2,
        "Actual Loops": 1,
        "Workers Planned": 1,
        "Workers Launched": 1,
        "Single Copy": false,
        "Plans": [
          {
            "Node Type": "Aggregate",
            "Strategy": "Plain",
            "Partial Mode": "Partial",
            "Parent Relationship": "Outer",
            "Parallel Aware": false,
            "Startup Cost": 133822.93,
            "Total Cost": 133822.94,
            "Plan Rows": 1,
            "Plan Width": 8,
            "Actual Startup Time": 598.558,
            "Actual Total Time": 598.561,
            "Actual Rows": 1,
            "Actual Loops": 2,
            "Plans": [
              {
                "Node Type": "Nested Loop",
                "Parent Relationship": "Outer",
                "Parallel Aware": false,
                "Join Type": "Inner",
                "Startup Cost": 58505.42,
                "Total Cost": 133749.62,
                "Plan Rows": 29326,
                "Plan Width": 0,
                "Actual Startup Time": 158.032,
                "Actual Total Time": 594.565,
                "Actual Rows": 69146,
                "Actual Loops": 2,
                "Inner Unique": false,
                "Join Filter": "(t.id = mc.movie_id)",
                "Rows Removed by Join Filter": 0,
                "Plans": [
                  {
                    "Node Type": "Hash Join",
                    "Parent Relationship": "Outer",
                    "Parallel Aware": true,
                    "Join Type": "Inner",
                    "Startup Cost": 58504.99,
                    "Total Cost": 116555.84,
                    "Plan Rows": 28418,
                    "Plan Width": 8,
                    "Actual Startup Time": 157.966,
                    "Actual Total Time": 528.243,
                    "Actual Rows": 17709,
                    "Actual Loops": 2,
                    "Inner Unique": true,
                    "Hash Cond": "(mk.movie_id = t.id)",
                    "Plans": [
                      {
                        "Node Type": "Seq Scan",
                        "Parent Relationship": "Outer",
                        "Parallel Aware": true,
                        "Relation Name": "movie_keyword",
                        "Alias": "mk",
                        "Startup Cost": 0.0,
                        "Total Cost": 51065.35,
                        "Plan Rows": 2661135,
                        "Plan Width": 4,
                        "Actual Startup Time": 0.013,
                        "Actual Total Time": 182.45,
                        "Actual Rows": 2261965,
                        "Actual Loops": 2
                      },
                      {
                        "Node Type": "Hash",
                        "Parent Relationship": "Inner",
                        "Parallel Aware": true,
                        "Startup Cost": 58306.47,
                        "Total Cost": 58306.47,
                        "Plan Rows": 15882,
                        "Plan Width": 4,
                        "Actual Startup Time": 156.774,
                        "Actual Total Time": 156.775,
                        "Actual Rows": 13542,
                        "Actual Loops": 2,
                        "Hash Buckets": 32768,
                        "Original Hash Buckets": 32768,
                        "Hash Batches": 1,
                        "Original Hash Batches": 1,
                        "Peak Memory Usage": 1344,
                        "Plans": [
                          {
                            "Node Type": "Seq Scan",
                            "Parent Relationship": "Outer",
                            "Parallel Aware": true,
                            "Relation Name": "title",
                            "Alias": "t",
                            "Startup Cost": 0.0,
                            "Total Cost": 58306.47,
                            "Plan Rows": 15882,
                            "Plan Width": 4,
                            "Actual Startup Time": 0.684,
                            "Actual Total Time": 152.56,
                            "Actual Rows": 13542,
                            "Actual Loops": 2,
                            "Filter": "((kind_id < 7) AND (production_year > 2012))",
                            "Rows Removed by Filter": 1250614
                          }
                        ]
                      }
                    ]
                  },
                  {
                    "Node Type": "Index Only Scan",
                    "Parent Relationship": "Inner",
                    "Parallel Aware": false,
                    "Scan Direction": "Forward",
                    "Index Name": "movie_id_movie_companies",
                    "Relation Name": "movie_companies",
                    "Alias": "mc",
                    "Startup Cost": 0.43,
                    "Total Cost": 0.54,
                    "Plan Rows": 5,
                    "Plan Width": 4,
                    "Actual Startup Time": 0.002,
                    "Actual Total Time": 0.003,
                    "Actual Rows": 4,
                    "Actual Loops": 35418,
                    "Index Cond": "(movie_id = mk.movie_id)",
                    "Rows Removed by Index Recheck": 0,
                    "Heap Fetches": 138291
                  }
                ]
              }
            ]
          }
        ]
      }
    ]
  },
  "Planning Time": 0.986,
  "Triggers": [],
  "Execution Time": 629.907
}