[
  {
    "Plan": {
      "Node Type": "Aggregate",
      "Strategy": "Plain",
      "Partial Mode": "Finalize",
      "Parallel Aware": false,
      "Startup Cost": 343499.28,
      "Total Cost": 343499.29,
      "Plan Rows": 1,
      "Plan Width": 8,
      "Actual Startup Time": 866.823,
      "Actual Total Time": 914.977,
      "Actual Rows": 1,
      "Actual Loops": 1,
      "Plans": [
        {
          "Node Type": "Gather",
          "Parent Relationship": "Outer",
          "Parallel Aware": false,
          "Startup Cost": 343498.65,
          "Total Cost": 343499.26,
          "Plan Rows": 6,
          "Plan Width": 8,
          "Actual Startup Time": 866.638,
          "Actual Total Time": 914.97,
          "Actual Rows": 7,
          "Actual Loops": 1,
          "Workers Planned": 6,
          "Workers Launched": 6,
          "Single Copy": false,
          "Plans": [
            {
              "Node Type": "Aggregate",
              "Strategy": "Plain",
              "Partial Mode": "Partial",
              "Parent Relationship": "Outer",
              "Parallel Aware": false,
              "Startup Cost": 342498.65,
              "Total Cost": 342498.66,
              "Plan Rows": 1,
              "Plan Width": 8,
              "Actual Startup Time": 859.317,
              "Actual Total Time": 859.318,
              "Actual Rows": 1,
              "Actual Loops": 7,
              "Plans": [
                {
                  "Node Type": "Seq Scan",
                  "Parent Relationship": "Outer",
                  "Parallel Aware": true,
                  "Relation Name": "cast_info",
                  "Alias": "ci",
                  "Startup Cost": 0.0,
                  "Total Cost": 328211.39,
                  "Plan Rows": 5714905,
                  "Plan Width": 0,
                  "Actual Startup Time": 0.047,
                  "Actual Total Time": 630.135,
                  "Actual Rows": 4908138,
                  "Actual Loops": 7,
                  "Filter": "(person_id < 3690151)",
                  "Rows Removed by Filter": 269626
                }
              ]
            }
          ]
        }
      ]
    },
    "Planning Time": 0.091,
    "Triggers": [],
    "Execution Time": 915.016
  }
]