[
  {
    "Plan": {
      "Node Type": "Aggregate",
      "Strategy": "Plain",
      "Partial Mode": "Finalize",
      "Parallel Aware": false,
      "Startup Cost": 44863.85,
      "Total Cost": 44863.86,
      "Plan Rows": 1,
      "Plan Width": 8,
      "Actual Startup Time": 176.971,
      "Actual Total Time": 190.236,
      "Actual Rows": 1,
      "Actual Loops": 1,
      "Plans": [
        {
          "Node Type": "Gather",
          "Parent Relationship": "Outer",
          "Parallel Aware": false,
          "Startup Cost": 44863.54,
          "Total Cost": 44863.85,
          "Plan Rows": 3,
          "Plan Width": 8,
          "Actual Startup Time": 176.683,
          "Actual Total Time": 190.226,
          "Actual Rows": 4,
          "Actual Loops": 1,
          "Workers Planned": 3,
          "Workers Launched": 3,
          "Single Copy": false,
          "Plans": [
            {
              "Node Type": "Aggregate",
              "Strategy": "Plain",
              "Partial Mode": "Partial",
              "Parent Relationship": "Outer",
              "Parallel Aware": false,
              "Startup Cost": 43863.54,
              "Total Cost": 43863.55,
              "Plan Rows": 1,
              "Plan Width": 8,
              "Actual Startup Time": 169.138,
              "Actual Total Time": 169.141,
              "Actual Rows": 1,
              "Actual Loops": 4,
              "Plans": [
                {
                  "Node Type": "Seq Scan",
                  "Parent Relationship": "Outer",
                  "Parallel Aware": true,
                  "Relation Name": "movie_keyword",
                  "Alias": "mk",
                  "Startup Cost": 0.0,
                  "Total Cost": 42695.65,
                  "Plan Rows": 467153,
                  "Plan Width": 0,
                  "Actual Startup Time": 0.069,
                  "Actual Total Time": 145.249,
                  "Actual Rows": 361716,
                  "Actual Loops": 4,
                  "Filter": "(keyword_id < 2029)",
                  "Rows Removed by Filter": 769267
                }
              ]
            }
          ]
        }
      ]
    },
    "Planning Time": 0.231,
    "Triggers": [],
    "Execution Time": 190.291
  }
]