[
    {
        "Bao": {
            "Bao prediction": "NaN",
            "Bao recommended hint": "(no hint)"
        }
    },
    {
        "Plan": {
            "Node Type": "Aggregate",
            "Strategy": "Plain",
            "Partial Mode": "Finalize",
            "Parallel Aware": false,
            "Startup Cost": 28998.87,
            "Total Cost": 28998.88,
            "Plan Rows": 1,
            "Plan Width": 8,
            "Actual Startup Time": 60.692,
            "Actual Total Time": 64.273,
            "Actual Rows": 1,
            "Actual Loops": 1,
            "Output": [
                "count(*)"
            ],
            "Plans": [
                {
                    "Node Type": "Gather",
                    "Parent Relationship": "Outer",
                    "Parallel Aware": false,
                    "Startup Cost": 28998.55,
                    "Total Cost": 28998.86,
                    "Plan Rows": 3,
                    "Plan Width": 8,
                    "Actual Startup Time": 60.393,
                    "Actual Total Time": 64.266,
                    "Actual Rows": 4,
                    "Actual Loops": 1,
                    "Output": [
                        "(PARTIAL count(*))"
                    ],
                    "Workers Planned": 3,
                    "Workers Launched": 3,
                    "Single Copy": false,
                    "Plans": [
                        {
                            "Node Type": "Aggregate",
                            "Strategy": "Plain",
                            "Partial Mode": "Partial",
                            "Parent Relationship": "Outer",
                            "Parallel Aware": false,
                            "Startup Cost": 27998.55,
                            "Total Cost": 27998.56,
                            "Plan Rows": 1,
                            "Plan Width": 8,
                            "Actual Startup Time": 51.732,
                            "Actual Total Time": 51.734,
                            "Actual Rows": 1,
                            "Actual Loops": 4,
                            "Output": [
                                "PARTIAL count(*)"
                            ],
                            "Workers": [
                                {
                                    "Worker Number": 0,
                                    "Actual Startup Time": 48.792,
                                    "Actual Total Time": 48.793,
                                    "Actual Rows": 1,
                                    "Actual Loops": 1
                                },
                                {
                                    "Worker Number": 1,
                                    "Actual Startup Time": 48.613,
                                    "Actual Total Time": 48.614,
                                    "Actual Rows": 1,
                                    "Actual Loops": 1
                                },
                                {
                                    "Worker Number": 2,
                                    "Actual Startup Time": 49.409,
                                    "Actual Total Time": 49.411,
                                    "Actual Rows": 1,
                                    "Actual Loops": 1
                                }
                            ],
                            "Plans": [
                                {
                                    "Node Type": "Bitmap Heap Scan",
                                    "Parent Relationship": "Outer",
                                    "Parallel Aware": true,
                                    "Relation Name": "movie_companies",
                                    "Schema": "public",
                                    "Alias": "mc",
                                    "Startup Cost": 7528.04,
                                    "Total Cost": 27718.47,
                                    "Plan Rows": 112034,
                                    "Plan Width": 0,
                                    "Actual Startup Time": 12.63,
                                    "Actual Total Time": 45.644,
                                    "Actual Rows": 88874,
                                    "Actual Loops": 4,
                                    "Recheck Cond": "(mc.company_id > 87650)",
                                    "Rows Removed by Index Recheck": 0,
                                    "Exact Heap Blocks": 3217,
                                    "Lossy Heap Blocks": 0,
                                    "Workers": [
                                        {
                                            "Worker Number": 0,
                                            "Actual Startup Time": 9.83,
                                            "Actual Total Time": 43.31,
                                            "Actual Rows": 50898,
                                            "Actual Loops": 1
                                        },
                                        {
                                            "Worker Number": 1,
                                            "Actual Startup Time": 9.553,
                                            "Actual Total Time": 43.153,
                                            "Actual Rows": 52542,
                                            "Actual Loops": 1
                                        },
                                        {
                                            "Worker Number": 2,
                                            "Actual Startup Time": 10.34,
                                            "Actual Total Time": 44.002,
                                            "Actual Rows": 46382,
                                            "Actual Loops": 1
                                        }
                                    ],
                                    "Plans": [
                                        {
                                            "Node Type": "Bitmap Index Scan",
                                            "Parent Relationship": "Outer",
                                            "Parallel Aware": false,
                                            "Index Name": "company_id_movie_companies",
                                            "Startup Cost": 0.0,
                                            "Total Cost": 7441.22,
                                            "Plan Rows": 347305,
                                            "Plan Width": 0,
                                            "Actual Startup Time": 20.028,
                                            "Actual Total Time": 20.028,
                                            "Actual Rows": 355495,
                                            "Actual Loops": 1,
                                            "Index Cond": "(mc.company_id > 87650)"
                                        }
                                    ]
                                }
                            ]
                        }
                    ]
                }
            ]
        },
        "Planning Time": 181.053,
        "Triggers": [],
        "Execution Time": 64.326
    }
]