[
    {
        "Bao": {
            "Bao prediction": "NaN",
            "Bao recommended hint": "(no hint)"
        }
    },
    {
        "Plan": {
            "Node Type": "Aggregate",
            "Strategy": "Plain",
            "Partial Mode": "Finalize",
            "Parallel Aware": false,
            "Startup Cost": 64957.83,
            "Total Cost": 64957.84,
            "Plan Rows": 1,
            "Plan Width": 8,
            "Actual Startup Time": 323.8,
            "Actual Total Time": 331.618,
            "Actual Rows": 1,
            "Actual Loops": 1,
            "Output": [
                "count(*)"
            ],
            "Plans": [
                {
                    "Node Type": "Gather",
                    "Parent Relationship": "Outer",
                    "Parallel Aware": false,
                    "Startup Cost": 64957.62,
                    "Total Cost": 64957.83,
                    "Plan Rows": 2,
                    "Plan Width": 8,
                    "Actual Startup Time": 320.255,
                    "Actual Total Time": 331.606,
                    "Actual Rows": 3,
                    "Actual Loops": 1,
                    "Output": [
                        "(PARTIAL count(*))"
                    ],
                    "Workers Planned": 2,
                    "Workers Launched": 2,
                    "Single Copy": false,
                    "Plans": [
                        {
                            "Node Type": "Aggregate",
                            "Strategy": "Plain",
                            "Partial Mode": "Partial",
                            "Parent Relationship": "Outer",
                            "Parallel Aware": false,
                            "Startup Cost": 63957.62,
                            "Total Cost": 63957.63,
                            "Plan Rows": 1,
                            "Plan Width": 8,
                            "Actual Startup Time": 313.028,
                            "Actual Total Time": 313.032,
                            "Actual Rows": 1,
                            "Actual Loops": 3,
                            "Output": [
                                "PARTIAL count(*)"
                            ],
                            "Workers": [
                                {
                                    "Worker Number": 0,
                                    "Actual Startup Time": 309.859,
                                    "Actual Total Time": 309.862,
                                    "Actual Rows": 1,
                                    "Actual Loops": 1
                                },
                                {
                                    "Worker Number": 1,
                                    "Actual Startup Time": 309.603,
                                    "Actual Total Time": 309.606,
                                    "Actual Rows": 1,
                                    "Actual Loops": 1
                                }
                            ],
                            "Plans": [
                                {
                                    "Node Type": "Hash Join",
                                    "Parent Relationship": "Outer",
                                    "Parallel Aware": true,
                                    "Join Type": "Inner",
                                    "Startup Cost": 47573.0,
                                    "Total Cost": 63703.31,
                                    "Plan Rows": 101724,
                                    "Plan Width": 0,
                                    "Actual Startup Time": 211.261,
                                    "Actual Total Time": 311.121,
                                    "Actual Rows": 38633,
                                    "Actual Loops": 3,
                                    "Inner Unique": true,
                                    "Hash Cond": "(mi_idx.movie_id = t.id)",
                                    "Workers": [
                                        {
                                            "Worker Number": 0,
                                            "Actual Startup Time": 207.715,
                                            "Actual Total Time": 307.615,
                                            "Actual Rows": 31563,
                                            "Actual Loops": 1
                                        },
                                        {
                                            "Worker Number": 1,
                                            "Actual Startup Time": 208.087,
                                            "Actual Total Time": 307.749,
                                            "Actual Rows": 42545,
                                            "Actual Loops": 1
                                        }
                                    ],
                                    "Plans": [
                                        {
                                            "Node Type": "Seq Scan",
                                            "Parent Relationship": "Outer",
                                            "Parallel Aware": true,
                                            "Relation Name": "movie_info_idx",
                                            "Schema": "public",
                                            "Alias": "mi_idx",
                                            "Startup Cost": 0.0,
                                            "Total Cost": 15122.68,
                                            "Plan Rows": 383860,
                                            "Plan Width": 4,
                                            "Actual Startup Time": 0.02,
                                            "Actual Total Time": 45.659,
                                            "Actual Rows": 306703,
                                            "Actual Loops": 3,
                                            "Output": [
                                                "mi_idx.id",
                                                "mi_idx.movie_id",
                                                "mi_idx.info_type_id",
                                                "mi_idx.info",
                                                "mi_idx.note"
                                            ],
                                            "Filter": "(mi_idx.info_type_id > 99)",
                                            "Rows Removed by Filter": 153308,
                                            "Workers": [
                                                {
                                                    "Worker Number": 0,
                                                    "Actual Startup Time": 0.03,
                                                    "Actual Total Time": 48.915,
                                                    "Actual Rows": 229755,
                                                    "Actual Loops": 1
                                                },
                                                {
                                                    "Worker Number": 1,
                                                    "Actual Startup Time": 0.022,
                                                    "Actual Total Time": 45.8,
                                                    "Actual Rows": 333676,
                                                    "Actual Loops": 1
                                                }
                                            ]
                                        },
                                        {
                                            "Node Type": "Hash",
                                            "Parent Relationship": "Inner",
                                            "Parallel Aware": true,
                                            "Startup Cost": 45479.21,
                                            "Total Cost": 45479.21,
                                            "Plan Rows": 167503,
                                            "Plan Width": 4,
                                            "Actual Startup Time": 204.604,
                                            "Actual Total Time": 204.605,
                                            "Actual Rows": 246560,
                                            "Actual Loops": 3,
                                            "Output": [
                                                "t.id"
                                            ],
                                            "Hash Buckets": 1048576,
                                            "Original Hash Buckets": 1048576,
                                            "Hash Batches": 1,
                                            "Original Hash Batches": 1,
                                            "Peak Memory Usage": 37184,
                                            "Workers": [
                                                {
                                                    "Worker Number": 0,
                                                    "Actual Startup Time": 206.985,
                                                    "Actual Total Time": 206.986,
                                                    "Actual Rows": 184933,
                                                    "Actual Loops": 1
                                                },
                                                {
                                                    "Worker Number": 1,
                                                    "Actual Startup Time": 207.246,
                                                    "Actual Total Time": 207.247,
                                                    "Actual Rows": 257881,
                                                    "Actual Loops": 1
                                                }
                                            ],
                                            "Plans": [
                                                {
                                                    "Node Type": "Seq Scan",
                                                    "Parent Relationship": "Outer",
                                                    "Parallel Aware": true,
                                                    "Relation Name": "title",
                                                    "Schema": "public",
                                                    "Alias": "t",
                                                    "Startup Cost": 0.0,
                                                    "Total Cost": 45479.21,
                                                    "Plan Rows": 167503,
                                                    "Plan Width": 4,
                                                    "Actual Startup Time": 0.047,
                                                    "Actual Total Time": 120.001,
                                                    "Actual Rows": 246560,
                                                    "Actual Loops": 3,
                                                    "Output": [
                                                        "t.id"
                                                    ],
                                                    "Filter": "((t.production_year > 2004) AND (t.kind_id = 7))",
                                                    "Rows Removed by Filter": 596211,
                                                    "Workers": [
                                                        {
                                                            "Worker Number": 0,
                                                            "Actual Startup Time": 0.061,
                                                            "Actual Total Time": 124.525,
                                                            "Actual Rows": 184933,
                                                            "Actual Loops": 1
                                                        },
                                                        {
                                                            "Worker Number": 1,
                                                            "Actual Startup Time": 0.06,
                                                            "Actual Total Time": 120.269,
                                                            "Actual Rows": 257881,
                                                            "Actual Loops": 1
                                                        }
                                                    ]
                                                }
                                            ]
                                        }
                                    ]
                                }
                            ]
                        }
                    ]
                }
            ]
        },
        "Planning Time": 209.474,
        "Triggers": [],
        "Execution Time": 331.717
    }
]