{
  "Plan": {
    "Node Type": "Aggregate",
    "Strategy": "Plain",
    "Partial Mode": "Finalize",
    "Parallel Aware": false,
    "Startup Cost": 63351.75,
    "Total Cost": 63351.76,
    "Plan Rows": 1,
    "Plan Width": 8,
    "Actual Startup Time": 160.787,
    "Actual Total Time": 171.167,
    "Actual Rows": 1,
    "Actual Loops": 1,
    "Plans": [
      {
        "Node Type": "Gather",
        "Parent Relationship": "Outer",
        "Parallel Aware": false,
        "Startup Cost": 63351.64,
        "Total Cost": 63351.75,
        "Plan Rows": 1,
        "Plan Width": 8,
        "Actual Startup Time": 160.598,
        "Actual Total Time": 171.16,
        "Actual Rows": 2,
        "Actual Loops": 1,
        "Workers Planned": 1,
        "Workers Launched": 1,
        "Single Copy": false,
        "Plans": [
          {
            "Node Type": "Aggregate",
            "Strategy": "Plain",
            "Partial Mode": "Partial",
            "Parent Relationship": "Outer",
            "Parallel Aware": false,
            "Startup Cost": 62351.64,
            "Total Cost": 62351.65,
            "Plan Rows": 1,
            "Plan Width": 8,
            "Actual Startup Time": 154.504,
            "Actual Total Time": 154.509,
            "Actual Rows": 1,
            "Actual Loops": 2,
            "Plans": [
              {
                "Node Type": "Hash Join",
                "Parent Relationship": "Outer",
                "Parallel Aware": true,
                "Join Type": "Inner",
                "Startup Cost": 43236.32,
                "Total Cost": 62346.19,
                "Plan Rows": 2179,
                "Plan Width": 0,
                "Actual Startup Time": 41.117,
                "Actual Total Time": 154.1,
                "Actual Rows": 6412,
                "Actual Loops": 2,
                "Inner Unique": false,
                "Hash Cond": "(mi_idx.movie_id = t.id)",
                "Plans": [
                  {
                    "Node Type": "Seq Scan",
                    "Parent Relationship": "Outer",
                    "Parallel Aware": true,
                    "Relation Name": "movie_info_idx",
                    "Alias": "mi_idx",
                    "Startup Cost": 0.0,
                    "Total Cost": 16052.85,
                    "Plan Rows": 811785,
                    "Plan Width": 4,
                    "Actual Startup Time": 0.018,
                    "Actual Total Time": 55.46,
                    "Actual Rows": 690018,
                    "Actual Loops": 2
                  },
                  {
                    "Node Type": "Hash",
                    "Parent Relationship": "Inner",
                    "Parallel Aware": true,
                    "Startup Cost": 43186.42,
                    "Total Cost": 43186.42,
                    "Plan Rows": 3992,
                    "Plan Width": 8,
                    "Actual Startup Time": 39.52,
                    "Actual Total Time": 39.523,
                    "Actual Rows": 2936,
                    "Actual Loops": 2,
                    "Hash Buckets": 8192,
                    "Original Hash Buckets": 8192,
                    "Hash Batches": 1,
                    "Original Hash Batches": 1,
                    "Peak Memory Usage": 320,
                    "Plans": [
                      {
                        "Node Type": "Nested Loop",
                        "Parent Relationship": "Outer",
                        "Parallel Aware": false,
                        "Join Type": "Inner",
                        "Startup Cost": 145.45,
                        "Total Cost": 43186.42,
                        "Plan Rows": 3992,
                        "Plan Width": 8,
                        "Actual Startup Time": 3.006,
                        "Actual Total Time": 38.17,
                        "Actual Rows": 2936,
                        "Actual Loops": 2,
                        "Inner Unique": true,
                        "Plans": [
                          {
                            "Node Type": "Bitmap Heap Scan",
                            "Parent Relationship": "Outer",
                            "Parallel Aware": true,
                            "Relation Name": "movie_keyword",
                            "Alias": "mk",
                            "Startup Cost": 145.02,
                            "Total Cost": 15207.87,
                            "Plan Rows": 3992,
                            "Plan Width": 4,
                            "Actual Startup Time": 2.872,
                            "Actual Total Time": 11.863,
                            "Actual Rows": 2936,
                            "Actual Loops": 2,
                            "Recheck Cond": "(keyword_id = 2860)",
                            "Rows Removed by Index Recheck": 0,
                            "Exact Heap Blocks": 3739,
                            "Lossy Heap Blocks": 0,
                            "Plans": [
                              {
                                "Node Type": "Bitmap Index Scan",
                                "Parent Relationship": "Outer",
                                "Parallel Aware": false,
                                "Index Name": "keyword_id_movie_keyword",
                                "Startup Cost": 0.0,
                                "Total Cost": 143.33,
                                "Plan Rows": 6786,
                                "Plan Width": 0,
                                "Actual Startup Time": 3.309,
                                "Actual Total Time": 3.31,
                                "Actual Rows": 5871,
                                "Actual Loops": 1,
                                "Index Cond": "(keyword_id = 2860)"
                              }
                            ]
                          },
                          {
                            "Node Type": "Index Only Scan",
                            "Parent Relationship": "Inner",
                            "Parallel Aware": false,
                            "Scan Direction": "Forward",
                            "Index Name": "title_pkey",
                            "Relation Name": "title",
                            "Alias": "t",
                            "Startup Cost": 0.43,
                            "Total Cost": 7.01,
                            "Plan Rows": 1,
                            "Plan Width": 4,
                            "Actual Startup Time": 0.008,
                            "Actual Total Time": 0.008,
                            "Actual Rows": 1,
                            "Actual Loops": 5871,
                            "Index Cond": "(id = mk.movie_id)",
                            "Rows Removed by Index Recheck": 0,
                            "Heap Fetches": 5871
                          }
                        ]
                      }
                    ]
                  }
                ]
              }
            ]
          }
        ]
      }
    ]
  },
  "Planning Time": 1.002,
  "Triggers": [],
  "Execution Time": 171.268
}