[
  {
    "Plan": {
      "Node Type": "Aggregate",
      "Strategy": "Plain",
      "Partial Mode": "Finalize",
      "Parallel Aware": false,
      "Startup Cost": 90452.68,
      "Total Cost": 90452.69,
      "Plan Rows": 1,
      "Plan Width": 8,
      "Actual Startup Time": 310.489,
      "Actual Total Time": 324.559,
      "Actual Rows": 1,
      "Actual Loops": 1,
      "Plans": [
        {
          "Node Type": "Gather",
          "Parent Relationship": "Outer",
          "Parallel Aware": false,
          "Startup Cost": 90452.36,
          "Total Cost": 90452.67,
          "Plan Rows": 3,
          "Plan Width": 8,
          "Actual Startup Time": 309.735,
          "Actual Total Time": 324.551,
          "Actual Rows": 4,
          "Actual Loops": 1,
          "Workers Planned": 3,
          "Workers Launched": 3,
          "Single Copy": false,
          "Plans": [
            {
              "Node Type": "Aggregate",
              "Strategy": "Plain",
              "Partial Mode": "Partial",
              "Parent Relationship": "Outer",
              "Parallel Aware": false,
              "Startup Cost": 89452.36,
              "Total Cost": 89452.37,
              "Plan Rows": 1,
              "Plan Width": 8,
              "Actual Startup Time": 306.721,
              "Actual Total Time": 306.724,
              "Actual Rows": 1,
              "Actual Loops": 4,
              "Plans": [
                {
                  "Node Type": "Hash Join",
                  "Parent Relationship": "Outer",
                  "Parallel Aware": true,
                  "Join Type": "Inner",
                  "Startup Cost": 46228.36,
                  "Total Cost": 89106.44,
                  "Plan Rows": 138370,
                  "Plan Width": 0,
                  "Actual Startup Time": 135.506,
                  "Actual Total Time": 300.185,
                  "Actual Rows": 147709,
                  "Actual Loops": 4,
                  "Inner Unique": true,
                  "Hash Cond": "(mk.movie_id = t.id)",
                  "Plans": [
                    {
                      "Node Type": "Seq Scan",
                      "Parent Relationship": "Outer",
                      "Parallel Aware": true,
                      "Relation Name": "movie_keyword",
                      "Alias": "mk",
                      "Startup Cost": 0.0,
                      "Total Cost": 39047.32,
                      "Plan Rows": 1459332,
                      "Plan Width": 4,
                      "Actual Startup Time": 0.014,
                      "Actual Total Time": 91.09,
                      "Actual Rows": 1130982,
                      "Actual Loops": 4
                    },
                    {
                      "Node Type": "Hash",
                      "Parent Relationship": "Inner",
                      "Parallel Aware": true,
                      "Startup Cost": 45479.21,
                      "Total Cost": 45479.21,
                      "Plan Rows": 59932,
                      "Plan Width": 4,
                      "Actual Startup Time": 96.838,
                      "Actual Total Time": 96.839,
                      "Actual Rows": 50041,
                      "Actual Loops": 4,
                      "Hash Buckets": 262144,
                      "Original Hash Buckets": 262144,
                      "Hash Batches": 1,
                      "Original Hash Batches": 1,
                      "Peak Memory Usage": 9920,
                      "Plans": [
                        {
                          "Node Type": "Seq Scan",
                          "Parent Relationship": "Outer",
                          "Parallel Aware": true,
                          "Relation Name": "title",
                          "Alias": "t",
                          "Startup Cost": 0.0,
                          "Total Cost": 45479.21,
                          "Plan Rows": 59932,
                          "Plan Width": 4,
                          "Actual Startup Time": 33.664,
                          "Actual Total Time": 81.489,
                          "Actual Rows": 50041,
                          "Actual Loops": 4,
                          "Filter": "((kind_id < 2) AND (production_year > 2006))",
                          "Rows Removed by Filter": 582037
                        }
                      ]
                    }
                  ]
                }
              ]
            }
          ]
        }
      ]
    },
    "Planning Time": 0.272,
    "Triggers": [],
    "Execution Time": 324.594
  }
]