{
  "Plan": {
    "Node Type": "Aggregate",
    "Strategy": "Plain",
    "Partial Mode": "Finalize",
    "Parallel Aware": false,
    "Startup Cost": 104042.6,
    "Total Cost": 104042.61,
    "Plan Rows": 1,
    "Plan Width": 8,
    "Actual Startup Time": 346.317,
    "Actual Total Time": 367.203,
    "Actual Rows": 1,
    "Actual Loops": 1,
    "Plans": [
      {
        "Node Type": "Gather",
        "Parent Relationship": "Outer",
        "Parallel Aware": false,
        "Startup Cost": 104042.48,
        "Total Cost": 104042.59,
        "Plan Rows": 1,
        "Plan Width": 8,
        "Actual Startup Time": 345.77,
        "Actual Total Time": 367.192,
        "Actual Rows": 2,
        "Actual Loops": 1,
        "Workers Planned": 1,
        "Workers Launched": 1,
        "Single Copy": false,
        "Plans": [
          {
            "Node Type": "Aggregate",
            "Strategy": "Plain",
            "Partial Mode": "Partial",
            "Parent Relationship": "Outer",
            "Parallel Aware": false,
            "Startup Cost": 103042.48,
            "Total Cost": 103042.49,
            "Plan Rows": 1,
            "Plan Width": 8,
            "Actual Startup Time": 339.64,
            "Actual Total Time": 339.644,
            "Actual Rows": 1,
            "Actual Loops": 2,
            "Plans": [
              {
                "Node Type": "Nested Loop",
                "Parent Relationship": "Outer",
                "Parallel Aware": false,
                "Join Type": "Inner",
                "Startup Cost": 70387.65,
                "Total Cost": 103037.67,
                "Plan Rows": 1926,
                "Plan Width": 0,
                "Actual Startup Time": 218.41,
                "Actual Total Time": 339.465,
                "Actual Rows": 1266,
                "Actual Loops": 2,
                "Inner Unique": false,
                "Join Filter": "(t.id = mi_idx.movie_id)",
                "Rows Removed by Join Filter": 0,
                "Plans": [
                  {
                    "Node Type": "Hash Join",
                    "Parent Relationship": "Outer",
                    "Parallel Aware": true,
                    "Join Type": "Inner",
                    "Startup Cost": 70387.22,
                    "Total Cost": 99780.76,
                    "Plan Rows": 5299,
                    "Plan Width": 8,
                    "Actual Startup Time": 217.305,
                    "Actual Total Time": 333.379,
                    "Actual Rows": 1045,
                    "Actual Loops": 2,
                    "Inner Unique": true,
                    "Hash Cond": "(mk.movie_id = t.id)",
                    "Plans": [
                      {
                        "Node Type": "Bitmap Heap Scan",
                        "Parent Relationship": "Outer",
                        "Parallel Aware": true,
                        "Relation Name": "movie_keyword",
                        "Alias": "mk",
                        "Startup Cost": 11779.13,
                        "Total Cost": 40315.39,
                        "Plan Rows": 326581,
                        "Plan Width": 4,
                        "Actual Startup Time": 54.29,
                        "Actual Total Time": 135.768,
                        "Actual Rows": 271442,
                        "Actual Loops": 2,
                        "Recheck Cond": "(keyword_id > 33831)",
                        "Rows Removed by Index Recheck": 0,
                        "Exact Heap Blocks": 14614,
                        "Lossy Heap Blocks": 0,
                        "Plans": [
                          {
                            "Node Type": "Bitmap Index Scan",
                            "Parent Relationship": "Outer",
                            "Parallel Aware": false,
                            "Index Name": "keyword_id_movie_keyword",
                            "Startup Cost": 0.0,
                            "Total Cost": 11640.34,
                            "Plan Rows": 555187,
                            "Plan Width": 0,
                            "Actual Startup Time": 48.644,
                            "Actual Total Time": 48.645,
                            "Actual Rows": 542883,
                            "Actual Loops": 1,
                            "Index Cond": "(keyword_id > 33831)"
                          }
                        ]
                      },
                      {
                        "Node Type": "Hash",
                        "Parent Relationship": "Inner",
                        "Parallel Aware": true,
                        "Startup Cost": 58306.47,
                        "Total Cost": 58306.47,
                        "Plan Rows": 24130,
                        "Plan Width": 4,
                        "Actual Startup Time": 161.074,
                        "Actual Total Time": 161.075,
                        "Actual Rows": 22130,
                        "Actual Loops": 2,
                        "Hash Buckets": 65536,
                        "Original Hash Buckets": 65536,
                        "Hash Batches": 1,
                        "Original Hash Batches": 1,
                        "Peak Memory Usage": 2272,
                        "Plans": [
                          {
                            "Node Type": "Seq Scan",
                            "Parent Relationship": "Outer",
                            "Parallel Aware": true,
                            "Relation Name": "title",
                            "Alias": "t",
                            "Startup Cost": 0.0,
                            "Total Cost": 58306.47,
                            "Plan Rows": 24130,
                            "Plan Width": 4,
                            "Actual Startup Time": 0.036,
                            "Actual Total Time": 153.775,
                            "Actual Rows": 22130,
                            "Actual Loops": 2,
                            "Filter": "((kind_id > 4) AND (production_year = 2003))",
                            "Rows Removed by Filter": 1242026
                          }
                        ]
                      }
                    ]
                  },
                  {
                    "Node Type": "Index Scan",
                    "Parent Relationship": "Inner",
                    "Parallel Aware": false,
                    "Scan Direction": "Forward",
                    "Index Name": "movie_id_movie_info_idx",
                    "Relation Name": "movie_info_idx",
                    "Alias": "mi_idx",
                    "Startup Cost": 0.43,
                    "Total Cost": 0.59,
                    "Plan Rows": 2,
                    "Plan Width": 4,
                    "Actual Startup Time": 0.005,
                    "Actual Total Time": 0.005,
                    "Actual Rows": 1,
                    "Actual Loops": 2090,
                    "Index Cond": "(movie_id = mk.movie_id)",
                    "Rows Removed by Index Recheck": 0,
                    "Filter": "(info_type_id < 101)",
                    "Rows Removed by Filter": 1
                  }
                ]
              }
            ]
          }
        ]
      }
    ]
  },
  "Planning Time": 0.967,
  "Triggers": [],
  "Execution Time": 367.306
}