[
  {
    "Plan": {
      "Node Type": "Aggregate",
      "Strategy": "Plain",
      "Partial Mode": "Simple",
      "Parallel Aware": false,
      "Startup Cost": 1716285.79,
      "Total Cost": 1716285.8,
      "Plan Rows": 1,
      "Plan Width": 64,
      "Actual Startup Time": 11142.46,
      "Actual Total Time": 11357.641,
      "Actual Rows": 1,
      "Actual Loops": 1,
      "Plans": [
        {
          "Node Type": "Merge Join",
          "Parent Relationship": "Outer",
          "Parallel Aware": false,
          "Join Type": "Inner",
          "Startup Cost": 1480725.47,
          "Total Cost": 1716285.4,
          "Plan Rows": 79,
          "Plan Width": 33,
          "Actual Startup Time": 8132.321,
          "Actual Total Time": 11357.252,
          "Actual Rows": 385,
          "Actual Loops": 1,
          "Inner Unique": false,
          "Merge Cond": "(an.person_id = ci.person_id)",
          "Plans": [
            {
              "Node Type": "Merge Join",
              "Parent Relationship": "Outer",
              "Parallel Aware": false,
              "Join Type": "Inner",
              "Startup Cost": 15.43,
              "Total Cost": 271852.5,
              "Plan Rows": 901343,
              "Plan Width": 24,
              "Actual Startup Time": 0.11,
              "Actual Total Time": 2980.215,
              "Actual Rows": 769363,
              "Actual Loops": 1,
              "Inner Unique": true,
              "Merge Cond": "(an.person_id = n.id)",
              "Plans": [
                {
                  "Node Type": "Index Scan",
                  "Parent Relationship": "Outer",
                  "Parallel Aware": false,
                  "Scan Direction": "Forward",
                  "Index Name": "person_id_aka_name",
                  "Relation Name": "aka_name",
                  "Alias": "an",
                  "Startup Cost": 0.42,
                  "Total Cost": 72006.77,
                  "Plan Rows": 901343,
                  "Plan Width": 20,
                  "Actual Startup Time": 0.008,
                  "Actual Total Time": 485.655,
                  "Actual Rows": 769363,
                  "Actual Loops": 1
                },
                {
                  "Node Type": "Index Only Scan",
                  "Parent Relationship": "Inner",
                  "Parallel Aware": false,
                  "Scan Direction": "Forward",
                  "Index Name": "name_pkey",
                  "Relation Name": "name",
                  "Alias": "n",
                  "Startup Cost": 0.43,
                  "Total Cost": 178171.85,
                  "Plan Rows": 4167419,
                  "Plan Width": 4,
                  "Actual Startup Time": 0.042,
                  "Actual Total Time": 2157.865,
                  "Actual Rows": 4046859,
                  "Actual Loops": 1,
                  "Heap Fetches": 4046859
                }
              ]
            },
            {
              "Node Type": "Sort",
              "Parent Relationship": "Inner",
              "Parallel Aware": false,
              "Startup Cost": 1480674.77,
              "Total Cost": 1480674.85,
              "Plan Rows": 33,
              "Plan Width": 21,
              "Actual Startup Time": 8122.839,
              "Actual Total Time": 8338.275,
              "Actual Rows": 503,
              "Actual Loops": 1,
              "Sort Key": [
                "ci.person_id"
              ],
              "Sort Method": "quicksort",
              "Sort Space Used": 51,
              "Sort Space Type": "Memory",
              "Plans": [
                {
                  "Node Type": "Merge Join",
                  "Parent Relationship": "Outer",
                  "Parallel Aware": false,
                  "Join Type": "Inner",
                  "Startup Cost": 1450180.4,
                  "Total Cost": 1480673.94,
                  "Plan Rows": 33,
                  "Plan Width": 21,
                  "Actual Startup Time": 7050.141,
                  "Actual Total Time": 8337.694,
                  "Actual Rows": 323,
                  "Actual Loops": 1,
                  "Inner Unique": false,
                  "Merge Cond": "(ci.movie_id = t.id)",
                  "Plans": [
                    {
                      "Node Type": "Gather Merge",
                      "Parent Relationship": "Outer",
                      "Parallel Aware": false,
                      "Startup Cost": 1235315.7,
                      "Total Cost": 1265677.94,
                      "Plan Rows": 1255,
                      "Plan Width": 12,
                      "Actual Startup Time": 5404.007,
                      "Actual Total Time": 6745.655,
                      "Actual Rows": 208923,
                      "Actual Loops": 1,
                      "Workers Planned": 6,
                      "Workers Launched": 6,
                      "Plans": [
                        {
                          "Node Type": "Merge Join",
                          "Parent Relationship": "Outer",
                          "Parallel Aware": false,
                          "Join Type": "Inner",
                          "Startup Cost": 1234315.61,
                          "Total Cost": 1264525.31,
                          "Plan Rows": 209,
                          "Plan Width": 12,
                          "Actual Startup Time": 4782.042,
                          "Actual Total Time": 5748.935,
                          "Actual Rows": 30893,
                          "Actual Loops": 7,
                          "Inner Unique": false,
                          "Merge Cond": "(ci.movie_id = mk.movie_id)",
                          "Plans": [
                            {
                              "Node Type": "Sort",
                              "Parent Relationship": "Outer",
                              "Parallel Aware": false,
                              "Startup Cost": 993845.26,
                              "Total Cost": 1008954.3,
                              "Plan Rows": 6043616,
                              "Plan Width": 8,
                              "Actual Startup Time": 4269.8,
                              "Actual Total Time": 4895.467,
                              "Actual Rows": 3222904,
                              "Actual Loops": 7,
                              "Sort Key": [
                                "ci.movie_id"
                              ],
                              "Sort Method": "quicksort",
                              "Sort Space Used": 426328,
                              "Sort Space Type": "Memory",
                              "Workers": [
                                {
                                  "Worker Number": 0,
                                  "Sort Method": "quicksort",
                                  "Sort Space Used": 453848,
                                  "Sort Space Type": "Memory"
                                },
                                {
                                  "Worker Number": 1,
                                  "Sort Method": "quicksort",
                                  "Sort Space Used": 421671,
                                  "Sort Space Type": "Memory"
                                },
                                {
                                  "Worker Number": 2,
                                  "Sort Method": "quicksort",
                                  "Sort Space Used": 438724,
                                  "Sort Space Type": "Memory"
                                },
                                {
                                  "Worker Number": 3,
                                  "Sort Method": "quicksort",
                                  "Sort Space Used": 417625,
                                  "Sort Space Type": "Memory"
                                },
                                {
                                  "Worker Number": 4,
                                  "Sort Method": "quicksort",
                                  "Sort Space Used": 496936,
                                  "Sort Space Type": "Memory"
                                },
                                {
                                  "Worker Number": 5,
                                  "Sort Method": "quicksort",
                                  "Sort Space Used": 420080,
                                  "Sort Space Type": "Memory"
                                }
                              ],
                              "Plans": [
                                {
                                  "Node Type": "Seq Scan",
                                  "Parent Relationship": "Outer",
                                  "Parallel Aware": true,
                                  "Relation Name": "cast_info",
                                  "Alias": "ci",
                                  "Startup Cost": 0.0,
                                  "Total Cost": 313123.16,
                                  "Plan Rows": 6043616,
                                  "Plan Width": 8,
                                  "Actual Startup Time": 0.089,
                                  "Actual Total Time": 1403.737,
                                  "Actual Rows": 5177763,
                                  "Actual Loops": 7
                                }
                              ]
                            },
                            {
                              "Node Type": "Sort",
                              "Parent Relationship": "Inner",
                              "Parallel Aware": false,
                              "Startup Cost": 240463.55,
                              "Total Cost": 240463.64,
                              "Plan Rows": 34,
                              "Plan Width": 4,
                              "Actual Startup Time": 512.041,
                              "Actual Total Time": 514.731,
                              "Actual Rows": 35570,
                              "Actual Loops": 7,
                              "Sort Key": [
                                "mk.movie_id"
                              ],
                              "Sort Method": "quicksort",
                              "Sort Space Used": 3498,
                              "Sort Space Type": "Memory",
                              "Workers": [
                                {
                                  "Worker Number": 0,
                                  "Sort Method": "quicksort",
                                  "Sort Space Used": 3498,
                                  "Sort Space Type": "Memory"
                                },
                                {
                                  "Worker Number": 1,
                                  "Sort Method": "quicksort",
                                  "Sort Space Used": 3498,
                                  "Sort Space Type": "Memory"
                                },
                                {
                                  "Worker Number": 2,
                                  "Sort Method": "quicksort",
                                  "Sort Space Used": 3498,
                                  "Sort Space Type": "Memory"
                                },
                                {
                                  "Worker Number": 3,
                                  "Sort Method": "quicksort",
                                  "Sort Space Used": 3498,
                                  "Sort Space Type": "Memory"
                                },
                                {
                                  "Worker Number": 4,
                                  "Sort Method": "quicksort",
                                  "Sort Space Used": 3498,
                                  "Sort Space Type": "Memory"
                                },
                                {
                                  "Worker Number": 5,
                                  "Sort Method": "quicksort",
                                  "Sort Space Used": 3498,
                                  "Sort Space Type": "Memory"
                                }
                              ],
                              "Plans": [
                                {
                                  "Node Type": "Merge Join",
                                  "Parent Relationship": "Outer",
                                  "Parallel Aware": false,
                                  "Join Type": "Inner",
                                  "Startup Cost": 3271.69,
                                  "Total Cost": 240462.69,
                                  "Plan Rows": 34,
                                  "Plan Width": 4,
                                  "Actual Startup Time": 448.549,
                                  "Actual Total Time": 500.009,
                                  "Actual Rows": 41840,
                                  "Actual Loops": 7,
                                  "Inner Unique": true,
                                  "Merge Cond": "(mk.keyword_id = k.id)",
                                  "Plans": [
                                    {
                                      "Node Type": "Index Scan",
                                      "Parent Relationship": "Outer",
                                      "Parallel Aware": false,
                                      "Scan Direction": "Forward",
                                      "Index Name": "keyword_id_movie_keyword",
                                      "Relation Name": "movie_keyword",
                                      "Alias": "mk",
                                      "Startup Cost": 0.43,
                                      "Total Cost": 226526.38,
                                      "Plan Rows": 4523930,
                                      "Plan Width": 8,
                                      "Actual Startup Time": 0.113,
                                      "Actual Total Time": 450.62,
                                      "Actual Rows": 163762,
                                      "Actual Loops": 7
                                    },
                                    {
                                      "Node Type": "Sort",
                                      "Parent Relationship": "Inner",
                                      "Parallel Aware": false,
                                      "Startup Cost": 2626.14,
                                      "Total Cost": 2626.14,
                                      "Plan Rows": 1,
                                      "Plan Width": 4,
                                      "Actual Startup Time": 26.978,
                                      "Actual Total Time": 26.983,
                                      "Actual Rows": 1,
                                      "Actual Loops": 7,
                                      "Sort Key": [
                                        "k.id"
                                      ],
                                      "Sort Method": "quicksort",
                                      "Sort Space Used": 25,
                                      "Sort Space Type": "Memory",
                                      "Workers": [
                                        {
                                          "Worker Number": 0,
                                          "Sort Method": "quicksort",
                                          "Sort Space Used": 25,
                                          "Sort Space Type": "Memory"
                                        },
                                        {
                                          "Worker Number": 1,
                                          "Sort Method": "quicksort",
                                          "Sort Space Used": 25,
                                          "Sort Space Type": "Memory"
                                        },
                                        {
                                          "Worker Number": 2,
                                          "Sort Method": "quicksort",
                                          "Sort Space Used": 25,
                                          "Sort Space Type": "Memory"
                                        },
                                        {
                                          "Worker Number": 3,
                                          "Sort Method": "quicksort",
                                          "Sort Space Used": 25,
                                          "Sort Space Type": "Memory"
                                        },
                                        {
                                          "Worker Number": 4,
                                          "Sort Method": "quicksort",
                                          "Sort Space Used": 25,
                                          "Sort Space Type": "Memory"
                                        },
                                        {
                                          "Worker Number": 5,
                                          "Sort Method": "quicksort",
                                          "Sort Space Used": 25,
                                          "Sort Space Type": "Memory"
                                        }
                                      ],
                                      "Plans": [
                                        {
                                          "Node Type": "Seq Scan",
                                          "Parent Relationship": "Outer",
                                          "Parallel Aware": false,
                                          "Relation Name": "keyword",
                                          "Alias": "k",
                                          "Startup Cost": 0.0,
                                          "Total Cost": 2626.12,
                                          "Plan Rows": 1,
                                          "Plan Width": 4,
                                          "Actual Startup Time": 1.364,
                                          "Actual Total Time": 26.955,
                                          "Actual Rows": 1,
                                          "Actual Loops": 7,
                                          "Filter": "(keyword = 'character-name-in-title'::text)",
                                          "Rows Removed by Filter": 134169
                                        }
                                      ]
                                    }
                                  ]
                                }
                              ]
                            }
                          ]
                        }
                      ]
                    },
                    {
                      "Node Type": "Sort",
                      "Parent Relationship": "Inner",
                      "Parallel Aware": false,
                      "Startup Cost": 214864.69,
                      "Total Cost": 214928.77,
                      "Plan Rows": 25631,
                      "Plan Width": 25,
                      "Actual Startup Time": 1579.243,
                      "Actual Total Time": 1580.945,
                      "Actual Rows": 7920,
                      "Actual Loops": 1,
                      "Sort Key": [
                        "mc.movie_id"
                      ],
                      "Sort Method": "quicksort",
                      "Sort Space Used": 722,
                      "Sort Space Type": "Memory",
                      "Plans": [
                        {
                          "Node Type": "Gather",
                          "Parent Relationship": "Outer",
                          "Parallel Aware": false,
                          "Startup Cost": 209803.15,
                          "Total Cost": 212987.79,
                          "Plan Rows": 25631,
                          "Plan Width": 25,
                          "Actual Startup Time": 1559.173,
                          "Actual Total Time": 1577.141,
                          "Actual Rows": 7622,
                          "Actual Loops": 1,
                          "Workers Planned": 3,
                          "Workers Launched": 1,
                          "Single Copy": false,
                          "Plans": [
                            {
                              "Node Type": "Merge Join",
                              "Parent Relationship": "Outer",
                              "Parallel Aware": false,
                              "Join Type": "Inner",
                              "Startup Cost": 208803.15,
                              "Total Cost": 209424.69,
                              "Plan Rows": 8268,
                              "Plan Width": 25,
                              "Actual Startup Time": 1548.195,
                              "Actual Total Time": 1556.455,
                              "Actual Rows": 3811,
                              "Actual Loops": 2,
                              "Inner Unique": true,
                              "Merge Cond": "(mc.company_id = cn.id)",
                              "Plans": [
                                {
                                  "Node Type": "Sort",
                                  "Parent Relationship": "Outer",
                                  "Parallel Aware": false,
                                  "Startup Cost": 195917.61,
                                  "Total Cost": 195974.81,
                                  "Plan Rows": 22878,
                                  "Plan Width": 29,
                                  "Actual Startup Time": 1446.707,
                                  "Actual Total Time": 1447.597,
                                  "Actual Rows": 10050,
                                  "Actual Loops": 2,
                                  "Sort Key": [
                                    "mc.company_id"
                                  ],
                                  "Sort Method": "quicksort",
                                  "Sort Space Used": 1385,
                                  "Sort Space Type": "Memory",
                                  "Workers": [
                                    {
                                      "Worker Number": 0,
                                      "Sort Method": "quicksort",
                                      "Sort Space Used": 1255,
                                      "Sort Space Type": "Memory"
                                    }
                                  ],
                                  "Plans": [
                                    {
                                      "Node Type": "Merge Join",
                                      "Parent Relationship": "Outer",
                                      "Parallel Aware": false,
                                      "Join Type": "Inner",
                                      "Startup Cost": 189480.72,
                                      "Total Cost": 194261.05,
                                      "Plan Rows": 22878,
                                      "Plan Width": 29,
                                      "Actual Startup Time": 1308.782,
                                      "Actual Total Time": 1442.985,
                                      "Actual Rows": 10050,
                                      "Actual Loops": 2,
                                      "Inner Unique": true,
                                      "Merge Cond": "(mc.movie_id = t.id)",
                                      "Plans": [
                                        {
                                          "Node Type": "Sort",
                                          "Parent Relationship": "Outer",
                                          "Parallel Aware": false,
                                          "Startup Cost": 110037.47,
                                          "Total Cost": 112141.61,
                                          "Plan Rows": 841655,
                                          "Plan Width": 8,
                                          "Actual Startup Time": 623.878,
                                          "Actual Total Time": 679.344,
                                          "Actual Rows": 1304564,
                                          "Actual Loops": 2,
                                          "Sort Key": [
                                            "mc.movie_id"
                                          ],
                                          "Sort Method": "quicksort",
                                          "Sort Space Used": 113186,
                                          "Sort Space Type": "Memory",
                                          "Workers": [
                                            {
                                              "Worker Number": 0,
                                              "Sort Method": "quicksort",
                                              "Sort Space Used": 107422,
                                              "Sort Space Type": "Memory"
                                            }
                                          ],
                                          "Plans": [
                                            {
                                              "Node Type": "Seq Scan",
                                              "Parent Relationship": "Outer",
                                              "Parallel Aware": true,
                                              "Relation Name": "movie_companies",
                                              "Alias": "mc",
                                              "Startup Cost": 0.0,
                                              "Total Cost": 27206.55,
                                              "Plan Rows": 841655,
                                              "Plan Width": 8,
                                              "Actual Startup Time": 0.077,
                                              "Actual Total Time": 250.984,
                                              "Actual Rows": 1304564,
                                              "Actual Loops": 2
                                            }
                                          ]
                                        },
                                        {
                                          "Node Type": "Sort",
                                          "Parent Relationship": "Inner",
                                          "Parallel Aware": false,
                                          "Startup Cost": 79443.25,
                                          "Total Cost": 79615.06,
                                          "Plan Rows": 68724,
                                          "Plan Width": 21,
                                          "Actual Startup Time": 684.745,
                                          "Actual Total Time": 691.694,
                                          "Actual Rows": 68186,
                                          "Actual Loops": 2,
                                          "Sort Key": [
                                            "t.id"
                                          ],
                                          "Sort Method": "quicksort",
                                          "Sort Space Used": 7253,
                                          "Sort Space Type": "Memory",
                                          "Workers": [
                                            {
                                              "Worker Number": 0,
                                              "Sort Method": "quicksort",
                                              "Sort Space Used": 7253,
                                              "Sort Space Type": "Memory"
                                            }
                                          ],
                                          "Plans": [
                                            {
                                              "Node Type": "Seq Scan",
                                              "Parent Relationship": "Outer",
                                              "Parallel Aware": false,
                                              "Relation Name": "title",
                                              "Alias": "t",
                                              "Startup Cost": 0.0,
                                              "Total Cost": 73921.78,
                                              "Plan Rows": 68724,
                                              "Plan Width": 21,
                                              "Actual Startup Time": 0.098,
                                              "Actual Total Time": 653.397,
                                              "Actual Rows": 68245,
                                              "Actual Loops": 2,
                                              "Filter": "((episode_nr >= 50) AND (episode_nr < 100))",
                                              "Rows Removed by Filter": 2460067
                                            }
                                          ]
                                        }
                                      ]
                                    }
                                  ]
                                },
                                {
                                  "Node Type": "Sort",
                                  "Parent Relationship": "Inner",
                                  "Parallel Aware": false,
                                  "Startup Cost": 12885.5,
                                  "Total Cost": 13097.82,
                                  "Plan Rows": 84928,
                                  "Plan Width": 4,
                                  "Actual Startup Time": 101.474,
                                  "Actual Total Time": 105.563,
                                  "Actual Rows": 33280,
                                  "Actual Loops": 2,
                                  "Sort Key": [
                                    "cn.id"
                                  ],
                                  "Sort Method": "quicksort",
                                  "Sort Space Used": 7050,
                                  "Sort Space Type": "Memory",
                                  "Workers": [
                                    {
                                      "Worker Number": 0,
                                      "Sort Method": "quicksort",
                                      "Sort Space Used": 7050,
                                      "Sort Space Type": "Memory"
                                    }
                                  ],
                                  "Plans": [
                                    {
                                      "Node Type": "Seq Scan",
                                      "Parent Relationship": "Outer",
                                      "Parallel Aware": false,
                                      "Relation Name": "company_name",
                                      "Alias": "cn",
                                      "Startup Cost": 0.0,
                                      "Total Cost": 5932.46,
                                      "Plan Rows": 84928,
                                      "Plan Width": 4,
                                      "Actual Startup Time": 0.088,
                                      "Actual Total Time": 64.725,
                                      "Actual Rows": 84843,
                                      "Actual Loops": 2,
                                      "Filter": "((country_code)::text = '[us]'::text)",
                                      "Rows Removed by Filter": 150154
                                    }
                                  ]
                                }
                              ]
                            }
                          ]
                        }
                      ]
                    }
                  ]
                }
              ]
            }
          ]
        }
      ]
    },
    "Planning Time": 18.255,
    "Triggers": [],
    "Execution Time": 11415.297
  }
]