[
  {
    "Plan": {
      "Node Type": "Aggregate",
      "Strategy": "Plain",
      "Partial Mode": "Finalize",
      "Parallel Aware": false,
      "Startup Cost": 40299.92,
      "Total Cost": 40299.93,
      "Plan Rows": 1,
      "Plan Width": 8,
      "Actual Startup Time": 139.879,
      "Actual Total Time": 148.634,
      "Actual Rows": 1,
      "Actual Loops": 1,
      "Plans": [
        {
          "Node Type": "Gather",
          "Parent Relationship": "Outer",
          "Parallel Aware": false,
          "Startup Cost": 40299.61,
          "Total Cost": 40299.92,
          "Plan Rows": 3,
          "Plan Width": 8,
          "Actual Startup Time": 139.583,
          "Actual Total Time": 148.625,
          "Actual Rows": 4,
          "Actual Loops": 1,
          "Workers Planned": 3,
          "Workers Launched": 3,
          "Single Copy": false,
          "Plans": [
            {
              "Node Type": "Aggregate",
              "Strategy": "Plain",
              "Partial Mode": "Partial",
              "Parent Relationship": "Outer",
              "Parallel Aware": false,
              "Startup Cost": 39299.61,
              "Total Cost": 39299.62,
              "Plan Rows": 1,
              "Plan Width": 8,
              "Actual Startup Time": 132.708,
              "Actual Total Time": 132.71,
              "Actual Rows": 1,
              "Actual Loops": 4,
              "Plans": [
                {
                  "Node Type": "Bitmap Heap Scan",
                  "Parent Relationship": "Outer",
                  "Parallel Aware": true,
                  "Relation Name": "movie_keyword",
                  "Alias": "mk",
                  "Startup Cost": 12088.46,
                  "Total Cost": 38840.08,
                  "Plan Rows": 183810,
                  "Plan Width": 0,
                  "Actual Startup Time": 45.329,
                  "Actual Total Time": 124.085,
                  "Actual Rows": 139767,
                  "Actual Loops": 4,
                  "Recheck Cond": "(keyword_id > 32911)",
                  "Rows Removed by Index Recheck": 0,
                  "Exact Heap Blocks": 10769,
                  "Lossy Heap Blocks": 0,
                  "Plans": [
                    {
                      "Node Type": "Bitmap Index Scan",
                      "Parent Relationship": "Outer",
                      "Parallel Aware": false,
                      "Index Name": "keyword_id_movie_keyword",
                      "Startup Cost": 0.0,
                      "Total Cost": 11946.01,
                      "Plan Rows": 569810,
                      "Plan Width": 0,
                      "Actual Startup Time": 48.007,
                      "Actual Total Time": 48.007,
                      "Actual Rows": 559068,
                      "Actual Loops": 1,
                      "Index Cond": "(keyword_id > 32911)"
                    }
                  ]
                }
              ]
            }
          ]
        }
      ]
    },
    "Planning Time": 0.155,
    "Triggers": [],
    "Execution Time": 148.696
  }
]