[
  {
    "Plan": {
      "Node Type": "Aggregate",
      "Strategy": "Plain",
      "Partial Mode": "Finalize",
      "Parallel Aware": false,
      "Startup Cost": 133431.37,
      "Total Cost": 133431.38,
      "Plan Rows": 1,
      "Plan Width": 8,
      "Actual Startup Time": 923.161,
      "Actual Total Time": 940.396,
      "Actual Rows": 1,
      "Actual Loops": 1,
      "Plans": [
        {
          "Node Type": "Gather",
          "Parent Relationship": "Outer",
          "Parallel Aware": false,
          "Startup Cost": 133431.05,
          "Total Cost": 133431.36,
          "Plan Rows": 3,
          "Plan Width": 8,
          "Actual Startup Time": 917.024,
          "Actual Total Time": 940.371,
          "Actual Rows": 4,
          "Actual Loops": 1,
          "Workers Planned": 3,
          "Workers Launched": 3,
          "Single Copy": false,
          "Plans": [
            {
              "Node Type": "Aggregate",
              "Strategy": "Plain",
              "Partial Mode": "Partial",
              "Parent Relationship": "Outer",
              "Parallel Aware": false,
              "Startup Cost": 132431.05,
              "Total Cost": 132431.06,
              "Plan Rows": 1,
              "Plan Width": 8,
              "Actual Startup Time": 908.198,
              "Actual Total Time": 908.335,
              "Actual Rows": 1,
              "Actual Loops": 4,
              "Plans": [
                {
                  "Node Type": "Hash Join",
                  "Parent Relationship": "Outer",
                  "Parallel Aware": true,
                  "Join Type": "Inner",
                  "Startup Cost": 84980.65,
                  "Total Cost": 130965.76,
                  "Plan Rows": 586118,
                  "Plan Width": 0,
                  "Actual Startup Time": 527.037,
                  "Actual Total Time": 856.088,
                  "Actual Rows": 1082470,
                  "Actual Loops": 4,
                  "Inner Unique": false,
                  "Hash Cond": "(mk.movie_id = t.id)",
                  "Plans": [
                    {
                      "Node Type": "Seq Scan",
                      "Parent Relationship": "Outer",
                      "Parallel Aware": true,
                      "Relation Name": "movie_keyword",
                      "Alias": "mk",
                      "Startup Cost": 0.0,
                      "Total Cost": 39047.32,
                      "Plan Rows": 1459332,
                      "Plan Width": 4,
                      "Actual Startup Time": 0.036,
                      "Actual Total Time": 102.84,
                      "Actual Rows": 1130982,
                      "Actual Loops": 4
                    },
                    {
                      "Node Type": "Hash",
                      "Parent Relationship": "Inner",
                      "Parallel Aware": true,
                      "Startup Cost": 81807.38,
                      "Total Cost": 81807.38,
                      "Plan Rows": 253862,
                      "Plan Width": 8,
                      "Actual Startup Time": 521.646,
                      "Actual Total Time": 521.782,
                      "Actual Rows": 180781,
                      "Actual Loops": 4,
                      "Hash Buckets": 1048576,
                      "Original Hash Buckets": 1048576,
                      "Hash Batches": 1,
                      "Original Hash Batches": 1,
                      "Peak Memory Usage": 36544,
                      "Plans": [
                        {
                          "Node Type": "Hash Join",
                          "Parent Relationship": "Outer",
                          "Parallel Aware": true,
                          "Join Type": "Inner",
                          "Startup Cost": 35509.37,
                          "Total Cost": 81807.38,
                          "Plan Rows": 253862,
                          "Plan Width": 8,
                          "Actual Startup Time": 158.891,
                          "Actual Total Time": 454.143,
                          "Actual Rows": 180781,
                          "Actual Loops": 4,
                          "Inner Unique": false,
                          "Hash Cond": "(t.id = mc.movie_id)",
                          "Plans": [
                            {
                              "Node Type": "Seq Scan",
                              "Parent Relationship": "Outer",
                              "Parallel Aware": true,
                              "Relation Name": "title",
                              "Alias": "t",
                              "Startup Cost": 0.0,
                              "Total Cost": 42318.73,
                              "Plan Rows": 632073,
                              "Plan Width": 4,
                              "Actual Startup Time": 0.012,
                              "Actual Total Time": 84.968,
                              "Actual Rows": 632078,
                              "Actual Loops": 4
                            },
                            {
                              "Node Type": "Hash",
                              "Parent Relationship": "Inner",
                              "Parallel Aware": true,
                              "Startup Cost": 31414.82,
                              "Total Cost": 31414.82,
                              "Plan Rows": 327564,
                              "Plan Width": 4,
                              "Actual Startup Time": 156.103,
                              "Actual Total Time": 156.104,
                              "Actual Rows": 180781,
                              "Actual Loops": 4,
                              "Hash Buckets": 1048576,
                              "Original Hash Buckets": 1048576,
                              "Hash Batches": 1,
                              "Original Hash Batches": 1,
                              "Peak Memory Usage": 36576,
                              "Plans": [
                                {
                                  "Node Type": "Seq Scan",
                                  "Parent Relationship": "Outer",
                                  "Parallel Aware": true,
                                  "Relation Name": "movie_companies",
                                  "Alias": "mc",
                                  "Startup Cost": 0.0,
                                  "Total Cost": 31414.82,
                                  "Plan Rows": 327564,
                                  "Plan Width": 4,
                                  "Actual Startup Time": 53.497,
                                  "Actual Total Time": 97.984,
                                  "Actual Rows": 180781,
                                  "Actual Loops": 4,
                                  "Filter": "((company_id < 61656) AND (company_type_id > 1))",
                                  "Rows Removed by Filter": 471502
                                }
                              ]
                            }
                          ]
                        }
                      ]
                    }
                  ]
                }
              ]
            }
          ]
        }
      ]
    },
    "Planning Time": 1.403,
    "Triggers": [],
    "Execution Time": 940.485
  }
]