{
  "Plan": {
    "Node Type": "Aggregate",
    "Strategy": "Plain",
    "Partial Mode": "Finalize",
    "Parallel Aware": false,
    "Startup Cost": 245865.23,
    "Total Cost": 245865.24,
    "Plan Rows": 1,
    "Plan Width": 8,
    "Actual Startup Time": 673.363,
    "Actual Total Time": 690.274,
    "Actual Rows": 1,
    "Actual Loops": 1,
    "Plans": [
      {
        "Node Type": "Gather",
        "Parent Relationship": "Outer",
        "Parallel Aware": false,
        "Startup Cost": 245865.11,
        "Total Cost": 245865.22,
        "Plan Rows": 1,
        "Plan Width": 8,
        "Actual Startup Time": 670.434,
        "Actual Total Time": 690.268,
        "Actual Rows": 2,
        "Actual Loops": 1,
        "Workers Planned": 1,
        "Workers Launched": 1,
        "Single Copy": false,
        "Plans": [
          {
            "Node Type": "Aggregate",
            "Strategy": "Plain",
            "Partial Mode": "Partial",
            "Parent Relationship": "Outer",
            "Parallel Aware": false,
            "Startup Cost": 244865.11,
            "Total Cost": 244865.12,
            "Plan Rows": 1,
            "Plan Width": 8,
            "Actual Startup Time": 658.057,
            "Actual Total Time": 658.062,
            "Actual Rows": 1,
            "Actual Loops": 2,
            "Plans": [
              {
                "Node Type": "Hash Join",
                "Parent Relationship": "Outer",
                "Parallel Aware": true,
                "Join Type": "Inner",
                "Startup Cost": 79059.34,
                "Total Cost": 244345.0,
                "Plan Rows": 208047,
                "Plan Width": 0,
                "Actual Startup Time": 566.316,
                "Actual Total Time": 650.447,
                "Actual Rows": 179951,
                "Actual Loops": 2,
                "Inner Unique": true,
                "Hash Cond": "(mi.movie_id = t.id)",
                "Plans": [
                  {
                    "Node Type": "Bitmap Heap Scan",
                    "Parent Relationship": "Outer",
                    "Parallel Aware": true,
                    "Relation Name": "movie_info",
                    "Alias": "mi",
                    "Startup Cost": 6704.59,
                    "Total Cost": 171418.79,
                    "Plan Rows": 217696,
                    "Plan Width": 4,
                    "Actual Startup Time": 13.448,
                    "Actual Total Time": 43.067,
                    "Actual Rows": 184109,
                    "Actual Loops": 2,
                    "Recheck Cond": "(info_type_id = 17)",
                    "Rows Removed by Index Recheck": 0,
                    "Exact Heap Blocks": 5800,
                    "Lossy Heap Blocks": 0,
                    "Plans": [
                      {
                        "Node Type": "Bitmap Index Scan",
                        "Parent Relationship": "Outer",
                        "Parallel Aware": false,
                        "Index Name": "info_type_id_movie_info",
                        "Startup Cost": 0.0,
                        "Total Cost": 6612.07,
                        "Plan Rows": 370084,
                        "Plan Width": 0,
                        "Actual Startup Time": 11.904,
                        "Actual Total Time": 11.905,
                        "Actual Rows": 368218,
                        "Actual Loops": 1,
                        "Index Cond": "(info_type_id = 17)"
                      }
                    ]
                  },
                  {
                    "Node Type": "Hash",
                    "Parent Relationship": "Inner",
                    "Parallel Aware": true,
                    "Startup Cost": 54588.39,
                    "Total Cost": 54588.39,
                    "Plan Rows": 1421309,
                    "Plan Width": 4,
                    "Actual Startup Time": 531.478,
                    "Actual Total Time": 531.479,
                    "Actual Rows": 1206699,
                    "Actual Loops": 2,
                    "Hash Buckets": 4194304,
                    "Original Hash Buckets": 4194304,
                    "Hash Batches": 1,
                    "Original Hash Batches": 1,
                    "Peak Memory Usage": 127232,
                    "Plans": [
                      {
                        "Node Type": "Seq Scan",
                        "Parent Relationship": "Outer",
                        "Parallel Aware": true,
                        "Relation Name": "title",
                        "Alias": "t",
                        "Startup Cost": 0.0,
                        "Total Cost": 54588.39,
                        "Plan Rows": 1421309,
                        "Plan Width": 4,
                        "Actual Startup Time": 0.026,
                        "Actual Total Time": 175.49,
                        "Actual Rows": 1206699,
                        "Actual Loops": 2,
                        "Filter": "(production_year > 1912)",
                        "Rows Removed by Filter": 57457
                      }
                    ]
                  }
                ]
              }
            ]
          }
        ]
      }
    ]
  },
  "Planning Time": 0.61,
  "Triggers": [],
  "Execution Time": 690.364
}