[
  {
    "Plan": {
      "Node Type": "Aggregate",
      "Strategy": "Plain",
      "Partial Mode": "Finalize",
      "Parallel Aware": false,
      "Startup Cost": 166733.7,
      "Total Cost": 166733.71,
      "Plan Rows": 1,
      "Plan Width": 8,
      "Actual Startup Time": 344.548,
      "Actual Total Time": 376.575,
      "Actual Rows": 1,
      "Actual Loops": 1,
      "Plans": [
        {
          "Node Type": "Gather",
          "Parent Relationship": "Outer",
          "Parallel Aware": false,
          "Startup Cost": 166733.38,
          "Total Cost": 166733.69,
          "Plan Rows": 3,
          "Plan Width": 8,
          "Actual Startup Time": 343.612,
          "Actual Total Time": 376.566,
          "Actual Rows": 4,
          "Actual Loops": 1,
          "Workers Planned": 3,
          "Workers Launched": 3,
          "Single Copy": false,
          "Plans": [
            {
              "Node Type": "Aggregate",
              "Strategy": "Plain",
              "Partial Mode": "Partial",
              "Parent Relationship": "Outer",
              "Parallel Aware": false,
              "Startup Cost": 165733.38,
              "Total Cost": 165733.39,
              "Plan Rows": 1,
              "Plan Width": 8,
              "Actual Startup Time": 334.234,
              "Actual Total Time": 334.238,
              "Actual Rows": 1,
              "Actual Loops": 4,
              "Plans": [
                {
                  "Node Type": "Nested Loop",
                  "Parent Relationship": "Outer",
                  "Parallel Aware": false,
                  "Join Type": "Inner",
                  "Startup Cost": 46597.56,
                  "Total Cost": 165683.57,
                  "Plan Rows": 19922,
                  "Plan Width": 0,
                  "Actual Startup Time": 129.791,
                  "Actual Total Time": 332.315,
                  "Actual Rows": 36701,
                  "Actual Loops": 4,
                  "Inner Unique": false,
                  "Join Filter": "(t.id = mi.movie_id)",
                  "Rows Removed by Join Filter": 0,
                  "Plans": [
                    {
                      "Node Type": "Hash Join",
                      "Parent Relationship": "Outer",
                      "Parallel Aware": true,
                      "Join Type": "Inner",
                      "Startup Cost": 46597.12,
                      "Total Cost": 76602.34,
                      "Plan Rows": 37440,
                      "Plan Width": 8,
                      "Actual Startup Time": 129.486,
                      "Actual Total Time": 214.859,
                      "Actual Rows": 15006,
                      "Actual Loops": 4,
                      "Inner Unique": true,
                      "Hash Cond": "(mc.movie_id = t.id)",
                      "Plans": [
                        {
                          "Node Type": "Seq Scan",
                          "Parent Relationship": "Outer",
                          "Parallel Aware": true,
                          "Relation Name": "movie_companies",
                          "Alias": "mc",
                          "Startup Cost": 0.0,
                          "Total Cost": 29310.68,
                          "Plan Rows": 264586,
                          "Plan Width": 4,
                          "Actual Startup Time": 10.778,
                          "Actual Total Time": 57.845,
                          "Actual Rows": 208508,
                          "Actual Loops": 4,
                          "Filter": "(company_id > 26911)",
                          "Rows Removed by Filter": 443774
                        },
                        {
                          "Node Type": "Hash",
                          "Parent Relationship": "Inner",
                          "Parallel Aware": true,
                          "Startup Cost": 45479.1,
                          "Total Cost": 45479.1,
                          "Plan Rows": 89442,
                          "Plan Width": 4,
                          "Actual Startup Time": 114.656,
                          "Actual Total Time": 114.657,
                          "Actual Rows": 57169,
                          "Actual Loops": 4,
                          "Hash Buckets": 524288,
                          "Original Hash Buckets": 524288,
                          "Hash Batches": 1,
                          "Original Hash Batches": 1,
                          "Peak Memory Usage": 13120,
                          "Plans": [
                            {
                              "Node Type": "Seq Scan",
                              "Parent Relationship": "Outer",
                              "Parallel Aware": true,
                              "Relation Name": "title",
                              "Alias": "t",
                              "Startup Cost": 0.0,
                              "Total Cost": 45479.1,
                              "Plan Rows": 89442,
                              "Plan Width": 4,
                              "Actual Startup Time": 0.048,
                              "Actual Total Time": 93.46,
                              "Actual Rows": 57169,
                              "Actual Loops": 4,
                              "Filter": "((kind_id > 1) AND (production_year < 1979))",
                              "Rows Removed by Filter": 574909
                            }
                          ]
                        }
                      ]
                    },
                    {
                      "Node Type": "Index Scan",
                      "Parent Relationship": "Inner",
                      "Parallel Aware": false,
                      "Scan Direction": "Forward",
                      "Index Name": "movie_id_movie_info",
                      "Relation Name": "movie_info",
                      "Alias": "mi",
                      "Startup Cost": 0.43,
                      "Total Cost": 2.33,
                      "Plan Rows": 4,
                      "Plan Width": 4,
                      "Actual Startup Time": 0.005,
                      "Actual Total Time": 0.007,
                      "Actual Rows": 2,
                      "Actual Loops": 60022,
                      "Index Cond": "(movie_id = mc.movie_id)",
                      "Rows Removed by Index Recheck": 0,
                      "Filter": "(info_type_id = 7)",
                      "Rows Removed by Filter": 8
                    }
                  ]
                }
              ]
            }
          ]
        }
      ]
    },
    "Planning Time": 1.473,
    "Triggers": [],
    "Execution Time": 376.666
  }
]