[
  {
    "Plan": {
      "Node Type": "Aggregate",
      "Strategy": "Plain",
      "Partial Mode": "Finalize",
      "Parallel Aware": false,
      "Startup Cost": 350999.18,
      "Total Cost": 350999.19,
      "Plan Rows": 1,
      "Plan Width": 8,
      "Actual Startup Time": 810.093,
      "Actual Total Time": 864.608,
      "Actual Rows": 1,
      "Actual Loops": 1,
      "Plans": [
        {
          "Node Type": "Gather",
          "Parent Relationship": "Outer",
          "Parallel Aware": false,
          "Startup Cost": 350998.55,
          "Total Cost": 350999.16,
          "Plan Rows": 6,
          "Plan Width": 8,
          "Actual Startup Time": 809.833,
          "Actual Total Time": 864.599,
          "Actual Rows": 7,
          "Actual Loops": 1,
          "Workers Planned": 6,
          "Workers Launched": 6,
          "Single Copy": false,
          "Plans": [
            {
              "Node Type": "Aggregate",
              "Strategy": "Plain",
              "Partial Mode": "Partial",
              "Parent Relationship": "Outer",
              "Parallel Aware": false,
              "Startup Cost": 349998.55,
              "Total Cost": 349998.57,
              "Plan Rows": 1,
              "Plan Width": 8,
              "Actual Startup Time": 799.25,
              "Actual Total Time": 799.252,
              "Actual Rows": 1,
              "Actual Loops": 7,
              "Plans": [
                {
                  "Node Type": "Seq Scan",
                  "Parent Relationship": "Outer",
                  "Parallel Aware": true,
                  "Relation Name": "cast_info",
                  "Alias": "ci",
                  "Startup Cost": 0.0,
                  "Total Cost": 343257.03,
                  "Plan Rows": 2696610,
                  "Plan Width": 0,
                  "Actual Startup Time": 358.573,
                  "Actual Total Time": 700.202,
                  "Actual Rows": 2286947,
                  "Actual Loops": 7,
                  "Filter": "((person_id > 50594) AND (role_id > 2))",
                  "Rows Removed by Filter": 2890816
                }
              ]
            }
          ]
        }
      ]
    },
    "Planning Time": 0.214,
    "Triggers": [],
    "Execution Time": 864.678
  }
]