{
  "Plan": {
    "Node Type": "Aggregate",
    "Strategy": "Plain",
    "Partial Mode": "Finalize",
    "Parallel Aware": false,
    "Startup Cost": 943348.24,
    "Total Cost": 943348.25,
    "Plan Rows": 1,
    "Plan Width": 8,
    "Actual Startup Time": 14568.88,
    "Actual Total Time": 14736.286,
    "Actual Rows": 1,
    "Actual Loops": 1,
    "Plans": [
      {
        "Node Type": "Gather",
        "Parent Relationship": "Outer",
        "Parallel Aware": false,
        "Startup Cost": 943348.13,
        "Total Cost": 943348.24,
        "Plan Rows": 1,
        "Plan Width": 8,
        "Actual Startup Time": 14535.617,
        "Actual Total Time": 14736.275,
        "Actual Rows": 2,
        "Actual Loops": 1,
        "Workers Planned": 1,
        "Workers Launched": 1,
        "Single Copy": false,
        "Plans": [
          {
            "Node Type": "Aggregate",
            "Strategy": "Plain",
            "Partial Mode": "Partial",
            "Parent Relationship": "Outer",
            "Parallel Aware": false,
            "Startup Cost": 942348.13,
            "Total Cost": 942348.14,
            "Plan Rows": 1,
            "Plan Width": 8,
            "Actual Startup Time": 14493.507,
            "Actual Total Time": 14497.361,
            "Actual Rows": 1,
            "Actual Loops": 2,
            "Plans": [
              {
                "Node Type": "Hash Join",
                "Parent Relationship": "Outer",
                "Parallel Aware": true,
                "Join Type": "Inner",
                "Startup Cost": 744803.0,
                "Total Cost": 909187.06,
                "Plan Rows": 13264429,
                "Plan Width": 0,
                "Actual Startup Time": 9681.213,
                "Actual Total Time": 13008.195,
                "Actual Rows": 37196728,
                "Actual Loops": 2,
                "Inner Unique": false,
                "Hash Cond": "(mk.movie_id = t.id)",
                "Plans": [
                  {
                    "Node Type": "Seq Scan",
                    "Parent Relationship": "Outer",
                    "Parallel Aware": true,
                    "Relation Name": "movie_keyword",
                    "Alias": "mk",
                    "Startup Cost": 0.0,
                    "Total Cost": 57718.19,
                    "Plan Rows": 1909321,
                    "Plan Width": 4,
                    "Actual Startup Time": 0.149,
                    "Actual Total Time": 213.732,
                    "Actual Rows": 1618812,
                    "Actual Loops": 2,
                    "Filter": "(keyword_id > 1661)",
                    "Rows Removed by Filter": 643152
                  },
                  {
                    "Node Type": "Hash",
                    "Parent Relationship": "Inner",
                    "Parallel Aware": true,
                    "Startup Cost": 615651.91,
                    "Total Cost": 615651.91,
                    "Plan Rows": 10332087,
                    "Plan Width": 8,
                    "Actual Startup Time": 9575.635,
                    "Actual Total Time": 9579.486,
                    "Actual Rows": 8771999,
                    "Actual Loops": 2,
                    "Hash Buckets": 33554432,
                    "Original Hash Buckets": 33554432,
                    "Hash Batches": 1,
                    "Original Hash Batches": 1,
                    "Peak Memory Usage": 948480,
                    "Plans": [
                      {
                        "Node Type": "Hash Join",
                        "Parent Relationship": "Outer",
                        "Parallel Aware": true,
                        "Join Type": "Inner",
                        "Startup Cost": 69460.7,
                        "Total Cost": 615651.91,
                        "Plan Rows": 10332087,
                        "Plan Width": 8,
                        "Actual Startup Time": 1022.147,
                        "Actual Total Time": 6367.911,
                        "Actual Rows": 8771999,
                        "Actual Loops": 2,
                        "Inner Unique": true,
                        "Hash Cond": "(ci.movie_id = t.id)",
                        "Plans": [
                          {
                            "Node Type": "Seq Scan",
                            "Parent Relationship": "Outer",
                            "Parallel Aware": true,
                            "Relation Name": "cast_info",
                            "Alias": "ci",
                            "Startup Cost": 0.0,
                            "Total Cost": 519069.44,
                            "Plan Rows": 10332087,
                            "Plan Width": 4,
                            "Actual Startup Time": 459.553,
                            "Actual Total Time": 1612.707,
                            "Actual Rows": 8771999,
                            "Actual Loops": 2,
                            "Filter": "(person_id > 1863110)",
                            "Rows Removed by Filter": 9350173
                          },
                          {
                            "Node Type": "Hash",
                            "Parent Relationship": "Inner",
                            "Parallel Aware": true,
                            "Startup Cost": 50870.31,
                            "Total Cost": 50870.31,
                            "Plan Rows": 1487231,
                            "Plan Width": 4,
                            "Actual Startup Time": 550.801,
                            "Actual Total Time": 550.802,
                            "Actual Rows": 1264156,
                            "Actual Loops": 2,
                            "Hash Buckets": 4194304,
                            "Original Hash Buckets": 4194304,
                            "Hash Batches": 1,
                            "Original Hash Batches": 1,
                            "Peak Memory Usage": 131680,
                            "Plans": [
                              {
                                "Node Type": "Seq Scan",
                                "Parent Relationship": "Outer",
                                "Parallel Aware": true,
                                "Relation Name": "title",
                                "Alias": "t",
                                "Startup Cost": 0.0,
                                "Total Cost": 50870.31,
                                "Plan Rows": 1487231,
                                "Plan Width": 4,
                                "Actual Startup Time": 0.064,
                                "Actual Total Time": 163.34,
                                "Actual Rows": 1264156,
                                "Actual Loops": 2
                              }
                            ]
                          }
                        ]
                      }
                    ]
                  }
                ]
              }
            ]
          }
        ]
      }
    ]
  },
  "Planning Time": 1.048,
  "Triggers": [],
  "Execution Time": 14736.372
}