{
  "Plan": {
    "Node Type": "Aggregate",
    "Strategy": "Plain",
    "Partial Mode": "Finalize",
    "Parallel Aware": false,
    "Startup Cost": 443363.29,
    "Total Cost": 443363.3,
    "Plan Rows": 1,
    "Plan Width": 8,
    "Actual Startup Time": 2425.549,
    "Actual Total Time": 2467.217,
    "Actual Rows": 1,
    "Actual Loops": 1,
    "Plans": [
      {
        "Node Type": "Gather",
        "Parent Relationship": "Outer",
        "Parallel Aware": false,
        "Startup Cost": 443363.18,
        "Total Cost": 443363.29,
        "Plan Rows": 1,
        "Plan Width": 8,
        "Actual Startup Time": 2420.977,
        "Actual Total Time": 2467.21,
        "Actual Rows": 2,
        "Actual Loops": 1,
        "Workers Planned": 1,
        "Workers Launched": 1,
        "Single Copy": false,
        "Plans": [
          {
            "Node Type": "Aggregate",
            "Strategy": "Plain",
            "Partial Mode": "Partial",
            "Parent Relationship": "Outer",
            "Parallel Aware": false,
            "Startup Cost": 442363.18,
            "Total Cost": 442363.19,
            "Plan Rows": 1,
            "Plan Width": 8,
            "Actual Startup Time": 2414.721,
            "Actual Total Time": 2414.723,
            "Actual Rows": 1,
            "Actual Loops": 2,
            "Plans": [
              {
                "Node Type": "Merge Join",
                "Parent Relationship": "Outer",
                "Parallel Aware": false,
                "Join Type": "Inner",
                "Startup Cost": 123871.2,
                "Total Cost": 440979.85,
                "Plan Rows": 553331,
                "Plan Width": 0,
                "Actual Startup Time": 337.788,
                "Actual Total Time": 2392.18,
                "Actual Rows": 538848,
                "Actual Loops": 2,
                "Inner Unique": false,
                "Merge Cond": "(t.id = mc.movie_id)",
                "Plans": [
                  {
                    "Node Type": "Merge Join",
                    "Parent Relationship": "Outer",
                    "Parallel Aware": false,
                    "Join Type": "Inner",
                    "Startup Cost": 14.16,
                    "Total Cost": 303532.86,
                    "Plan Rows": 1759986,
                    "Plan Width": 8,
                    "Actual Startup Time": 5.221,
                    "Actual Total Time": 1890.958,
                    "Actual Rows": 601606,
                    "Actual Loops": 2,
                    "Inner Unique": true,
                    "Merge Cond": "(mk.movie_id = t.id)",
                    "Plans": [
                      {
                        "Node Type": "Index Only Scan",
                        "Parent Relationship": "Outer",
                        "Parallel Aware": true,
                        "Scan Direction": "Forward",
                        "Index Name": "movie_id_movie_keyword",
                        "Relation Name": "movie_keyword",
                        "Alias": "mk",
                        "Startup Cost": 0.43,
                        "Total Cost": 158560.11,
                        "Plan Rows": 2661135,
                        "Plan Width": 4,
                        "Actual Startup Time": 0.106,
                        "Actual Total Time": 457.862,
                        "Actual Rows": 2261935,
                        "Actual Loops": 2,
                        "Heap Fetches": 4523870
                      },
                      {
                        "Node Type": "Index Scan",
                        "Parent Relationship": "Inner",
                        "Parallel Aware": false,
                        "Scan Direction": "Forward",
                        "Index Name": "title_pkey",
                        "Relation Name": "title",
                        "Alias": "t",
                        "Startup Cost": 0.43,
                        "Total Cost": 116660.7,
                        "Plan Rows": 1672129,
                        "Plan Width": 4,
                        "Actual Startup Time": 0.131,
                        "Actual Total Time": 1206.26,
                        "Actual Rows": 1672876,
                        "Actual Loops": 2,
                        "Filter": "(kind_id > 3)",
                        "Rows Removed by Filter": 852812
                      }
                    ]
                  },
                  {
                    "Node Type": "Sort",
                    "Parent Relationship": "Inner",
                    "Parallel Aware": false,
                    "Startup Cost": 123850.74,
                    "Total Cost": 125837.95,
                    "Plan Rows": 794882,
                    "Plan Width": 4,
                    "Actual Startup Time": 332.538,
                    "Actual Total Time": 383.976,
                    "Actual Rows": 1268300,
                    "Actual Loops": 2,
                    "Sort Key": [
                      "mc.movie_id"
                    ],
                    "Sort Method": "quicksort",
                    "Sort Space Used": 61321,
                    "Sort Space Type": "Memory",
                    "Workers": [
                      {
                        "Worker Number": 0,
                        "Sort Method": "quicksort",
                        "Sort Space Used": 61321,
                        "Sort Space Type": "Memory"
                      }
                    ],
                    "Plans": [
                      {
                        "Node Type": "Bitmap Heap Scan",
                        "Parent Relationship": "Outer",
                        "Parallel Aware": false,
                        "Relation Name": "movie_companies",
                        "Alias": "mc",
                        "Startup Cost": 17224.77,
                        "Total Cost": 45950.79,
                        "Plan Rows": 794882,
                        "Plan Width": 4,
                        "Actual Startup Time": 51.197,
                        "Actual Total Time": 169.569,
                        "Actual Rows": 783881,
                        "Actual Loops": 2,
                        "Recheck Cond": "(company_id < 1705)",
                        "Rows Removed by Index Recheck": 0,
                        "Exact Heap Blocks": 18601,
                        "Lossy Heap Blocks": 0,
                        "Plans": [
                          {
                            "Node Type": "Bitmap Index Scan",
                            "Parent Relationship": "Outer",
                            "Parallel Aware": false,
                            "Index Name": "company_id_movie_companies",
                            "Startup Cost": 0.0,
                            "Total Cost": 17026.04,
                            "Plan Rows": 794882,
                            "Plan Width": 0,
                            "Actual Startup Time": 48.852,
                            "Actual Total Time": 48.852,
                            "Actual Rows": 783881,
                            "Actual Loops": 2,
                            "Index Cond": "(company_id < 1705)"
                          }
                        ]
                      }
                    ]
                  }
                ]
              }
            ]
          }
        ]
      }
    ]
  },
  "Planning Time": 1.044,
  "Triggers": [],
  "Execution Time": 2477.329
}