[
  {
    "Plan": {
      "Node Type": "Aggregate",
      "Strategy": "Plain",
      "Partial Mode": "Finalize",
      "Parallel Aware": false,
      "Startup Cost": 264274.15,
      "Total Cost": 264274.16,
      "Plan Rows": 1,
      "Plan Width": 8,
      "Actual Startup Time": 1359.25,
      "Actual Total Time": 1438.629,
      "Actual Rows": 1,
      "Actual Loops": 1,
      "Plans": [
        {
          "Node Type": "Gather",
          "Parent Relationship": "Outer",
          "Parallel Aware": false,
          "Startup Cost": 264273.83,
          "Total Cost": 264274.14,
          "Plan Rows": 3,
          "Plan Width": 8,
          "Actual Startup Time": 1357.29,
          "Actual Total Time": 1438.619,
          "Actual Rows": 4,
          "Actual Loops": 1,
          "Workers Planned": 3,
          "Workers Launched": 3,
          "Single Copy": false,
          "Plans": [
            {
              "Node Type": "Aggregate",
              "Strategy": "Plain",
              "Partial Mode": "Partial",
              "Parent Relationship": "Outer",
              "Parallel Aware": false,
              "Startup Cost": 263273.83,
              "Total Cost": 263273.84,
              "Plan Rows": 1,
              "Plan Width": 8,
              "Actual Startup Time": 1348.382,
              "Actual Total Time": 1348.385,
              "Actual Rows": 1,
              "Actual Loops": 4,
              "Plans": [
                {
                  "Node Type": "Nested Loop",
                  "Parent Relationship": "Outer",
                  "Parallel Aware": false,
                  "Join Type": "Inner",
                  "Startup Cost": 47305.04,
                  "Total Cost": 261700.87,
                  "Plan Rows": 629184,
                  "Plan Width": 0,
                  "Actual Startup Time": 171.752,
                  "Actual Total Time": 1296.01,
                  "Actual Rows": 1163576,
                  "Actual Loops": 4,
                  "Inner Unique": false,
                  "Plans": [
                    {
                      "Node Type": "Hash Join",
                      "Parent Relationship": "Outer",
                      "Parallel Aware": true,
                      "Join Type": "Inner",
                      "Startup Cost": 47304.47,
                      "Total Cost": 77114.05,
                      "Plan Rows": 43910,
                      "Plan Width": 8,
                      "Actual Startup Time": 171.64,
                      "Actual Total Time": 245.145,
                      "Actual Rows": 20931,
                      "Actual Loops": 4,
                      "Inner Unique": true,
                      "Hash Cond": "(mc.movie_id = t.id)",
                      "Plans": [
                        {
                          "Node Type": "Seq Scan",
                          "Parent Relationship": "Outer",
                          "Parallel Aware": true,
                          "Relation Name": "movie_companies",
                          "Alias": "mc",
                          "Startup Cost": 0.0,
                          "Total Cost": 29310.68,
                          "Plan Rows": 190057,
                          "Plan Width": 4,
                          "Actual Startup Time": 0.017,
                          "Actual Total Time": 55.521,
                          "Actual Rows": 145998,
                          "Actual Loops": 4,
                          "Filter": "(company_id < 663)",
                          "Rows Removed by Filter": 506284
                        },
                        {
                          "Node Type": "Hash",
                          "Parent Relationship": "Inner",
                          "Parallel Aware": true,
                          "Startup Cost": 45479.1,
                          "Total Cost": 45479.1,
                          "Plan Rows": 146030,
                          "Plan Width": 4,
                          "Actual Startup Time": 142.231,
                          "Actual Total Time": 142.232,
                          "Actual Rows": 148682,
                          "Actual Loops": 4,
                          "Hash Buckets": 1048576,
                          "Original Hash Buckets": 1048576,
                          "Hash Batches": 1,
                          "Original Hash Batches": 1,
                          "Peak Memory Usage": 31520,
                          "Plans": [
                            {
                              "Node Type": "Seq Scan",
                              "Parent Relationship": "Outer",
                              "Parallel Aware": true,
                              "Relation Name": "title",
                              "Alias": "t",
                              "Startup Cost": 0.0,
                              "Total Cost": 45479.1,
                              "Plan Rows": 146030,
                              "Plan Width": 4,
                              "Actual Startup Time": 58.673,
                              "Actual Total Time": 98.397,
                              "Actual Rows": 148682,
                              "Actual Loops": 4,
                              "Filter": "((kind_id < 2) AND (production_year < 2012))",
                              "Rows Removed by Filter": 483396
                            }
                          ]
                        }
                      ]
                    },
                    {
                      "Node Type": "Index Only Scan",
                      "Parent Relationship": "Inner",
                      "Parallel Aware": false,
                      "Scan Direction": "Forward",
                      "Index Name": "movie_id_cast_info",
                      "Relation Name": "cast_info",
                      "Alias": "ci",
                      "Startup Cost": 0.56,
                      "Total Cost": 3.83,
                      "Plan Rows": 37,
                      "Plan Width": 4,
                      "Actual Startup Time": 0.006,
                      "Actual Total Time": 0.046,
                      "Actual Rows": 56,
                      "Actual Loops": 83724,
                      "Index Cond": "(movie_id = t.id)",
                      "Rows Removed by Index Recheck": 0,
                      "Heap Fetches": 4654306
                    }
                  ]
                }
              ]
            }
          ]
        }
      ]
    },
    "Planning Time": 1.427,
    "Triggers": [],
    "Execution Time": 1438.739
  }
]