[
  {
    "Plan": {
      "Node Type": "Aggregate",
      "Strategy": "Plain",
      "Partial Mode": "Finalize",
      "Parallel Aware": false,
      "Startup Cost": 42554.62,
      "Total Cost": 42554.63,
      "Plan Rows": 1,
      "Plan Width": 8,
      "Actual Startup Time": 122.381,
      "Actual Total Time": 128.764,
      "Actual Rows": 1,
      "Actual Loops": 1,
      "Plans": [
        {
          "Node Type": "Gather",
          "Parent Relationship": "Outer",
          "Parallel Aware": false,
          "Startup Cost": 42554.3,
          "Total Cost": 42554.61,
          "Plan Rows": 3,
          "Plan Width": 8,
          "Actual Startup Time": 122.14,
          "Actual Total Time": 128.754,
          "Actual Rows": 4,
          "Actual Loops": 1,
          "Workers Planned": 3,
          "Workers Launched": 3,
          "Single Copy": false,
          "Plans": [
            {
              "Node Type": "Aggregate",
              "Strategy": "Plain",
              "Partial Mode": "Partial",
              "Parent Relationship": "Outer",
              "Parallel Aware": false,
              "Startup Cost": 41554.3,
              "Total Cost": 41554.31,
              "Plan Rows": 1,
              "Plan Width": 8,
              "Actual Startup Time": 117.256,
              "Actual Total Time": 117.258,
              "Actual Rows": 1,
              "Actual Loops": 4,
              "Plans": [
                {
                  "Node Type": "Bitmap Heap Scan",
                  "Parent Relationship": "Outer",
                  "Parallel Aware": true,
                  "Relation Name": "movie_keyword",
                  "Alias": "mk",
                  "Startup Cost": 13923.93,
                  "Total Cost": 41024.91,
                  "Plan Rows": 211758,
                  "Plan Width": 0,
                  "Actual Startup Time": 38.783,
                  "Actual Total Time": 108.09,
                  "Actual Rows": 165270,
                  "Actual Loops": 4,
                  "Recheck Cond": "(keyword_id > 28439)",
                  "Rows Removed by Index Recheck": 0,
                  "Exact Heap Blocks": 10485,
                  "Lossy Heap Blocks": 0,
                  "Plans": [
                    {
                      "Node Type": "Bitmap Index Scan",
                      "Parent Relationship": "Outer",
                      "Parallel Aware": false,
                      "Index Name": "keyword_id_movie_keyword",
                      "Startup Cost": 0.0,
                      "Total Cost": 13759.82,
                      "Plan Rows": 656451,
                      "Plan Width": 0,
                      "Actual Startup Time": 39.785,
                      "Actual Total Time": 39.785,
                      "Actual Rows": 661078,
                      "Actual Loops": 1,
                      "Index Cond": "(keyword_id > 28439)"
                    }
                  ]
                }
              ]
            }
          ]
        }
      ]
    },
    "Planning Time": 0.086,
    "Triggers": [],
    "Execution Time": 128.8
  }
]