[
  {
    "Plan": {
      "Node Type": "Aggregate",
      "Strategy": "Plain",
      "Partial Mode": "Finalize",
      "Parallel Aware": false,
      "Startup Cost": 77405.89,
      "Total Cost": 77405.9,
      "Plan Rows": 1,
      "Plan Width": 8,
      "Actual Startup Time": 276.448,
      "Actual Total Time": 291.899,
      "Actual Rows": 1,
      "Actual Loops": 1,
      "Plans": [
        {
          "Node Type": "Gather",
          "Parent Relationship": "Outer",
          "Parallel Aware": false,
          "Startup Cost": 77405.57,
          "Total Cost": 77405.88,
          "Plan Rows": 3,
          "Plan Width": 8,
          "Actual Startup Time": 275.315,
          "Actual Total Time": 291.888,
          "Actual Rows": 4,
          "Actual Loops": 1,
          "Workers Planned": 3,
          "Workers Launched": 3,
          "Single Copy": false,
          "Plans": [
            {
              "Node Type": "Aggregate",
              "Strategy": "Plain",
              "Partial Mode": "Partial",
              "Parent Relationship": "Outer",
              "Parallel Aware": false,
              "Startup Cost": 76405.57,
              "Total Cost": 76405.58,
              "Plan Rows": 1,
              "Plan Width": 8,
              "Actual Startup Time": 266.73,
              "Actual Total Time": 266.733,
              "Actual Rows": 1,
              "Actual Loops": 4,
              "Plans": [
                {
                  "Node Type": "Hash Join",
                  "Parent Relationship": "Outer",
                  "Parallel Aware": true,
                  "Join Type": "Inner",
                  "Startup Cost": 45914.29,
                  "Total Cost": 76346.72,
                  "Plan Rows": 23538,
                  "Plan Width": 0,
                  "Actual Startup Time": 163.647,
                  "Actual Total Time": 263.821,
                  "Actual Rows": 58454,
                  "Actual Loops": 4,
                  "Inner Unique": true,
                  "Hash Cond": "(mc.movie_id = t.id)",
                  "Plans": [
                    {
                      "Node Type": "Seq Scan",
                      "Parent Relationship": "Outer",
                      "Parallel Aware": true,
                      "Relation Name": "movie_companies",
                      "Alias": "mc",
                      "Startup Cost": 0.0,
                      "Total Cost": 29310.68,
                      "Plan Rows": 427336,
                      "Plan Width": 4,
                      "Actual Startup Time": 33.222,
                      "Actual Total Time": 75.39,
                      "Actual Rows": 333721,
                      "Actual Loops": 4,
                      "Filter": "(company_type_id = 2)",
                      "Rows Removed by Filter": 318562
                    },
                    {
                      "Node Type": "Hash",
                      "Parent Relationship": "Inner",
                      "Parallel Aware": true,
                      "Startup Cost": 45479.1,
                      "Total Cost": 45479.1,
                      "Plan Rows": 34815,
                      "Plan Width": 4,
                      "Actual Startup Time": 127.568,
                      "Actual Total Time": 127.569,
                      "Actual Rows": 61411,
                      "Actual Loops": 4,
                      "Hash Buckets": 262144,
                      "Original Hash Buckets": 262144,
                      "Hash Batches": 1,
                      "Original Hash Batches": 1,
                      "Peak Memory Usage": 11744,
                      "Plans": [
                        {
                          "Node Type": "Seq Scan",
                          "Parent Relationship": "Outer",
                          "Parallel Aware": true,
                          "Relation Name": "title",
                          "Alias": "t",
                          "Startup Cost": 0.0,
                          "Total Cost": 45479.1,
                          "Plan Rows": 34815,
                          "Plan Width": 4,
                          "Actual Startup Time": 0.099,
                          "Actual Total Time": 106.069,
                          "Actual Rows": 61411,
                          "Actual Loops": 4,
                          "Filter": "((kind_id < 7) AND (production_year < 1970))",
                          "Rows Removed by Filter": 570667
                        }
                      ]
                    }
                  ]
                }
              ]
            }
          ]
        }
      ]
    },
    "Planning Time": 0.658,
    "Triggers": [],
    "Execution Time": 291.972
  }
]