[
  {
    "Plan": {
      "Node Type": "Aggregate",
      "Strategy": "Plain",
      "Partial Mode": "Finalize",
      "Parallel Aware": false,
      "Startup Cost": 33022.06,
      "Total Cost": 33022.07,
      "Plan Rows": 1,
      "Plan Width": 8,
      "Actual Startup Time": 88.72,
      "Actual Total Time": 95.713,
      "Actual Rows": 1,
      "Actual Loops": 1,
      "Plans": [
        {
          "Node Type": "Gather",
          "Parent Relationship": "Outer",
          "Parallel Aware": false,
          "Startup Cost": 33021.75,
          "Total Cost": 33022.06,
          "Plan Rows": 3,
          "Plan Width": 8,
          "Actual Startup Time": 88.607,
          "Actual Total Time": 95.704,
          "Actual Rows": 4,
          "Actual Loops": 1,
          "Workers Planned": 3,
          "Workers Launched": 3,
          "Single Copy": false,
          "Plans": [
            {
              "Node Type": "Aggregate",
              "Strategy": "Plain",
              "Partial Mode": "Partial",
              "Parent Relationship": "Outer",
              "Parallel Aware": false,
              "Startup Cost": 32021.75,
              "Total Cost": 32021.76,
              "Plan Rows": 1,
              "Plan Width": 8,
              "Actual Startup Time": 83.736,
              "Actual Total Time": 83.737,
              "Actual Rows": 1,
              "Actual Loops": 4,
              "Plans": [
                {
                  "Node Type": "Seq Scan",
                  "Parent Relationship": "Outer",
                  "Parallel Aware": true,
                  "Relation Name": "movie_companies",
                  "Alias": "mc",
                  "Startup Cost": 0.0,
                  "Total Cost": 31414.82,
                  "Plan Rows": 242771,
                  "Plan Width": 0,
                  "Actual Startup Time": 39.066,
                  "Actual Total Time": 73.794,
                  "Actual Rows": 240512,
                  "Actual Loops": 4,
                  "Filter": "((company_id > 8781) AND (company_type_id > 1))",
                  "Rows Removed by Filter": 411770
                }
              ]
            }
          ]
        }
      ]
    },
    "Planning Time": 0.124,
    "Triggers": [],
    "Execution Time": 95.747
  }
]