[
  {
    "Plan": {
      "Node Type": "Aggregate",
      "Strategy": "Plain",
      "Partial Mode": "Finalize",
      "Parallel Aware": false,
      "Startup Cost": 93866.73,
      "Total Cost": 93866.74,
      "Plan Rows": 1,
      "Plan Width": 8,
      "Actual Startup Time": 396.428,
      "Actual Total Time": 411.092,
      "Actual Rows": 1,
      "Actual Loops": 1,
      "Plans": [
        {
          "Node Type": "Gather",
          "Parent Relationship": "Outer",
          "Parallel Aware": false,
          "Startup Cost": 93866.41,
          "Total Cost": 93866.72,
          "Plan Rows": 3,
          "Plan Width": 8,
          "Actual Startup Time": 392.365,
          "Actual Total Time": 411.082,
          "Actual Rows": 4,
          "Actual Loops": 1,
          "Workers Planned": 3,
          "Workers Launched": 3,
          "Single Copy": false,
          "Plans": [
            {
              "Node Type": "Aggregate",
              "Strategy": "Plain",
              "Partial Mode": "Partial",
              "Parent Relationship": "Outer",
              "Parallel Aware": false,
              "Startup Cost": 92866.41,
              "Total Cost": 92866.42,
              "Plan Rows": 1,
              "Plan Width": 8,
              "Actual Startup Time": 385.379,
              "Actual Total Time": 385.381,
              "Actual Rows": 1,
              "Actual Loops": 4,
              "Plans": [
                {
                  "Node Type": "Hash Join",
                  "Parent Relationship": "Outer",
                  "Parallel Aware": true,
                  "Join Type": "Inner",
                  "Startup Cost": 46746.12,
                  "Total Cost": 91991.37,
                  "Plan Rows": 350014,
                  "Plan Width": 0,
                  "Actual Startup Time": 187.927,
                  "Actual Total Time": 378.282,
                  "Actual Rows": 171275,
                  "Actual Loops": 4,
                  "Inner Unique": true,
                  "Hash Cond": "(mk.movie_id = t.id)",
                  "Plans": [
                    {
                      "Node Type": "Seq Scan",
                      "Parent Relationship": "Outer",
                      "Parallel Aware": true,
                      "Relation Name": "movie_keyword",
                      "Alias": "mk",
                      "Startup Cost": 0.0,
                      "Total Cost": 42695.65,
                      "Plan Rows": 971278,
                      "Plan Width": 4,
                      "Actual Startup Time": 0.025,
                      "Actual Total Time": 106.54,
                      "Actual Rows": 750548,
                      "Actual Loops": 4,
                      "Filter": "(keyword_id < 10584)",
                      "Rows Removed by Filter": 380434
                    },
                    {
                      "Node Type": "Hash",
                      "Parent Relationship": "Inner",
                      "Parallel Aware": true,
                      "Startup Cost": 43898.92,
                      "Total Cost": 43898.92,
                      "Plan Rows": 227776,
                      "Plan Width": 4,
                      "Actual Startup Time": 183.28,
                      "Actual Total Time": 183.28,
                      "Actual Rows": 226123,
                      "Actual Loops": 4,
                      "Hash Buckets": 1048576,
                      "Original Hash Buckets": 1048576,
                      "Hash Batches": 1,
                      "Original Hash Batches": 1,
                      "Peak Memory Usage": 43648,
                      "Plans": [
                        {
                          "Node Type": "Seq Scan",
                          "Parent Relationship": "Outer",
                          "Parallel Aware": true,
                          "Relation Name": "title",
                          "Alias": "t",
                          "Startup Cost": 0.0,
                          "Total Cost": 43898.92,
                          "Plan Rows": 227776,
                          "Plan Width": 4,
                          "Actual Startup Time": 0.037,
                          "Actual Total Time": 103.45,
                          "Actual Rows": 226123,
                          "Actual Loops": 4,
                          "Filter": "(production_year > 2006)",
                          "Rows Removed by Filter": 405955
                        }
                      ]
                    }
                  ]
                }
              ]
            }
          ]
        }
      ]
    },
    "Planning Time": 0.534,
    "Triggers": [],
    "Execution Time": 411.155
  }
]