[
  {
    "Plan": {
      "Node Type": "Aggregate",
      "Strategy": "Plain",
      "Partial Mode": "Finalize",
      "Parallel Aware": false,
      "Startup Cost": 351332.68,
      "Total Cost": 351332.69,
      "Plan Rows": 1,
      "Plan Width": 8,
      "Actual Startup Time": 959.543,
      "Actual Total Time": 1031.579,
      "Actual Rows": 1,
      "Actual Loops": 1,
      "Plans": [
        {
          "Node Type": "Gather",
          "Parent Relationship": "Outer",
          "Parallel Aware": false,
          "Startup Cost": 351332.05,
          "Total Cost": 351332.66,
          "Plan Rows": 6,
          "Plan Width": 8,
          "Actual Startup Time": 959.416,
          "Actual Total Time": 1031.567,
          "Actual Rows": 7,
          "Actual Loops": 1,
          "Workers Planned": 6,
          "Workers Launched": 6,
          "Single Copy": false,
          "Plans": [
            {
              "Node Type": "Aggregate",
              "Strategy": "Plain",
              "Partial Mode": "Partial",
              "Parent Relationship": "Outer",
              "Parallel Aware": false,
              "Startup Cost": 350332.05,
              "Total Cost": 350332.06,
              "Plan Rows": 1,
              "Plan Width": 8,
              "Actual Startup Time": 950.3,
              "Actual Total Time": 950.302,
              "Actual Rows": 1,
              "Actual Loops": 7,
              "Plans": [
                {
                  "Node Type": "Seq Scan",
                  "Parent Relationship": "Outer",
                  "Parallel Aware": true,
                  "Relation Name": "cast_info",
                  "Alias": "ci",
                  "Startup Cost": 0.0,
                  "Total Cost": 343257.03,
                  "Plan Rows": 2830009,
                  "Plan Width": 0,
                  "Actual Startup Time": 0.051,
                  "Actual Total Time": 798.971,
                  "Actual Rows": 2874666,
                  "Actual Loops": 7,
                  "Filter": "((person_id < 3161528) AND (role_id < 3))",
                  "Rows Removed by Filter": 2303098
                }
              ]
            }
          ]
        }
      ]
    },
    "Planning Time": 0.224,
    "Triggers": [],
    "Execution Time": 1031.654
  }
]