[
  {
    "Plan": {
      "Node Type": "Aggregate",
      "Strategy": "Plain",
      "Partial Mode": "Finalize",
      "Parallel Aware": false,
      "Startup Cost": 117155.1,
      "Total Cost": 117155.11,
      "Plan Rows": 1,
      "Plan Width": 8,
      "Actual Startup Time": 755.269,
      "Actual Total Time": 775.083,
      "Actual Rows": 1,
      "Actual Loops": 1,
      "Plans": [
        {
          "Node Type": "Gather",
          "Parent Relationship": "Outer",
          "Parallel Aware": false,
          "Startup Cost": 117154.78,
          "Total Cost": 117155.09,
          "Plan Rows": 3,
          "Plan Width": 8,
          "Actual Startup Time": 748.304,
          "Actual Total Time": 775.07,
          "Actual Rows": 4,
          "Actual Loops": 1,
          "Workers Planned": 3,
          "Workers Launched": 3,
          "Single Copy": false,
          "Plans": [
            {
              "Node Type": "Aggregate",
              "Strategy": "Plain",
              "Partial Mode": "Partial",
              "Parent Relationship": "Outer",
              "Parallel Aware": false,
              "Startup Cost": 116154.78,
              "Total Cost": 116154.79,
              "Plan Rows": 1,
              "Plan Width": 8,
              "Actual Startup Time": 739.561,
              "Actual Total Time": 740.048,
              "Actual Rows": 1,
              "Actual Loops": 4,
              "Plans": [
                {
                  "Node Type": "Hash Join",
                  "Parent Relationship": "Outer",
                  "Parallel Aware": true,
                  "Join Type": "Inner",
                  "Startup Cost": 66289.18,
                  "Total Cost": 115304.16,
                  "Plan Rows": 340248,
                  "Plan Width": 0,
                  "Actual Startup Time": 417.201,
                  "Actual Total Time": 704.349,
                  "Actual Rows": 733800,
                  "Actual Loops": 4,
                  "Inner Unique": false,
                  "Hash Cond": "(mk.movie_id = t.id)",
                  "Plans": [
                    {
                      "Node Type": "Seq Scan",
                      "Parent Relationship": "Outer",
                      "Parallel Aware": true,
                      "Relation Name": "movie_keyword",
                      "Alias": "mk",
                      "Startup Cost": 0.0,
                      "Total Cost": 42695.65,
                      "Plan Rows": 1307102,
                      "Plan Width": 4,
                      "Actual Startup Time": 0.045,
                      "Actual Total Time": 131.706,
                      "Actual Rows": 1015867,
                      "Actual Loops": 4,
                      "Filter": "(keyword_id < 38564)",
                      "Rows Removed by Filter": 115116
                    },
                    {
                      "Node Type": "Hash",
                      "Parent Relationship": "Inner",
                      "Parallel Aware": true,
                      "Startup Cost": 62861.4,
                      "Total Cost": 62861.4,
                      "Plan Rows": 274222,
                      "Plan Width": 8,
                      "Actual Startup Time": 411.913,
                      "Actual Total Time": 412.398,
                      "Actual Rows": 134931,
                      "Actual Loops": 4,
                      "Hash Buckets": 1048576,
                      "Original Hash Buckets": 1048576,
                      "Hash Batches": 1,
                      "Original Hash Batches": 1,
                      "Peak Memory Usage": 29376,
                      "Plans": [
                        {
                          "Node Type": "Hash Join",
                          "Parent Relationship": "Outer",
                          "Parallel Aware": true,
                          "Join Type": "Inner",
                          "Startup Cost": 47666.84,
                          "Total Cost": 62861.4,
                          "Plan Rows": 274222,
                          "Plan Width": 8,
                          "Actual Startup Time": 256.627,
                          "Actual Total Time": 369.263,
                          "Actual Rows": 134931,
                          "Actual Loops": 4,
                          "Inner Unique": true,
                          "Hash Cond": "(mi_idx.movie_id = t.id)",
                          "Plans": [
                            {
                              "Node Type": "Seq Scan",
                              "Parent Relationship": "Outer",
                              "Parallel Aware": true,
                              "Relation Name": "movie_info_idx",
                              "Alias": "mi_idx",
                              "Startup Cost": 0.0,
                              "Total Cost": 13685.15,
                              "Plan Rows": 575015,
                              "Plan Width": 4,
                              "Actual Startup Time": 0.026,
                              "Actual Total Time": 34.24,
                              "Actual Rows": 345009,
                              "Actual Loops": 4
                            },
                            {
                              "Node Type": "Hash",
                              "Parent Relationship": "Inner",
                              "Parallel Aware": true,
                              "Startup Cost": 43898.92,
                              "Total Cost": 43898.92,
                              "Plan Rows": 301434,
                              "Plan Width": 4,
                              "Actual Startup Time": 251.79,
                              "Actual Total Time": 251.791,
                              "Actual Rows": 298130,
                              "Actual Loops": 4,
                              "Hash Buckets": 2097152,
                              "Original Hash Buckets": 2097152,
                              "Hash Batches": 1,
                              "Original Hash Batches": 1,
                              "Peak Memory Usage": 63104,
                              "Plans": [
                                {
                                  "Node Type": "Seq Scan",
                                  "Parent Relationship": "Outer",
                                  "Parallel Aware": true,
                                  "Relation Name": "title",
                                  "Alias": "t",
                                  "Startup Cost": 0.0,
                                  "Total Cost": 43898.92,
                                  "Plan Rows": 301434,
                                  "Plan Width": 4,
                                  "Actual Startup Time": 0.046,
                                  "Actual Total Time": 121.849,
                                  "Actual Rows": 298130,
                                  "Actual Loops": 4,
                                  "Filter": "(production_year > 2003)",
                                  "Rows Removed by Filter": 333948
                                }
                              ]
                            }
                          ]
                        }
                      ]
                    }
                  ]
                }
              ]
            }
          ]
        }
      ]
    },
    "Planning Time": 1.283,
    "Triggers": [],
    "Execution Time": 775.164
  }
]