[
  {
    "Plan": {
      "Node Type": "Aggregate",
      "Strategy": "Plain",
      "Partial Mode": "Finalize",
      "Parallel Aware": false,
      "Startup Cost": 121025.02,
      "Total Cost": 121025.03,
      "Plan Rows": 1,
      "Plan Width": 8,
      "Actual Startup Time": 676.309,
      "Actual Total Time": 696.564,
      "Actual Rows": 1,
      "Actual Loops": 1,
      "Plans": [
        {
          "Node Type": "Gather",
          "Parent Relationship": "Outer",
          "Parallel Aware": false,
          "Startup Cost": 121024.7,
          "Total Cost": 121025.01,
          "Plan Rows": 3,
          "Plan Width": 8,
          "Actual Startup Time": 664.259,
          "Actual Total Time": 696.553,
          "Actual Rows": 4,
          "Actual Loops": 1,
          "Workers Planned": 3,
          "Workers Launched": 3,
          "Single Copy": false,
          "Plans": [
            {
              "Node Type": "Aggregate",
              "Strategy": "Plain",
              "Partial Mode": "Partial",
              "Parent Relationship": "Outer",
              "Parallel Aware": false,
              "Startup Cost": 120024.7,
              "Total Cost": 120024.71,
              "Plan Rows": 1,
              "Plan Width": 8,
              "Actual Startup Time": 654.045,
              "Actual Total Time": 654.054,
              "Actual Rows": 1,
              "Actual Loops": 4,
              "Plans": [
                {
                  "Node Type": "Hash Join",
                  "Parent Relationship": "Outer",
                  "Parallel Aware": true,
                  "Join Type": "Inner",
                  "Startup Cost": 74713.32,
                  "Total Cost": 119959.09,
                  "Plan Rows": 26245,
                  "Plan Width": 0,
                  "Actual Startup Time": 505.788,
                  "Actual Total Time": 644.795,
                  "Actual Rows": 180338,
                  "Actual Loops": 4,
                  "Inner Unique": false,
                  "Hash Cond": "(mk.movie_id = t.id)",
                  "Plans": [
                    {
                      "Node Type": "Seq Scan",
                      "Parent Relationship": "Outer",
                      "Parallel Aware": true,
                      "Relation Name": "movie_keyword",
                      "Alias": "mk",
                      "Startup Cost": 0.0,
                      "Total Cost": 42695.65,
                      "Plan Rows": 657455,
                      "Plan Width": 4,
                      "Actual Startup Time": 0.404,
                      "Actual Total Time": 117.729,
                      "Actual Rows": 505122,
                      "Actual Loops": 4,
                      "Filter": "(keyword_id > 6122)",
                      "Rows Removed by Filter": 625861
                    },
                    {
                      "Node Type": "Hash",
                      "Parent Relationship": "Inner",
                      "Parallel Aware": true,
                      "Startup Cost": 74306.33,
                      "Total Cost": 74306.33,
                      "Plan Rows": 32559,
                      "Plan Width": 8,
                      "Actual Startup Time": 459.192,
                      "Actual Total Time": 459.199,
                      "Actual Rows": 48532,
                      "Actual Loops": 4,
                      "Hash Buckets": 262144,
                      "Original Hash Buckets": 131072,
                      "Hash Batches": 1,
                      "Original Hash Batches": 1,
                      "Peak Memory Usage": 10720,
                      "Plans": [
                        {
                          "Node Type": "Hash Join",
                          "Parent Relationship": "Outer",
                          "Parallel Aware": true,
                          "Join Type": "Inner",
                          "Startup Cost": 54475.25,
                          "Total Cost": 74306.33,
                          "Plan Rows": 32559,
                          "Plan Width": 8,
                          "Actual Startup Time": 394.736,
                          "Actual Total Time": 435.068,
                          "Actual Rows": 48532,
                          "Actual Loops": 4,
                          "Inner Unique": true,
                          "Hash Cond": "(mc.movie_id = t.id)",
                          "Plans": [
                            {
                              "Node Type": "Bitmap Heap Scan",
                              "Parent Relationship": "Outer",
                              "Parallel Aware": true,
                              "Relation Name": "movie_companies",
                              "Alias": "mc",
                              "Startup Cost": 4254.87,
                              "Total Cost": 24000.48,
                              "Plan Rows": 32559,
                              "Plan Width": 4,
                              "Actual Startup Time": 13.238,
                              "Actual Total Time": 29.614,
                              "Actual Rows": 48532,
                              "Actual Loops": 4,
                              "Recheck Cond": "(company_id > 115364)",
                              "Rows Removed by Index Recheck": 0,
                              "Filter": "(company_type_id = 2)",
                              "Rows Removed by Filter": 0,
                              "Exact Heap Blocks": 1292,
                              "Lossy Heap Blocks": 0,
                              "Plans": [
                                {
                                  "Node Type": "Bitmap Index Scan",
                                  "Parent Relationship": "Outer",
                                  "Parallel Aware": false,
                                  "Index Name": "company_id_movie_companies",
                                  "Startup Cost": 0.0,
                                  "Total Cost": 4229.64,
                                  "Plan Rows": 197494,
                                  "Plan Width": 0,
                                  "Actual Startup Time": 12.182,
                                  "Actual Total Time": 12.182,
                                  "Actual Rows": 194130,
                                  "Actual Loops": 1,
                                  "Index Cond": "(company_id > 115364)"
                                }
                              ]
                            },
                            {
                              "Node Type": "Hash",
                              "Parent Relationship": "Inner",
                              "Parallel Aware": true,
                              "Startup Cost": 42319.06,
                              "Total Cost": 42319.06,
                              "Plan Rows": 632106,
                              "Plan Width": 4,
                              "Actual Startup Time": 371.432,
                              "Actual Total Time": 371.436,
                              "Actual Rows": 632078,
                              "Actual Loops": 4,
                              "Hash Buckets": 4194304,
                              "Original Hash Buckets": 4194304,
                              "Hash Batches": 1,
                              "Original Hash Batches": 1,
                              "Peak Memory Usage": 131744,
                              "Plans": [
                                {
                                  "Node Type": "Seq Scan",
                                  "Parent Relationship": "Outer",
                                  "Parallel Aware": true,
                                  "Relation Name": "title",
                                  "Alias": "t",
                                  "Startup Cost": 0.0,
                                  "Total Cost": 42319.06,
                                  "Plan Rows": 632106,
                                  "Plan Width": 4,
                                  "Actual Startup Time": 0.051,
                                  "Actual Total Time": 109.649,
                                  "Actual Rows": 632078,
                                  "Actual Loops": 4
                                }
                              ]
                            }
                          ]
                        }
                      ]
                    }
                  ]
                }
              ]
            }
          ]
        }
      ]
    },
    "Planning Time": 1.232,
    "Triggers": [],
    "Execution Time": 696.655
  }
]