[
  {
    "Plan": {
      "Node Type": "Aggregate",
      "Strategy": "Plain",
      "Partial Mode": "Finalize",
      "Parallel Aware": false,
      "Startup Cost": 111774.5,
      "Total Cost": 111774.51,
      "Plan Rows": 1,
      "Plan Width": 8,
      "Actual Startup Time": 412.604,
      "Actual Total Time": 434.605,
      "Actual Rows": 1,
      "Actual Loops": 1,
      "Plans": [
        {
          "Node Type": "Gather",
          "Parent Relationship": "Outer",
          "Parallel Aware": false,
          "Startup Cost": 111774.08,
          "Total Cost": 111774.49,
          "Plan Rows": 4,
          "Plan Width": 8,
          "Actual Startup Time": 411.264,
          "Actual Total Time": 434.596,
          "Actual Rows": 5,
          "Actual Loops": 1,
          "Workers Planned": 4,
          "Workers Launched": 4,
          "Single Copy": false,
          "Plans": [
            {
              "Node Type": "Aggregate",
              "Strategy": "Plain",
              "Partial Mode": "Partial",
              "Parent Relationship": "Outer",
              "Parallel Aware": false,
              "Startup Cost": 110774.08,
              "Total Cost": 110774.09,
              "Plan Rows": 1,
              "Plan Width": 8,
              "Actual Startup Time": 401.055,
              "Actual Total Time": 401.111,
              "Actual Rows": 1,
              "Actual Loops": 5,
              "Plans": [
                {
                  "Node Type": "Nested Loop",
                  "Parent Relationship": "Outer",
                  "Parallel Aware": false,
                  "Join Type": "Inner",
                  "Startup Cost": 24470.15,
                  "Total Cost": 110723.29,
                  "Plan Rows": 20315,
                  "Plan Width": 0,
                  "Actual Startup Time": 161.412,
                  "Actual Total Time": 393.924,
                  "Actual Rows": 144270,
                  "Actual Loops": 5,
                  "Inner Unique": false,
                  "Plans": [
                    {
                      "Node Type": "Hash Join",
                      "Parent Relationship": "Outer",
                      "Parallel Aware": true,
                      "Join Type": "Inner",
                      "Startup Cost": 24469.72,
                      "Total Cost": 70030.61,
                      "Plan Rows": 25358,
                      "Plan Width": 8,
                      "Actual Startup Time": 159.897,
                      "Actual Total Time": 223.276,
                      "Actual Rows": 38826,
                      "Actual Loops": 5,
                      "Inner Unique": false,
                      "Hash Cond": "(t.id = mc.movie_id)",
                      "Plans": [
                        {
                          "Node Type": "Seq Scan",
                          "Parent Relationship": "Outer",
                          "Parallel Aware": true,
                          "Relation Name": "title",
                          "Alias": "t",
                          "Startup Cost": 0.0,
                          "Total Cost": 42318.73,
                          "Plan Rows": 632073,
                          "Plan Width": 4,
                          "Actual Startup Time": 0.013,
                          "Actual Total Time": 66.528,
                          "Actual Rows": 505662,
                          "Actual Loops": 5
                        },
                        {
                          "Node Type": "Hash",
                          "Parent Relationship": "Inner",
                          "Parallel Aware": true,
                          "Startup Cost": 24060.72,
                          "Total Cost": 24060.72,
                          "Plan Rows": 32720,
                          "Plan Width": 4,
                          "Actual Startup Time": 61.176,
                          "Actual Total Time": 61.178,
                          "Actual Rows": 38826,
                          "Actual Loops": 5,
                          "Hash Buckets": 262144,
                          "Original Hash Buckets": 131072,
                          "Hash Batches": 1,
                          "Original Hash Batches": 1,
                          "Peak Memory Usage": 10720,
                          "Plans": [
                            {
                              "Node Type": "Bitmap Heap Scan",
                              "Parent Relationship": "Outer",
                              "Parallel Aware": true,
                              "Relation Name": "movie_companies",
                              "Alias": "mc",
                              "Startup Cost": 4304.08,
                              "Total Cost": 24060.72,
                              "Plan Rows": 32720,
                              "Plan Width": 4,
                              "Actual Startup Time": 15.672,
                              "Actual Total Time": 40.879,
                              "Actual Rows": 38826,
                              "Actual Loops": 5,
                              "Recheck Cond": "(company_id > 115364)",
                              "Rows Removed by Index Recheck": 0,
                              "Filter": "(company_type_id = 2)",
                              "Rows Removed by Filter": 0,
                              "Exact Heap Blocks": 1844,
                              "Lossy Heap Blocks": 0,
                              "Plans": [
                                {
                                  "Node Type": "Bitmap Index Scan",
                                  "Parent Relationship": "Outer",
                                  "Parallel Aware": false,
                                  "Index Name": "company_id_movie_companies",
                                  "Startup Cost": 0.0,
                                  "Total Cost": 4278.72,
                                  "Plan Rows": 199772,
                                  "Plan Width": 0,
                                  "Actual Startup Time": 19.553,
                                  "Actual Total Time": 19.553,
                                  "Actual Rows": 194130,
                                  "Actual Loops": 1,
                                  "Index Cond": "(company_id > 115364)"
                                }
                              ]
                            }
                          ]
                        }
                      ]
                    },
                    {
                      "Node Type": "Index Scan",
                      "Parent Relationship": "Inner",
                      "Parallel Aware": false,
                      "Scan Direction": "Forward",
                      "Index Name": "movie_id_movie_keyword",
                      "Relation Name": "movie_keyword",
                      "Alias": "mk",
                      "Startup Cost": 0.43,
                      "Total Cost": 1.4,
                      "Plan Rows": 20,
                      "Plan Width": 4,
                      "Actual Startup Time": 0.003,
                      "Actual Total Time": 0.004,
                      "Actual Rows": 4,
                      "Actual Loops": 194130,
                      "Index Cond": "(movie_id = t.id)",
                      "Rows Removed by Index Recheck": 0,
                      "Filter": "(keyword_id > 6122)",
                      "Rows Removed by Filter": 5
                    }
                  ]
                }
              ]
            }
          ]
        }
      ]
    },
    "Planning Time": 1.459,
    "Triggers": [],
    "Execution Time": 434.776
  }
]