[
  {
    "Plan": {
      "Node Type": "Aggregate",
      "Strategy": "Plain",
      "Partial Mode": "Finalize",
      "Parallel Aware": false,
      "Startup Cost": 45017.73,
      "Total Cost": 45017.74,
      "Plan Rows": 1,
      "Plan Width": 8,
      "Actual Startup Time": 138.085,
      "Actual Total Time": 146.014,
      "Actual Rows": 1,
      "Actual Loops": 1,
      "Plans": [
        {
          "Node Type": "Gather",
          "Parent Relationship": "Outer",
          "Parallel Aware": false,
          "Startup Cost": 45017.42,
          "Total Cost": 45017.73,
          "Plan Rows": 3,
          "Plan Width": 8,
          "Actual Startup Time": 137.964,
          "Actual Total Time": 146.007,
          "Actual Rows": 4,
          "Actual Loops": 1,
          "Workers Planned": 3,
          "Workers Launched": 3,
          "Single Copy": false,
          "Plans": [
            {
              "Node Type": "Aggregate",
              "Strategy": "Plain",
              "Partial Mode": "Partial",
              "Parent Relationship": "Outer",
              "Parallel Aware": false,
              "Startup Cost": 44017.42,
              "Total Cost": 44017.43,
              "Plan Rows": 1,
              "Plan Width": 8,
              "Actual Startup Time": 129.728,
              "Actual Total Time": 129.729,
              "Actual Rows": 1,
              "Actual Loops": 4,
              "Plans": [
                {
                  "Node Type": "Seq Scan",
                  "Parent Relationship": "Outer",
                  "Parallel Aware": true,
                  "Relation Name": "movie_keyword",
                  "Alias": "mk",
                  "Startup Cost": 0.0,
                  "Total Cost": 42695.65,
                  "Plan Rows": 528705,
                  "Plan Width": 0,
                  "Actual Startup Time": 0.059,
                  "Actual Total Time": 109.713,
                  "Actual Rows": 412778,
                  "Actual Loops": 4,
                  "Filter": "(keyword_id < 2519)",
                  "Rows Removed by Filter": 718204
                }
              ]
            }
          ]
        }
      ]
    },
    "Planning Time": 0.159,
    "Triggers": [],
    "Execution Time": 146.064
  }
]