{
  "Plan": {
    "Node Type": "Aggregate",
    "Strategy": "Plain",
    "Partial Mode": "Finalize",
    "Parallel Aware": false,
    "Startup Cost": 275733.91,
    "Total Cost": 275733.92,
    "Plan Rows": 1,
    "Plan Width": 8,
    "Actual Startup Time": 1437.89,
    "Actual Total Time": 1507.03,
    "Actual Rows": 1,
    "Actual Loops": 1,
    "Plans": [
      {
        "Node Type": "Gather",
        "Parent Relationship": "Outer",
        "Parallel Aware": false,
        "Startup Cost": 275733.79,
        "Total Cost": 275733.9,
        "Plan Rows": 1,
        "Plan Width": 8,
        "Actual Startup Time": 1437.444,
        "Actual Total Time": 1507.02,
        "Actual Rows": 2,
        "Actual Loops": 1,
        "Workers Planned": 1,
        "Workers Launched": 1,
        "Single Copy": false,
        "Plans": [
          {
            "Node Type": "Aggregate",
            "Strategy": "Plain",
            "Partial Mode": "Partial",
            "Parent Relationship": "Outer",
            "Parallel Aware": false,
            "Startup Cost": 274733.79,
            "Total Cost": 274733.8,
            "Plan Rows": 1,
            "Plan Width": 8,
            "Actual Startup Time": 1431.049,
            "Actual Total Time": 1431.054,
            "Actual Rows": 1,
            "Actual Loops": 2,
            "Plans": [
              {
                "Node Type": "Nested Loop",
                "Parent Relationship": "Outer",
                "Parallel Aware": false,
                "Join Type": "Inner",
                "Startup Cost": 57464.65,
                "Total Cost": 274719.52,
                "Plan Rows": 5708,
                "Plan Width": 0,
                "Actual Startup Time": 247.314,
                "Actual Total Time": 1430.105,
                "Actual Rows": 7140,
                "Actual Loops": 2,
                "Inner Unique": false,
                "Join Filter": "(t.id = ci.movie_id)",
                "Rows Removed by Join Filter": 0,
                "Plans": [
                  {
                    "Node Type": "Hash Join",
                    "Parent Relationship": "Outer",
                    "Parallel Aware": true,
                    "Join Type": "Inner",
                    "Startup Cost": 57464.09,
                    "Total Cost": 76258.21,
                    "Plan Rows": 41945,
                    "Plan Width": 8,
                    "Actual Startup Time": 247.069,
                    "Actual Total Time": 415.2,
                    "Actual Rows": 21925,
                    "Actual Loops": 2,
                    "Inner Unique": true,
                    "Hash Cond": "(mi_idx.movie_id = t.id)",
                    "Plans": [
                      {
                        "Node Type": "Seq Scan",
                        "Parent Relationship": "Outer",
                        "Parallel Aware": true,
                        "Relation Name": "movie_info_idx",
                        "Alias": "mi_idx",
                        "Startup Cost": 0.0,
                        "Total Cost": 18082.32,
                        "Plan Rows": 271164,
                        "Plan Width": 4,
                        "Actual Startup Time": 0.023,
                        "Actual Total Time": 66.364,
                        "Actual Rows": 230092,
                        "Actual Loops": 2,
                        "Filter": "(info_type_id > 100)",
                        "Rows Removed by Filter": 459925
                      },
                      {
                        "Node Type": "Hash",
                        "Parent Relationship": "Inner",
                        "Parallel Aware": true,
                        "Startup Cost": 54588.39,
                        "Total Cost": 54588.39,
                        "Plan Rows": 230056,
                        "Plan Width": 4,
                        "Actual Startup Time": 241.02,
                        "Actual Total Time": 241.021,
                        "Actual Rows": 195833,
                        "Actual Loops": 2,
                        "Hash Buckets": 524288,
                        "Original Hash Buckets": 524288,
                        "Hash Batches": 1,
                        "Original Hash Batches": 1,
                        "Peak Memory Usage": 19456,
                        "Plans": [
                          {
                            "Node Type": "Seq Scan",
                            "Parent Relationship": "Outer",
                            "Parallel Aware": true,
                            "Relation Name": "title",
                            "Alias": "t",
                            "Startup Cost": 0.0,
                            "Total Cost": 54588.39,
                            "Plan Rows": 230056,
                            "Plan Width": 4,
                            "Actual Startup Time": 0.031,
                            "Actual Total Time": 170.68,
                            "Actual Rows": 195833,
                            "Actual Loops": 2,
                            "Filter": "(production_year > 2010)",
                            "Rows Removed by Filter": 1068323
                          }
                        ]
                      }
                    ]
                  },
                  {
                    "Node Type": "Index Scan",
                    "Parent Relationship": "Inner",
                    "Parallel Aware": false,
                    "Scan Direction": "Forward",
                    "Index Name": "movie_id_cast_info",
                    "Relation Name": "cast_info",
                    "Alias": "ci",
                    "Startup Cost": 0.56,
                    "Total Cost": 4.72,
                    "Plan Rows": 1,
                    "Plan Width": 4,
                    "Actual Startup Time": 0.033,
                    "Actual Total Time": 0.046,
                    "Actual Rows": 0,
                    "Actual Loops": 43850,
                    "Index Cond": "(movie_id = mi_idx.movie_id)",
                    "Rows Removed by Index Recheck": 0,
                    "Filter": "((person_id < 48075) AND (role_id < 8))",
                    "Rows Removed by Filter": 34
                  }
                ]
              }
            ]
          }
        ]
      }
    ]
  },
  "Planning Time": 0.889,
  "Triggers": [],
  "Execution Time": 1507.131
}