{
  "Plan": {
    "Node Type": "Aggregate",
    "Strategy": "Plain",
    "Partial Mode": "Simple",
    "Parallel Aware": false,
    "Startup Cost": 34475.24,
    "Total Cost": 34475.25,
    "Plan Rows": 1,
    "Plan Width": 64,
    "Actual Startup Time": 1780.537,
    "Actual Total Time": 1780.542,
    "Actual Rows": 1,
    "Actual Loops": 1,
    "Plans": [
      {
        "Node Type": "Hash Join",
        "Parent Relationship": "Outer",
        "Parallel Aware": false,
        "Join Type": "Inner",
        "Startup Cost": 7589.89,
        "Total Cost": 34475.24,
        "Plan Rows": 1,
        "Plan Width": 23,
        "Actual Startup Time": 43.806,
        "Actual Total Time": 1779.956,
        "Actual Rows": 3738,
        "Actual Loops": 1,
        "Inner Unique": true,
        "Hash Cond": "(mk.keyword_id = k.id)",
        "Plans": [
          {
            "Node Type": "Nested Loop",
            "Parent Relationship": "Outer",
            "Parallel Aware": false,
            "Join Type": "Inner",
            "Startup Cost": 4963.6,
            "Total Cost": 31827.2,
            "Plan Rows": 8288,
            "Plan Width": 27,
            "Actual Startup Time": 17.117,
            "Actual Total Time": 1647.39,
            "Actual Rows": 1817615,
            "Actual Loops": 1,
            "Inner Unique": false,
            "Plans": [
              {
                "Node Type": "Nested Loop",
                "Parent Relationship": "Outer",
                "Parallel Aware": false,
                "Join Type": "Inner",
                "Startup Cost": 4963.17,
                "Total Cost": 23449.71,
                "Plan Rows": 4632,
                "Plan Width": 31,
                "Actual Startup Time": 17.106,
                "Actual Total Time": 897.368,
                "Actual Rows": 269065,
                "Actual Loops": 1,
                "Inner Unique": true,
                "Plans": [
                  {
                    "Node Type": "Nested Loop",
                    "Parent Relationship": "Outer",
                    "Parallel Aware": false,
                    "Join Type": "Inner",
                    "Startup Cost": 4962.74,
                    "Total Cost": 18650.57,
                    "Plan Rows": 7125,
                    "Plan Width": 10,
                    "Actual Startup Time": 17.088,
                    "Actual Total Time": 137.714,
                    "Actual Rows": 448969,
                    "Actual Loops": 1,
                    "Inner Unique": false,
                    "Plans": [
                      {
                        "Node Type": "Seq Scan",
                        "Parent Relationship": "Outer",
                        "Parallel Aware": false,
                        "Relation Name": "info_type",
                        "Alias": "it",
                        "Startup Cost": 0.0,
                        "Total Cost": 2.41,
                        "Plan Rows": 1,
                        "Plan Width": 4,
                        "Actual Startup Time": 0.017,
                        "Actual Total Time": 0.024,
                        "Actual Rows": 1,
                        "Actual Loops": 1,
                        "Filter": "((info)::text = 'rating'::text)",
                        "Rows Removed by Filter": 112
                      },
                      {
                        "Node Type": "Bitmap Heap Scan",
                        "Parent Relationship": "Inner",
                        "Parallel Aware": false,
                        "Relation Name": "movie_info_idx",
                        "Alias": "mi_idx",
                        "Startup Cost": 4962.74,
                        "Total Cost": 17037.84,
                        "Plan Rows": 161031,
                        "Plan Width": 14,
                        "Actual Startup Time": 17.063,
                        "Actual Total Time": 103.438,
                        "Actual Rows": 448969,
                        "Actual Loops": 1,
                        "Recheck Cond": "(info_type_id = it.id)",
                        "Rows Removed by Index Recheck": 0,
                        "Filter": "(info > '2.0'::text)",
                        "Rows Removed by Filter": 10956,
                        "Exact Heap Blocks": 7934,
                        "Lossy Heap Blocks": 0,
                        "Plans": [
                          {
                            "Node Type": "Bitmap Index Scan",
                            "Parent Relationship": "Outer",
                            "Parallel Aware": false,
                            "Index Name": "info_type_id_movie_info_idx",
                            "Startup Cost": 0.0,
                            "Total Cost": 4922.48,
                            "Plan Rows": 276007,
                            "Plan Width": 0,
                            "Actual Startup Time": 16.023,
                            "Actual Total Time": 16.023,
                            "Actual Rows": 459925,
                            "Actual Loops": 1,
                            "Index Cond": "(info_type_id = it.id)"
                          }
                        ]
                      }
                    ]
                  },
                  {
                    "Node Type": "Index Scan",
                    "Parent Relationship": "Inner",
                    "Parallel Aware": false,
                    "Scan Direction": "Forward",
                    "Index Name": "title_pkey",
                    "Relation Name": "title",
                    "Alias": "t",
                    "Startup Cost": 0.43,
                    "Total Cost": 0.67,
                    "Plan Rows": 1,
                    "Plan Width": 21,
                    "Actual Startup Time": 0.001,
                    "Actual Total Time": 0.001,
                    "Actual Rows": 1,
                    "Actual Loops": 448969,
                    "Index Cond": "(id = mi_idx.movie_id)",
                    "Rows Removed by Index Recheck": 0,
                    "Filter": "(production_year > 1994)",
                    "Rows Removed by Filter": 0
                  }
                ]
              },
              {
                "Node Type": "Index Scan",
                "Parent Relationship": "Inner",
                "Parallel Aware": false,
                "Scan Direction": "Forward",
                "Index Name": "movie_id_movie_keyword",
                "Relation Name": "movie_keyword",
                "Alias": "mk",
                "Startup Cost": 0.43,
                "Total Cost": 1.35,
                "Plan Rows": 46,
                "Plan Width": 8,
                "Actual Startup Time": 0.001,
                "Actual Total Time": 0.002,
                "Actual Rows": 7,
                "Actual Loops": 269065,
                "Index Cond": "(movie_id = t.id)",
                "Rows Removed by Index Recheck": 0
              }
            ]
          },
          {
            "Node Type": "Hash",
            "Parent Relationship": "Inner",
            "Parallel Aware": false,
            "Startup Cost": 2626.12,
            "Total Cost": 2626.12,
            "Plan Rows": 13,
            "Plan Width": 4,
            "Actual Startup Time": 25.597,
            "Actual Total Time": 25.597,
            "Actual Rows": 30,
            "Actual Loops": 1,
            "Hash Buckets": 1024,
            "Original Hash Buckets": 1024,
            "Hash Batches": 1,
            "Original Hash Batches": 1,
            "Peak Memory Usage": 10,
            "Plans": [
              {
                "Node Type": "Seq Scan",
                "Parent Relationship": "Outer",
                "Parallel Aware": false,
                "Relation Name": "keyword",
                "Alias": "k",
                "Startup Cost": 0.0,
                "Total Cost": 2626.12,
                "Plan Rows": 13,
                "Plan Width": 4,
                "Actual Startup Time": 1.308,
                "Actual Total Time": 25.573,
                "Actual Rows": 30,
                "Actual Loops": 1,
                "Filter": "(keyword ~~ '%sequel%'::text)",
                "Rows Removed by Filter": 134140
              }
            ]
          }
        ]
      }
    ]
  },
  "Planning Time": 0.724,
  "Triggers": [],
  "Execution Time": 1780.626
}