{
  "Plan": {
    "Node Type": "Aggregate",
    "Strategy": "Plain",
    "Partial Mode": "Finalize",
    "Parallel Aware": false,
    "Startup Cost": 220311.11,
    "Total Cost": 220311.12,
    "Plan Rows": 1,
    "Plan Width": 8,
    "Actual Startup Time": 660.68,
    "Actual Total Time": 683.526,
    "Actual Rows": 1,
    "Actual Loops": 1,
    "Plans": [
      {
        "Node Type": "Gather",
        "Parent Relationship": "Outer",
        "Parallel Aware": false,
        "Startup Cost": 220310.99,
        "Total Cost": 220311.1,
        "Plan Rows": 1,
        "Plan Width": 8,
        "Actual Startup Time": 659.059,
        "Actual Total Time": 683.515,
        "Actual Rows": 2,
        "Actual Loops": 1,
        "Workers Planned": 1,
        "Workers Launched": 1,
        "Single Copy": false,
        "Plans": [
          {
            "Node Type": "Aggregate",
            "Strategy": "Plain",
            "Partial Mode": "Partial",
            "Parent Relationship": "Outer",
            "Parallel Aware": false,
            "Startup Cost": 219310.99,
            "Total Cost": 219311.0,
            "Plan Rows": 1,
            "Plan Width": 8,
            "Actual Startup Time": 653.029,
            "Actual Total Time": 653.034,
            "Actual Rows": 1,
            "Actual Loops": 2,
            "Plans": [
              {
                "Node Type": "Nested Loop",
                "Parent Relationship": "Outer",
                "Parallel Aware": false,
                "Join Type": "Inner",
                "Startup Cost": 84314.89,
                "Total Cost": 218933.83,
                "Plan Rows": 150867,
                "Plan Width": 0,
                "Actual Startup Time": 356.617,
                "Actual Total Time": 648.88,
                "Actual Rows": 70860,
                "Actual Loops": 2,
                "Inner Unique": false,
                "Join Filter": "(t.id = mc.movie_id)",
                "Rows Removed by Join Filter": 0,
                "Plans": [
                  {
                    "Node Type": "Hash Join",
                    "Parent Relationship": "Outer",
                    "Parallel Aware": true,
                    "Join Type": "Inner",
                    "Startup Cost": 84314.46,
                    "Total Cost": 117758.85,
                    "Plan Rows": 146193,
                    "Plan Width": 8,
                    "Actual Startup Time": 356.486,
                    "Actual Total Time": 564.429,
                    "Actual Rows": 27518,
                    "Actual Loops": 2,
                    "Inner Unique": true,
                    "Hash Cond": "(mk.movie_id = t.id)",
                    "Plans": [
                      {
                        "Node Type": "Bitmap Heap Scan",
                        "Parent Relationship": "Outer",
                        "Parallel Aware": true,
                        "Relation Name": "movie_keyword",
                        "Alias": "mk",
                        "Startup Cost": 21435.73,
                        "Total Cost": 53319.8,
                        "Plan Rows": 594406,
                        "Plan Width": 4,
                        "Actual Startup Time": 88.354,
                        "Actual Total Time": 199.962,
                        "Actual Rows": 506604,
                        "Actual Loops": 2,
                        "Recheck Cond": "(keyword_id < 983)",
                        "Rows Removed by Index Recheck": 0,
                        "Exact Heap Blocks": 11062,
                        "Lossy Heap Blocks": 0,
                        "Plans": [
                          {
                            "Node Type": "Bitmap Index Scan",
                            "Parent Relationship": "Outer",
                            "Parallel Aware": false,
                            "Index Name": "keyword_id_movie_keyword",
                            "Startup Cost": 0.0,
                            "Total Cost": 21183.11,
                            "Plan Rows": 1010490,
                            "Plan Width": 0,
                            "Actual Startup Time": 82.41,
                            "Actual Total Time": 82.411,
                            "Actual Rows": 1013208,
                            "Actual Loops": 1,
                            "Index Cond": "(keyword_id < 983)"
                          }
                        ]
                      },
                      {
                        "Node Type": "Hash",
                        "Parent Relationship": "Inner",
                        "Parallel Aware": true,
                        "Startup Cost": 58306.47,
                        "Total Cost": 58306.47,
                        "Plan Rows": 365781,
                        "Plan Width": 4,
                        "Actual Startup Time": 259.144,
                        "Actual Total Time": 259.146,
                        "Actual Rows": 338464,
                        "Actual Loops": 2,
                        "Hash Buckets": 1048576,
                        "Original Hash Buckets": 1048576,
                        "Hash Batches": 1,
                        "Original Hash Batches": 1,
                        "Peak Memory Usage": 34720,
                        "Plans": [
                          {
                            "Node Type": "Seq Scan",
                            "Parent Relationship": "Outer",
                            "Parallel Aware": true,
                            "Relation Name": "title",
                            "Alias": "t",
                            "Startup Cost": 0.0,
                            "Total Cost": 58306.47,
                            "Plan Rows": 365781,
                            "Plan Width": 4,
                            "Actual Startup Time": 0.065,
                            "Actual Total Time": 167.311,
                            "Actual Rows": 338464,
                            "Actual Loops": 2,
                            "Filter": "((production_year > 2005) AND (kind_id = 7))",
                            "Rows Removed by Filter": 925692
                          }
                        ]
                      }
                    ]
                  },
                  {
                    "Node Type": "Index Only Scan",
                    "Parent Relationship": "Inner",
                    "Parallel Aware": false,
                    "Scan Direction": "Forward",
                    "Index Name": "movie_id_movie_companies",
                    "Relation Name": "movie_companies",
                    "Alias": "mc",
                    "Startup Cost": 0.43,
                    "Total Cost": 0.63,
                    "Plan Rows": 5,
                    "Plan Width": 4,
                    "Actual Startup Time": 0.002,
                    "Actual Total Time": 0.003,
                    "Actual Rows": 3,
                    "Actual Loops": 55037,
                    "Index Cond": "(movie_id = mk.movie_id)",
                    "Rows Removed by Index Recheck": 0,
                    "Heap Fetches": 141720
                  }
                ]
              }
            ]
          }
        ]
      }
    ]
  },
  "Planning Time": 1.102,
  "Triggers": [],
  "Execution Time": 683.64
}