{
    "Plan": {
        "Node Type": "Aggregate",
        "Strategy": "Plain",
        "Partial Mode": "Finalize",
        "Parallel Aware": false,
        "Startup Cost": 455735.14,
        "Total Cost": 455735.15,
        "Plan Rows": 1,
        "Plan Width": 64,
        "Actual Startup Time": 487641.373,
        "Actual Total Time": 488001.403,
        "Actual Rows": 1,
        "Actual Loops": 1,
        "Output": [
            "min(chn.name)",
            "min(t.title)"
        ],
        "Plans": [
            {
                "Node Type": "Gather",
                "Parent Relationship": "Outer",
                "Parallel Aware": false,
                "Startup Cost": 455734.71,
                "Total Cost": 455735.12,
                "Plan Rows": 4,
                "Plan Width": 64,
                "Actual Startup Time": 487538.351,
                "Actual Total Time": 488001.351,
                "Actual Rows": 5,
                "Actual Loops": 1,
                "Output": [
                    "(PARTIAL min(chn.name))",
                    "(PARTIAL min(t.title))"
                ],
                "Workers Planned": 4,
                "Workers Launched": 4,
                "Single Copy": false,
                "Plans": [
                    {
                        "Node Type": "Aggregate",
                        "Strategy": "Plain",
                        "Partial Mode": "Partial",
                        "Parent Relationship": "Outer",
                        "Parallel Aware": false,
                        "Startup Cost": 454734.71,
                        "Total Cost": 454734.72,
                        "Plan Rows": 1,
                        "Plan Width": 64,
                        "Actual Startup Time": 487508.753,
                        "Actual Total Time": 487508.818,
                        "Actual Rows": 1,
                        "Actual Loops": 5,
                        "Output": [
                            "PARTIAL min(chn.name)",
                            "PARTIAL min(t.title)"
                        ],
                        "Workers": [
                            {
                                "Worker Number": 0,
                                "Actual Startup Time": 487485.11,
                                "Actual Total Time": 487485.16,
                                "Actual Rows": 1,
                                "Actual Loops": 1
                            },
                            {
                                "Worker Number": 1,
                                "Actual Startup Time": 487487.598,
                                "Actual Total Time": 487487.685,
                                "Actual Rows": 1,
                                "Actual Loops": 1
                            },
                            {
                                "Worker Number": 2,
                                "Actual Startup Time": 487484.726,
                                "Actual Total Time": 487484.804,
                                "Actual Rows": 1,
                                "Actual Loops": 1
                            },
                            {
                                "Worker Number": 3,
                                "Actual Startup Time": 487549.25,
                                "Actual Total Time": 487549.279,
                                "Actual Rows": 1,
                                "Actual Loops": 1
                            }
                        ],
                        "Plans": [
                            {
                                "Node Type": "Hash Join",
                                "Parent Relationship": "Outer",
                                "Parallel Aware": false,
                                "Join Type": "Inner",
                                "Startup Cost": 92647.53,
                                "Total Cost": 453500.46,
                                "Plan Rows": 246850,
                                "Plan Width": 33,
                                "Actual Startup Time": 447225.231,
                                "Actual Total Time": 487508.757,
                                "Actual Rows": 2,
                                "Actual Loops": 5,
                                "Output": [
                                    "chn.name",
                                    "t.title"
                                ],
                                "Inner Unique": true,
                                "Hash Cond": "(ci.role_id = rt.id)",
                                "Workers": [
                                    {
                                        "Worker Number": 0,
                                        "Actual Startup Time": 454581.966,
                                        "Actual Total Time": 487485.132,
                                        "Actual Rows": 2,
                                        "Actual Loops": 1
                                    },
                                    {
                                        "Worker Number": 1,
                                        "Actual Startup Time": 487487.59,
                                        "Actual Total Time": 487487.676,
                                        "Actual Rows": 0,
                                        "Actual Loops": 1
                                    },
                                    {
                                        "Worker Number": 2,
                                        "Actual Startup Time": 410826.513,
                                        "Actual Total Time": 487484.668,
                                        "Actual Rows": 1,
                                        "Actual Loops": 1
                                    },
                                    {
                                        "Worker Number": 3,
                                        "Actual Startup Time": 395693.03,
                                        "Actual Total Time": 487549.174,
                                        "Actual Rows": 7,
                                        "Actual Loops": 1
                                    }
                                ],
                                "Plans": [
                                    {
                                        "Node Type": "Hash Join",
                                        "Parent Relationship": "Outer",
                                        "Parallel Aware": true,
                                        "Join Type": "Inner",
                                        "Startup Cost": 92646.26,
                                        "Total Cost": 452622.36,
                                        "Plan Rows": 246850,
                                        "Plan Width": 37,
                                        "Actual Startup Time": 447224.676,
                                        "Actual Total Time": 487508.191,
                                        "Actual Rows": 2,
                                        "Actual Loops": 5,
                                        "Output": [
                                            "chn.name",
                                            "ci.role_id",
                                            "t.title"
                                        ],
                                        "Inner Unique": true,
                                        "Hash Cond": "(ci.person_role_id = chn.id)",
                                        "Workers": [
                                            {
                                                "Worker Number": 0,
                                                "Actual Startup Time": 454581.131,
                                                "Actual Total Time": 487484.293,
                                                "Actual Rows": 2,
                                                "Actual Loops": 1
                                            },
                                            {
                                                "Worker Number": 1,
                                                "Actual Startup Time": 487487.087,
                                                "Actual Total Time": 487487.17,
                                                "Actual Rows": 0,
                                                "Actual Loops": 1
                                            },
                                            {
                                                "Worker Number": 2,
                                                "Actual Startup Time": 410825.759,
                                                "Actual Total Time": 487483.897,
                                                "Actual Rows": 1,
                                                "Actual Loops": 1
                                            },
                                            {
                                                "Worker Number": 3,
                                                "Actual Startup Time": 395692.436,
                                                "Actual Total Time": 487548.564,
                                                "Actual Rows": 7,
                                                "Actual Loops": 1
                                            }
                                        ],
                                        "Plans": [
                                            {
                                                "Node Type": "Nested Loop",
                                                "Parent Relationship": "Outer",
                                                "Parallel Aware": false,
                                                "Join Type": "Inner",
                                                "Startup Cost": 38534.48,
                                                "Total Cost": 397862.6,
                                                "Plan Rows": 246850,
                                                "Plan Width": 25,
                                                "Actual Startup Time": 1087.645,
                                                "Actual Total Time": 484728.204,
                                                "Actual Rows": 156421,
                                                "Actual Loops": 5,
                                                "Output": [
                                                    "ci.person_role_id",
                                                    "ci.role_id",
                                                    "t.title"
                                                ],
                                                "Inner Unique": false,
                                                "Join Filter": "(t.id = ci.movie_id)",
                                                "Rows Removed by Join Filter": 0,
                                                "Workers": [
                                                    {
                                                        "Worker Number": 0,
                                                        "Actual Startup Time": 1385.445,
                                                        "Actual Total Time": 484725.549,
                                                        "Actual Rows": 156031,
                                                        "Actual Loops": 1
                                                    },
                                                    {
                                                        "Worker Number": 1,
                                                        "Actual Startup Time": 1217.855,
                                                        "Actual Total Time": 484732.394,
                                                        "Actual Rows": 157039,
                                                        "Actual Loops": 1
                                                    },
                                                    {
                                                        "Worker Number": 2,
                                                        "Actual Startup Time": 1147.81,
                                                        "Actual Total Time": 484728.016,
                                                        "Actual Rows": 156898,
                                                        "Actual Loops": 1
                                                    },
                                                    {
                                                        "Worker Number": 3,
                                                        "Actual Startup Time": 858.49,
                                                        "Actual Total Time": 484741.702,
                                                        "Actual Rows": 154323,
                                                        "Actual Loops": 1
                                                    }
                                                ],
                                                "Plans": [
                                                    {
                                                        "Node Type": "Hash Join",
                                                        "Parent Relationship": "Outer",
                                                        "Parallel Aware": false,
                                                        "Join Type": "Inner",
                                                        "Startup Cost": 38533.92,
                                                        "Total Cost": 85459.12,
                                                        "Plan Rows": 161296,
                                                        "Plan Width": 25,
                                                        "Actual Startup Time": 512.362,
                                                        "Actual Total Time": 2884.775,
                                                        "Actual Rows": 119250,
                                                        "Actual Loops": 5,
                                                        "Output": [
                                                            "mc.movie_id",
                                                            "t.title",
                                                            "t.id"
                                                        ],
                                                        "Inner Unique": true,
                                                        "Hash Cond": "(mc.company_type_id = ct.id)",
                                                        "Workers": [
                                                            {
                                                                "Worker Number": 0,
                                                                "Actual Startup Time": 512.454,
                                                                "Actual Total Time": 2981.616,
                                                                "Actual Rows": 118660,
                                                                "Actual Loops": 1
                                                            },
                                                            {
                                                                "Worker Number": 1,
                                                                "Actual Startup Time": 512.448,
                                                                "Actual Total Time": 2896.616,
                                                                "Actual Rows": 119418,
                                                                "Actual Loops": 1
                                                            },
                                                            {
                                                                "Worker Number": 2,
                                                                "Actual Startup Time": 512.322,
                                                                "Actual Total Time": 2827.362,
                                                                "Actual Rows": 120009,
                                                                "Actual Loops": 1
                                                            },
                                                            {
                                                                "Worker Number": 3,
                                                                "Actual Startup Time": 512.256,
                                                                "Actual Total Time": 2823.632,
                                                                "Actual Rows": 118375,
                                                                "Actual Loops": 1
                                                            }
                                                        ],
                                                        "Plans": [
                                                            {
                                                                "Node Type": "Hash Join",
                                                                "Parent Relationship": "Outer",
                                                                "Parallel Aware": true,
                                                                "Join Type": "Inner",
                                                                "Startup Cost": 38532.83,
                                                                "Total Cost": 84586.02,
                                                                "Plan Rows": 161296,
                                                                "Plan Width": 29,
                                                                "Actual Startup Time": 512.145,
                                                                "Actual Total Time": 2757.25,
                                                                "Actual Rows": 119250,
                                                                "Actual Loops": 5,
                                                                "Output": [
                                                                    "mc.movie_id",
                                                                    "mc.company_type_id",
                                                                    "t.title",
                                                                    "t.id"
                                                                ],
                                                                "Inner Unique": false,
                                                                "Hash Cond": "(t.id = mc.movie_id)",
                                                                "Workers": [
                                                                    {
                                                                        "Worker Number": 0,
                                                                        "Actual Startup Time": 512.217,
                                                                        "Actual Total Time": 2851.998,
                                                                        "Actual Rows": 118660,
                                                                        "Actual Loops": 1
                                                                    },
                                                                    {
                                                                        "Worker Number": 1,
                                                                        "Actual Startup Time": 512.194,
                                                                        "Actual Total Time": 2776.391,
                                                                        "Actual Rows": 119418,
                                                                        "Actual Loops": 1
                                                                    },
                                                                    {
                                                                        "Worker Number": 2,
                                                                        "Actual Startup Time": 512.067,
                                                                        "Actual Total Time": 2699.603,
                                                                        "Actual Rows": 120009,
                                                                        "Actual Loops": 1
                                                                    },
                                                                    {
                                                                        "Worker Number": 3,
                                                                        "Actual Startup Time": 512.036,
                                                                        "Actual Total Time": 2691.896,
                                                                        "Actual Rows": 118375,
                                                                        "Actual Loops": 1
                                                                    }
                                                                ],
                                                                "Plans": [
                                                                    {
                                                                        "Node Type": "Seq Scan",
                                                                        "Parent Relationship": "Outer",
                                                                        "Parallel Aware": true,
                                                                        "Relation Name": "title",
                                                                        "Schema": "public",
                                                                        "Alias": "t",
                                                                        "Startup Cost": 0.0,
                                                                        "Total Cost": 43899.01,
                                                                        "Plan Rows": 435701,
                                                                        "Plan Width": 21,
                                                                        "Actual Startup Time": 10.588,
                                                                        "Actual Total Time": 1663.114,
                                                                        "Actual Rows": 349806,
                                                                        "Actual Loops": 5,
                                                                        "Output": [
                                                                            "t.id",
                                                                            "t.title",
                                                                            "t.imdb_index",
                                                                            "t.kind_id",
                                                                            "t.production_year",
                                                                            "t.imdb_id",
                                                                            "t.phonetic_code",
                                                                            "t.episode_of_id",
                                                                            "t.season_nr",
                                                                            "t.episode_nr",
                                                                            "t.series_years",
                                                                            "t.md5sum"
                                                                        ],
                                                                        "Filter": "(t.production_year > 1990)",
                                                                        "Rows Removed by Filter": 155856,
                                                                        "Workers": [
                                                                            {
                                                                                "Worker Number": 0,
                                                                                "Actual Startup Time": 10.631,
                                                                                "Actual Total Time": 1758.855,
                                                                                "Actual Rows": 340388,
                                                                                "Actual Loops": 1
                                                                            },
                                                                            {
                                                                                "Worker Number": 1,
                                                                                "Actual Startup Time": 10.694,
                                                                                "Actual Total Time": 1707.378,
                                                                                "Actual Rows": 353465,
                                                                                "Actual Loops": 1
                                                                            },
                                                                            {
                                                                                "Worker Number": 2,
                                                                                "Actual Startup Time": 10.577,
                                                                                "Actual Total Time": 1599.78,
                                                                                "Actual Rows": 352593,
                                                                                "Actual Loops": 1
                                                                            },
                                                                            {
                                                                                "Worker Number": 3,
                                                                                "Actual Startup Time": 10.489,
                                                                                "Actual Total Time": 1554.938,
                                                                                "Actual Rows": 353809,
                                                                                "Actual Loops": 1
                                                                            }
                                                                        ]
                                                                    },
                                                                    {
                                                                        "Node Type": "Hash",
                                                                        "Parent Relationship": "Inner",
                                                                        "Parallel Aware": true,
                                                                        "Startup Cost": 34758.72,
                                                                        "Total Cost": 34758.72,
                                                                        "Plan Rows": 301929,
                                                                        "Plan Width": 8,
                                                                        "Actual Startup Time": 499.513,
                                                                        "Actual Total Time": 499.535,
                                                                        "Actual Rows": 230760,
                                                                        "Actual Loops": 5,
                                                                        "Output": [
                                                                            "mc.movie_id",
                                                                            "mc.company_type_id"
                                                                        ],
                                                                        "Hash Buckets": 2097152,
                                                                        "Original Hash Buckets": 1048576,
                                                                        "Hash Batches": 1,
                                                                        "Original Hash Batches": 1,
                                                                        "Peak Memory Usage": 69792,
                                                                        "Workers": [
                                                                            {
                                                                                "Worker Number": 0,
                                                                                "Actual Startup Time": 501.239,
                                                                                "Actual Total Time": 501.245,
                                                                                "Actual Rows": 210714,
                                                                                "Actual Loops": 1
                                                                            },
                                                                            {
                                                                                "Worker Number": 1,
                                                                                "Actual Startup Time": 501.267,
                                                                                "Actual Total Time": 501.292,
                                                                                "Actual Rows": 231430,
                                                                                "Actual Loops": 1
                                                                            },
                                                                            {
                                                                                "Worker Number": 2,
                                                                                "Actual Startup Time": 501.243,
                                                                                "Actual Total Time": 501.279,
                                                                                "Actual Rows": 216899,
                                                                                "Actual Loops": 1
                                                                            },
                                                                            {
                                                                                "Worker Number": 3,
                                                                                "Actual Startup Time": 501.313,
                                                                                "Actual Total Time": 501.318,
                                                                                "Actual Rows": 242231,
                                                                                "Actual Loops": 1
                                                                            }
                                                                        ],
                                                                        "Plans": [
                                                                            {
                                                                                "Node Type": "Hash Join",
                                                                                "Parent Relationship": "Outer",
                                                                                "Parallel Aware": true,
                                                                                "Join Type": "Inner",
                                                                                "Startup Cost": 5342.78,
                                                                                "Total Cost": 34758.72,
                                                                                "Plan Rows": 301929,
                                                                                "Plan Width": 8,
                                                                                "Actual Startup Time": 26.755,
                                                                                "Actual Total Time": 253.137,
                                                                                "Actual Rows": 230760,
                                                                                "Actual Loops": 5,
                                                                                "Output": [
                                                                                    "mc.movie_id",
                                                                                    "mc.company_type_id"
                                                                                ],
                                                                                "Inner Unique": true,
                                                                                "Hash Cond": "(mc.company_id = cn.id)",
                                                                                "Workers": [
                                                                                    {
                                                                                        "Worker Number": 0,
                                                                                        "Actual Startup Time": 26.714,
                                                                                        "Actual Total Time": 255.041,
                                                                                        "Actual Rows": 210714,
                                                                                        "Actual Loops": 1
                                                                                    },
                                                                                    {
                                                                                        "Worker Number": 1,
                                                                                        "Actual Startup Time": 26.837,
                                                                                        "Actual Total Time": 254.547,
                                                                                        "Actual Rows": 231430,
                                                                                        "Actual Loops": 1
                                                                                    },
                                                                                    {
                                                                                        "Worker Number": 2,
                                                                                        "Actual Startup Time": 26.837,
                                                                                        "Actual Total Time": 253.108,
                                                                                        "Actual Rows": 216899,
                                                                                        "Actual Loops": 1
                                                                                    },
                                                                                    {
                                                                                        "Worker Number": 3,
                                                                                        "Actual Startup Time": 26.706,
                                                                                        "Actual Total Time": 254.596,
                                                                                        "Actual Rows": 242231,
                                                                                        "Actual Loops": 1
                                                                                    }
                                                                                ],
                                                                                "Plans": [
                                                                                    {
                                                                                        "Node Type": "Seq Scan",
                                                                                        "Parent Relationship": "Outer",
                                                                                        "Parallel Aware": true,
                                                                                        "Relation Name": "movie_companies",
                                                                                        "Schema": "public",
                                                                                        "Alias": "mc",
                                                                                        "Startup Cost": 0.0,
                                                                                        "Total Cost": 27206.55,
                                                                                        "Plan Rows": 841655,
                                                                                        "Plan Width": 12,
                                                                                        "Actual Startup Time": 0.017,
                                                                                        "Actual Total Time": 85.851,
                                                                                        "Actual Rows": 521826,
                                                                                        "Actual Loops": 5,
                                                                                        "Output": [
                                                                                            "mc.id",
                                                                                            "mc.movie_id",
                                                                                            "mc.company_id",
                                                                                            "mc.company_type_id",
                                                                                            "mc.note"
                                                                                        ],
                                                                                        "Workers": [
                                                                                            {
                                                                                                "Worker Number": 0,
                                                                                                "Actual Startup Time": 0.01,
                                                                                                "Actual Total Time": 90.068,
                                                                                                "Actual Rows": 477082,
                                                                                                "Actual Loops": 1
                                                                                            },
                                                                                            {
                                                                                                "Worker Number": 1,
                                                                                                "Actual Startup Time": 0.031,
                                                                                                "Actual Total Time": 89.752,
                                                                                                "Actual Rows": 537027,
                                                                                                "Actual Loops": 1
                                                                                            },
                                                                                            {
                                                                                                "Worker Number": 2,
                                                                                                "Actual Startup Time": 0.012,
                                                                                                "Actual Total Time": 90.203,
                                                                                                "Actual Rows": 484236,
                                                                                                "Actual Loops": 1
                                                                                            },
                                                                                            {
                                                                                                "Worker Number": 3,
                                                                                                "Actual Startup Time": 0.023,
                                                                                                "Actual Total Time": 88.349,
                                                                                                "Actual Rows": 535345,
                                                                                                "Actual Loops": 1
                                                                                            }
                                                                                        ]
                                                                                    },
                                                                                    {
                                                                                        "Node Type": "Hash",
                                                                                        "Parent Relationship": "Inner",
                                                                                        "Parallel Aware": true,
                                                                                        "Startup Cost": 4722.92,
                                                                                        "Total Cost": 4722.92,
                                                                                        "Plan Rows": 49589,
                                                                                        "Plan Width": 4,
                                                                                        "Actual Startup Time": 26.297,
                                                                                        "Actual Total Time": 26.302,
                                                                                        "Actual Rows": 16969,
                                                                                        "Actual Loops": 5,
                                                                                        "Output": [
                                                                                            "cn.id"
                                                                                        ],
                                                                                        "Hash Buckets": 131072,
                                                                                        "Original Hash Buckets": 131072,
                                                                                        "Hash Batches": 1,
                                                                                        "Original Hash Batches": 1,
                                                                                        "Peak Memory Usage": 4416,
                                                                                        "Workers": [
                                                                                            {
                                                                                                "Worker Number": 0,
                                                                                                "Actual Startup Time": 26.526,
                                                                                                "Actual Total Time": 26.528,
                                                                                                "Actual Rows": 14985,
                                                                                                "Actual Loops": 1
                                                                                            },
                                                                                            {
                                                                                                "Worker Number": 1,
                                                                                                "Actual Startup Time": 26.436,
                                                                                                "Actual Total Time": 26.438,
                                                                                                "Actual Rows": 11926,
                                                                                                "Actual Loops": 1
                                                                                            },
                                                                                            {
                                                                                                "Worker Number": 2,
                                                                                                "Actual Startup Time": 26.467,
                                                                                                "Actual Total Time": 26.485,
                                                                                                "Actual Rows": 15407,
                                                                                                "Actual Loops": 1
                                                                                            },
                                                                                            {
                                                                                                "Worker Number": 3,
                                                                                                "Actual Startup Time": 26.495,
                                                                                                "Actual Total Time": 26.496,
                                                                                                "Actual Rows": 12067,
                                                                                                "Actual Loops": 1
                                                                                            }
                                                                                        ],
                                                                                        "Plans": [
                                                                                            {
                                                                                                "Node Type": "Seq Scan",
                                                                                                "Parent Relationship": "Outer",
                                                                                                "Parallel Aware": true,
                                                                                                "Relation Name": "company_name",
                                                                                                "Schema": "public",
                                                                                                "Alias": "cn",
                                                                                                "Startup Cost": 0.0,
                                                                                                "Total Cost": 4722.92,
                                                                                                "Plan Rows": 49589,
                                                                                                "Plan Width": 4,
                                                                                                "Actual Startup Time": 0.018,
                                                                                                "Actual Total Time": 16.515,
                                                                                                "Actual Rows": 16969,
                                                                                                "Actual Loops": 5,
                                                                                                "Output": [
                                                                                                    "cn.id"
                                                                                                ],
                                                                                                "Filter": "((cn.country_code)::text = '[us]'::text)",
                                                                                                "Rows Removed by Filter": 30031,
                                                                                                "Workers": [
                                                                                                    {
                                                                                                        "Worker Number": 0,
                                                                                                        "Actual Startup Time": 0.016,
                                                                                                        "Actual Total Time": 16.566,
                                                                                                        "Actual Rows": 14985,
                                                                                                        "Actual Loops": 1
                                                                                                    },
                                                                                                    {
                                                                                                        "Worker Number": 1,
                                                                                                        "Actual Startup Time": 0.02,
                                                                                                        "Actual Total Time": 17.024,
                                                                                                        "Actual Rows": 11926,
                                                                                                        "Actual Loops": 1
                                                                                                    },
                                                                                                    {
                                                                                                        "Worker Number": 2,
                                                                                                        "Actual Startup Time": 0.017,
                                                                                                        "Actual Total Time": 16.644,
                                                                                                        "Actual Rows": 15407,
                                                                                                        "Actual Loops": 1
                                                                                                    },
                                                                                                    {
                                                                                                        "Worker Number": 3,
                                                                                                        "Actual Startup Time": 0.021,
                                                                                                        "Actual Total Time": 17.063,
                                                                                                        "Actual Rows": 12067,
                                                                                                        "Actual Loops": 1
                                                                                                    }
                                                                                                ]
                                                                                            }
                                                                                        ]
                                                                                    }
                                                                                ]
                                                                            }
                                                                        ]
                                                                    }
                                                                ]
                                                            },
                                                            {
                                                                "Node Type": "Hash",
                                                                "Parent Relationship": "Inner",
                                                                "Parallel Aware": false,
                                                                "Startup Cost": 1.04,
                                                                "Total Cost": 1.04,
                                                                "Plan Rows": 4,
                                                                "Plan Width": 4,
                                                                "Actual Startup Time": 0.085,
                                                                "Actual Total Time": 0.096,
                                                                "Actual Rows": 4,
                                                                "Actual Loops": 5,
                                                                "Output": [
                                                                    "ct.id"
                                                                ],
                                                                "Hash Buckets": 1024,
                                                                "Original Hash Buckets": 1024,
                                                                "Hash Batches": 1,
                                                                "Original Hash Batches": 1,
                                                                "Peak Memory Usage": 9,
                                                                "Workers": [
                                                                    {
                                                                        "Worker Number": 0,
                                                                        "Actual Startup Time": 0.091,
                                                                        "Actual Total Time": 0.109,
                                                                        "Actual Rows": 4,
                                                                        "Actual Loops": 1
                                                                    },
                                                                    {
                                                                        "Worker Number": 1,
                                                                        "Actual Startup Time": 0.079,
                                                                        "Actual Total Time": 0.095,
                                                                        "Actual Rows": 4,
                                                                        "Actual Loops": 1
                                                                    },
                                                                    {
                                                                        "Worker Number": 2,
                                                                        "Actual Startup Time": 0.087,
                                                                        "Actual Total Time": 0.088,
                                                                        "Actual Rows": 4,
                                                                        "Actual Loops": 1
                                                                    },
                                                                    {
                                                                        "Worker Number": 3,
                                                                        "Actual Startup Time": 0.082,
                                                                        "Actual Total Time": 0.096,
                                                                        "Actual Rows": 4,
                                                                        "Actual Loops": 1
                                                                    }
                                                                ],
                                                                "Plans": [
                                                                    {
                                                                        "Node Type": "Seq Scan",
                                                                        "Parent Relationship": "Outer",
                                                                        "Parallel Aware": false,
                                                                        "Relation Name": "company_type",
                                                                        "Schema": "public",
                                                                        "Alias": "ct",
                                                                        "Startup Cost": 0.0,
                                                                        "Total Cost": 1.04,
                                                                        "Plan Rows": 4,
                                                                        "Plan Width": 4,
                                                                        "Actual Startup Time": 0.046,
                                                                        "Actual Total Time": 0.058,
                                                                        "Actual Rows": 4,
                                                                        "Actual Loops": 5,
                                                                        "Output": [
                                                                            "ct.id"
                                                                        ],
                                                                        "Workers": [
                                                                            {
                                                                                "Worker Number": 0,
                                                                                "Actual Startup Time": 0.052,
                                                                                "Actual Total Time": 0.071,
                                                                                "Actual Rows": 4,
                                                                                "Actual Loops": 1
                                                                            },
                                                                            {
                                                                                "Worker Number": 1,
                                                                                "Actual Startup Time": 0.041,
                                                                                "Actual Total Time": 0.059,
                                                                                "Actual Rows": 4,
                                                                                "Actual Loops": 1
                                                                            },
                                                                            {
                                                                                "Worker Number": 2,
                                                                                "Actual Startup Time": 0.047,
                                                                                "Actual Total Time": 0.05,
                                                                                "Actual Rows": 4,
                                                                                "Actual Loops": 1
                                                                            },
                                                                            {
                                                                                "Worker Number": 3,
                                                                                "Actual Startup Time": 0.045,
                                                                                "Actual Total Time": 0.061,
                                                                                "Actual Rows": 4,
                                                                                "Actual Loops": 1
                                                                            }
                                                                        ]
                                                                    }
                                                                ]
                                                            }
                                                        ]
                                                    },
                                                    {
                                                        "Node Type": "Index Scan",
                                                        "Parent Relationship": "Inner",
                                                        "Parallel Aware": false,
                                                        "Scan Direction": "Forward",
                                                        "Index Name": "movie_id_cast_info",
                                                        "Relation Name": "cast_info",
                                                        "Schema": "public",
                                                        "Alias": "ci",
                                                        "Startup Cost": 0.56,
                                                        "Total Cost": 1.91,
                                                        "Plan Rows": 2,
                                                        "Plan Width": 12,
                                                        "Actual Startup Time": 3.51,
                                                        "Actual Total Time": 4.038,
                                                        "Actual Rows": 1,
                                                        "Actual Loops": 596250,
                                                        "Output": [
                                                            "ci.id",
                                                            "ci.person_id",
                                                            "ci.movie_id",
                                                            "ci.person_role_id",
                                                            "ci.note",
                                                            "ci.nr_order",
                                                            "ci.role_id"
                                                        ],
                                                        "Index Cond": "(ci.movie_id = mc.movie_id)",
                                                        "Rows Removed by Index Recheck": 0,
                                                        "Filter": "(ci.note ~~ '%(producer)%'::text)",
                                                        "Rows Removed by Filter": 34,
                                                        "Workers": [
                                                            {
                                                                "Worker Number": 0,
                                                                "Actual Startup Time": 3.524,
                                                                "Actual Total Time": 4.057,
                                                                "Actual Rows": 1,
                                                                "Actual Loops": 118660
                                                            },
                                                            {
                                                                "Worker Number": 1,
                                                                "Actual Startup Time": 3.527,
                                                                "Actual Total Time": 4.032,
                                                                "Actual Rows": 1,
                                                                "Actual Loops": 119418
                                                            },
                                                            {
                                                                "Worker Number": 2,
                                                                "Actual Startup Time": 3.473,
                                                                "Actual Total Time": 4.013,
                                                                "Actual Rows": 1,
                                                                "Actual Loops": 120009
                                                            },
                                                            {
                                                                "Worker Number": 3,
                                                                "Actual Startup Time": 3.532,
                                                                "Actual Total Time": 4.069,
                                                                "Actual Rows": 1,
                                                                "Actual Loops": 118375
                                                            }
                                                        ]
                                                    }
                                                ]
                                            },
                                            {
                                                "Node Type": "Hash",
                                                "Parent Relationship": "Inner",
                                                "Parallel Aware": true,
                                                "Startup Cost": 44298.57,
                                                "Total Cost": 44298.57,
                                                "Plan Rows": 785057,
                                                "Plan Width": 20,
                                                "Actual Startup Time": 2694.193,
                                                "Actual Total Time": 2694.207,
                                                "Actual Rows": 628068,
                                                "Actual Loops": 5,
                                                "Output": [
                                                    "chn.name",
                                                    "chn.id"
                                                ],
                                                "Hash Buckets": 4194304,
                                                "Original Hash Buckets": 4194304,
                                                "Hash Batches": 1,
                                                "Original Hash Batches": 1,
                                                "Peak Memory Usage": 205152,
                                                "Workers": [
                                                    {
                                                        "Worker Number": 0,
                                                        "Actual Startup Time": 2696.679,
                                                        "Actual Total Time": 2696.696,
                                                        "Actual Rows": 577807,
                                                        "Actual Loops": 1
                                                    },
                                                    {
                                                        "Worker Number": 1,
                                                        "Actual Startup Time": 2698.806,
                                                        "Actual Total Time": 2698.841,
                                                        "Actual Rows": 681537,
                                                        "Actual Loops": 1
                                                    },
                                                    {
                                                        "Worker Number": 2,
                                                        "Actual Startup Time": 2696.647,
                                                        "Actual Total Time": 2696.663,
                                                        "Actual Rows": 601703,
                                                        "Actual Loops": 1
                                                    },
                                                    {
                                                        "Worker Number": 3,
                                                        "Actual Startup Time": 2698.821,
                                                        "Actual Total Time": 2698.822,
                                                        "Actual Rows": 646772,
                                                        "Actual Loops": 1
                                                    }
                                                ],
                                                "Plans": [
                                                    {
                                                        "Node Type": "Seq Scan",
                                                        "Parent Relationship": "Outer",
                                                        "Parallel Aware": true,
                                                        "Relation Name": "char_name",
                                                        "Schema": "public",
                                                        "Alias": "chn",
                                                        "Startup Cost": 0.0,
                                                        "Total Cost": 44298.57,
                                                        "Plan Rows": 785057,
                                                        "Plan Width": 20,
                                                        "Actual Startup Time": 23.762,
                                                        "Actual Total Time": 1783.738,
                                                        "Actual Rows": 628068,
                                                        "Actual Loops": 5,
                                                        "Output": [
                                                            "chn.name",
                                                            "chn.id"
                                                        ],
                                                        "Workers": [
                                                            {
                                                                "Worker Number": 0,
                                                                "Actual Startup Time": 29.608,
                                                                "Actual Total Time": 1769.398,
                                                                "Actual Rows": 577807,
                                                                "Actual Loops": 1
                                                            },
                                                            {
                                                                "Worker Number": 1,
                                                                "Actual Startup Time": 29.636,
                                                                "Actual Total Time": 1782.118,
                                                                "Actual Rows": 681537,
                                                                "Actual Loops": 1
                                                            },
                                                            {
                                                                "Worker Number": 2,
                                                                "Actual Startup Time": 0.071,
                                                                "Actual Total Time": 1783.057,
                                                                "Actual Rows": 601703,
                                                                "Actual Loops": 1
                                                            },
                                                            {
                                                                "Worker Number": 3,
                                                                "Actual Startup Time": 29.87,
                                                                "Actual Total Time": 1789.064,
                                                                "Actual Rows": 646772,
                                                                "Actual Loops": 1
                                                            }
                                                        ]
                                                    }
                                                ]
                                            }
                                        ]
                                    },
                                    {
                                        "Node Type": "Hash",
                                        "Parent Relationship": "Inner",
                                        "Parallel Aware": false,
                                        "Startup Cost": 1.12,
                                        "Total Cost": 1.12,
                                        "Plan Rows": 12,
                                        "Plan Width": 4,
                                        "Actual Startup Time": 0.13,
                                        "Actual Total Time": 0.131,
                                        "Actual Rows": 12,
                                        "Actual Loops": 5,
                                        "Output": [
                                            "rt.id"
                                        ],
                                        "Hash Buckets": 1024,
                                        "Original Hash Buckets": 1024,
                                        "Hash Batches": 1,
                                        "Original Hash Batches": 1,
                                        "Peak Memory Usage": 9,
                                        "Workers": [
                                            {
                                                "Worker Number": 0,
                                                "Actual Startup Time": 0.169,
                                                "Actual Total Time": 0.17,
                                                "Actual Rows": 12,
                                                "Actual Loops": 1
                                            },
                                            {
                                                "Worker Number": 1,
                                                "Actual Startup Time": 0.125,
                                                "Actual Total Time": 0.126,
                                                "Actual Rows": 12,
                                                "Actual Loops": 1
                                            },
                                            {
                                                "Worker Number": 2,
                                                "Actual Startup Time": 0.169,
                                                "Actual Total Time": 0.171,
                                                "Actual Rows": 12,
                                                "Actual Loops": 1
                                            },
                                            {
                                                "Worker Number": 3,
                                                "Actual Startup Time": 0.125,
                                                "Actual Total Time": 0.126,
                                                "Actual Rows": 12,
                                                "Actual Loops": 1
                                            }
                                        ],
                                        "Plans": [
                                            {
                                                "Node Type": "Seq Scan",
                                                "Parent Relationship": "Outer",
                                                "Parallel Aware": false,
                                                "Relation Name": "role_type",
                                                "Schema": "public",
                                                "Alias": "rt",
                                                "Startup Cost": 0.0,
                                                "Total Cost": 1.12,
                                                "Plan Rows": 12,
                                                "Plan Width": 4,
                                                "Actual Startup Time": 0.072,
                                                "Actual Total Time": 0.081,
                                                "Actual Rows": 12,
                                                "Actual Loops": 5,
                                                "Output": [
                                                    "rt.id"
                                                ],
                                                "Workers": [
                                                    {
                                                        "Worker Number": 0,
                                                        "Actual Startup Time": 0.102,
                                                        "Actual Total Time": 0.115,
                                                        "Actual Rows": 12,
                                                        "Actual Loops": 1
                                                    },
                                                    {
                                                        "Worker Number": 1,
                                                        "Actual Startup Time": 0.071,
                                                        "Actual Total Time": 0.078,
                                                        "Actual Rows": 12,
                                                        "Actual Loops": 1
                                                    },
                                                    {
                                                        "Worker Number": 2,
                                                        "Actual Startup Time": 0.094,
                                                        "Actual Total Time": 0.107,
                                                        "Actual Rows": 12,
                                                        "Actual Loops": 1
                                                    },
                                                    {
                                                        "Worker Number": 3,
                                                        "Actual Startup Time": 0.072,
                                                        "Actual Total Time": 0.078,
                                                        "Actual Rows": 12,
                                                        "Actual Loops": 1
                                                    }
                                                ]
                                            }
                                        ]
                                    }
                                ]
                            }
                        ]
                    }
                ]
            }
        ]
    },
    "Planning Time": 6.89,
    "Triggers": [],
    "Execution Time": 488001.995
}