{
  "Plan": {
    "Node Type": "Aggregate",
    "Strategy": "Plain",
    "Partial Mode": "Finalize",
    "Parallel Aware": false,
    "Startup Cost": 158006.06,
    "Total Cost": 158006.07,
    "Plan Rows": 1,
    "Plan Width": 8,
    "Actual Startup Time": 775.321,
    "Actual Total Time": 794.068,
    "Actual Rows": 1,
    "Actual Loops": 1,
    "Plans": [
      {
        "Node Type": "Gather",
        "Parent Relationship": "Outer",
        "Parallel Aware": false,
        "Startup Cost": 158005.95,
        "Total Cost": 158006.06,
        "Plan Rows": 1,
        "Plan Width": 8,
        "Actual Startup Time": 773.188,
        "Actual Total Time": 794.061,
        "Actual Rows": 2,
        "Actual Loops": 1,
        "Workers Planned": 1,
        "Workers Launched": 1,
        "Single Copy": false,
        "Plans": [
          {
            "Node Type": "Aggregate",
            "Strategy": "Plain",
            "Partial Mode": "Partial",
            "Parent Relationship": "Outer",
            "Parallel Aware": false,
            "Startup Cost": 157005.95,
            "Total Cost": 157005.96,
            "Plan Rows": 1,
            "Plan Width": 8,
            "Actual Startup Time": 766.683,
            "Actual Total Time": 766.689,
            "Actual Rows": 1,
            "Actual Loops": 2,
            "Plans": [
              {
                "Node Type": "Hash Join",
                "Parent Relationship": "Outer",
                "Parallel Aware": true,
                "Join Type": "Inner",
                "Startup Cost": 93992.22,
                "Total Cost": 156917.79,
                "Plan Rows": 35262,
                "Plan Width": 0,
                "Actual Startup Time": 436.009,
                "Actual Total Time": 739.252,
                "Actual Rows": 692310,
                "Actual Loops": 2,
                "Inner Unique": false,
                "Hash Cond": "(mk.movie_id = t.id)",
                "Plans": [
                  {
                    "Node Type": "Seq Scan",
                    "Parent Relationship": "Outer",
                    "Parallel Aware": true,
                    "Relation Name": "movie_keyword",
                    "Alias": "mk",
                    "Startup Cost": 0.0,
                    "Total Cost": 57718.19,
                    "Plan Rows": 1333319,
                    "Plan Width": 4,
                    "Actual Startup Time": 0.01,
                    "Actual Total Time": 183.737,
                    "Actual Rows": 1134382,
                    "Actual Loops": 2,
                    "Filter": "(keyword_id < 4754)",
                    "Rows Removed by Filter": 1127582
                  },
                  {
                    "Node Type": "Hash",
                    "Parent Relationship": "Inner",
                    "Parallel Aware": true,
                    "Startup Cost": 93500.56,
                    "Total Cost": 93500.56,
                    "Plan Rows": 39333,
                    "Plan Width": 8,
                    "Actual Startup Time": 405.72,
                    "Actual Total Time": 405.725,
                    "Actual Rows": 142028,
                    "Actual Loops": 2,
                    "Hash Buckets": 524288,
                    "Original Hash Buckets": 131072,
                    "Hash Batches": 1,
                    "Original Hash Batches": 1,
                    "Peak Memory Usage": 18336,
                    "Plans": [
                      {
                        "Node Type": "Hash Join",
                        "Parent Relationship": "Outer",
                        "Parallel Aware": true,
                        "Join Type": "Inner",
                        "Startup Cost": 31739.19,
                        "Total Cost": 93500.56,
                        "Plan Rows": 39333,
                        "Plan Width": 8,
                        "Actual Startup Time": 128.26,
                        "Actual Total Time": 367.132,
                        "Actual Rows": 142028,
                        "Actual Loops": 2,
                        "Inner Unique": false,
                        "Hash Cond": "(t.id = mc.movie_id)",
                        "Plans": [
                          {
                            "Node Type": "Seq Scan",
                            "Parent Relationship": "Outer",
                            "Parallel Aware": true,
                            "Relation Name": "title",
                            "Alias": "t",
                            "Startup Cost": 0.0,
                            "Total Cost": 58306.47,
                            "Plan Rows": 515766,
                            "Plan Width": 4,
                            "Actual Startup Time": 0.012,
                            "Actual Total Time": 138.566,
                            "Actual Rows": 393320,
                            "Actual Loops": 2,
                            "Filter": "((kind_id < 7) AND (production_year > 1958))",
                            "Rows Removed by Filter": 870836
                          },
                          {
                            "Node Type": "Hash",
                            "Parent Relationship": "Inner",
                            "Parallel Aware": true,
                            "Startup Cost": 30321.46,
                            "Total Cost": 30321.46,
                            "Plan Rows": 113418,
                            "Plan Width": 4,
                            "Actual Startup Time": 121.827,
                            "Actual Total Time": 121.829,
                            "Actual Rows": 192780,
                            "Actual Loops": 2,
                            "Hash Buckets": 524288,
                            "Original Hash Buckets": 262144,
                            "Hash Batches": 1,
                            "Original Hash Batches": 1,
                            "Peak Memory Usage": 21248,
                            "Plans": [
                              {
                                "Node Type": "Bitmap Heap Scan",
                                "Parent Relationship": "Outer",
                                "Parallel Aware": true,
                                "Relation Name": "movie_companies",
                                "Alias": "mc",
                                "Startup Cost": 8180.74,
                                "Total Cost": 30321.46,
                                "Plan Rows": 113418,
                                "Plan Width": 4,
                                "Actual Startup Time": 33.434,
                                "Actual Total Time": 78.123,
                                "Actual Rows": 192780,
                                "Actual Loops": 2,
                                "Recheck Cond": "(company_id > 83603)",
                                "Rows Removed by Index Recheck": 0,
                                "Filter": "(company_type_id = 2)",
                                "Rows Removed by Filter": 0,
                                "Exact Heap Blocks": 4003,
                                "Lossy Heap Blocks": 0,
                                "Plans": [
                                  {
                                    "Node Type": "Bitmap Index Scan",
                                    "Parent Relationship": "Outer",
                                    "Parallel Aware": false,
                                    "Index Name": "company_id_movie_companies",
                                    "Startup Cost": 0.0,
                                    "Total Cost": 8132.54,
                                    "Plan Rows": 379748,
                                    "Plan Width": 0,
                                    "Actual Startup Time": 34.105,
                                    "Actual Total Time": 34.105,
                                    "Actual Rows": 385561,
                                    "Actual Loops": 1,
                                    "Index Cond": "(company_id > 83603)"
                                  }
                                ]
                              }
                            ]
                          }
                        ]
                      }
                    ]
                  }
                ]
              }
            ]
          }
        ]
      }
    ]
  },
  "Planning Time": 1.208,
  "Triggers": [],
  "Execution Time": 794.217
}