[
    {
        "Bao": {
            "Bao prediction": "NaN",
            "Bao recommended hint": "(no hint)"
        }
    },
    {
        "Plan": {
            "Node Type": "Aggregate",
            "Strategy": "Plain",
            "Partial Mode": "Finalize",
            "Parallel Aware": false,
            "Startup Cost": 246569.69,
            "Total Cost": 246569.7,
            "Plan Rows": 1,
            "Plan Width": 8,
            "Actual Startup Time": 391.063,
            "Actual Total Time": 409.889,
            "Actual Rows": 1,
            "Actual Loops": 1,
            "Output": [
                "count(*)"
            ],
            "Plans": [
                {
                    "Node Type": "Gather",
                    "Parent Relationship": "Outer",
                    "Parallel Aware": false,
                    "Startup Cost": 246569.17,
                    "Total Cost": 246569.68,
                    "Plan Rows": 5,
                    "Plan Width": 8,
                    "Actual Startup Time": 390.607,
                    "Actual Total Time": 409.88,
                    "Actual Rows": 6,
                    "Actual Loops": 1,
                    "Output": [
                        "(PARTIAL count(*))"
                    ],
                    "Workers Planned": 5,
                    "Workers Launched": 5,
                    "Single Copy": false,
                    "Plans": [
                        {
                            "Node Type": "Aggregate",
                            "Strategy": "Plain",
                            "Partial Mode": "Partial",
                            "Parent Relationship": "Outer",
                            "Parallel Aware": false,
                            "Startup Cost": 245569.17,
                            "Total Cost": 245569.18,
                            "Plan Rows": 1,
                            "Plan Width": 8,
                            "Actual Startup Time": 380.861,
                            "Actual Total Time": 380.864,
                            "Actual Rows": 1,
                            "Actual Loops": 6,
                            "Output": [
                                "PARTIAL count(*)"
                            ],
                            "Workers": [
                                {
                                    "Worker Number": 0,
                                    "Actual Startup Time": 378.516,
                                    "Actual Total Time": 378.518,
                                    "Actual Rows": 1,
                                    "Actual Loops": 1
                                },
                                {
                                    "Worker Number": 1,
                                    "Actual Startup Time": 378.448,
                                    "Actual Total Time": 378.451,
                                    "Actual Rows": 1,
                                    "Actual Loops": 1
                                },
                                {
                                    "Worker Number": 2,
                                    "Actual Startup Time": 378.964,
                                    "Actual Total Time": 378.967,
                                    "Actual Rows": 1,
                                    "Actual Loops": 1
                                },
                                {
                                    "Worker Number": 3,
                                    "Actual Startup Time": 379.098,
                                    "Actual Total Time": 379.101,
                                    "Actual Rows": 1,
                                    "Actual Loops": 1
                                },
                                {
                                    "Worker Number": 4,
                                    "Actual Startup Time": 379.928,
                                    "Actual Total Time": 379.932,
                                    "Actual Rows": 1,
                                    "Actual Loops": 1
                                }
                            ],
                            "Plans": [
                                {
                                    "Node Type": "Hash Join",
                                    "Parent Relationship": "Outer",
                                    "Parallel Aware": true,
                                    "Join Type": "Inner",
                                    "Startup Cost": 45674.16,
                                    "Total Cost": 245545.88,
                                    "Plan Rows": 9315,
                                    "Plan Width": 0,
                                    "Actual Startup Time": 89.161,
                                    "Actual Total Time": 380.158,
                                    "Actual Rows": 12690,
                                    "Actual Loops": 6,
                                    "Inner Unique": true,
                                    "Hash Cond": "(mi.movie_id = t.id)",
                                    "Workers": [
                                        {
                                            "Worker Number": 0,
                                            "Actual Startup Time": 86.841,
                                            "Actual Total Time": 377.798,
                                            "Actual Rows": 11834,
                                            "Actual Loops": 1
                                        },
                                        {
                                            "Worker Number": 1,
                                            "Actual Startup Time": 86.71,
                                            "Actual Total Time": 377.737,
                                            "Actual Rows": 11697,
                                            "Actual Loops": 1
                                        },
                                        {
                                            "Worker Number": 2,
                                            "Actual Startup Time": 87.225,
                                            "Actual Total Time": 378.263,
                                            "Actual Rows": 11731,
                                            "Actual Loops": 1
                                        },
                                        {
                                            "Worker Number": 3,
                                            "Actual Startup Time": 87.45,
                                            "Actual Total Time": 378.375,
                                            "Actual Rows": 12397,
                                            "Actual Loops": 1
                                        },
                                        {
                                            "Worker Number": 4,
                                            "Actual Startup Time": 88.267,
                                            "Actual Total Time": 379.263,
                                            "Actual Rows": 11328,
                                            "Actual Loops": 1
                                        }
                                    ],
                                    "Plans": [
                                        {
                                            "Node Type": "Seq Scan",
                                            "Parent Relationship": "Outer",
                                            "Parallel Aware": true,
                                            "Relation Name": "movie_info",
                                            "Schema": "public",
                                            "Alias": "mi",
                                            "Startup Cost": 0.0,
                                            "Total Cost": 198880.74,
                                            "Plan Rows": 377518,
                                            "Plan Width": 4,
                                            "Actual Startup Time": 14.176,
                                            "Actual Total Time": 275.385,
                                            "Actual Rows": 310939,
                                            "Actual Loops": 6,
                                            "Output": [
                                                "mi.id",
                                                "mi.movie_id",
                                                "mi.info_type_id",
                                                "mi.info",
                                                "mi.note"
                                            ],
                                            "Filter": "(mi.info_type_id > 17)",
                                            "Rows Removed by Filter": 2161681,
                                            "Workers": [
                                                {
                                                    "Worker Number": 0,
                                                    "Actual Startup Time": 14.176,
                                                    "Actual Total Time": 276.548,
                                                    "Actual Rows": 294559,
                                                    "Actual Loops": 1
                                                },
                                                {
                                                    "Worker Number": 1,
                                                    "Actual Startup Time": 14.173,
                                                    "Actual Total Time": 276.256,
                                                    "Actual Rows": 291047,
                                                    "Actual Loops": 1
                                                },
                                                {
                                                    "Worker Number": 2,
                                                    "Actual Startup Time": 14.152,
                                                    "Actual Total Time": 276.916,
                                                    "Actual Rows": 281527,
                                                    "Actual Loops": 1
                                                },
                                                {
                                                    "Worker Number": 3,
                                                    "Actual Startup Time": 14.188,
                                                    "Actual Total Time": 276.209,
                                                    "Actual Rows": 295139,
                                                    "Actual Loops": 1
                                                },
                                                {
                                                    "Worker Number": 4,
                                                    "Actual Startup Time": 14.169,
                                                    "Actual Total Time": 277.015,
                                                    "Actual Rows": 282453,
                                                    "Actual Loops": 1
                                                }
                                            ]
                                        },
                                        {
                                            "Node Type": "Hash",
                                            "Parent Relationship": "Inner",
                                            "Parallel Aware": true,
                                            "Startup Cost": 45479.21,
                                            "Total Cost": 45479.21,
                                            "Plan Rows": 15596,
                                            "Plan Width": 4,
                                            "Actual Startup Time": 74.138,
                                            "Actual Total Time": 74.139,
                                            "Actual Rows": 8962,
                                            "Actual Loops": 6,
                                            "Output": [
                                                "t.id"
                                            ],
                                            "Hash Buckets": 65536,
                                            "Original Hash Buckets": 65536,
                                            "Hash Batches": 1,
                                            "Original Hash Batches": 1,
                                            "Peak Memory Usage": 2688,
                                            "Workers": [
                                                {
                                                    "Worker Number": 0,
                                                    "Actual Startup Time": 71.69,
                                                    "Actual Total Time": 71.69,
                                                    "Actual Rows": 7825,
                                                    "Actual Loops": 1
                                                },
                                                {
                                                    "Worker Number": 1,
                                                    "Actual Startup Time": 71.691,
                                                    "Actual Total Time": 71.692,
                                                    "Actual Rows": 7802,
                                                    "Actual Loops": 1
                                                },
                                                {
                                                    "Worker Number": 2,
                                                    "Actual Startup Time": 72.245,
                                                    "Actual Total Time": 72.246,
                                                    "Actual Rows": 7891,
                                                    "Actual Loops": 1
                                                },
                                                {
                                                    "Worker Number": 3,
                                                    "Actual Startup Time": 72.463,
                                                    "Actual Total Time": 72.464,
                                                    "Actual Rows": 8137,
                                                    "Actual Loops": 1
                                                },
                                                {
                                                    "Worker Number": 4,
                                                    "Actual Startup Time": 73.203,
                                                    "Actual Total Time": 73.204,
                                                    "Actual Rows": 7756,
                                                    "Actual Loops": 1
                                                }
                                            ],
                                            "Plans": [
                                                {
                                                    "Node Type": "Seq Scan",
                                                    "Parent Relationship": "Outer",
                                                    "Parallel Aware": true,
                                                    "Relation Name": "title",
                                                    "Schema": "public",
                                                    "Alias": "t",
                                                    "Startup Cost": 0.0,
                                                    "Total Cost": 45479.21,
                                                    "Plan Rows": 15596,
                                                    "Plan Width": 4,
                                                    "Actual Startup Time": 0.276,
                                                    "Actual Total Time": 70.709,
                                                    "Actual Rows": 8962,
                                                    "Actual Loops": 6,
                                                    "Output": [
                                                        "t.id"
                                                    ],
                                                    "Filter": "((t.kind_id < 7) AND (t.production_year = 2011))",
                                                    "Rows Removed by Filter": 412424,
                                                    "Workers": [
                                                        {
                                                            "Worker Number": 0,
                                                            "Actual Startup Time": 0.371,
                                                            "Actual Total Time": 68.404,
                                                            "Actual Rows": 7825,
                                                            "Actual Loops": 1
                                                        },
                                                        {
                                                            "Worker Number": 1,
                                                            "Actual Startup Time": 0.181,
                                                            "Actual Total Time": 68.221,
                                                            "Actual Rows": 7802,
                                                            "Actual Loops": 1
                                                        },
                                                        {
                                                            "Worker Number": 2,
                                                            "Actual Startup Time": 0.326,
                                                            "Actual Total Time": 69.131,
                                                            "Actual Rows": 7891,
                                                            "Actual Loops": 1
                                                        },
                                                        {
                                                            "Worker Number": 3,
                                                            "Actual Startup Time": 0.475,
                                                            "Actual Total Time": 69.302,
                                                            "Actual Rows": 8137,
                                                            "Actual Loops": 1
                                                        },
                                                        {
                                                            "Worker Number": 4,
                                                            "Actual Startup Time": 0.244,
                                                            "Actual Total Time": 69.766,
                                                            "Actual Rows": 7756,
                                                            "Actual Loops": 1
                                                        }
                                                    ]
                                                }
                                            ]
                                        }
                                    ]
                                }
                            ]
                        }
                    ]
                }
            ]
        },
        "Planning Time": 199.36,
        "Triggers": [],
        "Execution Time": 409.956
    }
]