{
  "Plan": {
    "Node Type": "Aggregate",
    "Strategy": "Plain",
    "Partial Mode": "Finalize",
    "Parallel Aware": false,
    "Startup Cost": 332405.36,
    "Total Cost": 332405.37,
    "Plan Rows": 1,
    "Plan Width": 8,
    "Actual Startup Time": 2027.687,
    "Actual Total Time": 2067.081,
    "Actual Rows": 1,
    "Actual Loops": 1,
    "Plans": [
      {
        "Node Type": "Gather",
        "Parent Relationship": "Outer",
        "Parallel Aware": false,
        "Startup Cost": 332405.25,
        "Total Cost": 332405.36,
        "Plan Rows": 1,
        "Plan Width": 8,
        "Actual Startup Time": 2027.027,
        "Actual Total Time": 2067.075,
        "Actual Rows": 2,
        "Actual Loops": 1,
        "Workers Planned": 1,
        "Workers Launched": 1,
        "Single Copy": false,
        "Plans": [
          {
            "Node Type": "Aggregate",
            "Strategy": "Plain",
            "Partial Mode": "Partial",
            "Parent Relationship": "Outer",
            "Parallel Aware": false,
            "Startup Cost": 331405.25,
            "Total Cost": 331405.26,
            "Plan Rows": 1,
            "Plan Width": 8,
            "Actual Startup Time": 2021.326,
            "Actual Total Time": 2021.33,
            "Actual Rows": 1,
            "Actual Loops": 2,
            "Plans": [
              {
                "Node Type": "Hash Join",
                "Parent Relationship": "Outer",
                "Parallel Aware": true,
                "Join Type": "Inner",
                "Startup Cost": 58912.74,
                "Total Cost": 330696.23,
                "Plan Rows": 283608,
                "Plan Width": 0,
                "Actual Startup Time": 199.712,
                "Actual Total Time": 1969.617,
                "Actual Rows": 1116159,
                "Actual Loops": 2,
                "Inner Unique": true,
                "Hash Cond": "(mi.movie_id = t.id)",
                "Plans": [
                  {
                    "Node Type": "Seq Scan",
                    "Parent Relationship": "Outer",
                    "Parallel Aware": true,
                    "Relation Name": "movie_info",
                    "Alias": "mi",
                    "Startup Cost": 0.0,
                    "Total Cost": 248955.74,
                    "Plan Rows": 8696274,
                    "Plan Width": 4,
                    "Actual Startup Time": 0.011,
                    "Actual Total Time": 752.649,
                    "Actual Rows": 7417860,
                    "Actual Loops": 2
                  },
                  {
                    "Node Type": "Hash",
                    "Parent Relationship": "Inner",
                    "Parallel Aware": true,
                    "Startup Cost": 58306.47,
                    "Total Cost": 58306.47,
                    "Plan Rows": 48502,
                    "Plan Width": 4,
                    "Actual Startup Time": 195.98,
                    "Actual Total Time": 195.981,
                    "Actual Rows": 93731,
                    "Actual Loops": 2,
                    "Hash Buckets": 262144,
                    "Original Hash Buckets": 131072,
                    "Hash Batches": 1,
                    "Original Hash Batches": 1,
                    "Peak Memory Usage": 10432,
                    "Plans": [
                      {
                        "Node Type": "Seq Scan",
                        "Parent Relationship": "Outer",
                        "Parallel Aware": true,
                        "Relation Name": "title",
                        "Alias": "t",
                        "Startup Cost": 0.0,
                        "Total Cost": 58306.47,
                        "Plan Rows": 48502,
                        "Plan Width": 4,
                        "Actual Startup Time": 0.501,
                        "Actual Total Time": 163.412,
                        "Actual Rows": 93731,
                        "Actual Loops": 2,
                        "Filter": "((kind_id < 7) AND (production_year < 1958))",
                        "Rows Removed by Filter": 1170425
                      }
                    ]
                  }
                ]
              }
            ]
          }
        ]
      }
    ]
  },
  "Planning Time": 0.435,
  "Triggers": [],
  "Execution Time": 2067.154
}