[
    {
        "Bao": {
            "Bao prediction": 1015.849,
            "Bao recommended hint": "SET enable_nestloop TO off; "
        }
    },
    {
        "Plan": {
            "Node Type": "Aggregate",
            "Strategy": "Plain",
            "Partial Mode": "Finalize",
            "Parallel Aware": false,
            "Startup Cost": 266098.24,
            "Total Cost": 266098.25,
            "Plan Rows": 1,
            "Plan Width": 8,
            "Actual Startup Time": 1026.457,
            "Actual Total Time": 1054.202,
            "Actual Rows": 1,
            "Actual Loops": 1,
            "Output": [
                "count(*)"
            ],
            "Plans": [
                {
                    "Node Type": "Gather",
                    "Parent Relationship": "Outer",
                    "Parallel Aware": false,
                    "Startup Cost": 266097.72,
                    "Total Cost": 266098.23,
                    "Plan Rows": 5,
                    "Plan Width": 8,
                    "Actual Startup Time": 1019.426,
                    "Actual Total Time": 1054.165,
                    "Actual Rows": 6,
                    "Actual Loops": 1,
                    "Output": [
                        "(PARTIAL count(*))"
                    ],
                    "Workers Planned": 5,
                    "Workers Launched": 5,
                    "Single Copy": false,
                    "Plans": [
                        {
                            "Node Type": "Aggregate",
                            "Strategy": "Plain",
                            "Partial Mode": "Partial",
                            "Parent Relationship": "Outer",
                            "Parallel Aware": false,
                            "Startup Cost": 265097.72,
                            "Total Cost": 265097.73,
                            "Plan Rows": 1,
                            "Plan Width": 8,
                            "Actual Startup Time": 1009.327,
                            "Actual Total Time": 1009.332,
                            "Actual Rows": 1,
                            "Actual Loops": 6,
                            "Output": [
                                "PARTIAL count(*)"
                            ],
                            "Workers": [
                                {
                                    "Worker Number": 0,
                                    "Actual Startup Time": 1012.03,
                                    "Actual Total Time": 1012.035,
                                    "Actual Rows": 1,
                                    "Actual Loops": 1
                                },
                                {
                                    "Worker Number": 1,
                                    "Actual Startup Time": 1007.613,
                                    "Actual Total Time": 1007.617,
                                    "Actual Rows": 1,
                                    "Actual Loops": 1
                                },
                                {
                                    "Worker Number": 2,
                                    "Actual Startup Time": 1008.431,
                                    "Actual Total Time": 1008.436,
                                    "Actual Rows": 1,
                                    "Actual Loops": 1
                                },
                                {
                                    "Worker Number": 3,
                                    "Actual Startup Time": 1004.715,
                                    "Actual Total Time": 1004.72,
                                    "Actual Rows": 1,
                                    "Actual Loops": 1
                                },
                                {
                                    "Worker Number": 4,
                                    "Actual Startup Time": 1004.715,
                                    "Actual Total Time": 1004.719,
                                    "Actual Rows": 1,
                                    "Actual Loops": 1
                                }
                            ],
                            "Plans": [
                                {
                                    "Node Type": "Hash Join",
                                    "Parent Relationship": "Outer",
                                    "Parallel Aware": true,
                                    "Join Type": "Inner",
                                    "Startup Cost": 63992.84,
                                    "Total Cost": 264928.03,
                                    "Plan Rows": 67875,
                                    "Plan Width": 0,
                                    "Actual Startup Time": 181.21,
                                    "Actual Total Time": 1005.829,
                                    "Actual Rows": 47553,
                                    "Actual Loops": 6,
                                    "Inner Unique": false,
                                    "Hash Cond": "(t.id = mi_idx.movie_id)",
                                    "Workers": [
                                        {
                                            "Worker Number": 0,
                                            "Actual Startup Time": 183.543,
                                            "Actual Total Time": 1008.699,
                                            "Actual Rows": 45379,
                                            "Actual Loops": 1
                                        },
                                        {
                                            "Worker Number": 1,
                                            "Actual Startup Time": 180.045,
                                            "Actual Total Time": 1004.163,
                                            "Actual Rows": 46110,
                                            "Actual Loops": 1
                                        },
                                        {
                                            "Worker Number": 2,
                                            "Actual Startup Time": 179.665,
                                            "Actual Total Time": 1004.836,
                                            "Actual Rows": 47983,
                                            "Actual Loops": 1
                                        },
                                        {
                                            "Worker Number": 3,
                                            "Actual Startup Time": 176.681,
                                            "Actual Total Time": 1001.225,
                                            "Actual Rows": 46211,
                                            "Actual Loops": 1
                                        },
                                        {
                                            "Worker Number": 4,
                                            "Actual Startup Time": 176.41,
                                            "Actual Total Time": 1001.292,
                                            "Actual Rows": 45523,
                                            "Actual Loops": 1
                                        }
                                    ],
                                    "Plans": [
                                        {
                                            "Node Type": "Hash Join",
                                            "Parent Relationship": "Outer",
                                            "Parallel Aware": true,
                                            "Join Type": "Inner",
                                            "Startup Cost": 46480.73,
                                            "Total Cost": 245730.36,
                                            "Plan Rows": 374068,
                                            "Plan Width": 8,
                                            "Actual Startup Time": 102.206,
                                            "Actual Total Time": 870.817,
                                            "Actual Rows": 156727,
                                            "Actual Loops": 6,
                                            "Output": [
                                                "t.id",
                                                "mi.movie_id"
                                            ],
                                            "Inner Unique": true,
                                            "Hash Cond": "(mi.movie_id = t.id)",
                                            "Workers": [
                                                {
                                                    "Worker Number": 0,
                                                    "Actual Startup Time": 102.02,
                                                    "Actual Total Time": 871.277,
                                                    "Actual Rows": 154021,
                                                    "Actual Loops": 1
                                                },
                                                {
                                                    "Worker Number": 1,
                                                    "Actual Startup Time": 102.444,
                                                    "Actual Total Time": 872.081,
                                                    "Actual Rows": 147138,
                                                    "Actual Loops": 1
                                                },
                                                {
                                                    "Worker Number": 2,
                                                    "Actual Startup Time": 102.043,
                                                    "Actual Total Time": 871.405,
                                                    "Actual Rows": 154620,
                                                    "Actual Loops": 1
                                                },
                                                {
                                                    "Worker Number": 3,
                                                    "Actual Startup Time": 102.479,
                                                    "Actual Total Time": 872.206,
                                                    "Actual Rows": 155035,
                                                    "Actual Loops": 1
                                                },
                                                {
                                                    "Worker Number": 4,
                                                    "Actual Startup Time": 102.133,
                                                    "Actual Total Time": 872.569,
                                                    "Actual Rows": 152539,
                                                    "Actual Loops": 1
                                                }
                                            ],
                                            "Plans": [
                                                {
                                                    "Node Type": "Seq Scan",
                                                    "Parent Relationship": "Outer",
                                                    "Parallel Aware": true,
                                                    "Relation Name": "movie_info",
                                                    "Schema": "public",
                                                    "Alias": "mi",
                                                    "Startup Cost": 0.0,
                                                    "Total Cost": 191503.19,
                                                    "Plan Rows": 2951019,
                                                    "Plan Width": 4,
                                                    "Actual Startup Time": 0.022,
                                                    "Actual Total Time": 370.457,
                                                    "Actual Rows": 2472620,
                                                    "Actual Loops": 6,
                                                    "Output": [
                                                        "mi.id",
                                                        "mi.movie_id",
                                                        "mi.info_type_id",
                                                        "mi.info",
                                                        "mi.note"
                                                    ],
                                                    "Workers": [
                                                        {
                                                            "Worker Number": 0,
                                                            "Actual Startup Time": 0.022,
                                                            "Actual Total Time": 385.327,
                                                            "Actual Rows": 2347551,
                                                            "Actual Loops": 1
                                                        },
                                                        {
                                                            "Worker Number": 1,
                                                            "Actual Startup Time": 0.027,
                                                            "Actual Total Time": 386.8,
                                                            "Actual Rows": 2308572,
                                                            "Actual Loops": 1
                                                        },
                                                        {
                                                            "Worker Number": 2,
                                                            "Actual Startup Time": 0.031,
                                                            "Actual Total Time": 378.323,
                                                            "Actual Rows": 2379503,
                                                            "Actual Loops": 1
                                                        },
                                                        {
                                                            "Worker Number": 3,
                                                            "Actual Startup Time": 0.026,
                                                            "Actual Total Time": 379.094,
                                                            "Actual Rows": 2387660,
                                                            "Actual Loops": 1
                                                        },
                                                        {
                                                            "Worker Number": 4,
                                                            "Actual Startup Time": 0.022,
                                                            "Actual Total Time": 376.829,
                                                            "Actual Rows": 2376302,
                                                            "Actual Loops": 1
                                                        }
                                                    ]
                                                },
                                                {
                                                    "Node Type": "Hash",
                                                    "Parent Relationship": "Inner",
                                                    "Parallel Aware": true,
                                                    "Startup Cost": 45479.21,
                                                    "Total Cost": 45479.21,
                                                    "Plan Rows": 80122,
                                                    "Plan Width": 4,
                                                    "Actual Startup Time": 100.311,
                                                    "Actual Total Time": 100.312,
                                                    "Actual Rows": 34968,
                                                    "Actual Loops": 6,
                                                    "Output": [
                                                        "t.id"
                                                    ],
                                                    "Hash Buckets": 524288,
                                                    "Original Hash Buckets": 524288,
                                                    "Hash Batches": 1,
                                                    "Original Hash Batches": 1,
                                                    "Peak Memory Usage": 12384,
                                                    "Workers": [
                                                        {
                                                            "Worker Number": 0,
                                                            "Actual Startup Time": 100.993,
                                                            "Actual Total Time": 100.994,
                                                            "Actual Rows": 50459,
                                                            "Actual Loops": 1
                                                        },
                                                        {
                                                            "Worker Number": 1,
                                                            "Actual Startup Time": 100.972,
                                                            "Actual Total Time": 100.973,
                                                            "Actual Rows": 32786,
                                                            "Actual Loops": 1
                                                        },
                                                        {
                                                            "Worker Number": 2,
                                                            "Actual Startup Time": 100.927,
                                                            "Actual Total Time": 100.928,
                                                            "Actual Rows": 34131,
                                                            "Actual Loops": 1
                                                        },
                                                        {
                                                            "Worker Number": 3,
                                                            "Actual Startup Time": 100.966,
                                                            "Actual Total Time": 100.967,
                                                            "Actual Rows": 17856,
                                                            "Actual Loops": 1
                                                        },
                                                        {
                                                            "Worker Number": 4,
                                                            "Actual Startup Time": 100.958,
                                                            "Actual Total Time": 100.958,
                                                            "Actual Rows": 24298,
                                                            "Actual Loops": 1
                                                        }
                                                    ],
                                                    "Plans": [
                                                        {
                                                            "Node Type": "Seq Scan",
                                                            "Parent Relationship": "Outer",
                                                            "Parallel Aware": true,
                                                            "Relation Name": "title",
                                                            "Schema": "public",
                                                            "Alias": "t",
                                                            "Startup Cost": 0.0,
                                                            "Total Cost": 45479.21,
                                                            "Plan Rows": 80122,
                                                            "Plan Width": 4,
                                                            "Actual Startup Time": 0.026,
                                                            "Actual Total Time": 81.252,
                                                            "Actual Rows": 34968,
                                                            "Actual Loops": 6,
                                                            "Output": [
                                                                "t.id"
                                                            ],
                                                            "Filter": "((t.production_year < 1981) AND (t.kind_id = 7))",
                                                            "Rows Removed by Filter": 386418,
                                                            "Workers": [
                                                                {
                                                                    "Worker Number": 0,
                                                                    "Actual Startup Time": 0.019,
                                                                    "Actual Total Time": 79.676,
                                                                    "Actual Rows": 50459,
                                                                    "Actual Loops": 1
                                                                },
                                                                {
                                                                    "Worker Number": 1,
                                                                    "Actual Startup Time": 0.024,
                                                                    "Actual Total Time": 81.521,
                                                                    "Actual Rows": 32786,
                                                                    "Actual Loops": 1
                                                                },
                                                                {
                                                                    "Worker Number": 2,
                                                                    "Actual Startup Time": 0.027,
                                                                    "Actual Total Time": 81.232,
                                                                    "Actual Rows": 34131,
                                                                    "Actual Loops": 1
                                                                },
                                                                {
                                                                    "Worker Number": 3,
                                                                    "Actual Startup Time": 0.036,
                                                                    "Actual Total Time": 83.584,
                                                                    "Actual Rows": 17856,
                                                                    "Actual Loops": 1
                                                                },
                                                                {
                                                                    "Worker Number": 4,
                                                                    "Actual Startup Time": 0.039,
                                                                    "Actual Total Time": 83.107,
                                                                    "Actual Rows": 24298,
                                                                    "Actual Loops": 1
                                                                }
                                                            ]
                                                        }
                                                    ]
                                                }
                                            ]
                                        },
                                        {
                                            "Node Type": "Hash",
                                            "Parent Relationship": "Inner",
                                            "Parallel Aware": true,
                                            "Startup Cost": 15122.68,
                                            "Total Cost": 15122.68,
                                            "Plan Rows": 191154,
                                            "Plan Width": 4,
                                            "Actual Startup Time": 76.172,
                                            "Actual Total Time": 76.173,
                                            "Actual Rows": 76654,
                                            "Actual Loops": 6,
                                            "Output": [
                                                "mi_idx.movie_id"
                                            ],
                                            "Hash Buckets": 524288,
                                            "Original Hash Buckets": 524288,
                                            "Hash Batches": 1,
                                            "Original Hash Batches": 1,
                                            "Peak Memory Usage": 22240,
                                            "Workers": [
                                                {
                                                    "Worker Number": 0,
                                                    "Actual Startup Time": 81.262,
                                                    "Actual Total Time": 81.263,
                                                    "Actual Rows": 126222,
                                                    "Actual Loops": 1
                                                },
                                                {
                                                    "Worker Number": 1,
                                                    "Actual Startup Time": 76.376,
                                                    "Actual Total Time": 76.376,
                                                    "Actual Rows": 75299,
                                                    "Actual Loops": 1
                                                },
                                                {
                                                    "Worker Number": 2,
                                                    "Actual Startup Time": 76.665,
                                                    "Actual Total Time": 76.666,
                                                    "Actual Rows": 77860,
                                                    "Actual Loops": 1
                                                },
                                                {
                                                    "Worker Number": 3,
                                                    "Actual Startup Time": 73.19,
                                                    "Actual Total Time": 73.191,
                                                    "Actual Rows": 41739,
                                                    "Actual Loops": 1
                                                },
                                                {
                                                    "Worker Number": 4,
                                                    "Actual Startup Time": 73.175,
                                                    "Actual Total Time": 73.176,
                                                    "Actual Rows": 41922,
                                                    "Actual Loops": 1
                                                }
                                            ],
                                            "Plans": [
                                                {
                                                    "Node Type": "Seq Scan",
                                                    "Parent Relationship": "Outer",
                                                    "Parallel Aware": true,
                                                    "Relation Name": "movie_info_idx",
                                                    "Schema": "public",
                                                    "Alias": "mi_idx",
                                                    "Startup Cost": 0.0,
                                                    "Total Cost": 15122.68,
                                                    "Plan Rows": 191154,
                                                    "Plan Width": 4,
                                                    "Actual Startup Time": 0.052,
                                                    "Actual Total Time": 39.831,
                                                    "Actual Rows": 76654,
                                                    "Actual Loops": 6,
                                                    "Output": [
                                                        "mi_idx.movie_id"
                                                    ],
                                                    "Filter": "(mi_idx.info_type_id = 99)",
                                                    "Rows Removed by Filter": 153352,
                                                    "Workers": [
                                                        {
                                                            "Worker Number": 0,
                                                            "Actual Startup Time": 0.027,
                                                            "Actual Total Time": 38.022,
                                                            "Actual Rows": 126222,
                                                            "Actual Loops": 1
                                                        },
                                                        {
                                                            "Worker Number": 1,
                                                            "Actual Startup Time": 0.057,
                                                            "Actual Total Time": 40.376,
                                                            "Actual Rows": 75299,
                                                            "Actual Loops": 1
                                                        },
                                                        {
                                                            "Worker Number": 2,
                                                            "Actual Startup Time": 0.058,
                                                            "Actual Total Time": 40.767,
                                                            "Actual Rows": 77860,
                                                            "Actual Loops": 1
                                                        },
                                                        {
                                                            "Worker Number": 3,
                                                            "Actual Startup Time": 0.075,
                                                            "Actual Total Time": 41.518,
                                                            "Actual Rows": 41739,
                                                            "Actual Loops": 1
                                                        },
                                                        {
                                                            "Worker Number": 4,
                                                            "Actual Startup Time": 0.075,
                                                            "Actual Total Time": 41.854,
                                                            "Actual Rows": 41922,
                                                            "Actual Loops": 1
                                                        }
                                                    ]
                                                }
                                            ]
                                        }
                                    ]
                                }
                            ]
                        }
                    ]
                }
            ]
        },
        "Planning Time": 2163.921,
        "Triggers": [],
        "Execution Time": 1054.326
    }
]