[
  {
    "Plan": {
      "Node Type": "Aggregate",
      "Strategy": "Plain",
      "Partial Mode": "Finalize",
      "Parallel Aware": false,
      "Startup Cost": 335013.66,
      "Total Cost": 335013.67,
      "Plan Rows": 1,
      "Plan Width": 8,
      "Actual Startup Time": 446.332,
      "Actual Total Time": 468.302,
      "Actual Rows": 1,
      "Actual Loops": 1,
      "Plans": [
        {
          "Node Type": "Gather",
          "Parent Relationship": "Outer",
          "Parallel Aware": false,
          "Startup Cost": 335013.03,
          "Total Cost": 335013.64,
          "Plan Rows": 6,
          "Plan Width": 8,
          "Actual Startup Time": 446.094,
          "Actual Total Time": 468.294,
          "Actual Rows": 7,
          "Actual Loops": 1,
          "Workers Planned": 6,
          "Workers Launched": 6,
          "Single Copy": false,
          "Plans": [
            {
              "Node Type": "Aggregate",
              "Strategy": "Plain",
              "Partial Mode": "Partial",
              "Parent Relationship": "Outer",
              "Parallel Aware": false,
              "Startup Cost": 334013.03,
              "Total Cost": 334013.04,
              "Plan Rows": 1,
              "Plan Width": 8,
              "Actual Startup Time": 435.568,
              "Actual Total Time": 435.569,
              "Actual Rows": 1,
              "Actual Loops": 7,
              "Plans": [
                {
                  "Node Type": "Index Scan",
                  "Parent Relationship": "Outer",
                  "Parallel Aware": true,
                  "Scan Direction": "Forward",
                  "Index Name": "role_id_cast_info",
                  "Relation Name": "cast_info",
                  "Alias": "ci",
                  "Startup Cost": 0.56,
                  "Total Cost": 331632.96,
                  "Plan Rows": 952028,
                  "Plan Width": 0,
                  "Actual Startup Time": 0.258,
                  "Actual Total Time": 380.067,
                  "Actual Rows": 1199339,
                  "Actual Loops": 7,
                  "Index Cond": "(role_id > 3)",
                  "Rows Removed by Index Recheck": 0,
                  "Filter": "(person_id > 1957023)",
                  "Rows Removed by Filter": 531182
                }
              ]
            }
          ]
        }
      ]
    },
    "Planning Time": 0.205,
    "Triggers": [],
    "Execution Time": 468.39
  }
]