{
    "Plan": {
        "Node Type": "Aggregate",
        "Strategy": "Plain",
        "Partial Mode": "Finalize",
        "Parallel Aware": false,
        "Startup Cost": 76554.91,
        "Total Cost": 76554.92,
        "Plan Rows": 1,
        "Plan Width": 8,
        "Actual Startup Time": 228.957,
        "Actual Total Time": 244.178,
        "Actual Rows": 1,
        "Actual Loops": 1,
        "Output": [
            "count(*)"
        ],
        "Plans": [
            {
                "Node Type": "Gather",
                "Parent Relationship": "Outer",
                "Parallel Aware": false,
                "Startup Cost": 76554.59,
                "Total Cost": 76554.9,
                "Plan Rows": 3,
                "Plan Width": 8,
                "Actual Startup Time": 228.298,
                "Actual Total Time": 244.169,
                "Actual Rows": 4,
                "Actual Loops": 1,
                "Output": [
                    "(PARTIAL count(*))"
                ],
                "Workers Planned": 3,
                "Workers Launched": 3,
                "Single Copy": false,
                "Plans": [
                    {
                        "Node Type": "Aggregate",
                        "Strategy": "Plain",
                        "Partial Mode": "Partial",
                        "Parent Relationship": "Outer",
                        "Parallel Aware": false,
                        "Startup Cost": 75554.59,
                        "Total Cost": 75554.6,
                        "Plan Rows": 1,
                        "Plan Width": 8,
                        "Actual Startup Time": 219.449,
                        "Actual Total Time": 219.452,
                        "Actual Rows": 1,
                        "Actual Loops": 4,
                        "Output": [
                            "PARTIAL count(*)"
                        ],
                        "Workers": [
                            {
                                "Worker Number": 0,
                                "Actual Startup Time": 216.642,
                                "Actual Total Time": 216.645,
                                "Actual Rows": 1,
                                "Actual Loops": 1
                            },
                            {
                                "Worker Number": 1,
                                "Actual Startup Time": 216.694,
                                "Actual Total Time": 216.697,
                                "Actual Rows": 1,
                                "Actual Loops": 1
                            },
                            {
                                "Worker Number": 2,
                                "Actual Startup Time": 216.857,
                                "Actual Total Time": 216.861,
                                "Actual Rows": 1,
                                "Actual Loops": 1
                            }
                        ],
                        "Plans": [
                            {
                                "Node Type": "Hash Join",
                                "Parent Relationship": "Outer",
                                "Parallel Aware": true,
                                "Join Type": "Inner",
                                "Startup Cost": 46000.01,
                                "Total Cost": 75415.9,
                                "Plan Rows": 55479,
                                "Plan Width": 0,
                                "Actual Startup Time": 102.186,
                                "Actual Total Time": 218.53,
                                "Actual Rows": 21903,
                                "Actual Loops": 4,
                                "Inner Unique": true,
                                "Hash Cond": "(mc.movie_id = t.id)",
                                "Workers": [
                                    {
                                        "Worker Number": 0,
                                        "Actual Startup Time": 99.671,
                                        "Actual Total Time": 215.706,
                                        "Actual Rows": 22410,
                                        "Actual Loops": 1
                                    },
                                    {
                                        "Worker Number": 1,
                                        "Actual Startup Time": 99.241,
                                        "Actual Total Time": 215.812,
                                        "Actual Rows": 21377,
                                        "Actual Loops": 1
                                    },
                                    {
                                        "Worker Number": 2,
                                        "Actual Startup Time": 99.413,
                                        "Actual Total Time": 216.066,
                                        "Actual Rows": 18998,
                                        "Actual Loops": 1
                                    }
                                ],
                                "Plans": [
                                    {
                                        "Node Type": "Seq Scan",
                                        "Parent Relationship": "Outer",
                                        "Parallel Aware": true,
                                        "Relation Name": "movie_companies",
                                        "Schema": "public",
                                        "Alias": "mc",
                                        "Startup Cost": 0.0,
                                        "Total Cost": 27206.55,
                                        "Plan Rows": 841655,
                                        "Plan Width": 4,
                                        "Actual Startup Time": 0.018,
                                        "Actual Total Time": 53.987,
                                        "Actual Rows": 652282,
                                        "Actual Loops": 4,
                                        "Output": [
                                            "mc.id",
                                            "mc.movie_id",
                                            "mc.company_id",
                                            "mc.company_type_id",
                                            "mc.note"
                                        ],
                                        "Workers": [
                                            {
                                                "Worker Number": 0,
                                                "Actual Startup Time": 0.02,
                                                "Actual Total Time": 54.314,
                                                "Actual Rows": 635023,
                                                "Actual Loops": 1
                                            },
                                            {
                                                "Worker Number": 1,
                                                "Actual Startup Time": 0.021,
                                                "Actual Total Time": 54.428,
                                                "Actual Rows": 639796,
                                                "Actual Loops": 1
                                            },
                                            {
                                                "Worker Number": 2,
                                                "Actual Startup Time": 0.024,
                                                "Actual Total Time": 55.092,
                                                "Actual Rows": 567699,
                                                "Actual Loops": 1
                                            }
                                        ]
                                    },
                                    {
                                        "Node Type": "Hash",
                                        "Parent Relationship": "Inner",
                                        "Parallel Aware": true,
                                        "Startup Cost": 45479.21,
                                        "Total Cost": 45479.21,
                                        "Plan Rows": 41664,
                                        "Plan Width": 4,
                                        "Actual Startup Time": 99.409,
                                        "Actual Total Time": 99.41,
                                        "Actual Rows": 16520,
                                        "Actual Loops": 4,
                                        "Output": [
                                            "t.id"
                                        ],
                                        "Hash Buckets": 262144,
                                        "Original Hash Buckets": 262144,
                                        "Hash Batches": 1,
                                        "Original Hash Batches": 1,
                                        "Peak Memory Usage": 4704,
                                        "Workers": [
                                            {
                                                "Worker Number": 0,
                                                "Actual Startup Time": 98.407,
                                                "Actual Total Time": 98.408,
                                                "Actual Rows": 13911,
                                                "Actual Loops": 1
                                            },
                                            {
                                                "Worker Number": 1,
                                                "Actual Startup Time": 98.398,
                                                "Actual Total Time": 98.398,
                                                "Actual Rows": 14213,
                                                "Actual Loops": 1
                                            },
                                            {
                                                "Worker Number": 2,
                                                "Actual Startup Time": 98.669,
                                                "Actual Total Time": 98.67,
                                                "Actual Rows": 13550,
                                                "Actual Loops": 1
                                            }
                                        ],
                                        "Plans": [
                                            {
                                                "Node Type": "Seq Scan",
                                                "Parent Relationship": "Outer",
                                                "Parallel Aware": true,
                                                "Relation Name": "title",
                                                "Schema": "public",
                                                "Alias": "t",
                                                "Startup Cost": 0.0,
                                                "Total Cost": 45479.21,
                                                "Plan Rows": 41664,
                                                "Plan Width": 4,
                                                "Actual Startup Time": 0.062,
                                                "Actual Total Time": 92.139,
                                                "Actual Rows": 16520,
                                                "Actual Loops": 4,
                                                "Output": [
                                                    "t.id"
                                                ],
                                                "Filter": "((t.production_year < 1963) AND (t.kind_id = 7))",
                                                "Rows Removed by Filter": 615558,
                                                "Workers": [
                                                    {
                                                        "Worker Number": 0,
                                                        "Actual Startup Time": 0.053,
                                                        "Actual Total Time": 90.726,
                                                        "Actual Rows": 13911,
                                                        "Actual Loops": 1
                                                    },
                                                    {
                                                        "Worker Number": 1,
                                                        "Actual Startup Time": 0.071,
                                                        "Actual Total Time": 91.737,
                                                        "Actual Rows": 14213,
                                                        "Actual Loops": 1
                                                    },
                                                    {
                                                        "Worker Number": 2,
                                                        "Actual Startup Time": 0.102,
                                                        "Actual Total Time": 91.327,
                                                        "Actual Rows": 13550,
                                                        "Actual Loops": 1
                                                    }
                                                ]
                                            }
                                        ]
                                    }
                                ]
                            }
                        ]
                    }
                ]
            }
        ]
    },
    "Planning Time": 0.701,
    "Triggers": [],
    "Execution Time": 244.245
}