{
  "Plan": {
    "Node Type": "Aggregate",
    "Strategy": "Plain",
    "Partial Mode": "Finalize",
    "Parallel Aware": false,
    "Startup Cost": 226465.23,
    "Total Cost": 226465.24,
    "Plan Rows": 1,
    "Plan Width": 8,
    "Actual Startup Time": 178.288,
    "Actual Total Time": 188.255,
    "Actual Rows": 1,
    "Actual Loops": 1,
    "Plans": [
      {
        "Node Type": "Gather",
        "Parent Relationship": "Outer",
        "Parallel Aware": false,
        "Startup Cost": 226465.12,
        "Total Cost": 226465.23,
        "Plan Rows": 1,
        "Plan Width": 8,
        "Actual Startup Time": 177.984,
        "Actual Total Time": 188.249,
        "Actual Rows": 2,
        "Actual Loops": 1,
        "Workers Planned": 1,
        "Workers Launched": 1,
        "Single Copy": false,
        "Plans": [
          {
            "Node Type": "Aggregate",
            "Strategy": "Plain",
            "Partial Mode": "Partial",
            "Parent Relationship": "Outer",
            "Parallel Aware": false,
            "Startup Cost": 225465.12,
            "Total Cost": 225465.13,
            "Plan Rows": 1,
            "Plan Width": 8,
            "Actual Startup Time": 172.135,
            "Actual Total Time": 172.138,
            "Actual Rows": 1,
            "Actual Loops": 2,
            "Plans": [
              {
                "Node Type": "Hash Join",
                "Parent Relationship": "Outer",
                "Parallel Aware": true,
                "Join Type": "Inner",
                "Startup Cost": 57793.58,
                "Total Cost": 225460.21,
                "Plan Rows": 1966,
                "Plan Width": 0,
                "Actual Startup Time": 155.559,
                "Actual Total Time": 171.933,
                "Actual Rows": 3705,
                "Actual Loops": 2,
                "Inner Unique": true,
                "Hash Cond": "(mi.movie_id = t.id)",
                "Plans": [
                  {
                    "Node Type": "Bitmap Heap Scan",
                    "Parent Relationship": "Outer",
                    "Parallel Aware": true,
                    "Relation Name": "movie_info",
                    "Alias": "mi",
                    "Startup Cost": 2803.64,
                    "Total Cost": 170231.34,
                    "Plan Rows": 91021,
                    "Plan Width": 4,
                    "Actual Startup Time": 7.262,
                    "Actual Total Time": 19.941,
                    "Actual Rows": 73744,
                    "Actual Loops": 2,
                    "Recheck Cond": "(info_type_id = 107)",
                    "Rows Removed by Index Recheck": 0,
                    "Exact Heap Blocks": 2706,
                    "Lossy Heap Blocks": 0,
                    "Plans": [
                      {
                        "Node Type": "Bitmap Index Scan",
                        "Parent Relationship": "Outer",
                        "Parallel Aware": false,
                        "Index Name": "info_type_id_movie_info",
                        "Startup Cost": 0.0,
                        "Total Cost": 2764.95,
                        "Plan Rows": 154736,
                        "Plan Width": 0,
                        "Actual Startup Time": 6.57,
                        "Actual Total Time": 6.571,
                        "Actual Rows": 147487,
                        "Actual Loops": 1,
                        "Index Cond": "(info_type_id = 107)"
                      }
                    ]
                  },
                  {
                    "Node Type": "Hash",
                    "Parent Relationship": "Inner",
                    "Parallel Aware": true,
                    "Startup Cost": 54588.39,
                    "Total Cost": 54588.39,
                    "Plan Rows": 32124,
                    "Plan Width": 4,
                    "Actual Startup Time": 143.111,
                    "Actual Total Time": 143.112,
                    "Actual Rows": 25282,
                    "Actual Loops": 2,
                    "Hash Buckets": 65536,
                    "Original Hash Buckets": 65536,
                    "Hash Batches": 1,
                    "Original Hash Batches": 1,
                    "Peak Memory Usage": 2528,
                    "Plans": [
                      {
                        "Node Type": "Seq Scan",
                        "Parent Relationship": "Outer",
                        "Parallel Aware": true,
                        "Relation Name": "title",
                        "Alias": "t",
                        "Startup Cost": 0.0,
                        "Total Cost": 54588.39,
                        "Plan Rows": 32124,
                        "Plan Width": 4,
                        "Actual Startup Time": 0.044,
                        "Actual Total Time": 135.165,
                        "Actual Rows": 25282,
                        "Actual Loops": 2,
                        "Filter": "(production_year = 1999)",
                        "Rows Removed by Filter": 1238874
                      }
                    ]
                  }
                ]
              }
            ]
          }
        ]
      }
    ]
  },
  "Planning Time": 0.414,
  "Triggers": [],
  "Execution Time": 188.339
}