{
  "Plan": {
    "Node Type": "Aggregate",
    "Strategy": "Plain",
    "Partial Mode": "Simple",
    "Parallel Aware": false,
    "Startup Cost": 15017.9,
    "Total Cost": 15017.91,
    "Plan Rows": 1,
    "Plan Width": 64,
    "Actual Startup Time": 3423.262,
    "Actual Total Time": 3423.268,
    "Actual Rows": 1,
    "Actual Loops": 1,
    "Plans": [
      {
        "Node Type": "Nested Loop",
        "Parent Relationship": "Outer",
        "Parallel Aware": false,
        "Join Type": "Inner",
        "Startup Cost": 13.09,
        "Total Cost": 15017.89,
        "Plan Rows": 3,
        "Plan Width": 32,
        "Actual Startup Time": 5.585,
        "Actual Total Time": 3420.709,
        "Actual Rows": 11481,
        "Actual Loops": 1,
        "Inner Unique": true,
        "Plans": [
          {
            "Node Type": "Nested Loop",
            "Parent Relationship": "Outer",
            "Parallel Aware": false,
            "Join Type": "Inner",
            "Startup Cost": 12.66,
            "Total Cost": 15016.52,
            "Plan Rows": 3,
            "Plan Width": 21,
            "Actual Startup Time": 5.559,
            "Actual Total Time": 3341.608,
            "Actual Rows": 11481,
            "Actual Loops": 1,
            "Inner Unique": true,
            "Plans": [
              {
                "Node Type": "Nested Loop",
                "Parent Relationship": "Outer",
                "Parallel Aware": false,
                "Join Type": "Inner",
                "Startup Cost": 12.23,
                "Total Cost": 14990.57,
                "Plan Rows": 57,
                "Plan Width": 25,
                "Actual Startup Time": 5.128,
                "Actual Total Time": 1804.777,
                "Actual Rows": 965142,
                "Actual Loops": 1,
                "Inner Unique": false,
                "Plans": [
                  {
                    "Node Type": "Nested Loop",
                    "Parent Relationship": "Outer",
                    "Parallel Aware": false,
                    "Join Type": "Inner",
                    "Startup Cost": 11.67,
                    "Total Cost": 14983.22,
                    "Plan Rows": 4,
                    "Plan Width": 29,
                    "Actual Startup Time": 5.093,
                    "Actual Total Time": 446.534,
                    "Actual Rows": 10772,
                    "Actual Loops": 1,
                    "Inner Unique": false,
                    "Join Filter": "(t.kind_id = kt.id)",
                    "Rows Removed by Join Filter": 2107,
                    "Plans": [
                      {
                        "Node Type": "Seq Scan",
                        "Parent Relationship": "Outer",
                        "Parallel Aware": false,
                        "Relation Name": "kind_type",
                        "Alias": "kt",
                        "Startup Cost": 0.0,
                        "Total Cost": 1.09,
                        "Plan Rows": 1,
                        "Plan Width": 4,
                        "Actual Startup Time": 0.02,
                        "Actual Total Time": 0.024,
                        "Actual Rows": 1,
                        "Actual Loops": 1,
                        "Filter": "((kind)::text = 'movie'::text)",
                        "Rows Removed by Filter": 6
                      },
                      {
                        "Node Type": "Nested Loop",
                        "Parent Relationship": "Inner",
                        "Parallel Aware": false,
                        "Join Type": "Inner",
                        "Startup Cost": 11.67,
                        "Total Cost": 14981.82,
                        "Plan Rows": 25,
                        "Plan Width": 33,
                        "Actual Startup Time": 1.962,
                        "Actual Total Time": 444.658,
                        "Actual Rows": 12879,
                        "Actual Loops": 1,
                        "Inner Unique": true,
                        "Plans": [
                          {
                            "Node Type": "Nested Loop",
                            "Parent Relationship": "Outer",
                            "Parallel Aware": false,
                            "Join Type": "Inner",
                            "Startup Cost": 11.24,
                            "Total Cost": 14967.61,
                            "Plan Rows": 29,
                            "Plan Width": 8,
                            "Actual Startup Time": 1.942,
                            "Actual Total Time": 373.643,
                            "Actual Rows": 17770,
                            "Actual Loops": 1,
                            "Inner Unique": false,
                            "Join Filter": "(cc.status_id = cct2.id)",
                            "Rows Removed by Join Filter": 17770,
                            "Plans": [
                              {
                                "Node Type": "Seq Scan",
                                "Parent Relationship": "Outer",
                                "Parallel Aware": false,
                                "Relation Name": "comp_cast_type",
                                "Alias": "cct2",
                                "Startup Cost": 0.0,
                                "Total Cost": 1.05,
                                "Plan Rows": 1,
                                "Plan Width": 4,
                                "Actual Startup Time": 0.015,
                                "Actual Total Time": 0.018,
                                "Actual Rows": 2,
                                "Actual Loops": 1,
                                "Filter": "((kind)::text ~~ '%complete%'::text)",
                                "Rows Removed by Filter": 2
                              },
                              {
                                "Node Type": "Nested Loop",
                                "Parent Relationship": "Inner",
                                "Parallel Aware": false,
                                "Join Type": "Inner",
                                "Startup Cost": 11.24,
                                "Total Cost": 14965.13,
                                "Plan Rows": 115,
                                "Plan Width": 12,
                                "Actual Startup Time": 1.206,
                                "Actual Total Time": 184.93,
                                "Actual Rows": 17770,
                                "Actual Loops": 2,
                                "Inner Unique": false,
                                "Join Filter": "(cc.subject_id = cct1.id)",
                                "Rows Removed by Join Filter": 8407,
                                "Plans": [
                                  {
                                    "Node Type": "Seq Scan",
                                    "Parent Relationship": "Outer",
                                    "Parallel Aware": false,
                                    "Relation Name": "comp_cast_type",
                                    "Alias": "cct1",
                                    "Startup Cost": 0.0,
                                    "Total Cost": 1.05,
                                    "Plan Rows": 1,
                                    "Plan Width": 4,
                                    "Actual Startup Time": 0.006,
                                    "Actual Total Time": 0.007,
                                    "Actual Rows": 1,
                                    "Actual Loops": 2,
                                    "Filter": "((kind)::text = 'cast'::text)",
                                    "Rows Removed by Filter": 3
                                  },
                                  {
                                    "Node Type": "Nested Loop",
                                    "Parent Relationship": "Inner",
                                    "Parallel Aware": false,
                                    "Join Type": "Inner",
                                    "Startup Cost": 11.24,
                                    "Total Cost": 14958.33,
                                    "Plan Rows": 460,
                                    "Plan Width": 16,
                                    "Actual Startup Time": 1.197,
                                    "Actual Total Time": 182.403,
                                    "Actual Rows": 26177,
                                    "Actual Loops": 2,
                                    "Inner Unique": false,
                                    "Plans": [
                                      {
                                        "Node Type": "Nested Loop",
                                        "Parent Relationship": "Outer",
                                        "Parallel Aware": false,
                                        "Join Type": "Inner",
                                        "Startup Cost": 10.82,
                                        "Total Cost": 14797.9,
                                        "Plan Rows": 337,
                                        "Plan Width": 4,
                                        "Actual Startup Time": 1.012,
                                        "Actual Total Time": 99.408,
                                        "Actual Rows": 55325,
                                        "Actual Loops": 2,
                                        "Inner Unique": false,
                                        "Plans": [
                                          {
                                            "Node Type": "Seq Scan",
                                            "Parent Relationship": "Outer",
                                            "Parallel Aware": false,
                                            "Relation Name": "keyword",
                                            "Alias": "k",
                                            "Startup Cost": 0.0,
                                            "Total Cost": 3967.82,
                                            "Plan Rows": 10,
                                            "Plan Width": 4,
                                            "Actual Startup Time": 0.205,
                                            "Actual Total Time": 23.787,
                                            "Actual Rows": 9,
                                            "Actual Loops": 2,
                                            "Filter": "(keyword = ANY ('{violence,murder,fight,superhero,based-on-comic,second-part,computer-animated-movie,death,tv-special,spain}'::text[]))",
                                            "Rows Removed by Filter": 134161
                                          },
                                          {
                                            "Node Type": "Bitmap Heap Scan",
                                            "Parent Relationship": "Inner",
                                            "Parallel Aware": false,
                                            "Relation Name": "movie_keyword",
                                            "Alias": "mk",
                                            "Startup Cost": 10.82,
                                            "Total Cost": 1079.93,
                                            "Plan Rows": 308,
                                            "Plan Width": 8,
                                            "Actual Startup Time": 1.046,
                                            "Actual Total Time": 7.863,
                                            "Actual Rows": 6147,
                                            "Actual Loops": 18,
                                            "Recheck Cond": "(keyword_id = k.id)",
                                            "Rows Removed by Index Recheck": 0,
                                            "Exact Heap Blocks": 78582,
                                            "Lossy Heap Blocks": 0,
                                            "Plans": [
                                              {
                                                "Node Type": "Bitmap Index Scan",
                                                "Parent Relationship": "Outer",
                                                "Parallel Aware": false,
                                                "Index Name": "keyword_id_movie_keyword",
                                                "Startup Cost": 0.0,
                                                "Total Cost": 10.74,
                                                "Plan Rows": 308,
                                                "Plan Width": 0,
                                                "Actual Startup Time": 0.553,
                                                "Actual Total Time": 0.553,
                                                "Actual Rows": 6147,
                                                "Actual Loops": 18,
                                                "Index Cond": "(keyword_id = k.id)"
                                              }
                                            ]
                                          }
                                        ]
                                      },
                                      {
                                        "Node Type": "Index Scan",
                                        "Parent Relationship": "Inner",
                                        "Parallel Aware": false,
                                        "Scan Direction": "Forward",
                                        "Index Name": "movie_id_complete_cast",
                                        "Relation Name": "complete_cast",
                                        "Alias": "cc",
                                        "Startup Cost": 0.42,
                                        "Total Cost": 0.46,
                                        "Plan Rows": 2,
                                        "Plan Width": 12,
                                        "Actual Startup Time": 0.001,
                                        "Actual Total Time": 0.001,
                                        "Actual Rows": 0,
                                        "Actual Loops": 110650,
                                        "Index Cond": "(movie_id = mk.movie_id)",
                                        "Rows Removed by Index Recheck": 0
                                      }
                                    ]
                                  }
                                ]
                              }
                            ]
                          },
                          {
                            "Node Type": "Index Scan",
                            "Parent Relationship": "Inner",
                            "Parallel Aware": false,
                            "Scan Direction": "Forward",
                            "Index Name": "title_pkey",
                            "Relation Name": "title",
                            "Alias": "t",
                            "Startup Cost": 0.43,
                            "Total Cost": 0.49,
                            "Plan Rows": 1,
                            "Plan Width": 25,
                            "Actual Startup Time": 0.004,
                            "Actual Total Time": 0.004,
                            "Actual Rows": 1,
                            "Actual Loops": 17770,
                            "Index Cond": "(id = mk.movie_id)",
                            "Rows Removed by Index Recheck": 0,
                            "Filter": "(production_year > 1964)",
                            "Rows Removed by Filter": 0
                          }
                        ]
                      }
                    ]
                  },
                  {
                    "Node Type": "Index Scan",
                    "Parent Relationship": "Inner",
                    "Parallel Aware": false,
                    "Scan Direction": "Forward",
                    "Index Name": "movie_id_cast_info",
                    "Relation Name": "cast_info",
                    "Alias": "ci",
                    "Startup Cost": 0.56,
                    "Total Cost": 1.5,
                    "Plan Rows": 34,
                    "Plan Width": 12,
                    "Actual Startup Time": 0.007,
                    "Actual Total Time": 0.117,
                    "Actual Rows": 90,
                    "Actual Loops": 10772,
                    "Index Cond": "(movie_id = mk.movie_id)",
                    "Rows Removed by Index Recheck": 0
                  }
                ]
              },
              {
                "Node Type": "Index Scan",
                "Parent Relationship": "Inner",
                "Parallel Aware": false,
                "Scan Direction": "Forward",
                "Index Name": "char_name_pkey",
                "Relation Name": "char_name",
                "Alias": "chn",
                "Startup Cost": 0.43,
                "Total Cost": 0.46,
                "Plan Rows": 1,
                "Plan Width": 4,
                "Actual Startup Time": 0.001,
                "Actual Total Time": 0.001,
                "Actual Rows": 0,
                "Actual Loops": 965142,
                "Index Cond": "(id = ci.person_role_id)",
                "Rows Removed by Index Recheck": 0,
                "Filter": "((name IS NOT NULL) AND (name ~~ '%-%'::text))",
                "Rows Removed by Filter": 0
              }
            ]
          },
          {
            "Node Type": "Index Scan",
            "Parent Relationship": "Inner",
            "Parallel Aware": false,
            "Scan Direction": "Forward",
            "Index Name": "name_pkey",
            "Relation Name": "name",
            "Alias": "n",
            "Startup Cost": 0.43,
            "Total Cost": 0.46,
            "Plan Rows": 1,
            "Plan Width": 19,
            "Actual Startup Time": 0.007,
            "Actual Total Time": 0.007,
            "Actual Rows": 1,
            "Actual Loops": 11481,
            "Index Cond": "(id = ci.person_id)",
            "Rows Removed by Index Recheck": 0
          }
        ]
      }
    ]
  },
  "Planning Time": 2.648,
  "Triggers": [],
  "Execution Time": 3423.58
}