[
  {
    "Plan": {
      "Node Type": "Aggregate",
      "Strategy": "Plain",
      "Partial Mode": "Finalize",
      "Parallel Aware": false,
      "Startup Cost": 166370.74,
      "Total Cost": 166370.75,
      "Plan Rows": 1,
      "Plan Width": 8,
      "Actual Startup Time": 332.892,
      "Actual Total Time": 351.763,
      "Actual Rows": 1,
      "Actual Loops": 1,
      "Plans": [
        {
          "Node Type": "Gather",
          "Parent Relationship": "Outer",
          "Parallel Aware": false,
          "Startup Cost": 166370.22,
          "Total Cost": 166370.73,
          "Plan Rows": 5,
          "Plan Width": 8,
          "Actual Startup Time": 332.234,
          "Actual Total Time": 351.755,
          "Actual Rows": 6,
          "Actual Loops": 1,
          "Workers Planned": 5,
          "Workers Launched": 5,
          "Single Copy": false,
          "Plans": [
            {
              "Node Type": "Aggregate",
              "Strategy": "Plain",
              "Partial Mode": "Partial",
              "Parent Relationship": "Outer",
              "Parallel Aware": false,
              "Startup Cost": 165370.22,
              "Total Cost": 165370.23,
              "Plan Rows": 1,
              "Plan Width": 8,
              "Actual Startup Time": 321.374,
              "Actual Total Time": 321.378,
              "Actual Rows": 1,
              "Actual Loops": 6,
              "Plans": [
                {
                  "Node Type": "Hash Join",
                  "Parent Relationship": "Outer",
                  "Parallel Aware": true,
                  "Join Type": "Inner",
                  "Startup Cost": 44070.14,
                  "Total Cost": 165336.41,
                  "Plan Rows": 13523,
                  "Plan Width": 0,
                  "Actual Startup Time": 83.228,
                  "Actual Total Time": 320.5,
                  "Actual Rows": 13326,
                  "Actual Loops": 6,
                  "Inner Unique": true,
                  "Hash Cond": "(ci.movie_id = t.id)",
                  "Plans": [
                    {
                      "Node Type": "Index Scan",
                      "Parent Relationship": "Outer",
                      "Parallel Aware": true,
                      "Scan Direction": "Forward",
                      "Index Name": "role_id_cast_info",
                      "Relation Name": "cast_info",
                      "Alias": "ci",
                      "Startup Cost": 0.56,
                      "Total Cost": 119623.46,
                      "Plan Rows": 626049,
                      "Plan Width": 4,
                      "Actual Startup Time": 0.429,
                      "Actual Total Time": 150.366,
                      "Actual Rows": 652754,
                      "Actual Loops": 6,
                      "Index Cond": "(role_id = 10)",
                      "Rows Removed by Index Recheck": 0,
                      "Filter": "(person_id > 1022532)",
                      "Rows Removed by Filter": 67749
                    },
                    {
                      "Node Type": "Hash",
                      "Parent Relationship": "Inner",
                      "Parallel Aware": true,
                      "Startup Cost": 43898.92,
                      "Total Cost": 43898.92,
                      "Plan Rows": 13653,
                      "Plan Width": 4,
                      "Actual Startup Time": 81.381,
                      "Actual Total Time": 81.382,
                      "Actual Rows": 8427,
                      "Actual Loops": 6,
                      "Hash Buckets": 65536,
                      "Original Hash Buckets": 65536,
                      "Hash Batches": 1,
                      "Original Hash Batches": 1,
                      "Peak Memory Usage": 2592,
                      "Plans": [
                        {
                          "Node Type": "Seq Scan",
                          "Parent Relationship": "Outer",
                          "Parallel Aware": true,
                          "Relation Name": "title",
                          "Alias": "t",
                          "Startup Cost": 0.0,
                          "Total Cost": 43898.92,
                          "Plan Rows": 13653,
                          "Plan Width": 4,
                          "Actual Startup Time": 0.077,
                          "Actual Total Time": 76.637,
                          "Actual Rows": 8427,
                          "Actual Loops": 6,
                          "Filter": "(production_year = 1999)",
                          "Rows Removed by Filter": 412958
                        }
                      ]
                    }
                  ]
                }
              ]
            }
          ]
        }
      ]
    },
    "Planning Time": 0.64,
    "Triggers": [],
    "Execution Time": 351.842
  }
]