[
  {
    "Plan": {
      "Node Type": "Aggregate",
      "Strategy": "Plain",
      "Partial Mode": "Finalize",
      "Parallel Aware": false,
      "Startup Cost": 46682.48,
      "Total Cost": 46682.49,
      "Plan Rows": 1,
      "Plan Width": 8,
      "Actual Startup Time": 169.302,
      "Actual Total Time": 180.095,
      "Actual Rows": 1,
      "Actual Loops": 1,
      "Plans": [
        {
          "Node Type": "Gather",
          "Parent Relationship": "Outer",
          "Parallel Aware": false,
          "Startup Cost": 46682.17,
          "Total Cost": 46682.48,
          "Plan Rows": 3,
          "Plan Width": 8,
          "Actual Startup Time": 168.909,
          "Actual Total Time": 180.082,
          "Actual Rows": 4,
          "Actual Loops": 1,
          "Workers Planned": 3,
          "Workers Launched": 3,
          "Single Copy": false,
          "Plans": [
            {
              "Node Type": "Aggregate",
              "Strategy": "Plain",
              "Partial Mode": "Partial",
              "Parent Relationship": "Outer",
              "Parallel Aware": false,
              "Startup Cost": 45682.17,
              "Total Cost": 45682.18,
              "Plan Rows": 1,
              "Plan Width": 8,
              "Actual Startup Time": 162.643,
              "Actual Total Time": 162.645,
              "Actual Rows": 1,
              "Actual Loops": 4,
              "Plans": [
                {
                  "Node Type": "Seq Scan",
                  "Parent Relationship": "Outer",
                  "Parallel Aware": true,
                  "Relation Name": "movie_keyword",
                  "Alias": "mk",
                  "Startup Cost": 0.0,
                  "Total Cost": 42695.65,
                  "Plan Rows": 1194605,
                  "Plan Width": 0,
                  "Actual Startup Time": 0.049,
                  "Actual Total Time": 121.836,
                  "Actual Rows": 926616,
                  "Actual Loops": 4,
                  "Filter": "(keyword_id < 22393)",
                  "Rows Removed by Filter": 204366
                }
              ]
            }
          ]
        }
      ]
    },
    "Planning Time": 0.109,
    "Triggers": [],
    "Execution Time": 180.132
  }
]