[
  {
    "Plan": {
      "Node Type": "Aggregate",
      "Strategy": "Plain",
      "Partial Mode": "Finalize",
      "Parallel Aware": false,
      "Startup Cost": 25250.36,
      "Total Cost": 25250.37,
      "Plan Rows": 1,
      "Plan Width": 8,
      "Actual Startup Time": 57.607,
      "Actual Total Time": 61.462,
      "Actual Rows": 1,
      "Actual Loops": 1,
      "Plans": [
        {
          "Node Type": "Gather",
          "Parent Relationship": "Outer",
          "Parallel Aware": false,
          "Startup Cost": 25250.04,
          "Total Cost": 25250.35,
          "Plan Rows": 3,
          "Plan Width": 8,
          "Actual Startup Time": 57.406,
          "Actual Total Time": 61.451,
          "Actual Rows": 4,
          "Actual Loops": 1,
          "Workers Planned": 3,
          "Workers Launched": 3,
          "Single Copy": false,
          "Plans": [
            {
              "Node Type": "Aggregate",
              "Strategy": "Plain",
              "Partial Mode": "Partial",
              "Parent Relationship": "Outer",
              "Parallel Aware": false,
              "Startup Cost": 24250.04,
              "Total Cost": 24250.05,
              "Plan Rows": 1,
              "Plan Width": 8,
              "Actual Startup Time": 49.798,
              "Actual Total Time": 49.8,
              "Actual Rows": 1,
              "Actual Loops": 4,
              "Plans": [
                {
                  "Node Type": "Bitmap Heap Scan",
                  "Parent Relationship": "Outer",
                  "Parallel Aware": true,
                  "Relation Name": "movie_companies",
                  "Alias": "mc",
                  "Startup Cost": 4463.91,
                  "Total Cost": 24084.02,
                  "Plan Rows": 66409,
                  "Plan Width": 0,
                  "Actual Startup Time": 18.024,
                  "Actual Total Time": 45.222,
                  "Actual Rows": 50556,
                  "Actual Loops": 4,
                  "Recheck Cond": "(company_id > 112753)",
                  "Rows Removed by Index Recheck": 0,
                  "Exact Heap Blocks": 1146,
                  "Lossy Heap Blocks": 0,
                  "Plans": [
                    {
                      "Node Type": "Bitmap Index Scan",
                      "Parent Relationship": "Outer",
                      "Parallel Aware": false,
                      "Index Name": "company_id_movie_companies",
                      "Startup Cost": 0.0,
                      "Total Cost": 4412.44,
                      "Plan Rows": 205868,
                      "Plan Width": 0,
                      "Actual Startup Time": 23.633,
                      "Actual Total Time": 23.634,
                      "Actual Rows": 202225,
                      "Actual Loops": 1,
                      "Index Cond": "(company_id > 112753)"
                    }
                  ]
                }
              ]
            }
          ]
        }
      ]
    },
    "Planning Time": 0.171,
    "Triggers": [],
    "Execution Time": 61.529
  }
]