[
  {
    "Plan": {
      "Node Type": "Aggregate",
      "Strategy": "Plain",
      "Partial Mode": "Finalize",
      "Parallel Aware": false,
      "Startup Cost": 62089.55,
      "Total Cost": 62089.56,
      "Plan Rows": 1,
      "Plan Width": 8,
      "Actual Startup Time": 222.682,
      "Actual Total Time": 237.171,
      "Actual Rows": 1,
      "Actual Loops": 1,
      "Plans": [
        {
          "Node Type": "Gather",
          "Parent Relationship": "Outer",
          "Parallel Aware": false,
          "Startup Cost": 62089.33,
          "Total Cost": 62089.54,
          "Plan Rows": 2,
          "Plan Width": 8,
          "Actual Startup Time": 222.357,
          "Actual Total Time": 237.161,
          "Actual Rows": 3,
          "Actual Loops": 1,
          "Workers Planned": 2,
          "Workers Launched": 2,
          "Single Copy": false,
          "Plans": [
            {
              "Node Type": "Aggregate",
              "Strategy": "Plain",
              "Partial Mode": "Partial",
              "Parent Relationship": "Outer",
              "Parallel Aware": false,
              "Startup Cost": 61089.33,
              "Total Cost": 61089.34,
              "Plan Rows": 1,
              "Plan Width": 8,
              "Actual Startup Time": 216.895,
              "Actual Total Time": 216.899,
              "Actual Rows": 1,
              "Actual Loops": 3,
              "Plans": [
                {
                  "Node Type": "Hash Join",
                  "Parent Relationship": "Outer",
                  "Parallel Aware": true,
                  "Join Type": "Inner",
                  "Startup Cost": 45830.86,
                  "Total Cost": 61025.42,
                  "Plan Rows": 25564,
                  "Plan Width": 0,
                  "Actual Startup Time": 131.565,
                  "Actual Total Time": 216.861,
                  "Actual Rows": 399,
                  "Actual Loops": 3,
                  "Inner Unique": true,
                  "Hash Cond": "(mi_idx.movie_id = t.id)",
                  "Plans": [
                    {
                      "Node Type": "Seq Scan",
                      "Parent Relationship": "Outer",
                      "Parallel Aware": true,
                      "Relation Name": "movie_info_idx",
                      "Alias": "mi_idx",
                      "Startup Cost": 0.0,
                      "Total Cost": 13685.15,
                      "Plan Rows": 575015,
                      "Plan Width": 4,
                      "Actual Startup Time": 0.014,
                      "Actual Total Time": 45.281,
                      "Actual Rows": 460012,
                      "Actual Loops": 3
                    },
                    {
                      "Node Type": "Hash",
                      "Parent Relationship": "Inner",
                      "Parallel Aware": true,
                      "Startup Cost": 45479.59,
                      "Total Cost": 45479.59,
                      "Plan Rows": 28102,
                      "Plan Width": 4,
                      "Actual Startup Time": 127.705,
                      "Actual Total Time": 127.706,
                      "Actual Rows": 2500,
                      "Actual Loops": 3,
                      "Hash Buckets": 131072,
                      "Original Hash Buckets": 131072,
                      "Hash Batches": 1,
                      "Original Hash Batches": 1,
                      "Peak Memory Usage": 1376,
                      "Plans": [
                        {
                          "Node Type": "Seq Scan",
                          "Parent Relationship": "Outer",
                          "Parallel Aware": true,
                          "Relation Name": "title",
                          "Alias": "t",
                          "Startup Cost": 0.0,
                          "Total Cost": 45479.59,
                          "Plan Rows": 28102,
                          "Plan Width": 4,
                          "Actual Startup Time": 0.07,
                          "Actual Total Time": 125.853,
                          "Actual Rows": 2500,
                          "Actual Loops": 3,
                          "Filter": "((kind_id > 2) AND (production_year < 1952))",
                          "Rows Removed by Filter": 840271
                        }
                      ]
                    }
                  ]
                }
              ]
            }
          ]
        }
      ]
    },
    "Planning Time": 0.298,
    "Triggers": [],
    "Execution Time": 237.215
  }
]