[
  {
    "Plan": {
      "Node Type": "Aggregate",
      "Strategy": "Plain",
      "Partial Mode": "Finalize",
      "Parallel Aware": false,
      "Startup Cost": 348253.17,
      "Total Cost": 348253.18,
      "Plan Rows": 1,
      "Plan Width": 8,
      "Actual Startup Time": 697.157,
      "Actual Total Time": 750.628,
      "Actual Rows": 1,
      "Actual Loops": 1,
      "Plans": [
        {
          "Node Type": "Gather",
          "Parent Relationship": "Outer",
          "Parallel Aware": false,
          "Startup Cost": 348252.54,
          "Total Cost": 348253.15,
          "Plan Rows": 6,
          "Plan Width": 8,
          "Actual Startup Time": 696.909,
          "Actual Total Time": 750.612,
          "Actual Rows": 7,
          "Actual Loops": 1,
          "Workers Planned": 6,
          "Workers Launched": 6,
          "Single Copy": false,
          "Plans": [
            {
              "Node Type": "Aggregate",
              "Strategy": "Plain",
              "Partial Mode": "Partial",
              "Parent Relationship": "Outer",
              "Parallel Aware": false,
              "Startup Cost": 347252.54,
              "Total Cost": 347252.55,
              "Plan Rows": 1,
              "Plan Width": 8,
              "Actual Startup Time": 690.199,
              "Actual Total Time": 690.201,
              "Actual Rows": 1,
              "Actual Loops": 7,
              "Plans": [
                {
                  "Node Type": "Seq Scan",
                  "Parent Relationship": "Outer",
                  "Parallel Aware": true,
                  "Relation Name": "cast_info",
                  "Alias": "ci",
                  "Startup Cost": 0.0,
                  "Total Cost": 343316.27,
                  "Plan Rows": 1574508,
                  "Plan Width": 0,
                  "Actual Startup Time": 363.625,
                  "Actual Total Time": 651.626,
                  "Actual Rows": 774289,
                  "Actual Loops": 7,
                  "Filter": "((person_id < 2193876) AND (role_id > 2))",
                  "Rows Removed by Filter": 4403475
                }
              ]
            }
          ]
        }
      ]
    },
    "Planning Time": 0.194,
    "Triggers": [],
    "Execution Time": 750.694
  }
]