[
  {
    "Plan": {
      "Node Type": "Aggregate",
      "Strategy": "Plain",
      "Partial Mode": "Finalize",
      "Parallel Aware": false,
      "Startup Cost": 30716.38,
      "Total Cost": 30716.39,
      "Plan Rows": 1,
      "Plan Width": 8,
      "Actual Startup Time": 102.598,
      "Actual Total Time": 110.861,
      "Actual Rows": 1,
      "Actual Loops": 1,
      "Plans": [
        {
          "Node Type": "Gather",
          "Parent Relationship": "Outer",
          "Parallel Aware": false,
          "Startup Cost": 30716.07,
          "Total Cost": 30716.38,
          "Plan Rows": 3,
          "Plan Width": 8,
          "Actual Startup Time": 102.311,
          "Actual Total Time": 110.851,
          "Actual Rows": 4,
          "Actual Loops": 1,
          "Workers Planned": 3,
          "Workers Launched": 3,
          "Single Copy": false,
          "Plans": [
            {
              "Node Type": "Aggregate",
              "Strategy": "Plain",
              "Partial Mode": "Partial",
              "Parent Relationship": "Outer",
              "Parallel Aware": false,
              "Startup Cost": 29716.07,
              "Total Cost": 29716.08,
              "Plan Rows": 1,
              "Plan Width": 8,
              "Actual Startup Time": 95.725,
              "Actual Total Time": 95.726,
              "Actual Rows": 1,
              "Actual Loops": 4,
              "Plans": [
                {
                  "Node Type": "Bitmap Heap Scan",
                  "Parent Relationship": "Outer",
                  "Parallel Aware": true,
                  "Relation Name": "movie_keyword",
                  "Alias": "mk",
                  "Startup Cost": 4285.14,
                  "Total Cost": 29553.25,
                  "Plan Rows": 65128,
                  "Plan Width": 0,
                  "Actual Startup Time": 33.38,
                  "Actual Total Time": 92.069,
                  "Actual Rows": 54231,
                  "Actual Loops": 4,
                  "Recheck Cond": "(keyword_id < 145)",
                  "Rows Removed by Index Recheck": 0,
                  "Exact Heap Blocks": 12791,
                  "Lossy Heap Blocks": 0,
                  "Plans": [
                    {
                      "Node Type": "Bitmap Index Scan",
                      "Parent Relationship": "Outer",
                      "Parallel Aware": false,
                      "Index Name": "keyword_id_movie_keyword",
                      "Startup Cost": 0.0,
                      "Total Cost": 4234.67,
                      "Plan Rows": 201898,
                      "Plan Width": 0,
                      "Actual Startup Time": 33.593,
                      "Actual Total Time": 33.593,
                      "Actual Rows": 216924,
                      "Actual Loops": 1,
                      "Index Cond": "(keyword_id < 145)"
                    }
                  ]
                }
              ]
            }
          ]
        }
      ]
    },
    "Planning Time": 0.185,
    "Triggers": [],
    "Execution Time": 110.937
  }
]