[
  {
    "Plan": {
      "Node Type": "Aggregate",
      "Strategy": "Plain",
      "Partial Mode": "Finalize",
      "Parallel Aware": false,
      "Startup Cost": 80217.37,
      "Total Cost": 80217.38,
      "Plan Rows": 1,
      "Plan Width": 8,
      "Actual Startup Time": 345.928,
      "Actual Total Time": 362.757,
      "Actual Rows": 1,
      "Actual Loops": 1,
      "Plans": [
        {
          "Node Type": "Gather",
          "Parent Relationship": "Outer",
          "Parallel Aware": false,
          "Startup Cost": 80217.05,
          "Total Cost": 80217.36,
          "Plan Rows": 3,
          "Plan Width": 8,
          "Actual Startup Time": 342.965,
          "Actual Total Time": 362.749,
          "Actual Rows": 4,
          "Actual Loops": 1,
          "Workers Planned": 3,
          "Workers Launched": 3,
          "Single Copy": false,
          "Plans": [
            {
              "Node Type": "Aggregate",
              "Strategy": "Plain",
              "Partial Mode": "Partial",
              "Parent Relationship": "Outer",
              "Parallel Aware": false,
              "Startup Cost": 79217.05,
              "Total Cost": 79217.06,
              "Plan Rows": 1,
              "Plan Width": 8,
              "Actual Startup Time": 334.803,
              "Actual Total Time": 334.807,
              "Actual Rows": 1,
              "Actual Loops": 4,
              "Plans": [
                {
                  "Node Type": "Hash Join",
                  "Parent Relationship": "Outer",
                  "Parallel Aware": true,
                  "Join Type": "Inner",
                  "Startup Cost": 46908.73,
                  "Total Cost": 78979.18,
                  "Plan Rows": 95147,
                  "Plan Width": 0,
                  "Actual Startup Time": 218.128,
                  "Actual Total Time": 329.268,
                  "Actual Rows": 118449,
                  "Actual Loops": 4,
                  "Inner Unique": true,
                  "Hash Cond": "(mc.movie_id = t.id)",
                  "Plans": [
                    {
                      "Node Type": "Seq Scan",
                      "Parent Relationship": "Outer",
                      "Parallel Aware": true,
                      "Relation Name": "movie_companies",
                      "Alias": "mc",
                      "Startup Cost": 0.0,
                      "Total Cost": 31414.82,
                      "Plan Rows": 249766,
                      "Plan Width": 4,
                      "Actual Startup Time": 31.031,
                      "Actual Total Time": 69.743,
                      "Actual Rows": 248536,
                      "Actual Loops": 4,
                      "Filter": "((company_id > 7026) AND (company_type_id = 2))",
                      "Rows Removed by Filter": 403746
                    },
                    {
                      "Node Type": "Hash",
                      "Parent Relationship": "Inner",
                      "Parallel Aware": true,
                      "Startup Cost": 43898.92,
                      "Total Cost": 43898.92,
                      "Plan Rows": 240785,
                      "Plan Width": 4,
                      "Actual Startup Time": 181.985,
                      "Actual Total Time": 181.986,
                      "Actual Rows": 242797,
                      "Actual Loops": 4,
                      "Hash Buckets": 1048576,
                      "Original Hash Buckets": 1048576,
                      "Hash Batches": 1,
                      "Original Hash Batches": 1,
                      "Peak Memory Usage": 46240,
                      "Plans": [
                        {
                          "Node Type": "Seq Scan",
                          "Parent Relationship": "Outer",
                          "Parallel Aware": true,
                          "Relation Name": "title",
                          "Alias": "t",
                          "Startup Cost": 0.0,
                          "Total Cost": 43898.92,
                          "Plan Rows": 240785,
                          "Plan Width": 4,
                          "Actual Startup Time": 0.036,
                          "Actual Total Time": 105.028,
                          "Actual Rows": 242797,
                          "Actual Loops": 4,
                          "Filter": "(production_year < 1999)",
                          "Rows Removed by Filter": 389281
                        }
                      ]
                    }
                  ]
                }
              ]
            }
          ]
        }
      ]
    },
    "Planning Time": 0.631,
    "Triggers": [],
    "Execution Time": 362.824
  }
]