[
  {
    "Plan": {
      "Node Type": "Aggregate",
      "Strategy": "Plain",
      "Partial Mode": "Finalize",
      "Parallel Aware": false,
      "Startup Cost": 349831.51,
      "Total Cost": 349831.52,
      "Plan Rows": 1,
      "Plan Width": 8,
      "Actual Startup Time": 698.753,
      "Actual Total Time": 758.829,
      "Actual Rows": 1,
      "Actual Loops": 1,
      "Plans": [
        {
          "Node Type": "Gather",
          "Parent Relationship": "Outer",
          "Parallel Aware": false,
          "Startup Cost": 349830.89,
          "Total Cost": 349831.5,
          "Plan Rows": 6,
          "Plan Width": 8,
          "Actual Startup Time": 698.632,
          "Actual Total Time": 758.819,
          "Actual Rows": 7,
          "Actual Loops": 1,
          "Workers Planned": 6,
          "Workers Launched": 6,
          "Single Copy": false,
          "Plans": [
            {
              "Node Type": "Aggregate",
              "Strategy": "Plain",
              "Partial Mode": "Partial",
              "Parent Relationship": "Outer",
              "Parallel Aware": false,
              "Startup Cost": 348830.89,
              "Total Cost": 348830.9,
              "Plan Rows": 1,
              "Plan Width": 8,
              "Actual Startup Time": 688.65,
              "Actual Total Time": 688.651,
              "Actual Rows": 1,
              "Actual Loops": 7,
              "Plans": [
                {
                  "Node Type": "Seq Scan",
                  "Parent Relationship": "Outer",
                  "Parallel Aware": true,
                  "Relation Name": "cast_info",
                  "Alias": "ci",
                  "Startup Cost": 0.0,
                  "Total Cost": 343257.03,
                  "Plan Rows": 2229543,
                  "Plan Width": 0,
                  "Actual Startup Time": 146.701,
                  "Actual Total Time": 624.753,
                  "Actual Rows": 1657030,
                  "Actual Loops": 7,
                  "Filter": "((person_id > 1160215) AND (role_id < 3))",
                  "Rows Removed by Filter": 3520733
                }
              ]
            }
          ]
        }
      ]
    },
    "Planning Time": 0.305,
    "Triggers": [],
    "Execution Time": 758.903
  }
]