[
  {
    "Plan": {
      "Node Type": "Aggregate",
      "Strategy": "Plain",
      "Partial Mode": "Finalize",
      "Parallel Aware": false,
      "Startup Cost": 286430.81,
      "Total Cost": 286430.82,
      "Plan Rows": 1,
      "Plan Width": 8,
      "Actual Startup Time": 894.203,
      "Actual Total Time": 942.098,
      "Actual Rows": 1,
      "Actual Loops": 1,
      "Plans": [
        {
          "Node Type": "Gather",
          "Parent Relationship": "Outer",
          "Parallel Aware": false,
          "Startup Cost": 286430.29,
          "Total Cost": 286430.8,
          "Plan Rows": 5,
          "Plan Width": 8,
          "Actual Startup Time": 890.881,
          "Actual Total Time": 942.089,
          "Actual Rows": 6,
          "Actual Loops": 1,
          "Workers Planned": 5,
          "Workers Launched": 5,
          "Single Copy": false,
          "Plans": [
            {
              "Node Type": "Aggregate",
              "Strategy": "Plain",
              "Partial Mode": "Partial",
              "Parent Relationship": "Outer",
              "Parallel Aware": false,
              "Startup Cost": 285430.29,
              "Total Cost": 285430.3,
              "Plan Rows": 1,
              "Plan Width": 8,
              "Actual Startup Time": 880.39,
              "Actual Total Time": 880.43,
              "Actual Rows": 1,
              "Actual Loops": 6,
              "Plans": [
                {
                  "Node Type": "Hash Join",
                  "Parent Relationship": "Outer",
                  "Parallel Aware": true,
                  "Join Type": "Inner",
                  "Startup Cost": 80289.23,
                  "Total Cost": 284183.8,
                  "Plan Rows": 498596,
                  "Plan Width": 0,
                  "Actual Startup Time": 228.923,
                  "Actual Total Time": 857.993,
                  "Actual Rows": 500144,
                  "Actual Loops": 6,
                  "Inner Unique": false,
                  "Hash Cond": "(mi.movie_id = t.id)",
                  "Plans": [
                    {
                      "Node Type": "Seq Scan",
                      "Parent Relationship": "Outer",
                      "Parallel Aware": true,
                      "Relation Name": "movie_info",
                      "Alias": "mi",
                      "Startup Cost": 0.0,
                      "Total Cost": 191560.33,
                      "Plan Rows": 2956733,
                      "Plan Width": 4,
                      "Actual Startup Time": 0.018,
                      "Actual Total Time": 293.07,
                      "Actual Rows": 2472620,
                      "Actual Loops": 6
                    },
                    {
                      "Node Type": "Hash",
                      "Parent Relationship": "Inner",
                      "Parallel Aware": true,
                      "Startup Cost": 78956.9,
                      "Total Cost": 78956.9,
                      "Plan Rows": 106587,
                      "Plan Width": 8,
                      "Actual Startup Time": 225.412,
                      "Actual Total Time": 225.45,
                      "Actual Rows": 40770,
                      "Actual Loops": 6,
                      "Hash Buckets": 524288,
                      "Original Hash Buckets": 524288,
                      "Hash Batches": 1,
                      "Original Hash Batches": 1,
                      "Peak Memory Usage": 13728,
                      "Plans": [
                        {
                          "Node Type": "Hash Join",
                          "Parent Relationship": "Outer",
                          "Parallel Aware": true,
                          "Join Type": "Inner",
                          "Startup Cost": 33133.97,
                          "Total Cost": 78956.9,
                          "Plan Rows": 106587,
                          "Plan Width": 8,
                          "Actual Startup Time": 83.236,
                          "Actual Total Time": 210.692,
                          "Actual Rows": 40770,
                          "Actual Loops": 6,
                          "Inner Unique": false,
                          "Hash Cond": "(t.id = mc.movie_id)",
                          "Plans": [
                            {
                              "Node Type": "Seq Scan",
                              "Parent Relationship": "Outer",
                              "Parallel Aware": true,
                              "Relation Name": "title",
                              "Alias": "t",
                              "Startup Cost": 0.0,
                              "Total Cost": 42318.73,
                              "Plan Rows": 632073,
                              "Plan Width": 4,
                              "Actual Startup Time": 0.012,
                              "Actual Total Time": 56.06,
                              "Actual Rows": 421385,
                              "Actual Loops": 6
                            },
                            {
                              "Node Type": "Hash",
                              "Parent Relationship": "Inner",
                              "Parallel Aware": true,
                              "Startup Cost": 31414.82,
                              "Total Cost": 31414.82,
                              "Plan Rows": 137532,
                              "Plan Width": 4,
                              "Actual Startup Time": 82.091,
                              "Actual Total Time": 82.092,
                              "Actual Rows": 40770,
                              "Actual Loops": 6,
                              "Hash Buckets": 524288,
                              "Original Hash Buckets": 524288,
                              "Hash Batches": 1,
                              "Original Hash Batches": 1,
                              "Peak Memory Usage": 13760,
                              "Plans": [
                                {
                                  "Node Type": "Seq Scan",
                                  "Parent Relationship": "Outer",
                                  "Parallel Aware": true,
                                  "Relation Name": "movie_companies",
                                  "Alias": "mc",
                                  "Startup Cost": 0.0,
                                  "Total Cost": 31414.82,
                                  "Plan Rows": 137532,
                                  "Plan Width": 4,
                                  "Actual Startup Time": 42.372,
                                  "Actual Total Time": 63.709,
                                  "Actual Rows": 40770,
                                  "Actual Loops": 6,
                                  "Filter": "((company_id < 2122) AND (company_type_id = 2))",
                                  "Rows Removed by Filter": 394085
                                }
                              ]
                            }
                          ]
                        }
                      ]
                    }
                  ]
                }
              ]
            }
          ]
        }
      ]
    },
    "Planning Time": 1.468,
    "Triggers": [],
    "Execution Time": 942.198
  }
]