[
  {
    "Plan": {
      "Node Type": "Aggregate",
      "Strategy": "Plain",
      "Partial Mode": "Finalize",
      "Parallel Aware": false,
      "Startup Cost": 88527.76,
      "Total Cost": 88527.77,
      "Plan Rows": 1,
      "Plan Width": 8,
      "Actual Startup Time": 254.758,
      "Actual Total Time": 273.696,
      "Actual Rows": 1,
      "Actual Loops": 1,
      "Plans": [
        {
          "Node Type": "Gather",
          "Parent Relationship": "Outer",
          "Parallel Aware": false,
          "Startup Cost": 88527.44,
          "Total Cost": 88527.75,
          "Plan Rows": 3,
          "Plan Width": 8,
          "Actual Startup Time": 253.623,
          "Actual Total Time": 273.687,
          "Actual Rows": 4,
          "Actual Loops": 1,
          "Workers Planned": 3,
          "Workers Launched": 3,
          "Single Copy": false,
          "Plans": [
            {
              "Node Type": "Aggregate",
              "Strategy": "Plain",
              "Partial Mode": "Partial",
              "Parent Relationship": "Outer",
              "Parallel Aware": false,
              "Startup Cost": 87527.44,
              "Total Cost": 87527.45,
              "Plan Rows": 1,
              "Plan Width": 8,
              "Actual Startup Time": 247.704,
              "Actual Total Time": 247.709,
              "Actual Rows": 1,
              "Actual Loops": 4,
              "Plans": [
                {
                  "Node Type": "Nested Loop",
                  "Parent Relationship": "Outer",
                  "Parallel Aware": false,
                  "Join Type": "Inner",
                  "Startup Cost": 55325.58,
                  "Total Cost": 87516.12,
                  "Plan Rows": 4530,
                  "Plan Width": 0,
                  "Actual Startup Time": 139.61,
                  "Actual Total Time": 247.089,
                  "Actual Rows": 9484,
                  "Actual Loops": 4,
                  "Inner Unique": false,
                  "Join Filter": "(t.id = mi_idx.movie_id)",
                  "Rows Removed by Join Filter": 0,
                  "Plans": [
                    {
                      "Node Type": "Hash Join",
                      "Parent Relationship": "Outer",
                      "Parallel Aware": true,
                      "Join Type": "Inner",
                      "Startup Cost": 55325.15,
                      "Total Cost": 82316.6,
                      "Plan Rows": 8299,
                      "Plan Width": 8,
                      "Actual Startup Time": 139.413,
                      "Actual Total Time": 219.447,
                      "Actual Rows": 5536,
                      "Actual Loops": 4,
                      "Inner Unique": true,
                      "Hash Cond": "(mk.movie_id = t.id)",
                      "Plans": [
                        {
                          "Node Type": "Bitmap Heap Scan",
                          "Parent Relationship": "Outer",
                          "Parallel Aware": true,
                          "Relation Name": "movie_keyword",
                          "Alias": "mk",
                          "Startup Cost": 11034.98,
                          "Total Cost": 37586.04,
                          "Plan Rows": 167765,
                          "Plan Width": 4,
                          "Actual Startup Time": 34.414,
                          "Actual Total Time": 90.688,
                          "Actual Rows": 130220,
                          "Actual Loops": 4,
                          "Recheck Cond": "(keyword_id < 382)",
                          "Rows Removed by Index Recheck": 0,
                          "Exact Heap Blocks": 7163,
                          "Lossy Heap Blocks": 0,
                          "Plans": [
                            {
                              "Node Type": "Bitmap Index Scan",
                              "Parent Relationship": "Outer",
                              "Parallel Aware": false,
                              "Index Name": "keyword_id_movie_keyword",
                              "Startup Cost": 0.0,
                              "Total Cost": 10904.97,
                              "Plan Rows": 520071,
                              "Plan Width": 0,
                              "Actual Startup Time": 30.765,
                              "Actual Total Time": 30.766,
                              "Actual Rows": 520878,
                              "Actual Loops": 1,
                              "Index Cond": "(keyword_id < 382)"
                            }
                          ]
                        },
                        {
                          "Node Type": "Hash",
                          "Parent Relationship": "Inner",
                          "Parallel Aware": true,
                          "Startup Cost": 43899.32,
                          "Total Cost": 43899.32,
                          "Plan Rows": 31268,
                          "Plan Width": 4,
                          "Actual Startup Time": 103.394,
                          "Actual Total Time": 103.395,
                          "Actual Rows": 30715,
                          "Actual Loops": 4,
                          "Hash Buckets": 131072,
                          "Original Hash Buckets": 131072,
                          "Hash Batches": 1,
                          "Original Hash Batches": 1,
                          "Peak Memory Usage": 5920,
                          "Plans": [
                            {
                              "Node Type": "Seq Scan",
                              "Parent Relationship": "Outer",
                              "Parallel Aware": true,
                              "Relation Name": "title",
                              "Alias": "t",
                              "Startup Cost": 0.0,
                              "Total Cost": 43899.32,
                              "Plan Rows": 31268,
                              "Plan Width": 4,
                              "Actual Startup Time": 0.03,
                              "Actual Total Time": 91.508,
                              "Actual Rows": 30715,
                              "Actual Loops": 4,
                              "Filter": "(production_year = 2008)",
                              "Rows Removed by Filter": 601363
                            }
                          ]
                        }
                      ]
                    },
                    {
                      "Node Type": "Index Only Scan",
                      "Parent Relationship": "Inner",
                      "Parallel Aware": false,
                      "Scan Direction": "Forward",
                      "Index Name": "movie_id_movie_info_idx",
                      "Relation Name": "movie_info_idx",
                      "Alias": "mi_idx",
                      "Startup Cost": 0.43,
                      "Total Cost": 0.59,
                      "Plan Rows": 3,
                      "Plan Width": 4,
                      "Actual Startup Time": 0.004,
                      "Actual Total Time": 0.004,
                      "Actual Rows": 2,
                      "Actual Loops": 22142,
                      "Index Cond": "(movie_id = mk.movie_id)",
                      "Rows Removed by Index Recheck": 0,
                      "Heap Fetches": 37934
                    }
                  ]
                }
              ]
            }
          ]
        }
      ]
    },
    "Planning Time": 0.869,
    "Triggers": [],
    "Execution Time": 273.778
  }
]