{
  "Plan": {
    "Node Type": "Aggregate",
    "Strategy": "Plain",
    "Partial Mode": "Finalize",
    "Parallel Aware": false,
    "Startup Cost": 117467.72,
    "Total Cost": 117467.73,
    "Plan Rows": 1,
    "Plan Width": 8,
    "Actual Startup Time": 478.534,
    "Actual Total Time": 498.247,
    "Actual Rows": 1,
    "Actual Loops": 1,
    "Plans": [
      {
        "Node Type": "Gather",
        "Parent Relationship": "Outer",
        "Parallel Aware": false,
        "Startup Cost": 117467.61,
        "Total Cost": 117467.72,
        "Plan Rows": 1,
        "Plan Width": 8,
        "Actual Startup Time": 478.092,
        "Actual Total Time": 498.238,
        "Actual Rows": 2,
        "Actual Loops": 1,
        "Workers Planned": 1,
        "Workers Launched": 1,
        "Single Copy": false,
        "Plans": [
          {
            "Node Type": "Aggregate",
            "Strategy": "Plain",
            "Partial Mode": "Partial",
            "Parent Relationship": "Outer",
            "Parallel Aware": false,
            "Startup Cost": 116467.61,
            "Total Cost": 116467.62,
            "Plan Rows": 1,
            "Plan Width": 8,
            "Actual Startup Time": 472.413,
            "Actual Total Time": 472.417,
            "Actual Rows": 1,
            "Actual Loops": 2,
            "Plans": [
              {
                "Node Type": "Hash Join",
                "Parent Relationship": "Outer",
                "Parallel Aware": true,
                "Join Type": "Inner",
                "Startup Cost": 55080.41,
                "Total Cost": 116377.4,
                "Plan Rows": 36083,
                "Plan Width": 0,
                "Actual Startup Time": 164.194,
                "Actual Total Time": 470.574,
                "Actual Rows": 35568,
                "Actual Loops": 2,
                "Inner Unique": true,
                "Hash Cond": "(mk.movie_id = t.id)",
                "Plans": [
                  {
                    "Node Type": "Seq Scan",
                    "Parent Relationship": "Outer",
                    "Parallel Aware": true,
                    "Relation Name": "movie_keyword",
                    "Alias": "mk",
                    "Startup Cost": 0.0,
                    "Total Cost": 57718.19,
                    "Plan Rows": 1363346,
                    "Plan Width": 4,
                    "Actual Startup Time": 0.455,
                    "Actual Total Time": 214.161,
                    "Actual Rows": 1157228,
                    "Actual Loops": 2,
                    "Filter": "(keyword_id > 4456)",
                    "Rows Removed by Filter": 1104738
                  },
                  {
                    "Node Type": "Hash",
                    "Parent Relationship": "Inner",
                    "Parallel Aware": true,
                    "Startup Cost": 54588.39,
                    "Total Cost": 54588.39,
                    "Plan Rows": 39362,
                    "Plan Width": 4,
                    "Actual Startup Time": 161.098,
                    "Actual Total Time": 161.099,
                    "Actual Rows": 33888,
                    "Actual Loops": 2,
                    "Hash Buckets": 131072,
                    "Original Hash Buckets": 131072,
                    "Hash Batches": 1,
                    "Original Hash Batches": 1,
                    "Peak Memory Usage": 3712,
                    "Plans": [
                      {
                        "Node Type": "Seq Scan",
                        "Parent Relationship": "Outer",
                        "Parallel Aware": true,
                        "Relation Name": "title",
                        "Alias": "t",
                        "Startup Cost": 0.0,
                        "Total Cost": 54588.39,
                        "Plan Rows": 39362,
                        "Plan Width": 4,
                        "Actual Startup Time": 0.037,
                        "Actual Total Time": 149.503,
                        "Actual Rows": 33888,
                        "Actual Loops": 2,
                        "Filter": "(production_year = 2003)",
                        "Rows Removed by Filter": 1230268
                      }
                    ]
                  }
                ]
              }
            ]
          }
        ]
      }
    ]
  },
  "Planning Time": 0.471,
  "Triggers": [],
  "Execution Time": 498.32
}