{
  "Plan": {
    "Node Type": "Aggregate",
    "Strategy": "Plain",
    "Partial Mode": "Finalize",
    "Parallel Aware": false,
    "Startup Cost": 252504.11,
    "Total Cost": 252504.12,
    "Plan Rows": 1,
    "Plan Width": 8,
    "Actual Startup Time": 472.666,
    "Actual Total Time": 485.139,
    "Actual Rows": 1,
    "Actual Loops": 1,
    "Plans": [
      {
        "Node Type": "Gather",
        "Parent Relationship": "Outer",
        "Parallel Aware": false,
        "Startup Cost": 252504.0,
        "Total Cost": 252504.11,
        "Plan Rows": 1,
        "Plan Width": 8,
        "Actual Startup Time": 470.801,
        "Actual Total Time": 485.131,
        "Actual Rows": 2,
        "Actual Loops": 1,
        "Workers Planned": 1,
        "Workers Launched": 1,
        "Single Copy": false,
        "Plans": [
          {
            "Node Type": "Aggregate",
            "Strategy": "Plain",
            "Partial Mode": "Partial",
            "Parent Relationship": "Outer",
            "Parallel Aware": false,
            "Startup Cost": 251504.0,
            "Total Cost": 251504.01,
            "Plan Rows": 1,
            "Plan Width": 8,
            "Actual Startup Time": 464.836,
            "Actual Total Time": 464.84,
            "Actual Rows": 1,
            "Actual Loops": 2,
            "Plans": [
              {
                "Node Type": "Hash Join",
                "Parent Relationship": "Outer",
                "Parallel Aware": true,
                "Join Type": "Inner",
                "Startup Cost": 78747.24,
                "Total Cost": 251056.67,
                "Plan Rows": 178932,
                "Plan Width": 0,
                "Actual Startup Time": 222.621,
                "Actual Total Time": 445.791,
                "Actual Rows": 424144,
                "Actual Loops": 2,
                "Inner Unique": true,
                "Hash Cond": "(mi.movie_id = t.id)",
                "Plans": [
                  {
                    "Node Type": "Bitmap Heap Scan",
                    "Parent Relationship": "Outer",
                    "Parallel Aware": true,
                    "Relation Name": "movie_info",
                    "Alias": "mi",
                    "Startup Cost": 21006.81,
                    "Total Cost": 191525.78,
                    "Plan Rows": 682078,
                    "Plan Width": 4,
                    "Actual Startup Time": 44.464,
                    "Actual Total Time": 129.961,
                    "Actual Rows": 554470,
                    "Actual Loops": 2,
                    "Recheck Cond": "(info_type_id > 64)",
                    "Rows Removed by Index Recheck": 0,
                    "Exact Heap Blocks": 18449,
                    "Lossy Heap Blocks": 0,
                    "Plans": [
                      {
                        "Node Type": "Bitmap Index Scan",
                        "Parent Relationship": "Outer",
                        "Parallel Aware": false,
                        "Index Name": "info_type_id_movie_info",
                        "Startup Cost": 0.0,
                        "Total Cost": 20716.92,
                        "Plan Rows": 1159532,
                        "Plan Width": 0,
                        "Actual Startup Time": 38.873,
                        "Actual Total Time": 38.873,
                        "Actual Rows": 1108940,
                        "Actual Loops": 1,
                        "Index Cond": "(info_type_id > 64)"
                      }
                    ]
                  },
                  {
                    "Node Type": "Hash",
                    "Parent Relationship": "Inner",
                    "Parallel Aware": true,
                    "Startup Cost": 52863.55,
                    "Total Cost": 52863.55,
                    "Plan Rows": 390151,
                    "Plan Width": 4,
                    "Actual Startup Time": 168.783,
                    "Actual Total Time": 168.785,
                    "Actual Rows": 331412,
                    "Actual Loops": 2,
                    "Hash Buckets": 1048576,
                    "Original Hash Buckets": 1048576,
                    "Hash Batches": 1,
                    "Original Hash Batches": 1,
                    "Peak Memory Usage": 34144,
                    "Plans": [
                      {
                        "Node Type": "Bitmap Heap Scan",
                        "Parent Relationship": "Outer",
                        "Parallel Aware": true,
                        "Relation Name": "title",
                        "Alias": "t",
                        "Startup Cost": 11988.66,
                        "Total Cost": 52863.55,
                        "Plan Rows": 390151,
                        "Plan Width": 4,
                        "Actual Startup Time": 31.222,
                        "Actual Total Time": 90.743,
                        "Actual Rows": 331412,
                        "Actual Loops": 2,
                        "Recheck Cond": "(kind_id = 1)",
                        "Rows Removed by Index Recheck": 0,
                        "Exact Heap Blocks": 7821,
                        "Lossy Heap Blocks": 0,
                        "Plans": [
                          {
                            "Node Type": "Bitmap Index Scan",
                            "Parent Relationship": "Outer",
                            "Parallel Aware": false,
                            "Index Name": "kind_id_title",
                            "Startup Cost": 0.0,
                            "Total Cost": 11822.85,
                            "Plan Rows": 663256,
                            "Plan Width": 0,
                            "Actual Startup Time": 29.373,
                            "Actual Total Time": 29.373,
                            "Actual Rows": 662825,
                            "Actual Loops": 1,
                            "Index Cond": "(kind_id = 1)"
                          }
                        ]
                      }
                    ]
                  }
                ]
              }
            ]
          }
        ]
      }
    ]
  },
  "Planning Time": 0.647,
  "Triggers": [],
  "Execution Time": 485.241
}