[
  {
    "Plan": {
      "Node Type": "Aggregate",
      "Strategy": "Plain",
      "Partial Mode": "Finalize",
      "Parallel Aware": false,
      "Startup Cost": 617319.95,
      "Total Cost": 617319.96,
      "Plan Rows": 1,
      "Plan Width": 8,
      "Actual Startup Time": 2048.959,
      "Actual Total Time": 2141.37,
      "Actual Rows": 1,
      "Actual Loops": 1,
      "Plans": [
        {
          "Node Type": "Gather",
          "Parent Relationship": "Outer",
          "Parallel Aware": false,
          "Startup Cost": 617319.32,
          "Total Cost": 617319.93,
          "Plan Rows": 6,
          "Plan Width": 8,
          "Actual Startup Time": 2040.5,
          "Actual Total Time": 2141.331,
          "Actual Rows": 7,
          "Actual Loops": 1,
          "Workers Planned": 6,
          "Workers Launched": 6,
          "Single Copy": false,
          "Plans": [
            {
              "Node Type": "Aggregate",
              "Strategy": "Plain",
              "Partial Mode": "Partial",
              "Parent Relationship": "Outer",
              "Parallel Aware": false,
              "Startup Cost": 616319.32,
              "Total Cost": 616319.33,
              "Plan Rows": 1,
              "Plan Width": 8,
              "Actual Startup Time": 2025.179,
              "Actual Total Time": 2025.224,
              "Actual Rows": 1,
              "Actual Loops": 7,
              "Plans": [
                {
                  "Node Type": "Hash Join",
                  "Parent Relationship": "Outer",
                  "Parallel Aware": true,
                  "Join Type": "Inner",
                  "Startup Cost": 249919.74,
                  "Total Cost": 610602.47,
                  "Plan Rows": 2286741,
                  "Plan Width": 0,
                  "Actual Startup Time": 837.714,
                  "Actual Total Time": 1979.199,
                  "Actual Rows": 1064699,
                  "Actual Loops": 7,
                  "Inner Unique": false,
                  "Hash Cond": "(ci.movie_id = t.id)",
                  "Plans": [
                    {
                      "Node Type": "Seq Scan",
                      "Parent Relationship": "Outer",
                      "Parallel Aware": true,
                      "Relation Name": "cast_info",
                      "Alias": "ci",
                      "Startup Cost": 0.0,
                      "Total Cost": 343257.03,
                      "Plan Rows": 3427259,
                      "Plan Width": 4,
                      "Actual Startup Time": 116.429,
                      "Actual Total Time": 675.214,
                      "Actual Rows": 2780233,
                      "Actual Loops": 7,
                      "Filter": "((person_id > 1020661) AND (role_id < 8))",
                      "Rows Removed by Filter": 2397531
                    },
                    {
                      "Node Type": "Hash",
                      "Parent Relationship": "Inner",
                      "Parallel Aware": true,
                      "Startup Cost": 245702.41,
                      "Total Cost": 245702.41,
                      "Plan Rows": 337386,
                      "Plan Width": 8,
                      "Actual Startup Time": 716.271,
                      "Actual Total Time": 716.314,
                      "Actual Rows": 102408,
                      "Actual Loops": 7,
                      "Hash Buckets": 2097152,
                      "Original Hash Buckets": 2097152,
                      "Hash Batches": 1,
                      "Original Hash Batches": 1,
                      "Peak Memory Usage": 44544,
                      "Plans": [
                        {
                          "Node Type": "Hash Join",
                          "Parent Relationship": "Outer",
                          "Parallel Aware": true,
                          "Join Type": "Inner",
                          "Startup Cost": 46380.65,
                          "Total Cost": 245702.41,
                          "Plan Rows": 337386,
                          "Plan Width": 8,
                          "Actual Startup Time": 100.038,
                          "Actual Total Time": 664.121,
                          "Actual Rows": 102408,
                          "Actual Loops": 7,
                          "Inner Unique": true,
                          "Hash Cond": "(mi.movie_id = t.id)",
                          "Plans": [
                            {
                              "Node Type": "Seq Scan",
                              "Parent Relationship": "Outer",
                              "Parallel Aware": true,
                              "Relation Name": "movie_info",
                              "Alias": "mi",
                              "Startup Cost": 0.0,
                              "Total Cost": 191560.33,
                              "Plan Rows": 2956733,
                              "Plan Width": 4,
                              "Actual Startup Time": 0.04,
                              "Actual Total Time": 272.785,
                              "Actual Rows": 2119389,
                              "Actual Loops": 7
                            },
                            {
                              "Node Type": "Hash",
                              "Parent Relationship": "Inner",
                              "Parallel Aware": true,
                              "Startup Cost": 45479.1,
                              "Total Cost": 45479.1,
                              "Plan Rows": 72124,
                              "Plan Width": 4,
                              "Actual Startup Time": 98.167,
                              "Actual Total Time": 98.168,
                              "Actual Rows": 41811,
                              "Actual Loops": 7,
                              "Hash Buckets": 524288,
                              "Original Hash Buckets": 524288,
                              "Hash Batches": 1,
                              "Original Hash Batches": 1,
                              "Peak Memory Usage": 15648,
                              "Plans": [
                                {
                                  "Node Type": "Seq Scan",
                                  "Parent Relationship": "Outer",
                                  "Parallel Aware": true,
                                  "Relation Name": "title",
                                  "Alias": "t",
                                  "Startup Cost": 0.0,
                                  "Total Cost": 45479.1,
                                  "Plan Rows": 72124,
                                  "Plan Width": 4,
                                  "Actual Startup Time": 0.041,
                                  "Actual Total Time": 74.404,
                                  "Actual Rows": 41811,
                                  "Actual Loops": 7,
                                  "Filter": "((kind_id > 1) AND (production_year > 2010))",
                                  "Rows Removed by Filter": 319377
                                }
                              ]
                            }
                          ]
                        }
                      ]
                    }
                  ]
                }
              ]
            }
          ]
        }
      ]
    },
    "Planning Time": 1.36,
    "Triggers": [],
    "Execution Time": 2141.474
  }
]