[
  {
    "Plan": {
      "Node Type": "Aggregate",
      "Strategy": "Plain",
      "Partial Mode": "Finalize",
      "Parallel Aware": false,
      "Startup Cost": 46530.07,
      "Total Cost": 46530.08,
      "Plan Rows": 1,
      "Plan Width": 8,
      "Actual Startup Time": 163.786,
      "Actual Total Time": 173.191,
      "Actual Rows": 1,
      "Actual Loops": 1,
      "Plans": [
        {
          "Node Type": "Gather",
          "Parent Relationship": "Outer",
          "Parallel Aware": false,
          "Startup Cost": 46529.75,
          "Total Cost": 46530.06,
          "Plan Rows": 3,
          "Plan Width": 8,
          "Actual Startup Time": 163.661,
          "Actual Total Time": 173.184,
          "Actual Rows": 4,
          "Actual Loops": 1,
          "Workers Planned": 3,
          "Workers Launched": 3,
          "Single Copy": false,
          "Plans": [
            {
              "Node Type": "Aggregate",
              "Strategy": "Plain",
              "Partial Mode": "Partial",
              "Parent Relationship": "Outer",
              "Parallel Aware": false,
              "Startup Cost": 45529.75,
              "Total Cost": 45529.76,
              "Plan Rows": 1,
              "Plan Width": 8,
              "Actual Startup Time": 159.402,
              "Actual Total Time": 159.404,
              "Actual Rows": 1,
              "Actual Loops": 4,
              "Plans": [
                {
                  "Node Type": "Seq Scan",
                  "Parent Relationship": "Outer",
                  "Parallel Aware": true,
                  "Relation Name": "movie_keyword",
                  "Alias": "mk",
                  "Startup Cost": 0.0,
                  "Total Cost": 42695.65,
                  "Plan Rows": 1133638,
                  "Plan Width": 0,
                  "Actual Startup Time": 0.097,
                  "Actual Total Time": 119.879,
                  "Actual Rows": 877790,
                  "Actual Loops": 4,
                  "Filter": "(keyword_id > 981)",
                  "Rows Removed by Filter": 253193
                }
              ]
            }
          ]
        }
      ]
    },
    "Planning Time": 0.116,
    "Triggers": [],
    "Execution Time": 173.233
  }
]