[
  {
    "Plan": {
      "Node Type": "Aggregate",
      "Strategy": "Plain",
      "Partial Mode": "Finalize",
      "Parallel Aware": false,
      "Startup Cost": 39347.18,
      "Total Cost": 39347.19,
      "Plan Rows": 1,
      "Plan Width": 8,
      "Actual Startup Time": 135.139,
      "Actual Total Time": 140.615,
      "Actual Rows": 1,
      "Actual Loops": 1,
      "Plans": [
        {
          "Node Type": "Gather",
          "Parent Relationship": "Outer",
          "Parallel Aware": false,
          "Startup Cost": 39346.86,
          "Total Cost": 39347.17,
          "Plan Rows": 3,
          "Plan Width": 8,
          "Actual Startup Time": 134.878,
          "Actual Total Time": 140.607,
          "Actual Rows": 4,
          "Actual Loops": 1,
          "Workers Planned": 3,
          "Workers Launched": 3,
          "Single Copy": false,
          "Plans": [
            {
              "Node Type": "Aggregate",
              "Strategy": "Plain",
              "Partial Mode": "Partial",
              "Parent Relationship": "Outer",
              "Parallel Aware": false,
              "Startup Cost": 38346.86,
              "Total Cost": 38346.87,
              "Plan Rows": 1,
              "Plan Width": 8,
              "Actual Startup Time": 129.315,
              "Actual Total Time": 129.317,
              "Actual Rows": 1,
              "Actual Loops": 4,
              "Plans": [
                {
                  "Node Type": "Bitmap Heap Scan",
                  "Parent Relationship": "Outer",
                  "Parallel Aware": true,
                  "Relation Name": "movie_keyword",
                  "Alias": "mk",
                  "Startup Cost": 11312.81,
                  "Total Cost": 37916.85,
                  "Plan Rows": 172003,
                  "Plan Width": 0,
                  "Actual Startup Time": 47.745,
                  "Actual Total Time": 121.466,
                  "Actual Rows": 129104,
                  "Actual Loops": 4,
                  "Recheck Cond": "(keyword_id > 35061)",
                  "Rows Removed by Index Recheck": 0,
                  "Exact Heap Blocks": 9999,
                  "Lossy Heap Blocks": 0,
                  "Plans": [
                    {
                      "Node Type": "Bitmap Index Scan",
                      "Parent Relationship": "Outer",
                      "Parallel Aware": false,
                      "Index Name": "keyword_id_movie_keyword",
                      "Startup Cost": 0.0,
                      "Total Cost": 11179.51,
                      "Plan Rows": 533210,
                      "Plan Width": 0,
                      "Actual Startup Time": 49.103,
                      "Actual Total Time": 49.104,
                      "Actual Rows": 516416,
                      "Actual Loops": 1,
                      "Index Cond": "(keyword_id > 35061)"
                    }
                  ]
                }
              ]
            }
          ]
        }
      ]
    },
    "Planning Time": 0.142,
    "Triggers": [],
    "Execution Time": 140.678
  }
]