[
  {
    "Plan": {
      "Node Type": "Aggregate",
      "Strategy": "Plain",
      "Partial Mode": "Finalize",
      "Parallel Aware": false,
      "Startup Cost": 62215.97,
      "Total Cost": 62215.98,
      "Plan Rows": 1,
      "Plan Width": 8,
      "Actual Startup Time": 267.36,
      "Actual Total Time": 280.931,
      "Actual Rows": 1,
      "Actual Loops": 1,
      "Plans": [
        {
          "Node Type": "Gather",
          "Parent Relationship": "Outer",
          "Parallel Aware": false,
          "Startup Cost": 62215.76,
          "Total Cost": 62215.97,
          "Plan Rows": 2,
          "Plan Width": 8,
          "Actual Startup Time": 265.291,
          "Actual Total Time": 280.923,
          "Actual Rows": 3,
          "Actual Loops": 1,
          "Workers Planned": 2,
          "Workers Launched": 2,
          "Single Copy": false,
          "Plans": [
            {
              "Node Type": "Aggregate",
              "Strategy": "Plain",
              "Partial Mode": "Partial",
              "Parent Relationship": "Outer",
              "Parallel Aware": false,
              "Startup Cost": 61215.76,
              "Total Cost": 61215.77,
              "Plan Rows": 1,
              "Plan Width": 8,
              "Actual Startup Time": 257.321,
              "Actual Total Time": 257.324,
              "Actual Rows": 1,
              "Actual Loops": 3,
              "Plans": [
                {
                  "Node Type": "Hash Join",
                  "Parent Relationship": "Outer",
                  "Parallel Aware": true,
                  "Join Type": "Inner",
                  "Startup Cost": 45937.75,
                  "Total Cost": 61132.31,
                  "Plan Rows": 33379,
                  "Plan Width": 0,
                  "Actual Startup Time": 192.276,
                  "Actual Total Time": 253.72,
                  "Actual Rows": 79134,
                  "Actual Loops": 3,
                  "Inner Unique": true,
                  "Hash Cond": "(mi_idx.movie_id = t.id)",
                  "Plans": [
                    {
                      "Node Type": "Seq Scan",
                      "Parent Relationship": "Outer",
                      "Parallel Aware": true,
                      "Relation Name": "movie_info_idx",
                      "Alias": "mi_idx",
                      "Startup Cost": 0.0,
                      "Total Cost": 13685.15,
                      "Plan Rows": 575015,
                      "Plan Width": 4,
                      "Actual Startup Time": 0.023,
                      "Actual Total Time": 38.19,
                      "Actual Rows": 460012,
                      "Actual Loops": 3
                    },
                    {
                      "Node Type": "Hash",
                      "Parent Relationship": "Inner",
                      "Parallel Aware": true,
                      "Startup Cost": 45479.1,
                      "Total Cost": 45479.1,
                      "Plan Rows": 36692,
                      "Plan Width": 4,
                      "Actual Startup Time": 154.535,
                      "Actual Total Time": 154.536,
                      "Actual Rows": 95711,
                      "Actual Loops": 3,
                      "Hash Buckets": 524288,
                      "Original Hash Buckets": 262144,
                      "Hash Batches": 1,
                      "Original Hash Batches": 1,
                      "Peak Memory Usage": 17408,
                      "Plans": [
                        {
                          "Node Type": "Seq Scan",
                          "Parent Relationship": "Outer",
                          "Parallel Aware": true,
                          "Relation Name": "title",
                          "Alias": "t",
                          "Startup Cost": 0.0,
                          "Total Cost": 45479.1,
                          "Plan Rows": 36692,
                          "Plan Width": 4,
                          "Actual Startup Time": 69.851,
                          "Actual Total Time": 120.616,
                          "Actual Rows": 95711,
                          "Actual Loops": 3,
                          "Filter": "((production_year < 1984) AND (kind_id = 1))",
                          "Rows Removed by Filter": 747059
                        }
                      ]
                    }
                  ]
                }
              ]
            }
          ]
        }
      ]
    },
    "Planning Time": 0.547,
    "Triggers": [],
    "Execution Time": 280.994
  }
]