{
  "Plan": {
    "Node Type": "Aggregate",
    "Strategy": "Plain",
    "Partial Mode": "Finalize",
    "Parallel Aware": false,
    "Startup Cost": 681708.88,
    "Total Cost": 681708.89,
    "Plan Rows": 1,
    "Plan Width": 8,
    "Actual Startup Time": 3398.136,
    "Actual Total Time": 3457.301,
    "Actual Rows": 1,
    "Actual Loops": 1,
    "Plans": [
      {
        "Node Type": "Gather",
        "Parent Relationship": "Outer",
        "Parallel Aware": false,
        "Startup Cost": 681708.77,
        "Total Cost": 681708.88,
        "Plan Rows": 1,
        "Plan Width": 8,
        "Actual Startup Time": 3395.054,
        "Actual Total Time": 3457.294,
        "Actual Rows": 2,
        "Actual Loops": 1,
        "Workers Planned": 1,
        "Workers Launched": 1,
        "Single Copy": false,
        "Plans": [
          {
            "Node Type": "Aggregate",
            "Strategy": "Plain",
            "Partial Mode": "Partial",
            "Parent Relationship": "Outer",
            "Parallel Aware": false,
            "Startup Cost": 680708.77,
            "Total Cost": 680708.78,
            "Plan Rows": 1,
            "Plan Width": 8,
            "Actual Startup Time": 3385.537,
            "Actual Total Time": 3385.543,
            "Actual Rows": 1,
            "Actual Loops": 2,
            "Plans": [
              {
                "Node Type": "Hash Join",
                "Parent Relationship": "Outer",
                "Parallel Aware": true,
                "Join Type": "Inner",
                "Startup Cost": 113014.1,
                "Total Cost": 678206.48,
                "Plan Rows": 1000916,
                "Plan Width": 0,
                "Actual Startup Time": 952.365,
                "Actual Total Time": 3369.15,
                "Actual Rows": 384044,
                "Actual Loops": 2,
                "Inner Unique": false,
                "Hash Cond": "(t.id = mc.movie_id)",
                "Plans": [
                  {
                    "Node Type": "Hash Join",
                    "Parent Relationship": "Outer",
                    "Parallel Aware": true,
                    "Join Type": "Inner",
                    "Startup Cost": 59691.51,
                    "Total Cost": 612934.23,
                    "Plan Rows": 969906,
                    "Plan Width": 8,
                    "Actual Startup Time": 471.496,
                    "Actual Total Time": 2736.17,
                    "Actual Rows": 229428,
                    "Actual Loops": 2,
                    "Inner Unique": true,
                    "Hash Cond": "(ci.movie_id = t.id)",
                    "Plans": [
                      {
                        "Node Type": "Seq Scan",
                        "Parent Relationship": "Outer",
                        "Parallel Aware": true,
                        "Relation Name": "cast_info",
                        "Alias": "ci",
                        "Startup Cost": 0.0,
                        "Total Cost": 519069.44,
                        "Plan Rows": 13018374,
                        "Plan Width": 4,
                        "Actual Startup Time": 328.215,
                        "Actual Total Time": 1507.249,
                        "Actual Rows": 11076276,
                        "Actual Loops": 2,
                        "Filter": "(person_id > 1388363)",
                        "Rows Removed by Filter": 7045896
                      },
                      {
                        "Node Type": "Hash",
                        "Parent Relationship": "Inner",
                        "Parallel Aware": true,
                        "Startup Cost": 58306.47,
                        "Total Cost": 58306.47,
                        "Plan Rows": 110803,
                        "Plan Width": 4,
                        "Actual Startup Time": 142.437,
                        "Actual Total Time": 142.438,
                        "Actual Rows": 47668,
                        "Actual Loops": 2,
                        "Hash Buckets": 262144,
                        "Original Hash Buckets": 262144,
                        "Hash Batches": 1,
                        "Original Hash Batches": 1,
                        "Peak Memory Usage": 5824,
                        "Plans": [
                          {
                            "Node Type": "Seq Scan",
                            "Parent Relationship": "Outer",
                            "Parallel Aware": true,
                            "Relation Name": "title",
                            "Alias": "t",
                            "Startup Cost": 0.0,
                            "Total Cost": 58306.47,
                            "Plan Rows": 110803,
                            "Plan Width": 4,
                            "Actual Startup Time": 0.02,
                            "Actual Total Time": 126.262,
                            "Actual Rows": 47668,
                            "Actual Loops": 2,
                            "Filter": "((production_year < 1967) AND (kind_id = 7))",
                            "Rows Removed by Filter": 1216488
                          }
                        ]
                      }
                    ]
                  },
                  {
                    "Node Type": "Hash",
                    "Parent Relationship": "Inner",
                    "Parallel Aware": true,
                    "Startup Cost": 34137.82,
                    "Total Cost": 34137.82,
                    "Plan Rows": 1534782,
                    "Plan Width": 4,
                    "Actual Startup Time": 463.976,
                    "Actual Total Time": 463.976,
                    "Actual Rows": 1304564,
                    "Actual Loops": 2,
                    "Hash Buckets": 4194304,
                    "Original Hash Buckets": 4194304,
                    "Hash Batches": 1,
                    "Original Hash Batches": 1,
                    "Peak Memory Usage": 134848,
                    "Plans": [
                      {
                        "Node Type": "Seq Scan",
                        "Parent Relationship": "Outer",
                        "Parallel Aware": true,
                        "Relation Name": "movie_companies",
                        "Alias": "mc",
                        "Startup Cost": 0.0,
                        "Total Cost": 34137.82,
                        "Plan Rows": 1534782,
                        "Plan Width": 4,
                        "Actual Startup Time": 0.045,
                        "Actual Total Time": 133.663,
                        "Actual Rows": 1304564,
                        "Actual Loops": 2
                      }
                    ]
                  }
                ]
              }
            ]
          }
        ]
      }
    ]
  },
  "Planning Time": 0.599,
  "Triggers": [],
  "Execution Time": 3457.362
}