[
  {
    "Plan": {
      "Node Type": "Aggregate",
      "Strategy": "Plain",
      "Partial Mode": "Finalize",
      "Parallel Aware": false,
      "Startup Cost": 46416.09,
      "Total Cost": 46416.1,
      "Plan Rows": 1,
      "Plan Width": 8,
      "Actual Startup Time": 168.628,
      "Actual Total Time": 178.013,
      "Actual Rows": 1,
      "Actual Loops": 1,
      "Plans": [
        {
          "Node Type": "Gather",
          "Parent Relationship": "Outer",
          "Parallel Aware": false,
          "Startup Cost": 46415.77,
          "Total Cost": 46416.08,
          "Plan Rows": 3,
          "Plan Width": 8,
          "Actual Startup Time": 168.531,
          "Actual Total Time": 178.005,
          "Actual Rows": 4,
          "Actual Loops": 1,
          "Workers Planned": 3,
          "Workers Launched": 3,
          "Single Copy": false,
          "Plans": [
            {
              "Node Type": "Aggregate",
              "Strategy": "Plain",
              "Partial Mode": "Partial",
              "Parent Relationship": "Outer",
              "Parallel Aware": false,
              "Startup Cost": 45415.77,
              "Total Cost": 45415.78,
              "Plan Rows": 1,
              "Plan Width": 8,
              "Actual Startup Time": 160.743,
              "Actual Total Time": 160.745,
              "Actual Rows": 1,
              "Actual Loops": 4,
              "Plans": [
                {
                  "Node Type": "Seq Scan",
                  "Parent Relationship": "Outer",
                  "Parallel Aware": true,
                  "Relation Name": "movie_keyword",
                  "Alias": "mk",
                  "Startup Cost": 0.0,
                  "Total Cost": 42695.65,
                  "Plan Rows": 1088046,
                  "Plan Width": 0,
                  "Actual Startup Time": 0.047,
                  "Actual Total Time": 121.611,
                  "Actual Rows": 841565,
                  "Actual Loops": 4,
                  "Filter": "(keyword_id < 16141)",
                  "Rows Removed by Filter": 289417
                }
              ]
            }
          ]
        }
      ]
    },
    "Planning Time": 0.213,
    "Triggers": [],
    "Execution Time": 178.069
  }
]