[
  {
    "Plan": {
      "Node Type": "Aggregate",
      "Strategy": "Plain",
      "Partial Mode": "Finalize",
      "Parallel Aware": false,
      "Startup Cost": 46415.17,
      "Total Cost": 46415.18,
      "Plan Rows": 1,
      "Plan Width": 8,
      "Actual Startup Time": 175.231,
      "Actual Total Time": 184.772,
      "Actual Rows": 1,
      "Actual Loops": 1,
      "Plans": [
        {
          "Node Type": "Gather",
          "Parent Relationship": "Outer",
          "Parallel Aware": false,
          "Startup Cost": 46414.86,
          "Total Cost": 46415.17,
          "Plan Rows": 3,
          "Plan Width": 8,
          "Actual Startup Time": 175.118,
          "Actual Total Time": 184.763,
          "Actual Rows": 4,
          "Actual Loops": 1,
          "Workers Planned": 3,
          "Workers Launched": 3,
          "Single Copy": false,
          "Plans": [
            {
              "Node Type": "Aggregate",
              "Strategy": "Plain",
              "Partial Mode": "Partial",
              "Parent Relationship": "Outer",
              "Parallel Aware": false,
              "Startup Cost": 45414.86,
              "Total Cost": 45414.87,
              "Plan Rows": 1,
              "Plan Width": 8,
              "Actual Startup Time": 168.838,
              "Actual Total Time": 168.84,
              "Actual Rows": 1,
              "Actual Loops": 4,
              "Plans": [
                {
                  "Node Type": "Seq Scan",
                  "Parent Relationship": "Outer",
                  "Parallel Aware": true,
                  "Relation Name": "movie_keyword",
                  "Alias": "mk",
                  "Startup Cost": 0.0,
                  "Total Cost": 42695.65,
                  "Plan Rows": 1087681,
                  "Plan Width": 0,
                  "Actual Startup Time": 0.051,
                  "Actual Total Time": 128.024,
                  "Actual Rows": 841565,
                  "Actual Loops": 4,
                  "Filter": "(keyword_id < 16141)",
                  "Rows Removed by Filter": 289417
                }
              ]
            }
          ]
        }
      ]
    },
    "Planning Time": 0.188,
    "Triggers": [],
    "Execution Time": 184.829
  }
]