[
  {
    "Plan": {
      "Node Type": "Aggregate",
      "Strategy": "Plain",
      "Partial Mode": "Finalize",
      "Parallel Aware": false,
      "Startup Cost": 75330.81,
      "Total Cost": 75330.82,
      "Plan Rows": 1,
      "Plan Width": 8,
      "Actual Startup Time": 424.228,
      "Actual Total Time": 438.664,
      "Actual Rows": 1,
      "Actual Loops": 1,
      "Plans": [
        {
          "Node Type": "Gather",
          "Parent Relationship": "Outer",
          "Parallel Aware": false,
          "Startup Cost": 75330.49,
          "Total Cost": 75330.8,
          "Plan Rows": 3,
          "Plan Width": 8,
          "Actual Startup Time": 416.373,
          "Actual Total Time": 438.655,
          "Actual Rows": 4,
          "Actual Loops": 1,
          "Workers Planned": 3,
          "Workers Launched": 3,
          "Single Copy": false,
          "Plans": [
            {
              "Node Type": "Aggregate",
              "Strategy": "Plain",
              "Partial Mode": "Partial",
              "Parent Relationship": "Outer",
              "Parallel Aware": false,
              "Startup Cost": 74330.49,
              "Total Cost": 74330.5,
              "Plan Rows": 1,
              "Plan Width": 8,
              "Actual Startup Time": 405.481,
              "Actual Total Time": 405.485,
              "Actual Rows": 1,
              "Actual Loops": 4,
              "Plans": [
                {
                  "Node Type": "Hash Join",
                  "Parent Relationship": "Outer",
                  "Parallel Aware": true,
                  "Join Type": "Inner",
                  "Startup Cost": 54675.94,
                  "Total Cost": 74213.89,
                  "Plan Rows": 46640,
                  "Plan Width": 0,
                  "Actual Startup Time": 374.25,
                  "Actual Total Time": 403.577,
                  "Actual Rows": 35160,
                  "Actual Loops": 4,
                  "Inner Unique": true,
                  "Hash Cond": "(mc.movie_id = t.id)",
                  "Plans": [
                    {
                      "Node Type": "Bitmap Heap Scan",
                      "Parent Relationship": "Outer",
                      "Parallel Aware": true,
                      "Relation Name": "movie_companies",
                      "Alias": "mc",
                      "Startup Cost": 3324.5,
                      "Total Cost": 22732.64,
                      "Plan Rows": 49451,
                      "Plan Width": 4,
                      "Actual Startup Time": 6.889,
                      "Actual Total Time": 17.688,
                      "Actual Rows": 37388,
                      "Actual Loops": 4,
                      "Recheck Cond": "(company_id > 132274)",
                      "Rows Removed by Index Recheck": 0,
                      "Exact Heap Blocks": 1187,
                      "Lossy Heap Blocks": 0,
                      "Plans": [
                        {
                          "Node Type": "Bitmap Index Scan",
                          "Parent Relationship": "Outer",
                          "Parallel Aware": false,
                          "Index Name": "company_id_movie_companies",
                          "Startup Cost": 0.0,
                          "Total Cost": 3286.17,
                          "Plan Rows": 153299,
                          "Plan Width": 0,
                          "Actual Startup Time": 6.288,
                          "Actual Total Time": 6.289,
                          "Actual Rows": 149551,
                          "Actual Loops": 1,
                          "Index Cond": "(company_id > 132274)"
                        }
                      ]
                    },
                    {
                      "Node Type": "Hash",
                      "Parent Relationship": "Inner",
                      "Parallel Aware": true,
                      "Startup Cost": 43899.32,
                      "Total Cost": 43899.32,
                      "Plan Rows": 596170,
                      "Plan Width": 4,
                      "Actual Startup Time": 360.103,
                      "Actual Total Time": 360.104,
                      "Actual Rows": 597219,
                      "Actual Loops": 4,
                      "Hash Buckets": 4194304,
                      "Original Hash Buckets": 4194304,
                      "Hash Batches": 1,
                      "Original Hash Batches": 1,
                      "Peak Memory Usage": 126304,
                      "Plans": [
                        {
                          "Node Type": "Seq Scan",
                          "Parent Relationship": "Outer",
                          "Parallel Aware": true,
                          "Relation Name": "title",
                          "Alias": "t",
                          "Startup Cost": 0.0,
                          "Total Cost": 43899.32,
                          "Plan Rows": 596170,
                          "Plan Width": 4,
                          "Actual Startup Time": 0.042,
                          "Actual Total Time": 130.991,
                          "Actual Rows": 597219,
                          "Actual Loops": 4,
                          "Filter": "(production_year < 2013)",
                          "Rows Removed by Filter": 34859
                        }
                      ]
                    }
                  ]
                }
              ]
            }
          ]
        }
      ]
    },
    "Planning Time": 0.48,
    "Triggers": [],
    "Execution Time": 438.705
  }
]