[
  {
    "Plan": {
      "Node Type": "Aggregate",
      "Strategy": "Plain",
      "Partial Mode": "Finalize",
      "Parallel Aware": false,
      "Startup Cost": 350022.72,
      "Total Cost": 350022.73,
      "Plan Rows": 1,
      "Plan Width": 8,
      "Actual Startup Time": 788.617,
      "Actual Total Time": 834.238,
      "Actual Rows": 1,
      "Actual Loops": 1,
      "Plans": [
        {
          "Node Type": "Gather",
          "Parent Relationship": "Outer",
          "Parallel Aware": false,
          "Startup Cost": 350022.09,
          "Total Cost": 350022.7,
          "Plan Rows": 6,
          "Plan Width": 8,
          "Actual Startup Time": 788.4,
          "Actual Total Time": 834.222,
          "Actual Rows": 7,
          "Actual Loops": 1,
          "Workers Planned": 6,
          "Workers Launched": 6,
          "Single Copy": false,
          "Plans": [
            {
              "Node Type": "Aggregate",
              "Strategy": "Plain",
              "Partial Mode": "Partial",
              "Parent Relationship": "Outer",
              "Parallel Aware": false,
              "Startup Cost": 349022.09,
              "Total Cost": 349022.1,
              "Plan Rows": 1,
              "Plan Width": 8,
              "Actual Startup Time": 780.72,
              "Actual Total Time": 780.721,
              "Actual Rows": 1,
              "Actual Loops": 7,
              "Plans": [
                {
                  "Node Type": "Seq Scan",
                  "Parent Relationship": "Outer",
                  "Parallel Aware": true,
                  "Relation Name": "cast_info",
                  "Alias": "ci",
                  "Startup Cost": 0.0,
                  "Total Cost": 343316.27,
                  "Plan Rows": 2282328,
                  "Plan Width": 0,
                  "Actual Startup Time": 161.194,
                  "Actual Total Time": 697.603,
                  "Actual Rows": 1657030,
                  "Actual Loops": 7,
                  "Filter": "((person_id > 1160215) AND (role_id < 3))",
                  "Rows Removed by Filter": 3520733
                }
              ]
            }
          ]
        }
      ]
    },
    "Planning Time": 0.129,
    "Triggers": [],
    "Execution Time": 834.288
  }
]