[
  {
    "Plan": {
      "Node Type": "Aggregate",
      "Strategy": "Plain",
      "Partial Mode": "Finalize",
      "Parallel Aware": false,
      "Startup Cost": 92900.95,
      "Total Cost": 92900.96,
      "Plan Rows": 1,
      "Plan Width": 8,
      "Actual Startup Time": 436.025,
      "Actual Total Time": 464.537,
      "Actual Rows": 1,
      "Actual Loops": 1,
      "Plans": [
        {
          "Node Type": "Gather",
          "Parent Relationship": "Outer",
          "Parallel Aware": false,
          "Startup Cost": 92900.63,
          "Total Cost": 92900.94,
          "Plan Rows": 3,
          "Plan Width": 8,
          "Actual Startup Time": 434.538,
          "Actual Total Time": 464.525,
          "Actual Rows": 4,
          "Actual Loops": 1,
          "Workers Planned": 3,
          "Workers Launched": 3,
          "Single Copy": false,
          "Plans": [
            {
              "Node Type": "Aggregate",
              "Strategy": "Plain",
              "Partial Mode": "Partial",
              "Parent Relationship": "Outer",
              "Parallel Aware": false,
              "Startup Cost": 91900.63,
              "Total Cost": 91900.64,
              "Plan Rows": 1,
              "Plan Width": 8,
              "Actual Startup Time": 427.899,
              "Actual Total Time": 427.904,
              "Actual Rows": 1,
              "Actual Loops": 4,
              "Plans": [
                {
                  "Node Type": "Hash Join",
                  "Parent Relationship": "Outer",
                  "Parallel Aware": true,
                  "Join Type": "Inner",
                  "Startup Cost": 45796.42,
                  "Total Cost": 91775.24,
                  "Plan Rows": 50154,
                  "Plan Width": 0,
                  "Actual Startup Time": 213.462,
                  "Actual Total Time": 425.776,
                  "Actual Rows": 33526,
                  "Actual Loops": 4,
                  "Inner Unique": true,
                  "Hash Cond": "(mk.movie_id = t.id)",
                  "Plans": [
                    {
                      "Node Type": "Seq Scan",
                      "Parent Relationship": "Outer",
                      "Parallel Aware": true,
                      "Relation Name": "movie_keyword",
                      "Alias": "mk",
                      "Startup Cost": 0.0,
                      "Total Cost": 42695.65,
                      "Plan Rows": 1250730,
                      "Plan Width": 4,
                      "Actual Startup Time": 0.051,
                      "Actual Total Time": 167.909,
                      "Actual Rows": 967902,
                      "Actual Loops": 4,
                      "Filter": "(keyword_id < 28819)",
                      "Rows Removed by Filter": 163080
                    },
                    {
                      "Node Type": "Hash",
                      "Parent Relationship": "Inner",
                      "Parallel Aware": true,
                      "Startup Cost": 45479.59,
                      "Total Cost": 45479.59,
                      "Plan Rows": 25347,
                      "Plan Width": 4,
                      "Actual Startup Time": 159.448,
                      "Actual Total Time": 159.45,
                      "Actual Rows": 24748,
                      "Actual Loops": 4,
                      "Hash Buckets": 131072,
                      "Original Hash Buckets": 131072,
                      "Hash Batches": 1,
                      "Original Hash Batches": 1,
                      "Peak Memory Usage": 4960,
                      "Plans": [
                        {
                          "Node Type": "Seq Scan",
                          "Parent Relationship": "Outer",
                          "Parallel Aware": true,
                          "Relation Name": "title",
                          "Alias": "t",
                          "Startup Cost": 0.0,
                          "Total Cost": 45479.59,
                          "Plan Rows": 25347,
                          "Plan Width": 4,
                          "Actual Startup Time": 65.069,
                          "Actual Total Time": 148.011,
                          "Actual Rows": 24748,
                          "Actual Loops": 4,
                          "Filter": "((production_year > 2010) AND (kind_id = 1))",
                          "Rows Removed by Filter": 607330
                        }
                      ]
                    }
                  ]
                }
              ]
            }
          ]
        }
      ]
    },
    "Planning Time": 0.488,
    "Triggers": [],
    "Execution Time": 464.608
  }
]