[
  {
    "Plan": {
      "Node Type": "Aggregate",
      "Strategy": "Plain",
      "Partial Mode": "Finalize",
      "Parallel Aware": false,
      "Startup Cost": 239848.8,
      "Total Cost": 239848.81,
      "Plan Rows": 1,
      "Plan Width": 8,
      "Actual Startup Time": 213.857,
      "Actual Total Time": 244.593,
      "Actual Rows": 1,
      "Actual Loops": 1,
      "Plans": [
        {
          "Node Type": "Gather",
          "Parent Relationship": "Outer",
          "Parallel Aware": false,
          "Startup Cost": 239848.38,
          "Total Cost": 239848.79,
          "Plan Rows": 4,
          "Plan Width": 8,
          "Actual Startup Time": 213.587,
          "Actual Total Time": 244.574,
          "Actual Rows": 5,
          "Actual Loops": 1,
          "Workers Planned": 4,
          "Workers Launched": 4,
          "Single Copy": false,
          "Plans": [
            {
              "Node Type": "Aggregate",
              "Strategy": "Plain",
              "Partial Mode": "Partial",
              "Parent Relationship": "Outer",
              "Parallel Aware": false,
              "Startup Cost": 238848.38,
              "Total Cost": 238848.39,
              "Plan Rows": 1,
              "Plan Width": 8,
              "Actual Startup Time": 203.281,
              "Actual Total Time": 203.283,
              "Actual Rows": 1,
              "Actual Loops": 5,
              "Plans": [
                {
                  "Node Type": "Nested Loop",
                  "Parent Relationship": "Outer",
                  "Parallel Aware": false,
                  "Join Type": "Inner",
                  "Startup Cost": 1.0,
                  "Total Cost": 238699.71,
                  "Plan Rows": 59466,
                  "Plan Width": 0,
                  "Actual Startup Time": 0.831,
                  "Actual Total Time": 200.697,
                  "Actual Rows": 37814,
                  "Actual Loops": 5,
                  "Inner Unique": false,
                  "Join Filter": "(t.id = ci.movie_id)",
                  "Rows Removed by Join Filter": 0,
                  "Plans": [
                    {
                      "Node Type": "Nested Loop",
                      "Parent Relationship": "Outer",
                      "Parallel Aware": false,
                      "Join Type": "Inner",
                      "Startup Cost": 0.43,
                      "Total Cost": 217512.39,
                      "Plan Rows": 13704,
                      "Plan Width": 8,
                      "Actual Startup Time": 0.329,
                      "Actual Total Time": 90.023,
                      "Actual Rows": 5385,
                      "Actual Loops": 5,
                      "Inner Unique": false,
                      "Plans": [
                        {
                          "Node Type": "Seq Scan",
                          "Parent Relationship": "Outer",
                          "Parallel Aware": true,
                          "Relation Name": "title",
                          "Alias": "t",
                          "Startup Cost": 0.0,
                          "Total Cost": 45479.1,
                          "Plan Rows": 2344,
                          "Plan Width": 4,
                          "Actual Startup Time": 0.087,
                          "Actual Total Time": 67.966,
                          "Actual Rows": 1654,
                          "Actual Loops": 5,
                          "Filter": "((kind_id = 7) AND (production_year = 1971))",
                          "Rows Removed by Filter": 504009
                        },
                        {
                          "Node Type": "Index Only Scan",
                          "Parent Relationship": "Inner",
                          "Parallel Aware": false,
                          "Scan Direction": "Forward",
                          "Index Name": "movie_id_movie_info",
                          "Relation Name": "movie_info",
                          "Alias": "mi",
                          "Startup Cost": 0.43,
                          "Total Cost": 72.97,
                          "Plan Rows": 42,
                          "Plan Width": 4,
                          "Actual Startup Time": 0.007,
                          "Actual Total Time": 0.012,
                          "Actual Rows": 3,
                          "Actual Loops": 8269,
                          "Index Cond": "(movie_id = t.id)",
                          "Rows Removed by Index Recheck": 0,
                          "Heap Fetches": 26923
                        }
                      ]
                    },
                    {
                      "Node Type": "Index Scan",
                      "Parent Relationship": "Inner",
                      "Parallel Aware": false,
                      "Scan Direction": "Forward",
                      "Index Name": "movie_id_cast_info",
                      "Relation Name": "cast_info",
                      "Alias": "ci",
                      "Startup Cost": 0.56,
                      "Total Cost": 1.41,
                      "Plan Rows": 11,
                      "Plan Width": 4,
                      "Actual Startup Time": 0.005,
                      "Actual Total Time": 0.019,
                      "Actual Rows": 7,
                      "Actual Loops": 26923,
                      "Index Cond": "(movie_id = mi.movie_id)",
                      "Rows Removed by Index Recheck": 0,
                      "Filter": "(person_id < 1078662)",
                      "Rows Removed by Filter": 10
                    }
                  ]
                }
              ]
            }
          ]
        }
      ]
    },
    "Planning Time": 1.307,
    "Triggers": [],
    "Execution Time": 244.684
  }
]