[
  {
    "Plan": {
      "Node Type": "Aggregate",
      "Strategy": "Plain",
      "Partial Mode": "Finalize",
      "Parallel Aware": false,
      "Startup Cost": 32205.88,
      "Total Cost": 32205.89,
      "Plan Rows": 1,
      "Plan Width": 8,
      "Actual Startup Time": 91.853,
      "Actual Total Time": 95.519,
      "Actual Rows": 1,
      "Actual Loops": 1,
      "Plans": [
        {
          "Node Type": "Gather",
          "Parent Relationship": "Outer",
          "Parallel Aware": false,
          "Startup Cost": 32205.56,
          "Total Cost": 32205.87,
          "Plan Rows": 3,
          "Plan Width": 8,
          "Actual Startup Time": 91.765,
          "Actual Total Time": 95.514,
          "Actual Rows": 4,
          "Actual Loops": 1,
          "Workers Planned": 3,
          "Workers Launched": 3,
          "Single Copy": false,
          "Plans": [
            {
              "Node Type": "Aggregate",
              "Strategy": "Plain",
              "Partial Mode": "Partial",
              "Parent Relationship": "Outer",
              "Parallel Aware": false,
              "Startup Cost": 31205.56,
              "Total Cost": 31205.57,
              "Plan Rows": 1,
              "Plan Width": 8,
              "Actual Startup Time": 89.232,
              "Actual Total Time": 89.233,
              "Actual Rows": 1,
              "Actual Loops": 4,
              "Plans": [
                {
                  "Node Type": "Seq Scan",
                  "Parent Relationship": "Outer",
                  "Parallel Aware": true,
                  "Relation Name": "movie_companies",
                  "Alias": "mc",
                  "Startup Cost": 0.0,
                  "Total Cost": 29310.68,
                  "Plan Rows": 757951,
                  "Plan Width": 0,
                  "Actual Startup Time": 0.017,
                  "Actual Total Time": 65.067,
                  "Actual Rows": 586616,
                  "Actual Loops": 4,
                  "Filter": "(company_id < 98897)",
                  "Rows Removed by Filter": 65667
                }
              ]
            }
          ]
        }
      ]
    },
    "Planning Time": 0.086,
    "Triggers": [],
    "Execution Time": 95.548
  }
]