[
    {
        "Bao": {
            "Bao prediction": 522.337,
            "Bao recommended hint": "(no hint)"
        }
    },
    {
        "Plan": {
            "Node Type": "Aggregate",
            "Strategy": "Plain",
            "Partial Mode": "Finalize",
            "Parallel Aware": false,
            "Startup Cost": 343726.23,
            "Total Cost": 343726.24,
            "Plan Rows": 1,
            "Plan Width": 8,
            "Actual Startup Time": 1183.504,
            "Actual Total Time": 1217.773,
            "Actual Rows": 1,
            "Actual Loops": 1,
            "Output": [
                "count(*)"
            ],
            "Plans": [
                {
                    "Node Type": "Gather",
                    "Parent Relationship": "Outer",
                    "Parallel Aware": false,
                    "Startup Cost": 343725.6,
                    "Total Cost": 343726.21,
                    "Plan Rows": 6,
                    "Plan Width": 8,
                    "Actual Startup Time": 1183.219,
                    "Actual Total Time": 1217.764,
                    "Actual Rows": 7,
                    "Actual Loops": 1,
                    "Output": [
                        "(PARTIAL count(*))"
                    ],
                    "Workers Planned": 6,
                    "Workers Launched": 6,
                    "Single Copy": false,
                    "Plans": [
                        {
                            "Node Type": "Aggregate",
                            "Strategy": "Plain",
                            "Partial Mode": "Partial",
                            "Parent Relationship": "Outer",
                            "Parallel Aware": false,
                            "Startup Cost": 342725.6,
                            "Total Cost": 342725.61,
                            "Plan Rows": 1,
                            "Plan Width": 8,
                            "Actual Startup Time": 1173.706,
                            "Actual Total Time": 1173.707,
                            "Actual Rows": 1,
                            "Actual Loops": 7,
                            "Output": [
                                "PARTIAL count(*)"
                            ],
                            "Workers": [
                                {
                                    "Worker Number": 0,
                                    "Actual Startup Time": 1171.69,
                                    "Actual Total Time": 1171.691,
                                    "Actual Rows": 1,
                                    "Actual Loops": 1
                                },
                                {
                                    "Worker Number": 1,
                                    "Actual Startup Time": 1171.989,
                                    "Actual Total Time": 1171.989,
                                    "Actual Rows": 1,
                                    "Actual Loops": 1
                                },
                                {
                                    "Worker Number": 2,
                                    "Actual Startup Time": 1172.104,
                                    "Actual Total Time": 1172.105,
                                    "Actual Rows": 1,
                                    "Actual Loops": 1
                                },
                                {
                                    "Worker Number": 3,
                                    "Actual Startup Time": 1172.433,
                                    "Actual Total Time": 1172.434,
                                    "Actual Rows": 1,
                                    "Actual Loops": 1
                                },
                                {
                                    "Worker Number": 4,
                                    "Actual Startup Time": 1172.431,
                                    "Actual Total Time": 1172.432,
                                    "Actual Rows": 1,
                                    "Actual Loops": 1
                                },
                                {
                                    "Worker Number": 5,
                                    "Actual Startup Time": 1172.927,
                                    "Actual Total Time": 1172.927,
                                    "Actual Rows": 1,
                                    "Actual Loops": 1
                                }
                            ],
                            "Plans": [
                                {
                                    "Node Type": "Seq Scan",
                                    "Parent Relationship": "Outer",
                                    "Parallel Aware": true,
                                    "Relation Name": "cast_info",
                                    "Schema": "public",
                                    "Alias": "ci",
                                    "Startup Cost": 0.0,
                                    "Total Cost": 328213.62,
                                    "Plan Rows": 5804794,
                                    "Plan Width": 0,
                                    "Actual Startup Time": 29.636,
                                    "Actual Total Time": 849.996,
                                    "Actual Rows": 4972101,
                                    "Actual Loops": 7,
                                    "Output": [
                                        "id",
                                        "person_id",
                                        "movie_id",
                                        "person_role_id",
                                        "note",
                                        "nr_order",
                                        "role_id"
                                    ],
                                    "Filter": "(ci.person_id > 144760)",
                                    "Rows Removed by Filter": 205662,
                                    "Workers": [
                                        {
                                            "Worker Number": 0,
                                            "Actual Startup Time": 27.64,
                                            "Actual Total Time": 855.774,
                                            "Actual Rows": 4808638,
                                            "Actual Loops": 1
                                        },
                                        {
                                            "Worker Number": 1,
                                            "Actual Startup Time": 27.914,
                                            "Actual Total Time": 856.311,
                                            "Actual Rows": 4809337,
                                            "Actual Loops": 1
                                        },
                                        {
                                            "Worker Number": 2,
                                            "Actual Startup Time": 28.011,
                                            "Actual Total Time": 857.273,
                                            "Actual Rows": 4793649,
                                            "Actual Loops": 1
                                        },
                                        {
                                            "Worker Number": 3,
                                            "Actual Startup Time": 28.377,
                                            "Actual Total Time": 855.343,
                                            "Actual Rows": 4829393,
                                            "Actual Loops": 1
                                        },
                                        {
                                            "Worker Number": 4,
                                            "Actual Startup Time": 28.364,
                                            "Actual Total Time": 855.388,
                                            "Actual Rows": 4837693,
                                            "Actual Loops": 1
                                        },
                                        {
                                            "Worker Number": 5,
                                            "Actual Startup Time": 28.855,
                                            "Actual Total Time": 857.554,
                                            "Actual Rows": 4812572,
                                            "Actual Loops": 1
                                        }
                                    ]
                                }
                            ]
                        }
                    ]
                }
            ]
        },
        "Planning Time": 1711.219,
        "Triggers": [],
        "Execution Time": 1217.863
    }
]