[
  {
    "Plan": {
      "Node Type": "Aggregate",
      "Strategy": "Plain",
      "Partial Mode": "Finalize",
      "Parallel Aware": false,
      "Startup Cost": 439774.14,
      "Total Cost": 439774.15,
      "Plan Rows": 1,
      "Plan Width": 8,
      "Actual Startup Time": 2547.743,
      "Actual Total Time": 2602.951,
      "Actual Rows": 1,
      "Actual Loops": 1,
      "Plans": [
        {
          "Node Type": "Gather",
          "Parent Relationship": "Outer",
          "Parallel Aware": false,
          "Startup Cost": 439773.51,
          "Total Cost": 439774.12,
          "Plan Rows": 6,
          "Plan Width": 8,
          "Actual Startup Time": 2538.261,
          "Actual Total Time": 2602.939,
          "Actual Rows": 7,
          "Actual Loops": 1,
          "Workers Planned": 6,
          "Workers Launched": 6,
          "Single Copy": false,
          "Plans": [
            {
              "Node Type": "Aggregate",
              "Strategy": "Plain",
              "Partial Mode": "Partial",
              "Parent Relationship": "Outer",
              "Parallel Aware": false,
              "Startup Cost": 438773.51,
              "Total Cost": 438773.52,
              "Plan Rows": 1,
              "Plan Width": 8,
              "Actual Startup Time": 2527.646,
              "Actual Total Time": 2527.699,
              "Actual Rows": 1,
              "Actual Loops": 7,
              "Plans": [
                {
                  "Node Type": "Hash Join",
                  "Parent Relationship": "Outer",
                  "Parallel Aware": true,
                  "Join Type": "Inner",
                  "Startup Cost": 95038.71,
                  "Total Cost": 435269.52,
                  "Plan Rows": 1401596,
                  "Plan Width": 0,
                  "Actual Startup Time": 271.348,
                  "Actual Total Time": 2179.951,
                  "Actual Rows": 8328462,
                  "Actual Loops": 7,
                  "Inner Unique": false,
                  "Hash Cond": "(ci.movie_id = t.id)",
                  "Plans": [
                    {
                      "Node Type": "Seq Scan",
                      "Parent Relationship": "Outer",
                      "Parallel Aware": true,
                      "Relation Name": "cast_info",
                      "Alias": "ci",
                      "Startup Cost": 0.0,
                      "Total Cost": 313067.02,
                      "Plan Rows": 6038002,
                      "Plan Width": 4,
                      "Actual Startup Time": 0.014,
                      "Actual Total Time": 526.18,
                      "Actual Rows": 5177763,
                      "Actual Loops": 7
                    },
                    {
                      "Node Type": "Hash",
                      "Parent Relationship": "Inner",
                      "Parallel Aware": true,
                      "Startup Cost": 92672.21,
                      "Total Cost": 92672.21,
                      "Plan Rows": 189320,
                      "Plan Width": 8,
                      "Actual Startup Time": 267.985,
                      "Actual Total Time": 268.036,
                      "Actual Rows": 111947,
                      "Actual Loops": 7,
                      "Hash Buckets": 1048576,
                      "Original Hash Buckets": 1048576,
                      "Hash Batches": 1,
                      "Original Hash Batches": 1,
                      "Peak Memory Usage": 38976,
                      "Plans": [
                        {
                          "Node Type": "Hash Join",
                          "Parent Relationship": "Outer",
                          "Parallel Aware": true,
                          "Join Type": "Inner",
                          "Startup Cost": 46664.67,
                          "Total Cost": 92672.21,
                          "Plan Rows": 189320,
                          "Plan Width": 8,
                          "Actual Startup Time": 102.404,
                          "Actual Total Time": 230.063,
                          "Actual Rows": 111947,
                          "Actual Loops": 7,
                          "Inner Unique": true,
                          "Hash Cond": "(mk.movie_id = t.id)",
                          "Plans": [
                            {
                              "Node Type": "Seq Scan",
                              "Parent Relationship": "Outer",
                              "Parallel Aware": true,
                              "Relation Name": "movie_keyword",
                              "Alias": "mk",
                              "Startup Cost": 0.0,
                              "Total Cost": 42695.65,
                              "Plan Rows": 1261668,
                              "Plan Width": 4,
                              "Actual Startup Time": 0.039,
                              "Actual Total Time": 73.367,
                              "Actual Rows": 557690,
                              "Actual Loops": 7,
                              "Filter": "(keyword_id > 475)",
                              "Rows Removed by Filter": 88586
                            },
                            {
                              "Node Type": "Hash",
                              "Parent Relationship": "Inner",
                              "Parallel Aware": true,
                              "Startup Cost": 45479.1,
                              "Total Cost": 45479.1,
                              "Plan Rows": 94846,
                              "Plan Width": 4,
                              "Actual Startup Time": 101.434,
                              "Actual Total Time": 101.435,
                              "Actual Rows": 42875,
                              "Actual Loops": 7,
                              "Hash Buckets": 524288,
                              "Original Hash Buckets": 524288,
                              "Hash Batches": 1,
                              "Original Hash Batches": 1,
                              "Peak Memory Usage": 15936,
                              "Plans": [
                                {
                                  "Node Type": "Seq Scan",
                                  "Parent Relationship": "Outer",
                                  "Parallel Aware": true,
                                  "Relation Name": "title",
                                  "Alias": "t",
                                  "Startup Cost": 0.0,
                                  "Total Cost": 45479.1,
                                  "Plan Rows": 94846,
                                  "Plan Width": 4,
                                  "Actual Startup Time": 0.051,
                                  "Actual Total Time": 77.313,
                                  "Actual Rows": 42875,
                                  "Actual Loops": 7,
                                  "Filter": "((kind_id < 4) AND (production_year > 2004))",
                                  "Rows Removed by Filter": 318313
                                }
                              ]
                            }
                          ]
                        }
                      ]
                    }
                  ]
                }
              ]
            }
          ]
        }
      ]
    },
    "Planning Time": 1.409,
    "Triggers": [],
    "Execution Time": 2603.055
  }
]