[
  {
    "Plan": {
      "Node Type": "Aggregate",
      "Strategy": "Plain",
      "Partial Mode": "Finalize",
      "Parallel Aware": false,
      "Startup Cost": 250314.1,
      "Total Cost": 250314.11,
      "Plan Rows": 1,
      "Plan Width": 8,
      "Actual Startup Time": 685.762,
      "Actual Total Time": 727.106,
      "Actual Rows": 1,
      "Actual Loops": 1,
      "Plans": [
        {
          "Node Type": "Gather",
          "Parent Relationship": "Outer",
          "Parallel Aware": false,
          "Startup Cost": 250313.58,
          "Total Cost": 250314.09,
          "Plan Rows": 5,
          "Plan Width": 8,
          "Actual Startup Time": 673.986,
          "Actual Total Time": 727.086,
          "Actual Rows": 6,
          "Actual Loops": 1,
          "Workers Planned": 5,
          "Workers Launched": 5,
          "Single Copy": false,
          "Plans": [
            {
              "Node Type": "Aggregate",
              "Strategy": "Plain",
              "Partial Mode": "Partial",
              "Parent Relationship": "Outer",
              "Parallel Aware": false,
              "Startup Cost": 249313.58,
              "Total Cost": 249313.59,
              "Plan Rows": 1,
              "Plan Width": 8,
              "Actual Startup Time": 657.843,
              "Actual Total Time": 657.848,
              "Actual Rows": 1,
              "Actual Loops": 6,
              "Plans": [
                {
                  "Node Type": "Hash Join",
                  "Parent Relationship": "Outer",
                  "Parallel Aware": true,
                  "Join Type": "Inner",
                  "Startup Cost": 47854.6,
                  "Total Cost": 248554.68,
                  "Plan Rows": 303561,
                  "Plan Width": 0,
                  "Actual Startup Time": 264.658,
                  "Actual Total Time": 646.796,
                  "Actual Rows": 272266,
                  "Actual Loops": 6,
                  "Inner Unique": true,
                  "Hash Cond": "(mi.movie_id = t.id)",
                  "Plans": [
                    {
                      "Node Type": "Seq Scan",
                      "Parent Relationship": "Outer",
                      "Parallel Aware": true,
                      "Relation Name": "movie_info",
                      "Alias": "mi",
                      "Startup Cost": 0.0,
                      "Total Cost": 199108.24,
                      "Plan Rows": 606414,
                      "Plan Width": 4,
                      "Actual Startup Time": 71.443,
                      "Actual Total Time": 318.011,
                      "Actual Rows": 506120,
                      "Actual Loops": 6,
                      "Filter": "(info_type_id = 16)",
                      "Rows Removed by Filter": 1966500
                    },
                    {
                      "Node Type": "Hash",
                      "Parent Relationship": "Inner",
                      "Parallel Aware": true,
                      "Startup Cost": 43899.32,
                      "Total Cost": 43899.32,
                      "Plan Rows": 316422,
                      "Plan Width": 4,
                      "Actual Startup Time": 187.116,
                      "Actual Total Time": 187.117,
                      "Actual Rows": 210049,
                      "Actual Loops": 6,
                      "Hash Buckets": 2097152,
                      "Original Hash Buckets": 2097152,
                      "Hash Batches": 1,
                      "Original Hash Batches": 1,
                      "Peak Memory Usage": 65824,
                      "Plans": [
                        {
                          "Node Type": "Seq Scan",
                          "Parent Relationship": "Outer",
                          "Parallel Aware": true,
                          "Relation Name": "title",
                          "Alias": "t",
                          "Startup Cost": 0.0,
                          "Total Cost": 43899.32,
                          "Plan Rows": 316422,
                          "Plan Width": 4,
                          "Actual Startup Time": 0.052,
                          "Actual Total Time": 86.061,
                          "Actual Rows": 210049,
                          "Actual Loops": 6,
                          "Filter": "(production_year > 2002)",
                          "Rows Removed by Filter": 211336
                        }
                      ]
                    }
                  ]
                }
              ]
            }
          ]
        }
      ]
    },
    "Planning Time": 0.632,
    "Triggers": [],
    "Execution Time": 727.185
  }
]