[
  {
    "Plan": {
      "Node Type": "Aggregate",
      "Strategy": "Plain",
      "Partial Mode": "Finalize",
      "Parallel Aware": false,
      "Startup Cost": 526280.33,
      "Total Cost": 526280.34,
      "Plan Rows": 1,
      "Plan Width": 8,
      "Actual Startup Time": 4414.332,
      "Actual Total Time": 4494.119,
      "Actual Rows": 1,
      "Actual Loops": 1,
      "Plans": [
        {
          "Node Type": "Gather",
          "Parent Relationship": "Outer",
          "Parallel Aware": false,
          "Startup Cost": 526279.81,
          "Total Cost": 526280.32,
          "Plan Rows": 5,
          "Plan Width": 8,
          "Actual Startup Time": 4413.044,
          "Actual Total Time": 4494.111,
          "Actual Rows": 6,
          "Actual Loops": 1,
          "Workers Planned": 5,
          "Workers Launched": 5,
          "Single Copy": false,
          "Plans": [
            {
              "Node Type": "Aggregate",
              "Strategy": "Plain",
              "Partial Mode": "Partial",
              "Parent Relationship": "Outer",
              "Parallel Aware": false,
              "Startup Cost": 525279.81,
              "Total Cost": 525279.82,
              "Plan Rows": 1,
              "Plan Width": 8,
              "Actual Startup Time": 4400.982,
              "Actual Total Time": 4400.988,
              "Actual Rows": 1,
              "Actual Loops": 6,
              "Plans": [
                {
                  "Node Type": "Nested Loop",
                  "Parent Relationship": "Outer",
                  "Parallel Aware": false,
                  "Join Type": "Inner",
                  "Startup Cost": 70710.04,
                  "Total Cost": 521607.6,
                  "Plan Rows": 1468883,
                  "Plan Width": 0,
                  "Actual Startup Time": 213.03,
                  "Actual Total Time": 4248.922,
                  "Actual Rows": 2778546,
                  "Actual Loops": 6,
                  "Inner Unique": false,
                  "Join Filter": "(t.id = ci.movie_id)",
                  "Rows Removed by Join Filter": 0,
                  "Plans": [
                    {
                      "Node Type": "Hash Join",
                      "Parent Relationship": "Outer",
                      "Parallel Aware": true,
                      "Join Type": "Inner",
                      "Startup Cost": 70709.48,
                      "Total Cost": 236673.97,
                      "Plan Rows": 102449,
                      "Plan Width": 8,
                      "Actual Startup Time": 212.841,
                      "Actual Total Time": 396.24,
                      "Actual Rows": 173163,
                      "Actual Loops": 6,
                      "Inner Unique": true,
                      "Hash Cond": "(mi.movie_id = t.id)",
                      "Plans": [
                        {
                          "Node Type": "Bitmap Heap Scan",
                          "Parent Relationship": "Outer",
                          "Parallel Aware": true,
                          "Relation Name": "movie_info",
                          "Alias": "mi",
                          "Startup Cost": 23727.33,
                          "Total Cost": 189002.56,
                          "Plan Rows": 262578,
                          "Plan Width": 4,
                          "Actual Startup Time": 47.717,
                          "Actual Total Time": 81.612,
                          "Actual Rows": 220894,
                          "Actual Loops": 6,
                          "Recheck Cond": "(info_type_id = 8)",
                          "Rows Removed by Index Recheck": 0,
                          "Exact Heap Blocks": 1583,
                          "Lossy Heap Blocks": 0,
                          "Plans": [
                            {
                              "Node Type": "Bitmap Index Scan",
                              "Parent Relationship": "Outer",
                              "Parallel Aware": false,
                              "Index Name": "info_type_id_movie_info",
                              "Startup Cost": 0.0,
                              "Total Cost": 23399.11,
                              "Plan Rows": 1312890,
                              "Plan Width": 0,
                              "Actual Startup Time": 46.303,
                              "Actual Total Time": 46.304,
                              "Actual Rows": 1325361,
                              "Actual Loops": 1,
                              "Index Cond": "(info_type_id = 8)"
                            }
                          ]
                        },
                        {
                          "Node Type": "Hash",
                          "Parent Relationship": "Inner",
                          "Parallel Aware": true,
                          "Startup Cost": 43899.32,
                          "Total Cost": 43899.32,
                          "Plan Rows": 246626,
                          "Plan Width": 4,
                          "Actual Startup Time": 161.814,
                          "Actual Total Time": 161.814,
                          "Actual Rows": 164175,
                          "Actual Loops": 6,
                          "Hash Buckets": 1048576,
                          "Original Hash Buckets": 1048576,
                          "Hash Batches": 1,
                          "Original Hash Batches": 1,
                          "Peak Memory Usage": 46880,
                          "Plans": [
                            {
                              "Node Type": "Seq Scan",
                              "Parent Relationship": "Outer",
                              "Parallel Aware": true,
                              "Relation Name": "title",
                              "Alias": "t",
                              "Startup Cost": 0.0,
                              "Total Cost": 43899.32,
                              "Plan Rows": 246626,
                              "Plan Width": 4,
                              "Actual Startup Time": 0.048,
                              "Actual Total Time": 89.964,
                              "Actual Rows": 164175,
                              "Actual Loops": 6,
                              "Filter": "(kind_id < 7)",
                              "Rows Removed by Filter": 257211
                            }
                          ]
                        }
                      ]
                    },
                    {
                      "Node Type": "Index Only Scan",
                      "Parent Relationship": "Inner",
                      "Parallel Aware": false,
                      "Scan Direction": "Forward",
                      "Index Name": "movie_id_cast_info",
                      "Relation Name": "cast_info",
                      "Alias": "ci",
                      "Startup Cost": 0.56,
                      "Total Cost": 2.34,
                      "Plan Rows": 35,
                      "Plan Width": 4,
                      "Actual Startup Time": 0.004,
                      "Actual Total Time": 0.02,
                      "Actual Rows": 16,
                      "Actual Loops": 1038977,
                      "Index Cond": "(movie_id = mi.movie_id)",
                      "Rows Removed by Index Recheck": 0,
                      "Heap Fetches": 16671276
                    }
                  ]
                }
              ]
            }
          ]
        }
      ]
    },
    "Planning Time": 0.801,
    "Triggers": [],
    "Execution Time": 4494.222
  }
]