[
  {
    "Plan": {
      "Node Type": "Aggregate",
      "Strategy": "Plain",
      "Partial Mode": "Finalize",
      "Parallel Aware": false,
      "Startup Cost": 46530.33,
      "Total Cost": 46530.34,
      "Plan Rows": 1,
      "Plan Width": 8,
      "Actual Startup Time": 86.26,
      "Actual Total Time": 97.75,
      "Actual Rows": 1,
      "Actual Loops": 1,
      "Plans": [
        {
          "Node Type": "Gather",
          "Parent Relationship": "Outer",
          "Parallel Aware": false,
          "Startup Cost": 46529.91,
          "Total Cost": 46530.32,
          "Plan Rows": 4,
          "Plan Width": 8,
          "Actual Startup Time": 86.002,
          "Actual Total Time": 97.741,
          "Actual Rows": 5,
          "Actual Loops": 1,
          "Workers Planned": 4,
          "Workers Launched": 4,
          "Single Copy": false,
          "Plans": [
            {
              "Node Type": "Aggregate",
              "Strategy": "Plain",
              "Partial Mode": "Partial",
              "Parent Relationship": "Outer",
              "Parallel Aware": false,
              "Startup Cost": 45529.91,
              "Total Cost": 45529.92,
              "Plan Rows": 1,
              "Plan Width": 8,
              "Actual Startup Time": 79.676,
              "Actual Total Time": 79.677,
              "Actual Rows": 1,
              "Actual Loops": 5,
              "Plans": [
                {
                  "Node Type": "Seq Scan",
                  "Parent Relationship": "Outer",
                  "Parallel Aware": true,
                  "Relation Name": "title",
                  "Alias": "t",
                  "Startup Cost": 0.0,
                  "Total Cost": 45479.1,
                  "Plan Rows": 20323,
                  "Plan Width": 0,
                  "Actual Startup Time": 47.557,
                  "Actual Total Time": 77.809,
                  "Actual Rows": 42709,
                  "Actual Loops": 5,
                  "Filter": "((production_year < 1967) AND (kind_id = 1))",
                  "Rows Removed by Filter": 462954
                }
              ]
            }
          ]
        }
      ]
    },
    "Planning Time": 0.172,
    "Triggers": [],
    "Execution Time": 97.803
  }
]