[
  {
    "Plan": {
      "Node Type": "Aggregate",
      "Strategy": "Plain",
      "Partial Mode": "Finalize",
      "Parallel Aware": false,
      "Startup Cost": 47495.56,
      "Total Cost": 47495.57,
      "Plan Rows": 1,
      "Plan Width": 8,
      "Actual Startup Time": 146.239,
      "Actual Total Time": 165.835,
      "Actual Rows": 1,
      "Actual Loops": 1,
      "Plans": [
        {
          "Node Type": "Gather",
          "Parent Relationship": "Outer",
          "Parallel Aware": false,
          "Startup Cost": 47495.14,
          "Total Cost": 47495.55,
          "Plan Rows": 4,
          "Plan Width": 8,
          "Actual Startup Time": 145.967,
          "Actual Total Time": 165.828,
          "Actual Rows": 5,
          "Actual Loops": 1,
          "Workers Planned": 4,
          "Workers Launched": 4,
          "Single Copy": false,
          "Plans": [
            {
              "Node Type": "Aggregate",
              "Strategy": "Plain",
              "Partial Mode": "Partial",
              "Parent Relationship": "Outer",
              "Parallel Aware": false,
              "Startup Cost": 46495.14,
              "Total Cost": 46495.15,
              "Plan Rows": 1,
              "Plan Width": 8,
              "Actual Startup Time": 137.539,
              "Actual Total Time": 137.54,
              "Actual Rows": 1,
              "Actual Loops": 5,
              "Plans": [
                {
                  "Node Type": "Seq Scan",
                  "Parent Relationship": "Outer",
                  "Parallel Aware": true,
                  "Relation Name": "title",
                  "Alias": "t",
                  "Startup Cost": 0.0,
                  "Total Cost": 45479.1,
                  "Plan Rows": 406416,
                  "Plan Width": 0,
                  "Actual Startup Time": 0.034,
                  "Actual Total Time": 115.755,
                  "Actual Rows": 346384,
                  "Actual Loops": 5,
                  "Filter": "((kind_id > 1) AND (production_year > 1961))",
                  "Rows Removed by Filter": 159278
                }
              ]
            }
          ]
        }
      ]
    },
    "Planning Time": 0.117,
    "Triggers": [],
    "Execution Time": 165.887
  }
]