{
    "Plan": {
        "Node Type": "Aggregate",
        "Strategy": "Plain",
        "Partial Mode": "Finalize",
        "Parallel Aware": false,
        "Startup Cost": 385322.63,
        "Total Cost": 385322.64,
        "Plan Rows": 1,
        "Plan Width": 8,
        "Actual Startup Time": 1480.103,
        "Actual Total Time": 1528.346,
        "Actual Rows": 1,
        "Actual Loops": 1,
        "Output": [
            "count(*)"
        ],
        "Plans": [
            {
                "Node Type": "Gather",
                "Parent Relationship": "Outer",
                "Parallel Aware": false,
                "Startup Cost": 385322.01,
                "Total Cost": 385322.62,
                "Plan Rows": 6,
                "Plan Width": 8,
                "Actual Startup Time": 1471.752,
                "Actual Total Time": 1528.335,
                "Actual Rows": 7,
                "Actual Loops": 1,
                "Output": [
                    "(PARTIAL count(*))"
                ],
                "Workers Planned": 6,
                "Workers Launched": 6,
                "Single Copy": false,
                "Plans": [
                    {
                        "Node Type": "Aggregate",
                        "Strategy": "Plain",
                        "Partial Mode": "Partial",
                        "Parent Relationship": "Outer",
                        "Parallel Aware": false,
                        "Startup Cost": 384322.01,
                        "Total Cost": 384322.02,
                        "Plan Rows": 1,
                        "Plan Width": 8,
                        "Actual Startup Time": 1460.716,
                        "Actual Total Time": 1460.719,
                        "Actual Rows": 1,
                        "Actual Loops": 7,
                        "Output": [
                            "PARTIAL count(*)"
                        ],
                        "Workers": [
                            {
                                "Worker Number": 0,
                                "Actual Startup Time": 1458.749,
                                "Actual Total Time": 1458.752,
                                "Actual Rows": 1,
                                "Actual Loops": 1
                            },
                            {
                                "Worker Number": 1,
                                "Actual Startup Time": 1458.849,
                                "Actual Total Time": 1458.852,
                                "Actual Rows": 1,
                                "Actual Loops": 1
                            },
                            {
                                "Worker Number": 2,
                                "Actual Startup Time": 1458.888,
                                "Actual Total Time": 1458.892,
                                "Actual Rows": 1,
                                "Actual Loops": 1
                            },
                            {
                                "Worker Number": 3,
                                "Actual Startup Time": 1459.466,
                                "Actual Total Time": 1459.468,
                                "Actual Rows": 1,
                                "Actual Loops": 1
                            },
                            {
                                "Worker Number": 4,
                                "Actual Startup Time": 1459.099,
                                "Actual Total Time": 1459.101,
                                "Actual Rows": 1,
                                "Actual Loops": 1
                            },
                            {
                                "Worker Number": 5,
                                "Actual Startup Time": 1459.09,
                                "Actual Total Time": 1459.092,
                                "Actual Rows": 1,
                                "Actual Loops": 1
                            }
                        ],
                        "Plans": [
                            {
                                "Node Type": "Hash Join",
                                "Parent Relationship": "Outer",
                                "Parallel Aware": true,
                                "Join Type": "Inner",
                                "Startup Cost": 46720.31,
                                "Total Cost": 381939.56,
                                "Plan Rows": 952981,
                                "Plan Width": 0,
                                "Actual Startup Time": 449.841,
                                "Actual Total Time": 1417.188,
                                "Actual Rows": 1019649,
                                "Actual Loops": 7,
                                "Inner Unique": true,
                                "Hash Cond": "(ci.movie_id = t.id)",
                                "Workers": [
                                    {
                                        "Worker Number": 0,
                                        "Actual Startup Time": 447.905,
                                        "Actual Total Time": 1416.368,
                                        "Actual Rows": 1076701,
                                        "Actual Loops": 1
                                    },
                                    {
                                        "Worker Number": 1,
                                        "Actual Startup Time": 448.0,
                                        "Actual Total Time": 1418.639,
                                        "Actual Rows": 1011409,
                                        "Actual Loops": 1
                                    },
                                    {
                                        "Worker Number": 2,
                                        "Actual Startup Time": 448.059,
                                        "Actual Total Time": 1412.546,
                                        "Actual Rows": 721075,
                                        "Actual Loops": 1
                                    },
                                    {
                                        "Worker Number": 3,
                                        "Actual Startup Time": 448.439,
                                        "Actual Total Time": 1419.117,
                                        "Actual Rows": 1022606,
                                        "Actual Loops": 1
                                    },
                                    {
                                        "Worker Number": 4,
                                        "Actual Startup Time": 448.218,
                                        "Actual Total Time": 1415.825,
                                        "Actual Rows": 1083342,
                                        "Actual Loops": 1
                                    },
                                    {
                                        "Worker Number": 5,
                                        "Actual Startup Time": 448.206,
                                        "Actual Total Time": 1416.295,
                                        "Actual Rows": 1068951,
                                        "Actual Loops": 1
                                    }
                                ],
                                "Plans": [
                                    {
                                        "Node Type": "Seq Scan",
                                        "Parent Relationship": "Outer",
                                        "Parallel Aware": true,
                                        "Relation Name": "cast_info",
                                        "Schema": "public",
                                        "Alias": "ci",
                                        "Startup Cost": 0.0,
                                        "Total Cost": 328213.62,
                                        "Plan Rows": 2668808,
                                        "Plan Width": 4,
                                        "Actual Startup Time": 306.307,
                                        "Actual Total Time": 621.912,
                                        "Actual Rows": 2303098,
                                        "Actual Loops": 7,
                                        "Output": [
                                            "ci.id",
                                            "ci.person_id",
                                            "ci.movie_id",
                                            "ci.person_role_id",
                                            "ci.note",
                                            "ci.nr_order",
                                            "ci.role_id"
                                        ],
                                        "Filter": "(ci.role_id > 2)",
                                        "Rows Removed by Filter": 2874666,
                                        "Workers": [
                                            {
                                                "Worker Number": 0,
                                                "Actual Startup Time": 306.279,
                                                "Actual Total Time": 623.6,
                                                "Actual Rows": 2422560,
                                                "Actual Loops": 1
                                            },
                                            {
                                                "Worker Number": 1,
                                                "Actual Startup Time": 306.322,
                                                "Actual Total Time": 621.284,
                                                "Actual Rows": 2276483,
                                                "Actual Loops": 1
                                            },
                                            {
                                                "Worker Number": 2,
                                                "Actual Startup Time": 306.293,
                                                "Actual Total Time": 644.495,
                                                "Actual Rows": 1637706,
                                                "Actual Loops": 1
                                            },
                                            {
                                                "Worker Number": 3,
                                                "Actual Startup Time": 306.307,
                                                "Actual Total Time": 623.826,
                                                "Actual Rows": 2317251,
                                                "Actual Loops": 1
                                            },
                                            {
                                                "Worker Number": 4,
                                                "Actual Startup Time": 306.329,
                                                "Actual Total Time": 627.364,
                                                "Actual Rows": 2445255,
                                                "Actual Loops": 1
                                            },
                                            {
                                                "Worker Number": 5,
                                                "Actual Startup Time": 306.31,
                                                "Actual Total Time": 626.055,
                                                "Actual Rows": 2421069,
                                                "Actual Loops": 1
                                            }
                                        ]
                                    },
                                    {
                                        "Node Type": "Hash",
                                        "Parent Relationship": "Inner",
                                        "Parallel Aware": true,
                                        "Startup Cost": 43899.01,
                                        "Total Cost": 43899.01,
                                        "Plan Rows": 225704,
                                        "Plan Width": 4,
                                        "Actual Startup Time": 140.055,
                                        "Actual Total Time": 140.056,
                                        "Actual Rows": 129213,
                                        "Actual Loops": 7,
                                        "Output": [
                                            "t.id"
                                        ],
                                        "Hash Buckets": 1048576,
                                        "Original Hash Buckets": 1048576,
                                        "Hash Batches": 1,
                                        "Original Hash Batches": 1,
                                        "Peak Memory Usage": 43712,
                                        "Workers": [
                                            {
                                                "Worker Number": 0,
                                                "Actual Startup Time": 140.904,
                                                "Actual Total Time": 140.906,
                                                "Actual Rows": 125307,
                                                "Actual Loops": 1
                                            },
                                            {
                                                "Worker Number": 1,
                                                "Actual Startup Time": 140.957,
                                                "Actual Total Time": 140.957,
                                                "Actual Rows": 115553,
                                                "Actual Loops": 1
                                            },
                                            {
                                                "Worker Number": 2,
                                                "Actual Startup Time": 141.019,
                                                "Actual Total Time": 141.02,
                                                "Actual Rows": 91268,
                                                "Actual Loops": 1
                                            },
                                            {
                                                "Worker Number": 3,
                                                "Actual Startup Time": 140.978,
                                                "Actual Total Time": 140.979,
                                                "Actual Rows": 119865,
                                                "Actual Loops": 1
                                            },
                                            {
                                                "Worker Number": 4,
                                                "Actual Startup Time": 141.212,
                                                "Actual Total Time": 141.213,
                                                "Actual Rows": 130408,
                                                "Actual Loops": 1
                                            },
                                            {
                                                "Worker Number": 5,
                                                "Actual Startup Time": 141.214,
                                                "Actual Total Time": 141.215,
                                                "Actual Rows": 129347,
                                                "Actual Loops": 1
                                            }
                                        ],
                                        "Plans": [
                                            {
                                                "Node Type": "Seq Scan",
                                                "Parent Relationship": "Outer",
                                                "Parallel Aware": true,
                                                "Relation Name": "title",
                                                "Schema": "public",
                                                "Alias": "t",
                                                "Startup Cost": 0.0,
                                                "Total Cost": 43899.01,
                                                "Plan Rows": 225704,
                                                "Plan Width": 4,
                                                "Actual Startup Time": 0.064,
                                                "Actual Total Time": 75.215,
                                                "Actual Rows": 129213,
                                                "Actual Loops": 7,
                                                "Output": [
                                                    "t.id"
                                                ],
                                                "Filter": "(t.production_year > 2006)",
                                                "Rows Removed by Filter": 231974,
                                                "Workers": [
                                                    {
                                                        "Worker Number": 0,
                                                        "Actual Startup Time": 0.082,
                                                        "Actual Total Time": 77.622,
                                                        "Actual Rows": 125307,
                                                        "Actual Loops": 1
                                                    },
                                                    {
                                                        "Worker Number": 1,
                                                        "Actual Startup Time": 0.068,
                                                        "Actual Total Time": 75.207,
                                                        "Actual Rows": 115553,
                                                        "Actual Loops": 1
                                                    },
                                                    {
                                                        "Worker Number": 2,
                                                        "Actual Startup Time": 0.076,
                                                        "Actual Total Time": 77.177,
                                                        "Actual Rows": 91268,
                                                        "Actual Loops": 1
                                                    },
                                                    {
                                                        "Worker Number": 3,
                                                        "Actual Startup Time": 0.073,
                                                        "Actual Total Time": 76.267,
                                                        "Actual Rows": 119865,
                                                        "Actual Loops": 1
                                                    },
                                                    {
                                                        "Worker Number": 4,
                                                        "Actual Startup Time": 0.066,
                                                        "Actual Total Time": 76.968,
                                                        "Actual Rows": 130408,
                                                        "Actual Loops": 1
                                                    },
                                                    {
                                                        "Worker Number": 5,
                                                        "Actual Startup Time": 0.06,
                                                        "Actual Total Time": 76.759,
                                                        "Actual Rows": 129347,
                                                        "Actual Loops": 1
                                                    }
                                                ]
                                            }
                                        ]
                                    }
                                ]
                            }
                        ]
                    }
                ]
            }
        ]
    },
    "Planning Time": 0.752,
    "Triggers": [],
    "Execution Time": 1528.432
}