[
  {
    "Plan": {
      "Node Type": "Aggregate",
      "Strategy": "Plain",
      "Partial Mode": "Finalize",
      "Parallel Aware": false,
      "Startup Cost": 93459.36,
      "Total Cost": 93459.37,
      "Plan Rows": 1,
      "Plan Width": 8,
      "Actual Startup Time": 361.199,
      "Actual Total Time": 376.228,
      "Actual Rows": 1,
      "Actual Loops": 1,
      "Plans": [
        {
          "Node Type": "Gather",
          "Parent Relationship": "Outer",
          "Parallel Aware": false,
          "Startup Cost": 93459.04,
          "Total Cost": 93459.35,
          "Plan Rows": 3,
          "Plan Width": 8,
          "Actual Startup Time": 356.217,
          "Actual Total Time": 376.215,
          "Actual Rows": 4,
          "Actual Loops": 1,
          "Workers Planned": 3,
          "Workers Launched": 3,
          "Single Copy": false,
          "Plans": [
            {
              "Node Type": "Aggregate",
              "Strategy": "Plain",
              "Partial Mode": "Partial",
              "Parent Relationship": "Outer",
              "Parallel Aware": false,
              "Startup Cost": 92459.04,
              "Total Cost": 92459.05,
              "Plan Rows": 1,
              "Plan Width": 8,
              "Actual Startup Time": 348.56,
              "Actual Total Time": 348.565,
              "Actual Rows": 1,
              "Actual Loops": 4,
              "Plans": [
                {
                  "Node Type": "Hash Join",
                  "Parent Relationship": "Outer",
                  "Parallel Aware": true,
                  "Join Type": "Inner",
                  "Startup Cost": 47891.65,
                  "Total Cost": 92037.43,
                  "Plan Rows": 168642,
                  "Plan Width": 0,
                  "Actual Startup Time": 192.198,
                  "Actual Total Time": 347.063,
                  "Actual Rows": 34742,
                  "Actual Loops": 4,
                  "Inner Unique": true,
                  "Hash Cond": "(mk.movie_id = t.id)",
                  "Plans": [
                    {
                      "Node Type": "Seq Scan",
                      "Parent Relationship": "Outer",
                      "Parallel Aware": true,
                      "Relation Name": "movie_keyword",
                      "Alias": "mk",
                      "Startup Cost": 0.0,
                      "Total Cost": 42695.65,
                      "Plan Rows": 552431,
                      "Plan Width": 4,
                      "Actual Startup Time": 0.509,
                      "Actual Total Time": 99.115,
                      "Actual Rows": 426273,
                      "Actual Loops": 4,
                      "Filter": "(keyword_id > 8443)",
                      "Rows Removed by Filter": 704710
                    },
                    {
                      "Node Type": "Hash",
                      "Parent Relationship": "Inner",
                      "Parallel Aware": true,
                      "Startup Cost": 45479.59,
                      "Total Cost": 45479.59,
                      "Plan Rows": 192965,
                      "Plan Width": 4,
                      "Actual Startup Time": 186.28,
                      "Actual Total Time": 186.281,
                      "Actual Rows": 210002,
                      "Actual Loops": 4,
                      "Hash Buckets": 1048576,
                      "Original Hash Buckets": 1048576,
                      "Hash Batches": 1,
                      "Original Hash Batches": 1,
                      "Peak Memory Usage": 41120,
                      "Plans": [
                        {
                          "Node Type": "Seq Scan",
                          "Parent Relationship": "Outer",
                          "Parallel Aware": true,
                          "Relation Name": "title",
                          "Alias": "t",
                          "Startup Cost": 0.0,
                          "Total Cost": 45479.59,
                          "Plan Rows": 192965,
                          "Plan Width": 4,
                          "Actual Startup Time": 0.027,
                          "Actual Total Time": 105.838,
                          "Actual Rows": 210002,
                          "Actual Loops": 4,
                          "Filter": "((production_year > 2002) AND (kind_id = 7))",
                          "Rows Removed by Filter": 422076
                        }
                      ]
                    }
                  ]
                }
              ]
            }
          ]
        }
      ]
    },
    "Planning Time": 0.652,
    "Triggers": [],
    "Execution Time": 376.299
  }
]