[
  {
    "Plan": {
      "Node Type": "Aggregate",
      "Strategy": "Plain",
      "Partial Mode": "Finalize",
      "Parallel Aware": false,
      "Startup Cost": 43410.55,
      "Total Cost": 43410.56,
      "Plan Rows": 1,
      "Plan Width": 8,
      "Actual Startup Time": 119.956,
      "Actual Total Time": 128.396,
      "Actual Rows": 1,
      "Actual Loops": 1,
      "Plans": [
        {
          "Node Type": "Gather",
          "Parent Relationship": "Outer",
          "Parallel Aware": false,
          "Startup Cost": 43410.23,
          "Total Cost": 43410.54,
          "Plan Rows": 3,
          "Plan Width": 8,
          "Actual Startup Time": 119.721,
          "Actual Total Time": 128.39,
          "Actual Rows": 4,
          "Actual Loops": 1,
          "Workers Planned": 3,
          "Workers Launched": 3,
          "Single Copy": false,
          "Plans": [
            {
              "Node Type": "Aggregate",
              "Strategy": "Plain",
              "Partial Mode": "Partial",
              "Parent Relationship": "Outer",
              "Parallel Aware": false,
              "Startup Cost": 42410.23,
              "Total Cost": 42410.24,
              "Plan Rows": 1,
              "Plan Width": 8,
              "Actual Startup Time": 116.418,
              "Actual Total Time": 116.42,
              "Actual Rows": 1,
              "Actual Loops": 4,
              "Plans": [
                {
                  "Node Type": "Bitmap Heap Scan",
                  "Parent Relationship": "Outer",
                  "Parallel Aware": true,
                  "Relation Name": "movie_keyword",
                  "Alias": "mk",
                  "Startup Cost": 14621.52,
                  "Total Cost": 41854.45,
                  "Plan Rows": 222314,
                  "Plan Width": 0,
                  "Actual Startup Time": 37.971,
                  "Actual Total Time": 107.793,
                  "Actual Rows": 172120,
                  "Actual Loops": 4,
                  "Recheck Cond": "(keyword_id > 27349)",
                  "Rows Removed by Index Recheck": 0,
                  "Exact Heap Blocks": 9695,
                  "Lossy Heap Blocks": 0,
                  "Plans": [
                    {
                      "Node Type": "Bitmap Index Scan",
                      "Parent Relationship": "Outer",
                      "Parallel Aware": false,
                      "Index Name": "keyword_id_movie_keyword",
                      "Startup Cost": 0.0,
                      "Total Cost": 14449.23,
                      "Plan Rows": 689173,
                      "Plan Width": 0,
                      "Actual Startup Time": 37.537,
                      "Actual Total Time": 37.538,
                      "Actual Rows": 688480,
                      "Actual Loops": 1,
                      "Index Cond": "(keyword_id > 27349)"
                    }
                  ]
                }
              ]
            }
          ]
        }
      ]
    },
    "Planning Time": 0.07,
    "Triggers": [],
    "Execution Time": 128.427
  }
]