[
  {
    "Plan": {
      "Node Type": "Aggregate",
      "Strategy": "Plain",
      "Partial Mode": "Finalize",
      "Parallel Aware": false,
      "Startup Cost": 43667.66,
      "Total Cost": 43667.67,
      "Plan Rows": 1,
      "Plan Width": 8,
      "Actual Startup Time": 150.506,
      "Actual Total Time": 158.528,
      "Actual Rows": 1,
      "Actual Loops": 1,
      "Plans": [
        {
          "Node Type": "Gather",
          "Parent Relationship": "Outer",
          "Parallel Aware": false,
          "Startup Cost": 43667.34,
          "Total Cost": 43667.65,
          "Plan Rows": 3,
          "Plan Width": 8,
          "Actual Startup Time": 150.129,
          "Actual Total Time": 158.519,
          "Actual Rows": 4,
          "Actual Loops": 1,
          "Workers Planned": 3,
          "Workers Launched": 3,
          "Single Copy": false,
          "Plans": [
            {
              "Node Type": "Aggregate",
              "Strategy": "Plain",
              "Partial Mode": "Partial",
              "Parent Relationship": "Outer",
              "Parallel Aware": false,
              "Startup Cost": 42667.34,
              "Total Cost": 42667.35,
              "Plan Rows": 1,
              "Plan Width": 8,
              "Actual Startup Time": 144.331,
              "Actual Total Time": 144.332,
              "Actual Rows": 1,
              "Actual Loops": 4,
              "Plans": [
                {
                  "Node Type": "Bitmap Heap Scan",
                  "Parent Relationship": "Outer",
                  "Parallel Aware": true,
                  "Relation Name": "movie_keyword",
                  "Alias": "mk",
                  "Startup Cost": 14830.54,
                  "Total Cost": 42103.54,
                  "Plan Rows": 225520,
                  "Plan Width": 0,
                  "Actual Startup Time": 57.677,
                  "Actual Total Time": 135.209,
                  "Actual Rows": 172120,
                  "Actual Loops": 4,
                  "Recheck Cond": "(keyword_id > 27349)",
                  "Rows Removed by Index Recheck": 0,
                  "Exact Heap Blocks": 10207,
                  "Lossy Heap Blocks": 0,
                  "Plans": [
                    {
                      "Node Type": "Bitmap Index Scan",
                      "Parent Relationship": "Outer",
                      "Parallel Aware": false,
                      "Index Name": "keyword_id_movie_keyword",
                      "Startup Cost": 0.0,
                      "Total Cost": 14655.77,
                      "Plan Rows": 699111,
                      "Plan Width": 0,
                      "Actual Startup Time": 59.157,
                      "Actual Total Time": 59.157,
                      "Actual Rows": 688480,
                      "Actual Loops": 1,
                      "Index Cond": "(keyword_id > 27349)"
                    }
                  ]
                }
              ]
            }
          ]
        }
      ]
    },
    "Planning Time": 0.151,
    "Triggers": [],
    "Execution Time": 158.59
  }
]