[
  {
    "Plan": {
      "Node Type": "Aggregate",
      "Strategy": "Plain",
      "Partial Mode": "Finalize",
      "Parallel Aware": false,
      "Startup Cost": 666181.64,
      "Total Cost": 666181.65,
      "Plan Rows": 1,
      "Plan Width": 8,
      "Actual Startup Time": 5651.567,
      "Actual Total Time": 5736.166,
      "Actual Rows": 1,
      "Actual Loops": 1,
      "Plans": [
        {
          "Node Type": "Gather",
          "Parent Relationship": "Outer",
          "Parallel Aware": false,
          "Startup Cost": 666181.11,
          "Total Cost": 666181.62,
          "Plan Rows": 5,
          "Plan Width": 8,
          "Actual Startup Time": 5585.359,
          "Actual Total Time": 5736.151,
          "Actual Rows": 6,
          "Actual Loops": 1,
          "Workers Planned": 5,
          "Workers Launched": 5,
          "Single Copy": false,
          "Plans": [
            {
              "Node Type": "Aggregate",
              "Strategy": "Plain",
              "Partial Mode": "Partial",
              "Parent Relationship": "Outer",
              "Parallel Aware": false,
              "Startup Cost": 665181.11,
              "Total Cost": 665181.12,
              "Plan Rows": 1,
              "Plan Width": 8,
              "Actual Startup Time": 5540.101,
              "Actual Total Time": 5541.696,
              "Actual Rows": 1,
              "Actual Loops": 6,
              "Plans": [
                {
                  "Node Type": "Hash Join",
                  "Parent Relationship": "Outer",
                  "Parallel Aware": true,
                  "Join Type": "Inner",
                  "Startup Cost": 410474.71,
                  "Total Cost": 636163.67,
                  "Plan Rows": 11606977,
                  "Plan Width": 0,
                  "Actual Startup Time": 2001.035,
                  "Actual Total Time": 4931.926,
                  "Actual Rows": 14965540,
                  "Actual Loops": 6,
                  "Inner Unique": false,
                  "Hash Cond": "(mi.movie_id = t.id)",
                  "Plans": [
                    {
                      "Node Type": "Seq Scan",
                      "Parent Relationship": "Outer",
                      "Parallel Aware": true,
                      "Relation Name": "movie_info",
                      "Alias": "mi",
                      "Startup Cost": 0.0,
                      "Total Cost": 191560.33,
                      "Plan Rows": 2956733,
                      "Plan Width": 4,
                      "Actual Startup Time": 0.035,
                      "Actual Total Time": 306.746,
                      "Actual Rows": 2472620,
                      "Actual Loops": 6
                    },
                    {
                      "Node Type": "Hash",
                      "Parent Relationship": "Inner",
                      "Parallel Aware": true,
                      "Startup Cost": 389797.43,
                      "Total Cost": 389797.43,
                      "Plan Rows": 1654182,
                      "Plan Width": 8,
                      "Actual Startup Time": 1982.043,
                      "Actual Total Time": 1983.636,
                      "Actual Rows": 1196096,
                      "Actual Loops": 6,
                      "Hash Buckets": 16777216,
                      "Original Hash Buckets": 16777216,
                      "Hash Batches": 1,
                      "Original Hash Batches": 1,
                      "Peak Memory Usage": 411936,
                      "Plans": [
                        {
                          "Node Type": "Hash Join",
                          "Parent Relationship": "Outer",
                          "Parallel Aware": true,
                          "Join Type": "Inner",
                          "Startup Cost": 50220.21,
                          "Total Cost": 389797.43,
                          "Plan Rows": 1654182,
                          "Plan Width": 8,
                          "Actual Startup Time": 438.102,
                          "Actual Total Time": 1391.83,
                          "Actual Rows": 1196096,
                          "Actual Loops": 6,
                          "Inner Unique": true,
                          "Hash Cond": "(ci.movie_id = t.id)",
                          "Plans": [
                            {
                              "Node Type": "Index Scan",
                              "Parent Relationship": "Outer",
                              "Parallel Aware": true,
                              "Scan Direction": "Forward",
                              "Index Name": "role_id_cast_info",
                              "Relation Name": "cast_info",
                              "Alias": "ci",
                              "Startup Cost": 0.56,
                              "Total Cost": 335235.55,
                              "Plan Rows": 1654182,
                              "Plan Width": 4,
                              "Actual Startup Time": 165.112,
                              "Actual Total Time": 457.387,
                              "Actual Rows": 1196096,
                              "Actual Loops": 6,
                              "Index Cond": "(role_id = 1)",
                              "Rows Removed by Index Recheck": 0,
                              "Filter": "(person_id > 737923)",
                              "Rows Removed by Filter": 915685
                            },
                            {
                              "Node Type": "Hash",
                              "Parent Relationship": "Inner",
                              "Parallel Aware": true,
                              "Startup Cost": 42318.73,
                              "Total Cost": 42318.73,
                              "Plan Rows": 632073,
                              "Plan Width": 4,
                              "Actual Startup Time": 269.137,
                              "Actual Total Time": 269.139,
                              "Actual Rows": 421385,
                              "Actual Loops": 6,
                              "Hash Buckets": 4194304,
                              "Original Hash Buckets": 4194304,
                              "Hash Batches": 1,
                              "Original Hash Batches": 1,
                              "Peak Memory Usage": 131808,
                              "Plans": [
                                {
                                  "Node Type": "Seq Scan",
                                  "Parent Relationship": "Outer",
                                  "Parallel Aware": true,
                                  "Relation Name": "title",
                                  "Alias": "t",
                                  "Startup Cost": 0.0,
                                  "Total Cost": 42318.73,
                                  "Plan Rows": 632073,
                                  "Plan Width": 4,
                                  "Actual Startup Time": 0.053,
                                  "Actual Total Time": 80.426,
                                  "Actual Rows": 421385,
                                  "Actual Loops": 6
                                }
                              ]
                            }
                          ]
                        }
                      ]
                    }
                  ]
                }
              ]
            }
          ]
        }
      ]
    },
    "Planning Time": 1.324,
    "Triggers": [],
    "Execution Time": 5736.284
  }
]