[
  {
    "Plan": {
      "Node Type": "Aggregate",
      "Strategy": "Plain",
      "Partial Mode": "Finalize",
      "Parallel Aware": false,
      "Startup Cost": 26612.16,
      "Total Cost": 26612.17,
      "Plan Rows": 1,
      "Plan Width": 8,
      "Actual Startup Time": 68.579,
      "Actual Total Time": 73.31,
      "Actual Rows": 1,
      "Actual Loops": 1,
      "Plans": [
        {
          "Node Type": "Gather",
          "Parent Relationship": "Outer",
          "Parallel Aware": false,
          "Startup Cost": 26611.74,
          "Total Cost": 26612.15,
          "Plan Rows": 4,
          "Plan Width": 8,
          "Actual Startup Time": 68.497,
          "Actual Total Time": 73.3,
          "Actual Rows": 5,
          "Actual Loops": 1,
          "Workers Planned": 4,
          "Workers Launched": 4,
          "Single Copy": false,
          "Plans": [
            {
              "Node Type": "Aggregate",
              "Strategy": "Plain",
              "Partial Mode": "Partial",
              "Parent Relationship": "Outer",
              "Parallel Aware": false,
              "Startup Cost": 25611.74,
              "Total Cost": 25611.75,
              "Plan Rows": 1,
              "Plan Width": 8,
              "Actual Startup Time": 59.88,
              "Actual Total Time": 59.881,
              "Actual Rows": 1,
              "Actual Loops": 5,
              "Plans": [
                {
                  "Node Type": "Index Scan",
                  "Parent Relationship": "Outer",
                  "Parallel Aware": true,
                  "Scan Direction": "Forward",
                  "Index Name": "role_id_cast_info",
                  "Relation Name": "cast_info",
                  "Alias": "ci",
                  "Startup Cost": 0.56,
                  "Total Cost": 25284.63,
                  "Plan Rows": 130847,
                  "Plan Width": 0,
                  "Actual Startup Time": 0.184,
                  "Actual Total Time": 50.965,
                  "Actual Rows": 138192,
                  "Actual Loops": 5,
                  "Index Cond": "(role_id = 5)",
                  "Rows Removed by Index Recheck": 0,
                  "Filter": "(person_id > 1502455)",
                  "Rows Removed by Filter": 41486
                }
              ]
            }
          ]
        }
      ]
    },
    "Planning Time": 0.23,
    "Triggers": [],
    "Execution Time": 73.372
  }
]