[
    {
        "Bao": {
            "Bao prediction": 44.742,
            "Bao recommended hint": "(no hint)"
        }
    },
    {
        "Plan": {
            "Node Type": "Aggregate",
            "Strategy": "Plain",
            "Partial Mode": "Simple",
            "Parallel Aware": false,
            "Startup Cost": 965.42,
            "Total Cost": 965.43,
            "Plan Rows": 1,
            "Plan Width": 96,
            "Actual Startup Time": 59.136,
            "Actual Total Time": 59.146,
            "Actual Rows": 1,
            "Actual Loops": 1,
            "Output": [
                "min(cn.name)",
                "min((lt.link)::text)",
                "min(t.title)"
            ],
            "Plans": [
                {
                    "Node Type": "Nested Loop",
                    "Parent Relationship": "Outer",
                    "Parallel Aware": false,
                    "Join Type": "Inner",
                    "Startup Cost": 337.41,
                    "Total Cost": 965.42,
                    "Plan Rows": 1,
                    "Plan Width": 48,
                    "Actual Startup Time": 24.033,
                    "Actual Total Time": 59.072,
                    "Actual Rows": 286,
                    "Actual Loops": 1,
                    "Output": [
                        "cn.name",
                        "lt.link",
                        "t.title"
                    ],
                    "Inner Unique": true,
                    "Join Filter": "(ml.movie_id = t.id)",
                    "Rows Removed by Join Filter": 0,
                    "Plans": [
                        {
                            "Node Type": "Nested Loop",
                            "Parent Relationship": "Outer",
                            "Parallel Aware": false,
                            "Join Type": "Inner",
                            "Startup Cost": 336.98,
                            "Total Cost": 964.91,
                            "Plan Rows": 1,
                            "Plan Width": 51,
                            "Actual Startup Time": 23.96,
                            "Actual Total Time": 58.545,
                            "Actual Rows": 286,
                            "Actual Loops": 1,
                            "Output": [
                                "cc.movie_id",
                                "mc.movie_id",
                                "cn.name",
                                "mi.movie_id",
                                "mk.movie_id",
                                "ml.movie_id",
                                "lt.link"
                            ],
                            "Inner Unique": false,
                            "Join Filter": "(ml.movie_id = mi.movie_id)",
                            "Rows Removed by Join Filter": 0,
                            "Plans": [
                                {
                                    "Node Type": "Nested Loop",
                                    "Parent Relationship": "Outer",
                                    "Parallel Aware": false,
                                    "Join Type": "Inner",
                                    "Startup Cost": 336.54,
                                    "Total Cost": 963.08,
                                    "Plan Rows": 1,
                                    "Plan Width": 47,
                                    "Actual Startup Time": 23.718,
                                    "Actual Total Time": 56.758,
                                    "Actual Rows": 172,
                                    "Actual Loops": 1,
                                    "Output": [
                                        "cc.movie_id",
                                        "mc.movie_id",
                                        "cn.name",
                                        "mk.movie_id",
                                        "ml.movie_id",
                                        "lt.link"
                                    ],
                                    "Inner Unique": true,
                                    "Plans": [
                                        {
                                            "Node Type": "Merge Join",
                                            "Parent Relationship": "Outer",
                                            "Parallel Aware": false,
                                            "Join Type": "Inner",
                                            "Startup Cost": 336.12,
                                            "Total Cost": 878.33,
                                            "Plan Rows": 192,
                                            "Plan Width": 51,
                                            "Actual Startup Time": 16.941,
                                            "Actual Total Time": 51.362,
                                            "Actual Rows": 3296,
                                            "Actual Loops": 1,
                                            "Output": [
                                                "cc.movie_id",
                                                "mc.movie_id",
                                                "cn.name",
                                                "mk.movie_id",
                                                "mk.keyword_id",
                                                "ml.movie_id",
                                                "lt.link"
                                            ],
                                            "Inner Unique": false,
                                            "Merge Cond": "(mk.movie_id = ml.movie_id)",
                                            "Plans": [
                                                {
                                                    "Node Type": "Nested Loop",
                                                    "Parent Relationship": "Outer",
                                                    "Parallel Aware": false,
                                                    "Join Type": "Inner",
                                                    "Startup Cost": 1.7,
                                                    "Total Cost": 25972.56,
                                                    "Plan Rows": 11338,
                                                    "Plan Width": 35,
                                                    "Actual Startup Time": 5.88,
                                                    "Actual Total Time": 43.877,
                                                    "Actual Rows": 890,
                                                    "Actual Loops": 1,
                                                    "Output": [
                                                        "cc.movie_id",
                                                        "mc.movie_id",
                                                        "cn.name",
                                                        "mk.movie_id",
                                                        "mk.keyword_id"
                                                    ],
                                                    "Inner Unique": false,
                                                    "Plans": [
                                                        {
                                                            "Node Type": "Nested Loop",
                                                            "Parent Relationship": "Outer",
                                                            "Parallel Aware": false,
                                                            "Join Type": "Inner",
                                                            "Startup Cost": 1.27,
                                                            "Total Cost": 23627.16,
                                                            "Plan Rows": 1274,
                                                            "Plan Width": 27,
                                                            "Actual Startup Time": 5.784,
                                                            "Actual Total Time": 42.173,
                                                            "Actual Rows": 166,
                                                            "Actual Loops": 1,
                                                            "Output": [
                                                                "cc.movie_id",
                                                                "mc.movie_id",
                                                                "cn.name"
                                                            ],
                                                            "Inner Unique": true,
                                                            "Plans": [
                                                                {
                                                                    "Node Type": "Nested Loop",
                                                                    "Parent Relationship": "Outer",
                                                                    "Parallel Aware": false,
                                                                    "Join Type": "Inner",
                                                                    "Startup Cost": 0.85,
                                                                    "Total Cost": 21210.93,
                                                                    "Plan Rows": 5285,
                                                                    "Plan Width": 12,
                                                                    "Actual Startup Time": 1.066,
                                                                    "Actual Total Time": 27.966,
                                                                    "Actual Rows": 3244,
                                                                    "Actual Loops": 1,
                                                                    "Output": [
                                                                        "cc.movie_id",
                                                                        "mc.movie_id",
                                                                        "mc.company_id"
                                                                    ],
                                                                    "Inner Unique": true,
                                                                    "Join Filter": "(mc.company_type_id = ct.id)",
                                                                    "Rows Removed by Join Filter": 131,
                                                                    "Plans": [
                                                                        {
                                                                            "Node Type": "Nested Loop",
                                                                            "Parent Relationship": "Outer",
                                                                            "Parallel Aware": false,
                                                                            "Join Type": "Inner",
                                                                            "Startup Cost": 0.85,
                                                                            "Total Cost": 20892.76,
                                                                            "Plan Rows": 21141,
                                                                            "Plan Width": 16,
                                                                            "Actual Startup Time": 1.033,
                                                                            "Actual Total Time": 26.529,
                                                                            "Actual Rows": 3375,
                                                                            "Actual Loops": 1,
                                                                            "Output": [
                                                                                "cc.movie_id",
                                                                                "mc.movie_id",
                                                                                "mc.company_type_id",
                                                                                "mc.company_id"
                                                                            ],
                                                                            "Inner Unique": false,
                                                                            "Plans": [
                                                                                {
                                                                                    "Node Type": "Nested Loop",
                                                                                    "Parent Relationship": "Outer",
                                                                                    "Parallel Aware": false,
                                                                                    "Join Type": "Inner",
                                                                                    "Startup Cost": 0.42,
                                                                                    "Total Cost": 9192.61,
                                                                                    "Plan Rows": 8443,
                                                                                    "Plan Width": 4,
                                                                                    "Actual Startup Time": 0.109,
                                                                                    "Actual Total Time": 7.811,
                                                                                    "Actual Rows": 3834,
                                                                                    "Actual Loops": 1,
                                                                                    "Output": [
                                                                                        "cc.movie_id"
                                                                                    ],
                                                                                    "Inner Unique": true,
                                                                                    "Join Filter": "(cc.status_id = cct2.id)",
                                                                                    "Rows Removed by Join Filter": 372,
                                                                                    "Plans": [
                                                                                        {
                                                                                            "Node Type": "Nested Loop",
                                                                                            "Parent Relationship": "Outer",
                                                                                            "Parallel Aware": false,
                                                                                            "Join Type": "Inner",
                                                                                            "Startup Cost": 0.42,
                                                                                            "Total Cost": 8684.98,
                                                                                            "Plan Rows": 33772,
                                                                                            "Plan Width": 8,
                                                                                            "Actual Startup Time": 0.08,
                                                                                            "Actual Total Time": 6.427,
                                                                                            "Actual Rows": 3834,
                                                                                            "Actual Loops": 1,
                                                                                            "Output": [
                                                                                                "cc.movie_id",
                                                                                                "cc.status_id"
                                                                                            ],
                                                                                            "Inner Unique": true,
                                                                                            "Join Filter": "(cc.subject_id = cct1.id)",
                                                                                            "Rows Removed by Join Filter": 2385,
                                                                                            "Plans": [
                                                                                                {
                                                                                                    "Node Type": "Index Scan",
                                                                                                    "Parent Relationship": "Outer",
                                                                                                    "Parallel Aware": false,
                                                                                                    "Scan Direction": "Forward",
                                                                                                    "Index Name": "movie_id_complete_cast",
                                                                                                    "Relation Name": "complete_cast",
                                                                                                    "Schema": "public",
                                                                                                    "Alias": "cc",
                                                                                                    "Startup Cost": 0.42,
                                                                                                    "Total Cost": 6657.64,
                                                                                                    "Plan Rows": 135086,
                                                                                                    "Plan Width": 12,
                                                                                                    "Actual Startup Time": 0.034,
                                                                                                    "Actual Total Time": 3.9,
                                                                                                    "Actual Rows": 6219,
                                                                                                    "Actual Loops": 1,
                                                                                                    "Output": [
                                                                                                        "cc.id",
                                                                                                        "cc.movie_id",
                                                                                                        "cc.subject_id",
                                                                                                        "cc.status_id"
                                                                                                    ]
                                                                                                },
                                                                                                {
                                                                                                    "Node Type": "Materialize",
                                                                                                    "Parent Relationship": "Inner",
                                                                                                    "Parallel Aware": false,
                                                                                                    "Startup Cost": 0.0,
                                                                                                    "Total Cost": 1.05,
                                                                                                    "Plan Rows": 1,
                                                                                                    "Plan Width": 4,
                                                                                                    "Actual Startup Time": 0.0,
                                                                                                    "Actual Total Time": 0.0,
                                                                                                    "Actual Rows": 1,
                                                                                                    "Actual Loops": 6219,
                                                                                                    "Output": [
                                                                                                        "cct1.id"
                                                                                                    ],
                                                                                                    "Plans": [
                                                                                                        {
                                                                                                            "Node Type": "Seq Scan",
                                                                                                            "Parent Relationship": "Outer",
                                                                                                            "Parallel Aware": false,
                                                                                                            "Relation Name": "comp_cast_type",
                                                                                                            "Schema": "public",
                                                                                                            "Alias": "cct1",
                                                                                                            "Startup Cost": 0.0,
                                                                                                            "Total Cost": 1.05,
                                                                                                            "Plan Rows": 1,
                                                                                                            "Plan Width": 4,
                                                                                                            "Actual Startup Time": 0.023,
                                                                                                            "Actual Total Time": 0.027,
                                                                                                            "Actual Rows": 1,
                                                                                                            "Actual Loops": 1,
                                                                                                            "Output": [
                                                                                                                "cct1.id"
                                                                                                            ],
                                                                                                            "Filter": "((cct1.kind)::text = 'cast'::text)",
                                                                                                            "Rows Removed by Filter": 3
                                                                                                        }
                                                                                                    ]
                                                                                                }
                                                                                            ]
                                                                                        },
                                                                                        {
                                                                                            "Node Type": "Materialize",
                                                                                            "Parent Relationship": "Inner",
                                                                                            "Parallel Aware": false,
                                                                                            "Startup Cost": 0.0,
                                                                                            "Total Cost": 1.05,
                                                                                            "Plan Rows": 1,
                                                                                            "Plan Width": 4,
                                                                                            "Actual Startup Time": 0.0,
                                                                                            "Actual Total Time": 0.0,
                                                                                            "Actual Rows": 1,
                                                                                            "Actual Loops": 3834,
                                                                                            "Output": [
                                                                                                "cct2.id"
                                                                                            ],
                                                                                            "Plans": [
                                                                                                {
                                                                                                    "Node Type": "Seq Scan",
                                                                                                    "Parent Relationship": "Outer",
                                                                                                    "Parallel Aware": false,
                                                                                                    "Relation Name": "comp_cast_type",
                                                                                                    "Schema": "public",
                                                                                                    "Alias": "cct2",
                                                                                                    "Startup Cost": 0.0,
                                                                                                    "Total Cost": 1.05,
                                                                                                    "Plan Rows": 1,
                                                                                                    "Plan Width": 4,
                                                                                                    "Actual Startup Time": 0.015,
                                                                                                    "Actual Total Time": 0.017,
                                                                                                    "Actual Rows": 2,
                                                                                                    "Actual Loops": 1,
                                                                                                    "Output": [
                                                                                                        "cct2.id"
                                                                                                    ],
                                                                                                    "Filter": "((cct2.kind)::text ~~ 'complete%'::text)",
                                                                                                    "Rows Removed by Filter": 2
                                                                                                }
                                                                                            ]
                                                                                        }
                                                                                    ]
                                                                                },
                                                                                {
                                                                                    "Node Type": "Index Scan",
                                                                                    "Parent Relationship": "Inner",
                                                                                    "Parallel Aware": false,
                                                                                    "Scan Direction": "Forward",
                                                                                    "Index Name": "movie_id_movie_companies",
                                                                                    "Relation Name": "movie_companies",
                                                                                    "Schema": "public",
                                                                                    "Alias": "mc",
                                                                                    "Startup Cost": 0.43,
                                                                                    "Total Cost": 1.36,
                                                                                    "Plan Rows": 3,
                                                                                    "Plan Width": 12,
                                                                                    "Actual Startup Time": 0.004,
                                                                                    "Actual Total Time": 0.004,
                                                                                    "Actual Rows": 1,
                                                                                    "Actual Loops": 3834,
                                                                                    "Output": [
                                                                                        "mc.id",
                                                                                        "mc.movie_id",
                                                                                        "mc.company_id",
                                                                                        "mc.company_type_id",
                                                                                        "mc.note"
                                                                                    ],
                                                                                    "Index Cond": "(mc.movie_id = cc.movie_id)",
                                                                                    "Rows Removed by Index Recheck": 0,
                                                                                    "Filter": "(mc.note IS NULL)",
                                                                                    "Rows Removed by Filter": 2
                                                                                }
                                                                            ]
                                                                        },
                                                                        {
                                                                            "Node Type": "Materialize",
                                                                            "Parent Relationship": "Inner",
                                                                            "Parallel Aware": false,
                                                                            "Startup Cost": 0.0,
                                                                            "Total Cost": 1.05,
                                                                            "Plan Rows": 1,
                                                                            "Plan Width": 4,
                                                                            "Actual Startup Time": 0.0,
                                                                            "Actual Total Time": 0.0,
                                                                            "Actual Rows": 1,
                                                                            "Actual Loops": 3375,
                                                                            "Output": [
                                                                                "ct.id"
                                                                            ],
                                                                            "Plans": [
                                                                                {
                                                                                    "Node Type": "Seq Scan",
                                                                                    "Parent Relationship": "Outer",
                                                                                    "Parallel Aware": false,
                                                                                    "Relation Name": "company_type",
                                                                                    "Schema": "public",
                                                                                    "Alias": "ct",
                                                                                    "Startup Cost": 0.0,
                                                                                    "Total Cost": 1.05,
                                                                                    "Plan Rows": 1,
                                                                                    "Plan Width": 4,
                                                                                    "Actual Startup Time": 0.015,
                                                                                    "Actual Total Time": 0.019,
                                                                                    "Actual Rows": 1,
                                                                                    "Actual Loops": 1,
                                                                                    "Output": [
                                                                                        "ct.id"
                                                                                    ],
                                                                                    "Filter": "((ct.kind)::text = 'production companies'::text)",
                                                                                    "Rows Removed by Filter": 3
                                                                                }
                                                                            ]
                                                                        }
                                                                    ]
                                                                },
                                                                {
                                                                    "Node Type": "Index Scan",
                                                                    "Parent Relationship": "Inner",
                                                                    "Parallel Aware": false,
                                                                    "Scan Direction": "Forward",
                                                                    "Index Name": "company_name_pkey",
                                                                    "Relation Name": "company_name",
                                                                    "Schema": "public",
                                                                    "Alias": "cn",
                                                                    "Startup Cost": 0.42,
                                                                    "Total Cost": 0.46,
                                                                    "Plan Rows": 1,
                                                                    "Plan Width": 23,
                                                                    "Actual Startup Time": 0.004,
                                                                    "Actual Total Time": 0.004,
                                                                    "Actual Rows": 0,
                                                                    "Actual Loops": 3244,
                                                                    "Output": [
                                                                        "cn.id",
                                                                        "cn.name",
                                                                        "cn.country_code",
                                                                        "cn.imdb_id",
                                                                        "cn.name_pcode_nf",
                                                                        "cn.name_pcode_sf",
                                                                        "cn.md5sum"
                                                                    ],
                                                                    "Index Cond": "(cn.id = mc.company_id)",
                                                                    "Rows Removed by Index Recheck": 0,
                                                                    "Filter": "(((cn.country_code)::text <> '[pl]'::text) AND ((cn.name ~~ '%Film%'::text) OR (cn.name ~~ '%Warner%'::text)))",
                                                                    "Rows Removed by Filter": 1
                                                                }
                                                            ]
                                                        },
                                                        {
                                                            "Node Type": "Index Scan",
                                                            "Parent Relationship": "Inner",
                                                            "Parallel Aware": false,
                                                            "Scan Direction": "Forward",
                                                            "Index Name": "movie_id_movie_keyword",
                                                            "Relation Name": "movie_keyword",
                                                            "Schema": "public",
                                                            "Alias": "mk",
                                                            "Startup Cost": 0.43,
                                                            "Total Cost": 1.38,
                                                            "Plan Rows": 46,
                                                            "Plan Width": 8,
                                                            "Actual Startup Time": 0.008,
                                                            "Actual Total Time": 0.009,
                                                            "Actual Rows": 5,
                                                            "Actual Loops": 166,
                                                            "Output": [
                                                                "mk.id",
                                                                "mk.movie_id",
                                                                "mk.keyword_id"
                                                            ],
                                                            "Index Cond": "(mk.movie_id = mc.movie_id)",
                                                            "Rows Removed by Index Recheck": 0
                                                        }
                                                    ]
                                                },
                                                {
                                                    "Node Type": "Sort",
                                                    "Parent Relationship": "Inner",
                                                    "Parallel Aware": false,
                                                    "Startup Cost": 334.38,
                                                    "Total Cost": 338.55,
                                                    "Plan Rows": 1666,
                                                    "Plan Width": 16,
                                                    "Actual Startup Time": 6.46,
                                                    "Actual Total Time": 6.761,
                                                    "Actual Rows": 5516,
                                                    "Actual Loops": 1,
                                                    "Output": [
                                                        "lt.link",
                                                        "ml.movie_id"
                                                    ],
                                                    "Sort Key": [
                                                        "ml.movie_id"
                                                    ],
                                                    "Sort Method": "quicksort",
                                                    "Sort Space Used": 205,
                                                    "Sort Space Type": "Memory",
                                                    "Plans": [
                                                        {
                                                            "Node Type": "Nested Loop",
                                                            "Parent Relationship": "Outer",
                                                            "Parallel Aware": false,
                                                            "Join Type": "Inner",
                                                            "Startup Cost": 38.82,
                                                            "Total Cost": 245.23,
                                                            "Plan Rows": 1666,
                                                            "Plan Width": 16,
                                                            "Actual Startup Time": 0.39,
                                                            "Actual Total Time": 4.147,
                                                            "Actual Rows": 2315,
                                                            "Actual Loops": 1,
                                                            "Output": [
                                                                "lt.link",
                                                                "ml.movie_id"
                                                            ],
                                                            "Inner Unique": false,
                                                            "Plans": [
                                                                {
                                                                    "Node Type": "Seq Scan",
                                                                    "Parent Relationship": "Outer",
                                                                    "Parallel Aware": false,
                                                                    "Relation Name": "link_type",
                                                                    "Schema": "public",
                                                                    "Alias": "lt",
                                                                    "Startup Cost": 0.0,
                                                                    "Total Cost": 1.23,
                                                                    "Plan Rows": 1,
                                                                    "Plan Width": 16,
                                                                    "Actual Startup Time": 0.016,
                                                                    "Actual Total Time": 0.028,
                                                                    "Actual Rows": 2,
                                                                    "Actual Loops": 1,
                                                                    "Output": [
                                                                        "lt.id",
                                                                        "lt.link"
                                                                    ],
                                                                    "Filter": "((lt.link)::text ~~ '%follow%'::text)",
                                                                    "Rows Removed by Filter": 16
                                                                },
                                                                {
                                                                    "Node Type": "Bitmap Heap Scan",
                                                                    "Parent Relationship": "Inner",
                                                                    "Parallel Aware": false,
                                                                    "Relation Name": "movie_link",
                                                                    "Schema": "public",
                                                                    "Alias": "ml",
                                                                    "Startup Cost": 38.82,
                                                                    "Total Cost": 225.26,
                                                                    "Plan Rows": 1875,
                                                                    "Plan Width": 8,
                                                                    "Actual Startup Time": 0.298,
                                                                    "Actual Total Time": 1.633,
                                                                    "Actual Rows": 1158,
                                                                    "Actual Loops": 2,
                                                                    "Output": [
                                                                        "ml.id",
                                                                        "ml.movie_id",
                                                                        "ml.linked_movie_id",
                                                                        "ml.link_type_id"
                                                                    ],
                                                                    "Recheck Cond": "(ml.link_type_id = lt.id)",
                                                                    "Rows Removed by Index Recheck": 0,
                                                                    "Exact Heap Blocks": 191,
                                                                    "Lossy Heap Blocks": 0,
                                                                    "Plans": [
                                                                        {
                                                                            "Node Type": "Bitmap Index Scan",
                                                                            "Parent Relationship": "Outer",
                                                                            "Parallel Aware": false,
                                                                            "Index Name": "link_type_id_movie_link",
                                                                            "Startup Cost": 0.0,
                                                                            "Total Cost": 38.35,
                                                                            "Plan Rows": 1875,
                                                                            "Plan Width": 0,
                                                                            "Actual Startup Time": 0.257,
                                                                            "Actual Total Time": 0.257,
                                                                            "Actual Rows": 1158,
                                                                            "Actual Loops": 2,
                                                                            "Index Cond": "(ml.link_type_id = lt.id)"
                                                                        }
                                                                    ]
                                                                }
                                                            ]
                                                        }
                                                    ]
                                                }
                                            ]
                                        },
                                        {
                                            "Node Type": "Index Scan",
                                            "Parent Relationship": "Inner",
                                            "Parallel Aware": false,
                                            "Scan Direction": "Forward",
                                            "Index Name": "keyword_pkey",
                                            "Relation Name": "keyword",
                                            "Schema": "public",
                                            "Alias": "k",
                                            "Startup Cost": 0.42,
                                            "Total Cost": 0.44,
                                            "Plan Rows": 1,
                                            "Plan Width": 4,
                                            "Actual Startup Time": 0.001,
                                            "Actual Total Time": 0.001,
                                            "Actual Rows": 0,
                                            "Actual Loops": 3296,
                                            "Output": [
                                                "k.id",
                                                "k.keyword",
                                                "k.phonetic_code"
                                            ],
                                            "Index Cond": "(k.id = mk.keyword_id)",
                                            "Rows Removed by Index Recheck": 0,
                                            "Filter": "(k.keyword = 'sequel'::text)",
                                            "Rows Removed by Filter": 1
                                        }
                                    ]
                                },
                                {
                                    "Node Type": "Index Scan",
                                    "Parent Relationship": "Inner",
                                    "Parallel Aware": false,
                                    "Scan Direction": "Forward",
                                    "Index Name": "movie_id_movie_info",
                                    "Relation Name": "movie_info",
                                    "Schema": "public",
                                    "Alias": "mi",
                                    "Startup Cost": 0.43,
                                    "Total Cost": 1.8,
                                    "Plan Rows": 2,
                                    "Plan Width": 4,
                                    "Actual Startup Time": 0.006,
                                    "Actual Total Time": 0.01,
                                    "Actual Rows": 2,
                                    "Actual Loops": 172,
                                    "Output": [
                                        "mi.id",
                                        "mi.movie_id",
                                        "mi.info_type_id",
                                        "mi.info",
                                        "mi.note"
                                    ],
                                    "Index Cond": "(mi.movie_id = mk.movie_id)",
                                    "Rows Removed by Index Recheck": 0,
                                    "Filter": "(mi.info = ANY ('{Norwegian,USA,German,Denmark,Denish,Danish,American,Bulgaria,\"RAT:1.85 : 1\"}'::text[]))",
                                    "Rows Removed by Filter": 18
                                }
                            ]
                        },
                        {
                            "Node Type": "Index Scan",
                            "Parent Relationship": "Inner",
                            "Parallel Aware": false,
                            "Scan Direction": "Forward",
                            "Index Name": "title_pkey",
                            "Relation Name": "title",
                            "Schema": "public",
                            "Alias": "t",
                            "Startup Cost": 0.43,
                            "Total Cost": 0.49,
                            "Plan Rows": 1,
                            "Plan Width": 21,
                            "Actual Startup Time": 0.002,
                            "Actual Total Time": 0.002,
                            "Actual Rows": 1,
                            "Actual Loops": 286,
                            "Output": [
                                "t.id",
                                "t.title",
                                "t.imdb_index",
                                "t.kind_id",
                                "t.production_year",
                                "t.imdb_id",
                                "t.phonetic_code",
                                "t.episode_of_id",
                                "t.season_nr",
                                "t.episode_nr",
                                "t.series_years",
                                "t.md5sum"
                            ],
                            "Index Cond": "(t.id = mk.movie_id)",
                            "Rows Removed by Index Recheck": 0,
                            "Filter": "((t.production_year >= 1994) AND (t.production_year <= 2011))",
                            "Rows Removed by Filter": 0
                        }
                    ]
                }
            ]
        },
        "Planning Time": 1006.616,
        "Triggers": [],
        "Execution Time": 60.314
    }
]