[
  {
    "Plan": {
      "Node Type": "Aggregate",
      "Strategy": "Plain",
      "Partial Mode": "Finalize",
      "Parallel Aware": false,
      "Startup Cost": 391817.71,
      "Total Cost": 391817.72,
      "Plan Rows": 1,
      "Plan Width": 8,
      "Actual Startup Time": 1798.649,
      "Actual Total Time": 1857.265,
      "Actual Rows": 1,
      "Actual Loops": 1,
      "Plans": [
        {
          "Node Type": "Gather",
          "Parent Relationship": "Outer",
          "Parallel Aware": false,
          "Startup Cost": 391817.08,
          "Total Cost": 391817.69,
          "Plan Rows": 6,
          "Plan Width": 8,
          "Actual Startup Time": 1794.6,
          "Actual Total Time": 1857.254,
          "Actual Rows": 7,
          "Actual Loops": 1,
          "Workers Planned": 6,
          "Workers Launched": 6,
          "Single Copy": false,
          "Plans": [
            {
              "Node Type": "Aggregate",
              "Strategy": "Plain",
              "Partial Mode": "Partial",
              "Parent Relationship": "Outer",
              "Parallel Aware": false,
              "Startup Cost": 390817.08,
              "Total Cost": 390817.09,
              "Plan Rows": 1,
              "Plan Width": 8,
              "Actual Startup Time": 1785.431,
              "Actual Total Time": 1785.434,
              "Actual Rows": 1,
              "Actual Loops": 7,
              "Plans": [
                {
                  "Node Type": "Hash Join",
                  "Parent Relationship": "Outer",
                  "Parallel Aware": true,
                  "Join Type": "Inner",
                  "Startup Cost": 46745.97,
                  "Total Cost": 388709.46,
                  "Plan Rows": 843050,
                  "Plan Width": 0,
                  "Actual Startup Time": 109.861,
                  "Actual Total Time": 1742.688,
                  "Actual Rows": 889619,
                  "Actual Loops": 7,
                  "Inner Unique": true,
                  "Hash Cond": "(ci.movie_id = t.id)",
                  "Plans": [
                    {
                      "Node Type": "Seq Scan",
                      "Parent Relationship": "Outer",
                      "Parallel Aware": true,
                      "Relation Name": "cast_info",
                      "Alias": "ci",
                      "Startup Cost": 0.0,
                      "Total Cost": 328162.03,
                      "Plan Rows": 5257691,
                      "Plan Width": 4,
                      "Actual Startup Time": 0.022,
                      "Actual Total Time": 764.868,
                      "Actual Rows": 4515030,
                      "Actual Loops": 7,
                      "Filter": "(role_id < 10)",
                      "Rows Removed by Filter": 662734
                    },
                    {
                      "Node Type": "Hash",
                      "Parent Relationship": "Inner",
                      "Parallel Aware": true,
                      "Startup Cost": 45479.1,
                      "Total Cost": 45479.1,
                      "Plan Rows": 101350,
                      "Plan Width": 4,
                      "Actual Startup Time": 107.418,
                      "Actual Total Time": 107.419,
                      "Actual Rows": 65164,
                      "Actual Loops": 7,
                      "Hash Buckets": 524288,
                      "Original Hash Buckets": 524288,
                      "Hash Batches": 1,
                      "Original Hash Batches": 1,
                      "Peak Memory Usage": 22048,
                      "Plans": [
                        {
                          "Node Type": "Seq Scan",
                          "Parent Relationship": "Outer",
                          "Parallel Aware": true,
                          "Relation Name": "title",
                          "Alias": "t",
                          "Startup Cost": 0.0,
                          "Total Cost": 45479.1,
                          "Plan Rows": 101350,
                          "Plan Width": 4,
                          "Actual Startup Time": 49.153,
                          "Actual Total Time": 80.46,
                          "Actual Rows": 65164,
                          "Actual Loops": 7,
                          "Filter": "((production_year < 2007) AND (kind_id = 1))",
                          "Rows Removed by Filter": 296024
                        }
                      ]
                    }
                  ]
                }
              ]
            }
          ]
        }
      ]
    },
    "Planning Time": 0.606,
    "Triggers": [],
    "Execution Time": 1857.363
  }
]