[
  {
    "Plan": {
      "Node Type": "Aggregate",
      "Strategy": "Plain",
      "Partial Mode": "Finalize",
      "Parallel Aware": false,
      "Startup Cost": 608044.79,
      "Total Cost": 608044.8,
      "Plan Rows": 1,
      "Plan Width": 8,
      "Actual Startup Time": 3678.17,
      "Actual Total Time": 3764.535,
      "Actual Rows": 1,
      "Actual Loops": 1,
      "Plans": [
        {
          "Node Type": "Gather",
          "Parent Relationship": "Outer",
          "Parallel Aware": false,
          "Startup Cost": 608044.16,
          "Total Cost": 608044.77,
          "Plan Rows": 6,
          "Plan Width": 8,
          "Actual Startup Time": 3651.374,
          "Actual Total Time": 3764.483,
          "Actual Rows": 7,
          "Actual Loops": 1,
          "Workers Planned": 6,
          "Workers Launched": 6,
          "Single Copy": false,
          "Plans": [
            {
              "Node Type": "Aggregate",
              "Strategy": "Plain",
              "Partial Mode": "Partial",
              "Parent Relationship": "Outer",
              "Parallel Aware": false,
              "Startup Cost": 607044.16,
              "Total Cost": 607044.17,
              "Plan Rows": 1,
              "Plan Width": 8,
              "Actual Startup Time": 3632.524,
              "Actual Total Time": 3633.052,
              "Actual Rows": 1,
              "Actual Loops": 7,
              "Plans": [
                {
                  "Node Type": "Hash Join",
                  "Parent Relationship": "Outer",
                  "Parallel Aware": true,
                  "Join Type": "Inner",
                  "Startup Cost": 254798.06,
                  "Total Cost": 600128.18,
                  "Plan Rows": 2766393,
                  "Plan Width": 0,
                  "Actual Startup Time": 1046.278,
                  "Actual Total Time": 3403.119,
                  "Actual Rows": 4779269,
                  "Actual Loops": 7,
                  "Inner Unique": false,
                  "Hash Cond": "(ci.movie_id = t.id)",
                  "Plans": [
                    {
                      "Node Type": "Seq Scan",
                      "Parent Relationship": "Outer",
                      "Parallel Aware": true,
                      "Relation Name": "cast_info",
                      "Alias": "ci",
                      "Startup Cost": 0.0,
                      "Total Cost": 328211.39,
                      "Plan Rows": 3089585,
                      "Plan Width": 4,
                      "Actual Startup Time": 0.059,
                      "Actual Total Time": 636.152,
                      "Actual Rows": 2676301,
                      "Actual Loops": 7,
                      "Filter": "(person_id < 1867093)",
                      "Rows Removed by Filter": 2501462
                    },
                    {
                      "Node Type": "Hash",
                      "Parent Relationship": "Inner",
                      "Parallel Aware": true,
                      "Startup Cost": 249138.22,
                      "Total Cost": 249138.22,
                      "Plan Rows": 452787,
                      "Plan Width": 8,
                      "Actual Startup Time": 1039.671,
                      "Actual Total Time": 1040.197,
                      "Actual Rows": 410602,
                      "Actual Loops": 7,
                      "Hash Buckets": 4194304,
                      "Original Hash Buckets": 4194304,
                      "Hash Batches": 1,
                      "Original Hash Batches": 1,
                      "Peak Memory Usage": 145312,
                      "Plans": [
                        {
                          "Node Type": "Hash Join",
                          "Parent Relationship": "Outer",
                          "Parallel Aware": true,
                          "Join Type": "Inner",
                          "Startup Cost": 46894.1,
                          "Total Cost": 249138.22,
                          "Plan Rows": 452787,
                          "Plan Width": 8,
                          "Actual Startup Time": 172.166,
                          "Actual Total Time": 833.468,
                          "Actual Rows": 410602,
                          "Actual Loops": 7,
                          "Inner Unique": true,
                          "Hash Cond": "(mi.movie_id = t.id)",
                          "Plans": [
                            {
                              "Node Type": "Seq Scan",
                              "Parent Relationship": "Outer",
                              "Parallel Aware": true,
                              "Relation Name": "movie_info",
                              "Alias": "mi",
                              "Startup Cost": 0.0,
                              "Total Cost": 199108.24,
                              "Plan Rows": 1194621,
                              "Plan Width": 4,
                              "Actual Startup Time": 0.043,
                              "Actual Total Time": 372.206,
                              "Actual Rows": 840709,
                              "Actual Loops": 7,
                              "Filter": "(info_type_id < 7)",
                              "Rows Removed by Filter": 1278680
                            },
                            {
                              "Node Type": "Hash",
                              "Parent Relationship": "Inner",
                              "Parallel Aware": true,
                              "Startup Cost": 43899.32,
                              "Total Cost": 43899.32,
                              "Plan Rows": 239582,
                              "Plan Width": 4,
                              "Actual Startup Time": 170.795,
                              "Actual Total Time": 170.796,
                              "Actual Rows": 138741,
                              "Actual Loops": 7,
                              "Hash Buckets": 1048576,
                              "Original Hash Buckets": 1048576,
                              "Hash Batches": 1,
                              "Original Hash Batches": 1,
                              "Peak Memory Usage": 46304,
                              "Plans": [
                                {
                                  "Node Type": "Seq Scan",
                                  "Parent Relationship": "Outer",
                                  "Parallel Aware": true,
                                  "Relation Name": "title",
                                  "Alias": "t",
                                  "Startup Cost": 0.0,
                                  "Total Cost": 43899.32,
                                  "Plan Rows": 239582,
                                  "Plan Width": 4,
                                  "Actual Startup Time": 0.058,
                                  "Actual Total Time": 92.944,
                                  "Actual Rows": 138741,
                                  "Actual Loops": 7,
                                  "Filter": "(production_year < 1999)",
                                  "Rows Removed by Filter": 222446
                                }
                              ]
                            }
                          ]
                        }
                      ]
                    }
                  ]
                }
              ]
            }
          ]
        }
      ]
    },
    "Planning Time": 0.671,
    "Triggers": [],
    "Execution Time": 3764.632
  }
]