[
  {
    "Plan": {
      "Node Type": "Aggregate",
      "Strategy": "Plain",
      "Partial Mode": "Simple",
      "Parallel Aware": false,
      "Startup Cost": 34399.83,
      "Total Cost": 34399.84,
      "Plan Rows": 1,
      "Plan Width": 8,
      "Actual Startup Time": 22.106,
      "Actual Total Time": 22.108,
      "Actual Rows": 1,
      "Actual Loops": 1,
      "Plans": [
        {
          "Node Type": "Nested Loop",
          "Parent Relationship": "Outer",
          "Parallel Aware": false,
          "Join Type": "Inner",
          "Startup Cost": 0.99,
          "Total Cost": 34395.94,
          "Plan Rows": 1554,
          "Plan Width": 0,
          "Actual Startup Time": 0.357,
          "Actual Total Time": 21.301,
          "Actual Rows": 5751,
          "Actual Loops": 1,
          "Inner Unique": true,
          "Plans": [
            {
              "Node Type": "Index Scan",
              "Parent Relationship": "Outer",
              "Parallel Aware": false,
              "Scan Direction": "Forward",
              "Index Name": "person_id_cast_info",
              "Relation Name": "cast_info",
              "Alias": "ci",
              "Startup Cost": 0.56,
              "Total Cost": 14532.94,
              "Plan Rows": 2540,
              "Plan Width": 4,
              "Actual Startup Time": 0.285,
              "Actual Total Time": 3.064,
              "Actual Rows": 5752,
              "Actual Loops": 1,
              "Index Cond": "(person_id = 1737040)",
              "Rows Removed by Index Recheck": 0,
              "Filter": "(role_id = 1)",
              "Rows Removed by Filter": 1
            },
            {
              "Node Type": "Index Scan",
              "Parent Relationship": "Inner",
              "Parallel Aware": false,
              "Scan Direction": "Forward",
              "Index Name": "title_pkey",
              "Relation Name": "title",
              "Alias": "t",
              "Startup Cost": 0.43,
              "Total Cost": 7.82,
              "Plan Rows": 1,
              "Plan Width": 4,
              "Actual Startup Time": 0.003,
              "Actual Total Time": 0.003,
              "Actual Rows": 1,
              "Actual Loops": 5752,
              "Index Cond": "(id = ci.movie_id)",
              "Rows Removed by Index Recheck": 0,
              "Filter": "(production_year > 1997)",
              "Rows Removed by Filter": 0
            }
          ]
        }
      ]
    },
    "Planning Time": 0.648,
    "Triggers": [],
    "Execution Time": 22.166
  }
]