[
    {
        "Bao": {
            "Bao prediction": "NaN",
            "Bao recommended hint": "(no hint)"
        }
    },
    {
        "Plan": {
            "Node Type": "Aggregate",
            "Strategy": "Plain",
            "Partial Mode": "Finalize",
            "Parallel Aware": false,
            "Startup Cost": 30455.69,
            "Total Cost": 30455.7,
            "Plan Rows": 1,
            "Plan Width": 8,
            "Actual Startup Time": 78.988,
            "Actual Total Time": 82.758,
            "Actual Rows": 1,
            "Actual Loops": 1,
            "Output": [
                "count(*)"
            ],
            "Plans": [
                {
                    "Node Type": "Gather",
                    "Parent Relationship": "Outer",
                    "Parallel Aware": false,
                    "Startup Cost": 30455.37,
                    "Total Cost": 30455.68,
                    "Plan Rows": 3,
                    "Plan Width": 8,
                    "Actual Startup Time": 78.703,
                    "Actual Total Time": 82.751,
                    "Actual Rows": 4,
                    "Actual Loops": 1,
                    "Output": [
                        "(PARTIAL count(*))"
                    ],
                    "Workers Planned": 3,
                    "Workers Launched": 3,
                    "Single Copy": false,
                    "Plans": [
                        {
                            "Node Type": "Aggregate",
                            "Strategy": "Plain",
                            "Partial Mode": "Partial",
                            "Parent Relationship": "Outer",
                            "Parallel Aware": false,
                            "Startup Cost": 29455.37,
                            "Total Cost": 29455.38,
                            "Plan Rows": 1,
                            "Plan Width": 8,
                            "Actual Startup Time": 70.047,
                            "Actual Total Time": 70.048,
                            "Actual Rows": 1,
                            "Actual Loops": 4,
                            "Output": [
                                "PARTIAL count(*)"
                            ],
                            "Workers": [
                                {
                                    "Worker Number": 0,
                                    "Actual Startup Time": 67.023,
                                    "Actual Total Time": 67.025,
                                    "Actual Rows": 1,
                                    "Actual Loops": 1
                                },
                                {
                                    "Worker Number": 1,
                                    "Actual Startup Time": 67.332,
                                    "Actual Total Time": 67.334,
                                    "Actual Rows": 1,
                                    "Actual Loops": 1
                                },
                                {
                                    "Worker Number": 2,
                                    "Actual Startup Time": 67.511,
                                    "Actual Total Time": 67.512,
                                    "Actual Rows": 1,
                                    "Actual Loops": 1
                                }
                            ],
                            "Plans": [
                                {
                                    "Node Type": "Bitmap Heap Scan",
                                    "Parent Relationship": "Outer",
                                    "Parallel Aware": true,
                                    "Relation Name": "movie_companies",
                                    "Schema": "public",
                                    "Alias": "mc",
                                    "Startup Cost": 8718.56,
                                    "Total Cost": 29130.9,
                                    "Plan Rows": 129787,
                                    "Plan Width": 0,
                                    "Actual Startup Time": 27.358,
                                    "Actual Total Time": 63.224,
                                    "Actual Rows": 101932,
                                    "Actual Loops": 4,
                                    "Recheck Cond": "(mc.company_id > 81283)",
                                    "Rows Removed by Index Recheck": 0,
                                    "Exact Heap Blocks": 3685,
                                    "Lossy Heap Blocks": 0,
                                    "Workers": [
                                        {
                                            "Worker Number": 0,
                                            "Actual Startup Time": 24.453,
                                            "Actual Total Time": 60.69,
                                            "Actual Rows": 67867,
                                            "Actual Loops": 1
                                        },
                                        {
                                            "Worker Number": 1,
                                            "Actual Startup Time": 24.677,
                                            "Actual Total Time": 61.51,
                                            "Actual Rows": 53390,
                                            "Actual Loops": 1
                                        },
                                        {
                                            "Worker Number": 2,
                                            "Actual Startup Time": 24.962,
                                            "Actual Total Time": 61.365,
                                            "Actual Rows": 61704,
                                            "Actual Loops": 1
                                        }
                                    ],
                                    "Plans": [
                                        {
                                            "Node Type": "Bitmap Index Scan",
                                            "Parent Relationship": "Outer",
                                            "Parallel Aware": false,
                                            "Index Name": "company_id_movie_companies",
                                            "Startup Cost": 0.0,
                                            "Total Cost": 8617.98,
                                            "Plan Rows": 402340,
                                            "Plan Width": 0,
                                            "Actual Startup Time": 34.504,
                                            "Actual Total Time": 34.505,
                                            "Actual Rows": 407730,
                                            "Actual Loops": 1,
                                            "Index Cond": "(mc.company_id > 81283)"
                                        }
                                    ]
                                }
                            ]
                        }
                    ]
                }
            ]
        },
        "Planning Time": 213.988,
        "Triggers": [],
        "Execution Time": 82.828
    }
]