[
  {
    "Plan": {
      "Node Type": "Aggregate",
      "Strategy": "Plain",
      "Partial Mode": "Finalize",
      "Parallel Aware": false,
      "Startup Cost": 351910.79,
      "Total Cost": 351910.8,
      "Plan Rows": 1,
      "Plan Width": 8,
      "Actual Startup Time": 794.12,
      "Actual Total Time": 843.659,
      "Actual Rows": 1,
      "Actual Loops": 1,
      "Plans": [
        {
          "Node Type": "Gather",
          "Parent Relationship": "Outer",
          "Parallel Aware": false,
          "Startup Cost": 351910.17,
          "Total Cost": 351910.78,
          "Plan Rows": 6,
          "Plan Width": 8,
          "Actual Startup Time": 793.897,
          "Actual Total Time": 843.642,
          "Actual Rows": 7,
          "Actual Loops": 1,
          "Workers Planned": 6,
          "Workers Launched": 6,
          "Single Copy": false,
          "Plans": [
            {
              "Node Type": "Aggregate",
              "Strategy": "Plain",
              "Partial Mode": "Partial",
              "Parent Relationship": "Outer",
              "Parallel Aware": false,
              "Startup Cost": 350910.17,
              "Total Cost": 350910.18,
              "Plan Rows": 1,
              "Plan Width": 8,
              "Actual Startup Time": 785.988,
              "Actual Total Time": 785.99,
              "Actual Rows": 1,
              "Actual Loops": 7,
              "Plans": [
                {
                  "Node Type": "Seq Scan",
                  "Parent Relationship": "Outer",
                  "Parallel Aware": true,
                  "Relation Name": "cast_info",
                  "Alias": "ci",
                  "Startup Cost": 0.0,
                  "Total Cost": 343316.27,
                  "Plan Rows": 3037559,
                  "Plan Width": 0,
                  "Actual Startup Time": 190.505,
                  "Actual Total Time": 671.681,
                  "Actual Rows": 2398303,
                  "Actual Loops": 7,
                  "Filter": "((person_id > 1526945) AND (role_id < 10))",
                  "Rows Removed by Filter": 2779461
                }
              ]
            }
          ]
        }
      ]
    },
    "Planning Time": 0.101,
    "Triggers": [],
    "Execution Time": 843.7
  }
]