[
    {
        "Bao": {
            "Bao prediction": 436.327,
            "Bao recommended hint": "(no hint)"
        }
    },
    {
        "Plan": {
            "Node Type": "Aggregate",
            "Strategy": "Plain",
            "Partial Mode": "Finalize",
            "Parallel Aware": false,
            "Startup Cost": 32615.22,
            "Total Cost": 32615.23,
            "Plan Rows": 1,
            "Plan Width": 8,
            "Actual Startup Time": 111.033,
            "Actual Total Time": 119.554,
            "Actual Rows": 1,
            "Actual Loops": 1,
            "Output": [
                "count(*)"
            ],
            "Plans": [
                {
                    "Node Type": "Gather",
                    "Parent Relationship": "Outer",
                    "Parallel Aware": false,
                    "Startup Cost": 32614.9,
                    "Total Cost": 32615.21,
                    "Plan Rows": 3,
                    "Plan Width": 8,
                    "Actual Startup Time": 110.935,
                    "Actual Total Time": 119.546,
                    "Actual Rows": 4,
                    "Actual Loops": 1,
                    "Output": [
                        "(PARTIAL count(*))"
                    ],
                    "Workers Planned": 3,
                    "Workers Launched": 3,
                    "Single Copy": false,
                    "Plans": [
                        {
                            "Node Type": "Aggregate",
                            "Strategy": "Plain",
                            "Partial Mode": "Partial",
                            "Parent Relationship": "Outer",
                            "Parallel Aware": false,
                            "Startup Cost": 31614.9,
                            "Total Cost": 31614.91,
                            "Plan Rows": 1,
                            "Plan Width": 8,
                            "Actual Startup Time": 103.179,
                            "Actual Total Time": 103.18,
                            "Actual Rows": 1,
                            "Actual Loops": 4,
                            "Output": [
                                "PARTIAL count(*)"
                            ],
                            "Workers": [
                                {
                                    "Worker Number": 0,
                                    "Actual Startup Time": 100.599,
                                    "Actual Total Time": 100.6,
                                    "Actual Rows": 1,
                                    "Actual Loops": 1
                                },
                                {
                                    "Worker Number": 1,
                                    "Actual Startup Time": 100.756,
                                    "Actual Total Time": 100.758,
                                    "Actual Rows": 1,
                                    "Actual Loops": 1
                                },
                                {
                                    "Worker Number": 2,
                                    "Actual Startup Time": 101.072,
                                    "Actual Total Time": 101.073,
                                    "Actual Rows": 1,
                                    "Actual Loops": 1
                                }
                            ],
                            "Plans": [
                                {
                                    "Node Type": "Seq Scan",
                                    "Parent Relationship": "Outer",
                                    "Parallel Aware": true,
                                    "Relation Name": "movie_companies",
                                    "Schema": "public",
                                    "Alias": "mc",
                                    "Startup Cost": 0.0,
                                    "Total Cost": 31414.82,
                                    "Plan Rows": 80033,
                                    "Plan Width": 0,
                                    "Actual Startup Time": 52.07,
                                    "Actual Total Time": 95.147,
                                    "Actual Rows": 122052,
                                    "Actual Loops": 4,
                                    "Output": [
                                        "id",
                                        "movie_id",
                                        "company_id",
                                        "company_type_id",
                                        "note"
                                    ],
                                    "Filter": "((mc.company_id > 74819) AND (mc.company_type_id = 2))",
                                    "Rows Removed by Filter": 530231,
                                    "Workers": [
                                        {
                                            "Worker Number": 0,
                                            "Actual Startup Time": 49.485,
                                            "Actual Total Time": 92.812,
                                            "Actual Rows": 115461,
                                            "Actual Loops": 1
                                        },
                                        {
                                            "Worker Number": 1,
                                            "Actual Startup Time": 49.648,
                                            "Actual Total Time": 92.895,
                                            "Actual Rows": 116760,
                                            "Actual Loops": 1
                                        },
                                        {
                                            "Worker Number": 2,
                                            "Actual Startup Time": 49.98,
                                            "Actual Total Time": 93.375,
                                            "Actual Rows": 114341,
                                            "Actual Loops": 1
                                        }
                                    ]
                                }
                            ]
                        }
                    ]
                }
            ]
        },
        "Planning Time": 1435.649,
        "Triggers": [],
        "Execution Time": 119.64
    }
]