[
  {
    "Plan": {
      "Node Type": "Aggregate",
      "Strategy": "Plain",
      "Partial Mode": "Finalize",
      "Parallel Aware": false,
      "Startup Cost": 225902.63,
      "Total Cost": 225902.64,
      "Plan Rows": 1,
      "Plan Width": 8,
      "Actual Startup Time": 312.453,
      "Actual Total Time": 324.608,
      "Actual Rows": 1,
      "Actual Loops": 1,
      "Plans": [
        {
          "Node Type": "Gather",
          "Parent Relationship": "Outer",
          "Parallel Aware": false,
          "Startup Cost": 225902.1,
          "Total Cost": 225902.61,
          "Plan Rows": 5,
          "Plan Width": 8,
          "Actual Startup Time": 303.28,
          "Actual Total Time": 324.597,
          "Actual Rows": 6,
          "Actual Loops": 1,
          "Workers Planned": 5,
          "Workers Launched": 5,
          "Single Copy": false,
          "Plans": [
            {
              "Node Type": "Aggregate",
              "Strategy": "Plain",
              "Partial Mode": "Partial",
              "Parent Relationship": "Outer",
              "Parallel Aware": false,
              "Startup Cost": 224902.1,
              "Total Cost": 224902.11,
              "Plan Rows": 1,
              "Plan Width": 8,
              "Actual Startup Time": 286.95,
              "Actual Total Time": 286.954,
              "Actual Rows": 1,
              "Actual Loops": 6,
              "Plans": [
                {
                  "Node Type": "Hash Join",
                  "Parent Relationship": "Outer",
                  "Parallel Aware": true,
                  "Join Type": "Inner",
                  "Startup Cost": 60606.52,
                  "Total Cost": 224725.24,
                  "Plan Rows": 70746,
                  "Plan Width": 0,
                  "Actual Startup Time": 222.637,
                  "Actual Total Time": 283.992,
                  "Actual Rows": 52685,
                  "Actual Loops": 6,
                  "Inner Unique": true,
                  "Hash Cond": "(mi.movie_id = t.id)",
                  "Plans": [
                    {
                      "Node Type": "Bitmap Heap Scan",
                      "Parent Relationship": "Outer",
                      "Parallel Aware": true,
                      "Relation Name": "movie_info",
                      "Alias": "mi",
                      "Startup Cost": 12730.49,
                      "Total Cost": 176480.28,
                      "Plan Rows": 140543,
                      "Plan Width": 4,
                      "Actual Startup Time": 23.161,
                      "Actual Total Time": 45.817,
                      "Actual Rows": 110154,
                      "Actual Loops": 6,
                      "Recheck Cond": "(info_type_id = 18)",
                      "Rows Removed by Index Recheck": 0,
                      "Exact Heap Blocks": 1150,
                      "Lossy Heap Blocks": 0,
                      "Plans": [
                        {
                          "Node Type": "Bitmap Index Scan",
                          "Parent Relationship": "Outer",
                          "Parallel Aware": false,
                          "Index Name": "info_type_id_movie_info",
                          "Startup Cost": 0.0,
                          "Total Cost": 12554.81,
                          "Plan Rows": 702717,
                          "Plan Width": 0,
                          "Actual Startup Time": 22.168,
                          "Actual Total Time": 22.168,
                          "Actual Rows": 660923,
                          "Actual Loops": 1,
                          "Index Cond": "(info_type_id = 18)"
                        }
                      ]
                    },
                    {
                      "Node Type": "Hash",
                      "Parent Relationship": "Inner",
                      "Parallel Aware": true,
                      "Startup Cost": 43898.92,
                      "Total Cost": 43898.92,
                      "Plan Rows": 318169,
                      "Plan Width": 4,
                      "Actual Startup Time": 194.182,
                      "Actual Total Time": 194.183,
                      "Actual Rows": 210049,
                      "Actual Loops": 6,
                      "Hash Buckets": 2097152,
                      "Original Hash Buckets": 2097152,
                      "Hash Batches": 1,
                      "Original Hash Batches": 1,
                      "Peak Memory Usage": 65792,
                      "Plans": [
                        {
                          "Node Type": "Seq Scan",
                          "Parent Relationship": "Outer",
                          "Parallel Aware": true,
                          "Relation Name": "title",
                          "Alias": "t",
                          "Startup Cost": 0.0,
                          "Total Cost": 43898.92,
                          "Plan Rows": 318169,
                          "Plan Width": 4,
                          "Actual Startup Time": 0.054,
                          "Actual Total Time": 90.102,
                          "Actual Rows": 210049,
                          "Actual Loops": 6,
                          "Filter": "(production_year > 2002)",
                          "Rows Removed by Filter": 211336
                        }
                      ]
                    }
                  ]
                }
              ]
            }
          ]
        }
      ]
    },
    "Planning Time": 0.608,
    "Triggers": [],
    "Execution Time": 324.711
  }
]