{
    "Plan": {
        "Node Type": "Aggregate",
        "Strategy": "Plain",
        "Partial Mode": "Finalize",
        "Parallel Aware": false,
        "Startup Cost": 90223.67,
        "Total Cost": 90223.68,
        "Plan Rows": 1,
        "Plan Width": 8,
        "Actual Startup Time": 243.925,
        "Actual Total Time": 267.449,
        "Actual Rows": 1,
        "Actual Loops": 1,
        "Output": [
            "count(*)"
        ],
        "Plans": [
            {
                "Node Type": "Gather",
                "Parent Relationship": "Outer",
                "Parallel Aware": false,
                "Startup Cost": 90223.35,
                "Total Cost": 90223.66,
                "Plan Rows": 3,
                "Plan Width": 8,
                "Actual Startup Time": 243.561,
                "Actual Total Time": 267.441,
                "Actual Rows": 4,
                "Actual Loops": 1,
                "Output": [
                    "(PARTIAL count(*))"
                ],
                "Workers Planned": 3,
                "Workers Launched": 3,
                "Single Copy": false,
                "Plans": [
                    {
                        "Node Type": "Aggregate",
                        "Strategy": "Plain",
                        "Partial Mode": "Partial",
                        "Parent Relationship": "Outer",
                        "Parallel Aware": false,
                        "Startup Cost": 89223.35,
                        "Total Cost": 89223.36,
                        "Plan Rows": 1,
                        "Plan Width": 8,
                        "Actual Startup Time": 234.744,
                        "Actual Total Time": 234.747,
                        "Actual Rows": 1,
                        "Actual Loops": 4,
                        "Output": [
                            "PARTIAL count(*)"
                        ],
                        "Workers": [
                            {
                                "Worker Number": 0,
                                "Actual Startup Time": 231.33,
                                "Actual Total Time": 231.333,
                                "Actual Rows": 1,
                                "Actual Loops": 1
                            },
                            {
                                "Worker Number": 1,
                                "Actual Startup Time": 232.265,
                                "Actual Total Time": 232.268,
                                "Actual Rows": 1,
                                "Actual Loops": 1
                            },
                            {
                                "Worker Number": 2,
                                "Actual Startup Time": 232.475,
                                "Actual Total Time": 232.478,
                                "Actual Rows": 1,
                                "Actual Loops": 1
                            }
                        ],
                        "Plans": [
                            {
                                "Node Type": "Hash Join",
                                "Parent Relationship": "Outer",
                                "Parallel Aware": true,
                                "Join Type": "Inner",
                                "Startup Cost": 45628.91,
                                "Total Cost": 89207.42,
                                "Plan Rows": 6372,
                                "Plan Width": 0,
                                "Actual Startup Time": 105.534,
                                "Actual Total Time": 234.41,
                                "Actual Rows": 5397,
                                "Actual Loops": 4,
                                "Inner Unique": true,
                                "Hash Cond": "(mk.movie_id = t.id)",
                                "Workers": [
                                    {
                                        "Worker Number": 0,
                                        "Actual Startup Time": 102.119,
                                        "Actual Total Time": 231.009,
                                        "Actual Rows": 5170,
                                        "Actual Loops": 1
                                    },
                                    {
                                        "Worker Number": 1,
                                        "Actual Startup Time": 103.077,
                                        "Actual Total Time": 231.892,
                                        "Actual Rows": 3994,
                                        "Actual Loops": 1
                                    },
                                    {
                                        "Worker Number": 2,
                                        "Actual Startup Time": 103.25,
                                        "Actual Total Time": 232.158,
                                        "Actual Rows": 5330,
                                        "Actual Loops": 1
                                    }
                                ],
                                "Plans": [
                                    {
                                        "Node Type": "Seq Scan",
                                        "Parent Relationship": "Outer",
                                        "Parallel Aware": true,
                                        "Relation Name": "movie_keyword",
                                        "Schema": "public",
                                        "Alias": "mk",
                                        "Startup Cost": 0.0,
                                        "Total Cost": 42695.65,
                                        "Plan Rows": 336327,
                                        "Plan Width": 4,
                                        "Actual Startup Time": 1.223,
                                        "Actual Total Time": 107.214,
                                        "Actual Rows": 253864,
                                        "Actual Loops": 4,
                                        "Output": [
                                            "mk.id",
                                            "mk.movie_id",
                                            "mk.keyword_id"
                                        ],
                                        "Filter": "(mk.keyword_id > 17785)",
                                        "Rows Removed by Filter": 877118,
                                        "Workers": [
                                            {
                                                "Worker Number": 0,
                                                "Actual Startup Time": 1.26,
                                                "Actual Total Time": 108.004,
                                                "Actual Rows": 238932,
                                                "Actual Loops": 1
                                            },
                                            {
                                                "Worker Number": 1,
                                                "Actual Startup Time": 1.192,
                                                "Actual Total Time": 107.914,
                                                "Actual Rows": 169171,
                                                "Actual Loops": 1
                                            },
                                            {
                                                "Worker Number": 2,
                                                "Actual Startup Time": 1.232,
                                                "Actual Total Time": 108.704,
                                                "Actual Rows": 255818,
                                                "Actual Loops": 1
                                            }
                                        ]
                                    },
                                    {
                                        "Node Type": "Hash",
                                        "Parent Relationship": "Inner",
                                        "Parallel Aware": true,
                                        "Startup Cost": 45479.21,
                                        "Total Cost": 45479.21,
                                        "Plan Rows": 11976,
                                        "Plan Width": 4,
                                        "Actual Startup Time": 102.343,
                                        "Actual Total Time": 102.344,
                                        "Actual Rows": 10691,
                                        "Actual Loops": 4,
                                        "Output": [
                                            "t.id"
                                        ],
                                        "Hash Buckets": 65536,
                                        "Original Hash Buckets": 65536,
                                        "Hash Batches": 1,
                                        "Original Hash Batches": 1,
                                        "Peak Memory Usage": 2240,
                                        "Workers": [
                                            {
                                                "Worker Number": 0,
                                                "Actual Startup Time": 99.878,
                                                "Actual Total Time": 99.879,
                                                "Actual Rows": 9909,
                                                "Actual Loops": 1
                                            },
                                            {
                                                "Worker Number": 1,
                                                "Actual Startup Time": 100.763,
                                                "Actual Total Time": 100.764,
                                                "Actual Rows": 7258,
                                                "Actual Loops": 1
                                            },
                                            {
                                                "Worker Number": 2,
                                                "Actual Startup Time": 101.023,
                                                "Actual Total Time": 101.024,
                                                "Actual Rows": 10939,
                                                "Actual Loops": 1
                                            }
                                        ],
                                        "Plans": [
                                            {
                                                "Node Type": "Seq Scan",
                                                "Parent Relationship": "Outer",
                                                "Parallel Aware": true,
                                                "Relation Name": "title",
                                                "Schema": "public",
                                                "Alias": "t",
                                                "Startup Cost": 0.0,
                                                "Total Cost": 45479.21,
                                                "Plan Rows": 11976,
                                                "Plan Width": 4,
                                                "Actual Startup Time": 0.255,
                                                "Actual Total Time": 97.959,
                                                "Actual Rows": 10691,
                                                "Actual Loops": 4,
                                                "Output": [
                                                    "t.id"
                                                ],
                                                "Filter": "((t.kind_id < 3) AND (t.production_year = 2011))",
                                                "Rows Removed by Filter": 621387,
                                                "Workers": [
                                                    {
                                                        "Worker Number": 0,
                                                        "Actual Startup Time": 0.632,
                                                        "Actual Total Time": 95.4,
                                                        "Actual Rows": 9909,
                                                        "Actual Loops": 1
                                                    },
                                                    {
                                                        "Worker Number": 1,
                                                        "Actual Startup Time": 0.196,
                                                        "Actual Total Time": 96.345,
                                                        "Actual Rows": 7258,
                                                        "Actual Loops": 1
                                                    },
                                                    {
                                                        "Worker Number": 2,
                                                        "Actual Startup Time": 0.076,
                                                        "Actual Total Time": 96.628,
                                                        "Actual Rows": 10939,
                                                        "Actual Loops": 1
                                                    }
                                                ]
                                            }
                                        ]
                                    }
                                ]
                            }
                        ]
                    }
                ]
            }
        ]
    },
    "Planning Time": 0.701,
    "Triggers": [],
    "Execution Time": 267.522
}