[
  {
    "Plan": {
      "Node Type": "Aggregate",
      "Strategy": "Plain",
      "Partial Mode": "Finalize",
      "Parallel Aware": false,
      "Startup Cost": 82741.69,
      "Total Cost": 82741.7,
      "Plan Rows": 1,
      "Plan Width": 8,
      "Actual Startup Time": 108.233,
      "Actual Total Time": 124.665,
      "Actual Rows": 1,
      "Actual Loops": 1,
      "Plans": [
        {
          "Node Type": "Gather",
          "Parent Relationship": "Outer",
          "Parallel Aware": false,
          "Startup Cost": 82741.27,
          "Total Cost": 82741.68,
          "Plan Rows": 4,
          "Plan Width": 8,
          "Actual Startup Time": 108.045,
          "Actual Total Time": 124.656,
          "Actual Rows": 5,
          "Actual Loops": 1,
          "Workers Planned": 4,
          "Workers Launched": 4,
          "Single Copy": false,
          "Plans": [
            {
              "Node Type": "Aggregate",
              "Strategy": "Plain",
              "Partial Mode": "Partial",
              "Parent Relationship": "Outer",
              "Parallel Aware": false,
              "Startup Cost": 81741.27,
              "Total Cost": 81741.28,
              "Plan Rows": 1,
              "Plan Width": 8,
              "Actual Startup Time": 101.597,
              "Actual Total Time": 101.599,
              "Actual Rows": 1,
              "Actual Loops": 5,
              "Plans": [
                {
                  "Node Type": "Nested Loop",
                  "Parent Relationship": "Outer",
                  "Parallel Aware": false,
                  "Join Type": "Inner",
                  "Startup Cost": 0.43,
                  "Total Cost": 81739.03,
                  "Plan Rows": 895,
                  "Plan Width": 0,
                  "Actual Startup Time": 53.944,
                  "Actual Total Time": 101.217,
                  "Actual Rows": 5275,
                  "Actual Loops": 5,
                  "Inner Unique": false,
                  "Plans": [
                    {
                      "Node Type": "Seq Scan",
                      "Parent Relationship": "Outer",
                      "Parallel Aware": true,
                      "Relation Name": "title",
                      "Alias": "t",
                      "Startup Cost": 0.0,
                      "Total Cost": 45479.59,
                      "Plan Rows": 242,
                      "Plan Width": 4,
                      "Actual Startup Time": 53.83,
                      "Actual Total Time": 76.841,
                      "Actual Rows": 723,
                      "Actual Loops": 5,
                      "Filter": "((kind_id = 1) AND (production_year = 1919))",
                      "Rows Removed by Filter": 504940
                    },
                    {
                      "Node Type": "Index Scan",
                      "Parent Relationship": "Inner",
                      "Parallel Aware": false,
                      "Scan Direction": "Forward",
                      "Index Name": "movie_id_movie_info",
                      "Relation Name": "movie_info",
                      "Alias": "mi",
                      "Startup Cost": 0.43,
                      "Total Cost": 149.57,
                      "Plan Rows": 26,
                      "Plan Width": 4,
                      "Actual Startup Time": 0.014,
                      "Actual Total Time": 0.033,
                      "Actual Rows": 7,
                      "Actual Loops": 3613,
                      "Index Cond": "(movie_id = t.id)",
                      "Rows Removed by Index Recheck": 0,
                      "Filter": "(info_type_id > 5)",
                      "Rows Removed by Filter": 3
                    }
                  ]
                }
              ]
            }
          ]
        }
      ]
    },
    "Planning Time": 0.708,
    "Triggers": [],
    "Execution Time": 124.739
  }
]