[
  {
    "Plan": {
      "Node Type": "Aggregate",
      "Strategy": "Plain",
      "Partial Mode": "Simple",
      "Parallel Aware": false,
      "Startup Cost": 4127.39,
      "Total Cost": 4127.4,
      "Plan Rows": 1,
      "Plan Width": 96,
      "Actual Startup Time": 2715.438,
      "Actual Total Time": 2715.442,
      "Actual Rows": 1,
      "Actual Loops": 1,
      "Output": [
        "min(k.keyword)",
        "min(n.name)",
        "min(t.title)"
      ],
      "Plans": [
        {
          "Node Type": "Nested Loop",
          "Parent Relationship": "Outer",
          "Parallel Aware": false,
          "Join Type": "Inner",
          "Startup Cost": 12.23,
          "Total Cost": 4127.38,
          "Plan Rows": 1,
          "Plan Width": 48,
          "Actual Startup Time": 23.201,
          "Actual Total Time": 2715.044,
          "Actual Rows": 417,
          "Actual Loops": 1,
          "Output": [
            "k.keyword",
            "n.name",
            "t.title"
          ],
          "Inner Unique": true,
          "Plans": [
            {
              "Node Type": "Nested Loop",
              "Parent Relationship": "Outer",
              "Parallel Aware": false,
              "Join Type": "Inner",
              "Startup Cost": 11.8,
              "Total Cost": 3816.54,
              "Plan Rows": 679,
              "Plan Width": 37,
              "Actual Startup Time": 11.461,
              "Actual Total Time": 1291.623,
              "Actual Rows": 137541,
              "Actual Loops": 1,
              "Output": [
                "ci.person_id",
                "k.keyword",
                "t.title"
              ],
              "Inner Unique": false,
              "Join Filter": "(t.id = ci.movie_id)",
              "Rows Removed by Join Filter": 0,
              "Plans": [
                {
                  "Node Type": "Nested Loop",
                  "Parent Relationship": "Outer",
                  "Parallel Aware": false,
                  "Join Type": "Inner",
                  "Startup Cost": 11.23,
                  "Total Cost": 3778.28,
                  "Plan Rows": 19,
                  "Plan Width": 41,
                  "Actual Startup Time": 11.195,
                  "Actual Total Time": 247.525,
                  "Actual Rows": 3124,
                  "Actual Loops": 1,
                  "Output": [
                    "k.keyword",
                    "mk.movie_id",
                    "t.title",
                    "t.id"
                  ],
                  "Inner Unique": true,
                  "Plans": [
                    {
                      "Node Type": "Nested Loop",
                      "Parent Relationship": "Outer",
                      "Parallel Aware": false,
                      "Join Type": "Inner",
                      "Startup Cost": 10.8,
                      "Total Cost": 3761.63,
                      "Plan Rows": 34,
                      "Plan Width": 20,
                      "Actual Startup Time": 10.947,
                      "Actual Total Time": 84.218,
                      "Actual Rows": 10544,
                      "Actual Loops": 1,
                      "Output": [
                        "k.keyword",
                        "mk.movie_id"
                      ],
                      "Inner Unique": false,
                      "Plans": [
                        {
                          "Node Type": "Seq Scan",
                          "Parent Relationship": "Outer",
                          "Parallel Aware": false,
                          "Relation Name": "keyword",
                          "Schema": "public",
                          "Alias": "k",
                          "Startup Cost": 0.0,
                          "Total Cost": 2626.12,
                          "Plan Rows": 1,
                          "Plan Width": 20,
                          "Actual Startup Time": 3.061,
                          "Actual Total Time": 12.638,
                          "Actual Rows": 1,
                          "Actual Loops": 1,
                          "Output": [
                            "k.id",
                            "k.keyword",
                            "k.phonetic_code"
                          ],
                          "Filter": "(k.keyword = 'sequel'::text)",
                          "Rows Removed by Filter": 134169
                        },
                        {
                          "Node Type": "Bitmap Heap Scan",
                          "Parent Relationship": "Inner",
                          "Parallel Aware": false,
                          "Relation Name": "movie_keyword",
                          "Schema": "public",
                          "Alias": "mk",
                          "Startup Cost": 10.8,
                          "Total Cost": 1132.44,
                          "Plan Rows": 306,
                          "Plan Width": 8,
                          "Actual Startup Time": 7.868,
                          "Actual Total Time": 68.557,
                          "Actual Rows": 10544,
                          "Actual Loops": 1,
                          "Output": [
                            "mk.id",
                            "mk.movie_id",
                            "mk.keyword_id"
                          ],
                          "Recheck Cond": "(mk.keyword_id = k.id)",
                          "Rows Removed by Index Recheck": 0,
                          "Exact Heap Blocks": 5570,
                          "Lossy Heap Blocks": 0,
                          "Plans": [
                            {
                              "Node Type": "Bitmap Index Scan",
                              "Parent Relationship": "Outer",
                              "Parallel Aware": false,
                              "Index Name": "keyword_id_movie_keyword",
                              "Startup Cost": 0.0,
                              "Total Cost": 10.73,
                              "Plan Rows": 306,
                              "Plan Width": 0,
                              "Actual Startup Time": 4.632,
                              "Actual Total Time": 4.633,
                              "Actual Rows": 10544,
                              "Actual Loops": 1,
                              "Index Cond": "(mk.keyword_id = k.id)"
                            }
                          ]
                        }
                      ]
                    },
                    {
                      "Node Type": "Index Scan",
                      "Parent Relationship": "Inner",
                      "Parallel Aware": false,
                      "Scan Direction": "Forward",
                      "Index Name": "title_pkey",
                      "Relation Name": "title",
                      "Schema": "public",
                      "Alias": "t",
                      "Startup Cost": 0.43,
                      "Total Cost": 0.49,
                      "Plan Rows": 1,
                      "Plan Width": 21,
                      "Actual Startup Time": 0.015,
                      "Actual Total Time": 0.015,
                      "Actual Rows": 0,
                      "Actual Loops": 10544,
                      "Output": [
                        "t.id",
                        "t.title",
                        "t.imdb_index",
                        "t.kind_id",
                        "t.production_year",
                        "t.imdb_id",
                        "t.phonetic_code",
                        "t.episode_of_id",
                        "t.season_nr",
                        "t.episode_nr",
                        "t.series_years",
                        "t.md5sum"
                      ],
                      "Index Cond": "(t.id = mk.movie_id)",
                      "Rows Removed by Index Recheck": 0,
                      "Filter": "(t.production_year > 2000)",
                      "Rows Removed by Filter": 1
                    }
                  ]
                },
                {
                  "Node Type": "Index Scan",
                  "Parent Relationship": "Inner",
                  "Parallel Aware": false,
                  "Scan Direction": "Forward",
                  "Index Name": "movie_id_cast_info",
                  "Relation Name": "cast_info",
                  "Schema": "public",
                  "Alias": "ci",
                  "Startup Cost": 0.56,
                  "Total Cost": 1.55,
                  "Plan Rows": 37,
                  "Plan Width": 8,
                  "Actual Startup Time": 0.024,
                  "Actual Total Time": 0.321,
                  "Actual Rows": 44,
                  "Actual Loops": 3124,
                  "Output": [
                    "ci.id",
                    "ci.person_id",
                    "ci.movie_id",
                    "ci.person_role_id",
                    "ci.note",
                    "ci.nr_order",
                    "ci.role_id"
                  ],
                  "Index Cond": "(ci.movie_id = mk.movie_id)",
                  "Rows Removed by Index Recheck": 0
                }
              ]
            },
            {
              "Node Type": "Index Scan",
              "Parent Relationship": "Inner",
              "Parallel Aware": false,
              "Scan Direction": "Forward",
              "Index Name": "name_pkey",
              "Relation Name": "name",
              "Schema": "public",
              "Alias": "n",
              "Startup Cost": 0.43,
              "Total Cost": 0.46,
              "Plan Rows": 1,
              "Plan Width": 19,
              "Actual Startup Time": 0.01,
              "Actual Total Time": 0.01,
              "Actual Rows": 0,
              "Actual Loops": 137541,
              "Output": [
                "n.id",
                "n.name",
                "n.imdb_index",
                "n.imdb_id",
                "n.gender",
                "n.name_pcode_cf",
                "n.name_pcode_nf",
                "n.surname_pcode",
                "n.md5sum"
              ],
              "Index Cond": "(n.id = ci.person_id)",
              "Rows Removed by Index Recheck": 0,
              "Filter": "(n.name ~~ '%Johnson,%'::text)",
              "Rows Removed by Filter": 1
            }
          ]
        }
      ]
    },
    "Planning Time": 42485.895,
    "Triggers": [],
    "Execution Time": 2715.88
  }
]