{
  "Plan": {
    "Node Type": "Aggregate",
    "Strategy": "Plain",
    "Partial Mode": "Finalize",
    "Parallel Aware": false,
    "Startup Cost": 47781.2,
    "Total Cost": 47781.21,
    "Plan Rows": 1,
    "Plan Width": 8,
    "Actual Startup Time": 48.851,
    "Actual Total Time": 56.121,
    "Actual Rows": 1,
    "Actual Loops": 1,
    "Plans": [
      {
        "Node Type": "Gather",
        "Parent Relationship": "Outer",
        "Parallel Aware": false,
        "Startup Cost": 47781.09,
        "Total Cost": 47781.2,
        "Plan Rows": 1,
        "Plan Width": 8,
        "Actual Startup Time": 48.759,
        "Actual Total Time": 56.115,
        "Actual Rows": 2,
        "Actual Loops": 1,
        "Workers Planned": 1,
        "Workers Launched": 1,
        "Single Copy": false,
        "Plans": [
          {
            "Node Type": "Aggregate",
            "Strategy": "Plain",
            "Partial Mode": "Partial",
            "Parent Relationship": "Outer",
            "Parallel Aware": false,
            "Startup Cost": 46781.09,
            "Total Cost": 46781.1,
            "Plan Rows": 1,
            "Plan Width": 8,
            "Actual Startup Time": 42.917,
            "Actual Total Time": 42.918,
            "Actual Rows": 1,
            "Actual Loops": 2,
            "Plans": [
              {
                "Node Type": "Nested Loop",
                "Parent Relationship": "Outer",
                "Parallel Aware": false,
                "Join Type": "Inner",
                "Startup Cost": 163.3,
                "Total Cost": 46770.0,
                "Plan Rows": 4435,
                "Plan Width": 0,
                "Actual Startup Time": 4.109,
                "Actual Total Time": 42.467,
                "Actual Rows": 3390,
                "Actual Loops": 2,
                "Inner Unique": true,
                "Plans": [
                  {
                    "Node Type": "Bitmap Heap Scan",
                    "Parent Relationship": "Outer",
                    "Parallel Aware": true,
                    "Relation Name": "movie_keyword",
                    "Alias": "mk",
                    "Startup Cost": 162.87,
                    "Total Cost": 16220.17,
                    "Plan Rows": 4435,
                    "Plan Width": 4,
                    "Actual Startup Time": 3.983,
                    "Actual Total Time": 14.765,
                    "Actual Rows": 3390,
                    "Actual Loops": 2,
                    "Recheck Cond": "(keyword_id = 1135)",
                    "Rows Removed by Index Recheck": 0,
                    "Exact Heap Blocks": 4817,
                    "Lossy Heap Blocks": 0,
                    "Plans": [
                      {
                        "Node Type": "Bitmap Index Scan",
                        "Parent Relationship": "Outer",
                        "Parallel Aware": false,
                        "Index Name": "keyword_id_movie_keyword",
                        "Startup Cost": 0.0,
                        "Total Cost": 160.98,
                        "Plan Rows": 7540,
                        "Plan Width": 0,
                        "Actual Startup Time": 4.786,
                        "Actual Total Time": 4.786,
                        "Actual Rows": 6780,
                        "Actual Loops": 1,
                        "Index Cond": "(keyword_id = 1135)"
                      }
                    ]
                  },
                  {
                    "Node Type": "Index Only Scan",
                    "Parent Relationship": "Inner",
                    "Parallel Aware": false,
                    "Scan Direction": "Forward",
                    "Index Name": "title_pkey",
                    "Relation Name": "title",
                    "Alias": "t",
                    "Startup Cost": 0.43,
                    "Total Cost": 6.89,
                    "Plan Rows": 1,
                    "Plan Width": 4,
                    "Actual Startup Time": 0.008,
                    "Actual Total Time": 0.008,
                    "Actual Rows": 1,
                    "Actual Loops": 6780,
                    "Index Cond": "(id = mk.movie_id)",
                    "Rows Removed by Index Recheck": 0,
                    "Heap Fetches": 6780
                  }
                ]
              }
            ]
          }
        ]
      }
    ]
  },
  "Planning Time": 0.578,
  "Triggers": [],
  "Execution Time": 56.203
}