{
    "Plan": {
        "Node Type": "Aggregate",
        "Strategy": "Plain",
        "Partial Mode": "Simple",
        "Parallel Aware": false,
        "Startup Cost": 60002964910.39,
        "Total Cost": 60002964910.4,
        "Plan Rows": 1,
        "Plan Width": 96,
        "Actual Startup Time": 81068.194,
        "Actual Total Time": 81068.491,
        "Actual Rows": 1,
        "Actual Loops": 1,
        "Output": [
            "min(chn.name)",
            "min(n.name)",
            "min(t.title)"
        ],
        "Plans": [
            {
                "Node Type": "Nested Loop",
                "Parent Relationship": "Outer",
                "Parallel Aware": false,
                "Join Type": "Inner",
                "Startup Cost": 60002870360.7,
                "Total Cost": 60002964910.38,
                "Plan Rows": 1,
                "Plan Width": 48,
                "Actual Startup Time": 81068.07,
                "Actual Total Time": 81068.462,
                "Actual Rows": 60,
                "Actual Loops": 1,
                "Output": [
                    "chn.name",
                    "n.name",
                    "t.title"
                ],
                "Inner Unique": false,
                "Join Filter": "(n.id = an.person_id)",
                "Rows Removed by Join Filter": 0,
                "Plans": [
                    {
                        "Node Type": "Merge Join",
                        "Parent Relationship": "Outer",
                        "Parallel Aware": false,
                        "Join Type": "Inner",
                        "Startup Cost": 50002870360.24,
                        "Total Cost": 50002964905.87,
                        "Plan Rows": 1,
                        "Plan Width": 56,
                        "Actual Startup Time": 81067.965,
                        "Actual Total Time": 81068.265,
                        "Actual Rows": 12,
                        "Actual Loops": 1,
                        "Output": [
                            "chn.name",
                            "ci.person_id",
                            "n.name",
                            "n.id",
                            "t.title"
                        ],
                        "Inner Unique": false,
                        "Merge Cond": "(t.id = mi.movie_id)",
                        "Plans": [
                            {
                                "Node Type": "Gather Merge",
                                "Parent Relationship": "Outer",
                                "Parallel Aware": false,
                                "Startup Cost": 1000.49,
                                "Total Cost": 95545.98,
                                "Plan Rows": 49,
                                "Plan Width": 21,
                                "Actual Startup Time": 459.525,
                                "Actual Total Time": 459.641,
                                "Actual Rows": 6,
                                "Actual Loops": 1,
                                "Output": [
                                    "t.title",
                                    "t.id"
                                ],
                                "Workers Planned": 4,
                                "Workers Launched": 4,
                                "Plans": [
                                    {
                                        "Node Type": "Index Scan",
                                        "Parent Relationship": "Outer",
                                        "Parallel Aware": true,
                                        "Scan Direction": "Forward",
                                        "Index Name": "title_pkey",
                                        "Relation Name": "title",
                                        "Schema": "public",
                                        "Alias": "t",
                                        "Startup Cost": 0.43,
                                        "Total Cost": 94540.09,
                                        "Plan Rows": 12,
                                        "Plan Width": 21,
                                        "Actual Startup Time": 241.143,
                                        "Actual Total Time": 449.465,
                                        "Actual Rows": 2,
                                        "Actual Loops": 5,
                                        "Output": [
                                            "t.title",
                                            "t.id"
                                        ],
                                        "Filter": "((t.title ~~ 'Kung Fu Panda%'::text) AND (t.production_year > 2009))",
                                        "Rows Removed by Filter": 505661,
                                        "Workers": [
                                            {
                                                "Worker Number": 0,
                                                "Actual Startup Time": 138.633,
                                                "Actual Total Time": 447.05,
                                                "Actual Rows": 1,
                                                "Actual Loops": 1
                                            },
                                            {
                                                "Worker Number": 1,
                                                "Actual Startup Time": 113.017,
                                                "Actual Total Time": 447.112,
                                                "Actual Rows": 2,
                                                "Actual Loops": 1
                                            },
                                            {
                                                "Worker Number": 2,
                                                "Actual Startup Time": 363.021,
                                                "Actual Total Time": 446.997,
                                                "Actual Rows": 5,
                                                "Actual Loops": 1
                                            },
                                            {
                                                "Worker Number": 3,
                                                "Actual Startup Time": 131.973,
                                                "Actual Total Time": 447.093,
                                                "Actual Rows": 1,
                                                "Actual Loops": 1
                                            }
                                        ]
                                    }
                                ]
                            },
                            {
                                "Node Type": "Sort",
                                "Parent Relationship": "Inner",
                                "Parallel Aware": false,
                                "Startup Cost": 50002869359.75,
                                "Total Cost": 50002869359.76,
                                "Plan Rows": 1,
                                "Plan Width": 55,
                                "Actual Startup Time": 80608.425,
                                "Actual Total Time": 80608.607,
                                "Actual Rows": 12,
                                "Actual Loops": 1,
                                "Output": [
                                    "chn.name",
                                    "ci.movie_id",
                                    "ci.person_id",
                                    "mc.movie_id",
                                    "mi.movie_id",
                                    "mk.movie_id",
                                    "n.name",
                                    "n.id"
                                ],
                                "Sort Key": [
                                    "ci.movie_id"
                                ],
                                "Sort Method": "quicksort",
                                "Sort Space Used": 25,
                                "Sort Space Type": "Memory",
                                "Plans": [
                                    {
                                        "Node Type": "Hash Join",
                                        "Parent Relationship": "Outer",
                                        "Parallel Aware": false,
                                        "Join Type": "Inner",
                                        "Startup Cost": 50002869176.07,
                                        "Total Cost": 50002869359.74,
                                        "Plan Rows": 1,
                                        "Plan Width": 55,
                                        "Actual Startup Time": 80605.237,
                                        "Actual Total Time": 80608.554,
                                        "Actual Rows": 12,
                                        "Actual Loops": 1,
                                        "Output": [
                                            "chn.name",
                                            "ci.movie_id",
                                            "ci.person_id",
                                            "mc.movie_id",
                                            "mi.movie_id",
                                            "mk.movie_id",
                                            "n.name",
                                            "n.id"
                                        ],
                                        "Inner Unique": true,
                                        "Hash Cond": "(mk.keyword_id = k.id)",
                                        "Plans": [
                                            {
                                                "Node Type": "Merge Join",
                                                "Parent Relationship": "Outer",
                                                "Parallel Aware": false,
                                                "Join Type": "Inner",
                                                "Startup Cost": 50002863497.67,
                                                "Total Cost": 50002863681.34,
                                                "Plan Rows": 1,
                                                "Plan Width": 59,
                                                "Actual Startup Time": 80529.409,
                                                "Actual Total Time": 80532.727,
                                                "Actual Rows": 264,
                                                "Actual Loops": 1,
                                                "Output": [
                                                    "chn.name",
                                                    "ci.movie_id",
                                                    "ci.person_id",
                                                    "mc.movie_id",
                                                    "mi.movie_id",
                                                    "mk.movie_id",
                                                    "mk.keyword_id",
                                                    "n.name",
                                                    "n.id"
                                                ],
                                                "Inner Unique": false,
                                                "Merge Cond": "(n.id = ci.person_id)",
                                                "Plans": [
                                                    {
                                                        "Node Type": "Sort",
                                                        "Parent Relationship": "Outer",
                                                        "Parallel Aware": false,
                                                        "Startup Cost": 78896.73,
                                                        "Total Cost": 78991.25,
                                                        "Plan Rows": 37808,
                                                        "Plan Width": 19,
                                                        "Actual Startup Time": 240.908,
                                                        "Actual Total Time": 244.6,
                                                        "Actual Rows": 49498,
                                                        "Actual Loops": 1,
                                                        "Output": [
                                                            "n.name",
                                                            "n.id"
                                                        ],
                                                        "Sort Key": [
                                                            "n.id"
                                                        ],
                                                        "Sort Method": "quicksort",
                                                        "Sort Space Used": 5246,
                                                        "Sort Space Type": "Memory",
                                                        "Plans": [
                                                            {
                                                                "Node Type": "Gather",
                                                                "Parent Relationship": "Outer",
                                                                "Parallel Aware": false,
                                                                "Startup Cost": 1000.0,
                                                                "Total Cost": 76022.11,
                                                                "Plan Rows": 37808,
                                                                "Plan Width": 19,
                                                                "Actual Startup Time": 106.572,
                                                                "Actual Total Time": 227.496,
                                                                "Actual Rows": 50011,
                                                                "Actual Loops": 1,
                                                                "Output": [
                                                                    "n.name",
                                                                    "n.id"
                                                                ],
                                                                "Workers Planned": 4,
                                                                "Workers Launched": 4,
                                                                "Single Copy": false,
                                                                "Plans": [
                                                                    {
                                                                        "Node Type": "Seq Scan",
                                                                        "Parent Relationship": "Outer",
                                                                        "Parallel Aware": true,
                                                                        "Relation Name": "name",
                                                                        "Schema": "public",
                                                                        "Alias": "n",
                                                                        "Startup Cost": 0.0,
                                                                        "Total Cost": 71241.31,
                                                                        "Plan Rows": 9452,
                                                                        "Plan Width": 19,
                                                                        "Actual Startup Time": 97.662,
                                                                        "Actual Total Time": 217.569,
                                                                        "Actual Rows": 10002,
                                                                        "Actual Loops": 5,
                                                                        "Output": [
                                                                            "n.name",
                                                                            "n.id"
                                                                        ],
                                                                        "Filter": "((n.name ~~ '%An%'::text) AND ((n.gender)::text = 'f'::text))",
                                                                        "Rows Removed by Filter": 823496,
                                                                        "Workers": [
                                                                            {
                                                                                "Worker Number": 0,
                                                                                "Actual Startup Time": 94.535,
                                                                                "Actual Total Time": 217.653,
                                                                                "Actual Rows": 10527,
                                                                                "Actual Loops": 1
                                                                            },
                                                                            {
                                                                                "Worker Number": 1,
                                                                                "Actual Startup Time": 95.503,
                                                                                "Actual Total Time": 217.309,
                                                                                "Actual Rows": 10083,
                                                                                "Actual Loops": 1
                                                                            },
                                                                            {
                                                                                "Worker Number": 2,
                                                                                "Actual Startup Time": 95.369,
                                                                                "Actual Total Time": 218.522,
                                                                                "Actual Rows": 10617,
                                                                                "Actual Loops": 1
                                                                            },
                                                                            {
                                                                                "Worker Number": 3,
                                                                                "Actual Startup Time": 96.75,
                                                                                "Actual Total Time": 218.619,
                                                                                "Actual Rows": 9887,
                                                                                "Actual Loops": 1
                                                                            }
                                                                        ]
                                                                    }
                                                                ]
                                                            }
                                                        ]
                                                    },
                                                    {
                                                        "Node Type": "Sort",
                                                        "Parent Relationship": "Inner",
                                                        "Parallel Aware": false,
                                                        "Startup Cost": 50002784600.93,
                                                        "Total Cost": 50002784600.93,
                                                        "Plan Rows": 1,
                                                        "Plan Width": 40,
                                                        "Actual Startup Time": 80284.882,
                                                        "Actual Total Time": 80285.085,
                                                        "Actual Rows": 2122,
                                                        "Actual Loops": 1,
                                                        "Output": [
                                                            "chn.name",
                                                            "ci.movie_id",
                                                            "ci.person_id",
                                                            "mc.movie_id",
                                                            "mi.movie_id",
                                                            "mk.movie_id",
                                                            "mk.keyword_id"
                                                        ],
                                                        "Sort Key": [
                                                            "ci.person_id"
                                                        ],
                                                        "Sort Method": "quicksort",
                                                        "Sort Space Used": 262,
                                                        "Sort Space Type": "Memory",
                                                        "Plans": [
                                                            {
                                                                "Node Type": "Gather Merge",
                                                                "Parent Relationship": "Outer",
                                                                "Parallel Aware": false,
                                                                "Startup Cost": 50002662716.81,
                                                                "Total Cost": 50002784600.92,
                                                                "Plan Rows": 1,
                                                                "Plan Width": 40,
                                                                "Actual Startup Time": 45094.591,
                                                                "Actual Total Time": 80283.644,
                                                                "Actual Rows": 2122,
                                                                "Actual Loops": 1,
                                                                "Output": [
                                                                    "chn.name",
                                                                    "ci.movie_id",
                                                                    "ci.person_id",
                                                                    "mc.movie_id",
                                                                    "mi.movie_id",
                                                                    "mk.movie_id",
                                                                    "mk.keyword_id"
                                                                ],
                                                                "Workers Planned": 6,
                                                                "Workers Launched": 3,
                                                                "Plans": [
                                                                    {
                                                                        "Node Type": "Nested Loop",
                                                                        "Parent Relationship": "Outer",
                                                                        "Parallel Aware": false,
                                                                        "Join Type": "Inner",
                                                                        "Startup Cost": 50002661716.71,
                                                                        "Total Cost": 50002783600.7,
                                                                        "Plan Rows": 1,
                                                                        "Plan Width": 40,
                                                                        "Actual Startup Time": 26219.047,
                                                                        "Actual Total Time": 49867.815,
                                                                        "Actual Rows": 530,
                                                                        "Actual Loops": 4,
                                                                        "Output": [
                                                                            "chn.name",
                                                                            "ci.movie_id",
                                                                            "ci.person_id",
                                                                            "mc.movie_id",
                                                                            "mi.movie_id",
                                                                            "mk.movie_id",
                                                                            "mk.keyword_id"
                                                                        ],
                                                                        "Inner Unique": true,
                                                                        "Workers": [
                                                                            {
                                                                                "Worker Number": 0,
                                                                                "Actual Startup Time": 15425.699,
                                                                                "Actual Total Time": 45681.634,
                                                                                "Actual Rows": 269,
                                                                                "Actual Loops": 1
                                                                            },
                                                                            {
                                                                                "Worker Number": 1,
                                                                                "Actual Startup Time": 15929.516,
                                                                                "Actual Total Time": 48928.316,
                                                                                "Actual Rows": 533,
                                                                                "Actual Loops": 1
                                                                            },
                                                                            {
                                                                                "Worker Number": 2,
                                                                                "Actual Startup Time": 45080.723,
                                                                                "Actual Total Time": 45080.742,
                                                                                "Actual Rows": 0,
                                                                                "Actual Loops": 1
                                                                            }
                                                                        ],
                                                                        "Plans": [
                                                                            {
                                                                                "Node Type": "Nested Loop",
                                                                                "Parent Relationship": "Outer",
                                                                                "Parallel Aware": false,
                                                                                "Join Type": "Inner",
                                                                                "Startup Cost": 40002661716.29,
                                                                                "Total Cost": 40002773894.19,
                                                                                "Plan Rows": 2182,
                                                                                "Plan Width": 44,
                                                                                "Actual Startup Time": 11468.003,
                                                                                "Actual Total Time": 42359.254,
                                                                                "Actual Rows": 1507289,
                                                                                "Actual Loops": 4,
                                                                                "Output": [
                                                                                    "chn.name",
                                                                                    "ci.movie_id",
                                                                                    "ci.person_id",
                                                                                    "mc.movie_id",
                                                                                    "mc.company_id",
                                                                                    "mi.movie_id",
                                                                                    "mk.movie_id",
                                                                                    "mk.keyword_id"
                                                                                ],
                                                                                "Inner Unique": true,
                                                                                "Workers": [
                                                                                    {
                                                                                        "Worker Number": 0,
                                                                                        "Actual Startup Time": 11398.872,
                                                                                        "Actual Total Time": 39113.188,
                                                                                        "Actual Rows": 1329037,
                                                                                        "Actual Loops": 1
                                                                                    },
                                                                                    {
                                                                                        "Worker Number": 1,
                                                                                        "Actual Startup Time": 11989.899,
                                                                                        "Actual Total Time": 41677.25,
                                                                                        "Actual Rows": 1447773,
                                                                                        "Actual Loops": 1
                                                                                    },
                                                                                    {
                                                                                        "Worker Number": 2,
                                                                                        "Actual Startup Time": 11780.682,
                                                                                        "Actual Total Time": 38728.434,
                                                                                        "Actual Rows": 1266174,
                                                                                        "Actual Loops": 1
                                                                                    }
                                                                                ],
                                                                                "Plans": [
                                                                                    {
                                                                                        "Node Type": "Nested Loop",
                                                                                        "Parent Relationship": "Outer",
                                                                                        "Parallel Aware": false,
                                                                                        "Join Type": "Inner",
                                                                                        "Startup Cost": 40002661715.86,
                                                                                        "Total Cost": 40002772422.91,
                                                                                        "Plan Rows": 2182,
                                                                                        "Plan Width": 32,
                                                                                        "Actual Startup Time": 11467.832,
                                                                                        "Actual Total Time": 39211.647,
                                                                                        "Actual Rows": 1681478,
                                                                                        "Actual Loops": 4,
                                                                                        "Output": [
                                                                                            "ci.movie_id",
                                                                                            "ci.person_id",
                                                                                            "ci.person_role_id",
                                                                                            "mc.movie_id",
                                                                                            "mc.company_id",
                                                                                            "mi.movie_id",
                                                                                            "mk.movie_id",
                                                                                            "mk.keyword_id"
                                                                                        ],
                                                                                        "Inner Unique": true,
                                                                                        "Workers": [
                                                                                            {
                                                                                                "Worker Number": 0,
                                                                                                "Actual Startup Time": 11398.795,
                                                                                                "Actual Total Time": 36336.009,
                                                                                                "Actual Rows": 1459965,
                                                                                                "Actual Loops": 1
                                                                                            },
                                                                                            {
                                                                                                "Worker Number": 1,
                                                                                                "Actual Startup Time": 11989.63,
                                                                                                "Actual Total Time": 38610.246,
                                                                                                "Actual Rows": 1690104,
                                                                                                "Actual Loops": 1
                                                                                            },
                                                                                            {
                                                                                                "Worker Number": 2,
                                                                                                "Actual Startup Time": 11780.376,
                                                                                                "Actual Total Time": 36067.301,
                                                                                                "Actual Rows": 1386532,
                                                                                                "Actual Loops": 1
                                                                                            }
                                                                                        ],
                                                                                        "Plans": [
                                                                                            {
                                                                                                "Node Type": "Merge Join",
                                                                                                "Parent Relationship": "Outer",
                                                                                                "Parallel Aware": false,
                                                                                                "Join Type": "Inner",
                                                                                                "Startup Cost": 30002661715.71,
                                                                                                "Total Cost": 30002663559.26,
                                                                                                "Plan Rows": 26178,
                                                                                                "Plan Width": 36,
                                                                                                "Actual Startup Time": 11467.255,
                                                                                                "Actual Total Time": 15226.527,
                                                                                                "Actual Rows": 6140042,
                                                                                                "Actual Loops": 4,
                                                                                                "Output": [
                                                                                                    "ci.movie_id",
                                                                                                    "ci.person_id",
                                                                                                    "ci.role_id",
                                                                                                    "ci.person_role_id",
                                                                                                    "mc.movie_id",
                                                                                                    "mc.company_id",
                                                                                                    "mi.movie_id",
                                                                                                    "mk.movie_id",
                                                                                                    "mk.keyword_id"
                                                                                                ],
                                                                                                "Inner Unique": false,
                                                                                                "Merge Cond": "(ci.movie_id = mi.movie_id)",
                                                                                                "Workers": [
                                                                                                    {
                                                                                                        "Worker Number": 0,
                                                                                                        "Actual Startup Time": 11397.926,
                                                                                                        "Actual Total Time": 14831.551,
                                                                                                        "Actual Rows": 5463830,
                                                                                                        "Actual Loops": 1
                                                                                                    },
                                                                                                    {
                                                                                                        "Worker Number": 1,
                                                                                                        "Actual Startup Time": 11989.112,
                                                                                                        "Actual Total Time": 15571.441,
                                                                                                        "Actual Rows": 5795246,
                                                                                                        "Actual Loops": 1
                                                                                                    },
                                                                                                    {
                                                                                                        "Worker Number": 2,
                                                                                                        "Actual Startup Time": 11779.491,
                                                                                                        "Actual Total Time": 15143.127,
                                                                                                        "Actual Rows": 5290648,
                                                                                                        "Actual Loops": 1
                                                                                                    }
                                                                                                ],
                                                                                                "Plans": [
                                                                                                    {
                                                                                                        "Node Type": "Sort",
                                                                                                        "Parent Relationship": "Outer",
                                                                                                        "Parallel Aware": false,
                                                                                                        "Startup Cost": 355301.89,
                                                                                                        "Total Cost": 355652.34,
                                                                                                        "Plan Rows": 140177,
                                                                                                        "Plan Width": 16,
                                                                                                        "Actual Startup Time": 1438.298,
                                                                                                        "Actual Total Time": 1467.817,
                                                                                                        "Actual Rows": 216868,
                                                                                                        "Actual Loops": 4,
                                                                                                        "Output": [
                                                                                                            "ci.movie_id",
                                                                                                            "ci.person_id",
                                                                                                            "ci.role_id",
                                                                                                            "ci.person_role_id"
                                                                                                        ],
                                                                                                        "Sort Key": [
                                                                                                            "ci.movie_id"
                                                                                                        ],
                                                                                                        "Sort Method": "quicksort",
                                                                                                        "Sort Space Used": 25086,
                                                                                                        "Sort Space Type": "Memory",
                                                                                                        "Workers": [
                                                                                                            {
                                                                                                                "Worker Number": 0,
                                                                                                                "Actual Startup Time": 1435.415,
                                                                                                                "Actual Total Time": 1462.059,
                                                                                                                "Actual Rows": 196417,
                                                                                                                "Actual Loops": 1
                                                                                                            },
                                                                                                            {
                                                                                                                "Worker Number": 1,
                                                                                                                "Actual Startup Time": 1435.965,
                                                                                                                "Actual Total Time": 1460.812,
                                                                                                                "Actual Rows": 198570,
                                                                                                                "Actual Loops": 1
                                                                                                            },
                                                                                                            {
                                                                                                                "Worker Number": 2,
                                                                                                                "Actual Startup Time": 1436.638,
                                                                                                                "Actual Total Time": 1465.421,
                                                                                                                "Actual Rows": 199482,
                                                                                                                "Actual Loops": 1
                                                                                                            }
                                                                                                        ],
                                                                                                        "Plans": [
                                                                                                            {
                                                                                                                "Node Type": "Seq Scan",
                                                                                                                "Parent Relationship": "Outer",
                                                                                                                "Parallel Aware": true,
                                                                                                                "Relation Name": "cast_info",
                                                                                                                "Schema": "public",
                                                                                                                "Alias": "ci",
                                                                                                                "Startup Cost": 0.0,
                                                                                                                "Total Cost": 343318.94,
                                                                                                                "Plan Rows": 140177,
                                                                                                                "Plan Width": 16,
                                                                                                                "Actual Startup Time": 0.181,
                                                                                                                "Actual Total Time": 1358.267,
                                                                                                                "Actual Rows": 216869,
                                                                                                                "Actual Loops": 4,
                                                                                                                "Output": [
                                                                                                                    "ci.movie_id",
                                                                                                                    "ci.person_id",
                                                                                                                    "ci.role_id",
                                                                                                                    "ci.person_role_id"
                                                                                                                ],
                                                                                                                "Filter": "(ci.note = ANY ('{(voice),\"(voice: Japanese version)\",\"(voice) (uncredited)\",\"(voice: English version)\"}'::text[]))",
                                                                                                                "Rows Removed by Filter": 8844217,
                                                                                                                "Workers": [
                                                                                                                    {
                                                                                                                        "Worker Number": 0,
                                                                                                                        "Actual Startup Time": 0.092,
                                                                                                                        "Actual Total Time": 1351.958,
                                                                                                                        "Actual Rows": 196417,
                                                                                                                        "Actual Loops": 1
                                                                                                                    },
                                                                                                                    {
                                                                                                                        "Worker Number": 1,
                                                                                                                        "Actual Startup Time": 0.1,
                                                                                                                        "Actual Total Time": 1352.358,
                                                                                                                        "Actual Rows": 198571,
                                                                                                                        "Actual Loops": 1
                                                                                                                    },
                                                                                                                    {
                                                                                                                        "Worker Number": 2,
                                                                                                                        "Actual Startup Time": 0.515,
                                                                                                                        "Actual Total Time": 1352.528,
                                                                                                                        "Actual Rows": 199484,
                                                                                                                        "Actual Loops": 1
                                                                                                                    }
                                                                                                                ]
                                                                                                            }
                                                                                                        ]
                                                                                                    },
                                                                                                    {
                                                                                                        "Node Type": "Sort",
                                                                                                        "Parent Relationship": "Inner",
                                                                                                        "Parallel Aware": false,
                                                                                                        "Startup Cost": 30002306413.75,
                                                                                                        "Total Cost": 30002306854.36,
                                                                                                        "Plan Rows": 176246,
                                                                                                        "Plan Width": 20,
                                                                                                        "Actual Startup Time": 10028.13,
                                                                                                        "Actual Total Time": 11610.81,
                                                                                                        "Actual Rows": 20599428,
                                                                                                        "Actual Loops": 4,
                                                                                                        "Output": [
                                                                                                            "mi.movie_id",
                                                                                                            "mc.movie_id",
                                                                                                            "mc.company_id",
                                                                                                            "mk.movie_id",
                                                                                                            "mk.keyword_id"
                                                                                                        ],
                                                                                                        "Sort Key": [
                                                                                                            "mi.movie_id"
                                                                                                        ],
                                                                                                        "Sort Method": "quicksort",
                                                                                                        "Sort Space Used": 1649174,
                                                                                                        "Sort Space Type": "Memory",
                                                                                                        "Workers": [
                                                                                                            {
                                                                                                                "Worker Number": 0,
                                                                                                                "Actual Startup Time": 9960.92,
                                                                                                                "Actual Total Time": 11381.797,
                                                                                                                "Actual Rows": 20065688,
                                                                                                                "Actual Loops": 1
                                                                                                            },
                                                                                                            {
                                                                                                                "Worker Number": 1,
                                                                                                                "Actual Startup Time": 10552.563,
                                                                                                                "Actual Total Time": 12045.891,
                                                                                                                "Actual Rows": 20305546,
                                                                                                                "Actual Loops": 1
                                                                                                            },
                                                                                                            {
                                                                                                                "Worker Number": 2,
                                                                                                                "Actual Startup Time": 10342.28,
                                                                                                                "Actual Total Time": 11713.284,
                                                                                                                "Actual Rows": 19896770,
                                                                                                                "Actual Loops": 1
                                                                                                            }
                                                                                                        ],
                                                                                                        "Plans": [
                                                                                                            {
                                                                                                                "Node Type": "Hash Join",
                                                                                                                "Parent Relationship": "Outer",
                                                                                                                "Parallel Aware": false,
                                                                                                                "Join Type": "Inner",
                                                                                                                "Startup Cost": 30000749323.34,
                                                                                                                "Total Cost": 30002291056.35,
                                                                                                                "Plan Rows": 176246,
                                                                                                                "Plan Width": 20,
                                                                                                                "Actual Startup Time": 3498.204,
                                                                                                                "Actual Total Time": 5816.943,
                                                                                                                "Actual Rows": 16076253,
                                                                                                                "Actual Loops": 4,
                                                                                                                "Output": [
                                                                                                                    "mi.movie_id",
                                                                                                                    "mc.movie_id",
                                                                                                                    "mc.company_id",
                                                                                                                    "mk.movie_id",
                                                                                                                    "mk.keyword_id"
                                                                                                                ],
                                                                                                                "Inner Unique": false,
                                                                                                                "Hash Cond": "(mk.movie_id = mi.movie_id)",
                                                                                                                "Workers": [
                                                                                                                    {
                                                                                                                        "Worker Number": 0,
                                                                                                                        "Actual Startup Time": 3531.979,
                                                                                                                        "Actual Total Time": 5793.939,
                                                                                                                        "Actual Rows": 16076253,
                                                                                                                        "Actual Loops": 1
                                                                                                                    },
                                                                                                                    {
                                                                                                                        "Worker Number": 1,
                                                                                                                        "Actual Startup Time": 3477.371,
                                                                                                                        "Actual Total Time": 6018.19,
                                                                                                                        "Actual Rows": 16076253,
                                                                                                                        "Actual Loops": 1
                                                                                                                    },
                                                                                                                    {
                                                                                                                        "Worker Number": 2,
                                                                                                                        "Actual Startup Time": 3860.485,
                                                                                                                        "Actual Total Time": 6115.974,
                                                                                                                        "Actual Rows": 16076253,
                                                                                                                        "Actual Loops": 1
                                                                                                                    }
                                                                                                                ],
                                                                                                                "Plans": [
                                                                                                                    {
                                                                                                                        "Node Type": "Seq Scan",
                                                                                                                        "Parent Relationship": "Outer",
                                                                                                                        "Parallel Aware": false,
                                                                                                                        "Relation Name": "movie_keyword",
                                                                                                                        "Schema": "public",
                                                                                                                        "Alias": "mk",
                                                                                                                        "Startup Cost": 10000000000.0,
                                                                                                                        "Total Cost": 10000069693.3,
                                                                                                                        "Plan Rows": 4523930,
                                                                                                                        "Plan Width": 8,
                                                                                                                        "Actual Startup Time": 0.041,
                                                                                                                        "Actual Total Time": 358.723,
                                                                                                                        "Actual Rows": 4523930,
                                                                                                                        "Actual Loops": 4,
                                                                                                                        "Output": [
                                                                                                                            "mk.id",
                                                                                                                            "mk.movie_id",
                                                                                                                            "mk.keyword_id"
                                                                                                                        ],
                                                                                                                        "Workers": [
                                                                                                                            {
                                                                                                                                "Worker Number": 0,
                                                                                                                                "Actual Startup Time": 0.047,
                                                                                                                                "Actual Total Time": 361.927,
                                                                                                                                "Actual Rows": 4523930,
                                                                                                                                "Actual Loops": 1
                                                                                                                            },
                                                                                                                            {
                                                                                                                                "Worker Number": 1,
                                                                                                                                "Actual Startup Time": 0.058,
                                                                                                                                "Actual Total Time": 387.49,
                                                                                                                                "Actual Rows": 4523930,
                                                                                                                                "Actual Loops": 1
                                                                                                                            },
                                                                                                                            {
                                                                                                                                "Worker Number": 2,
                                                                                                                                "Actual Startup Time": 0.04,
                                                                                                                                "Actual Total Time": 347.744,
                                                                                                                                "Actual Rows": 4523930,
                                                                                                                                "Actual Loops": 1
                                                                                                                            }
                                                                                                                        ]
                                                                                                                    },
                                                                                                                    {
                                                                                                                        "Node Type": "Hash",
                                                                                                                        "Parent Relationship": "Inner",
                                                                                                                        "Parallel Aware": false,
                                                                                                                        "Startup Cost": 20000749140.54,
                                                                                                                        "Total Cost": 20000749140.54,
                                                                                                                        "Plan Rows": 14624,
                                                                                                                        "Plan Width": 12,
                                                                                                                        "Actual Startup Time": 3497.928,
                                                                                                                        "Actual Total Time": 3497.937,
                                                                                                                        "Actual Rows": 463258,
                                                                                                                        "Actual Loops": 4,
                                                                                                                        "Output": [
                                                                                                                            "mi.movie_id",
                                                                                                                            "mc.movie_id",
                                                                                                                            "mc.company_id"
                                                                                                                        ],
                                                                                                                        "Hash Buckets": 524288,
                                                                                                                        "Original Hash Buckets": 16384,
                                                                                                                        "Hash Batches": 1,
                                                                                                                        "Original Hash Batches": 1,
                                                                                                                        "Peak Memory Usage": 24002,
                                                                                                                        "Workers": [
                                                                                                                            {
                                                                                                                                "Worker Number": 0,
                                                                                                                                "Actual Startup Time": 3531.62,
                                                                                                                                "Actual Total Time": 3531.632,
                                                                                                                                "Actual Rows": 463258,
                                                                                                                                "Actual Loops": 1
                                                                                                                            },
                                                                                                                            {
                                                                                                                                "Worker Number": 1,
                                                                                                                                "Actual Startup Time": 3476.981,
                                                                                                                                "Actual Total Time": 3476.988,
                                                                                                                                "Actual Rows": 463258,
                                                                                                                                "Actual Loops": 1
                                                                                                                            },
                                                                                                                            {
                                                                                                                                "Worker Number": 2,
                                                                                                                                "Actual Startup Time": 3860.182,
                                                                                                                                "Actual Total Time": 3860.196,
                                                                                                                                "Actual Rows": 463258,
                                                                                                                                "Actual Loops": 1
                                                                                                                            }
                                                                                                                        ],
                                                                                                                        "Plans": [
                                                                                                                            {
                                                                                                                                "Node Type": "Merge Join",
                                                                                                                                "Parent Relationship": "Outer",
                                                                                                                                "Parallel Aware": false,
                                                                                                                                "Join Type": "Inner",
                                                                                                                                "Startup Cost": 20000735936.4,
                                                                                                                                "Total Cost": 20000749140.54,
                                                                                                                                "Plan Rows": 14624,
                                                                                                                                "Plan Width": 12,
                                                                                                                                "Actual Startup Time": 3128.737,
                                                                                                                                "Actual Total Time": 3425.95,
                                                                                                                                "Actual Rows": 463258,
                                                                                                                                "Actual Loops": 4,
                                                                                                                                "Output": [
                                                                                                                                    "mi.movie_id",
                                                                                                                                    "mc.movie_id",
                                                                                                                                    "mc.company_id"
                                                                                                                                ],
                                                                                                                                "Inner Unique": false,
                                                                                                                                "Merge Cond": "(mi.movie_id = mc.movie_id)",
                                                                                                                                "Workers": [
                                                                                                                                    {
                                                                                                                                        "Worker Number": 0,
                                                                                                                                        "Actual Startup Time": 3153.945,
                                                                                                                                        "Actual Total Time": 3456.093,
                                                                                                                                        "Actual Rows": 463258,
                                                                                                                                        "Actual Loops": 1
                                                                                                                                    },
                                                                                                                                    {
                                                                                                                                        "Worker Number": 1,
                                                                                                                                        "Actual Startup Time": 3101.243,
                                                                                                                                        "Actual Total Time": 3400.756,
                                                                                                                                        "Actual Rows": 463258,
                                                                                                                                        "Actual Loops": 1
                                                                                                                                    },
                                                                                                                                    {
                                                                                                                                        "Worker Number": 2,
                                                                                                                                        "Actual Startup Time": 3488.78,
                                                                                                                                        "Actual Total Time": 3785.55,
                                                                                                                                        "Actual Rows": 463258,
                                                                                                                                        "Actual Loops": 1
                                                                                                                                    }
                                                                                                                                ],
                                                                                                                                "Plans": [
                                                                                                                                    {
                                                                                                                                        "Node Type": "Sort",
                                                                                                                                        "Parent Relationship": "Outer",
                                                                                                                                        "Parallel Aware": false,
                                                                                                                                        "Startup Cost": 20000412984.1,
                                                                                                                                        "Total Cost": 20000412990.88,
                                                                                                                                        "Plan Rows": 2713,
                                                                                                                                        "Plan Width": 4,
                                                                                                                                        "Actual Startup Time": 2309.675,
                                                                                                                                        "Actual Total Time": 2321.447,
                                                                                                                                        "Actual Rows": 301180,
                                                                                                                                        "Actual Loops": 4,
                                                                                                                                        "Output": [
                                                                                                                                            "mi.movie_id"
                                                                                                                                        ],
                                                                                                                                        "Sort Key": [
                                                                                                                                            "mi.movie_id"
                                                                                                                                        ],
                                                                                                                                        "Sort Method": "quicksort",
                                                                                                                                        "Sort Space Used": 26409,
                                                                                                                                        "Sort Space Type": "Memory",
                                                                                                                                        "Workers": [
                                                                                                                                            {
                                                                                                                                                "Worker Number": 0,
                                                                                                                                                "Actual Startup Time": 2334.403,
                                                                                                                                                "Actual Total Time": 2346.699,
                                                                                                                                                "Actual Rows": 301180,
                                                                                                                                                "Actual Loops": 1
                                                                                                                                            },
                                                                                                                                            {
                                                                                                                                                "Worker Number": 1,
                                                                                                                                                "Actual Startup Time": 2279.7,
                                                                                                                                                "Actual Total Time": 2291.548,
                                                                                                                                                "Actual Rows": 301180,
                                                                                                                                                "Actual Loops": 1
                                                                                                                                            },
                                                                                                                                            {
                                                                                                                                                "Worker Number": 2,
                                                                                                                                                "Actual Startup Time": 2651.169,
                                                                                                                                                "Actual Total Time": 2662.923,
                                                                                                                                                "Actual Rows": 301180,
                                                                                                                                                "Actual Loops": 1
                                                                                                                                            }
                                                                                                                                        ],
                                                                                                                                        "Plans": [
                                                                                                                                            {
                                                                                                                                                "Node Type": "Merge Join",
                                                                                                                                                "Parent Relationship": "Outer",
                                                                                                                                                "Parallel Aware": false,
                                                                                                                                                "Join Type": "Inner",
                                                                                                                                                "Startup Cost": 20000411255.5,
                                                                                                                                                "Total Cost": 20000412829.38,
                                                                                                                                                "Plan Rows": 2713,
                                                                                                                                                "Plan Width": 4,
                                                                                                                                                "Actual Startup Time": 2212.688,
                                                                                                                                                "Actual Total Time": 2252.172,
                                                                                                                                                "Actual Rows": 301243,
                                                                                                                                                "Actual Loops": 4,
                                                                                                                                                "Output": [
                                                                                                                                                    "mi.movie_id"
                                                                                                                                                ],
                                                                                                                                                "Inner Unique": false,
                                                                                                                                                "Merge Cond": "(it.id = mi.info_type_id)",
                                                                                                                                                "Workers": [
                                                                                                                                                    {
                                                                                                                                                        "Worker Number": 0,
                                                                                                                                                        "Actual Startup Time": 2232.658,
                                                                                                                                                        "Actual Total Time": 2274.221,
                                                                                                                                                        "Actual Rows": 301243,
                                                                                                                                                        "Actual Loops": 1
                                                                                                                                                    },
                                                                                                                                                    {
                                                                                                                                                        "Worker Number": 1,
                                                                                                                                                        "Actual Startup Time": 2174.451,
                                                                                                                                                        "Actual Total Time": 2215.715,
                                                                                                                                                        "Actual Rows": 301243,
                                                                                                                                                        "Actual Loops": 1
                                                                                                                                                    },
                                                                                                                                                    {
                                                                                                                                                        "Worker Number": 2,
                                                                                                                                                        "Actual Startup Time": 2554.653,
                                                                                                                                                        "Actual Total Time": 2592.439,
                                                                                                                                                        "Actual Rows": 301243,
                                                                                                                                                        "Actual Loops": 1
                                                                                                                                                    }
                                                                                                                                                ],
                                                                                                                                                "Plans": [
                                                                                                                                                    {
                                                                                                                                                        "Node Type": "Index Scan",
                                                                                                                                                        "Parent Relationship": "Outer",
                                                                                                                                                        "Parallel Aware": false,
                                                                                                                                                        "Scan Direction": "Forward",
                                                                                                                                                        "Index Name": "info_type_pkey",
                                                                                                                                                        "Relation Name": "info_type",
                                                                                                                                                        "Schema": "public",
                                                                                                                                                        "Alias": "it",
                                                                                                                                                        "Startup Cost": 10000000000.14,
                                                                                                                                                        "Total Cost": 10000000014.12,
                                                                                                                                                        "Plan Rows": 1,
                                                                                                                                                        "Plan Width": 4,
                                                                                                                                                        "Actual Startup Time": 0.058,
                                                                                                                                                        "Actual Total Time": 0.08,
                                                                                                                                                        "Actual Rows": 1,
                                                                                                                                                        "Actual Loops": 4,
                                                                                                                                                        "Output": [
                                                                                                                                                            "it.id",
                                                                                                                                                            "it.info"
                                                                                                                                                        ],
                                                                                                                                                        "Filter": "((it.info)::text = 'release dates'::text)",
                                                                                                                                                        "Rows Removed by Filter": 112,
                                                                                                                                                        "Workers": [
                                                                                                                                                            {
                                                                                                                                                                "Worker Number": 0,
                                                                                                                                                                "Actual Startup Time": 0.058,
                                                                                                                                                                "Actual Total Time": 0.09,
                                                                                                                                                                "Actual Rows": 1,
                                                                                                                                                                "Actual Loops": 1
                                                                                                                                                            },
                                                                                                                                                            {
                                                                                                                                                                "Worker Number": 1,
                                                                                                                                                                "Actual Startup Time": 0.084,
                                                                                                                                                                "Actual Total Time": 0.104,
                                                                                                                                                                "Actual Rows": 1,
                                                                                                                                                                "Actual Loops": 1
                                                                                                                                                            },
                                                                                                                                                            {
                                                                                                                                                                "Worker Number": 2,
                                                                                                                                                                "Actual Startup Time": 0.067,
                                                                                                                                                                "Actual Total Time": 0.087,
                                                                                                                                                                "Actual Rows": 1,
                                                                                                                                                                "Actual Loops": 1
                                                                                                                                                            }
                                                                                                                                                        ]
                                                                                                                                                    },
                                                                                                                                                    {
                                                                                                                                                        "Node Type": "Sort",
                                                                                                                                                        "Parent Relationship": "Inner",
                                                                                                                                                        "Parallel Aware": false,
                                                                                                                                                        "Startup Cost": 10000411255.36,
                                                                                                                                                        "Total Cost": 10000412021.74,
                                                                                                                                                        "Plan Rows": 306554,
                                                                                                                                                        "Plan Width": 8,
                                                                                                                                                        "Actual Startup Time": 2212.621,
                                                                                                                                                        "Actual Total Time": 2224.061,
                                                                                                                                                        "Actual Rows": 301247,
                                                                                                                                                        "Actual Loops": 4,
                                                                                                                                                        "Output": [
                                                                                                                                                            "mi.movie_id",
                                                                                                                                                            "mi.info_type_id"
                                                                                                                                                        ],
                                                                                                                                                        "Sort Key": [
                                                                                                                                                            "mi.info_type_id"
                                                                                                                                                        ],
                                                                                                                                                        "Sort Method": "quicksort",
                                                                                                                                                        "Sort Space Used": 26409,
                                                                                                                                                        "Sort Space Type": "Memory",
                                                                                                                                                        "Workers": [
                                                                                                                                                            {
                                                                                                                                                                "Worker Number": 0,
                                                                                                                                                                "Actual Startup Time": 2232.59,
                                                                                                                                                                "Actual Total Time": 2244.452,
                                                                                                                                                                "Actual Rows": 301247,
                                                                                                                                                                "Actual Loops": 1
                                                                                                                                                            },
                                                                                                                                                            {
                                                                                                                                                                "Worker Number": 1,
                                                                                                                                                                "Actual Startup Time": 2174.358,
                                                                                                                                                                "Actual Total Time": 2186.076,
                                                                                                                                                                "Actual Rows": 301247,
                                                                                                                                                                "Actual Loops": 1
                                                                                                                                                            },
                                                                                                                                                            {
                                                                                                                                                                "Worker Number": 2,
                                                                                                                                                                "Actual Startup Time": 2554.577,
                                                                                                                                                                "Actual Total Time": 2565.413,
                                                                                                                                                                "Actual Rows": 301247,
                                                                                                                                                                "Actual Loops": 1
                                                                                                                                                            }
                                                                                                                                                        ],
                                                                                                                                                        "Plans": [
                                                                                                                                                            {
                                                                                                                                                                "Node Type": "Seq Scan",
                                                                                                                                                                "Parent Relationship": "Outer",
                                                                                                                                                                "Parallel Aware": false,
                                                                                                                                                                "Relation Name": "movie_info",
                                                                                                                                                                "Schema": "public",
                                                                                                                                                                "Alias": "mi",
                                                                                                                                                                "Startup Cost": 10000000000.0,
                                                                                                                                                                "Total Cost": 10000383319.42,
                                                                                                                                                                "Plan Rows": 306554,
                                                                                                                                                                "Plan Width": 8,
                                                                                                                                                                "Actual Startup Time": 384.081,
                                                                                                                                                                "Actual Total Time": 2166.562,
                                                                                                                                                                "Actual Rows": 301247,
                                                                                                                                                                "Actual Loops": 4,
                                                                                                                                                                "Output": [
                                                                                                                                                                    "mi.movie_id",
                                                                                                                                                                    "mi.info_type_id"
                                                                                                                                                                ],
                                                                                                                                                                "Filter": "((mi.info IS NOT NULL) AND ((mi.info ~~ 'Japan:%201%'::text) OR (mi.info ~~ 'USA:%201%'::text)))",
                                                                                                                                                                "Rows Removed by Filter": 14534473,
                                                                                                                                                                "Workers": [
                                                                                                                                                                    {
                                                                                                                                                                        "Worker Number": 0,
                                                                                                                                                                        "Actual Startup Time": 437.847,
                                                                                                                                                                        "Actual Total Time": 2187.522,
                                                                                                                                                                        "Actual Rows": 301247,
                                                                                                                                                                        "Actual Loops": 1
                                                                                                                                                                    },
                                                                                                                                                                    {
                                                                                                                                                                        "Worker Number": 1,
                                                                                                                                                                        "Actual Startup Time": 437.851,
                                                                                                                                                                        "Actual Total Time": 2130.046,
                                                                                                                                                                        "Actual Rows": 301247,
                                                                                                                                                                        "Actual Loops": 1
                                                                                                                                                                    },
                                                                                                                                                                    {
                                                                                                                                                                        "Worker Number": 2,
                                                                                                                                                                        "Actual Startup Time": 437.623,
                                                                                                                                                                        "Actual Total Time": 2488.627,
                                                                                                                                                                        "Actual Rows": 301247,
                                                                                                                                                                        "Actual Loops": 1
                                                                                                                                                                    }
                                                                                                                                                                ]
                                                                                                                                                            }
                                                                                                                                                        ]
                                                                                                                                                    }
                                                                                                                                                ]
                                                                                                                                            }
                                                                                                                                        ]
                                                                                                                                    },
                                                                                                                                    {
                                                                                                                                        "Node Type": "Sort",
                                                                                                                                        "Parent Relationship": "Inner",
                                                                                                                                        "Parallel Aware": false,
                                                                                                                                        "Startup Cost": 322951.0,
                                                                                                                                        "Total Cost": 329473.82,
                                                                                                                                        "Plan Rows": 2609129,
                                                                                                                                        "Plan Width": 8,
                                                                                                                                        "Actual Startup Time": 819.047,
                                                                                                                                        "Actual Total Time": 917.483,
                                                                                                                                        "Actual Rows": 2769743,
                                                                                                                                        "Actual Loops": 4,
                                                                                                                                        "Output": [
                                                                                                                                            "mc.movie_id",
                                                                                                                                            "mc.company_id"
                                                                                                                                        ],
                                                                                                                                        "Sort Key": [
                                                                                                                                            "mc.movie_id"
                                                                                                                                        ],
                                                                                                                                        "Sort Method": "quicksort",
                                                                                                                                        "Sort Space Used": 220607,
                                                                                                                                        "Sort Space Type": "Memory",
                                                                                                                                        "Workers": [
                                                                                                                                            {
                                                                                                                                                "Worker Number": 0,
                                                                                                                                                "Actual Startup Time": 819.525,
                                                                                                                                                "Actual Total Time": 918.827,
                                                                                                                                                "Actual Rows": 2769743,
                                                                                                                                                "Actual Loops": 1
                                                                                                                                            },
                                                                                                                                            {
                                                                                                                                                "Worker Number": 1,
                                                                                                                                                "Actual Startup Time": 821.528,
                                                                                                                                                "Actual Total Time": 921.17,
                                                                                                                                                "Actual Rows": 2769743,
                                                                                                                                                "Actual Loops": 1
                                                                                                                                            },
                                                                                                                                            {
                                                                                                                                                "Worker Number": 2,
                                                                                                                                                "Actual Startup Time": 837.595,
                                                                                                                                                "Actual Total Time": 935.978,
                                                                                                                                                "Actual Rows": 2769743,
                                                                                                                                                "Actual Loops": 1
                                                                                                                                            }
                                                                                                                                        ],
                                                                                                                                        "Plans": [
                                                                                                                                            {
                                                                                                                                                "Node Type": "Seq Scan",
                                                                                                                                                "Parent Relationship": "Outer",
                                                                                                                                                "Parallel Aware": false,
                                                                                                                                                "Relation Name": "movie_companies",
                                                                                                                                                "Schema": "public",
                                                                                                                                                "Alias": "mc",
                                                                                                                                                "Startup Cost": 0.0,
                                                                                                                                                "Total Cost": 44881.29,
                                                                                                                                                "Plan Rows": 2609129,
                                                                                                                                                "Plan Width": 8,
                                                                                                                                                "Actual Startup Time": 0.042,
                                                                                                                                                "Actual Total Time": 267.121,
                                                                                                                                                "Actual Rows": 2609129,
                                                                                                                                                "Actual Loops": 4,
                                                                                                                                                "Output": [
                                                                                                                                                    "mc.movie_id",
                                                                                                                                                    "mc.company_id"
                                                                                                                                                ],
                                                                                                                                                "Workers": [
                                                                                                                                                    {
                                                                                                                                                        "Worker Number": 0,
                                                                                                                                                        "Actual Startup Time": 0.045,
                                                                                                                                                        "Actual Total Time": 264.041,
                                                                                                                                                        "Actual Rows": 2609129,
                                                                                                                                                        "Actual Loops": 1
                                                                                                                                                    },
                                                                                                                                                    {
                                                                                                                                                        "Worker Number": 1,
                                                                                                                                                        "Actual Startup Time": 0.045,
                                                                                                                                                        "Actual Total Time": 263.192,
                                                                                                                                                        "Actual Rows": 2609129,
                                                                                                                                                        "Actual Loops": 1
                                                                                                                                                    },
                                                                                                                                                    {
                                                                                                                                                        "Worker Number": 2,
                                                                                                                                                        "Actual Startup Time": 0.057,
                                                                                                                                                        "Actual Total Time": 268.561,
                                                                                                                                                        "Actual Rows": 2609129,
                                                                                                                                                        "Actual Loops": 1
                                                                                                                                                    }
                                                                                                                                                ]
                                                                                                                                            }
                                                                                                                                        ]
                                                                                                                                    }
                                                                                                                                ]
                                                                                                                            }
                                                                                                                        ]
                                                                                                                    }
                                                                                                                ]
                                                                                                            }
                                                                                                        ]
                                                                                                    }
                                                                                                ]
                                                                                            },
                                                                                            {
                                                                                                "Node Type": "Bitmap Heap Scan",
                                                                                                "Parent Relationship": "Inner",
                                                                                                "Parallel Aware": false,
                                                                                                "Relation Name": "role_type",
                                                                                                "Schema": "public",
                                                                                                "Alias": "rt",
                                                                                                "Startup Cost": 0.14,
                                                                                                "Total Cost": 4.16,
                                                                                                "Plan Rows": 1,
                                                                                                "Plan Width": 4,
                                                                                                "Actual Startup Time": 0.002,
                                                                                                "Actual Total Time": 0.002,
                                                                                                "Actual Rows": 0,
                                                                                                "Actual Loops": 24560169,
                                                                                                "Output": [
                                                                                                    "rt.id",
                                                                                                    "rt.role"
                                                                                                ],
                                                                                                "Recheck Cond": "(rt.id = ci.role_id)",
                                                                                                "Rows Removed by Index Recheck": 0,
                                                                                                "Filter": "((rt.role)::text = 'actress'::text)",
                                                                                                "Rows Removed by Filter": 1,
                                                                                                "Exact Heap Blocks": 8010445,
                                                                                                "Lossy Heap Blocks": 0,
                                                                                                "Workers": [
                                                                                                    {
                                                                                                        "Worker Number": 0,
                                                                                                        "Actual Startup Time": 0.002,
                                                                                                        "Actual Total Time": 0.002,
                                                                                                        "Actual Rows": 0,
                                                                                                        "Actual Loops": 5463830
                                                                                                    },
                                                                                                    {
                                                                                                        "Worker Number": 1,
                                                                                                        "Actual Startup Time": 0.002,
                                                                                                        "Actual Total Time": 0.002,
                                                                                                        "Actual Rows": 0,
                                                                                                        "Actual Loops": 5795246
                                                                                                    },
                                                                                                    {
                                                                                                        "Worker Number": 2,
                                                                                                        "Actual Startup Time": 0.002,
                                                                                                        "Actual Total Time": 0.002,
                                                                                                        "Actual Rows": 0,
                                                                                                        "Actual Loops": 5290648
                                                                                                    }
                                                                                                ],
                                                                                                "Plans": [
                                                                                                    {
                                                                                                        "Node Type": "Bitmap Index Scan",
                                                                                                        "Parent Relationship": "Outer",
                                                                                                        "Parallel Aware": false,
                                                                                                        "Index Name": "role_type_pkey",
                                                                                                        "Startup Cost": 0.0,
                                                                                                        "Total Cost": 0.14,
                                                                                                        "Plan Rows": 1,
                                                                                                        "Plan Width": 0,
                                                                                                        "Actual Startup Time": 0.001,
                                                                                                        "Actual Total Time": 0.001,
                                                                                                        "Actual Rows": 1,
                                                                                                        "Actual Loops": 24560169,
                                                                                                        "Index Cond": "(rt.id = ci.role_id)",
                                                                                                        "Workers": [
                                                                                                            {
                                                                                                                "Worker Number": 0,
                                                                                                                "Actual Startup Time": 0.001,
                                                                                                                "Actual Total Time": 0.001,
                                                                                                                "Actual Rows": 1,
                                                                                                                "Actual Loops": 5463830
                                                                                                            },
                                                                                                            {
                                                                                                                "Worker Number": 1,
                                                                                                                "Actual Startup Time": 0.001,
                                                                                                                "Actual Total Time": 0.001,
                                                                                                                "Actual Rows": 1,
                                                                                                                "Actual Loops": 5795246
                                                                                                            },
                                                                                                            {
                                                                                                                "Worker Number": 2,
                                                                                                                "Actual Startup Time": 0.001,
                                                                                                                "Actual Total Time": 0.001,
                                                                                                                "Actual Rows": 1,
                                                                                                                "Actual Loops": 5290648
                                                                                                            }
                                                                                                        ]
                                                                                                    }
                                                                                                ]
                                                                                            }
                                                                                        ]
                                                                                    },
                                                                                    {
                                                                                        "Node Type": "Index Scan",
                                                                                        "Parent Relationship": "Inner",
                                                                                        "Parallel Aware": false,
                                                                                        "Scan Direction": "Forward",
                                                                                        "Index Name": "char_name_pkey",
                                                                                        "Relation Name": "char_name",
                                                                                        "Schema": "public",
                                                                                        "Alias": "chn",
                                                                                        "Startup Cost": 0.43,
                                                                                        "Total Cost": 0.67,
                                                                                        "Plan Rows": 1,
                                                                                        "Plan Width": 20,
                                                                                        "Actual Startup Time": 0.001,
                                                                                        "Actual Total Time": 0.001,
                                                                                        "Actual Rows": 1,
                                                                                        "Actual Loops": 6725914,
                                                                                        "Output": [
                                                                                            "chn.id",
                                                                                            "chn.name",
                                                                                            "chn.imdb_index",
                                                                                            "chn.imdb_id",
                                                                                            "chn.name_pcode_nf",
                                                                                            "chn.surname_pcode",
                                                                                            "chn.md5sum"
                                                                                        ],
                                                                                        "Index Cond": "(chn.id = ci.person_role_id)",
                                                                                        "Rows Removed by Index Recheck": 0,
                                                                                        "Workers": [
                                                                                            {
                                                                                                "Worker Number": 0,
                                                                                                "Actual Startup Time": 0.002,
                                                                                                "Actual Total Time": 0.002,
                                                                                                "Actual Rows": 1,
                                                                                                "Actual Loops": 1459965
                                                                                            },
                                                                                            {
                                                                                                "Worker Number": 1,
                                                                                                "Actual Startup Time": 0.001,
                                                                                                "Actual Total Time": 0.001,
                                                                                                "Actual Rows": 1,
                                                                                                "Actual Loops": 1690104
                                                                                            },
                                                                                            {
                                                                                                "Worker Number": 2,
                                                                                                "Actual Startup Time": 0.002,
                                                                                                "Actual Total Time": 0.002,
                                                                                                "Actual Rows": 1,
                                                                                                "Actual Loops": 1386532
                                                                                            }
                                                                                        ]
                                                                                    }
                                                                                ]
                                                                            },
                                                                            {
                                                                                "Node Type": "Bitmap Heap Scan",
                                                                                "Parent Relationship": "Inner",
                                                                                "Parallel Aware": false,
                                                                                "Relation Name": "company_name",
                                                                                "Schema": "public",
                                                                                "Alias": "cn",
                                                                                "Startup Cost": 0.43,
                                                                                "Total Cost": 4.45,
                                                                                "Plan Rows": 1,
                                                                                "Plan Width": 4,
                                                                                "Actual Startup Time": 0.003,
                                                                                "Actual Total Time": 0.003,
                                                                                "Actual Rows": 0,
                                                                                "Actual Loops": 6029155,
                                                                                "Output": [
                                                                                    "cn.id",
                                                                                    "cn.name",
                                                                                    "cn.country_code",
                                                                                    "cn.imdb_id",
                                                                                    "cn.name_pcode_nf",
                                                                                    "cn.name_pcode_sf",
                                                                                    "cn.md5sum"
                                                                                ],
                                                                                "Recheck Cond": "(cn.id = mc.company_id)",
                                                                                "Rows Removed by Index Recheck": 0,
                                                                                "Filter": "(((cn.country_code)::text = '[us]'::text) AND (cn.name = 'DreamWorks Home Entertainment'::text))",
                                                                                "Rows Removed by Filter": 1,
                                                                                "Exact Heap Blocks": 1986171,
                                                                                "Lossy Heap Blocks": 0,
                                                                                "Workers": [
                                                                                    {
                                                                                        "Worker Number": 0,
                                                                                        "Actual Startup Time": 0.003,
                                                                                        "Actual Total Time": 0.003,
                                                                                        "Actual Rows": 0,
                                                                                        "Actual Loops": 1329037
                                                                                    },
                                                                                    {
                                                                                        "Worker Number": 1,
                                                                                        "Actual Startup Time": 0.003,
                                                                                        "Actual Total Time": 0.003,
                                                                                        "Actual Rows": 0,
                                                                                        "Actual Loops": 1447773
                                                                                    },
                                                                                    {
                                                                                        "Worker Number": 2,
                                                                                        "Actual Startup Time": 0.003,
                                                                                        "Actual Total Time": 0.003,
                                                                                        "Actual Rows": 0,
                                                                                        "Actual Loops": 1266174
                                                                                    }
                                                                                ],
                                                                                "Plans": [
                                                                                    {
                                                                                        "Node Type": "Bitmap Index Scan",
                                                                                        "Parent Relationship": "Outer",
                                                                                        "Parallel Aware": false,
                                                                                        "Index Name": "company_name_pkey",
                                                                                        "Startup Cost": 0.0,
                                                                                        "Total Cost": 0.43,
                                                                                        "Plan Rows": 1,
                                                                                        "Plan Width": 0,
                                                                                        "Actual Startup Time": 0.002,
                                                                                        "Actual Total Time": 0.002,
                                                                                        "Actual Rows": 1,
                                                                                        "Actual Loops": 6029155,
                                                                                        "Index Cond": "(cn.id = mc.company_id)",
                                                                                        "Workers": [
                                                                                            {
                                                                                                "Worker Number": 0,
                                                                                                "Actual Startup Time": 0.002,
                                                                                                "Actual Total Time": 0.002,
                                                                                                "Actual Rows": 1,
                                                                                                "Actual Loops": 1329037
                                                                                            },
                                                                                            {
                                                                                                "Worker Number": 1,
                                                                                                "Actual Startup Time": 0.002,
                                                                                                "Actual Total Time": 0.002,
                                                                                                "Actual Rows": 1,
                                                                                                "Actual Loops": 1447773
                                                                                            },
                                                                                            {
                                                                                                "Worker Number": 2,
                                                                                                "Actual Startup Time": 0.002,
                                                                                                "Actual Total Time": 0.002,
                                                                                                "Actual Rows": 1,
                                                                                                "Actual Loops": 1266174
                                                                                            }
                                                                                        ]
                                                                                    }
                                                                                ]
                                                                            }
                                                                        ]
                                                                    }
                                                                ]
                                                            }
                                                        ]
                                                    }
                                                ]
                                            },
                                            {
                                                "Node Type": "Hash",
                                                "Parent Relationship": "Inner",
                                                "Parallel Aware": false,
                                                "Startup Cost": 5678.35,
                                                "Total Cost": 5678.35,
                                                "Plan Rows": 4,
                                                "Plan Width": 4,
                                                "Actual Startup Time": 75.773,
                                                "Actual Total Time": 75.774,
                                                "Actual Rows": 4,
                                                "Actual Loops": 1,
                                                "Output": [
                                                    "k.id"
                                                ],
                                                "Hash Buckets": 1024,
                                                "Original Hash Buckets": 1024,
                                                "Hash Batches": 1,
                                                "Original Hash Batches": 1,
                                                "Peak Memory Usage": 9,
                                                "Plans": [
                                                    {
                                                        "Node Type": "Index Scan",
                                                        "Parent Relationship": "Outer",
                                                        "Parallel Aware": false,
                                                        "Scan Direction": "Forward",
                                                        "Index Name": "keyword_pkey",
                                                        "Relation Name": "keyword",
                                                        "Schema": "public",
                                                        "Alias": "k",
                                                        "Startup Cost": 0.42,
                                                        "Total Cost": 5678.35,
                                                        "Plan Rows": 4,
                                                        "Plan Width": 4,
                                                        "Actual Startup Time": 0.357,
                                                        "Actual Total Time": 75.765,
                                                        "Actual Rows": 4,
                                                        "Actual Loops": 1,
                                                        "Output": [
                                                            "k.id"
                                                        ],
                                                        "Filter": "(k.keyword = ANY ('{tv-special,revenge,superhero,kung-fu}'::text[]))",
                                                        "Rows Removed by Filter": 134166
                                                    }
                                                ]
                                            }
                                        ]
                                    }
                                ]
                            }
                        ]
                    },
                    {
                        "Node Type": "Bitmap Heap Scan",
                        "Parent Relationship": "Inner",
                        "Parallel Aware": false,
                        "Relation Name": "aka_name",
                        "Schema": "public",
                        "Alias": "an",
                        "Startup Cost": 0.46,
                        "Total Cost": 4.48,
                        "Plan Rows": 2,
                        "Plan Width": 4,
                        "Actual Startup Time": 0.011,
                        "Actual Total Time": 0.012,
                        "Actual Rows": 5,
                        "Actual Loops": 12,
                        "Output": [
                            "an.id",
                            "an.person_id",
                            "an.name",
                            "an.imdb_index",
                            "an.name_pcode_cf",
                            "an.name_pcode_nf",
                            "an.surname_pcode",
                            "an.md5sum"
                        ],
                        "Recheck Cond": "(an.person_id = ci.person_id)",
                        "Rows Removed by Index Recheck": 0,
                        "Exact Heap Blocks": 24,
                        "Lossy Heap Blocks": 0,
                        "Plans": [
                            {
                                "Node Type": "Bitmap Index Scan",
                                "Parent Relationship": "Outer",
                                "Parallel Aware": false,
                                "Index Name": "person_id_aka_name",
                                "Startup Cost": 0.0,
                                "Total Cost": 0.46,
                                "Plan Rows": 2,
                                "Plan Width": 0,
                                "Actual Startup Time": 0.01,
                                "Actual Total Time": 0.01,
                                "Actual Rows": 5,
                                "Actual Loops": 12,
                                "Index Cond": "(an.person_id = ci.person_id)"
                            }
                        ]
                    }
                ]
            }
        ]
    },
    "Planning Time": 41.773,
    "Triggers": [],
    "Execution Time": 81184.225
}