[
  {
    "Plan": {
      "Node Type": "Aggregate",
      "Strategy": "Plain",
      "Partial Mode": "Finalize",
      "Parallel Aware": false,
      "Startup Cost": 95995.2,
      "Total Cost": 95995.21,
      "Plan Rows": 1,
      "Plan Width": 8,
      "Actual Startup Time": 129.701,
      "Actual Total Time": 151.068,
      "Actual Rows": 1,
      "Actual Loops": 1,
      "Plans": [
        {
          "Node Type": "Gather",
          "Parent Relationship": "Outer",
          "Parallel Aware": false,
          "Startup Cost": 95994.78,
          "Total Cost": 95995.19,
          "Plan Rows": 4,
          "Plan Width": 8,
          "Actual Startup Time": 129.56,
          "Actual Total Time": 151.058,
          "Actual Rows": 5,
          "Actual Loops": 1,
          "Workers Planned": 4,
          "Workers Launched": 4,
          "Single Copy": false,
          "Plans": [
            {
              "Node Type": "Aggregate",
              "Strategy": "Plain",
              "Partial Mode": "Partial",
              "Parent Relationship": "Outer",
              "Parallel Aware": false,
              "Startup Cost": 94994.78,
              "Total Cost": 94994.79,
              "Plan Rows": 1,
              "Plan Width": 8,
              "Actual Startup Time": 122.352,
              "Actual Total Time": 122.354,
              "Actual Rows": 1,
              "Actual Loops": 5,
              "Plans": [
                {
                  "Node Type": "Nested Loop",
                  "Parent Relationship": "Outer",
                  "Parallel Aware": false,
                  "Join Type": "Inner",
                  "Startup Cost": 1.0,
                  "Total Cost": 94988.93,
                  "Plan Rows": 2337,
                  "Plan Width": 0,
                  "Actual Startup Time": 16.441,
                  "Actual Total Time": 121.724,
                  "Actual Rows": 8168,
                  "Actual Loops": 5,
                  "Inner Unique": false,
                  "Join Filter": "(t.id = ci.movie_id)",
                  "Rows Removed by Join Filter": 0,
                  "Plans": [
                    {
                      "Node Type": "Nested Loop",
                      "Parent Relationship": "Outer",
                      "Parallel Aware": false,
                      "Join Type": "Inner",
                      "Startup Cost": 0.43,
                      "Total Cost": 94518.92,
                      "Plan Rows": 163,
                      "Plan Width": 8,
                      "Actual Startup Time": 16.313,
                      "Actual Total Time": 91.565,
                      "Actual Rows": 507,
                      "Actual Loops": 5,
                      "Inner Unique": false,
                      "Plans": [
                        {
                          "Node Type": "Seq Scan",
                          "Parent Relationship": "Outer",
                          "Parallel Aware": true,
                          "Relation Name": "title",
                          "Alias": "t",
                          "Startup Cost": 0.0,
                          "Total Cost": 45479.59,
                          "Plan Rows": 342,
                          "Plan Width": 4,
                          "Actual Startup Time": 7.833,
                          "Actual Total Time": 71.944,
                          "Actual Rows": 676,
                          "Actual Loops": 5,
                          "Filter": "((kind_id < 7) AND (production_year > 2013))",
                          "Rows Removed by Filter": 504987
                        },
                        {
                          "Node Type": "Index Scan",
                          "Parent Relationship": "Inner",
                          "Parallel Aware": false,
                          "Scan Direction": "Forward",
                          "Index Name": "movie_id_movie_info",
                          "Relation Name": "movie_info",
                          "Alias": "mi",
                          "Startup Cost": 0.43,
                          "Total Cost": 143.36,
                          "Plan Rows": 3,
                          "Plan Width": 4,
                          "Actual Startup Time": 0.023,
                          "Actual Total Time": 0.028,
                          "Actual Rows": 1,
                          "Actual Loops": 3378,
                          "Index Cond": "(movie_id = t.id)",
                          "Rows Removed by Index Recheck": 0,
                          "Filter": "(info_type_id > 18)",
                          "Rows Removed by Filter": 6
                        }
                      ]
                    },
                    {
                      "Node Type": "Index Only Scan",
                      "Parent Relationship": "Inner",
                      "Parallel Aware": false,
                      "Scan Direction": "Forward",
                      "Index Name": "movie_id_cast_info",
                      "Relation Name": "cast_info",
                      "Alias": "ci",
                      "Startup Cost": 0.56,
                      "Total Cost": 2.45,
                      "Plan Rows": 35,
                      "Plan Width": 4,
                      "Actual Startup Time": 0.011,
                      "Actual Total Time": 0.057,
                      "Actual Rows": 16,
                      "Actual Loops": 2535,
                      "Index Cond": "(movie_id = mi.movie_id)",
                      "Rows Removed by Index Recheck": 0,
                      "Heap Fetches": 40840
                    }
                  ]
                }
              ]
            }
          ]
        }
      ]
    },
    "Planning Time": 1.371,
    "Triggers": [],
    "Execution Time": 151.159
  }
]