{
  "Plan": {
    "Node Type": "Aggregate",
    "Strategy": "Plain",
    "Partial Mode": "Finalize",
    "Parallel Aware": false,
    "Startup Cost": 540109.74,
    "Total Cost": 540109.75,
    "Plan Rows": 1,
    "Plan Width": 8,
    "Actual Startup Time": 2822.764,
    "Actual Total Time": 2865.731,
    "Actual Rows": 1,
    "Actual Loops": 1,
    "Plans": [
      {
        "Node Type": "Gather",
        "Parent Relationship": "Outer",
        "Parallel Aware": false,
        "Startup Cost": 540109.62,
        "Total Cost": 540109.73,
        "Plan Rows": 1,
        "Plan Width": 8,
        "Actual Startup Time": 2818.667,
        "Actual Total Time": 2865.721,
        "Actual Rows": 2,
        "Actual Loops": 1,
        "Workers Planned": 1,
        "Workers Launched": 1,
        "Single Copy": false,
        "Plans": [
          {
            "Node Type": "Aggregate",
            "Strategy": "Plain",
            "Partial Mode": "Partial",
            "Parent Relationship": "Outer",
            "Parallel Aware": false,
            "Startup Cost": 539109.62,
            "Total Cost": 539109.63,
            "Plan Rows": 1,
            "Plan Width": 8,
            "Actual Startup Time": 2812.723,
            "Actual Total Time": 2813.373,
            "Actual Rows": 1,
            "Actual Loops": 2,
            "Plans": [
              {
                "Node Type": "Hash Join",
                "Parent Relationship": "Outer",
                "Parallel Aware": true,
                "Join Type": "Inner",
                "Startup Cost": 114912.29,
                "Total Cost": 534920.2,
                "Plan Rows": 1675769,
                "Plan Width": 0,
                "Actual Startup Time": 741.473,
                "Actual Total Time": 2762.683,
                "Actual Rows": 1070262,
                "Actual Loops": 2,
                "Inner Unique": false,
                "Hash Cond": "(ci.movie_id = t.id)",
                "Plans": [
                  {
                    "Node Type": "Index Scan",
                    "Parent Relationship": "Outer",
                    "Parallel Aware": true,
                    "Scan Direction": "Forward",
                    "Index Name": "role_id_cast_info",
                    "Relation Name": "cast_info",
                    "Alias": "ci",
                    "Startup Cost": 0.56,
                    "Total Cost": 382631.05,
                    "Plan Rows": 7338659,
                    "Plan Width": 4,
                    "Actual Startup Time": 0.057,
                    "Actual Total Time": 952.818,
                    "Actual Rows": 6335344,
                    "Actual Loops": 2,
                    "Index Cond": "(role_id < 2)",
                    "Rows Removed by Index Recheck": 0
                  },
                  {
                    "Node Type": "Hash",
                    "Parent Relationship": "Inner",
                    "Parallel Aware": true,
                    "Startup Cost": 110666.65,
                    "Total Cost": 110666.65,
                    "Plan Rows": 339606,
                    "Plan Width": 8,
                    "Actual Startup Time": 732.298,
                    "Actual Total Time": 732.946,
                    "Actual Rows": 129815,
                    "Actual Loops": 2,
                    "Hash Buckets": 1048576,
                    "Original Hash Buckets": 1048576,
                    "Hash Batches": 1,
                    "Original Hash Batches": 1,
                    "Peak Memory Usage": 18368,
                    "Plans": [
                      {
                        "Node Type": "Hash Join",
                        "Parent Relationship": "Outer",
                        "Parallel Aware": true,
                        "Join Type": "Inner",
                        "Startup Cost": 66934.02,
                        "Total Cost": 110666.65,
                        "Plan Rows": 339606,
                        "Plan Width": 8,
                        "Actual Startup Time": 442.937,
                        "Actual Total Time": 690.901,
                        "Actual Rows": 129815,
                        "Actual Loops": 2,
                        "Inner Unique": true,
                        "Hash Cond": "(mc.movie_id = t.id)",
                        "Plans": [
                          {
                            "Node Type": "Seq Scan",
                            "Parent Relationship": "Outer",
                            "Parallel Aware": true,
                            "Relation Name": "movie_companies",
                            "Alias": "mc",
                            "Startup Cost": 0.0,
                            "Total Cost": 41811.73,
                            "Plan Rows": 731774,
                            "Plan Width": 4,
                            "Actual Startup Time": 57.132,
                            "Actual Total Time": 140.145,
                            "Actual Rows": 648436,
                            "Actual Loops": 2,
                            "Filter": "((company_id > 27) AND (company_type_id = 2))",
                            "Rows Removed by Filter": 656128
                          },
                          {
                            "Node Type": "Hash",
                            "Parent Relationship": "Inner",
                            "Parallel Aware": true,
                            "Startup Cost": 58306.47,
                            "Total Cost": 58306.47,
                            "Plan Rows": 690204,
                            "Plan Width": 4,
                            "Actual Startup Time": 376.366,
                            "Actual Total Time": 376.367,
                            "Actual Rows": 630414,
                            "Actual Loops": 2,
                            "Hash Buckets": 2097152,
                            "Original Hash Buckets": 2097152,
                            "Hash Batches": 1,
                            "Original Hash Batches": 1,
                            "Peak Memory Usage": 65728,
                            "Plans": [
                              {
                                "Node Type": "Seq Scan",
                                "Parent Relationship": "Outer",
                                "Parallel Aware": true,
                                "Relation Name": "title",
                                "Alias": "t",
                                "Startup Cost": 0.0,
                                "Total Cost": 58306.47,
                                "Plan Rows": 690204,
                                "Plan Width": 4,
                                "Actual Startup Time": 0.035,
                                "Actual Total Time": 189.01,
                                "Actual Rows": 630414,
                                "Actual Loops": 2,
                                "Filter": "((production_year > 1981) AND (kind_id = 7))",
                                "Rows Removed by Filter": 633742
                              }
                            ]
                          }
                        ]
                      }
                    ]
                  }
                ]
              }
            ]
          }
        ]
      }
    ]
  },
  "Planning Time": 1.216,
  "Triggers": [],
  "Execution Time": 2865.827
}