[
  {
    "Plan": {
      "Node Type": "Aggregate",
      "Strategy": "Plain",
      "Partial Mode": "Finalize",
      "Parallel Aware": false,
      "Startup Cost": 46484.25,
      "Total Cost": 46484.26,
      "Plan Rows": 1,
      "Plan Width": 8,
      "Actual Startup Time": 92.397,
      "Actual Total Time": 104.132,
      "Actual Rows": 1,
      "Actual Loops": 1,
      "Plans": [
        {
          "Node Type": "Gather",
          "Parent Relationship": "Outer",
          "Parallel Aware": false,
          "Startup Cost": 46483.83,
          "Total Cost": 46484.24,
          "Plan Rows": 4,
          "Plan Width": 8,
          "Actual Startup Time": 92.241,
          "Actual Total Time": 104.121,
          "Actual Rows": 5,
          "Actual Loops": 1,
          "Workers Planned": 4,
          "Workers Launched": 4,
          "Single Copy": false,
          "Plans": [
            {
              "Node Type": "Aggregate",
              "Strategy": "Plain",
              "Partial Mode": "Partial",
              "Parent Relationship": "Outer",
              "Parallel Aware": false,
              "Startup Cost": 45483.83,
              "Total Cost": 45483.84,
              "Plan Rows": 1,
              "Plan Width": 8,
              "Actual Startup Time": 85.853,
              "Actual Total Time": 85.854,
              "Actual Rows": 1,
              "Actual Loops": 5,
              "Plans": [
                {
                  "Node Type": "Seq Scan",
                  "Parent Relationship": "Outer",
                  "Parallel Aware": true,
                  "Relation Name": "title",
                  "Alias": "t",
                  "Startup Cost": 0.0,
                  "Total Cost": 45479.1,
                  "Plan Rows": 1892,
                  "Plan Width": 0,
                  "Actual Startup Time": 0.837,
                  "Actual Total Time": 85.675,
                  "Actual Rows": 1555,
                  "Actual Loops": 5,
                  "Filter": "((kind_id < 7) AND (production_year = 1985))",
                  "Rows Removed by Filter": 504107
                }
              ]
            }
          ]
        }
      ]
    },
    "Planning Time": 0.194,
    "Triggers": [],
    "Execution Time": 104.196
  }
]