[
  {
    "Plan": {
      "Node Type": "Aggregate",
      "Strategy": "Plain",
      "Partial Mode": "Finalize",
      "Parallel Aware": false,
      "Startup Cost": 80133.33,
      "Total Cost": 80133.34,
      "Plan Rows": 1,
      "Plan Width": 8,
      "Actual Startup Time": 462.858,
      "Actual Total Time": 479.069,
      "Actual Rows": 1,
      "Actual Loops": 1,
      "Plans": [
        {
          "Node Type": "Gather",
          "Parent Relationship": "Outer",
          "Parallel Aware": false,
          "Startup Cost": 80133.01,
          "Total Cost": 80133.32,
          "Plan Rows": 3,
          "Plan Width": 8,
          "Actual Startup Time": 451.787,
          "Actual Total Time": 479.059,
          "Actual Rows": 4,
          "Actual Loops": 1,
          "Workers Planned": 3,
          "Workers Launched": 3,
          "Single Copy": false,
          "Plans": [
            {
              "Node Type": "Aggregate",
              "Strategy": "Plain",
              "Partial Mode": "Partial",
              "Parent Relationship": "Outer",
              "Parallel Aware": false,
              "Startup Cost": 79133.01,
              "Total Cost": 79133.02,
              "Plan Rows": 1,
              "Plan Width": 8,
              "Actual Startup Time": 442.718,
              "Actual Total Time": 442.721,
              "Actual Rows": 1,
              "Actual Loops": 4,
              "Plans": [
                {
                  "Node Type": "Hash Join",
                  "Parent Relationship": "Outer",
                  "Parallel Aware": true,
                  "Join Type": "Inner",
                  "Startup Cost": 53736.95,
                  "Total Cost": 78999.38,
                  "Plan Rows": 53450,
                  "Plan Width": 0,
                  "Actual Startup Time": 385.17,
                  "Actual Total Time": 440.086,
                  "Actual Rows": 40700,
                  "Actual Loops": 4,
                  "Inner Unique": true,
                  "Hash Cond": "(mk.movie_id = t.id)",
                  "Plans": [
                    {
                      "Node Type": "Bitmap Heap Scan",
                      "Parent Relationship": "Outer",
                      "Parallel Aware": true,
                      "Relation Name": "movie_keyword",
                      "Alias": "mk",
                      "Startup Cost": 3516.57,
                      "Total Cost": 28638.69,
                      "Plan Rows": 53450,
                      "Plan Width": 4,
                      "Actual Startup Time": 19.463,
                      "Actual Total Time": 56.352,
                      "Actual Rows": 40700,
                      "Actual Loops": 4,
                      "Recheck Cond": "(keyword_id > 72607)",
                      "Rows Removed by Index Recheck": 0,
                      "Exact Heap Blocks": 7470,
                      "Lossy Heap Blocks": 0,
                      "Plans": [
                        {
                          "Node Type": "Bitmap Index Scan",
                          "Parent Relationship": "Outer",
                          "Parallel Aware": false,
                          "Index Name": "keyword_id_movie_keyword",
                          "Startup Cost": 0.0,
                          "Total Cost": 3475.14,
                          "Plan Rows": 165695,
                          "Plan Width": 0,
                          "Actual Startup Time": 14.938,
                          "Actual Total Time": 14.939,
                          "Actual Rows": 162799,
                          "Actual Loops": 1,
                          "Index Cond": "(keyword_id > 72607)"
                        }
                      ]
                    },
                    {
                      "Node Type": "Hash",
                      "Parent Relationship": "Inner",
                      "Parallel Aware": true,
                      "Startup Cost": 42319.06,
                      "Total Cost": 42319.06,
                      "Plan Rows": 632106,
                      "Plan Width": 4,
                      "Actual Startup Time": 359.059,
                      "Actual Total Time": 359.06,
                      "Actual Rows": 632078,
                      "Actual Loops": 4,
                      "Hash Buckets": 4194304,
                      "Original Hash Buckets": 4194304,
                      "Hash Batches": 1,
                      "Original Hash Batches": 1,
                      "Peak Memory Usage": 131744,
                      "Plans": [
                        {
                          "Node Type": "Seq Scan",
                          "Parent Relationship": "Outer",
                          "Parallel Aware": true,
                          "Relation Name": "title",
                          "Alias": "t",
                          "Startup Cost": 0.0,
                          "Total Cost": 42319.06,
                          "Plan Rows": 632106,
                          "Plan Width": 4,
                          "Actual Startup Time": 0.034,
                          "Actual Total Time": 110.724,
                          "Actual Rows": 632078,
                          "Actual Loops": 4
                        }
                      ]
                    }
                  ]
                }
              ]
            }
          ]
        }
      ]
    },
    "Planning Time": 0.209,
    "Triggers": [],
    "Execution Time": 479.106
  }
]