{
  "Plan": {
    "Node Type": "Aggregate",
    "Strategy": "Plain",
    "Partial Mode": "Finalize",
    "Parallel Aware": false,
    "Startup Cost": 244064.65,
    "Total Cost": 244064.66,
    "Plan Rows": 1,
    "Plan Width": 8,
    "Actual Startup Time": 1107.89,
    "Actual Total Time": 1143.159,
    "Actual Rows": 1,
    "Actual Loops": 1,
    "Plans": [
      {
        "Node Type": "Gather",
        "Parent Relationship": "Outer",
        "Parallel Aware": false,
        "Startup Cost": 244064.53,
        "Total Cost": 244064.64,
        "Plan Rows": 1,
        "Plan Width": 8,
        "Actual Startup Time": 1106.839,
        "Actual Total Time": 1143.15,
        "Actual Rows": 2,
        "Actual Loops": 1,
        "Workers Planned": 1,
        "Workers Launched": 1,
        "Single Copy": false,
        "Plans": [
          {
            "Node Type": "Aggregate",
            "Strategy": "Plain",
            "Partial Mode": "Partial",
            "Parent Relationship": "Outer",
            "Parallel Aware": false,
            "Startup Cost": 243064.53,
            "Total Cost": 243064.54,
            "Plan Rows": 1,
            "Plan Width": 8,
            "Actual Startup Time": 1100.718,
            "Actual Total Time": 1100.722,
            "Actual Rows": 1,
            "Actual Loops": 2,
            "Plans": [
              {
                "Node Type": "Nested Loop",
                "Parent Relationship": "Outer",
                "Parallel Aware": false,
                "Join Type": "Inner",
                "Startup Cost": 34838.36,
                "Total Cost": 242993.69,
                "Plan Rows": 28338,
                "Plan Width": 0,
                "Actual Startup Time": 487.722,
                "Actual Total Time": 1097.276,
                "Actual Rows": 48007,
                "Actual Loops": 2,
                "Inner Unique": false,
                "Plans": [
                  {
                    "Node Type": "Merge Join",
                    "Parent Relationship": "Outer",
                    "Parallel Aware": false,
                    "Join Type": "Inner",
                    "Startup Cost": 34837.93,
                    "Total Cost": 142243.41,
                    "Plan Rows": 56049,
                    "Plan Width": 8,
                    "Actual Startup Time": 487.686,
                    "Actual Total Time": 742.773,
                    "Actual Rows": 45184,
                    "Actual Loops": 2,
                    "Inner Unique": false,
                    "Merge Cond": "(t.id = mc.movie_id)",
                    "Plans": [
                      {
                        "Node Type": "Index Scan",
                        "Parent Relationship": "Outer",
                        "Parallel Aware": true,
                        "Scan Direction": "Forward",
                        "Index Name": "title_pkey",
                        "Relation Name": "title",
                        "Alias": "t",
                        "Startup Cost": 0.43,
                        "Total Cost": 103647.43,
                        "Plan Rows": 1054178,
                        "Plan Width": 4,
                        "Actual Startup Time": 0.069,
                        "Actual Total Time": 604.487,
                        "Actual Rows": 896594,
                        "Actual Loops": 2,
                        "Filter": "(production_year < 2009)",
                        "Rows Removed by Filter": 366333
                      },
                      {
                        "Node Type": "Sort",
                        "Parent Relationship": "Inner",
                        "Parallel Aware": false,
                        "Startup Cost": 34835.38,
                        "Total Cost": 35171.45,
                        "Plan Rows": 134427,
                        "Plan Width": 4,
                        "Actual Startup Time": 71.437,
                        "Actual Total Time": 79.925,
                        "Actual Rows": 130790,
                        "Actual Loops": 2,
                        "Sort Key": [
                          "mc.movie_id"
                        ],
                        "Sort Method": "quicksort",
                        "Sort Space Used": 9203,
                        "Sort Space Type": "Memory",
                        "Workers": [
                          {
                            "Worker Number": 0,
                            "Sort Method": "quicksort",
                            "Sort Space Used": 9203,
                            "Sort Space Type": "Memory"
                          }
                        ],
                        "Plans": [
                          {
                            "Node Type": "Bitmap Heap Scan",
                            "Parent Relationship": "Outer",
                            "Parallel Aware": false,
                            "Relation Name": "movie_companies",
                            "Alias": "mc",
                            "Startup Cost": 2914.24,
                            "Total Cost": 23384.58,
                            "Plan Rows": 134427,
                            "Plan Width": 4,
                            "Actual Startup Time": 17.574,
                            "Actual Total Time": 45.965,
                            "Actual Rows": 130790,
                            "Actual Loops": 2,
                            "Recheck Cond": "(company_id > 140871)",
                            "Rows Removed by Index Recheck": 0,
                            "Exact Heap Blocks": 3644,
                            "Lossy Heap Blocks": 0,
                            "Plans": [
                              {
                                "Node Type": "Bitmap Index Scan",
                                "Parent Relationship": "Outer",
                                "Parallel Aware": false,
                                "Index Name": "company_id_movie_companies",
                                "Startup Cost": 0.0,
                                "Total Cost": 2880.63,
                                "Plan Rows": 134427,
                                "Plan Width": 0,
                                "Actual Startup Time": 16.568,
                                "Actual Total Time": 16.568,
                                "Actual Rows": 130790,
                                "Actual Loops": 2,
                                "Index Cond": "(company_id > 140871)"
                              }
                            ]
                          }
                        ]
                      }
                    ]
                  },
                  {
                    "Node Type": "Index Scan",
                    "Parent Relationship": "Inner",
                    "Parallel Aware": false,
                    "Scan Direction": "Forward",
                    "Index Name": "movie_id_movie_info",
                    "Relation Name": "movie_info",
                    "Alias": "mi",
                    "Startup Cost": 0.43,
                    "Total Cost": 1.76,
                    "Plan Rows": 4,
                    "Plan Width": 4,
                    "Actual Startup Time": 0.003,
                    "Actual Total Time": 0.008,
                    "Actual Rows": 1,
                    "Actual Loops": 90368,
                    "Index Cond": "(movie_id = t.id)",
                    "Rows Removed by Index Recheck": 0,
                    "Filter": "(info_type_id = 4)",
                    "Rows Removed by Filter": 18
                  }
                ]
              }
            ]
          }
        ]
      }
    ]
  },
  "Planning Time": 1.103,
  "Triggers": [],
  "Execution Time": 1143.284
}