[
  {
    "Plan": {
      "Node Type": "Aggregate",
      "Strategy": "Plain",
      "Partial Mode": "Finalize",
      "Parallel Aware": false,
      "Startup Cost": 43101.0,
      "Total Cost": 43101.01,
      "Plan Rows": 1,
      "Plan Width": 8,
      "Actual Startup Time": 44.956,
      "Actual Total Time": 51.736,
      "Actual Rows": 1,
      "Actual Loops": 1,
      "Plans": [
        {
          "Node Type": "Gather",
          "Parent Relationship": "Outer",
          "Parallel Aware": false,
          "Startup Cost": 43100.78,
          "Total Cost": 43100.99,
          "Plan Rows": 2,
          "Plan Width": 8,
          "Actual Startup Time": 44.716,
          "Actual Total Time": 51.73,
          "Actual Rows": 3,
          "Actual Loops": 1,
          "Workers Planned": 2,
          "Workers Launched": 2,
          "Single Copy": false,
          "Plans": [
            {
              "Node Type": "Aggregate",
              "Strategy": "Plain",
              "Partial Mode": "Partial",
              "Parent Relationship": "Outer",
              "Parallel Aware": false,
              "Startup Cost": 42100.78,
              "Total Cost": 42100.79,
              "Plan Rows": 1,
              "Plan Width": 8,
              "Actual Startup Time": 36.071,
              "Actual Total Time": 36.073,
              "Actual Rows": 1,
              "Actual Loops": 3,
              "Plans": [
                {
                  "Node Type": "Nested Loop",
                  "Parent Relationship": "Outer",
                  "Parallel Aware": false,
                  "Join Type": "Inner",
                  "Startup Cost": 188.64,
                  "Total Cost": 42091.67,
                  "Plan Rows": 3644,
                  "Plan Width": 0,
                  "Actual Startup Time": 2.578,
                  "Actual Total Time": 35.715,
                  "Actual Rows": 2167,
                  "Actual Loops": 3,
                  "Inner Unique": true,
                  "Plans": [
                    {
                      "Node Type": "Bitmap Heap Scan",
                      "Parent Relationship": "Outer",
                      "Parallel Aware": true,
                      "Relation Name": "movie_keyword",
                      "Alias": "mk",
                      "Startup Cost": 188.21,
                      "Total Cost": 17652.02,
                      "Plan Rows": 3644,
                      "Plan Width": 4,
                      "Actual Startup Time": 2.364,
                      "Actual Total Time": 10.64,
                      "Actual Rows": 2167,
                      "Actual Loops": 3,
                      "Recheck Cond": "(keyword_id = 355)",
                      "Rows Removed by Index Recheck": 0,
                      "Exact Heap Blocks": 3271,
                      "Lossy Heap Blocks": 0,
                      "Plans": [
                        {
                          "Node Type": "Bitmap Index Scan",
                          "Parent Relationship": "Outer",
                          "Parallel Aware": false,
                          "Index Name": "keyword_id_movie_keyword",
                          "Startup Cost": 0.0,
                          "Total Cost": 186.03,
                          "Plan Rows": 8746,
                          "Plan Width": 0,
                          "Actual Startup Time": 4.581,
                          "Actual Total Time": 4.582,
                          "Actual Rows": 6501,
                          "Actual Loops": 1,
                          "Index Cond": "(keyword_id = 355)"
                        }
                      ]
                    },
                    {
                      "Node Type": "Index Only Scan",
                      "Parent Relationship": "Inner",
                      "Parallel Aware": false,
                      "Scan Direction": "Forward",
                      "Index Name": "title_pkey",
                      "Relation Name": "title",
                      "Alias": "t",
                      "Startup Cost": 0.43,
                      "Total Cost": 6.71,
                      "Plan Rows": 1,
                      "Plan Width": 4,
                      "Actual Startup Time": 0.011,
                      "Actual Total Time": 0.011,
                      "Actual Rows": 1,
                      "Actual Loops": 6501,
                      "Index Cond": "(id = mk.movie_id)",
                      "Rows Removed by Index Recheck": 0,
                      "Heap Fetches": 6501
                    }
                  ]
                }
              ]
            }
          ]
        }
      ]
    },
    "Planning Time": 0.491,
    "Triggers": [],
    "Execution Time": 51.813
  }
]