[
  {
    "Plan": {
      "Node Type": "Aggregate",
      "Strategy": "Plain",
      "Partial Mode": "Finalize",
      "Parallel Aware": false,
      "Startup Cost": 120053.74,
      "Total Cost": 120053.75,
      "Plan Rows": 1,
      "Plan Width": 8,
      "Actual Startup Time": 506.023,
      "Actual Total Time": 524.358,
      "Actual Rows": 1,
      "Actual Loops": 1,
      "Plans": [
        {
          "Node Type": "Gather",
          "Parent Relationship": "Outer",
          "Parallel Aware": false,
          "Startup Cost": 120053.42,
          "Total Cost": 120053.73,
          "Plan Rows": 3,
          "Plan Width": 8,
          "Actual Startup Time": 494.68,
          "Actual Total Time": 524.348,
          "Actual Rows": 4,
          "Actual Loops": 1,
          "Workers Planned": 3,
          "Workers Launched": 3,
          "Single Copy": false,
          "Plans": [
            {
              "Node Type": "Aggregate",
              "Strategy": "Plain",
              "Partial Mode": "Partial",
              "Parent Relationship": "Outer",
              "Parallel Aware": false,
              "Startup Cost": 119053.42,
              "Total Cost": 119053.43,
              "Plan Rows": 1,
              "Plan Width": 8,
              "Actual Startup Time": 488.29,
              "Actual Total Time": 488.298,
              "Actual Rows": 1,
              "Actual Loops": 4,
              "Plans": [
                {
                  "Node Type": "Hash Join",
                  "Parent Relationship": "Outer",
                  "Parallel Aware": true,
                  "Join Type": "Inner",
                  "Startup Cost": 74077.19,
                  "Total Cost": 118854.14,
                  "Plan Rows": 79711,
                  "Plan Width": 0,
                  "Actual Startup Time": 315.056,
                  "Actual Total Time": 485.501,
                  "Actual Rows": 71000,
                  "Actual Loops": 4,
                  "Inner Unique": false,
                  "Hash Cond": "(mk.movie_id = t.id)",
                  "Plans": [
                    {
                      "Node Type": "Seq Scan",
                      "Parent Relationship": "Outer",
                      "Parallel Aware": true,
                      "Relation Name": "movie_keyword",
                      "Alias": "mk",
                      "Startup Cost": 0.0,
                      "Total Cost": 39047.32,
                      "Plan Rows": 1459332,
                      "Plan Width": 4,
                      "Actual Startup Time": 0.034,
                      "Actual Total Time": 83.011,
                      "Actual Rows": 1130982,
                      "Actual Loops": 4
                    },
                    {
                      "Node Type": "Hash",
                      "Parent Relationship": "Inner",
                      "Parallel Aware": true,
                      "Startup Cost": 73520.3,
                      "Total Cost": 73520.3,
                      "Plan Rows": 44551,
                      "Plan Width": 8,
                      "Actual Startup Time": 313.571,
                      "Actual Total Time": 313.577,
                      "Actual Rows": 37572,
                      "Actual Loops": 4,
                      "Hash Buckets": 262144,
                      "Original Hash Buckets": 262144,
                      "Hash Batches": 1,
                      "Original Hash Batches": 1,
                      "Peak Memory Usage": 8032,
                      "Plans": [
                        {
                          "Node Type": "Hash Join",
                          "Parent Relationship": "Outer",
                          "Parallel Aware": true,
                          "Join Type": "Inner",
                          "Startup Cost": 53625.36,
                          "Total Cost": 73520.3,
                          "Plan Rows": 44551,
                          "Plan Width": 8,
                          "Actual Startup Time": 249.84,
                          "Actual Total Time": 303.911,
                          "Actual Rows": 37572,
                          "Actual Loops": 4,
                          "Inner Unique": true,
                          "Hash Cond": "(mc.movie_id = t.id)",
                          "Plans": [
                            {
                              "Node Type": "Bitmap Heap Scan",
                              "Parent Relationship": "Outer",
                              "Parallel Aware": true,
                              "Relation Name": "movie_companies",
                              "Alias": "mc",
                              "Startup Cost": 4907.55,
                              "Total Cost": 24610.72,
                              "Plan Rows": 73054,
                              "Plan Width": 4,
                              "Actual Startup Time": 10.831,
                              "Actual Total Time": 36.876,
                              "Actual Rows": 55406,
                              "Actual Loops": 4,
                              "Recheck Cond": "(company_id < 77)",
                              "Rows Removed by Index Recheck": 0,
                              "Exact Heap Blocks": 6340,
                              "Lossy Heap Blocks": 0,
                              "Plans": [
                                {
                                  "Node Type": "Bitmap Index Scan",
                                  "Parent Relationship": "Outer",
                                  "Parallel Aware": false,
                                  "Index Name": "company_id_movie_companies",
                                  "Startup Cost": 0.0,
                                  "Total Cost": 4850.93,
                                  "Plan Rows": 226467,
                                  "Plan Width": 0,
                                  "Actual Startup Time": 8.502,
                                  "Actual Total Time": 8.502,
                                  "Actual Rows": 221625,
                                  "Actual Loops": 1,
                                  "Index Cond": "(company_id < 77)"
                                }
                              ]
                            },
                            {
                              "Node Type": "Hash",
                              "Parent Relationship": "Inner",
                              "Parallel Aware": true,
                              "Startup Cost": 43899.32,
                              "Total Cost": 43899.32,
                              "Plan Rows": 385479,
                              "Plan Width": 4,
                              "Actual Startup Time": 234.903,
                              "Actual Total Time": 234.904,
                              "Actual Rows": 385816,
                              "Actual Loops": 4,
                              "Hash Buckets": 2097152,
                              "Original Hash Buckets": 2097152,
                              "Hash Batches": 1,
                              "Original Hash Batches": 1,
                              "Peak Memory Usage": 76832,
                              "Plans": [
                                {
                                  "Node Type": "Seq Scan",
                                  "Parent Relationship": "Outer",
                                  "Parallel Aware": true,
                                  "Relation Name": "title",
                                  "Alias": "t",
                                  "Startup Cost": 0.0,
                                  "Total Cost": 43899.32,
                                  "Plan Rows": 385479,
                                  "Plan Width": 4,
                                  "Actual Startup Time": 0.032,
                                  "Actual Total Time": 99.919,
                                  "Actual Rows": 385816,
                                  "Actual Loops": 4,
                                  "Filter": "(kind_id = 7)",
                                  "Rows Removed by Filter": 246262
                                }
                              ]
                            }
                          ]
                        }
                      ]
                    }
                  ]
                }
              ]
            }
          ]
        }
      ]
    },
    "Planning Time": 0.659,
    "Triggers": [],
    "Execution Time": 524.416
  }
]