[
  {
    "Plan": {
      "Node Type": "Aggregate",
      "Strategy": "Plain",
      "Partial Mode": "Finalize",
      "Parallel Aware": false,
      "Startup Cost": 117655.17,
      "Total Cost": 117655.18,
      "Plan Rows": 1,
      "Plan Width": 8,
      "Actual Startup Time": 520.648,
      "Actual Total Time": 543.062,
      "Actual Rows": 1,
      "Actual Loops": 1,
      "Plans": [
        {
          "Node Type": "Gather",
          "Parent Relationship": "Outer",
          "Parallel Aware": false,
          "Startup Cost": 117654.85,
          "Total Cost": 117655.16,
          "Plan Rows": 3,
          "Plan Width": 8,
          "Actual Startup Time": 518.601,
          "Actual Total Time": 543.052,
          "Actual Rows": 4,
          "Actual Loops": 1,
          "Workers Planned": 3,
          "Workers Launched": 3,
          "Single Copy": false,
          "Plans": [
            {
              "Node Type": "Aggregate",
              "Strategy": "Plain",
              "Partial Mode": "Partial",
              "Parent Relationship": "Outer",
              "Parallel Aware": false,
              "Startup Cost": 116654.85,
              "Total Cost": 116654.86,
              "Plan Rows": 1,
              "Plan Width": 8,
              "Actual Startup Time": 508.277,
              "Actual Total Time": 508.284,
              "Actual Rows": 1,
              "Actual Loops": 4,
              "Plans": [
                {
                  "Node Type": "Hash Join",
                  "Parent Relationship": "Outer",
                  "Parallel Aware": true,
                  "Join Type": "Inner",
                  "Startup Cost": 71745.42,
                  "Total Cost": 116460.04,
                  "Plan Rows": 77923,
                  "Plan Width": 0,
                  "Actual Startup Time": 289.666,
                  "Actual Total Time": 504.671,
                  "Actual Rows": 71000,
                  "Actual Loops": 4,
                  "Inner Unique": false,
                  "Hash Cond": "(mk.movie_id = t.id)",
                  "Plans": [
                    {
                      "Node Type": "Seq Scan",
                      "Parent Relationship": "Outer",
                      "Parallel Aware": true,
                      "Relation Name": "movie_keyword",
                      "Alias": "mk",
                      "Startup Cost": 0.0,
                      "Total Cost": 39047.32,
                      "Plan Rows": 1459332,
                      "Plan Width": 4,
                      "Actual Startup Time": 0.033,
                      "Actual Total Time": 104.863,
                      "Actual Rows": 1130982,
                      "Actual Loops": 4
                    },
                    {
                      "Node Type": "Hash",
                      "Parent Relationship": "Inner",
                      "Parallel Aware": true,
                      "Startup Cost": 71323.54,
                      "Total Cost": 71323.54,
                      "Plan Rows": 33750,
                      "Plan Width": 8,
                      "Actual Startup Time": 287.232,
                      "Actual Total Time": 287.237,
                      "Actual Rows": 37572,
                      "Actual Loops": 4,
                      "Hash Buckets": 262144,
                      "Original Hash Buckets": 262144,
                      "Hash Batches": 1,
                      "Original Hash Batches": 1,
                      "Peak Memory Usage": 8000,
                      "Plans": [
                        {
                          "Node Type": "Hash Join",
                          "Parent Relationship": "Outer",
                          "Parallel Aware": true,
                          "Join Type": "Inner",
                          "Startup Cost": 25394.68,
                          "Total Cost": 71323.54,
                          "Plan Rows": 33750,
                          "Plan Width": 8,
                          "Actual Startup Time": 96.541,
                          "Actual Total Time": 273.623,
                          "Actual Rows": 37572,
                          "Actual Loops": 4,
                          "Inner Unique": false,
                          "Hash Cond": "(t.id = mc.movie_id)",
                          "Plans": [
                            {
                              "Node Type": "Seq Scan",
                              "Parent Relationship": "Outer",
                              "Parallel Aware": true,
                              "Relation Name": "title",
                              "Alias": "t",
                              "Startup Cost": 0.0,
                              "Total Cost": 43898.92,
                              "Plan Rows": 384216,
                              "Plan Width": 4,
                              "Actual Startup Time": 0.017,
                              "Actual Total Time": 99.134,
                              "Actual Rows": 385816,
                              "Actual Loops": 4,
                              "Filter": "(kind_id = 7)",
                              "Rows Removed by Filter": 246262
                            },
                            {
                              "Node Type": "Hash",
                              "Parent Relationship": "Inner",
                              "Parallel Aware": true,
                              "Startup Cost": 24499.15,
                              "Total Cost": 24499.15,
                              "Plan Rows": 71642,
                              "Plan Width": 4,
                              "Actual Startup Time": 95.225,
                              "Actual Total Time": 95.227,
                              "Actual Rows": 55406,
                              "Actual Loops": 4,
                              "Hash Buckets": 262144,
                              "Original Hash Buckets": 262144,
                              "Hash Batches": 1,
                              "Original Hash Batches": 1,
                              "Peak Memory Usage": 10784,
                              "Plans": [
                                {
                                  "Node Type": "Bitmap Heap Scan",
                                  "Parent Relationship": "Outer",
                                  "Parallel Aware": true,
                                  "Relation Name": "movie_companies",
                                  "Alias": "mc",
                                  "Startup Cost": 4813.63,
                                  "Total Cost": 24499.15,
                                  "Plan Rows": 71642,
                                  "Plan Width": 4,
                                  "Actual Startup Time": 25.274,
                                  "Actual Total Time": 71.069,
                                  "Actual Rows": 55406,
                                  "Actual Loops": 4,
                                  "Recheck Cond": "(company_id < 77)",
                                  "Rows Removed by Index Recheck": 0,
                                  "Exact Heap Blocks": 6467,
                                  "Lossy Heap Blocks": 0,
                                  "Plans": [
                                    {
                                      "Node Type": "Bitmap Index Scan",
                                      "Parent Relationship": "Outer",
                                      "Parallel Aware": false,
                                      "Index Name": "company_id_movie_companies",
                                      "Startup Cost": 0.0,
                                      "Total Cost": 4758.11,
                                      "Plan Rows": 222090,
                                      "Plan Width": 0,
                                      "Actual Startup Time": 21.199,
                                      "Actual Total Time": 21.199,
                                      "Actual Rows": 221625,
                                      "Actual Loops": 1,
                                      "Index Cond": "(company_id < 77)"
                                    }
                                  ]
                                }
                              ]
                            }
                          ]
                        }
                      ]
                    }
                  ]
                }
              ]
            }
          ]
        }
      ]
    },
    "Planning Time": 1.446,
    "Triggers": [],
    "Execution Time": 543.221
  }
]