{
  "Plan": {
    "Node Type": "Aggregate",
    "Strategy": "Plain",
    "Partial Mode": "Finalize",
    "Parallel Aware": false,
    "Startup Cost": 77538.88,
    "Total Cost": 77538.89,
    "Plan Rows": 1,
    "Plan Width": 8,
    "Actual Startup Time": 245.122,
    "Actual Total Time": 258.287,
    "Actual Rows": 1,
    "Actual Loops": 1,
    "Plans": [
      {
        "Node Type": "Gather",
        "Parent Relationship": "Outer",
        "Parallel Aware": false,
        "Startup Cost": 77538.77,
        "Total Cost": 77538.88,
        "Plan Rows": 1,
        "Plan Width": 8,
        "Actual Startup Time": 244.984,
        "Actual Total Time": 258.279,
        "Actual Rows": 2,
        "Actual Loops": 1,
        "Workers Planned": 1,
        "Workers Launched": 1,
        "Single Copy": false,
        "Plans": [
          {
            "Node Type": "Aggregate",
            "Strategy": "Plain",
            "Partial Mode": "Partial",
            "Parent Relationship": "Outer",
            "Parallel Aware": false,
            "Startup Cost": 76538.77,
            "Total Cost": 76538.78,
            "Plan Rows": 1,
            "Plan Width": 8,
            "Actual Startup Time": 239.396,
            "Actual Total Time": 239.399,
            "Actual Rows": 1,
            "Actual Loops": 2,
            "Plans": [
              {
                "Node Type": "Hash Join",
                "Parent Relationship": "Outer",
                "Parallel Aware": true,
                "Join Type": "Inner",
                "Startup Cost": 58350.21,
                "Total Cost": 76533.99,
                "Plan Rows": 1910,
                "Plan Width": 0,
                "Actual Startup Time": 142.621,
                "Actual Total Time": 239.213,
                "Actual Rows": 3440,
                "Actual Loops": 2,
                "Inner Unique": true,
                "Hash Cond": "(mi_idx.movie_id = t.id)",
                "Plans": [
                  {
                    "Node Type": "Seq Scan",
                    "Parent Relationship": "Outer",
                    "Parallel Aware": true,
                    "Relation Name": "movie_info_idx",
                    "Alias": "mi_idx",
                    "Startup Cost": 0.0,
                    "Total Cost": 16052.85,
                    "Plan Rows": 811785,
                    "Plan Width": 4,
                    "Actual Startup Time": 0.019,
                    "Actual Total Time": 49.128,
                    "Actual Rows": 690018,
                    "Actual Loops": 2
                  },
                  {
                    "Node Type": "Hash",
                    "Parent Relationship": "Inner",
                    "Parallel Aware": true,
                    "Startup Cost": 58306.47,
                    "Total Cost": 58306.47,
                    "Plan Rows": 3499,
                    "Plan Width": 4,
                    "Actual Startup Time": 140.853,
                    "Actual Total Time": 140.854,
                    "Actual Rows": 2939,
                    "Actual Loops": 2,
                    "Hash Buckets": 8192,
                    "Original Hash Buckets": 8192,
                    "Hash Batches": 1,
                    "Original Hash Batches": 1,
                    "Peak Memory Usage": 352,
                    "Plans": [
                      {
                        "Node Type": "Seq Scan",
                        "Parent Relationship": "Outer",
                        "Parallel Aware": true,
                        "Relation Name": "title",
                        "Alias": "t",
                        "Startup Cost": 0.0,
                        "Total Cost": 58306.47,
                        "Plan Rows": 3499,
                        "Plan Width": 4,
                        "Actual Startup Time": 1.248,
                        "Actual Total Time": 139.804,
                        "Actual Rows": 2939,
                        "Actual Loops": 2,
                        "Filter": "((kind_id < 7) AND (production_year = 1973))",
                        "Rows Removed by Filter": 1261217
                      }
                    ]
                  }
                ]
              }
            ]
          }
        ]
      }
    ]
  },
  "Planning Time": 0.43,
  "Triggers": [],
  "Execution Time": 258.355
}