{
  "Plan": {
    "Node Type": "Aggregate",
    "Strategy": "Plain",
    "Partial Mode": "Finalize",
    "Parallel Aware": false,
    "Startup Cost": 119592.64,
    "Total Cost": 119592.65,
    "Plan Rows": 1,
    "Plan Width": 8,
    "Actual Startup Time": 816.815,
    "Actual Total Time": 835.231,
    "Actual Rows": 1,
    "Actual Loops": 1,
    "Plans": [
      {
        "Node Type": "Gather",
        "Parent Relationship": "Outer",
        "Parallel Aware": false,
        "Startup Cost": 119592.53,
        "Total Cost": 119592.64,
        "Plan Rows": 1,
        "Plan Width": 8,
        "Actual Startup Time": 811.163,
        "Actual Total Time": 835.221,
        "Actual Rows": 2,
        "Actual Loops": 1,
        "Workers Planned": 1,
        "Workers Launched": 1,
        "Single Copy": false,
        "Plans": [
          {
            "Node Type": "Aggregate",
            "Strategy": "Plain",
            "Partial Mode": "Partial",
            "Parent Relationship": "Outer",
            "Parallel Aware": false,
            "Startup Cost": 118592.53,
            "Total Cost": 118592.54,
            "Plan Rows": 1,
            "Plan Width": 8,
            "Actual Startup Time": 796.739,
            "Actual Total Time": 796.745,
            "Actual Rows": 1,
            "Actual Loops": 2,
            "Plans": [
              {
                "Node Type": "Hash Join",
                "Parent Relationship": "Outer",
                "Parallel Aware": true,
                "Join Type": "Inner",
                "Startup Cost": 99378.09,
                "Total Cost": 118553.98,
                "Plan Rows": 15421,
                "Plan Width": 0,
                "Actual Startup Time": 735.613,
                "Actual Total Time": 793.787,
                "Actual Rows": 58714,
                "Actual Loops": 2,
                "Inner Unique": false,
                "Hash Cond": "(mi_idx.movie_id = t.id)",
                "Plans": [
                  {
                    "Node Type": "Seq Scan",
                    "Parent Relationship": "Outer",
                    "Parallel Aware": true,
                    "Relation Name": "movie_info_idx",
                    "Alias": "mi_idx",
                    "Startup Cost": 0.0,
                    "Total Cost": 18082.32,
                    "Plan Rows": 267429,
                    "Plan Width": 4,
                    "Actual Startup Time": 0.03,
                    "Actual Total Time": 58.878,
                    "Actual Rows": 229962,
                    "Actual Loops": 2,
                    "Filter": "(info_type_id < 100)",
                    "Rows Removed by Filter": 460055
                  },
                  {
                    "Node Type": "Hash",
                    "Parent Relationship": "Inner",
                    "Parallel Aware": true,
                    "Startup Cost": 98306.11,
                    "Total Cost": 98306.11,
                    "Plan Rows": 85759,
                    "Plan Width": 8,
                    "Actual Startup Time": 693.664,
                    "Actual Total Time": 693.669,
                    "Actual Rows": 72026,
                    "Actual Loops": 2,
                    "Hash Buckets": 262144,
                    "Original Hash Buckets": 262144,
                    "Hash Batches": 1,
                    "Original Hash Batches": 1,
                    "Peak Memory Usage": 7712,
                    "Plans": [
                      {
                        "Node Type": "Hash Join",
                        "Parent Relationship": "Outer",
                        "Parallel Aware": true,
                        "Join Type": "Inner",
                        "Startup Cost": 72555.0,
                        "Total Cost": 98306.11,
                        "Plan Rows": 85759,
                        "Plan Width": 8,
                        "Actual Startup Time": 613.269,
                        "Actual Total Time": 678.112,
                        "Actual Rows": 72026,
                        "Actual Loops": 2,
                        "Inner Unique": true,
                        "Hash Cond": "(mk.movie_id = t.id)",
                        "Plans": [
                          {
                            "Node Type": "Bitmap Heap Scan",
                            "Parent Relationship": "Outer",
                            "Parallel Aware": true,
                            "Relation Name": "movie_keyword",
                            "Alias": "mk",
                            "Startup Cost": 3094.31,
                            "Total Cost": 28620.29,
                            "Plan Rows": 85759,
                            "Plan Width": 4,
                            "Actual Startup Time": 10.674,
                            "Actual Total Time": 50.418,
                            "Actual Rows": 72026,
                            "Actual Loops": 2,
                            "Recheck Cond": "(keyword_id > 74478)",
                            "Rows Removed by Index Recheck": 0,
                            "Exact Heap Blocks": 12945,
                            "Lossy Heap Blocks": 0,
                            "Plans": [
                              {
                                "Node Type": "Bitmap Index Scan",
                                "Parent Relationship": "Outer",
                                "Parallel Aware": false,
                                "Index Name": "keyword_id_movie_keyword",
                                "Startup Cost": 0.0,
                                "Total Cost": 3057.86,
                                "Plan Rows": 145790,
                                "Plan Width": 0,
                                "Actual Startup Time": 7.863,
                                "Actual Total Time": 7.863,
                                "Actual Rows": 144053,
                                "Actual Loops": 1,
                                "Index Cond": "(keyword_id > 74478)"
                              }
                            ]
                          },
                          {
                            "Node Type": "Hash",
                            "Parent Relationship": "Inner",
                            "Parallel Aware": true,
                            "Startup Cost": 50870.31,
                            "Total Cost": 50870.31,
                            "Plan Rows": 1487231,
                            "Plan Width": 4,
                            "Actual Startup Time": 583.132,
                            "Actual Total Time": 583.133,
                            "Actual Rows": 1264156,
                            "Actual Loops": 2,
                            "Hash Buckets": 4194304,
                            "Original Hash Buckets": 4194304,
                            "Hash Batches": 1,
                            "Original Hash Batches": 1,
                            "Peak Memory Usage": 131712,
                            "Plans": [
                              {
                                "Node Type": "Seq Scan",
                                "Parent Relationship": "Outer",
                                "Parallel Aware": true,
                                "Relation Name": "title",
                                "Alias": "t",
                                "Startup Cost": 0.0,
                                "Total Cost": 50870.31,
                                "Plan Rows": 1487231,
                                "Plan Width": 4,
                                "Actual Startup Time": 0.024,
                                "Actual Total Time": 171.751,
                                "Actual Rows": 1264156,
                                "Actual Loops": 2
                              }
                            ]
                          }
                        ]
                      }
                    ]
                  }
                ]
              }
            ]
          }
        ]
      }
    ]
  },
  "Planning Time": 0.9,
  "Triggers": [],
  "Execution Time": 835.336
}