{
    "Plan": {
        "Node Type": "Aggregate",
        "Strategy": "Plain",
        "Partial Mode": "Finalize",
        "Parallel Aware": false,
        "Startup Cost": 99162.28,
        "Total Cost": 99162.29,
        "Plan Rows": 1,
        "Plan Width": 8,
        "Actual Startup Time": 376.329,
        "Actual Total Time": 418.127,
        "Actual Rows": 1,
        "Actual Loops": 1,
        "Output": [
            "count(*)"
        ],
        "Plans": [
            {
                "Node Type": "Gather",
                "Parent Relationship": "Outer",
                "Parallel Aware": false,
                "Startup Cost": 99161.96,
                "Total Cost": 99162.27,
                "Plan Rows": 3,
                "Plan Width": 8,
                "Actual Startup Time": 374.915,
                "Actual Total Time": 418.117,
                "Actual Rows": 4,
                "Actual Loops": 1,
                "Output": [
                    "(PARTIAL count(*))"
                ],
                "Workers Planned": 3,
                "Workers Launched": 3,
                "Single Copy": false,
                "Plans": [
                    {
                        "Node Type": "Aggregate",
                        "Strategy": "Plain",
                        "Partial Mode": "Partial",
                        "Parent Relationship": "Outer",
                        "Parallel Aware": false,
                        "Startup Cost": 98161.96,
                        "Total Cost": 98161.97,
                        "Plan Rows": 1,
                        "Plan Width": 8,
                        "Actual Startup Time": 365.398,
                        "Actual Total Time": 365.401,
                        "Actual Rows": 1,
                        "Actual Loops": 4,
                        "Output": [
                            "PARTIAL count(*)"
                        ],
                        "Workers": [
                            {
                                "Worker Number": 0,
                                "Actual Startup Time": 362.038,
                                "Actual Total Time": 362.042,
                                "Actual Rows": 1,
                                "Actual Loops": 1
                            },
                            {
                                "Worker Number": 1,
                                "Actual Startup Time": 362.507,
                                "Actual Total Time": 362.51,
                                "Actual Rows": 1,
                                "Actual Loops": 1
                            },
                            {
                                "Worker Number": 2,
                                "Actual Startup Time": 362.86,
                                "Actual Total Time": 362.862,
                                "Actual Rows": 1,
                                "Actual Loops": 1
                            }
                        ],
                        "Plans": [
                            {
                                "Node Type": "Nested Loop",
                                "Parent Relationship": "Outer",
                                "Parallel Aware": false,
                                "Join Type": "Inner",
                                "Startup Cost": 46675.54,
                                "Total Cost": 98128.2,
                                "Plan Rows": 13504,
                                "Plan Width": 0,
                                "Actual Startup Time": 154.592,
                                "Actual Total Time": 357.911,
                                "Actual Rows": 158740,
                                "Actual Loops": 4,
                                "Inner Unique": false,
                                "Workers": [
                                    {
                                        "Worker Number": 0,
                                        "Actual Startup Time": 151.325,
                                        "Actual Total Time": 354.849,
                                        "Actual Rows": 141524,
                                        "Actual Loops": 1
                                    },
                                    {
                                        "Worker Number": 1,
                                        "Actual Startup Time": 151.48,
                                        "Actual Total Time": 356.05,
                                        "Actual Rows": 122925,
                                        "Actual Loops": 1
                                    },
                                    {
                                        "Worker Number": 2,
                                        "Actual Startup Time": 152.168,
                                        "Actual Total Time": 355.466,
                                        "Actual Rows": 141810,
                                        "Actual Loops": 1
                                    }
                                ],
                                "Plans": [
                                    {
                                        "Node Type": "Hash Join",
                                        "Parent Relationship": "Outer",
                                        "Parallel Aware": true,
                                        "Join Type": "Inner",
                                        "Startup Cost": 46675.11,
                                        "Total Cost": 89410.89,
                                        "Plan Rows": 2314,
                                        "Plan Width": 8,
                                        "Actual Startup Time": 154.483,
                                        "Actual Total Time": 227.971,
                                        "Actual Rows": 3182,
                                        "Actual Loops": 4,
                                        "Output": [
                                            "t.id",
                                            "mk.movie_id"
                                        ],
                                        "Inner Unique": true,
                                        "Hash Cond": "(mk.movie_id = t.id)",
                                        "Workers": [
                                            {
                                                "Worker Number": 0,
                                                "Actual Startup Time": 151.21,
                                                "Actual Total Time": 221.498,
                                                "Actual Rows": 2735,
                                                "Actual Loops": 1
                                            },
                                            {
                                                "Worker Number": 1,
                                                "Actual Startup Time": 151.321,
                                                "Actual Total Time": 218.949,
                                                "Actual Rows": 2454,
                                                "Actual Loops": 1
                                            },
                                            {
                                                "Worker Number": 2,
                                                "Actual Startup Time": 152.039,
                                                "Actual Total Time": 222.305,
                                                "Actual Rows": 2832,
                                                "Actual Loops": 1
                                            }
                                        ],
                                        "Plans": [
                                            {
                                                "Node Type": "Seq Scan",
                                                "Parent Relationship": "Outer",
                                                "Parallel Aware": true,
                                                "Relation Name": "movie_keyword",
                                                "Schema": "public",
                                                "Alias": "mk",
                                                "Startup Cost": 0.0,
                                                "Total Cost": 42695.65,
                                                "Plan Rows": 15287,
                                                "Plan Width": 4,
                                                "Actual Startup Time": 0.018,
                                                "Actual Total Time": 86.914,
                                                "Actual Rows": 9723,
                                                "Actual Loops": 4,
                                                "Output": [
                                                    "mk.id",
                                                    "mk.movie_id",
                                                    "mk.keyword_id"
                                                ],
                                                "Filter": "(mk.keyword_id < 47)",
                                                "Rows Removed by Filter": 1121260,
                                                "Workers": [
                                                    {
                                                        "Worker Number": 0,
                                                        "Actual Startup Time": 0.02,
                                                        "Actual Total Time": 84.353,
                                                        "Actual Rows": 8540,
                                                        "Actual Loops": 1
                                                    },
                                                    {
                                                        "Worker Number": 1,
                                                        "Actual Startup Time": 0.031,
                                                        "Actual Total Time": 80.772,
                                                        "Actual Rows": 7637,
                                                        "Actual Loops": 1
                                                    },
                                                    {
                                                        "Worker Number": 2,
                                                        "Actual Startup Time": 0.014,
                                                        "Actual Total Time": 84.337,
                                                        "Actual Rows": 8644,
                                                        "Actual Loops": 1
                                                    }
                                                ]
                                            },
                                            {
                                                "Node Type": "Hash",
                                                "Parent Relationship": "Inner",
                                                "Parallel Aware": true,
                                                "Startup Cost": 45479.21,
                                                "Total Cost": 45479.21,
                                                "Plan Rows": 95672,
                                                "Plan Width": 4,
                                                "Actual Startup Time": 131.304,
                                                "Actual Total Time": 131.305,
                                                "Actual Rows": 110007,
                                                "Actual Loops": 4,
                                                "Output": [
                                                    "t.id"
                                                ],
                                                "Hash Buckets": 524288,
                                                "Original Hash Buckets": 524288,
                                                "Hash Batches": 1,
                                                "Original Hash Batches": 1,
                                                "Peak Memory Usage": 21376,
                                                "Workers": [
                                                    {
                                                        "Worker Number": 0,
                                                        "Actual Startup Time": 130.954,
                                                        "Actual Total Time": 130.955,
                                                        "Actual Rows": 109207,
                                                        "Actual Loops": 1
                                                    },
                                                    {
                                                        "Worker Number": 1,
                                                        "Actual Startup Time": 131.114,
                                                        "Actual Total Time": 131.115,
                                                        "Actual Rows": 93685,
                                                        "Actual Loops": 1
                                                    },
                                                    {
                                                        "Worker Number": 2,
                                                        "Actual Startup Time": 131.81,
                                                        "Actual Total Time": 131.81,
                                                        "Actual Rows": 109648,
                                                        "Actual Loops": 1
                                                    }
                                                ],
                                                "Plans": [
                                                    {
                                                        "Node Type": "Seq Scan",
                                                        "Parent Relationship": "Outer",
                                                        "Parallel Aware": true,
                                                        "Relation Name": "title",
                                                        "Schema": "public",
                                                        "Alias": "t",
                                                        "Startup Cost": 0.0,
                                                        "Total Cost": 45479.21,
                                                        "Plan Rows": 95672,
                                                        "Plan Width": 4,
                                                        "Actual Startup Time": 59.846,
                                                        "Actual Total Time": 99.647,
                                                        "Actual Rows": 110007,
                                                        "Actual Loops": 4,
                                                        "Output": [
                                                            "t.id"
                                                        ],
                                                        "Filter": "((t.production_year < 2006) AND (t.kind_id = 1))",
                                                        "Rows Removed by Filter": 522071,
                                                        "Workers": [
                                                            {
                                                                "Worker Number": 0,
                                                                "Actual Startup Time": 59.594,
                                                                "Actual Total Time": 100.489,
                                                                "Actual Rows": 109207,
                                                                "Actual Loops": 1
                                                            },
                                                            {
                                                                "Worker Number": 1,
                                                                "Actual Startup Time": 59.739,
                                                                "Actual Total Time": 99.063,
                                                                "Actual Rows": 93685,
                                                                "Actual Loops": 1
                                                            },
                                                            {
                                                                "Worker Number": 2,
                                                                "Actual Startup Time": 59.928,
                                                                "Actual Total Time": 100.629,
                                                                "Actual Rows": 109648,
                                                                "Actual Loops": 1
                                                            }
                                                        ]
                                                    }
                                                ]
                                            }
                                        ]
                                    },
                                    {
                                        "Node Type": "Index Only Scan",
                                        "Parent Relationship": "Inner",
                                        "Parallel Aware": false,
                                        "Scan Direction": "Forward",
                                        "Index Name": "movie_id_movie_info",
                                        "Relation Name": "movie_info",
                                        "Schema": "public",
                                        "Alias": "mi",
                                        "Startup Cost": 0.43,
                                        "Total Cost": 3.38,
                                        "Plan Rows": 39,
                                        "Plan Width": 4,
                                        "Actual Startup Time": 0.009,
                                        "Actual Total Time": 0.037,
                                        "Actual Rows": 50,
                                        "Actual Loops": 12730,
                                        "Output": [
                                            "mi.movie_id"
                                        ],
                                        "Index Cond": "(mi.movie_id = t.id)",
                                        "Rows Removed by Index Recheck": 0,
                                        "Heap Fetches": 634958,
                                        "Workers": [
                                            {
                                                "Worker Number": 0,
                                                "Actual Startup Time": 0.011,
                                                "Actual Total Time": 0.044,
                                                "Actual Rows": 52,
                                                "Actual Loops": 2735
                                            },
                                            {
                                                "Worker Number": 1,
                                                "Actual Startup Time": 0.012,
                                                "Actual Total Time": 0.052,
                                                "Actual Rows": 50,
                                                "Actual Loops": 2454
                                            },
                                            {
                                                "Worker Number": 2,
                                                "Actual Startup Time": 0.01,
                                                "Actual Total Time": 0.043,
                                                "Actual Rows": 50,
                                                "Actual Loops": 2832
                                            }
                                        ]
                                    }
                                ]
                            }
                        ]
                    }
                ]
            }
        ]
    },
    "Planning Time": 1.63,
    "Triggers": [],
    "Execution Time": 418.231
}