{
  "Plan": {
    "Node Type": "Aggregate",
    "Strategy": "Plain",
    "Partial Mode": "Finalize",
    "Parallel Aware": false,
    "Startup Cost": 747998.76,
    "Total Cost": 747998.77,
    "Plan Rows": 1,
    "Plan Width": 8,
    "Actual Startup Time": 4641.834,
    "Actual Total Time": 4701.861,
    "Actual Rows": 1,
    "Actual Loops": 1,
    "Plans": [
      {
        "Node Type": "Gather",
        "Parent Relationship": "Outer",
        "Parallel Aware": false,
        "Startup Cost": 747998.64,
        "Total Cost": 747998.75,
        "Plan Rows": 1,
        "Plan Width": 8,
        "Actual Startup Time": 4639.704,
        "Actual Total Time": 4701.85,
        "Actual Rows": 2,
        "Actual Loops": 1,
        "Workers Planned": 1,
        "Workers Launched": 1,
        "Single Copy": false,
        "Plans": [
          {
            "Node Type": "Aggregate",
            "Strategy": "Plain",
            "Partial Mode": "Partial",
            "Parent Relationship": "Outer",
            "Parallel Aware": false,
            "Startup Cost": 746998.64,
            "Total Cost": 746998.65,
            "Plan Rows": 1,
            "Plan Width": 8,
            "Actual Startup Time": 4633.963,
            "Actual Total Time": 4634.518,
            "Actual Rows": 1,
            "Actual Loops": 2,
            "Plans": [
              {
                "Node Type": "Hash Join",
                "Parent Relationship": "Outer",
                "Parallel Aware": true,
                "Join Type": "Inner",
                "Startup Cost": 133771.12,
                "Total Cost": 726861.14,
                "Plan Rows": 8055002,
                "Plan Width": 0,
                "Actual Startup Time": 639.35,
                "Actual Total Time": 4450.721,
                "Actual Rows": 4386390,
                "Actual Loops": 2,
                "Inner Unique": false,
                "Hash Cond": "(ci.movie_id = t.id)",
                "Plans": [
                  {
                    "Node Type": "Seq Scan",
                    "Parent Relationship": "Outer",
                    "Parallel Aware": true,
                    "Relation Name": "cast_info",
                    "Alias": "ci",
                    "Startup Cost": 0.0,
                    "Total Cost": 465792.95,
                    "Plan Rows": 21310595,
                    "Plan Width": 4,
                    "Actual Startup Time": 0.012,
                    "Actual Total Time": 1320.22,
                    "Actual Rows": 18122172,
                    "Actual Loops": 2
                  },
                  {
                    "Node Type": "Hash",
                    "Parent Relationship": "Inner",
                    "Parallel Aware": true,
                    "Startup Cost": 126744.3,
                    "Total Cost": 126744.3,
                    "Plan Rows": 562145,
                    "Plan Width": 8,
                    "Actual Startup Time": 630.073,
                    "Actual Total Time": 630.627,
                    "Actual Rows": 204184,
                    "Actual Loops": 2,
                    "Hash Buckets": 1048576,
                    "Original Hash Buckets": 1048576,
                    "Hash Batches": 1,
                    "Original Hash Batches": 1,
                    "Peak Memory Usage": 24192,
                    "Plans": [
                      {
                        "Node Type": "Hash Join",
                        "Parent Relationship": "Outer",
                        "Parallel Aware": true,
                        "Join Type": "Inner",
                        "Startup Cost": 62528.27,
                        "Total Cost": 126744.3,
                        "Plan Rows": 562145,
                        "Plan Width": 8,
                        "Actual Startup Time": 220.818,
                        "Actual Total Time": 588.628,
                        "Actual Rows": 204184,
                        "Actual Loops": 2,
                        "Inner Unique": true,
                        "Hash Cond": "(mk.movie_id = t.id)",
                        "Plans": [
                          {
                            "Node Type": "Seq Scan",
                            "Parent Relationship": "Outer",
                            "Parallel Aware": true,
                            "Relation Name": "movie_keyword",
                            "Alias": "mk",
                            "Startup Cost": 0.0,
                            "Total Cost": 57718.19,
                            "Plan Rows": 2475365,
                            "Plan Width": 4,
                            "Actual Startup Time": 0.012,
                            "Actual Total Time": 195.346,
                            "Actual Rows": 2106690,
                            "Actual Loops": 2,
                            "Filter": "(keyword_id < 52583)",
                            "Rows Removed by Filter": 155275
                          },
                          {
                            "Node Type": "Hash",
                            "Parent Relationship": "Inner",
                            "Parallel Aware": true,
                            "Startup Cost": 58306.47,
                            "Total Cost": 58306.47,
                            "Plan Rows": 337744,
                            "Plan Width": 4,
                            "Actual Startup Time": 215.665,
                            "Actual Total Time": 215.665,
                            "Actual Rows": 223194,
                            "Actual Loops": 2,
                            "Hash Buckets": 1048576,
                            "Original Hash Buckets": 1048576,
                            "Hash Batches": 1,
                            "Original Hash Batches": 1,
                            "Peak Memory Usage": 25664,
                            "Plans": [
                              {
                                "Node Type": "Seq Scan",
                                "Parent Relationship": "Outer",
                                "Parallel Aware": true,
                                "Relation Name": "title",
                                "Alias": "t",
                                "Startup Cost": 0.0,
                                "Total Cost": 58306.47,
                                "Plan Rows": 337744,
                                "Plan Width": 4,
                                "Actual Startup Time": 0.034,
                                "Actual Total Time": 149.602,
                                "Actual Rows": 223194,
                                "Actual Loops": 2,
                                "Filter": "((kind_id > 1) AND (production_year < 1994))",
                                "Rows Removed by Filter": 1040962
                              }
                            ]
                          }
                        ]
                      }
                    ]
                  }
                ]
              }
            ]
          }
        ]
      }
    ]
  },
  "Planning Time": 1.086,
  "Triggers": [],
  "Execution Time": 4701.971
}