[
  {
    "Plan": {
      "Node Type": "Aggregate",
      "Strategy": "Plain",
      "Partial Mode": "Finalize",
      "Parallel Aware": false,
      "Startup Cost": 339755.17,
      "Total Cost": 339755.18,
      "Plan Rows": 1,
      "Plan Width": 8,
      "Actual Startup Time": 813.016,
      "Actual Total Time": 868.476,
      "Actual Rows": 1,
      "Actual Loops": 1,
      "Plans": [
        {
          "Node Type": "Gather",
          "Parent Relationship": "Outer",
          "Parallel Aware": false,
          "Startup Cost": 339754.55,
          "Total Cost": 339755.16,
          "Plan Rows": 6,
          "Plan Width": 8,
          "Actual Startup Time": 812.748,
          "Actual Total Time": 868.465,
          "Actual Rows": 7,
          "Actual Loops": 1,
          "Workers Planned": 6,
          "Workers Launched": 6,
          "Single Copy": false,
          "Plans": [
            {
              "Node Type": "Aggregate",
              "Strategy": "Plain",
              "Partial Mode": "Partial",
              "Parent Relationship": "Outer",
              "Parallel Aware": false,
              "Startup Cost": 338754.55,
              "Total Cost": 338754.56,
              "Plan Rows": 1,
              "Plan Width": 8,
              "Actual Startup Time": 802.774,
              "Actual Total Time": 802.775,
              "Actual Rows": 1,
              "Actual Loops": 7,
              "Plans": [
                {
                  "Node Type": "Seq Scan",
                  "Parent Relationship": "Outer",
                  "Parallel Aware": true,
                  "Relation Name": "cast_info",
                  "Alias": "ci",
                  "Startup Cost": 0.0,
                  "Total Cost": 328162.03,
                  "Plan Rows": 4237009,
                  "Plan Width": 0,
                  "Actual Startup Time": 0.054,
                  "Actual Total Time": 639.245,
                  "Actual Rows": 3651988,
                  "Actual Loops": 7,
                  "Filter": "(person_id < 2639449)",
                  "Rows Removed by Filter": 1525776
                }
              ]
            }
          ]
        }
      ]
    },
    "Planning Time": 0.207,
    "Triggers": [],
    "Execution Time": 868.554
  }
]