[
    {
        "Bao": {
            "Bao prediction": "NaN",
            "Bao recommended hint": "(no hint)"
        }
    },
    {
        "Plan": {
            "Node Type": "Aggregate",
            "Strategy": "Plain",
            "Partial Mode": "Finalize",
            "Parallel Aware": false,
            "Startup Cost": 341907.28,
            "Total Cost": 341907.29,
            "Plan Rows": 1,
            "Plan Width": 8,
            "Actual Startup Time": 854.699,
            "Actual Total Time": 882.984,
            "Actual Rows": 1,
            "Actual Loops": 1,
            "Output": [
                "count(*)"
            ],
            "Plans": [
                {
                    "Node Type": "Gather",
                    "Parent Relationship": "Outer",
                    "Parallel Aware": false,
                    "Startup Cost": 341906.65,
                    "Total Cost": 341907.26,
                    "Plan Rows": 6,
                    "Plan Width": 8,
                    "Actual Startup Time": 854.555,
                    "Actual Total Time": 882.972,
                    "Actual Rows": 7,
                    "Actual Loops": 1,
                    "Output": [
                        "(PARTIAL count(*))"
                    ],
                    "Workers Planned": 6,
                    "Workers Launched": 6,
                    "Single Copy": false,
                    "Plans": [
                        {
                            "Node Type": "Aggregate",
                            "Strategy": "Plain",
                            "Partial Mode": "Partial",
                            "Parent Relationship": "Outer",
                            "Parallel Aware": false,
                            "Startup Cost": 340906.65,
                            "Total Cost": 340906.66,
                            "Plan Rows": 1,
                            "Plan Width": 8,
                            "Actual Startup Time": 844.675,
                            "Actual Total Time": 844.676,
                            "Actual Rows": 1,
                            "Actual Loops": 7,
                            "Output": [
                                "PARTIAL count(*)"
                            ],
                            "Workers": [
                                {
                                    "Worker Number": 0,
                                    "Actual Startup Time": 842.37,
                                    "Actual Total Time": 842.371,
                                    "Actual Rows": 1,
                                    "Actual Loops": 1
                                },
                                {
                                    "Worker Number": 1,
                                    "Actual Startup Time": 842.675,
                                    "Actual Total Time": 842.676,
                                    "Actual Rows": 1,
                                    "Actual Loops": 1
                                },
                                {
                                    "Worker Number": 2,
                                    "Actual Startup Time": 842.954,
                                    "Actual Total Time": 842.956,
                                    "Actual Rows": 1,
                                    "Actual Loops": 1
                                },
                                {
                                    "Worker Number": 3,
                                    "Actual Startup Time": 843.284,
                                    "Actual Total Time": 843.286,
                                    "Actual Rows": 1,
                                    "Actual Loops": 1
                                },
                                {
                                    "Worker Number": 4,
                                    "Actual Startup Time": 843.71,
                                    "Actual Total Time": 843.711,
                                    "Actual Rows": 1,
                                    "Actual Loops": 1
                                },
                                {
                                    "Worker Number": 5,
                                    "Actual Startup Time": 843.955,
                                    "Actual Total Time": 843.956,
                                    "Actual Rows": 1,
                                    "Actual Loops": 1
                                }
                            ],
                            "Plans": [
                                {
                                    "Node Type": "Seq Scan",
                                    "Parent Relationship": "Outer",
                                    "Parallel Aware": true,
                                    "Relation Name": "cast_info",
                                    "Schema": "public",
                                    "Alias": "ci",
                                    "Startup Cost": 0.0,
                                    "Total Cost": 328213.62,
                                    "Plan Rows": 5077214,
                                    "Plan Width": 0,
                                    "Actual Startup Time": 0.057,
                                    "Actual Total Time": 623.82,
                                    "Actual Rows": 4357175,
                                    "Actual Loops": 7,
                                    "Output": [
                                        "id",
                                        "person_id",
                                        "movie_id",
                                        "person_role_id",
                                        "note",
                                        "nr_order",
                                        "role_id"
                                    ],
                                    "Filter": "(ci.person_id < 3072402)",
                                    "Rows Removed by Filter": 820588,
                                    "Workers": [
                                        {
                                            "Worker Number": 0,
                                            "Actual Startup Time": 0.06,
                                            "Actual Total Time": 623.835,
                                            "Actual Rows": 3269307,
                                            "Actual Loops": 1
                                        },
                                        {
                                            "Worker Number": 1,
                                            "Actual Startup Time": 0.06,
                                            "Actual Total Time": 625.266,
                                            "Actual Rows": 4836684,
                                            "Actual Loops": 1
                                        },
                                        {
                                            "Worker Number": 2,
                                            "Actual Startup Time": 0.061,
                                            "Actual Total Time": 625.217,
                                            "Actual Rows": 4847467,
                                            "Actual Loops": 1
                                        },
                                        {
                                            "Worker Number": 3,
                                            "Actual Startup Time": 0.072,
                                            "Actual Total Time": 637.547,
                                            "Actual Rows": 4956310,
                                            "Actual Loops": 1
                                        },
                                        {
                                            "Worker Number": 4,
                                            "Actual Startup Time": 0.06,
                                            "Actual Total Time": 625.311,
                                            "Actual Rows": 3254055,
                                            "Actual Loops": 1
                                        },
                                        {
                                            "Worker Number": 5,
                                            "Actual Startup Time": 0.061,
                                            "Actual Total Time": 625.298,
                                            "Actual Rows": 3274203,
                                            "Actual Loops": 1
                                        }
                                    ]
                                }
                            ]
                        }
                    ]
                }
            ]
        },
        "Planning Time": 258.733,
        "Triggers": [],
        "Execution Time": 883.07
    }
]