[
  {
    "Plan": {
      "Node Type": "Aggregate",
      "Strategy": "Plain",
      "Partial Mode": "Finalize",
      "Parallel Aware": false,
      "Startup Cost": 32702.19,
      "Total Cost": 32702.2,
      "Plan Rows": 1,
      "Plan Width": 8,
      "Actual Startup Time": 90.704,
      "Actual Total Time": 97.321,
      "Actual Rows": 1,
      "Actual Loops": 1,
      "Plans": [
        {
          "Node Type": "Gather",
          "Parent Relationship": "Outer",
          "Parallel Aware": false,
          "Startup Cost": 32701.88,
          "Total Cost": 32702.19,
          "Plan Rows": 3,
          "Plan Width": 8,
          "Actual Startup Time": 90.583,
          "Actual Total Time": 97.311,
          "Actual Rows": 4,
          "Actual Loops": 1,
          "Workers Planned": 3,
          "Workers Launched": 3,
          "Single Copy": false,
          "Plans": [
            {
              "Node Type": "Aggregate",
              "Strategy": "Plain",
              "Partial Mode": "Partial",
              "Parent Relationship": "Outer",
              "Parallel Aware": false,
              "Startup Cost": 31701.88,
              "Total Cost": 31701.89,
              "Plan Rows": 1,
              "Plan Width": 8,
              "Actual Startup Time": 82.564,
              "Actual Total Time": 82.566,
              "Actual Rows": 1,
              "Actual Loops": 4,
              "Plans": [
                {
                  "Node Type": "Seq Scan",
                  "Parent Relationship": "Outer",
                  "Parallel Aware": true,
                  "Relation Name": "movie_companies",
                  "Alias": "mc",
                  "Startup Cost": 0.0,
                  "Total Cost": 31414.82,
                  "Plan Rows": 114823,
                  "Plan Width": 0,
                  "Actual Startup Time": 0.064,
                  "Actual Total Time": 72.889,
                  "Actual Rows": 129127,
                  "Actual Loops": 4,
                  "Filter": "((company_id < 1427) AND (company_type_id < 2))",
                  "Rows Removed by Filter": 523155
                }
              ]
            }
          ]
        }
      ]
    },
    "Planning Time": 0.228,
    "Triggers": [],
    "Execution Time": 97.381
  }
]