[
  {
    "Plan": {
      "Node Type": "Aggregate",
      "Strategy": "Plain",
      "Partial Mode": "Finalize",
      "Parallel Aware": false,
      "Startup Cost": 79101.17,
      "Total Cost": 79101.18,
      "Plan Rows": 1,
      "Plan Width": 8,
      "Actual Startup Time": 297.385,
      "Actual Total Time": 314.038,
      "Actual Rows": 1,
      "Actual Loops": 1,
      "Plans": [
        {
          "Node Type": "Gather",
          "Parent Relationship": "Outer",
          "Parallel Aware": false,
          "Startup Cost": 79100.86,
          "Total Cost": 79101.17,
          "Plan Rows": 3,
          "Plan Width": 8,
          "Actual Startup Time": 295.206,
          "Actual Total Time": 314.03,
          "Actual Rows": 4,
          "Actual Loops": 1,
          "Workers Planned": 3,
          "Workers Launched": 3,
          "Single Copy": false,
          "Plans": [
            {
              "Node Type": "Aggregate",
              "Strategy": "Plain",
              "Partial Mode": "Partial",
              "Parent Relationship": "Outer",
              "Parallel Aware": false,
              "Startup Cost": 78100.86,
              "Total Cost": 78100.87,
              "Plan Rows": 1,
              "Plan Width": 8,
              "Actual Startup Time": 288.019,
              "Actual Total Time": 288.022,
              "Actual Rows": 1,
              "Actual Loops": 4,
              "Plans": [
                {
                  "Node Type": "Hash Join",
                  "Parent Relationship": "Outer",
                  "Parallel Aware": true,
                  "Join Type": "Inner",
                  "Startup Cost": 47399.72,
                  "Total Cost": 77839.53,
                  "Plan Rows": 104531,
                  "Plan Width": 0,
                  "Actual Startup Time": 212.85,
                  "Actual Total Time": 282.252,
                  "Actual Rows": 131684,
                  "Actual Loops": 4,
                  "Inner Unique": true,
                  "Hash Cond": "(mc.movie_id = t.id)",
                  "Plans": [
                    {
                      "Node Type": "Seq Scan",
                      "Parent Relationship": "Outer",
                      "Parallel Aware": true,
                      "Relation Name": "movie_companies",
                      "Alias": "mc",
                      "Startup Cost": 0.0,
                      "Total Cost": 29310.68,
                      "Plan Rows": 430142,
                      "Plan Width": 4,
                      "Actual Startup Time": 30.804,
                      "Actual Total Time": 69.368,
                      "Actual Rows": 333721,
                      "Actual Loops": 4,
                      "Filter": "(company_type_id > 1)",
                      "Rows Removed by Filter": 318562
                    },
                    {
                      "Node Type": "Hash",
                      "Parent Relationship": "Inner",
                      "Parallel Aware": true,
                      "Startup Cost": 45479.59,
                      "Total Cost": 45479.59,
                      "Plan Rows": 153611,
                      "Plan Width": 4,
                      "Actual Startup Time": 141.578,
                      "Actual Total Time": 141.579,
                      "Actual Rows": 136643,
                      "Actual Loops": 4,
                      "Hash Buckets": 1048576,
                      "Original Hash Buckets": 1048576,
                      "Hash Batches": 1,
                      "Original Hash Batches": 1,
                      "Peak Memory Usage": 29632,
                      "Plans": [
                        {
                          "Node Type": "Seq Scan",
                          "Parent Relationship": "Outer",
                          "Parallel Aware": true,
                          "Relation Name": "title",
                          "Alias": "t",
                          "Startup Cost": 0.0,
                          "Total Cost": 45479.59,
                          "Plan Rows": 153611,
                          "Plan Width": 4,
                          "Actual Startup Time": 42.181,
                          "Actual Total Time": 99.223,
                          "Actual Rows": 136643,
                          "Actual Loops": 4,
                          "Filter": "((production_year > 1927) AND (kind_id = 1))",
                          "Rows Removed by Filter": 495435
                        }
                      ]
                    }
                  ]
                }
              ]
            }
          ]
        }
      ]
    },
    "Planning Time": 0.273,
    "Triggers": [],
    "Execution Time": 314.073
  }
]