[
  {
    "Plan": {
      "Node Type": "Aggregate",
      "Strategy": "Plain",
      "Partial Mode": "Finalize",
      "Parallel Aware": false,
      "Startup Cost": 46731.68,
      "Total Cost": 46731.69,
      "Plan Rows": 1,
      "Plan Width": 8,
      "Actual Startup Time": 149.375,
      "Actual Total Time": 157.026,
      "Actual Rows": 1,
      "Actual Loops": 1,
      "Plans": [
        {
          "Node Type": "Gather",
          "Parent Relationship": "Outer",
          "Parallel Aware": false,
          "Startup Cost": 46731.36,
          "Total Cost": 46731.67,
          "Plan Rows": 3,
          "Plan Width": 8,
          "Actual Startup Time": 149.305,
          "Actual Total Time": 157.019,
          "Actual Rows": 4,
          "Actual Loops": 1,
          "Workers Planned": 3,
          "Workers Launched": 3,
          "Single Copy": false,
          "Plans": [
            {
              "Node Type": "Aggregate",
              "Strategy": "Plain",
              "Partial Mode": "Partial",
              "Parent Relationship": "Outer",
              "Parallel Aware": false,
              "Startup Cost": 45731.36,
              "Total Cost": 45731.37,
              "Plan Rows": 1,
              "Plan Width": 8,
              "Actual Startup Time": 146.335,
              "Actual Total Time": 146.336,
              "Actual Rows": 1,
              "Actual Loops": 4,
              "Plans": [
                {
                  "Node Type": "Seq Scan",
                  "Parent Relationship": "Outer",
                  "Parallel Aware": true,
                  "Relation Name": "movie_keyword",
                  "Alias": "mk",
                  "Startup Cost": 0.0,
                  "Total Cost": 42695.65,
                  "Plan Rows": 1214284,
                  "Plan Width": 0,
                  "Actual Startup Time": 0.035,
                  "Actual Total Time": 106.157,
                  "Actual Rows": 941509,
                  "Actual Loops": 4,
                  "Filter": "(keyword_id > 703)",
                  "Rows Removed by Filter": 189474
                }
              ]
            }
          ]
        }
      ]
    },
    "Planning Time": 0.059,
    "Triggers": [],
    "Execution Time": 157.047
  }
]