[
  {
    "Plan": {
      "Node Type": "Aggregate",
      "Strategy": "Plain",
      "Partial Mode": "Finalize",
      "Parallel Aware": false,
      "Startup Cost": 76349.32,
      "Total Cost": 76349.33,
      "Plan Rows": 1,
      "Plan Width": 8,
      "Actual Startup Time": 275.263,
      "Actual Total Time": 293.203,
      "Actual Rows": 1,
      "Actual Loops": 1,
      "Plans": [
        {
          "Node Type": "Gather",
          "Parent Relationship": "Outer",
          "Parallel Aware": false,
          "Startup Cost": 76349.01,
          "Total Cost": 76349.32,
          "Plan Rows": 3,
          "Plan Width": 8,
          "Actual Startup Time": 273.078,
          "Actual Total Time": 293.19,
          "Actual Rows": 4,
          "Actual Loops": 1,
          "Workers Planned": 3,
          "Workers Launched": 3,
          "Single Copy": false,
          "Plans": [
            {
              "Node Type": "Aggregate",
              "Strategy": "Plain",
              "Partial Mode": "Partial",
              "Parent Relationship": "Outer",
              "Parallel Aware": false,
              "Startup Cost": 75349.01,
              "Total Cost": 75349.02,
              "Plan Rows": 1,
              "Plan Width": 8,
              "Actual Startup Time": 267.276,
              "Actual Total Time": 267.279,
              "Actual Rows": 1,
              "Actual Loops": 4,
              "Plans": [
                {
                  "Node Type": "Hash Join",
                  "Parent Relationship": "Outer",
                  "Parallel Aware": true,
                  "Join Type": "Inner",
                  "Startup Cost": 44678.27,
                  "Total Cost": 75232.27,
                  "Plan Rows": 46694,
                  "Plan Width": 0,
                  "Actual Startup Time": 133.786,
                  "Actual Total Time": 263.112,
                  "Actual Rows": 89208,
                  "Actual Loops": 4,
                  "Inner Unique": true,
                  "Hash Cond": "(mc.movie_id = t.id)",
                  "Plans": [
                    {
                      "Node Type": "Seq Scan",
                      "Parent Relationship": "Outer",
                      "Parallel Aware": true,
                      "Relation Name": "movie_companies",
                      "Alias": "mc",
                      "Startup Cost": 0.0,
                      "Total Cost": 29310.68,
                      "Plan Rows": 473645,
                      "Plan Width": 4,
                      "Actual Startup Time": 7.414,
                      "Actual Total Time": 75.792,
                      "Actual Rows": 364620,
                      "Actual Loops": 4,
                      "Filter": "(company_id > 8985)",
                      "Rows Removed by Filter": 287662
                    },
                    {
                      "Node Type": "Hash",
                      "Parent Relationship": "Inner",
                      "Parallel Aware": true,
                      "Startup Cost": 43899.32,
                      "Total Cost": 43899.32,
                      "Plan Rows": 62316,
                      "Plan Width": 4,
                      "Actual Startup Time": 124.415,
                      "Actual Total Time": 124.416,
                      "Actual Rows": 65898,
                      "Actual Loops": 4,
                      "Hash Buckets": 524288,
                      "Original Hash Buckets": 262144,
                      "Hash Batches": 1,
                      "Original Hash Batches": 1,
                      "Peak Memory Usage": 16544,
                      "Plans": [
                        {
                          "Node Type": "Seq Scan",
                          "Parent Relationship": "Outer",
                          "Parallel Aware": true,
                          "Relation Name": "title",
                          "Alias": "t",
                          "Startup Cost": 0.0,
                          "Total Cost": 43899.32,
                          "Plan Rows": 62316,
                          "Plan Width": 4,
                          "Actual Startup Time": 0.045,
                          "Actual Total Time": 92.449,
                          "Actual Rows": 65898,
                          "Actual Loops": 4,
                          "Filter": "(production_year < 1962)",
                          "Rows Removed by Filter": 566180
                        }
                      ]
                    }
                  ]
                }
              ]
            }
          ]
        }
      ]
    },
    "Planning Time": 0.23,
    "Triggers": [],
    "Execution Time": 293.236
  }
]