[
  {
    "Plan": {
      "Node Type": "Aggregate",
      "Strategy": "Plain",
      "Partial Mode": "Finalize",
      "Parallel Aware": false,
      "Startup Cost": 401642.32,
      "Total Cost": 401642.33,
      "Plan Rows": 1,
      "Plan Width": 8,
      "Actual Startup Time": 1214.664,
      "Actual Total Time": 1278.267,
      "Actual Rows": 1,
      "Actual Loops": 1,
      "Plans": [
        {
          "Node Type": "Gather",
          "Parent Relationship": "Outer",
          "Parallel Aware": false,
          "Startup Cost": 401641.69,
          "Total Cost": 401642.3,
          "Plan Rows": 6,
          "Plan Width": 8,
          "Actual Startup Time": 1207.383,
          "Actual Total Time": 1278.254,
          "Actual Rows": 7,
          "Actual Loops": 1,
          "Workers Planned": 6,
          "Workers Launched": 6,
          "Single Copy": false,
          "Plans": [
            {
              "Node Type": "Aggregate",
              "Strategy": "Plain",
              "Partial Mode": "Partial",
              "Parent Relationship": "Outer",
              "Parallel Aware": false,
              "Startup Cost": 400641.69,
              "Total Cost": 400641.7,
              "Plan Rows": 1,
              "Plan Width": 8,
              "Actual Startup Time": 1191.552,
              "Actual Total Time": 1191.555,
              "Actual Rows": 1,
              "Actual Loops": 7,
              "Plans": [
                {
                  "Node Type": "Hash Join",
                  "Parent Relationship": "Outer",
                  "Parallel Aware": true,
                  "Join Type": "Inner",
                  "Startup Cost": 49884.58,
                  "Total Cost": 397498.29,
                  "Plan Rows": 1257361,
                  "Plan Width": 0,
                  "Actual Startup Time": 530.784,
                  "Actual Total Time": 1164.298,
                  "Actual Rows": 634141,
                  "Actual Loops": 7,
                  "Inner Unique": true,
                  "Hash Cond": "(ci.movie_id = t.id)",
                  "Plans": [
                    {
                      "Node Type": "Seq Scan",
                      "Parent Relationship": "Outer",
                      "Parallel Aware": true,
                      "Relation Name": "cast_info",
                      "Alias": "ci",
                      "Startup Cost": 0.0,
                      "Total Cost": 343257.03,
                      "Plan Rows": 1659684,
                      "Plan Width": 4,
                      "Actual Startup Time": 323.227,
                      "Actual Total Time": 596.827,
                      "Actual Rows": 782046,
                      "Actual Loops": 7,
                      "Filter": "((person_id < 2247245) AND (role_id > 2))",
                      "Rows Removed by Filter": 4395718
                    },
                    {
                      "Node Type": "Hash",
                      "Parent Relationship": "Inner",
                      "Parallel Aware": true,
                      "Startup Cost": 43898.92,
                      "Total Cost": 43898.92,
                      "Plan Rows": 478853,
                      "Plan Width": 4,
                      "Actual Startup Time": 202.444,
                      "Actual Total Time": 202.445,
                      "Actual Rows": 271894,
                      "Actual Loops": 7,
                      "Hash Buckets": 2097152,
                      "Original Hash Buckets": 2097152,
                      "Hash Batches": 1,
                      "Original Hash Batches": 1,
                      "Peak Memory Usage": 90912,
                      "Plans": [
                        {
                          "Node Type": "Seq Scan",
                          "Parent Relationship": "Outer",
                          "Parallel Aware": true,
                          "Relation Name": "title",
                          "Alias": "t",
                          "Startup Cost": 0.0,
                          "Total Cost": 43898.92,
                          "Plan Rows": 478853,
                          "Plan Width": 4,
                          "Actual Startup Time": 0.048,
                          "Actual Total Time": 80.732,
                          "Actual Rows": 271894,
                          "Actual Loops": 7,
                          "Filter": "(production_year > 1982)",
                          "Rows Removed by Filter": 89293
                        }
                      ]
                    }
                  ]
                }
              ]
            }
          ]
        }
      ]
    },
    "Planning Time": 0.686,
    "Triggers": [],
    "Execution Time": 1278.356
  }
]