[
  {
    "Plan": {
      "Node Type": "Aggregate",
      "Strategy": "Plain",
      "Partial Mode": "Finalize",
      "Parallel Aware": false,
      "Startup Cost": 216054.55,
      "Total Cost": 216054.56,
      "Plan Rows": 1,
      "Plan Width": 64,
      "Actual Startup Time": 439.829,
      "Actual Total Time": 500.061,
      "Actual Rows": 1,
      "Actual Loops": 1,
      "Plans": [
        {
          "Node Type": "Gather",
          "Parent Relationship": "Outer",
          "Parallel Aware": false,
          "Startup Cost": 216054.02,
          "Total Cost": 216054.53,
          "Plan Rows": 5,
          "Plan Width": 64,
          "Actual Startup Time": 439.638,
          "Actual Total Time": 500.035,
          "Actual Rows": 6,
          "Actual Loops": 1,
          "Workers Planned": 5,
          "Workers Launched": 5,
          "Single Copy": false,
          "Plans": [
            {
              "Node Type": "Aggregate",
              "Strategy": "Plain",
              "Partial Mode": "Partial",
              "Parent Relationship": "Outer",
              "Parallel Aware": false,
              "Startup Cost": 215054.02,
              "Total Cost": 215054.03,
              "Plan Rows": 1,
              "Plan Width": 64,
              "Actual Startup Time": 427.647,
              "Actual Total Time": 427.653,
              "Actual Rows": 1,
              "Actual Loops": 6,
              "Plans": [
                {
                  "Node Type": "Nested Loop",
                  "Parent Relationship": "Outer",
                  "Parallel Aware": false,
                  "Join Type": "Inner",
                  "Startup Cost": 1.71,
                  "Total Cost": 215019.52,
                  "Plan Rows": 6900,
                  "Plan Width": 60,
                  "Actual Startup Time": 114.727,
                  "Actual Total Time": 427.591,
                  "Actual Rows": 380,
                  "Actual Loops": 6,
                  "Inner Unique": false,
                  "Plans": [
                    {
                      "Node Type": "Nested Loop",
                      "Parent Relationship": "Outer",
                      "Parallel Aware": false,
                      "Join Type": "Inner",
                      "Startup Cost": 1.28,
                      "Total Cost": 214629.92,
                      "Plan Rows": 213,
                      "Plan Width": 76,
                      "Actual Startup Time": 107.26,
                      "Actual Total Time": 426.905,
                      "Actual Rows": 58,
                      "Actual Loops": 6,
                      "Inner Unique": false,
                      "Plans": [
                        {
                          "Node Type": "Nested Loop",
                          "Parent Relationship": "Outer",
                          "Parallel Aware": false,
                          "Join Type": "Inner",
                          "Startup Cost": 0.85,
                          "Total Cost": 214603.31,
                          "Plan Rows": 41,
                          "Plan Width": 72,
                          "Actual Startup Time": 106.068,
                          "Actual Total Time": 426.207,
                          "Actual Rows": 18,
                          "Actual Loops": 6,
                          "Inner Unique": false,
                          "Plans": [
                            {
                              "Node Type": "Nested Loop",
                              "Parent Relationship": "Outer",
                              "Parallel Aware": false,
                              "Join Type": "Inner",
                              "Startup Cost": 0.43,
                              "Total Cost": 214581.72,
                              "Plan Rows": 41,
                              "Plan Width": 68,
                              "Actual Startup Time": 99.529,
                              "Actual Total Time": 423.332,
                              "Actual Rows": 292,
                              "Actual Loops": 6,
                              "Inner Unique": true,
                              "Plans": [
                                {
                                  "Node Type": "Seq Scan",
                                  "Parent Relationship": "Outer",
                                  "Parallel Aware": true,
                                  "Relation Name": "movie_info",
                                  "Alias": "mi",
                                  "Startup Cost": 0.0,
                                  "Total Cost": 213954.34,
                                  "Plan Rows": 75,
                                  "Plan Width": 47,
                                  "Actual Startup Time": 99.442,
                                  "Actual Total Time": 418.061,
                                  "Actual Rows": 297,
                                  "Actual Loops": 6,
                                  "Filter": "((info IS NOT NULL) AND (note ~~ '%internet%'::text) AND ((info ~~ 'USA:% 199%'::text) OR (info ~~ 'USA:% 200%'::text)))",
                                  "Rows Removed by Filter": 2472323
                                },
                                {
                                  "Node Type": "Index Scan",
                                  "Parent Relationship": "Inner",
                                  "Parallel Aware": false,
                                  "Scan Direction": "Forward",
                                  "Index Name": "title_pkey",
                                  "Relation Name": "title",
                                  "Alias": "t",
                                  "Startup Cost": 0.43,
                                  "Total Cost": 8.37,
                                  "Plan Rows": 1,
                                  "Plan Width": 21,
                                  "Actual Startup Time": 0.017,
                                  "Actual Total Time": 0.017,
                                  "Actual Rows": 1,
                                  "Actual Loops": 1783,
                                  "Index Cond": "(id = mi.movie_id)",
                                  "Rows Removed by Index Recheck": 0,
                                  "Filter": "(production_year > 2000)",
                                  "Rows Removed by Filter": 0
                                }
                              ]
                            },
                            {
                              "Node Type": "Index Only Scan",
                              "Parent Relationship": "Inner",
                              "Parallel Aware": false,
                              "Scan Direction": "Forward",
                              "Index Name": "movie_id_aka_title",
                              "Relation Name": "aka_title",
                              "Alias": "ak",
                              "Startup Cost": 0.42,
                              "Total Cost": 0.5,
                              "Plan Rows": 3,
                              "Plan Width": 4,
                              "Actual Startup Time": 0.009,
                              "Actual Total Time": 0.009,
                              "Actual Rows": 0,
                              "Actual Loops": 1749,
                              "Index Cond": "(movie_id = t.id)",
                              "Rows Removed by Index Recheck": 0,
                              "Heap Fetches": 111
                            }
                          ]
                        },
                        {
                          "Node Type": "Index Only Scan",
                          "Parent Relationship": "Inner",
                          "Parallel Aware": false,
                          "Scan Direction": "Forward",
                          "Index Name": "movie_id_movie_companies",
                          "Relation Name": "movie_companies",
                          "Alias": "mc",
                          "Startup Cost": 0.43,
                          "Total Cost": 0.6,
                          "Plan Rows": 5,
                          "Plan Width": 4,
                          "Actual Startup Time": 0.029,
                          "Actual Total Time": 0.036,
                          "Actual Rows": 3,
                          "Actual Loops": 111,
                          "Index Cond": "(movie_id = t.id)",
                          "Rows Removed by Index Recheck": 0,
                          "Heap Fetches": 350
                        }
                      ]
                    },
                    {
                      "Node Type": "Index Only Scan",
                      "Parent Relationship": "Inner",
                      "Parallel Aware": false,
                      "Scan Direction": "Forward",
                      "Index Name": "movie_id_movie_keyword",
                      "Relation Name": "movie_keyword",
                      "Alias": "mk",
                      "Startup Cost": 0.43,
                      "Total Cost": 1.37,
                      "Plan Rows": 46,
                      "Plan Width": 4,
                      "Actual Startup Time": 0.01,
                      "Actual Total Time": 0.011,
                      "Actual Rows": 7,
                      "Actual Loops": 350,
                      "Index Cond": "(movie_id = t.id)",
                      "Rows Removed by Index Recheck": 0,
                      "Heap Fetches": 2279
                    }
                  ]
                }
              ]
            }
          ]
        }
      ]
    },
    "Planning Time": 11.346,
    "Triggers": [],
    "Execution Time": 500.619
  }
]