{
  "Plan": {
    "Node Type": "Aggregate",
    "Strategy": "Plain",
    "Partial Mode": "Finalize",
    "Parallel Aware": false,
    "Startup Cost": 176252.97,
    "Total Cost": 176252.98,
    "Plan Rows": 1,
    "Plan Width": 8,
    "Actual Startup Time": 570.665,
    "Actual Total Time": 599.512,
    "Actual Rows": 1,
    "Actual Loops": 1,
    "Plans": [
      {
        "Node Type": "Gather",
        "Parent Relationship": "Outer",
        "Parallel Aware": false,
        "Startup Cost": 176252.86,
        "Total Cost": 176252.97,
        "Plan Rows": 1,
        "Plan Width": 8,
        "Actual Startup Time": 567.803,
        "Actual Total Time": 599.503,
        "Actual Rows": 2,
        "Actual Loops": 1,
        "Workers Planned": 1,
        "Workers Launched": 1,
        "Single Copy": false,
        "Plans": [
          {
            "Node Type": "Aggregate",
            "Strategy": "Plain",
            "Partial Mode": "Partial",
            "Parent Relationship": "Outer",
            "Parallel Aware": false,
            "Startup Cost": 175252.86,
            "Total Cost": 175252.87,
            "Plan Rows": 1,
            "Plan Width": 8,
            "Actual Startup Time": 562.596,
            "Actual Total Time": 562.6,
            "Actual Rows": 1,
            "Actual Loops": 2,
            "Plans": [
              {
                "Node Type": "Nested Loop",
                "Parent Relationship": "Outer",
                "Parallel Aware": false,
                "Join Type": "Inner",
                "Startup Cost": 57825.32,
                "Total Cost": 175041.68,
                "Plan Rows": 84471,
                "Plan Width": 0,
                "Actual Startup Time": 202.344,
                "Actual Total Time": 542.044,
                "Actual Rows": 467942,
                "Actual Loops": 2,
                "Inner Unique": false,
                "Plans": [
                  {
                    "Node Type": "Hash Join",
                    "Parent Relationship": "Outer",
                    "Parallel Aware": true,
                    "Join Type": "Inner",
                    "Startup Cost": 57824.89,
                    "Total Cost": 76619.01,
                    "Plan Rows": 47208,
                    "Plan Width": 8,
                    "Actual Startup Time": 202.279,
                    "Actual Total Time": 318.409,
                    "Actual Rows": 45907,
                    "Actual Loops": 2,
                    "Inner Unique": true,
                    "Hash Cond": "(mi_idx.movie_id = t.id)",
                    "Plans": [
                      {
                        "Node Type": "Seq Scan",
                        "Parent Relationship": "Outer",
                        "Parallel Aware": true,
                        "Relation Name": "movie_info_idx",
                        "Alias": "mi_idx",
                        "Startup Cost": 0.0,
                        "Total Cost": 18082.32,
                        "Plan Rows": 271164,
                        "Plan Width": 4,
                        "Actual Startup Time": 0.021,
                        "Actual Total Time": 53.511,
                        "Actual Rows": 230092,
                        "Actual Loops": 2,
                        "Filter": "(info_type_id > 100)",
                        "Rows Removed by Filter": 459925
                      },
                      {
                        "Node Type": "Hash",
                        "Parent Relationship": "Inner",
                        "Parallel Aware": true,
                        "Startup Cost": 54588.39,
                        "Total Cost": 54588.39,
                        "Plan Rows": 258920,
                        "Plan Width": 4,
                        "Actual Startup Time": 196.329,
                        "Actual Total Time": 196.33,
                        "Actual Rows": 225784,
                        "Actual Loops": 2,
                        "Hash Buckets": 524288,
                        "Original Hash Buckets": 524288,
                        "Hash Batches": 1,
                        "Original Hash Batches": 1,
                        "Peak Memory Usage": 21792,
                        "Plans": [
                          {
                            "Node Type": "Seq Scan",
                            "Parent Relationship": "Outer",
                            "Parallel Aware": true,
                            "Relation Name": "title",
                            "Alias": "t",
                            "Startup Cost": 0.0,
                            "Total Cost": 54588.39,
                            "Plan Rows": 258920,
                            "Plan Width": 4,
                            "Actual Startup Time": 0.032,
                            "Actual Total Time": 144.725,
                            "Actual Rows": 225784,
                            "Actual Loops": 2,
                            "Filter": "(production_year < 1976)",
                            "Rows Removed by Filter": 1038372
                          }
                        ]
                      }
                    ]
                  },
                  {
                    "Node Type": "Index Only Scan",
                    "Parent Relationship": "Inner",
                    "Parallel Aware": false,
                    "Scan Direction": "Forward",
                    "Index Name": "movie_id_movie_keyword",
                    "Relation Name": "movie_keyword",
                    "Alias": "mk",
                    "Startup Cost": 0.43,
                    "Total Cost": 1.63,
                    "Plan Rows": 45,
                    "Plan Width": 4,
                    "Actual Startup Time": 0.003,
                    "Actual Total Time": 0.004,
                    "Actual Rows": 10,
                    "Actual Loops": 91814,
                    "Index Cond": "(movie_id = t.id)",
                    "Rows Removed by Index Recheck": 0,
                    "Heap Fetches": 935885
                  }
                ]
              }
            ]
          }
        ]
      }
    ]
  },
  "Planning Time": 1.026,
  "Triggers": [],
  "Execution Time": 599.595
}