[
  {
    "Plan": {
      "Node Type": "Aggregate",
      "Strategy": "Plain",
      "Partial Mode": "Finalize",
      "Parallel Aware": false,
      "Startup Cost": 305605.75,
      "Total Cost": 305605.76,
      "Plan Rows": 1,
      "Plan Width": 8,
      "Actual Startup Time": 1718.699,
      "Actual Total Time": 1761.333,
      "Actual Rows": 1,
      "Actual Loops": 1,
      "Plans": [
        {
          "Node Type": "Gather",
          "Parent Relationship": "Outer",
          "Parallel Aware": false,
          "Startup Cost": 305605.23,
          "Total Cost": 305605.74,
          "Plan Rows": 5,
          "Plan Width": 8,
          "Actual Startup Time": 1705.883,
          "Actual Total Time": 1761.323,
          "Actual Rows": 6,
          "Actual Loops": 1,
          "Workers Planned": 5,
          "Workers Launched": 5,
          "Single Copy": false,
          "Plans": [
            {
              "Node Type": "Aggregate",
              "Strategy": "Plain",
              "Partial Mode": "Partial",
              "Parent Relationship": "Outer",
              "Parallel Aware": false,
              "Startup Cost": 304605.23,
              "Total Cost": 304605.24,
              "Plan Rows": 1,
              "Plan Width": 8,
              "Actual Startup Time": 1694.635,
              "Actual Total Time": 1694.642,
              "Actual Rows": 1,
              "Actual Loops": 6,
              "Plans": [
                {
                  "Node Type": "Hash Join",
                  "Parent Relationship": "Outer",
                  "Parallel Aware": true,
                  "Join Type": "Inner",
                  "Startup Cost": 95675.34,
                  "Total Cost": 303277.62,
                  "Plan Rows": 531043,
                  "Plan Width": 0,
                  "Actual Startup Time": 419.475,
                  "Actual Total Time": 1457.575,
                  "Actual Rows": 5445723,
                  "Actual Loops": 6,
                  "Inner Unique": false,
                  "Hash Cond": "(mi.movie_id = t.id)",
                  "Plans": [
                    {
                      "Node Type": "Seq Scan",
                      "Parent Relationship": "Outer",
                      "Parallel Aware": true,
                      "Relation Name": "movie_info",
                      "Alias": "mi",
                      "Startup Cost": 0.0,
                      "Total Cost": 199108.24,
                      "Plan Rows": 1808265,
                      "Plan Width": 4,
                      "Actual Startup Time": 0.036,
                      "Actual Total Time": 366.258,
                      "Actual Rows": 1494449,
                      "Actual Loops": 6,
                      "Filter": "(info_type_id < 15)",
                      "Rows Removed by Filter": 978171
                    },
                    {
                      "Node Type": "Hash",
                      "Parent Relationship": "Inner",
                      "Parallel Aware": true,
                      "Startup Cost": 92681.26,
                      "Total Cost": 92681.26,
                      "Plan Rows": 239527,
                      "Plan Width": 8,
                      "Actual Startup Time": 415.116,
                      "Actual Total Time": 415.12,
                      "Actual Rows": 258688,
                      "Actual Loops": 6,
                      "Hash Buckets": 2097152,
                      "Original Hash Buckets": 1048576,
                      "Hash Batches": 1,
                      "Original Hash Batches": 1,
                      "Peak Memory Usage": 85440,
                      "Plans": [
                        {
                          "Node Type": "Hash Join",
                          "Parent Relationship": "Outer",
                          "Parallel Aware": true,
                          "Join Type": "Inner",
                          "Startup Cost": 48061.24,
                          "Total Cost": 92681.26,
                          "Plan Rows": 239527,
                          "Plan Width": 8,
                          "Actual Startup Time": 154.833,
                          "Actual Total Time": 305.76,
                          "Actual Rows": 258688,
                          "Actual Loops": 6,
                          "Inner Unique": true,
                          "Hash Cond": "(mk.movie_id = t.id)",
                          "Plans": [
                            {
                              "Node Type": "Seq Scan",
                              "Parent Relationship": "Outer",
                              "Parallel Aware": true,
                              "Relation Name": "movie_keyword",
                              "Alias": "mk",
                              "Startup Cost": 0.0,
                              "Total Cost": 42695.65,
                              "Plan Rows": 733092,
                              "Plan Width": 4,
                              "Actual Startup Time": 0.038,
                              "Actual Total Time": 80.775,
                              "Actual Rows": 380725,
                              "Actual Loops": 6,
                              "Filter": "(keyword_id < 4851)",
                              "Rows Removed by Filter": 373263
                            },
                            {
                              "Node Type": "Hash",
                              "Parent Relationship": "Inner",
                              "Parallel Aware": true,
                              "Startup Cost": 45479.59,
                              "Total Cost": 45479.59,
                              "Plan Rows": 206532,
                              "Plan Width": 4,
                              "Actual Startup Time": 152.845,
                              "Actual Total Time": 152.846,
                              "Actual Rows": 122999,
                              "Actual Loops": 6,
                              "Hash Buckets": 1048576,
                              "Original Hash Buckets": 1048576,
                              "Hash Batches": 1,
                              "Original Hash Batches": 1,
                              "Peak Memory Usage": 37184,
                              "Plans": [
                                {
                                  "Node Type": "Seq Scan",
                                  "Parent Relationship": "Outer",
                                  "Parallel Aware": true,
                                  "Relation Name": "title",
                                  "Alias": "t",
                                  "Startup Cost": 0.0,
                                  "Total Cost": 45479.59,
                                  "Plan Rows": 206532,
                                  "Plan Width": 4,
                                  "Actual Startup Time": 0.046,
                                  "Actual Total Time": 92.058,
                                  "Actual Rows": 122999,
                                  "Actual Loops": 6,
                                  "Filter": "((kind_id < 7) AND (production_year > 1968))",
                                  "Rows Removed by Filter": 298386
                                }
                              ]
                            }
                          ]
                        }
                      ]
                    }
                  ]
                }
              ]
            }
          ]
        }
      ]
    },
    "Planning Time": 1.436,
    "Triggers": [],
    "Execution Time": 1761.429
  }
]