{
  "Plan": {
    "Node Type": "Aggregate",
    "Strategy": "Plain",
    "Partial Mode": "Finalize",
    "Parallel Aware": false,
    "Startup Cost": 669170.48,
    "Total Cost": 669170.49,
    "Plan Rows": 1,
    "Plan Width": 8,
    "Actual Startup Time": 8382.567,
    "Actual Total Time": 8449.365,
    "Actual Rows": 1,
    "Actual Loops": 1,
    "Plans": [
      {
        "Node Type": "Gather",
        "Parent Relationship": "Outer",
        "Parallel Aware": false,
        "Startup Cost": 669170.37,
        "Total Cost": 669170.48,
        "Plan Rows": 1,
        "Plan Width": 8,
        "Actual Startup Time": 8379.663,
        "Actual Total Time": 8449.356,
        "Actual Rows": 2,
        "Actual Loops": 1,
        "Workers Planned": 1,
        "Workers Launched": 1,
        "Single Copy": false,
        "Plans": [
          {
            "Node Type": "Aggregate",
            "Strategy": "Plain",
            "Partial Mode": "Partial",
            "Parent Relationship": "Outer",
            "Parallel Aware": false,
            "Startup Cost": 668170.37,
            "Total Cost": 668170.38,
            "Plan Rows": 1,
            "Plan Width": 8,
            "Actual Startup Time": 8373.138,
            "Actual Total Time": 8373.142,
            "Actual Rows": 1,
            "Actual Loops": 2,
            "Plans": [
              {
                "Node Type": "Hash Join",
                "Parent Relationship": "Outer",
                "Parallel Aware": true,
                "Join Type": "Inner",
                "Startup Cost": 64789.48,
                "Total Cost": 639232.32,
                "Plan Rows": 11575219,
                "Plan Width": 0,
                "Actual Startup Time": 383.706,
                "Actual Total Time": 7938.444,
                "Actual Rows": 10565398,
                "Actual Loops": 2,
                "Inner Unique": true,
                "Hash Cond": "(ci.movie_id = t.id)",
                "Plans": [
                  {
                    "Node Type": "Seq Scan",
                    "Parent Relationship": "Outer",
                    "Parallel Aware": true,
                    "Relation Name": "cast_info",
                    "Alias": "ci",
                    "Startup Cost": 0.0,
                    "Total Cost": 519069.44,
                    "Plan Rows": 21094595,
                    "Plan Width": 4,
                    "Actual Startup Time": 8.508,
                    "Actual Total Time": 1716.339,
                    "Actual Rows": 17940613,
                    "Actual Loops": 2,
                    "Filter": "(person_id > 41607)",
                    "Rows Removed by Filter": 181559
                  },
                  {
                    "Node Type": "Hash",
                    "Parent Relationship": "Inner",
                    "Parallel Aware": true,
                    "Startup Cost": 54588.39,
                    "Total Cost": 54588.39,
                    "Plan Rows": 816087,
                    "Plan Width": 4,
                    "Actual Startup Time": 362.096,
                    "Actual Total Time": 362.097,
                    "Actual Rows": 690726,
                    "Actual Loops": 2,
                    "Hash Buckets": 2097152,
                    "Original Hash Buckets": 2097152,
                    "Hash Batches": 1,
                    "Original Hash Batches": 1,
                    "Peak Memory Usage": 70464,
                    "Plans": [
                      {
                        "Node Type": "Seq Scan",
                        "Parent Relationship": "Outer",
                        "Parallel Aware": true,
                        "Relation Name": "title",
                        "Alias": "t",
                        "Startup Cost": 0.0,
                        "Total Cost": 54588.39,
                        "Plan Rows": 816087,
                        "Plan Width": 4,
                        "Actual Startup Time": 0.024,
                        "Actual Total Time": 168.951,
                        "Actual Rows": 690726,
                        "Actual Loops": 2,
                        "Filter": "(production_year > 2000)",
                        "Rows Removed by Filter": 573430
                      }
                    ]
                  }
                ]
              }
            ]
          }
        ]
      }
    ]
  },
  "Planning Time": 0.629,
  "Triggers": [],
  "Execution Time": 8449.438
}