[
    {
        "Bao": {
            "Bao prediction": "NaN",
            "Bao recommended hint": "(no hint)"
        }
    },
    {
        "Plan": {
            "Node Type": "Aggregate",
            "Strategy": "Plain",
            "Partial Mode": "Finalize",
            "Parallel Aware": false,
            "Startup Cost": 33401.6,
            "Total Cost": 33401.61,
            "Plan Rows": 1,
            "Plan Width": 8,
            "Actual Startup Time": 99.664,
            "Actual Total Time": 104.941,
            "Actual Rows": 1,
            "Actual Loops": 1,
            "Output": [
                "count(*)"
            ],
            "Plans": [
                {
                    "Node Type": "Gather",
                    "Parent Relationship": "Outer",
                    "Parallel Aware": false,
                    "Startup Cost": 33401.28,
                    "Total Cost": 33401.59,
                    "Plan Rows": 3,
                    "Plan Width": 8,
                    "Actual Startup Time": 99.536,
                    "Actual Total Time": 104.934,
                    "Actual Rows": 4,
                    "Actual Loops": 1,
                    "Output": [
                        "(PARTIAL count(*))"
                    ],
                    "Workers Planned": 3,
                    "Workers Launched": 3,
                    "Single Copy": false,
                    "Plans": [
                        {
                            "Node Type": "Aggregate",
                            "Strategy": "Plain",
                            "Partial Mode": "Partial",
                            "Parent Relationship": "Outer",
                            "Parallel Aware": false,
                            "Startup Cost": 32401.28,
                            "Total Cost": 32401.29,
                            "Plan Rows": 1,
                            "Plan Width": 8,
                            "Actual Startup Time": 91.613,
                            "Actual Total Time": 91.614,
                            "Actual Rows": 1,
                            "Actual Loops": 4,
                            "Output": [
                                "PARTIAL count(*)"
                            ],
                            "Workers": [
                                {
                                    "Worker Number": 0,
                                    "Actual Startup Time": 88.918,
                                    "Actual Total Time": 88.919,
                                    "Actual Rows": 1,
                                    "Actual Loops": 1
                                },
                                {
                                    "Worker Number": 1,
                                    "Actual Startup Time": 88.915,
                                    "Actual Total Time": 88.916,
                                    "Actual Rows": 1,
                                    "Actual Loops": 1
                                },
                                {
                                    "Worker Number": 2,
                                    "Actual Startup Time": 89.379,
                                    "Actual Total Time": 89.38,
                                    "Actual Rows": 1,
                                    "Actual Loops": 1
                                }
                            ],
                            "Plans": [
                                {
                                    "Node Type": "Seq Scan",
                                    "Parent Relationship": "Outer",
                                    "Parallel Aware": true,
                                    "Relation Name": "movie_companies",
                                    "Schema": "public",
                                    "Alias": "mc",
                                    "Startup Cost": 0.0,
                                    "Total Cost": 31414.82,
                                    "Plan Rows": 394586,
                                    "Plan Width": 0,
                                    "Actual Startup Time": 42.213,
                                    "Actual Total Time": 79.357,
                                    "Actual Rows": 280221,
                                    "Actual Loops": 4,
                                    "Output": [
                                        "id",
                                        "movie_id",
                                        "company_id",
                                        "company_type_id",
                                        "note"
                                    ],
                                    "Filter": "((mc.company_id < 109550) AND (mc.company_type_id > 1))",
                                    "Rows Removed by Filter": 372061,
                                    "Workers": [
                                        {
                                            "Worker Number": 0,
                                            "Actual Startup Time": 39.517,
                                            "Actual Total Time": 76.746,
                                            "Actual Rows": 184855,
                                            "Actual Loops": 1
                                        },
                                        {
                                            "Worker Number": 1,
                                            "Actual Startup Time": 39.513,
                                            "Actual Total Time": 76.713,
                                            "Actual Rows": 300945,
                                            "Actual Loops": 1
                                        },
                                        {
                                            "Worker Number": 2,
                                            "Actual Startup Time": 39.98,
                                            "Actual Total Time": 77.552,
                                            "Actual Rows": 292094,
                                            "Actual Loops": 1
                                        }
                                    ]
                                }
                            ]
                        }
                    ]
                }
            ]
        },
        "Planning Time": 179.657,
        "Triggers": [],
        "Execution Time": 104.99
    }
]