[
  {
    "Plan": {
      "Node Type": "Aggregate",
      "Strategy": "Plain",
      "Partial Mode": "Finalize",
      "Parallel Aware": false,
      "Startup Cost": 31960.93,
      "Total Cost": 31960.94,
      "Plan Rows": 1,
      "Plan Width": 8,
      "Actual Startup Time": 130.925,
      "Actual Total Time": 139.782,
      "Actual Rows": 1,
      "Actual Loops": 1,
      "Plans": [
        {
          "Node Type": "Gather",
          "Parent Relationship": "Outer",
          "Parallel Aware": false,
          "Startup Cost": 31960.61,
          "Total Cost": 31960.92,
          "Plan Rows": 3,
          "Plan Width": 8,
          "Actual Startup Time": 130.812,
          "Actual Total Time": 139.773,
          "Actual Rows": 4,
          "Actual Loops": 1,
          "Workers Planned": 3,
          "Workers Launched": 3,
          "Single Copy": false,
          "Plans": [
            {
              "Node Type": "Aggregate",
              "Strategy": "Plain",
              "Partial Mode": "Partial",
              "Parent Relationship": "Outer",
              "Parallel Aware": false,
              "Startup Cost": 30960.61,
              "Total Cost": 30960.62,
              "Plan Rows": 1,
              "Plan Width": 8,
              "Actual Startup Time": 122.472,
              "Actual Total Time": 122.473,
              "Actual Rows": 1,
              "Actual Loops": 4,
              "Plans": [
                {
                  "Node Type": "Seq Scan",
                  "Parent Relationship": "Outer",
                  "Parallel Aware": true,
                  "Relation Name": "movie_companies",
                  "Alias": "mc",
                  "Startup Cost": 0.0,
                  "Total Cost": 29310.68,
                  "Plan Rows": 659972,
                  "Plan Width": 0,
                  "Actual Startup Time": 0.059,
                  "Actual Total Time": 92.986,
                  "Actual Rows": 506302,
                  "Actual Loops": 4,
                  "Filter": "(company_id < 70994)",
                  "Rows Removed by Filter": 145980
                }
              ]
            }
          ]
        }
      ]
    },
    "Planning Time": 0.167,
    "Triggers": [],
    "Execution Time": 139.835
  }
]