[
    {
        "Bao": {
            "Bao prediction": "NaN",
            "Bao recommended hint": "(no hint)"
        }
    },
    {
        "Plan": {
            "Node Type": "Aggregate",
            "Strategy": "Plain",
            "Partial Mode": "Finalize",
            "Parallel Aware": false,
            "Startup Cost": 396326.24,
            "Total Cost": 396326.25,
            "Plan Rows": 1,
            "Plan Width": 8,
            "Actual Startup Time": 1023.62,
            "Actual Total Time": 1058.278,
            "Actual Rows": 1,
            "Actual Loops": 1,
            "Output": [
                "count(*)"
            ],
            "Plans": [
                {
                    "Node Type": "Gather",
                    "Parent Relationship": "Outer",
                    "Parallel Aware": false,
                    "Startup Cost": 396325.61,
                    "Total Cost": 396326.22,
                    "Plan Rows": 6,
                    "Plan Width": 8,
                    "Actual Startup Time": 1001.985,
                    "Actual Total Time": 1058.263,
                    "Actual Rows": 7,
                    "Actual Loops": 1,
                    "Output": [
                        "(PARTIAL count(*))"
                    ],
                    "Workers Planned": 6,
                    "Workers Launched": 6,
                    "Single Copy": false,
                    "Plans": [
                        {
                            "Node Type": "Aggregate",
                            "Strategy": "Plain",
                            "Partial Mode": "Partial",
                            "Parent Relationship": "Outer",
                            "Parallel Aware": false,
                            "Startup Cost": 395325.61,
                            "Total Cost": 395325.62,
                            "Plan Rows": 1,
                            "Plan Width": 8,
                            "Actual Startup Time": 981.642,
                            "Actual Total Time": 981.645,
                            "Actual Rows": 1,
                            "Actual Loops": 7,
                            "Output": [
                                "PARTIAL count(*)"
                            ],
                            "Workers": [
                                {
                                    "Worker Number": 0,
                                    "Actual Startup Time": 977.629,
                                    "Actual Total Time": 977.631,
                                    "Actual Rows": 1,
                                    "Actual Loops": 1
                                },
                                {
                                    "Worker Number": 1,
                                    "Actual Startup Time": 978.969,
                                    "Actual Total Time": 978.972,
                                    "Actual Rows": 1,
                                    "Actual Loops": 1
                                },
                                {
                                    "Worker Number": 2,
                                    "Actual Startup Time": 979.571,
                                    "Actual Total Time": 979.574,
                                    "Actual Rows": 1,
                                    "Actual Loops": 1
                                },
                                {
                                    "Worker Number": 3,
                                    "Actual Startup Time": 977.905,
                                    "Actual Total Time": 977.908,
                                    "Actual Rows": 1,
                                    "Actual Loops": 1
                                },
                                {
                                    "Worker Number": 4,
                                    "Actual Startup Time": 977.925,
                                    "Actual Total Time": 977.927,
                                    "Actual Rows": 1,
                                    "Actual Loops": 1
                                },
                                {
                                    "Worker Number": 5,
                                    "Actual Startup Time": 978.141,
                                    "Actual Total Time": 978.144,
                                    "Actual Rows": 1,
                                    "Actual Loops": 1
                                }
                            ],
                            "Plans": [
                                {
                                    "Node Type": "Hash Join",
                                    "Parent Relationship": "Outer",
                                    "Parallel Aware": true,
                                    "Join Type": "Inner",
                                    "Startup Cost": 50219.81,
                                    "Total Cost": 394453.97,
                                    "Plan Rows": 348657,
                                    "Plan Width": 0,
                                    "Actual Startup Time": 603.654,
                                    "Actual Total Time": 971.166,
                                    "Actual Rows": 190920,
                                    "Actual Loops": 7,
                                    "Inner Unique": true,
                                    "Hash Cond": "(ci.movie_id = t.id)",
                                    "Workers": [
                                        {
                                            "Worker Number": 0,
                                            "Actual Startup Time": 599.909,
                                            "Actual Total Time": 968.089,
                                            "Actual Rows": 211188,
                                            "Actual Loops": 1
                                        },
                                        {
                                            "Worker Number": 1,
                                            "Actual Startup Time": 601.247,
                                            "Actual Total Time": 967.345,
                                            "Actual Rows": 157271,
                                            "Actual Loops": 1
                                        },
                                        {
                                            "Worker Number": 2,
                                            "Actual Startup Time": 599.957,
                                            "Actual Total Time": 968.293,
                                            "Actual Rows": 152938,
                                            "Actual Loops": 1
                                        },
                                        {
                                            "Worker Number": 3,
                                            "Actual Startup Time": 600.197,
                                            "Actual Total Time": 967.928,
                                            "Actual Rows": 214246,
                                            "Actual Loops": 1
                                        },
                                        {
                                            "Worker Number": 4,
                                            "Actual Startup Time": 600.202,
                                            "Actual Total Time": 967.999,
                                            "Actual Rows": 214636,
                                            "Actual Loops": 1
                                        },
                                        {
                                            "Worker Number": 5,
                                            "Actual Startup Time": 600.42,
                                            "Actual Total Time": 968.652,
                                            "Actual Rows": 208980,
                                            "Actual Loops": 1
                                        }
                                    ],
                                    "Plans": [
                                        {
                                            "Node Type": "Seq Scan",
                                            "Parent Relationship": "Outer",
                                            "Parallel Aware": true,
                                            "Relation Name": "cast_info",
                                            "Schema": "public",
                                            "Alias": "ci",
                                            "Startup Cost": 0.0,
                                            "Total Cost": 343318.94,
                                            "Plan Rows": 348657,
                                            "Plan Width": 4,
                                            "Actual Startup Time": 320.081,
                                            "Actual Total Time": 584.584,
                                            "Actual Rows": 190920,
                                            "Actual Loops": 7,
                                            "Output": [
                                                "ci.id",
                                                "ci.person_id",
                                                "ci.movie_id",
                                                "ci.person_role_id",
                                                "ci.note",
                                                "ci.nr_order",
                                                "ci.role_id"
                                            ],
                                            "Filter": "((ci.person_id < 469803) AND (ci.role_id > 2))",
                                            "Rows Removed by Filter": 4986843,
                                            "Workers": [
                                                {
                                                    "Worker Number": 0,
                                                    "Actual Startup Time": 320.08,
                                                    "Actual Total Time": 582.916,
                                                    "Actual Rows": 211188,
                                                    "Actual Loops": 1
                                                },
                                                {
                                                    "Worker Number": 1,
                                                    "Actual Startup Time": 320.058,
                                                    "Actual Total Time": 589.099,
                                                    "Actual Rows": 157271,
                                                    "Actual Loops": 1
                                                },
                                                {
                                                    "Worker Number": 2,
                                                    "Actual Startup Time": 320.097,
                                                    "Actual Total Time": 590.345,
                                                    "Actual Rows": 152938,
                                                    "Actual Loops": 1
                                                },
                                                {
                                                    "Worker Number": 3,
                                                    "Actual Startup Time": 320.09,
                                                    "Actual Total Time": 583.467,
                                                    "Actual Rows": 214246,
                                                    "Actual Loops": 1
                                                },
                                                {
                                                    "Worker Number": 4,
                                                    "Actual Startup Time": 320.079,
                                                    "Actual Total Time": 582.931,
                                                    "Actual Rows": 214636,
                                                    "Actual Loops": 1
                                                },
                                                {
                                                    "Worker Number": 5,
                                                    "Actual Startup Time": 320.086,
                                                    "Actual Total Time": 583.605,
                                                    "Actual Rows": 208980,
                                                    "Actual Loops": 1
                                                }
                                            ]
                                        },
                                        {
                                            "Node Type": "Hash",
                                            "Parent Relationship": "Inner",
                                            "Parallel Aware": true,
                                            "Startup Cost": 42318.81,
                                            "Total Cost": 42318.81,
                                            "Plan Rows": 632080,
                                            "Plan Width": 4,
                                            "Actual Startup Time": 276.253,
                                            "Actual Total Time": 276.253,
                                            "Actual Rows": 361187,
                                            "Actual Loops": 7,
                                            "Output": [
                                                "t.id"
                                            ],
                                            "Hash Buckets": 4194304,
                                            "Original Hash Buckets": 4194304,
                                            "Hash Batches": 1,
                                            "Original Hash Batches": 1,
                                            "Peak Memory Usage": 131808,
                                            "Workers": [
                                                {
                                                    "Worker Number": 0,
                                                    "Actual Startup Time": 279.042,
                                                    "Actual Total Time": 279.043,
                                                    "Actual Rows": 401645,
                                                    "Actual Loops": 1
                                                },
                                                {
                                                    "Worker Number": 1,
                                                    "Actual Startup Time": 280.517,
                                                    "Actual Total Time": 280.518,
                                                    "Actual Rows": 271657,
                                                    "Actual Loops": 1
                                                },
                                                {
                                                    "Worker Number": 2,
                                                    "Actual Startup Time": 278.97,
                                                    "Actual Total Time": 278.971,
                                                    "Actual Rows": 306865,
                                                    "Actual Loops": 1
                                                },
                                                {
                                                    "Worker Number": 3,
                                                    "Actual Startup Time": 279.132,
                                                    "Actual Total Time": 279.133,
                                                    "Actual Rows": 417910,
                                                    "Actual Loops": 1
                                                },
                                                {
                                                    "Worker Number": 4,
                                                    "Actual Startup Time": 279.214,
                                                    "Actual Total Time": 279.215,
                                                    "Actual Rows": 425082,
                                                    "Actual Loops": 1
                                                },
                                                {
                                                    "Worker Number": 5,
                                                    "Actual Startup Time": 279.517,
                                                    "Actual Total Time": 279.517,
                                                    "Actual Rows": 404590,
                                                    "Actual Loops": 1
                                                }
                                            ],
                                            "Plans": [
                                                {
                                                    "Node Type": "Seq Scan",
                                                    "Parent Relationship": "Outer",
                                                    "Parallel Aware": true,
                                                    "Relation Name": "title",
                                                    "Schema": "public",
                                                    "Alias": "t",
                                                    "Startup Cost": 0.0,
                                                    "Total Cost": 42318.81,
                                                    "Plan Rows": 632080,
                                                    "Plan Width": 4,
                                                    "Actual Startup Time": 0.055,
                                                    "Actual Total Time": 76.666,
                                                    "Actual Rows": 361187,
                                                    "Actual Loops": 7,
                                                    "Output": [
                                                        "t.id"
                                                    ],
                                                    "Workers": [
                                                        {
                                                            "Worker Number": 0,
                                                            "Actual Startup Time": 0.077,
                                                            "Actual Total Time": 74.898,
                                                            "Actual Rows": 401645,
                                                            "Actual Loops": 1
                                                        },
                                                        {
                                                            "Worker Number": 1,
                                                            "Actual Startup Time": 0.036,
                                                            "Actual Total Time": 86.07,
                                                            "Actual Rows": 271657,
                                                            "Actual Loops": 1
                                                        },
                                                        {
                                                            "Worker Number": 2,
                                                            "Actual Startup Time": 0.058,
                                                            "Actual Total Time": 80.636,
                                                            "Actual Rows": 306865,
                                                            "Actual Loops": 1
                                                        },
                                                        {
                                                            "Worker Number": 3,
                                                            "Actual Startup Time": 0.069,
                                                            "Actual Total Time": 75.356,
                                                            "Actual Rows": 417910,
                                                            "Actual Loops": 1
                                                        },
                                                        {
                                                            "Worker Number": 4,
                                                            "Actual Startup Time": 0.064,
                                                            "Actual Total Time": 74.703,
                                                            "Actual Rows": 425082,
                                                            "Actual Loops": 1
                                                        },
                                                        {
                                                            "Worker Number": 5,
                                                            "Actual Startup Time": 0.054,
                                                            "Actual Total Time": 74.669,
                                                            "Actual Rows": 404590,
                                                            "Actual Loops": 1
                                                        }
                                                    ]
                                                }
                                            ]
                                        }
                                    ]
                                }
                            ]
                        }
                    ]
                }
            ]
        },
        "Planning Time": 305.561,
        "Triggers": [],
        "Execution Time": 1058.365
    }
]