[
  {
    "Plan": {
      "Node Type": "Aggregate",
      "Strategy": "Plain",
      "Partial Mode": "Finalize",
      "Parallel Aware": false,
      "Startup Cost": 423253.06,
      "Total Cost": 423253.07,
      "Plan Rows": 1,
      "Plan Width": 8,
      "Actual Startup Time": 2944.999,
      "Actual Total Time": 3012.021,
      "Actual Rows": 1,
      "Actual Loops": 1,
      "Plans": [
        {
          "Node Type": "Gather",
          "Parent Relationship": "Outer",
          "Parallel Aware": false,
          "Startup Cost": 423252.44,
          "Total Cost": 423253.05,
          "Plan Rows": 6,
          "Plan Width": 8,
          "Actual Startup Time": 2936.71,
          "Actual Total Time": 3012.008,
          "Actual Rows": 7,
          "Actual Loops": 1,
          "Workers Planned": 6,
          "Workers Launched": 6,
          "Single Copy": false,
          "Plans": [
            {
              "Node Type": "Aggregate",
              "Strategy": "Plain",
              "Partial Mode": "Partial",
              "Parent Relationship": "Outer",
              "Parallel Aware": false,
              "Startup Cost": 422252.44,
              "Total Cost": 422252.45,
              "Plan Rows": 1,
              "Plan Width": 8,
              "Actual Startup Time": 2924.991,
              "Actual Total Time": 2925.085,
              "Actual Rows": 1,
              "Actual Loops": 7,
              "Plans": [
                {
                  "Node Type": "Hash Join",
                  "Parent Relationship": "Outer",
                  "Parallel Aware": true,
                  "Join Type": "Inner",
                  "Startup Cost": 78841.59,
                  "Total Cost": 418913.6,
                  "Plan Rows": 1335535,
                  "Plan Width": 0,
                  "Actual Startup Time": 331.951,
                  "Actual Total Time": 2653.022,
                  "Actual Rows": 5439682,
                  "Actual Loops": 7,
                  "Inner Unique": false,
                  "Hash Cond": "(ci.movie_id = t.id)",
                  "Plans": [
                    {
                      "Node Type": "Seq Scan",
                      "Parent Relationship": "Outer",
                      "Parallel Aware": true,
                      "Relation Name": "cast_info",
                      "Alias": "ci",
                      "Startup Cost": 0.0,
                      "Total Cost": 313106.51,
                      "Plan Rows": 6041951,
                      "Plan Width": 4,
                      "Actual Startup Time": 0.04,
                      "Actual Total Time": 621.94,
                      "Actual Rows": 5177763,
                      "Actual Loops": 7
                    },
                    {
                      "Node Type": "Hash",
                      "Parent Relationship": "Inner",
                      "Parallel Aware": true,
                      "Startup Cost": 76587.99,
                      "Total Cost": 76587.99,
                      "Plan Rows": 180288,
                      "Plan Width": 8,
                      "Actual Startup Time": 328.131,
                      "Actual Total Time": 328.222,
                      "Actual Rows": 114191,
                      "Actual Loops": 7,
                      "Hash Buckets": 1048576,
                      "Original Hash Buckets": 1048576,
                      "Hash Batches": 1,
                      "Original Hash Batches": 1,
                      "Peak Memory Usage": 39584,
                      "Plans": [
                        {
                          "Node Type": "Hash Join",
                          "Parent Relationship": "Outer",
                          "Parallel Aware": true,
                          "Join Type": "Inner",
                          "Startup Cost": 47172.1,
                          "Total Cost": 76587.99,
                          "Plan Rows": 180288,
                          "Plan Width": 8,
                          "Actual Startup Time": 147.497,
                          "Actual Total Time": 271.092,
                          "Actual Rows": 114191,
                          "Actual Loops": 7,
                          "Inner Unique": true,
                          "Hash Cond": "(mc.movie_id = t.id)",
                          "Plans": [
                            {
                              "Node Type": "Seq Scan",
                              "Parent Relationship": "Outer",
                              "Parallel Aware": true,
                              "Relation Name": "movie_companies",
                              "Alias": "mc",
                              "Startup Cost": 0.0,
                              "Total Cost": 27206.55,
                              "Plan Rows": 841655,
                              "Plan Width": 4,
                              "Actual Startup Time": 0.023,
                              "Actual Total Time": 51.82,
                              "Actual Rows": 372733,
                              "Actual Loops": 7
                            },
                            {
                              "Node Type": "Hash",
                              "Parent Relationship": "Inner",
                              "Parallel Aware": true,
                              "Startup Cost": 45479.59,
                              "Total Cost": 45479.59,
                              "Plan Rows": 135401,
                              "Plan Width": 4,
                              "Actual Startup Time": 122.642,
                              "Actual Total Time": 122.644,
                              "Actual Rows": 60095,
                              "Actual Loops": 7,
                              "Hash Buckets": 1048576,
                              "Original Hash Buckets": 1048576,
                              "Hash Batches": 1,
                              "Original Hash Batches": 1,
                              "Peak Memory Usage": 24736,
                              "Plans": [
                                {
                                  "Node Type": "Seq Scan",
                                  "Parent Relationship": "Outer",
                                  "Parallel Aware": true,
                                  "Relation Name": "title",
                                  "Alias": "t",
                                  "Startup Cost": 0.0,
                                  "Total Cost": 45479.59,
                                  "Plan Rows": 135401,
                                  "Plan Width": 4,
                                  "Actual Startup Time": 47.17,
                                  "Actual Total Time": 86.993,
                                  "Actual Rows": 60095,
                                  "Actual Loops": 7,
                                  "Filter": "((production_year > 1971) AND (kind_id = 1))",
                                  "Rows Removed by Filter": 301093
                                }
                              ]
                            }
                          ]
                        }
                      ]
                    }
                  ]
                }
              ]
            }
          ]
        }
      ]
    },
    "Planning Time": 1.403,
    "Triggers": [],
    "Execution Time": 3012.125
  }
]