[
    {
        "Bao": {
            "Bao prediction": "NaN",
            "Bao recommended hint": "(no hint)"
        }
    },
    {
        "Plan": {
            "Node Type": "Aggregate",
            "Strategy": "Plain",
            "Partial Mode": "Finalize",
            "Parallel Aware": false,
            "Startup Cost": 134052.53,
            "Total Cost": 134052.54,
            "Plan Rows": 1,
            "Plan Width": 8,
            "Actual Startup Time": 694.811,
            "Actual Total Time": 708.766,
            "Actual Rows": 1,
            "Actual Loops": 1,
            "Output": [
                "count(*)"
            ],
            "Plans": [
                {
                    "Node Type": "Gather",
                    "Parent Relationship": "Outer",
                    "Parallel Aware": false,
                    "Startup Cost": 134052.21,
                    "Total Cost": 134052.52,
                    "Plan Rows": 3,
                    "Plan Width": 8,
                    "Actual Startup Time": 684.7,
                    "Actual Total Time": 708.757,
                    "Actual Rows": 4,
                    "Actual Loops": 1,
                    "Output": [
                        "(PARTIAL count(*))"
                    ],
                    "Workers Planned": 3,
                    "Workers Launched": 3,
                    "Single Copy": false,
                    "Plans": [
                        {
                            "Node Type": "Aggregate",
                            "Strategy": "Plain",
                            "Partial Mode": "Partial",
                            "Parent Relationship": "Outer",
                            "Parallel Aware": false,
                            "Startup Cost": 133052.21,
                            "Total Cost": 133052.22,
                            "Plan Rows": 1,
                            "Plan Width": 8,
                            "Actual Startup Time": 676.221,
                            "Actual Total Time": 676.432,
                            "Actual Rows": 1,
                            "Actual Loops": 4,
                            "Output": [
                                "PARTIAL count(*)"
                            ],
                            "Workers": [
                                {
                                    "Worker Number": 0,
                                    "Actual Startup Time": 672.812,
                                    "Actual Total Time": 672.825,
                                    "Actual Rows": 1,
                                    "Actual Loops": 1
                                },
                                {
                                    "Worker Number": 1,
                                    "Actual Startup Time": 674.097,
                                    "Actual Total Time": 674.102,
                                    "Actual Rows": 1,
                                    "Actual Loops": 1
                                },
                                {
                                    "Worker Number": 2,
                                    "Actual Startup Time": 673.672,
                                    "Actual Total Time": 673.677,
                                    "Actual Rows": 1,
                                    "Actual Loops": 1
                                }
                            ],
                            "Plans": [
                                {
                                    "Node Type": "Hash Join",
                                    "Parent Relationship": "Outer",
                                    "Parallel Aware": true,
                                    "Join Type": "Inner",
                                    "Startup Cost": 83623.21,
                                    "Total Cost": 132225.1,
                                    "Plan Rows": 330846,
                                    "Plan Width": 0,
                                    "Actual Startup Time": 448.287,
                                    "Actual Total Time": 670.209,
                                    "Actual Rows": 122148,
                                    "Actual Loops": 4,
                                    "Inner Unique": false,
                                    "Hash Cond": "(mk.movie_id = t.id)",
                                    "Workers": [
                                        {
                                            "Worker Number": 0,
                                            "Actual Startup Time": 444.918,
                                            "Actual Total Time": 666.749,
                                            "Actual Rows": 145750,
                                            "Actual Loops": 1
                                        },
                                        {
                                            "Worker Number": 1,
                                            "Actual Startup Time": 445.655,
                                            "Actual Total Time": 667.488,
                                            "Actual Rows": 97583,
                                            "Actual Loops": 1
                                        },
                                        {
                                            "Worker Number": 2,
                                            "Actual Startup Time": 446.117,
                                            "Actual Total Time": 667.108,
                                            "Actual Rows": 96882,
                                            "Actual Loops": 1
                                        }
                                    ],
                                    "Plans": [
                                        {
                                            "Node Type": "Seq Scan",
                                            "Parent Relationship": "Outer",
                                            "Parallel Aware": true,
                                            "Relation Name": "movie_keyword",
                                            "Schema": "public",
                                            "Alias": "mk",
                                            "Startup Cost": 0.0,
                                            "Total Cost": 42695.65,
                                            "Plan Rows": 1290395,
                                            "Plan Width": 4,
                                            "Actual Startup Time": 0.023,
                                            "Actual Total Time": 125.71,
                                            "Actual Rows": 1002509,
                                            "Actual Loops": 4,
                                            "Output": [
                                                "mk.id",
                                                "mk.movie_id",
                                                "mk.keyword_id"
                                            ],
                                            "Filter": "(mk.keyword_id < 35266)",
                                            "Rows Removed by Filter": 128474,
                                            "Workers": [
                                                {
                                                    "Worker Number": 0,
                                                    "Actual Startup Time": 0.022,
                                                    "Actual Total Time": 124.963,
                                                    "Actual Rows": 1178329,
                                                    "Actual Loops": 1
                                                },
                                                {
                                                    "Worker Number": 1,
                                                    "Actual Startup Time": 0.026,
                                                    "Actual Total Time": 127.775,
                                                    "Actual Rows": 763682,
                                                    "Actual Loops": 1
                                                },
                                                {
                                                    "Worker Number": 2,
                                                    "Actual Startup Time": 0.032,
                                                    "Actual Total Time": 127.865,
                                                    "Actual Rows": 761108,
                                                    "Actual Loops": 1
                                                }
                                            ]
                                        },
                                        {
                                            "Node Type": "Hash",
                                            "Parent Relationship": "Inner",
                                            "Parallel Aware": true,
                                            "Startup Cost": 81009.34,
                                            "Total Cost": 81009.34,
                                            "Plan Rows": 209110,
                                            "Plan Width": 8,
                                            "Actual Startup Time": 445.2,
                                            "Actual Total Time": 445.409,
                                            "Actual Rows": 82280,
                                            "Actual Loops": 4,
                                            "Output": [
                                                "t.id",
                                                "mc.movie_id"
                                            ],
                                            "Hash Buckets": 1048576,
                                            "Original Hash Buckets": 1048576,
                                            "Hash Batches": 1,
                                            "Original Hash Batches": 1,
                                            "Peak Memory Usage": 21120,
                                            "Workers": [
                                                {
                                                    "Worker Number": 0,
                                                    "Actual Startup Time": 444.174,
                                                    "Actual Total Time": 444.185,
                                                    "Actual Rows": 92258,
                                                    "Actual Loops": 1
                                                },
                                                {
                                                    "Worker Number": 1,
                                                    "Actual Startup Time": 444.881,
                                                    "Actual Total Time": 444.884,
                                                    "Actual Rows": 68893,
                                                    "Actual Loops": 1
                                                },
                                                {
                                                    "Worker Number": 2,
                                                    "Actual Startup Time": 444.885,
                                                    "Actual Total Time": 444.888,
                                                    "Actual Rows": 68999,
                                                    "Actual Loops": 1
                                                }
                                            ],
                                            "Plans": [
                                                {
                                                    "Node Type": "Hash Join",
                                                    "Parent Relationship": "Outer",
                                                    "Parallel Aware": true,
                                                    "Join Type": "Inner",
                                                    "Startup Cost": 48689.12,
                                                    "Total Cost": 81009.34,
                                                    "Plan Rows": 209110,
                                                    "Plan Width": 8,
                                                    "Actual Startup Time": 286.563,
                                                    "Actual Total Time": 422.123,
                                                    "Actual Rows": 82280,
                                                    "Actual Loops": 4,
                                                    "Output": [
                                                        "t.id",
                                                        "mc.movie_id"
                                                    ],
                                                    "Inner Unique": true,
                                                    "Hash Cond": "(mc.movie_id = t.id)",
                                                    "Workers": [
                                                        {
                                                            "Worker Number": 0,
                                                            "Actual Startup Time": 285.509,
                                                            "Actual Total Time": 419.936,
                                                            "Actual Rows": 92258,
                                                            "Actual Loops": 1
                                                        },
                                                        {
                                                            "Worker Number": 1,
                                                            "Actual Startup Time": 286.166,
                                                            "Actual Total Time": 421.29,
                                                            "Actual Rows": 68893,
                                                            "Actual Loops": 1
                                                        },
                                                        {
                                                            "Worker Number": 2,
                                                            "Actual Startup Time": 286.327,
                                                            "Actual Total Time": 422.539,
                                                            "Actual Rows": 68999,
                                                            "Actual Loops": 1
                                                        }
                                                    ],
                                                    "Plans": [
                                                        {
                                                            "Node Type": "Seq Scan",
                                                            "Parent Relationship": "Outer",
                                                            "Parallel Aware": true,
                                                            "Relation Name": "movie_companies",
                                                            "Schema": "public",
                                                            "Alias": "mc",
                                                            "Startup Cost": 0.0,
                                                            "Total Cost": 31414.82,
                                                            "Plan Rows": 344914,
                                                            "Plan Width": 4,
                                                            "Actual Startup Time": 32.237,
                                                            "Actual Total Time": 77.042,
                                                            "Actual Rows": 299615,
                                                            "Actual Loops": 4,
                                                            "Output": [
                                                                "mc.id",
                                                                "mc.movie_id",
                                                                "mc.company_id",
                                                                "mc.company_type_id",
                                                                "mc.note"
                                                            ],
                                                            "Filter": "((mc.company_id > 452) AND (mc.company_type_id > 1))",
                                                            "Rows Removed by Filter": 352668,
                                                            "Workers": [
                                                                {
                                                                    "Worker Number": 0,
                                                                    "Actual Startup Time": 32.199,
                                                                    "Actual Total Time": 73.915,
                                                                    "Actual Rows": 336291,
                                                                    "Actual Loops": 1
                                                                },
                                                                {
                                                                    "Worker Number": 1,
                                                                    "Actual Startup Time": 32.217,
                                                                    "Actual Total Time": 81.008,
                                                                    "Actual Rows": 249965,
                                                                    "Actual Loops": 1
                                                                },
                                                                {
                                                                    "Worker Number": 2,
                                                                    "Actual Startup Time": 32.258,
                                                                    "Actual Total Time": 80.927,
                                                                    "Actual Rows": 249355,
                                                                    "Actual Loops": 1
                                                                }
                                                            ]
                                                        },
                                                        {
                                                            "Node Type": "Hash",
                                                            "Parent Relationship": "Inner",
                                                            "Parallel Aware": true,
                                                            "Startup Cost": 43899.01,
                                                            "Total Cost": 43899.01,
                                                            "Plan Rows": 383209,
                                                            "Plan Width": 4,
                                                            "Actual Startup Time": 251.137,
                                                            "Actual Total Time": 251.14,
                                                            "Actual Rows": 385816,
                                                            "Actual Loops": 4,
                                                            "Output": [
                                                                "t.id"
                                                            ],
                                                            "Hash Buckets": 2097152,
                                                            "Original Hash Buckets": 2097152,
                                                            "Hash Batches": 1,
                                                            "Original Hash Batches": 1,
                                                            "Peak Memory Usage": 76832,
                                                            "Workers": [
                                                                {
                                                                    "Worker Number": 0,
                                                                    "Actual Startup Time": 253.174,
                                                                    "Actual Total Time": 253.183,
                                                                    "Actual Rows": 392407,
                                                                    "Actual Loops": 1
                                                                },
                                                                {
                                                                    "Worker Number": 1,
                                                                    "Actual Startup Time": 253.808,
                                                                    "Actual Total Time": 253.809,
                                                                    "Actual Rows": 305219,
                                                                    "Actual Loops": 1
                                                                },
                                                                {
                                                                    "Worker Number": 2,
                                                                    "Actual Startup Time": 253.98,
                                                                    "Actual Total Time": 253.981,
                                                                    "Actual Rows": 304744,
                                                                    "Actual Loops": 1
                                                                }
                                                            ],
                                                            "Plans": [
                                                                {
                                                                    "Node Type": "Seq Scan",
                                                                    "Parent Relationship": "Outer",
                                                                    "Parallel Aware": true,
                                                                    "Relation Name": "title",
                                                                    "Schema": "public",
                                                                    "Alias": "t",
                                                                    "Startup Cost": 0.0,
                                                                    "Total Cost": 43899.01,
                                                                    "Plan Rows": 383209,
                                                                    "Plan Width": 4,
                                                                    "Actual Startup Time": 0.047,
                                                                    "Actual Total Time": 107.767,
                                                                    "Actual Rows": 385816,
                                                                    "Actual Loops": 4,
                                                                    "Output": [
                                                                        "t.id"
                                                                    ],
                                                                    "Filter": "(t.kind_id = 7)",
                                                                    "Rows Removed by Filter": 246262,
                                                                    "Workers": [
                                                                        {
                                                                            "Worker Number": 0,
                                                                            "Actual Startup Time": 0.065,
                                                                            "Actual Total Time": 104.885,
                                                                            "Actual Rows": 392407,
                                                                            "Actual Loops": 1
                                                                        },
                                                                        {
                                                                            "Worker Number": 1,
                                                                            "Actual Startup Time": 0.066,
                                                                            "Actual Total Time": 114.43,
                                                                            "Actual Rows": 305219,
                                                                            "Actual Loops": 1
                                                                        },
                                                                        {
                                                                            "Worker Number": 2,
                                                                            "Actual Startup Time": 0.043,
                                                                            "Actual Total Time": 114.641,
                                                                            "Actual Rows": 304744,
                                                                            "Actual Loops": 1
                                                                        }
                                                                    ]
                                                                }
                                                            ]
                                                        }
                                                    ]
                                                }
                                            ]
                                        }
                                    ]
                                }
                            ]
                        }
                    ]
                }
            ]
        },
        "Planning Time": 187.851,
        "Triggers": [],
        "Execution Time": 708.828
    }
]