[
  {
    "Plan": {
      "Node Type": "Aggregate",
      "Strategy": "Plain",
      "Partial Mode": "Finalize",
      "Parallel Aware": false,
      "Startup Cost": 46175.07,
      "Total Cost": 46175.08,
      "Plan Rows": 1,
      "Plan Width": 8,
      "Actual Startup Time": 158.068,
      "Actual Total Time": 167.701,
      "Actual Rows": 1,
      "Actual Loops": 1,
      "Plans": [
        {
          "Node Type": "Gather",
          "Parent Relationship": "Outer",
          "Parallel Aware": false,
          "Startup Cost": 46174.75,
          "Total Cost": 46175.06,
          "Plan Rows": 3,
          "Plan Width": 8,
          "Actual Startup Time": 157.96,
          "Actual Total Time": 167.693,
          "Actual Rows": 4,
          "Actual Loops": 1,
          "Workers Planned": 3,
          "Workers Launched": 3,
          "Single Copy": false,
          "Plans": [
            {
              "Node Type": "Aggregate",
              "Strategy": "Plain",
              "Partial Mode": "Partial",
              "Parent Relationship": "Outer",
              "Parallel Aware": false,
              "Startup Cost": 45174.75,
              "Total Cost": 45174.76,
              "Plan Rows": 1,
              "Plan Width": 8,
              "Actual Startup Time": 151.235,
              "Actual Total Time": 151.236,
              "Actual Rows": 1,
              "Actual Loops": 4,
              "Plans": [
                {
                  "Node Type": "Seq Scan",
                  "Parent Relationship": "Outer",
                  "Parallel Aware": true,
                  "Relation Name": "movie_keyword",
                  "Alias": "mk",
                  "Startup Cost": 0.0,
                  "Total Cost": 42695.65,
                  "Plan Rows": 991640,
                  "Plan Width": 0,
                  "Actual Startup Time": 0.054,
                  "Actual Total Time": 118.062,
                  "Actual Rows": 766885,
                  "Actual Loops": 4,
                  "Filter": "(keyword_id < 11430)",
                  "Rows Removed by Filter": 364097
                }
              ]
            }
          ]
        }
      ]
    },
    "Planning Time": 0.177,
    "Triggers": [],
    "Execution Time": 167.755
  }
]