[
  {
    "Plan": {
      "Node Type": "Aggregate",
      "Strategy": "Plain",
      "Partial Mode": "Finalize",
      "Parallel Aware": false,
      "Startup Cost": 352030.75,
      "Total Cost": 352030.76,
      "Plan Rows": 1,
      "Plan Width": 8,
      "Actual Startup Time": 759.794,
      "Actual Total Time": 806.729,
      "Actual Rows": 1,
      "Actual Loops": 1,
      "Plans": [
        {
          "Node Type": "Gather",
          "Parent Relationship": "Outer",
          "Parallel Aware": false,
          "Startup Cost": 352030.12,
          "Total Cost": 352030.73,
          "Plan Rows": 6,
          "Plan Width": 8,
          "Actual Startup Time": 759.628,
          "Actual Total Time": 806.719,
          "Actual Rows": 7,
          "Actual Loops": 1,
          "Workers Planned": 6,
          "Workers Launched": 6,
          "Single Copy": false,
          "Plans": [
            {
              "Node Type": "Aggregate",
              "Strategy": "Plain",
              "Partial Mode": "Partial",
              "Parent Relationship": "Outer",
              "Parallel Aware": false,
              "Startup Cost": 351030.12,
              "Total Cost": 351030.14,
              "Plan Rows": 1,
              "Plan Width": 8,
              "Actual Startup Time": 752.467,
              "Actual Total Time": 752.469,
              "Actual Rows": 1,
              "Actual Loops": 7,
              "Plans": [
                {
                  "Node Type": "Seq Scan",
                  "Parent Relationship": "Outer",
                  "Parallel Aware": true,
                  "Relation Name": "cast_info",
                  "Alias": "ci",
                  "Startup Cost": 0.0,
                  "Total Cost": 343316.27,
                  "Plan Rows": 3085542,
                  "Plan Width": 0,
                  "Actual Startup Time": 220.678,
                  "Actual Total Time": 649.65,
                  "Actual Rows": 2265962,
                  "Actual Loops": 7,
                  "Filter": "((person_id < 2905613) AND (role_id > 1))",
                  "Rows Removed by Filter": 2911801
                }
              ]
            }
          ]
        }
      ]
    },
    "Planning Time": 0.111,
    "Triggers": [],
    "Execution Time": 806.775
  }
]