[
  {
    "Plan": {
      "Node Type": "Aggregate",
      "Strategy": "Plain",
      "Partial Mode": "Simple",
      "Parallel Aware": false,
      "Startup Cost": 26841.85,
      "Total Cost": 26841.86,
      "Plan Rows": 1,
      "Plan Width": 8,
      "Actual Startup Time": 35.793,
      "Actual Total Time": 35.794,
      "Actual Rows": 1,
      "Actual Loops": 1,
      "Plans": [
        {
          "Node Type": "Bitmap Heap Scan",
          "Parent Relationship": "Outer",
          "Parallel Aware": false,
          "Relation Name": "movie_keyword",
          "Alias": "mk",
          "Startup Cost": 851.3,
          "Total Cost": 26741.57,
          "Plan Rows": 40112,
          "Plan Width": 0,
          "Actual Startup Time": 6.008,
          "Actual Total Time": 32.623,
          "Actual Rows": 41840,
          "Actual Loops": 1,
          "Recheck Cond": "(keyword_id = 117)",
          "Rows Removed by Index Recheck": 0,
          "Exact Heap Blocks": 11541,
          "Lossy Heap Blocks": 0,
          "Plans": [
            {
              "Node Type": "Bitmap Index Scan",
              "Parent Relationship": "Outer",
              "Parallel Aware": false,
              "Index Name": "keyword_id_movie_keyword",
              "Startup Cost": 0.0,
              "Total Cost": 841.27,
              "Plan Rows": 40112,
              "Plan Width": 0,
              "Actual Startup Time": 3.732,
              "Actual Total Time": 3.733,
              "Actual Rows": 41840,
              "Actual Loops": 1,
              "Index Cond": "(keyword_id = 117)"
            }
          ]
        }
      ]
    },
    "Planning Time": 0.096,
    "Triggers": [],
    "Execution Time": 35.832
  }
]