[
  {
    "Plan": {
      "Node Type": "Aggregate",
      "Strategy": "Plain",
      "Partial Mode": "Simple",
      "Parallel Aware": false,
      "Startup Cost": 26807.08,
      "Total Cost": 26807.09,
      "Plan Rows": 1,
      "Plan Width": 8,
      "Actual Startup Time": 36.463,
      "Actual Total Time": 36.465,
      "Actual Rows": 1,
      "Actual Loops": 1,
      "Plans": [
        {
          "Node Type": "Bitmap Heap Scan",
          "Parent Relationship": "Outer",
          "Parallel Aware": false,
          "Relation Name": "movie_keyword",
          "Alias": "mk",
          "Startup Cost": 869.14,
          "Total Cost": 26704.92,
          "Plan Rows": 40866,
          "Plan Width": 0,
          "Actual Startup Time": 8.465,
          "Actual Total Time": 33.665,
          "Actual Rows": 41840,
          "Actual Loops": 1,
          "Recheck Cond": "(keyword_id = 117)",
          "Rows Removed by Index Recheck": 0,
          "Exact Heap Blocks": 11541,
          "Lossy Heap Blocks": 0,
          "Plans": [
            {
              "Node Type": "Bitmap Index Scan",
              "Parent Relationship": "Outer",
              "Parallel Aware": false,
              "Index Name": "keyword_id_movie_keyword",
              "Startup Cost": 0.0,
              "Total Cost": 858.93,
              "Plan Rows": 40866,
              "Plan Width": 0,
              "Actual Startup Time": 4.987,
              "Actual Total Time": 4.988,
              "Actual Rows": 41840,
              "Actual Loops": 1,
              "Index Cond": "(keyword_id = 117)"
            }
          ]
        }
      ]
    },
    "Planning Time": 0.13,
    "Triggers": [],
    "Execution Time": 36.509
  }
]