[
  {
    "Plan": {
      "Node Type": "Aggregate",
      "Strategy": "Plain",
      "Partial Mode": "Finalize",
      "Parallel Aware": false,
      "Startup Cost": 82278.49,
      "Total Cost": 82278.5,
      "Plan Rows": 1,
      "Plan Width": 8,
      "Actual Startup Time": 451.343,
      "Actual Total Time": 467.628,
      "Actual Rows": 1,
      "Actual Loops": 1,
      "Plans": [
        {
          "Node Type": "Gather",
          "Parent Relationship": "Outer",
          "Parallel Aware": false,
          "Startup Cost": 82278.17,
          "Total Cost": 82278.48,
          "Plan Rows": 3,
          "Plan Width": 8,
          "Actual Startup Time": 446.972,
          "Actual Total Time": 467.618,
          "Actual Rows": 4,
          "Actual Loops": 1,
          "Workers Planned": 3,
          "Workers Launched": 3,
          "Single Copy": false,
          "Plans": [
            {
              "Node Type": "Aggregate",
              "Strategy": "Plain",
              "Partial Mode": "Partial",
              "Parent Relationship": "Outer",
              "Parallel Aware": false,
              "Startup Cost": 81278.17,
              "Total Cost": 81278.18,
              "Plan Rows": 1,
              "Plan Width": 8,
              "Actual Startup Time": 440.21,
              "Actual Total Time": 440.213,
              "Actual Rows": 1,
              "Actual Loops": 4,
              "Plans": [
                {
                  "Node Type": "Hash Join",
                  "Parent Relationship": "Outer",
                  "Parallel Aware": true,
                  "Join Type": "Inner",
                  "Startup Cost": 49443.51,
                  "Total Cost": 80462.04,
                  "Plan Rows": 326453,
                  "Plan Width": 0,
                  "Actual Startup Time": 233.629,
                  "Actual Total Time": 435.506,
                  "Actual Rows": 105932,
                  "Actual Loops": 4,
                  "Inner Unique": true,
                  "Hash Cond": "(mc.movie_id = t.id)",
                  "Plans": [
                    {
                      "Node Type": "Seq Scan",
                      "Parent Relationship": "Outer",
                      "Parallel Aware": true,
                      "Relation Name": "movie_companies",
                      "Alias": "mc",
                      "Startup Cost": 0.0,
                      "Total Cost": 29310.68,
                      "Plan Rows": 650608,
                      "Plan Width": 4,
                      "Actual Startup Time": 0.019,
                      "Actual Total Time": 74.057,
                      "Actual Rows": 500988,
                      "Actual Loops": 4,
                      "Filter": "(company_id < 66063)",
                      "Rows Removed by Filter": 151295
                    },
                    {
                      "Node Type": "Hash",
                      "Parent Relationship": "Inner",
                      "Parallel Aware": true,
                      "Startup Cost": 45479.1,
                      "Total Cost": 45479.1,
                      "Plan Rows": 317153,
                      "Plan Width": 4,
                      "Actual Startup Time": 228.705,
                      "Actual Total Time": 228.706,
                      "Actual Rows": 337221,
                      "Actual Loops": 4,
                      "Hash Buckets": 2097152,
                      "Original Hash Buckets": 2097152,
                      "Hash Batches": 1,
                      "Original Hash Batches": 1,
                      "Peak Memory Usage": 69216,
                      "Plans": [
                        {
                          "Node Type": "Seq Scan",
                          "Parent Relationship": "Outer",
                          "Parallel Aware": true,
                          "Relation Name": "title",
                          "Alias": "t",
                          "Startup Cost": 0.0,
                          "Total Cost": 45479.1,
                          "Plan Rows": 317153,
                          "Plan Width": 4,
                          "Actual Startup Time": 0.03,
                          "Actual Total Time": 109.401,
                          "Actual Rows": 337221,
                          "Actual Loops": 4,
                          "Filter": "((production_year > 1970) AND (kind_id = 7))",
                          "Rows Removed by Filter": 294857
                        }
                      ]
                    }
                  ]
                }
              ]
            }
          ]
        }
      ]
    },
    "Planning Time": 0.392,
    "Triggers": [],
    "Execution Time": 467.673
  }
]