[
    {
        "Bao": {
            "Bao prediction": 876.547,
            "Bao recommended hint": "(no hint)"
        }
    },
    {
        "Plan": {
            "Node Type": "Aggregate",
            "Strategy": "Plain",
            "Partial Mode": "Finalize",
            "Parallel Aware": false,
            "Startup Cost": 78703.01,
            "Total Cost": 78703.02,
            "Plan Rows": 1,
            "Plan Width": 8,
            "Actual Startup Time": 271.518,
            "Actual Total Time": 279.12,
            "Actual Rows": 1,
            "Actual Loops": 1,
            "Output": [
                "count(*)"
            ],
            "Plans": [
                {
                    "Node Type": "Gather",
                    "Parent Relationship": "Outer",
                    "Parallel Aware": false,
                    "Startup Cost": 78702.59,
                    "Total Cost": 78703.0,
                    "Plan Rows": 4,
                    "Plan Width": 8,
                    "Actual Startup Time": 269.108,
                    "Actual Total Time": 279.109,
                    "Actual Rows": 5,
                    "Actual Loops": 1,
                    "Output": [
                        "(PARTIAL count(*))"
                    ],
                    "Workers Planned": 4,
                    "Workers Launched": 4,
                    "Single Copy": false,
                    "Plans": [
                        {
                            "Node Type": "Aggregate",
                            "Strategy": "Plain",
                            "Partial Mode": "Partial",
                            "Parent Relationship": "Outer",
                            "Parallel Aware": false,
                            "Startup Cost": 77702.59,
                            "Total Cost": 77702.6,
                            "Plan Rows": 1,
                            "Plan Width": 8,
                            "Actual Startup Time": 259.89,
                            "Actual Total Time": 259.893,
                            "Actual Rows": 1,
                            "Actual Loops": 5,
                            "Output": [
                                "PARTIAL count(*)"
                            ],
                            "Workers": [
                                {
                                    "Worker Number": 0,
                                    "Actual Startup Time": 257.414,
                                    "Actual Total Time": 257.417,
                                    "Actual Rows": 1,
                                    "Actual Loops": 1
                                },
                                {
                                    "Worker Number": 1,
                                    "Actual Startup Time": 257.671,
                                    "Actual Total Time": 257.674,
                                    "Actual Rows": 1,
                                    "Actual Loops": 1
                                },
                                {
                                    "Worker Number": 2,
                                    "Actual Startup Time": 258.169,
                                    "Actual Total Time": 258.172,
                                    "Actual Rows": 1,
                                    "Actual Loops": 1
                                },
                                {
                                    "Worker Number": 3,
                                    "Actual Startup Time": 257.885,
                                    "Actual Total Time": 257.889,
                                    "Actual Rows": 1,
                                    "Actual Loops": 1
                                }
                            ],
                            "Plans": [
                                {
                                    "Node Type": "Hash Join",
                                    "Parent Relationship": "Outer",
                                    "Parallel Aware": true,
                                    "Join Type": "Inner",
                                    "Startup Cost": 30575.08,
                                    "Total Cost": 77593.04,
                                    "Plan Rows": 43817,
                                    "Plan Width": 0,
                                    "Actual Startup Time": 147.067,
                                    "Actual Total Time": 259.182,
                                    "Actual Rows": 6247,
                                    "Actual Loops": 5,
                                    "Inner Unique": false,
                                    "Hash Cond": "(t.id = mc.movie_id)",
                                    "Workers": [
                                        {
                                            "Worker Number": 0,
                                            "Actual Startup Time": 158.975,
                                            "Actual Total Time": 256.664,
                                            "Actual Rows": 6112,
                                            "Actual Loops": 1
                                        },
                                        {
                                            "Worker Number": 1,
                                            "Actual Startup Time": 159.226,
                                            "Actual Total Time": 256.915,
                                            "Actual Rows": 5927,
                                            "Actual Loops": 1
                                        },
                                        {
                                            "Worker Number": 2,
                                            "Actual Startup Time": 154.374,
                                            "Actual Total Time": 257.424,
                                            "Actual Rows": 6046,
                                            "Actual Loops": 1
                                        },
                                        {
                                            "Worker Number": 3,
                                            "Actual Startup Time": 133.456,
                                            "Actual Total Time": 257.148,
                                            "Actual Rows": 5963,
                                            "Actual Loops": 1
                                        }
                                    ],
                                    "Plans": [
                                        {
                                            "Node Type": "Seq Scan",
                                            "Parent Relationship": "Outer",
                                            "Parallel Aware": true,
                                            "Relation Name": "title",
                                            "Schema": "public",
                                            "Alias": "t",
                                            "Startup Cost": 0.0,
                                            "Total Cost": 45479.21,
                                            "Plan Rows": 279484,
                                            "Plan Width": 4,
                                            "Actual Startup Time": 0.013,
                                            "Actual Total Time": 93.204,
                                            "Actual Rows": 244565,
                                            "Actual Loops": 5,
                                            "Output": [
                                                "t.id",
                                                "t.title",
                                                "t.imdb_index",
                                                "t.kind_id",
                                                "t.production_year",
                                                "t.imdb_id",
                                                "t.phonetic_code",
                                                "t.episode_of_id",
                                                "t.season_nr",
                                                "t.episode_nr",
                                                "t.series_years",
                                                "t.md5sum"
                                            ],
                                            "Filter": "((t.kind_id > 4) AND (t.production_year > 1986))",
                                            "Rows Removed by Filter": 261098,
                                            "Workers": [
                                                {
                                                    "Worker Number": 0,
                                                    "Actual Startup Time": 0.014,
                                                    "Actual Total Time": 94.459,
                                                    "Actual Rows": 236442,
                                                    "Actual Loops": 1
                                                },
                                                {
                                                    "Worker Number": 1,
                                                    "Actual Startup Time": 0.014,
                                                    "Actual Total Time": 94.626,
                                                    "Actual Rows": 236495,
                                                    "Actual Loops": 1
                                                },
                                                {
                                                    "Worker Number": 2,
                                                    "Actual Startup Time": 0.01,
                                                    "Actual Total Time": 94.663,
                                                    "Actual Rows": 237898,
                                                    "Actual Loops": 1
                                                },
                                                {
                                                    "Worker Number": 3,
                                                    "Actual Startup Time": 0.018,
                                                    "Actual Total Time": 94.999,
                                                    "Actual Rows": 240963,
                                                    "Actual Loops": 1
                                                }
                                            ]
                                        },
                                        {
                                            "Node Type": "Hash",
                                            "Parent Relationship": "Inner",
                                            "Parallel Aware": true,
                                            "Startup Cost": 28976.75,
                                            "Total Cost": 28976.75,
                                            "Plan Rows": 127866,
                                            "Plan Width": 4,
                                            "Actual Startup Time": 102.51,
                                            "Actual Total Time": 102.511,
                                            "Actual Rows": 80591,
                                            "Actual Loops": 5,
                                            "Output": [
                                                "mc.movie_id"
                                            ],
                                            "Hash Buckets": 524288,
                                            "Original Hash Buckets": 524288,
                                            "Hash Batches": 1,
                                            "Original Hash Batches": 1,
                                            "Peak Memory Usage": 19904,
                                            "Workers": [
                                                {
                                                    "Worker Number": 0,
                                                    "Actual Startup Time": 102.486,
                                                    "Actual Total Time": 102.486,
                                                    "Actual Rows": 72761,
                                                    "Actual Loops": 1
                                                },
                                                {
                                                    "Worker Number": 1,
                                                    "Actual Startup Time": 102.729,
                                                    "Actual Total Time": 102.73,
                                                    "Actual Rows": 73135,
                                                    "Actual Loops": 1
                                                },
                                                {
                                                    "Worker Number": 2,
                                                    "Actual Startup Time": 102.944,
                                                    "Actual Total Time": 102.946,
                                                    "Actual Rows": 71820,
                                                    "Actual Loops": 1
                                                },
                                                {
                                                    "Worker Number": 3,
                                                    "Actual Startup Time": 102.953,
                                                    "Actual Total Time": 102.954,
                                                    "Actual Rows": 74430,
                                                    "Actual Loops": 1
                                                }
                                            ],
                                            "Plans": [
                                                {
                                                    "Node Type": "Bitmap Heap Scan",
                                                    "Parent Relationship": "Outer",
                                                    "Parallel Aware": true,
                                                    "Relation Name": "movie_companies",
                                                    "Schema": "public",
                                                    "Alias": "mc",
                                                    "Startup Cost": 8588.42,
                                                    "Total Cost": 28976.75,
                                                    "Plan Rows": 127866,
                                                    "Plan Width": 4,
                                                    "Actual Startup Time": 35.673,
                                                    "Actual Total Time": 69.085,
                                                    "Actual Rows": 80591,
                                                    "Actual Loops": 5,
                                                    "Output": [
                                                        "mc.movie_id"
                                                    ],
                                                    "Recheck Cond": "(mc.company_id > 81924)",
                                                    "Rows Removed by Index Recheck": 0,
                                                    "Exact Heap Blocks": 1902,
                                                    "Lossy Heap Blocks": 0,
                                                    "Workers": [
                                                        {
                                                            "Worker Number": 0,
                                                            "Actual Startup Time": 35.649,
                                                            "Actual Total Time": 70.064,
                                                            "Actual Rows": 72761,
                                                            "Actual Loops": 1
                                                        },
                                                        {
                                                            "Worker Number": 1,
                                                            "Actual Startup Time": 35.805,
                                                            "Actual Total Time": 70.287,
                                                            "Actual Rows": 73135,
                                                            "Actual Loops": 1
                                                        },
                                                        {
                                                            "Worker Number": 2,
                                                            "Actual Startup Time": 35.654,
                                                            "Actual Total Time": 70.019,
                                                            "Actual Rows": 71820,
                                                            "Actual Loops": 1
                                                        },
                                                        {
                                                            "Worker Number": 3,
                                                            "Actual Startup Time": 35.649,
                                                            "Actual Total Time": 70.43,
                                                            "Actual Rows": 74430,
                                                            "Actual Loops": 1
                                                        }
                                                    ],
                                                    "Plans": [
                                                        {
                                                            "Node Type": "Bitmap Index Scan",
                                                            "Parent Relationship": "Outer",
                                                            "Parallel Aware": false,
                                                            "Index Name": "company_id_movie_companies",
                                                            "Startup Cost": 0.0,
                                                            "Total Cost": 8489.33,
                                                            "Plan Rows": 396386,
                                                            "Plan Width": 0,
                                                            "Actual Startup Time": 34.309,
                                                            "Actual Total Time": 34.309,
                                                            "Actual Rows": 402953,
                                                            "Actual Loops": 1,
                                                            "Index Cond": "(mc.company_id > 81924)"
                                                        }
                                                    ]
                                                }
                                            ]
                                        }
                                    ]
                                }
                            ]
                        }
                    ]
                }
            ]
        },
        "Planning Time": 1837.934,
        "Triggers": [],
        "Execution Time": 279.26
    }
]