[
  {
    "Plan": {
      "Node Type": "Aggregate",
      "Strategy": "Plain",
      "Partial Mode": "Finalize",
      "Parallel Aware": false,
      "Startup Cost": 126861.75,
      "Total Cost": 126861.76,
      "Plan Rows": 1,
      "Plan Width": 8,
      "Actual Startup Time": 509.707,
      "Actual Total Time": 527.098,
      "Actual Rows": 1,
      "Actual Loops": 1,
      "Plans": [
        {
          "Node Type": "Gather",
          "Parent Relationship": "Outer",
          "Parallel Aware": false,
          "Startup Cost": 126861.43,
          "Total Cost": 126861.74,
          "Plan Rows": 3,
          "Plan Width": 8,
          "Actual Startup Time": 490.628,
          "Actual Total Time": 527.086,
          "Actual Rows": 4,
          "Actual Loops": 1,
          "Workers Planned": 3,
          "Workers Launched": 3,
          "Single Copy": false,
          "Plans": [
            {
              "Node Type": "Aggregate",
              "Strategy": "Plain",
              "Partial Mode": "Partial",
              "Parent Relationship": "Outer",
              "Parallel Aware": false,
              "Startup Cost": 125861.43,
              "Total Cost": 125861.44,
              "Plan Rows": 1,
              "Plan Width": 8,
              "Actual Startup Time": 483.549,
              "Actual Total Time": 483.556,
              "Actual Rows": 1,
              "Actual Loops": 4,
              "Plans": [
                {
                  "Node Type": "Hash Join",
                  "Parent Relationship": "Outer",
                  "Parallel Aware": true,
                  "Join Type": "Inner",
                  "Startup Cost": 77441.77,
                  "Total Cost": 125705.36,
                  "Plan Rows": 62426,
                  "Plan Width": 0,
                  "Actual Startup Time": 327.584,
                  "Actual Total Time": 483.141,
                  "Actual Rows": 8751,
                  "Actual Loops": 4,
                  "Inner Unique": false,
                  "Hash Cond": "(mk.movie_id = t.id)",
                  "Plans": [
                    {
                      "Node Type": "Seq Scan",
                      "Parent Relationship": "Outer",
                      "Parallel Aware": true,
                      "Relation Name": "movie_keyword",
                      "Alias": "mk",
                      "Startup Cost": 0.0,
                      "Total Cost": 42695.65,
                      "Plan Rows": 1431085,
                      "Plan Width": 4,
                      "Actual Startup Time": 0.026,
                      "Actual Total Time": 117.451,
                      "Actual Rows": 1107257,
                      "Actual Loops": 4,
                      "Filter": "(keyword_id > 84)",
                      "Rows Removed by Filter": 23726
                    },
                    {
                      "Node Type": "Hash",
                      "Parent Relationship": "Inner",
                      "Parallel Aware": true,
                      "Startup Cost": 76997.05,
                      "Total Cost": 76997.05,
                      "Plan Rows": 35578,
                      "Plan Width": 8,
                      "Actual Startup Time": 299.501,
                      "Actual Total Time": 299.505,
                      "Actual Rows": 4206,
                      "Actual Loops": 4,
                      "Hash Buckets": 131072,
                      "Original Hash Buckets": 131072,
                      "Hash Batches": 1,
                      "Original Hash Batches": 1,
                      "Peak Memory Usage": 1760,
                      "Plans": [
                        {
                          "Node Type": "Hash Join",
                          "Parent Relationship": "Outer",
                          "Parallel Aware": true,
                          "Join Type": "Inner",
                          "Startup Cost": 56341.57,
                          "Total Cost": 76997.05,
                          "Plan Rows": 35578,
                          "Plan Width": 8,
                          "Actual Startup Time": 248.427,
                          "Actual Total Time": 297.423,
                          "Actual Rows": 4206,
                          "Actual Loops": 4,
                          "Inner Unique": true,
                          "Hash Cond": "(mc.movie_id = t.id)",
                          "Plans": [
                            {
                              "Node Type": "Bitmap Heap Scan",
                              "Parent Relationship": "Outer",
                              "Parallel Aware": true,
                              "Relation Name": "movie_companies",
                              "Alias": "mc",
                              "Startup Cost": 7623.76,
                              "Total Cost": 28126.09,
                              "Plan Rows": 58341,
                              "Plan Width": 4,
                              "Actual Startup Time": 17.864,
                              "Actual Total Time": 38.425,
                              "Actual Rows": 88381,
                              "Actual Loops": 4,
                              "Recheck Cond": "(company_id > 87930)",
                              "Rows Removed by Index Recheck": 0,
                              "Filter": "(company_type_id > 1)",
                              "Rows Removed by Filter": 0,
                              "Exact Heap Blocks": 1429,
                              "Lossy Heap Blocks": 0,
                              "Plans": [
                                {
                                  "Node Type": "Bitmap Index Scan",
                                  "Parent Relationship": "Outer",
                                  "Parallel Aware": false,
                                  "Index Name": "company_id_movie_companies",
                                  "Startup Cost": 0.0,
                                  "Total Cost": 7578.55,
                                  "Plan Rows": 353882,
                                  "Plan Width": 0,
                                  "Actual Startup Time": 17.073,
                                  "Actual Total Time": 17.074,
                                  "Actual Rows": 353524,
                                  "Actual Loops": 1,
                                  "Index Cond": "(company_id > 87930)"
                                }
                              ]
                            },
                            {
                              "Node Type": "Hash",
                              "Parent Relationship": "Inner",
                              "Parallel Aware": true,
                              "Startup Cost": 43899.32,
                              "Total Cost": 43899.32,
                              "Plan Rows": 385479,
                              "Plan Width": 4,
                              "Actual Startup Time": 226.542,
                              "Actual Total Time": 226.544,
                              "Actual Rows": 385816,
                              "Actual Loops": 4,
                              "Hash Buckets": 2097152,
                              "Original Hash Buckets": 2097152,
                              "Hash Batches": 1,
                              "Original Hash Batches": 1,
                              "Peak Memory Usage": 76832,
                              "Plans": [
                                {
                                  "Node Type": "Seq Scan",
                                  "Parent Relationship": "Outer",
                                  "Parallel Aware": true,
                                  "Relation Name": "title",
                                  "Alias": "t",
                                  "Startup Cost": 0.0,
                                  "Total Cost": 43899.32,
                                  "Plan Rows": 385479,
                                  "Plan Width": 4,
                                  "Actual Startup Time": 0.016,
                                  "Actual Total Time": 98.605,
                                  "Actual Rows": 385816,
                                  "Actual Loops": 4,
                                  "Filter": "(kind_id = 7)",
                                  "Rows Removed by Filter": 246262
                                }
                              ]
                            }
                          ]
                        }
                      ]
                    }
                  ]
                }
              ]
            }
          ]
        }
      ]
    },
    "Planning Time": 1.002,
    "Triggers": [],
    "Execution Time": 527.155
  }
]