[
  {
    "Plan": {
      "Node Type": "Aggregate",
      "Strategy": "Plain",
      "Partial Mode": "Finalize",
      "Parallel Aware": false,
      "Startup Cost": 42448.06,
      "Total Cost": 42448.07,
      "Plan Rows": 1,
      "Plan Width": 8,
      "Actual Startup Time": 60.701,
      "Actual Total Time": 66.244,
      "Actual Rows": 1,
      "Actual Loops": 1,
      "Plans": [
        {
          "Node Type": "Gather",
          "Parent Relationship": "Outer",
          "Parallel Aware": false,
          "Startup Cost": 42447.64,
          "Total Cost": 42448.05,
          "Plan Rows": 4,
          "Plan Width": 8,
          "Actual Startup Time": 60.397,
          "Actual Total Time": 66.237,
          "Actual Rows": 5,
          "Actual Loops": 1,
          "Workers Planned": 4,
          "Workers Launched": 4,
          "Single Copy": false,
          "Plans": [
            {
              "Node Type": "Aggregate",
              "Strategy": "Plain",
              "Partial Mode": "Partial",
              "Parent Relationship": "Outer",
              "Parallel Aware": false,
              "Startup Cost": 41447.64,
              "Total Cost": 41447.65,
              "Plan Rows": 1,
              "Plan Width": 8,
              "Actual Startup Time": 50.204,
              "Actual Total Time": 50.206,
              "Actual Rows": 1,
              "Actual Loops": 5,
              "Plans": [
                {
                  "Node Type": "Nested Loop",
                  "Parent Relationship": "Outer",
                  "Parallel Aware": false,
                  "Join Type": "Inner",
                  "Startup Cost": 1823.73,
                  "Total Cost": 41447.42,
                  "Plan Rows": 86,
                  "Plan Width": 0,
                  "Actual Startup Time": 16.544,
                  "Actual Total Time": 50.145,
                  "Actual Rows": 194,
                  "Actual Loops": 5,
                  "Inner Unique": false,
                  "Plans": [
                    {
                      "Node Type": "Bitmap Heap Scan",
                      "Parent Relationship": "Outer",
                      "Parallel Aware": true,
                      "Relation Name": "title",
                      "Alias": "t",
                      "Startup Cost": 1823.3,
                      "Total Cost": 38204.65,
                      "Plan Rows": 165,
                      "Plan Width": 4,
                      "Actual Startup Time": 14.889,
                      "Actual Total Time": 44.625,
                      "Actual Rows": 200,
                      "Actual Loops": 5,
                      "Recheck Cond": "(kind_id = 3)",
                      "Rows Removed by Index Recheck": 0,
                      "Filter": "(production_year = 1968)",
                      "Rows Removed by Filter": 19907,
                      "Exact Heap Blocks": 6966,
                      "Lossy Heap Blocks": 0,
                      "Plans": [
                        {
                          "Node Type": "Bitmap Index Scan",
                          "Parent Relationship": "Outer",
                          "Parallel Aware": false,
                          "Index Name": "kind_id_title",
                          "Startup Cost": 0.0,
                          "Total Cost": 1823.13,
                          "Plan Rows": 102227,
                          "Plan Width": 0,
                          "Actual Startup Time": 17.76,
                          "Actual Total Time": 17.761,
                          "Actual Rows": 100537,
                          "Actual Loops": 1,
                          "Index Cond": "(kind_id = 3)"
                        }
                      ]
                    },
                    {
                      "Node Type": "Index Scan",
                      "Parent Relationship": "Inner",
                      "Parallel Aware": false,
                      "Scan Direction": "Forward",
                      "Index Name": "movie_id_movie_companies",
                      "Relation Name": "movie_companies",
                      "Alias": "mc",
                      "Startup Cost": 0.43,
                      "Total Cost": 19.62,
                      "Plan Rows": 3,
                      "Plan Width": 4,
                      "Actual Startup Time": 0.026,
                      "Actual Total Time": 0.026,
                      "Actual Rows": 1,
                      "Actual Loops": 1000,
                      "Index Cond": "(movie_id = t.id)",
                      "Rows Removed by Index Recheck": 0,
                      "Filter": "(company_type_id > 1)",
                      "Rows Removed by Filter": 1
                    }
                  ]
                }
              ]
            }
          ]
        }
      ]
    },
    "Planning Time": 0.68,
    "Triggers": [],
    "Execution Time": 66.331
  }
]