[
  {
    "Plan": {
      "Node Type": "Aggregate",
      "Strategy": "Plain",
      "Partial Mode": "Finalize",
      "Parallel Aware": false,
      "Startup Cost": 125927.11,
      "Total Cost": 125927.12,
      "Plan Rows": 1,
      "Plan Width": 8,
      "Actual Startup Time": 415.577,
      "Actual Total Time": 435.692,
      "Actual Rows": 1,
      "Actual Loops": 1,
      "Plans": [
        {
          "Node Type": "Gather",
          "Parent Relationship": "Outer",
          "Parallel Aware": false,
          "Startup Cost": 125926.79,
          "Total Cost": 125927.1,
          "Plan Rows": 3,
          "Plan Width": 8,
          "Actual Startup Time": 413.153,
          "Actual Total Time": 435.671,
          "Actual Rows": 4,
          "Actual Loops": 1,
          "Workers Planned": 3,
          "Workers Launched": 3,
          "Single Copy": false,
          "Plans": [
            {
              "Node Type": "Aggregate",
              "Strategy": "Plain",
              "Partial Mode": "Partial",
              "Parent Relationship": "Outer",
              "Parallel Aware": false,
              "Startup Cost": 124926.79,
              "Total Cost": 124926.8,
              "Plan Rows": 1,
              "Plan Width": 8,
              "Actual Startup Time": 406.332,
              "Actual Total Time": 406.338,
              "Actual Rows": 1,
              "Actual Loops": 4,
              "Plans": [
                {
                  "Node Type": "Hash Join",
                  "Parent Relationship": "Outer",
                  "Parallel Aware": true,
                  "Join Type": "Inner",
                  "Startup Cost": 79812.97,
                  "Total Cost": 124667.44,
                  "Plan Rows": 103741,
                  "Plan Width": 0,
                  "Actual Startup Time": 235.236,
                  "Actual Total Time": 405.034,
                  "Actual Rows": 32116,
                  "Actual Loops": 4,
                  "Inner Unique": false,
                  "Hash Cond": "(mk.movie_id = t.id)",
                  "Plans": [
                    {
                      "Node Type": "Seq Scan",
                      "Parent Relationship": "Outer",
                      "Parallel Aware": true,
                      "Relation Name": "movie_keyword",
                      "Alias": "mk",
                      "Startup Cost": 0.0,
                      "Total Cost": 39047.32,
                      "Plan Rows": 1459332,
                      "Plan Width": 4,
                      "Actual Startup Time": 0.028,
                      "Actual Total Time": 87.663,
                      "Actual Rows": 1130982,
                      "Actual Loops": 4
                    },
                    {
                      "Node Type": "Hash",
                      "Parent Relationship": "Inner",
                      "Parallel Aware": true,
                      "Startup Cost": 79088.25,
                      "Total Cost": 79088.25,
                      "Plan Rows": 57978,
                      "Plan Width": 8,
                      "Actual Startup Time": 233.066,
                      "Actual Total Time": 233.071,
                      "Actual Rows": 19409,
                      "Actual Loops": 4,
                      "Hash Buckets": 262144,
                      "Original Hash Buckets": 262144,
                      "Hash Batches": 1,
                      "Original Hash Batches": 1,
                      "Peak Memory Usage": 5184,
                      "Plans": [
                        {
                          "Node Type": "Hash Join",
                          "Parent Relationship": "Outer",
                          "Parallel Aware": true,
                          "Join Type": "Inner",
                          "Startup Cost": 46612.71,
                          "Total Cost": 79088.25,
                          "Plan Rows": 57978,
                          "Plan Width": 8,
                          "Actual Startup Time": 120.874,
                          "Actual Total Time": 227.098,
                          "Actual Rows": 19409,
                          "Actual Loops": 4,
                          "Inner Unique": true,
                          "Hash Cond": "(mc.movie_id = t.id)",
                          "Plans": [
                            {
                              "Node Type": "Seq Scan",
                              "Parent Relationship": "Outer",
                              "Parallel Aware": true,
                              "Relation Name": "movie_companies",
                              "Alias": "mc",
                              "Startup Cost": 0.0,
                              "Total Cost": 31414.82,
                              "Plan Rows": 404084,
                              "Plan Width": 4,
                              "Actual Startup Time": 0.021,
                              "Actual Total Time": 66.116,
                              "Actual Rows": 303695,
                              "Actual Loops": 4,
                              "Filter": "((company_id > 6) AND (company_type_id < 2))",
                              "Rows Removed by Filter": 348587
                            },
                            {
                              "Node Type": "Hash",
                              "Parent Relationship": "Inner",
                              "Parallel Aware": true,
                              "Startup Cost": 45479.1,
                              "Total Cost": 45479.1,
                              "Plan Rows": 90689,
                              "Plan Width": 4,
                              "Actual Startup Time": 119.22,
                              "Actual Total Time": 119.221,
                              "Actual Rows": 63442,
                              "Actual Loops": 4,
                              "Hash Buckets": 524288,
                              "Original Hash Buckets": 524288,
                              "Hash Batches": 1,
                              "Original Hash Batches": 1,
                              "Peak Memory Usage": 14112,
                              "Plans": [
                                {
                                  "Node Type": "Seq Scan",
                                  "Parent Relationship": "Outer",
                                  "Parallel Aware": true,
                                  "Relation Name": "title",
                                  "Alias": "t",
                                  "Startup Cost": 0.0,
                                  "Total Cost": 45479.1,
                                  "Plan Rows": 90689,
                                  "Plan Width": 4,
                                  "Actual Startup Time": 0.033,
                                  "Actual Total Time": 93.942,
                                  "Actual Rows": 63442,
                                  "Actual Loops": 4,
                                  "Filter": "((production_year < 1986) AND (kind_id = 7))",
                                  "Rows Removed by Filter": 568636
                                }
                              ]
                            }
                          ]
                        }
                      ]
                    }
                  ]
                }
              ]
            }
          ]
        }
      ]
    },
    "Planning Time": 0.911,
    "Triggers": [],
    "Execution Time": 435.752
  }
]