[
  {
    "Plan": {
      "Node Type": "Aggregate",
      "Strategy": "Plain",
      "Partial Mode": "Finalize",
      "Parallel Aware": false,
      "Startup Cost": 247334.77,
      "Total Cost": 247334.78,
      "Plan Rows": 1,
      "Plan Width": 8,
      "Actual Startup Time": 447.5,
      "Actual Total Time": 487.185,
      "Actual Rows": 1,
      "Actual Loops": 1,
      "Plans": [
        {
          "Node Type": "Gather",
          "Parent Relationship": "Outer",
          "Parallel Aware": false,
          "Startup Cost": 247334.25,
          "Total Cost": 247334.76,
          "Plan Rows": 5,
          "Plan Width": 8,
          "Actual Startup Time": 447.148,
          "Actual Total Time": 487.171,
          "Actual Rows": 6,
          "Actual Loops": 1,
          "Workers Planned": 5,
          "Workers Launched": 5,
          "Single Copy": false,
          "Plans": [
            {
              "Node Type": "Aggregate",
              "Strategy": "Plain",
              "Partial Mode": "Partial",
              "Parent Relationship": "Outer",
              "Parallel Aware": false,
              "Startup Cost": 246334.25,
              "Total Cost": 246334.26,
              "Plan Rows": 1,
              "Plan Width": 8,
              "Actual Startup Time": 440.923,
              "Actual Total Time": 440.927,
              "Actual Rows": 1,
              "Actual Loops": 6,
              "Plans": [
                {
                  "Node Type": "Hash Join",
                  "Parent Relationship": "Outer",
                  "Parallel Aware": true,
                  "Join Type": "Inner",
                  "Startup Cost": 45609.29,
                  "Total Cost": 246309.37,
                  "Plan Rows": 9954,
                  "Plan Width": 0,
                  "Actual Startup Time": 221.559,
                  "Actual Total Time": 440.377,
                  "Actual Rows": 8917,
                  "Actual Loops": 6,
                  "Inner Unique": true,
                  "Hash Cond": "(mi.movie_id = t.id)",
                  "Plans": [
                    {
                      "Node Type": "Seq Scan",
                      "Parent Relationship": "Outer",
                      "Parallel Aware": true,
                      "Relation Name": "movie_info",
                      "Alias": "mi",
                      "Startup Cost": 0.0,
                      "Total Cost": 199108.24,
                      "Plan Rows": 606414,
                      "Plan Width": 4,
                      "Actual Startup Time": 73.286,
                      "Actual Total Time": 309.17,
                      "Actual Rows": 506120,
                      "Actual Loops": 6,
                      "Filter": "(info_type_id = 16)",
                      "Rows Removed by Filter": 1966500
                    },
                    {
                      "Node Type": "Hash",
                      "Parent Relationship": "Inner",
                      "Parallel Aware": true,
                      "Startup Cost": 45479.59,
                      "Total Cost": 45479.59,
                      "Plan Rows": 10376,
                      "Plan Width": 4,
                      "Actual Startup Time": 79.395,
                      "Actual Total Time": 79.396,
                      "Actual Rows": 6235,
                      "Actual Loops": 6,
                      "Hash Buckets": 65536,
                      "Original Hash Buckets": 65536,
                      "Hash Batches": 1,
                      "Original Hash Batches": 1,
                      "Peak Memory Usage": 2080,
                      "Plans": [
                        {
                          "Node Type": "Seq Scan",
                          "Parent Relationship": "Outer",
                          "Parallel Aware": true,
                          "Relation Name": "title",
                          "Alias": "t",
                          "Startup Cost": 0.0,
                          "Total Cost": 45479.59,
                          "Plan Rows": 10376,
                          "Plan Width": 4,
                          "Actual Startup Time": 47.044,
                          "Actual Total Time": 76.198,
                          "Actual Rows": 6235,
                          "Actual Loops": 6,
                          "Filter": "((kind_id < 2) AND (production_year = 2011))",
                          "Rows Removed by Filter": 415150
                        }
                      ]
                    }
                  ]
                }
              ]
            }
          ]
        }
      ]
    },
    "Planning Time": 0.656,
    "Triggers": [],
    "Execution Time": 487.265
  }
]