{
  "Plan": {
    "Node Type": "Aggregate",
    "Strategy": "Plain",
    "Partial Mode": "Finalize",
    "Parallel Aware": false,
    "Startup Cost": 459627.17,
    "Total Cost": 459627.18,
    "Plan Rows": 1,
    "Plan Width": 8,
    "Actual Startup Time": 255.53,
    "Actual Total Time": 295.325,
    "Actual Rows": 1,
    "Actual Loops": 1,
    "Plans": [
      {
        "Node Type": "Gather",
        "Parent Relationship": "Outer",
        "Parallel Aware": false,
        "Startup Cost": 459627.06,
        "Total Cost": 459627.17,
        "Plan Rows": 1,
        "Plan Width": 8,
        "Actual Startup Time": 255.433,
        "Actual Total Time": 295.318,
        "Actual Rows": 2,
        "Actual Loops": 1,
        "Workers Planned": 1,
        "Workers Launched": 1,
        "Single Copy": false,
        "Plans": [
          {
            "Node Type": "Aggregate",
            "Strategy": "Plain",
            "Partial Mode": "Partial",
            "Parent Relationship": "Outer",
            "Parallel Aware": false,
            "Startup Cost": 458627.06,
            "Total Cost": 458627.07,
            "Plan Rows": 1,
            "Plan Width": 8,
            "Actual Startup Time": 251.099,
            "Actual Total Time": 251.1,
            "Actual Rows": 1,
            "Actual Loops": 2,
            "Plans": [
              {
                "Node Type": "Nested Loop",
                "Parent Relationship": "Outer",
                "Parallel Aware": false,
                "Join Type": "Inner",
                "Startup Cost": 0.56,
                "Total Cost": 458490.32,
                "Plan Rows": 54695,
                "Plan Width": 0,
                "Actual Startup Time": 0.334,
                "Actual Total Time": 247.874,
                "Actual Rows": 49758,
                "Actual Loops": 2,
                "Inner Unique": false,
                "Plans": [
                  {
                    "Node Type": "Seq Scan",
                    "Parent Relationship": "Outer",
                    "Parallel Aware": true,
                    "Relation Name": "title",
                    "Alias": "t",
                    "Startup Cost": 0.0,
                    "Total Cost": 54588.39,
                    "Plan Rows": 3817,
                    "Plan Width": 4,
                    "Actual Startup Time": 0.161,
                    "Actual Total Time": 119.461,
                    "Actual Rows": 4004,
                    "Actual Loops": 2,
                    "Filter": "(production_year = 1955)",
                    "Rows Removed by Filter": 1260152
                  },
                  {
                    "Node Type": "Index Only Scan",
                    "Parent Relationship": "Inner",
                    "Parallel Aware": false,
                    "Scan Direction": "Forward",
                    "Index Name": "movie_id_cast_info",
                    "Relation Name": "cast_info",
                    "Alias": "ci",
                    "Startup Cost": 0.56,
                    "Total Cost": 105.45,
                    "Plan Rows": 37,
                    "Plan Width": 4,
                    "Actual Startup Time": 0.009,
                    "Actual Total Time": 0.031,
                    "Actual Rows": 12,
                    "Actual Loops": 8007,
                    "Index Cond": "(movie_id = t.id)",
                    "Rows Removed by Index Recheck": 0,
                    "Heap Fetches": 99517
                  }
                ]
              }
            ]
          }
        ]
      }
    ]
  },
  "Planning Time": 0.354,
  "Triggers": [],
  "Execution Time": 295.393
}