{
  "Plan": {
    "Node Type": "Aggregate",
    "Strategy": "Plain",
    "Partial Mode": "Finalize",
    "Parallel Aware": false,
    "Startup Cost": 676441.24,
    "Total Cost": 676441.25,
    "Plan Rows": 1,
    "Plan Width": 64,
    "Actual Startup Time": 2544.654,
    "Actual Total Time": 2630.934,
    "Actual Rows": 1,
    "Actual Loops": 1,
    "Plans": [
      {
        "Node Type": "Gather",
        "Parent Relationship": "Outer",
        "Parallel Aware": false,
        "Startup Cost": 676441.12,
        "Total Cost": 676441.23,
        "Plan Rows": 1,
        "Plan Width": 64,
        "Actual Startup Time": 2541.6,
        "Actual Total Time": 2630.916,
        "Actual Rows": 2,
        "Actual Loops": 1,
        "Workers Planned": 1,
        "Workers Launched": 1,
        "Single Copy": false,
        "Plans": [
          {
            "Node Type": "Aggregate",
            "Strategy": "Plain",
            "Partial Mode": "Partial",
            "Parent Relationship": "Outer",
            "Parallel Aware": false,
            "Startup Cost": 675441.12,
            "Total Cost": 675441.13,
            "Plan Rows": 1,
            "Plan Width": 64,
            "Actual Startup Time": 2532.349,
            "Actual Total Time": 2532.358,
            "Actual Rows": 1,
            "Actual Loops": 2,
            "Plans": [
              {
                "Node Type": "Nested Loop",
                "Parent Relationship": "Outer",
                "Parallel Aware": false,
                "Join Type": "Inner",
                "Startup Cost": 63325.28,
                "Total Cost": 675406.99,
                "Plan Rows": 6826,
                "Plan Width": 33,
                "Actual Startup Time": 504.921,
                "Actual Total Time": 2530.616,
                "Actual Rows": 12468,
                "Actual Loops": 2,
                "Inner Unique": false,
                "Plans": [
                  {
                    "Node Type": "Nested Loop",
                    "Parent Relationship": "Outer",
                    "Parallel Aware": false,
                    "Join Type": "Inner",
                    "Startup Cost": 63324.85,
                    "Total Cost": 671023.21,
                    "Plan Rows": 6614,
                    "Plan Width": 41,
                    "Actual Startup Time": 504.375,
                    "Actual Total Time": 2503.793,
                    "Actual Rows": 3863,
                    "Actual Loops": 2,
                    "Inner Unique": true,
                    "Plans": [
                      {
                        "Node Type": "Hash Join",
                        "Parent Relationship": "Outer",
                        "Parallel Aware": true,
                        "Join Type": "Inner",
                        "Startup Cost": 63324.42,
                        "Total Cost": 635715.55,
                        "Plan Rows": 6614,
                        "Plan Width": 29,
                        "Actual Startup Time": 504.316,
                        "Actual Total Time": 2479.11,
                        "Actual Rows": 3964,
                        "Actual Loops": 2,
                        "Inner Unique": true,
                        "Hash Cond": "(ci.movie_id = t.id)",
                        "Plans": [
                          {
                            "Node Type": "Seq Scan",
                            "Parent Relationship": "Outer",
                            "Parallel Aware": true,
                            "Relation Name": "cast_info",
                            "Alias": "ci",
                            "Startup Cost": 0.0,
                            "Total Cost": 572354.19,
                            "Plan Rows": 14073,
                            "Plan Width": 8,
                            "Actual Startup Time": 0.143,
                            "Actual Total Time": 1959.757,
                            "Actual Rows": 16144,
                            "Actual Loops": 2,
                            "Filter": "((note ~~ '%(voice)%'::text) AND (note ~~ '%(uncredited)%'::text))",
                            "Rows Removed by Filter": 18106028
                          },
                          {
                            "Node Type": "Hash",
                            "Parent Relationship": "Inner",
                            "Parallel Aware": true,
                            "Startup Cost": 54587.68,
                            "Total Cost": 54587.68,
                            "Plan Rows": 698939,
                            "Plan Width": 21,
                            "Actual Startup Time": 488.45,
                            "Actual Total Time": 488.451,
                            "Actual Rows": 596259,
                            "Actual Loops": 2,
                            "Hash Buckets": 2097152,
                            "Original Hash Buckets": 2097152,
                            "Hash Batches": 1,
                            "Original Hash Batches": 1,
                            "Peak Memory Usage": 83296,
                            "Plans": [
                              {
                                "Node Type": "Seq Scan",
                                "Parent Relationship": "Outer",
                                "Parallel Aware": true,
                                "Relation Name": "title",
                                "Alias": "t",
                                "Startup Cost": 0.0,
                                "Total Cost": 54587.68,
                                "Plan Rows": 698939,
                                "Plan Width": 21,
                                "Actual Startup Time": 0.046,
                                "Actual Total Time": 210.152,
                                "Actual Rows": 596259,
                                "Actual Loops": 2,
                                "Filter": "(production_year > 2003)",
                                "Rows Removed by Filter": 667897
                              }
                            ]
                          }
                        ]
                      },
                      {
                        "Node Type": "Index Scan",
                        "Parent Relationship": "Inner",
                        "Parallel Aware": false,
                        "Scan Direction": "Forward",
                        "Index Name": "char_name_pkey",
                        "Relation Name": "char_name",
                        "Alias": "chn",
                        "Startup Cost": 0.43,
                        "Total Cost": 5.34,
                        "Plan Rows": 1,
                        "Plan Width": 20,
                        "Actual Startup Time": 0.006,
                        "Actual Total Time": 0.006,
                        "Actual Rows": 1,
                        "Actual Loops": 7928,
                        "Index Cond": "(id = ci.person_role_id)",
                        "Rows Removed by Index Recheck": 0
                      }
                    ]
                  },
                  {
                    "Node Type": "Index Only Scan",
                    "Parent Relationship": "Inner",
                    "Parallel Aware": false,
                    "Scan Direction": "Forward",
                    "Index Name": "movie_id_movie_companies",
                    "Relation Name": "movie_companies",
                    "Alias": "mc",
                    "Startup Cost": 0.43,
                    "Total Cost": 0.61,
                    "Plan Rows": 5,
                    "Plan Width": 4,
                    "Actual Startup Time": 0.005,
                    "Actual Total Time": 0.006,
                    "Actual Rows": 3,
                    "Actual Loops": 7726,
                    "Index Cond": "(movie_id = t.id)",
                    "Rows Removed by Index Recheck": 0,
                    "Heap Fetches": 24936
                  }
                ]
              }
            ]
          }
        ]
      }
    ]
  },
  "Planning Time": 1.305,
  "Triggers": [],
  "Execution Time": 2631.067
}