[
  {
    "Plan": {
      "Node Type": "Aggregate",
      "Strategy": "Plain",
      "Partial Mode": "Finalize",
      "Parallel Aware": false,
      "Startup Cost": 61496.81,
      "Total Cost": 61496.82,
      "Plan Rows": 1,
      "Plan Width": 8,
      "Actual Startup Time": 87.235,
      "Actual Total Time": 92.119,
      "Actual Rows": 1,
      "Actual Loops": 1,
      "Plans": [
        {
          "Node Type": "Gather",
          "Parent Relationship": "Outer",
          "Parallel Aware": false,
          "Startup Cost": 61496.49,
          "Total Cost": 61496.8,
          "Plan Rows": 3,
          "Plan Width": 8,
          "Actual Startup Time": 86.933,
          "Actual Total Time": 92.111,
          "Actual Rows": 4,
          "Actual Loops": 1,
          "Workers Planned": 3,
          "Workers Launched": 3,
          "Single Copy": false,
          "Plans": [
            {
              "Node Type": "Aggregate",
              "Strategy": "Plain",
              "Partial Mode": "Partial",
              "Parent Relationship": "Outer",
              "Parallel Aware": false,
              "Startup Cost": 60496.49,
              "Total Cost": 60496.5,
              "Plan Rows": 1,
              "Plan Width": 8,
              "Actual Startup Time": 77.165,
              "Actual Total Time": 77.168,
              "Actual Rows": 1,
              "Actual Loops": 4,
              "Plans": [
                {
                  "Node Type": "Nested Loop",
                  "Parent Relationship": "Outer",
                  "Parallel Aware": false,
                  "Join Type": "Inner",
                  "Startup Cost": 40029.91,
                  "Total Cost": 60495.23,
                  "Plan Rows": 505,
                  "Plan Width": 0,
                  "Actual Startup Time": 64.423,
                  "Actual Total Time": 77.078,
                  "Actual Rows": 1318,
                  "Actual Loops": 4,
                  "Inner Unique": false,
                  "Join Filter": "(t.id = mk.movie_id)",
                  "Rows Removed by Join Filter": 0,
                  "Plans": [
                    {
                      "Node Type": "Hash Join",
                      "Parent Relationship": "Outer",
                      "Parallel Aware": true,
                      "Join Type": "Inner",
                      "Startup Cost": 40029.48,
                      "Total Cost": 59103.73,
                      "Plan Rows": 283,
                      "Plan Width": 8,
                      "Actual Startup Time": 64.229,
                      "Actual Total Time": 72.547,
                      "Actual Rows": 354,
                      "Actual Loops": 4,
                      "Inner Unique": true,
                      "Hash Cond": "(mc.movie_id = t.id)",
                      "Plans": [
                        {
                          "Node Type": "Bitmap Heap Scan",
                          "Parent Relationship": "Outer",
                          "Parallel Aware": true,
                          "Relation Name": "movie_companies",
                          "Alias": "mc",
                          "Startup Cost": 1263.95,
                          "Total Cost": 20288.86,
                          "Plan Rows": 18794,
                          "Plan Width": 4,
                          "Actual Startup Time": 5.172,
                          "Actual Total Time": 10.418,
                          "Actual Rows": 13942,
                          "Actual Loops": 4,
                          "Recheck Cond": "(company_id > 186965)",
                          "Rows Removed by Index Recheck": 0,
                          "Exact Heap Blocks": 612,
                          "Lossy Heap Blocks": 0,
                          "Plans": [
                            {
                              "Node Type": "Bitmap Index Scan",
                              "Parent Relationship": "Outer",
                              "Parallel Aware": false,
                              "Index Name": "company_id_movie_companies",
                              "Startup Cost": 0.0,
                              "Total Cost": 1249.38,
                              "Plan Rows": 58260,
                              "Plan Width": 0,
                              "Actual Startup Time": 4.655,
                              "Actual Total Time": 4.655,
                              "Actual Rows": 55769,
                              "Actual Loops": 1,
                              "Index Cond": "(company_id > 186965)"
                            }
                          ]
                        },
                        {
                          "Node Type": "Hash",
                          "Parent Relationship": "Inner",
                          "Parallel Aware": true,
                          "Startup Cost": 38646.7,
                          "Total Cost": 38646.7,
                          "Plan Rows": 9507,
                          "Plan Width": 4,
                          "Actual Startup Time": 57.609,
                          "Actual Total Time": 57.61,
                          "Actual Rows": 9339,
                          "Actual Loops": 4,
                          "Hash Buckets": 65536,
                          "Original Hash Buckets": 65536,
                          "Hash Batches": 1,
                          "Original Hash Batches": 1,
                          "Peak Memory Usage": 2016,
                          "Plans": [
                            {
                              "Node Type": "Bitmap Heap Scan",
                              "Parent Relationship": "Outer",
                              "Parallel Aware": true,
                              "Relation Name": "title",
                              "Alias": "t",
                              "Startup Cost": 2190.44,
                              "Total Cost": 38646.7,
                              "Plan Rows": 9507,
                              "Plan Width": 4,
                              "Actual Startup Time": 13.641,
                              "Actual Total Time": 52.675,
                              "Actual Rows": 9339,
                              "Actual Loops": 4,
                              "Recheck Cond": "(kind_id = 4)",
                              "Rows Removed by Index Recheck": 0,
                              "Filter": "(production_year > 2007)",
                              "Rows Removed by Filter": 20219,
                              "Exact Heap Blocks": 6477,
                              "Lossy Heap Blocks": 0,
                              "Plans": [
                                {
                                  "Node Type": "Bitmap Index Scan",
                                  "Parent Relationship": "Outer",
                                  "Parallel Aware": false,
                                  "Index Name": "kind_id_title",
                                  "Startup Cost": 0.0,
                                  "Total Cost": 2180.94,
                                  "Plan Rows": 122201,
                                  "Plan Width": 0,
                                  "Actual Startup Time": 15.35,
                                  "Actual Total Time": 15.35,
                                  "Actual Rows": 118234,
                                  "Actual Loops": 1,
                                  "Index Cond": "(kind_id = 4)"
                                }
                              ]
                            }
                          ]
                        }
                      ]
                    },
                    {
                      "Node Type": "Index Only Scan",
                      "Parent Relationship": "Inner",
                      "Parallel Aware": false,
                      "Scan Direction": "Forward",
                      "Index Name": "movie_id_movie_keyword",
                      "Relation Name": "movie_keyword",
                      "Alias": "mk",
                      "Startup Cost": 0.43,
                      "Total Cost": 4.35,
                      "Plan Rows": 45,
                      "Plan Width": 4,
                      "Actual Startup Time": 0.011,
                      "Actual Total Time": 0.012,
                      "Actual Rows": 4,
                      "Actual Loops": 1415,
                      "Index Cond": "(movie_id = mc.movie_id)",
                      "Rows Removed by Index Recheck": 0,
                      "Heap Fetches": 5270
                    }
                  ]
                }
              ]
            }
          ]
        }
      ]
    },
    "Planning Time": 1.454,
    "Triggers": [],
    "Execution Time": 92.248
  }
]