{
  "Plan": {
    "Node Type": "Aggregate",
    "Strategy": "Plain",
    "Partial Mode": "Finalize",
    "Parallel Aware": false,
    "Startup Cost": 816037.85,
    "Total Cost": 816037.86,
    "Plan Rows": 1,
    "Plan Width": 8,
    "Actual Startup Time": 6964.239,
    "Actual Total Time": 7037.015,
    "Actual Rows": 1,
    "Actual Loops": 1,
    "Plans": [
      {
        "Node Type": "Gather",
        "Parent Relationship": "Outer",
        "Parallel Aware": false,
        "Startup Cost": 816037.73,
        "Total Cost": 816037.84,
        "Plan Rows": 1,
        "Plan Width": 8,
        "Actual Startup Time": 6958.68,
        "Actual Total Time": 7037.006,
        "Actual Rows": 2,
        "Actual Loops": 1,
        "Workers Planned": 1,
        "Workers Launched": 1,
        "Single Copy": false,
        "Plans": [
          {
            "Node Type": "Aggregate",
            "Strategy": "Plain",
            "Partial Mode": "Partial",
            "Parent Relationship": "Outer",
            "Parallel Aware": false,
            "Startup Cost": 815037.73,
            "Total Cost": 815037.74,
            "Plan Rows": 1,
            "Plan Width": 8,
            "Actual Startup Time": 6950.203,
            "Actual Total Time": 6950.209,
            "Actual Rows": 1,
            "Actual Loops": 2,
            "Plans": [
              {
                "Node Type": "Hash Join",
                "Parent Relationship": "Outer",
                "Parallel Aware": true,
                "Join Type": "Inner",
                "Startup Cost": 129933.36,
                "Total Cost": 795817.04,
                "Plan Rows": 7688276,
                "Plan Width": 0,
                "Actual Startup Time": 1123.477,
                "Actual Total Time": 6149.712,
                "Actual Rows": 20470078,
                "Actual Loops": 2,
                "Inner Unique": false,
                "Hash Cond": "(ci.movie_id = t.id)",
                "Plans": [
                  {
                    "Node Type": "Seq Scan",
                    "Parent Relationship": "Outer",
                    "Parallel Aware": true,
                    "Relation Name": "cast_info",
                    "Alias": "ci",
                    "Startup Cost": 0.0,
                    "Total Cost": 572345.93,
                    "Plan Rows": 12883356,
                    "Plan Width": 4,
                    "Actual Startup Time": 233.44,
                    "Actual Total Time": 1759.22,
                    "Actual Rows": 10458450,
                    "Actual Loops": 2,
                    "Filter": "((person_id > 864470) AND (role_id < 8))",
                    "Rows Removed by Filter": 7663722
                  },
                  {
                    "Node Type": "Hash",
                    "Parent Relationship": "Inner",
                    "Parallel Aware": true,
                    "Startup Cost": 118839.35,
                    "Total Cost": 118839.35,
                    "Plan Rows": 887521,
                    "Plan Width": 8,
                    "Actual Startup Time": 875.491,
                    "Actual Total Time": 875.495,
                    "Actual Rows": 1035942,
                    "Actual Loops": 2,
                    "Hash Buckets": 2097152,
                    "Original Hash Buckets": 2097152,
                    "Hash Batches": 1,
                    "Original Hash Batches": 1,
                    "Peak Memory Usage": 97472,
                    "Plans": [
                      {
                        "Node Type": "Hash Join",
                        "Parent Relationship": "Outer",
                        "Parallel Aware": true,
                        "Join Type": "Inner",
                        "Startup Cost": 60788.5,
                        "Total Cost": 118839.35,
                        "Plan Rows": 887521,
                        "Plan Width": 8,
                        "Actual Startup Time": 253.577,
                        "Actual Total Time": 697.47,
                        "Actual Rows": 1035942,
                        "Actual Loops": 2,
                        "Inner Unique": true,
                        "Hash Cond": "(mk.movie_id = t.id)",
                        "Plans": [
                          {
                            "Node Type": "Seq Scan",
                            "Parent Relationship": "Outer",
                            "Parallel Aware": true,
                            "Relation Name": "movie_keyword",
                            "Alias": "mk",
                            "Startup Cost": 0.0,
                            "Total Cost": 51065.35,
                            "Plan Rows": 2661135,
                            "Plan Width": 4,
                            "Actual Startup Time": 0.013,
                            "Actual Total Time": 152.946,
                            "Actual Rows": 2261965,
                            "Actual Loops": 2
                          },
                          {
                            "Node Type": "Hash",
                            "Parent Relationship": "Inner",
                            "Parallel Aware": true,
                            "Startup Cost": 54588.39,
                            "Total Cost": 54588.39,
                            "Plan Rows": 496009,
                            "Plan Width": 4,
                            "Actual Startup Time": 249.515,
                            "Actual Total Time": 249.517,
                            "Actual Rows": 424570,
                            "Actual Loops": 2,
                            "Hash Buckets": 1048576,
                            "Original Hash Buckets": 1048576,
                            "Hash Batches": 1,
                            "Original Hash Batches": 1,
                            "Peak Memory Usage": 41440,
                            "Plans": [
                              {
                                "Node Type": "Seq Scan",
                                "Parent Relationship": "Outer",
                                "Parallel Aware": true,
                                "Relation Name": "title",
                                "Alias": "t",
                                "Startup Cost": 0.0,
                                "Total Cost": 54588.39,
                                "Plan Rows": 496009,
                                "Plan Width": 4,
                                "Actual Startup Time": 0.029,
                                "Actual Total Time": 149.77,
                                "Actual Rows": 424570,
                                "Actual Loops": 2,
                                "Filter": "(production_year < 1996)",
                                "Rows Removed by Filter": 839586
                              }
                            ]
                          }
                        ]
                      }
                    ]
                  }
                ]
              }
            ]
          }
        ]
      }
    ]
  },
  "Planning Time": 0.988,
  "Triggers": [],
  "Execution Time": 7037.113
}