[
  {
    "Plan": {
      "Node Type": "Aggregate",
      "Strategy": "Plain",
      "Partial Mode": "Finalize",
      "Parallel Aware": false,
      "Startup Cost": 61962.02,
      "Total Cost": 61962.03,
      "Plan Rows": 1,
      "Plan Width": 8,
      "Actual Startup Time": 236.717,
      "Actual Total Time": 249.889,
      "Actual Rows": 1,
      "Actual Loops": 1,
      "Plans": [
        {
          "Node Type": "Gather",
          "Parent Relationship": "Outer",
          "Parallel Aware": false,
          "Startup Cost": 61961.8,
          "Total Cost": 61962.01,
          "Plan Rows": 2,
          "Plan Width": 8,
          "Actual Startup Time": 235.893,
          "Actual Total Time": 249.881,
          "Actual Rows": 3,
          "Actual Loops": 1,
          "Workers Planned": 2,
          "Workers Launched": 2,
          "Single Copy": false,
          "Plans": [
            {
              "Node Type": "Aggregate",
              "Strategy": "Plain",
              "Partial Mode": "Partial",
              "Parent Relationship": "Outer",
              "Parallel Aware": false,
              "Startup Cost": 60961.8,
              "Total Cost": 60961.81,
              "Plan Rows": 1,
              "Plan Width": 8,
              "Actual Startup Time": 228.675,
              "Actual Total Time": 228.767,
              "Actual Rows": 1,
              "Actual Loops": 3,
              "Plans": [
                {
                  "Node Type": "Hash Join",
                  "Parent Relationship": "Outer",
                  "Parallel Aware": true,
                  "Join Type": "Inner",
                  "Startup Cost": 45722.89,
                  "Total Cost": 60917.45,
                  "Plan Rows": 17742,
                  "Plan Width": 0,
                  "Actual Startup Time": 170.569,
                  "Actual Total Time": 226.833,
                  "Actual Rows": 46893,
                  "Actual Loops": 3,
                  "Inner Unique": true,
                  "Hash Cond": "(mi_idx.movie_id = t.id)",
                  "Plans": [
                    {
                      "Node Type": "Seq Scan",
                      "Parent Relationship": "Outer",
                      "Parallel Aware": true,
                      "Relation Name": "movie_info_idx",
                      "Alias": "mi_idx",
                      "Startup Cost": 0.0,
                      "Total Cost": 13685.15,
                      "Plan Rows": 575015,
                      "Plan Width": 4,
                      "Actual Startup Time": 0.021,
                      "Actual Total Time": 39.05,
                      "Actual Rows": 460012,
                      "Actual Loops": 3
                    },
                    {
                      "Node Type": "Hash",
                      "Parent Relationship": "Inner",
                      "Parallel Aware": true,
                      "Startup Cost": 45479.1,
                      "Total Cost": 45479.1,
                      "Plan Rows": 19503,
                      "Plan Width": 4,
                      "Actual Startup Time": 134.167,
                      "Actual Total Time": 134.168,
                      "Actual Rows": 69917,
                      "Actual Loops": 3,
                      "Hash Buckets": 262144,
                      "Original Hash Buckets": 131072,
                      "Hash Batches": 1,
                      "Original Hash Batches": 1,
                      "Peak Memory Usage": 11328,
                      "Plans": [
                        {
                          "Node Type": "Seq Scan",
                          "Parent Relationship": "Outer",
                          "Parallel Aware": true,
                          "Relation Name": "title",
                          "Alias": "t",
                          "Startup Cost": 0.0,
                          "Total Cost": 45479.1,
                          "Plan Rows": 19503,
                          "Plan Width": 4,
                          "Actual Startup Time": 66.597,
                          "Actual Total Time": 111.183,
                          "Actual Rows": 69917,
                          "Actual Loops": 3,
                          "Filter": "((production_year < 1966) AND (kind_id = 1))",
                          "Rows Removed by Filter": 772853
                        }
                      ]
                    }
                  ]
                }
              ]
            }
          ]
        }
      ]
    },
    "Planning Time": 0.488,
    "Triggers": [],
    "Execution Time": 249.949
  }
]