{
  "Plan": {
    "Node Type": "Aggregate",
    "Strategy": "Plain",
    "Partial Mode": "Finalize",
    "Parallel Aware": false,
    "Startup Cost": 33295.52,
    "Total Cost": 33295.53,
    "Plan Rows": 1,
    "Plan Width": 8,
    "Actual Startup Time": 45.099,
    "Actual Total Time": 51.645,
    "Actual Rows": 1,
    "Actual Loops": 1,
    "Plans": [
      {
        "Node Type": "Gather",
        "Parent Relationship": "Outer",
        "Parallel Aware": false,
        "Startup Cost": 33295.4,
        "Total Cost": 33295.51,
        "Plan Rows": 1,
        "Plan Width": 8,
        "Actual Startup Time": 44.978,
        "Actual Total Time": 51.638,
        "Actual Rows": 2,
        "Actual Loops": 1,
        "Workers Planned": 1,
        "Workers Launched": 1,
        "Single Copy": false,
        "Plans": [
          {
            "Node Type": "Aggregate",
            "Strategy": "Plain",
            "Partial Mode": "Partial",
            "Parent Relationship": "Outer",
            "Parallel Aware": false,
            "Startup Cost": 32295.4,
            "Total Cost": 32295.41,
            "Plan Rows": 1,
            "Plan Width": 8,
            "Actual Startup Time": 41.735,
            "Actual Total Time": 41.737,
            "Actual Rows": 1,
            "Actual Loops": 2,
            "Plans": [
              {
                "Node Type": "Nested Loop",
                "Parent Relationship": "Outer",
                "Parallel Aware": false,
                "Join Type": "Inner",
                "Startup Cost": 100.35,
                "Total Cost": 32294.55,
                "Plan Rows": 341,
                "Plan Width": 0,
                "Actual Startup Time": 3.164,
                "Actual Total Time": 41.698,
                "Actual Rows": 116,
                "Actual Loops": 2,
                "Inner Unique": false,
                "Plans": [
                  {
                    "Node Type": "Nested Loop",
                    "Parent Relationship": "Outer",
                    "Parallel Aware": false,
                    "Join Type": "Inner",
                    "Startup Cost": 99.92,
                    "Total Cost": 31305.53,
                    "Plan Rows": 1868,
                    "Plan Width": 8,
                    "Actual Startup Time": 3.021,
                    "Actual Total Time": 30.159,
                    "Actual Rows": 1690,
                    "Actual Loops": 2,
                    "Inner Unique": true,
                    "Plans": [
                      {
                        "Node Type": "Bitmap Heap Scan",
                        "Parent Relationship": "Outer",
                        "Parallel Aware": true,
                        "Relation Name": "movie_keyword",
                        "Alias": "mk",
                        "Startup Cost": 99.49,
                        "Total Cost": 11584.6,
                        "Plan Rows": 2661,
                        "Plan Width": 4,
                        "Actual Startup Time": 2.914,
                        "Actual Total Time": 9.907,
                        "Actual Rows": 2270,
                        "Actual Loops": 2,
                        "Recheck Cond": "(keyword_id = 2762)",
                        "Rows Removed by Index Recheck": 0,
                        "Exact Heap Blocks": 1971,
                        "Lossy Heap Blocks": 0,
                        "Plans": [
                          {
                            "Node Type": "Bitmap Index Scan",
                            "Parent Relationship": "Outer",
                            "Parallel Aware": false,
                            "Index Name": "keyword_id_movie_keyword",
                            "Startup Cost": 0.0,
                            "Total Cost": 98.36,
                            "Plan Rows": 4524,
                            "Plan Width": 0,
                            "Actual Startup Time": 4.104,
                            "Actual Total Time": 4.104,
                            "Actual Rows": 4540,
                            "Actual Loops": 1,
                            "Index Cond": "(keyword_id = 2762)"
                          }
                        ]
                      },
                      {
                        "Node Type": "Index Scan",
                        "Parent Relationship": "Inner",
                        "Parallel Aware": false,
                        "Scan Direction": "Forward",
                        "Index Name": "title_pkey",
                        "Relation Name": "title",
                        "Alias": "t",
                        "Startup Cost": 0.43,
                        "Total Cost": 7.41,
                        "Plan Rows": 1,
                        "Plan Width": 4,
                        "Actual Startup Time": 0.008,
                        "Actual Total Time": 0.008,
                        "Actual Rows": 1,
                        "Actual Loops": 4540,
                        "Index Cond": "(id = mk.movie_id)",
                        "Rows Removed by Index Recheck": 0,
                        "Filter": "(kind_id > 2)",
                        "Rows Removed by Filter": 0
                      }
                    ]
                  },
                  {
                    "Node Type": "Index Scan",
                    "Parent Relationship": "Inner",
                    "Parallel Aware": false,
                    "Scan Direction": "Forward",
                    "Index Name": "movie_id_movie_info_idx",
                    "Relation Name": "movie_info_idx",
                    "Alias": "mi_idx",
                    "Startup Cost": 0.43,
                    "Total Cost": 0.52,
                    "Plan Rows": 1,
                    "Plan Width": 4,
                    "Actual Startup Time": 0.006,
                    "Actual Total Time": 0.006,
                    "Actual Rows": 0,
                    "Actual Loops": 3379,
                    "Index Cond": "(movie_id = t.id)",
                    "Rows Removed by Index Recheck": 0,
                    "Filter": "(info_type_id = 101)",
                    "Rows Removed by Filter": 0
                  }
                ]
              }
            ]
          }
        ]
      }
    ]
  },
  "Planning Time": 0.919,
  "Triggers": [],
  "Execution Time": 51.747
}