[
  {
    "Plan": {
      "Node Type": "Aggregate",
      "Strategy": "Plain",
      "Partial Mode": "Finalize",
      "Parallel Aware": false,
      "Startup Cost": 46284.9,
      "Total Cost": 46284.91,
      "Plan Rows": 1,
      "Plan Width": 8,
      "Actual Startup Time": 178.454,
      "Actual Total Time": 187.608,
      "Actual Rows": 1,
      "Actual Loops": 1,
      "Plans": [
        {
          "Node Type": "Gather",
          "Parent Relationship": "Outer",
          "Parallel Aware": false,
          "Startup Cost": 46284.58,
          "Total Cost": 46284.89,
          "Plan Rows": 3,
          "Plan Width": 8,
          "Actual Startup Time": 178.371,
          "Actual Total Time": 187.6,
          "Actual Rows": 4,
          "Actual Loops": 1,
          "Workers Planned": 3,
          "Workers Launched": 3,
          "Single Copy": false,
          "Plans": [
            {
              "Node Type": "Aggregate",
              "Strategy": "Plain",
              "Partial Mode": "Partial",
              "Parent Relationship": "Outer",
              "Parallel Aware": false,
              "Startup Cost": 45284.58,
              "Total Cost": 45284.59,
              "Plan Rows": 1,
              "Plan Width": 8,
              "Actual Startup Time": 171.172,
              "Actual Total Time": 171.173,
              "Actual Rows": 1,
              "Actual Loops": 4,
              "Plans": [
                {
                  "Node Type": "Seq Scan",
                  "Parent Relationship": "Outer",
                  "Parallel Aware": true,
                  "Relation Name": "movie_keyword",
                  "Alias": "mk",
                  "Startup Cost": 0.0,
                  "Total Cost": 42695.65,
                  "Plan Rows": 1035570,
                  "Plan Width": 0,
                  "Actual Startup Time": 0.253,
                  "Actual Total Time": 131.645,
                  "Actual Rows": 798988,
                  "Actual Loops": 4,
                  "Filter": "(keyword_id > 1733)",
                  "Rows Removed by Filter": 331994
                }
              ]
            }
          ]
        }
      ]
    },
    "Planning Time": 0.155,
    "Triggers": [],
    "Execution Time": 187.656
  }
]