{
  "Plan": {
    "Node Type": "Aggregate",
    "Strategy": "Plain",
    "Partial Mode": "Finalize",
    "Parallel Aware": false,
    "Startup Cost": 966825.14,
    "Total Cost": 966825.15,
    "Plan Rows": 1,
    "Plan Width": 8,
    "Actual Startup Time": 6395.573,
    "Actual Total Time": 6500.359,
    "Actual Rows": 1,
    "Actual Loops": 1,
    "Plans": [
      {
        "Node Type": "Gather",
        "Parent Relationship": "Outer",
        "Parallel Aware": false,
        "Startup Cost": 966825.03,
        "Total Cost": 966825.14,
        "Plan Rows": 1,
        "Plan Width": 8,
        "Actual Startup Time": 6391.653,
        "Actual Total Time": 6500.351,
        "Actual Rows": 2,
        "Actual Loops": 1,
        "Workers Planned": 1,
        "Workers Launched": 1,
        "Single Copy": false,
        "Plans": [
          {
            "Node Type": "Aggregate",
            "Strategy": "Plain",
            "Partial Mode": "Partial",
            "Parent Relationship": "Outer",
            "Parallel Aware": false,
            "Startup Cost": 965825.03,
            "Total Cost": 965825.04,
            "Plan Rows": 1,
            "Plan Width": 8,
            "Actual Startup Time": 6378.93,
            "Actual Total Time": 6378.936,
            "Actual Rows": 1,
            "Actual Loops": 2,
            "Plans": [
              {
                "Node Type": "Hash Join",
                "Parent Relationship": "Outer",
                "Parallel Aware": true,
                "Join Type": "Inner",
                "Startup Cost": 593071.21,
                "Total Cost": 954839.05,
                "Plan Rows": 4394392,
                "Plan Width": 0,
                "Actual Startup Time": 3873.539,
                "Actual Total Time": 6095.656,
                "Actual Rows": 6914342,
                "Actual Loops": 2,
                "Inner Unique": false,
                "Hash Cond": "(mi.movie_id = t.id)",
                "Plans": [
                  {
                    "Node Type": "Seq Scan",
                    "Parent Relationship": "Outer",
                    "Parallel Aware": true,
                    "Relation Name": "movie_info",
                    "Alias": "mi",
                    "Startup Cost": 0.0,
                    "Total Cost": 270696.42,
                    "Plan Rows": 5217764,
                    "Plan Width": 4,
                    "Actual Startup Time": 0.019,
                    "Actual Total Time": 705.372,
                    "Actual Rows": 4483347,
                    "Actual Loops": 2,
                    "Filter": "(info_type_id < 15)",
                    "Rows Removed by Filter": 2934513
                  },
                  {
                    "Node Type": "Hash",
                    "Parent Relationship": "Inner",
                    "Parallel Aware": true,
                    "Startup Cost": 577414.41,
                    "Total Cost": 577414.41,
                    "Plan Rows": 1252544,
                    "Plan Width": 8,
                    "Actual Startup Time": 3839.842,
                    "Actual Total Time": 3839.846,
                    "Actual Rows": 610316,
                    "Actual Loops": 2,
                    "Hash Buckets": 4194304,
                    "Original Hash Buckets": 4194304,
                    "Hash Batches": 1,
                    "Original Hash Batches": 1,
                    "Peak Memory Usage": 80544,
                    "Plans": [
                      {
                        "Node Type": "Hash Join",
                        "Parent Relationship": "Outer",
                        "Parallel Aware": true,
                        "Join Type": "Inner",
                        "Startup Cost": 55681.05,
                        "Total Cost": 577414.41,
                        "Plan Rows": 1252544,
                        "Plan Width": 8,
                        "Actual Startup Time": 149.785,
                        "Actual Total Time": 3633.246,
                        "Actual Rows": 610316,
                        "Actual Loops": 2,
                        "Inner Unique": true,
                        "Hash Cond": "(ci.movie_id = t.id)",
                        "Plans": [
                          {
                            "Node Type": "Seq Scan",
                            "Parent Relationship": "Outer",
                            "Parallel Aware": true,
                            "Relation Name": "cast_info",
                            "Alias": "ci",
                            "Startup Cost": 0.0,
                            "Total Cost": 465792.95,
                            "Plan Rows": 21310595,
                            "Plan Width": 4,
                            "Actual Startup Time": 0.013,
                            "Actual Total Time": 1312.174,
                            "Actual Rows": 18122172,
                            "Actual Loops": 2
                          },
                          {
                            "Node Type": "Hash",
                            "Parent Relationship": "Inner",
                            "Parallel Aware": true,
                            "Startup Cost": 54588.39,
                            "Total Cost": 54588.39,
                            "Plan Rows": 87413,
                            "Plan Width": 4,
                            "Actual Startup Time": 148.806,
                            "Actual Total Time": 148.807,
                            "Actual Rows": 74840,
                            "Actual Loops": 2,
                            "Hash Buckets": 262144,
                            "Original Hash Buckets": 262144,
                            "Hash Batches": 1,
                            "Original Hash Batches": 1,
                            "Peak Memory Usage": 7936,
                            "Plans": [
                              {
                                "Node Type": "Seq Scan",
                                "Parent Relationship": "Outer",
                                "Parallel Aware": true,
                                "Relation Name": "title",
                                "Alias": "t",
                                "Startup Cost": 0.0,
                                "Total Cost": 54588.39,
                                "Plan Rows": 87413,
                                "Plan Width": 4,
                                "Actual Startup Time": 16.371,
                                "Actual Total Time": 131.484,
                                "Actual Rows": 74840,
                                "Actual Loops": 2,
                                "Filter": "(production_year < 1944)",
                                "Rows Removed by Filter": 1189316
                              }
                            ]
                          }
                        ]
                      }
                    ]
                  }
                ]
              }
            ]
          }
        ]
      }
    ]
  },
  "Planning Time": 0.995,
  "Triggers": [],
  "Execution Time": 6500.46
}