{
  "Plan": {
    "Node Type": "Aggregate",
    "Strategy": "Plain",
    "Partial Mode": "Finalize",
    "Parallel Aware": false,
    "Startup Cost": 275477.72,
    "Total Cost": 275477.73,
    "Plan Rows": 1,
    "Plan Width": 8,
    "Actual Startup Time": 215.887,
    "Actual Total Time": 247.662,
    "Actual Rows": 1,
    "Actual Loops": 1,
    "Plans": [
      {
        "Node Type": "Gather",
        "Parent Relationship": "Outer",
        "Parallel Aware": false,
        "Startup Cost": 275477.6,
        "Total Cost": 275477.71,
        "Plan Rows": 1,
        "Plan Width": 8,
        "Actual Startup Time": 215.791,
        "Actual Total Time": 247.655,
        "Actual Rows": 2,
        "Actual Loops": 1,
        "Workers Planned": 1,
        "Workers Launched": 1,
        "Single Copy": false,
        "Plans": [
          {
            "Node Type": "Aggregate",
            "Strategy": "Plain",
            "Partial Mode": "Partial",
            "Parent Relationship": "Outer",
            "Parallel Aware": false,
            "Startup Cost": 274477.6,
            "Total Cost": 274477.61,
            "Plan Rows": 1,
            "Plan Width": 8,
            "Actual Startup Time": 209.719,
            "Actual Total Time": 209.721,
            "Actual Rows": 1,
            "Actual Loops": 2,
            "Plans": [
              {
                "Node Type": "Nested Loop",
                "Parent Relationship": "Outer",
                "Parallel Aware": false,
                "Join Type": "Inner",
                "Startup Cost": 0.56,
                "Total Cost": 274417.02,
                "Plan Rows": 24233,
                "Plan Width": 0,
                "Actual Startup Time": 2.514,
                "Actual Total Time": 207.968,
                "Actual Rows": 26780,
                "Actual Loops": 2,
                "Inner Unique": false,
                "Plans": [
                  {
                    "Node Type": "Seq Scan",
                    "Parent Relationship": "Outer",
                    "Parallel Aware": true,
                    "Relation Name": "title",
                    "Alias": "t",
                    "Startup Cost": 0.0,
                    "Total Cost": 58306.47,
                    "Plan Rows": 1691,
                    "Plan Width": 4,
                    "Actual Startup Time": 2.329,
                    "Actual Total Time": 131.79,
                    "Actual Rows": 1589,
                    "Actual Loops": 2,
                    "Filter": "((kind_id < 7) AND (production_year = 1954))",
                    "Rows Removed by Filter": 1262567
                  },
                  {
                    "Node Type": "Index Only Scan",
                    "Parent Relationship": "Inner",
                    "Parallel Aware": false,
                    "Scan Direction": "Forward",
                    "Index Name": "movie_id_cast_info",
                    "Relation Name": "cast_info",
                    "Alias": "ci",
                    "Startup Cost": 0.56,
                    "Total Cost": 127.43,
                    "Plan Rows": 37,
                    "Plan Width": 4,
                    "Actual Startup Time": 0.01,
                    "Actual Total Time": 0.046,
                    "Actual Rows": 17,
                    "Actual Loops": 3178,
                    "Index Cond": "(movie_id = t.id)",
                    "Rows Removed by Index Recheck": 0,
                    "Heap Fetches": 53560
                  }
                ]
              }
            ]
          }
        ]
      }
    ]
  },
  "Planning Time": 0.439,
  "Triggers": [],
  "Execution Time": 247.739
}