[
  {
    "Plan": {
      "Node Type": "Aggregate",
      "Strategy": "Plain",
      "Partial Mode": "Finalize",
      "Parallel Aware": false,
      "Startup Cost": 357224.59,
      "Total Cost": 357224.6,
      "Plan Rows": 1,
      "Plan Width": 8,
      "Actual Startup Time": 978.111,
      "Actual Total Time": 1038.458,
      "Actual Rows": 1,
      "Actual Loops": 1,
      "Plans": [
        {
          "Node Type": "Gather",
          "Parent Relationship": "Outer",
          "Parallel Aware": false,
          "Startup Cost": 357223.96,
          "Total Cost": 357224.57,
          "Plan Rows": 6,
          "Plan Width": 8,
          "Actual Startup Time": 977.963,
          "Actual Total Time": 1038.446,
          "Actual Rows": 7,
          "Actual Loops": 1,
          "Workers Planned": 6,
          "Workers Launched": 6,
          "Single Copy": false,
          "Plans": [
            {
              "Node Type": "Aggregate",
              "Strategy": "Plain",
              "Partial Mode": "Partial",
              "Parent Relationship": "Outer",
              "Parallel Aware": false,
              "Startup Cost": 356223.96,
              "Total Cost": 356223.97,
              "Plan Rows": 1,
              "Plan Width": 8,
              "Actual Startup Time": 968.789,
              "Actual Total Time": 968.79,
              "Actual Rows": 1,
              "Actual Loops": 7,
              "Plans": [
                {
                  "Node Type": "Seq Scan",
                  "Parent Relationship": "Outer",
                  "Parallel Aware": true,
                  "Relation Name": "cast_info",
                  "Alias": "ci",
                  "Startup Cost": 0.0,
                  "Total Cost": 343257.03,
                  "Plan Rows": 5186773,
                  "Plan Width": 0,
                  "Actual Startup Time": 0.052,
                  "Actual Total Time": 767.397,
                  "Actual Rows": 4515030,
                  "Actual Loops": 7,
                  "Filter": "((person_id < 3973233) AND (role_id < 10))",
                  "Rows Removed by Filter": 662734
                }
              ]
            }
          ]
        }
      ]
    },
    "Planning Time": 0.243,
    "Triggers": [],
    "Execution Time": 1038.524
  }
]