{
    "Plan": {
        "Node Type": "Aggregate",
        "Strategy": "Plain",
        "Partial Mode": "Finalize",
        "Parallel Aware": false,
        "Startup Cost": 442997.76,
        "Total Cost": 442997.77,
        "Plan Rows": 1,
        "Plan Width": 8,
        "Actual Startup Time": 2360.942,
        "Actual Total Time": 2404.115,
        "Actual Rows": 1,
        "Actual Loops": 1,
        "Output": [
            "count(*)"
        ],
        "Plans": [
            {
                "Node Type": "Gather",
                "Parent Relationship": "Outer",
                "Parallel Aware": false,
                "Startup Cost": 442997.13,
                "Total Cost": 442997.74,
                "Plan Rows": 6,
                "Plan Width": 8,
                "Actual Startup Time": 2338.507,
                "Actual Total Time": 2404.102,
                "Actual Rows": 7,
                "Actual Loops": 1,
                "Output": [
                    "(PARTIAL count(*))"
                ],
                "Workers Planned": 6,
                "Workers Launched": 6,
                "Single Copy": false,
                "Plans": [
                    {
                        "Node Type": "Aggregate",
                        "Strategy": "Plain",
                        "Partial Mode": "Partial",
                        "Parent Relationship": "Outer",
                        "Parallel Aware": false,
                        "Startup Cost": 441997.13,
                        "Total Cost": 441997.14,
                        "Plan Rows": 1,
                        "Plan Width": 8,
                        "Actual Startup Time": 2314.811,
                        "Actual Total Time": 2315.092,
                        "Actual Rows": 1,
                        "Actual Loops": 7,
                        "Output": [
                            "PARTIAL count(*)"
                        ],
                        "Workers": [
                            {
                                "Worker Number": 0,
                                "Actual Startup Time": 2310.443,
                                "Actual Total Time": 2310.45,
                                "Actual Rows": 1,
                                "Actual Loops": 1
                            },
                            {
                                "Worker Number": 1,
                                "Actual Startup Time": 2313.295,
                                "Actual Total Time": 2313.301,
                                "Actual Rows": 1,
                                "Actual Loops": 1
                            },
                            {
                                "Worker Number": 2,
                                "Actual Startup Time": 2310.556,
                                "Actual Total Time": 2310.562,
                                "Actual Rows": 1,
                                "Actual Loops": 1
                            },
                            {
                                "Worker Number": 3,
                                "Actual Startup Time": 2310.776,
                                "Actual Total Time": 2310.782,
                                "Actual Rows": 1,
                                "Actual Loops": 1
                            },
                            {
                                "Worker Number": 4,
                                "Actual Startup Time": 2310.675,
                                "Actual Total Time": 2310.68,
                                "Actual Rows": 1,
                                "Actual Loops": 1
                            },
                            {
                                "Worker Number": 5,
                                "Actual Startup Time": 2310.537,
                                "Actual Total Time": 2310.542,
                                "Actual Rows": 1,
                                "Actual Loops": 1
                            }
                        ],
                        "Plans": [
                            {
                                "Node Type": "Hash Join",
                                "Parent Relationship": "Outer",
                                "Parallel Aware": true,
                                "Join Type": "Inner",
                                "Startup Cost": 105442.75,
                                "Total Cost": 436979.07,
                                "Plan Rows": 2007223,
                                "Plan Width": 0,
                                "Actual Startup Time": 530.741,
                                "Actual Total Time": 1987.282,
                                "Actual Rows": 7806482,
                                "Actual Loops": 7,
                                "Inner Unique": false,
                                "Hash Cond": "(ci.movie_id = t.id)",
                                "Workers": [
                                    {
                                        "Worker Number": 0,
                                        "Actual Startup Time": 526.632,
                                        "Actual Total Time": 1986.654,
                                        "Actual Rows": 7551513,
                                        "Actual Loops": 1
                                    },
                                    {
                                        "Worker Number": 1,
                                        "Actual Startup Time": 527.121,
                                        "Actual Total Time": 1984.085,
                                        "Actual Rows": 8156755,
                                        "Actual Loops": 1
                                    },
                                    {
                                        "Worker Number": 2,
                                        "Actual Startup Time": 526.848,
                                        "Actual Total Time": 1987.212,
                                        "Actual Rows": 7556027,
                                        "Actual Loops": 1
                                    },
                                    {
                                        "Worker Number": 3,
                                        "Actual Startup Time": 527.036,
                                        "Actual Total Time": 1985.651,
                                        "Actual Rows": 7551316,
                                        "Actual Loops": 1
                                    },
                                    {
                                        "Worker Number": 4,
                                        "Actual Startup Time": 526.916,
                                        "Actual Total Time": 1978.86,
                                        "Actual Rows": 8213924,
                                        "Actual Loops": 1
                                    },
                                    {
                                        "Worker Number": 5,
                                        "Actual Startup Time": 527.051,
                                        "Actual Total Time": 1984.507,
                                        "Actual Rows": 7619746,
                                        "Actual Loops": 1
                                    }
                                ],
                                "Plans": [
                                    {
                                        "Node Type": "Index Scan",
                                        "Parent Relationship": "Outer",
                                        "Parallel Aware": true,
                                        "Scan Direction": "Forward",
                                        "Index Name": "role_id_cast_info",
                                        "Relation Name": "cast_info",
                                        "Schema": "public",
                                        "Alias": "ci",
                                        "Startup Cost": 0.56,
                                        "Total Cost": 317556.15,
                                        "Plan Rows": 2001556,
                                        "Plan Width": 4,
                                        "Actual Startup Time": 0.242,
                                        "Actual Total Time": 334.183,
                                        "Actual Rows": 1730521,
                                        "Actual Loops": 7,
                                        "Output": [
                                            "ci.id",
                                            "ci.person_id",
                                            "ci.movie_id",
                                            "ci.person_role_id",
                                            "ci.note",
                                            "ci.nr_order",
                                            "ci.role_id"
                                        ],
                                        "Index Cond": "(ci.role_id > 3)",
                                        "Rows Removed by Index Recheck": 0,
                                        "Workers": [
                                            {
                                                "Worker Number": 0,
                                                "Actual Startup Time": 0.076,
                                                "Actual Total Time": 342.976,
                                                "Actual Rows": 1667877,
                                                "Actual Loops": 1
                                            },
                                            {
                                                "Worker Number": 1,
                                                "Actual Startup Time": 0.258,
                                                "Actual Total Time": 346.123,
                                                "Actual Rows": 1833827,
                                                "Actual Loops": 1
                                            },
                                            {
                                                "Worker Number": 2,
                                                "Actual Startup Time": 0.219,
                                                "Actual Total Time": 344.141,
                                                "Actual Rows": 1688711,
                                                "Actual Loops": 1
                                            },
                                            {
                                                "Worker Number": 3,
                                                "Actual Startup Time": 0.326,
                                                "Actual Total Time": 343.131,
                                                "Actual Rows": 1661259,
                                                "Actual Loops": 1
                                            },
                                            {
                                                "Worker Number": 4,
                                                "Actual Startup Time": 0.142,
                                                "Actual Total Time": 343.155,
                                                "Actual Rows": 1818091,
                                                "Actual Loops": 1
                                            },
                                            {
                                                "Worker Number": 5,
                                                "Actual Startup Time": 0.367,
                                                "Actual Total Time": 340.372,
                                                "Actual Rows": 1658437,
                                                "Actual Loops": 1
                                            }
                                        ]
                                    },
                                    {
                                        "Node Type": "Hash",
                                        "Parent Relationship": "Inner",
                                        "Parallel Aware": true,
                                        "Startup Cost": 95218.47,
                                        "Total Cost": 95218.47,
                                        "Plan Rows": 817897,
                                        "Plan Width": 8,
                                        "Actual Startup Time": 523.51,
                                        "Actual Total Time": 523.79,
                                        "Actual Rows": 429261,
                                        "Actual Loops": 7,
                                        "Output": [
                                            "t.id",
                                            "mk.movie_id"
                                        ],
                                        "Hash Buckets": 4194304,
                                        "Original Hash Buckets": 4194304,
                                        "Hash Batches": 1,
                                        "Original Hash Batches": 1,
                                        "Peak Memory Usage": 150400,
                                        "Workers": [
                                            {
                                                "Worker Number": 0,
                                                "Actual Startup Time": 526.093,
                                                "Actual Total Time": 526.098,
                                                "Actual Rows": 406879,
                                                "Actual Loops": 1
                                            },
                                            {
                                                "Worker Number": 1,
                                                "Actual Startup Time": 526.121,
                                                "Actual Total Time": 526.125,
                                                "Actual Rows": 460514,
                                                "Actual Loops": 1
                                            },
                                            {
                                                "Worker Number": 2,
                                                "Actual Startup Time": 526.105,
                                                "Actual Total Time": 526.11,
                                                "Actual Rows": 410927,
                                                "Actual Loops": 1
                                            },
                                            {
                                                "Worker Number": 3,
                                                "Actual Startup Time": 525.974,
                                                "Actual Total Time": 525.978,
                                                "Actual Rows": 403520,
                                                "Actual Loops": 1
                                            },
                                            {
                                                "Worker Number": 4,
                                                "Actual Startup Time": 526.287,
                                                "Actual Total Time": 526.291,
                                                "Actual Rows": 457180,
                                                "Actual Loops": 1
                                            },
                                            {
                                                "Worker Number": 5,
                                                "Actual Startup Time": 526.14,
                                                "Actual Total Time": 526.143,
                                                "Actual Rows": 413031,
                                                "Actual Loops": 1
                                            }
                                        ],
                                        "Plans": [
                                            {
                                                "Node Type": "Hash Join",
                                                "Parent Relationship": "Outer",
                                                "Parallel Aware": true,
                                                "Join Type": "Inner",
                                                "Startup Cost": 49487.33,
                                                "Total Cost": 95218.47,
                                                "Plan Rows": 817897,
                                                "Plan Width": 8,
                                                "Actual Startup Time": 206.727,
                                                "Actual Total Time": 391.45,
                                                "Actual Rows": 429261,
                                                "Actual Loops": 7,
                                                "Output": [
                                                    "t.id",
                                                    "mk.movie_id"
                                                ],
                                                "Inner Unique": true,
                                                "Hash Cond": "(mk.movie_id = t.id)",
                                                "Workers": [
                                                    {
                                                        "Worker Number": 0,
                                                        "Actual Startup Time": 206.622,
                                                        "Actual Total Time": 392.398,
                                                        "Actual Rows": 406879,
                                                        "Actual Loops": 1
                                                    },
                                                    {
                                                        "Worker Number": 1,
                                                        "Actual Startup Time": 206.708,
                                                        "Actual Total Time": 390.334,
                                                        "Actual Rows": 460514,
                                                        "Actual Loops": 1
                                                    },
                                                    {
                                                        "Worker Number": 2,
                                                        "Actual Startup Time": 206.608,
                                                        "Actual Total Time": 391.516,
                                                        "Actual Rows": 410927,
                                                        "Actual Loops": 1
                                                    },
                                                    {
                                                        "Worker Number": 3,
                                                        "Actual Startup Time": 206.754,
                                                        "Actual Total Time": 393.583,
                                                        "Actual Rows": 403520,
                                                        "Actual Loops": 1
                                                    },
                                                    {
                                                        "Worker Number": 4,
                                                        "Actual Startup Time": 206.727,
                                                        "Actual Total Time": 390.255,
                                                        "Actual Rows": 457180,
                                                        "Actual Loops": 1
                                                    },
                                                    {
                                                        "Worker Number": 5,
                                                        "Actual Startup Time": 206.747,
                                                        "Actual Total Time": 391.059,
                                                        "Actual Rows": 413031,
                                                        "Actual Loops": 1
                                                    }
                                                ],
                                                "Plans": [
                                                    {
                                                        "Node Type": "Seq Scan",
                                                        "Parent Relationship": "Outer",
                                                        "Parallel Aware": true,
                                                        "Relation Name": "movie_keyword",
                                                        "Schema": "public",
                                                        "Alias": "mk",
                                                        "Startup Cost": 0.0,
                                                        "Total Cost": 42695.65,
                                                        "Plan Rows": 1156376,
                                                        "Plan Width": 4,
                                                        "Actual Startup Time": 0.043,
                                                        "Actual Total Time": 86.999,
                                                        "Actual Rows": 511478,
                                                        "Actual Loops": 7,
                                                        "Output": [
                                                            "mk.id",
                                                            "mk.movie_id",
                                                            "mk.keyword_id"
                                                        ],
                                                        "Filter": "(mk.keyword_id > 875)",
                                                        "Rows Removed by Filter": 134797,
                                                        "Workers": [
                                                            {
                                                                "Worker Number": 0,
                                                                "Actual Startup Time": 0.108,
                                                                "Actual Total Time": 89.436,
                                                                "Actual Rows": 488343,
                                                                "Actual Loops": 1
                                                            },
                                                            {
                                                                "Worker Number": 1,
                                                                "Actual Startup Time": 0.028,
                                                                "Actual Total Time": 88.211,
                                                                "Actual Rows": 546746,
                                                                "Actual Loops": 1
                                                            },
                                                            {
                                                                "Worker Number": 2,
                                                                "Actual Startup Time": 0.061,
                                                                "Actual Total Time": 89.07,
                                                                "Actual Rows": 489890,
                                                                "Actual Loops": 1
                                                            },
                                                            {
                                                                "Worker Number": 3,
                                                                "Actual Startup Time": 0.025,
                                                                "Actual Total Time": 89.216,
                                                                "Actual Rows": 480717,
                                                                "Actual Loops": 1
                                                            },
                                                            {
                                                                "Worker Number": 4,
                                                                "Actual Startup Time": 0.029,
                                                                "Actual Total Time": 88.071,
                                                                "Actual Rows": 543545,
                                                                "Actual Loops": 1
                                                            },
                                                            {
                                                                "Worker Number": 5,
                                                                "Actual Startup Time": 0.03,
                                                                "Actual Total Time": 88.517,
                                                                "Actual Rows": 488828,
                                                                "Actual Loops": 1
                                                            }
                                                        ]
                                                    },
                                                    {
                                                        "Node Type": "Hash",
                                                        "Parent Relationship": "Inner",
                                                        "Parallel Aware": true,
                                                        "Startup Cost": 43899.01,
                                                        "Total Cost": 43899.01,
                                                        "Plan Rows": 447066,
                                                        "Plan Width": 4,
                                                        "Actual Startup Time": 204.525,
                                                        "Actual Total Time": 204.527,
                                                        "Actual Rows": 256308,
                                                        "Actual Loops": 7,
                                                        "Output": [
                                                            "t.id"
                                                        ],
                                                        "Hash Buckets": 2097152,
                                                        "Original Hash Buckets": 2097152,
                                                        "Hash Batches": 1,
                                                        "Original Hash Batches": 1,
                                                        "Peak Memory Usage": 86656,
                                                        "Workers": [
                                                            {
                                                                "Worker Number": 0,
                                                                "Actual Startup Time": 206.477,
                                                                "Actual Total Time": 206.478,
                                                                "Actual Rows": 238073,
                                                                "Actual Loops": 1
                                                            },
                                                            {
                                                                "Worker Number": 1,
                                                                "Actual Startup Time": 206.419,
                                                                "Actual Total Time": 206.42,
                                                                "Actual Rows": 250662,
                                                                "Actual Loops": 1
                                                            },
                                                            {
                                                                "Worker Number": 2,
                                                                "Actual Startup Time": 206.466,
                                                                "Actual Total Time": 206.467,
                                                                "Actual Rows": 241939,
                                                                "Actual Loops": 1
                                                            },
                                                            {
                                                                "Worker Number": 3,
                                                                "Actual Startup Time": 206.462,
                                                                "Actual Total Time": 206.463,
                                                                "Actual Rows": 240419,
                                                                "Actual Loops": 1
                                                            },
                                                            {
                                                                "Worker Number": 4,
                                                                "Actual Startup Time": 206.404,
                                                                "Actual Total Time": 206.405,
                                                                "Actual Rows": 254134,
                                                                "Actual Loops": 1
                                                            },
                                                            {
                                                                "Worker Number": 5,
                                                                "Actual Startup Time": 206.433,
                                                                "Actual Total Time": 206.434,
                                                                "Actual Rows": 240953,
                                                                "Actual Loops": 1
                                                            }
                                                        ],
                                                        "Plans": [
                                                            {
                                                                "Node Type": "Seq Scan",
                                                                "Parent Relationship": "Outer",
                                                                "Parallel Aware": true,
                                                                "Relation Name": "title",
                                                                "Schema": "public",
                                                                "Alias": "t",
                                                                "Startup Cost": 0.0,
                                                                "Total Cost": 43899.01,
                                                                "Plan Rows": 447066,
                                                                "Plan Width": 4,
                                                                "Actual Startup Time": 0.068,
                                                                "Actual Total Time": 81.143,
                                                                "Actual Rows": 256308,
                                                                "Actual Loops": 7,
                                                                "Output": [
                                                                    "t.id"
                                                                ],
                                                                "Filter": "(t.production_year < 2009)",
                                                                "Rows Removed by Filter": 104880,
                                                                "Workers": [
                                                                    {
                                                                        "Worker Number": 0,
                                                                        "Actual Startup Time": 0.079,
                                                                        "Actual Total Time": 83.655,
                                                                        "Actual Rows": 238073,
                                                                        "Actual Loops": 1
                                                                    },
                                                                    {
                                                                        "Worker Number": 1,
                                                                        "Actual Startup Time": 0.096,
                                                                        "Actual Total Time": 80.016,
                                                                        "Actual Rows": 250662,
                                                                        "Actual Loops": 1
                                                                    },
                                                                    {
                                                                        "Worker Number": 2,
                                                                        "Actual Startup Time": 0.075,
                                                                        "Actual Total Time": 84.08,
                                                                        "Actual Rows": 241939,
                                                                        "Actual Loops": 1
                                                                    },
                                                                    {
                                                                        "Worker Number": 3,
                                                                        "Actual Startup Time": 0.068,
                                                                        "Actual Total Time": 83.891,
                                                                        "Actual Rows": 240419,
                                                                        "Actual Loops": 1
                                                                    },
                                                                    {
                                                                        "Worker Number": 4,
                                                                        "Actual Startup Time": 0.068,
                                                                        "Actual Total Time": 80.185,
                                                                        "Actual Rows": 254134,
                                                                        "Actual Loops": 1
                                                                    },
                                                                    {
                                                                        "Worker Number": 5,
                                                                        "Actual Startup Time": 0.069,
                                                                        "Actual Total Time": 84.111,
                                                                        "Actual Rows": 240953,
                                                                        "Actual Loops": 1
                                                                    }
                                                                ]
                                                            }
                                                        ]
                                                    }
                                                ]
                                            }
                                        ]
                                    }
                                ]
                            }
                        ]
                    }
                ]
            }
        ]
    },
    "Planning Time": 1.515,
    "Triggers": [],
    "Execution Time": 2404.235
}