[
    {
        "Bao": {
            "Bao prediction": 468.423,
            "Bao recommended hint": "SET enable_mergejoin TO off; SET enable_indexscan TO off; "
        }
    },
    {
        "Plan": {
            "Node Type": "Aggregate",
            "Strategy": "Plain",
            "Partial Mode": "Finalize",
            "Parallel Aware": false,
            "Startup Cost": 347298.39,
            "Total Cost": 347298.4,
            "Plan Rows": 1,
            "Plan Width": 8,
            "Actual Startup Time": 764.701,
            "Actual Total Time": 798.684,
            "Actual Rows": 1,
            "Actual Loops": 1,
            "Output": [
                "count(*)"
            ],
            "Plans": [
                {
                    "Node Type": "Gather",
                    "Parent Relationship": "Outer",
                    "Parallel Aware": false,
                    "Startup Cost": 347297.77,
                    "Total Cost": 347298.38,
                    "Plan Rows": 6,
                    "Plan Width": 8,
                    "Actual Startup Time": 764.596,
                    "Actual Total Time": 798.674,
                    "Actual Rows": 7,
                    "Actual Loops": 1,
                    "Output": [
                        "(PARTIAL count(*))"
                    ],
                    "Workers Planned": 6,
                    "Workers Launched": 6,
                    "Single Copy": false,
                    "Plans": [
                        {
                            "Node Type": "Aggregate",
                            "Strategy": "Plain",
                            "Partial Mode": "Partial",
                            "Parent Relationship": "Outer",
                            "Parallel Aware": false,
                            "Startup Cost": 346297.77,
                            "Total Cost": 346297.78,
                            "Plan Rows": 1,
                            "Plan Width": 8,
                            "Actual Startup Time": 755.231,
                            "Actual Total Time": 755.232,
                            "Actual Rows": 1,
                            "Actual Loops": 7,
                            "Output": [
                                "PARTIAL count(*)"
                            ],
                            "Workers": [
                                {
                                    "Worker Number": 0,
                                    "Actual Startup Time": 753.203,
                                    "Actual Total Time": 753.204,
                                    "Actual Rows": 1,
                                    "Actual Loops": 1
                                },
                                {
                                    "Worker Number": 1,
                                    "Actual Startup Time": 753.6,
                                    "Actual Total Time": 753.601,
                                    "Actual Rows": 1,
                                    "Actual Loops": 1
                                },
                                {
                                    "Worker Number": 2,
                                    "Actual Startup Time": 753.653,
                                    "Actual Total Time": 753.654,
                                    "Actual Rows": 1,
                                    "Actual Loops": 1
                                },
                                {
                                    "Worker Number": 3,
                                    "Actual Startup Time": 753.712,
                                    "Actual Total Time": 753.714,
                                    "Actual Rows": 1,
                                    "Actual Loops": 1
                                },
                                {
                                    "Worker Number": 4,
                                    "Actual Startup Time": 754.163,
                                    "Actual Total Time": 754.164,
                                    "Actual Rows": 1,
                                    "Actual Loops": 1
                                },
                                {
                                    "Worker Number": 5,
                                    "Actual Startup Time": 754.505,
                                    "Actual Total Time": 754.506,
                                    "Actual Rows": 1,
                                    "Actual Loops": 1
                                }
                            ],
                            "Plans": [
                                {
                                    "Node Type": "Seq Scan",
                                    "Parent Relationship": "Outer",
                                    "Parallel Aware": true,
                                    "Relation Name": "cast_info",
                                    "Schema": "public",
                                    "Alias": "ci",
                                    "Startup Cost": 0.0,
                                    "Total Cost": 343318.94,
                                    "Plan Rows": 1191530,
                                    "Plan Width": 0,
                                    "Actual Startup Time": 233.349,
                                    "Actual Total Time": 744.662,
                                    "Actual Rows": 179097,
                                    "Actual Loops": 7,
                                    "Output": [
                                        "id",
                                        "person_id",
                                        "movie_id",
                                        "person_role_id",
                                        "note",
                                        "nr_order",
                                        "role_id"
                                    ],
                                    "Filter": "((ci.person_id > 1566542) AND (ci.role_id = 1))",
                                    "Rows Removed by Filter": 4998666,
                                    "Workers": [
                                        {
                                            "Worker Number": 0,
                                            "Actual Startup Time": 231.332,
                                            "Actual Total Time": 742.756,
                                            "Actual Rows": 157366,
                                            "Actual Loops": 1
                                        },
                                        {
                                            "Worker Number": 1,
                                            "Actual Startup Time": 231.732,
                                            "Actual Total Time": 743.105,
                                            "Actual Rows": 158734,
                                            "Actual Loops": 1
                                        },
                                        {
                                            "Worker Number": 2,
                                            "Actual Startup Time": 231.774,
                                            "Actual Total Time": 743.104,
                                            "Actual Rows": 159584,
                                            "Actual Loops": 1
                                        },
                                        {
                                            "Worker Number": 3,
                                            "Actual Startup Time": 231.845,
                                            "Actual Total Time": 743.215,
                                            "Actual Rows": 159311,
                                            "Actual Loops": 1
                                        },
                                        {
                                            "Worker Number": 4,
                                            "Actual Startup Time": 232.271,
                                            "Actual Total Time": 743.739,
                                            "Actual Rows": 157944,
                                            "Actual Loops": 1
                                        },
                                        {
                                            "Worker Number": 5,
                                            "Actual Startup Time": 232.613,
                                            "Actual Total Time": 744.075,
                                            "Actual Rows": 158328,
                                            "Actual Loops": 1
                                        }
                                    ]
                                }
                            ]
                        }
                    ]
                }
            ]
        },
        "Planning Time": 830.963,
        "Triggers": [],
        "Execution Time": 798.787
    }
]