[
    {
        "Bao": {
            "Bao prediction": 444.301,
            "Bao recommended hint": "(no hint)"
        }
    },
    {
        "Plan": {
            "Node Type": "Aggregate",
            "Strategy": "Plain",
            "Partial Mode": "Finalize",
            "Parallel Aware": false,
            "Startup Cost": 44296.55,
            "Total Cost": 44296.56,
            "Plan Rows": 1,
            "Plan Width": 8,
            "Actual Startup Time": 141.655,
            "Actual Total Time": 148.334,
            "Actual Rows": 1,
            "Actual Loops": 1,
            "Output": [
                "count(*)"
            ],
            "Plans": [
                {
                    "Node Type": "Gather",
                    "Parent Relationship": "Outer",
                    "Parallel Aware": false,
                    "Startup Cost": 44296.23,
                    "Total Cost": 44296.54,
                    "Plan Rows": 3,
                    "Plan Width": 8,
                    "Actual Startup Time": 141.551,
                    "Actual Total Time": 148.327,
                    "Actual Rows": 4,
                    "Actual Loops": 1,
                    "Output": [
                        "(PARTIAL count(*))"
                    ],
                    "Workers Planned": 3,
                    "Workers Launched": 3,
                    "Single Copy": false,
                    "Plans": [
                        {
                            "Node Type": "Aggregate",
                            "Strategy": "Plain",
                            "Partial Mode": "Partial",
                            "Parent Relationship": "Outer",
                            "Parallel Aware": false,
                            "Startup Cost": 43296.23,
                            "Total Cost": 43296.24,
                            "Plan Rows": 1,
                            "Plan Width": 8,
                            "Actual Startup Time": 133.818,
                            "Actual Total Time": 133.819,
                            "Actual Rows": 1,
                            "Actual Loops": 4,
                            "Output": [
                                "PARTIAL count(*)"
                            ],
                            "Workers": [
                                {
                                    "Worker Number": 0,
                                    "Actual Startup Time": 131.251,
                                    "Actual Total Time": 131.252,
                                    "Actual Rows": 1,
                                    "Actual Loops": 1
                                },
                                {
                                    "Worker Number": 1,
                                    "Actual Startup Time": 131.405,
                                    "Actual Total Time": 131.406,
                                    "Actual Rows": 1,
                                    "Actual Loops": 1
                                },
                                {
                                    "Worker Number": 2,
                                    "Actual Startup Time": 131.617,
                                    "Actual Total Time": 131.619,
                                    "Actual Rows": 1,
                                    "Actual Loops": 1
                                }
                            ],
                            "Plans": [
                                {
                                    "Node Type": "Seq Scan",
                                    "Parent Relationship": "Outer",
                                    "Parallel Aware": true,
                                    "Relation Name": "movie_keyword",
                                    "Schema": "public",
                                    "Alias": "mk",
                                    "Startup Cost": 0.0,
                                    "Total Cost": 42695.65,
                                    "Plan Rows": 240232,
                                    "Plan Width": 0,
                                    "Actual Startup Time": 0.066,
                                    "Actual Total Time": 120.767,
                                    "Actual Rows": 186189,
                                    "Actual Loops": 4,
                                    "Output": [
                                        "id",
                                        "movie_id",
                                        "keyword_id"
                                    ],
                                    "Filter": "(mk.keyword_id < 679)",
                                    "Rows Removed by Filter": 944793,
                                    "Workers": [
                                        {
                                            "Worker Number": 0,
                                            "Actual Startup Time": 0.061,
                                            "Actual Total Time": 119.033,
                                            "Actual Rows": 235215,
                                            "Actual Loops": 1
                                        },
                                        {
                                            "Worker Number": 1,
                                            "Actual Startup Time": 0.122,
                                            "Actual Total Time": 119.112,
                                            "Actual Rows": 152992,
                                            "Actual Loops": 1
                                        },
                                        {
                                            "Worker Number": 2,
                                            "Actual Startup Time": 0.058,
                                            "Actual Total Time": 119.22,
                                            "Actual Rows": 154109,
                                            "Actual Loops": 1
                                        }
                                    ]
                                }
                            ]
                        }
                    ]
                }
            ]
        },
        "Planning Time": 365.599,
        "Triggers": [],
        "Execution Time": 148.436
    }
]