[
  {
    "Plan": {
      "Node Type": "Aggregate",
      "Strategy": "Plain",
      "Partial Mode": "Finalize",
      "Parallel Aware": false,
      "Startup Cost": 46345.69,
      "Total Cost": 46345.7,
      "Plan Rows": 1,
      "Plan Width": 8,
      "Actual Startup Time": 179.966,
      "Actual Total Time": 190.469,
      "Actual Rows": 1,
      "Actual Loops": 1,
      "Plans": [
        {
          "Node Type": "Gather",
          "Parent Relationship": "Outer",
          "Parallel Aware": false,
          "Startup Cost": 46345.37,
          "Total Cost": 46345.68,
          "Plan Rows": 3,
          "Plan Width": 8,
          "Actual Startup Time": 179.832,
          "Actual Total Time": 190.46,
          "Actual Rows": 4,
          "Actual Loops": 1,
          "Workers Planned": 3,
          "Workers Launched": 3,
          "Single Copy": false,
          "Plans": [
            {
              "Node Type": "Aggregate",
              "Strategy": "Plain",
              "Partial Mode": "Partial",
              "Parent Relationship": "Outer",
              "Parallel Aware": false,
              "Startup Cost": 45345.37,
              "Total Cost": 45345.38,
              "Plan Rows": 1,
              "Plan Width": 8,
              "Actual Startup Time": 173.509,
              "Actual Total Time": 173.51,
              "Actual Rows": 1,
              "Actual Loops": 4,
              "Plans": [
                {
                  "Node Type": "Seq Scan",
                  "Parent Relationship": "Outer",
                  "Parallel Aware": true,
                  "Relation Name": "movie_keyword",
                  "Alias": "mk",
                  "Startup Cost": 0.0,
                  "Total Cost": 42695.65,
                  "Plan Rows": 1059888,
                  "Plan Width": 0,
                  "Actual Startup Time": 0.05,
                  "Actual Total Time": 132.485,
                  "Actual Rows": 819345,
                  "Actual Loops": 4,
                  "Filter": "(keyword_id < 14497)",
                  "Rows Removed by Filter": 311638
                }
              ]
            }
          ]
        }
      ]
    },
    "Planning Time": 0.189,
    "Triggers": [],
    "Execution Time": 190.526
  }
]