[
  {
    "Plan": {
      "Node Type": "Aggregate",
      "Strategy": "Plain",
      "Partial Mode": "Finalize",
      "Parallel Aware": false,
      "Startup Cost": 289554.58,
      "Total Cost": 289554.59,
      "Plan Rows": 1,
      "Plan Width": 8,
      "Actual Startup Time": 1619.95,
      "Actual Total Time": 1663.044,
      "Actual Rows": 1,
      "Actual Loops": 1,
      "Plans": [
        {
          "Node Type": "Gather",
          "Parent Relationship": "Outer",
          "Parallel Aware": false,
          "Startup Cost": 289554.06,
          "Total Cost": 289554.57,
          "Plan Rows": 5,
          "Plan Width": 8,
          "Actual Startup Time": 1603.233,
          "Actual Total Time": 1663.031,
          "Actual Rows": 6,
          "Actual Loops": 1,
          "Workers Planned": 5,
          "Workers Launched": 5,
          "Single Copy": false,
          "Plans": [
            {
              "Node Type": "Aggregate",
              "Strategy": "Plain",
              "Partial Mode": "Partial",
              "Parent Relationship": "Outer",
              "Parallel Aware": false,
              "Startup Cost": 288554.06,
              "Total Cost": 288554.07,
              "Plan Rows": 1,
              "Plan Width": 8,
              "Actual Startup Time": 1588.732,
              "Actual Total Time": 1589.19,
              "Actual Rows": 1,
              "Actual Loops": 6,
              "Plans": [
                {
                  "Node Type": "Hash Join",
                  "Parent Relationship": "Outer",
                  "Parallel Aware": true,
                  "Join Type": "Inner",
                  "Startup Cost": 70774.41,
                  "Total Cost": 285525.4,
                  "Plan Rows": 1211465,
                  "Plan Width": 0,
                  "Actual Startup Time": 405.52,
                  "Actual Total Time": 1468.99,
                  "Actual Rows": 2395795,
                  "Actual Loops": 6,
                  "Inner Unique": false,
                  "Hash Cond": "(mi.movie_id = t.id)",
                  "Plans": [
                    {
                      "Node Type": "Seq Scan",
                      "Parent Relationship": "Outer",
                      "Parallel Aware": true,
                      "Relation Name": "movie_info",
                      "Alias": "mi",
                      "Startup Cost": 0.0,
                      "Total Cost": 198952.16,
                      "Plan Rows": 2866947,
                      "Plan Width": 4,
                      "Actual Startup Time": 0.036,
                      "Actual Total Time": 409.584,
                      "Actual Rows": 2401178,
                      "Actual Loops": 6,
                      "Filter": "(info_type_id < 105)",
                      "Rows Removed by Filter": 71442
                    },
                    {
                      "Node Type": "Hash",
                      "Parent Relationship": "Inner",
                      "Parallel Aware": true,
                      "Startup Cost": 65210.03,
                      "Total Cost": 65210.03,
                      "Plan Rows": 445151,
                      "Plan Width": 8,
                      "Actual Startup Time": 399.269,
                      "Actual Total Time": 399.725,
                      "Actual Rows": 176907,
                      "Actual Loops": 6,
                      "Hash Buckets": 2097152,
                      "Original Hash Buckets": 2097152,
                      "Hash Batches": 1,
                      "Original Hash Batches": 1,
                      "Peak Memory Usage": 58016,
                      "Plans": [
                        {
                          "Node Type": "Hash Join",
                          "Parent Relationship": "Outer",
                          "Parallel Aware": true,
                          "Join Type": "Inner",
                          "Startup Cost": 50015.47,
                          "Total Cost": 65210.03,
                          "Plan Rows": 445151,
                          "Plan Width": 8,
                          "Actual Startup Time": 241.122,
                          "Actual Total Time": 337.779,
                          "Actual Rows": 176907,
                          "Actual Loops": 6,
                          "Inner Unique": true,
                          "Hash Cond": "(mi_idx.movie_id = t.id)",
                          "Plans": [
                            {
                              "Node Type": "Seq Scan",
                              "Parent Relationship": "Outer",
                              "Parallel Aware": true,
                              "Relation Name": "movie_info_idx",
                              "Alias": "mi_idx",
                              "Startup Cost": 0.0,
                              "Total Cost": 13685.15,
                              "Plan Rows": 575015,
                              "Plan Width": 4,
                              "Actual Startup Time": 0.028,
                              "Actual Total Time": 26.05,
                              "Actual Rows": 230006,
                              "Actual Loops": 6
                            },
                            {
                              "Node Type": "Hash",
                              "Parent Relationship": "Inner",
                              "Parallel Aware": true,
                              "Startup Cost": 43898.92,
                              "Total Cost": 43898.92,
                              "Plan Rows": 489324,
                              "Plan Width": 4,
                              "Actual Startup Time": 238.707,
                              "Actual Total Time": 238.709,
                              "Actual Rows": 324544,
                              "Actual Loops": 6,
                              "Hash Buckets": 2097152,
                              "Original Hash Buckets": 2097152,
                              "Hash Batches": 1,
                              "Original Hash Batches": 1,
                              "Peak Memory Usage": 92640,
                              "Plans": [
                                {
                                  "Node Type": "Seq Scan",
                                  "Parent Relationship": "Outer",
                                  "Parallel Aware": true,
                                  "Relation Name": "title",
                                  "Alias": "t",
                                  "Startup Cost": 0.0,
                                  "Total Cost": 43898.92,
                                  "Plan Rows": 489324,
                                  "Plan Width": 4,
                                  "Actual Startup Time": 0.049,
                                  "Actual Total Time": 99.337,
                                  "Actual Rows": 324544,
                                  "Actual Loops": 6,
                                  "Filter": "(production_year > 1979)",
                                  "Rows Removed by Filter": 96842
                                }
                              ]
                            }
                          ]
                        }
                      ]
                    }
                  ]
                }
              ]
            }
          ]
        }
      ]
    },
    "Planning Time": 1.34,
    "Triggers": [],
    "Execution Time": 1663.134
  }
]