[
  {
    "Plan": {
      "Node Type": "Aggregate",
      "Strategy": "Plain",
      "Partial Mode": "Finalize",
      "Parallel Aware": false,
      "Startup Cost": 175089.57,
      "Total Cost": 175089.58,
      "Plan Rows": 1,
      "Plan Width": 8,
      "Actual Startup Time": 2399.755,
      "Actual Total Time": 2429.502,
      "Actual Rows": 1,
      "Actual Loops": 1,
      "Plans": [
        {
          "Node Type": "Gather",
          "Parent Relationship": "Outer",
          "Parallel Aware": false,
          "Startup Cost": 175089.25,
          "Total Cost": 175089.56,
          "Plan Rows": 3,
          "Plan Width": 8,
          "Actual Startup Time": 2398.709,
          "Actual Total Time": 2429.494,
          "Actual Rows": 4,
          "Actual Loops": 1,
          "Workers Planned": 3,
          "Workers Launched": 3,
          "Single Copy": false,
          "Plans": [
            {
              "Node Type": "Aggregate",
              "Strategy": "Plain",
              "Partial Mode": "Partial",
              "Parent Relationship": "Outer",
              "Parallel Aware": false,
              "Startup Cost": 174089.25,
              "Total Cost": 174089.26,
              "Plan Rows": 1,
              "Plan Width": 8,
              "Actual Startup Time": 2395.146,
              "Actual Total Time": 2395.211,
              "Actual Rows": 1,
              "Actual Loops": 4,
              "Plans": [
                {
                  "Node Type": "Nested Loop",
                  "Parent Relationship": "Outer",
                  "Parallel Aware": false,
                  "Join Type": "Inner",
                  "Startup Cost": 45996.98,
                  "Total Cost": 174053.44,
                  "Plan Rows": 14326,
                  "Plan Width": 0,
                  "Actual Startup Time": 144.444,
                  "Actual Total Time": 2374.504,
                  "Actual Rows": 367378,
                  "Actual Loops": 4,
                  "Inner Unique": false,
                  "Join Filter": "(t.id = mi.movie_id)",
                  "Rows Removed by Join Filter": 0,
                  "Plans": [
                    {
                      "Node Type": "Hash Join",
                      "Parent Relationship": "Outer",
                      "Parallel Aware": true,
                      "Join Type": "Inner",
                      "Startup Cost": 45996.55,
                      "Total Cost": 90793.52,
                      "Plan Rows": 52415,
                      "Plan Width": 8,
                      "Actual Startup Time": 144.182,
                      "Actual Total Time": 314.581,
                      "Actual Rows": 173937,
                      "Actual Loops": 4,
                      "Inner Unique": true,
                      "Hash Cond": "(mk.movie_id = t.id)",
                      "Plans": [
                        {
                          "Node Type": "Seq Scan",
                          "Parent Relationship": "Outer",
                          "Parallel Aware": true,
                          "Relation Name": "movie_keyword",
                          "Alias": "mk",
                          "Startup Cost": 0.0,
                          "Total Cost": 42695.65,
                          "Plan Rows": 800502,
                          "Plan Width": 4,
                          "Actual Startup Time": 0.013,
                          "Actual Total Time": 112.553,
                          "Actual Rows": 624185,
                          "Actual Loops": 4,
                          "Filter": "(keyword_id < 6099)",
                          "Rows Removed by Filter": 506798
                        },
                        {
                          "Node Type": "Hash",
                          "Parent Relationship": "Inner",
                          "Parallel Aware": true,
                          "Startup Cost": 45479.21,
                          "Total Cost": 45479.21,
                          "Plan Rows": 41387,
                          "Plan Width": 4,
                          "Actual Startup Time": 112.163,
                          "Actual Total Time": 112.164,
                          "Actual Rows": 75271,
                          "Actual Loops": 4,
                          "Hash Buckets": 524288,
                          "Original Hash Buckets": 262144,
                          "Hash Batches": 1,
                          "Original Hash Batches": 1,
                          "Peak Memory Usage": 17984,
                          "Plans": [
                            {
                              "Node Type": "Seq Scan",
                              "Parent Relationship": "Outer",
                              "Parallel Aware": true,
                              "Relation Name": "title",
                              "Alias": "t",
                              "Startup Cost": 0.0,
                              "Total Cost": 45479.21,
                              "Plan Rows": 41387,
                              "Plan Width": 4,
                              "Actual Startup Time": 43.502,
                              "Actual Total Time": 82.89,
                              "Actual Rows": 75271,
                              "Actual Loops": 4,
                              "Filter": "((production_year < 1987) AND (kind_id = 1))",
                              "Rows Removed by Filter": 556807
                            }
                          ]
                        }
                      ]
                    },
                    {
                      "Node Type": "Index Scan",
                      "Parent Relationship": "Inner",
                      "Parallel Aware": false,
                      "Scan Direction": "Forward",
                      "Index Name": "movie_id_movie_info",
                      "Relation Name": "movie_info",
                      "Alias": "mi",
                      "Startup Cost": 0.43,
                      "Total Cost": 1.56,
                      "Plan Rows": 2,
                      "Plan Width": 4,
                      "Actual Startup Time": 0.005,
                      "Actual Total Time": 0.011,
                      "Actual Rows": 2,
                      "Actual Loops": 695748,
                      "Index Cond": "(movie_id = mk.movie_id)",
                      "Rows Removed by Index Recheck": 0,
                      "Filter": "(info_type_id = 18)",
                      "Rows Removed by Filter": 44
                    }
                  ]
                }
              ]
            }
          ]
        }
      ]
    },
    "Planning Time": 0.682,
    "Triggers": [],
    "Execution Time": 2429.539
  }
]