[
    {
        "Bao": {
            "Bao prediction": "NaN",
            "Bao recommended hint": "(no hint)"
        }
    },
    {
        "Plan": {
            "Node Type": "Aggregate",
            "Strategy": "Plain",
            "Partial Mode": "Finalize",
            "Parallel Aware": false,
            "Startup Cost": 352035.55,
            "Total Cost": 352035.56,
            "Plan Rows": 1,
            "Plan Width": 8,
            "Actual Startup Time": 732.415,
            "Actual Total Time": 759.071,
            "Actual Rows": 1,
            "Actual Loops": 1,
            "Output": [
                "count(*)"
            ],
            "Plans": [
                {
                    "Node Type": "Gather",
                    "Parent Relationship": "Outer",
                    "Parallel Aware": false,
                    "Startup Cost": 352034.93,
                    "Total Cost": 352035.54,
                    "Plan Rows": 6,
                    "Plan Width": 8,
                    "Actual Startup Time": 732.297,
                    "Actual Total Time": 759.064,
                    "Actual Rows": 7,
                    "Actual Loops": 1,
                    "Output": [
                        "(PARTIAL count(*))"
                    ],
                    "Workers Planned": 6,
                    "Workers Launched": 6,
                    "Single Copy": false,
                    "Plans": [
                        {
                            "Node Type": "Aggregate",
                            "Strategy": "Plain",
                            "Partial Mode": "Partial",
                            "Parent Relationship": "Outer",
                            "Parallel Aware": false,
                            "Startup Cost": 351034.93,
                            "Total Cost": 351034.94,
                            "Plan Rows": 1,
                            "Plan Width": 8,
                            "Actual Startup Time": 722.624,
                            "Actual Total Time": 722.626,
                            "Actual Rows": 1,
                            "Actual Loops": 7,
                            "Output": [
                                "PARTIAL count(*)"
                            ],
                            "Workers": [
                                {
                                    "Worker Number": 0,
                                    "Actual Startup Time": 720.389,
                                    "Actual Total Time": 720.39,
                                    "Actual Rows": 1,
                                    "Actual Loops": 1
                                },
                                {
                                    "Worker Number": 1,
                                    "Actual Startup Time": 720.717,
                                    "Actual Total Time": 720.718,
                                    "Actual Rows": 1,
                                    "Actual Loops": 1
                                },
                                {
                                    "Worker Number": 2,
                                    "Actual Startup Time": 720.865,
                                    "Actual Total Time": 720.866,
                                    "Actual Rows": 1,
                                    "Actual Loops": 1
                                },
                                {
                                    "Worker Number": 3,
                                    "Actual Startup Time": 721.288,
                                    "Actual Total Time": 721.289,
                                    "Actual Rows": 1,
                                    "Actual Loops": 1
                                },
                                {
                                    "Worker Number": 4,
                                    "Actual Startup Time": 721.3,
                                    "Actual Total Time": 721.301,
                                    "Actual Rows": 1,
                                    "Actual Loops": 1
                                },
                                {
                                    "Worker Number": 5,
                                    "Actual Startup Time": 721.805,
                                    "Actual Total Time": 721.806,
                                    "Actual Rows": 1,
                                    "Actual Loops": 1
                                }
                            ],
                            "Plans": [
                                {
                                    "Node Type": "Seq Scan",
                                    "Parent Relationship": "Outer",
                                    "Parallel Aware": true,
                                    "Relation Name": "cast_info",
                                    "Schema": "public",
                                    "Alias": "ci",
                                    "Startup Cost": 0.0,
                                    "Total Cost": 343318.94,
                                    "Plan Rows": 3086395,
                                    "Plan Width": 0,
                                    "Actual Startup Time": 45.917,
                                    "Actual Total Time": 617.197,
                                    "Actual Rows": 2552532,
                                    "Actual Loops": 7,
                                    "Output": [
                                        "id",
                                        "person_id",
                                        "movie_id",
                                        "person_role_id",
                                        "note",
                                        "nr_order",
                                        "role_id"
                                    ],
                                    "Filter": "((ci.person_id > 303573) AND (ci.role_id < 3))",
                                    "Rows Removed by Filter": 2625232,
                                    "Workers": [
                                        {
                                            "Worker Number": 0,
                                            "Actual Startup Time": 43.686,
                                            "Actual Total Time": 616.546,
                                            "Actual Rows": 2464191,
                                            "Actual Loops": 1
                                        },
                                        {
                                            "Worker Number": 1,
                                            "Actual Startup Time": 44.011,
                                            "Actual Total Time": 617.074,
                                            "Actual Rows": 2463027,
                                            "Actual Loops": 1
                                        },
                                        {
                                            "Worker Number": 2,
                                            "Actual Startup Time": 44.156,
                                            "Actual Total Time": 616.672,
                                            "Actual Rows": 2474655,
                                            "Actual Loops": 1
                                        },
                                        {
                                            "Worker Number": 3,
                                            "Actual Startup Time": 44.583,
                                            "Actual Total Time": 618.217,
                                            "Actual Rows": 2526083,
                                            "Actual Loops": 1
                                        },
                                        {
                                            "Worker Number": 4,
                                            "Actual Startup Time": 44.59,
                                            "Actual Total Time": 618.134,
                                            "Actual Rows": 2523560,
                                            "Actual Loops": 1
                                        },
                                        {
                                            "Worker Number": 5,
                                            "Actual Startup Time": 45.096,
                                            "Actual Total Time": 618.202,
                                            "Actual Rows": 2462173,
                                            "Actual Loops": 1
                                        }
                                    ]
                                }
                            ]
                        }
                    ]
                }
            ]
        },
        "Planning Time": 181.326,
        "Triggers": [],
        "Execution Time": 759.113
    }
]