[
  {
    "Plan": {
      "Node Type": "Aggregate",
      "Strategy": "Plain",
      "Partial Mode": "Finalize",
      "Parallel Aware": false,
      "Startup Cost": 32383.02,
      "Total Cost": 32383.03,
      "Plan Rows": 1,
      "Plan Width": 8,
      "Actual Startup Time": 114.256,
      "Actual Total Time": 122.482,
      "Actual Rows": 1,
      "Actual Loops": 1,
      "Plans": [
        {
          "Node Type": "Gather",
          "Parent Relationship": "Outer",
          "Parallel Aware": false,
          "Startup Cost": 32382.7,
          "Total Cost": 32383.01,
          "Plan Rows": 3,
          "Plan Width": 8,
          "Actual Startup Time": 114.083,
          "Actual Total Time": 122.47,
          "Actual Rows": 4,
          "Actual Loops": 1,
          "Workers Planned": 3,
          "Workers Launched": 3,
          "Single Copy": false,
          "Plans": [
            {
              "Node Type": "Aggregate",
              "Strategy": "Plain",
              "Partial Mode": "Partial",
              "Parent Relationship": "Outer",
              "Parallel Aware": false,
              "Startup Cost": 31382.7,
              "Total Cost": 31382.71,
              "Plan Rows": 1,
              "Plan Width": 8,
              "Actual Startup Time": 110.706,
              "Actual Total Time": 110.707,
              "Actual Rows": 1,
              "Actual Loops": 4,
              "Plans": [
                {
                  "Node Type": "Seq Scan",
                  "Parent Relationship": "Outer",
                  "Parallel Aware": true,
                  "Relation Name": "movie_companies",
                  "Alias": "mc",
                  "Startup Cost": 0.0,
                  "Total Cost": 29310.68,
                  "Plan Rows": 828808,
                  "Plan Width": 0,
                  "Actual Startup Time": 0.016,
                  "Actual Total Time": 80.975,
                  "Actual Rows": 642367,
                  "Actual Loops": 4,
                  "Filter": "(company_id < 199719)",
                  "Rows Removed by Filter": 9916
                }
              ]
            }
          ]
        }
      ]
    },
    "Planning Time": 0.104,
    "Triggers": [],
    "Execution Time": 122.519
  }
]