[
  {
    "Plan": {
      "Node Type": "Aggregate",
      "Strategy": "Plain",
      "Partial Mode": "Finalize",
      "Parallel Aware": false,
      "Startup Cost": 88150.36,
      "Total Cost": 88150.37,
      "Plan Rows": 1,
      "Plan Width": 8,
      "Actual Startup Time": 408.507,
      "Actual Total Time": 422.606,
      "Actual Rows": 1,
      "Actual Loops": 1,
      "Plans": [
        {
          "Node Type": "Gather",
          "Parent Relationship": "Outer",
          "Parallel Aware": false,
          "Startup Cost": 88150.15,
          "Total Cost": 88150.36,
          "Plan Rows": 2,
          "Plan Width": 8,
          "Actual Startup Time": 406.997,
          "Actual Total Time": 422.595,
          "Actual Rows": 3,
          "Actual Loops": 1,
          "Workers Planned": 2,
          "Workers Launched": 2,
          "Single Copy": false,
          "Plans": [
            {
              "Node Type": "Aggregate",
              "Strategy": "Plain",
              "Partial Mode": "Partial",
              "Parent Relationship": "Outer",
              "Parallel Aware": false,
              "Startup Cost": 87150.15,
              "Total Cost": 87150.16,
              "Plan Rows": 1,
              "Plan Width": 8,
              "Actual Startup Time": 398.852,
              "Actual Total Time": 398.931,
              "Actual Rows": 1,
              "Actual Loops": 3,
              "Plans": [
                {
                  "Node Type": "Hash Join",
                  "Parent Relationship": "Outer",
                  "Parallel Aware": true,
                  "Join Type": "Inner",
                  "Startup Cost": 71078.73,
                  "Total Cost": 87035.16,
                  "Plan Rows": 45993,
                  "Plan Width": 0,
                  "Actual Startup Time": 343.092,
                  "Actual Total Time": 395.133,
                  "Actual Rows": 95571,
                  "Actual Loops": 3,
                  "Inner Unique": false,
                  "Hash Cond": "(mi_idx.movie_id = t.id)",
                  "Plans": [
                    {
                      "Node Type": "Seq Scan",
                      "Parent Relationship": "Outer",
                      "Parallel Aware": true,
                      "Relation Name": "movie_info_idx",
                      "Alias": "mi_idx",
                      "Startup Cost": 0.0,
                      "Total Cost": 13685.15,
                      "Plan Rows": 575015,
                      "Plan Width": 4,
                      "Actual Startup Time": 0.03,
                      "Actual Total Time": 34.795,
                      "Actual Rows": 460012,
                      "Actual Loops": 3
                    },
                    {
                      "Node Type": "Hash",
                      "Parent Relationship": "Inner",
                      "Parallel Aware": true,
                      "Startup Cost": 70446.77,
                      "Total Cost": 70446.77,
                      "Plan Rows": 50557,
                      "Plan Width": 8,
                      "Actual Startup Time": 302.832,
                      "Actual Total Time": 302.909,
                      "Actual Rows": 65530,
                      "Actual Loops": 3,
                      "Hash Buckets": 262144,
                      "Original Hash Buckets": 262144,
                      "Hash Batches": 1,
                      "Original Hash Batches": 1,
                      "Peak Memory Usage": 9792,
                      "Plans": [
                        {
                          "Node Type": "Hash Join",
                          "Parent Relationship": "Outer",
                          "Parallel Aware": true,
                          "Join Type": "Inner",
                          "Startup Cost": 24804.58,
                          "Total Cost": 70446.77,
                          "Plan Rows": 50557,
                          "Plan Width": 8,
                          "Actual Startup Time": 206.307,
                          "Actual Total Time": 285.486,
                          "Actual Rows": 65530,
                          "Actual Loops": 3,
                          "Inner Unique": false,
                          "Hash Cond": "(t.id = mc.movie_id)",
                          "Plans": [
                            {
                              "Node Type": "Seq Scan",
                              "Parent Relationship": "Outer",
                              "Parallel Aware": true,
                              "Relation Name": "title",
                              "Alias": "t",
                              "Startup Cost": 0.0,
                              "Total Cost": 42318.73,
                              "Plan Rows": 632073,
                              "Plan Width": 4,
                              "Actual Startup Time": 0.009,
                              "Actual Total Time": 89.732,
                              "Actual Rows": 842771,
                              "Actual Loops": 3
                            },
                            {
                              "Node Type": "Hash",
                              "Parent Relationship": "Inner",
                              "Parallel Aware": true,
                              "Startup Cost": 23989.14,
                              "Total Cost": 23989.14,
                              "Plan Rows": 65235,
                              "Plan Width": 4,
                              "Actual Startup Time": 68.665,
                              "Actual Total Time": 68.666,
                              "Actual Rows": 65530,
                              "Actual Loops": 3,
                              "Hash Buckets": 262144,
                              "Original Hash Buckets": 262144,
                              "Hash Batches": 1,
                              "Original Hash Batches": 1,
                              "Peak Memory Usage": 9824,
                              "Plans": [
                                {
                                  "Node Type": "Bitmap Heap Scan",
                                  "Parent Relationship": "Outer",
                                  "Parallel Aware": true,
                                  "Relation Name": "movie_companies",
                                  "Alias": "mc",
                                  "Startup Cost": 4383.7,
                                  "Total Cost": 23989.14,
                                  "Plan Rows": 65235,
                                  "Plan Width": 4,
                                  "Actual Startup Time": 19.302,
                                  "Actual Total Time": 47.138,
                                  "Actual Rows": 65530,
                                  "Actual Loops": 3,
                                  "Recheck Cond": "(company_id > 114554)",
                                  "Rows Removed by Index Recheck": 0,
                                  "Exact Heap Blocks": 2598,
                                  "Lossy Heap Blocks": 0,
                                  "Plans": [
                                    {
                                      "Node Type": "Bitmap Index Scan",
                                      "Parent Relationship": "Outer",
                                      "Parallel Aware": false,
                                      "Index Name": "company_id_movie_companies",
                                      "Startup Cost": 0.0,
                                      "Total Cost": 4333.15,
                                      "Plan Rows": 202229,
                                      "Plan Width": 0,
                                      "Actual Startup Time": 18.661,
                                      "Actual Total Time": 18.662,
                                      "Actual Rows": 196590,
                                      "Actual Loops": 1,
                                      "Index Cond": "(company_id > 114554)"
                                    }
                                  ]
                                }
                              ]
                            }
                          ]
                        }
                      ]
                    }
                  ]
                }
              ]
            }
          ]
        }
      ]
    },
    "Planning Time": 1.375,
    "Triggers": [],
    "Execution Time": 422.71
  }
]