{
  "Plan": {
    "Node Type": "Aggregate",
    "Strategy": "Plain",
    "Partial Mode": "Finalize",
    "Parallel Aware": false,
    "Startup Cost": 477987.47,
    "Total Cost": 477987.48,
    "Plan Rows": 1,
    "Plan Width": 8,
    "Actual Startup Time": 518.186,
    "Actual Total Time": 564.085,
    "Actual Rows": 1,
    "Actual Loops": 1,
    "Plans": [
      {
        "Node Type": "Gather",
        "Parent Relationship": "Outer",
        "Parallel Aware": false,
        "Startup Cost": 477987.36,
        "Total Cost": 477987.47,
        "Plan Rows": 1,
        "Plan Width": 8,
        "Actual Startup Time": 517.744,
        "Actual Total Time": 564.077,
        "Actual Rows": 2,
        "Actual Loops": 1,
        "Workers Planned": 1,
        "Workers Launched": 1,
        "Single Copy": false,
        "Plans": [
          {
            "Node Type": "Aggregate",
            "Strategy": "Plain",
            "Partial Mode": "Partial",
            "Parent Relationship": "Outer",
            "Parallel Aware": false,
            "Startup Cost": 476987.36,
            "Total Cost": 476987.37,
            "Plan Rows": 1,
            "Plan Width": 8,
            "Actual Startup Time": 511.519,
            "Actual Total Time": 511.524,
            "Actual Rows": 1,
            "Actual Loops": 2,
            "Plans": [
              {
                "Node Type": "Hash Join",
                "Parent Relationship": "Outer",
                "Parallel Aware": true,
                "Join Type": "Inner",
                "Startup Cost": 439965.07,
                "Total Cost": 476947.99,
                "Plan Rows": 15746,
                "Plan Width": 0,
                "Actual Startup Time": 361.865,
                "Actual Total Time": 506.361,
                "Actual Rows": 129438,
                "Actual Loops": 2,
                "Inner Unique": false,
                "Hash Cond": "(mk.movie_id = t.id)",
                "Plans": [
                  {
                    "Node Type": "Bitmap Heap Scan",
                    "Parent Relationship": "Outer",
                    "Parallel Aware": true,
                    "Relation Name": "movie_keyword",
                    "Alias": "mk",
                    "Startup Cost": 17938.37,
                    "Total Cost": 48610.52,
                    "Plan Rows": 497452,
                    "Plan Width": 4,
                    "Actual Startup Time": 49.446,
                    "Actual Total Time": 145.978,
                    "Actual Rows": 418840,
                    "Actual Loops": 2,
                    "Recheck Cond": "(keyword_id > 21975)",
                    "Rows Removed by Index Recheck": 0,
                    "Exact Heap Blocks": 14510,
                    "Lossy Heap Blocks": 0,
                    "Plans": [
                      {
                        "Node Type": "Bitmap Index Scan",
                        "Parent Relationship": "Outer",
                        "Parallel Aware": false,
                        "Index Name": "keyword_id_movie_keyword",
                        "Startup Cost": 0.0,
                        "Total Cost": 17726.95,
                        "Plan Rows": 845669,
                        "Plan Width": 0,
                        "Actual Startup Time": 45.818,
                        "Actual Total Time": 45.819,
                        "Actual Rows": 837680,
                        "Actual Loops": 1,
                        "Index Cond": "(keyword_id > 21975)"
                      }
                    ]
                  },
                  {
                    "Node Type": "Hash",
                    "Parent Relationship": "Inner",
                    "Parallel Aware": true,
                    "Startup Cost": 421438.26,
                    "Total Cost": 421438.26,
                    "Plan Rows": 47075,
                    "Plan Width": 8,
                    "Actual Startup Time": 309.532,
                    "Actual Total Time": 309.534,
                    "Actual Rows": 54667,
                    "Actual Loops": 2,
                    "Hash Buckets": 131072,
                    "Original Hash Buckets": 131072,
                    "Hash Batches": 1,
                    "Original Hash Batches": 1,
                    "Peak Memory Usage": 5312,
                    "Plans": [
                      {
                        "Node Type": "Nested Loop",
                        "Parent Relationship": "Outer",
                        "Parallel Aware": false,
                        "Join Type": "Inner",
                        "Startup Cost": 0.56,
                        "Total Cost": 421438.26,
                        "Plan Rows": 47075,
                        "Plan Width": 8,
                        "Actual Startup Time": 1.619,
                        "Actual Total Time": 295.967,
                        "Actual Rows": 54667,
                        "Actual Loops": 2,
                        "Inner Unique": false,
                        "Plans": [
                          {
                            "Node Type": "Seq Scan",
                            "Parent Relationship": "Outer",
                            "Parallel Aware": true,
                            "Relation Name": "title",
                            "Alias": "t",
                            "Startup Cost": 0.0,
                            "Total Cost": 58306.47,
                            "Plan Rows": 3285,
                            "Plan Width": 4,
                            "Actual Startup Time": 0.784,
                            "Actual Total Time": 131.137,
                            "Actual Rows": 3325,
                            "Actual Loops": 2,
                            "Filter": "((kind_id < 7) AND (production_year = 1981))",
                            "Rows Removed by Filter": 1260831
                          },
                          {
                            "Node Type": "Index Only Scan",
                            "Parent Relationship": "Inner",
                            "Parallel Aware": false,
                            "Scan Direction": "Forward",
                            "Index Name": "movie_id_cast_info",
                            "Relation Name": "cast_info",
                            "Alias": "ci",
                            "Startup Cost": 0.56,
                            "Total Cost": 110.17,
                            "Plan Rows": 37,
                            "Plan Width": 4,
                            "Actual Startup Time": 0.012,
                            "Actual Total Time": 0.048,
                            "Actual Rows": 16,
                            "Actual Loops": 6650,
                            "Index Cond": "(movie_id = t.id)",
                            "Rows Removed by Index Recheck": 0,
                            "Heap Fetches": 109334
                          }
                        ]
                      }
                    ]
                  }
                ]
              }
            ]
          }
        ]
      }
    ]
  },
  "Planning Time": 0.837,
  "Triggers": [],
  "Execution Time": 564.188
}