[
  {
    "Plan": {
      "Node Type": "Aggregate",
      "Strategy": "Plain",
      "Partial Mode": "Finalize",
      "Parallel Aware": false,
      "Startup Cost": 340851.53,
      "Total Cost": 340851.54,
      "Plan Rows": 1,
      "Plan Width": 8,
      "Actual Startup Time": 1018.815,
      "Actual Total Time": 1071.108,
      "Actual Rows": 1,
      "Actual Loops": 1,
      "Plans": [
        {
          "Node Type": "Gather",
          "Parent Relationship": "Outer",
          "Parallel Aware": false,
          "Startup Cost": 340850.91,
          "Total Cost": 340851.52,
          "Plan Rows": 6,
          "Plan Width": 8,
          "Actual Startup Time": 1018.672,
          "Actual Total Time": 1071.097,
          "Actual Rows": 7,
          "Actual Loops": 1,
          "Workers Planned": 6,
          "Workers Launched": 6,
          "Single Copy": false,
          "Plans": [
            {
              "Node Type": "Aggregate",
              "Strategy": "Plain",
              "Partial Mode": "Partial",
              "Parent Relationship": "Outer",
              "Parallel Aware": false,
              "Startup Cost": 339850.91,
              "Total Cost": 339850.92,
              "Plan Rows": 1,
              "Plan Width": 8,
              "Actual Startup Time": 1010.123,
              "Actual Total Time": 1010.124,
              "Actual Rows": 1,
              "Actual Loops": 7,
              "Plans": [
                {
                  "Node Type": "Seq Scan",
                  "Parent Relationship": "Outer",
                  "Parallel Aware": true,
                  "Relation Name": "cast_info",
                  "Alias": "ci",
                  "Startup Cost": 0.0,
                  "Total Cost": 328211.39,
                  "Plan Rows": 4655807,
                  "Plan Width": 0,
                  "Actual Startup Time": 136.525,
                  "Actual Total Time": 769.912,
                  "Actual Rows": 3977097,
                  "Actual Loops": 7,
                  "Filter": "(person_id > 824327)",
                  "Rows Removed by Filter": 1200667
                }
              ]
            }
          ]
        }
      ]
    },
    "Planning Time": 0.128,
    "Triggers": [],
    "Execution Time": 1071.166
  }
]