[
  {
    "Plan": {
      "Node Type": "Aggregate",
      "Strategy": "Plain",
      "Partial Mode": "Finalize",
      "Parallel Aware": false,
      "Startup Cost": 46785.38,
      "Total Cost": 46785.39,
      "Plan Rows": 1,
      "Plan Width": 8,
      "Actual Startup Time": 171.43,
      "Actual Total Time": 180.387,
      "Actual Rows": 1,
      "Actual Loops": 1,
      "Plans": [
        {
          "Node Type": "Gather",
          "Parent Relationship": "Outer",
          "Parallel Aware": false,
          "Startup Cost": 46785.06,
          "Total Cost": 46785.37,
          "Plan Rows": 3,
          "Plan Width": 8,
          "Actual Startup Time": 171.292,
          "Actual Total Time": 180.379,
          "Actual Rows": 4,
          "Actual Loops": 1,
          "Workers Planned": 3,
          "Workers Launched": 3,
          "Single Copy": false,
          "Plans": [
            {
              "Node Type": "Aggregate",
              "Strategy": "Plain",
              "Partial Mode": "Partial",
              "Parent Relationship": "Outer",
              "Parallel Aware": false,
              "Startup Cost": 45785.06,
              "Total Cost": 45785.07,
              "Plan Rows": 1,
              "Plan Width": 8,
              "Actual Startup Time": 164.177,
              "Actual Total Time": 164.178,
              "Actual Rows": 1,
              "Actual Loops": 4,
              "Plans": [
                {
                  "Node Type": "Seq Scan",
                  "Parent Relationship": "Outer",
                  "Parallel Aware": true,
                  "Relation Name": "movie_keyword",
                  "Alias": "mk",
                  "Startup Cost": 0.0,
                  "Total Cost": 42695.65,
                  "Plan Rows": 1235764,
                  "Plan Width": 0,
                  "Actual Startup Time": 0.055,
                  "Actual Total Time": 121.596,
                  "Actual Rows": 961387,
                  "Actual Loops": 4,
                  "Filter": "(keyword_id < 27601)",
                  "Rows Removed by Filter": 169596
                }
              ]
            }
          ]
        }
      ]
    },
    "Planning Time": 0.182,
    "Triggers": [],
    "Execution Time": 180.442
  }
]