{
  "Plan": {
    "Node Type": "Aggregate",
    "Strategy": "Plain",
    "Partial Mode": "Finalize",
    "Parallel Aware": false,
    "Startup Cost": 65522.26,
    "Total Cost": 65522.27,
    "Plan Rows": 1,
    "Plan Width": 8,
    "Actual Startup Time": 253.056,
    "Actual Total Time": 280.672,
    "Actual Rows": 1,
    "Actual Loops": 1,
    "Plans": [
      {
        "Node Type": "Gather",
        "Parent Relationship": "Outer",
        "Parallel Aware": false,
        "Startup Cost": 65522.15,
        "Total Cost": 65522.26,
        "Plan Rows": 1,
        "Plan Width": 8,
        "Actual Startup Time": 252.836,
        "Actual Total Time": 280.66,
        "Actual Rows": 2,
        "Actual Loops": 1,
        "Workers Planned": 1,
        "Workers Launched": 1,
        "Single Copy": false,
        "Plans": [
          {
            "Node Type": "Aggregate",
            "Strategy": "Plain",
            "Partial Mode": "Partial",
            "Parent Relationship": "Outer",
            "Parallel Aware": false,
            "Startup Cost": 64522.15,
            "Total Cost": 64522.16,
            "Plan Rows": 1,
            "Plan Width": 8,
            "Actual Startup Time": 246.44,
            "Actual Total Time": 246.443,
            "Actual Rows": 1,
            "Actual Loops": 2,
            "Plans": [
              {
                "Node Type": "Nested Loop",
                "Parent Relationship": "Outer",
                "Parallel Aware": false,
                "Join Type": "Inner",
                "Startup Cost": 0.86,
                "Total Cost": 64513.17,
                "Plan Rows": 3591,
                "Plan Width": 0,
                "Actual Startup Time": 134.579,
                "Actual Total Time": 245.625,
                "Actual Rows": 9208,
                "Actual Loops": 2,
                "Inner Unique": false,
                "Join Filter": "(t.id = mi.movie_id)",
                "Rows Removed by Join Filter": 0,
                "Plans": [
                  {
                    "Node Type": "Nested Loop",
                    "Parent Relationship": "Outer",
                    "Parallel Aware": false,
                    "Join Type": "Inner",
                    "Startup Cost": 0.43,
                    "Total Cost": 63087.69,
                    "Plan Rows": 614,
                    "Plan Width": 8,
                    "Actual Startup Time": 134.475,
                    "Actual Total Time": 220.378,
                    "Actual Rows": 1160,
                    "Actual Loops": 2,
                    "Inner Unique": false,
                    "Plans": [
                      {
                        "Node Type": "Seq Scan",
                        "Parent Relationship": "Outer",
                        "Parallel Aware": true,
                        "Relation Name": "title",
                        "Alias": "t",
                        "Startup Cost": 0.0,
                        "Total Cost": 54588.39,
                        "Plan Rows": 1125,
                        "Plan Width": 4,
                        "Actual Startup Time": 133.839,
                        "Actual Total Time": 206.637,
                        "Actual Rows": 1172,
                        "Actual Loops": 2,
                        "Filter": "(production_year < 1898)",
                        "Rows Removed by Filter": 1262984
                      },
                      {
                        "Node Type": "Index Only Scan",
                        "Parent Relationship": "Inner",
                        "Parallel Aware": false,
                        "Scan Direction": "Forward",
                        "Index Name": "movie_id_movie_info_idx",
                        "Relation Name": "movie_info_idx",
                        "Alias": "mi_idx",
                        "Startup Cost": 0.43,
                        "Total Cost": 7.52,
                        "Plan Rows": 3,
                        "Plan Width": 4,
                        "Actual Startup Time": 0.011,
                        "Actual Total Time": 0.011,
                        "Actual Rows": 1,
                        "Actual Loops": 2345,
                        "Index Cond": "(movie_id = t.id)",
                        "Rows Removed by Index Recheck": 0,
                        "Heap Fetches": 2319
                      }
                    ]
                  },
                  {
                    "Node Type": "Index Only Scan",
                    "Parent Relationship": "Inner",
                    "Parallel Aware": false,
                    "Scan Direction": "Forward",
                    "Index Name": "movie_id_movie_info",
                    "Relation Name": "movie_info",
                    "Alias": "mi",
                    "Startup Cost": 0.43,
                    "Total Cost": 1.8,
                    "Plan Rows": 42,
                    "Plan Width": 4,
                    "Actual Startup Time": 0.008,
                    "Actual Total Time": 0.02,
                    "Actual Rows": 8,
                    "Actual Loops": 2319,
                    "Index Cond": "(movie_id = mi_idx.movie_id)",
                    "Rows Removed by Index Recheck": 0,
                    "Heap Fetches": 18417
                  }
                ]
              }
            ]
          }
        ]
      }
    ]
  },
  "Planning Time": 0.87,
  "Triggers": [],
  "Execution Time": 280.773
}