[
  {
    "Plan": {
      "Node Type": "Aggregate",
      "Strategy": "Plain",
      "Partial Mode": "Finalize",
      "Parallel Aware": false,
      "Startup Cost": 17007.89,
      "Total Cost": 17007.9,
      "Plan Rows": 1,
      "Plan Width": 8,
      "Actual Startup Time": 11.046,
      "Actual Total Time": 12.644,
      "Actual Rows": 1,
      "Actual Loops": 1,
      "Plans": [
        {
          "Node Type": "Gather",
          "Parent Relationship": "Outer",
          "Parallel Aware": false,
          "Startup Cost": 17007.67,
          "Total Cost": 17007.88,
          "Plan Rows": 2,
          "Plan Width": 8,
          "Actual Startup Time": 10.198,
          "Actual Total Time": 12.637,
          "Actual Rows": 3,
          "Actual Loops": 1,
          "Workers Planned": 2,
          "Workers Launched": 2,
          "Single Copy": false,
          "Plans": [
            {
              "Node Type": "Aggregate",
              "Strategy": "Plain",
              "Partial Mode": "Partial",
              "Parent Relationship": "Outer",
              "Parallel Aware": false,
              "Startup Cost": 16007.67,
              "Total Cost": 16007.68,
              "Plan Rows": 1,
              "Plan Width": 8,
              "Actual Startup Time": 5.383,
              "Actual Total Time": 5.385,
              "Actual Rows": 1,
              "Actual Loops": 3,
              "Plans": [
                {
                  "Node Type": "Nested Loop",
                  "Parent Relationship": "Outer",
                  "Parallel Aware": false,
                  "Join Type": "Inner",
                  "Startup Cost": 86.05,
                  "Total Cost": 16005.63,
                  "Plan Rows": 815,
                  "Plan Width": 0,
                  "Actual Startup Time": 1.127,
                  "Actual Total Time": 5.332,
                  "Actual Rows": 478,
                  "Actual Loops": 3,
                  "Inner Unique": true,
                  "Plans": [
                    {
                      "Node Type": "Bitmap Heap Scan",
                      "Parent Relationship": "Outer",
                      "Parallel Aware": true,
                      "Relation Name": "movie_companies",
                      "Alias": "mc",
                      "Startup Cost": 85.62,
                      "Total Cost": 9524.26,
                      "Plan Rows": 815,
                      "Plan Width": 4,
                      "Actual Startup Time": 1.093,
                      "Actual Total Time": 1.833,
                      "Actual Rows": 478,
                      "Actual Loops": 3,
                      "Recheck Cond": "(company_id = 181)",
                      "Rows Removed by Index Recheck": 0,
                      "Filter": "(company_type_id > 1)",
                      "Rows Removed by Filter": 649,
                      "Exact Heap Blocks": 997,
                      "Lossy Heap Blocks": 0,
                      "Plans": [
                        {
                          "Node Type": "Bitmap Index Scan",
                          "Parent Relationship": "Outer",
                          "Parallel Aware": false,
                          "Index Name": "company_id_movie_companies",
                          "Startup Cost": 0.0,
                          "Total Cost": 85.13,
                          "Plan Rows": 3827,
                          "Plan Width": 0,
                          "Actual Startup Time": 1.414,
                          "Actual Total Time": 1.415,
                          "Actual Rows": 3380,
                          "Actual Loops": 1,
                          "Index Cond": "(company_id = 181)"
                        }
                      ]
                    },
                    {
                      "Node Type": "Index Only Scan",
                      "Parent Relationship": "Inner",
                      "Parallel Aware": false,
                      "Scan Direction": "Forward",
                      "Index Name": "title_pkey",
                      "Relation Name": "title",
                      "Alias": "t",
                      "Startup Cost": 0.43,
                      "Total Cost": 7.95,
                      "Plan Rows": 1,
                      "Plan Width": 4,
                      "Actual Startup Time": 0.007,
                      "Actual Total Time": 0.007,
                      "Actual Rows": 1,
                      "Actual Loops": 1433,
                      "Index Cond": "(id = mc.movie_id)",
                      "Rows Removed by Index Recheck": 0,
                      "Heap Fetches": 1433
                    }
                  ]
                }
              ]
            }
          ]
        }
      ]
    },
    "Planning Time": 0.326,
    "Triggers": [],
    "Execution Time": 12.692
  }
]