[
  {
    "Plan": {
      "Node Type": "Aggregate",
      "Strategy": "Plain",
      "Partial Mode": "Finalize",
      "Parallel Aware": false,
      "Startup Cost": 30835.05,
      "Total Cost": 30835.06,
      "Plan Rows": 1,
      "Plan Width": 8,
      "Actual Startup Time": 95.55,
      "Actual Total Time": 100.734,
      "Actual Rows": 1,
      "Actual Loops": 1,
      "Plans": [
        {
          "Node Type": "Gather",
          "Parent Relationship": "Outer",
          "Parallel Aware": false,
          "Startup Cost": 30834.73,
          "Total Cost": 30835.04,
          "Plan Rows": 3,
          "Plan Width": 8,
          "Actual Startup Time": 95.452,
          "Actual Total Time": 100.726,
          "Actual Rows": 4,
          "Actual Loops": 1,
          "Workers Planned": 3,
          "Workers Launched": 3,
          "Single Copy": false,
          "Plans": [
            {
              "Node Type": "Aggregate",
              "Strategy": "Plain",
              "Partial Mode": "Partial",
              "Parent Relationship": "Outer",
              "Parallel Aware": false,
              "Startup Cost": 29834.73,
              "Total Cost": 29834.74,
              "Plan Rows": 1,
              "Plan Width": 8,
              "Actual Startup Time": 88.402,
              "Actual Total Time": 88.403,
              "Actual Rows": 1,
              "Actual Loops": 4,
              "Plans": [
                {
                  "Node Type": "Seq Scan",
                  "Parent Relationship": "Outer",
                  "Parallel Aware": true,
                  "Relation Name": "movie_companies",
                  "Alias": "mc",
                  "Startup Cost": 0.0,
                  "Total Cost": 29310.68,
                  "Plan Rows": 209621,
                  "Plan Width": 0,
                  "Actual Startup Time": 37.277,
                  "Actual Total Time": 80.883,
                  "Actual Rows": 165504,
                  "Actual Loops": 4,
                  "Filter": "(company_id > 52119)",
                  "Rows Removed by Filter": 486778
                }
              ]
            }
          ]
        }
      ]
    },
    "Planning Time": 0.163,
    "Triggers": [],
    "Execution Time": 100.783
  }
]