{
  "Plan": {
    "Node Type": "Aggregate",
    "Strategy": "Plain",
    "Partial Mode": "Simple",
    "Parallel Aware": false,
    "Startup Cost": 16572.31,
    "Total Cost": 16572.32,
    "Plan Rows": 1,
    "Plan Width": 64,
    "Actual Startup Time": 90.786,
    "Actual Total Time": 90.788,
    "Actual Rows": 1,
    "Actual Loops": 1,
    "Plans": [
      {
        "Node Type": "Nested Loop",
        "Parent Relationship": "Outer",
        "Parallel Aware": false,
        "Join Type": "Inner",
        "Startup Cost": 11.65,
        "Total Cost": 16572.3,
        "Plan Rows": 2,
        "Plan Width": 22,
        "Actual Startup Time": 6.356,
        "Actual Total Time": 89.878,
        "Actual Rows": 5080,
        "Actual Loops": 1,
        "Inner Unique": true,
        "Plans": [
          {
            "Node Type": "Nested Loop",
            "Parent Relationship": "Outer",
            "Parallel Aware": false,
            "Join Type": "Inner",
            "Startup Cost": 11.22,
            "Total Cost": 16570.34,
            "Plan Rows": 4,
            "Plan Width": 13,
            "Actual Startup Time": 6.339,
            "Actual Total Time": 70.09,
            "Actual Rows": 5820,
            "Actual Loops": 1,
            "Inner Unique": false,
            "Join Filter": "(mi_idx.info_type_id = it.id)",
            "Rows Removed by Join Filter": 2613,
            "Plans": [
              {
                "Node Type": "Seq Scan",
                "Parent Relationship": "Outer",
                "Parallel Aware": false,
                "Relation Name": "info_type",
                "Alias": "it",
                "Startup Cost": 0.0,
                "Total Cost": 2.41,
                "Plan Rows": 1,
                "Plan Width": 4,
                "Actual Startup Time": 0.035,
                "Actual Total Time": 0.037,
                "Actual Rows": 1,
                "Actual Loops": 1,
                "Filter": "((info)::text = 'rating'::text)",
                "Rows Removed by Filter": 112
              },
              {
                "Node Type": "Nested Loop",
                "Parent Relationship": "Inner",
                "Parallel Aware": false,
                "Join Type": "Inner",
                "Startup Cost": 11.22,
                "Total Cost": 16561.65,
                "Plan Rows": 502,
                "Plan Width": 17,
                "Actual Startup Time": 6.299,
                "Actual Total Time": 69.035,
                "Actual Rows": 8433,
                "Actual Loops": 1,
                "Inner Unique": false,
                "Plans": [
                  {
                    "Node Type": "Nested Loop",
                    "Parent Relationship": "Outer",
                    "Parallel Aware": false,
                    "Join Type": "Inner",
                    "Startup Cost": 10.79,
                    "Total Cost": 16338.26,
                    "Plan Rows": 438,
                    "Plan Width": 4,
                    "Actual Startup Time": 6.275,
                    "Actual Total Time": 33.158,
                    "Actual Rows": 12951,
                    "Actual Loops": 1,
                    "Inner Unique": false,
                    "Plans": [
                      {
                        "Node Type": "Seq Scan",
                        "Parent Relationship": "Outer",
                        "Parallel Aware": false,
                        "Relation Name": "keyword",
                        "Alias": "k",
                        "Startup Cost": 0.0,
                        "Total Cost": 2626.12,
                        "Plan Rows": 13,
                        "Plan Width": 4,
                        "Actual Startup Time": 2.354,
                        "Actual Total Time": 16.666,
                        "Actual Rows": 30,
                        "Actual Loops": 1,
                        "Filter": "(keyword ~~ '%sequel%'::text)",
                        "Rows Removed by Filter": 134140
                      },
                      {
                        "Node Type": "Bitmap Heap Scan",
                        "Parent Relationship": "Inner",
                        "Parallel Aware": false,
                        "Relation Name": "movie_keyword",
                        "Alias": "mk",
                        "Startup Cost": 10.79,
                        "Total Cost": 1051.74,
                        "Plan Rows": 304,
                        "Plan Width": 8,
                        "Actual Startup Time": 0.145,
                        "Actual Total Time": 0.5,
                        "Actual Rows": 432,
                        "Actual Loops": 30,
                        "Recheck Cond": "(keyword_id = k.id)",
                        "Rows Removed by Index Recheck": 0,
                        "Exact Heap Blocks": 6979,
                        "Lossy Heap Blocks": 0,
                        "Plans": [
                          {
                            "Node Type": "Bitmap Index Scan",
                            "Parent Relationship": "Outer",
                            "Parallel Aware": false,
                            "Index Name": "keyword_id_movie_keyword",
                            "Startup Cost": 0.0,
                            "Total Cost": 10.71,
                            "Plan Rows": 304,
                            "Plan Width": 0,
                            "Actual Startup Time": 0.078,
                            "Actual Total Time": 0.078,
                            "Actual Rows": 432,
                            "Actual Loops": 30,
                            "Index Cond": "(keyword_id = k.id)"
                          }
                        ]
                      }
                    ]
                  },
                  {
                    "Node Type": "Index Scan",
                    "Parent Relationship": "Inner",
                    "Parallel Aware": false,
                    "Scan Direction": "Forward",
                    "Index Name": "movie_id_movie_info_idx",
                    "Relation Name": "movie_info_idx",
                    "Alias": "mi_idx",
                    "Startup Cost": 0.43,
                    "Total Cost": 0.5,
                    "Plan Rows": 1,
                    "Plan Width": 13,
                    "Actual Startup Time": 0.002,
                    "Actual Total Time": 0.003,
                    "Actual Rows": 1,
                    "Actual Loops": 12951,
                    "Index Cond": "(movie_id = mk.movie_id)",
                    "Rows Removed by Index Recheck": 0,
                    "Filter": "(info > '5.0'::text)",
                    "Rows Removed by Filter": 1
                  }
                ]
              }
            ]
          },
          {
            "Node Type": "Index Scan",
            "Parent Relationship": "Inner",
            "Parallel Aware": false,
            "Scan Direction": "Forward",
            "Index Name": "title_pkey",
            "Relation Name": "title",
            "Alias": "t",
            "Startup Cost": 0.43,
            "Total Cost": 0.49,
            "Plan Rows": 1,
            "Plan Width": 21,
            "Actual Startup Time": 0.003,
            "Actual Total Time": 0.003,
            "Actual Rows": 1,
            "Actual Loops": 5820,
            "Index Cond": "(id = mk.movie_id)",
            "Rows Removed by Index Recheck": 0,
            "Filter": "(production_year < 2006)",
            "Rows Removed by Filter": 0
          }
        ]
      }
    ]
  },
  "Planning Time": 1.301,
  "Triggers": [],
  "Execution Time": 90.874
}