[
  {
    "Plan": {
      "Node Type": "Aggregate",
      "Strategy": "Plain",
      "Partial Mode": "Finalize",
      "Parallel Aware": false,
      "Startup Cost": 186791.78,
      "Total Cost": 186791.79,
      "Plan Rows": 1,
      "Plan Width": 8,
      "Actual Startup Time": 1117.321,
      "Actual Total Time": 1207.861,
      "Actual Rows": 1,
      "Actual Loops": 1,
      "Plans": [
        {
          "Node Type": "Gather",
          "Parent Relationship": "Outer",
          "Parallel Aware": false,
          "Startup Cost": 186791.36,
          "Total Cost": 186791.77,
          "Plan Rows": 4,
          "Plan Width": 8,
          "Actual Startup Time": 1116.706,
          "Actual Total Time": 1207.85,
          "Actual Rows": 5,
          "Actual Loops": 1,
          "Workers Planned": 4,
          "Workers Launched": 4,
          "Single Copy": false,
          "Plans": [
            {
              "Node Type": "Aggregate",
              "Strategy": "Plain",
              "Partial Mode": "Partial",
              "Parent Relationship": "Outer",
              "Parallel Aware": false,
              "Startup Cost": 185791.36,
              "Total Cost": 185791.37,
              "Plan Rows": 1,
              "Plan Width": 8,
              "Actual Startup Time": 1106.055,
              "Actual Total Time": 1106.061,
              "Actual Rows": 1,
              "Actual Loops": 5,
              "Plans": [
                {
                  "Node Type": "Nested Loop",
                  "Parent Relationship": "Outer",
                  "Parallel Aware": false,
                  "Join Type": "Inner",
                  "Startup Cost": 29895.48,
                  "Total Cost": 184015.36,
                  "Plan Rows": 710402,
                  "Plan Width": 0,
                  "Actual Startup Time": 94.787,
                  "Actual Total Time": 1077.207,
                  "Actual Rows": 473222,
                  "Actual Loops": 5,
                  "Inner Unique": false,
                  "Plans": [
                    {
                      "Node Type": "Hash Join",
                      "Parent Relationship": "Outer",
                      "Parallel Aware": true,
                      "Join Type": "Inner",
                      "Startup Cost": 29894.91,
                      "Total Cost": 75533.94,
                      "Plan Rows": 49578,
                      "Plan Width": 8,
                      "Actual Startup Time": 94.683,
                      "Actual Total Time": 269.557,
                      "Actual Rows": 18342,
                      "Actual Loops": 5,
                      "Inner Unique": false,
                      "Hash Cond": "(t.id = mc.movie_id)",
                      "Plans": [
                        {
                          "Node Type": "Seq Scan",
                          "Parent Relationship": "Outer",
                          "Parallel Aware": true,
                          "Relation Name": "title",
                          "Alias": "t",
                          "Startup Cost": 0.0,
                          "Total Cost": 42318.73,
                          "Plan Rows": 632073,
                          "Plan Width": 4,
                          "Actual Startup Time": 0.013,
                          "Actual Total Time": 68.941,
                          "Actual Rows": 505662,
                          "Actual Loops": 5
                        },
                        {
                          "Node Type": "Hash",
                          "Parent Relationship": "Inner",
                          "Parallel Aware": true,
                          "Startup Cost": 29095.27,
                          "Total Cost": 29095.27,
                          "Plan Rows": 63971,
                          "Plan Width": 4,
                          "Actual Startup Time": 92.45,
                          "Actual Total Time": 92.451,
                          "Actual Rows": 18342,
                          "Actual Loops": 5,
                          "Hash Buckets": 262144,
                          "Original Hash Buckets": 262144,
                          "Hash Batches": 1,
                          "Original Hash Batches": 1,
                          "Peak Memory Usage": 5728,
                          "Plans": [
                            {
                              "Node Type": "Bitmap Heap Scan",
                              "Parent Relationship": "Outer",
                              "Parallel Aware": true,
                              "Relation Name": "movie_companies",
                              "Alias": "mc",
                              "Startup Cost": 8415.37,
                              "Total Cost": 29095.27,
                              "Plan Rows": 63971,
                              "Plan Width": 4,
                              "Actual Startup Time": 71.542,
                              "Actual Total Time": 85.883,
                              "Actual Rows": 18342,
                              "Actual Loops": 5,
                              "Recheck Cond": "(company_id < 228)",
                              "Rows Removed by Index Recheck": 0,
                              "Filter": "(company_type_id > 1)",
                              "Rows Removed by Filter": 59183,
                              "Exact Heap Blocks": 6900,
                              "Lossy Heap Blocks": 0,
                              "Plans": [
                                {
                                  "Node Type": "Bitmap Index Scan",
                                  "Parent Relationship": "Outer",
                                  "Parallel Aware": false,
                                  "Index Name": "company_id_movie_companies",
                                  "Startup Cost": 0.0,
                                  "Total Cost": 8365.79,
                                  "Plan Rows": 390581,
                                  "Plan Width": 0,
                                  "Actual Startup Time": 28.541,
                                  "Actual Total Time": 28.541,
                                  "Actual Rows": 387626,
                                  "Actual Loops": 1,
                                  "Index Cond": "(company_id < 228)"
                                }
                              ]
                            }
                          ]
                        }
                      ]
                    },
                    {
                      "Node Type": "Index Only Scan",
                      "Parent Relationship": "Inner",
                      "Parallel Aware": false,
                      "Scan Direction": "Forward",
                      "Index Name": "movie_id_cast_info",
                      "Relation Name": "cast_info",
                      "Alias": "ci",
                      "Startup Cost": 0.56,
                      "Total Cost": 1.82,
                      "Plan Rows": 37,
                      "Plan Width": 4,
                      "Actual Startup Time": 0.008,
                      "Actual Total Time": 0.041,
                      "Actual Rows": 26,
                      "Actual Loops": 91709,
                      "Index Cond": "(movie_id = t.id)",
                      "Rows Removed by Index Recheck": 0,
                      "Heap Fetches": 2366111
                    }
                  ]
                }
              ]
            }
          ]
        }
      ]
    },
    "Planning Time": 1.449,
    "Triggers": [],
    "Execution Time": 1208.001
  }
]