{
  "Plan": {
    "Node Type": "Aggregate",
    "Strategy": "Plain",
    "Partial Mode": "Simple",
    "Parallel Aware": false,
    "Startup Cost": 5686037.98,
    "Total Cost": 5686037.99,
    "Plan Rows": 1,
    "Plan Width": 96,
    "Actual Startup Time": 174892.839,
    "Actual Total Time": 174892.883,
    "Actual Rows": 1,
    "Actual Loops": 1,
    "Plans": [
      {
        "Node Type": "Hash Join",
        "Parent Relationship": "Outer",
        "Parallel Aware": false,
        "Join Type": "Inner",
        "Startup Cost": 5663356.7,
        "Total Cost": 5685980.7,
        "Plan Rows": 7638,
        "Plan Width": 48,
        "Actual Startup Time": 156870.866,
        "Actual Total Time": 174733.968,
        "Actual Rows": 1359481,
        "Actual Loops": 1,
        "Inner Unique": false,
        "Hash Cond": "(k.id = mk.keyword_id)",
        "Plans": [
          {
            "Node Type": "Seq Scan",
            "Parent Relationship": "Outer",
            "Parallel Aware": false,
            "Relation Name": "keyword",
            "Alias": "k",
            "Startup Cost": 0.0,
            "Total Cost": 3632.4,
            "Plan Rows": 8,
            "Plan Width": 20,
            "Actual Startup Time": 0.126,
            "Actual Total Time": 21.189,
            "Actual Rows": 8,
            "Actual Loops": 1,
            "Filter": "(keyword = ANY ('{superhero,sequel,second-part,marvel-comics,based-on-comic,tv-special,fight,violence}'::text[]))",
            "Rows Removed by Filter": 134162
          },
          {
            "Node Type": "Hash",
            "Parent Relationship": "Inner",
            "Parallel Aware": false,
            "Startup Cost": 4062183.3,
            "Total Cost": 4062183.3,
            "Plan Rows": 128093872,
            "Plan Width": 36,
            "Actual Startup Time": 156633.547,
            "Actual Total Time": 156633.588,
            "Actual Rows": 187619805,
            "Actual Loops": 1,
            "Hash Buckets": 67108864,
            "Original Hash Buckets": 67108864,
            "Hash Batches": 4,
            "Original Hash Batches": 4,
            "Peak Memory Usage": 3574253,
            "Plans": [
              {
                "Node Type": "Hash Join",
                "Parent Relationship": "Outer",
                "Parallel Aware": false,
                "Join Type": "Inner",
                "Startup Cost": 1309595.95,
                "Total Cost": 4062183.3,
                "Plan Rows": 128093872,
                "Plan Width": 36,
                "Actual Startup Time": 19065.41,
                "Actual Total Time": 111847.037,
                "Actual Rows": 187619805,
                "Actual Loops": 1,
                "Inner Unique": true,
                "Hash Cond": "(ci.person_id = n.id)",
                "Plans": [
                  {
                    "Node Type": "Hash Join",
                    "Parent Relationship": "Outer",
                    "Parallel Aware": false,
                    "Join Type": "Inner",
                    "Startup Cost": 1160216.02,
                    "Total Cost": 3576556.61,
                    "Plan Rows": 128093872,
                    "Plan Width": 25,
                    "Actual Startup Time": 16637.9,
                    "Actual Total Time": 69312.121,
                    "Actual Rows": 187619805,
                    "Actual Loops": 1,
                    "Inner Unique": true,
                    "Hash Cond": "(mk.movie_id = t.id)",
                    "Plans": [
                      {
                        "Node Type": "Hash Join",
                        "Parent Relationship": "Outer",
                        "Parallel Aware": false,
                        "Join Type": "Inner",
                        "Startup Cost": 1068575.16,
                        "Total Cost": 3042853.58,
                        "Plan Rows": 168404353,
                        "Plan Width": 16,
                        "Actual Startup Time": 15670.827,
                        "Actual Total Time": 41975.102,
                        "Actual Rows": 215765477,
                        "Actual Loops": 1,
                        "Inner Unique": false,
                        "Hash Cond": "(mk.movie_id = ci.movie_id)",
                        "Plans": [
                          {
                            "Node Type": "Seq Scan",
                            "Parent Relationship": "Outer",
                            "Parallel Aware": false,
                            "Relation Name": "movie_keyword",
                            "Alias": "mk",
                            "Startup Cost": 0.0,
                            "Total Cost": 69693.3,
                            "Plan Rows": 4523930,
                            "Plan Width": 8,
                            "Actual Startup Time": 0.026,
                            "Actual Total Time": 672.891,
                            "Actual Rows": 4523930,
                            "Actual Loops": 1
                          },
                          {
                            "Node Type": "Hash",
                            "Parent Relationship": "Inner",
                            "Parallel Aware": false,
                            "Startup Cost": 615303.96,
                            "Total Cost": 615303.96,
                            "Plan Rows": 36261696,
                            "Plan Width": 8,
                            "Actual Startup Time": 15443.771,
                            "Actual Total Time": 15443.785,
                            "Actual Rows": 36244344,
                            "Actual Loops": 1,
                            "Hash Buckets": 67108864,
                            "Original Hash Buckets": 67108864,
                            "Hash Batches": 1,
                            "Original Hash Batches": 1,
                            "Peak Memory Usage": 1940083,
                            "Plans": [
                              {
                                "Node Type": "Seq Scan",
                                "Parent Relationship": "Outer",
                                "Parallel Aware": false,
                                "Relation Name": "cast_info",
                                "Alias": "ci",
                                "Startup Cost": 0.0,
                                "Total Cost": 615303.96,
                                "Plan Rows": 36261696,
                                "Plan Width": 8,
                                "Actual Startup Time": 0.031,
                                "Actual Total Time": 4273.648,
                                "Actual Rows": 36244344,
                                "Actual Loops": 1
                              }
                            ]
                          }
                        ]
                      },
                      {
                        "Node Type": "Hash",
                        "Parent Relationship": "Inner",
                        "Parallel Aware": false,
                        "Startup Cost": 67601.9,
                        "Total Cost": 67601.9,
                        "Plan Rows": 1923117,
                        "Plan Width": 21,
                        "Actual Startup Time": 956.136,
                        "Actual Total Time": 956.138,
                        "Actual Rows": 1922849,
                        "Actual Loops": 1,
                        "Hash Buckets": 2097152,
                        "Original Hash Buckets": 2097152,
                        "Hash Batches": 1,
                        "Original Hash Batches": 1,
                        "Peak Memory Usage": 119782,
                        "Plans": [
                          {
                            "Node Type": "Seq Scan",
                            "Parent Relationship": "Outer",
                            "Parallel Aware": false,
                            "Relation Name": "title",
                            "Alias": "t",
                            "Startup Cost": 0.0,
                            "Total Cost": 67601.9,
                            "Plan Rows": 1923117,
                            "Plan Width": 21,
                            "Actual Startup Time": 0.027,
                            "Actual Total Time": 452.275,
                            "Actual Rows": 1922849,
                            "Actual Loops": 1,
                            "Filter": "(production_year < 2010)",
                            "Rows Removed by Filter": 605463
                          }
                        ]
                      }
                    ]
                  },
                  {
                    "Node Type": "Hash",
                    "Parent Relationship": "Inner",
                    "Parallel Aware": false,
                    "Startup Cost": 97287.19,
                    "Total Cost": 97287.19,
                    "Plan Rows": 4167419,
                    "Plan Width": 19,
                    "Actual Startup Time": 2411.462,
                    "Actual Total Time": 2411.463,
                    "Actual Rows": 4167491,
                    "Actual Loops": 1,
                    "Hash Buckets": 4194304,
                    "Original Hash Buckets": 4194304,
                    "Hash Batches": 1,
                    "Original Hash Batches": 1,
                    "Peak Memory Usage": 248744,
                    "Plans": [
                      {
                        "Node Type": "Seq Scan",
                        "Parent Relationship": "Outer",
                        "Parallel Aware": false,
                        "Relation Name": "name",
                        "Alias": "n",
                        "Startup Cost": 0.0,
                        "Total Cost": 97287.19,
                        "Plan Rows": 4167419,
                        "Plan Width": 19,
                        "Actual Startup Time": 0.051,
                        "Actual Total Time": 905.953,
                        "Actual Rows": 4167491,
                        "Actual Loops": 1
                      }
                    ]
                  }
                ]
              }
            ]
          }
        ]
      }
    ]
  },
  "Planning Time": 0.866,
  "Triggers": [],
  "Execution Time": 175107.586
}