[
  {
    "Plan": {
      "Node Type": "Aggregate",
      "Strategy": "Plain",
      "Partial Mode": "Finalize",
      "Parallel Aware": false,
      "Startup Cost": 259140.24,
      "Total Cost": 259140.25,
      "Plan Rows": 1,
      "Plan Width": 8,
      "Actual Startup Time": 347.734,
      "Actual Total Time": 365.148,
      "Actual Rows": 1,
      "Actual Loops": 1,
      "Plans": [
        {
          "Node Type": "Gather",
          "Parent Relationship": "Outer",
          "Parallel Aware": false,
          "Startup Cost": 259139.61,
          "Total Cost": 259140.22,
          "Plan Rows": 6,
          "Plan Width": 8,
          "Actual Startup Time": 347.643,
          "Actual Total Time": 365.14,
          "Actual Rows": 7,
          "Actual Loops": 1,
          "Workers Planned": 6,
          "Workers Launched": 6,
          "Single Copy": false,
          "Plans": [
            {
              "Node Type": "Aggregate",
              "Strategy": "Plain",
              "Partial Mode": "Partial",
              "Parent Relationship": "Outer",
              "Parallel Aware": false,
              "Startup Cost": 258139.61,
              "Total Cost": 258139.62,
              "Plan Rows": 1,
              "Plan Width": 8,
              "Actual Startup Time": 336.747,
              "Actual Total Time": 336.748,
              "Actual Rows": 1,
              "Actual Loops": 7,
              "Plans": [
                {
                  "Node Type": "Index Scan",
                  "Parent Relationship": "Outer",
                  "Parallel Aware": true,
                  "Scan Direction": "Forward",
                  "Index Name": "role_id_cast_info",
                  "Relation Name": "cast_info",
                  "Alias": "ci",
                  "Startup Cost": 0.56,
                  "Total Cost": 255086.64,
                  "Plan Rows": 1221188,
                  "Plan Width": 0,
                  "Actual Startup Time": 0.232,
                  "Actual Total Time": 284.177,
                  "Actual Rows": 1182794,
                  "Actual Loops": 7,
                  "Index Cond": "(role_id > 4)",
                  "Rows Removed by Index Recheck": 0,
                  "Filter": "(person_id > 824699)",
                  "Rows Removed by Filter": 157878
                }
              ]
            }
          ]
        }
      ]
    },
    "Planning Time": 0.2,
    "Triggers": [],
    "Execution Time": 365.207
  }
]