[
  {
    "Plan": {
      "Node Type": "Aggregate",
      "Strategy": "Plain",
      "Partial Mode": "Finalize",
      "Parallel Aware": false,
      "Startup Cost": 311611.58,
      "Total Cost": 311611.59,
      "Plan Rows": 1,
      "Plan Width": 8,
      "Actual Startup Time": 3915.763,
      "Actual Total Time": 4005.039,
      "Actual Rows": 1,
      "Actual Loops": 1,
      "Plans": [
        {
          "Node Type": "Gather",
          "Parent Relationship": "Outer",
          "Parallel Aware": false,
          "Startup Cost": 311611.26,
          "Total Cost": 311611.57,
          "Plan Rows": 3,
          "Plan Width": 8,
          "Actual Startup Time": 3901.61,
          "Actual Total Time": 4005.027,
          "Actual Rows": 4,
          "Actual Loops": 1,
          "Workers Planned": 3,
          "Workers Launched": 3,
          "Single Copy": false,
          "Plans": [
            {
              "Node Type": "Aggregate",
              "Strategy": "Plain",
              "Partial Mode": "Partial",
              "Parent Relationship": "Outer",
              "Parallel Aware": false,
              "Startup Cost": 310611.26,
              "Total Cost": 310611.27,
              "Plan Rows": 1,
              "Plan Width": 8,
              "Actual Startup Time": 3882.019,
              "Actual Total Time": 3882.023,
              "Actual Rows": 1,
              "Actual Loops": 4,
              "Plans": [
                {
                  "Node Type": "Nested Loop",
                  "Parent Relationship": "Outer",
                  "Parallel Aware": false,
                  "Join Type": "Inner",
                  "Startup Cost": 50725.62,
                  "Total Cost": 307237.68,
                  "Plan Rows": 1349432,
                  "Plan Width": 0,
                  "Actual Startup Time": 388.3,
                  "Actual Total Time": 3699.709,
                  "Actual Rows": 3685249,
                  "Actual Loops": 4,
                  "Inner Unique": false,
                  "Plans": [
                    {
                      "Node Type": "Hash Join",
                      "Parent Relationship": "Outer",
                      "Parallel Aware": true,
                      "Join Type": "Inner",
                      "Startup Cost": 50725.06,
                      "Total Cost": 82436.1,
                      "Plan Rows": 97486,
                      "Plan Width": 8,
                      "Actual Startup Time": 388.18,
                      "Actual Total Time": 536.568,
                      "Actual Rows": 106283,
                      "Actual Loops": 4,
                      "Inner Unique": true,
                      "Hash Cond": "(mc.movie_id = t.id)",
                      "Plans": [
                        {
                          "Node Type": "Seq Scan",
                          "Parent Relationship": "Outer",
                          "Parallel Aware": true,
                          "Relation Name": "movie_companies",
                          "Alias": "mc",
                          "Startup Cost": 0.0,
                          "Total Cost": 31414.82,
                          "Plan Rows": 112848,
                          "Plan Width": 4,
                          "Actual Startup Time": 0.025,
                          "Actual Total Time": 67.164,
                          "Actual Rows": 126045,
                          "Actual Loops": 4,
                          "Filter": "((company_id < 1373) AND (company_type_id = 1))",
                          "Rows Removed by Filter": 526237
                        },
                        {
                          "Node Type": "Hash",
                          "Parent Relationship": "Inner",
                          "Parallel Aware": true,
                          "Startup Cost": 43899.32,
                          "Total Cost": 43899.32,
                          "Plan Rows": 546059,
                          "Plan Width": 4,
                          "Actual Startup Time": 376.361,
                          "Actual Total Time": 376.363,
                          "Actual Rows": 542791,
                          "Actual Loops": 4,
                          "Hash Buckets": 4194304,
                          "Original Hash Buckets": 4194304,
                          "Hash Batches": 1,
                          "Original Hash Batches": 1,
                          "Peak Memory Usage": 117792,
                          "Plans": [
                            {
                              "Node Type": "Seq Scan",
                              "Parent Relationship": "Outer",
                              "Parallel Aware": true,
                              "Relation Name": "title",
                              "Alias": "t",
                              "Startup Cost": 0.0,
                              "Total Cost": 43899.32,
                              "Plan Rows": 546059,
                              "Plan Width": 4,
                              "Actual Startup Time": 0.044,
                              "Actual Total Time": 136.356,
                              "Actual Rows": 542791,
                              "Actual Loops": 4,
                              "Filter": "(production_year > 1963)",
                              "Rows Removed by Filter": 89287
                            }
                          ]
                        }
                      ]
                    },
                    {
                      "Node Type": "Index Scan",
                      "Parent Relationship": "Inner",
                      "Parallel Aware": false,
                      "Scan Direction": "Forward",
                      "Index Name": "movie_id_cast_info",
                      "Relation Name": "cast_info",
                      "Alias": "ci",
                      "Startup Cost": 0.56,
                      "Total Cost": 1.97,
                      "Plan Rows": 34,
                      "Plan Width": 4,
                      "Actual Startup Time": 0.004,
                      "Actual Total Time": 0.027,
                      "Actual Rows": 35,
                      "Actual Loops": 425133,
                      "Index Cond": "(movie_id = t.id)",
                      "Rows Removed by Index Recheck": 0,
                      "Filter": "(person_id < 3831722)",
                      "Rows Removed by Filter": 2
                    }
                  ]
                }
              ]
            }
          ]
        }
      ]
    },
    "Planning Time": 1.215,
    "Triggers": [],
    "Execution Time": 4005.133
  }
]