[
  {
    "Plan": {
      "Node Type": "Aggregate",
      "Strategy": "Plain",
      "Partial Mode": "Finalize",
      "Parallel Aware": false,
      "Startup Cost": 262686.89,
      "Total Cost": 262686.9,
      "Plan Rows": 1,
      "Plan Width": 8,
      "Actual Startup Time": 3370.491,
      "Actual Total Time": 3465.428,
      "Actual Rows": 1,
      "Actual Loops": 1,
      "Plans": [
        {
          "Node Type": "Gather",
          "Parent Relationship": "Outer",
          "Parallel Aware": false,
          "Startup Cost": 262686.47,
          "Total Cost": 262686.88,
          "Plan Rows": 4,
          "Plan Width": 8,
          "Actual Startup Time": 3368.49,
          "Actual Total Time": 3465.417,
          "Actual Rows": 5,
          "Actual Loops": 1,
          "Workers Planned": 4,
          "Workers Launched": 4,
          "Single Copy": false,
          "Plans": [
            {
              "Node Type": "Aggregate",
              "Strategy": "Plain",
              "Partial Mode": "Partial",
              "Parent Relationship": "Outer",
              "Parallel Aware": false,
              "Startup Cost": 261686.47,
              "Total Cost": 261686.48,
              "Plan Rows": 1,
              "Plan Width": 8,
              "Actual Startup Time": 3358.262,
              "Actual Total Time": 3358.265,
              "Actual Rows": 1,
              "Actual Loops": 5,
              "Plans": [
                {
                  "Node Type": "Nested Loop",
                  "Parent Relationship": "Outer",
                  "Parallel Aware": false,
                  "Join Type": "Inner",
                  "Startup Cost": 32836.67,
                  "Total Cost": 259051.07,
                  "Plan Rows": 1054160,
                  "Plan Width": 0,
                  "Actual Startup Time": 100.064,
                  "Actual Total Time": 3219.199,
                  "Actual Rows": 2948199,
                  "Actual Loops": 5,
                  "Inner Unique": false,
                  "Plans": [
                    {
                      "Node Type": "Hash Join",
                      "Parent Relationship": "Outer",
                      "Parallel Aware": true,
                      "Join Type": "Inner",
                      "Startup Cost": 32836.11,
                      "Total Cost": 79710.47,
                      "Plan Rows": 76118,
                      "Plan Width": 8,
                      "Actual Startup Time": 99.977,
                      "Actual Total Time": 370.175,
                      "Actual Rows": 85027,
                      "Actual Loops": 5,
                      "Inner Unique": false,
                      "Hash Cond": "(t.id = mc.movie_id)",
                      "Plans": [
                        {
                          "Node Type": "Seq Scan",
                          "Parent Relationship": "Outer",
                          "Parallel Aware": true,
                          "Relation Name": "title",
                          "Alias": "t",
                          "Startup Cost": 0.0,
                          "Total Cost": 43898.92,
                          "Plan Rows": 545982,
                          "Plan Width": 4,
                          "Actual Startup Time": 0.012,
                          "Actual Total Time": 80.422,
                          "Actual Rows": 434233,
                          "Actual Loops": 5,
                          "Filter": "(production_year > 1963)",
                          "Rows Removed by Filter": 71430
                        },
                        {
                          "Node Type": "Hash",
                          "Parent Relationship": "Inner",
                          "Parallel Aware": true,
                          "Startup Cost": 31414.82,
                          "Total Cost": 31414.82,
                          "Plan Rows": 113703,
                          "Plan Width": 4,
                          "Actual Startup Time": 97.308,
                          "Actual Total Time": 97.309,
                          "Actual Rows": 100836,
                          "Actual Loops": 5,
                          "Hash Buckets": 524288,
                          "Original Hash Buckets": 524288,
                          "Hash Batches": 1,
                          "Original Hash Batches": 1,
                          "Peak Memory Usage": 23904,
                          "Plans": [
                            {
                              "Node Type": "Seq Scan",
                              "Parent Relationship": "Outer",
                              "Parallel Aware": true,
                              "Relation Name": "movie_companies",
                              "Alias": "mc",
                              "Startup Cost": 0.0,
                              "Total Cost": 31414.82,
                              "Plan Rows": 113703,
                              "Plan Width": 4,
                              "Actual Startup Time": 0.047,
                              "Actual Total Time": 62.158,
                              "Actual Rows": 100836,
                              "Actual Loops": 5,
                              "Filter": "((company_id < 1373) AND (company_type_id = 1))",
                              "Rows Removed by Filter": 420990
                            }
                          ]
                        }
                      ]
                    },
                    {
                      "Node Type": "Index Scan",
                      "Parent Relationship": "Inner",
                      "Parallel Aware": false,
                      "Scan Direction": "Forward",
                      "Index Name": "movie_id_cast_info",
                      "Relation Name": "cast_info",
                      "Alias": "ci",
                      "Startup Cost": 0.56,
                      "Total Cost": 2.01,
                      "Plan Rows": 35,
                      "Plan Width": 4,
                      "Actual Startup Time": 0.005,
                      "Actual Total Time": 0.031,
                      "Actual Rows": 35,
                      "Actual Loops": 425133,
                      "Index Cond": "(movie_id = t.id)",
                      "Rows Removed by Index Recheck": 0,
                      "Filter": "(person_id < 3831722)",
                      "Rows Removed by Filter": 2
                    }
                  ]
                }
              ]
            }
          ]
        }
      ]
    },
    "Planning Time": 1.515,
    "Triggers": [],
    "Execution Time": 3465.548
  }
]