[
    {
        "Bao": {
            "Bao prediction": "NaN",
            "Bao recommended hint": "(no hint)"
        }
    },
    {
        "Plan": {
            "Node Type": "Aggregate",
            "Strategy": "Plain",
            "Partial Mode": "Finalize",
            "Parallel Aware": false,
            "Startup Cost": 29586.2,
            "Total Cost": 29586.21,
            "Plan Rows": 1,
            "Plan Width": 8,
            "Actual Startup Time": 77.975,
            "Actual Total Time": 83.592,
            "Actual Rows": 1,
            "Actual Loops": 1,
            "Output": [
                "count(*)"
            ],
            "Plans": [
                {
                    "Node Type": "Gather",
                    "Parent Relationship": "Outer",
                    "Parallel Aware": false,
                    "Startup Cost": 29585.88,
                    "Total Cost": 29586.19,
                    "Plan Rows": 3,
                    "Plan Width": 8,
                    "Actual Startup Time": 77.724,
                    "Actual Total Time": 83.582,
                    "Actual Rows": 4,
                    "Actual Loops": 1,
                    "Output": [
                        "(PARTIAL count(*))"
                    ],
                    "Workers Planned": 3,
                    "Workers Launched": 3,
                    "Single Copy": false,
                    "Plans": [
                        {
                            "Node Type": "Aggregate",
                            "Strategy": "Plain",
                            "Partial Mode": "Partial",
                            "Parent Relationship": "Outer",
                            "Parallel Aware": false,
                            "Startup Cost": 28585.88,
                            "Total Cost": 28585.89,
                            "Plan Rows": 1,
                            "Plan Width": 8,
                            "Actual Startup Time": 69.354,
                            "Actual Total Time": 69.355,
                            "Actual Rows": 1,
                            "Actual Loops": 4,
                            "Output": [
                                "PARTIAL count(*)"
                            ],
                            "Workers": [
                                {
                                    "Worker Number": 0,
                                    "Actual Startup Time": 66.397,
                                    "Actual Total Time": 66.398,
                                    "Actual Rows": 1,
                                    "Actual Loops": 1
                                },
                                {
                                    "Worker Number": 1,
                                    "Actual Startup Time": 66.625,
                                    "Actual Total Time": 66.627,
                                    "Actual Rows": 1,
                                    "Actual Loops": 1
                                },
                                {
                                    "Worker Number": 2,
                                    "Actual Startup Time": 67.003,
                                    "Actual Total Time": 67.004,
                                    "Actual Rows": 1,
                                    "Actual Loops": 1
                                }
                            ],
                            "Plans": [
                                {
                                    "Node Type": "Bitmap Heap Scan",
                                    "Parent Relationship": "Outer",
                                    "Parallel Aware": true,
                                    "Relation Name": "movie_keyword",
                                    "Schema": "public",
                                    "Alias": "mk",
                                    "Startup Cost": 3364.89,
                                    "Total Cost": 28458.05,
                                    "Plan Rows": 51133,
                                    "Plan Width": 0,
                                    "Actual Startup Time": 14.901,
                                    "Actual Total Time": 66.171,
                                    "Actual Rows": 37704,
                                    "Actual Loops": 4,
                                    "Recheck Cond": "(mk.keyword_id > 73848)",
                                    "Rows Removed by Index Recheck": 0,
                                    "Exact Heap Blocks": 9506,
                                    "Lossy Heap Blocks": 0,
                                    "Workers": [
                                        {
                                            "Worker Number": 0,
                                            "Actual Startup Time": 11.979,
                                            "Actual Total Time": 63.866,
                                            "Actual Rows": 24390,
                                            "Actual Loops": 1
                                        },
                                        {
                                            "Worker Number": 1,
                                            "Actual Startup Time": 12.207,
                                            "Actual Total Time": 64.015,
                                            "Actual Rows": 24349,
                                            "Actual Loops": 1
                                        },
                                        {
                                            "Worker Number": 2,
                                            "Actual Startup Time": 12.701,
                                            "Actual Total Time": 64.463,
                                            "Actual Rows": 27623,
                                            "Actual Loops": 1
                                        }
                                    ],
                                    "Plans": [
                                        {
                                            "Node Type": "Bitmap Index Scan",
                                            "Parent Relationship": "Outer",
                                            "Parallel Aware": false,
                                            "Index Name": "keyword_id_movie_keyword",
                                            "Startup Cost": 0.0,
                                            "Total Cost": 3325.26,
                                            "Plan Rows": 158511,
                                            "Plan Width": 0,
                                            "Actual Startup Time": 17.943,
                                            "Actual Total Time": 17.944,
                                            "Actual Rows": 150816,
                                            "Actual Loops": 1,
                                            "Index Cond": "(mk.keyword_id > 73848)"
                                        }
                                    ]
                                }
                            ]
                        }
                    ]
                }
            ]
        },
        "Planning Time": 276.097,
        "Triggers": [],
        "Execution Time": 83.715
    }
]