[
    {
        "Bao": {
            "Bao prediction": 332.72,
            "Bao recommended hint": "SET enable_nestloop TO off; SET enable_mergejoin TO off; SET enable_indexscan TO off; "
        }
    },
    {
        "Plan": {
            "Node Type": "Aggregate",
            "Strategy": "Plain",
            "Partial Mode": "Simple",
            "Parallel Aware": false,
            "Startup Cost": 10000445015.85,
            "Total Cost": 10000445015.86,
            "Plan Rows": 1,
            "Plan Width": 8,
            "Actual Startup Time": 2741.143,
            "Actual Total Time": 2741.149,
            "Actual Rows": 1,
            "Actual Loops": 1,
            "Output": [
                "count(*)"
            ],
            "Plans": [
                {
                    "Node Type": "Hash Join",
                    "Parent Relationship": "Outer",
                    "Parallel Aware": false,
                    "Join Type": "Inner",
                    "Startup Cost": 10000249377.45,
                    "Total Cost": 10000445015.34,
                    "Plan Rows": 204,
                    "Plan Width": 0,
                    "Actual Startup Time": 2253.024,
                    "Actual Total Time": 2740.318,
                    "Actual Rows": 11128,
                    "Actual Loops": 1,
                    "Inner Unique": true,
                    "Hash Cond": "(mk.keyword_id = k.id)",
                    "Plans": [
                        {
                            "Node Type": "Hash Join",
                            "Parent Relationship": "Outer",
                            "Parallel Aware": false,
                            "Join Type": "Inner",
                            "Startup Cost": 10000246717.44,
                            "Total Cost": 10000442328.78,
                            "Plan Rows": 10113,
                            "Plan Width": 4,
                            "Actual Startup Time": 2210.92,
                            "Actual Total Time": 2663.718,
                            "Actual Rows": 614660,
                            "Actual Loops": 1,
                            "Output": [
                                "mk.keyword_id"
                            ],
                            "Inner Unique": false,
                            "Hash Cond": "(mi.movie_id = mk.movie_id)",
                            "Plans": [
                                {
                                    "Node Type": "Nested Loop",
                                    "Parent Relationship": "Outer",
                                    "Parallel Aware": false,
                                    "Join Type": "Inner",
                                    "Startup Cost": 10000120475.01,
                                    "Total Cost": 10000305775.21,
                                    "Plan Rows": 5652,
                                    "Plan Width": 8,
                                    "Actual Startup Time": 999.839,
                                    "Actual Total Time": 1384.404,
                                    "Actual Rows": 47375,
                                    "Actual Loops": 1,
                                    "Output": [
                                        "t.id",
                                        "mi.movie_id"
                                    ],
                                    "Inner Unique": false,
                                    "Plans": [
                                        {
                                            "Node Type": "Hash Join",
                                            "Parent Relationship": "Outer",
                                            "Parallel Aware": false,
                                            "Join Type": "Inner",
                                            "Startup Cost": 120475.01,
                                            "Total Cost": 305702.14,
                                            "Plan Rows": 5652,
                                            "Plan Width": 12,
                                            "Actual Startup Time": 999.813,
                                            "Actual Total Time": 1373.597,
                                            "Actual Rows": 47375,
                                            "Actual Loops": 1,
                                            "Output": [
                                                "t.id",
                                                "mi.info_type_id",
                                                "mi.movie_id"
                                            ],
                                            "Inner Unique": true,
                                            "Hash Cond": "(mi.movie_id = t.id)",
                                            "Plans": [
                                                {
                                                    "Node Type": "Bitmap Heap Scan",
                                                    "Parent Relationship": "Outer",
                                                    "Parallel Aware": false,
                                                    "Relation Name": "movie_info",
                                                    "Schema": "public",
                                                    "Alias": "mi",
                                                    "Startup Cost": 27587.5,
                                                    "Total Cost": 212799.79,
                                                    "Plan Rows": 5652,
                                                    "Plan Width": 8,
                                                    "Actual Startup Time": 49.148,
                                                    "Actual Total Time": 393.443,
                                                    "Actual Rows": 47375,
                                                    "Actual Loops": 1,
                                                    "Output": [
                                                        "mi.id",
                                                        "mi.movie_id",
                                                        "mi.info_type_id",
                                                        "mi.info",
                                                        "mi.note"
                                                    ],
                                                    "Recheck Cond": "(mi.info_type_id = 3)",
                                                    "Rows Removed by Index Recheck": 0,
                                                    "Filter": "(mi.info ~~* '%romance%'::text)",
                                                    "Rows Removed by Filter": 1486534,
                                                    "Exact Heap Blocks": 9770,
                                                    "Lossy Heap Blocks": 0,
                                                    "Plans": [
                                                        {
                                                            "Node Type": "Bitmap Index Scan",
                                                            "Parent Relationship": "Outer",
                                                            "Parallel Aware": false,
                                                            "Index Name": "info_type_id_movie_info",
                                                            "Startup Cost": 0.0,
                                                            "Total Cost": 27586.08,
                                                            "Plan Rows": 1547953,
                                                            "Plan Width": 0,
                                                            "Actual Startup Time": 48.001,
                                                            "Actual Total Time": 48.001,
                                                            "Actual Rows": 1533909,
                                                            "Actual Loops": 1,
                                                            "Index Cond": "(mi.info_type_id = 3)"
                                                        }
                                                    ]
                                                },
                                                {
                                                    "Node Type": "Hash",
                                                    "Parent Relationship": "Inner",
                                                    "Parallel Aware": false,
                                                    "Startup Cost": 61282.23,
                                                    "Total Cost": 61282.23,
                                                    "Plan Rows": 2528423,
                                                    "Plan Width": 4,
                                                    "Actual Startup Time": 932.297,
                                                    "Actual Total Time": 932.299,
                                                    "Actual Rows": 2528312,
                                                    "Actual Loops": 1,
                                                    "Output": [
                                                        "t.id"
                                                    ],
                                                    "Hash Buckets": 4194304,
                                                    "Original Hash Buckets": 4194304,
                                                    "Hash Batches": 1,
                                                    "Original Hash Batches": 1,
                                                    "Peak Memory Usage": 121654,
                                                    "Plans": [
                                                        {
                                                            "Node Type": "Seq Scan",
                                                            "Parent Relationship": "Outer",
                                                            "Parallel Aware": false,
                                                            "Relation Name": "title",
                                                            "Schema": "public",
                                                            "Alias": "t",
                                                            "Startup Cost": 0.0,
                                                            "Total Cost": 61282.23,
                                                            "Plan Rows": 2528423,
                                                            "Plan Width": 4,
                                                            "Actual Startup Time": 0.018,
                                                            "Actual Total Time": 277.08,
                                                            "Actual Rows": 2528312,
                                                            "Actual Loops": 1,
                                                            "Output": [
                                                                "t.id"
                                                            ]
                                                        }
                                                    ]
                                                }
                                            ]
                                        },
                                        {
                                            "Node Type": "Materialize",
                                            "Parent Relationship": "Inner",
                                            "Parallel Aware": false,
                                            "Startup Cost": 0.0,
                                            "Total Cost": 2.42,
                                            "Plan Rows": 1,
                                            "Plan Width": 4,
                                            "Actual Startup Time": 0.0,
                                            "Actual Total Time": 0.0,
                                            "Actual Rows": 1,
                                            "Actual Loops": 47375,
                                            "Output": [
                                                "it.id"
                                            ],
                                            "Plans": [
                                                {
                                                    "Node Type": "Seq Scan",
                                                    "Parent Relationship": "Outer",
                                                    "Parallel Aware": false,
                                                    "Relation Name": "info_type",
                                                    "Schema": "public",
                                                    "Alias": "it",
                                                    "Startup Cost": 0.0,
                                                    "Total Cost": 2.41,
                                                    "Plan Rows": 1,
                                                    "Plan Width": 4,
                                                    "Actual Startup Time": 0.016,
                                                    "Actual Total Time": 0.02,
                                                    "Actual Rows": 1,
                                                    "Actual Loops": 1,
                                                    "Output": [
                                                        "it.id"
                                                    ],
                                                    "Filter": "(it.id = 3)",
                                                    "Rows Removed by Filter": 112
                                                }
                                            ]
                                        }
                                    ]
                                },
                                {
                                    "Node Type": "Hash",
                                    "Parent Relationship": "Inner",
                                    "Parallel Aware": false,
                                    "Startup Cost": 69693.3,
                                    "Total Cost": 69693.3,
                                    "Plan Rows": 4523930,
                                    "Plan Width": 8,
                                    "Actual Startup Time": 1174.089,
                                    "Actual Total Time": 1174.089,
                                    "Actual Rows": 4523930,
                                    "Actual Loops": 1,
                                    "Output": [
                                        "mk.keyword_id",
                                        "mk.movie_id"
                                    ],
                                    "Hash Buckets": 8388608,
                                    "Original Hash Buckets": 8388608,
                                    "Hash Batches": 1,
                                    "Original Hash Batches": 1,
                                    "Peak Memory Usage": 242253,
                                    "Plans": [
                                        {
                                            "Node Type": "Seq Scan",
                                            "Parent Relationship": "Outer",
                                            "Parallel Aware": false,
                                            "Relation Name": "movie_keyword",
                                            "Schema": "public",
                                            "Alias": "mk",
                                            "Startup Cost": 0.0,
                                            "Total Cost": 69693.3,
                                            "Plan Rows": 4523930,
                                            "Plan Width": 8,
                                            "Actual Startup Time": 0.029,
                                            "Actual Total Time": 536.278,
                                            "Actual Rows": 4523930,
                                            "Actual Loops": 1,
                                            "Output": [
                                                "mk.keyword_id",
                                                "mk.movie_id"
                                            ]
                                        }
                                    ]
                                }
                            ]
                        },
                        {
                            "Node Type": "Hash",
                            "Parent Relationship": "Inner",
                            "Parallel Aware": false,
                            "Startup Cost": 2626.12,
                            "Total Cost": 2626.12,
                            "Plan Rows": 2711,
                            "Plan Width": 4,
                            "Actual Startup Time": 41.991,
                            "Actual Total Time": 41.992,
                            "Actual Rows": 554,
                            "Actual Loops": 1,
                            "Output": [
                                "k.id"
                            ],
                            "Hash Buckets": 4096,
                            "Original Hash Buckets": 4096,
                            "Hash Batches": 1,
                            "Original Hash Batches": 1,
                            "Peak Memory Usage": 52,
                            "Plans": [
                                {
                                    "Node Type": "Seq Scan",
                                    "Parent Relationship": "Outer",
                                    "Parallel Aware": false,
                                    "Relation Name": "keyword",
                                    "Schema": "public",
                                    "Alias": "k",
                                    "Startup Cost": 0.0,
                                    "Total Cost": 2626.12,
                                    "Plan Rows": 2711,
                                    "Plan Width": 4,
                                    "Actual Startup Time": 0.043,
                                    "Actual Total Time": 41.77,
                                    "Actual Rows": 554,
                                    "Actual Loops": 1,
                                    "Output": [
                                        "k.id"
                                    ],
                                    "Filter": "(k.keyword ~~* '%love%'::text)",
                                    "Rows Removed by Filter": 133616
                                }
                            ]
                        }
                    ]
                }
            ]
        },
        "Planning Time": 257.662,
        "Triggers": [],
        "Execution Time": 2753.761
    }
]