[
  {
    "Plan": {
      "Node Type": "Aggregate",
      "Strategy": "Plain",
      "Partial Mode": "Finalize",
      "Parallel Aware": false,
      "Startup Cost": 339325.23,
      "Total Cost": 339325.24,
      "Plan Rows": 1,
      "Plan Width": 8,
      "Actual Startup Time": 1012.752,
      "Actual Total Time": 1064.283,
      "Actual Rows": 1,
      "Actual Loops": 1,
      "Plans": [
        {
          "Node Type": "Gather",
          "Parent Relationship": "Outer",
          "Parallel Aware": false,
          "Startup Cost": 339324.6,
          "Total Cost": 339325.21,
          "Plan Rows": 6,
          "Plan Width": 8,
          "Actual Startup Time": 1012.544,
          "Actual Total Time": 1064.265,
          "Actual Rows": 7,
          "Actual Loops": 1,
          "Workers Planned": 6,
          "Workers Launched": 6,
          "Single Copy": false,
          "Plans": [
            {
              "Node Type": "Aggregate",
              "Strategy": "Plain",
              "Partial Mode": "Partial",
              "Parent Relationship": "Outer",
              "Parallel Aware": false,
              "Startup Cost": 338324.6,
              "Total Cost": 338324.61,
              "Plan Rows": 1,
              "Plan Width": 8,
              "Actual Startup Time": 1003.75,
              "Actual Total Time": 1003.752,
              "Actual Rows": 1,
              "Actual Loops": 7,
              "Plans": [
                {
                  "Node Type": "Seq Scan",
                  "Parent Relationship": "Outer",
                  "Parallel Aware": true,
                  "Relation Name": "cast_info",
                  "Alias": "ci",
                  "Startup Cost": 0.0,
                  "Total Cost": 328211.39,
                  "Plan Rows": 4045285,
                  "Plan Width": 0,
                  "Actual Startup Time": 0.074,
                  "Actual Total Time": 779.979,
                  "Actual Rows": 3486822,
                  "Actual Loops": 7,
                  "Filter": "(person_id < 2506509)",
                  "Rows Removed by Filter": 1690942
                }
              ]
            }
          ]
        }
      ]
    },
    "Planning Time": 0.124,
    "Triggers": [],
    "Execution Time": 1064.331
  }
]