[
    {
        "Bao": {
            "Bao prediction": "NaN",
            "Bao recommended hint": "(no hint)"
        }
    },
    {
        "Plan": {
            "Node Type": "Aggregate",
            "Strategy": "Plain",
            "Partial Mode": "Finalize",
            "Parallel Aware": false,
            "Startup Cost": 275094.06,
            "Total Cost": 275094.07,
            "Plan Rows": 1,
            "Plan Width": 8,
            "Actual Startup Time": 844.295,
            "Actual Total Time": 888.061,
            "Actual Rows": 1,
            "Actual Loops": 1,
            "Output": [
                "count(*)"
            ],
            "Plans": [
                {
                    "Node Type": "Gather",
                    "Parent Relationship": "Outer",
                    "Parallel Aware": false,
                    "Startup Cost": 275093.54,
                    "Total Cost": 275094.05,
                    "Plan Rows": 5,
                    "Plan Width": 8,
                    "Actual Startup Time": 844.284,
                    "Actual Total Time": 888.053,
                    "Actual Rows": 6,
                    "Actual Loops": 1,
                    "Output": [
                        "(PARTIAL count(*))"
                    ],
                    "Workers Planned": 5,
                    "Workers Launched": 5,
                    "Single Copy": false,
                    "Plans": [
                        {
                            "Node Type": "Aggregate",
                            "Strategy": "Plain",
                            "Partial Mode": "Partial",
                            "Parent Relationship": "Outer",
                            "Parallel Aware": false,
                            "Startup Cost": 274093.54,
                            "Total Cost": 274093.55,
                            "Plan Rows": 1,
                            "Plan Width": 8,
                            "Actual Startup Time": 831.295,
                            "Actual Total Time": 831.299,
                            "Actual Rows": 1,
                            "Actual Loops": 6,
                            "Output": [
                                "PARTIAL count(*)"
                            ],
                            "Workers": [
                                {
                                    "Worker Number": 0,
                                    "Actual Startup Time": 828.351,
                                    "Actual Total Time": 828.354,
                                    "Actual Rows": 1,
                                    "Actual Loops": 1
                                },
                                {
                                    "Worker Number": 1,
                                    "Actual Startup Time": 828.593,
                                    "Actual Total Time": 828.595,
                                    "Actual Rows": 1,
                                    "Actual Loops": 1
                                },
                                {
                                    "Worker Number": 2,
                                    "Actual Startup Time": 829.075,
                                    "Actual Total Time": 829.079,
                                    "Actual Rows": 1,
                                    "Actual Loops": 1
                                },
                                {
                                    "Worker Number": 3,
                                    "Actual Startup Time": 828.958,
                                    "Actual Total Time": 828.961,
                                    "Actual Rows": 1,
                                    "Actual Loops": 1
                                },
                                {
                                    "Worker Number": 4,
                                    "Actual Startup Time": 829.332,
                                    "Actual Total Time": 829.334,
                                    "Actual Rows": 1,
                                    "Actual Loops": 1
                                }
                            ],
                            "Plans": [
                                {
                                    "Node Type": "Nested Loop",
                                    "Parent Relationship": "Outer",
                                    "Parallel Aware": false,
                                    "Join Type": "Inner",
                                    "Startup Cost": 46383.77,
                                    "Total Cost": 273676.33,
                                    "Plan Rows": 166883,
                                    "Plan Width": 0,
                                    "Actual Startup Time": 101.535,
                                    "Actual Total Time": 817.421,
                                    "Actual Rows": 295980,
                                    "Actual Loops": 6,
                                    "Inner Unique": false,
                                    "Join Filter": "(t.id = mi.movie_id)",
                                    "Rows Removed by Join Filter": 0,
                                    "Workers": [
                                        {
                                            "Worker Number": 0,
                                            "Actual Startup Time": 98.836,
                                            "Actual Total Time": 814.706,
                                            "Actual Rows": 282661,
                                            "Actual Loops": 1
                                        },
                                        {
                                            "Worker Number": 1,
                                            "Actual Startup Time": 99.266,
                                            "Actual Total Time": 815.696,
                                            "Actual Rows": 270047,
                                            "Actual Loops": 1
                                        },
                                        {
                                            "Worker Number": 2,
                                            "Actual Startup Time": 99.956,
                                            "Actual Total Time": 814.026,
                                            "Actual Rows": 316736,
                                            "Actual Loops": 1
                                        },
                                        {
                                            "Worker Number": 3,
                                            "Actual Startup Time": 100.181,
                                            "Actual Total Time": 815.478,
                                            "Actual Rows": 287481,
                                            "Actual Loops": 1
                                        },
                                        {
                                            "Worker Number": 4,
                                            "Actual Startup Time": 99.842,
                                            "Actual Total Time": 817.113,
                                            "Actual Rows": 254866,
                                            "Actual Loops": 1
                                        }
                                    ],
                                    "Plans": [
                                        {
                                            "Node Type": "Hash Join",
                                            "Parent Relationship": "Outer",
                                            "Parallel Aware": true,
                                            "Join Type": "Inner",
                                            "Startup Cost": 46383.34,
                                            "Total Cost": 157156.79,
                                            "Plan Rows": 68368,
                                            "Plan Width": 8,
                                            "Actual Startup Time": 101.43,
                                            "Actual Total Time": 316.94,
                                            "Actual Rows": 24980,
                                            "Actual Loops": 6,
                                            "Output": [
                                                "t.id",
                                                "ci.movie_id"
                                            ],
                                            "Inner Unique": true,
                                            "Hash Cond": "(ci.movie_id = t.id)",
                                            "Workers": [
                                                {
                                                    "Worker Number": 0,
                                                    "Actual Startup Time": 98.656,
                                                    "Actual Total Time": 309.129,
                                                    "Actual Rows": 24810,
                                                    "Actual Loops": 1
                                                },
                                                {
                                                    "Worker Number": 1,
                                                    "Actual Startup Time": 99.195,
                                                    "Actual Total Time": 299.385,
                                                    "Actual Rows": 23695,
                                                    "Actual Loops": 1
                                                },
                                                {
                                                    "Worker Number": 2,
                                                    "Actual Startup Time": 99.776,
                                                    "Actual Total Time": 311.532,
                                                    "Actual Rows": 23601,
                                                    "Actual Loops": 1
                                                },
                                                {
                                                    "Worker Number": 3,
                                                    "Actual Startup Time": 100.109,
                                                    "Actual Total Time": 303.76,
                                                    "Actual Rows": 22825,
                                                    "Actual Loops": 1
                                                },
                                                {
                                                    "Worker Number": 4,
                                                    "Actual Startup Time": 99.759,
                                                    "Actual Total Time": 315.342,
                                                    "Actual Rows": 23065,
                                                    "Actual Loops": 1
                                                }
                                            ],
                                            "Plans": [
                                                {
                                                    "Node Type": "Index Scan",
                                                    "Parent Relationship": "Outer",
                                                    "Parallel Aware": true,
                                                    "Scan Direction": "Forward",
                                                    "Index Name": "role_id_cast_info",
                                                    "Relation Name": "cast_info",
                                                    "Schema": "public",
                                                    "Alias": "ci",
                                                    "Startup Cost": 0.56,
                                                    "Total Cost": 109204.72,
                                                    "Plan Rows": 597831,
                                                    "Plan Width": 4,
                                                    "Actual Startup Time": 0.175,
                                                    "Actual Total Time": 109.473,
                                                    "Actual Rows": 364232,
                                                    "Actual Loops": 6,
                                                    "Output": [
                                                        "ci.id",
                                                        "ci.person_id",
                                                        "ci.movie_id",
                                                        "ci.person_role_id",
                                                        "ci.note",
                                                        "ci.nr_order",
                                                        "ci.role_id"
                                                    ],
                                                    "Index Cond": "(ci.role_id = 3)",
                                                    "Rows Removed by Index Recheck": 0,
                                                    "Filter": "(ci.person_id < 2781340)",
                                                    "Rows Removed by Filter": 303774,
                                                    "Workers": [
                                                        {
                                                            "Worker Number": 0,
                                                            "Actual Startup Time": 0.259,
                                                            "Actual Total Time": 108.427,
                                                            "Actual Rows": 341784,
                                                            "Actual Loops": 1
                                                        },
                                                        {
                                                            "Worker Number": 1,
                                                            "Actual Startup Time": 0.12,
                                                            "Actual Total Time": 104.287,
                                                            "Actual Rows": 325145,
                                                            "Actual Loops": 1
                                                        },
                                                        {
                                                            "Worker Number": 2,
                                                            "Actual Startup Time": 0.202,
                                                            "Actual Total Time": 108.374,
                                                            "Actual Rows": 356878,
                                                            "Actual Loops": 1
                                                        },
                                                        {
                                                            "Worker Number": 3,
                                                            "Actual Startup Time": 0.226,
                                                            "Actual Total Time": 105.919,
                                                            "Actual Rows": 334044,
                                                            "Actual Loops": 1
                                                        },
                                                        {
                                                            "Worker Number": 4,
                                                            "Actual Startup Time": 0.095,
                                                            "Actual Total Time": 113.312,
                                                            "Actual Rows": 351321,
                                                            "Actual Loops": 1
                                                        }
                                                    ]
                                                },
                                                {
                                                    "Node Type": "Hash",
                                                    "Parent Relationship": "Inner",
                                                    "Parallel Aware": true,
                                                    "Startup Cost": 45479.21,
                                                    "Total Cost": 45479.21,
                                                    "Plan Rows": 72285,
                                                    "Plan Width": 4,
                                                    "Actual Startup Time": 99.271,
                                                    "Actual Total Time": 99.273,
                                                    "Actual Rows": 66916,
                                                    "Actual Loops": 6,
                                                    "Output": [
                                                        "t.id"
                                                    ],
                                                    "Hash Buckets": 524288,
                                                    "Original Hash Buckets": 524288,
                                                    "Hash Batches": 1,
                                                    "Original Hash Batches": 1,
                                                    "Peak Memory Usage": 19904,
                                                    "Workers": [
                                                        {
                                                            "Worker Number": 0,
                                                            "Actual Startup Time": 97.716,
                                                            "Actual Total Time": 97.717,
                                                            "Actual Rows": 62990,
                                                            "Actual Loops": 1
                                                        },
                                                        {
                                                            "Worker Number": 1,
                                                            "Actual Startup Time": 98.451,
                                                            "Actual Total Time": 98.452,
                                                            "Actual Rows": 63607,
                                                            "Actual Loops": 1
                                                        },
                                                        {
                                                            "Worker Number": 2,
                                                            "Actual Startup Time": 98.573,
                                                            "Actual Total Time": 98.574,
                                                            "Actual Rows": 64007,
                                                            "Actual Loops": 1
                                                        },
                                                        {
                                                            "Worker Number": 3,
                                                            "Actual Startup Time": 99.053,
                                                            "Actual Total Time": 99.054,
                                                            "Actual Rows": 63323,
                                                            "Actual Loops": 1
                                                        },
                                                        {
                                                            "Worker Number": 4,
                                                            "Actual Startup Time": 99.218,
                                                            "Actual Total Time": 99.218,
                                                            "Actual Rows": 62671,
                                                            "Actual Loops": 1
                                                        }
                                                    ],
                                                    "Plans": [
                                                        {
                                                            "Node Type": "Seq Scan",
                                                            "Parent Relationship": "Outer",
                                                            "Parallel Aware": true,
                                                            "Relation Name": "title",
                                                            "Schema": "public",
                                                            "Alias": "t",
                                                            "Startup Cost": 0.0,
                                                            "Total Cost": 45479.21,
                                                            "Plan Rows": 72285,
                                                            "Plan Width": 4,
                                                            "Actual Startup Time": 0.08,
                                                            "Actual Total Time": 74.788,
                                                            "Actual Rows": 66916,
                                                            "Actual Loops": 6,
                                                            "Output": [
                                                                "t.id"
                                                            ],
                                                            "Filter": "((t.kind_id < 7) AND (t.production_year < 1992))",
                                                            "Rows Removed by Filter": 354470,
                                                            "Workers": [
                                                                {
                                                                    "Worker Number": 0,
                                                                    "Actual Startup Time": 0.213,
                                                                    "Actual Total Time": 73.784,
                                                                    "Actual Rows": 62990,
                                                                    "Actual Loops": 1
                                                                },
                                                                {
                                                                    "Worker Number": 1,
                                                                    "Actual Startup Time": 0.06,
                                                                    "Actual Total Time": 73.964,
                                                                    "Actual Rows": 63607,
                                                                    "Actual Loops": 1
                                                                },
                                                                {
                                                                    "Worker Number": 2,
                                                                    "Actual Startup Time": 0.054,
                                                                    "Actual Total Time": 74.744,
                                                                    "Actual Rows": 64007,
                                                                    "Actual Loops": 1
                                                                },
                                                                {
                                                                    "Worker Number": 3,
                                                                    "Actual Startup Time": 0.07,
                                                                    "Actual Total Time": 75.288,
                                                                    "Actual Rows": 63323,
                                                                    "Actual Loops": 1
                                                                },
                                                                {
                                                                    "Worker Number": 4,
                                                                    "Actual Startup Time": 0.052,
                                                                    "Actual Total Time": 75.215,
                                                                    "Actual Rows": 62671,
                                                                    "Actual Loops": 1
                                                                }
                                                            ]
                                                        }
                                                    ]
                                                }
                                            ]
                                        },
                                        {
                                            "Node Type": "Index Scan",
                                            "Parent Relationship": "Inner",
                                            "Parallel Aware": false,
                                            "Scan Direction": "Forward",
                                            "Index Name": "movie_id_movie_info",
                                            "Relation Name": "movie_info",
                                            "Schema": "public",
                                            "Alias": "mi",
                                            "Startup Cost": 0.43,
                                            "Total Cost": 1.5,
                                            "Plan Rows": 16,
                                            "Plan Width": 4,
                                            "Actual Startup Time": 0.01,
                                            "Actual Total Time": 0.019,
                                            "Actual Rows": 12,
                                            "Actual Loops": 149879,
                                            "Output": [
                                                "mi.id",
                                                "mi.movie_id",
                                                "mi.info_type_id",
                                                "mi.info",
                                                "mi.note"
                                            ],
                                            "Index Cond": "(mi.movie_id = ci.movie_id)",
                                            "Rows Removed by Index Recheck": 0,
                                            "Filter": "(mi.info_type_id > 8)",
                                            "Rows Removed by Filter": 10,
                                            "Workers": [
                                                {
                                                    "Worker Number": 0,
                                                    "Actual Startup Time": 0.01,
                                                    "Actual Total Time": 0.019,
                                                    "Actual Rows": 11,
                                                    "Actual Loops": 24810
                                                },
                                                {
                                                    "Worker Number": 1,
                                                    "Actual Startup Time": 0.011,
                                                    "Actual Total Time": 0.021,
                                                    "Actual Rows": 11,
                                                    "Actual Loops": 23695
                                                },
                                                {
                                                    "Worker Number": 2,
                                                    "Actual Startup Time": 0.01,
                                                    "Actual Total Time": 0.02,
                                                    "Actual Rows": 13,
                                                    "Actual Loops": 23601
                                                },
                                                {
                                                    "Worker Number": 3,
                                                    "Actual Startup Time": 0.011,
                                                    "Actual Total Time": 0.021,
                                                    "Actual Rows": 13,
                                                    "Actual Loops": 22825
                                                },
                                                {
                                                    "Worker Number": 4,
                                                    "Actual Startup Time": 0.011,
                                                    "Actual Total Time": 0.021,
                                                    "Actual Rows": 11,
                                                    "Actual Loops": 23065
                                                }
                                            ]
                                        }
                                    ]
                                }
                            ]
                        }
                    ]
                }
            ]
        },
        "Planning Time": 209.405,
        "Triggers": [],
        "Execution Time": 888.334
    }
]