{
  "Plan": {
    "Node Type": "Aggregate",
    "Strategy": "Plain",
    "Partial Mode": "Simple",
    "Parallel Aware": false,
    "Startup Cost": 16902.08,
    "Total Cost": 16902.09,
    "Plan Rows": 1,
    "Plan Width": 32,
    "Actual Startup Time": 109.648,
    "Actual Total Time": 109.65,
    "Actual Rows": 1,
    "Actual Loops": 1,
    "Plans": [
      {
        "Node Type": "Nested Loop",
        "Parent Relationship": "Outer",
        "Parallel Aware": false,
        "Join Type": "Inner",
        "Startup Cost": 11.68,
        "Total Cost": 16901.92,
        "Plan Rows": 64,
        "Plan Width": 17,
        "Actual Startup Time": 7.779,
        "Actual Total Time": 109.459,
        "Actual Rows": 1455,
        "Actual Loops": 1,
        "Inner Unique": false,
        "Join Filter": "(t.id = mi.movie_id)",
        "Rows Removed by Join Filter": 0,
        "Plans": [
          {
            "Node Type": "Nested Loop",
            "Parent Relationship": "Outer",
            "Parallel Aware": false,
            "Join Type": "Inner",
            "Startup Cost": 11.25,
            "Total Cost": 16691.46,
            "Plan Rows": 114,
            "Plan Width": 25,
            "Actual Startup Time": 7.205,
            "Actual Total Time": 75.986,
            "Actual Rows": 904,
            "Actual Loops": 1,
            "Inner Unique": true,
            "Plans": [
              {
                "Node Type": "Nested Loop",
                "Parent Relationship": "Outer",
                "Parallel Aware": false,
                "Join Type": "Inner",
                "Startup Cost": 10.82,
                "Total Cost": 16476.94,
                "Plan Rows": 438,
                "Plan Width": 4,
                "Actual Startup Time": 6.259,
                "Actual Total Time": 34.928,
                "Actual Rows": 12951,
                "Actual Loops": 1,
                "Inner Unique": false,
                "Plans": [
                  {
                    "Node Type": "Seq Scan",
                    "Parent Relationship": "Outer",
                    "Parallel Aware": false,
                    "Relation Name": "keyword",
                    "Alias": "k",
                    "Startup Cost": 0.0,
                    "Total Cost": 2626.12,
                    "Plan Rows": 13,
                    "Plan Width": 4,
                    "Actual Startup Time": 2.359,
                    "Actual Total Time": 16.093,
                    "Actual Rows": 30,
                    "Actual Loops": 1,
                    "Filter": "(keyword ~~ '%sequel%'::text)",
                    "Rows Removed by Filter": 134140
                  },
                  {
                    "Node Type": "Bitmap Heap Scan",
                    "Parent Relationship": "Inner",
                    "Parallel Aware": false,
                    "Relation Name": "movie_keyword",
                    "Alias": "mk",
                    "Startup Cost": 10.82,
                    "Total Cost": 1062.37,
                    "Plan Rows": 308,
                    "Plan Width": 8,
                    "Actual Startup Time": 0.145,
                    "Actual Total Time": 0.58,
                    "Actual Rows": 432,
                    "Actual Loops": 30,
                    "Recheck Cond": "(keyword_id = k.id)",
                    "Rows Removed by Index Recheck": 0,
                    "Exact Heap Blocks": 6979,
                    "Lossy Heap Blocks": 0,
                    "Plans": [
                      {
                        "Node Type": "Bitmap Index Scan",
                        "Parent Relationship": "Outer",
                        "Parallel Aware": false,
                        "Index Name": "keyword_id_movie_keyword",
                        "Startup Cost": 0.0,
                        "Total Cost": 10.74,
                        "Plan Rows": 308,
                        "Plan Width": 0,
                        "Actual Startup Time": 0.077,
                        "Actual Total Time": 0.077,
                        "Actual Rows": 432,
                        "Actual Loops": 30,
                        "Index Cond": "(keyword_id = k.id)"
                      }
                    ]
                  }
                ]
              },
              {
                "Node Type": "Index Scan",
                "Parent Relationship": "Inner",
                "Parallel Aware": false,
                "Scan Direction": "Forward",
                "Index Name": "title_pkey",
                "Relation Name": "title",
                "Alias": "t",
                "Startup Cost": 0.43,
                "Total Cost": 0.49,
                "Plan Rows": 1,
                "Plan Width": 21,
                "Actual Startup Time": 0.003,
                "Actual Total Time": 0.003,
                "Actual Rows": 0,
                "Actual Loops": 12951,
                "Index Cond": "(id = mk.movie_id)",
                "Rows Removed by Index Recheck": 0,
                "Filter": "(production_year > 2008)",
                "Rows Removed by Filter": 1
              }
            ]
          },
          {
            "Node Type": "Index Scan",
            "Parent Relationship": "Inner",
            "Parallel Aware": false,
            "Scan Direction": "Forward",
            "Index Name": "movie_id_movie_info",
            "Relation Name": "movie_info",
            "Alias": "mi",
            "Startup Cost": 0.43,
            "Total Cost": 1.8,
            "Plan Rows": 4,
            "Plan Width": 4,
            "Actual Startup Time": 0.009,
            "Actual Total Time": 0.037,
            "Actual Rows": 2,
            "Actual Loops": 904,
            "Index Cond": "(movie_id = mk.movie_id)",
            "Rows Removed by Index Recheck": 0,
            "Filter": "(info = ANY ('{Norway,Sweden,Swedish,German,Denmark,Germany,English,USA,Denish,America}'::text[]))",
            "Rows Removed by Filter": 56
          }
        ]
      }
    ]
  },
  "Planning Time": 1.146,
  "Triggers": [],
  "Execution Time": 109.736
}