[
    {
        "Bao": {
            "Bao prediction": "NaN",
            "Bao recommended hint": "(no hint)"
        }
    },
    {
        "Plan": {
            "Node Type": "Aggregate",
            "Strategy": "Plain",
            "Partial Mode": "Finalize",
            "Parallel Aware": false,
            "Startup Cost": 28445.87,
            "Total Cost": 28445.88,
            "Plan Rows": 1,
            "Plan Width": 8,
            "Actual Startup Time": 58.383,
            "Actual Total Time": 62.139,
            "Actual Rows": 1,
            "Actual Loops": 1,
            "Output": [
                "count(*)"
            ],
            "Plans": [
                {
                    "Node Type": "Gather",
                    "Parent Relationship": "Outer",
                    "Parallel Aware": false,
                    "Startup Cost": 28445.55,
                    "Total Cost": 28445.86,
                    "Plan Rows": 3,
                    "Plan Width": 8,
                    "Actual Startup Time": 58.205,
                    "Actual Total Time": 62.132,
                    "Actual Rows": 4,
                    "Actual Loops": 1,
                    "Output": [
                        "(PARTIAL count(*))"
                    ],
                    "Workers Planned": 3,
                    "Workers Launched": 3,
                    "Single Copy": false,
                    "Plans": [
                        {
                            "Node Type": "Aggregate",
                            "Strategy": "Plain",
                            "Partial Mode": "Partial",
                            "Parent Relationship": "Outer",
                            "Parallel Aware": false,
                            "Startup Cost": 27445.55,
                            "Total Cost": 27445.56,
                            "Plan Rows": 1,
                            "Plan Width": 8,
                            "Actual Startup Time": 49.627,
                            "Actual Total Time": 49.629,
                            "Actual Rows": 1,
                            "Actual Loops": 4,
                            "Output": [
                                "PARTIAL count(*)"
                            ],
                            "Workers": [
                                {
                                    "Worker Number": 0,
                                    "Actual Startup Time": 46.326,
                                    "Actual Total Time": 46.327,
                                    "Actual Rows": 1,
                                    "Actual Loops": 1
                                },
                                {
                                    "Worker Number": 1,
                                    "Actual Startup Time": 47.048,
                                    "Actual Total Time": 47.049,
                                    "Actual Rows": 1,
                                    "Actual Loops": 1
                                },
                                {
                                    "Worker Number": 2,
                                    "Actual Startup Time": 47.206,
                                    "Actual Total Time": 47.207,
                                    "Actual Rows": 1,
                                    "Actual Loops": 1
                                }
                            ],
                            "Plans": [
                                {
                                    "Node Type": "Bitmap Heap Scan",
                                    "Parent Relationship": "Outer",
                                    "Parallel Aware": true,
                                    "Relation Name": "movie_companies",
                                    "Schema": "public",
                                    "Alias": "mc",
                                    "Startup Cost": 6959.95,
                                    "Total Cost": 27312.75,
                                    "Plan Rows": 53118,
                                    "Plan Width": 0,
                                    "Actual Startup Time": 10.003,
                                    "Actual Total Time": 43.976,
                                    "Actual Rows": 82151,
                                    "Actual Loops": 4,
                                    "Recheck Cond": "(mc.company_id > 90994)",
                                    "Rows Removed by Index Recheck": 0,
                                    "Filter": "(mc.company_type_id = 2)",
                                    "Rows Removed by Filter": 0,
                                    "Exact Heap Blocks": 2686,
                                    "Lossy Heap Blocks": 0,
                                    "Workers": [
                                        {
                                            "Worker Number": 0,
                                            "Actual Startup Time": 6.849,
                                            "Actual Total Time": 41.24,
                                            "Actual Rows": 47675,
                                            "Actual Loops": 1
                                        },
                                        {
                                            "Worker Number": 1,
                                            "Actual Startup Time": 7.425,
                                            "Actual Total Time": 41.842,
                                            "Actual Rows": 49730,
                                            "Actual Loops": 1
                                        },
                                        {
                                            "Worker Number": 2,
                                            "Actual Startup Time": 7.612,
                                            "Actual Total Time": 41.977,
                                            "Actual Rows": 49004,
                                            "Actual Loops": 1
                                        }
                                    ],
                                    "Plans": [
                                        {
                                            "Node Type": "Bitmap Index Scan",
                                            "Parent Relationship": "Outer",
                                            "Parallel Aware": false,
                                            "Index Name": "company_id_movie_companies",
                                            "Startup Cost": 0.0,
                                            "Total Cost": 6918.78,
                                            "Plan Rows": 322980,
                                            "Plan Width": 0,
                                            "Actual Startup Time": 17.354,
                                            "Actual Total Time": 17.354,
                                            "Actual Rows": 328605,
                                            "Actual Loops": 1,
                                            "Index Cond": "(mc.company_id > 90994)"
                                        }
                                    ]
                                }
                            ]
                        }
                    ]
                }
            ]
        },
        "Planning Time": 175.005,
        "Triggers": [],
        "Execution Time": 62.197
    }
]