[
  {
    "Plan": {
      "Node Type": "Aggregate",
      "Strategy": "Plain",
      "Partial Mode": "Finalize",
      "Parallel Aware": false,
      "Startup Cost": 44658.28,
      "Total Cost": 44658.29,
      "Plan Rows": 1,
      "Plan Width": 8,
      "Actual Startup Time": 127.561,
      "Actual Total Time": 134.798,
      "Actual Rows": 1,
      "Actual Loops": 1,
      "Plans": [
        {
          "Node Type": "Gather",
          "Parent Relationship": "Outer",
          "Parallel Aware": false,
          "Startup Cost": 44657.97,
          "Total Cost": 44658.28,
          "Plan Rows": 3,
          "Plan Width": 8,
          "Actual Startup Time": 127.439,
          "Actual Total Time": 134.788,
          "Actual Rows": 4,
          "Actual Loops": 1,
          "Workers Planned": 3,
          "Workers Launched": 3,
          "Single Copy": false,
          "Plans": [
            {
              "Node Type": "Aggregate",
              "Strategy": "Plain",
              "Partial Mode": "Partial",
              "Parent Relationship": "Outer",
              "Parallel Aware": false,
              "Startup Cost": 43657.97,
              "Total Cost": 43657.98,
              "Plan Rows": 1,
              "Plan Width": 8,
              "Actual Startup Time": 120.802,
              "Actual Total Time": 120.803,
              "Actual Rows": 1,
              "Actual Loops": 4,
              "Plans": [
                {
                  "Node Type": "Seq Scan",
                  "Parent Relationship": "Outer",
                  "Parallel Aware": true,
                  "Relation Name": "movie_keyword",
                  "Alias": "mk",
                  "Startup Cost": 0.0,
                  "Total Cost": 42695.65,
                  "Plan Rows": 384925,
                  "Plan Width": 0,
                  "Actual Startup Time": 1.959,
                  "Actual Total Time": 105.586,
                  "Actual Rows": 299298,
                  "Actual Loops": 4,
                  "Filter": "(keyword_id > 15392)",
                  "Rows Removed by Filter": 831685
                }
              ]
            }
          ]
        }
      ]
    },
    "Planning Time": 0.153,
    "Triggers": [],
    "Execution Time": 134.846
  }
]