{
  "Plan": {
    "Node Type": "Aggregate",
    "Strategy": "Plain",
    "Partial Mode": "Finalize",
    "Parallel Aware": false,
    "Startup Cost": 103562.72,
    "Total Cost": 103562.73,
    "Plan Rows": 1,
    "Plan Width": 8,
    "Actual Startup Time": 518.82,
    "Actual Total Time": 537.418,
    "Actual Rows": 1,
    "Actual Loops": 1,
    "Plans": [
      {
        "Node Type": "Gather",
        "Parent Relationship": "Outer",
        "Parallel Aware": false,
        "Startup Cost": 103562.61,
        "Total Cost": 103562.72,
        "Plan Rows": 1,
        "Plan Width": 8,
        "Actual Startup Time": 517.514,
        "Actual Total Time": 537.409,
        "Actual Rows": 2,
        "Actual Loops": 1,
        "Workers Planned": 1,
        "Workers Launched": 1,
        "Single Copy": false,
        "Plans": [
          {
            "Node Type": "Aggregate",
            "Strategy": "Plain",
            "Partial Mode": "Partial",
            "Parent Relationship": "Outer",
            "Parallel Aware": false,
            "Startup Cost": 102562.61,
            "Total Cost": 102562.62,
            "Plan Rows": 1,
            "Plan Width": 8,
            "Actual Startup Time": 511.419,
            "Actual Total Time": 511.423,
            "Actual Rows": 1,
            "Actual Loops": 2,
            "Plans": [
              {
                "Node Type": "Hash Join",
                "Parent Relationship": "Outer",
                "Parallel Aware": true,
                "Join Type": "Inner",
                "Startup Cost": 61870.19,
                "Total Cost": 102143.05,
                "Plan Rows": 167824,
                "Plan Width": 0,
                "Actual Startup Time": 250.385,
                "Actual Total Time": 508.387,
                "Actual Rows": 54180,
                "Actual Loops": 2,
                "Inner Unique": true,
                "Hash Cond": "(mc.movie_id = t.id)",
                "Plans": [
                  {
                    "Node Type": "Seq Scan",
                    "Parent Relationship": "Outer",
                    "Parallel Aware": true,
                    "Relation Name": "movie_companies",
                    "Alias": "mc",
                    "Startup Cost": 0.0,
                    "Total Cost": 37974.77,
                    "Plan Rows": 875462,
                    "Plan Width": 4,
                    "Actual Startup Time": 9.003,
                    "Actual Total Time": 140.112,
                    "Actual Rows": 744161,
                    "Actual Loops": 2,
                    "Filter": "(company_id > 7851)",
                    "Rows Removed by Filter": 560404
                  },
                  {
                    "Node Type": "Hash",
                    "Parent Relationship": "Inner",
                    "Parallel Aware": true,
                    "Startup Cost": 58306.47,
                    "Total Cost": 58306.47,
                    "Plan Rows": 285098,
                    "Plan Width": 4,
                    "Actual Startup Time": 235.382,
                    "Actual Total Time": 235.383,
                    "Actual Rows": 176104,
                    "Actual Loops": 2,
                    "Hash Buckets": 524288,
                    "Original Hash Buckets": 524288,
                    "Hash Batches": 1,
                    "Original Hash Batches": 1,
                    "Peak Memory Usage": 17920,
                    "Plans": [
                      {
                        "Node Type": "Seq Scan",
                        "Parent Relationship": "Outer",
                        "Parallel Aware": true,
                        "Relation Name": "title",
                        "Alias": "t",
                        "Startup Cost": 0.0,
                        "Total Cost": 58306.47,
                        "Plan Rows": 285098,
                        "Plan Width": 4,
                        "Actual Startup Time": 0.031,
                        "Actual Total Time": 180.905,
                        "Actual Rows": 176104,
                        "Actual Loops": 2,
                        "Filter": "((kind_id > 1) AND (production_year < 1989))",
                        "Rows Removed by Filter": 1088052
                      }
                    ]
                  }
                ]
              }
            ]
          }
        ]
      }
    ]
  },
  "Planning Time": 0.611,
  "Triggers": [],
  "Execution Time": 537.486
}