[
  {
    "Plan": {
      "Node Type": "Aggregate",
      "Strategy": "Plain",
      "Partial Mode": "Finalize",
      "Parallel Aware": false,
      "Startup Cost": 380477.22,
      "Total Cost": 380477.23,
      "Plan Rows": 1,
      "Plan Width": 8,
      "Actual Startup Time": 1770.966,
      "Actual Total Time": 1823.989,
      "Actual Rows": 1,
      "Actual Loops": 1,
      "Plans": [
        {
          "Node Type": "Gather",
          "Parent Relationship": "Outer",
          "Parallel Aware": false,
          "Startup Cost": 380476.59,
          "Total Cost": 380477.2,
          "Plan Rows": 6,
          "Plan Width": 8,
          "Actual Startup Time": 1767.427,
          "Actual Total Time": 1823.98,
          "Actual Rows": 7,
          "Actual Loops": 1,
          "Workers Planned": 6,
          "Workers Launched": 6,
          "Single Copy": false,
          "Plans": [
            {
              "Node Type": "Aggregate",
              "Strategy": "Plain",
              "Partial Mode": "Partial",
              "Parent Relationship": "Outer",
              "Parallel Aware": false,
              "Startup Cost": 379476.59,
              "Total Cost": 379476.6,
              "Plan Rows": 1,
              "Plan Width": 8,
              "Actual Startup Time": 1759.506,
              "Actual Total Time": 1759.509,
              "Actual Rows": 1,
              "Actual Loops": 7,
              "Plans": [
                {
                  "Node Type": "Hash Join",
                  "Parent Relationship": "Outer",
                  "Parallel Aware": true,
                  "Join Type": "Inner",
                  "Startup Cost": 47207.22,
                  "Total Cost": 376173.88,
                  "Plan Rows": 1321085,
                  "Plan Width": 0,
                  "Actual Startup Time": 115.941,
                  "Actual Total Time": 1702.565,
                  "Actual Rows": 1122822,
                  "Actual Loops": 7,
                  "Inner Unique": true,
                  "Hash Cond": "(ci.movie_id = t.id)",
                  "Plans": [
                    {
                      "Node Type": "Seq Scan",
                      "Parent Relationship": "Outer",
                      "Parallel Aware": true,
                      "Relation Name": "cast_info",
                      "Alias": "ci",
                      "Startup Cost": 0.0,
                      "Total Cost": 313106.51,
                      "Plan Rows": 6041951,
                      "Plan Width": 4,
                      "Actual Startup Time": 0.034,
                      "Actual Total Time": 578.802,
                      "Actual Rows": 5177763,
                      "Actual Loops": 7
                    },
                    {
                      "Node Type": "Hash",
                      "Parent Relationship": "Inner",
                      "Parallel Aware": true,
                      "Startup Cost": 45479.59,
                      "Total Cost": 45479.59,
                      "Plan Rows": 138211,
                      "Plan Width": 4,
                      "Actual Startup Time": 113.437,
                      "Actual Total Time": 113.439,
                      "Actual Rows": 62022,
                      "Actual Loops": 7,
                      "Hash Buckets": 1048576,
                      "Original Hash Buckets": 1048576,
                      "Hash Batches": 1,
                      "Original Hash Batches": 1,
                      "Peak Memory Usage": 25248,
                      "Plans": [
                        {
                          "Node Type": "Seq Scan",
                          "Parent Relationship": "Outer",
                          "Parallel Aware": true,
                          "Relation Name": "title",
                          "Alias": "t",
                          "Startup Cost": 0.0,
                          "Total Cost": 45479.59,
                          "Plan Rows": 138211,
                          "Plan Width": 4,
                          "Actual Startup Time": 41.49,
                          "Actual Total Time": 81.759,
                          "Actual Rows": 62022,
                          "Actual Loops": 7,
                          "Filter": "((production_year > 1968) AND (kind_id = 1))",
                          "Rows Removed by Filter": 299165
                        }
                      ]
                    }
                  ]
                }
              ]
            }
          ]
        }
      ]
    },
    "Planning Time": 0.302,
    "Triggers": [],
    "Execution Time": 1824.06
  }
]