{
  "Plan": {
    "Node Type": "Aggregate",
    "Strategy": "Plain",
    "Partial Mode": "Simple",
    "Parallel Aware": false,
    "Startup Cost": 757.5,
    "Total Cost": 757.51,
    "Plan Rows": 1,
    "Plan Width": 8,
    "Actual Startup Time": 10.048,
    "Actual Total Time": 10.05,
    "Actual Rows": 1,
    "Actual Loops": 1,
    "Plans": [
      {
        "Node Type": "Nested Loop",
        "Parent Relationship": "Outer",
        "Parallel Aware": false,
        "Join Type": "Inner",
        "Startup Cost": 1.42,
        "Total Cost": 757.21,
        "Plan Rows": 115,
        "Plan Width": 0,
        "Actual Startup Time": 0.295,
        "Actual Total Time": 9.735,
        "Actual Rows": 1712,
        "Actual Loops": 1,
        "Inner Unique": false,
        "Plans": [
          {
            "Node Type": "Nested Loop",
            "Parent Relationship": "Outer",
            "Parallel Aware": false,
            "Join Type": "Inner",
            "Startup Cost": 0.86,
            "Total Cost": 713.23,
            "Plan Rows": 8,
            "Plan Width": 8,
            "Actual Startup Time": 0.21,
            "Actual Total Time": 2.246,
            "Actual Rows": 77,
            "Actual Loops": 1,
            "Inner Unique": true,
            "Plans": [
              {
                "Node Type": "Index Scan",
                "Parent Relationship": "Outer",
                "Parallel Aware": false,
                "Scan Direction": "Forward",
                "Index Name": "company_id_movie_companies",
                "Relation Name": "movie_companies",
                "Alias": "mc",
                "Startup Cost": 0.43,
                "Total Cost": 273.83,
                "Plan Rows": 52,
                "Plan Width": 4,
                "Actual Startup Time": 0.171,
                "Actual Total Time": 0.368,
                "Actual Rows": 100,
                "Actual Loops": 1,
                "Index Cond": "(company_id = 71220)",
                "Rows Removed by Index Recheck": 0,
                "Filter": "(company_type_id = 2)",
                "Rows Removed by Filter": 0
              },
              {
                "Node Type": "Index Scan",
                "Parent Relationship": "Inner",
                "Parallel Aware": false,
                "Scan Direction": "Forward",
                "Index Name": "title_pkey",
                "Relation Name": "title",
                "Alias": "t",
                "Startup Cost": 0.43,
                "Total Cost": 8.45,
                "Plan Rows": 1,
                "Plan Width": 4,
                "Actual Startup Time": 0.017,
                "Actual Total Time": 0.017,
                "Actual Rows": 1,
                "Actual Loops": 100,
                "Index Cond": "(id = mc.movie_id)",
                "Rows Removed by Index Recheck": 0,
                "Filter": "(production_year > 2010)",
                "Rows Removed by Filter": 0
              }
            ]
          },
          {
            "Node Type": "Index Only Scan",
            "Parent Relationship": "Inner",
            "Parallel Aware": false,
            "Scan Direction": "Forward",
            "Index Name": "movie_id_cast_info",
            "Relation Name": "cast_info",
            "Alias": "ci",
            "Startup Cost": 0.56,
            "Total Cost": 5.13,
            "Plan Rows": 37,
            "Plan Width": 4,
            "Actual Startup Time": 0.029,
            "Actual Total Time": 0.09,
            "Actual Rows": 22,
            "Actual Loops": 77,
            "Index Cond": "(movie_id = t.id)",
            "Rows Removed by Index Recheck": 0,
            "Heap Fetches": 1712
          }
        ]
      }
    ]
  },
  "Planning Time": 1.116,
  "Triggers": [],
  "Execution Time": 10.128
}