[
  {
    "Plan": {
      "Node Type": "Aggregate",
      "Strategy": "Plain",
      "Partial Mode": "Simple",
      "Parallel Aware": false,
      "Startup Cost": 9678.03,
      "Total Cost": 9678.04,
      "Plan Rows": 1,
      "Plan Width": 8,
      "Actual Startup Time": 4.175,
      "Actual Total Time": 4.177,
      "Actual Rows": 1,
      "Actual Loops": 1,
      "Plans": [
        {
          "Node Type": "Index Scan",
          "Parent Relationship": "Outer",
          "Parallel Aware": false,
          "Scan Direction": "Forward",
          "Index Name": "company_id_movie_companies",
          "Relation Name": "movie_companies",
          "Alias": "mc",
          "Startup Cost": 0.43,
          "Total Cost": 9672.84,
          "Plan Rows": 2075,
          "Plan Width": 0,
          "Actual Startup Time": 4.161,
          "Actual Total Time": 4.166,
          "Actual Rows": 2,
          "Actual Loops": 1,
          "Index Cond": "(company_id = 428)",
          "Rows Removed by Index Recheck": 0,
          "Filter": "(company_type_id > 1)",
          "Rows Removed by Filter": 3428
        }
      ]
    },
    "Planning Time": 0.226,
    "Triggers": [],
    "Execution Time": 4.226
  }
]