{
  "Plan": {
    "Node Type": "Aggregate",
    "Strategy": "Plain",
    "Partial Mode": "Finalize",
    "Parallel Aware": false,
    "Startup Cost": 139562.93,
    "Total Cost": 139562.94,
    "Plan Rows": 1,
    "Plan Width": 8,
    "Actual Startup Time": 752.544,
    "Actual Total Time": 776.778,
    "Actual Rows": 1,
    "Actual Loops": 1,
    "Plans": [
      {
        "Node Type": "Gather",
        "Parent Relationship": "Outer",
        "Parallel Aware": false,
        "Startup Cost": 139562.81,
        "Total Cost": 139562.92,
        "Plan Rows": 1,
        "Plan Width": 8,
        "Actual Startup Time": 751.846,
        "Actual Total Time": 776.771,
        "Actual Rows": 2,
        "Actual Loops": 1,
        "Workers Planned": 1,
        "Workers Launched": 1,
        "Single Copy": false,
        "Plans": [
          {
            "Node Type": "Aggregate",
            "Strategy": "Plain",
            "Partial Mode": "Partial",
            "Parent Relationship": "Outer",
            "Parallel Aware": false,
            "Startup Cost": 138562.81,
            "Total Cost": 138562.82,
            "Plan Rows": 1,
            "Plan Width": 8,
            "Actual Startup Time": 748.851,
            "Actual Total Time": 748.853,
            "Actual Rows": 1,
            "Actual Loops": 2,
            "Plans": [
              {
                "Node Type": "Merge Join",
                "Parent Relationship": "Outer",
                "Parallel Aware": false,
                "Join Type": "Inner",
                "Startup Cost": 34009.59,
                "Total Cost": 138441.22,
                "Plan Rows": 48636,
                "Plan Width": 0,
                "Actual Startup Time": 84.011,
                "Actual Total Time": 746.485,
                "Actual Rows": 44494,
                "Actual Loops": 2,
                "Inner Unique": false,
                "Merge Cond": "(t.id = mk.movie_id)",
                "Plans": [
                  {
                    "Node Type": "Index Only Scan",
                    "Parent Relationship": "Outer",
                    "Parallel Aware": true,
                    "Scan Direction": "Forward",
                    "Index Name": "title_pkey",
                    "Relation Name": "title",
                    "Alias": "t",
                    "Startup Cost": 0.43,
                    "Total Cost": 99929.35,
                    "Plan Rows": 1487231,
                    "Plan Width": 4,
                    "Actual Startup Time": 0.054,
                    "Actual Total Time": 586.843,
                    "Actual Rows": 1262894,
                    "Actual Loops": 2,
                    "Heap Fetches": 2525787
                  },
                  {
                    "Node Type": "Sort",
                    "Parent Relationship": "Inner",
                    "Parallel Aware": false,
                    "Startup Cost": 33997.8,
                    "Total Cost": 34204.51,
                    "Plan Rows": 82681,
                    "Plan Width": 4,
                    "Actual Startup Time": 83.78,
                    "Actual Total Time": 88.958,
                    "Actual Rows": 88988,
                    "Actual Loops": 2,
                    "Sort Key": [
                      "mk.movie_id"
                    ],
                    "Sort Method": "quicksort",
                    "Sort Space Used": 7244,
                    "Sort Space Type": "Memory",
                    "Workers": [
                      {
                        "Worker Number": 0,
                        "Sort Method": "quicksort",
                        "Sort Space Used": 7244,
                        "Sort Space Type": "Memory"
                      }
                    ],
                    "Plans": [
                      {
                        "Node Type": "Bitmap Heap Scan",
                        "Parent Relationship": "Outer",
                        "Parallel Aware": false,
                        "Relation Name": "movie_keyword",
                        "Alias": "mk",
                        "Startup Cost": 1757.21,
                        "Total Cost": 27244.72,
                        "Plan Rows": 82681,
                        "Plan Width": 4,
                        "Actual Startup Time": 17.789,
                        "Actual Total Time": 66.955,
                        "Actual Rows": 88988,
                        "Actual Loops": 2,
                        "Recheck Cond": "(keyword_id < 76)",
                        "Rows Removed by Index Recheck": 0,
                        "Exact Heap Blocks": 20878,
                        "Lossy Heap Blocks": 0,
                        "Plans": [
                          {
                            "Node Type": "Bitmap Index Scan",
                            "Parent Relationship": "Outer",
                            "Parallel Aware": false,
                            "Index Name": "keyword_id_movie_keyword",
                            "Startup Cost": 0.0,
                            "Total Cost": 1736.54,
                            "Plan Rows": 82681,
                            "Plan Width": 0,
                            "Actual Startup Time": 12.605,
                            "Actual Total Time": 12.605,
                            "Actual Rows": 88988,
                            "Actual Loops": 2,
                            "Index Cond": "(keyword_id < 76)"
                          }
                        ]
                      }
                    ]
                  }
                ]
              }
            ]
          }
        ]
      }
    ]
  },
  "Planning Time": 0.465,
  "Triggers": [],
  "Execution Time": 776.854
}