[
  {
    "Plan": {
      "Node Type": "Aggregate",
      "Strategy": "Plain",
      "Partial Mode": "Finalize",
      "Parallel Aware": false,
      "Startup Cost": 93318.37,
      "Total Cost": 93318.38,
      "Plan Rows": 1,
      "Plan Width": 8,
      "Actual Startup Time": 376.422,
      "Actual Total Time": 393.179,
      "Actual Rows": 1,
      "Actual Loops": 1,
      "Plans": [
        {
          "Node Type": "Gather",
          "Parent Relationship": "Outer",
          "Parallel Aware": false,
          "Startup Cost": 93318.06,
          "Total Cost": 93318.37,
          "Plan Rows": 3,
          "Plan Width": 8,
          "Actual Startup Time": 374.239,
          "Actual Total Time": 393.169,
          "Actual Rows": 4,
          "Actual Loops": 1,
          "Workers Planned": 3,
          "Workers Launched": 3,
          "Single Copy": false,
          "Plans": [
            {
              "Node Type": "Aggregate",
              "Strategy": "Plain",
              "Partial Mode": "Partial",
              "Parent Relationship": "Outer",
              "Parallel Aware": false,
              "Startup Cost": 92318.06,
              "Total Cost": 92318.07,
              "Plan Rows": 1,
              "Plan Width": 8,
              "Actual Startup Time": 368.8,
              "Actual Total Time": 368.804,
              "Actual Rows": 1,
              "Actual Loops": 4,
              "Plans": [
                {
                  "Node Type": "Hash Join",
                  "Parent Relationship": "Outer",
                  "Parallel Aware": true,
                  "Join Type": "Inner",
                  "Startup Cost": 46356.06,
                  "Total Cost": 92005.96,
                  "Plan Rows": 124840,
                  "Plan Width": 0,
                  "Actual Startup Time": 133.777,
                  "Actual Total Time": 353.771,
                  "Actual Rows": 340111,
                  "Actual Loops": 4,
                  "Inner Unique": true,
                  "Hash Cond": "(mk.movie_id = t.id)",
                  "Plans": [
                    {
                      "Node Type": "Seq Scan",
                      "Parent Relationship": "Outer",
                      "Parallel Aware": true,
                      "Relation Name": "movie_keyword",
                      "Alias": "mk",
                      "Startup Cost": 0.0,
                      "Total Cost": 42695.65,
                      "Plan Rows": 1125425,
                      "Plan Width": 4,
                      "Actual Startup Time": 0.029,
                      "Actual Total Time": 115.026,
                      "Actual Rows": 873725,
                      "Actual Loops": 4,
                      "Filter": "(keyword_id < 17288)",
                      "Rows Removed by Filter": 257258
                    },
                    {
                      "Node Type": "Hash",
                      "Parent Relationship": "Inner",
                      "Parallel Aware": true,
                      "Startup Cost": 45479.59,
                      "Total Cost": 45479.59,
                      "Plan Rows": 70118,
                      "Plan Width": 4,
                      "Actual Startup Time": 132.232,
                      "Actual Total Time": 132.233,
                      "Actual Rows": 105887,
                      "Actual Loops": 4,
                      "Hash Buckets": 524288,
                      "Original Hash Buckets": 524288,
                      "Hash Batches": 1,
                      "Original Hash Batches": 1,
                      "Peak Memory Usage": 20736,
                      "Plans": [
                        {
                          "Node Type": "Seq Scan",
                          "Parent Relationship": "Outer",
                          "Parallel Aware": true,
                          "Relation Name": "title",
                          "Alias": "t",
                          "Startup Cost": 0.0,
                          "Total Cost": 45479.59,
                          "Plan Rows": 70118,
                          "Plan Width": 4,
                          "Actual Startup Time": 0.049,
                          "Actual Total Time": 95.801,
                          "Actual Rows": 105887,
                          "Actual Loops": 4,
                          "Filter": "((kind_id < 4) AND (production_year < 1996))",
                          "Rows Removed by Filter": 526191
                        }
                      ]
                    }
                  ]
                }
              ]
            }
          ]
        }
      ]
    },
    "Planning Time": 0.221,
    "Triggers": [],
    "Execution Time": 393.22
  }
]