{
    "Plan": {
        "Node Type": "Aggregate",
        "Strategy": "Plain",
        "Partial Mode": "Finalize",
        "Parallel Aware": false,
        "Startup Cost": 434927.65,
        "Total Cost": 434927.66,
        "Plan Rows": 1,
        "Plan Width": 8,
        "Actual Startup Time": 2624.425,
        "Actual Total Time": 2673.401,
        "Actual Rows": 1,
        "Actual Loops": 1,
        "Output": [
            "count(*)"
        ],
        "Plans": [
            {
                "Node Type": "Gather",
                "Parent Relationship": "Outer",
                "Parallel Aware": false,
                "Startup Cost": 434927.02,
                "Total Cost": 434927.63,
                "Plan Rows": 6,
                "Plan Width": 8,
                "Actual Startup Time": 2606.287,
                "Actual Total Time": 2673.387,
                "Actual Rows": 7,
                "Actual Loops": 1,
                "Output": [
                    "(PARTIAL count(*))"
                ],
                "Workers Planned": 6,
                "Workers Launched": 6,
                "Single Copy": false,
                "Plans": [
                    {
                        "Node Type": "Aggregate",
                        "Strategy": "Plain",
                        "Partial Mode": "Partial",
                        "Parent Relationship": "Outer",
                        "Parallel Aware": false,
                        "Startup Cost": 433927.02,
                        "Total Cost": 433927.03,
                        "Plan Rows": 1,
                        "Plan Width": 8,
                        "Actual Startup Time": 2590.721,
                        "Actual Total Time": 2591.171,
                        "Actual Rows": 1,
                        "Actual Loops": 7,
                        "Output": [
                            "PARTIAL count(*)"
                        ],
                        "Workers": [
                            {
                                "Worker Number": 0,
                                "Actual Startup Time": 2587.706,
                                "Actual Total Time": 2587.714,
                                "Actual Rows": 1,
                                "Actual Loops": 1
                            },
                            {
                                "Worker Number": 1,
                                "Actual Startup Time": 2590.098,
                                "Actual Total Time": 2590.104,
                                "Actual Rows": 1,
                                "Actual Loops": 1
                            },
                            {
                                "Worker Number": 2,
                                "Actual Startup Time": 2588.043,
                                "Actual Total Time": 2588.049,
                                "Actual Rows": 1,
                                "Actual Loops": 1
                            },
                            {
                                "Worker Number": 3,
                                "Actual Startup Time": 2588.107,
                                "Actual Total Time": 2588.112,
                                "Actual Rows": 1,
                                "Actual Loops": 1
                            },
                            {
                                "Worker Number": 4,
                                "Actual Startup Time": 2587.897,
                                "Actual Total Time": 2587.903,
                                "Actual Rows": 1,
                                "Actual Loops": 1
                            },
                            {
                                "Worker Number": 5,
                                "Actual Startup Time": 2587.895,
                                "Actual Total Time": 2587.902,
                                "Actual Rows": 1,
                                "Actual Loops": 1
                            }
                        ],
                        "Plans": [
                            {
                                "Node Type": "Hash Join",
                                "Parent Relationship": "Outer",
                                "Parallel Aware": true,
                                "Join Type": "Inner",
                                "Startup Cost": 72602.05,
                                "Total Cost": 427812.02,
                                "Plan Rows": 2446000,
                                "Plan Width": 0,
                                "Actual Startup Time": 412.237,
                                "Actual Total Time": 2422.644,
                                "Actual Rows": 4097090,
                                "Actual Loops": 7,
                                "Inner Unique": false,
                                "Hash Cond": "(ci.movie_id = t.id)",
                                "Workers": [
                                    {
                                        "Worker Number": 0,
                                        "Actual Startup Time": 409.547,
                                        "Actual Total Time": 2428.29,
                                        "Actual Rows": 3999793,
                                        "Actual Loops": 1
                                    },
                                    {
                                        "Worker Number": 1,
                                        "Actual Startup Time": 409.701,
                                        "Actual Total Time": 2404.952,
                                        "Actual Rows": 3455927,
                                        "Actual Loops": 1
                                    },
                                    {
                                        "Worker Number": 2,
                                        "Actual Startup Time": 409.898,
                                        "Actual Total Time": 2422.651,
                                        "Actual Rows": 4229303,
                                        "Actual Loops": 1
                                    },
                                    {
                                        "Worker Number": 3,
                                        "Actual Startup Time": 409.987,
                                        "Actual Total Time": 2419.321,
                                        "Actual Rows": 4354220,
                                        "Actual Loops": 1
                                    },
                                    {
                                        "Worker Number": 4,
                                        "Actual Startup Time": 409.718,
                                        "Actual Total Time": 2429.157,
                                        "Actual Rows": 4026076,
                                        "Actual Loops": 1
                                    },
                                    {
                                        "Worker Number": 5,
                                        "Actual Startup Time": 409.712,
                                        "Actual Total Time": 2430.431,
                                        "Actual Rows": 3999565,
                                        "Actual Loops": 1
                                    }
                                ],
                                "Plans": [
                                    {
                                        "Node Type": "Seq Scan",
                                        "Parent Relationship": "Outer",
                                        "Parallel Aware": true,
                                        "Relation Name": "cast_info",
                                        "Schema": "public",
                                        "Alias": "ci",
                                        "Startup Cost": 0.0,
                                        "Total Cost": 328213.62,
                                        "Plan Rows": 4481246,
                                        "Plan Width": 4,
                                        "Actual Startup Time": 0.037,
                                        "Actual Total Time": 689.3,
                                        "Actual Rows": 3837092,
                                        "Actual Loops": 7,
                                        "Output": [
                                            "ci.id",
                                            "ci.person_id",
                                            "ci.movie_id",
                                            "ci.person_role_id",
                                            "ci.note",
                                            "ci.nr_order",
                                            "ci.role_id"
                                        ],
                                        "Filter": "(ci.role_id < 5)",
                                        "Rows Removed by Filter": 1340672,
                                        "Workers": [
                                            {
                                                "Worker Number": 0,
                                                "Actual Startup Time": 0.042,
                                                "Actual Total Time": 697.144,
                                                "Actual Rows": 3736198,
                                                "Actual Loops": 1
                                            },
                                            {
                                                "Worker Number": 1,
                                                "Actual Startup Time": 0.043,
                                                "Actual Total Time": 724.3,
                                                "Actual Rows": 3201787,
                                                "Actual Loops": 1
                                            },
                                            {
                                                "Worker Number": 2,
                                                "Actual Startup Time": 0.042,
                                                "Actual Total Time": 699.728,
                                                "Actual Rows": 3980109,
                                                "Actual Loops": 1
                                            },
                                            {
                                                "Worker Number": 3,
                                                "Actual Startup Time": 0.039,
                                                "Actual Total Time": 704.231,
                                                "Actual Rows": 4080304,
                                                "Actual Loops": 1
                                            },
                                            {
                                                "Worker Number": 4,
                                                "Actual Startup Time": 0.04,
                                                "Actual Total Time": 696.785,
                                                "Actual Rows": 3782034,
                                                "Actual Loops": 1
                                            },
                                            {
                                                "Worker Number": 5,
                                                "Actual Startup Time": 0.042,
                                                "Actual Total Time": 693.459,
                                                "Actual Rows": 3746620,
                                                "Actual Loops": 1
                                            }
                                        ]
                                    },
                                    {
                                        "Node Type": "Hash",
                                        "Parent Relationship": "Inner",
                                        "Parallel Aware": true,
                                        "Startup Cost": 65414.37,
                                        "Total Cost": 65414.37,
                                        "Plan Rows": 575015,
                                        "Plan Width": 8,
                                        "Actual Startup Time": 407.255,
                                        "Actual Total Time": 407.703,
                                        "Actual Rows": 197148,
                                        "Actual Loops": 7,
                                        "Output": [
                                            "t.id",
                                            "mi_idx.movie_id"
                                        ],
                                        "Hash Buckets": 2097152,
                                        "Original Hash Buckets": 2097152,
                                        "Hash Batches": 1,
                                        "Original Hash Batches": 1,
                                        "Peak Memory Usage": 70496,
                                        "Workers": [
                                            {
                                                "Worker Number": 0,
                                                "Actual Startup Time": 408.849,
                                                "Actual Total Time": 408.855,
                                                "Actual Rows": 183666,
                                                "Actual Loops": 1
                                            },
                                            {
                                                "Worker Number": 1,
                                                "Actual Startup Time": 408.959,
                                                "Actual Total Time": 408.963,
                                                "Actual Rows": 207679,
                                                "Actual Loops": 1
                                            },
                                            {
                                                "Worker Number": 2,
                                                "Actual Startup Time": 409.191,
                                                "Actual Total Time": 409.195,
                                                "Actual Rows": 200529,
                                                "Actual Loops": 1
                                            },
                                            {
                                                "Worker Number": 3,
                                                "Actual Startup Time": 409.173,
                                                "Actual Total Time": 409.176,
                                                "Actual Rows": 204709,
                                                "Actual Loops": 1
                                            },
                                            {
                                                "Worker Number": 4,
                                                "Actual Startup Time": 408.952,
                                                "Actual Total Time": 408.957,
                                                "Actual Rows": 183611,
                                                "Actual Loops": 1
                                            },
                                            {
                                                "Worker Number": 5,
                                                "Actual Startup Time": 408.952,
                                                "Actual Total Time": 408.957,
                                                "Actual Rows": 182945,
                                                "Actual Loops": 1
                                            }
                                        ],
                                        "Plans": [
                                            {
                                                "Node Type": "Hash Join",
                                                "Parent Relationship": "Outer",
                                                "Parallel Aware": true,
                                                "Join Type": "Inner",
                                                "Startup Cost": 50219.81,
                                                "Total Cost": 65414.37,
                                                "Plan Rows": 575015,
                                                "Plan Width": 8,
                                                "Actual Startup Time": 258.566,
                                                "Actual Total Time": 339.891,
                                                "Actual Rows": 197148,
                                                "Actual Loops": 7,
                                                "Output": [
                                                    "t.id",
                                                    "mi_idx.movie_id"
                                                ],
                                                "Inner Unique": true,
                                                "Hash Cond": "(mi_idx.movie_id = t.id)",
                                                "Workers": [
                                                    {
                                                        "Worker Number": 0,
                                                        "Actual Startup Time": 258.611,
                                                        "Actual Total Time": 339.586,
                                                        "Actual Rows": 183666,
                                                        "Actual Loops": 1
                                                    },
                                                    {
                                                        "Worker Number": 1,
                                                        "Actual Startup Time": 258.618,
                                                        "Actual Total Time": 338.966,
                                                        "Actual Rows": 207679,
                                                        "Actual Loops": 1
                                                    },
                                                    {
                                                        "Worker Number": 2,
                                                        "Actual Startup Time": 258.5,
                                                        "Actual Total Time": 339.146,
                                                        "Actual Rows": 200529,
                                                        "Actual Loops": 1
                                                    },
                                                    {
                                                        "Worker Number": 3,
                                                        "Actual Startup Time": 258.577,
                                                        "Actual Total Time": 340.306,
                                                        "Actual Rows": 204709,
                                                        "Actual Loops": 1
                                                    },
                                                    {
                                                        "Worker Number": 4,
                                                        "Actual Startup Time": 258.485,
                                                        "Actual Total Time": 339.528,
                                                        "Actual Rows": 183611,
                                                        "Actual Loops": 1
                                                    },
                                                    {
                                                        "Worker Number": 5,
                                                        "Actual Startup Time": 258.567,
                                                        "Actual Total Time": 339.837,
                                                        "Actual Rows": 182945,
                                                        "Actual Loops": 1
                                                    }
                                                ],
                                                "Plans": [
                                                    {
                                                        "Node Type": "Seq Scan",
                                                        "Parent Relationship": "Outer",
                                                        "Parallel Aware": true,
                                                        "Relation Name": "movie_info_idx",
                                                        "Schema": "public",
                                                        "Alias": "mi_idx",
                                                        "Startup Cost": 0.0,
                                                        "Total Cost": 13685.15,
                                                        "Plan Rows": 575015,
                                                        "Plan Width": 4,
                                                        "Actual Startup Time": 0.02,
                                                        "Actual Total Time": 19.447,
                                                        "Actual Rows": 197148,
                                                        "Actual Loops": 7,
                                                        "Output": [
                                                            "mi_idx.id",
                                                            "mi_idx.movie_id",
                                                            "mi_idx.info_type_id",
                                                            "mi_idx.info",
                                                            "mi_idx.note"
                                                        ],
                                                        "Workers": [
                                                            {
                                                                "Worker Number": 0,
                                                                "Actual Startup Time": 0.033,
                                                                "Actual Total Time": 20.143,
                                                                "Actual Rows": 183666,
                                                                "Actual Loops": 1
                                                            },
                                                            {
                                                                "Worker Number": 1,
                                                                "Actual Startup Time": 0.021,
                                                                "Actual Total Time": 19.715,
                                                                "Actual Rows": 207679,
                                                                "Actual Loops": 1
                                                            },
                                                            {
                                                                "Worker Number": 2,
                                                                "Actual Startup Time": 0.024,
                                                                "Actual Total Time": 19.851,
                                                                "Actual Rows": 200529,
                                                                "Actual Loops": 1
                                                            },
                                                            {
                                                                "Worker Number": 3,
                                                                "Actual Startup Time": 0.012,
                                                                "Actual Total Time": 19.812,
                                                                "Actual Rows": 204709,
                                                                "Actual Loops": 1
                                                            },
                                                            {
                                                                "Worker Number": 4,
                                                                "Actual Startup Time": 0.012,
                                                                "Actual Total Time": 20.322,
                                                                "Actual Rows": 183611,
                                                                "Actual Loops": 1
                                                            },
                                                            {
                                                                "Worker Number": 5,
                                                                "Actual Startup Time": 0.024,
                                                                "Actual Total Time": 20.184,
                                                                "Actual Rows": 182945,
                                                                "Actual Loops": 1
                                                            }
                                                        ]
                                                    },
                                                    {
                                                        "Node Type": "Hash",
                                                        "Parent Relationship": "Inner",
                                                        "Parallel Aware": true,
                                                        "Startup Cost": 42318.81,
                                                        "Total Cost": 42318.81,
                                                        "Plan Rows": 632080,
                                                        "Plan Width": 4,
                                                        "Actual Startup Time": 254.476,
                                                        "Actual Total Time": 254.477,
                                                        "Actual Rows": 361187,
                                                        "Actual Loops": 7,
                                                        "Output": [
                                                            "t.id"
                                                        ],
                                                        "Hash Buckets": 4194304,
                                                        "Original Hash Buckets": 4194304,
                                                        "Hash Batches": 1,
                                                        "Original Hash Batches": 1,
                                                        "Peak Memory Usage": 131776,
                                                        "Workers": [
                                                            {
                                                                "Worker Number": 0,
                                                                "Actual Startup Time": 258.223,
                                                                "Actual Total Time": 258.225,
                                                                "Actual Rows": 310237,
                                                                "Actual Loops": 1
                                                            },
                                                            {
                                                                "Worker Number": 1,
                                                                "Actual Startup Time": 258.259,
                                                                "Actual Total Time": 258.26,
                                                                "Actual Rows": 351188,
                                                                "Actual Loops": 1
                                                            },
                                                            {
                                                                "Worker Number": 2,
                                                                "Actual Startup Time": 258.391,
                                                                "Actual Total Time": 258.393,
                                                                "Actual Rows": 350724,
                                                                "Actual Loops": 1
                                                            },
                                                            {
                                                                "Worker Number": 3,
                                                                "Actual Startup Time": 258.235,
                                                                "Actual Total Time": 258.236,
                                                                "Actual Rows": 357973,
                                                                "Actual Loops": 1
                                                            },
                                                            {
                                                                "Worker Number": 4,
                                                                "Actual Startup Time": 258.342,
                                                                "Actual Total Time": 258.342,
                                                                "Actual Rows": 336969,
                                                                "Actual Loops": 1
                                                            },
                                                            {
                                                                "Worker Number": 5,
                                                                "Actual Startup Time": 258.193,
                                                                "Actual Total Time": 258.194,
                                                                "Actual Rows": 333799,
                                                                "Actual Loops": 1
                                                            }
                                                        ],
                                                        "Plans": [
                                                            {
                                                                "Node Type": "Seq Scan",
                                                                "Parent Relationship": "Outer",
                                                                "Parallel Aware": true,
                                                                "Relation Name": "title",
                                                                "Schema": "public",
                                                                "Alias": "t",
                                                                "Startup Cost": 0.0,
                                                                "Total Cost": 42318.81,
                                                                "Plan Rows": 632080,
                                                                "Plan Width": 4,
                                                                "Actual Startup Time": 0.068,
                                                                "Actual Total Time": 69.009,
                                                                "Actual Rows": 361187,
                                                                "Actual Loops": 7,
                                                                "Output": [
                                                                    "t.id"
                                                                ],
                                                                "Workers": [
                                                                    {
                                                                        "Worker Number": 0,
                                                                        "Actual Startup Time": 0.087,
                                                                        "Actual Total Time": 72.459,
                                                                        "Actual Rows": 310237,
                                                                        "Actual Loops": 1
                                                                    },
                                                                    {
                                                                        "Worker Number": 1,
                                                                        "Actual Startup Time": 0.089,
                                                                        "Actual Total Time": 71.555,
                                                                        "Actual Rows": 351188,
                                                                        "Actual Loops": 1
                                                                    },
                                                                    {
                                                                        "Worker Number": 2,
                                                                        "Actual Startup Time": 0.088,
                                                                        "Actual Total Time": 71.2,
                                                                        "Actual Rows": 350724,
                                                                        "Actual Loops": 1
                                                                    },
                                                                    {
                                                                        "Worker Number": 3,
                                                                        "Actual Startup Time": 0.066,
                                                                        "Actual Total Time": 71.816,
                                                                        "Actual Rows": 357973,
                                                                        "Actual Loops": 1
                                                                    },
                                                                    {
                                                                        "Worker Number": 4,
                                                                        "Actual Startup Time": 0.064,
                                                                        "Actual Total Time": 71.018,
                                                                        "Actual Rows": 336969,
                                                                        "Actual Loops": 1
                                                                    },
                                                                    {
                                                                        "Worker Number": 5,
                                                                        "Actual Startup Time": 0.07,
                                                                        "Actual Total Time": 71.002,
                                                                        "Actual Rows": 333799,
                                                                        "Actual Loops": 1
                                                                    }
                                                                ]
                                                            }
                                                        ]
                                                    }
                                                ]
                                            }
                                        ]
                                    }
                                ]
                            }
                        ]
                    }
                ]
            }
        ]
    },
    "Planning Time": 1.369,
    "Triggers": [],
    "Execution Time": 2673.49
}