[
  {
    "Plan": {
      "Node Type": "Aggregate",
      "Strategy": "Plain",
      "Partial Mode": "Finalize",
      "Parallel Aware": false,
      "Startup Cost": 33257.04,
      "Total Cost": 33257.05,
      "Plan Rows": 1,
      "Plan Width": 8,
      "Actual Startup Time": 94.484,
      "Actual Total Time": 102.074,
      "Actual Rows": 1,
      "Actual Loops": 1,
      "Plans": [
        {
          "Node Type": "Gather",
          "Parent Relationship": "Outer",
          "Parallel Aware": false,
          "Startup Cost": 33256.73,
          "Total Cost": 33257.04,
          "Plan Rows": 3,
          "Plan Width": 8,
          "Actual Startup Time": 94.357,
          "Actual Total Time": 102.066,
          "Actual Rows": 4,
          "Actual Loops": 1,
          "Workers Planned": 3,
          "Workers Launched": 3,
          "Single Copy": false,
          "Plans": [
            {
              "Node Type": "Aggregate",
              "Strategy": "Plain",
              "Partial Mode": "Partial",
              "Parent Relationship": "Outer",
              "Parallel Aware": false,
              "Startup Cost": 32256.73,
              "Total Cost": 32256.74,
              "Plan Rows": 1,
              "Plan Width": 8,
              "Actual Startup Time": 87.323,
              "Actual Total Time": 87.324,
              "Actual Rows": 1,
              "Actual Loops": 4,
              "Plans": [
                {
                  "Node Type": "Seq Scan",
                  "Parent Relationship": "Outer",
                  "Parallel Aware": true,
                  "Relation Name": "movie_companies",
                  "Alias": "mc",
                  "Startup Cost": 0.0,
                  "Total Cost": 31414.82,
                  "Plan Rows": 336763,
                  "Plan Width": 0,
                  "Actual Startup Time": 0.152,
                  "Actual Total Time": 76.083,
                  "Actual Rows": 229656,
                  "Actual Loops": 4,
                  "Filter": "((company_id > 425) AND (company_type_id = 1))",
                  "Rows Removed by Filter": 422626
                }
              ]
            }
          ]
        }
      ]
    },
    "Planning Time": 0.141,
    "Triggers": [],
    "Execution Time": 102.112
  }
]