[
  {
    "Plan": {
      "Node Type": "Aggregate",
      "Strategy": "Plain",
      "Partial Mode": "Finalize",
      "Parallel Aware": false,
      "Startup Cost": 90815.68,
      "Total Cost": 90815.69,
      "Plan Rows": 1,
      "Plan Width": 8,
      "Actual Startup Time": 234.172,
      "Actual Total Time": 250.816,
      "Actual Rows": 1,
      "Actual Loops": 1,
      "Plans": [
        {
          "Node Type": "Gather",
          "Parent Relationship": "Outer",
          "Parallel Aware": false,
          "Startup Cost": 90815.36,
          "Total Cost": 90815.67,
          "Plan Rows": 3,
          "Plan Width": 8,
          "Actual Startup Time": 233.919,
          "Actual Total Time": 250.807,
          "Actual Rows": 4,
          "Actual Loops": 1,
          "Workers Planned": 3,
          "Workers Launched": 3,
          "Single Copy": false,
          "Plans": [
            {
              "Node Type": "Aggregate",
              "Strategy": "Plain",
              "Partial Mode": "Partial",
              "Parent Relationship": "Outer",
              "Parallel Aware": false,
              "Startup Cost": 89815.36,
              "Total Cost": 89815.37,
              "Plan Rows": 1,
              "Plan Width": 8,
              "Actual Startup Time": 224.947,
              "Actual Total Time": 224.951,
              "Actual Rows": 1,
              "Actual Loops": 4,
              "Plans": [
                {
                  "Node Type": "Hash Join",
                  "Parent Relationship": "Outer",
                  "Parallel Aware": true,
                  "Join Type": "Inner",
                  "Startup Cost": 45636.8,
                  "Total Cost": 89787.7,
                  "Plan Rows": 11065,
                  "Plan Width": 0,
                  "Actual Startup Time": 97.742,
                  "Actual Total Time": 224.135,
                  "Actual Rows": 16546,
                  "Actual Loops": 4,
                  "Inner Unique": true,
                  "Hash Cond": "(mk.movie_id = t.id)",
                  "Plans": [
                    {
                      "Node Type": "Seq Scan",
                      "Parent Relationship": "Outer",
                      "Parallel Aware": true,
                      "Relation Name": "movie_keyword",
                      "Alias": "mk",
                      "Startup Cost": 0.0,
                      "Total Cost": 42695.65,
                      "Plan Rows": 554379,
                      "Plan Width": 4,
                      "Actual Startup Time": 0.484,
                      "Actual Total Time": 94.674,
                      "Actual Rows": 431134,
                      "Actual Loops": 4,
                      "Filter": "(keyword_id > 8221)",
                      "Rows Removed by Filter": 699848
                    },
                    {
                      "Node Type": "Hash",
                      "Parent Relationship": "Inner",
                      "Parallel Aware": true,
                      "Startup Cost": 45479.1,
                      "Total Cost": 45479.1,
                      "Plan Rows": 12616,
                      "Plan Width": 4,
                      "Actual Startup Time": 95.486,
                      "Actual Total Time": 95.487,
                      "Actual Rows": 11003,
                      "Actual Loops": 4,
                      "Hash Buckets": 65536,
                      "Original Hash Buckets": 65536,
                      "Hash Batches": 1,
                      "Original Hash Batches": 1,
                      "Peak Memory Usage": 2304,
                      "Plans": [
                        {
                          "Node Type": "Seq Scan",
                          "Parent Relationship": "Outer",
                          "Parallel Aware": true,
                          "Relation Name": "title",
                          "Alias": "t",
                          "Startup Cost": 0.0,
                          "Total Cost": 45479.1,
                          "Plan Rows": 12616,
                          "Plan Width": 4,
                          "Actual Startup Time": 0.183,
                          "Actual Total Time": 91.067,
                          "Actual Rows": 11003,
                          "Actual Loops": 4,
                          "Filter": "((kind_id < 7) AND (production_year = 2009))",
                          "Rows Removed by Filter": 621075
                        }
                      ]
                    }
                  ]
                }
              ]
            }
          ]
        }
      ]
    },
    "Planning Time": 0.637,
    "Triggers": [],
    "Execution Time": 250.89
  }
]