{
  "Plan": {
    "Node Type": "Aggregate",
    "Strategy": "Plain",
    "Partial Mode": "Finalize",
    "Parallel Aware": false,
    "Startup Cost": 736001.4,
    "Total Cost": 736001.41,
    "Plan Rows": 1,
    "Plan Width": 8,
    "Actual Startup Time": 4398.684,
    "Actual Total Time": 4454.048,
    "Actual Rows": 1,
    "Actual Loops": 1,
    "Plans": [
      {
        "Node Type": "Gather",
        "Parent Relationship": "Outer",
        "Parallel Aware": false,
        "Startup Cost": 736001.29,
        "Total Cost": 736001.4,
        "Plan Rows": 1,
        "Plan Width": 8,
        "Actual Startup Time": 4385.155,
        "Actual Total Time": 4454.038,
        "Actual Rows": 2,
        "Actual Loops": 1,
        "Workers Planned": 1,
        "Workers Launched": 1,
        "Single Copy": false,
        "Plans": [
          {
            "Node Type": "Aggregate",
            "Strategy": "Plain",
            "Partial Mode": "Partial",
            "Parent Relationship": "Outer",
            "Parallel Aware": false,
            "Startup Cost": 735001.29,
            "Total Cost": 735001.3,
            "Plan Rows": 1,
            "Plan Width": 8,
            "Actual Startup Time": 4367.515,
            "Actual Total Time": 4369.437,
            "Actual Rows": 1,
            "Actual Loops": 2,
            "Plans": [
              {
                "Node Type": "Hash Join",
                "Parent Relationship": "Outer",
                "Parallel Aware": true,
                "Join Type": "Inner",
                "Startup Cost": 438982.98,
                "Total Cost": 728519.89,
                "Plan Rows": 2592562,
                "Plan Width": 0,
                "Actual Startup Time": 3330.531,
                "Actual Total Time": 4206.008,
                "Actual Rows": 4234286,
                "Actual Loops": 2,
                "Inner Unique": false,
                "Hash Cond": "(ci.movie_id = t.id)",
                "Plans": [
                  {
                    "Node Type": "Bitmap Heap Scan",
                    "Parent Relationship": "Outer",
                    "Parallel Aware": true,
                    "Relation Name": "cast_info",
                    "Alias": "ci",
                    "Startup Cost": 40553.26,
                    "Total Cost": 306739.98,
                    "Plan Rows": 1079977,
                    "Plan Width": 4,
                    "Actual Startup Time": 75.811,
                    "Actual Total Time": 172.873,
                    "Actual Rows": 930166,
                    "Actual Loops": 2,
                    "Recheck Cond": "(person_id < 183209)",
                    "Rows Removed by Index Recheck": 0,
                    "Exact Heap Blocks": 10141,
                    "Lossy Heap Blocks": 0,
                    "Plans": [
                      {
                        "Node Type": "Bitmap Index Scan",
                        "Parent Relationship": "Outer",
                        "Parallel Aware": false,
                        "Index Name": "person_id_cast_info",
                        "Startup Cost": 0.0,
                        "Total Cost": 40094.27,
                        "Plan Rows": 1835961,
                        "Plan Width": 0,
                        "Actual Startup Time": 72.859,
                        "Actual Total Time": 72.86,
                        "Actual Rows": 1860331,
                        "Actual Loops": 1,
                        "Index Cond": "(person_id < 183209)"
                      }
                    ]
                  },
                  {
                    "Node Type": "Hash",
                    "Parent Relationship": "Inner",
                    "Parallel Aware": true,
                    "Startup Cost": 353802.15,
                    "Total Cost": 353802.15,
                    "Plan Rows": 3570205,
                    "Plan Width": 8,
                    "Actual Startup Time": 3221.772,
                    "Actual Total Time": 3223.692,
                    "Actual Rows": 2522158,
                    "Actual Loops": 2,
                    "Hash Buckets": 8388608,
                    "Original Hash Buckets": 8388608,
                    "Hash Batches": 1,
                    "Original Hash Batches": 1,
                    "Peak Memory Usage": 262912,
                    "Plans": [
                      {
                        "Node Type": "Hash Join",
                        "Parent Relationship": "Outer",
                        "Parallel Aware": true,
                        "Join Type": "Inner",
                        "Startup Cost": 63454.08,
                        "Total Cost": 353802.15,
                        "Plan Rows": 3570205,
                        "Plan Width": 8,
                        "Actual Startup Time": 329.176,
                        "Actual Total Time": 2528.878,
                        "Actual Rows": 2522158,
                        "Actual Loops": 2,
                        "Inner Unique": true,
                        "Hash Cond": "(mi.movie_id = t.id)",
                        "Plans": [
                          {
                            "Node Type": "Seq Scan",
                            "Parent Relationship": "Outer",
                            "Parallel Aware": true,
                            "Relation Name": "movie_info",
                            "Alias": "mi",
                            "Startup Cost": 0.0,
                            "Total Cost": 270696.42,
                            "Plan Rows": 7486332,
                            "Plan Width": 4,
                            "Actual Startup Time": 0.01,
                            "Actual Total Time": 808.099,
                            "Actual Rows": 6372326,
                            "Actual Loops": 2,
                            "Filter": "(info_type_id > 2)",
                            "Rows Removed by Filter": 1045534
                          },
                          {
                            "Node Type": "Hash",
                            "Parent Relationship": "Inner",
                            "Parallel Aware": true,
                            "Startup Cost": 54588.39,
                            "Total Cost": 54588.39,
                            "Plan Rows": 709255,
                            "Plan Width": 4,
                            "Actual Startup Time": 321.358,
                            "Actual Total Time": 321.359,
                            "Actual Rows": 596259,
                            "Actual Loops": 2,
                            "Hash Buckets": 2097152,
                            "Original Hash Buckets": 2097152,
                            "Hash Batches": 1,
                            "Original Hash Batches": 1,
                            "Peak Memory Usage": 63072,
                            "Plans": [
                              {
                                "Node Type": "Seq Scan",
                                "Parent Relationship": "Outer",
                                "Parallel Aware": true,
                                "Relation Name": "title",
                                "Alias": "t",
                                "Startup Cost": 0.0,
                                "Total Cost": 54588.39,
                                "Plan Rows": 709255,
                                "Plan Width": 4,
                                "Actual Startup Time": 0.031,
                                "Actual Total Time": 165.191,
                                "Actual Rows": 596259,
                                "Actual Loops": 2,
                                "Filter": "(production_year > 2003)",
                                "Rows Removed by Filter": 667897
                              }
                            ]
                          }
                        ]
                      }
                    ]
                  }
                ]
              }
            ]
          }
        ]
      }
    ]
  },
  "Planning Time": 1.144,
  "Triggers": [],
  "Execution Time": 4454.158
}