{
  "Plan": {
    "Node Type": "Aggregate",
    "Strategy": "Plain",
    "Partial Mode": "Finalize",
    "Parallel Aware": false,
    "Startup Cost": 269068.54,
    "Total Cost": 269068.55,
    "Plan Rows": 1,
    "Plan Width": 8,
    "Actual Startup Time": 205.393,
    "Actual Total Time": 226.61,
    "Actual Rows": 1,
    "Actual Loops": 1,
    "Plans": [
      {
        "Node Type": "Gather",
        "Parent Relationship": "Outer",
        "Parallel Aware": false,
        "Startup Cost": 269068.43,
        "Total Cost": 269068.54,
        "Plan Rows": 1,
        "Plan Width": 8,
        "Actual Startup Time": 205.245,
        "Actual Total Time": 226.601,
        "Actual Rows": 2,
        "Actual Loops": 1,
        "Workers Planned": 1,
        "Workers Launched": 1,
        "Single Copy": false,
        "Plans": [
          {
            "Node Type": "Aggregate",
            "Strategy": "Plain",
            "Partial Mode": "Partial",
            "Parent Relationship": "Outer",
            "Parallel Aware": false,
            "Startup Cost": 268068.43,
            "Total Cost": 268068.44,
            "Plan Rows": 1,
            "Plan Width": 8,
            "Actual Startup Time": 199.302,
            "Actual Total Time": 199.303,
            "Actual Rows": 1,
            "Actual Loops": 2,
            "Plans": [
              {
                "Node Type": "Nested Loop",
                "Parent Relationship": "Outer",
                "Parallel Aware": false,
                "Join Type": "Inner",
                "Startup Cost": 0.56,
                "Total Cost": 268054.15,
                "Plan Rows": 5711,
                "Plan Width": 0,
                "Actual Startup Time": 96.285,
                "Actual Total Time": 199.026,
                "Actual Rows": 2904,
                "Actual Loops": 2,
                "Inner Unique": false,
                "Plans": [
                  {
                    "Node Type": "Seq Scan",
                    "Parent Relationship": "Outer",
                    "Parallel Aware": true,
                    "Relation Name": "title",
                    "Alias": "t",
                    "Startup Cost": 0.0,
                    "Total Cost": 58306.47,
                    "Plan Rows": 1633,
                    "Plan Width": 4,
                    "Actual Startup Time": 96.139,
                    "Actual Total Time": 142.516,
                    "Actual Rows": 4062,
                    "Actual Loops": 2,
                    "Filter": "((kind_id < 7) AND (production_year = 1914))",
                    "Rows Removed by Filter": 1260094
                  },
                  {
                    "Node Type": "Index Scan",
                    "Parent Relationship": "Inner",
                    "Parallel Aware": false,
                    "Scan Direction": "Forward",
                    "Index Name": "movie_id_cast_info",
                    "Relation Name": "cast_info",
                    "Alias": "ci",
                    "Startup Cost": 0.56,
                    "Total Cost": 128.35,
                    "Plan Rows": 9,
                    "Plan Width": 4,
                    "Actual Startup Time": 0.013,
                    "Actual Total Time": 0.014,
                    "Actual Rows": 1,
                    "Actual Loops": 8125,
                    "Index Cond": "(movie_id = t.id)",
                    "Rows Removed by Index Recheck": 0,
                    "Filter": "((person_id > 243993) AND (role_id > 4))",
                    "Rows Removed by Filter": 4
                  }
                ]
              }
            ]
          }
        ]
      }
    ]
  },
  "Planning Time": 0.5,
  "Triggers": [],
  "Execution Time": 226.685
}