{
  "Plan": {
    "Node Type": "Aggregate",
    "Strategy": "Plain",
    "Partial Mode": "Finalize",
    "Parallel Aware": false,
    "Startup Cost": 126424.09,
    "Total Cost": 126424.1,
    "Plan Rows": 1,
    "Plan Width": 8,
    "Actual Startup Time": 611.922,
    "Actual Total Time": 625.173,
    "Actual Rows": 1,
    "Actual Loops": 1,
    "Plans": [
      {
        "Node Type": "Gather",
        "Parent Relationship": "Outer",
        "Parallel Aware": false,
        "Startup Cost": 126423.98,
        "Total Cost": 126424.09,
        "Plan Rows": 1,
        "Plan Width": 8,
        "Actual Startup Time": 610.583,
        "Actual Total Time": 625.166,
        "Actual Rows": 2,
        "Actual Loops": 1,
        "Workers Planned": 1,
        "Workers Launched": 1,
        "Single Copy": false,
        "Plans": [
          {
            "Node Type": "Aggregate",
            "Strategy": "Plain",
            "Partial Mode": "Partial",
            "Parent Relationship": "Outer",
            "Parallel Aware": false,
            "Startup Cost": 125423.98,
            "Total Cost": 125423.99,
            "Plan Rows": 1,
            "Plan Width": 8,
            "Actual Startup Time": 607.461,
            "Actual Total Time": 607.464,
            "Actual Rows": 1,
            "Actual Loops": 2,
            "Plans": [
              {
                "Node Type": "Hash Join",
                "Parent Relationship": "Outer",
                "Parallel Aware": true,
                "Join Type": "Inner",
                "Startup Cost": 63449.17,
                "Total Cost": 124536.38,
                "Plan Rows": 355039,
                "Plan Width": 0,
                "Actual Startup Time": 238.333,
                "Actual Total Time": 577.717,
                "Actual Rows": 766696,
                "Actual Loops": 2,
                "Inner Unique": true,
                "Hash Cond": "(mk.movie_id = t.id)",
                "Plans": [
                  {
                    "Node Type": "Seq Scan",
                    "Parent Relationship": "Outer",
                    "Parallel Aware": true,
                    "Relation Name": "movie_keyword",
                    "Alias": "mk",
                    "Startup Cost": 0.0,
                    "Total Cost": 57718.19,
                    "Plan Rows": 1283432,
                    "Plan Width": 4,
                    "Actual Startup Time": 0.014,
                    "Actual Total Time": 175.171,
                    "Actual Rows": 1092129,
                    "Actual Loops": 2,
                    "Filter": "(keyword_id < 4333)",
                    "Rows Removed by Filter": 1169836
                  },
                  {
                    "Node Type": "Hash",
                    "Parent Relationship": "Inner",
                    "Parallel Aware": true,
                    "Startup Cost": 58306.47,
                    "Total Cost": 58306.47,
                    "Plan Rows": 411416,
                    "Plan Width": 4,
                    "Actual Startup Time": 232.488,
                    "Actual Total Time": 232.489,
                    "Actual Rows": 363476,
                    "Actual Loops": 2,
                    "Hash Buckets": 1048576,
                    "Original Hash Buckets": 1048576,
                    "Hash Batches": 1,
                    "Original Hash Batches": 1,
                    "Peak Memory Usage": 36640,
                    "Plans": [
                      {
                        "Node Type": "Seq Scan",
                        "Parent Relationship": "Outer",
                        "Parallel Aware": true,
                        "Relation Name": "title",
                        "Alias": "t",
                        "Startup Cost": 0.0,
                        "Total Cost": 58306.47,
                        "Plan Rows": 411416,
                        "Plan Width": 4,
                        "Actual Startup Time": 0.019,
                        "Actual Total Time": 143.12,
                        "Actual Rows": 363476,
                        "Actual Loops": 2,
                        "Filter": "((kind_id < 4) AND (production_year < 2011))",
                        "Rows Removed by Filter": 900680
                      }
                    ]
                  }
                ]
              }
            ]
          }
        ]
      }
    ]
  },
  "Planning Time": 0.454,
  "Triggers": [],
  "Execution Time": 625.218
}