[
  {
    "Plan": {
      "Node Type": "Aggregate",
      "Strategy": "Plain",
      "Partial Mode": "Finalize",
      "Parallel Aware": false,
      "Startup Cost": 131504.22,
      "Total Cost": 131504.23,
      "Plan Rows": 1,
      "Plan Width": 8,
      "Actual Startup Time": 735.843,
      "Actual Total Time": 760.536,
      "Actual Rows": 1,
      "Actual Loops": 1,
      "Plans": [
        {
          "Node Type": "Gather",
          "Parent Relationship": "Outer",
          "Parallel Aware": false,
          "Startup Cost": 131503.91,
          "Total Cost": 131504.22,
          "Plan Rows": 3,
          "Plan Width": 8,
          "Actual Startup Time": 726.753,
          "Actual Total Time": 760.527,
          "Actual Rows": 4,
          "Actual Loops": 1,
          "Workers Planned": 3,
          "Workers Launched": 3,
          "Single Copy": false,
          "Plans": [
            {
              "Node Type": "Aggregate",
              "Strategy": "Plain",
              "Partial Mode": "Partial",
              "Parent Relationship": "Outer",
              "Parallel Aware": false,
              "Startup Cost": 130503.91,
              "Total Cost": 130503.92,
              "Plan Rows": 1,
              "Plan Width": 8,
              "Actual Startup Time": 720.903,
              "Actual Total Time": 720.911,
              "Actual Rows": 1,
              "Actual Loops": 4,
              "Plans": [
                {
                  "Node Type": "Hash Join",
                  "Parent Relationship": "Outer",
                  "Parallel Aware": true,
                  "Join Type": "Inner",
                  "Startup Cost": 83714.22,
                  "Total Cost": 130138.07,
                  "Plan Rows": 146335,
                  "Plan Width": 0,
                  "Actual Startup Time": 562.503,
                  "Actual Total Time": 710.58,
                  "Actual Rows": 202977,
                  "Actual Loops": 4,
                  "Inner Unique": false,
                  "Hash Cond": "(mk.movie_id = t.id)",
                  "Plans": [
                    {
                      "Node Type": "Seq Scan",
                      "Parent Relationship": "Outer",
                      "Parallel Aware": true,
                      "Relation Name": "movie_keyword",
                      "Alias": "mk",
                      "Startup Cost": 0.0,
                      "Total Cost": 42695.65,
                      "Plan Rows": 868305,
                      "Plan Width": 4,
                      "Actual Startup Time": 0.038,
                      "Actual Total Time": 119.437,
                      "Actual Rows": 674994,
                      "Actual Loops": 4,
                      "Filter": "(keyword_id < 7635)",
                      "Rows Removed by Filter": 455989
                    },
                    {
                      "Node Type": "Hash",
                      "Parent Relationship": "Inner",
                      "Parallel Aware": true,
                      "Startup Cost": 81996.02,
                      "Total Cost": 81996.02,
                      "Plan Rows": 137456,
                      "Plan Width": 8,
                      "Actual Startup Time": 512.948,
                      "Actual Total Time": 512.953,
                      "Actual Rows": 25066,
                      "Actual Loops": 4,
                      "Hash Buckets": 524288,
                      "Original Hash Buckets": 524288,
                      "Hash Batches": 1,
                      "Original Hash Batches": 1,
                      "Peak Memory Usage": 8096,
                      "Plans": [
                        {
                          "Node Type": "Hash Join",
                          "Parent Relationship": "Outer",
                          "Parallel Aware": true,
                          "Join Type": "Inner",
                          "Startup Cost": 50220.38,
                          "Total Cost": 81996.02,
                          "Plan Rows": 137456,
                          "Plan Width": 8,
                          "Actual Startup Time": 429.671,
                          "Actual Total Time": 500.211,
                          "Actual Rows": 25066,
                          "Actual Loops": 4,
                          "Inner Unique": true,
                          "Hash Cond": "(mc.movie_id = t.id)",
                          "Plans": [
                            {
                              "Node Type": "Seq Scan",
                              "Parent Relationship": "Outer",
                              "Parallel Aware": true,
                              "Relation Name": "movie_companies",
                              "Alias": "mc",
                              "Startup Cost": 0.0,
                              "Total Cost": 31414.82,
                              "Plan Rows": 137456,
                              "Plan Width": 4,
                              "Actual Startup Time": 12.667,
                              "Actual Total Time": 68.021,
                              "Actual Rows": 25066,
                              "Actual Loops": 4,
                              "Filter": "((company_id > 24214) AND (company_type_id < 2))",
                              "Rows Removed by Filter": 627217
                            },
                            {
                              "Node Type": "Hash",
                              "Parent Relationship": "Inner",
                              "Parallel Aware": true,
                              "Startup Cost": 42319.06,
                              "Total Cost": 42319.06,
                              "Plan Rows": 632106,
                              "Plan Width": 4,
                              "Actual Startup Time": 406.952,
                              "Actual Total Time": 406.954,
                              "Actual Rows": 632078,
                              "Actual Loops": 4,
                              "Hash Buckets": 4194304,
                              "Original Hash Buckets": 4194304,
                              "Hash Batches": 1,
                              "Original Hash Batches": 1,
                              "Peak Memory Usage": 131712,
                              "Plans": [
                                {
                                  "Node Type": "Seq Scan",
                                  "Parent Relationship": "Outer",
                                  "Parallel Aware": true,
                                  "Relation Name": "title",
                                  "Alias": "t",
                                  "Startup Cost": 0.0,
                                  "Total Cost": 42319.06,
                                  "Plan Rows": 632106,
                                  "Plan Width": 4,
                                  "Actual Startup Time": 0.06,
                                  "Actual Total Time": 114.474,
                                  "Actual Rows": 632078,
                                  "Actual Loops": 4
                                }
                              ]
                            }
                          ]
                        }
                      ]
                    }
                  ]
                }
              ]
            }
          ]
        }
      ]
    },
    "Planning Time": 0.891,
    "Triggers": [],
    "Execution Time": 760.597
  }
]