[
  {
    "Plan": {
      "Node Type": "Aggregate",
      "Strategy": "Plain",
      "Partial Mode": "Finalize",
      "Parallel Aware": false,
      "Startup Cost": 127909.46,
      "Total Cost": 127909.47,
      "Plan Rows": 1,
      "Plan Width": 8,
      "Actual Startup Time": 438.177,
      "Actual Total Time": 461.485,
      "Actual Rows": 1,
      "Actual Loops": 1,
      "Plans": [
        {
          "Node Type": "Gather",
          "Parent Relationship": "Outer",
          "Parallel Aware": false,
          "Startup Cost": 127909.14,
          "Total Cost": 127909.45,
          "Plan Rows": 3,
          "Plan Width": 8,
          "Actual Startup Time": 437.117,
          "Actual Total Time": 461.478,
          "Actual Rows": 4,
          "Actual Loops": 1,
          "Workers Planned": 3,
          "Workers Launched": 3,
          "Single Copy": false,
          "Plans": [
            {
              "Node Type": "Aggregate",
              "Strategy": "Plain",
              "Partial Mode": "Partial",
              "Parent Relationship": "Outer",
              "Parallel Aware": false,
              "Startup Cost": 126909.14,
              "Total Cost": 126909.15,
              "Plan Rows": 1,
              "Plan Width": 8,
              "Actual Startup Time": 427.993,
              "Actual Total Time": 428.059,
              "Actual Rows": 1,
              "Actual Loops": 4,
              "Plans": [
                {
                  "Node Type": "Hash Join",
                  "Parent Relationship": "Outer",
                  "Parallel Aware": true,
                  "Join Type": "Inner",
                  "Startup Cost": 80218.62,
                  "Total Cost": 126548.73,
                  "Plan Rows": 144166,
                  "Plan Width": 0,
                  "Actual Startup Time": 292.501,
                  "Actual Total Time": 420.044,
                  "Actual Rows": 202977,
                  "Actual Loops": 4,
                  "Inner Unique": false,
                  "Hash Cond": "(mk.movie_id = t.id)",
                  "Plans": [
                    {
                      "Node Type": "Seq Scan",
                      "Parent Relationship": "Outer",
                      "Parallel Aware": true,
                      "Relation Name": "movie_keyword",
                      "Alias": "mk",
                      "Startup Cost": 0.0,
                      "Total Cost": 42695.65,
                      "Plan Rows": 873079,
                      "Plan Width": 4,
                      "Actual Startup Time": 0.033,
                      "Actual Total Time": 103.817,
                      "Actual Rows": 674994,
                      "Actual Loops": 4,
                      "Filter": "(keyword_id < 7635)",
                      "Rows Removed by Filter": 455989
                    },
                    {
                      "Node Type": "Hash",
                      "Parent Relationship": "Inner",
                      "Parallel Aware": true,
                      "Startup Cost": 78914.0,
                      "Total Cost": 78914.0,
                      "Plan Rows": 104370,
                      "Plan Width": 8,
                      "Actual Startup Time": 248.844,
                      "Actual Total Time": 248.909,
                      "Actual Rows": 25066,
                      "Actual Loops": 4,
                      "Hash Buckets": 524288,
                      "Original Hash Buckets": 524288,
                      "Hash Batches": 1,
                      "Original Hash Batches": 1,
                      "Peak Memory Usage": 8096,
                      "Plans": [
                        {
                          "Node Type": "Hash Join",
                          "Parent Relationship": "Outer",
                          "Parallel Aware": true,
                          "Join Type": "Inner",
                          "Startup Cost": 33098.22,
                          "Total Cost": 78914.0,
                          "Plan Rows": 104370,
                          "Plan Width": 8,
                          "Actual Startup Time": 187.395,
                          "Actual Total Time": 240.249,
                          "Actual Rows": 25066,
                          "Actual Loops": 4,
                          "Inner Unique": false,
                          "Hash Cond": "(t.id = mc.movie_id)",
                          "Plans": [
                            {
                              "Node Type": "Seq Scan",
                              "Parent Relationship": "Outer",
                              "Parallel Aware": true,
                              "Relation Name": "title",
                              "Alias": "t",
                              "Startup Cost": 0.0,
                              "Total Cost": 42318.73,
                              "Plan Rows": 632073,
                              "Plan Width": 4,
                              "Actual Startup Time": 0.01,
                              "Actual Total Time": 73.751,
                              "Actual Rows": 632078,
                              "Actual Loops": 4
                            },
                            {
                              "Node Type": "Hash",
                              "Parent Relationship": "Inner",
                              "Parallel Aware": true,
                              "Startup Cost": 31414.82,
                              "Total Cost": 31414.82,
                              "Plan Rows": 134672,
                              "Plan Width": 4,
                              "Actual Startup Time": 87.817,
                              "Actual Total Time": 87.818,
                              "Actual Rows": 25066,
                              "Actual Loops": 4,
                              "Hash Buckets": 524288,
                              "Original Hash Buckets": 524288,
                              "Hash Batches": 1,
                              "Original Hash Batches": 1,
                              "Peak Memory Usage": 8064,
                              "Plans": [
                                {
                                  "Node Type": "Seq Scan",
                                  "Parent Relationship": "Outer",
                                  "Parallel Aware": true,
                                  "Relation Name": "movie_companies",
                                  "Alias": "mc",
                                  "Startup Cost": 0.0,
                                  "Total Cost": 31414.82,
                                  "Plan Rows": 134672,
                                  "Plan Width": 4,
                                  "Actual Startup Time": 24.376,
                                  "Actual Total Time": 74.892,
                                  "Actual Rows": 25066,
                                  "Actual Loops": 4,
                                  "Filter": "((company_id > 24214) AND (company_type_id < 2))",
                                  "Rows Removed by Filter": 627217
                                }
                              ]
                            }
                          ]
                        }
                      ]
                    }
                  ]
                }
              ]
            }
          ]
        }
      ]
    },
    "Planning Time": 1.364,
    "Triggers": [],
    "Execution Time": 461.564
  }
]