[
  {
    "Plan": {
      "Node Type": "Aggregate",
      "Strategy": "Plain",
      "Partial Mode": "Finalize",
      "Parallel Aware": false,
      "Startup Cost": 46443.72,
      "Total Cost": 46443.73,
      "Plan Rows": 1,
      "Plan Width": 8,
      "Actual Startup Time": 175.869,
      "Actual Total Time": 185.15,
      "Actual Rows": 1,
      "Actual Loops": 1,
      "Plans": [
        {
          "Node Type": "Gather",
          "Parent Relationship": "Outer",
          "Parallel Aware": false,
          "Startup Cost": 46443.4,
          "Total Cost": 46443.71,
          "Plan Rows": 3,
          "Plan Width": 8,
          "Actual Startup Time": 175.741,
          "Actual Total Time": 185.142,
          "Actual Rows": 4,
          "Actual Loops": 1,
          "Workers Planned": 3,
          "Workers Launched": 3,
          "Single Copy": false,
          "Plans": [
            {
              "Node Type": "Aggregate",
              "Strategy": "Plain",
              "Partial Mode": "Partial",
              "Parent Relationship": "Outer",
              "Parallel Aware": false,
              "Startup Cost": 45443.4,
              "Total Cost": 45443.41,
              "Plan Rows": 1,
              "Plan Width": 8,
              "Actual Startup Time": 167.084,
              "Actual Total Time": 167.084,
              "Actual Rows": 1,
              "Actual Loops": 4,
              "Plans": [
                {
                  "Node Type": "Seq Scan",
                  "Parent Relationship": "Outer",
                  "Parallel Aware": true,
                  "Relation Name": "movie_keyword",
                  "Alias": "mk",
                  "Startup Cost": 0.0,
                  "Total Cost": 42695.65,
                  "Plan Rows": 1099100,
                  "Plan Width": 0,
                  "Actual Startup Time": 0.124,
                  "Actual Total Time": 127.161,
                  "Actual Rows": 849756,
                  "Actual Loops": 4,
                  "Filter": "(keyword_id > 1214)",
                  "Rows Removed by Filter": 281227
                }
              ]
            }
          ]
        }
      ]
    },
    "Planning Time": 0.111,
    "Triggers": [],
    "Execution Time": 185.186
  }
]