{
  "Plan": {
    "Node Type": "Aggregate",
    "Strategy": "Plain",
    "Partial Mode": "Finalize",
    "Parallel Aware": false,
    "Startup Cost": 602891.24,
    "Total Cost": 602891.25,
    "Plan Rows": 1,
    "Plan Width": 8,
    "Actual Startup Time": 2603.322,
    "Actual Total Time": 2653.963,
    "Actual Rows": 1,
    "Actual Loops": 1,
    "Plans": [
      {
        "Node Type": "Gather",
        "Parent Relationship": "Outer",
        "Parallel Aware": false,
        "Startup Cost": 602891.13,
        "Total Cost": 602891.24,
        "Plan Rows": 1,
        "Plan Width": 8,
        "Actual Startup Time": 2602.362,
        "Actual Total Time": 2653.955,
        "Actual Rows": 2,
        "Actual Loops": 1,
        "Workers Planned": 1,
        "Workers Launched": 1,
        "Single Copy": false,
        "Plans": [
          {
            "Node Type": "Aggregate",
            "Strategy": "Plain",
            "Partial Mode": "Partial",
            "Parent Relationship": "Outer",
            "Parallel Aware": false,
            "Startup Cost": 601891.13,
            "Total Cost": 601891.14,
            "Plan Rows": 1,
            "Plan Width": 8,
            "Actual Startup Time": 2597.652,
            "Actual Total Time": 2597.655,
            "Actual Rows": 1,
            "Actual Loops": 2,
            "Plans": [
              {
                "Node Type": "Hash Join",
                "Parent Relationship": "Outer",
                "Parallel Aware": true,
                "Join Type": "Inner",
                "Startup Cost": 60141.03,
                "Total Cost": 599942.63,
                "Plan Rows": 779398,
                "Plan Width": 0,
                "Actual Startup Time": 720.123,
                "Actual Total Time": 2568.138,
                "Actual Rows": 666316,
                "Actual Loops": 2,
                "Inner Unique": true,
                "Hash Cond": "(ci.movie_id = t.id)",
                "Plans": [
                  {
                    "Node Type": "Seq Scan",
                    "Parent Relationship": "Outer",
                    "Parallel Aware": true,
                    "Relation Name": "cast_info",
                    "Alias": "ci",
                    "Startup Cost": 0.0,
                    "Total Cost": 519069.44,
                    "Plan Rows": 7897954,
                    "Plan Width": 4,
                    "Actual Startup Time": 534.108,
                    "Actual Total Time": 1337.257,
                    "Actual Rows": 6700903,
                    "Actual Loops": 2,
                    "Filter": "(person_id > 2332861)",
                    "Rows Removed by Filter": 11421269
                  },
                  {
                    "Node Type": "Hash",
                    "Parent Relationship": "Inner",
                    "Parallel Aware": true,
                    "Startup Cost": 58306.47,
                    "Total Cost": 58306.47,
                    "Plan Rows": 146765,
                    "Plan Width": 4,
                    "Actual Startup Time": 182.665,
                    "Actual Total Time": 182.666,
                    "Actual Rows": 182812,
                    "Actual Loops": 2,
                    "Hash Buckets": 524288,
                    "Original Hash Buckets": 262144,
                    "Hash Batches": 1,
                    "Original Hash Batches": 1,
                    "Peak Memory Usage": 20480,
                    "Plans": [
                      {
                        "Node Type": "Seq Scan",
                        "Parent Relationship": "Outer",
                        "Parallel Aware": true,
                        "Relation Name": "title",
                        "Alias": "t",
                        "Startup Cost": 0.0,
                        "Total Cost": 58306.47,
                        "Plan Rows": 146765,
                        "Plan Width": 4,
                        "Actual Startup Time": 0.053,
                        "Actual Total Time": 139.734,
                        "Actual Rows": 182812,
                        "Actual Loops": 2,
                        "Filter": "((kind_id < 7) AND (production_year < 1988))",
                        "Rows Removed by Filter": 1081344
                      }
                    ]
                  }
                ]
              }
            ]
          }
        ]
      }
    ]
  },
  "Planning Time": 0.522,
  "Triggers": [],
  "Execution Time": 2654.042
}