{
  "Plan": {
    "Node Type": "Hash Join",
    "Parallel Aware": false,
    "Join Type": "Inner",
    "Startup Cost": 149150.07,
    "Total Cost": 1326378.2,
    "Plan Rows": 7435358,
    "Plan Width": 4,
    "Actual Startup Time": 1183.94,
    "Actual Total Time": 16058.039,
    "Actual Rows": 15810687,
    "Actual Loops": 1,
    "Inner Unique": true,
    "Hash Cond": "(mc.company_id = cn.id)",
    "Plans": [
      {
        "Node Type": "Hash Join",
        "Parent Relationship": "Outer",
        "Parallel Aware": false,
        "Join Type": "Inner",
        "Startup Cost": 140867.64,
        "Total Cost": 1298577.6,
        "Plan Rows": 7435358,
        "Plan Width": 4,
        "Actual Startup Time": 1112.523,
        "Actual Total Time": 13910.522,
        "Actual Rows": 15810687,
        "Actual Loops": 1,
        "Inner Unique": true,
        "Hash Cond": "(t.kind_id = kt.id)",
        "Plans": [
          {
            "Node Type": "Hash Join",
            "Parent Relationship": "Outer",
            "Parallel Aware": false,
            "Join Type": "Inner",
            "Startup Cost": 140866.48,
            "Total Cost": 1267241.71,
            "Plan Rows": 7435358,
            "Plan Width": 8,
            "Actual Startup Time": 1112.502,
            "Actual Total Time": 12177.368,
            "Actual Rows": 15810687,
            "Actual Loops": 1,
            "Inner Unique": false,
            "Hash Cond": "(ci.movie_id = mc.movie_id)",
            "Plans": [
              {
                "Node Type": "Seq Scan",
                "Parent Relationship": "Outer",
                "Parallel Aware": false,
                "Relation Name": "cast_info",
                "Alias": "ci",
                "Startup Cost": 0.0,
                "Total Cost": 615265.24,
                "Plan Rows": 36257824,
                "Plan Width": 4,
                "Actual Startup Time": 0.008,
                "Actual Total Time": 2390.499,
                "Actual Rows": 36244344,
                "Actual Loops": 1
              },
              {
                "Node Type": "Hash",
                "Parent Relationship": "Inner",
                "Parallel Aware": false,
                "Startup Cost": 134385.0,
                "Total Cost": 134385.0,
                "Plan Rows": 518519,
                "Plan Width": 16,
                "Actual Startup Time": 1111.764,
                "Actual Total Time": 1111.77,
                "Actual Rows": 521808,
                "Actual Loops": 1,
                "Hash Buckets": 524288,
                "Original Hash Buckets": 524288,
                "Hash Batches": 1,
                "Original Hash Batches": 1,
                "Peak Memory Usage": 28556,
                "Plans": [
                  {
                    "Node Type": "Hash Join",
                    "Parent Relationship": "Outer",
                    "Parallel Aware": false,
                    "Join Type": "Inner",
                    "Startup Cost": 45792.26,
                    "Total Cost": 134385.0,
                    "Plan Rows": 518519,
                    "Plan Width": 16,
                    "Actual Startup Time": 243.881,
                    "Actual Total Time": 1008.654,
                    "Actual Rows": 521808,
                    "Actual Loops": 1,
                    "Inner Unique": false,
                    "Hash Cond": "(t.id = mc.movie_id)",
                    "Plans": [
                      {
                        "Node Type": "Seq Scan",
                        "Parent Relationship": "Outer",
                        "Parallel Aware": false,
                        "Relation Name": "title",
                        "Alias": "t",
                        "Startup Cost": 0.0,
                        "Total Cost": 61283.09,
                        "Plan Rows": 2528509,
                        "Plan Width": 8,
                        "Actual Startup Time": 0.01,
                        "Actual Total Time": 205.104,
                        "Actual Rows": 2528312,
                        "Actual Loops": 1
                      },
                      {
                        "Node Type": "Hash",
                        "Parent Relationship": "Inner",
                        "Parallel Aware": false,
                        "Startup Cost": 39310.78,
                        "Total Cost": 39310.78,
                        "Plan Rows": 518519,
                        "Plan Width": 8,
                        "Actual Startup Time": 243.102,
                        "Actual Total Time": 243.106,
                        "Actual Rows": 521808,
                        "Actual Loops": 1,
                        "Hash Buckets": 524288,
                        "Original Hash Buckets": 524288,
                        "Hash Batches": 1,
                        "Original Hash Batches": 1,
                        "Peak Memory Usage": 24480,
                        "Plans": [
                          {
                            "Node Type": "Hash Join",
                            "Parent Relationship": "Outer",
                            "Parallel Aware": false,
                            "Join Type": "Inner",
                            "Startup Cost": 11236.04,
                            "Total Cost": 39310.78,
                            "Plan Rows": 518519,
                            "Plan Width": 8,
                            "Actual Startup Time": 25.211,
                            "Actual Total Time": 173.314,
                            "Actual Rows": 521808,
                            "Actual Loops": 1,
                            "Inner Unique": true,
                            "Hash Cond": "(mc.company_type_id = ct.id)",
                            "Plans": [
                              {
                                "Node Type": "Bitmap Heap Scan",
                                "Parent Relationship": "Outer",
                                "Parallel Aware": false,
                                "Relation Name": "movie_companies",
                                "Alias": "mc",
                                "Startup Cost": 11234.95,
                                "Total Cost": 36506.44,
                                "Plan Rows": 518519,
                                "Plan Width": 12,
                                "Actual Startup Time": 25.19,
                                "Actual Total Time": 100.177,
                                "Actual Rows": 521808,
                                "Actual Loops": 1,
                                "Recheck Cond": "(company_id < 476)",
                                "Rows Removed by Index Recheck": 0,
                                "Exact Heap Blocks": 18355,
                                "Lossy Heap Blocks": 0,
                                "Plans": [
                                  {
                                    "Node Type": "Bitmap Index Scan",
                                    "Parent Relationship": "Outer",
                                    "Parallel Aware": false,
                                    "Index Name": "company_id_movie_companies",
                                    "Startup Cost": 0.0,
                                    "Total Cost": 11105.32,
                                    "Plan Rows": 518519,
                                    "Plan Width": 0,
                                    "Actual Startup Time": 22.971,
                                    "Actual Total Time": 22.971,
                                    "Actual Rows": 521808,
                                    "Actual Loops": 1,
                                    "Index Cond": "(company_id < 476)"
                                  }
                                ]
                              },
                              {
                                "Node Type": "Hash",
                                "Parent Relationship": "Inner",
                                "Parallel Aware": false,
                                "Startup Cost": 1.04,
                                "Total Cost": 1.04,
                                "Plan Rows": 4,
                                "Plan Width": 4,
                                "Actual Startup Time": 0.011,
                                "Actual Total Time": 0.011,
                                "Actual Rows": 4,
                                "Actual Loops": 1,
                                "Hash Buckets": 1024,
                                "Original Hash Buckets": 1024,
                                "Hash Batches": 1,
                                "Original Hash Batches": 1,
                                "Peak Memory Usage": 9,
                                "Plans": [
                                  {
                                    "Node Type": "Seq Scan",
                                    "Parent Relationship": "Outer",
                                    "Parallel Aware": false,
                                    "Relation Name": "company_type",
                                    "Alias": "ct",
                                    "Startup Cost": 0.0,
                                    "Total Cost": 1.04,
                                    "Plan Rows": 4,
                                    "Plan Width": 4,
                                    "Actual Startup Time": 0.008,
                                    "Actual Total Time": 0.009,
                                    "Actual Rows": 4,
                                    "Actual Loops": 1
                                  }
                                ]
                              }
                            ]
                          }
                        ]
                      }
                    ]
                  }
                ]
              }
            ]
          },
          {
            "Node Type": "Hash",
            "Parent Relationship": "Inner",
            "Parallel Aware": false,
            "Startup Cost": 1.07,
            "Total Cost": 1.07,
            "Plan Rows": 7,
            "Plan Width": 4,
            "Actual Startup Time": 0.012,
            "Actual Total Time": 0.013,
            "Actual Rows": 7,
            "Actual Loops": 1,
            "Hash Buckets": 1024,
            "Original Hash Buckets": 1024,
            "Hash Batches": 1,
            "Original Hash Batches": 1,
            "Peak Memory Usage": 9,
            "Plans": [
              {
                "Node Type": "Seq Scan",
                "Parent Relationship": "Outer",
                "Parallel Aware": false,
                "Relation Name": "kind_type",
                "Alias": "kt",
                "Startup Cost": 0.0,
                "Total Cost": 1.07,
                "Plan Rows": 7,
                "Plan Width": 4,
                "Actual Startup Time": 0.009,
                "Actual Total Time": 0.01,
                "Actual Rows": 7,
                "Actual Loops": 1
              }
            ]
          }
        ]
      },
      {
        "Node Type": "Hash",
        "Parent Relationship": "Inner",
        "Parallel Aware": false,
        "Startup Cost": 5344.97,
        "Total Cost": 5344.97,
        "Plan Rows": 234997,
        "Plan Width": 4,
        "Actual Startup Time": 71.067,
        "Actual Total Time": 71.068,
        "Actual Rows": 234997,
        "Actual Loops": 1,
        "Hash Buckets": 262144,
        "Original Hash Buckets": 262144,
        "Hash Batches": 1,
        "Original Hash Batches": 1,
        "Peak Memory Usage": 10310,
        "Plans": [
          {
            "Node Type": "Seq Scan",
            "Parent Relationship": "Outer",
            "Parallel Aware": false,
            "Relation Name": "company_name",
            "Alias": "cn",
            "Startup Cost": 0.0,
            "Total Cost": 5344.97,
            "Plan Rows": 234997,
            "Plan Width": 4,
            "Actual Startup Time": 0.027,
            "Actual Total Time": 34.258,
            "Actual Rows": 234997,
            "Actual Loops": 1
          }
        ]
      }
    ]
  },
  "Planning Time": 1.398,
  "Triggers": [],
  "Execution Time": 16516.36
}