{
  "Plan": {
    "Node Type": "Aggregate",
    "Strategy": "Plain",
    "Partial Mode": "Finalize",
    "Parallel Aware": false,
    "Startup Cost": 85572.71,
    "Total Cost": 85572.72,
    "Plan Rows": 1,
    "Plan Width": 8,
    "Actual Startup Time": 88.491,
    "Actual Total Time": 100.124,
    "Actual Rows": 1,
    "Actual Loops": 1,
    "Plans": [
      {
        "Node Type": "Gather",
        "Parent Relationship": "Outer",
        "Parallel Aware": false,
        "Startup Cost": 85572.6,
        "Total Cost": 85572.71,
        "Plan Rows": 1,
        "Plan Width": 8,
        "Actual Startup Time": 88.361,
        "Actual Total Time": 100.119,
        "Actual Rows": 2,
        "Actual Loops": 1,
        "Workers Planned": 1,
        "Workers Launched": 1,
        "Single Copy": false,
        "Plans": [
          {
            "Node Type": "Aggregate",
            "Strategy": "Plain",
            "Partial Mode": "Partial",
            "Parent Relationship": "Outer",
            "Parallel Aware": false,
            "Startup Cost": 84572.6,
            "Total Cost": 84572.61,
            "Plan Rows": 1,
            "Plan Width": 8,
            "Actual Startup Time": 81.566,
            "Actual Total Time": 81.568,
            "Actual Rows": 1,
            "Actual Loops": 2,
            "Plans": [
              {
                "Node Type": "Nested Loop",
                "Parent Relationship": "Outer",
                "Parallel Aware": false,
                "Join Type": "Inner",
                "Startup Cost": 390.28,
                "Total Cost": 84562.08,
                "Plan Rows": 4209,
                "Plan Width": 0,
                "Actual Startup Time": 8.666,
                "Actual Total Time": 80.585,
                "Actual Rows": 10092,
                "Actual Loops": 2,
                "Inner Unique": true,
                "Plans": [
                  {
                    "Node Type": "Bitmap Heap Scan",
                    "Parent Relationship": "Outer",
                    "Parallel Aware": true,
                    "Relation Name": "movie_keyword",
                    "Alias": "mk",
                    "Startup Cost": 389.85,
                    "Total Cost": 24291.7,
                    "Plan Rows": 10734,
                    "Plan Width": 4,
                    "Actual Startup Time": 8.542,
                    "Actual Total Time": 29.765,
                    "Actual Rows": 10261,
                    "Actual Loops": 2,
                    "Recheck Cond": "(keyword_id = 382)",
                    "Rows Removed by Index Recheck": 0,
                    "Exact Heap Blocks": 8138,
                    "Lossy Heap Blocks": 0,
                    "Plans": [
                      {
                        "Node Type": "Bitmap Index Scan",
                        "Parent Relationship": "Outer",
                        "Parallel Aware": false,
                        "Index Name": "keyword_id_movie_keyword",
                        "Startup Cost": 0.0,
                        "Total Cost": 385.28,
                        "Plan Rows": 18247,
                        "Plan Width": 0,
                        "Actual Startup Time": 8.704,
                        "Actual Total Time": 8.705,
                        "Actual Rows": 20522,
                        "Actual Loops": 1,
                        "Index Cond": "(keyword_id = 382)"
                      }
                    ]
                  },
                  {
                    "Node Type": "Index Scan",
                    "Parent Relationship": "Inner",
                    "Parallel Aware": false,
                    "Scan Direction": "Forward",
                    "Index Name": "title_pkey",
                    "Relation Name": "title",
                    "Alias": "t",
                    "Startup Cost": 0.43,
                    "Total Cost": 5.61,
                    "Plan Rows": 1,
                    "Plan Width": 4,
                    "Actual Startup Time": 0.005,
                    "Actual Total Time": 0.005,
                    "Actual Rows": 1,
                    "Actual Loops": 20522,
                    "Index Cond": "(id = mk.movie_id)",
                    "Rows Removed by Index Recheck": 0,
                    "Filter": "(kind_id < 7)",
                    "Rows Removed by Filter": 0
                  }
                ]
              }
            ]
          }
        ]
      }
    ]
  },
  "Planning Time": 0.484,
  "Triggers": [],
  "Execution Time": 100.214
}