[
    {
        "Bao": {
            "Bao prediction": "NaN",
            "Bao recommended hint": "(no hint)"
        }
    },
    {
        "Plan": {
            "Node Type": "Aggregate",
            "Strategy": "Plain",
            "Partial Mode": "Finalize",
            "Parallel Aware": false,
            "Startup Cost": 210347.33,
            "Total Cost": 210347.34,
            "Plan Rows": 1,
            "Plan Width": 8,
            "Actual Startup Time": 192.801,
            "Actual Total Time": 201.799,
            "Actual Rows": 1,
            "Actual Loops": 1,
            "Output": [
                "count(*)"
            ],
            "Plans": [
                {
                    "Node Type": "Gather",
                    "Parent Relationship": "Outer",
                    "Parallel Aware": false,
                    "Startup Cost": 210346.81,
                    "Total Cost": 210347.32,
                    "Plan Rows": 5,
                    "Plan Width": 8,
                    "Actual Startup Time": 187.179,
                    "Actual Total Time": 201.777,
                    "Actual Rows": 6,
                    "Actual Loops": 1,
                    "Output": [
                        "(PARTIAL count(*))"
                    ],
                    "Workers Planned": 5,
                    "Workers Launched": 5,
                    "Single Copy": false,
                    "Plans": [
                        {
                            "Node Type": "Aggregate",
                            "Strategy": "Plain",
                            "Partial Mode": "Partial",
                            "Parent Relationship": "Outer",
                            "Parallel Aware": false,
                            "Startup Cost": 209346.81,
                            "Total Cost": 209346.82,
                            "Plan Rows": 1,
                            "Plan Width": 8,
                            "Actual Startup Time": 176.164,
                            "Actual Total Time": 176.167,
                            "Actual Rows": 1,
                            "Actual Loops": 6,
                            "Output": [
                                "PARTIAL count(*)"
                            ],
                            "Workers": [
                                {
                                    "Worker Number": 0,
                                    "Actual Startup Time": 174.368,
                                    "Actual Total Time": 174.371,
                                    "Actual Rows": 1,
                                    "Actual Loops": 1
                                },
                                {
                                    "Worker Number": 1,
                                    "Actual Startup Time": 174.022,
                                    "Actual Total Time": 174.026,
                                    "Actual Rows": 1,
                                    "Actual Loops": 1
                                },
                                {
                                    "Worker Number": 2,
                                    "Actual Startup Time": 173.728,
                                    "Actual Total Time": 173.729,
                                    "Actual Rows": 1,
                                    "Actual Loops": 1
                                },
                                {
                                    "Worker Number": 3,
                                    "Actual Startup Time": 174.169,
                                    "Actual Total Time": 174.172,
                                    "Actual Rows": 1,
                                    "Actual Loops": 1
                                },
                                {
                                    "Worker Number": 4,
                                    "Actual Startup Time": 174.147,
                                    "Actual Total Time": 174.149,
                                    "Actual Rows": 1,
                                    "Actual Loops": 1
                                }
                            ],
                            "Plans": [
                                {
                                    "Node Type": "Hash Join",
                                    "Parent Relationship": "Outer",
                                    "Parallel Aware": true,
                                    "Join Type": "Inner",
                                    "Startup Cost": 48363.53,
                                    "Total Cost": 209329.51,
                                    "Plan Rows": 6922,
                                    "Plan Width": 0,
                                    "Actual Startup Time": 161.649,
                                    "Actual Total Time": 174.956,
                                    "Actual Rows": 18838,
                                    "Actual Loops": 6,
                                    "Inner Unique": true,
                                    "Hash Cond": "(mi.movie_id = t.id)",
                                    "Workers": [
                                        {
                                            "Worker Number": 0,
                                            "Actual Startup Time": 159.441,
                                            "Actual Total Time": 173.139,
                                            "Actual Rows": 16502,
                                            "Actual Loops": 1
                                        },
                                        {
                                            "Worker Number": 1,
                                            "Actual Startup Time": 159.669,
                                            "Actual Total Time": 172.787,
                                            "Actual Rows": 16303,
                                            "Actual Loops": 1
                                        },
                                        {
                                            "Worker Number": 2,
                                            "Actual Startup Time": 159.231,
                                            "Actual Total Time": 172.565,
                                            "Actual Rows": 20662,
                                            "Actual Loops": 1
                                        },
                                        {
                                            "Worker Number": 3,
                                            "Actual Startup Time": 159.547,
                                            "Actual Total Time": 172.975,
                                            "Actual Rows": 20512,
                                            "Actual Loops": 1
                                        },
                                        {
                                            "Worker Number": 4,
                                            "Actual Startup Time": 159.819,
                                            "Actual Total Time": 172.986,
                                            "Actual Rows": 20015,
                                            "Actual Loops": 1
                                        }
                                    ],
                                    "Plans": [
                                        {
                                            "Node Type": "Bitmap Heap Scan",
                                            "Parent Relationship": "Outer",
                                            "Parallel Aware": true,
                                            "Relation Name": "movie_info",
                                            "Schema": "public",
                                            "Alias": "mi",
                                            "Startup Cost": 2366.55,
                                            "Total Cost": 163264.1,
                                            "Plan Rows": 26067,
                                            "Plan Width": 4,
                                            "Actual Startup Time": 10.399,
                                            "Actual Total Time": 15.19,
                                            "Actual Rows": 23344,
                                            "Actual Loops": 6,
                                            "Output": [
                                                "mi.id",
                                                "mi.movie_id",
                                                "mi.info_type_id",
                                                "mi.info",
                                                "mi.note"
                                            ],
                                            "Recheck Cond": "(mi.info_type_id = 9)",
                                            "Rows Removed by Index Recheck": 0,
                                            "Exact Heap Blocks": 284,
                                            "Lossy Heap Blocks": 0,
                                            "Workers": [
                                                {
                                                    "Worker Number": 0,
                                                    "Actual Startup Time": 10.446,
                                                    "Actual Total Time": 15.477,
                                                    "Actual Rows": 20240,
                                                    "Actual Loops": 1
                                                },
                                                {
                                                    "Worker Number": 1,
                                                    "Actual Startup Time": 10.389,
                                                    "Actual Total Time": 15.425,
                                                    "Actual Rows": 20297,
                                                    "Actual Loops": 1
                                                },
                                                {
                                                    "Worker Number": 2,
                                                    "Actual Startup Time": 10.542,
                                                    "Actual Total Time": 15.463,
                                                    "Actual Rows": 25711,
                                                    "Actual Loops": 1
                                                },
                                                {
                                                    "Worker Number": 3,
                                                    "Actual Startup Time": 10.355,
                                                    "Actual Total Time": 15.12,
                                                    "Actual Rows": 25432,
                                                    "Actual Loops": 1
                                                },
                                                {
                                                    "Worker Number": 4,
                                                    "Actual Startup Time": 10.36,
                                                    "Actual Total Time": 15.22,
                                                    "Actual Rows": 24897,
                                                    "Actual Loops": 1
                                                }
                                            ],
                                            "Plans": [
                                                {
                                                    "Node Type": "Bitmap Index Scan",
                                                    "Parent Relationship": "Outer",
                                                    "Parallel Aware": false,
                                                    "Index Name": "info_type_id_movie_info",
                                                    "Startup Cost": 0.0,
                                                    "Total Cost": 2333.96,
                                                    "Plan Rows": 130337,
                                                    "Plan Width": 0,
                                                    "Actual Startup Time": 7.032,
                                                    "Actual Total Time": 7.033,
                                                    "Actual Rows": 140065,
                                                    "Actual Loops": 1,
                                                    "Index Cond": "(mi.info_type_id = 9)"
                                                }
                                            ]
                                        },
                                        {
                                            "Node Type": "Hash",
                                            "Parent Relationship": "Inner",
                                            "Parallel Aware": true,
                                            "Startup Cost": 43899.01,
                                            "Total Cost": 43899.01,
                                            "Plan Rows": 167838,
                                            "Plan Width": 4,
                                            "Actual Startup Time": 145.78,
                                            "Actual Total Time": 145.78,
                                            "Actual Rows": 110471,
                                            "Actual Loops": 6,
                                            "Output": [
                                                "t.id"
                                            ],
                                            "Hash Buckets": 1048576,
                                            "Original Hash Buckets": 1048576,
                                            "Hash Batches": 1,
                                            "Original Hash Batches": 1,
                                            "Peak Memory Usage": 34208,
                                            "Workers": [
                                                {
                                                    "Worker Number": 0,
                                                    "Actual Startup Time": 146.555,
                                                    "Actual Total Time": 146.556,
                                                    "Actual Rows": 87528,
                                                    "Actual Loops": 1
                                                },
                                                {
                                                    "Worker Number": 1,
                                                    "Actual Startup Time": 146.717,
                                                    "Actual Total Time": 146.719,
                                                    "Actual Rows": 88974,
                                                    "Actual Loops": 1
                                                },
                                                {
                                                    "Worker Number": 2,
                                                    "Actual Startup Time": 146.496,
                                                    "Actual Total Time": 146.496,
                                                    "Actual Rows": 121755,
                                                    "Actual Loops": 1
                                                },
                                                {
                                                    "Worker Number": 3,
                                                    "Actual Startup Time": 146.692,
                                                    "Actual Total Time": 146.693,
                                                    "Actual Rows": 125896,
                                                    "Actual Loops": 1
                                                },
                                                {
                                                    "Worker Number": 4,
                                                    "Actual Startup Time": 146.707,
                                                    "Actual Total Time": 146.708,
                                                    "Actual Rows": 128642,
                                                    "Actual Loops": 1
                                                }
                                            ],
                                            "Plans": [
                                                {
                                                    "Node Type": "Seq Scan",
                                                    "Parent Relationship": "Outer",
                                                    "Parallel Aware": true,
                                                    "Relation Name": "title",
                                                    "Schema": "public",
                                                    "Alias": "t",
                                                    "Startup Cost": 0.0,
                                                    "Total Cost": 43899.01,
                                                    "Plan Rows": 167838,
                                                    "Plan Width": 4,
                                                    "Actual Startup Time": 49.419,
                                                    "Actual Total Time": 94.155,
                                                    "Actual Rows": 110471,
                                                    "Actual Loops": 6,
                                                    "Output": [
                                                        "t.id"
                                                    ],
                                                    "Filter": "(t.kind_id < 2)",
                                                    "Rows Removed by Filter": 310914,
                                                    "Workers": [
                                                        {
                                                            "Worker Number": 0,
                                                            "Actual Startup Time": 58.122,
                                                            "Actual Total Time": 95.912,
                                                            "Actual Rows": 87528,
                                                            "Actual Loops": 1
                                                        },
                                                        {
                                                            "Worker Number": 1,
                                                            "Actual Startup Time": 58.059,
                                                            "Actual Total Time": 95.647,
                                                            "Actual Rows": 88974,
                                                            "Actual Loops": 1
                                                        },
                                                        {
                                                            "Worker Number": 2,
                                                            "Actual Startup Time": 58.12,
                                                            "Actual Total Time": 93.232,
                                                            "Actual Rows": 121755,
                                                            "Actual Loops": 1
                                                        },
                                                        {
                                                            "Worker Number": 3,
                                                            "Actual Startup Time": 57.933,
                                                            "Actual Total Time": 94.692,
                                                            "Actual Rows": 125896,
                                                            "Actual Loops": 1
                                                        },
                                                        {
                                                            "Worker Number": 4,
                                                            "Actual Startup Time": 58.187,
                                                            "Actual Total Time": 94.319,
                                                            "Actual Rows": 128642,
                                                            "Actual Loops": 1
                                                        }
                                                    ]
                                                }
                                            ]
                                        }
                                    ]
                                }
                            ]
                        }
                    ]
                }
            ]
        },
        "Planning Time": 307.048,
        "Triggers": [],
        "Execution Time": 201.914
    }
]