[
    {
        "Bao": {
            "Bao prediction": "NaN",
            "Bao recommended hint": "(no hint)"
        }
    },
    {
        "Plan": {
            "Node Type": "Aggregate",
            "Strategy": "Plain",
            "Partial Mode": "Finalize",
            "Parallel Aware": false,
            "Startup Cost": 250386.29,
            "Total Cost": 250386.3,
            "Plan Rows": 1,
            "Plan Width": 8,
            "Actual Startup Time": 610.041,
            "Actual Total Time": 636.167,
            "Actual Rows": 1,
            "Actual Loops": 1,
            "Output": [
                "count(*)"
            ],
            "Plans": [
                {
                    "Node Type": "Gather",
                    "Parent Relationship": "Outer",
                    "Parallel Aware": false,
                    "Startup Cost": 250385.77,
                    "Total Cost": 250386.28,
                    "Plan Rows": 5,
                    "Plan Width": 8,
                    "Actual Startup Time": 609.043,
                    "Actual Total Time": 636.156,
                    "Actual Rows": 6,
                    "Actual Loops": 1,
                    "Output": [
                        "(PARTIAL count(*))"
                    ],
                    "Workers Planned": 5,
                    "Workers Launched": 5,
                    "Single Copy": false,
                    "Plans": [
                        {
                            "Node Type": "Aggregate",
                            "Strategy": "Plain",
                            "Partial Mode": "Partial",
                            "Parent Relationship": "Outer",
                            "Parallel Aware": false,
                            "Startup Cost": 249385.77,
                            "Total Cost": 249385.78,
                            "Plan Rows": 1,
                            "Plan Width": 8,
                            "Actual Startup Time": 598.538,
                            "Actual Total Time": 598.541,
                            "Actual Rows": 1,
                            "Actual Loops": 6,
                            "Output": [
                                "PARTIAL count(*)"
                            ],
                            "Workers": [
                                {
                                    "Worker Number": 0,
                                    "Actual Startup Time": 596.048,
                                    "Actual Total Time": 596.05,
                                    "Actual Rows": 1,
                                    "Actual Loops": 1
                                },
                                {
                                    "Worker Number": 1,
                                    "Actual Startup Time": 596.457,
                                    "Actual Total Time": 596.459,
                                    "Actual Rows": 1,
                                    "Actual Loops": 1
                                },
                                {
                                    "Worker Number": 2,
                                    "Actual Startup Time": 596.376,
                                    "Actual Total Time": 596.378,
                                    "Actual Rows": 1,
                                    "Actual Loops": 1
                                },
                                {
                                    "Worker Number": 3,
                                    "Actual Startup Time": 596.37,
                                    "Actual Total Time": 596.372,
                                    "Actual Rows": 1,
                                    "Actual Loops": 1
                                },
                                {
                                    "Worker Number": 4,
                                    "Actual Startup Time": 597.595,
                                    "Actual Total Time": 597.597,
                                    "Actual Rows": 1,
                                    "Actual Loops": 1
                                }
                            ],
                            "Plans": [
                                {
                                    "Node Type": "Hash Join",
                                    "Parent Relationship": "Outer",
                                    "Parallel Aware": true,
                                    "Join Type": "Inner",
                                    "Startup Cost": 45685.51,
                                    "Total Cost": 249268.83,
                                    "Plan Rows": 46775,
                                    "Plan Width": 0,
                                    "Actual Startup Time": 109.593,
                                    "Actual Total Time": 597.119,
                                    "Actual Rows": 22449,
                                    "Actual Loops": 6,
                                    "Inner Unique": true,
                                    "Hash Cond": "(mi.movie_id = t.id)",
                                    "Workers": [
                                        {
                                            "Worker Number": 0,
                                            "Actual Startup Time": 107.039,
                                            "Actual Total Time": 594.64,
                                            "Actual Rows": 16566,
                                            "Actual Loops": 1
                                        },
                                        {
                                            "Worker Number": 1,
                                            "Actual Startup Time": 107.799,
                                            "Actual Total Time": 595.028,
                                            "Actual Rows": 16858,
                                            "Actual Loops": 1
                                        },
                                        {
                                            "Worker Number": 2,
                                            "Actual Startup Time": 107.235,
                                            "Actual Total Time": 595.024,
                                            "Actual Rows": 24464,
                                            "Actual Loops": 1
                                        },
                                        {
                                            "Worker Number": 3,
                                            "Actual Startup Time": 107.477,
                                            "Actual Total Time": 594.993,
                                            "Actual Rows": 25346,
                                            "Actual Loops": 1
                                        },
                                        {
                                            "Worker Number": 4,
                                            "Actual Startup Time": 108.548,
                                            "Actual Total Time": 596.175,
                                            "Actual Rows": 27715,
                                            "Actual Loops": 1
                                        }
                                    ],
                                    "Plans": [
                                        {
                                            "Node Type": "Seq Scan",
                                            "Parent Relationship": "Outer",
                                            "Parallel Aware": true,
                                            "Relation Name": "movie_info",
                                            "Schema": "public",
                                            "Alias": "mi",
                                            "Startup Cost": 0.0,
                                            "Total Cost": 198880.74,
                                            "Plan Rows": 1791457,
                                            "Plan Width": 4,
                                            "Actual Startup Time": 16.223,
                                            "Actual Total Time": 343.512,
                                            "Actual Rows": 1491793,
                                            "Actual Loops": 6,
                                            "Output": [
                                                "mi.id",
                                                "mi.movie_id",
                                                "mi.info_type_id",
                                                "mi.info",
                                                "mi.note"
                                            ],
                                            "Filter": "(mi.info_type_id > 6)",
                                            "Rows Removed by Filter": 980827,
                                            "Workers": [
                                                {
                                                    "Worker Number": 0,
                                                    "Actual Startup Time": 16.203,
                                                    "Actual Total Time": 351.467,
                                                    "Actual Rows": 1118782,
                                                    "Actual Loops": 1
                                                },
                                                {
                                                    "Worker Number": 1,
                                                    "Actual Startup Time": 16.157,
                                                    "Actual Total Time": 348.223,
                                                    "Actual Rows": 1139722,
                                                    "Actual Loops": 1
                                                },
                                                {
                                                    "Worker Number": 2,
                                                    "Actual Startup Time": 16.183,
                                                    "Actual Total Time": 343.805,
                                                    "Actual Rows": 1693732,
                                                    "Actual Loops": 1
                                                },
                                                {
                                                    "Worker Number": 3,
                                                    "Actual Startup Time": 16.168,
                                                    "Actual Total Time": 345.54,
                                                    "Actual Rows": 1698694,
                                                    "Actual Loops": 1
                                                },
                                                {
                                                    "Worker Number": 4,
                                                    "Actual Startup Time": 16.309,
                                                    "Actual Total Time": 350.766,
                                                    "Actual Rows": 1737757,
                                                    "Actual Loops": 1
                                                }
                                            ]
                                        },
                                        {
                                            "Node Type": "Hash",
                                            "Parent Relationship": "Inner",
                                            "Parallel Aware": true,
                                            "Startup Cost": 45479.21,
                                            "Total Cost": 45479.21,
                                            "Plan Rows": 16504,
                                            "Plan Width": 4,
                                            "Actual Startup Time": 91.973,
                                            "Actual Total Time": 91.974,
                                            "Actual Rows": 12421,
                                            "Actual Loops": 6,
                                            "Output": [
                                                "t.id"
                                            ],
                                            "Hash Buckets": 131072,
                                            "Original Hash Buckets": 131072,
                                            "Hash Batches": 1,
                                            "Original Hash Batches": 1,
                                            "Peak Memory Usage": 4064,
                                            "Workers": [
                                                {
                                                    "Worker Number": 0,
                                                    "Actual Startup Time": 89.664,
                                                    "Actual Total Time": 89.665,
                                                    "Actual Rows": 8842,
                                                    "Actual Loops": 1
                                                },
                                                {
                                                    "Worker Number": 1,
                                                    "Actual Startup Time": 90.094,
                                                    "Actual Total Time": 90.094,
                                                    "Actual Rows": 9336,
                                                    "Actual Loops": 1
                                                },
                                                {
                                                    "Worker Number": 2,
                                                    "Actual Startup Time": 90.042,
                                                    "Actual Total Time": 90.043,
                                                    "Actual Rows": 11593,
                                                    "Actual Loops": 1
                                                },
                                                {
                                                    "Worker Number": 3,
                                                    "Actual Startup Time": 90.037,
                                                    "Actual Total Time": 90.038,
                                                    "Actual Rows": 11532,
                                                    "Actual Loops": 1
                                                },
                                                {
                                                    "Worker Number": 4,
                                                    "Actual Startup Time": 91.304,
                                                    "Actual Total Time": 91.305,
                                                    "Actual Rows": 11688,
                                                    "Actual Loops": 1
                                                }
                                            ],
                                            "Plans": [
                                                {
                                                    "Node Type": "Seq Scan",
                                                    "Parent Relationship": "Outer",
                                                    "Parallel Aware": true,
                                                    "Relation Name": "title",
                                                    "Schema": "public",
                                                    "Alias": "t",
                                                    "Startup Cost": 0.0,
                                                    "Total Cost": 45479.21,
                                                    "Plan Rows": 16504,
                                                    "Plan Width": 4,
                                                    "Actual Startup Time": 0.071,
                                                    "Actual Total Time": 84.9,
                                                    "Actual Rows": 12421,
                                                    "Actual Loops": 6,
                                                    "Output": [
                                                        "t.id"
                                                    ],
                                                    "Filter": "((t.kind_id = 7) AND (t.production_year = 2006))",
                                                    "Rows Removed by Filter": 408965,
                                                    "Workers": [
                                                        {
                                                            "Worker Number": 0,
                                                            "Actual Startup Time": 0.07,
                                                            "Actual Total Time": 83.29,
                                                            "Actual Rows": 8842,
                                                            "Actual Loops": 1
                                                        },
                                                        {
                                                            "Worker Number": 1,
                                                            "Actual Startup Time": 0.092,
                                                            "Actual Total Time": 83.752,
                                                            "Actual Rows": 9336,
                                                            "Actual Loops": 1
                                                        },
                                                        {
                                                            "Worker Number": 2,
                                                            "Actual Startup Time": 0.11,
                                                            "Actual Total Time": 84.087,
                                                            "Actual Rows": 11593,
                                                            "Actual Loops": 1
                                                        },
                                                        {
                                                            "Worker Number": 3,
                                                            "Actual Startup Time": 0.078,
                                                            "Actual Total Time": 82.906,
                                                            "Actual Rows": 11532,
                                                            "Actual Loops": 1
                                                        },
                                                        {
                                                            "Worker Number": 4,
                                                            "Actual Startup Time": 0.054,
                                                            "Actual Total Time": 84.448,
                                                            "Actual Rows": 11688,
                                                            "Actual Loops": 1
                                                        }
                                                    ]
                                                }
                                            ]
                                        }
                                    ]
                                }
                            ]
                        }
                    ]
                }
            ]
        },
        "Planning Time": 319.042,
        "Triggers": [],
        "Execution Time": 636.276
    }
]