{
  "Plan": {
    "Node Type": "Aggregate",
    "Strategy": "Plain",
    "Partial Mode": "Finalize",
    "Parallel Aware": false,
    "Startup Cost": 113638.1,
    "Total Cost": 113638.11,
    "Plan Rows": 1,
    "Plan Width": 8,
    "Actual Startup Time": 648.037,
    "Actual Total Time": 665.356,
    "Actual Rows": 1,
    "Actual Loops": 1,
    "Plans": [
      {
        "Node Type": "Gather",
        "Parent Relationship": "Outer",
        "Parallel Aware": false,
        "Startup Cost": 113637.99,
        "Total Cost": 113638.1,
        "Plan Rows": 1,
        "Plan Width": 8,
        "Actual Startup Time": 643.682,
        "Actual Total Time": 665.347,
        "Actual Rows": 2,
        "Actual Loops": 1,
        "Workers Planned": 1,
        "Workers Launched": 1,
        "Single Copy": false,
        "Plans": [
          {
            "Node Type": "Aggregate",
            "Strategy": "Plain",
            "Partial Mode": "Partial",
            "Parent Relationship": "Outer",
            "Parallel Aware": false,
            "Startup Cost": 112637.99,
            "Total Cost": 112638.0,
            "Plan Rows": 1,
            "Plan Width": 8,
            "Actual Startup Time": 635.894,
            "Actual Total Time": 635.898,
            "Actual Rows": 1,
            "Actual Loops": 2,
            "Plans": [
              {
                "Node Type": "Hash Join",
                "Parent Relationship": "Outer",
                "Parallel Aware": true,
                "Join Type": "Inner",
                "Startup Cost": 81821.91,
                "Total Cost": 111946.57,
                "Plan Rows": 276566,
                "Plan Width": 0,
                "Actual Startup Time": 464.031,
                "Actual Total Time": 629.465,
                "Actual Rows": 137483,
                "Actual Loops": 2,
                "Inner Unique": true,
                "Hash Cond": "(mk.movie_id = t.id)",
                "Plans": [
                  {
                    "Node Type": "Bitmap Heap Scan",
                    "Parent Relationship": "Outer",
                    "Parallel Aware": true,
                    "Relation Name": "movie_keyword",
                    "Alias": "mk",
                    "Startup Cost": 13520.0,
                    "Total Cost": 42660.5,
                    "Plan Rows": 374920,
                    "Plan Width": 4,
                    "Actual Startup Time": 37.274,
                    "Actual Total Time": 114.139,
                    "Actual Rows": 324027,
                    "Actual Loops": 2,
                    "Recheck Cond": "(keyword_id < 500)",
                    "Rows Removed by Index Recheck": 0,
                    "Exact Heap Blocks": 13551,
                    "Lossy Heap Blocks": 0,
                    "Plans": [
                      {
                        "Node Type": "Bitmap Index Scan",
                        "Parent Relationship": "Outer",
                        "Parallel Aware": false,
                        "Index Name": "keyword_id_movie_keyword",
                        "Startup Cost": 0.0,
                        "Total Cost": 13360.66,
                        "Plan Rows": 637364,
                        "Plan Width": 0,
                        "Actual Startup Time": 33.634,
                        "Actual Total Time": 33.634,
                        "Actual Rows": 648054,
                        "Actual Loops": 1,
                        "Index Cond": "(keyword_id < 500)"
                      }
                    ]
                  },
                  {
                    "Node Type": "Hash",
                    "Parent Relationship": "Inner",
                    "Parallel Aware": true,
                    "Startup Cost": 54588.39,
                    "Total Cost": 54588.39,
                    "Plan Rows": 1097081,
                    "Plan Width": 4,
                    "Actual Startup Time": 412.171,
                    "Actual Total Time": 412.172,
                    "Actual Rows": 932744,
                    "Actual Loops": 2,
                    "Hash Buckets": 2097152,
                    "Original Hash Buckets": 2097152,
                    "Hash Batches": 1,
                    "Original Hash Batches": 1,
                    "Peak Memory Usage": 89376,
                    "Plans": [
                      {
                        "Node Type": "Seq Scan",
                        "Parent Relationship": "Outer",
                        "Parallel Aware": true,
                        "Relation Name": "title",
                        "Alias": "t",
                        "Startup Cost": 0.0,
                        "Total Cost": 54588.39,
                        "Plan Rows": 1097081,
                        "Plan Width": 4,
                        "Actual Startup Time": 0.028,
                        "Actual Total Time": 169.062,
                        "Actual Rows": 932744,
                        "Actual Loops": 2,
                        "Filter": "(kind_id > 1)",
                        "Rows Removed by Filter": 331412
                      }
                    ]
                  }
                ]
              }
            ]
          }
        ]
      }
    ]
  },
  "Planning Time": 0.77,
  "Triggers": [],
  "Execution Time": 665.451
}