{
  "Plan": {
    "Node Type": "Aggregate",
    "Strategy": "Plain",
    "Partial Mode": "Finalize",
    "Parallel Aware": false,
    "Startup Cost": 111507.98,
    "Total Cost": 111507.99,
    "Plan Rows": 1,
    "Plan Width": 8,
    "Actual Startup Time": 154.939,
    "Actual Total Time": 165.572,
    "Actual Rows": 1,
    "Actual Loops": 1,
    "Plans": [
      {
        "Node Type": "Gather",
        "Parent Relationship": "Outer",
        "Parallel Aware": false,
        "Startup Cost": 111507.87,
        "Total Cost": 111507.98,
        "Plan Rows": 1,
        "Plan Width": 8,
        "Actual Startup Time": 154.823,
        "Actual Total Time": 165.565,
        "Actual Rows": 2,
        "Actual Loops": 1,
        "Workers Planned": 1,
        "Workers Launched": 1,
        "Single Copy": false,
        "Plans": [
          {
            "Node Type": "Aggregate",
            "Strategy": "Plain",
            "Partial Mode": "Partial",
            "Parent Relationship": "Outer",
            "Parallel Aware": false,
            "Startup Cost": 110507.87,
            "Total Cost": 110507.88,
            "Plan Rows": 1,
            "Plan Width": 8,
            "Actual Startup Time": 148.822,
            "Actual Total Time": 148.824,
            "Actual Rows": 1,
            "Actual Loops": 2,
            "Plans": [
              {
                "Node Type": "Nested Loop",
                "Parent Relationship": "Outer",
                "Parallel Aware": false,
                "Join Type": "Inner",
                "Startup Cost": 0.43,
                "Total Cost": 110479.16,
                "Plan Rows": 11485,
                "Plan Width": 0,
                "Actual Startup Time": 0.769,
                "Actual Total Time": 148.671,
                "Actual Rows": 1813,
                "Actual Loops": 2,
                "Inner Unique": false,
                "Plans": [
                  {
                    "Node Type": "Seq Scan",
                    "Parent Relationship": "Outer",
                    "Parallel Aware": true,
                    "Relation Name": "title",
                    "Alias": "t",
                    "Startup Cost": 0.0,
                    "Total Cost": 58306.47,
                    "Plan Rows": 6419,
                    "Plan Width": 4,
                    "Actual Startup Time": 0.056,
                    "Actual Total Time": 133.761,
                    "Actual Rows": 4621,
                    "Actual Loops": 2,
                    "Filter": "((kind_id = 7) AND (production_year = 1984))",
                    "Rows Removed by Filter": 1259535
                  },
                  {
                    "Node Type": "Index Only Scan",
                    "Parent Relationship": "Inner",
                    "Parallel Aware": false,
                    "Scan Direction": "Forward",
                    "Index Name": "movie_id_movie_keyword",
                    "Relation Name": "movie_keyword",
                    "Alias": "mk",
                    "Startup Cost": 0.43,
                    "Total Cost": 7.68,
                    "Plan Rows": 45,
                    "Plan Width": 4,
                    "Actual Startup Time": 0.003,
                    "Actual Total Time": 0.003,
                    "Actual Rows": 0,
                    "Actual Loops": 9242,
                    "Index Cond": "(movie_id = t.id)",
                    "Rows Removed by Index Recheck": 0,
                    "Heap Fetches": 3626
                  }
                ]
              }
            ]
          }
        ]
      }
    ]
  },
  "Planning Time": 0.495,
  "Triggers": [],
  "Execution Time": 165.669
}