[
  {
    "Plan": {
      "Node Type": "Aggregate",
      "Strategy": "Plain",
      "Partial Mode": "Finalize",
      "Parallel Aware": false,
      "Startup Cost": 45423.55,
      "Total Cost": 45423.56,
      "Plan Rows": 1,
      "Plan Width": 8,
      "Actual Startup Time": 139.402,
      "Actual Total Time": 149.106,
      "Actual Rows": 1,
      "Actual Loops": 1,
      "Plans": [
        {
          "Node Type": "Gather",
          "Parent Relationship": "Outer",
          "Parallel Aware": false,
          "Startup Cost": 45423.23,
          "Total Cost": 45423.54,
          "Plan Rows": 3,
          "Plan Width": 8,
          "Actual Startup Time": 139.307,
          "Actual Total Time": 149.1,
          "Actual Rows": 4,
          "Actual Loops": 1,
          "Workers Planned": 3,
          "Workers Launched": 3,
          "Single Copy": false,
          "Plans": [
            {
              "Node Type": "Aggregate",
              "Strategy": "Plain",
              "Partial Mode": "Partial",
              "Parent Relationship": "Outer",
              "Parallel Aware": false,
              "Startup Cost": 44423.23,
              "Total Cost": 44423.24,
              "Plan Rows": 1,
              "Plan Width": 8,
              "Actual Startup Time": 133.846,
              "Actual Total Time": 133.847,
              "Actual Rows": 1,
              "Actual Loops": 4,
              "Plans": [
                {
                  "Node Type": "Seq Scan",
                  "Parent Relationship": "Outer",
                  "Parallel Aware": true,
                  "Relation Name": "movie_keyword",
                  "Alias": "mk",
                  "Startup Cost": 0.0,
                  "Total Cost": 42695.65,
                  "Plan Rows": 691032,
                  "Plan Width": 0,
                  "Actual Startup Time": 0.606,
                  "Actual Total Time": 109.919,
                  "Actual Rows": 535573,
                  "Actual Loops": 4,
                  "Filter": "(keyword_id > 5457)",
                  "Rows Removed by Filter": 595410
                }
              ]
            }
          ]
        }
      ]
    },
    "Planning Time": 0.142,
    "Triggers": [],
    "Execution Time": 149.151
  }
]