{
  "Plan": {
    "Node Type": "Aggregate",
    "Strategy": "Plain",
    "Partial Mode": "Finalize",
    "Parallel Aware": false,
    "Startup Cost": 233631.03,
    "Total Cost": 233631.04,
    "Plan Rows": 1,
    "Plan Width": 8,
    "Actual Startup Time": 757.159,
    "Actual Total Time": 776.678,
    "Actual Rows": 1,
    "Actual Loops": 1,
    "Plans": [
      {
        "Node Type": "Gather",
        "Parent Relationship": "Outer",
        "Parallel Aware": false,
        "Startup Cost": 233630.91,
        "Total Cost": 233631.02,
        "Plan Rows": 1,
        "Plan Width": 8,
        "Actual Startup Time": 756.619,
        "Actual Total Time": 776.671,
        "Actual Rows": 2,
        "Actual Loops": 1,
        "Workers Planned": 1,
        "Workers Launched": 1,
        "Single Copy": false,
        "Plans": [
          {
            "Node Type": "Aggregate",
            "Strategy": "Plain",
            "Partial Mode": "Partial",
            "Parent Relationship": "Outer",
            "Parallel Aware": false,
            "Startup Cost": 232630.91,
            "Total Cost": 232630.92,
            "Plan Rows": 1,
            "Plan Width": 8,
            "Actual Startup Time": 750.521,
            "Actual Total Time": 750.524,
            "Actual Rows": 1,
            "Actual Loops": 2,
            "Plans": [
              {
                "Node Type": "Merge Join",
                "Parent Relationship": "Outer",
                "Parallel Aware": false,
                "Join Type": "Inner",
                "Startup Cost": 128278.86,
                "Total Cost": 232537.43,
                "Plan Rows": 37394,
                "Plan Width": 0,
                "Actual Startup Time": 55.137,
                "Actual Total Time": 748.744,
                "Actual Rows": 30564,
                "Actual Loops": 2,
                "Inner Unique": false,
                "Merge Cond": "(t.id = mi.movie_id)",
                "Plans": [
                  {
                    "Node Type": "Index Only Scan",
                    "Parent Relationship": "Outer",
                    "Parallel Aware": true,
                    "Scan Direction": "Forward",
                    "Index Name": "title_pkey",
                    "Relation Name": "title",
                    "Alias": "t",
                    "Startup Cost": 0.43,
                    "Total Cost": 99929.35,
                    "Plan Rows": 1487231,
                    "Plan Width": 4,
                    "Actual Startup Time": 0.11,
                    "Actual Total Time": 610.921,
                    "Actual Rows": 1262796,
                    "Actual Loops": 2,
                    "Heap Fetches": 2525592
                  },
                  {
                    "Node Type": "Sort",
                    "Parent Relationship": "Inner",
                    "Parallel Aware": false,
                    "Startup Cost": 128276.34,
                    "Total Cost": 128435.26,
                    "Plan Rows": 63570,
                    "Plan Width": 4,
                    "Actual Startup Time": 54.785,
                    "Actual Total Time": 63.907,
                    "Actual Rows": 61128,
                    "Actual Loops": 2,
                    "Sort Key": [
                      "mi.movie_id"
                    ],
                    "Sort Method": "quicksort",
                    "Sort Space Used": 4402,
                    "Sort Space Type": "Memory",
                    "Workers": [
                      {
                        "Worker Number": 0,
                        "Sort Method": "quicksort",
                        "Sort Space Used": 4402,
                        "Sort Space Type": "Memory"
                      }
                    ],
                    "Plans": [
                      {
                        "Node Type": "Bitmap Heap Scan",
                        "Parent Relationship": "Outer",
                        "Parallel Aware": false,
                        "Relation Name": "movie_info",
                        "Alias": "mi",
                        "Startup Cost": 1153.1,
                        "Total Cost": 123204.7,
                        "Plan Rows": 63570,
                        "Plan Width": 4,
                        "Actual Startup Time": 11.37,
                        "Actual Total Time": 38.227,
                        "Actual Rows": 61128,
                        "Actual Loops": 2,
                        "Recheck Cond": "(info_type_id = 103)",
                        "Rows Removed by Index Recheck": 0,
                        "Exact Heap Blocks": 4954,
                        "Lossy Heap Blocks": 0,
                        "Plans": [
                          {
                            "Node Type": "Bitmap Index Scan",
                            "Parent Relationship": "Outer",
                            "Parallel Aware": false,
                            "Index Name": "info_type_id_movie_info",
                            "Startup Cost": 0.0,
                            "Total Cost": 1137.21,
                            "Plan Rows": 63570,
                            "Plan Width": 0,
                            "Actual Startup Time": 9.65,
                            "Actual Total Time": 9.65,
                            "Actual Rows": 61128,
                            "Actual Loops": 2,
                            "Index Cond": "(info_type_id = 103)"
                          }
                        ]
                      }
                    ]
                  }
                ]
              }
            ]
          }
        ]
      }
    ]
  },
  "Planning Time": 0.634,
  "Triggers": [],
  "Execution Time": 776.771
}