[
  {
    "Plan": {
      "Node Type": "Aggregate",
      "Strategy": "Plain",
      "Partial Mode": "Finalize",
      "Parallel Aware": false,
      "Startup Cost": 411417.36,
      "Total Cost": 411417.37,
      "Plan Rows": 1,
      "Plan Width": 8,
      "Actual Startup Time": 1088.098,
      "Actual Total Time": 1114.575,
      "Actual Rows": 1,
      "Actual Loops": 1,
      "Plans": [
        {
          "Node Type": "Gather",
          "Parent Relationship": "Outer",
          "Parallel Aware": false,
          "Startup Cost": 411417.04,
          "Total Cost": 411417.35,
          "Plan Rows": 3,
          "Plan Width": 8,
          "Actual Startup Time": 1078.245,
          "Actual Total Time": 1114.566,
          "Actual Rows": 4,
          "Actual Loops": 1,
          "Workers Planned": 3,
          "Workers Launched": 3,
          "Single Copy": false,
          "Plans": [
            {
              "Node Type": "Aggregate",
              "Strategy": "Plain",
              "Partial Mode": "Partial",
              "Parent Relationship": "Outer",
              "Parallel Aware": false,
              "Startup Cost": 410417.04,
              "Total Cost": 410417.05,
              "Plan Rows": 1,
              "Plan Width": 8,
              "Actual Startup Time": 1074.059,
              "Actual Total Time": 1074.437,
              "Actual Rows": 1,
              "Actual Loops": 4,
              "Plans": [
                {
                  "Node Type": "Hash Join",
                  "Parent Relationship": "Outer",
                  "Parallel Aware": true,
                  "Join Type": "Inner",
                  "Startup Cost": 363919.92,
                  "Total Cost": 409230.66,
                  "Plan Rows": 474552,
                  "Plan Width": 0,
                  "Actual Startup Time": 687.154,
                  "Actual Total Time": 1007.033,
                  "Actual Rows": 1674871,
                  "Actual Loops": 4,
                  "Inner Unique": false,
                  "Hash Cond": "(mk.movie_id = t.id)",
                  "Plans": [
                    {
                      "Node Type": "Seq Scan",
                      "Parent Relationship": "Outer",
                      "Parallel Aware": true,
                      "Relation Name": "movie_keyword",
                      "Alias": "mk",
                      "Startup Cost": 0.0,
                      "Total Cost": 39047.32,
                      "Plan Rows": 1459332,
                      "Plan Width": 4,
                      "Actual Startup Time": 0.027,
                      "Actual Total Time": 84.044,
                      "Actual Rows": 1130982,
                      "Actual Loops": 4
                    },
                    {
                      "Node Type": "Hash",
                      "Parent Relationship": "Inner",
                      "Parallel Aware": true,
                      "Startup Cost": 362207.0,
                      "Total Cost": 362207.0,
                      "Plan Rows": 137034,
                      "Plan Width": 8,
                      "Actual Startup Time": 684.386,
                      "Actual Total Time": 684.763,
                      "Actual Rows": 233901,
                      "Actual Loops": 4,
                      "Hash Buckets": 1048576,
                      "Original Hash Buckets": 1048576,
                      "Hash Batches": 1,
                      "Original Hash Batches": 1,
                      "Peak Memory Usage": 44864,
                      "Plans": [
                        {
                          "Node Type": "Hash Join",
                          "Parent Relationship": "Outer",
                          "Parallel Aware": true,
                          "Join Type": "Inner",
                          "Startup Cost": 102127.67,
                          "Total Cost": 362207.0,
                          "Plan Rows": 137034,
                          "Plan Width": 8,
                          "Actual Startup Time": 269.721,
                          "Actual Total Time": 599.701,
                          "Actual Rows": 233901,
                          "Actual Loops": 4,
                          "Inner Unique": true,
                          "Hash Cond": "(ci.movie_id = t.id)",
                          "Plans": [
                            {
                              "Node Type": "Bitmap Heap Scan",
                              "Parent Relationship": "Outer",
                              "Parallel Aware": true,
                              "Relation Name": "cast_info",
                              "Alias": "ci",
                              "Startup Cost": 55627.55,
                              "Total Cost": 314614.05,
                              "Plan Rows": 416313,
                              "Plan Width": 4,
                              "Actual Startup Time": 96.193,
                              "Actual Total Time": 229.196,
                              "Actual Rows": 652647,
                              "Actual Loops": 4,
                              "Recheck Cond": "(person_id < 251766)",
                              "Rows Removed by Index Recheck": 0,
                              "Filter": "(role_id < 11)",
                              "Rows Removed by Filter": 2343,
                              "Exact Heap Blocks": 8139,
                              "Lossy Heap Blocks": 0,
                              "Plans": [
                                {
                                  "Node Type": "Bitmap Index Scan",
                                  "Parent Relationship": "Outer",
                                  "Parallel Aware": false,
                                  "Index Name": "person_id_cast_info",
                                  "Startup Cost": 0.0,
                                  "Total Cost": 55003.08,
                                  "Plan Rows": 2519802,
                                  "Plan Width": 0,
                                  "Actual Startup Time": 91.953,
                                  "Actual Total Time": 91.953,
                                  "Actual Rows": 2619960,
                                  "Actual Loops": 1,
                                  "Index Cond": "(person_id < 251766)"
                                }
                              ]
                            },
                            {
                              "Node Type": "Hash",
                              "Parent Relationship": "Inner",
                              "Parallel Aware": true,
                              "Startup Cost": 43899.32,
                              "Total Cost": 43899.32,
                              "Plan Rows": 208064,
                              "Plan Width": 4,
                              "Actual Startup Time": 171.382,
                              "Actual Total Time": 171.382,
                              "Actual Rows": 212285,
                              "Actual Loops": 4,
                              "Hash Buckets": 1048576,
                              "Original Hash Buckets": 1048576,
                              "Hash Batches": 1,
                              "Original Hash Batches": 1,
                              "Peak Memory Usage": 41504,
                              "Plans": [
                                {
                                  "Node Type": "Seq Scan",
                                  "Parent Relationship": "Outer",
                                  "Parallel Aware": true,
                                  "Relation Name": "title",
                                  "Alias": "t",
                                  "Startup Cost": 0.0,
                                  "Total Cost": 43899.32,
                                  "Plan Rows": 208064,
                                  "Plan Width": 4,
                                  "Actual Startup Time": 0.021,
                                  "Actual Total Time": 96.023,
                                  "Actual Rows": 212285,
                                  "Actual Loops": 4,
                                  "Filter": "(production_year < 1996)",
                                  "Rows Removed by Filter": 419793
                                }
                              ]
                            }
                          ]
                        }
                      ]
                    }
                  ]
                }
              ]
            }
          ]
        }
      ]
    },
    "Planning Time": 0.488,
    "Triggers": [],
    "Execution Time": 1114.632
  }
]