[
    {
        "Bao": {
            "Bao prediction": "NaN",
            "Bao recommended hint": "(no hint)"
        }
    },
    {
        "Plan": {
            "Node Type": "Aggregate",
            "Strategy": "Plain",
            "Partial Mode": "Finalize",
            "Parallel Aware": false,
            "Startup Cost": 400307.77,
            "Total Cost": 400307.78,
            "Plan Rows": 1,
            "Plan Width": 8,
            "Actual Startup Time": 1038.771,
            "Actual Total Time": 1067.924,
            "Actual Rows": 1,
            "Actual Loops": 1,
            "Output": [
                "count(*)"
            ],
            "Plans": [
                {
                    "Node Type": "Gather",
                    "Parent Relationship": "Outer",
                    "Parallel Aware": false,
                    "Startup Cost": 400307.15,
                    "Total Cost": 400307.76,
                    "Plan Rows": 6,
                    "Plan Width": 8,
                    "Actual Startup Time": 1036.175,
                    "Actual Total Time": 1067.912,
                    "Actual Rows": 7,
                    "Actual Loops": 1,
                    "Output": [
                        "(PARTIAL count(*))"
                    ],
                    "Workers Planned": 6,
                    "Workers Launched": 6,
                    "Single Copy": false,
                    "Plans": [
                        {
                            "Node Type": "Aggregate",
                            "Strategy": "Plain",
                            "Partial Mode": "Partial",
                            "Parent Relationship": "Outer",
                            "Parallel Aware": false,
                            "Startup Cost": 399307.15,
                            "Total Cost": 399307.16,
                            "Plan Rows": 1,
                            "Plan Width": 8,
                            "Actual Startup Time": 1025.941,
                            "Actual Total Time": 1025.944,
                            "Actual Rows": 1,
                            "Actual Loops": 7,
                            "Output": [
                                "PARTIAL count(*)"
                            ],
                            "Workers": [
                                {
                                    "Worker Number": 0,
                                    "Actual Startup Time": 1022.703,
                                    "Actual Total Time": 1022.706,
                                    "Actual Rows": 1,
                                    "Actual Loops": 1
                                },
                                {
                                    "Worker Number": 1,
                                    "Actual Startup Time": 1023.87,
                                    "Actual Total Time": 1023.872,
                                    "Actual Rows": 1,
                                    "Actual Loops": 1
                                },
                                {
                                    "Worker Number": 2,
                                    "Actual Startup Time": 1024.624,
                                    "Actual Total Time": 1024.626,
                                    "Actual Rows": 1,
                                    "Actual Loops": 1
                                },
                                {
                                    "Worker Number": 3,
                                    "Actual Startup Time": 1024.721,
                                    "Actual Total Time": 1024.723,
                                    "Actual Rows": 1,
                                    "Actual Loops": 1
                                },
                                {
                                    "Worker Number": 4,
                                    "Actual Startup Time": 1024.92,
                                    "Actual Total Time": 1024.923,
                                    "Actual Rows": 1,
                                    "Actual Loops": 1
                                },
                                {
                                    "Worker Number": 5,
                                    "Actual Startup Time": 1025.234,
                                    "Actual Total Time": 1025.237,
                                    "Actual Rows": 1,
                                    "Actual Loops": 1
                                }
                            ],
                            "Plans": [
                                {
                                    "Node Type": "Hash Join",
                                    "Parent Relationship": "Outer",
                                    "Parallel Aware": true,
                                    "Join Type": "Inner",
                                    "Startup Cost": 47229.8,
                                    "Total Cost": 397781.03,
                                    "Plan Rows": 610446,
                                    "Plan Width": 0,
                                    "Actual Startup Time": 297.64,
                                    "Actual Total Time": 1011.077,
                                    "Actual Rows": 301102,
                                    "Actual Loops": 7,
                                    "Inner Unique": true,
                                    "Hash Cond": "(ci.movie_id = t.id)",
                                    "Workers": [
                                        {
                                            "Worker Number": 0,
                                            "Actual Startup Time": 294.04,
                                            "Actual Total Time": 1006.549,
                                            "Actual Rows": 219645,
                                            "Actual Loops": 1
                                        },
                                        {
                                            "Worker Number": 1,
                                            "Actual Startup Time": 295.604,
                                            "Actual Total Time": 1009.831,
                                            "Actual Rows": 311104,
                                            "Actual Loops": 1
                                        },
                                        {
                                            "Worker Number": 2,
                                            "Actual Startup Time": 296.306,
                                            "Actual Total Time": 1009.53,
                                            "Actual Rows": 310530,
                                            "Actual Loops": 1
                                        },
                                        {
                                            "Worker Number": 3,
                                            "Actual Startup Time": 296.605,
                                            "Actual Total Time": 1009.859,
                                            "Actual Rows": 300341,
                                            "Actual Loops": 1
                                        },
                                        {
                                            "Worker Number": 4,
                                            "Actual Startup Time": 296.844,
                                            "Actual Total Time": 1010.905,
                                            "Actual Rows": 309643,
                                            "Actual Loops": 1
                                        },
                                        {
                                            "Worker Number": 5,
                                            "Actual Startup Time": 296.901,
                                            "Actual Total Time": 1010.063,
                                            "Actual Rows": 312311,
                                            "Actual Loops": 1
                                        }
                                    ],
                                    "Plans": [
                                        {
                                            "Node Type": "Seq Scan",
                                            "Parent Relationship": "Outer",
                                            "Parallel Aware": true,
                                            "Relation Name": "cast_info",
                                            "Schema": "public",
                                            "Alias": "ci",
                                            "Startup Cost": 0.0,
                                            "Total Cost": 343318.94,
                                            "Plan Rows": 2755157,
                                            "Plan Width": 4,
                                            "Actual Startup Time": 193.822,
                                            "Actual Total Time": 600.623,
                                            "Actual Rows": 1826838,
                                            "Actual Loops": 7,
                                            "Output": [
                                                "ci.id",
                                                "ci.person_id",
                                                "ci.movie_id",
                                                "ci.person_role_id",
                                                "ci.note",
                                                "ci.nr_order",
                                                "ci.role_id"
                                            ],
                                            "Filter": "((ci.person_id < 2628513) AND (ci.role_id > 1))",
                                            "Rows Removed by Filter": 3350925,
                                            "Workers": [
                                                {
                                                    "Worker Number": 0,
                                                    "Actual Startup Time": 193.785,
                                                    "Actual Total Time": 615.346,
                                                    "Actual Rows": 1322583,
                                                    "Actual Loops": 1
                                                },
                                                {
                                                    "Worker Number": 1,
                                                    "Actual Startup Time": 193.945,
                                                    "Actual Total Time": 608.472,
                                                    "Actual Rows": 1916818,
                                                    "Actual Loops": 1
                                                },
                                                {
                                                    "Worker Number": 2,
                                                    "Actual Startup Time": 193.79,
                                                    "Actual Total Time": 600.359,
                                                    "Actual Rows": 1865923,
                                                    "Actual Loops": 1
                                                },
                                                {
                                                    "Worker Number": 3,
                                                    "Actual Startup Time": 193.806,
                                                    "Actual Total Time": 600.768,
                                                    "Actual Rows": 1823385,
                                                    "Actual Loops": 1
                                                },
                                                {
                                                    "Worker Number": 4,
                                                    "Actual Startup Time": 193.854,
                                                    "Actual Total Time": 605.819,
                                                    "Actual Rows": 1893933,
                                                    "Actual Loops": 1
                                                },
                                                {
                                                    "Worker Number": 5,
                                                    "Actual Startup Time": 193.797,
                                                    "Actual Total Time": 601.265,
                                                    "Actual Rows": 1861061,
                                                    "Actual Loops": 1
                                                }
                                            ]
                                        },
                                        {
                                            "Node Type": "Hash",
                                            "Parent Relationship": "Inner",
                                            "Parallel Aware": true,
                                            "Startup Cost": 45479.21,
                                            "Total Cost": 45479.21,
                                            "Plan Rows": 140047,
                                            "Plan Width": 4,
                                            "Actual Startup Time": 100.904,
                                            "Actual Total Time": 100.905,
                                            "Actual Rows": 64891,
                                            "Actual Loops": 7,
                                            "Output": [
                                                "t.id"
                                            ],
                                            "Hash Buckets": 1048576,
                                            "Original Hash Buckets": 1048576,
                                            "Hash Batches": 1,
                                            "Original Hash Batches": 1,
                                            "Peak Memory Usage": 26112,
                                            "Workers": [
                                                {
                                                    "Worker Number": 0,
                                                    "Actual Startup Time": 99.217,
                                                    "Actual Total Time": 99.218,
                                                    "Actual Rows": 50806,
                                                    "Actual Loops": 1
                                                },
                                                {
                                                    "Worker Number": 1,
                                                    "Actual Startup Time": 100.942,
                                                    "Actual Total Time": 100.942,
                                                    "Actual Rows": 58898,
                                                    "Actual Loops": 1
                                                },
                                                {
                                                    "Worker Number": 2,
                                                    "Actual Startup Time": 101.562,
                                                    "Actual Total Time": 101.563,
                                                    "Actual Rows": 56132,
                                                    "Actual Loops": 1
                                                },
                                                {
                                                    "Worker Number": 3,
                                                    "Actual Startup Time": 101.671,
                                                    "Actual Total Time": 101.672,
                                                    "Actual Rows": 62347,
                                                    "Actual Loops": 1
                                                },
                                                {
                                                    "Worker Number": 4,
                                                    "Actual Startup Time": 101.881,
                                                    "Actual Total Time": 101.882,
                                                    "Actual Rows": 58259,
                                                    "Actual Loops": 1
                                                },
                                                {
                                                    "Worker Number": 5,
                                                    "Actual Startup Time": 102.176,
                                                    "Actual Total Time": 102.177,
                                                    "Actual Rows": 58431,
                                                    "Actual Loops": 1
                                                }
                                            ],
                                            "Plans": [
                                                {
                                                    "Node Type": "Seq Scan",
                                                    "Parent Relationship": "Outer",
                                                    "Parallel Aware": true,
                                                    "Relation Name": "title",
                                                    "Schema": "public",
                                                    "Alias": "t",
                                                    "Startup Cost": 0.0,
                                                    "Total Cost": 45479.21,
                                                    "Plan Rows": 140047,
                                                    "Plan Width": 4,
                                                    "Actual Startup Time": 0.064,
                                                    "Actual Total Time": 70.374,
                                                    "Actual Rows": 64891,
                                                    "Actual Loops": 7,
                                                    "Output": [
                                                        "t.id"
                                                    ],
                                                    "Filter": "((t.production_year < 1998) AND (t.kind_id = 7))",
                                                    "Rows Removed by Filter": 296297,
                                                    "Workers": [
                                                        {
                                                            "Worker Number": 0,
                                                            "Actual Startup Time": 0.062,
                                                            "Actual Total Time": 72.352,
                                                            "Actual Rows": 50806,
                                                            "Actual Loops": 1
                                                        },
                                                        {
                                                            "Worker Number": 1,
                                                            "Actual Startup Time": 0.043,
                                                            "Actual Total Time": 69.93,
                                                            "Actual Rows": 58898,
                                                            "Actual Loops": 1
                                                        },
                                                        {
                                                            "Worker Number": 2,
                                                            "Actual Startup Time": 0.098,
                                                            "Actual Total Time": 71.002,
                                                            "Actual Rows": 56132,
                                                            "Actual Loops": 1
                                                        },
                                                        {
                                                            "Worker Number": 3,
                                                            "Actual Startup Time": 0.096,
                                                            "Actual Total Time": 71.821,
                                                            "Actual Rows": 62347,
                                                            "Actual Loops": 1
                                                        },
                                                        {
                                                            "Worker Number": 4,
                                                            "Actual Startup Time": 0.095,
                                                            "Actual Total Time": 70.492,
                                                            "Actual Rows": 58259,
                                                            "Actual Loops": 1
                                                        },
                                                        {
                                                            "Worker Number": 5,
                                                            "Actual Startup Time": 0.041,
                                                            "Actual Total Time": 71.59,
                                                            "Actual Rows": 58431,
                                                            "Actual Loops": 1
                                                        }
                                                    ]
                                                }
                                            ]
                                        }
                                    ]
                                }
                            ]
                        }
                    ]
                }
            ]
        },
        "Planning Time": 201.483,
        "Triggers": [],
        "Execution Time": 1068.029
    }
]