[
  {
    "Plan": {
      "Node Type": "Aggregate",
      "Strategy": "Plain",
      "Partial Mode": "Finalize",
      "Parallel Aware": false,
      "Startup Cost": 47120.86,
      "Total Cost": 47120.87,
      "Plan Rows": 1,
      "Plan Width": 8,
      "Actual Startup Time": 122.875,
      "Actual Total Time": 134.574,
      "Actual Rows": 1,
      "Actual Loops": 1,
      "Plans": [
        {
          "Node Type": "Gather",
          "Parent Relationship": "Outer",
          "Parallel Aware": false,
          "Startup Cost": 47120.44,
          "Total Cost": 47120.85,
          "Plan Rows": 4,
          "Plan Width": 8,
          "Actual Startup Time": 122.668,
          "Actual Total Time": 134.562,
          "Actual Rows": 5,
          "Actual Loops": 1,
          "Workers Planned": 4,
          "Workers Launched": 4,
          "Single Copy": false,
          "Plans": [
            {
              "Node Type": "Aggregate",
              "Strategy": "Plain",
              "Partial Mode": "Partial",
              "Parent Relationship": "Outer",
              "Parallel Aware": false,
              "Startup Cost": 46120.44,
              "Total Cost": 46120.45,
              "Plan Rows": 1,
              "Plan Width": 8,
              "Actual Startup Time": 113.293,
              "Actual Total Time": 113.294,
              "Actual Rows": 1,
              "Actual Loops": 5,
              "Plans": [
                {
                  "Node Type": "Seq Scan",
                  "Parent Relationship": "Outer",
                  "Parallel Aware": true,
                  "Relation Name": "title",
                  "Alias": "t",
                  "Startup Cost": 0.0,
                  "Total Cost": 45479.59,
                  "Plan Rows": 256341,
                  "Plan Width": 0,
                  "Actual Startup Time": 0.056,
                  "Actual Total Time": 100.23,
                  "Actual Rows": 221488,
                  "Actual Loops": 5,
                  "Filter": "((kind_id > 1) AND (production_year > 2000))",
                  "Rows Removed by Filter": 284175
                }
              ]
            }
          ]
        }
      ]
    },
    "Planning Time": 0.204,
    "Triggers": [],
    "Execution Time": 134.637
  }
]