[
  {
    "Plan": {
      "Node Type": "Aggregate",
      "Strategy": "Plain",
      "Partial Mode": "Finalize",
      "Parallel Aware": false,
      "Startup Cost": 46847.42,
      "Total Cost": 46847.43,
      "Plan Rows": 1,
      "Plan Width": 8,
      "Actual Startup Time": 167.526,
      "Actual Total Time": 176.848,
      "Actual Rows": 1,
      "Actual Loops": 1,
      "Plans": [
        {
          "Node Type": "Gather",
          "Parent Relationship": "Outer",
          "Parallel Aware": false,
          "Startup Cost": 46847.1,
          "Total Cost": 46847.41,
          "Plan Rows": 3,
          "Plan Width": 8,
          "Actual Startup Time": 167.418,
          "Actual Total Time": 176.839,
          "Actual Rows": 4,
          "Actual Loops": 1,
          "Workers Planned": 3,
          "Workers Launched": 3,
          "Single Copy": false,
          "Plans": [
            {
              "Node Type": "Aggregate",
              "Strategy": "Plain",
              "Partial Mode": "Partial",
              "Parent Relationship": "Outer",
              "Parallel Aware": false,
              "Startup Cost": 45847.1,
              "Total Cost": 45847.11,
              "Plan Rows": 1,
              "Plan Width": 8,
              "Actual Startup Time": 161.841,
              "Actual Total Time": 161.842,
              "Actual Rows": 1,
              "Actual Loops": 4,
              "Plans": [
                {
                  "Node Type": "Seq Scan",
                  "Parent Relationship": "Outer",
                  "Parallel Aware": true,
                  "Relation Name": "movie_keyword",
                  "Alias": "mk",
                  "Startup Cost": 0.0,
                  "Total Cost": 42695.65,
                  "Plan Rows": 1260579,
                  "Plan Width": 0,
                  "Actual Startup Time": 0.044,
                  "Actual Total Time": 119.229,
                  "Actual Rows": 979296,
                  "Actual Loops": 4,
                  "Filter": "(keyword_id < 30439)",
                  "Rows Removed by Filter": 151686
                }
              ]
            }
          ]
        }
      ]
    },
    "Planning Time": 0.182,
    "Triggers": [],
    "Execution Time": 176.905
  }
]