[
  {
    "Plan": {
      "Node Type": "Aggregate",
      "Strategy": "Plain",
      "Partial Mode": "Finalize",
      "Parallel Aware": false,
      "Startup Cost": 32730.29,
      "Total Cost": 32730.3,
      "Plan Rows": 1,
      "Plan Width": 8,
      "Actual Startup Time": 100.267,
      "Actual Total Time": 108.226,
      "Actual Rows": 1,
      "Actual Loops": 1,
      "Plans": [
        {
          "Node Type": "Gather",
          "Parent Relationship": "Outer",
          "Parallel Aware": false,
          "Startup Cost": 32729.97,
          "Total Cost": 32730.28,
          "Plan Rows": 3,
          "Plan Width": 8,
          "Actual Startup Time": 100.114,
          "Actual Total Time": 108.216,
          "Actual Rows": 4,
          "Actual Loops": 1,
          "Workers Planned": 3,
          "Workers Launched": 3,
          "Single Copy": false,
          "Plans": [
            {
              "Node Type": "Aggregate",
              "Strategy": "Plain",
              "Partial Mode": "Partial",
              "Parent Relationship": "Outer",
              "Parallel Aware": false,
              "Startup Cost": 31729.97,
              "Total Cost": 31729.98,
              "Plan Rows": 1,
              "Plan Width": 8,
              "Actual Startup Time": 95.838,
              "Actual Total Time": 95.839,
              "Actual Rows": 1,
              "Actual Loops": 4,
              "Plans": [
                {
                  "Node Type": "Seq Scan",
                  "Parent Relationship": "Outer",
                  "Parallel Aware": true,
                  "Relation Name": "movie_companies",
                  "Alias": "mc",
                  "Startup Cost": 0.0,
                  "Total Cost": 31414.82,
                  "Plan Rows": 126060,
                  "Plan Width": 0,
                  "Actual Startup Time": 43.783,
                  "Actual Total Time": 85.765,
                  "Actual Rows": 175700,
                  "Actual Loops": 4,
                  "Filter": "((company_id > 35769) AND (company_type_id = 2))",
                  "Rows Removed by Filter": 476583
                }
              ]
            }
          ]
        }
      ]
    },
    "Planning Time": 0.224,
    "Triggers": [],
    "Execution Time": 108.289
  }
]