[
    {
        "Bao": {
            "Bao prediction": "NaN",
            "Bao recommended hint": "(no hint)"
        }
    },
    {
        "Plan": {
            "Node Type": "Aggregate",
            "Strategy": "Plain",
            "Partial Mode": "Finalize",
            "Parallel Aware": false,
            "Startup Cost": 23769.49,
            "Total Cost": 23769.5,
            "Plan Rows": 1,
            "Plan Width": 8,
            "Actual Startup Time": 31.857,
            "Actual Total Time": 36.554,
            "Actual Rows": 1,
            "Actual Loops": 1,
            "Output": [
                "count(*)"
            ],
            "Plans": [
                {
                    "Node Type": "Gather",
                    "Parent Relationship": "Outer",
                    "Parallel Aware": false,
                    "Startup Cost": 23769.28,
                    "Total Cost": 23769.49,
                    "Plan Rows": 2,
                    "Plan Width": 8,
                    "Actual Startup Time": 31.615,
                    "Actual Total Time": 36.548,
                    "Actual Rows": 3,
                    "Actual Loops": 1,
                    "Output": [
                        "(PARTIAL count(*))"
                    ],
                    "Workers Planned": 2,
                    "Workers Launched": 2,
                    "Single Copy": false,
                    "Plans": [
                        {
                            "Node Type": "Aggregate",
                            "Strategy": "Plain",
                            "Partial Mode": "Partial",
                            "Parent Relationship": "Outer",
                            "Parallel Aware": false,
                            "Startup Cost": 22769.28,
                            "Total Cost": 22769.29,
                            "Plan Rows": 1,
                            "Plan Width": 8,
                            "Actual Startup Time": 23.759,
                            "Actual Total Time": 23.761,
                            "Actual Rows": 1,
                            "Actual Loops": 3,
                            "Output": [
                                "PARTIAL count(*)"
                            ],
                            "Workers": [
                                {
                                    "Worker Number": 0,
                                    "Actual Startup Time": 19.649,
                                    "Actual Total Time": 19.651,
                                    "Actual Rows": 1,
                                    "Actual Loops": 1
                                },
                                {
                                    "Worker Number": 1,
                                    "Actual Startup Time": 20.34,
                                    "Actual Total Time": 20.342,
                                    "Actual Rows": 1,
                                    "Actual Loops": 1
                                }
                            ],
                            "Plans": [
                                {
                                    "Node Type": "Nested Loop",
                                    "Parent Relationship": "Outer",
                                    "Parallel Aware": false,
                                    "Join Type": "Inner",
                                    "Startup Cost": 87.68,
                                    "Total Cost": 22768.98,
                                    "Plan Rows": 118,
                                    "Plan Width": 0,
                                    "Actual Startup Time": 0.957,
                                    "Actual Total Time": 23.627,
                                    "Actual Rows": 971,
                                    "Actual Loops": 3,
                                    "Inner Unique": true,
                                    "Workers": [
                                        {
                                            "Worker Number": 0,
                                            "Actual Startup Time": 0.575,
                                            "Actual Total Time": 19.571,
                                            "Actual Rows": 166,
                                            "Actual Loops": 1
                                        },
                                        {
                                            "Worker Number": 1,
                                            "Actual Startup Time": 0.662,
                                            "Actual Total Time": 20.264,
                                            "Actual Rows": 173,
                                            "Actual Loops": 1
                                        }
                                    ],
                                    "Plans": [
                                        {
                                            "Node Type": "Nested Loop",
                                            "Parent Relationship": "Outer",
                                            "Parallel Aware": false,
                                            "Join Type": "Inner",
                                            "Startup Cost": 87.25,
                                            "Total Cost": 21469.06,
                                            "Plan Rows": 1549,
                                            "Plan Width": 8,
                                            "Actual Startup Time": 0.793,
                                            "Actual Total Time": 14.976,
                                            "Actual Rows": 1127,
                                            "Actual Loops": 3,
                                            "Output": [
                                                "mi_idx.movie_id",
                                                "mk.movie_id"
                                            ],
                                            "Inner Unique": false,
                                            "Workers": [
                                                {
                                                    "Worker Number": 0,
                                                    "Actual Startup Time": 0.357,
                                                    "Actual Total Time": 12.307,
                                                    "Actual Rows": 166,
                                                    "Actual Loops": 1
                                                },
                                                {
                                                    "Worker Number": 1,
                                                    "Actual Startup Time": 0.445,
                                                    "Actual Total Time": 12.721,
                                                    "Actual Rows": 173,
                                                    "Actual Loops": 1
                                                }
                                            ],
                                            "Plans": [
                                                {
                                                    "Node Type": "Bitmap Heap Scan",
                                                    "Parent Relationship": "Outer",
                                                    "Parallel Aware": true,
                                                    "Relation Name": "movie_keyword",
                                                    "Schema": "public",
                                                    "Alias": "mk",
                                                    "Startup Cost": 86.82,
                                                    "Total Cost": 10431.52,
                                                    "Plan Rows": 1634,
                                                    "Plan Width": 4,
                                                    "Actual Startup Time": 0.612,
                                                    "Actual Total Time": 4.83,
                                                    "Actual Rows": 1396,
                                                    "Actual Loops": 3,
                                                    "Output": [
                                                        "mk.id",
                                                        "mk.movie_id",
                                                        "mk.keyword_id"
                                                    ],
                                                    "Recheck Cond": "(mk.keyword_id = 613)",
                                                    "Rows Removed by Index Recheck": 0,
                                                    "Exact Heap Blocks": 3139,
                                                    "Lossy Heap Blocks": 0,
                                                    "Workers": [
                                                        {
                                                            "Worker Number": 0,
                                                            "Actual Startup Time": 0.16,
                                                            "Actual Total Time": 3.999,
                                                            "Actual Rows": 189,
                                                            "Actual Loops": 1
                                                        },
                                                        {
                                                            "Worker Number": 1,
                                                            "Actual Startup Time": 0.135,
                                                            "Actual Total Time": 3.908,
                                                            "Actual Rows": 193,
                                                            "Actual Loops": 1
                                                        }
                                                    ],
                                                    "Plans": [
                                                        {
                                                            "Node Type": "Bitmap Index Scan",
                                                            "Parent Relationship": "Outer",
                                                            "Parallel Aware": false,
                                                            "Index Name": "keyword_id_movie_keyword",
                                                            "Startup Cost": 0.0,
                                                            "Total Cost": 85.84,
                                                            "Plan Rows": 3921,
                                                            "Plan Width": 0,
                                                            "Actual Startup Time": 0.983,
                                                            "Actual Total Time": 0.984,
                                                            "Actual Rows": 4189,
                                                            "Actual Loops": 1,
                                                            "Index Cond": "(mk.keyword_id = 613)"
                                                        }
                                                    ]
                                                },
                                                {
                                                    "Node Type": "Index Scan",
                                                    "Parent Relationship": "Inner",
                                                    "Parallel Aware": false,
                                                    "Scan Direction": "Forward",
                                                    "Index Name": "movie_id_movie_info_idx",
                                                    "Relation Name": "movie_info_idx",
                                                    "Schema": "public",
                                                    "Alias": "mi_idx",
                                                    "Startup Cost": 0.43,
                                                    "Total Cost": 6.74,
                                                    "Plan Rows": 1,
                                                    "Plan Width": 4,
                                                    "Actual Startup Time": 0.007,
                                                    "Actual Total Time": 0.007,
                                                    "Actual Rows": 1,
                                                    "Actual Loops": 4189,
                                                    "Output": [
                                                        "mi_idx.id",
                                                        "mi_idx.movie_id",
                                                        "mi_idx.info_type_id",
                                                        "mi_idx.info",
                                                        "mi_idx.note"
                                                    ],
                                                    "Index Cond": "(mi_idx.movie_id = mk.movie_id)",
                                                    "Rows Removed by Index Recheck": 0,
                                                    "Filter": "(mi_idx.info_type_id = 100)",
                                                    "Rows Removed by Filter": 2,
                                                    "Workers": [
                                                        {
                                                            "Worker Number": 0,
                                                            "Actual Startup Time": 0.041,
                                                            "Actual Total Time": 0.042,
                                                            "Actual Rows": 1,
                                                            "Actual Loops": 189
                                                        },
                                                        {
                                                            "Worker Number": 1,
                                                            "Actual Startup Time": 0.042,
                                                            "Actual Total Time": 0.044,
                                                            "Actual Rows": 1,
                                                            "Actual Loops": 193
                                                        }
                                                    ]
                                                }
                                            ]
                                        },
                                        {
                                            "Node Type": "Index Scan",
                                            "Parent Relationship": "Inner",
                                            "Parallel Aware": false,
                                            "Scan Direction": "Forward",
                                            "Index Name": "title_pkey",
                                            "Relation Name": "title",
                                            "Schema": "public",
                                            "Alias": "t",
                                            "Startup Cost": 0.43,
                                            "Total Cost": 0.84,
                                            "Plan Rows": 1,
                                            "Plan Width": 4,
                                            "Actual Startup Time": 0.007,
                                            "Actual Total Time": 0.007,
                                            "Actual Rows": 1,
                                            "Actual Loops": 3380,
                                            "Output": [
                                                "t.id",
                                                "t.title",
                                                "t.imdb_index",
                                                "t.kind_id",
                                                "t.production_year",
                                                "t.imdb_id",
                                                "t.phonetic_code",
                                                "t.episode_of_id",
                                                "t.season_nr",
                                                "t.episode_nr",
                                                "t.series_years",
                                                "t.md5sum"
                                            ],
                                            "Index Cond": "(t.id = mi_idx.movie_id)",
                                            "Rows Removed by Index Recheck": 0,
                                            "Filter": "(t.kind_id < 7)",
                                            "Rows Removed by Filter": 0,
                                            "Workers": [
                                                {
                                                    "Worker Number": 0,
                                                    "Actual Startup Time": 0.042,
                                                    "Actual Total Time": 0.042,
                                                    "Actual Rows": 1,
                                                    "Actual Loops": 166
                                                },
                                                {
                                                    "Worker Number": 1,
                                                    "Actual Startup Time": 0.042,
                                                    "Actual Total Time": 0.042,
                                                    "Actual Rows": 1,
                                                    "Actual Loops": 173
                                                }
                                            ]
                                        }
                                    ]
                                }
                            ]
                        }
                    ]
                }
            ]
        },
        "Planning Time": 194.451,
        "Triggers": [],
        "Execution Time": 36.62
    }
]