[
    {
        "Bao": {
            "Bao prediction": "NaN",
            "Bao recommended hint": "(no hint)"
        }
    },
    {
        "Plan": {
            "Node Type": "Aggregate",
            "Strategy": "Plain",
            "Partial Mode": "Finalize",
            "Parallel Aware": false,
            "Startup Cost": 69677.71,
            "Total Cost": 69677.72,
            "Plan Rows": 1,
            "Plan Width": 8,
            "Actual Startup Time": 144.543,
            "Actual Total Time": 153.136,
            "Actual Rows": 1,
            "Actual Loops": 1,
            "Output": [
                "count(*)"
            ],
            "Plans": [
                {
                    "Node Type": "Gather",
                    "Parent Relationship": "Outer",
                    "Parallel Aware": false,
                    "Startup Cost": 69677.29,
                    "Total Cost": 69677.7,
                    "Plan Rows": 4,
                    "Plan Width": 8,
                    "Actual Startup Time": 143.159,
                    "Actual Total Time": 153.128,
                    "Actual Rows": 5,
                    "Actual Loops": 1,
                    "Output": [
                        "(PARTIAL count(*))"
                    ],
                    "Workers Planned": 4,
                    "Workers Launched": 4,
                    "Single Copy": false,
                    "Plans": [
                        {
                            "Node Type": "Aggregate",
                            "Strategy": "Plain",
                            "Partial Mode": "Partial",
                            "Parent Relationship": "Outer",
                            "Parallel Aware": false,
                            "Startup Cost": 68677.29,
                            "Total Cost": 68677.3,
                            "Plan Rows": 1,
                            "Plan Width": 8,
                            "Actual Startup Time": 133.398,
                            "Actual Total Time": 133.402,
                            "Actual Rows": 1,
                            "Actual Loops": 5,
                            "Output": [
                                "PARTIAL count(*)"
                            ],
                            "Workers": [
                                {
                                    "Worker Number": 0,
                                    "Actual Startup Time": 130.636,
                                    "Actual Total Time": 130.64,
                                    "Actual Rows": 1,
                                    "Actual Loops": 1
                                },
                                {
                                    "Worker Number": 1,
                                    "Actual Startup Time": 130.954,
                                    "Actual Total Time": 130.957,
                                    "Actual Rows": 1,
                                    "Actual Loops": 1
                                },
                                {
                                    "Worker Number": 2,
                                    "Actual Startup Time": 131.263,
                                    "Actual Total Time": 131.266,
                                    "Actual Rows": 1,
                                    "Actual Loops": 1
                                },
                                {
                                    "Worker Number": 3,
                                    "Actual Startup Time": 131.506,
                                    "Actual Total Time": 131.51,
                                    "Actual Rows": 1,
                                    "Actual Loops": 1
                                }
                            ],
                            "Plans": [
                                {
                                    "Node Type": "Hash Join",
                                    "Parent Relationship": "Outer",
                                    "Parallel Aware": true,
                                    "Join Type": "Inner",
                                    "Startup Cost": 22838.17,
                                    "Total Cost": 68668.17,
                                    "Plan Rows": 3649,
                                    "Plan Width": 0,
                                    "Actual Startup Time": 96.236,
                                    "Actual Total Time": 132.814,
                                    "Actual Rows": 9261,
                                    "Actual Loops": 5,
                                    "Inner Unique": false,
                                    "Hash Cond": "(t.id = mc.movie_id)",
                                    "Workers": [
                                        {
                                            "Worker Number": 0,
                                            "Actual Startup Time": 88.44,
                                            "Actual Total Time": 130.0,
                                            "Actual Rows": 6649,
                                            "Actual Loops": 1
                                        },
                                        {
                                            "Worker Number": 1,
                                            "Actual Startup Time": 95.067,
                                            "Actual Total Time": 130.394,
                                            "Actual Rows": 10238,
                                            "Actual Loops": 1
                                        },
                                        {
                                            "Worker Number": 2,
                                            "Actual Startup Time": 95.288,
                                            "Actual Total Time": 130.708,
                                            "Actual Rows": 9842,
                                            "Actual Loops": 1
                                        },
                                        {
                                            "Worker Number": 3,
                                            "Actual Startup Time": 95.634,
                                            "Actual Total Time": 130.881,
                                            "Actual Rows": 6404,
                                            "Actual Loops": 1
                                        }
                                    ],
                                    "Plans": [
                                        {
                                            "Node Type": "Seq Scan",
                                            "Parent Relationship": "Outer",
                                            "Parallel Aware": true,
                                            "Relation Name": "title",
                                            "Schema": "public",
                                            "Alias": "t",
                                            "Startup Cost": 0.0,
                                            "Total Cost": 45479.21,
                                            "Plan Rows": 67804,
                                            "Plan Width": 4,
                                            "Actual Startup Time": 38.693,
                                            "Actual Total Time": 73.257,
                                            "Actual Rows": 74839,
                                            "Actual Loops": 5,
                                            "Output": [
                                                "t.id",
                                                "t.title",
                                                "t.imdb_index",
                                                "t.kind_id",
                                                "t.production_year",
                                                "t.imdb_id",
                                                "t.phonetic_code",
                                                "t.episode_of_id",
                                                "t.season_nr",
                                                "t.episode_nr",
                                                "t.series_years",
                                                "t.md5sum"
                                            ],
                                            "Filter": "((t.kind_id < 2) AND (t.production_year < 2000))",
                                            "Rows Removed by Filter": 430823,
                                            "Workers": [
                                                {
                                                    "Worker Number": 0,
                                                    "Actual Startup Time": 39.271,
                                                    "Actual Total Time": 74.024,
                                                    "Actual Rows": 53280,
                                                    "Actual Loops": 1
                                                },
                                                {
                                                    "Worker Number": 1,
                                                    "Actual Startup Time": 38.443,
                                                    "Actual Total Time": 73.526,
                                                    "Actual Rows": 82417,
                                                    "Actual Loops": 1
                                                },
                                                {
                                                    "Worker Number": 2,
                                                    "Actual Startup Time": 38.403,
                                                    "Actual Total Time": 72.73,
                                                    "Actual Rows": 78847,
                                                    "Actual Loops": 1
                                                },
                                                {
                                                    "Worker Number": 3,
                                                    "Actual Startup Time": 38.841,
                                                    "Actual Total Time": 74.634,
                                                    "Actual Rows": 53622,
                                                    "Actual Loops": 1
                                                }
                                            ]
                                        },
                                        {
                                            "Node Type": "Hash",
                                            "Parent Relationship": "Inner",
                                            "Parallel Aware": true,
                                            "Startup Cost": 22289.54,
                                            "Total Cost": 22289.54,
                                            "Plan Rows": 43891,
                                            "Plan Width": 4,
                                            "Actual Startup Time": 42.572,
                                            "Actual Total Time": 42.573,
                                            "Actual Rows": 27685,
                                            "Actual Loops": 5,
                                            "Output": [
                                                "mc.movie_id"
                                            ],
                                            "Hash Buckets": 262144,
                                            "Original Hash Buckets": 262144,
                                            "Hash Batches": 1,
                                            "Original Hash Batches": 1,
                                            "Peak Memory Usage": 7584,
                                            "Workers": [
                                                {
                                                    "Worker Number": 0,
                                                    "Actual Startup Time": 41.035,
                                                    "Actual Total Time": 41.037,
                                                    "Actual Rows": 19354,
                                                    "Actual Loops": 1
                                                },
                                                {
                                                    "Worker Number": 1,
                                                    "Actual Startup Time": 41.167,
                                                    "Actual Total Time": 41.169,
                                                    "Actual Rows": 20050,
                                                    "Actual Loops": 1
                                                },
                                                {
                                                    "Worker Number": 2,
                                                    "Actual Startup Time": 41.379,
                                                    "Actual Total Time": 41.38,
                                                    "Actual Rows": 18818,
                                                    "Actual Loops": 1
                                                },
                                                {
                                                    "Worker Number": 3,
                                                    "Actual Startup Time": 41.799,
                                                    "Actual Total Time": 41.8,
                                                    "Actual Rows": 18828,
                                                    "Actual Loops": 1
                                                }
                                            ],
                                            "Plans": [
                                                {
                                                    "Node Type": "Bitmap Heap Scan",
                                                    "Parent Relationship": "Outer",
                                                    "Parallel Aware": true,
                                                    "Relation Name": "movie_companies",
                                                    "Schema": "public",
                                                    "Alias": "mc",
                                                    "Startup Cost": 2950.9,
                                                    "Total Cost": 22289.54,
                                                    "Plan Rows": 43891,
                                                    "Plan Width": 4,
                                                    "Actual Startup Time": 8.109,
                                                    "Actual Total Time": 29.694,
                                                    "Actual Rows": 27685,
                                                    "Actual Loops": 5,
                                                    "Output": [
                                                        "mc.movie_id"
                                                    ],
                                                    "Recheck Cond": "(mc.company_id > 137077)",
                                                    "Rows Removed by Index Recheck": 0,
                                                    "Exact Heap Blocks": 1691,
                                                    "Lossy Heap Blocks": 0,
                                                    "Workers": [
                                                        {
                                                            "Worker Number": 0,
                                                            "Actual Startup Time": 6.44,
                                                            "Actual Total Time": 29.09,
                                                            "Actual Rows": 19354,
                                                            "Actual Loops": 1
                                                        },
                                                        {
                                                            "Worker Number": 1,
                                                            "Actual Startup Time": 6.73,
                                                            "Actual Total Time": 29.092,
                                                            "Actual Rows": 20050,
                                                            "Actual Loops": 1
                                                        },
                                                        {
                                                            "Worker Number": 2,
                                                            "Actual Startup Time": 7.013,
                                                            "Actual Total Time": 29.411,
                                                            "Actual Rows": 18818,
                                                            "Actual Loops": 1
                                                        },
                                                        {
                                                            "Worker Number": 3,
                                                            "Actual Startup Time": 7.44,
                                                            "Actual Total Time": 29.722,
                                                            "Actual Rows": 18828,
                                                            "Actual Loops": 1
                                                        }
                                                    ],
                                                    "Plans": [
                                                        {
                                                            "Node Type": "Bitmap Index Scan",
                                                            "Parent Relationship": "Outer",
                                                            "Parallel Aware": false,
                                                            "Index Name": "company_id_movie_companies",
                                                            "Startup Cost": 0.0,
                                                            "Total Cost": 2916.89,
                                                            "Plan Rows": 136061,
                                                            "Plan Width": 0,
                                                            "Actual Startup Time": 11.733,
                                                            "Actual Total Time": 11.733,
                                                            "Actual Rows": 138423,
                                                            "Actual Loops": 1,
                                                            "Index Cond": "(mc.company_id > 137077)"
                                                        }
                                                    ]
                                                }
                                            ]
                                        }
                                    ]
                                }
                            ]
                        }
                    ]
                }
            ]
        },
        "Planning Time": 177.152,
        "Triggers": [],
        "Execution Time": 153.22
    }
]