[
  {
    "Plan": {
      "Node Type": "Aggregate",
      "Strategy": "Plain",
      "Partial Mode": "Finalize",
      "Parallel Aware": false,
      "Startup Cost": 343024.71,
      "Total Cost": 343024.72,
      "Plan Rows": 1,
      "Plan Width": 8,
      "Actual Startup Time": 1038.77,
      "Actual Total Time": 1086.499,
      "Actual Rows": 1,
      "Actual Loops": 1,
      "Plans": [
        {
          "Node Type": "Gather",
          "Parent Relationship": "Outer",
          "Parallel Aware": false,
          "Startup Cost": 343024.08,
          "Total Cost": 343024.69,
          "Plan Rows": 6,
          "Plan Width": 8,
          "Actual Startup Time": 1038.634,
          "Actual Total Time": 1086.488,
          "Actual Rows": 7,
          "Actual Loops": 1,
          "Workers Planned": 6,
          "Workers Launched": 6,
          "Single Copy": false,
          "Plans": [
            {
              "Node Type": "Aggregate",
              "Strategy": "Plain",
              "Partial Mode": "Partial",
              "Parent Relationship": "Outer",
              "Parallel Aware": false,
              "Startup Cost": 342024.08,
              "Total Cost": 342024.09,
              "Plan Rows": 1,
              "Plan Width": 8,
              "Actual Startup Time": 1032.201,
              "Actual Total Time": 1032.202,
              "Actual Rows": 1,
              "Actual Loops": 7,
              "Plans": [
                {
                  "Node Type": "Seq Scan",
                  "Parent Relationship": "Outer",
                  "Parallel Aware": true,
                  "Relation Name": "cast_info",
                  "Alias": "ci",
                  "Startup Cost": 0.0,
                  "Total Cost": 328211.39,
                  "Plan Rows": 5525076,
                  "Plan Width": 0,
                  "Actual Startup Time": 46.852,
                  "Actual Total Time": 755.919,
                  "Actual Rows": 4720170,
                  "Actual Loops": 7,
                  "Filter": "(person_id > 309851)",
                  "Rows Removed by Filter": 457593
                }
              ]
            }
          ]
        }
      ]
    },
    "Planning Time": 0.107,
    "Triggers": [],
    "Execution Time": 1086.547
  }
]