[
  {
    "Plan": {
      "Node Type": "Aggregate",
      "Strategy": "Plain",
      "Partial Mode": "Finalize",
      "Parallel Aware": false,
      "Startup Cost": 272093.73,
      "Total Cost": 272093.74,
      "Plan Rows": 1,
      "Plan Width": 8,
      "Actual Startup Time": 1523.58,
      "Actual Total Time": 1538.958,
      "Actual Rows": 1,
      "Actual Loops": 1,
      "Plans": [
        {
          "Node Type": "Gather",
          "Parent Relationship": "Outer",
          "Parallel Aware": false,
          "Startup Cost": 272093.42,
          "Total Cost": 272093.73,
          "Plan Rows": 3,
          "Plan Width": 8,
          "Actual Startup Time": 1514.315,
          "Actual Total Time": 1538.951,
          "Actual Rows": 4,
          "Actual Loops": 1,
          "Workers Planned": 3,
          "Workers Launched": 3,
          "Single Copy": false,
          "Plans": [
            {
              "Node Type": "Aggregate",
              "Strategy": "Plain",
              "Partial Mode": "Partial",
              "Parent Relationship": "Outer",
              "Parallel Aware": false,
              "Startup Cost": 271093.42,
              "Total Cost": 271093.43,
              "Plan Rows": 1,
              "Plan Width": 8,
              "Actual Startup Time": 1507.012,
              "Actual Total Time": 1507.109,
              "Actual Rows": 1,
              "Actual Loops": 4,
              "Plans": [
                {
                  "Node Type": "Hash Join",
                  "Parent Relationship": "Outer",
                  "Parallel Aware": true,
                  "Join Type": "Inner",
                  "Startup Cost": 225347.29,
                  "Total Cost": 270412.13,
                  "Plan Rows": 272513,
                  "Plan Width": 0,
                  "Actual Startup Time": 435.506,
                  "Actual Total Time": 1168.172,
                  "Actual Rows": 7754887,
                  "Actual Loops": 4,
                  "Inner Unique": false,
                  "Hash Cond": "(mk.movie_id = t.id)",
                  "Plans": [
                    {
                      "Node Type": "Seq Scan",
                      "Parent Relationship": "Outer",
                      "Parallel Aware": true,
                      "Relation Name": "movie_keyword",
                      "Alias": "mk",
                      "Startup Cost": 0.0,
                      "Total Cost": 39047.32,
                      "Plan Rows": 1459332,
                      "Plan Width": 4,
                      "Actual Startup Time": 0.026,
                      "Actual Total Time": 85.346,
                      "Actual Rows": 1130982,
                      "Actual Loops": 4
                    },
                    {
                      "Node Type": "Hash",
                      "Parent Relationship": "Inner",
                      "Parallel Aware": true,
                      "Startup Cost": 224166.9,
                      "Total Cost": 224166.9,
                      "Plan Rows": 94431,
                      "Plan Width": 8,
                      "Actual Startup Time": 433.733,
                      "Actual Total Time": 433.829,
                      "Actual Rows": 125948,
                      "Actual Loops": 4,
                      "Hash Buckets": 524288,
                      "Original Hash Buckets": 524288,
                      "Hash Batches": 1,
                      "Original Hash Batches": 1,
                      "Peak Memory Usage": 23872,
                      "Plans": [
                        {
                          "Node Type": "Hash Join",
                          "Parent Relationship": "Outer",
                          "Parallel Aware": true,
                          "Join Type": "Inner",
                          "Startup Cost": 60550.58,
                          "Total Cost": 224166.9,
                          "Plan Rows": 94431,
                          "Plan Width": 8,
                          "Actual Startup Time": 336.762,
                          "Actual Total Time": 398.333,
                          "Actual Rows": 125948,
                          "Actual Loops": 4,
                          "Inner Unique": true,
                          "Hash Cond": "(mi.movie_id = t.id)",
                          "Plans": [
                            {
                              "Node Type": "Bitmap Heap Scan",
                              "Parent Relationship": "Outer",
                              "Parallel Aware": true,
                              "Relation Name": "movie_info",
                              "Alias": "mi",
                              "Startup Cost": 9699.36,
                              "Total Cost": 173033.94,
                              "Plan Rows": 107327,
                              "Plan Width": 4,
                              "Actual Startup Time": 15.978,
                              "Actual Total Time": 34.177,
                              "Actual Rows": 135842,
                              "Actual Loops": 4,
                              "Recheck Cond": "(info_type_id > 98)",
                              "Rows Removed by Index Recheck": 0,
                              "Exact Heap Blocks": 1954,
                              "Lossy Heap Blocks": 0,
                              "Plans": [
                                {
                                  "Node Type": "Bitmap Index Scan",
                                  "Parent Relationship": "Outer",
                                  "Parallel Aware": false,
                                  "Index Name": "info_type_id_movie_info",
                                  "Startup Cost": 0.0,
                                  "Total Cost": 9565.2,
                                  "Plan Rows": 536635,
                                  "Plan Width": 0,
                                  "Actual Startup Time": 15.174,
                                  "Actual Total Time": 15.175,
                                  "Actual Rows": 543367,
                                  "Actual Loops": 1,
                                  "Index Cond": "(info_type_id > 98)"
                                }
                              ]
                            },
                            {
                              "Node Type": "Hash",
                              "Parent Relationship": "Inner",
                              "Parallel Aware": true,
                              "Startup Cost": 43899.32,
                              "Total Cost": 43899.32,
                              "Plan Rows": 556152,
                              "Plan Width": 4,
                              "Actual Startup Time": 313.901,
                              "Actual Total Time": 313.902,
                              "Actual Rows": 556142,
                              "Actual Loops": 4,
                              "Hash Buckets": 4194304,
                              "Original Hash Buckets": 4194304,
                              "Hash Batches": 1,
                              "Original Hash Batches": 1,
                              "Peak Memory Usage": 119840,
                              "Plans": [
                                {
                                  "Node Type": "Seq Scan",
                                  "Parent Relationship": "Outer",
                                  "Parallel Aware": true,
                                  "Relation Name": "title",
                                  "Alias": "t",
                                  "Startup Cost": 0.0,
                                  "Total Cost": 43899.32,
                                  "Plan Rows": 556152,
                                  "Plan Width": 4,
                                  "Actual Startup Time": 0.02,
                                  "Actual Total Time": 114.386,
                                  "Actual Rows": 556142,
                                  "Actual Loops": 4,
                                  "Filter": "(production_year < 2012)",
                                  "Rows Removed by Filter": 75936
                                }
                              ]
                            }
                          ]
                        }
                      ]
                    }
                  ]
                }
              ]
            }
          ]
        }
      ]
    },
    "Planning Time": 0.451,
    "Triggers": [],
    "Execution Time": 1539.008
  }
]