{
  "Plan": {
    "Node Type": "Aggregate",
    "Strategy": "Plain",
    "Partial Mode": "Finalize",
    "Parallel Aware": false,
    "Startup Cost": 274024.73,
    "Total Cost": 274024.74,
    "Plan Rows": 1,
    "Plan Width": 8,
    "Actual Startup Time": 659.28,
    "Actual Total Time": 671.71,
    "Actual Rows": 1,
    "Actual Loops": 1,
    "Plans": [
      {
        "Node Type": "Gather",
        "Parent Relationship": "Outer",
        "Parallel Aware": false,
        "Startup Cost": 274024.62,
        "Total Cost": 274024.73,
        "Plan Rows": 1,
        "Plan Width": 8,
        "Actual Startup Time": 657.764,
        "Actual Total Time": 671.703,
        "Actual Rows": 2,
        "Actual Loops": 1,
        "Workers Planned": 1,
        "Workers Launched": 1,
        "Single Copy": false,
        "Plans": [
          {
            "Node Type": "Aggregate",
            "Strategy": "Plain",
            "Partial Mode": "Partial",
            "Parent Relationship": "Outer",
            "Parallel Aware": false,
            "Startup Cost": 273024.62,
            "Total Cost": 273024.63,
            "Plan Rows": 1,
            "Plan Width": 8,
            "Actual Startup Time": 651.698,
            "Actual Total Time": 651.706,
            "Actual Rows": 1,
            "Actual Loops": 2,
            "Plans": [
              {
                "Node Type": "Hash Join",
                "Parent Relationship": "Outer",
                "Parallel Aware": true,
                "Join Type": "Inner",
                "Startup Cost": 92486.96,
                "Total Cost": 272780.33,
                "Plan Rows": 97716,
                "Plan Width": 0,
                "Actual Startup Time": 337.278,
                "Actual Total Time": 638.721,
                "Actual Rows": 241890,
                "Actual Loops": 2,
                "Inner Unique": true,
                "Hash Cond": "(mi.movie_id = t.id)",
                "Plans": [
                  {
                    "Node Type": "Bitmap Heap Scan",
                    "Parent Relationship": "Outer",
                    "Parallel Aware": true,
                    "Relation Name": "movie_info",
                    "Alias": "mi",
                    "Startup Cost": 37261.42,
                    "Total Cost": 214378.69,
                    "Plan Rows": 1209942,
                    "Plan Width": 4,
                    "Actual Startup Time": 124.022,
                    "Actual Total Time": 244.748,
                    "Actual Rows": 1045534,
                    "Actual Loops": 2,
                    "Recheck Cond": "(info_type_id < 3)",
                    "Rows Removed by Index Recheck": 0,
                    "Exact Heap Blocks": 7890,
                    "Lossy Heap Blocks": 0,
                    "Plans": [
                      {
                        "Node Type": "Bitmap Index Scan",
                        "Parent Relationship": "Outer",
                        "Parallel Aware": false,
                        "Index Name": "info_type_id_movie_info",
                        "Startup Cost": 0.0,
                        "Total Cost": 36747.19,
                        "Plan Rows": 2056901,
                        "Plan Width": 0,
                        "Actual Startup Time": 120.948,
                        "Actual Total Time": 120.949,
                        "Actual Rows": 2091068,
                        "Actual Loops": 1,
                        "Index Cond": "(info_type_id < 3)"
                      }
                    ]
                  },
                  {
                    "Node Type": "Hash",
                    "Parent Relationship": "Inner",
                    "Parallel Aware": true,
                    "Startup Cost": 53724.16,
                    "Total Cost": 53724.16,
                    "Plan Rows": 120111,
                    "Plan Width": 4,
                    "Actual Startup Time": 160.629,
                    "Actual Total Time": 160.63,
                    "Actual Rows": 168145,
                    "Actual Loops": 2,
                    "Hash Buckets": 524288,
                    "Original Hash Buckets": 262144,
                    "Hash Batches": 1,
                    "Original Hash Batches": 1,
                    "Peak Memory Usage": 19328,
                    "Plans": [
                      {
                        "Node Type": "Bitmap Heap Scan",
                        "Parent Relationship": "Outer",
                        "Parallel Aware": true,
                        "Relation Name": "title",
                        "Alias": "t",
                        "Startup Cost": 11873.9,
                        "Total Cost": 53724.16,
                        "Plan Rows": 120111,
                        "Plan Width": 4,
                        "Actual Startup Time": 37.54,
                        "Actual Total Time": 113.276,
                        "Actual Rows": 168145,
                        "Actual Loops": 2,
                        "Recheck Cond": "(kind_id = 1)",
                        "Rows Removed by Index Recheck": 0,
                        "Filter": "(production_year < 1994)",
                        "Rows Removed by Filter": 163268,
                        "Exact Heap Blocks": 8827,
                        "Lossy Heap Blocks": 0,
                        "Plans": [
                          {
                            "Node Type": "Bitmap Index Scan",
                            "Parent Relationship": "Outer",
                            "Parallel Aware": false,
                            "Index Name": "kind_id_title",
                            "Startup Cost": 0.0,
                            "Total Cost": 11822.85,
                            "Plan Rows": 663256,
                            "Plan Width": 0,
                            "Actual Startup Time": 37.816,
                            "Actual Total Time": 37.816,
                            "Actual Rows": 662825,
                            "Actual Loops": 1,
                            "Index Cond": "(kind_id = 1)"
                          }
                        ]
                      }
                    ]
                  }
                ]
              }
            ]
          }
        ]
      }
    ]
  },
  "Planning Time": 0.658,
  "Triggers": [],
  "Execution Time": 671.81
}