{
  "Plan": {
    "Node Type": "Aggregate",
    "Strategy": "Plain",
    "Partial Mode": "Finalize",
    "Parallel Aware": false,
    "Startup Cost": 122285.43,
    "Total Cost": 122285.44,
    "Plan Rows": 1,
    "Plan Width": 8,
    "Actual Startup Time": 891.526,
    "Actual Total Time": 913.508,
    "Actual Rows": 1,
    "Actual Loops": 1,
    "Plans": [
      {
        "Node Type": "Gather",
        "Parent Relationship": "Outer",
        "Parallel Aware": false,
        "Startup Cost": 122285.32,
        "Total Cost": 122285.43,
        "Plan Rows": 1,
        "Plan Width": 8,
        "Actual Startup Time": 883.296,
        "Actual Total Time": 913.498,
        "Actual Rows": 2,
        "Actual Loops": 1,
        "Workers Planned": 1,
        "Workers Launched": 1,
        "Single Copy": false,
        "Plans": [
          {
            "Node Type": "Aggregate",
            "Strategy": "Plain",
            "Partial Mode": "Partial",
            "Parent Relationship": "Outer",
            "Parallel Aware": false,
            "Startup Cost": 121285.32,
            "Total Cost": 121285.33,
            "Plan Rows": 1,
            "Plan Width": 8,
            "Actual Startup Time": 871.847,
            "Actual Total Time": 871.852,
            "Actual Rows": 1,
            "Actual Loops": 2,
            "Plans": [
              {
                "Node Type": "Hash Join",
                "Parent Relationship": "Outer",
                "Parallel Aware": true,
                "Join Type": "Inner",
                "Startup Cost": 87845.89,
                "Total Cost": 120010.79,
                "Plan Rows": 509811,
                "Plan Width": 0,
                "Actual Startup Time": 638.669,
                "Actual Total Time": 849.409,
                "Actual Rows": 430764,
                "Actual Loops": 2,
                "Inner Unique": true,
                "Hash Cond": "(mk.movie_id = t.id)",
                "Plans": [
                  {
                    "Node Type": "Bitmap Heap Scan",
                    "Parent Relationship": "Outer",
                    "Parallel Aware": true,
                    "Relation Name": "movie_keyword",
                    "Alias": "mk",
                    "Startup Cost": 18385.19,
                    "Total Cost": 49211.83,
                    "Plan Rows": 509811,
                    "Plan Width": 4,
                    "Actual Startup Time": 51.914,
                    "Actual Total Time": 149.354,
                    "Actual Rows": 430764,
                    "Actual Loops": 2,
                    "Recheck Cond": "(keyword_id > 21360)",
                    "Rows Removed by Index Recheck": 0,
                    "Exact Heap Blocks": 15631,
                    "Lossy Heap Blocks": 0,
                    "Plans": [
                      {
                        "Node Type": "Bitmap Index Scan",
                        "Parent Relationship": "Outer",
                        "Parallel Aware": false,
                        "Index Name": "keyword_id_movie_keyword",
                        "Startup Cost": 0.0,
                        "Total Cost": 18168.52,
                        "Plan Rows": 866679,
                        "Plan Width": 0,
                        "Actual Startup Time": 48.308,
                        "Actual Total Time": 48.309,
                        "Actual Rows": 861528,
                        "Actual Loops": 1,
                        "Index Cond": "(keyword_id > 21360)"
                      }
                    ]
                  },
                  {
                    "Node Type": "Hash",
                    "Parent Relationship": "Inner",
                    "Parallel Aware": true,
                    "Startup Cost": 50870.31,
                    "Total Cost": 50870.31,
                    "Plan Rows": 1487231,
                    "Plan Width": 4,
                    "Actual Startup Time": 565.25,
                    "Actual Total Time": 565.251,
                    "Actual Rows": 1264156,
                    "Actual Loops": 2,
                    "Hash Buckets": 4194304,
                    "Original Hash Buckets": 4194304,
                    "Hash Batches": 1,
                    "Original Hash Batches": 1,
                    "Peak Memory Usage": 131712,
                    "Plans": [
                      {
                        "Node Type": "Seq Scan",
                        "Parent Relationship": "Outer",
                        "Parallel Aware": true,
                        "Relation Name": "title",
                        "Alias": "t",
                        "Startup Cost": 0.0,
                        "Total Cost": 50870.31,
                        "Plan Rows": 1487231,
                        "Plan Width": 4,
                        "Actual Startup Time": 0.024,
                        "Actual Total Time": 177.357,
                        "Actual Rows": 1264156,
                        "Actual Loops": 2
                      }
                    ]
                  }
                ]
              }
            ]
          }
        ]
      }
    ]
  },
  "Planning Time": 0.555,
  "Triggers": [],
  "Execution Time": 913.579
}