[
  {
    "Plan": {
      "Node Type": "Aggregate",
      "Strategy": "Plain",
      "Partial Mode": "Finalize",
      "Parallel Aware": false,
      "Startup Cost": 152938.58,
      "Total Cost": 152938.59,
      "Plan Rows": 1,
      "Plan Width": 8,
      "Actual Startup Time": 618.989,
      "Actual Total Time": 647.13,
      "Actual Rows": 1,
      "Actual Loops": 1,
      "Plans": [
        {
          "Node Type": "Gather",
          "Parent Relationship": "Outer",
          "Parallel Aware": false,
          "Startup Cost": 152938.26,
          "Total Cost": 152938.57,
          "Plan Rows": 3,
          "Plan Width": 8,
          "Actual Startup Time": 616.776,
          "Actual Total Time": 647.12,
          "Actual Rows": 4,
          "Actual Loops": 1,
          "Workers Planned": 3,
          "Workers Launched": 3,
          "Single Copy": false,
          "Plans": [
            {
              "Node Type": "Aggregate",
              "Strategy": "Plain",
              "Partial Mode": "Partial",
              "Parent Relationship": "Outer",
              "Parallel Aware": false,
              "Startup Cost": 151938.26,
              "Total Cost": 151938.27,
              "Plan Rows": 1,
              "Plan Width": 8,
              "Actual Startup Time": 610.383,
              "Actual Total Time": 610.463,
              "Actual Rows": 1,
              "Actual Loops": 4,
              "Plans": [
                {
                  "Node Type": "Hash Join",
                  "Parent Relationship": "Outer",
                  "Parallel Aware": true,
                  "Join Type": "Inner",
                  "Startup Cost": 121177.89,
                  "Total Cost": 151717.36,
                  "Plan Rows": 88360,
                  "Plan Width": 0,
                  "Actual Startup Time": 467.86,
                  "Actual Total Time": 603.987,
                  "Actual Rows": 141694,
                  "Actual Loops": 4,
                  "Inner Unique": false,
                  "Hash Cond": "(mc.movie_id = t.id)",
                  "Plans": [
                    {
                      "Node Type": "Seq Scan",
                      "Parent Relationship": "Outer",
                      "Parallel Aware": true,
                      "Relation Name": "movie_companies",
                      "Alias": "mc",
                      "Startup Cost": 0.0,
                      "Total Cost": 27206.55,
                      "Plan Rows": 841655,
                      "Plan Width": 4,
                      "Actual Startup Time": 0.013,
                      "Actual Total Time": 61.752,
                      "Actual Rows": 652282,
                      "Actual Loops": 4
                    },
                    {
                      "Node Type": "Hash",
                      "Parent Relationship": "Inner",
                      "Parallel Aware": true,
                      "Startup Cost": 120514.28,
                      "Total Cost": 120514.28,
                      "Plan Rows": 53089,
                      "Plan Width": 8,
                      "Actual Startup Time": 436.722,
                      "Actual Total Time": 436.8,
                      "Actual Rows": 63399,
                      "Actual Loops": 4,
                      "Hash Buckets": 524288,
                      "Original Hash Buckets": 524288,
                      "Hash Batches": 1,
                      "Original Hash Batches": 1,
                      "Peak Memory Usage": 14080,
                      "Plans": [
                        {
                          "Node Type": "Hash Join",
                          "Parent Relationship": "Outer",
                          "Parallel Aware": true,
                          "Join Type": "Inner",
                          "Startup Cost": 46385.61,
                          "Total Cost": 120514.28,
                          "Plan Rows": 53089,
                          "Plan Width": 8,
                          "Actual Startup Time": 128.917,
                          "Actual Total Time": 413.548,
                          "Actual Rows": 63399,
                          "Actual Loops": 4,
                          "Inner Unique": true,
                          "Hash Cond": "(ci.movie_id = t.id)",
                          "Plans": [
                            {
                              "Node Type": "Index Scan",
                              "Parent Relationship": "Outer",
                              "Parallel Aware": true,
                              "Scan Direction": "Forward",
                              "Index Name": "role_id_cast_info",
                              "Relation Name": "cast_info",
                              "Alias": "ci",
                              "Startup Cost": 0.56,
                              "Total Cost": 72913.16,
                              "Plan Rows": 463266,
                              "Plan Width": 4,
                              "Actual Startup Time": 0.117,
                              "Actual Total Time": 168.151,
                              "Actual Rows": 595610,
                              "Actual Loops": 4,
                              "Index Cond": "(role_id = 4)",
                              "Rows Removed by Index Recheck": 0,
                              "Filter": "(person_id > 486006)",
                              "Rows Removed by Filter": 86625
                            },
                            {
                              "Node Type": "Hash",
                              "Parent Relationship": "Inner",
                              "Parallel Aware": true,
                              "Startup Cost": 45479.59,
                              "Total Cost": 45479.59,
                              "Plan Rows": 72437,
                              "Plan Width": 4,
                              "Actual Startup Time": 127.749,
                              "Actual Total Time": 127.751,
                              "Actual Rows": 57935,
                              "Actual Loops": 4,
                              "Hash Buckets": 524288,
                              "Original Hash Buckets": 524288,
                              "Hash Batches": 1,
                              "Original Hash Batches": 1,
                              "Peak Memory Usage": 13216,
                              "Plans": [
                                {
                                  "Node Type": "Seq Scan",
                                  "Parent Relationship": "Outer",
                                  "Parallel Aware": true,
                                  "Relation Name": "title",
                                  "Alias": "t",
                                  "Startup Cost": 0.0,
                                  "Total Cost": 45479.59,
                                  "Plan Rows": 72437,
                                  "Plan Width": 4,
                                  "Actual Startup Time": 46.24,
                                  "Actual Total Time": 103.976,
                                  "Actual Rows": 57935,
                                  "Actual Loops": 4,
                                  "Filter": "((production_year > 2004) AND (kind_id = 1))",
                                  "Rows Removed by Filter": 574143
                                }
                              ]
                            }
                          ]
                        }
                      ]
                    }
                  ]
                }
              ]
            }
          ]
        }
      ]
    },
    "Planning Time": 0.453,
    "Triggers": [],
    "Execution Time": 647.179
  }
]