[
  {
    "Plan": {
      "Node Type": "Aggregate",
      "Strategy": "Plain",
      "Partial Mode": "Finalize",
      "Parallel Aware": false,
      "Startup Cost": 284082.01,
      "Total Cost": 284082.02,
      "Plan Rows": 1,
      "Plan Width": 8,
      "Actual Startup Time": 822.503,
      "Actual Total Time": 878.645,
      "Actual Rows": 1,
      "Actual Loops": 1,
      "Plans": [
        {
          "Node Type": "Gather",
          "Parent Relationship": "Outer",
          "Parallel Aware": false,
          "Startup Cost": 284081.48,
          "Total Cost": 284081.99,
          "Plan Rows": 5,
          "Plan Width": 8,
          "Actual Startup Time": 809.226,
          "Actual Total Time": 878.632,
          "Actual Rows": 6,
          "Actual Loops": 1,
          "Workers Planned": 5,
          "Workers Launched": 5,
          "Single Copy": false,
          "Plans": [
            {
              "Node Type": "Aggregate",
              "Strategy": "Plain",
              "Partial Mode": "Partial",
              "Parent Relationship": "Outer",
              "Parallel Aware": false,
              "Startup Cost": 283081.48,
              "Total Cost": 283081.49,
              "Plan Rows": 1,
              "Plan Width": 8,
              "Actual Startup Time": 800.005,
              "Actual Total Time": 800.297,
              "Actual Rows": 1,
              "Actual Loops": 6,
              "Plans": [
                {
                  "Node Type": "Hash Join",
                  "Parent Relationship": "Outer",
                  "Parallel Aware": true,
                  "Join Type": "Inner",
                  "Startup Cost": 81922.07,
                  "Total Cost": 282886.78,
                  "Plan Rows": 77882,
                  "Plan Width": 0,
                  "Actual Startup Time": 404.199,
                  "Actual Total Time": 795.735,
                  "Actual Rows": 86850,
                  "Actual Loops": 6,
                  "Inner Unique": false,
                  "Hash Cond": "(mi.movie_id = t.id)",
                  "Plans": [
                    {
                      "Node Type": "Seq Scan",
                      "Parent Relationship": "Outer",
                      "Parallel Aware": true,
                      "Relation Name": "movie_info",
                      "Alias": "mi",
                      "Startup Cost": 0.0,
                      "Total Cost": 199108.24,
                      "Plan Rows": 428064,
                      "Plan Width": 4,
                      "Actual Startup Time": 32.692,
                      "Actual Total Time": 349.381,
                      "Actual Rows": 348511,
                      "Actual Loops": 6,
                      "Filter": "(info_type_id < 3)",
                      "Rows Removed by Filter": 2124109
                    },
                    {
                      "Node Type": "Hash",
                      "Parent Relationship": "Inner",
                      "Parallel Aware": true,
                      "Startup Cost": 80067.14,
                      "Total Cost": 80067.14,
                      "Plan Rows": 148394,
                      "Plan Width": 8,
                      "Actual Startup Time": 368.824,
                      "Actual Total Time": 369.113,
                      "Actual Rows": 64489,
                      "Actual Loops": 6,
                      "Hash Buckets": 524288,
                      "Original Hash Buckets": 524288,
                      "Hash Batches": 1,
                      "Original Hash Batches": 1,
                      "Peak Memory Usage": 19328,
                      "Plans": [
                        {
                          "Node Type": "Hash Join",
                          "Parent Relationship": "Outer",
                          "Parallel Aware": true,
                          "Join Type": "Inner",
                          "Startup Cost": 50088.69,
                          "Total Cost": 80067.14,
                          "Plan Rows": 148394,
                          "Plan Width": 8,
                          "Actual Startup Time": 231.89,
                          "Actual Total Time": 340.37,
                          "Actual Rows": 64489,
                          "Actual Loops": 6,
                          "Inner Unique": true,
                          "Hash Cond": "(mc.movie_id = t.id)",
                          "Plans": [
                            {
                              "Node Type": "Seq Scan",
                              "Parent Relationship": "Outer",
                              "Parallel Aware": true,
                              "Relation Name": "movie_companies",
                              "Alias": "mc",
                              "Startup Cost": 0.0,
                              "Total Cost": 29310.68,
                              "Plan Rows": 254390,
                              "Plan Width": 4,
                              "Actual Startup Time": 0.015,
                              "Actual Total Time": 53.672,
                              "Actual Rows": 130647,
                              "Actual Loops": 6,
                              "Filter": "(company_id < 1705)",
                              "Rows Removed by Filter": 304208
                            },
                            {
                              "Node Type": "Hash",
                              "Parent Relationship": "Inner",
                              "Parallel Aware": true,
                              "Startup Cost": 45479.59,
                              "Total Cost": 45479.59,
                              "Plan Rows": 368728,
                              "Plan Width": 4,
                              "Actual Startup Time": 228.192,
                              "Actual Total Time": 228.194,
                              "Actual Rows": 241879,
                              "Actual Loops": 6,
                              "Hash Buckets": 2097152,
                              "Original Hash Buckets": 2097152,
                              "Hash Batches": 1,
                              "Original Hash Batches": 1,
                              "Peak Memory Usage": 73280,
                              "Plans": [
                                {
                                  "Node Type": "Seq Scan",
                                  "Parent Relationship": "Outer",
                                  "Parallel Aware": true,
                                  "Relation Name": "title",
                                  "Alias": "t",
                                  "Startup Cost": 0.0,
                                  "Total Cost": 45479.59,
                                  "Plan Rows": 368728,
                                  "Plan Width": 4,
                                  "Actual Startup Time": 0.057,
                                  "Actual Total Time": 99.271,
                                  "Actual Rows": 241879,
                                  "Actual Loops": 6,
                                  "Filter": "((kind_id > 3) AND (production_year < 2012))",
                                  "Rows Removed by Filter": 179507
                                }
                              ]
                            }
                          ]
                        }
                      ]
                    }
                  ]
                }
              ]
            }
          ]
        }
      ]
    },
    "Planning Time": 1.283,
    "Triggers": [],
    "Execution Time": 878.798
  }
]