[
  {
    "Plan": {
      "Node Type": "Aggregate",
      "Strategy": "Plain",
      "Partial Mode": "Finalize",
      "Parallel Aware": false,
      "Startup Cost": 283858.38,
      "Total Cost": 283858.39,
      "Plan Rows": 1,
      "Plan Width": 8,
      "Actual Startup Time": 681.152,
      "Actual Total Time": 724.575,
      "Actual Rows": 1,
      "Actual Loops": 1,
      "Plans": [
        {
          "Node Type": "Gather",
          "Parent Relationship": "Outer",
          "Parallel Aware": false,
          "Startup Cost": 283857.86,
          "Total Cost": 283858.37,
          "Plan Rows": 5,
          "Plan Width": 8,
          "Actual Startup Time": 670.517,
          "Actual Total Time": 724.563,
          "Actual Rows": 6,
          "Actual Loops": 1,
          "Workers Planned": 5,
          "Workers Launched": 5,
          "Single Copy": false,
          "Plans": [
            {
              "Node Type": "Aggregate",
              "Strategy": "Plain",
              "Partial Mode": "Partial",
              "Parent Relationship": "Outer",
              "Parallel Aware": false,
              "Startup Cost": 282857.86,
              "Total Cost": 282857.87,
              "Plan Rows": 1,
              "Plan Width": 8,
              "Actual Startup Time": 660.185,
              "Actual Total Time": 660.445,
              "Actual Rows": 1,
              "Actual Loops": 6,
              "Plans": [
                {
                  "Node Type": "Hash Join",
                  "Parent Relationship": "Outer",
                  "Parallel Aware": true,
                  "Join Type": "Inner",
                  "Startup Cost": 81931.68,
                  "Total Cost": 282669.53,
                  "Plan Rows": 75332,
                  "Plan Width": 0,
                  "Actual Startup Time": 339.836,
                  "Actual Total Time": 656.952,
                  "Actual Rows": 86850,
                  "Actual Loops": 6,
                  "Inner Unique": false,
                  "Hash Cond": "(mi.movie_id = t.id)",
                  "Plans": [
                    {
                      "Node Type": "Seq Scan",
                      "Parent Relationship": "Outer",
                      "Parallel Aware": true,
                      "Relation Name": "movie_info",
                      "Alias": "mi",
                      "Startup Cost": 0.0,
                      "Total Cost": 198952.16,
                      "Plan Rows": 411380,
                      "Plan Width": 4,
                      "Actual Startup Time": 27.743,
                      "Actual Total Time": 281.478,
                      "Actual Rows": 348511,
                      "Actual Loops": 6,
                      "Filter": "(info_type_id < 3)",
                      "Rows Removed by Filter": 2124109
                    },
                    {
                      "Node Type": "Hash",
                      "Parent Relationship": "Inner",
                      "Parallel Aware": true,
                      "Startup Cost": 80064.8,
                      "Total Cost": 80064.8,
                      "Plan Rows": 149350,
                      "Plan Width": 8,
                      "Actual Startup Time": 309.494,
                      "Actual Total Time": 309.752,
                      "Actual Rows": 64489,
                      "Actual Loops": 6,
                      "Hash Buckets": 524288,
                      "Original Hash Buckets": 524288,
                      "Hash Batches": 1,
                      "Original Hash Batches": 1,
                      "Peak Memory Usage": 19296,
                      "Plans": [
                        {
                          "Node Type": "Hash Join",
                          "Parent Relationship": "Outer",
                          "Parallel Aware": true,
                          "Join Type": "Inner",
                          "Startup Cost": 50081.04,
                          "Total Cost": 80064.8,
                          "Plan Rows": 149350,
                          "Plan Width": 8,
                          "Actual Startup Time": 196.11,
                          "Actual Total Time": 288.286,
                          "Actual Rows": 64489,
                          "Actual Loops": 6,
                          "Inner Unique": true,
                          "Hash Cond": "(mc.movie_id = t.id)",
                          "Plans": [
                            {
                              "Node Type": "Seq Scan",
                              "Parent Relationship": "Outer",
                              "Parallel Aware": true,
                              "Relation Name": "movie_companies",
                              "Alias": "mc",
                              "Startup Cost": 0.0,
                              "Total Cost": 29310.68,
                              "Plan Rows": 256414,
                              "Plan Width": 4,
                              "Actual Startup Time": 0.023,
                              "Actual Total Time": 45.312,
                              "Actual Rows": 130647,
                              "Actual Loops": 6,
                              "Filter": "(company_id < 1705)",
                              "Rows Removed by Filter": 304208
                            },
                            {
                              "Node Type": "Hash",
                              "Parent Relationship": "Inner",
                              "Parallel Aware": true,
                              "Startup Cost": 45479.1,
                              "Total Cost": 45479.1,
                              "Plan Rows": 368155,
                              "Plan Width": 4,
                              "Actual Startup Time": 192.474,
                              "Actual Total Time": 192.475,
                              "Actual Rows": 241879,
                              "Actual Loops": 6,
                              "Hash Buckets": 2097152,
                              "Original Hash Buckets": 2097152,
                              "Hash Batches": 1,
                              "Original Hash Batches": 1,
                              "Peak Memory Usage": 73248,
                              "Plans": [
                                {
                                  "Node Type": "Seq Scan",
                                  "Parent Relationship": "Outer",
                                  "Parallel Aware": true,
                                  "Relation Name": "title",
                                  "Alias": "t",
                                  "Startup Cost": 0.0,
                                  "Total Cost": 45479.1,
                                  "Plan Rows": 368155,
                                  "Plan Width": 4,
                                  "Actual Startup Time": 0.051,
                                  "Actual Total Time": 83.918,
                                  "Actual Rows": 241879,
                                  "Actual Loops": 6,
                                  "Filter": "((kind_id > 3) AND (production_year < 2012))",
                                  "Rows Removed by Filter": 179507
                                }
                              ]
                            }
                          ]
                        }
                      ]
                    }
                  ]
                }
              ]
            }
          ]
        }
      ]
    },
    "Planning Time": 1.427,
    "Triggers": [],
    "Execution Time": 724.669
  }
]