{
  "Plan": {
    "Node Type": "Aggregate",
    "Strategy": "Plain",
    "Partial Mode": "Finalize",
    "Parallel Aware": false,
    "Startup Cost": 523258.95,
    "Total Cost": 523258.96,
    "Plan Rows": 1,
    "Plan Width": 68,
    "Actual Startup Time": 2798.126,
    "Actual Total Time": 2842.682,
    "Actual Rows": 1,
    "Actual Loops": 1,
    "Plans": [
      {
        "Node Type": "Gather",
        "Parent Relationship": "Outer",
        "Parallel Aware": false,
        "Startup Cost": 523258.83,
        "Total Cost": 523258.94,
        "Plan Rows": 1,
        "Plan Width": 68,
        "Actual Startup Time": 2788.833,
        "Actual Total Time": 2842.67,
        "Actual Rows": 2,
        "Actual Loops": 1,
        "Workers Planned": 1,
        "Workers Launched": 1,
        "Single Copy": false,
        "Plans": [
          {
            "Node Type": "Aggregate",
            "Strategy": "Plain",
            "Partial Mode": "Partial",
            "Parent Relationship": "Outer",
            "Parallel Aware": false,
            "Startup Cost": 522258.83,
            "Total Cost": 522258.84,
            "Plan Rows": 1,
            "Plan Width": 68,
            "Actual Startup Time": 2777.74,
            "Actual Total Time": 2777.746,
            "Actual Rows": 1,
            "Actual Loops": 2,
            "Plans": [
              {
                "Node Type": "Hash Join",
                "Parent Relationship": "Outer",
                "Parallel Aware": true,
                "Join Type": "Inner",
                "Startup Cost": 117359.99,
                "Total Cost": 520033.39,
                "Plan Rows": 296725,
                "Plan Width": 37,
                "Actual Startup Time": 810.357,
                "Actual Total Time": 2742.518,
                "Actual Rows": 343048,
                "Actual Loops": 2,
                "Inner Unique": true,
                "Hash Cond": "(ci.person_role_id = cn.id)",
                "Plans": [
                  {
                    "Node Type": "Hash Join",
                    "Parent Relationship": "Outer",
                    "Parallel Aware": true,
                    "Join Type": "Inner",
                    "Startup Cost": 39350.6,
                    "Total Cost": 441245.1,
                    "Plan Rows": 296725,
                    "Plan Width": 25,
                    "Actual Startup Time": 46.856,
                    "Actual Total Time": 1794.627,
                    "Actual Rows": 391382,
                    "Actual Loops": 2,
                    "Inner Unique": true,
                    "Hash Cond": "(ci.movie_id = t.id)",
                    "Plans": [
                      {
                        "Node Type": "Index Scan",
                        "Parent Relationship": "Outer",
                        "Parallel Aware": true,
                        "Scan Direction": "Forward",
                        "Index Name": "role_id_cast_info",
                        "Relation Name": "cast_info",
                        "Alias": "ci",
                        "Startup Cost": 0.56,
                        "Total Cost": 382631.05,
                        "Plan Rows": 7338659,
                        "Plan Width": 8,
                        "Actual Startup Time": 0.057,
                        "Actual Total Time": 873.133,
                        "Actual Rows": 6335344,
                        "Actual Loops": 2,
                        "Index Cond": "(role_id = 1)",
                        "Rows Removed by Index Recheck": 0
                      },
                      {
                        "Node Type": "Hash",
                        "Parent Relationship": "Inner",
                        "Parallel Aware": true,
                        "Startup Cost": 38598.36,
                        "Total Cost": 38598.36,
                        "Plan Rows": 60134,
                        "Plan Width": 25,
                        "Actual Startup Time": 46.497,
                        "Actual Total Time": 46.499,
                        "Actual Rows": 50268,
                        "Actual Loops": 2,
                        "Hash Buckets": 131072,
                        "Original Hash Buckets": 131072,
                        "Hash Batches": 1,
                        "Original Hash Batches": 1,
                        "Peak Memory Usage": 7712,
                        "Plans": [
                          {
                            "Node Type": "Bitmap Heap Scan",
                            "Parent Relationship": "Outer",
                            "Parallel Aware": true,
                            "Relation Name": "title",
                            "Alias": "t",
                            "Startup Cost": 1848.69,
                            "Total Cost": 38598.36,
                            "Plan Rows": 60134,
                            "Plan Width": 25,
                            "Actual Startup Time": 6.726,
                            "Actual Total Time": 33.502,
                            "Actual Rows": 50268,
                            "Actual Loops": 2,
                            "Recheck Cond": "(kind_id = 3)",
                            "Rows Removed by Index Recheck": 0,
                            "Exact Heap Blocks": 7085,
                            "Lossy Heap Blocks": 0,
                            "Plans": [
                              {
                                "Node Type": "Bitmap Index Scan",
                                "Parent Relationship": "Outer",
                                "Parallel Aware": false,
                                "Index Name": "kind_id_title",
                                "Startup Cost": 0.0,
                                "Total Cost": 1823.13,
                                "Plan Rows": 102227,
                                "Plan Width": 0,
                                "Actual Startup Time": 5.047,
                                "Actual Total Time": 5.047,
                                "Actual Rows": 100537,
                                "Actual Loops": 1,
                                "Index Cond": "(kind_id = 3)"
                              }
                            ]
                          }
                        ]
                      }
                    ]
                  },
                  {
                    "Node Type": "Hash",
                    "Parent Relationship": "Inner",
                    "Parallel Aware": true,
                    "Startup Cost": 54919.73,
                    "Total Cost": 54919.73,
                    "Plan Rows": 1847173,
                    "Plan Width": 20,
                    "Actual Startup Time": 742.77,
                    "Actual Total Time": 742.77,
                    "Actual Rows": 1570170,
                    "Actual Loops": 2,
                    "Hash Buckets": 4194304,
                    "Original Hash Buckets": 4194304,
                    "Hash Batches": 1,
                    "Original Hash Batches": 1,
                    "Peak Memory Usage": 205088,
                    "Plans": [
                      {
                        "Node Type": "Seq Scan",
                        "Parent Relationship": "Outer",
                        "Parallel Aware": true,
                        "Relation Name": "char_name",
                        "Alias": "cn",
                        "Startup Cost": 0.0,
                        "Total Cost": 54919.73,
                        "Plan Rows": 1847173,
                        "Plan Width": 20,
                        "Actual Startup Time": 0.043,
                        "Actual Total Time": 208.59,
                        "Actual Rows": 1570170,
                        "Actual Loops": 2
                      }
                    ]
                  }
                ]
              }
            ]
          }
        ]
      }
    ]
  },
  "Planning Time": 1.026,
  "Triggers": [],
  "Execution Time": 2842.806
}