[
  {
    "Plan": {
      "Node Type": "Aggregate",
      "Strategy": "Plain",
      "Partial Mode": "Finalize",
      "Parallel Aware": false,
      "Startup Cost": 395810.85,
      "Total Cost": 395810.86,
      "Plan Rows": 1,
      "Plan Width": 8,
      "Actual Startup Time": 1553.894,
      "Actual Total Time": 1581.24,
      "Actual Rows": 1,
      "Actual Loops": 1,
      "Plans": [
        {
          "Node Type": "Gather",
          "Parent Relationship": "Outer",
          "Parallel Aware": false,
          "Startup Cost": 395810.22,
          "Total Cost": 395810.83,
          "Plan Rows": 6,
          "Plan Width": 8,
          "Actual Startup Time": 1536.332,
          "Actual Total Time": 1581.228,
          "Actual Rows": 7,
          "Actual Loops": 1,
          "Workers Planned": 6,
          "Workers Launched": 6,
          "Single Copy": false,
          "Plans": [
            {
              "Node Type": "Aggregate",
              "Strategy": "Plain",
              "Partial Mode": "Partial",
              "Parent Relationship": "Outer",
              "Parallel Aware": false,
              "Startup Cost": 394810.22,
              "Total Cost": 394810.23,
              "Plan Rows": 1,
              "Plan Width": 8,
              "Actual Startup Time": 1513.785,
              "Actual Total Time": 1513.788,
              "Actual Rows": 1,
              "Actual Loops": 7,
              "Plans": [
                {
                  "Node Type": "Hash Join",
                  "Parent Relationship": "Outer",
                  "Parallel Aware": true,
                  "Join Type": "Inner",
                  "Startup Cost": 50220.21,
                  "Total Cost": 390246.8,
                  "Plan Rows": 1825369,
                  "Plan Width": 0,
                  "Actual Startup Time": 253.023,
                  "Actual Total Time": 1438.448,
                  "Actual Rows": 1810098,
                  "Actual Loops": 7,
                  "Inner Unique": true,
                  "Hash Cond": "(ci.movie_id = t.id)",
                  "Plans": [
                    {
                      "Node Type": "Index Scan",
                      "Parent Relationship": "Outer",
                      "Parallel Aware": true,
                      "Scan Direction": "Forward",
                      "Index Name": "role_id_cast_info",
                      "Relation Name": "cast_info",
                      "Alias": "ci",
                      "Startup Cost": 0.56,
                      "Total Cost": 335235.55,
                      "Plan Rows": 1825369,
                      "Plan Width": 4,
                      "Actual Startup Time": 0.204,
                      "Actual Total Time": 360.94,
                      "Actual Rows": 1810098,
                      "Actual Loops": 7,
                      "Index Cond": "(role_id = 1)",
                      "Rows Removed by Index Recheck": 0,
                      "Filter": "(person_id < 3285104)",
                      "Rows Removed by Filter": 0
                    },
                    {
                      "Node Type": "Hash",
                      "Parent Relationship": "Inner",
                      "Parallel Aware": true,
                      "Startup Cost": 42318.73,
                      "Total Cost": 42318.73,
                      "Plan Rows": 632073,
                      "Plan Width": 4,
                      "Actual Startup Time": 246.055,
                      "Actual Total Time": 246.056,
                      "Actual Rows": 361187,
                      "Actual Loops": 7,
                      "Hash Buckets": 4194304,
                      "Original Hash Buckets": 4194304,
                      "Hash Batches": 1,
                      "Original Hash Batches": 1,
                      "Peak Memory Usage": 131744,
                      "Plans": [
                        {
                          "Node Type": "Seq Scan",
                          "Parent Relationship": "Outer",
                          "Parallel Aware": true,
                          "Relation Name": "title",
                          "Alias": "t",
                          "Startup Cost": 0.0,
                          "Total Cost": 42318.73,
                          "Plan Rows": 632073,
                          "Plan Width": 4,
                          "Actual Startup Time": 0.036,
                          "Actual Total Time": 71.346,
                          "Actual Rows": 361187,
                          "Actual Loops": 7
                        }
                      ]
                    }
                  ]
                }
              ]
            }
          ]
        }
      ]
    },
    "Planning Time": 0.63,
    "Triggers": [],
    "Execution Time": 1581.321
  }
]