{
  "Plan": {
    "Node Type": "Aggregate",
    "Strategy": "Plain",
    "Partial Mode": "Finalize",
    "Parallel Aware": false,
    "Startup Cost": 179847.39,
    "Total Cost": 179847.4,
    "Plan Rows": 1,
    "Plan Width": 8,
    "Actual Startup Time": 559.532,
    "Actual Total Time": 571.147,
    "Actual Rows": 1,
    "Actual Loops": 1,
    "Plans": [
      {
        "Node Type": "Gather",
        "Parent Relationship": "Outer",
        "Parallel Aware": false,
        "Startup Cost": 179847.28,
        "Total Cost": 179847.39,
        "Plan Rows": 1,
        "Plan Width": 8,
        "Actual Startup Time": 559.523,
        "Actual Total Time": 571.14,
        "Actual Rows": 2,
        "Actual Loops": 1,
        "Workers Planned": 1,
        "Workers Launched": 1,
        "Single Copy": false,
        "Plans": [
          {
            "Node Type": "Aggregate",
            "Strategy": "Plain",
            "Partial Mode": "Partial",
            "Parent Relationship": "Outer",
            "Parallel Aware": false,
            "Startup Cost": 178847.28,
            "Total Cost": 178847.29,
            "Plan Rows": 1,
            "Plan Width": 8,
            "Actual Startup Time": 551.614,
            "Actual Total Time": 551.616,
            "Actual Rows": 1,
            "Actual Loops": 2,
            "Plans": [
              {
                "Node Type": "Merge Join",
                "Parent Relationship": "Outer",
                "Parallel Aware": false,
                "Join Type": "Inner",
                "Startup Cost": 173322.61,
                "Total Cost": 178645.53,
                "Plan Rows": 80699,
                "Plan Width": 0,
                "Actual Startup Time": 447.199,
                "Actual Total Time": 548.937,
                "Actual Rows": 65804,
                "Actual Loops": 2,
                "Inner Unique": false,
                "Merge Cond": "(t.id = mc.movie_id)",
                "Plans": [
                  {
                    "Node Type": "Sort",
                    "Parent Relationship": "Outer",
                    "Parallel Aware": false,
                    "Startup Cost": 98138.55,
                    "Total Cost": 99295.56,
                    "Plan Rows": 462806,
                    "Plan Width": 4,
                    "Actual Startup Time": 261.355,
                    "Actual Total Time": 301.564,
                    "Actual Rows": 392346,
                    "Actual Loops": 2,
                    "Sort Key": [
                      "t.id"
                    ],
                    "Sort Method": "quicksort",
                    "Sort Space Used": 32762,
                    "Sort Space Type": "Memory",
                    "Workers": [
                      {
                        "Worker Number": 0,
                        "Sort Method": "quicksort",
                        "Sort Space Used": 28609,
                        "Sort Space Type": "Memory"
                      }
                    ],
                    "Plans": [
                      {
                        "Node Type": "Seq Scan",
                        "Parent Relationship": "Outer",
                        "Parallel Aware": true,
                        "Relation Name": "title",
                        "Alias": "t",
                        "Startup Cost": 0.0,
                        "Total Cost": 54588.39,
                        "Plan Rows": 462806,
                        "Plan Width": 4,
                        "Actual Startup Time": 0.032,
                        "Actual Total Time": 160.393,
                        "Actual Rows": 392463,
                        "Actual Loops": 2,
                        "Filter": "(production_year > 2007)",
                        "Rows Removed by Filter": 871693
                      }
                    ]
                  },
                  {
                    "Node Type": "Sort",
                    "Parent Relationship": "Inner",
                    "Parallel Aware": false,
                    "Startup Cost": 75184.02,
                    "Total Cost": 76286.16,
                    "Plan Rows": 440857,
                    "Plan Width": 4,
                    "Actual Startup Time": 177.586,
                    "Actual Total Time": 193.92,
                    "Actual Rows": 448902,
                    "Actual Loops": 2,
                    "Sort Key": [
                      "mc.movie_id"
                    ],
                    "Sort Method": "quicksort",
                    "Sort Space Used": 33331,
                    "Sort Space Type": "Memory",
                    "Workers": [
                      {
                        "Worker Number": 0,
                        "Sort Method": "quicksort",
                        "Sort Space Used": 33331,
                        "Sort Space Type": "Memory"
                      }
                    ],
                    "Plans": [
                      {
                        "Node Type": "Bitmap Heap Scan",
                        "Parent Relationship": "Outer",
                        "Parallel Aware": false,
                        "Relation Name": "movie_companies",
                        "Alias": "mc",
                        "Startup Cost": 9553.07,
                        "Total Cost": 33853.78,
                        "Plan Rows": 440857,
                        "Plan Width": 4,
                        "Actual Startup Time": 24.392,
                        "Actual Total Time": 87.619,
                        "Actual Rows": 448902,
                        "Actual Loops": 2,
                        "Recheck Cond": "(company_id > 77353)",
                        "Rows Removed by Index Recheck": 0,
                        "Exact Heap Blocks": 6756,
                        "Lossy Heap Blocks": 0,
                        "Plans": [
                          {
                            "Node Type": "Bitmap Index Scan",
                            "Parent Relationship": "Outer",
                            "Parallel Aware": false,
                            "Index Name": "company_id_movie_companies",
                            "Startup Cost": 0.0,
                            "Total Cost": 9442.86,
                            "Plan Rows": 440857,
                            "Plan Width": 0,
                            "Actual Startup Time": 23.677,
                            "Actual Total Time": 23.678,
                            "Actual Rows": 448902,
                            "Actual Loops": 2,
                            "Index Cond": "(company_id > 77353)"
                          }
                        ]
                      }
                    ]
                  }
                ]
              }
            ]
          }
        ]
      }
    ]
  },
  "Planning Time": 0.743,
  "Triggers": [],
  "Execution Time": 573.987
}