[
  {
    "Plan": {
      "Node Type": "Aggregate",
      "Strategy": "Plain",
      "Partial Mode": "Finalize",
      "Parallel Aware": false,
      "Startup Cost": 92453.04,
      "Total Cost": 92453.05,
      "Plan Rows": 1,
      "Plan Width": 8,
      "Actual Startup Time": 377.486,
      "Actual Total Time": 394.676,
      "Actual Rows": 1,
      "Actual Loops": 1,
      "Plans": [
        {
          "Node Type": "Gather",
          "Parent Relationship": "Outer",
          "Parallel Aware": false,
          "Startup Cost": 92452.72,
          "Total Cost": 92453.03,
          "Plan Rows": 3,
          "Plan Width": 8,
          "Actual Startup Time": 374.797,
          "Actual Total Time": 394.667,
          "Actual Rows": 4,
          "Actual Loops": 1,
          "Workers Planned": 3,
          "Workers Launched": 3,
          "Single Copy": false,
          "Plans": [
            {
              "Node Type": "Aggregate",
              "Strategy": "Plain",
              "Partial Mode": "Partial",
              "Parent Relationship": "Outer",
              "Parallel Aware": false,
              "Startup Cost": 91452.72,
              "Total Cost": 91452.73,
              "Plan Rows": 1,
              "Plan Width": 8,
              "Actual Startup Time": 365.784,
              "Actual Total Time": 365.787,
              "Actual Rows": 1,
              "Actual Loops": 4,
              "Plans": [
                {
                  "Node Type": "Hash Join",
                  "Parent Relationship": "Outer",
                  "Parallel Aware": true,
                  "Join Type": "Inner",
                  "Startup Cost": 45703.43,
                  "Total Cost": 90907.17,
                  "Plan Rows": 218221,
                  "Plan Width": 0,
                  "Actual Startup Time": 165.2,
                  "Actual Total Time": 356.171,
                  "Actual Rows": 241712,
                  "Actual Loops": 4,
                  "Inner Unique": true,
                  "Hash Cond": "(mk.movie_id = t.id)",
                  "Plans": [
                    {
                      "Node Type": "Seq Scan",
                      "Parent Relationship": "Outer",
                      "Parallel Aware": true,
                      "Relation Name": "movie_keyword",
                      "Alias": "mk",
                      "Startup Cost": 0.0,
                      "Total Cost": 42695.65,
                      "Plan Rows": 955462,
                      "Plan Width": 4,
                      "Actual Startup Time": 0.026,
                      "Actual Total Time": 106.002,
                      "Actual Rows": 738013,
                      "Actual Loops": 4,
                      "Filter": "(keyword_id < 9980)",
                      "Rows Removed by Filter": 392970
                    },
                    {
                      "Node Type": "Hash",
                      "Parent Relationship": "Inner",
                      "Parallel Aware": true,
                      "Startup Cost": 43898.92,
                      "Total Cost": 43898.92,
                      "Plan Rows": 144361,
                      "Plan Width": 4,
                      "Actual Startup Time": 159.657,
                      "Actual Total Time": 159.658,
                      "Actual Rows": 146255,
                      "Actual Loops": 4,
                      "Hash Buckets": 1048576,
                      "Original Hash Buckets": 1048576,
                      "Hash Batches": 1,
                      "Original Hash Batches": 1,
                      "Peak Memory Usage": 31136,
                      "Plans": [
                        {
                          "Node Type": "Seq Scan",
                          "Parent Relationship": "Outer",
                          "Parallel Aware": true,
                          "Relation Name": "title",
                          "Alias": "t",
                          "Startup Cost": 0.0,
                          "Total Cost": 43898.92,
                          "Plan Rows": 144361,
                          "Plan Width": 4,
                          "Actual Startup Time": 0.044,
                          "Actual Total Time": 99.852,
                          "Actual Rows": 146255,
                          "Actual Loops": 4,
                          "Filter": "(production_year < 1985)",
                          "Rows Removed by Filter": 485823
                        }
                      ]
                    }
                  ]
                }
              ]
            }
          ]
        }
      ]
    },
    "Planning Time": 0.601,
    "Triggers": [],
    "Execution Time": 394.741
  }
]