{
  "Plan": {
    "Node Type": "Aggregate",
    "Strategy": "Plain",
    "Partial Mode": "Finalize",
    "Parallel Aware": false,
    "Startup Cost": 112416.35,
    "Total Cost": 112416.36,
    "Plan Rows": 1,
    "Plan Width": 8,
    "Actual Startup Time": 190.161,
    "Actual Total Time": 205.859,
    "Actual Rows": 1,
    "Actual Loops": 1,
    "Plans": [
      {
        "Node Type": "Gather",
        "Parent Relationship": "Outer",
        "Parallel Aware": false,
        "Startup Cost": 112416.24,
        "Total Cost": 112416.35,
        "Plan Rows": 1,
        "Plan Width": 8,
        "Actual Startup Time": 189.929,
        "Actual Total Time": 205.852,
        "Actual Rows": 2,
        "Actual Loops": 1,
        "Workers Planned": 1,
        "Workers Launched": 1,
        "Single Copy": false,
        "Plans": [
          {
            "Node Type": "Aggregate",
            "Strategy": "Plain",
            "Partial Mode": "Partial",
            "Parent Relationship": "Outer",
            "Parallel Aware": false,
            "Startup Cost": 111416.24,
            "Total Cost": 111416.25,
            "Plan Rows": 1,
            "Plan Width": 8,
            "Actual Startup Time": 184.03,
            "Actual Total Time": 184.032,
            "Actual Rows": 1,
            "Actual Loops": 2,
            "Plans": [
              {
                "Node Type": "Nested Loop",
                "Parent Relationship": "Outer",
                "Parallel Aware": false,
                "Join Type": "Inner",
                "Startup Cost": 0.43,
                "Total Cost": 111398.02,
                "Plan Rows": 7288,
                "Plan Width": 0,
                "Actual Startup Time": 3.395,
                "Actual Total Time": 183.232,
                "Actual Rows": 15932,
                "Actual Loops": 2,
                "Inner Unique": false,
                "Plans": [
                  {
                    "Node Type": "Seq Scan",
                    "Parent Relationship": "Outer",
                    "Parallel Aware": true,
                    "Relation Name": "title",
                    "Alias": "t",
                    "Startup Cost": 0.0,
                    "Total Cost": 58306.47,
                    "Plan Rows": 6609,
                    "Plan Width": 4,
                    "Actual Startup Time": 0.343,
                    "Actual Total Time": 141.013,
                    "Actual Rows": 5570,
                    "Actual Loops": 2,
                    "Filter": "((kind_id < 7) AND (production_year = 1994))",
                    "Rows Removed by Filter": 1258586
                  },
                  {
                    "Node Type": "Index Scan",
                    "Parent Relationship": "Inner",
                    "Parallel Aware": false,
                    "Scan Direction": "Forward",
                    "Index Name": "movie_id_movie_keyword",
                    "Relation Name": "movie_keyword",
                    "Alias": "mk",
                    "Startup Cost": 0.43,
                    "Total Cost": 7.75,
                    "Plan Rows": 28,
                    "Plan Width": 4,
                    "Actual Startup Time": 0.006,
                    "Actual Total Time": 0.007,
                    "Actual Rows": 3,
                    "Actual Loops": 11141,
                    "Index Cond": "(movie_id = t.id)",
                    "Rows Removed by Index Recheck": 0,
                    "Filter": "(keyword_id > 2849)",
                    "Rows Removed by Filter": 2
                  }
                ]
              }
            ]
          }
        ]
      }
    ]
  },
  "Planning Time": 0.96,
  "Triggers": [],
  "Execution Time": 205.952
}