[
  {
    "Plan": {
      "Node Type": "Aggregate",
      "Strategy": "Plain",
      "Partial Mode": "Finalize",
      "Parallel Aware": false,
      "Startup Cost": 354024.97,
      "Total Cost": 354024.98,
      "Plan Rows": 1,
      "Plan Width": 8,
      "Actual Startup Time": 800.012,
      "Actual Total Time": 873.163,
      "Actual Rows": 1,
      "Actual Loops": 1,
      "Plans": [
        {
          "Node Type": "Gather",
          "Parent Relationship": "Outer",
          "Parallel Aware": false,
          "Startup Cost": 354024.35,
          "Total Cost": 354024.96,
          "Plan Rows": 6,
          "Plan Width": 8,
          "Actual Startup Time": 799.895,
          "Actual Total Time": 873.153,
          "Actual Rows": 7,
          "Actual Loops": 1,
          "Workers Planned": 6,
          "Workers Launched": 6,
          "Single Copy": false,
          "Plans": [
            {
              "Node Type": "Aggregate",
              "Strategy": "Plain",
              "Partial Mode": "Partial",
              "Parent Relationship": "Outer",
              "Parallel Aware": false,
              "Startup Cost": 353024.35,
              "Total Cost": 353024.36,
              "Plan Rows": 1,
              "Plan Width": 8,
              "Actual Startup Time": 789.646,
              "Actual Total Time": 789.647,
              "Actual Rows": 1,
              "Actual Loops": 7,
              "Plans": [
                {
                  "Node Type": "Seq Scan",
                  "Parent Relationship": "Outer",
                  "Parallel Aware": true,
                  "Relation Name": "cast_info",
                  "Alias": "ci",
                  "Startup Cost": 0.0,
                  "Total Cost": 343257.03,
                  "Plan Rows": 3906928,
                  "Plan Width": 0,
                  "Actual Startup Time": 79.859,
                  "Actual Total Time": 665.741,
                  "Actual Rows": 3254905,
                  "Actual Loops": 7,
                  "Filter": "((person_id > 546878) AND (role_id < 6))",
                  "Rows Removed by Filter": 1922858
                }
              ]
            }
          ]
        }
      ]
    },
    "Planning Time": 0.2,
    "Triggers": [],
    "Execution Time": 873.232
  }
]