[
  {
    "Plan": {
      "Node Type": "Aggregate",
      "Strategy": "Plain",
      "Partial Mode": "Finalize",
      "Parallel Aware": false,
      "Startup Cost": 32111.05,
      "Total Cost": 32111.06,
      "Plan Rows": 1,
      "Plan Width": 8,
      "Actual Startup Time": 118.163,
      "Actual Total Time": 127.406,
      "Actual Rows": 1,
      "Actual Loops": 1,
      "Plans": [
        {
          "Node Type": "Gather",
          "Parent Relationship": "Outer",
          "Parallel Aware": false,
          "Startup Cost": 32110.74,
          "Total Cost": 32111.05,
          "Plan Rows": 3,
          "Plan Width": 8,
          "Actual Startup Time": 118.041,
          "Actual Total Time": 127.394,
          "Actual Rows": 4,
          "Actual Loops": 1,
          "Workers Planned": 3,
          "Workers Launched": 3,
          "Single Copy": false,
          "Plans": [
            {
              "Node Type": "Aggregate",
              "Strategy": "Plain",
              "Partial Mode": "Partial",
              "Parent Relationship": "Outer",
              "Parallel Aware": false,
              "Startup Cost": 31110.74,
              "Total Cost": 31110.75,
              "Plan Rows": 1,
              "Plan Width": 8,
              "Actual Startup Time": 113.845,
              "Actual Total Time": 113.846,
              "Actual Rows": 1,
              "Actual Loops": 4,
              "Plans": [
                {
                  "Node Type": "Seq Scan",
                  "Parent Relationship": "Outer",
                  "Parallel Aware": true,
                  "Relation Name": "movie_companies",
                  "Alias": "mc",
                  "Startup Cost": 0.0,
                  "Total Cost": 29310.68,
                  "Plan Rows": 720022,
                  "Plan Width": 0,
                  "Actual Startup Time": 0.094,
                  "Actual Total Time": 85.965,
                  "Actual Rows": 558872,
                  "Actual Loops": 4,
                  "Filter": "(company_id > 212)",
                  "Rows Removed by Filter": 93410
                }
              ]
            }
          ]
        }
      ]
    },
    "Planning Time": 0.197,
    "Triggers": [],
    "Execution Time": 127.462
  }
]