[
  {
    "Plan": {
      "Node Type": "Aggregate",
      "Strategy": "Plain",
      "Partial Mode": "Finalize",
      "Parallel Aware": false,
      "Startup Cost": 32112.04,
      "Total Cost": 32112.05,
      "Plan Rows": 1,
      "Plan Width": 8,
      "Actual Startup Time": 118.058,
      "Actual Total Time": 125.824,
      "Actual Rows": 1,
      "Actual Loops": 1,
      "Plans": [
        {
          "Node Type": "Gather",
          "Parent Relationship": "Outer",
          "Parallel Aware": false,
          "Startup Cost": 32111.72,
          "Total Cost": 32112.03,
          "Plan Rows": 3,
          "Plan Width": 8,
          "Actual Startup Time": 117.955,
          "Actual Total Time": 125.816,
          "Actual Rows": 4,
          "Actual Loops": 1,
          "Workers Planned": 3,
          "Workers Launched": 3,
          "Single Copy": false,
          "Plans": [
            {
              "Node Type": "Aggregate",
              "Strategy": "Plain",
              "Partial Mode": "Partial",
              "Parent Relationship": "Outer",
              "Parallel Aware": false,
              "Startup Cost": 31111.72,
              "Total Cost": 31111.73,
              "Plan Rows": 1,
              "Plan Width": 8,
              "Actual Startup Time": 109.922,
              "Actual Total Time": 109.923,
              "Actual Rows": 1,
              "Actual Loops": 4,
              "Plans": [
                {
                  "Node Type": "Seq Scan",
                  "Parent Relationship": "Outer",
                  "Parallel Aware": true,
                  "Relation Name": "movie_companies",
                  "Alias": "mc",
                  "Startup Cost": 0.0,
                  "Total Cost": 29310.68,
                  "Plan Rows": 720417,
                  "Plan Width": 0,
                  "Actual Startup Time": 0.122,
                  "Actual Total Time": 84.323,
                  "Actual Rows": 558872,
                  "Actual Loops": 4,
                  "Filter": "(company_id > 212)",
                  "Rows Removed by Filter": 93410
                }
              ]
            }
          ]
        }
      ]
    },
    "Planning Time": 0.178,
    "Triggers": [],
    "Execution Time": 125.876
  }
]