[
  {
    "Plan": {
      "Node Type": "Aggregate",
      "Strategy": "Plain",
      "Partial Mode": "Finalize",
      "Parallel Aware": false,
      "Startup Cost": 257689.95,
      "Total Cost": 257689.96,
      "Plan Rows": 1,
      "Plan Width": 8,
      "Actual Startup Time": 1065.245,
      "Actual Total Time": 1106.75,
      "Actual Rows": 1,
      "Actual Loops": 1,
      "Plans": [
        {
          "Node Type": "Gather",
          "Parent Relationship": "Outer",
          "Parallel Aware": false,
          "Startup Cost": 257689.43,
          "Total Cost": 257689.94,
          "Plan Rows": 5,
          "Plan Width": 8,
          "Actual Startup Time": 1050.588,
          "Actual Total Time": 1106.734,
          "Actual Rows": 6,
          "Actual Loops": 1,
          "Workers Planned": 5,
          "Workers Launched": 5,
          "Single Copy": false,
          "Plans": [
            {
              "Node Type": "Aggregate",
              "Strategy": "Plain",
              "Partial Mode": "Partial",
              "Parent Relationship": "Outer",
              "Parallel Aware": false,
              "Startup Cost": 256689.43,
              "Total Cost": 256689.44,
              "Plan Rows": 1,
              "Plan Width": 8,
              "Actual Startup Time": 1041.787,
              "Actual Total Time": 1041.791,
              "Actual Rows": 1,
              "Actual Loops": 6,
              "Plans": [
                {
                  "Node Type": "Hash Join",
                  "Parent Relationship": "Outer",
                  "Parallel Aware": true,
                  "Join Type": "Inner",
                  "Startup Cost": 49137.9,
                  "Total Cost": 253421.54,
                  "Plan Rows": 1307155,
                  "Plan Width": 0,
                  "Actual Startup Time": 232.836,
                  "Actual Total Time": 1012.754,
                  "Actual Rows": 591307,
                  "Actual Loops": 6,
                  "Inner Unique": true,
                  "Hash Cond": "(mi.movie_id = t.id)",
                  "Plans": [
                    {
                      "Node Type": "Seq Scan",
                      "Parent Relationship": "Outer",
                      "Parallel Aware": true,
                      "Relation Name": "movie_info",
                      "Alias": "mi",
                      "Startup Cost": 0.0,
                      "Total Cost": 199108.24,
                      "Plan Rows": 1971577,
                      "Plan Width": 4,
                      "Actual Startup Time": 16.636,
                      "Actual Total Time": 358.226,
                      "Actual Rows": 1651959,
                      "Actual Loops": 6,
                      "Filter": "(info_type_id > 4)",
                      "Rows Removed by Filter": 820661
                    },
                    {
                      "Node Type": "Hash",
                      "Parent Relationship": "Inner",
                      "Parallel Aware": true,
                      "Startup Cost": 43899.32,
                      "Total Cost": 43899.32,
                      "Plan Rows": 419086,
                      "Plan Width": 4,
                      "Actual Startup Time": 212.623,
                      "Actual Total Time": 212.623,
                      "Actual Rows": 279016,
                      "Actual Loops": 6,
                      "Hash Buckets": 2097152,
                      "Original Hash Buckets": 2097152,
                      "Hash Batches": 1,
                      "Original Hash Batches": 1,
                      "Peak Memory Usage": 81920,
                      "Plans": [
                        {
                          "Node Type": "Seq Scan",
                          "Parent Relationship": "Outer",
                          "Parallel Aware": true,
                          "Relation Name": "title",
                          "Alias": "t",
                          "Startup Cost": 0.0,
                          "Total Cost": 43899.32,
                          "Plan Rows": 419086,
                          "Plan Width": 4,
                          "Actual Startup Time": 0.035,
                          "Actual Total Time": 88.818,
                          "Actual Rows": 279016,
                          "Actual Loops": 6,
                          "Filter": "(kind_id > 3)",
                          "Rows Removed by Filter": 142369
                        }
                      ]
                    }
                  ]
                }
              ]
            }
          ]
        }
      ]
    },
    "Planning Time": 0.258,
    "Triggers": [],
    "Execution Time": 1106.793
  }
]