[
  {
    "Plan": {
      "Node Type": "Aggregate",
      "Strategy": "Plain",
      "Partial Mode": "Finalize",
      "Parallel Aware": false,
      "Startup Cost": 33281.88,
      "Total Cost": 33281.89,
      "Plan Rows": 1,
      "Plan Width": 8,
      "Actual Startup Time": 103.856,
      "Actual Total Time": 112.37,
      "Actual Rows": 1,
      "Actual Loops": 1,
      "Plans": [
        {
          "Node Type": "Gather",
          "Parent Relationship": "Outer",
          "Parallel Aware": false,
          "Startup Cost": 33281.56,
          "Total Cost": 33281.87,
          "Plan Rows": 3,
          "Plan Width": 8,
          "Actual Startup Time": 103.741,
          "Actual Total Time": 112.363,
          "Actual Rows": 4,
          "Actual Loops": 1,
          "Workers Planned": 3,
          "Workers Launched": 3,
          "Single Copy": false,
          "Plans": [
            {
              "Node Type": "Aggregate",
              "Strategy": "Plain",
              "Partial Mode": "Partial",
              "Parent Relationship": "Outer",
              "Parallel Aware": false,
              "Startup Cost": 32281.56,
              "Total Cost": 32281.57,
              "Plan Rows": 1,
              "Plan Width": 8,
              "Actual Startup Time": 95.054,
              "Actual Total Time": 95.055,
              "Actual Rows": 1,
              "Actual Loops": 4,
              "Plans": [
                {
                  "Node Type": "Seq Scan",
                  "Parent Relationship": "Outer",
                  "Parallel Aware": true,
                  "Relation Name": "movie_companies",
                  "Alias": "mc",
                  "Startup Cost": 0.0,
                  "Total Cost": 31414.82,
                  "Plan Rows": 346697,
                  "Plan Width": 0,
                  "Actual Startup Time": 49.668,
                  "Actual Total Time": 86.083,
                  "Actual Rows": 208732,
                  "Actual Loops": 4,
                  "Filter": "((company_id < 74220) AND (company_type_id > 1))",
                  "Rows Removed by Filter": 443550
                }
              ]
            }
          ]
        }
      ]
    },
    "Planning Time": 0.224,
    "Triggers": [],
    "Execution Time": 112.427
  }
]