[
  {
    "Plan": {
      "Node Type": "Aggregate",
      "Strategy": "Plain",
      "Partial Mode": "Finalize",
      "Parallel Aware": false,
      "Startup Cost": 33127.63,
      "Total Cost": 33127.64,
      "Plan Rows": 1,
      "Plan Width": 8,
      "Actual Startup Time": 78.437,
      "Actual Total Time": 85.658,
      "Actual Rows": 1,
      "Actual Loops": 1,
      "Plans": [
        {
          "Node Type": "Gather",
          "Parent Relationship": "Outer",
          "Parallel Aware": false,
          "Startup Cost": 33127.32,
          "Total Cost": 33127.63,
          "Plan Rows": 3,
          "Plan Width": 8,
          "Actual Startup Time": 78.285,
          "Actual Total Time": 85.649,
          "Actual Rows": 4,
          "Actual Loops": 1,
          "Workers Planned": 3,
          "Workers Launched": 3,
          "Single Copy": false,
          "Plans": [
            {
              "Node Type": "Aggregate",
              "Strategy": "Plain",
              "Partial Mode": "Partial",
              "Parent Relationship": "Outer",
              "Parallel Aware": false,
              "Startup Cost": 32127.32,
              "Total Cost": 32127.33,
              "Plan Rows": 1,
              "Plan Width": 8,
              "Actual Startup Time": 73.263,
              "Actual Total Time": 73.264,
              "Actual Rows": 1,
              "Actual Loops": 4,
              "Plans": [
                {
                  "Node Type": "Seq Scan",
                  "Parent Relationship": "Outer",
                  "Parallel Aware": true,
                  "Relation Name": "movie_companies",
                  "Alias": "mc",
                  "Startup Cost": 0.0,
                  "Total Cost": 31414.82,
                  "Plan Rows": 284999,
                  "Plan Width": 0,
                  "Actual Startup Time": 35.8,
                  "Actual Total Time": 67.365,
                  "Actual Rows": 142022,
                  "Actual Loops": 4,
                  "Filter": "((company_id < 23532) AND (company_type_id = 2))",
                  "Rows Removed by Filter": 510260
                }
              ]
            }
          ]
        }
      ]
    },
    "Planning Time": 0.083,
    "Triggers": [],
    "Execution Time": 85.684
  }
]