[
  {
    "Plan": {
      "Node Type": "Aggregate",
      "Strategy": "Plain",
      "Partial Mode": "Finalize",
      "Parallel Aware": false,
      "Startup Cost": 249228.42,
      "Total Cost": 249228.43,
      "Plan Rows": 1,
      "Plan Width": 8,
      "Actual Startup Time": 638.42,
      "Actual Total Time": 682.592,
      "Actual Rows": 1,
      "Actual Loops": 1,
      "Plans": [
        {
          "Node Type": "Gather",
          "Parent Relationship": "Outer",
          "Parallel Aware": false,
          "Startup Cost": 249227.89,
          "Total Cost": 249228.4,
          "Plan Rows": 5,
          "Plan Width": 8,
          "Actual Startup Time": 636.512,
          "Actual Total Time": 682.583,
          "Actual Rows": 6,
          "Actual Loops": 1,
          "Workers Planned": 5,
          "Workers Launched": 5,
          "Single Copy": false,
          "Plans": [
            {
              "Node Type": "Aggregate",
              "Strategy": "Plain",
              "Partial Mode": "Partial",
              "Parent Relationship": "Outer",
              "Parallel Aware": false,
              "Startup Cost": 248227.89,
              "Total Cost": 248227.9,
              "Plan Rows": 1,
              "Plan Width": 8,
              "Actual Startup Time": 629.24,
              "Actual Total Time": 629.244,
              "Actual Rows": 1,
              "Actual Loops": 6,
              "Plans": [
                {
                  "Node Type": "Hash Join",
                  "Parent Relationship": "Outer",
                  "Parallel Aware": true,
                  "Join Type": "Inner",
                  "Startup Cost": 45845.47,
                  "Total Cost": 248089.6,
                  "Plan Rows": 55319,
                  "Plan Width": 0,
                  "Actual Startup Time": 114.595,
                  "Actual Total Time": 619.878,
                  "Actual Rows": 209535,
                  "Actual Loops": 6,
                  "Inner Unique": true,
                  "Hash Cond": "(mi.movie_id = t.id)",
                  "Plans": [
                    {
                      "Node Type": "Seq Scan",
                      "Parent Relationship": "Outer",
                      "Parallel Aware": true,
                      "Relation Name": "movie_info",
                      "Alias": "mi",
                      "Startup Cost": 0.0,
                      "Total Cost": 199108.24,
                      "Plan Rows": 1194621,
                      "Plan Width": 4,
                      "Actual Startup Time": 0.03,
                      "Actual Total Time": 357.46,
                      "Actual Rows": 980827,
                      "Actual Loops": 6,
                      "Filter": "(info_type_id < 7)",
                      "Rows Removed by Filter": 1491793
                    },
                    {
                      "Node Type": "Hash",
                      "Parent Relationship": "Inner",
                      "Parallel Aware": true,
                      "Startup Cost": 45479.59,
                      "Total Cost": 45479.59,
                      "Plan Rows": 29271,
                      "Plan Width": 4,
                      "Actual Startup Time": 101.408,
                      "Actual Total Time": 101.409,
                      "Actual Rows": 42825,
                      "Actual Loops": 6,
                      "Hash Buckets": 262144,
                      "Original Hash Buckets": 131072,
                      "Hash Batches": 1,
                      "Original Hash Batches": 1,
                      "Peak Memory Usage": 13248,
                      "Plans": [
                        {
                          "Node Type": "Seq Scan",
                          "Parent Relationship": "Outer",
                          "Parallel Aware": true,
                          "Relation Name": "title",
                          "Alias": "t",
                          "Startup Cost": 0.0,
                          "Total Cost": 45479.59,
                          "Plan Rows": 29271,
                          "Plan Width": 4,
                          "Actual Startup Time": 47.034,
                          "Actual Total Time": 80.539,
                          "Actual Rows": 42825,
                          "Actual Loops": 6,
                          "Filter": "((production_year < 1977) AND (kind_id = 1))",
                          "Rows Removed by Filter": 378561
                        }
                      ]
                    }
                  ]
                }
              ]
            }
          ]
        }
      ]
    },
    "Planning Time": 0.28,
    "Triggers": [],
    "Execution Time": 682.644
  }
]