{
    "Plan": {
        "Node Type": "Aggregate",
        "Strategy": "Plain",
        "Partial Mode": "Finalize",
        "Parallel Aware": false,
        "Startup Cost": 615684.69,
        "Total Cost": 615684.7,
        "Plan Rows": 1,
        "Plan Width": 8,
        "Actual Startup Time": 5776.014,
        "Actual Total Time": 5850.911,
        "Actual Rows": 1,
        "Actual Loops": 1,
        "Output": [
            "count(*)"
        ],
        "Plans": [
            {
                "Node Type": "Gather",
                "Parent Relationship": "Outer",
                "Parallel Aware": false,
                "Startup Cost": 615684.06,
                "Total Cost": 615684.67,
                "Plan Rows": 6,
                "Plan Width": 8,
                "Actual Startup Time": 5742.11,
                "Actual Total Time": 5850.899,
                "Actual Rows": 7,
                "Actual Loops": 1,
                "Output": [
                    "(PARTIAL count(*))"
                ],
                "Workers Planned": 6,
                "Workers Launched": 6,
                "Single Copy": false,
                "Plans": [
                    {
                        "Node Type": "Aggregate",
                        "Strategy": "Plain",
                        "Partial Mode": "Partial",
                        "Parent Relationship": "Outer",
                        "Parallel Aware": false,
                        "Startup Cost": 614684.06,
                        "Total Cost": 614684.07,
                        "Plan Rows": 1,
                        "Plan Width": 8,
                        "Actual Startup Time": 5721.353,
                        "Actual Total Time": 5722.046,
                        "Actual Rows": 1,
                        "Actual Loops": 7,
                        "Output": [
                            "PARTIAL count(*)"
                        ],
                        "Workers": [
                            {
                                "Worker Number": 0,
                                "Actual Startup Time": 5722.766,
                                "Actual Total Time": 5722.771,
                                "Actual Rows": 1,
                                "Actual Loops": 1
                            },
                            {
                                "Worker Number": 1,
                                "Actual Startup Time": 5717.074,
                                "Actual Total Time": 5717.078,
                                "Actual Rows": 1,
                                "Actual Loops": 1
                            },
                            {
                                "Worker Number": 2,
                                "Actual Startup Time": 5717.082,
                                "Actual Total Time": 5717.087,
                                "Actual Rows": 1,
                                "Actual Loops": 1
                            },
                            {
                                "Worker Number": 3,
                                "Actual Startup Time": 5717.13,
                                "Actual Total Time": 5717.134,
                                "Actual Rows": 1,
                                "Actual Loops": 1
                            },
                            {
                                "Worker Number": 4,
                                "Actual Startup Time": 5717.146,
                                "Actual Total Time": 5717.152,
                                "Actual Rows": 1,
                                "Actual Loops": 1
                            },
                            {
                                "Worker Number": 5,
                                "Actual Startup Time": 5717.183,
                                "Actual Total Time": 5717.188,
                                "Actual Rows": 1,
                                "Actual Loops": 1
                            }
                        ],
                        "Plans": [
                            {
                                "Node Type": "Hash Join",
                                "Parent Relationship": "Outer",
                                "Parallel Aware": true,
                                "Join Type": "Inner",
                                "Startup Cost": 256127.54,
                                "Total Cost": 605515.13,
                                "Plan Rows": 3667573,
                                "Plan Width": 0,
                                "Actual Startup Time": 1061.25,
                                "Actual Total Time": 4912.844,
                                "Actual Rows": 21227633,
                                "Actual Loops": 7,
                                "Inner Unique": false,
                                "Hash Cond": "(ci.movie_id = t.id)",
                                "Workers": [
                                    {
                                        "Worker Number": 0,
                                        "Actual Startup Time": 1058.883,
                                        "Actual Total Time": 4938.591,
                                        "Actual Rows": 20576845,
                                        "Actual Loops": 1
                                    },
                                    {
                                        "Worker Number": 1,
                                        "Actual Startup Time": 1057.61,
                                        "Actual Total Time": 4905.655,
                                        "Actual Rows": 21504137,
                                        "Actual Loops": 1
                                    },
                                    {
                                        "Worker Number": 2,
                                        "Actual Startup Time": 1057.589,
                                        "Actual Total Time": 4933.8,
                                        "Actual Rows": 20580897,
                                        "Actual Loops": 1
                                    },
                                    {
                                        "Worker Number": 3,
                                        "Actual Startup Time": 1057.616,
                                        "Actual Total Time": 4894.792,
                                        "Actual Rows": 21795374,
                                        "Actual Loops": 1
                                    },
                                    {
                                        "Worker Number": 4,
                                        "Actual Startup Time": 1057.762,
                                        "Actual Total Time": 4937.602,
                                        "Actual Rows": 20474524,
                                        "Actual Loops": 1
                                    },
                                    {
                                        "Worker Number": 5,
                                        "Actual Startup Time": 1057.81,
                                        "Actual Total Time": 4899.84,
                                        "Actual Rows": 21637427,
                                        "Actual Loops": 1
                                    }
                                ],
                                "Plans": [
                                    {
                                        "Node Type": "Seq Scan",
                                        "Parent Relationship": "Outer",
                                        "Parallel Aware": true,
                                        "Relation Name": "cast_info",
                                        "Schema": "public",
                                        "Alias": "ci",
                                        "Startup Cost": 0.0,
                                        "Total Cost": 328213.62,
                                        "Plan Rows": 3690353,
                                        "Plan Width": 4,
                                        "Actual Startup Time": 0.032,
                                        "Actual Total Time": 586.909,
                                        "Actual Rows": 3150127,
                                        "Actual Loops": 7,
                                        "Output": [
                                            "ci.id",
                                            "ci.person_id",
                                            "ci.movie_id",
                                            "ci.person_role_id",
                                            "ci.note",
                                            "ci.nr_order",
                                            "ci.role_id"
                                        ],
                                        "Filter": "(ci.person_id < 2245600)",
                                        "Rows Removed by Filter": 2027636,
                                        "Workers": [
                                            {
                                                "Worker Number": 0,
                                                "Actual Startup Time": 0.04,
                                                "Actual Total Time": 602.531,
                                                "Actual Rows": 3042092,
                                                "Actual Loops": 1
                                            },
                                            {
                                                "Worker Number": 1,
                                                "Actual Startup Time": 0.036,
                                                "Actual Total Time": 607.35,
                                                "Actual Rows": 3221047,
                                                "Actual Loops": 1
                                            },
                                            {
                                                "Worker Number": 2,
                                                "Actual Startup Time": 0.028,
                                                "Actual Total Time": 602.416,
                                                "Actual Rows": 3050750,
                                                "Actual Loops": 1
                                            },
                                            {
                                                "Worker Number": 3,
                                                "Actual Startup Time": 0.039,
                                                "Actual Total Time": 605.394,
                                                "Actual Rows": 3212955,
                                                "Actual Loops": 1
                                            },
                                            {
                                                "Worker Number": 4,
                                                "Actual Startup Time": 0.035,
                                                "Actual Total Time": 598.526,
                                                "Actual Rows": 2996634,
                                                "Actual Loops": 1
                                            },
                                            {
                                                "Worker Number": 5,
                                                "Actual Startup Time": 0.032,
                                                "Actual Total Time": 606.525,
                                                "Actual Rows": 3204916,
                                                "Actual Loops": 1
                                            }
                                        ]
                                    },
                                    {
                                        "Node Type": "Hash",
                                        "Parent Relationship": "Inner",
                                        "Parallel Aware": true,
                                        "Startup Cost": 249845.75,
                                        "Total Cost": 249845.75,
                                        "Plan Rows": 502543,
                                        "Plan Width": 8,
                                        "Actual Startup Time": 1054.415,
                                        "Actual Total Time": 1055.107,
                                        "Actual Rows": 736833,
                                        "Actual Loops": 7,
                                        "Output": [
                                            "t.id",
                                            "mi.movie_id"
                                        ],
                                        "Hash Buckets": 8388608,
                                        "Original Hash Buckets": 4194304,
                                        "Hash Batches": 1,
                                        "Original Hash Batches": 1,
                                        "Peak Memory Usage": 300160,
                                        "Workers": [
                                            {
                                                "Worker Number": 0,
                                                "Actual Startup Time": 1058.519,
                                                "Actual Total Time": 1058.522,
                                                "Actual Rows": 700858,
                                                "Actual Loops": 1
                                            },
                                            {
                                                "Worker Number": 1,
                                                "Actual Startup Time": 1056.899,
                                                "Actual Total Time": 1056.902,
                                                "Actual Rows": 743556,
                                                "Actual Loops": 1
                                            },
                                            {
                                                "Worker Number": 2,
                                                "Actual Startup Time": 1056.823,
                                                "Actual Total Time": 1056.827,
                                                "Actual Rows": 700093,
                                                "Actual Loops": 1
                                            },
                                            {
                                                "Worker Number": 3,
                                                "Actual Startup Time": 1056.949,
                                                "Actual Total Time": 1056.953,
                                                "Actual Rows": 744180,
                                                "Actual Loops": 1
                                            },
                                            {
                                                "Worker Number": 4,
                                                "Actual Startup Time": 1057.016,
                                                "Actual Total Time": 1057.02,
                                                "Actual Rows": 696164,
                                                "Actual Loops": 1
                                            },
                                            {
                                                "Worker Number": 5,
                                                "Actual Startup Time": 1057.059,
                                                "Actual Total Time": 1057.063,
                                                "Actual Rows": 739815,
                                                "Actual Loops": 1
                                            }
                                        ],
                                        "Plans": [
                                            {
                                                "Node Type": "Hash Join",
                                                "Parent Relationship": "Outer",
                                                "Parallel Aware": true,
                                                "Join Type": "Inner",
                                                "Startup Cost": 45996.98,
                                                "Total Cost": 249845.75,
                                                "Plan Rows": 502543,
                                                "Plan Width": 8,
                                                "Actual Startup Time": 136.428,
                                                "Actual Total Time": 705.983,
                                                "Actual Rows": 736833,
                                                "Actual Loops": 7,
                                                "Output": [
                                                    "t.id",
                                                    "mi.movie_id"
                                                ],
                                                "Inner Unique": true,
                                                "Hash Cond": "(mi.movie_id = t.id)",
                                                "Workers": [
                                                    {
                                                        "Worker Number": 0,
                                                        "Actual Startup Time": 136.482,
                                                        "Actual Total Time": 708.107,
                                                        "Actual Rows": 700858,
                                                        "Actual Loops": 1
                                                    },
                                                    {
                                                        "Worker Number": 1,
                                                        "Actual Startup Time": 136.382,
                                                        "Actual Total Time": 705.977,
                                                        "Actual Rows": 743556,
                                                        "Actual Loops": 1
                                                    },
                                                    {
                                                        "Worker Number": 2,
                                                        "Actual Startup Time": 136.408,
                                                        "Actual Total Time": 708.844,
                                                        "Actual Rows": 700093,
                                                        "Actual Loops": 1
                                                    },
                                                    {
                                                        "Worker Number": 3,
                                                        "Actual Startup Time": 136.409,
                                                        "Actual Total Time": 706.231,
                                                        "Actual Rows": 744180,
                                                        "Actual Loops": 1
                                                    },
                                                    {
                                                        "Worker Number": 4,
                                                        "Actual Startup Time": 136.403,
                                                        "Actual Total Time": 708.639,
                                                        "Actual Rows": 696164,
                                                        "Actual Loops": 1
                                                    },
                                                    {
                                                        "Worker Number": 5,
                                                        "Actual Startup Time": 136.375,
                                                        "Actual Total Time": 706.012,
                                                        "Actual Rows": 739815,
                                                        "Actual Loops": 1
                                                    }
                                                ],
                                                "Plans": [
                                                    {
                                                        "Node Type": "Seq Scan",
                                                        "Parent Relationship": "Outer",
                                                        "Parallel Aware": true,
                                                        "Relation Name": "movie_info",
                                                        "Schema": "public",
                                                        "Alias": "mi",
                                                        "Startup Cost": 0.0,
                                                        "Total Cost": 198880.74,
                                                        "Plan Rows": 1892579,
                                                        "Plan Width": 4,
                                                        "Actual Startup Time": 13.749,
                                                        "Actual Total Time": 296.224,
                                                        "Actual Rows": 1346457,
                                                        "Actual Loops": 7,
                                                        "Output": [
                                                            "mi.id",
                                                            "mi.movie_id",
                                                            "mi.info_type_id",
                                                            "mi.info",
                                                            "mi.note"
                                                        ],
                                                        "Filter": "(mi.info_type_id > 5)",
                                                        "Rows Removed by Filter": 772931,
                                                        "Workers": [
                                                            {
                                                                "Worker Number": 0,
                                                                "Actual Startup Time": 13.765,
                                                                "Actual Total Time": 302.247,
                                                                "Actual Rows": 1267294,
                                                                "Actual Loops": 1
                                                            },
                                                            {
                                                                "Worker Number": 1,
                                                                "Actual Startup Time": 13.766,
                                                                "Actual Total Time": 303.255,
                                                                "Actual Rows": 1348704,
                                                                "Actual Loops": 1
                                                            },
                                                            {
                                                                "Worker Number": 2,
                                                                "Actual Startup Time": 13.738,
                                                                "Actual Total Time": 301.987,
                                                                "Actual Rows": 1265591,
                                                                "Actual Loops": 1
                                                            },
                                                            {
                                                                "Worker Number": 3,
                                                                "Actual Startup Time": 13.749,
                                                                "Actual Total Time": 303.638,
                                                                "Actual Rows": 1354025,
                                                                "Actual Loops": 1
                                                            },
                                                            {
                                                                "Worker Number": 4,
                                                                "Actual Startup Time": 13.734,
                                                                "Actual Total Time": 301.61,
                                                                "Actual Rows": 1257078,
                                                                "Actual Loops": 1
                                                            },
                                                            {
                                                                "Worker Number": 5,
                                                                "Actual Startup Time": 13.752,
                                                                "Actual Total Time": 303.517,
                                                                "Actual Rows": 1347486,
                                                                "Actual Loops": 1
                                                            }
                                                        ]
                                                    },
                                                    {
                                                        "Node Type": "Hash",
                                                        "Parent Relationship": "Inner",
                                                        "Parallel Aware": true,
                                                        "Startup Cost": 43899.01,
                                                        "Total Cost": 43899.01,
                                                        "Plan Rows": 167838,
                                                        "Plan Width": 4,
                                                        "Actual Startup Time": 109.423,
                                                        "Actual Total Time": 109.424,
                                                        "Actual Rows": 94689,
                                                        "Actual Loops": 7,
                                                        "Output": [
                                                            "t.id"
                                                        ],
                                                        "Hash Buckets": 1048576,
                                                        "Original Hash Buckets": 1048576,
                                                        "Hash Batches": 1,
                                                        "Original Hash Batches": 1,
                                                        "Peak Memory Usage": 34240,
                                                        "Workers": [
                                                            {
                                                                "Worker Number": 0,
                                                                "Actual Startup Time": 110.273,
                                                                "Actual Total Time": 110.274,
                                                                "Actual Rows": 90566,
                                                                "Actual Loops": 1
                                                            },
                                                            {
                                                                "Worker Number": 1,
                                                                "Actual Startup Time": 110.179,
                                                                "Actual Total Time": 110.18,
                                                                "Actual Rows": 94404,
                                                                "Actual Loops": 1
                                                            },
                                                            {
                                                                "Worker Number": 2,
                                                                "Actual Startup Time": 110.186,
                                                                "Actual Total Time": 110.187,
                                                                "Actual Rows": 88329,
                                                                "Actual Loops": 1
                                                            },
                                                            {
                                                                "Worker Number": 3,
                                                                "Actual Startup Time": 110.194,
                                                                "Actual Total Time": 110.195,
                                                                "Actual Rows": 94382,
                                                                "Actual Loops": 1
                                                            },
                                                            {
                                                                "Worker Number": 4,
                                                                "Actual Startup Time": 110.183,
                                                                "Actual Total Time": 110.184,
                                                                "Actual Rows": 88485,
                                                                "Actual Loops": 1
                                                            },
                                                            {
                                                                "Worker Number": 5,
                                                                "Actual Startup Time": 110.189,
                                                                "Actual Total Time": 110.19,
                                                                "Actual Rows": 93453,
                                                                "Actual Loops": 1
                                                            }
                                                        ],
                                                        "Plans": [
                                                            {
                                                                "Node Type": "Seq Scan",
                                                                "Parent Relationship": "Outer",
                                                                "Parallel Aware": true,
                                                                "Relation Name": "title",
                                                                "Schema": "public",
                                                                "Alias": "t",
                                                                "Startup Cost": 0.0,
                                                                "Total Cost": 43899.01,
                                                                "Plan Rows": 167838,
                                                                "Plan Width": 4,
                                                                "Actual Startup Time": 39.254,
                                                                "Actual Total Time": 71.422,
                                                                "Actual Rows": 94689,
                                                                "Actual Loops": 7,
                                                                "Output": [
                                                                    "t.id"
                                                                ],
                                                                "Filter": "(t.kind_id = 1)",
                                                                "Rows Removed by Filter": 266498,
                                                                "Workers": [
                                                                    {
                                                                        "Worker Number": 0,
                                                                        "Actual Startup Time": 45.345,
                                                                        "Actual Total Time": 71.449,
                                                                        "Actual Rows": 90566,
                                                                        "Actual Loops": 1
                                                                    },
                                                                    {
                                                                        "Worker Number": 1,
                                                                        "Actual Startup Time": 45.034,
                                                                        "Actual Total Time": 72.046,
                                                                        "Actual Rows": 94404,
                                                                        "Actual Loops": 1
                                                                    },
                                                                    {
                                                                        "Worker Number": 2,
                                                                        "Actual Startup Time": 45.013,
                                                                        "Actual Total Time": 71.727,
                                                                        "Actual Rows": 88329,
                                                                        "Actual Loops": 1
                                                                    },
                                                                    {
                                                                        "Worker Number": 3,
                                                                        "Actual Startup Time": 45.199,
                                                                        "Actual Total Time": 72.106,
                                                                        "Actual Rows": 94382,
                                                                        "Actual Loops": 1
                                                                    },
                                                                    {
                                                                        "Worker Number": 4,
                                                                        "Actual Startup Time": 45.092,
                                                                        "Actual Total Time": 71.736,
                                                                        "Actual Rows": 88485,
                                                                        "Actual Loops": 1
                                                                    },
                                                                    {
                                                                        "Worker Number": 5,
                                                                        "Actual Startup Time": 44.969,
                                                                        "Actual Total Time": 71.948,
                                                                        "Actual Rows": 93453,
                                                                        "Actual Loops": 1
                                                                    }
                                                                ]
                                                            }
                                                        ]
                                                    }
                                                ]
                                            }
                                        ]
                                    }
                                ]
                            }
                        ]
                    }
                ]
            }
        ]
    },
    "Planning Time": 1.617,
    "Triggers": [],
    "Execution Time": 5851.004
}