[
    {
        "Bao": {
            "Bao prediction": "NaN",
            "Bao recommended hint": "(no hint)"
        }
    },
    {
        "Plan": {
            "Node Type": "Aggregate",
            "Strategy": "Plain",
            "Partial Mode": "Finalize",
            "Parallel Aware": false,
            "Startup Cost": 36000.2,
            "Total Cost": 36000.21,
            "Plan Rows": 1,
            "Plan Width": 8,
            "Actual Startup Time": 34.216,
            "Actual Total Time": 38.642,
            "Actual Rows": 1,
            "Actual Loops": 1,
            "Output": [
                "count(*)"
            ],
            "Plans": [
                {
                    "Node Type": "Gather",
                    "Parent Relationship": "Outer",
                    "Parallel Aware": false,
                    "Startup Cost": 35999.98,
                    "Total Cost": 36000.19,
                    "Plan Rows": 2,
                    "Plan Width": 8,
                    "Actual Startup Time": 33.975,
                    "Actual Total Time": 38.634,
                    "Actual Rows": 3,
                    "Actual Loops": 1,
                    "Output": [
                        "(PARTIAL count(*))"
                    ],
                    "Workers Planned": 2,
                    "Workers Launched": 2,
                    "Single Copy": false,
                    "Plans": [
                        {
                            "Node Type": "Aggregate",
                            "Strategy": "Plain",
                            "Partial Mode": "Partial",
                            "Parent Relationship": "Outer",
                            "Parallel Aware": false,
                            "Startup Cost": 34999.98,
                            "Total Cost": 34999.99,
                            "Plan Rows": 1,
                            "Plan Width": 8,
                            "Actual Startup Time": 25.784,
                            "Actual Total Time": 25.786,
                            "Actual Rows": 1,
                            "Actual Loops": 3,
                            "Output": [
                                "PARTIAL count(*)"
                            ],
                            "Workers": [
                                {
                                    "Worker Number": 0,
                                    "Actual Startup Time": 21.906,
                                    "Actual Total Time": 21.907,
                                    "Actual Rows": 1,
                                    "Actual Loops": 1
                                },
                                {
                                    "Worker Number": 1,
                                    "Actual Startup Time": 22.149,
                                    "Actual Total Time": 22.151,
                                    "Actual Rows": 1,
                                    "Actual Loops": 1
                                }
                            ],
                            "Plans": [
                                {
                                    "Node Type": "Nested Loop",
                                    "Parent Relationship": "Outer",
                                    "Parallel Aware": false,
                                    "Join Type": "Inner",
                                    "Startup Cost": 102.98,
                                    "Total Cost": 34995.83,
                                    "Plan Rows": 1663,
                                    "Plan Width": 0,
                                    "Actual Startup Time": 3.323,
                                    "Actual Total Time": 25.725,
                                    "Actual Rows": 202,
                                    "Actual Loops": 3,
                                    "Inner Unique": true,
                                    "Workers": [
                                        {
                                            "Worker Number": 0,
                                            "Actual Startup Time": 3.483,
                                            "Actual Total Time": 21.887,
                                            "Actual Rows": 31,
                                            "Actual Loops": 1
                                        },
                                        {
                                            "Worker Number": 1,
                                            "Actual Startup Time": 2.47,
                                            "Actual Total Time": 22.132,
                                            "Actual Rows": 22,
                                            "Actual Loops": 1
                                        }
                                    ],
                                    "Plans": [
                                        {
                                            "Node Type": "Bitmap Heap Scan",
                                            "Parent Relationship": "Outer",
                                            "Parallel Aware": true,
                                            "Relation Name": "movie_info",
                                            "Schema": "public",
                                            "Alias": "mi",
                                            "Startup Cost": 102.55,
                                            "Total Cost": 18598.16,
                                            "Plan Rows": 2264,
                                            "Plan Width": 4,
                                            "Actual Startup Time": 1.425,
                                            "Actual Total Time": 4.909,
                                            "Actual Rows": 2047,
                                            "Actual Loops": 3,
                                            "Output": [
                                                "mi.id",
                                                "mi.movie_id",
                                                "mi.info_type_id",
                                                "mi.info",
                                                "mi.note"
                                            ],
                                            "Recheck Cond": "(mi.info_type_id = 46)",
                                            "Rows Removed by Index Recheck": 0,
                                            "Exact Heap Blocks": 1014,
                                            "Lossy Heap Blocks": 0,
                                            "Workers": [
                                                {
                                                    "Worker Number": 0,
                                                    "Actual Startup Time": 0.156,
                                                    "Actual Total Time": 3.201,
                                                    "Actual Rows": 686,
                                                    "Actual Loops": 1
                                                },
                                                {
                                                    "Worker Number": 1,
                                                    "Actual Startup Time": 0.145,
                                                    "Actual Total Time": 3.19,
                                                    "Actual Rows": 718,
                                                    "Actual Loops": 1
                                                }
                                            ],
                                            "Plans": [
                                                {
                                                    "Node Type": "Bitmap Index Scan",
                                                    "Parent Relationship": "Outer",
                                                    "Parallel Aware": false,
                                                    "Index Name": "info_type_id_movie_info",
                                                    "Startup Cost": 0.0,
                                                    "Total Cost": 101.19,
                                                    "Plan Rows": 5434,
                                                    "Plan Width": 0,
                                                    "Actual Startup Time": 3.337,
                                                    "Actual Total Time": 3.338,
                                                    "Actual Rows": 6142,
                                                    "Actual Loops": 1,
                                                    "Index Cond": "(mi.info_type_id = 46)"
                                                }
                                            ]
                                        },
                                        {
                                            "Node Type": "Index Scan",
                                            "Parent Relationship": "Inner",
                                            "Parallel Aware": false,
                                            "Scan Direction": "Forward",
                                            "Index Name": "title_pkey",
                                            "Relation Name": "title",
                                            "Schema": "public",
                                            "Alias": "t",
                                            "Startup Cost": 0.43,
                                            "Total Cost": 7.24,
                                            "Plan Rows": 1,
                                            "Plan Width": 4,
                                            "Actual Startup Time": 0.009,
                                            "Actual Total Time": 0.009,
                                            "Actual Rows": 0,
                                            "Actual Loops": 6142,
                                            "Output": [
                                                "t.id",
                                                "t.title",
                                                "t.imdb_index",
                                                "t.kind_id",
                                                "t.production_year",
                                                "t.imdb_id",
                                                "t.phonetic_code",
                                                "t.episode_of_id",
                                                "t.season_nr",
                                                "t.episode_nr",
                                                "t.series_years",
                                                "t.md5sum"
                                            ],
                                            "Index Cond": "(t.id = mi.movie_id)",
                                            "Rows Removed by Index Recheck": 0,
                                            "Filter": "(t.kind_id > 1)",
                                            "Rows Removed by Filter": 1,
                                            "Workers": [
                                                {
                                                    "Worker Number": 0,
                                                    "Actual Startup Time": 0.026,
                                                    "Actual Total Time": 0.026,
                                                    "Actual Rows": 0,
                                                    "Actual Loops": 686
                                                },
                                                {
                                                    "Worker Number": 1,
                                                    "Actual Startup Time": 0.025,
                                                    "Actual Total Time": 0.025,
                                                    "Actual Rows": 0,
                                                    "Actual Loops": 718
                                                }
                                            ]
                                        }
                                    ]
                                }
                            ]
                        }
                    ]
                }
            ]
        },
        "Planning Time": 270.456,
        "Triggers": [],
        "Execution Time": 38.778
    }
]