[
  {
    "Plan": {
      "Node Type": "Aggregate",
      "Strategy": "Plain",
      "Partial Mode": "Finalize",
      "Parallel Aware": false,
      "Startup Cost": 97022.22,
      "Total Cost": 97022.23,
      "Plan Rows": 1,
      "Plan Width": 8,
      "Actual Startup Time": 683.807,
      "Actual Total Time": 702.376,
      "Actual Rows": 1,
      "Actual Loops": 1,
      "Plans": [
        {
          "Node Type": "Gather",
          "Parent Relationship": "Outer",
          "Parallel Aware": false,
          "Startup Cost": 97022.0,
          "Total Cost": 97022.21,
          "Plan Rows": 2,
          "Plan Width": 8,
          "Actual Startup Time": 678.087,
          "Actual Total Time": 702.369,
          "Actual Rows": 3,
          "Actual Loops": 1,
          "Workers Planned": 2,
          "Workers Launched": 2,
          "Single Copy": false,
          "Plans": [
            {
              "Node Type": "Aggregate",
              "Strategy": "Plain",
              "Partial Mode": "Partial",
              "Parent Relationship": "Outer",
              "Parallel Aware": false,
              "Startup Cost": 96022.0,
              "Total Cost": 96022.01,
              "Plan Rows": 1,
              "Plan Width": 8,
              "Actual Startup Time": 669.99,
              "Actual Total Time": 669.995,
              "Actual Rows": 1,
              "Actual Loops": 3,
              "Plans": [
                {
                  "Node Type": "Hash Join",
                  "Parent Relationship": "Outer",
                  "Parallel Aware": true,
                  "Join Type": "Inner",
                  "Startup Cost": 79680.45,
                  "Total Cost": 95771.95,
                  "Plan Rows": 100020,
                  "Plan Width": 0,
                  "Actual Startup Time": 530.186,
                  "Actual Total Time": 659.509,
                  "Actual Rows": 225283,
                  "Actual Loops": 3,
                  "Inner Unique": false,
                  "Hash Cond": "(mi_idx.movie_id = t.id)",
                  "Plans": [
                    {
                      "Node Type": "Seq Scan",
                      "Parent Relationship": "Outer",
                      "Parallel Aware": true,
                      "Relation Name": "movie_info_idx",
                      "Alias": "mi_idx",
                      "Startup Cost": 0.0,
                      "Total Cost": 13685.15,
                      "Plan Rows": 575015,
                      "Plan Width": 4,
                      "Actual Startup Time": 0.033,
                      "Actual Total Time": 41.122,
                      "Actual Rows": 460012,
                      "Actual Loops": 3
                    },
                    {
                      "Node Type": "Hash",
                      "Parent Relationship": "Inner",
                      "Parallel Aware": true,
                      "Startup Cost": 78306.15,
                      "Total Cost": 78306.15,
                      "Plan Rows": 109944,
                      "Plan Width": 8,
                      "Actual Startup Time": 526.053,
                      "Actual Total Time": 526.057,
                      "Actual Rows": 152509,
                      "Actual Loops": 3,
                      "Hash Buckets": 524288,
                      "Original Hash Buckets": 524288,
                      "Hash Batches": 1,
                      "Original Hash Batches": 1,
                      "Peak Memory Usage": 22048,
                      "Plans": [
                        {
                          "Node Type": "Hash Join",
                          "Parent Relationship": "Outer",
                          "Parallel Aware": true,
                          "Join Type": "Inner",
                          "Startup Cost": 31812.44,
                          "Total Cost": 78306.15,
                          "Plan Rows": 109944,
                          "Plan Width": 8,
                          "Actual Startup Time": 174.569,
                          "Actual Total Time": 476.423,
                          "Actual Rows": 152509,
                          "Actual Loops": 3,
                          "Inner Unique": false,
                          "Hash Cond": "(t.id = mc.movie_id)",
                          "Plans": [
                            {
                              "Node Type": "Seq Scan",
                              "Parent Relationship": "Outer",
                              "Parallel Aware": true,
                              "Relation Name": "title",
                              "Alias": "t",
                              "Startup Cost": 0.0,
                              "Total Cost": 43898.92,
                              "Plan Rows": 448026,
                              "Plan Width": 4,
                              "Actual Startup Time": 0.019,
                              "Actual Total Time": 129.228,
                              "Actual Rows": 598051,
                              "Actual Loops": 3,
                              "Filter": "(production_year < 2009)",
                              "Rows Removed by Filter": 244720
                            },
                            {
                              "Node Type": "Hash",
                              "Parent Relationship": "Inner",
                              "Parallel Aware": true,
                              "Startup Cost": 29310.68,
                              "Total Cost": 29310.68,
                              "Plan Rows": 200141,
                              "Plan Width": 4,
                              "Actual Startup Time": 170.295,
                              "Actual Total Time": 170.296,
                              "Actual Rows": 210879,
                              "Actual Loops": 3,
                              "Hash Buckets": 1048576,
                              "Original Hash Buckets": 1048576,
                              "Hash Batches": 1,
                              "Original Hash Batches": 1,
                              "Peak Memory Usage": 32960,
                              "Plans": [
                                {
                                  "Node Type": "Seq Scan",
                                  "Parent Relationship": "Outer",
                                  "Parallel Aware": true,
                                  "Relation Name": "movie_companies",
                                  "Alias": "mc",
                                  "Startup Cost": 0.0,
                                  "Total Cost": 29310.68,
                                  "Plan Rows": 200141,
                                  "Plan Width": 4,
                                  "Actual Startup Time": 43.396,
                                  "Actual Total Time": 101.88,
                                  "Actual Rows": 210879,
                                  "Actual Loops": 3,
                                  "Filter": "(company_id > 58976)",
                                  "Rows Removed by Filter": 658831
                                }
                              ]
                            }
                          ]
                        }
                      ]
                    }
                  ]
                }
              ]
            }
          ]
        }
      ]
    },
    "Planning Time": 1.378,
    "Triggers": [],
    "Execution Time": 702.459
  }
]