{
  "Plan": {
    "Node Type": "Aggregate",
    "Strategy": "Plain",
    "Partial Mode": "Finalize",
    "Parallel Aware": false,
    "Startup Cost": 688941.56,
    "Total Cost": 688941.57,
    "Plan Rows": 1,
    "Plan Width": 8,
    "Actual Startup Time": 5681.886,
    "Actual Total Time": 5724.591,
    "Actual Rows": 1,
    "Actual Loops": 1,
    "Plans": [
      {
        "Node Type": "Gather",
        "Parent Relationship": "Outer",
        "Parallel Aware": false,
        "Startup Cost": 688941.44,
        "Total Cost": 688941.55,
        "Plan Rows": 1,
        "Plan Width": 8,
        "Actual Startup Time": 5673.169,
        "Actual Total Time": 5724.581,
        "Actual Rows": 2,
        "Actual Loops": 1,
        "Workers Planned": 1,
        "Workers Launched": 1,
        "Single Copy": false,
        "Plans": [
          {
            "Node Type": "Aggregate",
            "Strategy": "Plain",
            "Partial Mode": "Partial",
            "Parent Relationship": "Outer",
            "Parallel Aware": false,
            "Startup Cost": 687941.44,
            "Total Cost": 687941.45,
            "Plan Rows": 1,
            "Plan Width": 8,
            "Actual Startup Time": 5662.533,
            "Actual Total Time": 5665.024,
            "Actual Rows": 1,
            "Actual Loops": 2,
            "Plans": [
              {
                "Node Type": "Hash Join",
                "Parent Relationship": "Outer",
                "Parallel Aware": true,
                "Join Type": "Inner",
                "Startup Cost": 617614.33,
                "Total Cost": 685445.85,
                "Plan Rows": 998238,
                "Plan Width": 0,
                "Actual Startup Time": 3909.669,
                "Actual Total Time": 5169.062,
                "Actual Rows": 12035252,
                "Actual Loops": 2,
                "Inner Unique": false,
                "Hash Cond": "(mk.movie_id = t.id)",
                "Plans": [
                  {
                    "Node Type": "Seq Scan",
                    "Parent Relationship": "Outer",
                    "Parallel Aware": true,
                    "Relation Name": "movie_keyword",
                    "Alias": "mk",
                    "Startup Cost": 0.0,
                    "Total Cost": 57718.19,
                    "Plan Rows": 1131022,
                    "Plan Width": 4,
                    "Actual Startup Time": 0.018,
                    "Actual Total Time": 175.585,
                    "Actual Rows": 964397,
                    "Actual Loops": 2,
                    "Filter": "(keyword_id < 3316)",
                    "Rows Removed by Filter": 1297568
                  },
                  {
                    "Node Type": "Hash",
                    "Parent Relationship": "Inner",
                    "Parallel Aware": true,
                    "Startup Cost": 601206.48,
                    "Total Cost": 601206.48,
                    "Plan Rows": 1312628,
                    "Plan Width": 8,
                    "Actual Startup Time": 3888.662,
                    "Actual Total Time": 3891.152,
                    "Actual Rows": 2092124,
                    "Actual Loops": 2,
                    "Hash Buckets": 4194304,
                    "Original Hash Buckets": 4194304,
                    "Hash Batches": 1,
                    "Original Hash Batches": 1,
                    "Peak Memory Usage": 196480,
                    "Plans": [
                      {
                        "Node Type": "Hash Join",
                        "Parent Relationship": "Outer",
                        "Parallel Aware": true,
                        "Join Type": "Inner",
                        "Startup Cost": 65248.97,
                        "Total Cost": 601206.48,
                        "Plan Rows": 1312628,
                        "Plan Width": 8,
                        "Actual Startup Time": 260.643,
                        "Actual Total Time": 3233.826,
                        "Actual Rows": 2092124,
                        "Actual Loops": 2,
                        "Inner Unique": true,
                        "Hash Cond": "(ci.movie_id = t.id)",
                        "Plans": [
                          {
                            "Node Type": "Index Scan",
                            "Parent Relationship": "Outer",
                            "Parallel Aware": true,
                            "Scan Direction": "Forward",
                            "Index Name": "role_id_cast_info",
                            "Relation Name": "cast_info",
                            "Alias": "ci",
                            "Startup Cost": 0.56,
                            "Total Cost": 526730.69,
                            "Plan Rows": 3515192,
                            "Plan Width": 4,
                            "Actual Startup Time": 0.043,
                            "Actual Total Time": 1223.996,
                            "Actual Rows": 5261376,
                            "Actual Loops": 2,
                            "Index Cond": "(role_id > 2)",
                            "Rows Removed by Index Recheck": 0,
                            "Filter": "(person_id > 2357812)",
                            "Rows Removed by Filter": 2799466
                          },
                          {
                            "Node Type": "Hash",
                            "Parent Relationship": "Inner",
                            "Parallel Aware": true,
                            "Startup Cost": 58306.47,
                            "Total Cost": 58306.47,
                            "Plan Rows": 555355,
                            "Plan Width": 4,
                            "Actual Startup Time": 257.68,
                            "Actual Total Time": 257.68,
                            "Actual Rows": 463028,
                            "Actual Loops": 2,
                            "Hash Buckets": 1048576,
                            "Original Hash Buckets": 1048576,
                            "Hash Batches": 1,
                            "Original Hash Batches": 1,
                            "Peak Memory Usage": 44448,
                            "Plans": [
                              {
                                "Node Type": "Seq Scan",
                                "Parent Relationship": "Outer",
                                "Parallel Aware": true,
                                "Relation Name": "title",
                                "Alias": "t",
                                "Startup Cost": 0.0,
                                "Total Cost": 58306.47,
                                "Plan Rows": 555355,
                                "Plan Width": 4,
                                "Actual Startup Time": 0.034,
                                "Actual Total Time": 150.271,
                                "Actual Rows": 463028,
                                "Actual Loops": 2,
                                "Filter": "((kind_id < 7) AND (production_year > 1913))",
                                "Rows Removed by Filter": 801128
                              }
                            ]
                          }
                        ]
                      }
                    ]
                  }
                ]
              }
            ]
          }
        ]
      }
    ]
  },
  "Planning Time": 1.089,
  "Triggers": [],
  "Execution Time": 5724.686
}