[
    {
        "Bao": {
            "Bao prediction": "NaN",
            "Bao recommended hint": "(no hint)"
        }
    },
    {
        "Plan": {
            "Node Type": "Aggregate",
            "Strategy": "Plain",
            "Partial Mode": "Finalize",
            "Parallel Aware": false,
            "Startup Cost": 36895.43,
            "Total Cost": 36895.44,
            "Plan Rows": 1,
            "Plan Width": 8,
            "Actual Startup Time": 108.854,
            "Actual Total Time": 115.163,
            "Actual Rows": 1,
            "Actual Loops": 1,
            "Output": [
                "count(*)"
            ],
            "Plans": [
                {
                    "Node Type": "Gather",
                    "Parent Relationship": "Outer",
                    "Parallel Aware": false,
                    "Startup Cost": 36895.12,
                    "Total Cost": 36895.43,
                    "Plan Rows": 3,
                    "Plan Width": 8,
                    "Actual Startup Time": 108.53,
                    "Actual Total Time": 115.155,
                    "Actual Rows": 4,
                    "Actual Loops": 1,
                    "Output": [
                        "(PARTIAL count(*))"
                    ],
                    "Workers Planned": 3,
                    "Workers Launched": 3,
                    "Single Copy": false,
                    "Plans": [
                        {
                            "Node Type": "Aggregate",
                            "Strategy": "Plain",
                            "Partial Mode": "Partial",
                            "Parent Relationship": "Outer",
                            "Parallel Aware": false,
                            "Startup Cost": 35895.12,
                            "Total Cost": 35895.13,
                            "Plan Rows": 1,
                            "Plan Width": 8,
                            "Actual Startup Time": 100.217,
                            "Actual Total Time": 100.218,
                            "Actual Rows": 1,
                            "Actual Loops": 4,
                            "Output": [
                                "PARTIAL count(*)"
                            ],
                            "Workers": [
                                {
                                    "Worker Number": 0,
                                    "Actual Startup Time": 97.447,
                                    "Actual Total Time": 97.449,
                                    "Actual Rows": 1,
                                    "Actual Loops": 1
                                },
                                {
                                    "Worker Number": 1,
                                    "Actual Startup Time": 97.44,
                                    "Actual Total Time": 97.441,
                                    "Actual Rows": 1,
                                    "Actual Loops": 1
                                },
                                {
                                    "Worker Number": 2,
                                    "Actual Startup Time": 97.788,
                                    "Actual Total Time": 97.79,
                                    "Actual Rows": 1,
                                    "Actual Loops": 1
                                }
                            ],
                            "Plans": [
                                {
                                    "Node Type": "Bitmap Heap Scan",
                                    "Parent Relationship": "Outer",
                                    "Parallel Aware": true,
                                    "Relation Name": "movie_keyword",
                                    "Schema": "public",
                                    "Alias": "mk",
                                    "Startup Cost": 9316.06,
                                    "Total Cost": 35540.94,
                                    "Plan Rows": 141670,
                                    "Plan Width": 0,
                                    "Actual Startup Time": 25.055,
                                    "Actual Total Time": 93.619,
                                    "Actual Rows": 109650,
                                    "Actual Loops": 4,
                                    "Recheck Cond": "(mk.keyword_id < 339)",
                                    "Rows Removed by Index Recheck": 0,
                                    "Exact Heap Blocks": 11568,
                                    "Lossy Heap Blocks": 0,
                                    "Workers": [
                                        {
                                            "Worker Number": 0,
                                            "Actual Startup Time": 22.314,
                                            "Actual Total Time": 91.302,
                                            "Actual Rows": 66646,
                                            "Actual Loops": 1
                                        },
                                        {
                                            "Worker Number": 1,
                                            "Actual Startup Time": 22.486,
                                            "Actual Total Time": 91.417,
                                            "Actual Rows": 85217,
                                            "Actual Loops": 1
                                        },
                                        {
                                            "Worker Number": 2,
                                            "Actual Startup Time": 22.685,
                                            "Actual Total Time": 92.072,
                                            "Actual Rows": 78113,
                                            "Actual Loops": 1
                                        }
                                    ],
                                    "Plans": [
                                        {
                                            "Node Type": "Bitmap Index Scan",
                                            "Parent Relationship": "Outer",
                                            "Parallel Aware": false,
                                            "Index Name": "keyword_id_movie_keyword",
                                            "Startup Cost": 0.0,
                                            "Total Cost": 9206.27,
                                            "Plan Rows": 439178,
                                            "Plan Width": 0,
                                            "Actual Startup Time": 29.203,
                                            "Actual Total Time": 29.204,
                                            "Actual Rows": 438602,
                                            "Actual Loops": 1,
                                            "Index Cond": "(mk.keyword_id < 339)"
                                        }
                                    ]
                                }
                            ]
                        }
                    ]
                }
            ]
        },
        "Planning Time": 203.198,
        "Triggers": [],
        "Execution Time": 115.282
    }
]