[
  {
    "Plan": {
      "Node Type": "Aggregate",
      "Strategy": "Plain",
      "Partial Mode": "Finalize",
      "Parallel Aware": false,
      "Startup Cost": 82023.01,
      "Total Cost": 82023.02,
      "Plan Rows": 1,
      "Plan Width": 8,
      "Actual Startup Time": 404.491,
      "Actual Total Time": 422.444,
      "Actual Rows": 1,
      "Actual Loops": 1,
      "Plans": [
        {
          "Node Type": "Gather",
          "Parent Relationship": "Outer",
          "Parallel Aware": false,
          "Startup Cost": 82022.59,
          "Total Cost": 82023.0,
          "Plan Rows": 4,
          "Plan Width": 8,
          "Actual Startup Time": 400.375,
          "Actual Total Time": 422.433,
          "Actual Rows": 5,
          "Actual Loops": 1,
          "Workers Planned": 4,
          "Workers Launched": 4,
          "Single Copy": false,
          "Plans": [
            {
              "Node Type": "Aggregate",
              "Strategy": "Plain",
              "Partial Mode": "Partial",
              "Parent Relationship": "Outer",
              "Parallel Aware": false,
              "Startup Cost": 81022.59,
              "Total Cost": 81022.6,
              "Plan Rows": 1,
              "Plan Width": 8,
              "Actual Startup Time": 390.048,
              "Actual Total Time": 390.051,
              "Actual Rows": 1,
              "Actual Loops": 5,
              "Plans": [
                {
                  "Node Type": "Hash Join",
                  "Parent Relationship": "Outer",
                  "Parallel Aware": true,
                  "Join Type": "Inner",
                  "Startup Cost": 34461.81,
                  "Total Cost": 80550.3,
                  "Plan Rows": 188913,
                  "Plan Width": 0,
                  "Actual Startup Time": 151.0,
                  "Actual Total Time": 381.112,
                  "Actual Rows": 194923,
                  "Actual Loops": 5,
                  "Inner Unique": false,
                  "Hash Cond": "(t.id = mc.movie_id)",
                  "Plans": [
                    {
                      "Node Type": "Seq Scan",
                      "Parent Relationship": "Outer",
                      "Parallel Aware": true,
                      "Relation Name": "title",
                      "Alias": "t",
                      "Startup Cost": 0.0,
                      "Total Cost": 42318.73,
                      "Plan Rows": 632073,
                      "Plan Width": 4,
                      "Actual Startup Time": 0.013,
                      "Actual Total Time": 68.072,
                      "Actual Rows": 505662,
                      "Actual Loops": 5
                    },
                    {
                      "Node Type": "Hash",
                      "Parent Relationship": "Inner",
                      "Parallel Aware": true,
                      "Startup Cost": 31414.82,
                      "Total Cost": 31414.82,
                      "Plan Rows": 243759,
                      "Plan Width": 4,
                      "Actual Startup Time": 146.386,
                      "Actual Total Time": 146.387,
                      "Actual Rows": 194923,
                      "Actual Loops": 5,
                      "Hash Buckets": 1048576,
                      "Original Hash Buckets": 1048576,
                      "Hash Batches": 1,
                      "Original Hash Batches": 1,
                      "Peak Memory Usage": 46400,
                      "Plans": [
                        {
                          "Node Type": "Seq Scan",
                          "Parent Relationship": "Outer",
                          "Parallel Aware": true,
                          "Relation Name": "movie_companies",
                          "Alias": "mc",
                          "Startup Cost": 0.0,
                          "Total Cost": 31414.82,
                          "Plan Rows": 243759,
                          "Plan Width": 4,
                          "Actual Startup Time": 47.482,
                          "Actual Total Time": 83.147,
                          "Actual Rows": 194923,
                          "Actual Loops": 5,
                          "Filter": "((company_id > 7851) AND (company_type_id > 1))",
                          "Rows Removed by Filter": 326903
                        }
                      ]
                    }
                  ]
                }
              ]
            }
          ]
        }
      ]
    },
    "Planning Time": 0.662,
    "Triggers": [],
    "Execution Time": 422.553
  }
]