{
  "Plan": {
    "Node Type": "Aggregate",
    "Strategy": "Plain",
    "Partial Mode": "Finalize",
    "Parallel Aware": false,
    "Startup Cost": 84628.65,
    "Total Cost": 84628.66,
    "Plan Rows": 1,
    "Plan Width": 8,
    "Actual Startup Time": 448.208,
    "Actual Total Time": 499.444,
    "Actual Rows": 1,
    "Actual Loops": 1,
    "Plans": [
      {
        "Node Type": "Gather",
        "Parent Relationship": "Outer",
        "Parallel Aware": false,
        "Startup Cost": 84628.54,
        "Total Cost": 84628.65,
        "Plan Rows": 1,
        "Plan Width": 8,
        "Actual Startup Time": 447.922,
        "Actual Total Time": 499.434,
        "Actual Rows": 2,
        "Actual Loops": 1,
        "Workers Planned": 1,
        "Workers Launched": 1,
        "Single Copy": false,
        "Plans": [
          {
            "Node Type": "Aggregate",
            "Strategy": "Plain",
            "Partial Mode": "Partial",
            "Parent Relationship": "Outer",
            "Parallel Aware": false,
            "Startup Cost": 83628.54,
            "Total Cost": 83628.55,
            "Plan Rows": 1,
            "Plan Width": 8,
            "Actual Startup Time": 441.798,
            "Actual Total Time": 441.802,
            "Actual Rows": 1,
            "Actual Loops": 2,
            "Plans": [
              {
                "Node Type": "Nested Loop",
                "Parent Relationship": "Outer",
                "Parallel Aware": false,
                "Join Type": "Inner",
                "Startup Cost": 38763.26,
                "Total Cost": 83574.82,
                "Plan Rows": 21490,
                "Plan Width": 0,
                "Actual Startup Time": 82.83,
                "Actual Total Time": 438.832,
                "Actual Rows": 52838,
                "Actual Loops": 2,
                "Inner Unique": false,
                "Join Filter": "(t.id = ci.movie_id)",
                "Rows Removed by Join Filter": 0,
                "Plans": [
                  {
                    "Node Type": "Hash Join",
                    "Parent Relationship": "Outer",
                    "Parallel Aware": true,
                    "Join Type": "Inner",
                    "Startup Cost": 38762.7,
                    "Total Cost": 76929.33,
                    "Plan Rows": 3158,
                    "Plan Width": 8,
                    "Actual Startup Time": 82.749,
                    "Actual Total Time": 239.971,
                    "Actual Rows": 4228,
                    "Actual Loops": 2,
                    "Inner Unique": true,
                    "Hash Cond": "(mc.movie_id = t.id)",
                    "Plans": [
                      {
                        "Node Type": "Seq Scan",
                        "Parent Relationship": "Outer",
                        "Parallel Aware": true,
                        "Relation Name": "movie_companies",
                        "Alias": "mc",
                        "Startup Cost": 0.0,
                        "Total Cost": 34137.82,
                        "Plan Rows": 1534782,
                        "Plan Width": 4,
                        "Actual Startup Time": 0.017,
                        "Actual Total Time": 94.094,
                        "Actual Rows": 1304564,
                        "Actual Loops": 2
                      },
                      {
                        "Node Type": "Hash",
                        "Parent Relationship": "Inner",
                        "Parallel Aware": true,
                        "Startup Cost": 38724.44,
                        "Total Cost": 38724.44,
                        "Plan Rows": 3061,
                        "Plan Width": 4,
                        "Actual Startup Time": 50.162,
                        "Actual Total Time": 50.164,
                        "Actual Rows": 1809,
                        "Actual Loops": 2,
                        "Hash Buckets": 8192,
                        "Original Hash Buckets": 8192,
                        "Hash Batches": 1,
                        "Original Hash Batches": 1,
                        "Peak Memory Usage": 256,
                        "Plans": [
                          {
                            "Node Type": "Bitmap Heap Scan",
                            "Parent Relationship": "Outer",
                            "Parallel Aware": true,
                            "Relation Name": "title",
                            "Alias": "t",
                            "Startup Cost": 1824.43,
                            "Total Cost": 38724.44,
                            "Plan Rows": 3061,
                            "Plan Width": 4,
                            "Actual Startup Time": 16.134,
                            "Actual Total Time": 49.444,
                            "Actual Rows": 1809,
                            "Actual Loops": 2,
                            "Recheck Cond": "(kind_id = 3)",
                            "Rows Removed by Index Recheck": 0,
                            "Filter": "(production_year = 2009)",
                            "Rows Removed by Filter": 48460,
                            "Exact Heap Blocks": 11485,
                            "Lossy Heap Blocks": 0,
                            "Plans": [
                              {
                                "Node Type": "Bitmap Index Scan",
                                "Parent Relationship": "Outer",
                                "Parallel Aware": false,
                                "Index Name": "kind_id_title",
                                "Startup Cost": 0.0,
                                "Total Cost": 1823.13,
                                "Plan Rows": 102227,
                                "Plan Width": 0,
                                "Actual Startup Time": 16.413,
                                "Actual Total Time": 16.413,
                                "Actual Rows": 100537,
                                "Actual Loops": 1,
                                "Index Cond": "(kind_id = 3)"
                              }
                            ]
                          }
                        ]
                      }
                    ]
                  },
                  {
                    "Node Type": "Index Scan",
                    "Parent Relationship": "Inner",
                    "Parallel Aware": false,
                    "Scan Direction": "Forward",
                    "Index Name": "movie_id_cast_info",
                    "Relation Name": "cast_info",
                    "Alias": "ci",
                    "Startup Cost": 0.56,
                    "Total Cost": 1.89,
                    "Plan Rows": 17,
                    "Plan Width": 4,
                    "Actual Startup Time": 0.008,
                    "Actual Total Time": 0.045,
                    "Actual Rows": 12,
                    "Actual Loops": 8456,
                    "Index Cond": "(movie_id = mc.movie_id)",
                    "Rows Removed by Index Recheck": 0,
                    "Filter": "(person_id < 1706985)",
                    "Rows Removed by Filter": 16
                  }
                ]
              }
            ]
          }
        ]
      }
    ]
  },
  "Planning Time": 0.929,
  "Triggers": [],
  "Execution Time": 499.561
}