[
  {
    "Plan": {
      "Node Type": "Aggregate",
      "Strategy": "Plain",
      "Partial Mode": "Finalize",
      "Parallel Aware": false,
      "Startup Cost": 47186.53,
      "Total Cost": 47186.54,
      "Plan Rows": 1,
      "Plan Width": 8,
      "Actual Startup Time": 156.877,
      "Actual Total Time": 166.57,
      "Actual Rows": 1,
      "Actual Loops": 1,
      "Plans": [
        {
          "Node Type": "Gather",
          "Parent Relationship": "Outer",
          "Parallel Aware": false,
          "Startup Cost": 47186.21,
          "Total Cost": 47186.52,
          "Plan Rows": 3,
          "Plan Width": 8,
          "Actual Startup Time": 156.758,
          "Actual Total Time": 166.563,
          "Actual Rows": 4,
          "Actual Loops": 1,
          "Workers Planned": 3,
          "Workers Launched": 3,
          "Single Copy": false,
          "Plans": [
            {
              "Node Type": "Aggregate",
              "Strategy": "Plain",
              "Partial Mode": "Partial",
              "Parent Relationship": "Outer",
              "Parallel Aware": false,
              "Startup Cost": 46186.21,
              "Total Cost": 46186.22,
              "Plan Rows": 1,
              "Plan Width": 8,
              "Actual Startup Time": 153.334,
              "Actual Total Time": 153.336,
              "Actual Rows": 1,
              "Actual Loops": 4,
              "Plans": [
                {
                  "Node Type": "Seq Scan",
                  "Parent Relationship": "Outer",
                  "Parallel Aware": true,
                  "Relation Name": "movie_keyword",
                  "Alias": "mk",
                  "Startup Cost": 0.0,
                  "Total Cost": 42695.65,
                  "Plan Rows": 1396224,
                  "Plan Width": 0,
                  "Actual Startup Time": 0.027,
                  "Actual Total Time": 111.34,
                  "Actual Rows": 1081065,
                  "Actual Loops": 4,
                  "Filter": "(keyword_id < 68827)",
                  "Rows Removed by Filter": 49918
                }
              ]
            }
          ]
        }
      ]
    },
    "Planning Time": 0.089,
    "Triggers": [],
    "Execution Time": 166.599
  }
]