[
  {
    "Plan": {
      "Node Type": "Aggregate",
      "Strategy": "Plain",
      "Partial Mode": "Finalize",
      "Parallel Aware": false,
      "Startup Cost": 132967.11,
      "Total Cost": 132967.12,
      "Plan Rows": 1,
      "Plan Width": 8,
      "Actual Startup Time": 554.277,
      "Actual Total Time": 593.125,
      "Actual Rows": 1,
      "Actual Loops": 1,
      "Plans": [
        {
          "Node Type": "Gather",
          "Parent Relationship": "Outer",
          "Parallel Aware": false,
          "Startup Cost": 132966.79,
          "Total Cost": 132967.1,
          "Plan Rows": 3,
          "Plan Width": 8,
          "Actual Startup Time": 553.166,
          "Actual Total Time": 593.115,
          "Actual Rows": 4,
          "Actual Loops": 1,
          "Workers Planned": 3,
          "Workers Launched": 3,
          "Single Copy": false,
          "Plans": [
            {
              "Node Type": "Aggregate",
              "Strategy": "Plain",
              "Partial Mode": "Partial",
              "Parent Relationship": "Outer",
              "Parallel Aware": false,
              "Startup Cost": 131966.79,
              "Total Cost": 131966.8,
              "Plan Rows": 1,
              "Plan Width": 8,
              "Actual Startup Time": 543.322,
              "Actual Total Time": 543.325,
              "Actual Rows": 1,
              "Actual Loops": 4,
              "Plans": [
                {
                  "Node Type": "Nested Loop",
                  "Parent Relationship": "Outer",
                  "Parallel Aware": false,
                  "Join Type": "Inner",
                  "Startup Cost": 45721.55,
                  "Total Cost": 131675.59,
                  "Plan Rows": 116478,
                  "Plan Width": 0,
                  "Actual Startup Time": 109.815,
                  "Actual Total Time": 516.675,
                  "Actual Rows": 651415,
                  "Actual Loops": 4,
                  "Inner Unique": false,
                  "Join Filter": "(t.id = mi.movie_id)",
                  "Rows Removed by Join Filter": 0,
                  "Plans": [
                    {
                      "Node Type": "Hash Join",
                      "Parent Relationship": "Outer",
                      "Parallel Aware": true,
                      "Join Type": "Inner",
                      "Startup Cost": 45721.11,
                      "Total Cost": 90120.34,
                      "Plan Rows": 19837,
                      "Plan Width": 8,
                      "Actual Startup Time": 109.714,
                      "Actual Total Time": 248.391,
                      "Actual Rows": 11412,
                      "Actual Loops": 4,
                      "Inner Unique": true,
                      "Hash Cond": "(mk.movie_id = t.id)",
                      "Plans": [
                        {
                          "Node Type": "Seq Scan",
                          "Parent Relationship": "Outer",
                          "Parallel Aware": true,
                          "Relation Name": "movie_keyword",
                          "Alias": "mk",
                          "Startup Cost": 0.0,
                          "Total Cost": 42695.65,
                          "Plan Rows": 648980,
                          "Plan Width": 4,
                          "Actual Startup Time": 0.323,
                          "Actual Total Time": 97.913,
                          "Actual Rows": 499160,
                          "Actual Loops": 4,
                          "Filter": "(keyword_id > 6267)",
                          "Rows Removed by Filter": 631822
                        },
                        {
                          "Node Type": "Hash",
                          "Parent Relationship": "Inner",
                          "Parallel Aware": true,
                          "Startup Cost": 45479.59,
                          "Total Cost": 45479.59,
                          "Plan Rows": 19322,
                          "Plan Width": 4,
                          "Actual Startup Time": 107.464,
                          "Actual Total Time": 107.465,
                          "Actual Rows": 18532,
                          "Actual Loops": 4,
                          "Hash Buckets": 131072,
                          "Original Hash Buckets": 131072,
                          "Hash Batches": 1,
                          "Original Hash Batches": 1,
                          "Peak Memory Usage": 3968,
                          "Plans": [
                            {
                              "Node Type": "Seq Scan",
                              "Parent Relationship": "Outer",
                              "Parallel Aware": true,
                              "Relation Name": "title",
                              "Alias": "t",
                              "Startup Cost": 0.0,
                              "Total Cost": 45479.59,
                              "Plan Rows": 19322,
                              "Plan Width": 4,
                              "Actual Startup Time": 0.225,
                              "Actual Total Time": 99.575,
                              "Actual Rows": 18532,
                              "Actual Loops": 4,
                              "Filter": "((kind_id < 4) AND (production_year > 2011))",
                              "Rows Removed by Filter": 613546
                            }
                          ]
                        }
                      ]
                    },
                    {
                      "Node Type": "Index Only Scan",
                      "Parent Relationship": "Inner",
                      "Parallel Aware": false,
                      "Scan Direction": "Forward",
                      "Index Name": "movie_id_movie_info",
                      "Relation Name": "movie_info",
                      "Alias": "mi",
                      "Startup Cost": 0.43,
                      "Total Cost": 1.58,
                      "Plan Rows": 41,
                      "Plan Width": 4,
                      "Actual Startup Time": 0.005,
                      "Actual Total Time": 0.019,
                      "Actual Rows": 57,
                      "Actual Loops": 45648,
                      "Index Cond": "(movie_id = mk.movie_id)",
                      "Rows Removed by Index Recheck": 0,
                      "Heap Fetches": 2605659
                    }
                  ]
                }
              ]
            }
          ]
        }
      ]
    },
    "Planning Time": 1.435,
    "Triggers": [],
    "Execution Time": 593.225
  }
]