[
  {
    "Plan": {
      "Node Type": "Aggregate",
      "Strategy": "Plain",
      "Partial Mode": "Finalize",
      "Parallel Aware": false,
      "Startup Cost": 302411.62,
      "Total Cost": 302411.63,
      "Plan Rows": 1,
      "Plan Width": 8,
      "Actual Startup Time": 1589.746,
      "Actual Total Time": 1635.244,
      "Actual Rows": 1,
      "Actual Loops": 1,
      "Plans": [
        {
          "Node Type": "Gather",
          "Parent Relationship": "Outer",
          "Parallel Aware": false,
          "Startup Cost": 302411.1,
          "Total Cost": 302411.61,
          "Plan Rows": 5,
          "Plan Width": 8,
          "Actual Startup Time": 1577.749,
          "Actual Total Time": 1635.234,
          "Actual Rows": 6,
          "Actual Loops": 1,
          "Workers Planned": 5,
          "Workers Launched": 5,
          "Single Copy": false,
          "Plans": [
            {
              "Node Type": "Aggregate",
              "Strategy": "Plain",
              "Partial Mode": "Partial",
              "Parent Relationship": "Outer",
              "Parallel Aware": false,
              "Startup Cost": 301411.1,
              "Total Cost": 301411.11,
              "Plan Rows": 1,
              "Plan Width": 8,
              "Actual Startup Time": 1566.868,
              "Actual Total Time": 1566.961,
              "Actual Rows": 1,
              "Actual Loops": 6,
              "Plans": [
                {
                  "Node Type": "Hash Join",
                  "Parent Relationship": "Outer",
                  "Parallel Aware": true,
                  "Join Type": "Inner",
                  "Startup Cost": 94382.28,
                  "Total Cost": 299498.38,
                  "Plan Rows": 765086,
                  "Plan Width": 0,
                  "Actual Startup Time": 453.032,
                  "Actual Total Time": 1397.827,
                  "Actual Rows": 4277769,
                  "Actual Loops": 6,
                  "Inner Unique": false,
                  "Hash Cond": "(mi.movie_id = t.id)",
                  "Plans": [
                    {
                      "Node Type": "Seq Scan",
                      "Parent Relationship": "Outer",
                      "Parallel Aware": true,
                      "Relation Name": "movie_info",
                      "Alias": "mi",
                      "Startup Cost": 0.0,
                      "Total Cost": 191560.33,
                      "Plan Rows": 2956733,
                      "Plan Width": 4,
                      "Actual Startup Time": 0.047,
                      "Actual Total Time": 285.176,
                      "Actual Rows": 2472620,
                      "Actual Loops": 6
                    },
                    {
                      "Node Type": "Hash",
                      "Parent Relationship": "Inner",
                      "Parallel Aware": true,
                      "Startup Cost": 91744.28,
                      "Total Cost": 91744.28,
                      "Plan Rows": 211040,
                      "Plan Width": 8,
                      "Actual Startup Time": 448.855,
                      "Actual Total Time": 448.947,
                      "Actual Rows": 110969,
                      "Actual Loops": 6,
                      "Hash Buckets": 1048576,
                      "Original Hash Buckets": 1048576,
                      "Hash Batches": 1,
                      "Original Hash Batches": 1,
                      "Peak Memory Usage": 34336,
                      "Plans": [
                        {
                          "Node Type": "Hash Join",
                          "Parent Relationship": "Outer",
                          "Parallel Aware": true,
                          "Join Type": "Inner",
                          "Startup Cost": 64098.31,
                          "Total Cost": 91744.28,
                          "Plan Rows": 211040,
                          "Plan Width": 8,
                          "Actual Startup Time": 307.705,
                          "Actual Total Time": 403.593,
                          "Actual Rows": 110969,
                          "Actual Loops": 6,
                          "Inner Unique": true,
                          "Hash Cond": "(mk.movie_id = t.id)",
                          "Plans": [
                            {
                              "Node Type": "Bitmap Heap Scan",
                              "Parent Relationship": "Outer",
                              "Parallel Aware": true,
                              "Relation Name": "movie_keyword",
                              "Alias": "mk",
                              "Startup Cost": 13878.66,
                              "Total Cost": 40970.66,
                              "Plan Rows": 211040,
                              "Plan Width": 4,
                              "Actual Startup Time": 40.043,
                              "Actual Total Time": 89.093,
                              "Actual Rows": 110969,
                              "Actual Loops": 6,
                              "Recheck Cond": "(keyword_id < 520)",
                              "Rows Removed by Index Recheck": 0,
                              "Exact Heap Blocks": 4758,
                              "Lossy Heap Blocks": 0,
                              "Plans": [
                                {
                                  "Node Type": "Bitmap Index Scan",
                                  "Parent Relationship": "Outer",
                                  "Parallel Aware": false,
                                  "Index Name": "keyword_id_movie_keyword",
                                  "Startup Cost": 0.0,
                                  "Total Cost": 13715.11,
                                  "Plan Rows": 654223,
                                  "Plan Width": 0,
                                  "Actual Startup Time": 36.305,
                                  "Actual Total Time": 36.305,
                                  "Actual Rows": 665815,
                                  "Actual Loops": 1,
                                  "Index Cond": "(keyword_id < 520)"
                                }
                              ]
                            },
                            {
                              "Node Type": "Hash",
                              "Parent Relationship": "Inner",
                              "Parallel Aware": true,
                              "Startup Cost": 42318.73,
                              "Total Cost": 42318.73,
                              "Plan Rows": 632073,
                              "Plan Width": 4,
                              "Actual Startup Time": 262.42,
                              "Actual Total Time": 262.42,
                              "Actual Rows": 421385,
                              "Actual Loops": 6,
                              "Hash Buckets": 4194304,
                              "Original Hash Buckets": 4194304,
                              "Hash Batches": 1,
                              "Original Hash Batches": 1,
                              "Peak Memory Usage": 131776,
                              "Plans": [
                                {
                                  "Node Type": "Seq Scan",
                                  "Parent Relationship": "Outer",
                                  "Parallel Aware": true,
                                  "Relation Name": "title",
                                  "Alias": "t",
                                  "Startup Cost": 0.0,
                                  "Total Cost": 42318.73,
                                  "Plan Rows": 632073,
                                  "Plan Width": 4,
                                  "Actual Startup Time": 0.046,
                                  "Actual Total Time": 74.155,
                                  "Actual Rows": 421385,
                                  "Actual Loops": 6
                                }
                              ]
                            }
                          ]
                        }
                      ]
                    }
                  ]
                }
              ]
            }
          ]
        }
      ]
    },
    "Planning Time": 1.359,
    "Triggers": [],
    "Execution Time": 1635.356
  }
]