[
  {
    "Plan": {
      "Node Type": "Aggregate",
      "Strategy": "Plain",
      "Partial Mode": "Simple",
      "Parallel Aware": false,
      "Startup Cost": 20734.17,
      "Total Cost": 20734.18,
      "Plan Rows": 1,
      "Plan Width": 8,
      "Actual Startup Time": 19.688,
      "Actual Total Time": 19.69,
      "Actual Rows": 1,
      "Actual Loops": 1,
      "Plans": [
        {
          "Node Type": "Bitmap Heap Scan",
          "Parent Relationship": "Outer",
          "Parallel Aware": false,
          "Relation Name": "movie_companies",
          "Alias": "mc",
          "Startup Cost": 602.83,
          "Total Cost": 20665.0,
          "Plan Rows": 27665,
          "Plan Width": 0,
          "Actual Startup Time": 3.654,
          "Actual Total Time": 15.728,
          "Actual Rows": 26845,
          "Actual Loops": 1,
          "Recheck Cond": "(company_id > 210409)",
          "Rows Removed by Index Recheck": 0,
          "Exact Heap Blocks": 1118,
          "Lossy Heap Blocks": 0,
          "Plans": [
            {
              "Node Type": "Bitmap Index Scan",
              "Parent Relationship": "Outer",
              "Parallel Aware": false,
              "Index Name": "company_id_movie_companies",
              "Startup Cost": 0.0,
              "Total Cost": 595.92,
              "Plan Rows": 27665,
              "Plan Width": 0,
              "Actual Startup Time": 3.218,
              "Actual Total Time": 3.219,
              "Actual Rows": 26845,
              "Actual Loops": 1,
              "Index Cond": "(company_id > 210409)"
            }
          ]
        }
      ]
    },
    "Planning Time": 0.294,
    "Triggers": [],
    "Execution Time": 19.755
  }
]