[
  {
    "Plan": {
      "Node Type": "Aggregate",
      "Strategy": "Plain",
      "Partial Mode": "Finalize",
      "Parallel Aware": false,
      "Startup Cost": 47208.62,
      "Total Cost": 47208.63,
      "Plan Rows": 1,
      "Plan Width": 8,
      "Actual Startup Time": 190.84,
      "Actual Total Time": 199.639,
      "Actual Rows": 1,
      "Actual Loops": 1,
      "Plans": [
        {
          "Node Type": "Gather",
          "Parent Relationship": "Outer",
          "Parallel Aware": false,
          "Startup Cost": 47208.3,
          "Total Cost": 47208.61,
          "Plan Rows": 3,
          "Plan Width": 8,
          "Actual Startup Time": 190.717,
          "Actual Total Time": 199.629,
          "Actual Rows": 4,
          "Actual Loops": 1,
          "Workers Planned": 3,
          "Workers Launched": 3,
          "Single Copy": false,
          "Plans": [
            {
              "Node Type": "Aggregate",
              "Strategy": "Plain",
              "Partial Mode": "Partial",
              "Parent Relationship": "Outer",
              "Parallel Aware": false,
              "Startup Cost": 46208.3,
              "Total Cost": 46208.31,
              "Plan Rows": 1,
              "Plan Width": 8,
              "Actual Startup Time": 184.525,
              "Actual Total Time": 184.527,
              "Actual Rows": 1,
              "Actual Loops": 4,
              "Plans": [
                {
                  "Node Type": "Seq Scan",
                  "Parent Relationship": "Outer",
                  "Parallel Aware": true,
                  "Relation Name": "movie_keyword",
                  "Alias": "mk",
                  "Startup Cost": 0.0,
                  "Total Cost": 42695.65,
                  "Plan Rows": 1405058,
                  "Plan Width": 0,
                  "Actual Startup Time": 0.055,
                  "Actual Total Time": 133.563,
                  "Actual Rows": 1090984,
                  "Actual Loops": 4,
                  "Filter": "(keyword_id < 72855)",
                  "Rows Removed by Filter": 39999
                }
              ]
            }
          ]
        }
      ]
    },
    "Planning Time": 0.271,
    "Triggers": [],
    "Execution Time": 199.69
  }
]