[
  {
    "Plan": {
      "Node Type": "Aggregate",
      "Strategy": "Plain",
      "Partial Mode": "Finalize",
      "Parallel Aware": false,
      "Startup Cost": 343041.56,
      "Total Cost": 343041.57,
      "Plan Rows": 1,
      "Plan Width": 8,
      "Actual Startup Time": 511.379,
      "Actual Total Time": 542.181,
      "Actual Rows": 1,
      "Actual Loops": 1,
      "Plans": [
        {
          "Node Type": "Gather",
          "Parent Relationship": "Outer",
          "Parallel Aware": false,
          "Startup Cost": 343040.94,
          "Total Cost": 343041.55,
          "Plan Rows": 6,
          "Plan Width": 8,
          "Actual Startup Time": 511.248,
          "Actual Total Time": 542.165,
          "Actual Rows": 7,
          "Actual Loops": 1,
          "Workers Planned": 6,
          "Workers Launched": 6,
          "Single Copy": false,
          "Plans": [
            {
              "Node Type": "Aggregate",
              "Strategy": "Plain",
              "Partial Mode": "Partial",
              "Parent Relationship": "Outer",
              "Parallel Aware": false,
              "Startup Cost": 342040.94,
              "Total Cost": 342040.95,
              "Plan Rows": 1,
              "Plan Width": 8,
              "Actual Startup Time": 502.741,
              "Actual Total Time": 502.743,
              "Actual Rows": 1,
              "Actual Loops": 7,
              "Plans": [
                {
                  "Node Type": "Index Scan",
                  "Parent Relationship": "Outer",
                  "Parallel Aware": true,
                  "Scan Direction": "Forward",
                  "Index Name": "role_id_cast_info",
                  "Relation Name": "cast_info",
                  "Alias": "ci",
                  "Startup Cost": 0.56,
                  "Total Cost": 341155.22,
                  "Plan Rows": 354288,
                  "Plan Width": 0,
                  "Actual Startup Time": 0.106,
                  "Actual Total Time": 458.474,
                  "Actual Rows": 643137,
                  "Actual Loops": 7,
                  "Index Cond": "(role_id = 1)",
                  "Rows Removed by Index Recheck": 0,
                  "Filter": "(person_id < 602258)",
                  "Rows Removed by Filter": 1166961
                }
              ]
            }
          ]
        }
      ]
    },
    "Planning Time": 0.248,
    "Triggers": [],
    "Execution Time": 542.255
  }
]