{
  "Plan": {
    "Node Type": "Aggregate",
    "Strategy": "Plain",
    "Partial Mode": "Finalize",
    "Parallel Aware": false,
    "Startup Cost": 345516.85,
    "Total Cost": 345516.86,
    "Plan Rows": 1,
    "Plan Width": 8,
    "Actual Startup Time": 1485.133,
    "Actual Total Time": 1538.626,
    "Actual Rows": 1,
    "Actual Loops": 1,
    "Plans": [
      {
        "Node Type": "Gather",
        "Parent Relationship": "Outer",
        "Parallel Aware": false,
        "Startup Cost": 345516.74,
        "Total Cost": 345516.85,
        "Plan Rows": 1,
        "Plan Width": 8,
        "Actual Startup Time": 1484.927,
        "Actual Total Time": 1538.616,
        "Actual Rows": 2,
        "Actual Loops": 1,
        "Workers Planned": 1,
        "Workers Launched": 1,
        "Single Copy": false,
        "Plans": [
          {
            "Node Type": "Aggregate",
            "Strategy": "Plain",
            "Partial Mode": "Partial",
            "Parent Relationship": "Outer",
            "Parallel Aware": false,
            "Startup Cost": 344516.74,
            "Total Cost": 344516.75,
            "Plan Rows": 1,
            "Plan Width": 8,
            "Actual Startup Time": 1479.429,
            "Actual Total Time": 1479.433,
            "Actual Rows": 1,
            "Actual Loops": 2,
            "Plans": [
              {
                "Node Type": "Hash Join",
                "Parent Relationship": "Outer",
                "Parallel Aware": true,
                "Join Type": "Inner",
                "Startup Cost": 58422.11,
                "Total Cost": 344426.05,
                "Plan Rows": 36274,
                "Plan Width": 0,
                "Actual Startup Time": 213.8,
                "Actual Total Time": 1478.316,
                "Actual Rows": 18442,
                "Actual Loops": 2,
                "Inner Unique": true,
                "Hash Cond": "(mi.movie_id = t.id)",
                "Plans": [
                  {
                    "Node Type": "Seq Scan",
                    "Parent Relationship": "Outer",
                    "Parallel Aware": true,
                    "Relation Name": "movie_info",
                    "Alias": "mi",
                    "Startup Cost": 0.0,
                    "Total Cost": 270696.42,
                    "Plan Rows": 5831431,
                    "Plan Width": 4,
                    "Actual Startup Time": 45.091,
                    "Actual Total Time": 857.113,
                    "Actual Rows": 4955877,
                    "Actual Loops": 2,
                    "Filter": "(info_type_id > 4)",
                    "Rows Removed by Filter": 2461983
                  },
                  {
                    "Node Type": "Hash",
                    "Parent Relationship": "Inner",
                    "Parallel Aware": true,
                    "Startup Cost": 58306.47,
                    "Total Cost": 58306.47,
                    "Plan Rows": 9251,
                    "Plan Width": 4,
                    "Actual Startup Time": 167.314,
                    "Actual Total Time": 167.315,
                    "Actual Rows": 8124,
                    "Actual Loops": 2,
                    "Hash Buckets": 16384,
                    "Original Hash Buckets": 16384,
                    "Hash Batches": 1,
                    "Original Hash Batches": 1,
                    "Peak Memory Usage": 800,
                    "Plans": [
                      {
                        "Node Type": "Seq Scan",
                        "Parent Relationship": "Outer",
                        "Parallel Aware": true,
                        "Relation Name": "title",
                        "Alias": "t",
                        "Startup Cost": 0.0,
                        "Total Cost": 58306.47,
                        "Plan Rows": 9251,
                        "Plan Width": 4,
                        "Actual Startup Time": 0.071,
                        "Actual Total Time": 164.133,
                        "Actual Rows": 8124,
                        "Actual Loops": 2,
                        "Filter": "((kind_id = 7) AND (production_year = 1993))",
                        "Rows Removed by Filter": 1256032
                      }
                    ]
                  }
                ]
              }
            ]
          }
        ]
      }
    ]
  },
  "Planning Time": 0.483,
  "Triggers": [],
  "Execution Time": 1538.702
}