[
  {
    "Plan": {
      "Node Type": "Aggregate",
      "Strategy": "Plain",
      "Partial Mode": "Finalize",
      "Parallel Aware": false,
      "Startup Cost": 393151.01,
      "Total Cost": 393151.02,
      "Plan Rows": 1,
      "Plan Width": 8,
      "Actual Startup Time": 1795.089,
      "Actual Total Time": 1871.658,
      "Actual Rows": 1,
      "Actual Loops": 1,
      "Plans": [
        {
          "Node Type": "Gather",
          "Parent Relationship": "Outer",
          "Parallel Aware": false,
          "Startup Cost": 393150.39,
          "Total Cost": 393151.0,
          "Plan Rows": 6,
          "Plan Width": 8,
          "Actual Startup Time": 1789.893,
          "Actual Total Time": 1871.646,
          "Actual Rows": 7,
          "Actual Loops": 1,
          "Workers Planned": 6,
          "Workers Launched": 6,
          "Single Copy": false,
          "Plans": [
            {
              "Node Type": "Aggregate",
              "Strategy": "Plain",
              "Partial Mode": "Partial",
              "Parent Relationship": "Outer",
              "Parallel Aware": false,
              "Startup Cost": 392150.39,
              "Total Cost": 392150.4,
              "Plan Rows": 1,
              "Plan Width": 8,
              "Actual Startup Time": 1779.086,
              "Actual Total Time": 1779.089,
              "Actual Rows": 1,
              "Actual Loops": 7,
              "Plans": [
                {
                  "Node Type": "Hash Join",
                  "Parent Relationship": "Outer",
                  "Parallel Aware": true,
                  "Join Type": "Inner",
                  "Startup Cost": 47179.17,
                  "Total Cost": 389291.57,
                  "Plan Rows": 1143529,
                  "Plan Width": 0,
                  "Actual Startup Time": 169.926,
                  "Actual Total Time": 1731.265,
                  "Actual Rows": 947827,
                  "Actual Loops": 7,
                  "Inner Unique": true,
                  "Hash Cond": "(ci.movie_id = t.id)",
                  "Plans": [
                    {
                      "Node Type": "Seq Scan",
                      "Parent Relationship": "Outer",
                      "Parallel Aware": true,
                      "Relation Name": "cast_info",
                      "Alias": "ci",
                      "Startup Cost": 0.0,
                      "Total Cost": 328162.03,
                      "Plan Rows": 5314417,
                      "Plan Width": 4,
                      "Actual Startup Time": 46.704,
                      "Actual Total Time": 704.88,
                      "Actual Rows": 4543272,
                      "Actual Loops": 7,
                      "Filter": "(person_id > 429061)",
                      "Rows Removed by Filter": 634491
                    },
                    {
                      "Node Type": "Hash",
                      "Parent Relationship": "Inner",
                      "Parallel Aware": true,
                      "Startup Cost": 45479.1,
                      "Total Cost": 45479.1,
                      "Plan Rows": 136006,
                      "Plan Width": 4,
                      "Actual Startup Time": 119.569,
                      "Actual Total Time": 119.57,
                      "Actual Rows": 65687,
                      "Actual Loops": 7,
                      "Hash Buckets": 1048576,
                      "Original Hash Buckets": 1048576,
                      "Hash Batches": 1,
                      "Original Hash Batches": 1,
                      "Peak Memory Usage": 26272,
                      "Plans": [
                        {
                          "Node Type": "Seq Scan",
                          "Parent Relationship": "Outer",
                          "Parallel Aware": true,
                          "Relation Name": "title",
                          "Alias": "t",
                          "Startup Cost": 0.0,
                          "Total Cost": 45479.1,
                          "Plan Rows": 136006,
                          "Plan Width": 4,
                          "Actual Startup Time": 0.051,
                          "Actual Total Time": 84.009,
                          "Actual Rows": 65687,
                          "Actual Loops": 7,
                          "Filter": "((kind_id < 7) AND (production_year > 2000))",
                          "Rows Removed by Filter": 295500
                        }
                      ]
                    }
                  ]
                }
              ]
            }
          ]
        }
      ]
    },
    "Planning Time": 0.638,
    "Triggers": [],
    "Execution Time": 1871.75
  }
]