[
  {
    "Plan": {
      "Node Type": "Aggregate",
      "Strategy": "Plain",
      "Partial Mode": "Finalize",
      "Parallel Aware": false,
      "Startup Cost": 331690.31,
      "Total Cost": 331690.32,
      "Plan Rows": 1,
      "Plan Width": 8,
      "Actual Startup Time": 749.36,
      "Actual Total Time": 799.234,
      "Actual Rows": 1,
      "Actual Loops": 1,
      "Plans": [
        {
          "Node Type": "Gather",
          "Parent Relationship": "Outer",
          "Parallel Aware": false,
          "Startup Cost": 331689.69,
          "Total Cost": 331690.3,
          "Plan Rows": 6,
          "Plan Width": 8,
          "Actual Startup Time": 749.162,
          "Actual Total Time": 799.217,
          "Actual Rows": 7,
          "Actual Loops": 1,
          "Workers Planned": 6,
          "Workers Launched": 6,
          "Single Copy": false,
          "Plans": [
            {
              "Node Type": "Aggregate",
              "Strategy": "Plain",
              "Partial Mode": "Partial",
              "Parent Relationship": "Outer",
              "Parallel Aware": false,
              "Startup Cost": 330689.69,
              "Total Cost": 330689.7,
              "Plan Rows": 1,
              "Plan Width": 8,
              "Actual Startup Time": 738.767,
              "Actual Total Time": 738.769,
              "Actual Rows": 1,
              "Actual Loops": 7,
              "Plans": [
                {
                  "Node Type": "Seq Scan",
                  "Parent Relationship": "Outer",
                  "Parallel Aware": true,
                  "Relation Name": "cast_info",
                  "Alias": "ci",
                  "Startup Cost": 0.0,
                  "Total Cost": 328211.39,
                  "Plan Rows": 991318,
                  "Plan Width": 0,
                  "Actual Startup Time": 448.081,
                  "Actual Total Time": 686.05,
                  "Actual Rows": 836854,
                  "Actual Loops": 7,
                  "Filter": "(person_id > 3058453)",
                  "Rows Removed by Filter": 4340909
                }
              ]
            }
          ]
        }
      ]
    },
    "Planning Time": 0.209,
    "Triggers": [],
    "Execution Time": 799.314
  }
]