{
  "Plan": {
    "Node Type": "Aggregate",
    "Strategy": "Plain",
    "Partial Mode": "Finalize",
    "Parallel Aware": false,
    "Startup Cost": 78672.03,
    "Total Cost": 78672.04,
    "Plan Rows": 1,
    "Plan Width": 8,
    "Actual Startup Time": 351.83,
    "Actual Total Time": 367.041,
    "Actual Rows": 1,
    "Actual Loops": 1,
    "Plans": [
      {
        "Node Type": "Gather",
        "Parent Relationship": "Outer",
        "Parallel Aware": false,
        "Startup Cost": 78671.92,
        "Total Cost": 78672.03,
        "Plan Rows": 1,
        "Plan Width": 8,
        "Actual Startup Time": 350.928,
        "Actual Total Time": 367.03,
        "Actual Rows": 2,
        "Actual Loops": 1,
        "Workers Planned": 1,
        "Workers Launched": 1,
        "Single Copy": false,
        "Plans": [
          {
            "Node Type": "Aggregate",
            "Strategy": "Plain",
            "Partial Mode": "Partial",
            "Parent Relationship": "Outer",
            "Parallel Aware": false,
            "Startup Cost": 77671.92,
            "Total Cost": 77671.93,
            "Plan Rows": 1,
            "Plan Width": 8,
            "Actual Startup Time": 347.112,
            "Actual Total Time": 347.116,
            "Actual Rows": 1,
            "Actual Loops": 2,
            "Plans": [
              {
                "Node Type": "Hash Join",
                "Parent Relationship": "Outer",
                "Parallel Aware": true,
                "Join Type": "Inner",
                "Startup Cost": 59371.83,
                "Total Cost": 77555.62,
                "Plan Rows": 46521,
                "Plan Width": 0,
                "Actual Startup Time": 194.476,
                "Actual Total Time": 342.641,
                "Actual Rows": 90912,
                "Actual Loops": 2,
                "Inner Unique": true,
                "Hash Cond": "(mi_idx.movie_id = t.id)",
                "Plans": [
                  {
                    "Node Type": "Seq Scan",
                    "Parent Relationship": "Outer",
                    "Parallel Aware": true,
                    "Relation Name": "movie_info_idx",
                    "Alias": "mi_idx",
                    "Startup Cost": 0.0,
                    "Total Cost": 16052.85,
                    "Plan Rows": 811785,
                    "Plan Width": 4,
                    "Actual Startup Time": 0.02,
                    "Actual Total Time": 57.537,
                    "Actual Rows": 690018,
                    "Actual Loops": 2
                  },
                  {
                    "Node Type": "Hash",
                    "Parent Relationship": "Inner",
                    "Parallel Aware": true,
                    "Startup Cost": 58306.47,
                    "Total Cost": 58306.47,
                    "Plan Rows": 85229,
                    "Plan Width": 4,
                    "Actual Startup Time": 191.5,
                    "Actual Total Time": 191.501,
                    "Actual Rows": 125938,
                    "Actual Loops": 2,
                    "Hash Buckets": 262144,
                    "Original Hash Buckets": 262144,
                    "Hash Batches": 1,
                    "Original Hash Batches": 1,
                    "Peak Memory Usage": 11936,
                    "Plans": [
                      {
                        "Node Type": "Seq Scan",
                        "Parent Relationship": "Outer",
                        "Parallel Aware": true,
                        "Relation Name": "title",
                        "Alias": "t",
                        "Startup Cost": 0.0,
                        "Total Cost": 58306.47,
                        "Plan Rows": 85229,
                        "Plan Width": 4,
                        "Actual Startup Time": 0.157,
                        "Actual Total Time": 161.729,
                        "Actual Rows": 125938,
                        "Actual Loops": 2,
                        "Filter": "((kind_id < 7) AND (production_year < 1971))",
                        "Rows Removed by Filter": 1138218
                      }
                    ]
                  }
                ]
              }
            ]
          }
        ]
      }
    ]
  },
  "Planning Time": 0.358,
  "Triggers": [],
  "Execution Time": 367.1
}