{
  "Plan": {
    "Node Type": "Aggregate",
    "Strategy": "Plain",
    "Partial Mode": "Finalize",
    "Parallel Aware": false,
    "Startup Cost": 560281.36,
    "Total Cost": 560281.37,
    "Plan Rows": 1,
    "Plan Width": 8,
    "Actual Startup Time": 2849.134,
    "Actual Total Time": 2885.139,
    "Actual Rows": 1,
    "Actual Loops": 1,
    "Plans": [
      {
        "Node Type": "Gather",
        "Parent Relationship": "Outer",
        "Parallel Aware": false,
        "Startup Cost": 560281.24,
        "Total Cost": 560281.35,
        "Plan Rows": 1,
        "Plan Width": 8,
        "Actual Startup Time": 2843.8,
        "Actual Total Time": 2885.132,
        "Actual Rows": 2,
        "Actual Loops": 1,
        "Workers Planned": 1,
        "Workers Launched": 1,
        "Single Copy": false,
        "Plans": [
          {
            "Node Type": "Aggregate",
            "Strategy": "Plain",
            "Partial Mode": "Partial",
            "Parent Relationship": "Outer",
            "Parallel Aware": false,
            "Startup Cost": 559281.24,
            "Total Cost": 559281.25,
            "Plan Rows": 1,
            "Plan Width": 8,
            "Actual Startup Time": 2830.587,
            "Actual Total Time": 2830.592,
            "Actual Rows": 1,
            "Actual Loops": 2,
            "Plans": [
              {
                "Node Type": "Hash Join",
                "Parent Relationship": "Outer",
                "Parallel Aware": true,
                "Join Type": "Inner",
                "Startup Cost": 228515.34,
                "Total Cost": 552310.82,
                "Plan Rows": 2788169,
                "Plan Width": 0,
                "Actual Startup Time": 810.922,
                "Actual Total Time": 2685.287,
                "Actual Rows": 3552936,
                "Actual Loops": 2,
                "Inner Unique": true,
                "Hash Cond": "(ci.movie_id = t.id)",
                "Plans": [
                  {
                    "Node Type": "Bitmap Heap Scan",
                    "Parent Relationship": "Outer",
                    "Parallel Aware": true,
                    "Relation Name": "cast_info",
                    "Alias": "ci",
                    "Startup Cost": 159054.64,
                    "Total Cost": 475531.17,
                    "Plan Rows": 2788169,
                    "Plan Width": 4,
                    "Actual Startup Time": 297.068,
                    "Actual Total Time": 813.718,
                    "Actual Rows": 3552936,
                    "Actual Loops": 2,
                    "Recheck Cond": "(person_id > 2956345)",
                    "Rows Removed by Index Recheck": 0,
                    "Filter": "(role_id > 1)",
                    "Rows Removed by Filter": 0,
                    "Exact Heap Blocks": 44766,
                    "Lossy Heap Blocks": 0,
                    "Plans": [
                      {
                        "Node Type": "Bitmap Index Scan",
                        "Parent Relationship": "Outer",
                        "Parallel Aware": false,
                        "Index Name": "person_id_cast_info",
                        "Startup Cost": 0.0,
                        "Total Cost": 157869.67,
                        "Plan Rows": 7229480,
                        "Plan Width": 0,
                        "Actual Startup Time": 282.152,
                        "Actual Total Time": 282.153,
                        "Actual Rows": 7105872,
                        "Actual Loops": 1,
                        "Index Cond": "(person_id > 2956345)"
                      }
                    ]
                  },
                  {
                    "Node Type": "Hash",
                    "Parent Relationship": "Inner",
                    "Parallel Aware": true,
                    "Startup Cost": 50870.31,
                    "Total Cost": 50870.31,
                    "Plan Rows": 1487231,
                    "Plan Width": 4,
                    "Actual Startup Time": 490.941,
                    "Actual Total Time": 490.942,
                    "Actual Rows": 1264156,
                    "Actual Loops": 2,
                    "Hash Buckets": 4194304,
                    "Original Hash Buckets": 4194304,
                    "Hash Batches": 1,
                    "Original Hash Batches": 1,
                    "Peak Memory Usage": 131680,
                    "Plans": [
                      {
                        "Node Type": "Seq Scan",
                        "Parent Relationship": "Outer",
                        "Parallel Aware": true,
                        "Relation Name": "title",
                        "Alias": "t",
                        "Startup Cost": 0.0,
                        "Total Cost": 50870.31,
                        "Plan Rows": 1487231,
                        "Plan Width": 4,
                        "Actual Startup Time": 0.026,
                        "Actual Total Time": 149.084,
                        "Actual Rows": 1264156,
                        "Actual Loops": 2
                      }
                    ]
                  }
                ]
              }
            ]
          }
        ]
      }
    ]
  },
  "Planning Time": 0.646,
  "Triggers": [],
  "Execution Time": 2885.239
}