[
  {
    "Plan": {
      "Node Type": "Aggregate",
      "Strategy": "Plain",
      "Partial Mode": "Finalize",
      "Parallel Aware": false,
      "Startup Cost": 31978.25,
      "Total Cost": 31978.26,
      "Plan Rows": 1,
      "Plan Width": 8,
      "Actual Startup Time": 97.865,
      "Actual Total Time": 102.452,
      "Actual Rows": 1,
      "Actual Loops": 1,
      "Plans": [
        {
          "Node Type": "Gather",
          "Parent Relationship": "Outer",
          "Parallel Aware": false,
          "Startup Cost": 31977.93,
          "Total Cost": 31978.24,
          "Plan Rows": 3,
          "Plan Width": 8,
          "Actual Startup Time": 97.668,
          "Actual Total Time": 102.446,
          "Actual Rows": 4,
          "Actual Loops": 1,
          "Workers Planned": 3,
          "Workers Launched": 3,
          "Single Copy": false,
          "Plans": [
            {
              "Node Type": "Aggregate",
              "Strategy": "Plain",
              "Partial Mode": "Partial",
              "Parent Relationship": "Outer",
              "Parallel Aware": false,
              "Startup Cost": 30977.93,
              "Total Cost": 30977.94,
              "Plan Rows": 1,
              "Plan Width": 8,
              "Actual Startup Time": 88.896,
              "Actual Total Time": 88.897,
              "Actual Rows": 1,
              "Actual Loops": 4,
              "Plans": [
                {
                  "Node Type": "Bitmap Heap Scan",
                  "Parent Relationship": "Outer",
                  "Parallel Aware": true,
                  "Relation Name": "movie_keyword",
                  "Alias": "mk",
                  "Startup Cost": 5312.59,
                  "Total Cost": 30776.04,
                  "Plan Rows": 80756,
                  "Plan Width": 0,
                  "Actual Startup Time": 29.86,
                  "Actual Total Time": 84.953,
                  "Actual Rows": 60026,
                  "Actual Loops": 4,
                  "Recheck Cond": "(keyword_id > 61892)",
                  "Rows Removed by Index Recheck": 0,
                  "Exact Heap Blocks": 10896,
                  "Lossy Heap Blocks": 0,
                  "Plans": [
                    {
                      "Node Type": "Bitmap Index Scan",
                      "Parent Relationship": "Outer",
                      "Parallel Aware": false,
                      "Index Name": "keyword_id_movie_keyword",
                      "Startup Cost": 0.0,
                      "Total Cost": 5250.01,
                      "Plan Rows": 250343,
                      "Plan Width": 0,
                      "Actual Startup Time": 33.65,
                      "Actual Total Time": 33.65,
                      "Actual Rows": 240104,
                      "Actual Loops": 1,
                      "Index Cond": "(keyword_id > 61892)"
                    }
                  ]
                }
              ]
            }
          ]
        }
      ]
    },
    "Planning Time": 0.159,
    "Triggers": [],
    "Execution Time": 102.52
  }
]