{
  "Plan": {
    "Node Type": "Aggregate",
    "Strategy": "Plain",
    "Partial Mode": "Finalize",
    "Parallel Aware": false,
    "Startup Cost": 263490.32,
    "Total Cost": 263490.33,
    "Plan Rows": 1,
    "Plan Width": 8,
    "Actual Startup Time": 369.352,
    "Actual Total Time": 384.186,
    "Actual Rows": 1,
    "Actual Loops": 1,
    "Plans": [
      {
        "Node Type": "Gather",
        "Parent Relationship": "Outer",
        "Parallel Aware": false,
        "Startup Cost": 263490.21,
        "Total Cost": 263490.32,
        "Plan Rows": 1,
        "Plan Width": 8,
        "Actual Startup Time": 368.886,
        "Actual Total Time": 384.178,
        "Actual Rows": 2,
        "Actual Loops": 1,
        "Workers Planned": 1,
        "Workers Launched": 1,
        "Single Copy": false,
        "Plans": [
          {
            "Node Type": "Aggregate",
            "Strategy": "Plain",
            "Partial Mode": "Partial",
            "Parent Relationship": "Outer",
            "Parallel Aware": false,
            "Startup Cost": 262490.21,
            "Total Cost": 262490.22,
            "Plan Rows": 1,
            "Plan Width": 8,
            "Actual Startup Time": 363.015,
            "Actual Total Time": 363.018,
            "Actual Rows": 1,
            "Actual Loops": 2,
            "Plans": [
              {
                "Node Type": "Hash Join",
                "Parent Relationship": "Outer",
                "Parallel Aware": true,
                "Join Type": "Inner",
                "Startup Cost": 86761.45,
                "Total Cost": 262411.77,
                "Plan Rows": 31378,
                "Plan Width": 0,
                "Actual Startup Time": 218.713,
                "Actual Total Time": 362.99,
                "Actual Rows": 192,
                "Actual Loops": 2,
                "Inner Unique": true,
                "Hash Cond": "(mi.movie_id = t.id)",
                "Plans": [
                  {
                    "Node Type": "Bitmap Heap Scan",
                    "Parent Relationship": "Outer",
                    "Parallel Aware": true,
                    "Relation Name": "movie_info",
                    "Alias": "mi",
                    "Startup Cost": 27808.97,
                    "Total Cost": 201089.01,
                    "Plan Rows": 902963,
                    "Plan Width": 4,
                    "Actual Startup Time": 63.236,
                    "Actual Total Time": 130.254,
                    "Actual Rows": 766954,
                    "Actual Loops": 2,
                    "Recheck Cond": "(info_type_id = 3)",
                    "Rows Removed by Index Recheck": 0,
                    "Exact Heap Blocks": 4824,
                    "Lossy Heap Blocks": 0,
                    "Plans": [
                      {
                        "Node Type": "Bitmap Index Scan",
                        "Parent Relationship": "Outer",
                        "Parallel Aware": false,
                        "Index Name": "info_type_id_movie_info",
                        "Startup Cost": 0.0,
                        "Total Cost": 27425.21,
                        "Plan Rows": 1535037,
                        "Plan Width": 0,
                        "Actual Startup Time": 61.731,
                        "Actual Total Time": 61.732,
                        "Actual Rows": 1533909,
                        "Actual Loops": 1,
                        "Index Cond": "(info_type_id = 3)"
                      }
                    ]
                  },
                  {
                    "Node Type": "Hash",
                    "Parent Relationship": "Inner",
                    "Parallel Aware": true,
                    "Startup Cost": 58306.47,
                    "Total Cost": 58306.47,
                    "Plan Rows": 51681,
                    "Plan Width": 4,
                    "Actual Startup Time": 152.138,
                    "Actual Total Time": 152.139,
                    "Actual Rows": 46314,
                    "Actual Loops": 2,
                    "Hash Buckets": 131072,
                    "Original Hash Buckets": 131072,
                    "Hash Batches": 1,
                    "Original Hash Batches": 1,
                    "Peak Memory Usage": 4672,
                    "Plans": [
                      {
                        "Node Type": "Seq Scan",
                        "Parent Relationship": "Outer",
                        "Parallel Aware": true,
                        "Relation Name": "title",
                        "Alias": "t",
                        "Startup Cost": 0.0,
                        "Total Cost": 58306.47,
                        "Plan Rows": 51681,
                        "Plan Width": 4,
                        "Actual Startup Time": 0.035,
                        "Actual Total Time": 138.267,
                        "Actual Rows": 46314,
                        "Actual Loops": 2,
                        "Filter": "((kind_id = 7) AND (production_year = 2010))",
                        "Rows Removed by Filter": 1217842
                      }
                    ]
                  }
                ]
              }
            ]
          }
        ]
      }
    ]
  },
  "Planning Time": 0.473,
  "Triggers": [],
  "Execution Time": 384.281
}