[
  {
    "Plan": {
      "Node Type": "Aggregate",
      "Strategy": "Plain",
      "Partial Mode": "Finalize",
      "Parallel Aware": false,
      "Startup Cost": 46669.75,
      "Total Cost": 46669.76,
      "Plan Rows": 1,
      "Plan Width": 8,
      "Actual Startup Time": 186.891,
      "Actual Total Time": 197.421,
      "Actual Rows": 1,
      "Actual Loops": 1,
      "Plans": [
        {
          "Node Type": "Gather",
          "Parent Relationship": "Outer",
          "Parallel Aware": false,
          "Startup Cost": 46669.43,
          "Total Cost": 46669.74,
          "Plan Rows": 3,
          "Plan Width": 8,
          "Actual Startup Time": 186.736,
          "Actual Total Time": 197.412,
          "Actual Rows": 4,
          "Actual Loops": 1,
          "Workers Planned": 3,
          "Workers Launched": 3,
          "Single Copy": false,
          "Plans": [
            {
              "Node Type": "Aggregate",
              "Strategy": "Plain",
              "Partial Mode": "Partial",
              "Parent Relationship": "Outer",
              "Parallel Aware": false,
              "Startup Cost": 45669.43,
              "Total Cost": 45669.44,
              "Plan Rows": 1,
              "Plan Width": 8,
              "Actual Startup Time": 183.038,
              "Actual Total Time": 183.039,
              "Actual Rows": 1,
              "Actual Loops": 4,
              "Plans": [
                {
                  "Node Type": "Seq Scan",
                  "Parent Relationship": "Outer",
                  "Parallel Aware": true,
                  "Relation Name": "movie_keyword",
                  "Alias": "mk",
                  "Startup Cost": 0.0,
                  "Total Cost": 42695.65,
                  "Plan Rows": 1189512,
                  "Plan Width": 0,
                  "Actual Startup Time": 0.028,
                  "Actual Total Time": 135.108,
                  "Actual Rows": 922367,
                  "Actual Loops": 4,
                  "Filter": "(keyword_id < 22057)",
                  "Rows Removed by Filter": 208615
                }
              ]
            }
          ]
        }
      ]
    },
    "Planning Time": 0.117,
    "Triggers": [],
    "Execution Time": 197.457
  }
]