[
  {
    "Plan": {
      "Node Type": "Aggregate",
      "Strategy": "Plain",
      "Partial Mode": "Finalize",
      "Parallel Aware": false,
      "Startup Cost": 55285.12,
      "Total Cost": 55285.13,
      "Plan Rows": 1,
      "Plan Width": 8,
      "Actual Startup Time": 122.486,
      "Actual Total Time": 135.139,
      "Actual Rows": 1,
      "Actual Loops": 1,
      "Plans": [
        {
          "Node Type": "Gather",
          "Parent Relationship": "Outer",
          "Parallel Aware": false,
          "Startup Cost": 55284.8,
          "Total Cost": 55285.11,
          "Plan Rows": 3,
          "Plan Width": 8,
          "Actual Startup Time": 122.343,
          "Actual Total Time": 135.132,
          "Actual Rows": 4,
          "Actual Loops": 1,
          "Workers Planned": 3,
          "Workers Launched": 3,
          "Single Copy": false,
          "Plans": [
            {
              "Node Type": "Aggregate",
              "Strategy": "Plain",
              "Partial Mode": "Partial",
              "Parent Relationship": "Outer",
              "Parallel Aware": false,
              "Startup Cost": 54284.8,
              "Total Cost": 54284.81,
              "Plan Rows": 1,
              "Plan Width": 8,
              "Actual Startup Time": 113.562,
              "Actual Total Time": 113.565,
              "Actual Rows": 1,
              "Actual Loops": 4,
              "Plans": [
                {
                  "Node Type": "Hash Join",
                  "Parent Relationship": "Outer",
                  "Parallel Aware": true,
                  "Join Type": "Inner",
                  "Startup Cost": 45498.36,
                  "Total Cost": 54284.38,
                  "Plan Rows": 168,
                  "Plan Width": 0,
                  "Actual Startup Time": 94.383,
                  "Actual Total Time": 113.541,
                  "Actual Rows": 181,
                  "Actual Loops": 4,
                  "Inner Unique": true,
                  "Hash Cond": "(ci.movie_id = t.id)",
                  "Plans": [
                    {
                      "Node Type": "Index Scan",
                      "Parent Relationship": "Outer",
                      "Parallel Aware": true,
                      "Scan Direction": "Forward",
                      "Index Name": "role_id_cast_info",
                      "Relation Name": "cast_info",
                      "Alias": "ci",
                      "Startup Cost": 0.56,
                      "Total Cost": 8600.37,
                      "Plan Rows": 70937,
                      "Plan Width": 4,
                      "Actual Startup Time": 0.099,
                      "Actual Total Time": 13.485,
                      "Actual Rows": 69342,
                      "Actual Loops": 4,
                      "Index Cond": "(role_id = 11)",
                      "Rows Removed by Index Recheck": 0,
                      "Filter": "(person_id > 943623)",
                      "Rows Removed by Filter": 9687
                    },
                    {
                      "Node Type": "Hash",
                      "Parent Relationship": "Inner",
                      "Parallel Aware": true,
                      "Startup Cost": 45479.1,
                      "Total Cost": 45479.1,
                      "Plan Rows": 1496,
                      "Plan Width": 4,
                      "Actual Startup Time": 92.823,
                      "Actual Total Time": 92.824,
                      "Actual Rows": 1550,
                      "Actual Loops": 4,
                      "Hash Buckets": 8192,
                      "Original Hash Buckets": 8192,
                      "Hash Batches": 1,
                      "Original Hash Batches": 1,
                      "Peak Memory Usage": 352,
                      "Plans": [
                        {
                          "Node Type": "Seq Scan",
                          "Parent Relationship": "Outer",
                          "Parallel Aware": true,
                          "Relation Name": "title",
                          "Alias": "t",
                          "Startup Cost": 0.0,
                          "Total Cost": 45479.1,
                          "Plan Rows": 1496,
                          "Plan Width": 4,
                          "Actual Startup Time": 0.769,
                          "Actual Total Time": 91.966,
                          "Actual Rows": 1550,
                          "Actual Loops": 4,
                          "Filter": "((kind_id < 7) AND (production_year = 1976))",
                          "Rows Removed by Filter": 630528
                        }
                      ]
                    }
                  ]
                }
              ]
            }
          ]
        }
      ]
    },
    "Planning Time": 0.655,
    "Triggers": [],
    "Execution Time": 135.215
  }
]