[
  {
    "Plan": {
      "Node Type": "Aggregate",
      "Strategy": "Plain",
      "Partial Mode": "Finalize",
      "Parallel Aware": false,
      "Startup Cost": 334002.71,
      "Total Cost": 334002.72,
      "Plan Rows": 1,
      "Plan Width": 8,
      "Actual Startup Time": 696.335,
      "Actual Total Time": 757.683,
      "Actual Rows": 1,
      "Actual Loops": 1,
      "Plans": [
        {
          "Node Type": "Gather",
          "Parent Relationship": "Outer",
          "Parallel Aware": false,
          "Startup Cost": 334002.08,
          "Total Cost": 334002.69,
          "Plan Rows": 6,
          "Plan Width": 8,
          "Actual Startup Time": 696.221,
          "Actual Total Time": 757.672,
          "Actual Rows": 7,
          "Actual Loops": 1,
          "Workers Planned": 6,
          "Workers Launched": 6,
          "Single Copy": false,
          "Plans": [
            {
              "Node Type": "Aggregate",
              "Strategy": "Plain",
              "Partial Mode": "Partial",
              "Parent Relationship": "Outer",
              "Parallel Aware": false,
              "Startup Cost": 333002.08,
              "Total Cost": 333002.09,
              "Plan Rows": 1,
              "Plan Width": 8,
              "Actual Startup Time": 687.354,
              "Actual Total Time": 687.355,
              "Actual Rows": 1,
              "Actual Loops": 7,
              "Plans": [
                {
                  "Node Type": "Seq Scan",
                  "Parent Relationship": "Outer",
                  "Parallel Aware": true,
                  "Relation Name": "cast_info",
                  "Alias": "ci",
                  "Startup Cost": 0.0,
                  "Total Cost": 328162.03,
                  "Plan Rows": 1936023,
                  "Plan Width": 0,
                  "Actual Startup Time": 0.046,
                  "Actual Total Time": 607.273,
                  "Actual Rows": 1658593,
                  "Actual Loops": 7,
                  "Filter": "(person_id < 1142343)",
                  "Rows Removed by Filter": 3519171
                }
              ]
            }
          ]
        }
      ]
    },
    "Planning Time": 0.162,
    "Triggers": [],
    "Execution Time": 757.748
  }
]