{
  "Plan": {
    "Node Type": "Aggregate",
    "Strategy": "Plain",
    "Partial Mode": "Finalize",
    "Parallel Aware": false,
    "Startup Cost": 669223.86,
    "Total Cost": 669223.87,
    "Plan Rows": 1,
    "Plan Width": 8,
    "Actual Startup Time": 5887.666,
    "Actual Total Time": 5980.815,
    "Actual Rows": 1,
    "Actual Loops": 1,
    "Plans": [
      {
        "Node Type": "Gather",
        "Parent Relationship": "Outer",
        "Parallel Aware": false,
        "Startup Cost": 669223.75,
        "Total Cost": 669223.86,
        "Plan Rows": 1,
        "Plan Width": 8,
        "Actual Startup Time": 5885.327,
        "Actual Total Time": 5980.807,
        "Actual Rows": 2,
        "Actual Loops": 1,
        "Workers Planned": 1,
        "Workers Launched": 1,
        "Single Copy": false,
        "Plans": [
          {
            "Node Type": "Aggregate",
            "Strategy": "Plain",
            "Partial Mode": "Partial",
            "Parent Relationship": "Outer",
            "Parallel Aware": false,
            "Startup Cost": 668223.75,
            "Total Cost": 668223.76,
            "Plan Rows": 1,
            "Plan Width": 8,
            "Actual Startup Time": 5877.11,
            "Actual Total Time": 5877.114,
            "Actual Rows": 1,
            "Actual Loops": 2,
            "Plans": [
              {
                "Node Type": "Nested Loop",
                "Parent Relationship": "Outer",
                "Parallel Aware": false,
                "Join Type": "Inner",
                "Startup Cost": 78075.14,
                "Total Cost": 661508.68,
                "Plan Rows": 2686029,
                "Plan Width": 0,
                "Actual Startup Time": 389.954,
                "Actual Total Time": 5552.935,
                "Actual Rows": 7682692,
                "Actual Loops": 2,
                "Inner Unique": false,
                "Plans": [
                  {
                    "Node Type": "Hash Join",
                    "Parent Relationship": "Outer",
                    "Parallel Aware": true,
                    "Join Type": "Inner",
                    "Startup Cost": 78074.58,
                    "Total Cost": 108920.8,
                    "Plan Rows": 187454,
                    "Plan Width": 8,
                    "Actual Startup Time": 389.844,
                    "Actual Total Time": 601.957,
                    "Actual Rows": 215490,
                    "Actual Loops": 2,
                    "Inner Unique": true,
                    "Hash Cond": "(mk.movie_id = t.id)",
                    "Plans": [
                      {
                        "Node Type": "Bitmap Heap Scan",
                        "Parent Relationship": "Outer",
                        "Parallel Aware": true,
                        "Relation Name": "movie_keyword",
                        "Alias": "mk",
                        "Startup Cost": 15240.54,
                        "Total Cost": 44977.37,
                        "Plan Rows": 422626,
                        "Plan Width": 4,
                        "Actual Startup Time": 39.574,
                        "Actual Total Time": 121.512,
                        "Actual Rows": 362884,
                        "Actual Loops": 2,
                        "Recheck Cond": "(keyword_id < 648)",
                        "Rows Removed by Index Recheck": 0,
                        "Exact Heap Blocks": 12863,
                        "Lossy Heap Blocks": 0,
                        "Plans": [
                          {
                            "Node Type": "Bitmap Index Scan",
                            "Parent Relationship": "Outer",
                            "Parallel Aware": false,
                            "Index Name": "keyword_id_movie_keyword",
                            "Startup Cost": 0.0,
                            "Total Cost": 15060.92,
                            "Plan Rows": 718465,
                            "Plan Width": 0,
                            "Actual Startup Time": 35.981,
                            "Actual Total Time": 35.982,
                            "Actual Rows": 725769,
                            "Actual Loops": 1,
                            "Index Cond": "(keyword_id < 648)"
                          }
                        ]
                      },
                      {
                        "Node Type": "Hash",
                        "Parent Relationship": "Inner",
                        "Parallel Aware": true,
                        "Startup Cost": 54588.39,
                        "Total Cost": 54588.39,
                        "Plan Rows": 659652,
                        "Plan Width": 4,
                        "Actual Startup Time": 335.89,
                        "Actual Total Time": 335.891,
                        "Actual Rows": 566678,
                        "Actual Loops": 2,
                        "Hash Buckets": 2097152,
                        "Original Hash Buckets": 2097152,
                        "Hash Batches": 1,
                        "Original Hash Batches": 1,
                        "Peak Memory Usage": 60768,
                        "Plans": [
                          {
                            "Node Type": "Seq Scan",
                            "Parent Relationship": "Outer",
                            "Parallel Aware": true,
                            "Relation Name": "title",
                            "Alias": "t",
                            "Startup Cost": 0.0,
                            "Total Cost": 54588.39,
                            "Plan Rows": 659652,
                            "Plan Width": 4,
                            "Actual Startup Time": 0.029,
                            "Actual Total Time": 164.94,
                            "Actual Rows": 566678,
                            "Actual Loops": 2,
                            "Filter": "(production_year < 2002)",
                            "Rows Removed by Filter": 697478
                          }
                        ]
                      }
                    ]
                  },
                  {
                    "Node Type": "Index Only Scan",
                    "Parent Relationship": "Inner",
                    "Parallel Aware": false,
                    "Scan Direction": "Forward",
                    "Index Name": "movie_id_cast_info",
                    "Relation Name": "cast_info",
                    "Alias": "ci",
                    "Startup Cost": 0.56,
                    "Total Cost": 2.58,
                    "Plan Rows": 37,
                    "Plan Width": 4,
                    "Actual Startup Time": 0.003,
                    "Actual Total Time": 0.02,
                    "Actual Rows": 36,
                    "Actual Loops": 430980,
                    "Index Cond": "(movie_id = t.id)",
                    "Rows Removed by Index Recheck": 0,
                    "Heap Fetches": 15365383
                  }
                ]
              }
            ]
          }
        ]
      }
    ]
  },
  "Planning Time": 0.99,
  "Triggers": [],
  "Execution Time": 5980.975
}