[
  {
    "Plan": {
      "Node Type": "Aggregate",
      "Strategy": "Plain",
      "Partial Mode": "Finalize",
      "Parallel Aware": false,
      "Startup Cost": 33191.38,
      "Total Cost": 33191.39,
      "Plan Rows": 1,
      "Plan Width": 8,
      "Actual Startup Time": 86.845,
      "Actual Total Time": 92.85,
      "Actual Rows": 1,
      "Actual Loops": 1,
      "Plans": [
        {
          "Node Type": "Gather",
          "Parent Relationship": "Outer",
          "Parallel Aware": false,
          "Startup Cost": 33191.07,
          "Total Cost": 33191.38,
          "Plan Rows": 3,
          "Plan Width": 8,
          "Actual Startup Time": 86.774,
          "Actual Total Time": 92.842,
          "Actual Rows": 4,
          "Actual Loops": 1,
          "Workers Planned": 3,
          "Workers Launched": 3,
          "Single Copy": false,
          "Plans": [
            {
              "Node Type": "Aggregate",
              "Strategy": "Plain",
              "Partial Mode": "Partial",
              "Parent Relationship": "Outer",
              "Parallel Aware": false,
              "Startup Cost": 32191.07,
              "Total Cost": 32191.08,
              "Plan Rows": 1,
              "Plan Width": 8,
              "Actual Startup Time": 82.123,
              "Actual Total Time": 82.124,
              "Actual Rows": 1,
              "Actual Loops": 4,
              "Plans": [
                {
                  "Node Type": "Seq Scan",
                  "Parent Relationship": "Outer",
                  "Parallel Aware": true,
                  "Relation Name": "movie_companies",
                  "Alias": "mc",
                  "Startup Cost": 0.0,
                  "Total Cost": 31414.82,
                  "Plan Rows": 310499,
                  "Plan Width": 0,
                  "Actual Startup Time": 0.23,
                  "Actual Total Time": 71.478,
                  "Actual Rows": 203469,
                  "Actual Loops": 4,
                  "Filter": "((company_id > 846) AND (company_type_id < 2))",
                  "Rows Removed by Filter": 448813
                }
              ]
            }
          ]
        }
      ]
    },
    "Planning Time": 0.091,
    "Triggers": [],
    "Execution Time": 92.88
  }
]