{
  "Plan": {
    "Node Type": "Aggregate",
    "Strategy": "Plain",
    "Partial Mode": "Finalize",
    "Parallel Aware": false,
    "Startup Cost": 132650.73,
    "Total Cost": 132650.74,
    "Plan Rows": 1,
    "Plan Width": 8,
    "Actual Startup Time": 803.231,
    "Actual Total Time": 818.847,
    "Actual Rows": 1,
    "Actual Loops": 1,
    "Plans": [
      {
        "Node Type": "Gather",
        "Parent Relationship": "Outer",
        "Parallel Aware": false,
        "Startup Cost": 132650.62,
        "Total Cost": 132650.73,
        "Plan Rows": 1,
        "Plan Width": 8,
        "Actual Startup Time": 799.739,
        "Actual Total Time": 818.838,
        "Actual Rows": 2,
        "Actual Loops": 1,
        "Workers Planned": 1,
        "Workers Launched": 1,
        "Single Copy": false,
        "Plans": [
          {
            "Node Type": "Aggregate",
            "Strategy": "Plain",
            "Partial Mode": "Partial",
            "Parent Relationship": "Outer",
            "Parallel Aware": false,
            "Startup Cost": 131650.62,
            "Total Cost": 131650.63,
            "Plan Rows": 1,
            "Plan Width": 8,
            "Actual Startup Time": 795.004,
            "Actual Total Time": 795.009,
            "Actual Rows": 1,
            "Actual Loops": 2,
            "Plans": [
              {
                "Node Type": "Hash Join",
                "Parent Relationship": "Outer",
                "Parallel Aware": true,
                "Join Type": "Inner",
                "Startup Cost": 67253.08,
                "Total Cost": 129551.4,
                "Plan Rows": 839687,
                "Plan Width": 0,
                "Actual Startup Time": 399.55,
                "Actual Total Time": 779.048,
                "Actual Rows": 366190,
                "Actual Loops": 2,
                "Inner Unique": true,
                "Hash Cond": "(mk.movie_id = t.id)",
                "Plans": [
                  {
                    "Node Type": "Seq Scan",
                    "Parent Relationship": "Outer",
                    "Parallel Aware": true,
                    "Relation Name": "movie_keyword",
                    "Alias": "mk",
                    "Startup Cost": 0.0,
                    "Total Cost": 57718.19,
                    "Plan Rows": 1744807,
                    "Plan Width": 4,
                    "Actual Startup Time": 0.016,
                    "Actual Total Time": 195.89,
                    "Actual Rows": 1479702,
                    "Actual Loops": 2,
                    "Filter": "(keyword_id < 10029)",
                    "Rows Removed by Filter": 782262
                  },
                  {
                    "Node Type": "Hash",
                    "Parent Relationship": "Inner",
                    "Parallel Aware": true,
                    "Startup Cost": 58306.47,
                    "Total Cost": 58306.47,
                    "Plan Rows": 715729,
                    "Plan Width": 4,
                    "Actual Startup Time": 389.244,
                    "Actual Total Time": 389.245,
                    "Actual Rows": 664414,
                    "Actual Loops": 2,
                    "Hash Buckets": 2097152,
                    "Original Hash Buckets": 2097152,
                    "Hash Batches": 1,
                    "Original Hash Batches": 1,
                    "Peak Memory Usage": 68384,
                    "Plans": [
                      {
                        "Node Type": "Seq Scan",
                        "Parent Relationship": "Outer",
                        "Parallel Aware": true,
                        "Relation Name": "title",
                        "Alias": "t",
                        "Startup Cost": 0.0,
                        "Total Cost": 58306.47,
                        "Plan Rows": 715729,
                        "Plan Width": 4,
                        "Actual Startup Time": 0.022,
                        "Actual Total Time": 177.267,
                        "Actual Rows": 664414,
                        "Actual Loops": 2,
                        "Filter": "((kind_id > 1) AND (production_year > 1994))",
                        "Rows Removed by Filter": 599742
                      }
                    ]
                  }
                ]
              }
            ]
          }
        ]
      }
    ]
  },
  "Planning Time": 0.384,
  "Triggers": [],
  "Execution Time": 818.898
}