[
  {
    "Plan": {
      "Node Type": "Aggregate",
      "Strategy": "Plain",
      "Partial Mode": "Finalize",
      "Parallel Aware": false,
      "Startup Cost": 427712.49,
      "Total Cost": 427712.5,
      "Plan Rows": 1,
      "Plan Width": 8,
      "Actual Startup Time": 1343.026,
      "Actual Total Time": 1405.219,
      "Actual Rows": 1,
      "Actual Loops": 1,
      "Plans": [
        {
          "Node Type": "Gather",
          "Parent Relationship": "Outer",
          "Parallel Aware": false,
          "Startup Cost": 427711.87,
          "Total Cost": 427712.48,
          "Plan Rows": 6,
          "Plan Width": 8,
          "Actual Startup Time": 1336.885,
          "Actual Total Time": 1405.208,
          "Actual Rows": 7,
          "Actual Loops": 1,
          "Workers Planned": 6,
          "Workers Launched": 6,
          "Single Copy": false,
          "Plans": [
            {
              "Node Type": "Aggregate",
              "Strategy": "Plain",
              "Partial Mode": "Partial",
              "Parent Relationship": "Outer",
              "Parallel Aware": false,
              "Startup Cost": 426711.87,
              "Total Cost": 426711.88,
              "Plan Rows": 1,
              "Plan Width": 8,
              "Actual Startup Time": 1326.38,
              "Actual Total Time": 1326.561,
              "Actual Rows": 1,
              "Actual Loops": 7,
              "Plans": [
                {
                  "Node Type": "Hash Join",
                  "Parent Relationship": "Outer",
                  "Parallel Aware": true,
                  "Join Type": "Inner",
                  "Startup Cost": 65605.73,
                  "Total Cost": 425100.03,
                  "Plan Rows": 644733,
                  "Plan Width": 0,
                  "Actual Startup Time": 330.626,
                  "Actual Total Time": 1295.043,
                  "Actual Rows": 704096,
                  "Actual Loops": 7,
                  "Inner Unique": false,
                  "Hash Cond": "(ci.movie_id = t.id)",
                  "Plans": [
                    {
                      "Node Type": "Seq Scan",
                      "Parent Relationship": "Outer",
                      "Parallel Aware": true,
                      "Relation Name": "cast_info",
                      "Alias": "ci",
                      "Startup Cost": 0.0,
                      "Total Cost": 343257.03,
                      "Plan Rows": 3613568,
                      "Plan Width": 4,
                      "Actual Startup Time": 104.547,
                      "Actual Total Time": 683.573,
                      "Actual Rows": 2951149,
                      "Actual Loops": 7,
                      "Filter": "((person_id > 893031) AND (role_id < 8))",
                      "Rows Removed by Filter": 2226615
                    },
                    {
                      "Node Type": "Hash",
                      "Parent Relationship": "Inner",
                      "Parallel Aware": true,
                      "Startup Cost": 63256.26,
                      "Total Cost": 63256.26,
                      "Plan Rows": 187958,
                      "Plan Width": 8,
                      "Actual Startup Time": 223.538,
                      "Actual Total Time": 223.717,
                      "Actual Rows": 41856,
                      "Actual Loops": 7,
                      "Hash Buckets": 524288,
                      "Original Hash Buckets": 524288,
                      "Hash Batches": 1,
                      "Original Hash Batches": 1,
                      "Peak Memory Usage": 15680,
                      "Plans": [
                        {
                          "Node Type": "Hash Join",
                          "Parent Relationship": "Outer",
                          "Parallel Aware": true,
                          "Join Type": "Inner",
                          "Startup Cost": 48061.7,
                          "Total Cost": 63256.26,
                          "Plan Rows": 187958,
                          "Plan Width": 8,
                          "Actual Startup Time": 154.322,
                          "Actual Total Time": 210.846,
                          "Actual Rows": 41856,
                          "Actual Loops": 7,
                          "Inner Unique": true,
                          "Hash Cond": "(mi_idx.movie_id = t.id)",
                          "Plans": [
                            {
                              "Node Type": "Seq Scan",
                              "Parent Relationship": "Outer",
                              "Parallel Aware": true,
                              "Relation Name": "movie_info_idx",
                              "Alias": "mi_idx",
                              "Startup Cost": 0.0,
                              "Total Cost": 13685.15,
                              "Plan Rows": 575015,
                              "Plan Width": 4,
                              "Actual Startup Time": 0.024,
                              "Actual Total Time": 18.926,
                              "Actual Rows": 197148,
                              "Actual Loops": 7
                            },
                            {
                              "Node Type": "Hash",
                              "Parent Relationship": "Inner",
                              "Parallel Aware": true,
                              "Startup Cost": 45479.1,
                              "Total Cost": 45479.1,
                              "Plan Rows": 206608,
                              "Plan Width": 4,
                              "Actual Startup Time": 152.454,
                              "Actual Total Time": 152.456,
                              "Actual Rows": 125169,
                              "Actual Loops": 7,
                              "Hash Buckets": 1048576,
                              "Original Hash Buckets": 1048576,
                              "Hash Batches": 1,
                              "Original Hash Batches": 1,
                              "Peak Memory Usage": 42560,
                              "Plans": [
                                {
                                  "Node Type": "Seq Scan",
                                  "Parent Relationship": "Outer",
                                  "Parallel Aware": true,
                                  "Relation Name": "title",
                                  "Alias": "t",
                                  "Startup Cost": 0.0,
                                  "Total Cost": 45479.1,
                                  "Plan Rows": 206608,
                                  "Plan Width": 4,
                                  "Actual Startup Time": 0.054,
                                  "Actual Total Time": 82.572,
                                  "Actual Rows": 125169,
                                  "Actual Loops": 7,
                                  "Filter": "((kind_id > 1) AND (production_year > 2004))",
                                  "Rows Removed by Filter": 236018
                                }
                              ]
                            }
                          ]
                        }
                      ]
                    }
                  ]
                }
              ]
            }
          ]
        }
      ]
    },
    "Planning Time": 1.296,
    "Triggers": [],
    "Execution Time": 1405.347
  }
]