[
  {
    "Plan": {
      "Node Type": "Aggregate",
      "Strategy": "Plain",
      "Partial Mode": "Finalize",
      "Parallel Aware": false,
      "Startup Cost": 44707.51,
      "Total Cost": 44707.52,
      "Plan Rows": 1,
      "Plan Width": 8,
      "Actual Startup Time": 121.259,
      "Actual Total Time": 131.235,
      "Actual Rows": 1,
      "Actual Loops": 1,
      "Plans": [
        {
          "Node Type": "Gather",
          "Parent Relationship": "Outer",
          "Parallel Aware": false,
          "Startup Cost": 44707.2,
          "Total Cost": 44707.51,
          "Plan Rows": 3,
          "Plan Width": 8,
          "Actual Startup Time": 121.14,
          "Actual Total Time": 131.227,
          "Actual Rows": 4,
          "Actual Loops": 1,
          "Workers Planned": 3,
          "Workers Launched": 3,
          "Single Copy": false,
          "Plans": [
            {
              "Node Type": "Aggregate",
              "Strategy": "Plain",
              "Partial Mode": "Partial",
              "Parent Relationship": "Outer",
              "Parallel Aware": false,
              "Startup Cost": 43707.2,
              "Total Cost": 43707.21,
              "Plan Rows": 1,
              "Plan Width": 8,
              "Actual Startup Time": 116.624,
              "Actual Total Time": 116.625,
              "Actual Rows": 1,
              "Actual Loops": 4,
              "Plans": [
                {
                  "Node Type": "Seq Scan",
                  "Parent Relationship": "Outer",
                  "Parallel Aware": true,
                  "Relation Name": "movie_keyword",
                  "Alias": "mk",
                  "Startup Cost": 0.0,
                  "Total Cost": 42695.65,
                  "Plan Rows": 404617,
                  "Plan Width": 0,
                  "Actual Startup Time": 2.134,
                  "Actual Total Time": 101.816,
                  "Actual Rows": 314210,
                  "Actual Loops": 4,
                  "Filter": "(keyword_id > 14304)",
                  "Rows Removed by Filter": 816773
                }
              ]
            }
          ]
        }
      ]
    },
    "Planning Time": 0.149,
    "Triggers": [],
    "Execution Time": 131.282
  }
]