{
  "Plan": {
    "Node Type": "Aggregate",
    "Strategy": "Plain",
    "Partial Mode": "Finalize",
    "Parallel Aware": false,
    "Startup Cost": 110362.19,
    "Total Cost": 110362.2,
    "Plan Rows": 1,
    "Plan Width": 8,
    "Actual Startup Time": 707.461,
    "Actual Total Time": 720.209,
    "Actual Rows": 1,
    "Actual Loops": 1,
    "Plans": [
      {
        "Node Type": "Gather",
        "Parent Relationship": "Outer",
        "Parallel Aware": false,
        "Startup Cost": 110362.08,
        "Total Cost": 110362.19,
        "Plan Rows": 1,
        "Plan Width": 8,
        "Actual Startup Time": 704.155,
        "Actual Total Time": 720.2,
        "Actual Rows": 2,
        "Actual Loops": 1,
        "Workers Planned": 1,
        "Workers Launched": 1,
        "Single Copy": false,
        "Plans": [
          {
            "Node Type": "Aggregate",
            "Strategy": "Plain",
            "Partial Mode": "Partial",
            "Parent Relationship": "Outer",
            "Parallel Aware": false,
            "Startup Cost": 109362.08,
            "Total Cost": 109362.09,
            "Plan Rows": 1,
            "Plan Width": 8,
            "Actual Startup Time": 696.51,
            "Actual Total Time": 696.515,
            "Actual Rows": 1,
            "Actual Loops": 2,
            "Plans": [
              {
                "Node Type": "Hash Join",
                "Parent Relationship": "Outer",
                "Parallel Aware": true,
                "Join Type": "Inner",
                "Startup Cost": 68380.53,
                "Total Cost": 108338.55,
                "Plan Rows": 409414,
                "Plan Width": 0,
                "Actual Startup Time": 420.645,
                "Actual Total Time": 690.292,
                "Actual Rows": 149200,
                "Actual Loops": 2,
                "Inner Unique": true,
                "Hash Cond": "(mc.movie_id = t.id)",
                "Plans": [
                  {
                    "Node Type": "Seq Scan",
                    "Parent Relationship": "Outer",
                    "Parallel Aware": true,
                    "Relation Name": "movie_companies",
                    "Alias": "mc",
                    "Startup Cost": 0.0,
                    "Total Cost": 37974.77,
                    "Plan Rows": 755522,
                    "Plan Width": 4,
                    "Actual Startup Time": 0.017,
                    "Actual Total Time": 115.814,
                    "Actual Rows": 637123,
                    "Actual Loops": 2,
                    "Filter": "(company_type_id = 1)",
                    "Rows Removed by Filter": 667442
                  },
                  {
                    "Node Type": "Hash",
                    "Parent Relationship": "Inner",
                    "Parallel Aware": true,
                    "Startup Cost": 58306.47,
                    "Total Cost": 58306.47,
                    "Plan Rows": 805925,
                    "Plan Width": 4,
                    "Actual Startup Time": 405.839,
                    "Actual Total Time": 405.84,
                    "Actual Rows": 725316,
                    "Actual Loops": 2,
                    "Hash Buckets": 2097152,
                    "Original Hash Buckets": 2097152,
                    "Hash Batches": 1,
                    "Original Hash Batches": 1,
                    "Peak Memory Usage": 73152,
                    "Plans": [
                      {
                        "Node Type": "Seq Scan",
                        "Parent Relationship": "Outer",
                        "Parallel Aware": true,
                        "Relation Name": "title",
                        "Alias": "t",
                        "Startup Cost": 0.0,
                        "Total Cost": 58306.47,
                        "Plan Rows": 805925,
                        "Plan Width": 4,
                        "Actual Startup Time": 0.032,
                        "Actual Total Time": 177.324,
                        "Actual Rows": 725316,
                        "Actual Loops": 2,
                        "Filter": "((production_year > 1956) AND (kind_id = 7))",
                        "Rows Removed by Filter": 538840
                      }
                    ]
                  }
                ]
              }
            ]
          }
        ]
      }
    ]
  },
  "Planning Time": 0.764,
  "Triggers": [],
  "Execution Time": 720.278
}