[
  {
    "Plan": {
      "Node Type": "Aggregate",
      "Strategy": "Plain",
      "Partial Mode": "Finalize",
      "Parallel Aware": false,
      "Startup Cost": 330523.03,
      "Total Cost": 330523.04,
      "Plan Rows": 1,
      "Plan Width": 8,
      "Actual Startup Time": 606.205,
      "Actual Total Time": 657.313,
      "Actual Rows": 1,
      "Actual Loops": 1,
      "Plans": [
        {
          "Node Type": "Gather",
          "Parent Relationship": "Outer",
          "Parallel Aware": false,
          "Startup Cost": 330522.41,
          "Total Cost": 330523.02,
          "Plan Rows": 6,
          "Plan Width": 8,
          "Actual Startup Time": 605.849,
          "Actual Total Time": 657.289,
          "Actual Rows": 7,
          "Actual Loops": 1,
          "Workers Planned": 6,
          "Workers Launched": 6,
          "Single Copy": false,
          "Plans": [
            {
              "Node Type": "Aggregate",
              "Strategy": "Plain",
              "Partial Mode": "Partial",
              "Parent Relationship": "Outer",
              "Parallel Aware": false,
              "Startup Cost": 329522.41,
              "Total Cost": 329522.42,
              "Plan Rows": 1,
              "Plan Width": 8,
              "Actual Startup Time": 599.62,
              "Actual Total Time": 599.623,
              "Actual Rows": 1,
              "Actual Loops": 7,
              "Plans": [
                {
                  "Node Type": "Seq Scan",
                  "Parent Relationship": "Outer",
                  "Parallel Aware": true,
                  "Relation Name": "cast_info",
                  "Alias": "ci",
                  "Startup Cost": 0.0,
                  "Total Cost": 328211.39,
                  "Plan Rows": 524407,
                  "Plan Width": 0,
                  "Actual Startup Time": 0.036,
                  "Actual Total Time": 575.261,
                  "Actual Rows": 464859,
                  "Actual Loops": 7,
                  "Filter": "(person_id < 314101)",
                  "Rows Removed by Filter": 4712905
                }
              ]
            }
          ]
        }
      ]
    },
    "Planning Time": 0.212,
    "Triggers": [],
    "Execution Time": 657.385
  }
]