[
  {
    "Plan": {
      "Node Type": "Aggregate",
      "Strategy": "Plain",
      "Partial Mode": "Finalize",
      "Parallel Aware": false,
      "Startup Cost": 45206.28,
      "Total Cost": 45206.29,
      "Plan Rows": 1,
      "Plan Width": 8,
      "Actual Startup Time": 136.47,
      "Actual Total Time": 146.149,
      "Actual Rows": 1,
      "Actual Loops": 1,
      "Plans": [
        {
          "Node Type": "Gather",
          "Parent Relationship": "Outer",
          "Parallel Aware": false,
          "Startup Cost": 45205.97,
          "Total Cost": 45206.28,
          "Plan Rows": 3,
          "Plan Width": 8,
          "Actual Startup Time": 136.34,
          "Actual Total Time": 146.141,
          "Actual Rows": 4,
          "Actual Loops": 1,
          "Workers Planned": 3,
          "Workers Launched": 3,
          "Single Copy": false,
          "Plans": [
            {
              "Node Type": "Aggregate",
              "Strategy": "Plain",
              "Partial Mode": "Partial",
              "Parent Relationship": "Outer",
              "Parallel Aware": false,
              "Startup Cost": 44205.97,
              "Total Cost": 44205.98,
              "Plan Rows": 1,
              "Plan Width": 8,
              "Actual Startup Time": 131.051,
              "Actual Total Time": 131.052,
              "Actual Rows": 1,
              "Actual Loops": 4,
              "Plans": [
                {
                  "Node Type": "Seq Scan",
                  "Parent Relationship": "Outer",
                  "Parallel Aware": true,
                  "Relation Name": "movie_keyword",
                  "Alias": "mk",
                  "Startup Cost": 0.0,
                  "Total Cost": 42695.65,
                  "Plan Rows": 604125,
                  "Plan Width": 0,
                  "Actual Startup Time": 0.029,
                  "Actual Total Time": 109.51,
                  "Actual Rows": 468389,
                  "Actual Loops": 4,
                  "Filter": "(keyword_id < 3175)",
                  "Rows Removed by Filter": 662593
                }
              ]
            }
          ]
        }
      ]
    },
    "Planning Time": 0.069,
    "Triggers": [],
    "Execution Time": 146.176
  }
]