{
  "Plan": {
    "Node Type": "Aggregate",
    "Strategy": "Plain",
    "Partial Mode": "Finalize",
    "Parallel Aware": false,
    "Startup Cost": 85456.42,
    "Total Cost": 85456.43,
    "Plan Rows": 1,
    "Plan Width": 8,
    "Actual Startup Time": 208.811,
    "Actual Total Time": 223.842,
    "Actual Rows": 1,
    "Actual Loops": 1,
    "Plans": [
      {
        "Node Type": "Gather",
        "Parent Relationship": "Outer",
        "Parallel Aware": false,
        "Startup Cost": 85456.31,
        "Total Cost": 85456.42,
        "Plan Rows": 1,
        "Plan Width": 8,
        "Actual Startup Time": 208.065,
        "Actual Total Time": 223.834,
        "Actual Rows": 2,
        "Actual Loops": 1,
        "Workers Planned": 1,
        "Workers Launched": 1,
        "Single Copy": false,
        "Plans": [
          {
            "Node Type": "Aggregate",
            "Strategy": "Plain",
            "Partial Mode": "Partial",
            "Parent Relationship": "Outer",
            "Parallel Aware": false,
            "Startup Cost": 84456.31,
            "Total Cost": 84456.32,
            "Plan Rows": 1,
            "Plan Width": 8,
            "Actual Startup Time": 202.257,
            "Actual Total Time": 202.26,
            "Actual Rows": 1,
            "Actual Loops": 2,
            "Plans": [
              {
                "Node Type": "Hash Join",
                "Parent Relationship": "Outer",
                "Parallel Aware": true,
                "Join Type": "Inner",
                "Startup Cost": 59880.48,
                "Total Cost": 84454.48,
                "Plan Rows": 732,
                "Plan Width": 0,
                "Actual Startup Time": 183.255,
                "Actual Total Time": 202.083,
                "Actual Rows": 2777,
                "Actual Loops": 2,
                "Inner Unique": true,
                "Hash Cond": "(mk.movie_id = t.id)",
                "Plans": [
                  {
                    "Node Type": "Bitmap Heap Scan",
                    "Parent Relationship": "Outer",
                    "Parallel Aware": true,
                    "Relation Name": "movie_keyword",
                    "Alias": "mk",
                    "Startup Cost": 429.04,
                    "Total Cost": 24971.84,
                    "Plan Rows": 11886,
                    "Plan Width": 4,
                    "Actual Startup Time": 3.878,
                    "Actual Total Time": 20.32,
                    "Actual Rows": 9764,
                    "Actual Loops": 2,
                    "Recheck Cond": "(keyword_id = 137)",
                    "Rows Removed by Index Recheck": 0,
                    "Exact Heap Blocks": 9855,
                    "Lossy Heap Blocks": 0,
                    "Plans": [
                      {
                        "Node Type": "Bitmap Index Scan",
                        "Parent Relationship": "Outer",
                        "Parallel Aware": false,
                        "Index Name": "keyword_id_movie_keyword",
                        "Startup Cost": 0.0,
                        "Total Cost": 423.99,
                        "Plan Rows": 20207,
                        "Plan Width": 0,
                        "Actual Startup Time": 2.198,
                        "Actual Total Time": 2.198,
                        "Actual Rows": 19528,
                        "Actual Loops": 1,
                        "Index Cond": "(keyword_id = 137)"
                      }
                    ]
                  },
                  {
                    "Node Type": "Hash",
                    "Parent Relationship": "Inner",
                    "Parallel Aware": true,
                    "Startup Cost": 58306.47,
                    "Total Cost": 58306.47,
                    "Plan Rows": 91598,
                    "Plan Width": 4,
                    "Actual Startup Time": 175.787,
                    "Actual Total Time": 175.788,
                    "Actual Rows": 132018,
                    "Actual Loops": 2,
                    "Hash Buckets": 524288,
                    "Original Hash Buckets": 262144,
                    "Hash Batches": 1,
                    "Original Hash Batches": 1,
                    "Peak Memory Usage": 16512,
                    "Plans": [
                      {
                        "Node Type": "Seq Scan",
                        "Parent Relationship": "Outer",
                        "Parallel Aware": true,
                        "Relation Name": "title",
                        "Alias": "t",
                        "Startup Cost": 0.0,
                        "Total Cost": 58306.47,
                        "Plan Rows": 91598,
                        "Plan Width": 4,
                        "Actual Startup Time": 0.106,
                        "Actual Total Time": 141.838,
                        "Actual Rows": 132018,
                        "Actual Loops": 2,
                        "Filter": "((kind_id < 7) AND (production_year < 1973))",
                        "Rows Removed by Filter": 1132138
                      }
                    ]
                  }
                ]
              }
            ]
          }
        ]
      }
    ]
  },
  "Planning Time": 0.472,
  "Triggers": [],
  "Execution Time": 223.934
}