[
  {
    "Plan": {
      "Node Type": "Aggregate",
      "Strategy": "Plain",
      "Partial Mode": "Finalize",
      "Parallel Aware": false,
      "Startup Cost": 46217.0,
      "Total Cost": 46217.01,
      "Plan Rows": 1,
      "Plan Width": 8,
      "Actual Startup Time": 169.088,
      "Actual Total Time": 179.292,
      "Actual Rows": 1,
      "Actual Loops": 1,
      "Plans": [
        {
          "Node Type": "Gather",
          "Parent Relationship": "Outer",
          "Parallel Aware": false,
          "Startup Cost": 46216.68,
          "Total Cost": 46216.99,
          "Plan Rows": 3,
          "Plan Width": 8,
          "Actual Startup Time": 168.964,
          "Actual Total Time": 179.283,
          "Actual Rows": 4,
          "Actual Loops": 1,
          "Workers Planned": 3,
          "Workers Launched": 3,
          "Single Copy": false,
          "Plans": [
            {
              "Node Type": "Aggregate",
              "Strategy": "Plain",
              "Partial Mode": "Partial",
              "Parent Relationship": "Outer",
              "Parallel Aware": false,
              "Startup Cost": 45216.68,
              "Total Cost": 45216.69,
              "Plan Rows": 1,
              "Plan Width": 8,
              "Actual Startup Time": 163.522,
              "Actual Total Time": 163.523,
              "Actual Rows": 1,
              "Actual Loops": 4,
              "Plans": [
                {
                  "Node Type": "Seq Scan",
                  "Parent Relationship": "Outer",
                  "Parallel Aware": true,
                  "Relation Name": "movie_keyword",
                  "Alias": "mk",
                  "Startup Cost": 0.0,
                  "Total Cost": 42695.65,
                  "Plan Rows": 1008412,
                  "Plan Width": 0,
                  "Actual Startup Time": 0.296,
                  "Actual Total Time": 126.449,
                  "Actual Rows": 778704,
                  "Actual Loops": 4,
                  "Filter": "(keyword_id > 1923)",
                  "Rows Removed by Filter": 352278
                }
              ]
            }
          ]
        }
      ]
    },
    "Planning Time": 0.206,
    "Triggers": [],
    "Execution Time": 179.348
  }
]