[
  {
    "Plan": {
      "Node Type": "Aggregate",
      "Strategy": "Plain",
      "Partial Mode": "Finalize",
      "Parallel Aware": false,
      "Startup Cost": 454441.22,
      "Total Cost": 454441.23,
      "Plan Rows": 1,
      "Plan Width": 8,
      "Actual Startup Time": 2709.689,
      "Actual Total Time": 2763.458,
      "Actual Rows": 1,
      "Actual Loops": 1,
      "Plans": [
        {
          "Node Type": "Gather",
          "Parent Relationship": "Outer",
          "Parallel Aware": false,
          "Startup Cost": 454440.6,
          "Total Cost": 454441.21,
          "Plan Rows": 6,
          "Plan Width": 8,
          "Actual Startup Time": 2691.626,
          "Actual Total Time": 2763.444,
          "Actual Rows": 7,
          "Actual Loops": 1,
          "Workers Planned": 6,
          "Workers Launched": 6,
          "Single Copy": false,
          "Plans": [
            {
              "Node Type": "Aggregate",
              "Strategy": "Plain",
              "Partial Mode": "Partial",
              "Parent Relationship": "Outer",
              "Parallel Aware": false,
              "Startup Cost": 453440.6,
              "Total Cost": 453440.61,
              "Plan Rows": 1,
              "Plan Width": 8,
              "Actual Startup Time": 2680.991,
              "Actual Total Time": 2681.469,
              "Actual Rows": 1,
              "Actual Loops": 7,
              "Plans": [
                {
                  "Node Type": "Hash Join",
                  "Parent Relationship": "Outer",
                  "Parallel Aware": true,
                  "Join Type": "Inner",
                  "Startup Cost": 98262.81,
                  "Total Cost": 448093.12,
                  "Plan Rows": 2138989,
                  "Plan Width": 0,
                  "Actual Startup Time": 712.62,
                  "Actual Total Time": 2408.345,
                  "Actual Rows": 5550053,
                  "Actual Loops": 7,
                  "Inner Unique": false,
                  "Hash Cond": "(ci.movie_id = t.id)",
                  "Plans": [
                    {
                      "Node Type": "Seq Scan",
                      "Parent Relationship": "Outer",
                      "Parallel Aware": true,
                      "Relation Name": "cast_info",
                      "Alias": "ci",
                      "Startup Cost": 0.0,
                      "Total Cost": 328211.39,
                      "Plan Rows": 3925053,
                      "Plan Width": 4,
                      "Actual Startup Time": 253.248,
                      "Actual Total Time": 772.494,
                      "Actual Rows": 3367665,
                      "Actual Loops": 7,
                      "Filter": "(role_id > 1)",
                      "Rows Removed by Filter": 1810098
                    },
                    {
                      "Node Type": "Hash",
                      "Parent Relationship": "Inner",
                      "Parallel Aware": true,
                      "Startup Cost": 92706.83,
                      "Total Cost": 92706.83,
                      "Plan Rows": 444479,
                      "Plan Width": 8,
                      "Actual Startup Time": 455.879,
                      "Actual Total Time": 456.354,
                      "Actual Rows": 271468,
                      "Actual Loops": 7,
                      "Hash Buckets": 2097152,
                      "Original Hash Buckets": 2097152,
                      "Hash Batches": 1,
                      "Original Hash Batches": 1,
                      "Peak Memory Usage": 90816,
                      "Plans": [
                        {
                          "Node Type": "Hash Join",
                          "Parent Relationship": "Outer",
                          "Parallel Aware": true,
                          "Join Type": "Inner",
                          "Startup Cost": 46609.23,
                          "Total Cost": 92706.83,
                          "Plan Rows": 444479,
                          "Plan Width": 8,
                          "Actual Startup Time": 168.149,
                          "Actual Total Time": 359.854,
                          "Actual Rows": 271468,
                          "Actual Loops": 7,
                          "Inner Unique": true,
                          "Hash Cond": "(mk.movie_id = t.id)",
                          "Plans": [
                            {
                              "Node Type": "Seq Scan",
                              "Parent Relationship": "Outer",
                              "Parallel Aware": true,
                              "Relation Name": "movie_keyword",
                              "Alias": "mk",
                              "Startup Cost": 0.0,
                              "Total Cost": 42695.65,
                              "Plan Rows": 1295972,
                              "Plan Width": 4,
                              "Actual Startup Time": 0.035,
                              "Actual Total Time": 92.888,
                              "Actual Rows": 573767,
                              "Actual Loops": 7,
                              "Filter": "(keyword_id < 35745)",
                              "Rows Removed by Filter": 72509
                            },
                            {
                              "Node Type": "Hash",
                              "Parent Relationship": "Inner",
                              "Parallel Aware": true,
                              "Startup Cost": 43899.32,
                              "Total Cost": 43899.32,
                              "Plan Rows": 216793,
                              "Plan Width": 4,
                              "Actual Startup Time": 166.897,
                              "Actual Total Time": 166.899,
                              "Actual Rows": 126521,
                              "Actual Loops": 7,
                              "Hash Buckets": 1048576,
                              "Original Hash Buckets": 1048576,
                              "Hash Batches": 1,
                              "Original Hash Batches": 1,
                              "Peak Memory Usage": 42944,
                              "Plans": [
                                {
                                  "Node Type": "Seq Scan",
                                  "Parent Relationship": "Outer",
                                  "Parallel Aware": true,
                                  "Relation Name": "title",
                                  "Alias": "t",
                                  "Startup Cost": 0.0,
                                  "Total Cost": 43899.32,
                                  "Plan Rows": 216793,
                                  "Plan Width": 4,
                                  "Actual Startup Time": 0.047,
                                  "Actual Total Time": 96.498,
                                  "Actual Rows": 126521,
                                  "Actual Loops": 7,
                                  "Filter": "(production_year < 1997)",
                                  "Rows Removed by Filter": 234666
                                }
                              ]
                            }
                          ]
                        }
                      ]
                    }
                  ]
                }
              ]
            }
          ]
        }
      ]
    },
    "Planning Time": 0.715,
    "Triggers": [],
    "Execution Time": 2763.514
  }
]