{
    "Plan": {
        "Node Type": "Aggregate",
        "Strategy": "Plain",
        "Partial Mode": "Simple",
        "Parallel Aware": false,
        "Startup Cost": 20001824735.72,
        "Total Cost": 20001824735.73,
        "Plan Rows": 1,
        "Plan Width": 96,
        "Actual Startup Time": 27966.038,
        "Actual Total Time": 27966.045,
        "Actual Rows": 1,
        "Actual Loops": 1,
        "Output": [
            "min(k.keyword)",
            "min(n.name)",
            "min(t.title)"
        ],
        "Plans": [
            {
                "Node Type": "Nested Loop",
                "Parent Relationship": "Outer",
                "Parallel Aware": false,
                "Join Type": "Inner",
                "Startup Cost": 20001758076.81,
                "Total Cost": 20001824701.74,
                "Plan Rows": 4530,
                "Plan Width": 48,
                "Actual Startup Time": 17965.891,
                "Actual Total Time": 27756.885,
                "Actual Rows": 565084,
                "Actual Loops": 1,
                "Output": [
                    "k.keyword",
                    "n.name",
                    "t.title"
                ],
                "Inner Unique": true,
                "Plans": [
                    {
                        "Node Type": "Merge Join",
                        "Parent Relationship": "Outer",
                        "Parallel Aware": false,
                        "Join Type": "Inner",
                        "Startup Cost": 10001758076.37,
                        "Total Cost": 10001778475.4,
                        "Plan Rows": 10363,
                        "Plan Width": 39,
                        "Actual Startup Time": 17965.8,
                        "Actual Total Time": 19945.821,
                        "Actual Rows": 1460526,
                        "Actual Loops": 1,
                        "Output": [
                            "ci.movie_id",
                            "mk.movie_id",
                            "k.keyword",
                            "n.name"
                        ],
                        "Inner Unique": false,
                        "Merge Cond": "(n.id = ci.person_id)",
                        "Plans": [
                            {
                                "Node Type": "Sort",
                                "Parent Relationship": "Outer",
                                "Parallel Aware": false,
                                "Startup Cost": 555526.5,
                                "Total Cost": 565945.37,
                                "Plan Rows": 4167549,
                                "Plan Width": 19,
                                "Actual Startup Time": 1498.553,
                                "Actual Total Time": 2067.986,
                                "Actual Rows": 4061911,
                                "Actual Loops": 1,
                                "Output": [
                                    "n.name",
                                    "n.id"
                                ],
                                "Sort Key": [
                                    "n.id"
                                ],
                                "Sort Method": "quicksort",
                                "Sort Space Used": 405945,
                                "Sort Space Type": "Memory",
                                "Plans": [
                                    {
                                        "Node Type": "Seq Scan",
                                        "Parent Relationship": "Outer",
                                        "Parallel Aware": false,
                                        "Relation Name": "name",
                                        "Schema": "public",
                                        "Alias": "n",
                                        "Startup Cost": 0.0,
                                        "Total Cost": 97288.49,
                                        "Plan Rows": 4167549,
                                        "Plan Width": 19,
                                        "Actual Startup Time": 0.03,
                                        "Actual Total Time": 469.574,
                                        "Actual Rows": 4167491,
                                        "Actual Loops": 1,
                                        "Output": [
                                            "n.name",
                                            "n.id"
                                        ]
                                    }
                                ]
                            },
                            {
                                "Node Type": "Sort",
                                "Parent Relationship": "Inner",
                                "Parallel Aware": false,
                                "Startup Cost": 10001202547.78,
                                "Total Cost": 10001202573.69,
                                "Plan Rows": 10363,
                                "Plan Width": 28,
                                "Actual Startup Time": 16467.227,
                                "Actual Total Time": 17080.178,
                                "Actual Rows": 1460526,
                                "Actual Loops": 1,
                                "Output": [
                                    "ci.movie_id",
                                    "ci.person_id",
                                    "mk.movie_id",
                                    "k.keyword"
                                ],
                                "Sort Key": [
                                    "ci.person_id"
                                ],
                                "Sort Method": "quicksort",
                                "Sort Space Used": 163256,
                                "Sort Space Type": "Memory",
                                "Plans": [
                                    {
                                        "Node Type": "Hash Join",
                                        "Parent Relationship": "Outer",
                                        "Parallel Aware": false,
                                        "Join Type": "Inner",
                                        "Startup Cost": 10001194617.31,
                                        "Total Cost": 10001201856.61,
                                        "Plan Rows": 10363,
                                        "Plan Width": 28,
                                        "Actual Startup Time": 15536.452,
                                        "Actual Total Time": 16114.505,
                                        "Actual Rows": 1460526,
                                        "Actual Loops": 1,
                                        "Output": [
                                            "ci.movie_id",
                                            "ci.person_id",
                                            "mk.movie_id",
                                            "k.keyword"
                                        ],
                                        "Inner Unique": false,
                                        "Hash Cond": "(mk.movie_id = ci.movie_id)",
                                        "Plans": [
                                            {
                                                "Node Type": "Hash Join",
                                                "Parent Relationship": "Outer",
                                                "Parallel Aware": false,
                                                "Join Type": "Inner",
                                                "Startup Cost": 10000126242.84,
                                                "Total Cost": 10000133364.92,
                                                "Plan Rows": 270,
                                                "Plan Width": 20,
                                                "Actual Startup Time": 1067.382,
                                                "Actual Total Time": 1128.029,
                                                "Actual Rows": 25762,
                                                "Actual Loops": 1,
                                                "Output": [
                                                    "k.keyword",
                                                    "mk.movie_id"
                                                ],
                                                "Inner Unique": false,
                                                "Hash Cond": "(k.id = mk.keyword_id)",
                                                "Plans": [
                                                    {
                                                        "Node Type": "Index Scan",
                                                        "Parent Relationship": "Outer",
                                                        "Parallel Aware": false,
                                                        "Scan Direction": "Forward",
                                                        "Index Name": "keyword_pkey",
                                                        "Relation Name": "keyword",
                                                        "Schema": "public",
                                                        "Alias": "k",
                                                        "Startup Cost": 10000000000.42,
                                                        "Total Cost": 10000006349.2,
                                                        "Plan Rows": 8,
                                                        "Plan Width": 20,
                                                        "Actual Startup Time": 0.508,
                                                        "Actual Total Time": 49.704,
                                                        "Actual Rows": 7,
                                                        "Actual Loops": 1,
                                                        "Output": [
                                                            "k.id",
                                                            "k.keyword",
                                                            "k.phonetic_code"
                                                        ],
                                                        "Filter": "(k.keyword = ANY ('{violence,gore,second-part,blood,hero,claw,claw,magnet}'::text[]))",
                                                        "Rows Removed by Filter": 134163
                                                    },
                                                    {
                                                        "Node Type": "Hash",
                                                        "Parent Relationship": "Inner",
                                                        "Parallel Aware": false,
                                                        "Startup Cost": 69693.3,
                                                        "Total Cost": 69693.3,
                                                        "Plan Rows": 4523930,
                                                        "Plan Width": 8,
                                                        "Actual Startup Time": 1056.611,
                                                        "Actual Total Time": 1056.612,
                                                        "Actual Rows": 4523930,
                                                        "Actual Loops": 1,
                                                        "Output": [
                                                            "mk.keyword_id",
                                                            "mk.movie_id"
                                                        ],
                                                        "Hash Buckets": 8388608,
                                                        "Original Hash Buckets": 8388608,
                                                        "Hash Batches": 1,
                                                        "Original Hash Batches": 1,
                                                        "Peak Memory Usage": 242253,
                                                        "Plans": [
                                                            {
                                                                "Node Type": "Seq Scan",
                                                                "Parent Relationship": "Outer",
                                                                "Parallel Aware": false,
                                                                "Relation Name": "movie_keyword",
                                                                "Schema": "public",
                                                                "Alias": "mk",
                                                                "Startup Cost": 0.0,
                                                                "Total Cost": 69693.3,
                                                                "Plan Rows": 4523930,
                                                                "Plan Width": 8,
                                                                "Actual Startup Time": 0.037,
                                                                "Actual Total Time": 441.624,
                                                                "Actual Rows": 4523930,
                                                                "Actual Loops": 1,
                                                                "Output": [
                                                                    "mk.keyword_id",
                                                                    "mk.movie_id"
                                                                ]
                                                            }
                                                        ]
                                                    }
                                                ]
                                            },
                                            {
                                                "Node Type": "Hash",
                                                "Parent Relationship": "Inner",
                                                "Parallel Aware": false,
                                                "Startup Cost": 615214.76,
                                                "Total Cost": 615214.76,
                                                "Plan Rows": 36252776,
                                                "Plan Width": 8,
                                                "Actual Startup Time": 14400.072,
                                                "Actual Total Time": 14400.072,
                                                "Actual Rows": 36244344,
                                                "Actual Loops": 1,
                                                "Output": [
                                                    "ci.movie_id",
                                                    "ci.person_id"
                                                ],
                                                "Hash Buckets": 67108864,
                                                "Original Hash Buckets": 67108864,
                                                "Hash Batches": 1,
                                                "Original Hash Batches": 1,
                                                "Peak Memory Usage": 1940083,
                                                "Plans": [
                                                    {
                                                        "Node Type": "Seq Scan",
                                                        "Parent Relationship": "Outer",
                                                        "Parallel Aware": false,
                                                        "Relation Name": "cast_info",
                                                        "Schema": "public",
                                                        "Alias": "ci",
                                                        "Startup Cost": 0.0,
                                                        "Total Cost": 615214.76,
                                                        "Plan Rows": 36252776,
                                                        "Plan Width": 8,
                                                        "Actual Startup Time": 0.027,
                                                        "Actual Total Time": 3608.404,
                                                        "Actual Rows": 36244344,
                                                        "Actual Loops": 1,
                                                        "Output": [
                                                            "ci.movie_id",
                                                            "ci.person_id"
                                                        ]
                                                    }
                                                ]
                                            }
                                        ]
                                    }
                                ]
                            }
                        ]
                    },
                    {
                        "Node Type": "Bitmap Heap Scan",
                        "Parent Relationship": "Inner",
                        "Parallel Aware": false,
                        "Relation Name": "title",
                        "Schema": "public",
                        "Alias": "t",
                        "Startup Cost": 0.45,
                        "Total Cost": 4.46,
                        "Plan Rows": 1,
                        "Plan Width": 21,
                        "Actual Startup Time": 0.004,
                        "Actual Total Time": 0.004,
                        "Actual Rows": 0,
                        "Actual Loops": 1460526,
                        "Output": [
                            "t.id",
                            "t.title",
                            "t.imdb_index",
                            "t.kind_id",
                            "t.production_year",
                            "t.imdb_id",
                            "t.phonetic_code",
                            "t.episode_of_id",
                            "t.season_nr",
                            "t.episode_nr",
                            "t.series_years",
                            "t.md5sum"
                        ],
                        "Recheck Cond": "(t.id = mk.movie_id)",
                        "Rows Removed by Index Recheck": 0,
                        "Filter": "(t.production_year > 2004)",
                        "Rows Removed by Filter": 1,
                        "Exact Heap Blocks": 1460526,
                        "Lossy Heap Blocks": 0,
                        "Plans": [
                            {
                                "Node Type": "Bitmap Index Scan",
                                "Parent Relationship": "Outer",
                                "Parallel Aware": false,
                                "Index Name": "title_pkey",
                                "Startup Cost": 0.0,
                                "Total Cost": 0.45,
                                "Plan Rows": 1,
                                "Plan Width": 0,
                                "Actual Startup Time": 0.002,
                                "Actual Total Time": 0.002,
                                "Actual Rows": 1,
                                "Actual Loops": 1460526,
                                "Index Cond": "(t.id = mk.movie_id)"
                            }
                        ]
                    }
                ]
            }
        ]
    },
    "Planning Time": 1.854,
    "Triggers": [],
    "Execution Time": 27982.087
}