{
    "Plan": {
        "Node Type": "Aggregate",
        "Strategy": "Plain",
        "Partial Mode": "Simple",
        "Parallel Aware": false,
        "Startup Cost": 60000408345.4,
        "Total Cost": 60000408345.41,
        "Plan Rows": 1,
        "Plan Width": 96,
        "Actual Startup Time": 1930.453,
        "Actual Total Time": 1933.264,
        "Actual Rows": 1,
        "Actual Loops": 1,
        "Output": [
            "min(cn.name)",
            "min(mi_idx.info)",
            "min(t.title)"
        ],
        "Plans": [
            {
                "Node Type": "Nested Loop",
                "Parent Relationship": "Outer",
                "Parallel Aware": false,
                "Join Type": "Inner",
                "Startup Cost": 60000408339.76,
                "Total Cost": 60000408345.39,
                "Plan Rows": 1,
                "Plan Width": 41,
                "Actual Startup Time": 1850.905,
                "Actual Total Time": 1928.264,
                "Actual Rows": 19829,
                "Actual Loops": 1,
                "Output": [
                    "cn.name",
                    "mi_idx.info",
                    "t.title"
                ],
                "Inner Unique": true,
                "Plans": [
                    {
                        "Node Type": "Merge Join",
                        "Parent Relationship": "Outer",
                        "Parallel Aware": false,
                        "Join Type": "Inner",
                        "Startup Cost": 50000408339.62,
                        "Total Cost": 50000408339.64,
                        "Plan Rows": 1,
                        "Plan Width": 45,
                        "Actual Startup Time": 1850.888,
                        "Actual Total Time": 1860.054,
                        "Actual Rows": 19829,
                        "Actual Loops": 1,
                        "Output": [
                            "cn.name",
                            "mc.company_type_id",
                            "mi_idx.info",
                            "t.title"
                        ],
                        "Inner Unique": false,
                        "Merge Cond": "(it2.id = mi_idx.info_type_id)",
                        "Plans": [
                            {
                                "Node Type": "Sort",
                                "Parent Relationship": "Outer",
                                "Parallel Aware": false,
                                "Startup Cost": 2.42,
                                "Total Cost": 2.43,
                                "Plan Rows": 1,
                                "Plan Width": 4,
                                "Actual Startup Time": 0.038,
                                "Actual Total Time": 0.039,
                                "Actual Rows": 1,
                                "Actual Loops": 1,
                                "Output": [
                                    "it2.id"
                                ],
                                "Sort Key": [
                                    "it2.id"
                                ],
                                "Sort Method": "quicksort",
                                "Sort Space Used": 25,
                                "Sort Space Type": "Memory",
                                "Plans": [
                                    {
                                        "Node Type": "Seq Scan",
                                        "Parent Relationship": "Outer",
                                        "Parallel Aware": false,
                                        "Relation Name": "info_type",
                                        "Schema": "public",
                                        "Alias": "it2",
                                        "Startup Cost": 0.0,
                                        "Total Cost": 2.41,
                                        "Plan Rows": 1,
                                        "Plan Width": 4,
                                        "Actual Startup Time": 0.029,
                                        "Actual Total Time": 0.031,
                                        "Actual Rows": 1,
                                        "Actual Loops": 1,
                                        "Output": [
                                            "it2.id"
                                        ],
                                        "Filter": "((it2.info)::text = 'rating'::text)",
                                        "Rows Removed by Filter": 112
                                    }
                                ]
                            },
                            {
                                "Node Type": "Sort",
                                "Parent Relationship": "Inner",
                                "Parallel Aware": false,
                                "Startup Cost": 50000408337.19,
                                "Total Cost": 50000408337.2,
                                "Plan Rows": 1,
                                "Plan Width": 49,
                                "Actual Startup Time": 1845.118,
                                "Actual Total Time": 1853.081,
                                "Actual Rows": 78355,
                                "Actual Loops": 1,
                                "Output": [
                                    "cn.name",
                                    "mc.company_type_id",
                                    "mi_idx.info",
                                    "mi_idx.info_type_id",
                                    "t.title"
                                ],
                                "Sort Key": [
                                    "mi_idx.info_type_id"
                                ],
                                "Sort Method": "quicksort",
                                "Sort Space Used": 12503,
                                "Sort Space Type": "Memory",
                                "Plans": [
                                    {
                                        "Node Type": "Hash Join",
                                        "Parent Relationship": "Outer",
                                        "Parallel Aware": false,
                                        "Join Type": "Inner",
                                        "Startup Cost": 50000408287.09,
                                        "Total Cost": 50000408337.18,
                                        "Plan Rows": 1,
                                        "Plan Width": 49,
                                        "Actual Startup Time": 1805.349,
                                        "Actual Total Time": 1832.901,
                                        "Actual Rows": 79828,
                                        "Actual Loops": 1,
                                        "Output": [
                                            "cn.name",
                                            "mc.company_type_id",
                                            "mi_idx.info",
                                            "mi_idx.info_type_id",
                                            "t.title"
                                        ],
                                        "Inner Unique": false,
                                        "Hash Cond": "(mi.info_type_id = it1.id)",
                                        "Plans": [
                                            {
                                                "Node Type": "Hash Join",
                                                "Parent Relationship": "Outer",
                                                "Parallel Aware": false,
                                                "Join Type": "Inner",
                                                "Startup Cost": 40000408284.67,
                                                "Total Cost": 40000408334.7,
                                                "Plan Rows": 13,
                                                "Plan Width": 53,
                                                "Actual Startup Time": 1805.321,
                                                "Actual Total Time": 1822.636,
                                                "Actual Rows": 89476,
                                                "Actual Loops": 1,
                                                "Output": [
                                                    "cn.name",
                                                    "mc.company_type_id",
                                                    "mi.info_type_id",
                                                    "mi_idx.info",
                                                    "mi_idx.info_type_id",
                                                    "t.title"
                                                ],
                                                "Inner Unique": false,
                                                "Hash Cond": "(t.id = mi.movie_id)",
                                                "Plans": [
                                                    {
                                                        "Node Type": "Hash Join",
                                                        "Parent Relationship": "Outer",
                                                        "Parallel Aware": false,
                                                        "Join Type": "Inner",
                                                        "Startup Cost": 30000090419.88,
                                                        "Total Cost": 30000090421.78,
                                                        "Plan Rows": 43,
                                                        "Plan Width": 38,
                                                        "Actual Startup Time": 892.297,
                                                        "Actual Total Time": 894.305,
                                                        "Actual Rows": 19826,
                                                        "Actual Loops": 1,
                                                        "Output": [
                                                            "mk.movie_id",
                                                            "mi_idx.info",
                                                            "mi_idx.movie_id",
                                                            "mi_idx.info_type_id",
                                                            "t.title",
                                                            "t.id"
                                                        ],
                                                        "Inner Unique": false,
                                                        "Hash Cond": "(kt.id = t.kind_id)",
                                                        "Plans": [
                                                            {
                                                                "Node Type": "Seq Scan",
                                                                "Parent Relationship": "Outer",
                                                                "Parallel Aware": false,
                                                                "Relation Name": "kind_type",
                                                                "Schema": "public",
                                                                "Alias": "kt",
                                                                "Startup Cost": 10000000000.0,
                                                                "Total Cost": 10000000001.09,
                                                                "Plan Rows": 2,
                                                                "Plan Width": 4,
                                                                "Actual Startup Time": 0.03,
                                                                "Actual Total Time": 0.035,
                                                                "Actual Rows": 2,
                                                                "Actual Loops": 1,
                                                                "Output": [
                                                                    "kt.id",
                                                                    "kt.kind"
                                                                ],
                                                                "Filter": "((kt.kind)::text = ANY ('{movie,episode}'::text[]))",
                                                                "Rows Removed by Filter": 5
                                                            },
                                                            {
                                                                "Node Type": "Hash",
                                                                "Parent Relationship": "Inner",
                                                                "Parallel Aware": false,
                                                                "Startup Cost": 20000090417.98,
                                                                "Total Cost": 20000090417.98,
                                                                "Plan Rows": 152,
                                                                "Plan Width": 42,
                                                                "Actual Startup Time": 892.253,
                                                                "Actual Total Time": 892.258,
                                                                "Actual Rows": 24876,
                                                                "Actual Loops": 1,
                                                                "Output": [
                                                                    "mk.movie_id",
                                                                    "mi_idx.info",
                                                                    "mi_idx.movie_id",
                                                                    "mi_idx.info_type_id",
                                                                    "t.title",
                                                                    "t.kind_id",
                                                                    "t.id"
                                                                ],
                                                                "Hash Buckets": 32768,
                                                                "Original Hash Buckets": 1024,
                                                                "Hash Batches": 1,
                                                                "Original Hash Batches": 1,
                                                                "Peak Memory Usage": 2137,
                                                                "Plans": [
                                                                    {
                                                                        "Node Type": "Hash Join",
                                                                        "Parent Relationship": "Outer",
                                                                        "Parallel Aware": false,
                                                                        "Join Type": "Inner",
                                                                        "Startup Cost": 20000082481.4,
                                                                        "Total Cost": 20000090417.98,
                                                                        "Plan Rows": 152,
                                                                        "Plan Width": 42,
                                                                        "Actual Startup Time": 577.362,
                                                                        "Actual Total Time": 885.59,
                                                                        "Actual Rows": 24876,
                                                                        "Actual Loops": 1,
                                                                        "Output": [
                                                                            "mk.movie_id",
                                                                            "mi_idx.info",
                                                                            "mi_idx.movie_id",
                                                                            "mi_idx.info_type_id",
                                                                            "t.title",
                                                                            "t.kind_id",
                                                                            "t.id"
                                                                        ],
                                                                        "Inner Unique": false,
                                                                        "Hash Cond": "(mk.movie_id = t.id)",
                                                                        "Plans": [
                                                                            {
                                                                                "Node Type": "Nested Loop",
                                                                                "Parent Relationship": "Outer",
                                                                                "Parallel Aware": false,
                                                                                "Join Type": "Inner",
                                                                                "Startup Cost": 20000000011.21,
                                                                                "Total Cost": 20000007945.05,
                                                                                "Plan Rows": 324,
                                                                                "Plan Width": 17,
                                                                                "Actual Startup Time": 2.539,
                                                                                "Actual Total Time": 288.021,
                                                                                "Actual Rows": 85021,
                                                                                "Actual Loops": 1,
                                                                                "Output": [
                                                                                    "mk.movie_id",
                                                                                    "mi_idx.info",
                                                                                    "mi_idx.movie_id",
                                                                                    "mi_idx.info_type_id"
                                                                                ],
                                                                                "Inner Unique": false,
                                                                                "Plans": [
                                                                                    {
                                                                                        "Node Type": "Nested Loop",
                                                                                        "Parent Relationship": "Outer",
                                                                                        "Parallel Aware": false,
                                                                                        "Join Type": "Inner",
                                                                                        "Startup Cost": 10000000010.76,
                                                                                        "Total Cost": 10000007334.72,
                                                                                        "Plan Rows": 135,
                                                                                        "Plan Width": 4,
                                                                                        "Actual Startup Time": 2.513,
                                                                                        "Actual Total Time": 66.313,
                                                                                        "Actual Rows": 37091,
                                                                                        "Actual Loops": 1,
                                                                                        "Output": [
                                                                                            "mk.movie_id"
                                                                                        ],
                                                                                        "Inner Unique": false,
                                                                                        "Plans": [
                                                                                            {
                                                                                                "Node Type": "Seq Scan",
                                                                                                "Parent Relationship": "Outer",
                                                                                                "Parallel Aware": false,
                                                                                                "Relation Name": "keyword",
                                                                                                "Schema": "public",
                                                                                                "Alias": "k",
                                                                                                "Startup Cost": 0.0,
                                                                                                "Total Cost": 2961.55,
                                                                                                "Plan Rows": 4,
                                                                                                "Plan Width": 4,
                                                                                                "Actual Startup Time": 0.722,
                                                                                                "Actual Total Time": 14.075,
                                                                                                "Actual Rows": 3,
                                                                                                "Actual Loops": 1,
                                                                                                "Output": [
                                                                                                    "k.id",
                                                                                                    "k.keyword",
                                                                                                    "k.phonetic_code"
                                                                                                ],
                                                                                                "Filter": "(k.keyword = ANY ('{murder,murder-in-title,blood,violence}'::text[]))",
                                                                                                "Rows Removed by Filter": 134167
                                                                                            },
                                                                                            {
                                                                                                "Node Type": "Bitmap Heap Scan",
                                                                                                "Parent Relationship": "Inner",
                                                                                                "Parallel Aware": false,
                                                                                                "Relation Name": "movie_keyword",
                                                                                                "Schema": "public",
                                                                                                "Alias": "mk",
                                                                                                "Startup Cost": 10.76,
                                                                                                "Total Cost": 1090.29,
                                                                                                "Plan Rows": 300,
                                                                                                "Plan Width": 8,
                                                                                                "Actual Startup Time": 1.963,
                                                                                                "Actual Total Time": 15.726,
                                                                                                "Actual Rows": 12364,
                                                                                                "Actual Loops": 3,
                                                                                                "Output": [
                                                                                                    "mk.id",
                                                                                                    "mk.movie_id",
                                                                                                    "mk.keyword_id"
                                                                                                ],
                                                                                                "Recheck Cond": "(mk.keyword_id = k.id)",
                                                                                                "Rows Removed by Index Recheck": 0,
                                                                                                "Exact Heap Blocks": 26312,
                                                                                                "Lossy Heap Blocks": 0,
                                                                                                "Plans": [
                                                                                                    {
                                                                                                        "Node Type": "Bitmap Index Scan",
                                                                                                        "Parent Relationship": "Outer",
                                                                                                        "Parallel Aware": false,
                                                                                                        "Index Name": "keyword_id_movie_keyword",
                                                                                                        "Startup Cost": 0.0,
                                                                                                        "Total Cost": 10.68,
                                                                                                        "Plan Rows": 300,
                                                                                                        "Plan Width": 0,
                                                                                                        "Actual Startup Time": 0.993,
                                                                                                        "Actual Total Time": 0.993,
                                                                                                        "Actual Rows": 12364,
                                                                                                        "Actual Loops": 3,
                                                                                                        "Index Cond": "(mk.keyword_id = k.id)"
                                                                                                    }
                                                                                                ]
                                                                                            }
                                                                                        ]
                                                                                    },
                                                                                    {
                                                                                        "Node Type": "Bitmap Heap Scan",
                                                                                        "Parent Relationship": "Inner",
                                                                                        "Parallel Aware": false,
                                                                                        "Relation Name": "movie_info_idx",
                                                                                        "Schema": "public",
                                                                                        "Alias": "mi_idx",
                                                                                        "Startup Cost": 0.46,
                                                                                        "Total Cost": 4.5,
                                                                                        "Plan Rows": 2,
                                                                                        "Plan Width": 13,
                                                                                        "Actual Startup Time": 0.004,
                                                                                        "Actual Total Time": 0.004,
                                                                                        "Actual Rows": 2,
                                                                                        "Actual Loops": 37091,
                                                                                        "Output": [
                                                                                            "mi_idx.id",
                                                                                            "mi_idx.movie_id",
                                                                                            "mi_idx.info_type_id",
                                                                                            "mi_idx.info",
                                                                                            "mi_idx.note"
                                                                                        ],
                                                                                        "Recheck Cond": "(mi_idx.movie_id = mk.movie_id)",
                                                                                        "Rows Removed by Index Recheck": 0,
                                                                                        "Filter": "(mi_idx.info < '7.0'::text)",
                                                                                        "Rows Removed by Filter": 0,
                                                                                        "Exact Heap Blocks": 32895,
                                                                                        "Lossy Heap Blocks": 0,
                                                                                        "Plans": [
                                                                                            {
                                                                                                "Node Type": "Bitmap Index Scan",
                                                                                                "Parent Relationship": "Outer",
                                                                                                "Parallel Aware": false,
                                                                                                "Index Name": "movie_id_movie_info_idx",
                                                                                                "Startup Cost": 0.0,
                                                                                                "Total Cost": 0.46,
                                                                                                "Plan Rows": 3,
                                                                                                "Plan Width": 0,
                                                                                                "Actual Startup Time": 0.002,
                                                                                                "Actual Total Time": 0.002,
                                                                                                "Actual Rows": 3,
                                                                                                "Actual Loops": 37091,
                                                                                                "Index Cond": "(mi_idx.movie_id = mk.movie_id)"
                                                                                            }
                                                                                        ]
                                                                                    }
                                                                                ]
                                                                            },
                                                                            {
                                                                                "Node Type": "Hash",
                                                                                "Parent Relationship": "Inner",
                                                                                "Parallel Aware": false,
                                                                                "Startup Cost": 67602.02,
                                                                                "Total Cost": 67602.02,
                                                                                "Plan Rows": 1189453,
                                                                                "Plan Width": 25,
                                                                                "Actual Startup Time": 572.598,
                                                                                "Actual Total Time": 572.599,
                                                                                "Actual Rows": 1192518,
                                                                                "Actual Loops": 1,
                                                                                "Output": [
                                                                                    "t.title",
                                                                                    "t.kind_id",
                                                                                    "t.id"
                                                                                ],
                                                                                "Hash Buckets": 2097152,
                                                                                "Original Hash Buckets": 2097152,
                                                                                "Hash Batches": 1,
                                                                                "Original Hash Batches": 1,
                                                                                "Peak Memory Usage": 84970,
                                                                                "Plans": [
                                                                                    {
                                                                                        "Node Type": "Seq Scan",
                                                                                        "Parent Relationship": "Outer",
                                                                                        "Parallel Aware": false,
                                                                                        "Relation Name": "title",
                                                                                        "Schema": "public",
                                                                                        "Alias": "t",
                                                                                        "Startup Cost": 0.0,
                                                                                        "Total Cost": 67602.02,
                                                                                        "Plan Rows": 1189453,
                                                                                        "Plan Width": 25,
                                                                                        "Actual Startup Time": 0.013,
                                                                                        "Actual Total Time": 282.027,
                                                                                        "Actual Rows": 1192518,
                                                                                        "Actual Loops": 1,
                                                                                        "Output": [
                                                                                            "t.title",
                                                                                            "t.kind_id",
                                                                                            "t.id"
                                                                                        ],
                                                                                        "Filter": "(t.production_year > 2003)",
                                                                                        "Rows Removed by Filter": 1335794
                                                                                    }
                                                                                ]
                                                                            }
                                                                        ]
                                                                    }
                                                                ]
                                                            }
                                                        ]
                                                    },
                                                    {
                                                        "Node Type": "Hash",
                                                        "Parent Relationship": "Inner",
                                                        "Parallel Aware": false,
                                                        "Startup Cost": 10000316506.48,
                                                        "Total Cost": 10000316506.48,
                                                        "Plan Rows": 108665,
                                                        "Plan Width": 35,
                                                        "Actual Startup Time": 912.873,
                                                        "Actual Total Time": 915.673,
                                                        "Actual Rows": 173145,
                                                        "Actual Loops": 1,
                                                        "Output": [
                                                            "cn.name",
                                                            "mc.movie_id",
                                                            "mc.company_type_id",
                                                            "mi.movie_id",
                                                            "mi.info_type_id"
                                                        ],
                                                        "Hash Buckets": 262144,
                                                        "Original Hash Buckets": 131072,
                                                        "Hash Batches": 1,
                                                        "Original Hash Batches": 1,
                                                        "Peak Memory Usage": 13747,
                                                        "Plans": [
                                                            {
                                                                "Node Type": "Gather",
                                                                "Parent Relationship": "Outer",
                                                                "Parallel Aware": false,
                                                                "Startup Cost": 10000098817.74,
                                                                "Total Cost": 10000316506.48,
                                                                "Plan Rows": 108665,
                                                                "Plan Width": 35,
                                                                "Actual Startup Time": 334.365,
                                                                "Actual Total Time": 889.324,
                                                                "Actual Rows": 173145,
                                                                "Actual Loops": 1,
                                                                "Output": [
                                                                    "cn.name",
                                                                    "mc.movie_id",
                                                                    "mc.company_type_id",
                                                                    "mi.movie_id",
                                                                    "mi.info_type_id"
                                                                ],
                                                                "Workers Planned": 5,
                                                                "Workers Launched": 5,
                                                                "Single Copy": false,
                                                                "Plans": [
                                                                    {
                                                                        "Node Type": "Hash Join",
                                                                        "Parent Relationship": "Outer",
                                                                        "Parallel Aware": true,
                                                                        "Join Type": "Inner",
                                                                        "Startup Cost": 10000097817.74,
                                                                        "Total Cost": 10000304639.98,
                                                                        "Plan Rows": 21733,
                                                                        "Plan Width": 35,
                                                                        "Actual Startup Time": 323.856,
                                                                        "Actual Total Time": 879.593,
                                                                        "Actual Rows": 28858,
                                                                        "Actual Loops": 6,
                                                                        "Output": [
                                                                            "cn.name",
                                                                            "mc.movie_id",
                                                                            "mc.company_type_id",
                                                                            "mi.movie_id",
                                                                            "mi.info_type_id"
                                                                        ],
                                                                        "Inner Unique": false,
                                                                        "Hash Cond": "(mi.movie_id = mc.movie_id)",
                                                                        "Workers": [
                                                                            {
                                                                                "Worker Number": 0,
                                                                                "Actual Startup Time": 320.289,
                                                                                "Actual Total Time": 881.929,
                                                                                "Actual Rows": 28541,
                                                                                "Actual Loops": 1
                                                                            },
                                                                            {
                                                                                "Worker Number": 1,
                                                                                "Actual Startup Time": 321.855,
                                                                                "Actual Total Time": 883.712,
                                                                                "Actual Rows": 27888,
                                                                                "Actual Loops": 1
                                                                            },
                                                                            {
                                                                                "Worker Number": 2,
                                                                                "Actual Startup Time": 322.132,
                                                                                "Actual Total Time": 884.358,
                                                                                "Actual Rows": 28371,
                                                                                "Actual Loops": 1
                                                                            },
                                                                            {
                                                                                "Worker Number": 3,
                                                                                "Actual Startup Time": 322.368,
                                                                                "Actual Total Time": 883.515,
                                                                                "Actual Rows": 29657,
                                                                                "Actual Loops": 1
                                                                            },
                                                                            {
                                                                                "Worker Number": 4,
                                                                                "Actual Startup Time": 322.698,
                                                                                "Actual Total Time": 884.14,
                                                                                "Actual Rows": 28810,
                                                                                "Actual Loops": 1
                                                                            }
                                                                        ],
                                                                        "Plans": [
                                                                            {
                                                                                "Node Type": "Seq Scan",
                                                                                "Parent Relationship": "Outer",
                                                                                "Parallel Aware": true,
                                                                                "Relation Name": "movie_info",
                                                                                "Schema": "public",
                                                                                "Alias": "mi",
                                                                                "Startup Cost": 10000000000.0,
                                                                                "Total Cost": 10000206258.28,
                                                                                "Plan Rows": 131691,
                                                                                "Plan Width": 8,
                                                                                "Actual Startup Time": 0.227,
                                                                                "Actual Total Time": 522.184,
                                                                                "Actual Rows": 111556,
                                                                                "Actual Loops": 6,
                                                                                "Output": [
                                                                                    "mi.id",
                                                                                    "mi.movie_id",
                                                                                    "mi.info_type_id",
                                                                                    "mi.info",
                                                                                    "mi.note"
                                                                                ],
                                                                                "Filter": "(mi.info = ANY ('{Germany,German,USA,American}'::text[]))",
                                                                                "Rows Removed by Filter": 2361064,
                                                                                "Workers": [
                                                                                    {
                                                                                        "Worker Number": 0,
                                                                                        "Actual Startup Time": 0.218,
                                                                                        "Actual Total Time": 526.938,
                                                                                        "Actual Rows": 108380,
                                                                                        "Actual Loops": 1
                                                                                    },
                                                                                    {
                                                                                        "Worker Number": 1,
                                                                                        "Actual Startup Time": 0.215,
                                                                                        "Actual Total Time": 527.224,
                                                                                        "Actual Rows": 108357,
                                                                                        "Actual Loops": 1
                                                                                    },
                                                                                    {
                                                                                        "Worker Number": 2,
                                                                                        "Actual Startup Time": 0.219,
                                                                                        "Actual Total Time": 527.55,
                                                                                        "Actual Rows": 110285,
                                                                                        "Actual Loops": 1
                                                                                    },
                                                                                    {
                                                                                        "Worker Number": 3,
                                                                                        "Actual Startup Time": 0.264,
                                                                                        "Actual Total Time": 525.876,
                                                                                        "Actual Rows": 109687,
                                                                                        "Actual Loops": 1
                                                                                    },
                                                                                    {
                                                                                        "Worker Number": 4,
                                                                                        "Actual Startup Time": 0.215,
                                                                                        "Actual Total Time": 526.247,
                                                                                        "Actual Rows": 110582,
                                                                                        "Actual Loops": 1
                                                                                    }
                                                                                ]
                                                                            },
                                                                            {
                                                                                "Node Type": "Hash",
                                                                                "Parent Relationship": "Inner",
                                                                                "Parallel Aware": true,
                                                                                "Startup Cost": 97495.64,
                                                                                "Total Cost": 97495.64,
                                                                                "Plan Rows": 25768,
                                                                                "Plan Width": 27,
                                                                                "Actual Startup Time": 322.848,
                                                                                "Actual Total Time": 322.85,
                                                                                "Actual Rows": 41398,
                                                                                "Actual Loops": 6,
                                                                                "Output": [
                                                                                    "cn.name",
                                                                                    "mc.movie_id",
                                                                                    "mc.company_type_id"
                                                                                ],
                                                                                "Hash Buckets": 262144,
                                                                                "Original Hash Buckets": 131072,
                                                                                "Hash Batches": 1,
                                                                                "Original Hash Batches": 1,
                                                                                "Peak Memory Usage": 18272,
                                                                                "Workers": [
                                                                                    {
                                                                                        "Worker Number": 0,
                                                                                        "Actual Startup Time": 319.535,
                                                                                        "Actual Total Time": 319.537,
                                                                                        "Actual Rows": 34657,
                                                                                        "Actual Loops": 1
                                                                                    },
                                                                                    {
                                                                                        "Worker Number": 1,
                                                                                        "Actual Startup Time": 321.106,
                                                                                        "Actual Total Time": 321.107,
                                                                                        "Actual Rows": 36082,
                                                                                        "Actual Loops": 1
                                                                                    },
                                                                                    {
                                                                                        "Worker Number": 2,
                                                                                        "Actual Startup Time": 321.352,
                                                                                        "Actual Total Time": 321.354,
                                                                                        "Actual Rows": 36692,
                                                                                        "Actual Loops": 1
                                                                                    },
                                                                                    {
                                                                                        "Worker Number": 3,
                                                                                        "Actual Startup Time": 321.58,
                                                                                        "Actual Total Time": 321.583,
                                                                                        "Actual Rows": 36028,
                                                                                        "Actual Loops": 1
                                                                                    },
                                                                                    {
                                                                                        "Worker Number": 4,
                                                                                        "Actual Startup Time": 321.927,
                                                                                        "Actual Total Time": 321.928,
                                                                                        "Actual Rows": 37049,
                                                                                        "Actual Loops": 1
                                                                                    }
                                                                                ],
                                                                                "Plans": [
                                                                                    {
                                                                                        "Node Type": "Nested Loop",
                                                                                        "Parent Relationship": "Outer",
                                                                                        "Parallel Aware": false,
                                                                                        "Join Type": "Inner",
                                                                                        "Startup Cost": 0.85,
                                                                                        "Total Cost": 97495.64,
                                                                                        "Plan Rows": 25768,
                                                                                        "Plan Width": 27,
                                                                                        "Actual Startup Time": 0.458,
                                                                                        "Actual Total Time": 295.266,
                                                                                        "Actual Rows": 41398,
                                                                                        "Actual Loops": 6,
                                                                                        "Output": [
                                                                                            "cn.name",
                                                                                            "mc.movie_id",
                                                                                            "mc.company_type_id"
                                                                                        ],
                                                                                        "Inner Unique": true,
                                                                                        "Workers": [
                                                                                            {
                                                                                                "Worker Number": 0,
                                                                                                "Actual Startup Time": 0.403,
                                                                                                "Actual Total Time": 291.836,
                                                                                                "Actual Rows": 34657,
                                                                                                "Actual Loops": 1
                                                                                            },
                                                                                            {
                                                                                                "Worker Number": 1,
                                                                                                "Actual Startup Time": 0.417,
                                                                                                "Actual Total Time": 290.879,
                                                                                                "Actual Rows": 36082,
                                                                                                "Actual Loops": 1
                                                                                            },
                                                                                            {
                                                                                                "Worker Number": 2,
                                                                                                "Actual Startup Time": 0.401,
                                                                                                "Actual Total Time": 296.232,
                                                                                                "Actual Rows": 36692,
                                                                                                "Actual Loops": 1
                                                                                            },
                                                                                            {
                                                                                                "Worker Number": 3,
                                                                                                "Actual Startup Time": 0.472,
                                                                                                "Actual Total Time": 293.627,
                                                                                                "Actual Rows": 36028,
                                                                                                "Actual Loops": 1
                                                                                            },
                                                                                            {
                                                                                                "Worker Number": 4,
                                                                                                "Actual Startup Time": 0.916,
                                                                                                "Actual Total Time": 296.749,
                                                                                                "Actual Rows": 37049,
                                                                                                "Actual Loops": 1
                                                                                            }
                                                                                        ],
                                                                                        "Plans": [
                                                                                            {
                                                                                                "Node Type": "Index Scan",
                                                                                                "Parent Relationship": "Outer",
                                                                                                "Parallel Aware": true,
                                                                                                "Scan Direction": "Forward",
                                                                                                "Index Name": "company_type_id_movie_companies",
                                                                                                "Relation Name": "movie_companies",
                                                                                                "Schema": "public",
                                                                                                "Alias": "mc",
                                                                                                "Startup Cost": 0.43,
                                                                                                "Total Cost": 71363.89,
                                                                                                "Plan Rows": 48018,
                                                                                                "Plan Width": 12,
                                                                                                "Actual Startup Time": 0.175,
                                                                                                "Actual Total Time": 155.721,
                                                                                                "Actual Rows": 50545,
                                                                                                "Actual Loops": 6,
                                                                                                "Output": [
                                                                                                    "mc.id",
                                                                                                    "mc.movie_id",
                                                                                                    "mc.company_id",
                                                                                                    "mc.company_type_id",
                                                                                                    "mc.note"
                                                                                                ],
                                                                                                "Filter": "((mc.note !~~ '%(USA)%'::text) AND (mc.note ~~ '%(200%)%'::text))",
                                                                                                "Rows Removed by Filter": 384310,
                                                                                                "Workers": [
                                                                                                    {
                                                                                                        "Worker Number": 0,
                                                                                                        "Actual Startup Time": 0.176,
                                                                                                        "Actual Total Time": 155.838,
                                                                                                        "Actual Rows": 42654,
                                                                                                        "Actual Loops": 1
                                                                                                    },
                                                                                                    {
                                                                                                        "Worker Number": 1,
                                                                                                        "Actual Startup Time": 0.189,
                                                                                                        "Actual Total Time": 154.415,
                                                                                                        "Actual Rows": 43917,
                                                                                                        "Actual Loops": 1
                                                                                                    },
                                                                                                    {
                                                                                                        "Worker Number": 2,
                                                                                                        "Actual Startup Time": 0.175,
                                                                                                        "Actual Total Time": 158.166,
                                                                                                        "Actual Rows": 45243,
                                                                                                        "Actual Loops": 1
                                                                                                    },
                                                                                                    {
                                                                                                        "Worker Number": 3,
                                                                                                        "Actual Startup Time": 0.205,
                                                                                                        "Actual Total Time": 156.337,
                                                                                                        "Actual Rows": 44102,
                                                                                                        "Actual Loops": 1
                                                                                                    },
                                                                                                    {
                                                                                                        "Worker Number": 4,
                                                                                                        "Actual Startup Time": 0.273,
                                                                                                        "Actual Total Time": 157.146,
                                                                                                        "Actual Rows": 45258,
                                                                                                        "Actual Loops": 1
                                                                                                    }
                                                                                                ]
                                                                                            },
                                                                                            {
                                                                                                "Node Type": "Index Scan",
                                                                                                "Parent Relationship": "Inner",
                                                                                                "Parallel Aware": false,
                                                                                                "Scan Direction": "Forward",
                                                                                                "Index Name": "company_name_pkey",
                                                                                                "Relation Name": "company_name",
                                                                                                "Schema": "public",
                                                                                                "Alias": "cn",
                                                                                                "Startup Cost": 0.42,
                                                                                                "Total Cost": 0.54,
                                                                                                "Plan Rows": 1,
                                                                                                "Plan Width": 23,
                                                                                                "Actual Startup Time": 0.002,
                                                                                                "Actual Total Time": 0.002,
                                                                                                "Actual Rows": 1,
                                                                                                "Actual Loops": 303271,
                                                                                                "Output": [
                                                                                                    "cn.id",
                                                                                                    "cn.name",
                                                                                                    "cn.country_code",
                                                                                                    "cn.imdb_id",
                                                                                                    "cn.name_pcode_nf",
                                                                                                    "cn.name_pcode_sf",
                                                                                                    "cn.md5sum"
                                                                                                ],
                                                                                                "Index Cond": "(cn.id = mc.company_id)",
                                                                                                "Rows Removed by Index Recheck": 0,
                                                                                                "Filter": "((cn.country_code)::text <> '[us]'::text)",
                                                                                                "Rows Removed by Filter": 0,
                                                                                                "Workers": [
                                                                                                    {
                                                                                                        "Worker Number": 0,
                                                                                                        "Actual Startup Time": 0.003,
                                                                                                        "Actual Total Time": 0.003,
                                                                                                        "Actual Rows": 1,
                                                                                                        "Actual Loops": 42654
                                                                                                    },
                                                                                                    {
                                                                                                        "Worker Number": 1,
                                                                                                        "Actual Startup Time": 0.003,
                                                                                                        "Actual Total Time": 0.003,
                                                                                                        "Actual Rows": 1,
                                                                                                        "Actual Loops": 43917
                                                                                                    },
                                                                                                    {
                                                                                                        "Worker Number": 2,
                                                                                                        "Actual Startup Time": 0.003,
                                                                                                        "Actual Total Time": 0.003,
                                                                                                        "Actual Rows": 1,
                                                                                                        "Actual Loops": 45243
                                                                                                    },
                                                                                                    {
                                                                                                        "Worker Number": 3,
                                                                                                        "Actual Startup Time": 0.003,
                                                                                                        "Actual Total Time": 0.003,
                                                                                                        "Actual Rows": 1,
                                                                                                        "Actual Loops": 44102
                                                                                                    },
                                                                                                    {
                                                                                                        "Worker Number": 4,
                                                                                                        "Actual Startup Time": 0.003,
                                                                                                        "Actual Total Time": 0.003,
                                                                                                        "Actual Rows": 1,
                                                                                                        "Actual Loops": 45258
                                                                                                    }
                                                                                                ]
                                                                                            }
                                                                                        ]
                                                                                    }
                                                                                ]
                                                                            }
                                                                        ]
                                                                    }
                                                                ]
                                                            }
                                                        ]
                                                    }
                                                ]
                                            },
                                            {
                                                "Node Type": "Hash",
                                                "Parent Relationship": "Inner",
                                                "Parallel Aware": false,
                                                "Startup Cost": 10000000002.41,
                                                "Total Cost": 10000000002.41,
                                                "Plan Rows": 1,
                                                "Plan Width": 4,
                                                "Actual Startup Time": 0.021,
                                                "Actual Total Time": 0.022,
                                                "Actual Rows": 1,
                                                "Actual Loops": 1,
                                                "Output": [
                                                    "it1.id"
                                                ],
                                                "Hash Buckets": 1024,
                                                "Original Hash Buckets": 1024,
                                                "Hash Batches": 1,
                                                "Original Hash Batches": 1,
                                                "Peak Memory Usage": 9,
                                                "Plans": [
                                                    {
                                                        "Node Type": "Seq Scan",
                                                        "Parent Relationship": "Outer",
                                                        "Parallel Aware": false,
                                                        "Relation Name": "info_type",
                                                        "Schema": "public",
                                                        "Alias": "it1",
                                                        "Startup Cost": 10000000000.0,
                                                        "Total Cost": 10000000002.41,
                                                        "Plan Rows": 1,
                                                        "Plan Width": 4,
                                                        "Actual Startup Time": 0.009,
                                                        "Actual Total Time": 0.018,
                                                        "Actual Rows": 1,
                                                        "Actual Loops": 1,
                                                        "Output": [
                                                            "it1.id"
                                                        ],
                                                        "Filter": "((it1.info)::text = 'countries'::text)",
                                                        "Rows Removed by Filter": 112
                                                    }
                                                ]
                                            }
                                        ]
                                    }
                                ]
                            }
                        ]
                    },
                    {
                        "Node Type": "Bitmap Heap Scan",
                        "Parent Relationship": "Inner",
                        "Parallel Aware": false,
                        "Relation Name": "company_type",
                        "Schema": "public",
                        "Alias": "ct",
                        "Startup Cost": 0.14,
                        "Total Cost": 4.15,
                        "Plan Rows": 1,
                        "Plan Width": 4,
                        "Actual Startup Time": 0.002,
                        "Actual Total Time": 0.002,
                        "Actual Rows": 1,
                        "Actual Loops": 19829,
                        "Output": [
                            "ct.id",
                            "ct.kind"
                        ],
                        "Recheck Cond": "(ct.id = mc.company_type_id)",
                        "Rows Removed by Index Recheck": 0,
                        "Exact Heap Blocks": 19829,
                        "Lossy Heap Blocks": 0,
                        "Plans": [
                            {
                                "Node Type": "Bitmap Index Scan",
                                "Parent Relationship": "Outer",
                                "Parallel Aware": false,
                                "Index Name": "company_type_pkey",
                                "Startup Cost": 0.0,
                                "Total Cost": 0.14,
                                "Plan Rows": 1,
                                "Plan Width": 0,
                                "Actual Startup Time": 0.001,
                                "Actual Total Time": 0.001,
                                "Actual Rows": 1,
                                "Actual Loops": 19829,
                                "Index Cond": "(ct.id = mc.company_type_id)"
                            }
                        ]
                    }
                ]
            }
        ]
    },
    "Planning Time": 28.552,
    "Triggers": [],
    "Execution Time": 1934.085
}