[
  {
    "Plan": {
      "Node Type": "Aggregate",
      "Strategy": "Plain",
      "Partial Mode": "Finalize",
      "Parallel Aware": false,
      "Startup Cost": 767948.23,
      "Total Cost": 767948.24,
      "Plan Rows": 1,
      "Plan Width": 64,
      "Actual Startup Time": 4210.511,
      "Actual Total Time": 4328.405,
      "Actual Rows": 1,
      "Actual Loops": 1,
      "Plans": [
        {
          "Node Type": "Gather",
          "Parent Relationship": "Outer",
          "Parallel Aware": false,
          "Startup Cost": 767947.9,
          "Total Cost": 767948.21,
          "Plan Rows": 3,
          "Plan Width": 64,
          "Actual Startup Time": 4166.819,
          "Actual Total Time": 4328.389,
          "Actual Rows": 4,
          "Actual Loops": 1,
          "Workers Planned": 3,
          "Workers Launched": 3,
          "Single Copy": false,
          "Plans": [
            {
              "Node Type": "Aggregate",
              "Strategy": "Plain",
              "Partial Mode": "Partial",
              "Parent Relationship": "Outer",
              "Parallel Aware": false,
              "Startup Cost": 766947.9,
              "Total Cost": 766947.91,
              "Plan Rows": 1,
              "Plan Width": 64,
              "Actual Startup Time": 4157.148,
              "Actual Total Time": 4160.575,
              "Actual Rows": 1,
              "Actual Loops": 4,
              "Plans": [
                {
                  "Node Type": "Hash Join",
                  "Parent Relationship": "Outer",
                  "Parallel Aware": true,
                  "Join Type": "Inner",
                  "Startup Cost": 751538.9,
                  "Total Cost": 766933.63,
                  "Plan Rows": 2854,
                  "Plan Width": 32,
                  "Actual Startup Time": 3952.953,
                  "Actual Total Time": 4112.264,
                  "Actual Rows": 671028,
                  "Actual Loops": 4,
                  "Inner Unique": false,
                  "Hash Cond": "(an.person_id = n.id)",
                  "Plans": [
                    {
                      "Node Type": "Seq Scan",
                      "Parent Relationship": "Outer",
                      "Parallel Aware": true,
                      "Relation Name": "aka_name",
                      "Alias": "an",
                      "Startup Cost": 0.0,
                      "Total Cost": 14303.56,
                      "Plan Rows": 290756,
                      "Plan Width": 4,
                      "Actual Startup Time": 0.025,
                      "Actual Total Time": 31.295,
                      "Actual Rows": 225336,
                      "Actual Loops": 4
                    },
                    {
                      "Node Type": "Hash",
                      "Parent Relationship": "Inner",
                      "Parallel Aware": true,
                      "Startup Cost": 751523.81,
                      "Total Cost": 751523.81,
                      "Plan Rows": 1207,
                      "Plan Width": 40,
                      "Actual Startup Time": 3952.01,
                      "Actual Total Time": 3955.435,
                      "Actual Rows": 292134,
                      "Actual Loops": 4,
                      "Hash Buckets": 2097152,
                      "Original Hash Buckets": 4096,
                      "Hash Batches": 1,
                      "Original Hash Batches": 1,
                      "Peak Memory Usage": 123840,
                      "Plans": [
                        {
                          "Node Type": "Hash Join",
                          "Parent Relationship": "Outer",
                          "Parallel Aware": true,
                          "Join Type": "Inner",
                          "Startup Cost": 721150.65,
                          "Total Cost": 751523.81,
                          "Plan Rows": 1207,
                          "Plan Width": 40,
                          "Actual Startup Time": 3380.936,
                          "Actual Total Time": 3773.795,
                          "Actual Rows": 292134,
                          "Actual Loops": 4,
                          "Inner Unique": true,
                          "Hash Cond": "(mc.company_id = cn.id)",
                          "Plans": [
                            {
                              "Node Type": "Hash Join",
                              "Parent Relationship": "Outer",
                              "Parallel Aware": true,
                              "Join Type": "Inner",
                              "Startup Cost": 715802.35,
                              "Total Cost": 746166.75,
                              "Plan Rows": 3336,
                              "Plan Width": 44,
                              "Actual Startup Time": 3353.377,
                              "Actual Total Time": 3655.753,
                              "Actual Rows": 1092194,
                              "Actual Loops": 4,
                              "Inner Unique": false,
                              "Hash Cond": "(mc.movie_id = t.id)",
                              "Plans": [
                                {
                                  "Node Type": "Seq Scan",
                                  "Parent Relationship": "Outer",
                                  "Parallel Aware": true,
                                  "Relation Name": "movie_companies",
                                  "Alias": "mc",
                                  "Startup Cost": 0.0,
                                  "Total Cost": 27206.55,
                                  "Plan Rows": 841655,
                                  "Plan Width": 8,
                                  "Actual Startup Time": 0.016,
                                  "Actual Total Time": 79.077,
                                  "Actual Rows": 652282,
                                  "Actual Loops": 4
                                },
                                {
                                  "Node Type": "Hash",
                                  "Parent Relationship": "Inner",
                                  "Parallel Aware": true,
                                  "Startup Cost": 715796.15,
                                  "Total Cost": 715796.15,
                                  "Plan Rows": 496,
                                  "Plan Width": 52,
                                  "Actual Startup Time": 3347.52,
                                  "Actual Total Time": 3350.939,
                                  "Actual Rows": 123054,
                                  "Actual Loops": 4,
                                  "Hash Buckets": 524288,
                                  "Original Hash Buckets": 2048,
                                  "Hash Batches": 1,
                                  "Original Hash Batches": 1,
                                  "Peak Memory Usage": 53968,
                                  "Plans": [
                                    {
                                      "Node Type": "Hash Join",
                                      "Parent Relationship": "Outer",
                                      "Parallel Aware": true,
                                      "Join Type": "Inner",
                                      "Startup Cost": 669658.46,
                                      "Total Cost": 715796.15,
                                      "Plan Rows": 496,
                                      "Plan Width": 52,
                                      "Actual Startup Time": 3024.16,
                                      "Actual Total Time": 3264.584,
                                      "Actual Rows": 123054,
                                      "Actual Loops": 4,
                                      "Inner Unique": false,
                                      "Hash Cond": "(t.id = mi.movie_id)",
                                      "Plans": [
                                        {
                                          "Node Type": "Seq Scan",
                                          "Parent Relationship": "Outer",
                                          "Parallel Aware": true,
                                          "Relation Name": "title",
                                          "Alias": "t",
                                          "Startup Cost": 0.0,
                                          "Total Cost": 43898.97,
                                          "Plan Rows": 596726,
                                          "Plan Width": 21,
                                          "Actual Startup Time": 0.021,
                                          "Actual Total Time": 113.542,
                                          "Actual Rows": 597219,
                                          "Actual Loops": 4,
                                          "Filter": "(production_year < 2013)",
                                          "Rows Removed by Filter": 34859
                                        },
                                        {
                                          "Node Type": "Hash",
                                          "Parent Relationship": "Inner",
                                          "Parallel Aware": true,
                                          "Startup Cost": 669653.21,
                                          "Total Cost": 669653.21,
                                          "Plan Rows": 420,
                                          "Plan Width": 31,
                                          "Actual Startup Time": 3023.962,
                                          "Actual Total Time": 3027.378,
                                          "Actual Rows": 124512,
                                          "Actual Loops": 4,
                                          "Hash Buckets": 524288,
                                          "Original Hash Buckets": 4096,
                                          "Hash Batches": 1,
                                          "Original Hash Batches": 1,
                                          "Peak Memory Usage": 40544,
                                          "Plans": [
                                            {
                                              "Node Type": "Hash Join",
                                              "Parent Relationship": "Outer",
                                              "Parallel Aware": true,
                                              "Join Type": "Inner",
                                              "Startup Cost": 469705.28,
                                              "Total Cost": 669653.21,
                                              "Plan Rows": 420,
                                              "Plan Width": 31,
                                              "Actual Startup Time": 2214.544,
                                              "Actual Total Time": 2956.054,
                                              "Actual Rows": 124512,
                                              "Actual Loops": 4,
                                              "Inner Unique": true,
                                              "Hash Cond": "(ci.person_role_id = chn.id)",
                                              "Plans": [
                                                {
                                                  "Node Type": "Hash Join",
                                                  "Parent Relationship": "Outer",
                                                  "Parallel Aware": true,
                                                  "Join Type": "Inner",
                                                  "Startup Cost": 415592.08,
                                                  "Total Cost": 615538.91,
                                                  "Plan Rows": 420,
                                                  "Plan Width": 35,
                                                  "Actual Startup Time": 1717.637,
                                                  "Actual Total Time": 2416.638,
                                                  "Actual Rows": 136682,
                                                  "Actual Loops": 4,
                                                  "Inner Unique": false,
                                                  "Hash Cond": "(mi.movie_id = ci.movie_id)",
                                                  "Plans": [
                                                    {
                                                      "Node Type": "Hash Join",
                                                      "Parent Relationship": "Outer",
                                                      "Parallel Aware": false,
                                                      "Join Type": "Inner",
                                                      "Startup Cost": 2.43,
                                                      "Total Cost": 199849.81,
                                                      "Plan Rows": 26329,
                                                      "Plan Width": 4,
                                                      "Actual Startup Time": 177.589,
                                                      "Actual Total Time": 743.76,
                                                      "Actual Rows": 759180,
                                                      "Actual Loops": 4,
                                                      "Inner Unique": true,
                                                      "Hash Cond": "(mi.info_type_id = it.id)",
                                                      "Plans": [
                                                        {
                                                          "Node Type": "Seq Scan",
                                                          "Parent Relationship": "Outer",
                                                          "Parallel Aware": true,
                                                          "Relation Name": "movie_info",
                                                          "Alias": "mi",
                                                          "Startup Cost": 0.0,
                                                          "Total Cost": 191744.67,
                                                          "Plan Rows": 2975167,
                                                          "Plan Width": 8,
                                                          "Actual Startup Time": 0.046,
                                                          "Actual Total Time": 427.796,
                                                          "Actual Rows": 3708930,
                                                          "Actual Loops": 4
                                                        },
                                                        {
                                                          "Node Type": "Hash",
                                                          "Parent Relationship": "Inner",
                                                          "Parallel Aware": false,
                                                          "Startup Cost": 2.41,
                                                          "Total Cost": 2.41,
                                                          "Plan Rows": 1,
                                                          "Plan Width": 4,
                                                          "Actual Startup Time": 0.09,
                                                          "Actual Total Time": 0.092,
                                                          "Actual Rows": 1,
                                                          "Actual Loops": 4,
                                                          "Hash Buckets": 1024,
                                                          "Original Hash Buckets": 1024,
                                                          "Hash Batches": 1,
                                                          "Original Hash Batches": 1,
                                                          "Peak Memory Usage": 9,
                                                          "Plans": [
                                                            {
                                                              "Node Type": "Seq Scan",
                                                              "Parent Relationship": "Outer",
                                                              "Parallel Aware": false,
                                                              "Relation Name": "info_type",
                                                              "Alias": "it",
                                                              "Startup Cost": 0.0,
                                                              "Total Cost": 2.41,
                                                              "Plan Rows": 1,
                                                              "Plan Width": 4,
                                                              "Actual Startup Time": 0.065,
                                                              "Actual Total Time": 0.08,
                                                              "Actual Rows": 1,
                                                              "Actual Loops": 4,
                                                              "Filter": "((info)::text = 'release dates'::text)",
                                                              "Rows Removed by Filter": 112
                                                            }
                                                          ]
                                                        }
                                                      ]
                                                    },
                                                    {
                                                      "Node Type": "Hash",
                                                      "Parent Relationship": "Inner",
                                                      "Parallel Aware": true,
                                                      "Startup Cost": 415554.82,
                                                      "Total Cost": 415554.82,
                                                      "Plan Rows": 2787,
                                                      "Plan Width": 31,
                                                      "Actual Startup Time": 1539.583,
                                                      "Actual Total Time": 1542.989,
                                                      "Actual Rows": 69001,
                                                      "Actual Loops": 4,
                                                      "Hash Buckets": 524288,
                                                      "Original Hash Buckets": 32768,
                                                      "Hash Batches": 1,
                                                      "Original Hash Batches": 1,
                                                      "Peak Memory Usage": 25824,
                                                      "Plans": [
                                                        {
                                                          "Node Type": "Hash Join",
                                                          "Parent Relationship": "Outer",
                                                          "Parallel Aware": false,
                                                          "Join Type": "Inner",
                                                          "Startup Cost": 71646.31,
                                                          "Total Cost": 415554.82,
                                                          "Plan Rows": 2787,
                                                          "Plan Width": 31,
                                                          "Actual Startup Time": 663.466,
                                                          "Actual Total Time": 1482.856,
                                                          "Actual Rows": 69001,
                                                          "Actual Loops": 4,
                                                          "Inner Unique": true,
                                                          "Hash Cond": "(ci.role_id = rt.id)",
                                                          "Plans": [
                                                            {
                                                              "Node Type": "Hash Join",
                                                              "Parent Relationship": "Outer",
                                                              "Parallel Aware": true,
                                                              "Join Type": "Inner",
                                                              "Startup Cost": 71645.15,
                                                              "Total Cost": 415434.87,
                                                              "Plan Rows": 33443,
                                                              "Plan Width": 35,
                                                              "Actual Startup Time": 663.376,
                                                              "Actual Total Time": 1469.57,
                                                              "Actual Rows": 69022,
                                                              "Actual Loops": 4,
                                                              "Inner Unique": true,
                                                              "Hash Cond": "(ci.person_id = n.id)",
                                                              "Plans": [
                                                                {
                                                                  "Node Type": "Seq Scan",
                                                                  "Parent Relationship": "Outer",
                                                                  "Parallel Aware": true,
                                                                  "Relation Name": "cast_info",
                                                                  "Alias": "ci",
                                                                  "Startup Cost": 0.0,
                                                                  "Total Cost": 343409.74,
                                                                  "Plan Rows": 144753,
                                                                  "Plan Width": 16,
                                                                  "Actual Startup Time": 0.03,
                                                                  "Actual Total Time": 1140.971,
                                                                  "Actual Rows": 216869,
                                                                  "Actual Loops": 4,
                                                                  "Filter": "(note = ANY ('{(voice),\"(voice: Japanese version)\",\"(voice) (uncredited)\",\"(voice: English version)\"}'::text[]))",
                                                                  "Rows Removed by Filter": 8844217
                                                                },
                                                                {
                                                                  "Node Type": "Hash",
                                                                  "Parent Relationship": "Inner",
                                                                  "Parallel Aware": true,
                                                                  "Startup Cost": 68636.32,
                                                                  "Total Cost": 68636.32,
                                                                  "Plan Rows": 240706,
                                                                  "Plan Width": 19,
                                                                  "Actual Startup Time": 275.559,
                                                                  "Actual Total Time": 275.563,
                                                                  "Actual Rows": 240389,
                                                                  "Actual Loops": 4,
                                                                  "Hash Buckets": 1048576,
                                                                  "Original Hash Buckets": 1048576,
                                                                  "Hash Batches": 1,
                                                                  "Original Hash Batches": 1,
                                                                  "Peak Memory Usage": 60544,
                                                                  "Plans": [
                                                                    {
                                                                      "Node Type": "Seq Scan",
                                                                      "Parent Relationship": "Outer",
                                                                      "Parallel Aware": true,
                                                                      "Relation Name": "name",
                                                                      "Alias": "n",
                                                                      "Startup Cost": 0.0,
                                                                      "Total Cost": 68636.32,
                                                                      "Plan Rows": 240706,
                                                                      "Plan Width": 19,
                                                                      "Actual Startup Time": 67.055,
                                                                      "Actual Total Time": 174.187,
                                                                      "Actual Rows": 240389,
                                                                      "Actual Loops": 4,
                                                                      "Filter": "((gender)::text = 'f'::text)",
                                                                      "Rows Removed by Filter": 801484
                                                                    }
                                                                  ]
                                                                }
                                                              ]
                                                            },
                                                            {
                                                              "Node Type": "Hash",
                                                              "Parent Relationship": "Inner",
                                                              "Parallel Aware": false,
                                                              "Startup Cost": 1.15,
                                                              "Total Cost": 1.15,
                                                              "Plan Rows": 1,
                                                              "Plan Width": 4,
                                                              "Actual Startup Time": 0.055,
                                                              "Actual Total Time": 0.057,
                                                              "Actual Rows": 1,
                                                              "Actual Loops": 4,
                                                              "Hash Buckets": 1024,
                                                              "Original Hash Buckets": 1024,
                                                              "Hash Batches": 1,
                                                              "Original Hash Batches": 1,
                                                              "Peak Memory Usage": 9,
                                                              "Plans": [
                                                                {
                                                                  "Node Type": "Seq Scan",
                                                                  "Parent Relationship": "Outer",
                                                                  "Parallel Aware": false,
                                                                  "Relation Name": "role_type",
                                                                  "Alias": "rt",
                                                                  "Startup Cost": 0.0,
                                                                  "Total Cost": 1.15,
                                                                  "Plan Rows": 1,
                                                                  "Plan Width": 4,
                                                                  "Actual Startup Time": 0.036,
                                                                  "Actual Total Time": 0.039,
                                                                  "Actual Rows": 1,
                                                                  "Actual Loops": 4,
                                                                  "Filter": "((role)::text = 'actress'::text)",
                                                                  "Rows Removed by Filter": 11
                                                                }
                                                              ]
                                                            }
                                                          ]
                                                        }
                                                      ]
                                                    }
                                                  ]
                                                },
                                                {
                                                  "Node Type": "Hash",
                                                  "Parent Relationship": "Inner",
                                                  "Parallel Aware": true,
                                                  "Startup Cost": 44299.2,
                                                  "Total Cost": 44299.2,
                                                  "Plan Rows": 785120,
                                                  "Plan Width": 4,
                                                  "Actual Startup Time": 487.68,
                                                  "Actual Total Time": 487.681,
                                                  "Actual Rows": 785085,
                                                  "Actual Loops": 4,
                                                  "Hash Buckets": 4194304,
                                                  "Original Hash Buckets": 4194304,
                                                  "Hash Batches": 1,
                                                  "Original Hash Batches": 1,
                                                  "Peak Memory Usage": 155680,
                                                  "Plans": [
                                                    {
                                                      "Node Type": "Seq Scan",
                                                      "Parent Relationship": "Outer",
                                                      "Parallel Aware": true,
                                                      "Relation Name": "char_name",
                                                      "Alias": "chn",
                                                      "Startup Cost": 0.0,
                                                      "Total Cost": 44299.2,
                                                      "Plan Rows": 785120,
                                                      "Plan Width": 4,
                                                      "Actual Startup Time": 0.058,
                                                      "Actual Total Time": 142.422,
                                                      "Actual Rows": 785085,
                                                      "Actual Loops": 4
                                                    }
                                                  ]
                                                }
                                              ]
                                            }
                                          ]
                                        }
                                      ]
                                    }
                                  ]
                                }
                              ]
                            },
                            {
                              "Node Type": "Hash",
                              "Parent Relationship": "Inner",
                              "Parallel Aware": true,
                              "Startup Cost": 4722.92,
                              "Total Cost": 4722.92,
                              "Plan Rows": 50031,
                              "Plan Width": 4,
                              "Actual Startup Time": 27.14,
                              "Actual Total Time": 27.142,
                              "Actual Rows": 21211,
                              "Actual Loops": 4,
                              "Hash Buckets": 131072,
                              "Original Hash Buckets": 131072,
                              "Hash Batches": 1,
                              "Original Hash Batches": 1,
                              "Peak Memory Usage": 4384,
                              "Plans": [
                                {
                                  "Node Type": "Seq Scan",
                                  "Parent Relationship": "Outer",
                                  "Parallel Aware": true,
                                  "Relation Name": "company_name",
                                  "Alias": "cn",
                                  "Startup Cost": 0.0,
                                  "Total Cost": 4722.92,
                                  "Plan Rows": 50031,
                                  "Plan Width": 4,
                                  "Actual Startup Time": 0.056,
                                  "Actual Total Time": 18.853,
                                  "Actual Rows": 21211,
                                  "Actual Loops": 4,
                                  "Filter": "((country_code)::text = '[us]'::text)",
                                  "Rows Removed by Filter": 37538
                                }
                              ]
                            }
                          ]
                        }
                      ]
                    }
                  ]
                }
              ]
            }
          ]
        }
      ]
    },
    "Planning Time": 38.841,
    "Triggers": [],
    "Execution Time": 4328.741
  }
]