{
  "Plan": {
    "Node Type": "Aggregate",
    "Strategy": "Plain",
    "Partial Mode": "Finalize",
    "Parallel Aware": false,
    "Startup Cost": 688763.16,
    "Total Cost": 688763.17,
    "Plan Rows": 1,
    "Plan Width": 8,
    "Actual Startup Time": 6363.595,
    "Actual Total Time": 6418.538,
    "Actual Rows": 1,
    "Actual Loops": 1,
    "Plans": [
      {
        "Node Type": "Gather",
        "Parent Relationship": "Outer",
        "Parallel Aware": false,
        "Startup Cost": 688763.04,
        "Total Cost": 688763.15,
        "Plan Rows": 1,
        "Plan Width": 8,
        "Actual Startup Time": 6361.595,
        "Actual Total Time": 6418.529,
        "Actual Rows": 2,
        "Actual Loops": 1,
        "Workers Planned": 1,
        "Workers Launched": 1,
        "Single Copy": false,
        "Plans": [
          {
            "Node Type": "Aggregate",
            "Strategy": "Plain",
            "Partial Mode": "Partial",
            "Parent Relationship": "Outer",
            "Parallel Aware": false,
            "Startup Cost": 687763.04,
            "Total Cost": 687763.05,
            "Plan Rows": 1,
            "Plan Width": 8,
            "Actual Startup Time": 6353.615,
            "Actual Total Time": 6353.62,
            "Actual Rows": 1,
            "Actual Loops": 2,
            "Plans": [
              {
                "Node Type": "Hash Join",
                "Parent Relationship": "Outer",
                "Parallel Aware": true,
                "Join Type": "Inner",
                "Startup Cost": 66867.61,
                "Total Cost": 672961.66,
                "Plan Rows": 5920554,
                "Plan Width": 0,
                "Actual Startup Time": 638.93,
                "Actual Total Time": 6131.16,
                "Actual Rows": 5363368,
                "Actual Loops": 2,
                "Inner Unique": true,
                "Hash Cond": "(ci.movie_id = t.id)",
                "Plans": [
                  {
                    "Node Type": "Seq Scan",
                    "Parent Relationship": "Outer",
                    "Parallel Aware": true,
                    "Relation Name": "cast_info",
                    "Alias": "ci",
                    "Startup Cost": 0.0,
                    "Total Cost": 572345.93,
                    "Plan Rows": 12856407,
                    "Plan Width": 4,
                    "Actual Startup Time": 254.817,
                    "Actual Total Time": 1887.897,
                    "Actual Rows": 10428140,
                    "Actual Loops": 2,
                    "Filter": "((person_id > 870309) AND (role_id < 8))",
                    "Rows Removed by Filter": 7694032
                  },
                  {
                    "Node Type": "Hash",
                    "Parent Relationship": "Inner",
                    "Parallel Aware": true,
                    "Startup Cost": 58306.47,
                    "Total Cost": 58306.47,
                    "Plan Rows": 684891,
                    "Plan Width": 4,
                    "Actual Startup Time": 369.671,
                    "Actual Total Time": 369.673,
                    "Actual Rows": 626467,
                    "Actual Loops": 2,
                    "Hash Buckets": 2097152,
                    "Original Hash Buckets": 2097152,
                    "Hash Batches": 1,
                    "Original Hash Batches": 1,
                    "Peak Memory Usage": 65408,
                    "Plans": [
                      {
                        "Node Type": "Seq Scan",
                        "Parent Relationship": "Outer",
                        "Parallel Aware": true,
                        "Relation Name": "title",
                        "Alias": "t",
                        "Startup Cost": 0.0,
                        "Total Cost": 58306.47,
                        "Plan Rows": 684891,
                        "Plan Width": 4,
                        "Actual Startup Time": 0.029,
                        "Actual Total Time": 176.25,
                        "Actual Rows": 626467,
                        "Actual Loops": 2,
                        "Filter": "((production_year > 1982) AND (kind_id = 7))",
                        "Rows Removed by Filter": 637689
                      }
                    ]
                  }
                ]
              }
            ]
          }
        ]
      }
    ]
  },
  "Planning Time": 0.741,
  "Triggers": [],
  "Execution Time": 6418.631
}