[
  {
    "Plan": {
      "Node Type": "Aggregate",
      "Strategy": "Plain",
      "Partial Mode": "Finalize",
      "Parallel Aware": false,
      "Startup Cost": 46363.87,
      "Total Cost": 46363.88,
      "Plan Rows": 1,
      "Plan Width": 8,
      "Actual Startup Time": 150.004,
      "Actual Total Time": 157.789,
      "Actual Rows": 1,
      "Actual Loops": 1,
      "Plans": [
        {
          "Node Type": "Gather",
          "Parent Relationship": "Outer",
          "Parallel Aware": false,
          "Startup Cost": 46363.56,
          "Total Cost": 46363.87,
          "Plan Rows": 3,
          "Plan Width": 8,
          "Actual Startup Time": 149.879,
          "Actual Total Time": 157.781,
          "Actual Rows": 4,
          "Actual Loops": 1,
          "Workers Planned": 3,
          "Workers Launched": 3,
          "Single Copy": false,
          "Plans": [
            {
              "Node Type": "Aggregate",
              "Strategy": "Plain",
              "Partial Mode": "Partial",
              "Parent Relationship": "Outer",
              "Parallel Aware": false,
              "Startup Cost": 45363.56,
              "Total Cost": 45363.57,
              "Plan Rows": 1,
              "Plan Width": 8,
              "Actual Startup Time": 145.529,
              "Actual Total Time": 145.53,
              "Actual Rows": 1,
              "Actual Loops": 4,
              "Plans": [
                {
                  "Node Type": "Seq Scan",
                  "Parent Relationship": "Outer",
                  "Parallel Aware": true,
                  "Relation Name": "movie_keyword",
                  "Alias": "mk",
                  "Startup Cost": 0.0,
                  "Total Cost": 42695.65,
                  "Plan Rows": 1067161,
                  "Plan Width": 0,
                  "Actual Startup Time": 0.106,
                  "Actual Total Time": 109.794,
                  "Actual Rows": 828371,
                  "Actual Loops": 4,
                  "Filter": "(keyword_id > 1517)",
                  "Rows Removed by Filter": 302612
                }
              ]
            }
          ]
        }
      ]
    },
    "Planning Time": 0.109,
    "Triggers": [],
    "Execution Time": 157.829
  }
]