[
  {
    "Plan": {
      "Node Type": "Aggregate",
      "Strategy": "Plain",
      "Partial Mode": "Finalize",
      "Parallel Aware": false,
      "Startup Cost": 57260.12,
      "Total Cost": 57260.13,
      "Plan Rows": 1,
      "Plan Width": 8,
      "Actual Startup Time": 106.634,
      "Actual Total Time": 121.28,
      "Actual Rows": 1,
      "Actual Loops": 1,
      "Plans": [
        {
          "Node Type": "Gather",
          "Parent Relationship": "Outer",
          "Parallel Aware": false,
          "Startup Cost": 57259.7,
          "Total Cost": 57260.11,
          "Plan Rows": 4,
          "Plan Width": 8,
          "Actual Startup Time": 106.497,
          "Actual Total Time": 121.273,
          "Actual Rows": 5,
          "Actual Loops": 1,
          "Workers Planned": 4,
          "Workers Launched": 4,
          "Single Copy": false,
          "Plans": [
            {
              "Node Type": "Aggregate",
              "Strategy": "Plain",
              "Partial Mode": "Partial",
              "Parent Relationship": "Outer",
              "Parallel Aware": false,
              "Startup Cost": 56259.7,
              "Total Cost": 56259.71,
              "Plan Rows": 1,
              "Plan Width": 8,
              "Actual Startup Time": 96.657,
              "Actual Total Time": 96.658,
              "Actual Rows": 1,
              "Actual Loops": 5,
              "Plans": [
                {
                  "Node Type": "Nested Loop",
                  "Parent Relationship": "Outer",
                  "Parallel Aware": false,
                  "Join Type": "Inner",
                  "Startup Cost": 0.43,
                  "Total Cost": 56258.38,
                  "Plan Rows": 527,
                  "Plan Width": 0,
                  "Actual Startup Time": 59.436,
                  "Actual Total Time": 96.433,
                  "Actual Rows": 2351,
                  "Actual Loops": 5,
                  "Inner Unique": false,
                  "Plans": [
                    {
                      "Node Type": "Seq Scan",
                      "Parent Relationship": "Outer",
                      "Parallel Aware": true,
                      "Relation Name": "title",
                      "Alias": "t",
                      "Startup Cost": 0.0,
                      "Total Cost": 45479.1,
                      "Plan Rows": 653,
                      "Plan Width": 4,
                      "Actual Startup Time": 59.349,
                      "Actual Total Time": 83.004,
                      "Actual Rows": 1189,
                      "Actual Loops": 5,
                      "Filter": "((kind_id < 7) AND (production_year = 1911))",
                      "Rows Removed by Filter": 504473
                    },
                    {
                      "Node Type": "Index Scan",
                      "Parent Relationship": "Inner",
                      "Parallel Aware": false,
                      "Scan Direction": "Forward",
                      "Index Name": "movie_id_movie_companies",
                      "Relation Name": "movie_companies",
                      "Alias": "mc",
                      "Startup Cost": 0.43,
                      "Total Cost": 16.47,
                      "Plan Rows": 4,
                      "Plan Width": 4,
                      "Actual Startup Time": 0.008,
                      "Actual Total Time": 0.011,
                      "Actual Rows": 2,
                      "Actual Loops": 5945,
                      "Index Cond": "(movie_id = t.id)",
                      "Rows Removed by Index Recheck": 0,
                      "Filter": "(company_id > 595)",
                      "Rows Removed by Filter": 0
                    }
                  ]
                }
              ]
            }
          ]
        }
      ]
    },
    "Planning Time": 0.654,
    "Triggers": [],
    "Execution Time": 121.35
  }
]