[
  {
    "Plan": {
      "Node Type": "Aggregate",
      "Strategy": "Plain",
      "Partial Mode": "Finalize",
      "Parallel Aware": false,
      "Startup Cost": 526798.81,
      "Total Cost": 526798.82,
      "Plan Rows": 1,
      "Plan Width": 8,
      "Actual Startup Time": 3927.349,
      "Actual Total Time": 4023.285,
      "Actual Rows": 1,
      "Actual Loops": 1,
      "Plans": [
        {
          "Node Type": "Gather",
          "Parent Relationship": "Outer",
          "Parallel Aware": false,
          "Startup Cost": 526798.29,
          "Total Cost": 526798.8,
          "Plan Rows": 5,
          "Plan Width": 8,
          "Actual Startup Time": 3921.329,
          "Actual Total Time": 4023.273,
          "Actual Rows": 6,
          "Actual Loops": 1,
          "Workers Planned": 5,
          "Workers Launched": 5,
          "Single Copy": false,
          "Plans": [
            {
              "Node Type": "Aggregate",
              "Strategy": "Plain",
              "Partial Mode": "Partial",
              "Parent Relationship": "Outer",
              "Parallel Aware": false,
              "Startup Cost": 525798.29,
              "Total Cost": 525798.3,
              "Plan Rows": 1,
              "Plan Width": 8,
              "Actual Startup Time": 3910.116,
              "Actual Total Time": 3910.12,
              "Actual Rows": 1,
              "Actual Loops": 6,
              "Plans": [
                {
                  "Node Type": "Nested Loop",
                  "Parent Relationship": "Outer",
                  "Parallel Aware": false,
                  "Join Type": "Inner",
                  "Startup Cost": 64839.55,
                  "Total Cost": 521294.42,
                  "Plan Rows": 1801547,
                  "Plan Width": 0,
                  "Actual Startup Time": 327.668,
                  "Actual Total Time": 3764.649,
                  "Actual Rows": 2255607,
                  "Actual Loops": 6,
                  "Inner Unique": false,
                  "Plans": [
                    {
                      "Node Type": "Hash Join",
                      "Parent Relationship": "Outer",
                      "Parallel Aware": true,
                      "Join Type": "Inner",
                      "Startup Cost": 64838.98,
                      "Total Cost": 229330.46,
                      "Plan Rows": 125651,
                      "Plan Width": 8,
                      "Actual Startup Time": 327.445,
                      "Actual Total Time": 471.773,
                      "Actual Rows": 107154,
                      "Actual Loops": 6,
                      "Inner Unique": true,
                      "Hash Cond": "(mi.movie_id = t.id)",
                      "Plans": [
                        {
                          "Node Type": "Bitmap Heap Scan",
                          "Parent Relationship": "Outer",
                          "Parallel Aware": true,
                          "Relation Name": "movie_info",
                          "Alias": "mi",
                          "Startup Cost": 14929.49,
                          "Total Cost": 178987.34,
                          "Plan Rows": 165188,
                          "Plan Width": 4,
                          "Actual Startup Time": 43.998,
                          "Actual Total Time": 68.645,
                          "Actual Rows": 133690,
                          "Actual Loops": 6,
                          "Recheck Cond": "(info_type_id < 2)",
                          "Rows Removed by Index Recheck": 0,
                          "Exact Heap Blocks": 1013,
                          "Lossy Heap Blocks": 0,
                          "Plans": [
                            {
                              "Node Type": "Bitmap Index Scan",
                              "Parent Relationship": "Outer",
                              "Parallel Aware": false,
                              "Index Name": "info_type_id_movie_info",
                              "Startup Cost": 0.0,
                              "Total Cost": 14723.0,
                              "Plan Rows": 825942,
                              "Plan Width": 0,
                              "Actual Startup Time": 42.731,
                              "Actual Total Time": 42.732,
                              "Actual Rows": 802140,
                              "Actual Loops": 1,
                              "Index Cond": "(info_type_id < 2)"
                            }
                          ]
                        },
                        {
                          "Node Type": "Hash",
                          "Parent Relationship": "Inner",
                          "Parallel Aware": true,
                          "Startup Cost": 43899.32,
                          "Total Cost": 43899.32,
                          "Plan Rows": 480814,
                          "Plan Width": 4,
                          "Actual Startup Time": 279.786,
                          "Actual Total Time": 279.787,
                          "Actual Rows": 320475,
                          "Actual Loops": 6,
                          "Hash Buckets": 2097152,
                          "Original Hash Buckets": 2097152,
                          "Hash Batches": 1,
                          "Original Hash Batches": 1,
                          "Peak Memory Usage": 91776,
                          "Plans": [
                            {
                              "Node Type": "Seq Scan",
                              "Parent Relationship": "Outer",
                              "Parallel Aware": true,
                              "Relation Name": "title",
                              "Alias": "t",
                              "Startup Cost": 0.0,
                              "Total Cost": 43899.32,
                              "Plan Rows": 480814,
                              "Plan Width": 4,
                              "Actual Startup Time": 0.042,
                              "Actual Total Time": 112.292,
                              "Actual Rows": 320475,
                              "Actual Loops": 6,
                              "Filter": "(production_year < 2010)",
                              "Rows Removed by Filter": 100910
                            }
                          ]
                        }
                      ]
                    },
                    {
                      "Node Type": "Index Only Scan",
                      "Parent Relationship": "Inner",
                      "Parallel Aware": false,
                      "Scan Direction": "Forward",
                      "Index Name": "movie_id_cast_info",
                      "Relation Name": "cast_info",
                      "Alias": "ci",
                      "Startup Cost": 0.56,
                      "Total Cost": 1.97,
                      "Plan Rows": 35,
                      "Plan Width": 4,
                      "Actual Startup Time": 0.005,
                      "Actual Total Time": 0.028,
                      "Actual Rows": 21,
                      "Actual Loops": 642922,
                      "Index Cond": "(movie_id = t.id)",
                      "Rows Removed by Index Recheck": 0,
                      "Heap Fetches": 13533640
                    }
                  ]
                }
              ]
            }
          ]
        }
      ]
    },
    "Planning Time": 0.472,
    "Triggers": [],
    "Execution Time": 4023.363
  }
]