[
  {
    "Plan": {
      "Node Type": "Aggregate",
      "Strategy": "Plain",
      "Partial Mode": "Finalize",
      "Parallel Aware": false,
      "Startup Cost": 71078.64,
      "Total Cost": 71078.65,
      "Plan Rows": 1,
      "Plan Width": 8,
      "Actual Startup Time": 120.499,
      "Actual Total Time": 136.122,
      "Actual Rows": 1,
      "Actual Loops": 1,
      "Plans": [
        {
          "Node Type": "Gather",
          "Parent Relationship": "Outer",
          "Parallel Aware": false,
          "Startup Cost": 71078.22,
          "Total Cost": 71078.63,
          "Plan Rows": 4,
          "Plan Width": 8,
          "Actual Startup Time": 120.377,
          "Actual Total Time": 136.114,
          "Actual Rows": 5,
          "Actual Loops": 1,
          "Workers Planned": 4,
          "Workers Launched": 4,
          "Single Copy": false,
          "Plans": [
            {
              "Node Type": "Aggregate",
              "Strategy": "Plain",
              "Partial Mode": "Partial",
              "Parent Relationship": "Outer",
              "Parallel Aware": false,
              "Startup Cost": 70078.22,
              "Total Cost": 70078.23,
              "Plan Rows": 1,
              "Plan Width": 8,
              "Actual Startup Time": 112.964,
              "Actual Total Time": 112.966,
              "Actual Rows": 1,
              "Actual Loops": 5,
              "Plans": [
                {
                  "Node Type": "Nested Loop",
                  "Parent Relationship": "Outer",
                  "Parallel Aware": false,
                  "Join Type": "Inner",
                  "Startup Cost": 0.43,
                  "Total Cost": 70074.05,
                  "Plan Rows": 1667,
                  "Plan Width": 0,
                  "Actual Startup Time": 0.489,
                  "Actual Total Time": 112.7,
                  "Actual Rows": 1759,
                  "Actual Loops": 5,
                  "Inner Unique": false,
                  "Plans": [
                    {
                      "Node Type": "Seq Scan",
                      "Parent Relationship": "Outer",
                      "Parallel Aware": true,
                      "Relation Name": "title",
                      "Alias": "t",
                      "Startup Cost": 0.0,
                      "Total Cost": 43898.92,
                      "Plan Rows": 3182,
                      "Plan Width": 4,
                      "Actual Startup Time": 0.141,
                      "Actual Total Time": 84.86,
                      "Actual Rows": 2956,
                      "Actual Loops": 5,
                      "Filter": "(production_year = 1980)",
                      "Rows Removed by Filter": 502707
                    },
                    {
                      "Node Type": "Index Scan",
                      "Parent Relationship": "Inner",
                      "Parallel Aware": false,
                      "Scan Direction": "Forward",
                      "Index Name": "movie_id_movie_companies",
                      "Relation Name": "movie_companies",
                      "Alias": "mc",
                      "Startup Cost": 0.43,
                      "Total Cost": 8.2,
                      "Plan Rows": 3,
                      "Plan Width": 4,
                      "Actual Startup Time": 0.009,
                      "Actual Total Time": 0.009,
                      "Actual Rows": 1,
                      "Actual Loops": 14779,
                      "Index Cond": "(movie_id = t.id)",
                      "Rows Removed by Index Recheck": 0,
                      "Filter": "(company_type_id = 2)",
                      "Rows Removed by Filter": 1
                    }
                  ]
                }
              ]
            }
          ]
        }
      ]
    },
    "Planning Time": 0.512,
    "Triggers": [],
    "Execution Time": 136.184
  }
]