[
  {
    "Plan": {
      "Node Type": "Aggregate",
      "Strategy": "Plain",
      "Partial Mode": "Finalize",
      "Parallel Aware": false,
      "Startup Cost": 455677.18,
      "Total Cost": 455677.19,
      "Plan Rows": 1,
      "Plan Width": 8,
      "Actual Startup Time": 1708.86,
      "Actual Total Time": 1779.123,
      "Actual Rows": 1,
      "Actual Loops": 1,
      "Plans": [
        {
          "Node Type": "Gather",
          "Parent Relationship": "Outer",
          "Parallel Aware": false,
          "Startup Cost": 455676.55,
          "Total Cost": 455677.16,
          "Plan Rows": 6,
          "Plan Width": 8,
          "Actual Startup Time": 1693.6,
          "Actual Total Time": 1779.104,
          "Actual Rows": 7,
          "Actual Loops": 1,
          "Workers Planned": 6,
          "Workers Launched": 6,
          "Single Copy": false,
          "Plans": [
            {
              "Node Type": "Aggregate",
              "Strategy": "Plain",
              "Partial Mode": "Partial",
              "Parent Relationship": "Outer",
              "Parallel Aware": false,
              "Startup Cost": 454676.55,
              "Total Cost": 454676.56,
              "Plan Rows": 1,
              "Plan Width": 8,
              "Actual Startup Time": 1682.365,
              "Actual Total Time": 1682.707,
              "Actual Rows": 1,
              "Actual Loops": 7,
              "Plans": [
                {
                  "Node Type": "Hash Join",
                  "Parent Relationship": "Outer",
                  "Parallel Aware": true,
                  "Join Type": "Inner",
                  "Startup Cost": 95073.3,
                  "Total Cost": 452605.11,
                  "Plan Rows": 828576,
                  "Plan Width": 0,
                  "Actual Startup Time": 363.136,
                  "Actual Total Time": 1601.48,
                  "Actual Rows": 1780259,
                  "Actual Loops": 7,
                  "Inner Unique": false,
                  "Hash Cond": "(ci.movie_id = t.id)",
                  "Plans": [
                    {
                      "Node Type": "Seq Scan",
                      "Parent Relationship": "Outer",
                      "Parallel Aware": true,
                      "Relation Name": "cast_info",
                      "Alias": "ci",
                      "Startup Cost": 0.0,
                      "Total Cost": 343257.03,
                      "Plan Rows": 3093853,
                      "Plan Width": 4,
                      "Actual Startup Time": 27.277,
                      "Actual Total Time": 712.69,
                      "Actual Rows": 2635167,
                      "Actual Loops": 7,
                      "Filter": "((person_id > 228099) AND (role_id < 3))",
                      "Rows Removed by Filter": 2542596
                    },
                    {
                      "Node Type": "Hash",
                      "Parent Relationship": "Inner",
                      "Parallel Aware": true,
                      "Startup Cost": 92343.02,
                      "Total Cost": 92343.02,
                      "Plan Rows": 218423,
                      "Plan Width": 8,
                      "Actual Startup Time": 332.438,
                      "Actual Total Time": 332.778,
                      "Actual Rows": 79926,
                      "Actual Loops": 7,
                      "Hash Buckets": 1048576,
                      "Original Hash Buckets": 1048576,
                      "Hash Batches": 1,
                      "Original Hash Batches": 1,
                      "Peak Memory Usage": 30176,
                      "Plans": [
                        {
                          "Node Type": "Hash Join",
                          "Parent Relationship": "Outer",
                          "Parallel Aware": true,
                          "Join Type": "Inner",
                          "Startup Cost": 48704.74,
                          "Total Cost": 92343.02,
                          "Plan Rows": 218423,
                          "Plan Width": 8,
                          "Actual Startup Time": 195.774,
                          "Actual Total Time": 302.279,
                          "Actual Rows": 79926,
                          "Actual Loops": 7,
                          "Inner Unique": true,
                          "Hash Cond": "(mk.movie_id = t.id)",
                          "Plans": [
                            {
                              "Node Type": "Seq Scan",
                              "Parent Relationship": "Outer",
                              "Parallel Aware": true,
                              "Relation Name": "movie_keyword",
                              "Alias": "mk",
                              "Startup Cost": 0.0,
                              "Total Cost": 42695.65,
                              "Plan Rows": 359094,
                              "Plan Width": 4,
                              "Actual Startup Time": 0.028,
                              "Actual Total Time": 65.891,
                              "Actual Rows": 160139,
                              "Actual Loops": 7,
                              "Filter": "(keyword_id < 1198)",
                              "Rows Removed by Filter": 486136
                            },
                            {
                              "Node Type": "Hash",
                              "Parent Relationship": "Inner",
                              "Parallel Aware": true,
                              "Startup Cost": 43898.92,
                              "Total Cost": 43898.92,
                              "Plan Rows": 384466,
                              "Plan Width": 4,
                              "Actual Startup Time": 193.257,
                              "Actual Total Time": 193.26,
                              "Actual Rows": 218802,
                              "Actual Loops": 7,
                              "Hash Buckets": 2097152,
                              "Original Hash Buckets": 2097152,
                              "Hash Batches": 1,
                              "Original Hash Batches": 1,
                              "Peak Memory Usage": 76416,
                              "Plans": [
                                {
                                  "Node Type": "Seq Scan",
                                  "Parent Relationship": "Outer",
                                  "Parallel Aware": true,
                                  "Relation Name": "title",
                                  "Alias": "t",
                                  "Startup Cost": 0.0,
                                  "Total Cost": 43898.92,
                                  "Plan Rows": 384466,
                                  "Plan Width": 4,
                                  "Actual Startup Time": 0.043,
                                  "Actual Total Time": 81.591,
                                  "Actual Rows": 218802,
                                  "Actual Loops": 7,
                                  "Filter": "(production_year > 1997)",
                                  "Rows Removed by Filter": 142386
                                }
                              ]
                            }
                          ]
                        }
                      ]
                    }
                  ]
                }
              ]
            }
          ]
        }
      ]
    },
    "Planning Time": 1.349,
    "Triggers": [],
    "Execution Time": 1779.223
  }
]