[
  {
    "Plan": {
      "Node Type": "Aggregate",
      "Strategy": "Plain",
      "Partial Mode": "Finalize",
      "Parallel Aware": false,
      "Startup Cost": 331379.36,
      "Total Cost": 331379.37,
      "Plan Rows": 1,
      "Plan Width": 8,
      "Actual Startup Time": 592.759,
      "Actual Total Time": 648.462,
      "Actual Rows": 1,
      "Actual Loops": 1,
      "Plans": [
        {
          "Node Type": "Gather",
          "Parent Relationship": "Outer",
          "Parallel Aware": false,
          "Startup Cost": 331378.74,
          "Total Cost": 331379.35,
          "Plan Rows": 6,
          "Plan Width": 8,
          "Actual Startup Time": 592.651,
          "Actual Total Time": 648.451,
          "Actual Rows": 7,
          "Actual Loops": 1,
          "Workers Planned": 6,
          "Workers Launched": 6,
          "Single Copy": false,
          "Plans": [
            {
              "Node Type": "Aggregate",
              "Strategy": "Plain",
              "Partial Mode": "Partial",
              "Parent Relationship": "Outer",
              "Parallel Aware": false,
              "Startup Cost": 330378.74,
              "Total Cost": 330378.75,
              "Plan Rows": 1,
              "Plan Width": 8,
              "Actual Startup Time": 583.966,
              "Actual Total Time": 583.968,
              "Actual Rows": 1,
              "Actual Loops": 7,
              "Plans": [
                {
                  "Node Type": "Seq Scan",
                  "Parent Relationship": "Outer",
                  "Parallel Aware": true,
                  "Relation Name": "cast_info",
                  "Alias": "ci",
                  "Startup Cost": 0.0,
                  "Total Cost": 328162.03,
                  "Plan Rows": 886684,
                  "Plan Width": 0,
                  "Actual Startup Time": 383.426,
                  "Actual Total Time": 552.276,
                  "Actual Rows": 739315,
                  "Actual Loops": 7,
                  "Filter": "(person_id > 3147568)",
                  "Rows Removed by Filter": 4438448
                }
              ]
            }
          ]
        }
      ]
    },
    "Planning Time": 0.197,
    "Triggers": [],
    "Execution Time": 648.533
  }
]