[
  {
    "Plan": {
      "Node Type": "Aggregate",
      "Strategy": "Plain",
      "Partial Mode": "Finalize",
      "Parallel Aware": false,
      "Startup Cost": 523877.38,
      "Total Cost": 523877.39,
      "Plan Rows": 1,
      "Plan Width": 8,
      "Actual Startup Time": 1841.133,
      "Actual Total Time": 1909.741,
      "Actual Rows": 1,
      "Actual Loops": 1,
      "Plans": [
        {
          "Node Type": "Gather",
          "Parent Relationship": "Outer",
          "Parallel Aware": false,
          "Startup Cost": 523876.76,
          "Total Cost": 523877.37,
          "Plan Rows": 6,
          "Plan Width": 8,
          "Actual Startup Time": 1799.863,
          "Actual Total Time": 1909.72,
          "Actual Rows": 7,
          "Actual Loops": 1,
          "Workers Planned": 6,
          "Workers Launched": 6,
          "Single Copy": false,
          "Plans": [
            {
              "Node Type": "Aggregate",
              "Strategy": "Plain",
              "Partial Mode": "Partial",
              "Parent Relationship": "Outer",
              "Parallel Aware": false,
              "Startup Cost": 522876.76,
              "Total Cost": 522876.77,
              "Plan Rows": 1,
              "Plan Width": 8,
              "Actual Startup Time": 1780.26,
              "Actual Total Time": 1781.113,
              "Actual Rows": 1,
              "Actual Loops": 7,
              "Plans": [
                {
                  "Node Type": "Hash Join",
                  "Parent Relationship": "Outer",
                  "Parallel Aware": true,
                  "Join Type": "Inner",
                  "Startup Cost": 260486.22,
                  "Total Cost": 519684.42,
                  "Plan Rows": 1276936,
                  "Plan Width": 0,
                  "Actual Startup Time": 1125.764,
                  "Actual Total Time": 1741.37,
                  "Actual Rows": 779709,
                  "Actual Loops": 7,
                  "Inner Unique": false,
                  "Hash Cond": "(ci.movie_id = t.id)",
                  "Plans": [
                    {
                      "Node Type": "Index Scan",
                      "Parent Relationship": "Outer",
                      "Parallel Aware": true,
                      "Scan Direction": "Forward",
                      "Index Name": "role_id_cast_info",
                      "Relation Name": "cast_info",
                      "Alias": "ci",
                      "Startup Cost": 0.56,
                      "Total Cost": 253362.23,
                      "Plan Rows": 875377,
                      "Plan Width": 4,
                      "Actual Startup Time": 0.098,
                      "Actual Total Time": 296.507,
                      "Actual Rows": 358065,
                      "Actual Loops": 7,
                      "Index Cond": "(role_id > 4)",
                      "Rows Removed by Index Recheck": 0,
                      "Filter": "(person_id < 2058104)",
                      "Rows Removed by Filter": 982607
                    },
                    {
                      "Node Type": "Hash",
                      "Parent Relationship": "Inner",
                      "Parallel Aware": true,
                      "Startup Cost": 251264.97,
                      "Total Cost": 251264.97,
                      "Plan Rows": 737655,
                      "Plan Width": 8,
                      "Actual Startup Time": 1119.555,
                      "Actual Total Time": 1120.405,
                      "Actual Rows": 517854,
                      "Actual Loops": 7,
                      "Hash Buckets": 4194304,
                      "Original Hash Buckets": 4194304,
                      "Hash Batches": 1,
                      "Original Hash Batches": 1,
                      "Peak Memory Usage": 174688,
                      "Plans": [
                        {
                          "Node Type": "Hash Join",
                          "Parent Relationship": "Outer",
                          "Parallel Aware": true,
                          "Join Type": "Inner",
                          "Startup Cost": 50220.38,
                          "Total Cost": 251264.97,
                          "Plan Rows": 737655,
                          "Plan Width": 8,
                          "Actual Startup Time": 310.052,
                          "Actual Total Time": 848.757,
                          "Actual Rows": 517854,
                          "Actual Loops": 7,
                          "Inner Unique": true,
                          "Hash Cond": "(mi.movie_id = t.id)",
                          "Plans": [
                            {
                              "Node Type": "Seq Scan",
                              "Parent Relationship": "Outer",
                              "Parallel Aware": true,
                              "Relation Name": "movie_info",
                              "Alias": "mi",
                              "Startup Cost": 0.0,
                              "Total Cost": 199108.24,
                              "Plan Rows": 737655,
                              "Plan Width": 4,
                              "Actual Startup Time": 32.336,
                              "Actual Total Time": 344.506,
                              "Actual Rows": 517854,
                              "Actual Loops": 7,
                              "Filter": "(info_type_id < 4)",
                              "Rows Removed by Filter": 1601535
                            },
                            {
                              "Node Type": "Hash",
                              "Parent Relationship": "Inner",
                              "Parallel Aware": true,
                              "Startup Cost": 42319.06,
                              "Total Cost": 42319.06,
                              "Plan Rows": 632106,
                              "Plan Width": 4,
                              "Actual Startup Time": 273.617,
                              "Actual Total Time": 273.618,
                              "Actual Rows": 361187,
                              "Actual Loops": 7,
                              "Hash Buckets": 4194304,
                              "Original Hash Buckets": 4194304,
                              "Hash Batches": 1,
                              "Original Hash Batches": 1,
                              "Peak Memory Usage": 131776,
                              "Plans": [
                                {
                                  "Node Type": "Seq Scan",
                                  "Parent Relationship": "Outer",
                                  "Parallel Aware": true,
                                  "Relation Name": "title",
                                  "Alias": "t",
                                  "Startup Cost": 0.0,
                                  "Total Cost": 42319.06,
                                  "Plan Rows": 632106,
                                  "Plan Width": 4,
                                  "Actual Startup Time": 0.062,
                                  "Actual Total Time": 81.333,
                                  "Actual Rows": 361187,
                                  "Actual Loops": 7
                                }
                              ]
                            }
                          ]
                        }
                      ]
                    }
                  ]
                }
              ]
            }
          ]
        }
      ]
    },
    "Planning Time": 1.064,
    "Triggers": [],
    "Execution Time": 1909.821
  }
]