{
  "Plan": {
    "Node Type": "Aggregate",
    "Strategy": "Plain",
    "Partial Mode": "Finalize",
    "Parallel Aware": false,
    "Startup Cost": 85577.38,
    "Total Cost": 85577.39,
    "Plan Rows": 1,
    "Plan Width": 8,
    "Actual Startup Time": 280.851,
    "Actual Total Time": 299.393,
    "Actual Rows": 1,
    "Actual Loops": 1,
    "Plans": [
      {
        "Node Type": "Gather",
        "Parent Relationship": "Outer",
        "Parallel Aware": false,
        "Startup Cost": 85577.26,
        "Total Cost": 85577.37,
        "Plan Rows": 1,
        "Plan Width": 8,
        "Actual Startup Time": 280.208,
        "Actual Total Time": 299.384,
        "Actual Rows": 2,
        "Actual Loops": 1,
        "Workers Planned": 1,
        "Workers Launched": 1,
        "Single Copy": false,
        "Plans": [
          {
            "Node Type": "Aggregate",
            "Strategy": "Plain",
            "Partial Mode": "Partial",
            "Parent Relationship": "Outer",
            "Parallel Aware": false,
            "Startup Cost": 84577.26,
            "Total Cost": 84577.27,
            "Plan Rows": 1,
            "Plan Width": 8,
            "Actual Startup Time": 274.26,
            "Actual Total Time": 274.264,
            "Actual Rows": 1,
            "Actual Loops": 2,
            "Plans": [
              {
                "Node Type": "Hash Join",
                "Parent Relationship": "Outer",
                "Parallel Aware": true,
                "Join Type": "Inner",
                "Startup Cost": 62527.14,
                "Total Cost": 84568.97,
                "Plan Rows": 3318,
                "Plan Width": 0,
                "Actual Startup Time": 201.482,
                "Actual Total Time": 273.966,
                "Actual Rows": 3248,
                "Actual Loops": 2,
                "Inner Unique": true,
                "Hash Cond": "(mc.movie_id = t.id)",
                "Plans": [
                  {
                    "Node Type": "Bitmap Heap Scan",
                    "Parent Relationship": "Outer",
                    "Parallel Aware": true,
                    "Relation Name": "movie_companies",
                    "Alias": "mc",
                    "Startup Cost": 7311.01,
                    "Total Cost": 29094.92,
                    "Plan Rows": 98254,
                    "Plan Width": 4,
                    "Actual Startup Time": 26.509,
                    "Actual Total Time": 77.288,
                    "Actual Rows": 132552,
                    "Actual Loops": 2,
                    "Recheck Cond": "(company_id < 166)",
                    "Rows Removed by Index Recheck": 0,
                    "Filter": "(company_type_id = 1)",
                    "Rows Removed by Filter": 34676,
                    "Exact Heap Blocks": 12803,
                    "Lossy Heap Blocks": 0,
                    "Plans": [
                      {
                        "Node Type": "Bitmap Index Scan",
                        "Parent Relationship": "Outer",
                        "Parallel Aware": false,
                        "Index Name": "company_id_movie_companies",
                        "Startup Cost": 0.0,
                        "Total Cost": 7269.26,
                        "Plan Rows": 339310,
                        "Plan Width": 0,
                        "Actual Startup Time": 22.276,
                        "Actual Total Time": 22.277,
                        "Actual Rows": 334457,
                        "Actual Loops": 1,
                        "Index Cond": "(company_id < 166)"
                      }
                    ]
                  },
                  {
                    "Node Type": "Hash",
                    "Parent Relationship": "Inner",
                    "Parallel Aware": true,
                    "Startup Cost": 54588.39,
                    "Total Cost": 54588.39,
                    "Plan Rows": 50219,
                    "Plan Width": 4,
                    "Actual Startup Time": 172.639,
                    "Actual Total Time": 172.639,
                    "Actual Rows": 42296,
                    "Actual Loops": 2,
                    "Hash Buckets": 131072,
                    "Original Hash Buckets": 131072,
                    "Hash Batches": 1,
                    "Original Hash Batches": 1,
                    "Peak Memory Usage": 4384,
                    "Plans": [
                      {
                        "Node Type": "Seq Scan",
                        "Parent Relationship": "Outer",
                        "Parallel Aware": true,
                        "Relation Name": "title",
                        "Alias": "t",
                        "Startup Cost": 0.0,
                        "Total Cost": 54588.39,
                        "Plan Rows": 50219,
                        "Plan Width": 4,
                        "Actual Startup Time": 0.039,
                        "Actual Total Time": 157.524,
                        "Actual Rows": 42296,
                        "Actual Loops": 2,
                        "Filter": "(production_year = 2004)",
                        "Rows Removed by Filter": 1221860
                      }
                    ]
                  }
                ]
              }
            ]
          }
        ]
      }
    ]
  },
  "Planning Time": 0.465,
  "Triggers": [],
  "Execution Time": 299.486
}