[
  {
    "Plan": {
      "Node Type": "Aggregate",
      "Strategy": "Plain",
      "Partial Mode": "Finalize",
      "Parallel Aware": false,
      "Startup Cost": 46253.7,
      "Total Cost": 46253.71,
      "Plan Rows": 1,
      "Plan Width": 8,
      "Actual Startup Time": 164.485,
      "Actual Total Time": 171.989,
      "Actual Rows": 1,
      "Actual Loops": 1,
      "Plans": [
        {
          "Node Type": "Gather",
          "Parent Relationship": "Outer",
          "Parallel Aware": false,
          "Startup Cost": 46253.38,
          "Total Cost": 46253.69,
          "Plan Rows": 3,
          "Plan Width": 8,
          "Actual Startup Time": 164.35,
          "Actual Total Time": 171.98,
          "Actual Rows": 4,
          "Actual Loops": 1,
          "Workers Planned": 3,
          "Workers Launched": 3,
          "Single Copy": false,
          "Plans": [
            {
              "Node Type": "Aggregate",
              "Strategy": "Plain",
              "Partial Mode": "Partial",
              "Parent Relationship": "Outer",
              "Parallel Aware": false,
              "Startup Cost": 45253.38,
              "Total Cost": 45253.39,
              "Plan Rows": 1,
              "Plan Width": 8,
              "Actual Startup Time": 156.032,
              "Actual Total Time": 156.033,
              "Actual Rows": 1,
              "Actual Loops": 4,
              "Plans": [
                {
                  "Node Type": "Seq Scan",
                  "Parent Relationship": "Outer",
                  "Parallel Aware": true,
                  "Relation Name": "movie_keyword",
                  "Alias": "mk",
                  "Startup Cost": 0.0,
                  "Total Cost": 42695.65,
                  "Plan Rows": 1023092,
                  "Plan Width": 0,
                  "Actual Startup Time": 0.057,
                  "Actual Total Time": 120.116,
                  "Actual Rows": 791982,
                  "Actual Loops": 4,
                  "Filter": "(keyword_id < 12400)",
                  "Rows Removed by Filter": 339001
                }
              ]
            }
          ]
        }
      ]
    },
    "Planning Time": 0.156,
    "Triggers": [],
    "Execution Time": 172.041
  }
]