{
  "Plan": {
    "Node Type": "Aggregate",
    "Strategy": "Plain",
    "Partial Mode": "Finalize",
    "Parallel Aware": false,
    "Startup Cost": 607446.29,
    "Total Cost": 607446.3,
    "Plan Rows": 1,
    "Plan Width": 8,
    "Actual Startup Time": 2473.619,
    "Actual Total Time": 2528.106,
    "Actual Rows": 1,
    "Actual Loops": 1,
    "Plans": [
      {
        "Node Type": "Gather",
        "Parent Relationship": "Outer",
        "Parallel Aware": false,
        "Startup Cost": 607446.18,
        "Total Cost": 607446.29,
        "Plan Rows": 1,
        "Plan Width": 8,
        "Actual Startup Time": 2473.361,
        "Actual Total Time": 2528.098,
        "Actual Rows": 2,
        "Actual Loops": 1,
        "Workers Planned": 1,
        "Workers Launched": 1,
        "Single Copy": false,
        "Plans": [
          {
            "Node Type": "Aggregate",
            "Strategy": "Plain",
            "Partial Mode": "Partial",
            "Parent Relationship": "Outer",
            "Parallel Aware": false,
            "Startup Cost": 606446.18,
            "Total Cost": 606446.19,
            "Plan Rows": 1,
            "Plan Width": 8,
            "Actual Startup Time": 2470.232,
            "Actual Total Time": 2470.236,
            "Actual Rows": 1,
            "Actual Loops": 2,
            "Plans": [
              {
                "Node Type": "Hash Join",
                "Parent Relationship": "Outer",
                "Parallel Aware": true,
                "Join Type": "Inner",
                "Startup Cost": 58605.56,
                "Total Cost": 606012.0,
                "Plan Rows": 173674,
                "Plan Width": 0,
                "Actual Startup Time": 141.546,
                "Actual Total Time": 2462.866,
                "Actual Rows": 150646,
                "Actual Loops": 2,
                "Inner Unique": true,
                "Hash Cond": "(ci.movie_id = t.id)",
                "Plans": [
                  {
                    "Node Type": "Seq Scan",
                    "Parent Relationship": "Outer",
                    "Parallel Aware": true,
                    "Relation Name": "cast_info",
                    "Alias": "ci",
                    "Startup Cost": 0.0,
                    "Total Cost": 519069.44,
                    "Plan Rows": 10795031,
                    "Plan Width": 4,
                    "Actual Startup Time": 0.015,
                    "Actual Total Time": 1412.504,
                    "Actual Rows": 9185856,
                    "Actual Loops": 2,
                    "Filter": "(person_id < 1825768)",
                    "Rows Removed by Filter": 8936316
                  },
                  {
                    "Node Type": "Hash",
                    "Parent Relationship": "Inner",
                    "Parallel Aware": true,
                    "Startup Cost": 58306.47,
                    "Total Cost": 58306.47,
                    "Plan Rows": 23927,
                    "Plan Width": 4,
                    "Actual Startup Time": 139.836,
                    "Actual Total Time": 139.837,
                    "Actual Rows": 21926,
                    "Actual Loops": 2,
                    "Hash Buckets": 65536,
                    "Original Hash Buckets": 65536,
                    "Hash Batches": 1,
                    "Original Hash Batches": 1,
                    "Peak Memory Usage": 2272,
                    "Plans": [
                      {
                        "Node Type": "Seq Scan",
                        "Parent Relationship": "Outer",
                        "Parallel Aware": true,
                        "Relation Name": "title",
                        "Alias": "t",
                        "Startup Cost": 0.0,
                        "Total Cost": 58306.47,
                        "Plan Rows": 23927,
                        "Plan Width": 4,
                        "Actual Startup Time": 0.04,
                        "Actual Total Time": 133.21,
                        "Actual Rows": 21926,
                        "Actual Loops": 2,
                        "Filter": "((kind_id = 7) AND (production_year = 2003))",
                        "Rows Removed by Filter": 1242230
                      }
                    ]
                  }
                ]
              }
            ]
          }
        ]
      }
    ]
  },
  "Planning Time": 0.532,
  "Triggers": [],
  "Execution Time": 2528.193
}