[
  {
    "Plan": {
      "Node Type": "Aggregate",
      "Strategy": "Plain",
      "Partial Mode": "Simple",
      "Parallel Aware": false,
      "Startup Cost": 22557.67,
      "Total Cost": 22557.68,
      "Plan Rows": 1,
      "Plan Width": 8,
      "Actual Startup Time": 50.198,
      "Actual Total Time": 50.199,
      "Actual Rows": 1,
      "Actual Loops": 1,
      "Plans": [
        {
          "Node Type": "Bitmap Heap Scan",
          "Parent Relationship": "Outer",
          "Parallel Aware": false,
          "Relation Name": "movie_companies",
          "Alias": "mc",
          "Startup Cost": 2147.6,
          "Total Cost": 22430.5,
          "Plan Rows": 50865,
          "Plan Width": 0,
          "Actual Startup Time": 14.637,
          "Actual Total Time": 43.556,
          "Actual Rows": 99176,
          "Actual Loops": 1,
          "Recheck Cond": "(company_id > 158021)",
          "Rows Removed by Index Recheck": 0,
          "Filter": "(company_type_id = 2)",
          "Rows Removed by Filter": 0,
          "Exact Heap Blocks": 3142,
          "Lossy Heap Blocks": 0,
          "Plans": [
            {
              "Node Type": "Bitmap Index Scan",
              "Parent Relationship": "Outer",
              "Parallel Aware": false,
              "Index Name": "company_id_movie_companies",
              "Startup Cost": 0.0,
              "Total Cost": 2134.88,
              "Plan Rows": 99527,
              "Plan Width": 0,
              "Actual Startup Time": 13.371,
              "Actual Total Time": 13.371,
              "Actual Rows": 99176,
              "Actual Loops": 1,
              "Index Cond": "(company_id > 158021)"
            }
          ]
        }
      ]
    },
    "Planning Time": 0.221,
    "Triggers": [],
    "Execution Time": 50.263
  }
]