[
  {
    "Plan": {
      "Node Type": "Aggregate",
      "Strategy": "Plain",
      "Partial Mode": "Simple",
      "Parallel Aware": false,
      "Startup Cost": 22752.42,
      "Total Cost": 22752.43,
      "Plan Rows": 1,
      "Plan Width": 8,
      "Actual Startup Time": 49.105,
      "Actual Total Time": 49.106,
      "Actual Rows": 1,
      "Actual Loops": 1,
      "Plans": [
        {
          "Node Type": "Bitmap Heap Scan",
          "Parent Relationship": "Outer",
          "Parallel Aware": false,
          "Relation Name": "movie_companies",
          "Alias": "mc",
          "Startup Cost": 2258.99,
          "Total Cost": 22619.52,
          "Plan Rows": 53161,
          "Plan Width": 0,
          "Actual Startup Time": 14.166,
          "Actual Total Time": 42.184,
          "Actual Rows": 99176,
          "Actual Loops": 1,
          "Recheck Cond": "(company_id > 158021)",
          "Rows Removed by Index Recheck": 0,
          "Filter": "(company_type_id = 2)",
          "Rows Removed by Filter": 0,
          "Exact Heap Blocks": 3142,
          "Lossy Heap Blocks": 0,
          "Plans": [
            {
              "Node Type": "Bitmap Index Scan",
              "Parent Relationship": "Outer",
              "Parallel Aware": false,
              "Index Name": "company_id_movie_companies",
              "Startup Cost": 0.0,
              "Total Cost": 2245.69,
              "Plan Rows": 104702,
              "Plan Width": 0,
              "Actual Startup Time": 13.0,
              "Actual Total Time": 13.0,
              "Actual Rows": 99176,
              "Actual Loops": 1,
              "Index Cond": "(company_id > 158021)"
            }
          ]
        }
      ]
    },
    "Planning Time": 0.214,
    "Triggers": [],
    "Execution Time": 49.173
  }
]