[
    {
        "Bao": {
            "Bao prediction": "NaN",
            "Bao recommended hint": "(no hint)"
        }
    },
    {
        "Plan": {
            "Node Type": "Aggregate",
            "Strategy": "Plain",
            "Partial Mode": "Finalize",
            "Parallel Aware": false,
            "Startup Cost": 45373.08,
            "Total Cost": 45373.09,
            "Plan Rows": 1,
            "Plan Width": 8,
            "Actual Startup Time": 42.327,
            "Actual Total Time": 47.723,
            "Actual Rows": 1,
            "Actual Loops": 1,
            "Output": [
                "count(*)"
            ],
            "Plans": [
                {
                    "Node Type": "Gather",
                    "Parent Relationship": "Outer",
                    "Parallel Aware": false,
                    "Startup Cost": 45372.86,
                    "Total Cost": 45373.07,
                    "Plan Rows": 2,
                    "Plan Width": 8,
                    "Actual Startup Time": 42.173,
                    "Actual Total Time": 47.717,
                    "Actual Rows": 3,
                    "Actual Loops": 1,
                    "Output": [
                        "(PARTIAL count(*))"
                    ],
                    "Workers Planned": 2,
                    "Workers Launched": 2,
                    "Single Copy": false,
                    "Plans": [
                        {
                            "Node Type": "Aggregate",
                            "Strategy": "Plain",
                            "Partial Mode": "Partial",
                            "Parent Relationship": "Outer",
                            "Parallel Aware": false,
                            "Startup Cost": 44372.86,
                            "Total Cost": 44372.87,
                            "Plan Rows": 1,
                            "Plan Width": 8,
                            "Actual Startup Time": 33.683,
                            "Actual Total Time": 33.685,
                            "Actual Rows": 1,
                            "Actual Loops": 3,
                            "Output": [
                                "PARTIAL count(*)"
                            ],
                            "Workers": [
                                {
                                    "Worker Number": 0,
                                    "Actual Startup Time": 29.65,
                                    "Actual Total Time": 29.652,
                                    "Actual Rows": 1,
                                    "Actual Loops": 1
                                },
                                {
                                    "Worker Number": 1,
                                    "Actual Startup Time": 29.779,
                                    "Actual Total Time": 29.781,
                                    "Actual Rows": 1,
                                    "Actual Loops": 1
                                }
                            ],
                            "Plans": [
                                {
                                    "Node Type": "Nested Loop",
                                    "Parent Relationship": "Outer",
                                    "Parallel Aware": false,
                                    "Join Type": "Inner",
                                    "Startup Cost": 195.42,
                                    "Total Cost": 44372.46,
                                    "Plan Rows": 160,
                                    "Plan Width": 0,
                                    "Actual Startup Time": 7.239,
                                    "Actual Total Time": 33.666,
                                    "Actual Rows": 47,
                                    "Actual Loops": 3,
                                    "Inner Unique": false,
                                    "Workers": [
                                        {
                                            "Worker Number": 0,
                                            "Actual Startup Time": 12.514,
                                            "Actual Total Time": 29.639,
                                            "Actual Rows": 13,
                                            "Actual Loops": 1
                                        },
                                        {
                                            "Worker Number": 1,
                                            "Actual Startup Time": 3.446,
                                            "Actual Total Time": 29.764,
                                            "Actual Rows": 16,
                                            "Actual Loops": 1
                                        }
                                    ],
                                    "Plans": [
                                        {
                                            "Node Type": "Nested Loop",
                                            "Parent Relationship": "Outer",
                                            "Parallel Aware": false,
                                            "Join Type": "Inner",
                                            "Startup Cost": 194.98,
                                            "Total Cost": 43123.9,
                                            "Plan Rows": 70,
                                            "Plan Width": 8,
                                            "Actual Startup Time": 6.901,
                                            "Actual Total Time": 32.516,
                                            "Actual Rows": 23,
                                            "Actual Loops": 3,
                                            "Output": [
                                                "t.id",
                                                "mk.movie_id"
                                            ],
                                            "Inner Unique": true,
                                            "Workers": [
                                                {
                                                    "Worker Number": 0,
                                                    "Actual Startup Time": 12.356,
                                                    "Actual Total Time": 28.749,
                                                    "Actual Rows": 5,
                                                    "Actual Loops": 1
                                                },
                                                {
                                                    "Worker Number": 1,
                                                    "Actual Startup Time": 3.238,
                                                    "Actual Total Time": 28.18,
                                                    "Actual Rows": 8,
                                                    "Actual Loops": 1
                                                }
                                            ],
                                            "Plans": [
                                                {
                                                    "Node Type": "Bitmap Heap Scan",
                                                    "Parent Relationship": "Outer",
                                                    "Parallel Aware": true,
                                                    "Relation Name": "movie_keyword",
                                                    "Schema": "public",
                                                    "Alias": "mk",
                                                    "Startup Cost": 194.55,
                                                    "Total Cost": 17984.64,
                                                    "Plan Rows": 3770,
                                                    "Plan Width": 4,
                                                    "Actual Startup Time": 1.611,
                                                    "Actual Total Time": 8.955,
                                                    "Actual Rows": 2498,
                                                    "Actual Loops": 3,
                                                    "Output": [
                                                        "mk.id",
                                                        "mk.movie_id",
                                                        "mk.keyword_id"
                                                    ],
                                                    "Recheck Cond": "(mk.keyword_id = 889)",
                                                    "Rows Removed by Index Recheck": 0,
                                                    "Exact Heap Blocks": 3396,
                                                    "Lossy Heap Blocks": 0,
                                                    "Workers": [
                                                        {
                                                            "Worker Number": 0,
                                                            "Actual Startup Time": 0.122,
                                                            "Actual Total Time": 7.083,
                                                            "Actual Rows": 689,
                                                            "Actual Loops": 1
                                                        },
                                                        {
                                                            "Worker Number": 1,
                                                            "Actual Startup Time": 0.143,
                                                            "Actual Total Time": 6.873,
                                                            "Actual Rows": 745,
                                                            "Actual Loops": 1
                                                        }
                                                    ],
                                                    "Plans": [
                                                        {
                                                            "Node Type": "Bitmap Index Scan",
                                                            "Parent Relationship": "Outer",
                                                            "Parallel Aware": false,
                                                            "Index Name": "keyword_id_movie_keyword",
                                                            "Startup Cost": 0.0,
                                                            "Total Cost": 192.29,
                                                            "Plan Rows": 9048,
                                                            "Plan Width": 0,
                                                            "Actual Startup Time": 2.727,
                                                            "Actual Total Time": 2.727,
                                                            "Actual Rows": 7495,
                                                            "Actual Loops": 1,
                                                            "Index Cond": "(mk.keyword_id = 889)"
                                                        }
                                                    ]
                                                },
                                                {
                                                    "Node Type": "Index Scan",
                                                    "Parent Relationship": "Inner",
                                                    "Parallel Aware": false,
                                                    "Scan Direction": "Forward",
                                                    "Index Name": "title_pkey",
                                                    "Relation Name": "title",
                                                    "Schema": "public",
                                                    "Alias": "t",
                                                    "Startup Cost": 0.43,
                                                    "Total Cost": 6.67,
                                                    "Plan Rows": 1,
                                                    "Plan Width": 4,
                                                    "Actual Startup Time": 0.009,
                                                    "Actual Total Time": 0.009,
                                                    "Actual Rows": 0,
                                                    "Actual Loops": 7495,
                                                    "Output": [
                                                        "t.id",
                                                        "t.title",
                                                        "t.imdb_index",
                                                        "t.kind_id",
                                                        "t.production_year",
                                                        "t.imdb_id",
                                                        "t.phonetic_code",
                                                        "t.episode_of_id",
                                                        "t.season_nr",
                                                        "t.episode_nr",
                                                        "t.series_years",
                                                        "t.md5sum"
                                                    ],
                                                    "Index Cond": "(t.id = mk.movie_id)",
                                                    "Rows Removed by Index Recheck": 0,
                                                    "Filter": "((t.kind_id > 2) AND (t.production_year > 2012))",
                                                    "Rows Removed by Filter": 1,
                                                    "Workers": [
                                                        {
                                                            "Worker Number": 0,
                                                            "Actual Startup Time": 0.03,
                                                            "Actual Total Time": 0.03,
                                                            "Actual Rows": 0,
                                                            "Actual Loops": 689
                                                        },
                                                        {
                                                            "Worker Number": 1,
                                                            "Actual Startup Time": 0.027,
                                                            "Actual Total Time": 0.027,
                                                            "Actual Rows": 0,
                                                            "Actual Loops": 745
                                                        }
                                                    ]
                                                }
                                            ]
                                        },
                                        {
                                            "Node Type": "Index Scan",
                                            "Parent Relationship": "Inner",
                                            "Parallel Aware": false,
                                            "Scan Direction": "Forward",
                                            "Index Name": "movie_id_movie_info",
                                            "Relation Name": "movie_info",
                                            "Schema": "public",
                                            "Alias": "mi",
                                            "Startup Cost": 0.43,
                                            "Total Cost": 17.69,
                                            "Plan Rows": 15,
                                            "Plan Width": 4,
                                            "Actual Startup Time": 0.023,
                                            "Actual Total Time": 0.048,
                                            "Actual Rows": 2,
                                            "Actual Loops": 70,
                                            "Output": [
                                                "mi.id",
                                                "mi.movie_id",
                                                "mi.info_type_id",
                                                "mi.info",
                                                "mi.note"
                                            ],
                                            "Index Cond": "(mi.movie_id = t.id)",
                                            "Rows Removed by Index Recheck": 0,
                                            "Filter": "(mi.info_type_id < 7)",
                                            "Rows Removed by Filter": 5,
                                            "Workers": [
                                                {
                                                    "Worker Number": 0,
                                                    "Actual Startup Time": 0.089,
                                                    "Actual Total Time": 0.175,
                                                    "Actual Rows": 3,
                                                    "Actual Loops": 5
                                                },
                                                {
                                                    "Worker Number": 1,
                                                    "Actual Startup Time": 0.085,
                                                    "Actual Total Time": 0.195,
                                                    "Actual Rows": 2,
                                                    "Actual Loops": 8
                                                }
                                            ]
                                        }
                                    ]
                                }
                            ]
                        }
                    ]
                }
            ]
        },
        "Planning Time": 281.745,
        "Triggers": [],
        "Execution Time": 47.827
    }
]