[
  {
    "Plan": {
      "Node Type": "Aggregate",
      "Strategy": "Plain",
      "Partial Mode": "Finalize",
      "Parallel Aware": false,
      "Startup Cost": 342335.6,
      "Total Cost": 342335.61,
      "Plan Rows": 1,
      "Plan Width": 8,
      "Actual Startup Time": 901.854,
      "Actual Total Time": 957.283,
      "Actual Rows": 1,
      "Actual Loops": 1,
      "Plans": [
        {
          "Node Type": "Gather",
          "Parent Relationship": "Outer",
          "Parallel Aware": false,
          "Startup Cost": 342334.97,
          "Total Cost": 342335.58,
          "Plan Rows": 6,
          "Plan Width": 8,
          "Actual Startup Time": 901.524,
          "Actual Total Time": 957.265,
          "Actual Rows": 7,
          "Actual Loops": 1,
          "Workers Planned": 6,
          "Workers Launched": 6,
          "Single Copy": false,
          "Plans": [
            {
              "Node Type": "Aggregate",
              "Strategy": "Plain",
              "Partial Mode": "Partial",
              "Parent Relationship": "Outer",
              "Parallel Aware": false,
              "Startup Cost": 341334.97,
              "Total Cost": 341334.98,
              "Plan Rows": 1,
              "Plan Width": 8,
              "Actual Startup Time": 893.421,
              "Actual Total Time": 893.423,
              "Actual Rows": 1,
              "Actual Loops": 7,
              "Plans": [
                {
                  "Node Type": "Seq Scan",
                  "Parent Relationship": "Outer",
                  "Parallel Aware": true,
                  "Relation Name": "cast_info",
                  "Alias": "ci",
                  "Startup Cost": 0.0,
                  "Total Cost": 328211.39,
                  "Plan Rows": 5249432,
                  "Plan Width": 0,
                  "Actual Startup Time": 0.046,
                  "Actual Total Time": 670.858,
                  "Actual Rows": 4503475,
                  "Actual Loops": 7,
                  "Filter": "(person_id < 3208054)",
                  "Rows Removed by Filter": 674288
                }
              ]
            }
          ]
        }
      ]
    },
    "Planning Time": 0.196,
    "Triggers": [],
    "Execution Time": 957.351
  }
]