[
  {
    "Plan": {
      "Node Type": "Aggregate",
      "Strategy": "Plain",
      "Partial Mode": "Finalize",
      "Parallel Aware": false,
      "Startup Cost": 342211.75,
      "Total Cost": 342211.76,
      "Plan Rows": 1,
      "Plan Width": 8,
      "Actual Startup Time": 849.269,
      "Actual Total Time": 903.36,
      "Actual Rows": 1,
      "Actual Loops": 1,
      "Plans": [
        {
          "Node Type": "Gather",
          "Parent Relationship": "Outer",
          "Parallel Aware": false,
          "Startup Cost": 342211.13,
          "Total Cost": 342211.74,
          "Plan Rows": 6,
          "Plan Width": 8,
          "Actual Startup Time": 849.169,
          "Actual Total Time": 903.35,
          "Actual Rows": 7,
          "Actual Loops": 1,
          "Workers Planned": 6,
          "Workers Launched": 6,
          "Single Copy": false,
          "Plans": [
            {
              "Node Type": "Aggregate",
              "Strategy": "Plain",
              "Partial Mode": "Partial",
              "Parent Relationship": "Outer",
              "Parallel Aware": false,
              "Startup Cost": 341211.13,
              "Total Cost": 341211.14,
              "Plan Rows": 1,
              "Plan Width": 8,
              "Actual Startup Time": 841.352,
              "Actual Total Time": 841.353,
              "Actual Rows": 1,
              "Actual Loops": 7,
              "Plans": [
                {
                  "Node Type": "Seq Scan",
                  "Parent Relationship": "Outer",
                  "Parallel Aware": true,
                  "Relation Name": "cast_info",
                  "Alias": "ci",
                  "Startup Cost": 0.0,
                  "Total Cost": 328162.03,
                  "Plan Rows": 5219641,
                  "Plan Width": 0,
                  "Actual Startup Time": 0.044,
                  "Actual Total Time": 642.09,
                  "Actual Rows": 4503475,
                  "Actual Loops": 7,
                  "Filter": "(person_id < 3208054)",
                  "Rows Removed by Filter": 674288
                }
              ]
            }
          ]
        }
      ]
    },
    "Planning Time": 0.134,
    "Triggers": [],
    "Execution Time": 903.417
  }
]