[
  {
    "Plan": {
      "Node Type": "Aggregate",
      "Strategy": "Plain",
      "Partial Mode": "Finalize",
      "Parallel Aware": false,
      "Startup Cost": 94881.33,
      "Total Cost": 94881.34,
      "Plan Rows": 1,
      "Plan Width": 8,
      "Actual Startup Time": 421.003,
      "Actual Total Time": 439.302,
      "Actual Rows": 1,
      "Actual Loops": 1,
      "Plans": [
        {
          "Node Type": "Gather",
          "Parent Relationship": "Outer",
          "Parallel Aware": false,
          "Startup Cost": 94881.01,
          "Total Cost": 94881.32,
          "Plan Rows": 3,
          "Plan Width": 8,
          "Actual Startup Time": 418.201,
          "Actual Total Time": 439.294,
          "Actual Rows": 4,
          "Actual Loops": 1,
          "Workers Planned": 3,
          "Workers Launched": 3,
          "Single Copy": false,
          "Plans": [
            {
              "Node Type": "Aggregate",
              "Strategy": "Plain",
              "Partial Mode": "Partial",
              "Parent Relationship": "Outer",
              "Parallel Aware": false,
              "Startup Cost": 93881.01,
              "Total Cost": 93881.02,
              "Plan Rows": 1,
              "Plan Width": 8,
              "Actual Startup Time": 409.026,
              "Actual Total Time": 409.032,
              "Actual Rows": 1,
              "Actual Loops": 4,
              "Plans": [
                {
                  "Node Type": "Hash Join",
                  "Parent Relationship": "Outer",
                  "Parallel Aware": true,
                  "Join Type": "Inner",
                  "Startup Cost": 63253.56,
                  "Total Cost": 93781.75,
                  "Plan Rows": 39705,
                  "Plan Width": 0,
                  "Actual Startup Time": 269.393,
                  "Actual Total Time": 398.992,
                  "Actual Rows": 255186,
                  "Actual Loops": 4,
                  "Inner Unique": false,
                  "Hash Cond": "(mc.movie_id = t.id)",
                  "Plans": [
                    {
                      "Node Type": "Seq Scan",
                      "Parent Relationship": "Outer",
                      "Parallel Aware": true,
                      "Relation Name": "movie_companies",
                      "Alias": "mc",
                      "Startup Cost": 0.0,
                      "Total Cost": 27206.55,
                      "Plan Rows": 841655,
                      "Plan Width": 4,
                      "Actual Startup Time": 0.016,
                      "Actual Total Time": 56.799,
                      "Actual Rows": 652282,
                      "Actual Loops": 4
                    },
                    {
                      "Node Type": "Hash",
                      "Parent Relationship": "Inner",
                      "Parallel Aware": true,
                      "Startup Cost": 62632.35,
                      "Total Cost": 62632.35,
                      "Plan Rows": 49697,
                      "Plan Width": 8,
                      "Actual Startup Time": 243.305,
                      "Actual Total Time": 243.309,
                      "Actual Rows": 69094,
                      "Actual Loops": 4,
                      "Hash Buckets": 524288,
                      "Original Hash Buckets": 131072,
                      "Hash Batches": 1,
                      "Original Hash Batches": 1,
                      "Peak Memory Usage": 18048,
                      "Plans": [
                        {
                          "Node Type": "Hash Join",
                          "Parent Relationship": "Outer",
                          "Parallel Aware": true,
                          "Join Type": "Inner",
                          "Startup Cost": 46504.45,
                          "Total Cost": 62632.35,
                          "Plan Rows": 49697,
                          "Plan Width": 8,
                          "Actual Startup Time": 168.161,
                          "Actual Total Time": 216.746,
                          "Actual Rows": 69094,
                          "Actual Loops": 4,
                          "Inner Unique": true,
                          "Hash Cond": "(mi_idx.movie_id = t.id)",
                          "Plans": [
                            {
                              "Node Type": "Seq Scan",
                              "Parent Relationship": "Outer",
                              "Parallel Aware": true,
                              "Relation Name": "movie_info_idx",
                              "Alias": "mi_idx",
                              "Startup Cost": 0.0,
                              "Total Cost": 15122.68,
                              "Plan Rows": 382940,
                              "Plan Width": 4,
                              "Actual Startup Time": 0.025,
                              "Actual Total Time": 34.253,
                              "Actual Rows": 229962,
                              "Actual Loops": 4,
                              "Filter": "(info_type_id < 101)",
                              "Rows Removed by Filter": 115046
                            },
                            {
                              "Node Type": "Hash",
                              "Parent Relationship": "Inner",
                              "Parallel Aware": true,
                              "Startup Cost": 45479.1,
                              "Total Cost": 45479.1,
                              "Plan Rows": 82028,
                              "Plan Width": 4,
                              "Actual Startup Time": 139.016,
                              "Actual Total Time": 139.017,
                              "Actual Rows": 102880,
                              "Actual Loops": 4,
                              "Hash Buckets": 524288,
                              "Original Hash Buckets": 524288,
                              "Hash Batches": 1,
                              "Original Hash Batches": 1,
                              "Peak Memory Usage": 20256,
                              "Plans": [
                                {
                                  "Node Type": "Seq Scan",
                                  "Parent Relationship": "Outer",
                                  "Parallel Aware": true,
                                  "Relation Name": "title",
                                  "Alias": "t",
                                  "Startup Cost": 0.0,
                                  "Total Cost": 45479.1,
                                  "Plan Rows": 82028,
                                  "Plan Width": 4,
                                  "Actual Startup Time": 63.414,
                                  "Actual Total Time": 105.233,
                                  "Actual Rows": 102880,
                                  "Actual Loops": 4,
                                  "Filter": "((production_year < 2004) AND (kind_id = 1))",
                                  "Rows Removed by Filter": 529198
                                }
                              ]
                            }
                          ]
                        }
                      ]
                    }
                  ]
                }
              ]
            }
          ]
        }
      ]
    },
    "Planning Time": 1.477,
    "Triggers": [],
    "Execution Time": 439.393
  }
]