[
  {
    "Plan": {
      "Node Type": "Aggregate",
      "Strategy": "Plain",
      "Partial Mode": "Finalize",
      "Parallel Aware": false,
      "Startup Cost": 47082.03,
      "Total Cost": 47082.04,
      "Plan Rows": 1,
      "Plan Width": 8,
      "Actual Startup Time": 172.595,
      "Actual Total Time": 180.462,
      "Actual Rows": 1,
      "Actual Loops": 1,
      "Plans": [
        {
          "Node Type": "Gather",
          "Parent Relationship": "Outer",
          "Parallel Aware": false,
          "Startup Cost": 47081.71,
          "Total Cost": 47082.02,
          "Plan Rows": 3,
          "Plan Width": 8,
          "Actual Startup Time": 172.465,
          "Actual Total Time": 180.455,
          "Actual Rows": 4,
          "Actual Loops": 1,
          "Workers Planned": 3,
          "Workers Launched": 3,
          "Single Copy": false,
          "Plans": [
            {
              "Node Type": "Aggregate",
              "Strategy": "Plain",
              "Partial Mode": "Partial",
              "Parent Relationship": "Outer",
              "Parallel Aware": false,
              "Startup Cost": 46081.71,
              "Total Cost": 46081.72,
              "Plan Rows": 1,
              "Plan Width": 8,
              "Actual Startup Time": 164.124,
              "Actual Total Time": 164.125,
              "Actual Rows": 1,
              "Actual Loops": 4,
              "Plans": [
                {
                  "Node Type": "Seq Scan",
                  "Parent Relationship": "Outer",
                  "Parallel Aware": true,
                  "Relation Name": "movie_keyword",
                  "Alias": "mk",
                  "Startup Cost": 0.0,
                  "Total Cost": 42695.65,
                  "Plan Rows": 1354423,
                  "Plan Width": 0,
                  "Actual Startup Time": 0.078,
                  "Actual Total Time": 119.627,
                  "Actual Rows": 1045019,
                  "Actual Loops": 4,
                  "Filter": "(keyword_id > 283)",
                  "Rows Removed by Filter": 85964
                }
              ]
            }
          ]
        }
      ]
    },
    "Planning Time": 0.179,
    "Triggers": [],
    "Execution Time": 180.525
  }
]