[
  {
    "Plan": {
      "Node Type": "Aggregate",
      "Strategy": "Plain",
      "Partial Mode": "Finalize",
      "Parallel Aware": false,
      "Startup Cost": 368580.33,
      "Total Cost": 368580.34,
      "Plan Rows": 1,
      "Plan Width": 8,
      "Actual Startup Time": 550.995,
      "Actual Total Time": 632.078,
      "Actual Rows": 1,
      "Actual Loops": 1,
      "Plans": [
        {
          "Node Type": "Gather",
          "Parent Relationship": "Outer",
          "Parallel Aware": false,
          "Startup Cost": 368579.91,
          "Total Cost": 368580.32,
          "Plan Rows": 4,
          "Plan Width": 8,
          "Actual Startup Time": 550.799,
          "Actual Total Time": 632.068,
          "Actual Rows": 5,
          "Actual Loops": 1,
          "Workers Planned": 4,
          "Workers Launched": 4,
          "Single Copy": false,
          "Plans": [
            {
              "Node Type": "Aggregate",
              "Strategy": "Plain",
              "Partial Mode": "Partial",
              "Parent Relationship": "Outer",
              "Parallel Aware": false,
              "Startup Cost": 367579.91,
              "Total Cost": 367579.92,
              "Plan Rows": 1,
              "Plan Width": 8,
              "Actual Startup Time": 542.8,
              "Actual Total Time": 542.802,
              "Actual Rows": 1,
              "Actual Loops": 5,
              "Plans": [
                {
                  "Node Type": "Nested Loop",
                  "Parent Relationship": "Outer",
                  "Parallel Aware": false,
                  "Join Type": "Inner",
                  "Startup Cost": 0.56,
                  "Total Cost": 367449.21,
                  "Plan Rows": 52282,
                  "Plan Width": 0,
                  "Actual Startup Time": 0.748,
                  "Actual Total Time": 538.989,
                  "Actual Rows": 38633,
                  "Actual Loops": 5,
                  "Inner Unique": false,
                  "Plans": [
                    {
                      "Node Type": "Seq Scan",
                      "Parent Relationship": "Outer",
                      "Parallel Aware": true,
                      "Relation Name": "title",
                      "Alias": "t",
                      "Startup Cost": 0.0,
                      "Total Cost": 45479.59,
                      "Plan Rows": 15087,
                      "Plan Width": 4,
                      "Actual Startup Time": 0.042,
                      "Actual Total Time": 79.971,
                      "Actual Rows": 13655,
                      "Actual Loops": 5,
                      "Filter": "((kind_id > 2) AND (production_year = 2004))",
                      "Rows Removed by Filter": 492008
                    },
                    {
                      "Node Type": "Index Scan",
                      "Parent Relationship": "Inner",
                      "Parallel Aware": false,
                      "Scan Direction": "Forward",
                      "Index Name": "movie_id_cast_info",
                      "Relation Name": "cast_info",
                      "Alias": "ci",
                      "Startup Cost": 0.56,
                      "Total Cost": 21.26,
                      "Plan Rows": 8,
                      "Plan Width": 4,
                      "Actual Startup Time": 0.024,
                      "Actual Total Time": 0.033,
                      "Actual Rows": 3,
                      "Actual Loops": 68274,
                      "Index Cond": "(movie_id = t.id)",
                      "Rows Removed by Index Recheck": 0,
                      "Filter": "(person_id > 2824191)",
                      "Rows Removed by Filter": 10
                    }
                  ]
                }
              ]
            }
          ]
        }
      ]
    },
    "Planning Time": 0.233,
    "Triggers": [],
    "Execution Time": 632.134
  }
]