{
  "Plan": {
    "Node Type": "Aggregate",
    "Strategy": "Plain",
    "Partial Mode": "Finalize",
    "Parallel Aware": false,
    "Startup Cost": 200882.05,
    "Total Cost": 200882.06,
    "Plan Rows": 1,
    "Plan Width": 8,
    "Actual Startup Time": 640.939,
    "Actual Total Time": 665.635,
    "Actual Rows": 1,
    "Actual Loops": 1,
    "Plans": [
      {
        "Node Type": "Gather",
        "Parent Relationship": "Outer",
        "Parallel Aware": false,
        "Startup Cost": 200881.94,
        "Total Cost": 200882.05,
        "Plan Rows": 1,
        "Plan Width": 8,
        "Actual Startup Time": 640.665,
        "Actual Total Time": 665.628,
        "Actual Rows": 2,
        "Actual Loops": 1,
        "Workers Planned": 1,
        "Workers Launched": 1,
        "Single Copy": false,
        "Plans": [
          {
            "Node Type": "Aggregate",
            "Strategy": "Plain",
            "Partial Mode": "Partial",
            "Parent Relationship": "Outer",
            "Parallel Aware": false,
            "Startup Cost": 199881.94,
            "Total Cost": 199881.95,
            "Plan Rows": 1,
            "Plan Width": 8,
            "Actual Startup Time": 634.8,
            "Actual Total Time": 634.803,
            "Actual Rows": 1,
            "Actual Loops": 2,
            "Plans": [
              {
                "Node Type": "Hash Join",
                "Parent Relationship": "Outer",
                "Parallel Aware": true,
                "Join Type": "Inner",
                "Startup Cost": 58585.5,
                "Total Cost": 199876.31,
                "Plan Rows": 2252,
                "Plan Width": 0,
                "Actual Startup Time": 229.279,
                "Actual Total Time": 633.723,
                "Actual Rows": 13593,
                "Actual Loops": 2,
                "Inner Unique": true,
                "Hash Cond": "(ci.movie_id = t.id)",
                "Plans": [
                  {
                    "Node Type": "Index Scan",
                    "Parent Relationship": "Outer",
                    "Parallel Aware": true,
                    "Scan Direction": "Forward",
                    "Index Name": "role_id_cast_info",
                    "Relation Name": "cast_info",
                    "Alias": "ci",
                    "Startup Cost": 0.56,
                    "Total Cost": 140896.75,
                    "Plan Rows": 150333,
                    "Plan Width": 4,
                    "Actual Startup Time": 70.907,
                    "Actual Total Time": 364.677,
                    "Actual Rows": 926457,
                    "Actual Loops": 2,
                    "Index Cond": "(role_id = 10)",
                    "Rows Removed by Index Recheck": 0,
                    "Filter": "(person_id > 3664006)",
                    "Rows Removed by Filter": 1235052
                  },
                  {
                    "Node Type": "Hash",
                    "Parent Relationship": "Inner",
                    "Parallel Aware": true,
                    "Startup Cost": 58306.47,
                    "Total Cost": 58306.47,
                    "Plan Rows": 22277,
                    "Plan Width": 4,
                    "Actual Startup Time": 156.851,
                    "Actual Total Time": 156.852,
                    "Actual Rows": 12098,
                    "Actual Loops": 2,
                    "Hash Buckets": 65536,
                    "Original Hash Buckets": 65536,
                    "Hash Batches": 1,
                    "Original Hash Batches": 1,
                    "Peak Memory Usage": 1504,
                    "Plans": [
                      {
                        "Node Type": "Seq Scan",
                        "Parent Relationship": "Outer",
                        "Parallel Aware": true,
                        "Relation Name": "title",
                        "Alias": "t",
                        "Startup Cost": 0.0,
                        "Total Cost": 58306.47,
                        "Plan Rows": 22277,
                        "Plan Width": 4,
                        "Actual Startup Time": 0.195,
                        "Actual Total Time": 152.241,
                        "Actual Rows": 12098,
                        "Actual Loops": 2,
                        "Filter": "((kind_id < 4) AND (production_year = 2006))",
                        "Rows Removed by Filter": 1252058
                      }
                    ]
                  }
                ]
              }
            ]
          }
        ]
      }
    ]
  },
  "Planning Time": 0.514,
  "Triggers": [],
  "Execution Time": 665.719
}