[
  {
    "Plan": {
      "Node Type": "Aggregate",
      "Strategy": "Plain",
      "Partial Mode": "Finalize",
      "Parallel Aware": false,
      "Startup Cost": 45264.64,
      "Total Cost": 45264.65,
      "Plan Rows": 1,
      "Plan Width": 8,
      "Actual Startup Time": 138.655,
      "Actual Total Time": 148.433,
      "Actual Rows": 1,
      "Actual Loops": 1,
      "Plans": [
        {
          "Node Type": "Gather",
          "Parent Relationship": "Outer",
          "Parallel Aware": false,
          "Startup Cost": 45264.32,
          "Total Cost": 45264.63,
          "Plan Rows": 3,
          "Plan Width": 8,
          "Actual Startup Time": 138.563,
          "Actual Total Time": 148.425,
          "Actual Rows": 4,
          "Actual Loops": 1,
          "Workers Planned": 3,
          "Workers Launched": 3,
          "Single Copy": false,
          "Plans": [
            {
              "Node Type": "Aggregate",
              "Strategy": "Plain",
              "Partial Mode": "Partial",
              "Parent Relationship": "Outer",
              "Parallel Aware": false,
              "Startup Cost": 44264.32,
              "Total Cost": 44264.33,
              "Plan Rows": 1,
              "Plan Width": 8,
              "Actual Startup Time": 133.126,
              "Actual Total Time": 133.127,
              "Actual Rows": 1,
              "Actual Loops": 4,
              "Plans": [
                {
                  "Node Type": "Seq Scan",
                  "Parent Relationship": "Outer",
                  "Parallel Aware": true,
                  "Relation Name": "movie_keyword",
                  "Alias": "mk",
                  "Startup Cost": 0.0,
                  "Total Cost": 42695.65,
                  "Plan Rows": 627467,
                  "Plan Width": 0,
                  "Actual Startup Time": 0.926,
                  "Actual Total Time": 110.307,
                  "Actual Rows": 486086,
                  "Actual Loops": 4,
                  "Filter": "(keyword_id > 6714)",
                  "Rows Removed by Filter": 644897
                }
              ]
            }
          ]
        }
      ]
    },
    "Planning Time": 0.193,
    "Triggers": [],
    "Execution Time": 148.483
  }
]