{
  "Plan": {
    "Node Type": "Aggregate",
    "Strategy": "Plain",
    "Partial Mode": "Finalize",
    "Parallel Aware": false,
    "Startup Cost": 352918.51,
    "Total Cost": 352918.52,
    "Plan Rows": 1,
    "Plan Width": 8,
    "Actual Startup Time": 1859.066,
    "Actual Total Time": 1908.021,
    "Actual Rows": 1,
    "Actual Loops": 1,
    "Plans": [
      {
        "Node Type": "Gather",
        "Parent Relationship": "Outer",
        "Parallel Aware": false,
        "Startup Cost": 352918.4,
        "Total Cost": 352918.51,
        "Plan Rows": 1,
        "Plan Width": 8,
        "Actual Startup Time": 1857.334,
        "Actual Total Time": 1908.009,
        "Actual Rows": 2,
        "Actual Loops": 1,
        "Workers Planned": 1,
        "Workers Launched": 1,
        "Single Copy": false,
        "Plans": [
          {
            "Node Type": "Aggregate",
            "Strategy": "Plain",
            "Partial Mode": "Partial",
            "Parent Relationship": "Outer",
            "Parallel Aware": false,
            "Startup Cost": 351918.4,
            "Total Cost": 351918.41,
            "Plan Rows": 1,
            "Plan Width": 8,
            "Actual Startup Time": 1851.452,
            "Actual Total Time": 1851.458,
            "Actual Rows": 1,
            "Actual Loops": 2,
            "Plans": [
              {
                "Node Type": "Hash Join",
                "Parent Relationship": "Outer",
                "Parallel Aware": true,
                "Join Type": "Inner",
                "Startup Cost": 65272.38,
                "Total Cost": 347723.57,
                "Plan Rows": 1677929,
                "Plan Width": 0,
                "Actual Startup Time": 347.73,
                "Actual Total Time": 1818.145,
                "Actual Rows": 826307,
                "Actual Loops": 2,
                "Inner Unique": true,
                "Hash Cond": "(mi.movie_id = t.id)",
                "Plans": [
                  {
                    "Node Type": "Seq Scan",
                    "Parent Relationship": "Outer",
                    "Parallel Aware": true,
                    "Relation Name": "movie_info",
                    "Alias": "mi",
                    "Startup Cost": 0.0,
                    "Total Cost": 270696.42,
                    "Plan Rows": 4478001,
                    "Plan Width": 4,
                    "Actual Startup Time": 34.868,
                    "Actual Total Time": 709.4,
                    "Actual Rows": 3774428,
                    "Actual Loops": 2,
                    "Filter": "(info_type_id > 7)",
                    "Rows Removed by Filter": 3643432
                  },
                  {
                    "Node Type": "Hash",
                    "Parent Relationship": "Inner",
                    "Parallel Aware": true,
                    "Startup Cost": 58306.47,
                    "Total Cost": 58306.47,
                    "Plan Rows": 557273,
                    "Plan Width": 4,
                    "Actual Startup Time": 303.372,
                    "Actual Total Time": 303.373,
                    "Actual Rows": 442892,
                    "Actual Loops": 2,
                    "Hash Buckets": 1048576,
                    "Original Hash Buckets": 1048576,
                    "Hash Batches": 1,
                    "Original Hash Batches": 1,
                    "Peak Memory Usage": 42880,
                    "Plans": [
                      {
                        "Node Type": "Seq Scan",
                        "Parent Relationship": "Outer",
                        "Parallel Aware": true,
                        "Relation Name": "title",
                        "Alias": "t",
                        "Startup Cost": 0.0,
                        "Total Cost": 58306.47,
                        "Plan Rows": 557273,
                        "Plan Width": 4,
                        "Actual Startup Time": 0.036,
                        "Actual Total Time": 168.796,
                        "Actual Rows": 442892,
                        "Actual Loops": 2,
                        "Filter": "((kind_id > 4) AND (production_year < 2007))",
                        "Rows Removed by Filter": 821264
                      }
                    ]
                  }
                ]
              }
            ]
          }
        ]
      }
    ]
  },
  "Planning Time": 0.678,
  "Triggers": [],
  "Execution Time": 1908.111
}