[
  {
    "Plan": {
      "Node Type": "Aggregate",
      "Strategy": "Plain",
      "Partial Mode": "Finalize",
      "Parallel Aware": false,
      "Startup Cost": 46982.28,
      "Total Cost": 46982.29,
      "Plan Rows": 1,
      "Plan Width": 8,
      "Actual Startup Time": 104.86,
      "Actual Total Time": 115.259,
      "Actual Rows": 1,
      "Actual Loops": 1,
      "Plans": [
        {
          "Node Type": "Gather",
          "Parent Relationship": "Outer",
          "Parallel Aware": false,
          "Startup Cost": 46981.86,
          "Total Cost": 46982.27,
          "Plan Rows": 4,
          "Plan Width": 8,
          "Actual Startup Time": 104.675,
          "Actual Total Time": 115.249,
          "Actual Rows": 5,
          "Actual Loops": 1,
          "Workers Planned": 4,
          "Workers Launched": 4,
          "Single Copy": false,
          "Plans": [
            {
              "Node Type": "Aggregate",
              "Strategy": "Plain",
              "Partial Mode": "Partial",
              "Parent Relationship": "Outer",
              "Parallel Aware": false,
              "Startup Cost": 45981.86,
              "Total Cost": 45981.87,
              "Plan Rows": 1,
              "Plan Width": 8,
              "Actual Startup Time": 98.91,
              "Actual Total Time": 98.911,
              "Actual Rows": 1,
              "Actual Loops": 5,
              "Plans": [
                {
                  "Node Type": "Seq Scan",
                  "Parent Relationship": "Outer",
                  "Parallel Aware": true,
                  "Relation Name": "title",
                  "Alias": "t",
                  "Startup Cost": 0.0,
                  "Total Cost": 45479.59,
                  "Plan Rows": 200909,
                  "Plan Width": 0,
                  "Actual Startup Time": 0.04,
                  "Actual Total Time": 89.556,
                  "Actual Rows": 164328,
                  "Actual Loops": 5,
                  "Filter": "((kind_id < 4) AND (production_year < 2013))",
                  "Rows Removed by Filter": 341335
                }
              ]
            }
          ]
        }
      ]
    },
    "Planning Time": 0.198,
    "Triggers": [],
    "Execution Time": 115.328
  }
]