[
  {
    "Plan": {
      "Node Type": "Aggregate",
      "Strategy": "Plain",
      "Partial Mode": "Finalize",
      "Parallel Aware": false,
      "Startup Cost": 46984.85,
      "Total Cost": 46984.86,
      "Plan Rows": 1,
      "Plan Width": 8,
      "Actual Startup Time": 113.911,
      "Actual Total Time": 125.631,
      "Actual Rows": 1,
      "Actual Loops": 1,
      "Plans": [
        {
          "Node Type": "Gather",
          "Parent Relationship": "Outer",
          "Parallel Aware": false,
          "Startup Cost": 46984.43,
          "Total Cost": 46984.84,
          "Plan Rows": 4,
          "Plan Width": 8,
          "Actual Startup Time": 113.776,
          "Actual Total Time": 125.621,
          "Actual Rows": 5,
          "Actual Loops": 1,
          "Workers Planned": 4,
          "Workers Launched": 4,
          "Single Copy": false,
          "Plans": [
            {
              "Node Type": "Aggregate",
              "Strategy": "Plain",
              "Partial Mode": "Partial",
              "Parent Relationship": "Outer",
              "Parallel Aware": false,
              "Startup Cost": 45984.43,
              "Total Cost": 45984.44,
              "Plan Rows": 1,
              "Plan Width": 8,
              "Actual Startup Time": 105.298,
              "Actual Total Time": 105.299,
              "Actual Rows": 1,
              "Actual Loops": 5,
              "Plans": [
                {
                  "Node Type": "Seq Scan",
                  "Parent Relationship": "Outer",
                  "Parallel Aware": true,
                  "Relation Name": "title",
                  "Alias": "t",
                  "Startup Cost": 0.0,
                  "Total Cost": 45479.1,
                  "Plan Rows": 202132,
                  "Plan Width": 0,
                  "Actual Startup Time": 0.043,
                  "Actual Total Time": 96.664,
                  "Actual Rows": 164328,
                  "Actual Loops": 5,
                  "Filter": "((kind_id < 4) AND (production_year < 2013))",
                  "Rows Removed by Filter": 341335
                }
              ]
            }
          ]
        }
      ]
    },
    "Planning Time": 0.194,
    "Triggers": [],
    "Execution Time": 125.695
  }
]