{
  "Plan": {
    "Node Type": "Aggregate",
    "Strategy": "Plain",
    "Partial Mode": "Finalize",
    "Parallel Aware": false,
    "Startup Cost": 167173.7,
    "Total Cost": 167173.71,
    "Plan Rows": 1,
    "Plan Width": 8,
    "Actual Startup Time": 981.802,
    "Actual Total Time": 999.694,
    "Actual Rows": 1,
    "Actual Loops": 1,
    "Plans": [
      {
        "Node Type": "Gather",
        "Parent Relationship": "Outer",
        "Parallel Aware": false,
        "Startup Cost": 167173.58,
        "Total Cost": 167173.69,
        "Plan Rows": 1,
        "Plan Width": 8,
        "Actual Startup Time": 978.118,
        "Actual Total Time": 999.685,
        "Actual Rows": 2,
        "Actual Loops": 1,
        "Workers Planned": 1,
        "Workers Launched": 1,
        "Single Copy": false,
        "Plans": [
          {
            "Node Type": "Aggregate",
            "Strategy": "Plain",
            "Partial Mode": "Partial",
            "Parent Relationship": "Outer",
            "Parallel Aware": false,
            "Startup Cost": 166173.58,
            "Total Cost": 166173.59,
            "Plan Rows": 1,
            "Plan Width": 8,
            "Actual Startup Time": 973.959,
            "Actual Total Time": 974.575,
            "Actual Rows": 1,
            "Actual Loops": 2,
            "Plans": [
              {
                "Node Type": "Hash Join",
                "Parent Relationship": "Outer",
                "Parallel Aware": true,
                "Join Type": "Inner",
                "Startup Cost": 131079.15,
                "Total Cost": 165814.09,
                "Plan Rows": 143798,
                "Plan Width": 0,
                "Actual Startup Time": 796.732,
                "Actual Total Time": 971.979,
                "Actual Rows": 43322,
                "Actual Loops": 2,
                "Inner Unique": false,
                "Hash Cond": "(mk.movie_id = t.id)",
                "Plans": [
                  {
                    "Node Type": "Bitmap Heap Scan",
                    "Parent Relationship": "Outer",
                    "Parallel Aware": true,
                    "Relation Name": "movie_keyword",
                    "Alias": "mk",
                    "Startup Cost": 20938.09,
                    "Total Cost": 52649.84,
                    "Plan Rows": 580619,
                    "Plan Width": 4,
                    "Actual Startup Time": 62.172,
                    "Actual Total Time": 165.617,
                    "Actual Rows": 495755,
                    "Actual Loops": 2,
                    "Recheck Cond": "(keyword_id < 931)",
                    "Rows Removed by Index Recheck": 0,
                    "Exact Heap Blocks": 12769,
                    "Lossy Heap Blocks": 0,
                    "Plans": [
                      {
                        "Node Type": "Bitmap Index Scan",
                        "Parent Relationship": "Outer",
                        "Parallel Aware": false,
                        "Index Name": "keyword_id_movie_keyword",
                        "Startup Cost": 0.0,
                        "Total Cost": 20691.33,
                        "Plan Rows": 987053,
                        "Plan Width": 0,
                        "Actual Startup Time": 58.58,
                        "Actual Total Time": 58.581,
                        "Actual Rows": 991510,
                        "Actual Loops": 1,
                        "Index Cond": "(keyword_id < 931)"
                      }
                    ]
                  },
                  {
                    "Node Type": "Hash",
                    "Parent Relationship": "Inner",
                    "Parallel Aware": true,
                    "Startup Cost": 105536.89,
                    "Total Cost": 105536.89,
                    "Plan Rows": 368334,
                    "Plan Width": 8,
                    "Actual Startup Time": 727.245,
                    "Actual Total Time": 727.858,
                    "Actual Rows": 109019,
                    "Actual Loops": 2,
                    "Hash Buckets": 1048576,
                    "Original Hash Buckets": 1048576,
                    "Hash Batches": 1,
                    "Original Hash Batches": 1,
                    "Peak Memory Usage": 16768,
                    "Plans": [
                      {
                        "Node Type": "Hash Join",
                        "Parent Relationship": "Outer",
                        "Parallel Aware": true,
                        "Join Type": "Inner",
                        "Startup Cost": 65984.91,
                        "Total Cost": 105536.89,
                        "Plan Rows": 368334,
                        "Plan Width": 8,
                        "Actual Startup Time": 437.941,
                        "Actual Total Time": 695.07,
                        "Actual Rows": 109019,
                        "Actual Loops": 2,
                        "Inner Unique": true,
                        "Hash Cond": "(mc.movie_id = t.id)",
                        "Plans": [
                          {
                            "Node Type": "Seq Scan",
                            "Parent Relationship": "Outer",
                            "Parallel Aware": true,
                            "Relation Name": "movie_companies",
                            "Alias": "mc",
                            "Startup Cost": 0.0,
                            "Total Cost": 37974.77,
                            "Plan Rows": 600838,
                            "Plan Width": 4,
                            "Actual Startup Time": 16.123,
                            "Actual Total Time": 114.028,
                            "Actual Rows": 516519,
                            "Actual Loops": 2,
                            "Filter": "(company_id > 15485)",
                            "Rows Removed by Filter": 788046
                          },
                          {
                            "Node Type": "Hash",
                            "Parent Relationship": "Inner",
                            "Parallel Aware": true,
                            "Startup Cost": 54588.39,
                            "Total Cost": 54588.39,
                            "Plan Rows": 911722,
                            "Plan Width": 4,
                            "Actual Startup Time": 412.787,
                            "Actual Total Time": 412.788,
                            "Actual Rows": 777932,
                            "Actual Loops": 2,
                            "Hash Buckets": 2097152,
                            "Original Hash Buckets": 2097152,
                            "Hash Batches": 1,
                            "Original Hash Batches": 1,
                            "Peak Memory Usage": 77280,
                            "Plans": [
                              {
                                "Node Type": "Seq Scan",
                                "Parent Relationship": "Outer",
                                "Parallel Aware": true,
                                "Relation Name": "title",
                                "Alias": "t",
                                "Startup Cost": 0.0,
                                "Total Cost": 54588.39,
                                "Plan Rows": 911722,
                                "Plan Width": 4,
                                "Actual Startup Time": 0.035,
                                "Actual Total Time": 165.825,
                                "Actual Rows": 777932,
                                "Actual Loops": 2,
                                "Filter": "(kind_id > 4)",
                                "Rows Removed by Filter": 486224
                              }
                            ]
                          }
                        ]
                      }
                    ]
                  }
                ]
              }
            ]
          }
        ]
      }
    ]
  },
  "Planning Time": 0.798,
  "Triggers": [],
  "Execution Time": 999.781
}