[
  {
    "Plan": {
      "Node Type": "Aggregate",
      "Strategy": "Plain",
      "Partial Mode": "Finalize",
      "Parallel Aware": false,
      "Startup Cost": 84028.34,
      "Total Cost": 84028.35,
      "Plan Rows": 1,
      "Plan Width": 8,
      "Actual Startup Time": 423.199,
      "Actual Total Time": 440.705,
      "Actual Rows": 1,
      "Actual Loops": 1,
      "Plans": [
        {
          "Node Type": "Gather",
          "Parent Relationship": "Outer",
          "Parallel Aware": false,
          "Startup Cost": 84027.92,
          "Total Cost": 84028.33,
          "Plan Rows": 4,
          "Plan Width": 8,
          "Actual Startup Time": 414.485,
          "Actual Total Time": 440.697,
          "Actual Rows": 5,
          "Actual Loops": 1,
          "Workers Planned": 4,
          "Workers Launched": 4,
          "Single Copy": false,
          "Plans": [
            {
              "Node Type": "Aggregate",
              "Strategy": "Plain",
              "Partial Mode": "Partial",
              "Parent Relationship": "Outer",
              "Parallel Aware": false,
              "Startup Cost": 83027.92,
              "Total Cost": 83027.93,
              "Plan Rows": 1,
              "Plan Width": 8,
              "Actual Startup Time": 401.368,
              "Actual Total Time": 401.371,
              "Actual Rows": 1,
              "Actual Loops": 5,
              "Plans": [
                {
                  "Node Type": "Hash Join",
                  "Parent Relationship": "Outer",
                  "Parallel Aware": true,
                  "Join Type": "Inner",
                  "Startup Cost": 35941.76,
                  "Total Cost": 82326.24,
                  "Plan Rows": 280670,
                  "Plan Width": 0,
                  "Actual Startup Time": 162.552,
                  "Actual Total Time": 391.977,
                  "Actual Rows": 186396,
                  "Actual Loops": 5,
                  "Inner Unique": false,
                  "Hash Cond": "(t.id = mc.movie_id)",
                  "Plans": [
                    {
                      "Node Type": "Seq Scan",
                      "Parent Relationship": "Outer",
                      "Parallel Aware": true,
                      "Relation Name": "title",
                      "Alias": "t",
                      "Startup Cost": 0.0,
                      "Total Cost": 42318.73,
                      "Plan Rows": 632073,
                      "Plan Width": 4,
                      "Actual Startup Time": 0.013,
                      "Actual Total Time": 70.86,
                      "Actual Rows": 505662,
                      "Actual Loops": 5
                    },
                    {
                      "Node Type": "Hash",
                      "Parent Relationship": "Inner",
                      "Parallel Aware": true,
                      "Startup Cost": 31414.82,
                      "Total Cost": 31414.82,
                      "Plan Rows": 362155,
                      "Plan Width": 4,
                      "Actual Startup Time": 156.006,
                      "Actual Total Time": 156.008,
                      "Actual Rows": 186396,
                      "Actual Loops": 5,
                      "Hash Buckets": 2097152,
                      "Original Hash Buckets": 2097152,
                      "Hash Batches": 1,
                      "Original Hash Batches": 1,
                      "Peak Memory Usage": 52928,
                      "Plans": [
                        {
                          "Node Type": "Seq Scan",
                          "Parent Relationship": "Outer",
                          "Parallel Aware": true,
                          "Relation Name": "movie_companies",
                          "Alias": "mc",
                          "Startup Cost": 0.0,
                          "Total Cost": 31414.82,
                          "Plan Rows": 362155,
                          "Plan Width": 4,
                          "Actual Startup Time": 45.266,
                          "Actual Total Time": 82.846,
                          "Actual Rows": 186396,
                          "Actual Loops": 5,
                          "Filter": "((company_id < 81934) AND (company_type_id > 1))",
                          "Rows Removed by Filter": 335429
                        }
                      ]
                    }
                  ]
                }
              ]
            }
          ]
        }
      ]
    },
    "Planning Time": 0.616,
    "Triggers": [],
    "Execution Time": 440.773
  }
]