[
  {
    "Plan": {
      "Node Type": "Aggregate",
      "Strategy": "Plain",
      "Partial Mode": "Finalize",
      "Parallel Aware": false,
      "Startup Cost": 266465.99,
      "Total Cost": 266466.0,
      "Plan Rows": 1,
      "Plan Width": 8,
      "Actual Startup Time": 69.922,
      "Actual Total Time": 73.791,
      "Actual Rows": 1,
      "Actual Loops": 1,
      "Plans": [
        {
          "Node Type": "Gather",
          "Parent Relationship": "Outer",
          "Parallel Aware": false,
          "Startup Cost": 266465.37,
          "Total Cost": 266465.98,
          "Plan Rows": 6,
          "Plan Width": 8,
          "Actual Startup Time": 69.688,
          "Actual Total Time": 73.783,
          "Actual Rows": 7,
          "Actual Loops": 1,
          "Workers Planned": 6,
          "Workers Launched": 6,
          "Single Copy": false,
          "Plans": [
            {
              "Node Type": "Aggregate",
              "Strategy": "Plain",
              "Partial Mode": "Partial",
              "Parent Relationship": "Outer",
              "Parallel Aware": false,
              "Startup Cost": 265465.37,
              "Total Cost": 265465.38,
              "Plan Rows": 1,
              "Plan Width": 8,
              "Actual Startup Time": 59.699,
              "Actual Total Time": 59.7,
              "Actual Rows": 1,
              "Actual Loops": 7,
              "Plans": [
                {
                  "Node Type": "Bitmap Heap Scan",
                  "Parent Relationship": "Outer",
                  "Parallel Aware": true,
                  "Relation Name": "cast_info",
                  "Alias": "ci",
                  "Startup Cost": 11348.4,
                  "Total Cost": 265324.5,
                  "Plan Rows": 56345,
                  "Plan Width": 0,
                  "Actual Startup Time": 46.967,
                  "Actual Total Time": 58.144,
                  "Actual Rows": 18311,
                  "Actual Loops": 7,
                  "Recheck Cond": "(person_id < 55587)",
                  "Rows Removed by Index Recheck": 0,
                  "Filter": "(role_id > 1)",
                  "Rows Removed by Filter": 52972,
                  "Exact Heap Blocks": 1700,
                  "Lossy Heap Blocks": 0,
                  "Plans": [
                    {
                      "Node Type": "Bitmap Index Scan",
                      "Parent Relationship": "Outer",
                      "Parallel Aware": false,
                      "Index Name": "person_id_cast_info",
                      "Startup Cost": 0.0,
                      "Total Cost": 11263.88,
                      "Plan Rows": 515642,
                      "Plan Width": 0,
                      "Actual Startup Time": 33.649,
                      "Actual Total Time": 33.649,
                      "Actual Rows": 498987,
                      "Actual Loops": 1,
                      "Index Cond": "(person_id < 55587)"
                    }
                  ]
                }
              ]
            }
          ]
        }
      ]
    },
    "Planning Time": 0.152,
    "Triggers": [],
    "Execution Time": 73.852
  }
]