[
    {
        "Bao": {
            "Bao prediction": 468.768,
            "Bao recommended hint": "(no hint)"
        }
    },
    {
        "Plan": {
            "Node Type": "Aggregate",
            "Strategy": "Plain",
            "Partial Mode": "Finalize",
            "Parallel Aware": false,
            "Startup Cost": 332163.53,
            "Total Cost": 332163.54,
            "Plan Rows": 1,
            "Plan Width": 8,
            "Actual Startup Time": 736.766,
            "Actual Total Time": 772.59,
            "Actual Rows": 1,
            "Actual Loops": 1,
            "Output": [
                "count(*)"
            ],
            "Plans": [
                {
                    "Node Type": "Gather",
                    "Parent Relationship": "Outer",
                    "Parallel Aware": false,
                    "Startup Cost": 332162.91,
                    "Total Cost": 332163.52,
                    "Plan Rows": 6,
                    "Plan Width": 8,
                    "Actual Startup Time": 736.631,
                    "Actual Total Time": 772.581,
                    "Actual Rows": 7,
                    "Actual Loops": 1,
                    "Output": [
                        "(PARTIAL count(*))"
                    ],
                    "Workers Planned": 6,
                    "Workers Launched": 6,
                    "Single Copy": false,
                    "Plans": [
                        {
                            "Node Type": "Aggregate",
                            "Strategy": "Plain",
                            "Partial Mode": "Partial",
                            "Parent Relationship": "Outer",
                            "Parallel Aware": false,
                            "Startup Cost": 331162.91,
                            "Total Cost": 331162.92,
                            "Plan Rows": 1,
                            "Plan Width": 8,
                            "Actual Startup Time": 727.189,
                            "Actual Total Time": 727.19,
                            "Actual Rows": 1,
                            "Actual Loops": 7,
                            "Output": [
                                "PARTIAL count(*)"
                            ],
                            "Workers": [
                                {
                                    "Worker Number": 0,
                                    "Actual Startup Time": 725.252,
                                    "Actual Total Time": 725.254,
                                    "Actual Rows": 1,
                                    "Actual Loops": 1
                                },
                                {
                                    "Worker Number": 1,
                                    "Actual Startup Time": 725.242,
                                    "Actual Total Time": 725.243,
                                    "Actual Rows": 1,
                                    "Actual Loops": 1
                                },
                                {
                                    "Worker Number": 2,
                                    "Actual Startup Time": 725.252,
                                    "Actual Total Time": 725.253,
                                    "Actual Rows": 1,
                                    "Actual Loops": 1
                                },
                                {
                                    "Worker Number": 3,
                                    "Actual Startup Time": 726.011,
                                    "Actual Total Time": 726.011,
                                    "Actual Rows": 1,
                                    "Actual Loops": 1
                                },
                                {
                                    "Worker Number": 4,
                                    "Actual Startup Time": 726.192,
                                    "Actual Total Time": 726.193,
                                    "Actual Rows": 1,
                                    "Actual Loops": 1
                                },
                                {
                                    "Worker Number": 5,
                                    "Actual Startup Time": 726.553,
                                    "Actual Total Time": 726.554,
                                    "Actual Rows": 1,
                                    "Actual Loops": 1
                                }
                            ],
                            "Plans": [
                                {
                                    "Node Type": "Seq Scan",
                                    "Parent Relationship": "Outer",
                                    "Parallel Aware": true,
                                    "Relation Name": "cast_info",
                                    "Schema": "public",
                                    "Alias": "ci",
                                    "Startup Cost": 0.0,
                                    "Total Cost": 328213.62,
                                    "Plan Rows": 1179716,
                                    "Plan Width": 0,
                                    "Actual Startup Time": 409.562,
                                    "Actual Total Time": 667.525,
                                    "Actual Rows": 1003904,
                                    "Actual Loops": 7,
                                    "Output": [
                                        "id",
                                        "person_id",
                                        "movie_id",
                                        "person_role_id",
                                        "note",
                                        "nr_order",
                                        "role_id"
                                    ],
                                    "Filter": "(ci.person_id > 2962423)",
                                    "Rows Removed by Filter": 4173859,
                                    "Workers": [
                                        {
                                            "Worker Number": 0,
                                            "Actual Startup Time": 407.619,
                                            "Actual Total Time": 666.905,
                                            "Actual Rows": 874185,
                                            "Actual Loops": 1
                                        },
                                        {
                                            "Worker Number": 1,
                                            "Actual Startup Time": 407.623,
                                            "Actual Total Time": 667.274,
                                            "Actual Rows": 869810,
                                            "Actual Loops": 1
                                        },
                                        {
                                            "Worker Number": 2,
                                            "Actual Startup Time": 407.605,
                                            "Actual Total Time": 666.966,
                                            "Actual Rows": 874008,
                                            "Actual Loops": 1
                                        },
                                        {
                                            "Worker Number": 3,
                                            "Actual Startup Time": 408.364,
                                            "Actual Total Time": 668.224,
                                            "Actual Rows": 868229,
                                            "Actual Loops": 1
                                        },
                                        {
                                            "Worker Number": 4,
                                            "Actual Startup Time": 408.579,
                                            "Actual Total Time": 667.598,
                                            "Actual Rows": 881168,
                                            "Actual Loops": 1
                                        },
                                        {
                                            "Worker Number": 5,
                                            "Actual Startup Time": 408.941,
                                            "Actual Total Time": 668.24,
                                            "Actual Rows": 874863,
                                            "Actual Loops": 1
                                        }
                                    ]
                                }
                            ]
                        }
                    ]
                }
            ]
        },
        "Planning Time": 636.476,
        "Triggers": [],
        "Execution Time": 772.671
    }
]