[
  {
    "Plan": {
      "Node Type": "Aggregate",
      "Strategy": "Plain",
      "Partial Mode": "Finalize",
      "Parallel Aware": false,
      "Startup Cost": 247782.68,
      "Total Cost": 247782.69,
      "Plan Rows": 1,
      "Plan Width": 8,
      "Actual Startup Time": 1649.729,
      "Actual Total Time": 1697.534,
      "Actual Rows": 1,
      "Actual Loops": 1,
      "Plans": [
        {
          "Node Type": "Gather",
          "Parent Relationship": "Outer",
          "Parallel Aware": false,
          "Startup Cost": 247782.36,
          "Total Cost": 247782.67,
          "Plan Rows": 3,
          "Plan Width": 8,
          "Actual Startup Time": 1638.281,
          "Actual Total Time": 1697.524,
          "Actual Rows": 4,
          "Actual Loops": 1,
          "Workers Planned": 3,
          "Workers Launched": 3,
          "Single Copy": false,
          "Plans": [
            {
              "Node Type": "Aggregate",
              "Strategy": "Plain",
              "Partial Mode": "Partial",
              "Parent Relationship": "Outer",
              "Parallel Aware": false,
              "Startup Cost": 246782.36,
              "Total Cost": 246782.37,
              "Plan Rows": 1,
              "Plan Width": 8,
              "Actual Startup Time": 1620.604,
              "Actual Total Time": 1620.608,
              "Actual Rows": 1,
              "Actual Loops": 4,
              "Plans": [
                {
                  "Node Type": "Nested Loop",
                  "Parent Relationship": "Outer",
                  "Parallel Aware": false,
                  "Join Type": "Inner",
                  "Startup Cost": 55880.59,
                  "Total Cost": 245519.22,
                  "Plan Rows": 505256,
                  "Plan Width": 0,
                  "Actual Startup Time": 352.023,
                  "Actual Total Time": 1496.761,
                  "Actual Rows": 2538871,
                  "Actual Loops": 4,
                  "Inner Unique": false,
                  "Plans": [
                    {
                      "Node Type": "Hash Join",
                      "Parent Relationship": "Outer",
                      "Parallel Aware": true,
                      "Join Type": "Inner",
                      "Startup Cost": 55880.16,
                      "Total Cost": 81635.66,
                      "Plan Rows": 86050,
                      "Plan Width": 8,
                      "Actual Startup Time": 351.911,
                      "Actual Total Time": 428.28,
                      "Actual Rows": 65233,
                      "Actual Loops": 4,
                      "Inner Unique": true,
                      "Hash Cond": "(mk.movie_id = t.id)",
                      "Plans": [
                        {
                          "Node Type": "Bitmap Heap Scan",
                          "Parent Relationship": "Outer",
                          "Parallel Aware": true,
                          "Relation Name": "movie_keyword",
                          "Alias": "mk",
                          "Startup Cost": 5659.78,
                          "Total Cost": 31189.4,
                          "Plan Rows": 86050,
                          "Plan Width": 4,
                          "Actual Startup Time": 16.216,
                          "Actual Total Time": 49.934,
                          "Actual Rows": 65233,
                          "Actual Loops": 4,
                          "Recheck Cond": "(keyword_id < 229)",
                          "Rows Removed by Index Recheck": 0,
                          "Exact Heap Blocks": 7523,
                          "Lossy Heap Blocks": 0,
                          "Plans": [
                            {
                              "Node Type": "Bitmap Index Scan",
                              "Parent Relationship": "Outer",
                              "Parallel Aware": false,
                              "Index Name": "keyword_id_movie_keyword",
                              "Startup Cost": 0.0,
                              "Total Cost": 5593.09,
                              "Plan Rows": 266754,
                              "Plan Width": 0,
                              "Actual Startup Time": 12.712,
                              "Actual Total Time": 12.713,
                              "Actual Rows": 260933,
                              "Actual Loops": 1,
                              "Index Cond": "(keyword_id < 229)"
                            }
                          ]
                        },
                        {
                          "Node Type": "Hash",
                          "Parent Relationship": "Inner",
                          "Parallel Aware": true,
                          "Startup Cost": 42319.06,
                          "Total Cost": 42319.06,
                          "Plan Rows": 632106,
                          "Plan Width": 4,
                          "Actual Startup Time": 324.308,
                          "Actual Total Time": 324.309,
                          "Actual Rows": 632078,
                          "Actual Loops": 4,
                          "Hash Buckets": 4194304,
                          "Original Hash Buckets": 4194304,
                          "Hash Batches": 1,
                          "Original Hash Batches": 1,
                          "Peak Memory Usage": 131744,
                          "Plans": [
                            {
                              "Node Type": "Seq Scan",
                              "Parent Relationship": "Outer",
                              "Parallel Aware": true,
                              "Relation Name": "title",
                              "Alias": "t",
                              "Startup Cost": 0.0,
                              "Total Cost": 42319.06,
                              "Plan Rows": 632106,
                              "Plan Width": 4,
                              "Actual Startup Time": 0.044,
                              "Actual Total Time": 96.915,
                              "Actual Rows": 632078,
                              "Actual Loops": 4
                            }
                          ]
                        }
                      ]
                    },
                    {
                      "Node Type": "Index Only Scan",
                      "Parent Relationship": "Inner",
                      "Parallel Aware": false,
                      "Scan Direction": "Forward",
                      "Index Name": "movie_id_movie_info",
                      "Relation Name": "movie_info",
                      "Alias": "mi",
                      "Startup Cost": 0.43,
                      "Total Cost": 1.49,
                      "Plan Rows": 41,
                      "Plan Width": 4,
                      "Actual Startup Time": 0.004,
                      "Actual Total Time": 0.013,
                      "Actual Rows": 39,
                      "Actual Loops": 260933,
                      "Index Cond": "(movie_id = t.id)",
                      "Rows Removed by Index Recheck": 0,
                      "Heap Fetches": 10155485
                    }
                  ]
                }
              ]
            }
          ]
        }
      ]
    },
    "Planning Time": 1.098,
    "Triggers": [],
    "Execution Time": 1697.641
  }
]