[
  {
    "Plan": {
      "Node Type": "Aggregate",
      "Strategy": "Plain",
      "Partial Mode": "Finalize",
      "Parallel Aware": false,
      "Startup Cost": 32811.0,
      "Total Cost": 32811.01,
      "Plan Rows": 1,
      "Plan Width": 8,
      "Actual Startup Time": 87.714,
      "Actual Total Time": 96.962,
      "Actual Rows": 1,
      "Actual Loops": 1,
      "Plans": [
        {
          "Node Type": "Gather",
          "Parent Relationship": "Outer",
          "Parallel Aware": false,
          "Startup Cost": 32810.68,
          "Total Cost": 32810.99,
          "Plan Rows": 3,
          "Plan Width": 8,
          "Actual Startup Time": 87.572,
          "Actual Total Time": 96.953,
          "Actual Rows": 4,
          "Actual Loops": 1,
          "Workers Planned": 3,
          "Workers Launched": 3,
          "Single Copy": false,
          "Plans": [
            {
              "Node Type": "Aggregate",
              "Strategy": "Plain",
              "Partial Mode": "Partial",
              "Parent Relationship": "Outer",
              "Parallel Aware": false,
              "Startup Cost": 31810.68,
              "Total Cost": 31810.69,
              "Plan Rows": 1,
              "Plan Width": 8,
              "Actual Startup Time": 81.113,
              "Actual Total Time": 81.114,
              "Actual Rows": 1,
              "Actual Loops": 4,
              "Plans": [
                {
                  "Node Type": "Seq Scan",
                  "Parent Relationship": "Outer",
                  "Parallel Aware": true,
                  "Relation Name": "movie_companies",
                  "Alias": "mc",
                  "Startup Cost": 0.0,
                  "Total Cost": 31414.82,
                  "Plan Rows": 158344,
                  "Plan Width": 0,
                  "Actual Startup Time": 42.329,
                  "Actual Total Time": 77.235,
                  "Actual Rows": 70913,
                  "Actual Loops": 4,
                  "Filter": "((company_id < 3906) AND (company_type_id > 1))",
                  "Rows Removed by Filter": 581369
                }
              ]
            }
          ]
        }
      ]
    },
    "Planning Time": 0.103,
    "Triggers": [],
    "Execution Time": 96.988
  }
]