[
  {
    "Plan": {
      "Node Type": "Aggregate",
      "Strategy": "Plain",
      "Partial Mode": "Finalize",
      "Parallel Aware": false,
      "Startup Cost": 436748.44,
      "Total Cost": 436748.45,
      "Plan Rows": 1,
      "Plan Width": 8,
      "Actual Startup Time": 2470.987,
      "Actual Total Time": 2545.609,
      "Actual Rows": 1,
      "Actual Loops": 1,
      "Plans": [
        {
          "Node Type": "Gather",
          "Parent Relationship": "Outer",
          "Parallel Aware": false,
          "Startup Cost": 436747.81,
          "Total Cost": 436748.42,
          "Plan Rows": 6,
          "Plan Width": 8,
          "Actual Startup Time": 2456.774,
          "Actual Total Time": 2545.594,
          "Actual Rows": 7,
          "Actual Loops": 1,
          "Workers Planned": 6,
          "Workers Launched": 6,
          "Single Copy": false,
          "Plans": [
            {
              "Node Type": "Aggregate",
              "Strategy": "Plain",
              "Partial Mode": "Partial",
              "Parent Relationship": "Outer",
              "Parallel Aware": false,
              "Startup Cost": 435747.81,
              "Total Cost": 435747.82,
              "Plan Rows": 1,
              "Plan Width": 8,
              "Actual Startup Time": 2445.935,
              "Actual Total Time": 2446.017,
              "Actual Rows": 1,
              "Actual Loops": 7,
              "Plans": [
                {
                  "Node Type": "Hash Join",
                  "Parent Relationship": "Outer",
                  "Parallel Aware": true,
                  "Join Type": "Inner",
                  "Startup Cost": 93277.53,
                  "Total Cost": 432795.93,
                  "Plan Rows": 1180752,
                  "Plan Width": 0,
                  "Actual Startup Time": 412.697,
                  "Actual Total Time": 2259.275,
                  "Actual Rows": 3430446,
                  "Actual Loops": 7,
                  "Inner Unique": false,
                  "Hash Cond": "(ci.movie_id = t.id)",
                  "Plans": [
                    {
                      "Node Type": "Seq Scan",
                      "Parent Relationship": "Outer",
                      "Parallel Aware": true,
                      "Relation Name": "cast_info",
                      "Alias": "ci",
                      "Startup Cost": 0.0,
                      "Total Cost": 313067.02,
                      "Plan Rows": 6038002,
                      "Plan Width": 4,
                      "Actual Startup Time": 0.028,
                      "Actual Total Time": 646.987,
                      "Actual Rows": 5177763,
                      "Actual Loops": 7
                    },
                    {
                      "Node Type": "Hash",
                      "Parent Relationship": "Inner",
                      "Parallel Aware": true,
                      "Startup Cost": 91283.92,
                      "Total Cost": 91283.92,
                      "Plan Rows": 159489,
                      "Plan Width": 8,
                      "Actual Startup Time": 410.521,
                      "Actual Total Time": 410.601,
                      "Actual Rows": 60225,
                      "Actual Loops": 7,
                      "Hash Buckets": 524288,
                      "Original Hash Buckets": 524288,
                      "Hash Batches": 1,
                      "Original Hash Batches": 1,
                      "Peak Memory Usage": 20704,
                      "Plans": [
                        {
                          "Node Type": "Hash Join",
                          "Parent Relationship": "Outer",
                          "Parallel Aware": true,
                          "Join Type": "Inner",
                          "Startup Cost": 63670.29,
                          "Total Cost": 91283.92,
                          "Plan Rows": 159489,
                          "Plan Width": 8,
                          "Actual Startup Time": 292.542,
                          "Actual Total Time": 386.038,
                          "Actual Rows": 60225,
                          "Actual Loops": 7,
                          "Inner Unique": true,
                          "Hash Cond": "(mk.movie_id = t.id)",
                          "Plans": [
                            {
                              "Node Type": "Bitmap Heap Scan",
                              "Parent Relationship": "Outer",
                              "Parallel Aware": true,
                              "Relation Name": "movie_keyword",
                              "Alias": "mk",
                              "Startup Cost": 13739.28,
                              "Total Cost": 40804.54,
                              "Plan Rows": 208901,
                              "Plan Width": 4,
                              "Actual Startup Time": 57.215,
                              "Actual Total Time": 113.179,
                              "Actual Rows": 90223,
                              "Actual Loops": 7,
                              "Recheck Cond": "(keyword_id > 29033)",
                              "Rows Removed by Index Recheck": 0,
                              "Exact Heap Blocks": 3801,
                              "Lossy Heap Blocks": 0,
                              "Plans": [
                                {
                                  "Node Type": "Bitmap Index Scan",
                                  "Parent Relationship": "Outer",
                                  "Parallel Aware": false,
                                  "Index Name": "keyword_id_movie_keyword",
                                  "Startup Cost": 0.0,
                                  "Total Cost": 13577.38,
                                  "Plan Rows": 647593,
                                  "Plan Width": 0,
                                  "Actual Startup Time": 51.384,
                                  "Actual Total Time": 51.384,
                                  "Actual Rows": 631561,
                                  "Actual Loops": 1,
                                  "Index Cond": "(keyword_id > 29033)"
                                }
                              ]
                            },
                            {
                              "Node Type": "Hash",
                              "Parent Relationship": "Inner",
                              "Parallel Aware": true,
                              "Startup Cost": 43898.92,
                              "Total Cost": 43898.92,
                              "Plan Rows": 482568,
                              "Plan Width": 4,
                              "Actual Startup Time": 232.313,
                              "Actual Total Time": 232.314,
                              "Actual Rows": 274004,
                              "Actual Loops": 7,
                              "Hash Buckets": 2097152,
                              "Original Hash Buckets": 2097152,
                              "Hash Batches": 1,
                              "Original Hash Batches": 1,
                              "Peak Memory Usage": 91488,
                              "Plans": [
                                {
                                  "Node Type": "Seq Scan",
                                  "Parent Relationship": "Outer",
                                  "Parallel Aware": true,
                                  "Relation Name": "title",
                                  "Alias": "t",
                                  "Startup Cost": 0.0,
                                  "Total Cost": 43898.92,
                                  "Plan Rows": 482568,
                                  "Plan Width": 4,
                                  "Actual Startup Time": 0.049,
                                  "Actual Total Time": 93.651,
                                  "Actual Rows": 274004,
                                  "Actual Loops": 7,
                                  "Filter": "(production_year > 1981)",
                                  "Rows Removed by Filter": 87183
                                }
                              ]
                            }
                          ]
                        }
                      ]
                    }
                  ]
                }
              ]
            }
          ]
        }
      ]
    },
    "Planning Time": 1.306,
    "Triggers": [],
    "Execution Time": 2545.737
  }
]