[
  {
    "Plan": {
      "Node Type": "Aggregate",
      "Strategy": "Plain",
      "Partial Mode": "Finalize",
      "Parallel Aware": false,
      "Startup Cost": 78716.63,
      "Total Cost": 78716.64,
      "Plan Rows": 1,
      "Plan Width": 8,
      "Actual Startup Time": 279.282,
      "Actual Total Time": 295.517,
      "Actual Rows": 1,
      "Actual Loops": 1,
      "Plans": [
        {
          "Node Type": "Gather",
          "Parent Relationship": "Outer",
          "Parallel Aware": false,
          "Startup Cost": 78716.21,
          "Total Cost": 78716.62,
          "Plan Rows": 4,
          "Plan Width": 8,
          "Actual Startup Time": 276.781,
          "Actual Total Time": 295.506,
          "Actual Rows": 5,
          "Actual Loops": 1,
          "Workers Planned": 4,
          "Workers Launched": 4,
          "Single Copy": false,
          "Plans": [
            {
              "Node Type": "Aggregate",
              "Strategy": "Plain",
              "Partial Mode": "Partial",
              "Parent Relationship": "Outer",
              "Parallel Aware": false,
              "Startup Cost": 77716.21,
              "Total Cost": 77716.22,
              "Plan Rows": 1,
              "Plan Width": 8,
              "Actual Startup Time": 266.399,
              "Actual Total Time": 266.404,
              "Actual Rows": 1,
              "Actual Loops": 5,
              "Plans": [
                {
                  "Node Type": "Hash Join",
                  "Parent Relationship": "Outer",
                  "Parallel Aware": true,
                  "Join Type": "Inner",
                  "Startup Cost": 32435.87,
                  "Total Cost": 77654.15,
                  "Plan Rows": 24824,
                  "Plan Width": 0,
                  "Actual Startup Time": 119.612,
                  "Actual Total Time": 262.369,
                  "Actual Rows": 79011,
                  "Actual Loops": 5,
                  "Inner Unique": false,
                  "Hash Cond": "(t.id = mc.movie_id)",
                  "Plans": [
                    {
                      "Node Type": "Seq Scan",
                      "Parent Relationship": "Outer",
                      "Parallel Aware": true,
                      "Relation Name": "title",
                      "Alias": "t",
                      "Startup Cost": 0.0,
                      "Total Cost": 43898.92,
                      "Plan Rows": 247857,
                      "Plan Width": 4,
                      "Actual Startup Time": 0.013,
                      "Actual Total Time": 78.311,
                      "Actual Rows": 197010,
                      "Actual Loops": 5,
                      "Filter": "(kind_id < 7)",
                      "Rows Removed by Filter": 308653
                    },
                    {
                      "Node Type": "Hash",
                      "Parent Relationship": "Inner",
                      "Parallel Aware": true,
                      "Startup Cost": 31414.82,
                      "Total Cost": 31414.82,
                      "Plan Rows": 81684,
                      "Plan Width": 4,
                      "Actual Startup Time": 117.376,
                      "Actual Total Time": 117.377,
                      "Actual Rows": 101618,
                      "Actual Loops": 5,
                      "Hash Buckets": 524288,
                      "Original Hash Buckets": 262144,
                      "Hash Batches": 1,
                      "Original Hash Batches": 1,
                      "Peak Memory Usage": 26080,
                      "Plans": [
                        {
                          "Node Type": "Seq Scan",
                          "Parent Relationship": "Outer",
                          "Parallel Aware": true,
                          "Relation Name": "movie_companies",
                          "Alias": "mc",
                          "Startup Cost": 0.0,
                          "Total Cost": 31414.82,
                          "Plan Rows": 81684,
                          "Plan Width": 4,
                          "Actual Startup Time": 43.212,
                          "Actual Total Time": 74.79,
                          "Actual Rows": 101618,
                          "Actual Loops": 5,
                          "Filter": "((company_id > 73891) AND (company_type_id > 1))",
                          "Rows Removed by Filter": 420208
                        }
                      ]
                    }
                  ]
                }
              ]
            }
          ]
        }
      ]
    },
    "Planning Time": 0.658,
    "Triggers": [],
    "Execution Time": 295.604
  }
]