[
  {
    "Plan": {
      "Node Type": "Aggregate",
      "Strategy": "Plain",
      "Partial Mode": "Finalize",
      "Parallel Aware": false,
      "Startup Cost": 120517.95,
      "Total Cost": 120517.96,
      "Plan Rows": 1,
      "Plan Width": 8,
      "Actual Startup Time": 78.462,
      "Actual Total Time": 93.42,
      "Actual Rows": 1,
      "Actual Loops": 1,
      "Plans": [
        {
          "Node Type": "Gather",
          "Parent Relationship": "Outer",
          "Parallel Aware": false,
          "Startup Cost": 120517.53,
          "Total Cost": 120517.94,
          "Plan Rows": 4,
          "Plan Width": 8,
          "Actual Startup Time": 78.187,
          "Actual Total Time": 93.411,
          "Actual Rows": 5,
          "Actual Loops": 1,
          "Workers Planned": 4,
          "Workers Launched": 4,
          "Single Copy": false,
          "Plans": [
            {
              "Node Type": "Aggregate",
              "Strategy": "Plain",
              "Partial Mode": "Partial",
              "Parent Relationship": "Outer",
              "Parallel Aware": false,
              "Startup Cost": 119517.53,
              "Total Cost": 119517.54,
              "Plan Rows": 1,
              "Plan Width": 8,
              "Actual Startup Time": 69.972,
              "Actual Total Time": 69.974,
              "Actual Rows": 1,
              "Actual Loops": 5,
              "Plans": [
                {
                  "Node Type": "Nested Loop",
                  "Parent Relationship": "Outer",
                  "Parallel Aware": false,
                  "Join Type": "Inner",
                  "Startup Cost": 1698.67,
                  "Total Cost": 119497.7,
                  "Plan Rows": 7932,
                  "Plan Width": 0,
                  "Actual Startup Time": 3.452,
                  "Actual Total Time": 69.238,
                  "Actual Rows": 6522,
                  "Actual Loops": 5,
                  "Inner Unique": false,
                  "Plans": [
                    {
                      "Node Type": "Bitmap Heap Scan",
                      "Parent Relationship": "Outer",
                      "Parallel Aware": true,
                      "Relation Name": "title",
                      "Alias": "t",
                      "Startup Cost": 1698.1,
                      "Total Cost": 38052.61,
                      "Plan Rows": 657,
                      "Plan Width": 4,
                      "Actual Startup Time": 3.27,
                      "Actual Total Time": 24.244,
                      "Actual Rows": 612,
                      "Actual Loops": 5,
                      "Recheck Cond": "(kind_id = 2)",
                      "Rows Removed by Index Recheck": 0,
                      "Filter": "(production_year = 2003)",
                      "Rows Removed by Filter": 17559,
                      "Exact Heap Blocks": 13288,
                      "Lossy Heap Blocks": 0,
                      "Plans": [
                        {
                          "Node Type": "Bitmap Index Scan",
                          "Parent Relationship": "Outer",
                          "Parallel Aware": false,
                          "Index Name": "kind_id_title",
                          "Startup Cost": 0.0,
                          "Total Cost": 1697.45,
                          "Plan Rows": 95069,
                          "Plan Width": 0,
                          "Actual Startup Time": 6.102,
                          "Actual Total Time": 6.103,
                          "Actual Rows": 90852,
                          "Actual Loops": 1,
                          "Index Cond": "(kind_id = 2)"
                        }
                      ]
                    },
                    {
                      "Node Type": "Index Scan",
                      "Parent Relationship": "Inner",
                      "Parallel Aware": false,
                      "Scan Direction": "Forward",
                      "Index Name": "movie_id_cast_info",
                      "Relation Name": "cast_info",
                      "Alias": "ci",
                      "Startup Cost": 0.56,
                      "Total Cost": 123.68,
                      "Plan Rows": 29,
                      "Plan Width": 4,
                      "Actual Startup Time": 0.015,
                      "Actual Total Time": 0.072,
                      "Actual Rows": 11,
                      "Actual Loops": 3058,
                      "Index Cond": "(movie_id = t.id)",
                      "Rows Removed by Index Recheck": 0,
                      "Filter": "(role_id < 9)",
                      "Rows Removed by Filter": 3
                    }
                  ]
                }
              ]
            }
          ]
        }
      ]
    },
    "Planning Time": 0.196,
    "Triggers": [],
    "Execution Time": 93.465
  }
]