[
    {
        "Bao": {
            "Bao prediction": "NaN",
            "Bao recommended hint": "(no hint)"
        }
    },
    {
        "Plan": {
            "Node Type": "Aggregate",
            "Strategy": "Plain",
            "Partial Mode": "Finalize",
            "Parallel Aware": false,
            "Startup Cost": 32747.57,
            "Total Cost": 32747.58,
            "Plan Rows": 1,
            "Plan Width": 8,
            "Actual Startup Time": 91.21,
            "Actual Total Time": 95.984,
            "Actual Rows": 1,
            "Actual Loops": 1,
            "Output": [
                "count(*)"
            ],
            "Plans": [
                {
                    "Node Type": "Gather",
                    "Parent Relationship": "Outer",
                    "Parallel Aware": false,
                    "Startup Cost": 32747.26,
                    "Total Cost": 32747.57,
                    "Plan Rows": 3,
                    "Plan Width": 8,
                    "Actual Startup Time": 91.11,
                    "Actual Total Time": 95.978,
                    "Actual Rows": 4,
                    "Actual Loops": 1,
                    "Output": [
                        "(PARTIAL count(*))"
                    ],
                    "Workers Planned": 3,
                    "Workers Launched": 3,
                    "Single Copy": false,
                    "Plans": [
                        {
                            "Node Type": "Aggregate",
                            "Strategy": "Plain",
                            "Partial Mode": "Partial",
                            "Parent Relationship": "Outer",
                            "Parallel Aware": false,
                            "Startup Cost": 31747.26,
                            "Total Cost": 31747.27,
                            "Plan Rows": 1,
                            "Plan Width": 8,
                            "Actual Startup Time": 83.115,
                            "Actual Total Time": 83.116,
                            "Actual Rows": 1,
                            "Actual Loops": 4,
                            "Output": [
                                "PARTIAL count(*)"
                            ],
                            "Workers": [
                                {
                                    "Worker Number": 0,
                                    "Actual Startup Time": 80.251,
                                    "Actual Total Time": 80.252,
                                    "Actual Rows": 1,
                                    "Actual Loops": 1
                                },
                                {
                                    "Worker Number": 1,
                                    "Actual Startup Time": 80.525,
                                    "Actual Total Time": 80.526,
                                    "Actual Rows": 1,
                                    "Actual Loops": 1
                                },
                                {
                                    "Worker Number": 2,
                                    "Actual Startup Time": 80.84,
                                    "Actual Total Time": 80.841,
                                    "Actual Rows": 1,
                                    "Actual Loops": 1
                                }
                            ],
                            "Plans": [
                                {
                                    "Node Type": "Seq Scan",
                                    "Parent Relationship": "Outer",
                                    "Parallel Aware": true,
                                    "Relation Name": "movie_companies",
                                    "Schema": "public",
                                    "Alias": "mc",
                                    "Startup Cost": 0.0,
                                    "Total Cost": 31414.82,
                                    "Plan Rows": 132975,
                                    "Plan Width": 0,
                                    "Actual Startup Time": 40.095,
                                    "Actual Total Time": 75.012,
                                    "Actual Rows": 183540,
                                    "Actual Loops": 4,
                                    "Output": [
                                        "id",
                                        "movie_id",
                                        "company_id",
                                        "company_type_id",
                                        "note"
                                    ],
                                    "Filter": "((mc.company_id > 29150) AND (mc.company_type_id = 2))",
                                    "Rows Removed by Filter": 468742,
                                    "Workers": [
                                        {
                                            "Worker Number": 0,
                                            "Actual Startup Time": 37.245,
                                            "Actual Total Time": 72.352,
                                            "Actual Rows": 119149,
                                            "Actual Loops": 1
                                        },
                                        {
                                            "Worker Number": 1,
                                            "Actual Startup Time": 37.498,
                                            "Actual Total Time": 72.657,
                                            "Actual Rows": 191005,
                                            "Actual Loops": 1
                                        },
                                        {
                                            "Worker Number": 2,
                                            "Actual Startup Time": 37.817,
                                            "Actual Total Time": 72.916,
                                            "Actual Rows": 193024,
                                            "Actual Loops": 1
                                        }
                                    ]
                                }
                            ]
                        }
                    ]
                }
            ]
        },
        "Planning Time": 194.959,
        "Triggers": [],
        "Execution Time": 96.026
    }
]