[
  {
    "Plan": {
      "Node Type": "Aggregate",
      "Strategy": "Plain",
      "Partial Mode": "Finalize",
      "Parallel Aware": false,
      "Startup Cost": 112880.83,
      "Total Cost": 112880.84,
      "Plan Rows": 1,
      "Plan Width": 8,
      "Actual Startup Time": 676.52,
      "Actual Total Time": 714.33,
      "Actual Rows": 1,
      "Actual Loops": 1,
      "Plans": [
        {
          "Node Type": "Gather",
          "Parent Relationship": "Outer",
          "Parallel Aware": false,
          "Startup Cost": 112880.51,
          "Total Cost": 112880.82,
          "Plan Rows": 3,
          "Plan Width": 8,
          "Actual Startup Time": 674.39,
          "Actual Total Time": 714.314,
          "Actual Rows": 4,
          "Actual Loops": 1,
          "Workers Planned": 3,
          "Workers Launched": 3,
          "Single Copy": false,
          "Plans": [
            {
              "Node Type": "Aggregate",
              "Strategy": "Plain",
              "Partial Mode": "Partial",
              "Parent Relationship": "Outer",
              "Parallel Aware": false,
              "Startup Cost": 111880.51,
              "Total Cost": 111880.52,
              "Plan Rows": 1,
              "Plan Width": 8,
              "Actual Startup Time": 666.539,
              "Actual Total Time": 666.545,
              "Actual Rows": 1,
              "Actual Loops": 4,
              "Plans": [
                {
                  "Node Type": "Nested Loop",
                  "Parent Relationship": "Outer",
                  "Parallel Aware": false,
                  "Join Type": "Inner",
                  "Startup Cost": 49308.36,
                  "Total Cost": 111739.06,
                  "Plan Rows": 56578,
                  "Plan Width": 0,
                  "Actual Startup Time": 202.68,
                  "Actual Total Time": 630.885,
                  "Actual Rows": 549705,
                  "Actual Loops": 4,
                  "Inner Unique": false,
                  "Plans": [
                    {
                      "Node Type": "Hash Join",
                      "Parent Relationship": "Outer",
                      "Parallel Aware": true,
                      "Join Type": "Inner",
                      "Startup Cost": 49307.93,
                      "Total Cost": 74732.6,
                      "Plan Rows": 9636,
                      "Plan Width": 8,
                      "Actual Startup Time": 202.522,
                      "Actual Total Time": 255.79,
                      "Actual Rows": 13298,
                      "Actual Loops": 4,
                      "Inner Unique": true,
                      "Hash Cond": "(mk.movie_id = t.id)",
                      "Plans": [
                        {
                          "Node Type": "Bitmap Heap Scan",
                          "Parent Relationship": "Outer",
                          "Parallel Aware": true,
                          "Relation Name": "movie_keyword",
                          "Alias": "mk",
                          "Startup Cost": 4222.28,
                          "Total Cost": 29478.49,
                          "Plan Rows": 64177,
                          "Plan Width": 4,
                          "Actual Startup Time": 31.455,
                          "Actual Total Time": 65.373,
                          "Actual Rows": 50530,
                          "Actual Loops": 4,
                          "Recheck Cond": "(keyword_id > 68114)",
                          "Rows Removed by Index Recheck": 0,
                          "Exact Heap Blocks": 5628,
                          "Lossy Heap Blocks": 0,
                          "Plans": [
                            {
                              "Node Type": "Bitmap Index Scan",
                              "Parent Relationship": "Outer",
                              "Parallel Aware": false,
                              "Index Name": "keyword_id_movie_keyword",
                              "Startup Cost": 0.0,
                              "Total Cost": 4172.54,
                              "Plan Rows": 198948,
                              "Plan Width": 0,
                              "Actual Startup Time": 25.491,
                              "Actual Total Time": 25.492,
                              "Actual Rows": 202121,
                              "Actual Loops": 1,
                              "Index Cond": "(keyword_id > 68114)"
                            }
                          ]
                        },
                        {
                          "Node Type": "Hash",
                          "Parent Relationship": "Inner",
                          "Parallel Aware": true,
                          "Startup Cost": 43899.32,
                          "Total Cost": 43899.32,
                          "Plan Rows": 94906,
                          "Plan Width": 4,
                          "Actual Startup Time": 167.462,
                          "Actual Total Time": 167.463,
                          "Actual Rows": 98968,
                          "Actual Loops": 4,
                          "Hash Buckets": 524288,
                          "Original Hash Buckets": 524288,
                          "Hash Batches": 1,
                          "Original Hash Batches": 1,
                          "Peak Memory Usage": 19648,
                          "Plans": [
                            {
                              "Node Type": "Seq Scan",
                              "Parent Relationship": "Outer",
                              "Parallel Aware": true,
                              "Relation Name": "title",
                              "Alias": "t",
                              "Startup Cost": 0.0,
                              "Total Cost": 43899.32,
                              "Plan Rows": 94906,
                              "Plan Width": 4,
                              "Actual Startup Time": 0.043,
                              "Actual Total Time": 121.438,
                              "Actual Rows": 98968,
                              "Actual Loops": 4,
                              "Filter": "(production_year < 1972)",
                              "Rows Removed by Filter": 533110
                            }
                          ]
                        }
                      ]
                    },
                    {
                      "Node Type": "Index Only Scan",
                      "Parent Relationship": "Inner",
                      "Parallel Aware": false,
                      "Scan Direction": "Forward",
                      "Index Name": "movie_id_movie_info",
                      "Relation Name": "movie_info",
                      "Alias": "mi",
                      "Startup Cost": 0.43,
                      "Total Cost": 3.43,
                      "Plan Rows": 41,
                      "Plan Width": 4,
                      "Actual Startup Time": 0.006,
                      "Actual Total Time": 0.024,
                      "Actual Rows": 41,
                      "Actual Loops": 53194,
                      "Index Cond": "(movie_id = t.id)",
                      "Rows Removed by Index Recheck": 0,
                      "Heap Fetches": 2198819
                    }
                  ]
                }
              ]
            }
          ]
        }
      ]
    },
    "Planning Time": 0.825,
    "Triggers": [],
    "Execution Time": 714.418
  }
]