[
  {
    "Plan": {
      "Node Type": "Aggregate",
      "Strategy": "Plain",
      "Partial Mode": "Finalize",
      "Parallel Aware": false,
      "Startup Cost": 336489.53,
      "Total Cost": 336489.54,
      "Plan Rows": 1,
      "Plan Width": 8,
      "Actual Startup Time": 728.043,
      "Actual Total Time": 808.376,
      "Actual Rows": 1,
      "Actual Loops": 1,
      "Plans": [
        {
          "Node Type": "Gather",
          "Parent Relationship": "Outer",
          "Parallel Aware": false,
          "Startup Cost": 336488.9,
          "Total Cost": 336489.51,
          "Plan Rows": 6,
          "Plan Width": 8,
          "Actual Startup Time": 727.719,
          "Actual Total Time": 808.353,
          "Actual Rows": 7,
          "Actual Loops": 1,
          "Workers Planned": 6,
          "Workers Launched": 6,
          "Single Copy": false,
          "Plans": [
            {
              "Node Type": "Aggregate",
              "Strategy": "Plain",
              "Partial Mode": "Partial",
              "Parent Relationship": "Outer",
              "Parallel Aware": false,
              "Startup Cost": 335488.9,
              "Total Cost": 335488.91,
              "Plan Rows": 1,
              "Plan Width": 8,
              "Actual Startup Time": 722.774,
              "Actual Total Time": 722.776,
              "Actual Rows": 1,
              "Actual Loops": 7,
              "Plans": [
                {
                  "Node Type": "Seq Scan",
                  "Parent Relationship": "Outer",
                  "Parallel Aware": true,
                  "Relation Name": "cast_info",
                  "Alias": "ci",
                  "Startup Cost": 0.0,
                  "Total Cost": 328211.39,
                  "Plan Rows": 2911004,
                  "Plan Width": 0,
                  "Actual Startup Time": 207.59,
                  "Actual Total Time": 604.639,
                  "Actual Rows": 2466623,
                  "Actual Loops": 7,
                  "Filter": "(person_id > 1893703)",
                  "Rows Removed by Filter": 2711140
                }
              ]
            }
          ]
        }
      ]
    },
    "Planning Time": 0.116,
    "Triggers": [],
    "Execution Time": 808.433
  }
]