[
    {
        "Bao": {
            "Bao prediction": 795.057,
            "Bao recommended hint": "(no hint)"
        }
    },
    {
        "Plan": {
            "Node Type": "Aggregate",
            "Strategy": "Plain",
            "Partial Mode": "Finalize",
            "Parallel Aware": false,
            "Startup Cost": 256724.02,
            "Total Cost": 256724.03,
            "Plan Rows": 1,
            "Plan Width": 8,
            "Actual Startup Time": 845.831,
            "Actual Total Time": 868.379,
            "Actual Rows": 1,
            "Actual Loops": 1,
            "Output": [
                "count(*)"
            ],
            "Plans": [
                {
                    "Node Type": "Gather",
                    "Parent Relationship": "Outer",
                    "Parallel Aware": false,
                    "Startup Cost": 256723.5,
                    "Total Cost": 256724.01,
                    "Plan Rows": 5,
                    "Plan Width": 8,
                    "Actual Startup Time": 831.937,
                    "Actual Total Time": 868.367,
                    "Actual Rows": 6,
                    "Actual Loops": 1,
                    "Output": [
                        "(PARTIAL count(*))"
                    ],
                    "Workers Planned": 5,
                    "Workers Launched": 5,
                    "Single Copy": false,
                    "Plans": [
                        {
                            "Node Type": "Aggregate",
                            "Strategy": "Plain",
                            "Partial Mode": "Partial",
                            "Parent Relationship": "Outer",
                            "Parallel Aware": false,
                            "Startup Cost": 255723.5,
                            "Total Cost": 255723.51,
                            "Plan Rows": 1,
                            "Plan Width": 8,
                            "Actual Startup Time": 817.541,
                            "Actual Total Time": 817.544,
                            "Actual Rows": 1,
                            "Actual Loops": 6,
                            "Output": [
                                "PARTIAL count(*)"
                            ],
                            "Workers": [
                                {
                                    "Worker Number": 0,
                                    "Actual Startup Time": 814.548,
                                    "Actual Total Time": 814.55,
                                    "Actual Rows": 1,
                                    "Actual Loops": 1
                                },
                                {
                                    "Worker Number": 1,
                                    "Actual Startup Time": 814.651,
                                    "Actual Total Time": 814.655,
                                    "Actual Rows": 1,
                                    "Actual Loops": 1
                                },
                                {
                                    "Worker Number": 2,
                                    "Actual Startup Time": 814.689,
                                    "Actual Total Time": 814.692,
                                    "Actual Rows": 1,
                                    "Actual Loops": 1
                                },
                                {
                                    "Worker Number": 3,
                                    "Actual Startup Time": 814.591,
                                    "Actual Total Time": 814.593,
                                    "Actual Rows": 1,
                                    "Actual Loops": 1
                                },
                                {
                                    "Worker Number": 4,
                                    "Actual Startup Time": 815.726,
                                    "Actual Total Time": 815.728,
                                    "Actual Rows": 1,
                                    "Actual Loops": 1
                                }
                            ],
                            "Plans": [
                                {
                                    "Node Type": "Hash Join",
                                    "Parent Relationship": "Outer",
                                    "Parallel Aware": true,
                                    "Join Type": "Inner",
                                    "Startup Cost": 49479.31,
                                    "Total Cost": 253328.08,
                                    "Plan Rows": 958168,
                                    "Plan Width": 0,
                                    "Actual Startup Time": 196.066,
                                    "Actual Total Time": 795.152,
                                    "Actual Rows": 502160,
                                    "Actual Loops": 6,
                                    "Inner Unique": true,
                                    "Hash Cond": "(mi.movie_id = t.id)",
                                    "Workers": [
                                        {
                                            "Worker Number": 0,
                                            "Actual Startup Time": 193.228,
                                            "Actual Total Time": 792.821,
                                            "Actual Rows": 476894,
                                            "Actual Loops": 1
                                        },
                                        {
                                            "Worker Number": 1,
                                            "Actual Startup Time": 193.338,
                                            "Actual Total Time": 791.647,
                                            "Actual Rows": 500053,
                                            "Actual Loops": 1
                                        },
                                        {
                                            "Worker Number": 2,
                                            "Actual Startup Time": 193.365,
                                            "Actual Total Time": 791.864,
                                            "Actual Rows": 496514,
                                            "Actual Loops": 1
                                        },
                                        {
                                            "Worker Number": 3,
                                            "Actual Startup Time": 193.273,
                                            "Actual Total Time": 791.88,
                                            "Actual Rows": 494133,
                                            "Actual Loops": 1
                                        },
                                        {
                                            "Worker Number": 4,
                                            "Actual Startup Time": 193.469,
                                            "Actual Total Time": 794.141,
                                            "Actual Rows": 473981,
                                            "Actual Loops": 1
                                        }
                                    ],
                                    "Plans": [
                                        {
                                            "Node Type": "Seq Scan",
                                            "Parent Relationship": "Outer",
                                            "Parallel Aware": true,
                                            "Relation Name": "movie_info",
                                            "Schema": "public",
                                            "Alias": "mi",
                                            "Startup Cost": 0.0,
                                            "Total Cost": 198880.74,
                                            "Plan Rows": 1892579,
                                            "Plan Width": 4,
                                            "Actual Startup Time": 13.725,
                                            "Actual Total Time": 291.991,
                                            "Actual Rows": 1570867,
                                            "Actual Loops": 6,
                                            "Output": [
                                                "mi.id",
                                                "mi.movie_id",
                                                "mi.info_type_id",
                                                "mi.info",
                                                "mi.note"
                                            ],
                                            "Filter": "(mi.info_type_id > 5)",
                                            "Rows Removed by Filter": 901753,
                                            "Workers": [
                                                {
                                                    "Worker Number": 0,
                                                    "Actual Startup Time": 13.734,
                                                    "Actual Total Time": 301.623,
                                                    "Actual Rows": 1478429,
                                                    "Actual Loops": 1
                                                },
                                                {
                                                    "Worker Number": 1,
                                                    "Actual Startup Time": 13.732,
                                                    "Actual Total Time": 296.964,
                                                    "Actual Rows": 1550602,
                                                    "Actual Loops": 1
                                                },
                                                {
                                                    "Worker Number": 2,
                                                    "Actual Startup Time": 13.721,
                                                    "Actual Total Time": 296.953,
                                                    "Actual Rows": 1550486,
                                                    "Actual Loops": 1
                                                },
                                                {
                                                    "Worker Number": 3,
                                                    "Actual Startup Time": 13.722,
                                                    "Actual Total Time": 297.032,
                                                    "Actual Rows": 1543047,
                                                    "Actual Loops": 1
                                                },
                                                {
                                                    "Worker Number": 4,
                                                    "Actual Startup Time": 13.722,
                                                    "Actual Total Time": 300.984,
                                                    "Actual Rows": 1473408,
                                                    "Actual Loops": 1
                                                }
                                            ]
                                        },
                                        {
                                            "Node Type": "Hash",
                                            "Parent Relationship": "Inner",
                                            "Parallel Aware": true,
                                            "Startup Cost": 45479.21,
                                            "Total Cost": 45479.21,
                                            "Plan Rows": 320008,
                                            "Plan Width": 4,
                                            "Actual Startup Time": 176.562,
                                            "Actual Total Time": 176.563,
                                            "Actual Rows": 235624,
                                            "Actual Loops": 6,
                                            "Output": [
                                                "t.id"
                                            ],
                                            "Hash Buckets": 2097152,
                                            "Original Hash Buckets": 2097152,
                                            "Hash Batches": 1,
                                            "Original Hash Batches": 1,
                                            "Peak Memory Usage": 71776,
                                            "Workers": [
                                                {
                                                    "Worker Number": 0,
                                                    "Actual Startup Time": 178.794,
                                                    "Actual Total Time": 178.795,
                                                    "Actual Rows": 208897,
                                                    "Actual Loops": 1
                                                },
                                                {
                                                    "Worker Number": 1,
                                                    "Actual Startup Time": 178.847,
                                                    "Actual Total Time": 178.848,
                                                    "Actual Rows": 223225,
                                                    "Actual Loops": 1
                                                },
                                                {
                                                    "Worker Number": 2,
                                                    "Actual Startup Time": 178.864,
                                                    "Actual Total Time": 178.865,
                                                    "Actual Rows": 230371,
                                                    "Actual Loops": 1
                                                },
                                                {
                                                    "Worker Number": 3,
                                                    "Actual Startup Time": 178.811,
                                                    "Actual Total Time": 178.812,
                                                    "Actual Rows": 225444,
                                                    "Actual Loops": 1
                                                },
                                                {
                                                    "Worker Number": 4,
                                                    "Actual Startup Time": 178.959,
                                                    "Actual Total Time": 178.96,
                                                    "Actual Rows": 202243,
                                                    "Actual Loops": 1
                                                }
                                            ],
                                            "Plans": [
                                                {
                                                    "Node Type": "Seq Scan",
                                                    "Parent Relationship": "Outer",
                                                    "Parallel Aware": true,
                                                    "Relation Name": "title",
                                                    "Schema": "public",
                                                    "Alias": "t",
                                                    "Startup Cost": 0.0,
                                                    "Total Cost": 45479.21,
                                                    "Plan Rows": 320008,
                                                    "Plan Width": 4,
                                                    "Actual Startup Time": 0.048,
                                                    "Actual Total Time": 77.454,
                                                    "Actual Rows": 235624,
                                                    "Actual Loops": 6,
                                                    "Output": [
                                                        "t.id"
                                                    ],
                                                    "Filter": "((t.kind_id > 1) AND (t.production_year > 1990))",
                                                    "Rows Removed by Filter": 185761,
                                                    "Workers": [
                                                        {
                                                            "Worker Number": 0,
                                                            "Actual Startup Time": 0.056,
                                                            "Actual Total Time": 78.26,
                                                            "Actual Rows": 208897,
                                                            "Actual Loops": 1
                                                        },
                                                        {
                                                            "Worker Number": 1,
                                                            "Actual Startup Time": 0.046,
                                                            "Actual Total Time": 79.97,
                                                            "Actual Rows": 223225,
                                                            "Actual Loops": 1
                                                        },
                                                        {
                                                            "Worker Number": 2,
                                                            "Actual Startup Time": 0.05,
                                                            "Actual Total Time": 79.295,
                                                            "Actual Rows": 230371,
                                                            "Actual Loops": 1
                                                        },
                                                        {
                                                            "Worker Number": 3,
                                                            "Actual Startup Time": 0.06,
                                                            "Actual Total Time": 79.271,
                                                            "Actual Rows": 225444,
                                                            "Actual Loops": 1
                                                        },
                                                        {
                                                            "Worker Number": 4,
                                                            "Actual Startup Time": 0.057,
                                                            "Actual Total Time": 78.402,
                                                            "Actual Rows": 202243,
                                                            "Actual Loops": 1
                                                        }
                                                    ]
                                                }
                                            ]
                                        }
                                    ]
                                }
                            ]
                        }
                    ]
                }
            ]
        },
        "Planning Time": 329.559,
        "Triggers": [],
        "Execution Time": 868.48
    }
]