[
  {
    "Plan": {
      "Node Type": "Aggregate",
      "Strategy": "Plain",
      "Partial Mode": "Finalize",
      "Parallel Aware": false,
      "Startup Cost": 219879.38,
      "Total Cost": 219879.39,
      "Plan Rows": 1,
      "Plan Width": 8,
      "Actual Startup Time": 133.3,
      "Actual Total Time": 154.885,
      "Actual Rows": 1,
      "Actual Loops": 1,
      "Plans": [
        {
          "Node Type": "Gather",
          "Parent Relationship": "Outer",
          "Parallel Aware": false,
          "Startup Cost": 219878.96,
          "Total Cost": 219879.37,
          "Plan Rows": 4,
          "Plan Width": 8,
          "Actual Startup Time": 133.19,
          "Actual Total Time": 154.877,
          "Actual Rows": 5,
          "Actual Loops": 1,
          "Workers Planned": 4,
          "Workers Launched": 4,
          "Single Copy": false,
          "Plans": [
            {
              "Node Type": "Aggregate",
              "Strategy": "Plain",
              "Partial Mode": "Partial",
              "Parent Relationship": "Outer",
              "Parallel Aware": false,
              "Startup Cost": 218878.96,
              "Total Cost": 218878.97,
              "Plan Rows": 1,
              "Plan Width": 8,
              "Actual Startup Time": 123.545,
              "Actual Total Time": 123.546,
              "Actual Rows": 1,
              "Actual Loops": 5,
              "Plans": [
                {
                  "Node Type": "Nested Loop",
                  "Parent Relationship": "Outer",
                  "Parallel Aware": false,
                  "Join Type": "Inner",
                  "Startup Cost": 0.43,
                  "Total Cost": 218875.02,
                  "Plan Rows": 1576,
                  "Plan Width": 0,
                  "Actual Startup Time": 0.837,
                  "Actual Total Time": 123.307,
                  "Actual Rows": 1708,
                  "Actual Loops": 5,
                  "Inner Unique": false,
                  "Plans": [
                    {
                      "Node Type": "Seq Scan",
                      "Parent Relationship": "Outer",
                      "Parallel Aware": true,
                      "Relation Name": "title",
                      "Alias": "t",
                      "Startup Cost": 0.0,
                      "Total Cost": 43898.92,
                      "Plan Rows": 3118,
                      "Plan Width": 4,
                      "Actual Startup Time": 0.132,
                      "Actual Total Time": 67.785,
                      "Actual Rows": 2742,
                      "Actual Loops": 5,
                      "Filter": "(production_year = 1966)",
                      "Rows Removed by Filter": 502920
                    },
                    {
                      "Node Type": "Index Scan",
                      "Parent Relationship": "Inner",
                      "Parallel Aware": false,
                      "Scan Direction": "Forward",
                      "Index Name": "movie_id_movie_info",
                      "Relation Name": "movie_info",
                      "Alias": "mi",
                      "Startup Cost": 0.43,
                      "Total Cost": 56.08,
                      "Plan Rows": 4,
                      "Plan Width": 4,
                      "Actual Startup Time": 0.012,
                      "Actual Total Time": 0.02,
                      "Actual Rows": 1,
                      "Actual Loops": 13711,
                      "Index Cond": "(movie_id = t.id)",
                      "Rows Removed by Index Recheck": 0,
                      "Filter": "(info_type_id = 4)",
                      "Rows Removed by Filter": 6
                    }
                  ]
                }
              ]
            }
          ]
        }
      ]
    },
    "Planning Time": 0.643,
    "Triggers": [],
    "Execution Time": 154.96
  }
]