[
  {
    "Plan": {
      "Node Type": "Aggregate",
      "Strategy": "Plain",
      "Partial Mode": "Finalize",
      "Parallel Aware": false,
      "Startup Cost": 9791.14,
      "Total Cost": 9791.15,
      "Plan Rows": 1,
      "Plan Width": 8,
      "Actual Startup Time": 39.637,
      "Actual Total Time": 41.45,
      "Actual Rows": 1,
      "Actual Loops": 1,
      "Plans": [
        {
          "Node Type": "Gather",
          "Parent Relationship": "Outer",
          "Parallel Aware": false,
          "Startup Cost": 9790.82,
          "Total Cost": 9791.13,
          "Plan Rows": 3,
          "Plan Width": 8,
          "Actual Startup Time": 39.548,
          "Actual Total Time": 41.443,
          "Actual Rows": 4,
          "Actual Loops": 1,
          "Workers Planned": 3,
          "Workers Launched": 3,
          "Single Copy": false,
          "Plans": [
            {
              "Node Type": "Aggregate",
              "Strategy": "Plain",
              "Partial Mode": "Partial",
              "Parent Relationship": "Outer",
              "Parallel Aware": false,
              "Startup Cost": 8790.82,
              "Total Cost": 8790.83,
              "Plan Rows": 1,
              "Plan Width": 8,
              "Actual Startup Time": 31.245,
              "Actual Total Time": 31.246,
              "Actual Rows": 1,
              "Actual Loops": 4,
              "Plans": [
                {
                  "Node Type": "Index Scan",
                  "Parent Relationship": "Outer",
                  "Parallel Aware": true,
                  "Scan Direction": "Forward",
                  "Index Name": "role_id_cast_info",
                  "Relation Name": "cast_info",
                  "Alias": "ci",
                  "Startup Cost": 0.56,
                  "Total Cost": 8600.37,
                  "Plan Rows": 76179,
                  "Plan Width": 0,
                  "Actual Startup Time": 0.257,
                  "Actual Total Time": 28.717,
                  "Actual Rows": 24166,
                  "Actual Loops": 4,
                  "Index Cond": "(role_id > 10)",
                  "Rows Removed by Index Recheck": 0,
                  "Filter": "(person_id < 2925971)",
                  "Rows Removed by Filter": 54864
                }
              ]
            }
          ]
        }
      ]
    },
    "Planning Time": 0.235,
    "Triggers": [],
    "Execution Time": 41.512
  }
]