[
  {
    "Plan": {
      "Node Type": "Aggregate",
      "Strategy": "Plain",
      "Partial Mode": "Finalize",
      "Parallel Aware": false,
      "Startup Cost": 31797.16,
      "Total Cost": 31797.17,
      "Plan Rows": 1,
      "Plan Width": 8,
      "Actual Startup Time": 108.257,
      "Actual Total Time": 116.245,
      "Actual Rows": 1,
      "Actual Loops": 1,
      "Plans": [
        {
          "Node Type": "Gather",
          "Parent Relationship": "Outer",
          "Parallel Aware": false,
          "Startup Cost": 31796.84,
          "Total Cost": 31797.15,
          "Plan Rows": 3,
          "Plan Width": 8,
          "Actual Startup Time": 108.178,
          "Actual Total Time": 116.237,
          "Actual Rows": 4,
          "Actual Loops": 1,
          "Workers Planned": 3,
          "Workers Launched": 3,
          "Single Copy": false,
          "Plans": [
            {
              "Node Type": "Aggregate",
              "Strategy": "Plain",
              "Partial Mode": "Partial",
              "Parent Relationship": "Outer",
              "Parallel Aware": false,
              "Startup Cost": 30796.84,
              "Total Cost": 30796.85,
              "Plan Rows": 1,
              "Plan Width": 8,
              "Actual Startup Time": 100.812,
              "Actual Total Time": 100.813,
              "Actual Rows": 1,
              "Actual Loops": 4,
              "Plans": [
                {
                  "Node Type": "Seq Scan",
                  "Parent Relationship": "Outer",
                  "Parallel Aware": true,
                  "Relation Name": "movie_companies",
                  "Alias": "mc",
                  "Startup Cost": 0.0,
                  "Total Cost": 29310.68,
                  "Plan Rows": 594465,
                  "Plan Width": 0,
                  "Actual Startup Time": 0.627,
                  "Actual Total Time": 80.507,
                  "Actual Rows": 462497,
                  "Actual Loops": 4,
                  "Filter": "(company_id > 1532)",
                  "Rows Removed by Filter": 189785
                }
              ]
            }
          ]
        }
      ]
    },
    "Planning Time": 0.121,
    "Triggers": [],
    "Execution Time": 116.282
  }
]