{
  "Plan": {
    "Node Type": "Aggregate",
    "Strategy": "Plain",
    "Partial Mode": "Simple",
    "Parallel Aware": false,
    "Startup Cost": 40813.66,
    "Total Cost": 40813.67,
    "Plan Rows": 1,
    "Plan Width": 8,
    "Actual Startup Time": 53.774,
    "Actual Total Time": 53.776,
    "Actual Rows": 1,
    "Actual Loops": 1,
    "Plans": [
      {
        "Node Type": "Nested Loop",
        "Parent Relationship": "Outer",
        "Parallel Aware": false,
        "Join Type": "Inner",
        "Startup Cost": 1824.03,
        "Total Cost": 40813.63,
        "Plan Rows": 12,
        "Plan Width": 0,
        "Actual Startup Time": 34.916,
        "Actual Total Time": 53.769,
        "Actual Rows": 8,
        "Actual Loops": 1,
        "Inner Unique": false,
        "Join Filter": "(t.id = mc.movie_id)",
        "Rows Removed by Join Filter": 0,
        "Plans": [
          {
            "Node Type": "Nested Loop",
            "Parent Relationship": "Outer",
            "Parallel Aware": false,
            "Join Type": "Inner",
            "Startup Cost": 1823.6,
            "Total Cost": 40788.32,
            "Plan Rows": 31,
            "Plan Width": 8,
            "Actual Startup Time": 21.174,
            "Actual Total Time": 53.693,
            "Actual Rows": 6,
            "Actual Loops": 1,
            "Inner Unique": false,
            "Plans": [
              {
                "Node Type": "Bitmap Heap Scan",
                "Parent Relationship": "Outer",
                "Parallel Aware": false,
                "Relation Name": "title",
                "Alias": "t",
                "Startup Cost": 1823.17,
                "Total Cost": 39354.58,
                "Plan Rows": 170,
                "Plan Width": 4,
                "Actual Startup Time": 19.114,
                "Actual Total Time": 53.276,
                "Actual Rows": 58,
                "Actual Loops": 1,
                "Recheck Cond": "(kind_id = 3)",
                "Rows Removed by Index Recheck": 0,
                "Filter": "(production_year = 1950)",
                "Rows Removed by Filter": 100479,
                "Exact Heap Blocks": 12707,
                "Lossy Heap Blocks": 0,
                "Plans": [
                  {
                    "Node Type": "Bitmap Index Scan",
                    "Parent Relationship": "Outer",
                    "Parallel Aware": false,
                    "Index Name": "kind_id_title",
                    "Startup Cost": 0.0,
                    "Total Cost": 1823.13,
                    "Plan Rows": 102227,
                    "Plan Width": 0,
                    "Actual Startup Time": 14.509,
                    "Actual Total Time": 14.51,
                    "Actual Rows": 100537,
                    "Actual Loops": 1,
                    "Index Cond": "(kind_id = 3)"
                  }
                ]
              },
              {
                "Node Type": "Index Scan",
                "Parent Relationship": "Inner",
                "Parallel Aware": false,
                "Scan Direction": "Forward",
                "Index Name": "movie_id_movie_info_idx",
                "Relation Name": "movie_info_idx",
                "Alias": "mi_idx",
                "Startup Cost": 0.43,
                "Total Cost": 8.42,
                "Plan Rows": 1,
                "Plan Width": 4,
                "Actual Startup Time": 0.006,
                "Actual Total Time": 0.006,
                "Actual Rows": 0,
                "Actual Loops": 58,
                "Index Cond": "(movie_id = t.id)",
                "Rows Removed by Index Recheck": 0,
                "Filter": "(info_type_id < 100)",
                "Rows Removed by Filter": 0
              }
            ]
          },
          {
            "Node Type": "Index Scan",
            "Parent Relationship": "Inner",
            "Parallel Aware": false,
            "Scan Direction": "Forward",
            "Index Name": "movie_id_movie_companies",
            "Relation Name": "movie_companies",
            "Alias": "mc",
            "Startup Cost": 0.43,
            "Total Cost": 0.79,
            "Plan Rows": 2,
            "Plan Width": 4,
            "Actual Startup Time": 0.011,
            "Actual Total Time": 0.011,
            "Actual Rows": 1,
            "Actual Loops": 6,
            "Index Cond": "(movie_id = mi_idx.movie_id)",
            "Rows Removed by Index Recheck": 0,
            "Filter": "((company_id < 71767) AND (company_type_id < 2))",
            "Rows Removed by Filter": 1
          }
        ]
      }
    ]
  },
  "Planning Time": 1.027,
  "Triggers": [],
  "Execution Time": 53.859
}