[
  {
    "Plan": {
      "Node Type": "Aggregate",
      "Strategy": "Plain",
      "Partial Mode": "Finalize",
      "Parallel Aware": false,
      "Startup Cost": 25967.97,
      "Total Cost": 25967.98,
      "Plan Rows": 1,
      "Plan Width": 8,
      "Actual Startup Time": 67.452,
      "Actual Total Time": 72.171,
      "Actual Rows": 1,
      "Actual Loops": 1,
      "Plans": [
        {
          "Node Type": "Gather",
          "Parent Relationship": "Outer",
          "Parallel Aware": false,
          "Startup Cost": 25967.65,
          "Total Cost": 25967.96,
          "Plan Rows": 3,
          "Plan Width": 8,
          "Actual Startup Time": 67.22,
          "Actual Total Time": 72.163,
          "Actual Rows": 4,
          "Actual Loops": 1,
          "Workers Planned": 3,
          "Workers Launched": 3,
          "Single Copy": false,
          "Plans": [
            {
              "Node Type": "Aggregate",
              "Strategy": "Plain",
              "Partial Mode": "Partial",
              "Parent Relationship": "Outer",
              "Parallel Aware": false,
              "Startup Cost": 24967.65,
              "Total Cost": 24967.66,
              "Plan Rows": 1,
              "Plan Width": 8,
              "Actual Startup Time": 60.126,
              "Actual Total Time": 60.128,
              "Actual Rows": 1,
              "Actual Loops": 4,
              "Plans": [
                {
                  "Node Type": "Bitmap Heap Scan",
                  "Parent Relationship": "Outer",
                  "Parallel Aware": true,
                  "Relation Name": "movie_companies",
                  "Alias": "mc",
                  "Startup Cost": 5050.21,
                  "Total Cost": 24779.74,
                  "Plan Rows": 75163,
                  "Plan Width": 0,
                  "Actual Startup Time": 14.063,
                  "Actual Total Time": 55.823,
                  "Actual Rows": 56859,
                  "Actual Loops": 4,
                  "Recheck Cond": "(company_id < 84)",
                  "Rows Removed by Index Recheck": 0,
                  "Exact Heap Blocks": 9110,
                  "Lossy Heap Blocks": 0,
                  "Plans": [
                    {
                      "Node Type": "Bitmap Index Scan",
                      "Parent Relationship": "Outer",
                      "Parallel Aware": false,
                      "Index Name": "company_id_movie_companies",
                      "Startup Cost": 0.0,
                      "Total Cost": 4991.96,
                      "Plan Rows": 233004,
                      "Plan Width": 0,
                      "Actual Startup Time": 17.472,
                      "Actual Total Time": 17.473,
                      "Actual Rows": 227437,
                      "Actual Loops": 1,
                      "Index Cond": "(company_id < 84)"
                    }
                  ]
                }
              ]
            }
          ]
        }
      ]
    },
    "Planning Time": 0.114,
    "Triggers": [],
    "Execution Time": 72.221
  }
]