[
  {
    "Plan": {
      "Node Type": "Aggregate",
      "Strategy": "Plain",
      "Partial Mode": "Finalize",
      "Parallel Aware": false,
      "Startup Cost": 44192.76,
      "Total Cost": 44192.77,
      "Plan Rows": 1,
      "Plan Width": 8,
      "Actual Startup Time": 148.565,
      "Actual Total Time": 157.264,
      "Actual Rows": 1,
      "Actual Loops": 1,
      "Plans": [
        {
          "Node Type": "Gather",
          "Parent Relationship": "Outer",
          "Parallel Aware": false,
          "Startup Cost": 44192.45,
          "Total Cost": 44192.76,
          "Plan Rows": 3,
          "Plan Width": 8,
          "Actual Startup Time": 148.265,
          "Actual Total Time": 157.256,
          "Actual Rows": 4,
          "Actual Loops": 1,
          "Workers Planned": 3,
          "Workers Launched": 3,
          "Single Copy": false,
          "Plans": [
            {
              "Node Type": "Aggregate",
              "Strategy": "Plain",
              "Partial Mode": "Partial",
              "Parent Relationship": "Outer",
              "Parallel Aware": false,
              "Startup Cost": 43192.45,
              "Total Cost": 43192.46,
              "Plan Rows": 1,
              "Plan Width": 8,
              "Actual Startup Time": 141.508,
              "Actual Total Time": 141.509,
              "Actual Rows": 1,
              "Actual Loops": 4,
              "Plans": [
                {
                  "Node Type": "Bitmap Heap Scan",
                  "Parent Relationship": "Outer",
                  "Parallel Aware": true,
                  "Relation Name": "movie_keyword",
                  "Alias": "mk",
                  "Startup Cost": 15258.36,
                  "Total Cost": 42612.43,
                  "Plan Rows": 232005,
                  "Plan Width": 0,
                  "Actual Startup Time": 49.88,
                  "Actual Total Time": 131.829,
                  "Actual Rows": 177982,
                  "Actual Loops": 4,
                  "Recheck Cond": "(keyword_id > 26536)",
                  "Rows Removed by Index Recheck": 0,
                  "Exact Heap Blocks": 10029,
                  "Lossy Heap Blocks": 0,
                  "Plans": [
                    {
                      "Node Type": "Bitmap Index Scan",
                      "Parent Relationship": "Outer",
                      "Parallel Aware": false,
                      "Index Name": "keyword_id_movie_keyword",
                      "Startup Cost": 0.0,
                      "Total Cost": 15078.56,
                      "Plan Rows": 719217,
                      "Plan Width": 0,
                      "Actual Startup Time": 52.52,
                      "Actual Total Time": 52.521,
                      "Actual Rows": 711929,
                      "Actual Loops": 1,
                      "Index Cond": "(keyword_id > 26536)"
                    }
                  ]
                }
              ]
            }
          ]
        }
      ]
    },
    "Planning Time": 0.131,
    "Triggers": [],
    "Execution Time": 157.322
  }
]