[
    {
        "Bao": {
            "Bao prediction": "NaN",
            "Bao recommended hint": "(no hint)"
        }
    },
    {
        "Plan": {
            "Node Type": "Aggregate",
            "Strategy": "Plain",
            "Partial Mode": "Finalize",
            "Parallel Aware": false,
            "Startup Cost": 80135.76,
            "Total Cost": 80135.77,
            "Plan Rows": 1,
            "Plan Width": 8,
            "Actual Startup Time": 253.688,
            "Actual Total Time": 263.365,
            "Actual Rows": 1,
            "Actual Loops": 1,
            "Output": [
                "count(*)"
            ],
            "Plans": [
                {
                    "Node Type": "Gather",
                    "Parent Relationship": "Outer",
                    "Parallel Aware": false,
                    "Startup Cost": 80135.44,
                    "Total Cost": 80135.75,
                    "Plan Rows": 3,
                    "Plan Width": 8,
                    "Actual Startup Time": 251.751,
                    "Actual Total Time": 263.353,
                    "Actual Rows": 4,
                    "Actual Loops": 1,
                    "Output": [
                        "(PARTIAL count(*))"
                    ],
                    "Workers Planned": 3,
                    "Workers Launched": 3,
                    "Single Copy": false,
                    "Plans": [
                        {
                            "Node Type": "Aggregate",
                            "Strategy": "Plain",
                            "Partial Mode": "Partial",
                            "Parent Relationship": "Outer",
                            "Parallel Aware": false,
                            "Startup Cost": 79135.44,
                            "Total Cost": 79135.45,
                            "Plan Rows": 1,
                            "Plan Width": 8,
                            "Actual Startup Time": 242.888,
                            "Actual Total Time": 242.891,
                            "Actual Rows": 1,
                            "Actual Loops": 4,
                            "Output": [
                                "PARTIAL count(*)"
                            ],
                            "Workers": [
                                {
                                    "Worker Number": 0,
                                    "Actual Startup Time": 240.155,
                                    "Actual Total Time": 240.158,
                                    "Actual Rows": 1,
                                    "Actual Loops": 1
                                },
                                {
                                    "Worker Number": 1,
                                    "Actual Startup Time": 239.562,
                                    "Actual Total Time": 239.565,
                                    "Actual Rows": 1,
                                    "Actual Loops": 1
                                },
                                {
                                    "Worker Number": 2,
                                    "Actual Startup Time": 240.679,
                                    "Actual Total Time": 240.681,
                                    "Actual Rows": 1,
                                    "Actual Loops": 1
                                }
                            ],
                            "Plans": [
                                {
                                    "Node Type": "Hash Join",
                                    "Parent Relationship": "Outer",
                                    "Parallel Aware": true,
                                    "Join Type": "Inner",
                                    "Startup Cost": 46945.47,
                                    "Total Cost": 79019.02,
                                    "Plan Rows": 46570,
                                    "Plan Width": 0,
                                    "Actual Startup Time": 153.213,
                                    "Actual Total Time": 240.267,
                                    "Actual Rows": 48784,
                                    "Actual Loops": 4,
                                    "Inner Unique": true,
                                    "Hash Cond": "(mc.movie_id = t.id)",
                                    "Workers": [
                                        {
                                            "Worker Number": 0,
                                            "Actual Startup Time": 150.281,
                                            "Actual Total Time": 237.43,
                                            "Actual Rows": 38220,
                                            "Actual Loops": 1
                                        },
                                        {
                                            "Worker Number": 1,
                                            "Actual Startup Time": 149.957,
                                            "Actual Total Time": 237.064,
                                            "Actual Rows": 56906,
                                            "Actual Loops": 1
                                        },
                                        {
                                            "Worker Number": 2,
                                            "Actual Startup Time": 151.069,
                                            "Actual Total Time": 238.243,
                                            "Actual Rows": 56000,
                                            "Actual Loops": 1
                                        }
                                    ],
                                    "Plans": [
                                        {
                                            "Node Type": "Seq Scan",
                                            "Parent Relationship": "Outer",
                                            "Parallel Aware": true,
                                            "Relation Name": "movie_companies",
                                            "Schema": "public",
                                            "Alias": "mc",
                                            "Startup Cost": 0.0,
                                            "Total Cost": 31414.82,
                                            "Plan Rows": 250944,
                                            "Plan Width": 4,
                                            "Actual Startup Time": 2.929,
                                            "Actual Total Time": 68.373,
                                            "Actual Rows": 140406,
                                            "Actual Loops": 4,
                                            "Output": [
                                                "mc.id",
                                                "mc.movie_id",
                                                "mc.company_id",
                                                "mc.company_type_id",
                                                "mc.note"
                                            ],
                                            "Filter": "((mc.company_id > 5488) AND (mc.company_type_id < 2))",
                                            "Rows Removed by Filter": 511877,
                                            "Workers": [
                                                {
                                                    "Worker Number": 0,
                                                    "Actual Startup Time": 2.955,
                                                    "Actual Total Time": 69.912,
                                                    "Actual Rows": 109603,
                                                    "Actual Loops": 1
                                                },
                                                {
                                                    "Worker Number": 1,
                                                    "Actual Startup Time": 2.88,
                                                    "Actual Total Time": 67.735,
                                                    "Actual Rows": 162702,
                                                    "Actual Loops": 1
                                                },
                                                {
                                                    "Worker Number": 2,
                                                    "Actual Startup Time": 2.883,
                                                    "Actual Total Time": 68.464,
                                                    "Actual Rows": 162102,
                                                    "Actual Loops": 1
                                                }
                                            ]
                                        },
                                        {
                                            "Node Type": "Hash",
                                            "Parent Relationship": "Inner",
                                            "Parallel Aware": true,
                                            "Startup Cost": 45479.21,
                                            "Total Cost": 45479.21,
                                            "Plan Rows": 117301,
                                            "Plan Width": 4,
                                            "Actual Startup Time": 138.769,
                                            "Actual Total Time": 138.77,
                                            "Actual Rows": 85186,
                                            "Actual Loops": 4,
                                            "Output": [
                                                "t.id"
                                            ],
                                            "Hash Buckets": 524288,
                                            "Original Hash Buckets": 524288,
                                            "Hash Batches": 1,
                                            "Original Hash Batches": 1,
                                            "Peak Memory Usage": 17472,
                                            "Workers": [
                                                {
                                                    "Worker Number": 0,
                                                    "Actual Startup Time": 137.498,
                                                    "Actual Total Time": 137.499,
                                                    "Actual Rows": 66224,
                                                    "Actual Loops": 1
                                                },
                                                {
                                                    "Worker Number": 1,
                                                    "Actual Startup Time": 137.111,
                                                    "Actual Total Time": 137.112,
                                                    "Actual Rows": 97080,
                                                    "Actual Loops": 1
                                                },
                                                {
                                                    "Worker Number": 2,
                                                    "Actual Startup Time": 138.232,
                                                    "Actual Total Time": 138.232,
                                                    "Actual Rows": 95756,
                                                    "Actual Loops": 1
                                                }
                                            ],
                                            "Plans": [
                                                {
                                                    "Node Type": "Seq Scan",
                                                    "Parent Relationship": "Outer",
                                                    "Parallel Aware": true,
                                                    "Relation Name": "title",
                                                    "Schema": "public",
                                                    "Alias": "t",
                                                    "Startup Cost": 0.0,
                                                    "Total Cost": 45479.21,
                                                    "Plan Rows": 117301,
                                                    "Plan Width": 4,
                                                    "Actual Startup Time": 48.783,
                                                    "Actual Total Time": 108.351,
                                                    "Actual Rows": 85186,
                                                    "Actual Loops": 4,
                                                    "Output": [
                                                        "t.id"
                                                    ],
                                                    "Filter": "((t.production_year > 1989) AND (t.kind_id = 1))",
                                                    "Rows Removed by Filter": 546892,
                                                    "Workers": [
                                                        {
                                                            "Worker Number": 0,
                                                            "Actual Startup Time": 62.13,
                                                            "Actual Total Time": 109.095,
                                                            "Actual Rows": 66224,
                                                            "Actual Loops": 1
                                                        },
                                                        {
                                                            "Worker Number": 1,
                                                            "Actual Startup Time": 61.725,
                                                            "Actual Total Time": 106.507,
                                                            "Actual Rows": 97080,
                                                            "Actual Loops": 1
                                                        },
                                                        {
                                                            "Worker Number": 2,
                                                            "Actual Startup Time": 4.449,
                                                            "Actual Total Time": 107.717,
                                                            "Actual Rows": 95756,
                                                            "Actual Loops": 1
                                                        }
                                                    ]
                                                }
                                            ]
                                        }
                                    ]
                                }
                            ]
                        }
                    ]
                }
            ]
        },
        "Planning Time": 282.661,
        "Triggers": [],
        "Execution Time": 263.484
    }
]