[
  {
    "Plan": {
      "Node Type": "Aggregate",
      "Strategy": "Plain",
      "Partial Mode": "Finalize",
      "Parallel Aware": false,
      "Startup Cost": 348968.3,
      "Total Cost": 348968.31,
      "Plan Rows": 1,
      "Plan Width": 8,
      "Actual Startup Time": 703.308,
      "Actual Total Time": 748.232,
      "Actual Rows": 1,
      "Actual Loops": 1,
      "Plans": [
        {
          "Node Type": "Gather",
          "Parent Relationship": "Outer",
          "Parallel Aware": false,
          "Startup Cost": 348967.68,
          "Total Cost": 348968.29,
          "Plan Rows": 6,
          "Plan Width": 8,
          "Actual Startup Time": 703.146,
          "Actual Total Time": 748.22,
          "Actual Rows": 7,
          "Actual Loops": 1,
          "Workers Planned": 6,
          "Workers Launched": 6,
          "Single Copy": false,
          "Plans": [
            {
              "Node Type": "Aggregate",
              "Strategy": "Plain",
              "Partial Mode": "Partial",
              "Parent Relationship": "Outer",
              "Parallel Aware": false,
              "Startup Cost": 347967.68,
              "Total Cost": 347967.69,
              "Plan Rows": 1,
              "Plan Width": 8,
              "Actual Startup Time": 695.953,
              "Actual Total Time": 695.954,
              "Actual Rows": 1,
              "Actual Loops": 7,
              "Plans": [
                {
                  "Node Type": "Seq Scan",
                  "Parent Relationship": "Outer",
                  "Parallel Aware": true,
                  "Relation Name": "cast_info",
                  "Alias": "ci",
                  "Startup Cost": 0.0,
                  "Total Cost": 343316.27,
                  "Plan Rows": 1860562,
                  "Plan Width": 0,
                  "Actual Startup Time": 319.622,
                  "Actual Total Time": 615.547,
                  "Actual Rows": 1859757,
                  "Actual Loops": 7,
                  "Filter": "((person_id > 1089317) AND (role_id > 2))",
                  "Rows Removed by Filter": 3318007
                }
              ]
            }
          ]
        }
      ]
    },
    "Planning Time": 0.11,
    "Triggers": [],
    "Execution Time": 748.278
  }
]