[
  {
    "Plan": {
      "Node Type": "Aggregate",
      "Strategy": "Plain",
      "Partial Mode": "Finalize",
      "Parallel Aware": false,
      "Startup Cost": 29416.36,
      "Total Cost": 29416.37,
      "Plan Rows": 1,
      "Plan Width": 8,
      "Actual Startup Time": 85.571,
      "Actual Total Time": 91.764,
      "Actual Rows": 1,
      "Actual Loops": 1,
      "Plans": [
        {
          "Node Type": "Gather",
          "Parent Relationship": "Outer",
          "Parallel Aware": false,
          "Startup Cost": 29416.05,
          "Total Cost": 29416.36,
          "Plan Rows": 3,
          "Plan Width": 8,
          "Actual Startup Time": 85.273,
          "Actual Total Time": 91.757,
          "Actual Rows": 4,
          "Actual Loops": 1,
          "Workers Planned": 3,
          "Workers Launched": 3,
          "Single Copy": false,
          "Plans": [
            {
              "Node Type": "Aggregate",
              "Strategy": "Plain",
              "Partial Mode": "Partial",
              "Parent Relationship": "Outer",
              "Parallel Aware": false,
              "Startup Cost": 28416.05,
              "Total Cost": 28416.06,
              "Plan Rows": 1,
              "Plan Width": 8,
              "Actual Startup Time": 78.048,
              "Actual Total Time": 78.049,
              "Actual Rows": 1,
              "Actual Loops": 4,
              "Plans": [
                {
                  "Node Type": "Bitmap Heap Scan",
                  "Parent Relationship": "Outer",
                  "Parallel Aware": true,
                  "Relation Name": "movie_companies",
                  "Alias": "mc",
                  "Startup Cost": 7740.1,
                  "Total Cost": 28268.01,
                  "Plan Rows": 59213,
                  "Plan Width": 0,
                  "Actual Startup Time": 63.735,
                  "Actual Total Time": 76.961,
                  "Actual Rows": 19491,
                  "Actual Loops": 4,
                  "Recheck Cond": "(company_id < 171)",
                  "Rows Removed by Index Recheck": 0,
                  "Filter": "(company_type_id = 2)",
                  "Rows Removed by Filter": 68730,
                  "Exact Heap Blocks": 10906,
                  "Lossy Heap Blocks": 0,
                  "Plans": [
                    {
                      "Node Type": "Bitmap Index Scan",
                      "Parent Relationship": "Outer",
                      "Parallel Aware": false,
                      "Index Name": "company_id_movie_companies",
                      "Startup Cost": 0.0,
                      "Total Cost": 7694.2,
                      "Plan Rows": 359170,
                      "Plan Width": 0,
                      "Actual Startup Time": 29.582,
                      "Actual Total Time": 29.583,
                      "Actual Rows": 352883,
                      "Actual Loops": 1,
                      "Index Cond": "(company_id < 171)"
                    }
                  ]
                }
              ]
            }
          ]
        }
      ]
    },
    "Planning Time": 0.224,
    "Triggers": [],
    "Execution Time": 91.839
  }
]