[
  {
    "Plan": {
      "Node Type": "Aggregate",
      "Strategy": "Plain",
      "Partial Mode": "Finalize",
      "Parallel Aware": false,
      "Startup Cost": 29391.21,
      "Total Cost": 29391.22,
      "Plan Rows": 1,
      "Plan Width": 8,
      "Actual Startup Time": 91.85,
      "Actual Total Time": 98.877,
      "Actual Rows": 1,
      "Actual Loops": 1,
      "Plans": [
        {
          "Node Type": "Gather",
          "Parent Relationship": "Outer",
          "Parallel Aware": false,
          "Startup Cost": 29390.9,
          "Total Cost": 29391.21,
          "Plan Rows": 3,
          "Plan Width": 8,
          "Actual Startup Time": 91.582,
          "Actual Total Time": 98.87,
          "Actual Rows": 4,
          "Actual Loops": 1,
          "Workers Planned": 3,
          "Workers Launched": 3,
          "Single Copy": false,
          "Plans": [
            {
              "Node Type": "Aggregate",
              "Strategy": "Plain",
              "Partial Mode": "Partial",
              "Parent Relationship": "Outer",
              "Parallel Aware": false,
              "Startup Cost": 28390.9,
              "Total Cost": 28390.91,
              "Plan Rows": 1,
              "Plan Width": 8,
              "Actual Startup Time": 84.837,
              "Actual Total Time": 84.839,
              "Actual Rows": 1,
              "Actual Loops": 4,
              "Plans": [
                {
                  "Node Type": "Bitmap Heap Scan",
                  "Parent Relationship": "Outer",
                  "Parallel Aware": true,
                  "Relation Name": "movie_companies",
                  "Alias": "mc",
                  "Startup Cost": 7720.76,
                  "Total Cost": 28244.21,
                  "Plan Rows": 58675,
                  "Plan Width": 0,
                  "Actual Startup Time": 70.347,
                  "Actual Total Time": 83.798,
                  "Actual Rows": 19491,
                  "Actual Loops": 4,
                  "Recheck Cond": "(company_id < 171)",
                  "Rows Removed by Index Recheck": 0,
                  "Filter": "(company_type_id = 2)",
                  "Rows Removed by Filter": 68730,
                  "Exact Heap Blocks": 10622,
                  "Lossy Heap Blocks": 0,
                  "Plans": [
                    {
                      "Node Type": "Bitmap Index Scan",
                      "Parent Relationship": "Outer",
                      "Parallel Aware": false,
                      "Index Name": "company_id_movie_companies",
                      "Startup Cost": 0.0,
                      "Total Cost": 7675.28,
                      "Plan Rows": 358247,
                      "Plan Width": 0,
                      "Actual Startup Time": 35.624,
                      "Actual Total Time": 35.625,
                      "Actual Rows": 352883,
                      "Actual Loops": 1,
                      "Index Cond": "(company_id < 171)"
                    }
                  ]
                }
              ]
            }
          ]
        }
      ]
    },
    "Planning Time": 0.224,
    "Triggers": [],
    "Execution Time": 98.954
  }
]