[
  {
    "Plan": {
      "Node Type": "Aggregate",
      "Strategy": "Plain",
      "Partial Mode": "Finalize",
      "Parallel Aware": false,
      "Startup Cost": 43993.28,
      "Total Cost": 43993.29,
      "Plan Rows": 1,
      "Plan Width": 8,
      "Actual Startup Time": 481.782,
      "Actual Total Time": 492.026,
      "Actual Rows": 1,
      "Actual Loops": 1,
      "Plans": [
        {
          "Node Type": "Gather",
          "Parent Relationship": "Outer",
          "Parallel Aware": false,
          "Startup Cost": 43992.96,
          "Total Cost": 43993.27,
          "Plan Rows": 3,
          "Plan Width": 8,
          "Actual Startup Time": 481.451,
          "Actual Total Time": 492.017,
          "Actual Rows": 4,
          "Actual Loops": 1,
          "Workers Planned": 3,
          "Workers Launched": 3,
          "Single Copy": false,
          "Plans": [
            {
              "Node Type": "Aggregate",
              "Strategy": "Plain",
              "Partial Mode": "Partial",
              "Parent Relationship": "Outer",
              "Parallel Aware": false,
              "Startup Cost": 42992.96,
              "Total Cost": 42992.97,
              "Plan Rows": 1,
              "Plan Width": 8,
              "Actual Startup Time": 475.957,
              "Actual Total Time": 475.964,
              "Actual Rows": 1,
              "Actual Loops": 4,
              "Plans": [
                {
                  "Node Type": "Bitmap Heap Scan",
                  "Parent Relationship": "Outer",
                  "Parallel Aware": true,
                  "Relation Name": "movie_keyword",
                  "Alias": "mk",
                  "Startup Cost": 15095.58,
                  "Total Cost": 42419.06,
                  "Plan Rows": 229559,
                  "Plan Width": 0,
                  "Actual Startup Time": 379.479,
                  "Actual Total Time": 466.885,
                  "Actual Rows": 177378,
                  "Actual Loops": 4,
                  "Recheck Cond": "(keyword_id > 26623)",
                  "Rows Removed by Index Recheck": 0,
                  "Exact Heap Blocks": 9476,
                  "Lossy Heap Blocks": 0,
                  "Plans": [
                    {
                      "Node Type": "Bitmap Index Scan",
                      "Parent Relationship": "Outer",
                      "Parallel Aware": false,
                      "Index Name": "keyword_id_movie_keyword",
                      "Startup Cost": 0.0,
                      "Total Cost": 14917.67,
                      "Plan Rows": 711632,
                      "Plan Width": 0,
                      "Actual Startup Time": 380.672,
                      "Actual Total Time": 380.672,
                      "Actual Rows": 709512,
                      "Actual Loops": 1,
                      "Index Cond": "(keyword_id > 26623)"
                    }
                  ]
                }
              ]
            }
          ]
        }
      ]
    },
    "Planning Time": 0.184,
    "Triggers": [],
    "Execution Time": 492.102
  }
]