[
  {
    "Plan": {
      "Node Type": "Aggregate",
      "Strategy": "Plain",
      "Partial Mode": "Finalize",
      "Parallel Aware": false,
      "Startup Cost": 44133.76,
      "Total Cost": 44133.77,
      "Plan Rows": 1,
      "Plan Width": 8,
      "Actual Startup Time": 151.67,
      "Actual Total Time": 160.14,
      "Actual Rows": 1,
      "Actual Loops": 1,
      "Plans": [
        {
          "Node Type": "Gather",
          "Parent Relationship": "Outer",
          "Parallel Aware": false,
          "Startup Cost": 44133.44,
          "Total Cost": 44133.75,
          "Plan Rows": 3,
          "Plan Width": 8,
          "Actual Startup Time": 151.451,
          "Actual Total Time": 160.13,
          "Actual Rows": 4,
          "Actual Loops": 1,
          "Workers Planned": 3,
          "Workers Launched": 3,
          "Single Copy": false,
          "Plans": [
            {
              "Node Type": "Aggregate",
              "Strategy": "Plain",
              "Partial Mode": "Partial",
              "Parent Relationship": "Outer",
              "Parallel Aware": false,
              "Startup Cost": 43133.44,
              "Total Cost": 43133.45,
              "Plan Rows": 1,
              "Plan Width": 8,
              "Actual Startup Time": 145.418,
              "Actual Total Time": 145.42,
              "Actual Rows": 1,
              "Actual Loops": 4,
              "Plans": [
                {
                  "Node Type": "Bitmap Heap Scan",
                  "Parent Relationship": "Outer",
                  "Parallel Aware": true,
                  "Relation Name": "movie_keyword",
                  "Alias": "mk",
                  "Startup Cost": 15209.74,
                  "Total Cost": 42555.16,
                  "Plan Rows": 231314,
                  "Plan Width": 0,
                  "Actual Startup Time": 60.117,
                  "Actual Total Time": 135.821,
                  "Actual Rows": 177378,
                  "Actual Loops": 4,
                  "Recheck Cond": "(keyword_id > 26623)",
                  "Rows Removed by Index Recheck": 0,
                  "Exact Heap Blocks": 9831,
                  "Lossy Heap Blocks": 0,
                  "Plans": [
                    {
                      "Node Type": "Bitmap Index Scan",
                      "Parent Relationship": "Outer",
                      "Parallel Aware": false,
                      "Index Name": "keyword_id_movie_keyword",
                      "Startup Cost": 0.0,
                      "Total Cost": 15030.47,
                      "Plan Rows": 717072,
                      "Plan Width": 0,
                      "Actual Startup Time": 61.961,
                      "Actual Total Time": 61.962,
                      "Actual Rows": 709512,
                      "Actual Loops": 1,
                      "Index Cond": "(keyword_id > 26623)"
                    }
                  ]
                }
              ]
            }
          ]
        }
      ]
    },
    "Planning Time": 0.136,
    "Triggers": [],
    "Execution Time": 160.197
  }
]