[
  {
    "Plan": {
      "Node Type": "Aggregate",
      "Strategy": "Plain",
      "Partial Mode": "Finalize",
      "Parallel Aware": false,
      "Startup Cost": 33295.27,
      "Total Cost": 33295.28,
      "Plan Rows": 1,
      "Plan Width": 8,
      "Actual Startup Time": 114.673,
      "Actual Total Time": 124.375,
      "Actual Rows": 1,
      "Actual Loops": 1,
      "Plans": [
        {
          "Node Type": "Gather",
          "Parent Relationship": "Outer",
          "Parallel Aware": false,
          "Startup Cost": 33294.95,
          "Total Cost": 33295.26,
          "Plan Rows": 3,
          "Plan Width": 8,
          "Actual Startup Time": 114.53,
          "Actual Total Time": 124.363,
          "Actual Rows": 4,
          "Actual Loops": 1,
          "Workers Planned": 3,
          "Workers Launched": 3,
          "Single Copy": false,
          "Plans": [
            {
              "Node Type": "Aggregate",
              "Strategy": "Plain",
              "Partial Mode": "Partial",
              "Parent Relationship": "Outer",
              "Parallel Aware": false,
              "Startup Cost": 32294.95,
              "Total Cost": 32294.96,
              "Plan Rows": 1,
              "Plan Width": 8,
              "Actual Startup Time": 105.525,
              "Actual Total Time": 105.526,
              "Actual Rows": 1,
              "Actual Loops": 4,
              "Plans": [
                {
                  "Node Type": "Seq Scan",
                  "Parent Relationship": "Outer",
                  "Parallel Aware": true,
                  "Relation Name": "movie_companies",
                  "Alias": "mc",
                  "Startup Cost": 0.0,
                  "Total Cost": 31414.82,
                  "Plan Rows": 352054,
                  "Plan Width": 0,
                  "Actual Startup Time": 0.069,
                  "Actual Total Time": 87.278,
                  "Actual Rows": 318562,
                  "Actual Loops": 4,
                  "Filter": "((company_id < 84815) AND (company_type_id = 1))",
                  "Rows Removed by Filter": 333721
                }
              ]
            }
          ]
        }
      ]
    },
    "Planning Time": 0.225,
    "Triggers": [],
    "Execution Time": 124.443
  }
]