[
  {
    "Plan": {
      "Node Type": "Aggregate",
      "Strategy": "Plain",
      "Partial Mode": "Finalize",
      "Parallel Aware": false,
      "Startup Cost": 9952.95,
      "Total Cost": 9952.96,
      "Plan Rows": 1,
      "Plan Width": 8,
      "Actual Startup Time": 29.923,
      "Actual Total Time": 32.317,
      "Actual Rows": 1,
      "Actual Loops": 1,
      "Plans": [
        {
          "Node Type": "Gather",
          "Parent Relationship": "Outer",
          "Parallel Aware": false,
          "Startup Cost": 9952.63,
          "Total Cost": 9952.94,
          "Plan Rows": 3,
          "Plan Width": 8,
          "Actual Startup Time": 29.721,
          "Actual Total Time": 32.312,
          "Actual Rows": 4,
          "Actual Loops": 1,
          "Workers Planned": 3,
          "Workers Launched": 3,
          "Single Copy": false,
          "Plans": [
            {
              "Node Type": "Aggregate",
              "Strategy": "Plain",
              "Partial Mode": "Partial",
              "Parent Relationship": "Outer",
              "Parallel Aware": false,
              "Startup Cost": 8952.63,
              "Total Cost": 8952.64,
              "Plan Rows": 1,
              "Plan Width": 8,
              "Actual Startup Time": 23.831,
              "Actual Total Time": 23.832,
              "Actual Rows": 1,
              "Actual Loops": 4,
              "Plans": [
                {
                  "Node Type": "Index Scan",
                  "Parent Relationship": "Outer",
                  "Parallel Aware": true,
                  "Scan Direction": "Forward",
                  "Index Name": "role_id_cast_info",
                  "Relation Name": "cast_info",
                  "Alias": "ci",
                  "Startup Cost": 0.56,
                  "Total Cost": 8709.54,
                  "Plan Rows": 97235,
                  "Plan Width": 0,
                  "Actual Startup Time": 0.077,
                  "Actual Total Time": 20.391,
                  "Actual Rows": 54162,
                  "Actual Loops": 4,
                  "Index Cond": "(role_id > 10)",
                  "Rows Removed by Index Recheck": 0,
                  "Filter": "(person_id < 4046023)",
                  "Rows Removed by Filter": 24867
                }
              ]
            }
          ]
        }
      ]
    },
    "Planning Time": 0.121,
    "Triggers": [],
    "Execution Time": 32.342
  }
]