[
  {
    "Plan": {
      "Node Type": "Aggregate",
      "Strategy": "Plain",
      "Partial Mode": "Finalize",
      "Parallel Aware": false,
      "Startup Cost": 328841.06,
      "Total Cost": 328841.07,
      "Plan Rows": 1,
      "Plan Width": 8,
      "Actual Startup Time": 245.525,
      "Actual Total Time": 287.392,
      "Actual Rows": 1,
      "Actual Loops": 1,
      "Plans": [
        {
          "Node Type": "Gather",
          "Parent Relationship": "Outer",
          "Parallel Aware": false,
          "Startup Cost": 328840.64,
          "Total Cost": 328841.05,
          "Plan Rows": 4,
          "Plan Width": 8,
          "Actual Startup Time": 245.42,
          "Actual Total Time": 287.382,
          "Actual Rows": 5,
          "Actual Loops": 1,
          "Workers Planned": 4,
          "Workers Launched": 4,
          "Single Copy": false,
          "Plans": [
            {
              "Node Type": "Aggregate",
              "Strategy": "Plain",
              "Partial Mode": "Partial",
              "Parent Relationship": "Outer",
              "Parallel Aware": false,
              "Startup Cost": 327840.64,
              "Total Cost": 327840.65,
              "Plan Rows": 1,
              "Plan Width": 8,
              "Actual Startup Time": 235.836,
              "Actual Total Time": 235.838,
              "Actual Rows": 1,
              "Actual Loops": 5,
              "Plans": [
                {
                  "Node Type": "Nested Loop",
                  "Parent Relationship": "Outer",
                  "Parallel Aware": false,
                  "Join Type": "Inner",
                  "Startup Cost": 0.56,
                  "Total Cost": 327683.03,
                  "Plan Rows": 63044,
                  "Plan Width": 0,
                  "Actual Startup Time": 0.403,
                  "Actual Total Time": 232.18,
                  "Actual Rows": 48604,
                  "Actual Loops": 5,
                  "Inner Unique": false,
                  "Plans": [
                    {
                      "Node Type": "Seq Scan",
                      "Parent Relationship": "Outer",
                      "Parallel Aware": true,
                      "Relation Name": "title",
                      "Alias": "t",
                      "Startup Cost": 0.0,
                      "Total Cost": 45479.1,
                      "Plan Rows": 5494,
                      "Plan Width": 4,
                      "Actual Startup Time": 0.087,
                      "Actual Total Time": 63.583,
                      "Actual Rows": 4920,
                      "Actual Loops": 5,
                      "Filter": "((kind_id = 7) AND (production_year = 1995))",
                      "Rows Removed by Filter": 500742
                    },
                    {
                      "Node Type": "Index Scan",
                      "Parent Relationship": "Inner",
                      "Parallel Aware": false,
                      "Scan Direction": "Forward",
                      "Index Name": "movie_id_cast_info",
                      "Relation Name": "cast_info",
                      "Alias": "ci",
                      "Startup Cost": 0.56,
                      "Total Cost": 51.08,
                      "Plan Rows": 29,
                      "Plan Width": 4,
                      "Actual Startup Time": 0.009,
                      "Actual Total Time": 0.033,
                      "Actual Rows": 10,
                      "Actual Loops": 24602,
                      "Index Cond": "(movie_id = t.id)",
                      "Rows Removed by Index Recheck": 0,
                      "Filter": "((person_id > 287527) AND (role_id < 10))",
                      "Rows Removed by Filter": 3
                    }
                  ]
                }
              ]
            }
          ]
        }
      ]
    },
    "Planning Time": 0.646,
    "Triggers": [],
    "Execution Time": 287.536
  }
]