[
  {
    "Plan": {
      "Node Type": "Aggregate",
      "Strategy": "Plain",
      "Partial Mode": "Finalize",
      "Parallel Aware": false,
      "Startup Cost": 108580.08,
      "Total Cost": 108580.09,
      "Plan Rows": 1,
      "Plan Width": 8,
      "Actual Startup Time": 90.841,
      "Actual Total Time": 102.779,
      "Actual Rows": 1,
      "Actual Loops": 1,
      "Plans": [
        {
          "Node Type": "Gather",
          "Parent Relationship": "Outer",
          "Parallel Aware": false,
          "Startup Cost": 108579.66,
          "Total Cost": 108580.07,
          "Plan Rows": 4,
          "Plan Width": 8,
          "Actual Startup Time": 90.719,
          "Actual Total Time": 102.772,
          "Actual Rows": 5,
          "Actual Loops": 1,
          "Workers Planned": 4,
          "Workers Launched": 4,
          "Single Copy": false,
          "Plans": [
            {
              "Node Type": "Aggregate",
              "Strategy": "Plain",
              "Partial Mode": "Partial",
              "Parent Relationship": "Outer",
              "Parallel Aware": false,
              "Startup Cost": 107579.66,
              "Total Cost": 107579.67,
              "Plan Rows": 1,
              "Plan Width": 8,
              "Actual Startup Time": 80.875,
              "Actual Total Time": 80.877,
              "Actual Rows": 1,
              "Actual Loops": 5,
              "Plans": [
                {
                  "Node Type": "Nested Loop",
                  "Parent Relationship": "Outer",
                  "Parallel Aware": false,
                  "Join Type": "Inner",
                  "Startup Cost": 0.43,
                  "Total Cost": 107578.09,
                  "Plan Rows": 630,
                  "Plan Width": 0,
                  "Actual Startup Time": 61.61,
                  "Actual Total Time": 80.87,
                  "Actual Rows": 1,
                  "Actual Loops": 5,
                  "Inner Unique": false,
                  "Plans": [
                    {
                      "Node Type": "Seq Scan",
                      "Parent Relationship": "Outer",
                      "Parallel Aware": true,
                      "Relation Name": "title",
                      "Alias": "t",
                      "Startup Cost": 0.0,
                      "Total Cost": 45479.1,
                      "Plan Rows": 444,
                      "Plan Width": 4,
                      "Actual Startup Time": 2.504,
                      "Actual Total Time": 79.908,
                      "Actual Rows": 27,
                      "Actual Loops": 5,
                      "Filter": "((production_year > 2013) AND (kind_id = 7))",
                      "Rows Removed by Filter": 505635
                    },
                    {
                      "Node Type": "Index Scan",
                      "Parent Relationship": "Inner",
                      "Parallel Aware": false,
                      "Scan Direction": "Forward",
                      "Index Name": "movie_id_movie_info",
                      "Relation Name": "movie_info",
                      "Alias": "mi",
                      "Startup Cost": 0.43,
                      "Total Cost": 139.76,
                      "Plan Rows": 10,
                      "Plan Width": 4,
                      "Actual Startup Time": 0.032,
                      "Actual Total Time": 0.034,
                      "Actual Rows": 0,
                      "Actual Loops": 137,
                      "Index Cond": "(movie_id = t.id)",
                      "Rows Removed by Index Recheck": 0,
                      "Filter": "(info_type_id < 4)",
                      "Rows Removed by Filter": 1
                    }
                  ]
                }
              ]
            }
          ]
        }
      ]
    },
    "Planning Time": 0.6,
    "Triggers": [],
    "Execution Time": 102.847
  }
]