[
  {
    "Plan": {
      "Node Type": "Aggregate",
      "Strategy": "Plain",
      "Partial Mode": "Simple",
      "Parallel Aware": false,
      "Startup Cost": 1059.71,
      "Total Cost": 1059.72,
      "Plan Rows": 1,
      "Plan Width": 8,
      "Actual Startup Time": 0.253,
      "Actual Total Time": 0.254,
      "Actual Rows": 1,
      "Actual Loops": 1,
      "Plans": [
        {
          "Node Type": "Index Scan",
          "Parent Relationship": "Outer",
          "Parallel Aware": false,
          "Scan Direction": "Forward",
          "Index Name": "person_id_cast_info",
          "Relation Name": "cast_info",
          "Alias": "ci",
          "Startup Cost": 0.56,
          "Total Cost": 1059.67,
          "Plan Rows": 15,
          "Plan Width": 0,
          "Actual Startup Time": 0.236,
          "Actual Total Time": 0.248,
          "Actual Rows": 3,
          "Actual Loops": 1,
          "Index Cond": "(person_id = 248647)",
          "Rows Removed by Index Recheck": 0,
          "Filter": "(role_id = 9)",
          "Rows Removed by Filter": 40
        }
      ]
    },
    "Planning Time": 0.214,
    "Triggers": [],
    "Execution Time": 0.303
  }
]