[
  {
    "Plan": {
      "Node Type": "Aggregate",
      "Strategy": "Plain",
      "Partial Mode": "Finalize",
      "Parallel Aware": false,
      "Startup Cost": 93158.15,
      "Total Cost": 93158.16,
      "Plan Rows": 1,
      "Plan Width": 8,
      "Actual Startup Time": 538.842,
      "Actual Total Time": 554.51,
      "Actual Rows": 1,
      "Actual Loops": 1,
      "Plans": [
        {
          "Node Type": "Gather",
          "Parent Relationship": "Outer",
          "Parallel Aware": false,
          "Startup Cost": 93157.83,
          "Total Cost": 93158.14,
          "Plan Rows": 3,
          "Plan Width": 8,
          "Actual Startup Time": 535.415,
          "Actual Total Time": 554.497,
          "Actual Rows": 4,
          "Actual Loops": 1,
          "Workers Planned": 3,
          "Workers Launched": 3,
          "Single Copy": false,
          "Plans": [
            {
              "Node Type": "Aggregate",
              "Strategy": "Plain",
              "Partial Mode": "Partial",
              "Parent Relationship": "Outer",
              "Parallel Aware": false,
              "Startup Cost": 92157.83,
              "Total Cost": 92157.84,
              "Plan Rows": 1,
              "Plan Width": 8,
              "Actual Startup Time": 527.948,
              "Actual Total Time": 527.952,
              "Actual Rows": 1,
              "Actual Loops": 4,
              "Plans": [
                {
                  "Node Type": "Hash Join",
                  "Parent Relationship": "Outer",
                  "Parallel Aware": true,
                  "Join Type": "Inner",
                  "Startup Cost": 48079.35,
                  "Total Cost": 90957.43,
                  "Plan Rows": 480162,
                  "Plan Width": 0,
                  "Actual Startup Time": 194.57,
                  "Actual Total Time": 488.552,
                  "Actual Rows": 759309,
                  "Actual Loops": 4,
                  "Inner Unique": true,
                  "Hash Cond": "(mk.movie_id = t.id)",
                  "Plans": [
                    {
                      "Node Type": "Seq Scan",
                      "Parent Relationship": "Outer",
                      "Parallel Aware": true,
                      "Relation Name": "movie_keyword",
                      "Alias": "mk",
                      "Startup Cost": 0.0,
                      "Total Cost": 39047.32,
                      "Plan Rows": 1459332,
                      "Plan Width": 4,
                      "Actual Startup Time": 0.031,
                      "Actual Total Time": 101.912,
                      "Actual Rows": 1130982,
                      "Actual Loops": 4
                    },
                    {
                      "Node Type": "Hash",
                      "Parent Relationship": "Inner",
                      "Parallel Aware": true,
                      "Startup Cost": 45479.59,
                      "Total Cost": 45479.59,
                      "Plan Rows": 207981,
                      "Plan Width": 4,
                      "Actual Startup Time": 189.983,
                      "Actual Total Time": 189.984,
                      "Actual Rows": 186022,
                      "Actual Loops": 4,
                      "Hash Buckets": 1048576,
                      "Original Hash Buckets": 1048576,
                      "Hash Batches": 1,
                      "Original Hash Batches": 1,
                      "Peak Memory Usage": 37376,
                      "Plans": [
                        {
                          "Node Type": "Seq Scan",
                          "Parent Relationship": "Outer",
                          "Parallel Aware": true,
                          "Relation Name": "title",
                          "Alias": "t",
                          "Startup Cost": 0.0,
                          "Total Cost": 45479.59,
                          "Plan Rows": 207981,
                          "Plan Width": 4,
                          "Actual Startup Time": 0.043,
                          "Actual Total Time": 116.317,
                          "Actual Rows": 186022,
                          "Actual Loops": 4,
                          "Filter": "((kind_id < 7) AND (production_year > 1967))",
                          "Rows Removed by Filter": 446056
                        }
                      ]
                    }
                  ]
                }
              ]
            }
          ]
        }
      ]
    },
    "Planning Time": 0.393,
    "Triggers": [],
    "Execution Time": 554.56
  }
]