{
  "Plan": {
    "Node Type": "Aggregate",
    "Strategy": "Plain",
    "Partial Mode": "Finalize",
    "Parallel Aware": false,
    "Startup Cost": 370167.93,
    "Total Cost": 370167.94,
    "Plan Rows": 1,
    "Plan Width": 8,
    "Actual Startup Time": 795.121,
    "Actual Total Time": 811.225,
    "Actual Rows": 1,
    "Actual Loops": 1,
    "Plans": [
      {
        "Node Type": "Gather",
        "Parent Relationship": "Outer",
        "Parallel Aware": false,
        "Startup Cost": 370167.82,
        "Total Cost": 370167.93,
        "Plan Rows": 1,
        "Plan Width": 8,
        "Actual Startup Time": 792.941,
        "Actual Total Time": 811.218,
        "Actual Rows": 2,
        "Actual Loops": 1,
        "Workers Planned": 1,
        "Workers Launched": 1,
        "Single Copy": false,
        "Plans": [
          {
            "Node Type": "Aggregate",
            "Strategy": "Plain",
            "Partial Mode": "Partial",
            "Parent Relationship": "Outer",
            "Parallel Aware": false,
            "Startup Cost": 369167.82,
            "Total Cost": 369167.83,
            "Plan Rows": 1,
            "Plan Width": 8,
            "Actual Startup Time": 784.623,
            "Actual Total Time": 784.627,
            "Actual Rows": 1,
            "Actual Loops": 2,
            "Plans": [
              {
                "Node Type": "Hash Join",
                "Parent Relationship": "Outer",
                "Parallel Aware": true,
                "Join Type": "Inner",
                "Startup Cost": 100286.49,
                "Total Cost": 368062.65,
                "Plan Rows": 442069,
                "Plan Width": 0,
                "Actual Startup Time": 413.465,
                "Actual Total Time": 769.282,
                "Actual Rows": 374102,
                "Actual Loops": 2,
                "Inner Unique": true,
                "Hash Cond": "(ci.movie_id = t.id)",
                "Plans": [
                  {
                    "Node Type": "Bitmap Heap Scan",
                    "Parent Relationship": "Outer",
                    "Parallel Aware": true,
                    "Relation Name": "cast_info",
                    "Alias": "ci",
                    "Startup Cost": 37460.34,
                    "Total Cost": 302617.72,
                    "Plan Rows": 997630,
                    "Plan Width": 4,
                    "Actual Startup Time": 75.317,
                    "Actual Total Time": 162.377,
                    "Actual Rows": 860944,
                    "Actual Loops": 2,
                    "Recheck Cond": "(person_id < 171457)",
                    "Rows Removed by Index Recheck": 0,
                    "Exact Heap Blocks": 9554,
                    "Lossy Heap Blocks": 0,
                    "Plans": [
                      {
                        "Node Type": "Bitmap Index Scan",
                        "Parent Relationship": "Outer",
                        "Parallel Aware": false,
                        "Index Name": "person_id_cast_info",
                        "Startup Cost": 0.0,
                        "Total Cost": 37036.35,
                        "Plan Rows": 1695971,
                        "Plan Width": 0,
                        "Actual Startup Time": 72.546,
                        "Actual Total Time": 72.546,
                        "Actual Rows": 1721889,
                        "Actual Loops": 1,
                        "Index Cond": "(person_id < 171457)"
                      }
                    ]
                  },
                  {
                    "Node Type": "Hash",
                    "Parent Relationship": "Inner",
                    "Parallel Aware": true,
                    "Startup Cost": 54588.39,
                    "Total Cost": 54588.39,
                    "Plan Rows": 659021,
                    "Plan Width": 4,
                    "Actual Startup Time": 323.369,
                    "Actual Total Time": 323.37,
                    "Actual Rows": 553962,
                    "Actual Loops": 2,
                    "Hash Buckets": 2097152,
                    "Original Hash Buckets": 2097152,
                    "Hash Batches": 1,
                    "Original Hash Batches": 1,
                    "Peak Memory Usage": 59744,
                    "Plans": [
                      {
                        "Node Type": "Seq Scan",
                        "Parent Relationship": "Outer",
                        "Parallel Aware": true,
                        "Relation Name": "title",
                        "Alias": "t",
                        "Startup Cost": 0.0,
                        "Total Cost": 54588.39,
                        "Plan Rows": 659021,
                        "Plan Width": 4,
                        "Actual Startup Time": 0.061,
                        "Actual Total Time": 159.477,
                        "Actual Rows": 553962,
                        "Actual Loops": 2,
                        "Filter": "(production_year > 2004)",
                        "Rows Removed by Filter": 710194
                      }
                    ]
                  }
                ]
              }
            ]
          }
        ]
      }
    ]
  },
  "Planning Time": 0.686,
  "Triggers": [],
  "Execution Time": 811.321
}