[
  {
    "Plan": {
      "Node Type": "Aggregate",
      "Strategy": "Plain",
      "Partial Mode": "Finalize",
      "Parallel Aware": false,
      "Startup Cost": 45409.39,
      "Total Cost": 45409.4,
      "Plan Rows": 1,
      "Plan Width": 8,
      "Actual Startup Time": 147.847,
      "Actual Total Time": 154.266,
      "Actual Rows": 1,
      "Actual Loops": 1,
      "Plans": [
        {
          "Node Type": "Gather",
          "Parent Relationship": "Outer",
          "Parallel Aware": false,
          "Startup Cost": 45409.07,
          "Total Cost": 45409.38,
          "Plan Rows": 3,
          "Plan Width": 8,
          "Actual Startup Time": 147.707,
          "Actual Total Time": 154.256,
          "Actual Rows": 4,
          "Actual Loops": 1,
          "Workers Planned": 3,
          "Workers Launched": 3,
          "Single Copy": false,
          "Plans": [
            {
              "Node Type": "Aggregate",
              "Strategy": "Plain",
              "Partial Mode": "Partial",
              "Parent Relationship": "Outer",
              "Parallel Aware": false,
              "Startup Cost": 44409.07,
              "Total Cost": 44409.08,
              "Plan Rows": 1,
              "Plan Width": 8,
              "Actual Startup Time": 143.027,
              "Actual Total Time": 143.028,
              "Actual Rows": 1,
              "Actual Loops": 4,
              "Plans": [
                {
                  "Node Type": "Seq Scan",
                  "Parent Relationship": "Outer",
                  "Parallel Aware": true,
                  "Relation Name": "movie_keyword",
                  "Alias": "mk",
                  "Startup Cost": 0.0,
                  "Total Cost": 42695.65,
                  "Plan Rows": 685368,
                  "Plan Width": 0,
                  "Actual Startup Time": 0.308,
                  "Actual Total Time": 116.417,
                  "Actual Rows": 527837,
                  "Actual Loops": 4,
                  "Filter": "(keyword_id > 5661)",
                  "Rows Removed by Filter": 603146
                }
              ]
            }
          ]
        }
      ]
    },
    "Planning Time": 0.094,
    "Triggers": [],
    "Execution Time": 154.298
  }
]