{
  "Plan": {
    "Node Type": "Aggregate",
    "Strategy": "Plain",
    "Partial Mode": "Finalize",
    "Parallel Aware": false,
    "Startup Cost": 92378.09,
    "Total Cost": 92378.1,
    "Plan Rows": 1,
    "Plan Width": 8,
    "Actual Startup Time": 343.931,
    "Actual Total Time": 359.055,
    "Actual Rows": 1,
    "Actual Loops": 1,
    "Plans": [
      {
        "Node Type": "Gather",
        "Parent Relationship": "Outer",
        "Parallel Aware": false,
        "Startup Cost": 92377.98,
        "Total Cost": 92378.09,
        "Plan Rows": 1,
        "Plan Width": 8,
        "Actual Startup Time": 343.393,
        "Actual Total Time": 359.047,
        "Actual Rows": 2,
        "Actual Loops": 1,
        "Workers Planned": 1,
        "Workers Launched": 1,
        "Single Copy": false,
        "Plans": [
          {
            "Node Type": "Aggregate",
            "Strategy": "Plain",
            "Partial Mode": "Partial",
            "Parent Relationship": "Outer",
            "Parallel Aware": false,
            "Startup Cost": 91377.98,
            "Total Cost": 91377.99,
            "Plan Rows": 1,
            "Plan Width": 8,
            "Actual Startup Time": 338.177,
            "Actual Total Time": 338.181,
            "Actual Rows": 1,
            "Actual Loops": 2,
            "Plans": [
              {
                "Node Type": "Hash Join",
                "Parent Relationship": "Outer",
                "Parallel Aware": true,
                "Join Type": "Inner",
                "Startup Cost": 30363.0,
                "Total Cost": 91124.62,
                "Plan Rows": 101341,
                "Plan Width": 0,
                "Actual Startup Time": 90.179,
                "Actual Total Time": 336.423,
                "Actual Rows": 34676,
                "Actual Loops": 2,
                "Inner Unique": false,
                "Hash Cond": "(t.id = mc.movie_id)",
                "Plans": [
                  {
                    "Node Type": "Seq Scan",
                    "Parent Relationship": "Outer",
                    "Parallel Aware": true,
                    "Relation Name": "title",
                    "Alias": "t",
                    "Startup Cost": 0.0,
                    "Total Cost": 50870.31,
                    "Plan Rows": 1487231,
                    "Plan Width": 4,
                    "Actual Startup Time": 0.009,
                    "Actual Total Time": 115.44,
                    "Actual Rows": 1264156,
                    "Actual Loops": 2
                  },
                  {
                    "Node Type": "Hash",
                    "Parent Relationship": "Inner",
                    "Parallel Aware": true,
                    "Startup Cost": 29096.24,
                    "Total Cost": 29096.24,
                    "Plan Rows": 101341,
                    "Plan Width": 4,
                    "Actual Startup Time": 86.814,
                    "Actual Total Time": 86.815,
                    "Actual Rows": 34676,
                    "Actual Loops": 2,
                    "Hash Buckets": 262144,
                    "Original Hash Buckets": 262144,
                    "Hash Batches": 1,
                    "Original Hash Batches": 1,
                    "Peak Memory Usage": 4800,
                    "Plans": [
                      {
                        "Node Type": "Bitmap Heap Scan",
                        "Parent Relationship": "Outer",
                        "Parallel Aware": true,
                        "Relation Name": "movie_companies",
                        "Alias": "mc",
                        "Startup Cost": 7312.32,
                        "Total Cost": 29096.24,
                        "Plan Rows": 101341,
                        "Plan Width": 4,
                        "Actual Startup Time": 64.617,
                        "Actual Total Time": 79.231,
                        "Actual Rows": 34676,
                        "Actual Loops": 2,
                        "Recheck Cond": "(company_id < 166)",
                        "Rows Removed by Index Recheck": 0,
                        "Filter": "(company_type_id = 2)",
                        "Rows Removed by Filter": 132552,
                        "Exact Heap Blocks": 13944,
                        "Lossy Heap Blocks": 0,
                        "Plans": [
                          {
                            "Node Type": "Bitmap Index Scan",
                            "Parent Relationship": "Outer",
                            "Parallel Aware": false,
                            "Index Name": "company_id_movie_companies",
                            "Startup Cost": 0.0,
                            "Total Cost": 7269.26,
                            "Plan Rows": 339310,
                            "Plan Width": 0,
                            "Actual Startup Time": 27.796,
                            "Actual Total Time": 27.796,
                            "Actual Rows": 334457,
                            "Actual Loops": 1,
                            "Index Cond": "(company_id < 166)"
                          }
                        ]
                      }
                    ]
                  }
                ]
              }
            ]
          }
        ]
      }
    ]
  },
  "Planning Time": 0.762,
  "Triggers": [],
  "Execution Time": 359.145
}