{
  "Plan": {
    "Node Type": "Aggregate",
    "Strategy": "Plain",
    "Partial Mode": "Finalize",
    "Parallel Aware": false,
    "Startup Cost": 122303.22,
    "Total Cost": 122303.23,
    "Plan Rows": 1,
    "Plan Width": 8,
    "Actual Startup Time": 516.286,
    "Actual Total Time": 529.98,
    "Actual Rows": 1,
    "Actual Loops": 1,
    "Plans": [
      {
        "Node Type": "Gather",
        "Parent Relationship": "Outer",
        "Parallel Aware": false,
        "Startup Cost": 122303.11,
        "Total Cost": 122303.22,
        "Plan Rows": 1,
        "Plan Width": 8,
        "Actual Startup Time": 515.869,
        "Actual Total Time": 529.972,
        "Actual Rows": 2,
        "Actual Loops": 1,
        "Workers Planned": 1,
        "Workers Launched": 1,
        "Single Copy": false,
        "Plans": [
          {
            "Node Type": "Aggregate",
            "Strategy": "Plain",
            "Partial Mode": "Partial",
            "Parent Relationship": "Outer",
            "Parallel Aware": false,
            "Startup Cost": 121303.11,
            "Total Cost": 121303.12,
            "Plan Rows": 1,
            "Plan Width": 8,
            "Actual Startup Time": 510.274,
            "Actual Total Time": 510.278,
            "Actual Rows": 1,
            "Actual Loops": 2,
            "Plans": [
              {
                "Node Type": "Hash Join",
                "Parent Relationship": "Outer",
                "Parallel Aware": true,
                "Join Type": "Inner",
                "Startup Cost": 59434.12,
                "Total Cost": 121076.42,
                "Plan Rows": 90677,
                "Plan Width": 0,
                "Actual Startup Time": 177.42,
                "Actual Total Time": 507.07,
                "Actual Rows": 61712,
                "Actual Loops": 2,
                "Inner Unique": true,
                "Hash Cond": "(mk.movie_id = t.id)",
                "Plans": [
                  {
                    "Node Type": "Seq Scan",
                    "Parent Relationship": "Outer",
                    "Parallel Aware": true,
                    "Relation Name": "movie_keyword",
                    "Alias": "mk",
                    "Startup Cost": 0.0,
                    "Total Cost": 57718.19,
                    "Plan Rows": 1494894,
                    "Plan Width": 4,
                    "Actual Startup Time": 0.408,
                    "Actual Total Time": 218.569,
                    "Actual Rows": 1265640,
                    "Actual Loops": 2,
                    "Filter": "(keyword_id > 3518)",
                    "Rows Removed by Filter": 996326
                  },
                  {
                    "Node Type": "Hash",
                    "Parent Relationship": "Inner",
                    "Parallel Aware": true,
                    "Startup Cost": 58306.47,
                    "Total Cost": 58306.47,
                    "Plan Rows": 90212,
                    "Plan Width": 4,
                    "Actual Startup Time": 173.104,
                    "Actual Total Time": 173.105,
                    "Actual Rows": 67380,
                    "Actual Loops": 2,
                    "Hash Buckets": 262144,
                    "Original Hash Buckets": 262144,
                    "Hash Batches": 1,
                    "Original Hash Batches": 1,
                    "Peak Memory Usage": 7328,
                    "Plans": [
                      {
                        "Node Type": "Seq Scan",
                        "Parent Relationship": "Outer",
                        "Parallel Aware": true,
                        "Relation Name": "title",
                        "Alias": "t",
                        "Startup Cost": 0.0,
                        "Total Cost": 58306.47,
                        "Plan Rows": 90212,
                        "Plan Width": 4,
                        "Actual Startup Time": 0.079,
                        "Actual Total Time": 153.507,
                        "Actual Rows": 67380,
                        "Actual Loops": 2,
                        "Filter": "((kind_id < 7) AND (production_year > 2010))",
                        "Rows Removed by Filter": 1196776
                      }
                    ]
                  }
                ]
              }
            ]
          }
        ]
      }
    ]
  },
  "Planning Time": 0.481,
  "Triggers": [],
  "Execution Time": 530.05
}