{
  "Plan": {
    "Node Type": "Aggregate",
    "Strategy": "Plain",
    "Partial Mode": "Finalize",
    "Parallel Aware": false,
    "Startup Cost": 665717.39,
    "Total Cost": 665717.4,
    "Plan Rows": 1,
    "Plan Width": 8,
    "Actual Startup Time": 3115.406,
    "Actual Total Time": 3183.02,
    "Actual Rows": 1,
    "Actual Loops": 1,
    "Plans": [
      {
        "Node Type": "Gather",
        "Parent Relationship": "Outer",
        "Parallel Aware": false,
        "Startup Cost": 665717.28,
        "Total Cost": 665717.39,
        "Plan Rows": 1,
        "Plan Width": 8,
        "Actual Startup Time": 3112.148,
        "Actual Total Time": 3183.011,
        "Actual Rows": 2,
        "Actual Loops": 1,
        "Workers Planned": 1,
        "Workers Launched": 1,
        "Single Copy": false,
        "Plans": [
          {
            "Node Type": "Aggregate",
            "Strategy": "Plain",
            "Partial Mode": "Partial",
            "Parent Relationship": "Outer",
            "Parallel Aware": false,
            "Startup Cost": 664717.28,
            "Total Cost": 664717.29,
            "Plan Rows": 1,
            "Plan Width": 8,
            "Actual Startup Time": 3103.849,
            "Actual Total Time": 3103.852,
            "Actual Rows": 1,
            "Actual Loops": 2,
            "Plans": [
              {
                "Node Type": "Hash Join",
                "Parent Relationship": "Outer",
                "Parallel Aware": true,
                "Join Type": "Inner",
                "Startup Cost": 70383.76,
                "Total Cost": 656313.04,
                "Plan Rows": 3361694,
                "Plan Width": 0,
                "Actual Startup Time": 1098.78,
                "Actual Total Time": 3042.96,
                "Actual Rows": 1145136,
                "Actual Loops": 2,
                "Inner Unique": true,
                "Hash Cond": "(ci.movie_id = t.id)",
                "Plans": [
                  {
                    "Node Type": "Seq Scan",
                    "Parent Relationship": "Outer",
                    "Parallel Aware": true,
                    "Relation Name": "cast_info",
                    "Alias": "ci",
                    "Startup Cost": 0.0,
                    "Total Cost": 572345.93,
                    "Plan Rows": 5174605,
                    "Plan Width": 4,
                    "Actual Startup Time": 622.588,
                    "Actual Total Time": 1774.892,
                    "Actual Rows": 1857750,
                    "Actual Loops": 2,
                    "Filter": "((person_id < 1322989) AND (role_id > 1))",
                    "Rows Removed by Filter": 16264422
                  },
                  {
                    "Node Type": "Hash",
                    "Parent Relationship": "Inner",
                    "Parallel Aware": true,
                    "Startup Cost": 58306.47,
                    "Total Cost": 58306.47,
                    "Plan Rows": 966183,
                    "Plan Width": 4,
                    "Actual Startup Time": 459.941,
                    "Actual Total Time": 459.941,
                    "Actual Rows": 814920,
                    "Actual Loops": 2,
                    "Hash Buckets": 2097152,
                    "Original Hash Buckets": 2097152,
                    "Hash Batches": 1,
                    "Original Hash Batches": 1,
                    "Peak Memory Usage": 80192,
                    "Plans": [
                      {
                        "Node Type": "Seq Scan",
                        "Parent Relationship": "Outer",
                        "Parallel Aware": true,
                        "Relation Name": "title",
                        "Alias": "t",
                        "Startup Cost": 0.0,
                        "Total Cost": 58306.47,
                        "Plan Rows": 966183,
                        "Plan Width": 4,
                        "Actual Startup Time": 0.03,
                        "Actual Total Time": 206.187,
                        "Actual Rows": 814920,
                        "Actual Loops": 2,
                        "Filter": "((kind_id > 1) AND (production_year < 2012))",
                        "Rows Removed by Filter": 449236
                      }
                    ]
                  }
                ]
              }
            ]
          }
        ]
      }
    ]
  },
  "Planning Time": 0.72,
  "Triggers": [],
  "Execution Time": 3183.099
}