[
  {
    "Plan": {
      "Node Type": "Aggregate",
      "Strategy": "Plain",
      "Partial Mode": "Finalize",
      "Parallel Aware": false,
      "Startup Cost": 347601.04,
      "Total Cost": 347601.05,
      "Plan Rows": 1,
      "Plan Width": 8,
      "Actual Startup Time": 688.64,
      "Actual Total Time": 747.548,
      "Actual Rows": 1,
      "Actual Loops": 1,
      "Plans": [
        {
          "Node Type": "Gather",
          "Parent Relationship": "Outer",
          "Parallel Aware": false,
          "Startup Cost": 347600.42,
          "Total Cost": 347601.03,
          "Plan Rows": 6,
          "Plan Width": 8,
          "Actual Startup Time": 688.401,
          "Actual Total Time": 747.538,
          "Actual Rows": 7,
          "Actual Loops": 1,
          "Workers Planned": 6,
          "Workers Launched": 6,
          "Single Copy": false,
          "Plans": [
            {
              "Node Type": "Aggregate",
              "Strategy": "Plain",
              "Partial Mode": "Partial",
              "Parent Relationship": "Outer",
              "Parallel Aware": false,
              "Startup Cost": 346600.42,
              "Total Cost": 346600.43,
              "Plan Rows": 1,
              "Plan Width": 8,
              "Actual Startup Time": 679.159,
              "Actual Total Time": 679.16,
              "Actual Rows": 1,
              "Actual Loops": 7,
              "Plans": [
                {
                  "Node Type": "Seq Scan",
                  "Parent Relationship": "Outer",
                  "Parallel Aware": true,
                  "Relation Name": "cast_info",
                  "Alias": "ci",
                  "Startup Cost": 0.0,
                  "Total Cost": 343257.03,
                  "Plan Rows": 1337356,
                  "Plan Width": 0,
                  "Actual Startup Time": 357.951,
                  "Actual Total Time": 645.653,
                  "Actual Rows": 704943,
                  "Actual Loops": 7,
                  "Filter": "((person_id < 1761583) AND (role_id > 2))",
                  "Rows Removed by Filter": 4472820
                }
              ]
            }
          ]
        }
      ]
    },
    "Planning Time": 0.22,
    "Triggers": [],
    "Execution Time": 747.62
  }
]