[
  {
    "Plan": {
      "Node Type": "Aggregate",
      "Strategy": "Plain",
      "Partial Mode": "Finalize",
      "Parallel Aware": false,
      "Startup Cost": 21761.26,
      "Total Cost": 21761.27,
      "Plan Rows": 1,
      "Plan Width": 8,
      "Actual Startup Time": 12.428,
      "Actual Total Time": 15.042,
      "Actual Rows": 1,
      "Actual Loops": 1,
      "Plans": [
        {
          "Node Type": "Gather",
          "Parent Relationship": "Outer",
          "Parallel Aware": false,
          "Startup Cost": 21761.04,
          "Total Cost": 21761.25,
          "Plan Rows": 2,
          "Plan Width": 8,
          "Actual Startup Time": 12.329,
          "Actual Total Time": 15.037,
          "Actual Rows": 3,
          "Actual Loops": 1,
          "Workers Planned": 2,
          "Workers Launched": 2,
          "Single Copy": false,
          "Plans": [
            {
              "Node Type": "Aggregate",
              "Strategy": "Plain",
              "Partial Mode": "Partial",
              "Parent Relationship": "Outer",
              "Parallel Aware": false,
              "Startup Cost": 20761.04,
              "Total Cost": 20761.05,
              "Plan Rows": 1,
              "Plan Width": 8,
              "Actual Startup Time": 9.07,
              "Actual Total Time": 9.071,
              "Actual Rows": 1,
              "Actual Loops": 3,
              "Plans": [
                {
                  "Node Type": "Nested Loop",
                  "Parent Relationship": "Outer",
                  "Parallel Aware": false,
                  "Join Type": "Inner",
                  "Startup Cost": 81.17,
                  "Total Cost": 20758.98,
                  "Plan Rows": 825,
                  "Plan Width": 0,
                  "Actual Startup Time": 0.466,
                  "Actual Total Time": 9.022,
                  "Actual Rows": 394,
                  "Actual Loops": 3,
                  "Inner Unique": true,
                  "Plans": [
                    {
                      "Node Type": "Bitmap Heap Scan",
                      "Parent Relationship": "Outer",
                      "Parallel Aware": true,
                      "Relation Name": "movie_companies",
                      "Alias": "mc",
                      "Startup Cost": 80.74,
                      "Total Cost": 9214.2,
                      "Plan Rows": 1522,
                      "Plan Width": 4,
                      "Actual Startup Time": 0.356,
                      "Actual Total Time": 2.226,
                      "Actual Rows": 920,
                      "Actual Loops": 3,
                      "Recheck Cond": "(company_id = 31)",
                      "Rows Removed by Index Recheck": 0,
                      "Exact Heap Blocks": 1012,
                      "Lossy Heap Blocks": 0,
                      "Plans": [
                        {
                          "Node Type": "Bitmap Index Scan",
                          "Parent Relationship": "Outer",
                          "Parallel Aware": false,
                          "Index Name": "company_id_movie_companies",
                          "Startup Cost": 0.0,
                          "Total Cost": 79.83,
                          "Plan Rows": 3653,
                          "Plan Width": 0,
                          "Actual Startup Time": 0.759,
                          "Actual Total Time": 0.76,
                          "Actual Rows": 2760,
                          "Actual Loops": 1,
                          "Index Cond": "(company_id = 31)"
                        }
                      ]
                    },
                    {
                      "Node Type": "Index Scan",
                      "Parent Relationship": "Inner",
                      "Parallel Aware": false,
                      "Scan Direction": "Forward",
                      "Index Name": "title_pkey",
                      "Relation Name": "title",
                      "Alias": "t",
                      "Startup Cost": 0.43,
                      "Total Cost": 7.59,
                      "Plan Rows": 1,
                      "Plan Width": 4,
                      "Actual Startup Time": 0.007,
                      "Actual Total Time": 0.007,
                      "Actual Rows": 0,
                      "Actual Loops": 2760,
                      "Index Cond": "(id = mc.movie_id)",
                      "Rows Removed by Index Recheck": 0,
                      "Filter": "((kind_id > 3) AND (production_year < 2011))",
                      "Rows Removed by Filter": 1
                    }
                  ]
                }
              ]
            }
          ]
        }
      ]
    },
    "Planning Time": 0.295,
    "Triggers": [],
    "Execution Time": 15.096
  }
]