[
  {
    "Plan": {
      "Node Type": "Aggregate",
      "Strategy": "Plain",
      "Partial Mode": "Finalize",
      "Parallel Aware": false,
      "Startup Cost": 17362.64,
      "Total Cost": 17362.65,
      "Plan Rows": 1,
      "Plan Width": 8,
      "Actual Startup Time": 25.194,
      "Actual Total Time": 28.803,
      "Actual Rows": 1,
      "Actual Loops": 1,
      "Plans": [
        {
          "Node Type": "Gather",
          "Parent Relationship": "Outer",
          "Parallel Aware": false,
          "Startup Cost": 17362.53,
          "Total Cost": 17362.64,
          "Plan Rows": 1,
          "Plan Width": 8,
          "Actual Startup Time": 24.726,
          "Actual Total Time": 28.794,
          "Actual Rows": 2,
          "Actual Loops": 1,
          "Workers Planned": 1,
          "Workers Launched": 1,
          "Single Copy": false,
          "Plans": [
            {
              "Node Type": "Aggregate",
              "Strategy": "Plain",
              "Partial Mode": "Partial",
              "Parent Relationship": "Outer",
              "Parallel Aware": false,
              "Startup Cost": 16362.53,
              "Total Cost": 16362.54,
              "Plan Rows": 1,
              "Plan Width": 8,
              "Actual Startup Time": 19.021,
              "Actual Total Time": 19.023,
              "Actual Rows": 1,
              "Actual Loops": 2,
              "Plans": [
                {
                  "Node Type": "Nested Loop",
                  "Parent Relationship": "Outer",
                  "Parallel Aware": false,
                  "Join Type": "Inner",
                  "Startup Cost": 49.71,
                  "Total Cost": 16360.8,
                  "Plan Rows": 691,
                  "Plan Width": 0,
                  "Actual Startup Time": 1.582,
                  "Actual Total Time": 18.874,
                  "Actual Rows": 590,
                  "Actual Loops": 2,
                  "Inner Unique": true,
                  "Plans": [
                    {
                      "Node Type": "Bitmap Heap Scan",
                      "Parent Relationship": "Outer",
                      "Parallel Aware": true,
                      "Relation Name": "movie_companies",
                      "Alias": "mc",
                      "Startup Cost": 49.28,
                      "Total Cost": 6248.97,
                      "Plan Rows": 1279,
                      "Plan Width": 4,
                      "Actual Startup Time": 1.417,
                      "Actual Total Time": 4.844,
                      "Actual Rows": 1380,
                      "Actual Loops": 2,
                      "Recheck Cond": "(company_id = 31)",
                      "Rows Removed by Index Recheck": 0,
                      "Exact Heap Blocks": 1150,
                      "Lossy Heap Blocks": 0,
                      "Plans": [
                        {
                          "Node Type": "Bitmap Index Scan",
                          "Parent Relationship": "Outer",
                          "Parallel Aware": false,
                          "Index Name": "company_id_movie_companies",
                          "Startup Cost": 0.0,
                          "Total Cost": 48.73,
                          "Plan Rows": 2174,
                          "Plan Width": 0,
                          "Actual Startup Time": 2.102,
                          "Actual Total Time": 2.103,
                          "Actual Rows": 2760,
                          "Actual Loops": 1,
                          "Index Cond": "(company_id = 31)"
                        }
                      ]
                    },
                    {
                      "Node Type": "Index Scan",
                      "Parent Relationship": "Inner",
                      "Parallel Aware": false,
                      "Scan Direction": "Forward",
                      "Index Name": "title_pkey",
                      "Relation Name": "title",
                      "Alias": "t",
                      "Startup Cost": 0.43,
                      "Total Cost": 7.91,
                      "Plan Rows": 1,
                      "Plan Width": 4,
                      "Actual Startup Time": 0.009,
                      "Actual Total Time": 0.009,
                      "Actual Rows": 0,
                      "Actual Loops": 2760,
                      "Index Cond": "(id = mc.movie_id)",
                      "Rows Removed by Index Recheck": 0,
                      "Filter": "((kind_id > 3) AND (production_year < 2011))",
                      "Rows Removed by Filter": 1
                    }
                  ]
                }
              ]
            }
          ]
        }
      ]
    },
    "Planning Time": 0.65,
    "Triggers": [],
    "Execution Time": 28.892
  }
]