[
    {
        "Bao": {
            "Bao prediction": "NaN",
            "Bao recommended hint": "(no hint)"
        }
    },
    {
        "Plan": {
            "Node Type": "Aggregate",
            "Strategy": "Plain",
            "Partial Mode": "Finalize",
            "Parallel Aware": false,
            "Startup Cost": 99280.92,
            "Total Cost": 99280.93,
            "Plan Rows": 1,
            "Plan Width": 8,
            "Actual Startup Time": 593.154,
            "Actual Total Time": 617.007,
            "Actual Rows": 1,
            "Actual Loops": 1,
            "Output": [
                "count(*)"
            ],
            "Plans": [
                {
                    "Node Type": "Gather",
                    "Parent Relationship": "Outer",
                    "Parallel Aware": false,
                    "Startup Cost": 99280.61,
                    "Total Cost": 99280.92,
                    "Plan Rows": 3,
                    "Plan Width": 8,
                    "Actual Startup Time": 591.175,
                    "Actual Total Time": 616.997,
                    "Actual Rows": 4,
                    "Actual Loops": 1,
                    "Output": [
                        "(PARTIAL count(*))"
                    ],
                    "Workers Planned": 3,
                    "Workers Launched": 3,
                    "Single Copy": false,
                    "Plans": [
                        {
                            "Node Type": "Aggregate",
                            "Strategy": "Plain",
                            "Partial Mode": "Partial",
                            "Parent Relationship": "Outer",
                            "Parallel Aware": false,
                            "Startup Cost": 98280.61,
                            "Total Cost": 98280.62,
                            "Plan Rows": 1,
                            "Plan Width": 8,
                            "Actual Startup Time": 582.423,
                            "Actual Total Time": 582.427,
                            "Actual Rows": 1,
                            "Actual Loops": 4,
                            "Output": [
                                "PARTIAL count(*)"
                            ],
                            "Workers": [
                                {
                                    "Worker Number": 0,
                                    "Actual Startup Time": 579.287,
                                    "Actual Total Time": 579.29,
                                    "Actual Rows": 1,
                                    "Actual Loops": 1
                                },
                                {
                                    "Worker Number": 1,
                                    "Actual Startup Time": 579.463,
                                    "Actual Total Time": 579.466,
                                    "Actual Rows": 1,
                                    "Actual Loops": 1
                                },
                                {
                                    "Worker Number": 2,
                                    "Actual Startup Time": 580.095,
                                    "Actual Total Time": 580.098,
                                    "Actual Rows": 1,
                                    "Actual Loops": 1
                                }
                            ],
                            "Plans": [
                                {
                                    "Node Type": "Nested Loop",
                                    "Parent Relationship": "Outer",
                                    "Parallel Aware": false,
                                    "Join Type": "Inner",
                                    "Startup Cost": 49717.02,
                                    "Total Cost": 98262.09,
                                    "Plan Rows": 7408,
                                    "Plan Width": 0,
                                    "Actual Startup Time": 141.302,
                                    "Actual Total Time": 557.98,
                                    "Actual Rows": 523742,
                                    "Actual Loops": 4,
                                    "Inner Unique": false,
                                    "Workers": [
                                        {
                                            "Worker Number": 0,
                                            "Actual Startup Time": 138.331,
                                            "Actual Total Time": 555.252,
                                            "Actual Rows": 507482,
                                            "Actual Loops": 1
                                        },
                                        {
                                            "Worker Number": 1,
                                            "Actual Startup Time": 138.505,
                                            "Actual Total Time": 556.045,
                                            "Actual Rows": 491904,
                                            "Actual Loops": 1
                                        },
                                        {
                                            "Worker Number": 2,
                                            "Actual Startup Time": 138.653,
                                            "Actual Total Time": 556.885,
                                            "Actual Rows": 482409,
                                            "Actual Loops": 1
                                        }
                                    ],
                                    "Plans": [
                                        {
                                            "Node Type": "Hash Join",
                                            "Parent Relationship": "Outer",
                                            "Parallel Aware": true,
                                            "Join Type": "Inner",
                                            "Startup Cost": 49716.58,
                                            "Total Cost": 74736.97,
                                            "Plan Rows": 8405,
                                            "Plan Width": 8,
                                            "Actual Startup Time": 141.219,
                                            "Actual Total Time": 171.769,
                                            "Actual Rows": 19157,
                                            "Actual Loops": 4,
                                            "Output": [
                                                "t.id",
                                                "mk.movie_id"
                                            ],
                                            "Inner Unique": true,
                                            "Hash Cond": "(mk.movie_id = t.id)",
                                            "Workers": [
                                                {
                                                    "Worker Number": 0,
                                                    "Actual Startup Time": 138.249,
                                                    "Actual Total Time": 169.209,
                                                    "Actual Rows": 17640,
                                                    "Actual Loops": 1
                                                },
                                                {
                                                    "Worker Number": 1,
                                                    "Actual Startup Time": 138.425,
                                                    "Actual Total Time": 169.405,
                                                    "Actual Rows": 17593,
                                                    "Actual Loops": 1
                                                },
                                                {
                                                    "Worker Number": 2,
                                                    "Actual Startup Time": 138.527,
                                                    "Actual Total Time": 170.273,
                                                    "Actual Rows": 17514,
                                                    "Actual Loops": 1
                                                }
                                            ],
                                            "Plans": [
                                                {
                                                    "Node Type": "Bitmap Heap Scan",
                                                    "Parent Relationship": "Outer",
                                                    "Parallel Aware": true,
                                                    "Relation Name": "movie_keyword",
                                                    "Schema": "public",
                                                    "Alias": "mk",
                                                    "Startup Cost": 2464.1,
                                                    "Total Cost": 27386.19,
                                                    "Plan Rows": 37447,
                                                    "Plan Width": 4,
                                                    "Actual Startup Time": 11.251,
                                                    "Actual Total Time": 29.975,
                                                    "Actual Rows": 27506,
                                                    "Actual Loops": 4,
                                                    "Output": [
                                                        "mk.id",
                                                        "mk.movie_id",
                                                        "mk.keyword_id"
                                                    ],
                                                    "Recheck Cond": "(mk.keyword_id > 80128)",
                                                    "Rows Removed by Index Recheck": 0,
                                                    "Exact Heap Blocks": 5626,
                                                    "Lossy Heap Blocks": 0,
                                                    "Workers": [
                                                        {
                                                            "Worker Number": 0,
                                                            "Actual Startup Time": 11.304,
                                                            "Actual Total Time": 30.956,
                                                            "Actual Rows": 25194,
                                                            "Actual Loops": 1
                                                        },
                                                        {
                                                            "Worker Number": 1,
                                                            "Actual Startup Time": 11.302,
                                                            "Actual Total Time": 30.882,
                                                            "Actual Rows": 25214,
                                                            "Actual Loops": 1
                                                        },
                                                        {
                                                            "Worker Number": 2,
                                                            "Actual Startup Time": 11.218,
                                                            "Actual Total Time": 30.979,
                                                            "Actual Rows": 25091,
                                                            "Actual Loops": 1
                                                        }
                                                    ],
                                                    "Plans": [
                                                        {
                                                            "Node Type": "Bitmap Index Scan",
                                                            "Parent Relationship": "Outer",
                                                            "Parallel Aware": false,
                                                            "Index Name": "keyword_id_movie_keyword",
                                                            "Startup Cost": 0.0,
                                                            "Total Cost": 2435.08,
                                                            "Plan Rows": 116086,
                                                            "Plan Width": 0,
                                                            "Actual Startup Time": 8.602,
                                                            "Actual Total Time": 8.603,
                                                            "Actual Rows": 110022,
                                                            "Actual Loops": 1,
                                                            "Index Cond": "(mk.keyword_id > 80128)"
                                                        }
                                                    ]
                                                },
                                                {
                                                    "Node Type": "Hash",
                                                    "Parent Relationship": "Inner",
                                                    "Parallel Aware": true,
                                                    "Startup Cost": 45479.21,
                                                    "Total Cost": 45479.21,
                                                    "Plan Rows": 141862,
                                                    "Plan Width": 4,
                                                    "Actual Startup Time": 127.358,
                                                    "Actual Total Time": 127.359,
                                                    "Actual Rows": 160446,
                                                    "Actual Loops": 4,
                                                    "Output": [
                                                        "t.id"
                                                    ],
                                                    "Hash Buckets": 1048576,
                                                    "Original Hash Buckets": 1048576,
                                                    "Hash Batches": 1,
                                                    "Original Hash Batches": 1,
                                                    "Peak Memory Usage": 33376,
                                                    "Workers": [
                                                        {
                                                            "Worker Number": 0,
                                                            "Actual Startup Time": 126.512,
                                                            "Actual Total Time": 126.512,
                                                            "Actual Rows": 153389,
                                                            "Actual Loops": 1
                                                        },
                                                        {
                                                            "Worker Number": 1,
                                                            "Actual Startup Time": 126.672,
                                                            "Actual Total Time": 126.673,
                                                            "Actual Rows": 151994,
                                                            "Actual Loops": 1
                                                        },
                                                        {
                                                            "Worker Number": 2,
                                                            "Actual Startup Time": 126.897,
                                                            "Actual Total Time": 126.897,
                                                            "Actual Rows": 152315,
                                                            "Actual Loops": 1
                                                        }
                                                    ],
                                                    "Plans": [
                                                        {
                                                            "Node Type": "Seq Scan",
                                                            "Parent Relationship": "Outer",
                                                            "Parallel Aware": true,
                                                            "Relation Name": "title",
                                                            "Schema": "public",
                                                            "Alias": "t",
                                                            "Startup Cost": 0.0,
                                                            "Total Cost": 45479.21,
                                                            "Plan Rows": 141862,
                                                            "Plan Width": 4,
                                                            "Actual Startup Time": 0.041,
                                                            "Actual Total Time": 85.688,
                                                            "Actual Rows": 160446,
                                                            "Actual Loops": 4,
                                                            "Output": [
                                                                "t.id"
                                                            ],
                                                            "Filter": "((t.kind_id < 7) AND (t.production_year < 2006))",
                                                            "Rows Removed by Filter": 471632,
                                                            "Workers": [
                                                                {
                                                                    "Worker Number": 0,
                                                                    "Actual Startup Time": 0.051,
                                                                    "Actual Total Time": 84.93,
                                                                    "Actual Rows": 153389,
                                                                    "Actual Loops": 1
                                                                },
                                                                {
                                                                    "Worker Number": 1,
                                                                    "Actual Startup Time": 0.049,
                                                                    "Actual Total Time": 85.327,
                                                                    "Actual Rows": 151994,
                                                                    "Actual Loops": 1
                                                                },
                                                                {
                                                                    "Worker Number": 2,
                                                                    "Actual Startup Time": 0.05,
                                                                    "Actual Total Time": 86.234,
                                                                    "Actual Rows": 152315,
                                                                    "Actual Loops": 1
                                                                }
                                                            ]
                                                        }
                                                    ]
                                                }
                                            ]
                                        },
                                        {
                                            "Node Type": "Index Scan",
                                            "Parent Relationship": "Inner",
                                            "Parallel Aware": false,
                                            "Scan Direction": "Forward",
                                            "Index Name": "movie_id_movie_info",
                                            "Relation Name": "movie_info",
                                            "Schema": "public",
                                            "Alias": "mi",
                                            "Startup Cost": 0.43,
                                            "Total Cost": 2.74,
                                            "Plan Rows": 6,
                                            "Plan Width": 4,
                                            "Actual Startup Time": 0.006,
                                            "Actual Total Time": 0.018,
                                            "Actual Rows": 27,
                                            "Actual Loops": 76628,
                                            "Output": [
                                                "mi.id",
                                                "mi.movie_id",
                                                "mi.info_type_id",
                                                "mi.info",
                                                "mi.note"
                                            ],
                                            "Index Cond": "(mi.movie_id = t.id)",
                                            "Rows Removed by Index Recheck": 0,
                                            "Filter": "(mi.info_type_id > 16)",
                                            "Rows Removed by Filter": 43,
                                            "Workers": [
                                                {
                                                    "Worker Number": 0,
                                                    "Actual Startup Time": 0.007,
                                                    "Actual Total Time": 0.02,
                                                    "Actual Rows": 29,
                                                    "Actual Loops": 17640
                                                },
                                                {
                                                    "Worker Number": 1,
                                                    "Actual Startup Time": 0.007,
                                                    "Actual Total Time": 0.02,
                                                    "Actual Rows": 28,
                                                    "Actual Loops": 17593
                                                },
                                                {
                                                    "Worker Number": 2,
                                                    "Actual Startup Time": 0.007,
                                                    "Actual Total Time": 0.02,
                                                    "Actual Rows": 28,
                                                    "Actual Loops": 17514
                                                }
                                            ]
                                        }
                                    ]
                                }
                            ]
                        }
                    ]
                }
            ]
        },
        "Planning Time": 185.096,
        "Triggers": [],
        "Execution Time": 617.093
    }
]