[
  {
    "Plan": {
      "Node Type": "Aggregate",
      "Strategy": "Plain",
      "Partial Mode": "Finalize",
      "Parallel Aware": false,
      "Startup Cost": 67002.89,
      "Total Cost": 67002.9,
      "Plan Rows": 1,
      "Plan Width": 8,
      "Actual Startup Time": 110.194,
      "Actual Total Time": 125.238,
      "Actual Rows": 1,
      "Actual Loops": 1,
      "Plans": [
        {
          "Node Type": "Gather",
          "Parent Relationship": "Outer",
          "Parallel Aware": false,
          "Startup Cost": 67002.47,
          "Total Cost": 67002.88,
          "Plan Rows": 4,
          "Plan Width": 8,
          "Actual Startup Time": 109.994,
          "Actual Total Time": 125.229,
          "Actual Rows": 5,
          "Actual Loops": 1,
          "Workers Planned": 4,
          "Workers Launched": 4,
          "Single Copy": false,
          "Plans": [
            {
              "Node Type": "Aggregate",
              "Strategy": "Plain",
              "Partial Mode": "Partial",
              "Parent Relationship": "Outer",
              "Parallel Aware": false,
              "Startup Cost": 66002.47,
              "Total Cost": 66002.48,
              "Plan Rows": 1,
              "Plan Width": 8,
              "Actual Startup Time": 100.089,
              "Actual Total Time": 100.091,
              "Actual Rows": 1,
              "Actual Loops": 5,
              "Plans": [
                {
                  "Node Type": "Nested Loop",
                  "Parent Relationship": "Outer",
                  "Parallel Aware": false,
                  "Join Type": "Inner",
                  "Startup Cost": 0.43,
                  "Total Cost": 65998.34,
                  "Plan Rows": 1652,
                  "Plan Width": 0,
                  "Actual Startup Time": 59.972,
                  "Actual Total Time": 99.89,
                  "Actual Rows": 2214,
                  "Actual Loops": 5,
                  "Inner Unique": false,
                  "Plans": [
                    {
                      "Node Type": "Seq Scan",
                      "Parent Relationship": "Outer",
                      "Parallel Aware": true,
                      "Relation Name": "title",
                      "Alias": "t",
                      "Startup Cost": 0.0,
                      "Total Cost": 45479.59,
                      "Plan Rows": 1601,
                      "Plan Width": 4,
                      "Actual Startup Time": 59.765,
                      "Actual Total Time": 87.762,
                      "Actual Rows": 1014,
                      "Actual Loops": 5,
                      "Filter": "((kind_id = 1) AND (production_year = 1993))",
                      "Rows Removed by Filter": 504649
                    },
                    {
                      "Node Type": "Index Only Scan",
                      "Parent Relationship": "Inner",
                      "Parallel Aware": false,
                      "Scan Direction": "Forward",
                      "Index Name": "movie_id_movie_companies",
                      "Relation Name": "movie_companies",
                      "Alias": "mc",
                      "Startup Cost": 0.43,
                      "Total Cost": 12.77,
                      "Plan Rows": 5,
                      "Plan Width": 4,
                      "Actual Startup Time": 0.01,
                      "Actual Total Time": 0.011,
                      "Actual Rows": 2,
                      "Actual Loops": 5068,
                      "Index Cond": "(movie_id = t.id)",
                      "Rows Removed by Index Recheck": 0,
                      "Heap Fetches": 11071
                    }
                  ]
                }
              ]
            }
          ]
        }
      ]
    },
    "Planning Time": 0.654,
    "Triggers": [],
    "Execution Time": 125.314
  }
]