[
  {
    "Plan": {
      "Node Type": "Aggregate",
      "Strategy": "Plain",
      "Partial Mode": "Finalize",
      "Parallel Aware": false,
      "Startup Cost": 353524.21,
      "Total Cost": 353524.22,
      "Plan Rows": 1,
      "Plan Width": 8,
      "Actual Startup Time": 791.53,
      "Actual Total Time": 852.41,
      "Actual Rows": 1,
      "Actual Loops": 1,
      "Plans": [
        {
          "Node Type": "Gather",
          "Parent Relationship": "Outer",
          "Parallel Aware": false,
          "Startup Cost": 353523.58,
          "Total Cost": 353524.19,
          "Plan Rows": 6,
          "Plan Width": 8,
          "Actual Startup Time": 791.382,
          "Actual Total Time": 852.399,
          "Actual Rows": 7,
          "Actual Loops": 1,
          "Workers Planned": 6,
          "Workers Launched": 6,
          "Single Copy": false,
          "Plans": [
            {
              "Node Type": "Aggregate",
              "Strategy": "Plain",
              "Partial Mode": "Partial",
              "Parent Relationship": "Outer",
              "Parallel Aware": false,
              "Startup Cost": 352523.58,
              "Total Cost": 352523.59,
              "Plan Rows": 1,
              "Plan Width": 8,
              "Actual Startup Time": 782.617,
              "Actual Total Time": 782.619,
              "Actual Rows": 1,
              "Actual Loops": 7,
              "Plans": [
                {
                  "Node Type": "Seq Scan",
                  "Parent Relationship": "Outer",
                  "Parallel Aware": true,
                  "Relation Name": "cast_info",
                  "Alias": "ci",
                  "Startup Cost": 0.0,
                  "Total Cost": 343257.03,
                  "Plan Rows": 3706621,
                  "Plan Width": 0,
                  "Actual Startup Time": 42.072,
                  "Actual Total Time": 661.653,
                  "Actual Rows": 3160150,
                  "Actual Loops": 7,
                  "Filter": "((person_id > 244652) AND (role_id < 4))",
                  "Rows Removed by Filter": 2017613
                }
              ]
            }
          ]
        }
      ]
    },
    "Planning Time": 0.219,
    "Triggers": [],
    "Execution Time": 852.481
  }
]