[
    {
        "Bao": {
            "Bao prediction": "NaN",
            "Bao recommended hint": "(no hint)"
        }
    },
    {
        "Plan": {
            "Node Type": "Aggregate",
            "Strategy": "Plain",
            "Partial Mode": "Finalize",
            "Parallel Aware": false,
            "Startup Cost": 347787.36,
            "Total Cost": 347787.37,
            "Plan Rows": 1,
            "Plan Width": 8,
            "Actual Startup Time": 744.248,
            "Actual Total Time": 774.112,
            "Actual Rows": 1,
            "Actual Loops": 1,
            "Output": [
                "count(*)"
            ],
            "Plans": [
                {
                    "Node Type": "Gather",
                    "Parent Relationship": "Outer",
                    "Parallel Aware": false,
                    "Startup Cost": 347786.73,
                    "Total Cost": 347787.34,
                    "Plan Rows": 6,
                    "Plan Width": 8,
                    "Actual Startup Time": 744.147,
                    "Actual Total Time": 774.104,
                    "Actual Rows": 7,
                    "Actual Loops": 1,
                    "Output": [
                        "(PARTIAL count(*))"
                    ],
                    "Workers Planned": 6,
                    "Workers Launched": 6,
                    "Single Copy": false,
                    "Plans": [
                        {
                            "Node Type": "Aggregate",
                            "Strategy": "Plain",
                            "Partial Mode": "Partial",
                            "Parent Relationship": "Outer",
                            "Parallel Aware": false,
                            "Startup Cost": 346786.73,
                            "Total Cost": 346786.74,
                            "Plan Rows": 1,
                            "Plan Width": 8,
                            "Actual Startup Time": 734.488,
                            "Actual Total Time": 734.489,
                            "Actual Rows": 1,
                            "Actual Loops": 7,
                            "Output": [
                                "PARTIAL count(*)"
                            ],
                            "Workers": [
                                {
                                    "Worker Number": 0,
                                    "Actual Startup Time": 732.297,
                                    "Actual Total Time": 732.298,
                                    "Actual Rows": 1,
                                    "Actual Loops": 1
                                },
                                {
                                    "Worker Number": 1,
                                    "Actual Startup Time": 732.492,
                                    "Actual Total Time": 732.494,
                                    "Actual Rows": 1,
                                    "Actual Loops": 1
                                },
                                {
                                    "Worker Number": 2,
                                    "Actual Startup Time": 732.764,
                                    "Actual Total Time": 732.765,
                                    "Actual Rows": 1,
                                    "Actual Loops": 1
                                },
                                {
                                    "Worker Number": 3,
                                    "Actual Startup Time": 732.999,
                                    "Actual Total Time": 733.001,
                                    "Actual Rows": 1,
                                    "Actual Loops": 1
                                },
                                {
                                    "Worker Number": 4,
                                    "Actual Startup Time": 733.319,
                                    "Actual Total Time": 733.32,
                                    "Actual Rows": 1,
                                    "Actual Loops": 1
                                },
                                {
                                    "Worker Number": 5,
                                    "Actual Startup Time": 733.705,
                                    "Actual Total Time": 733.706,
                                    "Actual Rows": 1,
                                    "Actual Loops": 1
                                }
                            ],
                            "Plans": [
                                {
                                    "Node Type": "Seq Scan",
                                    "Parent Relationship": "Outer",
                                    "Parallel Aware": true,
                                    "Relation Name": "cast_info",
                                    "Schema": "public",
                                    "Alias": "ci",
                                    "Startup Cost": 0.0,
                                    "Total Cost": 343318.94,
                                    "Plan Rows": 1387117,
                                    "Plan Width": 0,
                                    "Actual Startup Time": 378.0,
                                    "Actual Total Time": 693.221,
                                    "Actual Rows": 721270,
                                    "Actual Loops": 7,
                                    "Output": [
                                        "id",
                                        "person_id",
                                        "movie_id",
                                        "person_role_id",
                                        "note",
                                        "nr_order",
                                        "role_id"
                                    ],
                                    "Filter": "((ci.person_id < 1866881) AND (ci.role_id > 2))",
                                    "Rows Removed by Filter": 4456494,
                                    "Workers": [
                                        {
                                            "Worker Number": 0,
                                            "Actual Startup Time": 375.83,
                                            "Actual Total Time": 692.444,
                                            "Actual Rows": 582865,
                                            "Actual Loops": 1
                                        },
                                        {
                                            "Worker Number": 1,
                                            "Actual Startup Time": 376.024,
                                            "Actual Total Time": 692.118,
                                            "Actual Rows": 589921,
                                            "Actual Loops": 1
                                        },
                                        {
                                            "Worker Number": 2,
                                            "Actual Startup Time": 376.287,
                                            "Actual Total Time": 693.188,
                                            "Actual Rows": 581572,
                                            "Actual Loops": 1
                                        },
                                        {
                                            "Worker Number": 3,
                                            "Actual Startup Time": 376.504,
                                            "Actual Total Time": 692.125,
                                            "Actual Rows": 595570,
                                            "Actual Loops": 1
                                        },
                                        {
                                            "Worker Number": 4,
                                            "Actual Startup Time": 376.825,
                                            "Actual Total Time": 692.584,
                                            "Actual Rows": 945678,
                                            "Actual Loops": 1
                                        },
                                        {
                                            "Worker Number": 5,
                                            "Actual Startup Time": 377.2,
                                            "Actual Total Time": 693.669,
                                            "Actual Rows": 583457,
                                            "Actual Loops": 1
                                        }
                                    ]
                                }
                            ]
                        }
                    ]
                }
            ]
        },
        "Planning Time": 186.281,
        "Triggers": [],
        "Execution Time": 774.159
    }
]