[
  {
    "Plan": {
      "Node Type": "Aggregate",
      "Strategy": "Plain",
      "Partial Mode": "Finalize",
      "Parallel Aware": false,
      "Startup Cost": 391701.81,
      "Total Cost": 391701.82,
      "Plan Rows": 1,
      "Plan Width": 8,
      "Actual Startup Time": 1854.801,
      "Actual Total Time": 1907.314,
      "Actual Rows": 1,
      "Actual Loops": 1,
      "Plans": [
        {
          "Node Type": "Gather",
          "Parent Relationship": "Outer",
          "Parallel Aware": false,
          "Startup Cost": 391701.19,
          "Total Cost": 391701.8,
          "Plan Rows": 6,
          "Plan Width": 8,
          "Actual Startup Time": 1845.323,
          "Actual Total Time": 1907.305,
          "Actual Rows": 7,
          "Actual Loops": 1,
          "Workers Planned": 6,
          "Workers Launched": 6,
          "Single Copy": false,
          "Plans": [
            {
              "Node Type": "Aggregate",
              "Strategy": "Plain",
              "Partial Mode": "Partial",
              "Parent Relationship": "Outer",
              "Parallel Aware": false,
              "Startup Cost": 390701.19,
              "Total Cost": 390701.2,
              "Plan Rows": 1,
              "Plan Width": 8,
              "Actual Startup Time": 1834.125,
              "Actual Total Time": 1834.128,
              "Actual Rows": 1,
              "Actual Loops": 7,
              "Plans": [
                {
                  "Node Type": "Hash Join",
                  "Parent Relationship": "Outer",
                  "Parallel Aware": true,
                  "Join Type": "Inner",
                  "Startup Cost": 49137.9,
                  "Total Cost": 385533.47,
                  "Plan Rows": 2067087,
                  "Plan Width": 0,
                  "Actual Startup Time": 376.735,
                  "Actual Total Time": 1756.649,
                  "Actual Rows": 1729782,
                  "Actual Loops": 7,
                  "Inner Unique": true,
                  "Hash Cond": "(ci.movie_id = t.id)",
                  "Plans": [
                    {
                      "Node Type": "Seq Scan",
                      "Parent Relationship": "Outer",
                      "Parallel Aware": true,
                      "Relation Name": "cast_info",
                      "Alias": "ci",
                      "Startup Cost": 0.0,
                      "Total Cost": 328211.39,
                      "Plan Rows": 3117779,
                      "Plan Width": 4,
                      "Actual Startup Time": 181.345,
                      "Actual Total Time": 585.35,
                      "Actual Rows": 2653620,
                      "Actual Loops": 7,
                      "Filter": "(person_id > 1749802)",
                      "Rows Removed by Filter": 2524143
                    },
                    {
                      "Node Type": "Hash",
                      "Parent Relationship": "Inner",
                      "Parallel Aware": true,
                      "Startup Cost": 43899.32,
                      "Total Cost": 43899.32,
                      "Plan Rows": 419086,
                      "Plan Width": 4,
                      "Actual Startup Time": 192.283,
                      "Actual Total Time": 192.284,
                      "Actual Rows": 239157,
                      "Actual Loops": 7,
                      "Hash Buckets": 2097152,
                      "Original Hash Buckets": 2097152,
                      "Hash Batches": 1,
                      "Original Hash Batches": 1,
                      "Peak Memory Usage": 82016,
                      "Plans": [
                        {
                          "Node Type": "Seq Scan",
                          "Parent Relationship": "Outer",
                          "Parallel Aware": true,
                          "Relation Name": "title",
                          "Alias": "t",
                          "Startup Cost": 0.0,
                          "Total Cost": 43899.32,
                          "Plan Rows": 419086,
                          "Plan Width": 4,
                          "Actual Startup Time": 0.041,
                          "Actual Total Time": 79.164,
                          "Actual Rows": 239157,
                          "Actual Loops": 7,
                          "Filter": "(kind_id > 3)",
                          "Rows Removed by Filter": 122031
                        }
                      ]
                    }
                  ]
                }
              ]
            }
          ]
        }
      ]
    },
    "Planning Time": 0.172,
    "Triggers": [],
    "Execution Time": 1907.354
  }
]