[
  {
    "Plan": {
      "Node Type": "Aggregate",
      "Strategy": "Plain",
      "Partial Mode": "Finalize",
      "Parallel Aware": false,
      "Startup Cost": 338576.68,
      "Total Cost": 338576.69,
      "Plan Rows": 1,
      "Plan Width": 8,
      "Actual Startup Time": 794.635,
      "Actual Total Time": 839.546,
      "Actual Rows": 1,
      "Actual Loops": 1,
      "Plans": [
        {
          "Node Type": "Gather",
          "Parent Relationship": "Outer",
          "Parallel Aware": false,
          "Startup Cost": 338576.06,
          "Total Cost": 338576.67,
          "Plan Rows": 6,
          "Plan Width": 8,
          "Actual Startup Time": 794.451,
          "Actual Total Time": 839.537,
          "Actual Rows": 7,
          "Actual Loops": 1,
          "Workers Planned": 6,
          "Workers Launched": 6,
          "Single Copy": false,
          "Plans": [
            {
              "Node Type": "Aggregate",
              "Strategy": "Plain",
              "Partial Mode": "Partial",
              "Parent Relationship": "Outer",
              "Parallel Aware": false,
              "Startup Cost": 337576.06,
              "Total Cost": 337576.07,
              "Plan Rows": 1,
              "Plan Width": 8,
              "Actual Startup Time": 784.001,
              "Actual Total Time": 784.002,
              "Actual Rows": 1,
              "Actual Loops": 7,
              "Plans": [
                {
                  "Node Type": "Seq Scan",
                  "Parent Relationship": "Outer",
                  "Parallel Aware": true,
                  "Relation Name": "cast_info",
                  "Alias": "ci",
                  "Startup Cost": 0.0,
                  "Total Cost": 328211.39,
                  "Plan Rows": 3745867,
                  "Plan Width": 0,
                  "Actual Startup Time": 157.807,
                  "Actual Total Time": 621.987,
                  "Actual Rows": 3189026,
                  "Actual Loops": 7,
                  "Filter": "(person_id > 1371697)",
                  "Rows Removed by Filter": 1988737
                }
              ]
            }
          ]
        }
      ]
    },
    "Planning Time": 0.132,
    "Triggers": [],
    "Execution Time": 839.601
  }
]