{
  "Plan": {
    "Node Type": "Aggregate",
    "Strategy": "Plain",
    "Partial Mode": "Finalize",
    "Parallel Aware": false,
    "Startup Cost": 101013.14,
    "Total Cost": 101013.15,
    "Plan Rows": 1,
    "Plan Width": 8,
    "Actual Startup Time": 289.534,
    "Actual Total Time": 307.28,
    "Actual Rows": 1,
    "Actual Loops": 1,
    "Plans": [
      {
        "Node Type": "Gather",
        "Parent Relationship": "Outer",
        "Parallel Aware": false,
        "Startup Cost": 101013.03,
        "Total Cost": 101013.14,
        "Plan Rows": 1,
        "Plan Width": 8,
        "Actual Startup Time": 289.047,
        "Actual Total Time": 307.272,
        "Actual Rows": 2,
        "Actual Loops": 1,
        "Workers Planned": 1,
        "Workers Launched": 1,
        "Single Copy": false,
        "Plans": [
          {
            "Node Type": "Aggregate",
            "Strategy": "Plain",
            "Partial Mode": "Partial",
            "Parent Relationship": "Outer",
            "Parallel Aware": false,
            "Startup Cost": 100013.03,
            "Total Cost": 100013.04,
            "Plan Rows": 1,
            "Plan Width": 8,
            "Actual Startup Time": 282.458,
            "Actual Total Time": 282.463,
            "Actual Rows": 1,
            "Actual Loops": 2,
            "Plans": [
              {
                "Node Type": "Nested Loop",
                "Parent Relationship": "Outer",
                "Parallel Aware": false,
                "Join Type": "Inner",
                "Startup Cost": 67192.82,
                "Total Cost": 99993.1,
                "Plan Rows": 7971,
                "Plan Width": 0,
                "Actual Startup Time": 172.585,
                "Actual Total Time": 280.156,
                "Actual Rows": 53624,
                "Actual Loops": 2,
                "Inner Unique": false,
                "Join Filter": "(t.id = mk.movie_id)",
                "Rows Removed by Join Filter": 0,
                "Plans": [
                  {
                    "Node Type": "Hash Join",
                    "Parent Relationship": "Outer",
                    "Parallel Aware": true,
                    "Join Type": "Inner",
                    "Startup Cost": 67192.39,
                    "Total Cost": 90421.56,
                    "Plan Rows": 4455,
                    "Plan Width": 8,
                    "Actual Startup Time": 172.497,
                    "Actual Total Time": 252.701,
                    "Actual Rows": 2272,
                    "Actual Loops": 2,
                    "Inner Unique": true,
                    "Hash Cond": "(mc.movie_id = t.id)",
                    "Plans": [
                      {
                        "Node Type": "Bitmap Heap Scan",
                        "Parent Relationship": "Outer",
                        "Parallel Aware": true,
                        "Relation Name": "movie_companies",
                        "Alias": "mc",
                        "Startup Cost": 10811.28,
                        "Total Cost": 33270.01,
                        "Plan Rows": 293499,
                        "Plan Width": 4,
                        "Actual Startup Time": 24.181,
                        "Actual Total Time": 75.866,
                        "Actual Rows": 247972,
                        "Actual Loops": 2,
                        "Recheck Cond": "(company_id < 439)",
                        "Rows Removed by Index Recheck": 0,
                        "Exact Heap Blocks": 10841,
                        "Lossy Heap Blocks": 0,
                        "Plans": [
                          {
                            "Node Type": "Bitmap Index Scan",
                            "Parent Relationship": "Outer",
                            "Parallel Aware": false,
                            "Index Name": "company_id_movie_companies",
                            "Startup Cost": 0.0,
                            "Total Cost": 10686.54,
                            "Plan Rows": 498948,
                            "Plan Width": 0,
                            "Actual Startup Time": 21.463,
                            "Actual Total Time": 21.464,
                            "Actual Rows": 495944,
                            "Actual Loops": 1,
                            "Index Cond": "(company_id < 439)"
                          }
                        ]
                      },
                      {
                        "Node Type": "Hash",
                        "Parent Relationship": "Inner",
                        "Parallel Aware": true,
                        "Startup Cost": 56098.94,
                        "Total Cost": 56098.94,
                        "Plan Rows": 22574,
                        "Plan Width": 4,
                        "Actual Startup Time": 147.2,
                        "Actual Total Time": 147.201,
                        "Actual Rows": 16109,
                        "Actual Loops": 2,
                        "Hash Buckets": 65536,
                        "Original Hash Buckets": 65536,
                        "Hash Batches": 1,
                        "Original Hash Batches": 1,
                        "Peak Memory Usage": 1792,
                        "Plans": [
                          {
                            "Node Type": "Bitmap Heap Scan",
                            "Parent Relationship": "Outer",
                            "Parallel Aware": true,
                            "Relation Name": "title",
                            "Alias": "t",
                            "Startup Cost": 13448.55,
                            "Total Cost": 56098.94,
                            "Plan Rows": 22574,
                            "Plan Width": 4,
                            "Actual Startup Time": 51.314,
                            "Actual Total Time": 142.594,
                            "Actual Rows": 16109,
                            "Actual Loops": 2,
                            "Recheck Cond": "(kind_id < 3)",
                            "Rows Removed by Index Recheck": 0,
                            "Filter": "(production_year = 2009)",
                            "Rows Removed by Filter": 360730,
                            "Exact Heap Blocks": 27306,
                            "Lossy Heap Blocks": 0,
                            "Plans": [
                              {
                                "Node Type": "Bitmap Index Scan",
                                "Parent Relationship": "Outer",
                                "Parallel Aware": false,
                                "Index Name": "kind_id_title",
                                "Startup Cost": 0.0,
                                "Total Cost": 13438.96,
                                "Plan Rows": 753937,
                                "Plan Width": 0,
                                "Actual Startup Time": 49.833,
                                "Actual Total Time": 49.833,
                                "Actual Rows": 753677,
                                "Actual Loops": 1,
                                "Index Cond": "(kind_id < 3)"
                              }
                            ]
                          }
                        ]
                      }
                    ]
                  },
                  {
                    "Node Type": "Index Only Scan",
                    "Parent Relationship": "Inner",
                    "Parallel Aware": false,
                    "Scan Direction": "Forward",
                    "Index Name": "movie_id_movie_keyword",
                    "Relation Name": "movie_keyword",
                    "Alias": "mk",
                    "Startup Cost": 0.43,
                    "Total Cost": 1.59,
                    "Plan Rows": 45,
                    "Plan Width": 4,
                    "Actual Startup Time": 0.007,
                    "Actual Total Time": 0.01,
                    "Actual Rows": 24,
                    "Actual Loops": 4545,
                    "Index Cond": "(movie_id = mc.movie_id)",
                    "Rows Removed by Index Recheck": 0,
                    "Heap Fetches": 107247
                  }
                ]
              }
            ]
          }
        ]
      }
    ]
  },
  "Planning Time": 1.052,
  "Triggers": [],
  "Execution Time": 307.402
}