[
    {
        "Bao": {
            "Bao prediction": "NaN",
            "Bao recommended hint": "(no hint)"
        }
    },
    {
        "Plan": {
            "Node Type": "Aggregate",
            "Strategy": "Plain",
            "Partial Mode": "Finalize",
            "Parallel Aware": false,
            "Startup Cost": 32310.85,
            "Total Cost": 32310.86,
            "Plan Rows": 1,
            "Plan Width": 8,
            "Actual Startup Time": 106.166,
            "Actual Total Time": 112.332,
            "Actual Rows": 1,
            "Actual Loops": 1,
            "Output": [
                "count(*)"
            ],
            "Plans": [
                {
                    "Node Type": "Gather",
                    "Parent Relationship": "Outer",
                    "Parallel Aware": false,
                    "Startup Cost": 32310.53,
                    "Total Cost": 32310.84,
                    "Plan Rows": 3,
                    "Plan Width": 8,
                    "Actual Startup Time": 105.863,
                    "Actual Total Time": 112.325,
                    "Actual Rows": 4,
                    "Actual Loops": 1,
                    "Output": [
                        "(PARTIAL count(*))"
                    ],
                    "Workers Planned": 3,
                    "Workers Launched": 3,
                    "Single Copy": false,
                    "Plans": [
                        {
                            "Node Type": "Aggregate",
                            "Strategy": "Plain",
                            "Partial Mode": "Partial",
                            "Parent Relationship": "Outer",
                            "Parallel Aware": false,
                            "Startup Cost": 31310.53,
                            "Total Cost": 31310.54,
                            "Plan Rows": 1,
                            "Plan Width": 8,
                            "Actual Startup Time": 97.236,
                            "Actual Total Time": 97.237,
                            "Actual Rows": 1,
                            "Actual Loops": 4,
                            "Output": [
                                "PARTIAL count(*)"
                            ],
                            "Workers": [
                                {
                                    "Worker Number": 0,
                                    "Actual Startup Time": 94.151,
                                    "Actual Total Time": 94.153,
                                    "Actual Rows": 1,
                                    "Actual Loops": 1
                                },
                                {
                                    "Worker Number": 1,
                                    "Actual Startup Time": 94.567,
                                    "Actual Total Time": 94.569,
                                    "Actual Rows": 1,
                                    "Actual Loops": 1
                                },
                                {
                                    "Worker Number": 2,
                                    "Actual Startup Time": 94.883,
                                    "Actual Total Time": 94.885,
                                    "Actual Rows": 1,
                                    "Actual Loops": 1
                                }
                            ],
                            "Plans": [
                                {
                                    "Node Type": "Bitmap Heap Scan",
                                    "Parent Relationship": "Outer",
                                    "Parallel Aware": true,
                                    "Relation Name": "movie_keyword",
                                    "Schema": "public",
                                    "Alias": "mk",
                                    "Startup Cost": 5583.47,
                                    "Total Cost": 31098.36,
                                    "Plan Rows": 84871,
                                    "Plan Width": 0,
                                    "Actual Startup Time": 34.004,
                                    "Actual Total Time": 92.987,
                                    "Actual Rows": 65016,
                                    "Actual Loops": 4,
                                    "Recheck Cond": "(mk.keyword_id > 59339)",
                                    "Rows Removed by Index Recheck": 0,
                                    "Exact Heap Blocks": 11426,
                                    "Lossy Heap Blocks": 0,
                                    "Workers": [
                                        {
                                            "Worker Number": 0,
                                            "Actual Startup Time": 31.113,
                                            "Actual Total Time": 90.42,
                                            "Actual Rows": 48290,
                                            "Actual Loops": 1
                                        },
                                        {
                                            "Worker Number": 1,
                                            "Actual Startup Time": 31.445,
                                            "Actual Total Time": 90.89,
                                            "Actual Rows": 36314,
                                            "Actual Loops": 1
                                        },
                                        {
                                            "Worker Number": 2,
                                            "Actual Startup Time": 31.637,
                                            "Actual Total Time": 91.023,
                                            "Actual Rows": 37119,
                                            "Actual Loops": 1
                                        }
                                    ],
                                    "Plans": [
                                        {
                                            "Node Type": "Bitmap Index Scan",
                                            "Parent Relationship": "Outer",
                                            "Parallel Aware": false,
                                            "Index Name": "keyword_id_movie_keyword",
                                            "Startup Cost": 0.0,
                                            "Total Cost": 5517.69,
                                            "Plan Rows": 263101,
                                            "Plan Width": 0,
                                            "Actual Startup Time": 37.604,
                                            "Actual Total Time": 37.604,
                                            "Actual Rows": 260064,
                                            "Actual Loops": 1,
                                            "Index Cond": "(mk.keyword_id > 59339)"
                                        }
                                    ]
                                }
                            ]
                        }
                    ]
                }
            ]
        },
        "Planning Time": 198.831,
        "Triggers": [],
        "Execution Time": 112.462
    }
]