[
  {
    "Plan": {
      "Node Type": "Aggregate",
      "Strategy": "Plain",
      "Partial Mode": "Finalize",
      "Parallel Aware": false,
      "Startup Cost": 296489.32,
      "Total Cost": 296489.33,
      "Plan Rows": 1,
      "Plan Width": 8,
      "Actual Startup Time": 2037.512,
      "Actual Total Time": 2084.319,
      "Actual Rows": 1,
      "Actual Loops": 1,
      "Plans": [
        {
          "Node Type": "Gather",
          "Parent Relationship": "Outer",
          "Parallel Aware": false,
          "Startup Cost": 296488.8,
          "Total Cost": 296489.31,
          "Plan Rows": 5,
          "Plan Width": 8,
          "Actual Startup Time": 2023.899,
          "Actual Total Time": 2084.308,
          "Actual Rows": 6,
          "Actual Loops": 1,
          "Workers Planned": 5,
          "Workers Launched": 5,
          "Single Copy": false,
          "Plans": [
            {
              "Node Type": "Aggregate",
              "Strategy": "Plain",
              "Partial Mode": "Partial",
              "Parent Relationship": "Outer",
              "Parallel Aware": false,
              "Startup Cost": 295488.8,
              "Total Cost": 295488.81,
              "Plan Rows": 1,
              "Plan Width": 8,
              "Actual Startup Time": 2013.379,
              "Actual Total Time": 2013.774,
              "Actual Rows": 1,
              "Actual Loops": 6,
              "Plans": [
                {
                  "Node Type": "Hash Join",
                  "Parent Relationship": "Outer",
                  "Parallel Aware": true,
                  "Join Type": "Inner",
                  "Startup Cost": 86771.61,
                  "Total Cost": 292454.25,
                  "Plan Rows": 1213820,
                  "Plan Width": 0,
                  "Actual Startup Time": 407.989,
                  "Actual Total Time": 1717.343,
                  "Actual Rows": 6920428,
                  "Actual Loops": 6,
                  "Inner Unique": false,
                  "Hash Cond": "(mi.movie_id = t.id)",
                  "Plans": [
                    {
                      "Node Type": "Seq Scan",
                      "Parent Relationship": "Outer",
                      "Parallel Aware": true,
                      "Relation Name": "movie_info",
                      "Alias": "mi",
                      "Startup Cost": 0.0,
                      "Total Cost": 191560.33,
                      "Plan Rows": 2956733,
                      "Plan Width": 4,
                      "Actual Startup Time": 0.017,
                      "Actual Total Time": 300.726,
                      "Actual Rows": 2472620,
                      "Actual Loops": 6
                    },
                    {
                      "Node Type": "Hash",
                      "Parent Relationship": "Inner",
                      "Parallel Aware": true,
                      "Startup Cost": 83528.06,
                      "Total Cost": 83528.06,
                      "Plan Rows": 259484,
                      "Plan Width": 8,
                      "Actual Startup Time": 403.08,
                      "Actual Total Time": 403.473,
                      "Actual Rows": 156262,
                      "Actual Loops": 6,
                      "Hash Buckets": 1048576,
                      "Original Hash Buckets": 1048576,
                      "Hash Batches": 1,
                      "Original Hash Batches": 1,
                      "Peak Memory Usage": 44960,
                      "Plans": [
                        {
                          "Node Type": "Hash Join",
                          "Parent Relationship": "Outer",
                          "Parallel Aware": true,
                          "Join Type": "Inner",
                          "Startup Cost": 35719.31,
                          "Total Cost": 83528.06,
                          "Plan Rows": 259484,
                          "Plan Width": 8,
                          "Actual Startup Time": 146.802,
                          "Actual Total Time": 348.781,
                          "Actual Rows": 156262,
                          "Actual Loops": 6,
                          "Inner Unique": false,
                          "Hash Cond": "(t.id = mc.movie_id)",
                          "Plans": [
                            {
                              "Node Type": "Seq Scan",
                              "Parent Relationship": "Outer",
                              "Parallel Aware": true,
                              "Relation Name": "title",
                              "Alias": "t",
                              "Startup Cost": 0.0,
                              "Total Cost": 43898.92,
                              "Plan Rows": 614560,
                              "Plan Width": 4,
                              "Actual Startup Time": 0.015,
                              "Actual Total Time": 77.447,
                              "Actual Rows": 409370,
                              "Actual Loops": 6,
                              "Filter": "(production_year > 0)",
                              "Rows Removed by Filter": 12016
                            },
                            {
                              "Node Type": "Hash",
                              "Parent Relationship": "Inner",
                              "Parallel Aware": true,
                              "Startup Cost": 31414.82,
                              "Total Cost": 31414.82,
                              "Plan Rows": 344359,
                              "Plan Width": 4,
                              "Actual Startup Time": 143.393,
                              "Actual Total Time": 143.394,
                              "Actual Rows": 156918,
                              "Actual Loops": 6,
                              "Hash Buckets": 2097152,
                              "Original Hash Buckets": 2097152,
                              "Hash Batches": 1,
                              "Original Hash Batches": 1,
                              "Peak Memory Usage": 53312,
                              "Plans": [
                                {
                                  "Node Type": "Seq Scan",
                                  "Parent Relationship": "Outer",
                                  "Parallel Aware": true,
                                  "Relation Name": "movie_companies",
                                  "Alias": "mc",
                                  "Startup Cost": 0.0,
                                  "Total Cost": 31414.82,
                                  "Plan Rows": 344359,
                                  "Plan Width": 4,
                                  "Actual Startup Time": 0.124,
                                  "Actual Total Time": 65.963,
                                  "Actual Rows": 156918,
                                  "Actual Loops": 6,
                                  "Filter": "((company_id > 317) AND (company_type_id < 2))",
                                  "Rows Removed by Filter": 277937
                                }
                              ]
                            }
                          ]
                        }
                      ]
                    }
                  ]
                }
              ]
            }
          ]
        }
      ]
    },
    "Planning Time": 1.513,
    "Triggers": [],
    "Execution Time": 2084.426
  }
]