{
  "Plan": {
    "Node Type": "Aggregate",
    "Strategy": "Plain",
    "Partial Mode": "Finalize",
    "Parallel Aware": false,
    "Startup Cost": 142048.87,
    "Total Cost": 142048.88,
    "Plan Rows": 1,
    "Plan Width": 8,
    "Actual Startup Time": 841.025,
    "Actual Total Time": 859.897,
    "Actual Rows": 1,
    "Actual Loops": 1,
    "Plans": [
      {
        "Node Type": "Gather",
        "Parent Relationship": "Outer",
        "Parallel Aware": false,
        "Startup Cost": 142048.76,
        "Total Cost": 142048.87,
        "Plan Rows": 1,
        "Plan Width": 8,
        "Actual Startup Time": 840.697,
        "Actual Total Time": 859.888,
        "Actual Rows": 2,
        "Actual Loops": 1,
        "Workers Planned": 1,
        "Workers Launched": 1,
        "Single Copy": false,
        "Plans": [
          {
            "Node Type": "Aggregate",
            "Strategy": "Plain",
            "Partial Mode": "Partial",
            "Parent Relationship": "Outer",
            "Parallel Aware": false,
            "Startup Cost": 141048.76,
            "Total Cost": 141048.77,
            "Plan Rows": 1,
            "Plan Width": 8,
            "Actual Startup Time": 834.497,
            "Actual Total Time": 834.502,
            "Actual Rows": 1,
            "Actual Loops": 2,
            "Plans": [
              {
                "Node Type": "Nested Loop",
                "Parent Relationship": "Outer",
                "Parallel Aware": false,
                "Join Type": "Inner",
                "Startup Cost": 58587.56,
                "Total Cost": 140945.11,
                "Plan Rows": 41460,
                "Plan Width": 0,
                "Actual Startup Time": 152.336,
                "Actual Total Time": 803.441,
                "Actual Rows": 700142,
                "Actual Loops": 2,
                "Inner Unique": false,
                "Join Filter": "(t.id = mc.movie_id)",
                "Rows Removed by Join Filter": 0,
                "Plans": [
                  {
                    "Node Type": "Hash Join",
                    "Parent Relationship": "Outer",
                    "Parallel Aware": true,
                    "Join Type": "Inner",
                    "Startup Cost": 58587.13,
                    "Total Cost": 116637.97,
                    "Plan Rows": 40175,
                    "Plan Width": 8,
                    "Actual Startup Time": 152.269,
                    "Actual Total Time": 473.346,
                    "Actual Rows": 73134,
                    "Actual Loops": 2,
                    "Inner Unique": true,
                    "Hash Cond": "(mk.movie_id = t.id)",
                    "Plans": [
                      {
                        "Node Type": "Seq Scan",
                        "Parent Relationship": "Outer",
                        "Parallel Aware": true,
                        "Relation Name": "movie_keyword",
                        "Alias": "mk",
                        "Startup Cost": 0.0,
                        "Total Cost": 51065.35,
                        "Plan Rows": 2661135,
                        "Plan Width": 4,
                        "Actual Startup Time": 0.011,
                        "Actual Total Time": 158.424,
                        "Actual Rows": 2261965,
                        "Actual Loops": 2
                      },
                      {
                        "Node Type": "Hash",
                        "Parent Relationship": "Inner",
                        "Parallel Aware": true,
                        "Startup Cost": 58306.47,
                        "Total Cost": 58306.47,
                        "Plan Rows": 22453,
                        "Plan Width": 4,
                        "Actual Startup Time": 150.773,
                        "Actual Total Time": 150.775,
                        "Actual Rows": 16126,
                        "Actual Loops": 2,
                        "Hash Buckets": 65536,
                        "Original Hash Buckets": 65536,
                        "Hash Batches": 1,
                        "Original Hash Batches": 1,
                        "Peak Memory Usage": 1792,
                        "Plans": [
                          {
                            "Node Type": "Seq Scan",
                            "Parent Relationship": "Outer",
                            "Parallel Aware": true,
                            "Relation Name": "title",
                            "Alias": "t",
                            "Startup Cost": 0.0,
                            "Total Cost": 58306.47,
                            "Plan Rows": 22453,
                            "Plan Width": 4,
                            "Actual Startup Time": 0.101,
                            "Actual Total Time": 145.286,
                            "Actual Rows": 16126,
                            "Actual Loops": 2,
                            "Filter": "((kind_id < 7) AND (production_year = 2005))",
                            "Rows Removed by Filter": 1248030
                          }
                        ]
                      }
                    ]
                  },
                  {
                    "Node Type": "Index Only Scan",
                    "Parent Relationship": "Inner",
                    "Parallel Aware": false,
                    "Scan Direction": "Forward",
                    "Index Name": "movie_id_movie_companies",
                    "Relation Name": "movie_companies",
                    "Alias": "mc",
                    "Startup Cost": 0.43,
                    "Total Cost": 0.54,
                    "Plan Rows": 5,
                    "Plan Width": 4,
                    "Actual Startup Time": 0.002,
                    "Actual Total Time": 0.004,
                    "Actual Rows": 10,
                    "Actual Loops": 146269,
                    "Index Cond": "(movie_id = mk.movie_id)",
                    "Rows Removed by Index Recheck": 0,
                    "Heap Fetches": 1400284
                  }
                ]
              }
            ]
          }
        ]
      }
    ]
  },
  "Planning Time": 0.99,
  "Triggers": [],
  "Execution Time": 859.985
}