[
    {
        "Bao": {
            "Bao prediction": 927.365,
            "Bao recommended hint": "SET enable_nestloop TO off; "
        }
    },
    {
        "Plan": {
            "Node Type": "Aggregate",
            "Strategy": "Plain",
            "Partial Mode": "Finalize",
            "Parallel Aware": false,
            "Startup Cost": 109972.25,
            "Total Cost": 109972.26,
            "Plan Rows": 1,
            "Plan Width": 8,
            "Actual Startup Time": 300.28,
            "Actual Total Time": 313.316,
            "Actual Rows": 1,
            "Actual Loops": 1,
            "Output": [
                "count(*)"
            ],
            "Plans": [
                {
                    "Node Type": "Gather",
                    "Parent Relationship": "Outer",
                    "Parallel Aware": false,
                    "Startup Cost": 109971.94,
                    "Total Cost": 109972.25,
                    "Plan Rows": 3,
                    "Plan Width": 8,
                    "Actual Startup Time": 299.504,
                    "Actual Total Time": 313.308,
                    "Actual Rows": 4,
                    "Actual Loops": 1,
                    "Output": [
                        "(PARTIAL count(*))"
                    ],
                    "Workers Planned": 3,
                    "Workers Launched": 3,
                    "Single Copy": false,
                    "Plans": [
                        {
                            "Node Type": "Aggregate",
                            "Strategy": "Plain",
                            "Partial Mode": "Partial",
                            "Parent Relationship": "Outer",
                            "Parallel Aware": false,
                            "Startup Cost": 108971.94,
                            "Total Cost": 108971.95,
                            "Plan Rows": 1,
                            "Plan Width": 8,
                            "Actual Startup Time": 291.275,
                            "Actual Total Time": 291.283,
                            "Actual Rows": 1,
                            "Actual Loops": 4,
                            "Output": [
                                "PARTIAL count(*)"
                            ],
                            "Workers": [
                                {
                                    "Worker Number": 0,
                                    "Actual Startup Time": 291.192,
                                    "Actual Total Time": 291.198,
                                    "Actual Rows": 1,
                                    "Actual Loops": 1
                                },
                                {
                                    "Worker Number": 1,
                                    "Actual Startup Time": 287.689,
                                    "Actual Total Time": 287.703,
                                    "Actual Rows": 1,
                                    "Actual Loops": 1
                                },
                                {
                                    "Worker Number": 2,
                                    "Actual Startup Time": 287.691,
                                    "Actual Total Time": 287.697,
                                    "Actual Rows": 1,
                                    "Actual Loops": 1
                                }
                            ],
                            "Plans": [
                                {
                                    "Node Type": "Hash Join",
                                    "Parent Relationship": "Outer",
                                    "Parallel Aware": true,
                                    "Join Type": "Inner",
                                    "Startup Cost": 81613.39,
                                    "Total Cost": 108967.93,
                                    "Plan Rows": 1603,
                                    "Plan Width": 0,
                                    "Actual Startup Time": 207.122,
                                    "Actual Total Time": 291.144,
                                    "Actual Rows": 1147,
                                    "Actual Loops": 4,
                                    "Inner Unique": false,
                                    "Hash Cond": "(mk.movie_id = t.id)",
                                    "Workers": [
                                        {
                                            "Worker Number": 0,
                                            "Actual Startup Time": 207.138,
                                            "Actual Total Time": 291.047,
                                            "Actual Rows": 1144,
                                            "Actual Loops": 1
                                        },
                                        {
                                            "Worker Number": 1,
                                            "Actual Startup Time": 203.604,
                                            "Actual Total Time": 287.571,
                                            "Actual Rows": 772,
                                            "Actual Loops": 1
                                        },
                                        {
                                            "Worker Number": 2,
                                            "Actual Startup Time": 203.349,
                                            "Actual Total Time": 287.578,
                                            "Actual Rows": 1587,
                                            "Actual Loops": 1
                                        }
                                    ],
                                    "Plans": [
                                        {
                                            "Node Type": "Bitmap Heap Scan",
                                            "Parent Relationship": "Outer",
                                            "Parallel Aware": true,
                                            "Relation Name": "movie_keyword",
                                            "Schema": "public",
                                            "Alias": "mk",
                                            "Startup Cost": 11722.84,
                                            "Total Cost": 38404.94,
                                            "Plan Rows": 178248,
                                            "Plan Width": 4,
                                            "Actual Startup Time": 42.793,
                                            "Actual Total Time": 110.908,
                                            "Actual Rows": 138489,
                                            "Actual Loops": 4,
                                            "Output": [
                                                "mk.id",
                                                "mk.movie_id",
                                                "mk.keyword_id"
                                            ],
                                            "Recheck Cond": "(mk.keyword_id < 397)",
                                            "Rows Removed by Index Recheck": 0,
                                            "Exact Heap Blocks": 5717,
                                            "Lossy Heap Blocks": 0,
                                            "Workers": [
                                                {
                                                    "Worker Number": 0,
                                                    "Actual Startup Time": 42.764,
                                                    "Actual Total Time": 110.66,
                                                    "Actual Rows": 128356,
                                                    "Actual Loops": 1
                                                },
                                                {
                                                    "Worker Number": 1,
                                                    "Actual Startup Time": 42.86,
                                                    "Actual Total Time": 111.388,
                                                    "Actual Rows": 120680,
                                                    "Actual Loops": 1
                                                },
                                                {
                                                    "Worker Number": 2,
                                                    "Actual Startup Time": 42.667,
                                                    "Actual Total Time": 111.766,
                                                    "Actual Rows": 174788,
                                                    "Actual Loops": 1
                                                }
                                            ],
                                            "Plans": [
                                                {
                                                    "Node Type": "Bitmap Index Scan",
                                                    "Parent Relationship": "Outer",
                                                    "Parallel Aware": false,
                                                    "Index Name": "keyword_id_movie_keyword",
                                                    "Startup Cost": 0.0,
                                                    "Total Cost": 11584.7,
                                                    "Plan Rows": 552569,
                                                    "Plan Width": 0,
                                                    "Actual Startup Time": 39.133,
                                                    "Actual Total Time": 39.134,
                                                    "Actual Rows": 553955,
                                                    "Actual Loops": 1,
                                                    "Index Cond": "(mk.keyword_id < 397)",
                                                    "Workers": [
                                                        {
                                                            "Worker Number": 2,
                                                            "Actual Startup Time": 39.133,
                                                            "Actual Total Time": 39.134,
                                                            "Actual Rows": 553955,
                                                            "Actual Loops": 1
                                                        }
                                                    ]
                                                }
                                            ]
                                        },
                                        {
                                            "Node Type": "Hash",
                                            "Parent Relationship": "Inner",
                                            "Parallel Aware": true,
                                            "Startup Cost": 69819.51,
                                            "Total Cost": 69819.51,
                                            "Plan Rows": 5683,
                                            "Plan Width": 8,
                                            "Actual Startup Time": 163.261,
                                            "Actual Total Time": 163.265,
                                            "Actual Rows": 1398,
                                            "Actual Loops": 4,
                                            "Output": [
                                                "t.id",
                                                "mc.movie_id"
                                            ],
                                            "Hash Buckets": 32768,
                                            "Original Hash Buckets": 32768,
                                            "Hash Batches": 1,
                                            "Original Hash Batches": 1,
                                            "Peak Memory Usage": 512,
                                            "Workers": [
                                                {
                                                    "Worker Number": 0,
                                                    "Actual Startup Time": 163.915,
                                                    "Actual Total Time": 163.919,
                                                    "Actual Rows": 1252,
                                                    "Actual Loops": 1
                                                },
                                                {
                                                    "Worker Number": 1,
                                                    "Actual Startup Time": 160.296,
                                                    "Actual Total Time": 160.3,
                                                    "Actual Rows": 1369,
                                                    "Actual Loops": 1
                                                },
                                                {
                                                    "Worker Number": 2,
                                                    "Actual Startup Time": 160.3,
                                                    "Actual Total Time": 160.305,
                                                    "Actual Rows": 1359,
                                                    "Actual Loops": 1
                                                }
                                            ],
                                            "Plans": [
                                                {
                                                    "Node Type": "Hash Join",
                                                    "Parent Relationship": "Outer",
                                                    "Parallel Aware": true,
                                                    "Join Type": "Inner",
                                                    "Startup Cost": 23464.22,
                                                    "Total Cost": 69819.51,
                                                    "Plan Rows": 5683,
                                                    "Plan Width": 8,
                                                    "Actual Startup Time": 63.765,
                                                    "Actual Total Time": 162.474,
                                                    "Actual Rows": 1398,
                                                    "Actual Loops": 4,
                                                    "Output": [
                                                        "t.id",
                                                        "mc.movie_id"
                                                    ],
                                                    "Inner Unique": false,
                                                    "Hash Cond": "(t.id = mc.movie_id)",
                                                    "Workers": [
                                                        {
                                                            "Worker Number": 0,
                                                            "Actual Startup Time": 64.387,
                                                            "Actual Total Time": 163.125,
                                                            "Actual Rows": 1252,
                                                            "Actual Loops": 1
                                                        },
                                                        {
                                                            "Worker Number": 1,
                                                            "Actual Startup Time": 60.822,
                                                            "Actual Total Time": 159.466,
                                                            "Actual Rows": 1369,
                                                            "Actual Loops": 1
                                                        },
                                                        {
                                                            "Worker Number": 2,
                                                            "Actual Startup Time": 60.784,
                                                            "Actual Total Time": 159.469,
                                                            "Actual Rows": 1359,
                                                            "Actual Loops": 1
                                                        }
                                                    ],
                                                    "Plans": [
                                                        {
                                                            "Node Type": "Seq Scan",
                                                            "Parent Relationship": "Outer",
                                                            "Parallel Aware": true,
                                                            "Relation Name": "title",
                                                            "Schema": "public",
                                                            "Alias": "t",
                                                            "Startup Cost": 0.0,
                                                            "Total Cost": 45479.21,
                                                            "Plan Rows": 171550,
                                                            "Plan Width": 4,
                                                            "Actual Startup Time": 0.01,
                                                            "Actual Total Time": 80.483,
                                                            "Actual Rows": 146440,
                                                            "Actual Loops": 4,
                                                            "Output": [
                                                                "t.id",
                                                                "t.title",
                                                                "t.imdb_index",
                                                                "t.kind_id",
                                                                "t.production_year",
                                                                "t.imdb_id",
                                                                "t.phonetic_code",
                                                                "t.episode_of_id",
                                                                "t.season_nr",
                                                                "t.episode_nr",
                                                                "t.series_years",
                                                                "t.md5sum"
                                                            ],
                                                            "Filter": "((t.kind_id < 7) AND (t.production_year > 1990))",
                                                            "Rows Removed by Filter": 485638,
                                                            "Workers": [
                                                                {
                                                                    "Worker Number": 0,
                                                                    "Actual Startup Time": 0.01,
                                                                    "Actual Total Time": 80.604,
                                                                    "Actual Rows": 128056,
                                                                    "Actual Loops": 1
                                                                },
                                                                {
                                                                    "Worker Number": 1,
                                                                    "Actual Startup Time": 0.008,
                                                                    "Actual Total Time": 81.176,
                                                                    "Actual Rows": 149724,
                                                                    "Actual Loops": 1
                                                                },
                                                                {
                                                                    "Worker Number": 2,
                                                                    "Actual Startup Time": 0.012,
                                                                    "Actual Total Time": 81.089,
                                                                    "Actual Rows": 148447,
                                                                    "Actual Loops": 1
                                                                }
                                                            ]
                                                        },
                                                        {
                                                            "Node Type": "Hash",
                                                            "Parent Relationship": "Inner",
                                                            "Parallel Aware": true,
                                                            "Startup Cost": 23126.48,
                                                            "Total Cost": 23126.48,
                                                            "Plan Rows": 27019,
                                                            "Plan Width": 4,
                                                            "Actual Startup Time": 63.123,
                                                            "Actual Total Time": 63.124,
                                                            "Actual Rows": 9539,
                                                            "Actual Loops": 4,
                                                            "Output": [
                                                                "mc.movie_id"
                                                            ],
                                                            "Hash Buckets": 131072,
                                                            "Original Hash Buckets": 131072,
                                                            "Hash Batches": 1,
                                                            "Original Hash Batches": 1,
                                                            "Peak Memory Usage": 2592,
                                                            "Workers": [
                                                                {
                                                                    "Worker Number": 0,
                                                                    "Actual Startup Time": 64.304,
                                                                    "Actual Total Time": 64.306,
                                                                    "Actual Rows": 8010,
                                                                    "Actual Loops": 1
                                                                },
                                                                {
                                                                    "Worker Number": 1,
                                                                    "Actual Startup Time": 60.669,
                                                                    "Actual Total Time": 60.67,
                                                                    "Actual Rows": 7453,
                                                                    "Actual Loops": 1
                                                                },
                                                                {
                                                                    "Worker Number": 2,
                                                                    "Actual Startup Time": 60.663,
                                                                    "Actual Total Time": 60.665,
                                                                    "Actual Rows": 7696,
                                                                    "Actual Loops": 1
                                                                }
                                                            ],
                                                            "Plans": [
                                                                {
                                                                    "Node Type": "Bitmap Heap Scan",
                                                                    "Parent Relationship": "Outer",
                                                                    "Parallel Aware": true,
                                                                    "Relation Name": "movie_companies",
                                                                    "Schema": "public",
                                                                    "Alias": "mc",
                                                                    "Startup Cost": 3541.54,
                                                                    "Total Cost": 23126.48,
                                                                    "Plan Rows": 27019,
                                                                    "Plan Width": 4,
                                                                    "Actual Startup Time": 49.011,
                                                                    "Actual Total Time": 59.645,
                                                                    "Actual Rows": 9539,
                                                                    "Actual Loops": 4,
                                                                    "Output": [
                                                                        "mc.movie_id"
                                                                    ],
                                                                    "Recheck Cond": "(mc.company_id < 34)",
                                                                    "Rows Removed by Index Recheck": 0,
                                                                    "Filter": "(mc.company_type_id > 1)",
                                                                    "Rows Removed by Filter": 32388,
                                                                    "Exact Heap Blocks": 7760,
                                                                    "Lossy Heap Blocks": 0,
                                                                    "Workers": [
                                                                        {
                                                                            "Worker Number": 0,
                                                                            "Actual Startup Time": 50.216,
                                                                            "Actual Total Time": 60.839,
                                                                            "Actual Rows": 8010,
                                                                            "Actual Loops": 1
                                                                        },
                                                                        {
                                                                            "Worker Number": 1,
                                                                            "Actual Startup Time": 46.539,
                                                                            "Actual Total Time": 57.331,
                                                                            "Actual Rows": 7453,
                                                                            "Actual Loops": 1
                                                                        },
                                                                        {
                                                                            "Worker Number": 2,
                                                                            "Actual Startup Time": 46.549,
                                                                            "Actual Total Time": 57.135,
                                                                            "Actual Rows": 7696,
                                                                            "Actual Loops": 1
                                                                        }
                                                                    ],
                                                                    "Plans": [
                                                                        {
                                                                            "Node Type": "Bitmap Index Scan",
                                                                            "Parent Relationship": "Outer",
                                                                            "Parallel Aware": false,
                                                                            "Index Name": "company_id_movie_companies",
                                                                            "Startup Cost": 0.0,
                                                                            "Total Cost": 3520.6,
                                                                            "Plan Rows": 164289,
                                                                            "Plan Width": 0,
                                                                            "Actual Startup Time": 22.882,
                                                                            "Actual Total Time": 22.882,
                                                                            "Actual Rows": 167708,
                                                                            "Actual Loops": 1,
                                                                            "Index Cond": "(mc.company_id < 34)"
                                                                        }
                                                                    ]
                                                                }
                                                            ]
                                                        }
                                                    ]
                                                }
                                            ]
                                        }
                                    ]
                                }
                            ]
                        }
                    ]
                }
            ]
        },
        "Planning Time": 712.22,
        "Triggers": [],
        "Execution Time": 313.54
    }
]