[
    {
        "Bao": {
            "Bao prediction": "NaN",
            "Bao recommended hint": "(no hint)"
        }
    },
    {
        "Plan": {
            "Node Type": "Aggregate",
            "Strategy": "Plain",
            "Partial Mode": "Finalize",
            "Parallel Aware": false,
            "Startup Cost": 338656.54,
            "Total Cost": 338656.55,
            "Plan Rows": 1,
            "Plan Width": 8,
            "Actual Startup Time": 925.901,
            "Actual Total Time": 957.313,
            "Actual Rows": 1,
            "Actual Loops": 1,
            "Output": [
                "count(*)"
            ],
            "Plans": [
                {
                    "Node Type": "Gather",
                    "Parent Relationship": "Outer",
                    "Parallel Aware": false,
                    "Startup Cost": 338655.92,
                    "Total Cost": 338656.53,
                    "Plan Rows": 6,
                    "Plan Width": 8,
                    "Actual Startup Time": 925.802,
                    "Actual Total Time": 957.303,
                    "Actual Rows": 7,
                    "Actual Loops": 1,
                    "Output": [
                        "(PARTIAL count(*))"
                    ],
                    "Workers Planned": 6,
                    "Workers Launched": 6,
                    "Single Copy": false,
                    "Plans": [
                        {
                            "Node Type": "Aggregate",
                            "Strategy": "Plain",
                            "Partial Mode": "Partial",
                            "Parent Relationship": "Outer",
                            "Parallel Aware": false,
                            "Startup Cost": 337655.92,
                            "Total Cost": 337655.93,
                            "Plan Rows": 1,
                            "Plan Width": 8,
                            "Actual Startup Time": 915.874,
                            "Actual Total Time": 915.875,
                            "Actual Rows": 1,
                            "Actual Loops": 7,
                            "Output": [
                                "PARTIAL count(*)"
                            ],
                            "Workers": [
                                {
                                    "Worker Number": 0,
                                    "Actual Startup Time": 913.746,
                                    "Actual Total Time": 913.748,
                                    "Actual Rows": 1,
                                    "Actual Loops": 1
                                },
                                {
                                    "Worker Number": 1,
                                    "Actual Startup Time": 913.998,
                                    "Actual Total Time": 914.0,
                                    "Actual Rows": 1,
                                    "Actual Loops": 1
                                },
                                {
                                    "Worker Number": 2,
                                    "Actual Startup Time": 914.367,
                                    "Actual Total Time": 914.369,
                                    "Actual Rows": 1,
                                    "Actual Loops": 1
                                },
                                {
                                    "Worker Number": 3,
                                    "Actual Startup Time": 914.334,
                                    "Actual Total Time": 914.335,
                                    "Actual Rows": 1,
                                    "Actual Loops": 1
                                },
                                {
                                    "Worker Number": 4,
                                    "Actual Startup Time": 914.571,
                                    "Actual Total Time": 914.572,
                                    "Actual Rows": 1,
                                    "Actual Loops": 1
                                },
                                {
                                    "Worker Number": 5,
                                    "Actual Startup Time": 914.829,
                                    "Actual Total Time": 914.83,
                                    "Actual Rows": 1,
                                    "Actual Loops": 1
                                }
                            ],
                            "Plans": [
                                {
                                    "Node Type": "Seq Scan",
                                    "Parent Relationship": "Outer",
                                    "Parallel Aware": true,
                                    "Relation Name": "cast_info",
                                    "Schema": "public",
                                    "Alias": "ci",
                                    "Startup Cost": 0.0,
                                    "Total Cost": 328213.62,
                                    "Plan Rows": 3776920,
                                    "Plan Width": 0,
                                    "Actual Startup Time": 170.273,
                                    "Actual Total Time": 719.569,
                                    "Actual Rows": 3237532,
                                    "Actual Loops": 7,
                                    "Output": [
                                        "id",
                                        "person_id",
                                        "movie_id",
                                        "person_role_id",
                                        "note",
                                        "nr_order",
                                        "role_id"
                                    ],
                                    "Filter": "(ci.person_id > 1337830)",
                                    "Rows Removed by Filter": 1940231,
                                    "Workers": [
                                        {
                                            "Worker Number": 0,
                                            "Actual Startup Time": 168.152,
                                            "Actual Total Time": 722.162,
                                            "Actual Rows": 2907997,
                                            "Actual Loops": 1
                                        },
                                        {
                                            "Worker Number": 1,
                                            "Actual Startup Time": 168.403,
                                            "Actual Total Time": 722.487,
                                            "Actual Rows": 2899839,
                                            "Actual Loops": 1
                                        },
                                        {
                                            "Worker Number": 2,
                                            "Actual Startup Time": 168.772,
                                            "Actual Total Time": 722.462,
                                            "Actual Rows": 2905205,
                                            "Actual Loops": 1
                                        },
                                        {
                                            "Worker Number": 3,
                                            "Actual Startup Time": 168.708,
                                            "Actual Total Time": 723.52,
                                            "Actual Rows": 2858159,
                                            "Actual Loops": 1
                                        },
                                        {
                                            "Worker Number": 4,
                                            "Actual Startup Time": 168.979,
                                            "Actual Total Time": 722.576,
                                            "Actual Rows": 2907053,
                                            "Actual Loops": 1
                                        },
                                        {
                                            "Worker Number": 5,
                                            "Actual Startup Time": 169.23,
                                            "Actual Total Time": 729.322,
                                            "Actual Rows": 4530259,
                                            "Actual Loops": 1
                                        }
                                    ]
                                }
                            ]
                        }
                    ]
                }
            ]
        },
        "Planning Time": 288.386,
        "Triggers": [],
        "Execution Time": 957.383
    }
]