[
  {
    "Plan": {
      "Node Type": "Aggregate",
      "Strategy": "Plain",
      "Partial Mode": "Finalize",
      "Parallel Aware": false,
      "Startup Cost": 32655.84,
      "Total Cost": 32655.85,
      "Plan Rows": 1,
      "Plan Width": 8,
      "Actual Startup Time": 78.048,
      "Actual Total Time": 84.317,
      "Actual Rows": 1,
      "Actual Loops": 1,
      "Plans": [
        {
          "Node Type": "Gather",
          "Parent Relationship": "Outer",
          "Parallel Aware": false,
          "Startup Cost": 32655.52,
          "Total Cost": 32655.83,
          "Plan Rows": 3,
          "Plan Width": 8,
          "Actual Startup Time": 77.907,
          "Actual Total Time": 84.309,
          "Actual Rows": 4,
          "Actual Loops": 1,
          "Workers Planned": 3,
          "Workers Launched": 3,
          "Single Copy": false,
          "Plans": [
            {
              "Node Type": "Aggregate",
              "Strategy": "Plain",
              "Partial Mode": "Partial",
              "Parent Relationship": "Outer",
              "Parallel Aware": false,
              "Startup Cost": 31655.52,
              "Total Cost": 31655.53,
              "Plan Rows": 1,
              "Plan Width": 8,
              "Actual Startup Time": 71.445,
              "Actual Total Time": 71.447,
              "Actual Rows": 1,
              "Actual Loops": 4,
              "Plans": [
                {
                  "Node Type": "Seq Scan",
                  "Parent Relationship": "Outer",
                  "Parallel Aware": true,
                  "Relation Name": "movie_companies",
                  "Alias": "mc",
                  "Startup Cost": 0.0,
                  "Total Cost": 31414.82,
                  "Plan Rows": 96281,
                  "Plan Width": 0,
                  "Actual Startup Time": 42.262,
                  "Actual Total Time": 71.373,
                  "Actual Rows": 1295,
                  "Actual Loops": 4,
                  "Filter": "((company_id > 66173) AND (company_type_id < 2))",
                  "Rows Removed by Filter": 650987
                }
              ]
            }
          ]
        }
      ]
    },
    "Planning Time": 0.23,
    "Triggers": [],
    "Execution Time": 84.374
  }
]