{
  "Plan": {
    "Node Type": "Aggregate",
    "Strategy": "Plain",
    "Partial Mode": "Simple",
    "Parallel Aware": false,
    "Startup Cost": 93945.14,
    "Total Cost": 93945.15,
    "Plan Rows": 1,
    "Plan Width": 8,
    "Actual Startup Time": 883.087,
    "Actual Total Time": 883.089,
    "Actual Rows": 1,
    "Actual Loops": 1,
    "Plans": [
      {
        "Node Type": "Hash Join",
        "Parent Relationship": "Outer",
        "Parallel Aware": false,
        "Join Type": "Inner",
        "Startup Cost": 92885.16,
        "Total Cost": 93944.71,
        "Plan Rows": 171,
        "Plan Width": 0,
        "Actual Startup Time": 882.865,
        "Actual Total Time": 883.072,
        "Actual Rows": 246,
        "Actual Loops": 1,
        "Inner Unique": true,
        "Hash Cond": "(ci.movie_id = t.id)",
        "Plans": [
          {
            "Node Type": "Index Scan",
            "Parent Relationship": "Outer",
            "Parallel Aware": false,
            "Scan Direction": "Forward",
            "Index Name": "person_id_cast_info",
            "Relation Name": "cast_info",
            "Alias": "ci",
            "Startup Cost": 0.56,
            "Total Cost": 1059.67,
            "Plan Rows": 171,
            "Plan Width": 4,
            "Actual Startup Time": 0.171,
            "Actual Total Time": 0.218,
            "Actual Rows": 246,
            "Actual Loops": 1,
            "Index Cond": "(person_id = 553319)",
            "Rows Removed by Index Recheck": 0,
            "Filter": "(role_id < 2)",
            "Rows Removed by Filter": 0
          },
          {
            "Node Type": "Hash",
            "Parent Relationship": "Inner",
            "Parallel Aware": false,
            "Startup Cost": 61280.93,
            "Total Cost": 61280.93,
            "Plan Rows": 2528293,
            "Plan Width": 4,
            "Actual Startup Time": 844.743,
            "Actual Total Time": 844.744,
            "Actual Rows": 2528312,
            "Actual Loops": 1,
            "Hash Buckets": 4194304,
            "Original Hash Buckets": 4194304,
            "Hash Batches": 1,
            "Original Hash Batches": 1,
            "Peak Memory Usage": 121654,
            "Plans": [
              {
                "Node Type": "Seq Scan",
                "Parent Relationship": "Outer",
                "Parallel Aware": false,
                "Relation Name": "title",
                "Alias": "t",
                "Startup Cost": 0.0,
                "Total Cost": 61280.93,
                "Plan Rows": 2528293,
                "Plan Width": 4,
                "Actual Startup Time": 0.02,
                "Actual Total Time": 261.193,
                "Actual Rows": 2528312,
                "Actual Loops": 1
              }
            ]
          }
        ]
      }
    ]
  },
  "Planning Time": 0.817,
  "Triggers": [],
  "Execution Time": 893.167
}