[
  {
    "Plan": {
      "Node Type": "Aggregate",
      "Strategy": "Plain",
      "Partial Mode": "Finalize",
      "Parallel Aware": false,
      "Startup Cost": 331394.73,
      "Total Cost": 331394.74,
      "Plan Rows": 1,
      "Plan Width": 8,
      "Actual Startup Time": 602.029,
      "Actual Total Time": 661.549,
      "Actual Rows": 1,
      "Actual Loops": 1,
      "Plans": [
        {
          "Node Type": "Gather",
          "Parent Relationship": "Outer",
          "Parallel Aware": false,
          "Startup Cost": 331394.11,
          "Total Cost": 331394.72,
          "Plan Rows": 6,
          "Plan Width": 8,
          "Actual Startup Time": 601.904,
          "Actual Total Time": 661.538,
          "Actual Rows": 7,
          "Actual Loops": 1,
          "Workers Planned": 6,
          "Workers Launched": 6,
          "Single Copy": false,
          "Plans": [
            {
              "Node Type": "Aggregate",
              "Strategy": "Plain",
              "Partial Mode": "Partial",
              "Parent Relationship": "Outer",
              "Parallel Aware": false,
              "Startup Cost": 330394.11,
              "Total Cost": 330394.12,
              "Plan Rows": 1,
              "Plan Width": 8,
              "Actual Startup Time": 591.566,
              "Actual Total Time": 591.567,
              "Actual Rows": 1,
              "Actual Loops": 7,
              "Plans": [
                {
                  "Node Type": "Seq Scan",
                  "Parent Relationship": "Outer",
                  "Parallel Aware": true,
                  "Relation Name": "cast_info",
                  "Alias": "ci",
                  "Startup Cost": 0.0,
                  "Total Cost": 328162.03,
                  "Plan Rows": 892833,
                  "Plan Width": 0,
                  "Actual Startup Time": 0.052,
                  "Actual Total Time": 552.833,
                  "Actual Rows": 788749,
                  "Actual Loops": 7,
                  "Filter": "(person_id < 532940)",
                  "Rows Removed by Filter": 4389014
                }
              ]
            }
          ]
        }
      ]
    },
    "Planning Time": 0.173,
    "Triggers": [],
    "Execution Time": 661.621
  }
]