[
  {
    "Plan": {
      "Node Type": "Aggregate",
      "Strategy": "Plain",
      "Partial Mode": "Finalize",
      "Parallel Aware": false,
      "Startup Cost": 466654.98,
      "Total Cost": 466654.99,
      "Plan Rows": 1,
      "Plan Width": 8,
      "Actual Startup Time": 2438.88,
      "Actual Total Time": 2501.501,
      "Actual Rows": 1,
      "Actual Loops": 1,
      "Plans": [
        {
          "Node Type": "Gather",
          "Parent Relationship": "Outer",
          "Parallel Aware": false,
          "Startup Cost": 466654.35,
          "Total Cost": 466654.96,
          "Plan Rows": 6,
          "Plan Width": 8,
          "Actual Startup Time": 2424.95,
          "Actual Total Time": 2501.456,
          "Actual Rows": 7,
          "Actual Loops": 1,
          "Workers Planned": 6,
          "Workers Launched": 6,
          "Single Copy": false,
          "Plans": [
            {
              "Node Type": "Aggregate",
              "Strategy": "Plain",
              "Partial Mode": "Partial",
              "Parent Relationship": "Outer",
              "Parallel Aware": false,
              "Startup Cost": 465654.35,
              "Total Cost": 465654.36,
              "Plan Rows": 1,
              "Plan Width": 8,
              "Actual Startup Time": 2413.367,
              "Actual Total Time": 2413.79,
              "Actual Rows": 1,
              "Actual Loops": 7,
              "Plans": [
                {
                  "Node Type": "Hash Join",
                  "Parent Relationship": "Outer",
                  "Parallel Aware": true,
                  "Join Type": "Inner",
                  "Startup Cost": 103349.29,
                  "Total Cost": 454065.93,
                  "Plan Rows": 4635370,
                  "Plan Width": 0,
                  "Actual Startup Time": 418.392,
                  "Actual Total Time": 2269.885,
                  "Actual Rows": 2526695,
                  "Actual Loops": 7,
                  "Inner Unique": false,
                  "Hash Cond": "(ci.movie_id = t.id)",
                  "Plans": [
                    {
                      "Node Type": "Seq Scan",
                      "Parent Relationship": "Outer",
                      "Parallel Aware": true,
                      "Relation Name": "cast_info",
                      "Alias": "ci",
                      "Startup Cost": 0.0,
                      "Total Cost": 313106.51,
                      "Plan Rows": 6041951,
                      "Plan Width": 4,
                      "Actual Startup Time": 0.055,
                      "Actual Total Time": 649.164,
                      "Actual Rows": 5177763,
                      "Actual Loops": 7
                    },
                    {
                      "Node Type": "Hash",
                      "Parent Relationship": "Inner",
                      "Parallel Aware": true,
                      "Startup Cost": 95527.51,
                      "Total Cost": 95527.51,
                      "Plan Rows": 625742,
                      "Plan Width": 8,
                      "Actual Startup Time": 414.261,
                      "Actual Total Time": 414.682,
                      "Actual Rows": 72587,
                      "Actual Loops": 7,
                      "Hash Buckets": 2097152,
                      "Original Hash Buckets": 2097152,
                      "Hash Batches": 1,
                      "Original Hash Batches": 1,
                      "Peak Memory Usage": 36352,
                      "Plans": [
                        {
                          "Node Type": "Hash Join",
                          "Parent Relationship": "Outer",
                          "Parallel Aware": true,
                          "Join Type": "Inner",
                          "Startup Cost": 49887.49,
                          "Total Cost": 95527.51,
                          "Plan Rows": 625742,
                          "Plan Width": 8,
                          "Actual Startup Time": 221.109,
                          "Actual Total Time": 379.816,
                          "Actual Rows": 72587,
                          "Actual Loops": 7,
                          "Inner Unique": true,
                          "Hash Cond": "(mk.movie_id = t.id)",
                          "Plans": [
                            {
                              "Node Type": "Seq Scan",
                              "Parent Relationship": "Outer",
                              "Parallel Aware": true,
                              "Relation Name": "movie_keyword",
                              "Alias": "mk",
                              "Startup Cost": 0.0,
                              "Total Cost": 42695.65,
                              "Plan Rows": 1121666,
                              "Plan Width": 4,
                              "Actual Startup Time": 0.074,
                              "Actual Total Time": 88.412,
                              "Actual Rows": 496270,
                              "Actual Loops": 7,
                              "Filter": "(keyword_id > 1045)",
                              "Rows Removed by Filter": 150005
                            },
                            {
                              "Node Type": "Hash",
                              "Parent Relationship": "Inner",
                              "Parallel Aware": true,
                              "Startup Cost": 45479.59,
                              "Total Cost": 45479.59,
                              "Plan Rows": 352632,
                              "Plan Width": 4,
                              "Actual Startup Time": 217.967,
                              "Actual Total Time": 217.969,
                              "Actual Rows": 211198,
                              "Actual Loops": 7,
                              "Hash Buckets": 2097152,
                              "Original Hash Buckets": 2097152,
                              "Hash Batches": 1,
                              "Original Hash Batches": 1,
                              "Peak Memory Usage": 74336,
                              "Plans": [
                                {
                                  "Node Type": "Seq Scan",
                                  "Parent Relationship": "Outer",
                                  "Parallel Aware": true,
                                  "Relation Name": "title",
                                  "Alias": "t",
                                  "Startup Cost": 0.0,
                                  "Total Cost": 45479.59,
                                  "Plan Rows": 352632,
                                  "Plan Width": 4,
                                  "Actual Startup Time": 0.069,
                                  "Actual Total Time": 94.675,
                                  "Actual Rows": 211198,
                                  "Actual Loops": 7,
                                  "Filter": "((production_year > 1945) AND (kind_id = 7))",
                                  "Rows Removed by Filter": 149990
                                }
                              ]
                            }
                          ]
                        }
                      ]
                    }
                  ]
                }
              ]
            }
          ]
        }
      ]
    },
    "Planning Time": 0.637,
    "Triggers": [],
    "Execution Time": 2501.572
  }
]