[
  {
    "Plan": {
      "Node Type": "Aggregate",
      "Strategy": "Plain",
      "Partial Mode": "Finalize",
      "Parallel Aware": false,
      "Startup Cost": 97807.65,
      "Total Cost": 97807.66,
      "Plan Rows": 1,
      "Plan Width": 8,
      "Actual Startup Time": 255.609,
      "Actual Total Time": 275.46,
      "Actual Rows": 1,
      "Actual Loops": 1,
      "Plans": [
        {
          "Node Type": "Gather",
          "Parent Relationship": "Outer",
          "Parallel Aware": false,
          "Startup Cost": 97807.23,
          "Total Cost": 97807.64,
          "Plan Rows": 4,
          "Plan Width": 8,
          "Actual Startup Time": 254.924,
          "Actual Total Time": 275.452,
          "Actual Rows": 5,
          "Actual Loops": 1,
          "Workers Planned": 4,
          "Workers Launched": 4,
          "Single Copy": false,
          "Plans": [
            {
              "Node Type": "Aggregate",
              "Strategy": "Plain",
              "Partial Mode": "Partial",
              "Parent Relationship": "Outer",
              "Parallel Aware": false,
              "Startup Cost": 96807.23,
              "Total Cost": 96807.24,
              "Plan Rows": 1,
              "Plan Width": 8,
              "Actual Startup Time": 244.349,
              "Actual Total Time": 244.353,
              "Actual Rows": 1,
              "Actual Loops": 5,
              "Plans": [
                {
                  "Node Type": "Nested Loop",
                  "Parent Relationship": "Outer",
                  "Parallel Aware": false,
                  "Join Type": "Inner",
                  "Startup Cost": 21726.38,
                  "Total Cost": 96734.4,
                  "Plan Rows": 29132,
                  "Plan Width": 0,
                  "Actual Startup Time": 132.652,
                  "Actual Total Time": 239.537,
                  "Actual Rows": 115046,
                  "Actual Loops": 5,
                  "Inner Unique": false,
                  "Plans": [
                    {
                      "Node Type": "Hash Join",
                      "Parent Relationship": "Outer",
                      "Parallel Aware": true,
                      "Join Type": "Inner",
                      "Startup Cost": 21725.95,
                      "Total Cost": 67764.52,
                      "Plan Rows": 16281,
                      "Plan Width": 8,
                      "Actual Startup Time": 128.405,
                      "Actual Total Time": 166.833,
                      "Actual Rows": 11779,
                      "Actual Loops": 5,
                      "Inner Unique": false,
                      "Hash Cond": "(t.id = mc.movie_id)",
                      "Plans": [
                        {
                          "Node Type": "Seq Scan",
                          "Parent Relationship": "Outer",
                          "Parallel Aware": true,
                          "Relation Name": "title",
                          "Alias": "t",
                          "Startup Cost": 0.0,
                          "Total Cost": 43898.92,
                          "Plan Rows": 417426,
                          "Plan Width": 4,
                          "Actual Startup Time": 0.023,
                          "Actual Total Time": 81.014,
                          "Actual Rows": 334258,
                          "Actual Loops": 5,
                          "Filter": "(production_year < 2008)",
                          "Rows Removed by Filter": 171404
                        },
                        {
                          "Node Type": "Hash",
                          "Parent Relationship": "Inner",
                          "Parallel Aware": true,
                          "Startup Cost": 21328.31,
                          "Total Cost": 21328.31,
                          "Plan Rows": 31811,
                          "Plan Width": 4,
                          "Actual Startup Time": 36.542,
                          "Actual Total Time": 36.543,
                          "Actual Rows": 18672,
                          "Actual Loops": 5,
                          "Hash Buckets": 131072,
                          "Original Hash Buckets": 131072,
                          "Hash Batches": 1,
                          "Original Hash Batches": 1,
                          "Peak Memory Usage": 4768,
                          "Plans": [
                            {
                              "Node Type": "Bitmap Heap Scan",
                              "Parent Relationship": "Outer",
                              "Parallel Aware": true,
                              "Relation Name": "movie_companies",
                              "Alias": "mc",
                              "Startup Cost": 2140.68,
                              "Total Cost": 21328.31,
                              "Plan Rows": 31811,
                              "Plan Width": 4,
                              "Actual Startup Time": 7.326,
                              "Actual Total Time": 25.536,
                              "Actual Rows": 18672,
                              "Actual Loops": 5,
                              "Recheck Cond": "(company_id > 161604)",
                              "Rows Removed by Index Recheck": 0,
                              "Exact Heap Blocks": 1310,
                              "Lossy Heap Blocks": 0,
                              "Plans": [
                                {
                                  "Node Type": "Bitmap Index Scan",
                                  "Parent Relationship": "Outer",
                                  "Parallel Aware": false,
                                  "Index Name": "company_id_movie_companies",
                                  "Startup Cost": 0.0,
                                  "Total Cost": 2116.03,
                                  "Plan Rows": 98613,
                                  "Plan Width": 0,
                                  "Actual Startup Time": 11.1,
                                  "Actual Total Time": 11.101,
                                  "Actual Rows": 93362,
                                  "Actual Loops": 1,
                                  "Index Cond": "(company_id > 161604)"
                                }
                              ]
                            }
                          ]
                        }
                      ]
                    },
                    {
                      "Node Type": "Index Only Scan",
                      "Parent Relationship": "Inner",
                      "Parallel Aware": false,
                      "Scan Direction": "Forward",
                      "Index Name": "movie_id_movie_keyword",
                      "Relation Name": "movie_keyword",
                      "Alias": "mk",
                      "Startup Cost": 0.43,
                      "Total Cost": 1.33,
                      "Plan Rows": 45,
                      "Plan Width": 4,
                      "Actual Startup Time": 0.004,
                      "Actual Total Time": 0.005,
                      "Actual Rows": 10,
                      "Actual Loops": 58895,
                      "Index Cond": "(movie_id = t.id)",
                      "Rows Removed by Index Recheck": 0,
                      "Heap Fetches": 575232
                    }
                  ]
                }
              ]
            }
          ]
        }
      ]
    },
    "Planning Time": 1.415,
    "Triggers": [],
    "Execution Time": 275.571
  }
]