[
  {
    "Plan": {
      "Node Type": "Aggregate",
      "Strategy": "Plain",
      "Partial Mode": "Finalize",
      "Parallel Aware": false,
      "Startup Cost": 45782.7,
      "Total Cost": 45782.71,
      "Plan Rows": 1,
      "Plan Width": 8,
      "Actual Startup Time": 150.054,
      "Actual Total Time": 159.568,
      "Actual Rows": 1,
      "Actual Loops": 1,
      "Plans": [
        {
          "Node Type": "Gather",
          "Parent Relationship": "Outer",
          "Parallel Aware": false,
          "Startup Cost": 45782.38,
          "Total Cost": 45782.69,
          "Plan Rows": 3,
          "Plan Width": 8,
          "Actual Startup Time": 149.952,
          "Actual Total Time": 159.56,
          "Actual Rows": 4,
          "Actual Loops": 1,
          "Workers Planned": 3,
          "Workers Launched": 3,
          "Single Copy": false,
          "Plans": [
            {
              "Node Type": "Aggregate",
              "Strategy": "Plain",
              "Partial Mode": "Partial",
              "Parent Relationship": "Outer",
              "Parallel Aware": false,
              "Startup Cost": 44782.38,
              "Total Cost": 44782.39,
              "Plan Rows": 1,
              "Plan Width": 8,
              "Actual Startup Time": 141.506,
              "Actual Total Time": 141.507,
              "Actual Rows": 1,
              "Actual Loops": 4,
              "Plans": [
                {
                  "Node Type": "Seq Scan",
                  "Parent Relationship": "Outer",
                  "Parallel Aware": true,
                  "Relation Name": "movie_keyword",
                  "Alias": "mk",
                  "Startup Cost": 0.0,
                  "Total Cost": 42695.65,
                  "Plan Rows": 834690,
                  "Plan Width": 0,
                  "Actual Startup Time": 0.057,
                  "Actual Total Time": 111.787,
                  "Actual Rows": 650296,
                  "Actual Loops": 4,
                  "Filter": "(keyword_id < 6984)",
                  "Rows Removed by Filter": 480686
                }
              ]
            }
          ]
        }
      ]
    },
    "Planning Time": 0.137,
    "Triggers": [],
    "Execution Time": 159.614
  }
]