{
  "Plan": {
    "Node Type": "Aggregate",
    "Strategy": "Plain",
    "Partial Mode": "Finalize",
    "Parallel Aware": false,
    "Startup Cost": 82536.04,
    "Total Cost": 82536.05,
    "Plan Rows": 1,
    "Plan Width": 8,
    "Actual Startup Time": 413.779,
    "Actual Total Time": 429.11,
    "Actual Rows": 1,
    "Actual Loops": 1,
    "Plans": [
      {
        "Node Type": "Gather",
        "Parent Relationship": "Outer",
        "Parallel Aware": false,
        "Startup Cost": 82535.93,
        "Total Cost": 82536.04,
        "Plan Rows": 1,
        "Plan Width": 8,
        "Actual Startup Time": 411.758,
        "Actual Total Time": 429.102,
        "Actual Rows": 2,
        "Actual Loops": 1,
        "Workers Planned": 1,
        "Workers Launched": 1,
        "Single Copy": false,
        "Plans": [
          {
            "Node Type": "Aggregate",
            "Strategy": "Plain",
            "Partial Mode": "Partial",
            "Parent Relationship": "Outer",
            "Parallel Aware": false,
            "Startup Cost": 81535.93,
            "Total Cost": 81535.94,
            "Plan Rows": 1,
            "Plan Width": 8,
            "Actual Startup Time": 406.56,
            "Actual Total Time": 406.564,
            "Actual Rows": 1,
            "Actual Loops": 2,
            "Plans": [
              {
                "Node Type": "Hash Join",
                "Parent Relationship": "Outer",
                "Parallel Aware": true,
                "Join Type": "Inner",
                "Startup Cost": 62855.53,
                "Total Cost": 81039.32,
                "Plan Rows": 198644,
                "Plan Width": 0,
                "Actual Startup Time": 249.029,
                "Actual Total Time": 401.91,
                "Actual Rows": 93824,
                "Actual Loops": 2,
                "Inner Unique": true,
                "Hash Cond": "(mi_idx.movie_id = t.id)",
                "Plans": [
                  {
                    "Node Type": "Seq Scan",
                    "Parent Relationship": "Outer",
                    "Parallel Aware": true,
                    "Relation Name": "movie_info_idx",
                    "Alias": "mi_idx",
                    "Startup Cost": 0.0,
                    "Total Cost": 16052.85,
                    "Plan Rows": 811785,
                    "Plan Width": 4,
                    "Actual Startup Time": 0.022,
                    "Actual Total Time": 56.222,
                    "Actual Rows": 690018,
                    "Actual Loops": 2
                  },
                  {
                    "Node Type": "Hash",
                    "Parent Relationship": "Inner",
                    "Parallel Aware": true,
                    "Startup Cost": 58306.47,
                    "Total Cost": 58306.47,
                    "Plan Rows": 363925,
                    "Plan Width": 4,
                    "Actual Startup Time": 241.218,
                    "Actual Total Time": 241.218,
                    "Actual Rows": 260570,
                    "Actual Loops": 2,
                    "Hash Buckets": 1048576,
                    "Original Hash Buckets": 1048576,
                    "Hash Batches": 1,
                    "Original Hash Batches": 1,
                    "Peak Memory Usage": 28608,
                    "Plans": [
                      {
                        "Node Type": "Seq Scan",
                        "Parent Relationship": "Outer",
                        "Parallel Aware": true,
                        "Relation Name": "title",
                        "Alias": "t",
                        "Startup Cost": 0.0,
                        "Total Cost": 58306.47,
                        "Plan Rows": 363925,
                        "Plan Width": 4,
                        "Actual Startup Time": 0.026,
                        "Actual Total Time": 168.635,
                        "Actual Rows": 260570,
                        "Actual Loops": 2,
                        "Filter": "((production_year < 2000) AND (kind_id = 7))",
                        "Rows Removed by Filter": 1003586
                      }
                    ]
                  }
                ]
              }
            ]
          }
        ]
      }
    ]
  },
  "Planning Time": 0.378,
  "Triggers": [],
  "Execution Time": 429.169
}