{
  "Plan": {
    "Node Type": "Aggregate",
    "Strategy": "Plain",
    "Partial Mode": "Finalize",
    "Parallel Aware": false,
    "Startup Cost": 134756.65,
    "Total Cost": 134756.66,
    "Plan Rows": 1,
    "Plan Width": 8,
    "Actual Startup Time": 1107.371,
    "Actual Total Time": 1129.757,
    "Actual Rows": 1,
    "Actual Loops": 1,
    "Plans": [
      {
        "Node Type": "Gather",
        "Parent Relationship": "Outer",
        "Parallel Aware": false,
        "Startup Cost": 134756.54,
        "Total Cost": 134756.65,
        "Plan Rows": 1,
        "Plan Width": 8,
        "Actual Startup Time": 1100.449,
        "Actual Total Time": 1129.747,
        "Actual Rows": 2,
        "Actual Loops": 1,
        "Workers Planned": 1,
        "Workers Launched": 1,
        "Single Copy": false,
        "Plans": [
          {
            "Node Type": "Aggregate",
            "Strategy": "Plain",
            "Partial Mode": "Partial",
            "Parent Relationship": "Outer",
            "Parallel Aware": false,
            "Startup Cost": 133756.54,
            "Total Cost": 133756.55,
            "Plan Rows": 1,
            "Plan Width": 8,
            "Actual Startup Time": 1089.613,
            "Actual Total Time": 1089.616,
            "Actual Rows": 1,
            "Actual Loops": 2,
            "Plans": [
              {
                "Node Type": "Hash Join",
                "Parent Relationship": "Outer",
                "Parallel Aware": true,
                "Join Type": "Inner",
                "Startup Cost": 69460.7,
                "Total Cost": 130547.93,
                "Plan Rows": 1283441,
                "Plan Width": 0,
                "Actual Startup Time": 596.618,
                "Actual Total Time": 1037.743,
                "Actual Rows": 1091066,
                "Actual Loops": 2,
                "Inner Unique": true,
                "Hash Cond": "(mk.movie_id = t.id)",
                "Plans": [
                  {
                    "Node Type": "Seq Scan",
                    "Parent Relationship": "Outer",
                    "Parallel Aware": true,
                    "Relation Name": "movie_keyword",
                    "Alias": "mk",
                    "Startup Cost": 0.0,
                    "Total Cost": 57718.19,
                    "Plan Rows": 1283441,
                    "Plan Width": 4,
                    "Actual Startup Time": 0.55,
                    "Actual Total Time": 220.809,
                    "Actual Rows": 1091066,
                    "Actual Loops": 2,
                    "Filter": "(keyword_id > 5202)",
                    "Rows Removed by Filter": 1170899
                  },
                  {
                    "Node Type": "Hash",
                    "Parent Relationship": "Inner",
                    "Parallel Aware": true,
                    "Startup Cost": 50870.31,
                    "Total Cost": 50870.31,
                    "Plan Rows": 1487231,
                    "Plan Width": 4,
                    "Actual Startup Time": 574.411,
                    "Actual Total Time": 574.412,
                    "Actual Rows": 1264156,
                    "Actual Loops": 2,
                    "Hash Buckets": 4194304,
                    "Original Hash Buckets": 4194304,
                    "Hash Batches": 1,
                    "Original Hash Batches": 1,
                    "Peak Memory Usage": 131680,
                    "Plans": [
                      {
                        "Node Type": "Seq Scan",
                        "Parent Relationship": "Outer",
                        "Parallel Aware": true,
                        "Relation Name": "title",
                        "Alias": "t",
                        "Startup Cost": 0.0,
                        "Total Cost": 50870.31,
                        "Plan Rows": 1487231,
                        "Plan Width": 4,
                        "Actual Startup Time": 0.038,
                        "Actual Total Time": 175.084,
                        "Actual Rows": 1264156,
                        "Actual Loops": 2
                      }
                    ]
                  }
                ]
              }
            ]
          }
        ]
      }
    ]
  },
  "Planning Time": 0.694,
  "Triggers": [],
  "Execution Time": 1129.826
}