[
  {
    "Plan": {
      "Node Type": "Aggregate",
      "Strategy": "Plain",
      "Partial Mode": "Finalize",
      "Parallel Aware": false,
      "Startup Cost": 113930.49,
      "Total Cost": 113930.5,
      "Plan Rows": 1,
      "Plan Width": 8,
      "Actual Startup Time": 501.444,
      "Actual Total Time": 516.338,
      "Actual Rows": 1,
      "Actual Loops": 1,
      "Plans": [
        {
          "Node Type": "Gather",
          "Parent Relationship": "Outer",
          "Parallel Aware": false,
          "Startup Cost": 113930.07,
          "Total Cost": 113930.48,
          "Plan Rows": 4,
          "Plan Width": 8,
          "Actual Startup Time": 494.573,
          "Actual Total Time": 516.322,
          "Actual Rows": 5,
          "Actual Loops": 1,
          "Workers Planned": 4,
          "Workers Launched": 4,
          "Single Copy": false,
          "Plans": [
            {
              "Node Type": "Aggregate",
              "Strategy": "Plain",
              "Partial Mode": "Partial",
              "Parent Relationship": "Outer",
              "Parallel Aware": false,
              "Startup Cost": 112930.07,
              "Total Cost": 112930.08,
              "Plan Rows": 1,
              "Plan Width": 8,
              "Actual Startup Time": 484.795,
              "Actual Total Time": 484.978,
              "Actual Rows": 1,
              "Actual Loops": 5,
              "Plans": [
                {
                  "Node Type": "Hash Join",
                  "Parent Relationship": "Outer",
                  "Parallel Aware": true,
                  "Join Type": "Inner",
                  "Startup Cost": 64166.27,
                  "Total Cost": 112733.34,
                  "Plan Rows": 78693,
                  "Plan Width": 0,
                  "Actual Startup Time": 328.655,
                  "Actual Total Time": 480.848,
                  "Actual Rows": 91820,
                  "Actual Loops": 5,
                  "Inner Unique": false,
                  "Hash Cond": "(ci.movie_id = t.id)",
                  "Plans": [
                    {
                      "Node Type": "Index Scan",
                      "Parent Relationship": "Outer",
                      "Parallel Aware": true,
                      "Scan Direction": "Forward",
                      "Index Name": "role_id_cast_info",
                      "Relation Name": "cast_info",
                      "Alias": "ci",
                      "Startup Cost": 0.56,
                      "Total Cost": 46764.42,
                      "Plan Rows": 428396,
                      "Plan Width": 4,
                      "Actual Startup Time": 0.135,
                      "Actual Total Time": 56.454,
                      "Actual Rows": 340709,
                      "Actual Loops": 5,
                      "Index Cond": "(role_id = 8)",
                      "Rows Removed by Index Recheck": 0
                    },
                    {
                      "Node Type": "Hash",
                      "Parent Relationship": "Inner",
                      "Parallel Aware": true,
                      "Startup Cost": 62714.37,
                      "Total Cost": 62714.37,
                      "Plan Rows": 116107,
                      "Plan Width": 8,
                      "Actual Startup Time": 325.723,
                      "Actual Total Time": 325.905,
                      "Actual Rows": 91985,
                      "Actual Loops": 5,
                      "Hash Buckets": 524288,
                      "Original Hash Buckets": 524288,
                      "Hash Batches": 1,
                      "Original Hash Batches": 1,
                      "Peak Memory Usage": 22144,
                      "Plans": [
                        {
                          "Node Type": "Hash Join",
                          "Parent Relationship": "Outer",
                          "Parallel Aware": true,
                          "Join Type": "Inner",
                          "Startup Cost": 17541.58,
                          "Total Cost": 62714.37,
                          "Plan Rows": 116107,
                          "Plan Width": 8,
                          "Actual Startup Time": 84.519,
                          "Actual Total Time": 293.338,
                          "Actual Rows": 91985,
                          "Actual Loops": 5,
                          "Inner Unique": false,
                          "Hash Cond": "(t.id = mi_idx.movie_id)",
                          "Plans": [
                            {
                              "Node Type": "Seq Scan",
                              "Parent Relationship": "Outer",
                              "Parallel Aware": true,
                              "Relation Name": "title",
                              "Alias": "t",
                              "Startup Cost": 0.0,
                              "Total Cost": 42318.73,
                              "Plan Rows": 632073,
                              "Plan Width": 4,
                              "Actual Startup Time": 0.012,
                              "Actual Total Time": 71.289,
                              "Actual Rows": 505662,
                              "Actual Loops": 5
                            },
                            {
                              "Node Type": "Hash",
                              "Parent Relationship": "Inner",
                              "Parallel Aware": true,
                              "Startup Cost": 15122.68,
                              "Total Cost": 15122.68,
                              "Plan Rows": 193512,
                              "Plan Width": 4,
                              "Actual Startup Time": 83.121,
                              "Actual Total Time": 83.122,
                              "Actual Rows": 91985,
                              "Actual Loops": 5,
                              "Hash Buckets": 524288,
                              "Original Hash Buckets": 524288,
                              "Hash Batches": 1,
                              "Original Hash Batches": 1,
                              "Peak Memory Usage": 22176,
                              "Plans": [
                                {
                                  "Node Type": "Seq Scan",
                                  "Parent Relationship": "Outer",
                                  "Parallel Aware": true,
                                  "Relation Name": "movie_info_idx",
                                  "Alias": "mi_idx",
                                  "Startup Cost": 0.0,
                                  "Total Cost": 15122.68,
                                  "Plan Rows": 193512,
                                  "Plan Width": 4,
                                  "Actual Startup Time": 0.082,
                                  "Actual Total Time": 42.406,
                                  "Actual Rows": 91985,
                                  "Actual Loops": 5,
                                  "Filter": "(info_type_id = 100)",
                                  "Rows Removed by Filter": 184022
                                }
                              ]
                            }
                          ]
                        }
                      ]
                    }
                  ]
                }
              ]
            }
          ]
        }
      ]
    },
    "Planning Time": 1.311,
    "Triggers": [],
    "Execution Time": 516.433
  }
]