[
  {
    "Plan": {
      "Node Type": "Aggregate",
      "Strategy": "Plain",
      "Partial Mode": "Finalize",
      "Parallel Aware": false,
      "Startup Cost": 343043.46,
      "Total Cost": 343043.47,
      "Plan Rows": 1,
      "Plan Width": 8,
      "Actual Startup Time": 651.557,
      "Actual Total Time": 672.888,
      "Actual Rows": 1,
      "Actual Loops": 1,
      "Plans": [
        {
          "Node Type": "Gather",
          "Parent Relationship": "Outer",
          "Parallel Aware": false,
          "Startup Cost": 343043.25,
          "Total Cost": 343043.46,
          "Plan Rows": 2,
          "Plan Width": 8,
          "Actual Startup Time": 643.653,
          "Actual Total Time": 672.874,
          "Actual Rows": 3,
          "Actual Loops": 1,
          "Workers Planned": 2,
          "Workers Launched": 2,
          "Single Copy": false,
          "Plans": [
            {
              "Node Type": "Aggregate",
              "Strategy": "Plain",
              "Partial Mode": "Partial",
              "Parent Relationship": "Outer",
              "Parallel Aware": false,
              "Startup Cost": 342043.25,
              "Total Cost": 342043.26,
              "Plan Rows": 1,
              "Plan Width": 8,
              "Actual Startup Time": 636.713,
              "Actual Total Time": 636.719,
              "Actual Rows": 1,
              "Actual Loops": 3,
              "Plans": [
                {
                  "Node Type": "Hash Join",
                  "Parent Relationship": "Outer",
                  "Parallel Aware": true,
                  "Join Type": "Inner",
                  "Startup Cost": 325840.06,
                  "Total Cost": 341842.29,
                  "Plan Rows": 80385,
                  "Plan Width": 0,
                  "Actual Startup Time": 515.199,
                  "Actual Total Time": 628.659,
                  "Actual Rows": 163584,
                  "Actual Loops": 3,
                  "Inner Unique": false,
                  "Hash Cond": "(mi_idx.movie_id = t.id)",
                  "Plans": [
                    {
                      "Node Type": "Seq Scan",
                      "Parent Relationship": "Outer",
                      "Parallel Aware": true,
                      "Relation Name": "movie_info_idx",
                      "Alias": "mi_idx",
                      "Startup Cost": 0.0,
                      "Total Cost": 13685.15,
                      "Plan Rows": 575015,
                      "Plan Width": 4,
                      "Actual Startup Time": 0.026,
                      "Actual Total Time": 39.112,
                      "Actual Rows": 460012,
                      "Actual Loops": 3
                    },
                    {
                      "Node Type": "Hash",
                      "Parent Relationship": "Inner",
                      "Parallel Aware": true,
                      "Startup Cost": 324956.44,
                      "Total Cost": 324956.44,
                      "Plan Rows": 70690,
                      "Plan Width": 8,
                      "Actual Startup Time": 511.408,
                      "Actual Total Time": 511.413,
                      "Actual Rows": 115945,
                      "Actual Loops": 3,
                      "Hash Buckets": 524288,
                      "Original Hash Buckets": 524288,
                      "Hash Batches": 1,
                      "Original Hash Batches": 1,
                      "Peak Memory Usage": 17728,
                      "Plans": [
                        {
                          "Node Type": "Hash Join",
                          "Parent Relationship": "Outer",
                          "Parallel Aware": true,
                          "Join Type": "Inner",
                          "Startup Cost": 58027.44,
                          "Total Cost": 324956.44,
                          "Plan Rows": 70690,
                          "Plan Width": 8,
                          "Actual Startup Time": 406.531,
                          "Actual Total Time": 482.55,
                          "Actual Rows": 115945,
                          "Actual Loops": 3,
                          "Inner Unique": true,
                          "Hash Cond": "(ci.movie_id = t.id)",
                          "Plans": [
                            {
                              "Node Type": "Bitmap Heap Scan",
                              "Parent Relationship": "Outer",
                              "Parallel Aware": true,
                              "Relation Name": "cast_info",
                              "Alias": "ci",
                              "Startup Cost": 7807.79,
                              "Total Cost": 274551.23,
                              "Plan Rows": 70690,
                              "Plan Width": 4,
                              "Actual Startup Time": 11.056,
                              "Actual Total Time": 26.058,
                              "Actual Rows": 115945,
                              "Actual Loops": 3,
                              "Recheck Cond": "(person_id > 3998209)",
                              "Rows Removed by Index Recheck": 0,
                              "Exact Heap Blocks": 1584,
                              "Lossy Heap Blocks": 0,
                              "Plans": [
                                {
                                  "Node Type": "Bitmap Index Scan",
                                  "Parent Relationship": "Outer",
                                  "Parallel Aware": false,
                                  "Index Name": "person_id_cast_info",
                                  "Startup Cost": 0.0,
                                  "Total Cost": 7719.43,
                                  "Plan Rows": 353449,
                                  "Plan Width": 0,
                                  "Actual Startup Time": 10.369,
                                  "Actual Total Time": 10.369,
                                  "Actual Rows": 347836,
                                  "Actual Loops": 1,
                                  "Index Cond": "(person_id > 3998209)"
                                }
                              ]
                            },
                            {
                              "Node Type": "Hash",
                              "Parent Relationship": "Inner",
                              "Parallel Aware": true,
                              "Startup Cost": 42318.73,
                              "Total Cost": 42318.73,
                              "Plan Rows": 632073,
                              "Plan Width": 4,
                              "Actual Startup Time": 383.512,
                              "Actual Total Time": 383.513,
                              "Actual Rows": 842771,
                              "Actual Loops": 3,
                              "Hash Buckets": 4194304,
                              "Original Hash Buckets": 4194304,
                              "Hash Batches": 1,
                              "Original Hash Batches": 1,
                              "Peak Memory Usage": 131744,
                              "Plans": [
                                {
                                  "Node Type": "Seq Scan",
                                  "Parent Relationship": "Outer",
                                  "Parallel Aware": true,
                                  "Relation Name": "title",
                                  "Alias": "t",
                                  "Startup Cost": 0.0,
                                  "Total Cost": 42318.73,
                                  "Plan Rows": 632073,
                                  "Plan Width": 4,
                                  "Actual Startup Time": 0.036,
                                  "Actual Total Time": 111.024,
                                  "Actual Rows": 842771,
                                  "Actual Loops": 3
                                }
                              ]
                            }
                          ]
                        }
                      ]
                    }
                  ]
                }
              ]
            }
          ]
        }
      ]
    },
    "Planning Time": 1.353,
    "Triggers": [],
    "Execution Time": 672.992
  }
]