{
  "Plan": {
    "Node Type": "Aggregate",
    "Strategy": "Plain",
    "Partial Mode": "Finalize",
    "Parallel Aware": false,
    "Startup Cost": 40771.11,
    "Total Cost": 40771.12,
    "Plan Rows": 1,
    "Plan Width": 8,
    "Actual Startup Time": 38.748,
    "Actual Total Time": 44.539,
    "Actual Rows": 1,
    "Actual Loops": 1,
    "Plans": [
      {
        "Node Type": "Gather",
        "Parent Relationship": "Outer",
        "Parallel Aware": false,
        "Startup Cost": 40770.99,
        "Total Cost": 40771.1,
        "Plan Rows": 1,
        "Plan Width": 8,
        "Actual Startup Time": 38.504,
        "Actual Total Time": 44.532,
        "Actual Rows": 2,
        "Actual Loops": 1,
        "Workers Planned": 1,
        "Workers Launched": 1,
        "Single Copy": false,
        "Plans": [
          {
            "Node Type": "Aggregate",
            "Strategy": "Plain",
            "Partial Mode": "Partial",
            "Parent Relationship": "Outer",
            "Parallel Aware": false,
            "Startup Cost": 39770.99,
            "Total Cost": 39771.0,
            "Plan Rows": 1,
            "Plan Width": 8,
            "Actual Startup Time": 33.095,
            "Actual Total Time": 33.096,
            "Actual Rows": 1,
            "Actual Loops": 2,
            "Plans": [
              {
                "Node Type": "Nested Loop",
                "Parent Relationship": "Outer",
                "Parallel Aware": false,
                "Join Type": "Inner",
                "Startup Cost": 217.05,
                "Total Cost": 39767.54,
                "Plan Rows": 1382,
                "Plan Width": 0,
                "Actual Startup Time": 15.174,
                "Actual Total Time": 33.028,
                "Actual Rows": 353,
                "Actual Loops": 2,
                "Inner Unique": false,
                "Plans": [
                  {
                    "Node Type": "Nested Loop",
                    "Parent Relationship": "Outer",
                    "Parallel Aware": false,
                    "Join Type": "Inner",
                    "Startup Cost": 216.48,
                    "Total Cost": 38147.9,
                    "Plan Rows": 96,
                    "Plan Width": 8,
                    "Actual Startup Time": 15.067,
                    "Actual Total Time": 30.349,
                    "Actual Rows": 12,
                    "Actual Loops": 2,
                    "Inner Unique": true,
                    "Plans": [
                      {
                        "Node Type": "Bitmap Heap Scan",
                        "Parent Relationship": "Outer",
                        "Parallel Aware": true,
                        "Relation Name": "movie_companies",
                        "Alias": "mc",
                        "Startup Cost": 216.05,
                        "Total Cost": 16477.5,
                        "Plan Rows": 2961,
                        "Plan Width": 4,
                        "Actual Startup Time": 14.755,
                        "Actual Total Time": 18.045,
                        "Actual Rows": 1520,
                        "Actual Loops": 2,
                        "Recheck Cond": "(company_id = 2561)",
                        "Rows Removed by Index Recheck": 0,
                        "Filter": "(company_type_id = 2)",
                        "Rows Removed by Filter": 3560,
                        "Exact Heap Blocks": 4835,
                        "Lossy Heap Blocks": 0,
                        "Plans": [
                          {
                            "Node Type": "Bitmap Index Scan",
                            "Parent Relationship": "Outer",
                            "Parallel Aware": false,
                            "Index Name": "company_id_movie_companies",
                            "Startup Cost": 0.0,
                            "Total Cost": 214.79,
                            "Plan Rows": 9915,
                            "Plan Width": 0,
                            "Actual Startup Time": 5.328,
                            "Actual Total Time": 5.328,
                            "Actual Rows": 10160,
                            "Actual Loops": 1,
                            "Index Cond": "(company_id = 2561)"
                          }
                        ]
                      },
                      {
                        "Node Type": "Index Scan",
                        "Parent Relationship": "Inner",
                        "Parallel Aware": false,
                        "Scan Direction": "Forward",
                        "Index Name": "title_pkey",
                        "Relation Name": "title",
                        "Alias": "t",
                        "Startup Cost": 0.43,
                        "Total Cost": 7.32,
                        "Plan Rows": 1,
                        "Plan Width": 4,
                        "Actual Startup Time": 0.008,
                        "Actual Total Time": 0.008,
                        "Actual Rows": 0,
                        "Actual Loops": 3040,
                        "Index Cond": "(id = mc.movie_id)",
                        "Rows Removed by Index Recheck": 0,
                        "Filter": "((kind_id > 1) AND (production_year = 2006))",
                        "Rows Removed by Filter": 1
                      }
                    ]
                  },
                  {
                    "Node Type": "Index Only Scan",
                    "Parent Relationship": "Inner",
                    "Parallel Aware": false,
                    "Scan Direction": "Forward",
                    "Index Name": "movie_id_cast_info",
                    "Relation Name": "cast_info",
                    "Alias": "ci",
                    "Startup Cost": 0.56,
                    "Total Cost": 16.5,
                    "Plan Rows": 37,
                    "Plan Width": 4,
                    "Actual Startup Time": 0.027,
                    "Actual Total Time": 0.216,
                    "Actual Rows": 29,
                    "Actual Loops": 24,
                    "Index Cond": "(movie_id = t.id)",
                    "Rows Removed by Index Recheck": 0,
                    "Heap Fetches": 706
                  }
                ]
              }
            ]
          }
        ]
      }
    ]
  },
  "Planning Time": 1.079,
  "Triggers": [],
  "Execution Time": 44.686
}