[
  {
    "Plan": {
      "Node Type": "Aggregate",
      "Strategy": "Plain",
      "Partial Mode": "Finalize",
      "Parallel Aware": false,
      "Startup Cost": 32965.57,
      "Total Cost": 32965.58,
      "Plan Rows": 1,
      "Plan Width": 8,
      "Actual Startup Time": 101.029,
      "Actual Total Time": 109.159,
      "Actual Rows": 1,
      "Actual Loops": 1,
      "Plans": [
        {
          "Node Type": "Gather",
          "Parent Relationship": "Outer",
          "Parallel Aware": false,
          "Startup Cost": 32965.25,
          "Total Cost": 32965.56,
          "Plan Rows": 3,
          "Plan Width": 8,
          "Actual Startup Time": 100.93,
          "Actual Total Time": 109.15,
          "Actual Rows": 4,
          "Actual Loops": 1,
          "Workers Planned": 3,
          "Workers Launched": 3,
          "Single Copy": false,
          "Plans": [
            {
              "Node Type": "Aggregate",
              "Strategy": "Plain",
              "Partial Mode": "Partial",
              "Parent Relationship": "Outer",
              "Parallel Aware": false,
              "Startup Cost": 31965.25,
              "Total Cost": 31965.26,
              "Plan Rows": 1,
              "Plan Width": 8,
              "Actual Startup Time": 95.177,
              "Actual Total Time": 95.178,
              "Actual Rows": 1,
              "Actual Loops": 4,
              "Plans": [
                {
                  "Node Type": "Seq Scan",
                  "Parent Relationship": "Outer",
                  "Parallel Aware": true,
                  "Relation Name": "movie_companies",
                  "Alias": "mc",
                  "Startup Cost": 0.0,
                  "Total Cost": 31414.82,
                  "Plan Rows": 220174,
                  "Plan Width": 0,
                  "Actual Startup Time": 47.79,
                  "Actual Total Time": 85.112,
                  "Actual Rows": 231322,
                  "Actual Loops": 4,
                  "Filter": "((company_id > 11165) AND (company_type_id > 1))",
                  "Rows Removed by Filter": 420960
                }
              ]
            }
          ]
        }
      ]
    },
    "Planning Time": 0.17,
    "Triggers": [],
    "Execution Time": 109.208
  }
]