[
  {
    "Plan": {
      "Node Type": "Aggregate",
      "Strategy": "Plain",
      "Partial Mode": "Finalize",
      "Parallel Aware": false,
      "Startup Cost": 38185.71,
      "Total Cost": 38185.72,
      "Plan Rows": 1,
      "Plan Width": 8,
      "Actual Startup Time": 140.386,
      "Actual Total Time": 149.336,
      "Actual Rows": 1,
      "Actual Loops": 1,
      "Plans": [
        {
          "Node Type": "Gather",
          "Parent Relationship": "Outer",
          "Parallel Aware": false,
          "Startup Cost": 38185.39,
          "Total Cost": 38185.7,
          "Plan Rows": 3,
          "Plan Width": 8,
          "Actual Startup Time": 140.106,
          "Actual Total Time": 149.324,
          "Actual Rows": 4,
          "Actual Loops": 1,
          "Workers Planned": 3,
          "Workers Launched": 3,
          "Single Copy": false,
          "Plans": [
            {
              "Node Type": "Aggregate",
              "Strategy": "Plain",
              "Partial Mode": "Partial",
              "Parent Relationship": "Outer",
              "Parallel Aware": false,
              "Startup Cost": 37185.39,
              "Total Cost": 37185.4,
              "Plan Rows": 1,
              "Plan Width": 8,
              "Actual Startup Time": 132.756,
              "Actual Total Time": 132.758,
              "Actual Rows": 1,
              "Actual Loops": 4,
              "Plans": [
                {
                  "Node Type": "Bitmap Heap Scan",
                  "Parent Relationship": "Outer",
                  "Parallel Aware": true,
                  "Relation Name": "movie_keyword",
                  "Alias": "mk",
                  "Startup Cost": 10367.15,
                  "Total Cost": 36791.35,
                  "Plan Rows": 157616,
                  "Plan Width": 0,
                  "Actual Startup Time": 51.228,
                  "Actual Total Time": 124.787,
                  "Actual Rows": 118948,
                  "Actual Loops": 4,
                  "Recheck Cond": "(keyword_id > 37538)",
                  "Rows Removed by Index Recheck": 0,
                  "Exact Heap Blocks": 8074,
                  "Lossy Heap Blocks": 0,
                  "Plans": [
                    {
                      "Node Type": "Bitmap Index Scan",
                      "Parent Relationship": "Outer",
                      "Parallel Aware": false,
                      "Index Name": "keyword_id_movie_keyword",
                      "Startup Cost": 0.0,
                      "Total Cost": 10245.0,
                      "Plan Rows": 488609,
                      "Plan Width": 0,
                      "Actual Startup Time": 52.298,
                      "Actual Total Time": 52.298,
                      "Actual Rows": 475793,
                      "Actual Loops": 1,
                      "Index Cond": "(keyword_id > 37538)"
                    }
                  ]
                }
              ]
            }
          ]
        }
      ]
    },
    "Planning Time": 0.152,
    "Triggers": [],
    "Execution Time": 149.404
  }
]