{
  "Plan": {
    "Node Type": "Aggregate",
    "Strategy": "Plain",
    "Partial Mode": "Simple",
    "Parallel Aware": false,
    "Startup Cost": 275977.08,
    "Total Cost": 275977.09,
    "Plan Rows": 1,
    "Plan Width": 32,
    "Actual Startup Time": 356.372,
    "Actual Total Time": 377.811,
    "Actual Rows": 1,
    "Actual Loops": 1,
    "Plans": [
      {
        "Node Type": "Gather",
        "Parent Relationship": "Outer",
        "Parallel Aware": false,
        "Startup Cost": 4635.17,
        "Total Cost": 275977.08,
        "Plan Rows": 1,
        "Plan Width": 17,
        "Actual Startup Time": 128.752,
        "Actual Total Time": 377.795,
        "Actual Rows": 1,
        "Actual Loops": 1,
        "Workers Planned": 1,
        "Workers Launched": 1,
        "Single Copy": false,
        "Plans": [
          {
            "Node Type": "Nested Loop",
            "Parent Relationship": "Outer",
            "Parallel Aware": false,
            "Join Type": "Inner",
            "Startup Cost": 3635.17,
            "Total Cost": 274976.98,
            "Plan Rows": 1,
            "Plan Width": 17,
            "Actual Startup Time": 234.576,
            "Actual Total Time": 348.276,
            "Actual Rows": 0,
            "Actual Loops": 2,
            "Inner Unique": true,
            "Plans": [
              {
                "Node Type": "Nested Loop",
                "Parent Relationship": "Outer",
                "Parallel Aware": false,
                "Join Type": "Inner",
                "Startup Cost": 3635.04,
                "Total Cost": 274976.81,
                "Plan Rows": 1,
                "Plan Width": 21,
                "Actual Startup Time": 234.571,
                "Actual Total Time": 348.269,
                "Actual Rows": 0,
                "Actual Loops": 2,
                "Inner Unique": true,
                "Join Filter": "(mk.movie_id = t.id)",
                "Rows Removed by Join Filter": 0,
                "Plans": [
                  {
                    "Node Type": "Nested Loop",
                    "Parent Relationship": "Outer",
                    "Parallel Aware": false,
                    "Join Type": "Inner",
                    "Startup Cost": 3634.61,
                    "Total Cost": 274976.34,
                    "Plan Rows": 1,
                    "Plan Width": 12,
                    "Actual Startup Time": 234.562,
                    "Actual Total Time": 348.259,
                    "Actual Rows": 0,
                    "Actual Loops": 2,
                    "Inner Unique": true,
                    "Plans": [
                      {
                        "Node Type": "Nested Loop",
                        "Parent Relationship": "Outer",
                        "Parallel Aware": false,
                        "Join Type": "Inner",
                        "Startup Cost": 3634.18,
                        "Total Cost": 274975.88,
                        "Plan Rows": 1,
                        "Plan Width": 16,
                        "Actual Startup Time": 234.553,
                        "Actual Total Time": 348.25,
                        "Actual Rows": 0,
                        "Actual Loops": 2,
                        "Inner Unique": true,
                        "Plans": [
                          {
                            "Node Type": "Nested Loop",
                            "Parent Relationship": "Outer",
                            "Parallel Aware": false,
                            "Join Type": "Inner",
                            "Startup Cost": 3634.05,
                            "Total Cost": 274975.71,
                            "Plan Rows": 1,
                            "Plan Width": 20,
                            "Actual Startup Time": 234.549,
                            "Actual Total Time": 348.244,
                            "Actual Rows": 0,
                            "Actual Loops": 2,
                            "Inner Unique": true,
                            "Plans": [
                              {
                                "Node Type": "Nested Loop",
                                "Parent Relationship": "Outer",
                                "Parallel Aware": false,
                                "Join Type": "Inner",
                                "Startup Cost": 3633.92,
                                "Total Cost": 274975.54,
                                "Plan Rows": 1,
                                "Plan Width": 24,
                                "Actual Startup Time": 234.544,
                                "Actual Total Time": 348.236,
                                "Actual Rows": 1,
                                "Actual Loops": 2,
                                "Inner Unique": false,
                                "Plans": [
                                  {
                                    "Node Type": "Hash Join",
                                    "Parent Relationship": "Outer",
                                    "Parallel Aware": false,
                                    "Join Type": "Inner",
                                    "Startup Cost": 3633.5,
                                    "Total Cost": 274975.07,
                                    "Plan Rows": 1,
                                    "Plan Width": 12,
                                    "Actual Startup Time": 167.12,
                                    "Actual Total Time": 348.175,
                                    "Actual Rows": 4,
                                    "Actual Loops": 2,
                                    "Inner Unique": true,
                                    "Hash Cond": "(mk.keyword_id = k.id)",
                                    "Plans": [
                                      {
                                        "Node Type": "Nested Loop",
                                        "Parent Relationship": "Outer",
                                        "Parallel Aware": false,
                                        "Join Type": "Inner",
                                        "Startup Cost": 1.0,
                                        "Total Cost": 271318.6,
                                        "Plan Rows": 9131,
                                        "Plan Width": 16,
                                        "Actual Startup Time": 98.863,
                                        "Actual Total Time": 322.315,
                                        "Actual Rows": 807,
                                        "Actual Loops": 2,
                                        "Inner Unique": false,
                                        "Plans": [
                                          {
                                            "Node Type": "Nested Loop",
                                            "Parent Relationship": "Outer",
                                            "Parallel Aware": false,
                                            "Join Type": "Inner",
                                            "Startup Cost": 0.56,
                                            "Total Cost": 267688.78,
                                            "Plan Rows": 2132,
                                            "Plan Width": 8,
                                            "Actual Startup Time": 98.731,
                                            "Actual Total Time": 319.973,
                                            "Actual Rows": 612,
                                            "Actual Loops": 2,
                                            "Inner Unique": false,
                                            "Plans": [
                                              {
                                                "Node Type": "Seq Scan",
                                                "Parent Relationship": "Outer",
                                                "Parallel Aware": true,
                                                "Relation Name": "name",
                                                "Alias": "n",
                                                "Startup Cost": 0.0,
                                                "Total Cost": 86254.38,
                                                "Plan Rows": 245,
                                                "Plan Width": 4,
                                                "Actual Startup Time": 98.591,
                                                "Actual Total Time": 319.098,
                                                "Actual Rows": 44,
                                                "Actual Loops": 2,
                                                "Filter": "(name ~~ '%Mu\u00f1iz,%'::text)",
                                                "Rows Removed by Filter": 2083701
                                              },
                                              {
                                                "Node Type": "Index Scan",
                                                "Parent Relationship": "Inner",
                                                "Parallel Aware": false,
                                                "Scan Direction": "Forward",
                                                "Index Name": "person_id_cast_info",
                                                "Relation Name": "cast_info",
                                                "Alias": "ci",
                                                "Startup Cost": 0.56,
                                                "Total Cost": 735.45,
                                                "Plan Rows": 510,
                                                "Plan Width": 12,
                                                "Actual Startup Time": 0.013,
                                                "Actual Total Time": 0.017,
                                                "Actual Rows": 14,
                                                "Actual Loops": 89,
                                                "Index Cond": "(person_id = n.id)",
                                                "Rows Removed by Index Recheck": 0
                                              }
                                            ]
                                          },
                                          {
                                            "Node Type": "Index Scan",
                                            "Parent Relationship": "Inner",
                                            "Parallel Aware": false,
                                            "Scan Direction": "Forward",
                                            "Index Name": "movie_id_movie_keyword",
                                            "Relation Name": "movie_keyword",
                                            "Alias": "mk",
                                            "Startup Cost": 0.43,
                                            "Total Cost": 1.24,
                                            "Plan Rows": 46,
                                            "Plan Width": 8,
                                            "Actual Startup Time": 0.003,
                                            "Actual Total Time": 0.003,
                                            "Actual Rows": 1,
                                            "Actual Loops": 1224,
                                            "Index Cond": "(movie_id = ci.movie_id)",
                                            "Rows Removed by Index Recheck": 0
                                          }
                                        ]
                                      },
                                      {
                                        "Node Type": "Hash",
                                        "Parent Relationship": "Inner",
                                        "Parallel Aware": false,
                                        "Startup Cost": 3632.4,
                                        "Total Cost": 3632.4,
                                        "Plan Rows": 8,
                                        "Plan Width": 4,
                                        "Actual Startup Time": 25.62,
                                        "Actual Total Time": 25.621,
                                        "Actual Rows": 8,
                                        "Actual Loops": 2,
                                        "Hash Buckets": 1024,
                                        "Original Hash Buckets": 1024,
                                        "Hash Batches": 1,
                                        "Original Hash Batches": 1,
                                        "Peak Memory Usage": 9,
                                        "Plans": [
                                          {
                                            "Node Type": "Seq Scan",
                                            "Parent Relationship": "Outer",
                                            "Parallel Aware": false,
                                            "Relation Name": "keyword",
                                            "Alias": "k",
                                            "Startup Cost": 0.0,
                                            "Total Cost": 3632.4,
                                            "Plan Rows": 8,
                                            "Plan Width": 4,
                                            "Actual Startup Time": 0.043,
                                            "Actual Total Time": 25.607,
                                            "Actual Rows": 8,
                                            "Actual Loops": 2,
                                            "Filter": "(keyword = ANY ('{web,marvel-comics,blood,second-part,hero,magnet,marvel-cinematic-universe,barcelona-spain}'::text[]))",
                                            "Rows Removed by Filter": 134162
                                          }
                                        ]
                                      }
                                    ]
                                  },
                                  {
                                    "Node Type": "Index Scan",
                                    "Parent Relationship": "Inner",
                                    "Parallel Aware": false,
                                    "Scan Direction": "Forward",
                                    "Index Name": "movie_id_complete_cast",
                                    "Relation Name": "complete_cast",
                                    "Alias": "cc",
                                    "Startup Cost": 0.42,
                                    "Total Cost": 0.46,
                                    "Plan Rows": 2,
                                    "Plan Width": 12,
                                    "Actual Startup Time": 0.016,
                                    "Actual Total Time": 0.016,
                                    "Actual Rows": 0,
                                    "Actual Loops": 7,
                                    "Index Cond": "(movie_id = mk.movie_id)",
                                    "Rows Removed by Index Recheck": 0
                                  }
                                ]
                              },
                              {
                                "Node Type": "Index Scan",
                                "Parent Relationship": "Inner",
                                "Parallel Aware": false,
                                "Scan Direction": "Forward",
                                "Index Name": "comp_cast_type_pkey",
                                "Relation Name": "comp_cast_type",
                                "Alias": "cct1",
                                "Startup Cost": 0.13,
                                "Total Cost": 0.15,
                                "Plan Rows": 1,
                                "Plan Width": 4,
                                "Actual Startup Time": 0.004,
                                "Actual Total Time": 0.005,
                                "Actual Rows": 0,
                                "Actual Loops": 2,
                                "Index Cond": "(id = cc.subject_id)",
                                "Rows Removed by Index Recheck": 0,
                                "Filter": "((kind)::text = 'cast'::text)",
                                "Rows Removed by Filter": 0
                              }
                            ]
                          },
                          {
                            "Node Type": "Index Scan",
                            "Parent Relationship": "Inner",
                            "Parallel Aware": false,
                            "Scan Direction": "Forward",
                            "Index Name": "comp_cast_type_pkey",
                            "Relation Name": "comp_cast_type",
                            "Alias": "cct2",
                            "Startup Cost": 0.13,
                            "Total Cost": 0.15,
                            "Plan Rows": 1,
                            "Plan Width": 4,
                            "Actual Startup Time": 0.003,
                            "Actual Total Time": 0.004,
                            "Actual Rows": 1,
                            "Actual Loops": 1,
                            "Index Cond": "(id = cc.status_id)",
                            "Rows Removed by Index Recheck": 0,
                            "Filter": "((kind)::text ~~ '%complete%'::text)",
                            "Rows Removed by Filter": 0
                          }
                        ]
                      },
                      {
                        "Node Type": "Index Scan",
                        "Parent Relationship": "Inner",
                        "Parallel Aware": false,
                        "Scan Direction": "Forward",
                        "Index Name": "char_name_pkey",
                        "Relation Name": "char_name",
                        "Alias": "chn",
                        "Startup Cost": 0.43,
                        "Total Cost": 0.46,
                        "Plan Rows": 1,
                        "Plan Width": 4,
                        "Actual Startup Time": 0.014,
                        "Actual Total Time": 0.014,
                        "Actual Rows": 1,
                        "Actual Loops": 1,
                        "Index Cond": "(id = ci.person_role_id)",
                        "Rows Removed by Index Recheck": 0,
                        "Filter": "((name !~~ '%Sherlock%'::text) AND (name ~~ '%Rat\u00f3n%'::text))",
                        "Rows Removed by Filter": 0
                      }
                    ]
                  },
                  {
                    "Node Type": "Index Scan",
                    "Parent Relationship": "Inner",
                    "Parallel Aware": false,
                    "Scan Direction": "Forward",
                    "Index Name": "title_pkey",
                    "Relation Name": "title",
                    "Alias": "t",
                    "Startup Cost": 0.43,
                    "Total Cost": 0.45,
                    "Plan Rows": 1,
                    "Plan Width": 25,
                    "Actual Startup Time": 0.013,
                    "Actual Total Time": 0.014,
                    "Actual Rows": 1,
                    "Actual Loops": 1,
                    "Index Cond": "(id = ci.movie_id)",
                    "Rows Removed by Index Recheck": 0,
                    "Filter": "(production_year > 1964)",
                    "Rows Removed by Filter": 0
                  }
                ]
              },
              {
                "Node Type": "Index Scan",
                "Parent Relationship": "Inner",
                "Parallel Aware": false,
                "Scan Direction": "Forward",
                "Index Name": "kind_type_pkey",
                "Relation Name": "kind_type",
                "Alias": "kt",
                "Startup Cost": 0.13,
                "Total Cost": 0.15,
                "Plan Rows": 1,
                "Plan Width": 4,
                "Actual Startup Time": 0.007,
                "Actual Total Time": 0.007,
                "Actual Rows": 1,
                "Actual Loops": 1,
                "Index Cond": "(id = t.kind_id)",
                "Rows Removed by Index Recheck": 0,
                "Filter": "((kind)::text = 'movie'::text)",
                "Rows Removed by Filter": 0
              }
            ]
          }
        ]
      }
    ]
  },
  "Planning Time": 3.016,
  "Triggers": [],
  "Execution Time": 377.976
}