[
  {
    "Plan": {
      "Node Type": "Aggregate",
      "Strategy": "Plain",
      "Partial Mode": "Finalize",
      "Parallel Aware": false,
      "Startup Cost": 238958.4,
      "Total Cost": 238958.41,
      "Plan Rows": 1,
      "Plan Width": 8,
      "Actual Startup Time": 731.963,
      "Actual Total Time": 780.201,
      "Actual Rows": 1,
      "Actual Loops": 1,
      "Plans": [
        {
          "Node Type": "Gather",
          "Parent Relationship": "Outer",
          "Parallel Aware": false,
          "Startup Cost": 238957.88,
          "Total Cost": 238958.39,
          "Plan Rows": 5,
          "Plan Width": 8,
          "Actual Startup Time": 730.708,
          "Actual Total Time": 780.168,
          "Actual Rows": 6,
          "Actual Loops": 1,
          "Workers Planned": 5,
          "Workers Launched": 5,
          "Single Copy": false,
          "Plans": [
            {
              "Node Type": "Aggregate",
              "Strategy": "Plain",
              "Partial Mode": "Partial",
              "Parent Relationship": "Outer",
              "Parallel Aware": false,
              "Startup Cost": 237957.88,
              "Total Cost": 237957.89,
              "Plan Rows": 1,
              "Plan Width": 8,
              "Actual Startup Time": 723.122,
              "Actual Total Time": 723.126,
              "Actual Rows": 1,
              "Actual Loops": 6,
              "Plans": [
                {
                  "Node Type": "Hash Join",
                  "Parent Relationship": "Outer",
                  "Parallel Aware": true,
                  "Join Type": "Inner",
                  "Startup Cost": 38280.05,
                  "Total Cost": 237759.46,
                  "Plan Rows": 79368,
                  "Plan Width": 0,
                  "Actual Startup Time": 61.712,
                  "Actual Total Time": 717.294,
                  "Actual Rows": 101606,
                  "Actual Loops": 6,
                  "Inner Unique": true,
                  "Hash Cond": "(mi.movie_id = t.id)",
                  "Plans": [
                    {
                      "Node Type": "Seq Scan",
                      "Parent Relationship": "Outer",
                      "Parallel Aware": true,
                      "Relation Name": "movie_info",
                      "Alias": "mi",
                      "Startup Cost": 0.0,
                      "Total Cost": 191685.19,
                      "Plan Rows": 2969219,
                      "Plan Width": 4,
                      "Actual Startup Time": 0.03,
                      "Actual Total Time": 337.673,
                      "Actual Rows": 2472620,
                      "Actual Loops": 6
                    },
                    {
                      "Node Type": "Hash",
                      "Parent Relationship": "Inner",
                      "Parallel Aware": true,
                      "Startup Cost": 38068.85,
                      "Total Cost": 38068.85,
                      "Plan Rows": 16896,
                      "Plan Width": 4,
                      "Actual Startup Time": 60.547,
                      "Actual Total Time": 60.549,
                      "Actual Rows": 11486,
                      "Actual Loops": 6,
                      "Hash Buckets": 131072,
                      "Original Hash Buckets": 131072,
                      "Hash Batches": 1,
                      "Original Hash Batches": 1,
                      "Peak Memory Usage": 3840,
                      "Plans": [
                        {
                          "Node Type": "Bitmap Heap Scan",
                          "Parent Relationship": "Outer",
                          "Parallel Aware": true,
                          "Relation Name": "title",
                          "Alias": "t",
                          "Startup Cost": 1714.34,
                          "Total Cost": 38068.85,
                          "Plan Rows": 16896,
                          "Plan Width": 4,
                          "Actual Startup Time": 9.886,
                          "Actual Total Time": 55.044,
                          "Actual Rows": 11486,
                          "Actual Loops": 6,
                          "Recheck Cond": "(kind_id = 2)",
                          "Rows Removed by Index Recheck": 0,
                          "Filter": "(production_year < 2009)",
                          "Rows Removed by Filter": 3656,
                          "Exact Heap Blocks": 8864,
                          "Lossy Heap Blocks": 0,
                          "Plans": [
                            {
                              "Node Type": "Bitmap Index Scan",
                              "Parent Relationship": "Outer",
                              "Parallel Aware": false,
                              "Index Name": "kind_id_title",
                              "Startup Cost": 0.0,
                              "Total Cost": 1697.45,
                              "Plan Rows": 95069,
                              "Plan Width": 0,
                              "Actual Startup Time": 9.718,
                              "Actual Total Time": 9.719,
                              "Actual Rows": 90852,
                              "Actual Loops": 1,
                              "Index Cond": "(kind_id = 2)"
                            }
                          ]
                        }
                      ]
                    }
                  ]
                }
              ]
            }
          ]
        }
      ]
    },
    "Planning Time": 0.611,
    "Triggers": [],
    "Execution Time": 780.305
  }
]