[
  {
    "Plan": {
      "Node Type": "Aggregate",
      "Strategy": "Plain",
      "Partial Mode": "Finalize",
      "Parallel Aware": false,
      "Startup Cost": 346895.23,
      "Total Cost": 346895.24,
      "Plan Rows": 1,
      "Plan Width": 8,
      "Actual Startup Time": 619.765,
      "Actual Total Time": 678.859,
      "Actual Rows": 1,
      "Actual Loops": 1,
      "Plans": [
        {
          "Node Type": "Gather",
          "Parent Relationship": "Outer",
          "Parallel Aware": false,
          "Startup Cost": 346894.6,
          "Total Cost": 346895.21,
          "Plan Rows": 6,
          "Plan Width": 8,
          "Actual Startup Time": 619.607,
          "Actual Total Time": 678.846,
          "Actual Rows": 7,
          "Actual Loops": 1,
          "Workers Planned": 6,
          "Workers Launched": 6,
          "Single Copy": false,
          "Plans": [
            {
              "Node Type": "Aggregate",
              "Strategy": "Plain",
              "Partial Mode": "Partial",
              "Parent Relationship": "Outer",
              "Parallel Aware": false,
              "Startup Cost": 345894.6,
              "Total Cost": 345894.61,
              "Plan Rows": 1,
              "Plan Width": 8,
              "Actual Startup Time": 609.9,
              "Actual Total Time": 609.901,
              "Actual Rows": 1,
              "Actual Loops": 7,
              "Plans": [
                {
                  "Node Type": "Seq Scan",
                  "Parent Relationship": "Outer",
                  "Parallel Aware": true,
                  "Relation Name": "cast_info",
                  "Alias": "ci",
                  "Startup Cost": 0.0,
                  "Total Cost": 343257.03,
                  "Plan Rows": 1055030,
                  "Plan Width": 0,
                  "Actual Startup Time": 354.359,
                  "Actual Total Time": 594.712,
                  "Actual Rows": 365546,
                  "Actual Loops": 7,
                  "Filter": "((person_id > 2836578) AND (role_id < 5))",
                  "Rows Removed by Filter": 4812217
                }
              ]
            }
          ]
        }
      ]
    },
    "Planning Time": 0.212,
    "Triggers": [],
    "Execution Time": 678.932
  }
]