[
  {
    "Plan": {
      "Node Type": "Aggregate",
      "Strategy": "Plain",
      "Partial Mode": "Finalize",
      "Parallel Aware": false,
      "Startup Cost": 70400.28,
      "Total Cost": 70400.29,
      "Plan Rows": 1,
      "Plan Width": 8,
      "Actual Startup Time": 150.431,
      "Actual Total Time": 156.583,
      "Actual Rows": 1,
      "Actual Loops": 1,
      "Plans": [
        {
          "Node Type": "Gather",
          "Parent Relationship": "Outer",
          "Parallel Aware": false,
          "Startup Cost": 70399.86,
          "Total Cost": 70400.27,
          "Plan Rows": 4,
          "Plan Width": 8,
          "Actual Startup Time": 149.508,
          "Actual Total Time": 156.576,
          "Actual Rows": 5,
          "Actual Loops": 1,
          "Workers Planned": 4,
          "Workers Launched": 4,
          "Single Copy": false,
          "Plans": [
            {
              "Node Type": "Aggregate",
              "Strategy": "Plain",
              "Partial Mode": "Partial",
              "Parent Relationship": "Outer",
              "Parallel Aware": false,
              "Startup Cost": 69399.86,
              "Total Cost": 69399.87,
              "Plan Rows": 1,
              "Plan Width": 8,
              "Actual Startup Time": 143.979,
              "Actual Total Time": 143.981,
              "Actual Rows": 1,
              "Actual Loops": 5,
              "Plans": [
                {
                  "Node Type": "Hash Join",
                  "Parent Relationship": "Outer",
                  "Parallel Aware": true,
                  "Join Type": "Inner",
                  "Startup Cost": 22441.48,
                  "Total Cost": 69381.27,
                  "Plan Rows": 7433,
                  "Plan Width": 0,
                  "Actual Startup Time": 119.512,
                  "Actual Total Time": 143.757,
                  "Actual Rows": 2997,
                  "Actual Loops": 5,
                  "Inner Unique": false,
                  "Hash Cond": "(t.id = mc.movie_id)",
                  "Plans": [
                    {
                      "Node Type": "Seq Scan",
                      "Parent Relationship": "Outer",
                      "Parallel Aware": true,
                      "Relation Name": "title",
                      "Alias": "t",
                      "Startup Cost": 0.0,
                      "Total Cost": 45479.21,
                      "Plan Rows": 287322,
                      "Plan Width": 4,
                      "Actual Startup Time": 0.012,
                      "Actual Total Time": 74.132,
                      "Actual Rows": 253466,
                      "Actual Loops": 5,
                      "Filter": "((kind_id > 1) AND (production_year > 1996))",
                      "Rows Removed by Filter": 252196
                    },
                    {
                      "Node Type": "Hash",
                      "Parent Relationship": "Inner",
                      "Parallel Aware": true,
                      "Startup Cost": 22177.74,
                      "Total Cost": 22177.74,
                      "Plan Rows": 21099,
                      "Plan Width": 4,
                      "Actual Startup Time": 31.44,
                      "Actual Total Time": 31.441,
                      "Actual Rows": 26178,
                      "Actual Loops": 5,
                      "Hash Buckets": 131072,
                      "Original Hash Buckets": 65536,
                      "Hash Batches": 1,
                      "Original Hash Batches": 1,
                      "Peak Memory Usage": 6752,
                      "Plans": [
                        {
                          "Node Type": "Bitmap Heap Scan",
                          "Parent Relationship": "Outer",
                          "Parallel Aware": true,
                          "Relation Name": "movie_companies",
                          "Alias": "mc",
                          "Startup Cost": 2766.97,
                          "Total Cost": 22177.74,
                          "Plan Rows": 21099,
                          "Plan Width": 4,
                          "Actual Startup Time": 3.126,
                          "Actual Total Time": 19.212,
                          "Actual Rows": 26178,
                          "Actual Loops": 5,
                          "Recheck Cond": "(company_id > 140821)",
                          "Rows Removed by Index Recheck": 0,
                          "Filter": "(company_type_id > 1)",
                          "Rows Removed by Filter": 0,
                          "Exact Heap Blocks": 1271,
                          "Lossy Heap Blocks": 0,
                          "Plans": [
                            {
                              "Node Type": "Bitmap Index Scan",
                              "Parent Relationship": "Outer",
                              "Parallel Aware": false,
                              "Index Name": "company_id_movie_companies",
                              "Startup Cost": 0.0,
                              "Total Cost": 2750.62,
                              "Plan Rows": 128292,
                              "Plan Width": 0,
                              "Actual Startup Time": 6.911,
                              "Actual Total Time": 6.911,
                              "Actual Rows": 130891,
                              "Actual Loops": 1,
                              "Index Cond": "(company_id > 140821)"
                            }
                          ]
                        }
                      ]
                    }
                  ]
                }
              ]
            }
          ]
        }
      ]
    },
    "Planning Time": 0.286,
    "Triggers": [],
    "Execution Time": 156.626
  }
]