[
  {
    "Plan": {
      "Node Type": "Aggregate",
      "Strategy": "Plain",
      "Partial Mode": "Finalize",
      "Parallel Aware": false,
      "Startup Cost": 70592.97,
      "Total Cost": 70592.98,
      "Plan Rows": 1,
      "Plan Width": 8,
      "Actual Startup Time": 183.195,
      "Actual Total Time": 196.95,
      "Actual Rows": 1,
      "Actual Loops": 1,
      "Plans": [
        {
          "Node Type": "Gather",
          "Parent Relationship": "Outer",
          "Parallel Aware": false,
          "Startup Cost": 70592.55,
          "Total Cost": 70592.96,
          "Plan Rows": 4,
          "Plan Width": 8,
          "Actual Startup Time": 182.478,
          "Actual Total Time": 196.94,
          "Actual Rows": 5,
          "Actual Loops": 1,
          "Workers Planned": 4,
          "Workers Launched": 4,
          "Single Copy": false,
          "Plans": [
            {
              "Node Type": "Aggregate",
              "Strategy": "Plain",
              "Partial Mode": "Partial",
              "Parent Relationship": "Outer",
              "Parallel Aware": false,
              "Startup Cost": 69592.55,
              "Total Cost": 69592.56,
              "Plan Rows": 1,
              "Plan Width": 8,
              "Actual Startup Time": 172.44,
              "Actual Total Time": 172.444,
              "Actual Rows": 1,
              "Actual Loops": 5,
              "Plans": [
                {
                  "Node Type": "Hash Join",
                  "Parent Relationship": "Outer",
                  "Parallel Aware": true,
                  "Join Type": "Inner",
                  "Startup Cost": 22614.67,
                  "Total Cost": 69572.92,
                  "Plan Rows": 7854,
                  "Plan Width": 0,
                  "Actual Startup Time": 145.806,
                  "Actual Total Time": 172.202,
                  "Actual Rows": 2997,
                  "Actual Loops": 5,
                  "Inner Unique": false,
                  "Hash Cond": "(t.id = mc.movie_id)",
                  "Plans": [
                    {
                      "Node Type": "Seq Scan",
                      "Parent Relationship": "Outer",
                      "Parallel Aware": true,
                      "Relation Name": "title",
                      "Alias": "t",
                      "Startup Cost": 0.0,
                      "Total Cost": 45479.1,
                      "Plan Rows": 290762,
                      "Plan Width": 4,
                      "Actual Startup Time": 0.015,
                      "Actual Total Time": 82.441,
                      "Actual Rows": 253466,
                      "Actual Loops": 5,
                      "Filter": "((kind_id > 1) AND (production_year > 1996))",
                      "Rows Removed by Filter": 252196
                    },
                    {
                      "Node Type": "Hash",
                      "Parent Relationship": "Inner",
                      "Parallel Aware": true,
                      "Startup Cost": 22339.27,
                      "Total Cost": 22339.27,
                      "Plan Rows": 22032,
                      "Plan Width": 4,
                      "Actual Startup Time": 46.427,
                      "Actual Total Time": 46.428,
                      "Actual Rows": 26178,
                      "Actual Loops": 5,
                      "Hash Buckets": 131072,
                      "Original Hash Buckets": 131072,
                      "Hash Batches": 1,
                      "Original Hash Batches": 1,
                      "Peak Memory Usage": 6240,
                      "Plans": [
                        {
                          "Node Type": "Bitmap Heap Scan",
                          "Parent Relationship": "Outer",
                          "Parallel Aware": true,
                          "Relation Name": "movie_companies",
                          "Alias": "mc",
                          "Startup Cost": 2898.38,
                          "Total Cost": 22339.27,
                          "Plan Rows": 22032,
                          "Plan Width": 4,
                          "Actual Startup Time": 11.76,
                          "Actual Total Time": 33.626,
                          "Actual Rows": 26178,
                          "Actual Loops": 5,
                          "Recheck Cond": "(company_id > 140821)",
                          "Rows Removed by Index Recheck": 0,
                          "Filter": "(company_type_id > 1)",
                          "Rows Removed by Filter": 0,
                          "Exact Heap Blocks": 1560,
                          "Lossy Heap Blocks": 0,
                          "Plans": [
                            {
                              "Node Type": "Bitmap Index Scan",
                              "Parent Relationship": "Outer",
                              "Parallel Aware": false,
                              "Index Name": "company_id_movie_companies",
                              "Startup Cost": 0.0,
                              "Total Cost": 2881.31,
                              "Plan Rows": 134517,
                              "Plan Width": 0,
                              "Actual Startup Time": 15.285,
                              "Actual Total Time": 15.285,
                              "Actual Rows": 130891,
                              "Actual Loops": 1,
                              "Index Cond": "(company_id > 140821)"
                            }
                          ]
                        }
                      ]
                    }
                  ]
                }
              ]
            }
          ]
        }
      ]
    },
    "Planning Time": 0.677,
    "Triggers": [],
    "Execution Time": 197.042
  }
]