[
  {
    "Plan": {
      "Node Type": "Aggregate",
      "Strategy": "Plain",
      "Partial Mode": "Finalize",
      "Parallel Aware": false,
      "Startup Cost": 31018.55,
      "Total Cost": 31018.56,
      "Plan Rows": 1,
      "Plan Width": 8,
      "Actual Startup Time": 122.345,
      "Actual Total Time": 136.564,
      "Actual Rows": 1,
      "Actual Loops": 1,
      "Plans": [
        {
          "Node Type": "Gather",
          "Parent Relationship": "Outer",
          "Parallel Aware": false,
          "Startup Cost": 31018.24,
          "Total Cost": 31018.55,
          "Plan Rows": 3,
          "Plan Width": 8,
          "Actual Startup Time": 121.837,
          "Actual Total Time": 136.549,
          "Actual Rows": 4,
          "Actual Loops": 1,
          "Workers Planned": 3,
          "Workers Launched": 3,
          "Single Copy": false,
          "Plans": [
            {
              "Node Type": "Aggregate",
              "Strategy": "Plain",
              "Partial Mode": "Partial",
              "Parent Relationship": "Outer",
              "Parallel Aware": false,
              "Startup Cost": 30018.24,
              "Total Cost": 30018.25,
              "Plan Rows": 1,
              "Plan Width": 8,
              "Actual Startup Time": 113.342,
              "Actual Total Time": 113.345,
              "Actual Rows": 1,
              "Actual Loops": 4,
              "Plans": [
                {
                  "Node Type": "Bitmap Heap Scan",
                  "Parent Relationship": "Outer",
                  "Parallel Aware": true,
                  "Relation Name": "movie_keyword",
                  "Alias": "mk",
                  "Startup Cost": 4531.13,
                  "Total Cost": 29846.05,
                  "Plan Rows": 68874,
                  "Plan Width": 0,
                  "Actual Startup Time": 25.312,
                  "Actual Total Time": 108.762,
                  "Actual Rows": 54383,
                  "Actual Loops": 4,
                  "Recheck Cond": "(keyword_id > 65199)",
                  "Rows Removed by Index Recheck": 0,
                  "Exact Heap Blocks": 9566,
                  "Lossy Heap Blocks": 0,
                  "Plans": [
                    {
                      "Node Type": "Bitmap Index Scan",
                      "Parent Relationship": "Outer",
                      "Parallel Aware": false,
                      "Index Name": "keyword_id_movie_keyword",
                      "Startup Cost": 0.0,
                      "Total Cost": 4477.75,
                      "Plan Rows": 213509,
                      "Plan Width": 0,
                      "Actual Startup Time": 28.096,
                      "Actual Total Time": 28.096,
                      "Actual Rows": 217531,
                      "Actual Loops": 1,
                      "Index Cond": "(keyword_id > 65199)"
                    }
                  ]
                }
              ]
            }
          ]
        }
      ]
    },
    "Planning Time": 0.157,
    "Triggers": [],
    "Execution Time": 136.643
  }
]