[
  {
    "Plan": {
      "Node Type": "Aggregate",
      "Strategy": "Plain",
      "Partial Mode": "Finalize",
      "Parallel Aware": false,
      "Startup Cost": 31374.14,
      "Total Cost": 31374.15,
      "Plan Rows": 1,
      "Plan Width": 8,
      "Actual Startup Time": 90.682,
      "Actual Total Time": 95.581,
      "Actual Rows": 1,
      "Actual Loops": 1,
      "Plans": [
        {
          "Node Type": "Gather",
          "Parent Relationship": "Outer",
          "Parallel Aware": false,
          "Startup Cost": 31373.82,
          "Total Cost": 31374.13,
          "Plan Rows": 3,
          "Plan Width": 8,
          "Actual Startup Time": 90.454,
          "Actual Total Time": 95.571,
          "Actual Rows": 4,
          "Actual Loops": 1,
          "Workers Planned": 3,
          "Workers Launched": 3,
          "Single Copy": false,
          "Plans": [
            {
              "Node Type": "Aggregate",
              "Strategy": "Plain",
              "Partial Mode": "Partial",
              "Parent Relationship": "Outer",
              "Parallel Aware": false,
              "Startup Cost": 30373.82,
              "Total Cost": 30373.83,
              "Plan Rows": 1,
              "Plan Width": 8,
              "Actual Startup Time": 84.98,
              "Actual Total Time": 84.982,
              "Actual Rows": 1,
              "Actual Loops": 4,
              "Plans": [
                {
                  "Node Type": "Bitmap Heap Scan",
                  "Parent Relationship": "Outer",
                  "Parallel Aware": true,
                  "Relation Name": "movie_keyword",
                  "Alias": "mk",
                  "Startup Cost": 4820.76,
                  "Total Cost": 30190.64,
                  "Plan Rows": 73271,
                  "Plan Width": 0,
                  "Actual Startup Time": 24.565,
                  "Actual Total Time": 80.509,
                  "Actual Rows": 54383,
                  "Actual Loops": 4,
                  "Recheck Cond": "(keyword_id > 65199)",
                  "Rows Removed by Index Recheck": 0,
                  "Exact Heap Blocks": 9140,
                  "Lossy Heap Blocks": 0,
                  "Plans": [
                    {
                      "Node Type": "Bitmap Index Scan",
                      "Parent Relationship": "Outer",
                      "Parallel Aware": false,
                      "Index Name": "keyword_id_movie_keyword",
                      "Startup Cost": 0.0,
                      "Total Cost": 4763.97,
                      "Plan Rows": 227139,
                      "Plan Width": 0,
                      "Actual Startup Time": 24.507,
                      "Actual Total Time": 24.508,
                      "Actual Rows": 217531,
                      "Actual Loops": 1,
                      "Index Cond": "(keyword_id > 65199)"
                    }
                  ]
                }
              ]
            }
          ]
        }
      ]
    },
    "Planning Time": 0.125,
    "Triggers": [],
    "Execution Time": 95.638
  }
]