{
    "Plan": {
        "Node Type": "Aggregate",
        "Strategy": "Plain",
        "Partial Mode": "Finalize",
        "Parallel Aware": false,
        "Startup Cost": 233867.94,
        "Total Cost": 233867.95,
        "Plan Rows": 1,
        "Plan Width": 8,
        "Actual Startup Time": 191.009,
        "Actual Total Time": 219.406,
        "Actual Rows": 1,
        "Actual Loops": 1,
        "Output": [
            "count(*)"
        ],
        "Plans": [
            {
                "Node Type": "Gather",
                "Parent Relationship": "Outer",
                "Parallel Aware": false,
                "Startup Cost": 233867.52,
                "Total Cost": 233867.93,
                "Plan Rows": 4,
                "Plan Width": 8,
                "Actual Startup Time": 190.891,
                "Actual Total Time": 219.397,
                "Actual Rows": 5,
                "Actual Loops": 1,
                "Output": [
                    "(PARTIAL count(*))"
                ],
                "Workers Planned": 4,
                "Workers Launched": 4,
                "Single Copy": false,
                "Plans": [
                    {
                        "Node Type": "Aggregate",
                        "Strategy": "Plain",
                        "Partial Mode": "Partial",
                        "Parent Relationship": "Outer",
                        "Parallel Aware": false,
                        "Startup Cost": 232867.52,
                        "Total Cost": 232867.53,
                        "Plan Rows": 1,
                        "Plan Width": 8,
                        "Actual Startup Time": 180.712,
                        "Actual Total Time": 180.713,
                        "Actual Rows": 1,
                        "Actual Loops": 5,
                        "Output": [
                            "PARTIAL count(*)"
                        ],
                        "Workers": [
                            {
                                "Worker Number": 0,
                                "Actual Startup Time": 177.728,
                                "Actual Total Time": 177.73,
                                "Actual Rows": 1,
                                "Actual Loops": 1
                            },
                            {
                                "Worker Number": 1,
                                "Actual Startup Time": 178.368,
                                "Actual Total Time": 178.369,
                                "Actual Rows": 1,
                                "Actual Loops": 1
                            },
                            {
                                "Worker Number": 2,
                                "Actual Startup Time": 178.165,
                                "Actual Total Time": 178.167,
                                "Actual Rows": 1,
                                "Actual Loops": 1
                            },
                            {
                                "Worker Number": 3,
                                "Actual Startup Time": 179.221,
                                "Actual Total Time": 179.222,
                                "Actual Rows": 1,
                                "Actual Loops": 1
                            }
                        ],
                        "Plans": [
                            {
                                "Node Type": "Nested Loop",
                                "Parent Relationship": "Outer",
                                "Parallel Aware": false,
                                "Join Type": "Inner",
                                "Startup Cost": 0.43,
                                "Total Cost": 232804.47,
                                "Plan Rows": 25223,
                                "Plan Width": 0,
                                "Actual Startup Time": 0.586,
                                "Actual Total Time": 178.183,
                                "Actual Rows": 34804,
                                "Actual Loops": 5,
                                "Inner Unique": false,
                                "Workers": [
                                    {
                                        "Worker Number": 0,
                                        "Actual Startup Time": 0.833,
                                        "Actual Total Time": 175.176,
                                        "Actual Rows": 18770,
                                        "Actual Loops": 1
                                    },
                                    {
                                        "Worker Number": 1,
                                        "Actual Startup Time": 0.35,
                                        "Actual Total Time": 175.925,
                                        "Actual Rows": 32016,
                                        "Actual Loops": 1
                                    },
                                    {
                                        "Worker Number": 2,
                                        "Actual Startup Time": 1.154,
                                        "Actual Total Time": 175.957,
                                        "Actual Rows": 26496,
                                        "Actual Loops": 1
                                    },
                                    {
                                        "Worker Number": 3,
                                        "Actual Startup Time": 0.33,
                                        "Actual Total Time": 176.962,
                                        "Actual Rows": 28165,
                                        "Actual Loops": 1
                                    }
                                ],
                                "Plans": [
                                    {
                                        "Node Type": "Seq Scan",
                                        "Parent Relationship": "Outer",
                                        "Parallel Aware": true,
                                        "Relation Name": "title",
                                        "Schema": "public",
                                        "Alias": "t",
                                        "Startup Cost": 0.0,
                                        "Total Cost": 45479.21,
                                        "Plan Rows": 5716,
                                        "Plan Width": 4,
                                        "Actual Startup Time": 0.338,
                                        "Actual Total Time": 76.092,
                                        "Actual Rows": 3778,
                                        "Actual Loops": 5,
                                        "Output": [
                                            "t.id",
                                            "t.title",
                                            "t.imdb_index",
                                            "t.kind_id",
                                            "t.production_year",
                                            "t.imdb_id",
                                            "t.phonetic_code",
                                            "t.episode_of_id",
                                            "t.season_nr",
                                            "t.episode_nr",
                                            "t.series_years",
                                            "t.md5sum"
                                        ],
                                        "Filter": "((t.kind_id < 7) AND (t.production_year = 2001))",
                                        "Rows Removed by Filter": 501884,
                                        "Workers": [
                                            {
                                                "Worker Number": 0,
                                                "Actual Startup Time": 0.575,
                                                "Actual Total Time": 68.12,
                                                "Actual Rows": 2038,
                                                "Actual Loops": 1
                                            },
                                            {
                                                "Worker Number": 1,
                                                "Actual Startup Time": 0.062,
                                                "Actual Total Time": 70.329,
                                                "Actual Rows": 3225,
                                                "Actual Loops": 1
                                            },
                                            {
                                                "Worker Number": 2,
                                                "Actual Startup Time": 0.759,
                                                "Actual Total Time": 68.966,
                                                "Actual Rows": 2953,
                                                "Actual Loops": 1
                                            },
                                            {
                                                "Worker Number": 3,
                                                "Actual Startup Time": 0.067,
                                                "Actual Total Time": 72.409,
                                                "Actual Rows": 3416,
                                                "Actual Loops": 1
                                            }
                                        ]
                                    },
                                    {
                                        "Node Type": "Index Scan",
                                        "Parent Relationship": "Inner",
                                        "Parallel Aware": false,
                                        "Scan Direction": "Forward",
                                        "Index Name": "movie_id_movie_info",
                                        "Relation Name": "movie_info",
                                        "Schema": "public",
                                        "Alias": "mi",
                                        "Startup Cost": 0.43,
                                        "Total Cost": 32.47,
                                        "Plan Rows": 30,
                                        "Plan Width": 4,
                                        "Actual Startup Time": 0.009,
                                        "Actual Total Time": 0.026,
                                        "Actual Rows": 9,
                                        "Actual Loops": 18892,
                                        "Output": [
                                            "mi.id",
                                            "mi.movie_id",
                                            "mi.info_type_id",
                                            "mi.info",
                                            "mi.note"
                                        ],
                                        "Index Cond": "(mi.movie_id = t.id)",
                                        "Rows Removed by Index Recheck": 0,
                                        "Filter": "(mi.info_type_id > 3)",
                                        "Rows Removed by Filter": 3,
                                        "Workers": [
                                            {
                                                "Worker Number": 0,
                                                "Actual Startup Time": 0.018,
                                                "Actual Total Time": 0.05,
                                                "Actual Rows": 9,
                                                "Actual Loops": 2038
                                            },
                                            {
                                                "Worker Number": 1,
                                                "Actual Startup Time": 0.011,
                                                "Actual Total Time": 0.031,
                                                "Actual Rows": 10,
                                                "Actual Loops": 3225
                                            },
                                            {
                                                "Worker Number": 2,
                                                "Actual Startup Time": 0.012,
                                                "Actual Total Time": 0.035,
                                                "Actual Rows": 9,
                                                "Actual Loops": 2953
                                            },
                                            {
                                                "Worker Number": 3,
                                                "Actual Startup Time": 0.011,
                                                "Actual Total Time": 0.029,
                                                "Actual Rows": 8,
                                                "Actual Loops": 3416
                                            }
                                        ]
                                    }
                                ]
                            }
                        ]
                    }
                ]
            }
        ]
    },
    "Planning Time": 0.762,
    "Triggers": [],
    "Execution Time": 219.486
}