{
  "Plan": {
    "Node Type": "Aggregate",
    "Strategy": "Plain",
    "Partial Mode": "Finalize",
    "Parallel Aware": false,
    "Startup Cost": 82385.54,
    "Total Cost": 82385.55,
    "Plan Rows": 1,
    "Plan Width": 8,
    "Actual Startup Time": 156.052,
    "Actual Total Time": 171.88,
    "Actual Rows": 1,
    "Actual Loops": 1,
    "Plans": [
      {
        "Node Type": "Gather",
        "Parent Relationship": "Outer",
        "Parallel Aware": false,
        "Startup Cost": 82385.43,
        "Total Cost": 82385.54,
        "Plan Rows": 1,
        "Plan Width": 8,
        "Actual Startup Time": 155.952,
        "Actual Total Time": 171.873,
        "Actual Rows": 2,
        "Actual Loops": 1,
        "Workers Planned": 1,
        "Workers Launched": 1,
        "Single Copy": false,
        "Plans": [
          {
            "Node Type": "Aggregate",
            "Strategy": "Plain",
            "Partial Mode": "Partial",
            "Parent Relationship": "Outer",
            "Parallel Aware": false,
            "Startup Cost": 81385.43,
            "Total Cost": 81385.44,
            "Plan Rows": 1,
            "Plan Width": 8,
            "Actual Startup Time": 151.136,
            "Actual Total Time": 151.138,
            "Actual Rows": 1,
            "Actual Loops": 2,
            "Plans": [
              {
                "Node Type": "Nested Loop",
                "Parent Relationship": "Outer",
                "Parallel Aware": false,
                "Join Type": "Inner",
                "Startup Cost": 0.43,
                "Total Cost": 81373.95,
                "Plan Rows": 4591,
                "Plan Width": 0,
                "Actual Startup Time": 0.651,
                "Actual Total Time": 150.768,
                "Actual Rows": 7054,
                "Actual Loops": 2,
                "Inner Unique": false,
                "Plans": [
                  {
                    "Node Type": "Seq Scan",
                    "Parent Relationship": "Outer",
                    "Parallel Aware": true,
                    "Relation Name": "title",
                    "Alias": "t",
                    "Startup Cost": 0.0,
                    "Total Cost": 58306.47,
                    "Plan Rows": 2566,
                    "Plan Width": 4,
                    "Actual Startup Time": 0.528,
                    "Actual Total Time": 134.095,
                    "Actual Rows": 2170,
                    "Actual Loops": 2,
                    "Filter": "((kind_id < 7) AND (production_year = 1961))",
                    "Rows Removed by Filter": 1261986
                  },
                  {
                    "Node Type": "Index Only Scan",
                    "Parent Relationship": "Inner",
                    "Parallel Aware": false,
                    "Scan Direction": "Forward",
                    "Index Name": "movie_id_movie_keyword",
                    "Relation Name": "movie_keyword",
                    "Alias": "mk",
                    "Startup Cost": 0.43,
                    "Total Cost": 8.54,
                    "Plan Rows": 45,
                    "Plan Width": 4,
                    "Actual Startup Time": 0.007,
                    "Actual Total Time": 0.007,
                    "Actual Rows": 3,
                    "Actual Loops": 4339,
                    "Index Cond": "(movie_id = t.id)",
                    "Rows Removed by Index Recheck": 0,
                    "Heap Fetches": 14108
                  }
                ]
              }
            ]
          }
        ]
      }
    ]
  },
  "Planning Time": 0.447,
  "Triggers": [],
  "Execution Time": 171.954
}