[
  {
    "Plan": {
      "Node Type": "Aggregate",
      "Strategy": "Plain",
      "Partial Mode": "Finalize",
      "Parallel Aware": false,
      "Startup Cost": 32685.85,
      "Total Cost": 32685.86,
      "Plan Rows": 1,
      "Plan Width": 8,
      "Actual Startup Time": 81.781,
      "Actual Total Time": 90.22,
      "Actual Rows": 1,
      "Actual Loops": 1,
      "Plans": [
        {
          "Node Type": "Gather",
          "Parent Relationship": "Outer",
          "Parallel Aware": false,
          "Startup Cost": 32685.53,
          "Total Cost": 32685.84,
          "Plan Rows": 3,
          "Plan Width": 8,
          "Actual Startup Time": 81.692,
          "Actual Total Time": 90.213,
          "Actual Rows": 4,
          "Actual Loops": 1,
          "Workers Planned": 3,
          "Workers Launched": 3,
          "Single Copy": false,
          "Plans": [
            {
              "Node Type": "Aggregate",
              "Strategy": "Plain",
              "Partial Mode": "Partial",
              "Parent Relationship": "Outer",
              "Parallel Aware": false,
              "Startup Cost": 31685.53,
              "Total Cost": 31685.54,
              "Plan Rows": 1,
              "Plan Width": 8,
              "Actual Startup Time": 75.137,
              "Actual Total Time": 75.139,
              "Actual Rows": 1,
              "Actual Loops": 4,
              "Plans": [
                {
                  "Node Type": "Seq Scan",
                  "Parent Relationship": "Outer",
                  "Parallel Aware": true,
                  "Relation Name": "movie_companies",
                  "Alias": "mc",
                  "Startup Cost": 0.0,
                  "Total Cost": 31414.82,
                  "Plan Rows": 108285,
                  "Plan Width": 0,
                  "Actual Startup Time": 32.706,
                  "Actual Total Time": 74.685,
                  "Actual Rows": 8233,
                  "Actual Loops": 4,
                  "Filter": "((company_id > 46087) AND (company_type_id = 1))",
                  "Rows Removed by Filter": 644050
                }
              ]
            }
          ]
        }
      ]
    },
    "Planning Time": 0.179,
    "Triggers": [],
    "Execution Time": 90.269
  }
]