[
  {
    "Plan": {
      "Node Type": "Aggregate",
      "Strategy": "Plain",
      "Partial Mode": "Finalize",
      "Parallel Aware": false,
      "Startup Cost": 337822.41,
      "Total Cost": 337822.42,
      "Plan Rows": 1,
      "Plan Width": 8,
      "Actual Startup Time": 764.8,
      "Actual Total Time": 809.44,
      "Actual Rows": 1,
      "Actual Loops": 1,
      "Plans": [
        {
          "Node Type": "Gather",
          "Parent Relationship": "Outer",
          "Parallel Aware": false,
          "Startup Cost": 337821.79,
          "Total Cost": 337822.4,
          "Plan Rows": 6,
          "Plan Width": 8,
          "Actual Startup Time": 764.556,
          "Actual Total Time": 809.42,
          "Actual Rows": 7,
          "Actual Loops": 1,
          "Workers Planned": 6,
          "Workers Launched": 6,
          "Single Copy": false,
          "Plans": [
            {
              "Node Type": "Aggregate",
              "Strategy": "Plain",
              "Partial Mode": "Partial",
              "Parent Relationship": "Outer",
              "Parallel Aware": false,
              "Startup Cost": 336821.79,
              "Total Cost": 336821.8,
              "Plan Rows": 1,
              "Plan Width": 8,
              "Actual Startup Time": 757.623,
              "Actual Total Time": 757.625,
              "Actual Rows": 1,
              "Actual Loops": 7,
              "Plans": [
                {
                  "Node Type": "Seq Scan",
                  "Parent Relationship": "Outer",
                  "Parallel Aware": true,
                  "Relation Name": "cast_info",
                  "Alias": "ci",
                  "Startup Cost": 0.0,
                  "Total Cost": 328211.39,
                  "Plan Rows": 3444159,
                  "Plan Width": 0,
                  "Actual Startup Time": 0.046,
                  "Actual Total Time": 620.971,
                  "Actual Rows": 2993550,
                  "Actual Loops": 7,
                  "Filter": "(person_id < 2112987)",
                  "Rows Removed by Filter": 2184214
                }
              ]
            }
          ]
        }
      ]
    },
    "Planning Time": 0.09,
    "Triggers": [],
    "Execution Time": 809.483
  }
]