{
  "Plan": {
    "Node Type": "Aggregate",
    "Strategy": "Plain",
    "Partial Mode": "Finalize",
    "Parallel Aware": false,
    "Startup Cost": 254941.49,
    "Total Cost": 254941.5,
    "Plan Rows": 1,
    "Plan Width": 8,
    "Actual Startup Time": 929.336,
    "Actual Total Time": 951.517,
    "Actual Rows": 1,
    "Actual Loops": 1,
    "Plans": [
      {
        "Node Type": "Gather",
        "Parent Relationship": "Outer",
        "Parallel Aware": false,
        "Startup Cost": 254941.38,
        "Total Cost": 254941.49,
        "Plan Rows": 1,
        "Plan Width": 8,
        "Actual Startup Time": 928.786,
        "Actual Total Time": 951.499,
        "Actual Rows": 2,
        "Actual Loops": 1,
        "Workers Planned": 1,
        "Workers Launched": 1,
        "Single Copy": false,
        "Plans": [
          {
            "Node Type": "Aggregate",
            "Strategy": "Plain",
            "Partial Mode": "Partial",
            "Parent Relationship": "Outer",
            "Parallel Aware": false,
            "Startup Cost": 253941.38,
            "Total Cost": 253941.39,
            "Plan Rows": 1,
            "Plan Width": 8,
            "Actual Startup Time": 924.074,
            "Actual Total Time": 924.081,
            "Actual Rows": 1,
            "Actual Loops": 2,
            "Plans": [
              {
                "Node Type": "Hash Join",
                "Parent Relationship": "Outer",
                "Parallel Aware": true,
                "Join Type": "Inner",
                "Startup Cost": 219535.14,
                "Total Cost": 253810.89,
                "Plan Rows": 52195,
                "Plan Width": 0,
                "Actual Startup Time": 822.787,
                "Actual Total Time": 923.218,
                "Actual Rows": 19370,
                "Actual Loops": 2,
                "Inner Unique": false,
                "Hash Cond": "(mk.movie_id = t.id)",
                "Plans": [
                  {
                    "Node Type": "Bitmap Heap Scan",
                    "Parent Relationship": "Outer",
                    "Parallel Aware": true,
                    "Relation Name": "movie_keyword",
                    "Alias": "mk",
                    "Startup Cost": 21114.67,
                    "Total Cost": 52887.69,
                    "Plan Rows": 585521,
                    "Plan Width": 4,
                    "Actual Startup Time": 57.559,
                    "Actual Total Time": 146.615,
                    "Actual Rows": 492820,
                    "Actual Loops": 2,
                    "Recheck Cond": "(keyword_id > 18763)",
                    "Rows Removed by Index Recheck": 0,
                    "Exact Heap Blocks": 14219,
                    "Lossy Heap Blocks": 0,
                    "Plans": [
                      {
                        "Node Type": "Bitmap Index Scan",
                        "Parent Relationship": "Outer",
                        "Parallel Aware": false,
                        "Index Name": "keyword_id_movie_keyword",
                        "Startup Cost": 0.0,
                        "Total Cost": 20865.83,
                        "Plan Rows": 995386,
                        "Plan Width": 0,
                        "Actual Startup Time": 53.967,
                        "Actual Total Time": 53.968,
                        "Actual Rows": 985641,
                        "Actual Loops": 1,
                        "Index Cond": "(keyword_id > 18763)"
                      }
                    ]
                  },
                  {
                    "Node Type": "Hash",
                    "Parent Relationship": "Inner",
                    "Parallel Aware": true,
                    "Startup Cost": 196763.28,
                    "Total Cost": 196763.28,
                    "Plan Rows": 132575,
                    "Plan Width": 8,
                    "Actual Startup Time": 729.628,
                    "Actual Total Time": 729.632,
                    "Actual Rows": 5233,
                    "Actual Loops": 2,
                    "Hash Buckets": 262144,
                    "Original Hash Buckets": 262144,
                    "Hash Batches": 1,
                    "Original Hash Batches": 1,
                    "Peak Memory Usage": 2464,
                    "Plans": [
                      {
                        "Node Type": "Hash Join",
                        "Parent Relationship": "Outer",
                        "Parallel Aware": true,
                        "Join Type": "Inner",
                        "Startup Cost": 55544.75,
                        "Total Cost": 196763.28,
                        "Plan Rows": 132575,
                        "Plan Width": 8,
                        "Actual Startup Time": 142.238,
                        "Actual Total Time": 727.306,
                        "Actual Rows": 5233,
                        "Actual Loops": 2,
                        "Inner Unique": true,
                        "Hash Cond": "(ci.movie_id = t.id)",
                        "Plans": [
                          {
                            "Node Type": "Index Scan",
                            "Parent Relationship": "Outer",
                            "Parallel Aware": true,
                            "Scan Direction": "Forward",
                            "Index Name": "role_id_cast_info",
                            "Relation Name": "cast_info",
                            "Alias": "ci",
                            "Startup Cost": 0.56,
                            "Total Cost": 134450.3,
                            "Plan Rows": 2578582,
                            "Plan Width": 4,
                            "Actual Startup Time": 0.041,
                            "Actual Total Time": 286.237,
                            "Actual Rows": 2161509,
                            "Actual Loops": 2,
                            "Index Cond": "(role_id = 10)",
                            "Rows Removed by Index Recheck": 0
                          },
                          {
                            "Node Type": "Hash",
                            "Parent Relationship": "Inner",
                            "Parallel Aware": true,
                            "Startup Cost": 54588.39,
                            "Total Cost": 54588.39,
                            "Plan Rows": 76464,
                            "Plan Width": 4,
                            "Actual Startup Time": 140.373,
                            "Actual Total Time": 140.374,
                            "Actual Rows": 65162,
                            "Actual Loops": 2,
                            "Hash Buckets": 131072,
                            "Original Hash Buckets": 131072,
                            "Hash Batches": 1,
                            "Original Hash Batches": 1,
                            "Peak Memory Usage": 6144,
                            "Plans": [
                              {
                                "Node Type": "Seq Scan",
                                "Parent Relationship": "Outer",
                                "Parallel Aware": true,
                                "Relation Name": "title",
                                "Alias": "t",
                                "Startup Cost": 0.0,
                                "Total Cost": 54588.39,
                                "Plan Rows": 76464,
                                "Plan Width": 4,
                                "Actual Startup Time": 50.355,
                                "Actual Total Time": 126.97,
                                "Actual Rows": 65162,
                                "Actual Loops": 2,
                                "Filter": "(production_year < 1936)",
                                "Rows Removed by Filter": 1198994
                              }
                            ]
                          }
                        ]
                      }
                    ]
                  }
                ]
              }
            ]
          }
        ]
      }
    ]
  },
  "Planning Time": 0.752,
  "Triggers": [],
  "Execution Time": 951.61
}