{
  "Plan": {
    "Node Type": "Aggregate",
    "Strategy": "Plain",
    "Partial Mode": "Finalize",
    "Parallel Aware": false,
    "Startup Cost": 103863.02,
    "Total Cost": 103863.03,
    "Plan Rows": 1,
    "Plan Width": 8,
    "Actual Startup Time": 495.228,
    "Actual Total Time": 513.573,
    "Actual Rows": 1,
    "Actual Loops": 1,
    "Plans": [
      {
        "Node Type": "Gather",
        "Parent Relationship": "Outer",
        "Parallel Aware": false,
        "Startup Cost": 103862.91,
        "Total Cost": 103863.02,
        "Plan Rows": 1,
        "Plan Width": 8,
        "Actual Startup Time": 493.369,
        "Actual Total Time": 513.563,
        "Actual Rows": 2,
        "Actual Loops": 1,
        "Workers Planned": 1,
        "Workers Launched": 1,
        "Single Copy": false,
        "Plans": [
          {
            "Node Type": "Aggregate",
            "Strategy": "Plain",
            "Partial Mode": "Partial",
            "Parent Relationship": "Outer",
            "Parallel Aware": false,
            "Startup Cost": 102862.91,
            "Total Cost": 102862.92,
            "Plan Rows": 1,
            "Plan Width": 8,
            "Actual Startup Time": 487.849,
            "Actual Total Time": 487.852,
            "Actual Rows": 1,
            "Actual Loops": 2,
            "Plans": [
              {
                "Node Type": "Hash Join",
                "Parent Relationship": "Outer",
                "Parallel Aware": true,
                "Join Type": "Inner",
                "Startup Cost": 62412.32,
                "Total Cost": 102432.65,
                "Plan Rows": 172106,
                "Plan Width": 0,
                "Actual Startup Time": 301.792,
                "Actual Total Time": 483.281,
                "Actual Rows": 91592,
                "Actual Loops": 2,
                "Inner Unique": true,
                "Hash Cond": "(mc.movie_id = t.id)",
                "Plans": [
                  {
                    "Node Type": "Seq Scan",
                    "Parent Relationship": "Outer",
                    "Parallel Aware": true,
                    "Relation Name": "movie_companies",
                    "Alias": "mc",
                    "Startup Cost": 0.0,
                    "Total Cost": 37974.77,
                    "Plan Rows": 779260,
                    "Plan Width": 4,
                    "Actual Startup Time": 52.491,
                    "Actual Total Time": 127.983,
                    "Actual Rows": 667442,
                    "Actual Loops": 2,
                    "Filter": "(company_type_id = 2)",
                    "Rows Removed by Filter": 637123
                  },
                  {
                    "Node Type": "Hash",
                    "Parent Relationship": "Inner",
                    "Parallel Aware": true,
                    "Startup Cost": 58306.47,
                    "Total Cost": 58306.47,
                    "Plan Rows": 328468,
                    "Plan Width": 4,
                    "Actual Startup Time": 239.654,
                    "Actual Total Time": 239.655,
                    "Actual Rows": 227117,
                    "Actual Loops": 2,
                    "Hash Buckets": 1048576,
                    "Original Hash Buckets": 1048576,
                    "Hash Batches": 1,
                    "Original Hash Batches": 1,
                    "Peak Memory Usage": 26016,
                    "Plans": [
                      {
                        "Node Type": "Seq Scan",
                        "Parent Relationship": "Outer",
                        "Parallel Aware": true,
                        "Relation Name": "title",
                        "Alias": "t",
                        "Startup Cost": 0.0,
                        "Total Cost": 58306.47,
                        "Plan Rows": 328468,
                        "Plan Width": 4,
                        "Actual Startup Time": 0.034,
                        "Actual Total Time": 171.673,
                        "Actual Rows": 227117,
                        "Actual Loops": 2,
                        "Filter": "((production_year < 1998) AND (kind_id = 7))",
                        "Rows Removed by Filter": 1037039
                      }
                    ]
                  }
                ]
              }
            ]
          }
        ]
      }
    ]
  },
  "Planning Time": 0.622,
  "Triggers": [],
  "Execution Time": 513.644
}