[
  {
    "Plan": {
      "Node Type": "Aggregate",
      "Strategy": "Plain",
      "Partial Mode": "Finalize",
      "Parallel Aware": false,
      "Startup Cost": 95107.55,
      "Total Cost": 95107.56,
      "Plan Rows": 1,
      "Plan Width": 8,
      "Actual Startup Time": 454.717,
      "Actual Total Time": 472.367,
      "Actual Rows": 1,
      "Actual Loops": 1,
      "Plans": [
        {
          "Node Type": "Gather",
          "Parent Relationship": "Outer",
          "Parallel Aware": false,
          "Startup Cost": 95107.23,
          "Total Cost": 95107.54,
          "Plan Rows": 3,
          "Plan Width": 8,
          "Actual Startup Time": 443.948,
          "Actual Total Time": 472.358,
          "Actual Rows": 4,
          "Actual Loops": 1,
          "Workers Planned": 3,
          "Workers Launched": 3,
          "Single Copy": false,
          "Plans": [
            {
              "Node Type": "Aggregate",
              "Strategy": "Plain",
              "Partial Mode": "Partial",
              "Parent Relationship": "Outer",
              "Parallel Aware": false,
              "Startup Cost": 94107.23,
              "Total Cost": 94107.24,
              "Plan Rows": 1,
              "Plan Width": 8,
              "Actual Startup Time": 438.407,
              "Actual Total Time": 438.41,
              "Actual Rows": 1,
              "Actual Loops": 4,
              "Plans": [
                {
                  "Node Type": "Hash Join",
                  "Parent Relationship": "Outer",
                  "Parallel Aware": true,
                  "Join Type": "Inner",
                  "Startup Cost": 50074.76,
                  "Total Cost": 93536.78,
                  "Plan Rows": 228180,
                  "Plan Width": 0,
                  "Actual Startup Time": 287.235,
                  "Actual Total Time": 431.313,
                  "Actual Rows": 157605,
                  "Actual Loops": 4,
                  "Inner Unique": true,
                  "Hash Cond": "(mk.movie_id = t.id)",
                  "Plans": [
                    {
                      "Node Type": "Seq Scan",
                      "Parent Relationship": "Outer",
                      "Parallel Aware": true,
                      "Relation Name": "movie_keyword",
                      "Alias": "mk",
                      "Startup Cost": 0.0,
                      "Total Cost": 42695.65,
                      "Plan Rows": 291951,
                      "Plan Width": 4,
                      "Actual Startup Time": 1.573,
                      "Actual Total Time": 92.708,
                      "Actual Rows": 224136,
                      "Actual Loops": 4,
                      "Filter": "(keyword_id > 20597)",
                      "Rows Removed by Filter": 906846
                    },
                    {
                      "Node Type": "Hash",
                      "Parent Relationship": "Inner",
                      "Parallel Aware": true,
                      "Startup Cost": 43899.32,
                      "Total Cost": 43899.32,
                      "Plan Rows": 494035,
                      "Plan Width": 4,
                      "Actual Startup Time": 281.881,
                      "Actual Total Time": 281.883,
                      "Actual Rows": 490547,
                      "Actual Loops": 4,
                      "Hash Buckets": 2097152,
                      "Original Hash Buckets": 2097152,
                      "Hash Batches": 1,
                      "Original Hash Batches": 1,
                      "Peak Memory Usage": 93184,
                      "Plans": [
                        {
                          "Node Type": "Seq Scan",
                          "Parent Relationship": "Outer",
                          "Parallel Aware": true,
                          "Relation Name": "title",
                          "Alias": "t",
                          "Startup Cost": 0.0,
                          "Total Cost": 43899.32,
                          "Plan Rows": 494035,
                          "Plan Width": 4,
                          "Actual Startup Time": 0.027,
                          "Actual Total Time": 112.669,
                          "Actual Rows": 490547,
                          "Actual Loops": 4,
                          "Filter": "(production_year > 1978)",
                          "Rows Removed by Filter": 141531
                        }
                      ]
                    }
                  ]
                }
              ]
            }
          ]
        }
      ]
    },
    "Planning Time": 0.208,
    "Triggers": [],
    "Execution Time": 472.397
  }
]