[
  {
    "Plan": {
      "Node Type": "Aggregate",
      "Strategy": "Plain",
      "Partial Mode": "Finalize",
      "Parallel Aware": false,
      "Startup Cost": 52248.69,
      "Total Cost": 52248.7,
      "Plan Rows": 1,
      "Plan Width": 8,
      "Actual Startup Time": 86.185,
      "Actual Total Time": 97.367,
      "Actual Rows": 1,
      "Actual Loops": 1,
      "Plans": [
        {
          "Node Type": "Gather",
          "Parent Relationship": "Outer",
          "Parallel Aware": false,
          "Startup Cost": 52248.37,
          "Total Cost": 52248.68,
          "Plan Rows": 3,
          "Plan Width": 8,
          "Actual Startup Time": 86.042,
          "Actual Total Time": 97.361,
          "Actual Rows": 4,
          "Actual Loops": 1,
          "Workers Planned": 3,
          "Workers Launched": 3,
          "Single Copy": false,
          "Plans": [
            {
              "Node Type": "Aggregate",
              "Strategy": "Plain",
              "Partial Mode": "Partial",
              "Parent Relationship": "Outer",
              "Parallel Aware": false,
              "Startup Cost": 51248.37,
              "Total Cost": 51248.38,
              "Plan Rows": 1,
              "Plan Width": 8,
              "Actual Startup Time": 77.271,
              "Actual Total Time": 77.273,
              "Actual Rows": 1,
              "Actual Loops": 4,
              "Plans": [
                {
                  "Node Type": "Nested Loop",
                  "Parent Relationship": "Outer",
                  "Parallel Aware": false,
                  "Join Type": "Inner",
                  "Startup Cost": 322.16,
                  "Total Cost": 51248.25,
                  "Plan Rows": 50,
                  "Plan Width": 0,
                  "Actual Startup Time": 13.812,
                  "Actual Total Time": 77.237,
                  "Actual Rows": 239,
                  "Actual Loops": 4,
                  "Inner Unique": true,
                  "Plans": [
                    {
                      "Node Type": "Nested Loop",
                      "Parent Relationship": "Outer",
                      "Parallel Aware": false,
                      "Join Type": "Inner",
                      "Startup Cost": 321.73,
                      "Total Cost": 43260.89,
                      "Plan Rows": 13761,
                      "Plan Width": 8,
                      "Actual Startup Time": 6.59,
                      "Actual Total Time": 45.616,
                      "Actual Rows": 7154,
                      "Actual Loops": 4,
                      "Inner Unique": false,
                      "Plans": [
                        {
                          "Node Type": "Bitmap Heap Scan",
                          "Parent Relationship": "Outer",
                          "Parallel Aware": true,
                          "Relation Name": "movie_keyword",
                          "Alias": "mk",
                          "Startup Cost": 321.3,
                          "Total Cost": 22747.92,
                          "Plan Rows": 4865,
                          "Plan Width": 4,
                          "Actual Startup Time": 6.379,
                          "Actual Total Time": 18.344,
                          "Actual Rows": 3530,
                          "Actual Loops": 4,
                          "Recheck Cond": "(keyword_id = 1382)",
                          "Rows Removed by Index Recheck": 0,
                          "Exact Heap Blocks": 4667,
                          "Lossy Heap Blocks": 0,
                          "Plans": [
                            {
                              "Node Type": "Bitmap Index Scan",
                              "Parent Relationship": "Outer",
                              "Parallel Aware": false,
                              "Index Name": "keyword_id_movie_keyword",
                              "Startup Cost": 0.0,
                              "Total Cost": 317.53,
                              "Plan Rows": 15080,
                              "Plan Width": 0,
                              "Actual Startup Time": 9.047,
                              "Actual Total Time": 9.047,
                              "Actual Rows": 14120,
                              "Actual Loops": 1,
                              "Index Cond": "(keyword_id = 1382)"
                            }
                          ]
                        },
                        {
                          "Node Type": "Index Only Scan",
                          "Parent Relationship": "Inner",
                          "Parallel Aware": false,
                          "Scan Direction": "Forward",
                          "Index Name": "movie_id_movie_info_idx",
                          "Relation Name": "movie_info_idx",
                          "Alias": "mi_idx",
                          "Startup Cost": 0.43,
                          "Total Cost": 4.19,
                          "Plan Rows": 3,
                          "Plan Width": 4,
                          "Actual Startup Time": 0.007,
                          "Actual Total Time": 0.007,
                          "Actual Rows": 2,
                          "Actual Loops": 14120,
                          "Index Cond": "(movie_id = mk.movie_id)",
                          "Rows Removed by Index Recheck": 0,
                          "Heap Fetches": 28616
                        }
                      ]
                    },
                    {
                      "Node Type": "Index Scan",
                      "Parent Relationship": "Inner",
                      "Parallel Aware": false,
                      "Scan Direction": "Forward",
                      "Index Name": "title_pkey",
                      "Relation Name": "title",
                      "Alias": "t",
                      "Startup Cost": 0.43,
                      "Total Cost": 0.58,
                      "Plan Rows": 1,
                      "Plan Width": 4,
                      "Actual Startup Time": 0.004,
                      "Actual Total Time": 0.004,
                      "Actual Rows": 0,
                      "Actual Loops": 28616,
                      "Index Cond": "(id = mi_idx.movie_id)",
                      "Rows Removed by Index Recheck": 0,
                      "Filter": "(production_year = 1998)",
                      "Rows Removed by Filter": 1
                    }
                  ]
                }
              ]
            }
          ]
        }
      ]
    },
    "Planning Time": 1.31,
    "Triggers": [],
    "Execution Time": 97.465
  }
]