[
  {
    "Plan": {
      "Node Type": "Aggregate",
      "Strategy": "Plain",
      "Partial Mode": "Finalize",
      "Parallel Aware": false,
      "Startup Cost": 130457.95,
      "Total Cost": 130457.96,
      "Plan Rows": 1,
      "Plan Width": 8,
      "Actual Startup Time": 234.823,
      "Actual Total Time": 246.32,
      "Actual Rows": 1,
      "Actual Loops": 1,
      "Plans": [
        {
          "Node Type": "Gather",
          "Parent Relationship": "Outer",
          "Parallel Aware": false,
          "Startup Cost": 130457.43,
          "Total Cost": 130457.94,
          "Plan Rows": 5,
          "Plan Width": 8,
          "Actual Startup Time": 234.693,
          "Actual Total Time": 246.309,
          "Actual Rows": 6,
          "Actual Loops": 1,
          "Workers Planned": 5,
          "Workers Launched": 5,
          "Single Copy": false,
          "Plans": [
            {
              "Node Type": "Aggregate",
              "Strategy": "Plain",
              "Partial Mode": "Partial",
              "Parent Relationship": "Outer",
              "Parallel Aware": false,
              "Startup Cost": 129457.43,
              "Total Cost": 129457.44,
              "Plan Rows": 1,
              "Plan Width": 8,
              "Actual Startup Time": 226.346,
              "Actual Total Time": 226.347,
              "Actual Rows": 1,
              "Actual Loops": 6,
              "Plans": [
                {
                  "Node Type": "Index Scan",
                  "Parent Relationship": "Outer",
                  "Parallel Aware": true,
                  "Scan Direction": "Forward",
                  "Index Name": "role_id_cast_info",
                  "Relation Name": "cast_info",
                  "Alias": "ci",
                  "Startup Cost": 0.56,
                  "Total Cost": 127762.24,
                  "Plan Rows": 678079,
                  "Plan Width": 0,
                  "Actual Startup Time": 0.196,
                  "Actual Total Time": 189.514,
                  "Actual Rows": 701036,
                  "Actual Loops": 6,
                  "Index Cond": "(role_id > 9)",
                  "Rows Removed by Index Recheck": 0,
                  "Filter": "(person_id > 988936)",
                  "Rows Removed by Filter": 72153
                }
              ]
            }
          ]
        }
      ]
    },
    "Planning Time": 0.233,
    "Triggers": [],
    "Execution Time": 246.395
  }
]