{
  "Plan": {
    "Node Type": "Aggregate",
    "Strategy": "Plain",
    "Partial Mode": "Finalize",
    "Parallel Aware": false,
    "Startup Cost": 96634.25,
    "Total Cost": 96634.26,
    "Plan Rows": 1,
    "Plan Width": 8,
    "Actual Startup Time": 492.575,
    "Actual Total Time": 505.725,
    "Actual Rows": 1,
    "Actual Loops": 1,
    "Plans": [
      {
        "Node Type": "Gather",
        "Parent Relationship": "Outer",
        "Parallel Aware": false,
        "Startup Cost": 96634.14,
        "Total Cost": 96634.25,
        "Plan Rows": 1,
        "Plan Width": 8,
        "Actual Startup Time": 491.792,
        "Actual Total Time": 505.716,
        "Actual Rows": 2,
        "Actual Loops": 1,
        "Workers Planned": 1,
        "Workers Launched": 1,
        "Single Copy": false,
        "Plans": [
          {
            "Node Type": "Aggregate",
            "Strategy": "Plain",
            "Partial Mode": "Partial",
            "Parent Relationship": "Outer",
            "Parallel Aware": false,
            "Startup Cost": 95634.14,
            "Total Cost": 95634.15,
            "Plan Rows": 1,
            "Plan Width": 8,
            "Actual Startup Time": 486.227,
            "Actual Total Time": 486.23,
            "Actual Rows": 1,
            "Actual Loops": 2,
            "Plans": [
              {
                "Node Type": "Hash Join",
                "Parent Relationship": "Outer",
                "Parallel Aware": true,
                "Join Type": "Inner",
                "Startup Cost": 56974.94,
                "Total Cost": 95141.57,
                "Plan Rows": 197028,
                "Plan Width": 0,
                "Actual Startup Time": 186.789,
                "Actual Total Time": 473.534,
                "Actual Rows": 309858,
                "Actual Loops": 2,
                "Inner Unique": true,
                "Hash Cond": "(mc.movie_id = t.id)",
                "Plans": [
                  {
                    "Node Type": "Seq Scan",
                    "Parent Relationship": "Outer",
                    "Parallel Aware": true,
                    "Relation Name": "movie_companies",
                    "Alias": "mc",
                    "Startup Cost": 0.0,
                    "Total Cost": 34137.82,
                    "Plan Rows": 1534782,
                    "Plan Width": 4,
                    "Actual Startup Time": 0.012,
                    "Actual Total Time": 97.953,
                    "Actual Rows": 1304564,
                    "Actual Loops": 2
                  },
                  {
                    "Node Type": "Hash",
                    "Parent Relationship": "Inner",
                    "Parallel Aware": true,
                    "Startup Cost": 54588.39,
                    "Total Cost": 54588.39,
                    "Plan Rows": 190924,
                    "Plan Width": 4,
                    "Actual Startup Time": 180.739,
                    "Actual Total Time": 180.74,
                    "Actual Rows": 168923,
                    "Actual Loops": 2,
                    "Hash Buckets": 524288,
                    "Original Hash Buckets": 524288,
                    "Hash Batches": 1,
                    "Original Hash Batches": 1,
                    "Peak Memory Usage": 17344,
                    "Plans": [
                      {
                        "Node Type": "Seq Scan",
                        "Parent Relationship": "Outer",
                        "Parallel Aware": true,
                        "Relation Name": "title",
                        "Alias": "t",
                        "Startup Cost": 0.0,
                        "Total Cost": 54588.39,
                        "Plan Rows": 190924,
                        "Plan Width": 4,
                        "Actual Startup Time": 0.036,
                        "Actual Total Time": 139.217,
                        "Actual Rows": 168923,
                        "Actual Loops": 2,
                        "Filter": "(production_year < 1968)",
                        "Rows Removed by Filter": 1095233
                      }
                    ]
                  }
                ]
              }
            ]
          }
        ]
      }
    ]
  },
  "Planning Time": 0.633,
  "Triggers": [],
  "Execution Time": 505.794
}