[
  {
    "Plan": {
      "Node Type": "Aggregate",
      "Strategy": "Plain",
      "Partial Mode": "Finalize",
      "Parallel Aware": false,
      "Startup Cost": 193616.83,
      "Total Cost": 193616.84,
      "Plan Rows": 1,
      "Plan Width": 8,
      "Actual Startup Time": 2952.364,
      "Actual Total Time": 3045.103,
      "Actual Rows": 1,
      "Actual Loops": 1,
      "Plans": [
        {
          "Node Type": "Gather",
          "Parent Relationship": "Outer",
          "Parallel Aware": false,
          "Startup Cost": 193616.41,
          "Total Cost": 193616.82,
          "Plan Rows": 4,
          "Plan Width": 8,
          "Actual Startup Time": 2950.891,
          "Actual Total Time": 3045.094,
          "Actual Rows": 5,
          "Actual Loops": 1,
          "Workers Planned": 4,
          "Workers Launched": 4,
          "Single Copy": false,
          "Plans": [
            {
              "Node Type": "Aggregate",
              "Strategy": "Plain",
              "Partial Mode": "Partial",
              "Parent Relationship": "Outer",
              "Parallel Aware": false,
              "Startup Cost": 192616.41,
              "Total Cost": 192616.42,
              "Plan Rows": 1,
              "Plan Width": 8,
              "Actual Startup Time": 2939.439,
              "Actual Total Time": 2939.443,
              "Actual Rows": 1,
              "Actual Loops": 5,
              "Plans": [
                {
                  "Node Type": "Nested Loop",
                  "Parent Relationship": "Outer",
                  "Parallel Aware": false,
                  "Join Type": "Inner",
                  "Startup Cost": 30517.92,
                  "Total Cost": 190740.63,
                  "Plan Rows": 750312,
                  "Plan Width": 0,
                  "Actual Startup Time": 122.226,
                  "Actual Total Time": 2841.65,
                  "Actual Rows": 2114008,
                  "Actual Loops": 5,
                  "Inner Unique": false,
                  "Plans": [
                    {
                      "Node Type": "Hash Join",
                      "Parent Relationship": "Outer",
                      "Parallel Aware": true,
                      "Join Type": "Inner",
                      "Startup Cost": 30517.36,
                      "Total Cost": 76165.36,
                      "Plan Rows": 52363,
                      "Plan Width": 8,
                      "Actual Startup Time": 121.616,
                      "Actual Total Time": 356.834,
                      "Actual Rows": 83415,
                      "Actual Loops": 5,
                      "Inner Unique": false,
                      "Hash Cond": "(t.id = mc.movie_id)",
                      "Plans": [
                        {
                          "Node Type": "Seq Scan",
                          "Parent Relationship": "Outer",
                          "Parallel Aware": true,
                          "Relation Name": "title",
                          "Alias": "t",
                          "Startup Cost": 0.0,
                          "Total Cost": 42318.73,
                          "Plan Rows": 632073,
                          "Plan Width": 4,
                          "Actual Startup Time": 0.011,
                          "Actual Total Time": 66.505,
                          "Actual Rows": 505662,
                          "Actual Loops": 5
                        },
                        {
                          "Node Type": "Hash",
                          "Parent Relationship": "Inner",
                          "Parallel Aware": true,
                          "Startup Cost": 29672.79,
                          "Total Cost": 29672.79,
                          "Plan Rows": 67565,
                          "Plan Width": 4,
                          "Actual Startup Time": 105.833,
                          "Actual Total Time": 105.834,
                          "Actual Rows": 83415,
                          "Actual Loops": 5,
                          "Hash Buckets": 524288,
                          "Original Hash Buckets": 262144,
                          "Hash Batches": 1,
                          "Original Hash Batches": 1,
                          "Peak Memory Usage": 22560,
                          "Plans": [
                            {
                              "Node Type": "Bitmap Heap Scan",
                              "Parent Relationship": "Outer",
                              "Parallel Aware": true,
                              "Relation Name": "movie_companies",
                              "Alias": "mc",
                              "Startup Cost": 8886.72,
                              "Total Cost": 29672.79,
                              "Plan Rows": 67565,
                              "Plan Width": 4,
                              "Actual Startup Time": 35.038,
                              "Actual Total Time": 69.67,
                              "Actual Rows": 83415,
                              "Actual Loops": 5,
                              "Recheck Cond": "(company_id > 80310)",
                              "Rows Removed by Index Recheck": 0,
                              "Filter": "(company_type_id > 1)",
                              "Rows Removed by Filter": 0,
                              "Exact Heap Blocks": 2491,
                              "Lossy Heap Blocks": 0,
                              "Plans": [
                                {
                                  "Node Type": "Bitmap Index Scan",
                                  "Parent Relationship": "Outer",
                                  "Parallel Aware": false,
                                  "Index Name": "company_id_movie_companies",
                                  "Startup Cost": 0.0,
                                  "Total Cost": 8834.35,
                                  "Plan Rows": 412523,
                                  "Plan Width": 0,
                                  "Actual Startup Time": 39.228,
                                  "Actual Total Time": 39.229,
                                  "Actual Rows": 417075,
                                  "Actual Loops": 1,
                                  "Index Cond": "(company_id > 80310)"
                                }
                              ]
                            }
                          ]
                        }
                      ]
                    },
                    {
                      "Node Type": "Index Only Scan",
                      "Parent Relationship": "Inner",
                      "Parallel Aware": false,
                      "Scan Direction": "Forward",
                      "Index Name": "movie_id_cast_info",
                      "Relation Name": "cast_info",
                      "Alias": "ci",
                      "Startup Cost": 0.56,
                      "Total Cost": 1.82,
                      "Plan Rows": 37,
                      "Plan Width": 4,
                      "Actual Startup Time": 0.005,
                      "Actual Total Time": 0.028,
                      "Actual Rows": 25,
                      "Actual Loops": 417075,
                      "Index Cond": "(movie_id = t.id)",
                      "Rows Removed by Index Recheck": 0,
                      "Heap Fetches": 10570038
                    }
                  ]
                }
              ]
            }
          ]
        }
      ]
    },
    "Planning Time": 0.855,
    "Triggers": [],
    "Execution Time": 3045.209
  }
]