[
  {
    "Plan": {
      "Node Type": "Aggregate",
      "Strategy": "Plain",
      "Partial Mode": "Finalize",
      "Parallel Aware": false,
      "Startup Cost": 295807.47,
      "Total Cost": 295807.48,
      "Plan Rows": 1,
      "Plan Width": 8,
      "Actual Startup Time": 2710.777,
      "Actual Total Time": 2772.261,
      "Actual Rows": 1,
      "Actual Loops": 1,
      "Plans": [
        {
          "Node Type": "Gather",
          "Parent Relationship": "Outer",
          "Parallel Aware": false,
          "Startup Cost": 295806.95,
          "Total Cost": 295807.46,
          "Plan Rows": 5,
          "Plan Width": 8,
          "Actual Startup Time": 2681.948,
          "Actual Total Time": 2772.249,
          "Actual Rows": 6,
          "Actual Loops": 1,
          "Workers Planned": 5,
          "Workers Launched": 5,
          "Single Copy": false,
          "Plans": [
            {
              "Node Type": "Aggregate",
              "Strategy": "Plain",
              "Partial Mode": "Partial",
              "Parent Relationship": "Outer",
              "Parallel Aware": false,
              "Startup Cost": 294806.95,
              "Total Cost": 294806.96,
              "Plan Rows": 1,
              "Plan Width": 8,
              "Actual Startup Time": 2671.262,
              "Actual Total Time": 2671.272,
              "Actual Rows": 1,
              "Actual Loops": 6,
              "Plans": [
                {
                  "Node Type": "Hash Join",
                  "Parent Relationship": "Outer",
                  "Parallel Aware": true,
                  "Join Type": "Inner",
                  "Startup Cost": 85988.16,
                  "Total Cost": 292187.66,
                  "Plan Rows": 1047717,
                  "Plan Width": 0,
                  "Actual Startup Time": 604.754,
                  "Actual Total Time": 2249.228,
                  "Actual Rows": 7757204,
                  "Actual Loops": 6,
                  "Inner Unique": false,
                  "Hash Cond": "(mi.movie_id = t.id)",
                  "Plans": [
                    {
                      "Node Type": "Seq Scan",
                      "Parent Relationship": "Outer",
                      "Parallel Aware": true,
                      "Relation Name": "movie_info",
                      "Alias": "mi",
                      "Startup Cost": 0.0,
                      "Total Cost": 191685.19,
                      "Plan Rows": 2969219,
                      "Plan Width": 4,
                      "Actual Startup Time": 0.055,
                      "Actual Total Time": 363.829,
                      "Actual Rows": 2472620,
                      "Actual Loops": 6
                    },
                    {
                      "Node Type": "Hash",
                      "Parent Relationship": "Inner",
                      "Parallel Aware": true,
                      "Startup Cost": 82390.67,
                      "Total Cost": 82390.67,
                      "Plan Rows": 287799,
                      "Plan Width": 8,
                      "Actual Startup Time": 601.011,
                      "Actual Total Time": 601.018,
                      "Actual Rows": 201997,
                      "Actual Loops": 6,
                      "Hash Buckets": 2097152,
                      "Original Hash Buckets": 1048576,
                      "Hash Batches": 1,
                      "Original Hash Batches": 1,
                      "Peak Memory Usage": 72096,
                      "Plans": [
                        {
                          "Node Type": "Hash Join",
                          "Parent Relationship": "Outer",
                          "Parallel Aware": true,
                          "Join Type": "Inner",
                          "Startup Cost": 50220.38,
                          "Total Cost": 82390.67,
                          "Plan Rows": 287799,
                          "Plan Width": 8,
                          "Actual Startup Time": 325.178,
                          "Actual Total Time": 479.444,
                          "Actual Rows": 201997,
                          "Actual Loops": 6,
                          "Inner Unique": true,
                          "Hash Cond": "(mc.movie_id = t.id)",
                          "Plans": [
                            {
                              "Node Type": "Seq Scan",
                              "Parent Relationship": "Outer",
                              "Parallel Aware": true,
                              "Relation Name": "movie_companies",
                              "Alias": "mc",
                              "Startup Cost": 0.0,
                              "Total Cost": 31414.82,
                              "Plan Rows": 287799,
                              "Plan Width": 4,
                              "Actual Startup Time": 0.019,
                              "Actual Total Time": 67.275,
                              "Actual Rows": 201997,
                              "Actual Loops": 6,
                              "Filter": "((company_id < 33283) AND (company_type_id < 2))",
                              "Rows Removed by Filter": 232858
                            },
                            {
                              "Node Type": "Hash",
                              "Parent Relationship": "Inner",
                              "Parallel Aware": true,
                              "Startup Cost": 42319.06,
                              "Total Cost": 42319.06,
                              "Plan Rows": 632106,
                              "Plan Width": 4,
                              "Actual Startup Time": 320.057,
                              "Actual Total Time": 320.059,
                              "Actual Rows": 421385,
                              "Actual Loops": 6,
                              "Hash Buckets": 4194304,
                              "Original Hash Buckets": 4194304,
                              "Hash Batches": 1,
                              "Original Hash Batches": 1,
                              "Peak Memory Usage": 131744,
                              "Plans": [
                                {
                                  "Node Type": "Seq Scan",
                                  "Parent Relationship": "Outer",
                                  "Parallel Aware": true,
                                  "Relation Name": "title",
                                  "Alias": "t",
                                  "Startup Cost": 0.0,
                                  "Total Cost": 42319.06,
                                  "Plan Rows": 632106,
                                  "Plan Width": 4,
                                  "Actual Startup Time": 0.052,
                                  "Actual Total Time": 95.453,
                                  "Actual Rows": 421385,
                                  "Actual Loops": 6
                                }
                              ]
                            }
                          ]
                        }
                      ]
                    }
                  ]
                }
              ]
            }
          ]
        }
      ]
    },
    "Planning Time": 0.567,
    "Triggers": [],
    "Execution Time": 2772.323
  }
]