{
    "Plan": {
        "Node Type": "Aggregate",
        "Strategy": "Plain",
        "Partial Mode": "Finalize",
        "Parallel Aware": false,
        "Startup Cost": 74300.23,
        "Total Cost": 74300.24,
        "Plan Rows": 1,
        "Plan Width": 8,
        "Actual Startup Time": 322.008,
        "Actual Total Time": 365.574,
        "Actual Rows": 1,
        "Actual Loops": 1,
        "Output": [
            "count(*)"
        ],
        "Plans": [
            {
                "Node Type": "Gather",
                "Parent Relationship": "Outer",
                "Parallel Aware": false,
                "Startup Cost": 74299.81,
                "Total Cost": 74300.22,
                "Plan Rows": 4,
                "Plan Width": 8,
                "Actual Startup Time": 321.866,
                "Actual Total Time": 365.564,
                "Actual Rows": 5,
                "Actual Loops": 1,
                "Output": [
                    "(PARTIAL count(*))"
                ],
                "Workers Planned": 4,
                "Workers Launched": 4,
                "Single Copy": false,
                "Plans": [
                    {
                        "Node Type": "Aggregate",
                        "Strategy": "Plain",
                        "Partial Mode": "Partial",
                        "Parent Relationship": "Outer",
                        "Parallel Aware": false,
                        "Startup Cost": 73299.81,
                        "Total Cost": 73299.82,
                        "Plan Rows": 1,
                        "Plan Width": 8,
                        "Actual Startup Time": 311.265,
                        "Actual Total Time": 311.268,
                        "Actual Rows": 1,
                        "Actual Loops": 5,
                        "Output": [
                            "PARTIAL count(*)"
                        ],
                        "Workers": [
                            {
                                "Worker Number": 0,
                                "Actual Startup Time": 308.479,
                                "Actual Total Time": 308.481,
                                "Actual Rows": 1,
                                "Actual Loops": 1
                            },
                            {
                                "Worker Number": 1,
                                "Actual Startup Time": 309.031,
                                "Actual Total Time": 309.033,
                                "Actual Rows": 1,
                                "Actual Loops": 1
                            },
                            {
                                "Worker Number": 2,
                                "Actual Startup Time": 308.471,
                                "Actual Total Time": 308.474,
                                "Actual Rows": 1,
                                "Actual Loops": 1
                            },
                            {
                                "Worker Number": 3,
                                "Actual Startup Time": 309.302,
                                "Actual Total Time": 309.305,
                                "Actual Rows": 1,
                                "Actual Loops": 1
                            }
                        ],
                        "Plans": [
                            {
                                "Node Type": "Nested Loop",
                                "Parent Relationship": "Outer",
                                "Parallel Aware": false,
                                "Join Type": "Inner",
                                "Startup Cost": 0.99,
                                "Total Cost": 73226.15,
                                "Plan Rows": 29462,
                                "Plan Width": 0,
                                "Actual Startup Time": 3.292,
                                "Actual Total Time": 303.016,
                                "Actual Rows": 123839,
                                "Actual Loops": 5,
                                "Inner Unique": false,
                                "Join Filter": "(t.id = ci.movie_id)",
                                "Rows Removed by Join Filter": 0,
                                "Workers": [
                                    {
                                        "Worker Number": 0,
                                        "Actual Startup Time": 4.131,
                                        "Actual Total Time": 300.773,
                                        "Actual Rows": 81549,
                                        "Actual Loops": 1
                                    },
                                    {
                                        "Worker Number": 1,
                                        "Actual Startup Time": 1.386,
                                        "Actual Total Time": 301.907,
                                        "Actual Rows": 127228,
                                        "Actual Loops": 1
                                    },
                                    {
                                        "Worker Number": 2,
                                        "Actual Startup Time": 0.717,
                                        "Actual Total Time": 300.236,
                                        "Actual Rows": 80939,
                                        "Actual Loops": 1
                                    },
                                    {
                                        "Worker Number": 3,
                                        "Actual Startup Time": 6.78,
                                        "Actual Total Time": 301.415,
                                        "Actual Rows": 83678,
                                        "Actual Loops": 1
                                    }
                                ],
                                "Plans": [
                                    {
                                        "Node Type": "Nested Loop",
                                        "Parent Relationship": "Outer",
                                        "Parallel Aware": false,
                                        "Join Type": "Inner",
                                        "Startup Cost": 0.43,
                                        "Total Cost": 68516.43,
                                        "Plan Rows": 2055,
                                        "Plan Width": 8,
                                        "Actual Startup Time": 1.235,
                                        "Actual Total Time": 109.885,
                                        "Actual Rows": 3447,
                                        "Actual Loops": 5,
                                        "Output": [
                                            "t.id",
                                            "mc.movie_id"
                                        ],
                                        "Inner Unique": false,
                                        "Workers": [
                                            {
                                                "Worker Number": 0,
                                                "Actual Startup Time": 3.916,
                                                "Actual Total Time": 100.585,
                                                "Actual Rows": 2390,
                                                "Actual Loops": 1
                                            },
                                            {
                                                "Worker Number": 1,
                                                "Actual Startup Time": 1.098,
                                                "Actual Total Time": 104.558,
                                                "Actual Rows": 3506,
                                                "Actual Loops": 1
                                            },
                                            {
                                                "Worker Number": 2,
                                                "Actual Startup Time": 0.426,
                                                "Actual Total Time": 106.827,
                                                "Actual Rows": 2269,
                                                "Actual Loops": 1
                                            },
                                            {
                                                "Worker Number": 3,
                                                "Actual Startup Time": 0.422,
                                                "Actual Total Time": 105.923,
                                                "Actual Rows": 2411,
                                                "Actual Loops": 1
                                            }
                                        ],
                                        "Plans": [
                                            {
                                                "Node Type": "Seq Scan",
                                                "Parent Relationship": "Outer",
                                                "Parallel Aware": true,
                                                "Relation Name": "title",
                                                "Schema": "public",
                                                "Alias": "t",
                                                "Startup Cost": 0.0,
                                                "Total Cost": 45479.21,
                                                "Plan Rows": 1991,
                                                "Plan Width": 4,
                                                "Actual Startup Time": 0.986,
                                                "Actual Total Time": 87.835,
                                                "Actual Rows": 1664,
                                                "Actual Loops": 5,
                                                "Output": [
                                                    "t.id",
                                                    "t.title",
                                                    "t.imdb_index",
                                                    "t.kind_id",
                                                    "t.production_year",
                                                    "t.imdb_id",
                                                    "t.phonetic_code",
                                                    "t.episode_of_id",
                                                    "t.season_nr",
                                                    "t.episode_nr",
                                                    "t.series_years",
                                                    "t.md5sum"
                                                ],
                                                "Filter": "((t.kind_id < 7) AND (t.production_year = 1988))",
                                                "Rows Removed by Filter": 503999,
                                                "Workers": [
                                                    {
                                                        "Worker Number": 0,
                                                        "Actual Startup Time": 3.634,
                                                        "Actual Total Time": 77.529,
                                                        "Actual Rows": 1203,
                                                        "Actual Loops": 1
                                                    },
                                                    {
                                                        "Worker Number": 1,
                                                        "Actual Startup Time": 0.781,
                                                        "Actual Total Time": 81.939,
                                                        "Actual Rows": 1671,
                                                        "Actual Loops": 1
                                                    },
                                                    {
                                                        "Worker Number": 2,
                                                        "Actual Startup Time": 0.149,
                                                        "Actual Total Time": 84.267,
                                                        "Actual Rows": 1154,
                                                        "Actual Loops": 1
                                                    },
                                                    {
                                                        "Worker Number": 3,
                                                        "Actual Startup Time": 0.126,
                                                        "Actual Total Time": 83.23,
                                                        "Actual Rows": 1193,
                                                        "Actual Loops": 1
                                                    }
                                                ]
                                            },
                                            {
                                                "Node Type": "Index Only Scan",
                                                "Parent Relationship": "Inner",
                                                "Parallel Aware": false,
                                                "Scan Direction": "Forward",
                                                "Index Name": "movie_id_movie_companies",
                                                "Relation Name": "movie_companies",
                                                "Schema": "public",
                                                "Alias": "mc",
                                                "Startup Cost": 0.43,
                                                "Total Cost": 11.52,
                                                "Plan Rows": 5,
                                                "Plan Width": 4,
                                                "Actual Startup Time": 0.011,
                                                "Actual Total Time": 0.012,
                                                "Actual Rows": 2,
                                                "Actual Loops": 8319,
                                                "Output": [
                                                    "mc.movie_id"
                                                ],
                                                "Index Cond": "(mc.movie_id = t.id)",
                                                "Rows Removed by Index Recheck": 0,
                                                "Heap Fetches": 17237,
                                                "Workers": [
                                                    {
                                                        "Worker Number": 0,
                                                        "Actual Startup Time": 0.015,
                                                        "Actual Total Time": 0.018,
                                                        "Actual Rows": 2,
                                                        "Actual Loops": 1203
                                                    },
                                                    {
                                                        "Worker Number": 1,
                                                        "Actual Startup Time": 0.011,
                                                        "Actual Total Time": 0.013,
                                                        "Actual Rows": 2,
                                                        "Actual Loops": 1671
                                                    },
                                                    {
                                                        "Worker Number": 2,
                                                        "Actual Startup Time": 0.016,
                                                        "Actual Total Time": 0.018,
                                                        "Actual Rows": 2,
                                                        "Actual Loops": 1154
                                                    },
                                                    {
                                                        "Worker Number": 3,
                                                        "Actual Startup Time": 0.015,
                                                        "Actual Total Time": 0.018,
                                                        "Actual Rows": 2,
                                                        "Actual Loops": 1193
                                                    }
                                                ]
                                            }
                                        ]
                                    },
                                    {
                                        "Node Type": "Index Only Scan",
                                        "Parent Relationship": "Inner",
                                        "Parallel Aware": false,
                                        "Scan Direction": "Forward",
                                        "Index Name": "movie_id_cast_info",
                                        "Relation Name": "cast_info",
                                        "Schema": "public",
                                        "Alias": "ci",
                                        "Startup Cost": 0.56,
                                        "Total Cost": 1.82,
                                        "Plan Rows": 38,
                                        "Plan Width": 4,
                                        "Actual Startup Time": 0.008,
                                        "Actual Total Time": 0.051,
                                        "Actual Rows": 36,
                                        "Actual Loops": 17237,
                                        "Output": [
                                            "ci.movie_id"
                                        ],
                                        "Index Cond": "(ci.movie_id = mc.movie_id)",
                                        "Rows Removed by Index Recheck": 0,
                                        "Heap Fetches": 619196,
                                        "Workers": [
                                            {
                                                "Worker Number": 0,
                                                "Actual Startup Time": 0.012,
                                                "Actual Total Time": 0.078,
                                                "Actual Rows": 34,
                                                "Actual Loops": 2390
                                            },
                                            {
                                                "Worker Number": 1,
                                                "Actual Startup Time": 0.008,
                                                "Actual Total Time": 0.052,
                                                "Actual Rows": 36,
                                                "Actual Loops": 3506
                                            },
                                            {
                                                "Worker Number": 2,
                                                "Actual Startup Time": 0.012,
                                                "Actual Total Time": 0.078,
                                                "Actual Rows": 36,
                                                "Actual Loops": 2269
                                            },
                                            {
                                                "Worker Number": 3,
                                                "Actual Startup Time": 0.012,
                                                "Actual Total Time": 0.075,
                                                "Actual Rows": 35,
                                                "Actual Loops": 2411
                                            }
                                        ]
                                    }
                                ]
                            }
                        ]
                    }
                ]
            }
        ]
    },
    "Planning Time": 1.612,
    "Triggers": [],
    "Execution Time": 365.684
}