[
  {
    "Plan": {
      "Node Type": "Aggregate",
      "Strategy": "Plain",
      "Partial Mode": "Finalize",
      "Parallel Aware": false,
      "Startup Cost": 33123.25,
      "Total Cost": 33123.26,
      "Plan Rows": 1,
      "Plan Width": 8,
      "Actual Startup Time": 95.482,
      "Actual Total Time": 101.858,
      "Actual Rows": 1,
      "Actual Loops": 1,
      "Plans": [
        {
          "Node Type": "Gather",
          "Parent Relationship": "Outer",
          "Parallel Aware": false,
          "Startup Cost": 33122.93,
          "Total Cost": 33123.24,
          "Plan Rows": 3,
          "Plan Width": 8,
          "Actual Startup Time": 95.246,
          "Actual Total Time": 101.85,
          "Actual Rows": 4,
          "Actual Loops": 1,
          "Workers Planned": 3,
          "Workers Launched": 3,
          "Single Copy": false,
          "Plans": [
            {
              "Node Type": "Aggregate",
              "Strategy": "Plain",
              "Partial Mode": "Partial",
              "Parent Relationship": "Outer",
              "Parallel Aware": false,
              "Startup Cost": 32122.93,
              "Total Cost": 32122.94,
              "Plan Rows": 1,
              "Plan Width": 8,
              "Actual Startup Time": 86.645,
              "Actual Total Time": 86.646,
              "Actual Rows": 1,
              "Actual Loops": 4,
              "Plans": [
                {
                  "Node Type": "Seq Scan",
                  "Parent Relationship": "Outer",
                  "Parallel Aware": true,
                  "Relation Name": "movie_companies",
                  "Alias": "mc",
                  "Startup Cost": 0.0,
                  "Total Cost": 31414.82,
                  "Plan Rows": 283245,
                  "Plan Width": 0,
                  "Actual Startup Time": 49.557,
                  "Actual Total Time": 80.642,
                  "Actual Rows": 140767,
                  "Actual Loops": 4,
                  "Filter": "((company_id < 22706) AND (company_type_id > 1))",
                  "Rows Removed by Filter": 511515
                }
              ]
            }
          ]
        }
      ]
    },
    "Planning Time": 0.22,
    "Triggers": [],
    "Execution Time": 101.923
  }
]