[
  {
    "Plan": {
      "Node Type": "Aggregate",
      "Strategy": "Plain",
      "Partial Mode": "Finalize",
      "Parallel Aware": false,
      "Startup Cost": 33127.86,
      "Total Cost": 33127.87,
      "Plan Rows": 1,
      "Plan Width": 8,
      "Actual Startup Time": 108.463,
      "Actual Total Time": 114.053,
      "Actual Rows": 1,
      "Actual Loops": 1,
      "Plans": [
        {
          "Node Type": "Gather",
          "Parent Relationship": "Outer",
          "Parallel Aware": false,
          "Startup Cost": 33127.55,
          "Total Cost": 33127.86,
          "Plan Rows": 3,
          "Plan Width": 8,
          "Actual Startup Time": 108.351,
          "Actual Total Time": 114.044,
          "Actual Rows": 4,
          "Actual Loops": 1,
          "Workers Planned": 3,
          "Workers Launched": 3,
          "Single Copy": false,
          "Plans": [
            {
              "Node Type": "Aggregate",
              "Strategy": "Plain",
              "Partial Mode": "Partial",
              "Parent Relationship": "Outer",
              "Parallel Aware": false,
              "Startup Cost": 32127.55,
              "Total Cost": 32127.56,
              "Plan Rows": 1,
              "Plan Width": 8,
              "Actual Startup Time": 100.258,
              "Actual Total Time": 100.259,
              "Actual Rows": 1,
              "Actual Loops": 4,
              "Plans": [
                {
                  "Node Type": "Seq Scan",
                  "Parent Relationship": "Outer",
                  "Parallel Aware": true,
                  "Relation Name": "movie_companies",
                  "Alias": "mc",
                  "Startup Cost": 0.0,
                  "Total Cost": 31414.82,
                  "Plan Rows": 285091,
                  "Plan Width": 0,
                  "Actual Startup Time": 52.269,
                  "Actual Total Time": 92.289,
                  "Actual Rows": 140767,
                  "Actual Loops": 4,
                  "Filter": "((company_id < 22706) AND (company_type_id > 1))",
                  "Rows Removed by Filter": 511515
                }
              ]
            }
          ]
        }
      ]
    },
    "Planning Time": 0.198,
    "Triggers": [],
    "Execution Time": 114.109
  }
]