[
  {
    "Plan": {
      "Node Type": "Aggregate",
      "Strategy": "Plain",
      "Partial Mode": "Finalize",
      "Parallel Aware": false,
      "Startup Cost": 247093.48,
      "Total Cost": 247093.49,
      "Plan Rows": 1,
      "Plan Width": 8,
      "Actual Startup Time": 497.475,
      "Actual Total Time": 524.242,
      "Actual Rows": 1,
      "Actual Loops": 1,
      "Plans": [
        {
          "Node Type": "Gather",
          "Parent Relationship": "Outer",
          "Parallel Aware": false,
          "Startup Cost": 247092.85,
          "Total Cost": 247093.46,
          "Plan Rows": 6,
          "Plan Width": 8,
          "Actual Startup Time": 496.955,
          "Actual Total Time": 524.233,
          "Actual Rows": 7,
          "Actual Loops": 1,
          "Workers Planned": 6,
          "Workers Launched": 6,
          "Single Copy": false,
          "Plans": [
            {
              "Node Type": "Aggregate",
              "Strategy": "Plain",
              "Partial Mode": "Partial",
              "Parent Relationship": "Outer",
              "Parallel Aware": false,
              "Startup Cost": 246092.85,
              "Total Cost": 246092.86,
              "Plan Rows": 1,
              "Plan Width": 8,
              "Actual Startup Time": 490.03,
              "Actual Total Time": 490.033,
              "Actual Rows": 1,
              "Actual Loops": 7,
              "Plans": [
                {
                  "Node Type": "Hash Join",
                  "Parent Relationship": "Outer",
                  "Parallel Aware": true,
                  "Join Type": "Inner",
                  "Startup Cost": 44008.92,
                  "Total Cost": 246049.64,
                  "Plan Rows": 17287,
                  "Plan Width": 0,
                  "Actual Startup Time": 79.753,
                  "Actual Total Time": 488.681,
                  "Actual Rows": 17373,
                  "Actual Loops": 7,
                  "Inner Unique": true,
                  "Hash Cond": "(ci.movie_id = t.id)",
                  "Plans": [
                    {
                      "Node Type": "Index Scan",
                      "Parent Relationship": "Outer",
                      "Parallel Aware": true,
                      "Scan Direction": "Forward",
                      "Index Name": "role_id_cast_info",
                      "Relation Name": "cast_info",
                      "Alias": "ci",
                      "Startup Cost": 0.56,
                      "Total Cost": 198752.95,
                      "Plan Rows": 1252698,
                      "Plan Width": 4,
                      "Actual Startup Time": 0.158,
                      "Actual Total Time": 244.74,
                      "Actual Rows": 1064568,
                      "Actual Loops": 7,
                      "Index Cond": "(role_id = 2)",
                      "Rows Removed by Index Recheck": 0
                    },
                    {
                      "Node Type": "Hash",
                      "Parent Relationship": "Inner",
                      "Parallel Aware": true,
                      "Startup Cost": 43899.32,
                      "Total Cost": 43899.32,
                      "Plan Rows": 8723,
                      "Plan Width": 4,
                      "Actual Startup Time": 78.49,
                      "Actual Total Time": 78.491,
                      "Actual Rows": 5216,
                      "Actual Loops": 7,
                      "Hash Buckets": 65536,
                      "Original Hash Buckets": 65536,
                      "Hash Batches": 1,
                      "Original Hash Batches": 1,
                      "Peak Memory Usage": 2016,
                      "Plans": [
                        {
                          "Node Type": "Seq Scan",
                          "Parent Relationship": "Outer",
                          "Parallel Aware": true,
                          "Relation Name": "title",
                          "Alias": "t",
                          "Startup Cost": 0.0,
                          "Total Cost": 43899.32,
                          "Plan Rows": 8723,
                          "Plan Width": 4,
                          "Actual Startup Time": 0.048,
                          "Actual Total Time": 75.066,
                          "Actual Rows": 5216,
                          "Actual Loops": 7,
                          "Filter": "(production_year = 1996)",
                          "Rows Removed by Filter": 355972
                        }
                      ]
                    }
                  ]
                }
              ]
            }
          ]
        }
      ]
    },
    "Planning Time": 0.58,
    "Triggers": [],
    "Execution Time": 524.385
  }
]