[
  {
    "Plan": {
      "Node Type": "Aggregate",
      "Strategy": "Plain",
      "Partial Mode": "Finalize",
      "Parallel Aware": false,
      "Startup Cost": 109435.59,
      "Total Cost": 109435.6,
      "Plan Rows": 1,
      "Plan Width": 8,
      "Actual Startup Time": 401.346,
      "Actual Total Time": 423.826,
      "Actual Rows": 1,
      "Actual Loops": 1,
      "Plans": [
        {
          "Node Type": "Gather",
          "Parent Relationship": "Outer",
          "Parallel Aware": false,
          "Startup Cost": 109435.28,
          "Total Cost": 109435.59,
          "Plan Rows": 3,
          "Plan Width": 8,
          "Actual Startup Time": 400.455,
          "Actual Total Time": 423.805,
          "Actual Rows": 4,
          "Actual Loops": 1,
          "Workers Planned": 3,
          "Workers Launched": 3,
          "Single Copy": false,
          "Plans": [
            {
              "Node Type": "Aggregate",
              "Strategy": "Plain",
              "Partial Mode": "Partial",
              "Parent Relationship": "Outer",
              "Parallel Aware": false,
              "Startup Cost": 108435.28,
              "Total Cost": 108435.29,
              "Plan Rows": 1,
              "Plan Width": 8,
              "Actual Startup Time": 390.974,
              "Actual Total Time": 390.98,
              "Actual Rows": 1,
              "Actual Loops": 4,
              "Plans": [
                {
                  "Node Type": "Nested Loop",
                  "Parent Relationship": "Outer",
                  "Parallel Aware": false,
                  "Join Type": "Inner",
                  "Startup Cost": 44237.14,
                  "Total Cost": 108377.23,
                  "Plan Rows": 23217,
                  "Plan Width": 0,
                  "Actual Startup Time": 125.617,
                  "Actual Total Time": 378.927,
                  "Actual Rows": 211610,
                  "Actual Loops": 4,
                  "Inner Unique": false,
                  "Join Filter": "(t.id = mk.movie_id)",
                  "Rows Removed by Join Filter": 0,
                  "Plans": [
                    {
                      "Node Type": "Hash Join",
                      "Parent Relationship": "Outer",
                      "Parallel Aware": true,
                      "Join Type": "Inner",
                      "Startup Cost": 44236.71,
                      "Total Cost": 74627.61,
                      "Plan Rows": 17572,
                      "Plan Width": 8,
                      "Actual Startup Time": 124.638,
                      "Actual Total Time": 251.951,
                      "Actual Rows": 12626,
                      "Actual Loops": 4,
                      "Inner Unique": true,
                      "Hash Cond": "(mc.movie_id = t.id)",
                      "Plans": [
                        {
                          "Node Type": "Seq Scan",
                          "Parent Relationship": "Outer",
                          "Parallel Aware": true,
                          "Relation Name": "movie_companies",
                          "Alias": "mc",
                          "Startup Cost": 0.0,
                          "Total Cost": 29310.68,
                          "Plan Rows": 411513,
                          "Plan Width": 4,
                          "Actual Startup Time": 0.012,
                          "Actual Total Time": 81.526,
                          "Actual Rows": 318562,
                          "Actual Loops": 4,
                          "Filter": "(company_type_id < 2)",
                          "Rows Removed by Filter": 333721
                        },
                        {
                          "Node Type": "Hash",
                          "Parent Relationship": "Inner",
                          "Parallel Aware": true,
                          "Startup Cost": 43899.32,
                          "Total Cost": 43899.32,
                          "Plan Rows": 26991,
                          "Plan Width": 4,
                          "Actual Startup Time": 122.708,
                          "Actual Total Time": 122.71,
                          "Actual Rows": 27107,
                          "Actual Loops": 4,
                          "Hash Buckets": 131072,
                          "Original Hash Buckets": 131072,
                          "Hash Batches": 1,
                          "Original Hash Batches": 1,
                          "Peak Memory Usage": 5312,
                          "Plans": [
                            {
                              "Node Type": "Seq Scan",
                              "Parent Relationship": "Outer",
                              "Parallel Aware": true,
                              "Relation Name": "title",
                              "Alias": "t",
                              "Startup Cost": 0.0,
                              "Total Cost": 43899.32,
                              "Plan Rows": 26991,
                              "Plan Width": 4,
                              "Actual Startup Time": 0.051,
                              "Actual Total Time": 110.149,
                              "Actual Rows": 27107,
                              "Actual Loops": 4,
                              "Filter": "(production_year = 2006)",
                              "Rows Removed by Filter": 604971
                            }
                          ]
                        }
                      ]
                    },
                    {
                      "Node Type": "Index Scan",
                      "Parent Relationship": "Inner",
                      "Parallel Aware": false,
                      "Scan Direction": "Forward",
                      "Index Name": "movie_id_movie_keyword",
                      "Relation Name": "movie_keyword",
                      "Alias": "mk",
                      "Startup Cost": 0.43,
                      "Total Cost": 1.5,
                      "Plan Rows": 34,
                      "Plan Width": 4,
                      "Actual Startup Time": 0.004,
                      "Actual Total Time": 0.008,
                      "Actual Rows": 17,
                      "Actual Loops": 50503,
                      "Index Cond": "(movie_id = mc.movie_id)",
                      "Rows Removed by Index Recheck": 0,
                      "Filter": "(keyword_id > 1417)",
                      "Rows Removed by Filter": 5
                    }
                  ]
                }
              ]
            }
          ]
        }
      ]
    },
    "Planning Time": 1.428,
    "Triggers": [],
    "Execution Time": 423.925
  }
]