[
  {
    "Plan": {
      "Node Type": "Aggregate",
      "Strategy": "Plain",
      "Partial Mode": "Finalize",
      "Parallel Aware": false,
      "Startup Cost": 337454.1,
      "Total Cost": 337454.11,
      "Plan Rows": 1,
      "Plan Width": 8,
      "Actual Startup Time": 778.769,
      "Actual Total Time": 837.852,
      "Actual Rows": 1,
      "Actual Loops": 1,
      "Plans": [
        {
          "Node Type": "Gather",
          "Parent Relationship": "Outer",
          "Parallel Aware": false,
          "Startup Cost": 337453.48,
          "Total Cost": 337454.09,
          "Plan Rows": 6,
          "Plan Width": 8,
          "Actual Startup Time": 778.529,
          "Actual Total Time": 837.837,
          "Actual Rows": 7,
          "Actual Loops": 1,
          "Workers Planned": 6,
          "Workers Launched": 6,
          "Single Copy": false,
          "Plans": [
            {
              "Node Type": "Aggregate",
              "Strategy": "Plain",
              "Partial Mode": "Partial",
              "Parent Relationship": "Outer",
              "Parallel Aware": false,
              "Startup Cost": 336453.48,
              "Total Cost": 336453.49,
              "Plan Rows": 1,
              "Plan Width": 8,
              "Actual Startup Time": 772.247,
              "Actual Total Time": 772.249,
              "Actual Rows": 1,
              "Actual Loops": 7,
              "Plans": [
                {
                  "Node Type": "Seq Scan",
                  "Parent Relationship": "Outer",
                  "Parallel Aware": true,
                  "Relation Name": "cast_info",
                  "Alias": "ci",
                  "Startup Cost": 0.0,
                  "Total Cost": 328211.39,
                  "Plan Rows": 3296834,
                  "Plan Width": 0,
                  "Actual Startup Time": 181.582,
                  "Actual Total Time": 635.095,
                  "Actual Rows": 2799738,
                  "Actual Loops": 7,
                  "Filter": "(person_id > 1648295)",
                  "Rows Removed by Filter": 2378026
                }
              ]
            }
          ]
        }
      ]
    },
    "Planning Time": 0.124,
    "Triggers": [],
    "Execution Time": 837.904
  }
]