[
  {
    "Plan": {
      "Node Type": "Aggregate",
      "Strategy": "Plain",
      "Partial Mode": "Finalize",
      "Parallel Aware": false,
      "Startup Cost": 47325.54,
      "Total Cost": 47325.55,
      "Plan Rows": 1,
      "Plan Width": 8,
      "Actual Startup Time": 176.624,
      "Actual Total Time": 185.781,
      "Actual Rows": 1,
      "Actual Loops": 1,
      "Plans": [
        {
          "Node Type": "Gather",
          "Parent Relationship": "Outer",
          "Parallel Aware": false,
          "Startup Cost": 47325.22,
          "Total Cost": 47325.53,
          "Plan Rows": 3,
          "Plan Width": 8,
          "Actual Startup Time": 176.511,
          "Actual Total Time": 185.773,
          "Actual Rows": 4,
          "Actual Loops": 1,
          "Workers Planned": 3,
          "Workers Launched": 3,
          "Single Copy": false,
          "Plans": [
            {
              "Node Type": "Aggregate",
              "Strategy": "Plain",
              "Partial Mode": "Partial",
              "Parent Relationship": "Outer",
              "Parallel Aware": false,
              "Startup Cost": 46325.22,
              "Total Cost": 46325.23,
              "Plan Rows": 1,
              "Plan Width": 8,
              "Actual Startup Time": 168.995,
              "Actual Total Time": 168.996,
              "Actual Rows": 1,
              "Actual Loops": 4,
              "Plans": [
                {
                  "Node Type": "Seq Scan",
                  "Parent Relationship": "Outer",
                  "Parallel Aware": true,
                  "Relation Name": "movie_keyword",
                  "Alias": "mk",
                  "Startup Cost": 0.0,
                  "Total Cost": 42695.65,
                  "Plan Rows": 1451826,
                  "Plan Width": 0,
                  "Actual Startup Time": 0.069,
                  "Actual Total Time": 121.943,
                  "Actual Rows": 1125067,
                  "Actual Loops": 4,
                  "Filter": "(keyword_id > 5)",
                  "Rows Removed by Filter": 5915
                }
              ]
            }
          ]
        }
      ]
    },
    "Planning Time": 0.143,
    "Triggers": [],
    "Execution Time": 185.813
  }
]