[
  {
    "Plan": {
      "Node Type": "Aggregate",
      "Strategy": "Plain",
      "Partial Mode": "Finalize",
      "Parallel Aware": false,
      "Startup Cost": 45721.94,
      "Total Cost": 45721.95,
      "Plan Rows": 1,
      "Plan Width": 8,
      "Actual Startup Time": 171.812,
      "Actual Total Time": 177.923,
      "Actual Rows": 1,
      "Actual Loops": 1,
      "Plans": [
        {
          "Node Type": "Gather",
          "Parent Relationship": "Outer",
          "Parallel Aware": false,
          "Startup Cost": 45721.62,
          "Total Cost": 45721.93,
          "Plan Rows": 3,
          "Plan Width": 8,
          "Actual Startup Time": 171.716,
          "Actual Total Time": 177.916,
          "Actual Rows": 4,
          "Actual Loops": 1,
          "Workers Planned": 3,
          "Workers Launched": 3,
          "Single Copy": false,
          "Plans": [
            {
              "Node Type": "Aggregate",
              "Strategy": "Plain",
              "Partial Mode": "Partial",
              "Parent Relationship": "Outer",
              "Parallel Aware": false,
              "Startup Cost": 44721.62,
              "Total Cost": 44721.63,
              "Plan Rows": 1,
              "Plan Width": 8,
              "Actual Startup Time": 167.215,
              "Actual Total Time": 167.216,
              "Actual Rows": 1,
              "Actual Loops": 4,
              "Plans": [
                {
                  "Node Type": "Seq Scan",
                  "Parent Relationship": "Outer",
                  "Parallel Aware": true,
                  "Relation Name": "movie_keyword",
                  "Alias": "mk",
                  "Startup Cost": 0.0,
                  "Total Cost": 42695.65,
                  "Plan Rows": 810387,
                  "Plan Width": 0,
                  "Actual Startup Time": 0.031,
                  "Actual Total Time": 130.471,
                  "Actual Rows": 632347,
                  "Actual Loops": 4,
                  "Filter": "(keyword_id < 6283)",
                  "Rows Removed by Filter": 498635
                }
              ]
            }
          ]
        }
      ]
    },
    "Planning Time": 0.088,
    "Triggers": [],
    "Execution Time": 177.953
  }
]