{
  "Plan": {
    "Node Type": "Aggregate",
    "Strategy": "Plain",
    "Partial Mode": "Finalize",
    "Parallel Aware": false,
    "Startup Cost": 510879.51,
    "Total Cost": 510879.52,
    "Plan Rows": 1,
    "Plan Width": 8,
    "Actual Startup Time": 1980.321,
    "Actual Total Time": 2023.824,
    "Actual Rows": 1,
    "Actual Loops": 1,
    "Plans": [
      {
        "Node Type": "Gather",
        "Parent Relationship": "Outer",
        "Parallel Aware": false,
        "Startup Cost": 510879.4,
        "Total Cost": 510879.51,
        "Plan Rows": 1,
        "Plan Width": 8,
        "Actual Startup Time": 1979.003,
        "Actual Total Time": 2023.814,
        "Actual Rows": 2,
        "Actual Loops": 1,
        "Workers Planned": 1,
        "Workers Launched": 1,
        "Single Copy": false,
        "Plans": [
          {
            "Node Type": "Aggregate",
            "Strategy": "Plain",
            "Partial Mode": "Partial",
            "Parent Relationship": "Outer",
            "Parallel Aware": false,
            "Startup Cost": 509879.4,
            "Total Cost": 509879.41,
            "Plan Rows": 1,
            "Plan Width": 8,
            "Actual Startup Time": 1972.774,
            "Actual Total Time": 1972.945,
            "Actual Rows": 1,
            "Actual Loops": 2,
            "Plans": [
              {
                "Node Type": "Hash Join",
                "Parent Relationship": "Outer",
                "Parallel Aware": true,
                "Join Type": "Inner",
                "Startup Cost": 463167.92,
                "Total Cost": 509658.65,
                "Plan Rows": 88301,
                "Plan Width": 0,
                "Actual Startup Time": 1838.126,
                "Actual Total Time": 1970.81,
                "Actual Rows": 51258,
                "Actual Loops": 2,
                "Inner Unique": false,
                "Hash Cond": "(mc.movie_id = t.id)",
                "Plans": [
                  {
                    "Node Type": "Seq Scan",
                    "Parent Relationship": "Outer",
                    "Parallel Aware": true,
                    "Relation Name": "movie_companies",
                    "Alias": "mc",
                    "Startup Cost": 0.0,
                    "Total Cost": 41811.73,
                    "Plan Rows": 665533,
                    "Plan Width": 4,
                    "Actual Startup Time": 49.829,
                    "Actual Total Time": 111.421,
                    "Actual Rows": 474106,
                    "Actual Loops": 2,
                    "Filter": "((company_id < 83506) AND (company_type_id = 2))",
                    "Rows Removed by Filter": 830459
                  },
                  {
                    "Node Type": "Hash",
                    "Parent Relationship": "Inner",
                    "Parallel Aware": true,
                    "Startup Cost": 460701.4,
                    "Total Cost": 460701.4,
                    "Plan Rows": 197322,
                    "Plan Width": 8,
                    "Actual Startup Time": 1782.396,
                    "Actual Total Time": 1782.566,
                    "Actual Rows": 172866,
                    "Actual Loops": 2,
                    "Hash Buckets": 524288,
                    "Original Hash Buckets": 524288,
                    "Hash Batches": 1,
                    "Original Hash Batches": 1,
                    "Peak Memory Usage": 17632,
                    "Plans": [
                      {
                        "Node Type": "Hash Join",
                        "Parent Relationship": "Outer",
                        "Parallel Aware": true,
                        "Join Type": "Inner",
                        "Startup Cost": 58806.9,
                        "Total Cost": 460701.4,
                        "Plan Rows": 197322,
                        "Plan Width": 8,
                        "Actual Startup Time": 146.727,
                        "Actual Total Time": 1728.372,
                        "Actual Rows": 172866,
                        "Actual Loops": 2,
                        "Inner Unique": true,
                        "Hash Cond": "(ci.movie_id = t.id)",
                        "Plans": [
                          {
                            "Node Type": "Index Scan",
                            "Parent Relationship": "Outer",
                            "Parallel Aware": true,
                            "Scan Direction": "Forward",
                            "Index Name": "role_id_cast_info",
                            "Relation Name": "cast_info",
                            "Alias": "ci",
                            "Startup Cost": 0.56,
                            "Total Cost": 382631.05,
                            "Plan Rows": 7338659,
                            "Plan Width": 4,
                            "Actual Startup Time": 0.04,
                            "Actual Total Time": 814.13,
                            "Actual Rows": 6335344,
                            "Actual Loops": 2,
                            "Index Cond": "(role_id < 2)",
                            "Rows Removed by Index Recheck": 0
                          },
                          {
                            "Node Type": "Hash",
                            "Parent Relationship": "Inner",
                            "Parallel Aware": true,
                            "Startup Cost": 58306.47,
                            "Total Cost": 58306.47,
                            "Plan Rows": 39989,
                            "Plan Width": 4,
                            "Actual Startup Time": 145.452,
                            "Actual Total Time": 145.453,
                            "Actual Rows": 37262,
                            "Actual Loops": 2,
                            "Hash Buckets": 131072,
                            "Original Hash Buckets": 131072,
                            "Hash Batches": 1,
                            "Original Hash Batches": 1,
                            "Peak Memory Usage": 3968,
                            "Plans": [
                              {
                                "Node Type": "Seq Scan",
                                "Parent Relationship": "Outer",
                                "Parallel Aware": true,
                                "Relation Name": "title",
                                "Alias": "t",
                                "Startup Cost": 0.0,
                                "Total Cost": 58306.47,
                                "Plan Rows": 39989,
                                "Plan Width": 4,
                                "Actual Startup Time": 0.052,
                                "Actual Total Time": 134.084,
                                "Actual Rows": 37262,
                                "Actual Loops": 2,
                                "Filter": "((kind_id = 7) AND (production_year = 2006))",
                                "Rows Removed by Filter": 1226894
                              }
                            ]
                          }
                        ]
                      }
                    ]
                  }
                ]
              }
            ]
          }
        ]
      }
    ]
  },
  "Planning Time": 1.087,
  "Triggers": [],
  "Execution Time": 2023.928
}