{
  "Plan": {
    "Node Type": "Aggregate",
    "Strategy": "Plain",
    "Partial Mode": "Finalize",
    "Parallel Aware": false,
    "Startup Cost": 201662.31,
    "Total Cost": 201662.32,
    "Plan Rows": 1,
    "Plan Width": 8,
    "Actual Startup Time": 160.971,
    "Actual Total Time": 173.253,
    "Actual Rows": 1,
    "Actual Loops": 1,
    "Plans": [
      {
        "Node Type": "Gather",
        "Parent Relationship": "Outer",
        "Parallel Aware": false,
        "Startup Cost": 201662.2,
        "Total Cost": 201662.31,
        "Plan Rows": 1,
        "Plan Width": 8,
        "Actual Startup Time": 160.855,
        "Actual Total Time": 173.244,
        "Actual Rows": 2,
        "Actual Loops": 1,
        "Workers Planned": 1,
        "Workers Launched": 1,
        "Single Copy": false,
        "Plans": [
          {
            "Node Type": "Aggregate",
            "Strategy": "Plain",
            "Partial Mode": "Partial",
            "Parent Relationship": "Outer",
            "Parallel Aware": false,
            "Startup Cost": 200662.2,
            "Total Cost": 200662.21,
            "Plan Rows": 1,
            "Plan Width": 8,
            "Actual Startup Time": 151.895,
            "Actual Total Time": 151.897,
            "Actual Rows": 1,
            "Actual Loops": 2,
            "Plans": [
              {
                "Node Type": "Nested Loop",
                "Parent Relationship": "Outer",
                "Parallel Aware": false,
                "Join Type": "Inner",
                "Startup Cost": 0.56,
                "Total Cost": 200661.46,
                "Plan Rows": 298,
                "Plan Width": 0,
                "Actual Startup Time": 22.017,
                "Actual Total Time": 151.878,
                "Actual Rows": 41,
                "Actual Loops": 2,
                "Inner Unique": false,
                "Plans": [
                  {
                    "Node Type": "Seq Scan",
                    "Parent Relationship": "Outer",
                    "Parallel Aware": true,
                    "Relation Name": "title",
                    "Alias": "t",
                    "Startup Cost": 0.0,
                    "Total Cost": 58306.47,
                    "Plan Rows": 1044,
                    "Plan Width": 4,
                    "Actual Startup Time": 1.283,
                    "Actual Total Time": 148.198,
                    "Actual Rows": 68,
                    "Actual Loops": 2,
                    "Filter": "((production_year > 2013) AND (kind_id = 7))",
                    "Rows Removed by Filter": 1264088
                  },
                  {
                    "Node Type": "Index Scan",
                    "Parent Relationship": "Inner",
                    "Parallel Aware": false,
                    "Scan Direction": "Forward",
                    "Index Name": "movie_id_cast_info",
                    "Relation Name": "cast_info",
                    "Alias": "ci",
                    "Startup Cost": 0.56,
                    "Total Cost": 136.35,
                    "Plan Rows": 1,
                    "Plan Width": 4,
                    "Actual Startup Time": 0.051,
                    "Actual Total Time": 0.052,
                    "Actual Rows": 1,
                    "Actual Loops": 137,
                    "Index Cond": "(movie_id = t.id)",
                    "Rows Removed by Index Recheck": 0,
                    "Filter": "((person_id > 3662939) AND (role_id > 3))",
                    "Rows Removed by Filter": 9
                  }
                ]
              }
            ]
          }
        ]
      }
    ]
  },
  "Planning Time": 0.51,
  "Triggers": [],
  "Execution Time": 173.328
}