[
    {
        "Bao": {
            "Bao prediction": "NaN",
            "Bao recommended hint": "(no hint)"
        }
    },
    {
        "Plan": {
            "Node Type": "Aggregate",
            "Strategy": "Plain",
            "Partial Mode": "Finalize",
            "Parallel Aware": false,
            "Startup Cost": 26550.37,
            "Total Cost": 26550.38,
            "Plan Rows": 1,
            "Plan Width": 8,
            "Actual Startup Time": 43.721,
            "Actual Total Time": 49.029,
            "Actual Rows": 1,
            "Actual Loops": 1,
            "Output": [
                "count(*)"
            ],
            "Plans": [
                {
                    "Node Type": "Gather",
                    "Parent Relationship": "Outer",
                    "Parallel Aware": false,
                    "Startup Cost": 26550.15,
                    "Total Cost": 26550.36,
                    "Plan Rows": 2,
                    "Plan Width": 8,
                    "Actual Startup Time": 43.579,
                    "Actual Total Time": 49.022,
                    "Actual Rows": 3,
                    "Actual Loops": 1,
                    "Output": [
                        "(PARTIAL count(*))"
                    ],
                    "Workers Planned": 2,
                    "Workers Launched": 2,
                    "Single Copy": false,
                    "Plans": [
                        {
                            "Node Type": "Aggregate",
                            "Strategy": "Plain",
                            "Partial Mode": "Partial",
                            "Parent Relationship": "Outer",
                            "Parallel Aware": false,
                            "Startup Cost": 25550.15,
                            "Total Cost": 25550.16,
                            "Plan Rows": 1,
                            "Plan Width": 8,
                            "Actual Startup Time": 35.511,
                            "Actual Total Time": 35.513,
                            "Actual Rows": 1,
                            "Actual Loops": 3,
                            "Output": [
                                "PARTIAL count(*)"
                            ],
                            "Workers": [
                                {
                                    "Worker Number": 0,
                                    "Actual Startup Time": 31.508,
                                    "Actual Total Time": 31.509,
                                    "Actual Rows": 1,
                                    "Actual Loops": 1
                                },
                                {
                                    "Worker Number": 1,
                                    "Actual Startup Time": 31.802,
                                    "Actual Total Time": 31.804,
                                    "Actual Rows": 1,
                                    "Actual Loops": 1
                                }
                            ],
                            "Plans": [
                                {
                                    "Node Type": "Nested Loop",
                                    "Parent Relationship": "Outer",
                                    "Parallel Aware": false,
                                    "Join Type": "Inner",
                                    "Startup Cost": 143.01,
                                    "Total Cost": 25549.43,
                                    "Plan Rows": 290,
                                    "Plan Width": 0,
                                    "Actual Startup Time": 1.212,
                                    "Actual Total Time": 35.38,
                                    "Actual Rows": 970,
                                    "Actual Loops": 3,
                                    "Inner Unique": false,
                                    "Workers": [
                                        {
                                            "Worker Number": 0,
                                            "Actual Startup Time": 1.162,
                                            "Actual Total Time": 31.433,
                                            "Actual Rows": 339,
                                            "Actual Loops": 1
                                        },
                                        {
                                            "Worker Number": 1,
                                            "Actual Startup Time": 0.565,
                                            "Actual Total Time": 31.715,
                                            "Actual Rows": 347,
                                            "Actual Loops": 1
                                        }
                                    ],
                                    "Plans": [
                                        {
                                            "Node Type": "Nested Loop",
                                            "Parent Relationship": "Outer",
                                            "Parallel Aware": false,
                                            "Join Type": "Inner",
                                            "Startup Cost": 142.58,
                                            "Total Cost": 23571.77,
                                            "Plan Rows": 1332,
                                            "Plan Width": 8,
                                            "Actual Startup Time": 0.848,
                                            "Actual Total Time": 21.278,
                                            "Actual Rows": 1863,
                                            "Actual Loops": 3,
                                            "Output": [
                                                "t.id",
                                                "mc.movie_id"
                                            ],
                                            "Inner Unique": true,
                                            "Workers": [
                                                {
                                                    "Worker Number": 0,
                                                    "Actual Startup Time": 0.356,
                                                    "Actual Total Time": 19.922,
                                                    "Actual Rows": 706,
                                                    "Actual Loops": 1
                                                },
                                                {
                                                    "Worker Number": 1,
                                                    "Actual Startup Time": 0.334,
                                                    "Actual Total Time": 19.473,
                                                    "Actual Rows": 694,
                                                    "Actual Loops": 1
                                                }
                                            ],
                                            "Plans": [
                                                {
                                                    "Node Type": "Bitmap Heap Scan",
                                                    "Parent Relationship": "Outer",
                                                    "Parallel Aware": true,
                                                    "Relation Name": "movie_companies",
                                                    "Schema": "public",
                                                    "Alias": "mc",
                                                    "Startup Cost": 142.15,
                                                    "Total Cost": 13347.97,
                                                    "Plan Rows": 1332,
                                                    "Plan Width": 4,
                                                    "Actual Startup Time": 0.688,
                                                    "Actual Total Time": 4.411,
                                                    "Actual Rows": 1863,
                                                    "Actual Loops": 3,
                                                    "Output": [
                                                        "mc.id",
                                                        "mc.movie_id",
                                                        "mc.company_id",
                                                        "mc.company_type_id",
                                                        "mc.note"
                                                    ],
                                                    "Recheck Cond": "(mc.company_id = 93)",
                                                    "Rows Removed by Index Recheck": 0,
                                                    "Filter": "(mc.company_type_id < 2)",
                                                    "Rows Removed by Filter": 159,
                                                    "Exact Heap Blocks": 1717,
                                                    "Lossy Heap Blocks": 0,
                                                    "Workers": [
                                                        {
                                                            "Worker Number": 0,
                                                            "Actual Startup Time": 0.118,
                                                            "Actual Total Time": 3.665,
                                                            "Actual Rows": 706,
                                                            "Actual Loops": 1
                                                        },
                                                        {
                                                            "Worker Number": 1,
                                                            "Actual Startup Time": 0.116,
                                                            "Actual Total Time": 3.514,
                                                            "Actual Rows": 694,
                                                            "Actual Loops": 1
                                                        }
                                                    ],
                                                    "Plans": [
                                                        {
                                                            "Node Type": "Bitmap Index Scan",
                                                            "Parent Relationship": "Outer",
                                                            "Parallel Aware": false,
                                                            "Index Name": "company_id_movie_companies",
                                                            "Startup Cost": 0.0,
                                                            "Total Cost": 141.35,
                                                            "Plan Rows": 6523,
                                                            "Plan Width": 0,
                                                            "Actual Startup Time": 1.382,
                                                            "Actual Total Time": 1.383,
                                                            "Actual Rows": 6067,
                                                            "Actual Loops": 1,
                                                            "Index Cond": "(mc.company_id = 93)"
                                                        }
                                                    ]
                                                },
                                                {
                                                    "Node Type": "Index Only Scan",
                                                    "Parent Relationship": "Inner",
                                                    "Parallel Aware": false,
                                                    "Scan Direction": "Forward",
                                                    "Index Name": "title_pkey",
                                                    "Relation Name": "title",
                                                    "Schema": "public",
                                                    "Alias": "t",
                                                    "Startup Cost": 0.43,
                                                    "Total Cost": 7.68,
                                                    "Plan Rows": 1,
                                                    "Plan Width": 4,
                                                    "Actual Startup Time": 0.008,
                                                    "Actual Total Time": 0.008,
                                                    "Actual Rows": 1,
                                                    "Actual Loops": 5589,
                                                    "Output": [
                                                        "t.id"
                                                    ],
                                                    "Index Cond": "(t.id = mc.movie_id)",
                                                    "Rows Removed by Index Recheck": 0,
                                                    "Heap Fetches": 5589,
                                                    "Workers": [
                                                        {
                                                            "Worker Number": 0,
                                                            "Actual Startup Time": 0.022,
                                                            "Actual Total Time": 0.022,
                                                            "Actual Rows": 1,
                                                            "Actual Loops": 706
                                                        },
                                                        {
                                                            "Worker Number": 1,
                                                            "Actual Startup Time": 0.022,
                                                            "Actual Total Time": 0.022,
                                                            "Actual Rows": 1,
                                                            "Actual Loops": 694
                                                        }
                                                    ]
                                                }
                                            ]
                                        },
                                        {
                                            "Node Type": "Index Scan",
                                            "Parent Relationship": "Inner",
                                            "Parallel Aware": false,
                                            "Scan Direction": "Forward",
                                            "Index Name": "movie_id_movie_keyword",
                                            "Relation Name": "movie_keyword",
                                            "Schema": "public",
                                            "Alias": "mk",
                                            "Startup Cost": 0.43,
                                            "Total Cost": 1.42,
                                            "Plan Rows": 6,
                                            "Plan Width": 4,
                                            "Actual Startup Time": 0.006,
                                            "Actual Total Time": 0.007,
                                            "Actual Rows": 1,
                                            "Actual Loops": 5589,
                                            "Output": [
                                                "mk.id",
                                                "mk.movie_id",
                                                "mk.keyword_id"
                                            ],
                                            "Index Cond": "(mk.movie_id = t.id)",
                                            "Rows Removed by Index Recheck": 0,
                                            "Filter": "(mk.keyword_id < 395)",
                                            "Rows Removed by Filter": 4,
                                            "Workers": [
                                                {
                                                    "Worker Number": 0,
                                                    "Actual Startup Time": 0.015,
                                                    "Actual Total Time": 0.015,
                                                    "Actual Rows": 0,
                                                    "Actual Loops": 706
                                                },
                                                {
                                                    "Worker Number": 1,
                                                    "Actual Startup Time": 0.015,
                                                    "Actual Total Time": 0.016,
                                                    "Actual Rows": 0,
                                                    "Actual Loops": 694
                                                }
                                            ]
                                        }
                                    ]
                                }
                            ]
                        }
                    ]
                }
            ]
        },
        "Planning Time": 279.426,
        "Triggers": [],
        "Execution Time": 49.107
    }
]