[
  {
    "Plan": {
      "Node Type": "Aggregate",
      "Strategy": "Plain",
      "Partial Mode": "Finalize",
      "Parallel Aware": false,
      "Startup Cost": 33191.18,
      "Total Cost": 33191.19,
      "Plan Rows": 1,
      "Plan Width": 8,
      "Actual Startup Time": 105.612,
      "Actual Total Time": 112.204,
      "Actual Rows": 1,
      "Actual Loops": 1,
      "Plans": [
        {
          "Node Type": "Gather",
          "Parent Relationship": "Outer",
          "Parallel Aware": false,
          "Startup Cost": 33190.86,
          "Total Cost": 33191.17,
          "Plan Rows": 3,
          "Plan Width": 8,
          "Actual Startup Time": 105.334,
          "Actual Total Time": 112.19,
          "Actual Rows": 4,
          "Actual Loops": 1,
          "Workers Planned": 3,
          "Workers Launched": 3,
          "Single Copy": false,
          "Plans": [
            {
              "Node Type": "Aggregate",
              "Strategy": "Plain",
              "Partial Mode": "Partial",
              "Parent Relationship": "Outer",
              "Parallel Aware": false,
              "Startup Cost": 32190.86,
              "Total Cost": 32190.87,
              "Plan Rows": 1,
              "Plan Width": 8,
              "Actual Startup Time": 97.547,
              "Actual Total Time": 97.548,
              "Actual Rows": 1,
              "Actual Loops": 4,
              "Plans": [
                {
                  "Node Type": "Seq Scan",
                  "Parent Relationship": "Outer",
                  "Parallel Aware": true,
                  "Relation Name": "movie_companies",
                  "Alias": "mc",
                  "Startup Cost": 0.0,
                  "Total Cost": 31414.82,
                  "Plan Rows": 310417,
                  "Plan Width": 0,
                  "Actual Startup Time": 53.019,
                  "Actual Total Time": 89.897,
                  "Actual Rows": 163862,
                  "Actual Loops": 4,
                  "Filter": "((company_id < 42483) AND (company_type_id > 1))",
                  "Rows Removed by Filter": 488420
                }
              ]
            }
          ]
        }
      ]
    },
    "Planning Time": 0.185,
    "Triggers": [],
    "Execution Time": 112.253
  }
]