[
  {
    "Plan": {
      "Node Type": "Aggregate",
      "Strategy": "Plain",
      "Partial Mode": "Finalize",
      "Parallel Aware": false,
      "Startup Cost": 46486.24,
      "Total Cost": 46486.25,
      "Plan Rows": 1,
      "Plan Width": 8,
      "Actual Startup Time": 69.116,
      "Actual Total Time": 76.515,
      "Actual Rows": 1,
      "Actual Loops": 1,
      "Plans": [
        {
          "Node Type": "Gather",
          "Parent Relationship": "Outer",
          "Parallel Aware": false,
          "Startup Cost": 46485.82,
          "Total Cost": 46486.23,
          "Plan Rows": 4,
          "Plan Width": 8,
          "Actual Startup Time": 69.013,
          "Actual Total Time": 76.508,
          "Actual Rows": 5,
          "Actual Loops": 1,
          "Workers Planned": 4,
          "Workers Launched": 4,
          "Single Copy": false,
          "Plans": [
            {
              "Node Type": "Aggregate",
              "Strategy": "Plain",
              "Partial Mode": "Partial",
              "Parent Relationship": "Outer",
              "Parallel Aware": false,
              "Startup Cost": 45485.82,
              "Total Cost": 45485.83,
              "Plan Rows": 1,
              "Plan Width": 8,
              "Actual Startup Time": 66.047,
              "Actual Total Time": 66.048,
              "Actual Rows": 1,
              "Actual Loops": 5,
              "Plans": [
                {
                  "Node Type": "Seq Scan",
                  "Parent Relationship": "Outer",
                  "Parallel Aware": true,
                  "Relation Name": "title",
                  "Alias": "t",
                  "Startup Cost": 0.0,
                  "Total Cost": 45479.21,
                  "Plan Rows": 2646,
                  "Plan Width": 0,
                  "Actual Startup Time": 0.148,
                  "Actual Total Time": 65.857,
                  "Actual Rows": 1936,
                  "Actual Loops": 5,
                  "Filter": "((kind_id > 1) AND (production_year = 1968))",
                  "Rows Removed by Filter": 503727
                }
              ]
            }
          ]
        }
      ]
    },
    "Planning Time": 0.082,
    "Triggers": [],
    "Execution Time": 76.546
  }
]