{
  "Plan": {
    "Node Type": "Aggregate",
    "Strategy": "Plain",
    "Partial Mode": "Finalize",
    "Parallel Aware": false,
    "Startup Cost": 148713.83,
    "Total Cost": 148713.84,
    "Plan Rows": 1,
    "Plan Width": 8,
    "Actual Startup Time": 558.575,
    "Actual Total Time": 576.285,
    "Actual Rows": 1,
    "Actual Loops": 1,
    "Plans": [
      {
        "Node Type": "Gather",
        "Parent Relationship": "Outer",
        "Parallel Aware": false,
        "Startup Cost": 148713.71,
        "Total Cost": 148713.82,
        "Plan Rows": 1,
        "Plan Width": 8,
        "Actual Startup Time": 558.126,
        "Actual Total Time": 576.275,
        "Actual Rows": 2,
        "Actual Loops": 1,
        "Workers Planned": 1,
        "Workers Launched": 1,
        "Single Copy": false,
        "Plans": [
          {
            "Node Type": "Aggregate",
            "Strategy": "Plain",
            "Partial Mode": "Partial",
            "Parent Relationship": "Outer",
            "Parallel Aware": false,
            "Startup Cost": 147713.71,
            "Total Cost": 147713.72,
            "Plan Rows": 1,
            "Plan Width": 8,
            "Actual Startup Time": 551.854,
            "Actual Total Time": 551.86,
            "Actual Rows": 1,
            "Actual Loops": 2,
            "Plans": [
              {
                "Node Type": "Hash Join",
                "Parent Relationship": "Outer",
                "Parallel Aware": true,
                "Join Type": "Inner",
                "Startup Cost": 86202.03,
                "Total Cost": 147574.41,
                "Plan Rows": 55722,
                "Plan Width": 0,
                "Actual Startup Time": 401.494,
                "Actual Total Time": 551.688,
                "Actual Rows": 3623,
                "Actual Loops": 2,
                "Inner Unique": false,
                "Hash Cond": "(mk.movie_id = t.id)",
                "Plans": [
                  {
                    "Node Type": "Seq Scan",
                    "Parent Relationship": "Outer",
                    "Parallel Aware": true,
                    "Relation Name": "movie_keyword",
                    "Alias": "mk",
                    "Startup Cost": 0.0,
                    "Total Cost": 51065.35,
                    "Plan Rows": 2661135,
                    "Plan Width": 4,
                    "Actual Startup Time": 0.015,
                    "Actual Total Time": 148.092,
                    "Actual Rows": 2261965,
                    "Actual Loops": 2
                  },
                  {
                    "Node Type": "Hash",
                    "Parent Relationship": "Inner",
                    "Parallel Aware": true,
                    "Startup Cost": 85812.77,
                    "Total Cost": 85812.77,
                    "Plan Rows": 31141,
                    "Plan Width": 8,
                    "Actual Startup Time": 265.588,
                    "Actual Total Time": 265.593,
                    "Actual Rows": 694,
                    "Actual Loops": 2,
                    "Hash Buckets": 65536,
                    "Original Hash Buckets": 65536,
                    "Hash Batches": 1,
                    "Original Hash Batches": 1,
                    "Peak Memory Usage": 576,
                    "Plans": [
                      {
                        "Node Type": "Hash Join",
                        "Parent Relationship": "Outer",
                        "Parallel Aware": true,
                        "Join Type": "Inner",
                        "Startup Cost": 22518.23,
                        "Total Cost": 85812.77,
                        "Plan Rows": 31141,
                        "Plan Width": 8,
                        "Actual Startup Time": 231.552,
                        "Actual Total Time": 265.107,
                        "Actual Rows": 694,
                        "Actual Loops": 2,
                        "Inner Unique": false,
                        "Hash Cond": "(t.id = mc.movie_id)",
                        "Plans": [
                          {
                            "Node Type": "Seq Scan",
                            "Parent Relationship": "Outer",
                            "Parallel Aware": true,
                            "Relation Name": "title",
                            "Alias": "t",
                            "Startup Cost": 0.0,
                            "Total Cost": 58306.47,
                            "Plan Rows": 768782,
                            "Plan Width": 4,
                            "Actual Startup Time": 0.011,
                            "Actual Total Time": 140.29,
                            "Actual Rows": 693359,
                            "Actual Loops": 2,
                            "Filter": "((kind_id > 4) AND (production_year > 1967))",
                            "Rows Removed by Filter": 570797
                          },
                          {
                            "Node Type": "Hash",
                            "Parent Relationship": "Inner",
                            "Parallel Aware": true,
                            "Startup Cost": 21765.18,
                            "Total Cost": 21765.18,
                            "Plan Rows": 60244,
                            "Plan Width": 4,
                            "Actual Startup Time": 45.561,
                            "Actual Total Time": 45.562,
                            "Actual Rows": 48470,
                            "Actual Loops": 2,
                            "Hash Buckets": 131072,
                            "Original Hash Buckets": 131072,
                            "Hash Batches": 1,
                            "Original Hash Batches": 1,
                            "Peak Memory Usage": 4832,
                            "Plans": [
                              {
                                "Node Type": "Bitmap Heap Scan",
                                "Parent Relationship": "Outer",
                                "Parallel Aware": true,
                                "Relation Name": "movie_companies",
                                "Alias": "mc",
                                "Startup Cost": 2222.14,
                                "Total Cost": 21765.18,
                                "Plan Rows": 60244,
                                "Plan Width": 4,
                                "Actual Startup Time": 10.288,
                                "Actual Total Time": 31.628,
                                "Actual Rows": 48470,
                                "Actual Loops": 2,
                                "Recheck Cond": "(company_id > 159388)",
                                "Rows Removed by Index Recheck": 0,
                                "Exact Heap Blocks": 2354,
                                "Lossy Heap Blocks": 0,
                                "Plans": [
                                  {
                                    "Node Type": "Bitmap Index Scan",
                                    "Parent Relationship": "Outer",
                                    "Parallel Aware": false,
                                    "Index Name": "company_id_movie_companies",
                                    "Startup Cost": 0.0,
                                    "Total Cost": 2196.53,
                                    "Plan Rows": 102414,
                                    "Plan Width": 0,
                                    "Actual Startup Time": 12.432,
                                    "Actual Total Time": 12.432,
                                    "Actual Rows": 96941,
                                    "Actual Loops": 1,
                                    "Index Cond": "(company_id > 159388)"
                                  }
                                ]
                              }
                            ]
                          }
                        ]
                      }
                    ]
                  }
                ]
              }
            ]
          }
        ]
      }
    ]
  },
  "Planning Time": 1.061,
  "Triggers": [],
  "Execution Time": 576.385
}