{
  "Plan": {
    "Node Type": "Aggregate",
    "Strategy": "Plain",
    "Partial Mode": "Finalize",
    "Parallel Aware": false,
    "Startup Cost": 245785.77,
    "Total Cost": 245785.78,
    "Plan Rows": 1,
    "Plan Width": 8,
    "Actual Startup Time": 1865.848,
    "Actual Total Time": 1930.457,
    "Actual Rows": 1,
    "Actual Loops": 1,
    "Plans": [
      {
        "Node Type": "Gather",
        "Parent Relationship": "Outer",
        "Parallel Aware": false,
        "Startup Cost": 245785.66,
        "Total Cost": 245785.77,
        "Plan Rows": 1,
        "Plan Width": 8,
        "Actual Startup Time": 1865.673,
        "Actual Total Time": 1930.45,
        "Actual Rows": 2,
        "Actual Loops": 1,
        "Workers Planned": 1,
        "Workers Launched": 1,
        "Single Copy": false,
        "Plans": [
          {
            "Node Type": "Aggregate",
            "Strategy": "Plain",
            "Partial Mode": "Partial",
            "Parent Relationship": "Outer",
            "Parallel Aware": false,
            "Startup Cost": 244785.66,
            "Total Cost": 244785.67,
            "Plan Rows": 1,
            "Plan Width": 8,
            "Actual Startup Time": 1859.709,
            "Actual Total Time": 1859.713,
            "Actual Rows": 1,
            "Actual Loops": 2,
            "Plans": [
              {
                "Node Type": "Nested Loop",
                "Parent Relationship": "Outer",
                "Parallel Aware": false,
                "Join Type": "Inner",
                "Startup Cost": 58771.16,
                "Total Cost": 243448.94,
                "Plan Rows": 534686,
                "Plan Width": 0,
                "Actual Startup Time": 154.599,
                "Actual Total Time": 1792.474,
                "Actual Rows": 1577152,
                "Actual Loops": 2,
                "Inner Unique": false,
                "Join Filter": "(t.id = ci.movie_id)",
                "Rows Removed by Join Filter": 0,
                "Plans": [
                  {
                    "Node Type": "Hash Join",
                    "Parent Relationship": "Outer",
                    "Parallel Aware": true,
                    "Join Type": "Inner",
                    "Startup Cost": 58770.59,
                    "Total Cost": 116821.44,
                    "Plan Rows": 66438,
                    "Plan Width": 8,
                    "Actual Startup Time": 154.268,
                    "Actual Total Time": 482.454,
                    "Actual Rows": 38360,
                    "Actual Loops": 2,
                    "Inner Unique": true,
                    "Hash Cond": "(mk.movie_id = t.id)",
                    "Plans": [
                      {
                        "Node Type": "Seq Scan",
                        "Parent Relationship": "Outer",
                        "Parallel Aware": true,
                        "Relation Name": "movie_keyword",
                        "Alias": "mk",
                        "Startup Cost": 0.0,
                        "Total Cost": 51065.35,
                        "Plan Rows": 2661135,
                        "Plan Width": 4,
                        "Actual Startup Time": 0.019,
                        "Actual Total Time": 157.106,
                        "Actual Rows": 2261965,
                        "Actual Loops": 2
                      },
                      {
                        "Node Type": "Hash",
                        "Parent Relationship": "Inner",
                        "Parallel Aware": true,
                        "Startup Cost": 58306.47,
                        "Total Cost": 58306.47,
                        "Plan Rows": 37130,
                        "Plan Width": 4,
                        "Actual Startup Time": 152.78,
                        "Actual Total Time": 152.781,
                        "Actual Rows": 26952,
                        "Actual Loops": 2,
                        "Hash Buckets": 65536,
                        "Original Hash Buckets": 65536,
                        "Hash Batches": 1,
                        "Original Hash Batches": 1,
                        "Peak Memory Usage": 2656,
                        "Plans": [
                          {
                            "Node Type": "Seq Scan",
                            "Parent Relationship": "Outer",
                            "Parallel Aware": true,
                            "Relation Name": "title",
                            "Alias": "t",
                            "Startup Cost": 0.0,
                            "Total Cost": 58306.47,
                            "Plan Rows": 37130,
                            "Plan Width": 4,
                            "Actual Startup Time": 0.07,
                            "Actual Total Time": 144.175,
                            "Actual Rows": 26952,
                            "Actual Loops": 2,
                            "Filter": "((kind_id < 7) AND (production_year = 2012))",
                            "Rows Removed by Filter": 1237204
                          }
                        ]
                      }
                    ]
                  },
                  {
                    "Node Type": "Index Scan",
                    "Parent Relationship": "Inner",
                    "Parallel Aware": false,
                    "Scan Direction": "Forward",
                    "Index Name": "movie_id_cast_info",
                    "Relation Name": "cast_info",
                    "Alias": "ci",
                    "Startup Cost": 0.56,
                    "Total Cost": 1.64,
                    "Plan Rows": 21,
                    "Plan Width": 4,
                    "Actual Startup Time": 0.011,
                    "Actual Total Time": 0.03,
                    "Actual Rows": 41,
                    "Actual Loops": 76720,
                    "Index Cond": "(movie_id = mk.movie_id)",
                    "Rows Removed by Index Recheck": 0,
                    "Filter": "(person_id > 1567810)",
                    "Rows Removed by Filter": 29
                  }
                ]
              }
            ]
          }
        ]
      }
    ]
  },
  "Planning Time": 0.943,
  "Triggers": [],
  "Execution Time": 1930.608
}