[
  {
    "Plan": {
      "Node Type": "Aggregate",
      "Strategy": "Plain",
      "Partial Mode": "Finalize",
      "Parallel Aware": false,
      "Startup Cost": 73382.77,
      "Total Cost": 73382.78,
      "Plan Rows": 1,
      "Plan Width": 8,
      "Actual Startup Time": 114.361,
      "Actual Total Time": 129.19,
      "Actual Rows": 1,
      "Actual Loops": 1,
      "Plans": [
        {
          "Node Type": "Gather",
          "Parent Relationship": "Outer",
          "Parallel Aware": false,
          "Startup Cost": 73382.35,
          "Total Cost": 73382.76,
          "Plan Rows": 4,
          "Plan Width": 8,
          "Actual Startup Time": 114.227,
          "Actual Total Time": 129.183,
          "Actual Rows": 5,
          "Actual Loops": 1,
          "Workers Planned": 4,
          "Workers Launched": 4,
          "Single Copy": false,
          "Plans": [
            {
              "Node Type": "Aggregate",
              "Strategy": "Plain",
              "Partial Mode": "Partial",
              "Parent Relationship": "Outer",
              "Parallel Aware": false,
              "Startup Cost": 72382.35,
              "Total Cost": 72382.36,
              "Plan Rows": 1,
              "Plan Width": 8,
              "Actual Startup Time": 104.363,
              "Actual Total Time": 104.364,
              "Actual Rows": 1,
              "Actual Loops": 5,
              "Plans": [
                {
                  "Node Type": "Nested Loop",
                  "Parent Relationship": "Outer",
                  "Parallel Aware": false,
                  "Join Type": "Inner",
                  "Startup Cost": 0.43,
                  "Total Cost": 72368.53,
                  "Plan Rows": 5530,
                  "Plan Width": 0,
                  "Actual Startup Time": 0.885,
                  "Actual Total Time": 104.063,
                  "Actual Rows": 4397,
                  "Actual Loops": 5,
                  "Inner Unique": false,
                  "Plans": [
                    {
                      "Node Type": "Seq Scan",
                      "Parent Relationship": "Outer",
                      "Parallel Aware": true,
                      "Relation Name": "title",
                      "Alias": "t",
                      "Startup Cost": 0.0,
                      "Total Cost": 43898.92,
                      "Plan Rows": 3666,
                      "Plan Width": 4,
                      "Actual Startup Time": 0.074,
                      "Actual Total Time": 82.054,
                      "Actual Rows": 2920,
                      "Actual Loops": 5,
                      "Filter": "(production_year = 1967)",
                      "Rows Removed by Filter": 502742
                    },
                    {
                      "Node Type": "Index Scan",
                      "Parent Relationship": "Inner",
                      "Parallel Aware": false,
                      "Scan Direction": "Forward",
                      "Index Name": "movie_id_movie_keyword",
                      "Relation Name": "movie_keyword",
                      "Alias": "mk",
                      "Startup Cost": 0.43,
                      "Total Cost": 7.39,
                      "Plan Rows": 38,
                      "Plan Width": 4,
                      "Actual Startup Time": 0.007,
                      "Actual Total Time": 0.007,
                      "Actual Rows": 2,
                      "Actual Loops": 14601,
                      "Index Cond": "(movie_id = t.id)",
                      "Rows Removed by Index Recheck": 0,
                      "Filter": "(keyword_id < 26908)",
                      "Rows Removed by Filter": 0
                    }
                  ]
                }
              ]
            }
          ]
        }
      ]
    },
    "Planning Time": 0.567,
    "Triggers": [],
    "Execution Time": 129.307
  }
]