[
  {
    "Plan": {
      "Node Type": "Aggregate",
      "Strategy": "Plain",
      "Partial Mode": "Finalize",
      "Parallel Aware": false,
      "Startup Cost": 441150.87,
      "Total Cost": 441150.88,
      "Plan Rows": 1,
      "Plan Width": 8,
      "Actual Startup Time": 1942.141,
      "Actual Total Time": 2012.337,
      "Actual Rows": 1,
      "Actual Loops": 1,
      "Plans": [
        {
          "Node Type": "Gather",
          "Parent Relationship": "Outer",
          "Parallel Aware": false,
          "Startup Cost": 441150.25,
          "Total Cost": 441150.86,
          "Plan Rows": 6,
          "Plan Width": 8,
          "Actual Startup Time": 1935.013,
          "Actual Total Time": 2012.324,
          "Actual Rows": 7,
          "Actual Loops": 1,
          "Workers Planned": 6,
          "Workers Launched": 6,
          "Single Copy": false,
          "Plans": [
            {
              "Node Type": "Aggregate",
              "Strategy": "Plain",
              "Partial Mode": "Partial",
              "Parent Relationship": "Outer",
              "Parallel Aware": false,
              "Startup Cost": 440150.25,
              "Total Cost": 440150.26,
              "Plan Rows": 1,
              "Plan Width": 8,
              "Actual Startup Time": 1923.718,
              "Actual Total Time": 1923.783,
              "Actual Rows": 1,
              "Actual Loops": 7,
              "Plans": [
                {
                  "Node Type": "Hash Join",
                  "Parent Relationship": "Outer",
                  "Parallel Aware": true,
                  "Join Type": "Inner",
                  "Startup Cost": 83563.64,
                  "Total Cost": 435796.12,
                  "Plan Rows": 1741650,
                  "Plan Width": 0,
                  "Actual Startup Time": 282.023,
                  "Actual Total Time": 1859.938,
                  "Actual Rows": 1427561,
                  "Actual Loops": 7,
                  "Inner Unique": false,
                  "Hash Cond": "(ci.movie_id = t.id)",
                  "Plans": [
                    {
                      "Node Type": "Seq Scan",
                      "Parent Relationship": "Outer",
                      "Parallel Aware": true,
                      "Relation Name": "cast_info",
                      "Alias": "ci",
                      "Startup Cost": 0.0,
                      "Total Cost": 328162.03,
                      "Plan Rows": 5257691,
                      "Plan Width": 4,
                      "Actual Startup Time": 0.028,
                      "Actual Total Time": 704.214,
                      "Actual Rows": 4515030,
                      "Actual Loops": 7,
                      "Filter": "(role_id < 10)",
                      "Rows Removed by Filter": 662734
                    },
                    {
                      "Node Type": "Hash",
                      "Parent Relationship": "Inner",
                      "Parallel Aware": true,
                      "Startup Cost": 80946.4,
                      "Total Cost": 80946.4,
                      "Plan Rows": 209379,
                      "Plan Width": 8,
                      "Actual Startup Time": 278.693,
                      "Actual Total Time": 278.755,
                      "Actual Rows": 75525,
                      "Actual Loops": 7,
                      "Hash Buckets": 1048576,
                      "Original Hash Buckets": 1048576,
                      "Hash Batches": 1,
                      "Original Hash Batches": 1,
                      "Peak Memory Usage": 29024,
                      "Plans": [
                        {
                          "Node Type": "Hash Join",
                          "Parent Relationship": "Outer",
                          "Parallel Aware": true,
                          "Join Type": "Inner",
                          "Startup Cost": 34791.89,
                          "Total Cost": 80946.4,
                          "Plan Rows": 209379,
                          "Plan Width": 8,
                          "Actual Startup Time": 98.317,
                          "Actual Total Time": 242.984,
                          "Actual Rows": 75525,
                          "Actual Loops": 7,
                          "Inner Unique": false,
                          "Hash Cond": "(t.id = mc.movie_id)",
                          "Plans": [
                            {
                              "Node Type": "Seq Scan",
                              "Parent Relationship": "Outer",
                              "Parallel Aware": true,
                              "Relation Name": "title",
                              "Alias": "t",
                              "Startup Cost": 0.0,
                              "Total Cost": 42318.73,
                              "Plan Rows": 632073,
                              "Plan Width": 4,
                              "Actual Startup Time": 0.011,
                              "Actual Total Time": 54.287,
                              "Actual Rows": 361187,
                              "Actual Loops": 7
                            },
                            {
                              "Node Type": "Hash",
                              "Parent Relationship": "Inner",
                              "Parallel Aware": true,
                              "Startup Cost": 31414.82,
                              "Total Cost": 31414.82,
                              "Plan Rows": 270166,
                              "Plan Width": 4,
                              "Actual Startup Time": 96.833,
                              "Actual Total Time": 96.834,
                              "Actual Rows": 75525,
                              "Actual Loops": 7,
                              "Hash Buckets": 1048576,
                              "Original Hash Buckets": 1048576,
                              "Hash Batches": 1,
                              "Original Hash Batches": 1,
                              "Peak Memory Usage": 28960,
                              "Plans": [
                                {
                                  "Node Type": "Seq Scan",
                                  "Parent Relationship": "Outer",
                                  "Parallel Aware": true,
                                  "Relation Name": "movie_companies",
                                  "Alias": "mc",
                                  "Startup Cost": 0.0,
                                  "Total Cost": 31414.82,
                                  "Plan Rows": 270166,
                                  "Plan Width": 4,
                                  "Actual Startup Time": 40.005,
                                  "Actual Total Time": 63.058,
                                  "Actual Rows": 75525,
                                  "Actual Loops": 7,
                                  "Filter": "((company_id < 17678) AND (company_type_id > 1))",
                                  "Rows Removed by Filter": 297208
                                }
                              ]
                            }
                          ]
                        }
                      ]
                    }
                  ]
                }
              ]
            }
          ]
        }
      ]
    },
    "Planning Time": 1.467,
    "Triggers": [],
    "Execution Time": 2012.443
  }
]