{
  "Plan": {
    "Node Type": "Aggregate",
    "Strategy": "Plain",
    "Partial Mode": "Finalize",
    "Parallel Aware": false,
    "Startup Cost": 69666.57,
    "Total Cost": 69666.58,
    "Plan Rows": 1,
    "Plan Width": 8,
    "Actual Startup Time": 160.752,
    "Actual Total Time": 173.585,
    "Actual Rows": 1,
    "Actual Loops": 1,
    "Plans": [
      {
        "Node Type": "Gather",
        "Parent Relationship": "Outer",
        "Parallel Aware": false,
        "Startup Cost": 69666.46,
        "Total Cost": 69666.57,
        "Plan Rows": 1,
        "Plan Width": 8,
        "Actual Startup Time": 160.623,
        "Actual Total Time": 173.578,
        "Actual Rows": 2,
        "Actual Loops": 1,
        "Workers Planned": 1,
        "Workers Launched": 1,
        "Single Copy": false,
        "Plans": [
          {
            "Node Type": "Aggregate",
            "Strategy": "Plain",
            "Partial Mode": "Partial",
            "Parent Relationship": "Outer",
            "Parallel Aware": false,
            "Startup Cost": 68666.46,
            "Total Cost": 68666.47,
            "Plan Rows": 1,
            "Plan Width": 8,
            "Actual Startup Time": 154.475,
            "Actual Total Time": 154.476,
            "Actual Rows": 1,
            "Actual Loops": 2,
            "Plans": [
              {
                "Node Type": "Nested Loop",
                "Parent Relationship": "Outer",
                "Parallel Aware": false,
                "Join Type": "Inner",
                "Startup Cost": 0.43,
                "Total Cost": 68664.54,
                "Plan Rows": 769,
                "Plan Width": 0,
                "Actual Startup Time": 94.887,
                "Actual Total Time": 154.435,
                "Actual Rows": 370,
                "Actual Loops": 2,
                "Inner Unique": false,
                "Plans": [
                  {
                    "Node Type": "Seq Scan",
                    "Parent Relationship": "Outer",
                    "Parallel Aware": true,
                    "Relation Name": "title",
                    "Alias": "t",
                    "Startup Cost": 0.0,
                    "Total Cost": 58306.47,
                    "Plan Rows": 1410,
                    "Plan Width": 4,
                    "Actual Startup Time": 94.476,
                    "Actual Total Time": 141.163,
                    "Actual Rows": 4062,
                    "Actual Loops": 2,
                    "Filter": "((kind_id < 4) AND (production_year = 1914))",
                    "Rows Removed by Filter": 1260094
                  },
                  {
                    "Node Type": "Index Only Scan",
                    "Parent Relationship": "Inner",
                    "Parallel Aware": false,
                    "Scan Direction": "Forward",
                    "Index Name": "movie_id_movie_info_idx",
                    "Relation Name": "movie_info_idx",
                    "Alias": "mi_idx",
                    "Startup Cost": 0.43,
                    "Total Cost": 7.32,
                    "Plan Rows": 3,
                    "Plan Width": 4,
                    "Actual Startup Time": 0.003,
                    "Actual Total Time": 0.003,
                    "Actual Rows": 0,
                    "Actual Loops": 8125,
                    "Index Cond": "(movie_id = t.id)",
                    "Rows Removed by Index Recheck": 0,
                    "Heap Fetches": 741
                  }
                ]
              }
            ]
          }
        ]
      }
    ]
  },
  "Planning Time": 0.455,
  "Triggers": [],
  "Execution Time": 173.66
}