[
    {
        "Bao": {
            "Bao prediction": "NaN",
            "Bao recommended hint": "(no hint)"
        }
    },
    {
        "Plan": {
            "Node Type": "Aggregate",
            "Strategy": "Plain",
            "Partial Mode": "Finalize",
            "Parallel Aware": false,
            "Startup Cost": 594818.1,
            "Total Cost": 594818.11,
            "Plan Rows": 1,
            "Plan Width": 8,
            "Actual Startup Time": 5010.977,
            "Actual Total Time": 5050.665,
            "Actual Rows": 1,
            "Actual Loops": 1,
            "Output": [
                "count(*)"
            ],
            "Plans": [
                {
                    "Node Type": "Gather",
                    "Parent Relationship": "Outer",
                    "Parallel Aware": false,
                    "Startup Cost": 594817.48,
                    "Total Cost": 594818.09,
                    "Plan Rows": 6,
                    "Plan Width": 8,
                    "Actual Startup Time": 4984.079,
                    "Actual Total Time": 5050.653,
                    "Actual Rows": 7,
                    "Actual Loops": 1,
                    "Output": [
                        "(PARTIAL count(*))"
                    ],
                    "Workers Planned": 6,
                    "Workers Launched": 6,
                    "Single Copy": false,
                    "Plans": [
                        {
                            "Node Type": "Aggregate",
                            "Strategy": "Plain",
                            "Partial Mode": "Partial",
                            "Parent Relationship": "Outer",
                            "Parallel Aware": false,
                            "Startup Cost": 593817.48,
                            "Total Cost": 593817.49,
                            "Plan Rows": 1,
                            "Plan Width": 8,
                            "Actual Startup Time": 4974.285,
                            "Actual Total Time": 4974.746,
                            "Actual Rows": 1,
                            "Actual Loops": 7,
                            "Output": [
                                "PARTIAL count(*)"
                            ],
                            "Workers": [
                                {
                                    "Worker Number": 0,
                                    "Actual Startup Time": 4971.02,
                                    "Actual Total Time": 4971.023,
                                    "Actual Rows": 1,
                                    "Actual Loops": 1
                                },
                                {
                                    "Worker Number": 1,
                                    "Actual Startup Time": 4971.949,
                                    "Actual Total Time": 4971.953,
                                    "Actual Rows": 1,
                                    "Actual Loops": 1
                                },
                                {
                                    "Worker Number": 2,
                                    "Actual Startup Time": 4972.056,
                                    "Actual Total Time": 4972.06,
                                    "Actual Rows": 1,
                                    "Actual Loops": 1
                                },
                                {
                                    "Worker Number": 3,
                                    "Actual Startup Time": 4975.63,
                                    "Actual Total Time": 4975.634,
                                    "Actual Rows": 1,
                                    "Actual Loops": 1
                                },
                                {
                                    "Worker Number": 4,
                                    "Actual Startup Time": 4972.569,
                                    "Actual Total Time": 4972.574,
                                    "Actual Rows": 1,
                                    "Actual Loops": 1
                                },
                                {
                                    "Worker Number": 5,
                                    "Actual Startup Time": 4973.139,
                                    "Actual Total Time": 4973.143,
                                    "Actual Rows": 1,
                                    "Actual Loops": 1
                                }
                            ],
                            "Plans": [
                                {
                                    "Node Type": "Hash Join",
                                    "Parent Relationship": "Outer",
                                    "Parallel Aware": true,
                                    "Join Type": "Inner",
                                    "Startup Cost": 247661.48,
                                    "Total Cost": 588045.41,
                                    "Plan Rows": 2308826,
                                    "Plan Width": 0,
                                    "Actual Startup Time": 1020.647,
                                    "Actual Total Time": 4465.756,
                                    "Actual Rows": 12031478,
                                    "Actual Loops": 7,
                                    "Inner Unique": false,
                                    "Hash Cond": "(ci.movie_id = t.id)",
                                    "Workers": [
                                        {
                                            "Worker Number": 0,
                                            "Actual Startup Time": 1017.972,
                                            "Actual Total Time": 4423.661,
                                            "Actual Rows": 10723492,
                                            "Actual Loops": 1
                                        },
                                        {
                                            "Worker Number": 1,
                                            "Actual Startup Time": 1018.686,
                                            "Actual Total Time": 4462.841,
                                            "Actual Rows": 11895343,
                                            "Actual Loops": 1
                                        },
                                        {
                                            "Worker Number": 2,
                                            "Actual Startup Time": 1018.888,
                                            "Actual Total Time": 4435.817,
                                            "Actual Rows": 10864524,
                                            "Actual Loops": 1
                                        },
                                        {
                                            "Worker Number": 3,
                                            "Actual Startup Time": 1019.279,
                                            "Actual Total Time": 4490.599,
                                            "Actual Rows": 12614423,
                                            "Actual Loops": 1
                                        },
                                        {
                                            "Worker Number": 4,
                                            "Actual Startup Time": 1019.469,
                                            "Actual Total Time": 4477.267,
                                            "Actual Rows": 12424409,
                                            "Actual Loops": 1
                                        },
                                        {
                                            "Worker Number": 5,
                                            "Actual Startup Time": 1019.945,
                                            "Actual Total Time": 4478.719,
                                            "Actual Rows": 12860505,
                                            "Actual Loops": 1
                                        }
                                    ],
                                    "Plans": [
                                        {
                                            "Node Type": "Seq Scan",
                                            "Parent Relationship": "Outer",
                                            "Parallel Aware": true,
                                            "Relation Name": "cast_info",
                                            "Schema": "public",
                                            "Alias": "ci",
                                            "Startup Cost": 0.0,
                                            "Total Cost": 313108.29,
                                            "Plan Rows": 6042129,
                                            "Plan Width": 4,
                                            "Actual Startup Time": 0.025,
                                            "Actual Total Time": 471.527,
                                            "Actual Rows": 5177763,
                                            "Actual Loops": 7,
                                            "Output": [
                                                "ci.id",
                                                "ci.person_id",
                                                "ci.movie_id",
                                                "ci.person_role_id",
                                                "ci.note",
                                                "ci.nr_order",
                                                "ci.role_id"
                                            ],
                                            "Workers": [
                                                {
                                                    "Worker Number": 0,
                                                    "Actual Startup Time": 0.034,
                                                    "Actual Total Time": 509.533,
                                                    "Actual Rows": 4702537,
                                                    "Actual Loops": 1
                                                },
                                                {
                                                    "Worker Number": 1,
                                                    "Actual Startup Time": 0.029,
                                                    "Actual Total Time": 477.081,
                                                    "Actual Rows": 5139478,
                                                    "Actual Loops": 1
                                                },
                                                {
                                                    "Worker Number": 2,
                                                    "Actual Startup Time": 0.033,
                                                    "Actual Total Time": 486.848,
                                                    "Actual Rows": 4781661,
                                                    "Actual Loops": 1
                                                },
                                                {
                                                    "Worker Number": 3,
                                                    "Actual Startup Time": 0.022,
                                                    "Actual Total Time": 483.127,
                                                    "Actual Rows": 5377553,
                                                    "Actual Loops": 1
                                                },
                                                {
                                                    "Worker Number": 4,
                                                    "Actual Startup Time": 0.022,
                                                    "Actual Total Time": 472.679,
                                                    "Actual Rows": 5326820,
                                                    "Actual Loops": 1
                                                },
                                                {
                                                    "Worker Number": 5,
                                                    "Actual Startup Time": 0.027,
                                                    "Actual Total Time": 484.647,
                                                    "Actual Rows": 5429758,
                                                    "Actual Loops": 1
                                                }
                                            ]
                                        },
                                        {
                                            "Node Type": "Hash",
                                            "Parent Relationship": "Inner",
                                            "Parallel Aware": true,
                                            "Startup Cost": 245246.17,
                                            "Total Cost": 245246.17,
                                            "Plan Rows": 193225,
                                            "Plan Width": 8,
                                            "Actual Startup Time": 1018.332,
                                            "Actual Total Time": 1018.792,
                                            "Actual Rows": 511413,
                                            "Actual Loops": 7,
                                            "Output": [
                                                "t.id",
                                                "mi.movie_id"
                                            ],
                                            "Hash Buckets": 4194304,
                                            "Original Hash Buckets": 1048576,
                                            "Hash Batches": 1,
                                            "Original Hash Batches": 1,
                                            "Peak Memory Usage": 197504,
                                            "Workers": [
                                                {
                                                    "Worker Number": 0,
                                                    "Actual Startup Time": 1016.923,
                                                    "Actual Total Time": 1016.925,
                                                    "Actual Rows": 401250,
                                                    "Actual Loops": 1
                                                },
                                                {
                                                    "Worker Number": 1,
                                                    "Actual Startup Time": 1017.91,
                                                    "Actual Total Time": 1017.913,
                                                    "Actual Rows": 401220,
                                                    "Actual Loops": 1
                                                },
                                                {
                                                    "Worker Number": 2,
                                                    "Actual Startup Time": 1017.991,
                                                    "Actual Total Time": 1017.994,
                                                    "Actual Rows": 396763,
                                                    "Actual Loops": 1
                                                },
                                                {
                                                    "Worker Number": 3,
                                                    "Actual Startup Time": 1018.394,
                                                    "Actual Total Time": 1018.397,
                                                    "Actual Rows": 584605,
                                                    "Actual Loops": 1
                                                },
                                                {
                                                    "Worker Number": 4,
                                                    "Actual Startup Time": 1018.467,
                                                    "Actual Total Time": 1018.47,
                                                    "Actual Rows": 571656,
                                                    "Actual Loops": 1
                                                },
                                                {
                                                    "Worker Number": 5,
                                                    "Actual Startup Time": 1019.129,
                                                    "Actual Total Time": 1019.132,
                                                    "Actual Rows": 583387,
                                                    "Actual Loops": 1
                                                }
                                            ],
                                            "Plans": [
                                                {
                                                    "Node Type": "Hash Join",
                                                    "Parent Relationship": "Outer",
                                                    "Parallel Aware": true,
                                                    "Join Type": "Inner",
                                                    "Startup Cost": 45996.55,
                                                    "Total Cost": 245246.17,
                                                    "Plan Rows": 193225,
                                                    "Plan Width": 8,
                                                    "Actual Startup Time": 108.263,
                                                    "Actual Total Time": 744.756,
                                                    "Actual Rows": 511413,
                                                    "Actual Loops": 7,
                                                    "Output": [
                                                        "t.id",
                                                        "mi.movie_id"
                                                    ],
                                                    "Inner Unique": true,
                                                    "Hash Cond": "(mi.movie_id = t.id)",
                                                    "Workers": [
                                                        {
                                                            "Worker Number": 0,
                                                            "Actual Startup Time": 106.849,
                                                            "Actual Total Time": 750.078,
                                                            "Actual Rows": 401250,
                                                            "Actual Loops": 1
                                                        },
                                                        {
                                                            "Worker Number": 1,
                                                            "Actual Startup Time": 107.736,
                                                            "Actual Total Time": 750.517,
                                                            "Actual Rows": 401220,
                                                            "Actual Loops": 1
                                                        },
                                                        {
                                                            "Worker Number": 2,
                                                            "Actual Startup Time": 107.91,
                                                            "Actual Total Time": 749.985,
                                                            "Actual Rows": 396763,
                                                            "Actual Loops": 1
                                                        },
                                                        {
                                                            "Worker Number": 3,
                                                            "Actual Startup Time": 108.33,
                                                            "Actual Total Time": 742.188,
                                                            "Actual Rows": 584605,
                                                            "Actual Loops": 1
                                                        },
                                                        {
                                                            "Worker Number": 4,
                                                            "Actual Startup Time": 108.499,
                                                            "Actual Total Time": 741.252,
                                                            "Actual Rows": 571656,
                                                            "Actual Loops": 1
                                                        },
                                                        {
                                                            "Worker Number": 5,
                                                            "Actual Startup Time": 109.062,
                                                            "Actual Total Time": 742.941,
                                                            "Actual Rows": 583387,
                                                            "Actual Loops": 1
                                                        }
                                                    ],
                                                    "Plans": [
                                                        {
                                                            "Node Type": "Seq Scan",
                                                            "Parent Relationship": "Outer",
                                                            "Parallel Aware": true,
                                                            "Relation Name": "movie_info",
                                                            "Schema": "public",
                                                            "Alias": "mi",
                                                            "Startup Cost": 0.0,
                                                            "Total Cost": 191503.19,
                                                            "Plan Rows": 2951019,
                                                            "Plan Width": 4,
                                                            "Actual Startup Time": 0.022,
                                                            "Actual Total Time": 283.174,
                                                            "Actual Rows": 2119389,
                                                            "Actual Loops": 7,
                                                            "Output": [
                                                                "mi.id",
                                                                "mi.movie_id",
                                                                "mi.info_type_id",
                                                                "mi.info",
                                                                "mi.note"
                                                            ],
                                                            "Workers": [
                                                                {
                                                                    "Worker Number": 0,
                                                                    "Actual Startup Time": 0.029,
                                                                    "Actual Total Time": 299.136,
                                                                    "Actual Rows": 1632461,
                                                                    "Actual Loops": 1
                                                                },
                                                                {
                                                                    "Worker Number": 1,
                                                                    "Actual Startup Time": 0.029,
                                                                    "Actual Total Time": 292.749,
                                                                    "Actual Rows": 1623795,
                                                                    "Actual Loops": 1
                                                                },
                                                                {
                                                                    "Worker Number": 2,
                                                                    "Actual Startup Time": 0.022,
                                                                    "Actual Total Time": 291.021,
                                                                    "Actual Rows": 1609638,
                                                                    "Actual Loops": 1
                                                                },
                                                                {
                                                                    "Worker Number": 3,
                                                                    "Actual Startup Time": 0.019,
                                                                    "Actual Total Time": 289.739,
                                                                    "Actual Rows": 2391614,
                                                                    "Actual Loops": 1
                                                                },
                                                                {
                                                                    "Worker Number": 4,
                                                                    "Actual Startup Time": 0.021,
                                                                    "Actual Total Time": 279.712,
                                                                    "Actual Rows": 2361377,
                                                                    "Actual Loops": 1
                                                                },
                                                                {
                                                                    "Worker Number": 5,
                                                                    "Actual Startup Time": 0.025,
                                                                    "Actual Total Time": 290.993,
                                                                    "Actual Rows": 2413753,
                                                                    "Actual Loops": 1
                                                                }
                                                            ]
                                                        },
                                                        {
                                                            "Node Type": "Hash",
                                                            "Parent Relationship": "Inner",
                                                            "Parallel Aware": true,
                                                            "Startup Cost": 45479.21,
                                                            "Total Cost": 45479.21,
                                                            "Plan Rows": 41387,
                                                            "Plan Width": 4,
                                                            "Actual Startup Time": 98.235,
                                                            "Actual Total Time": 98.236,
                                                            "Actual Rows": 43012,
                                                            "Actual Loops": 7,
                                                            "Output": [
                                                                "t.id"
                                                            ],
                                                            "Hash Buckets": 524288,
                                                            "Original Hash Buckets": 262144,
                                                            "Hash Batches": 1,
                                                            "Original Hash Batches": 1,
                                                            "Peak Memory Usage": 18048,
                                                            "Workers": [
                                                                {
                                                                    "Worker Number": 0,
                                                                    "Actual Startup Time": 97.034,
                                                                    "Actual Total Time": 97.034,
                                                                    "Actual Rows": 33092,
                                                                    "Actual Loops": 1
                                                                },
                                                                {
                                                                    "Worker Number": 1,
                                                                    "Actual Startup Time": 97.939,
                                                                    "Actual Total Time": 97.94,
                                                                    "Actual Rows": 32837,
                                                                    "Actual Loops": 1
                                                                },
                                                                {
                                                                    "Worker Number": 2,
                                                                    "Actual Startup Time": 98.114,
                                                                    "Actual Total Time": 98.115,
                                                                    "Actual Rows": 33050,
                                                                    "Actual Loops": 1
                                                                },
                                                                {
                                                                    "Worker Number": 3,
                                                                    "Actual Startup Time": 98.528,
                                                                    "Actual Total Time": 98.529,
                                                                    "Actual Rows": 46070,
                                                                    "Actual Loops": 1
                                                                },
                                                                {
                                                                    "Worker Number": 4,
                                                                    "Actual Startup Time": 98.697,
                                                                    "Actual Total Time": 98.698,
                                                                    "Actual Rows": 47415,
                                                                    "Actual Loops": 1
                                                                },
                                                                {
                                                                    "Worker Number": 5,
                                                                    "Actual Startup Time": 99.271,
                                                                    "Actual Total Time": 99.272,
                                                                    "Actual Rows": 47005,
                                                                    "Actual Loops": 1
                                                                }
                                                            ],
                                                            "Plans": [
                                                                {
                                                                    "Node Type": "Seq Scan",
                                                                    "Parent Relationship": "Outer",
                                                                    "Parallel Aware": true,
                                                                    "Relation Name": "title",
                                                                    "Schema": "public",
                                                                    "Alias": "t",
                                                                    "Startup Cost": 0.0,
                                                                    "Total Cost": 45479.21,
                                                                    "Plan Rows": 41387,
                                                                    "Plan Width": 4,
                                                                    "Actual Startup Time": 45.507,
                                                                    "Actual Total Time": 73.915,
                                                                    "Actual Rows": 43012,
                                                                    "Actual Loops": 7,
                                                                    "Output": [
                                                                        "t.id"
                                                                    ],
                                                                    "Filter": "((t.production_year < 1987) AND (t.kind_id = 1))",
                                                                    "Rows Removed by Filter": 318175,
                                                                    "Workers": [
                                                                        {
                                                                            "Worker Number": 0,
                                                                            "Actual Startup Time": 44.553,
                                                                            "Actual Total Time": 74.33,
                                                                            "Actual Rows": 33092,
                                                                            "Actual Loops": 1
                                                                        },
                                                                        {
                                                                            "Worker Number": 1,
                                                                            "Actual Startup Time": 46.079,
                                                                            "Actual Total Time": 74.984,
                                                                            "Actual Rows": 32837,
                                                                            "Actual Loops": 1
                                                                        },
                                                                        {
                                                                            "Worker Number": 2,
                                                                            "Actual Startup Time": 45.367,
                                                                            "Actual Total Time": 75.223,
                                                                            "Actual Rows": 33050,
                                                                            "Actual Loops": 1
                                                                        },
                                                                        {
                                                                            "Worker Number": 3,
                                                                            "Actual Startup Time": 45.362,
                                                                            "Actual Total Time": 73.847,
                                                                            "Actual Rows": 46070,
                                                                            "Actual Loops": 1
                                                                        },
                                                                        {
                                                                            "Worker Number": 4,
                                                                            "Actual Startup Time": 45.396,
                                                                            "Actual Total Time": 73.745,
                                                                            "Actual Rows": 47415,
                                                                            "Actual Loops": 1
                                                                        },
                                                                        {
                                                                            "Worker Number": 5,
                                                                            "Actual Startup Time": 46.182,
                                                                            "Actual Total Time": 73.968,
                                                                            "Actual Rows": 47005,
                                                                            "Actual Loops": 1
                                                                        }
                                                                    ]
                                                                }
                                                            ]
                                                        }
                                                    ]
                                                }
                                            ]
                                        }
                                    ]
                                }
                            ]
                        }
                    ]
                }
            ]
        },
        "Planning Time": 189.109,
        "Triggers": [],
        "Execution Time": 5050.739
    }
]