{
  "Plan": {
    "Node Type": "Aggregate",
    "Strategy": "Plain",
    "Partial Mode": "Finalize",
    "Parallel Aware": false,
    "Startup Cost": 234782.14,
    "Total Cost": 234782.15,
    "Plan Rows": 1,
    "Plan Width": 96,
    "Actual Startup Time": 2566.518,
    "Actual Total Time": 2644.33,
    "Actual Rows": 1,
    "Actual Loops": 1,
    "Plans": [
      {
        "Node Type": "Gather",
        "Parent Relationship": "Outer",
        "Parallel Aware": false,
        "Startup Cost": 234782.03,
        "Total Cost": 234782.14,
        "Plan Rows": 1,
        "Plan Width": 96,
        "Actual Startup Time": 2550.859,
        "Actual Total Time": 2644.312,
        "Actual Rows": 2,
        "Actual Loops": 1,
        "Workers Planned": 1,
        "Workers Launched": 1,
        "Single Copy": false,
        "Plans": [
          {
            "Node Type": "Aggregate",
            "Strategy": "Plain",
            "Partial Mode": "Partial",
            "Parent Relationship": "Outer",
            "Parallel Aware": false,
            "Startup Cost": 233782.03,
            "Total Cost": 233782.04,
            "Plan Rows": 1,
            "Plan Width": 96,
            "Actual Startup Time": 2539.104,
            "Actual Total Time": 2539.115,
            "Actual Rows": 1,
            "Actual Loops": 2,
            "Plans": [
              {
                "Node Type": "Hash Join",
                "Parent Relationship": "Outer",
                "Parallel Aware": true,
                "Join Type": "Inner",
                "Startup Cost": 173828.15,
                "Total Cost": 233777.6,
                "Plan Rows": 590,
                "Plan Width": 48,
                "Actual Startup Time": 1721.008,
                "Actual Total Time": 2523.483,
                "Actual Rows": 81174,
                "Actual Loops": 2,
                "Inner Unique": true,
                "Hash Cond": "(ci.person_id = n.id)",
                "Plans": [
                  {
                    "Node Type": "Nested Loop",
                    "Parent Relationship": "Outer",
                    "Parallel Aware": false,
                    "Join Type": "Inner",
                    "Startup Cost": 63060.67,
                    "Total Cost": 123008.58,
                    "Plan Rows": 590,
                    "Plan Width": 37,
                    "Actual Startup Time": 378.568,
                    "Actual Total Time": 1103.93,
                    "Actual Rows": 81174,
                    "Actual Loops": 2,
                    "Inner Unique": false,
                    "Join Filter": "(t.id = ci.movie_id)",
                    "Rows Removed by Join Filter": 0,
                    "Plans": [
                      {
                        "Node Type": "Hash Join",
                        "Parent Relationship": "Outer",
                        "Parallel Aware": false,
                        "Join Type": "Inner",
                        "Startup Cost": 63060.11,
                        "Total Cost": 122929.72,
                        "Plan Rows": 41,
                        "Plan Width": 41,
                        "Actual Startup Time": 378.461,
                        "Actual Total Time": 869.153,
                        "Actual Rows": 1302,
                        "Actual Loops": 2,
                        "Inner Unique": true,
                        "Hash Cond": "(mk.keyword_id = k.id)",
                        "Plans": [
                          {
                            "Node Type": "Hash Join",
                            "Parent Relationship": "Outer",
                            "Parallel Aware": true,
                            "Join Type": "Inner",
                            "Startup Cost": 59427.61,
                            "Total Cost": 117478.45,
                            "Plan Rows": 692841,
                            "Plan Width": 29,
                            "Actual Startup Time": 349.588,
                            "Actual Total Time": 821.268,
                            "Actual Rows": 342021,
                            "Actual Loops": 2,
                            "Inner Unique": true,
                            "Hash Cond": "(mk.movie_id = t.id)",
                            "Plans": [
                              {
                                "Node Type": "Seq Scan",
                                "Parent Relationship": "Outer",
                                "Parallel Aware": true,
                                "Relation Name": "movie_keyword",
                                "Alias": "mk",
                                "Startup Cost": 0.0,
                                "Total Cost": 51065.35,
                                "Plan Rows": 2661135,
                                "Plan Width": 8,
                                "Actual Startup Time": 0.025,
                                "Actual Total Time": 188.454,
                                "Actual Rows": 2261965,
                                "Actual Loops": 2
                              },
                              {
                                "Node Type": "Hash",
                                "Parent Relationship": "Inner",
                                "Parallel Aware": true,
                                "Startup Cost": 54587.68,
                                "Total Cost": 54587.68,
                                "Plan Rows": 387194,
                                "Plan Width": 21,
                                "Actual Startup Time": 347.252,
                                "Actual Total Time": 347.253,
                                "Actual Rows": 331032,
                                "Actual Loops": 2,
                                "Hash Buckets": 1048576,
                                "Original Hash Buckets": 1048576,
                                "Hash Batches": 1,
                                "Original Hash Batches": 1,
                                "Peak Memory Usage": 45472,
                                "Plans": [
                                  {
                                    "Node Type": "Seq Scan",
                                    "Parent Relationship": "Outer",
                                    "Parallel Aware": true,
                                    "Relation Name": "title",
                                    "Alias": "t",
                                    "Startup Cost": 0.0,
                                    "Total Cost": 54587.68,
                                    "Plan Rows": 387194,
                                    "Plan Width": 21,
                                    "Actual Startup Time": 0.019,
                                    "Actual Total Time": 183.621,
                                    "Actual Rows": 331032,
                                    "Actual Loops": 2,
                                    "Filter": "(production_year > 2008)",
                                    "Rows Removed by Filter": 933124
                                  }
                                ]
                              }
                            ]
                          },
                          {
                            "Node Type": "Hash",
                            "Parent Relationship": "Inner",
                            "Parallel Aware": false,
                            "Startup Cost": 3632.4,
                            "Total Cost": 3632.4,
                            "Plan Rows": 8,
                            "Plan Width": 20,
                            "Actual Startup Time": 26.622,
                            "Actual Total Time": 26.623,
                            "Actual Rows": 7,
                            "Actual Loops": 2,
                            "Hash Buckets": 1024,
                            "Original Hash Buckets": 1024,
                            "Hash Batches": 1,
                            "Original Hash Batches": 1,
                            "Peak Memory Usage": 9,
                            "Plans": [
                              {
                                "Node Type": "Seq Scan",
                                "Parent Relationship": "Outer",
                                "Parallel Aware": false,
                                "Relation Name": "keyword",
                                "Alias": "k",
                                "Startup Cost": 0.0,
                                "Total Cost": 3632.4,
                                "Plan Rows": 8,
                                "Plan Width": 20,
                                "Actual Startup Time": 0.057,
                                "Actual Total Time": 26.609,
                                "Actual Rows": 7,
                                "Actual Loops": 2,
                                "Filter": "(keyword = ANY ('{tv-special,hero,marvel-comics,based-on-comic,superhero,violence,claw,based-on-comic}'::text[]))",
                                "Rows Removed by Filter": 134163
                              }
                            ]
                          }
                        ]
                      },
                      {
                        "Node Type": "Index Scan",
                        "Parent Relationship": "Inner",
                        "Parallel Aware": false,
                        "Scan Direction": "Forward",
                        "Index Name": "movie_id_cast_info",
                        "Relation Name": "cast_info",
                        "Alias": "ci",
                        "Startup Cost": 0.56,
                        "Total Cost": 1.5,
                        "Plan Rows": 34,
                        "Plan Width": 8,
                        "Actual Startup Time": 0.016,
                        "Actual Total Time": 0.169,
                        "Actual Rows": 62,
                        "Actual Loops": 2605,
                        "Index Cond": "(movie_id = mk.movie_id)",
                        "Rows Removed by Index Recheck": 0
                      }
                    ]
                  },
                  {
                    "Node Type": "Hash",
                    "Parent Relationship": "Inner",
                    "Parallel Aware": true,
                    "Startup Cost": 80126.1,
                    "Total Cost": 80126.1,
                    "Plan Rows": 2451310,
                    "Plan Width": 19,
                    "Actual Startup Time": 1318.777,
                    "Actual Total Time": 1318.778,
                    "Actual Rows": 2083746,
                    "Actual Loops": 2,
                    "Hash Buckets": 4194304,
                    "Original Hash Buckets": 4194304,
                    "Hash Batches": 1,
                    "Original Hash Batches": 1,
                    "Peak Memory Usage": 258944,
                    "Plans": [
                      {
                        "Node Type": "Seq Scan",
                        "Parent Relationship": "Outer",
                        "Parallel Aware": true,
                        "Relation Name": "name",
                        "Alias": "n",
                        "Startup Cost": 0.0,
                        "Total Cost": 80126.1,
                        "Plan Rows": 2451310,
                        "Plan Width": 19,
                        "Actual Startup Time": 0.061,
                        "Actual Total Time": 353.481,
                        "Actual Rows": 2083746,
                        "Actual Loops": 2
                      }
                    ]
                  }
                ]
              }
            ]
          }
        ]
      }
    ]
  },
  "Planning Time": 1.075,
  "Triggers": [],
  "Execution Time": 2644.447
}