[
  {
    "Plan": {
      "Node Type": "Aggregate",
      "Strategy": "Plain",
      "Partial Mode": "Finalize",
      "Parallel Aware": false,
      "Startup Cost": 33174.95,
      "Total Cost": 33174.96,
      "Plan Rows": 1,
      "Plan Width": 8,
      "Actual Startup Time": 94.993,
      "Actual Total Time": 103.372,
      "Actual Rows": 1,
      "Actual Loops": 1,
      "Plans": [
        {
          "Node Type": "Gather",
          "Parent Relationship": "Outer",
          "Parallel Aware": false,
          "Startup Cost": 33174.63,
          "Total Cost": 33174.94,
          "Plan Rows": 3,
          "Plan Width": 8,
          "Actual Startup Time": 94.865,
          "Actual Total Time": 103.364,
          "Actual Rows": 4,
          "Actual Loops": 1,
          "Workers Planned": 3,
          "Workers Launched": 3,
          "Single Copy": false,
          "Plans": [
            {
              "Node Type": "Aggregate",
              "Strategy": "Plain",
              "Partial Mode": "Partial",
              "Parent Relationship": "Outer",
              "Parallel Aware": false,
              "Startup Cost": 32174.63,
              "Total Cost": 32174.64,
              "Plan Rows": 1,
              "Plan Width": 8,
              "Actual Startup Time": 88.527,
              "Actual Total Time": 88.529,
              "Actual Rows": 1,
              "Actual Loops": 4,
              "Plans": [
                {
                  "Node Type": "Seq Scan",
                  "Parent Relationship": "Outer",
                  "Parallel Aware": true,
                  "Relation Name": "movie_companies",
                  "Alias": "mc",
                  "Startup Cost": 0.0,
                  "Total Cost": 31414.82,
                  "Plan Rows": 303925,
                  "Plan Width": 0,
                  "Actual Startup Time": 43.557,
                  "Actual Total Time": 77.839,
                  "Actual Rows": 278260,
                  "Actual Loops": 4,
                  "Filter": "((company_id > 1451) AND (company_type_id > 1))",
                  "Rows Removed by Filter": 374022
                }
              ]
            }
          ]
        }
      ]
    },
    "Planning Time": 0.121,
    "Triggers": [],
    "Execution Time": 103.42
  }
]