[
  {
    "Plan": {
      "Node Type": "Aggregate",
      "Strategy": "Plain",
      "Partial Mode": "Finalize",
      "Parallel Aware": false,
      "Startup Cost": 31820.26,
      "Total Cost": 31820.27,
      "Plan Rows": 1,
      "Plan Width": 8,
      "Actual Startup Time": 113.178,
      "Actual Total Time": 120.496,
      "Actual Rows": 1,
      "Actual Loops": 1,
      "Plans": [
        {
          "Node Type": "Gather",
          "Parent Relationship": "Outer",
          "Parallel Aware": false,
          "Startup Cost": 31819.94,
          "Total Cost": 31820.25,
          "Plan Rows": 3,
          "Plan Width": 8,
          "Actual Startup Time": 113.077,
          "Actual Total Time": 120.488,
          "Actual Rows": 4,
          "Actual Loops": 1,
          "Workers Planned": 3,
          "Workers Launched": 3,
          "Single Copy": false,
          "Plans": [
            {
              "Node Type": "Aggregate",
              "Strategy": "Plain",
              "Partial Mode": "Partial",
              "Parent Relationship": "Outer",
              "Parallel Aware": false,
              "Startup Cost": 30819.94,
              "Total Cost": 30819.95,
              "Plan Rows": 1,
              "Plan Width": 8,
              "Actual Startup Time": 106.726,
              "Actual Total Time": 106.727,
              "Actual Rows": 1,
              "Actual Loops": 4,
              "Plans": [
                {
                  "Node Type": "Seq Scan",
                  "Parent Relationship": "Outer",
                  "Parallel Aware": true,
                  "Relation Name": "movie_companies",
                  "Alias": "mc",
                  "Startup Cost": 0.0,
                  "Total Cost": 29310.68,
                  "Plan Rows": 603703,
                  "Plan Width": 0,
                  "Actual Startup Time": 0.914,
                  "Actual Total Time": 85.626,
                  "Actual Rows": 469258,
                  "Actual Loops": 4,
                  "Filter": "(company_id > 1427)",
                  "Rows Removed by Filter": 183025
                }
              ]
            }
          ]
        }
      ]
    },
    "Planning Time": 0.19,
    "Triggers": [],
    "Execution Time": 120.553
  }
]