[
  {
    "Plan": {
      "Node Type": "Aggregate",
      "Strategy": "Plain",
      "Partial Mode": "Finalize",
      "Parallel Aware": false,
      "Startup Cost": 563400.64,
      "Total Cost": 563400.65,
      "Plan Rows": 1,
      "Plan Width": 8,
      "Actual Startup Time": 2458.165,
      "Actual Total Time": 2514.546,
      "Actual Rows": 1,
      "Actual Loops": 1,
      "Plans": [
        {
          "Node Type": "Gather",
          "Parent Relationship": "Outer",
          "Parallel Aware": false,
          "Startup Cost": 563400.12,
          "Total Cost": 563400.63,
          "Plan Rows": 5,
          "Plan Width": 8,
          "Actual Startup Time": 2429.552,
          "Actual Total Time": 2514.531,
          "Actual Rows": 6,
          "Actual Loops": 1,
          "Workers Planned": 5,
          "Workers Launched": 5,
          "Single Copy": false,
          "Plans": [
            {
              "Node Type": "Aggregate",
              "Strategy": "Plain",
              "Partial Mode": "Partial",
              "Parent Relationship": "Outer",
              "Parallel Aware": false,
              "Startup Cost": 562400.12,
              "Total Cost": 562400.13,
              "Plan Rows": 1,
              "Plan Width": 8,
              "Actual Startup Time": 2419.889,
              "Actual Total Time": 2420.033,
              "Actual Rows": 1,
              "Actual Loops": 6,
              "Plans": [
                {
                  "Node Type": "Hash Join",
                  "Parent Relationship": "Outer",
                  "Parallel Aware": true,
                  "Join Type": "Inner",
                  "Startup Cost": 350797.97,
                  "Total Cost": 557130.69,
                  "Plan Rows": 2107771,
                  "Plan Width": 0,
                  "Actual Startup Time": 743.885,
                  "Actual Total Time": 2234.384,
                  "Actual Rows": 3949635,
                  "Actual Loops": 6,
                  "Inner Unique": false,
                  "Hash Cond": "(mi.movie_id = t.id)",
                  "Plans": [
                    {
                      "Node Type": "Seq Scan",
                      "Parent Relationship": "Outer",
                      "Parallel Aware": true,
                      "Relation Name": "movie_info",
                      "Alias": "mi",
                      "Startup Cost": 0.0,
                      "Total Cost": 191685.19,
                      "Plan Rows": 2969219,
                      "Plan Width": 4,
                      "Actual Startup Time": 0.028,
                      "Actual Total Time": 320.876,
                      "Actual Rows": 2472620,
                      "Actual Loops": 6
                    },
                    {
                      "Node Type": "Hash",
                      "Parent Relationship": "Inner",
                      "Parallel Aware": true,
                      "Startup Cost": 347058.67,
                      "Total Cost": 347058.67,
                      "Plan Rows": 299144,
                      "Plan Width": 8,
                      "Actual Startup Time": 740.382,
                      "Actual Total Time": 740.524,
                      "Actual Rows": 308299,
                      "Actual Loops": 6,
                      "Hash Buckets": 2097152,
                      "Original Hash Buckets": 2097152,
                      "Hash Batches": 1,
                      "Original Hash Batches": 1,
                      "Peak Memory Usage": 88864,
                      "Plans": [
                        {
                          "Node Type": "Hash Join",
                          "Parent Relationship": "Outer",
                          "Parallel Aware": true,
                          "Join Type": "Inner",
                          "Startup Cost": 89847.12,
                          "Total Cost": 347058.67,
                          "Plan Rows": 299144,
                          "Plan Width": 8,
                          "Actual Startup Time": 359.748,
                          "Actual Total Time": 602.46,
                          "Actual Rows": 308299,
                          "Actual Loops": 6,
                          "Inner Unique": true,
                          "Hash Cond": "(ci.movie_id = t.id)",
                          "Plans": [
                            {
                              "Node Type": "Bitmap Heap Scan",
                              "Parent Relationship": "Outer",
                              "Parallel Aware": true,
                              "Relation Name": "cast_info",
                              "Alias": "ci",
                              "Startup Cost": 39626.74,
                              "Total Cost": 296053.03,
                              "Plan Rows": 299144,
                              "Plan Width": 4,
                              "Actual Startup Time": 68.711,
                              "Actual Total Time": 129.729,
                              "Actual Rows": 308299,
                              "Actual Loops": 6,
                              "Recheck Cond": "(person_id < 182419)",
                              "Rows Removed by Index Recheck": 0,
                              "Exact Heap Blocks": 3897,
                              "Lossy Heap Blocks": 0,
                              "Plans": [
                                {
                                  "Node Type": "Bitmap Index Scan",
                                  "Parent Relationship": "Outer",
                                  "Parallel Aware": false,
                                  "Index Name": "person_id_cast_info",
                                  "Startup Cost": 0.0,
                                  "Total Cost": 39178.02,
                                  "Plan Rows": 1794861,
                                  "Plan Width": 0,
                                  "Actual Startup Time": 65.491,
                                  "Actual Total Time": 65.492,
                                  "Actual Rows": 1849794,
                                  "Actual Loops": 1,
                                  "Index Cond": "(person_id < 182419)"
                                }
                              ]
                            },
                            {
                              "Node Type": "Hash",
                              "Parent Relationship": "Inner",
                              "Parallel Aware": true,
                              "Startup Cost": 42319.06,
                              "Total Cost": 42319.06,
                              "Plan Rows": 632106,
                              "Plan Width": 4,
                              "Actual Startup Time": 286.341,
                              "Actual Total Time": 286.342,
                              "Actual Rows": 421385,
                              "Actual Loops": 6,
                              "Hash Buckets": 4194304,
                              "Original Hash Buckets": 4194304,
                              "Hash Batches": 1,
                              "Original Hash Batches": 1,
                              "Peak Memory Usage": 131776,
                              "Plans": [
                                {
                                  "Node Type": "Seq Scan",
                                  "Parent Relationship": "Outer",
                                  "Parallel Aware": true,
                                  "Relation Name": "title",
                                  "Alias": "t",
                                  "Startup Cost": 0.0,
                                  "Total Cost": 42319.06,
                                  "Plan Rows": 632106,
                                  "Plan Width": 4,
                                  "Actual Startup Time": 0.048,
                                  "Actual Total Time": 81.269,
                                  "Actual Rows": 421385,
                                  "Actual Loops": 6
                                }
                              ]
                            }
                          ]
                        }
                      ]
                    }
                  ]
                }
              ]
            }
          ]
        }
      ]
    },
    "Planning Time": 0.43,
    "Triggers": [],
    "Execution Time": 2514.602
  }
]