[
  {
    "Plan": {
      "Node Type": "Aggregate",
      "Strategy": "Plain",
      "Partial Mode": "Finalize",
      "Parallel Aware": false,
      "Startup Cost": 39775.64,
      "Total Cost": 39775.65,
      "Plan Rows": 1,
      "Plan Width": 8,
      "Actual Startup Time": 116.142,
      "Actual Total Time": 123.481,
      "Actual Rows": 1,
      "Actual Loops": 1,
      "Plans": [
        {
          "Node Type": "Gather",
          "Parent Relationship": "Outer",
          "Parallel Aware": false,
          "Startup Cost": 39775.33,
          "Total Cost": 39775.64,
          "Plan Rows": 3,
          "Plan Width": 8,
          "Actual Startup Time": 115.938,
          "Actual Total Time": 123.474,
          "Actual Rows": 4,
          "Actual Loops": 1,
          "Workers Planned": 3,
          "Workers Launched": 3,
          "Single Copy": false,
          "Plans": [
            {
              "Node Type": "Aggregate",
              "Strategy": "Plain",
              "Partial Mode": "Partial",
              "Parent Relationship": "Outer",
              "Parallel Aware": false,
              "Startup Cost": 38775.33,
              "Total Cost": 38775.34,
              "Plan Rows": 1,
              "Plan Width": 8,
              "Actual Startup Time": 109.054,
              "Actual Total Time": 109.057,
              "Actual Rows": 1,
              "Actual Loops": 4,
              "Plans": [
                {
                  "Node Type": "Bitmap Heap Scan",
                  "Parent Relationship": "Outer",
                  "Parallel Aware": true,
                  "Relation Name": "movie_keyword",
                  "Alias": "mk",
                  "Startup Cost": 11661.15,
                  "Total Cost": 38331.96,
                  "Plan Rows": 177345,
                  "Plan Width": 0,
                  "Actual Startup Time": 27.044,
                  "Actual Total Time": 100.782,
                  "Actual Rows": 138489,
                  "Actual Loops": 4,
                  "Recheck Cond": "(keyword_id < 397)",
                  "Rows Removed by Index Recheck": 0,
                  "Exact Heap Blocks": 10049,
                  "Lossy Heap Blocks": 0,
                  "Plans": [
                    {
                      "Node Type": "Bitmap Index Scan",
                      "Parent Relationship": "Outer",
                      "Parallel Aware": false,
                      "Index Name": "keyword_id_movie_keyword",
                      "Startup Cost": 0.0,
                      "Total Cost": 11523.71,
                      "Plan Rows": 549770,
                      "Plan Width": 0,
                      "Actual Startup Time": 29.881,
                      "Actual Total Time": 29.881,
                      "Actual Rows": 553955,
                      "Actual Loops": 1,
                      "Index Cond": "(keyword_id < 397)"
                    }
                  ]
                }
              ]
            }
          ]
        }
      ]
    },
    "Planning Time": 0.09,
    "Triggers": [],
    "Execution Time": 123.529
  }
]