[
  {
    "Plan": {
      "Node Type": "Aggregate",
      "Strategy": "Plain",
      "Partial Mode": "Finalize",
      "Parallel Aware": false,
      "Startup Cost": 39488.99,
      "Total Cost": 39489.0,
      "Plan Rows": 1,
      "Plan Width": 8,
      "Actual Startup Time": 151.289,
      "Actual Total Time": 160.459,
      "Actual Rows": 1,
      "Actual Loops": 1,
      "Plans": [
        {
          "Node Type": "Gather",
          "Parent Relationship": "Outer",
          "Parallel Aware": false,
          "Startup Cost": 39488.67,
          "Total Cost": 39488.98,
          "Plan Rows": 3,
          "Plan Width": 8,
          "Actual Startup Time": 151.069,
          "Actual Total Time": 160.448,
          "Actual Rows": 4,
          "Actual Loops": 1,
          "Workers Planned": 3,
          "Workers Launched": 3,
          "Single Copy": false,
          "Plans": [
            {
              "Node Type": "Aggregate",
              "Strategy": "Plain",
              "Partial Mode": "Partial",
              "Parent Relationship": "Outer",
              "Parallel Aware": false,
              "Startup Cost": 38488.67,
              "Total Cost": 38488.68,
              "Plan Rows": 1,
              "Plan Width": 8,
              "Actual Startup Time": 141.916,
              "Actual Total Time": 141.918,
              "Actual Rows": 1,
              "Actual Loops": 4,
              "Plans": [
                {
                  "Node Type": "Bitmap Heap Scan",
                  "Parent Relationship": "Outer",
                  "Parallel Aware": true,
                  "Relation Name": "movie_keyword",
                  "Alias": "mk",
                  "Startup Cost": 11427.79,
                  "Total Cost": 38054.19,
                  "Plan Rows": 173792,
                  "Plan Width": 0,
                  "Actual Startup Time": 53.336,
                  "Actual Total Time": 132.831,
                  "Actual Rows": 138489,
                  "Actual Loops": 4,
                  "Recheck Cond": "(keyword_id < 397)",
                  "Rows Removed by Index Recheck": 0,
                  "Exact Heap Blocks": 7958,
                  "Lossy Heap Blocks": 0,
                  "Plans": [
                    {
                      "Node Type": "Bitmap Index Scan",
                      "Parent Relationship": "Outer",
                      "Parallel Aware": false,
                      "Index Name": "keyword_id_movie_keyword",
                      "Startup Cost": 0.0,
                      "Total Cost": 11293.1,
                      "Plan Rows": 538756,
                      "Plan Width": 0,
                      "Actual Startup Time": 55.847,
                      "Actual Total Time": 55.847,
                      "Actual Rows": 553955,
                      "Actual Loops": 1,
                      "Index Cond": "(keyword_id < 397)"
                    }
                  ]
                }
              ]
            }
          ]
        }
      ]
    },
    "Planning Time": 0.187,
    "Triggers": [],
    "Execution Time": 160.538
  }
]