[
  {
    "Plan": {
      "Node Type": "Aggregate",
      "Strategy": "Plain",
      "Partial Mode": "Finalize",
      "Parallel Aware": false,
      "Startup Cost": 47151.55,
      "Total Cost": 47151.56,
      "Plan Rows": 1,
      "Plan Width": 8,
      "Actual Startup Time": 198.642,
      "Actual Total Time": 209.94,
      "Actual Rows": 1,
      "Actual Loops": 1,
      "Plans": [
        {
          "Node Type": "Gather",
          "Parent Relationship": "Outer",
          "Parallel Aware": false,
          "Startup Cost": 47151.23,
          "Total Cost": 47151.54,
          "Plan Rows": 3,
          "Plan Width": 8,
          "Actual Startup Time": 198.508,
          "Actual Total Time": 209.923,
          "Actual Rows": 4,
          "Actual Loops": 1,
          "Workers Planned": 3,
          "Workers Launched": 3,
          "Single Copy": false,
          "Plans": [
            {
              "Node Type": "Aggregate",
              "Strategy": "Plain",
              "Partial Mode": "Partial",
              "Parent Relationship": "Outer",
              "Parallel Aware": false,
              "Startup Cost": 46151.23,
              "Total Cost": 46151.24,
              "Plan Rows": 1,
              "Plan Width": 8,
              "Actual Startup Time": 189.626,
              "Actual Total Time": 189.627,
              "Actual Rows": 1,
              "Actual Loops": 4,
              "Plans": [
                {
                  "Node Type": "Seq Scan",
                  "Parent Relationship": "Outer",
                  "Parallel Aware": true,
                  "Relation Name": "movie_keyword",
                  "Alias": "mk",
                  "Startup Cost": 0.0,
                  "Total Cost": 42695.65,
                  "Plan Rows": 1382230,
                  "Plan Width": 0,
                  "Actual Startup Time": 0.079,
                  "Actual Total Time": 135.158,
                  "Actual Rows": 1072328,
                  "Actual Loops": 4,
                  "Filter": "(keyword_id > 186)",
                  "Rows Removed by Filter": 58655
                }
              ]
            }
          ]
        }
      ]
    },
    "Planning Time": 0.152,
    "Triggers": [],
    "Execution Time": 209.991
  }
]