[
  {
    "Plan": {
      "Node Type": "Aggregate",
      "Strategy": "Plain",
      "Partial Mode": "Finalize",
      "Parallel Aware": false,
      "Startup Cost": 46487.89,
      "Total Cost": 46487.9,
      "Plan Rows": 1,
      "Plan Width": 8,
      "Actual Startup Time": 69.783,
      "Actual Total Time": 75.564,
      "Actual Rows": 1,
      "Actual Loops": 1,
      "Plans": [
        {
          "Node Type": "Gather",
          "Parent Relationship": "Outer",
          "Parallel Aware": false,
          "Startup Cost": 46487.47,
          "Total Cost": 46487.88,
          "Plan Rows": 4,
          "Plan Width": 8,
          "Actual Startup Time": 69.65,
          "Actual Total Time": 75.558,
          "Actual Rows": 5,
          "Actual Loops": 1,
          "Workers Planned": 4,
          "Workers Launched": 4,
          "Single Copy": false,
          "Plans": [
            {
              "Node Type": "Aggregate",
              "Strategy": "Plain",
              "Partial Mode": "Partial",
              "Parent Relationship": "Outer",
              "Parallel Aware": false,
              "Startup Cost": 45487.47,
              "Total Cost": 45487.48,
              "Plan Rows": 1,
              "Plan Width": 8,
              "Actual Startup Time": 65.449,
              "Actual Total Time": 65.449,
              "Actual Rows": 1,
              "Actual Loops": 5,
              "Plans": [
                {
                  "Node Type": "Seq Scan",
                  "Parent Relationship": "Outer",
                  "Parallel Aware": true,
                  "Relation Name": "title",
                  "Alias": "t",
                  "Startup Cost": 0.0,
                  "Total Cost": 45479.21,
                  "Plan Rows": 3304,
                  "Plan Width": 0,
                  "Actual Startup Time": 43.569,
                  "Actual Total Time": 64.827,
                  "Actual Rows": 10344,
                  "Actual Loops": 5,
                  "Filter": "((kind_id < 2) AND (production_year < 1914))",
                  "Rows Removed by Filter": 495318
                }
              ]
            }
          ]
        }
      ]
    },
    "Planning Time": 0.135,
    "Triggers": [],
    "Execution Time": 75.612
  }
]