[
  {
    "Plan": {
      "Node Type": "Aggregate",
      "Strategy": "Plain",
      "Partial Mode": "Finalize",
      "Parallel Aware": false,
      "Startup Cost": 46487.54,
      "Total Cost": 46487.55,
      "Plan Rows": 1,
      "Plan Width": 8,
      "Actual Startup Time": 83.637,
      "Actual Total Time": 94.1,
      "Actual Rows": 1,
      "Actual Loops": 1,
      "Plans": [
        {
          "Node Type": "Gather",
          "Parent Relationship": "Outer",
          "Parallel Aware": false,
          "Startup Cost": 46487.12,
          "Total Cost": 46487.53,
          "Plan Rows": 4,
          "Plan Width": 8,
          "Actual Startup Time": 83.508,
          "Actual Total Time": 94.092,
          "Actual Rows": 5,
          "Actual Loops": 1,
          "Workers Planned": 4,
          "Workers Launched": 4,
          "Single Copy": false,
          "Plans": [
            {
              "Node Type": "Aggregate",
              "Strategy": "Plain",
              "Partial Mode": "Partial",
              "Parent Relationship": "Outer",
              "Parallel Aware": false,
              "Startup Cost": 45487.12,
              "Total Cost": 45487.13,
              "Plan Rows": 1,
              "Plan Width": 8,
              "Actual Startup Time": 76.886,
              "Actual Total Time": 76.887,
              "Actual Rows": 1,
              "Actual Loops": 5,
              "Plans": [
                {
                  "Node Type": "Seq Scan",
                  "Parent Relationship": "Outer",
                  "Parallel Aware": true,
                  "Relation Name": "title",
                  "Alias": "t",
                  "Startup Cost": 0.0,
                  "Total Cost": 45479.1,
                  "Plan Rows": 3210,
                  "Plan Width": 0,
                  "Actual Startup Time": 51.74,
                  "Actual Total Time": 76.301,
                  "Actual Rows": 10344,
                  "Actual Loops": 5,
                  "Filter": "((kind_id < 2) AND (production_year < 1914))",
                  "Rows Removed by Filter": 495318
                }
              ]
            }
          ]
        }
      ]
    },
    "Planning Time": 0.12,
    "Triggers": [],
    "Execution Time": 94.141
  }
]