[
    {
        "Bao": {
            "Bao prediction": "NaN",
            "Bao recommended hint": "(no hint)"
        }
    },
    {
        "Plan": {
            "Node Type": "Aggregate",
            "Strategy": "Plain",
            "Partial Mode": "Simple",
            "Parallel Aware": false,
            "Startup Cost": 19529.72,
            "Total Cost": 19529.73,
            "Plan Rows": 1,
            "Plan Width": 8,
            "Actual Startup Time": 6.709,
            "Actual Total Time": 6.712,
            "Actual Rows": 1,
            "Actual Loops": 1,
            "Output": [
                "count(*)"
            ],
            "Plans": [
                {
                    "Node Type": "Bitmap Heap Scan",
                    "Parent Relationship": "Outer",
                    "Parallel Aware": false,
                    "Relation Name": "movie_companies",
                    "Schema": "public",
                    "Alias": "mc",
                    "Startup Cost": 351.74,
                    "Total Cost": 19509.89,
                    "Plan Rows": 7929,
                    "Plan Width": 0,
                    "Actual Startup Time": 1.545,
                    "Actual Total Time": 5.868,
                    "Actual Rows": 8081,
                    "Actual Loops": 1,
                    "Recheck Cond": "(mc.company_id = 166)",
                    "Rows Removed by Index Recheck": 0,
                    "Filter": "(mc.company_type_id < 2)",
                    "Rows Removed by Filter": 8139,
                    "Exact Heap Blocks": 534,
                    "Lossy Heap Blocks": 0,
                    "Plans": [
                        {
                            "Node Type": "Bitmap Index Scan",
                            "Parent Relationship": "Outer",
                            "Parallel Aware": false,
                            "Index Name": "company_id_movie_companies",
                            "Startup Cost": 0.0,
                            "Total Cost": 349.76,
                            "Plan Rows": 16177,
                            "Plan Width": 0,
                            "Actual Startup Time": 1.417,
                            "Actual Total Time": 1.417,
                            "Actual Rows": 16220,
                            "Actual Loops": 1,
                            "Index Cond": "(mc.company_id = 166)"
                        }
                    ]
                }
            ]
        },
        "Planning Time": 200.07,
        "Triggers": [],
        "Execution Time": 6.777
    }
]