[
  {
    "Plan": {
      "Node Type": "Aggregate",
      "Strategy": "Plain",
      "Partial Mode": "Finalize",
      "Parallel Aware": false,
      "Startup Cost": 138201.64,
      "Total Cost": 138201.65,
      "Plan Rows": 1,
      "Plan Width": 8,
      "Actual Startup Time": 333.913,
      "Actual Total Time": 366.328,
      "Actual Rows": 1,
      "Actual Loops": 1,
      "Plans": [
        {
          "Node Type": "Gather",
          "Parent Relationship": "Outer",
          "Parallel Aware": false,
          "Startup Cost": 138201.33,
          "Total Cost": 138201.64,
          "Plan Rows": 3,
          "Plan Width": 8,
          "Actual Startup Time": 330.689,
          "Actual Total Time": 366.318,
          "Actual Rows": 4,
          "Actual Loops": 1,
          "Workers Planned": 3,
          "Workers Launched": 3,
          "Single Copy": false,
          "Plans": [
            {
              "Node Type": "Aggregate",
              "Strategy": "Plain",
              "Partial Mode": "Partial",
              "Parent Relationship": "Outer",
              "Parallel Aware": false,
              "Startup Cost": 137201.33,
              "Total Cost": 137201.34,
              "Plan Rows": 1,
              "Plan Width": 8,
              "Actual Startup Time": 323.903,
              "Actual Total Time": 323.908,
              "Actual Rows": 1,
              "Actual Loops": 4,
              "Plans": [
                {
                  "Node Type": "Nested Loop",
                  "Parent Relationship": "Outer",
                  "Parallel Aware": false,
                  "Join Type": "Inner",
                  "Startup Cost": 52971.97,
                  "Total Cost": 137162.3,
                  "Plan Rows": 15612,
                  "Plan Width": 0,
                  "Actual Startup Time": 161.028,
                  "Actual Total Time": 322.84,
                  "Actual Rows": 13891,
                  "Actual Loops": 4,
                  "Inner Unique": false,
                  "Plans": [
                    {
                      "Node Type": "Hash Join",
                      "Parent Relationship": "Outer",
                      "Parallel Aware": true,
                      "Join Type": "Inner",
                      "Startup Cost": 52971.53,
                      "Total Cost": 73530.77,
                      "Plan Rows": 17965,
                      "Plan Width": 8,
                      "Actual Startup Time": 160.708,
                      "Actual Total Time": 224.519,
                      "Actual Rows": 8522,
                      "Actual Loops": 4,
                      "Inner Unique": true,
                      "Hash Cond": "(mc.movie_id = t.id)",
                      "Plans": [
                        {
                          "Node Type": "Bitmap Heap Scan",
                          "Parent Relationship": "Outer",
                          "Parallel Aware": true,
                          "Relation Name": "movie_companies",
                          "Alias": "mc",
                          "Startup Cost": 7858.73,
                          "Total Cost": 28110.91,
                          "Plan Rows": 116974,
                          "Plan Width": 4,
                          "Actual Startup Time": 18.463,
                          "Actual Total Time": 49.987,
                          "Actual Rows": 89516,
                          "Actual Loops": 4,
                          "Recheck Cond": "(company_id < 181)",
                          "Rows Removed by Index Recheck": 0,
                          "Exact Heap Blocks": 7302,
                          "Lossy Heap Blocks": 0,
                          "Plans": [
                            {
                              "Node Type": "Bitmap Index Scan",
                              "Parent Relationship": "Outer",
                              "Parallel Aware": false,
                              "Index Name": "company_id_movie_companies",
                              "Startup Cost": 0.0,
                              "Total Cost": 7768.08,
                              "Plan Rows": 362620,
                              "Plan Width": 0,
                              "Actual Startup Time": 15.717,
                              "Actual Total Time": 15.718,
                              "Actual Rows": 358065,
                              "Actual Loops": 1,
                              "Index Cond": "(company_id < 181)"
                            }
                          ]
                        },
                        {
                          "Node Type": "Hash",
                          "Parent Relationship": "Inner",
                          "Parallel Aware": true,
                          "Startup Cost": 43899.32,
                          "Total Cost": 43899.32,
                          "Plan Rows": 97078,
                          "Plan Width": 4,
                          "Actual Startup Time": 139.203,
                          "Actual Total Time": 139.204,
                          "Actual Rows": 97916,
                          "Actual Loops": 4,
                          "Hash Buckets": 524288,
                          "Original Hash Buckets": 524288,
                          "Hash Batches": 1,
                          "Original Hash Batches": 1,
                          "Peak Memory Usage": 19488,
                          "Plans": [
                            {
                              "Node Type": "Seq Scan",
                              "Parent Relationship": "Outer",
                              "Parallel Aware": true,
                              "Relation Name": "title",
                              "Alias": "t",
                              "Startup Cost": 0.0,
                              "Total Cost": 43899.32,
                              "Plan Rows": 97078,
                              "Plan Width": 4,
                              "Actual Startup Time": 0.022,
                              "Actual Total Time": 100.517,
                              "Actual Rows": 97916,
                              "Actual Loops": 4,
                              "Filter": "(production_year > 2010)",
                              "Rows Removed by Filter": 534162
                            }
                          ]
                        }
                      ]
                    },
                    {
                      "Node Type": "Index Scan",
                      "Parent Relationship": "Inner",
                      "Parallel Aware": false,
                      "Scan Direction": "Forward",
                      "Index Name": "movie_id_movie_info",
                      "Relation Name": "movie_info",
                      "Alias": "mi",
                      "Startup Cost": 0.43,
                      "Total Cost": 3.48,
                      "Plan Rows": 6,
                      "Plan Width": 4,
                      "Actual Startup Time": 0.008,
                      "Actual Total Time": 0.011,
                      "Actual Rows": 2,
                      "Actual Loops": 34090,
                      "Index Cond": "(movie_id = t.id)",
                      "Rows Removed by Index Recheck": 0,
                      "Filter": "(info_type_id > 16)",
                      "Rows Removed by Filter": 7
                    }
                  ]
                }
              ]
            }
          ]
        }
      ]
    },
    "Planning Time": 1.107,
    "Triggers": [],
    "Execution Time": 366.429
  }
]