{
  "Plan": {
    "Node Type": "Aggregate",
    "Strategy": "Plain",
    "Partial Mode": "Finalize",
    "Parallel Aware": false,
    "Startup Cost": 111431.39,
    "Total Cost": 111431.4,
    "Plan Rows": 1,
    "Plan Width": 8,
    "Actual Startup Time": 609.347,
    "Actual Total Time": 622.589,
    "Actual Rows": 1,
    "Actual Loops": 1,
    "Plans": [
      {
        "Node Type": "Gather",
        "Parent Relationship": "Outer",
        "Parallel Aware": false,
        "Startup Cost": 111431.28,
        "Total Cost": 111431.39,
        "Plan Rows": 1,
        "Plan Width": 8,
        "Actual Startup Time": 607.991,
        "Actual Total Time": 622.579,
        "Actual Rows": 2,
        "Actual Loops": 1,
        "Workers Planned": 1,
        "Workers Launched": 1,
        "Single Copy": false,
        "Plans": [
          {
            "Node Type": "Aggregate",
            "Strategy": "Plain",
            "Partial Mode": "Partial",
            "Parent Relationship": "Outer",
            "Parallel Aware": false,
            "Startup Cost": 110431.28,
            "Total Cost": 110431.29,
            "Plan Rows": 1,
            "Plan Width": 8,
            "Actual Startup Time": 602.353,
            "Actual Total Time": 602.357,
            "Actual Rows": 1,
            "Actual Loops": 2,
            "Plans": [
              {
                "Node Type": "Hash Join",
                "Parent Relationship": "Outer",
                "Parallel Aware": true,
                "Join Type": "Inner",
                "Startup Cost": 46872.25,
                "Total Cost": 109419.18,
                "Plan Rows": 404842,
                "Plan Width": 0,
                "Actual Startup Time": 202.886,
                "Actual Total Time": 593.224,
                "Actual Rows": 219892,
                "Actual Loops": 2,
                "Inner Unique": false,
                "Hash Cond": "(t.id = mc.movie_id)",
                "Plans": [
                  {
                    "Node Type": "Seq Scan",
                    "Parent Relationship": "Outer",
                    "Parallel Aware": true,
                    "Relation Name": "title",
                    "Alias": "t",
                    "Startup Cost": 0.0,
                    "Total Cost": 50870.31,
                    "Plan Rows": 1487231,
                    "Plan Width": 4,
                    "Actual Startup Time": 0.013,
                    "Actual Total Time": 125.676,
                    "Actual Rows": 1264156,
                    "Actual Loops": 2
                  },
                  {
                    "Node Type": "Hash",
                    "Parent Relationship": "Inner",
                    "Parallel Aware": true,
                    "Startup Cost": 41811.73,
                    "Total Cost": 41811.73,
                    "Plan Rows": 404842,
                    "Plan Width": 4,
                    "Actual Startup Time": 193.16,
                    "Actual Total Time": 193.161,
                    "Actual Rows": 219892,
                    "Actual Loops": 2,
                    "Hash Buckets": 1048576,
                    "Original Hash Buckets": 1048576,
                    "Hash Batches": 1,
                    "Original Hash Batches": 1,
                    "Peak Memory Usage": 25408,
                    "Plans": [
                      {
                        "Node Type": "Seq Scan",
                        "Parent Relationship": "Outer",
                        "Parallel Aware": true,
                        "Relation Name": "movie_companies",
                        "Alias": "mc",
                        "Startup Cost": 0.0,
                        "Total Cost": 41811.73,
                        "Plan Rows": 404842,
                        "Plan Width": 4,
                        "Actual Startup Time": 70.404,
                        "Actual Total Time": 131.009,
                        "Actual Rows": 219892,
                        "Actual Loops": 2,
                        "Filter": "((company_id < 11581) AND (company_type_id = 2))",
                        "Rows Removed by Filter": 1084673
                      }
                    ]
                  }
                ]
              }
            ]
          }
        ]
      }
    ]
  },
  "Planning Time": 0.723,
  "Triggers": [],
  "Execution Time": 622.659
}