[
  {
    "Plan": {
      "Node Type": "Aggregate",
      "Strategy": "Plain",
      "Partial Mode": "Finalize",
      "Parallel Aware": false,
      "Startup Cost": 45561.13,
      "Total Cost": 45561.14,
      "Plan Rows": 1,
      "Plan Width": 8,
      "Actual Startup Time": 137.884,
      "Actual Total Time": 148.122,
      "Actual Rows": 1,
      "Actual Loops": 1,
      "Plans": [
        {
          "Node Type": "Gather",
          "Parent Relationship": "Outer",
          "Parallel Aware": false,
          "Startup Cost": 45560.81,
          "Total Cost": 45561.12,
          "Plan Rows": 3,
          "Plan Width": 8,
          "Actual Startup Time": 137.711,
          "Actual Total Time": 148.109,
          "Actual Rows": 4,
          "Actual Loops": 1,
          "Workers Planned": 3,
          "Workers Launched": 3,
          "Single Copy": false,
          "Plans": [
            {
              "Node Type": "Aggregate",
              "Strategy": "Plain",
              "Partial Mode": "Partial",
              "Parent Relationship": "Outer",
              "Parallel Aware": false,
              "Startup Cost": 44560.81,
              "Total Cost": 44560.82,
              "Plan Rows": 1,
              "Plan Width": 8,
              "Actual Startup Time": 133.466,
              "Actual Total Time": 133.468,
              "Actual Rows": 1,
              "Actual Loops": 4,
              "Plans": [
                {
                  "Node Type": "Seq Scan",
                  "Parent Relationship": "Outer",
                  "Parallel Aware": true,
                  "Relation Name": "movie_keyword",
                  "Alias": "mk",
                  "Startup Cost": 0.0,
                  "Total Cost": 42695.65,
                  "Plan Rows": 746063,
                  "Plan Width": 0,
                  "Actual Startup Time": 0.034,
                  "Actual Total Time": 108.466,
                  "Actual Rows": 581402,
                  "Actual Loops": 4,
                  "Filter": "(keyword_id < 5085)",
                  "Rows Removed by Filter": 549580
                }
              ]
            }
          ]
        }
      ]
    },
    "Planning Time": 0.192,
    "Triggers": [],
    "Execution Time": 148.177
  }
]