[
  {
    "Plan": {
      "Node Type": "Aggregate",
      "Strategy": "Plain",
      "Partial Mode": "Finalize",
      "Parallel Aware": false,
      "Startup Cost": 216837.75,
      "Total Cost": 216837.76,
      "Plan Rows": 1,
      "Plan Width": 8,
      "Actual Startup Time": 215.767,
      "Actual Total Time": 227.808,
      "Actual Rows": 1,
      "Actual Loops": 1,
      "Plans": [
        {
          "Node Type": "Gather",
          "Parent Relationship": "Outer",
          "Parallel Aware": false,
          "Startup Cost": 216837.22,
          "Total Cost": 216837.73,
          "Plan Rows": 5,
          "Plan Width": 8,
          "Actual Startup Time": 211.456,
          "Actual Total Time": 227.799,
          "Actual Rows": 6,
          "Actual Loops": 1,
          "Workers Planned": 5,
          "Workers Launched": 5,
          "Single Copy": false,
          "Plans": [
            {
              "Node Type": "Aggregate",
              "Strategy": "Plain",
              "Partial Mode": "Partial",
              "Parent Relationship": "Outer",
              "Parallel Aware": false,
              "Startup Cost": 215837.22,
              "Total Cost": 215837.23,
              "Plan Rows": 1,
              "Plan Width": 8,
              "Actual Startup Time": 200.483,
              "Actual Total Time": 200.487,
              "Actual Rows": 1,
              "Actual Loops": 6,
              "Plans": [
                {
                  "Node Type": "Hash Join",
                  "Parent Relationship": "Outer",
                  "Parallel Aware": true,
                  "Join Type": "Inner",
                  "Startup Cost": 52676.18,
                  "Total Cost": 215788.68,
                  "Plan Rows": 19417,
                  "Plan Width": 0,
                  "Actual Startup Time": 163.028,
                  "Actual Total Time": 198.348,
                  "Actual Rows": 41411,
                  "Actual Loops": 6,
                  "Inner Unique": true,
                  "Hash Cond": "(mi.movie_id = t.id)",
                  "Plans": [
                    {
                      "Node Type": "Bitmap Heap Scan",
                      "Parent Relationship": "Outer",
                      "Parallel Aware": true,
                      "Relation Name": "movie_info",
                      "Alias": "mi",
                      "Startup Cost": 6704.59,
                      "Total Cost": 169622.8,
                      "Plan Rows": 74017,
                      "Plan Width": 4,
                      "Actual Startup Time": 25.261,
                      "Actual Total Time": 49.601,
                      "Actual Rows": 61370,
                      "Actual Loops": 6,
                      "Recheck Cond": "(info_type_id = 17)",
                      "Rows Removed by Index Recheck": 0,
                      "Exact Heap Blocks": 2538,
                      "Lossy Heap Blocks": 0,
                      "Plans": [
                        {
                          "Node Type": "Bitmap Index Scan",
                          "Parent Relationship": "Outer",
                          "Parallel Aware": false,
                          "Index Name": "info_type_id_movie_info",
                          "Startup Cost": 0.0,
                          "Total Cost": 6612.07,
                          "Plan Rows": 370084,
                          "Plan Width": 0,
                          "Actual Startup Time": 23.472,
                          "Actual Total Time": 23.473,
                          "Actual Rows": 368218,
                          "Actual Loops": 1,
                          "Index Cond": "(info_type_id = 17)"
                        }
                      ]
                    },
                    {
                      "Node Type": "Hash",
                      "Parent Relationship": "Inner",
                      "Parallel Aware": true,
                      "Startup Cost": 43898.92,
                      "Total Cost": 43898.92,
                      "Plan Rows": 165814,
                      "Plan Width": 4,
                      "Actual Startup Time": 126.535,
                      "Actual Total Time": 126.535,
                      "Actual Rows": 110471,
                      "Actual Loops": 6,
                      "Hash Buckets": 1048576,
                      "Original Hash Buckets": 1048576,
                      "Hash Batches": 1,
                      "Original Hash Batches": 1,
                      "Peak Memory Usage": 34240,
                      "Plans": [
                        {
                          "Node Type": "Seq Scan",
                          "Parent Relationship": "Outer",
                          "Parallel Aware": true,
                          "Relation Name": "title",
                          "Alias": "t",
                          "Startup Cost": 0.0,
                          "Total Cost": 43898.92,
                          "Plan Rows": 165814,
                          "Plan Width": 4,
                          "Actual Startup Time": 44.388,
                          "Actual Total Time": 82.854,
                          "Actual Rows": 110471,
                          "Actual Loops": 6,
                          "Filter": "(kind_id < 2)",
                          "Rows Removed by Filter": 310914
                        }
                      ]
                    }
                  ]
                }
              ]
            }
          ]
        }
      ]
    },
    "Planning Time": 0.642,
    "Triggers": [],
    "Execution Time": 227.901
  }
]