[
  {
    "Plan": {
      "Node Type": "Aggregate",
      "Strategy": "Plain",
      "Partial Mode": "Finalize",
      "Parallel Aware": false,
      "Startup Cost": 45891.32,
      "Total Cost": 45891.33,
      "Plan Rows": 1,
      "Plan Width": 8,
      "Actual Startup Time": 169.845,
      "Actual Total Time": 180.687,
      "Actual Rows": 1,
      "Actual Loops": 1,
      "Plans": [
        {
          "Node Type": "Gather",
          "Parent Relationship": "Outer",
          "Parallel Aware": false,
          "Startup Cost": 45891.0,
          "Total Cost": 45891.31,
          "Plan Rows": 3,
          "Plan Width": 8,
          "Actual Startup Time": 169.677,
          "Actual Total Time": 180.675,
          "Actual Rows": 4,
          "Actual Loops": 1,
          "Workers Planned": 3,
          "Workers Launched": 3,
          "Single Copy": false,
          "Plans": [
            {
              "Node Type": "Aggregate",
              "Strategy": "Plain",
              "Partial Mode": "Partial",
              "Parent Relationship": "Outer",
              "Parallel Aware": false,
              "Startup Cost": 44891.0,
              "Total Cost": 44891.01,
              "Plan Rows": 1,
              "Plan Width": 8,
              "Actual Startup Time": 155.82,
              "Actual Total Time": 155.822,
              "Actual Rows": 1,
              "Actual Loops": 4,
              "Plans": [
                {
                  "Node Type": "Seq Scan",
                  "Parent Relationship": "Outer",
                  "Parallel Aware": true,
                  "Relation Name": "movie_keyword",
                  "Alias": "mk",
                  "Startup Cost": 0.0,
                  "Total Cost": 42695.65,
                  "Plan Rows": 878140,
                  "Plan Width": 0,
                  "Actual Startup Time": 0.038,
                  "Actual Total Time": 122.691,
                  "Actual Rows": 681754,
                  "Actual Loops": 4,
                  "Filter": "(keyword_id < 7762)",
                  "Rows Removed by Filter": 449228
                }
              ]
            }
          ]
        }
      ]
    },
    "Planning Time": 0.086,
    "Triggers": [],
    "Execution Time": 180.714
  }
]