[
  {
    "Plan": {
      "Node Type": "Aggregate",
      "Strategy": "Plain",
      "Partial Mode": "Finalize",
      "Parallel Aware": false,
      "Startup Cost": 30782.3,
      "Total Cost": 30782.31,
      "Plan Rows": 1,
      "Plan Width": 8,
      "Actual Startup Time": 91.114,
      "Actual Total Time": 99.149,
      "Actual Rows": 1,
      "Actual Loops": 1,
      "Plans": [
        {
          "Node Type": "Gather",
          "Parent Relationship": "Outer",
          "Parallel Aware": false,
          "Startup Cost": 30781.98,
          "Total Cost": 30782.29,
          "Plan Rows": 3,
          "Plan Width": 8,
          "Actual Startup Time": 90.995,
          "Actual Total Time": 99.14,
          "Actual Rows": 4,
          "Actual Loops": 1,
          "Workers Planned": 3,
          "Workers Launched": 3,
          "Single Copy": false,
          "Plans": [
            {
              "Node Type": "Aggregate",
              "Strategy": "Plain",
              "Partial Mode": "Partial",
              "Parent Relationship": "Outer",
              "Parallel Aware": false,
              "Startup Cost": 29781.98,
              "Total Cost": 29781.99,
              "Plan Rows": 1,
              "Plan Width": 8,
              "Actual Startup Time": 84.843,
              "Actual Total Time": 84.844,
              "Actual Rows": 1,
              "Actual Loops": 4,
              "Plans": [
                {
                  "Node Type": "Seq Scan",
                  "Parent Relationship": "Outer",
                  "Parallel Aware": true,
                  "Relation Name": "movie_companies",
                  "Alias": "mc",
                  "Startup Cost": 0.0,
                  "Total Cost": 29310.68,
                  "Plan Rows": 188519,
                  "Plan Width": 0,
                  "Actual Startup Time": 43.188,
                  "Actual Total Time": 78.028,
                  "Actual Rows": 149566,
                  "Actual Loops": 4,
                  "Filter": "(company_id > 68313)",
                  "Rows Removed by Filter": 502717
                }
              ]
            }
          ]
        }
      ]
    },
    "Planning Time": 0.2,
    "Triggers": [],
    "Execution Time": 99.201
  }
]