[
  {
    "Plan": {
      "Node Type": "Aggregate",
      "Strategy": "Plain",
      "Partial Mode": "Finalize",
      "Parallel Aware": false,
      "Startup Cost": 44911.3,
      "Total Cost": 44911.31,
      "Plan Rows": 1,
      "Plan Width": 8,
      "Actual Startup Time": 128.825,
      "Actual Total Time": 136.961,
      "Actual Rows": 1,
      "Actual Loops": 1,
      "Plans": [
        {
          "Node Type": "Gather",
          "Parent Relationship": "Outer",
          "Parallel Aware": false,
          "Startup Cost": 44910.98,
          "Total Cost": 44911.29,
          "Plan Rows": 3,
          "Plan Width": 8,
          "Actual Startup Time": 128.686,
          "Actual Total Time": 136.952,
          "Actual Rows": 4,
          "Actual Loops": 1,
          "Workers Planned": 3,
          "Workers Launched": 3,
          "Single Copy": false,
          "Plans": [
            {
              "Node Type": "Aggregate",
              "Strategy": "Plain",
              "Partial Mode": "Partial",
              "Parent Relationship": "Outer",
              "Parallel Aware": false,
              "Startup Cost": 43910.98,
              "Total Cost": 43910.99,
              "Plan Rows": 1,
              "Plan Width": 8,
              "Actual Startup Time": 122.133,
              "Actual Total Time": 122.133,
              "Actual Rows": 1,
              "Actual Loops": 4,
              "Plans": [
                {
                  "Node Type": "Seq Scan",
                  "Parent Relationship": "Outer",
                  "Parallel Aware": true,
                  "Relation Name": "movie_keyword",
                  "Alias": "mk",
                  "Startup Cost": 0.0,
                  "Total Cost": 42695.65,
                  "Plan Rows": 486132,
                  "Plan Width": 0,
                  "Actual Startup Time": 1.645,
                  "Actual Total Time": 103.689,
                  "Actual Rows": 379768,
                  "Actual Loops": 4,
                  "Filter": "(keyword_id > 10645)",
                  "Rows Removed by Filter": 751215
                }
              ]
            }
          ]
        }
      ]
    },
    "Planning Time": 0.182,
    "Triggers": [],
    "Execution Time": 137.019
  }
]