{
  "Plan": {
    "Node Type": "Aggregate",
    "Strategy": "Plain",
    "Partial Mode": "Finalize",
    "Parallel Aware": false,
    "Startup Cost": 1187217.86,
    "Total Cost": 1187217.87,
    "Plan Rows": 1,
    "Plan Width": 8,
    "Actual Startup Time": 6142.303,
    "Actual Total Time": 6144.179,
    "Actual Rows": 1,
    "Actual Loops": 1,
    "Plans": [
      {
        "Node Type": "Gather",
        "Parent Relationship": "Outer",
        "Parallel Aware": false,
        "Startup Cost": 1187217.75,
        "Total Cost": 1187217.86,
        "Plan Rows": 1,
        "Plan Width": 8,
        "Actual Startup Time": 6142.294,
        "Actual Total Time": 6144.174,
        "Actual Rows": 2,
        "Actual Loops": 1,
        "Workers Planned": 1,
        "Workers Launched": 1,
        "Single Copy": false,
        "Plans": [
          {
            "Node Type": "Aggregate",
            "Strategy": "Plain",
            "Partial Mode": "Partial",
            "Parent Relationship": "Outer",
            "Parallel Aware": false,
            "Startup Cost": 1186217.75,
            "Total Cost": 1186217.76,
            "Plan Rows": 1,
            "Plan Width": 8,
            "Actual Startup Time": 5660.803,
            "Actual Total Time": 5660.807,
            "Actual Rows": 1,
            "Actual Loops": 2,
            "Plans": [
              {
                "Node Type": "Merge Join",
                "Parent Relationship": "Outer",
                "Parallel Aware": false,
                "Join Type": "Inner",
                "Startup Cost": 981618.86,
                "Total Cost": 1182626.43,
                "Plan Rows": 1436529,
                "Plan Width": 0,
                "Actual Startup Time": 2285.355,
                "Actual Total Time": 5429.135,
                "Actual Rows": 5253614,
                "Actual Loops": 2,
                "Inner Unique": false,
                "Merge Cond": "(t.id = mc.movie_id)",
                "Plans": [
                  {
                    "Node Type": "Merge Join",
                    "Parent Relationship": "Outer",
                    "Parallel Aware": false,
                    "Join Type": "Inner",
                    "Startup Cost": 981617.62,
                    "Total Cost": 1018239.38,
                    "Plan Rows": 1392022,
                    "Plan Width": 8,
                    "Actual Startup Time": 2285.293,
                    "Actual Total Time": 3301.585,
                    "Actual Rows": 1306404,
                    "Actual Loops": 2,
                    "Inner Unique": true,
                    "Merge Cond": "(ci.movie_id = t.id)",
                    "Plans": [
                      {
                        "Node Type": "Sort",
                        "Parent Relationship": "Outer",
                        "Parallel Aware": false,
                        "Startup Cost": 816564.39,
                        "Total Cost": 825439.07,
                        "Plan Rows": 3549869,
                        "Plan Width": 4,
                        "Actual Startup Time": 1768.807,
                        "Actual Total Time": 2202.596,
                        "Actual Rows": 3112122,
                        "Actual Loops": 2,
                        "Sort Key": [
                          "ci.movie_id"
                        ],
                        "Sort Method": "quicksort",
                        "Sort Space Used": 283104,
                        "Sort Space Type": "Memory",
                        "Workers": [
                          {
                            "Worker Number": 0,
                            "Sort Method": "quicksort",
                            "Sort Space Used": 205274,
                            "Sort Space Type": "Memory"
                          }
                        ],
                        "Plans": [
                          {
                            "Node Type": "Bitmap Heap Scan",
                            "Parent Relationship": "Outer",
                            "Parallel Aware": true,
                            "Relation Name": "cast_info",
                            "Alias": "ci",
                            "Startup Cost": 133290.09,
                            "Total Cost": 430350.46,
                            "Plan Rows": 3549869,
                            "Plan Width": 4,
                            "Actual Startup Time": 334.409,
                            "Actual Total Time": 808.085,
                            "Actual Rows": 3112202,
                            "Actual Loops": 2,
                            "Recheck Cond": "(person_id < 599488)",
                            "Rows Removed by Index Recheck": 0,
                            "Exact Heap Blocks": 42576,
                            "Lossy Heap Blocks": 0,
                            "Plans": [
                              {
                                "Node Type": "Bitmap Index Scan",
                                "Parent Relationship": "Outer",
                                "Parallel Aware": false,
                                "Index Name": "person_id_cast_info",
                                "Startup Cost": 0.0,
                                "Total Cost": 131781.4,
                                "Plan Rows": 6034778,
                                "Plan Width": 0,
                                "Actual Startup Time": 328.501,
                                "Actual Total Time": 328.501,
                                "Actual Rows": 6224404,
                                "Actual Loops": 1,
                                "Index Cond": "(person_id < 599488)"
                              }
                            ]
                          }
                        ]
                      },
                      {
                        "Node Type": "Sort",
                        "Parent Relationship": "Inner",
                        "Parallel Aware": false,
                        "Startup Cost": 165052.85,
                        "Total Cost": 167531.42,
                        "Plan Rows": 991428,
                        "Plan Width": 4,
                        "Actual Startup Time": 516.466,
                        "Actual Total Time": 690.164,
                        "Actual Rows": 983646,
                        "Actual Loops": 2,
                        "Sort Key": [
                          "t.id"
                        ],
                        "Sort Method": "quicksort",
                        "Sort Space Used": 70751,
                        "Sort Space Type": "Memory",
                        "Workers": [
                          {
                            "Worker Number": 0,
                            "Sort Method": "quicksort",
                            "Sort Space Used": 70751,
                            "Sort Space Type": "Memory"
                          }
                        ],
                        "Plans": [
                          {
                            "Node Type": "Bitmap Heap Scan",
                            "Parent Relationship": "Outer",
                            "Parallel Aware": false,
                            "Relation Name": "title",
                            "Alias": "t",
                            "Startup Cost": 17920.0,
                            "Total Cost": 66310.85,
                            "Plan Rows": 991428,
                            "Plan Width": 4,
                            "Actual Startup Time": 49.634,
                            "Actual Total Time": 242.07,
                            "Actual Rows": 985048,
                            "Actual Loops": 2,
                            "Recheck Cond": "(kind_id < 7)",
                            "Rows Removed by Index Recheck": 0,
                            "Exact Heap Blocks": 35472,
                            "Lossy Heap Blocks": 0,
                            "Plans": [
                              {
                                "Node Type": "Bitmap Index Scan",
                                "Parent Relationship": "Outer",
                                "Parallel Aware": false,
                                "Index Name": "kind_id_title",
                                "Startup Cost": 0.0,
                                "Total Cost": 17672.14,
                                "Plan Rows": 991428,
                                "Plan Width": 0,
                                "Actual Startup Time": 43.34,
                                "Actual Total Time": 43.34,
                                "Actual Rows": 985048,
                                "Actual Loops": 2,
                                "Index Cond": "(kind_id < 7)"
                              }
                            ]
                          }
                        ]
                      }
                    ]
                  },
                  {
                    "Node Type": "Index Only Scan",
                    "Parent Relationship": "Inner",
                    "Parallel Aware": false,
                    "Scan Direction": "Forward",
                    "Index Name": "movie_id_movie_companies",
                    "Relation Name": "movie_companies",
                    "Alias": "mc",
                    "Startup Cost": 0.43,
                    "Total Cost": 140059.44,
                    "Plan Rows": 2609129,
                    "Plan Width": 4,
                    "Actual Startup Time": 0.046,
                    "Actual Total Time": 1473.71,
                    "Actual Rows": 6679652,
                    "Actual Loops": 2,
                    "Heap Fetches": 13359305
                  }
                ]
              }
            ]
          }
        ]
      }
    ]
  },
  "Planning Time": 1.127,
  "Triggers": [],
  "Execution Time": 6164.666
}