[
  {
    "Plan": {
      "Node Type": "Aggregate",
      "Strategy": "Plain",
      "Partial Mode": "Finalize",
      "Parallel Aware": false,
      "Startup Cost": 78045.8,
      "Total Cost": 78045.81,
      "Plan Rows": 1,
      "Plan Width": 8,
      "Actual Startup Time": 332.125,
      "Actual Total Time": 348.26,
      "Actual Rows": 1,
      "Actual Loops": 1,
      "Plans": [
        {
          "Node Type": "Gather",
          "Parent Relationship": "Outer",
          "Parallel Aware": false,
          "Startup Cost": 78045.48,
          "Total Cost": 78045.79,
          "Plan Rows": 3,
          "Plan Width": 8,
          "Actual Startup Time": 330.466,
          "Actual Total Time": 348.241,
          "Actual Rows": 4,
          "Actual Loops": 1,
          "Workers Planned": 3,
          "Workers Launched": 3,
          "Single Copy": false,
          "Plans": [
            {
              "Node Type": "Aggregate",
              "Strategy": "Plain",
              "Partial Mode": "Partial",
              "Parent Relationship": "Outer",
              "Parallel Aware": false,
              "Startup Cost": 77045.48,
              "Total Cost": 77045.49,
              "Plan Rows": 1,
              "Plan Width": 8,
              "Actual Startup Time": 322.125,
              "Actual Total Time": 322.128,
              "Actual Rows": 1,
              "Actual Loops": 4,
              "Plans": [
                {
                  "Node Type": "Hash Join",
                  "Parent Relationship": "Outer",
                  "Parallel Aware": true,
                  "Join Type": "Inner",
                  "Startup Cost": 47177.32,
                  "Total Cost": 76593.21,
                  "Plan Rows": 180906,
                  "Plan Width": 0,
                  "Actual Startup Time": 169.421,
                  "Actual Total Time": 313.095,
                  "Actual Rows": 199834,
                  "Actual Loops": 4,
                  "Inner Unique": true,
                  "Hash Cond": "(mc.movie_id = t.id)",
                  "Plans": [
                    {
                      "Node Type": "Seq Scan",
                      "Parent Relationship": "Outer",
                      "Parallel Aware": true,
                      "Relation Name": "movie_companies",
                      "Alias": "mc",
                      "Startup Cost": 0.0,
                      "Total Cost": 27206.55,
                      "Plan Rows": 841655,
                      "Plan Width": 4,
                      "Actual Startup Time": 0.017,
                      "Actual Total Time": 57.74,
                      "Actual Rows": 652282,
                      "Actual Loops": 4
                    },
                    {
                      "Node Type": "Hash",
                      "Parent Relationship": "Inner",
                      "Parallel Aware": true,
                      "Startup Cost": 45479.1,
                      "Total Cost": 45479.1,
                      "Plan Rows": 135858,
                      "Plan Width": 4,
                      "Actual Startup Time": 138.269,
                      "Actual Total Time": 138.27,
                      "Actual Rows": 105166,
                      "Actual Loops": 4,
                      "Hash Buckets": 1048576,
                      "Original Hash Buckets": 1048576,
                      "Hash Batches": 1,
                      "Original Hash Batches": 1,
                      "Peak Memory Usage": 24704,
                      "Plans": [
                        {
                          "Node Type": "Seq Scan",
                          "Parent Relationship": "Outer",
                          "Parallel Aware": true,
                          "Relation Name": "title",
                          "Alias": "t",
                          "Startup Cost": 0.0,
                          "Total Cost": 45479.1,
                          "Plan Rows": 135858,
                          "Plan Width": 4,
                          "Actual Startup Time": 48.009,
                          "Actual Total Time": 103.054,
                          "Actual Rows": 105166,
                          "Actual Loops": 4,
                          "Filter": "((production_year > 1971) AND (kind_id = 1))",
                          "Rows Removed by Filter": 526912
                        }
                      ]
                    }
                  ]
                }
              ]
            }
          ]
        }
      ]
    },
    "Planning Time": 0.515,
    "Triggers": [],
    "Execution Time": 348.32
  }
]