[
  {
    "Plan": {
      "Node Type": "Aggregate",
      "Strategy": "Plain",
      "Partial Mode": "Finalize",
      "Parallel Aware": false,
      "Startup Cost": 389699.05,
      "Total Cost": 389699.06,
      "Plan Rows": 1,
      "Plan Width": 8,
      "Actual Startup Time": 1415.718,
      "Actual Total Time": 1483.08,
      "Actual Rows": 1,
      "Actual Loops": 1,
      "Plans": [
        {
          "Node Type": "Gather",
          "Parent Relationship": "Outer",
          "Parallel Aware": false,
          "Startup Cost": 389698.43,
          "Total Cost": 389699.04,
          "Plan Rows": 6,
          "Plan Width": 8,
          "Actual Startup Time": 1412.694,
          "Actual Total Time": 1483.048,
          "Actual Rows": 7,
          "Actual Loops": 1,
          "Workers Planned": 6,
          "Workers Launched": 6,
          "Single Copy": false,
          "Plans": [
            {
              "Node Type": "Aggregate",
              "Strategy": "Plain",
              "Partial Mode": "Partial",
              "Parent Relationship": "Outer",
              "Parallel Aware": false,
              "Startup Cost": 388698.43,
              "Total Cost": 388698.44,
              "Plan Rows": 1,
              "Plan Width": 8,
              "Actual Startup Time": 1403.98,
              "Actual Total Time": 1403.984,
              "Actual Rows": 1,
              "Actual Loops": 7,
              "Plans": [
                {
                  "Node Type": "Hash Join",
                  "Parent Relationship": "Outer",
                  "Parallel Aware": true,
                  "Join Type": "Inner",
                  "Startup Cost": 46481.11,
                  "Total Cost": 387189.77,
                  "Plan Rows": 603462,
                  "Plan Width": 0,
                  "Actual Startup Time": 93.682,
                  "Actual Total Time": 1389.372,
                  "Actual Rows": 264753,
                  "Actual Loops": 7,
                  "Inner Unique": true,
                  "Hash Cond": "(ci.movie_id = t.id)",
                  "Plans": [
                    {
                      "Node Type": "Seq Scan",
                      "Parent Relationship": "Outer",
                      "Parallel Aware": true,
                      "Relation Name": "cast_info",
                      "Alias": "ci",
                      "Startup Cost": 0.0,
                      "Total Cost": 328211.39,
                      "Plan Rows": 4760856,
                      "Plan Width": 4,
                      "Actual Startup Time": 0.022,
                      "Actual Total Time": 781.841,
                      "Actual Rows": 4075958,
                      "Actual Loops": 7,
                      "Filter": "(role_id < 7)",
                      "Rows Removed by Filter": 1101806
                    },
                    {
                      "Node Type": "Hash",
                      "Parent Relationship": "Inner",
                      "Parallel Aware": true,
                      "Startup Cost": 45479.59,
                      "Total Cost": 45479.59,
                      "Plan Rows": 80122,
                      "Plan Width": 4,
                      "Actual Startup Time": 92.032,
                      "Actual Total Time": 92.033,
                      "Actual Rows": 28427,
                      "Actual Loops": 7,
                      "Hash Buckets": 524288,
                      "Original Hash Buckets": 524288,
                      "Hash Batches": 1,
                      "Original Hash Batches": 1,
                      "Peak Memory Usage": 11968,
                      "Plans": [
                        {
                          "Node Type": "Seq Scan",
                          "Parent Relationship": "Outer",
                          "Parallel Aware": true,
                          "Relation Name": "title",
                          "Alias": "t",
                          "Startup Cost": 0.0,
                          "Total Cost": 45479.59,
                          "Plan Rows": 80122,
                          "Plan Width": 4,
                          "Actual Startup Time": 0.035,
                          "Actual Total Time": 77.476,
                          "Actual Rows": 28427,
                          "Actual Loops": 7,
                          "Filter": "((kind_id > 1) AND (production_year < 1976))",
                          "Rows Removed by Filter": 332761
                        }
                      ]
                    }
                  ]
                }
              ]
            }
          ]
        }
      ]
    },
    "Planning Time": 0.257,
    "Triggers": [],
    "Execution Time": 1483.133
  }
]