{
  "Plan": {
    "Node Type": "Aggregate",
    "Strategy": "Plain",
    "Partial Mode": "Finalize",
    "Parallel Aware": false,
    "Startup Cost": 296656.82,
    "Total Cost": 296656.83,
    "Plan Rows": 1,
    "Plan Width": 8,
    "Actual Startup Time": 1494.208,
    "Actual Total Time": 1515.439,
    "Actual Rows": 1,
    "Actual Loops": 1,
    "Plans": [
      {
        "Node Type": "Gather",
        "Parent Relationship": "Outer",
        "Parallel Aware": false,
        "Startup Cost": 296656.7,
        "Total Cost": 296656.81,
        "Plan Rows": 1,
        "Plan Width": 8,
        "Actual Startup Time": 1489.754,
        "Actual Total Time": 1515.432,
        "Actual Rows": 2,
        "Actual Loops": 1,
        "Workers Planned": 1,
        "Workers Launched": 1,
        "Single Copy": false,
        "Plans": [
          {
            "Node Type": "Aggregate",
            "Strategy": "Plain",
            "Partial Mode": "Partial",
            "Parent Relationship": "Outer",
            "Parallel Aware": false,
            "Startup Cost": 295656.7,
            "Total Cost": 295656.71,
            "Plan Rows": 1,
            "Plan Width": 8,
            "Actual Startup Time": 1485.094,
            "Actual Total Time": 1485.099,
            "Actual Rows": 1,
            "Actual Loops": 2,
            "Plans": [
              {
                "Node Type": "Hash Join",
                "Parent Relationship": "Outer",
                "Parallel Aware": true,
                "Join Type": "Inner",
                "Startup Cost": 229943.42,
                "Total Cost": 294264.29,
                "Plan Rows": 556964,
                "Plan Width": 0,
                "Actual Startup Time": 1104.512,
                "Actual Total Time": 1465.479,
                "Actual Rows": 478954,
                "Actual Loops": 2,
                "Inner Unique": false,
                "Hash Cond": "(mk.movie_id = t.id)",
                "Plans": [
                  {
                    "Node Type": "Seq Scan",
                    "Parent Relationship": "Outer",
                    "Parallel Aware": true,
                    "Relation Name": "movie_keyword",
                    "Alias": "mk",
                    "Startup Cost": 0.0,
                    "Total Cost": 51065.35,
                    "Plan Rows": 2661135,
                    "Plan Width": 4,
                    "Actual Startup Time": 0.011,
                    "Actual Total Time": 155.046,
                    "Actual Rows": 2261965,
                    "Actual Loops": 2
                  },
                  {
                    "Node Type": "Hash",
                    "Parent Relationship": "Inner",
                    "Parallel Aware": true,
                    "Startup Cost": 226052.54,
                    "Total Cost": 226052.54,
                    "Plan Rows": 311271,
                    "Plan Width": 8,
                    "Actual Startup Time": 1095.966,
                    "Actual Total Time": 1095.969,
                    "Actual Rows": 160788,
                    "Actual Loops": 2,
                    "Hash Buckets": 1048576,
                    "Original Hash Buckets": 1048576,
                    "Hash Batches": 1,
                    "Original Hash Batches": 1,
                    "Peak Memory Usage": 20800,
                    "Plans": [
                      {
                        "Node Type": "Merge Join",
                        "Parent Relationship": "Outer",
                        "Parallel Aware": false,
                        "Join Type": "Inner",
                        "Startup Cost": 113073.18,
                        "Total Cost": 226052.54,
                        "Plan Rows": 311271,
                        "Plan Width": 8,
                        "Actual Startup Time": 296.387,
                        "Actual Total Time": 1045.079,
                        "Actual Rows": 160788,
                        "Actual Loops": 2,
                        "Inner Unique": false,
                        "Merge Cond": "(t.id = mc.movie_id)",
                        "Plans": [
                          {
                            "Node Type": "Index Scan",
                            "Parent Relationship": "Outer",
                            "Parallel Aware": true,
                            "Scan Direction": "Forward",
                            "Index Name": "title_pkey",
                            "Relation Name": "title",
                            "Alias": "t",
                            "Startup Cost": 0.43,
                            "Total Cost": 103647.43,
                            "Plan Rows": 1097081,
                            "Plan Width": 4,
                            "Actual Startup Time": 0.064,
                            "Actual Total Time": 606.841,
                            "Actual Rows": 932052,
                            "Actual Loops": 2,
                            "Filter": "(kind_id > 1)",
                            "Rows Removed by Filter": 330878
                          },
                          {
                            "Node Type": "Sort",
                            "Parent Relationship": "Inner",
                            "Parallel Aware": false,
                            "Startup Cost": 113070.62,
                            "Total Cost": 114863.98,
                            "Plan Rows": 717344,
                            "Plan Width": 4,
                            "Actual Startup Time": 296.222,
                            "Actual Total Time": 332.78,
                            "Actual Rows": 732296,
                            "Actual Loops": 2,
                            "Sort Key": [
                              "mc.movie_id"
                            ],
                            "Sort Method": "quicksort",
                            "Sort Space Used": 58903,
                            "Sort Space Type": "Memory",
                            "Workers": [
                              {
                                "Worker Number": 0,
                                "Sort Method": "quicksort",
                                "Sort Space Used": 58903,
                                "Sort Space Type": "Memory"
                              }
                            ],
                            "Plans": [
                              {
                                "Node Type": "Bitmap Heap Scan",
                                "Parent Relationship": "Outer",
                                "Parallel Aware": false,
                                "Relation Name": "movie_companies",
                                "Alias": "mc",
                                "Startup Cost": 15543.85,
                                "Total Cost": 43300.65,
                                "Plan Rows": 717344,
                                "Plan Width": 4,
                                "Actual Startup Time": 53.535,
                                "Actual Total Time": 153.615,
                                "Actual Rows": 732296,
                                "Actual Loops": 2,
                                "Recheck Cond": "(company_id > 40229)",
                                "Rows Removed by Index Recheck": 0,
                                "Exact Heap Blocks": 12780,
                                "Lossy Heap Blocks": 0,
                                "Plans": [
                                  {
                                    "Node Type": "Bitmap Index Scan",
                                    "Parent Relationship": "Outer",
                                    "Parallel Aware": false,
                                    "Index Name": "company_id_movie_companies",
                                    "Startup Cost": 0.0,
                                    "Total Cost": 15364.51,
                                    "Plan Rows": 717344,
                                    "Plan Width": 0,
                                    "Actual Startup Time": 52.086,
                                    "Actual Total Time": 52.086,
                                    "Actual Rows": 732296,
                                    "Actual Loops": 2,
                                    "Index Cond": "(company_id > 40229)"
                                  }
                                ]
                              }
                            ]
                          }
                        ]
                      }
                    ]
                  }
                ]
              }
            ]
          }
        ]
      }
    ]
  },
  "Planning Time": 0.855,
  "Triggers": [],
  "Execution Time": 1520.641
}