[
  {
    "Plan": {
      "Node Type": "Aggregate",
      "Strategy": "Plain",
      "Partial Mode": "Finalize",
      "Parallel Aware": false,
      "Startup Cost": 336317.03,
      "Total Cost": 336317.04,
      "Plan Rows": 1,
      "Plan Width": 8,
      "Actual Startup Time": 801.208,
      "Actual Total Time": 848.214,
      "Actual Rows": 1,
      "Actual Loops": 1,
      "Plans": [
        {
          "Node Type": "Gather",
          "Parent Relationship": "Outer",
          "Parallel Aware": false,
          "Startup Cost": 336316.41,
          "Total Cost": 336317.02,
          "Plan Rows": 6,
          "Plan Width": 8,
          "Actual Startup Time": 800.997,
          "Actual Total Time": 848.197,
          "Actual Rows": 7,
          "Actual Loops": 1,
          "Workers Planned": 6,
          "Workers Launched": 6,
          "Single Copy": false,
          "Plans": [
            {
              "Node Type": "Aggregate",
              "Strategy": "Plain",
              "Partial Mode": "Partial",
              "Parent Relationship": "Outer",
              "Parallel Aware": false,
              "Startup Cost": 335316.41,
              "Total Cost": 335316.42,
              "Plan Rows": 1,
              "Plan Width": 8,
              "Actual Startup Time": 792.996,
              "Actual Total Time": 792.998,
              "Actual Rows": 1,
              "Actual Loops": 7,
              "Plans": [
                {
                  "Node Type": "Seq Scan",
                  "Parent Relationship": "Outer",
                  "Parallel Aware": true,
                  "Relation Name": "cast_info",
                  "Alias": "ci",
                  "Startup Cost": 0.0,
                  "Total Cost": 328211.39,
                  "Plan Rows": 2842006,
                  "Plan Width": 0,
                  "Actual Startup Time": 0.053,
                  "Actual Total Time": 655.547,
                  "Actual Rows": 2459440,
                  "Actual Loops": 7,
                  "Filter": "(person_id < 1700496)",
                  "Rows Removed by Filter": 2718323
                }
              ]
            }
          ]
        }
      ]
    },
    "Planning Time": 0.08,
    "Triggers": [],
    "Execution Time": 848.251
  }
]