[
  {
    "Plan": {
      "Node Type": "Aggregate",
      "Strategy": "Plain",
      "Partial Mode": "Finalize",
      "Parallel Aware": false,
      "Startup Cost": 336304.64,
      "Total Cost": 336304.65,
      "Plan Rows": 1,
      "Plan Width": 8,
      "Actual Startup Time": 716.672,
      "Actual Total Time": 781.618,
      "Actual Rows": 1,
      "Actual Loops": 1,
      "Plans": [
        {
          "Node Type": "Gather",
          "Parent Relationship": "Outer",
          "Parallel Aware": false,
          "Startup Cost": 336304.02,
          "Total Cost": 336304.62,
          "Plan Rows": 6,
          "Plan Width": 8,
          "Actual Startup Time": 716.537,
          "Actual Total Time": 781.609,
          "Actual Rows": 7,
          "Actual Loops": 1,
          "Workers Planned": 6,
          "Workers Launched": 6,
          "Single Copy": false,
          "Plans": [
            {
              "Node Type": "Aggregate",
              "Strategy": "Plain",
              "Partial Mode": "Partial",
              "Parent Relationship": "Outer",
              "Parallel Aware": false,
              "Startup Cost": 335304.02,
              "Total Cost": 335304.03,
              "Plan Rows": 1,
              "Plan Width": 8,
              "Actual Startup Time": 708.156,
              "Actual Total Time": 708.157,
              "Actual Rows": 1,
              "Actual Loops": 7,
              "Plans": [
                {
                  "Node Type": "Seq Scan",
                  "Parent Relationship": "Outer",
                  "Parallel Aware": true,
                  "Relation Name": "cast_info",
                  "Alias": "ci",
                  "Startup Cost": 0.0,
                  "Total Cost": 328162.03,
                  "Plan Rows": 2856796,
                  "Plan Width": 0,
                  "Actual Startup Time": 0.05,
                  "Actual Total Time": 595.213,
                  "Actual Rows": 2459440,
                  "Actual Loops": 7,
                  "Filter": "(person_id < 1700496)",
                  "Rows Removed by Filter": 2718323
                }
              ]
            }
          ]
        }
      ]
    },
    "Planning Time": 0.196,
    "Triggers": [],
    "Execution Time": 781.69
  }
]