{
    "Plan": {
        "Node Type": "Aggregate",
        "Strategy": "Plain",
        "Partial Mode": "Finalize",
        "Parallel Aware": false,
        "Startup Cost": 307154.44,
        "Total Cost": 307154.45,
        "Plan Rows": 1,
        "Plan Width": 8,
        "Actual Startup Time": 954.82,
        "Actual Total Time": 1003.224,
        "Actual Rows": 1,
        "Actual Loops": 1,
        "Output": [
            "count(*)"
        ],
        "Plans": [
            {
                "Node Type": "Gather",
                "Parent Relationship": "Outer",
                "Parallel Aware": false,
                "Startup Cost": 307153.92,
                "Total Cost": 307154.43,
                "Plan Rows": 5,
                "Plan Width": 8,
                "Actual Startup Time": 945.207,
                "Actual Total Time": 1003.21,
                "Actual Rows": 6,
                "Actual Loops": 1,
                "Output": [
                    "(PARTIAL count(*))"
                ],
                "Workers Planned": 5,
                "Workers Launched": 5,
                "Single Copy": false,
                "Plans": [
                    {
                        "Node Type": "Aggregate",
                        "Strategy": "Plain",
                        "Partial Mode": "Partial",
                        "Parent Relationship": "Outer",
                        "Parallel Aware": false,
                        "Startup Cost": 306153.92,
                        "Total Cost": 306153.93,
                        "Plan Rows": 1,
                        "Plan Width": 8,
                        "Actual Startup Time": 934.626,
                        "Actual Total Time": 934.802,
                        "Actual Rows": 1,
                        "Actual Loops": 6,
                        "Output": [
                            "PARTIAL count(*)"
                        ],
                        "Workers": [
                            {
                                "Worker Number": 0,
                                "Actual Startup Time": 932.048,
                                "Actual Total Time": 932.055,
                                "Actual Rows": 1,
                                "Actual Loops": 1
                            },
                            {
                                "Worker Number": 1,
                                "Actual Startup Time": 932.065,
                                "Actual Total Time": 932.071,
                                "Actual Rows": 1,
                                "Actual Loops": 1
                            },
                            {
                                "Worker Number": 2,
                                "Actual Startup Time": 932.048,
                                "Actual Total Time": 932.055,
                                "Actual Rows": 1,
                                "Actual Loops": 1
                            },
                            {
                                "Worker Number": 3,
                                "Actual Startup Time": 933.915,
                                "Actual Total Time": 933.921,
                                "Actual Rows": 1,
                                "Actual Loops": 1
                            },
                            {
                                "Worker Number": 4,
                                "Actual Startup Time": 933.352,
                                "Actual Total Time": 933.357,
                                "Actual Rows": 1,
                                "Actual Loops": 1
                            }
                        ],
                        "Plans": [
                            {
                                "Node Type": "Hash Join",
                                "Parent Relationship": "Outer",
                                "Parallel Aware": true,
                                "Join Type": "Inner",
                                "Startup Cost": 98125.37,
                                "Total Cost": 304617.88,
                                "Plan Rows": 614417,
                                "Plan Width": 0,
                                "Actual Startup Time": 393.349,
                                "Actual Total Time": 920.65,
                                "Actual Rows": 287512,
                                "Actual Loops": 6,
                                "Inner Unique": false,
                                "Hash Cond": "(mi.movie_id = t.id)",
                                "Workers": [
                                    {
                                        "Worker Number": 0,
                                        "Actual Startup Time": 390.877,
                                        "Actual Total Time": 918.253,
                                        "Actual Rows": 217483,
                                        "Actual Loops": 1
                                    },
                                    {
                                        "Worker Number": 1,
                                        "Actual Startup Time": 390.869,
                                        "Actual Total Time": 918.141,
                                        "Actual Rows": 219675,
                                        "Actual Loops": 1
                                    },
                                    {
                                        "Worker Number": 2,
                                        "Actual Startup Time": 390.835,
                                        "Actual Total Time": 919.067,
                                        "Actual Rows": 322460,
                                        "Actual Loops": 1
                                    },
                                    {
                                        "Worker Number": 3,
                                        "Actual Startup Time": 392.246,
                                        "Actual Total Time": 919.457,
                                        "Actual Rows": 228453,
                                        "Actual Loops": 1
                                    },
                                    {
                                        "Worker Number": 4,
                                        "Actual Startup Time": 392.153,
                                        "Actual Total Time": 920.006,
                                        "Actual Rows": 337189,
                                        "Actual Loops": 1
                                    }
                                ],
                                "Plans": [
                                    {
                                        "Node Type": "Seq Scan",
                                        "Parent Relationship": "Outer",
                                        "Parallel Aware": true,
                                        "Relation Name": "movie_info",
                                        "Schema": "public",
                                        "Alias": "mi",
                                        "Startup Cost": 0.0,
                                        "Total Cost": 198880.74,
                                        "Plan Rows": 1501273,
                                        "Plan Width": 4,
                                        "Actual Startup Time": 17.356,
                                        "Actual Total Time": 363.933,
                                        "Actual Rows": 1258142,
                                        "Actual Loops": 6,
                                        "Output": [
                                            "mi.id",
                                            "mi.movie_id",
                                            "mi.info_type_id",
                                            "mi.info",
                                            "mi.note"
                                        ],
                                        "Filter": "(mi.info_type_id > 7)",
                                        "Rows Removed by Filter": 1214478,
                                        "Workers": [
                                            {
                                                "Worker Number": 0,
                                                "Actual Startup Time": 17.439,
                                                "Actual Total Time": 372.342,
                                                "Actual Rows": 916358,
                                                "Actual Loops": 1
                                            },
                                            {
                                                "Worker Number": 1,
                                                "Actual Startup Time": 17.377,
                                                "Actual Total Time": 371.649,
                                                "Actual Rows": 928057,
                                                "Actual Loops": 1
                                            },
                                            {
                                                "Worker Number": 2,
                                                "Actual Startup Time": 17.446,
                                                "Actual Total Time": 364.605,
                                                "Actual Rows": 1372227,
                                                "Actual Loops": 1
                                            },
                                            {
                                                "Worker Number": 3,
                                                "Actual Startup Time": 17.289,
                                                "Actual Total Time": 373.019,
                                                "Actual Rows": 968303,
                                                "Actual Loops": 1
                                            },
                                            {
                                                "Worker Number": 4,
                                                "Actual Startup Time": 17.302,
                                                "Actual Total Time": 365.482,
                                                "Actual Rows": 1487166,
                                                "Actual Loops": 1
                                            }
                                        ]
                                    },
                                    {
                                        "Node Type": "Hash",
                                        "Parent Relationship": "Inner",
                                        "Parallel Aware": true,
                                        "Startup Cost": 93952.99,
                                        "Total Cost": 93952.99,
                                        "Plan Rows": 333791,
                                        "Plan Width": 8,
                                        "Actual Startup Time": 372.254,
                                        "Actual Total Time": 372.428,
                                        "Actual Rows": 40564,
                                        "Actual Loops": 6,
                                        "Output": [
                                            "t.id",
                                            "mk.movie_id"
                                        ],
                                        "Hash Buckets": 1048576,
                                        "Original Hash Buckets": 1048576,
                                        "Hash Batches": 1,
                                        "Original Hash Batches": 1,
                                        "Peak Memory Usage": 17792,
                                        "Workers": [
                                            {
                                                "Worker Number": 0,
                                                "Actual Startup Time": 372.754,
                                                "Actual Total Time": 372.758,
                                                "Actual Rows": 31024,
                                                "Actual Loops": 1
                                            },
                                            {
                                                "Worker Number": 1,
                                                "Actual Startup Time": 372.633,
                                                "Actual Total Time": 372.638,
                                                "Actual Rows": 31094,
                                                "Actual Loops": 1
                                            },
                                            {
                                                "Worker Number": 2,
                                                "Actual Startup Time": 372.759,
                                                "Actual Total Time": 372.763,
                                                "Actual Rows": 44719,
                                                "Actual Loops": 1
                                            },
                                            {
                                                "Worker Number": 3,
                                                "Actual Startup Time": 373.993,
                                                "Actual Total Time": 373.997,
                                                "Actual Rows": 31713,
                                                "Actual Loops": 1
                                            },
                                            {
                                                "Worker Number": 4,
                                                "Actual Startup Time": 373.99,
                                                "Actual Total Time": 373.993,
                                                "Actual Rows": 47967,
                                                "Actual Loops": 1
                                            }
                                        ],
                                        "Plans": [
                                            {
                                                "Node Type": "Hash Join",
                                                "Parent Relationship": "Outer",
                                                "Parallel Aware": true,
                                                "Join Type": "Inner",
                                                "Startup Cost": 49561.51,
                                                "Total Cost": 93952.99,
                                                "Plan Rows": 333791,
                                                "Plan Width": 8,
                                                "Actual Startup Time": 206.148,
                                                "Actual Total Time": 353.574,
                                                "Actual Rows": 40564,
                                                "Actual Loops": 6,
                                                "Output": [
                                                    "t.id",
                                                    "mk.movie_id"
                                                ],
                                                "Inner Unique": true,
                                                "Hash Cond": "(mk.movie_id = t.id)",
                                                "Workers": [
                                                    {
                                                        "Worker Number": 0,
                                                        "Actual Startup Time": 206.081,
                                                        "Actual Total Time": 353.192,
                                                        "Actual Rows": 31024,
                                                        "Actual Loops": 1
                                                    },
                                                    {
                                                        "Worker Number": 1,
                                                        "Actual Startup Time": 206.009,
                                                        "Actual Total Time": 354.238,
                                                        "Actual Rows": 31094,
                                                        "Actual Loops": 1
                                                    },
                                                    {
                                                        "Worker Number": 2,
                                                        "Actual Startup Time": 206.061,
                                                        "Actual Total Time": 353.655,
                                                        "Actual Rows": 44719,
                                                        "Actual Loops": 1
                                                    },
                                                    {
                                                        "Worker Number": 3,
                                                        "Actual Startup Time": 206.196,
                                                        "Actual Total Time": 353.202,
                                                        "Actual Rows": 31713,
                                                        "Actual Loops": 1
                                                    },
                                                    {
                                                        "Worker Number": 4,
                                                        "Actual Startup Time": 206.215,
                                                        "Actual Total Time": 353.408,
                                                        "Actual Rows": 47967,
                                                        "Actual Loops": 1
                                                    }
                                                ],
                                                "Plans": [
                                                    {
                                                        "Node Type": "Seq Scan",
                                                        "Parent Relationship": "Outer",
                                                        "Parallel Aware": true,
                                                        "Relation Name": "movie_keyword",
                                                        "Schema": "public",
                                                        "Alias": "mk",
                                                        "Startup Cost": 0.0,
                                                        "Total Cost": 42695.65,
                                                        "Plan Rows": 646029,
                                                        "Plan Width": 4,
                                                        "Actual Startup Time": 0.02,
                                                        "Actual Total Time": 94.192,
                                                        "Actual Rows": 333604,
                                                        "Actual Loops": 6,
                                                        "Output": [
                                                            "mk.id",
                                                            "mk.movie_id",
                                                            "mk.keyword_id"
                                                        ],
                                                        "Filter": "(mk.keyword_id < 3546)",
                                                        "Rows Removed by Filter": 420385,
                                                        "Workers": [
                                                            {
                                                                "Worker Number": 0,
                                                                "Actual Startup Time": 0.012,
                                                                "Actual Total Time": 96.27,
                                                                "Actual Rows": 256760,
                                                                "Actual Loops": 1
                                                            },
                                                            {
                                                                "Worker Number": 1,
                                                                "Actual Startup Time": 0.017,
                                                                "Actual Total Time": 96.471,
                                                                "Actual Rows": 255496,
                                                                "Actual Loops": 1
                                                            },
                                                            {
                                                                "Worker Number": 2,
                                                                "Actual Startup Time": 0.02,
                                                                "Actual Total Time": 95.319,
                                                                "Actual Rows": 365776,
                                                                "Actual Loops": 1
                                                            },
                                                            {
                                                                "Worker Number": 3,
                                                                "Actual Startup Time": 0.035,
                                                                "Actual Total Time": 96.407,
                                                                "Actual Rows": 260938,
                                                                "Actual Loops": 1
                                                            },
                                                            {
                                                                "Worker Number": 4,
                                                                "Actual Startup Time": 0.025,
                                                                "Actual Total Time": 95.086,
                                                                "Actual Rows": 382435,
                                                                "Actual Loops": 1
                                                            }
                                                        ]
                                                    },
                                                    {
                                                        "Node Type": "Hash",
                                                        "Parent Relationship": "Inner",
                                                        "Parallel Aware": true,
                                                        "Startup Cost": 45479.21,
                                                        "Total Cost": 45479.21,
                                                        "Plan Rows": 326584,
                                                        "Plan Width": 4,
                                                        "Actual Startup Time": 203.138,
                                                        "Actual Total Time": 203.139,
                                                        "Actual Rows": 233225,
                                                        "Actual Loops": 6,
                                                        "Output": [
                                                            "t.id"
                                                        ],
                                                        "Hash Buckets": 2097152,
                                                        "Original Hash Buckets": 2097152,
                                                        "Hash Batches": 1,
                                                        "Original Hash Batches": 1,
                                                        "Peak Memory Usage": 71232,
                                                        "Workers": [
                                                            {
                                                                "Worker Number": 0,
                                                                "Actual Startup Time": 205.885,
                                                                "Actual Total Time": 205.887,
                                                                "Actual Rows": 188705,
                                                                "Actual Loops": 1
                                                            },
                                                            {
                                                                "Worker Number": 1,
                                                                "Actual Startup Time": 205.898,
                                                                "Actual Total Time": 205.899,
                                                                "Actual Rows": 185397,
                                                                "Actual Loops": 1
                                                            },
                                                            {
                                                                "Worker Number": 2,
                                                                "Actual Startup Time": 205.947,
                                                                "Actual Total Time": 205.949,
                                                                "Actual Rows": 241935,
                                                                "Actual Loops": 1
                                                            },
                                                            {
                                                                "Worker Number": 3,
                                                                "Actual Startup Time": 205.889,
                                                                "Actual Total Time": 205.89,
                                                                "Actual Rows": 193128,
                                                                "Actual Loops": 1
                                                            },
                                                            {
                                                                "Worker Number": 4,
                                                                "Actual Startup Time": 205.893,
                                                                "Actual Total Time": 205.894,
                                                                "Actual Rows": 242392,
                                                                "Actual Loops": 1
                                                            }
                                                        ],
                                                        "Plans": [
                                                            {
                                                                "Node Type": "Seq Scan",
                                                                "Parent Relationship": "Outer",
                                                                "Parallel Aware": true,
                                                                "Relation Name": "title",
                                                                "Schema": "public",
                                                                "Alias": "t",
                                                                "Startup Cost": 0.0,
                                                                "Total Cost": 45479.21,
                                                                "Plan Rows": 326584,
                                                                "Plan Width": 4,
                                                                "Actual Startup Time": 0.07,
                                                                "Actual Total Time": 92.439,
                                                                "Actual Rows": 233225,
                                                                "Actual Loops": 6,
                                                                "Output": [
                                                                    "t.id"
                                                                ],
                                                                "Filter": "((t.production_year > 1964) AND (t.kind_id = 7))",
                                                                "Rows Removed by Filter": 188161,
                                                                "Workers": [
                                                                    {
                                                                        "Worker Number": 0,
                                                                        "Actual Startup Time": 0.085,
                                                                        "Actual Total Time": 95.441,
                                                                        "Actual Rows": 188705,
                                                                        "Actual Loops": 1
                                                                    },
                                                                    {
                                                                        "Worker Number": 1,
                                                                        "Actual Startup Time": 0.079,
                                                                        "Actual Total Time": 95.271,
                                                                        "Actual Rows": 185397,
                                                                        "Actual Loops": 1
                                                                    },
                                                                    {
                                                                        "Worker Number": 2,
                                                                        "Actual Startup Time": 0.079,
                                                                        "Actual Total Time": 93.098,
                                                                        "Actual Rows": 241935,
                                                                        "Actual Loops": 1
                                                                    },
                                                                    {
                                                                        "Worker Number": 3,
                                                                        "Actual Startup Time": 0.08,
                                                                        "Actual Total Time": 96.444,
                                                                        "Actual Rows": 193128,
                                                                        "Actual Loops": 1
                                                                    },
                                                                    {
                                                                        "Worker Number": 4,
                                                                        "Actual Startup Time": 0.08,
                                                                        "Actual Total Time": 93.381,
                                                                        "Actual Rows": 242392,
                                                                        "Actual Loops": 1
                                                                    }
                                                                ]
                                                            }
                                                        ]
                                                    }
                                                ]
                                            }
                                        ]
                                    }
                                ]
                            }
                        ]
                    }
                ]
            }
        ]
    },
    "Planning Time": 1.573,
    "Triggers": [],
    "Execution Time": 1003.32
}