[
  {
    "Plan": {
      "Node Type": "Aggregate",
      "Strategy": "Plain",
      "Partial Mode": "Finalize",
      "Parallel Aware": false,
      "Startup Cost": 32992.82,
      "Total Cost": 32992.83,
      "Plan Rows": 1,
      "Plan Width": 8,
      "Actual Startup Time": 97.461,
      "Actual Total Time": 105.835,
      "Actual Rows": 1,
      "Actual Loops": 1,
      "Plans": [
        {
          "Node Type": "Gather",
          "Parent Relationship": "Outer",
          "Parallel Aware": false,
          "Startup Cost": 32992.5,
          "Total Cost": 32992.81,
          "Plan Rows": 3,
          "Plan Width": 8,
          "Actual Startup Time": 97.324,
          "Actual Total Time": 105.826,
          "Actual Rows": 4,
          "Actual Loops": 1,
          "Workers Planned": 3,
          "Workers Launched": 3,
          "Single Copy": false,
          "Plans": [
            {
              "Node Type": "Aggregate",
              "Strategy": "Plain",
              "Partial Mode": "Partial",
              "Parent Relationship": "Outer",
              "Parallel Aware": false,
              "Startup Cost": 31992.5,
              "Total Cost": 31992.51,
              "Plan Rows": 1,
              "Plan Width": 8,
              "Actual Startup Time": 88.774,
              "Actual Total Time": 88.775,
              "Actual Rows": 1,
              "Actual Loops": 4,
              "Plans": [
                {
                  "Node Type": "Seq Scan",
                  "Parent Relationship": "Outer",
                  "Parallel Aware": true,
                  "Relation Name": "movie_companies",
                  "Alias": "mc",
                  "Startup Cost": 0.0,
                  "Total Cost": 31414.82,
                  "Plan Rows": 231073,
                  "Plan Width": 0,
                  "Actual Startup Time": 51.198,
                  "Actual Total Time": 83.844,
                  "Actual Rows": 112976,
                  "Actual Loops": 4,
                  "Filter": "((company_id < 12319) AND (company_type_id > 1))",
                  "Rows Removed by Filter": 539306
                }
              ]
            }
          ]
        }
      ]
    },
    "Planning Time": 0.222,
    "Triggers": [],
    "Execution Time": 105.892
  }
]