[
  {
    "Plan": {
      "Node Type": "Aggregate",
      "Strategy": "Plain",
      "Partial Mode": "Finalize",
      "Parallel Aware": false,
      "Startup Cost": 26248.1,
      "Total Cost": 26248.11,
      "Plan Rows": 1,
      "Plan Width": 8,
      "Actual Startup Time": 54.014,
      "Actual Total Time": 63.706,
      "Actual Rows": 1,
      "Actual Loops": 1,
      "Plans": [
        {
          "Node Type": "Gather",
          "Parent Relationship": "Outer",
          "Parallel Aware": false,
          "Startup Cost": 26247.89,
          "Total Cost": 26248.1,
          "Plan Rows": 2,
          "Plan Width": 8,
          "Actual Startup Time": 53.795,
          "Actual Total Time": 63.699,
          "Actual Rows": 3,
          "Actual Loops": 1,
          "Workers Planned": 2,
          "Workers Launched": 2,
          "Single Copy": false,
          "Plans": [
            {
              "Node Type": "Aggregate",
              "Strategy": "Plain",
              "Partial Mode": "Partial",
              "Parent Relationship": "Outer",
              "Parallel Aware": false,
              "Startup Cost": 25247.89,
              "Total Cost": 25247.9,
              "Plan Rows": 1,
              "Plan Width": 8,
              "Actual Startup Time": 45.465,
              "Actual Total Time": 45.467,
              "Actual Rows": 1,
              "Actual Loops": 3,
              "Plans": [
                {
                  "Node Type": "Nested Loop",
                  "Parent Relationship": "Outer",
                  "Parallel Aware": false,
                  "Join Type": "Inner",
                  "Startup Cost": 87.76,
                  "Total Cost": 25238.63,
                  "Plan Rows": 3702,
                  "Plan Width": 0,
                  "Actual Startup Time": 1.355,
                  "Actual Total Time": 45.022,
                  "Actual Rows": 4017,
                  "Actual Loops": 3,
                  "Inner Unique": false,
                  "Plans": [
                    {
                      "Node Type": "Nested Loop",
                      "Parent Relationship": "Outer",
                      "Parallel Aware": false,
                      "Join Type": "Inner",
                      "Startup Cost": 87.19,
                      "Total Cost": 21947.17,
                      "Plan Rows": 1631,
                      "Plan Width": 8,
                      "Actual Startup Time": 1.135,
                      "Actual Total Time": 14.506,
                      "Actual Rows": 1394,
                      "Actual Loops": 3,
                      "Inner Unique": true,
                      "Plans": [
                        {
                          "Node Type": "Bitmap Heap Scan",
                          "Parent Relationship": "Outer",
                          "Parallel Aware": true,
                          "Relation Name": "movie_companies",
                          "Alias": "mc",
                          "Startup Cost": 86.76,
                          "Total Cost": 9667.78,
                          "Plan Rows": 1631,
                          "Plan Width": 4,
                          "Actual Startup Time": 0.906,
                          "Actual Total Time": 4.222,
                          "Actual Rows": 1394,
                          "Actual Loops": 3,
                          "Recheck Cond": "(company_id = 11138)",
                          "Rows Removed by Index Recheck": 0,
                          "Exact Heap Blocks": 1661,
                          "Lossy Heap Blocks": 0,
                          "Plans": [
                            {
                              "Node Type": "Bitmap Index Scan",
                              "Parent Relationship": "Outer",
                              "Parallel Aware": false,
                              "Index Name": "company_id_movie_companies",
                              "Startup Cost": 0.0,
                              "Total Cost": 85.79,
                              "Plan Rows": 3914,
                              "Plan Width": 0,
                              "Actual Startup Time": 1.839,
                              "Actual Total Time": 1.84,
                              "Actual Rows": 4181,
                              "Actual Loops": 1,
                              "Index Cond": "(company_id = 11138)"
                            }
                          ]
                        },
                        {
                          "Node Type": "Index Only Scan",
                          "Parent Relationship": "Inner",
                          "Parallel Aware": false,
                          "Scan Direction": "Forward",
                          "Index Name": "title_pkey",
                          "Relation Name": "title",
                          "Alias": "t",
                          "Startup Cost": 0.43,
                          "Total Cost": 7.53,
                          "Plan Rows": 1,
                          "Plan Width": 4,
                          "Actual Startup Time": 0.007,
                          "Actual Total Time": 0.007,
                          "Actual Rows": 1,
                          "Actual Loops": 4181,
                          "Index Cond": "(id = mc.movie_id)",
                          "Rows Removed by Index Recheck": 0,
                          "Heap Fetches": 4181
                        }
                      ]
                    },
                    {
                      "Node Type": "Index Scan",
                      "Parent Relationship": "Inner",
                      "Parallel Aware": false,
                      "Scan Direction": "Forward",
                      "Index Name": "movie_id_cast_info",
                      "Relation Name": "cast_info",
                      "Alias": "ci",
                      "Startup Cost": 0.56,
                      "Total Cost": 1.96,
                      "Plan Rows": 6,
                      "Plan Width": 4,
                      "Actual Startup Time": 0.009,
                      "Actual Total Time": 0.021,
                      "Actual Rows": 3,
                      "Actual Loops": 4181,
                      "Index Cond": "(movie_id = t.id)",
                      "Rows Removed by Index Recheck": 0,
                      "Filter": "((person_id < 1640055) AND (role_id = 1))",
                      "Rows Removed by Filter": 3
                    }
                  ]
                }
              ]
            }
          ]
        }
      ]
    },
    "Planning Time": 0.773,
    "Triggers": [],
    "Execution Time": 63.761
  }
]