[
  {
    "Plan": {
      "Node Type": "Aggregate",
      "Strategy": "Plain",
      "Partial Mode": "Finalize",
      "Parallel Aware": false,
      "Startup Cost": 111824.77,
      "Total Cost": 111824.78,
      "Plan Rows": 1,
      "Plan Width": 8,
      "Actual Startup Time": 623.285,
      "Actual Total Time": 642.457,
      "Actual Rows": 1,
      "Actual Loops": 1,
      "Plans": [
        {
          "Node Type": "Gather",
          "Parent Relationship": "Outer",
          "Parallel Aware": false,
          "Startup Cost": 111824.66,
          "Total Cost": 111824.77,
          "Plan Rows": 1,
          "Plan Width": 8,
          "Actual Startup Time": 618.552,
          "Actual Total Time": 642.448,
          "Actual Rows": 2,
          "Actual Loops": 1,
          "Workers Planned": 1,
          "Workers Launched": 1,
          "Single Copy": false,
          "Plans": [
            {
              "Node Type": "Aggregate",
              "Strategy": "Plain",
              "Partial Mode": "Partial",
              "Parent Relationship": "Outer",
              "Parallel Aware": false,
              "Startup Cost": 110824.66,
              "Total Cost": 110824.67,
              "Plan Rows": 1,
              "Plan Width": 8,
              "Actual Startup Time": 607.482,
              "Actual Total Time": 607.486,
              "Actual Rows": 1,
              "Actual Loops": 2,
              "Plans": [
                {
                  "Node Type": "Hash Join",
                  "Parent Relationship": "Outer",
                  "Parallel Aware": true,
                  "Join Type": "Inner",
                  "Startup Cost": 51360.81,
                  "Total Cost": 110783.5,
                  "Plan Rows": 16461,
                  "Plan Width": 0,
                  "Actual Startup Time": 589.415,
                  "Actual Total Time": 606.807,
                  "Actual Rows": 15931,
                  "Actual Loops": 2,
                  "Inner Unique": true,
                  "Hash Cond": "(ci.movie_id = t.id)",
                  "Plans": [
                    {
                      "Node Type": "Index Scan",
                      "Parent Relationship": "Outer",
                      "Parallel Aware": true,
                      "Scan Direction": "Forward",
                      "Index Name": "person_id_cast_info",
                      "Relation Name": "cast_info",
                      "Alias": "ci",
                      "Startup Cost": 0.56,
                      "Total Cost": 59377.51,
                      "Plan Rows": 17431,
                      "Plan Width": 4,
                      "Actual Startup Time": 0.091,
                      "Actual Total Time": 3.487,
                      "Actual Rows": 16482,
                      "Actual Loops": 2,
                      "Index Cond": "(person_id > 4056584)",
                      "Rows Removed by Index Recheck": 0
                    },
                    {
                      "Node Type": "Hash",
                      "Parent Relationship": "Inner",
                      "Parallel Aware": true,
                      "Startup Cost": 43898.92,
                      "Total Cost": 43898.92,
                      "Plan Rows": 596906,
                      "Plan Width": 4,
                      "Actual Startup Time": 568.544,
                      "Actual Total Time": 568.545,
                      "Actual Rows": 1194438,
                      "Actual Loops": 2,
                      "Hash Buckets": 4194304,
                      "Original Hash Buckets": 4194304,
                      "Hash Batches": 1,
                      "Original Hash Batches": 1,
                      "Peak Memory Usage": 126240,
                      "Plans": [
                        {
                          "Node Type": "Seq Scan",
                          "Parent Relationship": "Outer",
                          "Parallel Aware": true,
                          "Relation Name": "title",
                          "Alias": "t",
                          "Startup Cost": 0.0,
                          "Total Cost": 43898.92,
                          "Plan Rows": 596906,
                          "Plan Width": 4,
                          "Actual Startup Time": 0.038,
                          "Actual Total Time": 188.008,
                          "Actual Rows": 1194438,
                          "Actual Loops": 2,
                          "Filter": "(production_year < 2013)",
                          "Rows Removed by Filter": 69718
                        }
                      ]
                    }
                  ]
                }
              ]
            }
          ]
        }
      ]
    },
    "Planning Time": 0.792,
    "Triggers": [],
    "Execution Time": 642.532
  }
]