{
  "Plan": {
    "Node Type": "Aggregate",
    "Strategy": "Plain",
    "Partial Mode": "Finalize",
    "Parallel Aware": false,
    "Startup Cost": 103659.88,
    "Total Cost": 103659.89,
    "Plan Rows": 1,
    "Plan Width": 8,
    "Actual Startup Time": 363.281,
    "Actual Total Time": 374.72,
    "Actual Rows": 1,
    "Actual Loops": 1,
    "Plans": [
      {
        "Node Type": "Gather",
        "Parent Relationship": "Outer",
        "Parallel Aware": false,
        "Startup Cost": 103659.77,
        "Total Cost": 103659.88,
        "Plan Rows": 1,
        "Plan Width": 8,
        "Actual Startup Time": 362.819,
        "Actual Total Time": 374.71,
        "Actual Rows": 2,
        "Actual Loops": 1,
        "Workers Planned": 1,
        "Workers Launched": 1,
        "Single Copy": false,
        "Plans": [
          {
            "Node Type": "Aggregate",
            "Strategy": "Plain",
            "Partial Mode": "Partial",
            "Parent Relationship": "Outer",
            "Parallel Aware": false,
            "Startup Cost": 102659.77,
            "Total Cost": 102659.78,
            "Plan Rows": 1,
            "Plan Width": 8,
            "Actual Startup Time": 356.725,
            "Actual Total Time": 356.73,
            "Actual Rows": 1,
            "Actual Loops": 2,
            "Plans": [
              {
                "Node Type": "Hash Join",
                "Parent Relationship": "Outer",
                "Parallel Aware": true,
                "Join Type": "Inner",
                "Startup Cost": 40914.05,
                "Total Cost": 102188.48,
                "Plan Rows": 188517,
                "Plan Width": 0,
                "Actual Startup Time": 274.774,
                "Actual Total Time": 356.197,
                "Actual Rows": 11860,
                "Actual Loops": 2,
                "Inner Unique": false,
                "Hash Cond": "(t.id = mc.movie_id)",
                "Plans": [
                  {
                    "Node Type": "Seq Scan",
                    "Parent Relationship": "Outer",
                    "Parallel Aware": true,
                    "Relation Name": "title",
                    "Alias": "t",
                    "Startup Cost": 0.0,
                    "Total Cost": 50870.31,
                    "Plan Rows": 1487231,
                    "Plan Width": 4,
                    "Actual Startup Time": 0.013,
                    "Actual Total Time": 118.699,
                    "Actual Rows": 1264156,
                    "Actual Loops": 2
                  },
                  {
                    "Node Type": "Hash",
                    "Parent Relationship": "Inner",
                    "Parallel Aware": true,
                    "Startup Cost": 38557.59,
                    "Total Cost": 38557.59,
                    "Plan Rows": 188517,
                    "Plan Width": 4,
                    "Actual Startup Time": 109.557,
                    "Actual Total Time": 109.559,
                    "Actual Rows": 11860,
                    "Actual Loops": 2,
                    "Hash Buckets": 524288,
                    "Original Hash Buckets": 524288,
                    "Hash Batches": 1,
                    "Original Hash Batches": 1,
                    "Peak Memory Usage": 5056,
                    "Plans": [
                      {
                        "Node Type": "Bitmap Heap Scan",
                        "Parent Relationship": "Outer",
                        "Parallel Aware": true,
                        "Relation Name": "movie_companies",
                        "Alias": "mc",
                        "Startup Cost": 14023.24,
                        "Total Cost": 38557.59,
                        "Plan Rows": 188517,
                        "Plan Width": 4,
                        "Actual Startup Time": 49.941,
                        "Actual Total Time": 106.566,
                        "Actual Rows": 11860,
                        "Actual Loops": 2,
                        "Recheck Cond": "(company_id > 51877)",
                        "Rows Removed by Index Recheck": 0,
                        "Filter": "(company_type_id < 2)",
                        "Rows Removed by Filter": 319629,
                        "Exact Heap Blocks": 8554,
                        "Lossy Heap Blocks": 0,
                        "Plans": [
                          {
                            "Node Type": "Bitmap Index Scan",
                            "Parent Relationship": "Outer",
                            "Parallel Aware": false,
                            "Index Name": "company_id_movie_companies",
                            "Startup Cost": 0.0,
                            "Total Cost": 13943.12,
                            "Plan Rows": 651026,
                            "Plan Width": 0,
                            "Actual Startup Time": 48.366,
                            "Actual Total Time": 48.366,
                            "Actual Rows": 662978,
                            "Actual Loops": 1,
                            "Index Cond": "(company_id > 51877)"
                          }
                        ]
                      }
                    ]
                  }
                ]
              }
            ]
          }
        ]
      }
    ]
  },
  "Planning Time": 0.677,
  "Triggers": [],
  "Execution Time": 374.809
}