[
  {
    "Plan": {
      "Node Type": "Aggregate",
      "Strategy": "Plain",
      "Partial Mode": "Simple",
      "Parallel Aware": false,
      "Startup Cost": 345233.73,
      "Total Cost": 345233.74,
      "Plan Rows": 1,
      "Plan Width": 8,
      "Actual Startup Time": 52625.318,
      "Actual Total Time": 52625.324,
      "Actual Rows": 1,
      "Actual Loops": 1,
      "Output": [
        "count(*)"
      ],
      "Plans": [
        {
          "Node Type": "Nested Loop",
          "Parent Relationship": "Outer",
          "Parallel Aware": false,
          "Join Type": "Inner",
          "Startup Cost": 2350.55,
          "Total Cost": 345233.47,
          "Plan Rows": 103,
          "Plan Width": 0,
          "Actual Startup Time": 87.671,
          "Actual Total Time": 52613.001,
          "Actual Rows": 71221,
          "Actual Loops": 1,
          "Inner Unique": true,
          "Plans": [
            {
              "Node Type": "Nested Loop",
              "Parent Relationship": "Outer",
              "Parallel Aware": false,
              "Join Type": "Inner",
              "Startup Cost": 2350.12,
              "Total Cost": 345114.02,
              "Plan Rows": 264,
              "Plan Width": 8,
              "Actual Startup Time": 87.615,
              "Actual Total Time": 52149.048,
              "Actual Rows": 71221,
              "Actual Loops": 1,
              "Output": [
                "mi.movie_id",
                "ci.movie_id"
              ],
              "Inner Unique": true,
              "Plans": [
                {
                  "Node Type": "Hash Join",
                  "Parent Relationship": "Outer",
                  "Parallel Aware": false,
                  "Join Type": "Inner",
                  "Startup Cost": 2349.69,
                  "Total Cost": 340977.64,
                  "Plan Rows": 9085,
                  "Plan Width": 16,
                  "Actual Startup Time": 87.582,
                  "Actual Total Time": 51879.304,
                  "Actual Rows": 71221,
                  "Actual Loops": 1,
                  "Output": [
                    "mi.movie_id",
                    "ci.movie_id",
                    "ci.person_id",
                    "pi.person_id"
                  ],
                  "Inner Unique": true,
                  "Hash Cond": "(mi.info_type_id = it1.id)",
                  "Plans": [
                    {
                      "Node Type": "Nested Loop",
                      "Parent Relationship": "Outer",
                      "Parallel Aware": false,
                      "Join Type": "Inner",
                      "Startup Cost": 2347.25,
                      "Total Cost": 339577.23,
                      "Plan Rows": 513309,
                      "Plan Width": 20,
                      "Actual Startup Time": 58.731,
                      "Actual Total Time": 51793.953,
                      "Actual Rows": 682714,
                      "Actual Loops": 1,
                      "Output": [
                        "pi.person_id",
                        "ci.movie_id",
                        "ci.person_id",
                        "mi.info_type_id",
                        "mi.movie_id"
                      ],
                      "Inner Unique": false,
                      "Plans": [
                        {
                          "Node Type": "Nested Loop",
                          "Parent Relationship": "Outer",
                          "Parallel Aware": false,
                          "Join Type": "Inner",
                          "Startup Cost": 2346.82,
                          "Total Cost": 191728.59,
                          "Plan Rows": 112959,
                          "Plan Width": 12,
                          "Actual Startup Time": 57.147,
                          "Actual Total Time": 4113.229,
                          "Actual Rows": 4303006,
                          "Actual Loops": 1,
                          "Output": [
                            "pi.person_id",
                            "ci.movie_id",
                            "ci.person_id"
                          ],
                          "Inner Unique": false,
                          "Plans": [
                            {
                              "Node Type": "Nested Loop",
                              "Parent Relationship": "Outer",
                              "Parallel Aware": false,
                              "Join Type": "Inner",
                              "Startup Cost": 2346.25,
                              "Total Cost": 110238.02,
                              "Plan Rows": 3779,
                              "Plan Width": 4,
                              "Actual Startup Time": 57.073,
                              "Actual Total Time": 1755.422,
                              "Actual Rows": 82678,
                              "Actual Loops": 1,
                              "Output": [
                                "pi.person_id"
                              ],
                              "Inner Unique": false,
                              "Plans": [
                                {
                                  "Node Type": "Seq Scan",
                                  "Parent Relationship": "Outer",
                                  "Parallel Aware": false,
                                  "Relation Name": "info_type",
                                  "Schema": "public",
                                  "Alias": "it2",
                                  "Startup Cost": 0.0,
                                  "Total Cost": 2.41,
                                  "Plan Rows": 2,
                                  "Plan Width": 4,
                                  "Actual Startup Time": 0.032,
                                  "Actual Total Time": 0.061,
                                  "Actual Rows": 3,
                                  "Actual Loops": 1,
                                  "Output": [
                                    "it2.id",
                                    "it2.info"
                                  ],
                                  "Filter": "((it2.info)::text ~~* '%birth%'::text)",
                                  "Rows Removed by Filter": 110
                                },
                                {
                                  "Node Type": "Bitmap Heap Scan",
                                  "Parent Relationship": "Inner",
                                  "Parallel Aware": false,
                                  "Relation Name": "person_info",
                                  "Schema": "public",
                                  "Alias": "pi",
                                  "Startup Cost": 2346.25,
                                  "Total Cost": 55020.76,
                                  "Plan Rows": 9705,
                                  "Plan Width": 8,
                                  "Actual Startup Time": 218.474,
                                  "Actual Total Time": 581.344,
                                  "Actual Rows": 27559,
                                  "Actual Loops": 3,
                                  "Output": [
                                    "pi.id",
                                    "pi.person_id",
                                    "pi.info_type_id",
                                    "pi.info",
                                    "pi.note"
                                  ],
                                  "Recheck Cond": "(pi.info_type_id = it2.id)",
                                  "Rows Removed by Index Recheck": 0,
                                  "Filter": "((pi.info ~~* '%uk%'::text) OR (pi.info ~~* '%spain%'::text) OR (pi.info ~~* '%germany%'::text) OR (pi.info ~~* '%italy%'::text) OR (pi.info ~~* '%croatia%'::text) OR (pi.info ~~* '%algeria%'::text) OR (pi.info ~~* '%south%'::text) OR (pi.info ~~* '%austria%'::text) OR (pi.info ~~* '%hungary%'::text))",
                                  "Rows Removed by Filter": 244894,
                                  "Exact Heap Blocks": 136744,
                                  "Lossy Heap Blocks": 0,
                                  "Plans": [
                                    {
                                      "Node Type": "Bitmap Index Scan",
                                      "Parent Relationship": "Outer",
                                      "Parallel Aware": false,
                                      "Index Name": "info_type_id_person_info",
                                      "Startup Cost": 0.0,
                                      "Total Cost": 2343.83,
                                      "Plan Rows": 134853,
                                      "Plan Width": 0,
                                      "Actual Startup Time": 24.188,
                                      "Actual Total Time": 24.188,
                                      "Actual Rows": 272453,
                                      "Actual Loops": 3,
                                      "Index Cond": "(pi.info_type_id = it2.id)"
                                    }
                                  ]
                                }
                              ]
                            },
                            {
                              "Node Type": "Index Scan",
                              "Parent Relationship": "Inner",
                              "Parallel Aware": false,
                              "Scan Direction": "Forward",
                              "Index Name": "person_id_cast_info",
                              "Relation Name": "cast_info",
                              "Schema": "public",
                              "Alias": "ci",
                              "Startup Cost": 0.56,
                              "Total Cost": 16.53,
                              "Plan Rows": 503,
                              "Plan Width": 8,
                              "Actual Startup Time": 0.01,
                              "Actual Total Time": 0.023,
                              "Actual Rows": 52,
                              "Actual Loops": 82678,
                              "Output": [
                                "ci.id",
                                "ci.person_id",
                                "ci.movie_id",
                                "ci.person_role_id",
                                "ci.note",
                                "ci.nr_order",
                                "ci.role_id"
                              ],
                              "Index Cond": "(ci.person_id = pi.person_id)",
                              "Rows Removed by Index Recheck": 0
                            }
                          ]
                        },
                        {
                          "Node Type": "Index Scan",
                          "Parent Relationship": "Inner",
                          "Parallel Aware": false,
                          "Scan Direction": "Forward",
                          "Index Name": "movie_id_movie_info",
                          "Relation Name": "movie_info",
                          "Schema": "public",
                          "Alias": "mi",
                          "Startup Cost": 0.43,
                          "Total Cost": 1.3,
                          "Plan Rows": 1,
                          "Plan Width": 8,
                          "Actual Startup Time": 0.008,
                          "Actual Total Time": 0.011,
                          "Actual Rows": 0,
                          "Actual Loops": 4303006,
                          "Output": [
                            "mi.id",
                            "mi.movie_id",
                            "mi.info_type_id",
                            "mi.info",
                            "mi.note"
                          ],
                          "Index Cond": "(mi.movie_id = ci.movie_id)",
                          "Rows Removed by Index Recheck": 0,
                          "Filter": "(mi.info ~~* '%france%'::text)",
                          "Rows Removed by Filter": 9
                        }
                      ]
                    },
                    {
                      "Node Type": "Hash",
                      "Parent Relationship": "Inner",
                      "Parallel Aware": false,
                      "Startup Cost": 2.41,
                      "Total Cost": 2.41,
                      "Plan Rows": 2,
                      "Plan Width": 4,
                      "Actual Startup Time": 0.165,
                      "Actual Total Time": 0.166,
                      "Actual Rows": 3,
                      "Actual Loops": 1,
                      "Output": [
                        "it1.id"
                      ],
                      "Hash Buckets": 1024,
                      "Original Hash Buckets": 1024,
                      "Hash Batches": 1,
                      "Original Hash Batches": 1,
                      "Peak Memory Usage": 9,
                      "Plans": [
                        {
                          "Node Type": "Seq Scan",
                          "Parent Relationship": "Outer",
                          "Parallel Aware": false,
                          "Relation Name": "info_type",
                          "Schema": "public",
                          "Alias": "it1",
                          "Startup Cost": 0.0,
                          "Total Cost": 2.41,
                          "Plan Rows": 2,
                          "Plan Width": 4,
                          "Actual Startup Time": 0.038,
                          "Actual Total Time": 0.158,
                          "Actual Rows": 3,
                          "Actual Loops": 1,
                          "Output": [
                            "it1.id"
                          ],
                          "Filter": "((it1.info)::text ~~* '%count%'::text)",
                          "Rows Removed by Filter": 110
                        }
                      ]
                    }
                  ]
                },
                {
                  "Node Type": "Index Only Scan",
                  "Parent Relationship": "Inner",
                  "Parallel Aware": false,
                  "Scan Direction": "Forward",
                  "Index Name": "name_pkey",
                  "Relation Name": "name",
                  "Schema": "public",
                  "Alias": "n",
                  "Startup Cost": 0.43,
                  "Total Cost": 0.46,
                  "Plan Rows": 1,
                  "Plan Width": 4,
                  "Actual Startup Time": 0.003,
                  "Actual Total Time": 0.003,
                  "Actual Rows": 1,
                  "Actual Loops": 71221,
                  "Output": [
                    "n.id"
                  ],
                  "Index Cond": "(n.id = ci.person_id)",
                  "Rows Removed by Index Recheck": 0,
                  "Heap Fetches": 71221
                }
              ]
            },
            {
              "Node Type": "Index Only Scan",
              "Parent Relationship": "Inner",
              "Parallel Aware": false,
              "Scan Direction": "Forward",
              "Index Name": "title_pkey",
              "Relation Name": "title",
              "Schema": "public",
              "Alias": "t",
              "Startup Cost": 0.43,
              "Total Cost": 0.45,
              "Plan Rows": 1,
              "Plan Width": 4,
              "Actual Startup Time": 0.006,
              "Actual Total Time": 0.006,
              "Actual Rows": 1,
              "Actual Loops": 71221,
              "Output": [
                "t.id"
              ],
              "Index Cond": "(t.id = ci.movie_id)",
              "Rows Removed by Index Recheck": 0,
              "Heap Fetches": 71221
            }
          ]
        }
      ]
    },
    "Planning Time": 14832.844,
    "Triggers": [],
    "Execution Time": 52625.762
  }
]