[
  {
    "Plan": {
      "Node Type": "Aggregate",
      "Strategy": "Plain",
      "Partial Mode": "Finalize",
      "Parallel Aware": false,
      "Startup Cost": 46504.77,
      "Total Cost": 46504.78,
      "Plan Rows": 1,
      "Plan Width": 8,
      "Actual Startup Time": 114.413,
      "Actual Total Time": 128.792,
      "Actual Rows": 1,
      "Actual Loops": 1,
      "Plans": [
        {
          "Node Type": "Gather",
          "Parent Relationship": "Outer",
          "Parallel Aware": false,
          "Startup Cost": 46504.35,
          "Total Cost": 46504.76,
          "Plan Rows": 4,
          "Plan Width": 8,
          "Actual Startup Time": 114.041,
          "Actual Total Time": 128.782,
          "Actual Rows": 5,
          "Actual Loops": 1,
          "Workers Planned": 4,
          "Workers Launched": 4,
          "Single Copy": false,
          "Plans": [
            {
              "Node Type": "Aggregate",
              "Strategy": "Plain",
              "Partial Mode": "Partial",
              "Parent Relationship": "Outer",
              "Parallel Aware": false,
              "Startup Cost": 45504.35,
              "Total Cost": 45504.36,
              "Plan Rows": 1,
              "Plan Width": 8,
              "Actual Startup Time": 105.673,
              "Actual Total Time": 105.674,
              "Actual Rows": 1,
              "Actual Loops": 5,
              "Plans": [
                {
                  "Node Type": "Seq Scan",
                  "Parent Relationship": "Outer",
                  "Parallel Aware": true,
                  "Relation Name": "title",
                  "Alias": "t",
                  "Startup Cost": 0.0,
                  "Total Cost": 45479.1,
                  "Plan Rows": 10100,
                  "Plan Width": 0,
                  "Actual Startup Time": 0.053,
                  "Actual Total Time": 104.576,
                  "Actual Rows": 8053,
                  "Actual Loops": 5,
                  "Filter": "((kind_id > 4) AND (production_year = 2013))",
                  "Rows Removed by Filter": 497610
                }
              ]
            }
          ]
        }
      ]
    },
    "Planning Time": 0.177,
    "Triggers": [],
    "Execution Time": 128.853
  }
]