[
  {
    "Plan": {
      "Node Type": "Aggregate",
      "Strategy": "Plain",
      "Partial Mode": "Finalize",
      "Parallel Aware": false,
      "Startup Cost": 83435.15,
      "Total Cost": 83435.16,
      "Plan Rows": 1,
      "Plan Width": 8,
      "Actual Startup Time": 629.595,
      "Actual Total Time": 653.294,
      "Actual Rows": 1,
      "Actual Loops": 1,
      "Plans": [
        {
          "Node Type": "Gather",
          "Parent Relationship": "Outer",
          "Parallel Aware": false,
          "Startup Cost": 83434.83,
          "Total Cost": 83435.14,
          "Plan Rows": 3,
          "Plan Width": 8,
          "Actual Startup Time": 617.612,
          "Actual Total Time": 653.276,
          "Actual Rows": 4,
          "Actual Loops": 1,
          "Workers Planned": 3,
          "Workers Launched": 3,
          "Single Copy": false,
          "Plans": [
            {
              "Node Type": "Aggregate",
              "Strategy": "Plain",
              "Partial Mode": "Partial",
              "Parent Relationship": "Outer",
              "Parallel Aware": false,
              "Startup Cost": 82434.83,
              "Total Cost": 82434.84,
              "Plan Rows": 1,
              "Plan Width": 8,
              "Actual Startup Time": 598.882,
              "Actual Total Time": 598.89,
              "Actual Rows": 1,
              "Actual Loops": 4,
              "Plans": [
                {
                  "Node Type": "Hash Join",
                  "Parent Relationship": "Outer",
                  "Parallel Aware": true,
                  "Join Type": "Inner",
                  "Startup Cost": 56340.62,
                  "Total Cost": 82202.18,
                  "Plan Rows": 93062,
                  "Plan Width": 0,
                  "Actual Startup Time": 501.745,
                  "Actual Total Time": 594.511,
                  "Actual Rows": 70962,
                  "Actual Loops": 4,
                  "Inner Unique": true,
                  "Hash Cond": "(mk.movie_id = t.id)",
                  "Plans": [
                    {
                      "Node Type": "Bitmap Heap Scan",
                      "Parent Relationship": "Outer",
                      "Parallel Aware": true,
                      "Relation Name": "movie_keyword",
                      "Alias": "mk",
                      "Startup Cost": 6120.24,
                      "Total Cost": 31737.51,
                      "Plan Rows": 93062,
                      "Plan Width": 4,
                      "Actual Startup Time": 29.257,
                      "Actual Total Time": 83.633,
                      "Actual Rows": 70962,
                      "Actual Loops": 4,
                      "Recheck Cond": "(keyword_id < 236)",
                      "Rows Removed by Index Recheck": 0,
                      "Exact Heap Blocks": 8639,
                      "Lossy Heap Blocks": 0,
                      "Plans": [
                        {
                          "Node Type": "Bitmap Index Scan",
                          "Parent Relationship": "Outer",
                          "Parallel Aware": false,
                          "Index Name": "keyword_id_movie_keyword",
                          "Startup Cost": 0.0,
                          "Total Cost": 6048.11,
                          "Plan Rows": 288491,
                          "Plan Width": 0,
                          "Actual Startup Time": 23.67,
                          "Actual Total Time": 23.673,
                          "Actual Rows": 283847,
                          "Actual Loops": 1,
                          "Index Cond": "(keyword_id < 236)"
                        }
                      ]
                    },
                    {
                      "Node Type": "Hash",
                      "Parent Relationship": "Inner",
                      "Parallel Aware": true,
                      "Startup Cost": 42319.06,
                      "Total Cost": 42319.06,
                      "Plan Rows": 632106,
                      "Plan Width": 4,
                      "Actual Startup Time": 460.891,
                      "Actual Total Time": 460.893,
                      "Actual Rows": 632078,
                      "Actual Loops": 4,
                      "Hash Buckets": 4194304,
                      "Original Hash Buckets": 4194304,
                      "Hash Batches": 1,
                      "Original Hash Batches": 1,
                      "Peak Memory Usage": 131744,
                      "Plans": [
                        {
                          "Node Type": "Seq Scan",
                          "Parent Relationship": "Outer",
                          "Parallel Aware": true,
                          "Relation Name": "title",
                          "Alias": "t",
                          "Startup Cost": 0.0,
                          "Total Cost": 42319.06,
                          "Plan Rows": 632106,
                          "Plan Width": 4,
                          "Actual Startup Time": 0.071,
                          "Actual Total Time": 151.688,
                          "Actual Rows": 632078,
                          "Actual Loops": 4
                        }
                      ]
                    }
                  ]
                }
              ]
            }
          ]
        }
      ]
    },
    "Planning Time": 0.269,
    "Triggers": [],
    "Execution Time": 653.348
  }
]