[
  {
    "Plan": {
      "Node Type": "Aggregate",
      "Strategy": "Plain",
      "Partial Mode": "Finalize",
      "Parallel Aware": false,
      "Startup Cost": 46614.59,
      "Total Cost": 46614.6,
      "Plan Rows": 1,
      "Plan Width": 8,
      "Actual Startup Time": 207.443,
      "Actual Total Time": 219.524,
      "Actual Rows": 1,
      "Actual Loops": 1,
      "Plans": [
        {
          "Node Type": "Gather",
          "Parent Relationship": "Outer",
          "Parallel Aware": false,
          "Startup Cost": 46614.27,
          "Total Cost": 46614.58,
          "Plan Rows": 3,
          "Plan Width": 8,
          "Actual Startup Time": 207.283,
          "Actual Total Time": 219.516,
          "Actual Rows": 4,
          "Actual Loops": 1,
          "Workers Planned": 3,
          "Workers Launched": 3,
          "Single Copy": false,
          "Plans": [
            {
              "Node Type": "Aggregate",
              "Strategy": "Plain",
              "Partial Mode": "Partial",
              "Parent Relationship": "Outer",
              "Parallel Aware": false,
              "Startup Cost": 45614.27,
              "Total Cost": 45614.28,
              "Plan Rows": 1,
              "Plan Width": 8,
              "Actual Startup Time": 198.974,
              "Actual Total Time": 198.975,
              "Actual Rows": 1,
              "Actual Loops": 4,
              "Plans": [
                {
                  "Node Type": "Seq Scan",
                  "Parent Relationship": "Outer",
                  "Parallel Aware": true,
                  "Relation Name": "movie_keyword",
                  "Alias": "mk",
                  "Startup Cost": 0.0,
                  "Total Cost": 42695.65,
                  "Plan Rows": 1167448,
                  "Plan Width": 0,
                  "Actual Startup Time": 0.052,
                  "Actual Total Time": 147.967,
                  "Actual Rows": 907054,
                  "Actual Loops": 4,
                  "Filter": "(keyword_id < 20602)",
                  "Rows Removed by Filter": 223928
                }
              ]
            }
          ]
        }
      ]
    },
    "Planning Time": 0.079,
    "Triggers": [],
    "Execution Time": 219.551
  }
]