{
  "Plan": {
    "Node Type": "Aggregate",
    "Strategy": "Plain",
    "Partial Mode": "Finalize",
    "Parallel Aware": false,
    "Startup Cost": 673557.91,
    "Total Cost": 673557.92,
    "Plan Rows": 1,
    "Plan Width": 8,
    "Actual Startup Time": 7893.203,
    "Actual Total Time": 7957.072,
    "Actual Rows": 1,
    "Actual Loops": 1,
    "Plans": [
      {
        "Node Type": "Gather",
        "Parent Relationship": "Outer",
        "Parallel Aware": false,
        "Startup Cost": 673557.8,
        "Total Cost": 673557.91,
        "Plan Rows": 1,
        "Plan Width": 8,
        "Actual Startup Time": 7889.726,
        "Actual Total Time": 7957.061,
        "Actual Rows": 2,
        "Actual Loops": 1,
        "Workers Planned": 1,
        "Workers Launched": 1,
        "Single Copy": false,
        "Plans": [
          {
            "Node Type": "Aggregate",
            "Strategy": "Plain",
            "Partial Mode": "Partial",
            "Parent Relationship": "Outer",
            "Parallel Aware": false,
            "Startup Cost": 672557.8,
            "Total Cost": 672557.81,
            "Plan Rows": 1,
            "Plan Width": 8,
            "Actual Startup Time": 7882.331,
            "Actual Total Time": 7882.334,
            "Actual Rows": 1,
            "Actual Loops": 2,
            "Plans": [
              {
                "Node Type": "Hash Join",
                "Parent Relationship": "Outer",
                "Parallel Aware": true,
                "Join Type": "Inner",
                "Startup Cost": 65951.41,
                "Total Cost": 640349.61,
                "Plan Rows": 12883275,
                "Plan Width": 0,
                "Actual Startup Time": 379.495,
                "Actual Total Time": 7441.985,
                "Actual Rows": 10648650,
                "Actual Loops": 2,
                "Inner Unique": true,
                "Hash Cond": "(ci.movie_id = t.id)",
                "Plans": [
                  {
                    "Node Type": "Seq Scan",
                    "Parent Relationship": "Outer",
                    "Parallel Aware": true,
                    "Relation Name": "cast_info",
                    "Alias": "ci",
                    "Startup Cost": 0.0,
                    "Total Cost": 519069.44,
                    "Plan Rows": 21077588,
                    "Plan Width": 4,
                    "Actual Startup Time": 0.017,
                    "Actual Total Time": 1685.588,
                    "Actual Rows": 17930194,
                    "Actual Loops": 2,
                    "Filter": "(person_id < 3990408)",
                    "Rows Removed by Filter": 191978
                  },
                  {
                    "Node Type": "Hash",
                    "Parent Relationship": "Inner",
                    "Parallel Aware": true,
                    "Startup Cost": 54588.39,
                    "Total Cost": 54588.39,
                    "Plan Rows": 909042,
                    "Plan Width": 4,
                    "Actual Startup Time": 364.772,
                    "Actual Total Time": 364.772,
                    "Actual Rows": 775864,
                    "Actual Loops": 2,
                    "Hash Buckets": 2097152,
                    "Original Hash Buckets": 2097152,
                    "Hash Batches": 1,
                    "Original Hash Batches": 1,
                    "Peak Memory Usage": 77120,
                    "Plans": [
                      {
                        "Node Type": "Seq Scan",
                        "Parent Relationship": "Outer",
                        "Parallel Aware": true,
                        "Relation Name": "title",
                        "Alias": "t",
                        "Startup Cost": 0.0,
                        "Total Cost": 54588.39,
                        "Plan Rows": 909042,
                        "Plan Width": 4,
                        "Actual Startup Time": 0.042,
                        "Actual Total Time": 167.196,
                        "Actual Rows": 775864,
                        "Actual Loops": 2,
                        "Filter": "(production_year < 2007)",
                        "Rows Removed by Filter": 488292
                      }
                    ]
                  }
                ]
              }
            ]
          }
        ]
      }
    ]
  },
  "Planning Time": 0.629,
  "Triggers": [],
  "Execution Time": 7957.152
}