[
  {
    "Plan": {
      "Node Type": "Aggregate",
      "Strategy": "Plain",
      "Partial Mode": "Finalize",
      "Parallel Aware": false,
      "Startup Cost": 109727.93,
      "Total Cost": 109727.94,
      "Plan Rows": 1,
      "Plan Width": 8,
      "Actual Startup Time": 388.941,
      "Actual Total Time": 410.715,
      "Actual Rows": 1,
      "Actual Loops": 1,
      "Plans": [
        {
          "Node Type": "Gather",
          "Parent Relationship": "Outer",
          "Parallel Aware": false,
          "Startup Cost": 109727.61,
          "Total Cost": 109727.92,
          "Plan Rows": 3,
          "Plan Width": 8,
          "Actual Startup Time": 385.867,
          "Actual Total Time": 410.705,
          "Actual Rows": 4,
          "Actual Loops": 1,
          "Workers Planned": 3,
          "Workers Launched": 3,
          "Single Copy": false,
          "Plans": [
            {
              "Node Type": "Aggregate",
              "Strategy": "Plain",
              "Partial Mode": "Partial",
              "Parent Relationship": "Outer",
              "Parallel Aware": false,
              "Startup Cost": 108727.61,
              "Total Cost": 108727.62,
              "Plan Rows": 1,
              "Plan Width": 8,
              "Actual Startup Time": 377.34,
              "Actual Total Time": 377.348,
              "Actual Rows": 1,
              "Actual Loops": 4,
              "Plans": [
                {
                  "Node Type": "Hash Join",
                  "Parent Relationship": "Outer",
                  "Parallel Aware": true,
                  "Join Type": "Inner",
                  "Startup Cost": 62775.78,
                  "Total Cost": 108666.52,
                  "Plan Rows": 24437,
                  "Plan Width": 0,
                  "Actual Startup Time": 204.697,
                  "Actual Total Time": 376.7,
                  "Actual Rows": 13714,
                  "Actual Loops": 4,
                  "Inner Unique": false,
                  "Hash Cond": "(mk.movie_id = t.id)",
                  "Plans": [
                    {
                      "Node Type": "Seq Scan",
                      "Parent Relationship": "Outer",
                      "Parallel Aware": true,
                      "Relation Name": "movie_keyword",
                      "Alias": "mk",
                      "Startup Cost": 0.0,
                      "Total Cost": 42695.65,
                      "Plan Rows": 824871,
                      "Plan Width": 4,
                      "Actual Startup Time": 0.203,
                      "Actual Total Time": 121.592,
                      "Actual Rows": 637796,
                      "Actual Loops": 4,
                      "Filter": "(keyword_id > 3457)",
                      "Rows Removed by Filter": 493186
                    },
                    {
                      "Node Type": "Hash",
                      "Parent Relationship": "Inner",
                      "Parallel Aware": true,
                      "Startup Cost": 62385.66,
                      "Total Cost": 62385.66,
                      "Plan Rows": 31210,
                      "Plan Width": 8,
                      "Actual Startup Time": 202.791,
                      "Actual Total Time": 202.797,
                      "Actual Rows": 9215,
                      "Actual Loops": 4,
                      "Hash Buckets": 131072,
                      "Original Hash Buckets": 131072,
                      "Hash Batches": 1,
                      "Original Hash Batches": 1,
                      "Peak Memory Usage": 2528,
                      "Plans": [
                        {
                          "Node Type": "Hash Join",
                          "Parent Relationship": "Outer",
                          "Parallel Aware": true,
                          "Join Type": "Inner",
                          "Startup Cost": 46755.71,
                          "Total Cost": 62385.66,
                          "Plan Rows": 31210,
                          "Plan Width": 8,
                          "Actual Startup Time": 136.657,
                          "Actual Total Time": 197.899,
                          "Actual Rows": 9215,
                          "Actual Loops": 4,
                          "Inner Unique": true,
                          "Hash Cond": "(mi_idx.movie_id = t.id)",
                          "Plans": [
                            {
                              "Node Type": "Seq Scan",
                              "Parent Relationship": "Outer",
                              "Parallel Aware": true,
                              "Relation Name": "movie_info_idx",
                              "Alias": "mi_idx",
                              "Startup Cost": 0.0,
                              "Total Cost": 15122.68,
                              "Plan Rows": 193243,
                              "Plan Width": 4,
                              "Actual Startup Time": 0.034,
                              "Actual Total Time": 33.423,
                              "Actual Rows": 114981,
                              "Actual Loops": 4,
                              "Filter": "(info_type_id = 101)",
                              "Rows Removed by Filter": 230028
                            },
                            {
                              "Node Type": "Hash",
                              "Parent Relationship": "Inner",
                              "Parallel Aware": true,
                              "Startup Cost": 45479.59,
                              "Total Cost": 45479.59,
                              "Plan Rows": 102090,
                              "Plan Width": 4,
                              "Actual Startup Time": 134.775,
                              "Actual Total Time": 134.776,
                              "Actual Rows": 75384,
                              "Actual Loops": 4,
                              "Hash Buckets": 524288,
                              "Original Hash Buckets": 524288,
                              "Hash Batches": 1,
                              "Original Hash Batches": 1,
                              "Peak Memory Usage": 15968,
                              "Plans": [
                                {
                                  "Node Type": "Seq Scan",
                                  "Parent Relationship": "Outer",
                                  "Parallel Aware": true,
                                  "Relation Name": "title",
                                  "Alias": "t",
                                  "Startup Cost": 0.0,
                                  "Total Cost": 45479.59,
                                  "Plan Rows": 102090,
                                  "Plan Width": 4,
                                  "Actual Startup Time": 0.047,
                                  "Actual Total Time": 105.745,
                                  "Actual Rows": 75384,
                                  "Actual Loops": 4,
                                  "Filter": "((production_year < 1990) AND (kind_id = 7))",
                                  "Rows Removed by Filter": 556694
                                }
                              ]
                            }
                          ]
                        }
                      ]
                    }
                  ]
                }
              ]
            }
          ]
        }
      ]
    },
    "Planning Time": 1.151,
    "Triggers": [],
    "Execution Time": 410.79
  }
]