[
  {
    "Plan": {
      "Node Type": "Aggregate",
      "Strategy": "Plain",
      "Partial Mode": "Finalize",
      "Parallel Aware": false,
      "Startup Cost": 33254.31,
      "Total Cost": 33254.32,
      "Plan Rows": 1,
      "Plan Width": 8,
      "Actual Startup Time": 119.609,
      "Actual Total Time": 127.225,
      "Actual Rows": 1,
      "Actual Loops": 1,
      "Plans": [
        {
          "Node Type": "Gather",
          "Parent Relationship": "Outer",
          "Parallel Aware": false,
          "Startup Cost": 33253.99,
          "Total Cost": 33254.3,
          "Plan Rows": 3,
          "Plan Width": 8,
          "Actual Startup Time": 119.271,
          "Actual Total Time": 127.213,
          "Actual Rows": 4,
          "Actual Loops": 1,
          "Workers Planned": 3,
          "Workers Launched": 3,
          "Single Copy": false,
          "Plans": [
            {
              "Node Type": "Aggregate",
              "Strategy": "Plain",
              "Partial Mode": "Partial",
              "Parent Relationship": "Outer",
              "Parallel Aware": false,
              "Startup Cost": 32253.99,
              "Total Cost": 32254.0,
              "Plan Rows": 1,
              "Plan Width": 8,
              "Actual Startup Time": 110.156,
              "Actual Total Time": 110.159,
              "Actual Rows": 1,
              "Actual Loops": 4,
              "Plans": [
                {
                  "Node Type": "Bitmap Heap Scan",
                  "Parent Relationship": "Outer",
                  "Parallel Aware": true,
                  "Relation Name": "movie_keyword",
                  "Alias": "mk",
                  "Startup Cost": 6351.86,
                  "Total Cost": 32012.64,
                  "Plan Rows": 96542,
                  "Plan Width": 0,
                  "Actual Startup Time": 37.653,
                  "Actual Total Time": 104.523,
                  "Actual Rows": 75768,
                  "Actual Loops": 4,
                  "Recheck Cond": "(keyword_id > 53512)",
                  "Rows Removed by Index Recheck": 0,
                  "Exact Heap Blocks": 8392,
                  "Lossy Heap Blocks": 0,
                  "Plans": [
                    {
                      "Node Type": "Bitmap Index Scan",
                      "Parent Relationship": "Outer",
                      "Parallel Aware": false,
                      "Index Name": "keyword_id_movie_keyword",
                      "Startup Cost": 0.0,
                      "Total Cost": 6277.04,
                      "Plan Rows": 299281,
                      "Plan Width": 0,
                      "Actual Startup Time": 40.869,
                      "Actual Total Time": 40.869,
                      "Actual Rows": 303070,
                      "Actual Loops": 1,
                      "Index Cond": "(keyword_id > 53512)"
                    }
                  ]
                }
              ]
            }
          ]
        }
      ]
    },
    "Planning Time": 0.196,
    "Triggers": [],
    "Execution Time": 127.309
  }
]