[
    {
        "Bao": {
            "Bao prediction": "NaN",
            "Bao recommended hint": "(no hint)"
        }
    },
    {
        "Plan": {
            "Node Type": "Aggregate",
            "Strategy": "Plain",
            "Partial Mode": "Finalize",
            "Parallel Aware": false,
            "Startup Cost": 287764.67,
            "Total Cost": 287764.68,
            "Plan Rows": 1,
            "Plan Width": 8,
            "Actual Startup Time": 112.628,
            "Actual Total Time": 116.063,
            "Actual Rows": 1,
            "Actual Loops": 1,
            "Output": [
                "count(*)"
            ],
            "Plans": [
                {
                    "Node Type": "Gather",
                    "Parent Relationship": "Outer",
                    "Parallel Aware": false,
                    "Startup Cost": 287764.04,
                    "Total Cost": 287764.65,
                    "Plan Rows": 6,
                    "Plan Width": 8,
                    "Actual Startup Time": 112.113,
                    "Actual Total Time": 116.057,
                    "Actual Rows": 7,
                    "Actual Loops": 1,
                    "Output": [
                        "(PARTIAL count(*))"
                    ],
                    "Workers Planned": 6,
                    "Workers Launched": 6,
                    "Single Copy": false,
                    "Plans": [
                        {
                            "Node Type": "Aggregate",
                            "Strategy": "Plain",
                            "Partial Mode": "Partial",
                            "Parent Relationship": "Outer",
                            "Parallel Aware": false,
                            "Startup Cost": 286764.04,
                            "Total Cost": 286764.05,
                            "Plan Rows": 1,
                            "Plan Width": 8,
                            "Actual Startup Time": 102.179,
                            "Actual Total Time": 102.181,
                            "Actual Rows": 1,
                            "Actual Loops": 7,
                            "Output": [
                                "PARTIAL count(*)"
                            ],
                            "Workers": [
                                {
                                    "Worker Number": 0,
                                    "Actual Startup Time": 99.903,
                                    "Actual Total Time": 99.904,
                                    "Actual Rows": 1,
                                    "Actual Loops": 1
                                },
                                {
                                    "Worker Number": 1,
                                    "Actual Startup Time": 100.124,
                                    "Actual Total Time": 100.125,
                                    "Actual Rows": 1,
                                    "Actual Loops": 1
                                },
                                {
                                    "Worker Number": 2,
                                    "Actual Startup Time": 100.423,
                                    "Actual Total Time": 100.424,
                                    "Actual Rows": 1,
                                    "Actual Loops": 1
                                },
                                {
                                    "Worker Number": 3,
                                    "Actual Startup Time": 100.489,
                                    "Actual Total Time": 100.491,
                                    "Actual Rows": 1,
                                    "Actual Loops": 1
                                },
                                {
                                    "Worker Number": 4,
                                    "Actual Startup Time": 101.168,
                                    "Actual Total Time": 101.169,
                                    "Actual Rows": 1,
                                    "Actual Loops": 1
                                },
                                {
                                    "Worker Number": 5,
                                    "Actual Startup Time": 101.366,
                                    "Actual Total Time": 101.366,
                                    "Actual Rows": 1,
                                    "Actual Loops": 1
                                }
                            ],
                            "Plans": [
                                {
                                    "Node Type": "Bitmap Heap Scan",
                                    "Parent Relationship": "Outer",
                                    "Parallel Aware": true,
                                    "Relation Name": "cast_info",
                                    "Schema": "public",
                                    "Alias": "ci",
                                    "Startup Cost": 30414.96,
                                    "Total Cost": 286572.43,
                                    "Plan Rows": 76644,
                                    "Plan Width": 0,
                                    "Actual Startup Time": 88.061,
                                    "Actual Total Time": 100.405,
                                    "Actual Rows": 40420,
                                    "Actual Loops": 7,
                                    "Recheck Cond": "(ci.person_id < 141494)",
                                    "Rows Removed by Index Recheck": 0,
                                    "Filter": "(ci.role_id > 3)",
                                    "Rows Removed by Filter": 160938,
                                    "Exact Heap Blocks": 4302,
                                    "Lossy Heap Blocks": 0,
                                    "Workers": [
                                        {
                                            "Worker Number": 0,
                                            "Actual Startup Time": 85.782,
                                            "Actual Total Time": 98.195,
                                            "Actual Rows": 39822,
                                            "Actual Loops": 1
                                        },
                                        {
                                            "Worker Number": 1,
                                            "Actual Startup Time": 86.013,
                                            "Actual Total Time": 98.41,
                                            "Actual Rows": 39608,
                                            "Actual Loops": 1
                                        },
                                        {
                                            "Worker Number": 2,
                                            "Actual Startup Time": 86.3,
                                            "Actual Total Time": 98.672,
                                            "Actual Rows": 35532,
                                            "Actual Loops": 1
                                        },
                                        {
                                            "Worker Number": 3,
                                            "Actual Startup Time": 86.392,
                                            "Actual Total Time": 98.78,
                                            "Actual Rows": 34667,
                                            "Actual Loops": 1
                                        },
                                        {
                                            "Worker Number": 4,
                                            "Actual Startup Time": 87.042,
                                            "Actual Total Time": 99.468,
                                            "Actual Rows": 39760,
                                            "Actual Loops": 1
                                        },
                                        {
                                            "Worker Number": 5,
                                            "Actual Startup Time": 87.244,
                                            "Actual Total Time": 99.659,
                                            "Actual Rows": 39976,
                                            "Actual Loops": 1
                                        }
                                    ],
                                    "Plans": [
                                        {
                                            "Node Type": "Bitmap Index Scan",
                                            "Parent Relationship": "Outer",
                                            "Parallel Aware": false,
                                            "Index Name": "person_id_cast_info",
                                            "Startup Cost": 0.0,
                                            "Total Cost": 30299.99,
                                            "Plan Rows": 1388190,
                                            "Plan Width": 0,
                                            "Actual Startup Time": 50.109,
                                            "Actual Total Time": 50.11,
                                            "Actual Rows": 1409503,
                                            "Actual Loops": 1,
                                            "Index Cond": "(ci.person_id < 141494)"
                                        }
                                    ]
                                }
                            ]
                        }
                    ]
                }
            ]
        },
        "Planning Time": 181.888,
        "Triggers": [],
        "Execution Time": 116.112
    }
]