[
  {
    "Plan": {
      "Node Type": "Aggregate",
      "Strategy": "Plain",
      "Partial Mode": "Finalize",
      "Parallel Aware": false,
      "Startup Cost": 188103.38,
      "Total Cost": 188103.39,
      "Plan Rows": 1,
      "Plan Width": 8,
      "Actual Startup Time": 418.004,
      "Actual Total Time": 454.53,
      "Actual Rows": 1,
      "Actual Loops": 1,
      "Plans": [
        {
          "Node Type": "Gather",
          "Parent Relationship": "Outer",
          "Parallel Aware": false,
          "Startup Cost": 188103.06,
          "Total Cost": 188103.37,
          "Plan Rows": 3,
          "Plan Width": 8,
          "Actual Startup Time": 415.174,
          "Actual Total Time": 454.521,
          "Actual Rows": 4,
          "Actual Loops": 1,
          "Workers Planned": 3,
          "Workers Launched": 3,
          "Single Copy": false,
          "Plans": [
            {
              "Node Type": "Aggregate",
              "Strategy": "Plain",
              "Partial Mode": "Partial",
              "Parent Relationship": "Outer",
              "Parallel Aware": false,
              "Startup Cost": 187103.06,
              "Total Cost": 187103.07,
              "Plan Rows": 1,
              "Plan Width": 8,
              "Actual Startup Time": 408.013,
              "Actual Total Time": 408.017,
              "Actual Rows": 1,
              "Actual Loops": 4,
              "Plans": [
                {
                  "Node Type": "Nested Loop",
                  "Parent Relationship": "Outer",
                  "Parallel Aware": false,
                  "Join Type": "Inner",
                  "Startup Cost": 46342.11,
                  "Total Cost": 186506.83,
                  "Plan Rows": 238491,
                  "Plan Width": 0,
                  "Actual Startup Time": 202.798,
                  "Actual Total Time": 401.398,
                  "Actual Rows": 124422,
                  "Actual Loops": 4,
                  "Inner Unique": false,
                  "Plans": [
                    {
                      "Node Type": "Hash Join",
                      "Parent Relationship": "Outer",
                      "Parallel Aware": true,
                      "Join Type": "Inner",
                      "Startup Cost": 46341.67,
                      "Total Cost": 78101.42,
                      "Plan Rows": 40617,
                      "Plan Width": 8,
                      "Actual Startup Time": 202.688,
                      "Actual Total Time": 258.472,
                      "Actual Rows": 12432,
                      "Actual Loops": 4,
                      "Inner Unique": true,
                      "Hash Cond": "(mc.movie_id = t.id)",
                      "Plans": [
                        {
                          "Node Type": "Seq Scan",
                          "Parent Relationship": "Outer",
                          "Parallel Aware": true,
                          "Relation Name": "movie_companies",
                          "Alias": "mc",
                          "Startup Cost": 0.0,
                          "Total Cost": 31414.82,
                          "Plan Rows": 131402,
                          "Plan Width": 4,
                          "Actual Startup Time": 32.221,
                          "Actual Total Time": 62.61,
                          "Actual Rows": 57724,
                          "Actual Loops": 4,
                          "Filter": "((company_id < 1723) AND (company_type_id = 2))",
                          "Rows Removed by Filter": 594558
                        },
                        {
                          "Node Type": "Hash",
                          "Parent Relationship": "Inner",
                          "Parallel Aware": true,
                          "Startup Cost": 43899.32,
                          "Total Cost": 43899.32,
                          "Plan Rows": 195388,
                          "Plan Width": 4,
                          "Actual Startup Time": 167.57,
                          "Actual Total Time": 167.571,
                          "Actual Rows": 196232,
                          "Actual Loops": 4,
                          "Hash Buckets": 1048576,
                          "Original Hash Buckets": 1048576,
                          "Hash Batches": 1,
                          "Original Hash Batches": 1,
                          "Peak Memory Usage": 38976,
                          "Plans": [
                            {
                              "Node Type": "Seq Scan",
                              "Parent Relationship": "Outer",
                              "Parallel Aware": true,
                              "Relation Name": "title",
                              "Alias": "t",
                              "Startup Cost": 0.0,
                              "Total Cost": 43899.32,
                              "Plan Rows": 195388,
                              "Plan Width": 4,
                              "Actual Startup Time": 0.041,
                              "Actual Total Time": 101.623,
                              "Actual Rows": 196232,
                              "Actual Loops": 4,
                              "Filter": "(production_year > 2007)",
                              "Rows Removed by Filter": 435846
                            }
                          ]
                        }
                      ]
                    },
                    {
                      "Node Type": "Index Only Scan",
                      "Parent Relationship": "Inner",
                      "Parallel Aware": false,
                      "Scan Direction": "Forward",
                      "Index Name": "movie_id_movie_info",
                      "Relation Name": "movie_info",
                      "Alias": "mi",
                      "Startup Cost": 0.43,
                      "Total Cost": 2.26,
                      "Plan Rows": 41,
                      "Plan Width": 4,
                      "Actual Startup Time": 0.004,
                      "Actual Total Time": 0.01,
                      "Actual Rows": 10,
                      "Actual Loops": 49727,
                      "Index Cond": "(movie_id = t.id)",
                      "Rows Removed by Index Recheck": 0,
                      "Heap Fetches": 497689
                    }
                  ]
                }
              ]
            }
          ]
        }
      ]
    },
    "Planning Time": 0.592,
    "Triggers": [],
    "Execution Time": 454.584
  }
]