[
  {
    "Plan": {
      "Node Type": "Aggregate",
      "Strategy": "Plain",
      "Partial Mode": "Finalize",
      "Parallel Aware": false,
      "Startup Cost": 46555.04,
      "Total Cost": 46555.05,
      "Plan Rows": 1,
      "Plan Width": 8,
      "Actual Startup Time": 180.981,
      "Actual Total Time": 190.683,
      "Actual Rows": 1,
      "Actual Loops": 1,
      "Plans": [
        {
          "Node Type": "Gather",
          "Parent Relationship": "Outer",
          "Parallel Aware": false,
          "Startup Cost": 46554.72,
          "Total Cost": 46555.03,
          "Plan Rows": 3,
          "Plan Width": 8,
          "Actual Startup Time": 180.847,
          "Actual Total Time": 190.673,
          "Actual Rows": 4,
          "Actual Loops": 1,
          "Workers Planned": 3,
          "Workers Launched": 3,
          "Single Copy": false,
          "Plans": [
            {
              "Node Type": "Aggregate",
              "Strategy": "Plain",
              "Partial Mode": "Partial",
              "Parent Relationship": "Outer",
              "Parallel Aware": false,
              "Startup Cost": 45554.72,
              "Total Cost": 45554.73,
              "Plan Rows": 1,
              "Plan Width": 8,
              "Actual Startup Time": 173.169,
              "Actual Total Time": 173.17,
              "Actual Rows": 1,
              "Actual Loops": 4,
              "Plans": [
                {
                  "Node Type": "Seq Scan",
                  "Parent Relationship": "Outer",
                  "Parallel Aware": true,
                  "Relation Name": "movie_keyword",
                  "Alias": "mk",
                  "Startup Cost": 0.0,
                  "Total Cost": 42695.65,
                  "Plan Rows": 1143627,
                  "Plan Width": 0,
                  "Actual Startup Time": 0.056,
                  "Actual Total Time": 130.749,
                  "Actual Rows": 887922,
                  "Actual Loops": 4,
                  "Filter": "(keyword_id < 19405)",
                  "Rows Removed by Filter": 243060
                }
              ]
            }
          ]
        }
      ]
    },
    "Planning Time": 0.162,
    "Triggers": [],
    "Execution Time": 190.729
  }
]