[
  {
    "Plan": {
      "Node Type": "Aggregate",
      "Strategy": "Plain",
      "Partial Mode": "Finalize",
      "Parallel Aware": false,
      "Startup Cost": 20921.93,
      "Total Cost": 20921.94,
      "Plan Rows": 1,
      "Plan Width": 68,
      "Actual Startup Time": 97.316,
      "Actual Total Time": 100.55,
      "Actual Rows": 1,
      "Actual Loops": 1,
      "Plans": [
        {
          "Node Type": "Gather",
          "Parent Relationship": "Outer",
          "Parallel Aware": false,
          "Startup Cost": 20921.71,
          "Total Cost": 20921.92,
          "Plan Rows": 2,
          "Plan Width": 68,
          "Actual Startup Time": 95.985,
          "Actual Total Time": 100.538,
          "Actual Rows": 3,
          "Actual Loops": 1,
          "Workers Planned": 2,
          "Workers Launched": 2,
          "Single Copy": false,
          "Plans": [
            {
              "Node Type": "Aggregate",
              "Strategy": "Plain",
              "Partial Mode": "Partial",
              "Parent Relationship": "Outer",
              "Parallel Aware": false,
              "Startup Cost": 19921.71,
              "Total Cost": 19921.72,
              "Plan Rows": 1,
              "Plan Width": 68,
              "Actual Startup Time": 90.036,
              "Actual Total Time": 90.042,
              "Actual Rows": 1,
              "Actual Loops": 3,
              "Plans": [
                {
                  "Node Type": "Hash Join",
                  "Parent Relationship": "Outer",
                  "Parallel Aware": false,
                  "Join Type": "Inner",
                  "Startup Cost": 4.35,
                  "Total Cost": 19909.17,
                  "Plan Rows": 1671,
                  "Plan Width": 45,
                  "Actual Startup Time": 89.99,
                  "Actual Total Time": 90.033,
                  "Actual Rows": 1,
                  "Actual Loops": 3,
                  "Inner Unique": true,
                  "Hash Cond": "(mc.company_type_id = ct.id)",
                  "Plans": [
                    {
                      "Node Type": "Nested Loop",
                      "Parent Relationship": "Outer",
                      "Parallel Aware": false,
                      "Join Type": "Inner",
                      "Startup Cost": 3.29,
                      "Total Cost": 19871.97,
                      "Plan Rows": 6685,
                      "Plan Width": 49,
                      "Actual Startup Time": 89.479,
                      "Actual Total Time": 89.771,
                      "Actual Rows": 26,
                      "Actual Loops": 3,
                      "Inner Unique": false,
                      "Join Filter": "(t.id = mc.movie_id)",
                      "Rows Removed by Join Filter": 0,
                      "Plans": [
                        {
                          "Node Type": "Nested Loop",
                          "Parent Relationship": "Outer",
                          "Parallel Aware": false,
                          "Join Type": "Inner",
                          "Startup Cost": 2.86,
                          "Total Cost": 18220.15,
                          "Plan Rows": 2543,
                          "Plan Width": 29,
                          "Actual Startup Time": 89.439,
                          "Actual Total Time": 89.577,
                          "Actual Rows": 2,
                          "Actual Loops": 3,
                          "Inner Unique": true,
                          "Plans": [
                            {
                              "Node Type": "Hash Join",
                              "Parent Relationship": "Outer",
                              "Parallel Aware": false,
                              "Join Type": "Inner",
                              "Startup Cost": 2.43,
                              "Total Cost": 15253.6,
                              "Plan Rows": 5089,
                              "Plan Width": 4,
                              "Actual Startup Time": 89.367,
                              "Actual Total Time": 89.372,
                              "Actual Rows": 3,
                              "Actual Loops": 3,
                              "Inner Unique": true,
                              "Hash Cond": "(mi_idx.info_type_id = it.id)",
                              "Plans": [
                                {
                                  "Node Type": "Seq Scan",
                                  "Parent Relationship": "Outer",
                                  "Parallel Aware": true,
                                  "Relation Name": "movie_info_idx",
                                  "Alias": "mi_idx",
                                  "Startup Cost": 0.0,
                                  "Total Cost": 13685.15,
                                  "Plan Rows": 575015,
                                  "Plan Width": 8,
                                  "Actual Startup Time": 0.031,
                                  "Actual Total Time": 49.369,
                                  "Actual Rows": 460012,
                                  "Actual Loops": 3
                                },
                                {
                                  "Node Type": "Hash",
                                  "Parent Relationship": "Inner",
                                  "Parallel Aware": false,
                                  "Startup Cost": 2.41,
                                  "Total Cost": 2.41,
                                  "Plan Rows": 1,
                                  "Plan Width": 4,
                                  "Actual Startup Time": 0.047,
                                  "Actual Total Time": 0.048,
                                  "Actual Rows": 1,
                                  "Actual Loops": 3,
                                  "Hash Buckets": 1024,
                                  "Original Hash Buckets": 1024,
                                  "Hash Batches": 1,
                                  "Original Hash Batches": 1,
                                  "Peak Memory Usage": 9,
                                  "Plans": [
                                    {
                                      "Node Type": "Seq Scan",
                                      "Parent Relationship": "Outer",
                                      "Parallel Aware": false,
                                      "Relation Name": "info_type",
                                      "Alias": "it",
                                      "Startup Cost": 0.0,
                                      "Total Cost": 2.41,
                                      "Plan Rows": 1,
                                      "Plan Width": 4,
                                      "Actual Startup Time": 0.037,
                                      "Actual Total Time": 0.038,
                                      "Actual Rows": 1,
                                      "Actual Loops": 3,
                                      "Filter": "((info)::text = 'bottom 10 rank'::text)",
                                      "Rows Removed by Filter": 112
                                    }
                                  ]
                                }
                              ]
                            },
                            {
                              "Node Type": "Index Scan",
                              "Parent Relationship": "Inner",
                              "Parallel Aware": false,
                              "Scan Direction": "Forward",
                              "Index Name": "title_pkey",
                              "Relation Name": "title",
                              "Alias": "t",
                              "Startup Cost": 0.43,
                              "Total Cost": 0.58,
                              "Plan Rows": 1,
                              "Plan Width": 25,
                              "Actual Startup Time": 0.059,
                              "Actual Total Time": 0.059,
                              "Actual Rows": 1,
                              "Actual Loops": 10,
                              "Index Cond": "(id = mi_idx.movie_id)",
                              "Rows Removed by Index Recheck": 0,
                              "Filter": "((production_year >= 2003) AND (production_year <= 2013))",
                              "Rows Removed by Filter": 0
                            }
                          ]
                        },
                        {
                          "Node Type": "Index Scan",
                          "Parent Relationship": "Inner",
                          "Parallel Aware": false,
                          "Scan Direction": "Forward",
                          "Index Name": "movie_id_movie_companies",
                          "Relation Name": "movie_companies",
                          "Alias": "mc",
                          "Startup Cost": 0.43,
                          "Total Cost": 0.61,
                          "Plan Rows": 3,
                          "Plan Width": 32,
                          "Actual Startup Time": 0.065,
                          "Actual Total Time": 0.093,
                          "Actual Rows": 13,
                          "Actual Loops": 6,
                          "Index Cond": "(movie_id = mi_idx.movie_id)",
                          "Rows Removed by Index Recheck": 0,
                          "Filter": "(note !~~ '%(as Metro-Goldwyn-Mayer Pictures)%'::text)",
                          "Rows Removed by Filter": 2
                        }
                      ]
                    },
                    {
                      "Node Type": "Hash",
                      "Parent Relationship": "Inner",
                      "Parallel Aware": false,
                      "Startup Cost": 1.05,
                      "Total Cost": 1.05,
                      "Plan Rows": 1,
                      "Plan Width": 4,
                      "Actual Startup Time": 0.053,
                      "Actual Total Time": 0.053,
                      "Actual Rows": 1,
                      "Actual Loops": 3,
                      "Hash Buckets": 1024,
                      "Original Hash Buckets": 1024,
                      "Hash Batches": 1,
                      "Original Hash Batches": 1,
                      "Peak Memory Usage": 9,
                      "Plans": [
                        {
                          "Node Type": "Seq Scan",
                          "Parent Relationship": "Outer",
                          "Parallel Aware": false,
                          "Relation Name": "company_type",
                          "Alias": "ct",
                          "Startup Cost": 0.0,
                          "Total Cost": 1.05,
                          "Plan Rows": 1,
                          "Plan Width": 4,
                          "Actual Startup Time": 0.031,
                          "Actual Total Time": 0.034,
                          "Actual Rows": 1,
                          "Actual Loops": 3,
                          "Filter": "((kind)::text = 'production companies'::text)",
                          "Rows Removed by Filter": 3
                        }
                      ]
                    }
                  ]
                }
              ]
            }
          ]
        }
      ]
    },
    "Planning Time": 7.372,
    "Triggers": [],
    "Execution Time": 100.973
  }
]