[
  {
    "Plan": {
      "Node Type": "Aggregate",
      "Strategy": "Plain",
      "Partial Mode": "Finalize",
      "Parallel Aware": false,
      "Startup Cost": 46825.93,
      "Total Cost": 46825.94,
      "Plan Rows": 1,
      "Plan Width": 8,
      "Actual Startup Time": 202.441,
      "Actual Total Time": 214.798,
      "Actual Rows": 1,
      "Actual Loops": 1,
      "Plans": [
        {
          "Node Type": "Gather",
          "Parent Relationship": "Outer",
          "Parallel Aware": false,
          "Startup Cost": 46825.62,
          "Total Cost": 46825.93,
          "Plan Rows": 3,
          "Plan Width": 8,
          "Actual Startup Time": 202.331,
          "Actual Total Time": 214.79,
          "Actual Rows": 4,
          "Actual Loops": 1,
          "Workers Planned": 3,
          "Workers Launched": 3,
          "Single Copy": false,
          "Plans": [
            {
              "Node Type": "Aggregate",
              "Strategy": "Plain",
              "Partial Mode": "Partial",
              "Parent Relationship": "Outer",
              "Parallel Aware": false,
              "Startup Cost": 45825.62,
              "Total Cost": 45825.63,
              "Plan Rows": 1,
              "Plan Width": 8,
              "Actual Startup Time": 193.786,
              "Actual Total Time": 193.787,
              "Actual Rows": 1,
              "Actual Loops": 4,
              "Plans": [
                {
                  "Node Type": "Seq Scan",
                  "Parent Relationship": "Outer",
                  "Parallel Aware": true,
                  "Relation Name": "movie_keyword",
                  "Alias": "mk",
                  "Startup Cost": 0.0,
                  "Total Cost": 42695.65,
                  "Plan Rows": 1251985,
                  "Plan Width": 0,
                  "Actual Startup Time": 0.064,
                  "Actual Total Time": 142.073,
                  "Actual Rows": 974057,
                  "Actual Loops": 4,
                  "Filter": "(keyword_id < 29253)",
                  "Rows Removed by Filter": 156925
                }
              ]
            }
          ]
        }
      ]
    },
    "Planning Time": 0.179,
    "Triggers": [],
    "Execution Time": 214.856
  }
]