{
  "Plan": {
    "Node Type": "Aggregate",
    "Strategy": "Plain",
    "Partial Mode": "Finalize",
    "Parallel Aware": false,
    "Startup Cost": 283464.07,
    "Total Cost": 283464.08,
    "Plan Rows": 1,
    "Plan Width": 8,
    "Actual Startup Time": 865.496,
    "Actual Total Time": 935.524,
    "Actual Rows": 1,
    "Actual Loops": 1,
    "Plans": [
      {
        "Node Type": "Gather",
        "Parent Relationship": "Outer",
        "Parallel Aware": false,
        "Startup Cost": 283463.96,
        "Total Cost": 283464.07,
        "Plan Rows": 1,
        "Plan Width": 8,
        "Actual Startup Time": 864.196,
        "Actual Total Time": 935.512,
        "Actual Rows": 2,
        "Actual Loops": 1,
        "Workers Planned": 1,
        "Workers Launched": 1,
        "Single Copy": false,
        "Plans": [
          {
            "Node Type": "Aggregate",
            "Strategy": "Plain",
            "Partial Mode": "Partial",
            "Parent Relationship": "Outer",
            "Parallel Aware": false,
            "Startup Cost": 282463.96,
            "Total Cost": 282463.97,
            "Plan Rows": 1,
            "Plan Width": 8,
            "Actual Startup Time": 859.485,
            "Actual Total Time": 859.65,
            "Actual Rows": 1,
            "Actual Loops": 2,
            "Plans": [
              {
                "Node Type": "Nested Loop",
                "Parent Relationship": "Outer",
                "Parallel Aware": false,
                "Join Type": "Inner",
                "Startup Cost": 62098.8,
                "Total Cost": 282339.84,
                "Plan Rows": 49649,
                "Plan Width": 0,
                "Actual Startup Time": 209.563,
                "Actual Total Time": 836.738,
                "Actual Rows": 522588,
                "Actual Loops": 2,
                "Inner Unique": false,
                "Plans": [
                  {
                    "Node Type": "Hash Join",
                    "Parent Relationship": "Outer",
                    "Parallel Aware": true,
                    "Join Type": "Inner",
                    "Startup Cost": 62098.24,
                    "Total Cost": 227150.93,
                    "Plan Rows": 5442,
                    "Plan Width": 8,
                    "Actual Startup Time": 209.405,
                    "Actual Total Time": 243.491,
                    "Actual Rows": 17422,
                    "Actual Loops": 2,
                    "Inner Unique": true,
                    "Hash Cond": "(mi.movie_id = t.id)",
                    "Plans": [
                      {
                        "Node Type": "Bitmap Heap Scan",
                        "Parent Relationship": "Outer",
                        "Parallel Aware": true,
                        "Relation Name": "movie_info",
                        "Alias": "mi",
                        "Startup Cost": 2584.16,
                        "Total Cost": 167416.95,
                        "Plan Rows": 83774,
                        "Plan Width": 4,
                        "Actual Startup Time": 8.67,
                        "Actual Total Time": 17.885,
                        "Actual Rows": 70032,
                        "Actual Loops": 2,
                        "Recheck Cond": "(info_type_id = 9)",
                        "Rows Removed by Index Recheck": 0,
                        "Exact Heap Blocks": 1042,
                        "Lossy Heap Blocks": 0,
                        "Plans": [
                          {
                            "Node Type": "Bitmap Index Scan",
                            "Parent Relationship": "Outer",
                            "Parallel Aware": false,
                            "Index Name": "info_type_id_movie_info",
                            "Startup Cost": 0.0,
                            "Total Cost": 2548.55,
                            "Plan Rows": 142416,
                            "Plan Width": 0,
                            "Actual Startup Time": 8.415,
                            "Actual Total Time": 8.416,
                            "Actual Rows": 140065,
                            "Actual Loops": 1,
                            "Index Cond": "(info_type_id = 9)"
                          }
                        ]
                      },
                      {
                        "Node Type": "Hash",
                        "Parent Relationship": "Inner",
                        "Parallel Aware": true,
                        "Startup Cost": 58306.47,
                        "Total Cost": 58306.47,
                        "Plan Rows": 96609,
                        "Plan Width": 4,
                        "Actual Startup Time": 197.586,
                        "Actual Total Time": 197.586,
                        "Actual Rows": 149904,
                        "Actual Loops": 2,
                        "Hash Buckets": 524288,
                        "Original Hash Buckets": 262144,
                        "Hash Batches": 1,
                        "Original Hash Batches": 1,
                        "Peak Memory Usage": 17888,
                        "Plans": [
                          {
                            "Node Type": "Seq Scan",
                            "Parent Relationship": "Outer",
                            "Parallel Aware": true,
                            "Relation Name": "title",
                            "Alias": "t",
                            "Startup Cost": 0.0,
                            "Total Cost": 58306.47,
                            "Plan Rows": 96609,
                            "Plan Width": 4,
                            "Actual Startup Time": 0.112,
                            "Actual Total Time": 150.249,
                            "Actual Rows": 149904,
                            "Actual Loops": 2,
                            "Filter": "((kind_id < 4) AND (production_year < 1979))",
                            "Rows Removed by Filter": 1114252
                          }
                        ]
                      }
                    ]
                  },
                  {
                    "Node Type": "Index Scan",
                    "Parent Relationship": "Inner",
                    "Parallel Aware": false,
                    "Scan Direction": "Forward",
                    "Index Name": "movie_id_cast_info",
                    "Relation Name": "cast_info",
                    "Alias": "ci",
                    "Startup Cost": 0.56,
                    "Total Cost": 9.91,
                    "Plan Rows": 23,
                    "Plan Width": 4,
                    "Actual Startup Time": 0.005,
                    "Actual Total Time": 0.032,
                    "Actual Rows": 30,
                    "Actual Loops": 34844,
                    "Index Cond": "(movie_id = t.id)",
                    "Rows Removed by Index Recheck": 0,
                    "Filter": "(person_id < 2363999)",
                    "Rows Removed by Filter": 8
                  }
                ]
              }
            ]
          }
        ]
      }
    ]
  },
  "Planning Time": 1.011,
  "Triggers": [],
  "Execution Time": 935.659
}