[
    {
        "Bao": {
            "Bao prediction": 412.571,
            "Bao recommended hint": "SET enable_mergejoin TO off; "
        }
    },
    {
        "Plan": {
            "Node Type": "Aggregate",
            "Strategy": "Plain",
            "Partial Mode": "Finalize",
            "Parallel Aware": false,
            "Startup Cost": 46493.2,
            "Total Cost": 46493.21,
            "Plan Rows": 1,
            "Plan Width": 8,
            "Actual Startup Time": 91.506,
            "Actual Total Time": 98.007,
            "Actual Rows": 1,
            "Actual Loops": 1,
            "Output": [
                "count(*)"
            ],
            "Plans": [
                {
                    "Node Type": "Gather",
                    "Parent Relationship": "Outer",
                    "Parallel Aware": false,
                    "Startup Cost": 46492.78,
                    "Total Cost": 46493.19,
                    "Plan Rows": 4,
                    "Plan Width": 8,
                    "Actual Startup Time": 91.394,
                    "Actual Total Time": 97.999,
                    "Actual Rows": 5,
                    "Actual Loops": 1,
                    "Output": [
                        "(PARTIAL count(*))"
                    ],
                    "Workers Planned": 4,
                    "Workers Launched": 4,
                    "Single Copy": false,
                    "Plans": [
                        {
                            "Node Type": "Aggregate",
                            "Strategy": "Plain",
                            "Partial Mode": "Partial",
                            "Parent Relationship": "Outer",
                            "Parallel Aware": false,
                            "Startup Cost": 45492.78,
                            "Total Cost": 45492.79,
                            "Plan Rows": 1,
                            "Plan Width": 8,
                            "Actual Startup Time": 82.898,
                            "Actual Total Time": 82.899,
                            "Actual Rows": 1,
                            "Actual Loops": 5,
                            "Output": [
                                "PARTIAL count(*)"
                            ],
                            "Workers": [
                                {
                                    "Worker Number": 0,
                                    "Actual Startup Time": 80.587,
                                    "Actual Total Time": 80.589,
                                    "Actual Rows": 1,
                                    "Actual Loops": 1
                                },
                                {
                                    "Worker Number": 1,
                                    "Actual Startup Time": 81.098,
                                    "Actual Total Time": 81.099,
                                    "Actual Rows": 1,
                                    "Actual Loops": 1
                                },
                                {
                                    "Worker Number": 2,
                                    "Actual Startup Time": 80.804,
                                    "Actual Total Time": 80.805,
                                    "Actual Rows": 1,
                                    "Actual Loops": 1
                                },
                                {
                                    "Worker Number": 3,
                                    "Actual Startup Time": 81.342,
                                    "Actual Total Time": 81.343,
                                    "Actual Rows": 1,
                                    "Actual Loops": 1
                                }
                            ],
                            "Plans": [
                                {
                                    "Node Type": "Seq Scan",
                                    "Parent Relationship": "Outer",
                                    "Parallel Aware": true,
                                    "Relation Name": "title",
                                    "Schema": "public",
                                    "Alias": "t",
                                    "Startup Cost": 0.0,
                                    "Total Cost": 45479.21,
                                    "Plan Rows": 5429,
                                    "Plan Width": 0,
                                    "Actual Startup Time": 0.046,
                                    "Actual Total Time": 82.242,
                                    "Actual Rows": 5197,
                                    "Actual Loops": 5,
                                    "Output": [
                                        "id",
                                        "title",
                                        "imdb_index",
                                        "kind_id",
                                        "production_year",
                                        "imdb_id",
                                        "phonetic_code",
                                        "episode_of_id",
                                        "season_nr",
                                        "episode_nr",
                                        "series_years",
                                        "md5sum"
                                    ],
                                    "Filter": "((t.kind_id > 6) AND (t.production_year = 1997))",
                                    "Rows Removed by Filter": 500465,
                                    "Workers": [
                                        {
                                            "Worker Number": 0,
                                            "Actual Startup Time": 0.05,
                                            "Actual Total Time": 79.947,
                                            "Actual Rows": 3344,
                                            "Actual Loops": 1
                                        },
                                        {
                                            "Worker Number": 1,
                                            "Actual Startup Time": 0.051,
                                            "Actual Total Time": 80.428,
                                            "Actual Rows": 4770,
                                            "Actual Loops": 1
                                        },
                                        {
                                            "Worker Number": 2,
                                            "Actual Startup Time": 0.048,
                                            "Actual Total Time": 80.174,
                                            "Actual Rows": 4480,
                                            "Actual Loops": 1
                                        },
                                        {
                                            "Worker Number": 3,
                                            "Actual Startup Time": 0.057,
                                            "Actual Total Time": 80.666,
                                            "Actual Rows": 4715,
                                            "Actual Loops": 1
                                        }
                                    ]
                                }
                            ]
                        }
                    ]
                }
            ]
        },
        "Planning Time": 1183.732,
        "Triggers": [],
        "Execution Time": 98.113
    }
]