{
  "Plan": {
    "Node Type": "Aggregate",
    "Strategy": "Plain",
    "Partial Mode": "Simple",
    "Parallel Aware": false,
    "Startup Cost": 274969.27,
    "Total Cost": 274969.28,
    "Plan Rows": 1,
    "Plan Width": 96,
    "Actual Startup Time": 926.609,
    "Actual Total Time": 926.721,
    "Actual Rows": 1,
    "Actual Loops": 1,
    "Plans": [
      {
        "Node Type": "Gather",
        "Parent Relationship": "Outer",
        "Parallel Aware": false,
        "Startup Cost": 3627.56,
        "Total Cost": 274969.26,
        "Plan Rows": 1,
        "Plan Width": 48,
        "Actual Startup Time": 71.169,
        "Actual Total Time": 926.547,
        "Actual Rows": 283,
        "Actual Loops": 1,
        "Workers Planned": 1,
        "Workers Launched": 0,
        "Single Copy": false,
        "Plans": [
          {
            "Node Type": "Nested Loop",
            "Parent Relationship": "Outer",
            "Parallel Aware": false,
            "Join Type": "Inner",
            "Startup Cost": 2627.56,
            "Total Cost": 273969.16,
            "Plan Rows": 1,
            "Plan Width": 48,
            "Actual Startup Time": 70.335,
            "Actual Total Time": 925.545,
            "Actual Rows": 283,
            "Actual Loops": 1,
            "Inner Unique": true,
            "Plans": [
              {
                "Node Type": "Hash Join",
                "Parent Relationship": "Outer",
                "Parallel Aware": false,
                "Join Type": "Inner",
                "Startup Cost": 2627.13,
                "Total Cost": 273968.71,
                "Plan Rows": 1,
                "Plan Width": 39,
                "Actual Startup Time": 23.238,
                "Actual Total Time": 910.525,
                "Actual Rows": 2893,
                "Actual Loops": 1,
                "Inner Unique": true,
                "Hash Cond": "(mk.keyword_id = k.id)",
                "Plans": [
                  {
                    "Node Type": "Nested Loop",
                    "Parent Relationship": "Outer",
                    "Parallel Aware": false,
                    "Join Type": "Inner",
                    "Startup Cost": 1.0,
                    "Total Cost": 271318.6,
                    "Plan Rows": 9131,
                    "Plan Width": 27,
                    "Actual Startup Time": 0.278,
                    "Actual Total Time": 850.642,
                    "Actual Rows": 637843,
                    "Actual Loops": 1,
                    "Inner Unique": false,
                    "Plans": [
                      {
                        "Node Type": "Nested Loop",
                        "Parent Relationship": "Outer",
                        "Parallel Aware": false,
                        "Join Type": "Inner",
                        "Startup Cost": 0.56,
                        "Total Cost": 267688.78,
                        "Plan Rows": 2132,
                        "Plan Width": 19,
                        "Actual Startup Time": 0.253,
                        "Actual Total Time": 502.571,
                        "Actual Rows": 94781,
                        "Actual Loops": 1,
                        "Inner Unique": false,
                        "Plans": [
                          {
                            "Node Type": "Seq Scan",
                            "Parent Relationship": "Outer",
                            "Parallel Aware": true,
                            "Relation Name": "name",
                            "Alias": "n",
                            "Startup Cost": 0.0,
                            "Total Cost": 86254.38,
                            "Plan Rows": 245,
                            "Plan Width": 19,
                            "Actual Startup Time": 0.213,
                            "Actual Total Time": 455.92,
                            "Actual Rows": 10708,
                            "Actual Loops": 1,
                            "Filter": "(name ~~ '%Williams,%'::text)",
                            "Rows Removed by Filter": 4156783
                          },
                          {
                            "Node Type": "Index Scan",
                            "Parent Relationship": "Inner",
                            "Parallel Aware": false,
                            "Scan Direction": "Forward",
                            "Index Name": "person_id_cast_info",
                            "Relation Name": "cast_info",
                            "Alias": "ci",
                            "Startup Cost": 0.56,
                            "Total Cost": 735.45,
                            "Plan Rows": 510,
                            "Plan Width": 8,
                            "Actual Startup Time": 0.002,
                            "Actual Total Time": 0.003,
                            "Actual Rows": 9,
                            "Actual Loops": 10708,
                            "Index Cond": "(person_id = n.id)",
                            "Rows Removed by Index Recheck": 0
                          }
                        ]
                      },
                      {
                        "Node Type": "Index Scan",
                        "Parent Relationship": "Inner",
                        "Parallel Aware": false,
                        "Scan Direction": "Forward",
                        "Index Name": "movie_id_movie_keyword",
                        "Relation Name": "movie_keyword",
                        "Alias": "mk",
                        "Startup Cost": 0.43,
                        "Total Cost": 1.24,
                        "Plan Rows": 46,
                        "Plan Width": 8,
                        "Actual Startup Time": 0.002,
                        "Actual Total Time": 0.003,
                        "Actual Rows": 7,
                        "Actual Loops": 94781,
                        "Index Cond": "(movie_id = ci.movie_id)",
                        "Rows Removed by Index Recheck": 0
                      }
                    ]
                  },
                  {
                    "Node Type": "Hash",
                    "Parent Relationship": "Inner",
                    "Parallel Aware": false,
                    "Startup Cost": 2626.12,
                    "Total Cost": 2626.12,
                    "Plan Rows": 1,
                    "Plan Width": 20,
                    "Actual Startup Time": 22.832,
                    "Actual Total Time": 22.833,
                    "Actual Rows": 1,
                    "Actual Loops": 1,
                    "Hash Buckets": 1024,
                    "Original Hash Buckets": 1024,
                    "Hash Batches": 1,
                    "Original Hash Batches": 1,
                    "Peak Memory Usage": 9,
                    "Plans": [
                      {
                        "Node Type": "Seq Scan",
                        "Parent Relationship": "Outer",
                        "Parallel Aware": false,
                        "Relation Name": "keyword",
                        "Alias": "k",
                        "Startup Cost": 0.0,
                        "Total Cost": 2626.12,
                        "Plan Rows": 1,
                        "Plan Width": 20,
                        "Actual Startup Time": 1.304,
                        "Actual Total Time": 22.824,
                        "Actual Rows": 1,
                        "Actual Loops": 1,
                        "Filter": "(keyword = 'character-name-in-title'::text)",
                        "Rows Removed by Filter": 134169
                      }
                    ]
                  }
                ]
              },
              {
                "Node Type": "Index Scan",
                "Parent Relationship": "Inner",
                "Parallel Aware": false,
                "Scan Direction": "Forward",
                "Index Name": "title_pkey",
                "Relation Name": "title",
                "Alias": "t",
                "Startup Cost": 0.43,
                "Total Cost": 0.45,
                "Plan Rows": 1,
                "Plan Width": 21,
                "Actual Startup Time": 0.005,
                "Actual Total Time": 0.005,
                "Actual Rows": 0,
                "Actual Loops": 2893,
                "Index Cond": "(id = ci.movie_id)",
                "Rows Removed by Index Recheck": 0,
                "Filter": "(production_year > 2008)",
                "Rows Removed by Filter": 1
              }
            ]
          }
        ]
      }
    ]
  },
  "Planning Time": 1.427,
  "Triggers": [],
  "Execution Time": 926.837
}