[
  {
    "Plan": {
      "Node Type": "Aggregate",
      "Strategy": "Plain",
      "Partial Mode": "Finalize",
      "Parallel Aware": false,
      "Startup Cost": 341538.27,
      "Total Cost": 341538.28,
      "Plan Rows": 1,
      "Plan Width": 8,
      "Actual Startup Time": 851.196,
      "Actual Total Time": 911.955,
      "Actual Rows": 1,
      "Actual Loops": 1,
      "Plans": [
        {
          "Node Type": "Gather",
          "Parent Relationship": "Outer",
          "Parallel Aware": false,
          "Startup Cost": 341537.64,
          "Total Cost": 341538.25,
          "Plan Rows": 6,
          "Plan Width": 8,
          "Actual Startup Time": 851.084,
          "Actual Total Time": 911.944,
          "Actual Rows": 7,
          "Actual Loops": 1,
          "Workers Planned": 6,
          "Workers Launched": 6,
          "Single Copy": false,
          "Plans": [
            {
              "Node Type": "Aggregate",
              "Strategy": "Plain",
              "Partial Mode": "Partial",
              "Parent Relationship": "Outer",
              "Parallel Aware": false,
              "Startup Cost": 340537.64,
              "Total Cost": 340537.65,
              "Plan Rows": 1,
              "Plan Width": 8,
              "Actual Startup Time": 844.362,
              "Actual Total Time": 844.363,
              "Actual Rows": 1,
              "Actual Loops": 7,
              "Plans": [
                {
                  "Node Type": "Seq Scan",
                  "Parent Relationship": "Outer",
                  "Parallel Aware": true,
                  "Relation Name": "cast_info",
                  "Alias": "ci",
                  "Startup Cost": 0.0,
                  "Total Cost": 328162.03,
                  "Plan Rows": 4950247,
                  "Plan Width": 0,
                  "Actual Startup Time": 0.035,
                  "Actual Total Time": 651.184,
                  "Actual Rows": 4270122,
                  "Actual Loops": 7,
                  "Filter": "(person_id < 3018323)",
                  "Rows Removed by Filter": 907642
                }
              ]
            }
          ]
        }
      ]
    },
    "Planning Time": 0.2,
    "Triggers": [],
    "Execution Time": 912.028
  }
]