{
  "Plan": {
    "Node Type": "Aggregate",
    "Strategy": "Plain",
    "Partial Mode": "Finalize",
    "Parallel Aware": false,
    "Startup Cost": 401620.48,
    "Total Cost": 401620.49,
    "Plan Rows": 1,
    "Plan Width": 8,
    "Actual Startup Time": 4439.697,
    "Actual Total Time": 4507.27,
    "Actual Rows": 1,
    "Actual Loops": 1,
    "Plans": [
      {
        "Node Type": "Gather",
        "Parent Relationship": "Outer",
        "Parallel Aware": false,
        "Startup Cost": 401620.37,
        "Total Cost": 401620.48,
        "Plan Rows": 1,
        "Plan Width": 8,
        "Actual Startup Time": 4433.39,
        "Actual Total Time": 4507.259,
        "Actual Rows": 2,
        "Actual Loops": 1,
        "Workers Planned": 1,
        "Workers Launched": 1,
        "Single Copy": false,
        "Plans": [
          {
            "Node Type": "Aggregate",
            "Strategy": "Plain",
            "Partial Mode": "Partial",
            "Parent Relationship": "Outer",
            "Parallel Aware": false,
            "Startup Cost": 400620.37,
            "Total Cost": 400620.38,
            "Plan Rows": 1,
            "Plan Width": 8,
            "Actual Startup Time": 4421.834,
            "Actual Total Time": 4421.839,
            "Actual Rows": 1,
            "Actual Loops": 2,
            "Plans": [
              {
                "Node Type": "Nested Loop",
                "Parent Relationship": "Outer",
                "Parallel Aware": false,
                "Join Type": "Inner",
                "Startup Cost": 74735.23,
                "Total Cost": 399999.71,
                "Plan Rows": 248264,
                "Plan Width": 0,
                "Actual Startup Time": 619.105,
                "Actual Total Time": 4352.479,
                "Actual Rows": 1345604,
                "Actual Loops": 2,
                "Inner Unique": false,
                "Plans": [
                  {
                    "Node Type": "Hash Join",
                    "Parent Relationship": "Outer",
                    "Parallel Aware": true,
                    "Join Type": "Inner",
                    "Startup Cost": 74734.67,
                    "Total Cost": 101399.19,
                    "Plan Rows": 146151,
                    "Plan Width": 8,
                    "Actual Startup Time": 618.578,
                    "Actual Total Time": 727.933,
                    "Actual Rows": 119174,
                    "Actual Loops": 2,
                    "Inner Unique": true,
                    "Hash Cond": "(mk.movie_id = t.id)",
                    "Plans": [
                      {
                        "Node Type": "Bitmap Heap Scan",
                        "Parent Relationship": "Outer",
                        "Parallel Aware": true,
                        "Relation Name": "movie_keyword",
                        "Alias": "mk",
                        "Startup Cost": 5273.97,
                        "Total Cost": 31554.85,
                        "Plan Rows": 146151,
                        "Plan Width": 4,
                        "Actual Startup Time": 15.402,
                        "Actual Total Time": 65.022,
                        "Actual Rows": 119174,
                        "Actual Loops": 2,
                        "Recheck Cond": "(keyword_id > 62161)",
                        "Rows Removed by Index Recheck": 0,
                        "Exact Heap Blocks": 11545,
                        "Lossy Heap Blocks": 0,
                        "Plans": [
                          {
                            "Node Type": "Bitmap Index Scan",
                            "Parent Relationship": "Outer",
                            "Parallel Aware": false,
                            "Index Name": "keyword_id_movie_keyword",
                            "Startup Cost": 0.0,
                            "Total Cost": 5211.85,
                            "Plan Rows": 248456,
                            "Plan Width": 0,
                            "Actual Startup Time": 12.265,
                            "Actual Total Time": 12.266,
                            "Actual Rows": 238348,
                            "Actual Loops": 1,
                            "Index Cond": "(keyword_id > 62161)"
                          }
                        ]
                      },
                      {
                        "Node Type": "Hash",
                        "Parent Relationship": "Inner",
                        "Parallel Aware": true,
                        "Startup Cost": 50870.31,
                        "Total Cost": 50870.31,
                        "Plan Rows": 1487231,
                        "Plan Width": 4,
                        "Actual Startup Time": 581.298,
                        "Actual Total Time": 581.298,
                        "Actual Rows": 1264156,
                        "Actual Loops": 2,
                        "Hash Buckets": 4194304,
                        "Original Hash Buckets": 4194304,
                        "Hash Batches": 1,
                        "Original Hash Batches": 1,
                        "Peak Memory Usage": 131712,
                        "Plans": [
                          {
                            "Node Type": "Seq Scan",
                            "Parent Relationship": "Outer",
                            "Parallel Aware": true,
                            "Relation Name": "title",
                            "Alias": "t",
                            "Startup Cost": 0.0,
                            "Total Cost": 50870.31,
                            "Plan Rows": 1487231,
                            "Plan Width": 4,
                            "Actual Startup Time": 0.019,
                            "Actual Total Time": 171.76,
                            "Actual Rows": 1264156,
                            "Actual Loops": 2
                          }
                        ]
                      }
                    ]
                  },
                  {
                    "Node Type": "Index Scan",
                    "Parent Relationship": "Inner",
                    "Parallel Aware": false,
                    "Scan Direction": "Forward",
                    "Index Name": "movie_id_cast_info",
                    "Relation Name": "cast_info",
                    "Alias": "ci",
                    "Startup Cost": 0.56,
                    "Total Cost": 2.0,
                    "Plan Rows": 4,
                    "Plan Width": 4,
                    "Actual Startup Time": 0.02,
                    "Actual Total Time": 0.029,
                    "Actual Rows": 11,
                    "Actual Loops": 238348,
                    "Index Cond": "(movie_id = t.id)",
                    "Rows Removed by Index Recheck": 0,
                    "Filter": "((person_id > 3016222) AND (role_id > 1))",
                    "Rows Removed by Filter": 39
                  }
                ]
              }
            ]
          }
        ]
      }
    ]
  },
  "Planning Time": 0.758,
  "Triggers": [],
  "Execution Time": 4507.396
}