[
  {
    "Plan": {
      "Node Type": "Aggregate",
      "Strategy": "Plain",
      "Partial Mode": "Finalize",
      "Parallel Aware": false,
      "Startup Cost": 333841.58,
      "Total Cost": 333841.59,
      "Plan Rows": 1,
      "Plan Width": 8,
      "Actual Startup Time": 659.299,
      "Actual Total Time": 704.208,
      "Actual Rows": 1,
      "Actual Loops": 1,
      "Plans": [
        {
          "Node Type": "Gather",
          "Parent Relationship": "Outer",
          "Parallel Aware": false,
          "Startup Cost": 333840.95,
          "Total Cost": 333841.56,
          "Plan Rows": 6,
          "Plan Width": 8,
          "Actual Startup Time": 659.075,
          "Actual Total Time": 704.194,
          "Actual Rows": 7,
          "Actual Loops": 1,
          "Workers Planned": 6,
          "Workers Launched": 6,
          "Single Copy": false,
          "Plans": [
            {
              "Node Type": "Aggregate",
              "Strategy": "Plain",
              "Partial Mode": "Partial",
              "Parent Relationship": "Outer",
              "Parallel Aware": false,
              "Startup Cost": 332840.95,
              "Total Cost": 332840.96,
              "Plan Rows": 1,
              "Plan Width": 8,
              "Actual Startup Time": 652.061,
              "Actual Total Time": 652.062,
              "Actual Rows": 1,
              "Actual Loops": 7,
              "Plans": [
                {
                  "Node Type": "Seq Scan",
                  "Parent Relationship": "Outer",
                  "Parallel Aware": true,
                  "Relation Name": "cast_info",
                  "Alias": "ci",
                  "Startup Cost": 0.0,
                  "Total Cost": 328211.39,
                  "Plan Rows": 1851825,
                  "Plan Width": 0,
                  "Actual Startup Time": 0.049,
                  "Actual Total Time": 570.927,
                  "Actual Rows": 1600439,
                  "Actual Loops": 7,
                  "Filter": "(person_id < 1099305)",
                  "Rows Removed by Filter": 3577325
                }
              ]
            }
          ]
        }
      ]
    },
    "Planning Time": 0.201,
    "Triggers": [],
    "Execution Time": 704.323
  }
]