[
  {
    "Plan": {
      "Node Type": "Aggregate",
      "Strategy": "Plain",
      "Partial Mode": "Finalize",
      "Parallel Aware": false,
      "Startup Cost": 90641.85,
      "Total Cost": 90641.86,
      "Plan Rows": 1,
      "Plan Width": 8,
      "Actual Startup Time": 525.258,
      "Actual Total Time": 543.911,
      "Actual Rows": 1,
      "Actual Loops": 1,
      "Plans": [
        {
          "Node Type": "Gather",
          "Parent Relationship": "Outer",
          "Parallel Aware": false,
          "Startup Cost": 90641.53,
          "Total Cost": 90641.84,
          "Plan Rows": 3,
          "Plan Width": 8,
          "Actual Startup Time": 511.902,
          "Actual Total Time": 543.901,
          "Actual Rows": 4,
          "Actual Loops": 1,
          "Workers Planned": 3,
          "Workers Launched": 3,
          "Single Copy": false,
          "Plans": [
            {
              "Node Type": "Aggregate",
              "Strategy": "Plain",
              "Partial Mode": "Partial",
              "Parent Relationship": "Outer",
              "Parallel Aware": false,
              "Startup Cost": 89641.53,
              "Total Cost": 89641.54,
              "Plan Rows": 1,
              "Plan Width": 8,
              "Actual Startup Time": 492.083,
              "Actual Total Time": 492.087,
              "Actual Rows": 1,
              "Actual Loops": 4,
              "Plans": [
                {
                  "Node Type": "Hash Join",
                  "Parent Relationship": "Outer",
                  "Parallel Aware": true,
                  "Join Type": "Inner",
                  "Startup Cost": 62024.15,
                  "Total Cost": 89192.82,
                  "Plan Rows": 179483,
                  "Plan Width": 0,
                  "Actual Startup Time": 373.061,
                  "Actual Total Time": 485.322,
                  "Actual Rows": 142574,
                  "Actual Loops": 4,
                  "Inner Unique": true,
                  "Hash Cond": "(mk.movie_id = t.id)",
                  "Plans": [
                    {
                      "Node Type": "Bitmap Heap Scan",
                      "Parent Relationship": "Outer",
                      "Parallel Aware": true,
                      "Relation Name": "movie_keyword",
                      "Alias": "mk",
                      "Startup Cost": 11804.5,
                      "Total Cost": 38502.03,
                      "Plan Rows": 179483,
                      "Plan Width": 4,
                      "Actual Startup Time": 32.26,
                      "Actual Total Time": 87.937,
                      "Actual Rows": 142574,
                      "Actual Loops": 4,
                      "Recheck Cond": "(keyword_id < 405)",
                      "Rows Removed by Index Recheck": 0,
                      "Exact Heap Blocks": 6843,
                      "Lossy Heap Blocks": 0,
                      "Plans": [
                        {
                          "Node Type": "Bitmap Index Scan",
                          "Parent Relationship": "Outer",
                          "Parallel Aware": false,
                          "Index Name": "keyword_id_movie_keyword",
                          "Startup Cost": 0.0,
                          "Total Cost": 11665.4,
                          "Plan Rows": 556396,
                          "Plan Width": 0,
                          "Actual Startup Time": 28.651,
                          "Actual Total Time": 28.651,
                          "Actual Rows": 570298,
                          "Actual Loops": 1,
                          "Index Cond": "(keyword_id < 405)"
                        }
                      ]
                    },
                    {
                      "Node Type": "Hash",
                      "Parent Relationship": "Inner",
                      "Parallel Aware": true,
                      "Startup Cost": 42318.73,
                      "Total Cost": 42318.73,
                      "Plan Rows": 632073,
                      "Plan Width": 4,
                      "Actual Startup Time": 329.141,
                      "Actual Total Time": 329.143,
                      "Actual Rows": 632078,
                      "Actual Loops": 4,
                      "Hash Buckets": 4194304,
                      "Original Hash Buckets": 4194304,
                      "Hash Batches": 1,
                      "Original Hash Batches": 1,
                      "Peak Memory Usage": 131744,
                      "Plans": [
                        {
                          "Node Type": "Seq Scan",
                          "Parent Relationship": "Outer",
                          "Parallel Aware": true,
                          "Relation Name": "title",
                          "Alias": "t",
                          "Startup Cost": 0.0,
                          "Total Cost": 42318.73,
                          "Plan Rows": 632073,
                          "Plan Width": 4,
                          "Actual Startup Time": 0.057,
                          "Actual Total Time": 96.127,
                          "Actual Rows": 632078,
                          "Actual Loops": 4
                        }
                      ]
                    }
                  ]
                }
              ]
            }
          ]
        }
      ]
    },
    "Planning Time": 0.636,
    "Triggers": [],
    "Execution Time": 543.998
  }
]