[
  {
    "Plan": {
      "Node Type": "Aggregate",
      "Strategy": "Plain",
      "Partial Mode": "Finalize",
      "Parallel Aware": false,
      "Startup Cost": 46530.86,
      "Total Cost": 46530.87,
      "Plan Rows": 1,
      "Plan Width": 8,
      "Actual Startup Time": 95.613,
      "Actual Total Time": 107.629,
      "Actual Rows": 1,
      "Actual Loops": 1,
      "Plans": [
        {
          "Node Type": "Gather",
          "Parent Relationship": "Outer",
          "Parallel Aware": false,
          "Startup Cost": 46530.44,
          "Total Cost": 46530.85,
          "Plan Rows": 4,
          "Plan Width": 8,
          "Actual Startup Time": 95.307,
          "Actual Total Time": 107.618,
          "Actual Rows": 5,
          "Actual Loops": 1,
          "Workers Planned": 4,
          "Workers Launched": 4,
          "Single Copy": false,
          "Plans": [
            {
              "Node Type": "Aggregate",
              "Strategy": "Plain",
              "Partial Mode": "Partial",
              "Parent Relationship": "Outer",
              "Parallel Aware": false,
              "Startup Cost": 45530.44,
              "Total Cost": 45530.45,
              "Plan Rows": 1,
              "Plan Width": 8,
              "Actual Startup Time": 88.893,
              "Actual Total Time": 88.894,
              "Actual Rows": 1,
              "Actual Loops": 5,
              "Plans": [
                {
                  "Node Type": "Seq Scan",
                  "Parent Relationship": "Outer",
                  "Parallel Aware": true,
                  "Relation Name": "title",
                  "Alias": "t",
                  "Startup Cost": 0.0,
                  "Total Cost": 45479.59,
                  "Plan Rows": 20342,
                  "Plan Width": 0,
                  "Actual Startup Time": 0.382,
                  "Actual Total Time": 86.827,
                  "Actual Rows": 37492,
                  "Actual Loops": 5,
                  "Filter": "((kind_id < 7) AND (production_year < 1958))",
                  "Rows Removed by Filter": 468170
                }
              ]
            }
          ]
        }
      ]
    },
    "Planning Time": 0.189,
    "Triggers": [],
    "Execution Time": 107.686
  }
]