[
  {
    "Plan": {
      "Node Type": "Aggregate",
      "Strategy": "Plain",
      "Partial Mode": "Finalize",
      "Parallel Aware": false,
      "Startup Cost": 77423.18,
      "Total Cost": 77423.19,
      "Plan Rows": 1,
      "Plan Width": 8,
      "Actual Startup Time": 200.357,
      "Actual Total Time": 207.293,
      "Actual Rows": 1,
      "Actual Loops": 1,
      "Plans": [
        {
          "Node Type": "Gather",
          "Parent Relationship": "Outer",
          "Parallel Aware": false,
          "Startup Cost": 77422.76,
          "Total Cost": 77423.17,
          "Plan Rows": 4,
          "Plan Width": 8,
          "Actual Startup Time": 198.026,
          "Actual Total Time": 207.287,
          "Actual Rows": 5,
          "Actual Loops": 1,
          "Workers Planned": 4,
          "Workers Launched": 4,
          "Single Copy": false,
          "Plans": [
            {
              "Node Type": "Aggregate",
              "Strategy": "Plain",
              "Partial Mode": "Partial",
              "Parent Relationship": "Outer",
              "Parallel Aware": false,
              "Startup Cost": 76422.76,
              "Total Cost": 76422.77,
              "Plan Rows": 1,
              "Plan Width": 8,
              "Actual Startup Time": 192.037,
              "Actual Total Time": 192.04,
              "Actual Rows": 1,
              "Actual Loops": 5,
              "Plans": [
                {
                  "Node Type": "Hash Join",
                  "Parent Relationship": "Outer",
                  "Parallel Aware": true,
                  "Join Type": "Inner",
                  "Startup Cost": 29364.95,
                  "Total Cost": 76368.27,
                  "Plan Rows": 21796,
                  "Plan Width": 0,
                  "Actual Startup Time": 116.227,
                  "Actual Total Time": 191.346,
                  "Actual Rows": 11572,
                  "Actual Loops": 5,
                  "Inner Unique": false,
                  "Hash Cond": "(t.id = mc.movie_id)",
                  "Plans": [
                    {
                      "Node Type": "Seq Scan",
                      "Parent Relationship": "Outer",
                      "Parallel Aware": true,
                      "Relation Name": "title",
                      "Alias": "t",
                      "Startup Cost": 0.0,
                      "Total Cost": 45479.21,
                      "Plan Rows": 290760,
                      "Plan Width": 4,
                      "Actual Startup Time": 0.01,
                      "Actual Total Time": 70.656,
                      "Actual Rows": 226498,
                      "Actual Loops": 5,
                      "Filter": "((kind_id > 2) AND (production_year < 2008))",
                      "Rows Removed by Filter": 279165
                    },
                    {
                      "Node Type": "Hash",
                      "Parent Relationship": "Inner",
                      "Parallel Aware": true,
                      "Startup Cost": 28600.72,
                      "Total Cost": 28600.72,
                      "Plan Rows": 61139,
                      "Plan Width": 4,
                      "Actual Startup Time": 76.287,
                      "Actual Total Time": 76.288,
                      "Actual Rows": 75411,
                      "Actual Loops": 5,
                      "Hash Buckets": 524288,
                      "Original Hash Buckets": 262144,
                      "Hash Batches": 1,
                      "Original Hash Batches": 1,
                      "Peak Memory Usage": 20992,
                      "Plans": [
                        {
                          "Node Type": "Bitmap Heap Scan",
                          "Parent Relationship": "Outer",
                          "Parallel Aware": true,
                          "Relation Name": "movie_companies",
                          "Alias": "mc",
                          "Startup Cost": 8011.93,
                          "Total Cost": 28600.72,
                          "Plan Rows": 61139,
                          "Plan Width": 4,
                          "Actual Startup Time": 16.09,
                          "Actual Total Time": 44.268,
                          "Actual Rows": 75411,
                          "Actual Loops": 5,
                          "Recheck Cond": "(company_id > 84731)",
                          "Rows Removed by Index Recheck": 0,
                          "Filter": "(company_type_id = 2)",
                          "Rows Removed by Filter": 0,
                          "Exact Heap Blocks": 1979,
                          "Lossy Heap Blocks": 0,
                          "Plans": [
                            {
                              "Node Type": "Bitmap Index Scan",
                              "Parent Relationship": "Outer",
                              "Parallel Aware": false,
                              "Index Name": "company_id_movie_companies",
                              "Startup Cost": 0.0,
                              "Total Cost": 7964.55,
                              "Plan Rows": 371749,
                              "Plan Width": 0,
                              "Actual Startup Time": 18.872,
                              "Actual Total Time": 18.872,
                              "Actual Rows": 377054,
                              "Actual Loops": 1,
                              "Index Cond": "(company_id > 84731)"
                            }
                          ]
                        }
                      ]
                    }
                  ]
                }
              ]
            }
          ]
        }
      ]
    },
    "Planning Time": 0.226,
    "Triggers": [],
    "Execution Time": 207.33
  }
]