[
  {
    "Plan": {
      "Node Type": "Aggregate",
      "Strategy": "Plain",
      "Partial Mode": "Simple",
      "Parallel Aware": false,
      "Startup Cost": 55258.46,
      "Total Cost": 55258.47,
      "Plan Rows": 1,
      "Plan Width": 64,
      "Actual Startup Time": 232.47,
      "Actual Total Time": 259.455,
      "Actual Rows": 1,
      "Actual Loops": 1,
      "Plans": [
        {
          "Node Type": "Gather",
          "Parent Relationship": "Outer",
          "Parallel Aware": false,
          "Startup Cost": 4238.95,
          "Total Cost": 55258.44,
          "Plan Rows": 4,
          "Plan Width": 27,
          "Actual Startup Time": 214.74,
          "Actual Total Time": 259.365,
          "Actual Rows": 618,
          "Actual Loops": 1,
          "Workers Planned": 4,
          "Workers Launched": 4,
          "Single Copy": false,
          "Plans": [
            {
              "Node Type": "Nested Loop",
              "Parent Relationship": "Outer",
              "Parallel Aware": false,
              "Join Type": "Inner",
              "Startup Cost": 3238.95,
              "Total Cost": 54258.04,
              "Plan Rows": 1,
              "Plan Width": 27,
              "Actual Startup Time": 213.088,
              "Actual Total Time": 220.725,
              "Actual Rows": 124,
              "Actual Loops": 5,
              "Inner Unique": true,
              "Plans": [
                {
                  "Node Type": "Nested Loop",
                  "Parent Relationship": "Outer",
                  "Parallel Aware": false,
                  "Join Type": "Inner",
                  "Startup Cost": 3238.53,
                  "Total Cost": 54257.61,
                  "Plan Rows": 1,
                  "Plan Width": 31,
                  "Actual Startup Time": 213.065,
                  "Actual Total Time": 220.115,
                  "Actual Rows": 124,
                  "Actual Loops": 5,
                  "Inner Unique": true,
                  "Plans": [
                    {
                      "Node Type": "Nested Loop",
                      "Parent Relationship": "Outer",
                      "Parallel Aware": false,
                      "Join Type": "Inner",
                      "Startup Cost": 3238.4,
                      "Total Cost": 54257.45,
                      "Plan Rows": 1,
                      "Plan Width": 35,
                      "Actual Startup Time": 213.048,
                      "Actual Total Time": 219.929,
                      "Actual Rows": 124,
                      "Actual Loops": 5,
                      "Inner Unique": true,
                      "Plans": [
                        {
                          "Node Type": "Nested Loop",
                          "Parent Relationship": "Outer",
                          "Parallel Aware": false,
                          "Join Type": "Inner",
                          "Startup Cost": 3237.98,
                          "Total Cost": 54257.01,
                          "Plan Rows": 1,
                          "Plan Width": 39,
                          "Actual Startup Time": 213.019,
                          "Actual Total Time": 219.628,
                          "Actual Rows": 124,
                          "Actual Loops": 5,
                          "Inner Unique": false,
                          "Join Filter": "(t.id = mc.movie_id)",
                          "Rows Removed by Join Filter": 0,
                          "Plans": [
                            {
                              "Node Type": "Nested Loop",
                              "Parent Relationship": "Outer",
                              "Parallel Aware": false,
                              "Join Type": "Inner",
                              "Startup Cost": 3237.55,
                              "Total Cost": 54256.4,
                              "Plan Rows": 1,
                              "Plan Width": 47,
                              "Actual Startup Time": 212.988,
                              "Actual Total Time": 219.286,
                              "Actual Rows": 123,
                              "Actual Loops": 5,
                              "Inner Unique": false,
                              "Plans": [
                                {
                                  "Node Type": "Nested Loop",
                                  "Parent Relationship": "Outer",
                                  "Parallel Aware": false,
                                  "Join Type": "Inner",
                                  "Startup Cost": 3237.12,
                                  "Total Cost": 54254.58,
                                  "Plan Rows": 1,
                                  "Plan Width": 39,
                                  "Actual Startup Time": 212.949,
                                  "Actual Total Time": 219.191,
                                  "Actual Rows": 1,
                                  "Actual Loops": 5,
                                  "Inner Unique": true,
                                  "Plans": [
                                    {
                                      "Node Type": "Nested Loop",
                                      "Parent Relationship": "Outer",
                                      "Parallel Aware": false,
                                      "Join Type": "Inner",
                                      "Startup Cost": 3236.98,
                                      "Total Cost": 54253.94,
                                      "Plan Rows": 3,
                                      "Plan Width": 43,
                                      "Actual Startup Time": 212.936,
                                      "Actual Total Time": 219.174,
                                      "Actual Rows": 1,
                                      "Actual Loops": 5,
                                      "Inner Unique": false,
                                      "Plans": [
                                        {
                                          "Node Type": "Hash Join",
                                          "Parent Relationship": "Outer",
                                          "Parallel Aware": false,
                                          "Join Type": "Inner",
                                          "Startup Cost": 3236.54,
                                          "Total Cost": 48556.83,
                                          "Plan Rows": 2753,
                                          "Plan Width": 35,
                                          "Actual Startup Time": 134.067,
                                          "Actual Total Time": 177.484,
                                          "Actual Rows": 260,
                                          "Actual Loops": 5,
                                          "Inner Unique": true,
                                          "Hash Cond": "(t.kind_id = kt.id)",
                                          "Plans": [
                                            {
                                              "Node Type": "Hash Join",
                                              "Parent Relationship": "Outer",
                                              "Parallel Aware": false,
                                              "Join Type": "Inner",
                                              "Startup Cost": 3235.39,
                                              "Total Cost": 48535.38,
                                              "Plan Rows": 4818,
                                              "Plan Width": 29,
                                              "Actual Startup Time": 43.488,
                                              "Actual Total Time": 176.88,
                                              "Actual Rows": 458,
                                              "Actual Loops": 5,
                                              "Inner Unique": false,
                                              "Hash Cond": "(t.id = cc.movie_id)",
                                              "Plans": [
                                                {
                                                  "Node Type": "Seq Scan",
                                                  "Parent Relationship": "Outer",
                                                  "Parallel Aware": true,
                                                  "Relation Name": "title",
                                                  "Alias": "t",
                                                  "Startup Cost": 0.0,
                                                  "Total Cost": 43899.32,
                                                  "Plan Rows": 360666,
                                                  "Plan Width": 25,
                                                  "Actual Startup Time": 0.049,
                                                  "Actual Total Time": 96.059,
                                                  "Actual Rows": 286893,
                                                  "Actual Loops": 5,
                                                  "Filter": "(production_year > 1999)",
                                                  "Rows Removed by Filter": 218769
                                                },
                                                {
                                                  "Node Type": "Hash",
                                                  "Parent Relationship": "Inner",
                                                  "Parallel Aware": false,
                                                  "Startup Cost": 2813.24,
                                                  "Total Cost": 2813.24,
                                                  "Plan Rows": 33772,
                                                  "Plan Width": 4,
                                                  "Actual Startup Time": 41.645,
                                                  "Actual Total Time": 41.649,
                                                  "Actual Rows": 24592,
                                                  "Actual Loops": 5,
                                                  "Hash Buckets": 65536,
                                                  "Original Hash Buckets": 65536,
                                                  "Hash Batches": 1,
                                                  "Original Hash Batches": 1,
                                                  "Peak Memory Usage": 1377,
                                                  "Plans": [
                                                    {
                                                      "Node Type": "Hash Join",
                                                      "Parent Relationship": "Outer",
                                                      "Parallel Aware": false,
                                                      "Join Type": "Inner",
                                                      "Startup Cost": 1.06,
                                                      "Total Cost": 2813.24,
                                                      "Plan Rows": 33772,
                                                      "Plan Width": 4,
                                                      "Actual Startup Time": 0.172,
                                                      "Actual Total Time": 35.7,
                                                      "Actual Rows": 24592,
                                                      "Actual Loops": 5,
                                                      "Inner Unique": true,
                                                      "Hash Cond": "(cc.status_id = cct1.id)",
                                                      "Plans": [
                                                        {
                                                          "Node Type": "Seq Scan",
                                                          "Parent Relationship": "Outer",
                                                          "Parallel Aware": false,
                                                          "Relation Name": "complete_cast",
                                                          "Alias": "cc",
                                                          "Startup Cost": 0.0,
                                                          "Total Cost": 2081.86,
                                                          "Plan Rows": 135086,
                                                          "Plan Width": 8,
                                                          "Actual Startup Time": 0.062,
                                                          "Actual Total Time": 17.63,
                                                          "Actual Rows": 135086,
                                                          "Actual Loops": 5
                                                        },
                                                        {
                                                          "Node Type": "Hash",
                                                          "Parent Relationship": "Inner",
                                                          "Parallel Aware": false,
                                                          "Startup Cost": 1.05,
                                                          "Total Cost": 1.05,
                                                          "Plan Rows": 1,
                                                          "Plan Width": 4,
                                                          "Actual Startup Time": 0.064,
                                                          "Actual Total Time": 0.065,
                                                          "Actual Rows": 1,
                                                          "Actual Loops": 5,
                                                          "Hash Buckets": 1024,
                                                          "Original Hash Buckets": 1024,
                                                          "Hash Batches": 1,
                                                          "Original Hash Batches": 1,
                                                          "Peak Memory Usage": 9,
                                                          "Plans": [
                                                            {
                                                              "Node Type": "Seq Scan",
                                                              "Parent Relationship": "Outer",
                                                              "Parallel Aware": false,
                                                              "Relation Name": "comp_cast_type",
                                                              "Alias": "cct1",
                                                              "Startup Cost": 0.0,
                                                              "Total Cost": 1.05,
                                                              "Plan Rows": 1,
                                                              "Plan Width": 4,
                                                              "Actual Startup Time": 0.053,
                                                              "Actual Total Time": 0.055,
                                                              "Actual Rows": 1,
                                                              "Actual Loops": 5,
                                                              "Filter": "((kind)::text = 'complete+verified'::text)",
                                                              "Rows Removed by Filter": 3
                                                            }
                                                          ]
                                                        }
                                                      ]
                                                    }
                                                  ]
                                                }
                                              ]
                                            },
                                            {
                                              "Node Type": "Hash",
                                              "Parent Relationship": "Inner",
                                              "Parallel Aware": false,
                                              "Startup Cost": 1.1,
                                              "Total Cost": 1.1,
                                              "Plan Rows": 4,
                                              "Plan Width": 14,
                                              "Actual Startup Time": 0.08,
                                              "Actual Total Time": 0.081,
                                              "Actual Rows": 4,
                                              "Actual Loops": 5,
                                              "Hash Buckets": 1024,
                                              "Original Hash Buckets": 1024,
                                              "Hash Batches": 1,
                                              "Original Hash Batches": 1,
                                              "Peak Memory Usage": 9,
                                              "Plans": [
                                                {
                                                  "Node Type": "Seq Scan",
                                                  "Parent Relationship": "Outer",
                                                  "Parallel Aware": false,
                                                  "Relation Name": "kind_type",
                                                  "Alias": "kt",
                                                  "Startup Cost": 0.0,
                                                  "Total Cost": 1.1,
                                                  "Plan Rows": 4,
                                                  "Plan Width": 14,
                                                  "Actual Startup Time": 0.051,
                                                  "Actual Total Time": 0.057,
                                                  "Actual Rows": 4,
                                                  "Actual Loops": 5,
                                                  "Filter": "((kind)::text = ANY ('{movie,\"tv movie\",\"video movie\",\"video game\"}'::text[]))",
                                                  "Rows Removed by Filter": 3
                                                }
                                              ]
                                            }
                                          ]
                                        },
                                        {
                                          "Node Type": "Index Scan",
                                          "Parent Relationship": "Inner",
                                          "Parallel Aware": false,
                                          "Scan Direction": "Forward",
                                          "Index Name": "movie_id_movie_info",
                                          "Relation Name": "movie_info",
                                          "Alias": "mi",
                                          "Startup Cost": 0.43,
                                          "Total Cost": 2.06,
                                          "Plan Rows": 1,
                                          "Plan Width": 8,
                                          "Actual Startup Time": 0.16,
                                          "Actual Total Time": 0.16,
                                          "Actual Rows": 0,
                                          "Actual Loops": 1299,
                                          "Index Cond": "(movie_id = t.id)",
                                          "Rows Removed by Index Recheck": 0,
                                          "Filter": "((info IS NOT NULL) AND (note ~~ '%internet%'::text) AND ((info ~~ 'USA:% 199%'::text) OR (info ~~ 'USA:% 200%'::text)))",
                                          "Rows Removed by Filter": 187
                                        }
                                      ]
                                    },
                                    {
                                      "Node Type": "Index Scan",
                                      "Parent Relationship": "Inner",
                                      "Parallel Aware": false,
                                      "Scan Direction": "Forward",
                                      "Index Name": "info_type_pkey",
                                      "Relation Name": "info_type",
                                      "Alias": "it1",
                                      "Startup Cost": 0.14,
                                      "Total Cost": 0.19,
                                      "Plan Rows": 1,
                                      "Plan Width": 4,
                                      "Actual Startup Time": 0.013,
                                      "Actual Total Time": 0.014,
                                      "Actual Rows": 1,
                                      "Actual Loops": 5,
                                      "Index Cond": "(id = mi.info_type_id)",
                                      "Rows Removed by Index Recheck": 0,
                                      "Filter": "((info)::text = 'release dates'::text)",
                                      "Rows Removed by Filter": 0
                                    }
                                  ]
                                },
                                {
                                  "Node Type": "Index Scan",
                                  "Parent Relationship": "Inner",
                                  "Parallel Aware": false,
                                  "Scan Direction": "Forward",
                                  "Index Name": "movie_id_movie_keyword",
                                  "Relation Name": "movie_keyword",
                                  "Alias": "mk",
                                  "Startup Cost": 0.43,
                                  "Total Cost": 1.36,
                                  "Plan Rows": 46,
                                  "Plan Width": 8,
                                  "Actual Startup Time": 0.04,
                                  "Actual Total Time": 0.068,
                                  "Actual Rows": 123,
                                  "Actual Loops": 5,
                                  "Index Cond": "(movie_id = t.id)",
                                  "Rows Removed by Index Recheck": 0
                                }
                              ]
                            },
                            {
                              "Node Type": "Index Scan",
                              "Parent Relationship": "Inner",
                              "Parallel Aware": false,
                              "Scan Direction": "Forward",
                              "Index Name": "movie_id_movie_companies",
                              "Relation Name": "movie_companies",
                              "Alias": "mc",
                              "Startup Cost": 0.43,
                              "Total Cost": 0.54,
                              "Plan Rows": 5,
                              "Plan Width": 12,
                              "Actual Startup Time": 0.002,
                              "Actual Total Time": 0.002,
                              "Actual Rows": 1,
                              "Actual Loops": 615,
                              "Index Cond": "(movie_id = mk.movie_id)",
                              "Rows Removed by Index Recheck": 0
                            }
                          ]
                        },
                        {
                          "Node Type": "Index Scan",
                          "Parent Relationship": "Inner",
                          "Parallel Aware": false,
                          "Scan Direction": "Forward",
                          "Index Name": "company_name_pkey",
                          "Relation Name": "company_name",
                          "Alias": "cn",
                          "Startup Cost": 0.42,
                          "Total Cost": 0.45,
                          "Plan Rows": 1,
                          "Plan Width": 4,
                          "Actual Startup Time": 0.002,
                          "Actual Total Time": 0.002,
                          "Actual Rows": 1,
                          "Actual Loops": 618,
                          "Index Cond": "(id = mc.company_id)",
                          "Rows Removed by Index Recheck": 0,
                          "Filter": "((country_code)::text = '[us]'::text)",
                          "Rows Removed by Filter": 0
                        }
                      ]
                    },
                    {
                      "Node Type": "Index Only Scan",
                      "Parent Relationship": "Inner",
                      "Parallel Aware": false,
                      "Scan Direction": "Forward",
                      "Index Name": "company_type_pkey",
                      "Relation Name": "company_type",
                      "Alias": "ct",
                      "Startup Cost": 0.13,
                      "Total Cost": 0.15,
                      "Plan Rows": 1,
                      "Plan Width": 4,
                      "Actual Startup Time": 0.001,
                      "Actual Total Time": 0.001,
                      "Actual Rows": 1,
                      "Actual Loops": 618,
                      "Index Cond": "(id = mc.company_type_id)",
                      "Rows Removed by Index Recheck": 0,
                      "Heap Fetches": 618
                    }
                  ]
                },
                {
                  "Node Type": "Index Only Scan",
                  "Parent Relationship": "Inner",
                  "Parallel Aware": false,
                  "Scan Direction": "Forward",
                  "Index Name": "keyword_pkey",
                  "Relation Name": "keyword",
                  "Alias": "k",
                  "Startup Cost": 0.42,
                  "Total Cost": 0.44,
                  "Plan Rows": 1,
                  "Plan Width": 4,
                  "Actual Startup Time": 0.004,
                  "Actual Total Time": 0.004,
                  "Actual Rows": 1,
                  "Actual Loops": 618,
                  "Index Cond": "(id = mk.keyword_id)",
                  "Rows Removed by Index Recheck": 0,
                  "Heap Fetches": 618
                }
              ]
            }
          ]
        }
      ]
    },
    "Planning Time": 50.209,
    "Triggers": [],
    "Execution Time": 259.893
  }
]