[
    {
        "Bao": {
            "Bao prediction": "NaN",
            "Bao recommended hint": "(no hint)"
        }
    },
    {
        "Plan": {
            "Node Type": "Aggregate",
            "Strategy": "Plain",
            "Partial Mode": "Finalize",
            "Parallel Aware": false,
            "Startup Cost": 32711.1,
            "Total Cost": 32711.11,
            "Plan Rows": 1,
            "Plan Width": 8,
            "Actual Startup Time": 100.046,
            "Actual Total Time": 108.841,
            "Actual Rows": 1,
            "Actual Loops": 1,
            "Output": [
                "count(*)"
            ],
            "Plans": [
                {
                    "Node Type": "Gather",
                    "Parent Relationship": "Outer",
                    "Parallel Aware": false,
                    "Startup Cost": 32710.78,
                    "Total Cost": 32711.09,
                    "Plan Rows": 3,
                    "Plan Width": 8,
                    "Actual Startup Time": 99.934,
                    "Actual Total Time": 108.833,
                    "Actual Rows": 4,
                    "Actual Loops": 1,
                    "Output": [
                        "(PARTIAL count(*))"
                    ],
                    "Workers Planned": 3,
                    "Workers Launched": 3,
                    "Single Copy": false,
                    "Plans": [
                        {
                            "Node Type": "Aggregate",
                            "Strategy": "Plain",
                            "Partial Mode": "Partial",
                            "Parent Relationship": "Outer",
                            "Parallel Aware": false,
                            "Startup Cost": 31710.78,
                            "Total Cost": 31710.79,
                            "Plan Rows": 1,
                            "Plan Width": 8,
                            "Actual Startup Time": 91.624,
                            "Actual Total Time": 91.625,
                            "Actual Rows": 1,
                            "Actual Loops": 4,
                            "Output": [
                                "PARTIAL count(*)"
                            ],
                            "Workers": [
                                {
                                    "Worker Number": 0,
                                    "Actual Startup Time": 88.509,
                                    "Actual Total Time": 88.511,
                                    "Actual Rows": 1,
                                    "Actual Loops": 1
                                },
                                {
                                    "Worker Number": 1,
                                    "Actual Startup Time": 89.251,
                                    "Actual Total Time": 89.253,
                                    "Actual Rows": 1,
                                    "Actual Loops": 1
                                },
                                {
                                    "Worker Number": 2,
                                    "Actual Startup Time": 89.3,
                                    "Actual Total Time": 89.301,
                                    "Actual Rows": 1,
                                    "Actual Loops": 1
                                }
                            ],
                            "Plans": [
                                {
                                    "Node Type": "Seq Scan",
                                    "Parent Relationship": "Outer",
                                    "Parallel Aware": true,
                                    "Relation Name": "movie_companies",
                                    "Schema": "public",
                                    "Alias": "mc",
                                    "Startup Cost": 0.0,
                                    "Total Cost": 31414.82,
                                    "Plan Rows": 118385,
                                    "Plan Width": 0,
                                    "Actual Startup Time": 29.658,
                                    "Actual Total Time": 90.652,
                                    "Actual Rows": 12997,
                                    "Actual Loops": 4,
                                    "Output": [
                                        "id",
                                        "movie_id",
                                        "company_id",
                                        "company_type_id",
                                        "note"
                                    ],
                                    "Filter": "((mc.company_id > 37005) AND (mc.company_type_id < 2))",
                                    "Rows Removed by Filter": 639285,
                                    "Workers": [
                                        {
                                            "Worker Number": 0,
                                            "Actual Startup Time": 26.545,
                                            "Actual Total Time": 87.619,
                                            "Actual Rows": 11375,
                                            "Actual Loops": 1
                                        },
                                        {
                                            "Worker Number": 1,
                                            "Actual Startup Time": 27.29,
                                            "Actual Total Time": 88.313,
                                            "Actual Rows": 11927,
                                            "Actual Loops": 1
                                        },
                                        {
                                            "Worker Number": 2,
                                            "Actual Startup Time": 27.334,
                                            "Actual Total Time": 88.347,
                                            "Actual Rows": 11988,
                                            "Actual Loops": 1
                                        }
                                    ]
                                }
                            ]
                        }
                    ]
                }
            ]
        },
        "Planning Time": 281.508,
        "Triggers": [],
        "Execution Time": 108.906
    }
]