[
  {
    "Plan": {
      "Node Type": "Aggregate",
      "Strategy": "Plain",
      "Partial Mode": "Finalize",
      "Parallel Aware": false,
      "Startup Cost": 339395.26,
      "Total Cost": 339395.27,
      "Plan Rows": 1,
      "Plan Width": 8,
      "Actual Startup Time": 805.377,
      "Actual Total Time": 852.524,
      "Actual Rows": 1,
      "Actual Loops": 1,
      "Plans": [
        {
          "Node Type": "Gather",
          "Parent Relationship": "Outer",
          "Parallel Aware": false,
          "Startup Cost": 339394.63,
          "Total Cost": 339395.24,
          "Plan Rows": 6,
          "Plan Width": 8,
          "Actual Startup Time": 805.033,
          "Actual Total Time": 852.509,
          "Actual Rows": 7,
          "Actual Loops": 1,
          "Workers Planned": 6,
          "Workers Launched": 6,
          "Single Copy": false,
          "Plans": [
            {
              "Node Type": "Aggregate",
              "Strategy": "Plain",
              "Partial Mode": "Partial",
              "Parent Relationship": "Outer",
              "Parallel Aware": false,
              "Startup Cost": 338394.63,
              "Total Cost": 338394.64,
              "Plan Rows": 1,
              "Plan Width": 8,
              "Actual Startup Time": 798.503,
              "Actual Total Time": 798.505,
              "Actual Rows": 1,
              "Actual Loops": 7,
              "Plans": [
                {
                  "Node Type": "Seq Scan",
                  "Parent Relationship": "Outer",
                  "Parallel Aware": true,
                  "Relation Name": "cast_info",
                  "Alias": "ci",
                  "Startup Cost": 0.0,
                  "Total Cost": 328211.39,
                  "Plan Rows": 4073296,
                  "Plan Width": 0,
                  "Actual Startup Time": 0.038,
                  "Actual Total Time": 626.026,
                  "Actual Rows": 3509594,
                  "Actual Loops": 7,
                  "Filter": "(person_id < 2525145)",
                  "Rows Removed by Filter": 1668169
                }
              ]
            }
          ]
        }
      ]
    },
    "Planning Time": 0.198,
    "Triggers": [],
    "Execution Time": 852.588
  }
]