[
  {
    "Plan": {
      "Node Type": "Aggregate",
      "Strategy": "Plain",
      "Partial Mode": "Finalize",
      "Parallel Aware": false,
      "Startup Cost": 242848.38,
      "Total Cost": 242848.39,
      "Plan Rows": 1,
      "Plan Width": 8,
      "Actual Startup Time": 286.905,
      "Actual Total Time": 332.182,
      "Actual Rows": 1,
      "Actual Loops": 1,
      "Plans": [
        {
          "Node Type": "Gather",
          "Parent Relationship": "Outer",
          "Parallel Aware": false,
          "Startup Cost": 242847.96,
          "Total Cost": 242848.37,
          "Plan Rows": 4,
          "Plan Width": 8,
          "Actual Startup Time": 286.731,
          "Actual Total Time": 332.165,
          "Actual Rows": 5,
          "Actual Loops": 1,
          "Workers Planned": 4,
          "Workers Launched": 4,
          "Single Copy": false,
          "Plans": [
            {
              "Node Type": "Aggregate",
              "Strategy": "Plain",
              "Partial Mode": "Partial",
              "Parent Relationship": "Outer",
              "Parallel Aware": false,
              "Startup Cost": 241847.96,
              "Total Cost": 241847.97,
              "Plan Rows": 1,
              "Plan Width": 8,
              "Actual Startup Time": 277.386,
              "Actual Total Time": 277.388,
              "Actual Rows": 1,
              "Actual Loops": 5,
              "Plans": [
                {
                  "Node Type": "Nested Loop",
                  "Parent Relationship": "Outer",
                  "Parallel Aware": false,
                  "Join Type": "Inner",
                  "Startup Cost": 0.43,
                  "Total Cost": 241830.12,
                  "Plan Rows": 7133,
                  "Plan Width": 0,
                  "Actual Startup Time": 69.3,
                  "Actual Total Time": 275.874,
                  "Actual Rows": 14511,
                  "Actual Loops": 5,
                  "Inner Unique": false,
                  "Plans": [
                    {
                      "Node Type": "Seq Scan",
                      "Parent Relationship": "Outer",
                      "Parallel Aware": true,
                      "Relation Name": "title",
                      "Alias": "t",
                      "Startup Cost": 0.0,
                      "Total Cost": 45479.59,
                      "Plan Rows": 8208,
                      "Plan Width": 4,
                      "Actual Startup Time": 68.066,
                      "Actual Total Time": 104.392,
                      "Actual Rows": 5621,
                      "Actual Loops": 5,
                      "Filter": "((kind_id = 1) AND (production_year = 2009))",
                      "Rows Removed by Filter": 500042
                    },
                    {
                      "Node Type": "Index Scan",
                      "Parent Relationship": "Inner",
                      "Parallel Aware": false,
                      "Scan Direction": "Forward",
                      "Index Name": "movie_id_movie_info",
                      "Relation Name": "movie_info",
                      "Alias": "mi",
                      "Startup Cost": 0.43,
                      "Total Cost": 23.86,
                      "Plan Rows": 6,
                      "Plan Width": 4,
                      "Actual Startup Time": 0.017,
                      "Actual Total Time": 0.03,
                      "Actual Rows": 3,
                      "Actual Loops": 28104,
                      "Index Cond": "(movie_id = t.id)",
                      "Rows Removed by Index Recheck": 0,
                      "Filter": "(info_type_id > 16)",
                      "Rows Removed by Filter": 10
                    }
                  ]
                }
              ]
            }
          ]
        }
      ]
    },
    "Planning Time": 0.724,
    "Triggers": [],
    "Execution Time": 332.275
  }
]