{
  "Plan": {
    "Node Type": "Aggregate",
    "Strategy": "Plain",
    "Partial Mode": "Simple",
    "Parallel Aware": false,
    "Startup Cost": 275546.21,
    "Total Cost": 275546.22,
    "Plan Rows": 1,
    "Plan Width": 96,
    "Actual Startup Time": 17879.853,
    "Actual Total Time": 17880.044,
    "Actual Rows": 1,
    "Actual Loops": 1,
    "Plans": [
      {
        "Node Type": "Nested Loop",
        "Parent Relationship": "Outer",
        "Parallel Aware": false,
        "Join Type": "Inner",
        "Startup Cost": 225473.36,
        "Total Cost": 275546.2,
        "Plan Rows": 1,
        "Plan Width": 48,
        "Actual Startup Time": 7297.763,
        "Actual Total Time": 17879.891,
        "Actual Rows": 743,
        "Actual Loops": 1,
        "Inner Unique": true,
        "Plans": [
          {
            "Node Type": "Nested Loop",
            "Parent Relationship": "Outer",
            "Parallel Aware": false,
            "Join Type": "Inner",
            "Startup Cost": 225473.22,
            "Total Cost": 275546.02,
            "Plan Rows": 1,
            "Plan Width": 40,
            "Actual Startup Time": 7297.743,
            "Actual Total Time": 17879.247,
            "Actual Rows": 743,
            "Actual Loops": 1,
            "Inner Unique": false,
            "Join Filter": "(mc.company_type_id = ct.id)",
            "Rows Removed by Join Filter": 95,
            "Plans": [
              {
                "Node Type": "Seq Scan",
                "Parent Relationship": "Outer",
                "Parallel Aware": false,
                "Relation Name": "company_type",
                "Alias": "ct",
                "Startup Cost": 0.0,
                "Total Cost": 1.05,
                "Plan Rows": 1,
                "Plan Width": 4,
                "Actual Startup Time": 0.015,
                "Actual Total Time": 0.018,
                "Actual Rows": 1,
                "Actual Loops": 1,
                "Filter": "((kind)::text = 'production companies'::text)",
                "Rows Removed by Filter": 3
              },
              {
                "Node Type": "Nested Loop",
                "Parent Relationship": "Inner",
                "Parallel Aware": false,
                "Join Type": "Inner",
                "Startup Cost": 225473.22,
                "Total Cost": 275544.96,
                "Plan Rows": 1,
                "Plan Width": 44,
                "Actual Startup Time": 7297.725,
                "Actual Total Time": 17879.155,
                "Actual Rows": 838,
                "Actual Loops": 1,
                "Inner Unique": false,
                "Join Filter": "(cc.subject_id = cct1.id)",
                "Rows Removed by Join Filter": 285,
                "Plans": [
                  {
                    "Node Type": "Seq Scan",
                    "Parent Relationship": "Outer",
                    "Parallel Aware": false,
                    "Relation Name": "comp_cast_type",
                    "Alias": "cct1",
                    "Startup Cost": 0.0,
                    "Total Cost": 1.05,
                    "Plan Rows": 1,
                    "Plan Width": 4,
                    "Actual Startup Time": 0.005,
                    "Actual Total Time": 0.02,
                    "Actual Rows": 1,
                    "Actual Loops": 1,
                    "Filter": "((kind)::text = 'cast'::text)",
                    "Rows Removed by Filter": 3
                  },
                  {
                    "Node Type": "Nested Loop",
                    "Parent Relationship": "Inner",
                    "Parallel Aware": false,
                    "Join Type": "Inner",
                    "Startup Cost": 225473.22,
                    "Total Cost": 275543.9,
                    "Plan Rows": 1,
                    "Plan Width": 48,
                    "Actual Startup Time": 7297.718,
                    "Actual Total Time": 17879.047,
                    "Actual Rows": 1123,
                    "Actual Loops": 1,
                    "Inner Unique": false,
                    "Join Filter": "(mc.company_id = cn.id)",
                    "Rows Removed by Join Filter": 131815035,
                    "Plans": [
                      {
                        "Node Type": "Seq Scan",
                        "Parent Relationship": "Outer",
                        "Parallel Aware": false,
                        "Relation Name": "company_name",
                        "Alias": "cn",
                        "Startup Cost": 0.0,
                        "Total Cost": 7107.45,
                        "Plan Rows": 55187,
                        "Plan Width": 23,
                        "Actual Startup Time": 0.046,
                        "Actual Total Time": 62.03,
                        "Actual Rows": 48302,
                        "Actual Loops": 1,
                        "Filter": "(((country_code)::text <> '[pl]'::text) AND ((name ~~ '%Film%'::text) OR (name ~~ '%Warner%'::text)))",
                        "Rows Removed by Filter": 186695
                      },
                      {
                        "Node Type": "Materialize",
                        "Parent Relationship": "Inner",
                        "Parallel Aware": false,
                        "Startup Cost": 225473.22,
                        "Total Cost": 266780.85,
                        "Plan Rows": 2,
                        "Plan Width": 33,
                        "Actual Startup Time": 0.072,
                        "Actual Total Time": 0.236,
                        "Actual Rows": 2729,
                        "Actual Loops": 48302,
                        "Plans": [
                          {
                            "Node Type": "Nested Loop",
                            "Parent Relationship": "Outer",
                            "Parallel Aware": false,
                            "Join Type": "Inner",
                            "Startup Cost": 225473.22,
                            "Total Cost": 266780.84,
                            "Plan Rows": 2,
                            "Plan Width": 33,
                            "Actual Startup Time": 3482.346,
                            "Actual Total Time": 6961.272,
                            "Actual Rows": 2729,
                            "Actual Loops": 1,
                            "Inner Unique": false,
                            "Join Filter": "(cc.status_id = cct2.id)",
                            "Rows Removed by Join Filter": 2729,
                            "Plans": [
                              {
                                "Node Type": "Seq Scan",
                                "Parent Relationship": "Outer",
                                "Parallel Aware": false,
                                "Relation Name": "comp_cast_type",
                                "Alias": "cct2",
                                "Startup Cost": 0.0,
                                "Total Cost": 1.05,
                                "Plan Rows": 1,
                                "Plan Width": 4,
                                "Actual Startup Time": 0.008,
                                "Actual Total Time": 0.023,
                                "Actual Rows": 2,
                                "Actual Loops": 1,
                                "Filter": "((kind)::text ~~ 'complete%'::text)",
                                "Rows Removed by Filter": 2
                              },
                              {
                                "Node Type": "Gather",
                                "Parent Relationship": "Inner",
                                "Parallel Aware": false,
                                "Startup Cost": 225473.22,
                                "Total Cost": 266779.67,
                                "Plan Rows": 9,
                                "Plan Width": 37,
                                "Actual Startup Time": 1776.961,
                                "Actual Total Time": 3480.311,
                                "Actual Rows": 2729,
                                "Actual Loops": 2,
                                "Workers Planned": 5,
                                "Workers Launched": 5,
                                "Single Copy": false,
                                "Plans": [
                                  {
                                    "Node Type": "Merge Join",
                                    "Parent Relationship": "Outer",
                                    "Parallel Aware": false,
                                    "Join Type": "Inner",
                                    "Startup Cost": 224473.22,
                                    "Total Cost": 265778.77,
                                    "Plan Rows": 2,
                                    "Plan Width": 37,
                                    "Actual Startup Time": 2893.671,
                                    "Actual Total Time": 2933.886,
                                    "Actual Rows": 455,
                                    "Actual Loops": 12,
                                    "Inner Unique": false,
                                    "Merge Cond": "(mi.movie_id = ml.movie_id)",
                                    "Plans": [
                                      {
                                        "Node Type": "Index Scan",
                                        "Parent Relationship": "Outer",
                                        "Parallel Aware": true,
                                        "Scan Direction": "Forward",
                                        "Index Name": "movie_id_movie_info",
                                        "Relation Name": "movie_info",
                                        "Alias": "mi",
                                        "Startup Cost": 0.43,
                                        "Total Cost": 995928.17,
                                        "Plan Rows": 184450,
                                        "Plan Width": 4,
                                        "Actual Startup Time": 0.722,
                                        "Actual Total Time": 44.311,
                                        "Actual Rows": 4711,
                                        "Actual Loops": 12,
                                        "Filter": "(info = ANY ('{Sweden,Norway,Germany,Denmark,Swedish,Denish,Norwegian,German,English}'::text[]))",
                                        "Rows Removed by Filter": 68292
                                      },
                                      {
                                        "Node Type": "Materialize",
                                        "Parent Relationship": "Inner",
                                        "Parallel Aware": false,
                                        "Startup Cost": 224472.78,
                                        "Total Cost": 231573.18,
                                        "Plan Rows": 5,
                                        "Plan Width": 57,
                                        "Actual Startup Time": 2857.073,
                                        "Actual Total Time": 2888.996,
                                        "Actual Rows": 988,
                                        "Actual Loops": 12,
                                        "Plans": [
                                          {
                                            "Node Type": "Merge Join",
                                            "Parent Relationship": "Outer",
                                            "Parallel Aware": false,
                                            "Join Type": "Inner",
                                            "Startup Cost": 224472.78,
                                            "Total Cost": 231573.16,
                                            "Plan Rows": 5,
                                            "Plan Width": 57,
                                            "Actual Startup Time": 3116.785,
                                            "Actual Total Time": 3151.333,
                                            "Actual Rows": 639,
                                            "Actual Loops": 11,
                                            "Inner Unique": false,
                                            "Merge Cond": "(cc.movie_id = ml.movie_id)",
                                            "Plans": [
                                              {
                                                "Node Type": "Index Scan",
                                                "Parent Relationship": "Outer",
                                                "Parallel Aware": false,
                                                "Scan Direction": "Forward",
                                                "Index Name": "movie_id_complete_cast",
                                                "Relation Name": "complete_cast",
                                                "Alias": "cc",
                                                "Startup Cost": 0.42,
                                                "Total Cost": 6650.11,
                                                "Plan Rows": 135086,
                                                "Plan Width": 12,
                                                "Actual Startup Time": 0.206,
                                                "Actual Total Time": 2.146,
                                                "Actual Rows": 5095,
                                                "Actual Loops": 11
                                              },
                                              {
                                                "Node Type": "Materialize",
                                                "Parent Relationship": "Inner",
                                                "Parallel Aware": false,
                                                "Startup Cost": 224472.36,
                                                "Total Cost": 231266.36,
                                                "Plan Rows": 20,
                                                "Plan Width": 45,
                                                "Actual Startup Time": 3112.122,
                                                "Actual Total Time": 3148.672,
                                                "Actual Rows": 1326,
                                                "Actual Loops": 11,
                                                "Plans": [
                                                  {
                                                    "Node Type": "Merge Join",
                                                    "Parent Relationship": "Outer",
                                                    "Parallel Aware": false,
                                                    "Join Type": "Inner",
                                                    "Startup Cost": 224472.36,
                                                    "Total Cost": 231266.31,
                                                    "Plan Rows": 20,
                                                    "Plan Width": 45,
                                                    "Actual Startup Time": 3112.111,
                                                    "Actual Total Time": 3148.259,
                                                    "Actual Rows": 1173,
                                                    "Actual Loops": 11,
                                                    "Inner Unique": false,
                                                    "Merge Cond": "(mc.movie_id = ml.movie_id)",
                                                    "Plans": [
                                                      {
                                                        "Node Type": "Index Scan",
                                                        "Parent Relationship": "Outer",
                                                        "Parallel Aware": false,
                                                        "Scan Direction": "Forward",
                                                        "Index Name": "movie_id_movie_companies",
                                                        "Relation Name": "movie_companies",
                                                        "Alias": "mc",
                                                        "Startup Cost": 0.43,
                                                        "Total Cost": 140404.76,
                                                        "Plan Rows": 1269863,
                                                        "Plan Width": 12,
                                                        "Actual Startup Time": 0.241,
                                                        "Actual Total Time": 25.996,
                                                        "Actual Rows": 41251,
                                                        "Actual Loops": 11,
                                                        "Filter": "(note IS NULL)",
                                                        "Rows Removed by Filter": 41788
                                                      },
                                                      {
                                                        "Node Type": "Materialize",
                                                        "Parent Relationship": "Inner",
                                                        "Parallel Aware": false,
                                                        "Startup Cost": 224471.93,
                                                        "Total Cost": 225658.19,
                                                        "Plan Rows": 8,
                                                        "Plan Width": 33,
                                                        "Actual Startup Time": 3111.482,
                                                        "Actual Total Time": 3119.936,
                                                        "Actual Rows": 1184,
                                                        "Actual Loops": 11,
                                                        "Plans": [
                                                          {
                                                            "Node Type": "Merge Join",
                                                            "Parent Relationship": "Outer",
                                                            "Parallel Aware": false,
                                                            "Join Type": "Inner",
                                                            "Startup Cost": 224471.93,
                                                            "Total Cost": 225658.17,
                                                            "Plan Rows": 8,
                                                            "Plan Width": 33,
                                                            "Actual Startup Time": 3111.47,
                                                            "Actual Total Time": 3119.808,
                                                            "Actual Rows": 251,
                                                            "Actual Loops": 11,
                                                            "Inner Unique": false,
                                                            "Merge Cond": "(ml.movie_id = t.id)",
                                                            "Plans": [
                                                              {
                                                                "Node Type": "Index Scan",
                                                                "Parent Relationship": "Outer",
                                                                "Parallel Aware": false,
                                                                "Scan Direction": "Forward",
                                                                "Index Name": "movie_id_movie_link",
                                                                "Relation Name": "movie_link",
                                                                "Alias": "ml",
                                                                "Startup Cost": 0.29,
                                                                "Total Cost": 1111.51,
                                                                "Plan Rows": 29997,
                                                                "Plan Width": 8,
                                                                "Actual Startup Time": 0.18,
                                                                "Actual Total Time": 6.57,
                                                                "Actual Rows": 29997,
                                                                "Actual Loops": 11
                                                              },
                                                              {
                                                                "Node Type": "Sort",
                                                                "Parent Relationship": "Inner",
                                                                "Parallel Aware": false,
                                                                "Startup Cost": 224471.65,
                                                                "Total Cost": 224471.71,
                                                                "Plan Rows": 26,
                                                                "Plan Width": 25,
                                                                "Actual Startup Time": 3111.243,
                                                                "Actual Total Time": 3111.268,
                                                                "Actual Rows": 266,
                                                                "Actual Loops": 11,
                                                                "Sort Key": [
                                                                  "mk.movie_id"
                                                                ],
                                                                "Sort Method": "quicksort",
                                                                "Sort Space Used": 1081,
                                                                "Sort Space Type": "Memory",
                                                                "Workers": [
                                                                  {
                                                                    "Worker Number": 0,
                                                                    "Sort Method": "quicksort",
                                                                    "Sort Space Used": 1081,
                                                                    "Sort Space Type": "Memory"
                                                                  },
                                                                  {
                                                                    "Worker Number": 1,
                                                                    "Sort Method": "quicksort",
                                                                    "Sort Space Used": 1081,
                                                                    "Sort Space Type": "Memory"
                                                                  },
                                                                  {
                                                                    "Worker Number": 2,
                                                                    "Sort Method": "quicksort",
                                                                    "Sort Space Used": 1081,
                                                                    "Sort Space Type": "Memory"
                                                                  },
                                                                  {
                                                                    "Worker Number": 3,
                                                                    "Sort Method": "quicksort",
                                                                    "Sort Space Used": 1081,
                                                                    "Sort Space Type": "Memory"
                                                                  },
                                                                  {
                                                                    "Worker Number": 4,
                                                                    "Sort Method": "quicksort",
                                                                    "Sort Space Used": 1081,
                                                                    "Sort Space Type": "Memory"
                                                                  }
                                                                ],
                                                                "Plans": [
                                                                  {
                                                                    "Node Type": "Nested Loop",
                                                                    "Parent Relationship": "Outer",
                                                                    "Parallel Aware": false,
                                                                    "Join Type": "Inner",
                                                                    "Startup Cost": 97714.31,
                                                                    "Total Cost": 224471.04,
                                                                    "Plan Rows": 26,
                                                                    "Plan Width": 25,
                                                                    "Actual Startup Time": 1628.512,
                                                                    "Actual Total Time": 3106.739,
                                                                    "Actual Rows": 8370,
                                                                    "Actual Loops": 11,
                                                                    "Inner Unique": false,
                                                                    "Join Filter": "(mk.keyword_id = k.id)",
                                                                    "Rows Removed by Join Filter": 3673772,
                                                                    "Plans": [
                                                                      {
                                                                        "Node Type": "Seq Scan",
                                                                        "Parent Relationship": "Outer",
                                                                        "Parallel Aware": false,
                                                                        "Relation Name": "keyword",
                                                                        "Alias": "k",
                                                                        "Startup Cost": 0.0,
                                                                        "Total Cost": 2626.12,
                                                                        "Plan Rows": 1,
                                                                        "Plan Width": 4,
                                                                        "Actual Startup Time": 2.851,
                                                                        "Actual Total Time": 14.668,
                                                                        "Actual Rows": 1,
                                                                        "Actual Loops": 11,
                                                                        "Filter": "(keyword = 'sequel'::text)",
                                                                        "Rows Removed by Filter": 134169
                                                                      },
                                                                      {
                                                                        "Node Type": "Hash Join",
                                                                        "Parent Relationship": "Inner",
                                                                        "Parallel Aware": false,
                                                                        "Join Type": "Inner",
                                                                        "Startup Cost": 97714.31,
                                                                        "Total Cost": 179282.95,
                                                                        "Plan Rows": 3404957,
                                                                        "Plan Width": 29,
                                                                        "Actual Startup Time": 1625.294,
                                                                        "Actual Total Time": 2924.938,
                                                                        "Actual Rows": 3682142,
                                                                        "Actual Loops": 11,
                                                                        "Inner Unique": true,
                                                                        "Hash Cond": "(mk.movie_id = t.id)",
                                                                        "Plans": [
                                                                          {
                                                                            "Node Type": "Seq Scan",
                                                                            "Parent Relationship": "Outer",
                                                                            "Parallel Aware": false,
                                                                            "Relation Name": "movie_keyword",
                                                                            "Alias": "mk",
                                                                            "Startup Cost": 0.0,
                                                                            "Total Cost": 69693.3,
                                                                            "Plan Rows": 4523930,
                                                                            "Plan Width": 8,
                                                                            "Actual Startup Time": 0.056,
                                                                            "Actual Total Time": 431.347,
                                                                            "Actual Rows": 4523930,
                                                                            "Actual Loops": 11
                                                                          },
                                                                          {
                                                                            "Node Type": "Hash",
                                                                            "Parent Relationship": "Inner",
                                                                            "Parallel Aware": false,
                                                                            "Startup Cost": 73925.64,
                                                                            "Total Cost": 73925.64,
                                                                            "Plan Rows": 1903094,
                                                                            "Plan Width": 21,
                                                                            "Actual Startup Time": 1602.566,
                                                                            "Actual Total Time": 1602.567,
                                                                            "Actual Rows": 1900368,
                                                                            "Actual Loops": 11,
                                                                            "Hash Buckets": 2097152,
                                                                            "Original Hash Buckets": 2097152,
                                                                            "Hash Batches": 1,
                                                                            "Original Hash Batches": 1,
                                                                            "Peak Memory Usage": 118096,
                                                                            "Plans": [
                                                                              {
                                                                                "Node Type": "Seq Scan",
                                                                                "Parent Relationship": "Outer",
                                                                                "Parallel Aware": false,
                                                                                "Relation Name": "title",
                                                                                "Alias": "t",
                                                                                "Startup Cost": 0.0,
                                                                                "Total Cost": 73925.64,
                                                                                "Plan Rows": 1903094,
                                                                                "Plan Width": 21,
                                                                                "Actual Startup Time": 0.079,
                                                                                "Actual Total Time": 799.03,
                                                                                "Actual Rows": 1900368,
                                                                                "Actual Loops": 11,
                                                                                "Filter": "((production_year >= 1950) AND (production_year <= 2010))",
                                                                                "Rows Removed by Filter": 627944
                                                                              }
                                                                            ]
                                                                          }
                                                                        ]
                                                                      }
                                                                    ]
                                                                  }
                                                                ]
                                                              }
                                                            ]
                                                          }
                                                        ]
                                                      }
                                                    ]
                                                  }
                                                ]
                                              }
                                            ]
                                          }
                                        ]
                                      }
                                    ]
                                  }
                                ]
                              }
                            ]
                          }
                        ]
                      }
                    ]
                  }
                ]
              }
            ]
          },
          {
            "Node Type": "Index Scan",
            "Parent Relationship": "Inner",
            "Parallel Aware": false,
            "Scan Direction": "Forward",
            "Index Name": "link_type_pkey",
            "Relation Name": "link_type",
            "Alias": "lt",
            "Startup Cost": 0.14,
            "Total Cost": 0.16,
            "Plan Rows": 1,
            "Plan Width": 16,
            "Actual Startup Time": 0.001,
            "Actual Total Time": 0.001,
            "Actual Rows": 1,
            "Actual Loops": 743,
            "Index Cond": "(id = ml.link_type_id)",
            "Rows Removed by Index Recheck": 0,
            "Filter": "((link)::text ~~ '%follow%'::text)",
            "Rows Removed by Filter": 0
          }
        ]
      }
    ]
  },
  "Planning Time": 101.147,
  "Triggers": [],
  "Execution Time": 17883.449
}