{
  "Plan": {
    "Node Type": "Aggregate",
    "Strategy": "Plain",
    "Partial Mode": "Finalize",
    "Parallel Aware": false,
    "Startup Cost": 165442.97,
    "Total Cost": 165442.98,
    "Plan Rows": 1,
    "Plan Width": 8,
    "Actual Startup Time": 1195.846,
    "Actual Total Time": 1240.496,
    "Actual Rows": 1,
    "Actual Loops": 1,
    "Plans": [
      {
        "Node Type": "Gather",
        "Parent Relationship": "Outer",
        "Parallel Aware": false,
        "Startup Cost": 165442.86,
        "Total Cost": 165442.97,
        "Plan Rows": 1,
        "Plan Width": 8,
        "Actual Startup Time": 1195.103,
        "Actual Total Time": 1240.488,
        "Actual Rows": 2,
        "Actual Loops": 1,
        "Workers Planned": 1,
        "Workers Launched": 1,
        "Single Copy": false,
        "Plans": [
          {
            "Node Type": "Aggregate",
            "Strategy": "Plain",
            "Partial Mode": "Partial",
            "Parent Relationship": "Outer",
            "Parallel Aware": false,
            "Startup Cost": 164442.86,
            "Total Cost": 164442.87,
            "Plan Rows": 1,
            "Plan Width": 8,
            "Actual Startup Time": 1189.585,
            "Actual Total Time": 1189.589,
            "Actual Rows": 1,
            "Actual Loops": 2,
            "Plans": [
              {
                "Node Type": "Nested Loop",
                "Parent Relationship": "Outer",
                "Parallel Aware": false,
                "Join Type": "Inner",
                "Startup Cost": 58677.97,
                "Total Cost": 164141.98,
                "Plan Rows": 120351,
                "Plan Width": 0,
                "Actual Startup Time": 145.866,
                "Actual Total Time": 1092.425,
                "Actual Rows": 2231038,
                "Actual Loops": 2,
                "Inner Unique": false,
                "Join Filter": "(t.id = mi.movie_id)",
                "Rows Removed by Join Filter": 0,
                "Plans": [
                  {
                    "Node Type": "Hash Join",
                    "Parent Relationship": "Outer",
                    "Parallel Aware": true,
                    "Join Type": "Inner",
                    "Startup Cost": 58677.53,
                    "Total Cost": 119102.64,
                    "Plan Rows": 20582,
                    "Plan Width": 8,
                    "Actual Startup Time": 145.798,
                    "Actual Total Time": 382.01,
                    "Actual Rows": 33516,
                    "Actual Loops": 2,
                    "Inner Unique": true,
                    "Hash Cond": "(mk.movie_id = t.id)",
                    "Plans": [
                      {
                        "Node Type": "Seq Scan",
                        "Parent Relationship": "Outer",
                        "Parallel Aware": true,
                        "Relation Name": "movie_keyword",
                        "Alias": "mk",
                        "Startup Cost": 0.0,
                        "Total Cost": 57718.19,
                        "Plan Rows": 1031208,
                        "Plan Width": 4,
                        "Actual Startup Time": 0.691,
                        "Actual Total Time": 167.797,
                        "Actual Rows": 877576,
                        "Actual Loops": 2,
                        "Filter": "(keyword_id > 7906)",
                        "Rows Removed by Filter": 1384390
                      },
                      {
                        "Node Type": "Hash",
                        "Parent Relationship": "Inner",
                        "Parallel Aware": true,
                        "Startup Cost": 58306.47,
                        "Total Cost": 58306.47,
                        "Plan Rows": 29685,
                        "Plan Width": 4,
                        "Actual Startup Time": 143.967,
                        "Actual Total Time": 143.968,
                        "Actual Rows": 22006,
                        "Actual Loops": 2,
                        "Hash Buckets": 65536,
                        "Original Hash Buckets": 65536,
                        "Hash Batches": 1,
                        "Original Hash Batches": 1,
                        "Peak Memory Usage": 2272,
                        "Plans": [
                          {
                            "Node Type": "Seq Scan",
                            "Parent Relationship": "Outer",
                            "Parallel Aware": true,
                            "Relation Name": "title",
                            "Alias": "t",
                            "Startup Cost": 0.0,
                            "Total Cost": 58306.47,
                            "Plan Rows": 29685,
                            "Plan Width": 4,
                            "Actual Startup Time": 0.243,
                            "Actual Total Time": 138.201,
                            "Actual Rows": 22006,
                            "Actual Loops": 2,
                            "Filter": "((kind_id < 7) AND (production_year = 2009))",
                            "Rows Removed by Filter": 1242150
                          }
                        ]
                      }
                    ]
                  },
                  {
                    "Node Type": "Index Only Scan",
                    "Parent Relationship": "Inner",
                    "Parallel Aware": false,
                    "Scan Direction": "Forward",
                    "Index Name": "movie_id_movie_info",
                    "Relation Name": "movie_info",
                    "Alias": "mi",
                    "Startup Cost": 0.43,
                    "Total Cost": 1.66,
                    "Plan Rows": 42,
                    "Plan Width": 4,
                    "Actual Startup Time": 0.004,
                    "Actual Total Time": 0.016,
                    "Actual Rows": 67,
                    "Actual Loops": 67032,
                    "Index Cond": "(movie_id = mk.movie_id)",
                    "Rows Removed by Index Recheck": 0,
                    "Heap Fetches": 4462077
                  }
                ]
              }
            ]
          }
        ]
      }
    ]
  },
  "Planning Time": 0.777,
  "Triggers": [],
  "Execution Time": 1240.578
}