[
  {
    "Plan": {
      "Node Type": "Aggregate",
      "Strategy": "Plain",
      "Partial Mode": "Finalize",
      "Parallel Aware": false,
      "Startup Cost": 87985.17,
      "Total Cost": 87985.18,
      "Plan Rows": 1,
      "Plan Width": 8,
      "Actual Startup Time": 166.429,
      "Actual Total Time": 184.036,
      "Actual Rows": 1,
      "Actual Loops": 1,
      "Plans": [
        {
          "Node Type": "Gather",
          "Parent Relationship": "Outer",
          "Parallel Aware": false,
          "Startup Cost": 87984.85,
          "Total Cost": 87985.16,
          "Plan Rows": 3,
          "Plan Width": 8,
          "Actual Startup Time": 165.874,
          "Actual Total Time": 184.027,
          "Actual Rows": 4,
          "Actual Loops": 1,
          "Workers Planned": 3,
          "Workers Launched": 3,
          "Single Copy": false,
          "Plans": [
            {
              "Node Type": "Aggregate",
              "Strategy": "Plain",
              "Partial Mode": "Partial",
              "Parent Relationship": "Outer",
              "Parallel Aware": false,
              "Startup Cost": 86984.85,
              "Total Cost": 86984.86,
              "Plan Rows": 1,
              "Plan Width": 8,
              "Actual Startup Time": 159.258,
              "Actual Total Time": 159.262,
              "Actual Rows": 1,
              "Actual Loops": 4,
              "Plans": [
                {
                  "Node Type": "Nested Loop",
                  "Parent Relationship": "Outer",
                  "Parallel Aware": false,
                  "Join Type": "Inner",
                  "Startup Cost": 53018.09,
                  "Total Cost": 86970.21,
                  "Plan Rows": 5855,
                  "Plan Width": 0,
                  "Actual Startup Time": 111.673,
                  "Actual Total Time": 159.178,
                  "Actual Rows": 785,
                  "Actual Loops": 4,
                  "Inner Unique": false,
                  "Join Filter": "(t.id = mi.movie_id)",
                  "Rows Removed by Join Filter": 0,
                  "Plans": [
                    {
                      "Node Type": "Hash Join",
                      "Parent Relationship": "Outer",
                      "Parallel Aware": true,
                      "Join Type": "Inner",
                      "Startup Cost": 53017.66,
                      "Total Cost": 73573.56,
                      "Plan Rows": 1981,
                      "Plan Width": 8,
                      "Actual Startup Time": 111.51,
                      "Actual Total Time": 154.225,
                      "Actual Rows": 406,
                      "Actual Loops": 4,
                      "Inner Unique": true,
                      "Hash Cond": "(mc.movie_id = t.id)",
                      "Plans": [
                        {
                          "Node Type": "Bitmap Heap Scan",
                          "Parent Relationship": "Outer",
                          "Parallel Aware": true,
                          "Relation Name": "movie_companies",
                          "Alias": "mc",
                          "Startup Cost": 7242.93,
                          "Total Cost": 27659.65,
                          "Plan Rows": 53024,
                          "Plan Width": 4,
                          "Actual Startup Time": 16.113,
                          "Actual Total Time": 52.448,
                          "Actual Rows": 65149,
                          "Actual Loops": 4,
                          "Recheck Cond": "(company_id < 164)",
                          "Rows Removed by Index Recheck": 0,
                          "Filter": "(company_type_id = 1)",
                          "Rows Removed by Filter": 17331,
                          "Exact Heap Blocks": 7987,
                          "Lossy Heap Blocks": 0,
                          "Plans": [
                            {
                              "Node Type": "Bitmap Index Scan",
                              "Parent Relationship": "Outer",
                              "Parallel Aware": false,
                              "Index Name": "company_id_movie_companies",
                              "Startup Cost": 0.0,
                              "Total Cost": 7201.84,
                              "Plan Rows": 336188,
                              "Plan Width": 0,
                              "Actual Startup Time": 13.478,
                              "Actual Total Time": 13.479,
                              "Actual Rows": 329920,
                              "Actual Loops": 1,
                              "Index Cond": "(company_id < 164)"
                            }
                          ]
                        },
                        {
                          "Node Type": "Hash",
                          "Parent Relationship": "Inner",
                          "Parallel Aware": true,
                          "Startup Cost": 45479.59,
                          "Total Cost": 45479.59,
                          "Plan Rows": 23611,
                          "Plan Width": 4,
                          "Actual Startup Time": 92.668,
                          "Actual Total Time": 92.669,
                          "Actual Rows": 1004,
                          "Actual Loops": 4,
                          "Hash Buckets": 131072,
                          "Original Hash Buckets": 131072,
                          "Hash Batches": 1,
                          "Original Hash Batches": 1,
                          "Peak Memory Usage": 1248,
                          "Plans": [
                            {
                              "Node Type": "Seq Scan",
                              "Parent Relationship": "Outer",
                              "Parallel Aware": true,
                              "Relation Name": "title",
                              "Alias": "t",
                              "Startup Cost": 0.0,
                              "Total Cost": 45479.59,
                              "Plan Rows": 23611,
                              "Plan Width": 4,
                              "Actual Startup Time": 0.475,
                              "Actual Total Time": 91.829,
                              "Actual Rows": 1004,
                              "Actual Loops": 4,
                              "Filter": "((production_year < 1951) AND (kind_id = 7))",
                              "Rows Removed by Filter": 631074
                            }
                          ]
                        }
                      ]
                    },
                    {
                      "Node Type": "Index Scan",
                      "Parent Relationship": "Inner",
                      "Parallel Aware": false,
                      "Scan Direction": "Forward",
                      "Index Name": "movie_id_movie_info",
                      "Relation Name": "movie_info",
                      "Alias": "mi",
                      "Startup Cost": 0.43,
                      "Total Cost": 6.5,
                      "Plan Rows": 21,
                      "Plan Width": 4,
                      "Actual Startup Time": 0.006,
                      "Actual Total Time": 0.012,
                      "Actual Rows": 2,
                      "Actual Loops": 1624,
                      "Index Cond": "(movie_id = mc.movie_id)",
                      "Rows Removed by Index Recheck": 0,
                      "Filter": "(info_type_id > 7)",
                      "Rows Removed by Filter": 5
                    }
                  ]
                }
              ]
            }
          ]
        }
      ]
    },
    "Planning Time": 1.309,
    "Triggers": [],
    "Execution Time": 184.127
  }
]