[
  {
    "Plan": {
      "Node Type": "Aggregate",
      "Strategy": "Plain",
      "Partial Mode": "Finalize",
      "Parallel Aware": false,
      "Startup Cost": 88742.29,
      "Total Cost": 88742.3,
      "Plan Rows": 1,
      "Plan Width": 8,
      "Actual Startup Time": 177.611,
      "Actual Total Time": 195.625,
      "Actual Rows": 1,
      "Actual Loops": 1,
      "Plans": [
        {
          "Node Type": "Gather",
          "Parent Relationship": "Outer",
          "Parallel Aware": false,
          "Startup Cost": 88741.97,
          "Total Cost": 88742.28,
          "Plan Rows": 3,
          "Plan Width": 8,
          "Actual Startup Time": 177.172,
          "Actual Total Time": 195.608,
          "Actual Rows": 4,
          "Actual Loops": 1,
          "Workers Planned": 3,
          "Workers Launched": 3,
          "Single Copy": false,
          "Plans": [
            {
              "Node Type": "Aggregate",
              "Strategy": "Plain",
              "Partial Mode": "Partial",
              "Parent Relationship": "Outer",
              "Parallel Aware": false,
              "Startup Cost": 87741.97,
              "Total Cost": 87741.98,
              "Plan Rows": 1,
              "Plan Width": 8,
              "Actual Startup Time": 167.686,
              "Actual Total Time": 167.69,
              "Actual Rows": 1,
              "Actual Loops": 4,
              "Plans": [
                {
                  "Node Type": "Nested Loop",
                  "Parent Relationship": "Outer",
                  "Parallel Aware": false,
                  "Join Type": "Inner",
                  "Startup Cost": 53002.06,
                  "Total Cost": 87726.23,
                  "Plan Rows": 6296,
                  "Plan Width": 0,
                  "Actual Startup Time": 115.601,
                  "Actual Total Time": 167.608,
                  "Actual Rows": 785,
                  "Actual Loops": 4,
                  "Inner Unique": false,
                  "Join Filter": "(t.id = mi.movie_id)",
                  "Rows Removed by Join Filter": 0,
                  "Plans": [
                    {
                      "Node Type": "Hash Join",
                      "Parent Relationship": "Outer",
                      "Parallel Aware": true,
                      "Join Type": "Inner",
                      "Startup Cost": 53001.62,
                      "Total Cost": 73550.52,
                      "Plan Rows": 2091,
                      "Plan Width": 8,
                      "Actual Startup Time": 115.496,
                      "Actual Total Time": 162.292,
                      "Actual Rows": 406,
                      "Actual Loops": 4,
                      "Inner Unique": true,
                      "Hash Cond": "(mc.movie_id = t.id)",
                      "Plans": [
                        {
                          "Node Type": "Bitmap Heap Scan",
                          "Parent Relationship": "Outer",
                          "Parallel Aware": true,
                          "Relation Name": "movie_companies",
                          "Alias": "mc",
                          "Startup Cost": 7211.67,
                          "Total Cost": 27621.06,
                          "Plan Rows": 53145,
                          "Plan Width": 4,
                          "Actual Startup Time": 18.749,
                          "Actual Total Time": 58.71,
                          "Actual Rows": 65149,
                          "Actual Loops": 4,
                          "Recheck Cond": "(company_id < 164)",
                          "Rows Removed by Index Recheck": 0,
                          "Filter": "(company_type_id = 1)",
                          "Rows Removed by Filter": 17331,
                          "Exact Heap Blocks": 5598,
                          "Lossy Heap Blocks": 0,
                          "Plans": [
                            {
                              "Node Type": "Bitmap Index Scan",
                              "Parent Relationship": "Outer",
                              "Parallel Aware": false,
                              "Index Name": "company_id_movie_companies",
                              "Startup Cost": 0.0,
                              "Total Cost": 7170.49,
                              "Plan Rows": 334674,
                              "Plan Width": 0,
                              "Actual Startup Time": 16.022,
                              "Actual Total Time": 16.023,
                              "Actual Rows": 329920,
                              "Actual Loops": 1,
                              "Index Cond": "(company_id < 164)"
                            }
                          ]
                        },
                        {
                          "Node Type": "Hash",
                          "Parent Relationship": "Inner",
                          "Parallel Aware": true,
                          "Startup Cost": 45479.1,
                          "Total Cost": 45479.1,
                          "Plan Rows": 24868,
                          "Plan Width": 4,
                          "Actual Startup Time": 93.473,
                          "Actual Total Time": 93.474,
                          "Actual Rows": 1004,
                          "Actual Loops": 4,
                          "Hash Buckets": 131072,
                          "Original Hash Buckets": 131072,
                          "Hash Batches": 1,
                          "Original Hash Batches": 1,
                          "Peak Memory Usage": 1248,
                          "Plans": [
                            {
                              "Node Type": "Seq Scan",
                              "Parent Relationship": "Outer",
                              "Parallel Aware": true,
                              "Relation Name": "title",
                              "Alias": "t",
                              "Startup Cost": 0.0,
                              "Total Cost": 45479.1,
                              "Plan Rows": 24868,
                              "Plan Width": 4,
                              "Actual Startup Time": 0.31,
                              "Actual Total Time": 92.548,
                              "Actual Rows": 1004,
                              "Actual Loops": 4,
                              "Filter": "((production_year < 1951) AND (kind_id = 7))",
                              "Rows Removed by Filter": 631074
                            }
                          ]
                        }
                      ]
                    },
                    {
                      "Node Type": "Index Scan",
                      "Parent Relationship": "Inner",
                      "Parallel Aware": false,
                      "Scan Direction": "Forward",
                      "Index Name": "movie_id_movie_info",
                      "Relation Name": "movie_info",
                      "Alias": "mi",
                      "Startup Cost": 0.43,
                      "Total Cost": 6.5,
                      "Plan Rows": 22,
                      "Plan Width": 4,
                      "Actual Startup Time": 0.007,
                      "Actual Total Time": 0.012,
                      "Actual Rows": 2,
                      "Actual Loops": 1624,
                      "Index Cond": "(movie_id = mc.movie_id)",
                      "Rows Removed by Index Recheck": 0,
                      "Filter": "(info_type_id > 7)",
                      "Rows Removed by Filter": 5
                    }
                  ]
                }
              ]
            }
          ]
        }
      ]
    },
    "Planning Time": 1.534,
    "Triggers": [],
    "Execution Time": 195.731
  }
]