[
  {
    "Plan": {
      "Node Type": "Aggregate",
      "Strategy": "Plain",
      "Partial Mode": "Finalize",
      "Parallel Aware": false,
      "Startup Cost": 71119.91,
      "Total Cost": 71119.92,
      "Plan Rows": 1,
      "Plan Width": 8,
      "Actual Startup Time": 112.241,
      "Actual Total Time": 119.93,
      "Actual Rows": 1,
      "Actual Loops": 1,
      "Plans": [
        {
          "Node Type": "Gather",
          "Parent Relationship": "Outer",
          "Parallel Aware": false,
          "Startup Cost": 71119.59,
          "Total Cost": 71119.9,
          "Plan Rows": 3,
          "Plan Width": 8,
          "Actual Startup Time": 112.043,
          "Actual Total Time": 119.924,
          "Actual Rows": 4,
          "Actual Loops": 1,
          "Workers Planned": 3,
          "Workers Launched": 3,
          "Single Copy": false,
          "Plans": [
            {
              "Node Type": "Aggregate",
              "Strategy": "Plain",
              "Partial Mode": "Partial",
              "Parent Relationship": "Outer",
              "Parallel Aware": false,
              "Startup Cost": 70119.59,
              "Total Cost": 70119.6,
              "Plan Rows": 1,
              "Plan Width": 8,
              "Actual Startup Time": 105.848,
              "Actual Total Time": 105.851,
              "Actual Rows": 1,
              "Actual Loops": 4,
              "Plans": [
                {
                  "Node Type": "Hash Join",
                  "Parent Relationship": "Outer",
                  "Parallel Aware": true,
                  "Join Type": "Inner",
                  "Startup Cost": 44901.08,
                  "Total Cost": 70119.31,
                  "Plan Rows": 114,
                  "Plan Width": 0,
                  "Actual Startup Time": 88.419,
                  "Actual Total Time": 105.83,
                  "Actual Rows": 112,
                  "Actual Loops": 4,
                  "Inner Unique": true,
                  "Hash Cond": "(mk.movie_id = t.id)",
                  "Plans": [
                    {
                      "Node Type": "Bitmap Heap Scan",
                      "Parent Relationship": "Outer",
                      "Parallel Aware": true,
                      "Relation Name": "movie_keyword",
                      "Alias": "mk",
                      "Startup Cost": 938.86,
                      "Total Cost": 26119.67,
                      "Plan Rows": 14253,
                      "Plan Width": 4,
                      "Actual Startup Time": 4.414,
                      "Actual Total Time": 19.908,
                      "Actual Rows": 10460,
                      "Actual Loops": 4,
                      "Recheck Cond": "(keyword_id = 117)",
                      "Rows Removed by Index Recheck": 0,
                      "Exact Heap Blocks": 4823,
                      "Lossy Heap Blocks": 0,
                      "Plans": [
                        {
                          "Node Type": "Bitmap Index Scan",
                          "Parent Relationship": "Outer",
                          "Parallel Aware": false,
                          "Index Name": "keyword_id_movie_keyword",
                          "Startup Cost": 0.0,
                          "Total Cost": 927.81,
                          "Plan Rows": 44184,
                          "Plan Width": 0,
                          "Actual Startup Time": 2.755,
                          "Actual Total Time": 2.756,
                          "Actual Rows": 41840,
                          "Actual Loops": 1,
                          "Index Cond": "(keyword_id = 117)"
                        }
                      ]
                    },
                    {
                      "Node Type": "Hash",
                      "Parent Relationship": "Inner",
                      "Parallel Aware": true,
                      "Startup Cost": 43899.01,
                      "Total Cost": 43899.01,
                      "Plan Rows": 5057,
                      "Plan Width": 4,
                      "Actual Startup Time": 83.016,
                      "Actual Total Time": 83.016,
                      "Actual Rows": 4965,
                      "Actual Loops": 4,
                      "Hash Buckets": 32768,
                      "Original Hash Buckets": 32768,
                      "Hash Batches": 1,
                      "Original Hash Batches": 1,
                      "Peak Memory Usage": 1088,
                      "Plans": [
                        {
                          "Node Type": "Seq Scan",
                          "Parent Relationship": "Outer",
                          "Parallel Aware": true,
                          "Relation Name": "title",
                          "Alias": "t",
                          "Startup Cost": 0.0,
                          "Total Cost": 43899.01,
                          "Plan Rows": 5057,
                          "Plan Width": 4,
                          "Actual Startup Time": 0.062,
                          "Actual Total Time": 80.473,
                          "Actual Rows": 4965,
                          "Actual Loops": 4,
                          "Filter": "(production_year = 1988)",
                          "Rows Removed by Filter": 627113
                        }
                      ]
                    }
                  ]
                }
              ]
            }
          ]
        }
      ]
    },
    "Planning Time": 0.297,
    "Triggers": [],
    "Execution Time": 119.978
  }
]