[
  {
    "Plan": {
      "Node Type": "Aggregate",
      "Strategy": "Plain",
      "Partial Mode": "Finalize",
      "Parallel Aware": false,
      "Startup Cost": 603178.68,
      "Total Cost": 603178.69,
      "Plan Rows": 1,
      "Plan Width": 8,
      "Actual Startup Time": 3702.985,
      "Actual Total Time": 3797.508,
      "Actual Rows": 1,
      "Actual Loops": 1,
      "Plans": [
        {
          "Node Type": "Gather",
          "Parent Relationship": "Outer",
          "Parallel Aware": false,
          "Startup Cost": 603178.05,
          "Total Cost": 603178.66,
          "Plan Rows": 6,
          "Plan Width": 8,
          "Actual Startup Time": 3685.975,
          "Actual Total Time": 3797.495,
          "Actual Rows": 7,
          "Actual Loops": 1,
          "Workers Planned": 6,
          "Workers Launched": 6,
          "Single Copy": false,
          "Plans": [
            {
              "Node Type": "Aggregate",
              "Strategy": "Plain",
              "Partial Mode": "Partial",
              "Parent Relationship": "Outer",
              "Parallel Aware": false,
              "Startup Cost": 602178.05,
              "Total Cost": 602178.06,
              "Plan Rows": 1,
              "Plan Width": 8,
              "Actual Startup Time": 3672.846,
              "Actual Total Time": 3673.001,
              "Actual Rows": 1,
              "Actual Loops": 7,
              "Plans": [
                {
                  "Node Type": "Hash Join",
                  "Parent Relationship": "Outer",
                  "Parallel Aware": true,
                  "Join Type": "Inner",
                  "Startup Cost": 251433.16,
                  "Total Cost": 593855.24,
                  "Plan Rows": 3329125,
                  "Plan Width": 0,
                  "Actual Startup Time": 788.619,
                  "Actual Total Time": 3324.221,
                  "Actual Rows": 6951413,
                  "Actual Loops": 7,
                  "Inner Unique": false,
                  "Hash Cond": "(ci.movie_id = t.id)",
                  "Plans": [
                    {
                      "Node Type": "Seq Scan",
                      "Parent Relationship": "Outer",
                      "Parallel Aware": true,
                      "Relation Name": "cast_info",
                      "Alias": "ci",
                      "Startup Cost": 0.0,
                      "Total Cost": 313106.51,
                      "Plan Rows": 6041951,
                      "Plan Width": 4,
                      "Actual Startup Time": 0.024,
                      "Actual Total Time": 565.121,
                      "Actual Rows": 5177763,
                      "Actual Loops": 7
                    },
                    {
                      "Node Type": "Hash",
                      "Parent Relationship": "Inner",
                      "Parallel Aware": true,
                      "Startup Cost": 247950.25,
                      "Total Cost": 247950.25,
                      "Plan Rows": 278633,
                      "Plan Width": 8,
                      "Actual Startup Time": 783.769,
                      "Actual Total Time": 783.922,
                      "Actual Rows": 220709,
                      "Actual Loops": 7,
                      "Hash Buckets": 2097152,
                      "Original Hash Buckets": 2097152,
                      "Hash Batches": 1,
                      "Original Hash Batches": 1,
                      "Peak Memory Usage": 76960,
                      "Plans": [
                        {
                          "Node Type": "Hash Join",
                          "Parent Relationship": "Outer",
                          "Parallel Aware": true,
                          "Join Type": "Inner",
                          "Startup Cost": 45797.57,
                          "Total Cost": 247950.25,
                          "Plan Rows": 278633,
                          "Plan Width": 8,
                          "Actual Startup Time": 156.882,
                          "Actual Total Time": 682.252,
                          "Actual Rows": 220709,
                          "Actual Loops": 7,
                          "Inner Unique": true,
                          "Hash Cond": "(mi.movie_id = t.id)",
                          "Plans": [
                            {
                              "Node Type": "Seq Scan",
                              "Parent Relationship": "Outer",
                              "Parallel Aware": true,
                              "Relation Name": "movie_info",
                              "Alias": "mi",
                              "Startup Cost": 0.0,
                              "Total Cost": 199108.24,
                              "Plan Rows": 1159785,
                              "Plan Width": 4,
                              "Actual Startup Time": 17.892,
                              "Actual Total Time": 357.43,
                              "Actual Rows": 838432,
                              "Actual Loops": 7,
                              "Filter": "(info_type_id > 13)",
                              "Rows Removed by Filter": 1280956
                            },
                            {
                              "Node Type": "Hash",
                              "Parent Relationship": "Inner",
                              "Parallel Aware": true,
                              "Startup Cost": 43899.32,
                              "Total Cost": 43899.32,
                              "Plan Rows": 151860,
                              "Plan Width": 4,
                              "Actual Startup Time": 137.565,
                              "Actual Total Time": 137.567,
                              "Actual Rows": 88979,
                              "Actual Loops": 7,
                              "Hash Buckets": 1048576,
                              "Original Hash Buckets": 1048576,
                              "Hash Batches": 1,
                              "Original Hash Batches": 1,
                              "Peak Memory Usage": 32672,
                              "Plans": [
                                {
                                  "Node Type": "Seq Scan",
                                  "Parent Relationship": "Outer",
                                  "Parallel Aware": true,
                                  "Relation Name": "title",
                                  "Alias": "t",
                                  "Startup Cost": 0.0,
                                  "Total Cost": 43899.32,
                                  "Plan Rows": 151860,
                                  "Plan Width": 4,
                                  "Actual Startup Time": 0.044,
                                  "Actual Total Time": 88.724,
                                  "Actual Rows": 88979,
                                  "Actual Loops": 7,
                                  "Filter": "(production_year < 1987)",
                                  "Rows Removed by Filter": 272209
                                }
                              ]
                            }
                          ]
                        }
                      ]
                    }
                  ]
                }
              ]
            }
          ]
        }
      ]
    },
    "Planning Time": 1.131,
    "Triggers": [],
    "Execution Time": 3797.592
  }
]