[
  {
    "Plan": {
      "Node Type": "Aggregate",
      "Strategy": "Plain",
      "Partial Mode": "Finalize",
      "Parallel Aware": false,
      "Startup Cost": 603740.08,
      "Total Cost": 603740.09,
      "Plan Rows": 1,
      "Plan Width": 8,
      "Actual Startup Time": 3499.196,
      "Actual Total Time": 3587.748,
      "Actual Rows": 1,
      "Actual Loops": 1,
      "Plans": [
        {
          "Node Type": "Gather",
          "Parent Relationship": "Outer",
          "Parallel Aware": false,
          "Startup Cost": 603739.46,
          "Total Cost": 603740.07,
          "Plan Rows": 6,
          "Plan Width": 8,
          "Actual Startup Time": 3480.369,
          "Actual Total Time": 3587.733,
          "Actual Rows": 7,
          "Actual Loops": 1,
          "Workers Planned": 6,
          "Workers Launched": 6,
          "Single Copy": false,
          "Plans": [
            {
              "Node Type": "Aggregate",
              "Strategy": "Plain",
              "Partial Mode": "Partial",
              "Parent Relationship": "Outer",
              "Parallel Aware": false,
              "Startup Cost": 602739.46,
              "Total Cost": 602739.47,
              "Plan Rows": 1,
              "Plan Width": 8,
              "Actual Startup Time": 3465.05,
              "Actual Total Time": 3465.309,
              "Actual Rows": 1,
              "Actual Loops": 7,
              "Plans": [
                {
                  "Node Type": "Hash Join",
                  "Parent Relationship": "Outer",
                  "Parallel Aware": true,
                  "Join Type": "Inner",
                  "Startup Cost": 251499.33,
                  "Total Cost": 594111.35,
                  "Plan Rows": 3451243,
                  "Plan Width": 0,
                  "Actual Startup Time": 667.356,
                  "Actual Total Time": 3170.776,
                  "Actual Rows": 6951413,
                  "Actual Loops": 7,
                  "Inner Unique": false,
                  "Hash Cond": "(ci.movie_id = t.id)",
                  "Plans": [
                    {
                      "Node Type": "Seq Scan",
                      "Parent Relationship": "Outer",
                      "Parallel Aware": true,
                      "Relation Name": "cast_info",
                      "Alias": "ci",
                      "Startup Cost": 0.0,
                      "Total Cost": 313067.02,
                      "Plan Rows": 6038002,
                      "Plan Width": 4,
                      "Actual Startup Time": 0.018,
                      "Actual Total Time": 528.544,
                      "Actual Rows": 5177763,
                      "Actual Loops": 7
                    },
                    {
                      "Node Type": "Hash",
                      "Parent Relationship": "Inner",
                      "Parallel Aware": true,
                      "Startup Cost": 247886.48,
                      "Total Cost": 247886.48,
                      "Plan Rows": 289028,
                      "Plan Width": 8,
                      "Actual Startup Time": 662.429,
                      "Actual Total Time": 662.686,
                      "Actual Rows": 220709,
                      "Actual Loops": 7,
                      "Hash Buckets": 2097152,
                      "Original Hash Buckets": 2097152,
                      "Hash Batches": 1,
                      "Original Hash Batches": 1,
                      "Peak Memory Usage": 76928,
                      "Plans": [
                        {
                          "Node Type": "Hash Join",
                          "Parent Relationship": "Outer",
                          "Parallel Aware": true,
                          "Join Type": "Inner",
                          "Startup Cost": 45829.75,
                          "Total Cost": 247886.48,
                          "Plan Rows": 289028,
                          "Plan Width": 8,
                          "Actual Startup Time": 139.229,
                          "Actual Total Time": 575.812,
                          "Actual Rows": 220709,
                          "Actual Loops": 7,
                          "Inner Unique": true,
                          "Hash Cond": "(mi.movie_id = t.id)",
                          "Plans": [
                            {
                              "Node Type": "Seq Scan",
                              "Parent Relationship": "Outer",
                              "Parallel Aware": true,
                              "Relation Name": "movie_info",
                              "Alias": "mi",
                              "Startup Cost": 0.0,
                              "Total Cost": 198952.16,
                              "Plan Rows": 1182693,
                              "Plan Width": 4,
                              "Actual Startup Time": 14.687,
                              "Actual Total Time": 286.317,
                              "Actual Rows": 838432,
                              "Actual Loops": 7,
                              "Filter": "(info_type_id > 13)",
                              "Rows Removed by Filter": 1280956
                            },
                            {
                              "Node Type": "Hash",
                              "Parent Relationship": "Inner",
                              "Parallel Aware": true,
                              "Startup Cost": 43898.92,
                              "Total Cost": 43898.92,
                              "Plan Rows": 154467,
                              "Plan Width": 4,
                              "Actual Startup Time": 123.158,
                              "Actual Total Time": 123.159,
                              "Actual Rows": 88979,
                              "Actual Loops": 7,
                              "Hash Buckets": 1048576,
                              "Original Hash Buckets": 1048576,
                              "Hash Batches": 1,
                              "Original Hash Batches": 1,
                              "Peak Memory Usage": 32672,
                              "Plans": [
                                {
                                  "Node Type": "Seq Scan",
                                  "Parent Relationship": "Outer",
                                  "Parallel Aware": true,
                                  "Relation Name": "title",
                                  "Alias": "t",
                                  "Startup Cost": 0.0,
                                  "Total Cost": 43898.92,
                                  "Plan Rows": 154467,
                                  "Plan Width": 4,
                                  "Actual Startup Time": 0.043,
                                  "Actual Total Time": 76.27,
                                  "Actual Rows": 88979,
                                  "Actual Loops": 7,
                                  "Filter": "(production_year < 1987)",
                                  "Rows Removed by Filter": 272209
                                }
                              ]
                            }
                          ]
                        }
                      ]
                    }
                  ]
                }
              ]
            }
          ]
        }
      ]
    },
    "Planning Time": 1.296,
    "Triggers": [],
    "Execution Time": 3587.848
  }
]