{
  "Plan": {
    "Node Type": "Gather",
    "Parallel Aware": false,
    "Startup Cost": 1093.07,
    "Total Cost": 20425.91,
    "Plan Rows": 4158,
    "Plan Width": 4,
    "Actual Startup Time": 2.123,
    "Actual Total Time": 24.241,
    "Actual Rows": 4712,
    "Actual Loops": 1,
    "Workers Planned": 1,
    "Workers Launched": 1,
    "Single Copy": false,
    "Plans": [
      {
        "Node Type": "Nested Loop",
        "Parent Relationship": "Outer",
        "Parallel Aware": false,
        "Join Type": "Inner",
        "Startup Cost": 93.07,
        "Total Cost": 19010.11,
        "Plan Rows": 2446,
        "Plan Width": 4,
        "Actual Startup Time": 1.121,
        "Actual Total Time": 14.671,
        "Actual Rows": 2356,
        "Actual Loops": 2,
        "Inner Unique": true,
        "Plans": [
          {
            "Node Type": "Bitmap Heap Scan",
            "Parent Relationship": "Outer",
            "Parallel Aware": true,
            "Relation Name": "movie_companies",
            "Alias": "mc",
            "Startup Cost": 92.65,
            "Total Cost": 10085.49,
            "Plan Rows": 2446,
            "Plan Width": 4,
            "Actual Startup Time": 0.975,
            "Actual Total Time": 5.973,
            "Actual Rows": 2356,
            "Actual Loops": 2,
            "Recheck Cond": "(company_id < 6)",
            "Rows Removed by Index Recheck": 0,
            "Exact Heap Blocks": 1622,
            "Lossy Heap Blocks": 0,
            "Plans": [
              {
                "Node Type": "Bitmap Index Scan",
                "Parent Relationship": "Outer",
                "Parallel Aware": false,
                "Index Name": "company_id_movie_companies",
                "Startup Cost": 0.0,
                "Total Cost": 91.62,
                "Plan Rows": 4158,
                "Plan Width": 0,
                "Actual Startup Time": 1.254,
                "Actual Total Time": 1.255,
                "Actual Rows": 4712,
                "Actual Loops": 1,
                "Index Cond": "(company_id < 6)"
              }
            ]
          },
          {
            "Node Type": "Index Only Scan",
            "Parent Relationship": "Inner",
            "Parallel Aware": false,
            "Scan Direction": "Forward",
            "Index Name": "company_name_pkey",
            "Relation Name": "company_name",
            "Alias": "cn",
            "Startup Cost": 0.42,
            "Total Cost": 3.65,
            "Plan Rows": 1,
            "Plan Width": 4,
            "Actual Startup Time": 0.003,
            "Actual Total Time": 0.003,
            "Actual Rows": 1,
            "Actual Loops": 4712,
            "Index Cond": "(id = mc.company_id)",
            "Rows Removed by Index Recheck": 0,
            "Heap Fetches": 4712
          }
        ]
      }
    ]
  },
  "Planning Time": 0.458,
  "Triggers": [],
  "Execution Time": 24.698
}