[
  {
    "Plan": {
      "Node Type": "Aggregate",
      "Strategy": "Plain",
      "Partial Mode": "Finalize",
      "Parallel Aware": false,
      "Startup Cost": 349875.21,
      "Total Cost": 349875.22,
      "Plan Rows": 1,
      "Plan Width": 8,
      "Actual Startup Time": 758.322,
      "Actual Total Time": 816.031,
      "Actual Rows": 1,
      "Actual Loops": 1,
      "Plans": [
        {
          "Node Type": "Gather",
          "Parent Relationship": "Outer",
          "Parallel Aware": false,
          "Startup Cost": 349874.58,
          "Total Cost": 349875.19,
          "Plan Rows": 6,
          "Plan Width": 8,
          "Actual Startup Time": 758.216,
          "Actual Total Time": 816.02,
          "Actual Rows": 7,
          "Actual Loops": 1,
          "Workers Planned": 6,
          "Workers Launched": 6,
          "Single Copy": false,
          "Plans": [
            {
              "Node Type": "Aggregate",
              "Strategy": "Plain",
              "Partial Mode": "Partial",
              "Parent Relationship": "Outer",
              "Parallel Aware": false,
              "Startup Cost": 348874.58,
              "Total Cost": 348874.59,
              "Plan Rows": 1,
              "Plan Width": 8,
              "Actual Startup Time": 749.443,
              "Actual Total Time": 749.445,
              "Actual Rows": 1,
              "Actual Loops": 7,
              "Plans": [
                {
                  "Node Type": "Seq Scan",
                  "Parent Relationship": "Outer",
                  "Parallel Aware": true,
                  "Relation Name": "cast_info",
                  "Alias": "ci",
                  "Startup Cost": 0.0,
                  "Total Cost": 343257.03,
                  "Plan Rows": 2247021,
                  "Plan Width": 0,
                  "Actual Startup Time": 202.309,
                  "Actual Total Time": 676.635,
                  "Actual Rows": 1652595,
                  "Actual Loops": 7,
                  "Filter": "((person_id > 1555721) AND (role_id < 4))",
                  "Rows Removed by Filter": 3525168
                }
              ]
            }
          ]
        }
      ]
    },
    "Planning Time": 0.227,
    "Triggers": [],
    "Execution Time": 816.104
  }
]