[
  {
    "Plan": {
      "Node Type": "Aggregate",
      "Strategy": "Plain",
      "Partial Mode": "Finalize",
      "Parallel Aware": false,
      "Startup Cost": 347607.58,
      "Total Cost": 347607.59,
      "Plan Rows": 1,
      "Plan Width": 8,
      "Actual Startup Time": 728.711,
      "Actual Total Time": 777.295,
      "Actual Rows": 1,
      "Actual Loops": 1,
      "Plans": [
        {
          "Node Type": "Gather",
          "Parent Relationship": "Outer",
          "Parallel Aware": false,
          "Startup Cost": 347606.96,
          "Total Cost": 347607.57,
          "Plan Rows": 6,
          "Plan Width": 8,
          "Actual Startup Time": 728.533,
          "Actual Total Time": 777.283,
          "Actual Rows": 7,
          "Actual Loops": 1,
          "Workers Planned": 6,
          "Workers Launched": 6,
          "Single Copy": false,
          "Plans": [
            {
              "Node Type": "Aggregate",
              "Strategy": "Plain",
              "Partial Mode": "Partial",
              "Parent Relationship": "Outer",
              "Parallel Aware": false,
              "Startup Cost": 346606.96,
              "Total Cost": 346606.97,
              "Plan Rows": 1,
              "Plan Width": 8,
              "Actual Startup Time": 719.844,
              "Actual Total Time": 719.845,
              "Actual Rows": 1,
              "Actual Loops": 7,
              "Plans": [
                {
                  "Node Type": "Seq Scan",
                  "Parent Relationship": "Outer",
                  "Parallel Aware": true,
                  "Relation Name": "cast_info",
                  "Alias": "ci",
                  "Startup Cost": 0.0,
                  "Total Cost": 343316.27,
                  "Plan Rows": 1316275,
                  "Plan Width": 0,
                  "Actual Startup Time": 335.078,
                  "Actual Total Time": 643.251,
                  "Actual Rows": 1584025,
                  "Actual Loops": 7,
                  "Filter": "((person_id > 1850479) AND (role_id > 2))",
                  "Rows Removed by Filter": 3593739
                }
              ]
            }
          ]
        }
      ]
    },
    "Planning Time": 0.186,
    "Triggers": [],
    "Execution Time": 777.36
  }
]