[
  {
    "Plan": {
      "Node Type": "Aggregate",
      "Strategy": "Plain",
      "Partial Mode": "Finalize",
      "Parallel Aware": false,
      "Startup Cost": 91009.9,
      "Total Cost": 91009.91,
      "Plan Rows": 1,
      "Plan Width": 8,
      "Actual Startup Time": 304.372,
      "Actual Total Time": 324.367,
      "Actual Rows": 1,
      "Actual Loops": 1,
      "Plans": [
        {
          "Node Type": "Gather",
          "Parent Relationship": "Outer",
          "Parallel Aware": false,
          "Startup Cost": 91009.59,
          "Total Cost": 91009.9,
          "Plan Rows": 3,
          "Plan Width": 8,
          "Actual Startup Time": 299.195,
          "Actual Total Time": 324.361,
          "Actual Rows": 4,
          "Actual Loops": 1,
          "Workers Planned": 3,
          "Workers Launched": 3,
          "Single Copy": false,
          "Plans": [
            {
              "Node Type": "Aggregate",
              "Strategy": "Plain",
              "Partial Mode": "Partial",
              "Parent Relationship": "Outer",
              "Parallel Aware": false,
              "Startup Cost": 90009.59,
              "Total Cost": 90009.6,
              "Plan Rows": 1,
              "Plan Width": 8,
              "Actual Startup Time": 293.981,
              "Actual Total Time": 293.985,
              "Actual Rows": 1,
              "Actual Loops": 4,
              "Plans": [
                {
                  "Node Type": "Nested Loop",
                  "Parent Relationship": "Outer",
                  "Parallel Aware": false,
                  "Join Type": "Inner",
                  "Startup Cost": 51783.4,
                  "Total Cost": 89963.62,
                  "Plan Rows": 18387,
                  "Plan Width": 0,
                  "Actual Startup Time": 214.861,
                  "Actual Total Time": 293.354,
                  "Actual Rows": 8006,
                  "Actual Loops": 4,
                  "Inner Unique": false,
                  "Plans": [
                    {
                      "Node Type": "Hash Join",
                      "Parent Relationship": "Outer",
                      "Parallel Aware": true,
                      "Join Type": "Inner",
                      "Startup Cost": 51782.97,
                      "Total Cost": 77149.59,
                      "Plan Rows": 17818,
                      "Plan Width": 8,
                      "Actual Startup Time": 214.765,
                      "Actual Total Time": 263.443,
                      "Actual Rows": 2718,
                      "Actual Loops": 4,
                      "Inner Unique": true,
                      "Hash Cond": "(mk.movie_id = t.id)",
                      "Plans": [
                        {
                          "Node Type": "Bitmap Heap Scan",
                          "Parent Relationship": "Outer",
                          "Parallel Aware": true,
                          "Relation Name": "movie_keyword",
                          "Alias": "mk",
                          "Startup Cost": 3970.07,
                          "Total Cost": 29178.3,
                          "Plan Rows": 60339,
                          "Plan Width": 4,
                          "Actual Startup Time": 22.504,
                          "Actual Total Time": 55.978,
                          "Actual Rows": 47923,
                          "Actual Loops": 4,
                          "Recheck Cond": "(keyword_id > 70496)",
                          "Rows Removed by Index Recheck": 0,
                          "Exact Heap Blocks": 7084,
                          "Lossy Heap Blocks": 0,
                          "Plans": [
                            {
                              "Node Type": "Bitmap Index Scan",
                              "Parent Relationship": "Outer",
                              "Parallel Aware": false,
                              "Index Name": "keyword_id_movie_keyword",
                              "Startup Cost": 0.0,
                              "Total Cost": 3923.31,
                              "Plan Rows": 187050,
                              "Plan Width": 0,
                              "Actual Startup Time": 17.715,
                              "Actual Total Time": 17.716,
                              "Actual Rows": 191692,
                              "Actual Loops": 1,
                              "Index Cond": "(keyword_id > 70496)"
                            }
                          ]
                        },
                        {
                          "Node Type": "Hash",
                          "Parent Relationship": "Inner",
                          "Parallel Aware": true,
                          "Startup Cost": 45479.59,
                          "Total Cost": 45479.59,
                          "Plan Rows": 186665,
                          "Plan Width": 4,
                          "Actual Startup Time": 189.188,
                          "Actual Total Time": 189.188,
                          "Actual Rows": 199160,
                          "Actual Loops": 4,
                          "Hash Buckets": 1048576,
                          "Original Hash Buckets": 1048576,
                          "Hash Batches": 1,
                          "Original Hash Batches": 1,
                          "Peak Memory Usage": 39424,
                          "Plans": [
                            {
                              "Node Type": "Seq Scan",
                              "Parent Relationship": "Outer",
                              "Parallel Aware": true,
                              "Relation Name": "title",
                              "Alias": "t",
                              "Startup Cost": 0.0,
                              "Total Cost": 45479.59,
                              "Plan Rows": 186665,
                              "Plan Width": 4,
                              "Actual Startup Time": 0.021,
                              "Actual Total Time": 112.83,
                              "Actual Rows": 199160,
                              "Actual Loops": 4,
                              "Filter": "((kind_id > 1) AND (production_year > 2005))",
                              "Rows Removed by Filter": 432918
                            }
                          ]
                        }
                      ]
                    },
                    {
                      "Node Type": "Index Only Scan",
                      "Parent Relationship": "Inner",
                      "Parallel Aware": false,
                      "Scan Direction": "Forward",
                      "Index Name": "movie_id_movie_companies",
                      "Relation Name": "movie_companies",
                      "Alias": "mc",
                      "Startup Cost": 0.43,
                      "Total Cost": 0.67,
                      "Plan Rows": 5,
                      "Plan Width": 4,
                      "Actual Startup Time": 0.009,
                      "Actual Total Time": 0.01,
                      "Actual Rows": 3,
                      "Actual Loops": 10872,
                      "Index Cond": "(movie_id = t.id)",
                      "Rows Removed by Index Recheck": 0,
                      "Heap Fetches": 32025
                    }
                  ]
                }
              ]
            }
          ]
        }
      ]
    },
    "Planning Time": 0.543,
    "Triggers": [],
    "Execution Time": 324.442
  }
]