[
  {
    "Plan": {
      "Node Type": "Aggregate",
      "Strategy": "Plain",
      "Partial Mode": "Finalize",
      "Parallel Aware": false,
      "Startup Cost": 342876.19,
      "Total Cost": 342876.2,
      "Plan Rows": 1,
      "Plan Width": 8,
      "Actual Startup Time": 920.168,
      "Actual Total Time": 982.349,
      "Actual Rows": 1,
      "Actual Loops": 1,
      "Plans": [
        {
          "Node Type": "Gather",
          "Parent Relationship": "Outer",
          "Parallel Aware": false,
          "Startup Cost": 342875.57,
          "Total Cost": 342876.17,
          "Plan Rows": 6,
          "Plan Width": 8,
          "Actual Startup Time": 920.035,
          "Actual Total Time": 982.34,
          "Actual Rows": 7,
          "Actual Loops": 1,
          "Workers Planned": 6,
          "Workers Launched": 6,
          "Single Copy": false,
          "Plans": [
            {
              "Node Type": "Aggregate",
              "Strategy": "Plain",
              "Partial Mode": "Partial",
              "Parent Relationship": "Outer",
              "Parallel Aware": false,
              "Startup Cost": 341875.57,
              "Total Cost": 341875.58,
              "Plan Rows": 1,
              "Plan Width": 8,
              "Actual Startup Time": 911.118,
              "Actual Total Time": 911.119,
              "Actual Rows": 1,
              "Actual Loops": 7,
              "Plans": [
                {
                  "Node Type": "Seq Scan",
                  "Parent Relationship": "Outer",
                  "Parallel Aware": true,
                  "Relation Name": "cast_info",
                  "Alias": "ci",
                  "Startup Cost": 0.0,
                  "Total Cost": 328162.03,
                  "Plan Rows": 5485416,
                  "Plan Width": 0,
                  "Actual Startup Time": 51.209,
                  "Actual Total Time": 691.23,
                  "Actual Rows": 4689727,
                  "Actual Loops": 7,
                  "Filter": "(person_id > 328373)",
                  "Rows Removed by Filter": 488037
                }
              ]
            }
          ]
        }
      ]
    },
    "Planning Time": 0.169,
    "Triggers": [],
    "Execution Time": 982.419
  }
]