[
  {
    "Plan": {
      "Node Type": "Aggregate",
      "Strategy": "Plain",
      "Partial Mode": "Finalize",
      "Parallel Aware": false,
      "Startup Cost": 92960.79,
      "Total Cost": 92960.8,
      "Plan Rows": 1,
      "Plan Width": 8,
      "Actual Startup Time": 330.813,
      "Actual Total Time": 346.7,
      "Actual Rows": 1,
      "Actual Loops": 1,
      "Plans": [
        {
          "Node Type": "Gather",
          "Parent Relationship": "Outer",
          "Parallel Aware": false,
          "Startup Cost": 92960.47,
          "Total Cost": 92960.78,
          "Plan Rows": 3,
          "Plan Width": 8,
          "Actual Startup Time": 329.034,
          "Actual Total Time": 346.691,
          "Actual Rows": 4,
          "Actual Loops": 1,
          "Workers Planned": 3,
          "Workers Launched": 3,
          "Single Copy": false,
          "Plans": [
            {
              "Node Type": "Aggregate",
              "Strategy": "Plain",
              "Partial Mode": "Partial",
              "Parent Relationship": "Outer",
              "Parallel Aware": false,
              "Startup Cost": 91960.47,
              "Total Cost": 91960.48,
              "Plan Rows": 1,
              "Plan Width": 8,
              "Actual Startup Time": 319.579,
              "Actual Total Time": 319.583,
              "Actual Rows": 1,
              "Actual Loops": 4,
              "Plans": [
                {
                  "Node Type": "Hash Join",
                  "Parent Relationship": "Outer",
                  "Parallel Aware": true,
                  "Join Type": "Inner",
                  "Startup Cost": 48225.31,
                  "Total Cost": 91701.94,
                  "Plan Rows": 103411,
                  "Plan Width": 0,
                  "Actual Startup Time": 181.04,
                  "Actual Total Time": 318.673,
                  "Actual Rows": 17948,
                  "Actual Loops": 4,
                  "Inner Unique": true,
                  "Hash Cond": "(mk.movie_id = t.id)",
                  "Plans": [
                    {
                      "Node Type": "Seq Scan",
                      "Parent Relationship": "Outer",
                      "Parallel Aware": true,
                      "Relation Name": "movie_keyword",
                      "Alias": "mk",
                      "Startup Cost": 0.0,
                      "Total Cost": 42695.65,
                      "Plan Rows": 297516,
                      "Plan Width": 4,
                      "Actual Startup Time": 0.026,
                      "Actual Total Time": 91.851,
                      "Actual Rows": 232677,
                      "Actual Loops": 4,
                      "Filter": "(keyword_id < 872)",
                      "Rows Removed by Filter": 898306
                    },
                    {
                      "Node Type": "Hash",
                      "Parent Relationship": "Inner",
                      "Parallel Aware": true,
                      "Startup Cost": 45479.1,
                      "Total Cost": 45479.1,
                      "Plan Rows": 219697,
                      "Plan Width": 4,
                      "Actual Startup Time": 175.754,
                      "Actual Total Time": 175.755,
                      "Actual Rows": 202703,
                      "Actual Loops": 4,
                      "Hash Buckets": 1048576,
                      "Original Hash Buckets": 1048576,
                      "Hash Batches": 1,
                      "Original Hash Batches": 1,
                      "Peak Memory Usage": 39968,
                      "Plans": [
                        {
                          "Node Type": "Seq Scan",
                          "Parent Relationship": "Outer",
                          "Parallel Aware": true,
                          "Relation Name": "title",
                          "Alias": "t",
                          "Startup Cost": 0.0,
                          "Total Cost": 45479.1,
                          "Plan Rows": 219697,
                          "Plan Width": 4,
                          "Actual Startup Time": 0.041,
                          "Actual Total Time": 106.004,
                          "Actual Rows": 202703,
                          "Actual Loops": 4,
                          "Filter": "((kind_id > 4) AND (production_year < 2006))",
                          "Rows Removed by Filter": 429375
                        }
                      ]
                    }
                  ]
                }
              ]
            }
          ]
        }
      ]
    },
    "Planning Time": 0.61,
    "Triggers": [],
    "Execution Time": 346.771
  }
]