[
  {
    "Plan": {
      "Node Type": "Aggregate",
      "Strategy": "Plain",
      "Partial Mode": "Finalize",
      "Parallel Aware": false,
      "Startup Cost": 336005.8,
      "Total Cost": 336005.81,
      "Plan Rows": 1,
      "Plan Width": 8,
      "Actual Startup Time": 636.526,
      "Actual Total Time": 685.405,
      "Actual Rows": 1,
      "Actual Loops": 1,
      "Plans": [
        {
          "Node Type": "Gather",
          "Parent Relationship": "Outer",
          "Parallel Aware": false,
          "Startup Cost": 336005.18,
          "Total Cost": 336005.79,
          "Plan Rows": 6,
          "Plan Width": 8,
          "Actual Startup Time": 636.391,
          "Actual Total Time": 685.396,
          "Actual Rows": 7,
          "Actual Loops": 1,
          "Workers Planned": 6,
          "Workers Launched": 6,
          "Single Copy": false,
          "Plans": [
            {
              "Node Type": "Aggregate",
              "Strategy": "Plain",
              "Partial Mode": "Partial",
              "Parent Relationship": "Outer",
              "Parallel Aware": false,
              "Startup Cost": 335005.18,
              "Total Cost": 335005.19,
              "Plan Rows": 1,
              "Plan Width": 8,
              "Actual Startup Time": 630.72,
              "Actual Total Time": 630.721,
              "Actual Rows": 1,
              "Actual Loops": 7,
              "Plans": [
                {
                  "Node Type": "Seq Scan",
                  "Parent Relationship": "Outer",
                  "Parallel Aware": true,
                  "Relation Name": "cast_info",
                  "Alias": "ci",
                  "Startup Cost": 0.0,
                  "Total Cost": 328211.39,
                  "Plan Rows": 2717514,
                  "Plan Width": 0,
                  "Actual Startup Time": 204.345,
                  "Actual Total Time": 533.901,
                  "Actual Rows": 2293583,
                  "Actual Loops": 7,
                  "Filter": "(person_id > 2028555)",
                  "Rows Removed by Filter": 2884180
                }
              ]
            }
          ]
        }
      ]
    },
    "Planning Time": 0.118,
    "Triggers": [],
    "Execution Time": 685.454
  }
]