{
    "Plan": {
        "Node Type": "Aggregate",
        "Strategy": "Plain",
        "Partial Mode": "Simple",
        "Parallel Aware": false,
        "Startup Cost": 40000085021.81,
        "Total Cost": 40000085021.82,
        "Plan Rows": 1,
        "Plan Width": 64,
        "Actual Startup Time": 2136.773,
        "Actual Total Time": 2136.783,
        "Actual Rows": 1,
        "Actual Loops": 1,
        "Output": [
            "min(mi_idx.info)",
            "min(t.title)"
        ],
        "Plans": [
            {
                "Node Type": "Nested Loop",
                "Parent Relationship": "Outer",
                "Parallel Aware": false,
                "Join Type": "Inner",
                "Startup Cost": 40000061106.87,
                "Total Cost": 40000085021.81,
                "Plan Rows": 1,
                "Plan Width": 22,
                "Actual Startup Time": 2106.537,
                "Actual Total Time": 2136.771,
                "Actual Rows": 1,
                "Actual Loops": 1,
                "Output": [
                    "mi_idx.info",
                    "t.title"
                ],
                "Inner Unique": true,
                "Plans": [
                    {
                        "Node Type": "Nested Loop",
                        "Parent Relationship": "Outer",
                        "Parallel Aware": false,
                        "Join Type": "Inner",
                        "Startup Cost": 30000061106.72,
                        "Total Cost": 30000085013.63,
                        "Plan Rows": 1,
                        "Plan Width": 26,
                        "Actual Startup Time": 2106.521,
                        "Actual Total Time": 2136.749,
                        "Actual Rows": 2,
                        "Actual Loops": 1,
                        "Output": [
                            "mi_idx.info",
                            "mi.info_type_id",
                            "t.title"
                        ],
                        "Inner Unique": false,
                        "Join Filter": "(t.id = mi.movie_id)",
                        "Rows Removed by Join Filter": 0,
                        "Plans": [
                            {
                                "Node Type": "Hash Join",
                                "Parent Relationship": "Outer",
                                "Parallel Aware": false,
                                "Join Type": "Inner",
                                "Startup Cost": 20000061105.95,
                                "Total Cost": 20000085007.83,
                                "Plan Rows": 1,
                                "Plan Width": 34,
                                "Actual Startup Time": 2106.451,
                                "Actual Total Time": 2136.674,
                                "Actual Rows": 1,
                                "Actual Loops": 1,
                                "Output": [
                                    "mi_idx.info",
                                    "mi_idx.movie_id",
                                    "mk.movie_id",
                                    "t.title",
                                    "t.id"
                                ],
                                "Inner Unique": false,
                                "Hash Cond": "(t.kind_id = kt.id)",
                                "Plans": [
                                    {
                                        "Node Type": "Nested Loop",
                                        "Parent Relationship": "Outer",
                                        "Parallel Aware": false,
                                        "Join Type": "Inner",
                                        "Startup Cost": 20000061104.85,
                                        "Total Cost": 20000085006.71,
                                        "Plan Rows": 1,
                                        "Plan Width": 38,
                                        "Actual Startup Time": 1340.354,
                                        "Actual Total Time": 2136.612,
                                        "Actual Rows": 2,
                                        "Actual Loops": 1,
                                        "Output": [
                                            "mi_idx.info",
                                            "mi_idx.movie_id",
                                            "mk.movie_id",
                                            "t.title",
                                            "t.kind_id",
                                            "t.id"
                                        ],
                                        "Inner Unique": true,
                                        "Plans": [
                                            {
                                                "Node Type": "Nested Loop",
                                                "Parent Relationship": "Outer",
                                                "Parallel Aware": false,
                                                "Join Type": "Inner",
                                                "Startup Cost": 10000061104.4,
                                                "Total Cost": 10000085002.19,
                                                "Plan Rows": 1,
                                                "Plan Width": 13,
                                                "Actual Startup Time": 333.119,
                                                "Actual Total Time": 2103.085,
                                                "Actual Rows": 4382,
                                                "Actual Loops": 1,
                                                "Output": [
                                                    "mi_idx.info",
                                                    "mi_idx.movie_id",
                                                    "mk.movie_id"
                                                ],
                                                "Inner Unique": true,
                                                "Join Filter": "(mk.keyword_id = k.id)",
                                                "Rows Removed by Join Filter": 3440144,
                                                "Plans": [
                                                    {
                                                        "Node Type": "Nested Loop",
                                                        "Parent Relationship": "Outer",
                                                        "Parallel Aware": false,
                                                        "Join Type": "Inner",
                                                        "Startup Cost": 10000061103.98,
                                                        "Total Cost": 10000078867.23,
                                                        "Plan Rows": 26401,
                                                        "Plan Width": 17,
                                                        "Actual Startup Time": 290.343,
                                                        "Actual Total Time": 1594.343,
                                                        "Actual Rows": 1724358,
                                                        "Actual Loops": 1,
                                                        "Output": [
                                                            "mi_idx.info",
                                                            "mi_idx.movie_id",
                                                            "mk.movie_id",
                                                            "mk.keyword_id"
                                                        ],
                                                        "Inner Unique": false,
                                                        "Plans": [
                                                            {
                                                                "Node Type": "Hash Join",
                                                                "Parent Relationship": "Outer",
                                                                "Parallel Aware": false,
                                                                "Join Type": "Inner",
                                                                "Startup Cost": 61102.93,
                                                                "Total Cost": 61536.01,
                                                                "Plan Rows": 2847,
                                                                "Plan Width": 9,
                                                                "Actual Startup Time": 290.281,
                                                                "Actual Total Time": 332.038,
                                                                "Actual Rows": 208701,
                                                                "Actual Loops": 1,
                                                                "Output": [
                                                                    "mi_idx.info",
                                                                    "mi_idx.movie_id"
                                                                ],
                                                                "Inner Unique": false,
                                                                "Hash Cond": "(it2.id = mi_idx.info_type_id)",
                                                                "Plans": [
                                                                    {
                                                                        "Node Type": "Seq Scan",
                                                                        "Parent Relationship": "Outer",
                                                                        "Parallel Aware": false,
                                                                        "Relation Name": "info_type",
                                                                        "Schema": "public",
                                                                        "Alias": "it2",
                                                                        "Startup Cost": 0.0,
                                                                        "Total Cost": 2.41,
                                                                        "Plan Rows": 1,
                                                                        "Plan Width": 4,
                                                                        "Actual Startup Time": 0.038,
                                                                        "Actual Total Time": 0.043,
                                                                        "Actual Rows": 1,
                                                                        "Actual Loops": 1,
                                                                        "Output": [
                                                                            "it2.id",
                                                                            "it2.info"
                                                                        ],
                                                                        "Filter": "((it2.info)::text = 'rating'::text)",
                                                                        "Rows Removed by Filter": 112
                                                                    },
                                                                    {
                                                                        "Node Type": "Hash",
                                                                        "Parent Relationship": "Inner",
                                                                        "Parallel Aware": false,
                                                                        "Startup Cost": 57080.9,
                                                                        "Total Cost": 57080.9,
                                                                        "Plan Rows": 321762,
                                                                        "Plan Width": 13,
                                                                        "Actual Startup Time": 289.177,
                                                                        "Actual Total Time": 289.179,
                                                                        "Actual Rows": 322056,
                                                                        "Actual Loops": 1,
                                                                        "Output": [
                                                                            "mi_idx.info",
                                                                            "mi_idx.movie_id",
                                                                            "mi_idx.info_type_id"
                                                                        ],
                                                                        "Hash Buckets": 524288,
                                                                        "Original Hash Buckets": 524288,
                                                                        "Hash Batches": 1,
                                                                        "Original Hash Batches": 1,
                                                                        "Peak Memory Usage": 17971,
                                                                        "Plans": [
                                                                            {
                                                                                "Node Type": "Index Scan",
                                                                                "Parent Relationship": "Outer",
                                                                                "Parallel Aware": false,
                                                                                "Scan Direction": "Forward",
                                                                                "Index Name": "movie_id_movie_info_idx",
                                                                                "Relation Name": "movie_info_idx",
                                                                                "Schema": "public",
                                                                                "Alias": "mi_idx",
                                                                                "Startup Cost": 0.43,
                                                                                "Total Cost": 57080.9,
                                                                                "Plan Rows": 321762,
                                                                                "Plan Width": 13,
                                                                                "Actual Startup Time": 0.075,
                                                                                "Actual Total Time": 250.355,
                                                                                "Actual Rows": 322056,
                                                                                "Actual Loops": 1,
                                                                                "Output": [
                                                                                    "mi_idx.info",
                                                                                    "mi_idx.movie_id",
                                                                                    "mi_idx.info_type_id"
                                                                                ],
                                                                                "Filter": "(mi_idx.info > '6.4'::text)",
                                                                                "Rows Removed by Filter": 1057979
                                                                            }
                                                                        ]
                                                                    }
                                                                ]
                                                            },
                                                            {
                                                                "Node Type": "Bitmap Heap Scan",
                                                                "Parent Relationship": "Inner",
                                                                "Parallel Aware": false,
                                                                "Relation Name": "movie_keyword",
                                                                "Schema": "public",
                                                                "Alias": "mk",
                                                                "Startup Cost": 1.05,
                                                                "Total Cost": 5.63,
                                                                "Plan Rows": 46,
                                                                "Plan Width": 8,
                                                                "Actual Startup Time": 0.003,
                                                                "Actual Total Time": 0.004,
                                                                "Actual Rows": 8,
                                                                "Actual Loops": 208701,
                                                                "Output": [
                                                                    "mk.id",
                                                                    "mk.movie_id",
                                                                    "mk.keyword_id"
                                                                ],
                                                                "Recheck Cond": "(mk.movie_id = mi_idx.movie_id)",
                                                                "Rows Removed by Index Recheck": 0,
                                                                "Exact Heap Blocks": 113019,
                                                                "Lossy Heap Blocks": 0,
                                                                "Plans": [
                                                                    {
                                                                        "Node Type": "Bitmap Index Scan",
                                                                        "Parent Relationship": "Outer",
                                                                        "Parallel Aware": false,
                                                                        "Index Name": "movie_id_movie_keyword",
                                                                        "Startup Cost": 0.0,
                                                                        "Total Cost": 1.04,
                                                                        "Plan Rows": 46,
                                                                        "Plan Width": 0,
                                                                        "Actual Startup Time": 0.002,
                                                                        "Actual Total Time": 0.002,
                                                                        "Actual Rows": 8,
                                                                        "Actual Loops": 208701,
                                                                        "Index Cond": "(mk.movie_id = mi_idx.movie_id)"
                                                                    }
                                                                ]
                                                            }
                                                        ]
                                                    },
                                                    {
                                                        "Node Type": "Materialize",
                                                        "Parent Relationship": "Inner",
                                                        "Parallel Aware": false,
                                                        "Startup Cost": 0.42,
                                                        "Total Cost": 5342.93,
                                                        "Plan Rows": 2,
                                                        "Plan Width": 4,
                                                        "Actual Startup Time": 0.0,
                                                        "Actual Total Time": 0.0,
                                                        "Actual Rows": 2,
                                                        "Actual Loops": 1724358,
                                                        "Output": [
                                                            "k.id"
                                                        ],
                                                        "Plans": [
                                                            {
                                                                "Node Type": "Index Scan",
                                                                "Parent Relationship": "Outer",
                                                                "Parallel Aware": false,
                                                                "Scan Direction": "Forward",
                                                                "Index Name": "keyword_pkey",
                                                                "Relation Name": "keyword",
                                                                "Schema": "public",
                                                                "Alias": "k",
                                                                "Startup Cost": 0.42,
                                                                "Total Cost": 5342.92,
                                                                "Plan Rows": 2,
                                                                "Plan Width": 4,
                                                                "Actual Startup Time": 0.437,
                                                                "Actual Total Time": 42.55,
                                                                "Actual Rows": 2,
                                                                "Actual Loops": 1,
                                                                "Output": [
                                                                    "k.id"
                                                                ],
                                                                "Filter": "(k.keyword = ANY ('{death,pregnant-woman}'::text[]))",
                                                                "Rows Removed by Filter": 134168
                                                            }
                                                        ]
                                                    }
                                                ]
                                            },
                                            {
                                                "Node Type": "Bitmap Heap Scan",
                                                "Parent Relationship": "Inner",
                                                "Parallel Aware": false,
                                                "Relation Name": "title",
                                                "Schema": "public",
                                                "Alias": "t",
                                                "Startup Cost": 0.45,
                                                "Total Cost": 4.47,
                                                "Plan Rows": 1,
                                                "Plan Width": 25,
                                                "Actual Startup Time": 0.006,
                                                "Actual Total Time": 0.006,
                                                "Actual Rows": 0,
                                                "Actual Loops": 4382,
                                                "Output": [
                                                    "t.id",
                                                    "t.title",
                                                    "t.imdb_index",
                                                    "t.kind_id",
                                                    "t.production_year",
                                                    "t.imdb_id",
                                                    "t.phonetic_code",
                                                    "t.episode_of_id",
                                                    "t.season_nr",
                                                    "t.episode_nr",
                                                    "t.series_years",
                                                    "t.md5sum"
                                                ],
                                                "Recheck Cond": "(t.id = mk.movie_id)",
                                                "Rows Removed by Index Recheck": 0,
                                                "Filter": "((t.production_year > 2009) AND ((t.title ~~ '%murder%'::text) OR (t.title ~~ '%Murder%'::text) OR (t.title ~~ '%Mord%'::text)))",
                                                "Rows Removed by Filter": 1,
                                                "Exact Heap Blocks": 4382,
                                                "Lossy Heap Blocks": 0,
                                                "Plans": [
                                                    {
                                                        "Node Type": "Bitmap Index Scan",
                                                        "Parent Relationship": "Outer",
                                                        "Parallel Aware": false,
                                                        "Index Name": "title_pkey",
                                                        "Startup Cost": 0.0,
                                                        "Total Cost": 0.45,
                                                        "Plan Rows": 1,
                                                        "Plan Width": 0,
                                                        "Actual Startup Time": 0.003,
                                                        "Actual Total Time": 0.003,
                                                        "Actual Rows": 1,
                                                        "Actual Loops": 4382,
                                                        "Index Cond": "(t.id = mk.movie_id)"
                                                    }
                                                ]
                                            }
                                        ]
                                    },
                                    {
                                        "Node Type": "Hash",
                                        "Parent Relationship": "Inner",
                                        "Parallel Aware": false,
                                        "Startup Cost": 1.09,
                                        "Total Cost": 1.09,
                                        "Plan Rows": 1,
                                        "Plan Width": 4,
                                        "Actual Startup Time": 0.043,
                                        "Actual Total Time": 0.044,
                                        "Actual Rows": 1,
                                        "Actual Loops": 1,
                                        "Output": [
                                            "kt.id"
                                        ],
                                        "Hash Buckets": 1024,
                                        "Original Hash Buckets": 1024,
                                        "Hash Batches": 1,
                                        "Original Hash Batches": 1,
                                        "Peak Memory Usage": 9,
                                        "Plans": [
                                            {
                                                "Node Type": "Seq Scan",
                                                "Parent Relationship": "Outer",
                                                "Parallel Aware": false,
                                                "Relation Name": "kind_type",
                                                "Schema": "public",
                                                "Alias": "kt",
                                                "Startup Cost": 0.0,
                                                "Total Cost": 1.09,
                                                "Plan Rows": 1,
                                                "Plan Width": 4,
                                                "Actual Startup Time": 0.034,
                                                "Actual Total Time": 0.036,
                                                "Actual Rows": 1,
                                                "Actual Loops": 1,
                                                "Output": [
                                                    "kt.id"
                                                ],
                                                "Filter": "((kt.kind)::text = 'episode'::text)",
                                                "Rows Removed by Filter": 6
                                            }
                                        ]
                                    }
                                ]
                            },
                            {
                                "Node Type": "Bitmap Heap Scan",
                                "Parent Relationship": "Inner",
                                "Parallel Aware": false,
                                "Relation Name": "movie_info",
                                "Schema": "public",
                                "Alias": "mi",
                                "Startup Cost": 0.78,
                                "Total Cost": 5.75,
                                "Plan Rows": 4,
                                "Plan Width": 8,
                                "Actual Startup Time": 0.064,
                                "Actual Total Time": 0.066,
                                "Actual Rows": 2,
                                "Actual Loops": 1,
                                "Output": [
                                    "mi.id",
                                    "mi.movie_id",
                                    "mi.info_type_id",
                                    "mi.info",
                                    "mi.note"
                                ],
                                "Recheck Cond": "(mi.movie_id = mk.movie_id)",
                                "Rows Removed by Index Recheck": 0,
                                "Filter": "(mi.info = ANY ('{Denmark,Norwegian,Sweden,American,Germany,Swedish,Danish,Denish,English,USA}'::text[]))",
                                "Rows Removed by Filter": 26,
                                "Exact Heap Blocks": 16,
                                "Lossy Heap Blocks": 0,
                                "Plans": [
                                    {
                                        "Node Type": "Bitmap Index Scan",
                                        "Parent Relationship": "Outer",
                                        "Parallel Aware": false,
                                        "Index Name": "movie_id_movie_info",
                                        "Startup Cost": 0.0,
                                        "Total Cost": 0.78,
                                        "Plan Rows": 39,
                                        "Plan Width": 0,
                                        "Actual Startup Time": 0.019,
                                        "Actual Total Time": 0.02,
                                        "Actual Rows": 28,
                                        "Actual Loops": 1,
                                        "Index Cond": "(mi.movie_id = mk.movie_id)"
                                    }
                                ]
                            }
                        ]
                    },
                    {
                        "Node Type": "Bitmap Heap Scan",
                        "Parent Relationship": "Inner",
                        "Parallel Aware": false,
                        "Relation Name": "info_type",
                        "Schema": "public",
                        "Alias": "it1",
                        "Startup Cost": 0.15,
                        "Total Cost": 4.17,
                        "Plan Rows": 1,
                        "Plan Width": 4,
                        "Actual Startup Time": 0.006,
                        "Actual Total Time": 0.007,
                        "Actual Rows": 0,
                        "Actual Loops": 2,
                        "Output": [
                            "it1.id",
                            "it1.info"
                        ],
                        "Recheck Cond": "(it1.id = mi.info_type_id)",
                        "Rows Removed by Index Recheck": 0,
                        "Filter": "((it1.info)::text = 'countries'::text)",
                        "Rows Removed by Filter": 0,
                        "Exact Heap Blocks": 2,
                        "Lossy Heap Blocks": 0,
                        "Plans": [
                            {
                                "Node Type": "Bitmap Index Scan",
                                "Parent Relationship": "Outer",
                                "Parallel Aware": false,
                                "Index Name": "info_type_pkey",
                                "Startup Cost": 0.0,
                                "Total Cost": 0.15,
                                "Plan Rows": 1,
                                "Plan Width": 0,
                                "Actual Startup Time": 0.003,
                                "Actual Total Time": 0.003,
                                "Actual Rows": 1,
                                "Actual Loops": 2,
                                "Index Cond": "(it1.id = mi.info_type_id)"
                            }
                        ]
                    }
                ]
            }
        ]
    },
    "Planning Time": 7.937,
    "Triggers": [],
    "Execution Time": 2137.155
}