[
  {
    "Plan": {
      "Node Type": "Aggregate",
      "Strategy": "Plain",
      "Partial Mode": "Finalize",
      "Parallel Aware": false,
      "Startup Cost": 44414.39,
      "Total Cost": 44414.4,
      "Plan Rows": 1,
      "Plan Width": 8,
      "Actual Startup Time": 149.156,
      "Actual Total Time": 157.472,
      "Actual Rows": 1,
      "Actual Loops": 1,
      "Plans": [
        {
          "Node Type": "Gather",
          "Parent Relationship": "Outer",
          "Parallel Aware": false,
          "Startup Cost": 44414.07,
          "Total Cost": 44414.38,
          "Plan Rows": 3,
          "Plan Width": 8,
          "Actual Startup Time": 149.037,
          "Actual Total Time": 157.462,
          "Actual Rows": 4,
          "Actual Loops": 1,
          "Workers Planned": 3,
          "Workers Launched": 3,
          "Single Copy": false,
          "Plans": [
            {
              "Node Type": "Aggregate",
              "Strategy": "Plain",
              "Partial Mode": "Partial",
              "Parent Relationship": "Outer",
              "Parallel Aware": false,
              "Startup Cost": 43414.07,
              "Total Cost": 43414.08,
              "Plan Rows": 1,
              "Plan Width": 8,
              "Actual Startup Time": 142.048,
              "Actual Total Time": 142.049,
              "Actual Rows": 1,
              "Actual Loops": 4,
              "Plans": [
                {
                  "Node Type": "Seq Scan",
                  "Parent Relationship": "Outer",
                  "Parallel Aware": true,
                  "Relation Name": "movie_keyword",
                  "Alias": "mk",
                  "Startup Cost": 0.0,
                  "Total Cost": 42695.65,
                  "Plan Rows": 287367,
                  "Plan Width": 0,
                  "Actual Startup Time": 1.97,
                  "Actual Total Time": 127.567,
                  "Actual Rows": 221661,
                  "Actual Loops": 4,
                  "Filter": "(keyword_id > 20799)",
                  "Rows Removed by Filter": 909322
                }
              ]
            }
          ]
        }
      ]
    },
    "Planning Time": 0.107,
    "Triggers": [],
    "Execution Time": 157.507
  }
]