[
  {
    "Plan": {
      "Node Type": "Aggregate",
      "Strategy": "Plain",
      "Partial Mode": "Finalize",
      "Parallel Aware": false,
      "Startup Cost": 44412.86,
      "Total Cost": 44412.87,
      "Plan Rows": 1,
      "Plan Width": 8,
      "Actual Startup Time": 148.7,
      "Actual Total Time": 161.755,
      "Actual Rows": 1,
      "Actual Loops": 1,
      "Plans": [
        {
          "Node Type": "Gather",
          "Parent Relationship": "Outer",
          "Parallel Aware": false,
          "Startup Cost": 44412.54,
          "Total Cost": 44412.85,
          "Plan Rows": 3,
          "Plan Width": 8,
          "Actual Startup Time": 148.574,
          "Actual Total Time": 161.743,
          "Actual Rows": 4,
          "Actual Loops": 1,
          "Workers Planned": 3,
          "Workers Launched": 3,
          "Single Copy": false,
          "Plans": [
            {
              "Node Type": "Aggregate",
              "Strategy": "Plain",
              "Partial Mode": "Partial",
              "Parent Relationship": "Outer",
              "Parallel Aware": false,
              "Startup Cost": 43412.54,
              "Total Cost": 43412.55,
              "Plan Rows": 1,
              "Plan Width": 8,
              "Actual Startup Time": 141.366,
              "Actual Total Time": 141.367,
              "Actual Rows": 1,
              "Actual Loops": 4,
              "Plans": [
                {
                  "Node Type": "Seq Scan",
                  "Parent Relationship": "Outer",
                  "Parallel Aware": true,
                  "Relation Name": "movie_keyword",
                  "Alias": "mk",
                  "Startup Cost": 0.0,
                  "Total Cost": 42695.65,
                  "Plan Rows": 286755,
                  "Plan Width": 0,
                  "Actual Startup Time": 4.833,
                  "Actual Total Time": 127.262,
                  "Actual Rows": 221661,
                  "Actual Loops": 4,
                  "Filter": "(keyword_id > 20799)",
                  "Rows Removed by Filter": 909322
                }
              ]
            }
          ]
        }
      ]
    },
    "Planning Time": 0.18,
    "Triggers": [],
    "Execution Time": 161.819
  }
]