{
  "Plan": {
    "Node Type": "Aggregate",
    "Strategy": "Plain",
    "Partial Mode": "Finalize",
    "Parallel Aware": false,
    "Startup Cost": 103117.71,
    "Total Cost": 103117.72,
    "Plan Rows": 1,
    "Plan Width": 8,
    "Actual Startup Time": 481.625,
    "Actual Total Time": 493.879,
    "Actual Rows": 1,
    "Actual Loops": 1,
    "Plans": [
      {
        "Node Type": "Gather",
        "Parent Relationship": "Outer",
        "Parallel Aware": false,
        "Startup Cost": 103117.59,
        "Total Cost": 103117.7,
        "Plan Rows": 1,
        "Plan Width": 8,
        "Actual Startup Time": 480.397,
        "Actual Total Time": 493.869,
        "Actual Rows": 2,
        "Actual Loops": 1,
        "Workers Planned": 1,
        "Workers Launched": 1,
        "Single Copy": false,
        "Plans": [
          {
            "Node Type": "Aggregate",
            "Strategy": "Plain",
            "Partial Mode": "Partial",
            "Parent Relationship": "Outer",
            "Parallel Aware": false,
            "Startup Cost": 102117.59,
            "Total Cost": 102117.6,
            "Plan Rows": 1,
            "Plan Width": 8,
            "Actual Startup Time": 474.244,
            "Actual Total Time": 474.247,
            "Actual Rows": 1,
            "Actual Loops": 2,
            "Plans": [
              {
                "Node Type": "Hash Join",
                "Parent Relationship": "Outer",
                "Parallel Aware": true,
                "Join Type": "Inner",
                "Startup Cost": 37616.58,
                "Total Cost": 101719.63,
                "Plan Rows": 159185,
                "Plan Width": 0,
                "Actual Startup Time": 155.915,
                "Actual Total Time": 466.692,
                "Actual Rows": 181153,
                "Actual Loops": 2,
                "Inner Unique": false,
                "Hash Cond": "(t.id = mc.movie_id)",
                "Plans": [
                  {
                    "Node Type": "Seq Scan",
                    "Parent Relationship": "Outer",
                    "Parallel Aware": true,
                    "Relation Name": "title",
                    "Alias": "t",
                    "Startup Cost": 0.0,
                    "Total Cost": 58306.47,
                    "Plan Rows": 777632,
                    "Plan Width": 4,
                    "Actual Startup Time": 0.017,
                    "Actual Total Time": 143.648,
                    "Actual Rows": 649064,
                    "Actual Loops": 2,
                    "Filter": "((kind_id > 1) AND (production_year < 2009))",
                    "Rows Removed by Filter": 615092
                  },
                  {
                    "Node Type": "Hash",
                    "Parent Relationship": "Inner",
                    "Parallel Aware": true,
                    "Startup Cost": 33811.03,
                    "Total Cost": 33811.03,
                    "Plan Rows": 304444,
                    "Plan Width": 4,
                    "Actual Startup Time": 150.518,
                    "Actual Total Time": 150.52,
                    "Actual Rows": 258364,
                    "Actual Loops": 2,
                    "Hash Buckets": 524288,
                    "Original Hash Buckets": 524288,
                    "Hash Batches": 1,
                    "Original Hash Batches": 1,
                    "Peak Memory Usage": 24320,
                    "Plans": [
                      {
                        "Node Type": "Bitmap Heap Scan",
                        "Parent Relationship": "Outer",
                        "Parallel Aware": true,
                        "Relation Name": "movie_companies",
                        "Alias": "mc",
                        "Startup Cost": 11215.48,
                        "Total Cost": 33811.03,
                        "Plan Rows": 304444,
                        "Plan Width": 4,
                        "Actual Startup Time": 35.927,
                        "Actual Total Time": 98.181,
                        "Actual Rows": 258364,
                        "Actual Loops": 2,
                        "Recheck Cond": "(company_id < 475)",
                        "Rows Removed by Index Recheck": 0,
                        "Exact Heap Blocks": 10919,
                        "Lossy Heap Blocks": 0,
                        "Plans": [
                          {
                            "Node Type": "Bitmap Index Scan",
                            "Parent Relationship": "Outer",
                            "Parallel Aware": false,
                            "Index Name": "company_id_movie_companies",
                            "Startup Cost": 0.0,
                            "Total Cost": 11086.09,
                            "Plan Rows": 517555,
                            "Plan Width": 0,
                            "Actual Startup Time": 33.679,
                            "Actual Total Time": 33.679,
                            "Actual Rows": 516728,
                            "Actual Loops": 1,
                            "Index Cond": "(company_id < 475)"
                          }
                        ]
                      }
                    ]
                  }
                ]
              }
            ]
          }
        ]
      }
    ]
  },
  "Planning Time": 0.722,
  "Triggers": [],
  "Execution Time": 493.972
}