{
  "Plan": {
    "Node Type": "Aggregate",
    "Strategy": "Plain",
    "Partial Mode": "Finalize",
    "Parallel Aware": false,
    "Startup Cost": 131833.89,
    "Total Cost": 131833.9,
    "Plan Rows": 1,
    "Plan Width": 8,
    "Actual Startup Time": 122.849,
    "Actual Total Time": 128.802,
    "Actual Rows": 1,
    "Actual Loops": 1,
    "Plans": [
      {
        "Node Type": "Gather",
        "Parent Relationship": "Outer",
        "Parallel Aware": false,
        "Startup Cost": 131833.78,
        "Total Cost": 131833.89,
        "Plan Rows": 1,
        "Plan Width": 8,
        "Actual Startup Time": 122.539,
        "Actual Total Time": 128.797,
        "Actual Rows": 2,
        "Actual Loops": 1,
        "Workers Planned": 1,
        "Workers Launched": 1,
        "Single Copy": false,
        "Plans": [
          {
            "Node Type": "Aggregate",
            "Strategy": "Plain",
            "Partial Mode": "Partial",
            "Parent Relationship": "Outer",
            "Parallel Aware": false,
            "Startup Cost": 130833.78,
            "Total Cost": 130833.79,
            "Plan Rows": 1,
            "Plan Width": 8,
            "Actual Startup Time": 116.496,
            "Actual Total Time": 116.5,
            "Actual Rows": 1,
            "Actual Loops": 2,
            "Plans": [
              {
                "Node Type": "Hash Join",
                "Parent Relationship": "Outer",
                "Parallel Aware": true,
                "Join Type": "Inner",
                "Startup Cost": 54540.07,
                "Total Cost": 130833.04,
                "Plan Rows": 296,
                "Plan Width": 0,
                "Actual Startup Time": 114.075,
                "Actual Total Time": 116.482,
                "Actual Rows": 179,
                "Actual Loops": 2,
                "Inner Unique": true,
                "Hash Cond": "(mi.movie_id = t.id)",
                "Plans": [
                  {
                    "Node Type": "Bitmap Heap Scan",
                    "Parent Relationship": "Outer",
                    "Parallel Aware": true,
                    "Relation Name": "movie_info",
                    "Alias": "mi",
                    "Startup Cost": 545.4,
                    "Total Cost": 76791.95,
                    "Plan Rows": 17682,
                    "Plan Width": 4,
                    "Actual Startup Time": 2.551,
                    "Actual Total Time": 10.258,
                    "Actual Rows": 15090,
                    "Actual Loops": 2,
                    "Recheck Cond": "(info_type_id = 110)",
                    "Rows Removed by Index Recheck": 0,
                    "Exact Heap Blocks": 2442,
                    "Lossy Heap Blocks": 0,
                    "Plans": [
                      {
                        "Node Type": "Bitmap Index Scan",
                        "Parent Relationship": "Outer",
                        "Parallel Aware": false,
                        "Index Name": "info_type_id_movie_info",
                        "Startup Cost": 0.0,
                        "Total Cost": 537.88,
                        "Plan Rows": 30060,
                        "Plan Width": 0,
                        "Actual Startup Time": 2.022,
                        "Actual Total Time": 2.022,
                        "Actual Rows": 30180,
                        "Actual Loops": 1,
                        "Index Cond": "(info_type_id = 110)"
                      }
                    ]
                  },
                  {
                    "Node Type": "Hash",
                    "Parent Relationship": "Inner",
                    "Parallel Aware": true,
                    "Startup Cost": 53683.68,
                    "Total Cost": 53683.68,
                    "Plan Rows": 24879,
                    "Plan Width": 4,
                    "Actual Startup Time": 102.842,
                    "Actual Total Time": 102.843,
                    "Actual Rows": 18706,
                    "Actual Loops": 2,
                    "Hash Buckets": 65536,
                    "Original Hash Buckets": 65536,
                    "Hash Batches": 1,
                    "Original Hash Batches": 1,
                    "Peak Memory Usage": 2016,
                    "Plans": [
                      {
                        "Node Type": "Bitmap Heap Scan",
                        "Parent Relationship": "Outer",
                        "Parallel Aware": true,
                        "Relation Name": "title",
                        "Alias": "t",
                        "Startup Cost": 11833.42,
                        "Total Cost": 53683.68,
                        "Plan Rows": 24879,
                        "Plan Width": 4,
                        "Actual Startup Time": 36.389,
                        "Actual Total Time": 97.396,
                        "Actual Rows": 18706,
                        "Actual Loops": 2,
                        "Recheck Cond": "(kind_id = 1)",
                        "Rows Removed by Index Recheck": 0,
                        "Filter": "(production_year = 2011)",
                        "Rows Removed by Filter": 312707,
                        "Exact Heap Blocks": 9569,
                        "Lossy Heap Blocks": 0,
                        "Plans": [
                          {
                            "Node Type": "Bitmap Index Scan",
                            "Parent Relationship": "Outer",
                            "Parallel Aware": false,
                            "Index Name": "kind_id_title",
                            "Startup Cost": 0.0,
                            "Total Cost": 11822.85,
                            "Plan Rows": 663256,
                            "Plan Width": 0,
                            "Actual Startup Time": 39.05,
                            "Actual Total Time": 39.05,
                            "Actual Rows": 662825,
                            "Actual Loops": 1,
                            "Index Cond": "(kind_id = 1)"
                          }
                        ]
                      }
                    ]
                  }
                ]
              }
            ]
          }
        ]
      }
    ]
  },
  "Planning Time": 0.476,
  "Triggers": [],
  "Execution Time": 128.904
}