[
  {
    "Plan": {
      "Node Type": "Aggregate",
      "Strategy": "Plain",
      "Partial Mode": "Finalize",
      "Parallel Aware": false,
      "Startup Cost": 49965.11,
      "Total Cost": 49965.12,
      "Plan Rows": 1,
      "Plan Width": 8,
      "Actual Startup Time": 102.44,
      "Actual Total Time": 116.161,
      "Actual Rows": 1,
      "Actual Loops": 1,
      "Plans": [
        {
          "Node Type": "Gather",
          "Parent Relationship": "Outer",
          "Parallel Aware": false,
          "Startup Cost": 49964.69,
          "Total Cost": 49965.1,
          "Plan Rows": 4,
          "Plan Width": 8,
          "Actual Startup Time": 102.33,
          "Actual Total Time": 116.154,
          "Actual Rows": 5,
          "Actual Loops": 1,
          "Workers Planned": 4,
          "Workers Launched": 4,
          "Single Copy": false,
          "Plans": [
            {
              "Node Type": "Aggregate",
              "Strategy": "Plain",
              "Partial Mode": "Partial",
              "Parent Relationship": "Outer",
              "Parallel Aware": false,
              "Startup Cost": 48964.69,
              "Total Cost": 48964.7,
              "Plan Rows": 1,
              "Plan Width": 8,
              "Actual Startup Time": 92.355,
              "Actual Total Time": 92.356,
              "Actual Rows": 1,
              "Actual Loops": 5,
              "Plans": [
                {
                  "Node Type": "Nested Loop",
                  "Parent Relationship": "Outer",
                  "Parallel Aware": false,
                  "Join Type": "Inner",
                  "Startup Cost": 0.43,
                  "Total Cost": 48964.24,
                  "Plan Rows": 179,
                  "Plan Width": 0,
                  "Actual Startup Time": 41.405,
                  "Actual Total Time": 92.215,
                  "Actual Rows": 1595,
                  "Actual Loops": 5,
                  "Inner Unique": false,
                  "Plans": [
                    {
                      "Node Type": "Seq Scan",
                      "Parent Relationship": "Outer",
                      "Parallel Aware": true,
                      "Relation Name": "title",
                      "Alias": "t",
                      "Startup Cost": 0.0,
                      "Total Cost": 45479.1,
                      "Plan Rows": 178,
                      "Plan Width": 4,
                      "Actual Startup Time": 41.315,
                      "Actual Total Time": 83.701,
                      "Actual Rows": 557,
                      "Actual Loops": 5,
                      "Filter": "((kind_id < 7) AND (production_year = 1936))",
                      "Rows Removed by Filter": 505105
                    },
                    {
                      "Node Type": "Index Scan",
                      "Parent Relationship": "Inner",
                      "Parallel Aware": false,
                      "Scan Direction": "Forward",
                      "Index Name": "movie_id_movie_companies",
                      "Relation Name": "movie_companies",
                      "Alias": "mc",
                      "Startup Cost": 0.43,
                      "Total Cost": 19.53,
                      "Plan Rows": 5,
                      "Plan Width": 4,
                      "Actual Startup Time": 0.011,
                      "Actual Total Time": 0.015,
                      "Actual Rows": 3,
                      "Actual Loops": 2787,
                      "Index Cond": "(movie_id = t.id)",
                      "Rows Removed by Index Recheck": 0,
                      "Filter": "(company_id > 6)",
                      "Rows Removed by Filter": 0
                    }
                  ]
                }
              ]
            }
          ]
        }
      ]
    },
    "Planning Time": 0.708,
    "Triggers": [],
    "Execution Time": 116.236
  }
]