[
  {
    "Plan": {
      "Node Type": "Aggregate",
      "Strategy": "Plain",
      "Partial Mode": "Finalize",
      "Parallel Aware": false,
      "Startup Cost": 338330.16,
      "Total Cost": 338330.17,
      "Plan Rows": 1,
      "Plan Width": 8,
      "Actual Startup Time": 817.782,
      "Actual Total Time": 862.383,
      "Actual Rows": 1,
      "Actual Loops": 1,
      "Plans": [
        {
          "Node Type": "Gather",
          "Parent Relationship": "Outer",
          "Parallel Aware": false,
          "Startup Cost": 338329.53,
          "Total Cost": 338330.14,
          "Plan Rows": 6,
          "Plan Width": 8,
          "Actual Startup Time": 817.594,
          "Actual Total Time": 862.372,
          "Actual Rows": 7,
          "Actual Loops": 1,
          "Workers Planned": 6,
          "Workers Launched": 6,
          "Single Copy": false,
          "Plans": [
            {
              "Node Type": "Aggregate",
              "Strategy": "Plain",
              "Partial Mode": "Partial",
              "Parent Relationship": "Outer",
              "Parallel Aware": false,
              "Startup Cost": 337329.53,
              "Total Cost": 337329.54,
              "Plan Rows": 1,
              "Plan Width": 8,
              "Actual Startup Time": 810.428,
              "Actual Total Time": 810.429,
              "Actual Rows": 1,
              "Actual Loops": 7,
              "Plans": [
                {
                  "Node Type": "Seq Scan",
                  "Parent Relationship": "Outer",
                  "Parallel Aware": true,
                  "Relation Name": "cast_info",
                  "Alias": "ci",
                  "Startup Cost": 0.0,
                  "Total Cost": 328211.39,
                  "Plan Rows": 3647257,
                  "Plan Width": 0,
                  "Actual Startup Time": 163.692,
                  "Actual Total Time": 642.299,
                  "Actual Rows": 3105683,
                  "Actual Loops": 7,
                  "Filter": "(person_id > 1428722)",
                  "Rows Removed by Filter": 2072081
                }
              ]
            }
          ]
        }
      ]
    },
    "Planning Time": 0.089,
    "Triggers": [],
    "Execution Time": 862.423
  }
]