{
    "Plan": {
        "Node Type": "Aggregate",
        "Strategy": "Plain",
        "Partial Mode": "Finalize",
        "Parallel Aware": false,
        "Startup Cost": 110774.02,
        "Total Cost": 110774.03,
        "Plan Rows": 1,
        "Plan Width": 8,
        "Actual Startup Time": 638.561,
        "Actual Total Time": 662.555,
        "Actual Rows": 1,
        "Actual Loops": 1,
        "Output": [
            "count(*)"
        ],
        "Plans": [
            {
                "Node Type": "Gather",
                "Parent Relationship": "Outer",
                "Parallel Aware": false,
                "Startup Cost": 110773.7,
                "Total Cost": 110774.01,
                "Plan Rows": 3,
                "Plan Width": 8,
                "Actual Startup Time": 632.898,
                "Actual Total Time": 662.544,
                "Actual Rows": 4,
                "Actual Loops": 1,
                "Output": [
                    "(PARTIAL count(*))"
                ],
                "Workers Planned": 3,
                "Workers Launched": 3,
                "Single Copy": false,
                "Plans": [
                    {
                        "Node Type": "Aggregate",
                        "Strategy": "Plain",
                        "Partial Mode": "Partial",
                        "Parent Relationship": "Outer",
                        "Parallel Aware": false,
                        "Startup Cost": 109773.7,
                        "Total Cost": 109773.71,
                        "Plan Rows": 1,
                        "Plan Width": 8,
                        "Actual Startup Time": 621.043,
                        "Actual Total Time": 621.251,
                        "Actual Rows": 1,
                        "Actual Loops": 4,
                        "Output": [
                            "PARTIAL count(*)"
                        ],
                        "Workers": [
                            {
                                "Worker Number": 0,
                                "Actual Startup Time": 617.106,
                                "Actual Total Time": 617.113,
                                "Actual Rows": 1,
                                "Actual Loops": 1
                            },
                            {
                                "Worker Number": 1,
                                "Actual Startup Time": 617.208,
                                "Actual Total Time": 617.214,
                                "Actual Rows": 1,
                                "Actual Loops": 1
                            },
                            {
                                "Worker Number": 2,
                                "Actual Startup Time": 617.708,
                                "Actual Total Time": 617.713,
                                "Actual Rows": 1,
                                "Actual Loops": 1
                            }
                        ],
                        "Plans": [
                            {
                                "Node Type": "Hash Join",
                                "Parent Relationship": "Outer",
                                "Parallel Aware": true,
                                "Join Type": "Inner",
                                "Startup Cost": 64646.17,
                                "Total Cost": 109545.81,
                                "Plan Rows": 91158,
                                "Plan Width": 0,
                                "Actual Startup Time": 313.017,
                                "Actual Total Time": 591.479,
                                "Actual Rows": 643636,
                                "Actual Loops": 4,
                                "Inner Unique": false,
                                "Hash Cond": "(mk.movie_id = t.id)",
                                "Workers": [
                                    {
                                        "Worker Number": 0,
                                        "Actual Startup Time": 309.208,
                                        "Actual Total Time": 587.556,
                                        "Actual Rows": 476346,
                                        "Actual Loops": 1
                                    },
                                    {
                                        "Worker Number": 1,
                                        "Actual Startup Time": 309.317,
                                        "Actual Total Time": 587.225,
                                        "Actual Rows": 659299,
                                        "Actual Loops": 1
                                    },
                                    {
                                        "Worker Number": 2,
                                        "Actual Startup Time": 309.291,
                                        "Actual Total Time": 589.85,
                                        "Actual Rows": 668466,
                                        "Actual Loops": 1
                                    }
                                ],
                                "Plans": [
                                    {
                                        "Node Type": "Seq Scan",
                                        "Parent Relationship": "Outer",
                                        "Parallel Aware": true,
                                        "Relation Name": "movie_keyword",
                                        "Schema": "public",
                                        "Alias": "mk",
                                        "Startup Cost": 0.0,
                                        "Total Cost": 39047.32,
                                        "Plan Rows": 1459332,
                                        "Plan Width": 4,
                                        "Actual Startup Time": 0.013,
                                        "Actual Total Time": 113.418,
                                        "Actual Rows": 1130982,
                                        "Actual Loops": 4,
                                        "Output": [
                                            "mk.id",
                                            "mk.movie_id",
                                            "mk.keyword_id"
                                        ],
                                        "Workers": [
                                            {
                                                "Worker Number": 0,
                                                "Actual Startup Time": 0.019,
                                                "Actual Total Time": 117.431,
                                                "Actual Rows": 833055,
                                                "Actual Loops": 1
                                            },
                                            {
                                                "Worker Number": 1,
                                                "Actual Startup Time": 0.017,
                                                "Actual Total Time": 118.629,
                                                "Actual Rows": 1157360,
                                                "Actual Loops": 1
                                            },
                                            {
                                                "Worker Number": 2,
                                                "Actual Startup Time": 0.01,
                                                "Actual Total Time": 119.792,
                                                "Actual Rows": 1172285,
                                                "Actual Loops": 1
                                            }
                                        ]
                                    },
                                    {
                                        "Node Type": "Hash",
                                        "Parent Relationship": "Inner",
                                        "Parallel Aware": true,
                                        "Startup Cost": 63823.61,
                                        "Total Cost": 63823.61,
                                        "Plan Rows": 65805,
                                        "Plan Width": 8,
                                        "Actual Startup Time": 310.598,
                                        "Actual Total Time": 310.804,
                                        "Actual Rows": 69489,
                                        "Actual Loops": 4,
                                        "Output": [
                                            "t.id",
                                            "mi_idx.movie_id"
                                        ],
                                        "Hash Buckets": 524288,
                                        "Original Hash Buckets": 262144,
                                        "Hash Batches": 1,
                                        "Original Hash Batches": 1,
                                        "Peak Memory Usage": 17088,
                                        "Workers": [
                                            {
                                                "Worker Number": 0,
                                                "Actual Startup Time": 308.543,
                                                "Actual Total Time": 308.547,
                                                "Actual Rows": 56565,
                                                "Actual Loops": 1
                                            },
                                            {
                                                "Worker Number": 1,
                                                "Actual Startup Time": 308.65,
                                                "Actual Total Time": 308.655,
                                                "Actual Rows": 70318,
                                                "Actual Loops": 1
                                            },
                                            {
                                                "Worker Number": 2,
                                                "Actual Startup Time": 308.65,
                                                "Actual Total Time": 308.653,
                                                "Actual Rows": 72140,
                                                "Actual Loops": 1
                                            }
                                        ],
                                        "Plans": [
                                            {
                                                "Node Type": "Hash Join",
                                                "Parent Relationship": "Outer",
                                                "Parallel Aware": true,
                                                "Join Type": "Inner",
                                                "Startup Cost": 48199.15,
                                                "Total Cost": 63823.61,
                                                "Plan Rows": 65805,
                                                "Plan Width": 8,
                                                "Actual Startup Time": 194.073,
                                                "Actual Total Time": 279.637,
                                                "Actual Rows": 69489,
                                                "Actual Loops": 4,
                                                "Output": [
                                                    "t.id",
                                                    "mi_idx.movie_id"
                                                ],
                                                "Inner Unique": true,
                                                "Hash Cond": "(mi_idx.movie_id = t.id)",
                                                "Workers": [
                                                    {
                                                        "Worker Number": 0,
                                                        "Actual Startup Time": 192.161,
                                                        "Actual Total Time": 277.378,
                                                        "Actual Rows": 56565,
                                                        "Actual Loops": 1
                                                    },
                                                    {
                                                        "Worker Number": 1,
                                                        "Actual Startup Time": 192.131,
                                                        "Actual Total Time": 277.544,
                                                        "Actual Rows": 70318,
                                                        "Actual Loops": 1
                                                    },
                                                    {
                                                        "Worker Number": 2,
                                                        "Actual Startup Time": 192.004,
                                                        "Actual Total Time": 278.526,
                                                        "Actual Rows": 72140,
                                                        "Actual Loops": 1
                                                    }
                                                ],
                                                "Plans": [
                                                    {
                                                        "Node Type": "Seq Scan",
                                                        "Parent Relationship": "Outer",
                                                        "Parallel Aware": true,
                                                        "Relation Name": "movie_info_idx",
                                                        "Schema": "public",
                                                        "Alias": "mi_idx",
                                                        "Startup Cost": 0.0,
                                                        "Total Cost": 15122.68,
                                                        "Plan Rows": 191154,
                                                        "Plan Width": 4,
                                                        "Actual Startup Time": 0.013,
                                                        "Actual Total Time": 35.047,
                                                        "Actual Rows": 115046,
                                                        "Actual Loops": 4,
                                                        "Output": [
                                                            "mi_idx.id",
                                                            "mi_idx.movie_id",
                                                            "mi_idx.info_type_id",
                                                            "mi_idx.info",
                                                            "mi_idx.note"
                                                        ],
                                                        "Filter": "(mi_idx.info_type_id > 100)",
                                                        "Rows Removed by Filter": 229962,
                                                        "Workers": [
                                                            {
                                                                "Worker Number": 0,
                                                                "Actual Startup Time": 0.012,
                                                                "Actual Total Time": 38.571,
                                                                "Actual Rows": 93287,
                                                                "Actual Loops": 1
                                                            },
                                                            {
                                                                "Worker Number": 1,
                                                                "Actual Startup Time": 0.012,
                                                                "Actual Total Time": 34.601,
                                                                "Actual Rows": 115254,
                                                                "Actual Loops": 1
                                                            },
                                                            {
                                                                "Worker Number": 2,
                                                                "Actual Startup Time": 0.019,
                                                                "Actual Total Time": 35.133,
                                                                "Actual Rows": 118096,
                                                                "Actual Loops": 1
                                                            }
                                                        ]
                                                    },
                                                    {
                                                        "Node Type": "Hash",
                                                        "Parent Relationship": "Inner",
                                                        "Parallel Aware": true,
                                                        "Startup Cost": 45479.21,
                                                        "Total Cost": 45479.21,
                                                        "Plan Rows": 217595,
                                                        "Plan Width": 4,
                                                        "Actual Startup Time": 190.406,
                                                        "Actual Total Time": 190.407,
                                                        "Actual Rows": 195701,
                                                        "Actual Loops": 4,
                                                        "Output": [
                                                            "t.id"
                                                        ],
                                                        "Hash Buckets": 1048576,
                                                        "Original Hash Buckets": 1048576,
                                                        "Hash Batches": 1,
                                                        "Original Hash Batches": 1,
                                                        "Peak Memory Usage": 38880,
                                                        "Workers": [
                                                            {
                                                                "Worker Number": 0,
                                                                "Actual Startup Time": 191.798,
                                                                "Actual Total Time": 191.799,
                                                                "Actual Rows": 149795,
                                                                "Actual Loops": 1
                                                            },
                                                            {
                                                                "Worker Number": 1,
                                                                "Actual Startup Time": 191.893,
                                                                "Actual Total Time": 191.895,
                                                                "Actual Rows": 196137,
                                                                "Actual Loops": 1
                                                            },
                                                            {
                                                                "Worker Number": 2,
                                                                "Actual Startup Time": 191.919,
                                                                "Actual Total Time": 191.919,
                                                                "Actual Rows": 197018,
                                                                "Actual Loops": 1
                                                            }
                                                        ],
                                                        "Plans": [
                                                            {
                                                                "Node Type": "Seq Scan",
                                                                "Parent Relationship": "Outer",
                                                                "Parallel Aware": true,
                                                                "Relation Name": "title",
                                                                "Schema": "public",
                                                                "Alias": "t",
                                                                "Startup Cost": 0.0,
                                                                "Total Cost": 45479.21,
                                                                "Plan Rows": 217595,
                                                                "Plan Width": 4,
                                                                "Actual Startup Time": 0.057,
                                                                "Actual Total Time": 114.464,
                                                                "Actual Rows": 195701,
                                                                "Actual Loops": 4,
                                                                "Output": [
                                                                    "t.id"
                                                                ],
                                                                "Filter": "((t.kind_id < 7) AND (t.production_year > 1959))",
                                                                "Rows Removed by Filter": 436377,
                                                                "Workers": [
                                                                    {
                                                                        "Worker Number": 0,
                                                                        "Actual Startup Time": 0.068,
                                                                        "Actual Total Time": 117.59,
                                                                        "Actual Rows": 149795,
                                                                        "Actual Loops": 1
                                                                    },
                                                                    {
                                                                        "Worker Number": 1,
                                                                        "Actual Startup Time": 0.068,
                                                                        "Actual Total Time": 115.502,
                                                                        "Actual Rows": 196137,
                                                                        "Actual Loops": 1
                                                                    },
                                                                    {
                                                                        "Worker Number": 2,
                                                                        "Actual Startup Time": 0.072,
                                                                        "Actual Total Time": 114.623,
                                                                        "Actual Rows": 197018,
                                                                        "Actual Loops": 1
                                                                    }
                                                                ]
                                                            }
                                                        ]
                                                    }
                                                ]
                                            }
                                        ]
                                    }
                                ]
                            }
                        ]
                    }
                ]
            }
        ]
    },
    "Planning Time": 1.519,
    "Triggers": [],
    "Execution Time": 662.642
}