[
  {
    "Plan": {
      "Node Type": "Aggregate",
      "Strategy": "Plain",
      "Partial Mode": "Finalize",
      "Parallel Aware": false,
      "Startup Cost": 77079.81,
      "Total Cost": 77079.82,
      "Plan Rows": 1,
      "Plan Width": 8,
      "Actual Startup Time": 135.216,
      "Actual Total Time": 151.78,
      "Actual Rows": 1,
      "Actual Loops": 1,
      "Plans": [
        {
          "Node Type": "Gather",
          "Parent Relationship": "Outer",
          "Parallel Aware": false,
          "Startup Cost": 77079.39,
          "Total Cost": 77079.8,
          "Plan Rows": 4,
          "Plan Width": 8,
          "Actual Startup Time": 135.048,
          "Actual Total Time": 151.77,
          "Actual Rows": 5,
          "Actual Loops": 1,
          "Workers Planned": 4,
          "Workers Launched": 4,
          "Single Copy": false,
          "Plans": [
            {
              "Node Type": "Aggregate",
              "Strategy": "Plain",
              "Partial Mode": "Partial",
              "Parent Relationship": "Outer",
              "Parallel Aware": false,
              "Startup Cost": 76079.39,
              "Total Cost": 76079.4,
              "Plan Rows": 1,
              "Plan Width": 8,
              "Actual Startup Time": 125.191,
              "Actual Total Time": 125.193,
              "Actual Rows": 1,
              "Actual Loops": 5,
              "Plans": [
                {
                  "Node Type": "Nested Loop",
                  "Parent Relationship": "Outer",
                  "Parallel Aware": false,
                  "Join Type": "Inner",
                  "Startup Cost": 0.43,
                  "Total Cost": 76062.47,
                  "Plan Rows": 6769,
                  "Plan Width": 0,
                  "Actual Startup Time": 69.319,
                  "Actual Total Time": 124.38,
                  "Actual Rows": 13035,
                  "Actual Loops": 5,
                  "Inner Unique": false,
                  "Plans": [
                    {
                      "Node Type": "Seq Scan",
                      "Parent Relationship": "Outer",
                      "Parallel Aware": true,
                      "Relation Name": "title",
                      "Alias": "t",
                      "Startup Cost": 0.0,
                      "Total Cost": 45479.59,
                      "Plan Rows": 3956,
                      "Plan Width": 4,
                      "Actual Startup Time": 67.21,
                      "Actual Total Time": 98.251,
                      "Actual Rows": 1941,
                      "Actual Loops": 5,
                      "Filter": "((kind_id = 1) AND (production_year = 2002))",
                      "Rows Removed by Filter": 503722
                    },
                    {
                      "Node Type": "Index Scan",
                      "Parent Relationship": "Inner",
                      "Parallel Aware": false,
                      "Scan Direction": "Forward",
                      "Index Name": "movie_id_movie_keyword",
                      "Relation Name": "movie_keyword",
                      "Alias": "mk",
                      "Startup Cost": 0.43,
                      "Total Cost": 7.29,
                      "Plan Rows": 44,
                      "Plan Width": 4,
                      "Actual Startup Time": 0.011,
                      "Actual Total Time": 0.012,
                      "Actual Rows": 7,
                      "Actual Loops": 9704,
                      "Index Cond": "(movie_id = t.id)",
                      "Rows Removed by Index Recheck": 0,
                      "Filter": "(keyword_id < 68519)",
                      "Rows Removed by Filter": 0
                    }
                  ]
                }
              ]
            }
          ]
        }
      ]
    },
    "Planning Time": 0.642,
    "Triggers": [],
    "Execution Time": 151.854
  }
]