{
  "Plan": {
    "Node Type": "Aggregate",
    "Strategy": "Plain",
    "Partial Mode": "Finalize",
    "Parallel Aware": false,
    "Startup Cost": 778093.4,
    "Total Cost": 778093.41,
    "Plan Rows": 1,
    "Plan Width": 8,
    "Actual Startup Time": 5507.638,
    "Actual Total Time": 5585.378,
    "Actual Rows": 1,
    "Actual Loops": 1,
    "Plans": [
      {
        "Node Type": "Gather",
        "Parent Relationship": "Outer",
        "Parallel Aware": false,
        "Startup Cost": 778093.29,
        "Total Cost": 778093.4,
        "Plan Rows": 1,
        "Plan Width": 8,
        "Actual Startup Time": 5504.842,
        "Actual Total Time": 5585.365,
        "Actual Rows": 2,
        "Actual Loops": 1,
        "Workers Planned": 1,
        "Workers Launched": 1,
        "Single Copy": false,
        "Plans": [
          {
            "Node Type": "Aggregate",
            "Strategy": "Plain",
            "Partial Mode": "Partial",
            "Parent Relationship": "Outer",
            "Parallel Aware": false,
            "Startup Cost": 777093.29,
            "Total Cost": 777093.3,
            "Plan Rows": 1,
            "Plan Width": 8,
            "Actual Startup Time": 5499.22,
            "Actual Total Time": 5499.226,
            "Actual Rows": 1,
            "Actual Loops": 2,
            "Plans": [
              {
                "Node Type": "Hash Join",
                "Parent Relationship": "Outer",
                "Parallel Aware": true,
                "Join Type": "Inner",
                "Startup Cost": 176256.13,
                "Total Cost": 765758.83,
                "Plan Rows": 4533782,
                "Plan Width": 0,
                "Actual Startup Time": 1197.374,
                "Actual Total Time": 5203.78,
                "Actual Rows": 7209884,
                "Actual Loops": 2,
                "Inner Unique": false,
                "Hash Cond": "(ci.movie_id = t.id)",
                "Plans": [
                  {
                    "Node Type": "Seq Scan",
                    "Parent Relationship": "Outer",
                    "Parallel Aware": true,
                    "Relation Name": "cast_info",
                    "Alias": "ci",
                    "Startup Cost": 0.0,
                    "Total Cost": 519069.44,
                    "Plan Rows": 11670392,
                    "Plan Width": 4,
                    "Actual Startup Time": 0.014,
                    "Actual Total Time": 1713.821,
                    "Actual Rows": 10061330,
                    "Actual Loops": 2,
                    "Filter": "(role_id < 3)",
                    "Rows Removed by Filter": 8060842
                  },
                  {
                    "Node Type": "Hash",
                    "Parent Relationship": "Inner",
                    "Parallel Aware": true,
                    "Startup Cost": 169034.03,
                    "Total Cost": 169034.03,
                    "Plan Rows": 577768,
                    "Plan Width": 8,
                    "Actual Startup Time": 1188.373,
                    "Actual Total Time": 1188.375,
                    "Actual Rows": 472287,
                    "Actual Loops": 2,
                    "Hash Buckets": 1048576,
                    "Original Hash Buckets": 1048576,
                    "Hash Batches": 1,
                    "Original Hash Batches": 1,
                    "Peak Memory Usage": 45184,
                    "Plans": [
                      {
                        "Node Type": "Merge Join",
                        "Parent Relationship": "Outer",
                        "Parallel Aware": false,
                        "Join Type": "Inner",
                        "Startup Cost": 2.97,
                        "Total Cost": 169034.03,
                        "Plan Rows": 577768,
                        "Plan Width": 8,
                        "Actual Startup Time": 0.367,
                        "Actual Total Time": 1080.182,
                        "Actual Rows": 472287,
                        "Actual Loops": 2,
                        "Inner Unique": false,
                        "Merge Cond": "(t.id = mi_idx.movie_id)",
                        "Plans": [
                          {
                            "Node Type": "Index Scan",
                            "Parent Relationship": "Outer",
                            "Parallel Aware": true,
                            "Scan Direction": "Forward",
                            "Index Name": "title_pkey",
                            "Relation Name": "title",
                            "Alias": "t",
                            "Startup Cost": 0.43,
                            "Total Cost": 103647.43,
                            "Plan Rows": 1058501,
                            "Plan Width": 4,
                            "Actual Startup Time": 0.104,
                            "Actual Total Time": 672.936,
                            "Actual Rows": 896381,
                            "Actual Loops": 2,
                            "Filter": "(production_year > 1988)",
                            "Rows Removed by Filter": 366571
                          },
                          {
                            "Node Type": "Index Only Scan",
                            "Parent Relationship": "Inner",
                            "Parallel Aware": false,
                            "Scan Direction": "Forward",
                            "Index Name": "movie_id_movie_info_idx",
                            "Relation Name": "movie_info_idx",
                            "Alias": "mi_idx",
                            "Startup Cost": 0.43,
                            "Total Cost": 53620.22,
                            "Plan Rows": 1380035,
                            "Plan Width": 4,
                            "Actual Startup Time": 0.145,
                            "Actual Total Time": 266.715,
                            "Actual Rows": 1380035,
                            "Actual Loops": 2,
                            "Heap Fetches": 2760070
                          }
                        ]
                      }
                    ]
                  }
                ]
              }
            ]
          }
        ]
      }
    ]
  },
  "Planning Time": 0.89,
  "Triggers": [],
  "Execution Time": 5585.488
}