{
    "Plan": {
        "Node Type": "Aggregate",
        "Strategy": "Plain",
        "Partial Mode": "Simple",
        "Parallel Aware": false,
        "Startup Cost": 60000681097.5,
        "Total Cost": 60000681097.51,
        "Plan Rows": 1,
        "Plan Width": 96,
        "Actual Startup Time": 1570.954,
        "Actual Total Time": 1570.965,
        "Actual Rows": 1,
        "Actual Loops": 1,
        "Output": [
            "min(cn.name)",
            "min((lt.link)::text)",
            "min(t.title)"
        ],
        "Plans": [
            {
                "Node Type": "Nested Loop",
                "Parent Relationship": "Outer",
                "Parallel Aware": false,
                "Join Type": "Inner",
                "Startup Cost": 60000673791.76,
                "Total Cost": 60000681097.49,
                "Plan Rows": 1,
                "Plan Width": 48,
                "Actual Startup Time": 1496.256,
                "Actual Total Time": 1570.438,
                "Actual Rows": 1208,
                "Actual Loops": 1,
                "Output": [
                    "cn.name",
                    "lt.link",
                    "t.title"
                ],
                "Inner Unique": true,
                "Plans": [
                    {
                        "Node Type": "Hash Join",
                        "Parent Relationship": "Outer",
                        "Parallel Aware": false,
                        "Join Type": "Inner",
                        "Startup Cost": 50000673791.62,
                        "Total Cost": 50000681089.32,
                        "Plan Rows": 1,
                        "Plan Width": 52,
                        "Actual Startup Time": 1496.238,
                        "Actual Total Time": 1562.703,
                        "Actual Rows": 1267,
                        "Actual Loops": 1,
                        "Output": [
                            "cn.name",
                            "mc.company_type_id",
                            "lt.link",
                            "t.title"
                        ],
                        "Inner Unique": false,
                        "Hash Cond": "(cn.id = mc.company_id)",
                        "Plans": [
                            {
                                "Node Type": "Seq Scan",
                                "Parent Relationship": "Outer",
                                "Parallel Aware": false,
                                "Relation Name": "company_name",
                                "Schema": "public",
                                "Alias": "cn",
                                "Startup Cost": 10000000000.0,
                                "Total Cost": 10000007107.45,
                                "Plan Rows": 50732,
                                "Plan Width": 23,
                                "Actual Startup Time": 0.026,
                                "Actual Total Time": 63.499,
                                "Actual Rows": 48302,
                                "Actual Loops": 1,
                                "Output": [
                                    "cn.id",
                                    "cn.name",
                                    "cn.country_code",
                                    "cn.imdb_id",
                                    "cn.name_pcode_nf",
                                    "cn.name_pcode_sf",
                                    "cn.md5sum"
                                ],
                                "Filter": "(((cn.country_code)::text <> '[pl]'::text) AND ((cn.name ~~ '%Film%'::text) OR (cn.name ~~ '%Warner%'::text)))",
                                "Rows Removed by Filter": 186695
                            },
                            {
                                "Node Type": "Hash",
                                "Parent Relationship": "Inner",
                                "Parallel Aware": false,
                                "Startup Cost": 40000673791.61,
                                "Total Cost": 40000673791.61,
                                "Plan Rows": 1,
                                "Plan Width": 37,
                                "Actual Startup Time": 1494.032,
                                "Actual Total Time": 1494.04,
                                "Actual Rows": 2926,
                                "Actual Loops": 1,
                                "Output": [
                                    "mc.company_type_id",
                                    "mc.company_id",
                                    "lt.link",
                                    "t.title"
                                ],
                                "Hash Buckets": 4096,
                                "Original Hash Buckets": 1024,
                                "Hash Batches": 1,
                                "Original Hash Batches": 1,
                                "Peak Memory Usage": 222,
                                "Plans": [
                                    {
                                        "Node Type": "Hash Join",
                                        "Parent Relationship": "Outer",
                                        "Parallel Aware": false,
                                        "Join Type": "Inner",
                                        "Startup Cost": 40000175869.11,
                                        "Total Cost": 40000673791.61,
                                        "Plan Rows": 1,
                                        "Plan Width": 37,
                                        "Actual Startup Time": 731.142,
                                        "Actual Total Time": 1493.095,
                                        "Actual Rows": 2926,
                                        "Actual Loops": 1,
                                        "Output": [
                                            "mc.company_type_id",
                                            "mc.company_id",
                                            "lt.link",
                                            "t.title"
                                        ],
                                        "Inner Unique": false,
                                        "Hash Cond": "(mk.keyword_id = k.id)",
                                        "Plans": [
                                            {
                                                "Node Type": "Merge Join",
                                                "Parent Relationship": "Outer",
                                                "Parallel Aware": false,
                                                "Join Type": "Inner",
                                                "Startup Cost": 30000173242.97,
                                                "Total Cost": 30000670571.14,
                                                "Plan Rows": 158487,
                                                "Plan Width": 41,
                                                "Actual Startup Time": 709.421,
                                                "Actual Total Time": 1467.693,
                                                "Actual Rows": 65362,
                                                "Actual Loops": 1,
                                                "Output": [
                                                    "lt.link",
                                                    "mc.company_type_id",
                                                    "mc.company_id",
                                                    "mk.keyword_id",
                                                    "t.title"
                                                ],
                                                "Inner Unique": false,
                                                "Merge Cond": "(t.id = ml.movie_id)",
                                                "Plans": [
                                                    {
                                                        "Node Type": "Nested Loop",
                                                        "Parent Relationship": "Outer",
                                                        "Parallel Aware": false,
                                                        "Join Type": "Inner",
                                                        "Startup Cost": 0.86,
                                                        "Total Cost": 1924636.89,
                                                        "Plan Rows": 300524,
                                                        "Plan Width": 25,
                                                        "Actual Startup Time": 0.179,
                                                        "Actual Total Time": 327.464,
                                                        "Actual Rows": 10429,
                                                        "Actual Loops": 1,
                                                        "Output": [
                                                            "mi.movie_id",
                                                            "t.title",
                                                            "t.id"
                                                        ],
                                                        "Inner Unique": false,
                                                        "Plans": [
                                                            {
                                                                "Node Type": "Index Scan",
                                                                "Parent Relationship": "Outer",
                                                                "Parallel Aware": false,
                                                                "Scan Direction": "Forward",
                                                                "Index Name": "title_pkey",
                                                                "Relation Name": "title",
                                                                "Schema": "public",
                                                                "Alias": "t",
                                                                "Startup Cost": 0.43,
                                                                "Total Cost": 122983.71,
                                                                "Plan Rows": 590634,
                                                                "Plan Width": 21,
                                                                "Actual Startup Time": 0.14,
                                                                "Actual Total Time": 134.916,
                                                                "Actual Rows": 47452,
                                                                "Actual Loops": 1,
                                                                "Output": [
                                                                    "t.id",
                                                                    "t.title",
                                                                    "t.imdb_index",
                                                                    "t.kind_id",
                                                                    "t.production_year",
                                                                    "t.imdb_id",
                                                                    "t.phonetic_code",
                                                                    "t.episode_of_id",
                                                                    "t.season_nr",
                                                                    "t.episode_nr",
                                                                    "t.series_years",
                                                                    "t.md5sum"
                                                                ],
                                                                "Filter": "((t.production_year >= 1996) AND (t.production_year <= 2005))",
                                                                "Rows Removed by Filter": 117313
                                                            },
                                                            {
                                                                "Node Type": "Index Scan",
                                                                "Parent Relationship": "Inner",
                                                                "Parallel Aware": false,
                                                                "Scan Direction": "Forward",
                                                                "Index Name": "movie_id_movie_info",
                                                                "Relation Name": "movie_info",
                                                                "Schema": "public",
                                                                "Alias": "mi",
                                                                "Startup Cost": 0.43,
                                                                "Total Cost": 3.02,
                                                                "Plan Rows": 3,
                                                                "Plan Width": 4,
                                                                "Actual Startup Time": 0.004,
                                                                "Actual Total Time": 0.004,
                                                                "Actual Rows": 0,
                                                                "Actual Loops": 47452,
                                                                "Output": [
                                                                    "mi.id",
                                                                    "mi.movie_id",
                                                                    "mi.info_type_id",
                                                                    "mi.info",
                                                                    "mi.note"
                                                                ],
                                                                "Index Cond": "(mi.movie_id = t.id)",
                                                                "Rows Removed by Index Recheck": 0,
                                                                "Filter": "(mi.info = ANY ('{Sweden,USA,American,Bulgaria,English,Swedish,Norwegian,America,Norway}'::text[]))",
                                                                "Rows Removed by Filter": 3
                                                            }
                                                        ]
                                                    },
                                                    {
                                                        "Node Type": "Materialize",
                                                        "Parent Relationship": "Inner",
                                                        "Parallel Aware": false,
                                                        "Startup Cost": 30000173141.57,
                                                        "Total Cost": 30000528641.12,
                                                        "Plan Rows": 198015,
                                                        "Plan Width": 36,
                                                        "Actual Startup Time": 703.888,
                                                        "Actual Total Time": 1121.802,
                                                        "Actual Rows": 87489,
                                                        "Actual Loops": 1,
                                                        "Output": [
                                                            "lt.link",
                                                            "ml.movie_id",
                                                            "mc.movie_id",
                                                            "mc.company_type_id",
                                                            "mc.company_id",
                                                            "mk.movie_id",
                                                            "mk.keyword_id"
                                                        ],
                                                        "Plans": [
                                                            {
                                                                "Node Type": "Nested Loop",
                                                                "Parent Relationship": "Outer",
                                                                "Parallel Aware": false,
                                                                "Join Type": "Inner",
                                                                "Startup Cost": 30000173141.57,
                                                                "Total Cost": 30000528146.08,
                                                                "Plan Rows": 198015,
                                                                "Plan Width": 36,
                                                                "Actual Startup Time": 703.883,
                                                                "Actual Total Time": 1093.002,
                                                                "Actual Rows": 54010,
                                                                "Actual Loops": 1,
                                                                "Output": [
                                                                    "lt.link",
                                                                    "ml.movie_id",
                                                                    "mc.movie_id",
                                                                    "mc.company_type_id",
                                                                    "mc.company_id",
                                                                    "mk.movie_id",
                                                                    "mk.keyword_id"
                                                                ],
                                                                "Inner Unique": false,
                                                                "Join Filter": "(ml.movie_id = mk.movie_id)",
                                                                "Rows Removed by Join Filter": 0,
                                                                "Plans": [
                                                                    {
                                                                        "Node Type": "Nested Loop",
                                                                        "Parent Relationship": "Outer",
                                                                        "Parallel Aware": false,
                                                                        "Join Type": "Inner",
                                                                        "Startup Cost": 20000173140.71,
                                                                        "Total Cost": 20000501989.91,
                                                                        "Plan Rows": 4355,
                                                                        "Plan Width": 28,
                                                                        "Actual Startup Time": 703.847,
                                                                        "Actual Total Time": 1035.531,
                                                                        "Actual Rows": 5069,
                                                                        "Actual Loops": 1,
                                                                        "Output": [
                                                                            "lt.link",
                                                                            "ml.movie_id",
                                                                            "mc.movie_id",
                                                                            "mc.company_type_id",
                                                                            "mc.company_id"
                                                                        ],
                                                                        "Inner Unique": true,
                                                                        "Plans": [
                                                                            {
                                                                                "Node Type": "Merge Join",
                                                                                "Parent Relationship": "Outer",
                                                                                "Parallel Aware": false,
                                                                                "Join Type": "Inner",
                                                                                "Startup Cost": 10000173140.56,
                                                                                "Total Cost": 10000175674.46,
                                                                                "Plan Rows": 78421,
                                                                                "Plan Width": 20,
                                                                                "Actual Startup Time": 703.13,
                                                                                "Actual Total Time": 755.728,
                                                                                "Actual Rows": 43026,
                                                                                "Actual Loops": 1,
                                                                                "Output": [
                                                                                    "mc.movie_id",
                                                                                    "mc.company_type_id",
                                                                                    "mc.company_id",
                                                                                    "ml.link_type_id",
                                                                                    "ml.movie_id"
                                                                                ],
                                                                                "Inner Unique": false,
                                                                                "Merge Cond": "(mc.movie_id = ml.movie_id)",
                                                                                "Plans": [
                                                                                    {
                                                                                        "Node Type": "Sort",
                                                                                        "Parent Relationship": "Outer",
                                                                                        "Parallel Aware": false,
                                                                                        "Startup Cost": 173139.97,
                                                                                        "Total Cost": 176303.54,
                                                                                        "Plan Rows": 1265428,
                                                                                        "Plan Width": 12,
                                                                                        "Actual Startup Time": 703.075,
                                                                                        "Actual Total Time": 707.751,
                                                                                        "Actual Rows": 49142,
                                                                                        "Actual Loops": 1,
                                                                                        "Output": [
                                                                                            "mc.movie_id",
                                                                                            "mc.company_type_id",
                                                                                            "mc.company_id"
                                                                                        ],
                                                                                        "Sort Key": [
                                                                                            "mc.movie_id"
                                                                                        ],
                                                                                        "Sort Method": "quicksort",
                                                                                        "Sort Space Used": 108777,
                                                                                        "Sort Space Type": "Memory",
                                                                                        "Plans": [
                                                                                            {
                                                                                                "Node Type": "Seq Scan",
                                                                                                "Parent Relationship": "Outer",
                                                                                                "Parallel Aware": false,
                                                                                                "Relation Name": "movie_companies",
                                                                                                "Schema": "public",
                                                                                                "Alias": "mc",
                                                                                                "Startup Cost": 0.0,
                                                                                                "Total Cost": 44881.29,
                                                                                                "Plan Rows": 1265428,
                                                                                                "Plan Width": 12,
                                                                                                "Actual Startup Time": 0.019,
                                                                                                "Actual Total Time": 349.321,
                                                                                                "Actual Rows": 1271989,
                                                                                                "Actual Loops": 1,
                                                                                                "Output": [
                                                                                                    "mc.movie_id",
                                                                                                    "mc.company_type_id",
                                                                                                    "mc.company_id"
                                                                                                ],
                                                                                                "Filter": "(mc.note IS NULL)",
                                                                                                "Rows Removed by Filter": 1337140
                                                                                            }
                                                                                        ]
                                                                                    },
                                                                                    {
                                                                                        "Node Type": "Materialize",
                                                                                        "Parent Relationship": "Inner",
                                                                                        "Parallel Aware": false,
                                                                                        "Startup Cost": 10000000000.29,
                                                                                        "Total Cost": 10000001186.5,
                                                                                        "Plan Rows": 29997,
                                                                                        "Plan Width": 8,
                                                                                        "Actual Startup Time": 0.046,
                                                                                        "Actual Total Time": 25.354,
                                                                                        "Actual Rows": 54265,
                                                                                        "Actual Loops": 1,
                                                                                        "Output": [
                                                                                            "ml.id",
                                                                                            "ml.movie_id",
                                                                                            "ml.linked_movie_id",
                                                                                            "ml.link_type_id"
                                                                                        ],
                                                                                        "Plans": [
                                                                                            {
                                                                                                "Node Type": "Index Scan",
                                                                                                "Parent Relationship": "Outer",
                                                                                                "Parallel Aware": false,
                                                                                                "Scan Direction": "Forward",
                                                                                                "Index Name": "movie_id_movie_link",
                                                                                                "Relation Name": "movie_link",
                                                                                                "Schema": "public",
                                                                                                "Alias": "ml",
                                                                                                "Startup Cost": 10000000000.29,
                                                                                                "Total Cost": 10000001111.51,
                                                                                                "Plan Rows": 29997,
                                                                                                "Plan Width": 8,
                                                                                                "Actual Startup Time": 0.033,
                                                                                                "Actual Total Time": 13.163,
                                                                                                "Actual Rows": 29997,
                                                                                                "Actual Loops": 1,
                                                                                                "Output": [
                                                                                                    "ml.id",
                                                                                                    "ml.movie_id",
                                                                                                    "ml.linked_movie_id",
                                                                                                    "ml.link_type_id"
                                                                                                ]
                                                                                            }
                                                                                        ]
                                                                                    }
                                                                                ]
                                                                            },
                                                                            {
                                                                                "Node Type": "Bitmap Heap Scan",
                                                                                "Parent Relationship": "Inner",
                                                                                "Parallel Aware": false,
                                                                                "Relation Name": "link_type",
                                                                                "Schema": "public",
                                                                                "Alias": "lt",
                                                                                "Startup Cost": 0.15,
                                                                                "Total Cost": 4.16,
                                                                                "Plan Rows": 1,
                                                                                "Plan Width": 16,
                                                                                "Actual Startup Time": 0.004,
                                                                                "Actual Total Time": 0.004,
                                                                                "Actual Rows": 0,
                                                                                "Actual Loops": 43026,
                                                                                "Output": [
                                                                                    "lt.id",
                                                                                    "lt.link"
                                                                                ],
                                                                                "Recheck Cond": "(lt.id = ml.link_type_id)",
                                                                                "Rows Removed by Index Recheck": 0,
                                                                                "Filter": "((lt.link)::text ~~ '%follow%'::text)",
                                                                                "Rows Removed by Filter": 1,
                                                                                "Exact Heap Blocks": 43026,
                                                                                "Lossy Heap Blocks": 0,
                                                                                "Plans": [
                                                                                    {
                                                                                        "Node Type": "Bitmap Index Scan",
                                                                                        "Parent Relationship": "Outer",
                                                                                        "Parallel Aware": false,
                                                                                        "Index Name": "link_type_pkey",
                                                                                        "Startup Cost": 0.0,
                                                                                        "Total Cost": 0.15,
                                                                                        "Plan Rows": 1,
                                                                                        "Plan Width": 0,
                                                                                        "Actual Startup Time": 0.002,
                                                                                        "Actual Total Time": 0.002,
                                                                                        "Actual Rows": 1,
                                                                                        "Actual Loops": 43026,
                                                                                        "Index Cond": "(lt.id = ml.link_type_id)"
                                                                                    }
                                                                                ]
                                                                            }
                                                                        ]
                                                                    },
                                                                    {
                                                                        "Node Type": "Bitmap Heap Scan",
                                                                        "Parent Relationship": "Inner",
                                                                        "Parallel Aware": false,
                                                                        "Relation Name": "movie_keyword",
                                                                        "Schema": "public",
                                                                        "Alias": "mk",
                                                                        "Startup Cost": 0.86,
                                                                        "Total Cost": 5.43,
                                                                        "Plan Rows": 46,
                                                                        "Plan Width": 8,
                                                                        "Actual Startup Time": 0.006,
                                                                        "Actual Total Time": 0.006,
                                                                        "Actual Rows": 11,
                                                                        "Actual Loops": 5069,
                                                                        "Output": [
                                                                            "mk.id",
                                                                            "mk.movie_id",
                                                                            "mk.keyword_id"
                                                                        ],
                                                                        "Recheck Cond": "(mk.movie_id = mc.movie_id)",
                                                                        "Rows Removed by Index Recheck": 0,
                                                                        "Exact Heap Blocks": 4439,
                                                                        "Lossy Heap Blocks": 0,
                                                                        "Plans": [
                                                                            {
                                                                                "Node Type": "Bitmap Index Scan",
                                                                                "Parent Relationship": "Outer",
                                                                                "Parallel Aware": false,
                                                                                "Index Name": "movie_id_movie_keyword",
                                                                                "Startup Cost": 0.0,
                                                                                "Total Cost": 0.84,
                                                                                "Plan Rows": 46,
                                                                                "Plan Width": 0,
                                                                                "Actual Startup Time": 0.004,
                                                                                "Actual Total Time": 0.004,
                                                                                "Actual Rows": 11,
                                                                                "Actual Loops": 5069,
                                                                                "Index Cond": "(mk.movie_id = mc.movie_id)"
                                                                            }
                                                                        ]
                                                                    }
                                                                ]
                                                            }
                                                        ]
                                                    }
                                                ]
                                            },
                                            {
                                                "Node Type": "Hash",
                                                "Parent Relationship": "Inner",
                                                "Parallel Aware": false,
                                                "Startup Cost": 10000002626.12,
                                                "Total Cost": 10000002626.12,
                                                "Plan Rows": 1,
                                                "Plan Width": 4,
                                                "Actual Startup Time": 18.447,
                                                "Actual Total Time": 18.447,
                                                "Actual Rows": 1,
                                                "Actual Loops": 1,
                                                "Output": [
                                                    "k.id"
                                                ],
                                                "Hash Buckets": 1024,
                                                "Original Hash Buckets": 1024,
                                                "Hash Batches": 1,
                                                "Original Hash Batches": 1,
                                                "Peak Memory Usage": 9,
                                                "Plans": [
                                                    {
                                                        "Node Type": "Seq Scan",
                                                        "Parent Relationship": "Outer",
                                                        "Parallel Aware": false,
                                                        "Relation Name": "keyword",
                                                        "Schema": "public",
                                                        "Alias": "k",
                                                        "Startup Cost": 10000000000.0,
                                                        "Total Cost": 10000002626.12,
                                                        "Plan Rows": 1,
                                                        "Plan Width": 4,
                                                        "Actual Startup Time": 1.314,
                                                        "Actual Total Time": 18.441,
                                                        "Actual Rows": 1,
                                                        "Actual Loops": 1,
                                                        "Output": [
                                                            "k.id"
                                                        ],
                                                        "Filter": "(k.keyword = 'sequel'::text)",
                                                        "Rows Removed by Filter": 134169
                                                    }
                                                ]
                                            }
                                        ]
                                    }
                                ]
                            }
                        ]
                    },
                    {
                        "Node Type": "Bitmap Heap Scan",
                        "Parent Relationship": "Inner",
                        "Parallel Aware": false,
                        "Relation Name": "company_type",
                        "Schema": "public",
                        "Alias": "ct",
                        "Startup Cost": 0.14,
                        "Total Cost": 4.15,
                        "Plan Rows": 1,
                        "Plan Width": 4,
                        "Actual Startup Time": 0.003,
                        "Actual Total Time": 0.003,
                        "Actual Rows": 1,
                        "Actual Loops": 1267,
                        "Output": [
                            "ct.id",
                            "ct.kind"
                        ],
                        "Recheck Cond": "(ct.id = mc.company_type_id)",
                        "Rows Removed by Index Recheck": 0,
                        "Filter": "((ct.kind)::text = 'production companies'::text)",
                        "Rows Removed by Filter": 0,
                        "Exact Heap Blocks": 1267,
                        "Lossy Heap Blocks": 0,
                        "Plans": [
                            {
                                "Node Type": "Bitmap Index Scan",
                                "Parent Relationship": "Outer",
                                "Parallel Aware": false,
                                "Index Name": "company_type_pkey",
                                "Startup Cost": 0.0,
                                "Total Cost": 0.14,
                                "Plan Rows": 1,
                                "Plan Width": 0,
                                "Actual Startup Time": 0.001,
                                "Actual Total Time": 0.001,
                                "Actual Rows": 1,
                                "Actual Loops": 1267,
                                "Index Cond": "(ct.id = mc.company_type_id)"
                            }
                        ]
                    }
                ]
            }
        ]
    },
    "Planning Time": 13.253,
    "Triggers": [],
    "Execution Time": 1571.156
}