{
  "Plan": {
    "Node Type": "Aggregate",
    "Strategy": "Plain",
    "Partial Mode": "Finalize",
    "Parallel Aware": false,
    "Startup Cost": 424912.06,
    "Total Cost": 424912.07,
    "Plan Rows": 1,
    "Plan Width": 8,
    "Actual Startup Time": 1547.962,
    "Actual Total Time": 1568.651,
    "Actual Rows": 1,
    "Actual Loops": 1,
    "Plans": [
      {
        "Node Type": "Gather",
        "Parent Relationship": "Outer",
        "Parallel Aware": false,
        "Startup Cost": 424911.95,
        "Total Cost": 424912.06,
        "Plan Rows": 1,
        "Plan Width": 8,
        "Actual Startup Time": 1543.018,
        "Actual Total Time": 1568.634,
        "Actual Rows": 2,
        "Actual Loops": 1,
        "Workers Planned": 1,
        "Workers Launched": 1,
        "Single Copy": false,
        "Plans": [
          {
            "Node Type": "Aggregate",
            "Strategy": "Plain",
            "Partial Mode": "Partial",
            "Parent Relationship": "Outer",
            "Parallel Aware": false,
            "Startup Cost": 423911.95,
            "Total Cost": 423911.96,
            "Plan Rows": 1,
            "Plan Width": 8,
            "Actual Startup Time": 1537.061,
            "Actual Total Time": 1538.656,
            "Actual Rows": 1,
            "Actual Loops": 2,
            "Plans": [
              {
                "Node Type": "Hash Join",
                "Parent Relationship": "Outer",
                "Parallel Aware": true,
                "Join Type": "Inner",
                "Startup Cost": 153083.56,
                "Total Cost": 423100.34,
                "Plan Rows": 324642,
                "Plan Width": 0,
                "Actual Startup Time": 1094.851,
                "Actual Total Time": 1494.183,
                "Actual Rows": 1009201,
                "Actual Loops": 2,
                "Inner Unique": false,
                "Hash Cond": "(ci.movie_id = t.id)",
                "Plans": [
                  {
                    "Node Type": "Bitmap Heap Scan",
                    "Parent Relationship": "Outer",
                    "Parallel Aware": true,
                    "Relation Name": "cast_info",
                    "Alias": "ci",
                    "Startup Cost": 35630.73,
                    "Total Cost": 300179.36,
                    "Plan Rows": 948931,
                    "Plan Width": 4,
                    "Actual Startup Time": 62.841,
                    "Actual Total Time": 155.723,
                    "Actual Rows": 824998,
                    "Actual Loops": 2,
                    "Recheck Cond": "(person_id < 164507)",
                    "Rows Removed by Index Recheck": 0,
                    "Exact Heap Blocks": 8960,
                    "Lossy Heap Blocks": 0,
                    "Plans": [
                      {
                        "Node Type": "Bitmap Index Scan",
                        "Parent Relationship": "Outer",
                        "Parallel Aware": false,
                        "Index Name": "person_id_cast_info",
                        "Startup Cost": 0.0,
                        "Total Cost": 35227.43,
                        "Plan Rows": 1613182,
                        "Plan Width": 0,
                        "Actual Startup Time": 60.164,
                        "Actual Total Time": 60.165,
                        "Actual Rows": 1649995,
                        "Actual Loops": 1,
                        "Index Cond": "(person_id < 164507)"
                      }
                    ]
                  },
                  {
                    "Node Type": "Hash",
                    "Parent Relationship": "Inner",
                    "Parallel Aware": true,
                    "Startup Cost": 111092.82,
                    "Total Cost": 111092.82,
                    "Plan Rows": 508801,
                    "Plan Width": 8,
                    "Actual Startup Time": 1021.873,
                    "Actual Total Time": 1023.464,
                    "Actual Rows": 586131,
                    "Actual Loops": 2,
                    "Hash Buckets": 2097152,
                    "Original Hash Buckets": 1048576,
                    "Hash Batches": 1,
                    "Original Hash Batches": 1,
                    "Peak Memory Usage": 70464,
                    "Plans": [
                      {
                        "Node Type": "Hash Join",
                        "Parent Relationship": "Outer",
                        "Parallel Aware": true,
                        "Join Type": "Inner",
                        "Startup Cost": 47934.37,
                        "Total Cost": 111092.82,
                        "Plan Rows": 508801,
                        "Plan Width": 8,
                        "Actual Startup Time": 303.244,
                        "Actual Total Time": 847.825,
                        "Actual Rows": 586131,
                        "Actual Loops": 2,
                        "Inner Unique": false,
                        "Hash Cond": "(t.id = mc.movie_id)",
                        "Plans": [
                          {
                            "Node Type": "Seq Scan",
                            "Parent Relationship": "Outer",
                            "Parallel Aware": true,
                            "Relation Name": "title",
                            "Alias": "t",
                            "Startup Cost": 0.0,
                            "Total Cost": 50870.31,
                            "Plan Rows": 1487231,
                            "Plan Width": 4,
                            "Actual Startup Time": 0.015,
                            "Actual Total Time": 129.276,
                            "Actual Rows": 1264156,
                            "Actual Loops": 2
                          },
                          {
                            "Node Type": "Hash",
                            "Parent Relationship": "Inner",
                            "Parallel Aware": true,
                            "Startup Cost": 41574.35,
                            "Total Cost": 41574.35,
                            "Plan Rows": 508801,
                            "Plan Width": 4,
                            "Actual Startup Time": 297.915,
                            "Actual Total Time": 297.916,
                            "Actual Rows": 586131,
                            "Actual Loops": 2,
                            "Hash Buckets": 2097152,
                            "Original Hash Buckets": 1048576,
                            "Hash Batches": 1,
                            "Original Hash Batches": 1,
                            "Peak Memory Usage": 70464,
                            "Plans": [
                              {
                                "Node Type": "Index Scan",
                                "Parent Relationship": "Outer",
                                "Parallel Aware": true,
                                "Scan Direction": "Forward",
                                "Index Name": "company_type_id_movie_companies",
                                "Relation Name": "movie_companies",
                                "Alias": "mc",
                                "Startup Cost": 0.43,
                                "Total Cost": 41574.35,
                                "Plan Rows": 508801,
                                "Plan Width": 4,
                                "Actual Startup Time": 0.099,
                                "Actual Total Time": 130.934,
                                "Actual Rows": 586131,
                                "Actual Loops": 2,
                                "Index Cond": "(company_type_id = 1)",
                                "Rows Removed by Index Recheck": 0,
                                "Filter": "(company_id < 23930)",
                                "Rows Removed by Filter": 50992
                              }
                            ]
                          }
                        ]
                      }
                    ]
                  }
                ]
              }
            ]
          }
        ]
      }
    ]
  },
  "Planning Time": 1.01,
  "Triggers": [],
  "Execution Time": 1568.769
}