[
    {
        "Bao": {
            "Bao prediction": 482.258,
            "Bao recommended hint": "(no hint)"
        }
    },
    {
        "Plan": {
            "Node Type": "Aggregate",
            "Strategy": "Plain",
            "Partial Mode": "Finalize",
            "Parallel Aware": false,
            "Startup Cost": 333311.24,
            "Total Cost": 333311.25,
            "Plan Rows": 1,
            "Plan Width": 8,
            "Actual Startup Time": 705.865,
            "Actual Total Time": 735.489,
            "Actual Rows": 1,
            "Actual Loops": 1,
            "Output": [
                "count(*)"
            ],
            "Plans": [
                {
                    "Node Type": "Gather",
                    "Parent Relationship": "Outer",
                    "Parallel Aware": false,
                    "Startup Cost": 333310.62,
                    "Total Cost": 333311.23,
                    "Plan Rows": 6,
                    "Plan Width": 8,
                    "Actual Startup Time": 705.787,
                    "Actual Total Time": 735.481,
                    "Actual Rows": 7,
                    "Actual Loops": 1,
                    "Output": [
                        "(PARTIAL count(*))"
                    ],
                    "Workers Planned": 6,
                    "Workers Launched": 6,
                    "Single Copy": false,
                    "Plans": [
                        {
                            "Node Type": "Aggregate",
                            "Strategy": "Plain",
                            "Partial Mode": "Partial",
                            "Parent Relationship": "Outer",
                            "Parallel Aware": false,
                            "Startup Cost": 332310.62,
                            "Total Cost": 332310.63,
                            "Plan Rows": 1,
                            "Plan Width": 8,
                            "Actual Startup Time": 696.269,
                            "Actual Total Time": 696.27,
                            "Actual Rows": 1,
                            "Actual Loops": 7,
                            "Output": [
                                "PARTIAL count(*)"
                            ],
                            "Workers": [
                                {
                                    "Worker Number": 0,
                                    "Actual Startup Time": 694.507,
                                    "Actual Total Time": 694.508,
                                    "Actual Rows": 1,
                                    "Actual Loops": 1
                                },
                                {
                                    "Worker Number": 1,
                                    "Actual Startup Time": 694.622,
                                    "Actual Total Time": 694.623,
                                    "Actual Rows": 1,
                                    "Actual Loops": 1
                                },
                                {
                                    "Worker Number": 2,
                                    "Actual Startup Time": 694.889,
                                    "Actual Total Time": 694.89,
                                    "Actual Rows": 1,
                                    "Actual Loops": 1
                                },
                                {
                                    "Worker Number": 3,
                                    "Actual Startup Time": 694.766,
                                    "Actual Total Time": 694.767,
                                    "Actual Rows": 1,
                                    "Actual Loops": 1
                                },
                                {
                                    "Worker Number": 4,
                                    "Actual Startup Time": 694.749,
                                    "Actual Total Time": 694.75,
                                    "Actual Rows": 1,
                                    "Actual Loops": 1
                                },
                                {
                                    "Worker Number": 5,
                                    "Actual Startup Time": 695.376,
                                    "Actual Total Time": 695.377,
                                    "Actual Rows": 1,
                                    "Actual Loops": 1
                                }
                            ],
                            "Plans": [
                                {
                                    "Node Type": "Seq Scan",
                                    "Parent Relationship": "Outer",
                                    "Parallel Aware": true,
                                    "Relation Name": "cast_info",
                                    "Schema": "public",
                                    "Alias": "ci",
                                    "Startup Cost": 0.0,
                                    "Total Cost": 328213.62,
                                    "Plan Rows": 1638800,
                                    "Plan Width": 0,
                                    "Actual Startup Time": 325.161,
                                    "Actual Total Time": 617.992,
                                    "Actual Rows": 1408329,
                                    "Actual Loops": 7,
                                    "Output": [
                                        "id",
                                        "person_id",
                                        "movie_id",
                                        "person_role_id",
                                        "note",
                                        "nr_order",
                                        "role_id"
                                    ],
                                    "Filter": "(ci.person_id > 2726005)",
                                    "Rows Removed by Filter": 3769434,
                                    "Workers": [
                                        {
                                            "Worker Number": 0,
                                            "Actual Startup Time": 323.404,
                                            "Actual Total Time": 617.031,
                                            "Actual Rows": 1166719,
                                            "Actual Loops": 1
                                        },
                                        {
                                            "Worker Number": 1,
                                            "Actual Startup Time": 323.517,
                                            "Actual Total Time": 617.376,
                                            "Actual Rows": 1163278,
                                            "Actual Loops": 1
                                        },
                                        {
                                            "Worker Number": 2,
                                            "Actual Startup Time": 323.788,
                                            "Actual Total Time": 618.668,
                                            "Actual Rows": 1149377,
                                            "Actual Loops": 1
                                        },
                                        {
                                            "Worker Number": 3,
                                            "Actual Startup Time": 323.631,
                                            "Actual Total Time": 617.778,
                                            "Actual Rows": 1159819,
                                            "Actual Loops": 1
                                        },
                                        {
                                            "Worker Number": 4,
                                            "Actual Startup Time": 323.649,
                                            "Actual Total Time": 615.999,
                                            "Actual Rows": 1767050,
                                            "Actual Loops": 1
                                        },
                                        {
                                            "Worker Number": 5,
                                            "Actual Startup Time": 324.28,
                                            "Actual Total Time": 619.89,
                                            "Actual Rows": 1139453,
                                            "Actual Loops": 1
                                        }
                                    ]
                                }
                            ]
                        }
                    ]
                }
            ]
        },
        "Planning Time": 476.524,
        "Triggers": [],
        "Execution Time": 735.576
    }
]