{
  "Plan": {
    "Node Type": "Aggregate",
    "Strategy": "Plain",
    "Partial Mode": "Finalize",
    "Parallel Aware": false,
    "Startup Cost": 256221.43,
    "Total Cost": 256221.44,
    "Plan Rows": 1,
    "Plan Width": 8,
    "Actual Startup Time": 352.854,
    "Actual Total Time": 370.672,
    "Actual Rows": 1,
    "Actual Loops": 1,
    "Plans": [
      {
        "Node Type": "Gather",
        "Parent Relationship": "Outer",
        "Parallel Aware": false,
        "Startup Cost": 256221.32,
        "Total Cost": 256221.43,
        "Plan Rows": 1,
        "Plan Width": 8,
        "Actual Startup Time": 352.479,
        "Actual Total Time": 370.662,
        "Actual Rows": 2,
        "Actual Loops": 1,
        "Workers Planned": 1,
        "Workers Launched": 1,
        "Single Copy": false,
        "Plans": [
          {
            "Node Type": "Aggregate",
            "Strategy": "Plain",
            "Partial Mode": "Partial",
            "Parent Relationship": "Outer",
            "Parallel Aware": false,
            "Startup Cost": 255221.32,
            "Total Cost": 255221.33,
            "Plan Rows": 1,
            "Plan Width": 8,
            "Actual Startup Time": 346.059,
            "Actual Total Time": 346.065,
            "Actual Rows": 1,
            "Actual Loops": 2,
            "Plans": [
              {
                "Node Type": "Nested Loop",
                "Parent Relationship": "Outer",
                "Parallel Aware": false,
                "Join Type": "Inner",
                "Startup Cost": 74027.16,
                "Total Cost": 255213.71,
                "Plan Rows": 3041,
                "Plan Width": 0,
                "Actual Startup Time": 150.214,
                "Actual Total Time": 345.779,
                "Actual Rows": 4218,
                "Actual Loops": 2,
                "Inner Unique": false,
                "Join Filter": "(t.id = mc.movie_id)",
                "Rows Removed by Join Filter": 0,
                "Plans": [
                  {
                    "Node Type": "Hash Join",
                    "Parent Relationship": "Outer",
                    "Parallel Aware": true,
                    "Join Type": "Inner",
                    "Startup Cost": 74026.73,
                    "Total Cost": 253333.61,
                    "Plan Rows": 2946,
                    "Plan Width": 8,
                    "Actual Startup Time": 149.941,
                    "Actual Total Time": 332.293,
                    "Actual Rows": 1660,
                    "Actual Loops": 2,
                    "Inner Unique": true,
                    "Hash Cond": "(mi.movie_id = t.id)",
                    "Plans": [
                      {
                        "Node Type": "Bitmap Heap Scan",
                        "Parent Relationship": "Outer",
                        "Parallel Aware": true,
                        "Relation Name": "movie_info",
                        "Alias": "mi",
                        "Startup Cost": 35254.11,
                        "Total Cost": 211556.11,
                        "Plan Rows": 1144719,
                        "Plan Width": 4,
                        "Actual Startup Time": 66.927,
                        "Actual Total Time": 208.898,
                        "Actual Rows": 932816,
                        "Actual Loops": 2,
                        "Recheck Cond": "(info_type_id > 17)",
                        "Rows Removed by Index Recheck": 0,
                        "Exact Heap Blocks": 25096,
                        "Lossy Heap Blocks": 0,
                        "Plans": [
                          {
                            "Node Type": "Bitmap Index Scan",
                            "Parent Relationship": "Outer",
                            "Parallel Aware": false,
                            "Index Name": "info_type_id_movie_info",
                            "Startup Cost": 0.0,
                            "Total Cost": 34767.61,
                            "Plan Rows": 1946023,
                            "Plan Width": 0,
                            "Actual Startup Time": 60.151,
                            "Actual Total Time": 60.152,
                            "Actual Rows": 1865632,
                            "Actual Loops": 1,
                            "Index Cond": "(info_type_id > 17)"
                          }
                        ]
                      },
                      {
                        "Node Type": "Hash",
                        "Parent Relationship": "Inner",
                        "Parallel Aware": true,
                        "Startup Cost": 38724.76,
                        "Total Cost": 38724.76,
                        "Plan Rows": 3828,
                        "Plan Width": 4,
                        "Actual Startup Time": 52.309,
                        "Actual Total Time": 52.311,
                        "Actual Rows": 1621,
                        "Actual Loops": 2,
                        "Hash Buckets": 8192,
                        "Original Hash Buckets": 8192,
                        "Hash Batches": 1,
                        "Original Hash Batches": 1,
                        "Peak Memory Usage": 224,
                        "Plans": [
                          {
                            "Node Type": "Bitmap Heap Scan",
                            "Parent Relationship": "Outer",
                            "Parallel Aware": true,
                            "Relation Name": "title",
                            "Alias": "t",
                            "Startup Cost": 1824.76,
                            "Total Cost": 38724.76,
                            "Plan Rows": 3828,
                            "Plan Width": 4,
                            "Actual Startup Time": 15.312,
                            "Actual Total Time": 51.642,
                            "Actual Rows": 1621,
                            "Actual Loops": 2,
                            "Recheck Cond": "(kind_id = 3)",
                            "Rows Removed by Index Recheck": 0,
                            "Filter": "(production_year = 2012)",
                            "Rows Removed by Filter": 48648,
                            "Exact Heap Blocks": 11246,
                            "Lossy Heap Blocks": 0,
                            "Plans": [
                              {
                                "Node Type": "Bitmap Index Scan",
                                "Parent Relationship": "Outer",
                                "Parallel Aware": false,
                                "Index Name": "kind_id_title",
                                "Startup Cost": 0.0,
                                "Total Cost": 1823.13,
                                "Plan Rows": 102227,
                                "Plan Width": 0,
                                "Actual Startup Time": 14.907,
                                "Actual Total Time": 14.908,
                                "Actual Rows": 100537,
                                "Actual Loops": 1,
                                "Index Cond": "(kind_id = 3)"
                              }
                            ]
                          }
                        ]
                      }
                    ]
                  },
                  {
                    "Node Type": "Index Only Scan",
                    "Parent Relationship": "Inner",
                    "Parallel Aware": false,
                    "Scan Direction": "Forward",
                    "Index Name": "movie_id_movie_companies",
                    "Relation Name": "movie_companies",
                    "Alias": "mc",
                    "Startup Cost": 0.43,
                    "Total Cost": 0.58,
                    "Plan Rows": 5,
                    "Plan Width": 4,
                    "Actual Startup Time": 0.006,
                    "Actual Total Time": 0.008,
                    "Actual Rows": 3,
                    "Actual Loops": 3319,
                    "Index Cond": "(movie_id = mi.movie_id)",
                    "Rows Removed by Index Recheck": 0,
                    "Heap Fetches": 8436
                  }
                ]
              }
            ]
          }
        ]
      }
    ]
  },
  "Planning Time": 1.0,
  "Triggers": [],
  "Execution Time": 370.798
}