[
  {
    "Plan": {
      "Node Type": "Aggregate",
      "Strategy": "Plain",
      "Partial Mode": "Finalize",
      "Parallel Aware": false,
      "Startup Cost": 30703.57,
      "Total Cost": 30703.58,
      "Plan Rows": 1,
      "Plan Width": 8,
      "Actual Startup Time": 72.594,
      "Actual Total Time": 80.121,
      "Actual Rows": 1,
      "Actual Loops": 1,
      "Plans": [
        {
          "Node Type": "Gather",
          "Parent Relationship": "Outer",
          "Parallel Aware": false,
          "Startup Cost": 30703.26,
          "Total Cost": 30703.57,
          "Plan Rows": 3,
          "Plan Width": 8,
          "Actual Startup Time": 72.491,
          "Actual Total Time": 80.114,
          "Actual Rows": 4,
          "Actual Loops": 1,
          "Workers Planned": 3,
          "Workers Launched": 3,
          "Single Copy": false,
          "Plans": [
            {
              "Node Type": "Aggregate",
              "Strategy": "Plain",
              "Partial Mode": "Partial",
              "Parent Relationship": "Outer",
              "Parallel Aware": false,
              "Startup Cost": 29703.26,
              "Total Cost": 29703.27,
              "Plan Rows": 1,
              "Plan Width": 8,
              "Actual Startup Time": 68.812,
              "Actual Total Time": 68.813,
              "Actual Rows": 1,
              "Actual Loops": 4,
              "Plans": [
                {
                  "Node Type": "Seq Scan",
                  "Parent Relationship": "Outer",
                  "Parallel Aware": true,
                  "Relation Name": "movie_companies",
                  "Alias": "mc",
                  "Startup Cost": 0.0,
                  "Total Cost": 29310.68,
                  "Plan Rows": 157030,
                  "Plan Width": 0,
                  "Actual Startup Time": 34.504,
                  "Actual Total Time": 63.41,
                  "Actual Rows": 121184,
                  "Actual Loops": 4,
                  "Filter": "(company_id > 74981)",
                  "Rows Removed by Filter": 531098
                }
              ]
            }
          ]
        }
      ]
    },
    "Planning Time": 0.097,
    "Triggers": [],
    "Execution Time": 80.155
  }
]