[
  {
    "Plan": {
      "Node Type": "Aggregate",
      "Strategy": "Plain",
      "Partial Mode": "Finalize",
      "Parallel Aware": false,
      "Startup Cost": 206996.53,
      "Total Cost": 206996.54,
      "Plan Rows": 1,
      "Plan Width": 8,
      "Actual Startup Time": 471.604,
      "Actual Total Time": 494.112,
      "Actual Rows": 1,
      "Actual Loops": 1,
      "Plans": [
        {
          "Node Type": "Gather",
          "Parent Relationship": "Outer",
          "Parallel Aware": false,
          "Startup Cost": 206996.01,
          "Total Cost": 206996.52,
          "Plan Rows": 5,
          "Plan Width": 8,
          "Actual Startup Time": 471.5,
          "Actual Total Time": 494.106,
          "Actual Rows": 6,
          "Actual Loops": 1,
          "Workers Planned": 5,
          "Workers Launched": 5,
          "Single Copy": false,
          "Plans": [
            {
              "Node Type": "Aggregate",
              "Strategy": "Plain",
              "Partial Mode": "Partial",
              "Parent Relationship": "Outer",
              "Parallel Aware": false,
              "Startup Cost": 205996.01,
              "Total Cost": 205996.02,
              "Plan Rows": 1,
              "Plan Width": 8,
              "Actual Startup Time": 467.315,
              "Actual Total Time": 467.316,
              "Actual Rows": 1,
              "Actual Loops": 6,
              "Plans": [
                {
                  "Node Type": "Seq Scan",
                  "Parent Relationship": "Outer",
                  "Parallel Aware": true,
                  "Relation Name": "movie_info",
                  "Alias": "mi",
                  "Startup Cost": 0.0,
                  "Total Cost": 198880.74,
                  "Plan Rows": 2846108,
                  "Plan Width": 0,
                  "Actual Startup Time": 0.026,
                  "Actual Total Time": 356.613,
                  "Actual Rows": 2382059,
                  "Actual Loops": 6,
                  "Filter": "(info_type_id < 102)",
                  "Rows Removed by Filter": 90561
                }
              ]
            }
          ]
        }
      ]
    },
    "Planning Time": 0.119,
    "Triggers": [],
    "Execution Time": 494.141
  }
]