[
  {
    "Plan": {
      "Node Type": "Aggregate",
      "Strategy": "Plain",
      "Partial Mode": "Finalize",
      "Parallel Aware": false,
      "Startup Cost": 77579.99,
      "Total Cost": 77580.0,
      "Plan Rows": 1,
      "Plan Width": 8,
      "Actual Startup Time": 110.33,
      "Actual Total Time": 130.237,
      "Actual Rows": 1,
      "Actual Loops": 1,
      "Plans": [
        {
          "Node Type": "Gather",
          "Parent Relationship": "Outer",
          "Parallel Aware": false,
          "Startup Cost": 77579.57,
          "Total Cost": 77579.98,
          "Plan Rows": 4,
          "Plan Width": 8,
          "Actual Startup Time": 110.036,
          "Actual Total Time": 130.23,
          "Actual Rows": 5,
          "Actual Loops": 1,
          "Workers Planned": 4,
          "Workers Launched": 4,
          "Single Copy": false,
          "Plans": [
            {
              "Node Type": "Aggregate",
              "Strategy": "Plain",
              "Partial Mode": "Partial",
              "Parent Relationship": "Outer",
              "Parallel Aware": false,
              "Startup Cost": 76579.57,
              "Total Cost": 76579.58,
              "Plan Rows": 1,
              "Plan Width": 8,
              "Actual Startup Time": 104.373,
              "Actual Total Time": 104.375,
              "Actual Rows": 1,
              "Actual Loops": 5,
              "Plans": [
                {
                  "Node Type": "Nested Loop",
                  "Parent Relationship": "Outer",
                  "Parallel Aware": false,
                  "Join Type": "Inner",
                  "Startup Cost": 0.43,
                  "Total Cost": 76576.58,
                  "Plan Rows": 1195,
                  "Plan Width": 0,
                  "Actual Startup Time": 52.628,
                  "Actual Total Time": 103.657,
                  "Actual Rows": 7764,
                  "Actual Loops": 5,
                  "Inner Unique": false,
                  "Plans": [
                    {
                      "Node Type": "Seq Scan",
                      "Parent Relationship": "Outer",
                      "Parallel Aware": true,
                      "Relation Name": "title",
                      "Alias": "t",
                      "Startup Cost": 0.0,
                      "Total Cost": 45479.59,
                      "Plan Rows": 204,
                      "Plan Width": 4,
                      "Actual Startup Time": 52.496,
                      "Actual Total Time": 76.755,
                      "Actual Rows": 556,
                      "Actual Loops": 5,
                      "Filter": "((kind_id < 2) AND (production_year = 1936))",
                      "Rows Removed by Filter": 505107
                    },
                    {
                      "Node Type": "Index Only Scan",
                      "Parent Relationship": "Inner",
                      "Parallel Aware": false,
                      "Scan Direction": "Forward",
                      "Index Name": "movie_id_movie_info",
                      "Relation Name": "movie_info",
                      "Alias": "mi",
                      "Startup Cost": 0.43,
                      "Total Cost": 152.03,
                      "Plan Rows": 41,
                      "Plan Width": 4,
                      "Actual Startup Time": 0.015,
                      "Actual Total Time": 0.046,
                      "Actual Rows": 14,
                      "Actual Loops": 2778,
                      "Index Cond": "(movie_id = t.id)",
                      "Rows Removed by Index Recheck": 0,
                      "Heap Fetches": 38820
                    }
                  ]
                }
              ]
            }
          ]
        }
      ]
    },
    "Planning Time": 0.298,
    "Triggers": [],
    "Execution Time": 130.279
  }
]