[
  {
    "Plan": {
      "Node Type": "Aggregate",
      "Strategy": "Plain",
      "Partial Mode": "Finalize",
      "Parallel Aware": false,
      "Startup Cost": 347659.07,
      "Total Cost": 347659.08,
      "Plan Rows": 1,
      "Plan Width": 8,
      "Actual Startup Time": 649.236,
      "Actual Total Time": 700.996,
      "Actual Rows": 1,
      "Actual Loops": 1,
      "Plans": [
        {
          "Node Type": "Gather",
          "Parent Relationship": "Outer",
          "Parallel Aware": false,
          "Startup Cost": 347658.45,
          "Total Cost": 347659.05,
          "Plan Rows": 6,
          "Plan Width": 8,
          "Actual Startup Time": 649.034,
          "Actual Total Time": 700.982,
          "Actual Rows": 7,
          "Actual Loops": 1,
          "Workers Planned": 6,
          "Workers Launched": 6,
          "Single Copy": false,
          "Plans": [
            {
              "Node Type": "Aggregate",
              "Strategy": "Plain",
              "Partial Mode": "Partial",
              "Parent Relationship": "Outer",
              "Parallel Aware": false,
              "Startup Cost": 346658.45,
              "Total Cost": 346658.46,
              "Plan Rows": 1,
              "Plan Width": 8,
              "Actual Startup Time": 642.008,
              "Actual Total Time": 642.012,
              "Actual Rows": 1,
              "Actual Loops": 7,
              "Plans": [
                {
                  "Node Type": "Seq Scan",
                  "Parent Relationship": "Outer",
                  "Parallel Aware": true,
                  "Relation Name": "cast_info",
                  "Alias": "ci",
                  "Startup Cost": 0.0,
                  "Total Cost": 343316.27,
                  "Plan Rows": 1336870,
                  "Plan Width": 0,
                  "Actual Startup Time": 216.872,
                  "Actual Total Time": 617.906,
                  "Actual Rows": 493552,
                  "Actual Loops": 7,
                  "Filter": "((person_id < 1229024) AND (role_id > 1))",
                  "Rows Removed by Filter": 4684212
                }
              ]
            }
          ]
        }
      ]
    },
    "Planning Time": 0.116,
    "Triggers": [],
    "Execution Time": 701.048
  }
]