[
  {
    "Plan": {
      "Node Type": "Aggregate",
      "Strategy": "Plain",
      "Partial Mode": "Finalize",
      "Parallel Aware": false,
      "Startup Cost": 347667.68,
      "Total Cost": 347667.69,
      "Plan Rows": 1,
      "Plan Width": 8,
      "Actual Startup Time": 602.534,
      "Actual Total Time": 659.178,
      "Actual Rows": 1,
      "Actual Loops": 1,
      "Plans": [
        {
          "Node Type": "Gather",
          "Parent Relationship": "Outer",
          "Parallel Aware": false,
          "Startup Cost": 347667.05,
          "Total Cost": 347667.66,
          "Plan Rows": 6,
          "Plan Width": 8,
          "Actual Startup Time": 602.389,
          "Actual Total Time": 659.169,
          "Actual Rows": 7,
          "Actual Loops": 1,
          "Workers Planned": 6,
          "Workers Launched": 6,
          "Single Copy": false,
          "Plans": [
            {
              "Node Type": "Aggregate",
              "Strategy": "Plain",
              "Partial Mode": "Partial",
              "Parent Relationship": "Outer",
              "Parallel Aware": false,
              "Startup Cost": 346667.05,
              "Total Cost": 346667.07,
              "Plan Rows": 1,
              "Plan Width": 8,
              "Actual Startup Time": 592.715,
              "Actual Total Time": 592.717,
              "Actual Rows": 1,
              "Actual Loops": 7,
              "Plans": [
                {
                  "Node Type": "Seq Scan",
                  "Parent Relationship": "Outer",
                  "Parallel Aware": true,
                  "Relation Name": "cast_info",
                  "Alias": "ci",
                  "Startup Cost": 0.0,
                  "Total Cost": 343257.03,
                  "Plan Rows": 1364010,
                  "Plan Width": 0,
                  "Actual Startup Time": 213.98,
                  "Actual Total Time": 572.994,
                  "Actual Rows": 493552,
                  "Actual Loops": 7,
                  "Filter": "((person_id < 1229024) AND (role_id > 1))",
                  "Rows Removed by Filter": 4684212
                }
              ]
            }
          ]
        }
      ]
    },
    "Planning Time": 0.22,
    "Triggers": [],
    "Execution Time": 659.252
  }
]