{
  "Plan": {
    "Node Type": "Aggregate",
    "Strategy": "Plain",
    "Partial Mode": "Finalize",
    "Parallel Aware": false,
    "Startup Cost": 92712.14,
    "Total Cost": 92712.15,
    "Plan Rows": 1,
    "Plan Width": 8,
    "Actual Startup Time": 347.944,
    "Actual Total Time": 387.858,
    "Actual Rows": 1,
    "Actual Loops": 1,
    "Plans": [
      {
        "Node Type": "Gather",
        "Parent Relationship": "Outer",
        "Parallel Aware": false,
        "Startup Cost": 92712.03,
        "Total Cost": 92712.14,
        "Plan Rows": 1,
        "Plan Width": 8,
        "Actual Startup Time": 347.5,
        "Actual Total Time": 387.85,
        "Actual Rows": 2,
        "Actual Loops": 1,
        "Workers Planned": 1,
        "Workers Launched": 1,
        "Single Copy": false,
        "Plans": [
          {
            "Node Type": "Aggregate",
            "Strategy": "Plain",
            "Partial Mode": "Partial",
            "Parent Relationship": "Outer",
            "Parallel Aware": false,
            "Startup Cost": 91712.03,
            "Total Cost": 91712.04,
            "Plan Rows": 1,
            "Plan Width": 8,
            "Actual Startup Time": 341.451,
            "Actual Total Time": 341.458,
            "Actual Rows": 1,
            "Actual Loops": 2,
            "Plans": [
              {
                "Node Type": "Nested Loop",
                "Parent Relationship": "Outer",
                "Parallel Aware": false,
                "Join Type": "Inner",
                "Startup Cost": 54973.02,
                "Total Cost": 91704.69,
                "Plan Rows": 2935,
                "Plan Width": 0,
                "Actual Startup Time": 146.586,
                "Actual Total Time": 340.906,
                "Actual Rows": 5844,
                "Actual Loops": 2,
                "Inner Unique": false,
                "Join Filter": "(t.id = mi.movie_id)",
                "Rows Removed by Join Filter": 0,
                "Plans": [
                  {
                    "Node Type": "Hash Join",
                    "Parent Relationship": "Outer",
                    "Parallel Aware": true,
                    "Join Type": "Inner",
                    "Startup Cost": 54972.59,
                    "Total Cost": 73766.71,
                    "Plan Rows": 5604,
                    "Plan Width": 8,
                    "Actual Startup Time": 146.484,
                    "Actual Total Time": 226.335,
                    "Actual Rows": 6244,
                    "Actual Loops": 2,
                    "Inner Unique": true,
                    "Hash Cond": "(mi_idx.movie_id = t.id)",
                    "Plans": [
                      {
                        "Node Type": "Seq Scan",
                        "Parent Relationship": "Outer",
                        "Parallel Aware": true,
                        "Relation Name": "movie_info_idx",
                        "Alias": "mi_idx",
                        "Startup Cost": 0.0,
                        "Total Cost": 18082.32,
                        "Plan Rows": 271164,
                        "Plan Width": 4,
                        "Actual Startup Time": 0.018,
                        "Actual Total Time": 49.05,
                        "Actual Rows": 230092,
                        "Actual Loops": 2,
                        "Filter": "(info_type_id > 100)",
                        "Rows Removed by Filter": 459925
                      },
                      {
                        "Node Type": "Hash",
                        "Parent Relationship": "Inner",
                        "Parallel Aware": true,
                        "Startup Cost": 54588.39,
                        "Total Cost": 54588.39,
                        "Plan Rows": 30736,
                        "Plan Width": 4,
                        "Actual Startup Time": 145.029,
                        "Actual Total Time": 145.03,
                        "Actual Rows": 29295,
                        "Actual Loops": 2,
                        "Hash Buckets": 65536,
                        "Original Hash Buckets": 65536,
                        "Hash Batches": 1,
                        "Original Hash Batches": 1,
                        "Peak Memory Usage": 2816,
                        "Plans": [
                          {
                            "Node Type": "Seq Scan",
                            "Parent Relationship": "Outer",
                            "Parallel Aware": true,
                            "Relation Name": "title",
                            "Alias": "t",
                            "Startup Cost": 0.0,
                            "Total Cost": 54588.39,
                            "Plan Rows": 30736,
                            "Plan Width": 4,
                            "Actual Startup Time": 0.046,
                            "Actual Total Time": 136.349,
                            "Actual Rows": 29295,
                            "Actual Loops": 2,
                            "Filter": "(production_year = 2001)",
                            "Rows Removed by Filter": 1234861
                          }
                        ]
                      }
                    ]
                  },
                  {
                    "Node Type": "Index Scan",
                    "Parent Relationship": "Inner",
                    "Parallel Aware": false,
                    "Scan Direction": "Forward",
                    "Index Name": "movie_id_movie_info",
                    "Relation Name": "movie_info",
                    "Alias": "mi",
                    "Startup Cost": 0.43,
                    "Total Cost": 3.15,
                    "Plan Rows": 4,
                    "Plan Width": 4,
                    "Actual Startup Time": 0.017,
                    "Actual Total Time": 0.018,
                    "Actual Rows": 1,
                    "Actual Loops": 12489,
                    "Index Cond": "(movie_id = mi_idx.movie_id)",
                    "Rows Removed by Index Recheck": 0,
                    "Filter": "(info_type_id = 8)",
                    "Rows Removed by Filter": 15
                  }
                ]
              }
            ]
          }
        ]
      }
    ]
  },
  "Planning Time": 0.979,
  "Triggers": [],
  "Execution Time": 387.953
}