[
  {
    "Plan": {
      "Node Type": "Aggregate",
      "Strategy": "Plain",
      "Partial Mode": "Finalize",
      "Parallel Aware": false,
      "Startup Cost": 250020.06,
      "Total Cost": 250020.07,
      "Plan Rows": 1,
      "Plan Width": 8,
      "Actual Startup Time": 1054.049,
      "Actual Total Time": 1119.532,
      "Actual Rows": 1,
      "Actual Loops": 1,
      "Plans": [
        {
          "Node Type": "Gather",
          "Parent Relationship": "Outer",
          "Parallel Aware": false,
          "Startup Cost": 250019.54,
          "Total Cost": 250020.05,
          "Plan Rows": 5,
          "Plan Width": 8,
          "Actual Startup Time": 1048.062,
          "Actual Total Time": 1119.516,
          "Actual Rows": 6,
          "Actual Loops": 1,
          "Workers Planned": 5,
          "Workers Launched": 5,
          "Single Copy": false,
          "Plans": [
            {
              "Node Type": "Aggregate",
              "Strategy": "Plain",
              "Partial Mode": "Partial",
              "Parent Relationship": "Outer",
              "Parallel Aware": false,
              "Startup Cost": 249019.54,
              "Total Cost": 249019.55,
              "Plan Rows": 1,
              "Plan Width": 8,
              "Actual Startup Time": 1037.671,
              "Actual Total Time": 1037.678,
              "Actual Rows": 1,
              "Actual Loops": 6,
              "Plans": [
                {
                  "Node Type": "Hash Join",
                  "Parent Relationship": "Outer",
                  "Parallel Aware": true,
                  "Join Type": "Inner",
                  "Startup Cost": 47573.22,
                  "Total Cost": 247052.63,
                  "Plan Rows": 786763,
                  "Plan Width": 0,
                  "Actual Startup Time": 167.133,
                  "Actual Total Time": 1021.183,
                  "Actual Rows": 310942,
                  "Actual Loops": 6,
                  "Inner Unique": true,
                  "Hash Cond": "(mi.movie_id = t.id)",
                  "Plans": [
                    {
                      "Node Type": "Seq Scan",
                      "Parent Relationship": "Outer",
                      "Parallel Aware": true,
                      "Relation Name": "movie_info",
                      "Alias": "mi",
                      "Startup Cost": 0.0,
                      "Total Cost": 191685.19,
                      "Plan Rows": 2969219,
                      "Plan Width": 4,
                      "Actual Startup Time": 0.026,
                      "Actual Total Time": 338.667,
                      "Actual Rows": 2472620,
                      "Actual Loops": 6
                    },
                    {
                      "Node Type": "Hash",
                      "Parent Relationship": "Inner",
                      "Parallel Aware": true,
                      "Startup Cost": 45479.59,
                      "Total Cost": 45479.59,
                      "Plan Rows": 167491,
                      "Plan Width": 4,
                      "Actual Startup Time": 162.065,
                      "Actual Total Time": 162.07,
                      "Actual Rows": 122629,
                      "Actual Loops": 6,
                      "Hash Buckets": 1048576,
                      "Original Hash Buckets": 1048576,
                      "Hash Batches": 1,
                      "Original Hash Batches": 1,
                      "Peak Memory Usage": 37056,
                      "Plans": [
                        {
                          "Node Type": "Seq Scan",
                          "Parent Relationship": "Outer",
                          "Parallel Aware": true,
                          "Relation Name": "title",
                          "Alias": "t",
                          "Startup Cost": 0.0,
                          "Total Cost": 45479.59,
                          "Plan Rows": 167491,
                          "Plan Width": 4,
                          "Actual Startup Time": 0.051,
                          "Actual Total Time": 95.358,
                          "Actual Rows": 122629,
                          "Actual Loops": 6,
                          "Filter": "((kind_id > 3) AND (production_year > 2005))",
                          "Rows Removed by Filter": 298757
                        }
                      ]
                    }
                  ]
                }
              ]
            }
          ]
        }
      ]
    },
    "Planning Time": 0.616,
    "Triggers": [],
    "Execution Time": 1119.673
  }
]