[
  {
    "Plan": {
      "Node Type": "Aggregate",
      "Strategy": "Plain",
      "Partial Mode": "Finalize",
      "Parallel Aware": false,
      "Startup Cost": 76954.51,
      "Total Cost": 76954.52,
      "Plan Rows": 1,
      "Plan Width": 8,
      "Actual Startup Time": 115.657,
      "Actual Total Time": 131.587,
      "Actual Rows": 1,
      "Actual Loops": 1,
      "Plans": [
        {
          "Node Type": "Gather",
          "Parent Relationship": "Outer",
          "Parallel Aware": false,
          "Startup Cost": 76954.09,
          "Total Cost": 76954.5,
          "Plan Rows": 4,
          "Plan Width": 8,
          "Actual Startup Time": 115.475,
          "Actual Total Time": 131.576,
          "Actual Rows": 5,
          "Actual Loops": 1,
          "Workers Planned": 4,
          "Workers Launched": 4,
          "Single Copy": false,
          "Plans": [
            {
              "Node Type": "Aggregate",
              "Strategy": "Plain",
              "Partial Mode": "Partial",
              "Parent Relationship": "Outer",
              "Parallel Aware": false,
              "Startup Cost": 75954.09,
              "Total Cost": 75954.1,
              "Plan Rows": 1,
              "Plan Width": 8,
              "Actual Startup Time": 109.411,
              "Actual Total Time": 109.413,
              "Actual Rows": 1,
              "Actual Loops": 5,
              "Plans": [
                {
                  "Node Type": "Nested Loop",
                  "Parent Relationship": "Outer",
                  "Parallel Aware": false,
                  "Join Type": "Inner",
                  "Startup Cost": 0.43,
                  "Total Cost": 75946.13,
                  "Plan Rows": 3186,
                  "Plan Width": 0,
                  "Actual Startup Time": 57.971,
                  "Actual Total Time": 109.035,
                  "Actual Rows": 4379,
                  "Actual Loops": 5,
                  "Inner Unique": false,
                  "Plans": [
                    {
                      "Node Type": "Seq Scan",
                      "Parent Relationship": "Outer",
                      "Parallel Aware": true,
                      "Relation Name": "title",
                      "Alias": "t",
                      "Startup Cost": 0.0,
                      "Total Cost": 45479.59,
                      "Plan Rows": 5617,
                      "Plan Width": 4,
                      "Actual Startup Time": 57.891,
                      "Actual Total Time": 85.417,
                      "Actual Rows": 2610,
                      "Actual Loops": 5,
                      "Filter": "((kind_id < 2) AND (production_year = 2004))",
                      "Rows Removed by Filter": 503052
                    },
                    {
                      "Node Type": "Index Scan",
                      "Parent Relationship": "Inner",
                      "Parallel Aware": false,
                      "Scan Direction": "Forward",
                      "Index Name": "movie_id_movie_companies",
                      "Relation Name": "movie_companies",
                      "Alias": "mc",
                      "Startup Cost": 0.43,
                      "Total Cost": 5.39,
                      "Plan Rows": 3,
                      "Plan Width": 4,
                      "Actual Startup Time": 0.007,
                      "Actual Total Time": 0.009,
                      "Actual Rows": 2,
                      "Actual Loops": 13050,
                      "Index Cond": "(movie_id = t.id)",
                      "Rows Removed by Index Recheck": 0,
                      "Filter": "(company_id > 10359)",
                      "Rows Removed by Filter": 1
                    }
                  ]
                }
              ]
            }
          ]
        }
      ]
    },
    "Planning Time": 0.613,
    "Triggers": [],
    "Execution Time": 131.658
  }
]