{
  "Plan": {
    "Node Type": "Aggregate",
    "Strategy": "Plain",
    "Partial Mode": "Finalize",
    "Parallel Aware": false,
    "Startup Cost": 205361.2,
    "Total Cost": 205361.21,
    "Plan Rows": 1,
    "Plan Width": 8,
    "Actual Startup Time": 2272.218,
    "Actual Total Time": 2341.702,
    "Actual Rows": 1,
    "Actual Loops": 1,
    "Plans": [
      {
        "Node Type": "Gather",
        "Parent Relationship": "Outer",
        "Parallel Aware": false,
        "Startup Cost": 205361.09,
        "Total Cost": 205361.2,
        "Plan Rows": 1,
        "Plan Width": 8,
        "Actual Startup Time": 2271.584,
        "Actual Total Time": 2341.692,
        "Actual Rows": 2,
        "Actual Loops": 1,
        "Workers Planned": 1,
        "Workers Launched": 1,
        "Single Copy": false,
        "Plans": [
          {
            "Node Type": "Aggregate",
            "Strategy": "Plain",
            "Partial Mode": "Partial",
            "Parent Relationship": "Outer",
            "Parallel Aware": false,
            "Startup Cost": 204361.09,
            "Total Cost": 204361.1,
            "Plan Rows": 1,
            "Plan Width": 8,
            "Actual Startup Time": 2265.375,
            "Actual Total Time": 2265.378,
            "Actual Rows": 1,
            "Actual Loops": 2,
            "Plans": [
              {
                "Node Type": "Nested Loop",
                "Parent Relationship": "Outer",
                "Parallel Aware": false,
                "Join Type": "Inner",
                "Startup Cost": 28810.31,
                "Total Cost": 202929.33,
                "Plan Rows": 572706,
                "Plan Width": 0,
                "Actual Startup Time": 107.244,
                "Actual Total Time": 2188.092,
                "Actual Rows": 1707334,
                "Actual Loops": 2,
                "Inner Unique": false,
                "Plans": [
                  {
                    "Node Type": "Hash Join",
                    "Parent Relationship": "Outer",
                    "Parallel Aware": true,
                    "Join Type": "Inner",
                    "Startup Cost": 28809.75,
                    "Total Cost": 87985.45,
                    "Plan Rows": 39968,
                    "Plan Width": 8,
                    "Actual Startup Time": 107.178,
                    "Actual Total Time": 451.715,
                    "Actual Rows": 72778,
                    "Actual Loops": 2,
                    "Inner Unique": false,
                    "Hash Cond": "(t.id = mc.movie_id)",
                    "Plans": [
                      {
                        "Node Type": "Seq Scan",
                        "Parent Relationship": "Outer",
                        "Parallel Aware": true,
                        "Relation Name": "title",
                        "Alias": "t",
                        "Startup Cost": 0.0,
                        "Total Cost": 54588.39,
                        "Plan Rows": 696353,
                        "Plan Width": 4,
                        "Actual Startup Time": 0.015,
                        "Actual Total Time": 141.566,
                        "Actual Rows": 597962,
                        "Actual Loops": 2,
                        "Filter": "(production_year < 2003)",
                        "Rows Removed by Filter": 666194
                      },
                      {
                        "Node Type": "Hash",
                        "Parent Relationship": "Inner",
                        "Parallel Aware": true,
                        "Startup Cost": 27742.72,
                        "Total Cost": 27742.72,
                        "Plan Rows": 85362,
                        "Plan Width": 4,
                        "Actual Startup Time": 103.703,
                        "Actual Total Time": 103.704,
                        "Actual Rows": 112192,
                        "Actual Loops": 2,
                        "Hash Buckets": 262144,
                        "Original Hash Buckets": 262144,
                        "Hash Batches": 1,
                        "Original Hash Batches": 1,
                        "Peak Memory Usage": 10848,
                        "Plans": [
                          {
                            "Node Type": "Bitmap Heap Scan",
                            "Parent Relationship": "Outer",
                            "Parallel Aware": true,
                            "Relation Name": "movie_companies",
                            "Alias": "mc",
                            "Startup Cost": 6351.63,
                            "Total Cost": 27742.72,
                            "Plan Rows": 85362,
                            "Plan Width": 4,
                            "Actual Startup Time": 29.12,
                            "Actual Total Time": 79.62,
                            "Actual Rows": 112192,
                            "Actual Loops": 2,
                            "Recheck Cond": "(company_id < 160)",
                            "Rows Removed by Index Recheck": 0,
                            "Filter": "(company_type_id < 2)",
                            "Rows Removed by Filter": 34246,
                            "Exact Heap Blocks": 11770,
                            "Lossy Heap Blocks": 0,
                            "Plans": [
                              {
                                "Node Type": "Bitmap Index Scan",
                                "Parent Relationship": "Outer",
                                "Parallel Aware": false,
                                "Index Name": "company_id_movie_companies",
                                "Startup Cost": 0.0,
                                "Total Cost": 6315.35,
                                "Plan Rows": 294790,
                                "Plan Width": 0,
                                "Actual Startup Time": 28.287,
                                "Actual Total Time": 28.287,
                                "Actual Rows": 292877,
                                "Actual Loops": 1,
                                "Index Cond": "(company_id < 160)"
                              }
                            ]
                          }
                        ]
                      }
                    ]
                  },
                  {
                    "Node Type": "Index Only Scan",
                    "Parent Relationship": "Inner",
                    "Parallel Aware": false,
                    "Scan Direction": "Forward",
                    "Index Name": "movie_id_cast_info",
                    "Relation Name": "cast_info",
                    "Alias": "ci",
                    "Startup Cost": 0.56,
                    "Total Cost": 2.51,
                    "Plan Rows": 37,
                    "Plan Width": 4,
                    "Actual Startup Time": 0.005,
                    "Actual Total Time": 0.022,
                    "Actual Rows": 23,
                    "Actual Loops": 145555,
                    "Index Cond": "(movie_id = t.id)",
                    "Rows Removed by Index Recheck": 0,
                    "Heap Fetches": 3414667
                  }
                ]
              }
            ]
          }
        ]
      }
    ]
  },
  "Planning Time": 1.016,
  "Triggers": [],
  "Execution Time": 2341.829
}