[
    {
        "Bao": {
            "Bao prediction": 672.801,
            "Bao recommended hint": "(no hint)"
        }
    },
    {
        "Plan": {
            "Node Type": "Aggregate",
            "Strategy": "Plain",
            "Partial Mode": "Simple",
            "Parallel Aware": false,
            "Startup Cost": 38136.69,
            "Total Cost": 38136.7,
            "Plan Rows": 1,
            "Plan Width": 64,
            "Actual Startup Time": 897.384,
            "Actual Total Time": 970.533,
            "Actual Rows": 1,
            "Actual Loops": 1,
            "Output": [
                "min(an1.name)",
                "min(t.title)"
            ],
            "Plans": [
                {
                    "Node Type": "Gather",
                    "Parent Relationship": "Outer",
                    "Parallel Aware": false,
                    "Startup Cost": 5776.04,
                    "Total Cost": 38136.68,
                    "Plan Rows": 1,
                    "Plan Width": 33,
                    "Actual Startup Time": 166.761,
                    "Actual Total Time": 970.398,
                    "Actual Rows": 596,
                    "Actual Loops": 1,
                    "Output": [
                        "an1.name",
                        "t.title"
                    ],
                    "Workers Planned": 3,
                    "Workers Launched": 3,
                    "Single Copy": false,
                    "Plans": [
                        {
                            "Node Type": "Nested Loop",
                            "Parent Relationship": "Outer",
                            "Parallel Aware": false,
                            "Join Type": "Inner",
                            "Startup Cost": 4776.04,
                            "Total Cost": 37136.58,
                            "Plan Rows": 1,
                            "Plan Width": 33,
                            "Actual Startup Time": 290.021,
                            "Actual Total Time": 886.019,
                            "Actual Rows": 149,
                            "Actual Loops": 4,
                            "Output": [
                                "an1.name",
                                "t.title"
                            ],
                            "Inner Unique": true,
                            "Workers": [
                                {
                                    "Worker Number": 0,
                                    "Actual Startup Time": 739.971,
                                    "Actual Total Time": 883.025,
                                    "Actual Rows": 8,
                                    "Actual Loops": 1
                                },
                                {
                                    "Worker Number": 1,
                                    "Actual Startup Time": 128.074,
                                    "Actual Total Time": 883.014,
                                    "Actual Rows": 116,
                                    "Actual Loops": 1
                                },
                                {
                                    "Worker Number": 2,
                                    "Actual Startup Time": 127.057,
                                    "Actual Total Time": 882.842,
                                    "Actual Rows": 440,
                                    "Actual Loops": 1
                                }
                            ],
                            "Plans": [
                                {
                                    "Node Type": "Nested Loop",
                                    "Parent Relationship": "Outer",
                                    "Parallel Aware": false,
                                    "Join Type": "Inner",
                                    "Startup Cost": 4775.61,
                                    "Total Cost": 37135.05,
                                    "Plan Rows": 2,
                                    "Plan Width": 41,
                                    "Actual Startup Time": 45.551,
                                    "Actual Total Time": 862.13,
                                    "Actual Rows": 7044,
                                    "Actual Loops": 4,
                                    "Output": [
                                        "an1.name",
                                        "an1.person_id",
                                        "ci.person_id",
                                        "t.title"
                                    ],
                                    "Inner Unique": false,
                                    "Workers": [
                                        {
                                            "Worker Number": 0,
                                            "Actual Startup Time": 21.451,
                                            "Actual Total Time": 861.206,
                                            "Actual Rows": 5797,
                                            "Actual Loops": 1
                                        },
                                        {
                                            "Worker Number": 1,
                                            "Actual Startup Time": 63.953,
                                            "Actual Total Time": 858.626,
                                            "Actual Rows": 7134,
                                            "Actual Loops": 1
                                        },
                                        {
                                            "Worker Number": 2,
                                            "Actual Startup Time": 59.88,
                                            "Actual Total Time": 849.931,
                                            "Actual Rows": 11120,
                                            "Actual Loops": 1
                                        }
                                    ],
                                    "Plans": [
                                        {
                                            "Node Type": "Hash Join",
                                            "Parent Relationship": "Outer",
                                            "Parallel Aware": false,
                                            "Join Type": "Inner",
                                            "Startup Cost": 4775.19,
                                            "Total Cost": 37134.01,
                                            "Plan Rows": 1,
                                            "Plan Width": 21,
                                            "Actual Startup Time": 45.432,
                                            "Actual Total Time": 842.347,
                                            "Actual Rows": 3040,
                                            "Actual Loops": 4,
                                            "Output": [
                                                "ci.person_id",
                                                "t.title"
                                            ],
                                            "Inner Unique": true,
                                            "Hash Cond": "(ci.role_id = rt.id)",
                                            "Workers": [
                                                {
                                                    "Worker Number": 0,
                                                    "Actual Startup Time": 21.321,
                                                    "Actual Total Time": 841.65,
                                                    "Actual Rows": 3132,
                                                    "Actual Loops": 1
                                                },
                                                {
                                                    "Worker Number": 1,
                                                    "Actual Startup Time": 63.767,
                                                    "Actual Total Time": 838.27,
                                                    "Actual Rows": 3143,
                                                    "Actual Loops": 1
                                                },
                                                {
                                                    "Worker Number": 2,
                                                    "Actual Startup Time": 59.815,
                                                    "Actual Total Time": 825.413,
                                                    "Actual Rows": 4047,
                                                    "Actual Loops": 1
                                                }
                                            ],
                                            "Plans": [
                                                {
                                                    "Node Type": "Nested Loop",
                                                    "Parent Relationship": "Outer",
                                                    "Parallel Aware": false,
                                                    "Join Type": "Inner",
                                                    "Startup Cost": 4774.03,
                                                    "Total Cost": 37132.81,
                                                    "Plan Rows": 12,
                                                    "Plan Width": 25,
                                                    "Actual Startup Time": 34.205,
                                                    "Actual Total Time": 840.364,
                                                    "Actual Rows": 4900,
                                                    "Actual Loops": 4,
                                                    "Output": [
                                                        "ci.person_id",
                                                        "ci.role_id",
                                                        "t.title"
                                                    ],
                                                    "Inner Unique": false,
                                                    "Workers": [
                                                        {
                                                            "Worker Number": 0,
                                                            "Actual Startup Time": 20.695,
                                                            "Actual Total Time": 839.53,
                                                            "Actual Rows": 5495,
                                                            "Actual Loops": 1
                                                        },
                                                        {
                                                            "Worker Number": 1,
                                                            "Actual Startup Time": 63.039,
                                                            "Actual Total Time": 836.08,
                                                            "Actual Rows": 4995,
                                                            "Actual Loops": 1
                                                        },
                                                        {
                                                            "Worker Number": 2,
                                                            "Actual Startup Time": 20.294,
                                                            "Actual Total Time": 822.923,
                                                            "Actual Rows": 6201,
                                                            "Actual Loops": 1
                                                        }
                                                    ],
                                                    "Plans": [
                                                        {
                                                            "Node Type": "Nested Loop",
                                                            "Parent Relationship": "Outer",
                                                            "Parallel Aware": false,
                                                            "Join Type": "Inner",
                                                            "Startup Cost": 4773.46,
                                                            "Total Cost": 36916.54,
                                                            "Plan Rows": 115,
                                                            "Plan Width": 25,
                                                            "Actual Startup Time": 22.987,
                                                            "Actual Total Time": 215.009,
                                                            "Actual Rows": 12082,
                                                            "Actual Loops": 4,
                                                            "Output": [
                                                                "mc.movie_id",
                                                                "t.title",
                                                                "t.id"
                                                            ],
                                                            "Inner Unique": true,
                                                            "Workers": [
                                                                {
                                                                    "Worker Number": 0,
                                                                    "Actual Startup Time": 19.8,
                                                                    "Actual Total Time": 211.816,
                                                                    "Actual Rows": 12254,
                                                                    "Actual Loops": 1
                                                                },
                                                                {
                                                                    "Worker Number": 1,
                                                                    "Actual Startup Time": 19.807,
                                                                    "Actual Total Time": 212.356,
                                                                    "Actual Rows": 11940,
                                                                    "Actual Loops": 1
                                                                },
                                                                {
                                                                    "Worker Number": 2,
                                                                    "Actual Startup Time": 19.803,
                                                                    "Actual Total Time": 206.963,
                                                                    "Actual Rows": 11812,
                                                                    "Actual Loops": 1
                                                                }
                                                            ],
                                                            "Plans": [
                                                                {
                                                                    "Node Type": "Hash Join",
                                                                    "Parent Relationship": "Outer",
                                                                    "Parallel Aware": true,
                                                                    "Join Type": "Inner",
                                                                    "Startup Cost": 4773.03,
                                                                    "Total Cost": 36198.23,
                                                                    "Plan Rows": 115,
                                                                    "Plan Width": 4,
                                                                    "Actual Startup Time": 22.87,
                                                                    "Actual Total Time": 141.794,
                                                                    "Actual Rows": 12082,
                                                                    "Actual Loops": 4,
                                                                    "Output": [
                                                                        "mc.movie_id"
                                                                    ],
                                                                    "Inner Unique": true,
                                                                    "Hash Cond": "(mc.company_id = cn.id)",
                                                                    "Workers": [
                                                                        {
                                                                            "Worker Number": 0,
                                                                            "Actual Startup Time": 19.651,
                                                                            "Actual Total Time": 138.259,
                                                                            "Actual Rows": 12254,
                                                                            "Actual Loops": 1
                                                                        },
                                                                        {
                                                                            "Worker Number": 1,
                                                                            "Actual Startup Time": 19.682,
                                                                            "Actual Total Time": 138.853,
                                                                            "Actual Rows": 11940,
                                                                            "Actual Loops": 1
                                                                        },
                                                                        {
                                                                            "Worker Number": 2,
                                                                            "Actual Startup Time": 19.681,
                                                                            "Actual Total Time": 135.708,
                                                                            "Actual Rows": 11812,
                                                                            "Actual Loops": 1
                                                                        }
                                                                    ],
                                                                    "Plans": [
                                                                        {
                                                                            "Node Type": "Seq Scan",
                                                                            "Parent Relationship": "Outer",
                                                                            "Parallel Aware": true,
                                                                            "Relation Name": "movie_companies",
                                                                            "Schema": "public",
                                                                            "Alias": "mc",
                                                                            "Startup Cost": 0.0,
                                                                            "Total Cost": 31414.82,
                                                                            "Plan Rows": 3953,
                                                                            "Plan Width": 8,
                                                                            "Actual Startup Time": 0.062,
                                                                            "Actual Total Time": 111.702,
                                                                            "Actual Rows": 12224,
                                                                            "Actual Loops": 4,
                                                                            "Output": [
                                                                                "mc.id",
                                                                                "mc.movie_id",
                                                                                "mc.company_id",
                                                                                "mc.company_type_id",
                                                                                "mc.note"
                                                                            ],
                                                                            "Filter": "((mc.note ~~ '%(Japan)%'::text) AND (mc.note !~~ '%(USA)%'::text))",
                                                                            "Rows Removed by Filter": 640058,
                                                                            "Workers": [
                                                                                {
                                                                                    "Worker Number": 0,
                                                                                    "Actual Startup Time": 0.026,
                                                                                    "Actual Total Time": 111.249,
                                                                                    "Actual Rows": 12384,
                                                                                    "Actual Loops": 1
                                                                                },
                                                                                {
                                                                                    "Worker Number": 1,
                                                                                    "Actual Startup Time": 0.099,
                                                                                    "Actual Total Time": 112.073,
                                                                                    "Actual Rows": 12087,
                                                                                    "Actual Loops": 1
                                                                                },
                                                                                {
                                                                                    "Worker Number": 2,
                                                                                    "Actual Startup Time": 0.074,
                                                                                    "Actual Total Time": 109.238,
                                                                                    "Actual Rows": 11970,
                                                                                    "Actual Loops": 1
                                                                                }
                                                                            ]
                                                                        },
                                                                        {
                                                                            "Node Type": "Hash",
                                                                            "Parent Relationship": "Inner",
                                                                            "Parallel Aware": true,
                                                                            "Startup Cost": 4722.92,
                                                                            "Total Cost": 4722.92,
                                                                            "Plan Rows": 4009,
                                                                            "Plan Width": 4,
                                                                            "Actual Startup Time": 21.838,
                                                                            "Actual Total Time": 21.838,
                                                                            "Actual Rows": 1688,
                                                                            "Actual Loops": 4,
                                                                            "Output": [
                                                                                "cn.id"
                                                                            ],
                                                                            "Hash Buckets": 8192,
                                                                            "Original Hash Buckets": 8192,
                                                                            "Hash Batches": 1,
                                                                            "Original Hash Batches": 1,
                                                                            "Peak Memory Usage": 352,
                                                                            "Workers": [
                                                                                {
                                                                                    "Worker Number": 0,
                                                                                    "Actual Startup Time": 19.526,
                                                                                    "Actual Total Time": 19.526,
                                                                                    "Actual Rows": 1415,
                                                                                    "Actual Loops": 1
                                                                                },
                                                                                {
                                                                                    "Worker Number": 1,
                                                                                    "Actual Startup Time": 19.503,
                                                                                    "Actual Total Time": 19.504,
                                                                                    "Actual Rows": 1380,
                                                                                    "Actual Loops": 1
                                                                                },
                                                                                {
                                                                                    "Worker Number": 2,
                                                                                    "Actual Startup Time": 19.564,
                                                                                    "Actual Total Time": 19.564,
                                                                                    "Actual Rows": 1554,
                                                                                    "Actual Loops": 1
                                                                                }
                                                                            ],
                                                                            "Plans": [
                                                                                {
                                                                                    "Node Type": "Seq Scan",
                                                                                    "Parent Relationship": "Outer",
                                                                                    "Parallel Aware": true,
                                                                                    "Relation Name": "company_name",
                                                                                    "Schema": "public",
                                                                                    "Alias": "cn",
                                                                                    "Startup Cost": 0.0,
                                                                                    "Total Cost": 4722.92,
                                                                                    "Plan Rows": 4009,
                                                                                    "Plan Width": 4,
                                                                                    "Actual Startup Time": 0.058,
                                                                                    "Actual Total Time": 20.437,
                                                                                    "Actual Rows": 1688,
                                                                                    "Actual Loops": 4,
                                                                                    "Output": [
                                                                                        "cn.id"
                                                                                    ],
                                                                                    "Filter": "((cn.country_code)::text = '[jp]'::text)",
                                                                                    "Rows Removed by Filter": 57061,
                                                                                    "Workers": [
                                                                                        {
                                                                                            "Worker Number": 0,
                                                                                            "Actual Startup Time": 0.062,
                                                                                            "Actual Total Time": 18.275,
                                                                                            "Actual Rows": 1415,
                                                                                            "Actual Loops": 1
                                                                                        },
                                                                                        {
                                                                                            "Worker Number": 1,
                                                                                            "Actual Startup Time": 0.061,
                                                                                            "Actual Total Time": 18.245,
                                                                                            "Actual Rows": 1380,
                                                                                            "Actual Loops": 1
                                                                                        },
                                                                                        {
                                                                                            "Worker Number": 2,
                                                                                            "Actual Startup Time": 0.067,
                                                                                            "Actual Total Time": 18.309,
                                                                                            "Actual Rows": 1554,
                                                                                            "Actual Loops": 1
                                                                                        }
                                                                                    ]
                                                                                }
                                                                            ]
                                                                        }
                                                                    ]
                                                                },
                                                                {
                                                                    "Node Type": "Index Scan",
                                                                    "Parent Relationship": "Inner",
                                                                    "Parallel Aware": false,
                                                                    "Scan Direction": "Forward",
                                                                    "Index Name": "title_pkey",
                                                                    "Relation Name": "title",
                                                                    "Schema": "public",
                                                                    "Alias": "t",
                                                                    "Startup Cost": 0.43,
                                                                    "Total Cost": 6.25,
                                                                    "Plan Rows": 1,
                                                                    "Plan Width": 21,
                                                                    "Actual Startup Time": 0.005,
                                                                    "Actual Total Time": 0.005,
                                                                    "Actual Rows": 1,
                                                                    "Actual Loops": 48328,
                                                                    "Output": [
                                                                        "t.id",
                                                                        "t.title",
                                                                        "t.imdb_index",
                                                                        "t.kind_id",
                                                                        "t.production_year",
                                                                        "t.imdb_id",
                                                                        "t.phonetic_code",
                                                                        "t.episode_of_id",
                                                                        "t.season_nr",
                                                                        "t.episode_nr",
                                                                        "t.series_years",
                                                                        "t.md5sum"
                                                                    ],
                                                                    "Index Cond": "(t.id = mc.movie_id)",
                                                                    "Rows Removed by Index Recheck": 0,
                                                                    "Workers": [
                                                                        {
                                                                            "Worker Number": 0,
                                                                            "Actual Startup Time": 0.005,
                                                                            "Actual Total Time": 0.005,
                                                                            "Actual Rows": 1,
                                                                            "Actual Loops": 12254
                                                                        },
                                                                        {
                                                                            "Worker Number": 1,
                                                                            "Actual Startup Time": 0.005,
                                                                            "Actual Total Time": 0.005,
                                                                            "Actual Rows": 1,
                                                                            "Actual Loops": 11940
                                                                        },
                                                                        {
                                                                            "Worker Number": 2,
                                                                            "Actual Startup Time": 0.005,
                                                                            "Actual Total Time": 0.005,
                                                                            "Actual Rows": 1,
                                                                            "Actual Loops": 11812
                                                                        }
                                                                    ]
                                                                }
                                                            ]
                                                        },
                                                        {
                                                            "Node Type": "Index Scan",
                                                            "Parent Relationship": "Inner",
                                                            "Parallel Aware": false,
                                                            "Scan Direction": "Forward",
                                                            "Index Name": "movie_id_cast_info",
                                                            "Relation Name": "cast_info",
                                                            "Schema": "public",
                                                            "Alias": "ci",
                                                            "Startup Cost": 0.56,
                                                            "Total Cost": 1.87,
                                                            "Plan Rows": 1,
                                                            "Plan Width": 12,
                                                            "Actual Startup Time": 0.049,
                                                            "Actual Total Time": 0.051,
                                                            "Actual Rows": 0,
                                                            "Actual Loops": 48328,
                                                            "Output": [
                                                                "ci.id",
                                                                "ci.person_id",
                                                                "ci.movie_id",
                                                                "ci.person_role_id",
                                                                "ci.note",
                                                                "ci.nr_order",
                                                                "ci.role_id"
                                                            ],
                                                            "Index Cond": "(ci.movie_id = t.id)",
                                                            "Rows Removed by Index Recheck": 0,
                                                            "Filter": "(ci.note = '(voice: English version)'::text)",
                                                            "Rows Removed by Filter": 32,
                                                            "Workers": [
                                                                {
                                                                    "Worker Number": 0,
                                                                    "Actual Startup Time": 0.049,
                                                                    "Actual Total Time": 0.051,
                                                                    "Actual Rows": 0,
                                                                    "Actual Loops": 12254
                                                                },
                                                                {
                                                                    "Worker Number": 1,
                                                                    "Actual Startup Time": 0.05,
                                                                    "Actual Total Time": 0.052,
                                                                    "Actual Rows": 0,
                                                                    "Actual Loops": 11940
                                                                },
                                                                {
                                                                    "Worker Number": 2,
                                                                    "Actual Startup Time": 0.049,
                                                                    "Actual Total Time": 0.052,
                                                                    "Actual Rows": 1,
                                                                    "Actual Loops": 11812
                                                                }
                                                            ]
                                                        }
                                                    ]
                                                },
                                                {
                                                    "Node Type": "Hash",
                                                    "Parent Relationship": "Inner",
                                                    "Parallel Aware": false,
                                                    "Startup Cost": 1.15,
                                                    "Total Cost": 1.15,
                                                    "Plan Rows": 1,
                                                    "Plan Width": 4,
                                                    "Actual Startup Time": 0.098,
                                                    "Actual Total Time": 0.099,
                                                    "Actual Rows": 1,
                                                    "Actual Loops": 4,
                                                    "Output": [
                                                        "rt.id"
                                                    ],
                                                    "Hash Buckets": 1024,
                                                    "Original Hash Buckets": 1024,
                                                    "Hash Batches": 1,
                                                    "Original Hash Batches": 1,
                                                    "Peak Memory Usage": 9,
                                                    "Workers": [
                                                        {
                                                            "Worker Number": 0,
                                                            "Actual Startup Time": 0.112,
                                                            "Actual Total Time": 0.113,
                                                            "Actual Rows": 1,
                                                            "Actual Loops": 1
                                                        },
                                                        {
                                                            "Worker Number": 1,
                                                            "Actual Startup Time": 0.115,
                                                            "Actual Total Time": 0.116,
                                                            "Actual Rows": 1,
                                                            "Actual Loops": 1
                                                        },
                                                        {
                                                            "Worker Number": 2,
                                                            "Actual Startup Time": 0.118,
                                                            "Actual Total Time": 0.119,
                                                            "Actual Rows": 1,
                                                            "Actual Loops": 1
                                                        }
                                                    ],
                                                    "Plans": [
                                                        {
                                                            "Node Type": "Seq Scan",
                                                            "Parent Relationship": "Outer",
                                                            "Parallel Aware": false,
                                                            "Relation Name": "role_type",
                                                            "Schema": "public",
                                                            "Alias": "rt",
                                                            "Startup Cost": 0.0,
                                                            "Total Cost": 1.15,
                                                            "Plan Rows": 1,
                                                            "Plan Width": 4,
                                                            "Actual Startup Time": 0.071,
                                                            "Actual Total Time": 0.077,
                                                            "Actual Rows": 1,
                                                            "Actual Loops": 4,
                                                            "Output": [
                                                                "rt.id"
                                                            ],
                                                            "Filter": "((rt.role)::text = 'actor'::text)",
                                                            "Rows Removed by Filter": 11,
                                                            "Workers": [
                                                                {
                                                                    "Worker Number": 0,
                                                                    "Actual Startup Time": 0.083,
                                                                    "Actual Total Time": 0.09,
                                                                    "Actual Rows": 1,
                                                                    "Actual Loops": 1
                                                                },
                                                                {
                                                                    "Worker Number": 1,
                                                                    "Actual Startup Time": 0.086,
                                                                    "Actual Total Time": 0.092,
                                                                    "Actual Rows": 1,
                                                                    "Actual Loops": 1
                                                                },
                                                                {
                                                                    "Worker Number": 2,
                                                                    "Actual Startup Time": 0.089,
                                                                    "Actual Total Time": 0.095,
                                                                    "Actual Rows": 1,
                                                                    "Actual Loops": 1
                                                                }
                                                            ]
                                                        }
                                                    ]
                                                }
                                            ]
                                        },
                                        {
                                            "Node Type": "Index Scan",
                                            "Parent Relationship": "Inner",
                                            "Parallel Aware": false,
                                            "Scan Direction": "Forward",
                                            "Index Name": "person_id_aka_name",
                                            "Relation Name": "aka_name",
                                            "Schema": "public",
                                            "Alias": "an1",
                                            "Startup Cost": 0.42,
                                            "Total Cost": 1.02,
                                            "Plan Rows": 2,
                                            "Plan Width": 20,
                                            "Actual Startup Time": 0.005,
                                            "Actual Total Time": 0.006,
                                            "Actual Rows": 2,
                                            "Actual Loops": 12162,
                                            "Output": [
                                                "an1.id",
                                                "an1.person_id",
                                                "an1.name",
                                                "an1.imdb_index",
                                                "an1.name_pcode_cf",
                                                "an1.name_pcode_nf",
                                                "an1.surname_pcode",
                                                "an1.md5sum"
                                            ],
                                            "Index Cond": "(an1.person_id = ci.person_id)",
                                            "Rows Removed by Index Recheck": 0,
                                            "Workers": [
                                                {
                                                    "Worker Number": 0,
                                                    "Actual Startup Time": 0.005,
                                                    "Actual Total Time": 0.006,
                                                    "Actual Rows": 2,
                                                    "Actual Loops": 3132
                                                },
                                                {
                                                    "Worker Number": 1,
                                                    "Actual Startup Time": 0.005,
                                                    "Actual Total Time": 0.006,
                                                    "Actual Rows": 2,
                                                    "Actual Loops": 3143
                                                },
                                                {
                                                    "Worker Number": 2,
                                                    "Actual Startup Time": 0.004,
                                                    "Actual Total Time": 0.005,
                                                    "Actual Rows": 3,
                                                    "Actual Loops": 4047
                                                }
                                            ]
                                        }
                                    ]
                                },
                                {
                                    "Node Type": "Index Scan",
                                    "Parent Relationship": "Inner",
                                    "Parallel Aware": false,
                                    "Scan Direction": "Forward",
                                    "Index Name": "name_pkey",
                                    "Relation Name": "name",
                                    "Schema": "public",
                                    "Alias": "n1",
                                    "Startup Cost": 0.43,
                                    "Total Cost": 0.77,
                                    "Plan Rows": 1,
                                    "Plan Width": 4,
                                    "Actual Startup Time": 0.003,
                                    "Actual Total Time": 0.003,
                                    "Actual Rows": 0,
                                    "Actual Loops": 28175,
                                    "Output": [
                                        "n1.id",
                                        "n1.name",
                                        "n1.imdb_index",
                                        "n1.imdb_id",
                                        "n1.gender",
                                        "n1.name_pcode_cf",
                                        "n1.name_pcode_nf",
                                        "n1.surname_pcode",
                                        "n1.md5sum"
                                    ],
                                    "Index Cond": "(n1.id = an1.person_id)",
                                    "Rows Removed by Index Recheck": 0,
                                    "Filter": "((n1.name ~~ '%Yo%'::text) AND (n1.name !~~ '%Yu%'::text))",
                                    "Rows Removed by Filter": 1,
                                    "Workers": [
                                        {
                                            "Worker Number": 0,
                                            "Actual Startup Time": 0.003,
                                            "Actual Total Time": 0.003,
                                            "Actual Rows": 0,
                                            "Actual Loops": 5797
                                        },
                                        {
                                            "Worker Number": 1,
                                            "Actual Startup Time": 0.003,
                                            "Actual Total Time": 0.003,
                                            "Actual Rows": 0,
                                            "Actual Loops": 7134
                                        },
                                        {
                                            "Worker Number": 2,
                                            "Actual Startup Time": 0.003,
                                            "Actual Total Time": 0.003,
                                            "Actual Rows": 0,
                                            "Actual Loops": 11120
                                        }
                                    ]
                                }
                            ]
                        }
                    ]
                }
            ]
        },
        "Planning Time": 2037.792,
        "Triggers": [],
        "Execution Time": 971.365
    }
]