[
  {
    "Plan": {
      "Node Type": "Aggregate",
      "Strategy": "Plain",
      "Partial Mode": "Finalize",
      "Parallel Aware": false,
      "Startup Cost": 595828.77,
      "Total Cost": 595828.78,
      "Plan Rows": 1,
      "Plan Width": 8,
      "Actual Startup Time": 2930.004,
      "Actual Total Time": 3024.131,
      "Actual Rows": 1,
      "Actual Loops": 1,
      "Plans": [
        {
          "Node Type": "Gather",
          "Parent Relationship": "Outer",
          "Parallel Aware": false,
          "Startup Cost": 595828.24,
          "Total Cost": 595828.75,
          "Plan Rows": 5,
          "Plan Width": 8,
          "Actual Startup Time": 2921.92,
          "Actual Total Time": 3024.114,
          "Actual Rows": 6,
          "Actual Loops": 1,
          "Workers Planned": 5,
          "Workers Launched": 5,
          "Single Copy": false,
          "Plans": [
            {
              "Node Type": "Aggregate",
              "Strategy": "Plain",
              "Partial Mode": "Partial",
              "Parent Relationship": "Outer",
              "Parallel Aware": false,
              "Startup Cost": 594828.24,
              "Total Cost": 594828.25,
              "Plan Rows": 1,
              "Plan Width": 8,
              "Actual Startup Time": 2907.053,
              "Actual Total Time": 2907.138,
              "Actual Rows": 1,
              "Actual Loops": 6,
              "Plans": [
                {
                  "Node Type": "Hash Join",
                  "Parent Relationship": "Outer",
                  "Parallel Aware": true,
                  "Join Type": "Inner",
                  "Startup Cost": 384420.16,
                  "Total Cost": 590275.25,
                  "Plan Rows": 1821196,
                  "Plan Width": 0,
                  "Actual Startup Time": 1307.874,
                  "Actual Total Time": 2706.405,
                  "Actual Rows": 4741720,
                  "Actual Loops": 6,
                  "Inner Unique": false,
                  "Hash Cond": "(mi.movie_id = t.id)",
                  "Plans": [
                    {
                      "Node Type": "Seq Scan",
                      "Parent Relationship": "Outer",
                      "Parallel Aware": true,
                      "Relation Name": "movie_info",
                      "Alias": "mi",
                      "Startup Cost": 0.0,
                      "Total Cost": 191685.19,
                      "Plan Rows": 2969219,
                      "Plan Width": 4,
                      "Actual Startup Time": 0.024,
                      "Actual Total Time": 288.233,
                      "Actual Rows": 2472620,
                      "Actual Loops": 6
                    },
                    {
                      "Node Type": "Hash",
                      "Parent Relationship": "Inner",
                      "Parallel Aware": true,
                      "Startup Cost": 381189.26,
                      "Total Cost": 381189.26,
                      "Plan Rows": 258472,
                      "Plan Width": 8,
                      "Actual Startup Time": 1300.071,
                      "Actual Total Time": 1300.154,
                      "Actual Rows": 242920,
                      "Actual Loops": 6,
                      "Hash Buckets": 2097152,
                      "Original Hash Buckets": 2097152,
                      "Hash Batches": 1,
                      "Original Hash Batches": 1,
                      "Peak Memory Usage": 73504,
                      "Plans": [
                        {
                          "Node Type": "Hash Join",
                          "Parent Relationship": "Outer",
                          "Parallel Aware": true,
                          "Join Type": "Inner",
                          "Startup Cost": 46279.99,
                          "Total Cost": 381189.26,
                          "Plan Rows": 258472,
                          "Plan Width": 8,
                          "Actual Startup Time": 103.568,
                          "Actual Total Time": 1187.062,
                          "Actual Rows": 242920,
                          "Actual Loops": 6,
                          "Inner Unique": true,
                          "Hash Cond": "(ci.movie_id = t.id)",
                          "Plans": [
                            {
                              "Node Type": "Seq Scan",
                              "Parent Relationship": "Outer",
                              "Parallel Aware": true,
                              "Relation Name": "cast_info",
                              "Alias": "ci",
                              "Startup Cost": 0.0,
                              "Total Cost": 328211.39,
                              "Plan Rows": 2551569,
                              "Plan Width": 4,
                              "Actual Startup Time": 0.034,
                              "Actual Total Time": 647.824,
                              "Actual Rows": 2574070,
                              "Actual Loops": 6,
                              "Filter": "(person_id < 1522325)",
                              "Rows Removed by Filter": 3466654
                            },
                            {
                              "Node Type": "Hash",
                              "Parent Relationship": "Inner",
                              "Parallel Aware": true,
                              "Startup Cost": 45479.59,
                              "Total Cost": 45479.59,
                              "Plan Rows": 64032,
                              "Plan Width": 4,
                              "Actual Startup Time": 102.876,
                              "Actual Total Time": 102.877,
                              "Actual Rows": 37974,
                              "Actual Loops": 6,
                              "Hash Buckets": 262144,
                              "Original Hash Buckets": 262144,
                              "Hash Batches": 1,
                              "Original Hash Batches": 1,
                              "Peak Memory Usage": 11040,
                              "Plans": [
                                {
                                  "Node Type": "Seq Scan",
                                  "Parent Relationship": "Outer",
                                  "Parallel Aware": true,
                                  "Relation Name": "title",
                                  "Alias": "t",
                                  "Startup Cost": 0.0,
                                  "Total Cost": 45479.59,
                                  "Plan Rows": 64032,
                                  "Plan Width": 4,
                                  "Actual Startup Time": 0.079,
                                  "Actual Total Time": 85.773,
                                  "Actual Rows": 37974,
                                  "Actual Loops": 6,
                                  "Filter": "((kind_id < 7) AND (production_year > 2008))",
                                  "Rows Removed by Filter": 383411
                                }
                              ]
                            }
                          ]
                        }
                      ]
                    }
                  ]
                }
              ]
            }
          ]
        }
      ]
    },
    "Planning Time": 1.291,
    "Triggers": [],
    "Execution Time": 3024.224
  }
]