{
  "Plan": {
    "Node Type": "Aggregate",
    "Strategy": "Plain",
    "Partial Mode": "Finalize",
    "Parallel Aware": false,
    "Startup Cost": 539858.51,
    "Total Cost": 539858.52,
    "Plan Rows": 1,
    "Plan Width": 8,
    "Actual Startup Time": 1800.007,
    "Actual Total Time": 1825.342,
    "Actual Rows": 1,
    "Actual Loops": 1,
    "Plans": [
      {
        "Node Type": "Gather",
        "Parent Relationship": "Outer",
        "Parallel Aware": false,
        "Startup Cost": 539858.4,
        "Total Cost": 539858.51,
        "Plan Rows": 1,
        "Plan Width": 8,
        "Actual Startup Time": 1798.903,
        "Actual Total Time": 1825.333,
        "Actual Rows": 2,
        "Actual Loops": 1,
        "Workers Planned": 1,
        "Workers Launched": 1,
        "Single Copy": false,
        "Plans": [
          {
            "Node Type": "Aggregate",
            "Strategy": "Plain",
            "Partial Mode": "Partial",
            "Parent Relationship": "Outer",
            "Parallel Aware": false,
            "Startup Cost": 538858.4,
            "Total Cost": 538858.41,
            "Plan Rows": 1,
            "Plan Width": 8,
            "Actual Startup Time": 1792.579,
            "Actual Total Time": 1792.585,
            "Actual Rows": 1,
            "Actual Loops": 2,
            "Plans": [
              {
                "Node Type": "Hash Join",
                "Parent Relationship": "Outer",
                "Parallel Aware": true,
                "Join Type": "Inner",
                "Startup Cost": 519671.22,
                "Total Cost": 538827.98,
                "Plan Rows": 12168,
                "Plan Width": 0,
                "Actual Startup Time": 1679.701,
                "Actual Total Time": 1790.055,
                "Actual Rows": 45694,
                "Actual Loops": 2,
                "Inner Unique": false,
                "Hash Cond": "(mi_idx.movie_id = t.id)",
                "Plans": [
                  {
                    "Node Type": "Seq Scan",
                    "Parent Relationship": "Outer",
                    "Parallel Aware": true,
                    "Relation Name": "movie_info_idx",
                    "Alias": "mi_idx",
                    "Startup Cost": 0.0,
                    "Total Cost": 18082.32,
                    "Plan Rows": 267429,
                    "Plan Width": 4,
                    "Actual Startup Time": 0.018,
                    "Actual Total Time": 62.093,
                    "Actual Rows": 229962,
                    "Actual Loops": 2,
                    "Filter": "(info_type_id = 99)",
                    "Rows Removed by Filter": 460055
                  },
                  {
                    "Node Type": "Hash",
                    "Parent Relationship": "Inner",
                    "Parallel Aware": true,
                    "Startup Cost": 518825.37,
                    "Total Cost": 518825.37,
                    "Plan Rows": 67668,
                    "Plan Width": 8,
                    "Actual Startup Time": 1677.057,
                    "Actual Total Time": 1677.062,
                    "Actual Rows": 85904,
                    "Actual Loops": 2,
                    "Hash Buckets": 262144,
                    "Original Hash Buckets": 131072,
                    "Hash Batches": 1,
                    "Original Hash Batches": 1,
                    "Peak Memory Usage": 9824,
                    "Plans": [
                      {
                        "Node Type": "Hash Join",
                        "Parent Relationship": "Outer",
                        "Parallel Aware": true,
                        "Join Type": "Inner",
                        "Startup Cost": 200932.15,
                        "Total Cost": 518825.37,
                        "Plan Rows": 67668,
                        "Plan Width": 8,
                        "Actual Startup Time": 637.524,
                        "Actual Total Time": 1639.829,
                        "Actual Rows": 85904,
                        "Actual Loops": 2,
                        "Inner Unique": true,
                        "Hash Cond": "(ci.movie_id = t.id)",
                        "Plans": [
                          {
                            "Node Type": "Bitmap Heap Scan",
                            "Parent Relationship": "Outer",
                            "Parallel Aware": true,
                            "Relation Name": "cast_info",
                            "Alias": "ci",
                            "Startup Cost": 145851.73,
                            "Total Cost": 457033.5,
                            "Plan Rows": 2556741,
                            "Plan Width": 4,
                            "Actual Startup Time": 465.322,
                            "Actual Total Time": 1065.953,
                            "Actual Rows": 3234104,
                            "Actual Loops": 2,
                            "Recheck Cond": "(person_id > 3009470)",
                            "Rows Removed by Index Recheck": 0,
                            "Filter": "(role_id > 1)",
                            "Rows Removed by Filter": 0,
                            "Exact Heap Blocks": 36928,
                            "Lossy Heap Blocks": 0,
                            "Plans": [
                              {
                                "Node Type": "Bitmap Index Scan",
                                "Parent Relationship": "Outer",
                                "Parallel Aware": false,
                                "Index Name": "person_id_cast_info",
                                "Startup Cost": 0.0,
                                "Total Cost": 144765.12,
                                "Plan Rows": 6629407,
                                "Plan Width": 0,
                                "Actual Startup Time": 441.915,
                                "Actual Total Time": 441.916,
                                "Actual Rows": 6468209,
                                "Actual Loops": 1,
                                "Index Cond": "(person_id > 3009470)"
                              }
                            ]
                          },
                          {
                            "Node Type": "Hash",
                            "Parent Relationship": "Inner",
                            "Parallel Aware": true,
                            "Startup Cost": 54588.39,
                            "Total Cost": 54588.39,
                            "Plan Rows": 39362,
                            "Plan Width": 4,
                            "Actual Startup Time": 170.926,
                            "Actual Total Time": 170.926,
                            "Actual Rows": 33888,
                            "Actual Loops": 2,
                            "Hash Buckets": 131072,
                            "Original Hash Buckets": 131072,
                            "Hash Batches": 1,
                            "Original Hash Batches": 1,
                            "Peak Memory Usage": 3712,
                            "Plans": [
                              {
                                "Node Type": "Seq Scan",
                                "Parent Relationship": "Outer",
                                "Parallel Aware": true,
                                "Relation Name": "title",
                                "Alias": "t",
                                "Startup Cost": 0.0,
                                "Total Cost": 54588.39,
                                "Plan Rows": 39362,
                                "Plan Width": 4,
                                "Actual Startup Time": 0.039,
                                "Actual Total Time": 157.135,
                                "Actual Rows": 33888,
                                "Actual Loops": 2,
                                "Filter": "(production_year = 2003)",
                                "Rows Removed by Filter": 1230268
                              }
                            ]
                          }
                        ]
                      }
                    ]
                  }
                ]
              }
            ]
          }
        ]
      }
    ]
  },
  "Planning Time": 1.055,
  "Triggers": [],
  "Execution Time": 1825.451
}