[
  {
    "Plan": {
      "Node Type": "Aggregate",
      "Strategy": "Plain",
      "Partial Mode": "Finalize",
      "Parallel Aware": false,
      "Startup Cost": 80699.2,
      "Total Cost": 80699.21,
      "Plan Rows": 1,
      "Plan Width": 8,
      "Actual Startup Time": 239.505,
      "Actual Total Time": 255.152,
      "Actual Rows": 1,
      "Actual Loops": 1,
      "Plans": [
        {
          "Node Type": "Gather",
          "Parent Relationship": "Outer",
          "Parallel Aware": false,
          "Startup Cost": 80698.78,
          "Total Cost": 80699.19,
          "Plan Rows": 4,
          "Plan Width": 8,
          "Actual Startup Time": 237.21,
          "Actual Total Time": 255.141,
          "Actual Rows": 5,
          "Actual Loops": 1,
          "Workers Planned": 4,
          "Workers Launched": 4,
          "Single Copy": false,
          "Plans": [
            {
              "Node Type": "Aggregate",
              "Strategy": "Plain",
              "Partial Mode": "Partial",
              "Parent Relationship": "Outer",
              "Parallel Aware": false,
              "Startup Cost": 79698.78,
              "Total Cost": 79698.79,
              "Plan Rows": 1,
              "Plan Width": 8,
              "Actual Startup Time": 227.521,
              "Actual Total Time": 227.524,
              "Actual Rows": 1,
              "Actual Loops": 5,
              "Plans": [
                {
                  "Node Type": "Hash Join",
                  "Parent Relationship": "Outer",
                  "Parallel Aware": true,
                  "Join Type": "Inner",
                  "Startup Cost": 33484.83,
                  "Total Cost": 79377.93,
                  "Plan Rows": 128341,
                  "Plan Width": 0,
                  "Actual Startup Time": 163.671,
                  "Actual Total Time": 225.597,
                  "Actual Rows": 43539,
                  "Actual Loops": 5,
                  "Inner Unique": false,
                  "Hash Cond": "(t.id = mc.movie_id)",
                  "Plans": [
                    {
                      "Node Type": "Seq Scan",
                      "Parent Relationship": "Outer",
                      "Parallel Aware": true,
                      "Relation Name": "title",
                      "Alias": "t",
                      "Startup Cost": 0.0,
                      "Total Cost": 42318.73,
                      "Plan Rows": 632073,
                      "Plan Width": 4,
                      "Actual Startup Time": 0.013,
                      "Actual Total Time": 64.301,
                      "Actual Rows": 505662,
                      "Actual Loops": 5
                    },
                    {
                      "Node Type": "Hash",
                      "Parent Relationship": "Inner",
                      "Parallel Aware": true,
                      "Startup Cost": 31414.82,
                      "Total Cost": 31414.82,
                      "Plan Rows": 165601,
                      "Plan Width": 4,
                      "Actual Startup Time": 81.123,
                      "Actual Total Time": 81.124,
                      "Actual Rows": 43539,
                      "Actual Loops": 5,
                      "Hash Buckets": 524288,
                      "Original Hash Buckets": 524288,
                      "Hash Batches": 1,
                      "Original Hash Batches": 1,
                      "Peak Memory Usage": 12672,
                      "Plans": [
                        {
                          "Node Type": "Seq Scan",
                          "Parent Relationship": "Outer",
                          "Parallel Aware": true,
                          "Relation Name": "movie_companies",
                          "Alias": "mc",
                          "Startup Cost": 0.0,
                          "Total Cost": 31414.82,
                          "Plan Rows": 165601,
                          "Plan Width": 4,
                          "Actual Startup Time": 20.245,
                          "Actual Total Time": 66.114,
                          "Actual Rows": 43539,
                          "Actual Loops": 5,
                          "Filter": "((company_id > 14898) AND (company_type_id < 2))",
                          "Rows Removed by Filter": 478287
                        }
                      ]
                    }
                  ]
                }
              ]
            }
          ]
        }
      ]
    },
    "Planning Time": 0.582,
    "Triggers": [],
    "Execution Time": 255.219
  }
]