[
  {
    "Plan": {
      "Node Type": "Aggregate",
      "Strategy": "Plain",
      "Partial Mode": "Finalize",
      "Parallel Aware": false,
      "Startup Cost": 45907.62,
      "Total Cost": 45907.63,
      "Plan Rows": 1,
      "Plan Width": 8,
      "Actual Startup Time": 126.391,
      "Actual Total Time": 138.774,
      "Actual Rows": 1,
      "Actual Loops": 1,
      "Plans": [
        {
          "Node Type": "Gather",
          "Parent Relationship": "Outer",
          "Parallel Aware": false,
          "Startup Cost": 45907.2,
          "Total Cost": 45907.61,
          "Plan Rows": 4,
          "Plan Width": 8,
          "Actual Startup Time": 126.274,
          "Actual Total Time": 138.765,
          "Actual Rows": 5,
          "Actual Loops": 1,
          "Workers Planned": 4,
          "Workers Launched": 4,
          "Single Copy": false,
          "Plans": [
            {
              "Node Type": "Aggregate",
              "Strategy": "Plain",
              "Partial Mode": "Partial",
              "Parent Relationship": "Outer",
              "Parallel Aware": false,
              "Startup Cost": 44907.2,
              "Total Cost": 44907.21,
              "Plan Rows": 1,
              "Plan Width": 8,
              "Actual Startup Time": 117.387,
              "Actual Total Time": 117.388,
              "Actual Rows": 1,
              "Actual Loops": 5,
              "Plans": [
                {
                  "Node Type": "Seq Scan",
                  "Parent Relationship": "Outer",
                  "Parallel Aware": true,
                  "Relation Name": "title",
                  "Alias": "t",
                  "Startup Cost": 0.0,
                  "Total Cost": 43898.92,
                  "Plan Rows": 403315,
                  "Plan Width": 0,
                  "Actual Startup Time": 0.041,
                  "Actual Total Time": 98.954,
                  "Actual Rows": 321415,
                  "Actual Loops": 5,
                  "Filter": "(production_year > 1995)",
                  "Rows Removed by Filter": 184247
                }
              ]
            }
          ]
        }
      ]
    },
    "Planning Time": 0.148,
    "Triggers": [],
    "Execution Time": 138.834
  }
]