[
  {
    "Plan": {
      "Node Type": "Aggregate",
      "Strategy": "Plain",
      "Partial Mode": "Finalize",
      "Parallel Aware": false,
      "Startup Cost": 92704.13,
      "Total Cost": 92704.14,
      "Plan Rows": 1,
      "Plan Width": 8,
      "Actual Startup Time": 308.086,
      "Actual Total Time": 325.041,
      "Actual Rows": 1,
      "Actual Loops": 1,
      "Plans": [
        {
          "Node Type": "Gather",
          "Parent Relationship": "Outer",
          "Parallel Aware": false,
          "Startup Cost": 92703.81,
          "Total Cost": 92704.12,
          "Plan Rows": 3,
          "Plan Width": 8,
          "Actual Startup Time": 305.682,
          "Actual Total Time": 325.032,
          "Actual Rows": 4,
          "Actual Loops": 1,
          "Workers Planned": 3,
          "Workers Launched": 3,
          "Single Copy": false,
          "Plans": [
            {
              "Node Type": "Aggregate",
              "Strategy": "Plain",
              "Partial Mode": "Partial",
              "Parent Relationship": "Outer",
              "Parallel Aware": false,
              "Startup Cost": 91703.81,
              "Total Cost": 91703.82,
              "Plan Rows": 1,
              "Plan Width": 8,
              "Actual Startup Time": 297.336,
              "Actual Total Time": 297.338,
              "Actual Rows": 1,
              "Actual Loops": 4,
              "Plans": [
                {
                  "Node Type": "Hash Join",
                  "Parent Relationship": "Outer",
                  "Parallel Aware": true,
                  "Join Type": "Inner",
                  "Startup Cost": 48020.2,
                  "Total Cost": 91472.15,
                  "Plan Rows": 92663,
                  "Plan Width": 0,
                  "Actual Startup Time": 167.628,
                  "Actual Total Time": 291.881,
                  "Actual Rows": 134224,
                  "Actual Loops": 4,
                  "Inner Unique": true,
                  "Hash Cond": "(mk.movie_id = t.id)",
                  "Plans": [
                    {
                      "Node Type": "Seq Scan",
                      "Parent Relationship": "Outer",
                      "Parallel Aware": true,
                      "Relation Name": "movie_keyword",
                      "Alias": "mk",
                      "Startup Cost": 0.0,
                      "Total Cost": 42695.65,
                      "Plan Rows": 288114,
                      "Plan Width": 4,
                      "Actual Startup Time": 1.555,
                      "Actual Total Time": 87.656,
                      "Actual Rows": 222560,
                      "Actual Loops": 4,
                      "Filter": "(keyword_id > 20711)",
                      "Rows Removed by Filter": 908422
                    },
                    {
                      "Node Type": "Hash",
                      "Parent Relationship": "Inner",
                      "Parallel Aware": true,
                      "Startup Cost": 45479.1,
                      "Total Cost": 45479.1,
                      "Plan Rows": 203288,
                      "Plan Width": 4,
                      "Actual Startup Time": 160.968,
                      "Actual Total Time": 160.969,
                      "Actual Rows": 179926,
                      "Actual Loops": 4,
                      "Hash Buckets": 1048576,
                      "Original Hash Buckets": 1048576,
                      "Hash Batches": 1,
                      "Original Hash Batches": 1,
                      "Peak Memory Usage": 36416,
                      "Plans": [
                        {
                          "Node Type": "Seq Scan",
                          "Parent Relationship": "Outer",
                          "Parallel Aware": true,
                          "Relation Name": "title",
                          "Alias": "t",
                          "Startup Cost": 0.0,
                          "Total Cost": 45479.1,
                          "Plan Rows": 203288,
                          "Plan Width": 4,
                          "Actual Startup Time": 0.041,
                          "Actual Total Time": 102.245,
                          "Actual Rows": 179926,
                          "Actual Loops": 4,
                          "Filter": "((kind_id < 6) AND (production_year > 1969))",
                          "Rows Removed by Filter": 452152
                        }
                      ]
                    }
                  ]
                }
              ]
            }
          ]
        }
      ]
    },
    "Planning Time": 0.602,
    "Triggers": [],
    "Execution Time": 325.107
  }
]