[
  {
    "Plan": {
      "Node Type": "Aggregate",
      "Strategy": "Plain",
      "Partial Mode": "Finalize",
      "Parallel Aware": false,
      "Startup Cost": 203482.56,
      "Total Cost": 203482.57,
      "Plan Rows": 1,
      "Plan Width": 8,
      "Actual Startup Time": 229.287,
      "Actual Total Time": 252.374,
      "Actual Rows": 1,
      "Actual Loops": 1,
      "Plans": [
        {
          "Node Type": "Gather",
          "Parent Relationship": "Outer",
          "Parallel Aware": false,
          "Startup Cost": 203481.94,
          "Total Cost": 203482.55,
          "Plan Rows": 6,
          "Plan Width": 8,
          "Actual Startup Time": 229.164,
          "Actual Total Time": 252.353,
          "Actual Rows": 7,
          "Actual Loops": 1,
          "Workers Planned": 6,
          "Workers Launched": 6,
          "Single Copy": false,
          "Plans": [
            {
              "Node Type": "Aggregate",
              "Strategy": "Plain",
              "Partial Mode": "Partial",
              "Parent Relationship": "Outer",
              "Parallel Aware": false,
              "Startup Cost": 202481.94,
              "Total Cost": 202481.95,
              "Plan Rows": 1,
              "Plan Width": 8,
              "Actual Startup Time": 220.153,
              "Actual Total Time": 220.154,
              "Actual Rows": 1,
              "Actual Loops": 7,
              "Plans": [
                {
                  "Node Type": "Index Scan",
                  "Parent Relationship": "Outer",
                  "Parallel Aware": true,
                  "Scan Direction": "Forward",
                  "Index Name": "role_id_cast_info",
                  "Relation Name": "cast_info",
                  "Alias": "ci",
                  "Startup Cost": 0.56,
                  "Total Cost": 201884.69,
                  "Plan Rows": 238899,
                  "Plan Width": 0,
                  "Actual Startup Time": 7.756,
                  "Actual Total Time": 220.122,
                  "Actual Rows": 194,
                  "Actual Loops": 7,
                  "Index Cond": "(role_id = 2)",
                  "Rows Removed by Index Recheck": 0,
                  "Filter": "(person_id < 680087)",
                  "Rows Removed by Filter": 1064373
                }
              ]
            }
          ]
        }
      ]
    },
    "Planning Time": 0.234,
    "Triggers": [],
    "Execution Time": 252.443
  }
]