{
  "Plan": {
    "Node Type": "Aggregate",
    "Strategy": "Plain",
    "Partial Mode": "Finalize",
    "Parallel Aware": false,
    "Startup Cost": 572556.31,
    "Total Cost": 572556.32,
    "Plan Rows": 1,
    "Plan Width": 8,
    "Actual Startup Time": 2641.039,
    "Actual Total Time": 2667.015,
    "Actual Rows": 1,
    "Actual Loops": 1,
    "Plans": [
      {
        "Node Type": "Gather",
        "Parent Relationship": "Outer",
        "Parallel Aware": false,
        "Startup Cost": 572556.19,
        "Total Cost": 572556.3,
        "Plan Rows": 1,
        "Plan Width": 8,
        "Actual Startup Time": 2637.667,
        "Actual Total Time": 2667.005,
        "Actual Rows": 2,
        "Actual Loops": 1,
        "Workers Planned": 1,
        "Workers Launched": 1,
        "Single Copy": false,
        "Plans": [
          {
            "Node Type": "Aggregate",
            "Strategy": "Plain",
            "Partial Mode": "Partial",
            "Parent Relationship": "Outer",
            "Parallel Aware": false,
            "Startup Cost": 571556.19,
            "Total Cost": 571556.2,
            "Plan Rows": 1,
            "Plan Width": 8,
            "Actual Startup Time": 2630.83,
            "Actual Total Time": 2630.835,
            "Actual Rows": 1,
            "Actual Loops": 2,
            "Plans": [
              {
                "Node Type": "Hash Join",
                "Parent Relationship": "Outer",
                "Parallel Aware": true,
                "Join Type": "Inner",
                "Startup Cost": 241363.29,
                "Total Cost": 565329.83,
                "Plan Rows": 2490546,
                "Plan Width": 0,
                "Actual Startup Time": 731.243,
                "Actual Total Time": 2536.263,
                "Actual Rows": 2286218,
                "Actual Loops": 2,
                "Inner Unique": true,
                "Hash Cond": "(ci.movie_id = t.id)",
                "Plans": [
                  {
                    "Node Type": "Bitmap Heap Scan",
                    "Parent Relationship": "Outer",
                    "Parallel Aware": true,
                    "Relation Name": "cast_info",
                    "Alias": "ci",
                    "Startup Cost": 176950.33,
                    "Total Cost": 488546.02,
                    "Plan Rows": 4712695,
                    "Plan Width": 4,
                    "Actual Startup Time": 331.193,
                    "Actual Total Time": 778.184,
                    "Actual Rows": 4083802,
                    "Actual Loops": 2,
                    "Recheck Cond": "(person_id < 798531)",
                    "Rows Removed by Index Recheck": 0,
                    "Exact Heap Blocks": 46486,
                    "Lossy Heap Blocks": 0,
                    "Plans": [
                      {
                        "Node Type": "Bitmap Index Scan",
                        "Parent Relationship": "Outer",
                        "Parallel Aware": false,
                        "Index Name": "person_id_cast_info",
                        "Startup Cost": 0.0,
                        "Total Cost": 174947.43,
                        "Plan Rows": 8011582,
                        "Plan Width": 0,
                        "Actual Startup Time": 316.215,
                        "Actual Total Time": 316.215,
                        "Actual Rows": 8167604,
                        "Actual Loops": 1,
                        "Index Cond": "(person_id < 798531)"
                      }
                    ]
                  },
                  {
                    "Node Type": "Hash",
                    "Parent Relationship": "Inner",
                    "Parallel Aware": true,
                    "Startup Cost": 54588.39,
                    "Total Cost": 54588.39,
                    "Plan Rows": 785966,
                    "Plan Width": 4,
                    "Actual Startup Time": 386.175,
                    "Actual Total Time": 386.176,
                    "Actual Rows": 674146,
                    "Actual Loops": 2,
                    "Hash Buckets": 2097152,
                    "Original Hash Buckets": 2097152,
                    "Hash Batches": 1,
                    "Original Hash Batches": 1,
                    "Peak Memory Usage": 69184,
                    "Plans": [
                      {
                        "Node Type": "Seq Scan",
                        "Parent Relationship": "Outer",
                        "Parallel Aware": true,
                        "Relation Name": "title",
                        "Alias": "t",
                        "Startup Cost": 0.0,
                        "Total Cost": 54588.39,
                        "Plan Rows": 785966,
                        "Plan Width": 4,
                        "Actual Startup Time": 0.032,
                        "Actual Total Time": 172.602,
                        "Actual Rows": 674146,
                        "Actual Loops": 2,
                        "Filter": "(production_year < 2005)",
                        "Rows Removed by Filter": 590010
                      }
                    ]
                  }
                ]
              }
            ]
          }
        ]
      }
    ]
  },
  "Planning Time": 0.538,
  "Triggers": [],
  "Execution Time": 2667.093
}