{
  "Plan": {
    "Node Type": "Aggregate",
    "Strategy": "Plain",
    "Partial Mode": "Finalize",
    "Parallel Aware": false,
    "Startup Cost": 118970.24,
    "Total Cost": 118970.25,
    "Plan Rows": 1,
    "Plan Width": 8,
    "Actual Startup Time": 448.445,
    "Actual Total Time": 465.487,
    "Actual Rows": 1,
    "Actual Loops": 1,
    "Plans": [
      {
        "Node Type": "Gather",
        "Parent Relationship": "Outer",
        "Parallel Aware": false,
        "Startup Cost": 118970.13,
        "Total Cost": 118970.24,
        "Plan Rows": 1,
        "Plan Width": 8,
        "Actual Startup Time": 448.127,
        "Actual Total Time": 465.481,
        "Actual Rows": 2,
        "Actual Loops": 1,
        "Workers Planned": 1,
        "Workers Launched": 1,
        "Single Copy": false,
        "Plans": [
          {
            "Node Type": "Aggregate",
            "Strategy": "Plain",
            "Partial Mode": "Partial",
            "Parent Relationship": "Outer",
            "Parallel Aware": false,
            "Startup Cost": 117970.13,
            "Total Cost": 117970.14,
            "Plan Rows": 1,
            "Plan Width": 8,
            "Actual Startup Time": 442.411,
            "Actual Total Time": 442.414,
            "Actual Rows": 1,
            "Actual Loops": 2,
            "Plans": [
              {
                "Node Type": "Hash Join",
                "Parent Relationship": "Outer",
                "Parallel Aware": true,
                "Join Type": "Inner",
                "Startup Cost": 55651.14,
                "Total Cost": 117732.58,
                "Plan Rows": 95022,
                "Plan Width": 0,
                "Actual Startup Time": 159.641,
                "Actual Total Time": 440.292,
                "Actual Rows": 52064,
                "Actual Loops": 2,
                "Inner Unique": true,
                "Hash Cond": "(mk.movie_id = t.id)",
                "Plans": [
                  {
                    "Node Type": "Seq Scan",
                    "Parent Relationship": "Outer",
                    "Parallel Aware": true,
                    "Relation Name": "movie_keyword",
                    "Alias": "mk",
                    "Startup Cost": 0.0,
                    "Total Cost": 57718.19,
                    "Plan Rows": 1662184,
                    "Plan Width": 4,
                    "Actual Startup Time": 0.014,
                    "Actual Total Time": 183.343,
                    "Actual Rows": 1409420,
                    "Actual Loops": 2,
                    "Filter": "(keyword_id < 8444)",
                    "Rows Removed by Filter": 852546
                  },
                  {
                    "Node Type": "Hash",
                    "Parent Relationship": "Inner",
                    "Parallel Aware": true,
                    "Startup Cost": 54588.39,
                    "Total Cost": 54588.39,
                    "Plan Rows": 85020,
                    "Plan Width": 4,
                    "Actual Startup Time": 156.016,
                    "Actual Total Time": 156.017,
                    "Actual Rows": 70852,
                    "Actual Loops": 2,
                    "Hash Buckets": 262144,
                    "Original Hash Buckets": 262144,
                    "Hash Batches": 1,
                    "Original Hash Batches": 1,
                    "Peak Memory Usage": 7616,
                    "Plans": [
                      {
                        "Node Type": "Seq Scan",
                        "Parent Relationship": "Outer",
                        "Parallel Aware": true,
                        "Relation Name": "title",
                        "Alias": "t",
                        "Startup Cost": 0.0,
                        "Total Cost": 54588.39,
                        "Plan Rows": 85020,
                        "Plan Width": 4,
                        "Actual Startup Time": 0.034,
                        "Actual Total Time": 137.793,
                        "Actual Rows": 70852,
                        "Actual Loops": 2,
                        "Filter": "(production_year = 2010)",
                        "Rows Removed by Filter": 1193304
                      }
                    ]
                  }
                ]
              }
            ]
          }
        ]
      }
    ]
  },
  "Planning Time": 0.476,
  "Triggers": [],
  "Execution Time": 465.555
}