[
    {
        "Bao": {
            "Bao prediction": "NaN",
            "Bao recommended hint": "(no hint)"
        }
    },
    {
        "Plan": {
            "Node Type": "Aggregate",
            "Strategy": "Plain",
            "Partial Mode": "Finalize",
            "Parallel Aware": false,
            "Startup Cost": 402962.64,
            "Total Cost": 402962.65,
            "Plan Rows": 1,
            "Plan Width": 8,
            "Actual Startup Time": 1467.119,
            "Actual Total Time": 1494.69,
            "Actual Rows": 1,
            "Actual Loops": 1,
            "Output": [
                "count(*)"
            ],
            "Plans": [
                {
                    "Node Type": "Gather",
                    "Parent Relationship": "Outer",
                    "Parallel Aware": false,
                    "Startup Cost": 402962.01,
                    "Total Cost": 402962.62,
                    "Plan Rows": 6,
                    "Plan Width": 8,
                    "Actual Startup Time": 1435.357,
                    "Actual Total Time": 1494.675,
                    "Actual Rows": 7,
                    "Actual Loops": 1,
                    "Output": [
                        "(PARTIAL count(*))"
                    ],
                    "Workers Planned": 6,
                    "Workers Launched": 6,
                    "Single Copy": false,
                    "Plans": [
                        {
                            "Node Type": "Aggregate",
                            "Strategy": "Plain",
                            "Partial Mode": "Partial",
                            "Parent Relationship": "Outer",
                            "Parallel Aware": false,
                            "Startup Cost": 401962.01,
                            "Total Cost": 401962.02,
                            "Plan Rows": 1,
                            "Plan Width": 8,
                            "Actual Startup Time": 1420.76,
                            "Actual Total Time": 1420.766,
                            "Actual Rows": 1,
                            "Actual Loops": 7,
                            "Output": [
                                "PARTIAL count(*)"
                            ],
                            "Workers": [
                                {
                                    "Worker Number": 0,
                                    "Actual Startup Time": 1418.053,
                                    "Actual Total Time": 1418.056,
                                    "Actual Rows": 1,
                                    "Actual Loops": 1
                                },
                                {
                                    "Worker Number": 1,
                                    "Actual Startup Time": 1418.089,
                                    "Actual Total Time": 1418.092,
                                    "Actual Rows": 1,
                                    "Actual Loops": 1
                                },
                                {
                                    "Worker Number": 2,
                                    "Actual Startup Time": 1418.035,
                                    "Actual Total Time": 1418.039,
                                    "Actual Rows": 1,
                                    "Actual Loops": 1
                                },
                                {
                                    "Worker Number": 3,
                                    "Actual Startup Time": 1418.185,
                                    "Actual Total Time": 1418.189,
                                    "Actual Rows": 1,
                                    "Actual Loops": 1
                                },
                                {
                                    "Worker Number": 4,
                                    "Actual Startup Time": 1418.129,
                                    "Actual Total Time": 1418.132,
                                    "Actual Rows": 1,
                                    "Actual Loops": 1
                                },
                                {
                                    "Worker Number": 5,
                                    "Actual Startup Time": 1420.155,
                                    "Actual Total Time": 1420.158,
                                    "Actual Rows": 1,
                                    "Actual Loops": 1
                                }
                            ],
                            "Plans": [
                                {
                                    "Node Type": "Hash Join",
                                    "Parent Relationship": "Outer",
                                    "Parallel Aware": true,
                                    "Join Type": "Inner",
                                    "Startup Cost": 50220.37,
                                    "Total Cost": 397607.0,
                                    "Plan Rows": 1742004,
                                    "Plan Width": 0,
                                    "Actual Startup Time": 463.265,
                                    "Actual Total Time": 1346.879,
                                    "Actual Rows": 1115681,
                                    "Actual Loops": 7,
                                    "Inner Unique": true,
                                    "Hash Cond": "(ci.movie_id = t.id)",
                                    "Workers": [
                                        {
                                            "Worker Number": 0,
                                            "Actual Startup Time": 460.863,
                                            "Actual Total Time": 1342.637,
                                            "Actual Rows": 1051092,
                                            "Actual Loops": 1
                                        },
                                        {
                                            "Worker Number": 1,
                                            "Actual Startup Time": 460.861,
                                            "Actual Total Time": 1342.5,
                                            "Actual Rows": 1057291,
                                            "Actual Loops": 1
                                        },
                                        {
                                            "Worker Number": 2,
                                            "Actual Startup Time": 460.862,
                                            "Actual Total Time": 1342.565,
                                            "Actual Rows": 1054560,
                                            "Actual Loops": 1
                                        },
                                        {
                                            "Worker Number": 3,
                                            "Actual Startup Time": 460.882,
                                            "Actual Total Time": 1342.681,
                                            "Actual Rows": 1054561,
                                            "Actual Loops": 1
                                        },
                                        {
                                            "Worker Number": 4,
                                            "Actual Startup Time": 460.941,
                                            "Actual Total Time": 1342.66,
                                            "Actual Rows": 1053780,
                                            "Actual Loops": 1
                                        },
                                        {
                                            "Worker Number": 5,
                                            "Actual Startup Time": 460.903,
                                            "Actual Total Time": 1345.074,
                                            "Actual Rows": 1048293,
                                            "Actual Loops": 1
                                        }
                                    ],
                                    "Plans": [
                                        {
                                            "Node Type": "Index Scan",
                                            "Parent Relationship": "Outer",
                                            "Parallel Aware": true,
                                            "Scan Direction": "Forward",
                                            "Index Name": "role_id_cast_info",
                                            "Relation Name": "cast_info",
                                            "Schema": "public",
                                            "Alias": "ci",
                                            "Startup Cost": 0.56,
                                            "Total Cost": 342814.42,
                                            "Plan Rows": 1742004,
                                            "Plan Width": 4,
                                            "Actual Startup Time": 193.644,
                                            "Actual Total Time": 489.398,
                                            "Actual Rows": 1115681,
                                            "Actual Loops": 7,
                                            "Output": [
                                                "ci.id",
                                                "ci.person_id",
                                                "ci.movie_id",
                                                "ci.person_role_id",
                                                "ci.note",
                                                "ci.nr_order",
                                                "ci.role_id"
                                            ],
                                            "Index Cond": "(ci.role_id = 1)",
                                            "Rows Removed by Index Recheck": 0,
                                            "Filter": "(ci.person_id > 652589)",
                                            "Rows Removed by Filter": 694417,
                                            "Workers": [
                                                {
                                                    "Worker Number": 0,
                                                    "Actual Startup Time": 193.637,
                                                    "Actual Total Time": 498.647,
                                                    "Actual Rows": 1051092,
                                                    "Actual Loops": 1
                                                },
                                                {
                                                    "Worker Number": 1,
                                                    "Actual Startup Time": 193.593,
                                                    "Actual Total Time": 497.389,
                                                    "Actual Rows": 1057291,
                                                    "Actual Loops": 1
                                                },
                                                {
                                                    "Worker Number": 2,
                                                    "Actual Startup Time": 193.581,
                                                    "Actual Total Time": 497.63,
                                                    "Actual Rows": 1054560,
                                                    "Actual Loops": 1
                                                },
                                                {
                                                    "Worker Number": 3,
                                                    "Actual Startup Time": 193.732,
                                                    "Actual Total Time": 496.405,
                                                    "Actual Rows": 1054561,
                                                    "Actual Loops": 1
                                                },
                                                {
                                                    "Worker Number": 4,
                                                    "Actual Startup Time": 193.732,
                                                    "Actual Total Time": 497.495,
                                                    "Actual Rows": 1053780,
                                                    "Actual Loops": 1
                                                },
                                                {
                                                    "Worker Number": 5,
                                                    "Actual Startup Time": 193.609,
                                                    "Actual Total Time": 498.204,
                                                    "Actual Rows": 1048293,
                                                    "Actual Loops": 1
                                                }
                                            ]
                                        },
                                        {
                                            "Node Type": "Hash",
                                            "Parent Relationship": "Inner",
                                            "Parallel Aware": true,
                                            "Startup Cost": 42318.81,
                                            "Total Cost": 42318.81,
                                            "Plan Rows": 632080,
                                            "Plan Width": 4,
                                            "Actual Startup Time": 264.75,
                                            "Actual Total Time": 264.751,
                                            "Actual Rows": 361187,
                                            "Actual Loops": 7,
                                            "Output": [
                                                "t.id"
                                            ],
                                            "Hash Buckets": 4194304,
                                            "Original Hash Buckets": 4194304,
                                            "Hash Batches": 1,
                                            "Original Hash Batches": 1,
                                            "Peak Memory Usage": 131808,
                                            "Workers": [
                                                {
                                                    "Worker Number": 0,
                                                    "Actual Startup Time": 266.454,
                                                    "Actual Total Time": 266.455,
                                                    "Actual Rows": 323636,
                                                    "Actual Loops": 1
                                                },
                                                {
                                                    "Worker Number": 1,
                                                    "Actual Startup Time": 266.484,
                                                    "Actual Total Time": 266.485,
                                                    "Actual Rows": 327305,
                                                    "Actual Loops": 1
                                                },
                                                {
                                                    "Worker Number": 2,
                                                    "Actual Startup Time": 266.503,
                                                    "Actual Total Time": 266.504,
                                                    "Actual Rows": 329028,
                                                    "Actual Loops": 1
                                                },
                                                {
                                                    "Worker Number": 3,
                                                    "Actual Startup Time": 266.565,
                                                    "Actual Total Time": 266.567,
                                                    "Actual Rows": 328377,
                                                    "Actual Loops": 1
                                                },
                                                {
                                                    "Worker Number": 4,
                                                    "Actual Startup Time": 266.651,
                                                    "Actual Total Time": 266.652,
                                                    "Actual Rows": 322984,
                                                    "Actual Loops": 1
                                                },
                                                {
                                                    "Worker Number": 5,
                                                    "Actual Startup Time": 266.539,
                                                    "Actual Total Time": 266.54,
                                                    "Actual Rows": 320252,
                                                    "Actual Loops": 1
                                                }
                                            ],
                                            "Plans": [
                                                {
                                                    "Node Type": "Seq Scan",
                                                    "Parent Relationship": "Outer",
                                                    "Parallel Aware": true,
                                                    "Relation Name": "title",
                                                    "Schema": "public",
                                                    "Alias": "t",
                                                    "Startup Cost": 0.0,
                                                    "Total Cost": 42318.81,
                                                    "Plan Rows": 632080,
                                                    "Plan Width": 4,
                                                    "Actual Startup Time": 0.048,
                                                    "Actual Total Time": 81.255,
                                                    "Actual Rows": 361187,
                                                    "Actual Loops": 7,
                                                    "Output": [
                                                        "t.id"
                                                    ],
                                                    "Workers": [
                                                        {
                                                            "Worker Number": 0,
                                                            "Actual Startup Time": 0.065,
                                                            "Actual Total Time": 83.803,
                                                            "Actual Rows": 323636,
                                                            "Actual Loops": 1
                                                        },
                                                        {
                                                            "Worker Number": 1,
                                                            "Actual Startup Time": 0.043,
                                                            "Actual Total Time": 84.914,
                                                            "Actual Rows": 327305,
                                                            "Actual Loops": 1
                                                        },
                                                        {
                                                            "Worker Number": 2,
                                                            "Actual Startup Time": 0.063,
                                                            "Actual Total Time": 84.505,
                                                            "Actual Rows": 329028,
                                                            "Actual Loops": 1
                                                        },
                                                        {
                                                            "Worker Number": 3,
                                                            "Actual Startup Time": 0.056,
                                                            "Actual Total Time": 85.087,
                                                            "Actual Rows": 328377,
                                                            "Actual Loops": 1
                                                        },
                                                        {
                                                            "Worker Number": 4,
                                                            "Actual Startup Time": 0.045,
                                                            "Actual Total Time": 83.892,
                                                            "Actual Rows": 322984,
                                                            "Actual Loops": 1
                                                        },
                                                        {
                                                            "Worker Number": 5,
                                                            "Actual Startup Time": 0.053,
                                                            "Actual Total Time": 83.512,
                                                            "Actual Rows": 320252,
                                                            "Actual Loops": 1
                                                        }
                                                    ]
                                                }
                                            ]
                                        }
                                    ]
                                }
                            ]
                        }
                    ]
                }
            ]
        },
        "Planning Time": 179.77,
        "Triggers": [],
        "Execution Time": 1494.809
    }
]