[
    {
        "Bao": {
            "Bao prediction": "NaN",
            "Bao recommended hint": "(no hint)"
        }
    },
    {
        "Plan": {
            "Node Type": "Aggregate",
            "Strategy": "Plain",
            "Partial Mode": "Simple",
            "Parallel Aware": false,
            "Startup Cost": 13438.38,
            "Total Cost": 13438.39,
            "Plan Rows": 1,
            "Plan Width": 8,
            "Actual Startup Time": 7.634,
            "Actual Total Time": 7.637,
            "Actual Rows": 1,
            "Actual Loops": 1,
            "Output": [
                "count(*)"
            ],
            "Plans": [
                {
                    "Node Type": "Bitmap Heap Scan",
                    "Parent Relationship": "Outer",
                    "Parallel Aware": false,
                    "Relation Name": "movie_keyword",
                    "Schema": "public",
                    "Alias": "mk",
                    "Startup Cost": 119.68,
                    "Total Cost": 13424.43,
                    "Plan Rows": 5580,
                    "Plan Width": 0,
                    "Actual Startup Time": 1.391,
                    "Actual Total Time": 7.144,
                    "Actual Rows": 4057,
                    "Actual Loops": 1,
                    "Recheck Cond": "(mk.keyword_id = 2862)",
                    "Rows Removed by Index Recheck": 0,
                    "Exact Heap Blocks": 2104,
                    "Lossy Heap Blocks": 0,
                    "Plans": [
                        {
                            "Node Type": "Bitmap Index Scan",
                            "Parent Relationship": "Outer",
                            "Parallel Aware": false,
                            "Index Name": "keyword_id_movie_keyword",
                            "Startup Cost": 0.0,
                            "Total Cost": 118.28,
                            "Plan Rows": 5580,
                            "Plan Width": 0,
                            "Actual Startup Time": 0.885,
                            "Actual Total Time": 0.885,
                            "Actual Rows": 4057,
                            "Actual Loops": 1,
                            "Index Cond": "(mk.keyword_id = 2862)"
                        }
                    ]
                }
            ]
        },
        "Planning Time": 193.196,
        "Triggers": [],
        "Execution Time": 7.706
    }
]