[
    {
        "Bao": {
            "Bao prediction": "NaN",
            "Bao recommended hint": "(no hint)"
        }
    },
    {
        "Plan": {
            "Node Type": "Aggregate",
            "Strategy": "Plain",
            "Partial Mode": "Finalize",
            "Parallel Aware": false,
            "Startup Cost": 24932.35,
            "Total Cost": 24932.36,
            "Plan Rows": 1,
            "Plan Width": 8,
            "Actual Startup Time": 43.452,
            "Actual Total Time": 47.299,
            "Actual Rows": 1,
            "Actual Loops": 1,
            "Output": [
                "count(*)"
            ],
            "Plans": [
                {
                    "Node Type": "Gather",
                    "Parent Relationship": "Outer",
                    "Parallel Aware": false,
                    "Startup Cost": 24932.03,
                    "Total Cost": 24932.34,
                    "Plan Rows": 3,
                    "Plan Width": 8,
                    "Actual Startup Time": 43.303,
                    "Actual Total Time": 47.292,
                    "Actual Rows": 4,
                    "Actual Loops": 1,
                    "Output": [
                        "(PARTIAL count(*))"
                    ],
                    "Workers Planned": 3,
                    "Workers Launched": 3,
                    "Single Copy": false,
                    "Plans": [
                        {
                            "Node Type": "Aggregate",
                            "Strategy": "Plain",
                            "Partial Mode": "Partial",
                            "Parent Relationship": "Outer",
                            "Parallel Aware": false,
                            "Startup Cost": 23932.03,
                            "Total Cost": 23932.04,
                            "Plan Rows": 1,
                            "Plan Width": 8,
                            "Actual Startup Time": 34.847,
                            "Actual Total Time": 34.848,
                            "Actual Rows": 1,
                            "Actual Loops": 4,
                            "Output": [
                                "PARTIAL count(*)"
                            ],
                            "Workers": [
                                {
                                    "Worker Number": 0,
                                    "Actual Startup Time": 31.929,
                                    "Actual Total Time": 31.93,
                                    "Actual Rows": 1,
                                    "Actual Loops": 1
                                },
                                {
                                    "Worker Number": 1,
                                    "Actual Startup Time": 32.058,
                                    "Actual Total Time": 32.059,
                                    "Actual Rows": 1,
                                    "Actual Loops": 1
                                },
                                {
                                    "Worker Number": 2,
                                    "Actual Startup Time": 32.48,
                                    "Actual Total Time": 32.481,
                                    "Actual Rows": 1,
                                    "Actual Loops": 1
                                }
                            ],
                            "Plans": [
                                {
                                    "Node Type": "Bitmap Heap Scan",
                                    "Parent Relationship": "Outer",
                                    "Parallel Aware": true,
                                    "Relation Name": "movie_companies",
                                    "Schema": "public",
                                    "Alias": "mc",
                                    "Startup Cost": 4135.22,
                                    "Total Cost": 23853.18,
                                    "Plan Rows": 31540,
                                    "Plan Width": 0,
                                    "Actual Startup Time": 4.142,
                                    "Actual Total Time": 31.104,
                                    "Actual Rows": 48695,
                                    "Actual Loops": 4,
                                    "Recheck Cond": "(mc.company_id > 115132)",
                                    "Rows Removed by Index Recheck": 0,
                                    "Filter": "(mc.company_type_id = 2)",
                                    "Rows Removed by Filter": 0,
                                    "Exact Heap Blocks": 2326,
                                    "Lossy Heap Blocks": 0,
                                    "Workers": [
                                        {
                                            "Worker Number": 0,
                                            "Actual Startup Time": 1.262,
                                            "Actual Total Time": 28.493,
                                            "Actual Rows": 30901,
                                            "Actual Loops": 1
                                        },
                                        {
                                            "Worker Number": 1,
                                            "Actual Startup Time": 1.559,
                                            "Actual Total Time": 28.775,
                                            "Actual Rows": 29295,
                                            "Actual Loops": 1
                                        },
                                        {
                                            "Worker Number": 2,
                                            "Actual Startup Time": 1.805,
                                            "Actual Total Time": 28.947,
                                            "Actual Rows": 29993,
                                            "Actual Loops": 1
                                        }
                                    ],
                                    "Plans": [
                                        {
                                            "Node Type": "Bitmap Index Scan",
                                            "Parent Relationship": "Outer",
                                            "Parallel Aware": false,
                                            "Index Name": "company_id_movie_companies",
                                            "Startup Cost": 0.0,
                                            "Total Cost": 4110.77,
                                            "Plan Rows": 191779,
                                            "Plan Width": 0,
                                            "Actual Startup Time": 10.969,
                                            "Actual Total Time": 10.969,
                                            "Actual Rows": 194781,
                                            "Actual Loops": 1,
                                            "Index Cond": "(mc.company_id > 115132)"
                                        }
                                    ]
                                }
                            ]
                        }
                    ]
                }
            ]
        },
        "Planning Time": 208.904,
        "Triggers": [],
        "Execution Time": 47.403
    }
]