[
  {
    "Plan": {
      "Node Type": "Aggregate",
      "Strategy": "Plain",
      "Partial Mode": "Finalize",
      "Parallel Aware": false,
      "Startup Cost": 53639.79,
      "Total Cost": 53639.8,
      "Plan Rows": 1,
      "Plan Width": 8,
      "Actual Startup Time": 44.184,
      "Actual Total Time": 48.842,
      "Actual Rows": 1,
      "Actual Loops": 1,
      "Plans": [
        {
          "Node Type": "Gather",
          "Parent Relationship": "Outer",
          "Parallel Aware": false,
          "Startup Cost": 53639.48,
          "Total Cost": 53639.79,
          "Plan Rows": 3,
          "Plan Width": 8,
          "Actual Startup Time": 43.71,
          "Actual Total Time": 48.833,
          "Actual Rows": 4,
          "Actual Loops": 1,
          "Workers Planned": 3,
          "Workers Launched": 3,
          "Single Copy": false,
          "Plans": [
            {
              "Node Type": "Aggregate",
              "Strategy": "Plain",
              "Partial Mode": "Partial",
              "Parent Relationship": "Outer",
              "Parallel Aware": false,
              "Startup Cost": 52639.48,
              "Total Cost": 52639.49,
              "Plan Rows": 1,
              "Plan Width": 8,
              "Actual Startup Time": 34.299,
              "Actual Total Time": 34.302,
              "Actual Rows": 1,
              "Actual Loops": 4,
              "Plans": [
                {
                  "Node Type": "Nested Loop",
                  "Parent Relationship": "Outer",
                  "Parallel Aware": false,
                  "Join Type": "Inner",
                  "Startup Cost": 385.44,
                  "Total Cost": 52638.69,
                  "Plan Rows": 313,
                  "Plan Width": 0,
                  "Actual Startup Time": 34.279,
                  "Actual Total Time": 34.297,
                  "Actual Rows": 1,
                  "Actual Loops": 4,
                  "Inner Unique": false,
                  "Plans": [
                    {
                      "Node Type": "Nested Loop",
                      "Parent Relationship": "Outer",
                      "Parallel Aware": false,
                      "Join Type": "Inner",
                      "Startup Cost": 385.01,
                      "Total Cost": 51936.6,
                      "Plan Rows": 175,
                      "Plan Width": 8,
                      "Actual Startup Time": 34.275,
                      "Actual Total Time": 34.291,
                      "Actual Rows": 0,
                      "Actual Loops": 4,
                      "Inner Unique": true,
                      "Plans": [
                        {
                          "Node Type": "Bitmap Heap Scan",
                          "Parent Relationship": "Outer",
                          "Parallel Aware": true,
                          "Relation Name": "movie_companies",
                          "Alias": "mc",
                          "Startup Cost": 384.58,
                          "Total Cost": 19674.73,
                          "Plan Rows": 5667,
                          "Plan Width": 4,
                          "Actual Startup Time": 1.63,
                          "Actual Total Time": 3.612,
                          "Actual Rows": 4055,
                          "Actual Loops": 4,
                          "Recheck Cond": "(company_id = 166)",
                          "Rows Removed by Index Recheck": 0,
                          "Exact Heap Blocks": 322,
                          "Lossy Heap Blocks": 0,
                          "Plans": [
                            {
                              "Node Type": "Bitmap Index Scan",
                              "Parent Relationship": "Outer",
                              "Parallel Aware": false,
                              "Index Name": "company_id_movie_companies",
                              "Startup Cost": 0.0,
                              "Total Cost": 380.19,
                              "Plan Rows": 17568,
                              "Plan Width": 0,
                              "Actual Startup Time": 5.852,
                              "Actual Total Time": 5.853,
                              "Actual Rows": 16220,
                              "Actual Loops": 1,
                              "Index Cond": "(company_id = 166)"
                            }
                          ]
                        },
                        {
                          "Node Type": "Index Scan",
                          "Parent Relationship": "Inner",
                          "Parallel Aware": false,
                          "Scan Direction": "Forward",
                          "Index Name": "title_pkey",
                          "Relation Name": "title",
                          "Alias": "t",
                          "Startup Cost": 0.43,
                          "Total Cost": 5.69,
                          "Plan Rows": 1,
                          "Plan Width": 4,
                          "Actual Startup Time": 0.007,
                          "Actual Total Time": 0.007,
                          "Actual Rows": 0,
                          "Actual Loops": 16220,
                          "Index Cond": "(id = mc.movie_id)",
                          "Rows Removed by Index Recheck": 0,
                          "Filter": "((production_year > 1995) AND (kind_id = 4))",
                          "Rows Removed by Filter": 1
                        }
                      ]
                    },
                    {
                      "Node Type": "Index Only Scan",
                      "Parent Relationship": "Inner",
                      "Parallel Aware": false,
                      "Scan Direction": "Forward",
                      "Index Name": "movie_id_movie_keyword",
                      "Relation Name": "movie_keyword",
                      "Alias": "mk",
                      "Startup Cost": 0.43,
                      "Total Cost": 3.56,
                      "Plan Rows": 45,
                      "Plan Width": 4,
                      "Actual Startup Time": 0.013,
                      "Actual Total Time": 0.014,
                      "Actual Rows": 5,
                      "Actual Loops": 1,
                      "Index Cond": "(movie_id = t.id)",
                      "Rows Removed by Index Recheck": 0,
                      "Heap Fetches": 5
                    }
                  ]
                }
              ]
            }
          ]
        }
      ]
    },
    "Planning Time": 1.423,
    "Triggers": [],
    "Execution Time": 48.938
  }
]