[
  {
    "Plan": {
      "Node Type": "Aggregate",
      "Strategy": "Plain",
      "Partial Mode": "Finalize",
      "Parallel Aware": false,
      "Startup Cost": 259221.76,
      "Total Cost": 259221.77,
      "Plan Rows": 1,
      "Plan Width": 8,
      "Actual Startup Time": 428.591,
      "Actual Total Time": 439.127,
      "Actual Rows": 1,
      "Actual Loops": 1,
      "Plans": [
        {
          "Node Type": "Gather",
          "Parent Relationship": "Outer",
          "Parallel Aware": false,
          "Startup Cost": 259221.23,
          "Total Cost": 259221.74,
          "Plan Rows": 5,
          "Plan Width": 8,
          "Actual Startup Time": 417.021,
          "Actual Total Time": 439.117,
          "Actual Rows": 6,
          "Actual Loops": 1,
          "Workers Planned": 5,
          "Workers Launched": 5,
          "Single Copy": false,
          "Plans": [
            {
              "Node Type": "Aggregate",
              "Strategy": "Plain",
              "Partial Mode": "Partial",
              "Parent Relationship": "Outer",
              "Parallel Aware": false,
              "Startup Cost": 258221.23,
              "Total Cost": 258221.24,
              "Plan Rows": 1,
              "Plan Width": 8,
              "Actual Startup Time": 411.572,
              "Actual Total Time": 411.657,
              "Actual Rows": 1,
              "Actual Loops": 6,
              "Plans": [
                {
                  "Node Type": "Hash Join",
                  "Parent Relationship": "Outer",
                  "Parallel Aware": true,
                  "Join Type": "Inner",
                  "Startup Cost": 93599.42,
                  "Total Cost": 258124.06,
                  "Plan Rows": 38868,
                  "Plan Width": 0,
                  "Actual Startup Time": 339.433,
                  "Actual Total Time": 407.358,
                  "Actual Rows": 75178,
                  "Actual Loops": 6,
                  "Inner Unique": false,
                  "Hash Cond": "(mi.movie_id = t.id)",
                  "Plans": [
                    {
                      "Node Type": "Bitmap Heap Scan",
                      "Parent Relationship": "Outer",
                      "Parallel Aware": true,
                      "Relation Name": "movie_info",
                      "Alias": "mi",
                      "Startup Cost": 13585.73,
                      "Total Cost": 177451.4,
                      "Plan Rows": 149814,
                      "Plan Width": 4,
                      "Actual Startup Time": 31.376,
                      "Actual Total Time": 51.138,
                      "Actual Rows": 133690,
                      "Actual Loops": 6,
                      "Recheck Cond": "(info_type_id < 2)",
                      "Rows Removed by Index Recheck": 0,
                      "Exact Heap Blocks": 867,
                      "Lossy Heap Blocks": 0,
                      "Plans": [
                        {
                          "Node Type": "Bitmap Index Scan",
                          "Parent Relationship": "Outer",
                          "Parallel Aware": false,
                          "Index Name": "info_type_id_movie_info",
                          "Startup Cost": 0.0,
                          "Total Cost": 13398.46,
                          "Plan Rows": 749070,
                          "Plan Width": 0,
                          "Actual Startup Time": 30.57,
                          "Actual Total Time": 30.571,
                          "Actual Rows": 802140,
                          "Actual Loops": 1,
                          "Index Cond": "(info_type_id < 2)"
                        }
                      ]
                    },
                    {
                      "Node Type": "Hash",
                      "Parent Relationship": "Inner",
                      "Parallel Aware": true,
                      "Startup Cost": 77963.84,
                      "Total Cost": 77963.84,
                      "Plan Rows": 163988,
                      "Plan Width": 8,
                      "Actual Startup Time": 306.344,
                      "Actual Total Time": 306.427,
                      "Actual Rows": 109034,
                      "Actual Loops": 6,
                      "Hash Buckets": 1048576,
                      "Original Hash Buckets": 1048576,
                      "Hash Batches": 1,
                      "Original Hash Batches": 1,
                      "Peak Memory Usage": 33888,
                      "Plans": [
                        {
                          "Node Type": "Hash Join",
                          "Parent Relationship": "Outer",
                          "Parallel Aware": true,
                          "Join Type": "Inner",
                          "Startup Cost": 31955.64,
                          "Total Cost": 77963.84,
                          "Plan Rows": 163988,
                          "Plan Width": 8,
                          "Actual Startup Time": 99.868,
                          "Actual Total Time": 267.185,
                          "Actual Rows": 109034,
                          "Actual Loops": 6,
                          "Inner Unique": false,
                          "Hash Cond": "(t.id = mc.movie_id)",
                          "Plans": [
                            {
                              "Node Type": "Seq Scan",
                              "Parent Relationship": "Outer",
                              "Parallel Aware": true,
                              "Relation Name": "title",
                              "Alias": "t",
                              "Startup Cost": 0.0,
                              "Total Cost": 42318.81,
                              "Plan Rows": 632080,
                              "Plan Width": 4,
                              "Actual Startup Time": 0.009,
                              "Actual Total Time": 56.592,
                              "Actual Rows": 421385,
                              "Actual Loops": 6
                            },
                            {
                              "Node Type": "Hash",
                              "Parent Relationship": "Inner",
                              "Parallel Aware": true,
                              "Startup Cost": 29310.68,
                              "Total Cost": 29310.68,
                              "Plan Rows": 211597,
                              "Plan Width": 4,
                              "Actual Startup Time": 98.695,
                              "Actual Total Time": 98.696,
                              "Actual Rows": 109034,
                              "Actual Loops": 6,
                              "Hash Buckets": 1048576,
                              "Original Hash Buckets": 1048576,
                              "Hash Batches": 1,
                              "Original Hash Batches": 1,
                              "Peak Memory Usage": 33888,
                              "Plans": [
                                {
                                  "Node Type": "Seq Scan",
                                  "Parent Relationship": "Outer",
                                  "Parallel Aware": true,
                                  "Relation Name": "movie_companies",
                                  "Alias": "mc",
                                  "Startup Cost": 0.0,
                                  "Total Cost": 29310.68,
                                  "Plan Rows": 211597,
                                  "Plan Width": 4,
                                  "Actual Startup Time": 22.569,
                                  "Actual Total Time": 57.599,
                                  "Actual Rows": 109034,
                                  "Actual Loops": 6,
                                  "Filter": "(company_id > 53831)",
                                  "Rows Removed by Filter": 325820
                                }
                              ]
                            }
                          ]
                        }
                      ]
                    }
                  ]
                }
              ]
            }
          ]
        }
      ]
    },
    "Planning Time": 0.556,
    "Triggers": [],
    "Execution Time": 439.177
  }
]