[
  {
    "Plan": {
      "Node Type": "Aggregate",
      "Strategy": "Plain",
      "Partial Mode": "Finalize",
      "Parallel Aware": false,
      "Startup Cost": 51280.12,
      "Total Cost": 51280.13,
      "Plan Rows": 1,
      "Plan Width": 8,
      "Actual Startup Time": 99.394,
      "Actual Total Time": 111.087,
      "Actual Rows": 1,
      "Actual Loops": 1,
      "Plans": [
        {
          "Node Type": "Gather",
          "Parent Relationship": "Outer",
          "Parallel Aware": false,
          "Startup Cost": 51279.7,
          "Total Cost": 51280.11,
          "Plan Rows": 4,
          "Plan Width": 8,
          "Actual Startup Time": 99.265,
          "Actual Total Time": 111.079,
          "Actual Rows": 5,
          "Actual Loops": 1,
          "Workers Planned": 4,
          "Workers Launched": 4,
          "Single Copy": false,
          "Plans": [
            {
              "Node Type": "Aggregate",
              "Strategy": "Plain",
              "Partial Mode": "Partial",
              "Parent Relationship": "Outer",
              "Parallel Aware": false,
              "Startup Cost": 50279.7,
              "Total Cost": 50279.71,
              "Plan Rows": 1,
              "Plan Width": 8,
              "Actual Startup Time": 89.539,
              "Actual Total Time": 89.54,
              "Actual Rows": 1,
              "Actual Loops": 5,
              "Plans": [
                {
                  "Node Type": "Nested Loop",
                  "Parent Relationship": "Outer",
                  "Parallel Aware": false,
                  "Join Type": "Inner",
                  "Startup Cost": 0.43,
                  "Total Cost": 50277.41,
                  "Plan Rows": 916,
                  "Plan Width": 0,
                  "Actual Startup Time": 69.659,
                  "Actual Total Time": 89.531,
                  "Actual Rows": 9,
                  "Actual Loops": 5,
                  "Inner Unique": false,
                  "Plans": [
                    {
                      "Node Type": "Seq Scan",
                      "Parent Relationship": "Outer",
                      "Parallel Aware": true,
                      "Relation Name": "title",
                      "Alias": "t",
                      "Startup Cost": 0.0,
                      "Total Cost": 45479.1,
                      "Plan Rows": 512,
                      "Plan Width": 4,
                      "Actual Startup Time": 2.68,
                      "Actual Total Time": 88.629,
                      "Actual Rows": 42,
                      "Actual Loops": 5,
                      "Filter": "((kind_id > 2) AND (production_year > 2013))",
                      "Rows Removed by Filter": 505620
                    },
                    {
                      "Node Type": "Index Only Scan",
                      "Parent Relationship": "Inner",
                      "Parallel Aware": false,
                      "Scan Direction": "Forward",
                      "Index Name": "movie_id_movie_keyword",
                      "Relation Name": "movie_keyword",
                      "Alias": "mk",
                      "Startup Cost": 0.43,
                      "Total Cost": 8.92,
                      "Plan Rows": 45,
                      "Plan Width": 4,
                      "Actual Startup Time": 0.02,
                      "Actual Total Time": 0.02,
                      "Actual Rows": 0,
                      "Actual Loops": 212,
                      "Index Cond": "(movie_id = t.id)",
                      "Rows Removed by Index Recheck": 0,
                      "Heap Fetches": 45
                    }
                  ]
                }
              ]
            }
          ]
        }
      ]
    },
    "Planning Time": 0.526,
    "Triggers": [],
    "Execution Time": 111.153
  }
]