[
  {
    "Plan": {
      "Node Type": "Aggregate",
      "Strategy": "Plain",
      "Partial Mode": "Finalize",
      "Parallel Aware": false,
      "Startup Cost": 74635.83,
      "Total Cost": 74635.84,
      "Plan Rows": 1,
      "Plan Width": 8,
      "Actual Startup Time": 218.811,
      "Actual Total Time": 235.036,
      "Actual Rows": 1,
      "Actual Loops": 1,
      "Plans": [
        {
          "Node Type": "Gather",
          "Parent Relationship": "Outer",
          "Parallel Aware": false,
          "Startup Cost": 74635.41,
          "Total Cost": 74635.82,
          "Plan Rows": 4,
          "Plan Width": 8,
          "Actual Startup Time": 217.745,
          "Actual Total Time": 235.026,
          "Actual Rows": 5,
          "Actual Loops": 1,
          "Workers Planned": 4,
          "Workers Launched": 4,
          "Single Copy": false,
          "Plans": [
            {
              "Node Type": "Aggregate",
              "Strategy": "Plain",
              "Partial Mode": "Partial",
              "Parent Relationship": "Outer",
              "Parallel Aware": false,
              "Startup Cost": 73635.41,
              "Total Cost": 73635.42,
              "Plan Rows": 1,
              "Plan Width": 8,
              "Actual Startup Time": 207.779,
              "Actual Total Time": 207.782,
              "Actual Rows": 1,
              "Actual Loops": 5,
              "Plans": [
                {
                  "Node Type": "Hash Join",
                  "Parent Relationship": "Outer",
                  "Parallel Aware": true,
                  "Join Type": "Inner",
                  "Startup Cost": 27172.7,
                  "Total Cost": 73564.34,
                  "Plan Rows": 28428,
                  "Plan Width": 0,
                  "Actual Startup Time": 85.578,
                  "Actual Total Time": 206.903,
                  "Actual Rows": 12109,
                  "Actual Loops": 5,
                  "Inner Unique": false,
                  "Hash Cond": "(t.id = mc.movie_id)",
                  "Plans": [
                    {
                      "Node Type": "Seq Scan",
                      "Parent Relationship": "Outer",
                      "Parallel Aware": true,
                      "Relation Name": "title",
                      "Alias": "t",
                      "Startup Cost": 0.0,
                      "Total Cost": 43898.92,
                      "Plan Rows": 480205,
                      "Plan Width": 4,
                      "Actual Startup Time": 0.011,
                      "Actual Total Time": 77.84,
                      "Actual Rows": 384570,
                      "Actual Loops": 5,
                      "Filter": "(production_year < 2010)",
                      "Rows Removed by Filter": 121093
                    },
                    {
                      "Node Type": "Hash",
                      "Parent Relationship": "Inner",
                      "Parallel Aware": true,
                      "Startup Cost": 26569.18,
                      "Total Cost": 26569.18,
                      "Plan Rows": 48282,
                      "Plan Width": 4,
                      "Actual Startup Time": 83.621,
                      "Actual Total Time": 83.622,
                      "Actual Rows": 13699,
                      "Actual Loops": 5,
                      "Hash Buckets": 262144,
                      "Original Hash Buckets": 262144,
                      "Hash Batches": 1,
                      "Original Hash Batches": 1,
                      "Peak Memory Usage": 4800,
                      "Plans": [
                        {
                          "Node Type": "Bitmap Heap Scan",
                          "Parent Relationship": "Outer",
                          "Parallel Aware": true,
                          "Relation Name": "movie_companies",
                          "Alias": "mc",
                          "Startup Cost": 6352.77,
                          "Total Cost": 26569.18,
                          "Plan Rows": 48282,
                          "Plan Width": 4,
                          "Actual Startup Time": 67.136,
                          "Actual Total Time": 79.014,
                          "Actual Rows": 13699,
                          "Actual Loops": 5,
                          "Recheck Cond": "(company_id < 160)",
                          "Rows Removed by Index Recheck": 0,
                          "Filter": "(company_type_id = 2)",
                          "Rows Removed by Filter": 44877,
                          "Exact Heap Blocks": 8433,
                          "Lossy Heap Blocks": 0,
                          "Plans": [
                            {
                              "Node Type": "Bitmap Index Scan",
                              "Parent Relationship": "Outer",
                              "Parallel Aware": false,
                              "Index Name": "company_id_movie_companies",
                              "Startup Cost": 0.0,
                              "Total Cost": 6315.35,
                              "Plan Rows": 294790,
                              "Plan Width": 0,
                              "Actual Startup Time": 31.172,
                              "Actual Total Time": 31.173,
                              "Actual Rows": 292877,
                              "Actual Loops": 1,
                              "Index Cond": "(company_id < 160)"
                            }
                          ]
                        }
                      ]
                    }
                  ]
                }
              ]
            }
          ]
        }
      ]
    },
    "Planning Time": 0.693,
    "Triggers": [],
    "Execution Time": 235.14
  }
]