{
  "Plan": {
    "Node Type": "Aggregate",
    "Strategy": "Plain",
    "Partial Mode": "Finalize",
    "Parallel Aware": false,
    "Startup Cost": 127487.41,
    "Total Cost": 127487.42,
    "Plan Rows": 1,
    "Plan Width": 8,
    "Actual Startup Time": 568.653,
    "Actual Total Time": 585.791,
    "Actual Rows": 1,
    "Actual Loops": 1,
    "Plans": [
      {
        "Node Type": "Gather",
        "Parent Relationship": "Outer",
        "Parallel Aware": false,
        "Startup Cost": 127487.3,
        "Total Cost": 127487.41,
        "Plan Rows": 1,
        "Plan Width": 8,
        "Actual Startup Time": 566.776,
        "Actual Total Time": 585.783,
        "Actual Rows": 2,
        "Actual Loops": 1,
        "Workers Planned": 1,
        "Workers Launched": 1,
        "Single Copy": false,
        "Plans": [
          {
            "Node Type": "Aggregate",
            "Strategy": "Plain",
            "Partial Mode": "Partial",
            "Parent Relationship": "Outer",
            "Parallel Aware": false,
            "Startup Cost": 126487.3,
            "Total Cost": 126487.31,
            "Plan Rows": 1,
            "Plan Width": 8,
            "Actual Startup Time": 562.492,
            "Actual Total Time": 562.496,
            "Actual Rows": 1,
            "Actual Loops": 2,
            "Plans": [
              {
                "Node Type": "Hash Join",
                "Parent Relationship": "Outer",
                "Parallel Aware": true,
                "Join Type": "Inner",
                "Startup Cost": 64507.37,
                "Total Cost": 125459.86,
                "Plan Rows": 410976,
                "Plan Width": 0,
                "Actual Startup Time": 271.769,
                "Actual Total Time": 559.082,
                "Actual Rows": 88358,
                "Actual Loops": 2,
                "Inner Unique": true,
                "Hash Cond": "(mk.movie_id = t.id)",
                "Plans": [
                  {
                    "Node Type": "Seq Scan",
                    "Parent Relationship": "Outer",
                    "Parallel Aware": true,
                    "Relation Name": "movie_keyword",
                    "Alias": "mk",
                    "Startup Cost": 0.0,
                    "Total Cost": 57718.19,
                    "Plan Rows": 1232114,
                    "Plan Width": 4,
                    "Actual Startup Time": 0.498,
                    "Actual Total Time": 175.179,
                    "Actual Rows": 1046193,
                    "Actual Loops": 2,
                    "Filter": "(keyword_id > 5761)",
                    "Rows Removed by Filter": 1215772
                  },
                  {
                    "Node Type": "Hash",
                    "Parent Relationship": "Inner",
                    "Parallel Aware": true,
                    "Startup Cost": 58306.47,
                    "Total Cost": 58306.47,
                    "Plan Rows": 496072,
                    "Plan Width": 4,
                    "Actual Startup Time": 263.688,
                    "Actual Total Time": 263.689,
                    "Actual Rows": 460822,
                    "Actual Loops": 2,
                    "Hash Buckets": 1048576,
                    "Original Hash Buckets": 1048576,
                    "Hash Batches": 1,
                    "Original Hash Batches": 1,
                    "Peak Memory Usage": 44256,
                    "Plans": [
                      {
                        "Node Type": "Seq Scan",
                        "Parent Relationship": "Outer",
                        "Parallel Aware": true,
                        "Relation Name": "title",
                        "Alias": "t",
                        "Startup Cost": 0.0,
                        "Total Cost": 58306.47,
                        "Plan Rows": 496072,
                        "Plan Width": 4,
                        "Actual Startup Time": 0.028,
                        "Actual Total Time": 157.206,
                        "Actual Rows": 460822,
                        "Actual Loops": 2,
                        "Filter": "((production_year > 2000) AND (kind_id = 7))",
                        "Rows Removed by Filter": 803334
                      }
                    ]
                  }
                ]
              }
            ]
          }
        ]
      }
    ]
  },
  "Planning Time": 0.489,
  "Triggers": [],
  "Execution Time": 585.848
}