[
    {
        "Bao": {
            "Bao prediction": "NaN",
            "Bao recommended hint": "(no hint)"
        }
    },
    {
        "Plan": {
            "Node Type": "Aggregate",
            "Strategy": "Plain",
            "Partial Mode": "Finalize",
            "Parallel Aware": false,
            "Startup Cost": 41753.73,
            "Total Cost": 41753.74,
            "Plan Rows": 1,
            "Plan Width": 8,
            "Actual Startup Time": 125.243,
            "Actual Total Time": 131.285,
            "Actual Rows": 1,
            "Actual Loops": 1,
            "Output": [
                "count(*)"
            ],
            "Plans": [
                {
                    "Node Type": "Gather",
                    "Parent Relationship": "Outer",
                    "Parallel Aware": false,
                    "Startup Cost": 41753.41,
                    "Total Cost": 41753.72,
                    "Plan Rows": 3,
                    "Plan Width": 8,
                    "Actual Startup Time": 124.984,
                    "Actual Total Time": 131.277,
                    "Actual Rows": 4,
                    "Actual Loops": 1,
                    "Output": [
                        "(PARTIAL count(*))"
                    ],
                    "Workers Planned": 3,
                    "Workers Launched": 3,
                    "Single Copy": false,
                    "Plans": [
                        {
                            "Node Type": "Aggregate",
                            "Strategy": "Plain",
                            "Partial Mode": "Partial",
                            "Parent Relationship": "Outer",
                            "Parallel Aware": false,
                            "Startup Cost": 40753.41,
                            "Total Cost": 40753.42,
                            "Plan Rows": 1,
                            "Plan Width": 8,
                            "Actual Startup Time": 116.418,
                            "Actual Total Time": 116.42,
                            "Actual Rows": 1,
                            "Actual Loops": 4,
                            "Output": [
                                "PARTIAL count(*)"
                            ],
                            "Workers": [
                                {
                                    "Worker Number": 0,
                                    "Actual Startup Time": 113.519,
                                    "Actual Total Time": 113.52,
                                    "Actual Rows": 1,
                                    "Actual Loops": 1
                                },
                                {
                                    "Worker Number": 1,
                                    "Actual Startup Time": 113.611,
                                    "Actual Total Time": 113.613,
                                    "Actual Rows": 1,
                                    "Actual Loops": 1
                                },
                                {
                                    "Worker Number": 2,
                                    "Actual Startup Time": 113.853,
                                    "Actual Total Time": 113.855,
                                    "Actual Rows": 1,
                                    "Actual Loops": 1
                                }
                            ],
                            "Plans": [
                                {
                                    "Node Type": "Bitmap Heap Scan",
                                    "Parent Relationship": "Outer",
                                    "Parallel Aware": true,
                                    "Relation Name": "movie_keyword",
                                    "Schema": "public",
                                    "Alias": "mk",
                                    "Startup Cost": 13272.51,
                                    "Total Cost": 40248.93,
                                    "Plan Rows": 201793,
                                    "Plan Width": 0,
                                    "Actual Startup Time": 29.023,
                                    "Actual Total Time": 107.53,
                                    "Actual Rows": 156020,
                                    "Actual Loops": 4,
                                    "Recheck Cond": "(mk.keyword_id < 482)",
                                    "Rows Removed by Index Recheck": 0,
                                    "Exact Heap Blocks": 10614,
                                    "Lossy Heap Blocks": 0,
                                    "Workers": [
                                        {
                                            "Worker Number": 0,
                                            "Actual Startup Time": 26.258,
                                            "Actual Total Time": 105.353,
                                            "Actual Rows": 93612,
                                            "Actual Loops": 1
                                        },
                                        {
                                            "Worker Number": 1,
                                            "Actual Startup Time": 26.265,
                                            "Actual Total Time": 105.4,
                                            "Actual Rows": 132189,
                                            "Actual Loops": 1
                                        },
                                        {
                                            "Worker Number": 2,
                                            "Actual Startup Time": 26.503,
                                            "Actual Total Time": 105.991,
                                            "Actual Rows": 128434,
                                            "Actual Loops": 1
                                        }
                                    ],
                                    "Plans": [
                                        {
                                            "Node Type": "Bitmap Index Scan",
                                            "Parent Relationship": "Outer",
                                            "Parallel Aware": false,
                                            "Index Name": "keyword_id_movie_keyword",
                                            "Startup Cost": 0.0,
                                            "Total Cost": 13116.13,
                                            "Plan Rows": 625559,
                                            "Plan Width": 0,
                                            "Actual Startup Time": 33.536,
                                            "Actual Total Time": 33.537,
                                            "Actual Rows": 624081,
                                            "Actual Loops": 1,
                                            "Index Cond": "(mk.keyword_id < 482)"
                                        }
                                    ]
                                }
                            ]
                        }
                    ]
                }
            ]
        },
        "Planning Time": 181.813,
        "Triggers": [],
        "Execution Time": 131.341
    }
]