{
  "Plan": {
    "Node Type": "Aggregate",
    "Strategy": "Plain",
    "Partial Mode": "Finalize",
    "Parallel Aware": false,
    "Startup Cost": 106129.48,
    "Total Cost": 106129.49,
    "Plan Rows": 1,
    "Plan Width": 8,
    "Actual Startup Time": 298.574,
    "Actual Total Time": 312.831,
    "Actual Rows": 1,
    "Actual Loops": 1,
    "Plans": [
      {
        "Node Type": "Gather",
        "Parent Relationship": "Outer",
        "Parallel Aware": false,
        "Startup Cost": 106129.37,
        "Total Cost": 106129.48,
        "Plan Rows": 1,
        "Plan Width": 8,
        "Actual Startup Time": 298.358,
        "Actual Total Time": 312.823,
        "Actual Rows": 2,
        "Actual Loops": 1,
        "Workers Planned": 1,
        "Workers Launched": 1,
        "Single Copy": false,
        "Plans": [
          {
            "Node Type": "Aggregate",
            "Strategy": "Plain",
            "Partial Mode": "Partial",
            "Parent Relationship": "Outer",
            "Parallel Aware": false,
            "Startup Cost": 105129.37,
            "Total Cost": 105129.38,
            "Plan Rows": 1,
            "Plan Width": 8,
            "Actual Startup Time": 292.383,
            "Actual Total Time": 292.387,
            "Actual Rows": 1,
            "Actual Loops": 2,
            "Plans": [
              {
                "Node Type": "Hash Join",
                "Parent Relationship": "Outer",
                "Parallel Aware": true,
                "Join Type": "Inner",
                "Startup Cost": 74114.39,
                "Total Cost": 105118.31,
                "Plan Rows": 4426,
                "Plan Width": 0,
                "Actual Startup Time": 178.489,
                "Actual Total Time": 292.168,
                "Actual Rows": 2579,
                "Actual Loops": 2,
                "Inner Unique": true,
                "Hash Cond": "(mk.movie_id = t.id)",
                "Plans": [
                  {
                    "Node Type": "Bitmap Heap Scan",
                    "Parent Relationship": "Outer",
                    "Parallel Aware": true,
                    "Relation Name": "movie_keyword",
                    "Alias": "mk",
                    "Startup Cost": 15617.9,
                    "Total Cost": 45485.05,
                    "Plan Rows": 433052,
                    "Plan Width": 4,
                    "Actual Startup Time": 40.353,
                    "Actual Total Time": 118.65,
                    "Actual Rows": 372378,
                    "Actual Loops": 2,
                    "Recheck Cond": "(keyword_id < 679)",
                    "Rows Removed by Index Recheck": 0,
                    "Exact Heap Blocks": 14707,
                    "Lossy Heap Blocks": 0,
                    "Plans": [
                      {
                        "Node Type": "Bitmap Index Scan",
                        "Parent Relationship": "Outer",
                        "Parallel Aware": false,
                        "Index Name": "keyword_id_movie_keyword",
                        "Startup Cost": 0.0,
                        "Total Cost": 15433.85,
                        "Plan Rows": 736189,
                        "Plan Width": 0,
                        "Actual Startup Time": 36.745,
                        "Actual Total Time": 36.746,
                        "Actual Rows": 744757,
                        "Actual Loops": 1,
                        "Index Cond": "(keyword_id < 679)"
                      }
                    ]
                  },
                  {
                    "Node Type": "Hash",
                    "Parent Relationship": "Inner",
                    "Parallel Aware": true,
                    "Startup Cost": 58306.47,
                    "Total Cost": 58306.47,
                    "Plan Rows": 15202,
                    "Plan Width": 4,
                    "Actual Startup Time": 137.182,
                    "Actual Total Time": 137.183,
                    "Actual Rows": 11854,
                    "Actual Loops": 2,
                    "Hash Buckets": 32768,
                    "Original Hash Buckets": 32768,
                    "Hash Batches": 1,
                    "Original Hash Batches": 1,
                    "Peak Memory Usage": 1216,
                    "Plans": [
                      {
                        "Node Type": "Seq Scan",
                        "Parent Relationship": "Outer",
                        "Parallel Aware": true,
                        "Relation Name": "title",
                        "Alias": "t",
                        "Startup Cost": 0.0,
                        "Total Cost": 58306.47,
                        "Plan Rows": 15202,
                        "Plan Width": 4,
                        "Actual Startup Time": 0.271,
                        "Actual Total Time": 133.927,
                        "Actual Rows": 11854,
                        "Actual Loops": 2,
                        "Filter": "((kind_id < 7) AND (production_year = 2013))",
                        "Rows Removed by Filter": 1252302
                      }
                    ]
                  }
                ]
              }
            ]
          }
        ]
      }
    ]
  },
  "Planning Time": 0.468,
  "Triggers": [],
  "Execution Time": 312.928
}