[
  {
    "Plan": {
      "Node Type": "Aggregate",
      "Strategy": "Plain",
      "Partial Mode": "Finalize",
      "Parallel Aware": false,
      "Startup Cost": 127042.53,
      "Total Cost": 127042.54,
      "Plan Rows": 1,
      "Plan Width": 8,
      "Actual Startup Time": 479.505,
      "Actual Total Time": 501.344,
      "Actual Rows": 1,
      "Actual Loops": 1,
      "Plans": [
        {
          "Node Type": "Gather",
          "Parent Relationship": "Outer",
          "Parallel Aware": false,
          "Startup Cost": 127042.21,
          "Total Cost": 127042.52,
          "Plan Rows": 3,
          "Plan Width": 8,
          "Actual Startup Time": 476.872,
          "Actual Total Time": 501.331,
          "Actual Rows": 4,
          "Actual Loops": 1,
          "Workers Planned": 3,
          "Workers Launched": 3,
          "Single Copy": false,
          "Plans": [
            {
              "Node Type": "Aggregate",
              "Strategy": "Plain",
              "Partial Mode": "Partial",
              "Parent Relationship": "Outer",
              "Parallel Aware": false,
              "Startup Cost": 126042.21,
              "Total Cost": 126042.22,
              "Plan Rows": 1,
              "Plan Width": 8,
              "Actual Startup Time": 472.4,
              "Actual Total Time": 472.416,
              "Actual Rows": 1,
              "Actual Loops": 4,
              "Plans": [
                {
                  "Node Type": "Hash Join",
                  "Parent Relationship": "Outer",
                  "Parallel Aware": true,
                  "Join Type": "Inner",
                  "Startup Cost": 80384.94,
                  "Total Cost": 125888.44,
                  "Plan Rows": 61508,
                  "Plan Width": 0,
                  "Actual Startup Time": 317.946,
                  "Actual Total Time": 471.616,
                  "Actual Rows": 16997,
                  "Actual Loops": 4,
                  "Inner Unique": false,
                  "Hash Cond": "(mk.movie_id = t.id)",
                  "Plans": [
                    {
                      "Node Type": "Seq Scan",
                      "Parent Relationship": "Outer",
                      "Parallel Aware": true,
                      "Relation Name": "movie_keyword",
                      "Alias": "mk",
                      "Startup Cost": 0.0,
                      "Total Cost": 42695.65,
                      "Plan Rows": 695851,
                      "Plan Width": 4,
                      "Actual Startup Time": 0.394,
                      "Actual Total Time": 111.346,
                      "Actual Rows": 535420,
                      "Actual Loops": 4,
                      "Filter": "(keyword_id > 5460)",
                      "Rows Removed by Filter": 595562
                    },
                    {
                      "Node Type": "Hash",
                      "Parent Relationship": "Inner",
                      "Parallel Aware": true,
                      "Startup Cost": 79483.75,
                      "Total Cost": 79483.75,
                      "Plan Rows": 72095,
                      "Plan Width": 8,
                      "Actual Startup Time": 315.598,
                      "Actual Total Time": 315.612,
                      "Actual Rows": 18708,
                      "Actual Loops": 4,
                      "Hash Buckets": 262144,
                      "Original Hash Buckets": 262144,
                      "Hash Batches": 1,
                      "Original Hash Batches": 1,
                      "Peak Memory Usage": 5024,
                      "Plans": [
                        {
                          "Node Type": "Hash Join",
                          "Parent Relationship": "Outer",
                          "Parallel Aware": true,
                          "Join Type": "Inner",
                          "Startup Cost": 47199.54,
                          "Total Cost": 79483.75,
                          "Plan Rows": 72095,
                          "Plan Width": 8,
                          "Actual Startup Time": 222.846,
                          "Actual Total Time": 306.688,
                          "Actual Rows": 18708,
                          "Actual Loops": 4,
                          "Inner Unique": true,
                          "Hash Cond": "(mc.movie_id = t.id)",
                          "Plans": [
                            {
                              "Node Type": "Seq Scan",
                              "Parent Relationship": "Outer",
                              "Parallel Aware": true,
                              "Relation Name": "movie_companies",
                              "Alias": "mc",
                              "Startup Cost": 0.0,
                              "Total Cost": 31414.82,
                              "Plan Rows": 331198,
                              "Plan Width": 4,
                              "Actual Startup Time": 35.117,
                              "Actual Total Time": 73.012,
                              "Actual Rows": 185363,
                              "Actual Loops": 4,
                              "Filter": "((company_id < 69026) AND (company_type_id = 2))",
                              "Rows Removed by Filter": 466920
                            },
                            {
                              "Node Type": "Hash",
                              "Parent Relationship": "Inner",
                              "Parallel Aware": true,
                              "Startup Cost": 45479.59,
                              "Total Cost": 45479.59,
                              "Plan Rows": 137596,
                              "Plan Width": 4,
                              "Actual Startup Time": 184.842,
                              "Actual Total Time": 184.844,
                              "Actual Rows": 150601,
                              "Actual Loops": 4,
                              "Hash Buckets": 1048576,
                              "Original Hash Buckets": 1048576,
                              "Hash Batches": 1,
                              "Original Hash Batches": 1,
                              "Peak Memory Usage": 31840,
                              "Plans": [
                                {
                                  "Node Type": "Seq Scan",
                                  "Parent Relationship": "Outer",
                                  "Parallel Aware": true,
                                  "Relation Name": "title",
                                  "Alias": "t",
                                  "Startup Cost": 0.0,
                                  "Total Cost": 45479.59,
                                  "Plan Rows": 137596,
                                  "Plan Width": 4,
                                  "Actual Startup Time": 0.032,
                                  "Actual Total Time": 115.724,
                                  "Actual Rows": 150601,
                                  "Actual Loops": 4,
                                  "Filter": "((production_year > 2006) AND (kind_id = 7))",
                                  "Rows Removed by Filter": 481477
                                }
                              ]
                            }
                          ]
                        }
                      ]
                    }
                  ]
                }
              ]
            }
          ]
        }
      ]
    },
    "Planning Time": 0.718,
    "Triggers": [],
    "Execution Time": 501.396
  }
]