{
  "Plan": {
    "Node Type": "Aggregate",
    "Strategy": "Plain",
    "Partial Mode": "Finalize",
    "Parallel Aware": false,
    "Startup Cost": 370377.82,
    "Total Cost": 370377.83,
    "Plan Rows": 1,
    "Plan Width": 8,
    "Actual Startup Time": 2874.762,
    "Actual Total Time": 2922.626,
    "Actual Rows": 1,
    "Actual Loops": 1,
    "Plans": [
      {
        "Node Type": "Gather",
        "Parent Relationship": "Outer",
        "Parallel Aware": false,
        "Startup Cost": 370377.7,
        "Total Cost": 370377.81,
        "Plan Rows": 1,
        "Plan Width": 8,
        "Actual Startup Time": 2870.758,
        "Actual Total Time": 2922.617,
        "Actual Rows": 2,
        "Actual Loops": 1,
        "Workers Planned": 1,
        "Workers Launched": 1,
        "Single Copy": false,
        "Plans": [
          {
            "Node Type": "Aggregate",
            "Strategy": "Plain",
            "Partial Mode": "Partial",
            "Parent Relationship": "Outer",
            "Parallel Aware": false,
            "Startup Cost": 369377.7,
            "Total Cost": 369377.71,
            "Plan Rows": 1,
            "Plan Width": 8,
            "Actual Startup Time": 2857.961,
            "Actual Total Time": 2857.966,
            "Actual Rows": 1,
            "Actual Loops": 2,
            "Plans": [
              {
                "Node Type": "Hash Join",
                "Parent Relationship": "Outer",
                "Parallel Aware": true,
                "Join Type": "Inner",
                "Startup Cost": 70721.88,
                "Total Cost": 356725.82,
                "Plan Rows": 5060752,
                "Plan Width": 0,
                "Actual Startup Time": 611.55,
                "Actual Total Time": 2703.739,
                "Actual Rows": 3960632,
                "Actual Loops": 2,
                "Inner Unique": true,
                "Hash Cond": "(mi.movie_id = t.id)",
                "Plans": [
                  {
                    "Node Type": "Seq Scan",
                    "Parent Relationship": "Outer",
                    "Parallel Aware": true,
                    "Relation Name": "movie_info",
                    "Alias": "mi",
                    "Startup Cost": 0.0,
                    "Total Cost": 270696.42,
                    "Plan Rows": 5831431,
                    "Plan Width": 4,
                    "Actual Startup Time": 35.948,
                    "Actual Total Time": 769.663,
                    "Actual Rows": 4955877,
                    "Actual Loops": 2,
                    "Filter": "(info_type_id > 4)",
                    "Rows Removed by Filter": 2461983
                  },
                  {
                    "Node Type": "Hash",
                    "Parent Relationship": "Inner",
                    "Parallel Aware": true,
                    "Startup Cost": 54588.39,
                    "Total Cost": 54588.39,
                    "Plan Rows": 1290679,
                    "Plan Width": 4,
                    "Actual Startup Time": 553.561,
                    "Actual Total Time": 553.562,
                    "Actual Rows": 1091158,
                    "Actual Loops": 2,
                    "Hash Buckets": 4194304,
                    "Original Hash Buckets": 4194304,
                    "Hash Batches": 1,
                    "Original Hash Batches": 1,
                    "Peak Memory Usage": 118176,
                    "Plans": [
                      {
                        "Node Type": "Seq Scan",
                        "Parent Relationship": "Outer",
                        "Parallel Aware": true,
                        "Relation Name": "title",
                        "Alias": "t",
                        "Startup Cost": 0.0,
                        "Total Cost": 54588.39,
                        "Plan Rows": 1290679,
                        "Plan Width": 4,
                        "Actual Startup Time": 0.036,
                        "Actual Total Time": 193.358,
                        "Actual Rows": 1091158,
                        "Actual Loops": 2,
                        "Filter": "(production_year > 1962)",
                        "Rows Removed by Filter": 172998
                      }
                    ]
                  }
                ]
              }
            ]
          }
        ]
      }
    ]
  },
  "Planning Time": 0.731,
  "Triggers": [],
  "Execution Time": 2922.713
}