[
  {
    "Plan": {
      "Node Type": "Aggregate",
      "Strategy": "Plain",
      "Partial Mode": "Finalize",
      "Parallel Aware": false,
      "Startup Cost": 444559.88,
      "Total Cost": 444559.89,
      "Plan Rows": 1,
      "Plan Width": 8,
      "Actual Startup Time": 2934.546,
      "Actual Total Time": 3007.306,
      "Actual Rows": 1,
      "Actual Loops": 1,
      "Plans": [
        {
          "Node Type": "Gather",
          "Parent Relationship": "Outer",
          "Parallel Aware": false,
          "Startup Cost": 444559.26,
          "Total Cost": 444559.87,
          "Plan Rows": 6,
          "Plan Width": 8,
          "Actual Startup Time": 2915.958,
          "Actual Total Time": 3007.292,
          "Actual Rows": 7,
          "Actual Loops": 1,
          "Workers Planned": 6,
          "Workers Launched": 6,
          "Single Copy": false,
          "Plans": [
            {
              "Node Type": "Aggregate",
              "Strategy": "Plain",
              "Partial Mode": "Partial",
              "Parent Relationship": "Outer",
              "Parallel Aware": false,
              "Startup Cost": 443559.26,
              "Total Cost": 443559.27,
              "Plan Rows": 1,
              "Plan Width": 8,
              "Actual Startup Time": 2902.348,
              "Actual Total Time": 2902.654,
              "Actual Rows": 1,
              "Actual Loops": 7,
              "Plans": [
                {
                  "Node Type": "Hash Join",
                  "Parent Relationship": "Outer",
                  "Parallel Aware": true,
                  "Join Type": "Inner",
                  "Startup Cost": 83759.61,
                  "Total Cost": 437041.31,
                  "Plan Rows": 2607181,
                  "Plan Width": 0,
                  "Actual Startup Time": 424.426,
                  "Actual Total Time": 2683.704,
                  "Actual Rows": 4860623,
                  "Actual Loops": 7,
                  "Inner Unique": false,
                  "Hash Cond": "(ci.movie_id = t.id)",
                  "Plans": [
                    {
                      "Node Type": "Seq Scan",
                      "Parent Relationship": "Outer",
                      "Parallel Aware": true,
                      "Relation Name": "cast_info",
                      "Alias": "ci",
                      "Startup Cost": 0.0,
                      "Total Cost": 328162.03,
                      "Plan Rows": 4455844,
                      "Plan Width": 4,
                      "Actual Startup Time": 0.039,
                      "Actual Total Time": 726.196,
                      "Actual Rows": 3837092,
                      "Actual Loops": 7,
                      "Filter": "(role_id < 5)",
                      "Rows Removed by Filter": 1340672
                    },
                    {
                      "Node Type": "Hash",
                      "Parent Relationship": "Inner",
                      "Parallel Aware": true,
                      "Startup Cost": 77794.52,
                      "Total Cost": 77794.52,
                      "Plan Rows": 477207,
                      "Plan Width": 8,
                      "Actual Startup Time": 419.54,
                      "Actual Total Time": 419.844,
                      "Actual Rows": 250702,
                      "Actual Loops": 7,
                      "Hash Buckets": 2097152,
                      "Original Hash Buckets": 2097152,
                      "Hash Batches": 1,
                      "Original Hash Batches": 1,
                      "Peak Memory Usage": 85152,
                      "Plans": [
                        {
                          "Node Type": "Hash Join",
                          "Parent Relationship": "Outer",
                          "Parallel Aware": true,
                          "Join Type": "Inner",
                          "Startup Cost": 48378.63,
                          "Total Cost": 77794.52,
                          "Plan Rows": 477207,
                          "Plan Width": 8,
                          "Actual Startup Time": 173.012,
                          "Actual Total Time": 324.163,
                          "Actual Rows": 250702,
                          "Actual Loops": 7,
                          "Inner Unique": true,
                          "Hash Cond": "(mc.movie_id = t.id)",
                          "Plans": [
                            {
                              "Node Type": "Seq Scan",
                              "Parent Relationship": "Outer",
                              "Parallel Aware": true,
                              "Relation Name": "movie_companies",
                              "Alias": "mc",
                              "Startup Cost": 0.0,
                              "Total Cost": 27206.55,
                              "Plan Rows": 841655,
                              "Plan Width": 4,
                              "Actual Startup Time": 0.024,
                              "Actual Total Time": 39.729,
                              "Actual Rows": 372733,
                              "Actual Loops": 7
                            },
                            {
                              "Node Type": "Hash",
                              "Parent Relationship": "Inner",
                              "Parallel Aware": true,
                              "Startup Cost": 43898.92,
                              "Total Cost": 43898.92,
                              "Plan Rows": 358377,
                              "Plan Width": 4,
                              "Actual Startup Time": 170.832,
                              "Actual Total Time": 170.833,
                              "Actual Rows": 206185,
                              "Actual Loops": 7,
                              "Hash Buckets": 2097152,
                              "Original Hash Buckets": 2097152,
                              "Hash Batches": 1,
                              "Original Hash Batches": 1,
                              "Peak Memory Usage": 72960,
                              "Plans": [
                                {
                                  "Node Type": "Seq Scan",
                                  "Parent Relationship": "Outer",
                                  "Parallel Aware": true,
                                  "Relation Name": "title",
                                  "Alias": "t",
                                  "Startup Cost": 0.0,
                                  "Total Cost": 43898.92,
                                  "Plan Rows": 358377,
                                  "Plan Width": 4,
                                  "Actual Startup Time": 0.044,
                                  "Actual Total Time": 79.889,
                                  "Actual Rows": 206185,
                                  "Actual Loops": 7,
                                  "Filter": "(production_year < 2006)",
                                  "Rows Removed by Filter": 155002
                                }
                              ]
                            }
                          ]
                        }
                      ]
                    }
                  ]
                }
              ]
            }
          ]
        }
      ]
    },
    "Planning Time": 1.357,
    "Triggers": [],
    "Execution Time": 3007.405
  }
]