[
  {
    "Plan": {
      "Node Type": "Aggregate",
      "Strategy": "Plain",
      "Partial Mode": "Finalize",
      "Parallel Aware": false,
      "Startup Cost": 154487.37,
      "Total Cost": 154487.38,
      "Plan Rows": 1,
      "Plan Width": 8,
      "Actual Startup Time": 57.257,
      "Actual Total Time": 64.893,
      "Actual Rows": 1,
      "Actual Loops": 1,
      "Plans": [
        {
          "Node Type": "Gather",
          "Parent Relationship": "Outer",
          "Parallel Aware": false,
          "Startup Cost": 154486.95,
          "Total Cost": 154487.36,
          "Plan Rows": 4,
          "Plan Width": 8,
          "Actual Startup Time": 57.006,
          "Actual Total Time": 64.886,
          "Actual Rows": 5,
          "Actual Loops": 1,
          "Workers Planned": 4,
          "Workers Launched": 4,
          "Single Copy": false,
          "Plans": [
            {
              "Node Type": "Aggregate",
              "Strategy": "Plain",
              "Partial Mode": "Partial",
              "Parent Relationship": "Outer",
              "Parallel Aware": false,
              "Startup Cost": 153486.95,
              "Total Cost": 153486.96,
              "Plan Rows": 1,
              "Plan Width": 8,
              "Actual Startup Time": 53.881,
              "Actual Total Time": 53.883,
              "Actual Rows": 1,
              "Actual Loops": 5,
              "Plans": [
                {
                  "Node Type": "Nested Loop",
                  "Parent Relationship": "Outer",
                  "Parallel Aware": false,
                  "Join Type": "Inner",
                  "Startup Cost": 1801.92,
                  "Total Cost": 153471.11,
                  "Plan Rows": 6334,
                  "Plan Width": 0,
                  "Actual Startup Time": 11.503,
                  "Actual Total Time": 53.222,
                  "Actual Rows": 6976,
                  "Actual Loops": 5,
                  "Inner Unique": false,
                  "Plans": [
                    {
                      "Node Type": "Bitmap Heap Scan",
                      "Parent Relationship": "Outer",
                      "Parallel Aware": true,
                      "Relation Name": "title",
                      "Alias": "t",
                      "Startup Cost": 1801.49,
                      "Total Cost": 38177.47,
                      "Plan Rows": 1085,
                      "Plan Width": 4,
                      "Actual Startup Time": 11.402,
                      "Actual Total Time": 26.132,
                      "Actual Rows": 797,
                      "Actual Loops": 5,
                      "Recheck Cond": "(kind_id = 3)",
                      "Rows Removed by Index Recheck": 0,
                      "Filter": "(production_year = 2006)",
                      "Rows Removed by Filter": 19310,
                      "Exact Heap Blocks": 5677,
                      "Lossy Heap Blocks": 0,
                      "Plans": [
                        {
                          "Node Type": "Bitmap Index Scan",
                          "Parent Relationship": "Outer",
                          "Parallel Aware": false,
                          "Index Name": "kind_id_title",
                          "Startup Cost": 0.0,
                          "Total Cost": 1800.4,
                          "Plan Rows": 100796,
                          "Plan Width": 0,
                          "Actual Startup Time": 10.555,
                          "Actual Total Time": 10.556,
                          "Actual Rows": 100537,
                          "Actual Loops": 1,
                          "Index Cond": "(kind_id = 3)"
                        }
                      ]
                    },
                    {
                      "Node Type": "Index Only Scan",
                      "Parent Relationship": "Inner",
                      "Parallel Aware": false,
                      "Scan Direction": "Forward",
                      "Index Name": "movie_id_movie_info",
                      "Relation Name": "movie_info",
                      "Alias": "mi",
                      "Startup Cost": 0.43,
                      "Total Cost": 105.87,
                      "Plan Rows": 39,
                      "Plan Width": 4,
                      "Actual Startup Time": 0.013,
                      "Actual Total Time": 0.032,
                      "Actual Rows": 9,
                      "Actual Loops": 3986,
                      "Index Cond": "(movie_id = t.id)",
                      "Rows Removed by Index Recheck": 0,
                      "Heap Fetches": 34879
                    }
                  ]
                }
              ]
            }
          ]
        }
      ]
    },
    "Planning Time": 0.312,
    "Triggers": [],
    "Execution Time": 64.945
  }
]