[
  {
    "Plan": {
      "Node Type": "Aggregate",
      "Strategy": "Plain",
      "Partial Mode": "Finalize",
      "Parallel Aware": false,
      "Startup Cost": 163281.57,
      "Total Cost": 163281.58,
      "Plan Rows": 1,
      "Plan Width": 8,
      "Actual Startup Time": 79.45,
      "Actual Total Time": 89.017,
      "Actual Rows": 1,
      "Actual Loops": 1,
      "Plans": [
        {
          "Node Type": "Gather",
          "Parent Relationship": "Outer",
          "Parallel Aware": false,
          "Startup Cost": 163281.15,
          "Total Cost": 163281.56,
          "Plan Rows": 4,
          "Plan Width": 8,
          "Actual Startup Time": 79.11,
          "Actual Total Time": 89.005,
          "Actual Rows": 5,
          "Actual Loops": 1,
          "Workers Planned": 4,
          "Workers Launched": 4,
          "Single Copy": false,
          "Plans": [
            {
              "Node Type": "Aggregate",
              "Strategy": "Plain",
              "Partial Mode": "Partial",
              "Parent Relationship": "Outer",
              "Parallel Aware": false,
              "Startup Cost": 162281.15,
              "Total Cost": 162281.16,
              "Plan Rows": 1,
              "Plan Width": 8,
              "Actual Startup Time": 69.303,
              "Actual Total Time": 69.305,
              "Actual Rows": 1,
              "Actual Loops": 5,
              "Plans": [
                {
                  "Node Type": "Nested Loop",
                  "Parent Relationship": "Outer",
                  "Parallel Aware": false,
                  "Join Type": "Inner",
                  "Startup Cost": 1824.7,
                  "Total Cost": 162264.62,
                  "Plan Rows": 6610,
                  "Plan Width": 0,
                  "Actual Startup Time": 14.951,
                  "Actual Total Time": 68.479,
                  "Actual Rows": 6976,
                  "Actual Loops": 5,
                  "Inner Unique": false,
                  "Plans": [
                    {
                      "Node Type": "Bitmap Heap Scan",
                      "Parent Relationship": "Outer",
                      "Parallel Aware": true,
                      "Relation Name": "title",
                      "Alias": "t",
                      "Startup Cost": 1824.26,
                      "Total Cost": 38205.61,
                      "Plan Rows": 1130,
                      "Plan Width": 4,
                      "Actual Startup Time": 14.729,
                      "Actual Total Time": 32.887,
                      "Actual Rows": 797,
                      "Actual Loops": 5,
                      "Recheck Cond": "(kind_id = 3)",
                      "Rows Removed by Index Recheck": 0,
                      "Filter": "(production_year = 2006)",
                      "Rows Removed by Filter": 19310,
                      "Exact Heap Blocks": 7214,
                      "Lossy Heap Blocks": 0,
                      "Plans": [
                        {
                          "Node Type": "Bitmap Index Scan",
                          "Parent Relationship": "Outer",
                          "Parallel Aware": false,
                          "Index Name": "kind_id_title",
                          "Startup Cost": 0.0,
                          "Total Cost": 1823.13,
                          "Plan Rows": 102227,
                          "Plan Width": 0,
                          "Actual Startup Time": 18.188,
                          "Actual Total Time": 18.188,
                          "Actual Rows": 100537,
                          "Actual Loops": 1,
                          "Index Cond": "(kind_id = 3)"
                        }
                      ]
                    },
                    {
                      "Node Type": "Index Only Scan",
                      "Parent Relationship": "Inner",
                      "Parallel Aware": false,
                      "Scan Direction": "Forward",
                      "Index Name": "movie_id_movie_info",
                      "Relation Name": "movie_info",
                      "Alias": "mi",
                      "Startup Cost": 0.43,
                      "Total Cost": 109.37,
                      "Plan Rows": 42,
                      "Plan Width": 4,
                      "Actual Startup Time": 0.016,
                      "Actual Total Time": 0.043,
                      "Actual Rows": 9,
                      "Actual Loops": 3986,
                      "Index Cond": "(movie_id = t.id)",
                      "Rows Removed by Index Recheck": 0,
                      "Heap Fetches": 34879
                    }
                  ]
                }
              ]
            }
          ]
        }
      ]
    },
    "Planning Time": 0.608,
    "Triggers": [],
    "Execution Time": 89.106
  }
]