[
  {
    "Plan": {
      "Node Type": "Aggregate",
      "Strategy": "Plain",
      "Partial Mode": "Finalize",
      "Parallel Aware": false,
      "Startup Cost": 271267.34,
      "Total Cost": 271267.35,
      "Plan Rows": 1,
      "Plan Width": 8,
      "Actual Startup Time": 93.905,
      "Actual Total Time": 98.089,
      "Actual Rows": 1,
      "Actual Loops": 1,
      "Plans": [
        {
          "Node Type": "Gather",
          "Parent Relationship": "Outer",
          "Parallel Aware": false,
          "Startup Cost": 271266.72,
          "Total Cost": 271267.33,
          "Plan Rows": 6,
          "Plan Width": 8,
          "Actual Startup Time": 93.39,
          "Actual Total Time": 98.081,
          "Actual Rows": 7,
          "Actual Loops": 1,
          "Workers Planned": 6,
          "Workers Launched": 6,
          "Single Copy": false,
          "Plans": [
            {
              "Node Type": "Aggregate",
              "Strategy": "Plain",
              "Partial Mode": "Partial",
              "Parent Relationship": "Outer",
              "Parallel Aware": false,
              "Startup Cost": 270266.72,
              "Total Cost": 270266.73,
              "Plan Rows": 1,
              "Plan Width": 8,
              "Actual Startup Time": 82.642,
              "Actual Total Time": 82.643,
              "Actual Rows": 1,
              "Actual Loops": 7,
              "Plans": [
                {
                  "Node Type": "Bitmap Heap Scan",
                  "Parent Relationship": "Outer",
                  "Parallel Aware": true,
                  "Relation Name": "cast_info",
                  "Alias": "ci",
                  "Startup Cost": 15688.33,
                  "Total Cost": 270164.05,
                  "Plan Rows": 41065,
                  "Plan Width": 0,
                  "Actual Startup Time": 37.173,
                  "Actual Total Time": 76.396,
                  "Actual Rows": 73283,
                  "Actual Loops": 7,
                  "Recheck Cond": "(person_id < 73791)",
                  "Rows Removed by Index Recheck": 0,
                  "Filter": "(role_id < 2)",
                  "Rows Removed by Filter": 25380,
                  "Exact Heap Blocks": 2542,
                  "Lossy Heap Blocks": 0,
                  "Plans": [
                    {
                      "Node Type": "Bitmap Index Scan",
                      "Parent Relationship": "Outer",
                      "Parallel Aware": false,
                      "Index Name": "person_id_cast_info",
                      "Startup Cost": 0.0,
                      "Total Cost": 15626.73,
                      "Plan Rows": 715489,
                      "Plan Width": 0,
                      "Actual Startup Time": 45.745,
                      "Actual Total Time": 45.746,
                      "Actual Rows": 690637,
                      "Actual Loops": 1,
                      "Index Cond": "(person_id < 73791)"
                    }
                  ]
                }
              ]
            }
          ]
        }
      ]
    },
    "Planning Time": 0.221,
    "Triggers": [],
    "Execution Time": 98.164
  }
]