[
  {
    "Plan": {
      "Node Type": "Aggregate",
      "Strategy": "Plain",
      "Partial Mode": "Finalize",
      "Parallel Aware": false,
      "Startup Cost": 434336.37,
      "Total Cost": 434336.38,
      "Plan Rows": 1,
      "Plan Width": 8,
      "Actual Startup Time": 3504.503,
      "Actual Total Time": 3577.795,
      "Actual Rows": 1,
      "Actual Loops": 1,
      "Plans": [
        {
          "Node Type": "Gather",
          "Parent Relationship": "Outer",
          "Parallel Aware": false,
          "Startup Cost": 434335.75,
          "Total Cost": 434336.36,
          "Plan Rows": 6,
          "Plan Width": 8,
          "Actual Startup Time": 3489.655,
          "Actual Total Time": 3577.782,
          "Actual Rows": 7,
          "Actual Loops": 1,
          "Workers Planned": 6,
          "Workers Launched": 6,
          "Single Copy": false,
          "Plans": [
            {
              "Node Type": "Aggregate",
              "Strategy": "Plain",
              "Partial Mode": "Partial",
              "Parent Relationship": "Outer",
              "Parallel Aware": false,
              "Startup Cost": 433335.75,
              "Total Cost": 433335.76,
              "Plan Rows": 1,
              "Plan Width": 8,
              "Actual Startup Time": 3478.566,
              "Actual Total Time": 3479.305,
              "Actual Rows": 1,
              "Actual Loops": 7,
              "Plans": [
                {
                  "Node Type": "Hash Join",
                  "Parent Relationship": "Outer",
                  "Parallel Aware": true,
                  "Join Type": "Inner",
                  "Startup Cost": 85188.79,
                  "Total Cost": 427117.03,
                  "Plan Rows": 2487486,
                  "Plan Width": 0,
                  "Actual Startup Time": 496.929,
                  "Actual Total Time": 3162.271,
                  "Actual Rows": 6781430,
                  "Actual Loops": 7,
                  "Inner Unique": false,
                  "Hash Cond": "(ci.movie_id = t.id)",
                  "Plans": [
                    {
                      "Node Type": "Seq Scan",
                      "Parent Relationship": "Outer",
                      "Parallel Aware": true,
                      "Relation Name": "cast_info",
                      "Alias": "ci",
                      "Startup Cost": 0.0,
                      "Total Cost": 313067.02,
                      "Plan Rows": 6038002,
                      "Plan Width": 4,
                      "Actual Startup Time": 0.026,
                      "Actual Total Time": 583.055,
                      "Actual Rows": 5177763,
                      "Actual Loops": 7
                    },
                    {
                      "Node Type": "Hash",
                      "Parent Relationship": "Inner",
                      "Parallel Aware": true,
                      "Startup Cost": 81933.84,
                      "Total Cost": 81933.84,
                      "Plan Rows": 260396,
                      "Plan Width": 8,
                      "Actual Startup Time": 491.457,
                      "Actual Total Time": 492.194,
                      "Actual Rows": 182035,
                      "Actual Loops": 7,
                      "Hash Buckets": 2097152,
                      "Original Hash Buckets": 1048576,
                      "Hash Batches": 1,
                      "Original Hash Batches": 1,
                      "Peak Memory Usage": 74528,
                      "Plans": [
                        {
                          "Node Type": "Hash Join",
                          "Parent Relationship": "Outer",
                          "Parallel Aware": true,
                          "Join Type": "Inner",
                          "Startup Cost": 35614.76,
                          "Total Cost": 81933.84,
                          "Plan Rows": 260396,
                          "Plan Width": 8,
                          "Actual Startup Time": 186.108,
                          "Actual Total Time": 389.752,
                          "Actual Rows": 182035,
                          "Actual Loops": 7,
                          "Inner Unique": false,
                          "Hash Cond": "(t.id = mc.movie_id)",
                          "Plans": [
                            {
                              "Node Type": "Seq Scan",
                              "Parent Relationship": "Outer",
                              "Parallel Aware": true,
                              "Relation Name": "title",
                              "Alias": "t",
                              "Startup Cost": 0.0,
                              "Total Cost": 42318.73,
                              "Plan Rows": 632073,
                              "Plan Width": 4,
                              "Actual Startup Time": 0.018,
                              "Actual Total Time": 60.431,
                              "Actual Rows": 361187,
                              "Actual Loops": 7
                            },
                            {
                              "Node Type": "Hash",
                              "Parent Relationship": "Inner",
                              "Parallel Aware": true,
                              "Startup Cost": 31414.82,
                              "Total Cost": 31414.82,
                              "Plan Rows": 335995,
                              "Plan Width": 4,
                              "Actual Startup Time": 184.394,
                              "Actual Total Time": 184.395,
                              "Actual Rows": 182035,
                              "Actual Loops": 7,
                              "Hash Buckets": 2097152,
                              "Original Hash Buckets": 1048576,
                              "Hash Batches": 1,
                              "Original Hash Batches": 1,
                              "Peak Memory Usage": 74560,
                              "Plans": [
                                {
                                  "Node Type": "Seq Scan",
                                  "Parent Relationship": "Outer",
                                  "Parallel Aware": true,
                                  "Relation Name": "movie_companies",
                                  "Alias": "mc",
                                  "Startup Cost": 0.0,
                                  "Total Cost": 31414.82,
                                  "Plan Rows": 335995,
                                  "Plan Width": 4,
                                  "Actual Startup Time": 0.056,
                                  "Actual Total Time": 68.553,
                                  "Actual Rows": 182035,
                                  "Actual Loops": 7,
                                  "Filter": "((company_id < 74175) AND (company_type_id < 2))",
                                  "Rows Removed by Filter": 190698
                                }
                              ]
                            }
                          ]
                        }
                      ]
                    }
                  ]
                }
              ]
            }
          ]
        }
      ]
    },
    "Planning Time": 1.405,
    "Triggers": [],
    "Execution Time": 3577.902
  }
]