[
  {
    "Plan": {
      "Node Type": "Aggregate",
      "Strategy": "Plain",
      "Partial Mode": "Finalize",
      "Parallel Aware": false,
      "Startup Cost": 347444.28,
      "Total Cost": 347444.29,
      "Plan Rows": 1,
      "Plan Width": 8,
      "Actual Startup Time": 719.081,
      "Actual Total Time": 763.923,
      "Actual Rows": 1,
      "Actual Loops": 1,
      "Plans": [
        {
          "Node Type": "Gather",
          "Parent Relationship": "Outer",
          "Parallel Aware": false,
          "Startup Cost": 347443.65,
          "Total Cost": 347444.26,
          "Plan Rows": 6,
          "Plan Width": 8,
          "Actual Startup Time": 718.879,
          "Actual Total Time": 763.907,
          "Actual Rows": 7,
          "Actual Loops": 1,
          "Workers Planned": 6,
          "Workers Launched": 6,
          "Single Copy": false,
          "Plans": [
            {
              "Node Type": "Aggregate",
              "Strategy": "Plain",
              "Partial Mode": "Partial",
              "Parent Relationship": "Outer",
              "Parallel Aware": false,
              "Startup Cost": 346443.65,
              "Total Cost": 346443.66,
              "Plan Rows": 1,
              "Plan Width": 8,
              "Actual Startup Time": 707.45,
              "Actual Total Time": 707.451,
              "Actual Rows": 1,
              "Actual Loops": 7,
              "Plans": [
                {
                  "Node Type": "Seq Scan",
                  "Parent Relationship": "Outer",
                  "Parallel Aware": true,
                  "Relation Name": "cast_info",
                  "Alias": "ci",
                  "Startup Cost": 0.0,
                  "Total Cost": 343316.27,
                  "Plan Rows": 1250953,
                  "Plan Width": 0,
                  "Actual Startup Time": 0.067,
                  "Actual Total Time": 646.516,
                  "Actual Rows": 1184765,
                  "Actual Loops": 7,
                  "Filter": "((person_id < 852986) AND (role_id < 10))",
                  "Rows Removed by Filter": 3992998
                }
              ]
            }
          ]
        }
      ]
    },
    "Planning Time": 0.285,
    "Triggers": [],
    "Execution Time": 763.996
  }
]