[
  {
    "Plan": {
      "Node Type": "Aggregate",
      "Strategy": "Plain",
      "Partial Mode": "Finalize",
      "Parallel Aware": false,
      "Startup Cost": 347355.46,
      "Total Cost": 347355.47,
      "Plan Rows": 1,
      "Plan Width": 8,
      "Actual Startup Time": 677.241,
      "Actual Total Time": 736.219,
      "Actual Rows": 1,
      "Actual Loops": 1,
      "Plans": [
        {
          "Node Type": "Gather",
          "Parent Relationship": "Outer",
          "Parallel Aware": false,
          "Startup Cost": 347354.84,
          "Total Cost": 347355.45,
          "Plan Rows": 6,
          "Plan Width": 8,
          "Actual Startup Time": 677.114,
          "Actual Total Time": 736.208,
          "Actual Rows": 7,
          "Actual Loops": 1,
          "Workers Planned": 6,
          "Workers Launched": 6,
          "Single Copy": false,
          "Plans": [
            {
              "Node Type": "Aggregate",
              "Strategy": "Plain",
              "Partial Mode": "Partial",
              "Parent Relationship": "Outer",
              "Parallel Aware": false,
              "Startup Cost": 346354.84,
              "Total Cost": 346354.85,
              "Plan Rows": 1,
              "Plan Width": 8,
              "Actual Startup Time": 668.07,
              "Actual Total Time": 668.071,
              "Actual Rows": 1,
              "Actual Loops": 7,
              "Plans": [
                {
                  "Node Type": "Seq Scan",
                  "Parent Relationship": "Outer",
                  "Parallel Aware": true,
                  "Relation Name": "cast_info",
                  "Alias": "ci",
                  "Startup Cost": 0.0,
                  "Total Cost": 343257.03,
                  "Plan Rows": 1239124,
                  "Plan Width": 0,
                  "Actual Startup Time": 0.05,
                  "Actual Total Time": 615.328,
                  "Actual Rows": 1184765,
                  "Actual Loops": 7,
                  "Filter": "((person_id < 852986) AND (role_id < 10))",
                  "Rows Removed by Filter": 3992998
                }
              ]
            }
          ]
        }
      ]
    },
    "Planning Time": 0.228,
    "Triggers": [],
    "Execution Time": 736.293
  }
]