[
  {
    "Plan": {
      "Node Type": "Aggregate",
      "Strategy": "Plain",
      "Partial Mode": "Finalize",
      "Parallel Aware": false,
      "Startup Cost": 348373.44,
      "Total Cost": 348373.45,
      "Plan Rows": 1,
      "Plan Width": 8,
      "Actual Startup Time": 680.749,
      "Actual Total Time": 739.831,
      "Actual Rows": 1,
      "Actual Loops": 1,
      "Plans": [
        {
          "Node Type": "Gather",
          "Parent Relationship": "Outer",
          "Parallel Aware": false,
          "Startup Cost": 348372.81,
          "Total Cost": 348373.42,
          "Plan Rows": 6,
          "Plan Width": 8,
          "Actual Startup Time": 680.433,
          "Actual Total Time": 739.806,
          "Actual Rows": 7,
          "Actual Loops": 1,
          "Workers Planned": 6,
          "Workers Launched": 6,
          "Single Copy": false,
          "Plans": [
            {
              "Node Type": "Aggregate",
              "Strategy": "Plain",
              "Partial Mode": "Partial",
              "Parent Relationship": "Outer",
              "Parallel Aware": false,
              "Startup Cost": 347372.81,
              "Total Cost": 347372.82,
              "Plan Rows": 1,
              "Plan Width": 8,
              "Actual Startup Time": 672.094,
              "Actual Total Time": 672.099,
              "Actual Rows": 1,
              "Actual Loops": 7,
              "Plans": [
                {
                  "Node Type": "Seq Scan",
                  "Parent Relationship": "Outer",
                  "Parallel Aware": true,
                  "Relation Name": "cast_info",
                  "Alias": "ci",
                  "Startup Cost": 0.0,
                  "Total Cost": 343316.27,
                  "Plan Rows": 1622617,
                  "Plan Width": 0,
                  "Actual Startup Time": 345.079,
                  "Actual Total Time": 635.552,
                  "Actual Rows": 785804,
                  "Actual Loops": 7,
                  "Filter": "((person_id < 2271796) AND (role_id > 2))",
                  "Rows Removed by Filter": 4391960
                }
              ]
            }
          ]
        }
      ]
    },
    "Planning Time": 0.154,
    "Triggers": [],
    "Execution Time": 739.886
  }
]