[
  {
    "Plan": {
      "Node Type": "Aggregate",
      "Strategy": "Plain",
      "Partial Mode": "Finalize",
      "Parallel Aware": false,
      "Startup Cost": 387563.61,
      "Total Cost": 387563.62,
      "Plan Rows": 1,
      "Plan Width": 8,
      "Actual Startup Time": 1398.129,
      "Actual Total Time": 1466.734,
      "Actual Rows": 1,
      "Actual Loops": 1,
      "Plans": [
        {
          "Node Type": "Gather",
          "Parent Relationship": "Outer",
          "Parallel Aware": false,
          "Startup Cost": 387562.99,
          "Total Cost": 387563.6,
          "Plan Rows": 6,
          "Plan Width": 8,
          "Actual Startup Time": 1396.83,
          "Actual Total Time": 1466.724,
          "Actual Rows": 7,
          "Actual Loops": 1,
          "Workers Planned": 6,
          "Workers Launched": 6,
          "Single Copy": false,
          "Plans": [
            {
              "Node Type": "Aggregate",
              "Strategy": "Plain",
              "Partial Mode": "Partial",
              "Parent Relationship": "Outer",
              "Parallel Aware": false,
              "Startup Cost": 386562.99,
              "Total Cost": 386563.0,
              "Plan Rows": 1,
              "Plan Width": 8,
              "Actual Startup Time": 1389.328,
              "Actual Total Time": 1389.332,
              "Actual Rows": 1,
              "Actual Loops": 7,
              "Plans": [
                {
                  "Node Type": "Hash Join",
                  "Parent Relationship": "Outer",
                  "Parallel Aware": true,
                  "Join Type": "Inner",
                  "Startup Cost": 46374.12,
                  "Total Cost": 385397.24,
                  "Plan Rows": 466298,
                  "Plan Width": 0,
                  "Actual Startup Time": 215.413,
                  "Actual Total Time": 1365.204,
                  "Actual Rows": 494164,
                  "Actual Loops": 7,
                  "Inner Unique": true,
                  "Hash Cond": "(ci.movie_id = t.id)",
                  "Plans": [
                    {
                      "Node Type": "Seq Scan",
                      "Parent Relationship": "Outer",
                      "Parallel Aware": true,
                      "Relation Name": "cast_info",
                      "Alias": "ci",
                      "Startup Cost": 0.0,
                      "Total Cost": 328211.39,
                      "Plan Rows": 4118744,
                      "Plan Width": 4,
                      "Actual Startup Time": 118.192,
                      "Actual Total Time": 639.01,
                      "Actual Rows": 3518326,
                      "Actual Loops": 7,
                      "Filter": "(person_id > 1143072)",
                      "Rows Removed by Filter": 1659437
                    },
                    {
                      "Node Type": "Hash",
                      "Parent Relationship": "Inner",
                      "Parallel Aware": true,
                      "Startup Cost": 45479.59,
                      "Total Cost": 45479.59,
                      "Plan Rows": 71563,
                      "Plan Width": 4,
                      "Actual Startup Time": 95.611,
                      "Actual Total Time": 95.612,
                      "Actual Rows": 57639,
                      "Actual Loops": 7,
                      "Hash Buckets": 524288,
                      "Original Hash Buckets": 524288,
                      "Hash Batches": 1,
                      "Original Hash Batches": 1,
                      "Peak Memory Usage": 20032,
                      "Plans": [
                        {
                          "Node Type": "Seq Scan",
                          "Parent Relationship": "Outer",
                          "Parallel Aware": true,
                          "Relation Name": "title",
                          "Alias": "t",
                          "Startup Cost": 0.0,
                          "Total Cost": 45479.59,
                          "Plan Rows": 71563,
                          "Plan Width": 4,
                          "Actual Startup Time": 0.031,
                          "Actual Total Time": 69.907,
                          "Actual Rows": 57639,
                          "Actual Loops": 7,
                          "Filter": "((kind_id < 3) AND (production_year < 1999))",
                          "Rows Removed by Filter": 303548
                        }
                      ]
                    }
                  ]
                }
              ]
            }
          ]
        }
      ]
    },
    "Planning Time": 0.32,
    "Triggers": [],
    "Execution Time": 1466.798
  }
]