[
  {
    "Plan": {
      "Node Type": "Aggregate",
      "Strategy": "Plain",
      "Partial Mode": "Finalize",
      "Parallel Aware": false,
      "Startup Cost": 31884.44,
      "Total Cost": 31884.45,
      "Plan Rows": 1,
      "Plan Width": 8,
      "Actual Startup Time": 108.232,
      "Actual Total Time": 113.621,
      "Actual Rows": 1,
      "Actual Loops": 1,
      "Plans": [
        {
          "Node Type": "Gather",
          "Parent Relationship": "Outer",
          "Parallel Aware": false,
          "Startup Cost": 31884.12,
          "Total Cost": 31884.43,
          "Plan Rows": 3,
          "Plan Width": 8,
          "Actual Startup Time": 108.112,
          "Actual Total Time": 113.612,
          "Actual Rows": 4,
          "Actual Loops": 1,
          "Workers Planned": 3,
          "Workers Launched": 3,
          "Single Copy": false,
          "Plans": [
            {
              "Node Type": "Aggregate",
              "Strategy": "Plain",
              "Partial Mode": "Partial",
              "Parent Relationship": "Outer",
              "Parallel Aware": false,
              "Startup Cost": 30884.12,
              "Total Cost": 30884.13,
              "Plan Rows": 1,
              "Plan Width": 8,
              "Actual Startup Time": 102.14,
              "Actual Total Time": 102.141,
              "Actual Rows": 1,
              "Actual Loops": 4,
              "Plans": [
                {
                  "Node Type": "Seq Scan",
                  "Parent Relationship": "Outer",
                  "Parallel Aware": true,
                  "Relation Name": "movie_companies",
                  "Alias": "mc",
                  "Startup Cost": 0.0,
                  "Total Cost": 29310.68,
                  "Plan Rows": 629375,
                  "Plan Width": 0,
                  "Actual Startup Time": 0.521,
                  "Actual Total Time": 80.479,
                  "Actual Rows": 488195,
                  "Actual Loops": 4,
                  "Filter": "(company_id > 917)",
                  "Rows Removed by Filter": 164087
                }
              ]
            }
          ]
        }
      ]
    },
    "Planning Time": 0.189,
    "Triggers": [],
    "Execution Time": 113.717
  }
]