{
    "Plan": {
        "Node Type": "Aggregate",
        "Strategy": "Plain",
        "Partial Mode": "Finalize",
        "Parallel Aware": false,
        "Startup Cost": 259266.14,
        "Total Cost": 259266.15,
        "Plan Rows": 1,
        "Plan Width": 8,
        "Actual Startup Time": 522.58,
        "Actual Total Time": 565.839,
        "Actual Rows": 1,
        "Actual Loops": 1,
        "Output": [
            "count(*)"
        ],
        "Plans": [
            {
                "Node Type": "Gather",
                "Parent Relationship": "Outer",
                "Parallel Aware": false,
                "Startup Cost": 259265.62,
                "Total Cost": 259266.13,
                "Plan Rows": 5,
                "Plan Width": 8,
                "Actual Startup Time": 522.449,
                "Actual Total Time": 565.831,
                "Actual Rows": 6,
                "Actual Loops": 1,
                "Output": [
                    "(PARTIAL count(*))"
                ],
                "Workers Planned": 5,
                "Workers Launched": 5,
                "Single Copy": false,
                "Plans": [
                    {
                        "Node Type": "Aggregate",
                        "Strategy": "Plain",
                        "Partial Mode": "Partial",
                        "Parent Relationship": "Outer",
                        "Parallel Aware": false,
                        "Startup Cost": 258265.62,
                        "Total Cost": 258265.63,
                        "Plan Rows": 1,
                        "Plan Width": 8,
                        "Actual Startup Time": 511.494,
                        "Actual Total Time": 511.497,
                        "Actual Rows": 1,
                        "Actual Loops": 6,
                        "Output": [
                            "PARTIAL count(*)"
                        ],
                        "Workers": [
                            {
                                "Worker Number": 0,
                                "Actual Startup Time": 508.599,
                                "Actual Total Time": 508.602,
                                "Actual Rows": 1,
                                "Actual Loops": 1
                            },
                            {
                                "Worker Number": 1,
                                "Actual Startup Time": 509.433,
                                "Actual Total Time": 509.435,
                                "Actual Rows": 1,
                                "Actual Loops": 1
                            },
                            {
                                "Worker Number": 2,
                                "Actual Startup Time": 509.566,
                                "Actual Total Time": 509.569,
                                "Actual Rows": 1,
                                "Actual Loops": 1
                            },
                            {
                                "Worker Number": 3,
                                "Actual Startup Time": 509.423,
                                "Actual Total Time": 509.426,
                                "Actual Rows": 1,
                                "Actual Loops": 1
                            },
                            {
                                "Worker Number": 4,
                                "Actual Startup Time": 510.376,
                                "Actual Total Time": 510.379,
                                "Actual Rows": 1,
                                "Actual Loops": 1
                            }
                        ],
                        "Plans": [
                            {
                                "Node Type": "Nested Loop",
                                "Parent Relationship": "Outer",
                                "Parallel Aware": false,
                                "Join Type": "Inner",
                                "Startup Cost": 0.86,
                                "Total Cost": 258238.74,
                                "Plan Rows": 10751,
                                "Plan Width": 0,
                                "Actual Startup Time": 191.135,
                                "Actual Total Time": 496.114,
                                "Actual Rows": 319077,
                                "Actual Loops": 6,
                                "Inner Unique": false,
                                "Workers": [
                                    {
                                        "Worker Number": 0,
                                        "Actual Startup Time": 188.378,
                                        "Actual Total Time": 493.988,
                                        "Actual Rows": 345642,
                                        "Actual Loops": 1
                                    },
                                    {
                                        "Worker Number": 1,
                                        "Actual Startup Time": 189.092,
                                        "Actual Total Time": 494.343,
                                        "Actual Rows": 356459,
                                        "Actual Loops": 1
                                    },
                                    {
                                        "Worker Number": 2,
                                        "Actual Startup Time": 189.177,
                                        "Actual Total Time": 494.57,
                                        "Actual Rows": 354456,
                                        "Actual Loops": 1
                                    },
                                    {
                                        "Worker Number": 3,
                                        "Actual Startup Time": 189.098,
                                        "Actual Total Time": 494.292,
                                        "Actual Rows": 221224,
                                        "Actual Loops": 1
                                    },
                                    {
                                        "Worker Number": 4,
                                        "Actual Startup Time": 189.989,
                                        "Actual Total Time": 494.623,
                                        "Actual Rows": 231282,
                                        "Actual Loops": 1
                                    }
                                ],
                                "Plans": [
                                    {
                                        "Node Type": "Nested Loop",
                                        "Parent Relationship": "Outer",
                                        "Parallel Aware": false,
                                        "Join Type": "Inner",
                                        "Startup Cost": 0.43,
                                        "Total Cost": 244697.9,
                                        "Plan Rows": 21936,
                                        "Plan Width": 8,
                                        "Actual Startup Time": 191.071,
                                        "Actual Total Time": 356.887,
                                        "Actual Rows": 18172,
                                        "Actual Loops": 6,
                                        "Output": [
                                            "t.id",
                                            "mi.movie_id"
                                        ],
                                        "Inner Unique": true,
                                        "Workers": [
                                            {
                                                "Worker Number": 0,
                                                "Actual Startup Time": 188.316,
                                                "Actual Total Time": 356.293,
                                                "Actual Rows": 19620,
                                                "Actual Loops": 1
                                            },
                                            {
                                                "Worker Number": 1,
                                                "Actual Startup Time": 189.029,
                                                "Actual Total Time": 355.68,
                                                "Actual Rows": 20029,
                                                "Actual Loops": 1
                                            },
                                            {
                                                "Worker Number": 2,
                                                "Actual Startup Time": 189.105,
                                                "Actual Total Time": 356.636,
                                                "Actual Rows": 20273,
                                                "Actual Loops": 1
                                            },
                                            {
                                                "Worker Number": 3,
                                                "Actual Startup Time": 189.003,
                                                "Actual Total Time": 356.492,
                                                "Actual Rows": 12790,
                                                "Actual Loops": 1
                                            },
                                            {
                                                "Worker Number": 4,
                                                "Actual Startup Time": 189.917,
                                                "Actual Total Time": 356.262,
                                                "Actual Rows": 13061,
                                                "Actual Loops": 1
                                            }
                                        ],
                                        "Plans": [
                                            {
                                                "Node Type": "Seq Scan",
                                                "Parent Relationship": "Outer",
                                                "Parallel Aware": true,
                                                "Relation Name": "movie_info",
                                                "Schema": "public",
                                                "Alias": "mi",
                                                "Startup Cost": 0.0,
                                                "Total Cost": 198880.74,
                                                "Plan Rows": 21936,
                                                "Plan Width": 4,
                                                "Actual Startup Time": 190.974,
                                                "Actual Total Time": 308.803,
                                                "Actual Rows": 18172,
                                                "Actual Loops": 6,
                                                "Output": [
                                                    "mi.id",
                                                    "mi.movie_id",
                                                    "mi.info_type_id",
                                                    "mi.info",
                                                    "mi.note"
                                                ],
                                                "Filter": "(mi.info_type_id = 106)",
                                                "Rows Removed by Filter": 2454448,
                                                "Workers": [
                                                    {
                                                        "Worker Number": 0,
                                                        "Actual Startup Time": 188.216,
                                                        "Actual Total Time": 305.812,
                                                        "Actual Rows": 19620,
                                                        "Actual Loops": 1
                                                    },
                                                    {
                                                        "Worker Number": 1,
                                                        "Actual Startup Time": 188.934,
                                                        "Actual Total Time": 306.591,
                                                        "Actual Rows": 20029,
                                                        "Actual Loops": 1
                                                    },
                                                    {
                                                        "Worker Number": 2,
                                                        "Actual Startup Time": 188.997,
                                                        "Actual Total Time": 307.227,
                                                        "Actual Rows": 20273,
                                                        "Actual Loops": 1
                                                    },
                                                    {
                                                        "Worker Number": 3,
                                                        "Actual Startup Time": 188.871,
                                                        "Actual Total Time": 307.084,
                                                        "Actual Rows": 12790,
                                                        "Actual Loops": 1
                                                    },
                                                    {
                                                        "Worker Number": 4,
                                                        "Actual Startup Time": 189.791,
                                                        "Actual Total Time": 308.004,
                                                        "Actual Rows": 13061,
                                                        "Actual Loops": 1
                                                    }
                                                ]
                                            },
                                            {
                                                "Node Type": "Index Only Scan",
                                                "Parent Relationship": "Inner",
                                                "Parallel Aware": false,
                                                "Scan Direction": "Forward",
                                                "Index Name": "title_pkey",
                                                "Relation Name": "title",
                                                "Schema": "public",
                                                "Alias": "t",
                                                "Startup Cost": 0.43,
                                                "Total Cost": 2.09,
                                                "Plan Rows": 1,
                                                "Plan Width": 4,
                                                "Actual Startup Time": 0.002,
                                                "Actual Total Time": 0.002,
                                                "Actual Rows": 1,
                                                "Actual Loops": 109034,
                                                "Output": [
                                                    "t.id"
                                                ],
                                                "Index Cond": "(t.id = mi.movie_id)",
                                                "Rows Removed by Index Recheck": 0,
                                                "Heap Fetches": 109034,
                                                "Workers": [
                                                    {
                                                        "Worker Number": 0,
                                                        "Actual Startup Time": 0.002,
                                                        "Actual Total Time": 0.002,
                                                        "Actual Rows": 1,
                                                        "Actual Loops": 19620
                                                    },
                                                    {
                                                        "Worker Number": 1,
                                                        "Actual Startup Time": 0.002,
                                                        "Actual Total Time": 0.002,
                                                        "Actual Rows": 1,
                                                        "Actual Loops": 20029
                                                    },
                                                    {
                                                        "Worker Number": 2,
                                                        "Actual Startup Time": 0.002,
                                                        "Actual Total Time": 0.002,
                                                        "Actual Rows": 1,
                                                        "Actual Loops": 20273
                                                    },
                                                    {
                                                        "Worker Number": 3,
                                                        "Actual Startup Time": 0.003,
                                                        "Actual Total Time": 0.003,
                                                        "Actual Rows": 1,
                                                        "Actual Loops": 12790
                                                    },
                                                    {
                                                        "Worker Number": 4,
                                                        "Actual Startup Time": 0.003,
                                                        "Actual Total Time": 0.003,
                                                        "Actual Rows": 1,
                                                        "Actual Loops": 13061
                                                    }
                                                ]
                                            }
                                        ]
                                    },
                                    {
                                        "Node Type": "Index Scan",
                                        "Parent Relationship": "Inner",
                                        "Parallel Aware": false,
                                        "Scan Direction": "Forward",
                                        "Index Name": "movie_id_movie_companies",
                                        "Relation Name": "movie_companies",
                                        "Schema": "public",
                                        "Alias": "mc",
                                        "Startup Cost": 0.43,
                                        "Total Cost": 0.59,
                                        "Plan Rows": 3,
                                        "Plan Width": 4,
                                        "Actual Startup Time": 0.002,
                                        "Actual Total Time": 0.006,
                                        "Actual Rows": 18,
                                        "Actual Loops": 109034,
                                        "Output": [
                                            "mc.id",
                                            "mc.movie_id",
                                            "mc.company_id",
                                            "mc.company_type_id",
                                            "mc.note"
                                        ],
                                        "Index Cond": "(mc.movie_id = t.id)",
                                        "Rows Removed by Index Recheck": 0,
                                        "Filter": "((mc.company_id < 168103) AND (mc.company_type_id < 2))",
                                        "Rows Removed by Filter": 4,
                                        "Workers": [
                                            {
                                                "Worker Number": 0,
                                                "Actual Startup Time": 0.002,
                                                "Actual Total Time": 0.006,
                                                "Actual Rows": 18,
                                                "Actual Loops": 19620
                                            },
                                            {
                                                "Worker Number": 1,
                                                "Actual Startup Time": 0.002,
                                                "Actual Total Time": 0.006,
                                                "Actual Rows": 18,
                                                "Actual Loops": 20029
                                            },
                                            {
                                                "Worker Number": 2,
                                                "Actual Startup Time": 0.002,
                                                "Actual Total Time": 0.006,
                                                "Actual Rows": 17,
                                                "Actual Loops": 20273
                                            },
                                            {
                                                "Worker Number": 3,
                                                "Actual Startup Time": 0.004,
                                                "Actual Total Time": 0.009,
                                                "Actual Rows": 17,
                                                "Actual Loops": 12790
                                            },
                                            {
                                                "Worker Number": 4,
                                                "Actual Startup Time": 0.003,
                                                "Actual Total Time": 0.009,
                                                "Actual Rows": 18,
                                                "Actual Loops": 13061
                                            }
                                        ]
                                    }
                                ]
                            }
                        ]
                    }
                ]
            }
        ]
    },
    "Planning Time": 1.659,
    "Triggers": [],
    "Execution Time": 565.936
}