[
  {
    "Plan": {
      "Node Type": "Aggregate",
      "Strategy": "Plain",
      "Partial Mode": "Finalize",
      "Parallel Aware": false,
      "Startup Cost": 46858.26,
      "Total Cost": 46858.27,
      "Plan Rows": 1,
      "Plan Width": 8,
      "Actual Startup Time": 169.347,
      "Actual Total Time": 178.936,
      "Actual Rows": 1,
      "Actual Loops": 1,
      "Plans": [
        {
          "Node Type": "Gather",
          "Parent Relationship": "Outer",
          "Parallel Aware": false,
          "Startup Cost": 46857.94,
          "Total Cost": 46858.25,
          "Plan Rows": 3,
          "Plan Width": 8,
          "Actual Startup Time": 169.232,
          "Actual Total Time": 178.927,
          "Actual Rows": 4,
          "Actual Loops": 1,
          "Workers Planned": 3,
          "Workers Launched": 3,
          "Single Copy": false,
          "Plans": [
            {
              "Node Type": "Aggregate",
              "Strategy": "Plain",
              "Partial Mode": "Partial",
              "Parent Relationship": "Outer",
              "Parallel Aware": false,
              "Startup Cost": 45857.94,
              "Total Cost": 45857.95,
              "Plan Rows": 1,
              "Plan Width": 8,
              "Actual Startup Time": 163.403,
              "Actual Total Time": 163.404,
              "Actual Rows": 1,
              "Actual Loops": 4,
              "Plans": [
                {
                  "Node Type": "Seq Scan",
                  "Parent Relationship": "Outer",
                  "Parallel Aware": true,
                  "Relation Name": "movie_keyword",
                  "Alias": "mk",
                  "Startup Cost": 0.0,
                  "Total Cost": 42695.65,
                  "Plan Rows": 1264915,
                  "Plan Width": 0,
                  "Actual Startup Time": 0.052,
                  "Actual Total Time": 120.064,
                  "Actual Rows": 983241,
                  "Actual Loops": 4,
                  "Filter": "(keyword_id < 31104)",
                  "Rows Removed by Filter": 147742
                }
              ]
            }
          ]
        }
      ]
    },
    "Planning Time": 0.184,
    "Triggers": [],
    "Execution Time": 178.991
  }
]