{
    "Plan": {
        "Node Type": "Aggregate",
        "Strategy": "Plain",
        "Partial Mode": "Finalize",
        "Parallel Aware": false,
        "Startup Cost": 79074.88,
        "Total Cost": 79074.89,
        "Plan Rows": 1,
        "Plan Width": 8,
        "Actual Startup Time": 197.801,
        "Actual Total Time": 212.513,
        "Actual Rows": 1,
        "Actual Loops": 1,
        "Output": [
            "count(*)"
        ],
        "Plans": [
            {
                "Node Type": "Gather",
                "Parent Relationship": "Outer",
                "Parallel Aware": false,
                "Startup Cost": 79074.46,
                "Total Cost": 79074.87,
                "Plan Rows": 4,
                "Plan Width": 8,
                "Actual Startup Time": 196.33,
                "Actual Total Time": 212.502,
                "Actual Rows": 5,
                "Actual Loops": 1,
                "Output": [
                    "(PARTIAL count(*))"
                ],
                "Workers Planned": 4,
                "Workers Launched": 4,
                "Single Copy": false,
                "Plans": [
                    {
                        "Node Type": "Aggregate",
                        "Strategy": "Plain",
                        "Partial Mode": "Partial",
                        "Parent Relationship": "Outer",
                        "Parallel Aware": false,
                        "Startup Cost": 78074.46,
                        "Total Cost": 78074.47,
                        "Plan Rows": 1,
                        "Plan Width": 8,
                        "Actual Startup Time": 186.893,
                        "Actual Total Time": 186.897,
                        "Actual Rows": 1,
                        "Actual Loops": 5,
                        "Output": [
                            "PARTIAL count(*)"
                        ],
                        "Workers": [
                            {
                                "Worker Number": 0,
                                "Actual Startup Time": 184.931,
                                "Actual Total Time": 184.934,
                                "Actual Rows": 1,
                                "Actual Loops": 1
                            },
                            {
                                "Worker Number": 1,
                                "Actual Startup Time": 184.342,
                                "Actual Total Time": 184.346,
                                "Actual Rows": 1,
                                "Actual Loops": 1
                            },
                            {
                                "Worker Number": 2,
                                "Actual Startup Time": 185.239,
                                "Actual Total Time": 185.243,
                                "Actual Rows": 1,
                                "Actual Loops": 1
                            },
                            {
                                "Worker Number": 3,
                                "Actual Startup Time": 184.44,
                                "Actual Total Time": 184.443,
                                "Actual Rows": 1,
                                "Actual Loops": 1
                            }
                        ],
                        "Plans": [
                            {
                                "Node Type": "Hash Join",
                                "Parent Relationship": "Outer",
                                "Parallel Aware": true,
                                "Join Type": "Inner",
                                "Startup Cost": 45920.07,
                                "Total Cost": 78037.87,
                                "Plan Rows": 14635,
                                "Plan Width": 0,
                                "Actual Startup Time": 100.917,
                                "Actual Total Time": 186.209,
                                "Actual Rows": 13219,
                                "Actual Loops": 5,
                                "Inner Unique": true,
                                "Hash Cond": "(ci.movie_id = t.id)",
                                "Workers": [
                                    {
                                        "Worker Number": 0,
                                        "Actual Startup Time": 98.82,
                                        "Actual Total Time": 184.268,
                                        "Actual Rows": 11757,
                                        "Actual Loops": 1
                                    },
                                    {
                                        "Worker Number": 1,
                                        "Actual Startup Time": 98.269,
                                        "Actual Total Time": 183.695,
                                        "Actual Rows": 13175,
                                        "Actual Loops": 1
                                    },
                                    {
                                        "Worker Number": 2,
                                        "Actual Startup Time": 99.242,
                                        "Actual Total Time": 184.559,
                                        "Actual Rows": 12247,
                                        "Actual Loops": 1
                                    },
                                    {
                                        "Worker Number": 3,
                                        "Actual Startup Time": 98.883,
                                        "Actual Total Time": 183.807,
                                        "Actual Rows": 12905,
                                        "Actual Loops": 1
                                    }
                                ],
                                "Plans": [
                                    {
                                        "Node Type": "Index Scan",
                                        "Parent Relationship": "Outer",
                                        "Parallel Aware": true,
                                        "Scan Direction": "Forward",
                                        "Index Name": "role_id_cast_info",
                                        "Relation Name": "cast_info",
                                        "Schema": "public",
                                        "Alias": "ci",
                                        "Startup Cost": 0.56,
                                        "Total Cost": 31429.0,
                                        "Plan Rows": 262613,
                                        "Plan Width": 4,
                                        "Actual Startup Time": 0.074,
                                        "Actual Total Time": 49.374,
                                        "Actual Rows": 212123,
                                        "Actual Loops": 5,
                                        "Output": [
                                            "ci.id",
                                            "ci.person_id",
                                            "ci.movie_id",
                                            "ci.person_role_id",
                                            "ci.note",
                                            "ci.nr_order",
                                            "ci.role_id"
                                        ],
                                        "Index Cond": "(ci.role_id = 9)",
                                        "Rows Removed by Index Recheck": 0,
                                        "Filter": "(ci.person_id > 237346)",
                                        "Rows Removed by Filter": 6588,
                                        "Workers": [
                                            {
                                                "Worker Number": 0,
                                                "Actual Startup Time": 0.07,
                                                "Actual Total Time": 50.838,
                                                "Actual Rows": 194285,
                                                "Actual Loops": 1
                                            },
                                            {
                                                "Worker Number": 1,
                                                "Actual Startup Time": 0.082,
                                                "Actual Total Time": 49.465,
                                                "Actual Rows": 213036,
                                                "Actual Loops": 1
                                            },
                                            {
                                                "Worker Number": 2,
                                                "Actual Startup Time": 0.072,
                                                "Actual Total Time": 50.576,
                                                "Actual Rows": 192230,
                                                "Actual Loops": 1
                                            },
                                            {
                                                "Worker Number": 3,
                                                "Actual Startup Time": 0.104,
                                                "Actual Total Time": 49.662,
                                                "Actual Rows": 217137,
                                                "Actual Loops": 1
                                            }
                                        ]
                                    },
                                    {
                                        "Node Type": "Hash",
                                        "Parent Relationship": "Inner",
                                        "Parallel Aware": true,
                                        "Startup Cost": 45479.21,
                                        "Total Cost": 45479.21,
                                        "Plan Rows": 35224,
                                        "Plan Width": 4,
                                        "Actual Startup Time": 98.56,
                                        "Actual Total Time": 98.561,
                                        "Actual Rows": 30132,
                                        "Actual Loops": 5,
                                        "Output": [
                                            "t.id"
                                        ],
                                        "Hash Buckets": 262144,
                                        "Original Hash Buckets": 262144,
                                        "Hash Batches": 1,
                                        "Original Hash Batches": 1,
                                        "Peak Memory Usage": 8032,
                                        "Workers": [
                                            {
                                                "Worker Number": 0,
                                                "Actual Startup Time": 98.165,
                                                "Actual Total Time": 98.167,
                                                "Actual Rows": 25071,
                                                "Actual Loops": 1
                                            },
                                            {
                                                "Worker Number": 1,
                                                "Actual Startup Time": 97.532,
                                                "Actual Total Time": 97.533,
                                                "Actual Rows": 28677,
                                                "Actual Loops": 1
                                            },
                                            {
                                                "Worker Number": 2,
                                                "Actual Startup Time": 98.533,
                                                "Actual Total Time": 98.534,
                                                "Actual Rows": 25704,
                                                "Actual Loops": 1
                                            },
                                            {
                                                "Worker Number": 3,
                                                "Actual Startup Time": 97.532,
                                                "Actual Total Time": 97.533,
                                                "Actual Rows": 28444,
                                                "Actual Loops": 1
                                            }
                                        ],
                                        "Plans": [
                                            {
                                                "Node Type": "Seq Scan",
                                                "Parent Relationship": "Outer",
                                                "Parallel Aware": true,
                                                "Relation Name": "title",
                                                "Schema": "public",
                                                "Alias": "t",
                                                "Startup Cost": 0.0,
                                                "Total Cost": 45479.21,
                                                "Plan Rows": 35224,
                                                "Plan Width": 4,
                                                "Actual Startup Time": 0.063,
                                                "Actual Total Time": 85.464,
                                                "Actual Rows": 30132,
                                                "Actual Loops": 5,
                                                "Output": [
                                                    "t.id"
                                                ],
                                                "Filter": "((t.production_year > 2011) AND (t.kind_id = 7))",
                                                "Rows Removed by Filter": 475531,
                                                "Workers": [
                                                    {
                                                        "Worker Number": 0,
                                                        "Actual Startup Time": 0.075,
                                                        "Actual Total Time": 85.723,
                                                        "Actual Rows": 25071,
                                                        "Actual Loops": 1
                                                    },
                                                    {
                                                        "Worker Number": 1,
                                                        "Actual Startup Time": 0.075,
                                                        "Actual Total Time": 85.011,
                                                        "Actual Rows": 28677,
                                                        "Actual Loops": 1
                                                    },
                                                    {
                                                        "Worker Number": 2,
                                                        "Actual Startup Time": 0.073,
                                                        "Actual Total Time": 86.732,
                                                        "Actual Rows": 25704,
                                                        "Actual Loops": 1
                                                    },
                                                    {
                                                        "Worker Number": 3,
                                                        "Actual Startup Time": 0.065,
                                                        "Actual Total Time": 84.544,
                                                        "Actual Rows": 28444,
                                                        "Actual Loops": 1
                                                    }
                                                ]
                                            }
                                        ]
                                    }
                                ]
                            }
                        ]
                    }
                ]
            }
        ]
    },
    "Planning Time": 0.836,
    "Triggers": [],
    "Execution Time": 212.605
}