{
  "Plan": {
    "Node Type": "Aggregate",
    "Strategy": "Plain",
    "Partial Mode": "Finalize",
    "Parallel Aware": false,
    "Startup Cost": 398648.98,
    "Total Cost": 398648.99,
    "Plan Rows": 1,
    "Plan Width": 8,
    "Actual Startup Time": 3984.906,
    "Actual Total Time": 4061.181,
    "Actual Rows": 1,
    "Actual Loops": 1,
    "Plans": [
      {
        "Node Type": "Gather",
        "Parent Relationship": "Outer",
        "Parallel Aware": false,
        "Startup Cost": 398648.86,
        "Total Cost": 398648.97,
        "Plan Rows": 1,
        "Plan Width": 8,
        "Actual Startup Time": 3983.201,
        "Actual Total Time": 4061.169,
        "Actual Rows": 2,
        "Actual Loops": 1,
        "Workers Planned": 1,
        "Workers Launched": 1,
        "Single Copy": false,
        "Plans": [
          {
            "Node Type": "Aggregate",
            "Strategy": "Plain",
            "Partial Mode": "Partial",
            "Parent Relationship": "Outer",
            "Parallel Aware": false,
            "Startup Cost": 397648.86,
            "Total Cost": 397648.87,
            "Plan Rows": 1,
            "Plan Width": 8,
            "Actual Startup Time": 3976.351,
            "Actual Total Time": 3976.357,
            "Actual Rows": 1,
            "Actual Loops": 2,
            "Plans": [
              {
                "Node Type": "Nested Loop",
                "Parent Relationship": "Outer",
                "Parallel Aware": false,
                "Join Type": "Inner",
                "Startup Cost": 36039.01,
                "Total Cost": 395731.39,
                "Plan Rows": 766988,
                "Plan Width": 0,
                "Actual Startup Time": 182.147,
                "Actual Total Time": 3792.109,
                "Actual Rows": 3263089,
                "Actual Loops": 2,
                "Inner Unique": false,
                "Plans": [
                  {
                    "Node Type": "Hash Join",
                    "Parent Relationship": "Outer",
                    "Parallel Aware": true,
                    "Join Type": "Inner",
                    "Startup Cost": 36038.57,
                    "Total Cost": 97092.63,
                    "Plan Rows": 151054,
                    "Plan Width": 8,
                    "Actual Startup Time": 182.068,
                    "Actual Total Time": 856.625,
                    "Actual Rows": 258628,
                    "Actual Loops": 2,
                    "Inner Unique": false,
                    "Hash Cond": "(t.id = mc.movie_id)",
                    "Plans": [
                      {
                        "Node Type": "Seq Scan",
                        "Parent Relationship": "Outer",
                        "Parallel Aware": true,
                        "Relation Name": "title",
                        "Alias": "t",
                        "Startup Cost": 0.0,
                        "Total Cost": 50870.31,
                        "Plan Rows": 1487231,
                        "Plan Width": 4,
                        "Actual Startup Time": 0.011,
                        "Actual Total Time": 154.237,
                        "Actual Rows": 1264156,
                        "Actual Loops": 2
                      },
                      {
                        "Node Type": "Hash",
                        "Parent Relationship": "Inner",
                        "Parallel Aware": true,
                        "Startup Cost": 34150.4,
                        "Total Cost": 34150.4,
                        "Plan Rows": 151054,
                        "Plan Width": 4,
                        "Actual Startup Time": 177.668,
                        "Actual Total Time": 177.67,
                        "Actual Rows": 258628,
                        "Actual Loops": 2,
                        "Hash Buckets": 524288,
                        "Original Hash Buckets": 262144,
                        "Hash Batches": 1,
                        "Original Hash Batches": 1,
                        "Peak Memory Usage": 26432,
                        "Plans": [
                          {
                            "Node Type": "Bitmap Heap Scan",
                            "Parent Relationship": "Outer",
                            "Parallel Aware": true,
                            "Relation Name": "movie_companies",
                            "Alias": "mc",
                            "Startup Cost": 10897.82,
                            "Total Cost": 34150.4,
                            "Plan Rows": 151054,
                            "Plan Width": 4,
                            "Actual Startup Time": 42.44,
                            "Actual Total Time": 110.905,
                            "Actual Rows": 258628,
                            "Actual Loops": 2,
                            "Recheck Cond": "(company_id > 73504)",
                            "Rows Removed by Index Recheck": 0,
                            "Filter": "(company_type_id = 2)",
                            "Rows Removed by Filter": 0,
                            "Exact Heap Blocks": 4739,
                            "Lossy Heap Blocks": 0,
                            "Plans": [
                              {
                                "Node Type": "Bitmap Index Scan",
                                "Parent Relationship": "Outer",
                                "Parallel Aware": false,
                                "Index Name": "company_id_movie_companies",
                                "Startup Cost": 0.0,
                                "Total Cost": 10833.62,
                                "Plan Rows": 505759,
                                "Plan Width": 0,
                                "Actual Startup Time": 43.035,
                                "Actual Total Time": 43.035,
                                "Actual Rows": 517255,
                                "Actual Loops": 1,
                                "Index Cond": "(company_id > 73504)"
                              }
                            ]
                          }
                        ]
                      }
                    ]
                  },
                  {
                    "Node Type": "Index Scan",
                    "Parent Relationship": "Inner",
                    "Parallel Aware": false,
                    "Scan Direction": "Forward",
                    "Index Name": "movie_id_movie_info",
                    "Relation Name": "movie_info",
                    "Alias": "mi",
                    "Startup Cost": 0.43,
                    "Total Cost": 1.62,
                    "Plan Rows": 36,
                    "Plan Width": 4,
                    "Actual Startup Time": 0.004,
                    "Actual Total Time": 0.01,
                    "Actual Rows": 13,
                    "Actual Loops": 517255,
                    "Index Cond": "(movie_id = t.id)",
                    "Rows Removed by Index Recheck": 0,
                    "Filter": "(info_type_id < 18)",
                    "Rows Removed by Filter": 3
                  }
                ]
              }
            ]
          }
        ]
      }
    ]
  },
  "Planning Time": 1.26,
  "Triggers": [],
  "Execution Time": 4061.344
}