{
  "Plan": {
    "Node Type": "Aggregate",
    "Strategy": "Plain",
    "Partial Mode": "Finalize",
    "Parallel Aware": false,
    "Startup Cost": 98122.78,
    "Total Cost": 98122.79,
    "Plan Rows": 1,
    "Plan Width": 8,
    "Actual Startup Time": 375.123,
    "Actual Total Time": 385.32,
    "Actual Rows": 1,
    "Actual Loops": 1,
    "Plans": [
      {
        "Node Type": "Gather",
        "Parent Relationship": "Outer",
        "Parallel Aware": false,
        "Startup Cost": 98122.67,
        "Total Cost": 98122.78,
        "Plan Rows": 1,
        "Plan Width": 8,
        "Actual Startup Time": 373.757,
        "Actual Total Time": 385.309,
        "Actual Rows": 2,
        "Actual Loops": 1,
        "Workers Planned": 1,
        "Workers Launched": 1,
        "Single Copy": false,
        "Plans": [
          {
            "Node Type": "Aggregate",
            "Strategy": "Plain",
            "Partial Mode": "Partial",
            "Parent Relationship": "Outer",
            "Parallel Aware": false,
            "Startup Cost": 97122.67,
            "Total Cost": 97122.68,
            "Plan Rows": 1,
            "Plan Width": 8,
            "Actual Startup Time": 367.885,
            "Actual Total Time": 368.042,
            "Actual Rows": 1,
            "Actual Loops": 2,
            "Plans": [
              {
                "Node Type": "Hash Join",
                "Parent Relationship": "Outer",
                "Parallel Aware": true,
                "Join Type": "Inner",
                "Startup Cost": 35814.92,
                "Total Cost": 97016.58,
                "Plan Rows": 42438,
                "Plan Width": 0,
                "Actual Startup Time": 156.338,
                "Actual Total Time": 366.598,
                "Actual Rows": 28616,
                "Actual Loops": 2,
                "Inner Unique": false,
                "Hash Cond": "(t.id = mc.movie_id)",
                "Plans": [
                  {
                    "Node Type": "Seq Scan",
                    "Parent Relationship": "Outer",
                    "Parallel Aware": true,
                    "Relation Name": "title",
                    "Alias": "t",
                    "Startup Cost": 0.0,
                    "Total Cost": 58306.47,
                    "Plan Rows": 423289,
                    "Plan Width": 4,
                    "Actual Startup Time": 0.012,
                    "Actual Total Time": 132.427,
                    "Actual Rows": 319215,
                    "Actual Loops": 2,
                    "Filter": "((production_year < 2003) AND (kind_id = 7))",
                    "Rows Removed by Filter": 944941
                  },
                  {
                    "Node Type": "Hash",
                    "Parent Relationship": "Inner",
                    "Parallel Aware": true,
                    "Startup Cost": 33951.11,
                    "Total Cost": 33951.11,
                    "Plan Rows": 149105,
                    "Plan Width": 4,
                    "Actual Startup Time": 152.824,
                    "Actual Total Time": 152.825,
                    "Actual Rows": 254222,
                    "Actual Loops": 2,
                    "Hash Buckets": 524288,
                    "Original Hash Buckets": 262144,
                    "Hash Batches": 1,
                    "Original Hash Batches": 1,
                    "Peak Memory Usage": 26080,
                    "Plans": [
                      {
                        "Node Type": "Bitmap Heap Scan",
                        "Parent Relationship": "Outer",
                        "Parallel Aware": true,
                        "Relation Name": "movie_companies",
                        "Alias": "mc",
                        "Startup Cost": 10756.08,
                        "Total Cost": 33951.11,
                        "Plan Rows": 149105,
                        "Plan Width": 4,
                        "Actual Startup Time": 42.245,
                        "Actual Total Time": 96.882,
                        "Actual Rows": 254222,
                        "Actual Loops": 2,
                        "Recheck Cond": "(company_id > 73865)",
                        "Rows Removed by Index Recheck": 0,
                        "Filter": "(company_type_id > 1)",
                        "Rows Removed by Filter": 0,
                        "Exact Heap Blocks": 4271,
                        "Lossy Heap Blocks": 0,
                        "Plans": [
                          {
                            "Node Type": "Bitmap Index Scan",
                            "Parent Relationship": "Outer",
                            "Parallel Aware": false,
                            "Index Name": "company_id_movie_companies",
                            "Startup Cost": 0.0,
                            "Total Cost": 10692.71,
                            "Plan Rows": 499237,
                            "Plan Width": 0,
                            "Actual Startup Time": 42.519,
                            "Actual Total Time": 42.519,
                            "Actual Rows": 508444,
                            "Actual Loops": 1,
                            "Index Cond": "(company_id > 73865)"
                          }
                        ]
                      }
                    ]
                  }
                ]
              }
            ]
          }
        ]
      }
    ]
  },
  "Planning Time": 0.699,
  "Triggers": [],
  "Execution Time": 385.408
}