[
  {
    "Plan": {
      "Node Type": "Aggregate",
      "Strategy": "Plain",
      "Partial Mode": "Finalize",
      "Parallel Aware": false,
      "Startup Cost": 272349.38,
      "Total Cost": 272349.39,
      "Plan Rows": 1,
      "Plan Width": 8,
      "Actual Startup Time": 202.239,
      "Actual Total Time": 239.416,
      "Actual Rows": 1,
      "Actual Loops": 1,
      "Plans": [
        {
          "Node Type": "Gather",
          "Parent Relationship": "Outer",
          "Parallel Aware": false,
          "Startup Cost": 272348.96,
          "Total Cost": 272349.37,
          "Plan Rows": 4,
          "Plan Width": 8,
          "Actual Startup Time": 202.078,
          "Actual Total Time": 239.403,
          "Actual Rows": 5,
          "Actual Loops": 1,
          "Workers Planned": 4,
          "Workers Launched": 4,
          "Single Copy": false,
          "Plans": [
            {
              "Node Type": "Aggregate",
              "Strategy": "Plain",
              "Partial Mode": "Partial",
              "Parent Relationship": "Outer",
              "Parallel Aware": false,
              "Startup Cost": 271348.96,
              "Total Cost": 271348.97,
              "Plan Rows": 1,
              "Plan Width": 8,
              "Actual Startup Time": 195.983,
              "Actual Total Time": 195.984,
              "Actual Rows": 1,
              "Actual Loops": 5,
              "Plans": [
                {
                  "Node Type": "Nested Loop",
                  "Parent Relationship": "Outer",
                  "Parallel Aware": false,
                  "Join Type": "Inner",
                  "Startup Cost": 0.56,
                  "Total Cost": 271254.55,
                  "Plan Rows": 37762,
                  "Plan Width": 0,
                  "Actual Startup Time": 0.35,
                  "Actual Total Time": 193.15,
                  "Actual Rows": 27707,
                  "Actual Loops": 5,
                  "Inner Unique": false,
                  "Plans": [
                    {
                      "Node Type": "Seq Scan",
                      "Parent Relationship": "Outer",
                      "Parallel Aware": true,
                      "Relation Name": "title",
                      "Alias": "t",
                      "Startup Cost": 0.0,
                      "Total Cost": 43899.32,
                      "Plan Rows": 2634,
                      "Plan Width": 4,
                      "Actual Startup Time": 0.175,
                      "Actual Total Time": 68.301,
                      "Actual Rows": 2231,
                      "Actual Loops": 5,
                      "Filter": "(production_year = 1963)",
                      "Rows Removed by Filter": 503432
                    },
                    {
                      "Node Type": "Index Only Scan",
                      "Parent Relationship": "Inner",
                      "Parallel Aware": false,
                      "Scan Direction": "Forward",
                      "Index Name": "movie_id_cast_info",
                      "Relation Name": "cast_info",
                      "Alias": "ci",
                      "Startup Cost": 0.56,
                      "Total Cost": 85.97,
                      "Plan Rows": 35,
                      "Plan Width": 4,
                      "Actual Startup Time": 0.014,
                      "Actual Total Time": 0.054,
                      "Actual Rows": 12,
                      "Actual Loops": 11153,
                      "Index Cond": "(movie_id = t.id)",
                      "Rows Removed by Index Recheck": 0,
                      "Heap Fetches": 138536
                    }
                  ]
                }
              ]
            }
          ]
        }
      ]
    },
    "Planning Time": 0.5,
    "Triggers": [],
    "Execution Time": 239.515
  }
]