[
  {
    "Plan": {
      "Node Type": "Aggregate",
      "Strategy": "Plain",
      "Partial Mode": "Finalize",
      "Parallel Aware": false,
      "Startup Cost": 206222.11,
      "Total Cost": 206222.12,
      "Plan Rows": 1,
      "Plan Width": 8,
      "Actual Startup Time": 144.012,
      "Actual Total Time": 165.789,
      "Actual Rows": 1,
      "Actual Loops": 1,
      "Plans": [
        {
          "Node Type": "Gather",
          "Parent Relationship": "Outer",
          "Parallel Aware": false,
          "Startup Cost": 206221.69,
          "Total Cost": 206222.1,
          "Plan Rows": 4,
          "Plan Width": 8,
          "Actual Startup Time": 143.854,
          "Actual Total Time": 165.775,
          "Actual Rows": 5,
          "Actual Loops": 1,
          "Workers Planned": 4,
          "Workers Launched": 4,
          "Single Copy": false,
          "Plans": [
            {
              "Node Type": "Aggregate",
              "Strategy": "Plain",
              "Partial Mode": "Partial",
              "Parent Relationship": "Outer",
              "Parallel Aware": false,
              "Startup Cost": 205221.69,
              "Total Cost": 205221.7,
              "Plan Rows": 1,
              "Plan Width": 8,
              "Actual Startup Time": 133.722,
              "Actual Total Time": 133.724,
              "Actual Rows": 1,
              "Actual Loops": 5,
              "Plans": [
                {
                  "Node Type": "Nested Loop",
                  "Parent Relationship": "Outer",
                  "Parallel Aware": false,
                  "Join Type": "Inner",
                  "Startup Cost": 0.43,
                  "Total Cost": 205217.8,
                  "Plan Rows": 1556,
                  "Plan Width": 0,
                  "Actual Startup Time": 2.249,
                  "Actual Total Time": 133.512,
                  "Actual Rows": 1734,
                  "Actual Loops": 5,
                  "Inner Unique": false,
                  "Plans": [
                    {
                      "Node Type": "Seq Scan",
                      "Parent Relationship": "Outer",
                      "Parallel Aware": true,
                      "Relation Name": "title",
                      "Alias": "t",
                      "Startup Cost": 0.0,
                      "Total Cost": 43899.32,
                      "Plan Rows": 1791,
                      "Plan Width": 4,
                      "Actual Startup Time": 0.456,
                      "Actual Total Time": 82.551,
                      "Actual Rows": 1367,
                      "Actual Loops": 5,
                      "Filter": "(production_year = 1953)",
                      "Rows Removed by Filter": 504296
                    },
                    {
                      "Node Type": "Index Scan",
                      "Parent Relationship": "Inner",
                      "Parallel Aware": false,
                      "Scan Direction": "Forward",
                      "Index Name": "movie_id_movie_info",
                      "Relation Name": "movie_info",
                      "Alias": "mi",
                      "Startup Cost": 0.43,
                      "Total Cost": 90.01,
                      "Plan Rows": 6,
                      "Plan Width": 4,
                      "Actual Startup Time": 0.025,
                      "Actual Total Time": 0.037,
                      "Actual Rows": 1,
                      "Actual Loops": 6834,
                      "Index Cond": "(movie_id = t.id)",
                      "Rows Removed by Index Recheck": 0,
                      "Filter": "(info_type_id > 16)",
                      "Rows Removed by Filter": 8
                    }
                  ]
                }
              ]
            }
          ]
        }
      ]
    },
    "Planning Time": 0.548,
    "Triggers": [],
    "Execution Time": 165.856
  }
]