{
  "Plan": {
    "Node Type": "Aggregate",
    "Strategy": "Plain",
    "Partial Mode": "Finalize",
    "Parallel Aware": false,
    "Startup Cost": 232069.87,
    "Total Cost": 232069.88,
    "Plan Rows": 1,
    "Plan Width": 8,
    "Actual Startup Time": 884.185,
    "Actual Total Time": 907.501,
    "Actual Rows": 1,
    "Actual Loops": 1,
    "Plans": [
      {
        "Node Type": "Gather",
        "Parent Relationship": "Outer",
        "Parallel Aware": false,
        "Startup Cost": 232069.75,
        "Total Cost": 232069.86,
        "Plan Rows": 1,
        "Plan Width": 8,
        "Actual Startup Time": 882.372,
        "Actual Total Time": 907.495,
        "Actual Rows": 2,
        "Actual Loops": 1,
        "Workers Planned": 1,
        "Workers Launched": 1,
        "Single Copy": false,
        "Plans": [
          {
            "Node Type": "Aggregate",
            "Strategy": "Plain",
            "Partial Mode": "Partial",
            "Parent Relationship": "Outer",
            "Parallel Aware": false,
            "Startup Cost": 231069.75,
            "Total Cost": 231069.76,
            "Plan Rows": 1,
            "Plan Width": 8,
            "Actual Startup Time": 876.077,
            "Actual Total Time": 876.083,
            "Actual Rows": 1,
            "Actual Loops": 2,
            "Plans": [
              {
                "Node Type": "Hash Join",
                "Parent Relationship": "Outer",
                "Parallel Aware": true,
                "Join Type": "Inner",
                "Startup Cost": 80367.76,
                "Total Cost": 230904.1,
                "Plan Rows": 66261,
                "Plan Width": 0,
                "Actual Startup Time": 337.149,
                "Actual Total Time": 870.08,
                "Actual Rows": 131113,
                "Actual Loops": 2,
                "Inner Unique": false,
                "Hash Cond": "(ci.movie_id = t.id)",
                "Plans": [
                  {
                    "Node Type": "Index Scan",
                    "Parent Relationship": "Outer",
                    "Parallel Aware": true,
                    "Scan Direction": "Forward",
                    "Index Name": "role_id_cast_info",
                    "Relation Name": "cast_info",
                    "Alias": "ci",
                    "Startup Cost": 0.56,
                    "Total Cost": 140896.75,
                    "Plan Rows": 2466768,
                    "Plan Width": 4,
                    "Actual Startup Time": 0.12,
                    "Actual Total Time": 328.615,
                    "Actual Rows": 1481834,
                    "Actual Loops": 2,
                    "Index Cond": "(role_id = 10)",
                    "Rows Removed by Index Recheck": 0,
                    "Filter": "(person_id < 3759529)",
                    "Rows Removed by Filter": 679674
                  },
                  {
                    "Node Type": "Hash",
                    "Parent Relationship": "Inner",
                    "Parallel Aware": true,
                    "Startup Cost": 79867.83,
                    "Total Cost": 79867.83,
                    "Plan Rows": 39949,
                    "Plan Width": 8,
                    "Actual Startup Time": 334.581,
                    "Actual Total Time": 334.585,
                    "Actual Rows": 78744,
                    "Actual Loops": 2,
                    "Hash Buckets": 262144,
                    "Original Hash Buckets": 131072,
                    "Hash Batches": 1,
                    "Original Hash Batches": 1,
                    "Peak Memory Usage": 9248,
                    "Plans": [
                      {
                        "Node Type": "Hash Join",
                        "Parent Relationship": "Outer",
                        "Parallel Aware": true,
                        "Join Type": "Inner",
                        "Startup Cost": 61083.52,
                        "Total Cost": 79867.83,
                        "Plan Rows": 39949,
                        "Plan Width": 8,
                        "Actual Startup Time": 206.139,
                        "Actual Total Time": 314.545,
                        "Actual Rows": 78744,
                        "Actual Loops": 2,
                        "Inner Unique": true,
                        "Hash Cond": "(mi_idx.movie_id = t.id)",
                        "Plans": [
                          {
                            "Node Type": "Seq Scan",
                            "Parent Relationship": "Outer",
                            "Parallel Aware": true,
                            "Relation Name": "movie_info_idx",
                            "Alias": "mi_idx",
                            "Startup Cost": 0.0,
                            "Total Cost": 18082.32,
                            "Plan Rows": 267429,
                            "Plan Width": 4,
                            "Actual Startup Time": 0.021,
                            "Actual Total Time": 50.92,
                            "Actual Rows": 229962,
                            "Actual Loops": 2,
                            "Filter": "(info_type_id = 99)",
                            "Rows Removed by Filter": 460055
                          },
                          {
                            "Node Type": "Hash",
                            "Parent Relationship": "Inner",
                            "Parallel Aware": true,
                            "Startup Cost": 58306.47,
                            "Total Cost": 58306.47,
                            "Plan Rows": 222164,
                            "Plan Width": 4,
                            "Actual Startup Time": 201.378,
                            "Actual Total Time": 201.379,
                            "Actual Rows": 242410,
                            "Actual Loops": 2,
                            "Hash Buckets": 524288,
                            "Original Hash Buckets": 524288,
                            "Hash Batches": 1,
                            "Original Hash Batches": 1,
                            "Peak Memory Usage": 23104,
                            "Plans": [
                              {
                                "Node Type": "Seq Scan",
                                "Parent Relationship": "Outer",
                                "Parallel Aware": true,
                                "Relation Name": "title",
                                "Alias": "t",
                                "Startup Cost": 0.0,
                                "Total Cost": 58306.47,
                                "Plan Rows": 222164,
                                "Plan Width": 4,
                                "Actual Startup Time": 0.051,
                                "Actual Total Time": 148.976,
                                "Actual Rows": 242410,
                                "Actual Loops": 2,
                                "Filter": "((kind_id < 7) AND (production_year < 1999))",
                                "Rows Removed by Filter": 1021746
                              }
                            ]
                          }
                        ]
                      }
                    ]
                  }
                ]
              }
            ]
          }
        ]
      }
    ]
  },
  "Planning Time": 1.025,
  "Triggers": [],
  "Execution Time": 907.588
}