[
  {
    "Plan": {
      "Node Type": "Aggregate",
      "Strategy": "Plain",
      "Partial Mode": "Finalize",
      "Parallel Aware": false,
      "Startup Cost": 84778.25,
      "Total Cost": 84778.26,
      "Plan Rows": 1,
      "Plan Width": 8,
      "Actual Startup Time": 451.667,
      "Actual Total Time": 466.078,
      "Actual Rows": 1,
      "Actual Loops": 1,
      "Plans": [
        {
          "Node Type": "Gather",
          "Parent Relationship": "Outer",
          "Parallel Aware": false,
          "Startup Cost": 84777.93,
          "Total Cost": 84778.24,
          "Plan Rows": 3,
          "Plan Width": 8,
          "Actual Startup Time": 441.195,
          "Actual Total Time": 466.067,
          "Actual Rows": 4,
          "Actual Loops": 1,
          "Workers Planned": 3,
          "Workers Launched": 3,
          "Single Copy": false,
          "Plans": [
            {
              "Node Type": "Aggregate",
              "Strategy": "Plain",
              "Partial Mode": "Partial",
              "Parent Relationship": "Outer",
              "Parallel Aware": false,
              "Startup Cost": 83777.93,
              "Total Cost": 83777.94,
              "Plan Rows": 1,
              "Plan Width": 8,
              "Actual Startup Time": 429.272,
              "Actual Total Time": 429.276,
              "Actual Rows": 1,
              "Actual Loops": 4,
              "Plans": [
                {
                  "Node Type": "Hash Join",
                  "Parent Relationship": "Outer",
                  "Parallel Aware": true,
                  "Join Type": "Inner",
                  "Startup Cost": 51013.3,
                  "Total Cost": 83237.84,
                  "Plan Rows": 216036,
                  "Plan Width": 0,
                  "Actual Startup Time": 303.835,
                  "Actual Total Time": 424.21,
                  "Actual Rows": 124687,
                  "Actual Loops": 4,
                  "Inner Unique": true,
                  "Hash Cond": "(mc.movie_id = t.id)",
                  "Plans": [
                    {
                      "Node Type": "Seq Scan",
                      "Parent Relationship": "Outer",
                      "Parallel Aware": true,
                      "Relation Name": "movie_companies",
                      "Alias": "mc",
                      "Startup Cost": 0.0,
                      "Total Cost": 31414.82,
                      "Plan Rows": 308467,
                      "Plan Width": 4,
                      "Actual Startup Time": 30.353,
                      "Actual Total Time": 66.349,
                      "Actual Rows": 279320,
                      "Actual Loops": 4,
                      "Filter": "((company_id > 1435) AND (company_type_id > 1))",
                      "Rows Removed by Filter": 372963
                    },
                    {
                      "Node Type": "Hash",
                      "Parent Relationship": "Inner",
                      "Parallel Aware": true,
                      "Startup Cost": 45479.59,
                      "Total Cost": 45479.59,
                      "Plan Rows": 442697,
                      "Plan Width": 4,
                      "Actual Startup Time": 265.607,
                      "Actual Total Time": 265.608,
                      "Actual Rows": 449976,
                      "Actual Loops": 4,
                      "Hash Buckets": 2097152,
                      "Original Hash Buckets": 2097152,
                      "Hash Batches": 1,
                      "Original Hash Batches": 1,
                      "Peak Memory Usage": 86880,
                      "Plans": [
                        {
                          "Node Type": "Seq Scan",
                          "Parent Relationship": "Outer",
                          "Parallel Aware": true,
                          "Relation Name": "title",
                          "Alias": "t",
                          "Startup Cost": 0.0,
                          "Total Cost": 45479.59,
                          "Plan Rows": 442697,
                          "Plan Width": 4,
                          "Actual Startup Time": 0.046,
                          "Actual Total Time": 111.041,
                          "Actual Rows": 449976,
                          "Actual Loops": 4,
                          "Filter": "((kind_id > 1) AND (production_year > 1914))",
                          "Rows Removed by Filter": 182102
                        }
                      ]
                    }
                  ]
                }
              ]
            }
          ]
        }
      ]
    },
    "Planning Time": 0.61,
    "Triggers": [],
    "Execution Time": 466.154
  }
]