[
  {
    "Plan": {
      "Node Type": "Aggregate",
      "Strategy": "Plain",
      "Partial Mode": "Finalize",
      "Parallel Aware": false,
      "Startup Cost": 84767.69,
      "Total Cost": 84767.7,
      "Plan Rows": 1,
      "Plan Width": 8,
      "Actual Startup Time": 460.281,
      "Actual Total Time": 474.93,
      "Actual Rows": 1,
      "Actual Loops": 1,
      "Plans": [
        {
          "Node Type": "Gather",
          "Parent Relationship": "Outer",
          "Parallel Aware": false,
          "Startup Cost": 84767.37,
          "Total Cost": 84767.68,
          "Plan Rows": 3,
          "Plan Width": 8,
          "Actual Startup Time": 451.054,
          "Actual Total Time": 474.923,
          "Actual Rows": 4,
          "Actual Loops": 1,
          "Workers Planned": 3,
          "Workers Launched": 3,
          "Single Copy": false,
          "Plans": [
            {
              "Node Type": "Aggregate",
              "Strategy": "Plain",
              "Partial Mode": "Partial",
              "Parent Relationship": "Outer",
              "Parallel Aware": false,
              "Startup Cost": 83767.37,
              "Total Cost": 83767.38,
              "Plan Rows": 1,
              "Plan Width": 8,
              "Actual Startup Time": 439.958,
              "Actual Total Time": 439.961,
              "Actual Rows": 1,
              "Actual Loops": 4,
              "Plans": [
                {
                  "Node Type": "Hash Join",
                  "Parent Relationship": "Outer",
                  "Parallel Aware": true,
                  "Join Type": "Inner",
                  "Startup Cost": 51012.59,
                  "Total Cost": 83231.22,
                  "Plan Rows": 214461,
                  "Plan Width": 0,
                  "Actual Startup Time": 310.302,
                  "Actual Total Time": 434.852,
                  "Actual Rows": 124687,
                  "Actual Loops": 4,
                  "Inner Unique": true,
                  "Hash Cond": "(mc.movie_id = t.id)",
                  "Plans": [
                    {
                      "Node Type": "Seq Scan",
                      "Parent Relationship": "Outer",
                      "Parallel Aware": true,
                      "Relation Name": "movie_companies",
                      "Alias": "mc",
                      "Startup Cost": 0.0,
                      "Total Cost": 31414.82,
                      "Plan Rows": 306215,
                      "Plan Width": 4,
                      "Actual Startup Time": 30.1,
                      "Actual Total Time": 66.382,
                      "Actual Rows": 279320,
                      "Actual Loops": 4,
                      "Filter": "((company_id > 1435) AND (company_type_id > 1))",
                      "Rows Removed by Filter": 372963
                    },
                    {
                      "Node Type": "Hash",
                      "Parent Relationship": "Inner",
                      "Parallel Aware": true,
                      "Startup Cost": 45479.1,
                      "Total Cost": 45479.1,
                      "Plan Rows": 442679,
                      "Plan Width": 4,
                      "Actual Startup Time": 273.62,
                      "Actual Total Time": 273.62,
                      "Actual Rows": 449976,
                      "Actual Loops": 4,
                      "Hash Buckets": 2097152,
                      "Original Hash Buckets": 2097152,
                      "Hash Batches": 1,
                      "Original Hash Batches": 1,
                      "Peak Memory Usage": 86880,
                      "Plans": [
                        {
                          "Node Type": "Seq Scan",
                          "Parent Relationship": "Outer",
                          "Parallel Aware": true,
                          "Relation Name": "title",
                          "Alias": "t",
                          "Startup Cost": 0.0,
                          "Total Cost": 45479.1,
                          "Plan Rows": 442679,
                          "Plan Width": 4,
                          "Actual Startup Time": 0.035,
                          "Actual Total Time": 111.948,
                          "Actual Rows": 449976,
                          "Actual Loops": 4,
                          "Filter": "((kind_id > 1) AND (production_year > 1914))",
                          "Rows Removed by Filter": 182102
                        }
                      ]
                    }
                  ]
                }
              ]
            }
          ]
        }
      ]
    },
    "Planning Time": 0.404,
    "Triggers": [],
    "Execution Time": 474.978
  }
]