{
  "Plan": {
    "Node Type": "Aggregate",
    "Strategy": "Plain",
    "Partial Mode": "Finalize",
    "Parallel Aware": false,
    "Startup Cost": 136166.75,
    "Total Cost": 136166.76,
    "Plan Rows": 1,
    "Plan Width": 8,
    "Actual Startup Time": 713.428,
    "Actual Total Time": 737.595,
    "Actual Rows": 1,
    "Actual Loops": 1,
    "Plans": [
      {
        "Node Type": "Gather",
        "Parent Relationship": "Outer",
        "Parallel Aware": false,
        "Startup Cost": 136166.64,
        "Total Cost": 136166.75,
        "Plan Rows": 1,
        "Plan Width": 8,
        "Actual Startup Time": 711.471,
        "Actual Total Time": 737.587,
        "Actual Rows": 2,
        "Actual Loops": 1,
        "Workers Planned": 1,
        "Workers Launched": 1,
        "Single Copy": false,
        "Plans": [
          {
            "Node Type": "Aggregate",
            "Strategy": "Plain",
            "Partial Mode": "Partial",
            "Parent Relationship": "Outer",
            "Parallel Aware": false,
            "Startup Cost": 135166.64,
            "Total Cost": 135166.65,
            "Plan Rows": 1,
            "Plan Width": 8,
            "Actual Startup Time": 705.381,
            "Actual Total Time": 705.385,
            "Actual Rows": 1,
            "Actual Loops": 2,
            "Plans": [
              {
                "Node Type": "Nested Loop",
                "Parent Relationship": "Outer",
                "Parallel Aware": false,
                "Join Type": "Inner",
                "Startup Cost": 70167.53,
                "Total Cost": 135033.76,
                "Plan Rows": 53149,
                "Plan Width": 0,
                "Actual Startup Time": 254.118,
                "Actual Total Time": 677.534,
                "Actual Rows": 669825,
                "Actual Loops": 2,
                "Inner Unique": false,
                "Plans": [
                  {
                    "Node Type": "Hash Join",
                    "Parent Relationship": "Outer",
                    "Parallel Aware": true,
                    "Join Type": "Inner",
                    "Startup Cost": 70167.1,
                    "Total Cost": 97444.77,
                    "Plan Rows": 51502,
                    "Plan Width": 8,
                    "Actual Startup Time": 254.051,
                    "Actual Total Time": 356.52,
                    "Actual Rows": 80301,
                    "Actual Loops": 2,
                    "Inner Unique": true,
                    "Hash Cond": "(mk.movie_id = t.id)",
                    "Plans": [
                      {
                        "Node Type": "Bitmap Heap Scan",
                        "Parent Relationship": "Outer",
                        "Parallel Aware": true,
                        "Relation Name": "movie_keyword",
                        "Alias": "mk",
                        "Startup Cost": 6732.07,
                        "Total Cost": 33519.68,
                        "Plan Rows": 186689,
                        "Plan Width": 4,
                        "Actual Startup Time": 21.912,
                        "Actual Total Time": 76.415,
                        "Actual Rows": 167071,
                        "Actual Loops": 2,
                        "Recheck Cond": "(keyword_id < 275)",
                        "Rows Removed by Index Recheck": 0,
                        "Exact Heap Blocks": 13094,
                        "Lossy Heap Blocks": 0,
                        "Plans": [
                          {
                            "Node Type": "Bitmap Index Scan",
                            "Parent Relationship": "Outer",
                            "Parallel Aware": false,
                            "Index Name": "keyword_id_movie_keyword",
                            "Startup Cost": 0.0,
                            "Total Cost": 6652.72,
                            "Plan Rows": 317372,
                            "Plan Width": 0,
                            "Actual Startup Time": 18.314,
                            "Actual Total Time": 18.315,
                            "Actual Rows": 334142,
                            "Actual Loops": 1,
                            "Index Cond": "(keyword_id < 275)"
                          }
                        ]
                      },
                      {
                        "Node Type": "Hash",
                        "Parent Relationship": "Inner",
                        "Parallel Aware": true,
                        "Startup Cost": 58306.47,
                        "Total Cost": 58306.47,
                        "Plan Rows": 410285,
                        "Plan Width": 4,
                        "Actual Startup Time": 223.323,
                        "Actual Total Time": 223.324,
                        "Actual Rows": 297584,
                        "Actual Loops": 2,
                        "Hash Buckets": 1048576,
                        "Original Hash Buckets": 1048576,
                        "Hash Batches": 1,
                        "Original Hash Batches": 1,
                        "Peak Memory Usage": 31488,
                        "Plans": [
                          {
                            "Node Type": "Seq Scan",
                            "Parent Relationship": "Outer",
                            "Parallel Aware": true,
                            "Relation Name": "title",
                            "Alias": "t",
                            "Startup Cost": 0.0,
                            "Total Cost": 58306.47,
                            "Plan Rows": 410285,
                            "Plan Width": 4,
                            "Actual Startup Time": 0.038,
                            "Actual Total Time": 150.308,
                            "Actual Rows": 297584,
                            "Actual Loops": 2,
                            "Filter": "((kind_id < 7) AND (production_year > 1989))",
                            "Rows Removed by Filter": 966572
                          }
                        ]
                      }
                    ]
                  },
                  {
                    "Node Type": "Index Only Scan",
                    "Parent Relationship": "Inner",
                    "Parallel Aware": false,
                    "Scan Direction": "Forward",
                    "Index Name": "movie_id_movie_companies",
                    "Relation Name": "movie_companies",
                    "Alias": "mc",
                    "Startup Cost": 0.43,
                    "Total Cost": 0.68,
                    "Plan Rows": 5,
                    "Plan Width": 4,
                    "Actual Startup Time": 0.002,
                    "Actual Total Time": 0.003,
                    "Actual Rows": 8,
                    "Actual Loops": 160602,
                    "Index Cond": "(movie_id = t.id)",
                    "Rows Removed by Index Recheck": 0,
                    "Heap Fetches": 1339650
                  }
                ]
              }
            ]
          }
        ]
      }
    ]
  },
  "Planning Time": 1.072,
  "Triggers": [],
  "Execution Time": 737.699
}