{
  "Plan": {
    "Node Type": "Aggregate",
    "Strategy": "Plain",
    "Partial Mode": "Finalize",
    "Parallel Aware": false,
    "Startup Cost": 401105.77,
    "Total Cost": 401105.78,
    "Plan Rows": 1,
    "Plan Width": 8,
    "Actual Startup Time": 3398.387,
    "Actual Total Time": 3450.154,
    "Actual Rows": 1,
    "Actual Loops": 1,
    "Plans": [
      {
        "Node Type": "Gather",
        "Parent Relationship": "Outer",
        "Parallel Aware": false,
        "Startup Cost": 401105.66,
        "Total Cost": 401105.77,
        "Plan Rows": 1,
        "Plan Width": 8,
        "Actual Startup Time": 3395.067,
        "Actual Total Time": 3450.144,
        "Actual Rows": 2,
        "Actual Loops": 1,
        "Workers Planned": 1,
        "Workers Launched": 1,
        "Single Copy": false,
        "Plans": [
          {
            "Node Type": "Aggregate",
            "Strategy": "Plain",
            "Partial Mode": "Partial",
            "Parent Relationship": "Outer",
            "Parallel Aware": false,
            "Startup Cost": 400105.66,
            "Total Cost": 400105.67,
            "Plan Rows": 1,
            "Plan Width": 8,
            "Actual Startup Time": 3389.628,
            "Actual Total Time": 3390.109,
            "Actual Rows": 1,
            "Actual Loops": 2,
            "Plans": [
              {
                "Node Type": "Hash Join",
                "Parent Relationship": "Outer",
                "Parallel Aware": true,
                "Join Type": "Inner",
                "Startup Cost": 103526.62,
                "Total Cost": 395628.31,
                "Plan Rows": 1790939,
                "Plan Width": 0,
                "Actual Startup Time": 704.485,
                "Actual Total Time": 3179.415,
                "Actual Rows": 4165869,
                "Actual Loops": 2,
                "Inner Unique": false,
                "Hash Cond": "(mi.movie_id = t.id)",
                "Plans": [
                  {
                    "Node Type": "Seq Scan",
                    "Parent Relationship": "Outer",
                    "Parallel Aware": true,
                    "Relation Name": "movie_info",
                    "Alias": "mi",
                    "Startup Cost": 0.0,
                    "Total Cost": 248955.74,
                    "Plan Rows": 8696274,
                    "Plan Width": 4,
                    "Actual Startup Time": 0.017,
                    "Actual Total Time": 780.021,
                    "Actual Rows": 7417860,
                    "Actual Loops": 2
                  },
                  {
                    "Node Type": "Hash",
                    "Parent Relationship": "Inner",
                    "Parallel Aware": true,
                    "Startup Cost": 99698.05,
                    "Total Cost": 99698.05,
                    "Plan Rows": 306285,
                    "Plan Width": 8,
                    "Actual Startup Time": 697.303,
                    "Actual Total Time": 697.782,
                    "Actual Rows": 265394,
                    "Actual Loops": 2,
                    "Hash Buckets": 1048576,
                    "Original Hash Buckets": 524288,
                    "Hash Batches": 1,
                    "Original Hash Batches": 1,
                    "Peak Memory Usage": 33088,
                    "Plans": [
                      {
                        "Node Type": "Hash Join",
                        "Parent Relationship": "Outer",
                        "Parallel Aware": true,
                        "Join Type": "Inner",
                        "Startup Cost": 37730.87,
                        "Total Cost": 99698.05,
                        "Plan Rows": 306285,
                        "Plan Width": 8,
                        "Actual Startup Time": 175.416,
                        "Actual Total Time": 604.241,
                        "Actual Rows": 265394,
                        "Actual Loops": 2,
                        "Inner Unique": false,
                        "Hash Cond": "(t.id = mc.movie_id)",
                        "Plans": [
                          {
                            "Node Type": "Seq Scan",
                            "Parent Relationship": "Outer",
                            "Parallel Aware": true,
                            "Relation Name": "title",
                            "Alias": "t",
                            "Startup Cost": 0.0,
                            "Total Cost": 50870.31,
                            "Plan Rows": 1487231,
                            "Plan Width": 4,
                            "Actual Startup Time": 0.018,
                            "Actual Total Time": 128.395,
                            "Actual Rows": 1264156,
                            "Actual Loops": 2
                          },
                          {
                            "Node Type": "Hash",
                            "Parent Relationship": "Inner",
                            "Parallel Aware": true,
                            "Startup Cost": 33902.3,
                            "Total Cost": 33902.3,
                            "Plan Rows": 306285,
                            "Plan Width": 4,
                            "Actual Startup Time": 171.811,
                            "Actual Total Time": 171.812,
                            "Actual Rows": 265394,
                            "Actual Loops": 2,
                            "Hash Buckets": 1048576,
                            "Original Hash Buckets": 524288,
                            "Hash Batches": 1,
                            "Original Hash Batches": 1,
                            "Peak Memory Usage": 33088,
                            "Plans": [
                              {
                                "Node Type": "Bitmap Heap Scan",
                                "Parent Relationship": "Outer",
                                "Parallel Aware": true,
                                "Relation Name": "movie_companies",
                                "Alias": "mc",
                                "Startup Cost": 11283.74,
                                "Total Cost": 33902.3,
                                "Plan Rows": 306285,
                                "Plan Width": 4,
                                "Actual Startup Time": 35.836,
                                "Actual Total Time": 88.063,
                                "Actual Rows": 265394,
                                "Actual Loops": 2,
                                "Recheck Cond": "(company_id > 72679)",
                                "Rows Removed by Index Recheck": 0,
                                "Exact Heap Blocks": 4553,
                                "Lossy Heap Blocks": 0,
                                "Plans": [
                                  {
                                    "Node Type": "Bitmap Index Scan",
                                    "Parent Relationship": "Outer",
                                    "Parallel Aware": false,
                                    "Index Name": "company_id_movie_companies",
                                    "Startup Cost": 0.0,
                                    "Total Cost": 11153.57,
                                    "Plan Rows": 520685,
                                    "Plan Width": 0,
                                    "Actual Startup Time": 34.665,
                                    "Actual Total Time": 34.665,
                                    "Actual Rows": 530788,
                                    "Actual Loops": 1,
                                    "Index Cond": "(company_id > 72679)"
                                  }
                                ]
                              }
                            ]
                          }
                        ]
                      }
                    ]
                  }
                ]
              }
            ]
          }
        ]
      }
    ]
  },
  "Planning Time": 0.72,
  "Triggers": [],
  "Execution Time": 3450.278
}