[
  {
    "Plan": {
      "Node Type": "Aggregate",
      "Strategy": "Plain",
      "Partial Mode": "Finalize",
      "Parallel Aware": false,
      "Startup Cost": 292397.26,
      "Total Cost": 292397.27,
      "Plan Rows": 1,
      "Plan Width": 8,
      "Actual Startup Time": 170.069,
      "Actual Total Time": 176.963,
      "Actual Rows": 1,
      "Actual Loops": 1,
      "Plans": [
        {
          "Node Type": "Gather",
          "Parent Relationship": "Outer",
          "Parallel Aware": false,
          "Startup Cost": 292396.63,
          "Total Cost": 292397.24,
          "Plan Rows": 6,
          "Plan Width": 8,
          "Actual Startup Time": 169.508,
          "Actual Total Time": 176.955,
          "Actual Rows": 7,
          "Actual Loops": 1,
          "Workers Planned": 6,
          "Workers Launched": 6,
          "Single Copy": false,
          "Plans": [
            {
              "Node Type": "Aggregate",
              "Strategy": "Plain",
              "Partial Mode": "Partial",
              "Parent Relationship": "Outer",
              "Parallel Aware": false,
              "Startup Cost": 291396.63,
              "Total Cost": 291396.64,
              "Plan Rows": 1,
              "Plan Width": 8,
              "Actual Startup Time": 160.745,
              "Actual Total Time": 160.746,
              "Actual Rows": 1,
              "Actual Loops": 7,
              "Plans": [
                {
                  "Node Type": "Bitmap Heap Scan",
                  "Parent Relationship": "Outer",
                  "Parallel Aware": true,
                  "Relation Name": "cast_info",
                  "Alias": "ci",
                  "Startup Cost": 34773.76,
                  "Total Cost": 290740.65,
                  "Plan Rows": 262391,
                  "Plan Width": 0,
                  "Actual Startup Time": 83.342,
                  "Actual Total Time": 146.566,
                  "Actual Rows": 231038,
                  "Actual Loops": 7,
                  "Recheck Cond": "(person_id < 161247)",
                  "Rows Removed by Index Recheck": 0,
                  "Exact Heap Blocks": 4115,
                  "Lossy Heap Blocks": 0,
                  "Plans": [
                    {
                      "Node Type": "Bitmap Index Scan",
                      "Parent Relationship": "Outer",
                      "Parallel Aware": false,
                      "Index Name": "person_id_cast_info",
                      "Startup Cost": 0.0,
                      "Total Cost": 34380.18,
                      "Plan Rows": 1574348,
                      "Plan Width": 0,
                      "Actual Startup Time": 88.268,
                      "Actual Total Time": 88.269,
                      "Actual Rows": 1617264,
                      "Actual Loops": 1,
                      "Index Cond": "(person_id < 161247)"
                    }
                  ]
                }
              ]
            }
          ]
        }
      ]
    },
    "Planning Time": 0.186,
    "Triggers": [],
    "Execution Time": 177.033
  }
]