{
  "Plan": {
    "Node Type": "Aggregate",
    "Strategy": "Plain",
    "Partial Mode": "Finalize",
    "Parallel Aware": false,
    "Startup Cost": 101258.86,
    "Total Cost": 101258.87,
    "Plan Rows": 1,
    "Plan Width": 8,
    "Actual Startup Time": 705.028,
    "Actual Total Time": 725.425,
    "Actual Rows": 1,
    "Actual Loops": 1,
    "Plans": [
      {
        "Node Type": "Gather",
        "Parent Relationship": "Outer",
        "Parallel Aware": false,
        "Startup Cost": 101258.75,
        "Total Cost": 101258.86,
        "Plan Rows": 1,
        "Plan Width": 8,
        "Actual Startup Time": 701.829,
        "Actual Total Time": 725.414,
        "Actual Rows": 2,
        "Actual Loops": 1,
        "Workers Planned": 1,
        "Workers Launched": 1,
        "Single Copy": false,
        "Plans": [
          {
            "Node Type": "Aggregate",
            "Strategy": "Plain",
            "Partial Mode": "Partial",
            "Parent Relationship": "Outer",
            "Parallel Aware": false,
            "Startup Cost": 100258.75,
            "Total Cost": 100258.76,
            "Plan Rows": 1,
            "Plan Width": 8,
            "Actual Startup Time": 688.436,
            "Actual Total Time": 688.44,
            "Actual Rows": 1,
            "Actual Loops": 2,
            "Plans": [
              {
                "Node Type": "Hash Join",
                "Parent Relationship": "Outer",
                "Parallel Aware": true,
                "Join Type": "Inner",
                "Startup Cost": 73722.01,
                "Total Cost": 99963.33,
                "Plan Rows": 118169,
                "Plan Width": 0,
                "Actual Startup Time": 603.803,
                "Actual Total Time": 683.891,
                "Actual Rows": 99262,
                "Actual Loops": 2,
                "Inner Unique": true,
                "Hash Cond": "(mk.movie_id = t.id)",
                "Plans": [
                  {
                    "Node Type": "Bitmap Heap Scan",
                    "Parent Relationship": "Outer",
                    "Parallel Aware": true,
                    "Relation Name": "movie_keyword",
                    "Alias": "mk",
                    "Startup Cost": 4261.31,
                    "Total Cost": 30192.43,
                    "Plan Rows": 118169,
                    "Plan Width": 4,
                    "Actual Startup Time": 15.283,
                    "Actual Total Time": 64.263,
                    "Actual Rows": 99262,
                    "Actual Loops": 2,
                    "Recheck Cond": "(keyword_id > 69065)",
                    "Rows Removed by Index Recheck": 0,
                    "Exact Heap Blocks": 11493,
                    "Lossy Heap Blocks": 0,
                    "Plans": [
                      {
                        "Node Type": "Bitmap Index Scan",
                        "Parent Relationship": "Outer",
                        "Parallel Aware": false,
                        "Index Name": "keyword_id_movie_keyword",
                        "Startup Cost": 0.0,
                        "Total Cost": 4211.09,
                        "Plan Rows": 200888,
                        "Plan Width": 0,
                        "Actual Startup Time": 12.435,
                        "Actual Total Time": 12.436,
                        "Actual Rows": 198523,
                        "Actual Loops": 1,
                        "Index Cond": "(keyword_id > 69065)"
                      }
                    ]
                  },
                  {
                    "Node Type": "Hash",
                    "Parent Relationship": "Inner",
                    "Parallel Aware": true,
                    "Startup Cost": 50870.31,
                    "Total Cost": 50870.31,
                    "Plan Rows": 1487231,
                    "Plan Width": 4,
                    "Actual Startup Time": 566.349,
                    "Actual Total Time": 566.35,
                    "Actual Rows": 1264156,
                    "Actual Loops": 2,
                    "Hash Buckets": 4194304,
                    "Original Hash Buckets": 4194304,
                    "Hash Batches": 1,
                    "Original Hash Batches": 1,
                    "Peak Memory Usage": 131712,
                    "Plans": [
                      {
                        "Node Type": "Seq Scan",
                        "Parent Relationship": "Outer",
                        "Parallel Aware": true,
                        "Relation Name": "title",
                        "Alias": "t",
                        "Startup Cost": 0.0,
                        "Total Cost": 50870.31,
                        "Plan Rows": 1487231,
                        "Plan Width": 4,
                        "Actual Startup Time": 0.03,
                        "Actual Total Time": 157.982,
                        "Actual Rows": 1264156,
                        "Actual Loops": 2
                      }
                    ]
                  }
                ]
              }
            ]
          }
        ]
      }
    ]
  },
  "Planning Time": 0.663,
  "Triggers": [],
  "Execution Time": 725.513
}