{
  "Plan": {
    "Node Type": "Aggregate",
    "Strategy": "Plain",
    "Partial Mode": "Finalize",
    "Parallel Aware": false,
    "Startup Cost": 469786.83,
    "Total Cost": 469786.84,
    "Plan Rows": 1,
    "Plan Width": 8,
    "Actual Startup Time": 1982.812,
    "Actual Total Time": 2015.342,
    "Actual Rows": 1,
    "Actual Loops": 1,
    "Plans": [
      {
        "Node Type": "Gather",
        "Parent Relationship": "Outer",
        "Parallel Aware": false,
        "Startup Cost": 469786.72,
        "Total Cost": 469786.83,
        "Plan Rows": 1,
        "Plan Width": 8,
        "Actual Startup Time": 1982.162,
        "Actual Total Time": 2015.333,
        "Actual Rows": 2,
        "Actual Loops": 1,
        "Workers Planned": 1,
        "Workers Launched": 1,
        "Single Copy": false,
        "Plans": [
          {
            "Node Type": "Aggregate",
            "Strategy": "Plain",
            "Partial Mode": "Partial",
            "Parent Relationship": "Outer",
            "Parallel Aware": false,
            "Startup Cost": 468786.72,
            "Total Cost": 468786.73,
            "Plan Rows": 1,
            "Plan Width": 8,
            "Actual Startup Time": 1979.018,
            "Actual Total Time": 1979.022,
            "Actual Rows": 1,
            "Actual Loops": 2,
            "Plans": [
              {
                "Node Type": "Hash Join",
                "Parent Relationship": "Outer",
                "Parallel Aware": true,
                "Join Type": "Inner",
                "Startup Cost": 58746.23,
                "Total Cost": 468587.28,
                "Plan Rows": 79776,
                "Plan Width": 0,
                "Actual Startup Time": 170.702,
                "Actual Total Time": 1965.948,
                "Actual Rows": 294190,
                "Actual Loops": 2,
                "Inner Unique": true,
                "Hash Cond": "(ci.movie_id = t.id)",
                "Plans": [
                  {
                    "Node Type": "Index Scan",
                    "Parent Relationship": "Outer",
                    "Parallel Aware": true,
                    "Scan Direction": "Forward",
                    "Index Name": "role_id_cast_info",
                    "Relation Name": "cast_info",
                    "Alias": "ci",
                    "Startup Cost": 0.56,
                    "Total Cost": 400977.7,
                    "Plan Rows": 3376723,
                    "Plan Width": 4,
                    "Actual Startup Time": 0.044,
                    "Actual Total Time": 1036.892,
                    "Actual Rows": 6014817,
                    "Actual Loops": 2,
                    "Index Cond": "(role_id < 2)",
                    "Rows Removed by Index Recheck": 0,
                    "Filter": "(person_id < 1650479)",
                    "Rows Removed by Filter": 320527
                  },
                  {
                    "Node Type": "Hash",
                    "Parent Relationship": "Inner",
                    "Parallel Aware": true,
                    "Startup Cost": 58306.47,
                    "Total Cost": 58306.47,
                    "Plan Rows": 35136,
                    "Plan Width": 4,
                    "Actual Startup Time": 169.029,
                    "Actual Total Time": 169.03,
                    "Actual Rows": 77561,
                    "Actual Loops": 2,
                    "Hash Buckets": 262144,
                    "Original Hash Buckets": 65536,
                    "Hash Batches": 1,
                    "Original Hash Batches": 1,
                    "Peak Memory Usage": 9664,
                    "Plans": [
                      {
                        "Node Type": "Seq Scan",
                        "Parent Relationship": "Outer",
                        "Parallel Aware": true,
                        "Relation Name": "title",
                        "Alias": "t",
                        "Startup Cost": 0.0,
                        "Total Cost": 58306.47,
                        "Plan Rows": 35136,
                        "Plan Width": 4,
                        "Actual Startup Time": 6.011,
                        "Actual Total Time": 143.071,
                        "Actual Rows": 77561,
                        "Actual Loops": 2,
                        "Filter": "((kind_id < 7) AND (production_year < 1947))",
                        "Rows Removed by Filter": 1186595
                      }
                    ]
                  }
                ]
              }
            ]
          }
        ]
      }
    ]
  },
  "Planning Time": 0.449,
  "Triggers": [],
  "Execution Time": 2015.433
}