[
  {
    "Plan": {
      "Node Type": "Aggregate",
      "Strategy": "Plain",
      "Partial Mode": "Finalize",
      "Parallel Aware": false,
      "Startup Cost": 328394.35,
      "Total Cost": 328394.36,
      "Plan Rows": 1,
      "Plan Width": 8,
      "Actual Startup Time": 533.145,
      "Actual Total Time": 555.248,
      "Actual Rows": 1,
      "Actual Loops": 1,
      "Plans": [
        {
          "Node Type": "Gather",
          "Parent Relationship": "Outer",
          "Parallel Aware": false,
          "Startup Cost": 328393.73,
          "Total Cost": 328394.34,
          "Plan Rows": 6,
          "Plan Width": 8,
          "Actual Startup Time": 533.01,
          "Actual Total Time": 555.237,
          "Actual Rows": 7,
          "Actual Loops": 1,
          "Workers Planned": 6,
          "Workers Launched": 6,
          "Single Copy": false,
          "Plans": [
            {
              "Node Type": "Aggregate",
              "Strategy": "Plain",
              "Partial Mode": "Partial",
              "Parent Relationship": "Outer",
              "Parallel Aware": false,
              "Startup Cost": 327393.73,
              "Total Cost": 327393.74,
              "Plan Rows": 1,
              "Plan Width": 8,
              "Actual Startup Time": 523.176,
              "Actual Total Time": 523.178,
              "Actual Rows": 1,
              "Actual Loops": 7,
              "Plans": [
                {
                  "Node Type": "Index Scan",
                  "Parent Relationship": "Outer",
                  "Parallel Aware": true,
                  "Scan Direction": "Forward",
                  "Index Name": "role_id_cast_info",
                  "Relation Name": "cast_info",
                  "Alias": "ci",
                  "Startup Cost": 0.56,
                  "Total Cost": 325153.08,
                  "Plan Rows": 896258,
                  "Plan Width": 0,
                  "Actual Startup Time": 0.266,
                  "Actual Total Time": 453.94,
                  "Actual Rows": 1187955,
                  "Actual Loops": 7,
                  "Index Cond": "(role_id > 3)",
                  "Rows Removed by Index Recheck": 0,
                  "Filter": "(person_id > 2053261)",
                  "Rows Removed by Filter": 542566
                }
              ]
            }
          ]
        }
      ]
    },
    "Planning Time": 0.135,
    "Triggers": [],
    "Execution Time": 555.297
  }
]