[
  {
    "Plan": {
      "Node Type": "Aggregate",
      "Strategy": "Plain",
      "Partial Mode": "Simple",
      "Parallel Aware": false,
      "Startup Cost": 17910.54,
      "Total Cost": 17910.55,
      "Plan Rows": 1,
      "Plan Width": 8,
      "Actual Startup Time": 12.929,
      "Actual Total Time": 12.931,
      "Actual Rows": 1,
      "Actual Loops": 1,
      "Plans": [
        {
          "Node Type": "Bitmap Heap Scan",
          "Parent Relationship": "Outer",
          "Parallel Aware": false,
          "Relation Name": "movie_keyword",
          "Alias": "mk",
          "Startup Cost": 189.42,
          "Total Cost": 17888.29,
          "Plan Rows": 8902,
          "Plan Width": 0,
          "Actual Startup Time": 2.418,
          "Actual Total Time": 11.625,
          "Actual Rows": 7712,
          "Actual Loops": 1,
          "Recheck Cond": "(keyword_id > 127087)",
          "Rows Removed by Index Recheck": 0,
          "Exact Heap Blocks": 2466,
          "Lossy Heap Blocks": 0,
          "Plans": [
            {
              "Node Type": "Bitmap Index Scan",
              "Parent Relationship": "Outer",
              "Parallel Aware": false,
              "Index Name": "keyword_id_movie_keyword",
              "Startup Cost": 0.0,
              "Total Cost": 187.2,
              "Plan Rows": 8902,
              "Plan Width": 0,
              "Actual Startup Time": 1.438,
              "Actual Total Time": 1.439,
              "Actual Rows": 7712,
              "Actual Loops": 1,
              "Index Cond": "(keyword_id > 127087)"
            }
          ]
        }
      ]
    },
    "Planning Time": 0.325,
    "Triggers": [],
    "Execution Time": 12.997
  }
]