[
  {
    "Plan": {
      "Node Type": "Aggregate",
      "Strategy": "Plain",
      "Partial Mode": "Simple",
      "Parallel Aware": false,
      "Startup Cost": 18186.59,
      "Total Cost": 18186.6,
      "Plan Rows": 1,
      "Plan Width": 8,
      "Actual Startup Time": 14.15,
      "Actual Total Time": 14.153,
      "Actual Rows": 1,
      "Actual Loops": 1,
      "Plans": [
        {
          "Node Type": "Bitmap Heap Scan",
          "Parent Relationship": "Outer",
          "Parallel Aware": false,
          "Relation Name": "movie_keyword",
          "Alias": "mk",
          "Startup Cost": 195.38,
          "Total Cost": 18163.71,
          "Plan Rows": 9154,
          "Plan Width": 0,
          "Actual Startup Time": 2.858,
          "Actual Total Time": 12.803,
          "Actual Rows": 7712,
          "Actual Loops": 1,
          "Recheck Cond": "(keyword_id > 127087)",
          "Rows Removed by Index Recheck": 0,
          "Exact Heap Blocks": 2466,
          "Lossy Heap Blocks": 0,
          "Plans": [
            {
              "Node Type": "Bitmap Index Scan",
              "Parent Relationship": "Outer",
              "Parallel Aware": false,
              "Index Name": "keyword_id_movie_keyword",
              "Startup Cost": 0.0,
              "Total Cost": 193.09,
              "Plan Rows": 9154,
              "Plan Width": 0,
              "Actual Startup Time": 1.838,
              "Actual Total Time": 1.838,
              "Actual Rows": 7712,
              "Actual Loops": 1,
              "Index Cond": "(keyword_id > 127087)"
            }
          ]
        }
      ]
    },
    "Planning Time": 0.217,
    "Triggers": [],
    "Execution Time": 14.214
  }
]