[
  {
    "Plan": {
      "Node Type": "Aggregate",
      "Strategy": "Plain",
      "Partial Mode": "Finalize",
      "Parallel Aware": false,
      "Startup Cost": 32913.04,
      "Total Cost": 32913.05,
      "Plan Rows": 1,
      "Plan Width": 8,
      "Actual Startup Time": 99.007,
      "Actual Total Time": 106.812,
      "Actual Rows": 1,
      "Actual Loops": 1,
      "Plans": [
        {
          "Node Type": "Gather",
          "Parent Relationship": "Outer",
          "Parallel Aware": false,
          "Startup Cost": 32912.72,
          "Total Cost": 32913.03,
          "Plan Rows": 3,
          "Plan Width": 8,
          "Actual Startup Time": 98.925,
          "Actual Total Time": 106.804,
          "Actual Rows": 4,
          "Actual Loops": 1,
          "Workers Planned": 3,
          "Workers Launched": 3,
          "Single Copy": false,
          "Plans": [
            {
              "Node Type": "Aggregate",
              "Strategy": "Plain",
              "Partial Mode": "Partial",
              "Parent Relationship": "Outer",
              "Parallel Aware": false,
              "Startup Cost": 31912.72,
              "Total Cost": 31912.73,
              "Plan Rows": 1,
              "Plan Width": 8,
              "Actual Startup Time": 90.46,
              "Actual Total Time": 90.461,
              "Actual Rows": 1,
              "Actual Loops": 4,
              "Plans": [
                {
                  "Node Type": "Seq Scan",
                  "Parent Relationship": "Outer",
                  "Parallel Aware": true,
                  "Relation Name": "movie_companies",
                  "Alias": "mc",
                  "Startup Cost": 0.0,
                  "Total Cost": 31414.82,
                  "Plan Rows": 199161,
                  "Plan Width": 0,
                  "Actual Startup Time": 48.872,
                  "Actual Total Time": 82.069,
                  "Actual Rows": 221607,
                  "Actual Loops": 4,
                  "Filter": "((company_id > 12044) AND (company_type_id > 1))",
                  "Rows Removed by Filter": 430676
                }
              ]
            }
          ]
        }
      ]
    },
    "Planning Time": 0.227,
    "Triggers": [],
    "Execution Time": 106.865
  }
]