{
    "Plan": {
        "Node Type": "Aggregate",
        "Strategy": "Plain",
        "Partial Mode": "Finalize",
        "Parallel Aware": false,
        "Startup Cost": 382770.96,
        "Total Cost": 382770.97,
        "Plan Rows": 1,
        "Plan Width": 8,
        "Actual Startup Time": 1237.57,
        "Actual Total Time": 1290.078,
        "Actual Rows": 1,
        "Actual Loops": 1,
        "Output": [
            "count(*)"
        ],
        "Plans": [
            {
                "Node Type": "Gather",
                "Parent Relationship": "Outer",
                "Parallel Aware": false,
                "Startup Cost": 382770.34,
                "Total Cost": 382770.95,
                "Plan Rows": 6,
                "Plan Width": 8,
                "Actual Startup Time": 1216.295,
                "Actual Total Time": 1290.065,
                "Actual Rows": 7,
                "Actual Loops": 1,
                "Output": [
                    "(PARTIAL count(*))"
                ],
                "Workers Planned": 6,
                "Workers Launched": 6,
                "Single Copy": false,
                "Plans": [
                    {
                        "Node Type": "Aggregate",
                        "Strategy": "Plain",
                        "Partial Mode": "Partial",
                        "Parent Relationship": "Outer",
                        "Parallel Aware": false,
                        "Startup Cost": 381770.34,
                        "Total Cost": 381770.35,
                        "Plan Rows": 1,
                        "Plan Width": 8,
                        "Actual Startup Time": 1193.84,
                        "Actual Total Time": 1193.844,
                        "Actual Rows": 1,
                        "Actual Loops": 7,
                        "Output": [
                            "PARTIAL count(*)"
                        ],
                        "Workers": [
                            {
                                "Worker Number": 0,
                                "Actual Startup Time": 1189.108,
                                "Actual Total Time": 1189.111,
                                "Actual Rows": 1,
                                "Actual Loops": 1
                            },
                            {
                                "Worker Number": 1,
                                "Actual Startup Time": 1190.253,
                                "Actual Total Time": 1190.257,
                                "Actual Rows": 1,
                                "Actual Loops": 1
                            },
                            {
                                "Worker Number": 2,
                                "Actual Startup Time": 1190.163,
                                "Actual Total Time": 1190.167,
                                "Actual Rows": 1,
                                "Actual Loops": 1
                            },
                            {
                                "Worker Number": 3,
                                "Actual Startup Time": 1190.172,
                                "Actual Total Time": 1190.175,
                                "Actual Rows": 1,
                                "Actual Loops": 1
                            },
                            {
                                "Worker Number": 4,
                                "Actual Startup Time": 1190.389,
                                "Actual Total Time": 1190.392,
                                "Actual Rows": 1,
                                "Actual Loops": 1
                            },
                            {
                                "Worker Number": 5,
                                "Actual Startup Time": 1191.415,
                                "Actual Total Time": 1191.418,
                                "Actual Rows": 1,
                                "Actual Loops": 1
                            }
                        ],
                        "Plans": [
                            {
                                "Node Type": "Hash Join",
                                "Parent Relationship": "Outer",
                                "Parallel Aware": true,
                                "Join Type": "Inner",
                                "Startup Cost": 50219.81,
                                "Total Cost": 380142.57,
                                "Plan Rows": 651106,
                                "Plan Width": 0,
                                "Actual Startup Time": 280.768,
                                "Actual Total Time": 1164.822,
                                "Actual Rows": 565782,
                                "Actual Loops": 7,
                                "Inner Unique": true,
                                "Hash Cond": "(ci.movie_id = t.id)",
                                "Workers": [
                                    {
                                        "Worker Number": 0,
                                        "Actual Startup Time": 276.345,
                                        "Actual Total Time": 1158.988,
                                        "Actual Rows": 474219,
                                        "Actual Loops": 1
                                    },
                                    {
                                        "Worker Number": 1,
                                        "Actual Startup Time": 277.489,
                                        "Actual Total Time": 1158.359,
                                        "Actual Rows": 500694,
                                        "Actual Loops": 1
                                    },
                                    {
                                        "Worker Number": 2,
                                        "Actual Startup Time": 277.489,
                                        "Actual Total Time": 1159.936,
                                        "Actual Rows": 476731,
                                        "Actual Loops": 1
                                    },
                                    {
                                        "Worker Number": 3,
                                        "Actual Startup Time": 277.461,
                                        "Actual Total Time": 1164.983,
                                        "Actual Rows": 615215,
                                        "Actual Loops": 1
                                    },
                                    {
                                        "Worker Number": 4,
                                        "Actual Startup Time": 277.61,
                                        "Actual Total Time": 1163.616,
                                        "Actual Rows": 681970,
                                        "Actual Loops": 1
                                    },
                                    {
                                        "Worker Number": 5,
                                        "Actual Startup Time": 276.406,
                                        "Actual Total Time": 1160.887,
                                        "Actual Rows": 478964,
                                        "Actual Loops": 1
                                    }
                                ],
                                "Plans": [
                                    {
                                        "Node Type": "Seq Scan",
                                        "Parent Relationship": "Outer",
                                        "Parallel Aware": true,
                                        "Relation Name": "cast_info",
                                        "Schema": "public",
                                        "Alias": "ci",
                                        "Startup Cost": 0.0,
                                        "Total Cost": 328213.62,
                                        "Plan Rows": 651106,
                                        "Plan Width": 4,
                                        "Actual Startup Time": 0.042,
                                        "Actual Total Time": 564.778,
                                        "Actual Rows": 565782,
                                        "Actual Loops": 7,
                                        "Output": [
                                            "ci.id",
                                            "ci.person_id",
                                            "ci.movie_id",
                                            "ci.person_role_id",
                                            "ci.note",
                                            "ci.nr_order",
                                            "ci.role_id"
                                        ],
                                        "Filter": "(ci.person_id < 379683)",
                                        "Rows Removed by Filter": 4611982,
                                        "Workers": [
                                            {
                                                "Worker Number": 0,
                                                "Actual Startup Time": 0.05,
                                                "Actual Total Time": 571.453,
                                                "Actual Rows": 474219,
                                                "Actual Loops": 1
                                            },
                                            {
                                                "Worker Number": 1,
                                                "Actual Startup Time": 0.048,
                                                "Actual Total Time": 574.563,
                                                "Actual Rows": 500694,
                                                "Actual Loops": 1
                                            },
                                            {
                                                "Worker Number": 2,
                                                "Actual Startup Time": 0.047,
                                                "Actual Total Time": 571.842,
                                                "Actual Rows": 476731,
                                                "Actual Loops": 1
                                            },
                                            {
                                                "Worker Number": 3,
                                                "Actual Startup Time": 0.039,
                                                "Actual Total Time": 561.5,
                                                "Actual Rows": 615215,
                                                "Actual Loops": 1
                                            },
                                            {
                                                "Worker Number": 4,
                                                "Actual Startup Time": 0.05,
                                                "Actual Total Time": 564.389,
                                                "Actual Rows": 681970,
                                                "Actual Loops": 1
                                            },
                                            {
                                                "Worker Number": 5,
                                                "Actual Startup Time": 0.047,
                                                "Actual Total Time": 571.23,
                                                "Actual Rows": 478964,
                                                "Actual Loops": 1
                                            }
                                        ]
                                    },
                                    {
                                        "Node Type": "Hash",
                                        "Parent Relationship": "Inner",
                                        "Parallel Aware": true,
                                        "Startup Cost": 42318.81,
                                        "Total Cost": 42318.81,
                                        "Plan Rows": 632080,
                                        "Plan Width": 4,
                                        "Actual Startup Time": 273.488,
                                        "Actual Total Time": 273.49,
                                        "Actual Rows": 361187,
                                        "Actual Loops": 7,
                                        "Output": [
                                            "t.id"
                                        ],
                                        "Hash Buckets": 4194304,
                                        "Original Hash Buckets": 4194304,
                                        "Hash Batches": 1,
                                        "Original Hash Batches": 1,
                                        "Peak Memory Usage": 131744,
                                        "Workers": [
                                            {
                                                "Worker Number": 0,
                                                "Actual Startup Time": 275.26,
                                                "Actual Total Time": 275.261,
                                                "Actual Rows": 271263,
                                                "Actual Loops": 1
                                            },
                                            {
                                                "Worker Number": 1,
                                                "Actual Startup Time": 276.808,
                                                "Actual Total Time": 276.809,
                                                "Actual Rows": 315744,
                                                "Actual Loops": 1
                                            },
                                            {
                                                "Worker Number": 2,
                                                "Actual Startup Time": 276.547,
                                                "Actual Total Time": 276.548,
                                                "Actual Rows": 304250,
                                                "Actual Loops": 1
                                            },
                                            {
                                                "Worker Number": 3,
                                                "Actual Startup Time": 276.541,
                                                "Actual Total Time": 276.542,
                                                "Actual Rows": 395103,
                                                "Actual Loops": 1
                                            },
                                            {
                                                "Worker Number": 4,
                                                "Actual Startup Time": 276.925,
                                                "Actual Total Time": 276.925,
                                                "Actual Rows": 419631,
                                                "Actual Loops": 1
                                            },
                                            {
                                                "Worker Number": 5,
                                                "Actual Startup Time": 275.124,
                                                "Actual Total Time": 275.125,
                                                "Actual Rows": 272929,
                                                "Actual Loops": 1
                                            }
                                        ],
                                        "Plans": [
                                            {
                                                "Node Type": "Seq Scan",
                                                "Parent Relationship": "Outer",
                                                "Parallel Aware": true,
                                                "Relation Name": "title",
                                                "Schema": "public",
                                                "Alias": "t",
                                                "Startup Cost": 0.0,
                                                "Total Cost": 42318.81,
                                                "Plan Rows": 632080,
                                                "Plan Width": 4,
                                                "Actual Startup Time": 0.065,
                                                "Actual Total Time": 79.742,
                                                "Actual Rows": 361187,
                                                "Actual Loops": 7,
                                                "Output": [
                                                    "t.id"
                                                ],
                                                "Workers": [
                                                    {
                                                        "Worker Number": 0,
                                                        "Actual Startup Time": 0.091,
                                                        "Actual Total Time": 86.769,
                                                        "Actual Rows": 271263,
                                                        "Actual Loops": 1
                                                    },
                                                    {
                                                        "Worker Number": 1,
                                                        "Actual Startup Time": 0.072,
                                                        "Actual Total Time": 83.518,
                                                        "Actual Rows": 315744,
                                                        "Actual Loops": 1
                                                    },
                                                    {
                                                        "Worker Number": 2,
                                                        "Actual Startup Time": 0.07,
                                                        "Actual Total Time": 82.325,
                                                        "Actual Rows": 304250,
                                                        "Actual Loops": 1
                                                    },
                                                    {
                                                        "Worker Number": 3,
                                                        "Actual Startup Time": 0.062,
                                                        "Actual Total Time": 78.361,
                                                        "Actual Rows": 395103,
                                                        "Actual Loops": 1
                                                    },
                                                    {
                                                        "Worker Number": 4,
                                                        "Actual Startup Time": 0.058,
                                                        "Actual Total Time": 79.039,
                                                        "Actual Rows": 419631,
                                                        "Actual Loops": 1
                                                    },
                                                    {
                                                        "Worker Number": 5,
                                                        "Actual Startup Time": 0.09,
                                                        "Actual Total Time": 86.469,
                                                        "Actual Rows": 272929,
                                                        "Actual Loops": 1
                                                    }
                                                ]
                                            }
                                        ]
                                    }
                                ]
                            }
                        ]
                    }
                ]
            }
        ]
    },
    "Planning Time": 0.728,
    "Triggers": [],
    "Execution Time": 1290.157
}