[
  {
    "Plan": {
      "Node Type": "Aggregate",
      "Strategy": "Plain",
      "Partial Mode": "Finalize",
      "Parallel Aware": false,
      "Startup Cost": 46004.17,
      "Total Cost": 46004.18,
      "Plan Rows": 1,
      "Plan Width": 8,
      "Actual Startup Time": 163.455,
      "Actual Total Time": 173.166,
      "Actual Rows": 1,
      "Actual Loops": 1,
      "Plans": [
        {
          "Node Type": "Gather",
          "Parent Relationship": "Outer",
          "Parallel Aware": false,
          "Startup Cost": 46003.86,
          "Total Cost": 46004.17,
          "Plan Rows": 3,
          "Plan Width": 8,
          "Actual Startup Time": 163.325,
          "Actual Total Time": 173.158,
          "Actual Rows": 4,
          "Actual Loops": 1,
          "Workers Planned": 3,
          "Workers Launched": 3,
          "Single Copy": false,
          "Plans": [
            {
              "Node Type": "Aggregate",
              "Strategy": "Plain",
              "Partial Mode": "Partial",
              "Parent Relationship": "Outer",
              "Parallel Aware": false,
              "Startup Cost": 45003.86,
              "Total Cost": 45003.87,
              "Plan Rows": 1,
              "Plan Width": 8,
              "Actual Startup Time": 154.868,
              "Actual Total Time": 154.869,
              "Actual Rows": 1,
              "Actual Loops": 4,
              "Plans": [
                {
                  "Node Type": "Seq Scan",
                  "Parent Relationship": "Outer",
                  "Parallel Aware": true,
                  "Relation Name": "movie_keyword",
                  "Alias": "mk",
                  "Startup Cost": 0.0,
                  "Total Cost": 42695.65,
                  "Plan Rows": 923281,
                  "Plan Width": 0,
                  "Actual Startup Time": 0.446,
                  "Actual Total Time": 122.905,
                  "Actual Rows": 710897,
                  "Actual Loops": 4,
                  "Filter": "(keyword_id > 2591)",
                  "Rows Removed by Filter": 420085
                }
              ]
            }
          ]
        }
      ]
    },
    "Planning Time": 0.16,
    "Triggers": [],
    "Execution Time": 173.217
  }
]