{
  "Plan": {
    "Node Type": "Aggregate",
    "Strategy": "Plain",
    "Partial Mode": "Finalize",
    "Parallel Aware": false,
    "Startup Cost": 109174.39,
    "Total Cost": 109174.4,
    "Plan Rows": 1,
    "Plan Width": 8,
    "Actual Startup Time": 549.354,
    "Actual Total Time": 567.842,
    "Actual Rows": 1,
    "Actual Loops": 1,
    "Plans": [
      {
        "Node Type": "Gather",
        "Parent Relationship": "Outer",
        "Parallel Aware": false,
        "Startup Cost": 109174.28,
        "Total Cost": 109174.39,
        "Plan Rows": 1,
        "Plan Width": 8,
        "Actual Startup Time": 548.169,
        "Actual Total Time": 567.832,
        "Actual Rows": 2,
        "Actual Loops": 1,
        "Workers Planned": 1,
        "Workers Launched": 1,
        "Single Copy": false,
        "Plans": [
          {
            "Node Type": "Aggregate",
            "Strategy": "Plain",
            "Partial Mode": "Partial",
            "Parent Relationship": "Outer",
            "Parallel Aware": false,
            "Startup Cost": 108174.28,
            "Total Cost": 108174.29,
            "Plan Rows": 1,
            "Plan Width": 8,
            "Actual Startup Time": 542.216,
            "Actual Total Time": 542.219,
            "Actual Rows": 1,
            "Actual Loops": 2,
            "Plans": [
              {
                "Node Type": "Hash Join",
                "Parent Relationship": "Outer",
                "Parallel Aware": true,
                "Join Type": "Inner",
                "Startup Cost": 45521.23,
                "Total Cost": 107432.38,
                "Plan Rows": 296760,
                "Plan Width": 0,
                "Actual Startup Time": 175.339,
                "Actual Total Time": 534.532,
                "Actual Rows": 148292,
                "Actual Loops": 2,
                "Inner Unique": false,
                "Hash Cond": "(t.id = mc.movie_id)",
                "Plans": [
                  {
                    "Node Type": "Seq Scan",
                    "Parent Relationship": "Outer",
                    "Parallel Aware": true,
                    "Relation Name": "title",
                    "Alias": "t",
                    "Startup Cost": 0.0,
                    "Total Cost": 50870.31,
                    "Plan Rows": 1487231,
                    "Plan Width": 4,
                    "Actual Startup Time": 0.01,
                    "Actual Total Time": 133.909,
                    "Actual Rows": 1264156,
                    "Actual Loops": 2
                  },
                  {
                    "Node Type": "Hash",
                    "Parent Relationship": "Inner",
                    "Parallel Aware": true,
                    "Startup Cost": 41811.73,
                    "Total Cost": 41811.73,
                    "Plan Rows": 296760,
                    "Plan Width": 4,
                    "Actual Startup Time": 169.668,
                    "Actual Total Time": 169.669,
                    "Actual Rows": 148292,
                    "Actual Loops": 2,
                    "Hash Buckets": 524288,
                    "Original Hash Buckets": 524288,
                    "Hash Batches": 1,
                    "Original Hash Batches": 1,
                    "Peak Memory Usage": 15712,
                    "Plans": [
                      {
                        "Node Type": "Seq Scan",
                        "Parent Relationship": "Outer",
                        "Parallel Aware": true,
                        "Relation Name": "movie_companies",
                        "Alias": "mc",
                        "Startup Cost": 0.0,
                        "Total Cost": 41811.73,
                        "Plan Rows": 296760,
                        "Plan Width": 4,
                        "Actual Startup Time": 71.25,
                        "Actual Total Time": 134.532,
                        "Actual Rows": 148292,
                        "Actual Loops": 2,
                        "Filter": "((company_id < 4599) AND (company_type_id = 2))",
                        "Rows Removed by Filter": 1156272
                      }
                    ]
                  }
                ]
              }
            ]
          }
        ]
      }
    ]
  },
  "Planning Time": 0.697,
  "Triggers": [],
  "Execution Time": 567.913
}