[
  {
    "Plan": {
      "Node Type": "Aggregate",
      "Strategy": "Plain",
      "Partial Mode": "Finalize",
      "Parallel Aware": false,
      "Startup Cost": 135001.48,
      "Total Cost": 135001.49,
      "Plan Rows": 1,
      "Plan Width": 8,
      "Actual Startup Time": 773.509,
      "Actual Total Time": 792.765,
      "Actual Rows": 1,
      "Actual Loops": 1,
      "Plans": [
        {
          "Node Type": "Gather",
          "Parent Relationship": "Outer",
          "Parallel Aware": false,
          "Startup Cost": 135001.16,
          "Total Cost": 135001.47,
          "Plan Rows": 3,
          "Plan Width": 8,
          "Actual Startup Time": 762.879,
          "Actual Total Time": 792.755,
          "Actual Rows": 4,
          "Actual Loops": 1,
          "Workers Planned": 3,
          "Workers Launched": 3,
          "Single Copy": false,
          "Plans": [
            {
              "Node Type": "Aggregate",
              "Strategy": "Plain",
              "Partial Mode": "Partial",
              "Parent Relationship": "Outer",
              "Parallel Aware": false,
              "Startup Cost": 134001.16,
              "Total Cost": 134001.17,
              "Plan Rows": 1,
              "Plan Width": 8,
              "Actual Startup Time": 754.352,
              "Actual Total Time": 754.358,
              "Actual Rows": 1,
              "Actual Loops": 4,
              "Plans": [
                {
                  "Node Type": "Hash Join",
                  "Parent Relationship": "Outer",
                  "Parallel Aware": true,
                  "Join Type": "Inner",
                  "Startup Cost": 83675.9,
                  "Total Cost": 132572.42,
                  "Plan Rows": 571497,
                  "Plan Width": 0,
                  "Actual Startup Time": 533.831,
                  "Actual Total Time": 743.114,
                  "Actual Rows": 257894,
                  "Actual Loops": 4,
                  "Inner Unique": false,
                  "Hash Cond": "(mk.movie_id = t.id)",
                  "Plans": [
                    {
                      "Node Type": "Seq Scan",
                      "Parent Relationship": "Outer",
                      "Parallel Aware": true,
                      "Relation Name": "movie_keyword",
                      "Alias": "mk",
                      "Startup Cost": 0.0,
                      "Total Cost": 42695.65,
                      "Plan Rows": 1161954,
                      "Plan Width": 4,
                      "Actual Startup Time": 0.039,
                      "Actual Total Time": 113.762,
                      "Actual Rows": 904964,
                      "Actual Loops": 4,
                      "Filter": "(keyword_id < 20415)",
                      "Rows Removed by Filter": 226018
                    },
                    {
                      "Node Type": "Hash",
                      "Parent Relationship": "Inner",
                      "Parallel Aware": true,
                      "Startup Cost": 78661.46,
                      "Total Cost": 78661.46,
                      "Plan Rows": 401155,
                      "Plan Width": 8,
                      "Actual Startup Time": 528.703,
                      "Actual Total Time": 528.707,
                      "Actual Rows": 126101,
                      "Actual Loops": 4,
                      "Hash Buckets": 2097152,
                      "Original Hash Buckets": 2097152,
                      "Hash Batches": 1,
                      "Original Hash Batches": 1,
                      "Peak Memory Usage": 36192,
                      "Plans": [
                        {
                          "Node Type": "Hash Join",
                          "Parent Relationship": "Outer",
                          "Parallel Aware": true,
                          "Join Type": "Inner",
                          "Startup Cost": 49245.57,
                          "Total Cost": 78661.46,
                          "Plan Rows": 401155,
                          "Plan Width": 8,
                          "Actual Startup Time": 253.113,
                          "Actual Total Time": 479.887,
                          "Actual Rows": 126101,
                          "Actual Loops": 4,
                          "Inner Unique": true,
                          "Hash Cond": "(mc.movie_id = t.id)",
                          "Plans": [
                            {
                              "Node Type": "Seq Scan",
                              "Parent Relationship": "Outer",
                              "Parallel Aware": true,
                              "Relation Name": "movie_companies",
                              "Alias": "mc",
                              "Startup Cost": 0.0,
                              "Total Cost": 27206.55,
                              "Plan Rows": 841655,
                              "Plan Width": 4,
                              "Actual Startup Time": 0.01,
                              "Actual Total Time": 61.078,
                              "Actual Rows": 652282,
                              "Actual Loops": 4
                            },
                            {
                              "Node Type": "Hash",
                              "Parent Relationship": "Inner",
                              "Parallel Aware": true,
                              "Startup Cost": 45479.59,
                              "Total Cost": 45479.59,
                              "Plan Rows": 301279,
                              "Plan Width": 4,
                              "Actual Startup Time": 248.685,
                              "Actual Total Time": 248.686,
                              "Actual Rows": 321264,
                              "Actual Loops": 4,
                              "Hash Buckets": 2097152,
                              "Original Hash Buckets": 2097152,
                              "Hash Batches": 1,
                              "Original Hash Batches": 1,
                              "Peak Memory Usage": 66720,
                              "Plans": [
                                {
                                  "Node Type": "Seq Scan",
                                  "Parent Relationship": "Outer",
                                  "Parallel Aware": true,
                                  "Relation Name": "title",
                                  "Alias": "t",
                                  "Startup Cost": 0.0,
                                  "Total Cost": 45479.59,
                                  "Plan Rows": 301279,
                                  "Plan Width": 4,
                                  "Actual Startup Time": 0.063,
                                  "Actual Total Time": 115.81,
                                  "Actual Rows": 321264,
                                  "Actual Loops": 4,
                                  "Filter": "((production_year > 1978) AND (kind_id = 7))",
                                  "Rows Removed by Filter": 310814
                                }
                              ]
                            }
                          ]
                        }
                      ]
                    }
                  ]
                }
              ]
            }
          ]
        }
      ]
    },
    "Planning Time": 0.564,
    "Triggers": [],
    "Execution Time": 792.811
  }
]