[
  {
    "Plan": {
      "Node Type": "Aggregate",
      "Strategy": "Plain",
      "Partial Mode": "Finalize",
      "Parallel Aware": false,
      "Startup Cost": 134937.61,
      "Total Cost": 134937.62,
      "Plan Rows": 1,
      "Plan Width": 8,
      "Actual Startup Time": 784.454,
      "Actual Total Time": 807.891,
      "Actual Rows": 1,
      "Actual Loops": 1,
      "Plans": [
        {
          "Node Type": "Gather",
          "Parent Relationship": "Outer",
          "Parallel Aware": false,
          "Startup Cost": 134937.29,
          "Total Cost": 134937.6,
          "Plan Rows": 3,
          "Plan Width": 8,
          "Actual Startup Time": 778.197,
          "Actual Total Time": 807.873,
          "Actual Rows": 4,
          "Actual Loops": 1,
          "Workers Planned": 3,
          "Workers Launched": 3,
          "Single Copy": false,
          "Plans": [
            {
              "Node Type": "Aggregate",
              "Strategy": "Plain",
              "Partial Mode": "Partial",
              "Parent Relationship": "Outer",
              "Parallel Aware": false,
              "Startup Cost": 133937.29,
              "Total Cost": 133937.3,
              "Plan Rows": 1,
              "Plan Width": 8,
              "Actual Startup Time": 763.42,
              "Actual Total Time": 763.426,
              "Actual Rows": 1,
              "Actual Loops": 4,
              "Plans": [
                {
                  "Node Type": "Hash Join",
                  "Parent Relationship": "Outer",
                  "Parallel Aware": true,
                  "Join Type": "Inner",
                  "Startup Cost": 83626.73,
                  "Total Cost": 132515.77,
                  "Plan Rows": 568609,
                  "Plan Width": 0,
                  "Actual Startup Time": 521.201,
                  "Actual Total Time": 750.464,
                  "Actual Rows": 257894,
                  "Actual Loops": 4,
                  "Inner Unique": false,
                  "Hash Cond": "(mk.movie_id = t.id)",
                  "Plans": [
                    {
                      "Node Type": "Seq Scan",
                      "Parent Relationship": "Outer",
                      "Parallel Aware": true,
                      "Relation Name": "movie_keyword",
                      "Alias": "mk",
                      "Startup Cost": 0.0,
                      "Total Cost": 42695.65,
                      "Plan Rows": 1162445,
                      "Plan Width": 4,
                      "Actual Startup Time": 0.032,
                      "Actual Total Time": 126.246,
                      "Actual Rows": 904964,
                      "Actual Loops": 4,
                      "Filter": "(keyword_id < 20415)",
                      "Rows Removed by Filter": 226018
                    },
                    {
                      "Node Type": "Hash",
                      "Parent Relationship": "Inner",
                      "Parallel Aware": true,
                      "Startup Cost": 78639.98,
                      "Total Cost": 78639.98,
                      "Plan Rows": 398940,
                      "Plan Width": 8,
                      "Actual Startup Time": 513.782,
                      "Actual Total Time": 513.787,
                      "Actual Rows": 126101,
                      "Actual Loops": 4,
                      "Hash Buckets": 2097152,
                      "Original Hash Buckets": 2097152,
                      "Hash Batches": 1,
                      "Original Hash Batches": 1,
                      "Peak Memory Usage": 36192,
                      "Plans": [
                        {
                          "Node Type": "Hash Join",
                          "Parent Relationship": "Outer",
                          "Parallel Aware": true,
                          "Join Type": "Inner",
                          "Startup Cost": 49224.09,
                          "Total Cost": 78639.98,
                          "Plan Rows": 398940,
                          "Plan Width": 8,
                          "Actual Startup Time": 234.88,
                          "Actual Total Time": 465.268,
                          "Actual Rows": 126101,
                          "Actual Loops": 4,
                          "Inner Unique": true,
                          "Hash Cond": "(mc.movie_id = t.id)",
                          "Plans": [
                            {
                              "Node Type": "Seq Scan",
                              "Parent Relationship": "Outer",
                              "Parallel Aware": true,
                              "Relation Name": "movie_companies",
                              "Alias": "mc",
                              "Startup Cost": 0.0,
                              "Total Cost": 27206.55,
                              "Plan Rows": 841655,
                              "Plan Width": 4,
                              "Actual Startup Time": 0.023,
                              "Actual Total Time": 68.22,
                              "Actual Rows": 652282,
                              "Actual Loops": 4
                            },
                            {
                              "Node Type": "Hash",
                              "Parent Relationship": "Inner",
                              "Parallel Aware": true,
                              "Startup Cost": 45479.1,
                              "Total Cost": 45479.1,
                              "Plan Rows": 299599,
                              "Plan Width": 4,
                              "Actual Startup Time": 230.564,
                              "Actual Total Time": 230.565,
                              "Actual Rows": 321264,
                              "Actual Loops": 4,
                              "Hash Buckets": 2097152,
                              "Original Hash Buckets": 2097152,
                              "Hash Batches": 1,
                              "Original Hash Batches": 1,
                              "Peak Memory Usage": 66720,
                              "Plans": [
                                {
                                  "Node Type": "Seq Scan",
                                  "Parent Relationship": "Outer",
                                  "Parallel Aware": true,
                                  "Relation Name": "title",
                                  "Alias": "t",
                                  "Startup Cost": 0.0,
                                  "Total Cost": 45479.1,
                                  "Plan Rows": 299599,
                                  "Plan Width": 4,
                                  "Actual Startup Time": 0.054,
                                  "Actual Total Time": 114.727,
                                  "Actual Rows": 321264,
                                  "Actual Loops": 4,
                                  "Filter": "((production_year > 1978) AND (kind_id = 7))",
                                  "Rows Removed by Filter": 310814
                                }
                              ]
                            }
                          ]
                        }
                      ]
                    }
                  ]
                }
              ]
            }
          ]
        }
      ]
    },
    "Planning Time": 1.403,
    "Triggers": [],
    "Execution Time": 807.977
  }
]