[
  {
    "Plan": {
      "Node Type": "Aggregate",
      "Strategy": "Plain",
      "Partial Mode": "Finalize",
      "Parallel Aware": false,
      "Startup Cost": 31031.79,
      "Total Cost": 31031.8,
      "Plan Rows": 1,
      "Plan Width": 8,
      "Actual Startup Time": 94.825,
      "Actual Total Time": 103.105,
      "Actual Rows": 1,
      "Actual Loops": 1,
      "Plans": [
        {
          "Node Type": "Gather",
          "Parent Relationship": "Outer",
          "Parallel Aware": false,
          "Startup Cost": 31031.48,
          "Total Cost": 31031.79,
          "Plan Rows": 3,
          "Plan Width": 8,
          "Actual Startup Time": 94.714,
          "Actual Total Time": 103.098,
          "Actual Rows": 4,
          "Actual Loops": 1,
          "Workers Planned": 3,
          "Workers Launched": 3,
          "Single Copy": false,
          "Plans": [
            {
              "Node Type": "Aggregate",
              "Strategy": "Plain",
              "Partial Mode": "Partial",
              "Parent Relationship": "Outer",
              "Parallel Aware": false,
              "Startup Cost": 30031.48,
              "Total Cost": 30031.49,
              "Plan Rows": 1,
              "Plan Width": 8,
              "Actual Startup Time": 89.187,
              "Actual Total Time": 89.188,
              "Actual Rows": 1,
              "Actual Loops": 4,
              "Plans": [
                {
                  "Node Type": "Seq Scan",
                  "Parent Relationship": "Outer",
                  "Parallel Aware": true,
                  "Relation Name": "movie_companies",
                  "Alias": "mc",
                  "Startup Cost": 0.0,
                  "Total Cost": 29310.68,
                  "Plan Rows": 288318,
                  "Plan Width": 0,
                  "Actual Startup Time": 14.528,
                  "Actual Total Time": 77.679,
                  "Actual Rows": 221301,
                  "Actual Loops": 4,
                  "Filter": "(company_id > 22485)",
                  "Rows Removed by Filter": 430981
                }
              ]
            }
          ]
        }
      ]
    },
    "Planning Time": 0.187,
    "Triggers": [],
    "Execution Time": 103.159
  }
]