[
  {
    "Plan": {
      "Node Type": "Aggregate",
      "Strategy": "Plain",
      "Partial Mode": "Finalize",
      "Parallel Aware": false,
      "Startup Cost": 31013.64,
      "Total Cost": 31013.65,
      "Plan Rows": 1,
      "Plan Width": 8,
      "Actual Startup Time": 99.108,
      "Actual Total Time": 107.405,
      "Actual Rows": 1,
      "Actual Loops": 1,
      "Plans": [
        {
          "Node Type": "Gather",
          "Parent Relationship": "Outer",
          "Parallel Aware": false,
          "Startup Cost": 31013.33,
          "Total Cost": 31013.64,
          "Plan Rows": 3,
          "Plan Width": 8,
          "Actual Startup Time": 99.005,
          "Actual Total Time": 107.398,
          "Actual Rows": 4,
          "Actual Loops": 1,
          "Workers Planned": 3,
          "Workers Launched": 3,
          "Single Copy": false,
          "Plans": [
            {
              "Node Type": "Aggregate",
              "Strategy": "Plain",
              "Partial Mode": "Partial",
              "Parent Relationship": "Outer",
              "Parallel Aware": false,
              "Startup Cost": 30013.33,
              "Total Cost": 30013.34,
              "Plan Rows": 1,
              "Plan Width": 8,
              "Actual Startup Time": 90.702,
              "Actual Total Time": 90.703,
              "Actual Rows": 1,
              "Actual Loops": 4,
              "Plans": [
                {
                  "Node Type": "Seq Scan",
                  "Parent Relationship": "Outer",
                  "Parallel Aware": true,
                  "Relation Name": "movie_companies",
                  "Alias": "mc",
                  "Startup Cost": 0.0,
                  "Total Cost": 29310.68,
                  "Plan Rows": 281058,
                  "Plan Width": 0,
                  "Actual Startup Time": 23.2,
                  "Actual Total Time": 80.73,
                  "Actual Rows": 221301,
                  "Actual Loops": 4,
                  "Filter": "(company_id > 22485)",
                  "Rows Removed by Filter": 430981
                }
              ]
            }
          ]
        }
      ]
    },
    "Planning Time": 0.135,
    "Triggers": [],
    "Execution Time": 107.448
  }
]