{
  "Plan": {
    "Node Type": "Aggregate",
    "Strategy": "Plain",
    "Partial Mode": "Finalize",
    "Parallel Aware": false,
    "Startup Cost": 898136.65,
    "Total Cost": 898136.66,
    "Plan Rows": 1,
    "Plan Width": 8,
    "Actual Startup Time": 4731.149,
    "Actual Total Time": 4810.541,
    "Actual Rows": 1,
    "Actual Loops": 1,
    "Plans": [
      {
        "Node Type": "Gather",
        "Parent Relationship": "Outer",
        "Parallel Aware": false,
        "Startup Cost": 898136.54,
        "Total Cost": 898136.65,
        "Plan Rows": 1,
        "Plan Width": 8,
        "Actual Startup Time": 4720.407,
        "Actual Total Time": 4810.53,
        "Actual Rows": 2,
        "Actual Loops": 1,
        "Workers Planned": 1,
        "Workers Launched": 1,
        "Single Copy": false,
        "Plans": [
          {
            "Node Type": "Aggregate",
            "Strategy": "Plain",
            "Partial Mode": "Partial",
            "Parent Relationship": "Outer",
            "Parallel Aware": false,
            "Startup Cost": 897136.54,
            "Total Cost": 897136.55,
            "Plan Rows": 1,
            "Plan Width": 8,
            "Actual Startup Time": 4701.759,
            "Actual Total Time": 4703.34,
            "Actual Rows": 1,
            "Actual Loops": 2,
            "Plans": [
              {
                "Node Type": "Hash Join",
                "Parent Relationship": "Outer",
                "Parallel Aware": true,
                "Join Type": "Inner",
                "Startup Cost": 685484.72,
                "Total Cost": 890452.7,
                "Plan Rows": 2673533,
                "Plan Width": 0,
                "Actual Startup Time": 4121.575,
                "Actual Total Time": 4645.259,
                "Actual Rows": 1374283,
                "Actual Loops": 2,
                "Inner Unique": false,
                "Hash Cond": "(mi.movie_id = t.id)",
                "Plans": [
                  {
                    "Node Type": "Bitmap Heap Scan",
                    "Parent Relationship": "Outer",
                    "Parallel Aware": true,
                    "Relation Name": "movie_info",
                    "Alias": "mi",
                    "Startup Cost": 41958.26,
                    "Total Cost": 220981.46,
                    "Plan Rows": 1362416,
                    "Plan Width": 4,
                    "Actual Startup Time": 79.525,
                    "Actual Total Time": 233.431,
                    "Actual Rows": 1116925,
                    "Actual Loops": 2,
                    "Recheck Cond": "(info_type_id > 16)",
                    "Rows Removed by Index Recheck": 0,
                    "Exact Heap Blocks": 27682,
                    "Lossy Heap Blocks": 0,
                    "Plans": [
                      {
                        "Node Type": "Bitmap Index Scan",
                        "Parent Relationship": "Outer",
                        "Parallel Aware": false,
                        "Index Name": "info_type_id_movie_info",
                        "Startup Cost": 0.0,
                        "Total Cost": 41379.24,
                        "Plan Rows": 2316107,
                        "Plan Width": 0,
                        "Actual Startup Time": 71.509,
                        "Actual Total Time": 71.51,
                        "Actual Rows": 2233850,
                        "Actual Loops": 1,
                        "Index Cond": "(info_type_id > 16)"
                      }
                    ]
                  },
                  {
                    "Node Type": "Hash",
                    "Parent Relationship": "Inner",
                    "Parallel Aware": true,
                    "Startup Cost": 607045.65,
                    "Total Cost": 607045.65,
                    "Plan Rows": 2918464,
                    "Plan Width": 8,
                    "Actual Startup Time": 4007.984,
                    "Actual Total Time": 4009.563,
                    "Actual Rows": 1839681,
                    "Actual Loops": 2,
                    "Hash Buckets": 8388608,
                    "Original Hash Buckets": 8388608,
                    "Hash Batches": 1,
                    "Original Hash Batches": 1,
                    "Peak Memory Usage": 209504,
                    "Plans": [
                      {
                        "Node Type": "Hash Join",
                        "Parent Relationship": "Outer",
                        "Parallel Aware": true,
                        "Join Type": "Inner",
                        "Startup Cost": 64329.27,
                        "Total Cost": 607045.65,
                        "Plan Rows": 2918464,
                        "Plan Width": 8,
                        "Actual Startup Time": 752.354,
                        "Actual Total Time": 3412.157,
                        "Actual Rows": 1839681,
                        "Actual Loops": 2,
                        "Inner Unique": true,
                        "Hash Cond": "(ci.movie_id = t.id)",
                        "Plans": [
                          {
                            "Node Type": "Seq Scan",
                            "Parent Relationship": "Outer",
                            "Parallel Aware": true,
                            "Relation Name": "cast_info",
                            "Alias": "ci",
                            "Startup Cost": 0.0,
                            "Total Cost": 519069.44,
                            "Plan Rows": 9008342,
                            "Plan Width": 4,
                            "Actual Startup Time": 502.483,
                            "Actual Total Time": 1416.849,
                            "Actual Rows": 7636227,
                            "Actual Loops": 2,
                            "Filter": "(person_id > 2114776)",
                            "Rows Removed by Filter": 10485945
                          },
                          {
                            "Node Type": "Hash",
                            "Parent Relationship": "Inner",
                            "Parallel Aware": true,
                            "Startup Cost": 58306.47,
                            "Total Cost": 58306.47,
                            "Plan Rows": 481824,
                            "Plan Width": 4,
                            "Actual Startup Time": 246.438,
                            "Actual Total Time": 246.44,
                            "Actual Rows": 373806,
                            "Actual Loops": 2,
                            "Hash Buckets": 1048576,
                            "Original Hash Buckets": 1048576,
                            "Hash Batches": 1,
                            "Original Hash Batches": 1,
                            "Peak Memory Usage": 37472,
                            "Plans": [
                              {
                                "Node Type": "Seq Scan",
                                "Parent Relationship": "Outer",
                                "Parallel Aware": true,
                                "Relation Name": "title",
                                "Alias": "t",
                                "Startup Cost": 0.0,
                                "Total Cost": 58306.47,
                                "Plan Rows": 481824,
                                "Plan Width": 4,
                                "Actual Startup Time": 0.031,
                                "Actual Total Time": 156.553,
                                "Actual Rows": 373806,
                                "Actual Loops": 2,
                                "Filter": "((kind_id > 4) AND (production_year < 2005))",
                                "Rows Removed by Filter": 890350
                              }
                            ]
                          }
                        ]
                      }
                    ]
                  }
                ]
              }
            ]
          }
        ]
      }
    ]
  },
  "Planning Time": 1.013,
  "Triggers": [],
  "Execution Time": 4810.658
}