[
  {
    "Plan": {
      "Node Type": "Aggregate",
      "Strategy": "Plain",
      "Partial Mode": "Finalize",
      "Parallel Aware": false,
      "Startup Cost": 121540.45,
      "Total Cost": 121540.46,
      "Plan Rows": 1,
      "Plan Width": 8,
      "Actual Startup Time": 888.797,
      "Actual Total Time": 913.673,
      "Actual Rows": 1,
      "Actual Loops": 1,
      "Plans": [
        {
          "Node Type": "Gather",
          "Parent Relationship": "Outer",
          "Parallel Aware": false,
          "Startup Cost": 121540.14,
          "Total Cost": 121540.45,
          "Plan Rows": 3,
          "Plan Width": 8,
          "Actual Startup Time": 875.386,
          "Actual Total Time": 913.647,
          "Actual Rows": 4,
          "Actual Loops": 1,
          "Workers Planned": 3,
          "Workers Launched": 3,
          "Single Copy": false,
          "Plans": [
            {
              "Node Type": "Aggregate",
              "Strategy": "Plain",
              "Partial Mode": "Partial",
              "Parent Relationship": "Outer",
              "Parallel Aware": false,
              "Startup Cost": 120540.14,
              "Total Cost": 120540.15,
              "Plan Rows": 1,
              "Plan Width": 8,
              "Actual Startup Time": 864.573,
              "Actual Total Time": 865.473,
              "Actual Rows": 1,
              "Actual Loops": 4,
              "Plans": [
                {
                  "Node Type": "Hash Join",
                  "Parent Relationship": "Outer",
                  "Parallel Aware": true,
                  "Join Type": "Inner",
                  "Startup Cost": 73573.92,
                  "Total Cost": 119767.95,
                  "Plan Rows": 308876,
                  "Plan Width": 0,
                  "Actual Startup Time": 596.123,
                  "Actual Total Time": 824.084,
                  "Actual Rows": 1032529,
                  "Actual Loops": 4,
                  "Inner Unique": false,
                  "Hash Cond": "(mk.movie_id = t.id)",
                  "Plans": [
                    {
                      "Node Type": "Seq Scan",
                      "Parent Relationship": "Outer",
                      "Parallel Aware": true,
                      "Relation Name": "movie_keyword",
                      "Alias": "mk",
                      "Startup Cost": 0.0,
                      "Total Cost": 42695.65,
                      "Plan Rows": 589705,
                      "Plan Width": 4,
                      "Actual Startup Time": 0.034,
                      "Actual Total Time": 96.376,
                      "Actual Rows": 456820,
                      "Actual Loops": 4,
                      "Filter": "(keyword_id < 3004)",
                      "Rows Removed by Filter": 674162
                    },
                    {
                      "Node Type": "Hash",
                      "Parent Relationship": "Inner",
                      "Parallel Aware": true,
                      "Startup Cost": 66676.32,
                      "Total Cost": 66676.32,
                      "Plan Rows": 551808,
                      "Plan Width": 8,
                      "Actual Startup Time": 588.432,
                      "Actual Total Time": 589.33,
                      "Actual Rows": 342454,
                      "Actual Loops": 4,
                      "Hash Buckets": 2097152,
                      "Original Hash Buckets": 2097152,
                      "Hash Batches": 1,
                      "Original Hash Batches": 1,
                      "Peak Memory Usage": 70048,
                      "Plans": [
                        {
                          "Node Type": "Hash Join",
                          "Parent Relationship": "Outer",
                          "Parallel Aware": true,
                          "Join Type": "Inner",
                          "Startup Cost": 51481.76,
                          "Total Cost": 66676.32,
                          "Plan Rows": 551808,
                          "Plan Width": 8,
                          "Actual Startup Time": 364.254,
                          "Actual Total Time": 492.92,
                          "Actual Rows": 342454,
                          "Actual Loops": 4,
                          "Inner Unique": true,
                          "Hash Cond": "(mi_idx.movie_id = t.id)",
                          "Plans": [
                            {
                              "Node Type": "Seq Scan",
                              "Parent Relationship": "Outer",
                              "Parallel Aware": true,
                              "Relation Name": "movie_info_idx",
                              "Alias": "mi_idx",
                              "Startup Cost": 0.0,
                              "Total Cost": 13685.15,
                              "Plan Rows": 575015,
                              "Plan Width": 4,
                              "Actual Startup Time": 0.014,
                              "Actual Total Time": 32.492,
                              "Actual Rows": 345009,
                              "Actual Loops": 4
                            },
                            {
                              "Node Type": "Hash",
                              "Parent Relationship": "Inner",
                              "Parallel Aware": true,
                              "Startup Cost": 43899.32,
                              "Total Cost": 43899.32,
                              "Plan Rows": 606595,
                              "Plan Width": 4,
                              "Actual Startup Time": 356.69,
                              "Actual Total Time": 356.691,
                              "Actual Rows": 606778,
                              "Actual Loops": 4,
                              "Hash Buckets": 4194304,
                              "Original Hash Buckets": 4194304,
                              "Hash Batches": 1,
                              "Original Hash Batches": 1,
                              "Peak Memory Usage": 127776,
                              "Plans": [
                                {
                                  "Node Type": "Seq Scan",
                                  "Parent Relationship": "Outer",
                                  "Parallel Aware": true,
                                  "Relation Name": "title",
                                  "Alias": "t",
                                  "Startup Cost": 0.0,
                                  "Total Cost": 43899.32,
                                  "Plan Rows": 606595,
                                  "Plan Width": 4,
                                  "Actual Startup Time": 0.049,
                                  "Actual Total Time": 115.143,
                                  "Actual Rows": 606778,
                                  "Actual Loops": 4,
                                  "Filter": "(production_year > 1910)",
                                  "Rows Removed by Filter": 25300
                                }
                              ]
                            }
                          ]
                        }
                      ]
                    }
                  ]
                }
              ]
            }
          ]
        }
      ]
    },
    "Planning Time": 1.141,
    "Triggers": [],
    "Execution Time": 913.748
  }
]