[
  {
    "Plan": {
      "Node Type": "Aggregate",
      "Strategy": "Plain",
      "Partial Mode": "Finalize",
      "Parallel Aware": false,
      "Startup Cost": 332537.09,
      "Total Cost": 332537.1,
      "Plan Rows": 1,
      "Plan Width": 8,
      "Actual Startup Time": 666.903,
      "Actual Total Time": 716.04,
      "Actual Rows": 1,
      "Actual Loops": 1,
      "Plans": [
        {
          "Node Type": "Gather",
          "Parent Relationship": "Outer",
          "Parallel Aware": false,
          "Startup Cost": 332536.46,
          "Total Cost": 332537.07,
          "Plan Rows": 6,
          "Plan Width": 8,
          "Actual Startup Time": 666.674,
          "Actual Total Time": 716.027,
          "Actual Rows": 7,
          "Actual Loops": 1,
          "Workers Planned": 6,
          "Workers Launched": 6,
          "Single Copy": false,
          "Plans": [
            {
              "Node Type": "Aggregate",
              "Strategy": "Plain",
              "Partial Mode": "Partial",
              "Parent Relationship": "Outer",
              "Parallel Aware": false,
              "Startup Cost": 331536.46,
              "Total Cost": 331536.47,
              "Plan Rows": 1,
              "Plan Width": 8,
              "Actual Startup Time": 657.856,
              "Actual Total Time": 657.857,
              "Actual Rows": 1,
              "Actual Loops": 7,
              "Plans": [
                {
                  "Node Type": "Seq Scan",
                  "Parent Relationship": "Outer",
                  "Parallel Aware": true,
                  "Relation Name": "cast_info",
                  "Alias": "ci",
                  "Startup Cost": 0.0,
                  "Total Cost": 328211.39,
                  "Plan Rows": 1330029,
                  "Plan Width": 0,
                  "Actual Startup Time": 354.003,
                  "Actual Total Time": 598.429,
                  "Actual Rows": 1132922,
                  "Actual Loops": 7,
                  "Filter": "(person_id > 2886382)",
                  "Rows Removed by Filter": 4044841
                }
              ]
            }
          ]
        }
      ]
    },
    "Planning Time": 0.194,
    "Triggers": [],
    "Execution Time": 716.106
  }
]