[
  {
    "Plan": {
      "Node Type": "Aggregate",
      "Strategy": "Plain",
      "Partial Mode": "Finalize",
      "Parallel Aware": false,
      "Startup Cost": 393823.18,
      "Total Cost": 393823.19,
      "Plan Rows": 1,
      "Plan Width": 8,
      "Actual Startup Time": 819.913,
      "Actual Total Time": 841.033,
      "Actual Rows": 1,
      "Actual Loops": 1,
      "Plans": [
        {
          "Node Type": "Gather",
          "Parent Relationship": "Outer",
          "Parallel Aware": false,
          "Startup Cost": 393822.86,
          "Total Cost": 393823.17,
          "Plan Rows": 3,
          "Plan Width": 8,
          "Actual Startup Time": 809.662,
          "Actual Total Time": 841.007,
          "Actual Rows": 4,
          "Actual Loops": 1,
          "Workers Planned": 3,
          "Workers Launched": 3,
          "Single Copy": false,
          "Plans": [
            {
              "Node Type": "Aggregate",
              "Strategy": "Plain",
              "Partial Mode": "Partial",
              "Parent Relationship": "Outer",
              "Parallel Aware": false,
              "Startup Cost": 392822.86,
              "Total Cost": 392822.87,
              "Plan Rows": 1,
              "Plan Width": 8,
              "Actual Startup Time": 803.335,
              "Actual Total Time": 803.448,
              "Actual Rows": 1,
              "Actual Loops": 4,
              "Plans": [
                {
                  "Node Type": "Hash Join",
                  "Parent Relationship": "Outer",
                  "Parallel Aware": true,
                  "Join Type": "Inner",
                  "Startup Cost": 348123.55,
                  "Total Cost": 392552.16,
                  "Plan Rows": 108280,
                  "Plan Width": 0,
                  "Actual Startup Time": 517.687,
                  "Actual Total Time": 751.08,
                  "Actual Rows": 1300708,
                  "Actual Loops": 4,
                  "Inner Unique": false,
                  "Hash Cond": "(mk.movie_id = t.id)",
                  "Plans": [
                    {
                      "Node Type": "Seq Scan",
                      "Parent Relationship": "Outer",
                      "Parallel Aware": true,
                      "Relation Name": "movie_keyword",
                      "Alias": "mk",
                      "Startup Cost": 0.0,
                      "Total Cost": 42695.65,
                      "Plan Rows": 413998,
                      "Plan Width": 4,
                      "Actual Startup Time": 0.028,
                      "Actual Total Time": 92.137,
                      "Actual Rows": 321576,
                      "Actual Loops": 4,
                      "Filter": "(keyword_id < 1662)",
                      "Rows Removed by Filter": 809406
                    },
                    {
                      "Node Type": "Hash",
                      "Parent Relationship": "Inner",
                      "Parallel Aware": true,
                      "Startup Cost": 346745.84,
                      "Total Cost": 346745.84,
                      "Plan Rows": 110217,
                      "Plan Width": 8,
                      "Actual Startup Time": 514.668,
                      "Actual Total Time": 514.779,
                      "Actual Rows": 156490,
                      "Actual Loops": 4,
                      "Hash Buckets": 1048576,
                      "Original Hash Buckets": 1048576,
                      "Hash Batches": 1,
                      "Original Hash Batches": 1,
                      "Peak Memory Usage": 32768,
                      "Plans": [
                        {
                          "Node Type": "Hash Join",
                          "Parent Relationship": "Outer",
                          "Parallel Aware": true,
                          "Join Type": "Inner",
                          "Startup Cost": 89368.45,
                          "Total Cost": 346745.84,
                          "Plan Rows": 110217,
                          "Plan Width": 8,
                          "Actual Startup Time": 246.399,
                          "Actual Total Time": 454.897,
                          "Actual Rows": 156490,
                          "Actual Loops": 4,
                          "Inner Unique": true,
                          "Hash Cond": "(ci.movie_id = t.id)",
                          "Plans": [
                            {
                              "Node Type": "Bitmap Heap Scan",
                              "Parent Relationship": "Outer",
                              "Parallel Aware": true,
                              "Relation Name": "cast_info",
                              "Alias": "ci",
                              "Startup Cost": 41080.61,
                              "Total Cost": 297643.97,
                              "Plan Rows": 310108,
                              "Plan Width": 4,
                              "Actual Startup Time": 71.303,
                              "Actual Total Time": 149.679,
                              "Actual Rows": 445800,
                              "Actual Loops": 4,
                              "Recheck Cond": "(person_id > 3709273)",
                              "Rows Removed by Index Recheck": 0,
                              "Exact Heap Blocks": 7915,
                              "Lossy Heap Blocks": 0,
                              "Plans": [
                                {
                                  "Node Type": "Bitmap Index Scan",
                                  "Parent Relationship": "Outer",
                                  "Parallel Aware": false,
                                  "Index Name": "person_id_cast_info",
                                  "Startup Cost": 0.0,
                                  "Total Cost": 40615.45,
                                  "Plan Rows": 1860651,
                                  "Plan Width": 0,
                                  "Actual Startup Time": 67.371,
                                  "Actual Total Time": 67.372,
                                  "Actual Rows": 1783201,
                                  "Actual Loops": 1,
                                  "Index Cond": "(person_id > 3709273)"
                                }
                              ]
                            },
                            {
                              "Node Type": "Hash",
                              "Parent Relationship": "Inner",
                              "Parallel Aware": true,
                              "Startup Cost": 45479.59,
                              "Total Cost": 45479.59,
                              "Plan Rows": 224660,
                              "Plan Width": 4,
                              "Actual Startup Time": 173.257,
                              "Actual Total Time": 173.258,
                              "Actual Rows": 203892,
                              "Actual Loops": 4,
                              "Hash Buckets": 1048576,
                              "Original Hash Buckets": 1048576,
                              "Hash Batches": 1,
                              "Original Hash Batches": 1,
                              "Peak Memory Usage": 40192,
                              "Plans": [
                                {
                                  "Node Type": "Seq Scan",
                                  "Parent Relationship": "Outer",
                                  "Parallel Aware": true,
                                  "Relation Name": "title",
                                  "Alias": "t",
                                  "Startup Cost": 0.0,
                                  "Total Cost": 45479.59,
                                  "Plan Rows": 224660,
                                  "Plan Width": 4,
                                  "Actual Startup Time": 0.028,
                                  "Actual Total Time": 100.35,
                                  "Actual Rows": 203892,
                                  "Actual Loops": 4,
                                  "Filter": "((kind_id < 7) AND (production_year > 1949))",
                                  "Rows Removed by Filter": 428186
                                }
                              ]
                            }
                          ]
                        }
                      ]
                    }
                  ]
                }
              ]
            }
          ]
        }
      ]
    },
    "Planning Time": 0.442,
    "Triggers": [],
    "Execution Time": 841.083
  }
]