[
  {
    "Plan": {
      "Node Type": "Aggregate",
      "Strategy": "Plain",
      "Partial Mode": "Finalize",
      "Parallel Aware": false,
      "Startup Cost": 33164.98,
      "Total Cost": 33164.99,
      "Plan Rows": 1,
      "Plan Width": 8,
      "Actual Startup Time": 108.808,
      "Actual Total Time": 119.227,
      "Actual Rows": 1,
      "Actual Loops": 1,
      "Plans": [
        {
          "Node Type": "Gather",
          "Parent Relationship": "Outer",
          "Parallel Aware": false,
          "Startup Cost": 33164.66,
          "Total Cost": 33164.97,
          "Plan Rows": 3,
          "Plan Width": 8,
          "Actual Startup Time": 108.689,
          "Actual Total Time": 119.219,
          "Actual Rows": 4,
          "Actual Loops": 1,
          "Workers Planned": 3,
          "Workers Launched": 3,
          "Single Copy": false,
          "Plans": [
            {
              "Node Type": "Aggregate",
              "Strategy": "Plain",
              "Partial Mode": "Partial",
              "Parent Relationship": "Outer",
              "Parallel Aware": false,
              "Startup Cost": 32164.66,
              "Total Cost": 32164.67,
              "Plan Rows": 1,
              "Plan Width": 8,
              "Actual Startup Time": 101.186,
              "Actual Total Time": 101.187,
              "Actual Rows": 1,
              "Actual Loops": 4,
              "Plans": [
                {
                  "Node Type": "Seq Scan",
                  "Parent Relationship": "Outer",
                  "Parallel Aware": true,
                  "Relation Name": "movie_companies",
                  "Alias": "mc",
                  "Startup Cost": 0.0,
                  "Total Cost": 31414.82,
                  "Plan Rows": 299937,
                  "Plan Width": 0,
                  "Actual Startup Time": 49.326,
                  "Actual Total Time": 92.234,
                  "Actual Rows": 154689,
                  "Actual Loops": 4,
                  "Filter": "((company_id < 32642) AND (company_type_id = 2))",
                  "Rows Removed by Filter": 497593
                }
              ]
            }
          ]
        }
      ]
    },
    "Planning Time": 0.107,
    "Triggers": [],
    "Execution Time": 119.26
  }
]