[
    {
        "Bao": {
            "Bao prediction": 667.824,
            "Bao recommended hint": "SET enable_mergejoin TO off; "
        }
    },
    {
        "Plan": {
            "Node Type": "Aggregate",
            "Strategy": "Plain",
            "Partial Mode": "Finalize",
            "Parallel Aware": false,
            "Startup Cost": 39750.68,
            "Total Cost": 39750.69,
            "Plan Rows": 1,
            "Plan Width": 8,
            "Actual Startup Time": 158.391,
            "Actual Total Time": 171.982,
            "Actual Rows": 1,
            "Actual Loops": 1,
            "Output": [
                "count(*)"
            ],
            "Plans": [
                {
                    "Node Type": "Gather",
                    "Parent Relationship": "Outer",
                    "Parallel Aware": false,
                    "Startup Cost": 39750.36,
                    "Total Cost": 39750.67,
                    "Plan Rows": 3,
                    "Plan Width": 8,
                    "Actual Startup Time": 158.131,
                    "Actual Total Time": 171.972,
                    "Actual Rows": 4,
                    "Actual Loops": 1,
                    "Output": [
                        "(PARTIAL count(*))"
                    ],
                    "Workers Planned": 3,
                    "Workers Launched": 3,
                    "Single Copy": false,
                    "Plans": [
                        {
                            "Node Type": "Aggregate",
                            "Strategy": "Plain",
                            "Partial Mode": "Partial",
                            "Parent Relationship": "Outer",
                            "Parallel Aware": false,
                            "Startup Cost": 38750.36,
                            "Total Cost": 38750.37,
                            "Plan Rows": 1,
                            "Plan Width": 8,
                            "Actual Startup Time": 149.784,
                            "Actual Total Time": 149.786,
                            "Actual Rows": 1,
                            "Actual Loops": 4,
                            "Output": [
                                "PARTIAL count(*)"
                            ],
                            "Workers": [
                                {
                                    "Worker Number": 0,
                                    "Actual Startup Time": 147.183,
                                    "Actual Total Time": 147.185,
                                    "Actual Rows": 1,
                                    "Actual Loops": 1
                                },
                                {
                                    "Worker Number": 1,
                                    "Actual Startup Time": 147.185,
                                    "Actual Total Time": 147.187,
                                    "Actual Rows": 1,
                                    "Actual Loops": 1
                                },
                                {
                                    "Worker Number": 2,
                                    "Actual Startup Time": 147.207,
                                    "Actual Total Time": 147.208,
                                    "Actual Rows": 1,
                                    "Actual Loops": 1
                                }
                            ],
                            "Plans": [
                                {
                                    "Node Type": "Bitmap Heap Scan",
                                    "Parent Relationship": "Outer",
                                    "Parallel Aware": true,
                                    "Relation Name": "movie_keyword",
                                    "Schema": "public",
                                    "Alias": "mk",
                                    "Startup Cost": 11641.17,
                                    "Total Cost": 38307.83,
                                    "Plan Rows": 177013,
                                    "Plan Width": 0,
                                    "Actual Startup Time": 55.808,
                                    "Actual Total Time": 139.016,
                                    "Actual Rows": 135903,
                                    "Actual Loops": 4,
                                    "Recheck Cond": "(mk.keyword_id > 33791)",
                                    "Rows Removed by Index Recheck": 0,
                                    "Exact Heap Blocks": 9148,
                                    "Lossy Heap Blocks": 0,
                                    "Workers": [
                                        {
                                            "Worker Number": 0,
                                            "Actual Startup Time": 53.256,
                                            "Actual Total Time": 137.61,
                                            "Actual Rows": 111220,
                                            "Actual Loops": 1
                                        },
                                        {
                                            "Worker Number": 1,
                                            "Actual Startup Time": 53.402,
                                            "Actual Total Time": 137.878,
                                            "Actual Rows": 107263,
                                            "Actual Loops": 1
                                        },
                                        {
                                            "Worker Number": 2,
                                            "Actual Startup Time": 53.309,
                                            "Actual Total Time": 137.525,
                                            "Actual Rows": 112082,
                                            "Actual Loops": 1
                                        }
                                    ],
                                    "Plans": [
                                        {
                                            "Node Type": "Bitmap Index Scan",
                                            "Parent Relationship": "Outer",
                                            "Parallel Aware": false,
                                            "Index Name": "keyword_id_movie_keyword",
                                            "Startup Cost": 0.0,
                                            "Total Cost": 11503.98,
                                            "Plan Rows": 548740,
                                            "Plan Width": 0,
                                            "Actual Startup Time": 57.896,
                                            "Actual Total Time": 57.896,
                                            "Actual Rows": 543611,
                                            "Actual Loops": 1,
                                            "Index Cond": "(mk.keyword_id > 33791)"
                                        }
                                    ]
                                }
                            ]
                        }
                    ]
                }
            ]
        },
        "Planning Time": 4485.328,
        "Triggers": [],
        "Execution Time": 172.107
    }
]