{
  "Plan": {
    "Node Type": "Aggregate",
    "Strategy": "Plain",
    "Partial Mode": "Finalize",
    "Parallel Aware": false,
    "Startup Cost": 467544.7,
    "Total Cost": 467544.71,
    "Plan Rows": 1,
    "Plan Width": 8,
    "Actual Startup Time": 1856.897,
    "Actual Total Time": 1886.673,
    "Actual Rows": 1,
    "Actual Loops": 1,
    "Plans": [
      {
        "Node Type": "Gather",
        "Parent Relationship": "Outer",
        "Parallel Aware": false,
        "Startup Cost": 467544.59,
        "Total Cost": 467544.7,
        "Plan Rows": 1,
        "Plan Width": 8,
        "Actual Startup Time": 1856.738,
        "Actual Total Time": 1886.665,
        "Actual Rows": 2,
        "Actual Loops": 1,
        "Workers Planned": 1,
        "Workers Launched": 1,
        "Single Copy": false,
        "Plans": [
          {
            "Node Type": "Aggregate",
            "Strategy": "Plain",
            "Partial Mode": "Partial",
            "Parent Relationship": "Outer",
            "Parallel Aware": false,
            "Startup Cost": 466544.59,
            "Total Cost": 466544.6,
            "Plan Rows": 1,
            "Plan Width": 8,
            "Actual Startup Time": 1850.871,
            "Actual Total Time": 1850.874,
            "Actual Rows": 1,
            "Actual Loops": 2,
            "Plans": [
              {
                "Node Type": "Hash Join",
                "Parent Relationship": "Outer",
                "Parallel Aware": true,
                "Join Type": "Inner",
                "Startup Cost": 54916.14,
                "Total Cost": 466368.99,
                "Plan Rows": 70237,
                "Plan Width": 0,
                "Actual Startup Time": 144.08,
                "Actual Total Time": 1844.626,
                "Actual Rows": 115936,
                "Actual Loops": 2,
                "Inner Unique": true,
                "Hash Cond": "(ci.movie_id = t.id)",
                "Plans": [
                  {
                    "Node Type": "Index Scan",
                    "Parent Relationship": "Outer",
                    "Parallel Aware": true,
                    "Scan Direction": "Forward",
                    "Index Name": "role_id_cast_info",
                    "Relation Name": "cast_info",
                    "Alias": "ci",
                    "Startup Cost": 0.56,
                    "Total Cost": 400977.7,
                    "Plan Rows": 3990741,
                    "Plan Width": 4,
                    "Actual Startup Time": 0.047,
                    "Actual Total Time": 1042.587,
                    "Actual Rows": 6335344,
                    "Actual Loops": 2,
                    "Index Cond": "(role_id = 1)",
                    "Rows Removed by Index Recheck": 0,
                    "Filter": "(person_id < 1981835)",
                    "Rows Removed by Filter": 0
                  },
                  {
                    "Node Type": "Hash",
                    "Parent Relationship": "Inner",
                    "Parallel Aware": true,
                    "Startup Cost": 54588.39,
                    "Total Cost": 54588.39,
                    "Plan Rows": 26175,
                    "Plan Width": 4,
                    "Actual Startup Time": 142.54,
                    "Actual Total Time": 142.541,
                    "Actual Rows": 23292,
                    "Actual Loops": 2,
                    "Hash Buckets": 65536,
                    "Original Hash Buckets": 65536,
                    "Hash Batches": 1,
                    "Original Hash Batches": 1,
                    "Peak Memory Usage": 2368,
                    "Plans": [
                      {
                        "Node Type": "Seq Scan",
                        "Parent Relationship": "Outer",
                        "Parallel Aware": true,
                        "Relation Name": "title",
                        "Alias": "t",
                        "Startup Cost": 0.0,
                        "Total Cost": 54588.39,
                        "Plan Rows": 26175,
                        "Plan Width": 4,
                        "Actual Startup Time": 0.031,
                        "Actual Total Time": 133.873,
                        "Actual Rows": 23292,
                        "Actual Loops": 2,
                        "Filter": "(production_year = 1998)",
                        "Rows Removed by Filter": 1240864
                      }
                    ]
                  }
                ]
              }
            ]
          }
        ]
      }
    ]
  },
  "Planning Time": 0.498,
  "Triggers": [],
  "Execution Time": 1886.754
}