{
  "Plan": {
    "Node Type": "Aggregate",
    "Strategy": "Plain",
    "Partial Mode": "Simple",
    "Parallel Aware": false,
    "Startup Cost": 70000198358.9,
    "Total Cost": 70000198358.91,
    "Plan Rows": 1,
    "Plan Width": 64,
    "Actual Startup Time": 2718.053,
    "Actual Total Time": 2718.069,
    "Actual Rows": 1,
    "Actual Loops": 1,
    "Plans": [
      {
        "Node Type": "Nested Loop",
        "Parent Relationship": "Outer",
        "Parallel Aware": false,
        "Join Type": "Inner",
        "Startup Cost": 70000000002.29,
        "Total Cost": 70000198358.9,
        "Plan Rows": 1,
        "Plan Width": 23,
        "Actual Startup Time": 2718.036,
        "Actual Total Time": 2718.052,
        "Actual Rows": 0,
        "Actual Loops": 1,
        "Inner Unique": false,
        "Join Filter": "(mi_idx.movie_id = t.id)",
        "Rows Removed by Join Filter": 779544,
        "Plans": [
          {
            "Node Type": "Nested Loop",
            "Parent Relationship": "Outer",
            "Parallel Aware": false,
            "Join Type": "Inner",
            "Startup Cost": 50000000001.86,
            "Total Cost": 50000135659.68,
            "Plan Rows": 1,
            "Plan Width": 29,
            "Actual Startup Time": 1117.365,
            "Actual Total Time": 1655.741,
            "Actual Rows": 3,
            "Actual Loops": 1,
            "Inner Unique": true,
            "Plans": [
              {
                "Node Type": "Nested Loop",
                "Parent Relationship": "Outer",
                "Parallel Aware": false,
                "Join Type": "Inner",
                "Startup Cost": 40000000001.44,
                "Total Cost": 40000135659.23,
                "Plan Rows": 1,
                "Plan Width": 33,
                "Actual Startup Time": 1117.319,
                "Actual Total Time": 1655.427,
                "Actual Rows": 14,
                "Actual Loops": 1,
                "Inner Unique": true,
                "Plans": [
                  {
                    "Node Type": "Nested Loop",
                    "Parent Relationship": "Outer",
                    "Parallel Aware": false,
                    "Join Type": "Inner",
                    "Startup Cost": 30000000001.3,
                    "Total Cost": 30000135658.88,
                    "Plan Rows": 2,
                    "Plan Width": 37,
                    "Actual Startup Time": 1117.281,
                    "Actual Total Time": 1655.315,
                    "Actual Rows": 14,
                    "Actual Loops": 1,
                    "Inner Unique": false,
                    "Join Filter": "(t.id = mi.movie_id)",
                    "Rows Removed by Join Filter": 0,
                    "Plans": [
                      {
                        "Node Type": "Nested Loop",
                        "Parent Relationship": "Outer",
                        "Parallel Aware": false,
                        "Join Type": "Inner",
                        "Startup Cost": 20000000000.86,
                        "Total Cost": 20000135655.12,
                        "Plan Rows": 2,
                        "Plan Width": 29,
                        "Actual Startup Time": 1116.844,
                        "Actual Total Time": 1653.438,
                        "Actual Rows": 14,
                        "Actual Loops": 1,
                        "Inner Unique": false,
                        "Plans": [
                          {
                            "Node Type": "Nested Loop",
                            "Parent Relationship": "Outer",
                            "Parallel Aware": false,
                            "Join Type": "Inner",
                            "Startup Cost": 10000000000.43,
                            "Total Cost": 10000135645.33,
                            "Plan Rows": 1,
                            "Plan Width": 21,
                            "Actual Startup Time": 1116.658,
                            "Actual Total Time": 1652.721,
                            "Actual Rows": 15,
                            "Actual Loops": 1,
                            "Inner Unique": true,
                            "Join Filter": "(kt.id = t.kind_id)",
                            "Rows Removed by Join Filter": 0,
                            "Plans": [
                              {
                                "Node Type": "Index Scan",
                                "Parent Relationship": "Outer",
                                "Parallel Aware": false,
                                "Scan Direction": "Forward",
                                "Index Name": "title_pkey",
                                "Relation Name": "title",
                                "Alias": "t",
                                "Startup Cost": 0.43,
                                "Total Cost": 135644.15,
                                "Plan Rows": 6,
                                "Plan Width": 25,
                                "Actual Startup Time": 1116.6,
                                "Actual Total Time": 1652.609,
                                "Actual Rows": 15,
                                "Actual Loops": 1,
                                "Filter": "((production_year < 1910) AND ((title ~~ '%murder%'::text) OR (title ~~ '%Murder%'::text) OR (title ~~ '%Mord%'::text)))",
                                "Rows Removed by Filter": 2528297
                              },
                              {
                                "Node Type": "Materialize",
                                "Parent Relationship": "Inner",
                                "Parallel Aware": false,
                                "Startup Cost": 0.0,
                                "Total Cost": 1.09,
                                "Plan Rows": 1,
                                "Plan Width": 4,
                                "Actual Startup Time": 0.004,
                                "Actual Total Time": 0.004,
                                "Actual Rows": 1,
                                "Actual Loops": 15,
                                "Plans": [
                                  {
                                    "Node Type": "Seq Scan",
                                    "Parent Relationship": "Outer",
                                    "Parallel Aware": false,
                                    "Relation Name": "kind_type",
                                    "Alias": "kt",
                                    "Startup Cost": 0.0,
                                    "Total Cost": 1.09,
                                    "Plan Rows": 1,
                                    "Plan Width": 4,
                                    "Actual Startup Time": 0.02,
                                    "Actual Total Time": 0.02,
                                    "Actual Rows": 1,
                                    "Actual Loops": 1,
                                    "Filter": "((kind)::text = 'movie'::text)",
                                    "Rows Removed by Filter": 0
                                  }
                                ]
                              }
                            ]
                          },
                          {
                            "Node Type": "Index Scan",
                            "Parent Relationship": "Inner",
                            "Parallel Aware": false,
                            "Scan Direction": "Forward",
                            "Index Name": "movie_id_movie_keyword",
                            "Relation Name": "movie_keyword",
                            "Alias": "mk",
                            "Startup Cost": 0.43,
                            "Total Cost": 9.33,
                            "Plan Rows": 46,
                            "Plan Width": 8,
                            "Actual Startup Time": 0.043,
                            "Actual Total Time": 0.044,
                            "Actual Rows": 1,
                            "Actual Loops": 15,
                            "Index Cond": "(movie_id = t.id)",
                            "Rows Removed by Index Recheck": 0
                          }
                        ]
                      },
                      {
                        "Node Type": "Index Scan",
                        "Parent Relationship": "Inner",
                        "Parallel Aware": false,
                        "Scan Direction": "Forward",
                        "Index Name": "movie_id_movie_info",
                        "Relation Name": "movie_info",
                        "Alias": "mi",
                        "Startup Cost": 0.43,
                        "Total Cost": 1.86,
                        "Plan Rows": 2,
                        "Plan Width": 8,
                        "Actual Startup Time": 0.123,
                        "Actual Total Time": 0.131,
                        "Actual Rows": 1,
                        "Actual Loops": 14,
                        "Index Cond": "(movie_id = mk.movie_id)",
                        "Rows Removed by Index Recheck": 0,
                        "Filter": "(info = ANY ('{Sweden,Norway,Germany,Denmark,Swedish,Denish,Norwegian,German,USA,American}'::text[]))",
                        "Rows Removed by Filter": 10
                      }
                    ]
                  },
                  {
                    "Node Type": "Index Scan",
                    "Parent Relationship": "Inner",
                    "Parallel Aware": false,
                    "Scan Direction": "Forward",
                    "Index Name": "info_type_pkey",
                    "Relation Name": "info_type",
                    "Alias": "it1",
                    "Startup Cost": 0.14,
                    "Total Cost": 0.16,
                    "Plan Rows": 1,
                    "Plan Width": 4,
                    "Actual Startup Time": 0.006,
                    "Actual Total Time": 0.006,
                    "Actual Rows": 1,
                    "Actual Loops": 14,
                    "Index Cond": "(id = mi.info_type_id)",
                    "Rows Removed by Index Recheck": 0,
                    "Filter": "((info)::text = 'countries'::text)",
                    "Rows Removed by Filter": 0
                  }
                ]
              },
              {
                "Node Type": "Index Scan",
                "Parent Relationship": "Inner",
                "Parallel Aware": false,
                "Scan Direction": "Forward",
                "Index Name": "keyword_pkey",
                "Relation Name": "keyword",
                "Alias": "k",
                "Startup Cost": 0.42,
                "Total Cost": 0.44,
                "Plan Rows": 1,
                "Plan Width": 4,
                "Actual Startup Time": 0.021,
                "Actual Total Time": 0.021,
                "Actual Rows": 0,
                "Actual Loops": 14,
                "Index Cond": "(id = mk.keyword_id)",
                "Rows Removed by Index Recheck": 0,
                "Filter": "(keyword = ANY ('{murder,murder-in-title}'::text[]))",
                "Rows Removed by Filter": 1
              }
            ]
          },
          {
            "Node Type": "Nested Loop",
            "Parent Relationship": "Inner",
            "Parallel Aware": false,
            "Join Type": "Inner",
            "Startup Cost": 10000000000.43,
            "Total Cost": 10000062658.04,
            "Plan Rows": 3294,
            "Plan Width": 10,
            "Actual Startup Time": 0.039,
            "Actual Total Time": 340.343,
            "Actual Rows": 259848,
            "Actual Loops": 3,
            "Inner Unique": true,
            "Join Filter": "(it2.id = mi_idx.info_type_id)",
            "Rows Removed by Join Filter": 113561,
            "Plans": [
              {
                "Node Type": "Index Scan",
                "Parent Relationship": "Outer",
                "Parallel Aware": false,
                "Scan Direction": "Forward",
                "Index Name": "movie_id_movie_info_idx",
                "Relation Name": "movie_info_idx",
                "Alias": "mi_idx",
                "Startup Cost": 0.43,
                "Total Cost": 57072.82,
                "Plan Rows": 372187,
                "Plan Width": 14,
                "Actual Startup Time": 0.025,
                "Actual Total Time": 258.138,
                "Actual Rows": 373409,
                "Actual Loops": 3,
                "Filter": "(info > '6.0'::text)",
                "Rows Removed by Filter": 1006626
              },
              {
                "Node Type": "Materialize",
                "Parent Relationship": "Inner",
                "Parallel Aware": false,
                "Startup Cost": 0.0,
                "Total Cost": 2.42,
                "Plan Rows": 1,
                "Plan Width": 4,
                "Actual Startup Time": 0.0,
                "Actual Total Time": 0.0,
                "Actual Rows": 1,
                "Actual Loops": 1120227,
                "Plans": [
                  {
                    "Node Type": "Seq Scan",
                    "Parent Relationship": "Outer",
                    "Parallel Aware": false,
                    "Relation Name": "info_type",
                    "Alias": "it2",
                    "Startup Cost": 0.0,
                    "Total Cost": 2.41,
                    "Plan Rows": 1,
                    "Plan Width": 4,
                    "Actual Startup Time": 0.015,
                    "Actual Total Time": 0.017,
                    "Actual Rows": 1,
                    "Actual Loops": 1,
                    "Filter": "((info)::text = 'rating'::text)",
                    "Rows Removed by Filter": 112
                  }
                ]
              }
            ]
          }
        ]
      }
    ]
  },
  "Planning Time": 12.391,
  "Triggers": [],
  "Execution Time": 2718.683
}