[
  {
    "Plan": {
      "Node Type": "Aggregate",
      "Strategy": "Plain",
      "Partial Mode": "Finalize",
      "Parallel Aware": false,
      "Startup Cost": 74308.49,
      "Total Cost": 74308.5,
      "Plan Rows": 1,
      "Plan Width": 8,
      "Actual Startup Time": 123.379,
      "Actual Total Time": 138.473,
      "Actual Rows": 1,
      "Actual Loops": 1,
      "Plans": [
        {
          "Node Type": "Gather",
          "Parent Relationship": "Outer",
          "Parallel Aware": false,
          "Startup Cost": 74308.07,
          "Total Cost": 74308.48,
          "Plan Rows": 4,
          "Plan Width": 8,
          "Actual Startup Time": 123.28,
          "Actual Total Time": 138.467,
          "Actual Rows": 5,
          "Actual Loops": 1,
          "Workers Planned": 4,
          "Workers Launched": 4,
          "Single Copy": false,
          "Plans": [
            {
              "Node Type": "Aggregate",
              "Strategy": "Plain",
              "Partial Mode": "Partial",
              "Parent Relationship": "Outer",
              "Parallel Aware": false,
              "Startup Cost": 73308.07,
              "Total Cost": 73308.08,
              "Plan Rows": 1,
              "Plan Width": 8,
              "Actual Startup Time": 113.717,
              "Actual Total Time": 113.718,
              "Actual Rows": 1,
              "Actual Loops": 5,
              "Plans": [
                {
                  "Node Type": "Nested Loop",
                  "Parent Relationship": "Outer",
                  "Parallel Aware": false,
                  "Join Type": "Inner",
                  "Startup Cost": 0.43,
                  "Total Cost": 73292.03,
                  "Plan Rows": 6416,
                  "Plan Width": 0,
                  "Actual Startup Time": 2.176,
                  "Actual Total Time": 112.95,
                  "Actual Rows": 13205,
                  "Actual Loops": 5,
                  "Inner Unique": false,
                  "Plans": [
                    {
                      "Node Type": "Seq Scan",
                      "Parent Relationship": "Outer",
                      "Parallel Aware": true,
                      "Relation Name": "title",
                      "Alias": "t",
                      "Startup Cost": 0.0,
                      "Total Cost": 45479.1,
                      "Plan Rows": 3586,
                      "Plan Width": 4,
                      "Actual Startup Time": 0.477,
                      "Actual Total Time": 83.964,
                      "Actual Rows": 2442,
                      "Actual Loops": 5,
                      "Filter": "((kind_id < 7) AND (production_year = 1996))",
                      "Rows Removed by Filter": 503221
                    },
                    {
                      "Node Type": "Index Only Scan",
                      "Parent Relationship": "Inner",
                      "Parallel Aware": false,
                      "Scan Direction": "Forward",
                      "Index Name": "movie_id_movie_keyword",
                      "Relation Name": "movie_keyword",
                      "Alias": "mk",
                      "Startup Cost": 0.43,
                      "Total Cost": 7.31,
                      "Plan Rows": 45,
                      "Plan Width": 4,
                      "Actual Startup Time": 0.01,
                      "Actual Total Time": 0.011,
                      "Actual Rows": 5,
                      "Actual Loops": 12208,
                      "Index Cond": "(movie_id = t.id)",
                      "Rows Removed by Index Recheck": 0,
                      "Heap Fetches": 66025
                    }
                  ]
                }
              ]
            }
          ]
        }
      ]
    },
    "Planning Time": 0.604,
    "Triggers": [],
    "Execution Time": 138.539
  }
]