{
  "Plan": {
    "Node Type": "Aggregate",
    "Strategy": "Plain",
    "Partial Mode": "Finalize",
    "Parallel Aware": false,
    "Startup Cost": 561720.97,
    "Total Cost": 561720.98,
    "Plan Rows": 1,
    "Plan Width": 8,
    "Actual Startup Time": 2475.102,
    "Actual Total Time": 2515.169,
    "Actual Rows": 1,
    "Actual Loops": 1,
    "Plans": [
      {
        "Node Type": "Gather",
        "Parent Relationship": "Outer",
        "Parallel Aware": false,
        "Startup Cost": 561720.85,
        "Total Cost": 561720.96,
        "Plan Rows": 1,
        "Plan Width": 8,
        "Actual Startup Time": 2474.835,
        "Actual Total Time": 2515.159,
        "Actual Rows": 2,
        "Actual Loops": 1,
        "Workers Planned": 1,
        "Workers Launched": 1,
        "Single Copy": false,
        "Plans": [
          {
            "Node Type": "Aggregate",
            "Strategy": "Plain",
            "Partial Mode": "Partial",
            "Parent Relationship": "Outer",
            "Parallel Aware": false,
            "Startup Cost": 560720.85,
            "Total Cost": 560720.86,
            "Plan Rows": 1,
            "Plan Width": 8,
            "Actual Startup Time": 2468.542,
            "Actual Total Time": 2468.547,
            "Actual Rows": 1,
            "Actual Loops": 2,
            "Plans": [
              {
                "Node Type": "Nested Loop",
                "Parent Relationship": "Outer",
                "Parallel Aware": false,
                "Join Type": "Inner",
                "Startup Cost": 38966.0,
                "Total Cost": 560453.15,
                "Plan Rows": 107081,
                "Plan Width": 0,
                "Actual Startup Time": 60.603,
                "Actual Total Time": 2454.64,
                "Actual Rows": 250143,
                "Actual Loops": 2,
                "Inner Unique": false,
                "Join Filter": "(t.id = mk.movie_id)",
                "Rows Removed by Join Filter": 0,
                "Plans": [
                  {
                    "Node Type": "Hash Join",
                    "Parent Relationship": "Outer",
                    "Parallel Aware": true,
                    "Join Type": "Inner",
                    "Startup Cost": 38965.57,
                    "Total Cost": 452427.85,
                    "Plan Rows": 59845,
                    "Plan Width": 8,
                    "Actual Startup Time": 60.447,
                    "Actual Total Time": 2091.924,
                    "Actual Rows": 75412,
                    "Actual Loops": 2,
                    "Inner Unique": true,
                    "Hash Cond": "(ci.movie_id = t.id)",
                    "Plans": [
                      {
                        "Node Type": "Index Scan",
                        "Parent Relationship": "Outer",
                        "Parallel Aware": true,
                        "Scan Direction": "Forward",
                        "Index Name": "role_id_cast_info",
                        "Relation Name": "cast_info",
                        "Alias": "ci",
                        "Startup Cost": 0.56,
                        "Total Cost": 400977.7,
                        "Plan Rows": 4756239,
                        "Plan Width": 4,
                        "Actual Startup Time": 0.069,
                        "Actual Total Time": 1319.984,
                        "Actual Rows": 6335344,
                        "Actual Loops": 2,
                        "Index Cond": "(role_id = 1)",
                        "Rows Removed by Index Recheck": 0,
                        "Filter": "(person_id < 2410131)",
                        "Rows Removed by Filter": 0
                      },
                      {
                        "Node Type": "Hash",
                        "Parent Relationship": "Inner",
                        "Parallel Aware": true,
                        "Startup Cost": 38731.09,
                        "Total Cost": 38731.09,
                        "Plan Rows": 18713,
                        "Plan Width": 4,
                        "Actual Startup Time": 59.186,
                        "Actual Total Time": 59.187,
                        "Actual Rows": 9412,
                        "Actual Loops": 2,
                        "Hash Buckets": 32768,
                        "Original Hash Buckets": 32768,
                        "Hash Batches": 1,
                        "Original Hash Batches": 1,
                        "Peak Memory Usage": 1024,
                        "Plans": [
                          {
                            "Node Type": "Bitmap Heap Scan",
                            "Parent Relationship": "Outer",
                            "Parallel Aware": true,
                            "Relation Name": "title",
                            "Alias": "t",
                            "Startup Cost": 1831.09,
                            "Total Cost": 38731.09,
                            "Plan Rows": 18713,
                            "Plan Width": 4,
                            "Actual Startup Time": 15.385,
                            "Actual Total Time": 55.599,
                            "Actual Rows": 9412,
                            "Actual Loops": 2,
                            "Recheck Cond": "(kind_id = 3)",
                            "Rows Removed by Index Recheck": 0,
                            "Filter": "(production_year > 2007)",
                            "Rows Removed by Filter": 40857,
                            "Exact Heap Blocks": 9869,
                            "Lossy Heap Blocks": 0,
                            "Plans": [
                              {
                                "Node Type": "Bitmap Index Scan",
                                "Parent Relationship": "Outer",
                                "Parallel Aware": false,
                                "Index Name": "kind_id_title",
                                "Startup Cost": 0.0,
                                "Total Cost": 1823.13,
                                "Plan Rows": 102227,
                                "Plan Width": 0,
                                "Actual Startup Time": 16.324,
                                "Actual Total Time": 16.324,
                                "Actual Rows": 100537,
                                "Actual Loops": 1,
                                "Index Cond": "(kind_id = 3)"
                              }
                            ]
                          }
                        ]
                      }
                    ]
                  },
                  {
                    "Node Type": "Index Only Scan",
                    "Parent Relationship": "Inner",
                    "Parallel Aware": false,
                    "Scan Direction": "Forward",
                    "Index Name": "movie_id_movie_keyword",
                    "Relation Name": "movie_keyword",
                    "Alias": "mk",
                    "Startup Cost": 0.43,
                    "Total Cost": 1.24,
                    "Plan Rows": 45,
                    "Plan Width": 4,
                    "Actual Startup Time": 0.004,
                    "Actual Total Time": 0.004,
                    "Actual Rows": 3,
                    "Actual Loops": 150823,
                    "Index Cond": "(movie_id = ci.movie_id)",
                    "Rows Removed by Index Recheck": 0,
                    "Heap Fetches": 500286
                  }
                ]
              }
            ]
          }
        ]
      }
    ]
  },
  "Planning Time": 1.153,
  "Triggers": [],
  "Execution Time": 2515.304
}