[
  {
    "Plan": {
      "Node Type": "Aggregate",
      "Strategy": "Plain",
      "Partial Mode": "Finalize",
      "Parallel Aware": false,
      "Startup Cost": 46366.13,
      "Total Cost": 46366.14,
      "Plan Rows": 1,
      "Plan Width": 8,
      "Actual Startup Time": 459.145,
      "Actual Total Time": 562.069,
      "Actual Rows": 1,
      "Actual Loops": 1,
      "Plans": [
        {
          "Node Type": "Gather",
          "Parent Relationship": "Outer",
          "Parallel Aware": false,
          "Startup Cost": 46365.92,
          "Total Cost": 46366.13,
          "Plan Rows": 2,
          "Plan Width": 8,
          "Actual Startup Time": 455.475,
          "Actual Total Time": 560.478,
          "Actual Rows": 3,
          "Actual Loops": 1,
          "Workers Planned": 2,
          "Workers Launched": 2,
          "Single Copy": false,
          "Plans": [
            {
              "Node Type": "Aggregate",
              "Strategy": "Plain",
              "Partial Mode": "Partial",
              "Parent Relationship": "Outer",
              "Parallel Aware": false,
              "Startup Cost": 45365.92,
              "Total Cost": 45365.93,
              "Plan Rows": 1,
              "Plan Width": 8,
              "Actual Startup Time": 446.664,
              "Actual Total Time": 446.842,
              "Actual Rows": 1,
              "Actual Loops": 3,
              "Plans": [
                {
                  "Node Type": "Nested Loop",
                  "Parent Relationship": "Outer",
                  "Parallel Aware": false,
                  "Join Type": "Inner",
                  "Startup Cost": 170.2,
                  "Total Cost": 45365.21,
                  "Plan Rows": 283,
                  "Plan Width": 0,
                  "Actual Startup Time": 6.853,
                  "Actual Total Time": 446.051,
                  "Actual Rows": 3234,
                  "Actual Loops": 3,
                  "Inner Unique": false,
                  "Plans": [
                    {
                      "Node Type": "Nested Loop",
                      "Parent Relationship": "Outer",
                      "Parallel Aware": false,
                      "Join Type": "Inner",
                      "Startup Cost": 169.63,
                      "Total Cost": 38935.54,
                      "Plan Rows": 3267,
                      "Plan Width": 8,
                      "Actual Startup Time": 6.131,
                      "Actual Total Time": 49.358,
                      "Actual Rows": 3314,
                      "Actual Loops": 3,
                      "Inner Unique": true,
                      "Plans": [
                        {
                          "Node Type": "Bitmap Heap Scan",
                          "Parent Relationship": "Outer",
                          "Parallel Aware": true,
                          "Relation Name": "movie_keyword",
                          "Alias": "mk",
                          "Startup Cost": 169.2,
                          "Total Cost": 16584.09,
                          "Plan Rows": 3267,
                          "Plan Width": 4,
                          "Actual Startup Time": 5.926,
                          "Actual Total Time": 20.062,
                          "Actual Rows": 3314,
                          "Actual Loops": 3,
                          "Recheck Cond": "(keyword_id = 56)",
                          "Rows Removed by Index Recheck": 0,
                          "Exact Heap Blocks": 4338,
                          "Lossy Heap Blocks": 0,
                          "Plans": [
                            {
                              "Node Type": "Bitmap Index Scan",
                              "Parent Relationship": "Outer",
                              "Parallel Aware": false,
                              "Index Name": "keyword_id_movie_keyword",
                              "Startup Cost": 0.0,
                              "Total Cost": 167.24,
                              "Plan Rows": 7841,
                              "Plan Width": 0,
                              "Actual Startup Time": 10.744,
                              "Actual Total Time": 10.751,
                              "Actual Rows": 9942,
                              "Actual Loops": 1,
                              "Index Cond": "(keyword_id = 56)"
                            }
                          ]
                        },
                        {
                          "Node Type": "Index Only Scan",
                          "Parent Relationship": "Inner",
                          "Parallel Aware": false,
                          "Scan Direction": "Forward",
                          "Index Name": "title_pkey",
                          "Relation Name": "title",
                          "Alias": "t",
                          "Startup Cost": 0.43,
                          "Total Cost": 6.84,
                          "Plan Rows": 1,
                          "Plan Width": 4,
                          "Actual Startup Time": 0.008,
                          "Actual Total Time": 0.008,
                          "Actual Rows": 1,
                          "Actual Loops": 9942,
                          "Index Cond": "(id = mk.movie_id)",
                          "Rows Removed by Index Recheck": 0,
                          "Heap Fetches": 9942
                        }
                      ]
                    },
                    {
                      "Node Type": "Index Scan",
                      "Parent Relationship": "Inner",
                      "Parallel Aware": false,
                      "Scan Direction": "Forward",
                      "Index Name": "movie_id_cast_info",
                      "Relation Name": "cast_info",
                      "Alias": "ci",
                      "Startup Cost": 0.56,
                      "Total Cost": 1.96,
                      "Plan Rows": 1,
                      "Plan Width": 4,
                      "Actual Startup Time": 0.117,
                      "Actual Total Time": 0.119,
                      "Actual Rows": 1,
                      "Actual Loops": 9942,
                      "Index Cond": "(movie_id = t.id)",
                      "Rows Removed by Index Recheck": 0,
                      "Filter": "((person_id > 3976566) AND (role_id > 2))",
                      "Rows Removed by Filter": 45
                    }
                  ]
                }
              ]
            }
          ]
        }
      ]
    },
    "Planning Time": 1.354,
    "Triggers": [],
    "Execution Time": 564.677
  }
]