[
  {
    "Plan": {
      "Node Type": "Aggregate",
      "Strategy": "Plain",
      "Partial Mode": "Finalize",
      "Parallel Aware": false,
      "Startup Cost": 46996.04,
      "Total Cost": 46996.05,
      "Plan Rows": 1,
      "Plan Width": 8,
      "Actual Startup Time": 102.166,
      "Actual Total Time": 115.38,
      "Actual Rows": 1,
      "Actual Loops": 1,
      "Plans": [
        {
          "Node Type": "Gather",
          "Parent Relationship": "Outer",
          "Parallel Aware": false,
          "Startup Cost": 46995.62,
          "Total Cost": 46996.03,
          "Plan Rows": 4,
          "Plan Width": 8,
          "Actual Startup Time": 102.022,
          "Actual Total Time": 115.372,
          "Actual Rows": 5,
          "Actual Loops": 1,
          "Workers Planned": 4,
          "Workers Launched": 4,
          "Single Copy": false,
          "Plans": [
            {
              "Node Type": "Aggregate",
              "Strategy": "Plain",
              "Partial Mode": "Partial",
              "Parent Relationship": "Outer",
              "Parallel Aware": false,
              "Startup Cost": 45995.62,
              "Total Cost": 45995.63,
              "Plan Rows": 1,
              "Plan Width": 8,
              "Actual Startup Time": 96.245,
              "Actual Total Time": 96.246,
              "Actual Rows": 1,
              "Actual Loops": 5,
              "Plans": [
                {
                  "Node Type": "Seq Scan",
                  "Parent Relationship": "Outer",
                  "Parallel Aware": true,
                  "Relation Name": "title",
                  "Alias": "t",
                  "Startup Cost": 0.0,
                  "Total Cost": 45479.1,
                  "Plan Rows": 206608,
                  "Plan Width": 0,
                  "Actual Startup Time": 0.027,
                  "Actual Total Time": 86.818,
                  "Actual Rows": 175237,
                  "Actual Loops": 5,
                  "Filter": "((kind_id > 1) AND (production_year > 2004))",
                  "Rows Removed by Filter": 330425
                }
              ]
            }
          ]
        }
      ]
    },
    "Planning Time": 0.151,
    "Triggers": [],
    "Execution Time": 115.429
  }
]