[
  {
    "Plan": {
      "Node Type": "Aggregate",
      "Strategy": "Plain",
      "Partial Mode": "Finalize",
      "Parallel Aware": false,
      "Startup Cost": 32805.15,
      "Total Cost": 32805.16,
      "Plan Rows": 1,
      "Plan Width": 8,
      "Actual Startup Time": 72.168,
      "Actual Total Time": 76.449,
      "Actual Rows": 1,
      "Actual Loops": 1,
      "Plans": [
        {
          "Node Type": "Gather",
          "Parent Relationship": "Outer",
          "Parallel Aware": false,
          "Startup Cost": 32804.83,
          "Total Cost": 32805.14,
          "Plan Rows": 3,
          "Plan Width": 8,
          "Actual Startup Time": 72.078,
          "Actual Total Time": 76.443,
          "Actual Rows": 4,
          "Actual Loops": 1,
          "Workers Planned": 3,
          "Workers Launched": 3,
          "Single Copy": false,
          "Plans": [
            {
              "Node Type": "Aggregate",
              "Strategy": "Plain",
              "Partial Mode": "Partial",
              "Parent Relationship": "Outer",
              "Parallel Aware": false,
              "Startup Cost": 31804.83,
              "Total Cost": 31804.84,
              "Plan Rows": 1,
              "Plan Width": 8,
              "Actual Startup Time": 67.298,
              "Actual Total Time": 67.299,
              "Actual Rows": 1,
              "Actual Loops": 4,
              "Plans": [
                {
                  "Node Type": "Seq Scan",
                  "Parent Relationship": "Outer",
                  "Parallel Aware": true,
                  "Relation Name": "movie_companies",
                  "Alias": "mc",
                  "Startup Cost": 0.0,
                  "Total Cost": 31414.82,
                  "Plan Rows": 156005,
                  "Plan Width": 0,
                  "Actual Startup Time": 15.74,
                  "Actual Total Time": 65.056,
                  "Actual Rows": 43823,
                  "Actual Loops": 4,
                  "Filter": "((company_id > 17072) AND (company_type_id < 2))",
                  "Rows Removed by Filter": 608459
                }
              ]
            }
          ]
        }
      ]
    },
    "Planning Time": 0.134,
    "Triggers": [],
    "Execution Time": 76.483
  }
]