[
  {
    "Plan": {
      "Node Type": "Aggregate",
      "Strategy": "Plain",
      "Partial Mode": "Finalize",
      "Parallel Aware": false,
      "Startup Cost": 293652.99,
      "Total Cost": 293653.0,
      "Plan Rows": 1,
      "Plan Width": 8,
      "Actual Startup Time": 2074.661,
      "Actual Total Time": 2132.635,
      "Actual Rows": 1,
      "Actual Loops": 1,
      "Plans": [
        {
          "Node Type": "Gather",
          "Parent Relationship": "Outer",
          "Parallel Aware": false,
          "Startup Cost": 293652.47,
          "Total Cost": 293652.98,
          "Plan Rows": 5,
          "Plan Width": 8,
          "Actual Startup Time": 2058.228,
          "Actual Total Time": 2132.617,
          "Actual Rows": 6,
          "Actual Loops": 1,
          "Workers Planned": 5,
          "Workers Launched": 5,
          "Single Copy": false,
          "Plans": [
            {
              "Node Type": "Aggregate",
              "Strategy": "Plain",
              "Partial Mode": "Partial",
              "Parent Relationship": "Outer",
              "Parallel Aware": false,
              "Startup Cost": 292652.47,
              "Total Cost": 292652.48,
              "Plan Rows": 1,
              "Plan Width": 8,
              "Actual Startup Time": 2048.673,
              "Actual Total Time": 2048.853,
              "Actual Rows": 1,
              "Actual Loops": 6,
              "Plans": [
                {
                  "Node Type": "Hash Join",
                  "Parent Relationship": "Outer",
                  "Parallel Aware": true,
                  "Join Type": "Inner",
                  "Startup Cost": 83638.75,
                  "Total Cost": 289948.07,
                  "Plan Rows": 1081761,
                  "Plan Width": 0,
                  "Actual Startup Time": 491.167,
                  "Actual Total Time": 1824.406,
                  "Actual Rows": 3925307,
                  "Actual Loops": 6,
                  "Inner Unique": false,
                  "Hash Cond": "(mi.movie_id = t.id)",
                  "Plans": [
                    {
                      "Node Type": "Seq Scan",
                      "Parent Relationship": "Outer",
                      "Parallel Aware": true,
                      "Relation Name": "movie_info",
                      "Alias": "mi",
                      "Startup Cost": 0.0,
                      "Total Cost": 191685.19,
                      "Plan Rows": 2969219,
                      "Plan Width": 4,
                      "Actual Startup Time": 0.04,
                      "Actual Total Time": 357.221,
                      "Actual Rows": 2472620,
                      "Actual Loops": 6
                    },
                    {
                      "Node Type": "Hash",
                      "Parent Relationship": "Inner",
                      "Parallel Aware": true,
                      "Startup Cost": 79924.36,
                      "Total Cost": 79924.36,
                      "Plan Rows": 297151,
                      "Plan Width": 8,
                      "Actual Startup Time": 486.731,
                      "Actual Total Time": 486.909,
                      "Actual Rows": 164712,
                      "Actual Loops": 6,
                      "Hash Buckets": 1048576,
                      "Original Hash Buckets": 1048576,
                      "Hash Batches": 1,
                      "Original Hash Batches": 1,
                      "Peak Memory Usage": 46976,
                      "Plans": [
                        {
                          "Node Type": "Hash Join",
                          "Parent Relationship": "Outer",
                          "Parallel Aware": true,
                          "Join Type": "Inner",
                          "Startup Cost": 49516.47,
                          "Total Cost": 79924.36,
                          "Plan Rows": 297151,
                          "Plan Width": 8,
                          "Actual Startup Time": 269.677,
                          "Actual Total Time": 415.81,
                          "Actual Rows": 164712,
                          "Actual Loops": 6,
                          "Inner Unique": true,
                          "Hash Cond": "(mc.movie_id = t.id)",
                          "Plans": [
                            {
                              "Node Type": "Seq Scan",
                              "Parent Relationship": "Outer",
                              "Parallel Aware": true,
                              "Relation Name": "movie_companies",
                              "Alias": "mc",
                              "Startup Cost": 0.0,
                              "Total Cost": 29310.68,
                              "Plan Rows": 417985,
                              "Plan Width": 4,
                              "Actual Startup Time": 9.557,
                              "Actual Total Time": 66.109,
                              "Actual Rows": 213872,
                              "Actual Loops": 6,
                              "Filter": "(company_id > 11386)",
                              "Rows Removed by Filter": 220983
                            },
                            {
                              "Node Type": "Hash",
                              "Parent Relationship": "Inner",
                              "Parallel Aware": true,
                              "Startup Cost": 43899.32,
                              "Total Cost": 43899.32,
                              "Plan Rows": 449372,
                              "Plan Width": 4,
                              "Actual Startup Time": 256.883,
                              "Actual Total Time": 256.885,
                              "Actual Rows": 299026,
                              "Actual Loops": 6,
                              "Hash Buckets": 2097152,
                              "Original Hash Buckets": 2097152,
                              "Hash Batches": 1,
                              "Original Hash Batches": 1,
                              "Peak Memory Usage": 86656,
                              "Plans": [
                                {
                                  "Node Type": "Seq Scan",
                                  "Parent Relationship": "Outer",
                                  "Parallel Aware": true,
                                  "Relation Name": "title",
                                  "Alias": "t",
                                  "Startup Cost": 0.0,
                                  "Total Cost": 43899.32,
                                  "Plan Rows": 449372,
                                  "Plan Width": 4,
                                  "Actual Startup Time": 0.048,
                                  "Actual Total Time": 108.725,
                                  "Actual Rows": 299026,
                                  "Actual Loops": 6,
                                  "Filter": "(production_year < 2009)",
                                  "Rows Removed by Filter": 122360
                                }
                              ]
                            }
                          ]
                        }
                      ]
                    }
                  ]
                }
              ]
            }
          ]
        }
      ]
    },
    "Planning Time": 0.579,
    "Triggers": [],
    "Execution Time": 2132.702
  }
]