{
    "Plan": {
        "Node Type": "Aggregate",
        "Strategy": "Plain",
        "Partial Mode": "Finalize",
        "Parallel Aware": false,
        "Startup Cost": 130414.57,
        "Total Cost": 130414.58,
        "Plan Rows": 1,
        "Plan Width": 8,
        "Actual Startup Time": 334.363,
        "Actual Total Time": 370.183,
        "Actual Rows": 1,
        "Actual Loops": 1,
        "Output": [
            "count(*)"
        ],
        "Plans": [
            {
                "Node Type": "Gather",
                "Parent Relationship": "Outer",
                "Parallel Aware": false,
                "Startup Cost": 130414.05,
                "Total Cost": 130414.56,
                "Plan Rows": 5,
                "Plan Width": 8,
                "Actual Startup Time": 333.967,
                "Actual Total Time": 370.171,
                "Actual Rows": 6,
                "Actual Loops": 1,
                "Output": [
                    "(PARTIAL count(*))"
                ],
                "Workers Planned": 5,
                "Workers Launched": 5,
                "Single Copy": false,
                "Plans": [
                    {
                        "Node Type": "Aggregate",
                        "Strategy": "Plain",
                        "Partial Mode": "Partial",
                        "Parent Relationship": "Outer",
                        "Parallel Aware": false,
                        "Startup Cost": 129414.05,
                        "Total Cost": 129414.06,
                        "Plan Rows": 1,
                        "Plan Width": 8,
                        "Actual Startup Time": 323.227,
                        "Actual Total Time": 323.231,
                        "Actual Rows": 1,
                        "Actual Loops": 6,
                        "Output": [
                            "PARTIAL count(*)"
                        ],
                        "Workers": [
                            {
                                "Worker Number": 0,
                                "Actual Startup Time": 320.504,
                                "Actual Total Time": 320.506,
                                "Actual Rows": 1,
                                "Actual Loops": 1
                            },
                            {
                                "Worker Number": 1,
                                "Actual Startup Time": 320.959,
                                "Actual Total Time": 320.962,
                                "Actual Rows": 1,
                                "Actual Loops": 1
                            },
                            {
                                "Worker Number": 2,
                                "Actual Startup Time": 321.398,
                                "Actual Total Time": 321.401,
                                "Actual Rows": 1,
                                "Actual Loops": 1
                            },
                            {
                                "Worker Number": 3,
                                "Actual Startup Time": 321.64,
                                "Actual Total Time": 321.642,
                                "Actual Rows": 1,
                                "Actual Loops": 1
                            },
                            {
                                "Worker Number": 4,
                                "Actual Startup Time": 321.812,
                                "Actual Total Time": 321.82,
                                "Actual Rows": 1,
                                "Actual Loops": 1
                            }
                        ],
                        "Plans": [
                            {
                                "Node Type": "Nested Loop",
                                "Parent Relationship": "Outer",
                                "Parallel Aware": false,
                                "Join Type": "Inner",
                                "Startup Cost": 45629.32,
                                "Total Cost": 129344.38,
                                "Plan Rows": 27870,
                                "Plan Width": 0,
                                "Actual Startup Time": 77.312,
                                "Actual Total Time": 319.73,
                                "Actual Rows": 51996,
                                "Actual Loops": 6,
                                "Inner Unique": false,
                                "Join Filter": "(t.id = mi.movie_id)",
                                "Rows Removed by Join Filter": 0,
                                "Workers": [
                                    {
                                        "Worker Number": 0,
                                        "Actual Startup Time": 74.55,
                                        "Actual Total Time": 317.138,
                                        "Actual Rows": 50989,
                                        "Actual Loops": 1
                                    },
                                    {
                                        "Worker Number": 1,
                                        "Actual Startup Time": 75.187,
                                        "Actual Total Time": 317.587,
                                        "Actual Rows": 49844,
                                        "Actual Loops": 1
                                    },
                                    {
                                        "Worker Number": 2,
                                        "Actual Startup Time": 75.52,
                                        "Actual Total Time": 318.015,
                                        "Actual Rows": 50981,
                                        "Actual Loops": 1
                                    },
                                    {
                                        "Worker Number": 3,
                                        "Actual Startup Time": 75.482,
                                        "Actual Total Time": 318.244,
                                        "Actual Rows": 51373,
                                        "Actual Loops": 1
                                    },
                                    {
                                        "Worker Number": 4,
                                        "Actual Startup Time": 76.166,
                                        "Actual Total Time": 318.46,
                                        "Actual Rows": 50484,
                                        "Actual Loops": 1
                                    }
                                ],
                                "Plans": [
                                    {
                                        "Node Type": "Hash Join",
                                        "Parent Relationship": "Outer",
                                        "Parallel Aware": true,
                                        "Join Type": "Inner",
                                        "Startup Cost": 45628.89,
                                        "Total Cost": 118414.46,
                                        "Plan Rows": 4776,
                                        "Plan Width": 8,
                                        "Actual Startup Time": 77.222,
                                        "Actual Total Time": 206.536,
                                        "Actual Rows": 3715,
                                        "Actual Loops": 6,
                                        "Output": [
                                            "t.id",
                                            "ci.movie_id"
                                        ],
                                        "Inner Unique": true,
                                        "Hash Cond": "(ci.movie_id = t.id)",
                                        "Workers": [
                                            {
                                                "Worker Number": 0,
                                                "Actual Startup Time": 74.455,
                                                "Actual Total Time": 197.923,
                                                "Actual Rows": 3561,
                                                "Actual Loops": 1
                                            },
                                            {
                                                "Worker Number": 1,
                                                "Actual Startup Time": 75.069,
                                                "Actual Total Time": 198.908,
                                                "Actual Rows": 3618,
                                                "Actual Loops": 1
                                            },
                                            {
                                                "Worker Number": 2,
                                                "Actual Startup Time": 75.424,
                                                "Actual Total Time": 197.7,
                                                "Actual Rows": 3654,
                                                "Actual Loops": 1
                                            },
                                            {
                                                "Worker Number": 3,
                                                "Actual Startup Time": 75.374,
                                                "Actual Total Time": 200.664,
                                                "Actual Rows": 3617,
                                                "Actual Loops": 1
                                            },
                                            {
                                                "Worker Number": 4,
                                                "Actual Startup Time": 76.068,
                                                "Actual Total Time": 198.698,
                                                "Actual Rows": 3642,
                                                "Actual Loops": 1
                                            }
                                        ],
                                        "Plans": [
                                            {
                                                "Node Type": "Index Scan",
                                                "Parent Relationship": "Outer",
                                                "Parallel Aware": true,
                                                "Scan Direction": "Forward",
                                                "Index Name": "role_id_cast_info",
                                                "Relation Name": "cast_info",
                                                "Schema": "public",
                                                "Alias": "ci",
                                                "Startup Cost": 0.56,
                                                "Total Cost": 72121.93,
                                                "Plan Rows": 253036,
                                                "Plan Width": 4,
                                                "Actual Startup Time": 0.077,
                                                "Actual Total Time": 95.048,
                                                "Actual Rows": 245971,
                                                "Actual Loops": 6,
                                                "Output": [
                                                    "ci.id",
                                                    "ci.person_id",
                                                    "ci.movie_id",
                                                    "ci.person_role_id",
                                                    "ci.note",
                                                    "ci.nr_order",
                                                    "ci.role_id"
                                                ],
                                                "Index Cond": "(ci.role_id = 4)",
                                                "Rows Removed by Index Recheck": 0,
                                                "Filter": "(ci.person_id > 1874135)",
                                                "Rows Removed by Filter": 208853,
                                                "Workers": [
                                                    {
                                                        "Worker Number": 0,
                                                        "Actual Startup Time": 0.1,
                                                        "Actual Total Time": 91.476,
                                                        "Actual Rows": 237896,
                                                        "Actual Loops": 1
                                                    },
                                                    {
                                                        "Worker Number": 1,
                                                        "Actual Startup Time": 0.068,
                                                        "Actual Total Time": 91.37,
                                                        "Actual Rows": 244073,
                                                        "Actual Loops": 1
                                                    },
                                                    {
                                                        "Worker Number": 2,
                                                        "Actual Startup Time": 0.078,
                                                        "Actual Total Time": 90.875,
                                                        "Actual Rows": 232088,
                                                        "Actual Loops": 1
                                                    },
                                                    {
                                                        "Worker Number": 3,
                                                        "Actual Startup Time": 0.069,
                                                        "Actual Total Time": 93.079,
                                                        "Actual Rows": 243563,
                                                        "Actual Loops": 1
                                                    },
                                                    {
                                                        "Worker Number": 4,
                                                        "Actual Startup Time": 0.117,
                                                        "Actual Total Time": 90.46,
                                                        "Actual Rows": 238918,
                                                        "Actual Loops": 1
                                                    }
                                                ]
                                            },
                                            {
                                                "Node Type": "Hash",
                                                "Parent Relationship": "Inner",
                                                "Parallel Aware": true,
                                                "Startup Cost": 45479.21,
                                                "Total Cost": 45479.21,
                                                "Plan Rows": 11929,
                                                "Plan Width": 4,
                                                "Actual Startup Time": 75.779,
                                                "Actual Total Time": 75.78,
                                                "Actual Rows": 6459,
                                                "Actual Loops": 6,
                                                "Output": [
                                                    "t.id"
                                                ],
                                                "Hash Buckets": 65536,
                                                "Original Hash Buckets": 65536,
                                                "Hash Batches": 1,
                                                "Original Hash Batches": 1,
                                                "Peak Memory Usage": 2112,
                                                "Workers": [
                                                    {
                                                        "Worker Number": 0,
                                                        "Actual Startup Time": 73.796,
                                                        "Actual Total Time": 73.797,
                                                        "Actual Rows": 6314,
                                                        "Actual Loops": 1
                                                    },
                                                    {
                                                        "Worker Number": 1,
                                                        "Actual Startup Time": 74.305,
                                                        "Actual Total Time": 74.306,
                                                        "Actual Rows": 6316,
                                                        "Actual Loops": 1
                                                    },
                                                    {
                                                        "Worker Number": 2,
                                                        "Actual Startup Time": 74.751,
                                                        "Actual Total Time": 74.752,
                                                        "Actual Rows": 6344,
                                                        "Actual Loops": 1
                                                    },
                                                    {
                                                        "Worker Number": 3,
                                                        "Actual Startup Time": 74.902,
                                                        "Actual Total Time": 74.902,
                                                        "Actual Rows": 6598,
                                                        "Actual Loops": 1
                                                    },
                                                    {
                                                        "Worker Number": 4,
                                                        "Actual Startup Time": 75.278,
                                                        "Actual Total Time": 75.28,
                                                        "Actual Rows": 6298,
                                                        "Actual Loops": 1
                                                    }
                                                ],
                                                "Plans": [
                                                    {
                                                        "Node Type": "Seq Scan",
                                                        "Parent Relationship": "Outer",
                                                        "Parallel Aware": true,
                                                        "Relation Name": "title",
                                                        "Schema": "public",
                                                        "Alias": "t",
                                                        "Startup Cost": 0.0,
                                                        "Total Cost": 45479.21,
                                                        "Plan Rows": 11929,
                                                        "Plan Width": 4,
                                                        "Actual Startup Time": 0.412,
                                                        "Actual Total Time": 72.917,
                                                        "Actual Rows": 6459,
                                                        "Actual Loops": 6,
                                                        "Output": [
                                                            "t.id"
                                                        ],
                                                        "Filter": "((t.kind_id < 7) AND (t.production_year = 2008))",
                                                        "Rows Removed by Filter": 414927,
                                                        "Workers": [
                                                            {
                                                                "Worker Number": 0,
                                                                "Actual Startup Time": 0.431,
                                                                "Actual Total Time": 70.924,
                                                                "Actual Rows": 6314,
                                                                "Actual Loops": 1
                                                            },
                                                            {
                                                                "Worker Number": 1,
                                                                "Actual Startup Time": 0.283,
                                                                "Actual Total Time": 71.412,
                                                                "Actual Rows": 6316,
                                                                "Actual Loops": 1
                                                            },
                                                            {
                                                                "Worker Number": 2,
                                                                "Actual Startup Time": 0.938,
                                                                "Actual Total Time": 71.617,
                                                                "Actual Rows": 6344,
                                                                "Actual Loops": 1
                                                            },
                                                            {
                                                                "Worker Number": 3,
                                                                "Actual Startup Time": 0.488,
                                                                "Actual Total Time": 72.06,
                                                                "Actual Rows": 6598,
                                                                "Actual Loops": 1
                                                            },
                                                            {
                                                                "Worker Number": 4,
                                                                "Actual Startup Time": 0.201,
                                                                "Actual Total Time": 72.304,
                                                                "Actual Rows": 6298,
                                                                "Actual Loops": 1
                                                            }
                                                        ]
                                                    }
                                                ]
                                            }
                                        ]
                                    },
                                    {
                                        "Node Type": "Index Only Scan",
                                        "Parent Relationship": "Inner",
                                        "Parallel Aware": false,
                                        "Scan Direction": "Forward",
                                        "Index Name": "movie_id_movie_info",
                                        "Relation Name": "movie_info",
                                        "Schema": "public",
                                        "Alias": "mi",
                                        "Startup Cost": 0.43,
                                        "Total Cost": 1.8,
                                        "Plan Rows": 39,
                                        "Plan Width": 4,
                                        "Actual Startup Time": 0.009,
                                        "Actual Total Time": 0.028,
                                        "Actual Rows": 14,
                                        "Actual Loops": 22288,
                                        "Output": [
                                            "mi.movie_id"
                                        ],
                                        "Index Cond": "(mi.movie_id = ci.movie_id)",
                                        "Rows Removed by Index Recheck": 0,
                                        "Heap Fetches": 311976,
                                        "Workers": [
                                            {
                                                "Worker Number": 0,
                                                "Actual Startup Time": 0.01,
                                                "Actual Total Time": 0.031,
                                                "Actual Rows": 14,
                                                "Actual Loops": 3561
                                            },
                                            {
                                                "Worker Number": 1,
                                                "Actual Startup Time": 0.01,
                                                "Actual Total Time": 0.031,
                                                "Actual Rows": 14,
                                                "Actual Loops": 3618
                                            },
                                            {
                                                "Worker Number": 2,
                                                "Actual Startup Time": 0.01,
                                                "Actual Total Time": 0.031,
                                                "Actual Rows": 14,
                                                "Actual Loops": 3654
                                            },
                                            {
                                                "Worker Number": 3,
                                                "Actual Startup Time": 0.01,
                                                "Actual Total Time": 0.031,
                                                "Actual Rows": 14,
                                                "Actual Loops": 3617
                                            },
                                            {
                                                "Worker Number": 4,
                                                "Actual Startup Time": 0.01,
                                                "Actual Total Time": 0.031,
                                                "Actual Rows": 14,
                                                "Actual Loops": 3642
                                            }
                                        ]
                                    }
                                ]
                            }
                        ]
                    }
                ]
            }
        ]
    },
    "Planning Time": 1.546,
    "Triggers": [],
    "Execution Time": 370.291
}