[
  {
    "Plan": {
      "Node Type": "Aggregate",
      "Strategy": "Plain",
      "Partial Mode": "Finalize",
      "Parallel Aware": false,
      "Startup Cost": 342209.76,
      "Total Cost": 342209.77,
      "Plan Rows": 1,
      "Plan Width": 8,
      "Actual Startup Time": 891.522,
      "Actual Total Time": 954.442,
      "Actual Rows": 1,
      "Actual Loops": 1,
      "Plans": [
        {
          "Node Type": "Gather",
          "Parent Relationship": "Outer",
          "Parallel Aware": false,
          "Startup Cost": 342209.13,
          "Total Cost": 342209.74,
          "Plan Rows": 6,
          "Plan Width": 8,
          "Actual Startup Time": 891.407,
          "Actual Total Time": 954.431,
          "Actual Rows": 7,
          "Actual Loops": 1,
          "Workers Planned": 6,
          "Workers Launched": 6,
          "Single Copy": false,
          "Plans": [
            {
              "Node Type": "Aggregate",
              "Strategy": "Plain",
              "Partial Mode": "Partial",
              "Parent Relationship": "Outer",
              "Parallel Aware": false,
              "Startup Cost": 341209.13,
              "Total Cost": 341209.14,
              "Plan Rows": 1,
              "Plan Width": 8,
              "Actual Startup Time": 882.514,
              "Actual Total Time": 882.515,
              "Actual Rows": 1,
              "Actual Loops": 7,
              "Plans": [
                {
                  "Node Type": "Seq Scan",
                  "Parent Relationship": "Outer",
                  "Parallel Aware": true,
                  "Relation Name": "cast_info",
                  "Alias": "ci",
                  "Startup Cost": 0.0,
                  "Total Cost": 328162.03,
                  "Plan Rows": 5218842,
                  "Plan Width": 0,
                  "Actual Startup Time": 0.052,
                  "Actual Total Time": 671.849,
                  "Actual Rows": 4502455,
                  "Actual Loops": 7,
                  "Filter": "(person_id < 3207287)",
                  "Rows Removed by Filter": 675308
                }
              ]
            }
          ]
        }
      ]
    },
    "Planning Time": 0.191,
    "Triggers": [],
    "Execution Time": 954.513
  }
]