{
  "Plan": {
    "Node Type": "Aggregate",
    "Strategy": "Plain",
    "Partial Mode": "Finalize",
    "Parallel Aware": false,
    "Startup Cost": 107072.55,
    "Total Cost": 107072.56,
    "Plan Rows": 1,
    "Plan Width": 8,
    "Actual Startup Time": 628.332,
    "Actual Total Time": 639.869,
    "Actual Rows": 1,
    "Actual Loops": 1,
    "Plans": [
      {
        "Node Type": "Gather",
        "Parent Relationship": "Outer",
        "Parallel Aware": false,
        "Startup Cost": 107072.44,
        "Total Cost": 107072.55,
        "Plan Rows": 1,
        "Plan Width": 8,
        "Actual Startup Time": 627.047,
        "Actual Total Time": 639.861,
        "Actual Rows": 2,
        "Actual Loops": 1,
        "Workers Planned": 1,
        "Workers Launched": 1,
        "Single Copy": false,
        "Plans": [
          {
            "Node Type": "Aggregate",
            "Strategy": "Plain",
            "Partial Mode": "Partial",
            "Parent Relationship": "Outer",
            "Parallel Aware": false,
            "Startup Cost": 106072.44,
            "Total Cost": 106072.45,
            "Plan Rows": 1,
            "Plan Width": 8,
            "Actual Startup Time": 621.087,
            "Actual Total Time": 621.091,
            "Actual Rows": 1,
            "Actual Loops": 2,
            "Plans": [
              {
                "Node Type": "Hash Join",
                "Parent Relationship": "Outer",
                "Parallel Aware": true,
                "Join Type": "Inner",
                "Startup Cost": 42669.66,
                "Total Cost": 105106.93,
                "Plan Rows": 386201,
                "Plan Width": 0,
                "Actual Startup Time": 190.919,
                "Actual Total Time": 607.272,
                "Actual Rows": 334426,
                "Actual Loops": 2,
                "Inner Unique": false,
                "Hash Cond": "(t.id = mc.movie_id)",
                "Plans": [
                  {
                    "Node Type": "Seq Scan",
                    "Parent Relationship": "Outer",
                    "Parallel Aware": true,
                    "Relation Name": "title",
                    "Alias": "t",
                    "Startup Cost": 0.0,
                    "Total Cost": 50870.31,
                    "Plan Rows": 1487231,
                    "Plan Width": 4,
                    "Actual Startup Time": 0.01,
                    "Actual Total Time": 114.189,
                    "Actual Rows": 1264156,
                    "Actual Loops": 2
                  },
                  {
                    "Node Type": "Hash",
                    "Parent Relationship": "Inner",
                    "Parallel Aware": true,
                    "Startup Cost": 37842.15,
                    "Total Cost": 37842.15,
                    "Plan Rows": 386201,
                    "Plan Width": 4,
                    "Actual Startup Time": 181.907,
                    "Actual Total Time": 181.908,
                    "Actual Rows": 334426,
                    "Actual Loops": 2,
                    "Hash Buckets": 1048576,
                    "Original Hash Buckets": 1048576,
                    "Hash Batches": 1,
                    "Original Hash Batches": 1,
                    "Peak Memory Usage": 34368,
                    "Plans": [
                      {
                        "Node Type": "Bitmap Heap Scan",
                        "Parent Relationship": "Outer",
                        "Parallel Aware": true,
                        "Relation Name": "movie_companies",
                        "Alias": "mc",
                        "Startup Cost": 14224.63,
                        "Total Cost": 37842.15,
                        "Plan Rows": 386201,
                        "Plan Width": 4,
                        "Actual Startup Time": 46.135,
                        "Actual Total Time": 105.587,
                        "Actual Rows": 334426,
                        "Actual Loops": 2,
                        "Recheck Cond": "(company_id > 50767)",
                        "Rows Removed by Index Recheck": 0,
                        "Exact Heap Blocks": 7806,
                        "Lossy Heap Blocks": 0,
                        "Plans": [
                          {
                            "Node Type": "Bitmap Index Scan",
                            "Parent Relationship": "Outer",
                            "Parallel Aware": false,
                            "Index Name": "company_id_movie_companies",
                            "Startup Cost": 0.0,
                            "Total Cost": 14060.49,
                            "Plan Rows": 656542,
                            "Plan Width": 0,
                            "Actual Startup Time": 44.493,
                            "Actual Total Time": 44.493,
                            "Actual Rows": 668851,
                            "Actual Loops": 1,
                            "Index Cond": "(company_id > 50767)"
                          }
                        ]
                      }
                    ]
                  }
                ]
              }
            ]
          }
        ]
      }
    ]
  },
  "Planning Time": 0.67,
  "Triggers": [],
  "Execution Time": 639.96
}