[
  {
    "Plan": {
      "Node Type": "Aggregate",
      "Strategy": "Plain",
      "Partial Mode": "Finalize",
      "Parallel Aware": false,
      "Startup Cost": 92074.79,
      "Total Cost": 92074.8,
      "Plan Rows": 1,
      "Plan Width": 8,
      "Actual Startup Time": 245.454,
      "Actual Total Time": 262.482,
      "Actual Rows": 1,
      "Actual Loops": 1,
      "Plans": [
        {
          "Node Type": "Gather",
          "Parent Relationship": "Outer",
          "Parallel Aware": false,
          "Startup Cost": 92074.48,
          "Total Cost": 92074.79,
          "Plan Rows": 3,
          "Plan Width": 8,
          "Actual Startup Time": 245.173,
          "Actual Total Time": 262.475,
          "Actual Rows": 4,
          "Actual Loops": 1,
          "Workers Planned": 3,
          "Workers Launched": 3,
          "Single Copy": false,
          "Plans": [
            {
              "Node Type": "Aggregate",
              "Strategy": "Plain",
              "Partial Mode": "Partial",
              "Parent Relationship": "Outer",
              "Parallel Aware": false,
              "Startup Cost": 91074.48,
              "Total Cost": 91074.49,
              "Plan Rows": 1,
              "Plan Width": 8,
              "Actual Startup Time": 241.595,
              "Actual Total Time": 241.598,
              "Actual Rows": 1,
              "Actual Loops": 4,
              "Plans": [
                {
                  "Node Type": "Hash Join",
                  "Parent Relationship": "Outer",
                  "Parallel Aware": true,
                  "Join Type": "Inner",
                  "Startup Cost": 45598.11,
                  "Total Cost": 91035.31,
                  "Plan Rows": 15666,
                  "Plan Width": 0,
                  "Actual Startup Time": 87.764,
                  "Actual Total Time": 241.258,
                  "Actual Rows": 7055,
                  "Actual Loops": 4,
                  "Inner Unique": true,
                  "Hash Cond": "(mk.movie_id = t.id)",
                  "Plans": [
                    {
                      "Node Type": "Seq Scan",
                      "Parent Relationship": "Outer",
                      "Parallel Aware": true,
                      "Relation Name": "movie_keyword",
                      "Alias": "mk",
                      "Startup Cost": 0.0,
                      "Total Cost": 42695.65,
                      "Plan Rows": 1044399,
                      "Plan Width": 4,
                      "Actual Startup Time": 0.071,
                      "Actual Total Time": 104.051,
                      "Actual Rows": 808316,
                      "Actual Loops": 4,
                      "Filter": "(keyword_id > 1669)",
                      "Rows Removed by Filter": 322666
                    },
                    {
                      "Node Type": "Hash",
                      "Parent Relationship": "Inner",
                      "Parallel Aware": true,
                      "Startup Cost": 45479.59,
                      "Total Cost": 45479.59,
                      "Plan Rows": 9482,
                      "Plan Width": 4,
                      "Actual Startup Time": 86.986,
                      "Actual Total Time": 86.987,
                      "Actual Rows": 9877,
                      "Actual Loops": 4,
                      "Hash Buckets": 65536,
                      "Original Hash Buckets": 65536,
                      "Hash Batches": 1,
                      "Original Hash Batches": 1,
                      "Peak Memory Usage": 2112,
                      "Plans": [
                        {
                          "Node Type": "Seq Scan",
                          "Parent Relationship": "Outer",
                          "Parallel Aware": true,
                          "Relation Name": "title",
                          "Alias": "t",
                          "Startup Cost": 0.0,
                          "Total Cost": 45479.59,
                          "Plan Rows": 9482,
                          "Plan Width": 4,
                          "Actual Startup Time": 0.031,
                          "Actual Total Time": 82.724,
                          "Actual Rows": 9877,
                          "Actual Loops": 4,
                          "Filter": "((kind_id > 1) AND (production_year = 1998))",
                          "Rows Removed by Filter": 622201
                        }
                      ]
                    }
                  ]
                }
              ]
            }
          ]
        }
      ]
    },
    "Planning Time": 0.554,
    "Triggers": [],
    "Execution Time": 262.516
  }
]