{
  "Plan": {
    "Node Type": "Aggregate",
    "Strategy": "Plain",
    "Partial Mode": "Finalize",
    "Parallel Aware": false,
    "Startup Cost": 301192.72,
    "Total Cost": 301192.73,
    "Plan Rows": 1,
    "Plan Width": 8,
    "Actual Startup Time": 656.424,
    "Actual Total Time": 671.422,
    "Actual Rows": 1,
    "Actual Loops": 1,
    "Plans": [
      {
        "Node Type": "Gather",
        "Parent Relationship": "Outer",
        "Parallel Aware": false,
        "Startup Cost": 301192.61,
        "Total Cost": 301192.72,
        "Plan Rows": 1,
        "Plan Width": 8,
        "Actual Startup Time": 654.553,
        "Actual Total Time": 671.413,
        "Actual Rows": 2,
        "Actual Loops": 1,
        "Workers Planned": 1,
        "Workers Launched": 1,
        "Single Copy": false,
        "Plans": [
          {
            "Node Type": "Aggregate",
            "Strategy": "Plain",
            "Partial Mode": "Partial",
            "Parent Relationship": "Outer",
            "Parallel Aware": false,
            "Startup Cost": 300192.61,
            "Total Cost": 300192.62,
            "Plan Rows": 1,
            "Plan Width": 8,
            "Actual Startup Time": 648.44,
            "Actual Total Time": 648.447,
            "Actual Rows": 1,
            "Actual Loops": 2,
            "Plans": [
              {
                "Node Type": "Hash Join",
                "Parent Relationship": "Outer",
                "Parallel Aware": true,
                "Join Type": "Inner",
                "Startup Cost": 238131.92,
                "Total Cost": 299889.57,
                "Plan Rows": 121217,
                "Plan Width": 0,
                "Actual Startup Time": 355.643,
                "Actual Total Time": 648.251,
                "Actual Rows": 4312,
                "Actual Loops": 2,
                "Inner Unique": false,
                "Hash Cond": "(mk.movie_id = t.id)",
                "Plans": [
                  {
                    "Node Type": "Seq Scan",
                    "Parent Relationship": "Outer",
                    "Parallel Aware": true,
                    "Relation Name": "movie_keyword",
                    "Alias": "mk",
                    "Startup Cost": 0.0,
                    "Total Cost": 51065.35,
                    "Plan Rows": 2661135,
                    "Plan Width": 4,
                    "Actual Startup Time": 0.016,
                    "Actual Total Time": 155.179,
                    "Actual Rows": 2261965,
                    "Actual Loops": 2
                  },
                  {
                    "Node Type": "Hash",
                    "Parent Relationship": "Inner",
                    "Parallel Aware": true,
                    "Startup Cost": 237285.1,
                    "Total Cost": 237285.1,
                    "Plan Rows": 67745,
                    "Plan Width": 8,
                    "Actual Startup Time": 352.241,
                    "Actual Total Time": 352.246,
                    "Actual Rows": 142,
                    "Actual Loops": 2,
                    "Hash Buckets": 131072,
                    "Original Hash Buckets": 131072,
                    "Hash Batches": 1,
                    "Original Hash Batches": 1,
                    "Peak Memory Usage": 1088,
                    "Plans": [
                      {
                        "Node Type": "Hash Join",
                        "Parent Relationship": "Outer",
                        "Parallel Aware": true,
                        "Join Type": "Inner",
                        "Startup Cost": 70832.32,
                        "Total Cost": 237285.1,
                        "Plan Rows": 67745,
                        "Plan Width": 8,
                        "Actual Startup Time": 319.638,
                        "Actual Total Time": 351.958,
                        "Actual Rows": 142,
                        "Actual Loops": 2,
                        "Inner Unique": true,
                        "Hash Cond": "(mi.movie_id = t.id)",
                        "Plans": [
                          {
                            "Node Type": "Bitmap Heap Scan",
                            "Parent Relationship": "Outer",
                            "Parallel Aware": true,
                            "Relation Name": "movie_info",
                            "Alias": "mi",
                            "Startup Cost": 5618.66,
                            "Total Cost": 171592.82,
                            "Plan Rows": 182332,
                            "Plan Width": 4,
                            "Actual Startup Time": 9.598,
                            "Actual Total Time": 30.935,
                            "Actual Rows": 153394,
                            "Actual Loops": 2,
                            "Recheck Cond": "(info_type_id > 105)",
                            "Rows Removed by Index Recheck": 0,
                            "Exact Heap Blocks": 2959,
                            "Lossy Heap Blocks": 0,
                            "Plans": [
                              {
                                "Node Type": "Bitmap Index Scan",
                                "Parent Relationship": "Outer",
                                "Parallel Aware": false,
                                "Index Name": "info_type_id_movie_info",
                                "Startup Cost": 0.0,
                                "Total Cost": 5541.16,
                                "Plan Rows": 309964,
                                "Plan Width": 0,
                                "Actual Startup Time": 8.861,
                                "Actual Total Time": 8.862,
                                "Actual Rows": 306788,
                                "Actual Loops": 1,
                                "Index Cond": "(info_type_id > 105)"
                              }
                            ]
                          },
                          {
                            "Node Type": "Hash",
                            "Parent Relationship": "Inner",
                            "Parallel Aware": true,
                            "Startup Cost": 58306.47,
                            "Total Cost": 58306.47,
                            "Plan Rows": 552576,
                            "Plan Width": 4,
                            "Actual Startup Time": 296.528,
                            "Actual Total Time": 296.529,
                            "Actual Rows": 438018,
                            "Actual Loops": 2,
                            "Hash Buckets": 1048576,
                            "Original Hash Buckets": 1048576,
                            "Hash Batches": 1,
                            "Original Hash Batches": 1,
                            "Peak Memory Usage": 42496,
                            "Plans": [
                              {
                                "Node Type": "Seq Scan",
                                "Parent Relationship": "Outer",
                                "Parallel Aware": true,
                                "Relation Name": "title",
                                "Alias": "t",
                                "Startup Cost": 0.0,
                                "Total Cost": 58306.47,
                                "Plan Rows": 552576,
                                "Plan Width": 4,
                                "Actual Startup Time": 0.033,
                                "Actual Total Time": 165.398,
                                "Actual Rows": 438018,
                                "Actual Loops": 2,
                                "Filter": "((production_year < 2007) AND (kind_id = 7))",
                                "Rows Removed by Filter": 826138
                              }
                            ]
                          }
                        ]
                      }
                    ]
                  }
                ]
              }
            ]
          }
        ]
      }
    ]
  },
  "Planning Time": 0.884,
  "Triggers": [],
  "Execution Time": 671.521
}