[
  {
    "Plan": {
      "Node Type": "Aggregate",
      "Strategy": "Plain",
      "Partial Mode": "Finalize",
      "Parallel Aware": false,
      "Startup Cost": 90222.7,
      "Total Cost": 90222.71,
      "Plan Rows": 1,
      "Plan Width": 8,
      "Actual Startup Time": 337.992,
      "Actual Total Time": 355.158,
      "Actual Rows": 1,
      "Actual Loops": 1,
      "Plans": [
        {
          "Node Type": "Gather",
          "Parent Relationship": "Outer",
          "Parallel Aware": false,
          "Startup Cost": 90222.39,
          "Total Cost": 90222.7,
          "Plan Rows": 3,
          "Plan Width": 8,
          "Actual Startup Time": 335.862,
          "Actual Total Time": 355.145,
          "Actual Rows": 4,
          "Actual Loops": 1,
          "Workers Planned": 3,
          "Workers Launched": 3,
          "Single Copy": false,
          "Plans": [
            {
              "Node Type": "Aggregate",
              "Strategy": "Plain",
              "Partial Mode": "Partial",
              "Parent Relationship": "Outer",
              "Parallel Aware": false,
              "Startup Cost": 89222.39,
              "Total Cost": 89222.4,
              "Plan Rows": 1,
              "Plan Width": 8,
              "Actual Startup Time": 329.219,
              "Actual Total Time": 329.223,
              "Actual Rows": 1,
              "Actual Loops": 4,
              "Plans": [
                {
                  "Node Type": "Hash Join",
                  "Parent Relationship": "Outer",
                  "Parallel Aware": true,
                  "Join Type": "Inner",
                  "Startup Cost": 61303.43,
                  "Total Cost": 89144.76,
                  "Plan Rows": 31049,
                  "Plan Width": 0,
                  "Actual Startup Time": 232.062,
                  "Actual Total Time": 325.015,
                  "Actual Rows": 77395,
                  "Actual Loops": 4,
                  "Inner Unique": true,
                  "Hash Cond": "(mk.movie_id = t.id)",
                  "Plans": [
                    {
                      "Node Type": "Bitmap Heap Scan",
                      "Parent Relationship": "Outer",
                      "Parallel Aware": true,
                      "Relation Name": "movie_keyword",
                      "Alias": "mk",
                      "Startup Cost": 14728.97,
                      "Total Cost": 41982.42,
                      "Plan Rows": 223956,
                      "Plan Width": 4,
                      "Actual Startup Time": 42.663,
                      "Actual Total Time": 116.075,
                      "Actual Rows": 176297,
                      "Actual Loops": 4,
                      "Recheck Cond": "(keyword_id < 589)",
                      "Rows Removed by Index Recheck": 0,
                      "Exact Heap Blocks": 5828,
                      "Lossy Heap Blocks": 0,
                      "Plans": [
                        {
                          "Node Type": "Bitmap Index Scan",
                          "Parent Relationship": "Outer",
                          "Parallel Aware": false,
                          "Index Name": "keyword_id_movie_keyword",
                          "Startup Cost": 0.0,
                          "Total Cost": 14555.41,
                          "Plan Rows": 694263,
                          "Plan Width": 0,
                          "Actual Startup Time": 38.936,
                          "Actual Total Time": 38.937,
                          "Actual Rows": 705187,
                          "Actual Loops": 1,
                          "Index Cond": "(keyword_id < 589)"
                        }
                      ]
                    },
                    {
                      "Node Type": "Hash",
                      "Parent Relationship": "Inner",
                      "Parallel Aware": true,
                      "Startup Cost": 45479.1,
                      "Total Cost": 45479.1,
                      "Plan Rows": 87629,
                      "Plan Width": 4,
                      "Actual Startup Time": 156.263,
                      "Actual Total Time": 156.264,
                      "Actual Rows": 106143,
                      "Actual Loops": 4,
                      "Hash Buckets": 524288,
                      "Original Hash Buckets": 524288,
                      "Hash Batches": 1,
                      "Original Hash Batches": 1,
                      "Peak Memory Usage": 20800,
                      "Plans": [
                        {
                          "Node Type": "Seq Scan",
                          "Parent Relationship": "Outer",
                          "Parallel Aware": true,
                          "Relation Name": "title",
                          "Alias": "t",
                          "Startup Cost": 0.0,
                          "Total Cost": 45479.1,
                          "Plan Rows": 87629,
                          "Plan Width": 4,
                          "Actual Startup Time": 67.053,
                          "Actual Total Time": 115.517,
                          "Actual Rows": 106143,
                          "Actual Loops": 4,
                          "Filter": "((production_year < 2005) AND (kind_id = 1))",
                          "Rows Removed by Filter": 525935
                        }
                      ]
                    }
                  ]
                }
              ]
            }
          ]
        }
      ]
    },
    "Planning Time": 0.628,
    "Triggers": [],
    "Execution Time": 355.266
  }
]