[
  {
    "Plan": {
      "Node Type": "Aggregate",
      "Strategy": "Plain",
      "Partial Mode": "Finalize",
      "Parallel Aware": false,
      "Startup Cost": 95295.83,
      "Total Cost": 95295.84,
      "Plan Rows": 1,
      "Plan Width": 8,
      "Actual Startup Time": 469.956,
      "Actual Total Time": 487.889,
      "Actual Rows": 1,
      "Actual Loops": 1,
      "Plans": [
        {
          "Node Type": "Gather",
          "Parent Relationship": "Outer",
          "Parallel Aware": false,
          "Startup Cost": 95295.51,
          "Total Cost": 95295.82,
          "Plan Rows": 3,
          "Plan Width": 8,
          "Actual Startup Time": 462.63,
          "Actual Total Time": 487.879,
          "Actual Rows": 4,
          "Actual Loops": 1,
          "Workers Planned": 3,
          "Workers Launched": 3,
          "Single Copy": false,
          "Plans": [
            {
              "Node Type": "Aggregate",
              "Strategy": "Plain",
              "Partial Mode": "Partial",
              "Parent Relationship": "Outer",
              "Parallel Aware": false,
              "Startup Cost": 94295.51,
              "Total Cost": 94295.52,
              "Plan Rows": 1,
              "Plan Width": 8,
              "Actual Startup Time": 454.939,
              "Actual Total Time": 454.942,
              "Actual Rows": 1,
              "Actual Loops": 4,
              "Plans": [
                {
                  "Node Type": "Hash Join",
                  "Parent Relationship": "Outer",
                  "Parallel Aware": true,
                  "Join Type": "Inner",
                  "Startup Cost": 47367.21,
                  "Total Cost": 93047.81,
                  "Plan Rows": 499083,
                  "Plan Width": 0,
                  "Actual Startup Time": 221.574,
                  "Actual Total Time": 442.778,
                  "Actual Rows": 274844,
                  "Actual Loops": 4,
                  "Inner Unique": true,
                  "Hash Cond": "(mk.movie_id = t.id)",
                  "Plans": [
                    {
                      "Node Type": "Seq Scan",
                      "Parent Relationship": "Outer",
                      "Parallel Aware": true,
                      "Relation Name": "movie_keyword",
                      "Alias": "mk",
                      "Startup Cost": 0.0,
                      "Total Cost": 42695.65,
                      "Plan Rows": 1137121,
                      "Plan Width": 4,
                      "Actual Startup Time": 0.029,
                      "Actual Total Time": 115.175,
                      "Actual Rows": 880592,
                      "Actual Loops": 4,
                      "Filter": "(keyword_id < 18530)",
                      "Rows Removed by Filter": 250391
                    },
                    {
                      "Node Type": "Hash",
                      "Parent Relationship": "Inner",
                      "Parallel Aware": true,
                      "Startup Cost": 43899.32,
                      "Total Cost": 43899.32,
                      "Plan Rows": 277431,
                      "Plan Width": 4,
                      "Actual Startup Time": 217.07,
                      "Actual Total Time": 217.071,
                      "Actual Rows": 276981,
                      "Actual Loops": 4,
                      "Hash Buckets": 2097152,
                      "Original Hash Buckets": 2097152,
                      "Hash Batches": 1,
                      "Original Hash Batches": 1,
                      "Peak Memory Usage": 59808,
                      "Plans": [
                        {
                          "Node Type": "Seq Scan",
                          "Parent Relationship": "Outer",
                          "Parallel Aware": true,
                          "Relation Name": "title",
                          "Alias": "t",
                          "Startup Cost": 0.0,
                          "Total Cost": 43899.32,
                          "Plan Rows": 277431,
                          "Plan Width": 4,
                          "Actual Startup Time": 0.03,
                          "Actual Total Time": 107.635,
                          "Actual Rows": 276981,
                          "Actual Loops": 4,
                          "Filter": "(production_year > 2004)",
                          "Rows Removed by Filter": 355097
                        }
                      ]
                    }
                  ]
                }
              ]
            }
          ]
        }
      ]
    },
    "Planning Time": 0.235,
    "Triggers": [],
    "Execution Time": 487.933
  }
]