{
  "Plan": {
    "Node Type": "Aggregate",
    "Strategy": "Plain",
    "Partial Mode": "Finalize",
    "Parallel Aware": false,
    "Startup Cost": 30788.12,
    "Total Cost": 30788.13,
    "Plan Rows": 1,
    "Plan Width": 8,
    "Actual Startup Time": 49.456,
    "Actual Total Time": 54.543,
    "Actual Rows": 1,
    "Actual Loops": 1,
    "Plans": [
      {
        "Node Type": "Gather",
        "Parent Relationship": "Outer",
        "Parallel Aware": false,
        "Startup Cost": 30788.01,
        "Total Cost": 30788.12,
        "Plan Rows": 1,
        "Plan Width": 8,
        "Actual Startup Time": 49.353,
        "Actual Total Time": 54.537,
        "Actual Rows": 2,
        "Actual Loops": 1,
        "Workers Planned": 1,
        "Workers Launched": 1,
        "Single Copy": false,
        "Plans": [
          {
            "Node Type": "Aggregate",
            "Strategy": "Plain",
            "Partial Mode": "Partial",
            "Parent Relationship": "Outer",
            "Parallel Aware": false,
            "Startup Cost": 29788.01,
            "Total Cost": 29788.02,
            "Plan Rows": 1,
            "Plan Width": 8,
            "Actual Startup Time": 43.082,
            "Actual Total Time": 43.084,
            "Actual Rows": 1,
            "Actual Loops": 2,
            "Plans": [
              {
                "Node Type": "Nested Loop",
                "Parent Relationship": "Outer",
                "Parallel Aware": false,
                "Join Type": "Inner",
                "Startup Cost": 93.64,
                "Total Cost": 29784.65,
                "Plan Rows": 1341,
                "Plan Width": 0,
                "Actual Startup Time": 2.682,
                "Actual Total Time": 42.578,
                "Actual Rows": 3824,
                "Actual Loops": 2,
                "Inner Unique": false,
                "Plans": [
                  {
                    "Node Type": "Nested Loop",
                    "Parent Relationship": "Outer",
                    "Parallel Aware": false,
                    "Join Type": "Inner",
                    "Startup Cost": 93.22,
                    "Total Cost": 28477.02,
                    "Plan Rows": 2456,
                    "Plan Width": 8,
                    "Actual Startup Time": 2.348,
                    "Actual Total Time": 26.221,
                    "Actual Rows": 1991,
                    "Actual Loops": 2,
                    "Inner Unique": true,
                    "Plans": [
                      {
                        "Node Type": "Bitmap Heap Scan",
                        "Parent Relationship": "Outer",
                        "Parallel Aware": true,
                        "Relation Name": "movie_companies",
                        "Alias": "mc",
                        "Startup Cost": 92.79,
                        "Total Cost": 10113.6,
                        "Plan Rows": 2456,
                        "Plan Width": 4,
                        "Actual Startup Time": 2.189,
                        "Actual Total Time": 7.389,
                        "Actual Rows": 1991,
                        "Actual Loops": 2,
                        "Recheck Cond": "(company_id = 312)",
                        "Rows Removed by Index Recheck": 0,
                        "Exact Heap Blocks": 1682,
                        "Lossy Heap Blocks": 0,
                        "Plans": [
                          {
                            "Node Type": "Bitmap Index Scan",
                            "Parent Relationship": "Outer",
                            "Parallel Aware": false,
                            "Index Name": "company_id_movie_companies",
                            "Startup Cost": 0.0,
                            "Total Cost": 91.74,
                            "Plan Rows": 4175,
                            "Plan Width": 0,
                            "Actual Startup Time": 3.165,
                            "Actual Total Time": 3.166,
                            "Actual Rows": 3982,
                            "Actual Loops": 1,
                            "Index Cond": "(company_id = 312)"
                          }
                        ]
                      },
                      {
                        "Node Type": "Index Only Scan",
                        "Parent Relationship": "Inner",
                        "Parallel Aware": false,
                        "Scan Direction": "Forward",
                        "Index Name": "title_pkey",
                        "Relation Name": "title",
                        "Alias": "t",
                        "Startup Cost": 0.43,
                        "Total Cost": 7.48,
                        "Plan Rows": 1,
                        "Plan Width": 4,
                        "Actual Startup Time": 0.009,
                        "Actual Total Time": 0.009,
                        "Actual Rows": 1,
                        "Actual Loops": 3982,
                        "Index Cond": "(id = mc.movie_id)",
                        "Rows Removed by Index Recheck": 0,
                        "Heap Fetches": 3982
                      }
                    ]
                  },
                  {
                    "Node Type": "Index Only Scan",
                    "Parent Relationship": "Inner",
                    "Parallel Aware": false,
                    "Scan Direction": "Forward",
                    "Index Name": "movie_id_movie_info_idx",
                    "Relation Name": "movie_info_idx",
                    "Alias": "mi_idx",
                    "Startup Cost": 0.43,
                    "Total Cost": 0.5,
                    "Plan Rows": 3,
                    "Plan Width": 4,
                    "Actual Startup Time": 0.007,
                    "Actual Total Time": 0.007,
                    "Actual Rows": 2,
                    "Actual Loops": 3982,
                    "Index Cond": "(movie_id = t.id)",
                    "Rows Removed by Index Recheck": 0,
                    "Heap Fetches": 7649
                  }
                ]
              }
            ]
          }
        ]
      }
    ]
  },
  "Planning Time": 0.988,
  "Triggers": [],
  "Execution Time": 54.638
}