[
  {
    "Plan": {
      "Node Type": "Aggregate",
      "Strategy": "Plain",
      "Partial Mode": "Finalize",
      "Parallel Aware": false,
      "Startup Cost": 33371.98,
      "Total Cost": 33371.99,
      "Plan Rows": 1,
      "Plan Width": 8,
      "Actual Startup Time": 117.358,
      "Actual Total Time": 123.777,
      "Actual Rows": 1,
      "Actual Loops": 1,
      "Plans": [
        {
          "Node Type": "Gather",
          "Parent Relationship": "Outer",
          "Parallel Aware": false,
          "Startup Cost": 33371.66,
          "Total Cost": 33371.97,
          "Plan Rows": 3,
          "Plan Width": 8,
          "Actual Startup Time": 117.25,
          "Actual Total Time": 123.768,
          "Actual Rows": 4,
          "Actual Loops": 1,
          "Workers Planned": 3,
          "Workers Launched": 3,
          "Single Copy": false,
          "Plans": [
            {
              "Node Type": "Aggregate",
              "Strategy": "Plain",
              "Partial Mode": "Partial",
              "Parent Relationship": "Outer",
              "Parallel Aware": false,
              "Startup Cost": 32371.66,
              "Total Cost": 32371.67,
              "Plan Rows": 1,
              "Plan Width": 8,
              "Actual Startup Time": 109.196,
              "Actual Total Time": 109.197,
              "Actual Rows": 1,
              "Actual Loops": 4,
              "Plans": [
                {
                  "Node Type": "Seq Scan",
                  "Parent Relationship": "Outer",
                  "Parallel Aware": true,
                  "Relation Name": "movie_companies",
                  "Alias": "mc",
                  "Startup Cost": 0.0,
                  "Total Cost": 31414.82,
                  "Plan Rows": 382736,
                  "Plan Width": 0,
                  "Actual Startup Time": 53.349,
                  "Actual Total Time": 96.217,
                  "Actual Rows": 266087,
                  "Actual Loops": 4,
                  "Filter": "((company_id < 97531) AND (company_type_id = 2))",
                  "Rows Removed by Filter": 386195
                }
              ]
            }
          ]
        }
      ]
    },
    "Planning Time": 0.213,
    "Triggers": [],
    "Execution Time": 123.837
  }
]