[
  {
    "Plan": {
      "Node Type": "Aggregate",
      "Strategy": "Plain",
      "Partial Mode": "Finalize",
      "Parallel Aware": false,
      "Startup Cost": 44677.5,
      "Total Cost": 44677.51,
      "Plan Rows": 1,
      "Plan Width": 8,
      "Actual Startup Time": 128.311,
      "Actual Total Time": 136.979,
      "Actual Rows": 1,
      "Actual Loops": 1,
      "Plans": [
        {
          "Node Type": "Gather",
          "Parent Relationship": "Outer",
          "Parallel Aware": false,
          "Startup Cost": 44677.18,
          "Total Cost": 44677.49,
          "Plan Rows": 3,
          "Plan Width": 8,
          "Actual Startup Time": 128.182,
          "Actual Total Time": 136.971,
          "Actual Rows": 4,
          "Actual Loops": 1,
          "Workers Planned": 3,
          "Workers Launched": 3,
          "Single Copy": false,
          "Plans": [
            {
              "Node Type": "Aggregate",
              "Strategy": "Plain",
              "Partial Mode": "Partial",
              "Parent Relationship": "Outer",
              "Parallel Aware": false,
              "Startup Cost": 43677.18,
              "Total Cost": 43677.19,
              "Plan Rows": 1,
              "Plan Width": 8,
              "Actual Startup Time": 121.777,
              "Actual Total Time": 121.779,
              "Actual Rows": 1,
              "Actual Loops": 4,
              "Plans": [
                {
                  "Node Type": "Seq Scan",
                  "Parent Relationship": "Outer",
                  "Parallel Aware": true,
                  "Relation Name": "movie_keyword",
                  "Alias": "mk",
                  "Startup Cost": 0.0,
                  "Total Cost": 42695.65,
                  "Plan Rows": 392612,
                  "Plan Width": 0,
                  "Actual Startup Time": 2.433,
                  "Actual Total Time": 106.539,
                  "Actual Rows": 305670,
                  "Actual Loops": 4,
                  "Filter": "(keyword_id > 14880)",
                  "Rows Removed by Filter": 825313
                }
              ]
            }
          ]
        }
      ]
    },
    "Planning Time": 0.147,
    "Triggers": [],
    "Execution Time": 137.024
  }
]