[
  {
    "Plan": {
      "Node Type": "Aggregate",
      "Strategy": "Plain",
      "Partial Mode": "Finalize",
      "Parallel Aware": false,
      "Startup Cost": 86530.38,
      "Total Cost": 86530.39,
      "Plan Rows": 1,
      "Plan Width": 8,
      "Actual Startup Time": 244.222,
      "Actual Total Time": 262.12,
      "Actual Rows": 1,
      "Actual Loops": 1,
      "Plans": [
        {
          "Node Type": "Gather",
          "Parent Relationship": "Outer",
          "Parallel Aware": false,
          "Startup Cost": 86530.06,
          "Total Cost": 86530.37,
          "Plan Rows": 3,
          "Plan Width": 8,
          "Actual Startup Time": 243.583,
          "Actual Total Time": 262.112,
          "Actual Rows": 4,
          "Actual Loops": 1,
          "Workers Planned": 3,
          "Workers Launched": 3,
          "Single Copy": false,
          "Plans": [
            {
              "Node Type": "Aggregate",
              "Strategy": "Plain",
              "Partial Mode": "Partial",
              "Parent Relationship": "Outer",
              "Parallel Aware": false,
              "Startup Cost": 85530.06,
              "Total Cost": 85530.07,
              "Plan Rows": 1,
              "Plan Width": 8,
              "Actual Startup Time": 237.743,
              "Actual Total Time": 237.747,
              "Actual Rows": 1,
              "Actual Loops": 4,
              "Plans": [
                {
                  "Node Type": "Hash Join",
                  "Parent Relationship": "Outer",
                  "Parallel Aware": true,
                  "Join Type": "Inner",
                  "Startup Cost": 58186.45,
                  "Total Cost": 85518.32,
                  "Plan Rows": 4699,
                  "Plan Width": 0,
                  "Actual Startup Time": 142.842,
                  "Actual Total Time": 237.491,
                  "Actual Rows": 2304,
                  "Actual Loops": 4,
                  "Inner Unique": true,
                  "Hash Cond": "(mk.movie_id = t.id)",
                  "Plans": [
                    {
                      "Node Type": "Bitmap Heap Scan",
                      "Parent Relationship": "Outer",
                      "Parallel Aware": true,
                      "Relation Name": "movie_keyword",
                      "Alias": "mk",
                      "Startup Cost": 12511.72,
                      "Total Cost": 39344.11,
                      "Plan Rows": 190272,
                      "Plan Width": 4,
                      "Actual Startup Time": 43.032,
                      "Actual Total Time": 114.661,
                      "Actual Rows": 150750,
                      "Actual Loops": 4,
                      "Recheck Cond": "(keyword_id < 447)",
                      "Rows Removed by Index Recheck": 0,
                      "Exact Heap Blocks": 9460,
                      "Lossy Heap Blocks": 0,
                      "Plans": [
                        {
                          "Node Type": "Bitmap Index Scan",
                          "Parent Relationship": "Outer",
                          "Parallel Aware": false,
                          "Index Name": "keyword_id_movie_keyword",
                          "Startup Cost": 0.0,
                          "Total Cost": 12364.26,
                          "Plan Rows": 589843,
                          "Plan Width": 0,
                          "Actual Startup Time": 39.363,
                          "Actual Total Time": 39.363,
                          "Actual Rows": 602998,
                          "Actual Loops": 1,
                          "Index Cond": "(keyword_id < 447)"
                        }
                      ]
                    },
                    {
                      "Node Type": "Hash",
                      "Parent Relationship": "Inner",
                      "Parallel Aware": true,
                      "Startup Cost": 45479.59,
                      "Total Cost": 45479.59,
                      "Plan Rows": 15612,
                      "Plan Width": 4,
                      "Actual Startup Time": 98.638,
                      "Actual Total Time": 98.639,
                      "Actual Rows": 13476,
                      "Actual Loops": 4,
                      "Hash Buckets": 65536,
                      "Original Hash Buckets": 65536,
                      "Hash Batches": 1,
                      "Original Hash Batches": 1,
                      "Peak Memory Usage": 2688,
                      "Plans": [
                        {
                          "Node Type": "Seq Scan",
                          "Parent Relationship": "Outer",
                          "Parallel Aware": true,
                          "Relation Name": "title",
                          "Alias": "t",
                          "Startup Cost": 0.0,
                          "Total Cost": 45479.59,
                          "Plan Rows": 15612,
                          "Plan Width": 4,
                          "Actual Startup Time": 0.128,
                          "Actual Total Time": 93.069,
                          "Actual Rows": 13476,
                          "Actual Loops": 4,
                          "Filter": "((kind_id < 7) AND (production_year = 2012))",
                          "Rows Removed by Filter": 618602
                        }
                      ]
                    }
                  ]
                }
              ]
            }
          ]
        }
      ]
    },
    "Planning Time": 0.407,
    "Triggers": [],
    "Execution Time": 262.166
  }
]