[
  {
    "Plan": {
      "Node Type": "Aggregate",
      "Strategy": "Plain",
      "Partial Mode": "Finalize",
      "Parallel Aware": false,
      "Startup Cost": 57840.43,
      "Total Cost": 57840.44,
      "Plan Rows": 1,
      "Plan Width": 8,
      "Actual Startup Time": 141.106,
      "Actual Total Time": 155.497,
      "Actual Rows": 1,
      "Actual Loops": 1,
      "Plans": [
        {
          "Node Type": "Gather",
          "Parent Relationship": "Outer",
          "Parallel Aware": false,
          "Startup Cost": 57840.11,
          "Total Cost": 57840.42,
          "Plan Rows": 3,
          "Plan Width": 8,
          "Actual Startup Time": 140.889,
          "Actual Total Time": 155.49,
          "Actual Rows": 4,
          "Actual Loops": 1,
          "Workers Planned": 3,
          "Workers Launched": 3,
          "Single Copy": false,
          "Plans": [
            {
              "Node Type": "Aggregate",
              "Strategy": "Plain",
              "Partial Mode": "Partial",
              "Parent Relationship": "Outer",
              "Parallel Aware": false,
              "Startup Cost": 56840.11,
              "Total Cost": 56840.12,
              "Plan Rows": 1,
              "Plan Width": 8,
              "Actual Startup Time": 131.391,
              "Actual Total Time": 131.394,
              "Actual Rows": 1,
              "Actual Loops": 4,
              "Plans": [
                {
                  "Node Type": "Nested Loop",
                  "Parent Relationship": "Outer",
                  "Parallel Aware": false,
                  "Join Type": "Inner",
                  "Startup Cost": 45637.8,
                  "Total Cost": 56838.57,
                  "Plan Rows": 616,
                  "Plan Width": 0,
                  "Actual Startup Time": 99.56,
                  "Actual Total Time": 130.928,
                  "Actual Rows": 10428,
                  "Actual Loops": 4,
                  "Inner Unique": false,
                  "Join Filter": "(t.id = mk.movie_id)",
                  "Rows Removed by Join Filter": 0,
                  "Plans": [
                    {
                      "Node Type": "Hash Join",
                      "Parent Relationship": "Outer",
                      "Parallel Aware": true,
                      "Join Type": "Inner",
                      "Startup Cost": 45637.36,
                      "Total Cost": 55049.81,
                      "Plan Rows": 344,
                      "Plan Width": 8,
                      "Actual Startup Time": 99.359,
                      "Actual Total Time": 118.417,
                      "Actual Rows": 866,
                      "Actual Loops": 4,
                      "Inner Unique": true,
                      "Hash Cond": "(ci.movie_id = t.id)",
                      "Plans": [
                        {
                          "Node Type": "Index Scan",
                          "Parent Relationship": "Outer",
                          "Parallel Aware": true,
                          "Scan Direction": "Forward",
                          "Index Name": "role_id_cast_info",
                          "Relation Name": "cast_info",
                          "Alias": "ci",
                          "Startup Cost": 0.56,
                          "Total Cost": 9367.76,
                          "Plan Rows": 17237,
                          "Plan Width": 4,
                          "Actual Startup Time": 0.113,
                          "Actual Total Time": 11.696,
                          "Actual Rows": 50359,
                          "Actual Loops": 4,
                          "Index Cond": "(role_id = 7)",
                          "Rows Removed by Index Recheck": 0,
                          "Filter": "(person_id > 3069968)",
                          "Rows Removed by Filter": 18742
                        },
                        {
                          "Node Type": "Hash",
                          "Parent Relationship": "Inner",
                          "Parallel Aware": true,
                          "Startup Cost": 45479.1,
                          "Total Cost": 45479.1,
                          "Plan Rows": 12616,
                          "Plan Width": 4,
                          "Actual Startup Time": 97.857,
                          "Actual Total Time": 97.858,
                          "Actual Rows": 11003,
                          "Actual Loops": 4,
                          "Hash Buckets": 65536,
                          "Original Hash Buckets": 65536,
                          "Hash Batches": 1,
                          "Original Hash Batches": 1,
                          "Peak Memory Usage": 2304,
                          "Plans": [
                            {
                              "Node Type": "Seq Scan",
                              "Parent Relationship": "Outer",
                              "Parallel Aware": true,
                              "Relation Name": "title",
                              "Alias": "t",
                              "Startup Cost": 0.0,
                              "Total Cost": 45479.1,
                              "Plan Rows": 12616,
                              "Plan Width": 4,
                              "Actual Startup Time": 0.256,
                              "Actual Total Time": 93.663,
                              "Actual Rows": 11003,
                              "Actual Loops": 4,
                              "Filter": "((kind_id < 7) AND (production_year = 2009))",
                              "Rows Removed by Filter": 621075
                            }
                          ]
                        }
                      ]
                    },
                    {
                      "Node Type": "Index Only Scan",
                      "Parent Relationship": "Inner",
                      "Parallel Aware": false,
                      "Scan Direction": "Forward",
                      "Index Name": "movie_id_movie_keyword",
                      "Relation Name": "movie_keyword",
                      "Alias": "mk",
                      "Startup Cost": 0.43,
                      "Total Cost": 4.64,
                      "Plan Rows": 45,
                      "Plan Width": 4,
                      "Actual Startup Time": 0.011,
                      "Actual Total Time": 0.013,
                      "Actual Rows": 12,
                      "Actual Loops": 3466,
                      "Index Cond": "(movie_id = ci.movie_id)",
                      "Rows Removed by Index Recheck": 0,
                      "Heap Fetches": 41713
                    }
                  ]
                }
              ]
            }
          ]
        }
      ]
    },
    "Planning Time": 1.397,
    "Triggers": [],
    "Execution Time": 155.586
  }
]