{
    "Plan": {
        "Node Type": "Aggregate",
        "Strategy": "Plain",
        "Partial Mode": "Finalize",
        "Parallel Aware": false,
        "Startup Cost": 625391.95,
        "Total Cost": 625391.96,
        "Plan Rows": 1,
        "Plan Width": 8,
        "Actual Startup Time": 4913.331,
        "Actual Total Time": 4987.364,
        "Actual Rows": 1,
        "Actual Loops": 1,
        "Output": [
            "count(*)"
        ],
        "Plans": [
            {
                "Node Type": "Gather",
                "Parent Relationship": "Outer",
                "Parallel Aware": false,
                "Startup Cost": 625391.33,
                "Total Cost": 625391.94,
                "Plan Rows": 6,
                "Plan Width": 8,
                "Actual Startup Time": 4870.567,
                "Actual Total Time": 4987.349,
                "Actual Rows": 7,
                "Actual Loops": 1,
                "Output": [
                    "(PARTIAL count(*))"
                ],
                "Workers Planned": 6,
                "Workers Launched": 6,
                "Single Copy": false,
                "Plans": [
                    {
                        "Node Type": "Aggregate",
                        "Strategy": "Plain",
                        "Partial Mode": "Partial",
                        "Parent Relationship": "Outer",
                        "Parallel Aware": false,
                        "Startup Cost": 624391.33,
                        "Total Cost": 624391.34,
                        "Plan Rows": 1,
                        "Plan Width": 8,
                        "Actual Startup Time": 4840.295,
                        "Actual Total Time": 4841.32,
                        "Actual Rows": 1,
                        "Actual Loops": 7,
                        "Output": [
                            "PARTIAL count(*)"
                        ],
                        "Workers": [
                            {
                                "Worker Number": 0,
                                "Actual Startup Time": 4834.635,
                                "Actual Total Time": 4834.639,
                                "Actual Rows": 1,
                                "Actual Loops": 1
                            },
                            {
                                "Worker Number": 1,
                                "Actual Startup Time": 4838.744,
                                "Actual Total Time": 4838.748,
                                "Actual Rows": 1,
                                "Actual Loops": 1
                            },
                            {
                                "Worker Number": 2,
                                "Actual Startup Time": 4834.609,
                                "Actual Total Time": 4834.614,
                                "Actual Rows": 1,
                                "Actual Loops": 1
                            },
                            {
                                "Worker Number": 3,
                                "Actual Startup Time": 4834.808,
                                "Actual Total Time": 4834.812,
                                "Actual Rows": 1,
                                "Actual Loops": 1
                            },
                            {
                                "Worker Number": 4,
                                "Actual Startup Time": 4834.885,
                                "Actual Total Time": 4834.89,
                                "Actual Rows": 1,
                                "Actual Loops": 1
                            },
                            {
                                "Worker Number": 5,
                                "Actual Startup Time": 4834.817,
                                "Actual Total Time": 4834.823,
                                "Actual Rows": 1,
                                "Actual Loops": 1
                            }
                        ],
                        "Plans": [
                            {
                                "Node Type": "Hash Join",
                                "Parent Relationship": "Outer",
                                "Parallel Aware": true,
                                "Join Type": "Inner",
                                "Startup Cost": 263600.31,
                                "Total Cost": 611852.79,
                                "Plan Rows": 5015417,
                                "Plan Width": 0,
                                "Actual Startup Time": 1438.58,
                                "Actual Total Time": 4220.003,
                                "Actual Rows": 16182080,
                                "Actual Loops": 7,
                                "Inner Unique": false,
                                "Hash Cond": "(ci.movie_id = t.id)",
                                "Workers": [
                                    {
                                        "Worker Number": 0,
                                        "Actual Startup Time": 1433.462,
                                        "Actual Total Time": 4191.838,
                                        "Actual Rows": 16201517,
                                        "Actual Loops": 1
                                    },
                                    {
                                        "Worker Number": 1,
                                        "Actual Startup Time": 1433.487,
                                        "Actual Total Time": 4234.242,
                                        "Actual Rows": 15813243,
                                        "Actual Loops": 1
                                    },
                                    {
                                        "Worker Number": 2,
                                        "Actual Startup Time": 1433.517,
                                        "Actual Total Time": 4213.917,
                                        "Actual Rows": 16417535,
                                        "Actual Loops": 1
                                    },
                                    {
                                        "Worker Number": 3,
                                        "Actual Startup Time": 1433.566,
                                        "Actual Total Time": 4210.614,
                                        "Actual Rows": 16633454,
                                        "Actual Loops": 1
                                    },
                                    {
                                        "Worker Number": 4,
                                        "Actual Startup Time": 1433.644,
                                        "Actual Total Time": 4236.446,
                                        "Actual Rows": 15649044,
                                        "Actual Loops": 1
                                    },
                                    {
                                        "Worker Number": 5,
                                        "Actual Startup Time": 1433.985,
                                        "Actual Total Time": 4235.233,
                                        "Actual Rows": 15641902,
                                        "Actual Loops": 1
                                    }
                                ],
                                "Plans": [
                                    {
                                        "Node Type": "Seq Scan",
                                        "Parent Relationship": "Outer",
                                        "Parallel Aware": true,
                                        "Relation Name": "cast_info",
                                        "Schema": "public",
                                        "Alias": "ci",
                                        "Startup Cost": 0.0,
                                        "Total Cost": 328213.62,
                                        "Plan Rows": 2668808,
                                        "Plan Width": 4,
                                        "Actual Startup Time": 305.374,
                                        "Actual Total Time": 625.201,
                                        "Actual Rows": 2303098,
                                        "Actual Loops": 7,
                                        "Output": [
                                            "ci.id",
                                            "ci.person_id",
                                            "ci.movie_id",
                                            "ci.person_role_id",
                                            "ci.note",
                                            "ci.nr_order",
                                            "ci.role_id"
                                        ],
                                        "Filter": "(ci.role_id > 2)",
                                        "Rows Removed by Filter": 2874666,
                                        "Workers": [
                                            {
                                                "Worker Number": 0,
                                                "Actual Startup Time": 305.385,
                                                "Actual Total Time": 645.75,
                                                "Actual Rows": 2282811,
                                                "Actual Loops": 1
                                            },
                                            {
                                                "Worker Number": 1,
                                                "Actual Startup Time": 305.32,
                                                "Actual Total Time": 632.763,
                                                "Actual Rows": 2236573,
                                                "Actual Loops": 1
                                            },
                                            {
                                                "Worker Number": 2,
                                                "Actual Startup Time": 305.377,
                                                "Actual Total Time": 632.708,
                                                "Actual Rows": 2369863,
                                                "Actual Loops": 1
                                            },
                                            {
                                                "Worker Number": 3,
                                                "Actual Startup Time": 305.394,
                                                "Actual Total Time": 630.997,
                                                "Actual Rows": 2380489,
                                                "Actual Loops": 1
                                            },
                                            {
                                                "Worker Number": 4,
                                                "Actual Startup Time": 305.384,
                                                "Actual Total Time": 629.438,
                                                "Actual Rows": 2196804,
                                                "Actual Loops": 1
                                            },
                                            {
                                                "Worker Number": 5,
                                                "Actual Startup Time": 305.377,
                                                "Actual Total Time": 629.297,
                                                "Actual Rows": 2197844,
                                                "Actual Loops": 1
                                            }
                                        ]
                                    },
                                    {
                                        "Node Type": "Hash",
                                        "Parent Relationship": "Inner",
                                        "Parallel Aware": true,
                                        "Startup Cost": 251721.8,
                                        "Total Cost": 251721.8,
                                        "Plan Rows": 950281,
                                        "Plan Width": 8,
                                        "Actual Startup Time": 1123.439,
                                        "Actual Total Time": 1124.462,
                                        "Actual Rows": 670377,
                                        "Actual Loops": 7,
                                        "Output": [
                                            "t.id",
                                            "mi.movie_id"
                                        ],
                                        "Hash Buckets": 8388608,
                                        "Original Hash Buckets": 8388608,
                                        "Hash Batches": 1,
                                        "Original Hash Batches": 1,
                                        "Peak Memory Usage": 249248,
                                        "Workers": [
                                            {
                                                "Worker Number": 0,
                                                "Actual Startup Time": 1127.415,
                                                "Actual Total Time": 1127.418,
                                                "Actual Rows": 525373,
                                                "Actual Loops": 1
                                            },
                                            {
                                                "Worker Number": 1,
                                                "Actual Startup Time": 1127.351,
                                                "Actual Total Time": 1127.354,
                                                "Actual Rows": 659441,
                                                "Actual Loops": 1
                                            },
                                            {
                                                "Worker Number": 2,
                                                "Actual Startup Time": 1127.496,
                                                "Actual Total Time": 1127.5,
                                                "Actual Rows": 702806,
                                                "Actual Loops": 1
                                            },
                                            {
                                                "Worker Number": 3,
                                                "Actual Startup Time": 1127.495,
                                                "Actual Total Time": 1127.498,
                                                "Actual Rows": 699091,
                                                "Actual Loops": 1
                                            },
                                            {
                                                "Worker Number": 4,
                                                "Actual Startup Time": 1127.66,
                                                "Actual Total Time": 1127.664,
                                                "Actual Rows": 651258,
                                                "Actual Loops": 1
                                            },
                                            {
                                                "Worker Number": 5,
                                                "Actual Startup Time": 1127.675,
                                                "Actual Total Time": 1127.679,
                                                "Actual Rows": 641663,
                                                "Actual Loops": 1
                                            }
                                        ],
                                        "Plans": [
                                            {
                                                "Node Type": "Hash Join",
                                                "Parent Relationship": "Outer",
                                                "Parallel Aware": true,
                                                "Join Type": "Inner",
                                                "Startup Cost": 48900.21,
                                                "Total Cost": 251721.8,
                                                "Plan Rows": 950281,
                                                "Plan Width": 8,
                                                "Actual Startup Time": 211.163,
                                                "Actual Total Time": 848.91,
                                                "Actual Rows": 670377,
                                                "Actual Loops": 7,
                                                "Output": [
                                                    "t.id",
                                                    "mi.movie_id"
                                                ],
                                                "Inner Unique": true,
                                                "Hash Cond": "(mi.movie_id = t.id)",
                                                "Workers": [
                                                    {
                                                        "Worker Number": 0,
                                                        "Actual Startup Time": 211.185,
                                                        "Actual Total Time": 850.443,
                                                        "Actual Rows": 525373,
                                                        "Actual Loops": 1
                                                    },
                                                    {
                                                        "Worker Number": 1,
                                                        "Actual Startup Time": 211.175,
                                                        "Actual Total Time": 851.885,
                                                        "Actual Rows": 659441,
                                                        "Actual Loops": 1
                                                    },
                                                    {
                                                        "Worker Number": 2,
                                                        "Actual Startup Time": 211.169,
                                                        "Actual Total Time": 847.184,
                                                        "Actual Rows": 702806,
                                                        "Actual Loops": 1
                                                    },
                                                    {
                                                        "Worker Number": 3,
                                                        "Actual Startup Time": 211.159,
                                                        "Actual Total Time": 850.155,
                                                        "Actual Rows": 699091,
                                                        "Actual Loops": 1
                                                    },
                                                    {
                                                        "Worker Number": 4,
                                                        "Actual Startup Time": 211.149,
                                                        "Actual Total Time": 849.679,
                                                        "Actual Rows": 651258,
                                                        "Actual Loops": 1
                                                    },
                                                    {
                                                        "Worker Number": 5,
                                                        "Actual Startup Time": 211.008,
                                                        "Actual Total Time": 851.186,
                                                        "Actual Rows": 641663,
                                                        "Actual Loops": 1
                                                    }
                                                ],
                                                "Plans": [
                                                    {
                                                        "Node Type": "Seq Scan",
                                                        "Parent Relationship": "Outer",
                                                        "Parallel Aware": true,
                                                        "Relation Name": "movie_info",
                                                        "Schema": "public",
                                                        "Alias": "mi",
                                                        "Startup Cost": 0.0,
                                                        "Total Cost": 198880.74,
                                                        "Plan Rows": 1501273,
                                                        "Plan Width": 4,
                                                        "Actual Startup Time": 14.237,
                                                        "Actual Total Time": 305.912,
                                                        "Actual Rows": 1078408,
                                                        "Actual Loops": 7,
                                                        "Output": [
                                                            "mi.id",
                                                            "mi.movie_id",
                                                            "mi.info_type_id",
                                                            "mi.info",
                                                            "mi.note"
                                                        ],
                                                        "Filter": "(mi.info_type_id > 7)",
                                                        "Rows Removed by Filter": 1040981,
                                                        "Workers": [
                                                            {
                                                                "Worker Number": 0,
                                                                "Actual Startup Time": 14.301,
                                                                "Actual Total Time": 327.958,
                                                                "Actual Rows": 837413,
                                                                "Actual Loops": 1
                                                            },
                                                            {
                                                                "Worker Number": 1,
                                                                "Actual Startup Time": 14.214,
                                                                "Actual Total Time": 311.274,
                                                                "Actual Rows": 1056866,
                                                                "Actual Loops": 1
                                                            },
                                                            {
                                                                "Worker Number": 2,
                                                                "Actual Startup Time": 14.265,
                                                                "Actual Total Time": 308.781,
                                                                "Actual Rows": 1128598,
                                                                "Actual Loops": 1
                                                            },
                                                            {
                                                                "Worker Number": 3,
                                                                "Actual Startup Time": 14.203,
                                                                "Actual Total Time": 308.976,
                                                                "Actual Rows": 1130205,
                                                                "Actual Loops": 1
                                                            },
                                                            {
                                                                "Worker Number": 4,
                                                                "Actual Startup Time": 14.276,
                                                                "Actual Total Time": 309.896,
                                                                "Actual Rows": 1039086,
                                                                "Actual Loops": 1
                                                            },
                                                            {
                                                                "Worker Number": 5,
                                                                "Actual Startup Time": 14.198,
                                                                "Actual Total Time": 310.998,
                                                                "Actual Rows": 1030420,
                                                                "Actual Loops": 1
                                                            }
                                                        ]
                                                    },
                                                    {
                                                        "Node Type": "Hash",
                                                        "Parent Relationship": "Inner",
                                                        "Parallel Aware": true,
                                                        "Startup Cost": 43899.01,
                                                        "Total Cost": 43899.01,
                                                        "Plan Rows": 400096,
                                                        "Plan Width": 4,
                                                        "Actual Startup Time": 195.062,
                                                        "Actual Total Time": 195.063,
                                                        "Actual Rows": 229582,
                                                        "Actual Loops": 7,
                                                        "Output": [
                                                            "t.id"
                                                        ],
                                                        "Hash Buckets": 2097152,
                                                        "Original Hash Buckets": 2097152,
                                                        "Hash Batches": 1,
                                                        "Original Hash Batches": 1,
                                                        "Peak Memory Usage": 79360,
                                                        "Workers": [
                                                            {
                                                                "Worker Number": 0,
                                                                "Actual Startup Time": 196.802,
                                                                "Actual Total Time": 196.802,
                                                                "Actual Rows": 180852,
                                                                "Actual Loops": 1
                                                            },
                                                            {
                                                                "Worker Number": 1,
                                                                "Actual Startup Time": 196.634,
                                                                "Actual Total Time": 196.635,
                                                                "Actual Rows": 221182,
                                                                "Actual Loops": 1
                                                            },
                                                            {
                                                                "Worker Number": 2,
                                                                "Actual Startup Time": 196.634,
                                                                "Actual Total Time": 196.635,
                                                                "Actual Rows": 221598,
                                                                "Actual Loops": 1
                                                            },
                                                            {
                                                                "Worker Number": 3,
                                                                "Actual Startup Time": 196.619,
                                                                "Actual Total Time": 196.62,
                                                                "Actual Rows": 218186,
                                                                "Actual Loops": 1
                                                            },
                                                            {
                                                                "Worker Number": 4,
                                                                "Actual Startup Time": 196.763,
                                                                "Actual Total Time": 196.764,
                                                                "Actual Rows": 213935,
                                                                "Actual Loops": 1
                                                            },
                                                            {
                                                                "Worker Number": 5,
                                                                "Actual Startup Time": 196.472,
                                                                "Actual Total Time": 196.474,
                                                                "Actual Rows": 211849,
                                                                "Actual Loops": 1
                                                            }
                                                        ],
                                                        "Plans": [
                                                            {
                                                                "Node Type": "Seq Scan",
                                                                "Parent Relationship": "Outer",
                                                                "Parallel Aware": true,
                                                                "Relation Name": "title",
                                                                "Schema": "public",
                                                                "Alias": "t",
                                                                "Startup Cost": 0.0,
                                                                "Total Cost": 43899.01,
                                                                "Plan Rows": 400096,
                                                                "Plan Width": 4,
                                                                "Actual Startup Time": 0.067,
                                                                "Actual Total Time": 82.344,
                                                                "Actual Rows": 229582,
                                                                "Actual Loops": 7,
                                                                "Output": [
                                                                    "t.id"
                                                                ],
                                                                "Filter": "(t.production_year > 1995)",
                                                                "Rows Removed by Filter": 131605,
                                                                "Workers": [
                                                                    {
                                                                        "Worker Number": 0,
                                                                        "Actual Startup Time": 0.08,
                                                                        "Actual Total Time": 87.204,
                                                                        "Actual Rows": 180852,
                                                                        "Actual Loops": 1
                                                                    },
                                                                    {
                                                                        "Worker Number": 1,
                                                                        "Actual Startup Time": 0.078,
                                                                        "Actual Total Time": 83.348,
                                                                        "Actual Rows": 221182,
                                                                        "Actual Loops": 1
                                                                    },
                                                                    {
                                                                        "Worker Number": 2,
                                                                        "Actual Startup Time": 0.07,
                                                                        "Actual Total Time": 84.385,
                                                                        "Actual Rows": 221598,
                                                                        "Actual Loops": 1
                                                                    },
                                                                    {
                                                                        "Worker Number": 3,
                                                                        "Actual Startup Time": 0.078,
                                                                        "Actual Total Time": 86.048,
                                                                        "Actual Rows": 218186,
                                                                        "Actual Loops": 1
                                                                    },
                                                                    {
                                                                        "Worker Number": 4,
                                                                        "Actual Startup Time": 0.067,
                                                                        "Actual Total Time": 82.612,
                                                                        "Actual Rows": 213935,
                                                                        "Actual Loops": 1
                                                                    },
                                                                    {
                                                                        "Worker Number": 5,
                                                                        "Actual Startup Time": 0.081,
                                                                        "Actual Total Time": 82.781,
                                                                        "Actual Rows": 211849,
                                                                        "Actual Loops": 1
                                                                    }
                                                                ]
                                                            }
                                                        ]
                                                    }
                                                ]
                                            }
                                        ]
                                    }
                                ]
                            }
                        ]
                    }
                ]
            }
        ]
    },
    "Planning Time": 1.501,
    "Triggers": [],
    "Execution Time": 4987.455
}