{
  "Plan": {
    "Node Type": "Aggregate",
    "Strategy": "Plain",
    "Partial Mode": "Finalize",
    "Parallel Aware": false,
    "Startup Cost": 371014.39,
    "Total Cost": 371014.4,
    "Plan Rows": 1,
    "Plan Width": 8,
    "Actual Startup Time": 648.796,
    "Actual Total Time": 666.283,
    "Actual Rows": 1,
    "Actual Loops": 1,
    "Plans": [
      {
        "Node Type": "Gather",
        "Parent Relationship": "Outer",
        "Parallel Aware": false,
        "Startup Cost": 371014.28,
        "Total Cost": 371014.39,
        "Plan Rows": 1,
        "Plan Width": 8,
        "Actual Startup Time": 646.863,
        "Actual Total Time": 666.276,
        "Actual Rows": 2,
        "Actual Loops": 1,
        "Workers Planned": 1,
        "Workers Launched": 1,
        "Single Copy": false,
        "Plans": [
          {
            "Node Type": "Aggregate",
            "Strategy": "Plain",
            "Partial Mode": "Partial",
            "Parent Relationship": "Outer",
            "Parallel Aware": false,
            "Startup Cost": 370014.28,
            "Total Cost": 370014.29,
            "Plan Rows": 1,
            "Plan Width": 8,
            "Actual Startup Time": 640.643,
            "Actual Total Time": 640.647,
            "Actual Rows": 1,
            "Actual Loops": 2,
            "Plans": [
              {
                "Node Type": "Hash Join",
                "Parent Relationship": "Outer",
                "Parallel Aware": true,
                "Join Type": "Inner",
                "Startup Cost": 100497.94,
                "Total Cost": 369664.47,
                "Plan Rows": 139925,
                "Plan Width": 0,
                "Actual Startup Time": 337.535,
                "Actual Total Time": 628.476,
                "Actual Rows": 275726,
                "Actual Loops": 2,
                "Inner Unique": true,
                "Hash Cond": "(ci.movie_id = t.id)",
                "Plans": [
                  {
                    "Node Type": "Bitmap Heap Scan",
                    "Parent Relationship": "Outer",
                    "Parallel Aware": true,
                    "Relation Name": "cast_info",
                    "Alias": "ci",
                    "Startup Cost": 38619.64,
                    "Total Cost": 306849.49,
                    "Plan Rows": 356829,
                    "Plan Width": 4,
                    "Actual Startup Time": 68.699,
                    "Actual Total Time": 182.977,
                    "Actual Rows": 638841,
                    "Actual Loops": 2,
                    "Recheck Cond": "(person_id < 176960)",
                    "Rows Removed by Index Recheck": 0,
                    "Filter": "(role_id = 1)",
                    "Rows Removed by Filter": 250996,
                    "Exact Heap Blocks": 10165,
                    "Lossy Heap Blocks": 0,
                    "Plans": [
                      {
                        "Node Type": "Bitmap Index Scan",
                        "Parent Relationship": "Outer",
                        "Parallel Aware": false,
                        "Index Name": "person_id_cast_info",
                        "Startup Cost": 0.0,
                        "Total Cost": 38467.99,
                        "Plan Rows": 1761523,
                        "Plan Width": 0,
                        "Actual Startup Time": 65.779,
                        "Actual Total Time": 65.78,
                        "Actual Rows": 1779673,
                        "Actual Loops": 1,
                        "Index Cond": "(person_id < 176960)"
                      }
                    ]
                  },
                  {
                    "Node Type": "Hash",
                    "Parent Relationship": "Inner",
                    "Parallel Aware": true,
                    "Startup Cost": 54588.39,
                    "Total Cost": 54588.39,
                    "Plan Rows": 583193,
                    "Plan Width": 4,
                    "Actual Startup Time": 259.549,
                    "Actual Total Time": 259.55,
                    "Actual Rows": 492524,
                    "Actual Loops": 2,
                    "Hash Buckets": 1048576,
                    "Original Hash Buckets": 1048576,
                    "Hash Batches": 1,
                    "Original Hash Batches": 1,
                    "Peak Memory Usage": 46752,
                    "Plans": [
                      {
                        "Node Type": "Seq Scan",
                        "Parent Relationship": "Outer",
                        "Parallel Aware": true,
                        "Relation Name": "title",
                        "Alias": "t",
                        "Startup Cost": 0.0,
                        "Total Cost": 54588.39,
                        "Plan Rows": 583193,
                        "Plan Width": 4,
                        "Actual Startup Time": 0.037,
                        "Actual Total Time": 149.66,
                        "Actual Rows": 492524,
                        "Actual Loops": 2,
                        "Filter": "(kind_id < 7)",
                        "Rows Removed by Filter": 771632
                      }
                    ]
                  }
                ]
              }
            ]
          }
        ]
      }
    ]
  },
  "Planning Time": 0.74,
  "Triggers": [],
  "Execution Time": 666.375
}