[
  {
    "Plan": {
      "Node Type": "Aggregate",
      "Strategy": "Plain",
      "Partial Mode": "Finalize",
      "Parallel Aware": false,
      "Startup Cost": 61504.88,
      "Total Cost": 61504.89,
      "Plan Rows": 1,
      "Plan Width": 8,
      "Actual Startup Time": 251.803,
      "Actual Total Time": 292.66,
      "Actual Rows": 1,
      "Actual Loops": 1,
      "Plans": [
        {
          "Node Type": "Gather",
          "Parent Relationship": "Outer",
          "Parallel Aware": false,
          "Startup Cost": 61504.46,
          "Total Cost": 61504.87,
          "Plan Rows": 4,
          "Plan Width": 8,
          "Actual Startup Time": 250.773,
          "Actual Total Time": 292.647,
          "Actual Rows": 5,
          "Actual Loops": 1,
          "Workers Planned": 4,
          "Workers Launched": 4,
          "Single Copy": false,
          "Plans": [
            {
              "Node Type": "Aggregate",
              "Strategy": "Plain",
              "Partial Mode": "Partial",
              "Parent Relationship": "Outer",
              "Parallel Aware": false,
              "Startup Cost": 60504.46,
              "Total Cost": 60504.47,
              "Plan Rows": 1,
              "Plan Width": 8,
              "Actual Startup Time": 241.112,
              "Actual Total Time": 241.115,
              "Actual Rows": 1,
              "Actual Loops": 5,
              "Plans": [
                {
                  "Node Type": "Nested Loop",
                  "Parent Relationship": "Outer",
                  "Parallel Aware": false,
                  "Join Type": "Inner",
                  "Startup Cost": 1.0,
                  "Total Cost": 60465.74,
                  "Plan Rows": 15486,
                  "Plan Width": 0,
                  "Actual Startup Time": 6.445,
                  "Actual Total Time": 237.017,
                  "Actual Rows": 63375,
                  "Actual Loops": 5,
                  "Inner Unique": false,
                  "Join Filter": "(t.id = ci.movie_id)",
                  "Rows Removed by Join Filter": 0,
                  "Plans": [
                    {
                      "Node Type": "Nested Loop",
                      "Parent Relationship": "Outer",
                      "Parallel Aware": false,
                      "Join Type": "Inner",
                      "Startup Cost": 0.43,
                      "Total Cost": 57420.0,
                      "Plan Rows": 1294,
                      "Plan Width": 8,
                      "Actual Startup Time": 6.208,
                      "Actual Total Time": 133.227,
                      "Actual Rows": 2277,
                      "Actual Loops": 5,
                      "Inner Unique": false,
                      "Plans": [
                        {
                          "Node Type": "Seq Scan",
                          "Parent Relationship": "Outer",
                          "Parallel Aware": true,
                          "Relation Name": "title",
                          "Alias": "t",
                          "Startup Cost": 0.0,
                          "Total Cost": 45479.59,
                          "Plan Rows": 1365,
                          "Plan Width": 4,
                          "Actual Startup Time": 1.06,
                          "Actual Total Time": 116.95,
                          "Actual Rows": 1157,
                          "Actual Loops": 5,
                          "Filter": "((kind_id < 7) AND (production_year = 1967))",
                          "Rows Removed by Filter": 504506
                        },
                        {
                          "Node Type": "Index Scan",
                          "Parent Relationship": "Inner",
                          "Parallel Aware": false,
                          "Scan Direction": "Forward",
                          "Index Name": "movie_id_movie_keyword",
                          "Relation Name": "movie_keyword",
                          "Alias": "mk",
                          "Startup Cost": 0.43,
                          "Total Cost": 8.51,
                          "Plan Rows": 24,
                          "Plan Width": 4,
                          "Actual Startup Time": 0.012,
                          "Actual Total Time": 0.013,
                          "Actual Rows": 2,
                          "Actual Loops": 5783,
                          "Index Cond": "(movie_id = t.id)",
                          "Rows Removed by Index Recheck": 0,
                          "Filter": "(keyword_id < 5649)",
                          "Rows Removed by Filter": 2
                        }
                      ]
                    },
                    {
                      "Node Type": "Index Scan",
                      "Parent Relationship": "Inner",
                      "Parallel Aware": false,
                      "Scan Direction": "Forward",
                      "Index Name": "movie_id_cast_info",
                      "Relation Name": "cast_info",
                      "Alias": "ci",
                      "Startup Cost": 0.56,
                      "Total Cost": 1.99,
                      "Plan Rows": 29,
                      "Plan Width": 4,
                      "Actual Startup Time": 0.007,
                      "Actual Total Time": 0.042,
                      "Actual Rows": 28,
                      "Actual Loops": 11383,
                      "Index Cond": "(movie_id = mk.movie_id)",
                      "Rows Removed by Index Recheck": 0,
                      "Filter": "((person_id < 4008400) AND (role_id < 9))",
                      "Rows Removed by Filter": 3
                    }
                  ]
                }
              ]
            }
          ]
        }
      ]
    },
    "Planning Time": 0.98,
    "Triggers": [],
    "Execution Time": 292.739
  }
]