[
  {
    "Plan": {
      "Node Type": "Aggregate",
      "Strategy": "Plain",
      "Partial Mode": "Finalize",
      "Parallel Aware": false,
      "Startup Cost": 94232.83,
      "Total Cost": 94232.84,
      "Plan Rows": 1,
      "Plan Width": 8,
      "Actual Startup Time": 250.594,
      "Actual Total Time": 268.987,
      "Actual Rows": 1,
      "Actual Loops": 1,
      "Plans": [
        {
          "Node Type": "Gather",
          "Parent Relationship": "Outer",
          "Parallel Aware": false,
          "Startup Cost": 94232.51,
          "Total Cost": 94232.82,
          "Plan Rows": 3,
          "Plan Width": 8,
          "Actual Startup Time": 249.304,
          "Actual Total Time": 268.979,
          "Actual Rows": 4,
          "Actual Loops": 1,
          "Workers Planned": 3,
          "Workers Launched": 3,
          "Single Copy": false,
          "Plans": [
            {
              "Node Type": "Aggregate",
              "Strategy": "Plain",
              "Partial Mode": "Partial",
              "Parent Relationship": "Outer",
              "Parallel Aware": false,
              "Startup Cost": 93232.51,
              "Total Cost": 93232.52,
              "Plan Rows": 1,
              "Plan Width": 8,
              "Actual Startup Time": 239.816,
              "Actual Total Time": 239.823,
              "Actual Rows": 1,
              "Actual Loops": 4,
              "Plans": [
                {
                  "Node Type": "Nested Loop",
                  "Parent Relationship": "Outer",
                  "Parallel Aware": false,
                  "Join Type": "Inner",
                  "Startup Cost": 56808.15,
                  "Total Cost": 93211.94,
                  "Plan Rows": 8229,
                  "Plan Width": 0,
                  "Actual Startup Time": 155.258,
                  "Actual Total Time": 239.47,
                  "Actual Rows": 4233,
                  "Actual Loops": 4,
                  "Inner Unique": false,
                  "Join Filter": "(t.id = mi_idx.movie_id)",
                  "Rows Removed by Join Filter": 0,
                  "Plans": [
                    {
                      "Node Type": "Hash Join",
                      "Parent Relationship": "Outer",
                      "Parallel Aware": true,
                      "Join Type": "Inner",
                      "Startup Cost": 56807.72,
                      "Total Cost": 83696.62,
                      "Plan Rows": 15077,
                      "Plan Width": 8,
                      "Actual Startup Time": 155.027,
                      "Actual Total Time": 229.191,
                      "Actual Rows": 2267,
                      "Actual Loops": 4,
                      "Inner Unique": true,
                      "Hash Cond": "(mk.movie_id = t.id)",
                      "Plans": [
                        {
                          "Node Type": "Bitmap Heap Scan",
                          "Parent Relationship": "Outer",
                          "Parallel Aware": true,
                          "Relation Name": "movie_keyword",
                          "Alias": "mk",
                          "Startup Cost": 10588.11,
                          "Total Cost": 37054.43,
                          "Plan Rows": 160985,
                          "Plan Width": 4,
                          "Actual Startup Time": 33.554,
                          "Actual Total Time": 86.005,
                          "Actual Rows": 124533,
                          "Actual Loops": 4,
                          "Recheck Cond": "(keyword_id > 36217)",
                          "Rows Removed by Index Recheck": 0,
                          "Exact Heap Blocks": 8055,
                          "Lossy Heap Blocks": 0,
                          "Plans": [
                            {
                              "Node Type": "Bitmap Index Scan",
                              "Parent Relationship": "Outer",
                              "Parallel Aware": false,
                              "Index Name": "keyword_id_movie_keyword",
                              "Startup Cost": 0.0,
                              "Total Cost": 10463.35,
                              "Plan Rows": 499055,
                              "Plan Width": 0,
                              "Actual Startup Time": 30.111,
                              "Actual Total Time": 30.112,
                              "Actual Rows": 498131,
                              "Actual Loops": 1,
                              "Index Cond": "(keyword_id > 36217)"
                            }
                          ]
                        },
                        {
                          "Node Type": "Hash",
                          "Parent Relationship": "Inner",
                          "Parallel Aware": true,
                          "Startup Cost": 45479.59,
                          "Total Cost": 45479.59,
                          "Plan Rows": 59202,
                          "Plan Width": 4,
                          "Actual Startup Time": 119.237,
                          "Actual Total Time": 119.24,
                          "Actual Rows": 64226,
                          "Actual Loops": 4,
                          "Hash Buckets": 262144,
                          "Original Hash Buckets": 262144,
                          "Hash Batches": 1,
                          "Original Hash Batches": 1,
                          "Peak Memory Usage": 12160,
                          "Plans": [
                            {
                              "Node Type": "Seq Scan",
                              "Parent Relationship": "Outer",
                              "Parallel Aware": true,
                              "Relation Name": "title",
                              "Alias": "t",
                              "Startup Cost": 0.0,
                              "Total Cost": 45479.59,
                              "Plan Rows": 59202,
                              "Plan Width": 4,
                              "Actual Startup Time": 0.048,
                              "Actual Total Time": 96.59,
                              "Actual Rows": 64226,
                              "Actual Loops": 4,
                              "Filter": "((production_year > 2010) AND (kind_id = 7))",
                              "Rows Removed by Filter": 567852
                            }
                          ]
                        }
                      ]
                    },
                    {
                      "Node Type": "Index Only Scan",
                      "Parent Relationship": "Inner",
                      "Parallel Aware": false,
                      "Scan Direction": "Forward",
                      "Index Name": "movie_id_movie_info_idx",
                      "Relation Name": "movie_info_idx",
                      "Alias": "mi_idx",
                      "Startup Cost": 0.43,
                      "Total Cost": 0.59,
                      "Plan Rows": 3,
                      "Plan Width": 4,
                      "Actual Startup Time": 0.003,
                      "Actual Total Time": 0.004,
                      "Actual Rows": 2,
                      "Actual Loops": 9069,
                      "Index Cond": "(movie_id = mk.movie_id)",
                      "Rows Removed by Index Recheck": 0,
                      "Heap Fetches": 16932
                    }
                  ]
                }
              ]
            }
          ]
        }
      ]
    },
    "Planning Time": 1.346,
    "Triggers": [],
    "Execution Time": 269.144
  }
]