{
  "Plan": {
    "Node Type": "Aggregate",
    "Strategy": "Plain",
    "Partial Mode": "Finalize",
    "Parallel Aware": false,
    "Startup Cost": 256125.91,
    "Total Cost": 256125.92,
    "Plan Rows": 1,
    "Plan Width": 8,
    "Actual Startup Time": 605.516,
    "Actual Total Time": 624.729,
    "Actual Rows": 1,
    "Actual Loops": 1,
    "Plans": [
      {
        "Node Type": "Gather",
        "Parent Relationship": "Outer",
        "Parallel Aware": false,
        "Startup Cost": 256125.8,
        "Total Cost": 256125.91,
        "Plan Rows": 1,
        "Plan Width": 8,
        "Actual Startup Time": 602.838,
        "Actual Total Time": 624.722,
        "Actual Rows": 2,
        "Actual Loops": 1,
        "Workers Planned": 1,
        "Workers Launched": 1,
        "Single Copy": false,
        "Plans": [
          {
            "Node Type": "Aggregate",
            "Strategy": "Plain",
            "Partial Mode": "Partial",
            "Parent Relationship": "Outer",
            "Parallel Aware": false,
            "Startup Cost": 255125.8,
            "Total Cost": 255125.81,
            "Plan Rows": 1,
            "Plan Width": 8,
            "Actual Startup Time": 594.805,
            "Actual Total Time": 594.809,
            "Actual Rows": 1,
            "Actual Loops": 2,
            "Plans": [
              {
                "Node Type": "Hash Join",
                "Parent Relationship": "Outer",
                "Parallel Aware": true,
                "Join Type": "Inner",
                "Startup Cost": 82672.48,
                "Total Cost": 254411.94,
                "Plan Rows": 285544,
                "Plan Width": 0,
                "Actual Startup Time": 390.903,
                "Actual Total Time": 585.56,
                "Actual Rows": 222442,
                "Actual Loops": 2,
                "Inner Unique": true,
                "Hash Cond": "(mi.movie_id = t.id)",
                "Plans": [
                  {
                    "Node Type": "Bitmap Heap Scan",
                    "Parent Relationship": "Outer",
                    "Parallel Aware": true,
                    "Relation Name": "movie_info",
                    "Alias": "mi",
                    "Startup Cost": 19846.33,
                    "Total Cost": 189894.25,
                    "Plan Rows": 644394,
                    "Plan Width": 4,
                    "Actual Startup Time": 42.54,
                    "Actual Total Time": 132.2,
                    "Actual Rows": 519940,
                    "Actual Loops": 2,
                    "Recheck Cond": "(info_type_id > 80)",
                    "Rows Removed by Index Recheck": 0,
                    "Exact Heap Blocks": 19547,
                    "Lossy Heap Blocks": 0,
                    "Plans": [
                      {
                        "Node Type": "Bitmap Index Scan",
                        "Parent Relationship": "Outer",
                        "Parallel Aware": false,
                        "Index Name": "info_type_id_movie_info",
                        "Startup Cost": 0.0,
                        "Total Cost": 19572.46,
                        "Plan Rows": 1095470,
                        "Plan Width": 0,
                        "Actual Startup Time": 36.822,
                        "Actual Total Time": 36.822,
                        "Actual Rows": 1039881,
                        "Actual Loops": 1,
                        "Index Cond": "(info_type_id > 80)"
                      }
                    ]
                  },
                  {
                    "Node Type": "Hash",
                    "Parent Relationship": "Inner",
                    "Parallel Aware": true,
                    "Startup Cost": 54588.39,
                    "Total Cost": 54588.39,
                    "Plan Rows": 659021,
                    "Plan Width": 4,
                    "Actual Startup Time": 316.096,
                    "Actual Total Time": 316.096,
                    "Actual Rows": 553962,
                    "Actual Loops": 2,
                    "Hash Buckets": 2097152,
                    "Original Hash Buckets": 2097152,
                    "Hash Batches": 1,
                    "Original Hash Batches": 1,
                    "Peak Memory Usage": 59776,
                    "Plans": [
                      {
                        "Node Type": "Seq Scan",
                        "Parent Relationship": "Outer",
                        "Parallel Aware": true,
                        "Relation Name": "title",
                        "Alias": "t",
                        "Startup Cost": 0.0,
                        "Total Cost": 54588.39,
                        "Plan Rows": 659021,
                        "Plan Width": 4,
                        "Actual Startup Time": 0.028,
                        "Actual Total Time": 160.565,
                        "Actual Rows": 553962,
                        "Actual Loops": 2,
                        "Filter": "(production_year > 2004)",
                        "Rows Removed by Filter": 710194
                      }
                    ]
                  }
                ]
              }
            ]
          }
        ]
      }
    ]
  },
  "Planning Time": 0.658,
  "Triggers": [],
  "Execution Time": 624.82
}