[
  {
    "Plan": {
      "Node Type": "Aggregate",
      "Strategy": "Plain",
      "Partial Mode": "Finalize",
      "Parallel Aware": false,
      "Startup Cost": 348291.1,
      "Total Cost": 348291.11,
      "Plan Rows": 1,
      "Plan Width": 8,
      "Actual Startup Time": 3865.302,
      "Actual Total Time": 3948.252,
      "Actual Rows": 1,
      "Actual Loops": 1,
      "Plans": [
        {
          "Node Type": "Gather",
          "Parent Relationship": "Outer",
          "Parallel Aware": false,
          "Startup Cost": 348290.58,
          "Total Cost": 348291.09,
          "Plan Rows": 5,
          "Plan Width": 8,
          "Actual Startup Time": 3863.378,
          "Actual Total Time": 3948.245,
          "Actual Rows": 6,
          "Actual Loops": 1,
          "Workers Planned": 5,
          "Workers Launched": 5,
          "Single Copy": false,
          "Plans": [
            {
              "Node Type": "Aggregate",
              "Strategy": "Plain",
              "Partial Mode": "Partial",
              "Parent Relationship": "Outer",
              "Parallel Aware": false,
              "Startup Cost": 347290.58,
              "Total Cost": 347290.59,
              "Plan Rows": 1,
              "Plan Width": 8,
              "Actual Startup Time": 3857.573,
              "Actual Total Time": 3857.576,
              "Actual Rows": 1,
              "Actual Loops": 6,
              "Plans": [
                {
                  "Node Type": "Nested Loop",
                  "Parent Relationship": "Outer",
                  "Parallel Aware": false,
                  "Join Type": "Inner",
                  "Startup Cost": 45700.14,
                  "Total Cost": 346885.4,
                  "Plan Rows": 162072,
                  "Plan Width": 0,
                  "Actual Startup Time": 78.296,
                  "Actual Total Time": 3798.895,
                  "Actual Rows": 1107157,
                  "Actual Loops": 6,
                  "Inner Unique": false,
                  "Join Filter": "(t.id = ci.movie_id)",
                  "Rows Removed by Join Filter": 0,
                  "Plans": [
                    {
                      "Node Type": "Hash Join",
                      "Parent Relationship": "Outer",
                      "Parallel Aware": true,
                      "Join Type": "Inner",
                      "Startup Cost": 45699.57,
                      "Total Cost": 250437.89,
                      "Plan Rows": 62235,
                      "Plan Width": 8,
                      "Actual Startup Time": 78.13,
                      "Actual Total Time": 695.716,
                      "Actual Rows": 255061,
                      "Actual Loops": 6,
                      "Inner Unique": true,
                      "Hash Cond": "(mi.movie_id = t.id)",
                      "Plans": [
                        {
                          "Node Type": "Seq Scan",
                          "Parent Relationship": "Outer",
                          "Parallel Aware": true,
                          "Relation Name": "movie_info",
                          "Alias": "mi",
                          "Startup Cost": 0.0,
                          "Total Cost": 198880.74,
                          "Plan Rows": 2231456,
                          "Plan Width": 4,
                          "Actual Startup Time": 0.019,
                          "Actual Total Time": 307.113,
                          "Actual Rows": 1868457,
                          "Actual Loops": 6,
                          "Filter": "(info_type_id > 3)",
                          "Rows Removed by Filter": 604163
                        },
                        {
                          "Node Type": "Hash",
                          "Parent Relationship": "Inner",
                          "Parallel Aware": true,
                          "Startup Cost": 45479.21,
                          "Total Cost": 45479.21,
                          "Plan Rows": 17629,
                          "Plan Width": 4,
                          "Actual Startup Time": 76.799,
                          "Actual Total Time": 76.8,
                          "Actual Rows": 28454,
                          "Actual Loops": 6,
                          "Hash Buckets": 262144,
                          "Original Hash Buckets": 131072,
                          "Hash Batches": 1,
                          "Original Hash Batches": 1,
                          "Peak Memory Usage": 9792,
                          "Plans": [
                            {
                              "Node Type": "Seq Scan",
                              "Parent Relationship": "Outer",
                              "Parallel Aware": true,
                              "Relation Name": "title",
                              "Alias": "t",
                              "Startup Cost": 0.0,
                              "Total Cost": 45479.21,
                              "Plan Rows": 17629,
                              "Plan Width": 4,
                              "Actual Startup Time": 0.269,
                              "Actual Total Time": 63.922,
                              "Actual Rows": 28454,
                              "Actual Loops": 6,
                              "Filter": "((kind_id < 7) AND (production_year < 1953))",
                              "Rows Removed by Filter": 392932
                            }
                          ]
                        }
                      ]
                    },
                    {
                      "Node Type": "Index Scan",
                      "Parent Relationship": "Inner",
                      "Parallel Aware": false,
                      "Scan Direction": "Forward",
                      "Index Name": "movie_id_cast_info",
                      "Relation Name": "cast_info",
                      "Alias": "ci",
                      "Startup Cost": 0.56,
                      "Total Cost": 1.46,
                      "Plan Rows": 7,
                      "Plan Width": 4,
                      "Actual Startup Time": 0.004,
                      "Actual Total Time": 0.012,
                      "Actual Rows": 4,
                      "Actual Loops": 1530366,
                      "Index Cond": "(movie_id = mi.movie_id)",
                      "Rows Removed by Index Recheck": 0,
                      "Filter": "(person_id < 654727)",
                      "Rows Removed by Filter": 12
                    }
                  ]
                }
              ]
            }
          ]
        }
      ]
    },
    "Planning Time": 0.422,
    "Triggers": [],
    "Execution Time": 3948.305
  }
]