[
    {
        "Bao": {
            "Bao prediction": "NaN",
            "Bao recommended hint": "(no hint)"
        }
    },
    {
        "Plan": {
            "Node Type": "Aggregate",
            "Strategy": "Plain",
            "Partial Mode": "Finalize",
            "Parallel Aware": false,
            "Startup Cost": 397168.36,
            "Total Cost": 397168.37,
            "Plan Rows": 1,
            "Plan Width": 8,
            "Actual Startup Time": 875.946,
            "Actual Total Time": 908.447,
            "Actual Rows": 1,
            "Actual Loops": 1,
            "Output": [
                "count(*)"
            ],
            "Plans": [
                {
                    "Node Type": "Gather",
                    "Parent Relationship": "Outer",
                    "Parallel Aware": false,
                    "Startup Cost": 397167.74,
                    "Total Cost": 397168.35,
                    "Plan Rows": 6,
                    "Plan Width": 8,
                    "Actual Startup Time": 870.296,
                    "Actual Total Time": 908.436,
                    "Actual Rows": 7,
                    "Actual Loops": 1,
                    "Output": [
                        "(PARTIAL count(*))"
                    ],
                    "Workers Planned": 6,
                    "Workers Launched": 6,
                    "Single Copy": false,
                    "Plans": [
                        {
                            "Node Type": "Aggregate",
                            "Strategy": "Plain",
                            "Partial Mode": "Partial",
                            "Parent Relationship": "Outer",
                            "Parallel Aware": false,
                            "Startup Cost": 396167.74,
                            "Total Cost": 396167.75,
                            "Plan Rows": 1,
                            "Plan Width": 8,
                            "Actual Startup Time": 860.202,
                            "Actual Total Time": 860.205,
                            "Actual Rows": 1,
                            "Actual Loops": 7,
                            "Output": [
                                "PARTIAL count(*)"
                            ],
                            "Workers": [
                                {
                                    "Worker Number": 0,
                                    "Actual Startup Time": 857.845,
                                    "Actual Total Time": 857.847,
                                    "Actual Rows": 1,
                                    "Actual Loops": 1
                                },
                                {
                                    "Worker Number": 1,
                                    "Actual Startup Time": 858.121,
                                    "Actual Total Time": 858.123,
                                    "Actual Rows": 1,
                                    "Actual Loops": 1
                                },
                                {
                                    "Worker Number": 2,
                                    "Actual Startup Time": 858.886,
                                    "Actual Total Time": 858.889,
                                    "Actual Rows": 1,
                                    "Actual Loops": 1
                                },
                                {
                                    "Worker Number": 3,
                                    "Actual Startup Time": 858.68,
                                    "Actual Total Time": 858.682,
                                    "Actual Rows": 1,
                                    "Actual Loops": 1
                                },
                                {
                                    "Worker Number": 4,
                                    "Actual Startup Time": 859.074,
                                    "Actual Total Time": 859.076,
                                    "Actual Rows": 1,
                                    "Actual Loops": 1
                                },
                                {
                                    "Worker Number": 5,
                                    "Actual Startup Time": 859.115,
                                    "Actual Total Time": 859.118,
                                    "Actual Rows": 1,
                                    "Actual Loops": 1
                                }
                            ],
                            "Plans": [
                                {
                                    "Node Type": "Hash Join",
                                    "Parent Relationship": "Outer",
                                    "Parallel Aware": true,
                                    "Join Type": "Inner",
                                    "Startup Cost": 47500.88,
                                    "Total Cost": 395119.86,
                                    "Plan Rows": 419151,
                                    "Plan Width": 0,
                                    "Actual Startup Time": 320.354,
                                    "Actual Total Time": 850.576,
                                    "Actual Rows": 186631,
                                    "Actual Loops": 7,
                                    "Inner Unique": true,
                                    "Hash Cond": "(ci.movie_id = t.id)",
                                    "Workers": [
                                        {
                                            "Worker Number": 0,
                                            "Actual Startup Time": 315.608,
                                            "Actual Total Time": 848.196,
                                            "Actual Rows": 207707,
                                            "Actual Loops": 1
                                        },
                                        {
                                            "Worker Number": 1,
                                            "Actual Startup Time": 324.129,
                                            "Actual Total Time": 847.579,
                                            "Actual Rows": 138294,
                                            "Actual Loops": 1
                                        },
                                        {
                                            "Worker Number": 2,
                                            "Actual Startup Time": 320.413,
                                            "Actual Total Time": 848.775,
                                            "Actual Rows": 133441,
                                            "Actual Loops": 1
                                        },
                                        {
                                            "Worker Number": 3,
                                            "Actual Startup Time": 317.704,
                                            "Actual Total Time": 849.206,
                                            "Actual Rows": 202083,
                                            "Actual Loops": 1
                                        },
                                        {
                                            "Worker Number": 4,
                                            "Actual Startup Time": 317.59,
                                            "Actual Total Time": 849.572,
                                            "Actual Rows": 204192,
                                            "Actual Loops": 1
                                        },
                                        {
                                            "Worker Number": 5,
                                            "Actual Startup Time": 318.276,
                                            "Actual Total Time": 850.203,
                                            "Actual Rows": 190227,
                                            "Actual Loops": 1
                                        }
                                    ],
                                    "Plans": [
                                        {
                                            "Node Type": "Seq Scan",
                                            "Parent Relationship": "Outer",
                                            "Parallel Aware": true,
                                            "Relation Name": "cast_info",
                                            "Schema": "public",
                                            "Alias": "ci",
                                            "Startup Cost": 0.0,
                                            "Total Cost": 343318.94,
                                            "Plan Rows": 1638106,
                                            "Plan Width": 4,
                                            "Actual Startup Time": 200.278,
                                            "Actual Total Time": 570.805,
                                            "Actual Rows": 604353,
                                            "Actual Loops": 7,
                                            "Output": [
                                                "ci.id",
                                                "ci.person_id",
                                                "ci.movie_id",
                                                "ci.person_role_id",
                                                "ci.note",
                                                "ci.nr_order",
                                                "ci.role_id"
                                            ],
                                            "Filter": "((ci.person_id < 1492142) AND (ci.role_id > 1))",
                                            "Rows Removed by Filter": 4573410,
                                            "Workers": [
                                                {
                                                    "Worker Number": 0,
                                                    "Actual Startup Time": 198.262,
                                                    "Actual Total Time": 575.822,
                                                    "Actual Rows": 665629,
                                                    "Actual Loops": 1
                                                },
                                                {
                                                    "Worker Number": 1,
                                                    "Actual Startup Time": 206.477,
                                                    "Actual Total Time": 585.847,
                                                    "Actual Rows": 455907,
                                                    "Actual Loops": 1
                                                },
                                                {
                                                    "Worker Number": 2,
                                                    "Actual Startup Time": 202.568,
                                                    "Actual Total Time": 577.592,
                                                    "Actual Rows": 435988,
                                                    "Actual Loops": 1
                                                },
                                                {
                                                    "Worker Number": 3,
                                                    "Actual Startup Time": 198.378,
                                                    "Actual Total Time": 574.517,
                                                    "Actual Rows": 650881,
                                                    "Actual Loops": 1
                                                },
                                                {
                                                    "Worker Number": 4,
                                                    "Actual Startup Time": 198.519,
                                                    "Actual Total Time": 574.827,
                                                    "Actual Rows": 664429,
                                                    "Actual Loops": 1
                                                },
                                                {
                                                    "Worker Number": 5,
                                                    "Actual Startup Time": 199.664,
                                                    "Actual Total Time": 562.066,
                                                    "Actual Rows": 622216,
                                                    "Actual Loops": 1
                                                }
                                            ]
                                        },
                                        {
                                            "Node Type": "Hash",
                                            "Parent Relationship": "Inner",
                                            "Parallel Aware": true,
                                            "Startup Cost": 45479.21,
                                            "Total Cost": 45479.21,
                                            "Plan Rows": 161734,
                                            "Plan Width": 4,
                                            "Actual Startup Time": 116.749,
                                            "Actual Total Time": 116.75,
                                            "Actual Rows": 91346,
                                            "Actual Loops": 7,
                                            "Output": [
                                                "t.id"
                                            ],
                                            "Hash Buckets": 1048576,
                                            "Original Hash Buckets": 1048576,
                                            "Hash Batches": 1,
                                            "Original Hash Batches": 1,
                                            "Peak Memory Usage": 33312,
                                            "Workers": [
                                                {
                                                    "Worker Number": 0,
                                                    "Actual Startup Time": 116.576,
                                                    "Actual Total Time": 116.576,
                                                    "Actual Rows": 99671,
                                                    "Actual Loops": 1
                                                },
                                                {
                                                    "Worker Number": 1,
                                                    "Actual Startup Time": 116.837,
                                                    "Actual Total Time": 116.838,
                                                    "Actual Rows": 70463,
                                                    "Actual Loops": 1
                                                },
                                                {
                                                    "Worker Number": 2,
                                                    "Actual Startup Time": 117.073,
                                                    "Actual Total Time": 117.074,
                                                    "Actual Rows": 66895,
                                                    "Actual Loops": 1
                                                },
                                                {
                                                    "Worker Number": 3,
                                                    "Actual Startup Time": 117.507,
                                                    "Actual Total Time": 117.507,
                                                    "Actual Rows": 97576,
                                                    "Actual Loops": 1
                                                },
                                                {
                                                    "Worker Number": 4,
                                                    "Actual Startup Time": 117.829,
                                                    "Actual Total Time": 117.83,
                                                    "Actual Rows": 98763,
                                                    "Actual Loops": 1
                                                },
                                                {
                                                    "Worker Number": 5,
                                                    "Actual Startup Time": 117.848,
                                                    "Actual Total Time": 117.849,
                                                    "Actual Rows": 93364,
                                                    "Actual Loops": 1
                                                }
                                            ],
                                            "Plans": [
                                                {
                                                    "Node Type": "Seq Scan",
                                                    "Parent Relationship": "Outer",
                                                    "Parallel Aware": true,
                                                    "Relation Name": "title",
                                                    "Schema": "public",
                                                    "Alias": "t",
                                                    "Startup Cost": 0.0,
                                                    "Total Cost": 45479.21,
                                                    "Plan Rows": 161734,
                                                    "Plan Width": 4,
                                                    "Actual Startup Time": 43.267,
                                                    "Actual Total Time": 79.749,
                                                    "Actual Rows": 91346,
                                                    "Actual Loops": 7,
                                                    "Output": [
                                                        "t.id"
                                                    ],
                                                    "Filter": "((t.production_year > 1906) AND (t.kind_id = 1))",
                                                    "Rows Removed by Filter": 269842,
                                                    "Workers": [
                                                        {
                                                            "Worker Number": 0,
                                                            "Actual Startup Time": 49.531,
                                                            "Actual Total Time": 80.141,
                                                            "Actual Rows": 99671,
                                                            "Actual Loops": 1
                                                        },
                                                        {
                                                            "Worker Number": 1,
                                                            "Actual Startup Time": 49.747,
                                                            "Actual Total Time": 81.734,
                                                            "Actual Rows": 70463,
                                                            "Actual Loops": 1
                                                        },
                                                        {
                                                            "Worker Number": 2,
                                                            "Actual Startup Time": 49.416,
                                                            "Actual Total Time": 80.978,
                                                            "Actual Rows": 66895,
                                                            "Actual Loops": 1
                                                        },
                                                        {
                                                            "Worker Number": 3,
                                                            "Actual Startup Time": 49.419,
                                                            "Actual Total Time": 79.691,
                                                            "Actual Rows": 97576,
                                                            "Actual Loops": 1
                                                        },
                                                        {
                                                            "Worker Number": 4,
                                                            "Actual Startup Time": 49.471,
                                                            "Actual Total Time": 79.749,
                                                            "Actual Rows": 98763,
                                                            "Actual Loops": 1
                                                        },
                                                        {
                                                            "Worker Number": 5,
                                                            "Actual Startup Time": 49.473,
                                                            "Actual Total Time": 79.876,
                                                            "Actual Rows": 93364,
                                                            "Actual Loops": 1
                                                        }
                                                    ]
                                                }
                                            ]
                                        }
                                    ]
                                }
                            ]
                        }
                    ]
                }
            ]
        },
        "Planning Time": 234.833,
        "Triggers": [],
        "Execution Time": 908.536
    }
]