[
  {
    "Plan": {
      "Node Type": "Aggregate",
      "Strategy": "Plain",
      "Partial Mode": "Finalize",
      "Parallel Aware": false,
      "Startup Cost": 46649.3,
      "Total Cost": 46649.31,
      "Plan Rows": 1,
      "Plan Width": 8,
      "Actual Startup Time": 165.238,
      "Actual Total Time": 175.021,
      "Actual Rows": 1,
      "Actual Loops": 1,
      "Plans": [
        {
          "Node Type": "Gather",
          "Parent Relationship": "Outer",
          "Parallel Aware": false,
          "Startup Cost": 46648.98,
          "Total Cost": 46649.29,
          "Plan Rows": 3,
          "Plan Width": 8,
          "Actual Startup Time": 165.133,
          "Actual Total Time": 175.014,
          "Actual Rows": 4,
          "Actual Loops": 1,
          "Workers Planned": 3,
          "Workers Launched": 3,
          "Single Copy": false,
          "Plans": [
            {
              "Node Type": "Aggregate",
              "Strategy": "Plain",
              "Partial Mode": "Partial",
              "Parent Relationship": "Outer",
              "Parallel Aware": false,
              "Startup Cost": 45648.98,
              "Total Cost": 45648.99,
              "Plan Rows": 1,
              "Plan Width": 8,
              "Actual Startup Time": 158.614,
              "Actual Total Time": 158.615,
              "Actual Rows": 1,
              "Actual Loops": 4,
              "Plans": [
                {
                  "Node Type": "Seq Scan",
                  "Parent Relationship": "Outer",
                  "Parallel Aware": true,
                  "Relation Name": "movie_keyword",
                  "Alias": "mk",
                  "Startup Cost": 0.0,
                  "Total Cost": 42695.65,
                  "Plan Rows": 1181330,
                  "Plan Width": 0,
                  "Actual Startup Time": 0.05,
                  "Actual Total Time": 119.457,
                  "Actual Rows": 917214,
                  "Actual Loops": 4,
                  "Filter": "(keyword_id < 21489)",
                  "Rows Removed by Filter": 213768
                }
              ]
            }
          ]
        }
      ]
    },
    "Planning Time": 0.187,
    "Triggers": [],
    "Execution Time": 175.078
  }
]