[
  {
    "Plan": {
      "Node Type": "Aggregate",
      "Strategy": "Plain",
      "Partial Mode": "Finalize",
      "Parallel Aware": false,
      "Startup Cost": 351399.74,
      "Total Cost": 351399.75,
      "Plan Rows": 1,
      "Plan Width": 8,
      "Actual Startup Time": 838.411,
      "Actual Total Time": 892.917,
      "Actual Rows": 1,
      "Actual Loops": 1,
      "Plans": [
        {
          "Node Type": "Gather",
          "Parent Relationship": "Outer",
          "Parallel Aware": false,
          "Startup Cost": 351399.11,
          "Total Cost": 351399.72,
          "Plan Rows": 6,
          "Plan Width": 8,
          "Actual Startup Time": 838.284,
          "Actual Total Time": 892.906,
          "Actual Rows": 7,
          "Actual Loops": 1,
          "Workers Planned": 6,
          "Workers Launched": 6,
          "Single Copy": false,
          "Plans": [
            {
              "Node Type": "Aggregate",
              "Strategy": "Plain",
              "Partial Mode": "Partial",
              "Parent Relationship": "Outer",
              "Parallel Aware": false,
              "Startup Cost": 350399.11,
              "Total Cost": 350399.12,
              "Plan Rows": 1,
              "Plan Width": 8,
              "Actual Startup Time": 828.895,
              "Actual Total Time": 828.91,
              "Actual Rows": 1,
              "Actual Loops": 7,
              "Plans": [
                {
                  "Node Type": "Seq Scan",
                  "Parent Relationship": "Outer",
                  "Parallel Aware": true,
                  "Relation Name": "cast_info",
                  "Alias": "ci",
                  "Startup Cost": 0.0,
                  "Total Cost": 343257.03,
                  "Plan Rows": 2856834,
                  "Plan Width": 0,
                  "Actual Startup Time": 223.112,
                  "Actual Total Time": 701.987,
                  "Actual Rows": 2961545,
                  "Actual Loops": 7,
                  "Filter": "((person_id > 997467) AND (role_id > 1))",
                  "Rows Removed by Filter": 2216218
                }
              ]
            }
          ]
        }
      ]
    },
    "Planning Time": 0.266,
    "Triggers": [],
    "Execution Time": 892.993
  }
]