[
  {
    "Plan": {
      "Node Type": "Aggregate",
      "Strategy": "Plain",
      "Partial Mode": "Finalize",
      "Parallel Aware": false,
      "Startup Cost": 341577.92,
      "Total Cost": 341577.93,
      "Plan Rows": 1,
      "Plan Width": 8,
      "Actual Startup Time": 942.533,
      "Actual Total Time": 994.095,
      "Actual Rows": 1,
      "Actual Loops": 1,
      "Plans": [
        {
          "Node Type": "Gather",
          "Parent Relationship": "Outer",
          "Parallel Aware": false,
          "Startup Cost": 341577.29,
          "Total Cost": 341577.9,
          "Plan Rows": 6,
          "Plan Width": 8,
          "Actual Startup Time": 942.337,
          "Actual Total Time": 994.081,
          "Actual Rows": 7,
          "Actual Loops": 1,
          "Workers Planned": 6,
          "Workers Launched": 6,
          "Single Copy": false,
          "Plans": [
            {
              "Node Type": "Aggregate",
              "Strategy": "Plain",
              "Partial Mode": "Partial",
              "Parent Relationship": "Outer",
              "Parallel Aware": false,
              "Startup Cost": 340577.29,
              "Total Cost": 340577.3,
              "Plan Rows": 1,
              "Plan Width": 8,
              "Actual Startup Time": 935.545,
              "Actual Total Time": 935.547,
              "Actual Rows": 1,
              "Actual Loops": 7,
              "Plans": [
                {
                  "Node Type": "Seq Scan",
                  "Parent Relationship": "Outer",
                  "Parallel Aware": true,
                  "Relation Name": "cast_info",
                  "Alias": "ci",
                  "Startup Cost": 0.0,
                  "Total Cost": 328211.39,
                  "Plan Rows": 4946360,
                  "Plan Width": 0,
                  "Actual Startup Time": 0.042,
                  "Actual Total Time": 704.267,
                  "Actual Rows": 4249480,
                  "Actual Loops": 7,
                  "Filter": "(person_id < 3006940)",
                  "Rows Removed by Filter": 928284
                }
              ]
            }
          ]
        }
      ]
    },
    "Planning Time": 0.21,
    "Triggers": [],
    "Execution Time": 994.155
  }
]