[
    {
        "Bao": {
            "Bao prediction": "NaN",
            "Bao recommended hint": "(no hint)"
        }
    },
    {
        "Plan": {
            "Node Type": "Aggregate",
            "Strategy": "Plain",
            "Partial Mode": "Finalize",
            "Parallel Aware": false,
            "Startup Cost": 414911.02,
            "Total Cost": 414911.03,
            "Plan Rows": 1,
            "Plan Width": 8,
            "Actual Startup Time": 1478.686,
            "Actual Total Time": 1514.376,
            "Actual Rows": 1,
            "Actual Loops": 1,
            "Output": [
                "count(*)"
            ],
            "Plans": [
                {
                    "Node Type": "Gather",
                    "Parent Relationship": "Outer",
                    "Parallel Aware": false,
                    "Startup Cost": 414910.4,
                    "Total Cost": 414911.01,
                    "Plan Rows": 6,
                    "Plan Width": 8,
                    "Actual Startup Time": 1469.28,
                    "Actual Total Time": 1514.367,
                    "Actual Rows": 7,
                    "Actual Loops": 1,
                    "Output": [
                        "(PARTIAL count(*))"
                    ],
                    "Workers Planned": 6,
                    "Workers Launched": 6,
                    "Single Copy": false,
                    "Plans": [
                        {
                            "Node Type": "Aggregate",
                            "Strategy": "Plain",
                            "Partial Mode": "Partial",
                            "Parent Relationship": "Outer",
                            "Parallel Aware": false,
                            "Startup Cost": 413910.4,
                            "Total Cost": 413910.41,
                            "Plan Rows": 1,
                            "Plan Width": 8,
                            "Actual Startup Time": 1458.483,
                            "Actual Total Time": 1458.488,
                            "Actual Rows": 1,
                            "Actual Loops": 7,
                            "Output": [
                                "PARTIAL count(*)"
                            ],
                            "Workers": [
                                {
                                    "Worker Number": 0,
                                    "Actual Startup Time": 1455.884,
                                    "Actual Total Time": 1455.888,
                                    "Actual Rows": 1,
                                    "Actual Loops": 1
                                },
                                {
                                    "Worker Number": 1,
                                    "Actual Startup Time": 1456.335,
                                    "Actual Total Time": 1456.34,
                                    "Actual Rows": 1,
                                    "Actual Loops": 1
                                },
                                {
                                    "Worker Number": 2,
                                    "Actual Startup Time": 1456.504,
                                    "Actual Total Time": 1456.509,
                                    "Actual Rows": 1,
                                    "Actual Loops": 1
                                },
                                {
                                    "Worker Number": 3,
                                    "Actual Startup Time": 1457.036,
                                    "Actual Total Time": 1457.04,
                                    "Actual Rows": 1,
                                    "Actual Loops": 1
                                },
                                {
                                    "Worker Number": 4,
                                    "Actual Startup Time": 1457.168,
                                    "Actual Total Time": 1457.173,
                                    "Actual Rows": 1,
                                    "Actual Loops": 1
                                },
                                {
                                    "Worker Number": 5,
                                    "Actual Startup Time": 1457.564,
                                    "Actual Total Time": 1457.569,
                                    "Actual Rows": 1,
                                    "Actual Loops": 1
                                }
                            ],
                            "Plans": [
                                {
                                    "Node Type": "Hash Join",
                                    "Parent Relationship": "Outer",
                                    "Parallel Aware": true,
                                    "Join Type": "Inner",
                                    "Startup Cost": 64893.2,
                                    "Total Cost": 411791.11,
                                    "Plan Rows": 847716,
                                    "Plan Width": 0,
                                    "Actual Startup Time": 214.963,
                                    "Actual Total Time": 1391.341,
                                    "Actual Rows": 1692311,
                                    "Actual Loops": 7,
                                    "Inner Unique": false,
                                    "Hash Cond": "(ci.movie_id = t.id)",
                                    "Workers": [
                                        {
                                            "Worker Number": 0,
                                            "Actual Startup Time": 212.471,
                                            "Actual Total Time": 1390.121,
                                            "Actual Rows": 1642123,
                                            "Actual Loops": 1
                                        },
                                        {
                                            "Worker Number": 1,
                                            "Actual Startup Time": 212.956,
                                            "Actual Total Time": 1389.173,
                                            "Actual Rows": 1691033,
                                            "Actual Loops": 1
                                        },
                                        {
                                            "Worker Number": 2,
                                            "Actual Startup Time": 213.11,
                                            "Actual Total Time": 1389.366,
                                            "Actual Rows": 1695396,
                                            "Actual Loops": 1
                                        },
                                        {
                                            "Worker Number": 3,
                                            "Actual Startup Time": 213.646,
                                            "Actual Total Time": 1390.324,
                                            "Actual Rows": 1646532,
                                            "Actual Loops": 1
                                        },
                                        {
                                            "Worker Number": 4,
                                            "Actual Startup Time": 213.753,
                                            "Actual Total Time": 1390.766,
                                            "Actual Rows": 1652508,
                                            "Actual Loops": 1
                                        },
                                        {
                                            "Worker Number": 5,
                                            "Actual Startup Time": 214.143,
                                            "Actual Total Time": 1390.752,
                                            "Actual Rows": 1684437,
                                            "Actual Loops": 1
                                        }
                                    ],
                                    "Plans": [
                                        {
                                            "Node Type": "Seq Scan",
                                            "Parent Relationship": "Outer",
                                            "Parallel Aware": true,
                                            "Relation Name": "cast_info",
                                            "Schema": "public",
                                            "Alias": "ci",
                                            "Startup Cost": 0.0,
                                            "Total Cost": 328213.62,
                                            "Plan Rows": 4040573,
                                            "Plan Width": 4,
                                            "Actual Startup Time": 0.028,
                                            "Actual Total Time": 601.632,
                                            "Actual Rows": 3447243,
                                            "Actual Loops": 7,
                                            "Output": [
                                                "ci.id",
                                                "ci.person_id",
                                                "ci.movie_id",
                                                "ci.person_role_id",
                                                "ci.note",
                                                "ci.nr_order",
                                                "ci.role_id"
                                            ],
                                            "Filter": "(ci.role_id < 4)",
                                            "Rows Removed by Filter": 1730521,
                                            "Workers": [
                                                {
                                                    "Worker Number": 0,
                                                    "Actual Startup Time": 0.031,
                                                    "Actual Total Time": 601.607,
                                                    "Actual Rows": 3371099,
                                                    "Actual Loops": 1
                                                },
                                                {
                                                    "Worker Number": 1,
                                                    "Actual Startup Time": 0.035,
                                                    "Actual Total Time": 612.675,
                                                    "Actual Rows": 3439180,
                                                    "Actual Loops": 1
                                                },
                                                {
                                                    "Worker Number": 2,
                                                    "Actual Startup Time": 0.028,
                                                    "Actual Total Time": 612.195,
                                                    "Actual Rows": 3441073,
                                                    "Actual Loops": 1
                                                },
                                                {
                                                    "Worker Number": 3,
                                                    "Actual Startup Time": 0.028,
                                                    "Actual Total Time": 603.226,
                                                    "Actual Rows": 3339179,
                                                    "Actual Loops": 1
                                                },
                                                {
                                                    "Worker Number": 4,
                                                    "Actual Startup Time": 0.029,
                                                    "Actual Total Time": 599.606,
                                                    "Actual Rows": 3343174,
                                                    "Actual Loops": 1
                                                },
                                                {
                                                    "Worker Number": 5,
                                                    "Actual Startup Time": 0.031,
                                                    "Actual Total Time": 610.271,
                                                    "Actual Rows": 3417764,
                                                    "Actual Loops": 1
                                                }
                                            ]
                                        },
                                        {
                                            "Node Type": "Hash",
                                            "Parent Relationship": "Inner",
                                            "Parallel Aware": true,
                                            "Startup Cost": 62130.48,
                                            "Total Cost": 62130.48,
                                            "Plan Rows": 221018,
                                            "Plan Width": 8,
                                            "Actual Startup Time": 212.56,
                                            "Actual Total Time": 212.564,
                                            "Actual Rows": 92839,
                                            "Actual Loops": 7,
                                            "Output": [
                                                "t.id",
                                                "mi_idx.movie_id"
                                            ],
                                            "Hash Buckets": 1048576,
                                            "Original Hash Buckets": 1048576,
                                            "Hash Batches": 1,
                                            "Original Hash Batches": 1,
                                            "Peak Memory Usage": 33696,
                                            "Workers": [
                                                {
                                                    "Worker Number": 0,
                                                    "Actual Startup Time": 211.702,
                                                    "Actual Total Time": 211.706,
                                                    "Actual Rows": 91329,
                                                    "Actual Loops": 1
                                                },
                                                {
                                                    "Worker Number": 1,
                                                    "Actual Startup Time": 212.159,
                                                    "Actual Total Time": 212.162,
                                                    "Actual Rows": 92081,
                                                    "Actual Loops": 1
                                                },
                                                {
                                                    "Worker Number": 2,
                                                    "Actual Startup Time": 212.332,
                                                    "Actual Total Time": 212.335,
                                                    "Actual Rows": 93147,
                                                    "Actual Loops": 1
                                                },
                                                {
                                                    "Worker Number": 3,
                                                    "Actual Startup Time": 212.838,
                                                    "Actual Total Time": 212.841,
                                                    "Actual Rows": 90772,
                                                    "Actual Loops": 1
                                                },
                                                {
                                                    "Worker Number": 4,
                                                    "Actual Startup Time": 212.998,
                                                    "Actual Total Time": 213.002,
                                                    "Actual Rows": 89377,
                                                    "Actual Loops": 1
                                                },
                                                {
                                                    "Worker Number": 5,
                                                    "Actual Startup Time": 213.342,
                                                    "Actual Total Time": 213.345,
                                                    "Actual Rows": 92836,
                                                    "Actual Loops": 1
                                                }
                                            ],
                                            "Plans": [
                                                {
                                                    "Node Type": "Hash Join",
                                                    "Parent Relationship": "Outer",
                                                    "Parallel Aware": true,
                                                    "Join Type": "Inner",
                                                    "Startup Cost": 46935.92,
                                                    "Total Cost": 62130.48,
                                                    "Plan Rows": 221018,
                                                    "Plan Width": 8,
                                                    "Actual Startup Time": 130.058,
                                                    "Actual Total Time": 186.854,
                                                    "Actual Rows": 92839,
                                                    "Actual Loops": 7,
                                                    "Output": [
                                                        "t.id",
                                                        "mi_idx.movie_id"
                                                    ],
                                                    "Inner Unique": true,
                                                    "Hash Cond": "(mi_idx.movie_id = t.id)",
                                                    "Workers": [
                                                        {
                                                            "Worker Number": 0,
                                                            "Actual Startup Time": 129.387,
                                                            "Actual Total Time": 186.625,
                                                            "Actual Rows": 91329,
                                                            "Actual Loops": 1
                                                        },
                                                        {
                                                            "Worker Number": 1,
                                                            "Actual Startup Time": 130.019,
                                                            "Actual Total Time": 186.616,
                                                            "Actual Rows": 92081,
                                                            "Actual Loops": 1
                                                        },
                                                        {
                                                            "Worker Number": 2,
                                                            "Actual Startup Time": 130.014,
                                                            "Actual Total Time": 186.646,
                                                            "Actual Rows": 93147,
                                                            "Actual Loops": 1
                                                        },
                                                        {
                                                            "Worker Number": 3,
                                                            "Actual Startup Time": 130.115,
                                                            "Actual Total Time": 187.048,
                                                            "Actual Rows": 90772,
                                                            "Actual Loops": 1
                                                        },
                                                        {
                                                            "Worker Number": 4,
                                                            "Actual Startup Time": 130.191,
                                                            "Actual Total Time": 186.966,
                                                            "Actual Rows": 89377,
                                                            "Actual Loops": 1
                                                        },
                                                        {
                                                            "Worker Number": 5,
                                                            "Actual Startup Time": 130.176,
                                                            "Actual Total Time": 186.987,
                                                            "Actual Rows": 92836,
                                                            "Actual Loops": 1
                                                        }
                                                    ],
                                                    "Plans": [
                                                        {
                                                            "Node Type": "Seq Scan",
                                                            "Parent Relationship": "Outer",
                                                            "Parallel Aware": true,
                                                            "Relation Name": "movie_info_idx",
                                                            "Schema": "public",
                                                            "Alias": "mi_idx",
                                                            "Startup Cost": 0.0,
                                                            "Total Cost": 13685.15,
                                                            "Plan Rows": 575015,
                                                            "Plan Width": 4,
                                                            "Actual Startup Time": 0.025,
                                                            "Actual Total Time": 18.007,
                                                            "Actual Rows": 197148,
                                                            "Actual Loops": 7,
                                                            "Output": [
                                                                "mi_idx.id",
                                                                "mi_idx.movie_id",
                                                                "mi_idx.info_type_id",
                                                                "mi_idx.info",
                                                                "mi_idx.note"
                                                            ],
                                                            "Workers": [
                                                                {
                                                                    "Worker Number": 0,
                                                                    "Actual Startup Time": 0.028,
                                                                    "Actual Total Time": 18.557,
                                                                    "Actual Rows": 194032,
                                                                    "Actual Loops": 1
                                                                },
                                                                {
                                                                    "Worker Number": 1,
                                                                    "Actual Startup Time": 0.028,
                                                                    "Actual Total Time": 18.537,
                                                                    "Actual Rows": 195490,
                                                                    "Actual Loops": 1
                                                                },
                                                                {
                                                                    "Worker Number": 2,
                                                                    "Actual Startup Time": 0.03,
                                                                    "Actual Total Time": 18.451,
                                                                    "Actual Rows": 194802,
                                                                    "Actual Loops": 1
                                                                },
                                                                {
                                                                    "Worker Number": 3,
                                                                    "Actual Startup Time": 0.026,
                                                                    "Actual Total Time": 18.597,
                                                                    "Actual Rows": 193565,
                                                                    "Actual Loops": 1
                                                                },
                                                                {
                                                                    "Worker Number": 4,
                                                                    "Actual Startup Time": 0.029,
                                                                    "Actual Total Time": 18.606,
                                                                    "Actual Rows": 192366,
                                                                    "Actual Loops": 1
                                                                },
                                                                {
                                                                    "Worker Number": 5,
                                                                    "Actual Startup Time": 0.026,
                                                                    "Actual Total Time": 18.474,
                                                                    "Actual Rows": 194631,
                                                                    "Actual Loops": 1
                                                                }
                                                            ]
                                                        },
                                                        {
                                                            "Node Type": "Hash",
                                                            "Parent Relationship": "Inner",
                                                            "Parallel Aware": true,
                                                            "Startup Cost": 43899.01,
                                                            "Total Cost": 43899.01,
                                                            "Plan Rows": 242953,
                                                            "Plan Width": 4,
                                                            "Actual Startup Time": 128.833,
                                                            "Actual Total Time": 128.834,
                                                            "Actual Rows": 138741,
                                                            "Actual Loops": 7,
                                                            "Output": [
                                                                "t.id"
                                                            ],
                                                            "Hash Buckets": 1048576,
                                                            "Original Hash Buckets": 1048576,
                                                            "Hash Batches": 1,
                                                            "Original Hash Batches": 1,
                                                            "Peak Memory Usage": 46272,
                                                            "Workers": [
                                                                {
                                                                    "Worker Number": 0,
                                                                    "Actual Startup Time": 129.113,
                                                                    "Actual Total Time": 129.114,
                                                                    "Actual Rows": 125673,
                                                                    "Actual Loops": 1
                                                                },
                                                                {
                                                                    "Worker Number": 1,
                                                                    "Actual Startup Time": 129.578,
                                                                    "Actual Total Time": 129.58,
                                                                    "Actual Rows": 128128,
                                                                    "Actual Loops": 1
                                                                },
                                                                {
                                                                    "Worker Number": 2,
                                                                    "Actual Startup Time": 129.736,
                                                                    "Actual Total Time": 129.737,
                                                                    "Actual Rows": 126640,
                                                                    "Actual Loops": 1
                                                                },
                                                                {
                                                                    "Worker Number": 3,
                                                                    "Actual Startup Time": 129.92,
                                                                    "Actual Total Time": 129.921,
                                                                    "Actual Rows": 123795,
                                                                    "Actual Loops": 1
                                                                },
                                                                {
                                                                    "Worker Number": 4,
                                                                    "Actual Startup Time": 129.911,
                                                                    "Actual Total Time": 129.913,
                                                                    "Actual Rows": 124052,
                                                                    "Actual Loops": 1
                                                                },
                                                                {
                                                                    "Worker Number": 5,
                                                                    "Actual Startup Time": 129.856,
                                                                    "Actual Total Time": 129.858,
                                                                    "Actual Rows": 129104,
                                                                    "Actual Loops": 1
                                                                }
                                                            ],
                                                            "Plans": [
                                                                {
                                                                    "Node Type": "Seq Scan",
                                                                    "Parent Relationship": "Outer",
                                                                    "Parallel Aware": true,
                                                                    "Relation Name": "title",
                                                                    "Schema": "public",
                                                                    "Alias": "t",
                                                                    "Startup Cost": 0.0,
                                                                    "Total Cost": 43899.01,
                                                                    "Plan Rows": 242953,
                                                                    "Plan Width": 4,
                                                                    "Actual Startup Time": 0.051,
                                                                    "Actual Total Time": 72.098,
                                                                    "Actual Rows": 138741,
                                                                    "Actual Loops": 7,
                                                                    "Output": [
                                                                        "t.id"
                                                                    ],
                                                                    "Filter": "(t.production_year < 1999)",
                                                                    "Rows Removed by Filter": 222446,
                                                                    "Workers": [
                                                                        {
                                                                            "Worker Number": 0,
                                                                            "Actual Startup Time": 0.058,
                                                                            "Actual Total Time": 72.951,
                                                                            "Actual Rows": 125673,
                                                                            "Actual Loops": 1
                                                                        },
                                                                        {
                                                                            "Worker Number": 1,
                                                                            "Actual Startup Time": 0.061,
                                                                            "Actual Total Time": 74.45,
                                                                            "Actual Rows": 128128,
                                                                            "Actual Loops": 1
                                                                        },
                                                                        {
                                                                            "Worker Number": 2,
                                                                            "Actual Startup Time": 0.052,
                                                                            "Actual Total Time": 74.355,
                                                                            "Actual Rows": 126640,
                                                                            "Actual Loops": 1
                                                                        },
                                                                        {
                                                                            "Worker Number": 3,
                                                                            "Actual Startup Time": 0.071,
                                                                            "Actual Total Time": 72.439,
                                                                            "Actual Rows": 123795,
                                                                            "Actual Loops": 1
                                                                        },
                                                                        {
                                                                            "Worker Number": 4,
                                                                            "Actual Startup Time": 0.053,
                                                                            "Actual Total Time": 72.603,
                                                                            "Actual Rows": 124052,
                                                                            "Actual Loops": 1
                                                                        },
                                                                        {
                                                                            "Worker Number": 5,
                                                                            "Actual Startup Time": 0.05,
                                                                            "Actual Total Time": 74.541,
                                                                            "Actual Rows": 129104,
                                                                            "Actual Loops": 1
                                                                        }
                                                                    ]
                                                                }
                                                            ]
                                                        }
                                                    ]
                                                }
                                            ]
                                        }
                                    ]
                                }
                            ]
                        }
                    ]
                }
            ]
        },
        "Planning Time": 209.614,
        "Triggers": [],
        "Execution Time": 1514.451
    }
]