[
  {
    "Plan": {
      "Node Type": "Aggregate",
      "Strategy": "Plain",
      "Partial Mode": "Finalize",
      "Parallel Aware": false,
      "Startup Cost": 455090.83,
      "Total Cost": 455090.84,
      "Plan Rows": 1,
      "Plan Width": 8,
      "Actual Startup Time": 2180.931,
      "Actual Total Time": 2235.547,
      "Actual Rows": 1,
      "Actual Loops": 1,
      "Plans": [
        {
          "Node Type": "Gather",
          "Parent Relationship": "Outer",
          "Parallel Aware": false,
          "Startup Cost": 455090.2,
          "Total Cost": 455090.81,
          "Plan Rows": 6,
          "Plan Width": 8,
          "Actual Startup Time": 2147.56,
          "Actual Total Time": 2235.53,
          "Actual Rows": 7,
          "Actual Loops": 1,
          "Workers Planned": 6,
          "Workers Launched": 6,
          "Single Copy": false,
          "Plans": [
            {
              "Node Type": "Aggregate",
              "Strategy": "Plain",
              "Partial Mode": "Partial",
              "Parent Relationship": "Outer",
              "Parallel Aware": false,
              "Startup Cost": 454090.2,
              "Total Cost": 454090.21,
              "Plan Rows": 1,
              "Plan Width": 8,
              "Actual Startup Time": 2132.012,
              "Actual Total Time": 2132.864,
              "Actual Rows": 1,
              "Actual Loops": 7,
              "Plans": [
                {
                  "Node Type": "Hash Join",
                  "Parent Relationship": "Outer",
                  "Parallel Aware": true,
                  "Join Type": "Inner",
                  "Startup Cost": 91098.56,
                  "Total Cost": 449032.28,
                  "Plan Rows": 2023169,
                  "Plan Width": 0,
                  "Actual Startup Time": 973.445,
                  "Actual Total Time": 2004.947,
                  "Actual Rows": 2803682,
                  "Actual Loops": 7,
                  "Inner Unique": false,
                  "Hash Cond": "(ci.movie_id = t.id)",
                  "Plans": [
                    {
                      "Node Type": "Seq Scan",
                      "Parent Relationship": "Outer",
                      "Parallel Aware": true,
                      "Relation Name": "cast_info",
                      "Alias": "ci",
                      "Startup Cost": 0.0,
                      "Total Cost": 343316.27,
                      "Plan Rows": 2157627,
                      "Plan Width": 4,
                      "Actual Startup Time": 341.997,
                      "Actual Total Time": 651.734,
                      "Actual Rows": 1317285,
                      "Actual Loops": 7,
                      "Filter": "((person_id < 2973971) AND (role_id > 2))",
                      "Rows Removed by Filter": 3860478
                    },
                    {
                      "Node Type": "Hash",
                      "Parent Relationship": "Inner",
                      "Parallel Aware": true,
                      "Startup Cost": 81538.65,
                      "Total Cost": 81538.65,
                      "Plan Rows": 764793,
                      "Plan Width": 8,
                      "Actual Startup Time": 625.933,
                      "Actual Total Time": 626.783,
                      "Actual Rows": 339125,
                      "Actual Loops": 7,
                      "Hash Buckets": 4194304,
                      "Original Hash Buckets": 4194304,
                      "Hash Batches": 1,
                      "Original Hash Batches": 1,
                      "Peak Memory Usage": 125696,
                      "Plans": [
                        {
                          "Node Type": "Hash Join",
                          "Parent Relationship": "Outer",
                          "Parallel Aware": true,
                          "Join Type": "Inner",
                          "Startup Cost": 50220.38,
                          "Total Cost": 81538.65,
                          "Plan Rows": 764793,
                          "Plan Width": 8,
                          "Actual Startup Time": 280.279,
                          "Actual Total Time": 472.346,
                          "Actual Rows": 339125,
                          "Actual Loops": 7,
                          "Inner Unique": true,
                          "Hash Cond": "(mc.movie_id = t.id)",
                          "Plans": [
                            {
                              "Node Type": "Seq Scan",
                              "Parent Relationship": "Outer",
                              "Parallel Aware": true,
                              "Relation Name": "movie_companies",
                              "Alias": "mc",
                              "Startup Cost": 0.0,
                              "Total Cost": 29310.68,
                              "Plan Rows": 764793,
                              "Plan Width": 4,
                              "Actual Startup Time": 0.016,
                              "Actual Total Time": 55.794,
                              "Actual Rows": 339125,
                              "Actual Loops": 7,
                              "Filter": "(company_id < 104098)",
                              "Rows Removed by Filter": 33607
                            },
                            {
                              "Node Type": "Hash",
                              "Parent Relationship": "Inner",
                              "Parallel Aware": true,
                              "Startup Cost": 42319.06,
                              "Total Cost": 42319.06,
                              "Plan Rows": 632106,
                              "Plan Width": 4,
                              "Actual Startup Time": 275.976,
                              "Actual Total Time": 275.978,
                              "Actual Rows": 361187,
                              "Actual Loops": 7,
                              "Hash Buckets": 4194304,
                              "Original Hash Buckets": 4194304,
                              "Hash Batches": 1,
                              "Original Hash Batches": 1,
                              "Peak Memory Usage": 131808,
                              "Plans": [
                                {
                                  "Node Type": "Seq Scan",
                                  "Parent Relationship": "Outer",
                                  "Parallel Aware": true,
                                  "Relation Name": "title",
                                  "Alias": "t",
                                  "Startup Cost": 0.0,
                                  "Total Cost": 42319.06,
                                  "Plan Rows": 632106,
                                  "Plan Width": 4,
                                  "Actual Startup Time": 0.061,
                                  "Actual Total Time": 77.551,
                                  "Actual Rows": 361187,
                                  "Actual Loops": 7
                                }
                              ]
                            }
                          ]
                        }
                      ]
                    }
                  ]
                }
              ]
            }
          ]
        }
      ]
    },
    "Planning Time": 1.11,
    "Triggers": [],
    "Execution Time": 2235.606
  }
]