{
  "Plan": {
    "Node Type": "Aggregate",
    "Strategy": "Plain",
    "Partial Mode": "Finalize",
    "Parallel Aware": false,
    "Startup Cost": 107858.47,
    "Total Cost": 107858.48,
    "Plan Rows": 1,
    "Plan Width": 8,
    "Actual Startup Time": 544.634,
    "Actual Total Time": 557.58,
    "Actual Rows": 1,
    "Actual Loops": 1,
    "Plans": [
      {
        "Node Type": "Gather",
        "Parent Relationship": "Outer",
        "Parallel Aware": false,
        "Startup Cost": 107858.35,
        "Total Cost": 107858.46,
        "Plan Rows": 1,
        "Plan Width": 8,
        "Actual Startup Time": 542.872,
        "Actual Total Time": 557.574,
        "Actual Rows": 2,
        "Actual Loops": 1,
        "Workers Planned": 1,
        "Workers Launched": 1,
        "Single Copy": false,
        "Plans": [
          {
            "Node Type": "Aggregate",
            "Strategy": "Plain",
            "Partial Mode": "Partial",
            "Parent Relationship": "Outer",
            "Parallel Aware": false,
            "Startup Cost": 106858.35,
            "Total Cost": 106858.36,
            "Plan Rows": 1,
            "Plan Width": 8,
            "Actual Startup Time": 539.135,
            "Actual Total Time": 539.138,
            "Actual Rows": 1,
            "Actual Loops": 2,
            "Plans": [
              {
                "Node Type": "Hash Join",
                "Parent Relationship": "Outer",
                "Parallel Aware": true,
                "Join Type": "Inner",
                "Startup Cost": 45227.4,
                "Total Cost": 106443.1,
                "Plan Rows": 166102,
                "Plan Width": 0,
                "Actual Startup Time": 221.241,
                "Actual Total Time": 534.763,
                "Actual Rows": 97614,
                "Actual Loops": 2,
                "Inner Unique": false,
                "Hash Cond": "(t.id = mc.movie_id)",
                "Plans": [
                  {
                    "Node Type": "Seq Scan",
                    "Parent Relationship": "Outer",
                    "Parallel Aware": true,
                    "Relation Name": "title",
                    "Alias": "t",
                    "Startup Cost": 0.0,
                    "Total Cost": 54588.39,
                    "Plan Rows": 904038,
                    "Plan Width": 4,
                    "Actual Startup Time": 0.01,
                    "Actual Total Time": 131.577,
                    "Actual Rows": 771632,
                    "Actual Loops": 2,
                    "Filter": "(kind_id = 7)",
                    "Rows Removed by Filter": 492524
                  },
                  {
                    "Node Type": "Hash",
                    "Parent Relationship": "Inner",
                    "Parallel Aware": true,
                    "Startup Cost": 41811.73,
                    "Total Cost": 41811.73,
                    "Plan Rows": 273254,
                    "Plan Width": 4,
                    "Actual Startup Time": 215.579,
                    "Actual Total Time": 215.58,
                    "Actual Rows": 394882,
                    "Actual Loops": 2,
                    "Hash Buckets": 1048576,
                    "Original Hash Buckets": 524288,
                    "Hash Batches": 1,
                    "Original Hash Batches": 1,
                    "Peak Memory Usage": 43200,
                    "Plans": [
                      {
                        "Node Type": "Seq Scan",
                        "Parent Relationship": "Outer",
                        "Parallel Aware": true,
                        "Relation Name": "movie_companies",
                        "Alias": "mc",
                        "Startup Cost": 0.0,
                        "Total Cost": 41811.73,
                        "Plan Rows": 273254,
                        "Plan Width": 4,
                        "Actual Startup Time": 61.7,
                        "Actual Total Time": 129.123,
                        "Actual Rows": 394882,
                        "Actual Loops": 2,
                        "Filter": "((company_id > 19778) AND (company_type_id = 2))",
                        "Rows Removed by Filter": 909682
                      }
                    ]
                  }
                ]
              }
            ]
          }
        ]
      }
    ]
  },
  "Planning Time": 0.727,
  "Triggers": [],
  "Execution Time": 557.649
}