{
  "Plan": {
    "Node Type": "Aggregate",
    "Strategy": "Plain",
    "Partial Mode": "Finalize",
    "Parallel Aware": false,
    "Startup Cost": 531014.28,
    "Total Cost": 531014.29,
    "Plan Rows": 1,
    "Plan Width": 8,
    "Actual Startup Time": 2171.995,
    "Actual Total Time": 2213.48,
    "Actual Rows": 1,
    "Actual Loops": 1,
    "Plans": [
      {
        "Node Type": "Gather",
        "Parent Relationship": "Outer",
        "Parallel Aware": false,
        "Startup Cost": 531014.17,
        "Total Cost": 531014.28,
        "Plan Rows": 1,
        "Plan Width": 8,
        "Actual Startup Time": 2169.726,
        "Actual Total Time": 2213.472,
        "Actual Rows": 2,
        "Actual Loops": 1,
        "Workers Planned": 1,
        "Workers Launched": 1,
        "Single Copy": false,
        "Plans": [
          {
            "Node Type": "Aggregate",
            "Strategy": "Plain",
            "Partial Mode": "Partial",
            "Parent Relationship": "Outer",
            "Parallel Aware": false,
            "Startup Cost": 530014.17,
            "Total Cost": 530014.18,
            "Plan Rows": 1,
            "Plan Width": 8,
            "Actual Startup Time": 2163.386,
            "Actual Total Time": 2163.392,
            "Actual Rows": 1,
            "Actual Loops": 2,
            "Plans": [
              {
                "Node Type": "Hash Join",
                "Parent Relationship": "Outer",
                "Parallel Aware": true,
                "Join Type": "Inner",
                "Startup Cost": 117620.64,
                "Total Cost": 528030.66,
                "Plan Rows": 793404,
                "Plan Width": 0,
                "Actual Startup Time": 511.302,
                "Actual Total Time": 2100.193,
                "Actual Rows": 1601391,
                "Actual Loops": 2,
                "Inner Unique": false,
                "Hash Cond": "(ci.movie_id = t.id)",
                "Plans": [
                  {
                    "Node Type": "Index Scan",
                    "Parent Relationship": "Outer",
                    "Parallel Aware": true,
                    "Scan Direction": "Forward",
                    "Index Name": "role_id_cast_info",
                    "Relation Name": "cast_info",
                    "Alias": "ci",
                    "Startup Cost": 0.56,
                    "Total Cost": 378519.23,
                    "Plan Rows": 7259809,
                    "Plan Width": 4,
                    "Actual Startup Time": 0.103,
                    "Actual Total Time": 784.305,
                    "Actual Rows": 6056823,
                    "Actual Loops": 2,
                    "Index Cond": "(role_id > 3)",
                    "Rows Removed by Index Recheck": 0
                  },
                  {
                    "Node Type": "Hash",
                    "Parent Relationship": "Inner",
                    "Parallel Aware": true,
                    "Startup Cost": 115588.39,
                    "Total Cost": 115588.39,
                    "Plan Rows": 162535,
                    "Plan Width": 8,
                    "Actual Startup Time": 505.412,
                    "Actual Total Time": 505.416,
                    "Actual Rows": 73104,
                    "Actual Loops": 2,
                    "Hash Buckets": 524288,
                    "Original Hash Buckets": 524288,
                    "Hash Batches": 1,
                    "Original Hash Batches": 1,
                    "Peak Memory Usage": 9856,
                    "Plans": [
                      {
                        "Node Type": "Hash Join",
                        "Parent Relationship": "Outer",
                        "Parallel Aware": true,
                        "Join Type": "Inner",
                        "Startup Cost": 81779.09,
                        "Total Cost": 115588.39,
                        "Plan Rows": 162535,
                        "Plan Width": 8,
                        "Actual Startup Time": 308.814,
                        "Actual Total Time": 489.362,
                        "Actual Rows": 73104,
                        "Actual Loops": 2,
                        "Inner Unique": true,
                        "Hash Cond": "(mk.movie_id = t.id)",
                        "Plans": [
                          {
                            "Node Type": "Bitmap Heap Scan",
                            "Parent Relationship": "Outer",
                            "Parallel Aware": true,
                            "Relation Name": "movie_keyword",
                            "Alias": "mk",
                            "Startup Cost": 22305.6,
                            "Total Cost": 54491.25,
                            "Plan Rows": 618532,
                            "Plan Width": 4,
                            "Actual Startup Time": 61.257,
                            "Actual Total Time": 154.787,
                            "Actual Rows": 530558,
                            "Actual Loops": 2,
                            "Recheck Cond": "(keyword_id < 1060)",
                            "Rows Removed by Index Recheck": 0,
                            "Exact Heap Blocks": 13799,
                            "Lossy Heap Blocks": 0,
                            "Plans": [
                              {
                                "Node Type": "Bitmap Index Scan",
                                "Parent Relationship": "Outer",
                                "Parallel Aware": false,
                                "Index Name": "keyword_id_movie_keyword",
                                "Startup Cost": 0.0,
                                "Total Cost": 22042.72,
                                "Plan Rows": 1051505,
                                "Plan Width": 0,
                                "Actual Startup Time": 57.613,
                                "Actual Total Time": 57.613,
                                "Actual Rows": 1061117,
                                "Actual Loops": 1,
                                "Index Cond": "(keyword_id < 1060)"
                              }
                            ]
                          },
                          {
                            "Node Type": "Hash",
                            "Parent Relationship": "Inner",
                            "Parallel Aware": true,
                            "Startup Cost": 54588.39,
                            "Total Cost": 54588.39,
                            "Plan Rows": 390808,
                            "Plan Width": 4,
                            "Actual Startup Time": 240.811,
                            "Actual Total Time": 240.812,
                            "Actual Rows": 331032,
                            "Actual Loops": 2,
                            "Hash Buckets": 1048576,
                            "Original Hash Buckets": 1048576,
                            "Hash Batches": 1,
                            "Original Hash Batches": 1,
                            "Peak Memory Usage": 34112,
                            "Plans": [
                              {
                                "Node Type": "Seq Scan",
                                "Parent Relationship": "Outer",
                                "Parallel Aware": true,
                                "Relation Name": "title",
                                "Alias": "t",
                                "Startup Cost": 0.0,
                                "Total Cost": 54588.39,
                                "Plan Rows": 390808,
                                "Plan Width": 4,
                                "Actual Startup Time": 0.037,
                                "Actual Total Time": 148.599,
                                "Actual Rows": 331032,
                                "Actual Loops": 2,
                                "Filter": "(production_year > 2008)",
                                "Rows Removed by Filter": 933124
                              }
                            ]
                          }
                        ]
                      }
                    ]
                  }
                ]
              }
            ]
          }
        ]
      }
    ]
  },
  "Planning Time": 0.929,
  "Triggers": [],
  "Execution Time": 2213.593
}