{
  "Plan": {
    "Node Type": "Aggregate",
    "Strategy": "Plain",
    "Partial Mode": "Finalize",
    "Parallel Aware": false,
    "Startup Cost": 342445.89,
    "Total Cost": 342445.9,
    "Plan Rows": 1,
    "Plan Width": 8,
    "Actual Startup Time": 3127.138,
    "Actual Total Time": 3146.948,
    "Actual Rows": 1,
    "Actual Loops": 1,
    "Plans": [
      {
        "Node Type": "Gather",
        "Parent Relationship": "Outer",
        "Parallel Aware": false,
        "Startup Cost": 342445.78,
        "Total Cost": 342445.89,
        "Plan Rows": 1,
        "Plan Width": 8,
        "Actual Startup Time": 3124.505,
        "Actual Total Time": 3146.941,
        "Actual Rows": 2,
        "Actual Loops": 1,
        "Workers Planned": 1,
        "Workers Launched": 1,
        "Single Copy": false,
        "Plans": [
          {
            "Node Type": "Aggregate",
            "Strategy": "Plain",
            "Partial Mode": "Partial",
            "Parent Relationship": "Outer",
            "Parallel Aware": false,
            "Startup Cost": 341445.78,
            "Total Cost": 341445.79,
            "Plan Rows": 1,
            "Plan Width": 8,
            "Actual Startup Time": 3119.474,
            "Actual Total Time": 3119.478,
            "Actual Rows": 1,
            "Actual Loops": 2,
            "Plans": [
              {
                "Node Type": "Nested Loop",
                "Parent Relationship": "Outer",
                "Parallel Aware": false,
                "Join Type": "Inner",
                "Startup Cost": 61878.73,
                "Total Cost": 340588.85,
                "Plan Rows": 342772,
                "Plan Width": 0,
                "Actual Startup Time": 265.894,
                "Actual Total Time": 2887.175,
                "Actual Rows": 5325126,
                "Actual Loops": 2,
                "Inner Unique": false,
                "Join Filter": "(t.id = mc.movie_id)",
                "Rows Removed by Join Filter": 0,
                "Plans": [
                  {
                    "Node Type": "Hash Join",
                    "Parent Relationship": "Outer",
                    "Parallel Aware": true,
                    "Join Type": "Inner",
                    "Startup Cost": 61878.3,
                    "Total Cost": 121819.97,
                    "Plan Rows": 332152,
                    "Plan Width": 8,
                    "Actual Startup Time": 265.832,
                    "Actual Total Time": 613.015,
                    "Actual Rows": 610767,
                    "Actual Loops": 2,
                    "Inner Unique": true,
                    "Hash Cond": "(mk.movie_id = t.id)",
                    "Plans": [
                      {
                        "Node Type": "Seq Scan",
                        "Parent Relationship": "Outer",
                        "Parallel Aware": true,
                        "Relation Name": "movie_keyword",
                        "Alias": "mk",
                        "Startup Cost": 0.0,
                        "Total Cost": 57718.19,
                        "Plan Rows": 847038,
                        "Plan Width": 4,
                        "Actual Startup Time": 1.088,
                        "Actual Total Time": 184.724,
                        "Actual Rows": 723200,
                        "Actual Loops": 2,
                        "Filter": "(keyword_id > 11549)",
                        "Rows Removed by Filter": 1538765
                      },
                      {
                        "Node Type": "Hash",
                        "Parent Relationship": "Inner",
                        "Parallel Aware": true,
                        "Startup Cost": 54588.39,
                        "Total Cost": 54588.39,
                        "Plan Rows": 583193,
                        "Plan Width": 4,
                        "Actual Startup Time": 256.242,
                        "Actual Total Time": 256.243,
                        "Actual Rows": 492524,
                        "Actual Loops": 2,
                        "Hash Buckets": 1048576,
                        "Original Hash Buckets": 1048576,
                        "Hash Batches": 1,
                        "Original Hash Batches": 1,
                        "Peak Memory Usage": 46784,
                        "Plans": [
                          {
                            "Node Type": "Seq Scan",
                            "Parent Relationship": "Outer",
                            "Parallel Aware": true,
                            "Relation Name": "title",
                            "Alias": "t",
                            "Startup Cost": 0.0,
                            "Total Cost": 54588.39,
                            "Plan Rows": 583193,
                            "Plan Width": 4,
                            "Actual Startup Time": 0.033,
                            "Actual Total Time": 144.372,
                            "Actual Rows": 492524,
                            "Actual Loops": 2,
                            "Filter": "(kind_id < 7)",
                            "Rows Removed by Filter": 771632
                          }
                        ]
                      }
                    ]
                  },
                  {
                    "Node Type": "Index Only Scan",
                    "Parent Relationship": "Inner",
                    "Parallel Aware": false,
                    "Scan Direction": "Forward",
                    "Index Name": "movie_id_movie_companies",
                    "Relation Name": "movie_companies",
                    "Alias": "mc",
                    "Startup Cost": 0.43,
                    "Total Cost": 0.6,
                    "Plan Rows": 5,
                    "Plan Width": 4,
                    "Actual Startup Time": 0.001,
                    "Actual Total Time": 0.003,
                    "Actual Rows": 9,
                    "Actual Loops": 1221534,
                    "Index Cond": "(movie_id = mk.movie_id)",
                    "Rows Removed by Index Recheck": 0,
                    "Heap Fetches": 10650252
                  }
                ]
              }
            ]
          }
        ]
      }
    ]
  },
  "Planning Time": 1.029,
  "Triggers": [],
  "Execution Time": 3147.032
}