[
  {
    "Plan": {
      "Node Type": "Aggregate",
      "Strategy": "Plain",
      "Partial Mode": "Finalize",
      "Parallel Aware": false,
      "Startup Cost": 355772.31,
      "Total Cost": 355772.32,
      "Plan Rows": 1,
      "Plan Width": 8,
      "Actual Startup Time": 518.166,
      "Actual Total Time": 535.198,
      "Actual Rows": 1,
      "Actual Loops": 1,
      "Plans": [
        {
          "Node Type": "Gather",
          "Parent Relationship": "Outer",
          "Parallel Aware": false,
          "Startup Cost": 355771.69,
          "Total Cost": 355772.3,
          "Plan Rows": 6,
          "Plan Width": 8,
          "Actual Startup Time": 502.401,
          "Actual Total Time": 535.181,
          "Actual Rows": 7,
          "Actual Loops": 1,
          "Workers Planned": 6,
          "Workers Launched": 6,
          "Single Copy": false,
          "Plans": [
            {
              "Node Type": "Aggregate",
              "Strategy": "Plain",
              "Partial Mode": "Partial",
              "Parent Relationship": "Outer",
              "Parallel Aware": false,
              "Startup Cost": 354771.69,
              "Total Cost": 354771.7,
              "Plan Rows": 1,
              "Plan Width": 8,
              "Actual Startup Time": 492.284,
              "Actual Total Time": 492.289,
              "Actual Rows": 1,
              "Actual Loops": 7,
              "Plans": [
                {
                  "Node Type": "Hash Join",
                  "Parent Relationship": "Outer",
                  "Parallel Aware": true,
                  "Join Type": "Inner",
                  "Startup Cost": 95829.99,
                  "Total Cost": 354352.49,
                  "Plan Rows": 167679,
                  "Plan Width": 0,
                  "Actual Startup Time": 273.564,
                  "Actual Total Time": 480.885,
                  "Actual Rows": 219562,
                  "Actual Loops": 7,
                  "Inner Unique": true,
                  "Hash Cond": "(ci.movie_id = t.id)",
                  "Plans": [
                    {
                      "Node Type": "Bitmap Heap Scan",
                      "Parent Relationship": "Outer",
                      "Parallel Aware": true,
                      "Relation Name": "cast_info",
                      "Alias": "ci",
                      "Startup Cost": 46092.38,
                      "Total Cost": 304019.19,
                      "Plan Rows": 226930,
                      "Plan Width": 4,
                      "Actual Startup Time": 68.984,
                      "Actual Total Time": 149.978,
                      "Actual Rows": 289181,
                      "Actual Loops": 7,
                      "Recheck Cond": "(person_id > 3664792)",
                      "Rows Removed by Index Recheck": 0,
                      "Filter": "(role_id > 1)",
                      "Rows Removed by Filter": 0,
                      "Exact Heap Blocks": 5651,
                      "Lossy Heap Blocks": 0,
                      "Plans": [
                        {
                          "Node Type": "Bitmap Index Scan",
                          "Parent Relationship": "Outer",
                          "Parallel Aware": false,
                          "Index Name": "person_id_cast_info",
                          "Startup Cost": 0.0,
                          "Total Cost": 45751.99,
                          "Plan Rows": 2095923,
                          "Plan Width": 0,
                          "Actual Startup Time": 63.9,
                          "Actual Total Time": 63.901,
                          "Actual Rows": 2024266,
                          "Actual Loops": 1,
                          "Index Cond": "(person_id > 3664792)"
                        }
                      ]
                    },
                    {
                      "Node Type": "Hash",
                      "Parent Relationship": "Inner",
                      "Parallel Aware": true,
                      "Startup Cost": 43899.32,
                      "Total Cost": 43899.32,
                      "Plan Rows": 467063,
                      "Plan Width": 4,
                      "Actual Startup Time": 201.444,
                      "Actual Total Time": 201.445,
                      "Actual Rows": 266498,
                      "Actual Loops": 7,
                      "Hash Buckets": 2097152,
                      "Original Hash Buckets": 2097152,
                      "Hash Batches": 1,
                      "Original Hash Batches": 1,
                      "Peak Memory Usage": 89440,
                      "Plans": [
                        {
                          "Node Type": "Seq Scan",
                          "Parent Relationship": "Outer",
                          "Parallel Aware": true,
                          "Relation Name": "title",
                          "Alias": "t",
                          "Startup Cost": 0.0,
                          "Total Cost": 43899.32,
                          "Plan Rows": 467063,
                          "Plan Width": 4,
                          "Actual Startup Time": 0.054,
                          "Actual Total Time": 79.928,
                          "Actual Rows": 266498,
                          "Actual Loops": 7,
                          "Filter": "(kind_id > 1)",
                          "Rows Removed by Filter": 94689
                        }
                      ]
                    }
                  ]
                }
              ]
            }
          ]
        }
      ]
    },
    "Planning Time": 0.293,
    "Triggers": [],
    "Execution Time": 535.249
  }
]