[
  {
    "Plan": {
      "Node Type": "Aggregate",
      "Strategy": "Plain",
      "Partial Mode": "Finalize",
      "Parallel Aware": false,
      "Startup Cost": 397121.61,
      "Total Cost": 397121.62,
      "Plan Rows": 1,
      "Plan Width": 8,
      "Actual Startup Time": 2289.253,
      "Actual Total Time": 2342.199,
      "Actual Rows": 1,
      "Actual Loops": 1,
      "Plans": [
        {
          "Node Type": "Gather",
          "Parent Relationship": "Outer",
          "Parallel Aware": false,
          "Startup Cost": 397120.99,
          "Total Cost": 397121.6,
          "Plan Rows": 6,
          "Plan Width": 8,
          "Actual Startup Time": 2286.605,
          "Actual Total Time": 2342.188,
          "Actual Rows": 7,
          "Actual Loops": 1,
          "Workers Planned": 6,
          "Workers Launched": 6,
          "Single Copy": false,
          "Plans": [
            {
              "Node Type": "Aggregate",
              "Strategy": "Plain",
              "Partial Mode": "Partial",
              "Parent Relationship": "Outer",
              "Parallel Aware": false,
              "Startup Cost": 396120.99,
              "Total Cost": 396121.0,
              "Plan Rows": 1,
              "Plan Width": 8,
              "Actual Startup Time": 2277.034,
              "Actual Total Time": 2277.038,
              "Actual Rows": 1,
              "Actual Loops": 7,
              "Plans": [
                {
                  "Node Type": "Hash Join",
                  "Parent Relationship": "Outer",
                  "Parallel Aware": true,
                  "Join Type": "Inner",
                  "Startup Cost": 47812.9,
                  "Total Cost": 391709.59,
                  "Plan Rows": 1764560,
                  "Plan Width": 0,
                  "Actual Startup Time": 145.772,
                  "Actual Total Time": 2189.58,
                  "Actual Rows": 1722792,
                  "Actual Loops": 7,
                  "Inner Unique": true,
                  "Hash Cond": "(ci.movie_id = t.id)",
                  "Plans": [
                    {
                      "Node Type": "Seq Scan",
                      "Parent Relationship": "Outer",
                      "Parallel Aware": true,
                      "Relation Name": "cast_info",
                      "Alias": "ci",
                      "Startup Cost": 0.0,
                      "Total Cost": 328211.39,
                      "Plan Rows": 5975342,
                      "Plan Width": 4,
                      "Actual Startup Time": 0.042,
                      "Actual Total Time": 712.976,
                      "Actual Rows": 5125863,
                      "Actual Loops": 7,
                      "Filter": "(person_id < 3995162)",
                      "Rows Removed by Filter": 51901
                    },
                    {
                      "Node Type": "Hash",
                      "Parent Relationship": "Inner",
                      "Parallel Aware": true,
                      "Startup Cost": 45479.59,
                      "Total Cost": 45479.59,
                      "Plan Rows": 186665,
                      "Plan Width": 4,
                      "Actual Startup Time": 142.32,
                      "Actual Total Time": 142.321,
                      "Actual Rows": 113805,
                      "Actual Loops": 7,
                      "Hash Buckets": 1048576,
                      "Original Hash Buckets": 1048576,
                      "Hash Batches": 1,
                      "Original Hash Batches": 1,
                      "Peak Memory Usage": 39456,
                      "Plans": [
                        {
                          "Node Type": "Seq Scan",
                          "Parent Relationship": "Outer",
                          "Parallel Aware": true,
                          "Relation Name": "title",
                          "Alias": "t",
                          "Startup Cost": 0.0,
                          "Total Cost": 45479.59,
                          "Plan Rows": 186665,
                          "Plan Width": 4,
                          "Actual Startup Time": 0.042,
                          "Actual Total Time": 82.711,
                          "Actual Rows": 113805,
                          "Actual Loops": 7,
                          "Filter": "((kind_id > 1) AND (production_year > 2005))",
                          "Rows Removed by Filter": 247382
                        }
                      ]
                    }
                  ]
                }
              ]
            }
          ]
        }
      ]
    },
    "Planning Time": 0.681,
    "Triggers": [],
    "Execution Time": 2342.283
  }
]