[
  {
    "Plan": {
      "Node Type": "Aggregate",
      "Strategy": "Plain",
      "Partial Mode": "Finalize",
      "Parallel Aware": false,
      "Startup Cost": 397146.86,
      "Total Cost": 397146.87,
      "Plan Rows": 1,
      "Plan Width": 8,
      "Actual Startup Time": 2263.198,
      "Actual Total Time": 2329.726,
      "Actual Rows": 1,
      "Actual Loops": 1,
      "Plans": [
        {
          "Node Type": "Gather",
          "Parent Relationship": "Outer",
          "Parallel Aware": false,
          "Startup Cost": 397146.23,
          "Total Cost": 397146.84,
          "Plan Rows": 6,
          "Plan Width": 8,
          "Actual Startup Time": 2259.464,
          "Actual Total Time": 2329.716,
          "Actual Rows": 7,
          "Actual Loops": 1,
          "Workers Planned": 6,
          "Workers Launched": 6,
          "Single Copy": false,
          "Plans": [
            {
              "Node Type": "Aggregate",
              "Strategy": "Plain",
              "Partial Mode": "Partial",
              "Parent Relationship": "Outer",
              "Parallel Aware": false,
              "Startup Cost": 396146.23,
              "Total Cost": 396146.24,
              "Plan Rows": 1,
              "Plan Width": 8,
              "Actual Startup Time": 2247.737,
              "Actual Total Time": 2247.74,
              "Actual Rows": 1,
              "Actual Loops": 7,
              "Plans": [
                {
                  "Node Type": "Hash Join",
                  "Parent Relationship": "Outer",
                  "Parallel Aware": true,
                  "Join Type": "Inner",
                  "Startup Cost": 47837.25,
                  "Total Cost": 391686.96,
                  "Plan Rows": 1783709,
                  "Plan Width": 0,
                  "Actual Startup Time": 149.46,
                  "Actual Total Time": 2159.366,
                  "Actual Rows": 1722792,
                  "Actual Loops": 7,
                  "Inner Unique": true,
                  "Hash Cond": "(ci.movie_id = t.id)",
                  "Plans": [
                    {
                      "Node Type": "Seq Scan",
                      "Parent Relationship": "Outer",
                      "Parallel Aware": true,
                      "Relation Name": "cast_info",
                      "Alias": "ci",
                      "Startup Cost": 0.0,
                      "Total Cost": 328162.03,
                      "Plan Rows": 5976252,
                      "Plan Width": 4,
                      "Actual Startup Time": 0.029,
                      "Actual Total Time": 738.955,
                      "Actual Rows": 5125863,
                      "Actual Loops": 7,
                      "Filter": "(person_id < 3995162)",
                      "Rows Removed by Filter": 51901
                    },
                    {
                      "Node Type": "Hash",
                      "Parent Relationship": "Inner",
                      "Parallel Aware": true,
                      "Startup Cost": 45479.1,
                      "Total Cost": 45479.1,
                      "Plan Rows": 188652,
                      "Plan Width": 4,
                      "Actual Startup Time": 145.873,
                      "Actual Total Time": 145.874,
                      "Actual Rows": 113805,
                      "Actual Loops": 7,
                      "Hash Buckets": 1048576,
                      "Original Hash Buckets": 1048576,
                      "Hash Batches": 1,
                      "Original Hash Batches": 1,
                      "Peak Memory Usage": 39456,
                      "Plans": [
                        {
                          "Node Type": "Seq Scan",
                          "Parent Relationship": "Outer",
                          "Parallel Aware": true,
                          "Relation Name": "title",
                          "Alias": "t",
                          "Startup Cost": 0.0,
                          "Total Cost": 45479.1,
                          "Plan Rows": 188652,
                          "Plan Width": 4,
                          "Actual Startup Time": 0.044,
                          "Actual Total Time": 87.154,
                          "Actual Rows": 113805,
                          "Actual Loops": 7,
                          "Filter": "((kind_id > 1) AND (production_year > 2005))",
                          "Rows Removed by Filter": 247382
                        }
                      ]
                    }
                  ]
                }
              ]
            }
          ]
        }
      ]
    },
    "Planning Time": 0.739,
    "Triggers": [],
    "Execution Time": 2329.813
  }
]