[
  {
    "Plan": {
      "Node Type": "Aggregate",
      "Strategy": "Plain",
      "Partial Mode": "Finalize",
      "Parallel Aware": false,
      "Startup Cost": 46370.5,
      "Total Cost": 46370.51,
      "Plan Rows": 1,
      "Plan Width": 8,
      "Actual Startup Time": 130.329,
      "Actual Total Time": 142.598,
      "Actual Rows": 1,
      "Actual Loops": 1,
      "Plans": [
        {
          "Node Type": "Gather",
          "Parent Relationship": "Outer",
          "Parallel Aware": false,
          "Startup Cost": 46370.08,
          "Total Cost": 46370.49,
          "Plan Rows": 4,
          "Plan Width": 8,
          "Actual Startup Time": 130.184,
          "Actual Total Time": 142.59,
          "Actual Rows": 5,
          "Actual Loops": 1,
          "Workers Planned": 4,
          "Workers Launched": 4,
          "Single Copy": false,
          "Plans": [
            {
              "Node Type": "Aggregate",
              "Strategy": "Plain",
              "Partial Mode": "Partial",
              "Parent Relationship": "Outer",
              "Parallel Aware": false,
              "Startup Cost": 45370.08,
              "Total Cost": 45370.09,
              "Plan Rows": 1,
              "Plan Width": 8,
              "Actual Startup Time": 122.175,
              "Actual Total Time": 122.177,
              "Actual Rows": 1,
              "Actual Loops": 5,
              "Plans": [
                {
                  "Node Type": "Seq Scan",
                  "Parent Relationship": "Outer",
                  "Parallel Aware": true,
                  "Relation Name": "title",
                  "Alias": "t",
                  "Startup Cost": 0.0,
                  "Total Cost": 43898.92,
                  "Plan Rows": 588466,
                  "Plan Width": 0,
                  "Actual Startup Time": 0.033,
                  "Actual Total Time": 97.871,
                  "Actual Rows": 470448,
                  "Actual Loops": 5,
                  "Filter": "(production_year > 1925)",
                  "Rows Removed by Filter": 35215
                }
              ]
            }
          ]
        }
      ]
    },
    "Planning Time": 0.157,
    "Triggers": [],
    "Execution Time": 142.659
  }
]