[
  {
    "Plan": {
      "Node Type": "Aggregate",
      "Strategy": "Plain",
      "Partial Mode": "Finalize",
      "Parallel Aware": false,
      "Startup Cost": 566732.43,
      "Total Cost": 566732.44,
      "Plan Rows": 1,
      "Plan Width": 128,
      "Actual Startup Time": 4147.801,
      "Actual Total Time": 4213.964,
      "Actual Rows": 1,
      "Actual Loops": 1,
      "Plans": [
        {
          "Node Type": "Gather",
          "Parent Relationship": "Outer",
          "Parallel Aware": false,
          "Startup Cost": 566732.09,
          "Total Cost": 566732.4,
          "Plan Rows": 3,
          "Plan Width": 128,
          "Actual Startup Time": 4123.167,
          "Actual Total Time": 4213.928,
          "Actual Rows": 4,
          "Actual Loops": 1,
          "Workers Planned": 3,
          "Workers Launched": 3,
          "Single Copy": false,
          "Plans": [
            {
              "Node Type": "Aggregate",
              "Strategy": "Plain",
              "Partial Mode": "Partial",
              "Parent Relationship": "Outer",
              "Parallel Aware": false,
              "Startup Cost": 565732.09,
              "Total Cost": 565732.1,
              "Plan Rows": 1,
              "Plan Width": 128,
              "Actual Startup Time": 4108.447,
              "Actual Total Time": 4108.484,
              "Actual Rows": 1,
              "Actual Loops": 4,
              "Plans": [
                {
                  "Node Type": "Hash Join",
                  "Parent Relationship": "Outer",
                  "Parallel Aware": true,
                  "Join Type": "Inner",
                  "Startup Cost": 550208.77,
                  "Total Cost": 565606.32,
                  "Plan Rows": 12577,
                  "Plan Width": 64,
                  "Actual Startup Time": 3986.964,
                  "Actual Total Time": 4090.987,
                  "Actual Rows": 120770,
                  "Actual Loops": 4,
                  "Inner Unique": false,
                  "Hash Cond": "(an.person_id = n.id)",
                  "Plans": [
                    {
                      "Node Type": "Seq Scan",
                      "Parent Relationship": "Outer",
                      "Parallel Aware": true,
                      "Relation Name": "aka_name",
                      "Alias": "an",
                      "Startup Cost": 0.0,
                      "Total Cost": 14303.56,
                      "Plan Rows": 290756,
                      "Plan Width": 20,
                      "Actual Startup Time": 0.026,
                      "Actual Total Time": 46.9,
                      "Actual Rows": 225336,
                      "Actual Loops": 4
                    },
                    {
                      "Node Type": "Hash",
                      "Parent Relationship": "Inner",
                      "Parallel Aware": true,
                      "Startup Cost": 550143.13,
                      "Total Cost": 550143.13,
                      "Plan Rows": 5251,
                      "Plan Width": 56,
                      "Actual Startup Time": 3985.599,
                      "Actual Total Time": 3985.633,
                      "Actual Rows": 43392,
                      "Actual Loops": 4,
                      "Hash Buckets": 262144,
                      "Original Hash Buckets": 16384,
                      "Hash Batches": 1,
                      "Original Hash Batches": 1,
                      "Peak Memory Usage": 20672,
                      "Plans": [
                        {
                          "Node Type": "Hash Join",
                          "Parent Relationship": "Outer",
                          "Parallel Aware": true,
                          "Join Type": "Inner",
                          "Startup Cost": 519705.92,
                          "Total Cost": 550143.13,
                          "Plan Rows": 5251,
                          "Plan Width": 56,
                          "Actual Startup Time": 3701.011,
                          "Actual Total Time": 3951.476,
                          "Actual Rows": 43392,
                          "Actual Loops": 4,
                          "Inner Unique": true,
                          "Hash Cond": "(mc.company_id = cn.id)",
                          "Plans": [
                            {
                              "Node Type": "Hash Join",
                              "Parent Relationship": "Outer",
                              "Parallel Aware": true,
                              "Join Type": "Inner",
                              "Startup Cost": 514358.53,
                              "Total Cost": 544757.6,
                              "Plan Rows": 14529,
                              "Plan Width": 60,
                              "Actual Startup Time": 3659.598,
                              "Actual Total Time": 3894.404,
                              "Actual Rows": 106600,
                              "Actual Loops": 4,
                              "Inner Unique": false,
                              "Hash Cond": "(mc.movie_id = ci.movie_id)",
                              "Plans": [
                                {
                                  "Node Type": "Seq Scan",
                                  "Parent Relationship": "Outer",
                                  "Parallel Aware": true,
                                  "Relation Name": "movie_companies",
                                  "Alias": "mc",
                                  "Startup Cost": 0.0,
                                  "Total Cost": 27206.55,
                                  "Plan Rows": 841655,
                                  "Plan Width": 8,
                                  "Actual Startup Time": 0.029,
                                  "Actual Total Time": 96.391,
                                  "Actual Rows": 652282,
                                  "Actual Loops": 4
                                },
                                {
                                  "Node Type": "Hash",
                                  "Parent Relationship": "Inner",
                                  "Parallel Aware": true,
                                  "Startup Cost": 514305.98,
                                  "Total Cost": 514305.98,
                                  "Plan Rows": 4204,
                                  "Plan Width": 64,
                                  "Actual Startup Time": 3659.281,
                                  "Actual Total Time": 3659.304,
                                  "Actual Rows": 63873,
                                  "Actual Loops": 4,
                                  "Hash Buckets": 262144,
                                  "Original Hash Buckets": 32768,
                                  "Hash Batches": 1,
                                  "Original Hash Batches": 1,
                                  "Peak Memory Usage": 30336,
                                  "Plans": [
                                    {
                                      "Node Type": "Hash Join",
                                      "Parent Relationship": "Outer",
                                      "Parallel Aware": true,
                                      "Join Type": "Inner",
                                      "Startup Cost": 469610.1,
                                      "Total Cost": 514305.98,
                                      "Plan Rows": 4204,
                                      "Plan Width": 64,
                                      "Actual Startup Time": 3269.427,
                                      "Actual Total Time": 3613.077,
                                      "Actual Rows": 63873,
                                      "Actual Loops": 4,
                                      "Inner Unique": false,
                                      "Hash Cond": "(t.id = ci.movie_id)",
                                      "Plans": [
                                        {
                                          "Node Type": "Seq Scan",
                                          "Parent Relationship": "Outer",
                                          "Parallel Aware": true,
                                          "Relation Name": "title",
                                          "Alias": "t",
                                          "Startup Cost": 0.0,
                                          "Total Cost": 42318.63,
                                          "Plan Rows": 632063,
                                          "Plan Width": 21,
                                          "Actual Startup Time": 0.028,
                                          "Actual Total Time": 155.329,
                                          "Actual Rows": 632078,
                                          "Actual Loops": 4
                                        },
                                        {
                                          "Node Type": "Hash",
                                          "Parent Relationship": "Inner",
                                          "Parallel Aware": true,
                                          "Startup Cost": 469575.07,
                                          "Total Cost": 469575.07,
                                          "Plan Rows": 2803,
                                          "Plan Width": 43,
                                          "Actual Startup Time": 3268.602,
                                          "Actual Total Time": 3268.62,
                                          "Actual Rows": 63873,
                                          "Actual Loops": 4,
                                          "Hash Buckets": 262144,
                                          "Original Hash Buckets": 32768,
                                          "Hash Batches": 1,
                                          "Original Hash Batches": 1,
                                          "Peak Memory Usage": 22912,
                                          "Plans": [
                                            {
                                              "Node Type": "Hash Join",
                                              "Parent Relationship": "Outer",
                                              "Parallel Aware": true,
                                              "Join Type": "Inner",
                                              "Startup Cost": 125719.91,
                                              "Total Cost": 469575.07,
                                              "Plan Rows": 2803,
                                              "Plan Width": 43,
                                              "Actual Startup Time": 1865.541,
                                              "Actual Total Time": 3157.189,
                                              "Actual Rows": 63873,
                                              "Actual Loops": 4,
                                              "Inner Unique": true,
                                              "Hash Cond": "(ci.person_role_id = chn.id)",
                                              "Plans": [
                                                {
                                                  "Node Type": "Hash Join",
                                                  "Parent Relationship": "Outer",
                                                  "Parallel Aware": false,
                                                  "Join Type": "Inner",
                                                  "Startup Cost": 71607.5,
                                                  "Total Cost": 415455.3,
                                                  "Plan Rows": 2803,
                                                  "Plan Width": 31,
                                                  "Actual Startup Time": 1063.159,
                                                  "Actual Total Time": 2310.65,
                                                  "Actual Rows": 69001,
                                                  "Actual Loops": 4,
                                                  "Inner Unique": true,
                                                  "Hash Cond": "(ci.role_id = rt.id)",
                                                  "Plans": [
                                                    {
                                                      "Node Type": "Hash Join",
                                                      "Parent Relationship": "Outer",
                                                      "Parallel Aware": true,
                                                      "Join Type": "Inner",
                                                      "Startup Cost": 71606.33,
                                                      "Total Cost": 415334.67,
                                                      "Plan Rows": 33632,
                                                      "Plan Width": 35,
                                                      "Actual Startup Time": 1062.988,
                                                      "Actual Total Time": 2296.067,
                                                      "Actual Rows": 69022,
                                                      "Actual Loops": 4,
                                                      "Inner Unique": true,
                                                      "Hash Cond": "(ci.person_id = n.id)",
                                                      "Plans": [
                                                        {
                                                          "Node Type": "Seq Scan",
                                                          "Parent Relationship": "Outer",
                                                          "Parallel Aware": true,
                                                          "Relation Name": "cast_info",
                                                          "Alias": "ci",
                                                          "Startup Cost": 0.0,
                                                          "Total Cost": 343341.24,
                                                          "Plan Rows": 147464,
                                                          "Plan Width": 16,
                                                          "Actual Startup Time": 0.061,
                                                          "Actual Total Time": 1764.716,
                                                          "Actual Rows": 216869,
                                                          "Actual Loops": 4,
                                                          "Filter": "(note = ANY ('{(voice),\"(voice: Japanese version)\",\"(voice) (uncredited)\",\"(voice: English version)\"}'::text[]))",
                                                          "Rows Removed by Filter": 8844217
                                                        },
                                                        {
                                                          "Node Type": "Hash",
                                                          "Parent Relationship": "Inner",
                                                          "Parallel Aware": true,
                                                          "Startup Cost": 68636.18,
                                                          "Total Cost": 68636.18,
                                                          "Plan Rows": 237612,
                                                          "Plan Width": 19,
                                                          "Actual Startup Time": 473.187,
                                                          "Actual Total Time": 473.19,
                                                          "Actual Rows": 240389,
                                                          "Actual Loops": 4,
                                                          "Hash Buckets": 1048576,
                                                          "Original Hash Buckets": 1048576,
                                                          "Hash Batches": 1,
                                                          "Original Hash Batches": 1,
                                                          "Peak Memory Usage": 60576,
                                                          "Plans": [
                                                            {
                                                              "Node Type": "Seq Scan",
                                                              "Parent Relationship": "Outer",
                                                              "Parallel Aware": true,
                                                              "Relation Name": "name",
                                                              "Alias": "n",
                                                              "Startup Cost": 0.0,
                                                              "Total Cost": 68636.18,
                                                              "Plan Rows": 237612,
                                                              "Plan Width": 19,
                                                              "Actual Startup Time": 131.323,
                                                              "Actual Total Time": 322.341,
                                                              "Actual Rows": 240389,
                                                              "Actual Loops": 4,
                                                              "Filter": "((gender)::text = 'f'::text)",
                                                              "Rows Removed by Filter": 801484
                                                            }
                                                          ]
                                                        }
                                                      ]
                                                    },
                                                    {
                                                      "Node Type": "Hash",
                                                      "Parent Relationship": "Inner",
                                                      "Parallel Aware": false,
                                                      "Startup Cost": 1.15,
                                                      "Total Cost": 1.15,
                                                      "Plan Rows": 1,
                                                      "Plan Width": 4,
                                                      "Actual Startup Time": 0.099,
                                                      "Actual Total Time": 0.1,
                                                      "Actual Rows": 1,
                                                      "Actual Loops": 4,
                                                      "Hash Buckets": 1024,
                                                      "Original Hash Buckets": 1024,
                                                      "Hash Batches": 1,
                                                      "Original Hash Batches": 1,
                                                      "Peak Memory Usage": 9,
                                                      "Plans": [
                                                        {
                                                          "Node Type": "Seq Scan",
                                                          "Parent Relationship": "Outer",
                                                          "Parallel Aware": false,
                                                          "Relation Name": "role_type",
                                                          "Alias": "rt",
                                                          "Startup Cost": 0.0,
                                                          "Total Cost": 1.15,
                                                          "Plan Rows": 1,
                                                          "Plan Width": 4,
                                                          "Actual Startup Time": 0.072,
                                                          "Actual Total Time": 0.074,
                                                          "Actual Rows": 1,
                                                          "Actual Loops": 4,
                                                          "Filter": "((role)::text = 'actress'::text)",
                                                          "Rows Removed by Filter": 11
                                                        }
                                                      ]
                                                    }
                                                  ]
                                                },
                                                {
                                                  "Node Type": "Hash",
                                                  "Parent Relationship": "Inner",
                                                  "Parallel Aware": true,
                                                  "Startup Cost": 44298.85,
                                                  "Total Cost": 44298.85,
                                                  "Plan Rows": 785085,
                                                  "Plan Width": 20,
                                                  "Actual Startup Time": 784.028,
                                                  "Actual Total Time": 784.029,
                                                  "Actual Rows": 785085,
                                                  "Actual Loops": 4,
                                                  "Hash Buckets": 4194304,
                                                  "Original Hash Buckets": 4194304,
                                                  "Hash Batches": 1,
                                                  "Original Hash Batches": 1,
                                                  "Peak Memory Usage": 205120,
                                                  "Plans": [
                                                    {
                                                      "Node Type": "Seq Scan",
                                                      "Parent Relationship": "Outer",
                                                      "Parallel Aware": true,
                                                      "Relation Name": "char_name",
                                                      "Alias": "chn",
                                                      "Startup Cost": 0.0,
                                                      "Total Cost": 44298.85,
                                                      "Plan Rows": 785085,
                                                      "Plan Width": 20,
                                                      "Actual Startup Time": 0.119,
                                                      "Actual Total Time": 232.348,
                                                      "Actual Rows": 785085,
                                                      "Actual Loops": 4
                                                    }
                                                  ]
                                                }
                                              ]
                                            }
                                          ]
                                        }
                                      ]
                                    }
                                  ]
                                }
                              ]
                            },
                            {
                              "Node Type": "Hash",
                              "Parent Relationship": "Inner",
                              "Parallel Aware": true,
                              "Startup Cost": 4722.92,
                              "Total Cost": 4722.92,
                              "Plan Rows": 49958,
                              "Plan Width": 4,
                              "Actual Startup Time": 40.59,
                              "Actual Total Time": 40.593,
                              "Actual Rows": 21211,
                              "Actual Loops": 4,
                              "Hash Buckets": 131072,
                              "Original Hash Buckets": 131072,
                              "Hash Batches": 1,
                              "Original Hash Batches": 1,
                              "Peak Memory Usage": 4448,
                              "Plans": [
                                {
                                  "Node Type": "Seq Scan",
                                  "Parent Relationship": "Outer",
                                  "Parallel Aware": true,
                                  "Relation Name": "company_name",
                                  "Alias": "cn",
                                  "Startup Cost": 0.0,
                                  "Total Cost": 4722.92,
                                  "Plan Rows": 49958,
                                  "Plan Width": 4,
                                  "Actual Startup Time": 0.06,
                                  "Actual Total Time": 29.973,
                                  "Actual Rows": 21211,
                                  "Actual Loops": 4,
                                  "Filter": "((country_code)::text = '[us]'::text)",
                                  "Rows Removed by Filter": 37538
                                }
                              ]
                            }
                          ]
                        }
                      ]
                    }
                  ]
                }
              ]
            }
          ]
        }
      ]
    },
    "Planning Time": 14.231,
    "Triggers": [],
    "Execution Time": 4214.626
  }
]