[
  {
    "Plan": {
      "Node Type": "Aggregate",
      "Strategy": "Plain",
      "Partial Mode": "Finalize",
      "Parallel Aware": false,
      "Startup Cost": 392112.58,
      "Total Cost": 392112.59,
      "Plan Rows": 1,
      "Plan Width": 8,
      "Actual Startup Time": 4286.781,
      "Actual Total Time": 4402.837,
      "Actual Rows": 1,
      "Actual Loops": 1,
      "Plans": [
        {
          "Node Type": "Gather",
          "Parent Relationship": "Outer",
          "Parallel Aware": false,
          "Startup Cost": 392112.06,
          "Total Cost": 392112.57,
          "Plan Rows": 5,
          "Plan Width": 8,
          "Actual Startup Time": 4285.278,
          "Actual Total Time": 4402.823,
          "Actual Rows": 6,
          "Actual Loops": 1,
          "Workers Planned": 5,
          "Workers Launched": 5,
          "Single Copy": false,
          "Plans": [
            {
              "Node Type": "Aggregate",
              "Strategy": "Plain",
              "Partial Mode": "Partial",
              "Parent Relationship": "Outer",
              "Parallel Aware": false,
              "Startup Cost": 391112.06,
              "Total Cost": 391112.07,
              "Plan Rows": 1,
              "Plan Width": 8,
              "Actual Startup Time": 4274.673,
              "Actual Total Time": 4274.677,
              "Actual Rows": 1,
              "Actual Loops": 6,
              "Plans": [
                {
                  "Node Type": "Nested Loop",
                  "Parent Relationship": "Outer",
                  "Parallel Aware": false,
                  "Join Type": "Inner",
                  "Startup Cost": 45918.79,
                  "Total Cost": 390068.17,
                  "Plan Rows": 417556,
                  "Plan Width": 0,
                  "Actual Startup Time": 116.891,
                  "Actual Total Time": 4208.83,
                  "Actual Rows": 1475940,
                  "Actual Loops": 6,
                  "Inner Unique": false,
                  "Join Filter": "(t.id = ci.movie_id)",
                  "Rows Removed by Join Filter": 0,
                  "Plans": [
                    {
                      "Node Type": "Hash Join",
                      "Parent Relationship": "Outer",
                      "Parallel Aware": true,
                      "Join Type": "Inner",
                      "Startup Cost": 45918.22,
                      "Total Cost": 248867.01,
                      "Plan Rows": 84621,
                      "Plan Width": 8,
                      "Actual Startup Time": 116.791,
                      "Actual Total Time": 617.688,
                      "Actual Rows": 101848,
                      "Actual Loops": 6,
                      "Inner Unique": true,
                      "Hash Cond": "(mi.movie_id = t.id)",
                      "Plans": [
                        {
                          "Node Type": "Seq Scan",
                          "Parent Relationship": "Outer",
                          "Parallel Aware": true,
                          "Relation Name": "movie_info",
                          "Alias": "mi",
                          "Startup Cost": 0.0,
                          "Total Cost": 198952.16,
                          "Plan Rows": 1522520,
                          "Plan Width": 4,
                          "Actual Startup Time": 16.127,
                          "Actual Total Time": 316.665,
                          "Actual Rows": 1258142,
                          "Actual Loops": 6,
                          "Filter": "(info_type_id > 7)",
                          "Rows Removed by Filter": 1214478
                        },
                        {
                          "Node Type": "Hash",
                          "Parent Relationship": "Inner",
                          "Parallel Aware": true,
                          "Startup Cost": 45479.1,
                          "Total Cost": 45479.1,
                          "Plan Rows": 35130,
                          "Plan Width": 4,
                          "Actual Startup Time": 86.167,
                          "Actual Total Time": 86.168,
                          "Actual Rows": 22030,
                          "Actual Loops": 6,
                          "Hash Buckets": 262144,
                          "Original Hash Buckets": 262144,
                          "Hash Batches": 1,
                          "Original Hash Batches": 1,
                          "Peak Memory Usage": 7296,
                          "Plans": [
                            {
                              "Node Type": "Seq Scan",
                              "Parent Relationship": "Outer",
                              "Parallel Aware": true,
                              "Relation Name": "title",
                              "Alias": "t",
                              "Startup Cost": 0.0,
                              "Total Cost": 45479.1,
                              "Plan Rows": 35130,
                              "Plan Width": 4,
                              "Actual Startup Time": 43.066,
                              "Actual Total Time": 78.323,
                              "Actual Rows": 22030,
                              "Actual Loops": 6,
                              "Filter": "((production_year > 2009) AND (kind_id = 1))",
                              "Rows Removed by Filter": 399355
                            }
                          ]
                        }
                      ]
                    },
                    {
                      "Node Type": "Index Scan",
                      "Parent Relationship": "Inner",
                      "Parallel Aware": false,
                      "Scan Direction": "Forward",
                      "Index Name": "movie_id_cast_info",
                      "Relation Name": "cast_info",
                      "Alias": "ci",
                      "Startup Cost": 0.56,
                      "Total Cost": 1.51,
                      "Plan Rows": 13,
                      "Plan Width": 4,
                      "Actual Startup Time": 0.005,
                      "Actual Total Time": 0.034,
                      "Actual Rows": 14,
                      "Actual Loops": 611085,
                      "Index Cond": "(movie_id = mi.movie_id)",
                      "Rows Removed by Index Recheck": 0,
                      "Filter": "(role_id < 2)",
                      "Rows Removed by Filter": 35
                    }
                  ]
                }
              ]
            }
          ]
        }
      ]
    },
    "Planning Time": 1.37,
    "Triggers": [],
    "Execution Time": 4402.955
  }
]