{
  "Plan": {
    "Node Type": "Aggregate",
    "Strategy": "Plain",
    "Partial Mode": "Finalize",
    "Parallel Aware": false,
    "Startup Cost": 116486.89,
    "Total Cost": 116486.9,
    "Plan Rows": 1,
    "Plan Width": 8,
    "Actual Startup Time": 380.643,
    "Actual Total Time": 397.659,
    "Actual Rows": 1,
    "Actual Loops": 1,
    "Plans": [
      {
        "Node Type": "Gather",
        "Parent Relationship": "Outer",
        "Parallel Aware": false,
        "Startup Cost": 116486.77,
        "Total Cost": 116486.88,
        "Plan Rows": 1,
        "Plan Width": 8,
        "Actual Startup Time": 379.904,
        "Actual Total Time": 397.65,
        "Actual Rows": 2,
        "Actual Loops": 1,
        "Workers Planned": 1,
        "Workers Launched": 1,
        "Single Copy": false,
        "Plans": [
          {
            "Node Type": "Aggregate",
            "Strategy": "Plain",
            "Partial Mode": "Partial",
            "Parent Relationship": "Outer",
            "Parallel Aware": false,
            "Startup Cost": 115486.77,
            "Total Cost": 115486.78,
            "Plan Rows": 1,
            "Plan Width": 8,
            "Actual Startup Time": 375.067,
            "Actual Total Time": 375.071,
            "Actual Rows": 1,
            "Actual Loops": 2,
            "Plans": [
              {
                "Node Type": "Hash Join",
                "Parent Relationship": "Outer",
                "Parallel Aware": true,
                "Join Type": "Inner",
                "Startup Cost": 55771.98,
                "Total Cost": 115372.63,
                "Plan Rows": 45657,
                "Plan Width": 0,
                "Actual Startup Time": 165.483,
                "Actual Total Time": 374.324,
                "Actual Rows": 16458,
                "Actual Loops": 2,
                "Inner Unique": true,
                "Hash Cond": "(mk.movie_id = t.id)",
                "Plans": [
                  {
                    "Node Type": "Seq Scan",
                    "Parent Relationship": "Outer",
                    "Parallel Aware": true,
                    "Relation Name": "movie_keyword",
                    "Alias": "mk",
                    "Startup Cost": 0.0,
                    "Total Cost": 57718.19,
                    "Plan Rows": 717129,
                    "Plan Width": 4,
                    "Actual Startup Time": 1.584,
                    "Actual Total Time": 156.486,
                    "Actual Rows": 612248,
                    "Actual Loops": 2,
                    "Filter": "(keyword_id > 14843)",
                    "Rows Removed by Filter": 1649718
                  },
                  {
                    "Node Type": "Hash",
                    "Parent Relationship": "Inner",
                    "Parallel Aware": true,
                    "Startup Cost": 54588.39,
                    "Total Cost": 54588.39,
                    "Plan Rows": 94687,
                    "Plan Width": 4,
                    "Actual Startup Time": 160.462,
                    "Actual Total Time": 160.463,
                    "Actual Rows": 82154,
                    "Actual Loops": 2,
                    "Hash Buckets": 262144,
                    "Original Hash Buckets": 262144,
                    "Hash Batches": 1,
                    "Original Hash Batches": 1,
                    "Peak Memory Usage": 8512,
                    "Plans": [
                      {
                        "Node Type": "Seq Scan",
                        "Parent Relationship": "Outer",
                        "Parallel Aware": true,
                        "Relation Name": "title",
                        "Alias": "t",
                        "Startup Cost": 0.0,
                        "Total Cost": 54588.39,
                        "Plan Rows": 94687,
                        "Plan Width": 4,
                        "Actual Startup Time": 0.032,
                        "Actual Total Time": 137.522,
                        "Actual Rows": 82154,
                        "Actual Loops": 2,
                        "Filter": "(production_year = 2012)",
                        "Rows Removed by Filter": 1182002
                      }
                    ]
                  }
                ]
              }
            ]
          }
        ]
      }
    ]
  },
  "Planning Time": 0.437,
  "Triggers": [],
  "Execution Time": 397.726
}