[
  {
    "Plan": {
      "Node Type": "Aggregate",
      "Strategy": "Plain",
      "Partial Mode": "Finalize",
      "Parallel Aware": false,
      "Startup Cost": 31096.06,
      "Total Cost": 31096.07,
      "Plan Rows": 1,
      "Plan Width": 8,
      "Actual Startup Time": 101.237,
      "Actual Total Time": 109.176,
      "Actual Rows": 1,
      "Actual Loops": 1,
      "Plans": [
        {
          "Node Type": "Gather",
          "Parent Relationship": "Outer",
          "Parallel Aware": false,
          "Startup Cost": 31095.74,
          "Total Cost": 31096.05,
          "Plan Rows": 3,
          "Plan Width": 8,
          "Actual Startup Time": 101.085,
          "Actual Total Time": 109.167,
          "Actual Rows": 4,
          "Actual Loops": 1,
          "Workers Planned": 3,
          "Workers Launched": 3,
          "Single Copy": false,
          "Plans": [
            {
              "Node Type": "Aggregate",
              "Strategy": "Plain",
              "Partial Mode": "Partial",
              "Parent Relationship": "Outer",
              "Parallel Aware": false,
              "Startup Cost": 30095.74,
              "Total Cost": 30095.75,
              "Plan Rows": 1,
              "Plan Width": 8,
              "Actual Startup Time": 94.512,
              "Actual Total Time": 94.513,
              "Actual Rows": 1,
              "Actual Loops": 4,
              "Plans": [
                {
                  "Node Type": "Seq Scan",
                  "Parent Relationship": "Outer",
                  "Parallel Aware": true,
                  "Relation Name": "movie_companies",
                  "Alias": "mc",
                  "Startup Cost": 0.0,
                  "Total Cost": 29310.68,
                  "Plan Rows": 314023,
                  "Plan Width": 0,
                  "Actual Startup Time": 0.032,
                  "Actual Total Time": 78.862,
                  "Actual Rows": 243802,
                  "Actual Loops": 4,
                  "Filter": "(company_id < 4246)",
                  "Rows Removed by Filter": 408480
                }
              ]
            }
          ]
        }
      ]
    },
    "Planning Time": 0.171,
    "Triggers": [],
    "Execution Time": 109.225
  }
]