[
  {
    "Plan": {
      "Node Type": "Aggregate",
      "Strategy": "Plain",
      "Partial Mode": "Finalize",
      "Parallel Aware": false,
      "Startup Cost": 334648.06,
      "Total Cost": 334648.07,
      "Plan Rows": 1,
      "Plan Width": 8,
      "Actual Startup Time": 625.845,
      "Actual Total Time": 653.742,
      "Actual Rows": 1,
      "Actual Loops": 1,
      "Plans": [
        {
          "Node Type": "Gather",
          "Parent Relationship": "Outer",
          "Parallel Aware": false,
          "Startup Cost": 334647.44,
          "Total Cost": 334648.05,
          "Plan Rows": 6,
          "Plan Width": 8,
          "Actual Startup Time": 625.751,
          "Actual Total Time": 653.735,
          "Actual Rows": 7,
          "Actual Loops": 1,
          "Workers Planned": 6,
          "Workers Launched": 6,
          "Single Copy": false,
          "Plans": [
            {
              "Node Type": "Aggregate",
              "Strategy": "Plain",
              "Partial Mode": "Partial",
              "Parent Relationship": "Outer",
              "Parallel Aware": false,
              "Startup Cost": 333647.44,
              "Total Cost": 333647.45,
              "Plan Rows": 1,
              "Plan Width": 8,
              "Actual Startup Time": 618.984,
              "Actual Total Time": 618.985,
              "Actual Rows": 1,
              "Actual Loops": 7,
              "Plans": [
                {
                  "Node Type": "Seq Scan",
                  "Parent Relationship": "Outer",
                  "Parallel Aware": true,
                  "Relation Name": "cast_info",
                  "Alias": "ci",
                  "Startup Cost": 0.0,
                  "Total Cost": 328213.62,
                  "Plan Rows": 2173529,
                  "Plan Width": 0,
                  "Actual Startup Time": 236.723,
                  "Actual Total Time": 533.523,
                  "Actual Rows": 1880936,
                  "Actual Loops": 7,
                  "Filter": "(person_id > 2359082)",
                  "Rows Removed by Filter": 3296828
                }
              ]
            }
          ]
        }
      ]
    },
    "Planning Time": 0.071,
    "Triggers": [],
    "Execution Time": 653.767
  }
]