[
  {
    "Plan": {
      "Node Type": "Aggregate",
      "Strategy": "Plain",
      "Partial Mode": "Finalize",
      "Parallel Aware": false,
      "Startup Cost": 75889.29,
      "Total Cost": 75889.3,
      "Plan Rows": 1,
      "Plan Width": 8,
      "Actual Startup Time": 231.827,
      "Actual Total Time": 249.103,
      "Actual Rows": 1,
      "Actual Loops": 1,
      "Plans": [
        {
          "Node Type": "Gather",
          "Parent Relationship": "Outer",
          "Parallel Aware": false,
          "Startup Cost": 75888.97,
          "Total Cost": 75889.28,
          "Plan Rows": 3,
          "Plan Width": 8,
          "Actual Startup Time": 231.108,
          "Actual Total Time": 249.085,
          "Actual Rows": 4,
          "Actual Loops": 1,
          "Workers Planned": 3,
          "Workers Launched": 3,
          "Single Copy": false,
          "Plans": [
            {
              "Node Type": "Aggregate",
              "Strategy": "Plain",
              "Partial Mode": "Partial",
              "Parent Relationship": "Outer",
              "Parallel Aware": false,
              "Startup Cost": 74888.97,
              "Total Cost": 74888.98,
              "Plan Rows": 1,
              "Plan Width": 8,
              "Actual Startup Time": 223.65,
              "Actual Total Time": 223.653,
              "Actual Rows": 1,
              "Actual Loops": 4,
              "Plans": [
                {
                  "Node Type": "Hash Join",
                  "Parent Relationship": "Outer",
                  "Parallel Aware": true,
                  "Join Type": "Inner",
                  "Startup Cost": 44383.3,
                  "Total Cost": 74823.1,
                  "Plan Rows": 26347,
                  "Plan Width": 0,
                  "Actual Startup Time": 143.52,
                  "Actual Total Time": 221.794,
                  "Actual Rows": 39670,
                  "Actual Loops": 4,
                  "Inner Unique": true,
                  "Hash Cond": "(mc.movie_id = t.id)",
                  "Plans": [
                    {
                      "Node Type": "Seq Scan",
                      "Parent Relationship": "Outer",
                      "Parallel Aware": true,
                      "Relation Name": "movie_companies",
                      "Alias": "mc",
                      "Startup Cost": 0.0,
                      "Total Cost": 29310.68,
                      "Plan Rows": 430142,
                      "Plan Width": 4,
                      "Actual Startup Time": 30.183,
                      "Actual Total Time": 67.004,
                      "Actual Rows": 333721,
                      "Actual Loops": 4,
                      "Filter": "(company_type_id = 2)",
                      "Rows Removed by Filter": 318562
                    },
                    {
                      "Node Type": "Hash",
                      "Parent Relationship": "Inner",
                      "Parallel Aware": true,
                      "Startup Cost": 43899.32,
                      "Total Cost": 43899.32,
                      "Plan Rows": 38718,
                      "Plan Width": 4,
                      "Actual Startup Time": 110.252,
                      "Actual Total Time": 110.253,
                      "Actual Rows": 42237,
                      "Actual Loops": 4,
                      "Hash Buckets": 262144,
                      "Original Hash Buckets": 262144,
                      "Hash Batches": 1,
                      "Original Hash Batches": 1,
                      "Peak Memory Usage": 8704,
                      "Plans": [
                        {
                          "Node Type": "Seq Scan",
                          "Parent Relationship": "Outer",
                          "Parallel Aware": true,
                          "Relation Name": "title",
                          "Alias": "t",
                          "Startup Cost": 0.0,
                          "Total Cost": 43899.32,
                          "Plan Rows": 38718,
                          "Plan Width": 4,
                          "Actual Startup Time": 0.258,
                          "Actual Total Time": 97.238,
                          "Actual Rows": 42237,
                          "Actual Loops": 4,
                          "Filter": "(production_year < 1951)",
                          "Rows Removed by Filter": 589841
                        }
                      ]
                    }
                  ]
                }
              ]
            }
          ]
        }
      ]
    },
    "Planning Time": 0.277,
    "Triggers": [],
    "Execution Time": 249.144
  }
]