[
  {
    "Plan": {
      "Node Type": "Aggregate",
      "Strategy": "Plain",
      "Partial Mode": "Finalize",
      "Parallel Aware": false,
      "Startup Cost": 468405.89,
      "Total Cost": 468405.9,
      "Plan Rows": 1,
      "Plan Width": 8,
      "Actual Startup Time": 4154.739,
      "Actual Total Time": 4213.358,
      "Actual Rows": 1,
      "Actual Loops": 1,
      "Plans": [
        {
          "Node Type": "Gather",
          "Parent Relationship": "Outer",
          "Parallel Aware": false,
          "Startup Cost": 468405.27,
          "Total Cost": 468405.88,
          "Plan Rows": 6,
          "Plan Width": 8,
          "Actual Startup Time": 4118.878,
          "Actual Total Time": 4213.341,
          "Actual Rows": 7,
          "Actual Loops": 1,
          "Workers Planned": 6,
          "Workers Launched": 6,
          "Single Copy": false,
          "Plans": [
            {
              "Node Type": "Aggregate",
              "Strategy": "Plain",
              "Partial Mode": "Partial",
              "Parent Relationship": "Outer",
              "Parallel Aware": false,
              "Startup Cost": 467405.27,
              "Total Cost": 467405.28,
              "Plan Rows": 1,
              "Plan Width": 8,
              "Actual Startup Time": 4100.046,
              "Actual Total Time": 4101.347,
              "Actual Rows": 1,
              "Actual Loops": 7,
              "Plans": [
                {
                  "Node Type": "Hash Join",
                  "Parent Relationship": "Outer",
                  "Parallel Aware": true,
                  "Join Type": "Inner",
                  "Startup Cost": 91137.1,
                  "Total Cost": 454734.98,
                  "Plan Rows": 5068117,
                  "Plan Width": 0,
                  "Actual Startup Time": 693.786,
                  "Actual Total Time": 3678.203,
                  "Actual Rows": 9517631,
                  "Actual Loops": 7,
                  "Inner Unique": false,
                  "Hash Cond": "(ci.movie_id = t.id)",
                  "Plans": [
                    {
                      "Node Type": "Seq Scan",
                      "Parent Relationship": "Outer",
                      "Parallel Aware": true,
                      "Relation Name": "cast_info",
                      "Alias": "ci",
                      "Startup Cost": 0.0,
                      "Total Cost": 328211.39,
                      "Plan Rows": 5076727,
                      "Plan Width": 4,
                      "Actual Startup Time": 62.088,
                      "Actual Total Time": 643.22,
                      "Actual Rows": 4321794,
                      "Actual Loops": 7,
                      "Filter": "(person_id > 579579)",
                      "Rows Removed by Filter": 855969
                    },
                    {
                      "Node Type": "Hash",
                      "Parent Relationship": "Inner",
                      "Parallel Aware": true,
                      "Startup Cost": 80959.14,
                      "Total Cost": 80959.14,
                      "Plan Rows": 814237,
                      "Plan Width": 8,
                      "Actual Startup Time": 625.431,
                      "Actual Total Time": 626.73,
                      "Actual Rows": 366692,
                      "Actual Loops": 7,
                      "Hash Buckets": 4194304,
                      "Original Hash Buckets": 4194304,
                      "Hash Batches": 1,
                      "Original Hash Batches": 1,
                      "Peak Memory Usage": 133312,
                      "Plans": [
                        {
                          "Node Type": "Hash Join",
                          "Parent Relationship": "Outer",
                          "Parallel Aware": true,
                          "Join Type": "Inner",
                          "Startup Cost": 51543.25,
                          "Total Cost": 80959.14,
                          "Plan Rows": 814237,
                          "Plan Width": 8,
                          "Actual Startup Time": 278.545,
                          "Actual Total Time": 468.127,
                          "Actual Rows": 366692,
                          "Actual Loops": 7,
                          "Inner Unique": true,
                          "Hash Cond": "(mc.movie_id = t.id)",
                          "Plans": [
                            {
                              "Node Type": "Seq Scan",
                              "Parent Relationship": "Outer",
                              "Parallel Aware": true,
                              "Relation Name": "movie_companies",
                              "Alias": "mc",
                              "Startup Cost": 0.0,
                              "Total Cost": 27206.55,
                              "Plan Rows": 841655,
                              "Plan Width": 4,
                              "Actual Startup Time": 0.017,
                              "Actual Total Time": 41.337,
                              "Actual Rows": 372733,
                              "Actual Loops": 7
                            },
                            {
                              "Node Type": "Hash",
                              "Parent Relationship": "Inner",
                              "Parallel Aware": true,
                              "Startup Cost": 43899.32,
                              "Total Cost": 43899.32,
                              "Plan Rows": 611514,
                              "Plan Width": 4,
                              "Actual Startup Time": 274.232,
                              "Actual Total Time": 274.233,
                              "Actual Rows": 349540,
                              "Actual Loops": 7,
                              "Hash Buckets": 4194304,
                              "Original Hash Buckets": 4194304,
                              "Hash Batches": 1,
                              "Original Hash Batches": 1,
                              "Peak Memory Usage": 128576,
                              "Plans": [
                                {
                                  "Node Type": "Seq Scan",
                                  "Parent Relationship": "Outer",
                                  "Parallel Aware": true,
                                  "Relation Name": "title",
                                  "Alias": "t",
                                  "Startup Cost": 0.0,
                                  "Total Cost": 43899.32,
                                  "Plan Rows": 611514,
                                  "Plan Width": 4,
                                  "Actual Startup Time": 0.063,
                                  "Actual Total Time": 84.653,
                                  "Actual Rows": 349540,
                                  "Actual Loops": 7,
                                  "Filter": "(production_year > 1901)",
                                  "Rows Removed by Filter": 11647
                                }
                              ]
                            }
                          ]
                        }
                      ]
                    }
                  ]
                }
              ]
            }
          ]
        }
      ]
    },
    "Planning Time": 0.846,
    "Triggers": [],
    "Execution Time": 4213.427
  }
]