[
  {
    "Plan": {
      "Node Type": "Aggregate",
      "Strategy": "Plain",
      "Partial Mode": "Finalize",
      "Parallel Aware": false,
      "Startup Cost": 468305.34,
      "Total Cost": 468305.35,
      "Plan Rows": 1,
      "Plan Width": 8,
      "Actual Startup Time": 3874.798,
      "Actual Total Time": 3942.731,
      "Actual Rows": 1,
      "Actual Loops": 1,
      "Plans": [
        {
          "Node Type": "Gather",
          "Parent Relationship": "Outer",
          "Parallel Aware": false,
          "Startup Cost": 468304.71,
          "Total Cost": 468305.32,
          "Plan Rows": 6,
          "Plan Width": 8,
          "Actual Startup Time": 3845.534,
          "Actual Total Time": 3942.688,
          "Actual Rows": 7,
          "Actual Loops": 1,
          "Workers Planned": 6,
          "Workers Launched": 6,
          "Single Copy": false,
          "Plans": [
            {
              "Node Type": "Aggregate",
              "Strategy": "Plain",
              "Partial Mode": "Partial",
              "Parent Relationship": "Outer",
              "Parallel Aware": false,
              "Startup Cost": 467304.71,
              "Total Cost": 467304.72,
              "Plan Rows": 1,
              "Plan Width": 8,
              "Actual Startup Time": 3823.675,
              "Actual Total Time": 3824.57,
              "Actual Rows": 1,
              "Actual Loops": 7,
              "Plans": [
                {
                  "Node Type": "Hash Join",
                  "Parent Relationship": "Outer",
                  "Parallel Aware": true,
                  "Join Type": "Inner",
                  "Startup Cost": 91158.32,
                  "Total Cost": 454647.07,
                  "Plan Rows": 5063056,
                  "Plan Width": 0,
                  "Actual Startup Time": 626.13,
                  "Actual Total Time": 3436.686,
                  "Actual Rows": 9517631,
                  "Actual Loops": 7,
                  "Inner Unique": false,
                  "Hash Cond": "(ci.movie_id = t.id)",
                  "Plans": [
                    {
                      "Node Type": "Seq Scan",
                      "Parent Relationship": "Outer",
                      "Parallel Aware": true,
                      "Relation Name": "cast_info",
                      "Alias": "ci",
                      "Startup Cost": 0.0,
                      "Total Cost": 328162.03,
                      "Plan Rows": 5065141,
                      "Plan Width": 4,
                      "Actual Startup Time": 56.843,
                      "Actual Total Time": 608.969,
                      "Actual Rows": 4321794,
                      "Actual Loops": 7,
                      "Filter": "(person_id > 579579)",
                      "Rows Removed by Filter": 855969
                    },
                    {
                      "Node Type": "Hash",
                      "Parent Relationship": "Inner",
                      "Parallel Aware": true,
                      "Startup Cost": 80967.78,
                      "Total Cost": 80967.78,
                      "Plan Rows": 815243,
                      "Plan Width": 8,
                      "Actual Startup Time": 562.37,
                      "Actual Total Time": 563.263,
                      "Actual Rows": 366692,
                      "Actual Loops": 7,
                      "Hash Buckets": 4194304,
                      "Original Hash Buckets": 4194304,
                      "Hash Batches": 1,
                      "Original Hash Batches": 1,
                      "Peak Memory Usage": 133280,
                      "Plans": [
                        {
                          "Node Type": "Hash Join",
                          "Parent Relationship": "Outer",
                          "Parallel Aware": true,
                          "Join Type": "Inner",
                          "Startup Cost": 51551.89,
                          "Total Cost": 80967.78,
                          "Plan Rows": 815243,
                          "Plan Width": 8,
                          "Actual Startup Time": 243.995,
                          "Actual Total Time": 423.125,
                          "Actual Rows": 366692,
                          "Actual Loops": 7,
                          "Inner Unique": true,
                          "Hash Cond": "(mc.movie_id = t.id)",
                          "Plans": [
                            {
                              "Node Type": "Seq Scan",
                              "Parent Relationship": "Outer",
                              "Parallel Aware": true,
                              "Relation Name": "movie_companies",
                              "Alias": "mc",
                              "Startup Cost": 0.0,
                              "Total Cost": 27206.55,
                              "Plan Rows": 841655,
                              "Plan Width": 4,
                              "Actual Startup Time": 0.018,
                              "Actual Total Time": 39.745,
                              "Actual Rows": 372733,
                              "Actual Loops": 7
                            },
                            {
                              "Node Type": "Hash",
                              "Parent Relationship": "Inner",
                              "Parallel Aware": true,
                              "Startup Cost": 43898.92,
                              "Total Cost": 43898.92,
                              "Plan Rows": 612238,
                              "Plan Width": 4,
                              "Actual Startup Time": 240.51,
                              "Actual Total Time": 240.511,
                              "Actual Rows": 349540,
                              "Actual Loops": 7,
                              "Hash Buckets": 4194304,
                              "Original Hash Buckets": 4194304,
                              "Hash Batches": 1,
                              "Original Hash Batches": 1,
                              "Peak Memory Usage": 128576,
                              "Plans": [
                                {
                                  "Node Type": "Seq Scan",
                                  "Parent Relationship": "Outer",
                                  "Parallel Aware": true,
                                  "Relation Name": "title",
                                  "Alias": "t",
                                  "Startup Cost": 0.0,
                                  "Total Cost": 43898.92,
                                  "Plan Rows": 612238,
                                  "Plan Width": 4,
                                  "Actual Startup Time": 0.047,
                                  "Actual Total Time": 78.323,
                                  "Actual Rows": 349540,
                                  "Actual Loops": 7,
                                  "Filter": "(production_year > 1901)",
                                  "Rows Removed by Filter": 11647
                                }
                              ]
                            }
                          ]
                        }
                      ]
                    }
                  ]
                }
              ]
            }
          ]
        }
      ]
    },
    "Planning Time": 1.361,
    "Triggers": [],
    "Execution Time": 3942.852
  }
]