[
  {
    "Plan": {
      "Node Type": "Aggregate",
      "Strategy": "Plain",
      "Partial Mode": "Finalize",
      "Parallel Aware": false,
      "Startup Cost": 44132.18,
      "Total Cost": 44132.19,
      "Plan Rows": 1,
      "Plan Width": 8,
      "Actual Startup Time": 216.348,
      "Actual Total Time": 232.662,
      "Actual Rows": 1,
      "Actual Loops": 1,
      "Plans": [
        {
          "Node Type": "Gather",
          "Parent Relationship": "Outer",
          "Parallel Aware": false,
          "Startup Cost": 44131.86,
          "Total Cost": 44132.17,
          "Plan Rows": 3,
          "Plan Width": 8,
          "Actual Startup Time": 215.799,
          "Actual Total Time": 232.647,
          "Actual Rows": 4,
          "Actual Loops": 1,
          "Workers Planned": 3,
          "Workers Launched": 3,
          "Single Copy": false,
          "Plans": [
            {
              "Node Type": "Aggregate",
              "Strategy": "Plain",
              "Partial Mode": "Partial",
              "Parent Relationship": "Outer",
              "Parallel Aware": false,
              "Startup Cost": 43131.86,
              "Total Cost": 43131.87,
              "Plan Rows": 1,
              "Plan Width": 8,
              "Actual Startup Time": 208.048,
              "Actual Total Time": 208.051,
              "Actual Rows": 1,
              "Actual Loops": 4,
              "Plans": [
                {
                  "Node Type": "Bitmap Heap Scan",
                  "Parent Relationship": "Outer",
                  "Parallel Aware": true,
                  "Relation Name": "movie_keyword",
                  "Alias": "mk",
                  "Startup Cost": 15208.76,
                  "Total Cost": 42553.68,
                  "Plan Rows": 231273,
                  "Plan Width": 0,
                  "Actual Startup Time": 76.701,
                  "Actual Total Time": 194.422,
                  "Actual Rows": 178590,
                  "Actual Loops": 4,
                  "Recheck Cond": "(keyword_id > 26410)",
                  "Rows Removed by Index Recheck": 0,
                  "Exact Heap Blocks": 8728,
                  "Lossy Heap Blocks": 0,
                  "Plans": [
                    {
                      "Node Type": "Bitmap Index Scan",
                      "Parent Relationship": "Outer",
                      "Parallel Aware": false,
                      "Index Name": "keyword_id_movie_keyword",
                      "Startup Cost": 0.0,
                      "Total Cost": 15029.53,
                      "Plan Rows": 716946,
                      "Plan Width": 0,
                      "Actual Startup Time": 77.894,
                      "Actual Total Time": 77.895,
                      "Actual Rows": 714361,
                      "Actual Loops": 1,
                      "Index Cond": "(keyword_id > 26410)"
                    }
                  ]
                }
              ]
            }
          ]
        }
      ]
    },
    "Planning Time": 0.226,
    "Triggers": [],
    "Execution Time": 232.757
  }
]