[
  {
    "Plan": {
      "Node Type": "Aggregate",
      "Strategy": "Plain",
      "Partial Mode": "Finalize",
      "Parallel Aware": false,
      "Startup Cost": 44271.86,
      "Total Cost": 44271.87,
      "Plan Rows": 1,
      "Plan Width": 8,
      "Actual Startup Time": 141.419,
      "Actual Total Time": 150.065,
      "Actual Rows": 1,
      "Actual Loops": 1,
      "Plans": [
        {
          "Node Type": "Gather",
          "Parent Relationship": "Outer",
          "Parallel Aware": false,
          "Startup Cost": 44271.55,
          "Total Cost": 44271.86,
          "Plan Rows": 3,
          "Plan Width": 8,
          "Actual Startup Time": 141.193,
          "Actual Total Time": 150.057,
          "Actual Rows": 4,
          "Actual Loops": 1,
          "Workers Planned": 3,
          "Workers Launched": 3,
          "Single Copy": false,
          "Plans": [
            {
              "Node Type": "Aggregate",
              "Strategy": "Plain",
              "Partial Mode": "Partial",
              "Parent Relationship": "Outer",
              "Parallel Aware": false,
              "Startup Cost": 43271.55,
              "Total Cost": 43271.56,
              "Plan Rows": 1,
              "Plan Width": 8,
              "Actual Startup Time": 134.871,
              "Actual Total Time": 134.872,
              "Actual Rows": 1,
              "Actual Loops": 4,
              "Plans": [
                {
                  "Node Type": "Bitmap Heap Scan",
                  "Parent Relationship": "Outer",
                  "Parallel Aware": true,
                  "Relation Name": "movie_keyword",
                  "Alias": "mk",
                  "Startup Cost": 15322.44,
                  "Total Cost": 42689.03,
                  "Plan Rows": 233007,
                  "Plan Width": 0,
                  "Actual Startup Time": 50.412,
                  "Actual Total Time": 125.517,
                  "Actual Rows": 178590,
                  "Actual Loops": 4,
                  "Recheck Cond": "(keyword_id > 26410)",
                  "Rows Removed by Index Recheck": 0,
                  "Exact Heap Blocks": 9917,
                  "Lossy Heap Blocks": 0,
                  "Plans": [
                    {
                      "Node Type": "Bitmap Index Scan",
                      "Parent Relationship": "Outer",
                      "Parallel Aware": false,
                      "Index Name": "keyword_id_movie_keyword",
                      "Startup Cost": 0.0,
                      "Total Cost": 15141.86,
                      "Plan Rows": 722323,
                      "Plan Width": 0,
                      "Actual Startup Time": 52.406,
                      "Actual Total Time": 52.406,
                      "Actual Rows": 714361,
                      "Actual Loops": 1,
                      "Index Cond": "(keyword_id > 26410)"
                    }
                  ]
                }
              ]
            }
          ]
        }
      ]
    },
    "Planning Time": 0.174,
    "Triggers": [],
    "Execution Time": 150.137
  }
]