[
    {
        "Bao": {
            "Bao prediction": 1339.269,
            "Bao recommended hint": "(no hint)"
        }
    },
    {
        "Plan": {
            "Node Type": "Aggregate",
            "Strategy": "Plain",
            "Partial Mode": "Finalize",
            "Parallel Aware": false,
            "Startup Cost": 651633.47,
            "Total Cost": 651633.48,
            "Plan Rows": 1,
            "Plan Width": 8,
            "Actual Startup Time": 5398.834,
            "Actual Total Time": 5471.965,
            "Actual Rows": 1,
            "Actual Loops": 1,
            "Output": [
                "count(*)"
            ],
            "Plans": [
                {
                    "Node Type": "Gather",
                    "Parent Relationship": "Outer",
                    "Parallel Aware": false,
                    "Startup Cost": 651632.95,
                    "Total Cost": 651633.46,
                    "Plan Rows": 5,
                    "Plan Width": 8,
                    "Actual Startup Time": 5328.848,
                    "Actual Total Time": 5471.95,
                    "Actual Rows": 6,
                    "Actual Loops": 1,
                    "Output": [
                        "(PARTIAL count(*))"
                    ],
                    "Workers Planned": 5,
                    "Workers Launched": 5,
                    "Single Copy": false,
                    "Plans": [
                        {
                            "Node Type": "Aggregate",
                            "Strategy": "Plain",
                            "Partial Mode": "Partial",
                            "Parent Relationship": "Outer",
                            "Parallel Aware": false,
                            "Startup Cost": 650632.95,
                            "Total Cost": 650632.96,
                            "Plan Rows": 1,
                            "Plan Width": 8,
                            "Actual Startup Time": 5297.506,
                            "Actual Total Time": 5299.436,
                            "Actual Rows": 1,
                            "Actual Loops": 6,
                            "Output": [
                                "PARTIAL count(*)"
                            ],
                            "Workers": [
                                {
                                    "Worker Number": 0,
                                    "Actual Startup Time": 5290.442,
                                    "Actual Total Time": 5290.447,
                                    "Actual Rows": 1,
                                    "Actual Loops": 1
                                },
                                {
                                    "Worker Number": 1,
                                    "Actual Startup Time": 5290.502,
                                    "Actual Total Time": 5290.506,
                                    "Actual Rows": 1,
                                    "Actual Loops": 1
                                },
                                {
                                    "Worker Number": 2,
                                    "Actual Startup Time": 5295.304,
                                    "Actual Total Time": 5295.308,
                                    "Actual Rows": 1,
                                    "Actual Loops": 1
                                },
                                {
                                    "Worker Number": 3,
                                    "Actual Startup Time": 5290.455,
                                    "Actual Total Time": 5290.459,
                                    "Actual Rows": 1,
                                    "Actual Loops": 1
                                },
                                {
                                    "Worker Number": 4,
                                    "Actual Startup Time": 5290.498,
                                    "Actual Total Time": 5290.502,
                                    "Actual Rows": 1,
                                    "Actual Loops": 1
                                }
                            ],
                            "Plans": [
                                {
                                    "Node Type": "Hash Join",
                                    "Parent Relationship": "Outer",
                                    "Parallel Aware": true,
                                    "Join Type": "Inner",
                                    "Startup Cost": 412790.3,
                                    "Total Cost": 629469.07,
                                    "Plan Rows": 8465552,
                                    "Plan Width": 0,
                                    "Actual Startup Time": 2589.664,
                                    "Actual Total Time": 4873.974,
                                    "Actual Rows": 10191076,
                                    "Actual Loops": 6,
                                    "Inner Unique": false,
                                    "Hash Cond": "(mi.movie_id = t.id)",
                                    "Workers": [
                                        {
                                            "Worker Number": 0,
                                            "Actual Startup Time": 2583.527,
                                            "Actual Total Time": 4885.128,
                                            "Actual Rows": 10347802,
                                            "Actual Loops": 1
                                        },
                                        {
                                            "Worker Number": 1,
                                            "Actual Startup Time": 2583.369,
                                            "Actual Total Time": 4854.897,
                                            "Actual Rows": 10192387,
                                            "Actual Loops": 1
                                        },
                                        {
                                            "Worker Number": 2,
                                            "Actual Startup Time": 2583.451,
                                            "Actual Total Time": 4889.296,
                                            "Actual Rows": 10507831,
                                            "Actual Loops": 1
                                        },
                                        {
                                            "Worker Number": 3,
                                            "Actual Startup Time": 2583.211,
                                            "Actual Total Time": 4857.437,
                                            "Actual Rows": 10169808,
                                            "Actual Loops": 1
                                        },
                                        {
                                            "Worker Number": 4,
                                            "Actual Startup Time": 2583.671,
                                            "Actual Total Time": 4835.85,
                                            "Actual Rows": 9243999,
                                            "Actual Loops": 1
                                        }
                                    ],
                                    "Plans": [
                                        {
                                            "Node Type": "Seq Scan",
                                            "Parent Relationship": "Outer",
                                            "Parallel Aware": true,
                                            "Relation Name": "movie_info",
                                            "Schema": "public",
                                            "Alias": "mi",
                                            "Startup Cost": 0.0,
                                            "Total Cost": 191503.19,
                                            "Plan Rows": 2951019,
                                            "Plan Width": 4,
                                            "Actual Startup Time": 0.029,
                                            "Actual Total Time": 262.171,
                                            "Actual Rows": 2472620,
                                            "Actual Loops": 6,
                                            "Output": [
                                                "mi.id",
                                                "mi.movie_id",
                                                "mi.info_type_id",
                                                "mi.info",
                                                "mi.note"
                                            ],
                                            "Workers": [
                                                {
                                                    "Worker Number": 0,
                                                    "Actual Startup Time": 0.028,
                                                    "Actual Total Time": 272.865,
                                                    "Actual Rows": 2491950,
                                                    "Actual Loops": 1
                                                },
                                                {
                                                    "Worker Number": 1,
                                                    "Actual Startup Time": 0.031,
                                                    "Actual Total Time": 270.643,
                                                    "Actual Rows": 2487273,
                                                    "Actual Loops": 1
                                                },
                                                {
                                                    "Worker Number": 2,
                                                    "Actual Startup Time": 0.026,
                                                    "Actual Total Time": 272.733,
                                                    "Actual Rows": 2536554,
                                                    "Actual Loops": 1
                                                },
                                                {
                                                    "Worker Number": 3,
                                                    "Actual Startup Time": 0.037,
                                                    "Actual Total Time": 268.921,
                                                    "Actual Rows": 2469112,
                                                    "Actual Loops": 1
                                                },
                                                {
                                                    "Worker Number": 4,
                                                    "Actual Startup Time": 0.029,
                                                    "Actual Total Time": 277.708,
                                                    "Actual Rows": 2236947,
                                                    "Actual Loops": 1
                                                }
                                            ]
                                        },
                                        {
                                            "Node Type": "Hash",
                                            "Parent Relationship": "Inner",
                                            "Parallel Aware": true,
                                            "Startup Cost": 397679.95,
                                            "Total Cost": 397679.95,
                                            "Plan Rows": 1208828,
                                            "Plan Width": 8,
                                            "Actual Startup Time": 2574.257,
                                            "Actual Total Time": 2576.185,
                                            "Actual Rows": 1185410,
                                            "Actual Loops": 6,
                                            "Output": [
                                                "t.id",
                                                "ci.movie_id"
                                            ],
                                            "Hash Buckets": 8388608,
                                            "Original Hash Buckets": 8388608,
                                            "Hash Batches": 1,
                                            "Original Hash Batches": 1,
                                            "Peak Memory Usage": 343872,
                                            "Workers": [
                                                {
                                                    "Worker Number": 0,
                                                    "Actual Startup Time": 2580.972,
                                                    "Actual Total Time": 2580.976,
                                                    "Actual Rows": 1103210,
                                                    "Actual Loops": 1
                                                },
                                                {
                                                    "Worker Number": 1,
                                                    "Actual Startup Time": 2581.136,
                                                    "Actual Total Time": 2581.139,
                                                    "Actual Rows": 1170020,
                                                    "Actual Loops": 1
                                                },
                                                {
                                                    "Worker Number": 2,
                                                    "Actual Startup Time": 2580.976,
                                                    "Actual Total Time": 2580.979,
                                                    "Actual Rows": 1239139,
                                                    "Actual Loops": 1
                                                },
                                                {
                                                    "Worker Number": 3,
                                                    "Actual Startup Time": 2581.098,
                                                    "Actual Total Time": 2581.101,
                                                    "Actual Rows": 1161125,
                                                    "Actual Loops": 1
                                                },
                                                {
                                                    "Worker Number": 4,
                                                    "Actual Startup Time": 2581.086,
                                                    "Actual Total Time": 2581.089,
                                                    "Actual Rows": 1160353,
                                                    "Actual Loops": 1
                                                }
                                            ],
                                            "Plans": [
                                                {
                                                    "Node Type": "Hash Join",
                                                    "Parent Relationship": "Outer",
                                                    "Parallel Aware": true,
                                                    "Join Type": "Inner",
                                                    "Startup Cost": 47616.04,
                                                    "Total Cost": 397679.95,
                                                    "Plan Rows": 1208828,
                                                    "Plan Width": 8,
                                                    "Actual Startup Time": 431.984,
                                                    "Actual Total Time": 1993.945,
                                                    "Actual Rows": 1185410,
                                                    "Actual Loops": 6,
                                                    "Output": [
                                                        "t.id",
                                                        "ci.movie_id"
                                                    ],
                                                    "Inner Unique": true,
                                                    "Hash Cond": "(ci.movie_id = t.id)",
                                                    "Workers": [
                                                        {
                                                            "Worker Number": 0,
                                                            "Actual Startup Time": 431.73,
                                                            "Actual Total Time": 1997.59,
                                                            "Actual Rows": 1103210,
                                                            "Actual Loops": 1
                                                        },
                                                        {
                                                            "Worker Number": 1,
                                                            "Actual Startup Time": 431.861,
                                                            "Actual Total Time": 1991.547,
                                                            "Actual Rows": 1170020,
                                                            "Actual Loops": 1
                                                        },
                                                        {
                                                            "Worker Number": 2,
                                                            "Actual Startup Time": 432.197,
                                                            "Actual Total Time": 1990.979,
                                                            "Actual Rows": 1239139,
                                                            "Actual Loops": 1
                                                        },
                                                        {
                                                            "Worker Number": 3,
                                                            "Actual Startup Time": 432.171,
                                                            "Actual Total Time": 1990.708,
                                                            "Actual Rows": 1161125,
                                                            "Actual Loops": 1
                                                        },
                                                        {
                                                            "Worker Number": 4,
                                                            "Actual Startup Time": 431.714,
                                                            "Actual Total Time": 1993.859,
                                                            "Actual Rows": 1160353,
                                                            "Actual Loops": 1
                                                        }
                                                    ],
                                                    "Plans": [
                                                        {
                                                            "Node Type": "Seq Scan",
                                                            "Parent Relationship": "Outer",
                                                            "Parallel Aware": true,
                                                            "Relation Name": "cast_info",
                                                            "Schema": "public",
                                                            "Alias": "ci",
                                                            "Startup Cost": 0.0,
                                                            "Total Cost": 343318.94,
                                                            "Plan Rows": 2569505,
                                                            "Plan Width": 4,
                                                            "Actual Startup Time": 217.038,
                                                            "Actual Total Time": 916.578,
                                                            "Actual Rows": 2264890,
                                                            "Actual Loops": 6,
                                                            "Output": [
                                                                "ci.id",
                                                                "ci.person_id",
                                                                "ci.movie_id",
                                                                "ci.person_role_id",
                                                                "ci.note",
                                                                "ci.nr_order",
                                                                "ci.role_id"
                                                            ],
                                                            "Filter": "((ci.person_id > 1302634) AND (ci.role_id < 4))",
                                                            "Rows Removed by Filter": 3775834,
                                                            "Workers": [
                                                                {
                                                                    "Worker Number": 0,
                                                                    "Actual Startup Time": 216.983,
                                                                    "Actual Total Time": 929.38,
                                                                    "Actual Rows": 2132316,
                                                                    "Actual Loops": 1
                                                                },
                                                                {
                                                                    "Worker Number": 1,
                                                                    "Actual Startup Time": 216.972,
                                                                    "Actual Total Time": 928.207,
                                                                    "Actual Rows": 2232595,
                                                                    "Actual Loops": 1
                                                                },
                                                                {
                                                                    "Worker Number": 2,
                                                                    "Actual Startup Time": 217.109,
                                                                    "Actual Total Time": 912.302,
                                                                    "Actual Rows": 2344598,
                                                                    "Actual Loops": 1
                                                                },
                                                                {
                                                                    "Worker Number": 3,
                                                                    "Actual Startup Time": 216.944,
                                                                    "Actual Total Time": 924.62,
                                                                    "Actual Rows": 2222849,
                                                                    "Actual Loops": 1
                                                                },
                                                                {
                                                                    "Worker Number": 4,
                                                                    "Actual Startup Time": 217.085,
                                                                    "Actual Total Time": 928.66,
                                                                    "Actual Rows": 2237074,
                                                                    "Actual Loops": 1
                                                                }
                                                            ]
                                                        },
                                                        {
                                                            "Node Type": "Hash",
                                                            "Parent Relationship": "Inner",
                                                            "Parallel Aware": true,
                                                            "Startup Cost": 43899.01,
                                                            "Total Cost": 43899.01,
                                                            "Plan Rows": 297363,
                                                            "Plan Width": 4,
                                                            "Actual Startup Time": 211.814,
                                                            "Actual Total Time": 211.815,
                                                            "Actual Rows": 198753,
                                                            "Actual Loops": 6,
                                                            "Output": [
                                                                "t.id"
                                                            ],
                                                            "Hash Buckets": 2097152,
                                                            "Original Hash Buckets": 2097152,
                                                            "Hash Batches": 1,
                                                            "Original Hash Batches": 1,
                                                            "Peak Memory Usage": 63136,
                                                            "Workers": [
                                                                {
                                                                    "Worker Number": 0,
                                                                    "Actual Startup Time": 214.483,
                                                                    "Actual Total Time": 214.485,
                                                                    "Actual Rows": 170442,
                                                                    "Actual Loops": 1
                                                                },
                                                                {
                                                                    "Worker Number": 1,
                                                                    "Actual Startup Time": 214.491,
                                                                    "Actual Total Time": 214.492,
                                                                    "Actual Rows": 189134,
                                                                    "Actual Loops": 1
                                                                },
                                                                {
                                                                    "Worker Number": 2,
                                                                    "Actual Startup Time": 214.531,
                                                                    "Actual Total Time": 214.532,
                                                                    "Actual Rows": 191011,
                                                                    "Actual Loops": 1
                                                                },
                                                                {
                                                                    "Worker Number": 3,
                                                                    "Actual Startup Time": 214.492,
                                                                    "Actual Total Time": 214.493,
                                                                    "Actual Rows": 187673,
                                                                    "Actual Loops": 1
                                                                },
                                                                {
                                                                    "Worker Number": 4,
                                                                    "Actual Startup Time": 214.53,
                                                                    "Actual Total Time": 214.531,
                                                                    "Actual Rows": 190355,
                                                                    "Actual Loops": 1
                                                                }
                                                            ],
                                                            "Plans": [
                                                                {
                                                                    "Node Type": "Seq Scan",
                                                                    "Parent Relationship": "Outer",
                                                                    "Parallel Aware": true,
                                                                    "Relation Name": "title",
                                                                    "Schema": "public",
                                                                    "Alias": "t",
                                                                    "Startup Cost": 0.0,
                                                                    "Total Cost": 43899.01,
                                                                    "Plan Rows": 297363,
                                                                    "Plan Width": 4,
                                                                    "Actual Startup Time": 0.042,
                                                                    "Actual Total Time": 102.763,
                                                                    "Actual Rows": 198753,
                                                                    "Actual Loops": 6,
                                                                    "Output": [
                                                                        "t.id"
                                                                    ],
                                                                    "Filter": "(t.production_year > 2003)",
                                                                    "Rows Removed by Filter": 222632,
                                                                    "Workers": [
                                                                        {
                                                                            "Worker Number": 0,
                                                                            "Actual Startup Time": 0.031,
                                                                            "Actual Total Time": 106.131,
                                                                            "Actual Rows": 170442,
                                                                            "Actual Loops": 1
                                                                        },
                                                                        {
                                                                            "Worker Number": 1,
                                                                            "Actual Startup Time": 0.047,
                                                                            "Actual Total Time": 105.703,
                                                                            "Actual Rows": 189134,
                                                                            "Actual Loops": 1
                                                                        },
                                                                        {
                                                                            "Worker Number": 2,
                                                                            "Actual Startup Time": 0.055,
                                                                            "Actual Total Time": 105.018,
                                                                            "Actual Rows": 191011,
                                                                            "Actual Loops": 1
                                                                        },
                                                                        {
                                                                            "Worker Number": 3,
                                                                            "Actual Startup Time": 0.049,
                                                                            "Actual Total Time": 104.335,
                                                                            "Actual Rows": 187673,
                                                                            "Actual Loops": 1
                                                                        },
                                                                        {
                                                                            "Worker Number": 4,
                                                                            "Actual Startup Time": 0.05,
                                                                            "Actual Total Time": 104.221,
                                                                            "Actual Rows": 190355,
                                                                            "Actual Loops": 1
                                                                        }
                                                                    ]
                                                                }
                                                            ]
                                                        }
                                                    ]
                                                }
                                            ]
                                        }
                                    ]
                                }
                            ]
                        }
                    ]
                }
            ]
        },
        "Planning Time": 2302.319,
        "Triggers": [],
        "Execution Time": 5472.11
    }
]