{
    "Plan": {
        "Node Type": "Aggregate",
        "Strategy": "Plain",
        "Partial Mode": "Finalize",
        "Parallel Aware": false,
        "Startup Cost": 308890.97,
        "Total Cost": 308890.98,
        "Plan Rows": 1,
        "Plan Width": 8,
        "Actual Startup Time": 1989.953,
        "Actual Total Time": 2091.209,
        "Actual Rows": 1,
        "Actual Loops": 1,
        "Output": [
            "count(*)"
        ],
        "Plans": [
            {
                "Node Type": "Gather",
                "Parent Relationship": "Outer",
                "Parallel Aware": false,
                "Startup Cost": 308890.45,
                "Total Cost": 308890.96,
                "Plan Rows": 5,
                "Plan Width": 8,
                "Actual Startup Time": 1989.835,
                "Actual Total Time": 2091.199,
                "Actual Rows": 6,
                "Actual Loops": 1,
                "Output": [
                    "(PARTIAL count(*))"
                ],
                "Workers Planned": 5,
                "Workers Launched": 5,
                "Single Copy": false,
                "Plans": [
                    {
                        "Node Type": "Aggregate",
                        "Strategy": "Plain",
                        "Partial Mode": "Partial",
                        "Parent Relationship": "Outer",
                        "Parallel Aware": false,
                        "Startup Cost": 307890.45,
                        "Total Cost": 307890.46,
                        "Plan Rows": 1,
                        "Plan Width": 8,
                        "Actual Startup Time": 1979.076,
                        "Actual Total Time": 1979.079,
                        "Actual Rows": 1,
                        "Actual Loops": 6,
                        "Output": [
                            "PARTIAL count(*)"
                        ],
                        "Workers": [
                            {
                                "Worker Number": 0,
                                "Actual Startup Time": 1976.775,
                                "Actual Total Time": 1976.777,
                                "Actual Rows": 1,
                                "Actual Loops": 1
                            },
                            {
                                "Worker Number": 1,
                                "Actual Startup Time": 1976.67,
                                "Actual Total Time": 1976.673,
                                "Actual Rows": 1,
                                "Actual Loops": 1
                            },
                            {
                                "Worker Number": 2,
                                "Actual Startup Time": 1976.705,
                                "Actual Total Time": 1976.708,
                                "Actual Rows": 1,
                                "Actual Loops": 1
                            },
                            {
                                "Worker Number": 3,
                                "Actual Startup Time": 1977.383,
                                "Actual Total Time": 1977.385,
                                "Actual Rows": 1,
                                "Actual Loops": 1
                            },
                            {
                                "Worker Number": 4,
                                "Actual Startup Time": 1977.901,
                                "Actual Total Time": 1977.904,
                                "Actual Rows": 1,
                                "Actual Loops": 1
                            }
                        ],
                        "Plans": [
                            {
                                "Node Type": "Nested Loop",
                                "Parent Relationship": "Outer",
                                "Parallel Aware": false,
                                "Join Type": "Inner",
                                "Startup Cost": 0.99,
                                "Total Cost": 306920.76,
                                "Plan Rows": 387875,
                                "Plan Width": 0,
                                "Actual Startup Time": 175.797,
                                "Actual Total Time": 1858.207,
                                "Actual Rows": 2757710,
                                "Actual Loops": 6,
                                "Inner Unique": false,
                                "Workers": [
                                    {
                                        "Worker Number": 0,
                                        "Actual Startup Time": 173.343,
                                        "Actual Total Time": 1852.616,
                                        "Actual Rows": 2796860,
                                        "Actual Loops": 1
                                    },
                                    {
                                        "Worker Number": 1,
                                        "Actual Startup Time": 173.119,
                                        "Actual Total Time": 1855.017,
                                        "Actual Rows": 2721490,
                                        "Actual Loops": 1
                                    },
                                    {
                                        "Worker Number": 2,
                                        "Actual Startup Time": 173.63,
                                        "Actual Total Time": 1871.405,
                                        "Actual Rows": 2358769,
                                        "Actual Loops": 1
                                    },
                                    {
                                        "Worker Number": 3,
                                        "Actual Startup Time": 174.409,
                                        "Actual Total Time": 1853.943,
                                        "Actual Rows": 2794712,
                                        "Actual Loops": 1
                                    },
                                    {
                                        "Worker Number": 4,
                                        "Actual Startup Time": 174.932,
                                        "Actual Total Time": 1855.44,
                                        "Actual Rows": 2758208,
                                        "Actual Loops": 1
                                    }
                                ],
                                "Plans": [
                                    {
                                        "Node Type": "Nested Loop",
                                        "Parent Relationship": "Outer",
                                        "Parallel Aware": false,
                                        "Join Type": "Inner",
                                        "Startup Cost": 0.43,
                                        "Total Cost": 246986.86,
                                        "Plan Rows": 27051,
                                        "Plan Width": 8,
                                        "Actual Startup Time": 175.733,
                                        "Actual Total Time": 350.175,
                                        "Actual Rows": 24581,
                                        "Actual Loops": 6,
                                        "Output": [
                                            "t.id",
                                            "mi.movie_id"
                                        ],
                                        "Inner Unique": true,
                                        "Workers": [
                                            {
                                                "Worker Number": 0,
                                                "Actual Startup Time": 173.27,
                                                "Actual Total Time": 348.652,
                                                "Actual Rows": 24793,
                                                "Actual Loops": 1
                                            },
                                            {
                                                "Worker Number": 1,
                                                "Actual Startup Time": 173.042,
                                                "Actual Total Time": 348.513,
                                                "Actual Rows": 23998,
                                                "Actual Loops": 1
                                            },
                                            {
                                                "Worker Number": 2,
                                                "Actual Startup Time": 173.544,
                                                "Actual Total Time": 347.744,
                                                "Actual Rows": 20788,
                                                "Actual Loops": 1
                                            },
                                            {
                                                "Worker Number": 3,
                                                "Actual Startup Time": 174.349,
                                                "Actual Total Time": 348.109,
                                                "Actual Rows": 24282,
                                                "Actual Loops": 1
                                            },
                                            {
                                                "Worker Number": 4,
                                                "Actual Startup Time": 174.86,
                                                "Actual Total Time": 350.798,
                                                "Actual Rows": 24884,
                                                "Actual Loops": 1
                                            }
                                        ],
                                        "Plans": [
                                            {
                                                "Node Type": "Seq Scan",
                                                "Parent Relationship": "Outer",
                                                "Parallel Aware": true,
                                                "Relation Name": "movie_info",
                                                "Schema": "public",
                                                "Alias": "mi",
                                                "Startup Cost": 0.0,
                                                "Total Cost": 198880.74,
                                                "Plan Rows": 27051,
                                                "Plan Width": 4,
                                                "Actual Startup Time": 175.655,
                                                "Actual Total Time": 285.692,
                                                "Actual Rows": 24581,
                                                "Actual Loops": 6,
                                                "Output": [
                                                    "mi.id",
                                                    "mi.movie_id",
                                                    "mi.info_type_id",
                                                    "mi.info",
                                                    "mi.note"
                                                ],
                                                "Filter": "(mi.info_type_id = 107)",
                                                "Rows Removed by Filter": 2448039,
                                                "Workers": [
                                                    {
                                                        "Worker Number": 0,
                                                        "Actual Startup Time": 173.178,
                                                        "Actual Total Time": 283.641,
                                                        "Actual Rows": 24793,
                                                        "Actual Loops": 1
                                                    },
                                                    {
                                                        "Worker Number": 1,
                                                        "Actual Startup Time": 172.93,
                                                        "Actual Total Time": 282.558,
                                                        "Actual Rows": 23998,
                                                        "Actual Loops": 1
                                                    },
                                                    {
                                                        "Worker Number": 2,
                                                        "Actual Startup Time": 173.45,
                                                        "Actual Total Time": 282.624,
                                                        "Actual Rows": 20788,
                                                        "Actual Loops": 1
                                                    },
                                                    {
                                                        "Worker Number": 3,
                                                        "Actual Startup Time": 174.285,
                                                        "Actual Total Time": 283.57,
                                                        "Actual Rows": 24282,
                                                        "Actual Loops": 1
                                                    },
                                                    {
                                                        "Worker Number": 4,
                                                        "Actual Startup Time": 174.782,
                                                        "Actual Total Time": 284.824,
                                                        "Actual Rows": 24884,
                                                        "Actual Loops": 1
                                                    }
                                                ]
                                            },
                                            {
                                                "Node Type": "Index Only Scan",
                                                "Parent Relationship": "Inner",
                                                "Parallel Aware": false,
                                                "Scan Direction": "Forward",
                                                "Index Name": "title_pkey",
                                                "Relation Name": "title",
                                                "Schema": "public",
                                                "Alias": "t",
                                                "Startup Cost": 0.43,
                                                "Total Cost": 1.78,
                                                "Plan Rows": 1,
                                                "Plan Width": 4,
                                                "Actual Startup Time": 0.002,
                                                "Actual Total Time": 0.002,
                                                "Actual Rows": 1,
                                                "Actual Loops": 147487,
                                                "Output": [
                                                    "t.id"
                                                ],
                                                "Index Cond": "(t.id = mi.movie_id)",
                                                "Rows Removed by Index Recheck": 0,
                                                "Heap Fetches": 147487,
                                                "Workers": [
                                                    {
                                                        "Worker Number": 0,
                                                        "Actual Startup Time": 0.002,
                                                        "Actual Total Time": 0.002,
                                                        "Actual Rows": 1,
                                                        "Actual Loops": 24793
                                                    },
                                                    {
                                                        "Worker Number": 1,
                                                        "Actual Startup Time": 0.002,
                                                        "Actual Total Time": 0.002,
                                                        "Actual Rows": 1,
                                                        "Actual Loops": 23998
                                                    },
                                                    {
                                                        "Worker Number": 2,
                                                        "Actual Startup Time": 0.003,
                                                        "Actual Total Time": 0.003,
                                                        "Actual Rows": 1,
                                                        "Actual Loops": 20788
                                                    },
                                                    {
                                                        "Worker Number": 3,
                                                        "Actual Startup Time": 0.002,
                                                        "Actual Total Time": 0.002,
                                                        "Actual Rows": 1,
                                                        "Actual Loops": 24282
                                                    },
                                                    {
                                                        "Worker Number": 4,
                                                        "Actual Startup Time": 0.002,
                                                        "Actual Total Time": 0.002,
                                                        "Actual Rows": 1,
                                                        "Actual Loops": 24884
                                                    }
                                                ]
                                            }
                                        ]
                                    },
                                    {
                                        "Node Type": "Index Only Scan",
                                        "Parent Relationship": "Inner",
                                        "Parallel Aware": false,
                                        "Scan Direction": "Forward",
                                        "Index Name": "movie_id_cast_info",
                                        "Relation Name": "cast_info",
                                        "Schema": "public",
                                        "Alias": "ci",
                                        "Startup Cost": 0.56,
                                        "Total Cost": 1.84,
                                        "Plan Rows": 38,
                                        "Plan Width": 4,
                                        "Actual Startup Time": 0.006,
                                        "Actual Total Time": 0.054,
                                        "Actual Rows": 112,
                                        "Actual Loops": 147487,
                                        "Output": [
                                            "ci.movie_id"
                                        ],
                                        "Index Cond": "(ci.movie_id = t.id)",
                                        "Rows Removed by Index Recheck": 0,
                                        "Heap Fetches": 16546260,
                                        "Workers": [
                                            {
                                                "Worker Number": 0,
                                                "Actual Startup Time": 0.006,
                                                "Actual Total Time": 0.053,
                                                "Actual Rows": 113,
                                                "Actual Loops": 24793
                                            },
                                            {
                                                "Worker Number": 1,
                                                "Actual Startup Time": 0.006,
                                                "Actual Total Time": 0.055,
                                                "Actual Rows": 113,
                                                "Actual Loops": 23998
                                            },
                                            {
                                                "Worker Number": 2,
                                                "Actual Startup Time": 0.006,
                                                "Actual Total Time": 0.065,
                                                "Actual Rows": 113,
                                                "Actual Loops": 20788
                                            },
                                            {
                                                "Worker Number": 3,
                                                "Actual Startup Time": 0.006,
                                                "Actual Total Time": 0.054,
                                                "Actual Rows": 115,
                                                "Actual Loops": 24282
                                            },
                                            {
                                                "Worker Number": 4,
                                                "Actual Startup Time": 0.006,
                                                "Actual Total Time": 0.053,
                                                "Actual Rows": 111,
                                                "Actual Loops": 24884
                                            }
                                        ]
                                    }
                                ]
                            }
                        ]
                    }
                ]
            }
        ]
    },
    "Planning Time": 1.525,
    "Triggers": [],
    "Execution Time": 2091.314
}