[
  {
    "Plan": {
      "Node Type": "Aggregate",
      "Strategy": "Plain",
      "Partial Mode": "Finalize",
      "Parallel Aware": false,
      "Startup Cost": 30843.77,
      "Total Cost": 30843.78,
      "Plan Rows": 1,
      "Plan Width": 8,
      "Actual Startup Time": 26.625,
      "Actual Total Time": 32.201,
      "Actual Rows": 1,
      "Actual Loops": 1,
      "Plans": [
        {
          "Node Type": "Gather",
          "Parent Relationship": "Outer",
          "Parallel Aware": false,
          "Startup Cost": 30843.56,
          "Total Cost": 30843.77,
          "Plan Rows": 2,
          "Plan Width": 8,
          "Actual Startup Time": 26.369,
          "Actual Total Time": 32.194,
          "Actual Rows": 3,
          "Actual Loops": 1,
          "Workers Planned": 2,
          "Workers Launched": 2,
          "Single Copy": false,
          "Plans": [
            {
              "Node Type": "Aggregate",
              "Strategy": "Plain",
              "Partial Mode": "Partial",
              "Parent Relationship": "Outer",
              "Parallel Aware": false,
              "Startup Cost": 29843.56,
              "Total Cost": 29843.57,
              "Plan Rows": 1,
              "Plan Width": 8,
              "Actual Startup Time": 20.852,
              "Actual Total Time": 20.854,
              "Actual Rows": 1,
              "Actual Loops": 3,
              "Plans": [
                {
                  "Node Type": "Nested Loop",
                  "Parent Relationship": "Outer",
                  "Parallel Aware": false,
                  "Join Type": "Inner",
                  "Startup Cost": 197.19,
                  "Total Cost": 29838.79,
                  "Plan Rows": 1908,
                  "Plan Width": 0,
                  "Actual Startup Time": 6.67,
                  "Actual Total Time": 20.702,
                  "Actual Rows": 1219,
                  "Actual Loops": 3,
                  "Inner Unique": true,
                  "Plans": [
                    {
                      "Node Type": "Bitmap Heap Scan",
                      "Parent Relationship": "Outer",
                      "Parallel Aware": true,
                      "Relation Name": "movie_companies",
                      "Alias": "mc",
                      "Startup Cost": 196.76,
                      "Total Cost": 15723.15,
                      "Plan Rows": 1908,
                      "Plan Width": 4,
                      "Actual Startup Time": 6.523,
                      "Actual Total Time": 10.036,
                      "Actual Rows": 1219,
                      "Actual Loops": 3,
                      "Recheck Cond": "(company_id = 1451)",
                      "Rows Removed by Index Recheck": 0,
                      "Filter": "(company_type_id = 2)",
                      "Rows Removed by Filter": 1937,
                      "Exact Heap Blocks": 4175,
                      "Lossy Heap Blocks": 0,
                      "Plans": [
                        {
                          "Node Type": "Bitmap Index Scan",
                          "Parent Relationship": "Outer",
                          "Parallel Aware": false,
                          "Index Name": "company_id_movie_companies",
                          "Startup Cost": 0.0,
                          "Total Cost": 195.62,
                          "Plan Rows": 8958,
                          "Plan Width": 0,
                          "Actual Startup Time": 3.24,
                          "Actual Total Time": 3.24,
                          "Actual Rows": 9466,
                          "Actual Loops": 1,
                          "Index Cond": "(company_id = 1451)"
                        }
                      ]
                    },
                    {
                      "Node Type": "Index Only Scan",
                      "Parent Relationship": "Inner",
                      "Parallel Aware": false,
                      "Scan Direction": "Forward",
                      "Index Name": "title_pkey",
                      "Relation Name": "title",
                      "Alias": "t",
                      "Startup Cost": 0.43,
                      "Total Cost": 7.4,
                      "Plan Rows": 1,
                      "Plan Width": 4,
                      "Actual Startup Time": 0.008,
                      "Actual Total Time": 0.008,
                      "Actual Rows": 1,
                      "Actual Loops": 3656,
                      "Index Cond": "(id = mc.movie_id)",
                      "Rows Removed by Index Recheck": 0,
                      "Heap Fetches": 3656
                    }
                  ]
                }
              ]
            }
          ]
        }
      ]
    },
    "Planning Time": 0.344,
    "Triggers": [],
    "Execution Time": 32.251
  }
]