{
  "Plan": {
    "Node Type": "Aggregate",
    "Strategy": "Plain",
    "Partial Mode": "Finalize",
    "Parallel Aware": false,
    "Startup Cost": 390438.95,
    "Total Cost": 390438.96,
    "Plan Rows": 1,
    "Plan Width": 8,
    "Actual Startup Time": 971.798,
    "Actual Total Time": 987.103,
    "Actual Rows": 1,
    "Actual Loops": 1,
    "Plans": [
      {
        "Node Type": "Gather",
        "Parent Relationship": "Outer",
        "Parallel Aware": false,
        "Startup Cost": 390438.84,
        "Total Cost": 390438.95,
        "Plan Rows": 1,
        "Plan Width": 8,
        "Actual Startup Time": 967.117,
        "Actual Total Time": 987.096,
        "Actual Rows": 2,
        "Actual Loops": 1,
        "Workers Planned": 1,
        "Workers Launched": 1,
        "Single Copy": false,
        "Plans": [
          {
            "Node Type": "Aggregate",
            "Strategy": "Plain",
            "Partial Mode": "Partial",
            "Parent Relationship": "Outer",
            "Parallel Aware": false,
            "Startup Cost": 389438.84,
            "Total Cost": 389438.85,
            "Plan Rows": 1,
            "Plan Width": 8,
            "Actual Startup Time": 957.039,
            "Actual Total Time": 957.046,
            "Actual Rows": 1,
            "Actual Loops": 2,
            "Plans": [
              {
                "Node Type": "Merge Join",
                "Parent Relationship": "Outer",
                "Parallel Aware": false,
                "Join Type": "Inner",
                "Startup Cost": 381998.69,
                "Total Cost": 389134.0,
                "Plan Rows": 121938,
                "Plan Width": 0,
                "Actual Startup Time": 842.149,
                "Actual Total Time": 950.301,
                "Actual Rows": 170258,
                "Actual Loops": 2,
                "Inner Unique": false,
                "Merge Cond": "(t.id = mi.movie_id)",
                "Plans": [
                  {
                    "Node Type": "Sort",
                    "Parent Relationship": "Outer",
                    "Parallel Aware": false,
                    "Startup Cost": 117569.09,
                    "Total Cost": 118536.93,
                    "Plan Rows": 387138,
                    "Plan Width": 8,
                    "Actual Startup Time": 579.649,
                    "Actual Total Time": 589.127,
                    "Actual Rows": 269862,
                    "Actual Loops": 2,
                    "Sort Key": [
                      "t.id"
                    ],
                    "Sort Method": "quicksort",
                    "Sort Space Used": 25214,
                    "Sort Space Type": "Memory",
                    "Workers": [
                      {
                        "Worker Number": 0,
                        "Sort Method": "quicksort",
                        "Sort Space Used": 24663,
                        "Sort Space Type": "Memory"
                      }
                    ],
                    "Plans": [
                      {
                        "Node Type": "Hash Join",
                        "Parent Relationship": "Outer",
                        "Parallel Aware": true,
                        "Join Type": "Inner",
                        "Startup Cost": 63454.08,
                        "Total Cost": 81637.87,
                        "Plan Rows": 387138,
                        "Plan Width": 8,
                        "Actual Startup Time": 349.796,
                        "Actual Total Time": 528.289,
                        "Actual Rows": 269862,
                        "Actual Loops": 2,
                        "Inner Unique": true,
                        "Hash Cond": "(mi_idx.movie_id = t.id)",
                        "Plans": [
                          {
                            "Node Type": "Seq Scan",
                            "Parent Relationship": "Outer",
                            "Parallel Aware": true,
                            "Relation Name": "movie_info_idx",
                            "Alias": "mi_idx",
                            "Startup Cost": 0.0,
                            "Total Cost": 16052.85,
                            "Plan Rows": 811785,
                            "Plan Width": 4,
                            "Actual Startup Time": 0.019,
                            "Actual Total Time": 51.664,
                            "Actual Rows": 690018,
                            "Actual Loops": 2
                          },
                          {
                            "Node Type": "Hash",
                            "Parent Relationship": "Inner",
                            "Parallel Aware": true,
                            "Startup Cost": 54588.39,
                            "Total Cost": 54588.39,
                            "Plan Rows": 709255,
                            "Plan Width": 4,
                            "Actual Startup Time": 334.974,
                            "Actual Total Time": 334.976,
                            "Actual Rows": 596259,
                            "Actual Loops": 2,
                            "Hash Buckets": 2097152,
                            "Original Hash Buckets": 2097152,
                            "Hash Batches": 1,
                            "Original Hash Batches": 1,
                            "Peak Memory Usage": 63040,
                            "Plans": [
                              {
                                "Node Type": "Seq Scan",
                                "Parent Relationship": "Outer",
                                "Parallel Aware": true,
                                "Relation Name": "title",
                                "Alias": "t",
                                "Startup Cost": 0.0,
                                "Total Cost": 54588.39,
                                "Plan Rows": 709255,
                                "Plan Width": 4,
                                "Actual Startup Time": 0.028,
                                "Actual Total Time": 163.592,
                                "Actual Rows": 596259,
                                "Actual Loops": 2,
                                "Filter": "(production_year > 2003)",
                                "Rows Removed by Filter": 667897
                              }
                            ]
                          }
                        ]
                      }
                    ]
                  },
                  {
                    "Node Type": "Sort",
                    "Parent Relationship": "Inner",
                    "Parallel Aware": false,
                    "Startup Cost": 264429.56,
                    "Total Cost": 266420.43,
                    "Plan Rows": 796347,
                    "Plan Width": 4,
                    "Actual Startup Time": 262.486,
                    "Actual Total Time": 292.309,
                    "Actual Rows": 915182,
                    "Actual Loops": 2,
                    "Sort Key": [
                      "mi.movie_id"
                    ],
                    "Sort Method": "quicksort",
                    "Sort Space Used": 62177,
                    "Sort Space Type": "Memory",
                    "Workers": [
                      {
                        "Worker Number": 0,
                        "Sort Method": "quicksort",
                        "Sort Space Used": 62177,
                        "Sort Space Type": "Memory"
                      }
                    ],
                    "Plans": [
                      {
                        "Node Type": "Bitmap Heap Scan",
                        "Parent Relationship": "Outer",
                        "Parallel Aware": false,
                        "Relation Name": "movie_info",
                        "Alias": "mi",
                        "Startup Cost": 14428.12,
                        "Total Cost": 186375.46,
                        "Plan Rows": 796347,
                        "Plan Width": 4,
                        "Actual Startup Time": 22.957,
                        "Actual Total Time": 101.543,
                        "Actual Rows": 802140,
                        "Actual Loops": 2,
                        "Recheck Cond": "(info_type_id < 2)",
                        "Rows Removed by Index Recheck": 0,
                        "Exact Heap Blocks": 4868,
                        "Lossy Heap Blocks": 0,
                        "Plans": [
                          {
                            "Node Type": "Bitmap Index Scan",
                            "Parent Relationship": "Outer",
                            "Parallel Aware": false,
                            "Index Name": "info_type_id_movie_info",
                            "Startup Cost": 0.0,
                            "Total Cost": 14229.04,
                            "Plan Rows": 796347,
                            "Plan Width": 0,
                            "Actual Startup Time": 22.418,
                            "Actual Total Time": 22.418,
                            "Actual Rows": 802140,
                            "Actual Loops": 2,
                            "Index Cond": "(info_type_id < 2)"
                          }
                        ]
                      }
                    ]
                  }
                ]
              }
            ]
          }
        ]
      }
    ]
  },
  "Planning Time": 0.972,
  "Triggers": [],
  "Execution Time": 991.034
}