[
  {
    "Plan": {
      "Node Type": "Aggregate",
      "Strategy": "Plain",
      "Partial Mode": "Finalize",
      "Parallel Aware": false,
      "Startup Cost": 32352.51,
      "Total Cost": 32352.52,
      "Plan Rows": 1,
      "Plan Width": 8,
      "Actual Startup Time": 139.072,
      "Actual Total Time": 149.225,
      "Actual Rows": 1,
      "Actual Loops": 1,
      "Plans": [
        {
          "Node Type": "Gather",
          "Parent Relationship": "Outer",
          "Parallel Aware": false,
          "Startup Cost": 32352.19,
          "Total Cost": 32352.5,
          "Plan Rows": 3,
          "Plan Width": 8,
          "Actual Startup Time": 138.935,
          "Actual Total Time": 149.217,
          "Actual Rows": 4,
          "Actual Loops": 1,
          "Workers Planned": 3,
          "Workers Launched": 3,
          "Single Copy": false,
          "Plans": [
            {
              "Node Type": "Aggregate",
              "Strategy": "Plain",
              "Partial Mode": "Partial",
              "Parent Relationship": "Outer",
              "Parallel Aware": false,
              "Startup Cost": 31352.19,
              "Total Cost": 31352.2,
              "Plan Rows": 1,
              "Plan Width": 8,
              "Actual Startup Time": 130.909,
              "Actual Total Time": 130.91,
              "Actual Rows": 1,
              "Actual Loops": 4,
              "Plans": [
                {
                  "Node Type": "Seq Scan",
                  "Parent Relationship": "Outer",
                  "Parallel Aware": true,
                  "Relation Name": "movie_companies",
                  "Alias": "mc",
                  "Startup Cost": 0.0,
                  "Total Cost": 29310.68,
                  "Plan Rows": 816603,
                  "Plan Width": 0,
                  "Actual Startup Time": 0.047,
                  "Actual Total Time": 96.016,
                  "Actual Rows": 632134,
                  "Actual Loops": 4,
                  "Filter": "(company_id > 11)",
                  "Rows Removed by Filter": 20149
                }
              ]
            }
          ]
        }
      ]
    },
    "Planning Time": 0.244,
    "Triggers": [],
    "Execution Time": 149.279
  }
]