[
  {
    "Plan": {
      "Node Type": "Aggregate",
      "Strategy": "Plain",
      "Partial Mode": "Finalize",
      "Parallel Aware": false,
      "Startup Cost": 59008.35,
      "Total Cost": 59008.36,
      "Plan Rows": 1,
      "Plan Width": 8,
      "Actual Startup Time": 412.6,
      "Actual Total Time": 427.829,
      "Actual Rows": 1,
      "Actual Loops": 1,
      "Plans": [
        {
          "Node Type": "Gather",
          "Parent Relationship": "Outer",
          "Parallel Aware": false,
          "Startup Cost": 59008.03,
          "Total Cost": 59008.34,
          "Plan Rows": 3,
          "Plan Width": 8,
          "Actual Startup Time": 399.901,
          "Actual Total Time": 427.818,
          "Actual Rows": 4,
          "Actual Loops": 1,
          "Workers Planned": 3,
          "Workers Launched": 3,
          "Single Copy": false,
          "Plans": [
            {
              "Node Type": "Aggregate",
              "Strategy": "Plain",
              "Partial Mode": "Partial",
              "Parent Relationship": "Outer",
              "Parallel Aware": false,
              "Startup Cost": 58008.03,
              "Total Cost": 58008.04,
              "Plan Rows": 1,
              "Plan Width": 8,
              "Actual Startup Time": 387.726,
              "Actual Total Time": 387.73,
              "Actual Rows": 1,
              "Actual Loops": 4,
              "Plans": [
                {
                  "Node Type": "Hash Join",
                  "Parent Relationship": "Outer",
                  "Parallel Aware": true,
                  "Join Type": "Inner",
                  "Startup Cost": 48748.09,
                  "Total Cost": 57851.96,
                  "Plan Rows": 62426,
                  "Plan Width": 0,
                  "Actual Startup Time": 320.624,
                  "Actual Total Time": 384.753,
                  "Actual Rows": 49297,
                  "Actual Loops": 4,
                  "Inner Unique": true,
                  "Hash Cond": "(ci.movie_id = t.id)",
                  "Plans": [
                    {
                      "Node Type": "Index Scan",
                      "Parent Relationship": "Outer",
                      "Parallel Aware": true,
                      "Scan Direction": "Forward",
                      "Index Name": "role_id_cast_info",
                      "Relation Name": "cast_info",
                      "Alias": "ci",
                      "Startup Cost": 0.56,
                      "Total Cost": 8837.38,
                      "Plan Rows": 101739,
                      "Plan Width": 4,
                      "Actual Startup Time": 0.224,
                      "Actual Total Time": 20.09,
                      "Actual Rows": 79030,
                      "Actual Loops": 4,
                      "Index Cond": "(role_id > 10)",
                      "Rows Removed by Index Recheck": 0
                    },
                    {
                      "Node Type": "Hash",
                      "Parent Relationship": "Inner",
                      "Parallel Aware": true,
                      "Startup Cost": 43899.32,
                      "Total Cost": 43899.32,
                      "Plan Rows": 387856,
                      "Plan Width": 4,
                      "Actual Startup Time": 312.604,
                      "Actual Total Time": 312.605,
                      "Actual Rows": 387932,
                      "Actual Loops": 4,
                      "Hash Buckets": 2097152,
                      "Original Hash Buckets": 2097152,
                      "Hash Batches": 1,
                      "Original Hash Batches": 1,
                      "Peak Memory Usage": 77152,
                      "Plans": [
                        {
                          "Node Type": "Seq Scan",
                          "Parent Relationship": "Outer",
                          "Parallel Aware": true,
                          "Relation Name": "title",
                          "Alias": "t",
                          "Startup Cost": 0.0,
                          "Total Cost": 43899.32,
                          "Plan Rows": 387856,
                          "Plan Width": 4,
                          "Actual Startup Time": 0.047,
                          "Actual Total Time": 138.388,
                          "Actual Rows": 387932,
                          "Actual Loops": 4,
                          "Filter": "(production_year < 2007)",
                          "Rows Removed by Filter": 244146
                        }
                      ]
                    }
                  ]
                }
              ]
            }
          ]
        }
      ]
    },
    "Planning Time": 0.508,
    "Triggers": [],
    "Execution Time": 427.899
  }
]