[
  {
    "Plan": {
      "Node Type": "Aggregate",
      "Strategy": "Plain",
      "Partial Mode": "Finalize",
      "Parallel Aware": false,
      "Startup Cost": 340904.33,
      "Total Cost": 340904.34,
      "Plan Rows": 1,
      "Plan Width": 8,
      "Actual Startup Time": 821.693,
      "Actual Total Time": 866.105,
      "Actual Rows": 1,
      "Actual Loops": 1,
      "Plans": [
        {
          "Node Type": "Gather",
          "Parent Relationship": "Outer",
          "Parallel Aware": false,
          "Startup Cost": 340903.7,
          "Total Cost": 340904.31,
          "Plan Rows": 6,
          "Plan Width": 8,
          "Actual Startup Time": 821.542,
          "Actual Total Time": 866.094,
          "Actual Rows": 7,
          "Actual Loops": 1,
          "Workers Planned": 6,
          "Workers Launched": 6,
          "Single Copy": false,
          "Plans": [
            {
              "Node Type": "Aggregate",
              "Strategy": "Plain",
              "Partial Mode": "Partial",
              "Parent Relationship": "Outer",
              "Parallel Aware": false,
              "Startup Cost": 339903.7,
              "Total Cost": 339903.71,
              "Plan Rows": 1,
              "Plan Width": 8,
              "Actual Startup Time": 814.373,
              "Actual Total Time": 814.374,
              "Actual Rows": 1,
              "Actual Loops": 7,
              "Plans": [
                {
                  "Node Type": "Seq Scan",
                  "Parent Relationship": "Outer",
                  "Parallel Aware": true,
                  "Relation Name": "cast_info",
                  "Alias": "ci",
                  "Startup Cost": 0.0,
                  "Total Cost": 328211.39,
                  "Plan Rows": 4676924,
                  "Plan Width": 0,
                  "Actual Startup Time": 0.046,
                  "Actual Total Time": 620.503,
                  "Actual Rows": 4014852,
                  "Actual Loops": 7,
                  "Filter": "(person_id < 2866979)",
                  "Rows Removed by Filter": 1162911
                }
              ]
            }
          ]
        }
      ]
    },
    "Planning Time": 0.099,
    "Triggers": [],
    "Execution Time": 866.152
  }
]