[
  {
    "Plan": {
      "Node Type": "Aggregate",
      "Strategy": "Plain",
      "Partial Mode": "Finalize",
      "Parallel Aware": false,
      "Startup Cost": 17428.06,
      "Total Cost": 17428.07,
      "Plan Rows": 1,
      "Plan Width": 8,
      "Actual Startup Time": 33.284,
      "Actual Total Time": 42.899,
      "Actual Rows": 1,
      "Actual Loops": 1,
      "Plans": [
        {
          "Node Type": "Gather",
          "Parent Relationship": "Outer",
          "Parallel Aware": false,
          "Startup Cost": 17427.85,
          "Total Cost": 17428.06,
          "Plan Rows": 2,
          "Plan Width": 8,
          "Actual Startup Time": 33.183,
          "Actual Total Time": 42.894,
          "Actual Rows": 3,
          "Actual Loops": 1,
          "Workers Planned": 2,
          "Workers Launched": 2,
          "Single Copy": false,
          "Plans": [
            {
              "Node Type": "Aggregate",
              "Strategy": "Plain",
              "Partial Mode": "Partial",
              "Parent Relationship": "Outer",
              "Parallel Aware": false,
              "Startup Cost": 16427.85,
              "Total Cost": 16427.86,
              "Plan Rows": 1,
              "Plan Width": 8,
              "Actual Startup Time": 30.347,
              "Actual Total Time": 30.348,
              "Actual Rows": 1,
              "Actual Loops": 3,
              "Plans": [
                {
                  "Node Type": "Nested Loop",
                  "Parent Relationship": "Outer",
                  "Parallel Aware": false,
                  "Join Type": "Inner",
                  "Startup Cost": 81.14,
                  "Total Cost": 16425.14,
                  "Plan Rows": 1085,
                  "Plan Width": 0,
                  "Actual Startup Time": 0.761,
                  "Actual Total Time": 30.152,
                  "Actual Rows": 2340,
                  "Actual Loops": 3,
                  "Inner Unique": false,
                  "Plans": [
                    {
                      "Node Type": "Nested Loop",
                      "Parent Relationship": "Outer",
                      "Parallel Aware": false,
                      "Join Type": "Inner",
                      "Startup Cost": 80.7,
                      "Total Cost": 15162.56,
                      "Plan Rows": 744,
                      "Plan Width": 8,
                      "Actual Startup Time": 0.654,
                      "Actual Total Time": 9.649,
                      "Actual Rows": 722,
                      "Actual Loops": 3,
                      "Inner Unique": true,
                      "Plans": [
                        {
                          "Node Type": "Bitmap Heap Scan",
                          "Parent Relationship": "Outer",
                          "Parallel Aware": true,
                          "Relation Name": "movie_companies",
                          "Alias": "mc",
                          "Startup Cost": 80.27,
                          "Total Cost": 9217.54,
                          "Plan Rows": 744,
                          "Plan Width": 4,
                          "Actual Startup Time": 0.577,
                          "Actual Total Time": 4.166,
                          "Actual Rows": 722,
                          "Actual Loops": 3,
                          "Recheck Cond": "(company_id = 474)",
                          "Rows Removed by Index Recheck": 0,
                          "Filter": "(company_type_id = 1)",
                          "Rows Removed by Filter": 585,
                          "Exact Heap Blocks": 1983,
                          "Lossy Heap Blocks": 0,
                          "Plans": [
                            {
                              "Node Type": "Bitmap Index Scan",
                              "Parent Relationship": "Outer",
                              "Parallel Aware": false,
                              "Index Name": "company_id_movie_companies",
                              "Startup Cost": 0.0,
                              "Total Cost": 79.83,
                              "Plan Rows": 3653,
                              "Plan Width": 0,
                              "Actual Startup Time": 1.186,
                              "Actual Total Time": 1.186,
                              "Actual Rows": 3921,
                              "Actual Loops": 1,
                              "Index Cond": "(company_id = 474)"
                            }
                          ]
                        },
                        {
                          "Node Type": "Index Only Scan",
                          "Parent Relationship": "Inner",
                          "Parallel Aware": false,
                          "Scan Direction": "Forward",
                          "Index Name": "title_pkey",
                          "Relation Name": "title",
                          "Alias": "t",
                          "Startup Cost": 0.43,
                          "Total Cost": 7.99,
                          "Plan Rows": 1,
                          "Plan Width": 4,
                          "Actual Startup Time": 0.007,
                          "Actual Total Time": 0.007,
                          "Actual Rows": 1,
                          "Actual Loops": 2166,
                          "Index Cond": "(id = mc.movie_id)",
                          "Rows Removed by Index Recheck": 0,
                          "Heap Fetches": 2166
                        }
                      ]
                    },
                    {
                      "Node Type": "Index Scan",
                      "Parent Relationship": "Inner",
                      "Parallel Aware": false,
                      "Scan Direction": "Forward",
                      "Index Name": "movie_id_movie_info",
                      "Relation Name": "movie_info",
                      "Alias": "mi",
                      "Startup Cost": 0.43,
                      "Total Cost": 1.6,
                      "Plan Rows": 10,
                      "Plan Width": 4,
                      "Actual Startup Time": 0.016,
                      "Actual Total Time": 0.028,
                      "Actual Rows": 3,
                      "Actual Loops": 2166,
                      "Index Cond": "(movie_id = t.id)",
                      "Rows Removed by Index Recheck": 0,
                      "Filter": "(info_type_id < 4)",
                      "Rows Removed by Filter": 12
                    }
                  ]
                }
              ]
            }
          ]
        }
      ]
    },
    "Planning Time": 0.559,
    "Triggers": [],
    "Execution Time": 42.948
  }
]