{
  "Plan": {
    "Node Type": "Aggregate",
    "Strategy": "Plain",
    "Partial Mode": "Finalize",
    "Parallel Aware": false,
    "Startup Cost": 600238.82,
    "Total Cost": 600238.83,
    "Plan Rows": 1,
    "Plan Width": 8,
    "Actual Startup Time": 2721.13,
    "Actual Total Time": 2771.027,
    "Actual Rows": 1,
    "Actual Loops": 1,
    "Plans": [
      {
        "Node Type": "Gather",
        "Parent Relationship": "Outer",
        "Parallel Aware": false,
        "Startup Cost": 600238.71,
        "Total Cost": 600238.82,
        "Plan Rows": 1,
        "Plan Width": 8,
        "Actual Startup Time": 2720.352,
        "Actual Total Time": 2771.019,
        "Actual Rows": 2,
        "Actual Loops": 1,
        "Workers Planned": 1,
        "Workers Launched": 1,
        "Single Copy": false,
        "Plans": [
          {
            "Node Type": "Aggregate",
            "Strategy": "Plain",
            "Partial Mode": "Partial",
            "Parent Relationship": "Outer",
            "Parallel Aware": false,
            "Startup Cost": 599238.71,
            "Total Cost": 599238.72,
            "Plan Rows": 1,
            "Plan Width": 8,
            "Actual Startup Time": 2714.554,
            "Actual Total Time": 2714.558,
            "Actual Rows": 1,
            "Actual Loops": 2,
            "Plans": [
              {
                "Node Type": "Hash Join",
                "Parent Relationship": "Outer",
                "Parallel Aware": true,
                "Join Type": "Inner",
                "Startup Cost": 55703.07,
                "Total Cost": 597002.89,
                "Plan Rows": 894326,
                "Plan Width": 0,
                "Actual Startup Time": 638.16,
                "Actual Total Time": 2676.928,
                "Actual Rows": 868064,
                "Actual Loops": 2,
                "Inner Unique": true,
                "Hash Cond": "(ci.movie_id = t.id)",
                "Plans": [
                  {
                    "Node Type": "Seq Scan",
                    "Parent Relationship": "Outer",
                    "Parallel Aware": true,
                    "Relation Name": "cast_info",
                    "Alias": "ci",
                    "Startup Cost": 0.0,
                    "Total Cost": 519069.44,
                    "Plan Rows": 8468704,
                    "Plan Width": 4,
                    "Actual Startup Time": 501.642,
                    "Actual Total Time": 1349.671,
                    "Actual Rows": 7169710,
                    "Actual Loops": 2,
                    "Filter": "(person_id > 2228068)",
                    "Rows Removed by Filter": 10952462
                  },
                  {
                    "Node Type": "Hash",
                    "Parent Relationship": "Inner",
                    "Parallel Aware": true,
                    "Startup Cost": 53739.86,
                    "Total Cost": 53739.86,
                    "Plan Rows": 157057,
                    "Plan Width": 4,
                    "Actual Startup Time": 132.494,
                    "Actual Total Time": 132.496,
                    "Actual Rows": 187098,
                    "Actual Loops": 2,
                    "Hash Buckets": 524288,
                    "Original Hash Buckets": 524288,
                    "Hash Batches": 1,
                    "Original Hash Batches": 1,
                    "Peak Memory Usage": 18784,
                    "Plans": [
                      {
                        "Node Type": "Bitmap Heap Scan",
                        "Parent Relationship": "Outer",
                        "Parallel Aware": true,
                        "Relation Name": "title",
                        "Alias": "t",
                        "Startup Cost": 11889.6,
                        "Total Cost": 53739.86,
                        "Plan Rows": 157057,
                        "Plan Width": 4,
                        "Actual Startup Time": 25.955,
                        "Actual Total Time": 92.141,
                        "Actual Rows": 187098,
                        "Actual Loops": 2,
                        "Recheck Cond": "(kind_id = 1)",
                        "Rows Removed by Index Recheck": 0,
                        "Filter": "(production_year < 2000)",
                        "Rows Removed by Filter": 144314,
                        "Exact Heap Blocks": 8095,
                        "Lossy Heap Blocks": 0,
                        "Plans": [
                          {
                            "Node Type": "Bitmap Index Scan",
                            "Parent Relationship": "Outer",
                            "Parallel Aware": false,
                            "Index Name": "kind_id_title",
                            "Startup Cost": 0.0,
                            "Total Cost": 11822.85,
                            "Plan Rows": 663256,
                            "Plan Width": 0,
                            "Actual Startup Time": 25.964,
                            "Actual Total Time": 25.964,
                            "Actual Rows": 662825,
                            "Actual Loops": 1,
                            "Index Cond": "(kind_id = 1)"
                          }
                        ]
                      }
                    ]
                  }
                ]
              }
            ]
          }
        ]
      }
    ]
  },
  "Planning Time": 0.382,
  "Triggers": [],
  "Execution Time": 2771.103
}