[
  {
    "Plan": {
      "Node Type": "Aggregate",
      "Strategy": "Plain",
      "Partial Mode": "Finalize",
      "Parallel Aware": false,
      "Startup Cost": 33199.61,
      "Total Cost": 33199.62,
      "Plan Rows": 1,
      "Plan Width": 8,
      "Actual Startup Time": 82.978,
      "Actual Total Time": 89.246,
      "Actual Rows": 1,
      "Actual Loops": 1,
      "Plans": [
        {
          "Node Type": "Gather",
          "Parent Relationship": "Outer",
          "Parallel Aware": false,
          "Startup Cost": 33199.29,
          "Total Cost": 33199.6,
          "Plan Rows": 3,
          "Plan Width": 8,
          "Actual Startup Time": 82.867,
          "Actual Total Time": 89.24,
          "Actual Rows": 4,
          "Actual Loops": 1,
          "Workers Planned": 3,
          "Workers Launched": 3,
          "Single Copy": false,
          "Plans": [
            {
              "Node Type": "Aggregate",
              "Strategy": "Plain",
              "Partial Mode": "Partial",
              "Parent Relationship": "Outer",
              "Parallel Aware": false,
              "Startup Cost": 32199.29,
              "Total Cost": 32199.3,
              "Plan Rows": 1,
              "Plan Width": 8,
              "Actual Startup Time": 79.888,
              "Actual Total Time": 79.889,
              "Actual Rows": 1,
              "Actual Loops": 4,
              "Plans": [
                {
                  "Node Type": "Seq Scan",
                  "Parent Relationship": "Outer",
                  "Parallel Aware": true,
                  "Relation Name": "movie_companies",
                  "Alias": "mc",
                  "Startup Cost": 0.0,
                  "Total Cost": 31414.82,
                  "Plan Rows": 313788,
                  "Plan Width": 0,
                  "Actual Startup Time": 0.014,
                  "Actual Total Time": 66.242,
                  "Actual Rows": 316552,
                  "Actual Loops": 4,
                  "Filter": "((company_id < 63666) AND (company_type_id = 1))",
                  "Rows Removed by Filter": 335731
                }
              ]
            }
          ]
        }
      ]
    },
    "Planning Time": 0.136,
    "Triggers": [],
    "Execution Time": 89.28
  }
]