[
  {
    "Plan": {
      "Node Type": "Aggregate",
      "Strategy": "Plain",
      "Partial Mode": "Finalize",
      "Parallel Aware": false,
      "Startup Cost": 32919.48,
      "Total Cost": 32919.49,
      "Plan Rows": 1,
      "Plan Width": 8,
      "Actual Startup Time": 112.647,
      "Actual Total Time": 121.003,
      "Actual Rows": 1,
      "Actual Loops": 1,
      "Plans": [
        {
          "Node Type": "Gather",
          "Parent Relationship": "Outer",
          "Parallel Aware": false,
          "Startup Cost": 32919.16,
          "Total Cost": 32919.47,
          "Plan Rows": 3,
          "Plan Width": 8,
          "Actual Startup Time": 112.529,
          "Actual Total Time": 120.994,
          "Actual Rows": 4,
          "Actual Loops": 1,
          "Workers Planned": 3,
          "Workers Launched": 3,
          "Single Copy": false,
          "Plans": [
            {
              "Node Type": "Aggregate",
              "Strategy": "Plain",
              "Partial Mode": "Partial",
              "Parent Relationship": "Outer",
              "Parallel Aware": false,
              "Startup Cost": 31919.16,
              "Total Cost": 31919.17,
              "Plan Rows": 1,
              "Plan Width": 8,
              "Actual Startup Time": 104.333,
              "Actual Total Time": 104.335,
              "Actual Rows": 1,
              "Actual Loops": 4,
              "Plans": [
                {
                  "Node Type": "Seq Scan",
                  "Parent Relationship": "Outer",
                  "Parallel Aware": true,
                  "Relation Name": "movie_companies",
                  "Alias": "mc",
                  "Startup Cost": 0.0,
                  "Total Cost": 31414.82,
                  "Plan Rows": 201738,
                  "Plan Width": 0,
                  "Actual Startup Time": 0.045,
                  "Actual Total Time": 89.217,
                  "Actual Rows": 213351,
                  "Actual Loops": 4,
                  "Filter": "((company_id < 11203) AND (company_type_id < 2))",
                  "Rows Removed by Filter": 438932
                }
              ]
            }
          ]
        }
      ]
    },
    "Planning Time": 0.214,
    "Triggers": [],
    "Execution Time": 121.06
  }
]