[
  {
    "Plan": {
      "Node Type": "Aggregate",
      "Strategy": "Plain",
      "Partial Mode": "Finalize",
      "Parallel Aware": false,
      "Startup Cost": 33007.63,
      "Total Cost": 33007.64,
      "Plan Rows": 1,
      "Plan Width": 8,
      "Actual Startup Time": 82.161,
      "Actual Total Time": 90.358,
      "Actual Rows": 1,
      "Actual Loops": 1,
      "Plans": [
        {
          "Node Type": "Gather",
          "Parent Relationship": "Outer",
          "Parallel Aware": false,
          "Startup Cost": 33007.32,
          "Total Cost": 33007.63,
          "Plan Rows": 3,
          "Plan Width": 8,
          "Actual Startup Time": 82.049,
          "Actual Total Time": 90.344,
          "Actual Rows": 4,
          "Actual Loops": 1,
          "Workers Planned": 3,
          "Workers Launched": 3,
          "Single Copy": false,
          "Plans": [
            {
              "Node Type": "Aggregate",
              "Strategy": "Plain",
              "Partial Mode": "Partial",
              "Parent Relationship": "Outer",
              "Parallel Aware": false,
              "Startup Cost": 32007.32,
              "Total Cost": 32007.33,
              "Plan Rows": 1,
              "Plan Width": 8,
              "Actual Startup Time": 78.57,
              "Actual Total Time": 78.571,
              "Actual Rows": 1,
              "Actual Loops": 4,
              "Plans": [
                {
                  "Node Type": "Seq Scan",
                  "Parent Relationship": "Outer",
                  "Parallel Aware": true,
                  "Relation Name": "movie_companies",
                  "Alias": "mc",
                  "Startup Cost": 0.0,
                  "Total Cost": 31414.82,
                  "Plan Rows": 236999,
                  "Plan Width": 0,
                  "Actual Startup Time": 0.015,
                  "Actual Total Time": 67.553,
                  "Actual Rows": 255677,
                  "Actual Loops": 4,
                  "Filter": "((company_id < 14056) AND (company_type_id < 2))",
                  "Rows Removed by Filter": 396606
                }
              ]
            }
          ]
        }
      ]
    },
    "Planning Time": 0.214,
    "Triggers": [],
    "Execution Time": 90.459
  }
]