[
  {
    "Plan": {
      "Node Type": "Aggregate",
      "Strategy": "Plain",
      "Partial Mode": "Finalize",
      "Parallel Aware": false,
      "Startup Cost": 33015.99,
      "Total Cost": 33016.0,
      "Plan Rows": 1,
      "Plan Width": 8,
      "Actual Startup Time": 95.109,
      "Actual Total Time": 103.185,
      "Actual Rows": 1,
      "Actual Loops": 1,
      "Plans": [
        {
          "Node Type": "Gather",
          "Parent Relationship": "Outer",
          "Parallel Aware": false,
          "Startup Cost": 33015.68,
          "Total Cost": 33015.99,
          "Plan Rows": 3,
          "Plan Width": 8,
          "Actual Startup Time": 95.009,
          "Actual Total Time": 103.174,
          "Actual Rows": 4,
          "Actual Loops": 1,
          "Workers Planned": 3,
          "Workers Launched": 3,
          "Single Copy": false,
          "Plans": [
            {
              "Node Type": "Aggregate",
              "Strategy": "Plain",
              "Partial Mode": "Partial",
              "Parent Relationship": "Outer",
              "Parallel Aware": false,
              "Startup Cost": 32015.68,
              "Total Cost": 32015.69,
              "Plan Rows": 1,
              "Plan Width": 8,
              "Actual Startup Time": 91.134,
              "Actual Total Time": 91.136,
              "Actual Rows": 1,
              "Actual Loops": 4,
              "Plans": [
                {
                  "Node Type": "Seq Scan",
                  "Parent Relationship": "Outer",
                  "Parallel Aware": true,
                  "Relation Name": "movie_companies",
                  "Alias": "mc",
                  "Startup Cost": 0.0,
                  "Total Cost": 31414.82,
                  "Plan Rows": 240343,
                  "Plan Width": 0,
                  "Actual Startup Time": 0.026,
                  "Actual Total Time": 77.643,
                  "Actual Rows": 255677,
                  "Actual Loops": 4,
                  "Filter": "((company_id < 14056) AND (company_type_id < 2))",
                  "Rows Removed by Filter": 396606
                }
              ]
            }
          ]
        }
      ]
    },
    "Planning Time": 0.149,
    "Triggers": [],
    "Execution Time": 103.223
  }
]