[
  {
    "Plan": {
      "Node Type": "Aggregate",
      "Strategy": "Plain",
      "Partial Mode": "Finalize",
      "Parallel Aware": false,
      "Startup Cost": 47107.02,
      "Total Cost": 47107.03,
      "Plan Rows": 1,
      "Plan Width": 8,
      "Actual Startup Time": 175.426,
      "Actual Total Time": 184.913,
      "Actual Rows": 1,
      "Actual Loops": 1,
      "Plans": [
        {
          "Node Type": "Gather",
          "Parent Relationship": "Outer",
          "Parallel Aware": false,
          "Startup Cost": 47106.7,
          "Total Cost": 47107.01,
          "Plan Rows": 3,
          "Plan Width": 8,
          "Actual Startup Time": 175.301,
          "Actual Total Time": 184.904,
          "Actual Rows": 4,
          "Actual Loops": 1,
          "Workers Planned": 3,
          "Workers Launched": 3,
          "Single Copy": false,
          "Plans": [
            {
              "Node Type": "Aggregate",
              "Strategy": "Plain",
              "Partial Mode": "Partial",
              "Parent Relationship": "Outer",
              "Parallel Aware": false,
              "Startup Cost": 46106.7,
              "Total Cost": 46106.71,
              "Plan Rows": 1,
              "Plan Width": 8,
              "Actual Startup Time": 167.115,
              "Actual Total Time": 167.116,
              "Actual Rows": 1,
              "Actual Loops": 4,
              "Plans": [
                {
                  "Node Type": "Seq Scan",
                  "Parent Relationship": "Outer",
                  "Parallel Aware": true,
                  "Relation Name": "movie_keyword",
                  "Alias": "mk",
                  "Startup Cost": 0.0,
                  "Total Cost": 42695.65,
                  "Plan Rows": 1364418,
                  "Plan Width": 0,
                  "Actual Startup Time": 0.06,
                  "Actual Total Time": 121.763,
                  "Actual Rows": 1058230,
                  "Actual Loops": 4,
                  "Filter": "(keyword_id < 55312)",
                  "Rows Removed by Filter": 72752
                }
              ]
            }
          ]
        }
      ]
    },
    "Planning Time": 0.18,
    "Triggers": [],
    "Execution Time": 184.967
  }
]