[
  {
    "Plan": {
      "Node Type": "Aggregate",
      "Strategy": "Plain",
      "Partial Mode": "Finalize",
      "Parallel Aware": false,
      "Startup Cost": 44499.81,
      "Total Cost": 44499.82,
      "Plan Rows": 1,
      "Plan Width": 8,
      "Actual Startup Time": 127.109,
      "Actual Total Time": 136.246,
      "Actual Rows": 1,
      "Actual Loops": 1,
      "Plans": [
        {
          "Node Type": "Gather",
          "Parent Relationship": "Outer",
          "Parallel Aware": false,
          "Startup Cost": 44499.49,
          "Total Cost": 44499.8,
          "Plan Rows": 3,
          "Plan Width": 8,
          "Actual Startup Time": 127.017,
          "Actual Total Time": 136.238,
          "Actual Rows": 4,
          "Actual Loops": 1,
          "Workers Planned": 3,
          "Workers Launched": 3,
          "Single Copy": false,
          "Plans": [
            {
              "Node Type": "Aggregate",
              "Strategy": "Plain",
              "Partial Mode": "Partial",
              "Parent Relationship": "Outer",
              "Parallel Aware": false,
              "Startup Cost": 43499.49,
              "Total Cost": 43499.5,
              "Plan Rows": 1,
              "Plan Width": 8,
              "Actual Startup Time": 119.02,
              "Actual Total Time": 119.021,
              "Actual Rows": 1,
              "Actual Loops": 4,
              "Plans": [
                {
                  "Node Type": "Seq Scan",
                  "Parent Relationship": "Outer",
                  "Parallel Aware": true,
                  "Relation Name": "movie_keyword",
                  "Alias": "mk",
                  "Startup Cost": 0.0,
                  "Total Cost": 42695.65,
                  "Plan Rows": 321535,
                  "Plan Width": 0,
                  "Actual Startup Time": 4.127,
                  "Actual Total Time": 106.279,
                  "Actual Rows": 247186,
                  "Actual Loops": 4,
                  "Filter": "(keyword_id > 18711)",
                  "Rows Removed by Filter": 883796
                }
              ]
            }
          ]
        }
      ]
    },
    "Planning Time": 0.183,
    "Triggers": [],
    "Execution Time": 136.302
  }
]