[
  {
    "Plan": {
      "Node Type": "Aggregate",
      "Strategy": "Plain",
      "Partial Mode": "Finalize",
      "Parallel Aware": false,
      "Startup Cost": 30971.42,
      "Total Cost": 30971.43,
      "Plan Rows": 1,
      "Plan Width": 8,
      "Actual Startup Time": 87.319,
      "Actual Total Time": 93.786,
      "Actual Rows": 1,
      "Actual Loops": 1,
      "Plans": [
        {
          "Node Type": "Gather",
          "Parent Relationship": "Outer",
          "Parallel Aware": false,
          "Startup Cost": 30971.1,
          "Total Cost": 30971.41,
          "Plan Rows": 3,
          "Plan Width": 8,
          "Actual Startup Time": 87.213,
          "Actual Total Time": 93.777,
          "Actual Rows": 4,
          "Actual Loops": 1,
          "Workers Planned": 3,
          "Workers Launched": 3,
          "Single Copy": false,
          "Plans": [
            {
              "Node Type": "Aggregate",
              "Strategy": "Plain",
              "Partial Mode": "Partial",
              "Parent Relationship": "Outer",
              "Parallel Aware": false,
              "Startup Cost": 29971.1,
              "Total Cost": 29971.11,
              "Plan Rows": 1,
              "Plan Width": 8,
              "Actual Startup Time": 82.801,
              "Actual Total Time": 82.802,
              "Actual Rows": 1,
              "Actual Loops": 4,
              "Plans": [
                {
                  "Node Type": "Seq Scan",
                  "Parent Relationship": "Outer",
                  "Parallel Aware": true,
                  "Relation Name": "movie_companies",
                  "Alias": "mc",
                  "Startup Cost": 0.0,
                  "Total Cost": 29310.68,
                  "Plan Rows": 264167,
                  "Plan Width": 0,
                  "Actual Startup Time": 18.212,
                  "Actual Total Time": 73.074,
                  "Actual Rows": 202063,
                  "Actual Loops": 4,
                  "Filter": "(company_id > 29485)",
                  "Rows Removed by Filter": 450219
                }
              ]
            }
          ]
        }
      ]
    },
    "Planning Time": 0.198,
    "Triggers": [],
    "Execution Time": 93.846
  }
]