[
  {
    "Plan": {
      "Node Type": "Aggregate",
      "Strategy": "Plain",
      "Partial Mode": "Finalize",
      "Parallel Aware": false,
      "Startup Cost": 30951.09,
      "Total Cost": 30951.1,
      "Plan Rows": 1,
      "Plan Width": 8,
      "Actual Startup Time": 100.853,
      "Actual Total Time": 108.342,
      "Actual Rows": 1,
      "Actual Loops": 1,
      "Plans": [
        {
          "Node Type": "Gather",
          "Parent Relationship": "Outer",
          "Parallel Aware": false,
          "Startup Cost": 30950.77,
          "Total Cost": 30951.08,
          "Plan Rows": 3,
          "Plan Width": 8,
          "Actual Startup Time": 100.743,
          "Actual Total Time": 108.333,
          "Actual Rows": 4,
          "Actual Loops": 1,
          "Workers Planned": 3,
          "Workers Launched": 3,
          "Single Copy": false,
          "Plans": [
            {
              "Node Type": "Aggregate",
              "Strategy": "Plain",
              "Partial Mode": "Partial",
              "Parent Relationship": "Outer",
              "Parallel Aware": false,
              "Startup Cost": 29950.77,
              "Total Cost": 29950.78,
              "Plan Rows": 1,
              "Plan Width": 8,
              "Actual Startup Time": 94.764,
              "Actual Total Time": 94.765,
              "Actual Rows": 1,
              "Actual Loops": 4,
              "Plans": [
                {
                  "Node Type": "Seq Scan",
                  "Parent Relationship": "Outer",
                  "Parallel Aware": true,
                  "Relation Name": "movie_companies",
                  "Alias": "mc",
                  "Startup Cost": 0.0,
                  "Total Cost": 29310.68,
                  "Plan Rows": 256035,
                  "Plan Width": 0,
                  "Actual Startup Time": 26.138,
                  "Actual Total Time": 84.375,
                  "Actual Rows": 202063,
                  "Actual Loops": 4,
                  "Filter": "(company_id > 29485)",
                  "Rows Removed by Filter": 450219
                }
              ]
            }
          ]
        }
      ]
    },
    "Planning Time": 0.187,
    "Triggers": [],
    "Execution Time": 108.404
  }
]