[
  {
    "Plan": {
      "Node Type": "Aggregate",
      "Strategy": "Plain",
      "Partial Mode": "Finalize",
      "Parallel Aware": false,
      "Startup Cost": 45530.22,
      "Total Cost": 45530.23,
      "Plan Rows": 1,
      "Plan Width": 8,
      "Actual Startup Time": 136.057,
      "Actual Total Time": 147.412,
      "Actual Rows": 1,
      "Actual Loops": 1,
      "Plans": [
        {
          "Node Type": "Gather",
          "Parent Relationship": "Outer",
          "Parallel Aware": false,
          "Startup Cost": 45529.9,
          "Total Cost": 45530.21,
          "Plan Rows": 3,
          "Plan Width": 8,
          "Actual Startup Time": 135.886,
          "Actual Total Time": 147.401,
          "Actual Rows": 4,
          "Actual Loops": 1,
          "Workers Planned": 3,
          "Workers Launched": 3,
          "Single Copy": false,
          "Plans": [
            {
              "Node Type": "Aggregate",
              "Strategy": "Plain",
              "Partial Mode": "Partial",
              "Parent Relationship": "Outer",
              "Parallel Aware": false,
              "Startup Cost": 44529.9,
              "Total Cost": 44529.91,
              "Plan Rows": 1,
              "Plan Width": 8,
              "Actual Startup Time": 131.697,
              "Actual Total Time": 131.698,
              "Actual Rows": 1,
              "Actual Loops": 4,
              "Plans": [
                {
                  "Node Type": "Seq Scan",
                  "Parent Relationship": "Outer",
                  "Parallel Aware": true,
                  "Relation Name": "movie_keyword",
                  "Alias": "mk",
                  "Startup Cost": 0.0,
                  "Total Cost": 42695.65,
                  "Plan Rows": 733700,
                  "Plan Width": 0,
                  "Actual Startup Time": 0.032,
                  "Actual Total Time": 106.735,
                  "Actual Rows": 571963,
                  "Actual Loops": 4,
                  "Filter": "(keyword_id < 4860)",
                  "Rows Removed by Filter": 559020
                }
              ]
            }
          ]
        }
      ]
    },
    "Planning Time": 0.195,
    "Triggers": [],
    "Execution Time": 147.477
  }
]