{
  "Plan": {
    "Node Type": "Aggregate",
    "Strategy": "Plain",
    "Partial Mode": "Finalize",
    "Parallel Aware": false,
    "Startup Cost": 696184.88,
    "Total Cost": 696184.89,
    "Plan Rows": 1,
    "Plan Width": 8,
    "Actual Startup Time": 5159.413,
    "Actual Total Time": 5218.758,
    "Actual Rows": 1,
    "Actual Loops": 1,
    "Plans": [
      {
        "Node Type": "Gather",
        "Parent Relationship": "Outer",
        "Parallel Aware": false,
        "Startup Cost": 696184.76,
        "Total Cost": 696184.87,
        "Plan Rows": 1,
        "Plan Width": 8,
        "Actual Startup Time": 5154.821,
        "Actual Total Time": 5218.749,
        "Actual Rows": 2,
        "Actual Loops": 1,
        "Workers Planned": 1,
        "Workers Launched": 1,
        "Single Copy": false,
        "Plans": [
          {
            "Node Type": "Aggregate",
            "Strategy": "Plain",
            "Partial Mode": "Partial",
            "Parent Relationship": "Outer",
            "Parallel Aware": false,
            "Startup Cost": 695184.76,
            "Total Cost": 695184.77,
            "Plan Rows": 1,
            "Plan Width": 8,
            "Actual Startup Time": 5146.332,
            "Actual Total Time": 5146.611,
            "Actual Rows": 1,
            "Actual Loops": 2,
            "Plans": [
              {
                "Node Type": "Hash Join",
                "Parent Relationship": "Outer",
                "Parallel Aware": true,
                "Join Type": "Inner",
                "Startup Cost": 597325.67,
                "Total Cost": 690776.37,
                "Plan Rows": 1763359,
                "Plan Width": 0,
                "Actual Startup Time": 4226.88,
                "Actual Total Time": 4943.28,
                "Actual Rows": 5026925,
                "Actual Loops": 2,
                "Inner Unique": false,
                "Hash Cond": "(mk.movie_id = t.id)",
                "Plans": [
                  {
                    "Node Type": "Seq Scan",
                    "Parent Relationship": "Outer",
                    "Parallel Aware": true,
                    "Relation Name": "movie_keyword",
                    "Alias": "mk",
                    "Startup Cost": 0.0,
                    "Total Cost": 57718.19,
                    "Plan Rows": 2028785,
                    "Plan Width": 4,
                    "Actual Startup Time": 0.012,
                    "Actual Total Time": 185.585,
                    "Actual Rows": 1725192,
                    "Actual Loops": 2,
                    "Filter": "(keyword_id < 16459)",
                    "Rows Removed by Filter": 536772
                  },
                  {
                    "Node Type": "Hash",
                    "Parent Relationship": "Inner",
                    "Parallel Aware": true,
                    "Startup Cost": 581167.47,
                    "Total Cost": 581167.47,
                    "Plan Rows": 1292656,
                    "Plan Width": 8,
                    "Actual Startup Time": 4209.948,
                    "Actual Total Time": 4210.226,
                    "Actual Rows": 1051002,
                    "Actual Loops": 2,
                    "Hash Buckets": 4194304,
                    "Original Hash Buckets": 4194304,
                    "Hash Batches": 1,
                    "Original Hash Batches": 1,
                    "Peak Memory Usage": 115040,
                    "Plans": [
                      {
                        "Node Type": "Hash Join",
                        "Parent Relationship": "Outer",
                        "Parallel Aware": true,
                        "Join Type": "Inner",
                        "Startup Cost": 59434.12,
                        "Total Cost": 581167.47,
                        "Plan Rows": 1292656,
                        "Plan Width": 8,
                        "Actual Startup Time": 163.353,
                        "Actual Total Time": 3879.172,
                        "Actual Rows": 1051002,
                        "Actual Loops": 2,
                        "Inner Unique": true,
                        "Hash Cond": "(ci.movie_id = t.id)",
                        "Plans": [
                          {
                            "Node Type": "Seq Scan",
                            "Parent Relationship": "Outer",
                            "Parallel Aware": true,
                            "Relation Name": "cast_info",
                            "Alias": "ci",
                            "Startup Cost": 0.0,
                            "Total Cost": 465792.95,
                            "Plan Rows": 21310595,
                            "Plan Width": 4,
                            "Actual Startup Time": 0.015,
                            "Actual Total Time": 1358.484,
                            "Actual Rows": 18122172,
                            "Actual Loops": 2
                          },
                          {
                            "Node Type": "Hash",
                            "Parent Relationship": "Inner",
                            "Parallel Aware": true,
                            "Startup Cost": 58306.47,
                            "Total Cost": 58306.47,
                            "Plan Rows": 90212,
                            "Plan Width": 4,
                            "Actual Startup Time": 162.556,
                            "Actual Total Time": 162.557,
                            "Actual Rows": 67380,
                            "Actual Loops": 2,
                            "Hash Buckets": 262144,
                            "Original Hash Buckets": 262144,
                            "Hash Batches": 1,
                            "Original Hash Batches": 1,
                            "Peak Memory Usage": 7360,
                            "Plans": [
                              {
                                "Node Type": "Seq Scan",
                                "Parent Relationship": "Outer",
                                "Parallel Aware": true,
                                "Relation Name": "title",
                                "Alias": "t",
                                "Startup Cost": 0.0,
                                "Total Cost": 58306.47,
                                "Plan Rows": 90212,
                                "Plan Width": 4,
                                "Actual Startup Time": 0.058,
                                "Actual Total Time": 143.205,
                                "Actual Rows": 67380,
                                "Actual Loops": 2,
                                "Filter": "((kind_id < 7) AND (production_year > 2010))",
                                "Rows Removed by Filter": 1196776
                              }
                            ]
                          }
                        ]
                      }
                    ]
                  }
                ]
              }
            ]
          }
        ]
      }
    ]
  },
  "Planning Time": 0.581,
  "Triggers": [],
  "Execution Time": 5218.827
}