[
  {
    "Plan": {
      "Node Type": "Aggregate",
      "Strategy": "Plain",
      "Partial Mode": "Finalize",
      "Parallel Aware": false,
      "Startup Cost": 44750.94,
      "Total Cost": 44750.95,
      "Plan Rows": 1,
      "Plan Width": 8,
      "Actual Startup Time": 130.177,
      "Actual Total Time": 139.456,
      "Actual Rows": 1,
      "Actual Loops": 1,
      "Plans": [
        {
          "Node Type": "Gather",
          "Parent Relationship": "Outer",
          "Parallel Aware": false,
          "Startup Cost": 44750.62,
          "Total Cost": 44750.93,
          "Plan Rows": 3,
          "Plan Width": 8,
          "Actual Startup Time": 129.999,
          "Actual Total Time": 139.444,
          "Actual Rows": 4,
          "Actual Loops": 1,
          "Workers Planned": 3,
          "Workers Launched": 3,
          "Single Copy": false,
          "Plans": [
            {
              "Node Type": "Aggregate",
              "Strategy": "Plain",
              "Partial Mode": "Partial",
              "Parent Relationship": "Outer",
              "Parallel Aware": false,
              "Startup Cost": 43750.62,
              "Total Cost": 43750.63,
              "Plan Rows": 1,
              "Plan Width": 8,
              "Actual Startup Time": 126.404,
              "Actual Total Time": 126.405,
              "Actual Rows": 1,
              "Actual Loops": 4,
              "Plans": [
                {
                  "Node Type": "Seq Scan",
                  "Parent Relationship": "Outer",
                  "Parallel Aware": true,
                  "Relation Name": "movie_keyword",
                  "Alias": "mk",
                  "Startup Cost": 0.0,
                  "Total Cost": 42695.65,
                  "Plan Rows": 421986,
                  "Plan Width": 0,
                  "Actual Startup Time": 0.026,
                  "Actual Total Time": 109.261,
                  "Actual Rows": 327365,
                  "Actual Loops": 4,
                  "Filter": "(keyword_id < 1715)",
                  "Rows Removed by Filter": 803617
                }
              ]
            }
          ]
        }
      ]
    },
    "Planning Time": 0.094,
    "Triggers": [],
    "Execution Time": 139.485
  }
]