[
  {
    "Plan": {
      "Node Type": "Aggregate",
      "Strategy": "Plain",
      "Partial Mode": "Finalize",
      "Parallel Aware": false,
      "Startup Cost": 30779.96,
      "Total Cost": 30779.97,
      "Plan Rows": 1,
      "Plan Width": 8,
      "Actual Startup Time": 93.594,
      "Actual Total Time": 101.919,
      "Actual Rows": 1,
      "Actual Loops": 1,
      "Plans": [
        {
          "Node Type": "Gather",
          "Parent Relationship": "Outer",
          "Parallel Aware": false,
          "Startup Cost": 30779.64,
          "Total Cost": 30779.95,
          "Plan Rows": 3,
          "Plan Width": 8,
          "Actual Startup Time": 93.446,
          "Actual Total Time": 101.911,
          "Actual Rows": 4,
          "Actual Loops": 1,
          "Workers Planned": 3,
          "Workers Launched": 3,
          "Single Copy": false,
          "Plans": [
            {
              "Node Type": "Aggregate",
              "Strategy": "Plain",
              "Partial Mode": "Partial",
              "Parent Relationship": "Outer",
              "Parallel Aware": false,
              "Startup Cost": 29779.64,
              "Total Cost": 29779.65,
              "Plan Rows": 1,
              "Plan Width": 8,
              "Actual Startup Time": 85.9,
              "Actual Total Time": 85.901,
              "Actual Rows": 1,
              "Actual Loops": 4,
              "Plans": [
                {
                  "Node Type": "Seq Scan",
                  "Parent Relationship": "Outer",
                  "Parallel Aware": true,
                  "Relation Name": "movie_companies",
                  "Alias": "mc",
                  "Startup Cost": 0.0,
                  "Total Cost": 29310.68,
                  "Plan Rows": 187584,
                  "Plan Width": 0,
                  "Actual Startup Time": 49.664,
                  "Actual Total Time": 79.87,
                  "Actual Rows": 144302,
                  "Actual Loops": 4,
                  "Filter": "(company_id > 71105)",
                  "Rows Removed by Filter": 507980
                }
              ]
            }
          ]
        }
      ]
    },
    "Planning Time": 0.229,
    "Triggers": [],
    "Execution Time": 101.977
  }
]