{
    "Plan": {
        "Node Type": "Aggregate",
        "Strategy": "Plain",
        "Partial Mode": "Finalize",
        "Parallel Aware": false,
        "Startup Cost": 469034.45,
        "Total Cost": 469034.46,
        "Plan Rows": 1,
        "Plan Width": 8,
        "Actual Startup Time": 1155.652,
        "Actual Total Time": 1186.079,
        "Actual Rows": 1,
        "Actual Loops": 1,
        "Output": [
            "count(*)"
        ],
        "Plans": [
            {
                "Node Type": "Gather",
                "Parent Relationship": "Outer",
                "Parallel Aware": false,
                "Startup Cost": 469034.13,
                "Total Cost": 469034.44,
                "Plan Rows": 3,
                "Plan Width": 8,
                "Actual Startup Time": 1145.374,
                "Actual Total Time": 1186.067,
                "Actual Rows": 4,
                "Actual Loops": 1,
                "Output": [
                    "(PARTIAL count(*))"
                ],
                "Workers Planned": 3,
                "Workers Launched": 3,
                "Single Copy": false,
                "Plans": [
                    {
                        "Node Type": "Aggregate",
                        "Strategy": "Plain",
                        "Partial Mode": "Partial",
                        "Parent Relationship": "Outer",
                        "Parallel Aware": false,
                        "Startup Cost": 468034.13,
                        "Total Cost": 468034.14,
                        "Plan Rows": 1,
                        "Plan Width": 8,
                        "Actual Startup Time": 1135.614,
                        "Actual Total Time": 1135.62,
                        "Actual Rows": 1,
                        "Actual Loops": 4,
                        "Output": [
                            "PARTIAL count(*)"
                        ],
                        "Workers": [
                            {
                                "Worker Number": 0,
                                "Actual Startup Time": 1131.919,
                                "Actual Total Time": 1131.925,
                                "Actual Rows": 1,
                                "Actual Loops": 1
                            },
                            {
                                "Worker Number": 1,
                                "Actual Startup Time": 1133.484,
                                "Actual Total Time": 1133.49,
                                "Actual Rows": 1,
                                "Actual Loops": 1
                            },
                            {
                                "Worker Number": 2,
                                "Actual Startup Time": 1132.823,
                                "Actual Total Time": 1132.828,
                                "Actual Rows": 1,
                                "Actual Loops": 1
                            }
                        ],
                        "Plans": [
                            {
                                "Node Type": "Hash Join",
                                "Parent Relationship": "Outer",
                                "Parallel Aware": true,
                                "Join Type": "Inner",
                                "Startup Cost": 419114.92,
                                "Total Cost": 467882.44,
                                "Plan Rows": 60675,
                                "Plan Width": 0,
                                "Actual Startup Time": 792.013,
                                "Actual Total Time": 1132.054,
                                "Actual Rows": 55636,
                                "Actual Loops": 4,
                                "Inner Unique": false,
                                "Hash Cond": "(t.id = ci.movie_id)",
                                "Workers": [
                                    {
                                        "Worker Number": 0,
                                        "Actual Startup Time": 788.765,
                                        "Actual Total Time": 1128.526,
                                        "Actual Rows": 46150,
                                        "Actual Loops": 1
                                    },
                                    {
                                        "Worker Number": 1,
                                        "Actual Startup Time": 788.739,
                                        "Actual Total Time": 1129.887,
                                        "Actual Rows": 52728,
                                        "Actual Loops": 1
                                    },
                                    {
                                        "Worker Number": 2,
                                        "Actual Startup Time": 789.515,
                                        "Actual Total Time": 1129.228,
                                        "Actual Rows": 74415,
                                        "Actual Loops": 1
                                    }
                                ],
                                "Plans": [
                                    {
                                        "Node Type": "Hash Join",
                                        "Parent Relationship": "Outer",
                                        "Parallel Aware": true,
                                        "Join Type": "Inner",
                                        "Startup Cost": 146609.07,
                                        "Total Cost": 186117.34,
                                        "Plan Rows": 731032,
                                        "Plan Width": 8,
                                        "Actual Startup Time": 697.152,
                                        "Actual Total Time": 992.288,
                                        "Actual Rows": 276091,
                                        "Actual Loops": 4,
                                        "Output": [
                                            "t.id",
                                            "mk.movie_id"
                                        ],
                                        "Inner Unique": true,
                                        "Hash Cond": "(mk.movie_id = t.id)",
                                        "Workers": [
                                            {
                                                "Worker Number": 0,
                                                "Actual Startup Time": 697.162,
                                                "Actual Total Time": 992.53,
                                                "Actual Rows": 237293,
                                                "Actual Loops": 1
                                            },
                                            {
                                                "Worker Number": 1,
                                                "Actual Startup Time": 696.956,
                                                "Actual Total Time": 991.984,
                                                "Actual Rows": 260241,
                                                "Actual Loops": 1
                                            },
                                            {
                                                "Worker Number": 2,
                                                "Actual Startup Time": 697.28,
                                                "Actual Total Time": 991.302,
                                                "Actual Rows": 360191,
                                                "Actual Loops": 1
                                            }
                                        ],
                                        "Plans": [
                                            {
                                                "Node Type": "Bitmap Heap Scan",
                                                "Parent Relationship": "Outer",
                                                "Parallel Aware": true,
                                                "Relation Name": "movie_keyword",
                                                "Schema": "public",
                                                "Alias": "mk",
                                                "Startup Cost": 65445.09,
                                                "Total Cost": 102340.64,
                                                "Plan Rows": 995324,
                                                "Plan Width": 4,
                                                "Actual Startup Time": 266.989,
                                                "Actual Total Time": 411.313,
                                                "Actual Rows": 771443,
                                                "Actual Loops": 4,
                                                "Output": [
                                                    "mk.id",
                                                    "mk.movie_id",
                                                    "mk.keyword_id"
                                                ],
                                                "Recheck Cond": "(mk.keyword_id > 2000)",
                                                "Rows Removed by Index Recheck": 0,
                                                "Exact Heap Blocks": 5450,
                                                "Lossy Heap Blocks": 0,
                                                "Workers": [
                                                    {
                                                        "Worker Number": 0,
                                                        "Actual Startup Time": 266.98,
                                                        "Actual Total Time": 408.312,
                                                        "Actual Rows": 667102,
                                                        "Actual Loops": 1
                                                    },
                                                    {
                                                        "Worker Number": 1,
                                                        "Actual Startup Time": 266.819,
                                                        "Actual Total Time": 411.622,
                                                        "Actual Rows": 687026,
                                                        "Actual Loops": 1
                                                    },
                                                    {
                                                        "Worker Number": 2,
                                                        "Actual Startup Time": 267.093,
                                                        "Actual Total Time": 411.456,
                                                        "Actual Rows": 1042527,
                                                        "Actual Loops": 1
                                                    }
                                                ],
                                                "Plans": [
                                                    {
                                                        "Node Type": "Bitmap Index Scan",
                                                        "Parent Relationship": "Outer",
                                                        "Parallel Aware": false,
                                                        "Index Name": "keyword_id_movie_keyword",
                                                        "Startup Cost": 0.0,
                                                        "Total Cost": 64673.71,
                                                        "Plan Rows": 3085504,
                                                        "Plan Width": 0,
                                                        "Actual Startup Time": 261.132,
                                                        "Actual Total Time": 261.132,
                                                        "Actual Rows": 3085773,
                                                        "Actual Loops": 1,
                                                        "Index Cond": "(mk.keyword_id > 2000)",
                                                        "Workers": [
                                                            {
                                                                "Worker Number": 1,
                                                                "Actual Startup Time": 261.132,
                                                                "Actual Total Time": 261.132,
                                                                "Actual Rows": 3085773,
                                                                "Actual Loops": 1
                                                            }
                                                        ]
                                                    }
                                                ]
                                            },
                                            {
                                                "Node Type": "Hash",
                                                "Parent Relationship": "Inner",
                                                "Parallel Aware": true,
                                                "Startup Cost": 75360.96,
                                                "Total Cost": 75360.96,
                                                "Plan Rows": 464242,
                                                "Plan Width": 4,
                                                "Actual Startup Time": 427.144,
                                                "Actual Total Time": 427.145,
                                                "Actual Rows": 466372,
                                                "Actual Loops": 4,
                                                "Output": [
                                                    "t.id"
                                                ],
                                                "Hash Buckets": 2097152,
                                                "Original Hash Buckets": 2097152,
                                                "Hash Batches": 1,
                                                "Original Hash Batches": 1,
                                                "Peak Memory Usage": 89440,
                                                "Workers": [
                                                    {
                                                        "Worker Number": 0,
                                                        "Actual Startup Time": 430.083,
                                                        "Actual Total Time": 430.084,
                                                        "Actual Rows": 356167,
                                                        "Actual Loops": 1
                                                    },
                                                    {
                                                        "Worker Number": 1,
                                                        "Actual Startup Time": 430.073,
                                                        "Actual Total Time": 430.074,
                                                        "Actual Rows": 408658,
                                                        "Actual Loops": 1
                                                    },
                                                    {
                                                        "Worker Number": 2,
                                                        "Actual Startup Time": 418.375,
                                                        "Actual Total Time": 418.376,
                                                        "Actual Rows": 662632,
                                                        "Actual Loops": 1
                                                    }
                                                ],
                                                "Plans": [
                                                    {
                                                        "Node Type": "Bitmap Heap Scan",
                                                        "Parent Relationship": "Outer",
                                                        "Parallel Aware": true,
                                                        "Relation Name": "title",
                                                        "Schema": "public",
                                                        "Alias": "t",
                                                        "Startup Cost": 33559.93,
                                                        "Total Cost": 75360.96,
                                                        "Plan Rows": 464242,
                                                        "Plan Width": 4,
                                                        "Actual Startup Time": 68.155,
                                                        "Actual Total Time": 222.543,
                                                        "Actual Rows": 466372,
                                                        "Actual Loops": 4,
                                                        "Output": [
                                                            "t.id"
                                                        ],
                                                        "Recheck Cond": "(t.kind_id > 1)",
                                                        "Rows Removed by Index Recheck": 0,
                                                        "Exact Heap Blocks": 8443,
                                                        "Lossy Heap Blocks": 0,
                                                        "Workers": [
                                                            {
                                                                "Worker Number": 0,
                                                                "Actual Startup Time": 68.225,
                                                                "Actual Total Time": 218.789,
                                                                "Actual Rows": 356167,
                                                                "Actual Loops": 1
                                                            },
                                                            {
                                                                "Worker Number": 1,
                                                                "Actual Startup Time": 68.173,
                                                                "Actual Total Time": 226.519,
                                                                "Actual Rows": 408658,
                                                                "Actual Loops": 1
                                                            },
                                                            {
                                                                "Worker Number": 2,
                                                                "Actual Startup Time": 67.946,
                                                                "Actual Total Time": 218.85,
                                                                "Actual Rows": 662632,
                                                                "Actual Loops": 1
                                                            }
                                                        ],
                                                        "Plans": [
                                                            {
                                                                "Node Type": "Bitmap Index Scan",
                                                                "Parent Relationship": "Outer",
                                                                "Parallel Aware": false,
                                                                "Index Name": "kind_id_title",
                                                                "Startup Cost": 0.0,
                                                                "Total Cost": 33095.69,
                                                                "Plan Rows": 1856968,
                                                                "Plan Width": 0,
                                                                "Actual Startup Time": 62.337,
                                                                "Actual Total Time": 62.338,
                                                                "Actual Rows": 1865487,
                                                                "Actual Loops": 1,
                                                                "Index Cond": "(t.kind_id > 1)",
                                                                "Workers": [
                                                                    {
                                                                        "Worker Number": 2,
                                                                        "Actual Startup Time": 62.337,
                                                                        "Actual Total Time": 62.338,
                                                                        "Actual Rows": 1865487,
                                                                        "Actual Loops": 1
                                                                    }
                                                                ]
                                                            }
                                                        ]
                                                    }
                                                ]
                                            }
                                        ]
                                    },
                                    {
                                        "Node Type": "Hash",
                                        "Parent Relationship": "Inner",
                                        "Parallel Aware": true,
                                        "Startup Cost": 271981.23,
                                        "Total Cost": 271981.23,
                                        "Plan Rows": 41970,
                                        "Plan Width": 4,
                                        "Actual Startup Time": 92.677,
                                        "Actual Total Time": 92.678,
                                        "Actual Rows": 67967,
                                        "Actual Loops": 4,
                                        "Output": [
                                            "ci.movie_id"
                                        ],
                                        "Hash Buckets": 524288,
                                        "Original Hash Buckets": 262144,
                                        "Hash Batches": 1,
                                        "Original Hash Batches": 1,
                                        "Peak Memory Usage": 16832,
                                        "Workers": [
                                            {
                                                "Worker Number": 0,
                                                "Actual Startup Time": 91.002,
                                                "Actual Total Time": 91.003,
                                                "Actual Rows": 61237,
                                                "Actual Loops": 1
                                            },
                                            {
                                                "Worker Number": 1,
                                                "Actual Startup Time": 91.166,
                                                "Actual Total Time": 91.167,
                                                "Actual Rows": 51258,
                                                "Actual Loops": 1
                                            },
                                            {
                                                "Worker Number": 2,
                                                "Actual Startup Time": 91.852,
                                                "Actual Total Time": 91.853,
                                                "Actual Rows": 73353,
                                                "Actual Loops": 1
                                            }
                                        ],
                                        "Plans": [
                                            {
                                                "Node Type": "Bitmap Heap Scan",
                                                "Parent Relationship": "Outer",
                                                "Parallel Aware": true,
                                                "Relation Name": "cast_info",
                                                "Schema": "public",
                                                "Alias": "ci",
                                                "Startup Cost": 5434.83,
                                                "Total Cost": 271981.23,
                                                "Plan Rows": 41970,
                                                "Plan Width": 4,
                                                "Actual Startup Time": 25.724,
                                                "Actual Total Time": 56.398,
                                                "Actual Rows": 67967,
                                                "Actual Loops": 4,
                                                "Output": [
                                                    "ci.movie_id"
                                                ],
                                                "Recheck Cond": "(ci.role_id > 10)",
                                                "Rows Removed by Index Recheck": 0,
                                                "Filter": "(ci.person_id > 1090283)",
                                                "Rows Removed by Filter": 11062,
                                                "Exact Heap Blocks": 587,
                                                "Lossy Heap Blocks": 0,
                                                "Workers": [
                                                    {
                                                        "Worker Number": 0,
                                                        "Actual Startup Time": 24.08,
                                                        "Actual Total Time": 55.283,
                                                        "Actual Rows": 61237,
                                                        "Actual Loops": 1
                                                    },
                                                    {
                                                        "Worker Number": 1,
                                                        "Actual Startup Time": 24.244,
                                                        "Actual Total Time": 54.569,
                                                        "Actual Rows": 51258,
                                                        "Actual Loops": 1
                                                    },
                                                    {
                                                        "Worker Number": 2,
                                                        "Actual Startup Time": 24.893,
                                                        "Actual Total Time": 55.529,
                                                        "Actual Rows": 73353,
                                                        "Actual Loops": 1
                                                    }
                                                ],
                                                "Plans": [
                                                    {
                                                        "Node Type": "Bitmap Index Scan",
                                                        "Parent Relationship": "Outer",
                                                        "Parallel Aware": false,
                                                        "Index Name": "role_id_cast_info",
                                                        "Startup Cost": 0.0,
                                                        "Total Cost": 5382.37,
                                                        "Plan Rows": 302107,
                                                        "Plan Width": 0,
                                                        "Actual Startup Time": 29.292,
                                                        "Actual Total Time": 29.293,
                                                        "Actual Rows": 316118,
                                                        "Actual Loops": 1,
                                                        "Index Cond": "(ci.role_id > 10)"
                                                    }
                                                ]
                                            }
                                        ]
                                    }
                                ]
                            }
                        ]
                    }
                ]
            }
        ]
    },
    "Planning Time": 3.825,
    "Triggers": [],
    "Execution Time": 1186.532
}