{
  "Plan": {
    "Node Type": "Aggregate",
    "Strategy": "Plain",
    "Partial Mode": "Finalize",
    "Parallel Aware": false,
    "Startup Cost": 222514.7,
    "Total Cost": 222514.71,
    "Plan Rows": 1,
    "Plan Width": 32,
    "Actual Startup Time": 2423.196,
    "Actual Total Time": 2454.936,
    "Actual Rows": 1,
    "Actual Loops": 1,
    "Plans": [
      {
        "Node Type": "Gather",
        "Parent Relationship": "Outer",
        "Parallel Aware": false,
        "Startup Cost": 222514.28,
        "Total Cost": 222514.69,
        "Plan Rows": 4,
        "Plan Width": 32,
        "Actual Startup Time": 2387.071,
        "Actual Total Time": 2454.918,
        "Actual Rows": 5,
        "Actual Loops": 1,
        "Workers Planned": 4,
        "Workers Launched": 4,
        "Single Copy": false,
        "Plans": [
          {
            "Node Type": "Aggregate",
            "Strategy": "Plain",
            "Partial Mode": "Partial",
            "Parent Relationship": "Outer",
            "Parallel Aware": false,
            "Startup Cost": 221514.28,
            "Total Cost": 221514.29,
            "Plan Rows": 1,
            "Plan Width": 32,
            "Actual Startup Time": 2376.593,
            "Actual Total Time": 2376.604,
            "Actual Rows": 1,
            "Actual Loops": 5,
            "Plans": [
              {
                "Node Type": "Hash Join",
                "Parent Relationship": "Outer",
                "Parallel Aware": true,
                "Join Type": "Inner",
                "Startup Cost": 171483.63,
                "Total Cost": 221514.28,
                "Plan Rows": 2,
                "Plan Width": 17,
                "Actual Startup Time": 1978.757,
                "Actual Total Time": 2376.266,
                "Actual Rows": 1567,
                "Actual Loops": 5,
                "Inner Unique": true,
                "Hash Cond": "(mc.company_id = cn.id)",
                "Plans": [
                  {
                    "Node Type": "Hash Join",
                    "Parent Relationship": "Outer",
                    "Parallel Aware": false,
                    "Join Type": "Inner",
                    "Startup Cost": 166689.29,
                    "Total Cost": 216719.83,
                    "Plan Rows": 42,
                    "Plan Width": 21,
                    "Actual Startup Time": 1954.352,
                    "Actual Total Time": 2350.311,
                    "Actual Rows": 29710,
                    "Actual Loops": 5,
                    "Inner Unique": false,
                    "Hash Cond": "(mc.movie_id = mk.movie_id)",
                    "Plans": [
                      {
                        "Node Type": "Hash Join",
                        "Parent Relationship": "Outer",
                        "Parallel Aware": true,
                        "Join Type": "Inner",
                        "Startup Cost": 37727.23,
                        "Total Cost": 85311.28,
                        "Plan Rows": 652282,
                        "Plan Width": 29,
                        "Actual Startup Time": 326.798,
                        "Actual Total Time": 667.59,
                        "Actual Rows": 521826,
                        "Actual Loops": 5,
                        "Inner Unique": false,
                        "Hash Cond": "(t.id = mc.movie_id)",
                        "Plans": [
                          {
                            "Node Type": "Seq Scan",
                            "Parent Relationship": "Outer",
                            "Parallel Aware": true,
                            "Relation Name": "title",
                            "Alias": "t",
                            "Startup Cost": 0.0,
                            "Total Cost": 42319.27,
                            "Plan Rows": 632127,
                            "Plan Width": 21,
                            "Actual Startup Time": 0.036,
                            "Actual Total Time": 75.53,
                            "Actual Rows": 505662,
                            "Actual Loops": 5
                          },
                          {
                            "Node Type": "Hash",
                            "Parent Relationship": "Inner",
                            "Parallel Aware": true,
                            "Startup Cost": 27206.55,
                            "Total Cost": 27206.55,
                            "Plan Rows": 841655,
                            "Plan Width": 8,
                            "Actual Startup Time": 319.549,
                            "Actual Total Time": 319.55,
                            "Actual Rows": 521826,
                            "Actual Loops": 5,
                            "Hash Buckets": 4194304,
                            "Original Hash Buckets": 4194304,
                            "Hash Batches": 1,
                            "Original Hash Batches": 1,
                            "Peak Memory Usage": 134944,
                            "Plans": [
                              {
                                "Node Type": "Seq Scan",
                                "Parent Relationship": "Outer",
                                "Parallel Aware": true,
                                "Relation Name": "movie_companies",
                                "Alias": "mc",
                                "Startup Cost": 0.0,
                                "Total Cost": 27206.55,
                                "Plan Rows": 841655,
                                "Plan Width": 8,
                                "Actual Startup Time": 0.053,
                                "Actual Total Time": 94.802,
                                "Actual Rows": 521826,
                                "Actual Loops": 5
                              }
                            ]
                          }
                        ]
                      },
                      {
                        "Node Type": "Hash",
                        "Parent Relationship": "Inner",
                        "Parallel Aware": false,
                        "Startup Cost": 128961.63,
                        "Total Cost": 128961.63,
                        "Plan Rows": 34,
                        "Plan Width": 4,
                        "Actual Startup Time": 1627.021,
                        "Actual Total Time": 1627.025,
                        "Actual Rows": 41840,
                        "Actual Loops": 5,
                        "Hash Buckets": 65536,
                        "Original Hash Buckets": 1024,
                        "Hash Batches": 1,
                        "Original Hash Batches": 1,
                        "Peak Memory Usage": 1983,
                        "Plans": [
                          {
                            "Node Type": "Hash Join",
                            "Parent Relationship": "Outer",
                            "Parallel Aware": false,
                            "Join Type": "Inner",
                            "Startup Cost": 126242.43,
                            "Total Cost": 128961.63,
                            "Plan Rows": 34,
                            "Plan Width": 4,
                            "Actual Startup Time": 1600.303,
                            "Actual Total Time": 1620.709,
                            "Actual Rows": 41840,
                            "Actual Loops": 5,
                            "Inner Unique": false,
                            "Hash Cond": "(k.id = mk.keyword_id)",
                            "Plans": [
                              {
                                "Node Type": "Seq Scan",
                                "Parent Relationship": "Outer",
                                "Parallel Aware": false,
                                "Relation Name": "keyword",
                                "Alias": "k",
                                "Startup Cost": 0.0,
                                "Total Cost": 2626.12,
                                "Plan Rows": 1,
                                "Plan Width": 4,
                                "Actual Startup Time": 0.544,
                                "Actual Total Time": 11.317,
                                "Actual Rows": 1,
                                "Actual Loops": 5,
                                "Filter": "(keyword = 'character-name-in-title'::text)",
                                "Rows Removed by Filter": 134169
                              },
                              {
                                "Node Type": "Hash",
                                "Parent Relationship": "Inner",
                                "Parallel Aware": false,
                                "Startup Cost": 69693.3,
                                "Total Cost": 69693.3,
                                "Plan Rows": 4523930,
                                "Plan Width": 8,
                                "Actual Startup Time": 1512.665,
                                "Actual Total Time": 1512.665,
                                "Actual Rows": 4523930,
                                "Actual Loops": 5,
                                "Hash Buckets": 8388608,
                                "Original Hash Buckets": 8388608,
                                "Hash Batches": 1,
                                "Original Hash Batches": 1,
                                "Peak Memory Usage": 242253,
                                "Plans": [
                                  {
                                    "Node Type": "Seq Scan",
                                    "Parent Relationship": "Outer",
                                    "Parallel Aware": false,
                                    "Relation Name": "movie_keyword",
                                    "Alias": "mk",
                                    "Startup Cost": 0.0,
                                    "Total Cost": 69693.3,
                                    "Plan Rows": 4523930,
                                    "Plan Width": 8,
                                    "Actual Startup Time": 0.09,
                                    "Actual Total Time": 545.173,
                                    "Actual Rows": 4523930,
                                    "Actual Loops": 5
                                  }
                                ]
                              }
                            ]
                          }
                        ]
                      }
                    ]
                  },
                  {
                    "Node Type": "Hash",
                    "Parent Relationship": "Inner",
                    "Parallel Aware": true,
                    "Startup Cost": 4722.92,
                    "Total Cost": 4722.92,
                    "Plan Rows": 5714,
                    "Plan Width": 4,
                    "Actual Startup Time": 19.554,
                    "Actual Total Time": 19.555,
                    "Actual Rows": 1955,
                    "Actual Loops": 5,
                    "Hash Buckets": 16384,
                    "Original Hash Buckets": 16384,
                    "Hash Batches": 1,
                    "Original Hash Batches": 1,
                    "Peak Memory Usage": 576,
                    "Plans": [
                      {
                        "Node Type": "Seq Scan",
                        "Parent Relationship": "Outer",
                        "Parallel Aware": true,
                        "Relation Name": "company_name",
                        "Alias": "cn",
                        "Startup Cost": 0.0,
                        "Total Cost": 4722.92,
                        "Plan Rows": 5714,
                        "Plan Width": 4,
                        "Actual Startup Time": 0.081,
                        "Actual Total Time": 17.989,
                        "Actual Rows": 1955,
                        "Actual Loops": 5,
                        "Filter": "((country_code)::text = '[de]'::text)",
                        "Rows Removed by Filter": 45044
                      }
                    ]
                  }
                ]
              }
            ]
          }
        ]
      }
    ]
  },
  "Planning Time": 5.356,
  "Triggers": [],
  "Execution Time": 2462.69
}