[
  {
    "Plan": {
      "Node Type": "Aggregate",
      "Strategy": "Plain",
      "Partial Mode": "Finalize",
      "Parallel Aware": false,
      "Startup Cost": 84637.21,
      "Total Cost": 84637.22,
      "Plan Rows": 1,
      "Plan Width": 8,
      "Actual Startup Time": 261.57,
      "Actual Total Time": 275.048,
      "Actual Rows": 1,
      "Actual Loops": 1,
      "Plans": [
        {
          "Node Type": "Gather",
          "Parent Relationship": "Outer",
          "Parallel Aware": false,
          "Startup Cost": 84636.89,
          "Total Cost": 84637.2,
          "Plan Rows": 3,
          "Plan Width": 8,
          "Actual Startup Time": 261.133,
          "Actual Total Time": 275.037,
          "Actual Rows": 4,
          "Actual Loops": 1,
          "Workers Planned": 3,
          "Workers Launched": 3,
          "Single Copy": false,
          "Plans": [
            {
              "Node Type": "Aggregate",
              "Strategy": "Plain",
              "Partial Mode": "Partial",
              "Parent Relationship": "Outer",
              "Parallel Aware": false,
              "Startup Cost": 83636.89,
              "Total Cost": 83636.9,
              "Plan Rows": 1,
              "Plan Width": 8,
              "Actual Startup Time": 251.885,
              "Actual Total Time": 251.889,
              "Actual Rows": 1,
              "Actual Loops": 4,
              "Plans": [
                {
                  "Node Type": "Hash Join",
                  "Parent Relationship": "Outer",
                  "Parallel Aware": true,
                  "Join Type": "Inner",
                  "Startup Cost": 38264.18,
                  "Total Cost": 83574.95,
                  "Plan Rows": 24776,
                  "Plan Width": 0,
                  "Actual Startup Time": 77.216,
                  "Actual Total Time": 250.992,
                  "Actual Rows": 19301,
                  "Actual Loops": 4,
                  "Inner Unique": true,
                  "Hash Cond": "(mk.movie_id = t.id)",
                  "Plans": [
                    {
                      "Node Type": "Seq Scan",
                      "Parent Relationship": "Outer",
                      "Parallel Aware": true,
                      "Relation Name": "movie_keyword",
                      "Alias": "mk",
                      "Startup Cost": 0.0,
                      "Total Cost": 42695.65,
                      "Plan Rows": 996237,
                      "Plan Width": 4,
                      "Actual Startup Time": 0.101,
                      "Actual Total Time": 115.336,
                      "Actual Rows": 771866,
                      "Actual Loops": 4,
                      "Filter": "(keyword_id > 1993)",
                      "Rows Removed by Filter": 359116
                    },
                    {
                      "Node Type": "Hash",
                      "Parent Relationship": "Inner",
                      "Parallel Aware": true,
                      "Startup Cost": 38067.68,
                      "Total Cost": 38067.68,
                      "Plan Rows": 15720,
                      "Plan Width": 4,
                      "Actual Startup Time": 75.735,
                      "Actual Total Time": 75.737,
                      "Actual Rows": 16222,
                      "Actual Loops": 4,
                      "Hash Buckets": 65536,
                      "Original Hash Buckets": 65536,
                      "Hash Batches": 1,
                      "Original Hash Batches": 1,
                      "Peak Memory Usage": 3104,
                      "Plans": [
                        {
                          "Node Type": "Bitmap Heap Scan",
                          "Parent Relationship": "Outer",
                          "Parallel Aware": true,
                          "Relation Name": "title",
                          "Alias": "t",
                          "Startup Cost": 1713.17,
                          "Total Cost": 38067.68,
                          "Plan Rows": 15720,
                          "Plan Width": 4,
                          "Actual Startup Time": 21.103,
                          "Actual Total Time": 69.267,
                          "Actual Rows": 16222,
                          "Actual Loops": 4,
                          "Recheck Cond": "(kind_id = 2)",
                          "Rows Removed by Index Recheck": 0,
                          "Filter": "(production_year < 2008)",
                          "Rows Removed by Filter": 6492,
                          "Exact Heap Blocks": 13736,
                          "Lossy Heap Blocks": 0,
                          "Plans": [
                            {
                              "Node Type": "Bitmap Index Scan",
                              "Parent Relationship": "Outer",
                              "Parallel Aware": false,
                              "Index Name": "kind_id_title",
                              "Startup Cost": 0.0,
                              "Total Cost": 1697.45,
                              "Plan Rows": 95069,
                              "Plan Width": 0,
                              "Actual Startup Time": 19.069,
                              "Actual Total Time": 19.069,
                              "Actual Rows": 90852,
                              "Actual Loops": 1,
                              "Index Cond": "(kind_id = 2)"
                            }
                          ]
                        }
                      ]
                    }
                  ]
                }
              ]
            }
          ]
        }
      ]
    },
    "Planning Time": 0.676,
    "Triggers": [],
    "Execution Time": 275.144
  }
]