{
  "Plan": {
    "Node Type": "Aggregate",
    "Strategy": "Plain",
    "Partial Mode": "Finalize",
    "Parallel Aware": false,
    "Startup Cost": 142651.35,
    "Total Cost": 142651.36,
    "Plan Rows": 1,
    "Plan Width": 8,
    "Actual Startup Time": 914.689,
    "Actual Total Time": 935.115,
    "Actual Rows": 1,
    "Actual Loops": 1,
    "Plans": [
      {
        "Node Type": "Gather",
        "Parent Relationship": "Outer",
        "Parallel Aware": false,
        "Startup Cost": 142651.24,
        "Total Cost": 142651.35,
        "Plan Rows": 1,
        "Plan Width": 8,
        "Actual Startup Time": 912.568,
        "Actual Total Time": 935.107,
        "Actual Rows": 2,
        "Actual Loops": 1,
        "Workers Planned": 1,
        "Workers Launched": 1,
        "Single Copy": false,
        "Plans": [
          {
            "Node Type": "Aggregate",
            "Strategy": "Plain",
            "Partial Mode": "Partial",
            "Parent Relationship": "Outer",
            "Parallel Aware": false,
            "Startup Cost": 141651.24,
            "Total Cost": 141651.25,
            "Plan Rows": 1,
            "Plan Width": 8,
            "Actual Startup Time": 906.064,
            "Actual Total Time": 906.07,
            "Actual Rows": 1,
            "Actual Loops": 2,
            "Plans": [
              {
                "Node Type": "Hash Join",
                "Parent Relationship": "Outer",
                "Parallel Aware": true,
                "Join Type": "Inner",
                "Startup Cost": 80523.83,
                "Total Cost": 141644.43,
                "Plan Rows": 2723,
                "Plan Width": 0,
                "Actual Startup Time": 371.036,
                "Actual Total Time": 905.864,
                "Actual Rows": 2644,
                "Actual Loops": 2,
                "Inner Unique": false,
                "Hash Cond": "(t.id = mc.movie_id)",
                "Plans": [
                  {
                    "Node Type": "Hash Join",
                    "Parent Relationship": "Outer",
                    "Parallel Aware": true,
                    "Join Type": "Inner",
                    "Startup Cost": 61719.76,
                    "Total Cost": 119770.6,
                    "Plan Rows": 488598,
                    "Plan Width": 8,
                    "Actual Startup Time": 262.131,
                    "Actual Total Time": 793.228,
                    "Actual Rows": 1243088,
                    "Actual Loops": 2,
                    "Inner Unique": true,
                    "Hash Cond": "(mk.movie_id = t.id)",
                    "Plans": [
                      {
                        "Node Type": "Seq Scan",
                        "Parent Relationship": "Outer",
                        "Parallel Aware": true,
                        "Relation Name": "movie_keyword",
                        "Alias": "mk",
                        "Startup Cost": 0.0,
                        "Total Cost": 51065.35,
                        "Plan Rows": 2661135,
                        "Plan Width": 4,
                        "Actual Startup Time": 0.008,
                        "Actual Total Time": 190.024,
                        "Actual Rows": 2261965,
                        "Actual Loops": 2
                      },
                      {
                        "Node Type": "Hash",
                        "Parent Relationship": "Inner",
                        "Parallel Aware": true,
                        "Startup Cost": 58306.47,
                        "Total Cost": 58306.47,
                        "Plan Rows": 273063,
                        "Plan Width": 4,
                        "Actual Startup Time": 259.499,
                        "Actual Total Time": 259.499,
                        "Actual Rows": 278746,
                        "Actual Loops": 2,
                        "Hash Buckets": 1048576,
                        "Original Hash Buckets": 524288,
                        "Hash Batches": 1,
                        "Original Hash Batches": 1,
                        "Peak Memory Usage": 34144,
                        "Plans": [
                          {
                            "Node Type": "Seq Scan",
                            "Parent Relationship": "Outer",
                            "Parallel Aware": true,
                            "Relation Name": "title",
                            "Alias": "t",
                            "Startup Cost": 0.0,
                            "Total Cost": 58306.47,
                            "Plan Rows": 273063,
                            "Plan Width": 4,
                            "Actual Startup Time": 0.041,
                            "Actual Total Time": 166.307,
                            "Actual Rows": 278746,
                            "Actual Loops": 2,
                            "Filter": "((kind_id < 7) AND (production_year < 2003))",
                            "Rows Removed by Filter": 985410
                          }
                        ]
                      }
                    ]
                  },
                  {
                    "Node Type": "Hash",
                    "Parent Relationship": "Inner",
                    "Parallel Aware": true,
                    "Startup Cost": 18700.47,
                    "Total Cost": 18700.47,
                    "Plan Rows": 8288,
                    "Plan Width": 4,
                    "Actual Startup Time": 17.851,
                    "Actual Total Time": 17.852,
                    "Actual Rows": 6474,
                    "Actual Loops": 2,
                    "Hash Buckets": 16384,
                    "Original Hash Buckets": 16384,
                    "Hash Batches": 1,
                    "Original Hash Batches": 1,
                    "Peak Memory Usage": 640,
                    "Plans": [
                      {
                        "Node Type": "Bitmap Heap Scan",
                        "Parent Relationship": "Outer",
                        "Parallel Aware": true,
                        "Relation Name": "movie_companies",
                        "Alias": "mc",
                        "Startup Cost": 309.62,
                        "Total Cost": 18700.47,
                        "Plan Rows": 8288,
                        "Plan Width": 4,
                        "Actual Startup Time": 3.341,
                        "Actual Total Time": 14.953,
                        "Actual Rows": 6474,
                        "Actual Loops": 2,
                        "Recheck Cond": "(company_id = 11137)",
                        "Rows Removed by Index Recheck": 0,
                        "Exact Heap Blocks": 3198,
                        "Lossy Heap Blocks": 0,
                        "Plans": [
                          {
                            "Node Type": "Bitmap Index Scan",
                            "Parent Relationship": "Outer",
                            "Parallel Aware": false,
                            "Index Name": "company_id_movie_companies",
                            "Startup Cost": 0.0,
                            "Total Cost": 306.1,
                            "Plan Rows": 14089,
                            "Plan Width": 0,
                            "Actual Startup Time": 4.564,
                            "Actual Total Time": 4.564,
                            "Actual Rows": 12948,
                            "Actual Loops": 1,
                            "Index Cond": "(company_id = 11137)"
                          }
                        ]
                      }
                    ]
                  }
                ]
              }
            ]
          }
        ]
      }
    ]
  },
  "Planning Time": 1.071,
  "Triggers": [],
  "Execution Time": 935.218
}