[
  {
    "Plan": {
      "Node Type": "Aggregate",
      "Strategy": "Plain",
      "Partial Mode": "Finalize",
      "Parallel Aware": false,
      "Startup Cost": 96018.62,
      "Total Cost": 96018.63,
      "Plan Rows": 1,
      "Plan Width": 8,
      "Actual Startup Time": 564.468,
      "Actual Total Time": 581.435,
      "Actual Rows": 1,
      "Actual Loops": 1,
      "Plans": [
        {
          "Node Type": "Gather",
          "Parent Relationship": "Outer",
          "Parallel Aware": false,
          "Startup Cost": 96018.3,
          "Total Cost": 96018.61,
          "Plan Rows": 3,
          "Plan Width": 8,
          "Actual Startup Time": 560.03,
          "Actual Total Time": 581.426,
          "Actual Rows": 4,
          "Actual Loops": 1,
          "Workers Planned": 3,
          "Workers Launched": 3,
          "Single Copy": false,
          "Plans": [
            {
              "Node Type": "Aggregate",
              "Strategy": "Plain",
              "Partial Mode": "Partial",
              "Parent Relationship": "Outer",
              "Parallel Aware": false,
              "Startup Cost": 95018.3,
              "Total Cost": 95018.31,
              "Plan Rows": 1,
              "Plan Width": 8,
              "Actual Startup Time": 546.218,
              "Actual Total Time": 546.222,
              "Actual Rows": 1,
              "Actual Loops": 4,
              "Plans": [
                {
                  "Node Type": "Hash Join",
                  "Parent Relationship": "Outer",
                  "Parallel Aware": true,
                  "Join Type": "Inner",
                  "Startup Cost": 48100.0,
                  "Total Cost": 93598.93,
                  "Plan Rows": 567749,
                  "Plan Width": 0,
                  "Actual Startup Time": 270.323,
                  "Actual Total Time": 520.618,
                  "Actual Rows": 565717,
                  "Actual Loops": 4,
                  "Inner Unique": true,
                  "Hash Cond": "(mk.movie_id = t.id)",
                  "Plans": [
                    {
                      "Node Type": "Seq Scan",
                      "Parent Relationship": "Outer",
                      "Parallel Aware": true,
                      "Relation Name": "movie_keyword",
                      "Alias": "mk",
                      "Startup Cost": 0.0,
                      "Total Cost": 42695.65,
                      "Plan Rows": 1067915,
                      "Plan Width": 4,
                      "Actual Startup Time": 0.038,
                      "Actual Total Time": 116.746,
                      "Actual Rows": 826645,
                      "Actual Loops": 4,
                      "Filter": "(keyword_id < 15001)",
                      "Rows Removed by Filter": 304338
                    },
                    {
                      "Node Type": "Hash",
                      "Parent Relationship": "Inner",
                      "Parallel Aware": true,
                      "Startup Cost": 43899.32,
                      "Total Cost": 43899.32,
                      "Plan Rows": 336054,
                      "Plan Width": 4,
                      "Actual Startup Time": 262.015,
                      "Actual Total Time": 262.016,
                      "Actual Rows": 337073,
                      "Actual Loops": 4,
                      "Hash Buckets": 2097152,
                      "Original Hash Buckets": 2097152,
                      "Hash Batches": 1,
                      "Original Hash Batches": 1,
                      "Peak Memory Usage": 69216,
                      "Plans": [
                        {
                          "Node Type": "Seq Scan",
                          "Parent Relationship": "Outer",
                          "Parallel Aware": true,
                          "Relation Name": "title",
                          "Alias": "t",
                          "Startup Cost": 0.0,
                          "Total Cost": 43899.32,
                          "Plan Rows": 336054,
                          "Plan Width": 4,
                          "Actual Startup Time": 0.047,
                          "Actual Total Time": 117.263,
                          "Actual Rows": 337073,
                          "Actual Loops": 4,
                          "Filter": "(production_year < 2005)",
                          "Rows Removed by Filter": 295005
                        }
                      ]
                    }
                  ]
                }
              ]
            }
          ]
        }
      ]
    },
    "Planning Time": 0.674,
    "Triggers": [],
    "Execution Time": 581.504
  }
]