[
    {
        "Bao": {
            "Bao prediction": "NaN",
            "Bao recommended hint": "(no hint)"
        }
    },
    {
        "Plan": {
            "Node Type": "Aggregate",
            "Strategy": "Plain",
            "Partial Mode": "Finalize",
            "Parallel Aware": false,
            "Startup Cost": 9848.18,
            "Total Cost": 9848.19,
            "Plan Rows": 1,
            "Plan Width": 8,
            "Actual Startup Time": 41.682,
            "Actual Total Time": 44.299,
            "Actual Rows": 1,
            "Actual Loops": 1,
            "Output": [
                "count(*)"
            ],
            "Plans": [
                {
                    "Node Type": "Gather",
                    "Parent Relationship": "Outer",
                    "Parallel Aware": false,
                    "Startup Cost": 9847.86,
                    "Total Cost": 9848.17,
                    "Plan Rows": 3,
                    "Plan Width": 8,
                    "Actual Startup Time": 41.494,
                    "Actual Total Time": 44.292,
                    "Actual Rows": 4,
                    "Actual Loops": 1,
                    "Output": [
                        "(PARTIAL count(*))"
                    ],
                    "Workers Planned": 3,
                    "Workers Launched": 3,
                    "Single Copy": false,
                    "Plans": [
                        {
                            "Node Type": "Aggregate",
                            "Strategy": "Plain",
                            "Partial Mode": "Partial",
                            "Parent Relationship": "Outer",
                            "Parallel Aware": false,
                            "Startup Cost": 8847.86,
                            "Total Cost": 8847.87,
                            "Plan Rows": 1,
                            "Plan Width": 8,
                            "Actual Startup Time": 32.742,
                            "Actual Total Time": 32.742,
                            "Actual Rows": 1,
                            "Actual Loops": 4,
                            "Output": [
                                "PARTIAL count(*)"
                            ],
                            "Workers": [
                                {
                                    "Worker Number": 0,
                                    "Actual Startup Time": 29.507,
                                    "Actual Total Time": 29.508,
                                    "Actual Rows": 1,
                                    "Actual Loops": 1
                                },
                                {
                                    "Worker Number": 1,
                                    "Actual Startup Time": 30.121,
                                    "Actual Total Time": 30.121,
                                    "Actual Rows": 1,
                                    "Actual Loops": 1
                                },
                                {
                                    "Worker Number": 2,
                                    "Actual Startup Time": 30.457,
                                    "Actual Total Time": 30.458,
                                    "Actual Rows": 1,
                                    "Actual Loops": 1
                                }
                            ],
                            "Plans": [
                                {
                                    "Node Type": "Index Scan",
                                    "Parent Relationship": "Outer",
                                    "Parallel Aware": true,
                                    "Scan Direction": "Forward",
                                    "Index Name": "role_id_cast_info",
                                    "Relation Name": "cast_info",
                                    "Schema": "public",
                                    "Alias": "ci",
                                    "Startup Cost": 0.56,
                                    "Total Cost": 8709.53,
                                    "Plan Rows": 55333,
                                    "Plan Width": 0,
                                    "Actual Startup Time": 0.114,
                                    "Actual Total Time": 30.501,
                                    "Actual Rows": 18856,
                                    "Actual Loops": 4,
                                    "Output": [
                                        "id",
                                        "person_id",
                                        "movie_id",
                                        "person_role_id",
                                        "note",
                                        "nr_order",
                                        "role_id"
                                    ],
                                    "Index Cond": "(ci.role_id = 11)",
                                    "Rows Removed by Index Recheck": 0,
                                    "Filter": "(ci.person_id < 2061172)",
                                    "Rows Removed by Filter": 60173,
                                    "Workers": [
                                        {
                                            "Worker Number": 0,
                                            "Actual Startup Time": 0.172,
                                            "Actual Total Time": 27.612,
                                            "Actual Rows": 16680,
                                            "Actual Loops": 1
                                        },
                                        {
                                            "Worker Number": 1,
                                            "Actual Startup Time": 0.112,
                                            "Actual Total Time": 28.387,
                                            "Actual Rows": 14076,
                                            "Actual Loops": 1
                                        },
                                        {
                                            "Worker Number": 2,
                                            "Actual Startup Time": 0.106,
                                            "Actual Total Time": 28.644,
                                            "Actual Rows": 15042,
                                            "Actual Loops": 1
                                        }
                                    ]
                                }
                            ]
                        }
                    ]
                }
            ]
        },
        "Planning Time": 201.725,
        "Triggers": [],
        "Execution Time": 44.398
    }
]