[
  {
    "Plan": {
      "Node Type": "Aggregate",
      "Strategy": "Plain",
      "Partial Mode": "Finalize",
      "Parallel Aware": false,
      "Startup Cost": 116517.62,
      "Total Cost": 116517.63,
      "Plan Rows": 1,
      "Plan Width": 8,
      "Actual Startup Time": 208.653,
      "Actual Total Time": 227.737,
      "Actual Rows": 1,
      "Actual Loops": 1,
      "Plans": [
        {
          "Node Type": "Gather",
          "Parent Relationship": "Outer",
          "Parallel Aware": false,
          "Startup Cost": 116517.31,
          "Total Cost": 116517.62,
          "Plan Rows": 3,
          "Plan Width": 8,
          "Actual Startup Time": 208.391,
          "Actual Total Time": 227.727,
          "Actual Rows": 4,
          "Actual Loops": 1,
          "Workers Planned": 3,
          "Workers Launched": 3,
          "Single Copy": false,
          "Plans": [
            {
              "Node Type": "Aggregate",
              "Strategy": "Plain",
              "Partial Mode": "Partial",
              "Parent Relationship": "Outer",
              "Parallel Aware": false,
              "Startup Cost": 115517.31,
              "Total Cost": 115517.32,
              "Plan Rows": 1,
              "Plan Width": 8,
              "Actual Startup Time": 204.363,
              "Actual Total Time": 204.368,
              "Actual Rows": 1,
              "Actual Loops": 4,
              "Plans": [
                {
                  "Node Type": "Nested Loop",
                  "Parent Relationship": "Outer",
                  "Parallel Aware": false,
                  "Join Type": "Inner",
                  "Startup Cost": 45739.7,
                  "Total Cost": 115447.06,
                  "Plan Rows": 28098,
                  "Plan Width": 0,
                  "Actual Startup Time": 180.448,
                  "Actual Total Time": 204.362,
                  "Actual Rows": 0,
                  "Actual Loops": 4,
                  "Inner Unique": false,
                  "Join Filter": "(t.id = mi.movie_id)",
                  "Rows Removed by Join Filter": 0,
                  "Plans": [
                    {
                      "Node Type": "Hash Join",
                      "Parent Relationship": "Outer",
                      "Parallel Aware": true,
                      "Join Type": "Inner",
                      "Startup Cost": 45739.26,
                      "Total Cost": 89356.0,
                      "Plan Rows": 11532,
                      "Plan Width": 8,
                      "Actual Startup Time": 180.42,
                      "Actual Total Time": 204.332,
                      "Actual Rows": 0,
                      "Actual Loops": 4,
                      "Inner Unique": true,
                      "Hash Cond": "(mk.movie_id = t.id)",
                      "Plans": [
                        {
                          "Node Type": "Seq Scan",
                          "Parent Relationship": "Outer",
                          "Parallel Aware": true,
                          "Relation Name": "movie_keyword",
                          "Alias": "mk",
                          "Startup Cost": 0.0,
                          "Total Cost": 42695.65,
                          "Plan Rows": 350890,
                          "Plan Width": 4,
                          "Actual Startup Time": 1.261,
                          "Actual Total Time": 96.523,
                          "Actual Rows": 272059,
                          "Actual Loops": 4,
                          "Filter": "(keyword_id > 16264)",
                          "Rows Removed by Filter": 858923
                        },
                        {
                          "Node Type": "Hash",
                          "Parent Relationship": "Inner",
                          "Parallel Aware": true,
                          "Startup Cost": 45479.59,
                          "Total Cost": 45479.59,
                          "Plan Rows": 20774,
                          "Plan Width": 4,
                          "Actual Startup Time": 87.294,
                          "Actual Total Time": 87.295,
                          "Actual Rows": 9,
                          "Actual Loops": 4,
                          "Hash Buckets": 131072,
                          "Original Hash Buckets": 131072,
                          "Hash Batches": 1,
                          "Original Hash Batches": 1,
                          "Peak Memory Usage": 1152,
                          "Plans": [
                            {
                              "Node Type": "Seq Scan",
                              "Parent Relationship": "Outer",
                              "Parallel Aware": true,
                              "Relation Name": "title",
                              "Alias": "t",
                              "Startup Cost": 0.0,
                              "Total Cost": 45479.59,
                              "Plan Rows": 20774,
                              "Plan Width": 4,
                              "Actual Startup Time": 21.916,
                              "Actual Total Time": 87.191,
                              "Actual Rows": 9,
                              "Actual Loops": 4,
                              "Filter": "((production_year < 1942) AND (kind_id = 7))",
                              "Rows Removed by Filter": 632069
                            }
                          ]
                        }
                      ]
                    },
                    {
                      "Node Type": "Index Scan",
                      "Parent Relationship": "Inner",
                      "Parallel Aware": false,
                      "Scan Direction": "Forward",
                      "Index Name": "movie_id_movie_info",
                      "Relation Name": "movie_info",
                      "Alias": "mi",
                      "Startup Cost": 0.43,
                      "Total Cost": 2.05,
                      "Plan Rows": 17,
                      "Plan Width": 4,
                      "Actual Startup Time": 0.102,
                      "Actual Total Time": 0.104,
                      "Actual Rows": 1,
                      "Actual Loops": 1,
                      "Index Cond": "(movie_id = mk.movie_id)",
                      "Rows Removed by Index Recheck": 0,
                      "Filter": "(info_type_id > 8)",
                      "Rows Removed by Filter": 0
                    }
                  ]
                }
              ]
            }
          ]
        }
      ]
    },
    "Planning Time": 0.687,
    "Triggers": [],
    "Execution Time": 227.787
  }
]