[
  {
    "Plan": {
      "Node Type": "Aggregate",
      "Strategy": "Plain",
      "Partial Mode": "Finalize",
      "Parallel Aware": false,
      "Startup Cost": 72301.17,
      "Total Cost": 72301.18,
      "Plan Rows": 1,
      "Plan Width": 8,
      "Actual Startup Time": 99.786,
      "Actual Total Time": 113.76,
      "Actual Rows": 1,
      "Actual Loops": 1,
      "Plans": [
        {
          "Node Type": "Gather",
          "Parent Relationship": "Outer",
          "Parallel Aware": false,
          "Startup Cost": 72300.75,
          "Total Cost": 72301.16,
          "Plan Rows": 4,
          "Plan Width": 8,
          "Actual Startup Time": 99.62,
          "Actual Total Time": 113.752,
          "Actual Rows": 5,
          "Actual Loops": 1,
          "Workers Planned": 4,
          "Workers Launched": 4,
          "Single Copy": false,
          "Plans": [
            {
              "Node Type": "Aggregate",
              "Strategy": "Plain",
              "Partial Mode": "Partial",
              "Parent Relationship": "Outer",
              "Parallel Aware": false,
              "Startup Cost": 71300.75,
              "Total Cost": 71300.76,
              "Plan Rows": 1,
              "Plan Width": 8,
              "Actual Startup Time": 93.966,
              "Actual Total Time": 93.968,
              "Actual Rows": 1,
              "Actual Loops": 5,
              "Plans": [
                {
                  "Node Type": "Nested Loop",
                  "Parent Relationship": "Outer",
                  "Parallel Aware": false,
                  "Join Type": "Inner",
                  "Startup Cost": 0.43,
                  "Total Cost": 71296.96,
                  "Plan Rows": 1516,
                  "Plan Width": 0,
                  "Actual Startup Time": 0.526,
                  "Actual Total Time": 93.84,
                  "Actual Rows": 986,
                  "Actual Loops": 5,
                  "Inner Unique": false,
                  "Plans": [
                    {
                      "Node Type": "Seq Scan",
                      "Parent Relationship": "Outer",
                      "Parallel Aware": true,
                      "Relation Name": "title",
                      "Alias": "t",
                      "Startup Cost": 0.0,
                      "Total Cost": 45479.59,
                      "Plan Rows": 3005,
                      "Plan Width": 4,
                      "Actual Startup Time": 0.182,
                      "Actual Total Time": 77.652,
                      "Actual Rows": 2029,
                      "Actual Loops": 5,
                      "Filter": "((kind_id > 1) AND (production_year = 1978))",
                      "Rows Removed by Filter": 503633
                    },
                    {
                      "Node Type": "Index Scan",
                      "Parent Relationship": "Inner",
                      "Parallel Aware": false,
                      "Scan Direction": "Forward",
                      "Index Name": "movie_id_movie_companies",
                      "Relation Name": "movie_companies",
                      "Alias": "mc",
                      "Startup Cost": 0.43,
                      "Total Cost": 8.56,
                      "Plan Rows": 3,
                      "Plan Width": 4,
                      "Actual Startup Time": 0.006,
                      "Actual Total Time": 0.007,
                      "Actual Rows": 0,
                      "Actual Loops": 10147,
                      "Index Cond": "(movie_id = t.id)",
                      "Rows Removed by Index Recheck": 0,
                      "Filter": "(company_type_id = 1)",
                      "Rows Removed by Filter": 1
                    }
                  ]
                }
              ]
            }
          ]
        }
      ]
    },
    "Planning Time": 0.607,
    "Triggers": [],
    "Execution Time": 113.802
  }
]