[
  {
    "Plan": {
      "Node Type": "Aggregate",
      "Strategy": "Plain",
      "Partial Mode": "Finalize",
      "Parallel Aware": false,
      "Startup Cost": 33415.18,
      "Total Cost": 33415.19,
      "Plan Rows": 1,
      "Plan Width": 8,
      "Actual Startup Time": 123.041,
      "Actual Total Time": 131.066,
      "Actual Rows": 1,
      "Actual Loops": 1,
      "Plans": [
        {
          "Node Type": "Gather",
          "Parent Relationship": "Outer",
          "Parallel Aware": false,
          "Startup Cost": 33414.86,
          "Total Cost": 33415.17,
          "Plan Rows": 3,
          "Plan Width": 8,
          "Actual Startup Time": 122.946,
          "Actual Total Time": 131.057,
          "Actual Rows": 4,
          "Actual Loops": 1,
          "Workers Planned": 3,
          "Workers Launched": 3,
          "Single Copy": false,
          "Plans": [
            {
              "Node Type": "Aggregate",
              "Strategy": "Plain",
              "Partial Mode": "Partial",
              "Parent Relationship": "Outer",
              "Parallel Aware": false,
              "Startup Cost": 32414.86,
              "Total Cost": 32414.87,
              "Plan Rows": 1,
              "Plan Width": 8,
              "Actual Startup Time": 114.445,
              "Actual Total Time": 114.446,
              "Actual Rows": 1,
              "Actual Loops": 4,
              "Plans": [
                {
                  "Node Type": "Seq Scan",
                  "Parent Relationship": "Outer",
                  "Parallel Aware": true,
                  "Relation Name": "movie_companies",
                  "Alias": "mc",
                  "Startup Cost": 0.0,
                  "Total Cost": 31414.82,
                  "Plan Rows": 400018,
                  "Plan Width": 0,
                  "Actual Startup Time": 55.236,
                  "Actual Total Time": 99.669,
                  "Actual Rows": 288852,
                  "Actual Loops": 4,
                  "Filter": "((company_id < 120501) AND (company_type_id = 2))",
                  "Rows Removed by Filter": 363430
                }
              ]
            }
          ]
        }
      ]
    },
    "Planning Time": 0.294,
    "Triggers": [],
    "Execution Time": 131.132
  }
]