{
    "Plan": {
        "Node Type": "Aggregate",
        "Strategy": "Plain",
        "Partial Mode": "Finalize",
        "Parallel Aware": false,
        "Startup Cost": 170414.68,
        "Total Cost": 170414.69,
        "Plan Rows": 1,
        "Plan Width": 8,
        "Actual Startup Time": 627.706,
        "Actual Total Time": 651.741,
        "Actual Rows": 1,
        "Actual Loops": 1,
        "Output": [
            "count(*)"
        ],
        "Plans": [
            {
                "Node Type": "Gather",
                "Parent Relationship": "Outer",
                "Parallel Aware": false,
                "Startup Cost": 170414.16,
                "Total Cost": 170414.67,
                "Plan Rows": 5,
                "Plan Width": 8,
                "Actual Startup Time": 604.549,
                "Actual Total Time": 651.724,
                "Actual Rows": 6,
                "Actual Loops": 1,
                "Output": [
                    "(PARTIAL count(*))"
                ],
                "Workers Planned": 5,
                "Workers Launched": 5,
                "Single Copy": false,
                "Plans": [
                    {
                        "Node Type": "Aggregate",
                        "Strategy": "Plain",
                        "Partial Mode": "Partial",
                        "Parent Relationship": "Outer",
                        "Parallel Aware": false,
                        "Startup Cost": 169414.16,
                        "Total Cost": 169414.17,
                        "Plan Rows": 1,
                        "Plan Width": 8,
                        "Actual Startup Time": 581.779,
                        "Actual Total Time": 581.783,
                        "Actual Rows": 1,
                        "Actual Loops": 6,
                        "Output": [
                            "PARTIAL count(*)"
                        ],
                        "Workers": [
                            {
                                "Worker Number": 0,
                                "Actual Startup Time": 577.03,
                                "Actual Total Time": 577.033,
                                "Actual Rows": 1,
                                "Actual Loops": 1
                            },
                            {
                                "Worker Number": 1,
                                "Actual Startup Time": 578.595,
                                "Actual Total Time": 578.598,
                                "Actual Rows": 1,
                                "Actual Loops": 1
                            },
                            {
                                "Worker Number": 2,
                                "Actual Startup Time": 577.077,
                                "Actual Total Time": 577.081,
                                "Actual Rows": 1,
                                "Actual Loops": 1
                            },
                            {
                                "Worker Number": 3,
                                "Actual Startup Time": 577.308,
                                "Actual Total Time": 577.31,
                                "Actual Rows": 1,
                                "Actual Loops": 1
                            },
                            {
                                "Worker Number": 4,
                                "Actual Startup Time": 577.037,
                                "Actual Total Time": 577.04,
                                "Actual Rows": 1,
                                "Actual Loops": 1
                            }
                        ],
                        "Plans": [
                            {
                                "Node Type": "Hash Join",
                                "Parent Relationship": "Outer",
                                "Parallel Aware": true,
                                "Join Type": "Inner",
                                "Startup Cost": 50220.37,
                                "Total Cost": 167707.8,
                                "Plan Rows": 682544,
                                "Plan Width": 0,
                                "Actual Startup Time": 278.503,
                                "Actual Total Time": 571.042,
                                "Actual Rows": 251848,
                                "Actual Loops": 6,
                                "Inner Unique": true,
                                "Hash Cond": "(ci.movie_id = t.id)",
                                "Workers": [
                                    {
                                        "Worker Number": 0,
                                        "Actual Startup Time": 274.164,
                                        "Actual Total Time": 566.858,
                                        "Actual Rows": 241121,
                                        "Actual Loops": 1
                                    },
                                    {
                                        "Worker Number": 1,
                                        "Actual Startup Time": 274.228,
                                        "Actual Total Time": 568.184,
                                        "Actual Rows": 250564,
                                        "Actual Loops": 1
                                    },
                                    {
                                        "Worker Number": 2,
                                        "Actual Startup Time": 273.876,
                                        "Actual Total Time": 566.751,
                                        "Actual Rows": 235920,
                                        "Actual Loops": 1
                                    },
                                    {
                                        "Worker Number": 3,
                                        "Actual Startup Time": 274.259,
                                        "Actual Total Time": 566.679,
                                        "Actual Rows": 255650,
                                        "Actual Loops": 1
                                    },
                                    {
                                        "Worker Number": 4,
                                        "Actual Startup Time": 273.897,
                                        "Actual Total Time": 566.636,
                                        "Actual Rows": 242556,
                                        "Actual Loops": 1
                                    }
                                ],
                                "Plans": [
                                    {
                                        "Node Type": "Index Scan",
                                        "Parent Relationship": "Outer",
                                        "Parallel Aware": true,
                                        "Scan Direction": "Forward",
                                        "Index Name": "role_id_cast_info",
                                        "Relation Name": "cast_info",
                                        "Schema": "public",
                                        "Alias": "ci",
                                        "Startup Cost": 0.56,
                                        "Total Cost": 115696.32,
                                        "Plan Rows": 682544,
                                        "Plan Width": 4,
                                        "Actual Startup Time": 0.244,
                                        "Actual Total Time": 152.126,
                                        "Actual Rows": 251848,
                                        "Actual Loops": 6,
                                        "Output": [
                                            "ci.id",
                                            "ci.person_id",
                                            "ci.movie_id",
                                            "ci.person_role_id",
                                            "ci.note",
                                            "ci.nr_order",
                                            "ci.role_id"
                                        ],
                                        "Index Cond": "(ci.role_id = 10)",
                                        "Rows Removed by Index Recheck": 0,
                                        "Filter": "(ci.person_id < 2961888)",
                                        "Rows Removed by Filter": 468654,
                                        "Workers": [
                                            {
                                                "Worker Number": 0,
                                                "Actual Startup Time": 0.432,
                                                "Actual Total Time": 153.69,
                                                "Actual Rows": 241121,
                                                "Actual Loops": 1
                                            },
                                            {
                                                "Worker Number": 1,
                                                "Actual Startup Time": 0.21,
                                                "Actual Total Time": 155.577,
                                                "Actual Rows": 250564,
                                                "Actual Loops": 1
                                            },
                                            {
                                                "Worker Number": 2,
                                                "Actual Startup Time": 0.145,
                                                "Actual Total Time": 156.792,
                                                "Actual Rows": 235920,
                                                "Actual Loops": 1
                                            },
                                            {
                                                "Worker Number": 3,
                                                "Actual Startup Time": 0.301,
                                                "Actual Total Time": 155.008,
                                                "Actual Rows": 255650,
                                                "Actual Loops": 1
                                            },
                                            {
                                                "Worker Number": 4,
                                                "Actual Startup Time": 0.075,
                                                "Actual Total Time": 156.591,
                                                "Actual Rows": 242556,
                                                "Actual Loops": 1
                                            }
                                        ]
                                    },
                                    {
                                        "Node Type": "Hash",
                                        "Parent Relationship": "Inner",
                                        "Parallel Aware": true,
                                        "Startup Cost": 42318.81,
                                        "Total Cost": 42318.81,
                                        "Plan Rows": 632080,
                                        "Plan Width": 4,
                                        "Actual Startup Time": 270.078,
                                        "Actual Total Time": 270.079,
                                        "Actual Rows": 421385,
                                        "Actual Loops": 6,
                                        "Output": [
                                            "t.id"
                                        ],
                                        "Hash Buckets": 4194304,
                                        "Original Hash Buckets": 4194304,
                                        "Hash Batches": 1,
                                        "Original Hash Batches": 1,
                                        "Peak Memory Usage": 131808,
                                        "Workers": [
                                            {
                                                "Worker Number": 0,
                                                "Actual Startup Time": 273.31,
                                                "Actual Total Time": 273.311,
                                                "Actual Rows": 395013,
                                                "Actual Loops": 1
                                            },
                                            {
                                                "Worker Number": 1,
                                                "Actual Startup Time": 273.474,
                                                "Actual Total Time": 273.476,
                                                "Actual Rows": 402717,
                                                "Actual Loops": 1
                                            },
                                            {
                                                "Worker Number": 2,
                                                "Actual Startup Time": 273.334,
                                                "Actual Total Time": 273.335,
                                                "Actual Rows": 396799,
                                                "Actual Loops": 1
                                            },
                                            {
                                                "Worker Number": 3,
                                                "Actual Startup Time": 273.544,
                                                "Actual Total Time": 273.545,
                                                "Actual Rows": 406749,
                                                "Actual Loops": 1
                                            },
                                            {
                                                "Worker Number": 4,
                                                "Actual Startup Time": 273.278,
                                                "Actual Total Time": 273.279,
                                                "Actual Rows": 407600,
                                                "Actual Loops": 1
                                            }
                                        ],
                                        "Plans": [
                                            {
                                                "Node Type": "Seq Scan",
                                                "Parent Relationship": "Outer",
                                                "Parallel Aware": true,
                                                "Relation Name": "title",
                                                "Schema": "public",
                                                "Alias": "t",
                                                "Startup Cost": 0.0,
                                                "Total Cost": 42318.81,
                                                "Plan Rows": 632080,
                                                "Plan Width": 4,
                                                "Actual Startup Time": 0.056,
                                                "Actual Total Time": 75.827,
                                                "Actual Rows": 421385,
                                                "Actual Loops": 6,
                                                "Output": [
                                                    "t.id"
                                                ],
                                                "Workers": [
                                                    {
                                                        "Worker Number": 0,
                                                        "Actual Startup Time": 0.061,
                                                        "Actual Total Time": 79.009,
                                                        "Actual Rows": 395013,
                                                        "Actual Loops": 1
                                                    },
                                                    {
                                                        "Worker Number": 1,
                                                        "Actual Startup Time": 0.072,
                                                        "Actual Total Time": 76.446,
                                                        "Actual Rows": 402717,
                                                        "Actual Loops": 1
                                                    },
                                                    {
                                                        "Worker Number": 2,
                                                        "Actual Startup Time": 0.06,
                                                        "Actual Total Time": 79.242,
                                                        "Actual Rows": 396799,
                                                        "Actual Loops": 1
                                                    },
                                                    {
                                                        "Worker Number": 3,
                                                        "Actual Startup Time": 0.061,
                                                        "Actual Total Time": 76.351,
                                                        "Actual Rows": 406749,
                                                        "Actual Loops": 1
                                                    },
                                                    {
                                                        "Worker Number": 4,
                                                        "Actual Startup Time": 0.068,
                                                        "Actual Total Time": 79.134,
                                                        "Actual Rows": 407600,
                                                        "Actual Loops": 1
                                                    }
                                                ]
                                            }
                                        ]
                                    }
                                ]
                            }
                        ]
                    }
                ]
            }
        ]
    },
    "Planning Time": 0.762,
    "Triggers": [],
    "Execution Time": 651.834
}