[
  {
    "Plan": {
      "Node Type": "Aggregate",
      "Strategy": "Plain",
      "Partial Mode": "Finalize",
      "Parallel Aware": false,
      "Startup Cost": 389229.14,
      "Total Cost": 389229.15,
      "Plan Rows": 1,
      "Plan Width": 8,
      "Actual Startup Time": 1090.64,
      "Actual Total Time": 1162.19,
      "Actual Rows": 1,
      "Actual Loops": 1,
      "Plans": [
        {
          "Node Type": "Gather",
          "Parent Relationship": "Outer",
          "Parallel Aware": false,
          "Startup Cost": 389228.52,
          "Total Cost": 389229.13,
          "Plan Rows": 6,
          "Plan Width": 8,
          "Actual Startup Time": 1090.246,
          "Actual Total Time": 1162.181,
          "Actual Rows": 7,
          "Actual Loops": 1,
          "Workers Planned": 6,
          "Workers Launched": 6,
          "Single Copy": false,
          "Plans": [
            {
              "Node Type": "Aggregate",
              "Strategy": "Plain",
              "Partial Mode": "Partial",
              "Parent Relationship": "Outer",
              "Parallel Aware": false,
              "Startup Cost": 388228.52,
              "Total Cost": 388228.53,
              "Plan Rows": 1,
              "Plan Width": 8,
              "Actual Startup Time": 1079.386,
              "Actual Total Time": 1079.389,
              "Actual Rows": 1,
              "Actual Loops": 7,
              "Plans": [
                {
                  "Node Type": "Hash Join",
                  "Parent Relationship": "Outer",
                  "Parallel Aware": true,
                  "Join Type": "Inner",
                  "Startup Cost": 45774.16,
                  "Total Cost": 387737.65,
                  "Plan Rows": 196348,
                  "Plan Width": 0,
                  "Actual Startup Time": 84.003,
                  "Actual Total Time": 1079.321,
                  "Actual Rows": 546,
                  "Actual Loops": 7,
                  "Inner Unique": true,
                  "Hash Cond": "(ci.movie_id = t.id)",
                  "Plans": [
                    {
                      "Node Type": "Seq Scan",
                      "Parent Relationship": "Outer",
                      "Parallel Aware": true,
                      "Relation Name": "cast_info",
                      "Alias": "ci",
                      "Startup Cost": 0.0,
                      "Total Cost": 328162.03,
                      "Plan Rows": 5257691,
                      "Plan Width": 4,
                      "Actual Startup Time": 0.026,
                      "Actual Total Time": 675.53,
                      "Actual Rows": 4515030,
                      "Actual Loops": 7,
                      "Filter": "(role_id < 10)",
                      "Rows Removed by Filter": 662734
                    },
                    {
                      "Node Type": "Hash",
                      "Parent Relationship": "Inner",
                      "Parallel Aware": true,
                      "Startup Cost": 45479.1,
                      "Total Cost": 45479.1,
                      "Plan Rows": 23605,
                      "Plan Width": 4,
                      "Actual Startup Time": 74.233,
                      "Actual Total Time": 74.234,
                      "Actual Rows": 111,
                      "Actual Loops": 7,
                      "Hash Buckets": 131072,
                      "Original Hash Buckets": 131072,
                      "Hash Batches": 1,
                      "Original Hash Batches": 1,
                      "Peak Memory Usage": 1248,
                      "Plans": [
                        {
                          "Node Type": "Seq Scan",
                          "Parent Relationship": "Outer",
                          "Parallel Aware": true,
                          "Relation Name": "title",
                          "Alias": "t",
                          "Startup Cost": 0.0,
                          "Total Cost": 45479.1,
                          "Plan Rows": 23605,
                          "Plan Width": 4,
                          "Actual Startup Time": 4.815,
                          "Actual Total Time": 73.928,
                          "Actual Rows": 111,
                          "Actual Loops": 7,
                          "Filter": "((production_year < 1949) AND (kind_id = 7))",
                          "Rows Removed by Filter": 361077
                        }
                      ]
                    }
                  ]
                }
              ]
            }
          ]
        }
      ]
    },
    "Planning Time": 0.582,
    "Triggers": [],
    "Execution Time": 1162.276
  }
]