{
  "Plan": {
    "Node Type": "Aggregate",
    "Strategy": "Plain",
    "Partial Mode": "Finalize",
    "Parallel Aware": false,
    "Startup Cost": 1225246.43,
    "Total Cost": 1225246.44,
    "Plan Rows": 1,
    "Plan Width": 8,
    "Actual Startup Time": 28354.869,
    "Actual Total Time": 28601.936,
    "Actual Rows": 1,
    "Actual Loops": 1,
    "Plans": [
      {
        "Node Type": "Gather",
        "Parent Relationship": "Outer",
        "Parallel Aware": false,
        "Startup Cost": 1225246.31,
        "Total Cost": 1225246.42,
        "Plan Rows": 1,
        "Plan Width": 8,
        "Actual Startup Time": 28307.629,
        "Actual Total Time": 28601.923,
        "Actual Rows": 2,
        "Actual Loops": 1,
        "Workers Planned": 1,
        "Workers Launched": 1,
        "Single Copy": false,
        "Plans": [
          {
            "Node Type": "Aggregate",
            "Strategy": "Plain",
            "Partial Mode": "Partial",
            "Parent Relationship": "Outer",
            "Parallel Aware": false,
            "Startup Cost": 1224246.31,
            "Total Cost": 1224246.32,
            "Plan Rows": 1,
            "Plan Width": 8,
            "Actual Startup Time": 28269.408,
            "Actual Total Time": 28275.583,
            "Actual Rows": 1,
            "Actual Loops": 2,
            "Plans": [
              {
                "Node Type": "Hash Join",
                "Parent Relationship": "Outer",
                "Parallel Aware": true,
                "Join Type": "Inner",
                "Startup Cost": 824718.69,
                "Total Cost": 1141152.85,
                "Plan Rows": 33237385,
                "Plan Width": 0,
                "Actual Startup Time": 16445.759,
                "Actual Total Time": 24445.453,
                "Actual Rows": 95216107,
                "Actual Loops": 2,
                "Inner Unique": false,
                "Hash Cond": "(mk.movie_id = t.id)",
                "Plans": [
                  {
                    "Node Type": "Seq Scan",
                    "Parent Relationship": "Outer",
                    "Parallel Aware": true,
                    "Relation Name": "movie_keyword",
                    "Alias": "mk",
                    "Startup Cost": 0.0,
                    "Total Cost": 51065.35,
                    "Plan Rows": 2661135,
                    "Plan Width": 4,
                    "Actual Startup Time": 0.021,
                    "Actual Total Time": 181.626,
                    "Actual Rows": 2261965,
                    "Actual Loops": 2
                  },
                  {
                    "Node Type": "Hash",
                    "Parent Relationship": "Inner",
                    "Parallel Aware": true,
                    "Startup Cost": 592526.08,
                    "Total Cost": 592526.08,
                    "Plan Rows": 18575409,
                    "Plan Width": 8,
                    "Actual Startup Time": 16342.792,
                    "Actual Total Time": 16348.964,
                    "Actual Rows": 16566046,
                    "Actual Loops": 2,
                    "Hash Buckets": 33554432,
                    "Original Hash Buckets": 33554432,
                    "Hash Batches": 1,
                    "Original Hash Batches": 1,
                    "Peak Memory Usage": 1558272,
                    "Plans": [
                      {
                        "Node Type": "Hash Join",
                        "Parent Relationship": "Outer",
                        "Parallel Aware": true,
                        "Join Type": "Inner",
                        "Startup Cost": 70792.73,
                        "Total Cost": 592526.08,
                        "Plan Rows": 18575409,
                        "Plan Width": 8,
                        "Actual Startup Time": 528.144,
                        "Actual Total Time": 10300.194,
                        "Actual Rows": 16566046,
                        "Actual Loops": 2,
                        "Inner Unique": true,
                        "Hash Cond": "(ci.movie_id = t.id)",
                        "Plans": [
                          {
                            "Node Type": "Seq Scan",
                            "Parent Relationship": "Outer",
                            "Parallel Aware": true,
                            "Relation Name": "cast_info",
                            "Alias": "ci",
                            "Startup Cost": 0.0,
                            "Total Cost": 465792.95,
                            "Plan Rows": 21310595,
                            "Plan Width": 4,
                            "Actual Startup Time": 0.013,
                            "Actual Total Time": 1635.563,
                            "Actual Rows": 18122172,
                            "Actual Loops": 2
                          },
                          {
                            "Node Type": "Hash",
                            "Parent Relationship": "Inner",
                            "Parallel Aware": true,
                            "Startup Cost": 54588.39,
                            "Total Cost": 54588.39,
                            "Plan Rows": 1296347,
                            "Plan Width": 4,
                            "Actual Startup Time": 516.862,
                            "Actual Total Time": 516.863,
                            "Actual Rows": 1096312,
                            "Actual Loops": 2,
                            "Hash Buckets": 4194304,
                            "Original Hash Buckets": 4194304,
                            "Hash Batches": 1,
                            "Original Hash Batches": 1,
                            "Peak Memory Usage": 118592,
                            "Plans": [
                              {
                                "Node Type": "Seq Scan",
                                "Parent Relationship": "Outer",
                                "Parallel Aware": true,
                                "Relation Name": "title",
                                "Alias": "t",
                                "Startup Cost": 0.0,
                                "Total Cost": 54588.39,
                                "Plan Rows": 1296347,
                                "Plan Width": 4,
                                "Actual Startup Time": 0.036,
                                "Actual Total Time": 185.587,
                                "Actual Rows": 1096312,
                                "Actual Loops": 2,
                                "Filter": "(production_year > 1961)",
                                "Rows Removed by Filter": 167844
                              }
                            ]
                          }
                        ]
                      }
                    ]
                  }
                ]
              }
            ]
          }
        ]
      }
    ]
  },
  "Planning Time": 0.831,
  "Triggers": [],
  "Execution Time": 28602.025
}