[
  {
    "Plan": {
      "Node Type": "Aggregate",
      "Strategy": "Plain",
      "Partial Mode": "Finalize",
      "Parallel Aware": false,
      "Startup Cost": 46630.95,
      "Total Cost": 46630.96,
      "Plan Rows": 1,
      "Plan Width": 8,
      "Actual Startup Time": 99.017,
      "Actual Total Time": 110.66,
      "Actual Rows": 1,
      "Actual Loops": 1,
      "Plans": [
        {
          "Node Type": "Gather",
          "Parent Relationship": "Outer",
          "Parallel Aware": false,
          "Startup Cost": 46630.53,
          "Total Cost": 46630.94,
          "Plan Rows": 4,
          "Plan Width": 8,
          "Actual Startup Time": 98.883,
          "Actual Total Time": 110.651,
          "Actual Rows": 5,
          "Actual Loops": 1,
          "Workers Planned": 4,
          "Workers Launched": 4,
          "Single Copy": false,
          "Plans": [
            {
              "Node Type": "Aggregate",
              "Strategy": "Plain",
              "Partial Mode": "Partial",
              "Parent Relationship": "Outer",
              "Parallel Aware": false,
              "Startup Cost": 45630.53,
              "Total Cost": 45630.54,
              "Plan Rows": 1,
              "Plan Width": 8,
              "Actual Startup Time": 91.114,
              "Actual Total Time": 91.115,
              "Actual Rows": 1,
              "Actual Loops": 5,
              "Plans": [
                {
                  "Node Type": "Seq Scan",
                  "Parent Relationship": "Outer",
                  "Parallel Aware": true,
                  "Relation Name": "title",
                  "Alias": "t",
                  "Startup Cost": 0.0,
                  "Total Cost": 45479.1,
                  "Plan Rows": 60572,
                  "Plan Width": 0,
                  "Actual Startup Time": 0.078,
                  "Actual Total Time": 87.384,
                  "Actual Rows": 71499,
                  "Actual Loops": 5,
                  "Filter": "((kind_id < 7) AND (production_year < 1987))",
                  "Rows Removed by Filter": 434163
                }
              ]
            }
          ]
        }
      ]
    },
    "Planning Time": 0.194,
    "Triggers": [],
    "Execution Time": 110.722
  }
]