[
  {
    "Plan": {
      "Node Type": "Aggregate",
      "Strategy": "Plain",
      "Partial Mode": "Finalize",
      "Parallel Aware": false,
      "Startup Cost": 53229.42,
      "Total Cost": 53229.43,
      "Plan Rows": 1,
      "Plan Width": 8,
      "Actual Startup Time": 129.281,
      "Actual Total Time": 150.542,
      "Actual Rows": 1,
      "Actual Loops": 1,
      "Plans": [
        {
          "Node Type": "Gather",
          "Parent Relationship": "Outer",
          "Parallel Aware": false,
          "Startup Cost": 53229.0,
          "Total Cost": 53229.41,
          "Plan Rows": 4,
          "Plan Width": 8,
          "Actual Startup Time": 129.014,
          "Actual Total Time": 150.532,
          "Actual Rows": 5,
          "Actual Loops": 1,
          "Workers Planned": 4,
          "Workers Launched": 4,
          "Single Copy": false,
          "Plans": [
            {
              "Node Type": "Aggregate",
              "Strategy": "Plain",
              "Partial Mode": "Partial",
              "Parent Relationship": "Outer",
              "Parallel Aware": false,
              "Startup Cost": 52229.0,
              "Total Cost": 52229.01,
              "Plan Rows": 1,
              "Plan Width": 8,
              "Actual Startup Time": 120.237,
              "Actual Total Time": 120.24,
              "Actual Rows": 1,
              "Actual Loops": 5,
              "Plans": [
                {
                  "Node Type": "Nested Loop",
                  "Parent Relationship": "Outer",
                  "Parallel Aware": false,
                  "Join Type": "Inner",
                  "Startup Cost": 0.99,
                  "Total Cost": 52228.56,
                  "Plan Rows": 178,
                  "Plan Width": 0,
                  "Actual Startup Time": 13.482,
                  "Actual Total Time": 120.161,
                  "Actual Rows": 540,
                  "Actual Loops": 5,
                  "Inner Unique": false,
                  "Join Filter": "(t.id = ci.movie_id)",
                  "Rows Removed by Join Filter": 0,
                  "Plans": [
                    {
                      "Node Type": "Nested Loop",
                      "Parent Relationship": "Outer",
                      "Parallel Aware": false,
                      "Join Type": "Inner",
                      "Startup Cost": 0.43,
                      "Total Cost": 51802.8,
                      "Plan Rows": 168,
                      "Plan Width": 8,
                      "Actual Startup Time": 13.233,
                      "Actual Total Time": 97.752,
                      "Actual Rows": 282,
                      "Actual Loops": 5,
                      "Inner Unique": false,
                      "Plans": [
                        {
                          "Node Type": "Seq Scan",
                          "Parent Relationship": "Outer",
                          "Parallel Aware": true,
                          "Relation Name": "title",
                          "Alias": "t",
                          "Startup Cost": 0.0,
                          "Total Cost": 45479.59,
                          "Plan Rows": 342,
                          "Plan Width": 4,
                          "Actual Startup Time": 9.367,
                          "Actual Total Time": 88.266,
                          "Actual Rows": 676,
                          "Actual Loops": 5,
                          "Filter": "((kind_id < 7) AND (production_year > 2013))",
                          "Rows Removed by Filter": 504987
                        },
                        {
                          "Node Type": "Index Scan",
                          "Parent Relationship": "Inner",
                          "Parallel Aware": false,
                          "Scan Direction": "Forward",
                          "Index Name": "movie_id_movie_companies",
                          "Relation Name": "movie_companies",
                          "Alias": "mc",
                          "Startup Cost": 0.43,
                          "Total Cost": 18.47,
                          "Plan Rows": 2,
                          "Plan Width": 4,
                          "Actual Startup Time": 0.012,
                          "Actual Total Time": 0.013,
                          "Actual Rows": 0,
                          "Actual Loops": 3378,
                          "Index Cond": "(movie_id = t.id)",
                          "Rows Removed by Index Recheck": 0,
                          "Filter": "((company_id > 6) AND (company_type_id < 2))",
                          "Rows Removed by Filter": 1
                        }
                      ]
                    },
                    {
                      "Node Type": "Index Scan",
                      "Parent Relationship": "Inner",
                      "Parallel Aware": false,
                      "Scan Direction": "Forward",
                      "Index Name": "movie_id_cast_info",
                      "Relation Name": "cast_info",
                      "Alias": "ci",
                      "Startup Cost": 0.56,
                      "Total Cost": 2.5,
                      "Plan Rows": 3,
                      "Plan Width": 4,
                      "Actual Startup Time": 0.057,
                      "Actual Total Time": 0.079,
                      "Actual Rows": 2,
                      "Actual Loops": 1411,
                      "Index Cond": "(movie_id = mc.movie_id)",
                      "Rows Removed by Index Recheck": 0,
                      "Filter": "(role_id = 4)",
                      "Rows Removed by Filter": 19
                    }
                  ]
                }
              ]
            }
          ]
        }
      ]
    },
    "Planning Time": 1.243,
    "Triggers": [],
    "Execution Time": 150.615
  }
]