[
    {
        "Bao": {
            "Bao prediction": 644.245,
            "Bao recommended hint": "(no hint)"
        }
    },
    {
        "Plan": {
            "Node Type": "Aggregate",
            "Strategy": "Plain",
            "Partial Mode": "Finalize",
            "Parallel Aware": false,
            "Startup Cost": 25047.11,
            "Total Cost": 25047.12,
            "Plan Rows": 1,
            "Plan Width": 8,
            "Actual Startup Time": 79.29,
            "Actual Total Time": 85.0,
            "Actual Rows": 1,
            "Actual Loops": 1,
            "Output": [
                "count(*)"
            ],
            "Plans": [
                {
                    "Node Type": "Gather",
                    "Parent Relationship": "Outer",
                    "Parallel Aware": false,
                    "Startup Cost": 25046.8,
                    "Total Cost": 25047.11,
                    "Plan Rows": 3,
                    "Plan Width": 8,
                    "Actual Startup Time": 79.034,
                    "Actual Total Time": 84.991,
                    "Actual Rows": 4,
                    "Actual Loops": 1,
                    "Output": [
                        "(PARTIAL count(*))"
                    ],
                    "Workers Planned": 3,
                    "Workers Launched": 3,
                    "Single Copy": false,
                    "Plans": [
                        {
                            "Node Type": "Aggregate",
                            "Strategy": "Plain",
                            "Partial Mode": "Partial",
                            "Parent Relationship": "Outer",
                            "Parallel Aware": false,
                            "Startup Cost": 24046.8,
                            "Total Cost": 24046.81,
                            "Plan Rows": 1,
                            "Plan Width": 8,
                            "Actual Startup Time": 70.849,
                            "Actual Total Time": 70.85,
                            "Actual Rows": 1,
                            "Actual Loops": 4,
                            "Output": [
                                "PARTIAL count(*)"
                            ],
                            "Workers": [
                                {
                                    "Worker Number": 0,
                                    "Actual Startup Time": 68.021,
                                    "Actual Total Time": 68.023,
                                    "Actual Rows": 1,
                                    "Actual Loops": 1
                                },
                                {
                                    "Worker Number": 1,
                                    "Actual Startup Time": 68.248,
                                    "Actual Total Time": 68.249,
                                    "Actual Rows": 1,
                                    "Actual Loops": 1
                                },
                                {
                                    "Worker Number": 2,
                                    "Actual Startup Time": 68.658,
                                    "Actual Total Time": 68.659,
                                    "Actual Rows": 1,
                                    "Actual Loops": 1
                                }
                            ],
                            "Plans": [
                                {
                                    "Node Type": "Bitmap Heap Scan",
                                    "Parent Relationship": "Outer",
                                    "Parallel Aware": true,
                                    "Relation Name": "movie_companies",
                                    "Schema": "public",
                                    "Alias": "mc",
                                    "Startup Cost": 4297.27,
                                    "Total Cost": 23886.88,
                                    "Plan Rows": 63968,
                                    "Plan Width": 0,
                                    "Actual Startup Time": 25.345,
                                    "Actual Total Time": 66.085,
                                    "Actual Rows": 49206,
                                    "Actual Loops": 4,
                                    "Recheck Cond": "(mc.company_id < 55)",
                                    "Rows Removed by Index Recheck": 0,
                                    "Exact Heap Blocks": 7879,
                                    "Lossy Heap Blocks": 0,
                                    "Workers": [
                                        {
                                            "Worker Number": 0,
                                            "Actual Startup Time": 22.654,
                                            "Actual Total Time": 63.827,
                                            "Actual Rows": 31712,
                                            "Actual Loops": 1
                                        },
                                        {
                                            "Worker Number": 1,
                                            "Actual Startup Time": 22.733,
                                            "Actual Total Time": 64.202,
                                            "Actual Rows": 29692,
                                            "Actual Loops": 1
                                        },
                                        {
                                            "Worker Number": 2,
                                            "Actual Startup Time": 23.314,
                                            "Actual Total Time": 64.618,
                                            "Actual Rows": 29517,
                                            "Actual Loops": 1
                                        }
                                    ],
                                    "Plans": [
                                        {
                                            "Node Type": "Bitmap Index Scan",
                                            "Parent Relationship": "Outer",
                                            "Parallel Aware": false,
                                            "Index Name": "company_id_movie_companies",
                                            "Startup Cost": 0.0,
                                            "Total Cost": 4247.69,
                                            "Plan Rows": 198302,
                                            "Plan Width": 0,
                                            "Actual Startup Time": 28.547,
                                            "Actual Total Time": 28.547,
                                            "Actual Rows": 196826,
                                            "Actual Loops": 1,
                                            "Index Cond": "(mc.company_id < 55)"
                                        }
                                    ]
                                }
                            ]
                        }
                    ]
                }
            ]
        },
        "Planning Time": 606.567,
        "Triggers": [],
        "Execution Time": 85.095
    }
]