{
  "Plan": {
    "Node Type": "Aggregate",
    "Strategy": "Plain",
    "Partial Mode": "Finalize",
    "Parallel Aware": false,
    "Startup Cost": 783056.2,
    "Total Cost": 783056.21,
    "Plan Rows": 1,
    "Plan Width": 8,
    "Actual Startup Time": 4993.888,
    "Actual Total Time": 5048.786,
    "Actual Rows": 1,
    "Actual Loops": 1,
    "Plans": [
      {
        "Node Type": "Gather",
        "Parent Relationship": "Outer",
        "Parallel Aware": false,
        "Startup Cost": 783056.08,
        "Total Cost": 783056.19,
        "Plan Rows": 1,
        "Plan Width": 8,
        "Actual Startup Time": 4983.724,
        "Actual Total Time": 5048.779,
        "Actual Rows": 2,
        "Actual Loops": 1,
        "Workers Planned": 1,
        "Workers Launched": 1,
        "Single Copy": false,
        "Plans": [
          {
            "Node Type": "Aggregate",
            "Strategy": "Plain",
            "Partial Mode": "Partial",
            "Parent Relationship": "Outer",
            "Parallel Aware": false,
            "Startup Cost": 782056.08,
            "Total Cost": 782056.09,
            "Plan Rows": 1,
            "Plan Width": 8,
            "Actual Startup Time": 4968.508,
            "Actual Total Time": 4968.516,
            "Actual Rows": 1,
            "Actual Loops": 2,
            "Plans": [
              {
                "Node Type": "Merge Join",
                "Parent Relationship": "Outer",
                "Parallel Aware": false,
                "Join Type": "Inner",
                "Startup Cost": 758256.31,
                "Total Cost": 781089.39,
                "Plan Rows": 386678,
                "Plan Width": 0,
                "Actual Startup Time": 4202.838,
                "Actual Total Time": 4904.642,
                "Actual Rows": 1608554,
                "Actual Loops": 2,
                "Inner Unique": false,
                "Merge Cond": "(t.id = mc.movie_id)",
                "Plans": [
                  {
                    "Node Type": "Sort",
                    "Parent Relationship": "Outer",
                    "Parallel Aware": false,
                    "Startup Cost": 703681.1,
                    "Total Cost": 712206.35,
                    "Plan Rows": 3410099,
                    "Plan Width": 8,
                    "Actual Startup Time": 4076.814,
                    "Actual Total Time": 4295.399,
                    "Actual Rows": 5435500,
                    "Actual Loops": 2,
                    "Sort Key": [
                      "t.id"
                    ],
                    "Sort Method": "quicksort",
                    "Sort Space Used": 456338,
                    "Sort Space Type": "Memory",
                    "Workers": [
                      {
                        "Worker Number": 0,
                        "Sort Method": "quicksort",
                        "Sort Space Used": 446522,
                        "Sort Space Type": "Memory"
                      }
                    ],
                    "Plans": [
                      {
                        "Node Type": "Hash Join",
                        "Parent Relationship": "Outer",
                        "Parallel Aware": true,
                        "Join Type": "Inner",
                        "Startup Cost": 61878.3,
                        "Total Cost": 333661.79,
                        "Plan Rows": 3410099,
                        "Plan Width": 8,
                        "Actual Startup Time": 269.564,
                        "Actual Total Time": 2893.524,
                        "Actual Rows": 5436192,
                        "Actual Loops": 2,
                        "Inner Unique": true,
                        "Hash Cond": "(mi.movie_id = t.id)",
                        "Plans": [
                          {
                            "Node Type": "Seq Scan",
                            "Parent Relationship": "Outer",
                            "Parallel Aware": true,
                            "Relation Name": "movie_info",
                            "Alias": "mi",
                            "Startup Cost": 0.0,
                            "Total Cost": 248955.74,
                            "Plan Rows": 8696274,
                            "Plan Width": 4,
                            "Actual Startup Time": 0.009,
                            "Actual Total Time": 648.218,
                            "Actual Rows": 7417860,
                            "Actual Loops": 2
                          },
                          {
                            "Node Type": "Hash",
                            "Parent Relationship": "Inner",
                            "Parallel Aware": true,
                            "Startup Cost": 54588.39,
                            "Total Cost": 54588.39,
                            "Plan Rows": 583193,
                            "Plan Width": 4,
                            "Actual Startup Time": 258.277,
                            "Actual Total Time": 258.278,
                            "Actual Rows": 492524,
                            "Actual Loops": 2,
                            "Hash Buckets": 1048576,
                            "Original Hash Buckets": 1048576,
                            "Hash Batches": 1,
                            "Original Hash Batches": 1,
                            "Peak Memory Usage": 46752,
                            "Plans": [
                              {
                                "Node Type": "Seq Scan",
                                "Parent Relationship": "Outer",
                                "Parallel Aware": true,
                                "Relation Name": "title",
                                "Alias": "t",
                                "Startup Cost": 0.0,
                                "Total Cost": 54588.39,
                                "Plan Rows": 583193,
                                "Plan Width": 4,
                                "Actual Startup Time": 0.039,
                                "Actual Total Time": 150.328,
                                "Actual Rows": 492524,
                                "Actual Loops": 2,
                                "Filter": "(kind_id < 7)",
                                "Rows Removed by Filter": 771632
                              }
                            ]
                          }
                        ]
                      }
                    ]
                  },
                  {
                    "Node Type": "Sort",
                    "Parent Relationship": "Inner",
                    "Parallel Aware": false,
                    "Startup Cost": 54574.87,
                    "Total Cost": 55291.59,
                    "Plan Rows": 286688,
                    "Plan Width": 4,
                    "Actual Startup Time": 126.009,
                    "Actual Total Time": 185.577,
                    "Actual Rows": 1793012,
                    "Actual Loops": 2,
                    "Sort Key": [
                      "mc.movie_id"
                    ],
                    "Sort Method": "quicksort",
                    "Sort Space Used": 25663,
                    "Sort Space Type": "Memory",
                    "Workers": [
                      {
                        "Worker Number": 0,
                        "Sort Method": "quicksort",
                        "Sort Space Used": 25663,
                        "Sort Space Type": "Memory"
                      }
                    ],
                    "Plans": [
                      {
                        "Node Type": "Bitmap Heap Scan",
                        "Parent Relationship": "Outer",
                        "Parallel Aware": false,
                        "Relation Name": "movie_companies",
                        "Alias": "mc",
                        "Startup Cost": 6214.26,
                        "Total Cost": 28587.86,
                        "Plan Rows": 286688,
                        "Plan Width": 4,
                        "Actual Startup Time": 12.802,
                        "Actual Total Time": 71.039,
                        "Actual Rows": 285317,
                        "Actual Loops": 2,
                        "Recheck Cond": "(company_id < 159)",
                        "Rows Removed by Index Recheck": 0,
                        "Exact Heap Blocks": 17308,
                        "Lossy Heap Blocks": 0,
                        "Plans": [
                          {
                            "Node Type": "Bitmap Index Scan",
                            "Parent Relationship": "Outer",
                            "Parallel Aware": false,
                            "Index Name": "company_id_movie_companies",
                            "Startup Cost": 0.0,
                            "Total Cost": 6142.59,
                            "Plan Rows": 286688,
                            "Plan Width": 0,
                            "Actual Startup Time": 10.66,
                            "Actual Total Time": 10.66,
                            "Actual Rows": 285317,
                            "Actual Loops": 2,
                            "Index Cond": "(company_id < 159)"
                          }
                        ]
                      }
                    ]
                  }
                ]
              }
            ]
          }
        ]
      }
    ]
  },
  "Planning Time": 1.12,
  "Triggers": [],
  "Execution Time": 5090.336
}