[
  {
    "Plan": {
      "Node Type": "Aggregate",
      "Strategy": "Plain",
      "Partial Mode": "Simple",
      "Parallel Aware": false,
      "Startup Cost": 12773.47,
      "Total Cost": 12773.48,
      "Plan Rows": 1,
      "Plan Width": 8,
      "Actual Startup Time": 6.565,
      "Actual Total Time": 6.567,
      "Actual Rows": 1,
      "Actual Loops": 1,
      "Plans": [
        {
          "Node Type": "Bitmap Heap Scan",
          "Parent Relationship": "Outer",
          "Parallel Aware": false,
          "Relation Name": "movie_companies",
          "Alias": "mc",
          "Startup Cost": 130.94,
          "Total Cost": 12758.47,
          "Plan Rows": 6001,
          "Plan Width": 0,
          "Actual Startup Time": 1.222,
          "Actual Total Time": 5.556,
          "Actual Rows": 6205,
          "Actual Loops": 1,
          "Recheck Cond": "(company_id = 145)",
          "Rows Removed by Index Recheck": 0,
          "Exact Heap Blocks": 713,
          "Lossy Heap Blocks": 0,
          "Plans": [
            {
              "Node Type": "Bitmap Index Scan",
              "Parent Relationship": "Outer",
              "Parallel Aware": false,
              "Index Name": "company_id_movie_companies",
              "Startup Cost": 0.0,
              "Total Cost": 129.44,
              "Plan Rows": 6001,
              "Plan Width": 0,
              "Actual Startup Time": 0.958,
              "Actual Total Time": 0.959,
              "Actual Rows": 6205,
              "Actual Loops": 1,
              "Index Cond": "(company_id = 145)"
            }
          ]
        }
      ]
    },
    "Planning Time": 0.183,
    "Triggers": [],
    "Execution Time": 6.639
  }
]