[
  {
    "Plan": {
      "Node Type": "Aggregate",
      "Strategy": "Plain",
      "Partial Mode": "Finalize",
      "Parallel Aware": false,
      "Startup Cost": 335156.92,
      "Total Cost": 335156.93,
      "Plan Rows": 1,
      "Plan Width": 8,
      "Actual Startup Time": 760.743,
      "Actual Total Time": 810.164,
      "Actual Rows": 1,
      "Actual Loops": 1,
      "Plans": [
        {
          "Node Type": "Gather",
          "Parent Relationship": "Outer",
          "Parallel Aware": false,
          "Startup Cost": 335156.29,
          "Total Cost": 335156.9,
          "Plan Rows": 6,
          "Plan Width": 8,
          "Actual Startup Time": 760.561,
          "Actual Total Time": 810.146,
          "Actual Rows": 7,
          "Actual Loops": 1,
          "Workers Planned": 6,
          "Workers Launched": 6,
          "Single Copy": false,
          "Plans": [
            {
              "Node Type": "Aggregate",
              "Strategy": "Plain",
              "Partial Mode": "Partial",
              "Parent Relationship": "Outer",
              "Parallel Aware": false,
              "Startup Cost": 334156.29,
              "Total Cost": 334156.3,
              "Plan Rows": 1,
              "Plan Width": 8,
              "Actual Startup Time": 751.757,
              "Actual Total Time": 751.759,
              "Actual Rows": 1,
              "Actual Loops": 7,
              "Plans": [
                {
                  "Node Type": "Seq Scan",
                  "Parent Relationship": "Outer",
                  "Parallel Aware": true,
                  "Relation Name": "cast_info",
                  "Alias": "ci",
                  "Startup Cost": 0.0,
                  "Total Cost": 328211.39,
                  "Plan Rows": 2377960,
                  "Plan Width": 0,
                  "Actual Startup Time": 278.992,
                  "Actual Total Time": 645.793,
                  "Actual Rows": 1996200,
                  "Actual Loops": 7,
                  "Filter": "(person_id > 2268343)",
                  "Rows Removed by Filter": 3181563
                }
              ]
            }
          ]
        }
      ]
    },
    "Planning Time": 0.227,
    "Triggers": [],
    "Execution Time": 810.254
  }
]