[
  {
    "Plan": {
      "Node Type": "Aggregate",
      "Strategy": "Plain",
      "Partial Mode": "Finalize",
      "Parallel Aware": false,
      "Startup Cost": 347759.69,
      "Total Cost": 347759.7,
      "Plan Rows": 1,
      "Plan Width": 8,
      "Actual Startup Time": 642.412,
      "Actual Total Time": 667.998,
      "Actual Rows": 1,
      "Actual Loops": 1,
      "Plans": [
        {
          "Node Type": "Gather",
          "Parent Relationship": "Outer",
          "Parallel Aware": false,
          "Startup Cost": 347759.06,
          "Total Cost": 347759.67,
          "Plan Rows": 6,
          "Plan Width": 8,
          "Actual Startup Time": 619.039,
          "Actual Total Time": 667.985,
          "Actual Rows": 7,
          "Actual Loops": 1,
          "Workers Planned": 6,
          "Workers Launched": 6,
          "Single Copy": false,
          "Plans": [
            {
              "Node Type": "Aggregate",
              "Strategy": "Plain",
              "Partial Mode": "Partial",
              "Parent Relationship": "Outer",
              "Parallel Aware": false,
              "Startup Cost": 346759.06,
              "Total Cost": 346759.07,
              "Plan Rows": 1,
              "Plan Width": 8,
              "Actual Startup Time": 601.981,
              "Actual Total Time": 601.985,
              "Actual Rows": 1,
              "Actual Loops": 7,
              "Plans": [
                {
                  "Node Type": "Hash Join",
                  "Parent Relationship": "Outer",
                  "Parallel Aware": true,
                  "Join Type": "Inner",
                  "Startup Cost": 88922.64,
                  "Total Cost": 346028.65,
                  "Plan Rows": 292166,
                  "Plan Width": 0,
                  "Actual Startup Time": 384.593,
                  "Actual Total Time": 588.057,
                  "Actual Rows": 238899,
                  "Actual Loops": 7,
                  "Inner Unique": true,
                  "Hash Cond": "(ci.movie_id = t.id)",
                  "Plans": [
                    {
                      "Node Type": "Bitmap Heap Scan",
                      "Parent Relationship": "Outer",
                      "Parallel Aware": true,
                      "Relation Name": "cast_info",
                      "Alias": "ci",
                      "Startup Cost": 38702.26,
                      "Total Cost": 295041.33,
                      "Plan Rows": 292166,
                      "Plan Width": 4,
                      "Actual Startup Time": 93.043,
                      "Actual Total Time": 159.151,
                      "Actual Rows": 238899,
                      "Actual Loops": 7,
                      "Recheck Cond": "(person_id > 3730538)",
                      "Rows Removed by Index Recheck": 0,
                      "Exact Heap Blocks": 3436,
                      "Lossy Heap Blocks": 0,
                      "Plans": [
                        {
                          "Node Type": "Bitmap Index Scan",
                          "Parent Relationship": "Outer",
                          "Parallel Aware": false,
                          "Index Name": "person_id_cast_info",
                          "Startup Cost": 0.0,
                          "Total Cost": 38264.01,
                          "Plan Rows": 1752993,
                          "Plan Width": 0,
                          "Actual Startup Time": 89.259,
                          "Actual Total Time": 89.259,
                          "Actual Rows": 1672296,
                          "Actual Loops": 1,
                          "Index Cond": "(person_id > 3730538)"
                        }
                      ]
                    },
                    {
                      "Node Type": "Hash",
                      "Parent Relationship": "Inner",
                      "Parallel Aware": true,
                      "Startup Cost": 42319.06,
                      "Total Cost": 42319.06,
                      "Plan Rows": 632106,
                      "Plan Width": 4,
                      "Actual Startup Time": 286.318,
                      "Actual Total Time": 286.319,
                      "Actual Rows": 361187,
                      "Actual Loops": 7,
                      "Hash Buckets": 4194304,
                      "Original Hash Buckets": 4194304,
                      "Hash Batches": 1,
                      "Original Hash Batches": 1,
                      "Peak Memory Usage": 131776,
                      "Plans": [
                        {
                          "Node Type": "Seq Scan",
                          "Parent Relationship": "Outer",
                          "Parallel Aware": true,
                          "Relation Name": "title",
                          "Alias": "t",
                          "Startup Cost": 0.0,
                          "Total Cost": 42319.06,
                          "Plan Rows": 632106,
                          "Plan Width": 4,
                          "Actual Startup Time": 0.053,
                          "Actual Total Time": 85.94,
                          "Actual Rows": 361187,
                          "Actual Loops": 7
                        }
                      ]
                    }
                  ]
                }
              ]
            }
          ]
        }
      ]
    },
    "Planning Time": 0.322,
    "Triggers": [],
    "Execution Time": 668.048
  }
]