[
  {
    "Plan": {
      "Node Type": "Aggregate",
      "Strategy": "Plain",
      "Partial Mode": "Finalize",
      "Parallel Aware": false,
      "Startup Cost": 351987.83,
      "Total Cost": 351987.84,
      "Plan Rows": 1,
      "Plan Width": 8,
      "Actual Startup Time": 812.128,
      "Actual Total Time": 855.506,
      "Actual Rows": 1,
      "Actual Loops": 1,
      "Plans": [
        {
          "Node Type": "Gather",
          "Parent Relationship": "Outer",
          "Parallel Aware": false,
          "Startup Cost": 351987.2,
          "Total Cost": 351987.81,
          "Plan Rows": 6,
          "Plan Width": 8,
          "Actual Startup Time": 811.773,
          "Actual Total Time": 855.496,
          "Actual Rows": 7,
          "Actual Loops": 1,
          "Workers Planned": 6,
          "Workers Launched": 6,
          "Single Copy": false,
          "Plans": [
            {
              "Node Type": "Aggregate",
              "Strategy": "Plain",
              "Partial Mode": "Partial",
              "Parent Relationship": "Outer",
              "Parallel Aware": false,
              "Startup Cost": 350987.2,
              "Total Cost": 350987.21,
              "Plan Rows": 1,
              "Plan Width": 8,
              "Actual Startup Time": 803.384,
              "Actual Total Time": 803.385,
              "Actual Rows": 1,
              "Actual Loops": 7,
              "Plans": [
                {
                  "Node Type": "Seq Scan",
                  "Parent Relationship": "Outer",
                  "Parallel Aware": true,
                  "Relation Name": "cast_info",
                  "Alias": "ci",
                  "Startup Cost": 0.0,
                  "Total Cost": 343316.27,
                  "Plan Rows": 3068372,
                  "Plan Width": 0,
                  "Actual Startup Time": 214.598,
                  "Actual Total Time": 665.95,
                  "Actual Rows": 3049306,
                  "Actual Loops": 7,
                  "Filter": "((person_id > 784744) AND (role_id > 1))",
                  "Rows Removed by Filter": 2128457
                }
              ]
            }
          ]
        }
      ]
    },
    "Planning Time": 0.109,
    "Triggers": [],
    "Execution Time": 855.546
  }
]