{
  "Plan": {
    "Node Type": "Aggregate",
    "Strategy": "Plain",
    "Partial Mode": "Finalize",
    "Parallel Aware": false,
    "Startup Cost": 79587.11,
    "Total Cost": 79587.12,
    "Plan Rows": 1,
    "Plan Width": 8,
    "Actual Startup Time": 298.848,
    "Actual Total Time": 312.016,
    "Actual Rows": 1,
    "Actual Loops": 1,
    "Plans": [
      {
        "Node Type": "Gather",
        "Parent Relationship": "Outer",
        "Parallel Aware": false,
        "Startup Cost": 79587.0,
        "Total Cost": 79587.11,
        "Plan Rows": 1,
        "Plan Width": 8,
        "Actual Startup Time": 298.187,
        "Actual Total Time": 312.007,
        "Actual Rows": 2,
        "Actual Loops": 1,
        "Workers Planned": 1,
        "Workers Launched": 1,
        "Single Copy": false,
        "Plans": [
          {
            "Node Type": "Aggregate",
            "Strategy": "Plain",
            "Partial Mode": "Partial",
            "Parent Relationship": "Outer",
            "Parallel Aware": false,
            "Startup Cost": 78587.0,
            "Total Cost": 78587.01,
            "Plan Rows": 1,
            "Plan Width": 8,
            "Actual Startup Time": 292.517,
            "Actual Total Time": 292.52,
            "Actual Rows": 1,
            "Actual Loops": 2,
            "Plans": [
              {
                "Node Type": "Hash Join",
                "Parent Relationship": "Outer",
                "Parallel Aware": true,
                "Join Type": "Inner",
                "Startup Cost": 60196.84,
                "Total Cost": 78380.63,
                "Plan Rows": 82547,
                "Plan Width": 0,
                "Actual Startup Time": 171.485,
                "Actual Total Time": 289.415,
                "Actual Rows": 76648,
                "Actual Loops": 2,
                "Inner Unique": true,
                "Hash Cond": "(mi_idx.movie_id = t.id)",
                "Plans": [
                  {
                    "Node Type": "Seq Scan",
                    "Parent Relationship": "Outer",
                    "Parallel Aware": true,
                    "Relation Name": "movie_info_idx",
                    "Alias": "mi_idx",
                    "Startup Cost": 0.0,
                    "Total Cost": 16052.85,
                    "Plan Rows": 811785,
                    "Plan Width": 4,
                    "Actual Startup Time": 0.017,
                    "Actual Total Time": 46.774,
                    "Actual Rows": 690018,
                    "Actual Loops": 2
                  },
                  {
                    "Node Type": "Hash",
                    "Parent Relationship": "Inner",
                    "Parallel Aware": true,
                    "Startup Cost": 58306.47,
                    "Total Cost": 58306.47,
                    "Plan Rows": 151230,
                    "Plan Width": 4,
                    "Actual Startup Time": 167.804,
                    "Actual Total Time": 167.804,
                    "Actual Rows": 113018,
                    "Actual Loops": 2,
                    "Hash Buckets": 262144,
                    "Original Hash Buckets": 262144,
                    "Hash Batches": 1,
                    "Original Hash Batches": 1,
                    "Peak Memory Usage": 10912,
                    "Plans": [
                      {
                        "Node Type": "Seq Scan",
                        "Parent Relationship": "Outer",
                        "Parallel Aware": true,
                        "Relation Name": "title",
                        "Alias": "t",
                        "Startup Cost": 0.0,
                        "Total Cost": 58306.47,
                        "Plan Rows": 151230,
                        "Plan Width": 4,
                        "Actual Startup Time": 0.201,
                        "Actual Total Time": 142.604,
                        "Actual Rows": 113018,
                        "Actual Loops": 2,
                        "Filter": "((kind_id < 6) AND (production_year > 2008))",
                        "Rows Removed by Filter": 1151138
                      }
                    ]
                  }
                ]
              }
            ]
          }
        ]
      }
    ]
  },
  "Planning Time": 0.5,
  "Triggers": [],
  "Execution Time": 312.087
}