[
  {
    "Plan": {
      "Node Type": "Aggregate",
      "Strategy": "Plain",
      "Partial Mode": "Finalize",
      "Parallel Aware": false,
      "Startup Cost": 238903.21,
      "Total Cost": 238903.22,
      "Plan Rows": 1,
      "Plan Width": 8,
      "Actual Startup Time": 604.134,
      "Actual Total Time": 646.784,
      "Actual Rows": 1,
      "Actual Loops": 1,
      "Plans": [
        {
          "Node Type": "Gather",
          "Parent Relationship": "Outer",
          "Parallel Aware": false,
          "Startup Cost": 238902.69,
          "Total Cost": 238903.2,
          "Plan Rows": 5,
          "Plan Width": 8,
          "Actual Startup Time": 603.513,
          "Actual Total Time": 646.776,
          "Actual Rows": 6,
          "Actual Loops": 1,
          "Workers Planned": 5,
          "Workers Launched": 5,
          "Single Copy": false,
          "Plans": [
            {
              "Node Type": "Aggregate",
              "Strategy": "Plain",
              "Partial Mode": "Partial",
              "Parent Relationship": "Outer",
              "Parallel Aware": false,
              "Startup Cost": 237902.69,
              "Total Cost": 237902.7,
              "Plan Rows": 1,
              "Plan Width": 8,
              "Actual Startup Time": 596.999,
              "Actual Total Time": 597.002,
              "Actual Rows": 1,
              "Actual Loops": 6,
              "Plans": [
                {
                  "Node Type": "Hash Join",
                  "Parent Relationship": "Outer",
                  "Parallel Aware": true,
                  "Join Type": "Inner",
                  "Startup Cost": 38267.24,
                  "Total Cost": 237746.65,
                  "Plan Rows": 62415,
                  "Plan Width": 0,
                  "Actual Startup Time": 39.378,
                  "Actual Total Time": 593.636,
                  "Actual Rows": 60630,
                  "Actual Loops": 6,
                  "Inner Unique": true,
                  "Hash Cond": "(mi.movie_id = t.id)",
                  "Plans": [
                    {
                      "Node Type": "Seq Scan",
                      "Parent Relationship": "Outer",
                      "Parallel Aware": true,
                      "Relation Name": "movie_info",
                      "Alias": "mi",
                      "Startup Cost": 0.0,
                      "Total Cost": 191685.19,
                      "Plan Rows": 2969219,
                      "Plan Width": 4,
                      "Actual Startup Time": 0.027,
                      "Actual Total Time": 298.495,
                      "Actual Rows": 2472620,
                      "Actual Loops": 6
                    },
                    {
                      "Node Type": "Hash",
                      "Parent Relationship": "Inner",
                      "Parallel Aware": true,
                      "Startup Cost": 38101.16,
                      "Total Cost": 38101.16,
                      "Plan Rows": 13287,
                      "Plan Width": 4,
                      "Actual Startup Time": 30.062,
                      "Actual Total Time": 30.064,
                      "Actual Rows": 7313,
                      "Actual Loops": 6,
                      "Hash Buckets": 65536,
                      "Original Hash Buckets": 65536,
                      "Hash Batches": 1,
                      "Original Hash Batches": 1,
                      "Peak Memory Usage": 2336,
                      "Plans": [
                        {
                          "Node Type": "Bitmap Heap Scan",
                          "Parent Relationship": "Outer",
                          "Parallel Aware": true,
                          "Relation Name": "title",
                          "Alias": "t",
                          "Startup Cost": 1740.01,
                          "Total Cost": 38101.16,
                          "Plan Rows": 13287,
                          "Plan Width": 4,
                          "Actual Startup Time": 4.096,
                          "Actual Total Time": 26.998,
                          "Actual Rows": 7313,
                          "Actual Loops": 6,
                          "Recheck Cond": "(kind_id = 3)",
                          "Rows Removed by Index Recheck": 0,
                          "Filter": "(production_year > 2000)",
                          "Rows Removed by Filter": 9443,
                          "Exact Heap Blocks": 5304,
                          "Lossy Heap Blocks": 0,
                          "Plans": [
                            {
                              "Node Type": "Bitmap Index Scan",
                              "Parent Relationship": "Outer",
                              "Parallel Aware": false,
                              "Index Name": "kind_id_title",
                              "Startup Cost": 0.0,
                              "Total Cost": 1726.72,
                              "Plan Rows": 96839,
                              "Plan Width": 0,
                              "Actual Startup Time": 6.393,
                              "Actual Total Time": 6.394,
                              "Actual Rows": 100537,
                              "Actual Loops": 1,
                              "Index Cond": "(kind_id = 3)"
                            }
                          ]
                        }
                      ]
                    }
                  ]
                }
              ]
            }
          ]
        }
      ]
    },
    "Planning Time": 0.251,
    "Triggers": [],
    "Execution Time": 646.846
  }
]