[
  {
    "Plan": {
      "Node Type": "Aggregate",
      "Strategy": "Plain",
      "Partial Mode": "Finalize",
      "Parallel Aware": false,
      "Startup Cost": 351052.36,
      "Total Cost": 351052.37,
      "Plan Rows": 1,
      "Plan Width": 8,
      "Actual Startup Time": 789.757,
      "Actual Total Time": 853.185,
      "Actual Rows": 1,
      "Actual Loops": 1,
      "Plans": [
        {
          "Node Type": "Gather",
          "Parent Relationship": "Outer",
          "Parallel Aware": false,
          "Startup Cost": 351051.73,
          "Total Cost": 351052.34,
          "Plan Rows": 6,
          "Plan Width": 8,
          "Actual Startup Time": 789.637,
          "Actual Total Time": 853.174,
          "Actual Rows": 7,
          "Actual Loops": 1,
          "Workers Planned": 6,
          "Workers Launched": 6,
          "Single Copy": false,
          "Plans": [
            {
              "Node Type": "Aggregate",
              "Strategy": "Plain",
              "Partial Mode": "Partial",
              "Parent Relationship": "Outer",
              "Parallel Aware": false,
              "Startup Cost": 350051.73,
              "Total Cost": 350051.74,
              "Plan Rows": 1,
              "Plan Width": 8,
              "Actual Startup Time": 779.47,
              "Actual Total Time": 779.471,
              "Actual Rows": 1,
              "Actual Loops": 7,
              "Plans": [
                {
                  "Node Type": "Seq Scan",
                  "Parent Relationship": "Outer",
                  "Parallel Aware": true,
                  "Relation Name": "cast_info",
                  "Alias": "ci",
                  "Startup Cost": 0.0,
                  "Total Cost": 343257.03,
                  "Plan Rows": 2717882,
                  "Plan Width": 0,
                  "Actual Startup Time": 0.055,
                  "Actual Total Time": 668.567,
                  "Actual Rows": 2629531,
                  "Actual Loops": 7,
                  "Filter": "((person_id < 1948379) AND (role_id < 9))",
                  "Rows Removed by Filter": 2548233
                }
              ]
            }
          ]
        }
      ]
    },
    "Planning Time": 0.264,
    "Triggers": [],
    "Execution Time": 853.263
  }
]