{
  "Plan": {
    "Node Type": "Aggregate",
    "Strategy": "Plain",
    "Partial Mode": "Finalize",
    "Parallel Aware": false,
    "Startup Cost": 358378.64,
    "Total Cost": 358378.65,
    "Plan Rows": 1,
    "Plan Width": 8,
    "Actual Startup Time": 2522.977,
    "Actual Total Time": 2570.488,
    "Actual Rows": 1,
    "Actual Loops": 1,
    "Plans": [
      {
        "Node Type": "Gather",
        "Parent Relationship": "Outer",
        "Parallel Aware": false,
        "Startup Cost": 358378.53,
        "Total Cost": 358378.64,
        "Plan Rows": 1,
        "Plan Width": 8,
        "Actual Startup Time": 2521.288,
        "Actual Total Time": 2570.48,
        "Actual Rows": 2,
        "Actual Loops": 1,
        "Workers Planned": 1,
        "Workers Launched": 1,
        "Single Copy": false,
        "Plans": [
          {
            "Node Type": "Aggregate",
            "Strategy": "Plain",
            "Partial Mode": "Partial",
            "Parent Relationship": "Outer",
            "Parallel Aware": false,
            "Startup Cost": 357378.53,
            "Total Cost": 357378.54,
            "Plan Rows": 1,
            "Plan Width": 8,
            "Actual Startup Time": 2515.376,
            "Actual Total Time": 2515.38,
            "Actual Rows": 1,
            "Actual Loops": 2,
            "Plans": [
              {
                "Node Type": "Hash Join",
                "Parent Relationship": "Outer",
                "Parallel Aware": true,
                "Join Type": "Inner",
                "Startup Cost": 60788.5,
                "Total Cost": 351136.58,
                "Plan Rows": 2496781,
                "Plan Width": 0,
                "Actual Startup Time": 298.548,
                "Actual Total Time": 2404.493,
                "Actual Rows": 2818726,
                "Actual Loops": 2,
                "Inner Unique": true,
                "Hash Cond": "(mi.movie_id = t.id)",
                "Plans": [
                  {
                    "Node Type": "Seq Scan",
                    "Parent Relationship": "Outer",
                    "Parallel Aware": true,
                    "Relation Name": "movie_info",
                    "Alias": "mi",
                    "Startup Cost": 0.0,
                    "Total Cost": 270696.42,
                    "Plan Rows": 7486332,
                    "Plan Width": 4,
                    "Actual Startup Time": 0.012,
                    "Actual Total Time": 790.386,
                    "Actual Rows": 6372326,
                    "Actual Loops": 2,
                    "Filter": "(info_type_id > 2)",
                    "Rows Removed by Filter": 1045534
                  },
                  {
                    "Node Type": "Hash",
                    "Parent Relationship": "Inner",
                    "Parallel Aware": true,
                    "Startup Cost": 54588.39,
                    "Total Cost": 54588.39,
                    "Plan Rows": 496009,
                    "Plan Width": 4,
                    "Actual Startup Time": 289.169,
                    "Actual Total Time": 289.17,
                    "Actual Rows": 424570,
                    "Actual Loops": 2,
                    "Hash Buckets": 1048576,
                    "Original Hash Buckets": 1048576,
                    "Hash Batches": 1,
                    "Original Hash Batches": 1,
                    "Peak Memory Usage": 41440,
                    "Plans": [
                      {
                        "Node Type": "Seq Scan",
                        "Parent Relationship": "Outer",
                        "Parallel Aware": true,
                        "Relation Name": "title",
                        "Alias": "t",
                        "Startup Cost": 0.0,
                        "Total Cost": 54588.39,
                        "Plan Rows": 496009,
                        "Plan Width": 4,
                        "Actual Startup Time": 0.037,
                        "Actual Total Time": 161.058,
                        "Actual Rows": 424570,
                        "Actual Loops": 2,
                        "Filter": "(production_year < 1996)",
                        "Rows Removed by Filter": 839586
                      }
                    ]
                  }
                ]
              }
            ]
          }
        ]
      }
    ]
  },
  "Planning Time": 0.626,
  "Triggers": [],
  "Execution Time": 2570.561
}