[
  {
    "Plan": {
      "Node Type": "Aggregate",
      "Strategy": "Plain",
      "Partial Mode": "Finalize",
      "Parallel Aware": false,
      "Startup Cost": 339080.58,
      "Total Cost": 339080.59,
      "Plan Rows": 1,
      "Plan Width": 8,
      "Actual Startup Time": 865.187,
      "Actual Total Time": 927.352,
      "Actual Rows": 1,
      "Actual Loops": 1,
      "Plans": [
        {
          "Node Type": "Gather",
          "Parent Relationship": "Outer",
          "Parallel Aware": false,
          "Startup Cost": 339079.96,
          "Total Cost": 339080.57,
          "Plan Rows": 6,
          "Plan Width": 8,
          "Actual Startup Time": 865.093,
          "Actual Total Time": 927.343,
          "Actual Rows": 7,
          "Actual Loops": 1,
          "Workers Planned": 6,
          "Workers Launched": 6,
          "Single Copy": false,
          "Plans": [
            {
              "Node Type": "Aggregate",
              "Strategy": "Plain",
              "Partial Mode": "Partial",
              "Parent Relationship": "Outer",
              "Parallel Aware": false,
              "Startup Cost": 338079.96,
              "Total Cost": 338079.97,
              "Plan Rows": 1,
              "Plan Width": 8,
              "Actual Startup Time": 855.139,
              "Actual Total Time": 855.14,
              "Actual Rows": 1,
              "Actual Loops": 7,
              "Plans": [
                {
                  "Node Type": "Seq Scan",
                  "Parent Relationship": "Outer",
                  "Parallel Aware": true,
                  "Relation Name": "cast_info",
                  "Alias": "ci",
                  "Startup Cost": 0.0,
                  "Total Cost": 328162.03,
                  "Plan Rows": 3967172,
                  "Plan Width": 0,
                  "Actual Startup Time": 152.225,
                  "Actual Total Time": 687.113,
                  "Actual Rows": 3406330,
                  "Actual Loops": 7,
                  "Filter": "(person_id > 1222683)",
                  "Rows Removed by Filter": 1771434
                }
              ]
            }
          ]
        }
      ]
    },
    "Planning Time": 0.126,
    "Triggers": [],
    "Execution Time": 927.404
  }
]