[
  {
    "Plan": {
      "Node Type": "Aggregate",
      "Strategy": "Plain",
      "Partial Mode": "Finalize",
      "Parallel Aware": false,
      "Startup Cost": 320042.73,
      "Total Cost": 320042.74,
      "Plan Rows": 1,
      "Plan Width": 8,
      "Actual Startup Time": 247.169,
      "Actual Total Time": 258.226,
      "Actual Rows": 1,
      "Actual Loops": 1,
      "Plans": [
        {
          "Node Type": "Gather",
          "Parent Relationship": "Outer",
          "Parallel Aware": false,
          "Startup Cost": 320042.1,
          "Total Cost": 320042.71,
          "Plan Rows": 6,
          "Plan Width": 8,
          "Actual Startup Time": 245.93,
          "Actual Total Time": 258.219,
          "Actual Rows": 7,
          "Actual Loops": 1,
          "Workers Planned": 6,
          "Workers Launched": 6,
          "Single Copy": false,
          "Plans": [
            {
              "Node Type": "Aggregate",
              "Strategy": "Plain",
              "Partial Mode": "Partial",
              "Parent Relationship": "Outer",
              "Parallel Aware": false,
              "Startup Cost": 319042.1,
              "Total Cost": 319042.11,
              "Plan Rows": 1,
              "Plan Width": 8,
              "Actual Startup Time": 237.541,
              "Actual Total Time": 237.542,
              "Actual Rows": 1,
              "Actual Loops": 7,
              "Plans": [
                {
                  "Node Type": "Bitmap Heap Scan",
                  "Parent Relationship": "Outer",
                  "Parallel Aware": true,
                  "Relation Name": "cast_info",
                  "Alias": "ci",
                  "Startup Cost": 59608.14,
                  "Total Cost": 317917.61,
                  "Plan Rows": 449797,
                  "Plan Width": 0,
                  "Actual Startup Time": 115.66,
                  "Actual Total Time": 214.968,
                  "Actual Rows": 395217,
                  "Actual Loops": 7,
                  "Recheck Cond": "(person_id < 265761)",
                  "Rows Removed by Index Recheck": 0,
                  "Exact Heap Blocks": 7376,
                  "Lossy Heap Blocks": 0,
                  "Plans": [
                    {
                      "Node Type": "Bitmap Index Scan",
                      "Parent Relationship": "Outer",
                      "Parallel Aware": false,
                      "Index Name": "person_id_cast_info",
                      "Startup Cost": 0.0,
                      "Total Cost": 58933.45,
                      "Plan Rows": 2698784,
                      "Plan Width": 0,
                      "Actual Startup Time": 118.394,
                      "Actual Total Time": 118.394,
                      "Actual Rows": 2766519,
                      "Actual Loops": 1,
                      "Index Cond": "(person_id < 265761)"
                    }
                  ]
                }
              ]
            }
          ]
        }
      ]
    },
    "Planning Time": 0.16,
    "Triggers": [],
    "Execution Time": 258.289
  }
]