[
  {
    "Plan": {
      "Node Type": "Aggregate",
      "Strategy": "Plain",
      "Partial Mode": "Simple",
      "Parallel Aware": false,
      "Startup Cost": 7531.92,
      "Total Cost": 7531.93,
      "Plan Rows": 1,
      "Plan Width": 64,
      "Actual Startup Time": 270.265,
      "Actual Total Time": 270.271,
      "Actual Rows": 1,
      "Actual Loops": 1,
      "Plans": [
        {
          "Node Type": "Nested Loop",
          "Parent Relationship": "Outer",
          "Parallel Aware": false,
          "Join Type": "Inner",
          "Startup Cost": 12.11,
          "Total Cost": 7531.91,
          "Plan Rows": 1,
          "Plan Width": 23,
          "Actual Startup Time": 6.419,
          "Actual Total Time": 270.174,
          "Actual Rows": 334,
          "Actual Loops": 1,
          "Inner Unique": false,
          "Join Filter": "(mi.info_type_id = it1.id)",
          "Rows Removed by Join Filter": 381,
          "Plans": [
            {
              "Node Type": "Seq Scan",
              "Parent Relationship": "Outer",
              "Parallel Aware": false,
              "Relation Name": "info_type",
              "Alias": "it1",
              "Startup Cost": 0.0,
              "Total Cost": 2.41,
              "Plan Rows": 1,
              "Plan Width": 4,
              "Actual Startup Time": 0.04,
              "Actual Total Time": 0.047,
              "Actual Rows": 1,
              "Actual Loops": 1,
              "Filter": "((info)::text = 'countries'::text)",
              "Rows Removed by Filter": 112
            },
            {
              "Node Type": "Nested Loop",
              "Parent Relationship": "Inner",
              "Parallel Aware": false,
              "Join Type": "Inner",
              "Startup Cost": 12.11,
              "Total Cost": 7529.48,
              "Plan Rows": 2,
              "Plan Width": 27,
              "Actual Startup Time": 6.377,
              "Actual Total Time": 270.039,
              "Actual Rows": 715,
              "Actual Loops": 1,
              "Inner Unique": false,
              "Join Filter": "(t.id = mi.movie_id)",
              "Rows Removed by Join Filter": 0,
              "Plans": [
                {
                  "Node Type": "Nested Loop",
                  "Parent Relationship": "Outer",
                  "Parallel Aware": false,
                  "Join Type": "Inner",
                  "Startup Cost": 11.68,
                  "Total Cost": 7527.62,
                  "Plan Rows": 1,
                  "Plan Width": 35,
                  "Actual Startup Time": 3.289,
                  "Actual Total Time": 249.683,
                  "Actual Rows": 531,
                  "Actual Loops": 1,
                  "Inner Unique": false,
                  "Join Filter": "(mi_idx.info_type_id = it2.id)",
                  "Rows Removed by Join Filter": 1080,
                  "Plans": [
                    {
                      "Node Type": "Seq Scan",
                      "Parent Relationship": "Outer",
                      "Parallel Aware": false,
                      "Relation Name": "info_type",
                      "Alias": "it2",
                      "Startup Cost": 0.0,
                      "Total Cost": 2.41,
                      "Plan Rows": 1,
                      "Plan Width": 4,
                      "Actual Startup Time": 0.009,
                      "Actual Total Time": 0.011,
                      "Actual Rows": 1,
                      "Actual Loops": 1,
                      "Filter": "((info)::text = 'rating'::text)",
                      "Rows Removed by Filter": 112
                    },
                    {
                      "Node Type": "Nested Loop",
                      "Parent Relationship": "Inner",
                      "Parallel Aware": false,
                      "Join Type": "Inner",
                      "Startup Cost": 11.68,
                      "Total Cost": 7524.63,
                      "Plan Rows": 46,
                      "Plan Width": 39,
                      "Actual Startup Time": 3.278,
                      "Actual Total Time": 249.504,
                      "Actual Rows": 1611,
                      "Actual Loops": 1,
                      "Inner Unique": false,
                      "Join Filter": "(t.id = mi_idx.movie_id)",
                      "Rows Removed by Join Filter": 0,
                      "Plans": [
                        {
                          "Node Type": "Nested Loop",
                          "Parent Relationship": "Outer",
                          "Parallel Aware": false,
                          "Join Type": "Inner",
                          "Startup Cost": 11.25,
                          "Total Cost": 7516.57,
                          "Plan Rows": 15,
                          "Plan Width": 25,
                          "Actual Startup Time": 1.512,
                          "Actual Total Time": 243.552,
                          "Actual Rows": 793,
                          "Actual Loops": 1,
                          "Inner Unique": true,
                          "Join Filter": "(t.kind_id = kt.id)",
                          "Rows Removed by Join Filter": 9737,
                          "Plans": [
                            {
                              "Node Type": "Nested Loop",
                              "Parent Relationship": "Outer",
                              "Parallel Aware": false,
                              "Join Type": "Inner",
                              "Startup Cost": 11.25,
                              "Total Cost": 7513.94,
                              "Plan Rows": 54,
                              "Plan Width": 29,
                              "Actual Startup Time": 1.19,
                              "Actual Total Time": 241.307,
                              "Actual Rows": 5315,
                              "Actual Loops": 1,
                              "Inner Unique": true,
                              "Plans": [
                                {
                                  "Node Type": "Nested Loop",
                                  "Parent Relationship": "Outer",
                                  "Parallel Aware": false,
                                  "Join Type": "Inner",
                                  "Startup Cost": 10.82,
                                  "Total Cost": 7447.81,
                                  "Plan Rows": 135,
                                  "Plan Width": 4,
                                  "Actual Startup Time": 1.124,
                                  "Actual Total Time": 96.861,
                                  "Actual Rows": 23944,
                                  "Actual Loops": 1,
                                  "Inner Unique": false,
                                  "Plans": [
                                    {
                                      "Node Type": "Seq Scan",
                                      "Parent Relationship": "Outer",
                                      "Parallel Aware": false,
                                      "Relation Name": "keyword",
                                      "Alias": "k",
                                      "Startup Cost": 0.0,
                                      "Total Cost": 2961.55,
                                      "Plan Rows": 4,
                                      "Plan Width": 4,
                                      "Actual Startup Time": 0.076,
                                      "Actual Total Time": 16.447,
                                      "Actual Rows": 3,
                                      "Actual Loops": 1,
                                      "Filter": "((keyword IS NOT NULL) AND (keyword = ANY ('{martial-arts,murder-in-title,murder,having-tea}'::text[])))",
                                      "Rows Removed by Filter": 134167
                                    },
                                    {
                                      "Node Type": "Bitmap Heap Scan",
                                      "Parent Relationship": "Inner",
                                      "Parallel Aware": false,
                                      "Relation Name": "movie_keyword",
                                      "Alias": "mk",
                                      "Startup Cost": 10.82,
                                      "Total Cost": 1118.49,
                                      "Plan Rows": 308,
                                      "Plan Width": 8,
                                      "Actual Startup Time": 1.549,
                                      "Actual Total Time": 25.797,
                                      "Actual Rows": 7981,
                                      "Actual Loops": 3,
                                      "Recheck Cond": "(keyword_id = k.id)",
                                      "Rows Removed by Index Recheck": 0,
                                      "Exact Heap Blocks": 15408,
                                      "Lossy Heap Blocks": 0,
                                      "Plans": [
                                        {
                                          "Node Type": "Bitmap Index Scan",
                                          "Parent Relationship": "Outer",
                                          "Parallel Aware": false,
                                          "Index Name": "keyword_id_movie_keyword",
                                          "Startup Cost": 0.0,
                                          "Total Cost": 10.74,
                                          "Plan Rows": 308,
                                          "Plan Width": 0,
                                          "Actual Startup Time": 0.985,
                                          "Actual Total Time": 0.985,
                                          "Actual Rows": 7981,
                                          "Actual Loops": 3,
                                          "Index Cond": "(keyword_id = k.id)"
                                        }
                                      ]
                                    }
                                  ]
                                },
                                {
                                  "Node Type": "Index Scan",
                                  "Parent Relationship": "Inner",
                                  "Parallel Aware": false,
                                  "Scan Direction": "Forward",
                                  "Index Name": "title_pkey",
                                  "Relation Name": "title",
                                  "Alias": "t",
                                  "Startup Cost": 0.43,
                                  "Total Cost": 0.49,
                                  "Plan Rows": 1,
                                  "Plan Width": 25,
                                  "Actual Startup Time": 0.006,
                                  "Actual Total Time": 0.006,
                                  "Actual Rows": 0,
                                  "Actual Loops": 23944,
                                  "Index Cond": "(id = mk.movie_id)",
                                  "Rows Removed by Index Recheck": 0,
                                  "Filter": "(production_year > 2005)",
                                  "Rows Removed by Filter": 1
                                }
                              ]
                            },
                            {
                              "Node Type": "Materialize",
                              "Parent Relationship": "Inner",
                              "Parallel Aware": false,
                              "Startup Cost": 0.0,
                              "Total Cost": 1.1,
                              "Plan Rows": 2,
                              "Plan Width": 4,
                              "Actual Startup Time": 0.0,
                              "Actual Total Time": 0.0,
                              "Actual Rows": 2,
                              "Actual Loops": 5315,
                              "Plans": [
                                {
                                  "Node Type": "Seq Scan",
                                  "Parent Relationship": "Outer",
                                  "Parallel Aware": false,
                                  "Relation Name": "kind_type",
                                  "Alias": "kt",
                                  "Startup Cost": 0.0,
                                  "Total Cost": 1.09,
                                  "Plan Rows": 2,
                                  "Plan Width": 4,
                                  "Actual Startup Time": 0.021,
                                  "Actual Total Time": 0.022,
                                  "Actual Rows": 2,
                                  "Actual Loops": 1,
                                  "Filter": "((kind)::text = ANY ('{\"video game\",episode}'::text[]))",
                                  "Rows Removed by Filter": 5
                                }
                              ]
                            }
                          ]
                        },
                        {
                          "Node Type": "Index Scan",
                          "Parent Relationship": "Inner",
                          "Parallel Aware": false,
                          "Scan Direction": "Forward",
                          "Index Name": "movie_id_movie_info_idx",
                          "Relation Name": "movie_info_idx",
                          "Alias": "mi_idx",
                          "Startup Cost": 0.43,
                          "Total Cost": 0.5,
                          "Plan Rows": 3,
                          "Plan Width": 14,
                          "Actual Startup Time": 0.006,
                          "Actual Total Time": 0.007,
                          "Actual Rows": 2,
                          "Actual Loops": 793,
                          "Index Cond": "(movie_id = mk.movie_id)",
                          "Rows Removed by Index Recheck": 0,
                          "Filter": "(info < '9'::text)",
                          "Rows Removed by Filter": 0
                        }
                      ]
                    }
                  ]
                },
                {
                  "Node Type": "Index Scan",
                  "Parent Relationship": "Inner",
                  "Parallel Aware": false,
                  "Scan Direction": "Forward",
                  "Index Name": "movie_id_movie_info",
                  "Relation Name": "movie_info",
                  "Alias": "mi",
                  "Startup Cost": 0.43,
                  "Total Cost": 1.8,
                  "Plan Rows": 5,
                  "Plan Width": 8,
                  "Actual Startup Time": 0.025,
                  "Actual Total Time": 0.038,
                  "Actual Rows": 1,
                  "Actual Loops": 531,
                  "Index Cond": "(movie_id = mk.movie_id)",
                  "Rows Removed by Index Recheck": 0,
                  "Filter": "(info = ANY ('{Swedish,USA,Denish,English,American,Denmark,America,Germany,Sweden,USA}'::text[]))",
                  "Rows Removed by Filter": 15
                }
              ]
            }
          ]
        }
      ]
    },
    "Planning Time": 4.003,
    "Triggers": [],
    "Execution Time": 270.538
  }
]