[
  {
    "Plan": {
      "Node Type": "Aggregate",
      "Strategy": "Plain",
      "Partial Mode": "Finalize",
      "Parallel Aware": false,
      "Startup Cost": 332034.89,
      "Total Cost": 332034.9,
      "Plan Rows": 1,
      "Plan Width": 8,
      "Actual Startup Time": 698.579,
      "Actual Total Time": 757.065,
      "Actual Rows": 1,
      "Actual Loops": 1,
      "Plans": [
        {
          "Node Type": "Gather",
          "Parent Relationship": "Outer",
          "Parallel Aware": false,
          "Startup Cost": 332034.26,
          "Total Cost": 332034.87,
          "Plan Rows": 6,
          "Plan Width": 8,
          "Actual Startup Time": 698.397,
          "Actual Total Time": 757.052,
          "Actual Rows": 7,
          "Actual Loops": 1,
          "Workers Planned": 6,
          "Workers Launched": 6,
          "Single Copy": false,
          "Plans": [
            {
              "Node Type": "Aggregate",
              "Strategy": "Plain",
              "Partial Mode": "Partial",
              "Parent Relationship": "Outer",
              "Parallel Aware": false,
              "Startup Cost": 331034.26,
              "Total Cost": 331034.27,
              "Plan Rows": 1,
              "Plan Width": 8,
              "Actual Startup Time": 690.127,
              "Actual Total Time": 690.128,
              "Actual Rows": 1,
              "Actual Loops": 7,
              "Plans": [
                {
                  "Node Type": "Seq Scan",
                  "Parent Relationship": "Outer",
                  "Parallel Aware": true,
                  "Relation Name": "cast_info",
                  "Alias": "ci",
                  "Startup Cost": 0.0,
                  "Total Cost": 328211.39,
                  "Plan Rows": 1129149,
                  "Plan Width": 0,
                  "Actual Startup Time": 408.398,
                  "Actual Total Time": 638.271,
                  "Actual Rows": 955760,
                  "Actual Loops": 7,
                  "Filter": "(person_id > 2990994)",
                  "Rows Removed by Filter": 4222004
                }
              ]
            }
          ]
        }
      ]
    },
    "Planning Time": 0.136,
    "Triggers": [],
    "Execution Time": 757.124
  }
]