[
  {
    "Plan": {
      "Node Type": "Aggregate",
      "Strategy": "Plain",
      "Partial Mode": "Finalize",
      "Parallel Aware": false,
      "Startup Cost": 32721.52,
      "Total Cost": 32721.53,
      "Plan Rows": 1,
      "Plan Width": 8,
      "Actual Startup Time": 86.293,
      "Actual Total Time": 94.553,
      "Actual Rows": 1,
      "Actual Loops": 1,
      "Plans": [
        {
          "Node Type": "Gather",
          "Parent Relationship": "Outer",
          "Parallel Aware": false,
          "Startup Cost": 32721.2,
          "Total Cost": 32721.51,
          "Plan Rows": 3,
          "Plan Width": 8,
          "Actual Startup Time": 86.159,
          "Actual Total Time": 94.545,
          "Actual Rows": 4,
          "Actual Loops": 1,
          "Workers Planned": 3,
          "Workers Launched": 3,
          "Single Copy": false,
          "Plans": [
            {
              "Node Type": "Aggregate",
              "Strategy": "Plain",
              "Partial Mode": "Partial",
              "Parent Relationship": "Outer",
              "Parallel Aware": false,
              "Startup Cost": 31721.2,
              "Total Cost": 31721.21,
              "Plan Rows": 1,
              "Plan Width": 8,
              "Actual Startup Time": 78.352,
              "Actual Total Time": 78.373,
              "Actual Rows": 1,
              "Actual Loops": 4,
              "Plans": [
                {
                  "Node Type": "Seq Scan",
                  "Parent Relationship": "Outer",
                  "Parallel Aware": true,
                  "Relation Name": "movie_companies",
                  "Alias": "mc",
                  "Startup Cost": 0.0,
                  "Total Cost": 31414.82,
                  "Plan Rows": 122552,
                  "Plan Width": 0,
                  "Actual Startup Time": 29.326,
                  "Actual Total Time": 77.467,
                  "Actual Rows": 16674,
                  "Actual Loops": 4,
                  "Filter": "((company_id > 31996) AND (company_type_id = 1))",
                  "Rows Removed by Filter": 635608
                }
              ]
            }
          ]
        }
      ]
    },
    "Planning Time": 0.223,
    "Triggers": [],
    "Execution Time": 94.61
  }
]