{
  "Plan": {
    "Node Type": "Aggregate",
    "Strategy": "Plain",
    "Partial Mode": "Finalize",
    "Parallel Aware": false,
    "Startup Cost": 90688.96,
    "Total Cost": 90688.97,
    "Plan Rows": 1,
    "Plan Width": 8,
    "Actual Startup Time": 248.576,
    "Actual Total Time": 258.847,
    "Actual Rows": 1,
    "Actual Loops": 1,
    "Plans": [
      {
        "Node Type": "Gather",
        "Parent Relationship": "Outer",
        "Parallel Aware": false,
        "Startup Cost": 90688.85,
        "Total Cost": 90688.96,
        "Plan Rows": 1,
        "Plan Width": 8,
        "Actual Startup Time": 248.301,
        "Actual Total Time": 258.84,
        "Actual Rows": 2,
        "Actual Loops": 1,
        "Workers Planned": 1,
        "Workers Launched": 1,
        "Single Copy": false,
        "Plans": [
          {
            "Node Type": "Aggregate",
            "Strategy": "Plain",
            "Partial Mode": "Partial",
            "Parent Relationship": "Outer",
            "Parallel Aware": false,
            "Startup Cost": 89688.85,
            "Total Cost": 89688.86,
            "Plan Rows": 1,
            "Plan Width": 8,
            "Actual Startup Time": 242.445,
            "Actual Total Time": 242.448,
            "Actual Rows": 1,
            "Actual Loops": 2,
            "Plans": [
              {
                "Node Type": "Hash Join",
                "Parent Relationship": "Outer",
                "Parallel Aware": true,
                "Join Type": "Inner",
                "Startup Cost": 66017.75,
                "Total Cost": 89678.54,
                "Plan Rows": 4124,
                "Plan Width": 0,
                "Actual Startup Time": 168.972,
                "Actual Total Time": 241.894,
                "Actual Rows": 9781,
                "Actual Loops": 2,
                "Inner Unique": true,
                "Hash Cond": "(mc.movie_id = t.id)",
                "Plans": [
                  {
                    "Node Type": "Bitmap Heap Scan",
                    "Parent Relationship": "Outer",
                    "Parallel Aware": true,
                    "Relation Name": "movie_companies",
                    "Alias": "mc",
                    "Startup Cost": 10923.1,
                    "Total Cost": 34186.42,
                    "Plan Rows": 151417,
                    "Plan Width": 4,
                    "Actual Startup Time": 22.527,
                    "Actual Total Time": 64.89,
                    "Actual Rows": 259255,
                    "Actual Loops": 2,
                    "Recheck Cond": "(company_id > 73436)",
                    "Rows Removed by Index Recheck": 0,
                    "Filter": "(company_type_id > 1)",
                    "Rows Removed by Filter": 0,
                    "Exact Heap Blocks": 4253,
                    "Lossy Heap Blocks": 0,
                    "Plans": [
                      {
                        "Node Type": "Bitmap Index Scan",
                        "Parent Relationship": "Outer",
                        "Parallel Aware": false,
                        "Index Name": "company_id_movie_companies",
                        "Startup Cost": 0.0,
                        "Total Cost": 10858.75,
                        "Plan Rows": 506976,
                        "Plan Width": 0,
                        "Actual Startup Time": 21.417,
                        "Actual Total Time": 21.417,
                        "Actual Rows": 518510,
                        "Actual Loops": 1,
                        "Index Cond": "(company_id > 73436)"
                      }
                    ]
                  },
                  {
                    "Node Type": "Hash",
                    "Parent Relationship": "Inner",
                    "Parallel Aware": true,
                    "Startup Cost": 54588.39,
                    "Total Cost": 54588.39,
                    "Plan Rows": 40501,
                    "Plan Width": 4,
                    "Actual Startup Time": 144.198,
                    "Actual Total Time": 144.198,
                    "Actual Rows": 33671,
                    "Actual Loops": 2,
                    "Hash Buckets": 131072,
                    "Original Hash Buckets": 131072,
                    "Hash Batches": 1,
                    "Original Hash Batches": 1,
                    "Peak Memory Usage": 3712,
                    "Plans": [
                      {
                        "Node Type": "Seq Scan",
                        "Parent Relationship": "Outer",
                        "Parallel Aware": true,
                        "Relation Name": "title",
                        "Alias": "t",
                        "Startup Cost": 0.0,
                        "Total Cost": 54588.39,
                        "Plan Rows": 40501,
                        "Plan Width": 4,
                        "Actual Startup Time": 0.056,
                        "Actual Total Time": 133.353,
                        "Actual Rows": 33671,
                        "Actual Loops": 2,
                        "Filter": "(production_year > 2012)",
                        "Rows Removed by Filter": 1230485
                      }
                    ]
                  }
                ]
              }
            ]
          }
        ]
      }
    ]
  },
  "Planning Time": 0.47,
  "Triggers": [],
  "Execution Time": 258.941
}