[
  {
    "Plan": {
      "Node Type": "Aggregate",
      "Strategy": "Plain",
      "Partial Mode": "Finalize",
      "Parallel Aware": false,
      "Startup Cost": 277194.22,
      "Total Cost": 277194.23,
      "Plan Rows": 1,
      "Plan Width": 8,
      "Actual Startup Time": 118.954,
      "Actual Total Time": 124.59,
      "Actual Rows": 1,
      "Actual Loops": 1,
      "Plans": [
        {
          "Node Type": "Gather",
          "Parent Relationship": "Outer",
          "Parallel Aware": false,
          "Startup Cost": 277193.59,
          "Total Cost": 277194.2,
          "Plan Rows": 6,
          "Plan Width": 8,
          "Actual Startup Time": 118.576,
          "Actual Total Time": 124.583,
          "Actual Rows": 7,
          "Actual Loops": 1,
          "Workers Planned": 6,
          "Workers Launched": 6,
          "Single Copy": false,
          "Plans": [
            {
              "Node Type": "Aggregate",
              "Strategy": "Plain",
              "Partial Mode": "Partial",
              "Parent Relationship": "Outer",
              "Parallel Aware": false,
              "Startup Cost": 276193.59,
              "Total Cost": 276193.6,
              "Plan Rows": 1,
              "Plan Width": 8,
              "Actual Startup Time": 109.794,
              "Actual Total Time": 109.796,
              "Actual Rows": 1,
              "Actual Loops": 7,
              "Plans": [
                {
                  "Node Type": "Bitmap Heap Scan",
                  "Parent Relationship": "Outer",
                  "Parallel Aware": true,
                  "Relation Name": "cast_info",
                  "Alias": "ci",
                  "Startup Cost": 20814.21,
                  "Total Cost": 275862.13,
                  "Plan Rows": 132584,
                  "Plan Width": 0,
                  "Actual Startup Time": 49.143,
                  "Actual Total Time": 100.36,
                  "Actual Rows": 133557,
                  "Actual Loops": 7,
                  "Recheck Cond": "(person_id < 100852)",
                  "Rows Removed by Index Recheck": 0,
                  "Filter": "(role_id < 9)",
                  "Rows Removed by Filter": 7445,
                  "Exact Heap Blocks": 2935,
                  "Lossy Heap Blocks": 0,
                  "Plans": [
                    {
                      "Node Type": "Bitmap Index Scan",
                      "Parent Relationship": "Outer",
                      "Parallel Aware": false,
                      "Index Name": "person_id_cast_info",
                      "Startup Cost": 0.0,
                      "Total Cost": 20615.33,
                      "Plan Rows": 944369,
                      "Plan Width": 0,
                      "Actual Startup Time": 55.246,
                      "Actual Total Time": 55.246,
                      "Actual Rows": 987011,
                      "Actual Loops": 1,
                      "Index Cond": "(person_id < 100852)"
                    }
                  ]
                }
              ]
            }
          ]
        }
      ]
    },
    "Planning Time": 0.239,
    "Triggers": [],
    "Execution Time": 124.659
  }
]