[
  {
    "Plan": {
      "Node Type": "Aggregate",
      "Strategy": "Plain",
      "Partial Mode": "Finalize",
      "Parallel Aware": false,
      "Startup Cost": 30716.41,
      "Total Cost": 30716.42,
      "Plan Rows": 1,
      "Plan Width": 8,
      "Actual Startup Time": 91.175,
      "Actual Total Time": 99.272,
      "Actual Rows": 1,
      "Actual Loops": 1,
      "Plans": [
        {
          "Node Type": "Gather",
          "Parent Relationship": "Outer",
          "Parallel Aware": false,
          "Startup Cost": 30716.1,
          "Total Cost": 30716.41,
          "Plan Rows": 3,
          "Plan Width": 8,
          "Actual Startup Time": 91.036,
          "Actual Total Time": 99.264,
          "Actual Rows": 4,
          "Actual Loops": 1,
          "Workers Planned": 3,
          "Workers Launched": 3,
          "Single Copy": false,
          "Plans": [
            {
              "Node Type": "Aggregate",
              "Strategy": "Plain",
              "Partial Mode": "Partial",
              "Parent Relationship": "Outer",
              "Parallel Aware": false,
              "Startup Cost": 29716.1,
              "Total Cost": 29716.11,
              "Plan Rows": 1,
              "Plan Width": 8,
              "Actual Startup Time": 82.659,
              "Actual Total Time": 82.66,
              "Actual Rows": 1,
              "Actual Loops": 4,
              "Plans": [
                {
                  "Node Type": "Seq Scan",
                  "Parent Relationship": "Outer",
                  "Parallel Aware": true,
                  "Relation Name": "movie_companies",
                  "Alias": "mc",
                  "Startup Cost": 0.0,
                  "Total Cost": 29310.68,
                  "Plan Rows": 162166,
                  "Plan Width": 0,
                  "Actual Startup Time": 0.087,
                  "Actual Total Time": 73.714,
                  "Actual Rows": 125358,
                  "Actual Loops": 4,
                  "Filter": "(company_id < 452)",
                  "Rows Removed by Filter": 526924
                }
              ]
            }
          ]
        }
      ]
    },
    "Planning Time": 0.122,
    "Triggers": [],
    "Execution Time": 99.309
  }
]