[
  {
    "Plan": {
      "Node Type": "Aggregate",
      "Strategy": "Plain",
      "Partial Mode": "Finalize",
      "Parallel Aware": false,
      "Startup Cost": 30884.07,
      "Total Cost": 30884.08,
      "Plan Rows": 1,
      "Plan Width": 8,
      "Actual Startup Time": 80.92,
      "Actual Total Time": 88.164,
      "Actual Rows": 1,
      "Actual Loops": 1,
      "Plans": [
        {
          "Node Type": "Gather",
          "Parent Relationship": "Outer",
          "Parallel Aware": false,
          "Startup Cost": 30883.75,
          "Total Cost": 30884.06,
          "Plan Rows": 3,
          "Plan Width": 8,
          "Actual Startup Time": 80.825,
          "Actual Total Time": 88.157,
          "Actual Rows": 4,
          "Actual Loops": 1,
          "Workers Planned": 3,
          "Workers Launched": 3,
          "Single Copy": false,
          "Plans": [
            {
              "Node Type": "Aggregate",
              "Strategy": "Plain",
              "Partial Mode": "Partial",
              "Parent Relationship": "Outer",
              "Parallel Aware": false,
              "Startup Cost": 29883.75,
              "Total Cost": 29883.76,
              "Plan Rows": 1,
              "Plan Width": 8,
              "Actual Startup Time": 75.532,
              "Actual Total Time": 75.533,
              "Actual Rows": 1,
              "Actual Loops": 4,
              "Plans": [
                {
                  "Node Type": "Seq Scan",
                  "Parent Relationship": "Outer",
                  "Parallel Aware": true,
                  "Relation Name": "movie_companies",
                  "Alias": "mc",
                  "Startup Cost": 0.0,
                  "Total Cost": 29310.68,
                  "Plan Rows": 229229,
                  "Plan Width": 0,
                  "Actual Startup Time": 23.692,
                  "Actual Total Time": 68.228,
                  "Actual Rows": 181094,
                  "Actual Loops": 4,
                  "Filter": "(company_id > 41434)",
                  "Rows Removed by Filter": 471188
                }
              ]
            }
          ]
        }
      ]
    },
    "Planning Time": 0.105,
    "Triggers": [],
    "Execution Time": 88.198
  }
]