{
  "Plan": {
    "Node Type": "Aggregate",
    "Strategy": "Plain",
    "Partial Mode": "Finalize",
    "Parallel Aware": false,
    "Startup Cost": 78329.3,
    "Total Cost": 78329.31,
    "Plan Rows": 1,
    "Plan Width": 8,
    "Actual Startup Time": 299.433,
    "Actual Total Time": 312.478,
    "Actual Rows": 1,
    "Actual Loops": 1,
    "Plans": [
      {
        "Node Type": "Gather",
        "Parent Relationship": "Outer",
        "Parallel Aware": false,
        "Startup Cost": 78329.19,
        "Total Cost": 78329.3,
        "Plan Rows": 1,
        "Plan Width": 8,
        "Actual Startup Time": 298.774,
        "Actual Total Time": 312.469,
        "Actual Rows": 2,
        "Actual Loops": 1,
        "Workers Planned": 1,
        "Workers Launched": 1,
        "Single Copy": false,
        "Plans": [
          {
            "Node Type": "Aggregate",
            "Strategy": "Plain",
            "Partial Mode": "Partial",
            "Parent Relationship": "Outer",
            "Parallel Aware": false,
            "Startup Cost": 77329.19,
            "Total Cost": 77329.2,
            "Plan Rows": 1,
            "Plan Width": 8,
            "Actual Startup Time": 293.109,
            "Actual Total Time": 293.264,
            "Actual Rows": 1,
            "Actual Loops": 2,
            "Plans": [
              {
                "Node Type": "Hash Join",
                "Parent Relationship": "Outer",
                "Parallel Aware": true,
                "Join Type": "Inner",
                "Startup Cost": 59062.83,
                "Total Cost": 77246.62,
                "Plan Rows": 33028,
                "Plan Width": 0,
                "Actual Startup Time": 170.55,
                "Actual Total Time": 290.343,
                "Actual Rows": 67184,
                "Actual Loops": 2,
                "Inner Unique": true,
                "Hash Cond": "(mi_idx.movie_id = t.id)",
                "Plans": [
                  {
                    "Node Type": "Seq Scan",
                    "Parent Relationship": "Outer",
                    "Parallel Aware": true,
                    "Relation Name": "movie_info_idx",
                    "Alias": "mi_idx",
                    "Startup Cost": 0.0,
                    "Total Cost": 16052.85,
                    "Plan Rows": 811785,
                    "Plan Width": 4,
                    "Actual Startup Time": 0.017,
                    "Actual Total Time": 49.059,
                    "Actual Rows": 690018,
                    "Actual Loops": 2
                  },
                  {
                    "Node Type": "Hash",
                    "Parent Relationship": "Inner",
                    "Parallel Aware": true,
                    "Startup Cost": 58306.47,
                    "Total Cost": 58306.47,
                    "Plan Rows": 60509,
                    "Plan Width": 4,
                    "Actual Startup Time": 167.817,
                    "Actual Total Time": 167.817,
                    "Actual Rows": 103912,
                    "Actual Loops": 2,
                    "Hash Buckets": 262144,
                    "Original Hash Buckets": 131072,
                    "Hash Batches": 1,
                    "Original Hash Batches": 1,
                    "Peak Memory Usage": 11232,
                    "Plans": [
                      {
                        "Node Type": "Seq Scan",
                        "Parent Relationship": "Outer",
                        "Parallel Aware": true,
                        "Relation Name": "title",
                        "Alias": "t",
                        "Startup Cost": 0.0,
                        "Total Cost": 58306.47,
                        "Plan Rows": 60509,
                        "Plan Width": 4,
                        "Actual Startup Time": 0.218,
                        "Actual Total Time": 142.996,
                        "Actual Rows": 103912,
                        "Actual Loops": 2,
                        "Filter": "((kind_id < 7) AND (production_year < 1963))",
                        "Rows Removed by Filter": 1160244
                      }
                    ]
                  }
                ]
              }
            ]
          }
        ]
      }
    ]
  },
  "Planning Time": 0.445,
  "Triggers": [],
  "Execution Time": 312.551
}