[
    {
        "Bao": {
            "Bao prediction": "NaN",
            "Bao recommended hint": "(no hint)"
        }
    },
    {
        "Plan": {
            "Node Type": "Aggregate",
            "Strategy": "Plain",
            "Partial Mode": "Finalize",
            "Parallel Aware": false,
            "Startup Cost": 33425.84,
            "Total Cost": 33425.85,
            "Plan Rows": 1,
            "Plan Width": 8,
            "Actual Startup Time": 115.961,
            "Actual Total Time": 125.039,
            "Actual Rows": 1,
            "Actual Loops": 1,
            "Output": [
                "count(*)"
            ],
            "Plans": [
                {
                    "Node Type": "Gather",
                    "Parent Relationship": "Outer",
                    "Parallel Aware": false,
                    "Startup Cost": 33425.52,
                    "Total Cost": 33425.83,
                    "Plan Rows": 3,
                    "Plan Width": 8,
                    "Actual Startup Time": 115.691,
                    "Actual Total Time": 125.026,
                    "Actual Rows": 4,
                    "Actual Loops": 1,
                    "Output": [
                        "(PARTIAL count(*))"
                    ],
                    "Workers Planned": 3,
                    "Workers Launched": 3,
                    "Single Copy": false,
                    "Plans": [
                        {
                            "Node Type": "Aggregate",
                            "Strategy": "Plain",
                            "Partial Mode": "Partial",
                            "Parent Relationship": "Outer",
                            "Parallel Aware": false,
                            "Startup Cost": 32425.52,
                            "Total Cost": 32425.53,
                            "Plan Rows": 1,
                            "Plan Width": 8,
                            "Actual Startup Time": 106.369,
                            "Actual Total Time": 106.371,
                            "Actual Rows": 1,
                            "Actual Loops": 4,
                            "Output": [
                                "PARTIAL count(*)"
                            ],
                            "Workers": [
                                {
                                    "Worker Number": 0,
                                    "Actual Startup Time": 103.312,
                                    "Actual Total Time": 103.314,
                                    "Actual Rows": 1,
                                    "Actual Loops": 1
                                },
                                {
                                    "Worker Number": 1,
                                    "Actual Startup Time": 103.378,
                                    "Actual Total Time": 103.38,
                                    "Actual Rows": 1,
                                    "Actual Loops": 1
                                },
                                {
                                    "Worker Number": 2,
                                    "Actual Startup Time": 103.594,
                                    "Actual Total Time": 103.596,
                                    "Actual Rows": 1,
                                    "Actual Loops": 1
                                }
                            ],
                            "Plans": [
                                {
                                    "Node Type": "Bitmap Heap Scan",
                                    "Parent Relationship": "Outer",
                                    "Parallel Aware": true,
                                    "Relation Name": "movie_keyword",
                                    "Schema": "public",
                                    "Alias": "mk",
                                    "Startup Cost": 6491.28,
                                    "Total Cost": 32178.81,
                                    "Plan Rows": 98683,
                                    "Plan Width": 0,
                                    "Actual Startup Time": 31.663,
                                    "Actual Total Time": 100.069,
                                    "Actual Rows": 75768,
                                    "Actual Loops": 4,
                                    "Recheck Cond": "(mk.keyword_id > 53512)",
                                    "Rows Removed by Index Recheck": 0,
                                    "Exact Heap Blocks": 9804,
                                    "Lossy Heap Blocks": 0,
                                    "Workers": [
                                        {
                                            "Worker Number": 0,
                                            "Actual Startup Time": 28.972,
                                            "Actual Total Time": 97.866,
                                            "Actual Rows": 57600,
                                            "Actual Loops": 1
                                        },
                                        {
                                            "Worker Number": 1,
                                            "Actual Startup Time": 28.628,
                                            "Actual Total Time": 97.876,
                                            "Actual Rows": 59398,
                                            "Actual Loops": 1
                                        },
                                        {
                                            "Worker Number": 2,
                                            "Actual Startup Time": 29.01,
                                            "Actual Total Time": 98.573,
                                            "Actual Rows": 51782,
                                            "Actual Loops": 1
                                        }
                                    ],
                                    "Plans": [
                                        {
                                            "Node Type": "Bitmap Index Scan",
                                            "Parent Relationship": "Outer",
                                            "Parallel Aware": false,
                                            "Index Name": "keyword_id_movie_keyword",
                                            "Startup Cost": 0.0,
                                            "Total Cost": 6414.8,
                                            "Plan Rows": 305916,
                                            "Plan Width": 0,
                                            "Actual Startup Time": 34.96,
                                            "Actual Total Time": 34.961,
                                            "Actual Rows": 303070,
                                            "Actual Loops": 1,
                                            "Index Cond": "(mk.keyword_id > 53512)"
                                        }
                                    ]
                                }
                            ]
                        }
                    ]
                }
            ]
        },
        "Planning Time": 344.459,
        "Triggers": [],
        "Execution Time": 125.153
    }
]