{
  "Plan": {
    "Node Type": "Aggregate",
    "Strategy": "Plain",
    "Partial Mode": "Finalize",
    "Parallel Aware": false,
    "Startup Cost": 186113.48,
    "Total Cost": 186113.49,
    "Plan Rows": 1,
    "Plan Width": 8,
    "Actual Startup Time": 1896.68,
    "Actual Total Time": 1920.647,
    "Actual Rows": 1,
    "Actual Loops": 1,
    "Plans": [
      {
        "Node Type": "Gather",
        "Parent Relationship": "Outer",
        "Parallel Aware": false,
        "Startup Cost": 186113.36,
        "Total Cost": 186113.47,
        "Plan Rows": 1,
        "Plan Width": 8,
        "Actual Startup Time": 1886.853,
        "Actual Total Time": 1920.641,
        "Actual Rows": 2,
        "Actual Loops": 1,
        "Workers Planned": 1,
        "Workers Launched": 1,
        "Single Copy": false,
        "Plans": [
          {
            "Node Type": "Aggregate",
            "Strategy": "Plain",
            "Partial Mode": "Partial",
            "Parent Relationship": "Outer",
            "Parallel Aware": false,
            "Startup Cost": 185113.36,
            "Total Cost": 185113.37,
            "Plan Rows": 1,
            "Plan Width": 8,
            "Actual Startup Time": 1878.383,
            "Actual Total Time": 1878.389,
            "Actual Rows": 1,
            "Actual Loops": 2,
            "Plans": [
              {
                "Node Type": "Hash Join",
                "Parent Relationship": "Outer",
                "Parallel Aware": true,
                "Join Type": "Inner",
                "Startup Cost": 140658.1,
                "Total Cost": 184025.58,
                "Plan Rows": 435115,
                "Plan Width": 0,
                "Actual Startup Time": 1102.329,
                "Actual Total Time": 1676.836,
                "Actual Rows": 4236456,
                "Actual Loops": 2,
                "Inner Unique": false,
                "Hash Cond": "(mc.movie_id = t.id)",
                "Plans": [
                  {
                    "Node Type": "Seq Scan",
                    "Parent Relationship": "Outer",
                    "Parallel Aware": true,
                    "Relation Name": "movie_companies",
                    "Alias": "mc",
                    "Startup Cost": 0.0,
                    "Total Cost": 37974.77,
                    "Plan Rows": 755522,
                    "Plan Width": 4,
                    "Actual Startup Time": 0.028,
                    "Actual Total Time": 130.487,
                    "Actual Rows": 637123,
                    "Actual Loops": 2,
                    "Filter": "(company_type_id = 1)",
                    "Rows Removed by Filter": 667442
                  },
                  {
                    "Node Type": "Hash",
                    "Parent Relationship": "Inner",
                    "Parallel Aware": true,
                    "Startup Cost": 129951.66,
                    "Total Cost": 129951.66,
                    "Plan Rows": 856515,
                    "Plan Width": 8,
                    "Actual Startup Time": 1085.431,
                    "Actual Total Time": 1085.435,
                    "Actual Rows": 677030,
                    "Actual Loops": 2,
                    "Hash Buckets": 2097152,
                    "Original Hash Buckets": 2097152,
                    "Hash Batches": 1,
                    "Original Hash Batches": 1,
                    "Peak Memory Usage": 69408,
                    "Plans": [
                      {
                        "Node Type": "Hash Join",
                        "Parent Relationship": "Outer",
                        "Parallel Aware": true,
                        "Join Type": "Inner",
                        "Startup Cost": 69414.21,
                        "Total Cost": 129951.66,
                        "Plan Rows": 856515,
                        "Plan Width": 8,
                        "Actual Startup Time": 507.515,
                        "Actual Total Time": 928.0,
                        "Actual Rows": 677030,
                        "Actual Loops": 2,
                        "Inner Unique": true,
                        "Hash Cond": "(mk.movie_id = t.id)",
                        "Plans": [
                          {
                            "Node Type": "Seq Scan",
                            "Parent Relationship": "Outer",
                            "Parallel Aware": true,
                            "Relation Name": "movie_keyword",
                            "Alias": "mk",
                            "Startup Cost": 0.0,
                            "Total Cost": 57718.19,
                            "Plan Rows": 1074001,
                            "Plan Width": 4,
                            "Actual Startup Time": 0.837,
                            "Actual Total Time": 223.184,
                            "Actual Rows": 917920,
                            "Actual Loops": 2,
                            "Filter": "(keyword_id > 7593)",
                            "Rows Removed by Filter": 1344046
                          },
                          {
                            "Node Type": "Hash",
                            "Parent Relationship": "Inner",
                            "Parallel Aware": true,
                            "Startup Cost": 54588.39,
                            "Total Cost": 54588.39,
                            "Plan Rows": 1186066,
                            "Plan Width": 4,
                            "Actual Startup Time": 498.849,
                            "Actual Total Time": 498.85,
                            "Actual Rows": 1002324,
                            "Actual Loops": 2,
                            "Hash Buckets": 2097152,
                            "Original Hash Buckets": 2097152,
                            "Hash Batches": 1,
                            "Original Hash Batches": 1,
                            "Peak Memory Usage": 94816,
                            "Plans": [
                              {
                                "Node Type": "Seq Scan",
                                "Parent Relationship": "Outer",
                                "Parallel Aware": true,
                                "Relation Name": "title",
                                "Alias": "t",
                                "Startup Cost": 0.0,
                                "Total Cost": 54588.39,
                                "Plan Rows": 1186066,
                                "Plan Width": 4,
                                "Actual Startup Time": 0.03,
                                "Actual Total Time": 207.881,
                                "Actual Rows": 1002324,
                                "Actual Loops": 2,
                                "Filter": "(production_year > 1975)",
                                "Rows Removed by Filter": 261832
                              }
                            ]
                          }
                        ]
                      }
                    ]
                  }
                ]
              }
            ]
          }
        ]
      }
    ]
  },
  "Planning Time": 0.947,
  "Triggers": [],
  "Execution Time": 1920.723
}