[
  {
    "Plan": {
      "Node Type": "Aggregate",
      "Strategy": "Plain",
      "Partial Mode": "Finalize",
      "Parallel Aware": false,
      "Startup Cost": 281478.38,
      "Total Cost": 281478.39,
      "Plan Rows": 1,
      "Plan Width": 8,
      "Actual Startup Time": 1036.733,
      "Actual Total Time": 1078.971,
      "Actual Rows": 1,
      "Actual Loops": 1,
      "Plans": [
        {
          "Node Type": "Gather",
          "Parent Relationship": "Outer",
          "Parallel Aware": false,
          "Startup Cost": 281478.06,
          "Total Cost": 281478.37,
          "Plan Rows": 3,
          "Plan Width": 8,
          "Actual Startup Time": 1024.616,
          "Actual Total Time": 1078.959,
          "Actual Rows": 4,
          "Actual Loops": 1,
          "Workers Planned": 3,
          "Workers Launched": 3,
          "Single Copy": false,
          "Plans": [
            {
              "Node Type": "Aggregate",
              "Strategy": "Plain",
              "Partial Mode": "Partial",
              "Parent Relationship": "Outer",
              "Parallel Aware": false,
              "Startup Cost": 280478.06,
              "Total Cost": 280478.07,
              "Plan Rows": 1,
              "Plan Width": 8,
              "Actual Startup Time": 1016.981,
              "Actual Total Time": 1017.128,
              "Actual Rows": 1,
              "Actual Loops": 4,
              "Plans": [
                {
                  "Node Type": "Hash Join",
                  "Parent Relationship": "Outer",
                  "Parallel Aware": true,
                  "Join Type": "Inner",
                  "Startup Cost": 249131.48,
                  "Total Cost": 280243.14,
                  "Plan Rows": 93968,
                  "Plan Width": 0,
                  "Actual Startup Time": 882.462,
                  "Actual Total Time": 1004.835,
                  "Actual Rows": 304384,
                  "Actual Loops": 4,
                  "Inner Unique": false,
                  "Hash Cond": "(mc.movie_id = t.id)",
                  "Plans": [
                    {
                      "Node Type": "Seq Scan",
                      "Parent Relationship": "Outer",
                      "Parallel Aware": true,
                      "Relation Name": "movie_companies",
                      "Alias": "mc",
                      "Startup Cost": 0.0,
                      "Total Cost": 29310.68,
                      "Plan Rows": 430142,
                      "Plan Width": 4,
                      "Actual Startup Time": 28.493,
                      "Actual Total Time": 64.045,
                      "Actual Rows": 333721,
                      "Actual Loops": 4,
                      "Filter": "(company_type_id > 1)",
                      "Rows Removed by Filter": 318562
                    },
                    {
                      "Node Type": "Hash",
                      "Parent Relationship": "Inner",
                      "Parallel Aware": true,
                      "Startup Cost": 247750.6,
                      "Total Cost": 247750.6,
                      "Plan Rows": 110471,
                      "Plan Width": 8,
                      "Actual Startup Time": 848.836,
                      "Actual Total Time": 848.982,
                      "Actual Rows": 276359,
                      "Actual Loops": 4,
                      "Hash Buckets": 2097152,
                      "Original Hash Buckets": 1048576,
                      "Hash Batches": 1,
                      "Original Hash Batches": 1,
                      "Peak Memory Usage": 67904,
                      "Plans": [
                        {
                          "Node Type": "Hash Join",
                          "Parent Relationship": "Outer",
                          "Parallel Aware": true,
                          "Join Type": "Inner",
                          "Startup Cost": 47518.69,
                          "Total Cost": 247750.6,
                          "Plan Rows": 110471,
                          "Plan Width": 8,
                          "Actual Startup Time": 214.468,
                          "Actual Total Time": 723.376,
                          "Actual Rows": 276359,
                          "Actual Loops": 4,
                          "Inner Unique": true,
                          "Hash Cond": "(mi.movie_id = t.id)",
                          "Plans": [
                            {
                              "Node Type": "Seq Scan",
                              "Parent Relationship": "Outer",
                              "Parallel Aware": true,
                              "Relation Name": "movie_info",
                              "Alias": "mi",
                              "Startup Cost": 0.0,
                              "Total Cost": 199108.24,
                              "Plan Rows": 428064,
                              "Plan Width": 4,
                              "Actual Startup Time": 37.872,
                              "Actual Total Time": 389.847,
                              "Actual Rows": 522767,
                              "Actual Loops": 4,
                              "Filter": "(info_type_id < 3)",
                              "Rows Removed by Filter": 3186163
                            },
                            {
                              "Node Type": "Hash",
                              "Parent Relationship": "Inner",
                              "Parallel Aware": true,
                              "Startup Cost": 45479.59,
                              "Total Cost": 45479.59,
                              "Plan Rows": 163128,
                              "Plan Width": 4,
                              "Actual Startup Time": 173.645,
                              "Actual Total Time": 173.647,
                              "Actual Rows": 177795,
                              "Actual Loops": 4,
                              "Hash Buckets": 1048576,
                              "Original Hash Buckets": 1048576,
                              "Hash Batches": 1,
                              "Original Hash Batches": 1,
                              "Peak Memory Usage": 36096,
                              "Plans": [
                                {
                                  "Node Type": "Seq Scan",
                                  "Parent Relationship": "Outer",
                                  "Parallel Aware": true,
                                  "Relation Name": "title",
                                  "Alias": "t",
                                  "Startup Cost": 0.0,
                                  "Total Cost": 45479.59,
                                  "Plan Rows": 163128,
                                  "Plan Width": 4,
                                  "Actual Startup Time": 0.055,
                                  "Actual Total Time": 105.388,
                                  "Actual Rows": 177795,
                                  "Actual Loops": 4,
                                  "Filter": "((kind_id < 7) AND (production_year < 2008))",
                                  "Rows Removed by Filter": 454283
                                }
                              ]
                            }
                          ]
                        }
                      ]
                    }
                  ]
                }
              ]
            }
          ]
        }
      ]
    },
    "Planning Time": 1.529,
    "Triggers": [],
    "Execution Time": 1079.059
  }
]