[
  {
    "Plan": {
      "Node Type": "Aggregate",
      "Strategy": "Plain",
      "Partial Mode": "Finalize",
      "Parallel Aware": false,
      "Startup Cost": 335649.42,
      "Total Cost": 335649.43,
      "Plan Rows": 1,
      "Plan Width": 8,
      "Actual Startup Time": 694.345,
      "Actual Total Time": 740.002,
      "Actual Rows": 1,
      "Actual Loops": 1,
      "Plans": [
        {
          "Node Type": "Gather",
          "Parent Relationship": "Outer",
          "Parallel Aware": false,
          "Startup Cost": 335648.79,
          "Total Cost": 335649.4,
          "Plan Rows": 6,
          "Plan Width": 8,
          "Actual Startup Time": 694.158,
          "Actual Total Time": 739.981,
          "Actual Rows": 7,
          "Actual Loops": 1,
          "Workers Planned": 6,
          "Workers Launched": 6,
          "Single Copy": false,
          "Plans": [
            {
              "Node Type": "Aggregate",
              "Strategy": "Plain",
              "Partial Mode": "Partial",
              "Parent Relationship": "Outer",
              "Parallel Aware": false,
              "Startup Cost": 334648.79,
              "Total Cost": 334648.8,
              "Plan Rows": 1,
              "Plan Width": 8,
              "Actual Startup Time": 688.129,
              "Actual Total Time": 688.13,
              "Actual Rows": 1,
              "Actual Loops": 7,
              "Plans": [
                {
                  "Node Type": "Seq Scan",
                  "Parent Relationship": "Outer",
                  "Parallel Aware": true,
                  "Relation Name": "cast_info",
                  "Alias": "ci",
                  "Startup Cost": 0.0,
                  "Total Cost": 328211.39,
                  "Plan Rows": 2574961,
                  "Plan Width": 0,
                  "Actual Startup Time": 0.036,
                  "Actual Total Time": 579.773,
                  "Actual Rows": 2228380,
                  "Actual Loops": 7,
                  "Filter": "(person_id < 1539048)",
                  "Rows Removed by Filter": 2949384
                }
              ]
            }
          ]
        }
      ]
    },
    "Planning Time": 0.128,
    "Triggers": [],
    "Execution Time": 740.053
  }
]