[
  {
    "Plan": {
      "Node Type": "Aggregate",
      "Strategy": "Plain",
      "Partial Mode": "Finalize",
      "Parallel Aware": false,
      "Startup Cost": 269761.31,
      "Total Cost": 269761.32,
      "Plan Rows": 1,
      "Plan Width": 8,
      "Actual Startup Time": 1038.579,
      "Actual Total Time": 1088.371,
      "Actual Rows": 1,
      "Actual Loops": 1,
      "Plans": [
        {
          "Node Type": "Gather",
          "Parent Relationship": "Outer",
          "Parallel Aware": false,
          "Startup Cost": 269761.1,
          "Total Cost": 269761.31,
          "Plan Rows": 2,
          "Plan Width": 8,
          "Actual Startup Time": 1032.713,
          "Actual Total Time": 1088.349,
          "Actual Rows": 3,
          "Actual Loops": 1,
          "Workers Planned": 2,
          "Workers Launched": 2,
          "Single Copy": false,
          "Plans": [
            {
              "Node Type": "Aggregate",
              "Strategy": "Plain",
              "Partial Mode": "Partial",
              "Parent Relationship": "Outer",
              "Parallel Aware": false,
              "Startup Cost": 268761.1,
              "Total Cost": 268761.11,
              "Plan Rows": 1,
              "Plan Width": 8,
              "Actual Startup Time": 1022.381,
              "Actual Total Time": 1022.646,
              "Actual Rows": 1,
              "Actual Loops": 3,
              "Plans": [
                {
                  "Node Type": "Hash Join",
                  "Parent Relationship": "Outer",
                  "Parallel Aware": true,
                  "Join Type": "Inner",
                  "Startup Cost": 251698.7,
                  "Total Cost": 268082.8,
                  "Plan Rows": 271321,
                  "Plan Width": 0,
                  "Actual Startup Time": 918.605,
                  "Actual Total Time": 1016.488,
                  "Actual Rows": 158267,
                  "Actual Loops": 3,
                  "Inner Unique": false,
                  "Hash Cond": "(mi_idx.movie_id = t.id)",
                  "Plans": [
                    {
                      "Node Type": "Seq Scan",
                      "Parent Relationship": "Outer",
                      "Parallel Aware": true,
                      "Relation Name": "movie_info_idx",
                      "Alias": "mi_idx",
                      "Startup Cost": 0.0,
                      "Total Cost": 13685.15,
                      "Plan Rows": 575015,
                      "Plan Width": 4,
                      "Actual Startup Time": 0.027,
                      "Actual Total Time": 32.983,
                      "Actual Rows": 460012,
                      "Actual Loops": 3
                    },
                    {
                      "Node Type": "Hash",
                      "Parent Relationship": "Inner",
                      "Parallel Aware": true,
                      "Startup Cost": 248716.27,
                      "Total Cost": 248716.27,
                      "Plan Rows": 238595,
                      "Plan Width": 8,
                      "Actual Startup Time": 908.691,
                      "Actual Total Time": 908.954,
                      "Actual Rows": 105359,
                      "Actual Loops": 3,
                      "Hash Buckets": 2097152,
                      "Original Hash Buckets": 2097152,
                      "Hash Batches": 1,
                      "Original Hash Batches": 1,
                      "Peak Memory Usage": 28800,
                      "Plans": [
                        {
                          "Node Type": "Hash Join",
                          "Parent Relationship": "Outer",
                          "Parallel Aware": true,
                          "Join Type": "Inner",
                          "Startup Cost": 48742.44,
                          "Total Cost": 248716.27,
                          "Plan Rows": 238595,
                          "Plan Width": 8,
                          "Actual Startup Time": 301.41,
                          "Actual Total Time": 868.96,
                          "Actual Rows": 105359,
                          "Actual Loops": 3,
                          "Inner Unique": true,
                          "Hash Cond": "(mi.movie_id = t.id)",
                          "Plans": [
                            {
                              "Node Type": "Seq Scan",
                              "Parent Relationship": "Outer",
                              "Parallel Aware": true,
                              "Relation Name": "movie_info",
                              "Alias": "mi",
                              "Startup Cost": 0.0,
                              "Total Cost": 198952.16,
                              "Plan Rows": 389205,
                              "Plan Width": 4,
                              "Actual Startup Time": 26.721,
                              "Actual Total Time": 448.871,
                              "Actual Rows": 621877,
                              "Actual Loops": 3,
                              "Filter": "(info_type_id > 17)",
                              "Rows Removed by Filter": 4323363
                            },
                            {
                              "Node Type": "Hash",
                              "Parent Relationship": "Inner",
                              "Parallel Aware": true,
                              "Startup Cost": 43898.92,
                              "Total Cost": 43898.92,
                              "Plan Rows": 387482,
                              "Plan Width": 4,
                              "Actual Startup Time": 269.781,
                              "Actual Total Time": 269.783,
                              "Actual Rows": 518621,
                              "Actual Loops": 3,
                              "Hash Buckets": 2097152,
                              "Original Hash Buckets": 2097152,
                              "Hash Batches": 1,
                              "Original Hash Batches": 1,
                              "Peak Memory Usage": 77312,
                              "Plans": [
                                {
                                  "Node Type": "Seq Scan",
                                  "Parent Relationship": "Outer",
                                  "Parallel Aware": true,
                                  "Relation Name": "title",
                                  "Alias": "t",
                                  "Startup Cost": 0.0,
                                  "Total Cost": 43898.92,
                                  "Plan Rows": 387482,
                                  "Plan Width": 4,
                                  "Actual Startup Time": 0.035,
                                  "Actual Total Time": 117.563,
                                  "Actual Rows": 518621,
                                  "Actual Loops": 3,
                                  "Filter": "(kind_id > 4)",
                                  "Rows Removed by Filter": 324149
                                }
                              ]
                            }
                          ]
                        }
                      ]
                    }
                  ]
                }
              ]
            }
          ]
        }
      ]
    },
    "Planning Time": 1.397,
    "Triggers": [],
    "Execution Time": 1088.495
  }
]