[
  {
    "Plan": {
      "Node Type": "Aggregate",
      "Strategy": "Plain",
      "Partial Mode": "Finalize",
      "Parallel Aware": false,
      "Startup Cost": 97925.91,
      "Total Cost": 97925.92,
      "Plan Rows": 1,
      "Plan Width": 8,
      "Actual Startup Time": 829.87,
      "Actual Total Time": 863.582,
      "Actual Rows": 1,
      "Actual Loops": 1,
      "Plans": [
        {
          "Node Type": "Gather",
          "Parent Relationship": "Outer",
          "Parallel Aware": false,
          "Startup Cost": 97925.7,
          "Total Cost": 97925.91,
          "Plan Rows": 2,
          "Plan Width": 8,
          "Actual Startup Time": 816.669,
          "Actual Total Time": 863.567,
          "Actual Rows": 3,
          "Actual Loops": 1,
          "Workers Planned": 2,
          "Workers Launched": 2,
          "Single Copy": false,
          "Plans": [
            {
              "Node Type": "Aggregate",
              "Strategy": "Plain",
              "Partial Mode": "Partial",
              "Parent Relationship": "Outer",
              "Parallel Aware": false,
              "Startup Cost": 96925.7,
              "Total Cost": 96925.71,
              "Plan Rows": 1,
              "Plan Width": 8,
              "Actual Startup Time": 804.932,
              "Actual Total Time": 804.942,
              "Actual Rows": 1,
              "Actual Loops": 3,
              "Plans": [
                {
                  "Node Type": "Hash Join",
                  "Parent Relationship": "Outer",
                  "Parallel Aware": true,
                  "Join Type": "Inner",
                  "Startup Cost": 80685.07,
                  "Total Cost": 96751.41,
                  "Plan Rows": 69715,
                  "Plan Width": 0,
                  "Actual Startup Time": 654.909,
                  "Actual Total Time": 798.979,
                  "Actual Rows": 88712,
                  "Actual Loops": 3,
                  "Inner Unique": false,
                  "Hash Cond": "(mi_idx.movie_id = t.id)",
                  "Plans": [
                    {
                      "Node Type": "Seq Scan",
                      "Parent Relationship": "Outer",
                      "Parallel Aware": true,
                      "Relation Name": "movie_info_idx",
                      "Alias": "mi_idx",
                      "Startup Cost": 0.0,
                      "Total Cost": 13685.15,
                      "Plan Rows": 575015,
                      "Plan Width": 4,
                      "Actual Startup Time": 0.019,
                      "Actual Total Time": 59.812,
                      "Actual Rows": 460012,
                      "Actual Loops": 3
                    },
                    {
                      "Node Type": "Hash",
                      "Parent Relationship": "Inner",
                      "Parallel Aware": true,
                      "Startup Cost": 79448.99,
                      "Total Cost": 79448.99,
                      "Plan Rows": 98886,
                      "Plan Width": 8,
                      "Actual Startup Time": 651.411,
                      "Actual Total Time": 651.418,
                      "Actual Rows": 63513,
                      "Actual Loops": 3,
                      "Hash Buckets": 524288,
                      "Original Hash Buckets": 524288,
                      "Hash Batches": 1,
                      "Original Hash Batches": 1,
                      "Peak Memory Usage": 11616,
                      "Plans": [
                        {
                          "Node Type": "Hash Join",
                          "Parent Relationship": "Outer",
                          "Parallel Aware": true,
                          "Join Type": "Inner",
                          "Startup Cost": 49646.05,
                          "Total Cost": 79448.99,
                          "Plan Rows": 98886,
                          "Plan Width": 8,
                          "Actual Startup Time": 467.557,
                          "Actual Total Time": 618.187,
                          "Actual Rows": 63513,
                          "Actual Loops": 3,
                          "Inner Unique": true,
                          "Hash Cond": "(mc.movie_id = t.id)",
                          "Plans": [
                            {
                              "Node Type": "Seq Scan",
                              "Parent Relationship": "Outer",
                              "Parallel Aware": true,
                              "Relation Name": "movie_companies",
                              "Alias": "mc",
                              "Startup Cost": 0.0,
                              "Total Cost": 29310.68,
                              "Plan Rows": 187529,
                              "Plan Width": 4,
                              "Actual Startup Time": 49.48,
                              "Actual Total Time": 111.347,
                              "Actual Rows": 191987,
                              "Actual Loops": 3,
                              "Filter": "(company_id > 71124)",
                              "Rows Removed by Filter": 677723
                            },
                            {
                              "Node Type": "Hash",
                              "Parent Relationship": "Inner",
                              "Parallel Aware": true,
                              "Startup Cost": 45479.59,
                              "Total Cost": 45479.59,
                              "Plan Rows": 333317,
                              "Plan Width": 4,
                              "Actual Startup Time": 411.489,
                              "Actual Total Time": 411.491,
                              "Actual Rows": 482566,
                              "Actual Loops": 3,
                              "Hash Buckets": 2097152,
                              "Original Hash Buckets": 2097152,
                              "Hash Batches": 1,
                              "Original Hash Batches": 1,
                              "Peak Memory Usage": 73056,
                              "Plans": [
                                {
                                  "Node Type": "Seq Scan",
                                  "Parent Relationship": "Outer",
                                  "Parallel Aware": true,
                                  "Relation Name": "title",
                                  "Alias": "t",
                                  "Startup Cost": 0.0,
                                  "Total Cost": 45479.59,
                                  "Plan Rows": 333317,
                                  "Plan Width": 4,
                                  "Actual Startup Time": 0.06,
                                  "Actual Total Time": 194.739,
                                  "Actual Rows": 482566,
                                  "Actual Loops": 3,
                                  "Filter": "((kind_id > 1) AND (production_year > 1988))",
                                  "Rows Removed by Filter": 360204
                                }
                              ]
                            }
                          ]
                        }
                      ]
                    }
                  ]
                }
              ]
            }
          ]
        }
      ]
    },
    "Planning Time": 0.635,
    "Triggers": [],
    "Execution Time": 863.653
  }
]