[
  {
    "Plan": {
      "Node Type": "Aggregate",
      "Strategy": "Plain",
      "Partial Mode": "Finalize",
      "Parallel Aware": false,
      "Startup Cost": 271973.34,
      "Total Cost": 271973.35,
      "Plan Rows": 1,
      "Plan Width": 8,
      "Actual Startup Time": 1337.785,
      "Actual Total Time": 1352.822,
      "Actual Rows": 1,
      "Actual Loops": 1,
      "Plans": [
        {
          "Node Type": "Gather",
          "Parent Relationship": "Outer",
          "Parallel Aware": false,
          "Startup Cost": 271973.02,
          "Total Cost": 271973.33,
          "Plan Rows": 3,
          "Plan Width": 8,
          "Actual Startup Time": 1331.192,
          "Actual Total Time": 1352.815,
          "Actual Rows": 4,
          "Actual Loops": 1,
          "Workers Planned": 3,
          "Workers Launched": 3,
          "Single Copy": false,
          "Plans": [
            {
              "Node Type": "Aggregate",
              "Strategy": "Plain",
              "Partial Mode": "Partial",
              "Parent Relationship": "Outer",
              "Parallel Aware": false,
              "Startup Cost": 270973.02,
              "Total Cost": 270973.03,
              "Plan Rows": 1,
              "Plan Width": 8,
              "Actual Startup Time": 1328.308,
              "Actual Total Time": 1328.551,
              "Actual Rows": 1,
              "Actual Loops": 4,
              "Plans": [
                {
                  "Node Type": "Hash Join",
                  "Parent Relationship": "Outer",
                  "Parallel Aware": true,
                  "Join Type": "Inner",
                  "Startup Cost": 225342.73,
                  "Total Cost": 270356.09,
                  "Plan Rows": 246771,
                  "Plan Width": 0,
                  "Actual Startup Time": 402.641,
                  "Actual Total Time": 1046.265,
                  "Actual Rows": 6317753,
                  "Actual Loops": 4,
                  "Inner Unique": false,
                  "Hash Cond": "(mk.movie_id = t.id)",
                  "Plans": [
                    {
                      "Node Type": "Seq Scan",
                      "Parent Relationship": "Outer",
                      "Parallel Aware": true,
                      "Relation Name": "movie_keyword",
                      "Alias": "mk",
                      "Startup Cost": 0.0,
                      "Total Cost": 39047.32,
                      "Plan Rows": 1459332,
                      "Plan Width": 4,
                      "Actual Startup Time": 0.013,
                      "Actual Total Time": 86.675,
                      "Actual Rows": 1130982,
                      "Actual Loops": 4
                    },
                    {
                      "Node Type": "Hash",
                      "Parent Relationship": "Inner",
                      "Parallel Aware": true,
                      "Startup Cost": 224273.9,
                      "Total Cost": 224273.9,
                      "Plan Rows": 85507,
                      "Plan Width": 8,
                      "Actual Startup Time": 401.137,
                      "Actual Total Time": 401.379,
                      "Actual Rows": 130140,
                      "Actual Loops": 4,
                      "Hash Buckets": 524288,
                      "Original Hash Buckets": 524288,
                      "Hash Batches": 1,
                      "Original Hash Batches": 1,
                      "Peak Memory Usage": 24544,
                      "Plans": [
                        {
                          "Node Type": "Hash Join",
                          "Parent Relationship": "Outer",
                          "Parallel Aware": true,
                          "Join Type": "Inner",
                          "Startup Cost": 60452.39,
                          "Total Cost": 224273.9,
                          "Plan Rows": 85507,
                          "Plan Width": 8,
                          "Actual Startup Time": 283.077,
                          "Actual Total Time": 364.56,
                          "Actual Rows": 130140,
                          "Actual Loops": 4,
                          "Inner Unique": true,
                          "Hash Cond": "(mi.movie_id = t.id)",
                          "Plans": [
                            {
                              "Node Type": "Bitmap Heap Scan",
                              "Parent Relationship": "Outer",
                              "Parallel Aware": true,
                              "Relation Name": "movie_info",
                              "Alias": "mi",
                              "Startup Cost": 10965.05,
                              "Total Cost": 174469.22,
                              "Plan Rows": 120893,
                              "Plan Width": 4,
                              "Actual Startup Time": 27.074,
                              "Actual Total Time": 69.133,
                              "Actual Rows": 149614,
                              "Actual Loops": 4,
                              "Recheck Cond": "(info_type_id = 15)",
                              "Rows Removed by Index Recheck": 0,
                              "Exact Heap Blocks": 5742,
                              "Lossy Heap Blocks": 0,
                              "Plans": [
                                {
                                  "Node Type": "Bitmap Index Scan",
                                  "Parent Relationship": "Outer",
                                  "Parallel Aware": false,
                                  "Index Name": "info_type_id_movie_info",
                                  "Startup Cost": 0.0,
                                  "Total Cost": 10813.94,
                                  "Plan Rows": 604467,
                                  "Plan Width": 0,
                                  "Actual Startup Time": 23.642,
                                  "Actual Total Time": 23.643,
                                  "Actual Rows": 598457,
                                  "Actual Loops": 1,
                                  "Index Cond": "(info_type_id = 15)"
                                }
                              ]
                            },
                            {
                              "Node Type": "Hash",
                              "Parent Relationship": "Inner",
                              "Parallel Aware": true,
                              "Startup Cost": 43899.01,
                              "Total Cost": 43899.01,
                              "Plan Rows": 447066,
                              "Plan Width": 4,
                              "Actual Startup Time": 252.08,
                              "Actual Total Time": 252.081,
                              "Actual Rows": 448538,
                              "Actual Loops": 4,
                              "Hash Buckets": 2097152,
                              "Original Hash Buckets": 2097152,
                              "Hash Batches": 1,
                              "Original Hash Batches": 1,
                              "Peak Memory Usage": 86656,
                              "Plans": [
                                {
                                  "Node Type": "Seq Scan",
                                  "Parent Relationship": "Outer",
                                  "Parallel Aware": true,
                                  "Relation Name": "title",
                                  "Alias": "t",
                                  "Startup Cost": 0.0,
                                  "Total Cost": 43899.01,
                                  "Plan Rows": 447066,
                                  "Plan Width": 4,
                                  "Actual Startup Time": 0.015,
                                  "Actual Total Time": 102.392,
                                  "Actual Rows": 448538,
                                  "Actual Loops": 4,
                                  "Filter": "(production_year < 2009)",
                                  "Rows Removed by Filter": 183540
                                }
                              ]
                            }
                          ]
                        }
                      ]
                    }
                  ]
                }
              ]
            }
          ]
        }
      ]
    },
    "Planning Time": 0.5,
    "Triggers": [],
    "Execution Time": 1352.869
  }
]