{
    "Plan": {
        "Node Type": "Aggregate",
        "Strategy": "Plain",
        "Partial Mode": "Simple",
        "Parallel Aware": false,
        "Startup Cost": 10000185299.62,
        "Total Cost": 10000185299.63,
        "Plan Rows": 1,
        "Plan Width": 8,
        "Actual Startup Time": 1304.111,
        "Actual Total Time": 1304.116,
        "Actual Rows": 1,
        "Actual Loops": 1,
        "Output": [
            "count(*)"
        ],
        "Plans": [
            {
                "Node Type": "Nested Loop",
                "Parent Relationship": "Outer",
                "Parallel Aware": false,
                "Join Type": "Inner",
                "Startup Cost": 10000091609.59,
                "Total Cost": 10000185267.93,
                "Plan Rows": 12674,
                "Plan Width": 0,
                "Actual Startup Time": 727.412,
                "Actual Total Time": 1276.429,
                "Actual Rows": 422163,
                "Actual Loops": 1,
                "Inner Unique": false,
                "Join Filter": "(t.id = mk.movie_id)",
                "Rows Removed by Join Filter": 0,
                "Plans": [
                    {
                        "Node Type": "Hash Join",
                        "Parent Relationship": "Outer",
                        "Parallel Aware": false,
                        "Join Type": "Inner",
                        "Startup Cost": 91608.74,
                        "Total Cost": 142732.37,
                        "Plan Rows": 7083,
                        "Plan Width": 8,
                        "Actual Startup Time": 727.337,
                        "Actual Total Time": 1027.555,
                        "Actual Rows": 12973,
                        "Actual Loops": 1,
                        "Output": [
                            "t.id",
                            "mc.movie_id"
                        ],
                        "Inner Unique": false,
                        "Hash Cond": "(t.id = mc.movie_id)",
                        "Plans": [
                            {
                                "Node Type": "Bitmap Heap Scan",
                                "Parent Relationship": "Outer",
                                "Parallel Aware": false,
                                "Relation Name": "title",
                                "Schema": "public",
                                "Alias": "t",
                                "Startup Cost": 17746.07,
                                "Total Cost": 68676.34,
                                "Plan Rows": 14003,
                                "Plan Width": 4,
                                "Actual Startup Time": 74.909,
                                "Actual Total Time": 361.161,
                                "Actual Rows": 12208,
                                "Actual Loops": 1,
                                "Output": [
                                    "t.id",
                                    "t.title",
                                    "t.imdb_index",
                                    "t.kind_id",
                                    "t.production_year",
                                    "t.imdb_id",
                                    "t.phonetic_code",
                                    "t.episode_of_id",
                                    "t.season_nr",
                                    "t.episode_nr",
                                    "t.series_years",
                                    "t.md5sum"
                                ],
                                "Recheck Cond": "(t.kind_id < 7)",
                                "Rows Removed by Index Recheck": 0,
                                "Filter": "(t.production_year = 1996)",
                                "Rows Removed by Filter": 972840,
                                "Exact Heap Blocks": 35472,
                                "Lossy Heap Blocks": 0,
                                "Plans": [
                                    {
                                        "Node Type": "Bitmap Index Scan",
                                        "Parent Relationship": "Outer",
                                        "Parallel Aware": false,
                                        "Index Name": "kind_id_title",
                                        "Startup Cost": 0.0,
                                        "Total Cost": 17742.57,
                                        "Plan Rows": 995485,
                                        "Plan Width": 0,
                                        "Actual Startup Time": 66.852,
                                        "Actual Total Time": 66.853,
                                        "Actual Rows": 985048,
                                        "Actual Loops": 1,
                                        "Index Cond": "(t.kind_id < 7)"
                                    }
                                ]
                            },
                            {
                                "Node Type": "Hash",
                                "Parent Relationship": "Inner",
                                "Parallel Aware": false,
                                "Startup Cost": 57876.32,
                                "Total Cost": 57876.32,
                                "Plan Rows": 1278908,
                                "Plan Width": 4,
                                "Actual Startup Time": 641.104,
                                "Actual Total Time": 641.105,
                                "Actual Rows": 1274246,
                                "Actual Loops": 1,
                                "Output": [
                                    "mc.movie_id"
                                ],
                                "Hash Buckets": 2097152,
                                "Original Hash Buckets": 2097152,
                                "Hash Batches": 1,
                                "Original Hash Batches": 1,
                                "Peak Memory Usage": 61182,
                                "Plans": [
                                    {
                                        "Node Type": "Bitmap Heap Scan",
                                        "Parent Relationship": "Outer",
                                        "Parallel Aware": false,
                                        "Relation Name": "movie_companies",
                                        "Schema": "public",
                                        "Alias": "mc",
                                        "Startup Cost": 23099.97,
                                        "Total Cost": 57876.32,
                                        "Plan Rows": 1278908,
                                        "Plan Width": 4,
                                        "Actual Startup Time": 78.803,
                                        "Actual Total Time": 324.189,
                                        "Actual Rows": 1274246,
                                        "Actual Loops": 1,
                                        "Output": [
                                            "mc.movie_id"
                                        ],
                                        "Recheck Cond": "(mc.company_type_id = 1)",
                                        "Rows Removed by Index Recheck": 0,
                                        "Exact Heap Blocks": 11177,
                                        "Lossy Heap Blocks": 0,
                                        "Plans": [
                                            {
                                                "Node Type": "Bitmap Index Scan",
                                                "Parent Relationship": "Outer",
                                                "Parallel Aware": false,
                                                "Index Name": "company_type_id_movie_companies",
                                                "Startup Cost": 0.0,
                                                "Total Cost": 22780.24,
                                                "Plan Rows": 1278908,
                                                "Plan Width": 0,
                                                "Actual Startup Time": 76.731,
                                                "Actual Total Time": 76.731,
                                                "Actual Rows": 1274246,
                                                "Actual Loops": 1,
                                                "Index Cond": "(mc.company_type_id = 1)"
                                            }
                                        ]
                                    }
                                ]
                            }
                        ]
                    },
                    {
                        "Node Type": "Bitmap Heap Scan",
                        "Parent Relationship": "Inner",
                        "Parallel Aware": false,
                        "Relation Name": "movie_keyword",
                        "Schema": "public",
                        "Alias": "mk",
                        "Startup Cost": 0.86,
                        "Total Cost": 5.43,
                        "Plan Rows": 46,
                        "Plan Width": 4,
                        "Actual Startup Time": 0.009,
                        "Actual Total Time": 0.012,
                        "Actual Rows": 33,
                        "Actual Loops": 12973,
                        "Output": [
                            "mk.id",
                            "mk.movie_id",
                            "mk.keyword_id"
                        ],
                        "Recheck Cond": "(mk.movie_id = mc.movie_id)",
                        "Rows Removed by Index Recheck": 0,
                        "Exact Heap Blocks": 12515,
                        "Lossy Heap Blocks": 0,
                        "Plans": [
                            {
                                "Node Type": "Bitmap Index Scan",
                                "Parent Relationship": "Outer",
                                "Parallel Aware": false,
                                "Index Name": "movie_id_movie_keyword",
                                "Startup Cost": 0.0,
                                "Total Cost": 0.84,
                                "Plan Rows": 46,
                                "Plan Width": 0,
                                "Actual Startup Time": 0.006,
                                "Actual Total Time": 0.006,
                                "Actual Rows": 33,
                                "Actual Loops": 12973,
                                "Index Cond": "(mk.movie_id = mc.movie_id)"
                            }
                        ]
                    }
                ]
            }
        ]
    },
    "Planning Time": 3.421,
    "Triggers": [],
    "Execution Time": 1306.623
}