[
  {
    "Plan": {
      "Node Type": "Aggregate",
      "Strategy": "Plain",
      "Partial Mode": "Finalize",
      "Parallel Aware": false,
      "Startup Cost": 33311.14,
      "Total Cost": 33311.15,
      "Plan Rows": 1,
      "Plan Width": 8,
      "Actual Startup Time": 107.983,
      "Actual Total Time": 115.802,
      "Actual Rows": 1,
      "Actual Loops": 1,
      "Plans": [
        {
          "Node Type": "Gather",
          "Parent Relationship": "Outer",
          "Parallel Aware": false,
          "Startup Cost": 33310.82,
          "Total Cost": 33311.13,
          "Plan Rows": 3,
          "Plan Width": 8,
          "Actual Startup Time": 107.848,
          "Actual Total Time": 115.796,
          "Actual Rows": 4,
          "Actual Loops": 1,
          "Workers Planned": 3,
          "Workers Launched": 3,
          "Single Copy": false,
          "Plans": [
            {
              "Node Type": "Aggregate",
              "Strategy": "Plain",
              "Partial Mode": "Partial",
              "Parent Relationship": "Outer",
              "Parallel Aware": false,
              "Startup Cost": 32310.82,
              "Total Cost": 32310.83,
              "Plan Rows": 1,
              "Plan Width": 8,
              "Actual Startup Time": 100.866,
              "Actual Total Time": 100.867,
              "Actual Rows": 1,
              "Actual Loops": 4,
              "Plans": [
                {
                  "Node Type": "Seq Scan",
                  "Parent Relationship": "Outer",
                  "Parallel Aware": true,
                  "Relation Name": "movie_companies",
                  "Alias": "mc",
                  "Startup Cost": 0.0,
                  "Total Cost": 31414.82,
                  "Plan Rows": 358402,
                  "Plan Width": 0,
                  "Actual Startup Time": 45.759,
                  "Actual Total Time": 86.411,
                  "Actual Rows": 308337,
                  "Actual Loops": 4,
                  "Filter": "((company_id > 302) AND (company_type_id > 1))",
                  "Rows Removed by Filter": 343946
                }
              ]
            }
          ]
        }
      ]
    },
    "Planning Time": 0.161,
    "Triggers": [],
    "Execution Time": 115.869
  }
]