[
  {
    "Plan": {
      "Node Type": "Aggregate",
      "Strategy": "Plain",
      "Partial Mode": "Finalize",
      "Parallel Aware": false,
      "Startup Cost": 388818.74,
      "Total Cost": 388818.75,
      "Plan Rows": 1,
      "Plan Width": 8,
      "Actual Startup Time": 2836.998,
      "Actual Total Time": 2900.139,
      "Actual Rows": 1,
      "Actual Loops": 1,
      "Plans": [
        {
          "Node Type": "Gather",
          "Parent Relationship": "Outer",
          "Parallel Aware": false,
          "Startup Cost": 388818.12,
          "Total Cost": 388818.73,
          "Plan Rows": 6,
          "Plan Width": 8,
          "Actual Startup Time": 2825.66,
          "Actual Total Time": 2900.125,
          "Actual Rows": 7,
          "Actual Loops": 1,
          "Workers Planned": 6,
          "Workers Launched": 6,
          "Single Copy": false,
          "Plans": [
            {
              "Node Type": "Aggregate",
              "Strategy": "Plain",
              "Partial Mode": "Partial",
              "Parent Relationship": "Outer",
              "Parallel Aware": false,
              "Startup Cost": 387818.12,
              "Total Cost": 387818.13,
              "Plan Rows": 1,
              "Plan Width": 8,
              "Actual Startup Time": 2810.265,
              "Actual Total Time": 2810.268,
              "Actual Rows": 1,
              "Actual Loops": 7,
              "Plans": [
                {
                  "Node Type": "Hash Join",
                  "Parent Relationship": "Outer",
                  "Parallel Aware": true,
                  "Join Type": "Inner",
                  "Startup Cost": 49053.43,
                  "Total Cost": 377970.23,
                  "Plan Rows": 3939156,
                  "Plan Width": 0,
                  "Actual Startup Time": 198.727,
                  "Actual Total Time": 2652.778,
                  "Actual Rows": 3590453,
                  "Actual Loops": 7,
                  "Inner Unique": true,
                  "Hash Cond": "(ci.movie_id = t.id)",
                  "Plans": [
                    {
                      "Node Type": "Seq Scan",
                      "Parent Relationship": "Outer",
                      "Parallel Aware": true,
                      "Relation Name": "cast_info",
                      "Alias": "ci",
                      "Startup Cost": 0.0,
                      "Total Cost": 313067.02,
                      "Plan Rows": 6038002,
                      "Plan Width": 4,
                      "Actual Startup Time": 0.025,
                      "Actual Total Time": 526.711,
                      "Actual Rows": 5177763,
                      "Actual Loops": 7
                    },
                    {
                      "Node Type": "Hash",
                      "Parent Relationship": "Inner",
                      "Parallel Aware": true,
                      "Startup Cost": 43898.92,
                      "Total Cost": 43898.92,
                      "Plan Rows": 412361,
                      "Plan Width": 4,
                      "Actual Startup Time": 193.612,
                      "Actual Total Time": 193.613,
                      "Actual Rows": 234788,
                      "Actual Loops": 7,
                      "Hash Buckets": 2097152,
                      "Original Hash Buckets": 2097152,
                      "Hash Batches": 1,
                      "Original Hash Batches": 1,
                      "Peak Memory Usage": 80736,
                      "Plans": [
                        {
                          "Node Type": "Seq Scan",
                          "Parent Relationship": "Outer",
                          "Parallel Aware": true,
                          "Relation Name": "title",
                          "Alias": "t",
                          "Startup Cost": 0.0,
                          "Total Cost": 43898.92,
                          "Plan Rows": 412361,
                          "Plan Width": 4,
                          "Actual Startup Time": 0.047,
                          "Actual Total Time": 79.016,
                          "Actual Rows": 234788,
                          "Actual Loops": 7,
                          "Filter": "(production_year > 1994)",
                          "Rows Removed by Filter": 126400
                        }
                      ]
                    }
                  ]
                }
              ]
            }
          ]
        }
      ]
    },
    "Planning Time": 0.581,
    "Triggers": [],
    "Execution Time": 2900.227
  }
]