[
  {
    "Plan": {
      "Node Type": "Aggregate",
      "Strategy": "Plain",
      "Partial Mode": "Finalize",
      "Parallel Aware": false,
      "Startup Cost": 75401.56,
      "Total Cost": 75401.57,
      "Plan Rows": 1,
      "Plan Width": 8,
      "Actual Startup Time": 277.587,
      "Actual Total Time": 289.658,
      "Actual Rows": 1,
      "Actual Loops": 1,
      "Plans": [
        {
          "Node Type": "Gather",
          "Parent Relationship": "Outer",
          "Parallel Aware": false,
          "Startup Cost": 75401.14,
          "Total Cost": 75401.55,
          "Plan Rows": 4,
          "Plan Width": 8,
          "Actual Startup Time": 274.792,
          "Actual Total Time": 289.65,
          "Actual Rows": 5,
          "Actual Loops": 1,
          "Workers Planned": 4,
          "Workers Launched": 4,
          "Single Copy": false,
          "Plans": [
            {
              "Node Type": "Aggregate",
              "Strategy": "Plain",
              "Partial Mode": "Partial",
              "Parent Relationship": "Outer",
              "Parallel Aware": false,
              "Startup Cost": 74401.14,
              "Total Cost": 74401.15,
              "Plan Rows": 1,
              "Plan Width": 8,
              "Actual Startup Time": 266.993,
              "Actual Total Time": 266.997,
              "Actual Rows": 1,
              "Actual Loops": 5,
              "Plans": [
                {
                  "Node Type": "Hash Join",
                  "Parent Relationship": "Outer",
                  "Parallel Aware": true,
                  "Join Type": "Inner",
                  "Startup Cost": 28669.49,
                  "Total Cost": 74290.87,
                  "Plan Rows": 44108,
                  "Plan Width": 0,
                  "Actual Startup Time": 110.901,
                  "Actual Total Time": 264.069,
                  "Actual Rows": 69984,
                  "Actual Loops": 5,
                  "Inner Unique": false,
                  "Hash Cond": "(t.id = mc.movie_id)",
                  "Plans": [
                    {
                      "Node Type": "Seq Scan",
                      "Parent Relationship": "Outer",
                      "Parallel Aware": true,
                      "Relation Name": "title",
                      "Alias": "t",
                      "Startup Cost": 0.0,
                      "Total Cost": 42318.73,
                      "Plan Rows": 632073,
                      "Plan Width": 4,
                      "Actual Startup Time": 0.012,
                      "Actual Total Time": 65.69,
                      "Actual Rows": 505662,
                      "Actual Loops": 5
                    },
                    {
                      "Node Type": "Hash",
                      "Parent Relationship": "Inner",
                      "Parallel Aware": true,
                      "Startup Cost": 27958.08,
                      "Total Cost": 27958.08,
                      "Plan Rows": 56913,
                      "Plan Width": 4,
                      "Actual Startup Time": 98.389,
                      "Actual Total Time": 98.39,
                      "Actual Rows": 69984,
                      "Actual Loops": 5,
                      "Hash Buckets": 524288,
                      "Original Hash Buckets": 262144,
                      "Hash Batches": 1,
                      "Original Hash Batches": 1,
                      "Peak Memory Usage": 19936,
                      "Plans": [
                        {
                          "Node Type": "Bitmap Heap Scan",
                          "Parent Relationship": "Outer",
                          "Parallel Aware": true,
                          "Relation Name": "movie_companies",
                          "Alias": "mc",
                          "Startup Cost": 7486.69,
                          "Total Cost": 27958.08,
                          "Plan Rows": 56913,
                          "Plan Width": 4,
                          "Actual Startup Time": 31.169,
                          "Actual Total Time": 62.624,
                          "Actual Rows": 69984,
                          "Actual Loops": 5,
                          "Recheck Cond": "(company_id > 88273)",
                          "Rows Removed by Index Recheck": 0,
                          "Filter": "(company_type_id = 2)",
                          "Rows Removed by Filter": 0,
                          "Exact Heap Blocks": 2065,
                          "Lossy Heap Blocks": 0,
                          "Plans": [
                            {
                              "Node Type": "Bitmap Index Scan",
                              "Parent Relationship": "Outer",
                              "Parallel Aware": false,
                              "Index Name": "company_id_movie_companies",
                              "Startup Cost": 0.0,
                              "Total Cost": 7442.58,
                              "Plan Rows": 347487,
                              "Plan Width": 0,
                              "Actual Startup Time": 31.175,
                              "Actual Total Time": 31.176,
                              "Actual Rows": 349918,
                              "Actual Loops": 1,
                              "Index Cond": "(company_id > 88273)"
                            }
                          ]
                        }
                      ]
                    }
                  ]
                }
              ]
            }
          ]
        }
      ]
    },
    "Planning Time": 0.531,
    "Triggers": [],
    "Execution Time": 289.735
  }
]