[
    {
        "Bao": {
            "Bao prediction": "NaN",
            "Bao recommended hint": "(no hint)"
        }
    },
    {
        "Plan": {
            "Node Type": "Aggregate",
            "Strategy": "Plain",
            "Partial Mode": "Finalize",
            "Parallel Aware": false,
            "Startup Cost": 23719.94,
            "Total Cost": 23719.95,
            "Plan Rows": 1,
            "Plan Width": 8,
            "Actual Startup Time": 58.323,
            "Actual Total Time": 63.415,
            "Actual Rows": 1,
            "Actual Loops": 1,
            "Output": [
                "count(*)"
            ],
            "Plans": [
                {
                    "Node Type": "Gather",
                    "Parent Relationship": "Outer",
                    "Parallel Aware": false,
                    "Startup Cost": 23719.62,
                    "Total Cost": 23719.93,
                    "Plan Rows": 3,
                    "Plan Width": 8,
                    "Actual Startup Time": 57.948,
                    "Actual Total Time": 63.403,
                    "Actual Rows": 4,
                    "Actual Loops": 1,
                    "Output": [
                        "(PARTIAL count(*))"
                    ],
                    "Workers Planned": 3,
                    "Workers Launched": 3,
                    "Single Copy": false,
                    "Plans": [
                        {
                            "Node Type": "Aggregate",
                            "Strategy": "Plain",
                            "Partial Mode": "Partial",
                            "Parent Relationship": "Outer",
                            "Parallel Aware": false,
                            "Startup Cost": 22719.62,
                            "Total Cost": 22719.63,
                            "Plan Rows": 1,
                            "Plan Width": 8,
                            "Actual Startup Time": 48.149,
                            "Actual Total Time": 48.151,
                            "Actual Rows": 1,
                            "Actual Loops": 4,
                            "Output": [
                                "PARTIAL count(*)"
                            ],
                            "Workers": [
                                {
                                    "Worker Number": 0,
                                    "Actual Startup Time": 45.634,
                                    "Actual Total Time": 45.636,
                                    "Actual Rows": 1,
                                    "Actual Loops": 1
                                },
                                {
                                    "Worker Number": 1,
                                    "Actual Startup Time": 45.335,
                                    "Actual Total Time": 45.337,
                                    "Actual Rows": 1,
                                    "Actual Loops": 1
                                },
                                {
                                    "Worker Number": 2,
                                    "Actual Startup Time": 45.6,
                                    "Actual Total Time": 45.602,
                                    "Actual Rows": 1,
                                    "Actual Loops": 1
                                }
                            ],
                            "Plans": [
                                {
                                    "Node Type": "Bitmap Heap Scan",
                                    "Parent Relationship": "Outer",
                                    "Parallel Aware": true,
                                    "Relation Name": "movie_companies",
                                    "Schema": "public",
                                    "Alias": "mc",
                                    "Startup Cost": 3212.7,
                                    "Total Cost": 22600.14,
                                    "Plan Rows": 47795,
                                    "Plan Width": 0,
                                    "Actual Startup Time": 14.842,
                                    "Actual Total Time": 44.411,
                                    "Actual Rows": 37710,
                                    "Actual Loops": 4,
                                    "Recheck Cond": "(mc.company_id > 131725)",
                                    "Rows Removed by Index Recheck": 0,
                                    "Exact Heap Blocks": 2035,
                                    "Lossy Heap Blocks": 0,
                                    "Workers": [
                                        {
                                            "Worker Number": 0,
                                            "Actual Startup Time": 12.349,
                                            "Actual Total Time": 42.393,
                                            "Actual Rows": 24920,
                                            "Actual Loops": 1
                                        },
                                        {
                                            "Worker Number": 1,
                                            "Actual Startup Time": 12.095,
                                            "Actual Total Time": 42.099,
                                            "Actual Rows": 22823,
                                            "Actual Loops": 1
                                        },
                                        {
                                            "Worker Number": 2,
                                            "Actual Startup Time": 12.589,
                                            "Actual Total Time": 42.322,
                                            "Actual Rows": 25207,
                                            "Actual Loops": 1
                                        }
                                    ],
                                    "Plans": [
                                        {
                                            "Node Type": "Bitmap Index Scan",
                                            "Parent Relationship": "Outer",
                                            "Parallel Aware": false,
                                            "Index Name": "company_id_movie_companies",
                                            "Startup Cost": 0.0,
                                            "Total Cost": 3175.66,
                                            "Plan Rows": 148164,
                                            "Plan Width": 0,
                                            "Actual Startup Time": 20.719,
                                            "Actual Total Time": 20.719,
                                            "Actual Rows": 150841,
                                            "Actual Loops": 1,
                                            "Index Cond": "(mc.company_id > 131725)"
                                        }
                                    ]
                                }
                            ]
                        }
                    ]
                }
            ]
        },
        "Planning Time": 309.085,
        "Triggers": [],
        "Execution Time": 63.537
    }
]