[
  {
    "Plan": {
      "Node Type": "Aggregate",
      "Strategy": "Plain",
      "Partial Mode": "Finalize",
      "Parallel Aware": false,
      "Startup Cost": 45900.02,
      "Total Cost": 45900.03,
      "Plan Rows": 1,
      "Plan Width": 8,
      "Actual Startup Time": 156.67,
      "Actual Total Time": 166.913,
      "Actual Rows": 1,
      "Actual Loops": 1,
      "Plans": [
        {
          "Node Type": "Gather",
          "Parent Relationship": "Outer",
          "Parallel Aware": false,
          "Startup Cost": 45899.7,
          "Total Cost": 45900.01,
          "Plan Rows": 3,
          "Plan Width": 8,
          "Actual Startup Time": 156.527,
          "Actual Total Time": 166.904,
          "Actual Rows": 4,
          "Actual Loops": 1,
          "Workers Planned": 3,
          "Workers Launched": 3,
          "Single Copy": false,
          "Plans": [
            {
              "Node Type": "Aggregate",
              "Strategy": "Plain",
              "Partial Mode": "Partial",
              "Parent Relationship": "Outer",
              "Parallel Aware": false,
              "Startup Cost": 44899.7,
              "Total Cost": 44899.71,
              "Plan Rows": 1,
              "Plan Width": 8,
              "Actual Startup Time": 150.057,
              "Actual Total Time": 150.058,
              "Actual Rows": 1,
              "Actual Loops": 4,
              "Plans": [
                {
                  "Node Type": "Seq Scan",
                  "Parent Relationship": "Outer",
                  "Parallel Aware": true,
                  "Relation Name": "movie_keyword",
                  "Alias": "mk",
                  "Startup Cost": 0.0,
                  "Total Cost": 42695.65,
                  "Plan Rows": 881620,
                  "Plan Width": 0,
                  "Actual Startup Time": 0.178,
                  "Actual Total Time": 117.857,
                  "Actual Rows": 682183,
                  "Actual Loops": 4,
                  "Filter": "(keyword_id > 2899)",
                  "Rows Removed by Filter": 448800
                }
              ]
            }
          ]
        }
      ]
    },
    "Planning Time": 0.087,
    "Triggers": [],
    "Execution Time": 166.941
  }
]