{
  "Plan": {
    "Node Type": "Aggregate",
    "Strategy": "Plain",
    "Partial Mode": "Finalize",
    "Parallel Aware": false,
    "Startup Cost": 92008.15,
    "Total Cost": 92008.16,
    "Plan Rows": 1,
    "Plan Width": 8,
    "Actual Startup Time": 945.199,
    "Actual Total Time": 963.939,
    "Actual Rows": 1,
    "Actual Loops": 1,
    "Plans": [
      {
        "Node Type": "Gather",
        "Parent Relationship": "Outer",
        "Parallel Aware": false,
        "Startup Cost": 92008.04,
        "Total Cost": 92008.15,
        "Plan Rows": 1,
        "Plan Width": 8,
        "Actual Startup Time": 939.045,
        "Actual Total Time": 963.929,
        "Actual Rows": 2,
        "Actual Loops": 1,
        "Workers Planned": 1,
        "Workers Launched": 1,
        "Single Copy": false,
        "Plans": [
          {
            "Node Type": "Aggregate",
            "Strategy": "Plain",
            "Partial Mode": "Partial",
            "Parent Relationship": "Outer",
            "Parallel Aware": false,
            "Startup Cost": 91008.04,
            "Total Cost": 91008.05,
            "Plan Rows": 1,
            "Plan Width": 8,
            "Actual Startup Time": 927.124,
            "Actual Total Time": 927.128,
            "Actual Rows": 1,
            "Actual Loops": 2,
            "Plans": [
              {
                "Node Type": "Hash Join",
                "Parent Relationship": "Outer",
                "Parallel Aware": true,
                "Join Type": "Inner",
                "Startup Cost": 71029.43,
                "Total Cost": 89213.22,
                "Plan Rows": 717929,
                "Plan Width": 0,
                "Actual Startup Time": 646.516,
                "Actual Total Time": 896.275,
                "Actual Rows": 626962,
                "Actual Loops": 2,
                "Inner Unique": true,
                "Hash Cond": "(mi_idx.movie_id = t.id)",
                "Plans": [
                  {
                    "Node Type": "Seq Scan",
                    "Parent Relationship": "Outer",
                    "Parallel Aware": true,
                    "Relation Name": "movie_info_idx",
                    "Alias": "mi_idx",
                    "Startup Cost": 0.0,
                    "Total Cost": 16052.85,
                    "Plan Rows": 811785,
                    "Plan Width": 4,
                    "Actual Startup Time": 0.028,
                    "Actual Total Time": 60.74,
                    "Actual Rows": 690018,
                    "Actual Loops": 2
                  },
                  {
                    "Node Type": "Hash",
                    "Parent Relationship": "Inner",
                    "Parallel Aware": true,
                    "Startup Cost": 54588.39,
                    "Total Cost": 54588.39,
                    "Plan Rows": 1315283,
                    "Plan Width": 4,
                    "Actual Startup Time": 623.862,
                    "Actual Total Time": 623.863,
                    "Actual Rows": 1112668,
                    "Actual Loops": 2,
                    "Hash Buckets": 4194304,
                    "Original Hash Buckets": 4194304,
                    "Hash Batches": 1,
                    "Original Hash Batches": 1,
                    "Peak Memory Usage": 119840,
                    "Plans": [
                      {
                        "Node Type": "Seq Scan",
                        "Parent Relationship": "Outer",
                        "Parallel Aware": true,
                        "Relation Name": "title",
                        "Alias": "t",
                        "Startup Cost": 0.0,
                        "Total Cost": 54588.39,
                        "Plan Rows": 1315283,
                        "Plan Width": 4,
                        "Actual Startup Time": 0.034,
                        "Actual Total Time": 220.395,
                        "Actual Rows": 1112668,
                        "Actual Loops": 2,
                        "Filter": "(production_year > 1958)",
                        "Rows Removed by Filter": 151488
                      }
                    ]
                  }
                ]
              }
            ]
          }
        ]
      }
    ]
  },
  "Planning Time": 0.41,
  "Triggers": [],
  "Execution Time": 964.012
}