{
  "Plan": {
    "Node Type": "Aggregate",
    "Strategy": "Plain",
    "Partial Mode": "Finalize",
    "Parallel Aware": false,
    "Startup Cost": 168000.08,
    "Total Cost": 168000.09,
    "Plan Rows": 1,
    "Plan Width": 8,
    "Actual Startup Time": 1291.516,
    "Actual Total Time": 1307.306,
    "Actual Rows": 1,
    "Actual Loops": 1,
    "Plans": [
      {
        "Node Type": "Gather",
        "Parent Relationship": "Outer",
        "Parallel Aware": false,
        "Startup Cost": 167999.97,
        "Total Cost": 168000.08,
        "Plan Rows": 1,
        "Plan Width": 8,
        "Actual Startup Time": 1290.355,
        "Actual Total Time": 1307.299,
        "Actual Rows": 2,
        "Actual Loops": 1,
        "Workers Planned": 1,
        "Workers Launched": 1,
        "Single Copy": false,
        "Plans": [
          {
            "Node Type": "Aggregate",
            "Strategy": "Plain",
            "Partial Mode": "Partial",
            "Parent Relationship": "Outer",
            "Parallel Aware": false,
            "Startup Cost": 166999.97,
            "Total Cost": 166999.98,
            "Plan Rows": 1,
            "Plan Width": 8,
            "Actual Startup Time": 1283.768,
            "Actual Total Time": 1283.774,
            "Actual Rows": 1,
            "Actual Loops": 2,
            "Plans": [
              {
                "Node Type": "Hash Join",
                "Parent Relationship": "Outer",
                "Parallel Aware": true,
                "Join Type": "Inner",
                "Startup Cost": 98320.75,
                "Total Cost": 166487.82,
                "Plan Rows": 204858,
                "Plan Width": 0,
                "Actual Startup Time": 420.382,
                "Actual Total Time": 1058.038,
                "Actual Rows": 5678520,
                "Actual Loops": 2,
                "Inner Unique": false,
                "Hash Cond": "(mk.movie_id = t.id)",
                "Plans": [
                  {
                    "Node Type": "Seq Scan",
                    "Parent Relationship": "Outer",
                    "Parallel Aware": true,
                    "Relation Name": "movie_keyword",
                    "Alias": "mk",
                    "Startup Cost": 0.0,
                    "Total Cost": 57718.19,
                    "Plan Rows": 2465021,
                    "Plan Width": 4,
                    "Actual Startup Time": 0.013,
                    "Actual Total Time": 195.599,
                    "Actual Rows": 2099182,
                    "Actual Loops": 2,
                    "Filter": "(keyword_id < 50469)",
                    "Rows Removed by Filter": 162782
                  },
                  {
                    "Node Type": "Hash",
                    "Parent Relationship": "Inner",
                    "Parallel Aware": true,
                    "Startup Cost": 96775.78,
                    "Total Cost": 96775.78,
                    "Plan Rows": 123598,
                    "Plan Width": 8,
                    "Actual Startup Time": 348.894,
                    "Actual Total Time": 348.898,
                    "Actual Rows": 128686,
                    "Actual Loops": 2,
                    "Hash Buckets": 262144,
                    "Original Hash Buckets": 262144,
                    "Hash Batches": 1,
                    "Original Hash Batches": 1,
                    "Peak Memory Usage": 12160,
                    "Plans": [
                      {
                        "Node Type": "Hash Join",
                        "Parent Relationship": "Outer",
                        "Parallel Aware": true,
                        "Join Type": "Inner",
                        "Startup Cost": 56817.76,
                        "Total Cost": 96775.78,
                        "Plan Rows": 123598,
                        "Plan Width": 8,
                        "Actual Startup Time": 179.715,
                        "Actual Total Time": 325.113,
                        "Actual Rows": 128686,
                        "Actual Loops": 2,
                        "Inner Unique": true,
                        "Hash Cond": "(mc.movie_id = t.id)",
                        "Plans": [
                          {
                            "Node Type": "Seq Scan",
                            "Parent Relationship": "Outer",
                            "Parallel Aware": true,
                            "Relation Name": "movie_companies",
                            "Alias": "mc",
                            "Startup Cost": 0.0,
                            "Total Cost": 37974.77,
                            "Plan Rows": 755522,
                            "Plan Width": 4,
                            "Actual Startup Time": 0.015,
                            "Actual Total Time": 109.095,
                            "Actual Rows": 637123,
                            "Actual Loops": 2,
                            "Filter": "(company_type_id < 2)",
                            "Rows Removed by Filter": 667442
                          },
                          {
                            "Node Type": "Hash",
                            "Parent Relationship": "Inner",
                            "Parallel Aware": true,
                            "Startup Cost": 53776.51,
                            "Total Cost": 53776.51,
                            "Plan Rows": 243300,
                            "Plan Width": 4,
                            "Actual Startup Time": 131.187,
                            "Actual Total Time": 131.189,
                            "Actual Rows": 151618,
                            "Actual Loops": 2,
                            "Hash Buckets": 524288,
                            "Original Hash Buckets": 524288,
                            "Hash Batches": 1,
                            "Original Hash Batches": 1,
                            "Peak Memory Usage": 15968,
                            "Plans": [
                              {
                                "Node Type": "Bitmap Heap Scan",
                                "Parent Relationship": "Outer",
                                "Parallel Aware": true,
                                "Relation Name": "title",
                                "Alias": "t",
                                "Startup Cost": 11926.25,
                                "Total Cost": 53776.51,
                                "Plan Rows": 243300,
                                "Plan Width": 4,
                                "Actual Startup Time": 33.494,
                                "Actual Total Time": 98.604,
                                "Actual Rows": 151618,
                                "Actual Loops": 2,
                                "Recheck Cond": "(kind_id = 1)",
                                "Rows Removed by Index Recheck": 0,
                                "Filter": "(production_year > 1996)",
                                "Rows Removed by Filter": 179794,
                                "Exact Heap Blocks": 8332,
                                "Lossy Heap Blocks": 0,
                                "Plans": [
                                  {
                                    "Node Type": "Bitmap Index Scan",
                                    "Parent Relationship": "Outer",
                                    "Parallel Aware": false,
                                    "Index Name": "kind_id_title",
                                    "Startup Cost": 0.0,
                                    "Total Cost": 11822.85,
                                    "Plan Rows": 663256,
                                    "Plan Width": 0,
                                    "Actual Startup Time": 31.607,
                                    "Actual Total Time": 31.607,
                                    "Actual Rows": 662825,
                                    "Actual Loops": 1,
                                    "Index Cond": "(kind_id = 1)"
                                  }
                                ]
                              }
                            ]
                          }
                        ]
                      }
                    ]
                  }
                ]
              }
            ]
          }
        ]
      }
    ]
  },
  "Planning Time": 0.963,
  "Triggers": [],
  "Execution Time": 1307.418
}