{
  "Plan": {
    "Node Type": "Aggregate",
    "Strategy": "Plain",
    "Partial Mode": "Finalize",
    "Parallel Aware": false,
    "Startup Cost": 374298.99,
    "Total Cost": 374299.0,
    "Plan Rows": 1,
    "Plan Width": 8,
    "Actual Startup Time": 1183.548,
    "Actual Total Time": 1210.199,
    "Actual Rows": 1,
    "Actual Loops": 1,
    "Plans": [
      {
        "Node Type": "Gather",
        "Parent Relationship": "Outer",
        "Parallel Aware": false,
        "Startup Cost": 374298.87,
        "Total Cost": 374298.98,
        "Plan Rows": 1,
        "Plan Width": 8,
        "Actual Startup Time": 1183.038,
        "Actual Total Time": 1210.19,
        "Actual Rows": 2,
        "Actual Loops": 1,
        "Workers Planned": 1,
        "Workers Launched": 1,
        "Single Copy": false,
        "Plans": [
          {
            "Node Type": "Aggregate",
            "Strategy": "Plain",
            "Partial Mode": "Partial",
            "Parent Relationship": "Outer",
            "Parallel Aware": false,
            "Startup Cost": 373298.87,
            "Total Cost": 373298.88,
            "Plan Rows": 1,
            "Plan Width": 8,
            "Actual Startup Time": 1178.957,
            "Actual Total Time": 1178.962,
            "Actual Rows": 1,
            "Actual Loops": 2,
            "Plans": [
              {
                "Node Type": "Hash Join",
                "Parent Relationship": "Outer",
                "Parallel Aware": true,
                "Join Type": "Inner",
                "Startup Cost": 55304.68,
                "Total Cost": 372843.17,
                "Plan Rows": 182281,
                "Plan Width": 0,
                "Actual Startup Time": 147.894,
                "Actual Total Time": 1174.276,
                "Actual Rows": 90213,
                "Actual Loops": 2,
                "Inner Unique": true,
                "Hash Cond": "(ci.movie_id = t.id)",
                "Plans": [
                  {
                    "Node Type": "Index Scan",
                    "Parent Relationship": "Outer",
                    "Parallel Aware": true,
                    "Scan Direction": "Forward",
                    "Index Name": "role_id_cast_info",
                    "Relation Name": "cast_info",
                    "Alias": "ci",
                    "Startup Cost": 0.56,
                    "Total Cost": 305110.75,
                    "Plan Rows": 4734585,
                    "Plan Width": 4,
                    "Actual Startup Time": 0.127,
                    "Actual Total Time": 737.469,
                    "Actual Rows": 2271472,
                    "Actual Loops": 2,
                    "Index Cond": "(role_id > 4)",
                    "Rows Removed by Index Recheck": 0,
                    "Filter": "(person_id < 3123396)",
                    "Rows Removed by Filter": 2420880
                  },
                  {
                    "Node Type": "Hash",
                    "Parent Relationship": "Inner",
                    "Parallel Aware": true,
                    "Startup Cost": 54588.39,
                    "Total Cost": 54588.39,
                    "Plan Rows": 57258,
                    "Plan Width": 4,
                    "Actual Startup Time": 146.841,
                    "Actual Total Time": 146.843,
                    "Actual Rows": 47502,
                    "Actual Loops": 2,
                    "Hash Buckets": 131072,
                    "Original Hash Buckets": 131072,
                    "Hash Batches": 1,
                    "Original Hash Batches": 1,
                    "Peak Memory Usage": 4800,
                    "Plans": [
                      {
                        "Node Type": "Seq Scan",
                        "Parent Relationship": "Outer",
                        "Parallel Aware": true,
                        "Relation Name": "title",
                        "Alias": "t",
                        "Startup Cost": 0.0,
                        "Total Cost": 54588.39,
                        "Plan Rows": 57258,
                        "Plan Width": 4,
                        "Actual Startup Time": 0.024,
                        "Actual Total Time": 132.207,
                        "Actual Rows": 47502,
                        "Actual Loops": 2,
                        "Filter": "(production_year = 2005)",
                        "Rows Removed by Filter": 1216654
                      }
                    ]
                  }
                ]
              }
            ]
          }
        ]
      }
    ]
  },
  "Planning Time": 0.235,
  "Triggers": [],
  "Execution Time": 1210.247
}