[
  {
    "Plan": {
      "Node Type": "Aggregate",
      "Strategy": "Plain",
      "Partial Mode": "Finalize",
      "Parallel Aware": false,
      "Startup Cost": 274767.85,
      "Total Cost": 274767.86,
      "Plan Rows": 1,
      "Plan Width": 8,
      "Actual Startup Time": 177.668,
      "Actual Total Time": 193.284,
      "Actual Rows": 1,
      "Actual Loops": 1,
      "Plans": [
        {
          "Node Type": "Gather",
          "Parent Relationship": "Outer",
          "Parallel Aware": false,
          "Startup Cost": 274767.33,
          "Total Cost": 274767.84,
          "Plan Rows": 5,
          "Plan Width": 8,
          "Actual Startup Time": 175.537,
          "Actual Total Time": 193.276,
          "Actual Rows": 6,
          "Actual Loops": 1,
          "Workers Planned": 5,
          "Workers Launched": 5,
          "Single Copy": false,
          "Plans": [
            {
              "Node Type": "Aggregate",
              "Strategy": "Plain",
              "Partial Mode": "Partial",
              "Parent Relationship": "Outer",
              "Parallel Aware": false,
              "Startup Cost": 273767.33,
              "Total Cost": 273767.34,
              "Plan Rows": 1,
              "Plan Width": 8,
              "Actual Startup Time": 164.173,
              "Actual Total Time": 164.177,
              "Actual Rows": 1,
              "Actual Loops": 6,
              "Plans": [
                {
                  "Node Type": "Nested Loop",
                  "Parent Relationship": "Outer",
                  "Parallel Aware": false,
                  "Join Type": "Inner",
                  "Startup Cost": 21329.29,
                  "Total Cost": 273751.59,
                  "Plan Rows": 6296,
                  "Plan Width": 0,
                  "Actual Startup Time": 77.291,
                  "Actual Total Time": 163.158,
                  "Actual Rows": 10961,
                  "Actual Loops": 6,
                  "Inner Unique": true,
                  "Join Filter": "(ci.movie_id = t.id)",
                  "Rows Removed by Join Filter": 0,
                  "Plans": [
                    {
                      "Node Type": "Hash Join",
                      "Parent Relationship": "Outer",
                      "Parallel Aware": true,
                      "Join Type": "Inner",
                      "Startup Cost": 21328.86,
                      "Total Cost": 260739.73,
                      "Plan Rows": 15342,
                      "Plan Width": 8,
                      "Actual Startup Time": 77.191,
                      "Actual Total Time": 97.579,
                      "Actual Rows": 10961,
                      "Actual Loops": 6,
                      "Inner Unique": false,
                      "Hash Cond": "(ci.movie_id = mi_idx.movie_id)",
                      "Plans": [
                        {
                          "Node Type": "Bitmap Heap Scan",
                          "Parent Relationship": "Outer",
                          "Parallel Aware": true,
                          "Relation Name": "cast_info",
                          "Alias": "ci",
                          "Startup Cost": 3790.64,
                          "Total Cost": 243008.87,
                          "Plan Rows": 34325,
                          "Plan Width": 4,
                          "Actual Startup Time": 7.066,
                          "Actual Total Time": 13.037,
                          "Actual Rows": 27660,
                          "Actual Loops": 6,
                          "Recheck Cond": "(person_id < 20950)",
                          "Rows Removed by Index Recheck": 0,
                          "Exact Heap Blocks": 508,
                          "Lossy Heap Blocks": 0,
                          "Plans": [
                            {
                              "Node Type": "Bitmap Index Scan",
                              "Parent Relationship": "Outer",
                              "Parallel Aware": false,
                              "Index Name": "person_id_cast_info",
                              "Startup Cost": 0.0,
                              "Total Cost": 3747.74,
                              "Plan Rows": 171623,
                              "Plan Width": 0,
                              "Actual Startup Time": 6.838,
                              "Actual Total Time": 6.839,
                              "Actual Rows": 165960,
                              "Actual Loops": 1,
                              "Index Cond": "(person_id < 20950)"
                            }
                          ]
                        },
                        {
                          "Node Type": "Hash",
                          "Parent Relationship": "Inner",
                          "Parallel Aware": true,
                          "Startup Cost": 15122.68,
                          "Total Cost": 15122.68,
                          "Plan Rows": 193243,
                          "Plan Width": 4,
                          "Actual Startup Time": 67.504,
                          "Actual Total Time": 67.504,
                          "Actual Rows": 76654,
                          "Actual Loops": 6,
                          "Hash Buckets": 524288,
                          "Original Hash Buckets": 524288,
                          "Hash Batches": 1,
                          "Original Hash Batches": 1,
                          "Peak Memory Usage": 22176,
                          "Plans": [
                            {
                              "Node Type": "Seq Scan",
                              "Parent Relationship": "Outer",
                              "Parallel Aware": true,
                              "Relation Name": "movie_info_idx",
                              "Alias": "mi_idx",
                              "Startup Cost": 0.0,
                              "Total Cost": 15122.68,
                              "Plan Rows": 193243,
                              "Plan Width": 4,
                              "Actual Startup Time": 0.069,
                              "Actual Total Time": 35.541,
                              "Actual Rows": 76654,
                              "Actual Loops": 6,
                              "Filter": "(info_type_id = 101)",
                              "Rows Removed by Filter": 153352
                            }
                          ]
                        }
                      ]
                    },
                    {
                      "Node Type": "Index Only Scan",
                      "Parent Relationship": "Inner",
                      "Parallel Aware": false,
                      "Scan Direction": "Forward",
                      "Index Name": "title_pkey",
                      "Relation Name": "title",
                      "Alias": "t",
                      "Startup Cost": 0.43,
                      "Total Cost": 0.84,
                      "Plan Rows": 1,
                      "Plan Width": 4,
                      "Actual Startup Time": 0.006,
                      "Actual Total Time": 0.006,
                      "Actual Rows": 1,
                      "Actual Loops": 65767,
                      "Index Cond": "(id = mi_idx.movie_id)",
                      "Rows Removed by Index Recheck": 0,
                      "Heap Fetches": 65767
                    }
                  ]
                }
              ]
            }
          ]
        }
      ]
    },
    "Planning Time": 1.388,
    "Triggers": [],
    "Execution Time": 193.392
  }
]