{
  "Plan": {
    "Node Type": "Aggregate",
    "Strategy": "Plain",
    "Partial Mode": "Finalize",
    "Parallel Aware": false,
    "Startup Cost": 60924.19,
    "Total Cost": 60924.2,
    "Plan Rows": 1,
    "Plan Width": 8,
    "Actual Startup Time": 74.226,
    "Actual Total Time": 78.868,
    "Actual Rows": 1,
    "Actual Loops": 1,
    "Plans": [
      {
        "Node Type": "Gather",
        "Parent Relationship": "Outer",
        "Parallel Aware": false,
        "Startup Cost": 60924.08,
        "Total Cost": 60924.19,
        "Plan Rows": 1,
        "Plan Width": 8,
        "Actual Startup Time": 73.992,
        "Actual Total Time": 78.863,
        "Actual Rows": 2,
        "Actual Loops": 1,
        "Workers Planned": 1,
        "Workers Launched": 1,
        "Single Copy": false,
        "Plans": [
          {
            "Node Type": "Aggregate",
            "Strategy": "Plain",
            "Partial Mode": "Partial",
            "Parent Relationship": "Outer",
            "Parallel Aware": false,
            "Startup Cost": 59924.08,
            "Total Cost": 59924.09,
            "Plan Rows": 1,
            "Plan Width": 8,
            "Actual Startup Time": 68.12,
            "Actual Total Time": 68.124,
            "Actual Rows": 1,
            "Actual Loops": 2,
            "Plans": [
              {
                "Node Type": "Hash Join",
                "Parent Relationship": "Outer",
                "Parallel Aware": true,
                "Join Type": "Inner",
                "Startup Cost": 40599.87,
                "Total Cost": 59923.89,
                "Plan Rows": 75,
                "Plan Width": 0,
                "Actual Startup Time": 58.839,
                "Actual Total Time": 68.102,
                "Actual Rows": 152,
                "Actual Loops": 2,
                "Inner Unique": true,
                "Hash Cond": "(mc.movie_id = t.id)",
                "Plans": [
                  {
                    "Node Type": "Bitmap Heap Scan",
                    "Parent Relationship": "Outer",
                    "Parallel Aware": true,
                    "Relation Name": "movie_companies",
                    "Alias": "mc",
                    "Startup Cost": 1301.6,
                    "Total Cost": 20532.94,
                    "Plan Rows": 35307,
                    "Plan Width": 4,
                    "Actual Startup Time": 4.228,
                    "Actual Total Time": 10.414,
                    "Actual Rows": 28812,
                    "Actual Loops": 2,
                    "Recheck Cond": "(company_id > 185572)",
                    "Rows Removed by Index Recheck": 0,
                    "Exact Heap Blocks": 1202,
                    "Lossy Heap Blocks": 0,
                    "Plans": [
                      {
                        "Node Type": "Bitmap Index Scan",
                        "Parent Relationship": "Outer",
                        "Parallel Aware": false,
                        "Index Name": "company_id_movie_companies",
                        "Startup Cost": 0.0,
                        "Total Cost": 1286.6,
                        "Plan Rows": 60022,
                        "Plan Width": 0,
                        "Actual Startup Time": 3.785,
                        "Actual Total Time": 3.786,
                        "Actual Rows": 57625,
                        "Actual Loops": 1,
                        "Index Cond": "(company_id > 185572)"
                      }
                    ]
                  },
                  {
                    "Node Type": "Hash",
                    "Parent Relationship": "Inner",
                    "Parallel Aware": true,
                    "Startup Cost": 39258.53,
                    "Total Cost": 39258.53,
                    "Plan Rows": 3179,
                    "Plan Width": 4,
                    "Actual Startup Time": 53.539,
                    "Actual Total Time": 53.54,
                    "Actual Rows": 4632,
                    "Actual Loops": 2,
                    "Hash Buckets": 8192,
                    "Original Hash Buckets": 8192,
                    "Hash Batches": 1,
                    "Original Hash Batches": 1,
                    "Peak Memory Usage": 448,
                    "Plans": [
                      {
                        "Node Type": "Bitmap Heap Scan",
                        "Parent Relationship": "Outer",
                        "Parallel Aware": true,
                        "Relation Name": "title",
                        "Alias": "t",
                        "Startup Cost": 2182.29,
                        "Total Cost": 39258.53,
                        "Plan Rows": 3179,
                        "Plan Width": 4,
                        "Actual Startup Time": 18.028,
                        "Actual Total Time": 52.041,
                        "Actual Rows": 4632,
                        "Actual Loops": 2,
                        "Recheck Cond": "(kind_id = 4)",
                        "Rows Removed by Index Recheck": 0,
                        "Filter": "(production_year = 2006)",
                        "Rows Removed by Filter": 54486,
                        "Exact Heap Blocks": 10899,
                        "Lossy Heap Blocks": 0,
                        "Plans": [
                          {
                            "Node Type": "Bitmap Index Scan",
                            "Parent Relationship": "Outer",
                            "Parallel Aware": false,
                            "Index Name": "kind_id_title",
                            "Startup Cost": 0.0,
                            "Total Cost": 2180.94,
                            "Plan Rows": 122201,
                            "Plan Width": 0,
                            "Actual Startup Time": 17.663,
                            "Actual Total Time": 17.663,
                            "Actual Rows": 118234,
                            "Actual Loops": 1,
                            "Index Cond": "(kind_id = 4)"
                          }
                        ]
                      }
                    ]
                  }
                ]
              }
            ]
          }
        ]
      }
    ]
  },
  "Planning Time": 0.516,
  "Triggers": [],
  "Execution Time": 78.969
}