[
  {
    "Plan": {
      "Node Type": "Aggregate",
      "Strategy": "Plain",
      "Partial Mode": "Finalize",
      "Parallel Aware": false,
      "Startup Cost": 339513.11,
      "Total Cost": 339513.12,
      "Plan Rows": 1,
      "Plan Width": 8,
      "Actual Startup Time": 997.278,
      "Actual Total Time": 1047.545,
      "Actual Rows": 1,
      "Actual Loops": 1,
      "Plans": [
        {
          "Node Type": "Gather",
          "Parent Relationship": "Outer",
          "Parallel Aware": false,
          "Startup Cost": 339512.49,
          "Total Cost": 339513.1,
          "Plan Rows": 6,
          "Plan Width": 8,
          "Actual Startup Time": 996.939,
          "Actual Total Time": 1047.528,
          "Actual Rows": 7,
          "Actual Loops": 1,
          "Workers Planned": 6,
          "Workers Launched": 6,
          "Single Copy": false,
          "Plans": [
            {
              "Node Type": "Aggregate",
              "Strategy": "Plain",
              "Partial Mode": "Partial",
              "Parent Relationship": "Outer",
              "Parallel Aware": false,
              "Startup Cost": 338512.49,
              "Total Cost": 338512.5,
              "Plan Rows": 1,
              "Plan Width": 8,
              "Actual Startup Time": 986.578,
              "Actual Total Time": 986.579,
              "Actual Rows": 1,
              "Actual Loops": 7,
              "Plans": [
                {
                  "Node Type": "Seq Scan",
                  "Parent Relationship": "Outer",
                  "Parallel Aware": true,
                  "Relation Name": "cast_info",
                  "Alias": "ci",
                  "Startup Cost": 0.0,
                  "Total Cost": 328211.39,
                  "Plan Rows": 4120438,
                  "Plan Width": 0,
                  "Actual Startup Time": 0.06,
                  "Actual Total Time": 760.518,
                  "Actual Rows": 3549678,
                  "Actual Loops": 7,
                  "Filter": "(person_id < 2559280)",
                  "Rows Removed by Filter": 1628085
                }
              ]
            }
          ]
        }
      ]
    },
    "Planning Time": 0.196,
    "Triggers": [],
    "Execution Time": 1047.619
  }
]