[
  {
    "Plan": {
      "Node Type": "Aggregate",
      "Strategy": "Plain",
      "Partial Mode": "Finalize",
      "Parallel Aware": false,
      "Startup Cost": 339479.3,
      "Total Cost": 339479.31,
      "Plan Rows": 1,
      "Plan Width": 8,
      "Actual Startup Time": 839.349,
      "Actual Total Time": 901.698,
      "Actual Rows": 1,
      "Actual Loops": 1,
      "Plans": [
        {
          "Node Type": "Gather",
          "Parent Relationship": "Outer",
          "Parallel Aware": false,
          "Startup Cost": 339478.68,
          "Total Cost": 339479.29,
          "Plan Rows": 6,
          "Plan Width": 8,
          "Actual Startup Time": 839.186,
          "Actual Total Time": 901.686,
          "Actual Rows": 7,
          "Actual Loops": 1,
          "Workers Planned": 6,
          "Workers Launched": 6,
          "Single Copy": false,
          "Plans": [
            {
              "Node Type": "Aggregate",
              "Strategy": "Plain",
              "Partial Mode": "Partial",
              "Parent Relationship": "Outer",
              "Parallel Aware": false,
              "Startup Cost": 338478.68,
              "Total Cost": 338478.69,
              "Plan Rows": 1,
              "Plan Width": 8,
              "Actual Startup Time": 830.675,
              "Actual Total Time": 830.676,
              "Actual Rows": 1,
              "Actual Loops": 7,
              "Plans": [
                {
                  "Node Type": "Seq Scan",
                  "Parent Relationship": "Outer",
                  "Parallel Aware": true,
                  "Relation Name": "cast_info",
                  "Alias": "ci",
                  "Startup Cost": 0.0,
                  "Total Cost": 328162.03,
                  "Plan Rows": 4126660,
                  "Plan Width": 0,
                  "Actual Startup Time": 0.046,
                  "Actual Total Time": 660.508,
                  "Actual Rows": 3549678,
                  "Actual Loops": 7,
                  "Filter": "(person_id < 2559280)",
                  "Rows Removed by Filter": 1628085
                }
              ]
            }
          ]
        }
      ]
    },
    "Planning Time": 0.198,
    "Triggers": [],
    "Execution Time": 901.769
  }
]