{
  "Plan": {
    "Node Type": "Aggregate",
    "Strategy": "Plain",
    "Partial Mode": "Finalize",
    "Parallel Aware": false,
    "Startup Cost": 84652.13,
    "Total Cost": 84652.14,
    "Plan Rows": 1,
    "Plan Width": 8,
    "Actual Startup Time": 335.035,
    "Actual Total Time": 347.092,
    "Actual Rows": 1,
    "Actual Loops": 1,
    "Plans": [
      {
        "Node Type": "Gather",
        "Parent Relationship": "Outer",
        "Parallel Aware": false,
        "Startup Cost": 84652.02,
        "Total Cost": 84652.13,
        "Plan Rows": 1,
        "Plan Width": 8,
        "Actual Startup Time": 334.674,
        "Actual Total Time": 347.084,
        "Actual Rows": 2,
        "Actual Loops": 1,
        "Workers Planned": 1,
        "Workers Launched": 1,
        "Single Copy": false,
        "Plans": [
          {
            "Node Type": "Aggregate",
            "Strategy": "Plain",
            "Partial Mode": "Partial",
            "Parent Relationship": "Outer",
            "Parallel Aware": false,
            "Startup Cost": 83652.02,
            "Total Cost": 83652.03,
            "Plan Rows": 1,
            "Plan Width": 8,
            "Actual Startup Time": 328.607,
            "Actual Total Time": 328.611,
            "Actual Rows": 1,
            "Actual Loops": 2,
            "Plans": [
              {
                "Node Type": "Hash Join",
                "Parent Relationship": "Outer",
                "Parallel Aware": true,
                "Join Type": "Inner",
                "Startup Cost": 22926.2,
                "Total Cost": 83484.91,
                "Plan Rows": 66844,
                "Plan Width": 0,
                "Actual Startup Time": 231.022,
                "Actual Total Time": 326.401,
                "Actual Rows": 54258,
                "Actual Loops": 2,
                "Inner Unique": false,
                "Hash Cond": "(t.id = mc.movie_id)",
                "Plans": [
                  {
                    "Node Type": "Seq Scan",
                    "Parent Relationship": "Outer",
                    "Parallel Aware": true,
                    "Relation Name": "title",
                    "Alias": "t",
                    "Startup Cost": 0.0,
                    "Total Cost": 50870.31,
                    "Plan Rows": 1487231,
                    "Plan Width": 4,
                    "Actual Startup Time": 0.01,
                    "Actual Total Time": 115.771,
                    "Actual Rows": 1264156,
                    "Actual Loops": 2
                  },
                  {
                    "Node Type": "Hash",
                    "Parent Relationship": "Inner",
                    "Parallel Aware": true,
                    "Startup Cost": 22090.65,
                    "Total Cost": 22090.65,
                    "Plan Rows": 66844,
                    "Plan Width": 4,
                    "Actual Startup Time": 52.796,
                    "Actual Total Time": 52.797,
                    "Actual Rows": 54258,
                    "Actual Loops": 2,
                    "Hash Buckets": 131072,
                    "Original Hash Buckets": 131072,
                    "Hash Batches": 1,
                    "Original Hash Batches": 1,
                    "Peak Memory Usage": 5312,
                    "Plans": [
                      {
                        "Node Type": "Bitmap Heap Scan",
                        "Parent Relationship": "Outer",
                        "Parallel Aware": true,
                        "Relation Name": "movie_companies",
                        "Alias": "mc",
                        "Startup Cost": 2465.1,
                        "Total Cost": 22090.65,
                        "Plan Rows": 66844,
                        "Plan Width": 4,
                        "Actual Startup Time": 16.02,
                        "Actual Total Time": 38.993,
                        "Actual Rows": 54258,
                        "Actual Loops": 2,
                        "Recheck Cond": "(company_id > 152684)",
                        "Rows Removed by Index Recheck": 0,
                        "Exact Heap Blocks": 2578,
                        "Lossy Heap Blocks": 0,
                        "Plans": [
                          {
                            "Node Type": "Bitmap Index Scan",
                            "Parent Relationship": "Outer",
                            "Parallel Aware": false,
                            "Index Name": "company_id_movie_companies",
                            "Startup Cost": 0.0,
                            "Total Cost": 2436.69,
                            "Plan Rows": 113635,
                            "Plan Width": 0,
                            "Actual Startup Time": 18.558,
                            "Actual Total Time": 18.558,
                            "Actual Rows": 108516,
                            "Actual Loops": 1,
                            "Index Cond": "(company_id > 152684)"
                          }
                        ]
                      }
                    ]
                  }
                ]
              }
            ]
          }
        ]
      }
    ]
  },
  "Planning Time": 0.606,
  "Triggers": [],
  "Execution Time": 347.182
}