[
  {
    "Plan": {
      "Node Type": "Aggregate",
      "Strategy": "Plain",
      "Partial Mode": "Finalize",
      "Parallel Aware": false,
      "Startup Cost": 30870.62,
      "Total Cost": 30870.63,
      "Plan Rows": 1,
      "Plan Width": 8,
      "Actual Startup Time": 76.151,
      "Actual Total Time": 84.319,
      "Actual Rows": 1,
      "Actual Loops": 1,
      "Plans": [
        {
          "Node Type": "Gather",
          "Parent Relationship": "Outer",
          "Parallel Aware": false,
          "Startup Cost": 30870.31,
          "Total Cost": 30870.62,
          "Plan Rows": 3,
          "Plan Width": 8,
          "Actual Startup Time": 76.01,
          "Actual Total Time": 84.31,
          "Actual Rows": 4,
          "Actual Loops": 1,
          "Workers Planned": 3,
          "Workers Launched": 3,
          "Single Copy": false,
          "Plans": [
            {
              "Node Type": "Aggregate",
              "Strategy": "Plain",
              "Partial Mode": "Partial",
              "Parent Relationship": "Outer",
              "Parallel Aware": false,
              "Startup Cost": 29870.31,
              "Total Cost": 29870.32,
              "Plan Rows": 1,
              "Plan Width": 8,
              "Actual Startup Time": 72.884,
              "Actual Total Time": 72.885,
              "Actual Rows": 1,
              "Actual Loops": 4,
              "Plans": [
                {
                  "Node Type": "Seq Scan",
                  "Parent Relationship": "Outer",
                  "Parallel Aware": true,
                  "Relation Name": "movie_companies",
                  "Alias": "mc",
                  "Startup Cost": 0.0,
                  "Total Cost": 29310.68,
                  "Plan Rows": 223850,
                  "Plan Width": 0,
                  "Actual Startup Time": 21.91,
                  "Actual Total Time": 65.479,
                  "Actual Rows": 171952,
                  "Actual Loops": 4,
                  "Filter": "(company_id > 47390)",
                  "Rows Removed by Filter": 480330
                }
              ]
            }
          ]
        }
      ]
    },
    "Planning Time": 0.061,
    "Triggers": [],
    "Execution Time": 84.343
  }
]