[
    {
        "Bao": {
            "Bao prediction": "NaN",
            "Bao recommended hint": "(no hint)"
        }
    },
    {
        "Plan": {
            "Node Type": "Aggregate",
            "Strategy": "Plain",
            "Partial Mode": "Finalize",
            "Parallel Aware": false,
            "Startup Cost": 24930.4,
            "Total Cost": 24930.41,
            "Plan Rows": 1,
            "Plan Width": 8,
            "Actual Startup Time": 42.159,
            "Actual Total Time": 45.024,
            "Actual Rows": 1,
            "Actual Loops": 1,
            "Output": [
                "count(*)"
            ],
            "Plans": [
                {
                    "Node Type": "Gather",
                    "Parent Relationship": "Outer",
                    "Parallel Aware": false,
                    "Startup Cost": 24930.08,
                    "Total Cost": 24930.39,
                    "Plan Rows": 3,
                    "Plan Width": 8,
                    "Actual Startup Time": 42.026,
                    "Actual Total Time": 45.017,
                    "Actual Rows": 4,
                    "Actual Loops": 1,
                    "Output": [
                        "(PARTIAL count(*))"
                    ],
                    "Workers Planned": 3,
                    "Workers Launched": 3,
                    "Single Copy": false,
                    "Plans": [
                        {
                            "Node Type": "Aggregate",
                            "Strategy": "Plain",
                            "Partial Mode": "Partial",
                            "Parent Relationship": "Outer",
                            "Parallel Aware": false,
                            "Startup Cost": 23930.08,
                            "Total Cost": 23930.09,
                            "Plan Rows": 1,
                            "Plan Width": 8,
                            "Actual Startup Time": 33.729,
                            "Actual Total Time": 33.73,
                            "Actual Rows": 1,
                            "Actual Loops": 4,
                            "Output": [
                                "PARTIAL count(*)"
                            ],
                            "Workers": [
                                {
                                    "Worker Number": 0,
                                    "Actual Startup Time": 30.938,
                                    "Actual Total Time": 30.94,
                                    "Actual Rows": 1,
                                    "Actual Loops": 1
                                },
                                {
                                    "Worker Number": 1,
                                    "Actual Startup Time": 30.987,
                                    "Actual Total Time": 30.989,
                                    "Actual Rows": 1,
                                    "Actual Loops": 1
                                },
                                {
                                    "Worker Number": 2,
                                    "Actual Startup Time": 31.227,
                                    "Actual Total Time": 31.229,
                                    "Actual Rows": 1,
                                    "Actual Loops": 1
                                }
                            ],
                            "Plans": [
                                {
                                    "Node Type": "Bitmap Heap Scan",
                                    "Parent Relationship": "Outer",
                                    "Parallel Aware": true,
                                    "Relation Name": "movie_companies",
                                    "Schema": "public",
                                    "Alias": "mc",
                                    "Startup Cost": 4202.36,
                                    "Total Cost": 23773.8,
                                    "Plan Rows": 62515,
                                    "Plan Width": 0,
                                    "Actual Startup Time": 4.871,
                                    "Actual Total Time": 29.985,
                                    "Actual Rows": 49245,
                                    "Actual Loops": 4,
                                    "Recheck Cond": "(mc.company_id > 114441)",
                                    "Rows Removed by Index Recheck": 0,
                                    "Exact Heap Blocks": 2514,
                                    "Lossy Heap Blocks": 0,
                                    "Workers": [
                                        {
                                            "Worker Number": 0,
                                            "Actual Startup Time": 2.155,
                                            "Actual Total Time": 27.662,
                                            "Actual Rows": 28717,
                                            "Actual Loops": 1
                                        },
                                        {
                                            "Worker Number": 1,
                                            "Actual Startup Time": 2.238,
                                            "Actual Total Time": 27.672,
                                            "Actual Rows": 26676,
                                            "Actual Loops": 1
                                        },
                                        {
                                            "Worker Number": 2,
                                            "Actual Startup Time": 2.445,
                                            "Actual Total Time": 27.823,
                                            "Actual Rows": 27778,
                                            "Actual Loops": 1
                                        }
                                    ],
                                    "Plans": [
                                        {
                                            "Node Type": "Bitmap Index Scan",
                                            "Parent Relationship": "Outer",
                                            "Parallel Aware": false,
                                            "Index Name": "company_id_movie_companies",
                                            "Startup Cost": 0.0,
                                            "Total Cost": 4153.91,
                                            "Plan Rows": 193797,
                                            "Plan Width": 0,
                                            "Actual Startup Time": 11.634,
                                            "Actual Total Time": 11.634,
                                            "Actual Rows": 196980,
                                            "Actual Loops": 1,
                                            "Index Cond": "(mc.company_id > 114441)"
                                        }
                                    ]
                                }
                            ]
                        }
                    ]
                }
            ]
        },
        "Planning Time": 217.577,
        "Triggers": [],
        "Execution Time": 45.077
    }
]