[
  {
    "Plan": {
      "Node Type": "Aggregate",
      "Strategy": "Plain",
      "Partial Mode": "Finalize",
      "Parallel Aware": false,
      "Startup Cost": 96762.82,
      "Total Cost": 96762.83,
      "Plan Rows": 1,
      "Plan Width": 8,
      "Actual Startup Time": 326.556,
      "Actual Total Time": 346.248,
      "Actual Rows": 1,
      "Actual Loops": 1,
      "Plans": [
        {
          "Node Type": "Gather",
          "Parent Relationship": "Outer",
          "Parallel Aware": false,
          "Startup Cost": 96762.6,
          "Total Cost": 96762.81,
          "Plan Rows": 2,
          "Plan Width": 8,
          "Actual Startup Time": 326.123,
          "Actual Total Time": 346.243,
          "Actual Rows": 3,
          "Actual Loops": 1,
          "Workers Planned": 2,
          "Workers Launched": 2,
          "Single Copy": false,
          "Plans": [
            {
              "Node Type": "Aggregate",
              "Strategy": "Plain",
              "Partial Mode": "Partial",
              "Parent Relationship": "Outer",
              "Parallel Aware": false,
              "Startup Cost": 95762.6,
              "Total Cost": 95762.61,
              "Plan Rows": 1,
              "Plan Width": 8,
              "Actual Startup Time": 317.575,
              "Actual Total Time": 317.581,
              "Actual Rows": 1,
              "Actual Loops": 3,
              "Plans": [
                {
                  "Node Type": "Hash Join",
                  "Parent Relationship": "Outer",
                  "Parallel Aware": true,
                  "Join Type": "Inner",
                  "Startup Cost": 79675.46,
                  "Total Cost": 95639.76,
                  "Plan Rows": 49138,
                  "Plan Width": 0,
                  "Actual Startup Time": 311.474,
                  "Actual Total Time": 317.55,
                  "Actual Rows": 443,
                  "Actual Loops": 3,
                  "Inner Unique": false,
                  "Hash Cond": "(mi_idx.movie_id = t.id)",
                  "Plans": [
                    {
                      "Node Type": "Seq Scan",
                      "Parent Relationship": "Outer",
                      "Parallel Aware": true,
                      "Relation Name": "movie_info_idx",
                      "Alias": "mi_idx",
                      "Startup Cost": 0.0,
                      "Total Cost": 13685.15,
                      "Plan Rows": 575015,
                      "Plan Width": 4,
                      "Actual Startup Time": 0.024,
                      "Actual Total Time": 33.67,
                      "Actual Rows": 460012,
                      "Actual Loops": 3
                    },
                    {
                      "Node Type": "Hash",
                      "Parent Relationship": "Inner",
                      "Parallel Aware": true,
                      "Startup Cost": 79000.28,
                      "Total Cost": 79000.28,
                      "Plan Rows": 54014,
                      "Plan Width": 8,
                      "Actual Startup Time": 248.479,
                      "Actual Total Time": 248.483,
                      "Actual Rows": 475,
                      "Actual Loops": 3,
                      "Hash Buckets": 262144,
                      "Original Hash Buckets": 262144,
                      "Hash Batches": 1,
                      "Original Hash Batches": 1,
                      "Peak Memory Usage": 2144,
                      "Plans": [
                        {
                          "Node Type": "Hash Join",
                          "Parent Relationship": "Outer",
                          "Parallel Aware": true,
                          "Join Type": "Inner",
                          "Startup Cost": 32595.83,
                          "Total Cost": 79000.28,
                          "Plan Rows": 54014,
                          "Plan Width": 8,
                          "Actual Startup Time": 218.139,
                          "Actual Total Time": 247.998,
                          "Actual Rows": 475,
                          "Actual Loops": 3,
                          "Inner Unique": false,
                          "Hash Cond": "(t.id = mc.movie_id)",
                          "Plans": [
                            {
                              "Node Type": "Seq Scan",
                              "Parent Relationship": "Outer",
                              "Parallel Aware": true,
                              "Relation Name": "title",
                              "Alias": "t",
                              "Startup Cost": 0.0,
                              "Total Cost": 43898.92,
                              "Plan Rows": 466259,
                              "Plan Width": 4,
                              "Actual Startup Time": 0.01,
                              "Actual Total Time": 102.93,
                              "Actual Rows": 621829,
                              "Actual Loops": 3,
                              "Filter": "(kind_id > 1)",
                              "Rows Removed by Filter": 220942
                            },
                            {
                              "Node Type": "Hash",
                              "Parent Relationship": "Inner",
                              "Parallel Aware": true,
                              "Startup Cost": 31414.82,
                              "Total Cost": 31414.82,
                              "Plan Rows": 94481,
                              "Plan Width": 4,
                              "Actual Startup Time": 87.477,
                              "Actual Total Time": 87.479,
                              "Actual Rows": 2075,
                              "Actual Loops": 3,
                              "Hash Buckets": 524288,
                              "Original Hash Buckets": 524288,
                              "Hash Batches": 1,
                              "Original Hash Batches": 1,
                              "Peak Memory Usage": 4416,
                              "Plans": [
                                {
                                  "Node Type": "Seq Scan",
                                  "Parent Relationship": "Outer",
                                  "Parallel Aware": true,
                                  "Relation Name": "movie_companies",
                                  "Alias": "mc",
                                  "Startup Cost": 0.0,
                                  "Total Cost": 31414.82,
                                  "Plan Rows": 94481,
                                  "Plan Width": 4,
                                  "Actual Startup Time": 47.769,
                                  "Actual Total Time": 85.334,
                                  "Actual Rows": 2075,
                                  "Actual Loops": 3,
                                  "Filter": "((company_id > 65236) AND (company_type_id < 2))",
                                  "Rows Removed by Filter": 867635
                                }
                              ]
                            }
                          ]
                        }
                      ]
                    }
                  ]
                }
              ]
            }
          ]
        }
      ]
    },
    "Planning Time": 1.49,
    "Triggers": [],
    "Execution Time": 346.336
  }
]