[
  {
    "Plan": {
      "Node Type": "Aggregate",
      "Strategy": "Plain",
      "Partial Mode": "Finalize",
      "Parallel Aware": false,
      "Startup Cost": 106936.34,
      "Total Cost": 106936.35,
      "Plan Rows": 1,
      "Plan Width": 8,
      "Actual Startup Time": 486.958,
      "Actual Total Time": 505.758,
      "Actual Rows": 1,
      "Actual Loops": 1,
      "Plans": [
        {
          "Node Type": "Gather",
          "Parent Relationship": "Outer",
          "Parallel Aware": false,
          "Startup Cost": 106936.12,
          "Total Cost": 106936.33,
          "Plan Rows": 2,
          "Plan Width": 8,
          "Actual Startup Time": 483.468,
          "Actual Total Time": 505.748,
          "Actual Rows": 3,
          "Actual Loops": 1,
          "Workers Planned": 2,
          "Workers Launched": 2,
          "Single Copy": false,
          "Plans": [
            {
              "Node Type": "Aggregate",
              "Strategy": "Plain",
              "Partial Mode": "Partial",
              "Parent Relationship": "Outer",
              "Parallel Aware": false,
              "Startup Cost": 105936.12,
              "Total Cost": 105936.13,
              "Plan Rows": 1,
              "Plan Width": 8,
              "Actual Startup Time": 480.639,
              "Actual Total Time": 480.889,
              "Actual Rows": 1,
              "Actual Loops": 3,
              "Plans": [
                {
                  "Node Type": "Hash Join",
                  "Parent Relationship": "Outer",
                  "Parallel Aware": true,
                  "Join Type": "Inner",
                  "Startup Cost": 89828.49,
                  "Total Cost": 105819.9,
                  "Plan Rows": 46488,
                  "Plan Width": 0,
                  "Actual Startup Time": 371.462,
                  "Actual Total Time": 470.127,
                  "Actual Rows": 257372,
                  "Actual Loops": 3,
                  "Inner Unique": false,
                  "Hash Cond": "(mi_idx.movie_id = t.id)",
                  "Plans": [
                    {
                      "Node Type": "Seq Scan",
                      "Parent Relationship": "Outer",
                      "Parallel Aware": true,
                      "Relation Name": "movie_info_idx",
                      "Alias": "mi_idx",
                      "Startup Cost": 0.0,
                      "Total Cost": 13685.15,
                      "Plan Rows": 575015,
                      "Plan Width": 4,
                      "Actual Startup Time": 0.015,
                      "Actual Total Time": 37.344,
                      "Actual Rows": 460012,
                      "Actual Loops": 3
                    },
                    {
                      "Node Type": "Hash",
                      "Parent Relationship": "Inner",
                      "Parallel Aware": true,
                      "Startup Cost": 89004.25,
                      "Total Cost": 89004.25,
                      "Plan Rows": 65939,
                      "Plan Width": 8,
                      "Actual Startup Time": 368.136,
                      "Actual Total Time": 368.383,
                      "Actual Rows": 106024,
                      "Actual Loops": 3,
                      "Hash Buckets": 524288,
                      "Original Hash Buckets": 262144,
                      "Hash Batches": 1,
                      "Original Hash Batches": 1,
                      "Peak Memory Usage": 18656,
                      "Plans": [
                        {
                          "Node Type": "Hash Join",
                          "Parent Relationship": "Outer",
                          "Parallel Aware": true,
                          "Join Type": "Inner",
                          "Startup Cost": 44815.0,
                          "Total Cost": 89004.25,
                          "Plan Rows": 65939,
                          "Plan Width": 8,
                          "Actual Startup Time": 150.252,
                          "Actual Total Time": 339.015,
                          "Actual Rows": 106024,
                          "Actual Loops": 3,
                          "Inner Unique": true,
                          "Hash Cond": "(mk.movie_id = t.id)",
                          "Plans": [
                            {
                              "Node Type": "Seq Scan",
                              "Parent Relationship": "Outer",
                              "Parallel Aware": true,
                              "Relation Name": "movie_keyword",
                              "Alias": "mk",
                              "Startup Cost": 0.0,
                              "Total Cost": 42695.65,
                              "Plan Rows": 568992,
                              "Plan Width": 4,
                              "Actual Startup Time": 0.588,
                              "Actual Total Time": 123.417,
                              "Actual Rows": 583022,
                              "Actual Loops": 3,
                              "Filter": "(keyword_id > 7981)",
                              "Rows Removed by Filter": 924954
                            },
                            {
                              "Node Type": "Hash",
                              "Parent Relationship": "Inner",
                              "Parallel Aware": true,
                              "Startup Cost": 43899.32,
                              "Total Cost": 43899.32,
                              "Plan Rows": 73254,
                              "Plan Width": 4,
                              "Actual Startup Time": 147.158,
                              "Actual Total Time": 147.16,
                              "Actual Rows": 103178,
                              "Actual Loops": 3,
                              "Hash Buckets": 524288,
                              "Original Hash Buckets": 524288,
                              "Hash Batches": 1,
                              "Original Hash Batches": 1,
                              "Peak Memory Usage": 16256,
                              "Plans": [
                                {
                                  "Node Type": "Seq Scan",
                                  "Parent Relationship": "Outer",
                                  "Parallel Aware": true,
                                  "Relation Name": "title",
                                  "Alias": "t",
                                  "Startup Cost": 0.0,
                                  "Total Cost": 43899.32,
                                  "Plan Rows": 73254,
                                  "Plan Width": 4,
                                  "Actual Startup Time": 0.022,
                                  "Actual Total Time": 109.981,
                                  "Actual Rows": 103178,
                                  "Actual Loops": 3,
                                  "Filter": "(production_year < 1966)",
                                  "Rows Removed by Filter": 739593
                                }
                              ]
                            }
                          ]
                        }
                      ]
                    }
                  ]
                }
              ]
            }
          ]
        }
      ]
    },
    "Planning Time": 0.849,
    "Triggers": [],
    "Execution Time": 505.816
  }
]