[
  {
    "Plan": {
      "Node Type": "Aggregate",
      "Strategy": "Plain",
      "Partial Mode": "Finalize",
      "Parallel Aware": false,
      "Startup Cost": 31582.4,
      "Total Cost": 31582.41,
      "Plan Rows": 1,
      "Plan Width": 8,
      "Actual Startup Time": 106.528,
      "Actual Total Time": 114.733,
      "Actual Rows": 1,
      "Actual Loops": 1,
      "Plans": [
        {
          "Node Type": "Gather",
          "Parent Relationship": "Outer",
          "Parallel Aware": false,
          "Startup Cost": 31582.08,
          "Total Cost": 31582.39,
          "Plan Rows": 3,
          "Plan Width": 8,
          "Actual Startup Time": 106.398,
          "Actual Total Time": 114.724,
          "Actual Rows": 4,
          "Actual Loops": 1,
          "Workers Planned": 3,
          "Workers Launched": 3,
          "Single Copy": false,
          "Plans": [
            {
              "Node Type": "Aggregate",
              "Strategy": "Plain",
              "Partial Mode": "Partial",
              "Parent Relationship": "Outer",
              "Parallel Aware": false,
              "Startup Cost": 30582.08,
              "Total Cost": 30582.09,
              "Plan Rows": 1,
              "Plan Width": 8,
              "Actual Startup Time": 99.769,
              "Actual Total Time": 99.77,
              "Actual Rows": 1,
              "Actual Loops": 4,
              "Plans": [
                {
                  "Node Type": "Seq Scan",
                  "Parent Relationship": "Outer",
                  "Parallel Aware": true,
                  "Relation Name": "movie_companies",
                  "Alias": "mc",
                  "Startup Cost": 0.0,
                  "Total Cost": 29310.68,
                  "Plan Rows": 508560,
                  "Plan Width": 0,
                  "Actual Startup Time": 0.035,
                  "Actual Total Time": 79.941,
                  "Actual Rows": 395514,
                  "Actual Loops": 4,
                  "Filter": "(company_id < 15712)",
                  "Rows Removed by Filter": 256768
                }
              ]
            }
          ]
        }
      ]
    },
    "Planning Time": 0.1,
    "Triggers": [],
    "Execution Time": 114.765
  }
]