[
  {
    "Plan": {
      "Node Type": "Aggregate",
      "Strategy": "Plain",
      "Partial Mode": "Finalize",
      "Parallel Aware": false,
      "Startup Cost": 78502.66,
      "Total Cost": 78502.67,
      "Plan Rows": 1,
      "Plan Width": 8,
      "Actual Startup Time": 192.378,
      "Actual Total Time": 210.691,
      "Actual Rows": 1,
      "Actual Loops": 1,
      "Plans": [
        {
          "Node Type": "Gather",
          "Parent Relationship": "Outer",
          "Parallel Aware": false,
          "Startup Cost": 78502.34,
          "Total Cost": 78502.65,
          "Plan Rows": 3,
          "Plan Width": 8,
          "Actual Startup Time": 191.639,
          "Actual Total Time": 210.681,
          "Actual Rows": 4,
          "Actual Loops": 1,
          "Workers Planned": 3,
          "Workers Launched": 3,
          "Single Copy": false,
          "Plans": [
            {
              "Node Type": "Aggregate",
              "Strategy": "Plain",
              "Partial Mode": "Partial",
              "Parent Relationship": "Outer",
              "Parallel Aware": false,
              "Startup Cost": 77502.34,
              "Total Cost": 77502.35,
              "Plan Rows": 1,
              "Plan Width": 8,
              "Actual Startup Time": 184.249,
              "Actual Total Time": 184.253,
              "Actual Rows": 1,
              "Actual Loops": 4,
              "Plans": [
                {
                  "Node Type": "Hash Join",
                  "Parent Relationship": "Outer",
                  "Parallel Aware": true,
                  "Join Type": "Inner",
                  "Startup Cost": 45759.21,
                  "Total Cost": 77491.63,
                  "Plan Rows": 4282,
                  "Plan Width": 0,
                  "Actual Startup Time": 128.591,
                  "Actual Total Time": 184.128,
                  "Actual Rows": 1171,
                  "Actual Loops": 4,
                  "Inner Unique": true,
                  "Hash Cond": "(mc.movie_id = t.id)",
                  "Plans": [
                    {
                      "Node Type": "Seq Scan",
                      "Parent Relationship": "Outer",
                      "Parallel Aware": true,
                      "Relation Name": "movie_companies",
                      "Alias": "mc",
                      "Startup Cost": 0.0,
                      "Total Cost": 31414.82,
                      "Plan Rows": 120992,
                      "Plan Width": 4,
                      "Actual Startup Time": 15.826,
                      "Actual Total Time": 67.298,
                      "Actual Rows": 13962,
                      "Actual Loops": 4,
                      "Filter": "((company_id > 35450) AND (company_type_id < 2))",
                      "Rows Removed by Filter": 638320
                    },
                    {
                      "Node Type": "Hash",
                      "Parent Relationship": "Inner",
                      "Parallel Aware": true,
                      "Startup Cost": 45479.59,
                      "Total Cost": 45479.59,
                      "Plan Rows": 22370,
                      "Plan Width": 4,
                      "Actual Startup Time": 110.94,
                      "Actual Total Time": 110.942,
                      "Actual Rows": 20248,
                      "Actual Loops": 4,
                      "Hash Buckets": 131072,
                      "Original Hash Buckets": 131072,
                      "Hash Batches": 1,
                      "Original Hash Batches": 1,
                      "Peak Memory Usage": 4224,
                      "Plans": [
                        {
                          "Node Type": "Seq Scan",
                          "Parent Relationship": "Outer",
                          "Parallel Aware": true,
                          "Relation Name": "title",
                          "Alias": "t",
                          "Startup Cost": 0.0,
                          "Total Cost": 45479.59,
                          "Plan Rows": 22370,
                          "Plan Width": 4,
                          "Actual Startup Time": 0.108,
                          "Actual Total Time": 102.972,
                          "Actual Rows": 20248,
                          "Actual Loops": 4,
                          "Filter": "((kind_id < 7) AND (production_year > 2011))",
                          "Rows Removed by Filter": 611830
                        }
                      ]
                    }
                  ]
                }
              ]
            }
          ]
        }
      ]
    },
    "Planning Time": 0.683,
    "Triggers": [],
    "Execution Time": 210.773
  }
]