[
  {
    "Plan": {
      "Node Type": "Aggregate",
      "Strategy": "Plain",
      "Partial Mode": "Finalize",
      "Parallel Aware": false,
      "Startup Cost": 330908.05,
      "Total Cost": 330908.06,
      "Plan Rows": 1,
      "Plan Width": 8,
      "Actual Startup Time": 549.578,
      "Actual Total Time": 603.355,
      "Actual Rows": 1,
      "Actual Loops": 1,
      "Plans": [
        {
          "Node Type": "Gather",
          "Parent Relationship": "Outer",
          "Parallel Aware": false,
          "Startup Cost": 330907.43,
          "Total Cost": 330908.04,
          "Plan Rows": 6,
          "Plan Width": 8,
          "Actual Startup Time": 549.452,
          "Actual Total Time": 603.345,
          "Actual Rows": 7,
          "Actual Loops": 1,
          "Workers Planned": 6,
          "Workers Launched": 6,
          "Single Copy": false,
          "Plans": [
            {
              "Node Type": "Aggregate",
              "Strategy": "Plain",
              "Partial Mode": "Partial",
              "Parent Relationship": "Outer",
              "Parallel Aware": false,
              "Startup Cost": 329907.43,
              "Total Cost": 329907.44,
              "Plan Rows": 1,
              "Plan Width": 8,
              "Actual Startup Time": 540.121,
              "Actual Total Time": 540.122,
              "Actual Rows": 1,
              "Actual Loops": 7,
              "Plans": [
                {
                  "Node Type": "Seq Scan",
                  "Parent Relationship": "Outer",
                  "Parallel Aware": true,
                  "Relation Name": "cast_info",
                  "Alias": "ci",
                  "Startup Cost": 0.0,
                  "Total Cost": 328162.03,
                  "Plan Rows": 698160,
                  "Plan Width": 0,
                  "Actual Startup Time": 392.244,
                  "Actual Total Time": 517.684,
                  "Actual Rows": 568481,
                  "Actual Loops": 7,
                  "Filter": "(person_id > 3329368)",
                  "Rows Removed by Filter": 4609282
                }
              ]
            }
          ]
        }
      ]
    },
    "Planning Time": 0.207,
    "Triggers": [],
    "Execution Time": 603.438
  }
]