[
  {
    "Plan": {
      "Node Type": "Aggregate",
      "Strategy": "Plain",
      "Partial Mode": "Finalize",
      "Parallel Aware": false,
      "Startup Cost": 61773.6,
      "Total Cost": 61773.61,
      "Plan Rows": 1,
      "Plan Width": 8,
      "Actual Startup Time": 195.652,
      "Actual Total Time": 208.554,
      "Actual Rows": 1,
      "Actual Loops": 1,
      "Plans": [
        {
          "Node Type": "Gather",
          "Parent Relationship": "Outer",
          "Parallel Aware": false,
          "Startup Cost": 61773.38,
          "Total Cost": 61773.59,
          "Plan Rows": 2,
          "Plan Width": 8,
          "Actual Startup Time": 195.376,
          "Actual Total Time": 208.547,
          "Actual Rows": 3,
          "Actual Loops": 1,
          "Workers Planned": 2,
          "Workers Launched": 2,
          "Single Copy": false,
          "Plans": [
            {
              "Node Type": "Aggregate",
              "Strategy": "Plain",
              "Partial Mode": "Partial",
              "Parent Relationship": "Outer",
              "Parallel Aware": false,
              "Startup Cost": 60773.38,
              "Total Cost": 60773.39,
              "Plan Rows": 1,
              "Plan Width": 8,
              "Actual Startup Time": 187.675,
              "Actual Total Time": 187.678,
              "Actual Rows": 1,
              "Actual Loops": 3,
              "Plans": [
                {
                  "Node Type": "Hash Join",
                  "Parent Relationship": "Outer",
                  "Parallel Aware": true,
                  "Join Type": "Inner",
                  "Startup Cost": 45563.47,
                  "Total Cost": 60758.03,
                  "Plan Rows": 6140,
                  "Plan Width": 0,
                  "Actual Startup Time": 115.526,
                  "Actual Total Time": 187.541,
                  "Actual Rows": 2181,
                  "Actual Loops": 3,
                  "Inner Unique": true,
                  "Hash Cond": "(mi_idx.movie_id = t.id)",
                  "Plans": [
                    {
                      "Node Type": "Seq Scan",
                      "Parent Relationship": "Outer",
                      "Parallel Aware": true,
                      "Relation Name": "movie_info_idx",
                      "Alias": "mi_idx",
                      "Startup Cost": 0.0,
                      "Total Cost": 13685.15,
                      "Plan Rows": 575015,
                      "Plan Width": 4,
                      "Actual Startup Time": 0.028,
                      "Actual Total Time": 35.668,
                      "Actual Rows": 460012,
                      "Actual Loops": 3
                    },
                    {
                      "Node Type": "Hash",
                      "Parent Relationship": "Inner",
                      "Parallel Aware": true,
                      "Startup Cost": 45479.1,
                      "Total Cost": 45479.1,
                      "Plan Rows": 6750,
                      "Plan Width": 4,
                      "Actual Startup Time": 114.163,
                      "Actual Total Time": 114.163,
                      "Actual Rows": 9028,
                      "Actual Loops": 3,
                      "Hash Buckets": 32768,
                      "Original Hash Buckets": 32768,
                      "Hash Batches": 1,
                      "Original Hash Batches": 1,
                      "Peak Memory Usage": 1344,
                      "Plans": [
                        {
                          "Node Type": "Seq Scan",
                          "Parent Relationship": "Outer",
                          "Parallel Aware": true,
                          "Relation Name": "title",
                          "Alias": "t",
                          "Startup Cost": 0.0,
                          "Total Cost": 45479.1,
                          "Plan Rows": 6750,
                          "Plan Width": 4,
                          "Actual Startup Time": 0.621,
                          "Actual Total Time": 110.919,
                          "Actual Rows": 9028,
                          "Actual Loops": 3,
                          "Filter": "((kind_id < 7) AND (production_year > 2012))",
                          "Rows Removed by Filter": 833742
                        }
                      ]
                    }
                  ]
                }
              ]
            }
          ]
        }
      ]
    },
    "Planning Time": 0.585,
    "Triggers": [],
    "Execution Time": 208.616
  }
]