[
  {
    "Plan": {
      "Node Type": "Aggregate",
      "Strategy": "Plain",
      "Partial Mode": "Finalize",
      "Parallel Aware": false,
      "Startup Cost": 316738.9,
      "Total Cost": 316738.91,
      "Plan Rows": 1,
      "Plan Width": 8,
      "Actual Startup Time": 557.676,
      "Actual Total Time": 598.689,
      "Actual Rows": 1,
      "Actual Loops": 1,
      "Plans": [
        {
          "Node Type": "Gather",
          "Parent Relationship": "Outer",
          "Parallel Aware": false,
          "Startup Cost": 316738.58,
          "Total Cost": 316738.89,
          "Plan Rows": 3,
          "Plan Width": 8,
          "Actual Startup Time": 556.531,
          "Actual Total Time": 598.68,
          "Actual Rows": 4,
          "Actual Loops": 1,
          "Workers Planned": 3,
          "Workers Launched": 3,
          "Single Copy": false,
          "Plans": [
            {
              "Node Type": "Aggregate",
              "Strategy": "Plain",
              "Partial Mode": "Partial",
              "Parent Relationship": "Outer",
              "Parallel Aware": false,
              "Startup Cost": 315738.58,
              "Total Cost": 315738.59,
              "Plan Rows": 1,
              "Plan Width": 8,
              "Actual Startup Time": 552.635,
              "Actual Total Time": 552.639,
              "Actual Rows": 1,
              "Actual Loops": 4,
              "Plans": [
                {
                  "Node Type": "Nested Loop",
                  "Parent Relationship": "Outer",
                  "Parallel Aware": false,
                  "Join Type": "Inner",
                  "Startup Cost": 46279.08,
                  "Total Cost": 311958.7,
                  "Plan Rows": 1511954,
                  "Plan Width": 0,
                  "Actual Startup Time": 107.517,
                  "Actual Total Time": 536.541,
                  "Actual Rows": 324750,
                  "Actual Loops": 4,
                  "Inner Unique": false,
                  "Join Filter": "(t.id = ci.movie_id)",
                  "Rows Removed by Join Filter": 0,
                  "Plans": [
                    {
                      "Node Type": "Hash Join",
                      "Parent Relationship": "Outer",
                      "Parallel Aware": true,
                      "Join Type": "Inner",
                      "Startup Cost": 46278.51,
                      "Total Cost": 91711.87,
                      "Plan Rows": 105453,
                      "Plan Width": 8,
                      "Actual Startup Time": 107.409,
                      "Actual Total Time": 283.576,
                      "Actual Rows": 16992,
                      "Actual Loops": 4,
                      "Inner Unique": true,
                      "Hash Cond": "(mk.movie_id = t.id)",
                      "Plans": [
                        {
                          "Node Type": "Seq Scan",
                          "Parent Relationship": "Outer",
                          "Parallel Aware": true,
                          "Relation Name": "movie_keyword",
                          "Alias": "mk",
                          "Startup Cost": 0.0,
                          "Total Cost": 42695.65,
                          "Plan Rows": 1042935,
                          "Plan Width": 4,
                          "Actual Startup Time": 0.098,
                          "Actual Total Time": 110.287,
                          "Actual Rows": 806964,
                          "Actual Loops": 4,
                          "Filter": "(keyword_id > 1681)",
                          "Rows Removed by Filter": 324018
                        },
                        {
                          "Node Type": "Hash",
                          "Parent Relationship": "Inner",
                          "Parallel Aware": true,
                          "Startup Cost": 45479.59,
                          "Total Cost": 45479.59,
                          "Plan Rows": 63914,
                          "Plan Width": 4,
                          "Actual Startup Time": 105.395,
                          "Actual Total Time": 105.396,
                          "Actual Rows": 40422,
                          "Actual Loops": 4,
                          "Hash Buckets": 262144,
                          "Original Hash Buckets": 262144,
                          "Hash Batches": 1,
                          "Original Hash Batches": 1,
                          "Peak Memory Usage": 8416,
                          "Plans": [
                            {
                              "Node Type": "Seq Scan",
                              "Parent Relationship": "Outer",
                              "Parallel Aware": true,
                              "Relation Name": "title",
                              "Alias": "t",
                              "Startup Cost": 0.0,
                              "Total Cost": 45479.59,
                              "Plan Rows": 63914,
                              "Plan Width": 4,
                              "Actual Startup Time": 0.028,
                              "Actual Total Time": 91.41,
                              "Actual Rows": 40422,
                              "Actual Loops": 4,
                              "Filter": "((production_year < 1975) AND (kind_id = 7))",
                              "Rows Removed by Filter": 591656
                            }
                          ]
                        }
                      ]
                    },
                    {
                      "Node Type": "Index Only Scan",
                      "Parent Relationship": "Inner",
                      "Parallel Aware": false,
                      "Scan Direction": "Forward",
                      "Index Name": "movie_id_cast_info",
                      "Relation Name": "cast_info",
                      "Alias": "ci",
                      "Startup Cost": 0.56,
                      "Total Cost": 1.65,
                      "Plan Rows": 35,
                      "Plan Width": 4,
                      "Actual Startup Time": 0.003,
                      "Actual Total Time": 0.013,
                      "Actual Rows": 19,
                      "Actual Loops": 67966,
                      "Index Cond": "(movie_id = mk.movie_id)",
                      "Rows Removed by Index Recheck": 0,
                      "Heap Fetches": 1298999
                    }
                  ]
                }
              ]
            }
          ]
        }
      ]
    },
    "Planning Time": 0.988,
    "Triggers": [],
    "Execution Time": 598.762
  }
]