[
  {
    "Plan": {
      "Node Type": "Aggregate",
      "Strategy": "Plain",
      "Partial Mode": "Simple",
      "Parallel Aware": false,
      "Startup Cost": 483037.14,
      "Total Cost": 483037.15,
      "Plan Rows": 1,
      "Plan Width": 32,
      "Actual Startup Time": 2022.2,
      "Actual Total Time": 2055.84,
      "Actual Rows": 1,
      "Actual Loops": 1,
      "Plans": [
        {
          "Node Type": "Merge Join",
          "Parent Relationship": "Outer",
          "Parallel Aware": false,
          "Join Type": "Inner",
          "Startup Cost": 483034.86,
          "Total Cost": 483037.13,
          "Plan Rows": 1,
          "Plan Width": 17,
          "Actual Startup Time": 2021.851,
          "Actual Total Time": 2055.815,
          "Actual Rows": 5,
          "Actual Loops": 1,
          "Inner Unique": false,
          "Merge Cond": "(t.id = mi.movie_id)",
          "Plans": [
            {
              "Node Type": "Sort",
              "Parent Relationship": "Outer",
              "Parallel Aware": false,
              "Startup Cost": 282884.25,
              "Total Cost": 282884.41,
              "Plan Rows": 67,
              "Plan Width": 25,
              "Actual Startup Time": 1290.494,
              "Actual Total Time": 1290.679,
              "Actual Rows": 404,
              "Actual Loops": 1,
              "Sort Key": [
                "mk.movie_id"
              ],
              "Sort Method": "quicksort",
              "Sort Space Used": 58,
              "Sort Space Type": "Memory",
              "Plans": [
                {
                  "Node Type": "Gather",
                  "Parent Relationship": "Outer",
                  "Parallel Aware": false,
                  "Startup Cost": 281753.85,
                  "Total Cost": 282882.21,
                  "Plan Rows": 67,
                  "Plan Width": 25,
                  "Actual Startup Time": 1268.994,
                  "Actual Total Time": 1290.486,
                  "Actual Rows": 405,
                  "Actual Loops": 1,
                  "Workers Planned": 3,
                  "Workers Launched": 3,
                  "Single Copy": false,
                  "Plans": [
                    {
                      "Node Type": "Merge Join",
                      "Parent Relationship": "Outer",
                      "Parallel Aware": false,
                      "Join Type": "Inner",
                      "Startup Cost": 280753.85,
                      "Total Cost": 281875.51,
                      "Plan Rows": 22,
                      "Plan Width": 25,
                      "Actual Startup Time": 1258.655,
                      "Actual Total Time": 1274.073,
                      "Actual Rows": 101,
                      "Actual Loops": 4,
                      "Inner Unique": true,
                      "Merge Cond": "(mk.keyword_id = k.id)",
                      "Plans": [
                        {
                          "Node Type": "Sort",
                          "Parent Relationship": "Outer",
                          "Parallel Aware": false,
                          "Startup Cost": 278124.44,
                          "Total Cost": 278686.65,
                          "Plan Rows": 224885,
                          "Plan Width": 29,
                          "Actual Startup Time": 1236.512,
                          "Actual Total Time": 1248.117,
                          "Actual Rows": 74742,
                          "Actual Loops": 4,
                          "Sort Key": [
                            "mk.keyword_id"
                          ],
                          "Sort Method": "quicksort",
                          "Sort Space Used": 9127,
                          "Sort Space Type": "Memory",
                          "Workers": [
                            {
                              "Worker Number": 0,
                              "Sort Method": "quicksort",
                              "Sort Space Used": 8775,
                              "Sort Space Type": "Memory"
                            },
                            {
                              "Worker Number": 1,
                              "Sort Method": "quicksort",
                              "Sort Space Used": 9541,
                              "Sort Space Type": "Memory"
                            },
                            {
                              "Worker Number": 2,
                              "Sort Method": "quicksort",
                              "Sort Space Used": 9227,
                              "Sort Space Type": "Memory"
                            }
                          ],
                          "Plans": [
                            {
                              "Node Type": "Merge Join",
                              "Parent Relationship": "Outer",
                              "Parallel Aware": false,
                              "Join Type": "Inner",
                              "Startup Cost": 103780.27,
                              "Total Cost": 258133.48,
                              "Plan Rows": 224885,
                              "Plan Width": 29,
                              "Actual Startup Time": 730.449,
                              "Actual Total Time": 1210.422,
                              "Actual Rows": 74884,
                              "Actual Loops": 4,
                              "Inner Unique": true,
                              "Merge Cond": "(mk.movie_id = t.id)",
                              "Plans": [
                                {
                                  "Node Type": "Index Scan",
                                  "Parent Relationship": "Outer",
                                  "Parallel Aware": true,
                                  "Scan Direction": "Forward",
                                  "Index Name": "movie_id_movie_keyword",
                                  "Relation Name": "movie_keyword",
                                  "Alias": "mk",
                                  "Startup Cost": 0.43,
                                  "Total Cost": 146510.84,
                                  "Plan Rows": 1459332,
                                  "Plan Width": 8,
                                  "Actual Startup Time": 0.104,
                                  "Actual Total Time": 299.442,
                                  "Actual Rows": 1130982,
                                  "Actual Loops": 4
                                },
                                {
                                  "Node Type": "Sort",
                                  "Parent Relationship": "Inner",
                                  "Parallel Aware": false,
                                  "Startup Cost": 103779.39,
                                  "Total Cost": 104753.41,
                                  "Plan Rows": 389607,
                                  "Plan Width": 21,
                                  "Actual Startup Time": 730.241,
                                  "Actual Total Time": 790.344,
                                  "Actual Rows": 391487,
                                  "Actual Loops": 4,
                                  "Sort Key": [
                                    "t.id"
                                  ],
                                  "Sort Method": "quicksort",
                                  "Sort Space Used": 39792,
                                  "Sort Space Type": "Memory",
                                  "Workers": [
                                    {
                                      "Worker Number": 0,
                                      "Sort Method": "quicksort",
                                      "Sort Space Used": 39792,
                                      "Sort Space Type": "Memory"
                                    },
                                    {
                                      "Worker Number": 1,
                                      "Sort Method": "quicksort",
                                      "Sort Space Used": 39792,
                                      "Sort Space Type": "Memory"
                                    },
                                    {
                                      "Worker Number": 2,
                                      "Sort Method": "quicksort",
                                      "Sort Space Used": 39792,
                                      "Sort Space Type": "Memory"
                                    }
                                  ],
                                  "Plans": [
                                    {
                                      "Node Type": "Seq Scan",
                                      "Parent Relationship": "Outer",
                                      "Parallel Aware": false,
                                      "Relation Name": "title",
                                      "Alias": "t",
                                      "Startup Cost": 0.0,
                                      "Total Cost": 67601.15,
                                      "Plan Rows": 389607,
                                      "Plan Width": 21,
                                      "Actual Startup Time": 0.1,
                                      "Actual Total Time": 572.729,
                                      "Actual Rows": 391666,
                                      "Actual Loops": 4,
                                      "Filter": "(production_year > 2010)",
                                      "Rows Removed by Filter": 2136646
                                    }
                                  ]
                                }
                              ]
                            }
                          ]
                        },
                        {
                          "Node Type": "Sort",
                          "Parent Relationship": "Inner",
                          "Parallel Aware": false,
                          "Startup Cost": 2626.37,
                          "Total Cost": 2626.4,
                          "Plan Rows": 13,
                          "Plan Width": 4,
                          "Actual Startup Time": 20.047,
                          "Actual Total Time": 20.052,
                          "Actual Rows": 30,
                          "Actual Loops": 4,
                          "Sort Key": [
                            "k.id"
                          ],
                          "Sort Method": "quicksort",
                          "Sort Space Used": 26,
                          "Sort Space Type": "Memory",
                          "Workers": [
                            {
                              "Worker Number": 0,
                              "Sort Method": "quicksort",
                              "Sort Space Used": 26,
                              "Sort Space Type": "Memory"
                            },
                            {
                              "Worker Number": 1,
                              "Sort Method": "quicksort",
                              "Sort Space Used": 26,
                              "Sort Space Type": "Memory"
                            },
                            {
                              "Worker Number": 2,
                              "Sort Method": "quicksort",
                              "Sort Space Used": 26,
                              "Sort Space Type": "Memory"
                            }
                          ],
                          "Plans": [
                            {
                              "Node Type": "Seq Scan",
                              "Parent Relationship": "Outer",
                              "Parallel Aware": false,
                              "Relation Name": "keyword",
                              "Alias": "k",
                              "Startup Cost": 0.0,
                              "Total Cost": 2626.12,
                              "Plan Rows": 13,
                              "Plan Width": 4,
                              "Actual Startup Time": 1.167,
                              "Actual Total Time": 20.02,
                              "Actual Rows": 30,
                              "Actual Loops": 4,
                              "Filter": "(keyword ~~ '%sequel%'::text)",
                              "Rows Removed by Filter": 134140
                            }
                          ]
                        }
                      ]
                    }
                  ]
                }
              ]
            },
            {
              "Node Type": "Sort",
              "Parent Relationship": "Inner",
              "Parallel Aware": false,
              "Startup Cost": 200150.61,
              "Total Cost": 200151.58,
              "Plan Rows": 386,
              "Plan Width": 4,
              "Actual Startup Time": 731.3,
              "Actual Total Time": 764.933,
              "Actual Rows": 2289,
              "Actual Loops": 1,
              "Sort Key": [
                "mi.movie_id"
              ],
              "Sort Method": "quicksort",
              "Sort Space Used": 204,
              "Sort Space Type": "Memory",
              "Plans": [
                {
                  "Node Type": "Gather",
                  "Parent Relationship": "Outer",
                  "Parallel Aware": false,
                  "Startup Cost": 1000.0,
                  "Total Cost": 200134.03,
                  "Plan Rows": 386,
                  "Plan Width": 4,
                  "Actual Startup Time": 62.649,
                  "Actual Total Time": 764.047,
                  "Actual Rows": 2287,
                  "Actual Loops": 1,
                  "Workers Planned": 5,
                  "Workers Launched": 4,
                  "Single Copy": false,
                  "Plans": [
                    {
                      "Node Type": "Seq Scan",
                      "Parent Relationship": "Outer",
                      "Parallel Aware": true,
                      "Relation Name": "movie_info",
                      "Alias": "mi",
                      "Startup Cost": 0.0,
                      "Total Cost": 199095.43,
                      "Plan Rows": 77,
                      "Plan Width": 4,
                      "Actual Startup Time": 54.818,
                      "Actual Total Time": 719.383,
                      "Actual Rows": 457,
                      "Actual Loops": 5,
                      "Filter": "(info = 'Bulgaria'::text)",
                      "Rows Removed by Filter": 2966687
                    }
                  ]
                }
              ]
            }
          ]
        }
      ]
    },
    "Planning Time": 6.937,
    "Triggers": [],
    "Execution Time": 2061.825
  }
]