[
  {
    "Plan": {
      "Node Type": "Aggregate",
      "Strategy": "Plain",
      "Partial Mode": "Finalize",
      "Parallel Aware": false,
      "Startup Cost": 46290.92,
      "Total Cost": 46290.93,
      "Plan Rows": 1,
      "Plan Width": 8,
      "Actual Startup Time": 148.961,
      "Actual Total Time": 162.192,
      "Actual Rows": 1,
      "Actual Loops": 1,
      "Plans": [
        {
          "Node Type": "Gather",
          "Parent Relationship": "Outer",
          "Parallel Aware": false,
          "Startup Cost": 46290.5,
          "Total Cost": 46290.91,
          "Plan Rows": 4,
          "Plan Width": 8,
          "Actual Startup Time": 148.815,
          "Actual Total Time": 162.183,
          "Actual Rows": 5,
          "Actual Loops": 1,
          "Workers Planned": 4,
          "Workers Launched": 4,
          "Single Copy": false,
          "Plans": [
            {
              "Node Type": "Aggregate",
              "Strategy": "Plain",
              "Partial Mode": "Partial",
              "Parent Relationship": "Outer",
              "Parallel Aware": false,
              "Startup Cost": 45290.5,
              "Total Cost": 45290.51,
              "Plan Rows": 1,
              "Plan Width": 8,
              "Actual Startup Time": 139.748,
              "Actual Total Time": 139.75,
              "Actual Rows": 1,
              "Actual Loops": 5,
              "Plans": [
                {
                  "Node Type": "Seq Scan",
                  "Parent Relationship": "Outer",
                  "Parallel Aware": true,
                  "Relation Name": "title",
                  "Alias": "t",
                  "Startup Cost": 0.0,
                  "Total Cost": 43899.32,
                  "Plan Rows": 556470,
                  "Plan Width": 0,
                  "Actual Startup Time": 0.043,
                  "Actual Total Time": 112.236,
                  "Actual Rows": 442964,
                  "Actual Loops": 5,
                  "Filter": "(production_year > 1959)",
                  "Rows Removed by Filter": 62699
                }
              ]
            }
          ]
        }
      ]
    },
    "Planning Time": 0.114,
    "Triggers": [],
    "Execution Time": 162.242
  }
]