[
  {
    "Plan": {
      "Node Type": "Aggregate",
      "Strategy": "Plain",
      "Partial Mode": "Finalize",
      "Parallel Aware": false,
      "Startup Cost": 405291.82,
      "Total Cost": 405291.83,
      "Plan Rows": 1,
      "Plan Width": 8,
      "Actual Startup Time": 3822.274,
      "Actual Total Time": 3920.784,
      "Actual Rows": 1,
      "Actual Loops": 1,
      "Plans": [
        {
          "Node Type": "Gather",
          "Parent Relationship": "Outer",
          "Parallel Aware": false,
          "Startup Cost": 405291.29,
          "Total Cost": 405291.8,
          "Plan Rows": 5,
          "Plan Width": 8,
          "Actual Startup Time": 3815.898,
          "Actual Total Time": 3920.772,
          "Actual Rows": 6,
          "Actual Loops": 1,
          "Workers Planned": 5,
          "Workers Launched": 5,
          "Single Copy": false,
          "Plans": [
            {
              "Node Type": "Aggregate",
              "Strategy": "Plain",
              "Partial Mode": "Partial",
              "Parent Relationship": "Outer",
              "Parallel Aware": false,
              "Startup Cost": 404291.29,
              "Total Cost": 404291.3,
              "Plan Rows": 1,
              "Plan Width": 8,
              "Actual Startup Time": 3809.172,
              "Actual Total Time": 3809.175,
              "Actual Rows": 1,
              "Actual Loops": 6,
              "Plans": [
                {
                  "Node Type": "Nested Loop",
                  "Parent Relationship": "Outer",
                  "Parallel Aware": false,
                  "Join Type": "Inner",
                  "Startup Cost": 89607.11,
                  "Total Cost": 400657.68,
                  "Plan Rows": 1453445,
                  "Plan Width": 0,
                  "Actual Startup Time": 414.971,
                  "Actual Total Time": 3605.702,
                  "Actual Rows": 4141577,
                  "Actual Loops": 6,
                  "Inner Unique": false,
                  "Plans": [
                    {
                      "Node Type": "Merge Join",
                      "Parent Relationship": "Outer",
                      "Parallel Aware": false,
                      "Join Type": "Inner",
                      "Startup Cost": 89606.54,
                      "Total Cost": 184424.64,
                      "Plan Rows": 101372,
                      "Plan Width": 8,
                      "Actual Startup Time": 414.849,
                      "Actual Total Time": 804.15,
                      "Actual Rows": 84767,
                      "Actual Loops": 6,
                      "Inner Unique": false,
                      "Merge Cond": "(t.id = mk.movie_id)",
                      "Plans": [
                        {
                          "Node Type": "Index Only Scan",
                          "Parent Relationship": "Outer",
                          "Parallel Aware": true,
                          "Scan Direction": "Forward",
                          "Index Name": "title_pkey",
                          "Relation Name": "title",
                          "Alias": "t",
                          "Startup Cost": 0.43,
                          "Total Cost": 90125.02,
                          "Plan Rows": 505685,
                          "Plan Width": 4,
                          "Actual Startup Time": 0.122,
                          "Actual Total Time": 338.858,
                          "Actual Rows": 420996,
                          "Actual Loops": 6,
                          "Heap Fetches": 2525977
                        },
                        {
                          "Node Type": "Sort",
                          "Parent Relationship": "Inner",
                          "Parallel Aware": false,
                          "Startup Cost": 89570.69,
                          "Total Cost": 90837.84,
                          "Plan Rows": 506862,
                          "Plan Width": 4,
                          "Actual Startup Time": 369.57,
                          "Actual Total Time": 398.907,
                          "Actual Rows": 508600,
                          "Actual Loops": 6,
                          "Sort Key": [
                            "mk.movie_id"
                          ],
                          "Sort Method": "quicksort",
                          "Sort Space Used": 36129,
                          "Sort Space Type": "Memory",
                          "Workers": [
                            {
                              "Worker Number": 0,
                              "Sort Method": "quicksort",
                              "Sort Space Used": 36129,
                              "Sort Space Type": "Memory"
                            },
                            {
                              "Worker Number": 1,
                              "Sort Method": "quicksort",
                              "Sort Space Used": 36129,
                              "Sort Space Type": "Memory"
                            },
                            {
                              "Worker Number": 2,
                              "Sort Method": "quicksort",
                              "Sort Space Used": 36129,
                              "Sort Space Type": "Memory"
                            },
                            {
                              "Worker Number": 3,
                              "Sort Method": "quicksort",
                              "Sort Space Used": 36129,
                              "Sort Space Type": "Memory"
                            },
                            {
                              "Worker Number": 4,
                              "Sort Method": "quicksort",
                              "Sort Space Used": 36129,
                              "Sort Space Type": "Memory"
                            }
                          ],
                          "Plans": [
                            {
                              "Node Type": "Bitmap Heap Scan",
                              "Parent Relationship": "Outer",
                              "Parallel Aware": false,
                              "Relation Name": "movie_keyword",
                              "Alias": "mk",
                              "Startup Cost": 10752.61,
                              "Total Cost": 41542.39,
                              "Plan Rows": 506862,
                              "Plan Width": 4,
                              "Actual Startup Time": 55.628,
                              "Actual Total Time": 218.134,
                              "Actual Rows": 508600,
                              "Actual Loops": 6,
                              "Recheck Cond": "(keyword_id > 35699)",
                              "Rows Removed by Index Recheck": 0,
                              "Exact Heap Blocks": 23019,
                              "Lossy Heap Blocks": 0,
                              "Plans": [
                                {
                                  "Node Type": "Bitmap Index Scan",
                                  "Parent Relationship": "Outer",
                                  "Parallel Aware": false,
                                  "Index Name": "keyword_id_movie_keyword",
                                  "Startup Cost": 0.0,
                                  "Total Cost": 10625.9,
                                  "Plan Rows": 506862,
                                  "Plan Width": 0,
                                  "Actual Startup Time": 51.346,
                                  "Actual Total Time": 51.346,
                                  "Actual Rows": 508600,
                                  "Actual Loops": 6,
                                  "Index Cond": "(keyword_id > 35699)"
                                }
                              ]
                            }
                          ]
                        }
                      ]
                    },
                    {
                      "Node Type": "Index Only Scan",
                      "Parent Relationship": "Inner",
                      "Parallel Aware": false,
                      "Scan Direction": "Forward",
                      "Index Name": "movie_id_cast_info",
                      "Relation Name": "cast_info",
                      "Alias": "ci",
                      "Startup Cost": 0.56,
                      "Total Cost": 1.78,
                      "Plan Rows": 35,
                      "Plan Width": 4,
                      "Actual Startup Time": 0.004,
                      "Actual Total Time": 0.029,
                      "Actual Rows": 49,
                      "Actual Loops": 508600,
                      "Index Cond": "(movie_id = t.id)",
                      "Rows Removed by Index Recheck": 0,
                      "Heap Fetches": 24849462
                    }
                  ]
                }
              ]
            }
          ]
        }
      ]
    },
    "Planning Time": 0.985,
    "Triggers": [],
    "Execution Time": 3928.426
  }
]