[
    {
        "Bao": {
            "Bao prediction": "NaN",
            "Bao recommended hint": "(no hint)"
        }
    },
    {
        "Plan": {
            "Node Type": "Aggregate",
            "Strategy": "Plain",
            "Partial Mode": "Finalize",
            "Parallel Aware": false,
            "Startup Cost": 32876.85,
            "Total Cost": 32876.86,
            "Plan Rows": 1,
            "Plan Width": 8,
            "Actual Startup Time": 92.179,
            "Actual Total Time": 97.137,
            "Actual Rows": 1,
            "Actual Loops": 1,
            "Output": [
                "count(*)"
            ],
            "Plans": [
                {
                    "Node Type": "Gather",
                    "Parent Relationship": "Outer",
                    "Parallel Aware": false,
                    "Startup Cost": 32876.54,
                    "Total Cost": 32876.85,
                    "Plan Rows": 3,
                    "Plan Width": 8,
                    "Actual Startup Time": 92.039,
                    "Actual Total Time": 97.129,
                    "Actual Rows": 4,
                    "Actual Loops": 1,
                    "Output": [
                        "(PARTIAL count(*))"
                    ],
                    "Workers Planned": 3,
                    "Workers Launched": 3,
                    "Single Copy": false,
                    "Plans": [
                        {
                            "Node Type": "Aggregate",
                            "Strategy": "Plain",
                            "Partial Mode": "Partial",
                            "Parent Relationship": "Outer",
                            "Parallel Aware": false,
                            "Startup Cost": 31876.54,
                            "Total Cost": 31876.55,
                            "Plan Rows": 1,
                            "Plan Width": 8,
                            "Actual Startup Time": 83.792,
                            "Actual Total Time": 83.794,
                            "Actual Rows": 1,
                            "Actual Loops": 4,
                            "Output": [
                                "PARTIAL count(*)"
                            ],
                            "Workers": [
                                {
                                    "Worker Number": 0,
                                    "Actual Startup Time": 81.012,
                                    "Actual Total Time": 81.014,
                                    "Actual Rows": 1,
                                    "Actual Loops": 1
                                },
                                {
                                    "Worker Number": 1,
                                    "Actual Startup Time": 81.083,
                                    "Actual Total Time": 81.084,
                                    "Actual Rows": 1,
                                    "Actual Loops": 1
                                },
                                {
                                    "Worker Number": 2,
                                    "Actual Startup Time": 81.471,
                                    "Actual Total Time": 81.472,
                                    "Actual Rows": 1,
                                    "Actual Loops": 1
                                }
                            ],
                            "Plans": [
                                {
                                    "Node Type": "Seq Scan",
                                    "Parent Relationship": "Outer",
                                    "Parallel Aware": true,
                                    "Relation Name": "movie_companies",
                                    "Schema": "public",
                                    "Alias": "mc",
                                    "Startup Cost": 0.0,
                                    "Total Cost": 31414.82,
                                    "Plan Rows": 184687,
                                    "Plan Width": 0,
                                    "Actual Startup Time": 47.989,
                                    "Actual Total Time": 79.543,
                                    "Actual Rows": 90542,
                                    "Actual Loops": 4,
                                    "Output": [
                                        "id",
                                        "movie_id",
                                        "company_id",
                                        "company_type_id",
                                        "note"
                                    ],
                                    "Filter": "((mc.company_id < 7943) AND (mc.company_type_id = 2))",
                                    "Rows Removed by Filter": 561740,
                                    "Workers": [
                                        {
                                            "Worker Number": 0,
                                            "Actual Startup Time": 45.22,
                                            "Actual Total Time": 76.915,
                                            "Actual Rows": 93624,
                                            "Actual Loops": 1
                                        },
                                        {
                                            "Worker Number": 1,
                                            "Actual Startup Time": 45.264,
                                            "Actual Total Time": 76.953,
                                            "Actual Rows": 60220,
                                            "Actual Loops": 1
                                        },
                                        {
                                            "Worker Number": 2,
                                            "Actual Startup Time": 45.672,
                                            "Actual Total Time": 77.433,
                                            "Actual Rows": 96540,
                                            "Actual Loops": 1
                                        }
                                    ]
                                }
                            ]
                        }
                    ]
                }
            ]
        },
        "Planning Time": 181.828,
        "Triggers": [],
        "Execution Time": 97.207
    }
]