{
  "Plan": {
    "Node Type": "Aggregate",
    "Strategy": "Plain",
    "Partial Mode": "Finalize",
    "Parallel Aware": false,
    "Startup Cost": 690517.11,
    "Total Cost": 690517.12,
    "Plan Rows": 1,
    "Plan Width": 8,
    "Actual Startup Time": 3599.802,
    "Actual Total Time": 3671.327,
    "Actual Rows": 1,
    "Actual Loops": 1,
    "Plans": [
      {
        "Node Type": "Gather",
        "Parent Relationship": "Outer",
        "Parallel Aware": false,
        "Startup Cost": 690517.0,
        "Total Cost": 690517.11,
        "Plan Rows": 1,
        "Plan Width": 8,
        "Actual Startup Time": 3598.104,
        "Actual Total Time": 3671.32,
        "Actual Rows": 2,
        "Actual Loops": 1,
        "Workers Planned": 1,
        "Workers Launched": 1,
        "Single Copy": false,
        "Plans": [
          {
            "Node Type": "Aggregate",
            "Strategy": "Plain",
            "Partial Mode": "Partial",
            "Parent Relationship": "Outer",
            "Parallel Aware": false,
            "Startup Cost": 689517.0,
            "Total Cost": 689517.01,
            "Plan Rows": 1,
            "Plan Width": 8,
            "Actual Startup Time": 3591.704,
            "Actual Total Time": 3591.71,
            "Actual Rows": 1,
            "Actual Loops": 2,
            "Plans": [
              {
                "Node Type": "Hash Join",
                "Parent Relationship": "Outer",
                "Parallel Aware": true,
                "Join Type": "Inner",
                "Startup Cost": 114899.42,
                "Total Cost": 680894.75,
                "Plan Rows": 3448899,
                "Plan Width": 0,
                "Actual Startup Time": 473.58,
                "Actual Total Time": 3561.363,
                "Actual Rows": 698126,
                "Actual Loops": 2,
                "Inner Unique": false,
                "Hash Cond": "(ci.movie_id = t.id)",
                "Plans": [
                  {
                    "Node Type": "Seq Scan",
                    "Parent Relationship": "Outer",
                    "Parallel Aware": true,
                    "Relation Name": "cast_info",
                    "Alias": "ci",
                    "Startup Cost": 0.0,
                    "Total Cost": 465792.95,
                    "Plan Rows": 21310595,
                    "Plan Width": 4,
                    "Actual Startup Time": 0.016,
                    "Actual Total Time": 1332.238,
                    "Actual Rows": 18122172,
                    "Actual Loops": 2
                  },
                  {
                    "Node Type": "Hash",
                    "Parent Relationship": "Inner",
                    "Parallel Aware": true,
                    "Startup Cost": 111890.76,
                    "Total Cost": 111890.76,
                    "Plan Rows": 240693,
                    "Plan Width": 8,
                    "Actual Startup Time": 468.301,
                    "Actual Total Time": 468.305,
                    "Actual Rows": 39982,
                    "Actual Loops": 2,
                    "Hash Buckets": 524288,
                    "Original Hash Buckets": 524288,
                    "Hash Batches": 1,
                    "Original Hash Batches": 1,
                    "Peak Memory Usage": 7264,
                    "Plans": [
                      {
                        "Node Type": "Hash Join",
                        "Parent Relationship": "Outer",
                        "Parallel Aware": true,
                        "Join Type": "Inner",
                        "Startup Cost": 46567.12,
                        "Total Cost": 111890.76,
                        "Plan Rows": 240693,
                        "Plan Width": 8,
                        "Actual Startup Time": 354.593,
                        "Actual Total Time": 458.048,
                        "Actual Rows": 39982,
                        "Actual Loops": 2,
                        "Inner Unique": false,
                        "Hash Cond": "(t.id = mc.movie_id)",
                        "Plans": [
                          {
                            "Node Type": "Seq Scan",
                            "Parent Relationship": "Outer",
                            "Parallel Aware": true,
                            "Relation Name": "title",
                            "Alias": "t",
                            "Startup Cost": 0.0,
                            "Total Cost": 58306.47,
                            "Plan Rows": 896214,
                            "Plan Width": 4,
                            "Actual Startup Time": 0.013,
                            "Actual Total Time": 151.045,
                            "Actual Rows": 753616,
                            "Actual Loops": 2,
                            "Filter": "((kind_id > 1) AND (production_year < 2011))",
                            "Rows Removed by Filter": 510540
                          },
                          {
                            "Node Type": "Hash",
                            "Parent Relationship": "Inner",
                            "Parallel Aware": true,
                            "Startup Cost": 41574.35,
                            "Total Cost": 41574.35,
                            "Plan Rows": 399421,
                            "Plan Width": 4,
                            "Actual Startup Time": 171.713,
                            "Actual Total Time": 171.714,
                            "Actual Rows": 227184,
                            "Actual Loops": 2,
                            "Hash Buckets": 1048576,
                            "Original Hash Buckets": 1048576,
                            "Hash Batches": 1,
                            "Original Hash Batches": 1,
                            "Peak Memory Usage": 26016,
                            "Plans": [
                              {
                                "Node Type": "Index Scan",
                                "Parent Relationship": "Outer",
                                "Parallel Aware": true,
                                "Scan Direction": "Forward",
                                "Index Name": "company_type_id_movie_companies",
                                "Relation Name": "movie_companies",
                                "Alias": "mc",
                                "Startup Cost": 0.43,
                                "Total Cost": 41574.35,
                                "Plan Rows": 399421,
                                "Plan Width": 4,
                                "Actual Startup Time": 42.277,
                                "Actual Total Time": 118.758,
                                "Actual Rows": 227184,
                                "Actual Loops": 2,
                                "Index Cond": "(company_type_id = 1)",
                                "Rows Removed by Index Recheck": 0,
                                "Filter": "(company_id > 11137)",
                                "Rows Removed by Filter": 409939
                              }
                            ]
                          }
                        ]
                      }
                    ]
                  }
                ]
              }
            ]
          }
        ]
      }
    ]
  },
  "Planning Time": 1.211,
  "Triggers": [],
  "Execution Time": 3671.438
}