[
  {
    "Plan": {
      "Node Type": "Aggregate",
      "Strategy": "Plain",
      "Partial Mode": "Finalize",
      "Parallel Aware": false,
      "Startup Cost": 176340.9,
      "Total Cost": 176340.91,
      "Plan Rows": 1,
      "Plan Width": 8,
      "Actual Startup Time": 659.435,
      "Actual Total Time": 707.65,
      "Actual Rows": 1,
      "Actual Loops": 1,
      "Plans": [
        {
          "Node Type": "Gather",
          "Parent Relationship": "Outer",
          "Parallel Aware": false,
          "Startup Cost": 176340.38,
          "Total Cost": 176340.89,
          "Plan Rows": 5,
          "Plan Width": 8,
          "Actual Startup Time": 658.909,
          "Actual Total Time": 707.639,
          "Actual Rows": 6,
          "Actual Loops": 1,
          "Workers Planned": 5,
          "Workers Launched": 5,
          "Single Copy": false,
          "Plans": [
            {
              "Node Type": "Aggregate",
              "Strategy": "Plain",
              "Partial Mode": "Partial",
              "Parent Relationship": "Outer",
              "Parallel Aware": false,
              "Startup Cost": 175340.38,
              "Total Cost": 175340.39,
              "Plan Rows": 1,
              "Plan Width": 8,
              "Actual Startup Time": 649.731,
              "Actual Total Time": 649.733,
              "Actual Rows": 1,
              "Actual Loops": 6,
              "Plans": [
                {
                  "Node Type": "Nested Loop",
                  "Parent Relationship": "Outer",
                  "Parallel Aware": false,
                  "Join Type": "Inner",
                  "Startup Cost": 21467.94,
                  "Total Cost": 174948.24,
                  "Plan Rows": 156856,
                  "Plan Width": 0,
                  "Actual Startup Time": 84.791,
                  "Actual Total Time": 640.082,
                  "Actual Rows": 179151,
                  "Actual Loops": 6,
                  "Inner Unique": false,
                  "Plans": [
                    {
                      "Node Type": "Merge Join",
                      "Parent Relationship": "Outer",
                      "Parallel Aware": false,
                      "Join Type": "Inner",
                      "Startup Cost": 21467.5,
                      "Total Cost": 113872.31,
                      "Plan Rows": 31369,
                      "Plan Width": 8,
                      "Actual Startup Time": 84.725,
                      "Actual Total Time": 435.848,
                      "Actual Rows": 11640,
                      "Actual Loops": 6,
                      "Inner Unique": false,
                      "Merge Cond": "(t.id = ci.movie_id)",
                      "Plans": [
                        {
                          "Node Type": "Index Only Scan",
                          "Parent Relationship": "Outer",
                          "Parallel Aware": true,
                          "Scan Direction": "Forward",
                          "Index Name": "title_pkey",
                          "Relation Name": "title",
                          "Alias": "t",
                          "Startup Cost": 0.43,
                          "Total Cost": 90125.02,
                          "Plan Rows": 505685,
                          "Plan Width": 4,
                          "Actual Startup Time": 0.105,
                          "Actual Total Time": 311.38,
                          "Actual Rows": 420963,
                          "Actual Loops": 6,
                          "Heap Fetches": 2525779
                        },
                        {
                          "Node Type": "Sort",
                          "Parent Relationship": "Inner",
                          "Parallel Aware": false,
                          "Startup Cost": 21467.03,
                          "Total Cost": 21859.14,
                          "Plan Rows": 156845,
                          "Plan Width": 4,
                          "Actual Startup Time": 84.12,
                          "Actual Total Time": 93.664,
                          "Actual Rows": 69841,
                          "Actual Loops": 6,
                          "Sort Key": [
                            "ci.movie_id"
                          ],
                          "Sort Method": "quicksort",
                          "Sort Space Used": 6346,
                          "Sort Space Type": "Memory",
                          "Workers": [
                            {
                              "Worker Number": 0,
                              "Sort Method": "quicksort",
                              "Sort Space Used": 6346,
                              "Sort Space Type": "Memory"
                            },
                            {
                              "Worker Number": 1,
                              "Sort Method": "quicksort",
                              "Sort Space Used": 6346,
                              "Sort Space Type": "Memory"
                            },
                            {
                              "Worker Number": 2,
                              "Sort Method": "quicksort",
                              "Sort Space Used": 6346,
                              "Sort Space Type": "Memory"
                            },
                            {
                              "Worker Number": 3,
                              "Sort Method": "quicksort",
                              "Sort Space Used": 6346,
                              "Sort Space Type": "Memory"
                            },
                            {
                              "Worker Number": 4,
                              "Sort Method": "quicksort",
                              "Sort Space Used": 6346,
                              "Sort Space Type": "Memory"
                            }
                          ],
                          "Plans": [
                            {
                              "Node Type": "Index Scan",
                              "Parent Relationship": "Outer",
                              "Parallel Aware": false,
                              "Scan Direction": "Forward",
                              "Index Name": "role_id_cast_info",
                              "Relation Name": "cast_info",
                              "Alias": "ci",
                              "Startup Cost": 0.56,
                              "Total Cost": 7932.1,
                              "Plan Rows": 156845,
                              "Plan Width": 4,
                              "Actual Startup Time": 0.191,
                              "Actual Total Time": 63.743,
                              "Actual Rows": 69841,
                              "Actual Loops": 6,
                              "Index Cond": "(role_id = 7)",
                              "Rows Removed by Index Recheck": 0,
                              "Filter": "(person_id < 2762216)",
                              "Rows Removed by Filter": 206562
                            }
                          ]
                        }
                      ]
                    },
                    {
                      "Node Type": "Index Scan",
                      "Parent Relationship": "Inner",
                      "Parallel Aware": false,
                      "Scan Direction": "Forward",
                      "Index Name": "movie_id_movie_info",
                      "Relation Name": "movie_info",
                      "Alias": "mi",
                      "Startup Cost": 0.43,
                      "Total Cost": 1.6,
                      "Plan Rows": 35,
                      "Plan Width": 4,
                      "Actual Startup Time": 0.005,
                      "Actual Total Time": 0.016,
                      "Actual Rows": 15,
                      "Actual Loops": 69841,
                      "Index Cond": "(movie_id = t.id)",
                      "Rows Removed by Index Recheck": 0,
                      "Filter": "(info_type_id < 17)",
                      "Rows Removed by Filter": 7
                    }
                  ]
                }
              ]
            }
          ]
        }
      ]
    },
    "Planning Time": 1.469,
    "Triggers": [],
    "Execution Time": 707.772
  }
]