{
  "Plan": {
    "Node Type": "Aggregate",
    "Strategy": "Plain",
    "Partial Mode": "Finalize",
    "Parallel Aware": false,
    "Startup Cost": 436344.35,
    "Total Cost": 436344.36,
    "Plan Rows": 1,
    "Plan Width": 8,
    "Actual Startup Time": 5361.824,
    "Actual Total Time": 5416.595,
    "Actual Rows": 1,
    "Actual Loops": 1,
    "Plans": [
      {
        "Node Type": "Gather",
        "Parent Relationship": "Outer",
        "Parallel Aware": false,
        "Startup Cost": 436344.24,
        "Total Cost": 436344.35,
        "Plan Rows": 1,
        "Plan Width": 8,
        "Actual Startup Time": 5354.695,
        "Actual Total Time": 5416.583,
        "Actual Rows": 2,
        "Actual Loops": 1,
        "Workers Planned": 1,
        "Workers Launched": 1,
        "Single Copy": false,
        "Plans": [
          {
            "Node Type": "Aggregate",
            "Strategy": "Plain",
            "Partial Mode": "Partial",
            "Parent Relationship": "Outer",
            "Parallel Aware": false,
            "Startup Cost": 435344.24,
            "Total Cost": 435344.25,
            "Plan Rows": 1,
            "Plan Width": 8,
            "Actual Startup Time": 5348.791,
            "Actual Total Time": 5349.11,
            "Actual Rows": 1,
            "Actual Loops": 2,
            "Plans": [
              {
                "Node Type": "Hash Join",
                "Parent Relationship": "Outer",
                "Parallel Aware": true,
                "Join Type": "Inner",
                "Startup Cost": 127742.78,
                "Total Cost": 427579.51,
                "Plan Rows": 3105892,
                "Plan Width": 0,
                "Actual Startup Time": 895.166,
                "Actual Total Time": 4335.178,
                "Actual Rows": 24796096,
                "Actual Loops": 2,
                "Inner Unique": false,
                "Hash Cond": "(mi.movie_id = t.id)",
                "Plans": [
                  {
                    "Node Type": "Seq Scan",
                    "Parent Relationship": "Outer",
                    "Parallel Aware": true,
                    "Relation Name": "movie_info",
                    "Alias": "mi",
                    "Startup Cost": 0.0,
                    "Total Cost": 248955.74,
                    "Plan Rows": 8696274,
                    "Plan Width": 4,
                    "Actual Startup Time": 0.017,
                    "Actual Total Time": 626.334,
                    "Actual Rows": 7417860,
                    "Actual Loops": 2
                  },
                  {
                    "Node Type": "Hash",
                    "Parent Relationship": "Inner",
                    "Parallel Aware": true,
                    "Startup Cost": 121103.18,
                    "Total Cost": 121103.18,
                    "Plan Rows": 531168,
                    "Plan Width": 8,
                    "Actual Startup Time": 884.746,
                    "Actual Total Time": 885.064,
                    "Actual Rows": 447528,
                    "Actual Loops": 2,
                    "Hash Buckets": 1048576,
                    "Original Hash Buckets": 1048576,
                    "Hash Batches": 1,
                    "Original Hash Batches": 1,
                    "Peak Memory Usage": 43232,
                    "Plans": [
                      {
                        "Node Type": "Hash Join",
                        "Parent Relationship": "Outer",
                        "Parallel Aware": true,
                        "Join Type": "Inner",
                        "Startup Cost": 88615.27,
                        "Total Cost": 121103.18,
                        "Plan Rows": 531168,
                        "Plan Width": 8,
                        "Actual Startup Time": 592.856,
                        "Actual Total Time": 793.615,
                        "Actual Rows": 447528,
                        "Actual Loops": 2,
                        "Inner Unique": true,
                        "Hash Cond": "(mk.movie_id = t.id)",
                        "Plans": [
                          {
                            "Node Type": "Bitmap Heap Scan",
                            "Parent Relationship": "Outer",
                            "Parallel Aware": true,
                            "Relation Name": "movie_keyword",
                            "Alias": "mk",
                            "Startup Cost": 19154.57,
                            "Total Cost": 50248.16,
                            "Plan Rows": 531168,
                            "Plan Width": 4,
                            "Actual Startup Time": 60.645,
                            "Actual Total Time": 148.143,
                            "Actual Rows": 447528,
                            "Actual Loops": 2,
                            "Recheck Cond": "(keyword_id > 20603)",
                            "Rows Removed by Index Recheck": 0,
                            "Exact Heap Blocks": 11916,
                            "Lossy Heap Blocks": 0,
                            "Plans": [
                              {
                                "Node Type": "Bitmap Index Scan",
                                "Parent Relationship": "Outer",
                                "Parallel Aware": false,
                                "Index Name": "keyword_id_movie_keyword",
                                "Startup Cost": 0.0,
                                "Total Cost": 18928.82,
                                "Plan Rows": 902985,
                                "Plan Width": 0,
                                "Actual Startup Time": 57.044,
                                "Actual Total Time": 57.044,
                                "Actual Rows": 895055,
                                "Actual Loops": 1,
                                "Index Cond": "(keyword_id > 20603)"
                              }
                            ]
                          },
                          {
                            "Node Type": "Hash",
                            "Parent Relationship": "Inner",
                            "Parallel Aware": true,
                            "Startup Cost": 50870.31,
                            "Total Cost": 50870.31,
                            "Plan Rows": 1487231,
                            "Plan Width": 4,
                            "Actual Startup Time": 516.711,
                            "Actual Total Time": 516.712,
                            "Actual Rows": 1264156,
                            "Actual Loops": 2,
                            "Hash Buckets": 4194304,
                            "Original Hash Buckets": 4194304,
                            "Hash Batches": 1,
                            "Original Hash Batches": 1,
                            "Peak Memory Usage": 131712,
                            "Plans": [
                              {
                                "Node Type": "Seq Scan",
                                "Parent Relationship": "Outer",
                                "Parallel Aware": true,
                                "Relation Name": "title",
                                "Alias": "t",
                                "Startup Cost": 0.0,
                                "Total Cost": 50870.31,
                                "Plan Rows": 1487231,
                                "Plan Width": 4,
                                "Actual Startup Time": 0.033,
                                "Actual Total Time": 152.681,
                                "Actual Rows": 1264156,
                                "Actual Loops": 2
                              }
                            ]
                          }
                        ]
                      }
                    ]
                  }
                ]
              }
            ]
          }
        ]
      }
    ]
  },
  "Planning Time": 0.825,
  "Triggers": [],
  "Execution Time": 5416.705
}