[
  {
    "Plan": {
      "Node Type": "Aggregate",
      "Strategy": "Plain",
      "Partial Mode": "Finalize",
      "Parallel Aware": false,
      "Startup Cost": 112153.08,
      "Total Cost": 112153.09,
      "Plan Rows": 1,
      "Plan Width": 8,
      "Actual Startup Time": 424.446,
      "Actual Total Time": 478.721,
      "Actual Rows": 1,
      "Actual Loops": 1,
      "Plans": [
        {
          "Node Type": "Gather",
          "Parent Relationship": "Outer",
          "Parallel Aware": false,
          "Startup Cost": 112152.76,
          "Total Cost": 112153.07,
          "Plan Rows": 3,
          "Plan Width": 8,
          "Actual Startup Time": 423.665,
          "Actual Total Time": 478.706,
          "Actual Rows": 4,
          "Actual Loops": 1,
          "Workers Planned": 3,
          "Workers Launched": 3,
          "Single Copy": false,
          "Plans": [
            {
              "Node Type": "Aggregate",
              "Strategy": "Plain",
              "Partial Mode": "Partial",
              "Parent Relationship": "Outer",
              "Parallel Aware": false,
              "Startup Cost": 111152.76,
              "Total Cost": 111152.77,
              "Plan Rows": 1,
              "Plan Width": 8,
              "Actual Startup Time": 414.63,
              "Actual Total Time": 414.634,
              "Actual Rows": 1,
              "Actual Loops": 4,
              "Plans": [
                {
                  "Node Type": "Nested Loop",
                  "Parent Relationship": "Outer",
                  "Parallel Aware": false,
                  "Join Type": "Inner",
                  "Startup Cost": 56576.49,
                  "Total Cost": 110942.76,
                  "Plan Rows": 84000,
                  "Plan Width": 0,
                  "Actual Startup Time": 131.607,
                  "Actual Total Time": 407.139,
                  "Actual Rows": 133050,
                  "Actual Loops": 4,
                  "Inner Unique": false,
                  "Join Filter": "(t.id = ci.movie_id)",
                  "Rows Removed by Join Filter": 0,
                  "Plans": [
                    {
                      "Node Type": "Hash Join",
                      "Parent Relationship": "Outer",
                      "Parallel Aware": true,
                      "Join Type": "Inner",
                      "Startup Cost": 56575.93,
                      "Total Cost": 83517.12,
                      "Plan Rows": 5862,
                      "Plan Width": 8,
                      "Actual Startup Time": 131.489,
                      "Actual Total Time": 194.269,
                      "Actual Rows": 3069,
                      "Actual Loops": 4,
                      "Inner Unique": true,
                      "Hash Cond": "(mk.movie_id = t.id)",
                      "Plans": [
                        {
                          "Node Type": "Bitmap Heap Scan",
                          "Parent Relationship": "Outer",
                          "Parallel Aware": true,
                          "Relation Name": "movie_keyword",
                          "Alias": "mk",
                          "Startup Cost": 10815.17,
                          "Total Cost": 37324.7,
                          "Plan Rows": 164443,
                          "Plan Width": 4,
                          "Actual Startup Time": 29.943,
                          "Actual Total Time": 70.748,
                          "Actual Rows": 130220,
                          "Actual Loops": 4,
                          "Recheck Cond": "(keyword_id < 382)",
                          "Rows Removed by Index Recheck": 0,
                          "Exact Heap Blocks": 11026,
                          "Lossy Heap Blocks": 0,
                          "Plans": [
                            {
                              "Node Type": "Bitmap Index Scan",
                              "Parent Relationship": "Outer",
                              "Parallel Aware": false,
                              "Index Name": "keyword_id_movie_keyword",
                              "Startup Cost": 0.0,
                              "Total Cost": 10687.72,
                              "Plan Rows": 509772,
                              "Plan Width": 0,
                              "Actual Startup Time": 26.279,
                              "Actual Total Time": 26.279,
                              "Actual Rows": 520878,
                              "Actual Loops": 1,
                              "Index Cond": "(keyword_id < 382)"
                            }
                          ]
                        },
                        {
                          "Node Type": "Hash",
                          "Parent Relationship": "Inner",
                          "Parallel Aware": true,
                          "Startup Cost": 45479.1,
                          "Total Cost": 45479.1,
                          "Plan Rows": 22533,
                          "Plan Width": 4,
                          "Actual Startup Time": 99.628,
                          "Actual Total Time": 99.629,
                          "Actual Rows": 20248,
                          "Actual Loops": 4,
                          "Hash Buckets": 131072,
                          "Original Hash Buckets": 131072,
                          "Hash Batches": 1,
                          "Original Hash Batches": 1,
                          "Peak Memory Usage": 4256,
                          "Plans": [
                            {
                              "Node Type": "Seq Scan",
                              "Parent Relationship": "Outer",
                              "Parallel Aware": true,
                              "Relation Name": "title",
                              "Alias": "t",
                              "Startup Cost": 0.0,
                              "Total Cost": 45479.1,
                              "Plan Rows": 22533,
                              "Plan Width": 4,
                              "Actual Startup Time": 0.114,
                              "Actual Total Time": 92.087,
                              "Actual Rows": 20248,
                              "Actual Loops": 4,
                              "Filter": "((kind_id < 7) AND (production_year > 2011))",
                              "Rows Removed by Filter": 611830
                            }
                          ]
                        }
                      ]
                    },
                    {
                      "Node Type": "Index Only Scan",
                      "Parent Relationship": "Inner",
                      "Parallel Aware": false,
                      "Scan Direction": "Forward",
                      "Index Name": "movie_id_cast_info",
                      "Relation Name": "cast_info",
                      "Alias": "ci",
                      "Startup Cost": 0.56,
                      "Total Cost": 4.22,
                      "Plan Rows": 37,
                      "Plan Width": 4,
                      "Actual Startup Time": 0.009,
                      "Actual Total Time": 0.065,
                      "Actual Rows": 43,
                      "Actual Loops": 12277,
                      "Index Cond": "(movie_id = mk.movie_id)",
                      "Rows Removed by Index Recheck": 0,
                      "Heap Fetches": 532200
                    }
                  ]
                }
              ]
            }
          ]
        }
      ]
    },
    "Planning Time": 1.403,
    "Triggers": [],
    "Execution Time": 478.842
  }
]