[
  {
    "Plan": {
      "Node Type": "Aggregate",
      "Strategy": "Plain",
      "Partial Mode": "Finalize",
      "Parallel Aware": false,
      "Startup Cost": 84123.81,
      "Total Cost": 84123.82,
      "Plan Rows": 1,
      "Plan Width": 8,
      "Actual Startup Time": 234.307,
      "Actual Total Time": 249.975,
      "Actual Rows": 1,
      "Actual Loops": 1,
      "Plans": [
        {
          "Node Type": "Gather",
          "Parent Relationship": "Outer",
          "Parallel Aware": false,
          "Startup Cost": 84123.49,
          "Total Cost": 84123.8,
          "Plan Rows": 3,
          "Plan Width": 8,
          "Actual Startup Time": 233.982,
          "Actual Total Time": 249.966,
          "Actual Rows": 4,
          "Actual Loops": 1,
          "Workers Planned": 3,
          "Workers Launched": 3,
          "Single Copy": false,
          "Plans": [
            {
              "Node Type": "Aggregate",
              "Strategy": "Plain",
              "Partial Mode": "Partial",
              "Parent Relationship": "Outer",
              "Parallel Aware": false,
              "Startup Cost": 83123.49,
              "Total Cost": 83123.5,
              "Plan Rows": 1,
              "Plan Width": 8,
              "Actual Startup Time": 224.807,
              "Actual Total Time": 224.811,
              "Actual Rows": 1,
              "Actual Loops": 4,
              "Plans": [
                {
                  "Node Type": "Nested Loop",
                  "Parent Relationship": "Outer",
                  "Parallel Aware": false,
                  "Join Type": "Inner",
                  "Startup Cost": 45577.03,
                  "Total Cost": 83113.2,
                  "Plan Rows": 4116,
                  "Plan Width": 0,
                  "Actual Startup Time": 161.698,
                  "Actual Total Time": 224.743,
                  "Actual Rows": 1005,
                  "Actual Loops": 4,
                  "Inner Unique": false,
                  "Join Filter": "(t.id = mk.movie_id)",
                  "Rows Removed by Join Filter": 0,
                  "Plans": [
                    {
                      "Node Type": "Hash Join",
                      "Parent Relationship": "Outer",
                      "Parallel Aware": true,
                      "Join Type": "Inner",
                      "Startup Cost": 45576.6,
                      "Total Cost": 77555.89,
                      "Plan Rows": 2654,
                      "Plan Width": 8,
                      "Actual Startup Time": 161.556,
                      "Actual Total Time": 221.472,
                      "Actual Rows": 778,
                      "Actual Loops": 4,
                      "Inner Unique": true,
                      "Hash Cond": "(mc.movie_id = t.id)",
                      "Plans": [
                        {
                          "Node Type": "Seq Scan",
                          "Parent Relationship": "Outer",
                          "Parallel Aware": true,
                          "Relation Name": "movie_companies",
                          "Alias": "mc",
                          "Startup Cost": 0.0,
                          "Total Cost": 31414.82,
                          "Plan Rows": 215038,
                          "Plan Width": 4,
                          "Actual Startup Time": 37.348,
                          "Actual Total Time": 74.974,
                          "Actual Rows": 228004,
                          "Actual Loops": 4,
                          "Filter": "((company_id > 11245) AND (company_type_id = 2))",
                          "Rows Removed by Filter": 424278
                        },
                        {
                          "Node Type": "Hash",
                          "Parent Relationship": "Inner",
                          "Parallel Aware": true,
                          "Startup Cost": 45479.1,
                          "Total Cost": 45479.1,
                          "Plan Rows": 7800,
                          "Plan Width": 4,
                          "Actual Startup Time": 122.17,
                          "Actual Total Time": 122.171,
                          "Actual Rows": 8914,
                          "Actual Loops": 4,
                          "Hash Buckets": 65536,
                          "Original Hash Buckets": 32768,
                          "Hash Batches": 1,
                          "Original Hash Batches": 1,
                          "Peak Memory Usage": 2240,
                          "Plans": [
                            {
                              "Node Type": "Seq Scan",
                              "Parent Relationship": "Outer",
                              "Parallel Aware": true,
                              "Relation Name": "title",
                              "Alias": "t",
                              "Startup Cost": 0.0,
                              "Total Cost": 45479.1,
                              "Plan Rows": 7800,
                              "Plan Width": 4,
                              "Actual Startup Time": 0.06,
                              "Actual Total Time": 92.821,
                              "Actual Rows": 8914,
                              "Actual Loops": 4,
                              "Filter": "((kind_id = 7) AND (production_year = 2000))",
                              "Rows Removed by Filter": 623164
                            }
                          ]
                        }
                      ]
                    },
                    {
                      "Node Type": "Index Scan",
                      "Parent Relationship": "Inner",
                      "Parallel Aware": false,
                      "Scan Direction": "Forward",
                      "Index Name": "movie_id_movie_keyword",
                      "Relation Name": "movie_keyword",
                      "Alias": "mk",
                      "Startup Cost": 0.43,
                      "Total Cost": 1.61,
                      "Plan Rows": 39,
                      "Plan Width": 4,
                      "Actual Startup Time": 0.004,
                      "Actual Total Time": 0.004,
                      "Actual Rows": 1,
                      "Actual Loops": 3112,
                      "Index Cond": "(movie_id = mc.movie_id)",
                      "Rows Removed by Index Recheck": 0,
                      "Filter": "(keyword_id < 31112)",
                      "Rows Removed by Filter": 0
                    }
                  ]
                }
              ]
            }
          ]
        }
      ]
    },
    "Planning Time": 1.56,
    "Triggers": [],
    "Execution Time": 250.063
  }
]