[
  {
    "Plan": {
      "Node Type": "Aggregate",
      "Strategy": "Plain",
      "Partial Mode": "Simple",
      "Parallel Aware": false,
      "Startup Cost": 3781.79,
      "Total Cost": 3781.8,
      "Plan Rows": 1,
      "Plan Width": 96,
      "Actual Startup Time": 156.498,
      "Actual Total Time": 156.508,
      "Actual Rows": 1,
      "Actual Loops": 1,
      "Output": [
        "min(cn.name)",
        "min((lt.link)::text)",
        "min(t.title)"
      ],
      "Plans": [
        {
          "Node Type": "Nested Loop",
          "Parent Relationship": "Outer",
          "Parallel Aware": false,
          "Join Type": "Inner",
          "Startup Cost": 12.81,
          "Total Cost": 3781.79,
          "Plan Rows": 1,
          "Plan Width": 48,
          "Actual Startup Time": 18.412,
          "Actual Total Time": 156.252,
          "Actual Rows": 439,
          "Actual Loops": 1,
          "Output": [
            "cn.name",
            "lt.link",
            "t.title"
          ],
          "Inner Unique": false,
          "Join Filter": "(ml.movie_id = mi.movie_id)",
          "Rows Removed by Join Filter": 0,
          "Plans": [
            {
              "Node Type": "Nested Loop",
              "Parent Relationship": "Outer",
              "Parallel Aware": false,
              "Join Type": "Inner",
              "Startup Cost": 12.37,
              "Total Cost": 3779.93,
              "Plan Rows": 1,
              "Plan Width": 64,
              "Actual Startup Time": 17.514,
              "Actual Total Time": 151.155,
              "Actual Rows": 173,
              "Actual Loops": 1,
              "Output": [
                "cn.name",
                "mc.movie_id",
                "mk.movie_id",
                "ml.movie_id",
                "lt.link",
                "t.title",
                "t.id"
              ],
              "Inner Unique": true,
              "Join Filter": "(mc.company_type_id = ct.id)",
              "Rows Removed by Join Filter": 1,
              "Plans": [
                {
                  "Node Type": "Nested Loop",
                  "Parent Relationship": "Outer",
                  "Parallel Aware": false,
                  "Join Type": "Inner",
                  "Startup Cost": 12.37,
                  "Total Cost": 3778.87,
                  "Plan Rows": 1,
                  "Plan Width": 68,
                  "Actual Startup Time": 17.273,
                  "Actual Total Time": 149.969,
                  "Actual Rows": 174,
                  "Actual Loops": 1,
                  "Output": [
                    "cn.name",
                    "mc.movie_id",
                    "mc.company_type_id",
                    "mk.movie_id",
                    "ml.movie_id",
                    "lt.link",
                    "t.title",
                    "t.id"
                  ],
                  "Inner Unique": true,
                  "Plans": [
                    {
                      "Node Type": "Nested Loop",
                      "Parent Relationship": "Outer",
                      "Parallel Aware": false,
                      "Join Type": "Inner",
                      "Startup Cost": 11.95,
                      "Total Cost": 3778.41,
                      "Plan Rows": 1,
                      "Plan Width": 53,
                      "Actual Startup Time": 11.718,
                      "Actual Total Time": 147.597,
                      "Actual Rows": 312,
                      "Actual Loops": 1,
                      "Output": [
                        "mk.movie_id",
                        "mc.movie_id",
                        "mc.company_type_id",
                        "mc.company_id",
                        "ml.movie_id",
                        "lt.link",
                        "t.title",
                        "t.id"
                      ],
                      "Inner Unique": false,
                      "Join Filter": "(ml.movie_id = mc.movie_id)",
                      "Rows Removed by Join Filter": 0,
                      "Plans": [
                        {
                          "Node Type": "Nested Loop",
                          "Parent Relationship": "Outer",
                          "Parallel Aware": false,
                          "Join Type": "Inner",
                          "Startup Cost": 11.52,
                          "Total Cost": 3777.83,
                          "Plan Rows": 1,
                          "Plan Width": 41,
                          "Actual Startup Time": 11.578,
                          "Actual Total Time": 146.076,
                          "Actual Rows": 80,
                          "Actual Loops": 1,
                          "Output": [
                            "mk.movie_id",
                            "ml.movie_id",
                            "lt.link",
                            "t.title",
                            "t.id"
                          ],
                          "Inner Unique": true,
                          "Join Filter": "(ml.movie_id = t.id)",
                          "Rows Removed by Join Filter": 0,
                          "Plans": [
                            {
                              "Node Type": "Nested Loop",
                              "Parent Relationship": "Outer",
                              "Parallel Aware": false,
                              "Join Type": "Inner",
                              "Startup Cost": 11.09,
                              "Total Cost": 3777.32,
                              "Plan Rows": 1,
                              "Plan Width": 20,
                              "Actual Startup Time": 10.767,
                              "Actual Total Time": 142.168,
                              "Actual Rows": 199,
                              "Actual Loops": 1,
                              "Output": [
                                "mk.movie_id",
                                "ml.movie_id",
                                "lt.link"
                              ],
                              "Inner Unique": true,
                              "Join Filter": "(ml.link_type_id = lt.id)",
                              "Rows Removed by Join Filter": 239,
                              "Plans": [
                                {
                                  "Node Type": "Nested Loop",
                                  "Parent Relationship": "Outer",
                                  "Parallel Aware": false,
                                  "Join Type": "Inner",
                                  "Startup Cost": 11.09,
                                  "Total Cost": 3776.09,
                                  "Plan Rows": 1,
                                  "Plan Width": 12,
                                  "Actual Startup Time": 10.74,
                                  "Actual Total Time": 139.943,
                                  "Actual Rows": 251,
                                  "Actual Loops": 1,
                                  "Output": [
                                    "mk.movie_id",
                                    "ml.link_type_id",
                                    "ml.movie_id"
                                  ],
                                  "Inner Unique": false,
                                  "Plans": [
                                    {
                                      "Node Type": "Nested Loop",
                                      "Parent Relationship": "Outer",
                                      "Parallel Aware": false,
                                      "Join Type": "Inner",
                                      "Startup Cost": 10.8,
                                      "Total Cost": 3761.63,
                                      "Plan Rows": 34,
                                      "Plan Width": 4,
                                      "Actual Startup Time": 10.703,
                                      "Actual Total Time": 119.22,
                                      "Actual Rows": 10544,
                                      "Actual Loops": 1,
                                      "Output": [
                                        "mk.movie_id"
                                      ],
                                      "Inner Unique": false,
                                      "Plans": [
                                        {
                                          "Node Type": "Seq Scan",
                                          "Parent Relationship": "Outer",
                                          "Parallel Aware": false,
                                          "Relation Name": "keyword",
                                          "Schema": "public",
                                          "Alias": "k",
                                          "Startup Cost": 0.0,
                                          "Total Cost": 2626.12,
                                          "Plan Rows": 1,
                                          "Plan Width": 4,
                                          "Actual Startup Time": 3.094,
                                          "Actual Total Time": 19.292,
                                          "Actual Rows": 1,
                                          "Actual Loops": 1,
                                          "Output": [
                                            "k.id",
                                            "k.keyword",
                                            "k.phonetic_code"
                                          ],
                                          "Filter": "(k.keyword = 'sequel'::text)",
                                          "Rows Removed by Filter": 134169
                                        },
                                        {
                                          "Node Type": "Bitmap Heap Scan",
                                          "Parent Relationship": "Inner",
                                          "Parallel Aware": false,
                                          "Relation Name": "movie_keyword",
                                          "Schema": "public",
                                          "Alias": "mk",
                                          "Startup Cost": 10.8,
                                          "Total Cost": 1132.44,
                                          "Plan Rows": 306,
                                          "Plan Width": 8,
                                          "Actual Startup Time": 7.592,
                                          "Actual Total Time": 97.216,
                                          "Actual Rows": 10544,
                                          "Actual Loops": 1,
                                          "Output": [
                                            "mk.id",
                                            "mk.movie_id",
                                            "mk.keyword_id"
                                          ],
                                          "Recheck Cond": "(mk.keyword_id = k.id)",
                                          "Rows Removed by Index Recheck": 0,
                                          "Exact Heap Blocks": 5570,
                                          "Lossy Heap Blocks": 0,
                                          "Plans": [
                                            {
                                              "Node Type": "Bitmap Index Scan",
                                              "Parent Relationship": "Outer",
                                              "Parallel Aware": false,
                                              "Index Name": "keyword_id_movie_keyword",
                                              "Startup Cost": 0.0,
                                              "Total Cost": 10.73,
                                              "Plan Rows": 306,
                                              "Plan Width": 0,
                                              "Actual Startup Time": 5.048,
                                              "Actual Total Time": 5.049,
                                              "Actual Rows": 10544,
                                              "Actual Loops": 1,
                                              "Index Cond": "(mk.keyword_id = k.id)"
                                            }
                                          ]
                                        }
                                      ]
                                    },
                                    {
                                      "Node Type": "Index Scan",
                                      "Parent Relationship": "Inner",
                                      "Parallel Aware": false,
                                      "Scan Direction": "Forward",
                                      "Index Name": "movie_id_movie_link",
                                      "Relation Name": "movie_link",
                                      "Schema": "public",
                                      "Alias": "ml",
                                      "Startup Cost": 0.29,
                                      "Total Cost": 0.38,
                                      "Plan Rows": 5,
                                      "Plan Width": 8,
                                      "Actual Startup Time": 0.001,
                                      "Actual Total Time": 0.001,
                                      "Actual Rows": 0,
                                      "Actual Loops": 10544,
                                      "Output": [
                                        "ml.id",
                                        "ml.movie_id",
                                        "ml.linked_movie_id",
                                        "ml.link_type_id"
                                      ],
                                      "Index Cond": "(ml.movie_id = mk.movie_id)",
                                      "Rows Removed by Index Recheck": 0
                                    }
                                  ]
                                },
                                {
                                  "Node Type": "Seq Scan",
                                  "Parent Relationship": "Inner",
                                  "Parallel Aware": false,
                                  "Relation Name": "link_type",
                                  "Schema": "public",
                                  "Alias": "lt",
                                  "Startup Cost": 0.0,
                                  "Total Cost": 1.23,
                                  "Plan Rows": 1,
                                  "Plan Width": 16,
                                  "Actual Startup Time": 0.003,
                                  "Actual Total Time": 0.004,
                                  "Actual Rows": 2,
                                  "Actual Loops": 251,
                                  "Output": [
                                    "lt.id",
                                    "lt.link"
                                  ],
                                  "Filter": "((lt.link)::text ~~ '%follow%'::text)",
                                  "Rows Removed by Filter": 3
                                }
                              ]
                            },
                            {
                              "Node Type": "Index Scan",
                              "Parent Relationship": "Inner",
                              "Parallel Aware": false,
                              "Scan Direction": "Forward",
                              "Index Name": "title_pkey",
                              "Relation Name": "title",
                              "Schema": "public",
                              "Alias": "t",
                              "Startup Cost": 0.43,
                              "Total Cost": 0.49,
                              "Plan Rows": 1,
                              "Plan Width": 21,
                              "Actual Startup Time": 0.018,
                              "Actual Total Time": 0.018,
                              "Actual Rows": 0,
                              "Actual Loops": 199,
                              "Output": [
                                "t.id",
                                "t.title",
                                "t.imdb_index",
                                "t.kind_id",
                                "t.production_year",
                                "t.imdb_id",
                                "t.phonetic_code",
                                "t.episode_of_id",
                                "t.season_nr",
                                "t.episode_nr",
                                "t.series_years",
                                "t.md5sum"
                              ],
                              "Index Cond": "(t.id = mk.movie_id)",
                              "Rows Removed by Index Recheck": 0,
                              "Filter": "((t.production_year >= 1998) AND (t.production_year <= 2000))",
                              "Rows Removed by Filter": 1
                            }
                          ]
                        },
                        {
                          "Node Type": "Index Scan",
                          "Parent Relationship": "Inner",
                          "Parallel Aware": false,
                          "Scan Direction": "Forward",
                          "Index Name": "movie_id_movie_companies",
                          "Relation Name": "movie_companies",
                          "Schema": "public",
                          "Alias": "mc",
                          "Startup Cost": 0.43,
                          "Total Cost": 0.54,
                          "Plan Rows": 3,
                          "Plan Width": 12,
                          "Actual Startup Time": 0.015,
                          "Actual Total Time": 0.017,
                          "Actual Rows": 4,
                          "Actual Loops": 80,
                          "Output": [
                            "mc.id",
                            "mc.movie_id",
                            "mc.company_id",
                            "mc.company_type_id",
                            "mc.note"
                          ],
                          "Index Cond": "(mc.movie_id = mk.movie_id)",
                          "Rows Removed by Index Recheck": 0,
                          "Filter": "(mc.note IS NULL)",
                          "Rows Removed by Filter": 1
                        }
                      ]
                    },
                    {
                      "Node Type": "Index Scan",
                      "Parent Relationship": "Inner",
                      "Parallel Aware": false,
                      "Scan Direction": "Forward",
                      "Index Name": "company_name_pkey",
                      "Relation Name": "company_name",
                      "Schema": "public",
                      "Alias": "cn",
                      "Startup Cost": 0.42,
                      "Total Cost": 0.46,
                      "Plan Rows": 1,
                      "Plan Width": 23,
                      "Actual Startup Time": 0.007,
                      "Actual Total Time": 0.007,
                      "Actual Rows": 1,
                      "Actual Loops": 312,
                      "Output": [
                        "cn.id",
                        "cn.name",
                        "cn.country_code",
                        "cn.imdb_id",
                        "cn.name_pcode_nf",
                        "cn.name_pcode_sf",
                        "cn.md5sum"
                      ],
                      "Index Cond": "(cn.id = mc.company_id)",
                      "Rows Removed by Index Recheck": 0,
                      "Filter": "(((cn.country_code)::text <> '[pl]'::text) AND ((cn.name ~~ '%Film%'::text) OR (cn.name ~~ '%Warner%'::text)))",
                      "Rows Removed by Filter": 0
                    }
                  ]
                },
                {
                  "Node Type": "Seq Scan",
                  "Parent Relationship": "Inner",
                  "Parallel Aware": false,
                  "Relation Name": "company_type",
                  "Schema": "public",
                  "Alias": "ct",
                  "Startup Cost": 0.0,
                  "Total Cost": 1.05,
                  "Plan Rows": 1,
                  "Plan Width": 4,
                  "Actual Startup Time": 0.003,
                  "Actual Total Time": 0.003,
                  "Actual Rows": 1,
                  "Actual Loops": 174,
                  "Output": [
                    "ct.id",
                    "ct.kind"
                  ],
                  "Filter": "((ct.kind)::text = 'production companies'::text)",
                  "Rows Removed by Filter": 1
                }
              ]
            },
            {
              "Node Type": "Index Scan",
              "Parent Relationship": "Inner",
              "Parallel Aware": false,
              "Scan Direction": "Forward",
              "Index Name": "movie_id_movie_info",
              "Relation Name": "movie_info",
              "Schema": "public",
              "Alias": "mi",
              "Startup Cost": 0.43,
              "Total Cost": 1.83,
              "Plan Rows": 2,
              "Plan Width": 4,
              "Actual Startup Time": 0.023,
              "Actual Total Time": 0.028,
              "Actual Rows": 3,
              "Actual Loops": 173,
              "Output": [
                "mi.id",
                "mi.movie_id",
                "mi.info_type_id",
                "mi.info",
                "mi.note"
              ],
              "Index Cond": "(mi.movie_id = mk.movie_id)",
              "Rows Removed by Index Recheck": 0,
              "Filter": "(mi.info = ANY ('{Germany,America,Danish,American,Sweden,USA,Denish,Denmark,German}'::text[]))",
              "Rows Removed by Filter": 11
            }
          ]
        }
      ]
    },
    "Planning Time": 68148.628,
    "Triggers": [],
    "Execution Time": 157.093
  }
]