[
  {
    "Plan": {
      "Node Type": "Aggregate",
      "Strategy": "Plain",
      "Partial Mode": "Finalize",
      "Parallel Aware": false,
      "Startup Cost": 348831.52,
      "Total Cost": 348831.53,
      "Plan Rows": 1,
      "Plan Width": 8,
      "Actual Startup Time": 925.19,
      "Actual Total Time": 978.99,
      "Actual Rows": 1,
      "Actual Loops": 1,
      "Plans": [
        {
          "Node Type": "Gather",
          "Parent Relationship": "Outer",
          "Parallel Aware": false,
          "Startup Cost": 348830.89,
          "Total Cost": 348831.5,
          "Plan Rows": 6,
          "Plan Width": 8,
          "Actual Startup Time": 925.02,
          "Actual Total Time": 978.978,
          "Actual Rows": 7,
          "Actual Loops": 1,
          "Workers Planned": 6,
          "Workers Launched": 6,
          "Single Copy": false,
          "Plans": [
            {
              "Node Type": "Aggregate",
              "Strategy": "Plain",
              "Partial Mode": "Partial",
              "Parent Relationship": "Outer",
              "Parallel Aware": false,
              "Startup Cost": 347830.89,
              "Total Cost": 347830.9,
              "Plan Rows": 1,
              "Plan Width": 8,
              "Actual Startup Time": 916.399,
              "Actual Total Time": 916.401,
              "Actual Rows": 1,
              "Actual Loops": 7,
              "Plans": [
                {
                  "Node Type": "Seq Scan",
                  "Parent Relationship": "Outer",
                  "Parallel Aware": true,
                  "Relation Name": "cast_info",
                  "Alias": "ci",
                  "Startup Cost": 0.0,
                  "Total Cost": 343316.27,
                  "Plan Rows": 1805849,
                  "Plan Width": 0,
                  "Actual Startup Time": 426.034,
                  "Actual Total Time": 807.27,
                  "Actual Rows": 1831395,
                  "Actual Loops": 7,
                  "Filter": "((person_id > 1166594) AND (role_id > 2))",
                  "Rows Removed by Filter": 3346369
                }
              ]
            }
          ]
        }
      ]
    },
    "Planning Time": 0.186,
    "Triggers": [],
    "Execution Time": 979.053
  }
]