[
  {
    "Plan": {
      "Node Type": "Aggregate",
      "Strategy": "Plain",
      "Partial Mode": "Finalize",
      "Parallel Aware": false,
      "Startup Cost": 30990.36,
      "Total Cost": 30990.37,
      "Plan Rows": 1,
      "Plan Width": 8,
      "Actual Startup Time": 81.244,
      "Actual Total Time": 89.0,
      "Actual Rows": 1,
      "Actual Loops": 1,
      "Plans": [
        {
          "Node Type": "Gather",
          "Parent Relationship": "Outer",
          "Parallel Aware": false,
          "Startup Cost": 30990.04,
          "Total Cost": 30990.35,
          "Plan Rows": 3,
          "Plan Width": 8,
          "Actual Startup Time": 81.154,
          "Actual Total Time": 88.992,
          "Actual Rows": 4,
          "Actual Loops": 1,
          "Workers Planned": 3,
          "Workers Launched": 3,
          "Single Copy": false,
          "Plans": [
            {
              "Node Type": "Aggregate",
              "Strategy": "Plain",
              "Partial Mode": "Partial",
              "Parent Relationship": "Outer",
              "Parallel Aware": false,
              "Startup Cost": 29990.04,
              "Total Cost": 29990.05,
              "Plan Rows": 1,
              "Plan Width": 8,
              "Actual Startup Time": 77.64,
              "Actual Total Time": 77.641,
              "Actual Rows": 1,
              "Actual Loops": 4,
              "Plans": [
                {
                  "Node Type": "Seq Scan",
                  "Parent Relationship": "Outer",
                  "Parallel Aware": true,
                  "Relation Name": "movie_companies",
                  "Alias": "mc",
                  "Startup Cost": 0.0,
                  "Total Cost": 29310.68,
                  "Plan Rows": 271744,
                  "Plan Width": 0,
                  "Actual Startup Time": 13.798,
                  "Actual Total Time": 68.059,
                  "Actual Rows": 208134,
                  "Actual Loops": 4,
                  "Filter": "(company_id > 27086)",
                  "Rows Removed by Filter": 444149
                }
              ]
            }
          ]
        }
      ]
    },
    "Planning Time": 0.073,
    "Triggers": [],
    "Execution Time": 89.026
  }
]