[
    {
        "Bao": {
            "Bao prediction": 885.305,
            "Bao recommended hint": "SET enable_mergejoin TO off; "
        }
    },
    {
        "Plan": {
            "Node Type": "Aggregate",
            "Strategy": "Plain",
            "Partial Mode": "Finalize",
            "Parallel Aware": false,
            "Startup Cost": 240814.12,
            "Total Cost": 240814.13,
            "Plan Rows": 1,
            "Plan Width": 8,
            "Actual Startup Time": 1297.952,
            "Actual Total Time": 1333.686,
            "Actual Rows": 1,
            "Actual Loops": 1,
            "Output": [
                "count(*)"
            ],
            "Plans": [
                {
                    "Node Type": "Gather",
                    "Parent Relationship": "Outer",
                    "Parallel Aware": false,
                    "Startup Cost": 240813.8,
                    "Total Cost": 240814.11,
                    "Plan Rows": 3,
                    "Plan Width": 8,
                    "Actual Startup Time": 1293.413,
                    "Actual Total Time": 1333.675,
                    "Actual Rows": 4,
                    "Actual Loops": 1,
                    "Output": [
                        "(PARTIAL count(*))"
                    ],
                    "Workers Planned": 3,
                    "Workers Launched": 3,
                    "Single Copy": false,
                    "Plans": [
                        {
                            "Node Type": "Aggregate",
                            "Strategy": "Plain",
                            "Partial Mode": "Partial",
                            "Parent Relationship": "Outer",
                            "Parallel Aware": false,
                            "Startup Cost": 239813.8,
                            "Total Cost": 239813.81,
                            "Plan Rows": 1,
                            "Plan Width": 8,
                            "Actual Startup Time": 1284.417,
                            "Actual Total Time": 1284.421,
                            "Actual Rows": 1,
                            "Actual Loops": 4,
                            "Output": [
                                "PARTIAL count(*)"
                            ],
                            "Workers": [
                                {
                                    "Worker Number": 0,
                                    "Actual Startup Time": 1281.522,
                                    "Actual Total Time": 1281.525,
                                    "Actual Rows": 1,
                                    "Actual Loops": 1
                                },
                                {
                                    "Worker Number": 1,
                                    "Actual Startup Time": 1281.403,
                                    "Actual Total Time": 1281.407,
                                    "Actual Rows": 1,
                                    "Actual Loops": 1
                                },
                                {
                                    "Worker Number": 2,
                                    "Actual Startup Time": 1282.089,
                                    "Actual Total Time": 1282.092,
                                    "Actual Rows": 1,
                                    "Actual Loops": 1
                                }
                            ],
                            "Plans": [
                                {
                                    "Node Type": "Nested Loop",
                                    "Parent Relationship": "Outer",
                                    "Parallel Aware": false,
                                    "Join Type": "Inner",
                                    "Startup Cost": 58008.22,
                                    "Total Cost": 239044.75,
                                    "Plan Rows": 307619,
                                    "Plan Width": 0,
                                    "Actual Startup Time": 277.831,
                                    "Actual Total Time": 1184.365,
                                    "Actual Rows": 1700565,
                                    "Actual Loops": 4,
                                    "Inner Unique": false,
                                    "Workers": [
                                        {
                                            "Worker Number": 0,
                                            "Actual Startup Time": 274.322,
                                            "Actual Total Time": 1181.234,
                                            "Actual Rows": 1509048,
                                            "Actual Loops": 1
                                        },
                                        {
                                            "Worker Number": 1,
                                            "Actual Startup Time": 274.515,
                                            "Actual Total Time": 1182.199,
                                            "Actual Rows": 1482563,
                                            "Actual Loops": 1
                                        },
                                        {
                                            "Worker Number": 2,
                                            "Actual Startup Time": 275.739,
                                            "Actual Total Time": 1189.819,
                                            "Actual Rows": 2127115,
                                            "Actual Loops": 1
                                        }
                                    ],
                                    "Plans": [
                                        {
                                            "Node Type": "Hash Join",
                                            "Parent Relationship": "Outer",
                                            "Parallel Aware": true,
                                            "Join Type": "Inner",
                                            "Startup Cost": 58007.79,
                                            "Total Cost": 85057.46,
                                            "Plan Rows": 61280,
                                            "Plan Width": 8,
                                            "Actual Startup Time": 277.723,
                                            "Actual Total Time": 359.632,
                                            "Actual Rows": 33943,
                                            "Actual Loops": 4,
                                            "Output": [
                                                "t.id",
                                                "mk.movie_id"
                                            ],
                                            "Inner Unique": true,
                                            "Hash Cond": "(mk.movie_id = t.id)",
                                            "Workers": [
                                                {
                                                    "Worker Number": 0,
                                                    "Actual Startup Time": 274.253,
                                                    "Actual Total Time": 353.596,
                                                    "Actual Rows": 30329,
                                                    "Actual Loops": 1
                                                },
                                                {
                                                    "Worker Number": 1,
                                                    "Actual Startup Time": 274.357,
                                                    "Actual Total Time": 352.209,
                                                    "Actual Rows": 27330,
                                                    "Actual Loops": 1
                                                },
                                                {
                                                    "Worker Number": 2,
                                                    "Actual Startup Time": 275.589,
                                                    "Actual Total Time": 364.603,
                                                    "Actual Rows": 44138,
                                                    "Actual Loops": 1
                                                }
                                            ],
                                            "Plans": [
                                                {
                                                    "Node Type": "Bitmap Heap Scan",
                                                    "Parent Relationship": "Outer",
                                                    "Parallel Aware": true,
                                                    "Relation Name": "movie_keyword",
                                                    "Schema": "public",
                                                    "Alias": "mk",
                                                    "Startup Cost": 11287.48,
                                                    "Total Cost": 37886.66,
                                                    "Plan Rows": 171615,
                                                    "Plan Width": 4,
                                                    "Actual Startup Time": 63.568,
                                                    "Actual Total Time": 108.478,
                                                    "Actual Rows": 130108,
                                                    "Actual Loops": 4,
                                                    "Output": [
                                                        "mk.id",
                                                        "mk.movie_id",
                                                        "mk.keyword_id"
                                                    ],
                                                    "Recheck Cond": "(mk.keyword_id > 34768)",
                                                    "Rows Removed by Index Recheck": 0,
                                                    "Exact Heap Blocks": 5973,
                                                    "Lossy Heap Blocks": 0,
                                                    "Workers": [
                                                        {
                                                            "Worker Number": 0,
                                                            "Actual Startup Time": 63.384,
                                                            "Actual Total Time": 107.74,
                                                            "Actual Rows": 114109,
                                                            "Actual Loops": 1
                                                        },
                                                        {
                                                            "Worker Number": 1,
                                                            "Actual Startup Time": 63.619,
                                                            "Actual Total Time": 107.202,
                                                            "Actual Rows": 101621,
                                                            "Actual Loops": 1
                                                        },
                                                        {
                                                            "Worker Number": 2,
                                                            "Actual Startup Time": 63.616,
                                                            "Actual Total Time": 113.415,
                                                            "Actual Rows": 171804,
                                                            "Actual Loops": 1
                                                        }
                                                    ],
                                                    "Plans": [
                                                        {
                                                            "Node Type": "Bitmap Index Scan",
                                                            "Parent Relationship": "Outer",
                                                            "Parallel Aware": false,
                                                            "Index Name": "keyword_id_movie_keyword",
                                                            "Startup Cost": 0.0,
                                                            "Total Cost": 11154.48,
                                                            "Plan Rows": 532006,
                                                            "Plan Width": 0,
                                                            "Actual Startup Time": 57.915,
                                                            "Actual Total Time": 57.916,
                                                            "Actual Rows": 520434,
                                                            "Actual Loops": 1,
                                                            "Index Cond": "(mk.keyword_id > 34768)",
                                                            "Workers": [
                                                                {
                                                                    "Worker Number": 0,
                                                                    "Actual Startup Time": 57.915,
                                                                    "Actual Total Time": 57.916,
                                                                    "Actual Rows": 520434,
                                                                    "Actual Loops": 1
                                                                }
                                                            ]
                                                        }
                                                    ]
                                                },
                                                {
                                                    "Node Type": "Hash",
                                                    "Parent Relationship": "Inner",
                                                    "Parallel Aware": true,
                                                    "Startup Cost": 43899.01,
                                                    "Total Cost": 43899.01,
                                                    "Plan Rows": 225704,
                                                    "Plan Width": 4,
                                                    "Actual Startup Time": 208.35,
                                                    "Actual Total Time": 208.351,
                                                    "Actual Rows": 226123,
                                                    "Actual Loops": 4,
                                                    "Output": [
                                                        "t.id"
                                                    ],
                                                    "Hash Buckets": 1048576,
                                                    "Original Hash Buckets": 1048576,
                                                    "Hash Batches": 1,
                                                    "Original Hash Batches": 1,
                                                    "Peak Memory Usage": 43648,
                                                    "Workers": [
                                                        {
                                                            "Worker Number": 0,
                                                            "Actual Startup Time": 210.311,
                                                            "Actual Total Time": 210.311,
                                                            "Actual Rows": 193522,
                                                            "Actual Loops": 1
                                                        },
                                                        {
                                                            "Worker Number": 1,
                                                            "Actual Startup Time": 210.301,
                                                            "Actual Total Time": 210.301,
                                                            "Actual Rows": 189798,
                                                            "Actual Loops": 1
                                                        },
                                                        {
                                                            "Worker Number": 2,
                                                            "Actual Startup Time": 210.422,
                                                            "Actual Total Time": 210.422,
                                                            "Actual Rows": 268031,
                                                            "Actual Loops": 1
                                                        }
                                                    ],
                                                    "Plans": [
                                                        {
                                                            "Node Type": "Seq Scan",
                                                            "Parent Relationship": "Outer",
                                                            "Parallel Aware": true,
                                                            "Relation Name": "title",
                                                            "Schema": "public",
                                                            "Alias": "t",
                                                            "Startup Cost": 0.0,
                                                            "Total Cost": 43899.01,
                                                            "Plan Rows": 225704,
                                                            "Plan Width": 4,
                                                            "Actual Startup Time": 0.03,
                                                            "Actual Total Time": 115.169,
                                                            "Actual Rows": 226123,
                                                            "Actual Loops": 4,
                                                            "Output": [
                                                                "t.id"
                                                            ],
                                                            "Filter": "(t.production_year > 2006)",
                                                            "Rows Removed by Filter": 405955,
                                                            "Workers": [
                                                                {
                                                                    "Worker Number": 0,
                                                                    "Actual Startup Time": 0.037,
                                                                    "Actual Total Time": 118.397,
                                                                    "Actual Rows": 193522,
                                                                    "Actual Loops": 1
                                                                },
                                                                {
                                                                    "Worker Number": 1,
                                                                    "Actual Startup Time": 0.038,
                                                                    "Actual Total Time": 120.087,
                                                                    "Actual Rows": 189798,
                                                                    "Actual Loops": 1
                                                                },
                                                                {
                                                                    "Worker Number": 2,
                                                                    "Actual Startup Time": 0.028,
                                                                    "Actual Total Time": 113.023,
                                                                    "Actual Rows": 268031,
                                                                    "Actual Loops": 1
                                                                }
                                                            ]
                                                        }
                                                    ]
                                                }
                                            ]
                                        },
                                        {
                                            "Node Type": "Index Scan",
                                            "Parent Relationship": "Inner",
                                            "Parallel Aware": false,
                                            "Scan Direction": "Forward",
                                            "Index Name": "movie_id_movie_info",
                                            "Relation Name": "movie_info",
                                            "Schema": "public",
                                            "Alias": "mi",
                                            "Startup Cost": 0.43,
                                            "Total Cost": 2.17,
                                            "Plan Rows": 34,
                                            "Plan Width": 4,
                                            "Actual Startup Time": 0.004,
                                            "Actual Total Time": 0.019,
                                            "Actual Rows": 50,
                                            "Actual Loops": 135773,
                                            "Output": [
                                                "mi.id",
                                                "mi.movie_id",
                                                "mi.info_type_id",
                                                "mi.info",
                                                "mi.note"
                                            ],
                                            "Index Cond": "(mi.movie_id = t.id)",
                                            "Rows Removed by Index Recheck": 0,
                                            "Filter": "(mi.info_type_id > 2)",
                                            "Rows Removed by Filter": 2,
                                            "Workers": [
                                                {
                                                    "Worker Number": 0,
                                                    "Actual Startup Time": 0.005,
                                                    "Actual Total Time": 0.022,
                                                    "Actual Rows": 50,
                                                    "Actual Loops": 30329
                                                },
                                                {
                                                    "Worker Number": 1,
                                                    "Actual Startup Time": 0.006,
                                                    "Actual Total Time": 0.024,
                                                    "Actual Rows": 54,
                                                    "Actual Loops": 27330
                                                },
                                                {
                                                    "Worker Number": 2,
                                                    "Actual Startup Time": 0.004,
                                                    "Actual Total Time": 0.015,
                                                    "Actual Rows": 48,
                                                    "Actual Loops": 44138
                                                }
                                            ]
                                        }
                                    ]
                                }
                            ]
                        }
                    ]
                }
            ]
        },
        "Planning Time": 404.394,
        "Triggers": [],
        "Execution Time": 1333.82
    }
]