[
  {
    "Plan": {
      "Node Type": "Aggregate",
      "Strategy": "Plain",
      "Partial Mode": "Finalize",
      "Parallel Aware": false,
      "Startup Cost": 366177.75,
      "Total Cost": 366177.76,
      "Plan Rows": 1,
      "Plan Width": 8,
      "Actual Startup Time": 298.402,
      "Actual Total Time": 323.612,
      "Actual Rows": 1,
      "Actual Loops": 1,
      "Plans": [
        {
          "Node Type": "Gather",
          "Parent Relationship": "Outer",
          "Parallel Aware": false,
          "Startup Cost": 366177.23,
          "Total Cost": 366177.74,
          "Plan Rows": 5,
          "Plan Width": 8,
          "Actual Startup Time": 295.624,
          "Actual Total Time": 323.604,
          "Actual Rows": 6,
          "Actual Loops": 1,
          "Workers Planned": 5,
          "Workers Launched": 5,
          "Single Copy": false,
          "Plans": [
            {
              "Node Type": "Aggregate",
              "Strategy": "Plain",
              "Partial Mode": "Partial",
              "Parent Relationship": "Outer",
              "Parallel Aware": false,
              "Startup Cost": 365177.23,
              "Total Cost": 365177.24,
              "Plan Rows": 1,
              "Plan Width": 8,
              "Actual Startup Time": 284.882,
              "Actual Total Time": 284.888,
              "Actual Rows": 1,
              "Actual Loops": 6,
              "Plans": [
                {
                  "Node Type": "Nested Loop",
                  "Parent Relationship": "Outer",
                  "Parallel Aware": false,
                  "Join Type": "Inner",
                  "Startup Cost": 74650.56,
                  "Total Cost": 363495.62,
                  "Plan Rows": 672641,
                  "Plan Width": 0,
                  "Actual Startup Time": 152.662,
                  "Actual Total Time": 283.241,
                  "Actual Rows": 15561,
                  "Actual Loops": 6,
                  "Inner Unique": false,
                  "Join Filter": "(t.id = ci.movie_id)",
                  "Rows Removed by Join Filter": 0,
                  "Plans": [
                    {
                      "Node Type": "Hash Join",
                      "Parent Relationship": "Outer",
                      "Parallel Aware": true,
                      "Join Type": "Inner",
                      "Startup Cost": 74649.99,
                      "Total Cost": 241325.55,
                      "Plan Rows": 46914,
                      "Plan Width": 8,
                      "Actual Startup Time": 152.454,
                      "Actual Total Time": 225.735,
                      "Actual Rows": 714,
                      "Actual Loops": 6,
                      "Inner Unique": true,
                      "Hash Cond": "(mi.movie_id = t.id)",
                      "Plans": [
                        {
                          "Node Type": "Bitmap Heap Scan",
                          "Parent Relationship": "Outer",
                          "Parallel Aware": true,
                          "Relation Name": "movie_info",
                          "Alias": "mi",
                          "Startup Cost": 27973.07,
                          "Total Cost": 193835.95,
                          "Plan Rows": 309591,
                          "Plan Width": 4,
                          "Actual Startup Time": 43.787,
                          "Actual Total Time": 76.851,
                          "Actual Rows": 255652,
                          "Actual Loops": 6,
                          "Recheck Cond": "(info_type_id = 3)",
                          "Rows Removed by Index Recheck": 0,
                          "Exact Heap Blocks": 2162,
                          "Lossy Heap Blocks": 0,
                          "Plans": [
                            {
                              "Node Type": "Bitmap Index Scan",
                              "Parent Relationship": "Outer",
                              "Parallel Aware": false,
                              "Index Name": "info_type_id_movie_info",
                              "Startup Cost": 0.0,
                              "Total Cost": 27586.08,
                              "Plan Rows": 1547953,
                              "Plan Width": 0,
                              "Actual Startup Time": 42.208,
                              "Actual Total Time": 42.209,
                              "Actual Rows": 1533909,
                              "Actual Loops": 1,
                              "Index Cond": "(info_type_id = 3)"
                            }
                          ]
                        },
                        {
                          "Node Type": "Hash",
                          "Parent Relationship": "Inner",
                          "Parallel Aware": true,
                          "Startup Cost": 45479.59,
                          "Total Cost": 45479.59,
                          "Plan Rows": 95787,
                          "Plan Width": 4,
                          "Actual Startup Time": 105.342,
                          "Actual Total Time": 105.343,
                          "Actual Rows": 46225,
                          "Actual Loops": 6,
                          "Hash Buckets": 524288,
                          "Original Hash Buckets": 524288,
                          "Hash Batches": 1,
                          "Original Hash Batches": 1,
                          "Peak Memory Usage": 15072,
                          "Plans": [
                            {
                              "Node Type": "Seq Scan",
                              "Parent Relationship": "Outer",
                              "Parallel Aware": true,
                              "Relation Name": "title",
                              "Alias": "t",
                              "Startup Cost": 0.0,
                              "Total Cost": 45479.59,
                              "Plan Rows": 95787,
                              "Plan Width": 4,
                              "Actual Startup Time": 0.045,
                              "Actual Total Time": 82.219,
                              "Actual Rows": 46225,
                              "Actual Loops": 6,
                              "Filter": "((production_year < 1988) AND (kind_id = 7))",
                              "Rows Removed by Filter": 375160
                            }
                          ]
                        }
                      ]
                    },
                    {
                      "Node Type": "Index Only Scan",
                      "Parent Relationship": "Inner",
                      "Parallel Aware": false,
                      "Scan Direction": "Forward",
                      "Index Name": "movie_id_cast_info",
                      "Relation Name": "cast_info",
                      "Alias": "ci",
                      "Startup Cost": 0.56,
                      "Total Cost": 2.17,
                      "Plan Rows": 35,
                      "Plan Width": 4,
                      "Actual Startup Time": 0.01,
                      "Actual Total Time": 0.076,
                      "Actual Rows": 22,
                      "Actual Loops": 4282,
                      "Index Cond": "(movie_id = mi.movie_id)",
                      "Rows Removed by Index Recheck": 0,
                      "Heap Fetches": 93366
                    }
                  ]
                }
              ]
            }
          ]
        }
      ]
    },
    "Planning Time": 1.215,
    "Triggers": [],
    "Execution Time": 323.723
  }
]