[
  {
    "Plan": {
      "Node Type": "Aggregate",
      "Strategy": "Plain",
      "Partial Mode": "Finalize",
      "Parallel Aware": false,
      "Startup Cost": 46481.15,
      "Total Cost": 46481.16,
      "Plan Rows": 1,
      "Plan Width": 8,
      "Actual Startup Time": 100.836,
      "Actual Total Time": 114.353,
      "Actual Rows": 1,
      "Actual Loops": 1,
      "Plans": [
        {
          "Node Type": "Gather",
          "Parent Relationship": "Outer",
          "Parallel Aware": false,
          "Startup Cost": 46480.73,
          "Total Cost": 46481.14,
          "Plan Rows": 4,
          "Plan Width": 8,
          "Actual Startup Time": 100.536,
          "Actual Total Time": 114.346,
          "Actual Rows": 5,
          "Actual Loops": 1,
          "Workers Planned": 4,
          "Workers Launched": 4,
          "Single Copy": false,
          "Plans": [
            {
              "Node Type": "Aggregate",
              "Strategy": "Plain",
              "Partial Mode": "Partial",
              "Parent Relationship": "Outer",
              "Parallel Aware": false,
              "Startup Cost": 45480.73,
              "Total Cost": 45480.74,
              "Plan Rows": 1,
              "Plan Width": 8,
              "Actual Startup Time": 93.855,
              "Actual Total Time": 93.857,
              "Actual Rows": 1,
              "Actual Loops": 5,
              "Plans": [
                {
                  "Node Type": "Seq Scan",
                  "Parent Relationship": "Outer",
                  "Parallel Aware": true,
                  "Relation Name": "title",
                  "Alias": "t",
                  "Startup Cost": 0.0,
                  "Total Cost": 45479.1,
                  "Plan Rows": 653,
                  "Plan Width": 0,
                  "Actual Startup Time": 62.432,
                  "Actual Total Time": 93.694,
                  "Actual Rows": 1189,
                  "Actual Loops": 5,
                  "Filter": "((kind_id < 7) AND (production_year = 1911))",
                  "Rows Removed by Filter": 504473
                }
              ]
            }
          ]
        }
      ]
    },
    "Planning Time": 0.141,
    "Triggers": [],
    "Execution Time": 114.4
  }
]