[
    {
        "Bao": {
            "Bao prediction": "NaN",
            "Bao recommended hint": "(no hint)"
        }
    },
    {
        "Plan": {
            "Node Type": "Aggregate",
            "Strategy": "Plain",
            "Partial Mode": "Finalize",
            "Parallel Aware": false,
            "Startup Cost": 40724.19,
            "Total Cost": 40724.2,
            "Plan Rows": 1,
            "Plan Width": 8,
            "Actual Startup Time": 120.736,
            "Actual Total Time": 126.456,
            "Actual Rows": 1,
            "Actual Loops": 1,
            "Output": [
                "count(*)"
            ],
            "Plans": [
                {
                    "Node Type": "Gather",
                    "Parent Relationship": "Outer",
                    "Parallel Aware": false,
                    "Startup Cost": 40723.87,
                    "Total Cost": 40724.18,
                    "Plan Rows": 3,
                    "Plan Width": 8,
                    "Actual Startup Time": 120.46,
                    "Actual Total Time": 126.448,
                    "Actual Rows": 4,
                    "Actual Loops": 1,
                    "Output": [
                        "(PARTIAL count(*))"
                    ],
                    "Workers Planned": 3,
                    "Workers Launched": 3,
                    "Single Copy": false,
                    "Plans": [
                        {
                            "Node Type": "Aggregate",
                            "Strategy": "Plain",
                            "Partial Mode": "Partial",
                            "Parent Relationship": "Outer",
                            "Parallel Aware": false,
                            "Startup Cost": 39723.87,
                            "Total Cost": 39723.88,
                            "Plan Rows": 1,
                            "Plan Width": 8,
                            "Actual Startup Time": 111.523,
                            "Actual Total Time": 111.525,
                            "Actual Rows": 1,
                            "Actual Loops": 4,
                            "Output": [
                                "PARTIAL count(*)"
                            ],
                            "Workers": [
                                {
                                    "Worker Number": 0,
                                    "Actual Startup Time": 108.434,
                                    "Actual Total Time": 108.435,
                                    "Actual Rows": 1,
                                    "Actual Loops": 1
                                },
                                {
                                    "Worker Number": 1,
                                    "Actual Startup Time": 108.539,
                                    "Actual Total Time": 108.54,
                                    "Actual Rows": 1,
                                    "Actual Loops": 1
                                },
                                {
                                    "Worker Number": 2,
                                    "Actual Startup Time": 108.911,
                                    "Actual Total Time": 108.913,
                                    "Actual Rows": 1,
                                    "Actual Loops": 1
                                }
                            ],
                            "Plans": [
                                {
                                    "Node Type": "Bitmap Heap Scan",
                                    "Parent Relationship": "Outer",
                                    "Parallel Aware": true,
                                    "Relation Name": "movie_keyword",
                                    "Schema": "public",
                                    "Alias": "mk",
                                    "Startup Cost": 12434.21,
                                    "Total Cost": 39251.26,
                                    "Plan Rows": 189044,
                                    "Plan Width": 0,
                                    "Actual Startup Time": 31.931,
                                    "Actual Total Time": 103.557,
                                    "Actual Rows": 145162,
                                    "Actual Loops": 4,
                                    "Recheck Cond": "(mk.keyword_id > 31575)",
                                    "Rows Removed by Index Recheck": 0,
                                    "Exact Heap Blocks": 10314,
                                    "Lossy Heap Blocks": 0,
                                    "Workers": [
                                        {
                                            "Worker Number": 0,
                                            "Actual Startup Time": 28.895,
                                            "Actual Total Time": 101.125,
                                            "Actual Rows": 108507,
                                            "Actual Loops": 1
                                        },
                                        {
                                            "Worker Number": 1,
                                            "Actual Startup Time": 29.1,
                                            "Actual Total Time": 101.466,
                                            "Actual Rows": 105324,
                                            "Actual Loops": 1
                                        },
                                        {
                                            "Worker Number": 2,
                                            "Actual Startup Time": 29.371,
                                            "Actual Total Time": 101.659,
                                            "Actual Rows": 110595,
                                            "Actual Loops": 1
                                        }
                                    ],
                                    "Plans": [
                                        {
                                            "Node Type": "Bitmap Index Scan",
                                            "Parent Relationship": "Outer",
                                            "Parallel Aware": false,
                                            "Index Name": "keyword_id_movie_keyword",
                                            "Startup Cost": 0.0,
                                            "Total Cost": 12287.7,
                                            "Plan Rows": 586036,
                                            "Plan Width": 0,
                                            "Actual Startup Time": 36.963,
                                            "Actual Total Time": 36.964,
                                            "Actual Rows": 580646,
                                            "Actual Loops": 1,
                                            "Index Cond": "(mk.keyword_id > 31575)"
                                        }
                                    ]
                                }
                            ]
                        }
                    ]
                }
            ]
        },
        "Planning Time": 197.879,
        "Triggers": [],
        "Execution Time": 126.511
    }
]