[
  {
    "Plan": {
      "Node Type": "Aggregate",
      "Strategy": "Plain",
      "Partial Mode": "Finalize",
      "Parallel Aware": false,
      "Startup Cost": 363306.05,
      "Total Cost": 363306.06,
      "Plan Rows": 1,
      "Plan Width": 8,
      "Actual Startup Time": 464.224,
      "Actual Total Time": 531.636,
      "Actual Rows": 1,
      "Actual Loops": 1,
      "Plans": [
        {
          "Node Type": "Gather",
          "Parent Relationship": "Outer",
          "Parallel Aware": false,
          "Startup Cost": 363305.63,
          "Total Cost": 363306.04,
          "Plan Rows": 4,
          "Plan Width": 8,
          "Actual Startup Time": 463.863,
          "Actual Total Time": 531.625,
          "Actual Rows": 5,
          "Actual Loops": 1,
          "Workers Planned": 4,
          "Workers Launched": 4,
          "Single Copy": false,
          "Plans": [
            {
              "Node Type": "Aggregate",
              "Strategy": "Plain",
              "Partial Mode": "Partial",
              "Parent Relationship": "Outer",
              "Parallel Aware": false,
              "Startup Cost": 362305.63,
              "Total Cost": 362305.64,
              "Plan Rows": 1,
              "Plan Width": 8,
              "Actual Startup Time": 453.896,
              "Actual Total Time": 453.898,
              "Actual Rows": 1,
              "Actual Loops": 5,
              "Plans": [
                {
                  "Node Type": "Nested Loop",
                  "Parent Relationship": "Outer",
                  "Parallel Aware": false,
                  "Join Type": "Inner",
                  "Startup Cost": 0.56,
                  "Total Cost": 362167.91,
                  "Plan Rows": 55088,
                  "Plan Width": 0,
                  "Actual Startup Time": 1.183,
                  "Actual Total Time": 450.185,
                  "Actual Rows": 39974,
                  "Actual Loops": 5,
                  "Inner Unique": false,
                  "Plans": [
                    {
                      "Node Type": "Seq Scan",
                      "Parent Relationship": "Outer",
                      "Parallel Aware": true,
                      "Relation Name": "title",
                      "Alias": "t",
                      "Startup Cost": 0.0,
                      "Total Cost": 43898.92,
                      "Plan Rows": 13653,
                      "Plan Width": 4,
                      "Actual Startup Time": 0.06,
                      "Actual Total Time": 68.046,
                      "Actual Rows": 10113,
                      "Actual Loops": 5,
                      "Filter": "(production_year = 1999)",
                      "Rows Removed by Filter": 495550
                    },
                    {
                      "Node Type": "Index Scan",
                      "Parent Relationship": "Inner",
                      "Parallel Aware": false,
                      "Scan Direction": "Forward",
                      "Index Name": "movie_id_cast_info",
                      "Relation Name": "cast_info",
                      "Alias": "ci",
                      "Startup Cost": 0.56,
                      "Total Cost": 23.21,
                      "Plan Rows": 10,
                      "Plan Width": 4,
                      "Actual Startup Time": 0.029,
                      "Actual Total Time": 0.037,
                      "Actual Rows": 4,
                      "Actual Loops": 50564,
                      "Index Cond": "(movie_id = t.id)",
                      "Rows Removed by Index Recheck": 0,
                      "Filter": "((person_id > 625643) AND (role_id > 3))",
                      "Rows Removed by Filter": 10
                    }
                  ]
                }
              ]
            }
          ]
        }
      ]
    },
    "Planning Time": 0.636,
    "Triggers": [],
    "Execution Time": 531.723
  }
]