[
  {
    "Plan": {
      "Node Type": "Aggregate",
      "Strategy": "Plain",
      "Partial Mode": "Finalize",
      "Parallel Aware": false,
      "Startup Cost": 52872.92,
      "Total Cost": 52872.93,
      "Plan Rows": 1,
      "Plan Width": 8,
      "Actual Startup Time": 66.577,
      "Actual Total Time": 79.693,
      "Actual Rows": 1,
      "Actual Loops": 1,
      "Plans": [
        {
          "Node Type": "Gather",
          "Parent Relationship": "Outer",
          "Parallel Aware": false,
          "Startup Cost": 52872.6,
          "Total Cost": 52872.91,
          "Plan Rows": 3,
          "Plan Width": 8,
          "Actual Startup Time": 66.44,
          "Actual Total Time": 79.687,
          "Actual Rows": 4,
          "Actual Loops": 1,
          "Workers Planned": 3,
          "Workers Launched": 3,
          "Single Copy": false,
          "Plans": [
            {
              "Node Type": "Aggregate",
              "Strategy": "Plain",
              "Partial Mode": "Partial",
              "Parent Relationship": "Outer",
              "Parallel Aware": false,
              "Startup Cost": 51872.6,
              "Total Cost": 51872.61,
              "Plan Rows": 1,
              "Plan Width": 8,
              "Actual Startup Time": 61.11,
              "Actual Total Time": 61.111,
              "Actual Rows": 1,
              "Actual Loops": 4,
              "Plans": [
                {
                  "Node Type": "Nested Loop",
                  "Parent Relationship": "Outer",
                  "Parallel Aware": false,
                  "Join Type": "Inner",
                  "Startup Cost": 296.7,
                  "Total Cost": 51861.07,
                  "Plan Rows": 4613,
                  "Plan Width": 0,
                  "Actual Startup Time": 0.974,
                  "Actual Total Time": 60.237,
                  "Actual Rows": 12387,
                  "Actual Loops": 4,
                  "Inner Unique": false,
                  "Plans": [
                    {
                      "Node Type": "Nested Loop",
                      "Parent Relationship": "Outer",
                      "Parallel Aware": false,
                      "Join Type": "Inner",
                      "Startup Cost": 296.27,
                      "Total Cost": 49123.53,
                      "Plan Rows": 4471,
                      "Plan Width": 8,
                      "Actual Startup Time": 0.883,
                      "Actual Total Time": 33.156,
                      "Actual Rows": 3593,
                      "Actual Loops": 4,
                      "Inner Unique": true,
                      "Plans": [
                        {
                          "Node Type": "Bitmap Heap Scan",
                          "Parent Relationship": "Outer",
                          "Parallel Aware": true,
                          "Relation Name": "movie_keyword",
                          "Alias": "mk",
                          "Startup Cost": 295.84,
                          "Total Cost": 22018.83,
                          "Plan Rows": 4471,
                          "Plan Width": 4,
                          "Actual Startup Time": 0.769,
                          "Actual Total Time": 9.118,
                          "Actual Rows": 3593,
                          "Actual Loops": 4,
                          "Recheck Cond": "(keyword_id < 3)",
                          "Rows Removed by Index Recheck": 0,
                          "Exact Heap Blocks": 3096,
                          "Lossy Heap Blocks": 0,
                          "Plans": [
                            {
                              "Node Type": "Bitmap Index Scan",
                              "Parent Relationship": "Outer",
                              "Parallel Aware": false,
                              "Index Name": "keyword_id_movie_keyword",
                              "Startup Cost": 0.0,
                              "Total Cost": 292.38,
                              "Plan Rows": 13859,
                              "Plan Width": 0,
                              "Actual Startup Time": 1.823,
                              "Actual Total Time": 1.824,
                              "Actual Rows": 14373,
                              "Actual Loops": 1,
                              "Index Cond": "(keyword_id < 3)"
                            }
                          ]
                        },
                        {
                          "Node Type": "Index Only Scan",
                          "Parent Relationship": "Inner",
                          "Parallel Aware": false,
                          "Scan Direction": "Forward",
                          "Index Name": "title_pkey",
                          "Relation Name": "title",
                          "Alias": "t",
                          "Startup Cost": 0.43,
                          "Total Cost": 6.06,
                          "Plan Rows": 1,
                          "Plan Width": 4,
                          "Actual Startup Time": 0.006,
                          "Actual Total Time": 0.006,
                          "Actual Rows": 1,
                          "Actual Loops": 14373,
                          "Index Cond": "(id = mk.movie_id)",
                          "Rows Removed by Index Recheck": 0,
                          "Heap Fetches": 14373
                        }
                      ]
                    },
                    {
                      "Node Type": "Index Only Scan",
                      "Parent Relationship": "Inner",
                      "Parallel Aware": false,
                      "Scan Direction": "Forward",
                      "Index Name": "movie_id_movie_companies",
                      "Relation Name": "movie_companies",
                      "Alias": "mc",
                      "Startup Cost": 0.43,
                      "Total Cost": 0.56,
                      "Plan Rows": 5,
                      "Plan Width": 4,
                      "Actual Startup Time": 0.005,
                      "Actual Total Time": 0.007,
                      "Actual Rows": 3,
                      "Actual Loops": 14373,
                      "Index Cond": "(movie_id = t.id)",
                      "Rows Removed by Index Recheck": 0,
                      "Heap Fetches": 49549
                    }
                  ]
                }
              ]
            }
          ]
        }
      ]
    },
    "Planning Time": 0.783,
    "Triggers": [],
    "Execution Time": 79.739
  }
]