{
    "Plan": {
        "Node Type": "Aggregate",
        "Strategy": "Plain",
        "Partial Mode": "Simple",
        "Parallel Aware": false,
        "Startup Cost": 10000455975.1,
        "Total Cost": 10000455975.11,
        "Plan Rows": 1,
        "Plan Width": 8,
        "Actual Startup Time": 5386.13,
        "Actual Total Time": 5386.135,
        "Actual Rows": 1,
        "Actual Loops": 1,
        "Output": [
            "count(*)"
        ],
        "Plans": [
            {
                "Node Type": "Hash Join",
                "Parent Relationship": "Outer",
                "Parallel Aware": false,
                "Join Type": "Inner",
                "Startup Cost": 10000307773.74,
                "Total Cost": 10000451107.68,
                "Plan Rows": 1946969,
                "Plan Width": 0,
                "Actual Startup Time": 3203.591,
                "Actual Total Time": 5098.035,
                "Actual Rows": 7588780,
                "Actual Loops": 1,
                "Inner Unique": false,
                "Hash Cond": "(t.id = mc.movie_id)",
                "Plans": [
                    {
                        "Node Type": "Hash Join",
                        "Parent Relationship": "Outer",
                        "Parallel Aware": false,
                        "Join Type": "Inner",
                        "Startup Cost": 10000230263.84,
                        "Total Cost": 10000317695.02,
                        "Plan Rows": 4163779,
                        "Plan Width": 8,
                        "Actual Startup Time": 2682.347,
                        "Actual Total Time": 3723.816,
                        "Actual Rows": 4160645,
                        "Actual Loops": 1,
                        "Output": [
                            "t.id",
                            "mk.movie_id"
                        ],
                        "Inner Unique": true,
                        "Hash Cond": "(mk.movie_id = t.id)",
                        "Plans": [
                            {
                                "Node Type": "Bitmap Heap Scan",
                                "Parent Relationship": "Outer",
                                "Parallel Aware": false,
                                "Relation Name": "movie_keyword",
                                "Schema": "public",
                                "Alias": "mk",
                                "Startup Cost": 88317.72,
                                "Total Cost": 164818.96,
                                "Plan Rows": 4163779,
                                "Plan Width": 4,
                                "Actual Startup Time": 236.935,
                                "Actual Total Time": 605.618,
                                "Actual Rows": 4160645,
                                "Actual Loops": 1,
                                "Output": [
                                    "mk.id",
                                    "mk.movie_id",
                                    "mk.keyword_id"
                                ],
                                "Recheck Cond": "(mk.keyword_id > 333)",
                                "Rows Removed by Index Recheck": 0,
                                "Exact Heap Blocks": 24450,
                                "Lossy Heap Blocks": 0,
                                "Plans": [
                                    {
                                        "Node Type": "Bitmap Index Scan",
                                        "Parent Relationship": "Outer",
                                        "Parallel Aware": false,
                                        "Index Name": "keyword_id_movie_keyword",
                                        "Startup Cost": 0.0,
                                        "Total Cost": 87276.77,
                                        "Plan Rows": 4163779,
                                        "Plan Width": 0,
                                        "Actual Startup Time": 233.665,
                                        "Actual Total Time": 233.666,
                                        "Actual Rows": 4160645,
                                        "Actual Loops": 1,
                                        "Index Cond": "(mk.keyword_id > 333)"
                                    }
                                ]
                            },
                            {
                                "Node Type": "Hash",
                                "Parent Relationship": "Inner",
                                "Parallel Aware": false,
                                "Startup Cost": 10000110342.1,
                                "Total Cost": 10000110342.1,
                                "Plan Rows": 2528322,
                                "Plan Width": 4,
                                "Actual Startup Time": 2428.899,
                                "Actual Total Time": 2428.9,
                                "Actual Rows": 2528312,
                                "Actual Loops": 1,
                                "Output": [
                                    "t.id"
                                ],
                                "Hash Buckets": 4194304,
                                "Original Hash Buckets": 4194304,
                                "Hash Batches": 1,
                                "Original Hash Batches": 1,
                                "Peak Memory Usage": 121654,
                                "Plans": [
                                    {
                                        "Node Type": "Index Scan",
                                        "Parent Relationship": "Outer",
                                        "Parallel Aware": false,
                                        "Scan Direction": "Forward",
                                        "Index Name": "title_pkey",
                                        "Relation Name": "title",
                                        "Schema": "public",
                                        "Alias": "t",
                                        "Startup Cost": 10000000000.43,
                                        "Total Cost": 10000110342.1,
                                        "Plan Rows": 2528322,
                                        "Plan Width": 4,
                                        "Actual Startup Time": 0.043,
                                        "Actual Total Time": 1650.476,
                                        "Actual Rows": 2528312,
                                        "Actual Loops": 1,
                                        "Output": [
                                            "t.id"
                                        ]
                                    }
                                ]
                            }
                        ]
                    },
                    {
                        "Node Type": "Hash",
                        "Parent Relationship": "Inner",
                        "Parallel Aware": false,
                        "Startup Cost": 62731.96,
                        "Total Cost": 62731.96,
                        "Plan Rows": 1182235,
                        "Plan Width": 4,
                        "Actual Startup Time": 502.741,
                        "Actual Total Time": 502.742,
                        "Actual Rows": 1270409,
                        "Actual Loops": 1,
                        "Output": [
                            "mc.movie_id"
                        ],
                        "Hash Buckets": 2097152,
                        "Original Hash Buckets": 2097152,
                        "Hash Batches": 1,
                        "Original Hash Batches": 1,
                        "Peak Memory Usage": 61047,
                        "Plans": [
                            {
                                "Node Type": "Bitmap Heap Scan",
                                "Parent Relationship": "Outer",
                                "Parallel Aware": false,
                                "Relation Name": "movie_companies",
                                "Schema": "public",
                                "Alias": "mc",
                                "Startup Cost": 23988.65,
                                "Total Cost": 62731.96,
                                "Plan Rows": 1182235,
                                "Plan Width": 4,
                                "Actual Startup Time": 52.595,
                                "Actual Total Time": 240.328,
                                "Actual Rows": 1270409,
                                "Actual Loops": 1,
                                "Output": [
                                    "mc.movie_id"
                                ],
                                "Recheck Cond": "(mc.company_type_id = 2)",
                                "Rows Removed by Index Recheck": 0,
                                "Filter": "(mc.company_id > 154)",
                                "Rows Removed by Filter": 64474,
                                "Exact Heap Blocks": 7614,
                                "Lossy Heap Blocks": 0,
                                "Plans": [
                                    {
                                        "Node Type": "Bitmap Index Scan",
                                        "Parent Relationship": "Outer",
                                        "Parallel Aware": false,
                                        "Index Name": "company_type_id_movie_companies",
                                        "Startup Cost": 0.0,
                                        "Total Cost": 23693.09,
                                        "Plan Rows": 1330221,
                                        "Plan Width": 0,
                                        "Actual Startup Time": 51.678,
                                        "Actual Total Time": 51.679,
                                        "Actual Rows": 1334883,
                                        "Actual Loops": 1,
                                        "Index Cond": "(mc.company_type_id = 2)"
                                    }
                                ]
                            }
                        ]
                    }
                ]
            }
        ]
    },
    "Planning Time": 3.315,
    "Triggers": [],
    "Execution Time": 5391.302
}