{
    "Plan": {
        "Node Type": "Aggregate",
        "Strategy": "Plain",
        "Partial Mode": "Simple",
        "Parallel Aware": false,
        "Startup Cost": 16139.18,
        "Total Cost": 16139.19,
        "Plan Rows": 1,
        "Plan Width": 32,
        "Actual Startup Time": 2351.162,
        "Actual Total Time": 2351.173,
        "Actual Rows": 1,
        "Actual Loops": 1,
        "Plans": [
            {
                "Node Type": "Nested Loop",
                "Parent Relationship": "Outer",
                "Parallel Aware": false,
                "Join Type": "Inner",
                "Startup Cost": 12328.58,
                "Total Cost": 16139.18,
                "Plan Rows": 1,
                "Plan Width": 17,
                "Actual Startup Time": 688.116,
                "Actual Total Time": 2351.139,
                "Actual Rows": 33,
                "Actual Loops": 1,
                "Inner Unique": true,
                "Plans": [
                    {
                        "Node Type": "Nested Loop",
                        "Parent Relationship": "Outer",
                        "Parallel Aware": false,
                        "Join Type": "Inner",
                        "Startup Cost": 12328.15,
                        "Total Cost": 16138.72,
                        "Plan Rows": 1,
                        "Plan Width": 21,
                        "Actual Startup Time": 688.085,
                        "Actual Total Time": 2350.941,
                        "Actual Rows": 33,
                        "Actual Loops": 1,
                        "Inner Unique": true,
                        "Plans": [
                            {
                                "Node Type": "Nested Loop",
                                "Parent Relationship": "Outer",
                                "Parallel Aware": false,
                                "Join Type": "Inner",
                                "Startup Cost": 12327.72,
                                "Total Cost": 16118.95,
                                "Plan Rows": 43,
                                "Plan Width": 25,
                                "Actual Startup Time": 124.778,
                                "Actual Total Time": 1185.552,
                                "Actual Rows": 532809,
                                "Actual Loops": 1,
                                "Inner Unique": false,
                                "Plans": [
                                    {
                                        "Node Type": "Hash Join",
                                        "Parent Relationship": "Outer",
                                        "Parallel Aware": false,
                                        "Join Type": "Inner",
                                        "Startup Cost": 12327.15,
                                        "Total Cost": 16113.26,
                                        "Plan Rows": 3,
                                        "Plan Width": 29,
                                        "Actual Startup Time": 124.743,
                                        "Actual Total Time": 249.098,
                                        "Actual Rows": 6016,
                                        "Actual Loops": 1,
                                        "Inner Unique": true,
                                        "Hash Cond": "(cc.subject_id = cct1.id)",
                                        "Plans": [
                                            {
                                                "Node Type": "Hash Join",
                                                "Parent Relationship": "Outer",
                                                "Parallel Aware": false,
                                                "Join Type": "Inner",
                                                "Startup Cost": 12326.09,
                                                "Total Cost": 16112.14,
                                                "Plan Rows": 12,
                                                "Plan Width": 33,
                                                "Actual Startup Time": 124.694,
                                                "Actual Total Time": 246.806,
                                                "Actual Rows": 8371,
                                                "Actual Loops": 1,
                                                "Inner Unique": true,
                                                "Hash Cond": "(t.kind_id = kt.id)",
                                                "Plans": [
                                                    {
                                                        "Node Type": "Hash Join",
                                                        "Parent Relationship": "Outer",
                                                        "Parallel Aware": false,
                                                        "Join Type": "Inner",
                                                        "Startup Cost": 12324.99,
                                                        "Total Cost": 16110.68,
                                                        "Plan Rows": 83,
                                                        "Plan Width": 37,
                                                        "Actual Startup Time": 124.664,
                                                        "Actual Total Time": 243.978,
                                                        "Actual Rows": 10330,
                                                        "Actual Loops": 1,
                                                        "Inner Unique": true,
                                                        "Hash Cond": "(cc.status_id = cct2.id)",
                                                        "Plans": [
                                                            {
                                                                "Node Type": "Nested Loop",
                                                                "Parent Relationship": "Outer",
                                                                "Parallel Aware": false,
                                                                "Join Type": "Inner",
                                                                "Startup Cost": 12323.93,
                                                                "Total Cost": 16107.82,
                                                                "Plan Rows": 333,
                                                                "Plan Width": 41,
                                                                "Actual Startup Time": 124.634,
                                                                "Actual Total Time": 241.14,
                                                                "Actual Rows": 10330,
                                                                "Actual Loops": 1,
                                                                "Inner Unique": true,
                                                                "Plans": [
                                                                    {
                                                                        "Node Type": "Hash Join",
                                                                        "Parent Relationship": "Outer",
                                                                        "Parallel Aware": false,
                                                                        "Join Type": "Inner",
                                                                        "Startup Cost": 12323.5,
                                                                        "Total Cost": 15928.74,
                                                                        "Plan Rows": 367,
                                                                        "Plan Width": 16,
                                                                        "Actual Startup Time": 124.602,
                                                                        "Actual Total Time": 184.529,
                                                                        "Actual Rows": 12810,
                                                                        "Actual Loops": 1,
                                                                        "Inner Unique": false,
                                                                        "Hash Cond": "(cc.movie_id = mk.movie_id)",
                                                                        "Plans": [
                                                                            {
                                                                                "Node Type": "Seq Scan",
                                                                                "Parent Relationship": "Outer",
                                                                                "Parallel Aware": false,
                                                                                "Relation Name": "complete_cast",
                                                                                "Alias": "cc",
                                                                                "Startup Cost": 0.0,
                                                                                "Total Cost": 2081.86,
                                                                                "Plan Rows": 135086,
                                                                                "Plan Width": 12,
                                                                                "Actual Startup Time": 0.02,
                                                                                "Actual Total Time": 11.986,
                                                                                "Actual Rows": 135086,
                                                                                "Actual Loops": 1
                                                                            },
                                                                            {
                                                                                "Node Type": "Hash",
                                                                                "Parent Relationship": "Inner",
                                                                                "Parallel Aware": false,
                                                                                "Startup Cost": 12320.12,
                                                                                "Total Cost": 12320.12,
                                                                                "Plan Rows": 270,
                                                                                "Plan Width": 4,
                                                                                "Actual Startup Time": 124.561,
                                                                                "Actual Total Time": 124.564,
                                                                                "Actual Rows": 35548,
                                                                                "Actual Loops": 1,
                                                                                "Hash Buckets": 65536,
                                                                                "Original Hash Buckets": 1024,
                                                                                "Hash Batches": 1,
                                                                                "Original Hash Batches": 1,
                                                                                "Peak Memory Usage": 1762,
                                                                                "Plans": [
                                                                                    {
                                                                                        "Node Type": "Nested Loop",
                                                                                        "Parent Relationship": "Outer",
                                                                                        "Parallel Aware": false,
                                                                                        "Join Type": "Inner",
                                                                                        "Startup Cost": 6.8,
                                                                                        "Total Cost": 12320.12,
                                                                                        "Plan Rows": 270,
                                                                                        "Plan Width": 4,
                                                                                        "Actual Startup Time": 1.517,
                                                                                        "Actual Total Time": 117.06,
                                                                                        "Actual Rows": 35548,
                                                                                        "Actual Loops": 1,
                                                                                        "Inner Unique": false,
                                                                                        "Plans": [
                                                                                            {
                                                                                                "Node Type": "Seq Scan",
                                                                                                "Parent Relationship": "Outer",
                                                                                                "Parallel Aware": false,
                                                                                                "Relation Name": "keyword",
                                                                                                "Alias": "k",
                                                                                                "Startup Cost": 0.0,
                                                                                                "Total Cost": 3632.4,
                                                                                                "Plan Rows": 8,
                                                                                                "Plan Width": 4,
                                                                                                "Actual Startup Time": 0.288,
                                                                                                "Actual Total Time": 34.879,
                                                                                                "Actual Rows": 8,
                                                                                                "Actual Loops": 1,
                                                                                                "Filter": "(keyword = ANY ('{superhero,sequel,second-part,marvel-comics,based-on-comic,tv-special,fight,violence}'::text[]))",
                                                                                                "Rows Removed by Filter": 134162
                                                                                            },
                                                                                            {
                                                                                                "Node Type": "Bitmap Heap Scan",
                                                                                                "Parent Relationship": "Inner",
                                                                                                "Parallel Aware": false,
                                                                                                "Relation Name": "movie_keyword",
                                                                                                "Alias": "mk",
                                                                                                "Startup Cost": 6.8,
                                                                                                "Total Cost": 1082.91,
                                                                                                "Plan Rows": 306,
                                                                                                "Plan Width": 8,
                                                                                                "Actual Startup Time": 1.496,
                                                                                                "Actual Total Time": 9.525,
                                                                                                "Actual Rows": 4444,
                                                                                                "Actual Loops": 8,
                                                                                                "Recheck Cond": "(keyword_id = k.id)",
                                                                                                "Rows Removed by Index Recheck": 0,
                                                                                                "Exact Heap Blocks": 23488,
                                                                                                "Lossy Heap Blocks": 0,
                                                                                                "Plans": [
                                                                                                    {
                                                                                                        "Node Type": "Bitmap Index Scan",
                                                                                                        "Parent Relationship": "Outer",
                                                                                                        "Parallel Aware": false,
                                                                                                        "Index Name": "keyword_id_movie_keyword",
                                                                                                        "Startup Cost": 0.0,
                                                                                                        "Total Cost": 6.73,
                                                                                                        "Plan Rows": 306,
                                                                                                        "Plan Width": 0,
                                                                                                        "Actual Startup Time": 0.739,
                                                                                                        "Actual Total Time": 0.739,
                                                                                                        "Actual Rows": 4444,
                                                                                                        "Actual Loops": 8,
                                                                                                        "Index Cond": "(keyword_id = k.id)"
                                                                                                    }
                                                                                                ]
                                                                                            }
                                                                                        ]
                                                                                    }
                                                                                ]
                                                                            }
                                                                        ]
                                                                    },
                                                                    {
                                                                        "Node Type": "Index Scan",
                                                                        "Parent Relationship": "Inner",
                                                                        "Parallel Aware": false,
                                                                        "Scan Direction": "Forward",
                                                                        "Index Name": "title_pkey",
                                                                        "Relation Name": "title",
                                                                        "Alias": "t",
                                                                        "Startup Cost": 0.43,
                                                                        "Total Cost": 0.49,
                                                                        "Plan Rows": 1,
                                                                        "Plan Width": 25,
                                                                        "Actual Startup Time": 0.004,
                                                                        "Actual Total Time": 0.004,
                                                                        "Actual Rows": 1,
                                                                        "Actual Loops": 12810,
                                                                        "Index Cond": "(id = mk.movie_id)",
                                                                        "Rows Removed by Index Recheck": 0,
                                                                        "Filter": "(production_year > 1950)",
                                                                        "Rows Removed by Filter": 0
                                                                    }
                                                                ]
                                                            },
                                                            {
                                                                "Node Type": "Hash",
                                                                "Parent Relationship": "Inner",
                                                                "Parallel Aware": false,
                                                                "Startup Cost": 1.05,
                                                                "Total Cost": 1.05,
                                                                "Plan Rows": 1,
                                                                "Plan Width": 4,
                                                                "Actual Startup Time": 0.019,
                                                                "Actual Total Time": 0.02,
                                                                "Actual Rows": 2,
                                                                "Actual Loops": 1,
                                                                "Hash Buckets": 1024,
                                                                "Original Hash Buckets": 1024,
                                                                "Hash Batches": 1,
                                                                "Original Hash Batches": 1,
                                                                "Peak Memory Usage": 9,
                                                                "Plans": [
                                                                    {
                                                                        "Node Type": "Seq Scan",
                                                                        "Parent Relationship": "Outer",
                                                                        "Parallel Aware": false,
                                                                        "Relation Name": "comp_cast_type",
                                                                        "Alias": "cct2",
                                                                        "Startup Cost": 0.0,
                                                                        "Total Cost": 1.05,
                                                                        "Plan Rows": 1,
                                                                        "Plan Width": 4,
                                                                        "Actual Startup Time": 0.013,
                                                                        "Actual Total Time": 0.016,
                                                                        "Actual Rows": 2,
                                                                        "Actual Loops": 1,
                                                                        "Filter": "((kind)::text ~~ '%complete%'::text)",
                                                                        "Rows Removed by Filter": 2
                                                                    }
                                                                ]
                                                            }
                                                        ]
                                                    },
                                                    {
                                                        "Node Type": "Hash",
                                                        "Parent Relationship": "Inner",
                                                        "Parallel Aware": false,
                                                        "Startup Cost": 1.09,
                                                        "Total Cost": 1.09,
                                                        "Plan Rows": 1,
                                                        "Plan Width": 4,
                                                        "Actual Startup Time": 0.019,
                                                        "Actual Total Time": 0.019,
                                                        "Actual Rows": 1,
                                                        "Actual Loops": 1,
                                                        "Hash Buckets": 1024,
                                                        "Original Hash Buckets": 1024,
                                                        "Hash Batches": 1,
                                                        "Original Hash Batches": 1,
                                                        "Peak Memory Usage": 9,
                                                        "Plans": [
                                                            {
                                                                "Node Type": "Seq Scan",
                                                                "Parent Relationship": "Outer",
                                                                "Parallel Aware": false,
                                                                "Relation Name": "kind_type",
                                                                "Alias": "kt",
                                                                "Startup Cost": 0.0,
                                                                "Total Cost": 1.09,
                                                                "Plan Rows": 1,
                                                                "Plan Width": 4,
                                                                "Actual Startup Time": 0.012,
                                                                "Actual Total Time": 0.015,
                                                                "Actual Rows": 1,
                                                                "Actual Loops": 1,
                                                                "Filter": "((kind)::text = 'movie'::text)",
                                                                "Rows Removed by Filter": 6
                                                            }
                                                        ]
                                                    }
                                                ]
                                            },
                                            {
                                                "Node Type": "Hash",
                                                "Parent Relationship": "Inner",
                                                "Parallel Aware": false,
                                                "Startup Cost": 1.05,
                                                "Total Cost": 1.05,
                                                "Plan Rows": 1,
                                                "Plan Width": 4,
                                                "Actual Startup Time": 0.035,
                                                "Actual Total Time": 0.035,
                                                "Actual Rows": 1,
                                                "Actual Loops": 1,
                                                "Hash Buckets": 1024,
                                                "Original Hash Buckets": 1024,
                                                "Hash Batches": 1,
                                                "Original Hash Batches": 1,
                                                "Peak Memory Usage": 9,
                                                "Plans": [
                                                    {
                                                        "Node Type": "Seq Scan",
                                                        "Parent Relationship": "Outer",
                                                        "Parallel Aware": false,
                                                        "Relation Name": "comp_cast_type",
                                                        "Alias": "cct1",
                                                        "Startup Cost": 0.0,
                                                        "Total Cost": 1.05,
                                                        "Plan Rows": 1,
                                                        "Plan Width": 4,
                                                        "Actual Startup Time": 0.023,
                                                        "Actual Total Time": 0.026,
                                                        "Actual Rows": 1,
                                                        "Actual Loops": 1,
                                                        "Filter": "((kind)::text = 'cast'::text)",
                                                        "Rows Removed by Filter": 3
                                                    }
                                                ]
                                            }
                                        ]
                                    },
                                    {
                                        "Node Type": "Index Scan",
                                        "Parent Relationship": "Inner",
                                        "Parallel Aware": false,
                                        "Scan Direction": "Forward",
                                        "Index Name": "movie_id_cast_info",
                                        "Relation Name": "cast_info",
                                        "Alias": "ci",
                                        "Startup Cost": 0.56,
                                        "Total Cost": 1.52,
                                        "Plan Rows": 37,
                                        "Plan Width": 12,
                                        "Actual Startup Time": 0.007,
                                        "Actual Total Time": 0.143,
                                        "Actual Rows": 89,
                                        "Actual Loops": 6016,
                                        "Index Cond": "(movie_id = mk.movie_id)",
                                        "Rows Removed by Index Recheck": 0
                                    }
                                ]
                            },
                            {
                                "Node Type": "Index Scan",
                                "Parent Relationship": "Inner",
                                "Parallel Aware": false,
                                "Scan Direction": "Forward",
                                "Index Name": "char_name_pkey",
                                "Relation Name": "char_name",
                                "Alias": "chn",
                                "Startup Cost": 0.43,
                                "Total Cost": 0.46,
                                "Plan Rows": 1,
                                "Plan Width": 4,
                                "Actual Startup Time": 0.002,
                                "Actual Total Time": 0.002,
                                "Actual Rows": 0,
                                "Actual Loops": 532809,
                                "Index Cond": "(id = ci.person_role_id)",
                                "Rows Removed by Index Recheck": 0,
                                "Filter": "((name !~~ '%Sherlock%'::text) AND ((name ~~ '%Tony%Stark%'::text) OR (name ~~ '%Iron%Man%'::text)))",
                                "Rows Removed by Filter": 0
                            }
                        ]
                    },
                    {
                        "Node Type": "Index Only Scan",
                        "Parent Relationship": "Inner",
                        "Parallel Aware": false,
                        "Scan Direction": "Forward",
                        "Index Name": "name_pkey",
                        "Relation Name": "name",
                        "Alias": "n",
                        "Startup Cost": 0.43,
                        "Total Cost": 0.45,
                        "Plan Rows": 1,
                        "Plan Width": 4,
                        "Actual Startup Time": 0.005,
                        "Actual Total Time": 0.005,
                        "Actual Rows": 1,
                        "Actual Loops": 33,
                        "Index Cond": "(id = ci.person_id)",
                        "Rows Removed by Index Recheck": 0,
                        "Heap Fetches": 33
                    }
                ]
            }
        ]
    },
    "Planning Time": 3.352,
    "Triggers": [],
    "Execution Time": 2351.395
}