{
    "Plan": {
        "Node Type": "Aggregate",
        "Strategy": "Plain",
        "Partial Mode": "Finalize",
        "Parallel Aware": false,
        "Startup Cost": 82801.1,
        "Total Cost": 82801.11,
        "Plan Rows": 1,
        "Plan Width": 8,
        "Actual Startup Time": 136.107,
        "Actual Total Time": 153.491,
        "Actual Rows": 1,
        "Actual Loops": 1,
        "Output": [
            "count(*)"
        ],
        "Plans": [
            {
                "Node Type": "Gather",
                "Parent Relationship": "Outer",
                "Parallel Aware": false,
                "Startup Cost": 82800.68,
                "Total Cost": 82801.09,
                "Plan Rows": 4,
                "Plan Width": 8,
                "Actual Startup Time": 135.943,
                "Actual Total Time": 153.481,
                "Actual Rows": 5,
                "Actual Loops": 1,
                "Output": [
                    "(PARTIAL count(*))"
                ],
                "Workers Planned": 4,
                "Workers Launched": 4,
                "Single Copy": false,
                "Plans": [
                    {
                        "Node Type": "Aggregate",
                        "Strategy": "Plain",
                        "Partial Mode": "Partial",
                        "Parent Relationship": "Outer",
                        "Parallel Aware": false,
                        "Startup Cost": 81800.68,
                        "Total Cost": 81800.69,
                        "Plan Rows": 1,
                        "Plan Width": 8,
                        "Actual Startup Time": 126.328,
                        "Actual Total Time": 126.33,
                        "Actual Rows": 1,
                        "Actual Loops": 5,
                        "Output": [
                            "PARTIAL count(*)"
                        ],
                        "Workers": [
                            {
                                "Worker Number": 0,
                                "Actual Startup Time": 123.639,
                                "Actual Total Time": 123.642,
                                "Actual Rows": 1,
                                "Actual Loops": 1
                            },
                            {
                                "Worker Number": 1,
                                "Actual Startup Time": 124.167,
                                "Actual Total Time": 124.169,
                                "Actual Rows": 1,
                                "Actual Loops": 1
                            },
                            {
                                "Worker Number": 2,
                                "Actual Startup Time": 124.127,
                                "Actual Total Time": 124.129,
                                "Actual Rows": 1,
                                "Actual Loops": 1
                            },
                            {
                                "Worker Number": 3,
                                "Actual Startup Time": 124.514,
                                "Actual Total Time": 124.516,
                                "Actual Rows": 1,
                                "Actual Loops": 1
                            }
                        ],
                        "Plans": [
                            {
                                "Node Type": "Nested Loop",
                                "Parent Relationship": "Outer",
                                "Parallel Aware": false,
                                "Join Type": "Inner",
                                "Startup Cost": 0.99,
                                "Total Cost": 81779.33,
                                "Plan Rows": 8538,
                                "Plan Width": 0,
                                "Actual Startup Time": 0.395,
                                "Actual Total Time": 125.259,
                                "Actual Rows": 7085,
                                "Actual Loops": 5,
                                "Inner Unique": true,
                                "Workers": [
                                    {
                                        "Worker Number": 0,
                                        "Actual Startup Time": 0.397,
                                        "Actual Total Time": 122.737,
                                        "Actual Rows": 4603,
                                        "Actual Loops": 1
                                    },
                                    {
                                        "Worker Number": 1,
                                        "Actual Startup Time": 0.605,
                                        "Actual Total Time": 123.092,
                                        "Actual Rows": 4118,
                                        "Actual Loops": 1
                                    },
                                    {
                                        "Worker Number": 2,
                                        "Actual Startup Time": 0.403,
                                        "Actual Total Time": 123.132,
                                        "Actual Rows": 5385,
                                        "Actual Loops": 1
                                    },
                                    {
                                        "Worker Number": 3,
                                        "Actual Startup Time": 0.428,
                                        "Actual Total Time": 123.517,
                                        "Actual Rows": 5721,
                                        "Actual Loops": 1
                                    }
                                ],
                                "Plans": [
                                    {
                                        "Node Type": "Index Scan",
                                        "Parent Relationship": "Outer",
                                        "Parallel Aware": true,
                                        "Scan Direction": "Forward",
                                        "Index Name": "role_id_cast_info",
                                        "Relation Name": "cast_info",
                                        "Schema": "public",
                                        "Alias": "ci",
                                        "Startup Cost": 0.56,
                                        "Total Cost": 45790.64,
                                        "Plan Rows": 8538,
                                        "Plan Width": 4,
                                        "Actual Startup Time": 0.199,
                                        "Actual Total Time": 66.038,
                                        "Actual Rows": 7085,
                                        "Actual Loops": 5,
                                        "Output": [
                                            "ci.id",
                                            "ci.person_id",
                                            "ci.movie_id",
                                            "ci.person_role_id",
                                            "ci.note",
                                            "ci.nr_order",
                                            "ci.role_id"
                                        ],
                                        "Index Cond": "(ci.role_id = 8)",
                                        "Rows Removed by Index Recheck": 0,
                                        "Filter": "(ci.person_id < 81745)",
                                        "Rows Removed by Filter": 333624,
                                        "Workers": [
                                            {
                                                "Worker Number": 0,
                                                "Actual Startup Time": 0.158,
                                                "Actual Total Time": 64.326,
                                                "Actual Rows": 4603,
                                                "Actual Loops": 1
                                            },
                                            {
                                                "Worker Number": 1,
                                                "Actual Startup Time": 0.359,
                                                "Actual Total Time": 65.608,
                                                "Actual Rows": 4118,
                                                "Actual Loops": 1
                                            },
                                            {
                                                "Worker Number": 2,
                                                "Actual Startup Time": 0.185,
                                                "Actual Total Time": 65.561,
                                                "Actual Rows": 5385,
                                                "Actual Loops": 1
                                            },
                                            {
                                                "Worker Number": 3,
                                                "Actual Startup Time": 0.18,
                                                "Actual Total Time": 65.55,
                                                "Actual Rows": 5721,
                                                "Actual Loops": 1
                                            }
                                        ]
                                    },
                                    {
                                        "Node Type": "Index Only Scan",
                                        "Parent Relationship": "Inner",
                                        "Parallel Aware": false,
                                        "Scan Direction": "Forward",
                                        "Index Name": "title_pkey",
                                        "Relation Name": "title",
                                        "Schema": "public",
                                        "Alias": "t",
                                        "Startup Cost": 0.43,
                                        "Total Cost": 4.22,
                                        "Plan Rows": 1,
                                        "Plan Width": 4,
                                        "Actual Startup Time": 0.008,
                                        "Actual Total Time": 0.008,
                                        "Actual Rows": 1,
                                        "Actual Loops": 35424,
                                        "Output": [
                                            "t.id"
                                        ],
                                        "Index Cond": "(t.id = ci.movie_id)",
                                        "Rows Removed by Index Recheck": 0,
                                        "Heap Fetches": 35424,
                                        "Workers": [
                                            {
                                                "Worker Number": 0,
                                                "Actual Startup Time": 0.012,
                                                "Actual Total Time": 0.012,
                                                "Actual Rows": 1,
                                                "Actual Loops": 4603
                                            },
                                            {
                                                "Worker Number": 1,
                                                "Actual Startup Time": 0.013,
                                                "Actual Total Time": 0.013,
                                                "Actual Rows": 1,
                                                "Actual Loops": 4118
                                            },
                                            {
                                                "Worker Number": 2,
                                                "Actual Startup Time": 0.01,
                                                "Actual Total Time": 0.01,
                                                "Actual Rows": 1,
                                                "Actual Loops": 5385
                                            },
                                            {
                                                "Worker Number": 3,
                                                "Actual Startup Time": 0.01,
                                                "Actual Total Time": 0.01,
                                                "Actual Rows": 1,
                                                "Actual Loops": 5721
                                            }
                                        ]
                                    }
                                ]
                            }
                        ]
                    }
                ]
            }
        ]
    },
    "Planning Time": 0.723,
    "Triggers": [],
    "Execution Time": 153.571
}