[
  {
    "Plan": {
      "Node Type": "Aggregate",
      "Strategy": "Plain",
      "Partial Mode": "Finalize",
      "Parallel Aware": false,
      "Startup Cost": 390924.11,
      "Total Cost": 390924.12,
      "Plan Rows": 1,
      "Plan Width": 8,
      "Actual Startup Time": 2221.359,
      "Actual Total Time": 2299.364,
      "Actual Rows": 1,
      "Actual Loops": 1,
      "Plans": [
        {
          "Node Type": "Gather",
          "Parent Relationship": "Outer",
          "Parallel Aware": false,
          "Startup Cost": 390923.48,
          "Total Cost": 390924.09,
          "Plan Rows": 6,
          "Plan Width": 8,
          "Actual Startup Time": 2212.986,
          "Actual Total Time": 2299.35,
          "Actual Rows": 7,
          "Actual Loops": 1,
          "Workers Planned": 6,
          "Workers Launched": 6,
          "Single Copy": false,
          "Plans": [
            {
              "Node Type": "Aggregate",
              "Strategy": "Plain",
              "Partial Mode": "Partial",
              "Parent Relationship": "Outer",
              "Parallel Aware": false,
              "Startup Cost": 389923.48,
              "Total Cost": 389923.49,
              "Plan Rows": 1,
              "Plan Width": 8,
              "Actual Startup Time": 2201.936,
              "Actual Total Time": 2201.939,
              "Actual Rows": 1,
              "Actual Loops": 7,
              "Plans": [
                {
                  "Node Type": "Hash Join",
                  "Parent Relationship": "Outer",
                  "Parallel Aware": true,
                  "Join Type": "Inner",
                  "Startup Cost": 47095.69,
                  "Total Cost": 385844.12,
                  "Plan Rows": 1631746,
                  "Plan Width": 0,
                  "Actual Startup Time": 170.656,
                  "Actual Total Time": 2122.275,
                  "Actual Rows": 1421192,
                  "Actual Loops": 7,
                  "Inner Unique": true,
                  "Hash Cond": "(ci.movie_id = t.id)",
                  "Plans": [
                    {
                      "Node Type": "Seq Scan",
                      "Parent Relationship": "Outer",
                      "Parallel Aware": true,
                      "Relation Name": "cast_info",
                      "Alias": "ci",
                      "Startup Cost": 0.0,
                      "Total Cost": 328162.03,
                      "Plan Rows": 4032906,
                      "Plan Width": 4,
                      "Actual Startup Time": 0.03,
                      "Actual Total Time": 731.504,
                      "Actual Rows": 3464789,
                      "Actual Loops": 7,
                      "Filter": "(person_id < 2489536)",
                      "Rows Removed by Filter": 1712974
                    },
                    {
                      "Node Type": "Hash",
                      "Parent Relationship": "Inner",
                      "Parallel Aware": true,
                      "Startup Cost": 43898.92,
                      "Total Cost": 43898.92,
                      "Plan Rows": 255742,
                      "Plan Width": 4,
                      "Actual Startup Time": 167.076,
                      "Actual Total Time": 167.077,
                      "Actual Rows": 144703,
                      "Actual Loops": 7,
                      "Hash Buckets": 1048576,
                      "Original Hash Buckets": 1048576,
                      "Hash Batches": 1,
                      "Original Hash Batches": 1,
                      "Peak Memory Usage": 47904,
                      "Plans": [
                        {
                          "Node Type": "Seq Scan",
                          "Parent Relationship": "Outer",
                          "Parallel Aware": true,
                          "Relation Name": "title",
                          "Alias": "t",
                          "Startup Cost": 0.0,
                          "Total Cost": 43898.92,
                          "Plan Rows": 255742,
                          "Plan Width": 4,
                          "Actual Startup Time": 0.049,
                          "Actual Total Time": 89.638,
                          "Actual Rows": 144703,
                          "Actual Loops": 7,
                          "Filter": "(production_year > 2005)",
                          "Rows Removed by Filter": 216485
                        }
                      ]
                    }
                  ]
                }
              ]
            }
          ]
        }
      ]
    },
    "Planning Time": 0.638,
    "Triggers": [],
    "Execution Time": 2299.451
  }
]