{
  "Plan": {
    "Node Type": "Aggregate",
    "Strategy": "Plain",
    "Partial Mode": "Finalize",
    "Parallel Aware": false,
    "Startup Cost": 22583969.56,
    "Total Cost": 22583969.57,
    "Plan Rows": 1,
    "Plan Width": 96,
    "Actual Startup Time": 252651.004,
    "Actual Total Time": 252928.553,
    "Actual Rows": 1,
    "Actual Loops": 1,
    "Plans": [
      {
        "Node Type": "Gather",
        "Parent Relationship": "Outer",
        "Parallel Aware": false,
        "Startup Cost": 22583969.45,
        "Total Cost": 22583969.56,
        "Plan Rows": 1,
        "Plan Width": 96,
        "Actual Startup Time": 252650.946,
        "Actual Total Time": 252928.512,
        "Actual Rows": 2,
        "Actual Loops": 1,
        "Workers Planned": 1,
        "Workers Launched": 1,
        "Single Copy": false,
        "Plans": [
          {
            "Node Type": "Aggregate",
            "Strategy": "Plain",
            "Partial Mode": "Partial",
            "Parent Relationship": "Outer",
            "Parallel Aware": false,
            "Startup Cost": 22582969.45,
            "Total Cost": 22582969.46,
            "Plan Rows": 1,
            "Plan Width": 96,
            "Actual Startup Time": 249260.561,
            "Actual Total Time": 249260.698,
            "Actual Rows": 1,
            "Actual Loops": 2,
            "Plans": [
              {
                "Node Type": "Merge Join",
                "Parent Relationship": "Outer",
                "Parallel Aware": false,
                "Join Type": "Inner",
                "Startup Cost": 22324915.64,
                "Total Cost": 22582946.38,
                "Plan Rows": 3076,
                "Plan Width": 48,
                "Actual Startup Time": 246471.394,
                "Actual Total Time": 249197.281,
                "Actual Rows": 576656,
                "Actual Loops": 2,
                "Inner Unique": true,
                "Merge Cond": "(mk.keyword_id = k.id)",
                "Plans": [
                  {
                    "Node Type": "Sort",
                    "Parent Relationship": "Outer",
                    "Parallel Aware": false,
                    "Startup Cost": 22321283.12,
                    "Total Cost": 22450283.08,
                    "Plan Rows": 51599986,
                    "Plan Width": 36,
                    "Actual Startup Time": 245853.089,
                    "Actual Total Time": 247733.684,
                    "Actual Rows": 28804484,
                    "Actual Loops": 2,
                    "Sort Key": [
                      "mk.keyword_id"
                    ],
                    "Sort Method": "external merge",
                    "Sort Space Used": 2760248,
                    "Sort Space Type": "Disk",
                    "Workers": [
                      {
                        "Worker Number": 0,
                        "Sort Method": "external merge",
                        "Sort Space Used": 2697080,
                        "Sort Space Type": "Disk"
                      }
                    ],
                    "Plans": [
                      {
                        "Node Type": "Hash Join",
                        "Parent Relationship": "Outer",
                        "Parallel Aware": true,
                        "Join Type": "Inner",
                        "Startup Cost": 14082436.32,
                        "Total Cost": 15711101.14,
                        "Plan Rows": 51599986,
                        "Plan Width": 36,
                        "Actual Startup Time": 132297.076,
                        "Actual Total Time": 173864.14,
                        "Actual Rows": 59912008,
                        "Actual Loops": 2,
                        "Inner Unique": true,
                        "Hash Cond": "(ci.movie_id = t.id)",
                        "Plans": [
                          {
                            "Node Type": "Merge Join",
                            "Parent Relationship": "Outer",
                            "Parallel Aware": false,
                            "Join Type": "Inner",
                            "Startup Cost": 14017337.0,
                            "Total Cost": 15406460.1,
                            "Plan Rows": 91253834,
                            "Plan Width": 27,
                            "Actual Startup Time": 131779.785,
                            "Actual Total Time": 157872.245,
                            "Actual Rows": 107882738,
                            "Actual Loops": 2,
                            "Inner Unique": true,
                            "Merge Cond": "(ci.person_id = n.id)",
                            "Plans": [
                              {
                                "Node Type": "Sort",
                                "Parent Relationship": "Outer",
                                "Parallel Aware": false,
                                "Startup Cost": 13461847.85,
                                "Total Cost": 13689982.44,
                                "Plan Rows": 91253834,
                                "Plan Width": 16,
                                "Actual Startup Time": 129723.416,
                                "Actual Total Time": 140531.272,
                                "Actual Rows": 107882738,
                                "Actual Loops": 2,
                                "Sort Key": [
                                  "ci.person_id"
                                ],
                                "Sort Method": "external merge",
                                "Sort Space Used": 2764024,
                                "Sort Space Type": "Disk",
                                "Workers": [
                                  {
                                    "Worker Number": 0,
                                    "Sort Method": "external merge",
                                    "Sort Space Used": 2725128,
                                    "Sort Space Type": "Disk"
                                  }
                                ],
                                "Plans": [
                                  {
                                    "Node Type": "Hash Join",
                                    "Parent Relationship": "Outer",
                                    "Parallel Aware": true,
                                    "Join Type": "Inner",
                                    "Startup Cost": 732187.78,
                                    "Total Cost": 1396547.97,
                                    "Plan Rows": 91253834,
                                    "Plan Width": 16,
                                    "Actual Startup Time": 10455.34,
                                    "Actual Total Time": 31471.617,
                                    "Actual Rows": 107882738,
                                    "Actual Loops": 2,
                                    "Inner Unique": false,
                                    "Hash Cond": "(mk.movie_id = ci.movie_id)",
                                    "Plans": [
                                      {
                                        "Node Type": "Seq Scan",
                                        "Parent Relationship": "Outer",
                                        "Parallel Aware": true,
                                        "Relation Name": "movie_keyword",
                                        "Alias": "mk",
                                        "Startup Cost": 0.0,
                                        "Total Cost": 51065.35,
                                        "Plan Rows": 2661135,
                                        "Plan Width": 8,
                                        "Actual Startup Time": 0.026,
                                        "Actual Total Time": 629.312,
                                        "Actual Rows": 2261965,
                                        "Actual Loops": 2
                                      },
                                      {
                                        "Node Type": "Hash",
                                        "Parent Relationship": "Inner",
                                        "Parallel Aware": true,
                                        "Startup Cost": 465798.46,
                                        "Total Cost": 465798.46,
                                        "Plan Rows": 21311146,
                                        "Plan Width": 8,
                                        "Actual Startup Time": 10220.91,
                                        "Actual Total Time": 10220.928,
                                        "Actual Rows": 18122172,
                                        "Actual Loops": 2,
                                        "Hash Buckets": 67108864,
                                        "Original Hash Buckets": 67108864,
                                        "Hash Batches": 1,
                                        "Original Hash Batches": 1,
                                        "Peak Memory Usage": 1942176,
                                        "Plans": [
                                          {
                                            "Node Type": "Seq Scan",
                                            "Parent Relationship": "Outer",
                                            "Parallel Aware": true,
                                            "Relation Name": "cast_info",
                                            "Alias": "ci",
                                            "Startup Cost": 0.0,
                                            "Total Cost": 465798.46,
                                            "Plan Rows": 21311146,
                                            "Plan Width": 8,
                                            "Actual Startup Time": 0.047,
                                            "Actual Total Time": 2464.352,
                                            "Actual Rows": 18122172,
                                            "Actual Loops": 2
                                          }
                                        ]
                                      }
                                    ]
                                  }
                                ]
                              },
                              {
                                "Node Type": "Sort",
                                "Parent Relationship": "Inner",
                                "Parallel Aware": false,
                                "Startup Cost": 555485.55,
                                "Total Cost": 565903.62,
                                "Plan Rows": 4167227,
                                "Plan Width": 19,
                                "Actual Startup Time": 2056.295,
                                "Actual Total Time": 3029.957,
                                "Actual Rows": 4061920,
                                "Actual Loops": 2,
                                "Sort Key": [
                                  "n.id"
                                ],
                                "Sort Method": "quicksort",
                                "Sort Space Used": 405945,
                                "Sort Space Type": "Memory",
                                "Workers": [
                                  {
                                    "Worker Number": 0,
                                    "Sort Method": "quicksort",
                                    "Sort Space Used": 405945,
                                    "Sort Space Type": "Memory"
                                  }
                                ],
                                "Plans": [
                                  {
                                    "Node Type": "Seq Scan",
                                    "Parent Relationship": "Outer",
                                    "Parallel Aware": false,
                                    "Relation Name": "name",
                                    "Alias": "n",
                                    "Startup Cost": 0.0,
                                    "Total Cost": 97285.27,
                                    "Plan Rows": 4167227,
                                    "Plan Width": 19,
                                    "Actual Startup Time": 0.158,
                                    "Actual Total Time": 799.706,
                                    "Actual Rows": 4167491,
                                    "Actual Loops": 2
                                  }
                                ]
                              }
                            ]
                          },
                          {
                            "Node Type": "Hash",
                            "Parent Relationship": "Inner",
                            "Parallel Aware": true,
                            "Startup Cost": 54587.68,
                            "Total Cost": 54587.68,
                            "Plan Rows": 840931,
                            "Plan Width": 21,
                            "Actual Startup Time": 506.16,
                            "Actual Total Time": 506.165,
                            "Actual Rows": 717233,
                            "Actual Loops": 2,
                            "Hash Buckets": 2097152,
                            "Original Hash Buckets": 2097152,
                            "Hash Batches": 1,
                            "Original Hash Batches": 1,
                            "Peak Memory Usage": 96768,
                            "Plans": [
                              {
                                "Node Type": "Seq Scan",
                                "Parent Relationship": "Outer",
                                "Parallel Aware": true,
                                "Relation Name": "title",
                                "Alias": "t",
                                "Startup Cost": 0.0,
                                "Total Cost": 54587.68,
                                "Plan Rows": 840931,
                                "Plan Width": 21,
                                "Actual Startup Time": 0.034,
                                "Actual Total Time": 205.778,
                                "Actual Rows": 717233,
                                "Actual Loops": 2,
                                "Filter": "(production_year > 1999)",
                                "Rows Removed by Filter": 546923
                              }
                            ]
                          }
                        ]
                      }
                    ]
                  },
                  {
                    "Node Type": "Sort",
                    "Parent Relationship": "Inner",
                    "Parallel Aware": false,
                    "Startup Cost": 3632.52,
                    "Total Cost": 3632.54,
                    "Plan Rows": 8,
                    "Plan Width": 20,
                    "Actual Startup Time": 25.713,
                    "Actual Total Time": 25.718,
                    "Actual Rows": 6,
                    "Actual Loops": 2,
                    "Sort Key": [
                      "k.id"
                    ],
                    "Sort Method": "quicksort",
                    "Sort Space Used": 25,
                    "Sort Space Type": "Memory",
                    "Workers": [
                      {
                        "Worker Number": 0,
                        "Sort Method": "quicksort",
                        "Sort Space Used": 25,
                        "Sort Space Type": "Memory"
                      }
                    ],
                    "Plans": [
                      {
                        "Node Type": "Seq Scan",
                        "Parent Relationship": "Outer",
                        "Parallel Aware": false,
                        "Relation Name": "keyword",
                        "Alias": "k",
                        "Startup Cost": 0.0,
                        "Total Cost": 3632.4,
                        "Plan Rows": 8,
                        "Plan Width": 20,
                        "Actual Startup Time": 0.76,
                        "Actual Total Time": 25.622,
                        "Actual Rows": 6,
                        "Actual Loops": 2,
                        "Filter": "(keyword = ANY ('{hospital,female-nudity,fight,tv-special,fight,tv-special,laser,blood}'::text[]))",
                        "Rows Removed by Filter": 134164
                      }
                    ]
                  }
                ]
              }
            ]
          }
        ]
      }
    ]
  },
  "Planning Time": 0.691,
  "Triggers": [],
  "Execution Time": 253894.773
}