[
  {
    "Plan": {
      "Node Type": "Aggregate",
      "Strategy": "Plain",
      "Partial Mode": "Finalize",
      "Parallel Aware": false,
      "Startup Cost": 247075.49,
      "Total Cost": 247075.5,
      "Plan Rows": 1,
      "Plan Width": 8,
      "Actual Startup Time": 464.067,
      "Actual Total Time": 510.066,
      "Actual Rows": 1,
      "Actual Loops": 1,
      "Plans": [
        {
          "Node Type": "Gather",
          "Parent Relationship": "Outer",
          "Parallel Aware": false,
          "Startup Cost": 247074.96,
          "Total Cost": 247075.47,
          "Plan Rows": 5,
          "Plan Width": 8,
          "Actual Startup Time": 462.209,
          "Actual Total Time": 510.056,
          "Actual Rows": 6,
          "Actual Loops": 1,
          "Workers Planned": 5,
          "Workers Launched": 5,
          "Single Copy": false,
          "Plans": [
            {
              "Node Type": "Aggregate",
              "Strategy": "Plain",
              "Partial Mode": "Partial",
              "Parent Relationship": "Outer",
              "Parallel Aware": false,
              "Startup Cost": 246074.96,
              "Total Cost": 246074.97,
              "Plan Rows": 1,
              "Plan Width": 8,
              "Actual Startup Time": 452.059,
              "Actual Total Time": 452.063,
              "Actual Rows": 1,
              "Actual Loops": 6,
              "Plans": [
                {
                  "Node Type": "Hash Join",
                  "Parent Relationship": "Outer",
                  "Parallel Aware": true,
                  "Join Type": "Inner",
                  "Startup Cost": 45953.04,
                  "Total Cost": 246020.24,
                  "Plan Rows": 21890,
                  "Plan Width": 0,
                  "Actual Startup Time": 110.723,
                  "Actual Total Time": 450.471,
                  "Actual Rows": 30765,
                  "Actual Loops": 6,
                  "Inner Unique": true,
                  "Hash Cond": "(mi.movie_id = t.id)",
                  "Plans": [
                    {
                      "Node Type": "Seq Scan",
                      "Parent Relationship": "Outer",
                      "Parallel Aware": true,
                      "Relation Name": "movie_info",
                      "Alias": "mi",
                      "Startup Cost": 0.0,
                      "Total Cost": 199108.24,
                      "Plan Rows": 365318,
                      "Plan Width": 4,
                      "Actual Startup Time": 16.599,
                      "Actual Total Time": 316.937,
                      "Actual Rows": 310939,
                      "Actual Loops": 6,
                      "Filter": "(info_type_id > 17)",
                      "Rows Removed by Filter": 2161681
                    },
                    {
                      "Node Type": "Hash",
                      "Parent Relationship": "Inner",
                      "Parallel Aware": true,
                      "Startup Cost": 45479.59,
                      "Total Cost": 45479.59,
                      "Plan Rows": 37876,
                      "Plan Width": 4,
                      "Actual Startup Time": 92.316,
                      "Actual Total Time": 92.317,
                      "Actual Rows": 22460,
                      "Actual Loops": 6,
                      "Hash Buckets": 262144,
                      "Original Hash Buckets": 262144,
                      "Hash Batches": 1,
                      "Original Hash Batches": 1,
                      "Peak Memory Usage": 7392,
                      "Plans": [
                        {
                          "Node Type": "Seq Scan",
                          "Parent Relationship": "Outer",
                          "Parallel Aware": true,
                          "Relation Name": "title",
                          "Alias": "t",
                          "Startup Cost": 0.0,
                          "Total Cost": 45479.59,
                          "Plan Rows": 37876,
                          "Plan Width": 4,
                          "Actual Startup Time": 0.128,
                          "Actual Total Time": 82.299,
                          "Actual Rows": 22460,
                          "Actual Loops": 6,
                          "Filter": "((kind_id < 7) AND (production_year > 2010))",
                          "Rows Removed by Filter": 398925
                        }
                      ]
                    }
                  ]
                }
              ]
            }
          ]
        }
      ]
    },
    "Planning Time": 0.598,
    "Triggers": [],
    "Execution Time": 510.126
  }
]