[
  {
    "Plan": {
      "Node Type": "Aggregate",
      "Strategy": "Plain",
      "Partial Mode": "Finalize",
      "Parallel Aware": false,
      "Startup Cost": 250913.44,
      "Total Cost": 250913.45,
      "Plan Rows": 1,
      "Plan Width": 8,
      "Actual Startup Time": 698.569,
      "Actual Total Time": 743.443,
      "Actual Rows": 1,
      "Actual Loops": 1,
      "Plans": [
        {
          "Node Type": "Gather",
          "Parent Relationship": "Outer",
          "Parallel Aware": false,
          "Startup Cost": 250912.92,
          "Total Cost": 250913.43,
          "Plan Rows": 5,
          "Plan Width": 8,
          "Actual Startup Time": 694.096,
          "Actual Total Time": 743.431,
          "Actual Rows": 6,
          "Actual Loops": 1,
          "Workers Planned": 5,
          "Workers Launched": 5,
          "Single Copy": false,
          "Plans": [
            {
              "Node Type": "Aggregate",
              "Strategy": "Plain",
              "Partial Mode": "Partial",
              "Parent Relationship": "Outer",
              "Parallel Aware": false,
              "Startup Cost": 249912.92,
              "Total Cost": 249912.93,
              "Plan Rows": 1,
              "Plan Width": 8,
              "Actual Startup Time": 686.954,
              "Actual Total Time": 686.957,
              "Actual Rows": 1,
              "Actual Loops": 6,
              "Plans": [
                {
                  "Node Type": "Hash Join",
                  "Parent Relationship": "Outer",
                  "Parallel Aware": true,
                  "Join Type": "Inner",
                  "Startup Cost": 47038.66,
                  "Total Cost": 249292.28,
                  "Plan Rows": 248256,
                  "Plan Width": 0,
                  "Actual Startup Time": 134.563,
                  "Actual Total Time": 671.398,
                  "Actual Rows": 288918,
                  "Actual Loops": 6,
                  "Inner Unique": true,
                  "Hash Cond": "(mi.movie_id = t.id)",
                  "Plans": [
                    {
                      "Node Type": "Seq Scan",
                      "Parent Relationship": "Outer",
                      "Parallel Aware": true,
                      "Relation Name": "movie_info",
                      "Alias": "mi",
                      "Startup Cost": 0.0,
                      "Total Cost": 198952.16,
                      "Plan Rows": 1257696,
                      "Plan Width": 4,
                      "Actual Startup Time": 18.612,
                      "Actual Total Time": 360.482,
                      "Actual Rows": 1037249,
                      "Actual Loops": 6,
                      "Filter": "(info_type_id > 8)",
                      "Rows Removed by Filter": 1435371
                    },
                    {
                      "Node Type": "Hash",
                      "Parent Relationship": "Inner",
                      "Parallel Aware": true,
                      "Startup Cost": 45479.1,
                      "Total Cost": 45479.1,
                      "Plan Rows": 124765,
                      "Plan Width": 4,
                      "Actual Startup Time": 114.099,
                      "Actual Total Time": 114.1,
                      "Actual Rows": 70048,
                      "Actual Loops": 6,
                      "Hash Buckets": 524288,
                      "Original Hash Buckets": 524288,
                      "Hash Batches": 1,
                      "Original Hash Batches": 1,
                      "Peak Memory Usage": 20640,
                      "Plans": [
                        {
                          "Node Type": "Seq Scan",
                          "Parent Relationship": "Outer",
                          "Parallel Aware": true,
                          "Relation Name": "title",
                          "Alias": "t",
                          "Startup Cost": 0.0,
                          "Total Cost": 45479.1,
                          "Plan Rows": 124765,
                          "Plan Width": 4,
                          "Actual Startup Time": 0.039,
                          "Actual Total Time": 84.107,
                          "Actual Rows": 70048,
                          "Actual Loops": 6,
                          "Filter": "((kind_id < 7) AND (production_year > 2002))",
                          "Rows Removed by Filter": 351338
                        }
                      ]
                    }
                  ]
                }
              ]
            }
          ]
        }
      ]
    },
    "Planning Time": 0.391,
    "Triggers": [],
    "Execution Time": 743.506
  }
]