[
  {
    "Plan": {
      "Node Type": "Aggregate",
      "Strategy": "Plain",
      "Partial Mode": "Finalize",
      "Parallel Aware": false,
      "Startup Cost": 29131.77,
      "Total Cost": 29131.78,
      "Plan Rows": 1,
      "Plan Width": 8,
      "Actual Startup Time": 61.961,
      "Actual Total Time": 71.341,
      "Actual Rows": 1,
      "Actual Loops": 1,
      "Plans": [
        {
          "Node Type": "Gather",
          "Parent Relationship": "Outer",
          "Parallel Aware": false,
          "Startup Cost": 29131.55,
          "Total Cost": 29131.76,
          "Plan Rows": 2,
          "Plan Width": 8,
          "Actual Startup Time": 61.83,
          "Actual Total Time": 71.331,
          "Actual Rows": 3,
          "Actual Loops": 1,
          "Workers Planned": 2,
          "Workers Launched": 2,
          "Single Copy": false,
          "Plans": [
            {
              "Node Type": "Aggregate",
              "Strategy": "Plain",
              "Partial Mode": "Partial",
              "Parent Relationship": "Outer",
              "Parallel Aware": false,
              "Startup Cost": 28131.55,
              "Total Cost": 28131.56,
              "Plan Rows": 1,
              "Plan Width": 8,
              "Actual Startup Time": 53.753,
              "Actual Total Time": 53.755,
              "Actual Rows": 1,
              "Actual Loops": 3,
              "Plans": [
                {
                  "Node Type": "Nested Loop",
                  "Parent Relationship": "Outer",
                  "Parallel Aware": false,
                  "Join Type": "Inner",
                  "Startup Cost": 105.01,
                  "Total Cost": 28130.04,
                  "Plan Rows": 605,
                  "Plan Width": 0,
                  "Actual Startup Time": 2.882,
                  "Actual Total Time": 53.714,
                  "Actual Rows": 138,
                  "Actual Loops": 3,
                  "Inner Unique": false,
                  "Plans": [
                    {
                      "Node Type": "Nested Loop",
                      "Parent Relationship": "Outer",
                      "Parallel Aware": false,
                      "Join Type": "Inner",
                      "Startup Cost": 104.58,
                      "Total Cost": 24986.93,
                      "Plan Rows": 1920,
                      "Plan Width": 8,
                      "Actual Startup Time": 1.781,
                      "Actual Total Time": 17.946,
                      "Actual Rows": 1394,
                      "Actual Loops": 3,
                      "Inner Unique": true,
                      "Plans": [
                        {
                          "Node Type": "Bitmap Heap Scan",
                          "Parent Relationship": "Outer",
                          "Parallel Aware": true,
                          "Relation Name": "movie_companies",
                          "Alias": "mc",
                          "Startup Cost": 104.15,
                          "Total Cost": 10793.96,
                          "Plan Rows": 1920,
                          "Plan Width": 4,
                          "Actual Startup Time": 1.616,
                          "Actual Total Time": 5.301,
                          "Actual Rows": 1394,
                          "Actual Loops": 3,
                          "Recheck Cond": "(company_id = 11138)",
                          "Rows Removed by Index Recheck": 0,
                          "Exact Heap Blocks": 1373,
                          "Lossy Heap Blocks": 0,
                          "Plans": [
                            {
                              "Node Type": "Bitmap Index Scan",
                              "Parent Relationship": "Outer",
                              "Parallel Aware": false,
                              "Index Name": "company_id_movie_companies",
                              "Startup Cost": 0.0,
                              "Total Cost": 103.0,
                              "Plan Rows": 4609,
                              "Plan Width": 0,
                              "Actual Startup Time": 3.469,
                              "Actual Total Time": 3.469,
                              "Actual Rows": 4181,
                              "Actual Loops": 1,
                              "Index Cond": "(company_id = 11138)"
                            }
                          ]
                        },
                        {
                          "Node Type": "Index Only Scan",
                          "Parent Relationship": "Inner",
                          "Parallel Aware": false,
                          "Scan Direction": "Forward",
                          "Index Name": "title_pkey",
                          "Relation Name": "title",
                          "Alias": "t",
                          "Startup Cost": 0.43,
                          "Total Cost": 7.39,
                          "Plan Rows": 1,
                          "Plan Width": 4,
                          "Actual Startup Time": 0.008,
                          "Actual Total Time": 0.008,
                          "Actual Rows": 1,
                          "Actual Loops": 4181,
                          "Index Cond": "(id = mc.movie_id)",
                          "Rows Removed by Index Recheck": 0,
                          "Heap Fetches": 4181
                        }
                      ]
                    },
                    {
                      "Node Type": "Index Scan",
                      "Parent Relationship": "Inner",
                      "Parallel Aware": false,
                      "Scan Direction": "Forward",
                      "Index Name": "movie_id_movie_info",
                      "Relation Name": "movie_info",
                      "Alias": "mi",
                      "Startup Cost": 0.43,
                      "Total Cost": 1.62,
                      "Plan Rows": 2,
                      "Plan Width": 4,
                      "Actual Startup Time": 0.023,
                      "Actual Total Time": 0.025,
                      "Actual Rows": 0,
                      "Actual Loops": 4181,
                      "Index Cond": "(movie_id = t.id)",
                      "Rows Removed by Index Recheck": 0,
                      "Filter": "(info_type_id < 2)",
                      "Rows Removed by Filter": 12
                    }
                  ]
                }
              ]
            }
          ]
        }
      ]
    },
    "Planning Time": 1.415,
    "Triggers": [],
    "Execution Time": 71.442
  }
]