[
  {
    "Plan": {
      "Node Type": "Aggregate",
      "Strategy": "Plain",
      "Partial Mode": "Finalize",
      "Parallel Aware": false,
      "Startup Cost": 33303.67,
      "Total Cost": 33303.68,
      "Plan Rows": 1,
      "Plan Width": 8,
      "Actual Startup Time": 94.075,
      "Actual Total Time": 100.444,
      "Actual Rows": 1,
      "Actual Loops": 1,
      "Plans": [
        {
          "Node Type": "Gather",
          "Parent Relationship": "Outer",
          "Parallel Aware": false,
          "Startup Cost": 33303.35,
          "Total Cost": 33303.66,
          "Plan Rows": 3,
          "Plan Width": 8,
          "Actual Startup Time": 93.955,
          "Actual Total Time": 100.437,
          "Actual Rows": 4,
          "Actual Loops": 1,
          "Workers Planned": 3,
          "Workers Launched": 3,
          "Single Copy": false,
          "Plans": [
            {
              "Node Type": "Aggregate",
              "Strategy": "Plain",
              "Partial Mode": "Partial",
              "Parent Relationship": "Outer",
              "Parallel Aware": false,
              "Startup Cost": 32303.35,
              "Total Cost": 32303.36,
              "Plan Rows": 1,
              "Plan Width": 8,
              "Actual Startup Time": 88.403,
              "Actual Total Time": 88.404,
              "Actual Rows": 1,
              "Actual Loops": 4,
              "Plans": [
                {
                  "Node Type": "Seq Scan",
                  "Parent Relationship": "Outer",
                  "Parallel Aware": true,
                  "Relation Name": "movie_companies",
                  "Alias": "mc",
                  "Startup Cost": 0.0,
                  "Total Cost": 31414.82,
                  "Plan Rows": 355412,
                  "Plan Width": 0,
                  "Actual Startup Time": 46.825,
                  "Actual Total Time": 79.724,
                  "Actual Rows": 221867,
                  "Actual Loops": 4,
                  "Filter": "((company_id < 77502) AND (company_type_id = 2))",
                  "Rows Removed by Filter": 430416
                }
              ]
            }
          ]
        }
      ]
    },
    "Planning Time": 0.182,
    "Triggers": [],
    "Execution Time": 100.491
  }
]