[
  {
    "Plan": {
      "Node Type": "Aggregate",
      "Strategy": "Plain",
      "Partial Mode": "Finalize",
      "Parallel Aware": false,
      "Startup Cost": 47274.97,
      "Total Cost": 47274.98,
      "Plan Rows": 1,
      "Plan Width": 8,
      "Actual Startup Time": 200.496,
      "Actual Total Time": 210.046,
      "Actual Rows": 1,
      "Actual Loops": 1,
      "Plans": [
        {
          "Node Type": "Gather",
          "Parent Relationship": "Outer",
          "Parallel Aware": false,
          "Startup Cost": 47274.66,
          "Total Cost": 47274.97,
          "Plan Rows": 3,
          "Plan Width": 8,
          "Actual Startup Time": 200.392,
          "Actual Total Time": 210.036,
          "Actual Rows": 4,
          "Actual Loops": 1,
          "Workers Planned": 3,
          "Workers Launched": 3,
          "Single Copy": false,
          "Plans": [
            {
              "Node Type": "Aggregate",
              "Strategy": "Plain",
              "Partial Mode": "Partial",
              "Parent Relationship": "Outer",
              "Parallel Aware": false,
              "Startup Cost": 46274.66,
              "Total Cost": 46274.67,
              "Plan Rows": 1,
              "Plan Width": 8,
              "Actual Startup Time": 195.428,
              "Actual Total Time": 195.429,
              "Actual Rows": 1,
              "Actual Loops": 4,
              "Plans": [
                {
                  "Node Type": "Seq Scan",
                  "Parent Relationship": "Outer",
                  "Parallel Aware": true,
                  "Relation Name": "movie_keyword",
                  "Alias": "mk",
                  "Startup Cost": 0.0,
                  "Total Cost": 42695.65,
                  "Plan Rows": 1431601,
                  "Plan Width": 0,
                  "Actual Startup Time": 0.04,
                  "Actual Total Time": 138.818,
                  "Actual Rows": 1106420,
                  "Actual Loops": 4,
                  "Filter": "(keyword_id > 85)",
                  "Rows Removed by Filter": 24562
                }
              ]
            }
          ]
        }
      ]
    },
    "Planning Time": 0.122,
    "Triggers": [],
    "Execution Time": 210.085
  }
]