[
  {
    "Plan": {
      "Node Type": "Aggregate",
      "Strategy": "Plain",
      "Partial Mode": "Finalize",
      "Parallel Aware": false,
      "Startup Cost": 33062.35,
      "Total Cost": 33062.36,
      "Plan Rows": 1,
      "Plan Width": 8,
      "Actual Startup Time": 94.902,
      "Actual Total Time": 102.789,
      "Actual Rows": 1,
      "Actual Loops": 1,
      "Plans": [
        {
          "Node Type": "Gather",
          "Parent Relationship": "Outer",
          "Parallel Aware": false,
          "Startup Cost": 33062.04,
          "Total Cost": 33062.35,
          "Plan Rows": 3,
          "Plan Width": 8,
          "Actual Startup Time": 94.649,
          "Actual Total Time": 102.778,
          "Actual Rows": 4,
          "Actual Loops": 1,
          "Workers Planned": 3,
          "Workers Launched": 3,
          "Single Copy": false,
          "Plans": [
            {
              "Node Type": "Aggregate",
              "Strategy": "Plain",
              "Partial Mode": "Partial",
              "Parent Relationship": "Outer",
              "Parallel Aware": false,
              "Startup Cost": 32062.04,
              "Total Cost": 32062.05,
              "Plan Rows": 1,
              "Plan Width": 8,
              "Actual Startup Time": 86.61,
              "Actual Total Time": 86.611,
              "Actual Rows": 1,
              "Actual Loops": 4,
              "Plans": [
                {
                  "Node Type": "Seq Scan",
                  "Parent Relationship": "Outer",
                  "Parallel Aware": true,
                  "Relation Name": "movie_companies",
                  "Alias": "mc",
                  "Startup Cost": 0.0,
                  "Total Cost": 31414.82,
                  "Plan Rows": 258887,
                  "Plan Width": 0,
                  "Actual Startup Time": 50.89,
                  "Actual Total Time": 81.347,
                  "Actual Rows": 125952,
                  "Actual Loops": 4,
                  "Filter": "((company_id < 15491) AND (company_type_id > 1))",
                  "Rows Removed by Filter": 526330
                }
              ]
            }
          ]
        }
      ]
    },
    "Planning Time": 0.3,
    "Triggers": [],
    "Execution Time": 102.867
  }
]