[
    {
        "Bao": {
            "Bao prediction": 442.088,
            "Bao recommended hint": "(no hint)"
        }
    },
    {
        "Plan": {
            "Node Type": "Aggregate",
            "Strategy": "Plain",
            "Partial Mode": "Finalize",
            "Parallel Aware": false,
            "Startup Cost": 32844.45,
            "Total Cost": 32844.46,
            "Plan Rows": 1,
            "Plan Width": 8,
            "Actual Startup Time": 92.111,
            "Actual Total Time": 96.651,
            "Actual Rows": 1,
            "Actual Loops": 1,
            "Output": [
                "count(*)"
            ],
            "Plans": [
                {
                    "Node Type": "Gather",
                    "Parent Relationship": "Outer",
                    "Parallel Aware": false,
                    "Startup Cost": 32844.14,
                    "Total Cost": 32844.45,
                    "Plan Rows": 3,
                    "Plan Width": 8,
                    "Actual Startup Time": 92.017,
                    "Actual Total Time": 96.644,
                    "Actual Rows": 4,
                    "Actual Loops": 1,
                    "Output": [
                        "(PARTIAL count(*))"
                    ],
                    "Workers Planned": 3,
                    "Workers Launched": 3,
                    "Single Copy": false,
                    "Plans": [
                        {
                            "Node Type": "Aggregate",
                            "Strategy": "Plain",
                            "Partial Mode": "Partial",
                            "Parent Relationship": "Outer",
                            "Parallel Aware": false,
                            "Startup Cost": 31844.14,
                            "Total Cost": 31844.15,
                            "Plan Rows": 1,
                            "Plan Width": 8,
                            "Actual Startup Time": 84.333,
                            "Actual Total Time": 84.334,
                            "Actual Rows": 1,
                            "Actual Loops": 4,
                            "Output": [
                                "PARTIAL count(*)"
                            ],
                            "Workers": [
                                {
                                    "Worker Number": 0,
                                    "Actual Startup Time": 81.833,
                                    "Actual Total Time": 81.834,
                                    "Actual Rows": 1,
                                    "Actual Loops": 1
                                },
                                {
                                    "Worker Number": 1,
                                    "Actual Startup Time": 82.021,
                                    "Actual Total Time": 82.022,
                                    "Actual Rows": 1,
                                    "Actual Loops": 1
                                },
                                {
                                    "Worker Number": 2,
                                    "Actual Startup Time": 82.082,
                                    "Actual Total Time": 82.084,
                                    "Actual Rows": 1,
                                    "Actual Loops": 1
                                }
                            ],
                            "Plans": [
                                {
                                    "Node Type": "Seq Scan",
                                    "Parent Relationship": "Outer",
                                    "Parallel Aware": true,
                                    "Relation Name": "movie_companies",
                                    "Schema": "public",
                                    "Alias": "mc",
                                    "Startup Cost": 0.0,
                                    "Total Cost": 31414.82,
                                    "Plan Rows": 171727,
                                    "Plan Width": 0,
                                    "Actual Startup Time": 48.118,
                                    "Actual Total Time": 80.24,
                                    "Actual Rows": 79816,
                                    "Actual Loops": 4,
                                    "Output": [
                                        "id",
                                        "movie_id",
                                        "company_id",
                                        "company_type_id",
                                        "note"
                                    ],
                                    "Filter": "((mc.company_id < 6029) AND (mc.company_type_id > 1))",
                                    "Rows Removed by Filter": 572466,
                                    "Workers": [
                                        {
                                            "Worker Number": 0,
                                            "Actual Startup Time": 45.628,
                                            "Actual Total Time": 77.815,
                                            "Actual Rows": 92756,
                                            "Actual Loops": 1
                                        },
                                        {
                                            "Worker Number": 1,
                                            "Actual Startup Time": 45.795,
                                            "Actual Total Time": 77.917,
                                            "Actual Rows": 59905,
                                            "Actual Loops": 1
                                        },
                                        {
                                            "Worker Number": 2,
                                            "Actual Startup Time": 45.87,
                                            "Actual Total Time": 78.061,
                                            "Actual Rows": 58613,
                                            "Actual Loops": 1
                                        }
                                    ]
                                }
                            ]
                        }
                    ]
                }
            ]
        },
        "Planning Time": 638.382,
        "Triggers": [],
        "Execution Time": 96.748
    }
]