[
  {
    "Plan": {
      "Node Type": "Aggregate",
      "Strategy": "Plain",
      "Partial Mode": "Simple",
      "Parallel Aware": false,
      "Startup Cost": 4580.8,
      "Total Cost": 4580.81,
      "Plan Rows": 1,
      "Plan Width": 64,
      "Actual Startup Time": 10914.326,
      "Actual Total Time": 10914.33,
      "Actual Rows": 1,
      "Actual Loops": 1,
      "Plans": [
        {
          "Node Type": "Nested Loop",
          "Parent Relationship": "Outer",
          "Parallel Aware": false,
          "Join Type": "Inner",
          "Startup Cost": 13.03,
          "Total Cost": 4580.28,
          "Plan Rows": 104,
          "Plan Width": 15,
          "Actual Startup Time": 11.22,
          "Actual Total Time": 10880.974,
          "Actual Rows": 258289,
          "Actual Loops": 1,
          "Inner Unique": true,
          "Plans": [
            {
              "Node Type": "Nested Loop",
              "Parent Relationship": "Outer",
              "Parallel Aware": false,
              "Join Type": "Inner",
              "Startup Cost": 12.6,
              "Total Cost": 3992.02,
              "Plan Rows": 1285,
              "Plan Width": 4,
              "Actual Startup Time": 11.046,
              "Actual Total Time": 3742.978,
              "Actual Rows": 2832555,
              "Actual Loops": 1,
              "Inner Unique": false,
              "Join Filter": "(t.id = ci.movie_id)",
              "Rows Removed by Join Filter": 0,
              "Plans": [
                {
                  "Node Type": "Nested Loop",
                  "Parent Relationship": "Outer",
                  "Parallel Aware": false,
                  "Join Type": "Inner",
                  "Startup Cost": 12.04,
                  "Total Cost": 3859.19,
                  "Plan Rows": 65,
                  "Plan Width": 12,
                  "Actual Startup Time": 10.073,
                  "Actual Total Time": 988.722,
                  "Actual Rows": 68316,
                  "Actual Loops": 1,
                  "Inner Unique": true,
                  "Plans": [
                    {
                      "Node Type": "Nested Loop",
                      "Parent Relationship": "Outer",
                      "Parallel Aware": false,
                      "Join Type": "Inner",
                      "Startup Cost": 11.62,
                      "Total Cost": 3777.58,
                      "Plan Rows": 183,
                      "Plan Width": 16,
                      "Actual Startup Time": 9.948,
                      "Actual Total Time": 542.431,
                      "Actual Rows": 148552,
                      "Actual Loops": 1,
                      "Inner Unique": false,
                      "Join Filter": "(t.id = mc.movie_id)",
                      "Rows Removed by Join Filter": 0,
                      "Plans": [
                        {
                          "Node Type": "Nested Loop",
                          "Parent Relationship": "Outer",
                          "Parallel Aware": false,
                          "Join Type": "Inner",
                          "Startup Cost": 11.19,
                          "Total Cost": 3757.01,
                          "Plan Rows": 34,
                          "Plan Width": 8,
                          "Actual Startup Time": 9.821,
                          "Actual Total Time": 327.858,
                          "Actual Rows": 41840,
                          "Actual Loops": 1,
                          "Inner Unique": true,
                          "Plans": [
                            {
                              "Node Type": "Nested Loop",
                              "Parent Relationship": "Outer",
                              "Parallel Aware": false,
                              "Join Type": "Inner",
                              "Startup Cost": 10.76,
                              "Total Cost": 3740.45,
                              "Plan Rows": 34,
                              "Plan Width": 4,
                              "Actual Startup Time": 9.777,
                              "Actual Total Time": 94.757,
                              "Actual Rows": 41840,
                              "Actual Loops": 1,
                              "Inner Unique": false,
                              "Plans": [
                                {
                                  "Node Type": "Seq Scan",
                                  "Parent Relationship": "Outer",
                                  "Parallel Aware": false,
                                  "Relation Name": "keyword",
                                  "Alias": "k",
                                  "Startup Cost": 0.0,
                                  "Total Cost": 2626.12,
                                  "Plan Rows": 1,
                                  "Plan Width": 4,
                                  "Actual Startup Time": 1.184,
                                  "Actual Total Time": 11.314,
                                  "Actual Rows": 1,
                                  "Actual Loops": 1,
                                  "Filter": "(keyword = 'character-name-in-title'::text)",
                                  "Rows Removed by Filter": 134169
                                },
                                {
                                  "Node Type": "Bitmap Heap Scan",
                                  "Parent Relationship": "Inner",
                                  "Parallel Aware": false,
                                  "Relation Name": "movie_keyword",
                                  "Alias": "mk",
                                  "Startup Cost": 10.76,
                                  "Total Cost": 1111.32,
                                  "Plan Rows": 300,
                                  "Plan Width": 8,
                                  "Actual Startup Time": 8.586,
                                  "Actual Total Time": 75.154,
                                  "Actual Rows": 41840,
                                  "Actual Loops": 1,
                                  "Recheck Cond": "(keyword_id = k.id)",
                                  "Rows Removed by Index Recheck": 0,
                                  "Exact Heap Blocks": 11541,
                                  "Lossy Heap Blocks": 0,
                                  "Plans": [
                                    {
                                      "Node Type": "Bitmap Index Scan",
                                      "Parent Relationship": "Outer",
                                      "Parallel Aware": false,
                                      "Index Name": "keyword_id_movie_keyword",
                                      "Startup Cost": 0.0,
                                      "Total Cost": 10.68,
                                      "Plan Rows": 300,
                                      "Plan Width": 0,
                                      "Actual Startup Time": 6.104,
                                      "Actual Total Time": 6.104,
                                      "Actual Rows": 41840,
                                      "Actual Loops": 1,
                                      "Index Cond": "(keyword_id = k.id)"
                                    }
                                  ]
                                }
                              ]
                            },
                            {
                              "Node Type": "Index Only Scan",
                              "Parent Relationship": "Inner",
                              "Parallel Aware": false,
                              "Scan Direction": "Forward",
                              "Index Name": "title_pkey",
                              "Relation Name": "title",
                              "Alias": "t",
                              "Startup Cost": 0.43,
                              "Total Cost": 0.49,
                              "Plan Rows": 1,
                              "Plan Width": 4,
                              "Actual Startup Time": 0.005,
                              "Actual Total Time": 0.005,
                              "Actual Rows": 1,
                              "Actual Loops": 41840,
                              "Index Cond": "(id = mk.movie_id)",
                              "Rows Removed by Index Recheck": 0,
                              "Heap Fetches": 41840
                            }
                          ]
                        },
                        {
                          "Node Type": "Index Scan",
                          "Parent Relationship": "Inner",
                          "Parallel Aware": false,
                          "Scan Direction": "Forward",
                          "Index Name": "movie_id_movie_companies",
                          "Relation Name": "movie_companies",
                          "Alias": "mc",
                          "Startup Cost": 0.43,
                          "Total Cost": 0.54,
                          "Plan Rows": 5,
                          "Plan Width": 8,
                          "Actual Startup Time": 0.003,
                          "Actual Total Time": 0.004,
                          "Actual Rows": 4,
                          "Actual Loops": 41840,
                          "Index Cond": "(movie_id = mk.movie_id)",
                          "Rows Removed by Index Recheck": 0
                        }
                      ]
                    },
                    {
                      "Node Type": "Index Scan",
                      "Parent Relationship": "Inner",
                      "Parallel Aware": false,
                      "Scan Direction": "Forward",
                      "Index Name": "company_name_pkey",
                      "Relation Name": "company_name",
                      "Alias": "cn",
                      "Startup Cost": 0.42,
                      "Total Cost": 0.45,
                      "Plan Rows": 1,
                      "Plan Width": 4,
                      "Actual Startup Time": 0.003,
                      "Actual Total Time": 0.003,
                      "Actual Rows": 0,
                      "Actual Loops": 148552,
                      "Index Cond": "(id = mc.company_id)",
                      "Rows Removed by Index Recheck": 0,
                      "Filter": "((country_code)::text = '[us]'::text)",
                      "Rows Removed by Filter": 1
                    }
                  ]
                },
                {
                  "Node Type": "Index Scan",
                  "Parent Relationship": "Inner",
                  "Parallel Aware": false,
                  "Scan Direction": "Forward",
                  "Index Name": "movie_id_cast_info",
                  "Relation Name": "cast_info",
                  "Alias": "ci",
                  "Startup Cost": 0.56,
                  "Total Cost": 1.57,
                  "Plan Rows": 38,
                  "Plan Width": 8,
                  "Actual Startup Time": 0.004,
                  "Actual Total Time": 0.035,
                  "Actual Rows": 41,
                  "Actual Loops": 68316,
                  "Index Cond": "(movie_id = mk.movie_id)",
                  "Rows Removed by Index Recheck": 0
                }
              ]
            },
            {
              "Node Type": "Index Scan",
              "Parent Relationship": "Inner",
              "Parallel Aware": false,
              "Scan Direction": "Forward",
              "Index Name": "name_pkey",
              "Relation Name": "name",
              "Alias": "n",
              "Startup Cost": 0.43,
              "Total Cost": 0.46,
              "Plan Rows": 1,
              "Plan Width": 19,
              "Actual Startup Time": 0.002,
              "Actual Total Time": 0.002,
              "Actual Rows": 0,
              "Actual Loops": 2832555,
              "Index Cond": "(id = ci.person_id)",
              "Rows Removed by Index Recheck": 0,
              "Filter": "(name ~~ 'B%'::text)",
              "Rows Removed by Filter": 1
            }
          ]
        }
      ]
    },
    "Planning Time": 12.217,
    "Triggers": [],
    "Execution Time": 10914.727
  }
]