[
  {
    "Plan": {
      "Node Type": "Aggregate",
      "Strategy": "Plain",
      "Partial Mode": "Finalize",
      "Parallel Aware": false,
      "Startup Cost": 72701.2,
      "Total Cost": 72701.21,
      "Plan Rows": 1,
      "Plan Width": 8,
      "Actual Startup Time": 231.321,
      "Actual Total Time": 244.19,
      "Actual Rows": 1,
      "Actual Loops": 1,
      "Plans": [
        {
          "Node Type": "Gather",
          "Parent Relationship": "Outer",
          "Parallel Aware": false,
          "Startup Cost": 72700.78,
          "Total Cost": 72701.19,
          "Plan Rows": 4,
          "Plan Width": 8,
          "Actual Startup Time": 229.621,
          "Actual Total Time": 244.18,
          "Actual Rows": 5,
          "Actual Loops": 1,
          "Workers Planned": 4,
          "Workers Launched": 4,
          "Single Copy": false,
          "Plans": [
            {
              "Node Type": "Aggregate",
              "Strategy": "Plain",
              "Partial Mode": "Partial",
              "Parent Relationship": "Outer",
              "Parallel Aware": false,
              "Startup Cost": 71700.78,
              "Total Cost": 71700.79,
              "Plan Rows": 1,
              "Plan Width": 8,
              "Actual Startup Time": 220.479,
              "Actual Total Time": 220.483,
              "Actual Rows": 1,
              "Actual Loops": 5,
              "Plans": [
                {
                  "Node Type": "Hash Join",
                  "Parent Relationship": "Outer",
                  "Parallel Aware": true,
                  "Join Type": "Inner",
                  "Startup Cost": 25880.44,
                  "Total Cost": 71551.79,
                  "Plan Rows": 59597,
                  "Plan Width": 0,
                  "Actual Startup Time": 154.052,
                  "Actual Total Time": 218.45,
                  "Actual Rows": 47366,
                  "Actual Loops": 5,
                  "Inner Unique": false,
                  "Hash Cond": "(t.id = mc.movie_id)",
                  "Plans": [
                    {
                      "Node Type": "Seq Scan",
                      "Parent Relationship": "Outer",
                      "Parallel Aware": true,
                      "Relation Name": "title",
                      "Alias": "t",
                      "Startup Cost": 0.0,
                      "Total Cost": 42318.73,
                      "Plan Rows": 632073,
                      "Plan Width": 4,
                      "Actual Startup Time": 0.013,
                      "Actual Total Time": 64.2,
                      "Actual Rows": 505662,
                      "Actual Loops": 5
                    },
                    {
                      "Node Type": "Hash",
                      "Parent Relationship": "Inner",
                      "Parallel Aware": true,
                      "Startup Cost": 24919.19,
                      "Total Cost": 24919.19,
                      "Plan Rows": 76900,
                      "Plan Width": 4,
                      "Actual Startup Time": 66.645,
                      "Actual Total Time": 66.647,
                      "Actual Rows": 47366,
                      "Actual Loops": 5,
                      "Hash Buckets": 262144,
                      "Original Hash Buckets": 262144,
                      "Hash Batches": 1,
                      "Original Hash Batches": 1,
                      "Peak Memory Usage": 11392,
                      "Plans": [
                        {
                          "Node Type": "Bitmap Heap Scan",
                          "Parent Relationship": "Outer",
                          "Parallel Aware": true,
                          "Relation Name": "movie_companies",
                          "Alias": "mc",
                          "Startup Cost": 5167.94,
                          "Total Cost": 24919.19,
                          "Plan Rows": 76900,
                          "Plan Width": 4,
                          "Actual Startup Time": 20.658,
                          "Actual Total Time": 46.739,
                          "Actual Rows": 47366,
                          "Actual Loops": 5,
                          "Recheck Cond": "(company_id > 103800)",
                          "Rows Removed by Index Recheck": 0,
                          "Exact Heap Blocks": 1913,
                          "Lossy Heap Blocks": 0,
                          "Plans": [
                            {
                              "Node Type": "Bitmap Index Scan",
                              "Parent Relationship": "Outer",
                              "Parallel Aware": false,
                              "Index Name": "company_id_movie_companies",
                              "Startup Cost": 0.0,
                              "Total Cost": 5108.35,
                              "Plan Rows": 238389,
                              "Plan Width": 0,
                              "Actual Startup Time": 21.435,
                              "Actual Total Time": 21.435,
                              "Actual Rows": 236832,
                              "Actual Loops": 1,
                              "Index Cond": "(company_id > 103800)"
                            }
                          ]
                        }
                      ]
                    }
                  ]
                }
              ]
            }
          ]
        }
      ]
    },
    "Planning Time": 0.603,
    "Triggers": [],
    "Execution Time": 244.279
  }
]