[
  {
    "Plan": {
      "Node Type": "Aggregate",
      "Strategy": "Plain",
      "Partial Mode": "Finalize",
      "Parallel Aware": false,
      "Startup Cost": 451323.88,
      "Total Cost": 451323.89,
      "Plan Rows": 1,
      "Plan Width": 8,
      "Actual Startup Time": 2422.804,
      "Actual Total Time": 2486.393,
      "Actual Rows": 1,
      "Actual Loops": 1,
      "Plans": [
        {
          "Node Type": "Gather",
          "Parent Relationship": "Outer",
          "Parallel Aware": false,
          "Startup Cost": 451323.25,
          "Total Cost": 451323.86,
          "Plan Rows": 6,
          "Plan Width": 8,
          "Actual Startup Time": 2402.423,
          "Actual Total Time": 2486.381,
          "Actual Rows": 7,
          "Actual Loops": 1,
          "Workers Planned": 6,
          "Workers Launched": 6,
          "Single Copy": false,
          "Plans": [
            {
              "Node Type": "Aggregate",
              "Strategy": "Plain",
              "Partial Mode": "Partial",
              "Parent Relationship": "Outer",
              "Parallel Aware": false,
              "Startup Cost": 450323.25,
              "Total Cost": 450323.26,
              "Plan Rows": 1,
              "Plan Width": 8,
              "Actual Startup Time": 2388.14,
              "Actual Total Time": 2388.579,
              "Actual Rows": 1,
              "Actual Loops": 7,
              "Plans": [
                {
                  "Node Type": "Hash Join",
                  "Parent Relationship": "Outer",
                  "Parallel Aware": true,
                  "Join Type": "Inner",
                  "Startup Cost": 100052.23,
                  "Total Cost": 445795.46,
                  "Plan Rows": 1811116,
                  "Plan Width": 0,
                  "Actual Startup Time": 624.034,
                  "Actual Total Time": 2174.327,
                  "Actual Rows": 5330998,
                  "Actual Loops": 7,
                  "Inner Unique": false,
                  "Hash Cond": "(ci.movie_id = t.id)",
                  "Plans": [
                    {
                      "Node Type": "Seq Scan",
                      "Parent Relationship": "Outer",
                      "Parallel Aware": true,
                      "Relation Name": "cast_info",
                      "Alias": "ci",
                      "Startup Cost": 0.0,
                      "Total Cost": 328162.03,
                      "Plan Rows": 3130374,
                      "Plan Width": 4,
                      "Actual Startup Time": 0.041,
                      "Actual Total Time": 561.796,
                      "Actual Rows": 2693142,
                      "Actual Loops": 7,
                      "Filter": "(person_id < 1877936)",
                      "Rows Removed by Filter": 2484622
                    },
                    {
                      "Node Type": "Hash",
                      "Parent Relationship": "Inner",
                      "Parallel Aware": true,
                      "Startup Cost": 94153.94,
                      "Total Cost": 94153.94,
                      "Plan Rows": 471863,
                      "Plan Width": 8,
                      "Actual Startup Time": 619.107,
                      "Actual Total Time": 619.545,
                      "Actual Rows": 209915,
                      "Actual Loops": 7,
                      "Hash Buckets": 2097152,
                      "Original Hash Buckets": 2097152,
                      "Hash Batches": 1,
                      "Original Hash Batches": 1,
                      "Peak Memory Usage": 73984,
                      "Plans": [
                        {
                          "Node Type": "Hash Join",
                          "Parent Relationship": "Outer",
                          "Parallel Aware": true,
                          "Join Type": "Inner",
                          "Startup Cost": 50219.64,
                          "Total Cost": 94153.94,
                          "Plan Rows": 471863,
                          "Plan Width": 8,
                          "Actual Startup Time": 238.246,
                          "Actual Total Time": 375.483,
                          "Actual Rows": 209915,
                          "Actual Loops": 7,
                          "Inner Unique": true,
                          "Hash Cond": "(mk.movie_id = t.id)",
                          "Plans": [
                            {
                              "Node Type": "Seq Scan",
                              "Parent Relationship": "Outer",
                              "Parallel Aware": true,
                              "Relation Name": "movie_keyword",
                              "Alias": "mk",
                              "Startup Cost": 0.0,
                              "Total Cost": 42695.65,
                              "Plan Rows": 471863,
                              "Plan Width": 4,
                              "Actual Startup Time": 0.485,
                              "Actual Total Time": 77.878,
                              "Actual Rows": 209915,
                              "Actual Loops": 7,
                              "Filter": "(keyword_id > 11221)",
                              "Rows Removed by Filter": 436361
                            },
                            {
                              "Node Type": "Hash",
                              "Parent Relationship": "Inner",
                              "Parallel Aware": true,
                              "Startup Cost": 42318.73,
                              "Total Cost": 42318.73,
                              "Plan Rows": 632073,
                              "Plan Width": 4,
                              "Actual Startup Time": 234.089,
                              "Actual Total Time": 234.09,
                              "Actual Rows": 361187,
                              "Actual Loops": 7,
                              "Hash Buckets": 4194304,
                              "Original Hash Buckets": 4194304,
                              "Hash Batches": 1,
                              "Original Hash Batches": 1,
                              "Peak Memory Usage": 131808,
                              "Plans": [
                                {
                                  "Node Type": "Seq Scan",
                                  "Parent Relationship": "Outer",
                                  "Parallel Aware": true,
                                  "Relation Name": "title",
                                  "Alias": "t",
                                  "Startup Cost": 0.0,
                                  "Total Cost": 42318.73,
                                  "Plan Rows": 632073,
                                  "Plan Width": 4,
                                  "Actual Startup Time": 0.044,
                                  "Actual Total Time": 69.921,
                                  "Actual Rows": 361187,
                                  "Actual Loops": 7
                                }
                              ]
                            }
                          ]
                        }
                      ]
                    }
                  ]
                }
              ]
            }
          ]
        }
      ]
    },
    "Planning Time": 1.314,
    "Triggers": [],
    "Execution Time": 2486.496
  }
]