[
    {
        "Bao": {
            "Bao prediction": "NaN",
            "Bao recommended hint": "(no hint)"
        }
    },
    {
        "Plan": {
            "Node Type": "Aggregate",
            "Strategy": "Plain",
            "Partial Mode": "Finalize",
            "Parallel Aware": false,
            "Startup Cost": 360884.92,
            "Total Cost": 360884.93,
            "Plan Rows": 1,
            "Plan Width": 8,
            "Actual Startup Time": 630.798,
            "Actual Total Time": 656.94,
            "Actual Rows": 1,
            "Actual Loops": 1,
            "Output": [
                "count(*)"
            ],
            "Plans": [
                {
                    "Node Type": "Gather",
                    "Parent Relationship": "Outer",
                    "Parallel Aware": false,
                    "Startup Cost": 360884.3,
                    "Total Cost": 360884.91,
                    "Plan Rows": 6,
                    "Plan Width": 8,
                    "Actual Startup Time": 616.682,
                    "Actual Total Time": 656.93,
                    "Actual Rows": 7,
                    "Actual Loops": 1,
                    "Output": [
                        "(PARTIAL count(*))"
                    ],
                    "Workers Planned": 6,
                    "Workers Launched": 6,
                    "Single Copy": false,
                    "Plans": [
                        {
                            "Node Type": "Aggregate",
                            "Strategy": "Plain",
                            "Partial Mode": "Partial",
                            "Parent Relationship": "Outer",
                            "Parallel Aware": false,
                            "Startup Cost": 359884.3,
                            "Total Cost": 359884.31,
                            "Plan Rows": 1,
                            "Plan Width": 8,
                            "Actual Startup Time": 600.628,
                            "Actual Total Time": 600.631,
                            "Actual Rows": 1,
                            "Actual Loops": 7,
                            "Output": [
                                "PARTIAL count(*)"
                            ],
                            "Workers": [
                                {
                                    "Worker Number": 0,
                                    "Actual Startup Time": 597.683,
                                    "Actual Total Time": 597.686,
                                    "Actual Rows": 1,
                                    "Actual Loops": 1
                                },
                                {
                                    "Worker Number": 1,
                                    "Actual Startup Time": 597.832,
                                    "Actual Total Time": 597.835,
                                    "Actual Rows": 1,
                                    "Actual Loops": 1
                                },
                                {
                                    "Worker Number": 2,
                                    "Actual Startup Time": 598.053,
                                    "Actual Total Time": 598.056,
                                    "Actual Rows": 1,
                                    "Actual Loops": 1
                                },
                                {
                                    "Worker Number": 3,
                                    "Actual Startup Time": 598.965,
                                    "Actual Total Time": 598.967,
                                    "Actual Rows": 1,
                                    "Actual Loops": 1
                                },
                                {
                                    "Worker Number": 4,
                                    "Actual Startup Time": 597.902,
                                    "Actual Total Time": 597.905,
                                    "Actual Rows": 1,
                                    "Actual Loops": 1
                                },
                                {
                                    "Worker Number": 5,
                                    "Actual Startup Time": 598.273,
                                    "Actual Total Time": 598.276,
                                    "Actual Rows": 1,
                                    "Actual Loops": 1
                                }
                            ],
                            "Plans": [
                                {
                                    "Node Type": "Hash Join",
                                    "Parent Relationship": "Outer",
                                    "Parallel Aware": true,
                                    "Join Type": "Inner",
                                    "Startup Cost": 100667.72,
                                    "Total Cost": 359290.95,
                                    "Plan Rows": 237341,
                                    "Plan Width": 0,
                                    "Actual Startup Time": 374.092,
                                    "Actual Total Time": 587.082,
                                    "Actual Rows": 200633,
                                    "Actual Loops": 7,
                                    "Inner Unique": true,
                                    "Hash Cond": "(ci.movie_id = t.id)",
                                    "Workers": [
                                        {
                                            "Worker Number": 0,
                                            "Actual Startup Time": 371.695,
                                            "Actual Total Time": 583.688,
                                            "Actual Rows": 178769,
                                            "Actual Loops": 1
                                        },
                                        {
                                            "Worker Number": 1,
                                            "Actual Startup Time": 371.029,
                                            "Actual Total Time": 583.518,
                                            "Actual Rows": 192967,
                                            "Actual Loops": 1
                                        },
                                        {
                                            "Worker Number": 2,
                                            "Actual Startup Time": 371.519,
                                            "Actual Total Time": 584.265,
                                            "Actual Rows": 173934,
                                            "Actual Loops": 1
                                        },
                                        {
                                            "Worker Number": 3,
                                            "Actual Startup Time": 371.669,
                                            "Actual Total Time": 586.443,
                                            "Actual Rows": 245668,
                                            "Actual Loops": 1
                                        },
                                        {
                                            "Worker Number": 4,
                                            "Actual Startup Time": 371.364,
                                            "Actual Total Time": 583.661,
                                            "Actual Rows": 182105,
                                            "Actual Loops": 1
                                        },
                                        {
                                            "Worker Number": 5,
                                            "Actual Startup Time": 371.857,
                                            "Actual Total Time": 586.042,
                                            "Actual Rows": 232360,
                                            "Actual Loops": 1
                                        }
                                    ],
                                    "Plans": [
                                        {
                                            "Node Type": "Bitmap Heap Scan",
                                            "Parent Relationship": "Outer",
                                            "Parallel Aware": true,
                                            "Relation Name": "cast_info",
                                            "Schema": "public",
                                            "Alias": "ci",
                                            "Startup Cost": 51990.78,
                                            "Total Cost": 309583.75,
                                            "Plan Rows": 392478,
                                            "Plan Width": 4,
                                            "Actual Startup Time": 170.688,
                                            "Actual Total Time": 237.967,
                                            "Actual Rows": 336964,
                                            "Actual Loops": 7,
                                            "Output": [
                                                "ci.id",
                                                "ci.person_id",
                                                "ci.movie_id",
                                                "ci.person_role_id",
                                                "ci.note",
                                                "ci.nr_order",
                                                "ci.role_id"
                                            ],
                                            "Recheck Cond": "(ci.person_id < 229469)",
                                            "Rows Removed by Index Recheck": 0,
                                            "Exact Heap Blocks": 3564,
                                            "Lossy Heap Blocks": 0,
                                            "Workers": [
                                                {
                                                    "Worker Number": 0,
                                                    "Actual Startup Time": 171.12,
                                                    "Actual Total Time": 241.236,
                                                    "Actual Rows": 305672,
                                                    "Actual Loops": 1
                                                },
                                                {
                                                    "Worker Number": 1,
                                                    "Actual Startup Time": 170.315,
                                                    "Actual Total Time": 239.49,
                                                    "Actual Rows": 323084,
                                                    "Actual Loops": 1
                                                },
                                                {
                                                    "Worker Number": 2,
                                                    "Actual Startup Time": 170.573,
                                                    "Actual Total Time": 240.023,
                                                    "Actual Rows": 293174,
                                                    "Actual Loops": 1
                                                },
                                                {
                                                    "Worker Number": 3,
                                                    "Actual Startup Time": 170.623,
                                                    "Actual Total Time": 236.89,
                                                    "Actual Rows": 411318,
                                                    "Actual Loops": 1
                                                },
                                                {
                                                    "Worker Number": 4,
                                                    "Actual Startup Time": 170.57,
                                                    "Actual Total Time": 240.043,
                                                    "Actual Rows": 307401,
                                                    "Actual Loops": 1
                                                },
                                                {
                                                    "Worker Number": 5,
                                                    "Actual Startup Time": 170.71,
                                                    "Actual Total Time": 237.113,
                                                    "Actual Rows": 386937,
                                                    "Actual Loops": 1
                                                }
                                            ],
                                            "Plans": [
                                                {
                                                    "Node Type": "Bitmap Index Scan",
                                                    "Parent Relationship": "Outer",
                                                    "Parallel Aware": false,
                                                    "Index Name": "person_id_cast_info",
                                                    "Startup Cost": 0.0,
                                                    "Total Cost": 51402.06,
                                                    "Plan Rows": 2354866,
                                                    "Plan Width": 0,
                                                    "Actual Startup Time": 164.454,
                                                    "Actual Total Time": 164.455,
                                                    "Actual Rows": 2358748,
                                                    "Actual Loops": 1,
                                                    "Index Cond": "(ci.person_id < 229469)",
                                                    "Workers": [
                                                        {
                                                            "Worker Number": 1,
                                                            "Actual Startup Time": 164.454,
                                                            "Actual Total Time": 164.455,
                                                            "Actual Rows": 2358748,
                                                            "Actual Loops": 1
                                                        }
                                                    ]
                                                }
                                            ]
                                        },
                                        {
                                            "Node Type": "Hash",
                                            "Parent Relationship": "Inner",
                                            "Parallel Aware": true,
                                            "Startup Cost": 43899.01,
                                            "Total Cost": 43899.01,
                                            "Plan Rows": 382235,
                                            "Plan Width": 4,
                                            "Actual Startup Time": 198.64,
                                            "Actual Total Time": 198.641,
                                            "Actual Rows": 218802,
                                            "Actual Loops": 7,
                                            "Output": [
                                                "t.id"
                                            ],
                                            "Hash Buckets": 2097152,
                                            "Original Hash Buckets": 2097152,
                                            "Hash Batches": 1,
                                            "Original Hash Batches": 1,
                                            "Peak Memory Usage": 76448,
                                            "Workers": [
                                                {
                                                    "Worker Number": 0,
                                                    "Actual Startup Time": 200.032,
                                                    "Actual Total Time": 200.033,
                                                    "Actual Rows": 186219,
                                                    "Actual Loops": 1
                                                },
                                                {
                                                    "Worker Number": 1,
                                                    "Actual Startup Time": 200.178,
                                                    "Actual Total Time": 200.179,
                                                    "Actual Rows": 186955,
                                                    "Actual Loops": 1
                                                },
                                                {
                                                    "Worker Number": 2,
                                                    "Actual Startup Time": 200.415,
                                                    "Actual Total Time": 200.416,
                                                    "Actual Rows": 232327,
                                                    "Actual Loops": 1
                                                },
                                                {
                                                    "Worker Number": 3,
                                                    "Actual Startup Time": 200.572,
                                                    "Actual Total Time": 200.573,
                                                    "Actual Rows": 247472,
                                                    "Actual Loops": 1
                                                },
                                                {
                                                    "Worker Number": 4,
                                                    "Actual Startup Time": 200.395,
                                                    "Actual Total Time": 200.396,
                                                    "Actual Rows": 181597,
                                                    "Actual Loops": 1
                                                },
                                                {
                                                    "Worker Number": 5,
                                                    "Actual Startup Time": 200.605,
                                                    "Actual Total Time": 200.606,
                                                    "Actual Rows": 230781,
                                                    "Actual Loops": 1
                                                }
                                            ],
                                            "Plans": [
                                                {
                                                    "Node Type": "Seq Scan",
                                                    "Parent Relationship": "Outer",
                                                    "Parallel Aware": true,
                                                    "Relation Name": "title",
                                                    "Schema": "public",
                                                    "Alias": "t",
                                                    "Startup Cost": 0.0,
                                                    "Total Cost": 43899.01,
                                                    "Plan Rows": 382235,
                                                    "Plan Width": 4,
                                                    "Actual Startup Time": 0.049,
                                                    "Actual Total Time": 83.922,
                                                    "Actual Rows": 218802,
                                                    "Actual Loops": 7,
                                                    "Output": [
                                                        "t.id"
                                                    ],
                                                    "Filter": "(t.production_year > 1997)",
                                                    "Rows Removed by Filter": 142386,
                                                    "Workers": [
                                                        {
                                                            "Worker Number": 0,
                                                            "Actual Startup Time": 0.057,
                                                            "Actual Total Time": 88.877,
                                                            "Actual Rows": 186219,
                                                            "Actual Loops": 1
                                                        },
                                                        {
                                                            "Worker Number": 1,
                                                            "Actual Startup Time": 0.044,
                                                            "Actual Total Time": 88.193,
                                                            "Actual Rows": 186955,
                                                            "Actual Loops": 1
                                                        },
                                                        {
                                                            "Worker Number": 2,
                                                            "Actual Startup Time": 0.057,
                                                            "Actual Total Time": 81.324,
                                                            "Actual Rows": 232327,
                                                            "Actual Loops": 1
                                                        },
                                                        {
                                                            "Worker Number": 3,
                                                            "Actual Startup Time": 0.066,
                                                            "Actual Total Time": 83.917,
                                                            "Actual Rows": 247472,
                                                            "Actual Loops": 1
                                                        },
                                                        {
                                                            "Worker Number": 4,
                                                            "Actual Startup Time": 0.053,
                                                            "Actual Total Time": 87.831,
                                                            "Actual Rows": 181597,
                                                            "Actual Loops": 1
                                                        },
                                                        {
                                                            "Worker Number": 5,
                                                            "Actual Startup Time": 0.053,
                                                            "Actual Total Time": 82.288,
                                                            "Actual Rows": 230781,
                                                            "Actual Loops": 1
                                                        }
                                                    ]
                                                }
                                            ]
                                        }
                                    ]
                                }
                            ]
                        }
                    ]
                }
            ]
        },
        "Planning Time": 187.032,
        "Triggers": [],
        "Execution Time": 657.064
    }
]