[
  {
    "Plan": {
      "Node Type": "Aggregate",
      "Strategy": "Plain",
      "Partial Mode": "Finalize",
      "Parallel Aware": false,
      "Startup Cost": 32811.85,
      "Total Cost": 32811.86,
      "Plan Rows": 1,
      "Plan Width": 8,
      "Actual Startup Time": 73.617,
      "Actual Total Time": 81.552,
      "Actual Rows": 1,
      "Actual Loops": 1,
      "Plans": [
        {
          "Node Type": "Gather",
          "Parent Relationship": "Outer",
          "Parallel Aware": false,
          "Startup Cost": 32811.53,
          "Total Cost": 32811.84,
          "Plan Rows": 3,
          "Plan Width": 8,
          "Actual Startup Time": 73.5,
          "Actual Total Time": 81.544,
          "Actual Rows": 4,
          "Actual Loops": 1,
          "Workers Planned": 3,
          "Workers Launched": 3,
          "Single Copy": false,
          "Plans": [
            {
              "Node Type": "Aggregate",
              "Strategy": "Plain",
              "Partial Mode": "Partial",
              "Parent Relationship": "Outer",
              "Parallel Aware": false,
              "Startup Cost": 31811.53,
              "Total Cost": 31811.54,
              "Plan Rows": 1,
              "Plan Width": 8,
              "Actual Startup Time": 69.557,
              "Actual Total Time": 69.558,
              "Actual Rows": 1,
              "Actual Loops": 4,
              "Plans": [
                {
                  "Node Type": "Seq Scan",
                  "Parent Relationship": "Outer",
                  "Parallel Aware": true,
                  "Relation Name": "movie_companies",
                  "Alias": "mc",
                  "Startup Cost": 0.0,
                  "Total Cost": 31414.82,
                  "Plan Rows": 158686,
                  "Plan Width": 0,
                  "Actual Startup Time": 14.13,
                  "Actual Total Time": 67.242,
                  "Actual Rows": 45466,
                  "Actual Loops": 4,
                  "Filter": "((company_id > 16708) AND (company_type_id = 1))",
                  "Rows Removed by Filter": 606816
                }
              ]
            }
          ]
        }
      ]
    },
    "Planning Time": 0.093,
    "Triggers": [],
    "Execution Time": 81.58
  }
]