[
  {
    "Plan": {
      "Node Type": "Aggregate",
      "Strategy": "Plain",
      "Partial Mode": "Finalize",
      "Parallel Aware": false,
      "Startup Cost": 44653.16,
      "Total Cost": 44653.17,
      "Plan Rows": 1,
      "Plan Width": 8,
      "Actual Startup Time": 125.3,
      "Actual Total Time": 134.711,
      "Actual Rows": 1,
      "Actual Loops": 1,
      "Plans": [
        {
          "Node Type": "Gather",
          "Parent Relationship": "Outer",
          "Parallel Aware": false,
          "Startup Cost": 44652.84,
          "Total Cost": 44653.15,
          "Plan Rows": 3,
          "Plan Width": 8,
          "Actual Startup Time": 125.067,
          "Actual Total Time": 134.701,
          "Actual Rows": 4,
          "Actual Loops": 1,
          "Workers Planned": 3,
          "Workers Launched": 3,
          "Single Copy": false,
          "Plans": [
            {
              "Node Type": "Aggregate",
              "Strategy": "Plain",
              "Partial Mode": "Partial",
              "Parent Relationship": "Outer",
              "Parallel Aware": false,
              "Startup Cost": 43652.84,
              "Total Cost": 43652.85,
              "Plan Rows": 1,
              "Plan Width": 8,
              "Actual Startup Time": 118.016,
              "Actual Total Time": 118.017,
              "Actual Rows": 1,
              "Actual Loops": 4,
              "Plans": [
                {
                  "Node Type": "Seq Scan",
                  "Parent Relationship": "Outer",
                  "Parallel Aware": true,
                  "Relation Name": "movie_keyword",
                  "Alias": "mk",
                  "Startup Cost": 0.0,
                  "Total Cost": 42695.65,
                  "Plan Rows": 382876,
                  "Plan Width": 0,
                  "Actual Startup Time": 1.445,
                  "Actual Total Time": 103.86,
                  "Actual Rows": 298258,
                  "Actual Loops": 4,
                  "Filter": "(keyword_id > 15517)",
                  "Rows Removed by Filter": 832724
                }
              ]
            }
          ]
        }
      ]
    },
    "Planning Time": 0.106,
    "Triggers": [],
    "Execution Time": 134.745
  }
]