{
  "Plan": {
    "Node Type": "Aggregate",
    "Strategy": "Plain",
    "Partial Mode": "Finalize",
    "Parallel Aware": false,
    "Startup Cost": 817852.89,
    "Total Cost": 817852.9,
    "Plan Rows": 1,
    "Plan Width": 8,
    "Actual Startup Time": 8859.402,
    "Actual Total Time": 8931.559,
    "Actual Rows": 1,
    "Actual Loops": 1,
    "Plans": [
      {
        "Node Type": "Gather",
        "Parent Relationship": "Outer",
        "Parallel Aware": false,
        "Startup Cost": 817852.77,
        "Total Cost": 817852.88,
        "Plan Rows": 1,
        "Plan Width": 8,
        "Actual Startup Time": 8851.135,
        "Actual Total Time": 8931.547,
        "Actual Rows": 2,
        "Actual Loops": 1,
        "Workers Planned": 1,
        "Workers Launched": 1,
        "Single Copy": false,
        "Plans": [
          {
            "Node Type": "Aggregate",
            "Strategy": "Plain",
            "Partial Mode": "Partial",
            "Parent Relationship": "Outer",
            "Parallel Aware": false,
            "Startup Cost": 816852.77,
            "Total Cost": 816852.78,
            "Plan Rows": 1,
            "Plan Width": 8,
            "Actual Startup Time": 8843.928,
            "Actual Total Time": 8845.339,
            "Actual Rows": 1,
            "Actual Loops": 2,
            "Plans": [
              {
                "Node Type": "Hash Join",
                "Parent Relationship": "Outer",
                "Parallel Aware": true,
                "Join Type": "Inner",
                "Startup Cost": 139335.9,
                "Total Cost": 790998.24,
                "Plan Rows": 10341812,
                "Plan Width": 0,
                "Actual Startup Time": 976.678,
                "Actual Total Time": 7744.922,
                "Actual Rows": 26618070,
                "Actual Loops": 2,
                "Inner Unique": false,
                "Hash Cond": "(ci.movie_id = t.id)",
                "Plans": [
                  {
                    "Node Type": "Seq Scan",
                    "Parent Relationship": "Outer",
                    "Parallel Aware": true,
                    "Relation Name": "cast_info",
                    "Alias": "ci",
                    "Startup Cost": 0.0,
                    "Total Cost": 519069.44,
                    "Plan Rows": 19135668,
                    "Plan Width": 4,
                    "Actual Startup Time": 0.016,
                    "Actual Total Time": 1695.089,
                    "Actual Rows": 16346998,
                    "Actual Loops": 2,
                    "Filter": "(person_id < 3417434)",
                    "Rows Removed by Filter": 1775174
                  },
                  {
                    "Node Type": "Hash",
                    "Parent Relationship": "Inner",
                    "Parallel Aware": true,
                    "Startup Cost": 129288.78,
                    "Total Cost": 129288.78,
                    "Plan Rows": 803769,
                    "Plan Width": 8,
                    "Actual Startup Time": 961.859,
                    "Actual Total Time": 963.268,
                    "Actual Rows": 686180,
                    "Actual Loops": 2,
                    "Hash Buckets": 2097152,
                    "Original Hash Buckets": 2097152,
                    "Hash Batches": 1,
                    "Original Hash Batches": 1,
                    "Peak Memory Usage": 70112,
                    "Plans": [
                      {
                        "Node Type": "Hash Join",
                        "Parent Relationship": "Outer",
                        "Parallel Aware": true,
                        "Join Type": "Inner",
                        "Startup Cost": 69460.7,
                        "Total Cost": 129288.78,
                        "Plan Rows": 803769,
                        "Plan Width": 8,
                        "Actual Startup Time": 511.444,
                        "Actual Total Time": 830.539,
                        "Actual Rows": 686180,
                        "Actual Loops": 2,
                        "Inner Unique": true,
                        "Hash Cond": "(mk.movie_id = t.id)",
                        "Plans": [
                          {
                            "Node Type": "Seq Scan",
                            "Parent Relationship": "Outer",
                            "Parallel Aware": true,
                            "Relation Name": "movie_keyword",
                            "Alias": "mk",
                            "Startup Cost": 0.0,
                            "Total Cost": 57718.19,
                            "Plan Rows": 803769,
                            "Plan Width": 4,
                            "Actual Startup Time": 1.208,
                            "Actual Total Time": 171.24,
                            "Actual Rows": 686180,
                            "Actual Loops": 2,
                            "Filter": "(keyword_id > 12169)",
                            "Rows Removed by Filter": 1575786
                          },
                          {
                            "Node Type": "Hash",
                            "Parent Relationship": "Inner",
                            "Parallel Aware": true,
                            "Startup Cost": 50870.31,
                            "Total Cost": 50870.31,
                            "Plan Rows": 1487231,
                            "Plan Width": 4,
                            "Actual Startup Time": 496.891,
                            "Actual Total Time": 496.892,
                            "Actual Rows": 1264156,
                            "Actual Loops": 2,
                            "Hash Buckets": 4194304,
                            "Original Hash Buckets": 4194304,
                            "Hash Batches": 1,
                            "Original Hash Batches": 1,
                            "Peak Memory Usage": 131712,
                            "Plans": [
                              {
                                "Node Type": "Seq Scan",
                                "Parent Relationship": "Outer",
                                "Parallel Aware": true,
                                "Relation Name": "title",
                                "Alias": "t",
                                "Startup Cost": 0.0,
                                "Total Cost": 50870.31,
                                "Plan Rows": 1487231,
                                "Plan Width": 4,
                                "Actual Startup Time": 0.029,
                                "Actual Total Time": 152.813,
                                "Actual Rows": 1264156,
                                "Actual Loops": 2
                              }
                            ]
                          }
                        ]
                      }
                    ]
                  }
                ]
              }
            ]
          }
        ]
      }
    ]
  },
  "Planning Time": 0.986,
  "Triggers": [],
  "Execution Time": 8931.653
}