[
  {
    "Plan": {
      "Node Type": "Aggregate",
      "Strategy": "Plain",
      "Partial Mode": "Finalize",
      "Parallel Aware": false,
      "Startup Cost": 146914.15,
      "Total Cost": 146914.16,
      "Plan Rows": 1,
      "Plan Width": 8,
      "Actual Startup Time": 1956.402,
      "Actual Total Time": 1992.993,
      "Actual Rows": 1,
      "Actual Loops": 1,
      "Plans": [
        {
          "Node Type": "Gather",
          "Parent Relationship": "Outer",
          "Parallel Aware": false,
          "Startup Cost": 146913.83,
          "Total Cost": 146914.14,
          "Plan Rows": 3,
          "Plan Width": 8,
          "Actual Startup Time": 1940.764,
          "Actual Total Time": 1992.984,
          "Actual Rows": 4,
          "Actual Loops": 1,
          "Workers Planned": 3,
          "Workers Launched": 3,
          "Single Copy": false,
          "Plans": [
            {
              "Node Type": "Aggregate",
              "Strategy": "Plain",
              "Partial Mode": "Partial",
              "Parent Relationship": "Outer",
              "Parallel Aware": false,
              "Startup Cost": 145913.83,
              "Total Cost": 145913.84,
              "Plan Rows": 1,
              "Plan Width": 8,
              "Actual Startup Time": 1927.8,
              "Actual Total Time": 1929.252,
              "Actual Rows": 1,
              "Actual Loops": 4,
              "Plans": [
                {
                  "Node Type": "Hash Join",
                  "Parent Relationship": "Outer",
                  "Parallel Aware": true,
                  "Join Type": "Inner",
                  "Startup Cost": 90949.32,
                  "Total Cost": 142692.7,
                  "Plan Rows": 1288450,
                  "Plan Width": 0,
                  "Actual Startup Time": 888.139,
                  "Actual Total Time": 1619.259,
                  "Actual Rows": 7725801,
                  "Actual Loops": 4,
                  "Inner Unique": false,
                  "Hash Cond": "(mk.movie_id = t.id)",
                  "Plans": [
                    {
                      "Node Type": "Seq Scan",
                      "Parent Relationship": "Outer",
                      "Parallel Aware": true,
                      "Relation Name": "movie_keyword",
                      "Alias": "mk",
                      "Startup Cost": 0.0,
                      "Total Cost": 42695.65,
                      "Plan Rows": 1304383,
                      "Plan Width": 4,
                      "Actual Startup Time": 0.062,
                      "Actual Total Time": 109.769,
                      "Actual Rows": 1011803,
                      "Actual Loops": 4,
                      "Filter": "(keyword_id < 37475)",
                      "Rows Removed by Filter": 119180
                    },
                    {
                      "Node Type": "Hash",
                      "Parent Relationship": "Inner",
                      "Parallel Aware": true,
                      "Startup Cost": 80878.6,
                      "Total Cost": 80878.6,
                      "Plan Rows": 805658,
                      "Plan Width": 8,
                      "Actual Startup Time": 879.615,
                      "Actual Total Time": 881.065,
                      "Actual Rows": 629177,
                      "Actual Loops": 4,
                      "Hash Buckets": 4194304,
                      "Original Hash Buckets": 4194304,
                      "Hash Batches": 1,
                      "Original Hash Batches": 1,
                      "Peak Memory Usage": 131296,
                      "Plans": [
                        {
                          "Node Type": "Hash Join",
                          "Parent Relationship": "Outer",
                          "Parallel Aware": true,
                          "Join Type": "Inner",
                          "Startup Cost": 51462.71,
                          "Total Cost": 80878.6,
                          "Plan Rows": 805658,
                          "Plan Width": 8,
                          "Actual Startup Time": 365.104,
                          "Actual Total Time": 667.716,
                          "Actual Rows": 629177,
                          "Actual Loops": 4,
                          "Inner Unique": true,
                          "Hash Cond": "(mc.movie_id = t.id)",
                          "Plans": [
                            {
                              "Node Type": "Seq Scan",
                              "Parent Relationship": "Outer",
                              "Parallel Aware": true,
                              "Relation Name": "movie_companies",
                              "Alias": "mc",
                              "Startup Cost": 0.0,
                              "Total Cost": 27206.55,
                              "Plan Rows": 841655,
                              "Plan Width": 4,
                              "Actual Startup Time": 0.01,
                              "Actual Total Time": 61.199,
                              "Actual Rows": 652282,
                              "Actual Loops": 4
                            },
                            {
                              "Node Type": "Hash",
                              "Parent Relationship": "Inner",
                              "Parallel Aware": true,
                              "Startup Cost": 43899.32,
                              "Total Cost": 43899.32,
                              "Plan Rows": 605071,
                              "Plan Width": 4,
                              "Actual Startup Time": 358.11,
                              "Actual Total Time": 358.112,
                              "Actual Rows": 605292,
                              "Actual Loops": 4,
                              "Hash Buckets": 4194304,
                              "Original Hash Buckets": 4194304,
                              "Hash Batches": 1,
                              "Original Hash Batches": 1,
                              "Peak Memory Usage": 127552,
                              "Plans": [
                                {
                                  "Node Type": "Seq Scan",
                                  "Parent Relationship": "Outer",
                                  "Parallel Aware": true,
                                  "Relation Name": "title",
                                  "Alias": "t",
                                  "Startup Cost": 0.0,
                                  "Total Cost": 43899.32,
                                  "Plan Rows": 605071,
                                  "Plan Width": 4,
                                  "Actual Startup Time": 0.057,
                                  "Actual Total Time": 114.074,
                                  "Actual Rows": 605292,
                                  "Actual Loops": 4,
                                  "Filter": "(production_year > 1911)",
                                  "Rows Removed by Filter": 26786
                                }
                              ]
                            }
                          ]
                        }
                      ]
                    }
                  ]
                }
              ]
            }
          ]
        }
      ]
    },
    "Planning Time": 0.407,
    "Triggers": [],
    "Execution Time": 1993.032
  }
]