[
  {
    "Plan": {
      "Node Type": "Aggregate",
      "Strategy": "Plain",
      "Partial Mode": "Finalize",
      "Parallel Aware": false,
      "Startup Cost": 44368.31,
      "Total Cost": 44368.32,
      "Plan Rows": 1,
      "Plan Width": 8,
      "Actual Startup Time": 122.79,
      "Actual Total Time": 131.467,
      "Actual Rows": 1,
      "Actual Loops": 1,
      "Plans": [
        {
          "Node Type": "Gather",
          "Parent Relationship": "Outer",
          "Parallel Aware": false,
          "Startup Cost": 44368.0,
          "Total Cost": 44368.31,
          "Plan Rows": 3,
          "Plan Width": 8,
          "Actual Startup Time": 122.689,
          "Actual Total Time": 131.458,
          "Actual Rows": 4,
          "Actual Loops": 1,
          "Workers Planned": 3,
          "Workers Launched": 3,
          "Single Copy": false,
          "Plans": [
            {
              "Node Type": "Aggregate",
              "Strategy": "Plain",
              "Partial Mode": "Partial",
              "Parent Relationship": "Outer",
              "Parallel Aware": false,
              "Startup Cost": 43368.0,
              "Total Cost": 43368.01,
              "Plan Rows": 1,
              "Plan Width": 8,
              "Actual Startup Time": 115.274,
              "Actual Total Time": 115.275,
              "Actual Rows": 1,
              "Actual Loops": 4,
              "Plans": [
                {
                  "Node Type": "Seq Scan",
                  "Parent Relationship": "Outer",
                  "Parallel Aware": true,
                  "Relation Name": "movie_keyword",
                  "Alias": "mk",
                  "Startup Cost": 0.0,
                  "Total Cost": 42695.65,
                  "Plan Rows": 268937,
                  "Plan Width": 0,
                  "Actual Startup Time": 5.089,
                  "Actual Total Time": 105.12,
                  "Actual Rows": 204414,
                  "Actual Loops": 4,
                  "Filter": "(keyword_id > 22382)",
                  "Rows Removed by Filter": 926568
                }
              ]
            }
          ]
        }
      ]
    },
    "Planning Time": 0.243,
    "Triggers": [],
    "Execution Time": 131.533
  }
]