[
  {
    "Plan": {
      "Node Type": "Aggregate",
      "Strategy": "Plain",
      "Partial Mode": "Finalize",
      "Parallel Aware": false,
      "Startup Cost": 97021.2,
      "Total Cost": 97021.21,
      "Plan Rows": 1,
      "Plan Width": 8,
      "Actual Startup Time": 467.673,
      "Actual Total Time": 476.856,
      "Actual Rows": 1,
      "Actual Loops": 1,
      "Plans": [
        {
          "Node Type": "Gather",
          "Parent Relationship": "Outer",
          "Parallel Aware": false,
          "Startup Cost": 97020.99,
          "Total Cost": 97021.2,
          "Plan Rows": 2,
          "Plan Width": 8,
          "Actual Startup Time": 463.962,
          "Actual Total Time": 476.847,
          "Actual Rows": 3,
          "Actual Loops": 1,
          "Workers Planned": 2,
          "Workers Launched": 2,
          "Single Copy": false,
          "Plans": [
            {
              "Node Type": "Aggregate",
              "Strategy": "Plain",
              "Partial Mode": "Partial",
              "Parent Relationship": "Outer",
              "Parallel Aware": false,
              "Startup Cost": 96020.99,
              "Total Cost": 96021.0,
              "Plan Rows": 1,
              "Plan Width": 8,
              "Actual Startup Time": 461.361,
              "Actual Total Time": 461.523,
              "Actual Rows": 1,
              "Actual Loops": 3,
              "Plans": [
                {
                  "Node Type": "Hash Join",
                  "Parent Relationship": "Outer",
                  "Parallel Aware": true,
                  "Join Type": "Inner",
                  "Startup Cost": 79667.08,
                  "Total Cost": 95797.24,
                  "Plan Rows": 89500,
                  "Plan Width": 0,
                  "Actual Startup Time": 374.417,
                  "Actual Total Time": 457.922,
                  "Actual Rows": 91059,
                  "Actual Loops": 3,
                  "Inner Unique": false,
                  "Hash Cond": "(mi_idx.movie_id = t.id)",
                  "Plans": [
                    {
                      "Node Type": "Seq Scan",
                      "Parent Relationship": "Outer",
                      "Parallel Aware": true,
                      "Relation Name": "movie_info_idx",
                      "Alias": "mi_idx",
                      "Startup Cost": 0.0,
                      "Total Cost": 13685.15,
                      "Plan Rows": 575015,
                      "Plan Width": 4,
                      "Actual Startup Time": 0.021,
                      "Actual Total Time": 34.295,
                      "Actual Rows": 460012,
                      "Actual Loops": 3
                    },
                    {
                      "Node Type": "Hash",
                      "Parent Relationship": "Inner",
                      "Parallel Aware": true,
                      "Startup Cost": 78080.26,
                      "Total Cost": 78080.26,
                      "Plan Rows": 126945,
                      "Plan Width": 8,
                      "Actual Startup Time": 372.384,
                      "Actual Total Time": 372.546,
                      "Actual Rows": 63708,
                      "Actual Loops": 3,
                      "Hash Buckets": 524288,
                      "Original Hash Buckets": 524288,
                      "Hash Batches": 1,
                      "Original Hash Batches": 1,
                      "Peak Memory Usage": 11616,
                      "Plans": [
                        {
                          "Node Type": "Hash Join",
                          "Parent Relationship": "Outer",
                          "Parallel Aware": true,
                          "Join Type": "Inner",
                          "Startup Cost": 47396.02,
                          "Total Cost": 78080.26,
                          "Plan Rows": 126945,
                          "Plan Width": 8,
                          "Actual Startup Time": 178.278,
                          "Actual Total Time": 354.683,
                          "Actual Rows": 63708,
                          "Actual Loops": 3,
                          "Inner Unique": true,
                          "Hash Cond": "(mc.movie_id = t.id)",
                          "Plans": [
                            {
                              "Node Type": "Seq Scan",
                              "Parent Relationship": "Outer",
                              "Parallel Aware": true,
                              "Relation Name": "movie_companies",
                              "Alias": "mc",
                              "Startup Cost": 0.0,
                              "Total Cost": 29310.68,
                              "Plan Rows": 523262,
                              "Plan Width": 4,
                              "Actual Startup Time": 0.017,
                              "Actual Total Time": 80.164,
                              "Actual Rows": 539773,
                              "Actual Loops": 3,
                              "Filter": "(company_id < 17062)",
                              "Rows Removed by Filter": 329937
                            },
                            {
                              "Node Type": "Hash",
                              "Parent Relationship": "Inner",
                              "Parallel Aware": true,
                              "Startup Cost": 45479.21,
                              "Total Cost": 45479.21,
                              "Plan Rows": 153345,
                              "Plan Width": 4,
                              "Actual Startup Time": 175.5,
                              "Actual Total Time": 175.501,
                              "Actual Rows": 225642,
                              "Actual Loops": 3,
                              "Hash Buckets": 1048576,
                              "Original Hash Buckets": 1048576,
                              "Hash Batches": 1,
                              "Original Hash Batches": 1,
                              "Peak Memory Usage": 34720,
                              "Plans": [
                                {
                                  "Node Type": "Seq Scan",
                                  "Parent Relationship": "Outer",
                                  "Parallel Aware": true,
                                  "Relation Name": "title",
                                  "Alias": "t",
                                  "Startup Cost": 0.0,
                                  "Total Cost": 45479.21,
                                  "Plan Rows": 153345,
                                  "Plan Width": 4,
                                  "Actual Startup Time": 0.019,
                                  "Actual Total Time": 106.466,
                                  "Actual Rows": 225642,
                                  "Actual Loops": 3,
                                  "Filter": "((production_year > 2005) AND (kind_id = 7))",
                                  "Rows Removed by Filter": 617128
                                }
                              ]
                            }
                          ]
                        }
                      ]
                    }
                  ]
                }
              ]
            }
          ]
        }
      ]
    },
    "Planning Time": 0.609,
    "Triggers": [],
    "Execution Time": 476.894
  }
]