{
    "Plan": {
        "Node Type": "Aggregate",
        "Strategy": "Plain",
        "Partial Mode": "Finalize",
        "Parallel Aware": false,
        "Startup Cost": 94349.26,
        "Total Cost": 94349.27,
        "Plan Rows": 1,
        "Plan Width": 8,
        "Actual Startup Time": 473.534,
        "Actual Total Time": 496.281,
        "Actual Rows": 1,
        "Actual Loops": 1,
        "Output": [
            "count(*)"
        ],
        "Plans": [
            {
                "Node Type": "Gather",
                "Parent Relationship": "Outer",
                "Parallel Aware": false,
                "Startup Cost": 94348.95,
                "Total Cost": 94349.26,
                "Plan Rows": 3,
                "Plan Width": 8,
                "Actual Startup Time": 469.636,
                "Actual Total Time": 496.271,
                "Actual Rows": 4,
                "Actual Loops": 1,
                "Output": [
                    "(PARTIAL count(*))"
                ],
                "Workers Planned": 3,
                "Workers Launched": 3,
                "Single Copy": false,
                "Plans": [
                    {
                        "Node Type": "Aggregate",
                        "Strategy": "Plain",
                        "Partial Mode": "Partial",
                        "Parent Relationship": "Outer",
                        "Parallel Aware": false,
                        "Startup Cost": 93348.95,
                        "Total Cost": 93348.96,
                        "Plan Rows": 1,
                        "Plan Width": 8,
                        "Actual Startup Time": 457.339,
                        "Actual Total Time": 457.342,
                        "Actual Rows": 1,
                        "Actual Loops": 4,
                        "Output": [
                            "PARTIAL count(*)"
                        ],
                        "Workers": [
                            {
                                "Worker Number": 0,
                                "Actual Startup Time": 453.245,
                                "Actual Total Time": 453.248,
                                "Actual Rows": 1,
                                "Actual Loops": 1
                            },
                            {
                                "Worker Number": 1,
                                "Actual Startup Time": 453.349,
                                "Actual Total Time": 453.352,
                                "Actual Rows": 1,
                                "Actual Loops": 1
                            },
                            {
                                "Worker Number": 2,
                                "Actual Startup Time": 453.793,
                                "Actual Total Time": 453.795,
                                "Actual Rows": 1,
                                "Actual Loops": 1
                            }
                        ],
                        "Plans": [
                            {
                                "Node Type": "Hash Join",
                                "Parent Relationship": "Outer",
                                "Parallel Aware": true,
                                "Join Type": "Inner",
                                "Startup Cost": 48894.05,
                                "Total Cost": 91772.13,
                                "Plan Rows": 630728,
                                "Plan Width": 0,
                                "Actual Startup Time": 220.296,
                                "Actual Total Time": 451.495,
                                "Actual Rows": 134034,
                                "Actual Loops": 4,
                                "Inner Unique": true,
                                "Hash Cond": "(mk.movie_id = t.id)",
                                "Workers": [
                                    {
                                        "Worker Number": 0,
                                        "Actual Startup Time": 216.364,
                                        "Actual Total Time": 447.454,
                                        "Actual Rows": 90387,
                                        "Actual Loops": 1
                                    },
                                    {
                                        "Worker Number": 1,
                                        "Actual Startup Time": 216.388,
                                        "Actual Total Time": 447.77,
                                        "Actual Rows": 141662,
                                        "Actual Loops": 1
                                    },
                                    {
                                        "Worker Number": 2,
                                        "Actual Startup Time": 216.386,
                                        "Actual Total Time": 448.271,
                                        "Actual Rows": 139526,
                                        "Actual Loops": 1
                                    }
                                ],
                                "Plans": [
                                    {
                                        "Node Type": "Seq Scan",
                                        "Parent Relationship": "Outer",
                                        "Parallel Aware": true,
                                        "Relation Name": "movie_keyword",
                                        "Schema": "public",
                                        "Alias": "mk",
                                        "Startup Cost": 0.0,
                                        "Total Cost": 39047.32,
                                        "Plan Rows": 1459332,
                                        "Plan Width": 4,
                                        "Actual Startup Time": 0.015,
                                        "Actual Total Time": 107.333,
                                        "Actual Rows": 1130982,
                                        "Actual Loops": 4,
                                        "Output": [
                                            "mk.id",
                                            "mk.movie_id",
                                            "mk.keyword_id"
                                        ],
                                        "Workers": [
                                            {
                                                "Worker Number": 0,
                                                "Actual Startup Time": 0.023,
                                                "Actual Total Time": 111.367,
                                                "Actual Rows": 774595,
                                                "Actual Loops": 1
                                            },
                                            {
                                                "Worker Number": 1,
                                                "Actual Startup Time": 0.013,
                                                "Actual Total Time": 112.214,
                                                "Actual Rows": 1188440,
                                                "Actual Loops": 1
                                            },
                                            {
                                                "Worker Number": 2,
                                                "Actual Startup Time": 0.017,
                                                "Actual Total Time": 112.186,
                                                "Actual Rows": 1167290,
                                                "Actual Loops": 1
                                            }
                                        ]
                                    },
                                    {
                                        "Node Type": "Hash",
                                        "Parent Relationship": "Inner",
                                        "Parallel Aware": true,
                                        "Startup Cost": 45479.21,
                                        "Total Cost": 45479.21,
                                        "Plan Rows": 273187,
                                        "Plan Width": 4,
                                        "Actual Startup Time": 212.522,
                                        "Actual Total Time": 212.523,
                                        "Actual Rows": 263712,
                                        "Actual Loops": 4,
                                        "Output": [
                                            "t.id"
                                        ],
                                        "Hash Buckets": 2097152,
                                        "Original Hash Buckets": 2097152,
                                        "Hash Batches": 1,
                                        "Original Hash Batches": 1,
                                        "Peak Memory Usage": 57728,
                                        "Workers": [
                                            {
                                                "Worker Number": 0,
                                                "Actual Startup Time": 215.61,
                                                "Actual Total Time": 215.611,
                                                "Actual Rows": 174582,
                                                "Actual Loops": 1
                                            },
                                            {
                                                "Worker Number": 1,
                                                "Actual Startup Time": 215.728,
                                                "Actual Total Time": 215.729,
                                                "Actual Rows": 263798,
                                                "Actual Loops": 1
                                            },
                                            {
                                                "Worker Number": 2,
                                                "Actual Startup Time": 215.708,
                                                "Actual Total Time": 215.709,
                                                "Actual Rows": 256982,
                                                "Actual Loops": 1
                                            }
                                        ],
                                        "Plans": [
                                            {
                                                "Node Type": "Seq Scan",
                                                "Parent Relationship": "Outer",
                                                "Parallel Aware": true,
                                                "Relation Name": "title",
                                                "Schema": "public",
                                                "Alias": "t",
                                                "Startup Cost": 0.0,
                                                "Total Cost": 45479.21,
                                                "Plan Rows": 273187,
                                                "Plan Width": 4,
                                                "Actual Startup Time": 0.057,
                                                "Actual Total Time": 109.124,
                                                "Actual Rows": 263712,
                                                "Actual Loops": 4,
                                                "Output": [
                                                    "t.id"
                                                ],
                                                "Filter": "((t.kind_id > 4) AND (t.production_year < 2009))",
                                                "Rows Removed by Filter": 368366,
                                                "Workers": [
                                                    {
                                                        "Worker Number": 0,
                                                        "Actual Startup Time": 0.066,
                                                        "Actual Total Time": 111.936,
                                                        "Actual Rows": 174582,
                                                        "Actual Loops": 1
                                                    },
                                                    {
                                                        "Worker Number": 1,
                                                        "Actual Startup Time": 0.079,
                                                        "Actual Total Time": 111.938,
                                                        "Actual Rows": 263798,
                                                        "Actual Loops": 1
                                                    },
                                                    {
                                                        "Worker Number": 2,
                                                        "Actual Startup Time": 0.065,
                                                        "Actual Total Time": 111.625,
                                                        "Actual Rows": 256982,
                                                        "Actual Loops": 1
                                                    }
                                                ]
                                            }
                                        ]
                                    }
                                ]
                            }
                        ]
                    }
                ]
            }
        ]
    },
    "Planning Time": 0.72,
    "Triggers": [],
    "Execution Time": 496.356
}