{
  "Plan": {
    "Node Type": "Aggregate",
    "Strategy": "Plain",
    "Partial Mode": "Finalize",
    "Parallel Aware": false,
    "Startup Cost": 668677.58,
    "Total Cost": 668677.59,
    "Plan Rows": 1,
    "Plan Width": 8,
    "Actual Startup Time": 3330.348,
    "Actual Total Time": 3364.915,
    "Actual Rows": 1,
    "Actual Loops": 1,
    "Plans": [
      {
        "Node Type": "Gather",
        "Parent Relationship": "Outer",
        "Parallel Aware": false,
        "Startup Cost": 668677.46,
        "Total Cost": 668677.57,
        "Plan Rows": 1,
        "Plan Width": 8,
        "Actual Startup Time": 3324.302,
        "Actual Total Time": 3364.904,
        "Actual Rows": 2,
        "Actual Loops": 1,
        "Workers Planned": 1,
        "Workers Launched": 1,
        "Single Copy": false,
        "Plans": [
          {
            "Node Type": "Aggregate",
            "Strategy": "Plain",
            "Partial Mode": "Partial",
            "Parent Relationship": "Outer",
            "Parallel Aware": false,
            "Startup Cost": 667677.46,
            "Total Cost": 667677.47,
            "Plan Rows": 1,
            "Plan Width": 8,
            "Actual Startup Time": 3318.477,
            "Actual Total Time": 3319.409,
            "Actual Rows": 1,
            "Actual Loops": 2,
            "Plans": [
              {
                "Node Type": "Hash Join",
                "Parent Relationship": "Outer",
                "Parallel Aware": true,
                "Join Type": "Inner",
                "Startup Cost": 317576.59,
                "Total Cost": 665717.42,
                "Plan Rows": 784016,
                "Plan Width": 0,
                "Actual Startup Time": 1151.458,
                "Actual Total Time": 2974.282,
                "Actual Rows": 8727226,
                "Actual Loops": 2,
                "Inner Unique": false,
                "Hash Cond": "(ci.movie_id = t.id)",
                "Plans": [
                  {
                    "Node Type": "Bitmap Heap Scan",
                    "Parent Relationship": "Outer",
                    "Parallel Aware": true,
                    "Relation Name": "cast_info",
                    "Alias": "ci",
                    "Startup Cost": 194462.49,
                    "Total Cost": 525136.59,
                    "Plan Rows": 3427966,
                    "Plan Width": 4,
                    "Actual Startup Time": 467.238,
                    "Actual Total Time": 1057.07,
                    "Actual Rows": 3584494,
                    "Actual Loops": 2,
                    "Recheck Cond": "(person_id < 883585)",
                    "Rows Removed by Index Recheck": 0,
                    "Filter": "(role_id < 4)",
                    "Rows Removed by Filter": 906157,
                    "Exact Heap Blocks": 51386,
                    "Lossy Heap Blocks": 0,
                    "Plans": [
                      {
                        "Node Type": "Bitmap Index Scan",
                        "Parent Relationship": "Outer",
                        "Parallel Aware": false,
                        "Index Name": "person_id_cast_info",
                        "Startup Cost": 0.0,
                        "Total Cost": 193005.6,
                        "Plan Rows": 8838538,
                        "Plan Width": 0,
                        "Actual Startup Time": 451.118,
                        "Actual Total Time": 451.119,
                        "Actual Rows": 8981302,
                        "Actual Loops": 1,
                        "Index Cond": "(person_id < 883585)"
                      }
                    ]
                  },
                  {
                    "Node Type": "Hash",
                    "Parent Relationship": "Inner",
                    "Parallel Aware": true,
                    "Startup Cost": 118862.27,
                    "Total Cost": 118862.27,
                    "Plan Rows": 340147,
                    "Plan Width": 8,
                    "Actual Startup Time": 675.122,
                    "Actual Total Time": 676.051,
                    "Actual Rows": 703160,
                    "Actual Loops": 2,
                    "Hash Buckets": 2097152,
                    "Original Hash Buckets": 1048576,
                    "Hash Batches": 1,
                    "Original Hash Batches": 1,
                    "Peak Memory Usage": 79648,
                    "Plans": [
                      {
                        "Node Type": "Hash Join",
                        "Parent Relationship": "Outer",
                        "Parallel Aware": true,
                        "Join Type": "Inner",
                        "Startup Cost": 57740.43,
                        "Total Cost": 118862.27,
                        "Plan Rows": 340147,
                        "Plan Width": 8,
                        "Actual Startup Time": 224.589,
                        "Actual Total Time": 528.876,
                        "Actual Rows": 703160,
                        "Actual Loops": 2,
                        "Inner Unique": true,
                        "Hash Cond": "(mk.movie_id = t.id)",
                        "Plans": [
                          {
                            "Node Type": "Seq Scan",
                            "Parent Relationship": "Outer",
                            "Parallel Aware": true,
                            "Relation Name": "movie_keyword",
                            "Alias": "mk",
                            "Startup Cost": 0.0,
                            "Total Cost": 57718.19,
                            "Plan Rows": 1296622,
                            "Plan Width": 4,
                            "Actual Startup Time": 0.459,
                            "Actual Total Time": 195.167,
                            "Actual Rows": 1101472,
                            "Actual Loops": 2,
                            "Filter": "(keyword_id > 5063)",
                            "Rows Removed by Filter": 1160493
                          },
                          {
                            "Node Type": "Hash",
                            "Parent Relationship": "Inner",
                            "Parallel Aware": true,
                            "Startup Cost": 52863.55,
                            "Total Cost": 52863.55,
                            "Plan Rows": 390151,
                            "Plan Width": 4,
                            "Actual Startup Time": 166.514,
                            "Actual Total Time": 166.516,
                            "Actual Rows": 331412,
                            "Actual Loops": 2,
                            "Hash Buckets": 1048576,
                            "Original Hash Buckets": 1048576,
                            "Hash Batches": 1,
                            "Original Hash Batches": 1,
                            "Peak Memory Usage": 34176,
                            "Plans": [
                              {
                                "Node Type": "Bitmap Heap Scan",
                                "Parent Relationship": "Outer",
                                "Parallel Aware": true,
                                "Relation Name": "title",
                                "Alias": "t",
                                "Startup Cost": 11988.66,
                                "Total Cost": 52863.55,
                                "Plan Rows": 390151,
                                "Plan Width": 4,
                                "Actual Startup Time": 26.41,
                                "Actual Total Time": 87.715,
                                "Actual Rows": 331412,
                                "Actual Loops": 2,
                                "Recheck Cond": "(kind_id = 1)",
                                "Rows Removed by Index Recheck": 0,
                                "Exact Heap Blocks": 7832,
                                "Lossy Heap Blocks": 0,
                                "Plans": [
                                  {
                                    "Node Type": "Bitmap Index Scan",
                                    "Parent Relationship": "Outer",
                                    "Parallel Aware": false,
                                    "Index Name": "kind_id_title",
                                    "Startup Cost": 0.0,
                                    "Total Cost": 11822.85,
                                    "Plan Rows": 663256,
                                    "Plan Width": 0,
                                    "Actual Startup Time": 24.592,
                                    "Actual Total Time": 24.592,
                                    "Actual Rows": 662825,
                                    "Actual Loops": 1,
                                    "Index Cond": "(kind_id = 1)"
                                  }
                                ]
                              }
                            ]
                          }
                        ]
                      }
                    ]
                  }
                ]
              }
            ]
          }
        ]
      }
    ]
  },
  "Planning Time": 1.025,
  "Triggers": [],
  "Execution Time": 3365.032
}