[
  {
    "Plan": {
      "Node Type": "Aggregate",
      "Strategy": "Plain",
      "Partial Mode": "Finalize",
      "Parallel Aware": false,
      "Startup Cost": 424307.49,
      "Total Cost": 424307.5,
      "Plan Rows": 1,
      "Plan Width": 8,
      "Actual Startup Time": 1812.017,
      "Actual Total Time": 1877.288,
      "Actual Rows": 1,
      "Actual Loops": 1,
      "Plans": [
        {
          "Node Type": "Gather",
          "Parent Relationship": "Outer",
          "Parallel Aware": false,
          "Startup Cost": 424306.86,
          "Total Cost": 424307.47,
          "Plan Rows": 6,
          "Plan Width": 8,
          "Actual Startup Time": 1779.609,
          "Actual Total Time": 1877.273,
          "Actual Rows": 7,
          "Actual Loops": 1,
          "Workers Planned": 6,
          "Workers Launched": 6,
          "Single Copy": false,
          "Plans": [
            {
              "Node Type": "Aggregate",
              "Strategy": "Plain",
              "Partial Mode": "Partial",
              "Parent Relationship": "Outer",
              "Parallel Aware": false,
              "Startup Cost": 423306.86,
              "Total Cost": 423306.87,
              "Plan Rows": 1,
              "Plan Width": 8,
              "Actual Startup Time": 1769.445,
              "Actual Total Time": 1769.917,
              "Actual Rows": 1,
              "Actual Loops": 7,
              "Plans": [
                {
                  "Node Type": "Hash Join",
                  "Parent Relationship": "Outer",
                  "Parallel Aware": true,
                  "Join Type": "Inner",
                  "Startup Cost": 85603.82,
                  "Total Cost": 421941.75,
                  "Plan Rows": 546047,
                  "Plan Width": 0,
                  "Actual Startup Time": 840.69,
                  "Actual Total Time": 1677.188,
                  "Actual Rows": 1919723,
                  "Actual Loops": 7,
                  "Inner Unique": false,
                  "Hash Cond": "(ci.movie_id = t.id)",
                  "Plans": [
                    {
                      "Node Type": "Seq Scan",
                      "Parent Relationship": "Outer",
                      "Parallel Aware": true,
                      "Relation Name": "cast_info",
                      "Alias": "ci",
                      "Startup Cost": 0.0,
                      "Total Cost": 328211.39,
                      "Plan Rows": 1697359,
                      "Plan Width": 4,
                      "Actual Startup Time": 298.733,
                      "Actual Total Time": 587.117,
                      "Actual Rows": 1439205,
                      "Actual Loops": 7,
                      "Filter": "(person_id > 2708309)",
                      "Rows Removed by Filter": 3738558
                    },
                    {
                      "Node Type": "Hash",
                      "Parent Relationship": "Inner",
                      "Parallel Aware": true,
                      "Startup Cost": 82323.97,
                      "Total Cost": 82323.97,
                      "Plan Rows": 262388,
                      "Plan Width": 8,
                      "Actual Startup Time": 538.629,
                      "Actual Total Time": 539.098,
                      "Actual Rows": 161579,
                      "Actual Loops": 7,
                      "Hash Buckets": 2097152,
                      "Original Hash Buckets": 1048576,
                      "Hash Batches": 1,
                      "Original Hash Batches": 1,
                      "Peak Memory Usage": 68960,
                      "Plans": [
                        {
                          "Node Type": "Hash Join",
                          "Parent Relationship": "Outer",
                          "Parallel Aware": true,
                          "Join Type": "Inner",
                          "Startup Cost": 50220.38,
                          "Total Cost": 82323.97,
                          "Plan Rows": 262388,
                          "Plan Width": 8,
                          "Actual Startup Time": 298.137,
                          "Actual Total Time": 422.084,
                          "Actual Rows": 161579,
                          "Actual Loops": 7,
                          "Inner Unique": true,
                          "Hash Cond": "(mc.movie_id = t.id)",
                          "Plans": [
                            {
                              "Node Type": "Seq Scan",
                              "Parent Relationship": "Outer",
                              "Parallel Aware": true,
                              "Relation Name": "movie_companies",
                              "Alias": "mc",
                              "Startup Cost": 0.0,
                              "Total Cost": 31414.82,
                              "Plan Rows": 262388,
                              "Plan Width": 4,
                              "Actual Startup Time": 0.021,
                              "Actual Total Time": 55.17,
                              "Actual Rows": 161579,
                              "Actual Loops": 7,
                              "Filter": "((company_id < 19102) AND (company_type_id = 1))",
                              "Rows Removed by Filter": 211153
                            },
                            {
                              "Node Type": "Hash",
                              "Parent Relationship": "Inner",
                              "Parallel Aware": true,
                              "Startup Cost": 42319.06,
                              "Total Cost": 42319.06,
                              "Plan Rows": 632106,
                              "Plan Width": 4,
                              "Actual Startup Time": 293.338,
                              "Actual Total Time": 293.34,
                              "Actual Rows": 361187,
                              "Actual Loops": 7,
                              "Hash Buckets": 4194304,
                              "Original Hash Buckets": 4194304,
                              "Hash Batches": 1,
                              "Original Hash Batches": 1,
                              "Peak Memory Usage": 131808,
                              "Plans": [
                                {
                                  "Node Type": "Seq Scan",
                                  "Parent Relationship": "Outer",
                                  "Parallel Aware": true,
                                  "Relation Name": "title",
                                  "Alias": "t",
                                  "Startup Cost": 0.0,
                                  "Total Cost": 42319.06,
                                  "Plan Rows": 632106,
                                  "Plan Width": 4,
                                  "Actual Startup Time": 0.057,
                                  "Actual Total Time": 81.72,
                                  "Actual Rows": 361187,
                                  "Actual Loops": 7
                                }
                              ]
                            }
                          ]
                        }
                      ]
                    }
                  ]
                }
              ]
            }
          ]
        }
      ]
    },
    "Planning Time": 1.189,
    "Triggers": [],
    "Execution Time": 1877.371
  }
]