{
  "Plan": {
    "Node Type": "Aggregate",
    "Strategy": "Plain",
    "Partial Mode": "Finalize",
    "Parallel Aware": false,
    "Startup Cost": 744383.9,
    "Total Cost": 744383.91,
    "Plan Rows": 1,
    "Plan Width": 8,
    "Actual Startup Time": 5720.646,
    "Actual Total Time": 5789.46,
    "Actual Rows": 1,
    "Actual Loops": 1,
    "Plans": [
      {
        "Node Type": "Gather",
        "Parent Relationship": "Outer",
        "Parallel Aware": false,
        "Startup Cost": 744383.79,
        "Total Cost": 744383.9,
        "Plan Rows": 1,
        "Plan Width": 8,
        "Actual Startup Time": 5716.365,
        "Actual Total Time": 5789.448,
        "Actual Rows": 2,
        "Actual Loops": 1,
        "Workers Planned": 1,
        "Workers Launched": 1,
        "Single Copy": false,
        "Plans": [
          {
            "Node Type": "Aggregate",
            "Strategy": "Plain",
            "Partial Mode": "Partial",
            "Parent Relationship": "Outer",
            "Parallel Aware": false,
            "Startup Cost": 743383.79,
            "Total Cost": 743383.8,
            "Plan Rows": 1,
            "Plan Width": 8,
            "Actual Startup Time": 5710.867,
            "Actual Total Time": 5711.831,
            "Actual Rows": 1,
            "Actual Loops": 2,
            "Plans": [
              {
                "Node Type": "Hash Join",
                "Parent Relationship": "Outer",
                "Parallel Aware": true,
                "Join Type": "Inner",
                "Startup Cost": 106767.08,
                "Total Cost": 738425.51,
                "Plan Rows": 1983313,
                "Plan Width": 0,
                "Actual Startup Time": 1257.866,
                "Actual Total Time": 5521.548,
                "Actual Rows": 4585144,
                "Actual Loops": 2,
                "Inner Unique": false,
                "Hash Cond": "(ci.movie_id = t.id)",
                "Plans": [
                  {
                    "Node Type": "Seq Scan",
                    "Parent Relationship": "Outer",
                    "Parallel Aware": true,
                    "Relation Name": "cast_info",
                    "Alias": "ci",
                    "Startup Cost": 0.0,
                    "Total Cost": 572345.93,
                    "Plan Rows": 12705579,
                    "Plan Width": 4,
                    "Actual Startup Time": 540.703,
                    "Actual Total Time": 1873.923,
                    "Actual Rows": 10205242,
                    "Actual Loops": 2,
                    "Filter": "((person_id < 3479389) AND (role_id > 1))",
                    "Rows Removed by Filter": 7916930
                  },
                  {
                    "Node Type": "Hash",
                    "Parent Relationship": "Inner",
                    "Parallel Aware": true,
                    "Startup Cost": 103865.16,
                    "Total Cost": 103865.16,
                    "Plan Rows": 232154,
                    "Plan Width": 8,
                    "Actual Startup Time": 711.038,
                    "Actual Total Time": 712.001,
                    "Actual Rows": 386461,
                    "Actual Loops": 2,
                    "Hash Buckets": 1048576,
                    "Original Hash Buckets": 524288,
                    "Hash Batches": 1,
                    "Original Hash Batches": 1,
                    "Peak Memory Usage": 42528,
                    "Plans": [
                      {
                        "Node Type": "Hash Join",
                        "Parent Relationship": "Outer",
                        "Parallel Aware": true,
                        "Join Type": "Inner",
                        "Startup Cost": 63844.83,
                        "Total Cost": 103865.16,
                        "Plan Rows": 232154,
                        "Plan Width": 8,
                        "Actual Startup Time": 344.879,
                        "Actual Total Time": 598.534,
                        "Actual Rows": 386461,
                        "Actual Loops": 2,
                        "Inner Unique": true,
                        "Hash Cond": "(mc.movie_id = t.id)",
                        "Plans": [
                          {
                            "Node Type": "Seq Scan",
                            "Parent Relationship": "Outer",
                            "Parallel Aware": true,
                            "Relation Name": "movie_companies",
                            "Alias": "mc",
                            "Startup Cost": 0.0,
                            "Total Cost": 37974.77,
                            "Plan Rows": 779260,
                            "Plan Width": 4,
                            "Actual Startup Time": 48.707,
                            "Actual Total Time": 119.229,
                            "Actual Rows": 667442,
                            "Actual Loops": 2,
                            "Filter": "(company_type_id > 1)",
                            "Rows Removed by Filter": 637123
                          },
                          {
                            "Node Type": "Hash",
                            "Parent Relationship": "Inner",
                            "Parallel Aware": true,
                            "Startup Cost": 58306.47,
                            "Total Cost": 58306.47,
                            "Plan Rows": 443069,
                            "Plan Width": 4,
                            "Actual Startup Time": 289.735,
                            "Actual Total Time": 289.737,
                            "Actual Rows": 396972,
                            "Actual Loops": 2,
                            "Hash Buckets": 1048576,
                            "Original Hash Buckets": 1048576,
                            "Hash Batches": 1,
                            "Original Hash Batches": 1,
                            "Peak Memory Usage": 39296,
                            "Plans": [
                              {
                                "Node Type": "Seq Scan",
                                "Parent Relationship": "Outer",
                                "Parallel Aware": true,
                                "Relation Name": "title",
                                "Alias": "t",
                                "Startup Cost": 0.0,
                                "Total Cost": 58306.47,
                                "Plan Rows": 443069,
                                "Plan Width": 4,
                                "Actual Startup Time": 0.045,
                                "Actual Total Time": 163.438,
                                "Actual Rows": 396972,
                                "Actual Loops": 2,
                                "Filter": "((kind_id < 7) AND (production_year < 2010))",
                                "Rows Removed by Filter": 867184
                              }
                            ]
                          }
                        ]
                      }
                    ]
                  }
                ]
              }
            ]
          }
        ]
      }
    ]
  },
  "Planning Time": 1.122,
  "Triggers": [],
  "Execution Time": 5789.569
}