[
  {
    "Plan": {
      "Node Type": "Aggregate",
      "Strategy": "Plain",
      "Partial Mode": "Finalize",
      "Parallel Aware": false,
      "Startup Cost": 44679.56,
      "Total Cost": 44679.57,
      "Plan Rows": 1,
      "Plan Width": 8,
      "Actual Startup Time": 192.878,
      "Actual Total Time": 209.169,
      "Actual Rows": 1,
      "Actual Loops": 1,
      "Plans": [
        {
          "Node Type": "Gather",
          "Parent Relationship": "Outer",
          "Parallel Aware": false,
          "Startup Cost": 44679.24,
          "Total Cost": 44679.55,
          "Plan Rows": 3,
          "Plan Width": 8,
          "Actual Startup Time": 192.691,
          "Actual Total Time": 209.156,
          "Actual Rows": 4,
          "Actual Loops": 1,
          "Workers Planned": 3,
          "Workers Launched": 3,
          "Single Copy": false,
          "Plans": [
            {
              "Node Type": "Aggregate",
              "Strategy": "Plain",
              "Partial Mode": "Partial",
              "Parent Relationship": "Outer",
              "Parallel Aware": false,
              "Startup Cost": 43679.24,
              "Total Cost": 43679.25,
              "Plan Rows": 1,
              "Plan Width": 8,
              "Actual Startup Time": 183.961,
              "Actual Total Time": 183.963,
              "Actual Rows": 1,
              "Actual Loops": 4,
              "Plans": [
                {
                  "Node Type": "Seq Scan",
                  "Parent Relationship": "Outer",
                  "Parallel Aware": true,
                  "Relation Name": "movie_keyword",
                  "Alias": "mk",
                  "Startup Cost": 0.0,
                  "Total Cost": 42695.65,
                  "Plan Rows": 393435,
                  "Plan Width": 0,
                  "Actual Startup Time": 2.807,
                  "Actual Total Time": 162.629,
                  "Actual Rows": 305774,
                  "Actual Loops": 4,
                  "Filter": "(keyword_id > 14873)",
                  "Rows Removed by Filter": 825209
                }
              ]
            }
          ]
        }
      ]
    },
    "Planning Time": 0.177,
    "Triggers": [],
    "Execution Time": 209.234
  }
]