[
    {
        "Bao": {
            "Bao prediction": "NaN",
            "Bao recommended hint": "(no hint)"
        }
    },
    {
        "Plan": {
            "Node Type": "Aggregate",
            "Strategy": "Plain",
            "Partial Mode": "Finalize",
            "Parallel Aware": false,
            "Startup Cost": 363784.75,
            "Total Cost": 363784.76,
            "Plan Rows": 1,
            "Plan Width": 8,
            "Actual Startup Time": 328.262,
            "Actual Total Time": 337.65,
            "Actual Rows": 1,
            "Actual Loops": 1,
            "Output": [
                "count(*)"
            ],
            "Plans": [
                {
                    "Node Type": "Gather",
                    "Parent Relationship": "Outer",
                    "Parallel Aware": false,
                    "Startup Cost": 363784.13,
                    "Total Cost": 363784.74,
                    "Plan Rows": 6,
                    "Plan Width": 8,
                    "Actual Startup Time": 327.13,
                    "Actual Total Time": 337.64,
                    "Actual Rows": 7,
                    "Actual Loops": 1,
                    "Output": [
                        "(PARTIAL count(*))"
                    ],
                    "Workers Planned": 6,
                    "Workers Launched": 6,
                    "Single Copy": false,
                    "Plans": [
                        {
                            "Node Type": "Aggregate",
                            "Strategy": "Plain",
                            "Partial Mode": "Partial",
                            "Parent Relationship": "Outer",
                            "Parallel Aware": false,
                            "Startup Cost": 362784.13,
                            "Total Cost": 362784.14,
                            "Plan Rows": 1,
                            "Plan Width": 8,
                            "Actual Startup Time": 316.647,
                            "Actual Total Time": 316.65,
                            "Actual Rows": 1,
                            "Actual Loops": 7,
                            "Output": [
                                "PARTIAL count(*)"
                            ],
                            "Workers": [
                                {
                                    "Worker Number": 0,
                                    "Actual Startup Time": 314.394,
                                    "Actual Total Time": 314.397,
                                    "Actual Rows": 1,
                                    "Actual Loops": 1
                                },
                                {
                                    "Worker Number": 1,
                                    "Actual Startup Time": 314.415,
                                    "Actual Total Time": 314.419,
                                    "Actual Rows": 1,
                                    "Actual Loops": 1
                                },
                                {
                                    "Worker Number": 2,
                                    "Actual Startup Time": 314.866,
                                    "Actual Total Time": 314.869,
                                    "Actual Rows": 1,
                                    "Actual Loops": 1
                                },
                                {
                                    "Worker Number": 3,
                                    "Actual Startup Time": 315.246,
                                    "Actual Total Time": 315.249,
                                    "Actual Rows": 1,
                                    "Actual Loops": 1
                                },
                                {
                                    "Worker Number": 4,
                                    "Actual Startup Time": 315.091,
                                    "Actual Total Time": 315.094,
                                    "Actual Rows": 1,
                                    "Actual Loops": 1
                                },
                                {
                                    "Worker Number": 5,
                                    "Actual Startup Time": 315.809,
                                    "Actual Total Time": 315.812,
                                    "Actual Rows": 1,
                                    "Actual Loops": 1
                                }
                            ],
                            "Plans": [
                                {
                                    "Node Type": "Hash Join",
                                    "Parent Relationship": "Outer",
                                    "Parallel Aware": true,
                                    "Join Type": "Inner",
                                    "Startup Cost": 103470.7,
                                    "Total Cost": 362755.65,
                                    "Plan Rows": 11390,
                                    "Plan Width": 0,
                                    "Actual Startup Time": 174.763,
                                    "Actual Total Time": 315.867,
                                    "Actual Rows": 10729,
                                    "Actual Loops": 7,
                                    "Inner Unique": true,
                                    "Hash Cond": "(ci.movie_id = t.id)",
                                    "Workers": [
                                        {
                                            "Worker Number": 0,
                                            "Actual Startup Time": 172.538,
                                            "Actual Total Time": 313.48,
                                            "Actual Rows": 8749,
                                            "Actual Loops": 1
                                        },
                                        {
                                            "Worker Number": 1,
                                            "Actual Startup Time": 172.718,
                                            "Actual Total Time": 313.58,
                                            "Actual Rows": 7993,
                                            "Actual Loops": 1
                                        },
                                        {
                                            "Worker Number": 2,
                                            "Actual Startup Time": 172.892,
                                            "Actual Total Time": 314.138,
                                            "Actual Rows": 10137,
                                            "Actual Loops": 1
                                        },
                                        {
                                            "Worker Number": 3,
                                            "Actual Startup Time": 173.33,
                                            "Actual Total Time": 314.457,
                                            "Actual Rows": 11053,
                                            "Actual Loops": 1
                                        },
                                        {
                                            "Worker Number": 4,
                                            "Actual Startup Time": 173.721,
                                            "Actual Total Time": 314.35,
                                            "Actual Rows": 10742,
                                            "Actual Loops": 1
                                        },
                                        {
                                            "Worker Number": 5,
                                            "Actual Startup Time": 173.88,
                                            "Actual Total Time": 315.037,
                                            "Actual Rows": 11110,
                                            "Actual Loops": 1
                                        }
                                    ],
                                    "Plans": [
                                        {
                                            "Node Type": "Bitmap Heap Scan",
                                            "Parent Relationship": "Outer",
                                            "Parallel Aware": true,
                                            "Relation Name": "cast_info",
                                            "Schema": "public",
                                            "Alias": "ci",
                                            "Startup Cost": 57785.19,
                                            "Total Cost": 315925.05,
                                            "Plan Rows": 436228,
                                            "Plan Width": 4,
                                            "Actual Startup Time": 97.837,
                                            "Actual Total Time": 179.87,
                                            "Actual Rows": 380336,
                                            "Actual Loops": 7,
                                            "Output": [
                                                "ci.id",
                                                "ci.person_id",
                                                "ci.movie_id",
                                                "ci.person_role_id",
                                                "ci.note",
                                                "ci.nr_order",
                                                "ci.role_id"
                                            ],
                                            "Recheck Cond": "(ci.person_id < 255373)",
                                            "Rows Removed by Index Recheck": 0,
                                            "Exact Heap Blocks": 5779,
                                            "Lossy Heap Blocks": 0,
                                            "Workers": [
                                                {
                                                    "Worker Number": 0,
                                                    "Actual Startup Time": 97.974,
                                                    "Actual Total Time": 180.045,
                                                    "Actual Rows": 280811,
                                                    "Actual Loops": 1
                                                },
                                                {
                                                    "Worker Number": 1,
                                                    "Actual Startup Time": 97.909,
                                                    "Actual Total Time": 180.026,
                                                    "Actual Rows": 285527,
                                                    "Actual Loops": 1
                                                },
                                                {
                                                    "Worker Number": 2,
                                                    "Actual Startup Time": 97.884,
                                                    "Actual Total Time": 180.625,
                                                    "Actual Rows": 379415,
                                                    "Actual Loops": 1
                                                },
                                                {
                                                    "Worker Number": 3,
                                                    "Actual Startup Time": 97.869,
                                                    "Actual Total Time": 180.968,
                                                    "Actual Rows": 379153,
                                                    "Actual Loops": 1
                                                },
                                                {
                                                    "Worker Number": 4,
                                                    "Actual Startup Time": 97.873,
                                                    "Actual Total Time": 180.482,
                                                    "Actual Rows": 392763,
                                                    "Actual Loops": 1
                                                },
                                                {
                                                    "Worker Number": 5,
                                                    "Actual Startup Time": 97.849,
                                                    "Actual Total Time": 181.342,
                                                    "Actual Rows": 384820,
                                                    "Actual Loops": 1
                                                }
                                            ],
                                            "Plans": [
                                                {
                                                    "Node Type": "Bitmap Index Scan",
                                                    "Parent Relationship": "Outer",
                                                    "Parallel Aware": false,
                                                    "Index Name": "person_id_cast_info",
                                                    "Startup Cost": 0.0,
                                                    "Total Cost": 57130.85,
                                                    "Plan Rows": 2617371,
                                                    "Plan Width": 0,
                                                    "Actual Startup Time": 93.121,
                                                    "Actual Total Time": 93.122,
                                                    "Actual Rows": 2662349,
                                                    "Actual Loops": 1,
                                                    "Index Cond": "(ci.person_id < 255373)"
                                                }
                                            ]
                                        },
                                        {
                                            "Node Type": "Hash",
                                            "Parent Relationship": "Inner",
                                            "Parallel Aware": true,
                                            "Startup Cost": 45479.21,
                                            "Total Cost": 45479.21,
                                            "Plan Rows": 16504,
                                            "Plan Width": 4,
                                            "Actual Startup Time": 76.136,
                                            "Actual Total Time": 76.137,
                                            "Actual Rows": 10646,
                                            "Actual Loops": 7,
                                            "Output": [
                                                "t.id"
                                            ],
                                            "Hash Buckets": 131072,
                                            "Original Hash Buckets": 131072,
                                            "Hash Batches": 1,
                                            "Original Hash Batches": 1,
                                            "Peak Memory Usage": 4064,
                                            "Workers": [
                                                {
                                                    "Worker Number": 0,
                                                    "Actual Startup Time": 73.911,
                                                    "Actual Total Time": 73.912,
                                                    "Actual Rows": 6718,
                                                    "Actual Loops": 1
                                                },
                                                {
                                                    "Worker Number": 1,
                                                    "Actual Startup Time": 74.012,
                                                    "Actual Total Time": 74.013,
                                                    "Actual Rows": 6756,
                                                    "Actual Loops": 1
                                                },
                                                {
                                                    "Worker Number": 2,
                                                    "Actual Startup Time": 74.5,
                                                    "Actual Total Time": 74.501,
                                                    "Actual Rows": 8514,
                                                    "Actual Loops": 1
                                                },
                                                {
                                                    "Worker Number": 3,
                                                    "Actual Startup Time": 74.884,
                                                    "Actual Total Time": 74.885,
                                                    "Actual Rows": 8919,
                                                    "Actual Loops": 1
                                                },
                                                {
                                                    "Worker Number": 4,
                                                    "Actual Startup Time": 74.725,
                                                    "Actual Total Time": 74.726,
                                                    "Actual Rows": 7006,
                                                    "Actual Loops": 1
                                                },
                                                {
                                                    "Worker Number": 5,
                                                    "Actual Startup Time": 75.409,
                                                    "Actual Total Time": 75.409,
                                                    "Actual Rows": 9247,
                                                    "Actual Loops": 1
                                                }
                                            ],
                                            "Plans": [
                                                {
                                                    "Node Type": "Seq Scan",
                                                    "Parent Relationship": "Outer",
                                                    "Parallel Aware": true,
                                                    "Relation Name": "title",
                                                    "Schema": "public",
                                                    "Alias": "t",
                                                    "Startup Cost": 0.0,
                                                    "Total Cost": 45479.21,
                                                    "Plan Rows": 16504,
                                                    "Plan Width": 4,
                                                    "Actual Startup Time": 0.053,
                                                    "Actual Total Time": 71.042,
                                                    "Actual Rows": 10646,
                                                    "Actual Loops": 7,
                                                    "Output": [
                                                        "t.id"
                                                    ],
                                                    "Filter": "((t.kind_id = 7) AND (t.production_year = 2006))",
                                                    "Rows Removed by Filter": 350541,
                                                    "Workers": [
                                                        {
                                                            "Worker Number": 0,
                                                            "Actual Startup Time": 0.057,
                                                            "Actual Total Time": 69.028,
                                                            "Actual Rows": 6718,
                                                            "Actual Loops": 1
                                                        },
                                                        {
                                                            "Worker Number": 1,
                                                            "Actual Startup Time": 0.057,
                                                            "Actual Total Time": 68.985,
                                                            "Actual Rows": 6756,
                                                            "Actual Loops": 1
                                                        },
                                                        {
                                                            "Worker Number": 2,
                                                            "Actual Startup Time": 0.07,
                                                            "Actual Total Time": 69.848,
                                                            "Actual Rows": 8514,
                                                            "Actual Loops": 1
                                                        },
                                                        {
                                                            "Worker Number": 3,
                                                            "Actual Startup Time": 0.06,
                                                            "Actual Total Time": 70.207,
                                                            "Actual Rows": 8919,
                                                            "Actual Loops": 1
                                                        },
                                                        {
                                                            "Worker Number": 4,
                                                            "Actual Startup Time": 0.055,
                                                            "Actual Total Time": 70.361,
                                                            "Actual Rows": 7006,
                                                            "Actual Loops": 1
                                                        },
                                                        {
                                                            "Worker Number": 5,
                                                            "Actual Startup Time": 0.059,
                                                            "Actual Total Time": 70.529,
                                                            "Actual Rows": 9247,
                                                            "Actual Loops": 1
                                                        }
                                                    ]
                                                }
                                            ]
                                        }
                                    ]
                                }
                            ]
                        }
                    ]
                }
            ]
        },
        "Planning Time": 182.999,
        "Triggers": [],
        "Execution Time": 337.717
    }
]