[
  {
    "Plan": {
      "Node Type": "Aggregate",
      "Strategy": "Plain",
      "Partial Mode": "Simple",
      "Parallel Aware": false,
      "Startup Cost": 523801.99,
      "Total Cost": 523802.0,
      "Plan Rows": 1,
      "Plan Width": 64,
      "Actual Startup Time": 2249.486,
      "Actual Total Time": 2368.964,
      "Actual Rows": 1,
      "Actual Loops": 1,
      "Plans": [
        {
          "Node Type": "Gather",
          "Parent Relationship": "Outer",
          "Parallel Aware": false,
          "Startup Cost": 479113.09,
          "Total Cost": 523801.98,
          "Plan Rows": 2,
          "Plan Width": 15,
          "Actual Startup Time": 2131.912,
          "Actual Total Time": 2368.105,
          "Actual Rows": 11045,
          "Actual Loops": 1,
          "Workers Planned": 4,
          "Workers Launched": 4,
          "Single Copy": false,
          "Plans": [
            {
              "Node Type": "Hash Join",
              "Parent Relationship": "Outer",
              "Parallel Aware": true,
              "Join Type": "Inner",
              "Startup Cost": 478113.09,
              "Total Cost": 522801.78,
              "Plan Rows": 1,
              "Plan Width": 15,
              "Actual Startup Time": 2124.99,
              "Actual Total Time": 2237.526,
              "Actual Rows": 2209,
              "Actual Loops": 5,
              "Inner Unique": false,
              "Hash Cond": "(t.id = ci.movie_id)",
              "Plans": [
                {
                  "Node Type": "Seq Scan",
                  "Parent Relationship": "Outer",
                  "Parallel Aware": true,
                  "Relation Name": "title",
                  "Alias": "t",
                  "Startup Cost": 0.0,
                  "Total Cost": 42318.49,
                  "Plan Rows": 632049,
                  "Plan Width": 4,
                  "Actual Startup Time": 0.021,
                  "Actual Total Time": 70.028,
                  "Actual Rows": 505662,
                  "Actual Loops": 5
                },
                {
                  "Node Type": "Hash",
                  "Parent Relationship": "Inner",
                  "Parallel Aware": true,
                  "Startup Cost": 478113.08,
                  "Total Cost": 478113.08,
                  "Plan Rows": 1,
                  "Plan Width": 27,
                  "Actual Startup Time": 2118.601,
                  "Actual Total Time": 2118.661,
                  "Actual Rows": 2209,
                  "Actual Loops": 5,
                  "Hash Buckets": 16384,
                  "Original Hash Buckets": 1024,
                  "Hash Batches": 1,
                  "Original Hash Batches": 1,
                  "Peak Memory Usage": 1048,
                  "Plans": [
                    {
                      "Node Type": "Hash Join",
                      "Parent Relationship": "Outer",
                      "Parallel Aware": true,
                      "Join Type": "Inner",
                      "Startup Cost": 148736.88,
                      "Total Cost": 478113.08,
                      "Plan Rows": 1,
                      "Plan Width": 27,
                      "Actual Startup Time": 814.063,
                      "Actual Total Time": 2085.515,
                      "Actual Rows": 2209,
                      "Actual Loops": 5,
                      "Inner Unique": false,
                      "Hash Cond": "(ci.movie_id = mk.movie_id)",
                      "Plans": [
                        {
                          "Node Type": "Hash Join",
                          "Parent Relationship": "Outer",
                          "Parallel Aware": true,
                          "Join Type": "Inner",
                          "Startup Cost": 68898.66,
                          "Total Cost": 397817.42,
                          "Plan Rows": 121982,
                          "Plan Width": 19,
                          "Actual Startup Time": 363.185,
                          "Actual Total Time": 1617.705,
                          "Actual Rows": 160863,
                          "Actual Loops": 5,
                          "Inner Unique": true,
                          "Hash Cond": "(ci.person_id = n.id)",
                          "Plans": [
                            {
                              "Node Type": "Seq Scan",
                              "Parent Relationship": "Outer",
                              "Parallel Aware": true,
                              "Relation Name": "cast_info",
                              "Alias": "ci",
                              "Startup Cost": 0.0,
                              "Total Cost": 313068.58,
                              "Plan Rows": 6038158,
                              "Plan Width": 8,
                              "Actual Startup Time": 0.016,
                              "Actual Total Time": 820.62,
                              "Actual Rows": 7248869,
                              "Actual Loops": 5
                            },
                            {
                              "Node Type": "Hash",
                              "Parent Relationship": "Inner",
                              "Parallel Aware": true,
                              "Startup Cost": 68635.58,
                              "Total Cost": 68635.58,
                              "Plan Rows": 21046,
                              "Plan Width": 19,
                              "Actual Startup Time": 142.347,
                              "Actual Total Time": 142.348,
                              "Actual Rows": 20229,
                              "Actual Loops": 5,
                              "Hash Buckets": 131072,
                              "Original Hash Buckets": 131072,
                              "Hash Batches": 1,
                              "Original Hash Batches": 1,
                              "Peak Memory Usage": 6592,
                              "Plans": [
                                {
                                  "Node Type": "Seq Scan",
                                  "Parent Relationship": "Outer",
                                  "Parallel Aware": true,
                                  "Relation Name": "name",
                                  "Alias": "n",
                                  "Startup Cost": 0.0,
                                  "Total Cost": 68635.58,
                                  "Plan Rows": 21046,
                                  "Plan Width": 19,
                                  "Actual Startup Time": 23.475,
                                  "Actual Total Time": 132.226,
                                  "Actual Rows": 20229,
                                  "Actual Loops": 5,
                                  "Filter": "(name ~~ 'J%'::text)",
                                  "Rows Removed by Filter": 813269
                                }
                              ]
                            }
                          ]
                        },
                        {
                          "Node Type": "Hash",
                          "Parent Relationship": "Inner",
                          "Parallel Aware": true,
                          "Startup Cost": 79838.2,
                          "Total Cost": 79838.2,
                          "Plan Rows": 2,
                          "Plan Width": 8,
                          "Actual Startup Time": 450.58,
                          "Actual Total Time": 450.588,
                          "Actual Rows": 1567,
                          "Actual Loops": 5,
                          "Hash Buckets": 8192,
                          "Original Hash Buckets": 1024,
                          "Hash Batches": 1,
                          "Original Hash Batches": 1,
                          "Peak Memory Usage": 504,
                          "Plans": [
                            {
                              "Node Type": "Hash Join",
                              "Parent Relationship": "Outer",
                              "Parallel Aware": true,
                              "Join Type": "Inner",
                              "Startup Cost": 50296.32,
                              "Total Cost": 79838.2,
                              "Plan Rows": 2,
                              "Plan Width": 8,
                              "Actual Startup Time": 271.727,
                              "Actual Total Time": 398.886,
                              "Actual Rows": 1567,
                              "Actual Loops": 5,
                              "Inner Unique": false,
                              "Hash Cond": "(mc.movie_id = mk.movie_id)",
                              "Plans": [
                                {
                                  "Node Type": "Hash Join",
                                  "Parent Relationship": "Outer",
                                  "Parallel Aware": true,
                                  "Join Type": "Inner",
                                  "Startup Cost": 4791.86,
                                  "Total Cost": 34207.79,
                                  "Plan Rows": 33581,
                                  "Plan Width": 4,
                                  "Actual Startup Time": 11.813,
                                  "Actual Total Time": 133.518,
                                  "Actual Rows": 29626,
                                  "Actual Loops": 5,
                                  "Inner Unique": true,
                                  "Hash Cond": "(mc.company_id = cn.id)",
                                  "Plans": [
                                    {
                                      "Node Type": "Seq Scan",
                                      "Parent Relationship": "Outer",
                                      "Parallel Aware": true,
                                      "Relation Name": "movie_companies",
                                      "Alias": "mc",
                                      "Startup Cost": 0.0,
                                      "Total Cost": 27206.55,
                                      "Plan Rows": 841655,
                                      "Plan Width": 8,
                                      "Actual Startup Time": 0.015,
                                      "Actual Total Time": 64.679,
                                      "Actual Rows": 521826,
                                      "Actual Loops": 5
                                    },
                                    {
                                      "Node Type": "Hash",
                                      "Parent Relationship": "Inner",
                                      "Parallel Aware": true,
                                      "Startup Cost": 4722.92,
                                      "Total Cost": 4722.92,
                                      "Plan Rows": 5515,
                                      "Plan Width": 4,
                                      "Actual Startup Time": 11.681,
                                      "Actual Total Time": 11.682,
                                      "Actual Rows": 1955,
                                      "Actual Loops": 5,
                                      "Hash Buckets": 16384,
                                      "Original Hash Buckets": 16384,
                                      "Hash Batches": 1,
                                      "Original Hash Batches": 1,
                                      "Peak Memory Usage": 576,
                                      "Plans": [
                                        {
                                          "Node Type": "Seq Scan",
                                          "Parent Relationship": "Outer",
                                          "Parallel Aware": true,
                                          "Relation Name": "company_name",
                                          "Alias": "cn",
                                          "Startup Cost": 0.0,
                                          "Total Cost": 4722.92,
                                          "Plan Rows": 5515,
                                          "Plan Width": 4,
                                          "Actual Startup Time": 0.039,
                                          "Actual Total Time": 10.494,
                                          "Actual Rows": 1955,
                                          "Actual Loops": 5,
                                          "Filter": "((country_code)::text = '[de]'::text)",
                                          "Rows Removed by Filter": 45044
                                        }
                                      ]
                                    }
                                  ]
                                },
                                {
                                  "Node Type": "Hash",
                                  "Parent Relationship": "Inner",
                                  "Parallel Aware": true,
                                  "Startup Cost": 45504.33,
                                  "Total Cost": 45504.33,
                                  "Plan Rows": 11,
                                  "Plan Width": 4,
                                  "Actual Startup Time": 259.323,
                                  "Actual Total Time": 259.326,
                                  "Actual Rows": 8368,
                                  "Actual Loops": 5,
                                  "Hash Buckets": 65536,
                                  "Original Hash Buckets": 1024,
                                  "Hash Batches": 1,
                                  "Original Hash Batches": 1,
                                  "Peak Memory Usage": 2744,
                                  "Plans": [
                                    {
                                      "Node Type": "Hash Join",
                                      "Parent Relationship": "Outer",
                                      "Parallel Aware": false,
                                      "Join Type": "Inner",
                                      "Startup Cost": 2626.14,
                                      "Total Cost": 45504.33,
                                      "Plan Rows": 11,
                                      "Plan Width": 4,
                                      "Actual Startup Time": 26.036,
                                      "Actual Total Time": 206.666,
                                      "Actual Rows": 8368,
                                      "Actual Loops": 5,
                                      "Inner Unique": true,
                                      "Hash Cond": "(mk.keyword_id = k.id)",
                                      "Plans": [
                                        {
                                          "Node Type": "Seq Scan",
                                          "Parent Relationship": "Outer",
                                          "Parallel Aware": true,
                                          "Relation Name": "movie_keyword",
                                          "Alias": "mk",
                                          "Startup Cost": 0.0,
                                          "Total Cost": 39047.32,
                                          "Plan Rows": 1459332,
                                          "Plan Width": 8,
                                          "Actual Startup Time": 0.063,
                                          "Actual Total Time": 106.857,
                                          "Actual Rows": 904786,
                                          "Actual Loops": 5
                                        },
                                        {
                                          "Node Type": "Hash",
                                          "Parent Relationship": "Inner",
                                          "Parallel Aware": false,
                                          "Startup Cost": 2626.12,
                                          "Total Cost": 2626.12,
                                          "Plan Rows": 1,
                                          "Plan Width": 4,
                                          "Actual Startup Time": 25.891,
                                          "Actual Total Time": 25.892,
                                          "Actual Rows": 1,
                                          "Actual Loops": 5,
                                          "Hash Buckets": 1024,
                                          "Original Hash Buckets": 1024,
                                          "Hash Batches": 1,
                                          "Original Hash Batches": 1,
                                          "Peak Memory Usage": 9,
                                          "Plans": [
                                            {
                                              "Node Type": "Seq Scan",
                                              "Parent Relationship": "Outer",
                                              "Parallel Aware": false,
                                              "Relation Name": "keyword",
                                              "Alias": "k",
                                              "Startup Cost": 0.0,
                                              "Total Cost": 2626.12,
                                              "Plan Rows": 1,
                                              "Plan Width": 4,
                                              "Actual Startup Time": 2.184,
                                              "Actual Total Time": 25.865,
                                              "Actual Rows": 1,
                                              "Actual Loops": 5,
                                              "Filter": "(keyword = 'character-name-in-title'::text)",
                                              "Rows Removed by Filter": 134169
                                            }
                                          ]
                                        }
                                      ]
                                    }
                                  ]
                                }
                              ]
                            }
                          ]
                        }
                      ]
                    }
                  ]
                }
              ]
            }
          ]
        }
      ]
    },
    "Planning Time": 13.426,
    "Triggers": [],
    "Execution Time": 2369.442
  }
]