[
  {
    "Plan": {
      "Node Type": "Aggregate",
      "Strategy": "Plain",
      "Partial Mode": "Finalize",
      "Parallel Aware": false,
      "Startup Cost": 341250.36,
      "Total Cost": 341250.37,
      "Plan Rows": 1,
      "Plan Width": 8,
      "Actual Startup Time": 983.824,
      "Actual Total Time": 1031.35,
      "Actual Rows": 1,
      "Actual Loops": 1,
      "Plans": [
        {
          "Node Type": "Gather",
          "Parent Relationship": "Outer",
          "Parallel Aware": false,
          "Startup Cost": 341249.73,
          "Total Cost": 341250.34,
          "Plan Rows": 6,
          "Plan Width": 8,
          "Actual Startup Time": 983.638,
          "Actual Total Time": 1031.342,
          "Actual Rows": 7,
          "Actual Loops": 1,
          "Workers Planned": 6,
          "Workers Launched": 6,
          "Single Copy": false,
          "Plans": [
            {
              "Node Type": "Aggregate",
              "Strategy": "Plain",
              "Partial Mode": "Partial",
              "Parent Relationship": "Outer",
              "Parallel Aware": false,
              "Startup Cost": 340249.73,
              "Total Cost": 340249.74,
              "Plan Rows": 1,
              "Plan Width": 8,
              "Actual Startup Time": 973.487,
              "Actual Total Time": 973.488,
              "Actual Rows": 1,
              "Actual Loops": 7,
              "Plans": [
                {
                  "Node Type": "Seq Scan",
                  "Parent Relationship": "Outer",
                  "Parallel Aware": true,
                  "Relation Name": "cast_info",
                  "Alias": "ci",
                  "Startup Cost": 0.0,
                  "Total Cost": 328211.39,
                  "Plan Rows": 4815337,
                  "Plan Width": 0,
                  "Actual Startup Time": 101.796,
                  "Actual Total Time": 732.943,
                  "Actual Rows": 4106661,
                  "Actual Loops": 7,
                  "Filter": "(person_id > 726001)",
                  "Rows Removed by Filter": 1071103
                }
              ]
            }
          ]
        }
      ]
    },
    "Planning Time": 0.049,
    "Triggers": [],
    "Execution Time": 1031.384
  }
]