[
  {
    "Plan": {
      "Node Type": "Aggregate",
      "Strategy": "Plain",
      "Partial Mode": "Finalize",
      "Parallel Aware": false,
      "Startup Cost": 236473.57,
      "Total Cost": 236473.58,
      "Plan Rows": 1,
      "Plan Width": 8,
      "Actual Startup Time": 1337.317,
      "Actual Total Time": 1410.627,
      "Actual Rows": 1,
      "Actual Loops": 1,
      "Plans": [
        {
          "Node Type": "Gather",
          "Parent Relationship": "Outer",
          "Parallel Aware": false,
          "Startup Cost": 236473.36,
          "Total Cost": 236473.57,
          "Plan Rows": 2,
          "Plan Width": 8,
          "Actual Startup Time": 1334.671,
          "Actual Total Time": 1410.616,
          "Actual Rows": 3,
          "Actual Loops": 1,
          "Workers Planned": 2,
          "Workers Launched": 2,
          "Single Copy": false,
          "Plans": [
            {
              "Node Type": "Aggregate",
              "Strategy": "Plain",
              "Partial Mode": "Partial",
              "Parent Relationship": "Outer",
              "Parallel Aware": false,
              "Startup Cost": 235473.36,
              "Total Cost": 235473.37,
              "Plan Rows": 1,
              "Plan Width": 8,
              "Actual Startup Time": 1327.224,
              "Actual Total Time": 1327.227,
              "Actual Rows": 1,
              "Actual Loops": 3,
              "Plans": [
                {
                  "Node Type": "Nested Loop",
                  "Parent Relationship": "Outer",
                  "Parallel Aware": false,
                  "Join Type": "Inner",
                  "Startup Cost": 44964.94,
                  "Total Cost": 233623.46,
                  "Plan Rows": 739961,
                  "Plan Width": 0,
                  "Actual Startup Time": 150.12,
                  "Actual Total Time": 1278.101,
                  "Actual Rows": 1114057,
                  "Actual Loops": 3,
                  "Inner Unique": false,
                  "Join Filter": "(t.id = ci.movie_id)",
                  "Rows Removed by Join Filter": 0,
                  "Plans": [
                    {
                      "Node Type": "Hash Join",
                      "Parent Relationship": "Outer",
                      "Parallel Aware": true,
                      "Join Type": "Inner",
                      "Startup Cost": 44964.38,
                      "Total Cost": 61092.28,
                      "Plan Rows": 51641,
                      "Plan Width": 8,
                      "Actual Startup Time": 150.033,
                      "Actual Total Time": 259.423,
                      "Actual Rows": 46518,
                      "Actual Loops": 3,
                      "Inner Unique": true,
                      "Hash Cond": "(mi_idx.movie_id = t.id)",
                      "Plans": [
                        {
                          "Node Type": "Seq Scan",
                          "Parent Relationship": "Outer",
                          "Parallel Aware": true,
                          "Relation Name": "movie_info_idx",
                          "Alias": "mi_idx",
                          "Startup Cost": 0.0,
                          "Total Cost": 15122.68,
                          "Plan Rows": 382940,
                          "Plan Width": 4,
                          "Actual Startup Time": 0.028,
                          "Actual Total Time": 42.074,
                          "Actual Rows": 306617,
                          "Actual Loops": 3,
                          "Filter": "(info_type_id < 101)",
                          "Rows Removed by Filter": 153395
                        },
                        {
                          "Node Type": "Hash",
                          "Parent Relationship": "Inner",
                          "Parallel Aware": true,
                          "Startup Cost": 43898.92,
                          "Total Cost": 43898.92,
                          "Plan Rows": 85237,
                          "Plan Width": 4,
                          "Actual Startup Time": 145.597,
                          "Actual Total Time": 145.598,
                          "Actual Rows": 117360,
                          "Actual Loops": 3,
                          "Hash Buckets": 524288,
                          "Original Hash Buckets": 524288,
                          "Hash Batches": 1,
                          "Original Hash Batches": 1,
                          "Peak Memory Usage": 17920,
                          "Plans": [
                            {
                              "Node Type": "Seq Scan",
                              "Parent Relationship": "Outer",
                              "Parallel Aware": true,
                              "Relation Name": "title",
                              "Alias": "t",
                              "Startup Cost": 0.0,
                              "Total Cost": 43898.92,
                              "Plan Rows": 85237,
                              "Plan Width": 4,
                              "Actual Startup Time": 0.036,
                              "Actual Total Time": 109.556,
                              "Actual Rows": 117360,
                              "Actual Loops": 3,
                              "Filter": "(production_year < 1969)",
                              "Rows Removed by Filter": 725410
                            }
                          ]
                        }
                      ]
                    },
                    {
                      "Node Type": "Index Only Scan",
                      "Parent Relationship": "Inner",
                      "Parallel Aware": false,
                      "Scan Direction": "Forward",
                      "Index Name": "movie_id_cast_info",
                      "Relation Name": "cast_info",
                      "Alias": "ci",
                      "Startup Cost": 0.56,
                      "Total Cost": 2.88,
                      "Plan Rows": 37,
                      "Plan Width": 4,
                      "Actual Startup Time": 0.004,
                      "Actual Total Time": 0.02,
                      "Actual Rows": 24,
                      "Actual Loops": 139554,
                      "Index Cond": "(movie_id = mi_idx.movie_id)",
                      "Rows Removed by Index Recheck": 0,
                      "Heap Fetches": 3342170
                    }
                  ]
                }
              ]
            }
          ]
        }
      ]
    },
    "Planning Time": 1.249,
    "Triggers": [],
    "Execution Time": 1410.727
  }
]