[
  {
    "Plan": {
      "Node Type": "Aggregate",
      "Strategy": "Plain",
      "Partial Mode": "Finalize",
      "Parallel Aware": false,
      "Startup Cost": 47225.13,
      "Total Cost": 47225.14,
      "Plan Rows": 1,
      "Plan Width": 8,
      "Actual Startup Time": 152.641,
      "Actual Total Time": 156.964,
      "Actual Rows": 1,
      "Actual Loops": 1,
      "Plans": [
        {
          "Node Type": "Gather",
          "Parent Relationship": "Outer",
          "Parallel Aware": false,
          "Startup Cost": 47224.82,
          "Total Cost": 47225.13,
          "Plan Rows": 3,
          "Plan Width": 8,
          "Actual Startup Time": 152.552,
          "Actual Total Time": 156.958,
          "Actual Rows": 4,
          "Actual Loops": 1,
          "Workers Planned": 3,
          "Workers Launched": 3,
          "Single Copy": false,
          "Plans": [
            {
              "Node Type": "Aggregate",
              "Strategy": "Plain",
              "Partial Mode": "Partial",
              "Parent Relationship": "Outer",
              "Parallel Aware": false,
              "Startup Cost": 46224.82,
              "Total Cost": 46224.83,
              "Plan Rows": 1,
              "Plan Width": 8,
              "Actual Startup Time": 149.635,
              "Actual Total Time": 149.636,
              "Actual Rows": 1,
              "Actual Loops": 4,
              "Plans": [
                {
                  "Node Type": "Seq Scan",
                  "Parent Relationship": "Outer",
                  "Parallel Aware": true,
                  "Relation Name": "movie_keyword",
                  "Alias": "mk",
                  "Startup Cost": 0.0,
                  "Total Cost": 42695.65,
                  "Plan Rows": 1411665,
                  "Plan Width": 0,
                  "Actual Startup Time": 0.019,
                  "Actual Total Time": 103.837,
                  "Actual Rows": 1095653,
                  "Actual Loops": 4,
                  "Filter": "(keyword_id < 74863)",
                  "Rows Removed by Filter": 35329
                }
              ]
            }
          ]
        }
      ]
    },
    "Planning Time": 0.06,
    "Triggers": [],
    "Execution Time": 156.986
  }
]