[
    {
        "Bao": {
            "Bao prediction": "NaN",
            "Bao recommended hint": "(no hint)"
        }
    },
    {
        "Plan": {
            "Node Type": "Aggregate",
            "Strategy": "Plain",
            "Partial Mode": "Finalize",
            "Parallel Aware": false,
            "Startup Cost": 33259.08,
            "Total Cost": 33259.09,
            "Plan Rows": 1,
            "Plan Width": 8,
            "Actual Startup Time": 96.14,
            "Actual Total Time": 100.116,
            "Actual Rows": 1,
            "Actual Loops": 1,
            "Output": [
                "count(*)"
            ],
            "Plans": [
                {
                    "Node Type": "Gather",
                    "Parent Relationship": "Outer",
                    "Parallel Aware": false,
                    "Startup Cost": 33258.76,
                    "Total Cost": 33259.07,
                    "Plan Rows": 3,
                    "Plan Width": 8,
                    "Actual Startup Time": 96.007,
                    "Actual Total Time": 100.109,
                    "Actual Rows": 4,
                    "Actual Loops": 1,
                    "Output": [
                        "(PARTIAL count(*))"
                    ],
                    "Workers Planned": 3,
                    "Workers Launched": 3,
                    "Single Copy": false,
                    "Plans": [
                        {
                            "Node Type": "Aggregate",
                            "Strategy": "Plain",
                            "Partial Mode": "Partial",
                            "Parent Relationship": "Outer",
                            "Parallel Aware": false,
                            "Startup Cost": 32258.76,
                            "Total Cost": 32258.77,
                            "Plan Rows": 1,
                            "Plan Width": 8,
                            "Actual Startup Time": 87.824,
                            "Actual Total Time": 87.825,
                            "Actual Rows": 1,
                            "Actual Loops": 4,
                            "Output": [
                                "PARTIAL count(*)"
                            ],
                            "Workers": [
                                {
                                    "Worker Number": 0,
                                    "Actual Startup Time": 85.055,
                                    "Actual Total Time": 85.056,
                                    "Actual Rows": 1,
                                    "Actual Loops": 1
                                },
                                {
                                    "Worker Number": 1,
                                    "Actual Startup Time": 85.264,
                                    "Actual Total Time": 85.265,
                                    "Actual Rows": 1,
                                    "Actual Loops": 1
                                },
                                {
                                    "Worker Number": 2,
                                    "Actual Startup Time": 85.483,
                                    "Actual Total Time": 85.484,
                                    "Actual Rows": 1,
                                    "Actual Loops": 1
                                }
                            ],
                            "Plans": [
                                {
                                    "Node Type": "Seq Scan",
                                    "Parent Relationship": "Outer",
                                    "Parallel Aware": true,
                                    "Relation Name": "movie_companies",
                                    "Schema": "public",
                                    "Alias": "mc",
                                    "Startup Cost": 0.0,
                                    "Total Cost": 31414.82,
                                    "Plan Rows": 337576,
                                    "Plan Width": 0,
                                    "Actual Startup Time": 41.898,
                                    "Actual Total Time": 75.964,
                                    "Actual Rows": 297623,
                                    "Actual Loops": 4,
                                    "Output": [
                                        "id",
                                        "movie_id",
                                        "company_id",
                                        "company_type_id",
                                        "note"
                                    ],
                                    "Filter": "((mc.company_id > 571) AND (mc.company_type_id > 1))",
                                    "Rows Removed by Filter": 354660,
                                    "Workers": [
                                        {
                                            "Worker Number": 0,
                                            "Actual Startup Time": 39.129,
                                            "Actual Total Time": 73.423,
                                            "Actual Rows": 285426,
                                            "Actual Loops": 1
                                        },
                                        {
                                            "Worker Number": 1,
                                            "Actual Startup Time": 39.334,
                                            "Actual Total Time": 73.734,
                                            "Actual Rows": 285585,
                                            "Actual Loops": 1
                                        },
                                        {
                                            "Worker Number": 2,
                                            "Actual Startup Time": 39.568,
                                            "Actual Total Time": 73.859,
                                            "Actual Rows": 287977,
                                            "Actual Loops": 1
                                        }
                                    ]
                                }
                            ]
                        }
                    ]
                }
            ]
        },
        "Planning Time": 210.594,
        "Triggers": [],
        "Execution Time": 100.208
    }
]