{
  "Plan": {
    "Node Type": "Aggregate",
    "Strategy": "Plain",
    "Partial Mode": "Simple",
    "Parallel Aware": false,
    "Startup Cost": 823697.23,
    "Total Cost": 823697.24,
    "Plan Rows": 1,
    "Plan Width": 96,
    "Actual Startup Time": 7135.375,
    "Actual Total Time": 7135.519,
    "Actual Rows": 1,
    "Actual Loops": 1,
    "Plans": [
      {
        "Node Type": "Nested Loop",
        "Parent Relationship": "Outer",
        "Parallel Aware": false,
        "Join Type": "Inner",
        "Startup Cost": 736975.49,
        "Total Cost": 823697.22,
        "Plan Rows": 1,
        "Plan Width": 42,
        "Actual Startup Time": 4734.177,
        "Actual Total Time": 7133.962,
        "Actual Rows": 10501,
        "Actual Loops": 1,
        "Inner Unique": true,
        "Plans": [
          {
            "Node Type": "Hash Join",
            "Parent Relationship": "Outer",
            "Parallel Aware": false,
            "Join Type": "Inner",
            "Startup Cost": 736975.07,
            "Total Cost": 823633.31,
            "Plan Rows": 144,
            "Plan Width": 46,
            "Actual Startup Time": 4733.952,
            "Actual Total Time": 5494.963,
            "Actual Rows": 1244295,
            "Actual Loops": 1,
            "Inner Unique": false,
            "Hash Cond": "(mk.movie_id = t.id)",
            "Plans": [
              {
                "Node Type": "Seq Scan",
                "Parent Relationship": "Outer",
                "Parallel Aware": false,
                "Relation Name": "movie_keyword",
                "Alias": "mk",
                "Startup Cost": 0.0,
                "Total Cost": 69693.3,
                "Plan Rows": 4523930,
                "Plan Width": 8,
                "Actual Startup Time": 0.016,
                "Actual Total Time": 306.582,
                "Actual Rows": 4523930,
                "Actual Loops": 1
              },
              {
                "Node Type": "Hash",
                "Parent Relationship": "Inner",
                "Parallel Aware": false,
                "Startup Cost": 736974.93,
                "Total Cost": 736974.93,
                "Plan Rows": 11,
                "Plan Width": 58,
                "Actual Startup Time": 4729.247,
                "Actual Total Time": 4729.389,
                "Actual Rows": 26133,
                "Actual Loops": 1,
                "Hash Buckets": 32768,
                "Original Hash Buckets": 1024,
                "Hash Batches": 1,
                "Original Hash Batches": 1,
                "Peak Memory Usage": 2692,
                "Plans": [
                  {
                    "Node Type": "Hash Join",
                    "Parent Relationship": "Outer",
                    "Parallel Aware": false,
                    "Join Type": "Inner",
                    "Startup Cost": 706753.14,
                    "Total Cost": 736974.93,
                    "Plan Rows": 11,
                    "Plan Width": 58,
                    "Actual Startup Time": 4344.809,
                    "Actual Total Time": 4719.565,
                    "Actual Rows": 26133,
                    "Actual Loops": 1,
                    "Inner Unique": true,
                    "Hash Cond": "(mc.company_type_id = ct.id)",
                    "Plans": [
                      {
                        "Node Type": "Hash Join",
                        "Parent Relationship": "Outer",
                        "Parallel Aware": false,
                        "Join Type": "Inner",
                        "Startup Cost": 706752.05,
                        "Total Cost": 736973.78,
                        "Plan Rows": 11,
                        "Plan Width": 62,
                        "Actual Startup Time": 4344.747,
                        "Actual Total Time": 4714.804,
                        "Actual Rows": 26133,
                        "Actual Loops": 1,
                        "Inner Unique": true,
                        "Hash Cond": "(mi_idx.info_type_id = it2.id)",
                        "Plans": [
                          {
                            "Node Type": "Hash Join",
                            "Parent Relationship": "Outer",
                            "Parallel Aware": false,
                            "Join Type": "Inner",
                            "Startup Cost": 706749.63,
                            "Total Cost": 736967.84,
                            "Plan Rows": 1293,
                            "Plan Width": 66,
                            "Actual Startup Time": 4344.676,
                            "Actual Total Time": 4706.092,
                            "Actual Rows": 77751,
                            "Actual Loops": 1,
                            "Inner Unique": false,
                            "Hash Cond": "(mi_idx.movie_id = t.id)",
                            "Plans": [
                              {
                                "Node Type": "Seq Scan",
                                "Parent Relationship": "Outer",
                                "Parallel Aware": false,
                                "Relation Name": "movie_info_idx",
                                "Alias": "mi_idx",
                                "Startup Cost": 0.0,
                                "Total Cost": 25185.44,
                                "Plan Rows": 1341456,
                                "Plan Width": 14,
                                "Actual Startup Time": 0.015,
                                "Actual Total Time": 224.323,
                                "Actual Rows": 1337634,
                                "Actual Loops": 1,
                                "Filter": "(info < '8.5'::text)",
                                "Rows Removed by Filter": 42401
                              },
                              {
                                "Node Type": "Hash",
                                "Parent Relationship": "Inner",
                                "Parallel Aware": false,
                                "Startup Cost": 706744.19,
                                "Total Cost": 706744.19,
                                "Plan Rows": 435,
                                "Plan Width": 52,
                                "Actual Startup Time": 4339.587,
                                "Actual Total Time": 4339.722,
                                "Actual Rows": 46002,
                                "Actual Loops": 1,
                                "Hash Buckets": 65536,
                                "Original Hash Buckets": 1024,
                                "Hash Batches": 1,
                                "Original Hash Batches": 1,
                                "Peak Memory Usage": 4675,
                                "Plans": [
                                  {
                                    "Node Type": "Nested Loop",
                                    "Parent Relationship": "Outer",
                                    "Parallel Aware": false,
                                    "Join Type": "Inner",
                                    "Startup Cost": 654299.13,
                                    "Total Cost": 706744.19,
                                    "Plan Rows": 435,
                                    "Plan Width": 52,
                                    "Actual Startup Time": 3545.039,
                                    "Actual Total Time": 4318.835,
                                    "Actual Rows": 46002,
                                    "Actual Loops": 1,
                                    "Inner Unique": false,
                                    "Join Filter": "(mi.info_type_id = it1.id)",
                                    "Rows Removed by Join Filter": 33310,
                                    "Plans": [
                                      {
                                        "Node Type": "Seq Scan",
                                        "Parent Relationship": "Outer",
                                        "Parallel Aware": false,
                                        "Relation Name": "info_type",
                                        "Alias": "it1",
                                        "Startup Cost": 0.0,
                                        "Total Cost": 2.41,
                                        "Plan Rows": 1,
                                        "Plan Width": 4,
                                        "Actual Startup Time": 0.016,
                                        "Actual Total Time": 0.027,
                                        "Actual Rows": 1,
                                        "Actual Loops": 1,
                                        "Filter": "((info)::text = 'countries'::text)",
                                        "Rows Removed by Filter": 112
                                      },
                                      {
                                        "Node Type": "Nested Loop",
                                        "Parent Relationship": "Inner",
                                        "Parallel Aware": false,
                                        "Join Type": "Inner",
                                        "Startup Cost": 654299.13,
                                        "Total Cost": 706127.65,
                                        "Plan Rows": 49130,
                                        "Plan Width": 56,
                                        "Actual Startup Time": 3545.018,
                                        "Actual Total Time": 4308.568,
                                        "Actual Rows": 79312,
                                        "Actual Loops": 1,
                                        "Inner Unique": false,
                                        "Join Filter": "(t.kind_id = kt.id)",
                                        "Rows Removed by Join Filter": 83712,
                                        "Plans": [
                                          {
                                            "Node Type": "Seq Scan",
                                            "Parent Relationship": "Outer",
                                            "Parallel Aware": false,
                                            "Relation Name": "kind_type",
                                            "Alias": "kt",
                                            "Startup Cost": 0.0,
                                            "Total Cost": 1.09,
                                            "Plan Rows": 2,
                                            "Plan Width": 4,
                                            "Actual Startup Time": 0.009,
                                            "Actual Total Time": 0.021,
                                            "Actual Rows": 2,
                                            "Actual Loops": 1,
                                            "Filter": "((kind)::text = ANY ('{movie,episode}'::text[]))",
                                            "Rows Removed by Filter": 5
                                          },
                                          {
                                            "Node Type": "Materialize",
                                            "Parent Relationship": "Inner",
                                            "Parallel Aware": false,
                                            "Startup Cost": 654299.13,
                                            "Total Cost": 701397.8,
                                            "Plan Rows": 171955,
                                            "Plan Width": 60,
                                            "Actual Startup Time": 1674.227,
                                            "Actual Total Time": 2141.144,
                                            "Actual Rows": 81512,
                                            "Actual Loops": 2,
                                            "Plans": [
                                              {
                                                "Node Type": "Merge Join",
                                                "Parent Relationship": "Outer",
                                                "Parallel Aware": false,
                                                "Join Type": "Inner",
                                                "Startup Cost": 654299.13,
                                                "Total Cost": 700538.03,
                                                "Plan Rows": 171955,
                                                "Plan Width": 60,
                                                "Actual Startup Time": 3348.443,
                                                "Actual Total Time": 4227.829,
                                                "Actual Rows": 81512,
                                                "Actual Loops": 1,
                                                "Inner Unique": false,
                                                "Merge Cond": "(t.id = mi.movie_id)",
                                                "Plans": [
                                                  {
                                                    "Node Type": "Sort",
                                                    "Parent Relationship": "Outer",
                                                    "Parallel Aware": false,
                                                    "Startup Cost": 88969.59,
                                                    "Total Cost": 89567.47,
                                                    "Plan Rows": 239151,
                                                    "Plan Width": 25,
                                                    "Actual Startup Time": 561.29,
                                                    "Actual Total Time": 599.227,
                                                    "Actual Rows": 241232,
                                                    "Actual Loops": 1,
                                                    "Sort Key": [
                                                      "t.id"
                                                    ],
                                                    "Sort Method": "quicksort",
                                                    "Sort Space Used": 25003,
                                                    "Sort Space Type": "Memory",
                                                    "Plans": [
                                                      {
                                                        "Node Type": "Seq Scan",
                                                        "Parent Relationship": "Outer",
                                                        "Parallel Aware": false,
                                                        "Relation Name": "title",
                                                        "Alias": "t",
                                                        "Startup Cost": 0.0,
                                                        "Total Cost": 67604.36,
                                                        "Plan Rows": 239151,
                                                        "Plan Width": 25,
                                                        "Actual Startup Time": 0.048,
                                                        "Actual Total Time": 433.764,
                                                        "Actual Rows": 241400,
                                                        "Actual Loops": 1,
                                                        "Filter": "(production_year < 1960)",
                                                        "Rows Removed by Filter": 2286912
                                                      }
                                                    ]
                                                  },
                                                  {
                                                    "Node Type": "Materialize",
                                                    "Parent Relationship": "Inner",
                                                    "Parallel Aware": false,
                                                    "Startup Cost": 565329.51,
                                                    "Total Cost": 604109.18,
                                                    "Plan Rows": 1818057,
                                                    "Plan Width": 35,
                                                    "Actual Startup Time": 2786.621,
                                                    "Actual Total Time": 3498.274,
                                                    "Actual Rows": 692447,
                                                    "Actual Loops": 1,
                                                    "Plans": [
                                                      {
                                                        "Node Type": "Merge Join",
                                                        "Parent Relationship": "Outer",
                                                        "Parallel Aware": false,
                                                        "Join Type": "Inner",
                                                        "Startup Cost": 565329.51,
                                                        "Total Cost": 599564.04,
                                                        "Plan Rows": 1818057,
                                                        "Plan Width": 35,
                                                        "Actual Startup Time": 2786.612,
                                                        "Actual Total Time": 3251.149,
                                                        "Actual Rows": 692447,
                                                        "Actual Loops": 1,
                                                        "Inner Unique": false,
                                                        "Merge Cond": "(mc.movie_id = mi.movie_id)",
                                                        "Plans": [
                                                          {
                                                            "Node Type": "Sort",
                                                            "Parent Relationship": "Outer",
                                                            "Parallel Aware": false,
                                                            "Startup Cost": 201396.62,
                                                            "Total Cost": 204879.38,
                                                            "Plan Rows": 1393104,
                                                            "Plan Width": 27,
                                                            "Actual Startup Time": 1689.332,
                                                            "Actual Total Time": 1775.066,
                                                            "Actual Rows": 1343936,
                                                            "Actual Loops": 1,
                                                            "Sort Key": [
                                                              "mc.movie_id"
                                                            ],
                                                            "Sort Method": "quicksort",
                                                            "Sort Space Used": 152556,
                                                            "Sort Space Type": "Memory",
                                                            "Plans": [
                                                              {
                                                                "Node Type": "Hash Join",
                                                                "Parent Relationship": "Outer",
                                                                "Parallel Aware": false,
                                                                "Join Type": "Inner",
                                                                "Startup Cost": 7500.88,
                                                                "Total Cost": 59231.25,
                                                                "Plan Rows": 1393104,
                                                                "Plan Width": 27,
                                                                "Actual Startup Time": 88.336,
                                                                "Actual Total Time": 1164.915,
                                                                "Actual Rows": 1343936,
                                                                "Actual Loops": 1,
                                                                "Inner Unique": true,
                                                                "Hash Cond": "(mc.company_id = cn.id)",
                                                                "Plans": [
                                                                  {
                                                                    "Node Type": "Seq Scan",
                                                                    "Parent Relationship": "Outer",
                                                                    "Parallel Aware": false,
                                                                    "Relation Name": "movie_companies",
                                                                    "Alias": "mc",
                                                                    "Startup Cost": 0.0,
                                                                    "Total Cost": 44881.29,
                                                                    "Plan Rows": 2609129,
                                                                    "Plan Width": 12,
                                                                    "Actual Startup Time": 0.018,
                                                                    "Actual Total Time": 321.821,
                                                                    "Actual Rows": 2609129,
                                                                    "Actual Loops": 1
                                                                  },
                                                                  {
                                                                    "Node Type": "Hash",
                                                                    "Parent Relationship": "Inner",
                                                                    "Parallel Aware": false,
                                                                    "Startup Cost": 5932.46,
                                                                    "Total Cost": 5932.46,
                                                                    "Plan Rows": 125473,
                                                                    "Plan Width": 23,
                                                                    "Actual Startup Time": 87.515,
                                                                    "Actual Total Time": 87.515,
                                                                    "Actual Rows": 126230,
                                                                    "Actual Loops": 1,
                                                                    "Hash Buckets": 131072,
                                                                    "Original Hash Buckets": 131072,
                                                                    "Hash Batches": 1,
                                                                    "Original Hash Batches": 1,
                                                                    "Peak Memory Usage": 7968,
                                                                    "Plans": [
                                                                      {
                                                                        "Node Type": "Seq Scan",
                                                                        "Parent Relationship": "Outer",
                                                                        "Parallel Aware": false,
                                                                        "Relation Name": "company_name",
                                                                        "Alias": "cn",
                                                                        "Startup Cost": 0.0,
                                                                        "Total Cost": 5932.46,
                                                                        "Plan Rows": 125473,
                                                                        "Plan Width": 23,
                                                                        "Actual Startup Time": 0.049,
                                                                        "Actual Total Time": 47.787,
                                                                        "Actual Rows": 126230,
                                                                        "Actual Loops": 1,
                                                                        "Filter": "((country_code)::text <> '[us]'::text)",
                                                                        "Rows Removed by Filter": 108767
                                                                      }
                                                                    ]
                                                                  }
                                                                ]
                                                              }
                                                            ]
                                                          },
                                                          {
                                                            "Node Type": "Sort",
                                                            "Parent Relationship": "Inner",
                                                            "Parallel Aware": false,
                                                            "Startup Cost": 363932.8,
                                                            "Total Cost": 365634.71,
                                                            "Plan Rows": 680764,
                                                            "Plan Width": 8,
                                                            "Actual Startup Time": 1097.257,
                                                            "Actual Total Time": 1166.328,
                                                            "Actual Rows": 1201112,
                                                            "Actual Loops": 1,
                                                            "Sort Key": [
                                                              "mi.movie_id"
                                                            ],
                                                            "Sort Method": "quicksort",
                                                            "Sort Space Used": 58149,
                                                            "Sort Space Type": "Memory",
                                                            "Plans": [
                                                              {
                                                                "Node Type": "Gather",
                                                                "Parent Relationship": "Outer",
                                                                "Parallel Aware": false,
                                                                "Startup Cost": 1000.0,
                                                                "Total Cost": 297977.68,
                                                                "Plan Rows": 680764,
                                                                "Plan Width": 8,
                                                                "Actual Startup Time": 1.722,
                                                                "Actual Total Time": 892.979,
                                                                "Actual Rows": 716210,
                                                                "Actual Loops": 1,
                                                                "Workers Planned": 5,
                                                                "Workers Launched": 5,
                                                                "Single Copy": false,
                                                                "Plans": [
                                                                  {
                                                                    "Node Type": "Seq Scan",
                                                                    "Parent Relationship": "Outer",
                                                                    "Parallel Aware": true,
                                                                    "Relation Name": "movie_info",
                                                                    "Alias": "mi",
                                                                    "Startup Cost": 0.0,
                                                                    "Total Cost": 228901.28,
                                                                    "Plan Rows": 136153,
                                                                    "Plan Width": 8,
                                                                    "Actual Startup Time": 0.534,
                                                                    "Actual Total Time": 893.366,
                                                                    "Actual Rows": 119368,
                                                                    "Actual Loops": 6,
                                                                    "Filter": "(info = ANY ('{Sweden,Norway,Germany,Denmark,Swedish,Danish,Norwegian,German,USA,American}'::text[]))",
                                                                    "Rows Removed by Filter": 2353252
                                                                  }
                                                                ]
                                                              }
                                                            ]
                                                          }
                                                        ]
                                                      }
                                                    ]
                                                  }
                                                ]
                                              }
                                            ]
                                          }
                                        ]
                                      }
                                    ]
                                  }
                                ]
                              }
                            ]
                          },
                          {
                            "Node Type": "Hash",
                            "Parent Relationship": "Inner",
                            "Parallel Aware": false,
                            "Startup Cost": 2.41,
                            "Total Cost": 2.41,
                            "Plan Rows": 1,
                            "Plan Width": 4,
                            "Actual Startup Time": 0.039,
                            "Actual Total Time": 0.04,
                            "Actual Rows": 1,
                            "Actual Loops": 1,
                            "Hash Buckets": 1024,
                            "Original Hash Buckets": 1024,
                            "Hash Batches": 1,
                            "Original Hash Batches": 1,
                            "Peak Memory Usage": 9,
                            "Plans": [
                              {
                                "Node Type": "Seq Scan",
                                "Parent Relationship": "Outer",
                                "Parallel Aware": false,
                                "Relation Name": "info_type",
                                "Alias": "it2",
                                "Startup Cost": 0.0,
                                "Total Cost": 2.41,
                                "Plan Rows": 1,
                                "Plan Width": 4,
                                "Actual Startup Time": 0.028,
                                "Actual Total Time": 0.032,
                                "Actual Rows": 1,
                                "Actual Loops": 1,
                                "Filter": "((info)::text = 'rating'::text)",
                                "Rows Removed by Filter": 112
                              }
                            ]
                          }
                        ]
                      },
                      {
                        "Node Type": "Hash",
                        "Parent Relationship": "Inner",
                        "Parallel Aware": false,
                        "Startup Cost": 1.04,
                        "Total Cost": 1.04,
                        "Plan Rows": 4,
                        "Plan Width": 4,
                        "Actual Startup Time": 0.027,
                        "Actual Total Time": 0.028,
                        "Actual Rows": 4,
                        "Actual Loops": 1,
                        "Hash Buckets": 1024,
                        "Original Hash Buckets": 1024,
                        "Hash Batches": 1,
                        "Original Hash Batches": 1,
                        "Peak Memory Usage": 9,
                        "Plans": [
                          {
                            "Node Type": "Seq Scan",
                            "Parent Relationship": "Outer",
                            "Parallel Aware": false,
                            "Relation Name": "company_type",
                            "Alias": "ct",
                            "Startup Cost": 0.0,
                            "Total Cost": 1.04,
                            "Plan Rows": 4,
                            "Plan Width": 4,
                            "Actual Startup Time": 0.011,
                            "Actual Total Time": 0.014,
                            "Actual Rows": 4,
                            "Actual Loops": 1
                          }
                        ]
                      }
                    ]
                  }
                ]
              }
            ]
          },
          {
            "Node Type": "Index Scan",
            "Parent Relationship": "Inner",
            "Parallel Aware": false,
            "Scan Direction": "Forward",
            "Index Name": "keyword_pkey",
            "Relation Name": "keyword",
            "Alias": "k",
            "Startup Cost": 0.42,
            "Total Cost": 0.44,
            "Plan Rows": 1,
            "Plan Width": 4,
            "Actual Startup Time": 0.001,
            "Actual Total Time": 0.001,
            "Actual Rows": 0,
            "Actual Loops": 1244295,
            "Index Cond": "(id = mk.keyword_id)",
            "Rows Removed by Index Recheck": 0,
            "Filter": "(keyword = ANY ('{murder,murder-in-title,blood,violence}'::text[]))",
            "Rows Removed by Filter": 1
          }
        ]
      }
    ]
  },
  "Planning Time": 50.284,
  "Triggers": [],
  "Execution Time": 7155.823
}