[
  {
    "Plan": {
      "Node Type": "Aggregate",
      "Strategy": "Plain",
      "Partial Mode": "Finalize",
      "Parallel Aware": false,
      "Startup Cost": 79648.34,
      "Total Cost": 79648.35,
      "Plan Rows": 1,
      "Plan Width": 8,
      "Actual Startup Time": 208.348,
      "Actual Total Time": 227.645,
      "Actual Rows": 1,
      "Actual Loops": 1,
      "Plans": [
        {
          "Node Type": "Gather",
          "Parent Relationship": "Outer",
          "Parallel Aware": false,
          "Startup Cost": 79647.92,
          "Total Cost": 79648.33,
          "Plan Rows": 4,
          "Plan Width": 8,
          "Actual Startup Time": 207.718,
          "Actual Total Time": 227.635,
          "Actual Rows": 5,
          "Actual Loops": 1,
          "Workers Planned": 4,
          "Workers Launched": 4,
          "Single Copy": false,
          "Plans": [
            {
              "Node Type": "Aggregate",
              "Strategy": "Plain",
              "Partial Mode": "Partial",
              "Parent Relationship": "Outer",
              "Parallel Aware": false,
              "Startup Cost": 78647.92,
              "Total Cost": 78647.93,
              "Plan Rows": 1,
              "Plan Width": 8,
              "Actual Startup Time": 200.409,
              "Actual Total Time": 200.413,
              "Actual Rows": 1,
              "Actual Loops": 5,
              "Plans": [
                {
                  "Node Type": "Hash Join",
                  "Parent Relationship": "Outer",
                  "Parallel Aware": true,
                  "Join Type": "Inner",
                  "Startup Cost": 32709.29,
                  "Total Cost": 78447.28,
                  "Plan Rows": 80257,
                  "Plan Width": 0,
                  "Actual Startup Time": 162.178,
                  "Actual Total Time": 200.092,
                  "Actual Rows": 4819,
                  "Actual Loops": 5,
                  "Inner Unique": false,
                  "Hash Cond": "(t.id = mc.movie_id)",
                  "Plans": [
                    {
                      "Node Type": "Seq Scan",
                      "Parent Relationship": "Outer",
                      "Parallel Aware": true,
                      "Relation Name": "title",
                      "Alias": "t",
                      "Startup Cost": 0.0,
                      "Total Cost": 42318.73,
                      "Plan Rows": 632073,
                      "Plan Width": 4,
                      "Actual Startup Time": 0.011,
                      "Actual Total Time": 68.191,
                      "Actual Rows": 505662,
                      "Actual Loops": 5
                    },
                    {
                      "Node Type": "Hash",
                      "Parent Relationship": "Inner",
                      "Parallel Aware": true,
                      "Startup Cost": 31414.82,
                      "Total Cost": 31414.82,
                      "Plan Rows": 103558,
                      "Plan Width": 4,
                      "Actual Startup Time": 71.956,
                      "Actual Total Time": 71.957,
                      "Actual Rows": 4819,
                      "Actual Loops": 5,
                      "Hash Buckets": 524288,
                      "Original Hash Buckets": 524288,
                      "Hash Batches": 1,
                      "Original Hash Batches": 1,
                      "Peak Memory Usage": 5120,
                      "Plans": [
                        {
                          "Node Type": "Seq Scan",
                          "Parent Relationship": "Outer",
                          "Parallel Aware": true,
                          "Relation Name": "movie_companies",
                          "Alias": "mc",
                          "Startup Cost": 0.0,
                          "Total Cost": 31414.82,
                          "Plan Rows": 103558,
                          "Plan Width": 4,
                          "Actual Startup Time": 32.306,
                          "Actual Total Time": 67.98,
                          "Actual Rows": 4819,
                          "Actual Loops": 5,
                          "Filter": "((company_id > 51652) AND (company_type_id = 1))",
                          "Rows Removed by Filter": 517007
                        }
                      ]
                    }
                  ]
                }
              ]
            }
          ]
        }
      ]
    },
    "Planning Time": 0.563,
    "Triggers": [],
    "Execution Time": 227.705
  }
]