{
  "Plan": {
    "Node Type": "Aggregate",
    "Strategy": "Plain",
    "Partial Mode": "Finalize",
    "Parallel Aware": false,
    "Startup Cost": 522087.12,
    "Total Cost": 522087.13,
    "Plan Rows": 1,
    "Plan Width": 8,
    "Actual Startup Time": 2199.717,
    "Actual Total Time": 2221.121,
    "Actual Rows": 1,
    "Actual Loops": 1,
    "Plans": [
      {
        "Node Type": "Gather",
        "Parent Relationship": "Outer",
        "Parallel Aware": false,
        "Startup Cost": 522087.01,
        "Total Cost": 522087.12,
        "Plan Rows": 1,
        "Plan Width": 8,
        "Actual Startup Time": 2196.848,
        "Actual Total Time": 2221.114,
        "Actual Rows": 2,
        "Actual Loops": 1,
        "Workers Planned": 1,
        "Workers Launched": 1,
        "Single Copy": false,
        "Plans": [
          {
            "Node Type": "Aggregate",
            "Strategy": "Plain",
            "Partial Mode": "Partial",
            "Parent Relationship": "Outer",
            "Parallel Aware": false,
            "Startup Cost": 521087.01,
            "Total Cost": 521087.02,
            "Plan Rows": 1,
            "Plan Width": 8,
            "Actual Startup Time": 2188.774,
            "Actual Total Time": 2188.778,
            "Actual Rows": 1,
            "Actual Loops": 2,
            "Plans": [
              {
                "Node Type": "Hash Join",
                "Parent Relationship": "Outer",
                "Parallel Aware": true,
                "Join Type": "Inner",
                "Startup Cost": 206097.97,
                "Total Cost": 514019.25,
                "Plan Rows": 2827105,
                "Plan Width": 0,
                "Actual Startup Time": 626.005,
                "Actual Total Time": 2081.163,
                "Actual Rows": 2580820,
                "Actual Loops": 2,
                "Inner Unique": true,
                "Hash Cond": "(ci.movie_id = t.id)",
                "Plans": [
                  {
                    "Node Type": "Bitmap Heap Scan",
                    "Parent Relationship": "Outer",
                    "Parallel Aware": true,
                    "Relation Name": "cast_info",
                    "Alias": "ci",
                    "Startup Cost": 137117.72,
                    "Total Cost": 435452.87,
                    "Plan Rows": 3651852,
                    "Plan Width": 4,
                    "Actual Startup Time": 195.472,
                    "Actual Total Time": 517.823,
                    "Actual Rows": 3025036,
                    "Actual Loops": 2,
                    "Recheck Cond": "(person_id > 3043495)",
                    "Rows Removed by Index Recheck": 0,
                    "Exact Heap Blocks": 40926,
                    "Lossy Heap Blocks": 0,
                    "Plans": [
                      {
                        "Node Type": "Bitmap Index Scan",
                        "Parent Relationship": "Outer",
                        "Parallel Aware": false,
                        "Index Name": "person_id_cast_info",
                        "Startup Cost": 0.0,
                        "Total Cost": 135565.68,
                        "Plan Rows": 6208149,
                        "Plan Width": 0,
                        "Actual Startup Time": 181.283,
                        "Actual Total Time": 181.284,
                        "Actual Rows": 6050071,
                        "Actual Loops": 1,
                        "Index Cond": "(person_id > 3043495)"
                      }
                    ]
                  },
                  {
                    "Node Type": "Hash",
                    "Parent Relationship": "Inner",
                    "Parallel Aware": true,
                    "Startup Cost": 54588.39,
                    "Total Cost": 54588.39,
                    "Plan Rows": 1151349,
                    "Plan Width": 4,
                    "Actual Startup Time": 415.995,
                    "Actual Total Time": 415.995,
                    "Actual Rows": 973632,
                    "Actual Loops": 2,
                    "Hash Buckets": 2097152,
                    "Original Hash Buckets": 2097152,
                    "Hash Batches": 1,
                    "Original Hash Batches": 1,
                    "Peak Memory Usage": 92608,
                    "Plans": [
                      {
                        "Node Type": "Seq Scan",
                        "Parent Relationship": "Outer",
                        "Parallel Aware": true,
                        "Relation Name": "title",
                        "Alias": "t",
                        "Startup Cost": 0.0,
                        "Total Cost": 54588.39,
                        "Plan Rows": 1151349,
                        "Plan Width": 4,
                        "Actual Startup Time": 0.028,
                        "Actual Total Time": 172.015,
                        "Actual Rows": 973632,
                        "Actual Loops": 2,
                        "Filter": "(production_year > 1979)",
                        "Rows Removed by Filter": 290524
                      }
                    ]
                  }
                ]
              }
            ]
          }
        ]
      }
    ]
  },
  "Planning Time": 0.707,
  "Triggers": [],
  "Execution Time": 2221.216
}