[
  {
    "Plan": {
      "Node Type": "Aggregate",
      "Strategy": "Plain",
      "Partial Mode": "Finalize",
      "Parallel Aware": false,
      "Startup Cost": 46635.44,
      "Total Cost": 46635.45,
      "Plan Rows": 1,
      "Plan Width": 8,
      "Actual Startup Time": 190.686,
      "Actual Total Time": 201.724,
      "Actual Rows": 1,
      "Actual Loops": 1,
      "Plans": [
        {
          "Node Type": "Gather",
          "Parent Relationship": "Outer",
          "Parallel Aware": false,
          "Startup Cost": 46635.12,
          "Total Cost": 46635.43,
          "Plan Rows": 3,
          "Plan Width": 8,
          "Actual Startup Time": 190.565,
          "Actual Total Time": 201.715,
          "Actual Rows": 4,
          "Actual Loops": 1,
          "Workers Planned": 3,
          "Workers Launched": 3,
          "Single Copy": false,
          "Plans": [
            {
              "Node Type": "Aggregate",
              "Strategy": "Plain",
              "Partial Mode": "Partial",
              "Parent Relationship": "Outer",
              "Parallel Aware": false,
              "Startup Cost": 45635.12,
              "Total Cost": 45635.13,
              "Plan Rows": 1,
              "Plan Width": 8,
              "Actual Startup Time": 183.656,
              "Actual Total Time": 183.657,
              "Actual Rows": 1,
              "Actual Loops": 4,
              "Plans": [
                {
                  "Node Type": "Seq Scan",
                  "Parent Relationship": "Outer",
                  "Parallel Aware": true,
                  "Relation Name": "movie_keyword",
                  "Alias": "mk",
                  "Startup Cost": 0.0,
                  "Total Cost": 42695.65,
                  "Plan Rows": 1175787,
                  "Plan Width": 0,
                  "Actual Startup Time": 0.122,
                  "Actual Total Time": 137.101,
                  "Actual Rows": 907776,
                  "Actual Loops": 4,
                  "Filter": "(keyword_id > 844)",
                  "Rows Removed by Filter": 223207
                }
              ]
            }
          ]
        }
      ]
    },
    "Planning Time": 0.177,
    "Triggers": [],
    "Execution Time": 201.786
  }
]