{
  "Plan": {
    "Node Type": "Aggregate",
    "Strategy": "Plain",
    "Partial Mode": "Finalize",
    "Parallel Aware": false,
    "Startup Cost": 106424.88,
    "Total Cost": 106424.89,
    "Plan Rows": 1,
    "Plan Width": 8,
    "Actual Startup Time": 440.247,
    "Actual Total Time": 453.299,
    "Actual Rows": 1,
    "Actual Loops": 1,
    "Plans": [
      {
        "Node Type": "Gather",
        "Parent Relationship": "Outer",
        "Parallel Aware": false,
        "Startup Cost": 106424.77,
        "Total Cost": 106424.88,
        "Plan Rows": 1,
        "Plan Width": 8,
        "Actual Startup Time": 438.612,
        "Actual Total Time": 453.29,
        "Actual Rows": 2,
        "Actual Loops": 1,
        "Workers Planned": 1,
        "Workers Launched": 1,
        "Single Copy": false,
        "Plans": [
          {
            "Node Type": "Aggregate",
            "Strategy": "Plain",
            "Partial Mode": "Partial",
            "Parent Relationship": "Outer",
            "Parallel Aware": false,
            "Startup Cost": 105424.77,
            "Total Cost": 105424.78,
            "Plan Rows": 1,
            "Plan Width": 8,
            "Actual Startup Time": 433.14,
            "Actual Total Time": 433.143,
            "Actual Rows": 1,
            "Actual Loops": 2,
            "Plans": [
              {
                "Node Type": "Hash Join",
                "Parent Relationship": "Outer",
                "Parallel Aware": true,
                "Join Type": "Inner",
                "Startup Cost": 61633.39,
                "Total Cost": 105136.5,
                "Plan Rows": 115309,
                "Plan Width": 0,
                "Actual Startup Time": 273.723,
                "Actual Total Time": 426.048,
                "Actual Rows": 170910,
                "Actual Loops": 2,
                "Inner Unique": true,
                "Hash Cond": "(mc.movie_id = t.id)",
                "Plans": [
                  {
                    "Node Type": "Seq Scan",
                    "Parent Relationship": "Outer",
                    "Parallel Aware": true,
                    "Relation Name": "movie_companies",
                    "Alias": "mc",
                    "Startup Cost": 0.0,
                    "Total Cost": 41811.73,
                    "Plan Rows": 644334,
                    "Plan Width": 4,
                    "Actual Startup Time": 49.21,
                    "Actual Total Time": 111.045,
                    "Actual Rows": 438140,
                    "Actual Loops": 2,
                    "Filter": "((company_id < 76675) AND (company_type_id = 2))",
                    "Rows Removed by Filter": 866425
                  },
                  {
                    "Node Type": "Hash",
                    "Parent Relationship": "Inner",
                    "Parallel Aware": true,
                    "Startup Cost": 58306.47,
                    "Total Cost": 58306.47,
                    "Plan Rows": 266154,
                    "Plan Width": 4,
                    "Actual Startup Time": 218.78,
                    "Actual Total Time": 218.781,
                    "Actual Rows": 273651,
                    "Actual Loops": 2,
                    "Hash Buckets": 1048576,
                    "Original Hash Buckets": 524288,
                    "Hash Batches": 1,
                    "Original Hash Batches": 1,
                    "Peak Memory Usage": 33728,
                    "Plans": [
                      {
                        "Node Type": "Seq Scan",
                        "Parent Relationship": "Outer",
                        "Parallel Aware": true,
                        "Relation Name": "title",
                        "Alias": "t",
                        "Startup Cost": 0.0,
                        "Total Cost": 58306.47,
                        "Plan Rows": 266154,
                        "Plan Width": 4,
                        "Actual Startup Time": 0.031,
                        "Actual Total Time": 148.149,
                        "Actual Rows": 273651,
                        "Actual Loops": 2,
                        "Filter": "((kind_id < 4) AND (production_year < 2005))",
                        "Rows Removed by Filter": 990505
                      }
                    ]
                  }
                ]
              }
            ]
          }
        ]
      }
    ]
  },
  "Planning Time": 0.638,
  "Triggers": [],
  "Execution Time": 453.366
}