{
  "Plan": {
    "Node Type": "Aggregate",
    "Strategy": "Plain",
    "Partial Mode": "Finalize",
    "Parallel Aware": false,
    "Startup Cost": 222051.74,
    "Total Cost": 222051.75,
    "Plan Rows": 1,
    "Plan Width": 8,
    "Actual Startup Time": 2998.71,
    "Actual Total Time": 3050.29,
    "Actual Rows": 1,
    "Actual Loops": 1,
    "Plans": [
      {
        "Node Type": "Gather",
        "Parent Relationship": "Outer",
        "Parallel Aware": false,
        "Startup Cost": 222051.63,
        "Total Cost": 222051.74,
        "Plan Rows": 1,
        "Plan Width": 8,
        "Actual Startup Time": 2998.188,
        "Actual Total Time": 3050.283,
        "Actual Rows": 2,
        "Actual Loops": 1,
        "Workers Planned": 1,
        "Workers Launched": 1,
        "Single Copy": false,
        "Plans": [
          {
            "Node Type": "Aggregate",
            "Strategy": "Plain",
            "Partial Mode": "Partial",
            "Parent Relationship": "Outer",
            "Parallel Aware": false,
            "Startup Cost": 221051.63,
            "Total Cost": 221051.64,
            "Plan Rows": 1,
            "Plan Width": 8,
            "Actual Startup Time": 2991.869,
            "Actual Total Time": 2991.872,
            "Actual Rows": 1,
            "Actual Loops": 2,
            "Plans": [
              {
                "Node Type": "Nested Loop",
                "Parent Relationship": "Outer",
                "Parallel Aware": false,
                "Join Type": "Inner",
                "Startup Cost": 58778.74,
                "Total Cost": 220921.66,
                "Plan Rows": 51987,
                "Plan Width": 0,
                "Actual Startup Time": 185.254,
                "Actual Total Time": 2903.665,
                "Actual Rows": 1761826,
                "Actual Loops": 2,
                "Inner Unique": false,
                "Join Filter": "(t.id = mi.movie_id)",
                "Rows Removed by Join Filter": 0,
                "Plans": [
                  {
                    "Node Type": "Hash Join",
                    "Parent Relationship": "Outer",
                    "Parallel Aware": true,
                    "Join Type": "Inner",
                    "Startup Cost": 58778.31,
                    "Total Cost": 116829.15,
                    "Plan Rows": 67542,
                    "Plan Width": 8,
                    "Actual Startup Time": 185.188,
                    "Actual Total Time": 602.82,
                    "Actual Rows": 268528,
                    "Actual Loops": 2,
                    "Inner Unique": true,
                    "Hash Cond": "(mk.movie_id = t.id)",
                    "Plans": [
                      {
                        "Node Type": "Seq Scan",
                        "Parent Relationship": "Outer",
                        "Parallel Aware": true,
                        "Relation Name": "movie_keyword",
                        "Alias": "mk",
                        "Startup Cost": 0.0,
                        "Total Cost": 51065.35,
                        "Plan Rows": 2661135,
                        "Plan Width": 4,
                        "Actual Startup Time": 0.016,
                        "Actual Total Time": 177.908,
                        "Actual Rows": 2261965,
                        "Actual Loops": 2
                      },
                      {
                        "Node Type": "Hash",
                        "Parent Relationship": "Inner",
                        "Parallel Aware": true,
                        "Startup Cost": 58306.47,
                        "Total Cost": 58306.47,
                        "Plan Rows": 37747,
                        "Plan Width": 4,
                        "Actual Startup Time": 182.828,
                        "Actual Total Time": 182.829,
                        "Actual Rows": 82466,
                        "Actual Loops": 2,
                        "Hash Buckets": 262144,
                        "Original Hash Buckets": 65536,
                        "Hash Batches": 1,
                        "Original Hash Batches": 1,
                        "Peak Memory Usage": 10048,
                        "Plans": [
                          {
                            "Node Type": "Seq Scan",
                            "Parent Relationship": "Outer",
                            "Parallel Aware": true,
                            "Relation Name": "title",
                            "Alias": "t",
                            "Startup Cost": 0.0,
                            "Total Cost": 58306.47,
                            "Plan Rows": 37747,
                            "Plan Width": 4,
                            "Actual Startup Time": 1.763,
                            "Actual Total Time": 159.176,
                            "Actual Rows": 82466,
                            "Actual Loops": 2,
                            "Filter": "((kind_id < 7) AND (production_year < 1951))",
                            "Rows Removed by Filter": 1181690
                          }
                        ]
                      }
                    ]
                  },
                  {
                    "Node Type": "Index Scan",
                    "Parent Relationship": "Inner",
                    "Parallel Aware": false,
                    "Scan Direction": "Forward",
                    "Index Name": "movie_id_movie_info",
                    "Relation Name": "movie_info",
                    "Alias": "mi",
                    "Startup Cost": 0.43,
                    "Total Cost": 1.47,
                    "Plan Rows": 6,
                    "Plan Width": 4,
                    "Actual Startup Time": 0.003,
                    "Actual Total Time": 0.008,
                    "Actual Rows": 7,
                    "Actual Loops": 537057,
                    "Index Cond": "(movie_id = mk.movie_id)",
                    "Rows Removed by Index Recheck": 0,
                    "Filter": "(info_type_id > 17)",
                    "Rows Removed by Filter": 26
                  }
                ]
              }
            ]
          }
        ]
      }
    ]
  },
  "Planning Time": 0.921,
  "Triggers": [],
  "Execution Time": 3050.385
}