[
  {
    "Plan": {
      "Node Type": "Aggregate",
      "Strategy": "Plain",
      "Partial Mode": "Finalize",
      "Parallel Aware": false,
      "Startup Cost": 331358.23,
      "Total Cost": 331358.24,
      "Plan Rows": 1,
      "Plan Width": 8,
      "Actual Startup Time": 362.978,
      "Actual Total Time": 376.828,
      "Actual Rows": 1,
      "Actual Loops": 1,
      "Plans": [
        {
          "Node Type": "Gather",
          "Parent Relationship": "Outer",
          "Parallel Aware": false,
          "Startup Cost": 331357.6,
          "Total Cost": 331358.21,
          "Plan Rows": 6,
          "Plan Width": 8,
          "Actual Startup Time": 351.382,
          "Actual Total Time": 376.807,
          "Actual Rows": 7,
          "Actual Loops": 1,
          "Workers Planned": 6,
          "Workers Launched": 6,
          "Single Copy": false,
          "Plans": [
            {
              "Node Type": "Aggregate",
              "Strategy": "Plain",
              "Partial Mode": "Partial",
              "Parent Relationship": "Outer",
              "Parallel Aware": false,
              "Startup Cost": 330357.6,
              "Total Cost": 330357.61,
              "Plan Rows": 1,
              "Plan Width": 8,
              "Actual Startup Time": 336.256,
              "Actual Total Time": 336.259,
              "Actual Rows": 1,
              "Actual Loops": 7,
              "Plans": [
                {
                  "Node Type": "Hash Join",
                  "Parent Relationship": "Outer",
                  "Parallel Aware": true,
                  "Join Type": "Inner",
                  "Startup Cost": 74498.93,
                  "Total Cost": 330012.91,
                  "Plan Rows": 137876,
                  "Plan Width": 0,
                  "Actual Startup Time": 228.978,
                  "Actual Total Time": 331.206,
                  "Actual Rows": 112304,
                  "Actual Loops": 7,
                  "Inner Unique": true,
                  "Hash Cond": "(ci.movie_id = t.id)",
                  "Plans": [
                    {
                      "Node Type": "Bitmap Heap Scan",
                      "Parent Relationship": "Outer",
                      "Parallel Aware": true,
                      "Relation Name": "cast_info",
                      "Alias": "ci",
                      "Startup Cost": 24771.78,
                      "Total Cost": 279795.13,
                      "Plan Rows": 186908,
                      "Plan Width": 4,
                      "Actual Startup Time": 35.38,
                      "Actual Total Time": 63.777,
                      "Actual Rows": 161876,
                      "Actual Loops": 7,
                      "Recheck Cond": "(person_id < 115698)",
                      "Rows Removed by Index Recheck": 0,
                      "Exact Heap Blocks": 2121,
                      "Lossy Heap Blocks": 0,
                      "Plans": [
                        {
                          "Node Type": "Bitmap Index Scan",
                          "Parent Relationship": "Outer",
                          "Parallel Aware": false,
                          "Index Name": "person_id_cast_info",
                          "Startup Cost": 0.0,
                          "Total Cost": 24491.42,
                          "Plan Rows": 1121447,
                          "Plan Width": 0,
                          "Actual Startup Time": 33.6,
                          "Actual Total Time": 33.601,
                          "Actual Rows": 1133129,
                          "Actual Loops": 1,
                          "Index Cond": "(person_id < 115698)"
                        }
                      ]
                    },
                    {
                      "Node Type": "Hash",
                      "Parent Relationship": "Inner",
                      "Parallel Aware": true,
                      "Startup Cost": 43898.92,
                      "Total Cost": 43898.92,
                      "Plan Rows": 466259,
                      "Plan Width": 4,
                      "Actual Startup Time": 188.889,
                      "Actual Total Time": 188.89,
                      "Actual Rows": 266498,
                      "Actual Loops": 7,
                      "Hash Buckets": 2097152,
                      "Original Hash Buckets": 2097152,
                      "Hash Batches": 1,
                      "Original Hash Batches": 1,
                      "Peak Memory Usage": 89440,
                      "Plans": [
                        {
                          "Node Type": "Seq Scan",
                          "Parent Relationship": "Outer",
                          "Parallel Aware": true,
                          "Relation Name": "title",
                          "Alias": "t",
                          "Startup Cost": 0.0,
                          "Total Cost": 43898.92,
                          "Plan Rows": 466259,
                          "Plan Width": 4,
                          "Actual Startup Time": 0.048,
                          "Actual Total Time": 75.591,
                          "Actual Rows": 266498,
                          "Actual Loops": 7,
                          "Filter": "(kind_id > 1)",
                          "Rows Removed by Filter": 94689
                        }
                      ]
                    }
                  ]
                }
              ]
            }
          ]
        }
      ]
    },
    "Planning Time": 0.605,
    "Triggers": [],
    "Execution Time": 376.918
  }
]