[
  {
    "Plan": {
      "Node Type": "Aggregate",
      "Strategy": "Plain",
      "Partial Mode": "Finalize",
      "Parallel Aware": false,
      "Startup Cost": 543577.45,
      "Total Cost": 543577.46,
      "Plan Rows": 1,
      "Plan Width": 8,
      "Actual Startup Time": 1656.357,
      "Actual Total Time": 1744.848,
      "Actual Rows": 1,
      "Actual Loops": 1,
      "Plans": [
        {
          "Node Type": "Gather",
          "Parent Relationship": "Outer",
          "Parallel Aware": false,
          "Startup Cost": 543576.82,
          "Total Cost": 543577.43,
          "Plan Rows": 6,
          "Plan Width": 8,
          "Actual Startup Time": 1654.809,
          "Actual Total Time": 1744.836,
          "Actual Rows": 7,
          "Actual Loops": 1,
          "Workers Planned": 6,
          "Workers Launched": 6,
          "Single Copy": false,
          "Plans": [
            {
              "Node Type": "Aggregate",
              "Strategy": "Plain",
              "Partial Mode": "Partial",
              "Parent Relationship": "Outer",
              "Parallel Aware": false,
              "Startup Cost": 542576.82,
              "Total Cost": 542576.83,
              "Plan Rows": 1,
              "Plan Width": 8,
              "Actual Startup Time": 1643.461,
              "Actual Total Time": 1643.464,
              "Actual Rows": 1,
              "Actual Loops": 7,
              "Plans": [
                {
                  "Node Type": "Nested Loop",
                  "Parent Relationship": "Outer",
                  "Parallel Aware": false,
                  "Join Type": "Inner",
                  "Startup Cost": 44426.63,
                  "Total Cost": 541236.41,
                  "Plan Rows": 536165,
                  "Plan Width": 0,
                  "Actual Startup Time": 388.049,
                  "Actual Total Time": 1610.827,
                  "Actual Rows": 600384,
                  "Actual Loops": 7,
                  "Inner Unique": false,
                  "Join Filter": "(t.id = mi.movie_id)",
                  "Rows Removed by Join Filter": 0,
                  "Plans": [
                    {
                      "Node Type": "Hash Join",
                      "Parent Relationship": "Outer",
                      "Parallel Aware": true,
                      "Join Type": "Inner",
                      "Startup Cost": 44426.19,
                      "Total Cost": 376194.98,
                      "Plan Rows": 91695,
                      "Plan Width": 8,
                      "Actual Startup Time": 387.95,
                      "Actual Total Time": 855.147,
                      "Actual Rows": 36617,
                      "Actual Loops": 7,
                      "Inner Unique": true,
                      "Hash Cond": "(ci.movie_id = t.id)",
                      "Plans": [
                        {
                          "Node Type": "Seq Scan",
                          "Parent Relationship": "Outer",
                          "Parallel Aware": true,
                          "Relation Name": "cast_info",
                          "Alias": "ci",
                          "Startup Cost": 0.0,
                          "Total Cost": 328162.03,
                          "Plan Rows": 1374001,
                          "Plan Width": 4,
                          "Actual Startup Time": 305.524,
                          "Actual Total Time": 542.458,
                          "Actual Rows": 1164480,
                          "Actual Loops": 7,
                          "Filter": "(person_id > 2866029)",
                          "Rows Removed by Filter": 4013284
                        },
                        {
                          "Node Type": "Hash",
                          "Parent Relationship": "Inner",
                          "Parallel Aware": true,
                          "Startup Cost": 43898.92,
                          "Total Cost": 43898.92,
                          "Plan Rows": 42182,
                          "Plan Width": 4,
                          "Actual Startup Time": 80.286,
                          "Actual Total Time": 80.287,
                          "Actual Rows": 24944,
                          "Actual Loops": 7,
                          "Hash Buckets": 262144,
                          "Original Hash Buckets": 262144,
                          "Hash Batches": 1,
                          "Original Hash Batches": 1,
                          "Peak Memory Usage": 8960,
                          "Plans": [
                            {
                              "Node Type": "Seq Scan",
                              "Parent Relationship": "Outer",
                              "Parallel Aware": true,
                              "Relation Name": "title",
                              "Alias": "t",
                              "Startup Cost": 0.0,
                              "Total Cost": 43898.92,
                              "Plan Rows": 42182,
                              "Plan Width": 4,
                              "Actual Startup Time": 0.332,
                              "Actual Total Time": 70.376,
                              "Actual Rows": 24944,
                              "Actual Loops": 7,
                              "Filter": "(production_year < 1952)",
                              "Rows Removed by Filter": 336243
                            }
                          ]
                        }
                      ]
                    },
                    {
                      "Node Type": "Index Only Scan",
                      "Parent Relationship": "Inner",
                      "Parallel Aware": false,
                      "Scan Direction": "Forward",
                      "Index Name": "movie_id_movie_info",
                      "Relation Name": "movie_info",
                      "Alias": "mi",
                      "Startup Cost": 0.43,
                      "Total Cost": 1.27,
                      "Plan Rows": 42,
                      "Plan Width": 4,
                      "Actual Startup Time": 0.006,
                      "Actual Total Time": 0.019,
                      "Actual Rows": 16,
                      "Actual Loops": 256322,
                      "Index Cond": "(movie_id = ci.movie_id)",
                      "Rows Removed by Index Recheck": 0,
                      "Heap Fetches": 4202690
                    }
                  ]
                }
              ]
            }
          ]
        }
      ]
    },
    "Planning Time": 1.407,
    "Triggers": [],
    "Execution Time": 1744.952
  }
]