{
    "Plan": {
        "Node Type": "Aggregate",
        "Strategy": "Plain",
        "Partial Mode": "Finalize",
        "Parallel Aware": false,
        "Startup Cost": 401094.52,
        "Total Cost": 401094.53,
        "Plan Rows": 1,
        "Plan Width": 8,
        "Actual Startup Time": 2719.395,
        "Actual Total Time": 2768.325,
        "Actual Rows": 1,
        "Actual Loops": 1,
        "Output": [
            "count(*)"
        ],
        "Plans": [
            {
                "Node Type": "Gather",
                "Parent Relationship": "Outer",
                "Parallel Aware": false,
                "Startup Cost": 401093.9,
                "Total Cost": 401094.51,
                "Plan Rows": 6,
                "Plan Width": 8,
                "Actual Startup Time": 2700.866,
                "Actual Total Time": 2768.312,
                "Actual Rows": 7,
                "Actual Loops": 1,
                "Output": [
                    "(PARTIAL count(*))"
                ],
                "Workers Planned": 6,
                "Workers Launched": 6,
                "Single Copy": false,
                "Plans": [
                    {
                        "Node Type": "Aggregate",
                        "Strategy": "Plain",
                        "Partial Mode": "Partial",
                        "Parent Relationship": "Outer",
                        "Parallel Aware": false,
                        "Startup Cost": 400093.9,
                        "Total Cost": 400093.91,
                        "Plan Rows": 1,
                        "Plan Width": 8,
                        "Actual Startup Time": 2687.133,
                        "Actual Total Time": 2687.136,
                        "Actual Rows": 1,
                        "Actual Loops": 7,
                        "Output": [
                            "PARTIAL count(*)"
                        ],
                        "Workers": [
                            {
                                "Worker Number": 0,
                                "Actual Startup Time": 2684.701,
                                "Actual Total Time": 2684.703,
                                "Actual Rows": 1,
                                "Actual Loops": 1
                            },
                            {
                                "Worker Number": 1,
                                "Actual Startup Time": 2684.669,
                                "Actual Total Time": 2684.671,
                                "Actual Rows": 1,
                                "Actual Loops": 1
                            },
                            {
                                "Worker Number": 2,
                                "Actual Startup Time": 2684.659,
                                "Actual Total Time": 2684.661,
                                "Actual Rows": 1,
                                "Actual Loops": 1
                            },
                            {
                                "Worker Number": 3,
                                "Actual Startup Time": 2686.397,
                                "Actual Total Time": 2686.4,
                                "Actual Rows": 1,
                                "Actual Loops": 1
                            },
                            {
                                "Worker Number": 4,
                                "Actual Startup Time": 2684.75,
                                "Actual Total Time": 2684.753,
                                "Actual Rows": 1,
                                "Actual Loops": 1
                            },
                            {
                                "Worker Number": 5,
                                "Actual Startup Time": 2684.75,
                                "Actual Total Time": 2684.752,
                                "Actual Rows": 1,
                                "Actual Loops": 1
                            }
                        ],
                        "Plans": [
                            {
                                "Node Type": "Hash Join",
                                "Parent Relationship": "Outer",
                                "Parallel Aware": true,
                                "Join Type": "Inner",
                                "Startup Cost": 49487.33,
                                "Total Cost": 391080.96,
                                "Plan Rows": 3605173,
                                "Plan Width": 0,
                                "Actual Startup Time": 203.226,
                                "Actual Total Time": 2552.864,
                                "Actual Rows": 3117986,
                                "Actual Loops": 7,
                                "Inner Unique": true,
                                "Hash Cond": "(ci.movie_id = t.id)",
                                "Workers": [
                                    {
                                        "Worker Number": 0,
                                        "Actual Startup Time": 201.059,
                                        "Actual Total Time": 2553.003,
                                        "Actual Rows": 3284353,
                                        "Actual Loops": 1
                                    },
                                    {
                                        "Worker Number": 1,
                                        "Actual Startup Time": 201.002,
                                        "Actual Total Time": 2553.943,
                                        "Actual Rows": 3261562,
                                        "Actual Loops": 1
                                    },
                                    {
                                        "Worker Number": 2,
                                        "Actual Startup Time": 201.012,
                                        "Actual Total Time": 2553.279,
                                        "Actual Rows": 3284166,
                                        "Actual Loops": 1
                                    },
                                    {
                                        "Worker Number": 3,
                                        "Actual Startup Time": 201.153,
                                        "Actual Total Time": 2563.167,
                                        "Actual Rows": 3066631,
                                        "Actual Loops": 1
                                    },
                                    {
                                        "Worker Number": 4,
                                        "Actual Startup Time": 200.934,
                                        "Actual Total Time": 2562.212,
                                        "Actual Rows": 3043278,
                                        "Actual Loops": 1
                                    },
                                    {
                                        "Worker Number": 5,
                                        "Actual Startup Time": 201.113,
                                        "Actual Total Time": 2559.873,
                                        "Actual Rows": 3113612,
                                        "Actual Loops": 1
                                    }
                                ],
                                "Plans": [
                                    {
                                        "Node Type": "Seq Scan",
                                        "Parent Relationship": "Outer",
                                        "Parallel Aware": true,
                                        "Relation Name": "cast_info",
                                        "Schema": "public",
                                        "Alias": "ci",
                                        "Startup Cost": 0.0,
                                        "Total Cost": 328213.62,
                                        "Plan Rows": 5097140,
                                        "Plan Width": 4,
                                        "Actual Startup Time": 0.037,
                                        "Actual Total Time": 717.551,
                                        "Actual Rows": 4358807,
                                        "Actual Loops": 7,
                                        "Output": [
                                            "ci.id",
                                            "ci.person_id",
                                            "ci.movie_id",
                                            "ci.person_role_id",
                                            "ci.note",
                                            "ci.nr_order",
                                            "ci.role_id"
                                        ],
                                        "Filter": "(ci.role_id < 9)",
                                        "Rows Removed by Filter": 818956,
                                        "Workers": [
                                            {
                                                "Worker Number": 0,
                                                "Actual Startup Time": 0.039,
                                                "Actual Total Time": 728.891,
                                                "Actual Rows": 4593431,
                                                "Actual Loops": 1
                                            },
                                            {
                                                "Worker Number": 1,
                                                "Actual Startup Time": 0.043,
                                                "Actual Total Time": 725.175,
                                                "Actual Rows": 4551973,
                                                "Actual Loops": 1
                                            },
                                            {
                                                "Worker Number": 2,
                                                "Actual Startup Time": 0.038,
                                                "Actual Total Time": 726.017,
                                                "Actual Rows": 4579912,
                                                "Actual Loops": 1
                                            },
                                            {
                                                "Worker Number": 3,
                                                "Actual Startup Time": 0.04,
                                                "Actual Total Time": 719.002,
                                                "Actual Rows": 4281252,
                                                "Actual Loops": 1
                                            },
                                            {
                                                "Worker Number": 4,
                                                "Actual Startup Time": 0.042,
                                                "Actual Total Time": 714.8,
                                                "Actual Rows": 4252424,
                                                "Actual Loops": 1
                                            },
                                            {
                                                "Worker Number": 5,
                                                "Actual Startup Time": 0.041,
                                                "Actual Total Time": 725.262,
                                                "Actual Rows": 4364140,
                                                "Actual Loops": 1
                                            }
                                        ]
                                    },
                                    {
                                        "Node Type": "Hash",
                                        "Parent Relationship": "Inner",
                                        "Parallel Aware": true,
                                        "Startup Cost": 43899.01,
                                        "Total Cost": 43899.01,
                                        "Plan Rows": 447066,
                                        "Plan Width": 4,
                                        "Actual Startup Time": 198.294,
                                        "Actual Total Time": 198.295,
                                        "Actual Rows": 256308,
                                        "Actual Loops": 7,
                                        "Output": [
                                            "t.id"
                                        ],
                                        "Hash Buckets": 2097152,
                                        "Original Hash Buckets": 2097152,
                                        "Hash Batches": 1,
                                        "Original Hash Batches": 1,
                                        "Peak Memory Usage": 86688,
                                        "Workers": [
                                            {
                                                "Worker Number": 0,
                                                "Actual Startup Time": 200.201,
                                                "Actual Total Time": 200.202,
                                                "Actual Rows": 257889,
                                                "Actual Loops": 1
                                            },
                                            {
                                                "Worker Number": 1,
                                                "Actual Startup Time": 200.126,
                                                "Actual Total Time": 200.127,
                                                "Actual Rows": 259848,
                                                "Actual Loops": 1
                                            },
                                            {
                                                "Worker Number": 2,
                                                "Actual Startup Time": 200.156,
                                                "Actual Total Time": 200.157,
                                                "Actual Rows": 265169,
                                                "Actual Loops": 1
                                            },
                                            {
                                                "Worker Number": 3,
                                                "Actual Startup Time": 200.288,
                                                "Actual Total Time": 200.289,
                                                "Actual Rows": 243376,
                                                "Actual Loops": 1
                                            },
                                            {
                                                "Worker Number": 4,
                                                "Actual Startup Time": 200.222,
                                                "Actual Total Time": 200.223,
                                                "Actual Rows": 240342,
                                                "Actual Loops": 1
                                            },
                                            {
                                                "Worker Number": 5,
                                                "Actual Startup Time": 200.22,
                                                "Actual Total Time": 200.221,
                                                "Actual Rows": 249340,
                                                "Actual Loops": 1
                                            }
                                        ],
                                        "Plans": [
                                            {
                                                "Node Type": "Seq Scan",
                                                "Parent Relationship": "Outer",
                                                "Parallel Aware": true,
                                                "Relation Name": "title",
                                                "Schema": "public",
                                                "Alias": "t",
                                                "Startup Cost": 0.0,
                                                "Total Cost": 43899.01,
                                                "Plan Rows": 447066,
                                                "Plan Width": 4,
                                                "Actual Startup Time": 0.076,
                                                "Actual Total Time": 81.279,
                                                "Actual Rows": 256308,
                                                "Actual Loops": 7,
                                                "Output": [
                                                    "t.id"
                                                ],
                                                "Filter": "(t.production_year < 2009)",
                                                "Rows Removed by Filter": 104880,
                                                "Workers": [
                                                    {
                                                        "Worker Number": 0,
                                                        "Actual Startup Time": 0.072,
                                                        "Actual Total Time": 83.296,
                                                        "Actual Rows": 257889,
                                                        "Actual Loops": 1
                                                    },
                                                    {
                                                        "Worker Number": 1,
                                                        "Actual Startup Time": 0.073,
                                                        "Actual Total Time": 82.885,
                                                        "Actual Rows": 259848,
                                                        "Actual Loops": 1
                                                    },
                                                    {
                                                        "Worker Number": 2,
                                                        "Actual Startup Time": 0.063,
                                                        "Actual Total Time": 82.932,
                                                        "Actual Rows": 265169,
                                                        "Actual Loops": 1
                                                    },
                                                    {
                                                        "Worker Number": 3,
                                                        "Actual Startup Time": 0.108,
                                                        "Actual Total Time": 82.53,
                                                        "Actual Rows": 243376,
                                                        "Actual Loops": 1
                                                    },
                                                    {
                                                        "Worker Number": 4,
                                                        "Actual Startup Time": 0.103,
                                                        "Actual Total Time": 82.196,
                                                        "Actual Rows": 240342,
                                                        "Actual Loops": 1
                                                    },
                                                    {
                                                        "Worker Number": 5,
                                                        "Actual Startup Time": 0.098,
                                                        "Actual Total Time": 82.672,
                                                        "Actual Rows": 249340,
                                                        "Actual Loops": 1
                                                    }
                                                ]
                                            }
                                        ]
                                    }
                                ]
                            }
                        ]
                    }
                ]
            }
        ]
    },
    "Planning Time": 0.703,
    "Triggers": [],
    "Execution Time": 2768.41
}