[
  {
    "Plan": {
      "Node Type": "Aggregate",
      "Strategy": "Plain",
      "Partial Mode": "Finalize",
      "Parallel Aware": false,
      "Startup Cost": 46653.2,
      "Total Cost": 46653.21,
      "Plan Rows": 1,
      "Plan Width": 8,
      "Actual Startup Time": 176.274,
      "Actual Total Time": 186.202,
      "Actual Rows": 1,
      "Actual Loops": 1,
      "Plans": [
        {
          "Node Type": "Gather",
          "Parent Relationship": "Outer",
          "Parallel Aware": false,
          "Startup Cost": 46652.88,
          "Total Cost": 46653.19,
          "Plan Rows": 3,
          "Plan Width": 8,
          "Actual Startup Time": 176.141,
          "Actual Total Time": 186.192,
          "Actual Rows": 4,
          "Actual Loops": 1,
          "Workers Planned": 3,
          "Workers Launched": 3,
          "Single Copy": false,
          "Plans": [
            {
              "Node Type": "Aggregate",
              "Strategy": "Plain",
              "Partial Mode": "Partial",
              "Parent Relationship": "Outer",
              "Parallel Aware": false,
              "Startup Cost": 45652.88,
              "Total Cost": 45652.89,
              "Plan Rows": 1,
              "Plan Width": 8,
              "Actual Startup Time": 167.476,
              "Actual Total Time": 167.477,
              "Actual Rows": 1,
              "Actual Loops": 4,
              "Plans": [
                {
                  "Node Type": "Seq Scan",
                  "Parent Relationship": "Outer",
                  "Parallel Aware": true,
                  "Relation Name": "movie_keyword",
                  "Alias": "mk",
                  "Startup Cost": 0.0,
                  "Total Cost": 42695.65,
                  "Plan Rows": 1182891,
                  "Plan Width": 0,
                  "Actual Startup Time": 0.061,
                  "Actual Total Time": 125.773,
                  "Actual Rows": 918583,
                  "Actual Loops": 4,
                  "Filter": "(keyword_id < 21611)",
                  "Rows Removed by Filter": 212399
                }
              ]
            }
          ]
        }
      ]
    },
    "Planning Time": 0.187,
    "Triggers": [],
    "Execution Time": 186.262
  }
]