[
  {
    "Plan": {
      "Node Type": "Aggregate",
      "Strategy": "Plain",
      "Partial Mode": "Finalize",
      "Parallel Aware": false,
      "Startup Cost": 58294.35,
      "Total Cost": 58294.36,
      "Plan Rows": 1,
      "Plan Width": 8,
      "Actual Startup Time": 99.117,
      "Actual Total Time": 112.155,
      "Actual Rows": 1,
      "Actual Loops": 1,
      "Plans": [
        {
          "Node Type": "Gather",
          "Parent Relationship": "Outer",
          "Parallel Aware": false,
          "Startup Cost": 58293.93,
          "Total Cost": 58294.34,
          "Plan Rows": 4,
          "Plan Width": 8,
          "Actual Startup Time": 98.932,
          "Actual Total Time": 112.146,
          "Actual Rows": 5,
          "Actual Loops": 1,
          "Workers Planned": 4,
          "Workers Launched": 4,
          "Single Copy": false,
          "Plans": [
            {
              "Node Type": "Aggregate",
              "Strategy": "Plain",
              "Partial Mode": "Partial",
              "Parent Relationship": "Outer",
              "Parallel Aware": false,
              "Startup Cost": 57293.93,
              "Total Cost": 57293.94,
              "Plan Rows": 1,
              "Plan Width": 8,
              "Actual Startup Time": 91.655,
              "Actual Total Time": 91.657,
              "Actual Rows": 1,
              "Actual Loops": 5,
              "Plans": [
                {
                  "Node Type": "Nested Loop",
                  "Parent Relationship": "Outer",
                  "Parallel Aware": false,
                  "Join Type": "Inner",
                  "Startup Cost": 0.43,
                  "Total Cost": 57290.34,
                  "Plan Rows": 1438,
                  "Plan Width": 0,
                  "Actual Startup Time": 1.201,
                  "Actual Total Time": 91.534,
                  "Actual Rows": 1319,
                  "Actual Loops": 5,
                  "Inner Unique": false,
                  "Plans": [
                    {
                      "Node Type": "Seq Scan",
                      "Parent Relationship": "Outer",
                      "Parallel Aware": true,
                      "Relation Name": "title",
                      "Alias": "t",
                      "Startup Cost": 0.0,
                      "Total Cost": 43899.32,
                      "Plan Rows": 2634,
                      "Plan Width": 4,
                      "Actual Startup Time": 0.148,
                      "Actual Total Time": 78.288,
                      "Actual Rows": 2103,
                      "Actual Loops": 5,
                      "Filter": "(production_year = 1959)",
                      "Rows Removed by Filter": 503559
                    },
                    {
                      "Node Type": "Index Only Scan",
                      "Parent Relationship": "Inner",
                      "Parallel Aware": false,
                      "Scan Direction": "Forward",
                      "Index Name": "movie_id_movie_info_idx",
                      "Relation Name": "movie_info_idx",
                      "Alias": "mi_idx",
                      "Startup Cost": 0.43,
                      "Total Cost": 5.05,
                      "Plan Rows": 3,
                      "Plan Width": 4,
                      "Actual Startup Time": 0.006,
                      "Actual Total Time": 0.006,
                      "Actual Rows": 1,
                      "Actual Loops": 10517,
                      "Index Cond": "(movie_id = t.id)",
                      "Rows Removed by Index Recheck": 0,
                      "Heap Fetches": 6594
                    }
                  ]
                }
              ]
            }
          ]
        }
      ]
    },
    "Planning Time": 0.485,
    "Triggers": [],
    "Execution Time": 112.209
  }
]