[
  {
    "Plan": {
      "Node Type": "Aggregate",
      "Strategy": "Plain",
      "Partial Mode": "Finalize",
      "Parallel Aware": false,
      "Startup Cost": 354446.72,
      "Total Cost": 354446.73,
      "Plan Rows": 1,
      "Plan Width": 8,
      "Actual Startup Time": 937.679,
      "Actual Total Time": 995.624,
      "Actual Rows": 1,
      "Actual Loops": 1,
      "Plans": [
        {
          "Node Type": "Gather",
          "Parent Relationship": "Outer",
          "Parallel Aware": false,
          "Startup Cost": 354446.09,
          "Total Cost": 354446.7,
          "Plan Rows": 6,
          "Plan Width": 8,
          "Actual Startup Time": 937.555,
          "Actual Total Time": 995.613,
          "Actual Rows": 7,
          "Actual Loops": 1,
          "Workers Planned": 6,
          "Workers Launched": 6,
          "Single Copy": false,
          "Plans": [
            {
              "Node Type": "Aggregate",
              "Strategy": "Plain",
              "Partial Mode": "Partial",
              "Parent Relationship": "Outer",
              "Parallel Aware": false,
              "Startup Cost": 353446.09,
              "Total Cost": 353446.1,
              "Plan Rows": 1,
              "Plan Width": 8,
              "Actual Startup Time": 928.565,
              "Actual Total Time": 928.566,
              "Actual Rows": 1,
              "Actual Loops": 7,
              "Plans": [
                {
                  "Node Type": "Seq Scan",
                  "Parent Relationship": "Outer",
                  "Parallel Aware": true,
                  "Relation Name": "cast_info",
                  "Alias": "ci",
                  "Startup Cost": 0.0,
                  "Total Cost": 343257.03,
                  "Plan Rows": 4075625,
                  "Plan Width": 0,
                  "Actual Startup Time": 119.106,
                  "Actual Total Time": 769.121,
                  "Actual Rows": 3381744,
                  "Actual Loops": 7,
                  "Filter": "((person_id > 812023) AND (role_id < 10))",
                  "Rows Removed by Filter": 1796020
                }
              ]
            }
          ]
        }
      ]
    },
    "Planning Time": 0.244,
    "Triggers": [],
    "Execution Time": 995.699
  }
]