[
    {
        "Bao": {
            "Bao prediction": "NaN",
            "Bao recommended hint": "(no hint)"
        }
    },
    {
        "Plan": {
            "Node Type": "Aggregate",
            "Strategy": "Plain",
            "Partial Mode": "Finalize",
            "Parallel Aware": false,
            "Startup Cost": 87200.66,
            "Total Cost": 87200.67,
            "Plan Rows": 1,
            "Plan Width": 8,
            "Actual Startup Time": 508.035,
            "Actual Total Time": 524.981,
            "Actual Rows": 1,
            "Actual Loops": 1,
            "Output": [
                "count(*)"
            ],
            "Plans": [
                {
                    "Node Type": "Gather",
                    "Parent Relationship": "Outer",
                    "Parallel Aware": false,
                    "Startup Cost": 87200.34,
                    "Total Cost": 87200.65,
                    "Plan Rows": 3,
                    "Plan Width": 8,
                    "Actual Startup Time": 499.736,
                    "Actual Total Time": 524.968,
                    "Actual Rows": 4,
                    "Actual Loops": 1,
                    "Output": [
                        "(PARTIAL count(*))"
                    ],
                    "Workers Planned": 3,
                    "Workers Launched": 3,
                    "Single Copy": false,
                    "Plans": [
                        {
                            "Node Type": "Aggregate",
                            "Strategy": "Plain",
                            "Partial Mode": "Partial",
                            "Parent Relationship": "Outer",
                            "Parallel Aware": false,
                            "Startup Cost": 86200.34,
                            "Total Cost": 86200.35,
                            "Plan Rows": 1,
                            "Plan Width": 8,
                            "Actual Startup Time": 490.506,
                            "Actual Total Time": 490.51,
                            "Actual Rows": 1,
                            "Actual Loops": 4,
                            "Output": [
                                "PARTIAL count(*)"
                            ],
                            "Workers": [
                                {
                                    "Worker Number": 0,
                                    "Actual Startup Time": 487.05,
                                    "Actual Total Time": 487.054,
                                    "Actual Rows": 1,
                                    "Actual Loops": 1
                                },
                                {
                                    "Worker Number": 1,
                                    "Actual Startup Time": 488.414,
                                    "Actual Total Time": 488.417,
                                    "Actual Rows": 1,
                                    "Actual Loops": 1
                                },
                                {
                                    "Worker Number": 2,
                                    "Actual Startup Time": 487.163,
                                    "Actual Total Time": 487.167,
                                    "Actual Rows": 1,
                                    "Actual Loops": 1
                                }
                            ],
                            "Plans": [
                                {
                                    "Node Type": "Hash Join",
                                    "Parent Relationship": "Outer",
                                    "Parallel Aware": true,
                                    "Join Type": "Inner",
                                    "Startup Cost": 59334.72,
                                    "Total Cost": 85925.64,
                                    "Plan Rows": 109882,
                                    "Plan Width": 0,
                                    "Actual Startup Time": 382.468,
                                    "Actual Total Time": 485.214,
                                    "Actual Rows": 74082,
                                    "Actual Loops": 4,
                                    "Inner Unique": true,
                                    "Hash Cond": "(mk.movie_id = t.id)",
                                    "Workers": [
                                        {
                                            "Worker Number": 0,
                                            "Actual Startup Time": 379.342,
                                            "Actual Total Time": 482.052,
                                            "Actual Rows": 86621,
                                            "Actual Loops": 1
                                        },
                                        {
                                            "Worker Number": 1,
                                            "Actual Startup Time": 379.562,
                                            "Actual Total Time": 483.317,
                                            "Actual Rows": 60217,
                                            "Actual Loops": 1
                                        },
                                        {
                                            "Worker Number": 2,
                                            "Actual Startup Time": 379.492,
                                            "Actual Total Time": 482.028,
                                            "Actual Rows": 60385,
                                            "Actual Loops": 1
                                        }
                                    ],
                                    "Plans": [
                                        {
                                            "Node Type": "Bitmap Heap Scan",
                                            "Parent Relationship": "Outer",
                                            "Parallel Aware": true,
                                            "Relation Name": "movie_keyword",
                                            "Schema": "public",
                                            "Alias": "mk",
                                            "Startup Cost": 9290.79,
                                            "Total Cost": 35510.84,
                                            "Plan Rows": 141284,
                                            "Plan Width": 4,
                                            "Actual Startup Time": 39.249,
                                            "Actual Total Time": 98.905,
                                            "Actual Rows": 107268,
                                            "Actual Loops": 4,
                                            "Output": [
                                                "mk.id",
                                                "mk.movie_id",
                                                "mk.keyword_id"
                                            ],
                                            "Recheck Cond": "(mk.keyword_id > 40812)",
                                            "Rows Removed by Index Recheck": 0,
                                            "Exact Heap Blocks": 6843,
                                            "Lossy Heap Blocks": 0,
                                            "Workers": [
                                                {
                                                    "Worker Number": 0,
                                                    "Actual Startup Time": 39.239,
                                                    "Actual Total Time": 100.076,
                                                    "Actual Rows": 126092,
                                                    "Actual Loops": 1
                                                },
                                                {
                                                    "Worker Number": 1,
                                                    "Actual Startup Time": 39.482,
                                                    "Actual Total Time": 100.95,
                                                    "Actual Rows": 87227,
                                                    "Actual Loops": 1
                                                },
                                                {
                                                    "Worker Number": 2,
                                                    "Actual Startup Time": 39.228,
                                                    "Actual Total Time": 101.119,
                                                    "Actual Rows": 87556,
                                                    "Actual Loops": 1
                                                }
                                            ],
                                            "Plans": [
                                                {
                                                    "Node Type": "Bitmap Index Scan",
                                                    "Parent Relationship": "Outer",
                                                    "Parallel Aware": false,
                                                    "Index Name": "keyword_id_movie_keyword",
                                                    "Startup Cost": 0.0,
                                                    "Total Cost": 9181.29,
                                                    "Plan Rows": 437981,
                                                    "Plan Width": 0,
                                                    "Actual Startup Time": 33.826,
                                                    "Actual Total Time": 33.827,
                                                    "Actual Rows": 429074,
                                                    "Actual Loops": 1,
                                                    "Index Cond": "(mk.keyword_id > 40812)"
                                                }
                                            ]
                                        },
                                        {
                                            "Node Type": "Hash",
                                            "Parent Relationship": "Inner",
                                            "Parallel Aware": true,
                                            "Startup Cost": 43899.01,
                                            "Total Cost": 43899.01,
                                            "Plan Rows": 491594,
                                            "Plan Width": 4,
                                            "Actual Startup Time": 337.324,
                                            "Actual Total Time": 337.325,
                                            "Actual Rows": 494154,
                                            "Actual Loops": 4,
                                            "Output": [
                                                "t.id"
                                            ],
                                            "Hash Buckets": 2097152,
                                            "Original Hash Buckets": 2097152,
                                            "Hash Batches": 1,
                                            "Original Hash Batches": 1,
                                            "Peak Memory Usage": 93760,
                                            "Workers": [
                                                {
                                                    "Worker Number": 0,
                                                    "Actual Startup Time": 339.66,
                                                    "Actual Total Time": 339.662,
                                                    "Actual Rows": 604011,
                                                    "Actual Loops": 1
                                                },
                                                {
                                                    "Worker Number": 1,
                                                    "Actual Startup Time": 339.669,
                                                    "Actual Total Time": 339.67,
                                                    "Actual Rows": 422590,
                                                    "Actual Loops": 1
                                                },
                                                {
                                                    "Worker Number": 2,
                                                    "Actual Startup Time": 339.776,
                                                    "Actual Total Time": 339.778,
                                                    "Actual Rows": 421910,
                                                    "Actual Loops": 1
                                                }
                                            ],
                                            "Plans": [
                                                {
                                                    "Node Type": "Seq Scan",
                                                    "Parent Relationship": "Outer",
                                                    "Parallel Aware": true,
                                                    "Relation Name": "title",
                                                    "Schema": "public",
                                                    "Alias": "t",
                                                    "Startup Cost": 0.0,
                                                    "Total Cost": 43899.01,
                                                    "Plan Rows": 491594,
                                                    "Plan Width": 4,
                                                    "Actual Startup Time": 0.04,
                                                    "Actual Total Time": 131.035,
                                                    "Actual Rows": 494154,
                                                    "Actual Loops": 4,
                                                    "Output": [
                                                        "t.id"
                                                    ],
                                                    "Filter": "(t.production_year > 1977)",
                                                    "Rows Removed by Filter": 137924,
                                                    "Workers": [
                                                        {
                                                            "Worker Number": 0,
                                                            "Actual Startup Time": 0.034,
                                                            "Actual Total Time": 130.581,
                                                            "Actual Rows": 604011,
                                                            "Actual Loops": 1
                                                        },
                                                        {
                                                            "Worker Number": 1,
                                                            "Actual Startup Time": 0.065,
                                                            "Actual Total Time": 135.143,
                                                            "Actual Rows": 422590,
                                                            "Actual Loops": 1
                                                        },
                                                        {
                                                            "Worker Number": 2,
                                                            "Actual Startup Time": 0.045,
                                                            "Actual Total Time": 135.514,
                                                            "Actual Rows": 421910,
                                                            "Actual Loops": 1
                                                        }
                                                    ]
                                                }
                                            ]
                                        }
                                    ]
                                }
                            ]
                        }
                    ]
                }
            ]
        },
        "Planning Time": 312.18,
        "Triggers": [],
        "Execution Time": 525.065
    }
]