[
  {
    "Plan": {
      "Node Type": "Aggregate",
      "Strategy": "Plain",
      "Partial Mode": "Finalize",
      "Parallel Aware": false,
      "Startup Cost": 135854.43,
      "Total Cost": 135854.44,
      "Plan Rows": 1,
      "Plan Width": 8,
      "Actual Startup Time": 482.37,
      "Actual Total Time": 537.297,
      "Actual Rows": 1,
      "Actual Loops": 1,
      "Plans": [
        {
          "Node Type": "Gather",
          "Parent Relationship": "Outer",
          "Parallel Aware": false,
          "Startup Cost": 135854.01,
          "Total Cost": 135854.42,
          "Plan Rows": 4,
          "Plan Width": 8,
          "Actual Startup Time": 479.771,
          "Actual Total Time": 537.286,
          "Actual Rows": 5,
          "Actual Loops": 1,
          "Workers Planned": 4,
          "Workers Launched": 4,
          "Single Copy": false,
          "Plans": [
            {
              "Node Type": "Aggregate",
              "Strategy": "Plain",
              "Partial Mode": "Partial",
              "Parent Relationship": "Outer",
              "Parallel Aware": false,
              "Startup Cost": 134854.01,
              "Total Cost": 134854.02,
              "Plan Rows": 1,
              "Plan Width": 8,
              "Actual Startup Time": 470.054,
              "Actual Total Time": 470.106,
              "Actual Rows": 1,
              "Actual Loops": 5,
              "Plans": [
                {
                  "Node Type": "Nested Loop",
                  "Parent Relationship": "Outer",
                  "Parallel Aware": false,
                  "Join Type": "Inner",
                  "Startup Cost": 32418.03,
                  "Total Cost": 134730.58,
                  "Plan Rows": 49373,
                  "Plan Width": 0,
                  "Actual Startup Time": 101.017,
                  "Actual Total Time": 467.295,
                  "Actual Rows": 44789,
                  "Actual Loops": 5,
                  "Inner Unique": false,
                  "Plans": [
                    {
                      "Node Type": "Hash Join",
                      "Parent Relationship": "Outer",
                      "Parallel Aware": true,
                      "Join Type": "Inner",
                      "Startup Cost": 32417.47,
                      "Total Cost": 78607.5,
                      "Plan Rows": 13150,
                      "Plan Width": 8,
                      "Actual Startup Time": 100.697,
                      "Actual Total Time": 202.179,
                      "Actual Rows": 8764,
                      "Actual Loops": 5,
                      "Inner Unique": false,
                      "Hash Cond": "(t.id = mc.movie_id)",
                      "Plans": [
                        {
                          "Node Type": "Seq Scan",
                          "Parent Relationship": "Outer",
                          "Parallel Aware": true,
                          "Relation Name": "title",
                          "Alias": "t",
                          "Startup Cost": 0.0,
                          "Total Cost": 45479.1,
                          "Plan Rows": 133703,
                          "Plan Width": 4,
                          "Actual Startup Time": 0.014,
                          "Actual Total Time": 66.315,
                          "Actual Rows": 85650,
                          "Actual Loops": 5,
                          "Filter": "((production_year < 1997) AND (kind_id = 7))",
                          "Rows Removed by Filter": 420013
                        },
                        {
                          "Node Type": "Hash",
                          "Parent Relationship": "Inner",
                          "Parallel Aware": true,
                          "Startup Cost": 31414.82,
                          "Total Cost": 31414.82,
                          "Plan Rows": 80212,
                          "Plan Width": 4,
                          "Actual Startup Time": 98.551,
                          "Actual Total Time": 98.552,
                          "Actual Rows": 99393,
                          "Actual Loops": 5,
                          "Hash Buckets": 524288,
                          "Original Hash Buckets": 262144,
                          "Hash Batches": 1,
                          "Original Hash Batches": 1,
                          "Peak Memory Usage": 25664,
                          "Plans": [
                            {
                              "Node Type": "Seq Scan",
                              "Parent Relationship": "Outer",
                              "Parallel Aware": true,
                              "Relation Name": "movie_companies",
                              "Alias": "mc",
                              "Startup Cost": 0.0,
                              "Total Cost": 31414.82,
                              "Plan Rows": 80212,
                              "Plan Width": 4,
                              "Actual Startup Time": 40.678,
                              "Actual Total Time": 67.629,
                              "Actual Rows": 99393,
                              "Actual Loops": 5,
                              "Filter": "((company_id > 74347) AND (company_type_id > 1))",
                              "Rows Removed by Filter": 422432
                            }
                          ]
                        }
                      ]
                    },
                    {
                      "Node Type": "Index Scan",
                      "Parent Relationship": "Inner",
                      "Parallel Aware": false,
                      "Scan Direction": "Forward",
                      "Index Name": "movie_id_cast_info",
                      "Relation Name": "cast_info",
                      "Alias": "ci",
                      "Startup Cost": 0.56,
                      "Total Cost": 4.17,
                      "Plan Rows": 10,
                      "Plan Width": 4,
                      "Actual Startup Time": 0.024,
                      "Actual Total Time": 0.03,
                      "Actual Rows": 5,
                      "Actual Loops": 43818,
                      "Index Cond": "(movie_id = t.id)",
                      "Rows Removed by Index Recheck": 0,
                      "Filter": "(role_id > 4)",
                      "Rows Removed by Filter": 15
                    }
                  ]
                }
              ]
            }
          ]
        }
      ]
    },
    "Planning Time": 1.48,
    "Triggers": [],
    "Execution Time": 537.404
  }
]