[
  {
    "Plan": {
      "Node Type": "Aggregate",
      "Strategy": "Plain",
      "Partial Mode": "Simple",
      "Parallel Aware": false,
      "Startup Cost": 268733.92,
      "Total Cost": 268733.93,
      "Plan Rows": 1,
      "Plan Width": 8,
      "Actual Startup Time": 64.63,
      "Actual Total Time": 64.63,
      "Actual Rows": 1,
      "Actual Loops": 1,
      "Plans": [
        {
          "Node Type": "Bitmap Heap Scan",
          "Parent Relationship": "Outer",
          "Parallel Aware": false,
          "Relation Name": "cast_info",
          "Alias": "ci",
          "Startup Cost": 5315.01,
          "Total Cost": 268402.9,
          "Plan Rows": 132406,
          "Plan Width": 0,
          "Actual Startup Time": 23.499,
          "Actual Total Time": 55.656,
          "Actual Rows": 179620,
          "Actual Loops": 1,
          "Recheck Cond": "(person_id < 28241)",
          "Rows Removed by Index Recheck": 0,
          "Filter": "(role_id < 3)",
          "Rows Removed by Filter": 58418,
          "Exact Heap Blocks": 2539,
          "Lossy Heap Blocks": 0,
          "Plans": [
            {
              "Node Type": "Bitmap Index Scan",
              "Parent Relationship": "Outer",
              "Parallel Aware": false,
              "Index Name": "person_id_cast_info",
              "Startup Cost": 0.0,
              "Total Cost": 5281.91,
              "Plan Rows": 241779,
              "Plan Width": 0,
              "Actual Startup Time": 22.933,
              "Actual Total Time": 22.934,
              "Actual Rows": 238038,
              "Actual Loops": 1,
              "Index Cond": "(person_id < 28241)"
            }
          ]
        }
      ]
    },
    "Planning Time": 0.245,
    "Triggers": [],
    "Execution Time": 64.682
  }
]