{
  "Plan": {
    "Node Type": "Aggregate",
    "Strategy": "Plain",
    "Partial Mode": "Finalize",
    "Parallel Aware": false,
    "Startup Cost": 829083.74,
    "Total Cost": 829083.75,
    "Plan Rows": 1,
    "Plan Width": 8,
    "Actual Startup Time": 15521.229,
    "Actual Total Time": 15580.109,
    "Actual Rows": 1,
    "Actual Loops": 1,
    "Plans": [
      {
        "Node Type": "Gather",
        "Parent Relationship": "Outer",
        "Parallel Aware": false,
        "Startup Cost": 829083.63,
        "Total Cost": 829083.74,
        "Plan Rows": 1,
        "Plan Width": 8,
        "Actual Startup Time": 15516.485,
        "Actual Total Time": 15580.101,
        "Actual Rows": 2,
        "Actual Loops": 1,
        "Workers Planned": 1,
        "Workers Launched": 1,
        "Single Copy": false,
        "Plans": [
          {
            "Node Type": "Aggregate",
            "Strategy": "Plain",
            "Partial Mode": "Partial",
            "Parent Relationship": "Outer",
            "Parallel Aware": false,
            "Startup Cost": 828083.63,
            "Total Cost": 828083.64,
            "Plan Rows": 1,
            "Plan Width": 8,
            "Actual Startup Time": 15509.994,
            "Actual Total Time": 15510.005,
            "Actual Rows": 1,
            "Actual Loops": 2,
            "Plans": [
              {
                "Node Type": "Hash Join",
                "Parent Relationship": "Outer",
                "Parallel Aware": true,
                "Join Type": "Inner",
                "Startup Cost": 115658.61,
                "Total Cost": 817574.75,
                "Plan Rows": 4203551,
                "Plan Width": 0,
                "Actual Startup Time": 966.67,
                "Actual Total Time": 15128.472,
                "Actual Rows": 8996224,
                "Actual Loops": 2,
                "Inner Unique": false,
                "Hash Cond": "(t.id = mc.movie_id)",
                "Plans": [
                  {
                    "Node Type": "Hash Join",
                    "Parent Relationship": "Outer",
                    "Parallel Aware": true,
                    "Join Type": "Inner",
                    "Startup Cost": 69460.7,
                    "Total Cost": 635298.06,
                    "Plan Rows": 17816319,
                    "Plan Width": 8,
                    "Actual Startup Time": 709.01,
                    "Actual Total Time": 9538.45,
                    "Actual Rows": 15064862,
                    "Actual Loops": 2,
                    "Inner Unique": true,
                    "Hash Cond": "(ci.movie_id = t.id)",
                    "Plans": [
                      {
                        "Node Type": "Seq Scan",
                        "Parent Relationship": "Outer",
                        "Parallel Aware": true,
                        "Relation Name": "cast_info",
                        "Alias": "ci",
                        "Startup Cost": 0.0,
                        "Total Cost": 519069.44,
                        "Plan Rows": 17816319,
                        "Plan Width": 4,
                        "Actual Startup Time": 142.101,
                        "Actual Total Time": 1707.727,
                        "Actual Rows": 15064862,
                        "Actual Loops": 2,
                        "Filter": "(person_id > 590293)",
                        "Rows Removed by Filter": 3057310
                      },
                      {
                        "Node Type": "Hash",
                        "Parent Relationship": "Inner",
                        "Parallel Aware": true,
                        "Startup Cost": 50870.31,
                        "Total Cost": 50870.31,
                        "Plan Rows": 1487231,
                        "Plan Width": 4,
                        "Actual Startup Time": 554.177,
                        "Actual Total Time": 554.178,
                        "Actual Rows": 1264156,
                        "Actual Loops": 2,
                        "Hash Buckets": 4194304,
                        "Original Hash Buckets": 4194304,
                        "Hash Batches": 1,
                        "Original Hash Batches": 1,
                        "Peak Memory Usage": 131712,
                        "Plans": [
                          {
                            "Node Type": "Seq Scan",
                            "Parent Relationship": "Outer",
                            "Parallel Aware": true,
                            "Relation Name": "title",
                            "Alias": "t",
                            "Startup Cost": 0.0,
                            "Total Cost": 50870.31,
                            "Plan Rows": 1487231,
                            "Plan Width": 4,
                            "Actual Startup Time": 0.017,
                            "Actual Total Time": 151.307,
                            "Actual Rows": 1264156,
                            "Actual Loops": 2
                          }
                        ]
                      }
                    ]
                  },
                  {
                    "Node Type": "Hash",
                    "Parent Relationship": "Inner",
                    "Parallel Aware": true,
                    "Startup Cost": 41811.73,
                    "Total Cost": 41811.73,
                    "Plan Rows": 350895,
                    "Plan Width": 4,
                    "Actual Startup Time": 248.295,
                    "Actual Total Time": 248.296,
                    "Actual Rows": 438118,
                    "Actual Loops": 2,
                    "Hash Buckets": 1048576,
                    "Original Hash Buckets": 1048576,
                    "Hash Batches": 1,
                    "Original Hash Batches": 1,
                    "Peak Memory Usage": 42496,
                    "Plans": [
                      {
                        "Node Type": "Seq Scan",
                        "Parent Relationship": "Outer",
                        "Parallel Aware": true,
                        "Relation Name": "movie_companies",
                        "Alias": "mc",
                        "Startup Cost": 0.0,
                        "Total Cost": 41811.73,
                        "Plan Rows": 350895,
                        "Plan Width": 4,
                        "Actual Startup Time": 66.203,
                        "Actual Total Time": 137.838,
                        "Actual Rows": 438118,
                        "Actual Loops": 2,
                        "Filter": "((company_id > 12691) AND (company_type_id > 1))",
                        "Rows Removed by Filter": 866447
                      }
                    ]
                  }
                ]
              }
            ]
          }
        ]
      }
    ]
  },
  "Planning Time": 0.897,
  "Triggers": [],
  "Execution Time": 15580.196
}