{
    "Plan": {
        "Node Type": "Aggregate",
        "Strategy": "Plain",
        "Partial Mode": "Finalize",
        "Parallel Aware": false,
        "Startup Cost": 255354.47,
        "Total Cost": 255354.48,
        "Plan Rows": 1,
        "Plan Width": 8,
        "Actual Startup Time": 1070.08,
        "Actual Total Time": 1122.303,
        "Actual Rows": 1,
        "Actual Loops": 1,
        "Output": [
            "count(*)"
        ],
        "Plans": [
            {
                "Node Type": "Gather",
                "Parent Relationship": "Outer",
                "Parallel Aware": false,
                "Startup Cost": 255353.95,
                "Total Cost": 255354.46,
                "Plan Rows": 5,
                "Plan Width": 8,
                "Actual Startup Time": 1060.293,
                "Actual Total Time": 1122.291,
                "Actual Rows": 6,
                "Actual Loops": 1,
                "Output": [
                    "(PARTIAL count(*))"
                ],
                "Workers Planned": 5,
                "Workers Launched": 5,
                "Single Copy": false,
                "Plans": [
                    {
                        "Node Type": "Aggregate",
                        "Strategy": "Plain",
                        "Partial Mode": "Partial",
                        "Parent Relationship": "Outer",
                        "Parallel Aware": false,
                        "Startup Cost": 254353.95,
                        "Total Cost": 254353.96,
                        "Plan Rows": 1,
                        "Plan Width": 8,
                        "Actual Startup Time": 1050.251,
                        "Actual Total Time": 1050.254,
                        "Actual Rows": 1,
                        "Actual Loops": 6,
                        "Output": [
                            "PARTIAL count(*)"
                        ],
                        "Workers": [
                            {
                                "Worker Number": 0,
                                "Actual Startup Time": 1048.748,
                                "Actual Total Time": 1048.751,
                                "Actual Rows": 1,
                                "Actual Loops": 1
                            },
                            {
                                "Worker Number": 1,
                                "Actual Startup Time": 1047.809,
                                "Actual Total Time": 1047.812,
                                "Actual Rows": 1,
                                "Actual Loops": 1
                            },
                            {
                                "Worker Number": 2,
                                "Actual Startup Time": 1048.383,
                                "Actual Total Time": 1048.386,
                                "Actual Rows": 1,
                                "Actual Loops": 1
                            },
                            {
                                "Worker Number": 3,
                                "Actual Startup Time": 1048.413,
                                "Actual Total Time": 1048.417,
                                "Actual Rows": 1,
                                "Actual Loops": 1
                            },
                            {
                                "Worker Number": 4,
                                "Actual Startup Time": 1048.667,
                                "Actual Total Time": 1048.671,
                                "Actual Rows": 1,
                                "Actual Loops": 1
                            }
                        ],
                        "Plans": [
                            {
                                "Node Type": "Hash Join",
                                "Parent Relationship": "Outer",
                                "Parallel Aware": true,
                                "Join Type": "Inner",
                                "Startup Cost": 48414.78,
                                "Total Cost": 252509.11,
                                "Plan Rows": 737933,
                                "Plan Width": 0,
                                "Actual Startup Time": 180.823,
                                "Actual Total Time": 994.651,
                                "Actual Rows": 1118532,
                                "Actual Loops": 6,
                                "Inner Unique": true,
                                "Hash Cond": "(mi.movie_id = t.id)",
                                "Workers": [
                                    {
                                        "Worker Number": 0,
                                        "Actual Startup Time": 178.478,
                                        "Actual Total Time": 993.25,
                                        "Actual Rows": 871271,
                                        "Actual Loops": 1
                                    },
                                    {
                                        "Worker Number": 1,
                                        "Actual Startup Time": 178.522,
                                        "Actual Total Time": 996.76,
                                        "Actual Rows": 1265071,
                                        "Actual Loops": 1
                                    },
                                    {
                                        "Worker Number": 2,
                                        "Actual Startup Time": 179.131,
                                        "Actual Total Time": 991.123,
                                        "Actual Rows": 898952,
                                        "Actual Loops": 1
                                    },
                                    {
                                        "Worker Number": 3,
                                        "Actual Startup Time": 179.257,
                                        "Actual Total Time": 991.113,
                                        "Actual Rows": 900436,
                                        "Actual Loops": 1
                                    },
                                    {
                                        "Worker Number": 4,
                                        "Actual Startup Time": 179.358,
                                        "Actual Total Time": 997.901,
                                        "Actual Rows": 1262942,
                                        "Actual Loops": 1
                                    }
                                ],
                                "Plans": [
                                    {
                                        "Node Type": "Seq Scan",
                                        "Parent Relationship": "Outer",
                                        "Parallel Aware": true,
                                        "Relation Name": "movie_info",
                                        "Schema": "public",
                                        "Alias": "mi",
                                        "Startup Cost": 0.0,
                                        "Total Cost": 198880.74,
                                        "Plan Rows": 1986127,
                                        "Plan Width": 4,
                                        "Actual Startup Time": 17.595,
                                        "Actual Total Time": 378.683,
                                        "Actual Rows": 1651959,
                                        "Actual Loops": 6,
                                        "Output": [
                                            "mi.id",
                                            "mi.movie_id",
                                            "mi.info_type_id",
                                            "mi.info",
                                            "mi.note"
                                        ],
                                        "Filter": "(mi.info_type_id > 4)",
                                        "Rows Removed by Filter": 820661,
                                        "Workers": [
                                            {
                                                "Worker Number": 0,
                                                "Actual Startup Time": 17.593,
                                                "Actual Total Time": 395.658,
                                                "Actual Rows": 1291838,
                                                "Actual Loops": 1
                                            },
                                            {
                                                "Worker Number": 1,
                                                "Actual Startup Time": 17.602,
                                                "Actual Total Time": 376.601,
                                                "Actual Rows": 1847214,
                                                "Actual Loops": 1
                                            },
                                            {
                                                "Worker Number": 2,
                                                "Actual Startup Time": 17.603,
                                                "Actual Total Time": 399.814,
                                                "Actual Rows": 1341165,
                                                "Actual Loops": 1
                                            },
                                            {
                                                "Worker Number": 3,
                                                "Actual Startup Time": 17.615,
                                                "Actual Total Time": 399.193,
                                                "Actual Rows": 1340996,
                                                "Actual Loops": 1
                                            },
                                            {
                                                "Worker Number": 4,
                                                "Actual Startup Time": 17.576,
                                                "Actual Total Time": 376.355,
                                                "Actual Rows": 1844611,
                                                "Actual Loops": 1
                                            }
                                        ]
                                    },
                                    {
                                        "Node Type": "Hash",
                                        "Parent Relationship": "Inner",
                                        "Parallel Aware": true,
                                        "Startup Cost": 45479.21,
                                        "Total Cost": 45479.21,
                                        "Plan Rows": 234846,
                                        "Plan Width": 4,
                                        "Actual Startup Time": 159.47,
                                        "Actual Total Time": 159.471,
                                        "Actual Rows": 158449,
                                        "Actual Loops": 6,
                                        "Output": [
                                            "t.id"
                                        ],
                                        "Hash Buckets": 1048576,
                                        "Original Hash Buckets": 1048576,
                                        "Hash Batches": 1,
                                        "Original Hash Batches": 1,
                                        "Peak Memory Usage": 45504,
                                        "Workers": [
                                            {
                                                "Worker Number": 0,
                                                "Actual Startup Time": 160.272,
                                                "Actual Total Time": 160.273,
                                                "Actual Rows": 127723,
                                                "Actual Loops": 1
                                            },
                                            {
                                                "Worker Number": 1,
                                                "Actual Startup Time": 160.311,
                                                "Actual Total Time": 160.312,
                                                "Actual Rows": 178311,
                                                "Actual Loops": 1
                                            },
                                            {
                                                "Worker Number": 2,
                                                "Actual Startup Time": 160.845,
                                                "Actual Total Time": 160.846,
                                                "Actual Rows": 125654,
                                                "Actual Loops": 1
                                            },
                                            {
                                                "Worker Number": 3,
                                                "Actual Startup Time": 160.849,
                                                "Actual Total Time": 160.851,
                                                "Actual Rows": 130106,
                                                "Actual Loops": 1
                                            },
                                            {
                                                "Worker Number": 4,
                                                "Actual Startup Time": 161.158,
                                                "Actual Total Time": 161.159,
                                                "Actual Rows": 177638,
                                                "Actual Loops": 1
                                            }
                                        ],
                                        "Plans": [
                                            {
                                                "Node Type": "Seq Scan",
                                                "Parent Relationship": "Outer",
                                                "Parallel Aware": true,
                                                "Relation Name": "title",
                                                "Schema": "public",
                                                "Alias": "t",
                                                "Startup Cost": 0.0,
                                                "Total Cost": 45479.21,
                                                "Plan Rows": 234846,
                                                "Plan Width": 4,
                                                "Actual Startup Time": 0.067,
                                                "Actual Total Time": 89.816,
                                                "Actual Rows": 158449,
                                                "Actual Loops": 6,
                                                "Output": [
                                                    "t.id"
                                                ],
                                                "Filter": "((t.kind_id < 7) AND (t.production_year < 2013))",
                                                "Rows Removed by Filter": 262936,
                                                "Workers": [
                                                    {
                                                        "Worker Number": 0,
                                                        "Actual Startup Time": 0.08,
                                                        "Actual Total Time": 91.271,
                                                        "Actual Rows": 127723,
                                                        "Actual Loops": 1
                                                    },
                                                    {
                                                        "Worker Number": 1,
                                                        "Actual Startup Time": 0.075,
                                                        "Actual Total Time": 89.95,
                                                        "Actual Rows": 178311,
                                                        "Actual Loops": 1
                                                    },
                                                    {
                                                        "Worker Number": 2,
                                                        "Actual Startup Time": 0.085,
                                                        "Actual Total Time": 90.465,
                                                        "Actual Rows": 125654,
                                                        "Actual Loops": 1
                                                    },
                                                    {
                                                        "Worker Number": 3,
                                                        "Actual Startup Time": 0.084,
                                                        "Actual Total Time": 91.723,
                                                        "Actual Rows": 130106,
                                                        "Actual Loops": 1
                                                    },
                                                    {
                                                        "Worker Number": 4,
                                                        "Actual Startup Time": 0.058,
                                                        "Actual Total Time": 90.246,
                                                        "Actual Rows": 177638,
                                                        "Actual Loops": 1
                                                    }
                                                ]
                                            }
                                        ]
                                    }
                                ]
                            }
                        ]
                    }
                ]
            }
        ]
    },
    "Planning Time": 0.757,
    "Triggers": [],
    "Execution Time": 1122.388
}