{
  "Plan": {
    "Node Type": "Aggregate",
    "Strategy": "Plain",
    "Partial Mode": "Finalize",
    "Parallel Aware": false,
    "Startup Cost": 80761.93,
    "Total Cost": 80761.94,
    "Plan Rows": 1,
    "Plan Width": 8,
    "Actual Startup Time": 327.113,
    "Actual Total Time": 340.161,
    "Actual Rows": 1,
    "Actual Loops": 1,
    "Plans": [
      {
        "Node Type": "Gather",
        "Parent Relationship": "Outer",
        "Parallel Aware": false,
        "Startup Cost": 80761.81,
        "Total Cost": 80761.92,
        "Plan Rows": 1,
        "Plan Width": 8,
        "Actual Startup Time": 326.261,
        "Actual Total Time": 340.153,
        "Actual Rows": 2,
        "Actual Loops": 1,
        "Workers Planned": 1,
        "Workers Launched": 1,
        "Single Copy": false,
        "Plans": [
          {
            "Node Type": "Aggregate",
            "Strategy": "Plain",
            "Partial Mode": "Partial",
            "Parent Relationship": "Outer",
            "Parallel Aware": false,
            "Startup Cost": 79761.81,
            "Total Cost": 79761.82,
            "Plan Rows": 1,
            "Plan Width": 8,
            "Actual Startup Time": 320.457,
            "Actual Total Time": 320.461,
            "Actual Rows": 1,
            "Actual Loops": 2,
            "Plans": [
              {
                "Node Type": "Hash Join",
                "Parent Relationship": "Outer",
                "Parallel Aware": true,
                "Join Type": "Inner",
                "Startup Cost": 61256.03,
                "Total Cost": 79439.82,
                "Plan Rows": 128798,
                "Plan Width": 0,
                "Actual Startup Time": 189.537,
                "Actual Total Time": 315.034,
                "Actual Rows": 137555,
                "Actual Loops": 2,
                "Inner Unique": true,
                "Hash Cond": "(mi_idx.movie_id = t.id)",
                "Plans": [
                  {
                    "Node Type": "Seq Scan",
                    "Parent Relationship": "Outer",
                    "Parallel Aware": true,
                    "Relation Name": "movie_info_idx",
                    "Alias": "mi_idx",
                    "Startup Cost": 0.0,
                    "Total Cost": 16052.85,
                    "Plan Rows": 811785,
                    "Plan Width": 4,
                    "Actual Startup Time": 0.017,
                    "Actual Total Time": 47.082,
                    "Actual Rows": 690018,
                    "Actual Loops": 2
                  },
                  {
                    "Node Type": "Hash",
                    "Parent Relationship": "Inner",
                    "Parallel Aware": true,
                    "Startup Cost": 58306.47,
                    "Total Cost": 58306.47,
                    "Plan Rows": 235965,
                    "Plan Width": 4,
                    "Actual Startup Time": 183.454,
                    "Actual Total Time": 183.455,
                    "Actual Rows": 167996,
                    "Actual Loops": 2,
                    "Hash Buckets": 524288,
                    "Original Hash Buckets": 524288,
                    "Hash Batches": 1,
                    "Original Hash Batches": 1,
                    "Peak Memory Usage": 17280,
                    "Plans": [
                      {
                        "Node Type": "Seq Scan",
                        "Parent Relationship": "Outer",
                        "Parallel Aware": true,
                        "Relation Name": "title",
                        "Alias": "t",
                        "Startup Cost": 0.0,
                        "Total Cost": 58306.47,
                        "Plan Rows": 235965,
                        "Plan Width": 4,
                        "Actual Startup Time": 0.064,
                        "Actual Total Time": 144.689,
                        "Actual Rows": 167996,
                        "Actual Loops": 2,
                        "Filter": "((kind_id < 7) AND (production_year > 2005))",
                        "Rows Removed by Filter": 1096160
                      }
                    ]
                  }
                ]
              }
            ]
          }
        ]
      }
    ]
  },
  "Planning Time": 0.432,
  "Triggers": [],
  "Execution Time": 340.231
}