[
  {
    "Plan": {
      "Node Type": "Aggregate",
      "Strategy": "Plain",
      "Partial Mode": "Finalize",
      "Parallel Aware": false,
      "Startup Cost": 300046.42,
      "Total Cost": 300046.43,
      "Plan Rows": 1,
      "Plan Width": 8,
      "Actual Startup Time": 3078.995,
      "Actual Total Time": 3125.69,
      "Actual Rows": 1,
      "Actual Loops": 1,
      "Plans": [
        {
          "Node Type": "Gather",
          "Parent Relationship": "Outer",
          "Parallel Aware": false,
          "Startup Cost": 300045.89,
          "Total Cost": 300046.4,
          "Plan Rows": 5,
          "Plan Width": 8,
          "Actual Startup Time": 3071.367,
          "Actual Total Time": 3125.68,
          "Actual Rows": 6,
          "Actual Loops": 1,
          "Workers Planned": 5,
          "Workers Launched": 5,
          "Single Copy": false,
          "Plans": [
            {
              "Node Type": "Aggregate",
              "Strategy": "Plain",
              "Partial Mode": "Partial",
              "Parent Relationship": "Outer",
              "Parallel Aware": false,
              "Startup Cost": 299045.89,
              "Total Cost": 299045.9,
              "Plan Rows": 1,
              "Plan Width": 8,
              "Actual Startup Time": 3057.9,
              "Actual Total Time": 3057.906,
              "Actual Rows": 1,
              "Actual Loops": 6,
              "Plans": [
                {
                  "Node Type": "Hash Join",
                  "Parent Relationship": "Outer",
                  "Parallel Aware": true,
                  "Join Type": "Inner",
                  "Startup Cost": 92081.85,
                  "Total Cost": 297161.46,
                  "Plan Rows": 753772,
                  "Plan Width": 0,
                  "Actual Startup Time": 395.382,
                  "Actual Total Time": 2328.759,
                  "Actual Rows": 17237816,
                  "Actual Loops": 6,
                  "Inner Unique": false,
                  "Hash Cond": "(mi.movie_id = t.id)",
                  "Plans": [
                    {
                      "Node Type": "Seq Scan",
                      "Parent Relationship": "Outer",
                      "Parallel Aware": true,
                      "Relation Name": "movie_info",
                      "Alias": "mi",
                      "Startup Cost": 0.0,
                      "Total Cost": 191560.33,
                      "Plan Rows": 2956733,
                      "Plan Width": 4,
                      "Actual Startup Time": 0.031,
                      "Actual Total Time": 285.102,
                      "Actual Rows": 2472620,
                      "Actual Loops": 6
                    },
                    {
                      "Node Type": "Hash",
                      "Parent Relationship": "Inner",
                      "Parallel Aware": true,
                      "Startup Cost": 89482.87,
                      "Total Cost": 89482.87,
                      "Plan Rows": 207919,
                      "Plan Width": 8,
                      "Actual Startup Time": 390.989,
                      "Actual Total Time": 390.994,
                      "Actual Rows": 334917,
                      "Actual Loops": 6,
                      "Hash Buckets": 2097152,
                      "Original Hash Buckets": 1048576,
                      "Hash Batches": 1,
                      "Original Hash Batches": 1,
                      "Peak Memory Usage": 103296,
                      "Plans": [
                        {
                          "Node Type": "Hash Join",
                          "Parent Relationship": "Outer",
                          "Parallel Aware": true,
                          "Join Type": "Inner",
                          "Startup Cost": 46604.79,
                          "Total Cost": 89482.87,
                          "Plan Rows": 207919,
                          "Plan Width": 8,
                          "Actual Startup Time": 116.196,
                          "Actual Total Time": 285.226,
                          "Actual Rows": 334917,
                          "Actual Loops": 6,
                          "Inner Unique": true,
                          "Hash Cond": "(mk.movie_id = t.id)",
                          "Plans": [
                            {
                              "Node Type": "Seq Scan",
                              "Parent Relationship": "Outer",
                              "Parallel Aware": true,
                              "Relation Name": "movie_keyword",
                              "Alias": "mk",
                              "Startup Cost": 0.0,
                              "Total Cost": 39047.32,
                              "Plan Rows": 1459332,
                              "Plan Width": 4,
                              "Actual Startup Time": 0.023,
                              "Actual Total Time": 65.398,
                              "Actual Rows": 753988,
                              "Actual Loops": 6
                            },
                            {
                              "Node Type": "Hash",
                              "Parent Relationship": "Inner",
                              "Parallel Aware": true,
                              "Startup Cost": 45479.1,
                              "Total Cost": 45479.1,
                              "Plan Rows": 90055,
                              "Plan Width": 4,
                              "Actual Startup Time": 115.129,
                              "Actual Total Time": 115.13,
                              "Actual Rows": 78395,
                              "Actual Loops": 6,
                              "Hash Buckets": 524288,
                              "Original Hash Buckets": 524288,
                              "Hash Batches": 1,
                              "Original Hash Batches": 1,
                              "Peak Memory Usage": 22592,
                              "Plans": [
                                {
                                  "Node Type": "Seq Scan",
                                  "Parent Relationship": "Outer",
                                  "Parallel Aware": true,
                                  "Relation Name": "title",
                                  "Alias": "t",
                                  "Startup Cost": 0.0,
                                  "Total Cost": 45479.1,
                                  "Plan Rows": 90055,
                                  "Plan Width": 4,
                                  "Actual Startup Time": 0.049,
                                  "Actual Total Time": 81.751,
                                  "Actual Rows": 78395,
                                  "Actual Loops": 6,
                                  "Filter": "((kind_id < 7) AND (production_year < 1998))",
                                  "Rows Removed by Filter": 342990
                                }
                              ]
                            }
                          ]
                        }
                      ]
                    }
                  ]
                }
              ]
            }
          ]
        }
      ]
    },
    "Planning Time": 1.38,
    "Triggers": [],
    "Execution Time": 3125.804
  }
]