[
    {
        "Bao": {
            "Bao prediction": "NaN",
            "Bao recommended hint": "(no hint)"
        }
    },
    {
        "Plan": {
            "Node Type": "Aggregate",
            "Strategy": "Plain",
            "Partial Mode": "Finalize",
            "Parallel Aware": false,
            "Startup Cost": 432988.93,
            "Total Cost": 432988.94,
            "Plan Rows": 1,
            "Plan Width": 8,
            "Actual Startup Time": 1957.005,
            "Actual Total Time": 2002.893,
            "Actual Rows": 1,
            "Actual Loops": 1,
            "Output": [
                "count(*)"
            ],
            "Plans": [
                {
                    "Node Type": "Gather",
                    "Parent Relationship": "Outer",
                    "Parallel Aware": false,
                    "Startup Cost": 432988.31,
                    "Total Cost": 432988.92,
                    "Plan Rows": 6,
                    "Plan Width": 8,
                    "Actual Startup Time": 1938.398,
                    "Actual Total Time": 2002.878,
                    "Actual Rows": 7,
                    "Actual Loops": 1,
                    "Output": [
                        "(PARTIAL count(*))"
                    ],
                    "Workers Planned": 6,
                    "Workers Launched": 6,
                    "Single Copy": false,
                    "Plans": [
                        {
                            "Node Type": "Aggregate",
                            "Strategy": "Plain",
                            "Partial Mode": "Partial",
                            "Parent Relationship": "Outer",
                            "Parallel Aware": false,
                            "Startup Cost": 431988.31,
                            "Total Cost": 431988.32,
                            "Plan Rows": 1,
                            "Plan Width": 8,
                            "Actual Startup Time": 1925.371,
                            "Actual Total Time": 1925.753,
                            "Actual Rows": 1,
                            "Actual Loops": 7,
                            "Output": [
                                "PARTIAL count(*)"
                            ],
                            "Workers": [
                                {
                                    "Worker Number": 0,
                                    "Actual Startup Time": 1922.79,
                                    "Actual Total Time": 1922.805,
                                    "Actual Rows": 1,
                                    "Actual Loops": 1
                                },
                                {
                                    "Worker Number": 1,
                                    "Actual Startup Time": 1922.942,
                                    "Actual Total Time": 1922.947,
                                    "Actual Rows": 1,
                                    "Actual Loops": 1
                                },
                                {
                                    "Worker Number": 2,
                                    "Actual Startup Time": 1924.498,
                                    "Actual Total Time": 1924.503,
                                    "Actual Rows": 1,
                                    "Actual Loops": 1
                                },
                                {
                                    "Worker Number": 3,
                                    "Actual Startup Time": 1923.13,
                                    "Actual Total Time": 1923.134,
                                    "Actual Rows": 1,
                                    "Actual Loops": 1
                                },
                                {
                                    "Worker Number": 4,
                                    "Actual Startup Time": 1923.203,
                                    "Actual Total Time": 1923.209,
                                    "Actual Rows": 1,
                                    "Actual Loops": 1
                                },
                                {
                                    "Worker Number": 5,
                                    "Actual Startup Time": 1923.693,
                                    "Actual Total Time": 1923.697,
                                    "Actual Rows": 1,
                                    "Actual Loops": 1
                                }
                            ],
                            "Plans": [
                                {
                                    "Node Type": "Hash Join",
                                    "Parent Relationship": "Outer",
                                    "Parallel Aware": true,
                                    "Join Type": "Inner",
                                    "Startup Cost": 86068.08,
                                    "Total Cost": 429371.45,
                                    "Plan Rows": 1046745,
                                    "Plan Width": 0,
                                    "Actual Startup Time": 406.283,
                                    "Actual Total Time": 1803.217,
                                    "Actual Rows": 2173190,
                                    "Actual Loops": 7,
                                    "Inner Unique": false,
                                    "Hash Cond": "(ci.movie_id = t.id)",
                                    "Workers": [
                                        {
                                            "Worker Number": 0,
                                            "Actual Startup Time": 403.79,
                                            "Actual Total Time": 1797.629,
                                            "Actual Rows": 1848328,
                                            "Actual Loops": 1
                                        },
                                        {
                                            "Worker Number": 1,
                                            "Actual Startup Time": 404.035,
                                            "Actual Total Time": 1800.047,
                                            "Actual Rows": 1905761,
                                            "Actual Loops": 1
                                        },
                                        {
                                            "Worker Number": 2,
                                            "Actual Startup Time": 404.28,
                                            "Actual Total Time": 1800.621,
                                            "Actual Rows": 1873362,
                                            "Actual Loops": 1
                                        },
                                        {
                                            "Worker Number": 3,
                                            "Actual Startup Time": 404.213,
                                            "Actual Total Time": 1811.189,
                                            "Actual Rows": 2785483,
                                            "Actual Loops": 1
                                        },
                                        {
                                            "Worker Number": 4,
                                            "Actual Startup Time": 404.336,
                                            "Actual Total Time": 1800.887,
                                            "Actual Rows": 1838927,
                                            "Actual Loops": 1
                                        },
                                        {
                                            "Worker Number": 5,
                                            "Actual Startup Time": 404.826,
                                            "Actual Total Time": 1811.115,
                                            "Actual Rows": 2837862,
                                            "Actual Loops": 1
                                        }
                                    ],
                                    "Plans": [
                                        {
                                            "Node Type": "Seq Scan",
                                            "Parent Relationship": "Outer",
                                            "Parallel Aware": true,
                                            "Relation Name": "cast_info",
                                            "Schema": "public",
                                            "Alias": "ci",
                                            "Startup Cost": 0.0,
                                            "Total Cost": 328213.62,
                                            "Plan Rows": 3123509,
                                            "Plan Width": 4,
                                            "Actual Startup Time": 0.051,
                                            "Actual Total Time": 651.228,
                                            "Actual Rows": 2661450,
                                            "Actual Loops": 7,
                                            "Output": [
                                                "ci.id",
                                                "ci.person_id",
                                                "ci.movie_id",
                                                "ci.person_role_id",
                                                "ci.note",
                                                "ci.nr_order",
                                                "ci.role_id"
                                            ],
                                            "Filter": "(ci.person_id < 1855165)",
                                            "Rows Removed by Filter": 2516313,
                                            "Workers": [
                                                {
                                                    "Worker Number": 0,
                                                    "Actual Startup Time": 0.036,
                                                    "Actual Total Time": 668.204,
                                                    "Actual Rows": 2263277,
                                                    "Actual Loops": 1
                                                },
                                                {
                                                    "Worker Number": 1,
                                                    "Actual Startup Time": 0.074,
                                                    "Actual Total Time": 667.098,
                                                    "Actual Rows": 2341105,
                                                    "Actual Loops": 1
                                                },
                                                {
                                                    "Worker Number": 2,
                                                    "Actual Startup Time": 0.064,
                                                    "Actual Total Time": 669.253,
                                                    "Actual Rows": 2273295,
                                                    "Actual Loops": 1
                                                },
                                                {
                                                    "Worker Number": 3,
                                                    "Actual Startup Time": 0.032,
                                                    "Actual Total Time": 632.755,
                                                    "Actual Rows": 3408476,
                                                    "Actual Loops": 1
                                                },
                                                {
                                                    "Worker Number": 4,
                                                    "Actual Startup Time": 0.065,
                                                    "Actual Total Time": 665.307,
                                                    "Actual Rows": 2264499,
                                                    "Actual Loops": 1
                                                },
                                                {
                                                    "Worker Number": 5,
                                                    "Actual Startup Time": 0.062,
                                                    "Actual Total Time": 655.913,
                                                    "Actual Rows": 3497413,
                                                    "Actual Loops": 1
                                                }
                                            ]
                                        },
                                        {
                                            "Node Type": "Hash",
                                            "Parent Relationship": "Inner",
                                            "Parallel Aware": true,
                                            "Startup Cost": 82651.61,
                                            "Total Cost": 82651.61,
                                            "Plan Rows": 273318,
                                            "Plan Width": 8,
                                            "Actual Startup Time": 402.336,
                                            "Actual Total Time": 402.716,
                                            "Actual Rows": 92690,
                                            "Actual Loops": 7,
                                            "Output": [
                                                "t.id",
                                                "mc.movie_id"
                                            ],
                                            "Hash Buckets": 1048576,
                                            "Original Hash Buckets": 1048576,
                                            "Hash Batches": 1,
                                            "Original Hash Batches": 1,
                                            "Peak Memory Usage": 33696,
                                            "Workers": [
                                                {
                                                    "Worker Number": 0,
                                                    "Actual Startup Time": 402.938,
                                                    "Actual Total Time": 402.952,
                                                    "Actual Rows": 81107,
                                                    "Actual Loops": 1
                                                },
                                                {
                                                    "Worker Number": 1,
                                                    "Actual Startup Time": 403.078,
                                                    "Actual Total Time": 403.081,
                                                    "Actual Rows": 83810,
                                                    "Actual Loops": 1
                                                },
                                                {
                                                    "Worker Number": 2,
                                                    "Actual Startup Time": 403.359,
                                                    "Actual Total Time": 403.362,
                                                    "Actual Rows": 80597,
                                                    "Actual Loops": 1
                                                },
                                                {
                                                    "Worker Number": 3,
                                                    "Actual Startup Time": 403.111,
                                                    "Actual Total Time": 403.113,
                                                    "Actual Rows": 114054,
                                                    "Actual Loops": 1
                                                },
                                                {
                                                    "Worker Number": 4,
                                                    "Actual Startup Time": 403.239,
                                                    "Actual Total Time": 403.243,
                                                    "Actual Rows": 79775,
                                                    "Actual Loops": 1
                                                },
                                                {
                                                    "Worker Number": 5,
                                                    "Actual Startup Time": 403.869,
                                                    "Actual Total Time": 403.872,
                                                    "Actual Rows": 119168,
                                                    "Actual Loops": 1
                                                }
                                            ],
                                            "Plans": [
                                                {
                                                    "Node Type": "Hash Join",
                                                    "Parent Relationship": "Outer",
                                                    "Parallel Aware": true,
                                                    "Join Type": "Inner",
                                                    "Startup Cost": 50359.33,
                                                    "Total Cost": 82651.61,
                                                    "Plan Rows": 273318,
                                                    "Plan Width": 8,
                                                    "Actual Startup Time": 263.612,
                                                    "Actual Total Time": 364.864,
                                                    "Actual Rows": 92690,
                                                    "Actual Loops": 7,
                                                    "Output": [
                                                        "t.id",
                                                        "mc.movie_id"
                                                    ],
                                                    "Inner Unique": true,
                                                    "Hash Cond": "(mc.movie_id = t.id)",
                                                    "Workers": [
                                                        {
                                                            "Worker Number": 0,
                                                            "Actual Startup Time": 263.619,
                                                            "Actual Total Time": 364.202,
                                                            "Actual Rows": 81107,
                                                            "Actual Loops": 1
                                                        },
                                                        {
                                                            "Worker Number": 1,
                                                            "Actual Startup Time": 263.636,
                                                            "Actual Total Time": 364.595,
                                                            "Actual Rows": 83810,
                                                            "Actual Loops": 1
                                                        },
                                                        {
                                                            "Worker Number": 2,
                                                            "Actual Startup Time": 263.545,
                                                            "Actual Total Time": 364.953,
                                                            "Actual Rows": 80597,
                                                            "Actual Loops": 1
                                                        },
                                                        {
                                                            "Worker Number": 3,
                                                            "Actual Startup Time": 263.581,
                                                            "Actual Total Time": 364.901,
                                                            "Actual Rows": 114054,
                                                            "Actual Loops": 1
                                                        },
                                                        {
                                                            "Worker Number": 4,
                                                            "Actual Startup Time": 263.573,
                                                            "Actual Total Time": 364.648,
                                                            "Actual Rows": 79775,
                                                            "Actual Loops": 1
                                                        },
                                                        {
                                                            "Worker Number": 5,
                                                            "Actual Startup Time": 263.522,
                                                            "Actual Total Time": 364.573,
                                                            "Actual Rows": 119168,
                                                            "Actual Loops": 1
                                                        }
                                                    ],
                                                    "Plans": [
                                                        {
                                                            "Node Type": "Seq Scan",
                                                            "Parent Relationship": "Outer",
                                                            "Parallel Aware": true,
                                                            "Relation Name": "movie_companies",
                                                            "Schema": "public",
                                                            "Alias": "mc",
                                                            "Startup Cost": 0.0,
                                                            "Total Cost": 31414.82,
                                                            "Plan Rows": 334269,
                                                            "Plan Width": 4,
                                                            "Actual Startup Time": 0.09,
                                                            "Actual Total Time": 52.098,
                                                            "Actual Rows": 131232,
                                                            "Actual Loops": 7,
                                                            "Output": [
                                                                "mc.id",
                                                                "mc.movie_id",
                                                                "mc.company_id",
                                                                "mc.company_type_id",
                                                                "mc.note"
                                                            ],
                                                            "Filter": "((mc.company_id > 425) AND (mc.company_type_id < 2))",
                                                            "Rows Removed by Filter": 241501,
                                                            "Workers": [
                                                                {
                                                                    "Worker Number": 0,
                                                                    "Actual Startup Time": 0.079,
                                                                    "Actual Total Time": 52.853,
                                                                    "Actual Rows": 114567,
                                                                    "Actual Loops": 1
                                                                },
                                                                {
                                                                    "Worker Number": 1,
                                                                    "Actual Startup Time": 0.105,
                                                                    "Actual Total Time": 53.721,
                                                                    "Actual Rows": 118143,
                                                                    "Actual Loops": 1
                                                                },
                                                                {
                                                                    "Worker Number": 2,
                                                                    "Actual Startup Time": 0.062,
                                                                    "Actual Total Time": 53.817,
                                                                    "Actual Rows": 115118,
                                                                    "Actual Loops": 1
                                                                },
                                                                {
                                                                    "Worker Number": 3,
                                                                    "Actual Startup Time": 0.112,
                                                                    "Actual Total Time": 50.374,
                                                                    "Actual Rows": 160971,
                                                                    "Actual Loops": 1
                                                                },
                                                                {
                                                                    "Worker Number": 4,
                                                                    "Actual Startup Time": 0.097,
                                                                    "Actual Total Time": 53.441,
                                                                    "Actual Rows": 115092,
                                                                    "Actual Loops": 1
                                                                },
                                                                {
                                                                    "Worker Number": 5,
                                                                    "Actual Startup Time": 0.119,
                                                                    "Actual Total Time": 51.254,
                                                                    "Actual Rows": 168476,
                                                                    "Actual Loops": 1
                                                                }
                                                            ]
                                                        },
                                                        {
                                                            "Node Type": "Hash",
                                                            "Parent Relationship": "Inner",
                                                            "Parallel Aware": true,
                                                            "Startup Cost": 43899.01,
                                                            "Total Cost": 43899.01,
                                                            "Plan Rows": 516826,
                                                            "Plan Width": 4,
                                                            "Actual Startup Time": 260.268,
                                                            "Actual Total Time": 260.271,
                                                            "Actual Rows": 296398,
                                                            "Actual Loops": 7,
                                                            "Output": [
                                                                "t.id"
                                                            ],
                                                            "Hash Buckets": 2097152,
                                                            "Original Hash Buckets": 2097152,
                                                            "Hash Batches": 1,
                                                            "Original Hash Batches": 1,
                                                            "Peak Memory Usage": 97728,
                                                            "Workers": [
                                                                {
                                                                    "Worker Number": 0,
                                                                    "Actual Startup Time": 263.375,
                                                                    "Actual Total Time": 263.387,
                                                                    "Actual Rows": 250867,
                                                                    "Actual Loops": 1
                                                                },
                                                                {
                                                                    "Worker Number": 1,
                                                                    "Actual Startup Time": 263.327,
                                                                    "Actual Total Time": 263.328,
                                                                    "Actual Rows": 265946,
                                                                    "Actual Loops": 1
                                                                },
                                                                {
                                                                    "Worker Number": 2,
                                                                    "Actual Startup Time": 263.306,
                                                                    "Actual Total Time": 263.308,
                                                                    "Actual Rows": 261076,
                                                                    "Actual Loops": 1
                                                                },
                                                                {
                                                                    "Worker Number": 3,
                                                                    "Actual Startup Time": 263.293,
                                                                    "Actual Total Time": 263.294,
                                                                    "Actual Rows": 319944,
                                                                    "Actual Loops": 1
                                                                },
                                                                {
                                                                    "Worker Number": 4,
                                                                    "Actual Startup Time": 263.352,
                                                                    "Actual Total Time": 263.354,
                                                                    "Actual Rows": 292044,
                                                                    "Actual Loops": 1
                                                                },
                                                                {
                                                                    "Worker Number": 5,
                                                                    "Actual Startup Time": 263.178,
                                                                    "Actual Total Time": 263.179,
                                                                    "Actual Rows": 348704,
                                                                    "Actual Loops": 1
                                                                }
                                                            ],
                                                            "Plans": [
                                                                {
                                                                    "Node Type": "Seq Scan",
                                                                    "Parent Relationship": "Outer",
                                                                    "Parallel Aware": true,
                                                                    "Relation Name": "title",
                                                                    "Schema": "public",
                                                                    "Alias": "t",
                                                                    "Startup Cost": 0.0,
                                                                    "Total Cost": 43899.01,
                                                                    "Plan Rows": 516826,
                                                                    "Plan Width": 4,
                                                                    "Actual Startup Time": 0.066,
                                                                    "Actual Total Time": 91.193,
                                                                    "Actual Rows": 296398,
                                                                    "Actual Loops": 7,
                                                                    "Output": [
                                                                        "t.id"
                                                                    ],
                                                                    "Filter": "(t.production_year > 1970)",
                                                                    "Rows Removed by Filter": 64789,
                                                                    "Workers": [
                                                                        {
                                                                            "Worker Number": 0,
                                                                            "Actual Startup Time": 0.075,
                                                                            "Actual Total Time": 93.218,
                                                                            "Actual Rows": 250867,
                                                                            "Actual Loops": 1
                                                                        },
                                                                        {
                                                                            "Worker Number": 1,
                                                                            "Actual Startup Time": 0.049,
                                                                            "Actual Total Time": 97.727,
                                                                            "Actual Rows": 265946,
                                                                            "Actual Loops": 1
                                                                        },
                                                                        {
                                                                            "Worker Number": 2,
                                                                            "Actual Startup Time": 0.087,
                                                                            "Actual Total Time": 96.836,
                                                                            "Actual Rows": 261076,
                                                                            "Actual Loops": 1
                                                                        },
                                                                        {
                                                                            "Worker Number": 3,
                                                                            "Actual Startup Time": 0.075,
                                                                            "Actual Total Time": 87.053,
                                                                            "Actual Rows": 319944,
                                                                            "Actual Loops": 1
                                                                        },
                                                                        {
                                                                            "Worker Number": 4,
                                                                            "Actual Startup Time": 0.071,
                                                                            "Actual Total Time": 90.829,
                                                                            "Actual Rows": 292044,
                                                                            "Actual Loops": 1
                                                                        },
                                                                        {
                                                                            "Worker Number": 5,
                                                                            "Actual Startup Time": 0.082,
                                                                            "Actual Total Time": 92.421,
                                                                            "Actual Rows": 348704,
                                                                            "Actual Loops": 1
                                                                        }
                                                                    ]
                                                                }
                                                            ]
                                                        }
                                                    ]
                                                }
                                            ]
                                        }
                                    ]
                                }
                            ]
                        }
                    ]
                }
            ]
        },
        "Planning Time": 308.021,
        "Triggers": [],
        "Execution Time": 2003.12
    }
]