[
  {
    "Plan": {
      "Node Type": "Aggregate",
      "Strategy": "Plain",
      "Partial Mode": "Finalize",
      "Parallel Aware": false,
      "Startup Cost": 31863.31,
      "Total Cost": 31863.32,
      "Plan Rows": 1,
      "Plan Width": 8,
      "Actual Startup Time": 121.602,
      "Actual Total Time": 130.549,
      "Actual Rows": 1,
      "Actual Loops": 1,
      "Plans": [
        {
          "Node Type": "Gather",
          "Parent Relationship": "Outer",
          "Parallel Aware": false,
          "Startup Cost": 31862.99,
          "Total Cost": 31863.3,
          "Plan Rows": 3,
          "Plan Width": 8,
          "Actual Startup Time": 121.448,
          "Actual Total Time": 130.541,
          "Actual Rows": 4,
          "Actual Loops": 1,
          "Workers Planned": 3,
          "Workers Launched": 3,
          "Single Copy": false,
          "Plans": [
            {
              "Node Type": "Aggregate",
              "Strategy": "Plain",
              "Partial Mode": "Partial",
              "Parent Relationship": "Outer",
              "Parallel Aware": false,
              "Startup Cost": 30862.99,
              "Total Cost": 30863.0,
              "Plan Rows": 1,
              "Plan Width": 8,
              "Actual Startup Time": 114.656,
              "Actual Total Time": 114.657,
              "Actual Rows": 1,
              "Actual Loops": 4,
              "Plans": [
                {
                  "Node Type": "Seq Scan",
                  "Parent Relationship": "Outer",
                  "Parallel Aware": true,
                  "Relation Name": "movie_companies",
                  "Alias": "mc",
                  "Startup Cost": 0.0,
                  "Total Cost": 29310.68,
                  "Plan Rows": 620924,
                  "Plan Width": 0,
                  "Actual Startup Time": 0.229,
                  "Actual Total Time": 88.751,
                  "Actual Rows": 482067,
                  "Actual Loops": 4,
                  "Filter": "(company_id > 1152)",
                  "Rows Removed by Filter": 170215
                }
              ]
            }
          ]
        }
      ]
    },
    "Planning Time": 0.195,
    "Triggers": [],
    "Execution Time": 130.603
  }
]