{
  "Plan": {
    "Node Type": "Aggregate",
    "Strategy": "Plain",
    "Partial Mode": "Finalize",
    "Parallel Aware": false,
    "Startup Cost": 85725.51,
    "Total Cost": 85725.52,
    "Plan Rows": 1,
    "Plan Width": 8,
    "Actual Startup Time": 218.149,
    "Actual Total Time": 237.26,
    "Actual Rows": 1,
    "Actual Loops": 1,
    "Plans": [
      {
        "Node Type": "Gather",
        "Parent Relationship": "Outer",
        "Parallel Aware": false,
        "Startup Cost": 85725.39,
        "Total Cost": 85725.5,
        "Plan Rows": 1,
        "Plan Width": 8,
        "Actual Startup Time": 217.796,
        "Actual Total Time": 237.253,
        "Actual Rows": 2,
        "Actual Loops": 1,
        "Workers Planned": 1,
        "Workers Launched": 1,
        "Single Copy": false,
        "Plans": [
          {
            "Node Type": "Aggregate",
            "Strategy": "Plain",
            "Partial Mode": "Partial",
            "Parent Relationship": "Outer",
            "Parallel Aware": false,
            "Startup Cost": 84725.39,
            "Total Cost": 84725.4,
            "Plan Rows": 1,
            "Plan Width": 8,
            "Actual Startup Time": 211.097,
            "Actual Total Time": 211.101,
            "Actual Rows": 1,
            "Actual Loops": 2,
            "Plans": [
              {
                "Node Type": "Nested Loop",
                "Parent Relationship": "Outer",
                "Parallel Aware": false,
                "Join Type": "Inner",
                "Startup Cost": 21534.98,
                "Total Cost": 84723.52,
                "Plan Rows": 751,
                "Plan Width": 0,
                "Actual Startup Time": 59.192,
                "Actual Total Time": 211.015,
                "Actual Rows": 638,
                "Actual Loops": 2,
                "Inner Unique": false,
                "Plans": [
                  {
                    "Node Type": "Hash Join",
                    "Parent Relationship": "Outer",
                    "Parallel Aware": true,
                    "Join Type": "Inner",
                    "Startup Cost": 21534.55,
                    "Total Cost": 76379.82,
                    "Plan Rows": 636,
                    "Plan Width": 8,
                    "Actual Startup Time": 59.082,
                    "Actual Total Time": 201.993,
                    "Actual Rows": 364,
                    "Actual Loops": 2,
                    "Inner Unique": false,
                    "Hash Cond": "(t.id = mc.movie_id)",
                    "Plans": [
                      {
                        "Node Type": "Seq Scan",
                        "Parent Relationship": "Outer",
                        "Parallel Aware": true,
                        "Relation Name": "title",
                        "Alias": "t",
                        "Startup Cost": 0.0,
                        "Total Cost": 54588.39,
                        "Plan Rows": 40501,
                        "Plan Width": 4,
                        "Actual Startup Time": 0.035,
                        "Actual Total Time": 134.267,
                        "Actual Rows": 33671,
                        "Actual Loops": 2,
                        "Filter": "(production_year > 2012)",
                        "Rows Removed by Filter": 1230485
                      },
                      {
                        "Node Type": "Hash",
                        "Parent Relationship": "Inner",
                        "Parallel Aware": true,
                        "Startup Cost": 21242.31,
                        "Total Cost": 21242.31,
                        "Plan Rows": 23379,
                        "Plan Width": 4,
                        "Actual Startup Time": 57.28,
                        "Actual Total Time": 57.282,
                        "Actual Rows": 33260,
                        "Actual Loops": 2,
                        "Hash Buckets": 131072,
                        "Original Hash Buckets": 65536,
                        "Hash Batches": 1,
                        "Original Hash Batches": 1,
                        "Peak Memory Usage": 4192,
                        "Plans": [
                          {
                            "Node Type": "Bitmap Heap Scan",
                            "Parent Relationship": "Outer",
                            "Parallel Aware": true,
                            "Relation Name": "movie_companies",
                            "Alias": "mc",
                            "Startup Cost": 1739.91,
                            "Total Cost": 21242.31,
                            "Plan Rows": 23379,
                            "Plan Width": 4,
                            "Actual Startup Time": 11.178,
                            "Actual Total Time": 39.194,
                            "Actual Rows": 33260,
                            "Actual Loops": 2,
                            "Recheck Cond": "(company_id < 19)",
                            "Rows Removed by Index Recheck": 0,
                            "Filter": "(company_type_id < 2)",
                            "Rows Removed by Filter": 8776,
                            "Exact Heap Blocks": 5246,
                            "Lossy Heap Blocks": 0,
                            "Plans": [
                              {
                                "Node Type": "Bitmap Index Scan",
                                "Parent Relationship": "Outer",
                                "Parallel Aware": false,
                                "Index Name": "company_id_movie_companies",
                                "Startup Cost": 0.0,
                                "Total Cost": 1729.97,
                                "Plan Rows": 80739,
                                "Plan Width": 0,
                                "Actual Startup Time": 12.6,
                                "Actual Total Time": 12.601,
                                "Actual Rows": 84071,
                                "Actual Loops": 1,
                                "Index Cond": "(company_id < 19)"
                              }
                            ]
                          }
                        ]
                      }
                    ]
                  },
                  {
                    "Node Type": "Index Scan",
                    "Parent Relationship": "Inner",
                    "Parallel Aware": false,
                    "Scan Direction": "Forward",
                    "Index Name": "movie_id_movie_info",
                    "Relation Name": "movie_info",
                    "Alias": "mi",
                    "Startup Cost": 0.43,
                    "Total Cost": 13.04,
                    "Plan Rows": 8,
                    "Plan Width": 4,
                    "Actual Startup Time": 0.015,
                    "Actual Total Time": 0.024,
                    "Actual Rows": 2,
                    "Actual Loops": 727,
                    "Index Cond": "(movie_id = t.id)",
                    "Rows Removed by Index Recheck": 0,
                    "Filter": "(info_type_id = 16)",
                    "Rows Removed by Filter": 7
                  }
                ]
              }
            ]
          }
        ]
      }
    ]
  },
  "Planning Time": 1.095,
  "Triggers": [],
  "Execution Time": 237.367
}