[
  {
    "Plan": {
      "Node Type": "Aggregate",
      "Strategy": "Plain",
      "Partial Mode": "Finalize",
      "Parallel Aware": false,
      "Startup Cost": 69903.34,
      "Total Cost": 69903.35,
      "Plan Rows": 1,
      "Plan Width": 8,
      "Actual Startup Time": 168.096,
      "Actual Total Time": 182.726,
      "Actual Rows": 1,
      "Actual Loops": 1,
      "Plans": [
        {
          "Node Type": "Gather",
          "Parent Relationship": "Outer",
          "Parallel Aware": false,
          "Startup Cost": 69903.03,
          "Total Cost": 69903.34,
          "Plan Rows": 3,
          "Plan Width": 8,
          "Actual Startup Time": 166.468,
          "Actual Total Time": 182.717,
          "Actual Rows": 4,
          "Actual Loops": 1,
          "Workers Planned": 3,
          "Workers Launched": 3,
          "Single Copy": false,
          "Plans": [
            {
              "Node Type": "Aggregate",
              "Strategy": "Plain",
              "Partial Mode": "Partial",
              "Parent Relationship": "Outer",
              "Parallel Aware": false,
              "Startup Cost": 68903.03,
              "Total Cost": 68903.04,
              "Plan Rows": 1,
              "Plan Width": 8,
              "Actual Startup Time": 156.927,
              "Actual Total Time": 156.931,
              "Actual Rows": 1,
              "Actual Loops": 4,
              "Plans": [
                {
                  "Node Type": "Nested Loop",
                  "Parent Relationship": "Outer",
                  "Parallel Aware": false,
                  "Join Type": "Inner",
                  "Startup Cost": 34214.72,
                  "Total Cost": 68897.72,
                  "Plan Rows": 2121,
                  "Plan Width": 0,
                  "Actual Startup Time": 116.225,
                  "Actual Total Time": 156.608,
                  "Actual Rows": 2958,
                  "Actual Loops": 4,
                  "Inner Unique": true,
                  "Plans": [
                    {
                      "Node Type": "Hash Join",
                      "Parent Relationship": "Outer",
                      "Parallel Aware": true,
                      "Join Type": "Inner",
                      "Startup Cost": 34214.29,
                      "Total Cost": 60188.83,
                      "Plan Rows": 11041,
                      "Plan Width": 8,
                      "Actual Startup Time": 116.149,
                      "Actual Total Time": 135.203,
                      "Actual Rows": 2958,
                      "Actual Loops": 4,
                      "Inner Unique": false,
                      "Hash Cond": "(mk.movie_id = mc.movie_id)",
                      "Plans": [
                        {
                          "Node Type": "Bitmap Heap Scan",
                          "Parent Relationship": "Outer",
                          "Parallel Aware": true,
                          "Relation Name": "movie_keyword",
                          "Alias": "mk",
                          "Startup Cost": 672.69,
                          "Total Cost": 26560.77,
                          "Plan Rows": 10167,
                          "Plan Width": 4,
                          "Actual Startup Time": 4.326,
                          "Actual Total Time": 19.616,
                          "Actual Rows": 7360,
                          "Actual Loops": 4,
                          "Recheck Cond": "(keyword_id = 359)",
                          "Rows Removed by Index Recheck": 0,
                          "Exact Heap Blocks": 5949,
                          "Lossy Heap Blocks": 0,
                          "Plans": [
                            {
                              "Node Type": "Bitmap Index Scan",
                              "Parent Relationship": "Outer",
                              "Parallel Aware": false,
                              "Index Name": "keyword_id_movie_keyword",
                              "Startup Cost": 0.0,
                              "Total Cost": 664.81,
                              "Plan Rows": 31517,
                              "Plan Width": 0,
                              "Actual Startup Time": 2.572,
                              "Actual Total Time": 2.573,
                              "Actual Rows": 29440,
                              "Actual Loops": 1,
                              "Index Cond": "(keyword_id = 359)"
                            }
                          ]
                        },
                        {
                          "Node Type": "Hash",
                          "Parent Relationship": "Inner",
                          "Parallel Aware": true,
                          "Startup Cost": 31414.82,
                          "Total Cost": 31414.82,
                          "Plan Rows": 170143,
                          "Plan Width": 4,
                          "Actual Startup Time": 107.065,
                          "Actual Total Time": 107.065,
                          "Actual Rows": 79259,
                          "Actual Loops": 4,
                          "Hash Buckets": 1048576,
                          "Original Hash Buckets": 1048576,
                          "Hash Batches": 1,
                          "Original Hash Batches": 1,
                          "Peak Memory Usage": 20672,
                          "Plans": [
                            {
                              "Node Type": "Seq Scan",
                              "Parent Relationship": "Outer",
                              "Parallel Aware": true,
                              "Relation Name": "movie_companies",
                              "Alias": "mc",
                              "Startup Cost": 0.0,
                              "Total Cost": 31414.82,
                              "Plan Rows": 170143,
                              "Plan Width": 4,
                              "Actual Startup Time": 48.784,
                              "Actual Total Time": 79.474,
                              "Actual Rows": 79259,
                              "Actual Loops": 4,
                              "Filter": "((company_id < 5876) AND (company_type_id = 2))",
                              "Rows Removed by Filter": 573023
                            }
                          ]
                        }
                      ]
                    },
                    {
                      "Node Type": "Index Only Scan",
                      "Parent Relationship": "Inner",
                      "Parallel Aware": false,
                      "Scan Direction": "Forward",
                      "Index Name": "title_pkey",
                      "Relation Name": "title",
                      "Alias": "t",
                      "Startup Cost": 0.43,
                      "Total Cost": 0.79,
                      "Plan Rows": 1,
                      "Plan Width": 4,
                      "Actual Startup Time": 0.007,
                      "Actual Total Time": 0.007,
                      "Actual Rows": 1,
                      "Actual Loops": 11833,
                      "Index Cond": "(id = mc.movie_id)",
                      "Rows Removed by Index Recheck": 0,
                      "Heap Fetches": 11833
                    }
                  ]
                }
              ]
            }
          ]
        }
      ]
    },
    "Planning Time": 1.48,
    "Triggers": [],
    "Execution Time": 182.831
  }
]