{
  "Plan": {
    "Node Type": "Aggregate",
    "Strategy": "Plain",
    "Partial Mode": "Finalize",
    "Parallel Aware": false,
    "Startup Cost": 267857.62,
    "Total Cost": 267857.63,
    "Plan Rows": 1,
    "Plan Width": 8,
    "Actual Startup Time": 1118.81,
    "Actual Total Time": 1165.77,
    "Actual Rows": 1,
    "Actual Loops": 1,
    "Plans": [
      {
        "Node Type": "Gather",
        "Parent Relationship": "Outer",
        "Parallel Aware": false,
        "Startup Cost": 267857.5,
        "Total Cost": 267857.61,
        "Plan Rows": 1,
        "Plan Width": 8,
        "Actual Startup Time": 1117.294,
        "Actual Total Time": 1165.761,
        "Actual Rows": 2,
        "Actual Loops": 1,
        "Workers Planned": 1,
        "Workers Launched": 1,
        "Single Copy": false,
        "Plans": [
          {
            "Node Type": "Aggregate",
            "Strategy": "Plain",
            "Partial Mode": "Partial",
            "Parent Relationship": "Outer",
            "Parallel Aware": false,
            "Startup Cost": 266857.5,
            "Total Cost": 266857.51,
            "Plan Rows": 1,
            "Plan Width": 8,
            "Actual Startup Time": 1111.242,
            "Actual Total Time": 1111.246,
            "Actual Rows": 1,
            "Actual Loops": 2,
            "Plans": [
              {
                "Node Type": "Nested Loop",
                "Parent Relationship": "Outer",
                "Parallel Aware": false,
                "Join Type": "Inner",
                "Startup Cost": 68054.05,
                "Total Cost": 266065.05,
                "Plan Rows": 316982,
                "Plan Width": 0,
                "Actual Startup Time": 244.018,
                "Actual Total Time": 1059.772,
                "Actual Rows": 1211428,
                "Actual Loops": 2,
                "Inner Unique": false,
                "Plans": [
                  {
                    "Node Type": "Hash Join",
                    "Parent Relationship": "Outer",
                    "Parallel Aware": true,
                    "Join Type": "Inner",
                    "Startup Cost": 68053.61,
                    "Total Cost": 90783.15,
                    "Plan Rows": 54210,
                    "Plan Width": 8,
                    "Actual Startup Time": 243.941,
                    "Actual Total Time": 368.65,
                    "Actual Rows": 77781,
                    "Actual Loops": 2,
                    "Inner Unique": true,
                    "Hash Cond": "(mc.movie_id = t.id)",
                    "Plans": [
                      {
                        "Node Type": "Bitmap Heap Scan",
                        "Parent Relationship": "Outer",
                        "Parallel Aware": true,
                        "Relation Name": "movie_companies",
                        "Alias": "mc",
                        "Startup Cost": 9596.06,
                        "Total Cost": 31641.88,
                        "Plan Rows": 260465,
                        "Plan Width": 4,
                        "Actual Startup Time": 19.32,
                        "Actual Total Time": 63.747,
                        "Actual Rows": 219658,
                        "Actual Loops": 2,
                        "Recheck Cond": "(company_id < 329)",
                        "Rows Removed by Index Recheck": 0,
                        "Exact Heap Blocks": 10401,
                        "Lossy Heap Blocks": 0,
                        "Plans": [
                          {
                            "Node Type": "Bitmap Index Scan",
                            "Parent Relationship": "Outer",
                            "Parallel Aware": false,
                            "Index Name": "company_id_movie_companies",
                            "Startup Cost": 0.0,
                            "Total Cost": 9485.36,
                            "Plan Rows": 442791,
                            "Plan Width": 0,
                            "Actual Startup Time": 16.552,
                            "Actual Total Time": 16.552,
                            "Actual Rows": 439315,
                            "Actual Loops": 1,
                            "Index Cond": "(company_id < 329)"
                          }
                        ]
                      },
                      {
                        "Node Type": "Hash",
                        "Parent Relationship": "Inner",
                        "Parallel Aware": true,
                        "Startup Cost": 54588.39,
                        "Total Cost": 54588.39,
                        "Plan Rows": 309533,
                        "Plan Width": 4,
                        "Actual Startup Time": 215.888,
                        "Actual Total Time": 215.889,
                        "Actual Rows": 269095,
                        "Actual Loops": 2,
                        "Hash Buckets": 1048576,
                        "Original Hash Buckets": 1048576,
                        "Hash Batches": 1,
                        "Original Hash Batches": 1,
                        "Peak Memory Usage": 29280,
                        "Plans": [
                          {
                            "Node Type": "Seq Scan",
                            "Parent Relationship": "Outer",
                            "Parallel Aware": true,
                            "Relation Name": "title",
                            "Alias": "t",
                            "Startup Cost": 0.0,
                            "Total Cost": 54588.39,
                            "Plan Rows": 309533,
                            "Plan Width": 4,
                            "Actual Startup Time": 0.028,
                            "Actual Total Time": 141.567,
                            "Actual Rows": 269095,
                            "Actual Loops": 2,
                            "Filter": "(production_year < 1982)",
                            "Rows Removed by Filter": 995061
                          }
                        ]
                      }
                    ]
                  },
                  {
                    "Node Type": "Index Only Scan",
                    "Parent Relationship": "Inner",
                    "Parallel Aware": false,
                    "Scan Direction": "Forward",
                    "Index Name": "movie_id_movie_info",
                    "Relation Name": "movie_info",
                    "Alias": "mi",
                    "Startup Cost": 0.43,
                    "Total Cost": 2.81,
                    "Plan Rows": 42,
                    "Plan Width": 4,
                    "Actual Startup Time": 0.003,
                    "Actual Total Time": 0.008,
                    "Actual Rows": 16,
                    "Actual Loops": 155562,
                    "Index Cond": "(movie_id = t.id)",
                    "Rows Removed by Index Recheck": 0,
                    "Heap Fetches": 2422855
                  }
                ]
              }
            ]
          }
        ]
      }
    ]
  },
  "Planning Time": 0.621,
  "Triggers": [],
  "Execution Time": 1165.882
}