[
  {
    "Plan": {
      "Node Type": "Aggregate",
      "Strategy": "Plain",
      "Partial Mode": "Finalize",
      "Parallel Aware": false,
      "Startup Cost": 351037.42,
      "Total Cost": 351037.43,
      "Plan Rows": 1,
      "Plan Width": 8,
      "Actual Startup Time": 766.776,
      "Actual Total Time": 825.648,
      "Actual Rows": 1,
      "Actual Loops": 1,
      "Plans": [
        {
          "Node Type": "Gather",
          "Parent Relationship": "Outer",
          "Parallel Aware": false,
          "Startup Cost": 351036.8,
          "Total Cost": 351037.41,
          "Plan Rows": 6,
          "Plan Width": 8,
          "Actual Startup Time": 766.636,
          "Actual Total Time": 825.637,
          "Actual Rows": 7,
          "Actual Loops": 1,
          "Workers Planned": 6,
          "Workers Launched": 6,
          "Single Copy": false,
          "Plans": [
            {
              "Node Type": "Aggregate",
              "Strategy": "Plain",
              "Partial Mode": "Partial",
              "Parent Relationship": "Outer",
              "Parallel Aware": false,
              "Startup Cost": 350036.8,
              "Total Cost": 350036.81,
              "Plan Rows": 1,
              "Plan Width": 8,
              "Actual Startup Time": 758.145,
              "Actual Total Time": 758.146,
              "Actual Rows": 1,
              "Actual Loops": 7,
              "Plans": [
                {
                  "Node Type": "Seq Scan",
                  "Parent Relationship": "Outer",
                  "Parallel Aware": true,
                  "Relation Name": "cast_info",
                  "Alias": "ci",
                  "Startup Cost": 0.0,
                  "Total Cost": 343257.03,
                  "Plan Rows": 2711908,
                  "Plan Width": 0,
                  "Actual Startup Time": 231.181,
                  "Actual Total Time": 678.496,
                  "Actual Rows": 1748369,
                  "Actual Loops": 7,
                  "Filter": "((person_id < 2566337) AND (role_id > 1))",
                  "Rows Removed by Filter": 3429395
                }
              ]
            }
          ]
        }
      ]
    },
    "Planning Time": 0.233,
    "Triggers": [],
    "Execution Time": 825.726
  }
]