[
  {
    "Plan": {
      "Node Type": "Aggregate",
      "Strategy": "Plain",
      "Partial Mode": "Finalize",
      "Parallel Aware": false,
      "Startup Cost": 250919.51,
      "Total Cost": 250919.52,
      "Plan Rows": 1,
      "Plan Width": 8,
      "Actual Startup Time": 886.754,
      "Actual Total Time": 938.234,
      "Actual Rows": 1,
      "Actual Loops": 1,
      "Plans": [
        {
          "Node Type": "Gather",
          "Parent Relationship": "Outer",
          "Parallel Aware": false,
          "Startup Cost": 250918.99,
          "Total Cost": 250919.5,
          "Plan Rows": 5,
          "Plan Width": 8,
          "Actual Startup Time": 885.042,
          "Actual Total Time": 938.206,
          "Actual Rows": 6,
          "Actual Loops": 1,
          "Workers Planned": 5,
          "Workers Launched": 5,
          "Single Copy": false,
          "Plans": [
            {
              "Node Type": "Aggregate",
              "Strategy": "Plain",
              "Partial Mode": "Partial",
              "Parent Relationship": "Outer",
              "Parallel Aware": false,
              "Startup Cost": 249918.99,
              "Total Cost": 249919.0,
              "Plan Rows": 1,
              "Plan Width": 8,
              "Actual Startup Time": 878.193,
              "Actual Total Time": 878.251,
              "Actual Rows": 1,
              "Actual Loops": 6,
              "Plans": [
                {
                  "Node Type": "Hash Join",
                  "Parent Relationship": "Outer",
                  "Parallel Aware": true,
                  "Join Type": "Inner",
                  "Startup Cost": 45657.06,
                  "Total Cost": 249811.05,
                  "Plan Rows": 43174,
                  "Plan Width": 0,
                  "Actual Startup Time": 130.853,
                  "Actual Total Time": 860.191,
                  "Actual Rows": 294056,
                  "Actual Loops": 6,
                  "Inner Unique": true,
                  "Hash Cond": "(mi.movie_id = t.id)",
                  "Plans": [
                    {
                      "Node Type": "Seq Scan",
                      "Parent Relationship": "Outer",
                      "Parallel Aware": true,
                      "Relation Name": "movie_info",
                      "Alias": "mi",
                      "Startup Cost": 0.0,
                      "Total Cost": 199108.24,
                      "Plan Rows": 1922185,
                      "Plan Width": 4,
                      "Actual Startup Time": 0.041,
                      "Actual Total Time": 460.536,
                      "Actual Rows": 1594192,
                      "Actual Loops": 6,
                      "Filter": "(info_type_id < 16)",
                      "Rows Removed by Filter": 878428
                    },
                    {
                      "Node Type": "Hash",
                      "Parent Relationship": "Inner",
                      "Parallel Aware": true,
                      "Startup Cost": 45479.59,
                      "Total Cost": 45479.59,
                      "Plan Rows": 14198,
                      "Plan Width": 4,
                      "Actual Startup Time": 115.649,
                      "Actual Total Time": 115.65,
                      "Actual Rows": 31035,
                      "Actual Loops": 6,
                      "Hash Buckets": 262144,
                      "Original Hash Buckets": 65536,
                      "Hash Batches": 1,
                      "Original Hash Batches": 1,
                      "Peak Memory Usage": 10944,
                      "Plans": [
                        {
                          "Node Type": "Seq Scan",
                          "Parent Relationship": "Outer",
                          "Parallel Aware": true,
                          "Relation Name": "title",
                          "Alias": "t",
                          "Startup Cost": 0.0,
                          "Total Cost": 45479.59,
                          "Plan Rows": 14198,
                          "Plan Width": 4,
                          "Actual Startup Time": 56.665,
                          "Actual Total Time": 93.747,
                          "Actual Rows": 31035,
                          "Actual Loops": 6,
                          "Filter": "((production_year < 1959) AND (kind_id = 1))",
                          "Rows Removed by Filter": 390350
                        }
                      ]
                    }
                  ]
                }
              ]
            }
          ]
        }
      ]
    },
    "Planning Time": 0.761,
    "Triggers": [],
    "Execution Time": 938.324
  }
]