[
  {
    "Plan": {
      "Node Type": "Aggregate",
      "Strategy": "Plain",
      "Partial Mode": "Finalize",
      "Parallel Aware": false,
      "Startup Cost": 44645.51,
      "Total Cost": 44645.52,
      "Plan Rows": 1,
      "Plan Width": 8,
      "Actual Startup Time": 147.193,
      "Actual Total Time": 159.776,
      "Actual Rows": 1,
      "Actual Loops": 1,
      "Plans": [
        {
          "Node Type": "Gather",
          "Parent Relationship": "Outer",
          "Parallel Aware": false,
          "Startup Cost": 44645.19,
          "Total Cost": 44645.5,
          "Plan Rows": 3,
          "Plan Width": 8,
          "Actual Startup Time": 147.006,
          "Actual Total Time": 159.766,
          "Actual Rows": 4,
          "Actual Loops": 1,
          "Workers Planned": 3,
          "Workers Launched": 3,
          "Single Copy": false,
          "Plans": [
            {
              "Node Type": "Aggregate",
              "Strategy": "Plain",
              "Partial Mode": "Partial",
              "Parent Relationship": "Outer",
              "Parallel Aware": false,
              "Startup Cost": 43645.19,
              "Total Cost": 43645.2,
              "Plan Rows": 1,
              "Plan Width": 8,
              "Actual Startup Time": 141.217,
              "Actual Total Time": 141.218,
              "Actual Rows": 1,
              "Actual Loops": 4,
              "Plans": [
                {
                  "Node Type": "Seq Scan",
                  "Parent Relationship": "Outer",
                  "Parallel Aware": true,
                  "Relation Name": "movie_keyword",
                  "Alias": "mk",
                  "Startup Cost": 0.0,
                  "Total Cost": 42695.65,
                  "Plan Rows": 379816,
                  "Plan Width": 0,
                  "Actual Startup Time": 0.052,
                  "Actual Total Time": 123.455,
                  "Actual Rows": 294985,
                  "Actual Loops": 4,
                  "Filter": "(keyword_id < 1398)",
                  "Rows Removed by Filter": 835997
                }
              ]
            }
          ]
        }
      ]
    },
    "Planning Time": 0.142,
    "Triggers": [],
    "Execution Time": 159.827
  }
]