{
  "Plan": {
    "Node Type": "Aggregate",
    "Strategy": "Plain",
    "Partial Mode": "Finalize",
    "Parallel Aware": false,
    "Startup Cost": 1217817.8,
    "Total Cost": 1217817.81,
    "Plan Rows": 1,
    "Plan Width": 8,
    "Actual Startup Time": 9831.273,
    "Actual Total Time": 9831.357,
    "Actual Rows": 1,
    "Actual Loops": 1,
    "Plans": [
      {
        "Node Type": "Gather",
        "Parent Relationship": "Outer",
        "Parallel Aware": false,
        "Startup Cost": 1217817.69,
        "Total Cost": 1217817.8,
        "Plan Rows": 1,
        "Plan Width": 8,
        "Actual Startup Time": 9831.256,
        "Actual Total Time": 9831.35,
        "Actual Rows": 2,
        "Actual Loops": 1,
        "Workers Planned": 1,
        "Workers Launched": 1,
        "Single Copy": false,
        "Plans": [
          {
            "Node Type": "Aggregate",
            "Strategy": "Plain",
            "Partial Mode": "Partial",
            "Parent Relationship": "Outer",
            "Parallel Aware": false,
            "Startup Cost": 1216817.69,
            "Total Cost": 1216817.7,
            "Plan Rows": 1,
            "Plan Width": 8,
            "Actual Startup Time": 9758.563,
            "Actual Total Time": 9758.569,
            "Actual Rows": 1,
            "Actual Loops": 2,
            "Plans": [
              {
                "Node Type": "Merge Join",
                "Parent Relationship": "Outer",
                "Parallel Aware": false,
                "Join Type": "Inner",
                "Startup Cost": 1152639.67,
                "Total Cost": 1210010.39,
                "Plan Rows": 2722919,
                "Plan Width": 0,
                "Actual Startup Time": 4885.118,
                "Actual Total Time": 8927.184,
                "Actual Rows": 22012002,
                "Actual Loops": 2,
                "Inner Unique": false,
                "Merge Cond": "(ci.movie_id = t.id)",
                "Plans": [
                  {
                    "Node Type": "Sort",
                    "Parent Relationship": "Outer",
                    "Parallel Aware": false,
                    "Startup Cost": 759121.37,
                    "Total Cost": 767389.81,
                    "Plan Rows": 3307378,
                    "Plan Width": 4,
                    "Actual Startup Time": 2754.751,
                    "Actual Total Time": 3668.502,
                    "Actual Rows": 5886874,
                    "Actual Loops": 2,
                    "Sort Key": [
                      "ci.movie_id"
                    ],
                    "Sort Method": "quicksort",
                    "Sort Space Used": 480024,
                    "Sort Space Type": "Memory",
                    "Workers": [
                      {
                        "Worker Number": 0,
                        "Sort Method": "quicksort",
                        "Sort Space Used": 465087,
                        "Sort Space Type": "Memory"
                      }
                    ],
                    "Plans": [
                      {
                        "Node Type": "Index Scan",
                        "Parent Relationship": "Outer",
                        "Parallel Aware": true,
                        "Scan Direction": "Forward",
                        "Index Name": "role_id_cast_info",
                        "Relation Name": "cast_info",
                        "Alias": "ci",
                        "Startup Cost": 0.56,
                        "Total Cost": 400977.7,
                        "Plan Rows": 3307378,
                        "Plan Width": 4,
                        "Actual Startup Time": 0.196,
                        "Actual Total Time": 1232.608,
                        "Actual Rows": 5886874,
                        "Actual Loops": 2,
                        "Index Cond": "(role_id < 2)",
                        "Rows Removed by Index Recheck": 0,
                        "Filter": "(person_id < 1617206)",
                        "Rows Removed by Filter": 448470
                      }
                    ]
                  },
                  {
                    "Node Type": "Sort",
                    "Parent Relationship": "Inner",
                    "Parallel Aware": false,
                    "Startup Cost": 393517.95,
                    "Total Cost": 398721.73,
                    "Plan Rows": 2081509,
                    "Plan Width": 8,
                    "Actual Startup Time": 2130.308,
                    "Actual Total Time": 2894.634,
                    "Actual Rows": 22396502,
                    "Actual Loops": 2,
                    "Sort Key": [
                      "mk.movie_id"
                    ],
                    "Sort Method": "quicksort",
                    "Sort Space Used": 226133,
                    "Sort Space Type": "Memory",
                    "Workers": [
                      {
                        "Worker Number": 0,
                        "Sort Method": "quicksort",
                        "Sort Space Used": 226133,
                        "Sort Space Type": "Memory"
                      }
                    ],
                    "Plans": [
                      {
                        "Node Type": "Hash Join",
                        "Parent Relationship": "Outer",
                        "Parallel Aware": false,
                        "Join Type": "Inner",
                        "Startup Cost": 82399.16,
                        "Total Cost": 175071.93,
                        "Plan Rows": 2081509,
                        "Plan Width": 8,
                        "Actual Startup Time": 586.966,
                        "Actual Total Time": 1590.158,
                        "Actual Rows": 2727015,
                        "Actual Loops": 2,
                        "Inner Unique": true,
                        "Hash Cond": "(mk.movie_id = t.id)",
                        "Plans": [
                          {
                            "Node Type": "Seq Scan",
                            "Parent Relationship": "Outer",
                            "Parallel Aware": false,
                            "Relation Name": "movie_keyword",
                            "Alias": "mk",
                            "Startup Cost": 0.0,
                            "Total Cost": 81003.12,
                            "Plan Rows": 4445569,
                            "Plan Width": 4,
                            "Actual Startup Time": 0.055,
                            "Actual Total Time": 425.653,
                            "Actual Rows": 4446663,
                            "Actual Loops": 2,
                            "Filter": "(keyword_id < 88660)",
                            "Rows Removed by Filter": 77267
                          },
                          {
                            "Node Type": "Hash",
                            "Parent Relationship": "Inner",
                            "Parallel Aware": false,
                            "Startup Cost": 67601.66,
                            "Total Cost": 67601.66,
                            "Plan Rows": 1183800,
                            "Plan Width": 4,
                            "Actual Startup Time": 578.456,
                            "Actual Total Time": 578.458,
                            "Actual Rows": 1195923,
                            "Actual Loops": 2,
                            "Hash Buckets": 2097152,
                            "Original Hash Buckets": 2097152,
                            "Hash Batches": 1,
                            "Original Hash Batches": 1,
                            "Peak Memory Usage": 58429,
                            "Plans": [
                              {
                                "Node Type": "Seq Scan",
                                "Parent Relationship": "Outer",
                                "Parallel Aware": false,
                                "Relation Name": "title",
                                "Alias": "t",
                                "Startup Cost": 0.0,
                                "Total Cost": 67601.66,
                                "Plan Rows": 1183800,
                                "Plan Width": 4,
                                "Actual Startup Time": 0.037,
                                "Actual Total Time": 278.713,
                                "Actual Rows": 1195923,
                                "Actual Loops": 2,
                                "Filter": "(production_year < 2003)",
                                "Rows Removed by Filter": 1332389
                              }
                            ]
                          }
                        ]
                      }
                    ]
                  }
                ]
              }
            ]
          }
        ]
      }
    ]
  },
  "Planning Time": 1.157,
  "Triggers": [],
  "Execution Time": 9863.629
}