[
  {
    "Plan": {
      "Node Type": "Aggregate",
      "Strategy": "Plain",
      "Partial Mode": "Finalize",
      "Parallel Aware": false,
      "Startup Cost": 378812.07,
      "Total Cost": 378812.08,
      "Plan Rows": 1,
      "Plan Width": 8,
      "Actual Startup Time": 239.842,
      "Actual Total Time": 275.055,
      "Actual Rows": 1,
      "Actual Loops": 1,
      "Plans": [
        {
          "Node Type": "Gather",
          "Parent Relationship": "Outer",
          "Parallel Aware": false,
          "Startup Cost": 378811.65,
          "Total Cost": 378812.06,
          "Plan Rows": 4,
          "Plan Width": 8,
          "Actual Startup Time": 239.635,
          "Actual Total Time": 275.046,
          "Actual Rows": 5,
          "Actual Loops": 1,
          "Workers Planned": 4,
          "Workers Launched": 4,
          "Single Copy": false,
          "Plans": [
            {
              "Node Type": "Aggregate",
              "Strategy": "Plain",
              "Partial Mode": "Partial",
              "Parent Relationship": "Outer",
              "Parallel Aware": false,
              "Startup Cost": 377811.65,
              "Total Cost": 377811.66,
              "Plan Rows": 1,
              "Plan Width": 8,
              "Actual Startup Time": 232.669,
              "Actual Total Time": 232.671,
              "Actual Rows": 1,
              "Actual Loops": 5,
              "Plans": [
                {
                  "Node Type": "Nested Loop",
                  "Parent Relationship": "Outer",
                  "Parallel Aware": false,
                  "Join Type": "Inner",
                  "Startup Cost": 0.56,
                  "Total Cost": 377503.14,
                  "Plan Rows": 123403,
                  "Plan Width": 0,
                  "Actual Startup Time": 46.396,
                  "Actual Total Time": 230.904,
                  "Actual Rows": 23410,
                  "Actual Loops": 5,
                  "Inner Unique": false,
                  "Plans": [
                    {
                      "Node Type": "Seq Scan",
                      "Parent Relationship": "Outer",
                      "Parallel Aware": true,
                      "Relation Name": "title",
                      "Alias": "t",
                      "Startup Cost": 0.0,
                      "Total Cost": 43899.32,
                      "Plan Rows": 17278,
                      "Plan Width": 4,
                      "Actual Startup Time": 46.243,
                      "Actual Total Time": 75.131,
                      "Actual Rows": 14670,
                      "Actual Loops": 5,
                      "Filter": "(production_year < 1917)",
                      "Rows Removed by Filter": 490992
                    },
                    {
                      "Node Type": "Index Scan",
                      "Parent Relationship": "Inner",
                      "Parallel Aware": false,
                      "Scan Direction": "Forward",
                      "Index Name": "movie_id_cast_info",
                      "Relation Name": "cast_info",
                      "Alias": "ci",
                      "Startup Cost": 0.56,
                      "Total Cost": 19.14,
                      "Plan Rows": 17,
                      "Plan Width": 4,
                      "Actual Startup Time": 0.008,
                      "Actual Total Time": 0.01,
                      "Actual Rows": 2,
                      "Actual Loops": 73352,
                      "Index Cond": "(movie_id = t.id)",
                      "Rows Removed by Index Recheck": 0,
                      "Filter": "((person_id > 837965) AND (role_id > 1))",
                      "Rows Removed by Filter": 2
                    }
                  ]
                }
              ]
            }
          ]
        }
      ]
    },
    "Planning Time": 0.279,
    "Triggers": [],
    "Execution Time": 275.105
  }
]