[
  {
    "Plan": {
      "Node Type": "Aggregate",
      "Strategy": "Plain",
      "Partial Mode": "Finalize",
      "Parallel Aware": false,
      "Startup Cost": 30741.84,
      "Total Cost": 30741.85,
      "Plan Rows": 1,
      "Plan Width": 8,
      "Actual Startup Time": 73.391,
      "Actual Total Time": 81.351,
      "Actual Rows": 1,
      "Actual Loops": 1,
      "Plans": [
        {
          "Node Type": "Gather",
          "Parent Relationship": "Outer",
          "Parallel Aware": false,
          "Startup Cost": 30741.53,
          "Total Cost": 30741.84,
          "Plan Rows": 3,
          "Plan Width": 8,
          "Actual Startup Time": 73.21,
          "Actual Total Time": 81.34,
          "Actual Rows": 4,
          "Actual Loops": 1,
          "Workers Planned": 3,
          "Workers Launched": 3,
          "Single Copy": false,
          "Plans": [
            {
              "Node Type": "Aggregate",
              "Strategy": "Plain",
              "Partial Mode": "Partial",
              "Parent Relationship": "Outer",
              "Parallel Aware": false,
              "Startup Cost": 29741.53,
              "Total Cost": 29741.54,
              "Plan Rows": 1,
              "Plan Width": 8,
              "Actual Startup Time": 69.874,
              "Actual Total Time": 69.875,
              "Actual Rows": 1,
              "Actual Loops": 4,
              "Plans": [
                {
                  "Node Type": "Seq Scan",
                  "Parent Relationship": "Outer",
                  "Parallel Aware": true,
                  "Relation Name": "movie_companies",
                  "Alias": "mc",
                  "Startup Cost": 0.0,
                  "Total Cost": 29310.68,
                  "Plan Rows": 172338,
                  "Plan Width": 0,
                  "Actual Startup Time": 33.396,
                  "Actual Total Time": 64.052,
                  "Actual Rows": 133293,
                  "Actual Loops": 4,
                  "Filter": "(company_id > 72596)",
                  "Rows Removed by Filter": 518989
                }
              ]
            }
          ]
        }
      ]
    },
    "Planning Time": 0.092,
    "Triggers": [],
    "Execution Time": 81.382
  }
]