[
  {
    "Plan": {
      "Node Type": "Aggregate",
      "Strategy": "Plain",
      "Partial Mode": "Finalize",
      "Parallel Aware": false,
      "Startup Cost": 442204.37,
      "Total Cost": 442204.38,
      "Plan Rows": 1,
      "Plan Width": 8,
      "Actual Startup Time": 1745.391,
      "Actual Total Time": 1820.67,
      "Actual Rows": 1,
      "Actual Loops": 1,
      "Plans": [
        {
          "Node Type": "Gather",
          "Parent Relationship": "Outer",
          "Parallel Aware": false,
          "Startup Cost": 442203.75,
          "Total Cost": 442204.36,
          "Plan Rows": 6,
          "Plan Width": 8,
          "Actual Startup Time": 1729.018,
          "Actual Total Time": 1820.64,
          "Actual Rows": 7,
          "Actual Loops": 1,
          "Workers Planned": 6,
          "Workers Launched": 6,
          "Single Copy": false,
          "Plans": [
            {
              "Node Type": "Aggregate",
              "Strategy": "Plain",
              "Partial Mode": "Partial",
              "Parent Relationship": "Outer",
              "Parallel Aware": false,
              "Startup Cost": 441203.75,
              "Total Cost": 441203.76,
              "Plan Rows": 1,
              "Plan Width": 8,
              "Actual Startup Time": 1718.942,
              "Actual Total Time": 1719.174,
              "Actual Rows": 1,
              "Actual Loops": 7,
              "Plans": [
                {
                  "Node Type": "Hash Join",
                  "Parent Relationship": "Outer",
                  "Parallel Aware": true,
                  "Join Type": "Inner",
                  "Startup Cost": 92864.19,
                  "Total Cost": 440636.17,
                  "Plan Rows": 227031,
                  "Plan Width": 0,
                  "Actual Startup Time": 419.099,
                  "Actual Total Time": 1594.577,
                  "Actual Rows": 2493493,
                  "Actual Loops": 7,
                  "Inner Unique": false,
                  "Hash Cond": "(ci.movie_id = t.id)",
                  "Plans": [
                    {
                      "Node Type": "Seq Scan",
                      "Parent Relationship": "Outer",
                      "Parallel Aware": true,
                      "Relation Name": "cast_info",
                      "Alias": "ci",
                      "Startup Cost": 0.0,
                      "Total Cost": 343316.27,
                      "Plan Rows": 992892,
                      "Plan Width": 4,
                      "Actual Startup Time": 0.043,
                      "Actual Total Time": 710.666,
                      "Actual Rows": 1024141,
                      "Actual Loops": 7,
                      "Filter": "((person_id < 883585) AND (role_id < 4))",
                      "Rows Removed by Filter": 4153622
                    },
                    {
                      "Node Type": "Hash",
                      "Parent Relationship": "Inner",
                      "Parallel Aware": true,
                      "Startup Cost": 90532.98,
                      "Total Cost": 90532.98,
                      "Plan Rows": 186497,
                      "Plan Width": 8,
                      "Actual Startup Time": 415.583,
                      "Actual Total Time": 415.812,
                      "Actual Rows": 200903,
                      "Actual Loops": 7,
                      "Hash Buckets": 2097152,
                      "Original Hash Buckets": 1048576,
                      "Hash Batches": 1,
                      "Original Hash Batches": 1,
                      "Peak Memory Usage": 79680,
                      "Plans": [
                        {
                          "Node Type": "Hash Join",
                          "Parent Relationship": "Outer",
                          "Parallel Aware": true,
                          "Join Type": "Inner",
                          "Startup Cost": 45962.36,
                          "Total Cost": 90532.98,
                          "Plan Rows": 186497,
                          "Plan Width": 8,
                          "Actual Startup Time": 166.391,
                          "Actual Total Time": 294.31,
                          "Actual Rows": 200903,
                          "Actual Loops": 7,
                          "Inner Unique": true,
                          "Hash Cond": "(mk.movie_id = t.id)",
                          "Plans": [
                            {
                              "Node Type": "Seq Scan",
                              "Parent Relationship": "Outer",
                              "Parallel Aware": true,
                              "Relation Name": "movie_keyword",
                              "Alias": "mk",
                              "Startup Cost": 0.0,
                              "Total Cost": 42695.65,
                              "Plan Rows": 714274,
                              "Plan Width": 4,
                              "Actual Startup Time": 0.28,
                              "Actual Total Time": 88.489,
                              "Actual Rows": 314706,
                              "Actual Loops": 7,
                              "Filter": "(keyword_id > 5063)",
                              "Rows Removed by Filter": 331569
                            },
                            {
                              "Node Type": "Hash",
                              "Parent Relationship": "Inner",
                              "Parallel Aware": true,
                              "Startup Cost": 43899.32,
                              "Total Cost": 43899.32,
                              "Plan Rows": 165043,
                              "Plan Width": 4,
                              "Actual Startup Time": 140.971,
                              "Actual Total Time": 140.973,
                              "Actual Rows": 94689,
                              "Actual Loops": 7,
                              "Hash Buckets": 1048576,
                              "Original Hash Buckets": 1048576,
                              "Hash Batches": 1,
                              "Original Hash Batches": 1,
                              "Peak Memory Usage": 34208,
                              "Plans": [
                                {
                                  "Node Type": "Seq Scan",
                                  "Parent Relationship": "Outer",
                                  "Parallel Aware": true,
                                  "Relation Name": "title",
                                  "Alias": "t",
                                  "Startup Cost": 0.0,
                                  "Total Cost": 43899.32,
                                  "Plan Rows": 165043,
                                  "Plan Width": 4,
                                  "Actual Startup Time": 46.371,
                                  "Actual Total Time": 86.972,
                                  "Actual Rows": 94689,
                                  "Actual Loops": 7,
                                  "Filter": "(kind_id = 1)",
                                  "Rows Removed by Filter": 266498
                                }
                              ]
                            }
                          ]
                        }
                      ]
                    }
                  ]
                }
              ]
            }
          ]
        }
      ]
    },
    "Planning Time": 1.43,
    "Triggers": [],
    "Execution Time": 1820.776
  }
]