[
  {
    "Plan": {
      "Node Type": "Aggregate",
      "Strategy": "Plain",
      "Partial Mode": "Finalize",
      "Parallel Aware": false,
      "Startup Cost": 77552.35,
      "Total Cost": 77552.36,
      "Plan Rows": 1,
      "Plan Width": 8,
      "Actual Startup Time": 244.748,
      "Actual Total Time": 260.836,
      "Actual Rows": 1,
      "Actual Loops": 1,
      "Plans": [
        {
          "Node Type": "Gather",
          "Parent Relationship": "Outer",
          "Parallel Aware": false,
          "Startup Cost": 77551.93,
          "Total Cost": 77552.34,
          "Plan Rows": 4,
          "Plan Width": 8,
          "Actual Startup Time": 241.426,
          "Actual Total Time": 260.821,
          "Actual Rows": 5,
          "Actual Loops": 1,
          "Workers Planned": 4,
          "Workers Launched": 4,
          "Single Copy": false,
          "Plans": [
            {
              "Node Type": "Aggregate",
              "Strategy": "Plain",
              "Partial Mode": "Partial",
              "Parent Relationship": "Outer",
              "Parallel Aware": false,
              "Startup Cost": 76551.93,
              "Total Cost": 76551.94,
              "Plan Rows": 1,
              "Plan Width": 8,
              "Actual Startup Time": 232.054,
              "Actual Total Time": 232.057,
              "Actual Rows": 1,
              "Actual Loops": 5,
              "Plans": [
                {
                  "Node Type": "Hash Join",
                  "Parent Relationship": "Outer",
                  "Parallel Aware": true,
                  "Join Type": "Inner",
                  "Startup Cost": 31156.74,
                  "Total Cost": 76439.72,
                  "Plan Rows": 44882,
                  "Plan Width": 0,
                  "Actual Startup Time": 106.645,
                  "Actual Total Time": 228.771,
                  "Actual Rows": 76441,
                  "Actual Loops": 5,
                  "Inner Unique": false,
                  "Hash Cond": "(t.id = mc.movie_id)",
                  "Plans": [
                    {
                      "Node Type": "Seq Scan",
                      "Parent Relationship": "Outer",
                      "Parallel Aware": true,
                      "Relation Name": "title",
                      "Alias": "t",
                      "Startup Cost": 0.0,
                      "Total Cost": 43898.92,
                      "Plan Rows": 247857,
                      "Plan Width": 4,
                      "Actual Startup Time": 0.012,
                      "Actual Total Time": 70.545,
                      "Actual Rows": 197010,
                      "Actual Loops": 5,
                      "Filter": "(kind_id < 7)",
                      "Rows Removed by Filter": 308653
                    },
                    {
                      "Node Type": "Hash",
                      "Parent Relationship": "Inner",
                      "Parallel Aware": true,
                      "Startup Cost": 29310.68,
                      "Total Cost": 29310.68,
                      "Plan Rows": 147685,
                      "Plan Width": 4,
                      "Actual Startup Time": 96.872,
                      "Actual Total Time": 96.873,
                      "Actual Rows": 93201,
                      "Actual Loops": 5,
                      "Hash Buckets": 524288,
                      "Original Hash Buckets": 524288,
                      "Hash Batches": 1,
                      "Original Hash Batches": 1,
                      "Peak Memory Usage": 22432,
                      "Plans": [
                        {
                          "Node Type": "Seq Scan",
                          "Parent Relationship": "Outer",
                          "Parallel Aware": true,
                          "Relation Name": "movie_companies",
                          "Alias": "mc",
                          "Startup Cost": 0.0,
                          "Total Cost": 29310.68,
                          "Plan Rows": 147685,
                          "Plan Width": 4,
                          "Actual Startup Time": 42.809,
                          "Actual Total Time": 67.723,
                          "Actual Rows": 93201,
                          "Actual Loops": 5,
                          "Filter": "(company_id > 76288)",
                          "Rows Removed by Filter": 428625
                        }
                      ]
                    }
                  ]
                }
              ]
            }
          ]
        }
      ]
    },
    "Planning Time": 0.632,
    "Triggers": [],
    "Execution Time": 260.903
  }
]