[
  {
    "Plan": {
      "Node Type": "Aggregate",
      "Strategy": "Plain",
      "Partial Mode": "Finalize",
      "Parallel Aware": false,
      "Startup Cost": 46007.16,
      "Total Cost": 46007.17,
      "Plan Rows": 1,
      "Plan Width": 8,
      "Actual Startup Time": 153.476,
      "Actual Total Time": 168.674,
      "Actual Rows": 1,
      "Actual Loops": 1,
      "Plans": [
        {
          "Node Type": "Gather",
          "Parent Relationship": "Outer",
          "Parallel Aware": false,
          "Startup Cost": 46006.84,
          "Total Cost": 46007.15,
          "Plan Rows": 3,
          "Plan Width": 8,
          "Actual Startup Time": 153.286,
          "Actual Total Time": 168.665,
          "Actual Rows": 4,
          "Actual Loops": 1,
          "Workers Planned": 3,
          "Workers Launched": 3,
          "Single Copy": false,
          "Plans": [
            {
              "Node Type": "Aggregate",
              "Strategy": "Plain",
              "Partial Mode": "Partial",
              "Parent Relationship": "Outer",
              "Parallel Aware": false,
              "Startup Cost": 45006.84,
              "Total Cost": 45006.85,
              "Plan Rows": 1,
              "Plan Width": 8,
              "Actual Startup Time": 148.21,
              "Actual Total Time": 148.212,
              "Actual Rows": 1,
              "Actual Loops": 4,
              "Plans": [
                {
                  "Node Type": "Seq Scan",
                  "Parent Relationship": "Outer",
                  "Parallel Aware": true,
                  "Relation Name": "movie_keyword",
                  "Alias": "mk",
                  "Startup Cost": 0.0,
                  "Total Cost": 42695.65,
                  "Plan Rows": 924475,
                  "Plan Width": 0,
                  "Actual Startup Time": 0.036,
                  "Actual Total Time": 116.546,
                  "Actual Rows": 720084,
                  "Actual Loops": 4,
                  "Filter": "(keyword_id < 8975)",
                  "Rows Removed by Filter": 410899
                }
              ]
            }
          ]
        }
      ]
    },
    "Planning Time": 0.109,
    "Triggers": [],
    "Execution Time": 168.71
  }
]