{
  "Plan": {
    "Node Type": "Aggregate",
    "Strategy": "Plain",
    "Partial Mode": "Finalize",
    "Parallel Aware": false,
    "Startup Cost": 101007.42,
    "Total Cost": 101007.43,
    "Plan Rows": 1,
    "Plan Width": 8,
    "Actual Startup Time": 329.316,
    "Actual Total Time": 341.173,
    "Actual Rows": 1,
    "Actual Loops": 1,
    "Plans": [
      {
        "Node Type": "Gather",
        "Parent Relationship": "Outer",
        "Parallel Aware": false,
        "Startup Cost": 101007.31,
        "Total Cost": 101007.42,
        "Plan Rows": 1,
        "Plan Width": 8,
        "Actual Startup Time": 328.724,
        "Actual Total Time": 341.167,
        "Actual Rows": 2,
        "Actual Loops": 1,
        "Workers Planned": 1,
        "Workers Launched": 1,
        "Single Copy": false,
        "Plans": [
          {
            "Node Type": "Aggregate",
            "Strategy": "Plain",
            "Partial Mode": "Partial",
            "Parent Relationship": "Outer",
            "Parallel Aware": false,
            "Startup Cost": 100007.31,
            "Total Cost": 100007.32,
            "Plan Rows": 1,
            "Plan Width": 8,
            "Actual Startup Time": 326.26,
            "Actual Total Time": 326.264,
            "Actual Rows": 1,
            "Actual Loops": 2,
            "Plans": [
              {
                "Node Type": "Hash Join",
                "Parent Relationship": "Outer",
                "Parallel Aware": true,
                "Join Type": "Inner",
                "Startup Cost": 56278.44,
                "Total Cost": 99854.55,
                "Plan Rows": 61105,
                "Plan Width": 0,
                "Actual Startup Time": 201.028,
                "Actual Total Time": 324.7,
                "Actual Rows": 35838,
                "Actual Loops": 2,
                "Inner Unique": true,
                "Hash Cond": "(mc.movie_id = t.id)",
                "Plans": [
                  {
                    "Node Type": "Seq Scan",
                    "Parent Relationship": "Outer",
                    "Parallel Aware": true,
                    "Relation Name": "movie_companies",
                    "Alias": "mc",
                    "Startup Cost": 0.0,
                    "Total Cost": 41811.73,
                    "Plan Rows": 672145,
                    "Plan Width": 4,
                    "Actual Startup Time": 48.14,
                    "Actual Total Time": 110.332,
                    "Actual Rows": 487356,
                    "Actual Loops": 2,
                    "Filter": "((company_id < 86981) AND (company_type_id = 2))",
                    "Rows Removed by Filter": 817209
                  },
                  {
                    "Node Type": "Hash",
                    "Parent Relationship": "Inner",
                    "Parallel Aware": true,
                    "Startup Cost": 54588.39,
                    "Total Cost": 54588.39,
                    "Plan Rows": 135204,
                    "Plan Width": 4,
                    "Actual Startup Time": 150.897,
                    "Actual Total Time": 150.897,
                    "Actual Rows": 115824,
                    "Actual Loops": 2,
                    "Hash Buckets": 262144,
                    "Original Hash Buckets": 262144,
                    "Hash Batches": 1,
                    "Original Hash Batches": 1,
                    "Peak Memory Usage": 11136,
                    "Plans": [
                      {
                        "Node Type": "Seq Scan",
                        "Parent Relationship": "Outer",
                        "Parallel Aware": true,
                        "Relation Name": "title",
                        "Alias": "t",
                        "Startup Cost": 0.0,
                        "Total Cost": 54588.39,
                        "Plan Rows": 135204,
                        "Plan Width": 4,
                        "Actual Startup Time": 0.017,
                        "Actual Total Time": 124.888,
                        "Actual Rows": 115824,
                        "Actual Loops": 2,
                        "Filter": "(production_year > 2011)",
                        "Rows Removed by Filter": 1148332
                      }
                    ]
                  }
                ]
              }
            ]
          }
        ]
      }
    ]
  },
  "Planning Time": 0.237,
  "Triggers": [],
  "Execution Time": 341.214
}