[
    {
        "Bao": {
            "Bao prediction": "NaN",
            "Bao recommended hint": "(no hint)"
        }
    },
    {
        "Plan": {
            "Node Type": "Aggregate",
            "Strategy": "Plain",
            "Partial Mode": "Finalize",
            "Parallel Aware": false,
            "Startup Cost": 523567.15,
            "Total Cost": 523567.16,
            "Plan Rows": 1,
            "Plan Width": 8,
            "Actual Startup Time": 5188.457,
            "Actual Total Time": 5240.471,
            "Actual Rows": 1,
            "Actual Loops": 1,
            "Output": [
                "count(*)"
            ],
            "Plans": [
                {
                    "Node Type": "Gather",
                    "Parent Relationship": "Outer",
                    "Parallel Aware": false,
                    "Startup Cost": 523566.53,
                    "Total Cost": 523567.14,
                    "Plan Rows": 6,
                    "Plan Width": 8,
                    "Actual Startup Time": 5163.322,
                    "Actual Total Time": 5240.461,
                    "Actual Rows": 7,
                    "Actual Loops": 1,
                    "Output": [
                        "(PARTIAL count(*))"
                    ],
                    "Workers Planned": 6,
                    "Workers Launched": 6,
                    "Single Copy": false,
                    "Plans": [
                        {
                            "Node Type": "Aggregate",
                            "Strategy": "Plain",
                            "Partial Mode": "Partial",
                            "Parent Relationship": "Outer",
                            "Parallel Aware": false,
                            "Startup Cost": 522566.53,
                            "Total Cost": 522566.54,
                            "Plan Rows": 1,
                            "Plan Width": 8,
                            "Actual Startup Time": 5142.562,
                            "Actual Total Time": 5143.164,
                            "Actual Rows": 1,
                            "Actual Loops": 7,
                            "Output": [
                                "PARTIAL count(*)"
                            ],
                            "Workers": [
                                {
                                    "Worker Number": 0,
                                    "Actual Startup Time": 5143.349,
                                    "Actual Total Time": 5143.354,
                                    "Actual Rows": 1,
                                    "Actual Loops": 1
                                },
                                {
                                    "Worker Number": 1,
                                    "Actual Startup Time": 5138.282,
                                    "Actual Total Time": 5138.288,
                                    "Actual Rows": 1,
                                    "Actual Loops": 1
                                },
                                {
                                    "Worker Number": 2,
                                    "Actual Startup Time": 5138.375,
                                    "Actual Total Time": 5138.381,
                                    "Actual Rows": 1,
                                    "Actual Loops": 1
                                },
                                {
                                    "Worker Number": 3,
                                    "Actual Startup Time": 5138.136,
                                    "Actual Total Time": 5138.141,
                                    "Actual Rows": 1,
                                    "Actual Loops": 1
                                },
                                {
                                    "Worker Number": 4,
                                    "Actual Startup Time": 5138.249,
                                    "Actual Total Time": 5138.253,
                                    "Actual Rows": 1,
                                    "Actual Loops": 1
                                },
                                {
                                    "Worker Number": 5,
                                    "Actual Startup Time": 5138.626,
                                    "Actual Total Time": 5138.632,
                                    "Actual Rows": 1,
                                    "Actual Loops": 1
                                }
                            ],
                            "Plans": [
                                {
                                    "Node Type": "Hash Join",
                                    "Parent Relationship": "Outer",
                                    "Parallel Aware": true,
                                    "Join Type": "Inner",
                                    "Startup Cost": 111339.54,
                                    "Total Cost": 500861.22,
                                    "Plan Rows": 8682122,
                                    "Plan Width": 0,
                                    "Actual Startup Time": 683.952,
                                    "Actual Total Time": 4220.196,
                                    "Actual Rows": 20505959,
                                    "Actual Loops": 7,
                                    "Inner Unique": false,
                                    "Hash Cond": "(ci.movie_id = t.id)",
                                    "Workers": [
                                        {
                                            "Worker Number": 0,
                                            "Actual Startup Time": 680.32,
                                            "Actual Total Time": 4193.645,
                                            "Actual Rows": 17570011,
                                            "Actual Loops": 1
                                        },
                                        {
                                            "Worker Number": 1,
                                            "Actual Startup Time": 680.414,
                                            "Actual Total Time": 4204.029,
                                            "Actual Rows": 21074995,
                                            "Actual Loops": 1
                                        },
                                        {
                                            "Worker Number": 2,
                                            "Actual Startup Time": 680.496,
                                            "Actual Total Time": 4172.22,
                                            "Actual Rows": 16698495,
                                            "Actual Loops": 1
                                        },
                                        {
                                            "Worker Number": 3,
                                            "Actual Startup Time": 680.29,
                                            "Actual Total Time": 4243.715,
                                            "Actual Rows": 21478498,
                                            "Actual Loops": 1
                                        },
                                        {
                                            "Worker Number": 4,
                                            "Actual Startup Time": 680.362,
                                            "Actual Total Time": 4228.481,
                                            "Actual Rows": 21836853,
                                            "Actual Loops": 1
                                        },
                                        {
                                            "Worker Number": 5,
                                            "Actual Startup Time": 680.744,
                                            "Actual Total Time": 4231.035,
                                            "Actual Rows": 22504702,
                                            "Actual Loops": 1
                                        }
                                    ],
                                    "Plans": [
                                        {
                                            "Node Type": "Seq Scan",
                                            "Parent Relationship": "Outer",
                                            "Parallel Aware": true,
                                            "Relation Name": "cast_info",
                                            "Schema": "public",
                                            "Alias": "ci",
                                            "Startup Cost": 0.0,
                                            "Total Cost": 343318.94,
                                            "Plan Rows": 4852242,
                                            "Plan Width": 4,
                                            "Actual Startup Time": 20.171,
                                            "Actual Total Time": 710.875,
                                            "Actual Rows": 4122273,
                                            "Actual Loops": 7,
                                            "Output": [
                                                "ci.id",
                                                "ci.person_id",
                                                "ci.movie_id",
                                                "ci.person_role_id",
                                                "ci.note",
                                                "ci.nr_order",
                                                "ci.role_id"
                                            ],
                                            "Filter": "((ci.person_id > 174546) AND (ci.role_id < 9))",
                                            "Rows Removed by Filter": 1055491,
                                            "Workers": [
                                                {
                                                    "Worker Number": 0,
                                                    "Actual Startup Time": 20.173,
                                                    "Actual Total Time": 727.528,
                                                    "Actual Rows": 3521686,
                                                    "Actual Loops": 1
                                                },
                                                {
                                                    "Worker Number": 1,
                                                    "Actual Startup Time": 20.02,
                                                    "Actual Total Time": 732.692,
                                                    "Actual Rows": 4100318,
                                                    "Actual Loops": 1
                                                },
                                                {
                                                    "Worker Number": 2,
                                                    "Actual Startup Time": 20.19,
                                                    "Actual Total Time": 746.646,
                                                    "Actual Rows": 3443468,
                                                    "Actual Loops": 1
                                                },
                                                {
                                                    "Worker Number": 3,
                                                    "Actual Startup Time": 20.239,
                                                    "Actual Total Time": 702.785,
                                                    "Actual Rows": 4322434,
                                                    "Actual Loops": 1
                                                },
                                                {
                                                    "Worker Number": 4,
                                                    "Actual Startup Time": 20.186,
                                                    "Actual Total Time": 703.293,
                                                    "Actual Rows": 4363201,
                                                    "Actual Loops": 1
                                                },
                                                {
                                                    "Worker Number": 5,
                                                    "Actual Startup Time": 20.19,
                                                    "Actual Total Time": 724.472,
                                                    "Actual Rows": 4562933,
                                                    "Actual Loops": 1
                                                }
                                            ]
                                        },
                                        {
                                            "Node Type": "Hash",
                                            "Parent Relationship": "Inner",
                                            "Parallel Aware": true,
                                            "Startup Cost": 93097.89,
                                            "Total Cost": 93097.89,
                                            "Plan Rows": 1459332,
                                            "Plan Width": 8,
                                            "Actual Startup Time": 655.415,
                                            "Actual Total Time": 656.015,
                                            "Actual Rows": 646276,
                                            "Actual Loops": 7,
                                            "Output": [
                                                "t.id",
                                                "mk.movie_id"
                                            ],
                                            "Hash Buckets": 8388608,
                                            "Original Hash Buckets": 8388608,
                                            "Hash Batches": 1,
                                            "Original Hash Batches": 1,
                                            "Peak Memory Usage": 242624,
                                            "Workers": [
                                                {
                                                    "Worker Number": 0,
                                                    "Actual Startup Time": 659.083,
                                                    "Actual Total Time": 659.086,
                                                    "Actual Rows": 493395,
                                                    "Actual Loops": 1
                                                },
                                                {
                                                    "Worker Number": 1,
                                                    "Actual Startup Time": 659.41,
                                                    "Actual Total Time": 659.414,
                                                    "Actual Rows": 740925,
                                                    "Actual Loops": 1
                                                },
                                                {
                                                    "Worker Number": 2,
                                                    "Actual Startup Time": 659.424,
                                                    "Actual Total Time": 659.428,
                                                    "Actual Rows": 493395,
                                                    "Actual Loops": 1
                                                },
                                                {
                                                    "Worker Number": 3,
                                                    "Actual Startup Time": 659.108,
                                                    "Actual Total Time": 659.111,
                                                    "Actual Rows": 681910,
                                                    "Actual Loops": 1
                                                },
                                                {
                                                    "Worker Number": 4,
                                                    "Actual Startup Time": 659.321,
                                                    "Actual Total Time": 659.324,
                                                    "Actual Rows": 694120,
                                                    "Actual Loops": 1
                                                },
                                                {
                                                    "Worker Number": 5,
                                                    "Actual Startup Time": 659.748,
                                                    "Actual Total Time": 659.752,
                                                    "Actual Rows": 690605,
                                                    "Actual Loops": 1
                                                }
                                            ],
                                            "Plans": [
                                                {
                                                    "Node Type": "Hash Join",
                                                    "Parent Relationship": "Outer",
                                                    "Parallel Aware": true,
                                                    "Join Type": "Inner",
                                                    "Startup Cost": 50219.81,
                                                    "Total Cost": 93097.89,
                                                    "Plan Rows": 1459332,
                                                    "Plan Width": 8,
                                                    "Actual Startup Time": 243.737,
                                                    "Actual Total Time": 449.759,
                                                    "Actual Rows": 646276,
                                                    "Actual Loops": 7,
                                                    "Output": [
                                                        "t.id",
                                                        "mk.movie_id"
                                                    ],
                                                    "Inner Unique": true,
                                                    "Hash Cond": "(mk.movie_id = t.id)",
                                                    "Workers": [
                                                        {
                                                            "Worker Number": 0,
                                                            "Actual Startup Time": 243.622,
                                                            "Actual Total Time": 450.546,
                                                            "Actual Rows": 493395,
                                                            "Actual Loops": 1
                                                        },
                                                        {
                                                            "Worker Number": 1,
                                                            "Actual Startup Time": 243.721,
                                                            "Actual Total Time": 447.788,
                                                            "Actual Rows": 740925,
                                                            "Actual Loops": 1
                                                        },
                                                        {
                                                            "Worker Number": 2,
                                                            "Actual Startup Time": 243.841,
                                                            "Actual Total Time": 449.303,
                                                            "Actual Rows": 493395,
                                                            "Actual Loops": 1
                                                        },
                                                        {
                                                            "Worker Number": 3,
                                                            "Actual Startup Time": 243.654,
                                                            "Actual Total Time": 448.466,
                                                            "Actual Rows": 681910,
                                                            "Actual Loops": 1
                                                        },
                                                        {
                                                            "Worker Number": 4,
                                                            "Actual Startup Time": 243.666,
                                                            "Actual Total Time": 449.451,
                                                            "Actual Rows": 694120,
                                                            "Actual Loops": 1
                                                        },
                                                        {
                                                            "Worker Number": 5,
                                                            "Actual Startup Time": 243.685,
                                                            "Actual Total Time": 449.52,
                                                            "Actual Rows": 690605,
                                                            "Actual Loops": 1
                                                        }
                                                    ],
                                                    "Plans": [
                                                        {
                                                            "Node Type": "Seq Scan",
                                                            "Parent Relationship": "Outer",
                                                            "Parallel Aware": true,
                                                            "Relation Name": "movie_keyword",
                                                            "Schema": "public",
                                                            "Alias": "mk",
                                                            "Startup Cost": 0.0,
                                                            "Total Cost": 39047.32,
                                                            "Plan Rows": 1459332,
                                                            "Plan Width": 4,
                                                            "Actual Startup Time": 0.019,
                                                            "Actual Total Time": 63.458,
                                                            "Actual Rows": 646276,
                                                            "Actual Loops": 7,
                                                            "Output": [
                                                                "mk.id",
                                                                "mk.movie_id",
                                                                "mk.keyword_id"
                                                            ],
                                                            "Workers": [
                                                                {
                                                                    "Worker Number": 0,
                                                                    "Actual Startup Time": 0.021,
                                                                    "Actual Total Time": 65.15,
                                                                    "Actual Rows": 493395,
                                                                    "Actual Loops": 1
                                                                },
                                                                {
                                                                    "Worker Number": 1,
                                                                    "Actual Startup Time": 0.019,
                                                                    "Actual Total Time": 63.718,
                                                                    "Actual Rows": 740925,
                                                                    "Actual Loops": 1
                                                                },
                                                                {
                                                                    "Worker Number": 2,
                                                                    "Actual Startup Time": 0.021,
                                                                    "Actual Total Time": 66.108,
                                                                    "Actual Rows": 493395,
                                                                    "Actual Loops": 1
                                                                },
                                                                {
                                                                    "Worker Number": 3,
                                                                    "Actual Startup Time": 0.023,
                                                                    "Actual Total Time": 63.992,
                                                                    "Actual Rows": 681910,
                                                                    "Actual Loops": 1
                                                                },
                                                                {
                                                                    "Worker Number": 4,
                                                                    "Actual Startup Time": 0.017,
                                                                    "Actual Total Time": 63.947,
                                                                    "Actual Rows": 694120,
                                                                    "Actual Loops": 1
                                                                },
                                                                {
                                                                    "Worker Number": 5,
                                                                    "Actual Startup Time": 0.019,
                                                                    "Actual Total Time": 65.416,
                                                                    "Actual Rows": 690605,
                                                                    "Actual Loops": 1
                                                                }
                                                            ]
                                                        },
                                                        {
                                                            "Node Type": "Hash",
                                                            "Parent Relationship": "Inner",
                                                            "Parallel Aware": true,
                                                            "Startup Cost": 42318.81,
                                                            "Total Cost": 42318.81,
                                                            "Plan Rows": 632080,
                                                            "Plan Width": 4,
                                                            "Actual Startup Time": 240.295,
                                                            "Actual Total Time": 240.296,
                                                            "Actual Rows": 361187,
                                                            "Actual Loops": 7,
                                                            "Output": [
                                                                "t.id"
                                                            ],
                                                            "Hash Buckets": 4194304,
                                                            "Original Hash Buckets": 4194304,
                                                            "Hash Batches": 1,
                                                            "Original Hash Batches": 1,
                                                            "Peak Memory Usage": 131744,
                                                            "Workers": [
                                                                {
                                                                    "Worker Number": 0,
                                                                    "Actual Startup Time": 243.511,
                                                                    "Actual Total Time": 243.512,
                                                                    "Actual Rows": 283795,
                                                                    "Actual Loops": 1
                                                                },
                                                                {
                                                                    "Worker Number": 1,
                                                                    "Actual Startup Time": 243.335,
                                                                    "Actual Total Time": 243.337,
                                                                    "Actual Rows": 370958,
                                                                    "Actual Loops": 1
                                                                },
                                                                {
                                                                    "Worker Number": 2,
                                                                    "Actual Startup Time": 243.44,
                                                                    "Actual Total Time": 243.442,
                                                                    "Actual Rows": 283440,
                                                                    "Actual Loops": 1
                                                                },
                                                                {
                                                                    "Worker Number": 3,
                                                                    "Actual Startup Time": 243.255,
                                                                    "Actual Total Time": 243.257,
                                                                    "Actual Rows": 365610,
                                                                    "Actual Loops": 1
                                                                },
                                                                {
                                                                    "Worker Number": 4,
                                                                    "Actual Startup Time": 243.515,
                                                                    "Actual Total Time": 243.517,
                                                                    "Actual Rows": 363914,
                                                                    "Actual Loops": 1
                                                                },
                                                                {
                                                                    "Worker Number": 5,
                                                                    "Actual Startup Time": 243.306,
                                                                    "Actual Total Time": 243.308,
                                                                    "Actual Rows": 369534,
                                                                    "Actual Loops": 1
                                                                }
                                                            ],
                                                            "Plans": [
                                                                {
                                                                    "Node Type": "Seq Scan",
                                                                    "Parent Relationship": "Outer",
                                                                    "Parallel Aware": true,
                                                                    "Relation Name": "title",
                                                                    "Schema": "public",
                                                                    "Alias": "t",
                                                                    "Startup Cost": 0.0,
                                                                    "Total Cost": 42318.81,
                                                                    "Plan Rows": 632080,
                                                                    "Plan Width": 4,
                                                                    "Actual Startup Time": 0.065,
                                                                    "Actual Total Time": 67.86,
                                                                    "Actual Rows": 361187,
                                                                    "Actual Loops": 7,
                                                                    "Output": [
                                                                        "t.id"
                                                                    ],
                                                                    "Workers": [
                                                                        {
                                                                            "Worker Number": 0,
                                                                            "Actual Startup Time": 0.061,
                                                                            "Actual Total Time": 73.644,
                                                                            "Actual Rows": 283795,
                                                                            "Actual Loops": 1
                                                                        },
                                                                        {
                                                                            "Worker Number": 1,
                                                                            "Actual Startup Time": 0.061,
                                                                            "Actual Total Time": 68.013,
                                                                            "Actual Rows": 370958,
                                                                            "Actual Loops": 1
                                                                        },
                                                                        {
                                                                            "Worker Number": 2,
                                                                            "Actual Startup Time": 0.081,
                                                                            "Actual Total Time": 73.15,
                                                                            "Actual Rows": 283440,
                                                                            "Actual Loops": 1
                                                                        },
                                                                        {
                                                                            "Worker Number": 3,
                                                                            "Actual Startup Time": 0.07,
                                                                            "Actual Total Time": 68.975,
                                                                            "Actual Rows": 365610,
                                                                            "Actual Loops": 1
                                                                        },
                                                                        {
                                                                            "Worker Number": 4,
                                                                            "Actual Startup Time": 0.085,
                                                                            "Actual Total Time": 69.242,
                                                                            "Actual Rows": 363914,
                                                                            "Actual Loops": 1
                                                                        },
                                                                        {
                                                                            "Worker Number": 5,
                                                                            "Actual Startup Time": 0.086,
                                                                            "Actual Total Time": 67.678,
                                                                            "Actual Rows": 369534,
                                                                            "Actual Loops": 1
                                                                        }
                                                                    ]
                                                                }
                                                            ]
                                                        }
                                                    ]
                                                }
                                            ]
                                        }
                                    ]
                                }
                            ]
                        }
                    ]
                }
            ]
        },
        "Planning Time": 186.234,
        "Triggers": [],
        "Execution Time": 5240.54
    }
]