[
  {
    "Plan": {
      "Node Type": "Aggregate",
      "Strategy": "Plain",
      "Partial Mode": "Finalize",
      "Parallel Aware": false,
      "Startup Cost": 338541.82,
      "Total Cost": 338541.83,
      "Plan Rows": 1,
      "Plan Width": 8,
      "Actual Startup Time": 767.806,
      "Actual Total Time": 813.086,
      "Actual Rows": 1,
      "Actual Loops": 1,
      "Plans": [
        {
          "Node Type": "Gather",
          "Parent Relationship": "Outer",
          "Parallel Aware": false,
          "Startup Cost": 338541.19,
          "Total Cost": 338541.8,
          "Plan Rows": 6,
          "Plan Width": 8,
          "Actual Startup Time": 767.59,
          "Actual Total Time": 813.069,
          "Actual Rows": 7,
          "Actual Loops": 1,
          "Workers Planned": 6,
          "Workers Launched": 6,
          "Single Copy": false,
          "Plans": [
            {
              "Node Type": "Aggregate",
              "Strategy": "Plain",
              "Partial Mode": "Partial",
              "Parent Relationship": "Outer",
              "Parallel Aware": false,
              "Startup Cost": 337541.19,
              "Total Cost": 337541.2,
              "Plan Rows": 1,
              "Plan Width": 8,
              "Actual Startup Time": 760.511,
              "Actual Total Time": 760.512,
              "Actual Rows": 1,
              "Actual Loops": 7,
              "Plans": [
                {
                  "Node Type": "Seq Scan",
                  "Parent Relationship": "Outer",
                  "Parallel Aware": true,
                  "Relation Name": "cast_info",
                  "Alias": "ci",
                  "Startup Cost": 0.0,
                  "Total Cost": 328211.39,
                  "Plan Rows": 3731920,
                  "Plan Width": 0,
                  "Actual Startup Time": 0.053,
                  "Actual Total Time": 603.178,
                  "Actual Rows": 3237012,
                  "Actual Loops": 7,
                  "Filter": "(person_id < 2312657)",
                  "Rows Removed by Filter": 1940752
                }
              ]
            }
          ]
        }
      ]
    },
    "Planning Time": 0.206,
    "Triggers": [],
    "Execution Time": 813.158
  }
]