{
  "Plan": {
    "Node Type": "Aggregate",
    "Strategy": "Plain",
    "Partial Mode": "Finalize",
    "Parallel Aware": false,
    "Startup Cost": 415361.35,
    "Total Cost": 415361.36,
    "Plan Rows": 1,
    "Plan Width": 8,
    "Actual Startup Time": 1457.743,
    "Actual Total Time": 1479.818,
    "Actual Rows": 1,
    "Actual Loops": 1,
    "Plans": [
      {
        "Node Type": "Gather",
        "Parent Relationship": "Outer",
        "Parallel Aware": false,
        "Startup Cost": 415361.24,
        "Total Cost": 415361.35,
        "Plan Rows": 1,
        "Plan Width": 8,
        "Actual Startup Time": 1450.961,
        "Actual Total Time": 1479.81,
        "Actual Rows": 2,
        "Actual Loops": 1,
        "Workers Planned": 1,
        "Workers Launched": 1,
        "Single Copy": false,
        "Plans": [
          {
            "Node Type": "Aggregate",
            "Strategy": "Plain",
            "Partial Mode": "Partial",
            "Parent Relationship": "Outer",
            "Parallel Aware": false,
            "Startup Cost": 414361.24,
            "Total Cost": 414361.25,
            "Plan Rows": 1,
            "Plan Width": 8,
            "Actual Startup Time": 1439.513,
            "Actual Total Time": 1439.516,
            "Actual Rows": 1,
            "Actual Loops": 2,
            "Plans": [
              {
                "Node Type": "Hash Join",
                "Parent Relationship": "Outer",
                "Parallel Aware": true,
                "Join Type": "Inner",
                "Startup Cost": 132217.04,
                "Total Cost": 410182.91,
                "Plan Rows": 1671330,
                "Plan Width": 0,
                "Actual Startup Time": 632.5,
                "Actual Total Time": 1379.811,
                "Actual Rows": 1442578,
                "Actual Loops": 2,
                "Inner Unique": true,
                "Hash Cond": "(ci.movie_id = t.id)",
                "Plans": [
                  {
                    "Node Type": "Bitmap Heap Scan",
                    "Parent Relationship": "Outer",
                    "Parallel Aware": true,
                    "Relation Name": "cast_info",
                    "Alias": "ci",
                    "Startup Cost": 62756.34,
                    "Total Cost": 336334.96,
                    "Plan Rows": 1671330,
                    "Plan Width": 4,
                    "Actual Startup Time": 114.027,
                    "Actual Total Time": 255.465,
                    "Actual Rows": 1442578,
                    "Actual Loops": 2,
                    "Recheck Cond": "(person_id < 280528)",
                    "Rows Removed by Index Recheck": 0,
                    "Exact Heap Blocks": 15408,
                    "Lossy Heap Blocks": 0,
                    "Plans": [
                      {
                        "Node Type": "Bitmap Index Scan",
                        "Parent Relationship": "Outer",
                        "Parallel Aware": false,
                        "Index Name": "person_id_cast_info",
                        "Startup Cost": 0.0,
                        "Total Cost": 62046.02,
                        "Plan Rows": 2841261,
                        "Plan Width": 0,
                        "Actual Startup Time": 109.145,
                        "Actual Total Time": 109.145,
                        "Actual Rows": 2885155,
                        "Actual Loops": 1,
                        "Index Cond": "(person_id < 280528)"
                      }
                    ]
                  },
                  {
                    "Node Type": "Hash",
                    "Parent Relationship": "Inner",
                    "Parallel Aware": true,
                    "Startup Cost": 50870.31,
                    "Total Cost": 50870.31,
                    "Plan Rows": 1487231,
                    "Plan Width": 4,
                    "Actual Startup Time": 497.83,
                    "Actual Total Time": 497.83,
                    "Actual Rows": 1264156,
                    "Actual Loops": 2,
                    "Hash Buckets": 4194304,
                    "Original Hash Buckets": 4194304,
                    "Hash Batches": 1,
                    "Original Hash Batches": 1,
                    "Peak Memory Usage": 131712,
                    "Plans": [
                      {
                        "Node Type": "Seq Scan",
                        "Parent Relationship": "Outer",
                        "Parallel Aware": true,
                        "Relation Name": "title",
                        "Alias": "t",
                        "Startup Cost": 0.0,
                        "Total Cost": 50870.31,
                        "Plan Rows": 1487231,
                        "Plan Width": 4,
                        "Actual Startup Time": 0.019,
                        "Actual Total Time": 147.776,
                        "Actual Rows": 1264156,
                        "Actual Loops": 2
                      }
                    ]
                  }
                ]
              }
            ]
          }
        ]
      }
    ]
  },
  "Planning Time": 0.65,
  "Triggers": [],
  "Execution Time": 1479.907
}