{
  "Plan": {
    "Node Type": "Aggregate",
    "Strategy": "Plain",
    "Partial Mode": "Finalize",
    "Parallel Aware": false,
    "Startup Cost": 137386.14,
    "Total Cost": 137386.15,
    "Plan Rows": 1,
    "Plan Width": 8,
    "Actual Startup Time": 359.772,
    "Actual Total Time": 399.411,
    "Actual Rows": 1,
    "Actual Loops": 1,
    "Plans": [
      {
        "Node Type": "Gather",
        "Parent Relationship": "Outer",
        "Parallel Aware": false,
        "Startup Cost": 137386.02,
        "Total Cost": 137386.13,
        "Plan Rows": 1,
        "Plan Width": 8,
        "Actual Startup Time": 359.382,
        "Actual Total Time": 399.401,
        "Actual Rows": 2,
        "Actual Loops": 1,
        "Workers Planned": 1,
        "Workers Launched": 1,
        "Single Copy": false,
        "Plans": [
          {
            "Node Type": "Aggregate",
            "Strategy": "Plain",
            "Partial Mode": "Partial",
            "Parent Relationship": "Outer",
            "Parallel Aware": false,
            "Startup Cost": 136386.02,
            "Total Cost": 136386.03,
            "Plan Rows": 1,
            "Plan Width": 8,
            "Actual Startup Time": 353.154,
            "Actual Total Time": 353.163,
            "Actual Rows": 1,
            "Actual Loops": 2,
            "Plans": [
              {
                "Node Type": "Nested Loop",
                "Parent Relationship": "Outer",
                "Parallel Aware": false,
                "Join Type": "Inner",
                "Startup Cost": 25188.67,
                "Total Cost": 136006.43,
                "Plan Rows": 151837,
                "Plan Width": 0,
                "Actual Startup Time": 67.463,
                "Actual Total Time": 348.44,
                "Actual Rows": 90410,
                "Actual Loops": 2,
                "Inner Unique": false,
                "Plans": [
                  {
                    "Node Type": "Hash Join",
                    "Parent Relationship": "Outer",
                    "Parallel Aware": true,
                    "Join Type": "Inner",
                    "Startup Cost": 25188.1,
                    "Total Cost": 85315.18,
                    "Plan Rows": 10596,
                    "Plan Width": 8,
                    "Actual Startup Time": 67.378,
                    "Actual Total Time": 220.615,
                    "Actual Rows": 2112,
                    "Actual Loops": 2,
                    "Inner Unique": false,
                    "Hash Cond": "(t.id = mc.movie_id)",
                    "Plans": [
                      {
                        "Node Type": "Seq Scan",
                        "Parent Relationship": "Outer",
                        "Parallel Aware": true,
                        "Relation Name": "title",
                        "Alias": "t",
                        "Startup Cost": 0.0,
                        "Total Cost": 58306.47,
                        "Plan Rows": 281325,
                        "Plan Width": 4,
                        "Actual Startup Time": 0.011,
                        "Actual Total Time": 124.498,
                        "Actual Rows": 259164,
                        "Actual Loops": 2,
                        "Filter": "((production_year > 2007) AND (kind_id = 7))",
                        "Rows Removed by Filter": 1004992
                      },
                      {
                        "Node Type": "Hash",
                        "Parent Relationship": "Inner",
                        "Parallel Aware": true,
                        "Startup Cost": 24487.88,
                        "Total Cost": 24487.88,
                        "Plan Rows": 56018,
                        "Plan Width": 4,
                        "Actual Startup Time": 65.041,
                        "Actual Total Time": 65.043,
                        "Actual Rows": 19556,
                        "Actual Loops": 2,
                        "Hash Buckets": 131072,
                        "Original Hash Buckets": 131072,
                        "Hash Batches": 1,
                        "Original Hash Batches": 1,
                        "Peak Memory Usage": 2560,
                        "Plans": [
                          {
                            "Node Type": "Bitmap Heap Scan",
                            "Parent Relationship": "Outer",
                            "Parallel Aware": true,
                            "Relation Name": "movie_companies",
                            "Alias": "mc",
                            "Startup Cost": 4042.94,
                            "Total Cost": 24487.88,
                            "Plan Rows": 56018,
                            "Plan Width": 4,
                            "Actual Startup Time": 51.121,
                            "Actual Total Time": 61.009,
                            "Actual Rows": 19556,
                            "Actual Loops": 2,
                            "Recheck Cond": "(company_id < 49)",
                            "Rows Removed by Index Recheck": 0,
                            "Filter": "(company_type_id = 2)",
                            "Rows Removed by Filter": 73466,
                            "Exact Heap Blocks": 12350,
                            "Lossy Heap Blocks": 0,
                            "Plans": [
                              {
                                "Node Type": "Bitmap Index Scan",
                                "Parent Relationship": "Outer",
                                "Parallel Aware": false,
                                "Index Name": "company_id_movie_companies",
                                "Startup Cost": 0.0,
                                "Total Cost": 4019.13,
                                "Plan Rows": 187560,
                                "Plan Width": 0,
                                "Actual Startup Time": 23.229,
                                "Actual Total Time": 23.23,
                                "Actual Rows": 186044,
                                "Actual Loops": 1,
                                "Index Cond": "(company_id < 49)"
                              }
                            ]
                          }
                        ]
                      }
                    ]
                  },
                  {
                    "Node Type": "Index Only Scan",
                    "Parent Relationship": "Inner",
                    "Parallel Aware": false,
                    "Scan Direction": "Forward",
                    "Index Name": "movie_id_cast_info",
                    "Relation Name": "cast_info",
                    "Alias": "ci",
                    "Startup Cost": 0.56,
                    "Total Cost": 4.41,
                    "Plan Rows": 37,
                    "Plan Width": 4,
                    "Actual Startup Time": 0.008,
                    "Actual Total Time": 0.057,
                    "Actual Rows": 43,
                    "Actual Loops": 4223,
                    "Index Cond": "(movie_id = t.id)",
                    "Rows Removed by Index Recheck": 0,
                    "Heap Fetches": 180819
                  }
                ]
              }
            ]
          }
        ]
      }
    ]
  },
  "Planning Time": 1.051,
  "Triggers": [],
  "Execution Time": 399.531
}