[
  {
    "Plan": {
      "Node Type": "Aggregate",
      "Strategy": "Plain",
      "Partial Mode": "Finalize",
      "Parallel Aware": false,
      "Startup Cost": 44444.87,
      "Total Cost": 44444.88,
      "Plan Rows": 1,
      "Plan Width": 8,
      "Actual Startup Time": 113.52,
      "Actual Total Time": 122.938,
      "Actual Rows": 1,
      "Actual Loops": 1,
      "Plans": [
        {
          "Node Type": "Gather",
          "Parent Relationship": "Outer",
          "Parallel Aware": false,
          "Startup Cost": 44444.55,
          "Total Cost": 44444.86,
          "Plan Rows": 3,
          "Plan Width": 8,
          "Actual Startup Time": 113.355,
          "Actual Total Time": 122.927,
          "Actual Rows": 4,
          "Actual Loops": 1,
          "Workers Planned": 3,
          "Workers Launched": 3,
          "Single Copy": false,
          "Plans": [
            {
              "Node Type": "Aggregate",
              "Strategy": "Plain",
              "Partial Mode": "Partial",
              "Parent Relationship": "Outer",
              "Parallel Aware": false,
              "Startup Cost": 43444.55,
              "Total Cost": 43444.56,
              "Plan Rows": 1,
              "Plan Width": 8,
              "Actual Startup Time": 109.529,
              "Actual Total Time": 109.53,
              "Actual Rows": 1,
              "Actual Loops": 4,
              "Plans": [
                {
                  "Node Type": "Seq Scan",
                  "Parent Relationship": "Outer",
                  "Parallel Aware": true,
                  "Relation Name": "movie_keyword",
                  "Alias": "mk",
                  "Startup Cost": 0.0,
                  "Total Cost": 42695.65,
                  "Plan Rows": 299560,
                  "Plan Width": 0,
                  "Actual Startup Time": 2.666,
                  "Actual Total Time": 98.446,
                  "Actual Rows": 228148,
                  "Actual Loops": 4,
                  "Filter": "(keyword_id > 20338)",
                  "Rows Removed by Filter": 902834
                }
              ]
            }
          ]
        }
      ]
    },
    "Planning Time": 0.249,
    "Triggers": [],
    "Execution Time": 122.985
  }
]