[
  {
    "Plan": {
      "Node Type": "Aggregate",
      "Strategy": "Plain",
      "Partial Mode": "Finalize",
      "Parallel Aware": false,
      "Startup Cost": 44443.64,
      "Total Cost": 44443.65,
      "Plan Rows": 1,
      "Plan Width": 8,
      "Actual Startup Time": 145.525,
      "Actual Total Time": 155.316,
      "Actual Rows": 1,
      "Actual Loops": 1,
      "Plans": [
        {
          "Node Type": "Gather",
          "Parent Relationship": "Outer",
          "Parallel Aware": false,
          "Startup Cost": 44443.32,
          "Total Cost": 44443.63,
          "Plan Rows": 3,
          "Plan Width": 8,
          "Actual Startup Time": 145.395,
          "Actual Total Time": 155.306,
          "Actual Rows": 4,
          "Actual Loops": 1,
          "Workers Planned": 3,
          "Workers Launched": 3,
          "Single Copy": false,
          "Plans": [
            {
              "Node Type": "Aggregate",
              "Strategy": "Plain",
              "Partial Mode": "Partial",
              "Parent Relationship": "Outer",
              "Parallel Aware": false,
              "Startup Cost": 43443.32,
              "Total Cost": 43443.33,
              "Plan Rows": 1,
              "Plan Width": 8,
              "Actual Startup Time": 138.038,
              "Actual Total Time": 138.039,
              "Actual Rows": 1,
              "Actual Loops": 4,
              "Plans": [
                {
                  "Node Type": "Seq Scan",
                  "Parent Relationship": "Outer",
                  "Parallel Aware": true,
                  "Relation Name": "movie_keyword",
                  "Alias": "mk",
                  "Startup Cost": 0.0,
                  "Total Cost": 42695.65,
                  "Plan Rows": 299068,
                  "Plan Width": 0,
                  "Actual Startup Time": 3.295,
                  "Actual Total Time": 123.339,
                  "Actual Rows": 228148,
                  "Actual Loops": 4,
                  "Filter": "(keyword_id > 20338)",
                  "Rows Removed by Filter": 902834
                }
              ]
            }
          ]
        }
      ]
    },
    "Planning Time": 0.114,
    "Triggers": [],
    "Execution Time": 155.354
  }
]