[
  {
    "Plan": {
      "Node Type": "Aggregate",
      "Strategy": "Plain",
      "Partial Mode": "Simple",
      "Parallel Aware": false,
      "Startup Cost": 17684.29,
      "Total Cost": 17684.3,
      "Plan Rows": 1,
      "Plan Width": 8,
      "Actual Startup Time": 1.825,
      "Actual Total Time": 1.826,
      "Actual Rows": 1,
      "Actual Loops": 1,
      "Plans": [
        {
          "Node Type": "Index Only Scan",
          "Parent Relationship": "Outer",
          "Parallel Aware": false,
          "Scan Direction": "Forward",
          "Index Name": "person_id_cast_info",
          "Relation Name": "cast_info",
          "Alias": "ci",
          "Startup Cost": 0.56,
          "Total Cost": 17663.16,
          "Plan Rows": 8453,
          "Plan Width": 0,
          "Actual Startup Time": 0.161,
          "Actual Total Time": 1.452,
          "Actual Rows": 1923,
          "Actual Loops": 1,
          "Index Cond": "(person_id = 21041)",
          "Rows Removed by Index Recheck": 0,
          "Heap Fetches": 1923
        }
      ]
    },
    "Planning Time": 0.18,
    "Triggers": [],
    "Execution Time": 1.875
  }
]