{
  "Plan": {
    "Node Type": "Aggregate",
    "Strategy": "Plain",
    "Partial Mode": "Finalize",
    "Parallel Aware": false,
    "Startup Cost": 260315.22,
    "Total Cost": 260315.23,
    "Plan Rows": 1,
    "Plan Width": 8,
    "Actual Startup Time": 1841.784,
    "Actual Total Time": 1911.091,
    "Actual Rows": 1,
    "Actual Loops": 1,
    "Plans": [
      {
        "Node Type": "Gather",
        "Parent Relationship": "Outer",
        "Parallel Aware": false,
        "Startup Cost": 260315.11,
        "Total Cost": 260315.22,
        "Plan Rows": 1,
        "Plan Width": 8,
        "Actual Startup Time": 1840.91,
        "Actual Total Time": 1911.083,
        "Actual Rows": 2,
        "Actual Loops": 1,
        "Workers Planned": 1,
        "Workers Launched": 1,
        "Single Copy": false,
        "Plans": [
          {
            "Node Type": "Aggregate",
            "Strategy": "Plain",
            "Partial Mode": "Partial",
            "Parent Relationship": "Outer",
            "Parallel Aware": false,
            "Startup Cost": 259315.11,
            "Total Cost": 259315.12,
            "Plan Rows": 1,
            "Plan Width": 8,
            "Actual Startup Time": 1834.732,
            "Actual Total Time": 1834.736,
            "Actual Rows": 1,
            "Actual Loops": 2,
            "Plans": [
              {
                "Node Type": "Nested Loop",
                "Parent Relationship": "Outer",
                "Parallel Aware": false,
                "Join Type": "Inner",
                "Startup Cost": 28810.18,
                "Total Cost": 258240.89,
                "Plan Rows": 429689,
                "Plan Width": 0,
                "Actual Startup Time": 108.419,
                "Actual Total Time": 1748.631,
                "Actual Rows": 2058022,
                "Actual Loops": 2,
                "Inner Unique": false,
                "Plans": [
                  {
                    "Node Type": "Hash Join",
                    "Parent Relationship": "Outer",
                    "Parallel Aware": true,
                    "Join Type": "Inner",
                    "Startup Cost": 28809.75,
                    "Total Cost": 89477.38,
                    "Plan Rows": 85362,
                    "Plan Width": 8,
                    "Actual Startup Time": 108.355,
                    "Actual Total Time": 536.546,
                    "Actual Rows": 112192,
                    "Actual Loops": 2,
                    "Inner Unique": false,
                    "Hash Cond": "(t.id = mc.movie_id)",
                    "Plans": [
                      {
                        "Node Type": "Seq Scan",
                        "Parent Relationship": "Outer",
                        "Parallel Aware": true,
                        "Relation Name": "title",
                        "Alias": "t",
                        "Startup Cost": 0.0,
                        "Total Cost": 50870.31,
                        "Plan Rows": 1487231,
                        "Plan Width": 4,
                        "Actual Startup Time": 0.01,
                        "Actual Total Time": 120.053,
                        "Actual Rows": 1264156,
                        "Actual Loops": 2
                      },
                      {
                        "Node Type": "Hash",
                        "Parent Relationship": "Inner",
                        "Parallel Aware": true,
                        "Startup Cost": 27742.72,
                        "Total Cost": 27742.72,
                        "Plan Rows": 85362,
                        "Plan Width": 4,
                        "Actual Startup Time": 104.898,
                        "Actual Total Time": 104.899,
                        "Actual Rows": 112192,
                        "Actual Loops": 2,
                        "Hash Buckets": 262144,
                        "Original Hash Buckets": 262144,
                        "Hash Batches": 1,
                        "Original Hash Batches": 1,
                        "Peak Memory Usage": 10848,
                        "Plans": [
                          {
                            "Node Type": "Bitmap Heap Scan",
                            "Parent Relationship": "Outer",
                            "Parallel Aware": true,
                            "Relation Name": "movie_companies",
                            "Alias": "mc",
                            "Startup Cost": 6351.63,
                            "Total Cost": 27742.72,
                            "Plan Rows": 85362,
                            "Plan Width": 4,
                            "Actual Startup Time": 29.344,
                            "Actual Total Time": 80.906,
                            "Actual Rows": 112192,
                            "Actual Loops": 2,
                            "Recheck Cond": "(company_id < 160)",
                            "Rows Removed by Index Recheck": 0,
                            "Filter": "(company_type_id < 2)",
                            "Rows Removed by Filter": 34246,
                            "Exact Heap Blocks": 12018,
                            "Lossy Heap Blocks": 0,
                            "Plans": [
                              {
                                "Node Type": "Bitmap Index Scan",
                                "Parent Relationship": "Outer",
                                "Parallel Aware": false,
                                "Index Name": "company_id_movie_companies",
                                "Startup Cost": 0.0,
                                "Total Cost": 6315.35,
                                "Plan Rows": 294790,
                                "Plan Width": 0,
                                "Actual Startup Time": 28.365,
                                "Actual Total Time": 28.365,
                                "Actual Rows": 292877,
                                "Actual Loops": 1,
                                "Index Cond": "(company_id < 160)"
                              }
                            ]
                          }
                        ]
                      }
                    ]
                  },
                  {
                    "Node Type": "Index Scan",
                    "Parent Relationship": "Inner",
                    "Parallel Aware": false,
                    "Scan Direction": "Forward",
                    "Index Name": "movie_id_movie_info",
                    "Relation Name": "movie_info",
                    "Alias": "mi",
                    "Startup Cost": 0.43,
                    "Total Cost": 1.62,
                    "Plan Rows": 36,
                    "Plan Width": 4,
                    "Actual Startup Time": 0.003,
                    "Actual Total Time": 0.009,
                    "Actual Rows": 18,
                    "Actual Loops": 224384,
                    "Index Cond": "(movie_id = t.id)",
                    "Rows Removed by Index Recheck": 0,
                    "Filter": "(info_type_id > 2)",
                    "Rows Removed by Filter": 2
                  }
                ]
              }
            ]
          }
        ]
      }
    ]
  },
  "Planning Time": 0.824,
  "Triggers": [],
  "Execution Time": 1911.203
}