[
    {
        "Bao": {
            "Bao prediction": "NaN",
            "Bao recommended hint": "(no hint)"
        }
    },
    {
        "Plan": {
            "Node Type": "Aggregate",
            "Strategy": "Plain",
            "Partial Mode": "Finalize",
            "Parallel Aware": false,
            "Startup Cost": 349165.03,
            "Total Cost": 349165.04,
            "Plan Rows": 1,
            "Plan Width": 8,
            "Actual Startup Time": 810.909,
            "Actual Total Time": 840.043,
            "Actual Rows": 1,
            "Actual Loops": 1,
            "Output": [
                "count(*)"
            ],
            "Plans": [
                {
                    "Node Type": "Gather",
                    "Parent Relationship": "Outer",
                    "Parallel Aware": false,
                    "Startup Cost": 349164.41,
                    "Total Cost": 349165.02,
                    "Plan Rows": 6,
                    "Plan Width": 8,
                    "Actual Startup Time": 810.779,
                    "Actual Total Time": 840.035,
                    "Actual Rows": 7,
                    "Actual Loops": 1,
                    "Output": [
                        "(PARTIAL count(*))"
                    ],
                    "Workers Planned": 6,
                    "Workers Launched": 6,
                    "Single Copy": false,
                    "Plans": [
                        {
                            "Node Type": "Aggregate",
                            "Strategy": "Plain",
                            "Partial Mode": "Partial",
                            "Parent Relationship": "Outer",
                            "Parallel Aware": false,
                            "Startup Cost": 348164.41,
                            "Total Cost": 348164.42,
                            "Plan Rows": 1,
                            "Plan Width": 8,
                            "Actual Startup Time": 801.31,
                            "Actual Total Time": 801.311,
                            "Actual Rows": 1,
                            "Actual Loops": 7,
                            "Output": [
                                "PARTIAL count(*)"
                            ],
                            "Workers": [
                                {
                                    "Worker Number": 0,
                                    "Actual Startup Time": 799.045,
                                    "Actual Total Time": 799.046,
                                    "Actual Rows": 1,
                                    "Actual Loops": 1
                                },
                                {
                                    "Worker Number": 1,
                                    "Actual Startup Time": 799.414,
                                    "Actual Total Time": 799.415,
                                    "Actual Rows": 1,
                                    "Actual Loops": 1
                                },
                                {
                                    "Worker Number": 2,
                                    "Actual Startup Time": 799.555,
                                    "Actual Total Time": 799.556,
                                    "Actual Rows": 1,
                                    "Actual Loops": 1
                                },
                                {
                                    "Worker Number": 3,
                                    "Actual Startup Time": 799.746,
                                    "Actual Total Time": 799.747,
                                    "Actual Rows": 1,
                                    "Actual Loops": 1
                                },
                                {
                                    "Worker Number": 4,
                                    "Actual Startup Time": 800.261,
                                    "Actual Total Time": 800.262,
                                    "Actual Rows": 1,
                                    "Actual Loops": 1
                                },
                                {
                                    "Worker Number": 5,
                                    "Actual Startup Time": 800.677,
                                    "Actual Total Time": 800.678,
                                    "Actual Rows": 1,
                                    "Actual Loops": 1
                                }
                            ],
                            "Plans": [
                                {
                                    "Node Type": "Seq Scan",
                                    "Parent Relationship": "Outer",
                                    "Parallel Aware": true,
                                    "Relation Name": "cast_info",
                                    "Schema": "public",
                                    "Alias": "ci",
                                    "Startup Cost": 0.0,
                                    "Total Cost": 343318.94,
                                    "Plan Rows": 1938187,
                                    "Plan Width": 0,
                                    "Actual Startup Time": 220.094,
                                    "Actual Total Time": 675.359,
                                    "Actual Rows": 2578478,
                                    "Actual Loops": 7,
                                    "Output": [
                                        "id",
                                        "person_id",
                                        "movie_id",
                                        "person_role_id",
                                        "note",
                                        "nr_order",
                                        "role_id"
                                    ],
                                    "Filter": "((ci.person_id > 1806459) AND (ci.role_id > 1))",
                                    "Rows Removed by Filter": 2599285,
                                    "Workers": [
                                        {
                                            "Worker Number": 0,
                                            "Actual Startup Time": 217.823,
                                            "Actual Total Time": 674.037,
                                            "Actual Rows": 1865225,
                                            "Actual Loops": 1
                                        },
                                        {
                                            "Worker Number": 1,
                                            "Actual Startup Time": 218.223,
                                            "Actual Total Time": 673.548,
                                            "Actual Rows": 1889445,
                                            "Actual Loops": 1
                                        },
                                        {
                                            "Worker Number": 2,
                                            "Actual Startup Time": 218.336,
                                            "Actual Total Time": 674.9,
                                            "Actual Rows": 2970824,
                                            "Actual Loops": 1
                                        },
                                        {
                                            "Worker Number": 3,
                                            "Actual Startup Time": 218.529,
                                            "Actual Total Time": 674.58,
                                            "Actual Rows": 1865598,
                                            "Actual Loops": 1
                                        },
                                        {
                                            "Worker Number": 4,
                                            "Actual Startup Time": 219.029,
                                            "Actual Total Time": 680.174,
                                            "Actual Rows": 2936506,
                                            "Actual Loops": 1
                                        },
                                        {
                                            "Worker Number": 5,
                                            "Actual Startup Time": 219.464,
                                            "Actual Total Time": 680.187,
                                            "Actual Rows": 2939207,
                                            "Actual Loops": 1
                                        }
                                    ]
                                }
                            ]
                        }
                    ]
                }
            ]
        },
        "Planning Time": 181.18,
        "Triggers": [],
        "Execution Time": 840.089
    }
]