[
    {
        "Bao": {
            "Bao prediction": "NaN",
            "Bao recommended hint": "(no hint)"
        }
    },
    {
        "Plan": {
            "Node Type": "Aggregate",
            "Strategy": "Plain",
            "Partial Mode": "Finalize",
            "Parallel Aware": false,
            "Startup Cost": 337525.98,
            "Total Cost": 337525.99,
            "Plan Rows": 1,
            "Plan Width": 8,
            "Actual Startup Time": 718.737,
            "Actual Total Time": 747.664,
            "Actual Rows": 1,
            "Actual Loops": 1,
            "Output": [
                "count(*)"
            ],
            "Plans": [
                {
                    "Node Type": "Gather",
                    "Parent Relationship": "Outer",
                    "Parallel Aware": false,
                    "Startup Cost": 337525.35,
                    "Total Cost": 337525.96,
                    "Plan Rows": 6,
                    "Plan Width": 8,
                    "Actual Startup Time": 718.586,
                    "Actual Total Time": 747.652,
                    "Actual Rows": 7,
                    "Actual Loops": 1,
                    "Output": [
                        "(PARTIAL count(*))"
                    ],
                    "Workers Planned": 6,
                    "Workers Launched": 6,
                    "Single Copy": false,
                    "Plans": [
                        {
                            "Node Type": "Aggregate",
                            "Strategy": "Plain",
                            "Partial Mode": "Partial",
                            "Parent Relationship": "Outer",
                            "Parallel Aware": false,
                            "Startup Cost": 336525.35,
                            "Total Cost": 336525.36,
                            "Plan Rows": 1,
                            "Plan Width": 8,
                            "Actual Startup Time": 709.149,
                            "Actual Total Time": 709.15,
                            "Actual Rows": 1,
                            "Actual Loops": 7,
                            "Output": [
                                "PARTIAL count(*)"
                            ],
                            "Workers": [
                                {
                                    "Worker Number": 0,
                                    "Actual Startup Time": 706.918,
                                    "Actual Total Time": 706.92,
                                    "Actual Rows": 1,
                                    "Actual Loops": 1
                                },
                                {
                                    "Worker Number": 1,
                                    "Actual Startup Time": 707.282,
                                    "Actual Total Time": 707.283,
                                    "Actual Rows": 1,
                                    "Actual Loops": 1
                                },
                                {
                                    "Worker Number": 2,
                                    "Actual Startup Time": 707.643,
                                    "Actual Total Time": 707.643,
                                    "Actual Rows": 1,
                                    "Actual Loops": 1
                                },
                                {
                                    "Worker Number": 3,
                                    "Actual Startup Time": 707.833,
                                    "Actual Total Time": 707.833,
                                    "Actual Rows": 1,
                                    "Actual Loops": 1
                                },
                                {
                                    "Worker Number": 4,
                                    "Actual Startup Time": 707.852,
                                    "Actual Total Time": 707.853,
                                    "Actual Rows": 1,
                                    "Actual Loops": 1
                                },
                                {
                                    "Worker Number": 5,
                                    "Actual Startup Time": 708.418,
                                    "Actual Total Time": 708.419,
                                    "Actual Rows": 1,
                                    "Actual Loops": 1
                                }
                            ],
                            "Plans": [
                                {
                                    "Node Type": "Seq Scan",
                                    "Parent Relationship": "Outer",
                                    "Parallel Aware": true,
                                    "Relation Name": "cast_info",
                                    "Schema": "public",
                                    "Alias": "ci",
                                    "Startup Cost": 0.0,
                                    "Total Cost": 328213.62,
                                    "Plan Rows": 3324695,
                                    "Plan Width": 0,
                                    "Actual Startup Time": 165.381,
                                    "Actual Total Time": 571.595,
                                    "Actual Rows": 2859841,
                                    "Actual Loops": 7,
                                    "Output": [
                                        "id",
                                        "person_id",
                                        "movie_id",
                                        "person_role_id",
                                        "note",
                                        "nr_order",
                                        "role_id"
                                    ],
                                    "Filter": "(ci.person_id > 1606454)",
                                    "Rows Removed by Filter": 2317922,
                                    "Workers": [
                                        {
                                            "Worker Number": 0,
                                            "Actual Startup Time": 163.164,
                                            "Actual Total Time": 570.428,
                                            "Actual Rows": 2070041,
                                            "Actual Loops": 1
                                        },
                                        {
                                            "Worker Number": 1,
                                            "Actual Startup Time": 163.518,
                                            "Actual Total Time": 570.738,
                                            "Actual Rows": 2072350,
                                            "Actual Loops": 1
                                        },
                                        {
                                            "Worker Number": 2,
                                            "Actual Startup Time": 163.868,
                                            "Actual Total Time": 570.761,
                                            "Actual Rows": 2075957,
                                            "Actual Loops": 1
                                        },
                                        {
                                            "Worker Number": 3,
                                            "Actual Startup Time": 164.059,
                                            "Actual Total Time": 573.57,
                                            "Actual Rows": 3315008,
                                            "Actual Loops": 1
                                        },
                                        {
                                            "Worker Number": 4,
                                            "Actual Startup Time": 164.073,
                                            "Actual Total Time": 573.913,
                                            "Actual Rows": 3313216,
                                            "Actual Loops": 1
                                        },
                                        {
                                            "Worker Number": 5,
                                            "Actual Startup Time": 164.648,
                                            "Actual Total Time": 577.816,
                                            "Actual Rows": 3217914,
                                            "Actual Loops": 1
                                        }
                                    ]
                                }
                            ]
                        }
                    ]
                }
            ]
        },
        "Planning Time": 191.854,
        "Triggers": [],
        "Execution Time": 747.751
    }
]