{
  "Plan": {
    "Node Type": "Aggregate",
    "Strategy": "Plain",
    "Partial Mode": "Finalize",
    "Parallel Aware": false,
    "Startup Cost": 119732.9,
    "Total Cost": 119732.91,
    "Plan Rows": 1,
    "Plan Width": 8,
    "Actual Startup Time": 538.699,
    "Actual Total Time": 555.482,
    "Actual Rows": 1,
    "Actual Loops": 1,
    "Plans": [
      {
        "Node Type": "Gather",
        "Parent Relationship": "Outer",
        "Parallel Aware": false,
        "Startup Cost": 119732.79,
        "Total Cost": 119732.9,
        "Plan Rows": 1,
        "Plan Width": 8,
        "Actual Startup Time": 536.998,
        "Actual Total Time": 555.476,
        "Actual Rows": 2,
        "Actual Loops": 1,
        "Workers Planned": 1,
        "Workers Launched": 1,
        "Single Copy": false,
        "Plans": [
          {
            "Node Type": "Aggregate",
            "Strategy": "Plain",
            "Partial Mode": "Partial",
            "Parent Relationship": "Outer",
            "Parallel Aware": false,
            "Startup Cost": 118732.79,
            "Total Cost": 118732.8,
            "Plan Rows": 1,
            "Plan Width": 8,
            "Actual Startup Time": 530.754,
            "Actual Total Time": 530.788,
            "Actual Rows": 1,
            "Actual Loops": 2,
            "Plans": [
              {
                "Node Type": "Hash Join",
                "Parent Relationship": "Outer",
                "Parallel Aware": true,
                "Join Type": "Inner",
                "Startup Cost": 85232.42,
                "Total Cost": 118235.48,
                "Plan Rows": 198924,
                "Plan Width": 0,
                "Actual Startup Time": 332.795,
                "Actual Total Time": 516.784,
                "Actual Rows": 333630,
                "Actual Loops": 2,
                "Inner Unique": true,
                "Hash Cond": "(mk.movie_id = t.id)",
                "Plans": [
                  {
                    "Node Type": "Bitmap Heap Scan",
                    "Parent Relationship": "Outer",
                    "Parallel Aware": true,
                    "Relation Name": "movie_keyword",
                    "Alias": "mk",
                    "Startup Cost": 20383.3,
                    "Total Cost": 51902.64,
                    "Plan Rows": 565227,
                    "Plan Width": 4,
                    "Actual Startup Time": 70.423,
                    "Actual Total Time": 160.951,
                    "Actual Rows": 478582,
                    "Actual Loops": 2,
                    "Recheck Cond": "(keyword_id > 19805)",
                    "Rows Removed by Index Recheck": 0,
                    "Exact Heap Blocks": 13489,
                    "Lossy Heap Blocks": 0,
                    "Plans": [
                      {
                        "Node Type": "Bitmap Index Scan",
                        "Parent Relationship": "Outer",
                        "Parallel Aware": false,
                        "Index Name": "keyword_id_movie_keyword",
                        "Startup Cost": 0.0,
                        "Total Cost": 20143.08,
                        "Plan Rows": 960886,
                        "Plan Width": 0,
                        "Actual Startup Time": 66.752,
                        "Actual Total Time": 66.753,
                        "Actual Rows": 957164,
                        "Actual Loops": 1,
                        "Index Cond": "(keyword_id > 19805)"
                      }
                    ]
                  },
                  {
                    "Node Type": "Hash",
                    "Parent Relationship": "Inner",
                    "Parallel Aware": true,
                    "Startup Cost": 58306.47,
                    "Total Cost": 58306.47,
                    "Plan Rows": 523412,
                    "Plan Width": 4,
                    "Actual Startup Time": 253.354,
                    "Actual Total Time": 253.355,
                    "Actual Rows": 400352,
                    "Actual Loops": 2,
                    "Hash Buckets": 1048576,
                    "Original Hash Buckets": 1048576,
                    "Hash Batches": 1,
                    "Original Hash Batches": 1,
                    "Peak Memory Usage": 39552,
                    "Plans": [
                      {
                        "Node Type": "Seq Scan",
                        "Parent Relationship": "Outer",
                        "Parallel Aware": true,
                        "Relation Name": "title",
                        "Alias": "t",
                        "Startup Cost": 0.0,
                        "Total Cost": 58306.47,
                        "Plan Rows": 523412,
                        "Plan Width": 4,
                        "Actual Startup Time": 0.039,
                        "Actual Total Time": 156.97,
                        "Actual Rows": 400352,
                        "Actual Loops": 2,
                        "Filter": "((kind_id < 7) AND (production_year > 1954))",
                        "Rows Removed by Filter": 863804
                      }
                    ]
                  }
                ]
              }
            ]
          }
        ]
      }
    ]
  },
  "Planning Time": 0.652,
  "Triggers": [],
  "Execution Time": 555.571
}