{
  "Plan": {
    "Node Type": "Aggregate",
    "Strategy": "Plain",
    "Partial Mode": "Finalize",
    "Parallel Aware": false,
    "Startup Cost": 848890.55,
    "Total Cost": 848890.56,
    "Plan Rows": 1,
    "Plan Width": 8,
    "Actual Startup Time": 6130.031,
    "Actual Total Time": 6202.057,
    "Actual Rows": 1,
    "Actual Loops": 1,
    "Plans": [
      {
        "Node Type": "Gather",
        "Parent Relationship": "Outer",
        "Parallel Aware": false,
        "Startup Cost": 848890.43,
        "Total Cost": 848890.54,
        "Plan Rows": 1,
        "Plan Width": 8,
        "Actual Startup Time": 6116.92,
        "Actual Total Time": 6202.048,
        "Actual Rows": 2,
        "Actual Loops": 1,
        "Workers Planned": 1,
        "Workers Launched": 1,
        "Single Copy": false,
        "Plans": [
          {
            "Node Type": "Aggregate",
            "Strategy": "Plain",
            "Partial Mode": "Partial",
            "Parent Relationship": "Outer",
            "Parallel Aware": false,
            "Startup Cost": 847890.43,
            "Total Cost": 847890.44,
            "Plan Rows": 1,
            "Plan Width": 8,
            "Actual Startup Time": 6096.16,
            "Actual Total Time": 6096.166,
            "Actual Rows": 1,
            "Actual Loops": 2,
            "Plans": [
              {
                "Node Type": "Hash Join",
                "Parent Relationship": "Outer",
                "Parallel Aware": true,
                "Join Type": "Inner",
                "Startup Cost": 165938.12,
                "Total Cost": 825074.05,
                "Plan Rows": 9126552,
                "Plan Width": 0,
                "Actual Startup Time": 3297.412,
                "Actual Total Time": 5636.126,
                "Actual Rows": 11464842,
                "Actual Loops": 2,
                "Inner Unique": false,
                "Hash Cond": "(ci.movie_id = t.id)",
                "Plans": [
                  {
                    "Node Type": "Seq Scan",
                    "Parent Relationship": "Outer",
                    "Parallel Aware": true,
                    "Relation Name": "cast_info",
                    "Alias": "ci",
                    "Startup Cost": 0.0,
                    "Total Cost": 572345.93,
                    "Plan Rows": 5296703,
                    "Plan Width": 4,
                    "Actual Startup Time": 723.471,
                    "Actual Total Time": 1708.271,
                    "Actual Rows": 1909886,
                    "Actual Loops": 2,
                    "Filter": "((person_id < 1354993) AND (role_id > 1))",
                    "Rows Removed by Filter": 16212286
                  },
                  {
                    "Node Type": "Hash",
                    "Parent Relationship": "Inner",
                    "Parallel Aware": true,
                    "Startup Cost": 133905.71,
                    "Total Cost": 133905.71,
                    "Plan Rows": 2562593,
                    "Plan Width": 8,
                    "Actual Startup Time": 2532.154,
                    "Actual Total Time": 2532.158,
                    "Actual Rows": 2171128,
                    "Actual Loops": 2,
                    "Hash Buckets": 8388608,
                    "Original Hash Buckets": 8388608,
                    "Hash Batches": 1,
                    "Original Hash Batches": 1,
                    "Peak Memory Usage": 235424,
                    "Plans": [
                      {
                        "Node Type": "Hash Join",
                        "Parent Relationship": "Outer",
                        "Parallel Aware": true,
                        "Join Type": "Inner",
                        "Startup Cost": 69460.7,
                        "Total Cost": 133905.71,
                        "Plan Rows": 2562593,
                        "Plan Width": 8,
                        "Actual Startup Time": 877.166,
                        "Actual Total Time": 1868.395,
                        "Actual Rows": 2171128,
                        "Actual Loops": 2,
                        "Inner Unique": true,
                        "Hash Cond": "(mk.movie_id = t.id)",
                        "Plans": [
                          {
                            "Node Type": "Seq Scan",
                            "Parent Relationship": "Outer",
                            "Parallel Aware": true,
                            "Relation Name": "movie_keyword",
                            "Alias": "mk",
                            "Startup Cost": 0.0,
                            "Total Cost": 57718.19,
                            "Plan Rows": 2562593,
                            "Plan Width": 4,
                            "Actual Startup Time": 0.035,
                            "Actual Total Time": 366.424,
                            "Actual Rows": 2171128,
                            "Actual Loops": 2,
                            "Filter": "(keyword_id > 132)",
                            "Rows Removed by Filter": 90837
                          },
                          {
                            "Node Type": "Hash",
                            "Parent Relationship": "Inner",
                            "Parallel Aware": true,
                            "Startup Cost": 50870.31,
                            "Total Cost": 50870.31,
                            "Plan Rows": 1487231,
                            "Plan Width": 4,
                            "Actual Startup Time": 858.334,
                            "Actual Total Time": 858.335,
                            "Actual Rows": 1264156,
                            "Actual Loops": 2,
                            "Hash Buckets": 4194304,
                            "Original Hash Buckets": 4194304,
                            "Hash Batches": 1,
                            "Original Hash Batches": 1,
                            "Peak Memory Usage": 131712,
                            "Plans": [
                              {
                                "Node Type": "Seq Scan",
                                "Parent Relationship": "Outer",
                                "Parallel Aware": true,
                                "Relation Name": "title",
                                "Alias": "t",
                                "Startup Cost": 0.0,
                                "Total Cost": 50870.31,
                                "Plan Rows": 1487231,
                                "Plan Width": 4,
                                "Actual Startup Time": 0.045,
                                "Actual Total Time": 252.041,
                                "Actual Rows": 1264156,
                                "Actual Loops": 2
                              }
                            ]
                          }
                        ]
                      }
                    ]
                  }
                ]
              }
            ]
          }
        ]
      }
    ]
  },
  "Planning Time": 0.909,
  "Triggers": [],
  "Execution Time": 6202.143
}