[
  {
    "Plan": {
      "Node Type": "Aggregate",
      "Strategy": "Plain",
      "Partial Mode": "Finalize",
      "Parallel Aware": false,
      "Startup Cost": 82232.52,
      "Total Cost": 82232.53,
      "Plan Rows": 1,
      "Plan Width": 8,
      "Actual Startup Time": 321.843,
      "Actual Total Time": 336.967,
      "Actual Rows": 1,
      "Actual Loops": 1,
      "Plans": [
        {
          "Node Type": "Gather",
          "Parent Relationship": "Outer",
          "Parallel Aware": false,
          "Startup Cost": 82232.1,
          "Total Cost": 82232.51,
          "Plan Rows": 4,
          "Plan Width": 8,
          "Actual Startup Time": 318.6,
          "Actual Total Time": 336.955,
          "Actual Rows": 5,
          "Actual Loops": 1,
          "Workers Planned": 4,
          "Workers Launched": 4,
          "Single Copy": false,
          "Plans": [
            {
              "Node Type": "Aggregate",
              "Strategy": "Plain",
              "Partial Mode": "Partial",
              "Parent Relationship": "Outer",
              "Parallel Aware": false,
              "Startup Cost": 81232.1,
              "Total Cost": 81232.11,
              "Plan Rows": 1,
              "Plan Width": 8,
              "Actual Startup Time": 308.912,
              "Actual Total Time": 308.916,
              "Actual Rows": 1,
              "Actual Loops": 5,
              "Plans": [
                {
                  "Node Type": "Hash Join",
                  "Parent Relationship": "Outer",
                  "Parallel Aware": true,
                  "Join Type": "Inner",
                  "Startup Cost": 34616.43,
                  "Total Cost": 80735.85,
                  "Plan Rows": 198500,
                  "Plan Width": 0,
                  "Actual Startup Time": 117.925,
                  "Actual Total Time": 304.241,
                  "Actual Rows": 99597,
                  "Actual Loops": 5,
                  "Inner Unique": false,
                  "Hash Cond": "(t.id = mc.movie_id)",
                  "Plans": [
                    {
                      "Node Type": "Seq Scan",
                      "Parent Relationship": "Outer",
                      "Parallel Aware": true,
                      "Relation Name": "title",
                      "Alias": "t",
                      "Startup Cost": 0.0,
                      "Total Cost": 42318.73,
                      "Plan Rows": 632073,
                      "Plan Width": 4,
                      "Actual Startup Time": 0.013,
                      "Actual Total Time": 67.105,
                      "Actual Rows": 505662,
                      "Actual Loops": 5
                    },
                    {
                      "Node Type": "Hash",
                      "Parent Relationship": "Inner",
                      "Parallel Aware": true,
                      "Startup Cost": 31414.82,
                      "Total Cost": 31414.82,
                      "Plan Rows": 256129,
                      "Plan Width": 4,
                      "Actual Startup Time": 113.568,
                      "Actual Total Time": 113.569,
                      "Actual Rows": 99597,
                      "Actual Loops": 5,
                      "Hash Buckets": 1048576,
                      "Original Hash Buckets": 1048576,
                      "Hash Batches": 1,
                      "Original Hash Batches": 1,
                      "Peak Memory Usage": 27776,
                      "Plans": [
                        {
                          "Node Type": "Seq Scan",
                          "Parent Relationship": "Outer",
                          "Parallel Aware": true,
                          "Relation Name": "movie_companies",
                          "Alias": "mc",
                          "Startup Cost": 0.0,
                          "Total Cost": 31414.82,
                          "Plan Rows": 256129,
                          "Plan Width": 4,
                          "Actual Startup Time": 46.124,
                          "Actual Total Time": 75.822,
                          "Actual Rows": 99597,
                          "Actual Loops": 5,
                          "Filter": "((company_id < 14840) AND (company_type_id = 2))",
                          "Rows Removed by Filter": 422229
                        }
                      ]
                    }
                  ]
                }
              ]
            }
          ]
        }
      ]
    },
    "Planning Time": 0.672,
    "Triggers": [],
    "Execution Time": 337.037
  }
]