[
  {
    "Plan": {
      "Node Type": "Aggregate",
      "Strategy": "Plain",
      "Partial Mode": "Finalize",
      "Parallel Aware": false,
      "Startup Cost": 23878.76,
      "Total Cost": 23878.77,
      "Plan Rows": 1,
      "Plan Width": 8,
      "Actual Startup Time": 29.691,
      "Actual Total Time": 37.071,
      "Actual Rows": 1,
      "Actual Loops": 1,
      "Plans": [
        {
          "Node Type": "Gather",
          "Parent Relationship": "Outer",
          "Parallel Aware": false,
          "Startup Cost": 23878.54,
          "Total Cost": 23878.75,
          "Plan Rows": 2,
          "Plan Width": 8,
          "Actual Startup Time": 29.541,
          "Actual Total Time": 37.066,
          "Actual Rows": 3,
          "Actual Loops": 1,
          "Workers Planned": 2,
          "Workers Launched": 2,
          "Single Copy": false,
          "Plans": [
            {
              "Node Type": "Aggregate",
              "Strategy": "Plain",
              "Partial Mode": "Partial",
              "Parent Relationship": "Outer",
              "Parallel Aware": false,
              "Startup Cost": 22878.54,
              "Total Cost": 22878.55,
              "Plan Rows": 1,
              "Plan Width": 8,
              "Actual Startup Time": 26.513,
              "Actual Total Time": 26.514,
              "Actual Rows": 1,
              "Actual Loops": 3,
              "Plans": [
                {
                  "Node Type": "Nested Loop",
                  "Parent Relationship": "Outer",
                  "Parallel Aware": false,
                  "Join Type": "Inner",
                  "Startup Cost": 87.68,
                  "Total Cost": 22877.8,
                  "Plan Rows": 298,
                  "Plan Width": 0,
                  "Actual Startup Time": 0.812,
                  "Actual Total Time": 26.355,
                  "Actual Rows": 1251,
                  "Actual Loops": 3,
                  "Inner Unique": true,
                  "Plans": [
                    {
                      "Node Type": "Nested Loop",
                      "Parent Relationship": "Outer",
                      "Parallel Aware": false,
                      "Join Type": "Inner",
                      "Startup Cost": 87.25,
                      "Total Cost": 21466.75,
                      "Plan Rows": 1683,
                      "Plan Width": 8,
                      "Actual Startup Time": 0.743,
                      "Actual Total Time": 16.611,
                      "Actual Rows": 1251,
                      "Actual Loops": 3,
                      "Inner Unique": false,
                      "Plans": [
                        {
                          "Node Type": "Bitmap Heap Scan",
                          "Parent Relationship": "Outer",
                          "Parallel Aware": true,
                          "Relation Name": "movie_keyword",
                          "Alias": "mk",
                          "Startup Cost": 86.82,
                          "Total Cost": 10431.52,
                          "Plan Rows": 1634,
                          "Plan Width": 4,
                          "Actual Startup Time": 0.669,
                          "Actual Total Time": 5.715,
                          "Actual Rows": 1395,
                          "Actual Loops": 3,
                          "Recheck Cond": "(keyword_id = 230)",
                          "Rows Removed by Index Recheck": 0,
                          "Exact Heap Blocks": 2772,
                          "Lossy Heap Blocks": 0,
                          "Plans": [
                            {
                              "Node Type": "Bitmap Index Scan",
                              "Parent Relationship": "Outer",
                              "Parallel Aware": false,
                              "Index Name": "keyword_id_movie_keyword",
                              "Startup Cost": 0.0,
                              "Total Cost": 85.84,
                              "Plan Rows": 3921,
                              "Plan Width": 0,
                              "Actual Startup Time": 1.231,
                              "Actual Total Time": 1.231,
                              "Actual Rows": 4185,
                              "Actual Loops": 1,
                              "Index Cond": "(keyword_id = 230)"
                            }
                          ]
                        },
                        {
                          "Node Type": "Index Scan",
                          "Parent Relationship": "Inner",
                          "Parallel Aware": false,
                          "Scan Direction": "Forward",
                          "Index Name": "movie_id_movie_info_idx",
                          "Relation Name": "movie_info_idx",
                          "Alias": "mi_idx",
                          "Startup Cost": 0.43,
                          "Total Cost": 6.74,
                          "Plan Rows": 1,
                          "Plan Width": 4,
                          "Actual Startup Time": 0.007,
                          "Actual Total Time": 0.007,
                          "Actual Rows": 1,
                          "Actual Loops": 4185,
                          "Index Cond": "(movie_id = mk.movie_id)",
                          "Rows Removed by Index Recheck": 0,
                          "Filter": "(info_type_id = 100)",
                          "Rows Removed by Filter": 2
                        }
                      ]
                    },
                    {
                      "Node Type": "Index Only Scan",
                      "Parent Relationship": "Inner",
                      "Parallel Aware": false,
                      "Scan Direction": "Forward",
                      "Index Name": "title_pkey",
                      "Relation Name": "title",
                      "Alias": "t",
                      "Startup Cost": 0.43,
                      "Total Cost": 0.84,
                      "Plan Rows": 1,
                      "Plan Width": 4,
                      "Actual Startup Time": 0.007,
                      "Actual Total Time": 0.007,
                      "Actual Rows": 1,
                      "Actual Loops": 3753,
                      "Index Cond": "(id = mi_idx.movie_id)",
                      "Rows Removed by Index Recheck": 0,
                      "Heap Fetches": 3753
                    }
                  ]
                }
              ]
            }
          ]
        }
      ]
    },
    "Planning Time": 0.494,
    "Triggers": [],
    "Execution Time": 37.116
  }
]