[
  {
    "Plan": {
      "Node Type": "Aggregate",
      "Strategy": "Plain",
      "Partial Mode": "Finalize",
      "Parallel Aware": false,
      "Startup Cost": 46349.81,
      "Total Cost": 46349.82,
      "Plan Rows": 1,
      "Plan Width": 8,
      "Actual Startup Time": 164.476,
      "Actual Total Time": 173.795,
      "Actual Rows": 1,
      "Actual Loops": 1,
      "Plans": [
        {
          "Node Type": "Gather",
          "Parent Relationship": "Outer",
          "Parallel Aware": false,
          "Startup Cost": 46349.49,
          "Total Cost": 46349.8,
          "Plan Rows": 3,
          "Plan Width": 8,
          "Actual Startup Time": 164.373,
          "Actual Total Time": 173.787,
          "Actual Rows": 4,
          "Actual Loops": 1,
          "Workers Planned": 3,
          "Workers Launched": 3,
          "Single Copy": false,
          "Plans": [
            {
              "Node Type": "Aggregate",
              "Strategy": "Plain",
              "Partial Mode": "Partial",
              "Parent Relationship": "Outer",
              "Parallel Aware": false,
              "Startup Cost": 45349.49,
              "Total Cost": 45349.5,
              "Plan Rows": 1,
              "Plan Width": 8,
              "Actual Startup Time": 156.496,
              "Actual Total Time": 156.498,
              "Actual Rows": 1,
              "Actual Loops": 4,
              "Plans": [
                {
                  "Node Type": "Seq Scan",
                  "Parent Relationship": "Outer",
                  "Parallel Aware": true,
                  "Relation Name": "movie_keyword",
                  "Alias": "mk",
                  "Startup Cost": 0.0,
                  "Total Cost": 42695.65,
                  "Plan Rows": 1061536,
                  "Plan Width": 0,
                  "Actual Startup Time": 0.107,
                  "Actual Total Time": 119.485,
                  "Actual Rows": 822144,
                  "Actual Loops": 4,
                  "Filter": "(keyword_id > 1570)",
                  "Rows Removed by Filter": 308839
                }
              ]
            }
          ]
        }
      ]
    },
    "Planning Time": 0.072,
    "Triggers": [],
    "Execution Time": 173.82
  }
]