{
  "Plan": {
    "Node Type": "Aggregate",
    "Strategy": "Plain",
    "Partial Mode": "Finalize",
    "Parallel Aware": false,
    "Startup Cost": 117394.44,
    "Total Cost": 117394.45,
    "Plan Rows": 1,
    "Plan Width": 8,
    "Actual Startup Time": 840.377,
    "Actual Total Time": 861.706,
    "Actual Rows": 1,
    "Actual Loops": 1,
    "Plans": [
      {
        "Node Type": "Gather",
        "Parent Relationship": "Outer",
        "Parallel Aware": false,
        "Startup Cost": 117394.33,
        "Total Cost": 117394.44,
        "Plan Rows": 1,
        "Plan Width": 8,
        "Actual Startup Time": 834.891,
        "Actual Total Time": 861.698,
        "Actual Rows": 2,
        "Actual Loops": 1,
        "Workers Planned": 1,
        "Workers Launched": 1,
        "Single Copy": false,
        "Plans": [
          {
            "Node Type": "Aggregate",
            "Strategy": "Plain",
            "Partial Mode": "Partial",
            "Parent Relationship": "Outer",
            "Parallel Aware": false,
            "Startup Cost": 116394.33,
            "Total Cost": 116394.34,
            "Plan Rows": 1,
            "Plan Width": 8,
            "Actual Startup Time": 823.091,
            "Actual Total Time": 823.095,
            "Actual Rows": 1,
            "Actual Loops": 2,
            "Plans": [
              {
                "Node Type": "Hash Join",
                "Parent Relationship": "Outer",
                "Parallel Aware": true,
                "Join Type": "Inner",
                "Startup Cost": 85475.73,
                "Total Cost": 115521.5,
                "Plan Rows": 349134,
                "Plan Width": 0,
                "Actual Startup Time": 626.577,
                "Actual Total Time": 809.852,
                "Actual Rows": 314790,
                "Actual Loops": 2,
                "Inner Unique": true,
                "Hash Cond": "(mk.movie_id = t.id)",
                "Plans": [
                  {
                    "Node Type": "Bitmap Heap Scan",
                    "Parent Relationship": "Outer",
                    "Parallel Aware": true,
                    "Relation Name": "movie_keyword",
                    "Alias": "mk",
                    "Startup Cost": 13331.28,
                    "Total Cost": 42406.57,
                    "Plan Rows": 369704,
                    "Plan Width": 4,
                    "Actual Startup Time": 33.414,
                    "Actual Total Time": 115.138,
                    "Actual Rows": 319819,
                    "Actual Loops": 2,
                    "Recheck Cond": "(keyword_id < 496)",
                    "Rows Removed by Index Recheck": 0,
                    "Exact Heap Blocks": 14147,
                    "Lossy Heap Blocks": 0,
                    "Plans": [
                      {
                        "Node Type": "Bitmap Index Scan",
                        "Parent Relationship": "Outer",
                        "Parallel Aware": false,
                        "Index Name": "keyword_id_movie_keyword",
                        "Startup Cost": 0.0,
                        "Total Cost": 13174.15,
                        "Plan Rows": 628496,
                        "Plan Width": 0,
                        "Actual Startup Time": 29.846,
                        "Actual Total Time": 29.847,
                        "Actual Rows": 639638,
                        "Actual Loops": 1,
                        "Index Cond": "(keyword_id < 496)"
                      }
                    ]
                  },
                  {
                    "Node Type": "Hash",
                    "Parent Relationship": "Inner",
                    "Parallel Aware": true,
                    "Startup Cost": 54588.39,
                    "Total Cost": 54588.39,
                    "Plan Rows": 1404485,
                    "Plan Width": 4,
                    "Actual Startup Time": 571.742,
                    "Actual Total Time": 571.743,
                    "Actual Rows": 1194438,
                    "Actual Loops": 2,
                    "Hash Buckets": 4194304,
                    "Original Hash Buckets": 4194304,
                    "Hash Batches": 1,
                    "Original Hash Batches": 1,
                    "Peak Memory Usage": 126240,
                    "Plans": [
                      {
                        "Node Type": "Seq Scan",
                        "Parent Relationship": "Outer",
                        "Parallel Aware": true,
                        "Relation Name": "title",
                        "Alias": "t",
                        "Startup Cost": 0.0,
                        "Total Cost": 54588.39,
                        "Plan Rows": 1404485,
                        "Plan Width": 4,
                        "Actual Startup Time": 0.033,
                        "Actual Total Time": 187.256,
                        "Actual Rows": 1194438,
                        "Actual Loops": 2,
                        "Filter": "(production_year < 2013)",
                        "Rows Removed by Filter": 69718
                      }
                    ]
                  }
                ]
              }
            ]
          }
        ]
      }
    ]
  },
  "Planning Time": 0.489,
  "Triggers": [],
  "Execution Time": 861.8
}