[
  {
    "Plan": {
      "Node Type": "Aggregate",
      "Strategy": "Plain",
      "Partial Mode": "Finalize",
      "Parallel Aware": false,
      "Startup Cost": 430565.37,
      "Total Cost": 430565.38,
      "Plan Rows": 1,
      "Plan Width": 8,
      "Actual Startup Time": 1468.364,
      "Actual Total Time": 1522.289,
      "Actual Rows": 1,
      "Actual Loops": 1,
      "Plans": [
        {
          "Node Type": "Gather",
          "Parent Relationship": "Outer",
          "Parallel Aware": false,
          "Startup Cost": 430564.75,
          "Total Cost": 430565.36,
          "Plan Rows": 6,
          "Plan Width": 8,
          "Actual Startup Time": 1462.807,
          "Actual Total Time": 1522.263,
          "Actual Rows": 7,
          "Actual Loops": 1,
          "Workers Planned": 6,
          "Workers Launched": 6,
          "Single Copy": false,
          "Plans": [
            {
              "Node Type": "Aggregate",
              "Strategy": "Plain",
              "Partial Mode": "Partial",
              "Parent Relationship": "Outer",
              "Parallel Aware": false,
              "Startup Cost": 429564.75,
              "Total Cost": 429564.76,
              "Plan Rows": 1,
              "Plan Width": 8,
              "Actual Startup Time": 1452.971,
              "Actual Total Time": 1453.087,
              "Actual Rows": 1,
              "Actual Loops": 7,
              "Plans": [
                {
                  "Node Type": "Hash Join",
                  "Parent Relationship": "Outer",
                  "Parallel Aware": true,
                  "Join Type": "Inner",
                  "Startup Cost": 82100.98,
                  "Total Cost": 426359.59,
                  "Plan Rows": 1282064,
                  "Plan Width": 0,
                  "Actual Startup Time": 354.111,
                  "Actual Total Time": 1410.853,
                  "Actual Rows": 959077,
                  "Actual Loops": 7,
                  "Inner Unique": false,
                  "Hash Cond": "(ci.movie_id = t.id)",
                  "Plans": [
                    {
                      "Node Type": "Seq Scan",
                      "Parent Relationship": "Outer",
                      "Parallel Aware": true,
                      "Relation Name": "cast_info",
                      "Alias": "ci",
                      "Startup Cost": 0.0,
                      "Total Cost": 328211.39,
                      "Plan Rows": 3176408,
                      "Plan Width": 4,
                      "Actual Startup Time": 0.036,
                      "Actual Total Time": 570.729,
                      "Actual Rows": 2751268,
                      "Actual Loops": 7,
                      "Filter": "(person_id < 1924675)",
                      "Rows Removed by Filter": 2426495
                    },
                    {
                      "Node Type": "Hash",
                      "Parent Relationship": "Inner",
                      "Parallel Aware": true,
                      "Startup Cost": 77985.96,
                      "Total Cost": 77985.96,
                      "Plan Rows": 329201,
                      "Plan Width": 8,
                      "Actual Startup Time": 349.265,
                      "Actual Total Time": 349.379,
                      "Actual Rows": 56147,
                      "Actual Loops": 7,
                      "Hash Buckets": 1048576,
                      "Original Hash Buckets": 1048576,
                      "Hash Batches": 1,
                      "Original Hash Batches": 1,
                      "Peak Memory Usage": 23712,
                      "Plans": [
                        {
                          "Node Type": "Hash Join",
                          "Parent Relationship": "Outer",
                          "Parallel Aware": true,
                          "Join Type": "Inner",
                          "Startup Cost": 48570.07,
                          "Total Cost": 77985.96,
                          "Plan Rows": 329201,
                          "Plan Width": 8,
                          "Actual Startup Time": 199.129,
                          "Actual Total Time": 322.015,
                          "Actual Rows": 56147,
                          "Actual Loops": 7,
                          "Inner Unique": true,
                          "Hash Cond": "(mc.movie_id = t.id)",
                          "Plans": [
                            {
                              "Node Type": "Seq Scan",
                              "Parent Relationship": "Outer",
                              "Parallel Aware": true,
                              "Relation Name": "movie_companies",
                              "Alias": "mc",
                              "Startup Cost": 0.0,
                              "Total Cost": 27206.55,
                              "Plan Rows": 841655,
                              "Plan Width": 4,
                              "Actual Startup Time": 0.012,
                              "Actual Total Time": 38.854,
                              "Actual Rows": 372733,
                              "Actual Loops": 7
                            },
                            {
                              "Node Type": "Hash",
                              "Parent Relationship": "Inner",
                              "Parallel Aware": true,
                              "Startup Cost": 45479.59,
                              "Total Cost": 45479.59,
                              "Plan Rows": 247239,
                              "Plan Width": 4,
                              "Actual Startup Time": 197.436,
                              "Actual Total Time": 197.438,
                              "Actual Rows": 153499,
                              "Actual Loops": 7,
                              "Hash Buckets": 2097152,
                              "Original Hash Buckets": 1048576,
                              "Hash Batches": 1,
                              "Original Hash Batches": 1,
                              "Peak Memory Usage": 66688,
                              "Plans": [
                                {
                                  "Node Type": "Seq Scan",
                                  "Parent Relationship": "Outer",
                                  "Parallel Aware": true,
                                  "Relation Name": "title",
                                  "Alias": "t",
                                  "Startup Cost": 0.0,
                                  "Total Cost": 45479.59,
                                  "Plan Rows": 247239,
                                  "Plan Width": 4,
                                  "Actual Startup Time": 0.047,
                                  "Actual Total Time": 85.765,
                                  "Actual Rows": 153499,
                                  "Actual Loops": 7,
                                  "Filter": "((production_year > 1995) AND (kind_id = 7))",
                                  "Rows Removed by Filter": 207688
                                }
                              ]
                            }
                          ]
                        }
                      ]
                    }
                  ]
                }
              ]
            }
          ]
        }
      ]
    },
    "Planning Time": 0.917,
    "Triggers": [],
    "Execution Time": 1522.362
  }
]