{
  "Plan": {
    "Node Type": "Aggregate",
    "Strategy": "Plain",
    "Partial Mode": "Finalize",
    "Parallel Aware": false,
    "Startup Cost": 105209.22,
    "Total Cost": 105209.23,
    "Plan Rows": 1,
    "Plan Width": 8,
    "Actual Startup Time": 415.481,
    "Actual Total Time": 429.16,
    "Actual Rows": 1,
    "Actual Loops": 1,
    "Plans": [
      {
        "Node Type": "Gather",
        "Parent Relationship": "Outer",
        "Parallel Aware": false,
        "Startup Cost": 105209.11,
        "Total Cost": 105209.22,
        "Plan Rows": 1,
        "Plan Width": 8,
        "Actual Startup Time": 414.91,
        "Actual Total Time": 429.154,
        "Actual Rows": 2,
        "Actual Loops": 1,
        "Workers Planned": 1,
        "Workers Launched": 1,
        "Single Copy": false,
        "Plans": [
          {
            "Node Type": "Aggregate",
            "Strategy": "Plain",
            "Partial Mode": "Partial",
            "Parent Relationship": "Outer",
            "Parallel Aware": false,
            "Startup Cost": 104209.11,
            "Total Cost": 104209.12,
            "Plan Rows": 1,
            "Plan Width": 8,
            "Actual Startup Time": 408.481,
            "Actual Total Time": 408.487,
            "Actual Rows": 1,
            "Actual Loops": 2,
            "Plans": [
              {
                "Node Type": "Hash Join",
                "Parent Relationship": "Outer",
                "Parallel Aware": true,
                "Join Type": "Inner",
                "Startup Cost": 85028.92,
                "Total Cost": 104187.22,
                "Plan Rows": 8757,
                "Plan Width": 0,
                "Actual Startup Time": 332.227,
                "Actual Total Time": 407.924,
                "Actual Rows": 12238,
                "Actual Loops": 2,
                "Inner Unique": false,
                "Hash Cond": "(mi_idx.movie_id = t.id)",
                "Plans": [
                  {
                    "Node Type": "Seq Scan",
                    "Parent Relationship": "Outer",
                    "Parallel Aware": true,
                    "Relation Name": "movie_info_idx",
                    "Alias": "mi_idx",
                    "Startup Cost": 0.0,
                    "Total Cost": 18082.32,
                    "Plan Rows": 273193,
                    "Plan Width": 4,
                    "Actual Startup Time": 0.027,
                    "Actual Total Time": 51.171,
                    "Actual Rows": 229962,
                    "Actual Loops": 2,
                    "Filter": "(info_type_id = 100)",
                    "Rows Removed by Filter": 460055
                  },
                  {
                    "Node Type": "Hash",
                    "Parent Relationship": "Inner",
                    "Parallel Aware": true,
                    "Startup Cost": 84433.03,
                    "Total Cost": 84433.03,
                    "Plan Rows": 47671,
                    "Plan Width": 8,
                    "Actual Startup Time": 330.043,
                    "Actual Total Time": 330.047,
                    "Actual Rows": 19810,
                    "Actual Loops": 2,
                    "Hash Buckets": 131072,
                    "Original Hash Buckets": 131072,
                    "Hash Batches": 1,
                    "Original Hash Batches": 1,
                    "Peak Memory Usage": 2592,
                    "Plans": [
                      {
                        "Node Type": "Hash Join",
                        "Parent Relationship": "Outer",
                        "Parallel Aware": true,
                        "Join Type": "Inner",
                        "Startup Cost": 25445.34,
                        "Total Cost": 84433.03,
                        "Plan Rows": 47671,
                        "Plan Width": 8,
                        "Actual Startup Time": 86.544,
                        "Actual Total Time": 323.142,
                        "Actual Rows": 19810,
                        "Actual Loops": 2,
                        "Inner Unique": false,
                        "Hash Cond": "(t.id = mc.movie_id)",
                        "Plans": [
                          {
                            "Node Type": "Seq Scan",
                            "Parent Relationship": "Outer",
                            "Parallel Aware": true,
                            "Relation Name": "title",
                            "Alias": "t",
                            "Startup Cost": 0.0,
                            "Total Cost": 54588.39,
                            "Plan Rows": 659021,
                            "Plan Width": 4,
                            "Actual Startup Time": 0.013,
                            "Actual Total Time": 145.427,
                            "Actual Rows": 553962,
                            "Actual Loops": 2,
                            "Filter": "(production_year > 2004)",
                            "Rows Removed by Filter": 710194
                          },
                          {
                            "Node Type": "Hash",
                            "Parent Relationship": "Inner",
                            "Parallel Aware": true,
                            "Startup Cost": 24100.58,
                            "Total Cost": 24100.58,
                            "Plan Rows": 107581,
                            "Plan Width": 4,
                            "Actual Startup Time": 84.33,
                            "Actual Total Time": 84.332,
                            "Actual Rows": 91209,
                            "Actual Loops": 2,
                            "Hash Buckets": 262144,
                            "Original Hash Buckets": 262144,
                            "Hash Batches": 1,
                            "Original Hash Batches": 1,
                            "Peak Memory Usage": 9216,
                            "Plans": [
                              {
                                "Node Type": "Bitmap Heap Scan",
                                "Parent Relationship": "Outer",
                                "Parallel Aware": true,
                                "Relation Name": "movie_companies",
                                "Alias": "mc",
                                "Startup Cost": 3965.81,
                                "Total Cost": 24100.58,
                                "Plan Rows": 107581,
                                "Plan Width": 4,
                                "Actual Startup Time": 20.629,
                                "Actual Total Time": 61.638,
                                "Actual Rows": 91209,
                                "Actual Loops": 2,
                                "Recheck Cond": "(company_id < 46)",
                                "Rows Removed by Index Recheck": 0,
                                "Exact Heap Blocks": 10823,
                                "Lossy Heap Blocks": 0,
                                "Plans": [
                                  {
                                    "Node Type": "Bitmap Index Scan",
                                    "Parent Relationship": "Outer",
                                    "Parallel Aware": false,
                                    "Index Name": "company_id_movie_companies",
                                    "Startup Cost": 0.0,
                                    "Total Cost": 3920.09,
                                    "Plan Rows": 182888,
                                    "Plan Width": 0,
                                    "Actual Startup Time": 18.97,
                                    "Actual Total Time": 18.97,
                                    "Actual Rows": 182418,
                                    "Actual Loops": 1,
                                    "Index Cond": "(company_id < 46)"
                                  }
                                ]
                              }
                            ]
                          }
                        ]
                      }
                    ]
                  }
                ]
              }
            ]
          }
        ]
      }
    ]
  },
  "Planning Time": 1.064,
  "Triggers": [],
  "Execution Time": 429.263
}