{
  "Plan": {
    "Node Type": "Aggregate",
    "Strategy": "Plain",
    "Partial Mode": "Finalize",
    "Parallel Aware": false,
    "Startup Cost": 126731.38,
    "Total Cost": 126731.39,
    "Plan Rows": 1,
    "Plan Width": 8,
    "Actual Startup Time": 1117.977,
    "Actual Total Time": 1134.032,
    "Actual Rows": 1,
    "Actual Loops": 1,
    "Plans": [
      {
        "Node Type": "Gather",
        "Parent Relationship": "Outer",
        "Parallel Aware": false,
        "Startup Cost": 126731.26,
        "Total Cost": 126731.37,
        "Plan Rows": 1,
        "Plan Width": 8,
        "Actual Startup Time": 1113.783,
        "Actual Total Time": 1134.016,
        "Actual Rows": 2,
        "Actual Loops": 1,
        "Workers Planned": 1,
        "Workers Launched": 1,
        "Single Copy": false,
        "Plans": [
          {
            "Node Type": "Aggregate",
            "Strategy": "Plain",
            "Partial Mode": "Partial",
            "Parent Relationship": "Outer",
            "Parallel Aware": false,
            "Startup Cost": 125731.26,
            "Total Cost": 125731.27,
            "Plan Rows": 1,
            "Plan Width": 8,
            "Actual Startup Time": 1108.184,
            "Actual Total Time": 1109.552,
            "Actual Rows": 1,
            "Actual Loops": 2,
            "Plans": [
              {
                "Node Type": "Hash Join",
                "Parent Relationship": "Outer",
                "Parallel Aware": true,
                "Join Type": "Inner",
                "Startup Cost": 115369.95,
                "Total Cost": 125566.72,
                "Plan Rows": 65818,
                "Plan Width": 0,
                "Actual Startup Time": 1008.861,
                "Actual Total Time": 1103.781,
                "Actual Rows": 129680,
                "Actual Loops": 2,
                "Inner Unique": false,
                "Hash Cond": "(ci.movie_id = t.id)",
                "Plans": [
                  {
                    "Node Type": "Index Scan",
                    "Parent Relationship": "Outer",
                    "Parallel Aware": true,
                    "Scan Direction": "Forward",
                    "Index Name": "role_id_cast_info",
                    "Relation Name": "cast_info",
                    "Alias": "ci",
                    "Startup Cost": 0.56,
                    "Total Cost": 9152.21,
                    "Plan Rows": 175457,
                    "Plan Width": 4,
                    "Actual Startup Time": 0.073,
                    "Actual Total Time": 23.913,
                    "Actual Rows": 158059,
                    "Actual Loops": 2,
                    "Index Cond": "(role_id > 10)",
                    "Rows Removed by Index Recheck": 0
                  },
                  {
                    "Node Type": "Hash",
                    "Parent Relationship": "Inner",
                    "Parallel Aware": true,
                    "Startup Cost": 108395.7,
                    "Total Cost": 108395.7,
                    "Plan Rows": 557895,
                    "Plan Width": 8,
                    "Actual Startup Time": 999.657,
                    "Actual Total Time": 1001.023,
                    "Actual Rows": 480072,
                    "Actual Loops": 2,
                    "Hash Buckets": 1048576,
                    "Original Hash Buckets": 1048576,
                    "Hash Batches": 1,
                    "Original Hash Batches": 1,
                    "Peak Memory Usage": 45792,
                    "Plans": [
                      {
                        "Node Type": "Hash Join",
                        "Parent Relationship": "Outer",
                        "Parallel Aware": true,
                        "Join Type": "Inner",
                        "Startup Cost": 44948.46,
                        "Total Cost": 108395.7,
                        "Plan Rows": 557895,
                        "Plan Width": 8,
                        "Actual Startup Time": 272.118,
                        "Actual Total Time": 862.949,
                        "Actual Rows": 480072,
                        "Actual Loops": 2,
                        "Inner Unique": false,
                        "Hash Cond": "(t.id = mc.movie_id)",
                        "Plans": [
                          {
                            "Node Type": "Seq Scan",
                            "Parent Relationship": "Outer",
                            "Parallel Aware": true,
                            "Relation Name": "title",
                            "Alias": "t",
                            "Startup Cost": 0.0,
                            "Total Cost": 50870.31,
                            "Plan Rows": 1487231,
                            "Plan Width": 4,
                            "Actual Startup Time": 0.013,
                            "Actual Total Time": 136.655,
                            "Actual Rows": 1264156,
                            "Actual Loops": 2
                          },
                          {
                            "Node Type": "Hash",
                            "Parent Relationship": "Inner",
                            "Parallel Aware": true,
                            "Startup Cost": 37974.77,
                            "Total Cost": 37974.77,
                            "Plan Rows": 557895,
                            "Plan Width": 4,
                            "Actual Startup Time": 266.32,
                            "Actual Total Time": 266.321,
                            "Actual Rows": 480072,
                            "Actual Loops": 2,
                            "Hash Buckets": 1048576,
                            "Original Hash Buckets": 1048576,
                            "Hash Batches": 1,
                            "Original Hash Batches": 1,
                            "Peak Memory Usage": 45760,
                            "Plans": [
                              {
                                "Node Type": "Seq Scan",
                                "Parent Relationship": "Outer",
                                "Parallel Aware": true,
                                "Relation Name": "movie_companies",
                                "Alias": "mc",
                                "Startup Cost": 0.0,
                                "Total Cost": 37974.77,
                                "Plan Rows": 557895,
                                "Plan Width": 4,
                                "Actual Startup Time": 28.083,
                                "Actual Total Time": 137.698,
                                "Actual Rows": 480072,
                                "Actual Loops": 2,
                                "Filter": "(company_id > 18111)",
                                "Rows Removed by Filter": 824493
                              }
                            ]
                          }
                        ]
                      }
                    ]
                  }
                ]
              }
            ]
          }
        ]
      }
    ]
  },
  "Planning Time": 1.07,
  "Triggers": [],
  "Execution Time": 1134.14
}