[
  {
    "Plan": {
      "Node Type": "Aggregate",
      "Strategy": "Plain",
      "Partial Mode": "Finalize",
      "Parallel Aware": false,
      "Startup Cost": 44590.05,
      "Total Cost": 44590.06,
      "Plan Rows": 1,
      "Plan Width": 8,
      "Actual Startup Time": 130.862,
      "Actual Total Time": 140.066,
      "Actual Rows": 1,
      "Actual Loops": 1,
      "Plans": [
        {
          "Node Type": "Gather",
          "Parent Relationship": "Outer",
          "Parallel Aware": false,
          "Startup Cost": 44589.74,
          "Total Cost": 44590.05,
          "Plan Rows": 3,
          "Plan Width": 8,
          "Actual Startup Time": 130.721,
          "Actual Total Time": 140.058,
          "Actual Rows": 4,
          "Actual Loops": 1,
          "Workers Planned": 3,
          "Workers Launched": 3,
          "Single Copy": false,
          "Plans": [
            {
              "Node Type": "Aggregate",
              "Strategy": "Plain",
              "Partial Mode": "Partial",
              "Parent Relationship": "Outer",
              "Parallel Aware": false,
              "Startup Cost": 43589.74,
              "Total Cost": 43589.75,
              "Plan Rows": 1,
              "Plan Width": 8,
              "Actual Startup Time": 124.51,
              "Actual Total Time": 124.512,
              "Actual Rows": 1,
              "Actual Loops": 4,
              "Plans": [
                {
                  "Node Type": "Seq Scan",
                  "Parent Relationship": "Outer",
                  "Parallel Aware": true,
                  "Relation Name": "movie_keyword",
                  "Alias": "mk",
                  "Startup Cost": 0.0,
                  "Total Cost": 42695.65,
                  "Plan Rows": 357633,
                  "Plan Width": 0,
                  "Actual Startup Time": 0.05,
                  "Actual Total Time": 109.707,
                  "Actual Rows": 279546,
                  "Actual Loops": 4,
                  "Filter": "(keyword_id < 1173)",
                  "Rows Removed by Filter": 851436
                }
              ]
            }
          ]
        }
      ]
    },
    "Planning Time": 0.189,
    "Triggers": [],
    "Execution Time": 140.12
  }
]