[
  {
    "Plan": {
      "Node Type": "Aggregate",
      "Strategy": "Plain",
      "Partial Mode": "Finalize",
      "Parallel Aware": false,
      "Startup Cost": 44587.97,
      "Total Cost": 44587.98,
      "Plan Rows": 1,
      "Plan Width": 8,
      "Actual Startup Time": 136.735,
      "Actual Total Time": 145.704,
      "Actual Rows": 1,
      "Actual Loops": 1,
      "Plans": [
        {
          "Node Type": "Gather",
          "Parent Relationship": "Outer",
          "Parallel Aware": false,
          "Startup Cost": 44587.65,
          "Total Cost": 44587.96,
          "Plan Rows": 3,
          "Plan Width": 8,
          "Actual Startup Time": 136.621,
          "Actual Total Time": 145.696,
          "Actual Rows": 4,
          "Actual Loops": 1,
          "Workers Planned": 3,
          "Workers Launched": 3,
          "Single Copy": false,
          "Plans": [
            {
              "Node Type": "Aggregate",
              "Strategy": "Plain",
              "Partial Mode": "Partial",
              "Parent Relationship": "Outer",
              "Parallel Aware": false,
              "Startup Cost": 43587.65,
              "Total Cost": 43587.66,
              "Plan Rows": 1,
              "Plan Width": 8,
              "Actual Startup Time": 128.163,
              "Actual Total Time": 128.164,
              "Actual Rows": 1,
              "Actual Loops": 4,
              "Plans": [
                {
                  "Node Type": "Seq Scan",
                  "Parent Relationship": "Outer",
                  "Parallel Aware": true,
                  "Relation Name": "movie_keyword",
                  "Alias": "mk",
                  "Startup Cost": 0.0,
                  "Total Cost": 42695.65,
                  "Plan Rows": 356800,
                  "Plan Width": 0,
                  "Actual Startup Time": 0.057,
                  "Actual Total Time": 112.847,
                  "Actual Rows": 279546,
                  "Actual Loops": 4,
                  "Filter": "(keyword_id < 1173)",
                  "Rows Removed by Filter": 851436
                }
              ]
            }
          ]
        }
      ]
    },
    "Planning Time": 0.163,
    "Triggers": [],
    "Execution Time": 145.756
  }
]