[
  {
    "Plan": {
      "Node Type": "Aggregate",
      "Strategy": "Plain",
      "Partial Mode": "Finalize",
      "Parallel Aware": false,
      "Startup Cost": 33021.88,
      "Total Cost": 33021.89,
      "Plan Rows": 1,
      "Plan Width": 8,
      "Actual Startup Time": 103.543,
      "Actual Total Time": 112.284,
      "Actual Rows": 1,
      "Actual Loops": 1,
      "Plans": [
        {
          "Node Type": "Gather",
          "Parent Relationship": "Outer",
          "Parallel Aware": false,
          "Startup Cost": 33021.56,
          "Total Cost": 33021.87,
          "Plan Rows": 3,
          "Plan Width": 8,
          "Actual Startup Time": 103.297,
          "Actual Total Time": 112.275,
          "Actual Rows": 4,
          "Actual Loops": 1,
          "Workers Planned": 3,
          "Workers Launched": 3,
          "Single Copy": false,
          "Plans": [
            {
              "Node Type": "Aggregate",
              "Strategy": "Plain",
              "Partial Mode": "Partial",
              "Parent Relationship": "Outer",
              "Parallel Aware": false,
              "Startup Cost": 32021.56,
              "Total Cost": 32021.57,
              "Plan Rows": 1,
              "Plan Width": 8,
              "Actual Startup Time": 94.882,
              "Actual Total Time": 94.884,
              "Actual Rows": 1,
              "Actual Loops": 4,
              "Plans": [
                {
                  "Node Type": "Seq Scan",
                  "Parent Relationship": "Outer",
                  "Parallel Aware": true,
                  "Relation Name": "movie_companies",
                  "Alias": "mc",
                  "Startup Cost": 0.0,
                  "Total Cost": 31414.82,
                  "Plan Rows": 242696,
                  "Plan Width": 0,
                  "Actual Startup Time": 52.738,
                  "Actual Total Time": 89.002,
                  "Actual Rows": 117797,
                  "Actual Loops": 4,
                  "Filter": "((company_id < 13523) AND (company_type_id > 1))",
                  "Rows Removed by Filter": 534485
                }
              ]
            }
          ]
        }
      ]
    },
    "Planning Time": 0.195,
    "Triggers": [],
    "Execution Time": 112.338
  }
]