[
  {
    "Plan": {
      "Node Type": "Aggregate",
      "Strategy": "Plain",
      "Partial Mode": "Finalize",
      "Parallel Aware": false,
      "Startup Cost": 97548.67,
      "Total Cost": 97548.68,
      "Plan Rows": 1,
      "Plan Width": 8,
      "Actual Startup Time": 531.173,
      "Actual Total Time": 548.086,
      "Actual Rows": 1,
      "Actual Loops": 1,
      "Plans": [
        {
          "Node Type": "Gather",
          "Parent Relationship": "Outer",
          "Parallel Aware": false,
          "Startup Cost": 97548.35,
          "Total Cost": 97548.66,
          "Plan Rows": 3,
          "Plan Width": 8,
          "Actual Startup Time": 521.097,
          "Actual Total Time": 548.067,
          "Actual Rows": 4,
          "Actual Loops": 1,
          "Workers Planned": 3,
          "Workers Launched": 3,
          "Single Copy": false,
          "Plans": [
            {
              "Node Type": "Aggregate",
              "Strategy": "Plain",
              "Partial Mode": "Partial",
              "Parent Relationship": "Outer",
              "Parallel Aware": false,
              "Startup Cost": 96548.35,
              "Total Cost": 96548.36,
              "Plan Rows": 1,
              "Plan Width": 8,
              "Actual Startup Time": 512.036,
              "Actual Total Time": 512.039,
              "Actual Rows": 1,
              "Actual Loops": 4,
              "Plans": [
                {
                  "Node Type": "Hash Join",
                  "Parent Relationship": "Outer",
                  "Parallel Aware": true,
                  "Join Type": "Inner",
                  "Startup Cost": 50219.81,
                  "Total Cost": 94776.21,
                  "Plan Rows": 708857,
                  "Plan Width": 0,
                  "Actual Startup Time": 294.047,
                  "Actual Total Time": 489.163,
                  "Actual Rows": 548950,
                  "Actual Loops": 4,
                  "Inner Unique": true,
                  "Hash Cond": "(mk.movie_id = t.id)",
                  "Plans": [
                    {
                      "Node Type": "Seq Scan",
                      "Parent Relationship": "Outer",
                      "Parallel Aware": true,
                      "Relation Name": "movie_keyword",
                      "Alias": "mk",
                      "Startup Cost": 0.0,
                      "Total Cost": 42695.65,
                      "Plan Rows": 708857,
                      "Plan Width": 4,
                      "Actual Startup Time": 0.013,
                      "Actual Total Time": 95.3,
                      "Actual Rows": 548950,
                      "Actual Loops": 4,
                      "Filter": "(keyword_id < 4370)",
                      "Rows Removed by Filter": 582033
                    },
                    {
                      "Node Type": "Hash",
                      "Parent Relationship": "Inner",
                      "Parallel Aware": true,
                      "Startup Cost": 42318.81,
                      "Total Cost": 42318.81,
                      "Plan Rows": 632080,
                      "Plan Width": 4,
                      "Actual Startup Time": 287.17,
                      "Actual Total Time": 287.171,
                      "Actual Rows": 632078,
                      "Actual Loops": 4,
                      "Hash Buckets": 4194304,
                      "Original Hash Buckets": 4194304,
                      "Hash Batches": 1,
                      "Original Hash Batches": 1,
                      "Peak Memory Usage": 131776,
                      "Plans": [
                        {
                          "Node Type": "Seq Scan",
                          "Parent Relationship": "Outer",
                          "Parallel Aware": true,
                          "Relation Name": "title",
                          "Alias": "t",
                          "Startup Cost": 0.0,
                          "Total Cost": 42318.81,
                          "Plan Rows": 632080,
                          "Plan Width": 4,
                          "Actual Startup Time": 0.023,
                          "Actual Total Time": 83.4,
                          "Actual Rows": 632078,
                          "Actual Loops": 4
                        }
                      ]
                    }
                  ]
                }
              ]
            }
          ]
        }
      ]
    },
    "Planning Time": 0.218,
    "Triggers": [],
    "Execution Time": 548.114
  }
]