{
  "Plan": {
    "Node Type": "Aggregate",
    "Strategy": "Plain",
    "Partial Mode": "Finalize",
    "Parallel Aware": false,
    "Startup Cost": 34142.74,
    "Total Cost": 34142.75,
    "Plan Rows": 1,
    "Plan Width": 8,
    "Actual Startup Time": 30.165,
    "Actual Total Time": 34.106,
    "Actual Rows": 1,
    "Actual Loops": 1,
    "Plans": [
      {
        "Node Type": "Gather",
        "Parent Relationship": "Outer",
        "Parallel Aware": false,
        "Startup Cost": 34142.62,
        "Total Cost": 34142.73,
        "Plan Rows": 1,
        "Plan Width": 8,
        "Actual Startup Time": 29.983,
        "Actual Total Time": 34.102,
        "Actual Rows": 2,
        "Actual Loops": 1,
        "Workers Planned": 1,
        "Workers Launched": 1,
        "Single Copy": false,
        "Plans": [
          {
            "Node Type": "Aggregate",
            "Strategy": "Plain",
            "Partial Mode": "Partial",
            "Parent Relationship": "Outer",
            "Parallel Aware": false,
            "Startup Cost": 33142.62,
            "Total Cost": 33142.63,
            "Plan Rows": 1,
            "Plan Width": 8,
            "Actual Startup Time": 24.06,
            "Actual Total Time": 24.062,
            "Actual Rows": 1,
            "Actual Loops": 2,
            "Plans": [
              {
                "Node Type": "Nested Loop",
                "Parent Relationship": "Outer",
                "Parallel Aware": false,
                "Join Type": "Inner",
                "Startup Cost": 106.69,
                "Total Cost": 33142.59,
                "Plan Rows": 15,
                "Plan Width": 0,
                "Actual Startup Time": 13.591,
                "Actual Total Time": 24.053,
                "Actual Rows": 23,
                "Actual Loops": 2,
                "Inner Unique": false,
                "Plans": [
                  {
                    "Node Type": "Nested Loop",
                    "Parent Relationship": "Outer",
                    "Parallel Aware": false,
                    "Join Type": "Inner",
                    "Startup Cost": 106.26,
                    "Total Cost": 33011.0,
                    "Plan Rows": 21,
                    "Plan Width": 8,
                    "Actual Startup Time": 13.58,
                    "Actual Total Time": 24.005,
                    "Actual Rows": 2,
                    "Actual Loops": 2,
                    "Inner Unique": true,
                    "Plans": [
                      {
                        "Node Type": "Bitmap Heap Scan",
                        "Parent Relationship": "Outer",
                        "Parallel Aware": true,
                        "Relation Name": "movie_keyword",
                        "Alias": "mk",
                        "Startup Cost": 105.83,
                        "Total Cost": 12127.48,
                        "Plan Rows": 2839,
                        "Plan Width": 4,
                        "Actual Startup Time": 1.931,
                        "Actual Total Time": 8.661,
                        "Actual Rows": 2328,
                        "Actual Loops": 2,
                        "Recheck Cond": "(keyword_id = 1515)",
                        "Rows Removed by Index Recheck": 0,
                        "Exact Heap Blocks": 4008,
                        "Lossy Heap Blocks": 0,
                        "Plans": [
                          {
                            "Node Type": "Bitmap Index Scan",
                            "Parent Relationship": "Outer",
                            "Parallel Aware": false,
                            "Index Name": "keyword_id_movie_keyword",
                            "Startup Cost": 0.0,
                            "Total Cost": 104.63,
                            "Plan Rows": 4826,
                            "Plan Width": 0,
                            "Actual Startup Time": 2.39,
                            "Actual Total Time": 2.39,
                            "Actual Rows": 4655,
                            "Actual Loops": 1,
                            "Index Cond": "(keyword_id = 1515)"
                          }
                        ]
                      },
                      {
                        "Node Type": "Index Scan",
                        "Parent Relationship": "Inner",
                        "Parallel Aware": false,
                        "Scan Direction": "Forward",
                        "Index Name": "title_pkey",
                        "Relation Name": "title",
                        "Alias": "t",
                        "Startup Cost": 0.43,
                        "Total Cost": 7.36,
                        "Plan Rows": 1,
                        "Plan Width": 4,
                        "Actual Startup Time": 0.006,
                        "Actual Total Time": 0.006,
                        "Actual Rows": 0,
                        "Actual Loops": 4655,
                        "Index Cond": "(id = mk.movie_id)",
                        "Rows Removed by Index Recheck": 0,
                        "Filter": "((production_year > 2010) AND (kind_id = 4))",
                        "Rows Removed by Filter": 1
                      }
                    ]
                  },
                  {
                    "Node Type": "Index Scan",
                    "Parent Relationship": "Inner",
                    "Parallel Aware": false,
                    "Scan Direction": "Forward",
                    "Index Name": "movie_id_movie_companies",
                    "Relation Name": "movie_companies",
                    "Alias": "mc",
                    "Startup Cost": 0.43,
                    "Total Cost": 6.23,
                    "Plan Rows": 4,
                    "Plan Width": 4,
                    "Actual Startup Time": 0.011,
                    "Actual Total Time": 0.016,
                    "Actual Rows": 9,
                    "Actual Loops": 5,
                    "Index Cond": "(movie_id = t.id)",
                    "Rows Removed by Index Recheck": 0,
                    "Filter": "(company_id > 2507)",
                    "Rows Removed by Filter": 5
                  }
                ]
              }
            ]
          }
        ]
      }
    ]
  },
  "Planning Time": 0.471,
  "Triggers": [],
  "Execution Time": 34.157
}