{
  "Plan": {
    "Node Type": "Aggregate",
    "Strategy": "Plain",
    "Partial Mode": "Finalize",
    "Parallel Aware": false,
    "Startup Cost": 402166.11,
    "Total Cost": 402166.12,
    "Plan Rows": 1,
    "Plan Width": 8,
    "Actual Startup Time": 2508.47,
    "Actual Total Time": 2591.686,
    "Actual Rows": 1,
    "Actual Loops": 1,
    "Plans": [
      {
        "Node Type": "Gather",
        "Parent Relationship": "Outer",
        "Parallel Aware": false,
        "Startup Cost": 402166.0,
        "Total Cost": 402166.11,
        "Plan Rows": 1,
        "Plan Width": 8,
        "Actual Startup Time": 2506.317,
        "Actual Total Time": 2591.675,
        "Actual Rows": 2,
        "Actual Loops": 1,
        "Workers Planned": 1,
        "Workers Launched": 1,
        "Single Copy": false,
        "Plans": [
          {
            "Node Type": "Aggregate",
            "Strategy": "Plain",
            "Partial Mode": "Partial",
            "Parent Relationship": "Outer",
            "Parallel Aware": false,
            "Startup Cost": 401166.0,
            "Total Cost": 401166.01,
            "Plan Rows": 1,
            "Plan Width": 8,
            "Actual Startup Time": 2500.243,
            "Actual Total Time": 2500.551,
            "Actual Rows": 1,
            "Actual Loops": 2,
            "Plans": [
              {
                "Node Type": "Nested Loop",
                "Parent Relationship": "Outer",
                "Parallel Aware": false,
                "Join Type": "Inner",
                "Startup Cost": 44716.69,
                "Total Cost": 398019.04,
                "Plan Rows": 1258781,
                "Plan Width": 0,
                "Actual Startup Time": 193.134,
                "Actual Total Time": 2408.151,
                "Actual Rows": 2192686,
                "Actual Loops": 2,
                "Inner Unique": false,
                "Plans": [
                  {
                    "Node Type": "Hash Join",
                    "Parent Relationship": "Outer",
                    "Parallel Aware": true,
                    "Join Type": "Inner",
                    "Startup Cost": 44716.13,
                    "Total Cost": 106788.17,
                    "Plan Rows": 87848,
                    "Plan Width": 8,
                    "Actual Startup Time": 193.054,
                    "Actual Total Time": 488.52,
                    "Actual Rows": 91380,
                    "Actual Loops": 2,
                    "Inner Unique": false,
                    "Hash Cond": "(t.id = mc.movie_id)",
                    "Plans": [
                      {
                        "Node Type": "Seq Scan",
                        "Parent Relationship": "Outer",
                        "Parallel Aware": true,
                        "Relation Name": "title",
                        "Alias": "t",
                        "Startup Cost": 0.0,
                        "Total Cost": 58306.47,
                        "Plan Rows": 519812,
                        "Plan Width": 4,
                        "Actual Startup Time": 0.011,
                        "Actual Total Time": 144.827,
                        "Actual Rows": 400496,
                        "Actual Loops": 2,
                        "Filter": "((kind_id > 3) AND (production_year < 2005))",
                        "Rows Removed by Filter": 863660
                      },
                      {
                        "Node Type": "Hash",
                        "Parent Relationship": "Inner",
                        "Parallel Aware": true,
                        "Startup Cost": 41574.35,
                        "Total Cost": 41574.35,
                        "Plan Rows": 251342,
                        "Plan Width": 4,
                        "Actual Startup Time": 187.673,
                        "Actual Total Time": 187.675,
                        "Actual Rows": 305034,
                        "Actual Loops": 2,
                        "Hash Buckets": 1048576,
                        "Original Hash Buckets": 524288,
                        "Hash Batches": 1,
                        "Original Hash Batches": 1,
                        "Peak Memory Usage": 36192,
                        "Plans": [
                          {
                            "Node Type": "Index Scan",
                            "Parent Relationship": "Outer",
                            "Parallel Aware": true,
                            "Scan Direction": "Forward",
                            "Index Name": "company_type_id_movie_companies",
                            "Relation Name": "movie_companies",
                            "Alias": "mc",
                            "Startup Cost": 0.43,
                            "Total Cost": 41574.35,
                            "Plan Rows": 251342,
                            "Plan Width": 4,
                            "Actual Startup Time": 0.11,
                            "Actual Total Time": 113.626,
                            "Actual Rows": 305034,
                            "Actual Loops": 2,
                            "Index Cond": "(company_type_id = 1)",
                            "Rows Removed by Index Recheck": 0,
                            "Filter": "(company_id < 2536)",
                            "Rows Removed by Filter": 332088
                          }
                        ]
                      }
                    ]
                  },
                  {
                    "Node Type": "Index Only Scan",
                    "Parent Relationship": "Inner",
                    "Parallel Aware": false,
                    "Scan Direction": "Forward",
                    "Index Name": "movie_id_cast_info",
                    "Relation Name": "cast_info",
                    "Alias": "ci",
                    "Startup Cost": 0.56,
                    "Total Cost": 2.95,
                    "Plan Rows": 37,
                    "Plan Width": 4,
                    "Actual Startup Time": 0.004,
                    "Actual Total Time": 0.019,
                    "Actual Rows": 24,
                    "Actual Loops": 182760,
                    "Index Cond": "(movie_id = t.id)",
                    "Rows Removed by Index Recheck": 0,
                    "Heap Fetches": 4385373
                  }
                ]
              }
            ]
          }
        ]
      }
    ]
  },
  "Planning Time": 1.002,
  "Triggers": [],
  "Execution Time": 2591.796
}