{
  "Plan": {
    "Node Type": "Aggregate",
    "Strategy": "Plain",
    "Partial Mode": "Finalize",
    "Parallel Aware": false,
    "Startup Cost": 102737.31,
    "Total Cost": 102737.32,
    "Plan Rows": 1,
    "Plan Width": 8,
    "Actual Startup Time": 334.71,
    "Actual Total Time": 348.247,
    "Actual Rows": 1,
    "Actual Loops": 1,
    "Plans": [
      {
        "Node Type": "Gather",
        "Parent Relationship": "Outer",
        "Parallel Aware": false,
        "Startup Cost": 102737.2,
        "Total Cost": 102737.31,
        "Plan Rows": 1,
        "Plan Width": 8,
        "Actual Startup Time": 334.229,
        "Actual Total Time": 348.236,
        "Actual Rows": 2,
        "Actual Loops": 1,
        "Workers Planned": 1,
        "Workers Launched": 1,
        "Single Copy": false,
        "Plans": [
          {
            "Node Type": "Aggregate",
            "Strategy": "Plain",
            "Partial Mode": "Partial",
            "Parent Relationship": "Outer",
            "Parallel Aware": false,
            "Startup Cost": 101737.2,
            "Total Cost": 101737.21,
            "Plan Rows": 1,
            "Plan Width": 8,
            "Actual Startup Time": 328.563,
            "Actual Total Time": 328.567,
            "Actual Rows": 1,
            "Actual Loops": 2,
            "Plans": [
              {
                "Node Type": "Hash Join",
                "Parent Relationship": "Outer",
                "Parallel Aware": true,
                "Join Type": "Inner",
                "Startup Cost": 58862.08,
                "Total Cost": 101707.77,
                "Plan Rows": 11772,
                "Plan Width": 0,
                "Actual Startup Time": 215.068,
                "Actual Total Time": 328.39,
                "Actual Rows": 3795,
                "Actual Loops": 2,
                "Inner Unique": true,
                "Hash Cond": "(mc.movie_id = t.id)",
                "Plans": [
                  {
                    "Node Type": "Seq Scan",
                    "Parent Relationship": "Outer",
                    "Parallel Aware": true,
                    "Relation Name": "movie_companies",
                    "Alias": "mc",
                    "Startup Cost": 0.0,
                    "Total Cost": 41811.73,
                    "Plan Rows": 393891,
                    "Plan Width": 4,
                    "Actual Startup Time": 51.793,
                    "Actual Total Time": 115.855,
                    "Actual Rows": 458028,
                    "Actual Loops": 2,
                    "Filter": "((company_id > 11238) AND (company_type_id = 2))",
                    "Rows Removed by Filter": 846536
                  },
                  {
                    "Node Type": "Hash",
                    "Parent Relationship": "Inner",
                    "Parallel Aware": true,
                    "Startup Cost": 58306.47,
                    "Total Cost": 58306.47,
                    "Plan Rows": 44449,
                    "Plan Width": 4,
                    "Actual Startup Time": 160.703,
                    "Actual Total Time": 160.704,
                    "Actual Rows": 42038,
                    "Actual Loops": 2,
                    "Hash Buckets": 131072,
                    "Original Hash Buckets": 131072,
                    "Hash Batches": 1,
                    "Original Hash Batches": 1,
                    "Peak Memory Usage": 4352,
                    "Plans": [
                      {
                        "Node Type": "Seq Scan",
                        "Parent Relationship": "Outer",
                        "Parallel Aware": true,
                        "Relation Name": "title",
                        "Alias": "t",
                        "Startup Cost": 0.0,
                        "Total Cost": 58306.47,
                        "Plan Rows": 44449,
                        "Plan Width": 4,
                        "Actual Startup Time": 0.059,
                        "Actual Total Time": 146.033,
                        "Actual Rows": 42038,
                        "Actual Loops": 2,
                        "Filter": "((kind_id = 7) AND (production_year = 2007))",
                        "Rows Removed by Filter": 1222118
                      }
                    ]
                  }
                ]
              }
            ]
          }
        ]
      }
    ]
  },
  "Planning Time": 0.57,
  "Triggers": [],
  "Execution Time": 348.325
}