[
    {
        "Bao": {
            "Bao prediction": "NaN",
            "Bao recommended hint": "(no hint)"
        }
    },
    {
        "Plan": {
            "Node Type": "Aggregate",
            "Strategy": "Plain",
            "Partial Mode": "Finalize",
            "Parallel Aware": false,
            "Startup Cost": 248086.92,
            "Total Cost": 248086.93,
            "Plan Rows": 1,
            "Plan Width": 8,
            "Actual Startup Time": 748.273,
            "Actual Total Time": 775.966,
            "Actual Rows": 1,
            "Actual Loops": 1,
            "Output": [
                "count(*)"
            ],
            "Plans": [
                {
                    "Node Type": "Gather",
                    "Parent Relationship": "Outer",
                    "Parallel Aware": false,
                    "Startup Cost": 248086.39,
                    "Total Cost": 248086.9,
                    "Plan Rows": 5,
                    "Plan Width": 8,
                    "Actual Startup Time": 742.784,
                    "Actual Total Time": 775.954,
                    "Actual Rows": 6,
                    "Actual Loops": 1,
                    "Output": [
                        "(PARTIAL count(*))"
                    ],
                    "Workers Planned": 5,
                    "Workers Launched": 5,
                    "Single Copy": false,
                    "Plans": [
                        {
                            "Node Type": "Aggregate",
                            "Strategy": "Plain",
                            "Partial Mode": "Partial",
                            "Parent Relationship": "Outer",
                            "Parallel Aware": false,
                            "Startup Cost": 247086.39,
                            "Total Cost": 247086.4,
                            "Plan Rows": 1,
                            "Plan Width": 8,
                            "Actual Startup Time": 733.775,
                            "Actual Total Time": 733.779,
                            "Actual Rows": 1,
                            "Actual Loops": 6,
                            "Output": [
                                "PARTIAL count(*)"
                            ],
                            "Workers": [
                                {
                                    "Worker Number": 0,
                                    "Actual Startup Time": 731.558,
                                    "Actual Total Time": 731.561,
                                    "Actual Rows": 1,
                                    "Actual Loops": 1
                                },
                                {
                                    "Worker Number": 1,
                                    "Actual Startup Time": 731.002,
                                    "Actual Total Time": 731.005,
                                    "Actual Rows": 1,
                                    "Actual Loops": 1
                                },
                                {
                                    "Worker Number": 2,
                                    "Actual Startup Time": 731.549,
                                    "Actual Total Time": 731.552,
                                    "Actual Rows": 1,
                                    "Actual Loops": 1
                                },
                                {
                                    "Worker Number": 3,
                                    "Actual Startup Time": 731.931,
                                    "Actual Total Time": 731.934,
                                    "Actual Rows": 1,
                                    "Actual Loops": 1
                                },
                                {
                                    "Worker Number": 4,
                                    "Actual Startup Time": 734.268,
                                    "Actual Total Time": 734.271,
                                    "Actual Rows": 1,
                                    "Actual Loops": 1
                                }
                            ],
                            "Plans": [
                                {
                                    "Node Type": "Hash Join",
                                    "Parent Relationship": "Outer",
                                    "Parallel Aware": true,
                                    "Join Type": "Inner",
                                    "Startup Cost": 46193.86,
                                    "Total Cost": 246650.48,
                                    "Plan Rows": 174367,
                                    "Plan Width": 0,
                                    "Actual Startup Time": 273.958,
                                    "Actual Total Time": 723.812,
                                    "Actual Rows": 140222,
                                    "Actual Loops": 6,
                                    "Inner Unique": true,
                                    "Hash Cond": "(mi.movie_id = t.id)",
                                    "Workers": [
                                        {
                                            "Worker Number": 0,
                                            "Actual Startup Time": 271.069,
                                            "Actual Total Time": 721.715,
                                            "Actual Rows": 136124,
                                            "Actual Loops": 1
                                        },
                                        {
                                            "Worker Number": 1,
                                            "Actual Startup Time": 271.407,
                                            "Actual Total Time": 721.174,
                                            "Actual Rows": 135692,
                                            "Actual Loops": 1
                                        },
                                        {
                                            "Worker Number": 2,
                                            "Actual Startup Time": 271.792,
                                            "Actual Total Time": 721.419,
                                            "Actual Rows": 139818,
                                            "Actual Loops": 1
                                        },
                                        {
                                            "Worker Number": 3,
                                            "Actual Startup Time": 272.597,
                                            "Actual Total Time": 722.081,
                                            "Actual Rows": 135846,
                                            "Actual Loops": 1
                                        },
                                        {
                                            "Worker Number": 4,
                                            "Actual Startup Time": 274.433,
                                            "Actual Total Time": 724.115,
                                            "Actual Rows": 140320,
                                            "Actual Loops": 1
                                        }
                                    ],
                                    "Plans": [
                                        {
                                            "Node Type": "Seq Scan",
                                            "Parent Relationship": "Outer",
                                            "Parallel Aware": true,
                                            "Relation Name": "movie_info",
                                            "Schema": "public",
                                            "Alias": "mi",
                                            "Startup Cost": 0.0,
                                            "Total Cost": 198880.74,
                                            "Plan Rows": 600336,
                                            "Plan Width": 4,
                                            "Actual Startup Time": 93.912,
                                            "Actual Total Time": 404.671,
                                            "Actual Rows": 506120,
                                            "Actual Loops": 6,
                                            "Output": [
                                                "mi.id",
                                                "mi.movie_id",
                                                "mi.info_type_id",
                                                "mi.info",
                                                "mi.note"
                                            ],
                                            "Filter": "(mi.info_type_id = 16)",
                                            "Rows Removed by Filter": 1966500,
                                            "Workers": [
                                                {
                                                    "Worker Number": 0,
                                                    "Actual Startup Time": 93.916,
                                                    "Actual Total Time": 403.454,
                                                    "Actual Rows": 486061,
                                                    "Actual Loops": 1
                                                },
                                                {
                                                    "Worker Number": 1,
                                                    "Actual Startup Time": 93.896,
                                                    "Actual Total Time": 403.431,
                                                    "Actual Rows": 486009,
                                                    "Actual Loops": 1
                                                },
                                                {
                                                    "Worker Number": 2,
                                                    "Actual Startup Time": 93.872,
                                                    "Actual Total Time": 408.546,
                                                    "Actual Rows": 503660,
                                                    "Actual Loops": 1
                                                },
                                                {
                                                    "Worker Number": 3,
                                                    "Actual Startup Time": 94.005,
                                                    "Actual Total Time": 403.689,
                                                    "Actual Rows": 485821,
                                                    "Actual Loops": 1
                                                },
                                                {
                                                    "Worker Number": 4,
                                                    "Actual Startup Time": 93.897,
                                                    "Actual Total Time": 409.176,
                                                    "Actual Rows": 508418,
                                                    "Actual Loops": 1
                                                }
                                            ]
                                        },
                                        {
                                            "Node Type": "Hash",
                                            "Parent Relationship": "Inner",
                                            "Parallel Aware": true,
                                            "Startup Cost": 43899.01,
                                            "Total Cost": 43899.01,
                                            "Plan Rows": 183588,
                                            "Plan Width": 4,
                                            "Actual Startup Time": 176.971,
                                            "Actual Total Time": 176.972,
                                            "Actual Rows": 121831,
                                            "Actual Loops": 6,
                                            "Output": [
                                                "t.id"
                                            ],
                                            "Hash Buckets": 1048576,
                                            "Original Hash Buckets": 1048576,
                                            "Hash Batches": 1,
                                            "Original Hash Batches": 1,
                                            "Peak Memory Usage": 36896,
                                            "Workers": [
                                                {
                                                    "Worker Number": 0,
                                                    "Actual Startup Time": 176.087,
                                                    "Actual Total Time": 176.088,
                                                    "Actual Rows": 133253,
                                                    "Actual Loops": 1
                                                },
                                                {
                                                    "Worker Number": 1,
                                                    "Actual Startup Time": 176.23,
                                                    "Actual Total Time": 176.231,
                                                    "Actual Rows": 131140,
                                                    "Actual Loops": 1
                                                },
                                                {
                                                    "Worker Number": 2,
                                                    "Actual Startup Time": 176.909,
                                                    "Actual Total Time": 176.91,
                                                    "Actual Rows": 133126,
                                                    "Actual Loops": 1
                                                },
                                                {
                                                    "Worker Number": 3,
                                                    "Actual Startup Time": 177.248,
                                                    "Actual Total Time": 177.248,
                                                    "Actual Rows": 131094,
                                                    "Actual Loops": 1
                                                },
                                                {
                                                    "Worker Number": 4,
                                                    "Actual Startup Time": 179.723,
                                                    "Actual Total Time": 179.724,
                                                    "Actual Rows": 82914,
                                                    "Actual Loops": 1
                                                }
                                            ],
                                            "Plans": [
                                                {
                                                    "Node Type": "Seq Scan",
                                                    "Parent Relationship": "Outer",
                                                    "Parallel Aware": true,
                                                    "Relation Name": "title",
                                                    "Schema": "public",
                                                    "Alias": "t",
                                                    "Startup Cost": 0.0,
                                                    "Total Cost": 43899.01,
                                                    "Plan Rows": 183588,
                                                    "Plan Width": 4,
                                                    "Actual Startup Time": 0.043,
                                                    "Actual Total Time": 109.644,
                                                    "Actual Rows": 121831,
                                                    "Actual Loops": 6,
                                                    "Output": [
                                                        "t.id"
                                                    ],
                                                    "Filter": "(t.production_year < 1992)",
                                                    "Rows Removed by Filter": 299554,
                                                    "Workers": [
                                                        {
                                                            "Worker Number": 0,
                                                            "Actual Startup Time": 0.057,
                                                            "Actual Total Time": 109.082,
                                                            "Actual Rows": 133253,
                                                            "Actual Loops": 1
                                                        },
                                                        {
                                                            "Worker Number": 1,
                                                            "Actual Startup Time": 0.056,
                                                            "Actual Total Time": 107.975,
                                                            "Actual Rows": 131140,
                                                            "Actual Loops": 1
                                                        },
                                                        {
                                                            "Worker Number": 2,
                                                            "Actual Startup Time": 0.047,
                                                            "Actual Total Time": 109.87,
                                                            "Actual Rows": 133126,
                                                            "Actual Loops": 1
                                                        },
                                                        {
                                                            "Worker Number": 3,
                                                            "Actual Startup Time": 0.053,
                                                            "Actual Total Time": 108.089,
                                                            "Actual Rows": 131094,
                                                            "Actual Loops": 1
                                                        },
                                                        {
                                                            "Worker Number": 4,
                                                            "Actual Startup Time": 0.03,
                                                            "Actual Total Time": 117.081,
                                                            "Actual Rows": 82914,
                                                            "Actual Loops": 1
                                                        }
                                                    ]
                                                }
                                            ]
                                        }
                                    ]
                                }
                            ]
                        }
                    ]
                }
            ]
        },
        "Planning Time": 291.124,
        "Triggers": [],
        "Execution Time": 776.039
    }
]