[
  {
    "Plan": {
      "Node Type": "Aggregate",
      "Strategy": "Plain",
      "Partial Mode": "Finalize",
      "Parallel Aware": false,
      "Startup Cost": 350180.24,
      "Total Cost": 350180.25,
      "Plan Rows": 1,
      "Plan Width": 8,
      "Actual Startup Time": 1058.285,
      "Actual Total Time": 1121.589,
      "Actual Rows": 1,
      "Actual Loops": 1,
      "Plans": [
        {
          "Node Type": "Gather",
          "Parent Relationship": "Outer",
          "Parallel Aware": false,
          "Startup Cost": 350179.61,
          "Total Cost": 350180.22,
          "Plan Rows": 6,
          "Plan Width": 8,
          "Actual Startup Time": 1058.08,
          "Actual Total Time": 1121.573,
          "Actual Rows": 7,
          "Actual Loops": 1,
          "Workers Planned": 6,
          "Workers Launched": 6,
          "Single Copy": false,
          "Plans": [
            {
              "Node Type": "Aggregate",
              "Strategy": "Plain",
              "Partial Mode": "Partial",
              "Parent Relationship": "Outer",
              "Parallel Aware": false,
              "Startup Cost": 349179.61,
              "Total Cost": 349179.62,
              "Plan Rows": 1,
              "Plan Width": 8,
              "Actual Startup Time": 1046.464,
              "Actual Total Time": 1046.465,
              "Actual Rows": 1,
              "Actual Loops": 7,
              "Plans": [
                {
                  "Node Type": "Seq Scan",
                  "Parent Relationship": "Outer",
                  "Parallel Aware": true,
                  "Relation Name": "cast_info",
                  "Alias": "ci",
                  "Startup Cost": 0.0,
                  "Total Cost": 343316.27,
                  "Plan Rows": 2345336,
                  "Plan Width": 0,
                  "Actual Startup Time": 0.079,
                  "Actual Total Time": 881.82,
                  "Actual Rows": 2501516,
                  "Actual Loops": 7,
                  "Filter": "((person_id < 2168028) AND (role_id < 4))",
                  "Rows Removed by Filter": 2676247
                }
              ]
            }
          ]
        }
      ]
    },
    "Planning Time": 0.157,
    "Triggers": [],
    "Execution Time": 1121.645
  }
]