[
  {
    "Plan": {
      "Node Type": "Aggregate",
      "Strategy": "Plain",
      "Partial Mode": "Finalize",
      "Parallel Aware": false,
      "Startup Cost": 125029.71,
      "Total Cost": 125029.72,
      "Plan Rows": 1,
      "Plan Width": 8,
      "Actual Startup Time": 478.763,
      "Actual Total Time": 504.3,
      "Actual Rows": 1,
      "Actual Loops": 1,
      "Plans": [
        {
          "Node Type": "Gather",
          "Parent Relationship": "Outer",
          "Parallel Aware": false,
          "Startup Cost": 125029.39,
          "Total Cost": 125029.7,
          "Plan Rows": 3,
          "Plan Width": 8,
          "Actual Startup Time": 477.073,
          "Actual Total Time": 504.289,
          "Actual Rows": 4,
          "Actual Loops": 1,
          "Workers Planned": 3,
          "Workers Launched": 3,
          "Single Copy": false,
          "Plans": [
            {
              "Node Type": "Aggregate",
              "Strategy": "Plain",
              "Partial Mode": "Partial",
              "Parent Relationship": "Outer",
              "Parallel Aware": false,
              "Startup Cost": 124029.39,
              "Total Cost": 124029.4,
              "Plan Rows": 1,
              "Plan Width": 8,
              "Actual Startup Time": 466.951,
              "Actual Total Time": 467.015,
              "Actual Rows": 1,
              "Actual Loops": 4,
              "Plans": [
                {
                  "Node Type": "Hash Join",
                  "Parent Relationship": "Outer",
                  "Parallel Aware": true,
                  "Join Type": "Inner",
                  "Startup Cost": 79010.6,
                  "Total Cost": 123779.91,
                  "Plan Rows": 99795,
                  "Plan Width": 0,
                  "Actual Startup Time": 251.113,
                  "Actual Total Time": 455.72,
                  "Actual Rows": 256497,
                  "Actual Loops": 4,
                  "Inner Unique": false,
                  "Hash Cond": "(mk.movie_id = t.id)",
                  "Plans": [
                    {
                      "Node Type": "Seq Scan",
                      "Parent Relationship": "Outer",
                      "Parallel Aware": true,
                      "Relation Name": "movie_keyword",
                      "Alias": "mk",
                      "Startup Cost": 0.0,
                      "Total Cost": 39047.32,
                      "Plan Rows": 1459332,
                      "Plan Width": 4,
                      "Actual Startup Time": 0.032,
                      "Actual Total Time": 93.672,
                      "Actual Rows": 1130982,
                      "Actual Loops": 4
                    },
                    {
                      "Node Type": "Hash",
                      "Parent Relationship": "Inner",
                      "Parallel Aware": true,
                      "Startup Cost": 78470.3,
                      "Total Cost": 78470.3,
                      "Plan Rows": 43224,
                      "Plan Width": 8,
                      "Actual Startup Time": 248.516,
                      "Actual Total Time": 248.579,
                      "Actual Rows": 30793,
                      "Actual Loops": 4,
                      "Hash Buckets": 262144,
                      "Original Hash Buckets": 262144,
                      "Hash Batches": 1,
                      "Original Hash Batches": 1,
                      "Peak Memory Usage": 6944,
                      "Plans": [
                        {
                          "Node Type": "Hash Join",
                          "Parent Relationship": "Outer",
                          "Parallel Aware": true,
                          "Join Type": "Inner",
                          "Startup Cost": 33192.67,
                          "Total Cost": 78470.3,
                          "Plan Rows": 43224,
                          "Plan Width": 8,
                          "Actual Startup Time": 103.305,
                          "Actual Total Time": 237.932,
                          "Actual Rows": 30793,
                          "Actual Loops": 4,
                          "Inner Unique": false,
                          "Hash Cond": "(t.id = mc.movie_id)",
                          "Plans": [
                            {
                              "Node Type": "Seq Scan",
                              "Parent Relationship": "Outer",
                              "Parallel Aware": true,
                              "Relation Name": "title",
                              "Alias": "t",
                              "Startup Cost": 0.0,
                              "Total Cost": 43898.92,
                              "Plan Rows": 247857,
                              "Plan Width": 4,
                              "Actual Startup Time": 0.013,
                              "Actual Total Time": 84.577,
                              "Actual Rows": 246262,
                              "Actual Loops": 4,
                              "Filter": "(kind_id < 7)",
                              "Rows Removed by Filter": 385816
                            },
                            {
                              "Node Type": "Hash",
                              "Parent Relationship": "Inner",
                              "Parallel Aware": true,
                              "Startup Cost": 31414.82,
                              "Total Cost": 31414.82,
                              "Plan Rows": 142228,
                              "Plan Width": 4,
                              "Actual Startup Time": 101.207,
                              "Actual Total Time": 101.208,
                              "Actual Rows": 63080,
                              "Actual Loops": 4,
                              "Hash Buckets": 524288,
                              "Original Hash Buckets": 524288,
                              "Hash Batches": 1,
                              "Original Hash Batches": 1,
                              "Peak Memory Usage": 14048,
                              "Plans": [
                                {
                                  "Node Type": "Seq Scan",
                                  "Parent Relationship": "Outer",
                                  "Parallel Aware": true,
                                  "Relation Name": "movie_companies",
                                  "Alias": "mc",
                                  "Startup Cost": 0.0,
                                  "Total Cost": 31414.82,
                                  "Plan Rows": 142228,
                                  "Plan Width": 4,
                                  "Actual Startup Time": 49.729,
                                  "Actual Total Time": 81.401,
                                  "Actual Rows": 63080,
                                  "Actual Loops": 4,
                                  "Filter": "((company_id < 2541) AND (company_type_id > 1))",
                                  "Rows Removed by Filter": 589202
                                }
                              ]
                            }
                          ]
                        }
                      ]
                    }
                  ]
                }
              ]
            }
          ]
        }
      ]
    },
    "Planning Time": 1.439,
    "Triggers": [],
    "Execution Time": 504.393
  }
]