[
  {
    "Plan": {
      "Node Type": "Aggregate",
      "Strategy": "Plain",
      "Partial Mode": "Finalize",
      "Parallel Aware": false,
      "Startup Cost": 75708.86,
      "Total Cost": 75708.87,
      "Plan Rows": 1,
      "Plan Width": 8,
      "Actual Startup Time": 178.534,
      "Actual Total Time": 190.666,
      "Actual Rows": 1,
      "Actual Loops": 1,
      "Plans": [
        {
          "Node Type": "Gather",
          "Parent Relationship": "Outer",
          "Parallel Aware": false,
          "Startup Cost": 75708.54,
          "Total Cost": 75708.85,
          "Plan Rows": 3,
          "Plan Width": 8,
          "Actual Startup Time": 178.127,
          "Actual Total Time": 190.657,
          "Actual Rows": 4,
          "Actual Loops": 1,
          "Workers Planned": 3,
          "Workers Launched": 3,
          "Single Copy": false,
          "Plans": [
            {
              "Node Type": "Aggregate",
              "Strategy": "Plain",
              "Partial Mode": "Partial",
              "Parent Relationship": "Outer",
              "Parallel Aware": false,
              "Startup Cost": 74708.54,
              "Total Cost": 74708.55,
              "Plan Rows": 1,
              "Plan Width": 8,
              "Actual Startup Time": 174.073,
              "Actual Total Time": 174.075,
              "Actual Rows": 1,
              "Actual Loops": 4,
              "Plans": [
                {
                  "Node Type": "Hash Join",
                  "Parent Relationship": "Outer",
                  "Parallel Aware": true,
                  "Join Type": "Inner",
                  "Startup Cost": 44266.89,
                  "Total Cost": 74660.52,
                  "Plan Rows": 19209,
                  "Plan Width": 0,
                  "Actual Startup Time": 105.092,
                  "Actual Total Time": 172.833,
                  "Actual Rows": 27786,
                  "Actual Loops": 4,
                  "Inner Unique": true,
                  "Hash Cond": "(mc.movie_id = t.id)",
                  "Plans": [
                    {
                      "Node Type": "Seq Scan",
                      "Parent Relationship": "Outer",
                      "Parallel Aware": true,
                      "Relation Name": "movie_companies",
                      "Alias": "mc",
                      "Startup Cost": 0.0,
                      "Total Cost": 29310.68,
                      "Plan Rows": 412551,
                      "Plan Width": 4,
                      "Actual Startup Time": 0.018,
                      "Actual Total Time": 57.952,
                      "Actual Rows": 318562,
                      "Actual Loops": 4,
                      "Filter": "(company_type_id < 2)",
                      "Rows Removed by Filter": 333721
                    },
                    {
                      "Node Type": "Hash",
                      "Parent Relationship": "Inner",
                      "Parallel Aware": true,
                      "Startup Cost": 43899.01,
                      "Total Cost": 43899.01,
                      "Plan Rows": 29431,
                      "Plan Width": 4,
                      "Actual Startup Time": 80.65,
                      "Actual Total Time": 80.651,
                      "Actual Rows": 29464,
                      "Actual Loops": 4,
                      "Hash Buckets": 131072,
                      "Original Hash Buckets": 131072,
                      "Hash Batches": 1,
                      "Original Hash Batches": 1,
                      "Peak Memory Usage": 5696,
                      "Plans": [
                        {
                          "Node Type": "Seq Scan",
                          "Parent Relationship": "Outer",
                          "Parallel Aware": true,
                          "Relation Name": "title",
                          "Alias": "t",
                          "Startup Cost": 0.0,
                          "Total Cost": 43899.01,
                          "Plan Rows": 29431,
                          "Plan Width": 4,
                          "Actual Startup Time": 28.429,
                          "Actual Total Time": 71.991,
                          "Actual Rows": 29464,
                          "Actual Loops": 4,
                          "Filter": "(production_year < 1931)",
                          "Rows Removed by Filter": 602614
                        }
                      ]
                    }
                  ]
                }
              ]
            }
          ]
        }
      ]
    },
    "Planning Time": 0.215,
    "Triggers": [],
    "Execution Time": 190.696
  }
]