[
  {
    "Plan": {
      "Node Type": "Aggregate",
      "Strategy": "Plain",
      "Partial Mode": "Finalize",
      "Parallel Aware": false,
      "Startup Cost": 75710.91,
      "Total Cost": 75710.92,
      "Plan Rows": 1,
      "Plan Width": 8,
      "Actual Startup Time": 212.422,
      "Actual Total Time": 229.163,
      "Actual Rows": 1,
      "Actual Loops": 1,
      "Plans": [
        {
          "Node Type": "Gather",
          "Parent Relationship": "Outer",
          "Parallel Aware": false,
          "Startup Cost": 75710.6,
          "Total Cost": 75710.91,
          "Plan Rows": 3,
          "Plan Width": 8,
          "Actual Startup Time": 211.95,
          "Actual Total Time": 229.153,
          "Actual Rows": 4,
          "Actual Loops": 1,
          "Workers Planned": 3,
          "Workers Launched": 3,
          "Single Copy": false,
          "Plans": [
            {
              "Node Type": "Aggregate",
              "Strategy": "Plain",
              "Partial Mode": "Partial",
              "Parent Relationship": "Outer",
              "Parallel Aware": false,
              "Startup Cost": 74710.6,
              "Total Cost": 74710.61,
              "Plan Rows": 1,
              "Plan Width": 8,
              "Actual Startup Time": 204.48,
              "Actual Total Time": 204.484,
              "Actual Rows": 1,
              "Actual Loops": 4,
              "Plans": [
                {
                  "Node Type": "Hash Join",
                  "Parent Relationship": "Outer",
                  "Parallel Aware": true,
                  "Join Type": "Inner",
                  "Startup Cost": 44264.42,
                  "Total Cost": 74662.68,
                  "Plan Rows": 19166,
                  "Plan Width": 0,
                  "Actual Startup Time": 129.957,
                  "Actual Total Time": 203.331,
                  "Actual Rows": 27786,
                  "Actual Loops": 4,
                  "Inner Unique": true,
                  "Hash Cond": "(mc.movie_id = t.id)",
                  "Plans": [
                    {
                      "Node Type": "Seq Scan",
                      "Parent Relationship": "Outer",
                      "Parallel Aware": true,
                      "Relation Name": "movie_companies",
                      "Alias": "mc",
                      "Startup Cost": 0.0,
                      "Total Cost": 29310.68,
                      "Plan Rows": 414318,
                      "Plan Width": 4,
                      "Actual Startup Time": 0.018,
                      "Actual Total Time": 62.898,
                      "Actual Rows": 318562,
                      "Actual Loops": 4,
                      "Filter": "(company_type_id < 2)",
                      "Rows Removed by Filter": 333721
                    },
                    {
                      "Node Type": "Hash",
                      "Parent Relationship": "Inner",
                      "Parallel Aware": true,
                      "Startup Cost": 43898.92,
                      "Total Cost": 43898.92,
                      "Plan Rows": 29240,
                      "Plan Width": 4,
                      "Actual Startup Time": 101.954,
                      "Actual Total Time": 101.955,
                      "Actual Rows": 29464,
                      "Actual Loops": 4,
                      "Hash Buckets": 131072,
                      "Original Hash Buckets": 131072,
                      "Hash Batches": 1,
                      "Original Hash Batches": 1,
                      "Peak Memory Usage": 5696,
                      "Plans": [
                        {
                          "Node Type": "Seq Scan",
                          "Parent Relationship": "Outer",
                          "Parallel Aware": true,
                          "Relation Name": "title",
                          "Alias": "t",
                          "Startup Cost": 0.0,
                          "Total Cost": 43898.92,
                          "Plan Rows": 29240,
                          "Plan Width": 4,
                          "Actual Startup Time": 45.822,
                          "Actual Total Time": 92.291,
                          "Actual Rows": 29464,
                          "Actual Loops": 4,
                          "Filter": "(production_year < 1931)",
                          "Rows Removed by Filter": 602614
                        }
                      ]
                    }
                  ]
                }
              ]
            }
          ]
        }
      ]
    },
    "Planning Time": 0.661,
    "Triggers": [],
    "Execution Time": 229.233
  }
]