[
  {
    "Plan": {
      "Node Type": "Aggregate",
      "Strategy": "Plain",
      "Partial Mode": "Finalize",
      "Parallel Aware": false,
      "Startup Cost": 52679.53,
      "Total Cost": 52679.54,
      "Plan Rows": 1,
      "Plan Width": 8,
      "Actual Startup Time": 95.825,
      "Actual Total Time": 108.675,
      "Actual Rows": 1,
      "Actual Loops": 1,
      "Plans": [
        {
          "Node Type": "Gather",
          "Parent Relationship": "Outer",
          "Parallel Aware": false,
          "Startup Cost": 52679.11,
          "Total Cost": 52679.52,
          "Plan Rows": 4,
          "Plan Width": 8,
          "Actual Startup Time": 95.649,
          "Actual Total Time": 108.664,
          "Actual Rows": 5,
          "Actual Loops": 1,
          "Workers Planned": 4,
          "Workers Launched": 4,
          "Single Copy": false,
          "Plans": [
            {
              "Node Type": "Aggregate",
              "Strategy": "Plain",
              "Partial Mode": "Partial",
              "Parent Relationship": "Outer",
              "Parallel Aware": false,
              "Startup Cost": 51679.11,
              "Total Cost": 51679.12,
              "Plan Rows": 1,
              "Plan Width": 8,
              "Actual Startup Time": 89.352,
              "Actual Total Time": 89.354,
              "Actual Rows": 1,
              "Actual Loops": 5,
              "Plans": [
                {
                  "Node Type": "Nested Loop",
                  "Parent Relationship": "Outer",
                  "Parallel Aware": false,
                  "Join Type": "Inner",
                  "Startup Cost": 0.43,
                  "Total Cost": 51676.88,
                  "Plan Rows": 892,
                  "Plan Width": 0,
                  "Actual Startup Time": 4.957,
                  "Actual Total Time": 89.201,
                  "Actual Rows": 2546,
                  "Actual Loops": 5,
                  "Inner Unique": false,
                  "Plans": [
                    {
                      "Node Type": "Seq Scan",
                      "Parent Relationship": "Outer",
                      "Parallel Aware": true,
                      "Relation Name": "title",
                      "Alias": "t",
                      "Startup Cost": 0.0,
                      "Total Cost": 45479.59,
                      "Plan Rows": 668,
                      "Plan Width": 4,
                      "Actual Startup Time": 1.94,
                      "Actual Total Time": 79.709,
                      "Actual Rows": 729,
                      "Actual Loops": 5,
                      "Filter": "((kind_id < 4) AND (production_year = 1957))",
                      "Rows Removed by Filter": 504933
                    },
                    {
                      "Node Type": "Index Scan",
                      "Parent Relationship": "Inner",
                      "Parallel Aware": false,
                      "Scan Direction": "Forward",
                      "Index Name": "movie_id_movie_keyword",
                      "Relation Name": "movie_keyword",
                      "Alias": "mk",
                      "Startup Cost": 0.43,
                      "Total Cost": 8.94,
                      "Plan Rows": 34,
                      "Plan Width": 4,
                      "Actual Startup Time": 0.012,
                      "Actual Total Time": 0.012,
                      "Actual Rows": 3,
                      "Actual Loops": 3646,
                      "Index Cond": "(movie_id = t.id)",
                      "Rows Removed by Index Recheck": 0,
                      "Filter": "(keyword_id < 16264)",
                      "Rows Removed by Filter": 1
                    }
                  ]
                }
              ]
            }
          ]
        }
      ]
    },
    "Planning Time": 0.314,
    "Triggers": [],
    "Execution Time": 108.718
  }
]