[
  {
    "Plan": {
      "Node Type": "Aggregate",
      "Strategy": "Plain",
      "Partial Mode": "Finalize",
      "Parallel Aware": false,
      "Startup Cost": 52502.92,
      "Total Cost": 52502.93,
      "Plan Rows": 1,
      "Plan Width": 8,
      "Actual Startup Time": 102.749,
      "Actual Total Time": 116.171,
      "Actual Rows": 1,
      "Actual Loops": 1,
      "Plans": [
        {
          "Node Type": "Gather",
          "Parent Relationship": "Outer",
          "Parallel Aware": false,
          "Startup Cost": 52502.5,
          "Total Cost": 52502.91,
          "Plan Rows": 4,
          "Plan Width": 8,
          "Actual Startup Time": 102.619,
          "Actual Total Time": 116.164,
          "Actual Rows": 5,
          "Actual Loops": 1,
          "Workers Planned": 4,
          "Workers Launched": 4,
          "Single Copy": false,
          "Plans": [
            {
              "Node Type": "Aggregate",
              "Strategy": "Plain",
              "Partial Mode": "Partial",
              "Parent Relationship": "Outer",
              "Parallel Aware": false,
              "Startup Cost": 51502.5,
              "Total Cost": 51502.51,
              "Plan Rows": 1,
              "Plan Width": 8,
              "Actual Startup Time": 93.001,
              "Actual Total Time": 93.003,
              "Actual Rows": 1,
              "Actual Loops": 5,
              "Plans": [
                {
                  "Node Type": "Nested Loop",
                  "Parent Relationship": "Outer",
                  "Parallel Aware": false,
                  "Join Type": "Inner",
                  "Startup Cost": 0.43,
                  "Total Cost": 51500.33,
                  "Plan Rows": 868,
                  "Plan Width": 0,
                  "Actual Startup Time": 8.564,
                  "Actual Total Time": 92.852,
                  "Actual Rows": 2546,
                  "Actual Loops": 5,
                  "Inner Unique": false,
                  "Plans": [
                    {
                      "Node Type": "Seq Scan",
                      "Parent Relationship": "Outer",
                      "Parallel Aware": true,
                      "Relation Name": "title",
                      "Alias": "t",
                      "Startup Cost": 0.0,
                      "Total Cost": 45479.1,
                      "Plan Rows": 649,
                      "Plan Width": 4,
                      "Actual Startup Time": 6.046,
                      "Actual Total Time": 83.333,
                      "Actual Rows": 729,
                      "Actual Loops": 5,
                      "Filter": "((kind_id < 4) AND (production_year = 1957))",
                      "Rows Removed by Filter": 504933
                    },
                    {
                      "Node Type": "Index Scan",
                      "Parent Relationship": "Inner",
                      "Parallel Aware": false,
                      "Scan Direction": "Forward",
                      "Index Name": "movie_id_movie_keyword",
                      "Relation Name": "movie_keyword",
                      "Alias": "mk",
                      "Startup Cost": 0.43,
                      "Total Cost": 8.94,
                      "Plan Rows": 34,
                      "Plan Width": 4,
                      "Actual Startup Time": 0.012,
                      "Actual Total Time": 0.012,
                      "Actual Rows": 3,
                      "Actual Loops": 3646,
                      "Index Cond": "(movie_id = t.id)",
                      "Rows Removed by Index Recheck": 0,
                      "Filter": "(keyword_id < 16264)",
                      "Rows Removed by Filter": 1
                    }
                  ]
                }
              ]
            }
          ]
        }
      ]
    },
    "Planning Time": 0.615,
    "Triggers": [],
    "Execution Time": 116.241
  }
]