[
    {
        "Bao": {
            "Bao prediction": "NaN",
            "Bao recommended hint": "(no hint)"
        }
    },
    {
        "Plan": {
            "Node Type": "Aggregate",
            "Strategy": "Plain",
            "Partial Mode": "Finalize",
            "Parallel Aware": false,
            "Startup Cost": 341432.7,
            "Total Cost": 341432.71,
            "Plan Rows": 1,
            "Plan Width": 8,
            "Actual Startup Time": 885.734,
            "Actual Total Time": 915.801,
            "Actual Rows": 1,
            "Actual Loops": 1,
            "Output": [
                "count(*)"
            ],
            "Plans": [
                {
                    "Node Type": "Gather",
                    "Parent Relationship": "Outer",
                    "Parallel Aware": false,
                    "Startup Cost": 341432.08,
                    "Total Cost": 341432.69,
                    "Plan Rows": 6,
                    "Plan Width": 8,
                    "Actual Startup Time": 885.589,
                    "Actual Total Time": 915.793,
                    "Actual Rows": 7,
                    "Actual Loops": 1,
                    "Output": [
                        "(PARTIAL count(*))"
                    ],
                    "Workers Planned": 6,
                    "Workers Launched": 6,
                    "Single Copy": false,
                    "Plans": [
                        {
                            "Node Type": "Aggregate",
                            "Strategy": "Plain",
                            "Partial Mode": "Partial",
                            "Parent Relationship": "Outer",
                            "Parallel Aware": false,
                            "Startup Cost": 340432.08,
                            "Total Cost": 340432.09,
                            "Plan Rows": 1,
                            "Plan Width": 8,
                            "Actual Startup Time": 876.096,
                            "Actual Total Time": 876.097,
                            "Actual Rows": 1,
                            "Actual Loops": 7,
                            "Output": [
                                "PARTIAL count(*)"
                            ],
                            "Workers": [
                                {
                                    "Worker Number": 0,
                                    "Actual Startup Time": 873.211,
                                    "Actual Total Time": 873.212,
                                    "Actual Rows": 1,
                                    "Actual Loops": 1
                                },
                                {
                                    "Worker Number": 1,
                                    "Actual Startup Time": 873.705,
                                    "Actual Total Time": 873.706,
                                    "Actual Rows": 1,
                                    "Actual Loops": 1
                                },
                                {
                                    "Worker Number": 2,
                                    "Actual Startup Time": 877.428,
                                    "Actual Total Time": 877.43,
                                    "Actual Rows": 1,
                                    "Actual Loops": 1
                                },
                                {
                                    "Worker Number": 3,
                                    "Actual Startup Time": 874.182,
                                    "Actual Total Time": 874.184,
                                    "Actual Rows": 1,
                                    "Actual Loops": 1
                                },
                                {
                                    "Worker Number": 4,
                                    "Actual Startup Time": 874.628,
                                    "Actual Total Time": 874.629,
                                    "Actual Rows": 1,
                                    "Actual Loops": 1
                                },
                                {
                                    "Worker Number": 5,
                                    "Actual Startup Time": 874.692,
                                    "Actual Total Time": 874.694,
                                    "Actual Rows": 1,
                                    "Actual Loops": 1
                                }
                            ],
                            "Plans": [
                                {
                                    "Node Type": "Seq Scan",
                                    "Parent Relationship": "Outer",
                                    "Parallel Aware": true,
                                    "Relation Name": "cast_info",
                                    "Schema": "public",
                                    "Alias": "ci",
                                    "Startup Cost": 0.0,
                                    "Total Cost": 328213.62,
                                    "Plan Rows": 4887384,
                                    "Plan Width": 0,
                                    "Actual Startup Time": 90.134,
                                    "Actual Total Time": 664.768,
                                    "Actual Rows": 4154641,
                                    "Actual Loops": 7,
                                    "Output": [
                                        "id",
                                        "person_id",
                                        "movie_id",
                                        "person_role_id",
                                        "note",
                                        "nr_order",
                                        "role_id"
                                    ],
                                    "Filter": "(ci.person_id > 692261)",
                                    "Rows Removed by Filter": 1023122,
                                    "Workers": [
                                        {
                                            "Worker Number": 0,
                                            "Actual Startup Time": 87.25,
                                            "Actual Total Time": 662.195,
                                            "Actual Rows": 3210836,
                                            "Actual Loops": 1
                                        },
                                        {
                                            "Worker Number": 1,
                                            "Actual Startup Time": 87.74,
                                            "Actual Total Time": 665.793,
                                            "Actual Rows": 3157304,
                                            "Actual Loops": 1
                                        },
                                        {
                                            "Worker Number": 2,
                                            "Actual Startup Time": 91.467,
                                            "Actual Total Time": 672.113,
                                            "Actual Rows": 3122473,
                                            "Actual Loops": 1
                                        },
                                        {
                                            "Worker Number": 3,
                                            "Actual Startup Time": 88.24,
                                            "Actual Total Time": 666.942,
                                            "Actual Rows": 3160757,
                                            "Actual Loops": 1
                                        },
                                        {
                                            "Worker Number": 4,
                                            "Actual Startup Time": 88.65,
                                            "Actual Total Time": 666.957,
                                            "Actual Rows": 5059140,
                                            "Actual Loops": 1
                                        },
                                        {
                                            "Worker Number": 5,
                                            "Actual Startup Time": 88.726,
                                            "Actual Total Time": 666.475,
                                            "Actual Rows": 5069811,
                                            "Actual Loops": 1
                                        }
                                    ]
                                }
                            ]
                        }
                    ]
                }
            ]
        },
        "Planning Time": 227.416,
        "Triggers": [],
        "Execution Time": 915.878
    }
]