[
  {
    "Plan": {
      "Node Type": "Aggregate",
      "Strategy": "Plain",
      "Partial Mode": "Finalize",
      "Parallel Aware": false,
      "Startup Cost": 45435.47,
      "Total Cost": 45435.48,
      "Plan Rows": 1,
      "Plan Width": 8,
      "Actual Startup Time": 142.803,
      "Actual Total Time": 152.178,
      "Actual Rows": 1,
      "Actual Loops": 1,
      "Plans": [
        {
          "Node Type": "Gather",
          "Parent Relationship": "Outer",
          "Parallel Aware": false,
          "Startup Cost": 45435.15,
          "Total Cost": 45435.46,
          "Plan Rows": 3,
          "Plan Width": 8,
          "Actual Startup Time": 142.695,
          "Actual Total Time": 152.171,
          "Actual Rows": 4,
          "Actual Loops": 1,
          "Workers Planned": 3,
          "Workers Launched": 3,
          "Single Copy": false,
          "Plans": [
            {
              "Node Type": "Aggregate",
              "Strategy": "Plain",
              "Partial Mode": "Partial",
              "Parent Relationship": "Outer",
              "Parallel Aware": false,
              "Startup Cost": 44435.15,
              "Total Cost": 44435.16,
              "Plan Rows": 1,
              "Plan Width": 8,
              "Actual Startup Time": 134.564,
              "Actual Total Time": 134.565,
              "Actual Rows": 1,
              "Actual Loops": 4,
              "Plans": [
                {
                  "Node Type": "Seq Scan",
                  "Parent Relationship": "Outer",
                  "Parallel Aware": true,
                  "Relation Name": "movie_keyword",
                  "Alias": "mk",
                  "Startup Cost": 0.0,
                  "Total Cost": 42695.65,
                  "Plan Rows": 695799,
                  "Plan Width": 0,
                  "Actual Startup Time": 0.31,
                  "Actual Total Time": 109.859,
                  "Actual Rows": 535381,
                  "Actual Loops": 4,
                  "Filter": "(keyword_id > 5461)",
                  "Rows Removed by Filter": 595601
                }
              ]
            }
          ]
        }
      ]
    },
    "Planning Time": 0.122,
    "Triggers": [],
    "Execution Time": 152.207
  }
]