{
  "Plan": {
    "Node Type": "Aggregate",
    "Strategy": "Plain",
    "Partial Mode": "Finalize",
    "Parallel Aware": false,
    "Startup Cost": 14253.09,
    "Total Cost": 14253.1,
    "Plan Rows": 1,
    "Plan Width": 8,
    "Actual Startup Time": 33.929,
    "Actual Total Time": 38.586,
    "Actual Rows": 1,
    "Actual Loops": 1,
    "Plans": [
      {
        "Node Type": "Gather",
        "Parent Relationship": "Outer",
        "Parallel Aware": false,
        "Startup Cost": 14252.98,
        "Total Cost": 14253.09,
        "Plan Rows": 1,
        "Plan Width": 8,
        "Actual Startup Time": 33.579,
        "Actual Total Time": 38.58,
        "Actual Rows": 2,
        "Actual Loops": 1,
        "Workers Planned": 1,
        "Workers Launched": 1,
        "Single Copy": false,
        "Plans": [
          {
            "Node Type": "Aggregate",
            "Strategy": "Plain",
            "Partial Mode": "Partial",
            "Parent Relationship": "Outer",
            "Parallel Aware": false,
            "Startup Cost": 13252.98,
            "Total Cost": 13252.99,
            "Plan Rows": 1,
            "Plan Width": 8,
            "Actual Startup Time": 27.588,
            "Actual Total Time": 27.59,
            "Actual Rows": 1,
            "Actual Loops": 2,
            "Plans": [
              {
                "Node Type": "Nested Loop",
                "Parent Relationship": "Outer",
                "Parallel Aware": false,
                "Join Type": "Inner",
                "Startup Cost": 55.86,
                "Total Cost": 13248.94,
                "Plan Rows": 1616,
                "Plan Width": 0,
                "Actual Startup Time": 1.786,
                "Actual Total Time": 26.733,
                "Actual Rows": 7198,
                "Actual Loops": 2,
                "Inner Unique": false,
                "Plans": [
                  {
                    "Node Type": "Nested Loop",
                    "Parent Relationship": "Outer",
                    "Parallel Aware": false,
                    "Join Type": "Inner",
                    "Startup Cost": 55.42,
                    "Total Cost": 12569.36,
                    "Plan Rows": 276,
                    "Plan Width": 8,
                    "Actual Startup Time": 1.629,
                    "Actual Total Time": 12.245,
                    "Actual Rows": 161,
                    "Actual Loops": 2,
                    "Inner Unique": true,
                    "Plans": [
                      {
                        "Node Type": "Bitmap Heap Scan",
                        "Parent Relationship": "Outer",
                        "Parallel Aware": true,
                        "Relation Name": "movie_companies",
                        "Alias": "mc",
                        "Startup Cost": 54.99,
                        "Total Cost": 6830.85,
                        "Plan Rows": 705,
                        "Plan Width": 4,
                        "Actual Startup Time": 1.054,
                        "Actual Total Time": 2.477,
                        "Actual Rows": 1199,
                        "Actual Loops": 2,
                        "Recheck Cond": "(company_id = 575)",
                        "Rows Removed by Index Recheck": 0,
                        "Filter": "(company_type_id < 2)",
                        "Rows Removed by Filter": 2,
                        "Exact Heap Blocks": 323,
                        "Lossy Heap Blocks": 0,
                        "Plans": [
                          {
                            "Node Type": "Bitmap Index Scan",
                            "Parent Relationship": "Outer",
                            "Parallel Aware": false,
                            "Index Name": "company_id_movie_companies",
                            "Startup Cost": 0.0,
                            "Total Cost": 54.69,
                            "Plan Rows": 2435,
                            "Plan Width": 0,
                            "Actual Startup Time": 1.775,
                            "Actual Total Time": 1.776,
                            "Actual Rows": 2403,
                            "Actual Loops": 1,
                            "Index Cond": "(company_id = 575)"
                          }
                        ]
                      },
                      {
                        "Node Type": "Index Scan",
                        "Parent Relationship": "Inner",
                        "Parallel Aware": false,
                        "Scan Direction": "Forward",
                        "Index Name": "title_pkey",
                        "Relation Name": "title",
                        "Alias": "t",
                        "Startup Cost": 0.43,
                        "Total Cost": 8.14,
                        "Plan Rows": 1,
                        "Plan Width": 4,
                        "Actual Startup Time": 0.008,
                        "Actual Total Time": 0.008,
                        "Actual Rows": 0,
                        "Actual Loops": 2398,
                        "Index Cond": "(id = mc.movie_id)",
                        "Rows Removed by Index Recheck": 0,
                        "Filter": "(kind_id < 7)",
                        "Rows Removed by Filter": 1
                      }
                    ]
                  },
                  {
                    "Node Type": "Index Only Scan",
                    "Parent Relationship": "Inner",
                    "Parallel Aware": false,
                    "Scan Direction": "Forward",
                    "Index Name": "movie_id_movie_info",
                    "Relation Name": "movie_info",
                    "Alias": "mi",
                    "Startup Cost": 0.43,
                    "Total Cost": 2.04,
                    "Plan Rows": 42,
                    "Plan Width": 4,
                    "Actual Startup Time": 0.019,
                    "Actual Total Time": 0.082,
                    "Actual Rows": 45,
                    "Actual Loops": 322,
                    "Index Cond": "(movie_id = t.id)",
                    "Rows Removed by Index Recheck": 0,
                    "Heap Fetches": 14397
                  }
                ]
              }
            ]
          }
        ]
      }
    ]
  },
  "Planning Time": 1.043,
  "Triggers": [],
  "Execution Time": 38.677
}