[
    {
        "Bao": {
            "Bao prediction": "NaN",
            "Bao recommended hint": "(no hint)"
        }
    },
    {
        "Plan": {
            "Node Type": "Aggregate",
            "Strategy": "Plain",
            "Partial Mode": "Finalize",
            "Parallel Aware": false,
            "Startup Cost": 335139.09,
            "Total Cost": 335139.1,
            "Plan Rows": 1,
            "Plan Width": 8,
            "Actual Startup Time": 717.053,
            "Actual Total Time": 746.888,
            "Actual Rows": 1,
            "Actual Loops": 1,
            "Output": [
                "count(*)"
            ],
            "Plans": [
                {
                    "Node Type": "Gather",
                    "Parent Relationship": "Outer",
                    "Parallel Aware": false,
                    "Startup Cost": 335138.46,
                    "Total Cost": 335139.07,
                    "Plan Rows": 6,
                    "Plan Width": 8,
                    "Actual Startup Time": 716.899,
                    "Actual Total Time": 746.876,
                    "Actual Rows": 7,
                    "Actual Loops": 1,
                    "Output": [
                        "(PARTIAL count(*))"
                    ],
                    "Workers Planned": 6,
                    "Workers Launched": 6,
                    "Single Copy": false,
                    "Plans": [
                        {
                            "Node Type": "Aggregate",
                            "Strategy": "Plain",
                            "Partial Mode": "Partial",
                            "Parent Relationship": "Outer",
                            "Parallel Aware": false,
                            "Startup Cost": 334138.46,
                            "Total Cost": 334138.47,
                            "Plan Rows": 1,
                            "Plan Width": 8,
                            "Actual Startup Time": 707.26,
                            "Actual Total Time": 707.262,
                            "Actual Rows": 1,
                            "Actual Loops": 7,
                            "Output": [
                                "PARTIAL count(*)"
                            ],
                            "Workers": [
                                {
                                    "Worker Number": 0,
                                    "Actual Startup Time": 705.024,
                                    "Actual Total Time": 705.028,
                                    "Actual Rows": 1,
                                    "Actual Loops": 1
                                },
                                {
                                    "Worker Number": 1,
                                    "Actual Startup Time": 705.47,
                                    "Actual Total Time": 705.472,
                                    "Actual Rows": 1,
                                    "Actual Loops": 1
                                },
                                {
                                    "Worker Number": 2,
                                    "Actual Startup Time": 705.642,
                                    "Actual Total Time": 705.643,
                                    "Actual Rows": 1,
                                    "Actual Loops": 1
                                },
                                {
                                    "Worker Number": 3,
                                    "Actual Startup Time": 705.691,
                                    "Actual Total Time": 705.692,
                                    "Actual Rows": 1,
                                    "Actual Loops": 1
                                },
                                {
                                    "Worker Number": 4,
                                    "Actual Startup Time": 705.998,
                                    "Actual Total Time": 705.999,
                                    "Actual Rows": 1,
                                    "Actual Loops": 1
                                },
                                {
                                    "Worker Number": 5,
                                    "Actual Startup Time": 706.414,
                                    "Actual Total Time": 706.415,
                                    "Actual Rows": 1,
                                    "Actual Loops": 1
                                }
                            ],
                            "Plans": [
                                {
                                    "Node Type": "Seq Scan",
                                    "Parent Relationship": "Outer",
                                    "Parallel Aware": true,
                                    "Relation Name": "cast_info",
                                    "Schema": "public",
                                    "Alias": "ci",
                                    "Startup Cost": 0.0,
                                    "Total Cost": 328213.62,
                                    "Plan Rows": 2369939,
                                    "Plan Width": 0,
                                    "Actual Startup Time": 249.902,
                                    "Actual Total Time": 601.221,
                                    "Actual Rows": 2044119,
                                    "Actual Loops": 7,
                                    "Output": [
                                        "id",
                                        "person_id",
                                        "movie_id",
                                        "person_role_id",
                                        "note",
                                        "nr_order",
                                        "role_id"
                                    ],
                                    "Filter": "(ci.person_id > 2231811)",
                                    "Rows Removed by Filter": 3133644,
                                    "Workers": [
                                        {
                                            "Worker Number": 0,
                                            "Actual Startup Time": 247.683,
                                            "Actual Total Time": 602.743,
                                            "Actual Rows": 1543568,
                                            "Actual Loops": 1
                                        },
                                        {
                                            "Worker Number": 1,
                                            "Actual Startup Time": 248.103,
                                            "Actual Total Time": 600.519,
                                            "Actual Rows": 1582700,
                                            "Actual Loops": 1
                                        },
                                        {
                                            "Worker Number": 2,
                                            "Actual Startup Time": 248.259,
                                            "Actual Total Time": 601.147,
                                            "Actual Rows": 2502707,
                                            "Actual Loops": 1
                                        },
                                        {
                                            "Worker Number": 3,
                                            "Actual Startup Time": 248.329,
                                            "Actual Total Time": 603.945,
                                            "Actual Rows": 1522414,
                                            "Actual Loops": 1
                                        },
                                        {
                                            "Worker Number": 4,
                                            "Actual Startup Time": 248.65,
                                            "Actual Total Time": 604.246,
                                            "Actual Rows": 1535855,
                                            "Actual Loops": 1
                                        },
                                        {
                                            "Worker Number": 5,
                                            "Actual Startup Time": 249.065,
                                            "Actual Total Time": 602.976,
                                            "Actual Rows": 2493528,
                                            "Actual Loops": 1
                                        }
                                    ]
                                }
                            ]
                        }
                    ]
                }
            ]
        },
        "Planning Time": 178.6,
        "Triggers": [],
        "Execution Time": 746.936
    }
]