[
  {
    "Plan": {
      "Node Type": "Aggregate",
      "Strategy": "Plain",
      "Partial Mode": "Simple",
      "Parallel Aware": false,
      "Startup Cost": 27365.14,
      "Total Cost": 27365.15,
      "Plan Rows": 1,
      "Plan Width": 8,
      "Actual Startup Time": 65.618,
      "Actual Total Time": 65.619,
      "Actual Rows": 1,
      "Actual Loops": 1,
      "Plans": [
        {
          "Node Type": "Bitmap Heap Scan",
          "Parent Relationship": "Outer",
          "Parallel Aware": false,
          "Relation Name": "movie_keyword",
          "Alias": "mk",
          "Startup Cost": 1706.72,
          "Total Cost": 27164.41,
          "Plan Rows": 80295,
          "Plan Width": 0,
          "Actual Startup Time": 24.47,
          "Actual Total Time": 61.094,
          "Actual Rows": 81533,
          "Actual Loops": 1,
          "Recheck Cond": "(keyword_id < 71)",
          "Rows Removed by Index Recheck": 0,
          "Exact Heap Blocks": 20175,
          "Lossy Heap Blocks": 0,
          "Plans": [
            {
              "Node Type": "Bitmap Index Scan",
              "Parent Relationship": "Outer",
              "Parallel Aware": false,
              "Index Name": "keyword_id_movie_keyword",
              "Startup Cost": 0.0,
              "Total Cost": 1686.64,
              "Plan Rows": 80295,
              "Plan Width": 0,
              "Actual Startup Time": 18.054,
              "Actual Total Time": 18.054,
              "Actual Rows": 81533,
              "Actual Loops": 1,
              "Index Cond": "(keyword_id < 71)"
            }
          ]
        }
      ]
    },
    "Planning Time": 0.211,
    "Triggers": [],
    "Execution Time": 65.668
  }
]