[
    {
        "Bao": {
            "Bao prediction": 473.149,
            "Bao recommended hint": "(no hint)"
        }
    },
    {
        "Plan": {
            "Node Type": "Aggregate",
            "Strategy": "Plain",
            "Partial Mode": "Finalize",
            "Parallel Aware": false,
            "Startup Cost": 347655.45,
            "Total Cost": 347655.46,
            "Plan Rows": 1,
            "Plan Width": 8,
            "Actual Startup Time": 810.6,
            "Actual Total Time": 841.634,
            "Actual Rows": 1,
            "Actual Loops": 1,
            "Output": [
                "count(*)"
            ],
            "Plans": [
                {
                    "Node Type": "Gather",
                    "Parent Relationship": "Outer",
                    "Parallel Aware": false,
                    "Startup Cost": 347654.83,
                    "Total Cost": 347655.44,
                    "Plan Rows": 6,
                    "Plan Width": 8,
                    "Actual Startup Time": 810.482,
                    "Actual Total Time": 841.625,
                    "Actual Rows": 7,
                    "Actual Loops": 1,
                    "Output": [
                        "(PARTIAL count(*))"
                    ],
                    "Workers Planned": 6,
                    "Workers Launched": 6,
                    "Single Copy": false,
                    "Plans": [
                        {
                            "Node Type": "Aggregate",
                            "Strategy": "Plain",
                            "Partial Mode": "Partial",
                            "Parent Relationship": "Outer",
                            "Parallel Aware": false,
                            "Startup Cost": 346654.83,
                            "Total Cost": 346654.84,
                            "Plan Rows": 1,
                            "Plan Width": 8,
                            "Actual Startup Time": 801.289,
                            "Actual Total Time": 801.29,
                            "Actual Rows": 1,
                            "Actual Loops": 7,
                            "Output": [
                                "PARTIAL count(*)"
                            ],
                            "Workers": [
                                {
                                    "Worker Number": 0,
                                    "Actual Startup Time": 799.417,
                                    "Actual Total Time": 799.419,
                                    "Actual Rows": 1,
                                    "Actual Loops": 1
                                },
                                {
                                    "Worker Number": 1,
                                    "Actual Startup Time": 800.002,
                                    "Actual Total Time": 800.003,
                                    "Actual Rows": 1,
                                    "Actual Loops": 1
                                },
                                {
                                    "Worker Number": 2,
                                    "Actual Startup Time": 799.907,
                                    "Actual Total Time": 799.908,
                                    "Actual Rows": 1,
                                    "Actual Loops": 1
                                },
                                {
                                    "Worker Number": 3,
                                    "Actual Startup Time": 800.041,
                                    "Actual Total Time": 800.042,
                                    "Actual Rows": 1,
                                    "Actual Loops": 1
                                },
                                {
                                    "Worker Number": 4,
                                    "Actual Startup Time": 800.006,
                                    "Actual Total Time": 800.007,
                                    "Actual Rows": 1,
                                    "Actual Loops": 1
                                },
                                {
                                    "Worker Number": 5,
                                    "Actual Startup Time": 800.011,
                                    "Actual Total Time": 800.012,
                                    "Actual Rows": 1,
                                    "Actual Loops": 1
                                }
                            ],
                            "Plans": [
                                {
                                    "Node Type": "Seq Scan",
                                    "Parent Relationship": "Outer",
                                    "Parallel Aware": true,
                                    "Relation Name": "cast_info",
                                    "Schema": "public",
                                    "Alias": "ci",
                                    "Startup Cost": 0.0,
                                    "Total Cost": 343318.94,
                                    "Plan Rows": 1334355,
                                    "Plan Width": 0,
                                    "Actual Startup Time": 277.75,
                                    "Actual Total Time": 768.364,
                                    "Actual Rows": 490430,
                                    "Actual Loops": 7,
                                    "Output": [
                                        "id",
                                        "person_id",
                                        "movie_id",
                                        "person_role_id",
                                        "note",
                                        "nr_order",
                                        "role_id"
                                    ],
                                    "Filter": "((ci.person_id < 1221088) AND (ci.role_id > 1))",
                                    "Rows Removed by Filter": 4687333,
                                    "Workers": [
                                        {
                                            "Worker Number": 0,
                                            "Actual Startup Time": 276.228,
                                            "Actual Total Time": 768.127,
                                            "Actual Rows": 457617,
                                            "Actual Loops": 1
                                        },
                                        {
                                            "Worker Number": 1,
                                            "Actual Startup Time": 276.18,
                                            "Actual Total Time": 767.42,
                                            "Actual Rows": 477381,
                                            "Actual Loops": 1
                                        },
                                        {
                                            "Worker Number": 2,
                                            "Actual Startup Time": 275.915,
                                            "Actual Total Time": 767.274,
                                            "Actual Rows": 477889,
                                            "Actual Loops": 1
                                        },
                                        {
                                            "Worker Number": 3,
                                            "Actual Startup Time": 277.065,
                                            "Actual Total Time": 767.463,
                                            "Actual Rows": 477130,
                                            "Actual Loops": 1
                                        },
                                        {
                                            "Worker Number": 4,
                                            "Actual Startup Time": 275.652,
                                            "Actual Total Time": 767.626,
                                            "Actual Rows": 472035,
                                            "Actual Loops": 1
                                        },
                                        {
                                            "Worker Number": 5,
                                            "Actual Startup Time": 277.706,
                                            "Actual Total Time": 767.632,
                                            "Actual Rows": 473935,
                                            "Actual Loops": 1
                                        }
                                    ]
                                }
                            ]
                        }
                    ]
                }
            ]
        },
        "Planning Time": 1660.683,
        "Triggers": [],
        "Execution Time": 841.733
    }
]