[
  {
    "Plan": {
      "Node Type": "Aggregate",
      "Strategy": "Plain",
      "Partial Mode": "Finalize",
      "Parallel Aware": false,
      "Startup Cost": 339050.96,
      "Total Cost": 339050.97,
      "Plan Rows": 1,
      "Plan Width": 8,
      "Actual Startup Time": 799.245,
      "Actual Total Time": 844.87,
      "Actual Rows": 1,
      "Actual Loops": 1,
      "Plans": [
        {
          "Node Type": "Gather",
          "Parent Relationship": "Outer",
          "Parallel Aware": false,
          "Startup Cost": 339050.33,
          "Total Cost": 339050.94,
          "Plan Rows": 6,
          "Plan Width": 8,
          "Actual Startup Time": 799.083,
          "Actual Total Time": 844.855,
          "Actual Rows": 7,
          "Actual Loops": 1,
          "Workers Planned": 6,
          "Workers Launched": 6,
          "Single Copy": false,
          "Plans": [
            {
              "Node Type": "Aggregate",
              "Strategy": "Plain",
              "Partial Mode": "Partial",
              "Parent Relationship": "Outer",
              "Parallel Aware": false,
              "Startup Cost": 338050.33,
              "Total Cost": 338050.34,
              "Plan Rows": 1,
              "Plan Width": 8,
              "Actual Startup Time": 791.667,
              "Actual Total Time": 791.668,
              "Actual Rows": 1,
              "Actual Loops": 7,
              "Plans": [
                {
                  "Node Type": "Seq Scan",
                  "Parent Relationship": "Outer",
                  "Parallel Aware": true,
                  "Relation Name": "cast_info",
                  "Alias": "ci",
                  "Startup Cost": 0.0,
                  "Total Cost": 328211.39,
                  "Plan Rows": 3935577,
                  "Plan Width": 0,
                  "Actual Startup Time": 0.047,
                  "Actual Total Time": 624.178,
                  "Actual Rows": 3394215,
                  "Actual Loops": 7,
                  "Filter": "(person_id < 2434656)",
                  "Rows Removed by Filter": 1783549
                }
              ]
            }
          ]
        }
      ]
    },
    "Planning Time": 0.11,
    "Triggers": [],
    "Execution Time": 844.913
  }
]