[
    {
        "Bao": {
            "Bao prediction": "NaN",
            "Bao recommended hint": "(no hint)"
        }
    },
    {
        "Plan": {
            "Node Type": "Aggregate",
            "Strategy": "Plain",
            "Partial Mode": "Finalize",
            "Parallel Aware": false,
            "Startup Cost": 223643.29,
            "Total Cost": 223643.3,
            "Plan Rows": 1,
            "Plan Width": 8,
            "Actual Startup Time": 301.786,
            "Actual Total Time": 315.91,
            "Actual Rows": 1,
            "Actual Loops": 1,
            "Output": [
                "count(*)"
            ],
            "Plans": [
                {
                    "Node Type": "Gather",
                    "Parent Relationship": "Outer",
                    "Parallel Aware": false,
                    "Startup Cost": 223642.76,
                    "Total Cost": 223643.27,
                    "Plan Rows": 5,
                    "Plan Width": 8,
                    "Actual Startup Time": 290.457,
                    "Actual Total Time": 315.9,
                    "Actual Rows": 6,
                    "Actual Loops": 1,
                    "Output": [
                        "(PARTIAL count(*))"
                    ],
                    "Workers Planned": 5,
                    "Workers Launched": 5,
                    "Single Copy": false,
                    "Plans": [
                        {
                            "Node Type": "Aggregate",
                            "Strategy": "Plain",
                            "Partial Mode": "Partial",
                            "Parent Relationship": "Outer",
                            "Parallel Aware": false,
                            "Startup Cost": 222642.76,
                            "Total Cost": 222642.77,
                            "Plan Rows": 1,
                            "Plan Width": 8,
                            "Actual Startup Time": 279.585,
                            "Actual Total Time": 279.59,
                            "Actual Rows": 1,
                            "Actual Loops": 6,
                            "Output": [
                                "PARTIAL count(*)"
                            ],
                            "Workers": [
                                {
                                    "Worker Number": 0,
                                    "Actual Startup Time": 276.593,
                                    "Actual Total Time": 276.603,
                                    "Actual Rows": 1,
                                    "Actual Loops": 1
                                },
                                {
                                    "Worker Number": 1,
                                    "Actual Startup Time": 279.772,
                                    "Actual Total Time": 279.775,
                                    "Actual Rows": 1,
                                    "Actual Loops": 1
                                },
                                {
                                    "Worker Number": 2,
                                    "Actual Startup Time": 277.318,
                                    "Actual Total Time": 277.321,
                                    "Actual Rows": 1,
                                    "Actual Loops": 1
                                },
                                {
                                    "Worker Number": 3,
                                    "Actual Startup Time": 277.274,
                                    "Actual Total Time": 277.277,
                                    "Actual Rows": 1,
                                    "Actual Loops": 1
                                },
                                {
                                    "Worker Number": 4,
                                    "Actual Startup Time": 277.433,
                                    "Actual Total Time": 277.437,
                                    "Actual Rows": 1,
                                    "Actual Loops": 1
                                }
                            ],
                            "Plans": [
                                {
                                    "Node Type": "Hash Join",
                                    "Parent Relationship": "Outer",
                                    "Parallel Aware": true,
                                    "Join Type": "Inner",
                                    "Startup Cost": 55320.58,
                                    "Total Cost": 222529.94,
                                    "Plan Rows": 45128,
                                    "Plan Width": 0,
                                    "Actual Startup Time": 250.146,
                                    "Actual Total Time": 276.542,
                                    "Actual Rows": 49164,
                                    "Actual Loops": 6,
                                    "Inner Unique": true,
                                    "Hash Cond": "(mi.movie_id = t.id)",
                                    "Workers": [
                                        {
                                            "Worker Number": 0,
                                            "Actual Startup Time": 247.656,
                                            "Actual Total Time": 273.534,
                                            "Actual Rows": 41934,
                                            "Actual Loops": 1
                                        },
                                        {
                                            "Worker Number": 1,
                                            "Actual Startup Time": 247.905,
                                            "Actual Total Time": 276.677,
                                            "Actual Rows": 41998,
                                            "Actual Loops": 1
                                        },
                                        {
                                            "Worker Number": 2,
                                            "Actual Startup Time": 248.369,
                                            "Actual Total Time": 274.349,
                                            "Actual Rows": 47007,
                                            "Actual Loops": 1
                                        },
                                        {
                                            "Worker Number": 3,
                                            "Actual Startup Time": 248.313,
                                            "Actual Total Time": 274.297,
                                            "Actual Rows": 66884,
                                            "Actual Loops": 1
                                        },
                                        {
                                            "Worker Number": 4,
                                            "Actual Startup Time": 248.472,
                                            "Actual Total Time": 274.448,
                                            "Actual Rows": 47169,
                                            "Actual Loops": 1
                                        }
                                    ],
                                    "Plans": [
                                        {
                                            "Node Type": "Bitmap Heap Scan",
                                            "Parent Relationship": "Outer",
                                            "Parallel Aware": true,
                                            "Relation Name": "movie_info",
                                            "Schema": "public",
                                            "Alias": "mi",
                                            "Startup Cost": 5183.22,
                                            "Total Cost": 172242.55,
                                            "Plan Rows": 57156,
                                            "Plan Width": 4,
                                            "Actual Startup Time": 12.846,
                                            "Actual Total Time": 26.01,
                                            "Actual Rows": 51131,
                                            "Actual Loops": 6,
                                            "Output": [
                                                "mi.id",
                                                "mi.movie_id",
                                                "mi.info_type_id",
                                                "mi.info",
                                                "mi.note"
                                            ],
                                            "Recheck Cond": "(mi.info_type_id > 105)",
                                            "Rows Removed by Index Recheck": 0,
                                            "Exact Heap Blocks": 894,
                                            "Lossy Heap Blocks": 0,
                                            "Workers": [
                                                {
                                                    "Worker Number": 0,
                                                    "Actual Startup Time": 12.879,
                                                    "Actual Total Time": 26.37,
                                                    "Actual Rows": 43713,
                                                    "Actual Loops": 1
                                                },
                                                {
                                                    "Worker Number": 1,
                                                    "Actual Startup Time": 12.794,
                                                    "Actual Total Time": 26.128,
                                                    "Actual Rows": 43824,
                                                    "Actual Loops": 1
                                                },
                                                {
                                                    "Worker Number": 2,
                                                    "Actual Startup Time": 12.861,
                                                    "Actual Total Time": 26.396,
                                                    "Actual Rows": 48960,
                                                    "Actual Loops": 1
                                                },
                                                {
                                                    "Worker Number": 3,
                                                    "Actual Startup Time": 12.761,
                                                    "Actual Total Time": 26.513,
                                                    "Actual Rows": 69675,
                                                    "Actual Loops": 1
                                                },
                                                {
                                                    "Worker Number": 4,
                                                    "Actual Startup Time": 12.93,
                                                    "Actual Total Time": 26.347,
                                                    "Actual Rows": 48835,
                                                    "Actual Loops": 1
                                                }
                                            ],
                                            "Plans": [
                                                {
                                                    "Node Type": "Bitmap Index Scan",
                                                    "Parent Relationship": "Outer",
                                                    "Parallel Aware": false,
                                                    "Index Name": "info_type_id_movie_info",
                                                    "Startup Cost": 0.0,
                                                    "Total Cost": 5111.78,
                                                    "Plan Rows": 285779,
                                                    "Plan Width": 0,
                                                    "Actual Startup Time": 12.059,
                                                    "Actual Total Time": 12.059,
                                                    "Actual Rows": 306788,
                                                    "Actual Loops": 1,
                                                    "Index Cond": "(mi.info_type_id > 105)",
                                                    "Workers": [
                                                        {
                                                            "Worker Number": 3,
                                                            "Actual Startup Time": 12.059,
                                                            "Actual Total Time": 12.059,
                                                            "Actual Rows": 306788,
                                                            "Actual Loops": 1
                                                        }
                                                    ]
                                                }
                                            ]
                                        },
                                        {
                                            "Node Type": "Hash",
                                            "Parent Relationship": "Inner",
                                            "Parallel Aware": true,
                                            "Startup Cost": 43899.01,
                                            "Total Cost": 43899.01,
                                            "Plan Rows": 499068,
                                            "Plan Width": 4,
                                            "Actual Startup Time": 232.663,
                                            "Actual Total Time": 232.664,
                                            "Actual Rows": 334108,
                                            "Actual Loops": 6,
                                            "Output": [
                                                "t.id"
                                            ],
                                            "Hash Buckets": 2097152,
                                            "Original Hash Buckets": 2097152,
                                            "Hash Batches": 1,
                                            "Original Hash Batches": 1,
                                            "Peak Memory Usage": 94880,
                                            "Workers": [
                                                {
                                                    "Worker Number": 0,
                                                    "Actual Startup Time": 233.423,
                                                    "Actual Total Time": 233.424,
                                                    "Actual Rows": 274832,
                                                    "Actual Loops": 1
                                                },
                                                {
                                                    "Worker Number": 1,
                                                    "Actual Startup Time": 233.707,
                                                    "Actual Total Time": 233.707,
                                                    "Actual Rows": 271623,
                                                    "Actual Loops": 1
                                                },
                                                {
                                                    "Worker Number": 2,
                                                    "Actual Startup Time": 234.156,
                                                    "Actual Total Time": 234.157,
                                                    "Actual Rows": 356593,
                                                    "Actual Loops": 1
                                                },
                                                {
                                                    "Worker Number": 3,
                                                    "Actual Startup Time": 234.132,
                                                    "Actual Total Time": 234.132,
                                                    "Actual Rows": 385819,
                                                    "Actual Loops": 1
                                                },
                                                {
                                                    "Worker Number": 4,
                                                    "Actual Startup Time": 234.27,
                                                    "Actual Total Time": 234.271,
                                                    "Actual Rows": 353184,
                                                    "Actual Loops": 1
                                                }
                                            ],
                                            "Plans": [
                                                {
                                                    "Node Type": "Seq Scan",
                                                    "Parent Relationship": "Outer",
                                                    "Parallel Aware": true,
                                                    "Relation Name": "title",
                                                    "Schema": "public",
                                                    "Alias": "t",
                                                    "Startup Cost": 0.0,
                                                    "Total Cost": 43899.01,
                                                    "Plan Rows": 499068,
                                                    "Plan Width": 4,
                                                    "Actual Startup Time": 0.037,
                                                    "Actual Total Time": 92.194,
                                                    "Actual Rows": 334108,
                                                    "Actual Loops": 6,
                                                    "Output": [
                                                        "t.id"
                                                    ],
                                                    "Filter": "(t.production_year > 1975)",
                                                    "Rows Removed by Filter": 87277,
                                                    "Workers": [
                                                        {
                                                            "Worker Number": 0,
                                                            "Actual Startup Time": 0.045,
                                                            "Actual Total Time": 99.303,
                                                            "Actual Rows": 274832,
                                                            "Actual Loops": 1
                                                        },
                                                        {
                                                            "Worker Number": 1,
                                                            "Actual Startup Time": 0.055,
                                                            "Actual Total Time": 99.301,
                                                            "Actual Rows": 271623,
                                                            "Actual Loops": 1
                                                        },
                                                        {
                                                            "Worker Number": 2,
                                                            "Actual Startup Time": 0.036,
                                                            "Actual Total Time": 89.23,
                                                            "Actual Rows": 356593,
                                                            "Actual Loops": 1
                                                        },
                                                        {
                                                            "Worker Number": 3,
                                                            "Actual Startup Time": 0.033,
                                                            "Actual Total Time": 92.997,
                                                            "Actual Rows": 385819,
                                                            "Actual Loops": 1
                                                        },
                                                        {
                                                            "Worker Number": 4,
                                                            "Actual Startup Time": 0.039,
                                                            "Actual Total Time": 88.817,
                                                            "Actual Rows": 353184,
                                                            "Actual Loops": 1
                                                        }
                                                    ]
                                                }
                                            ]
                                        }
                                    ]
                                }
                            ]
                        }
                    ]
                }
            ]
        },
        "Planning Time": 299.235,
        "Triggers": [],
        "Execution Time": 316.03
    }
]