[
  {
    "Plan": {
      "Node Type": "Aggregate",
      "Strategy": "Plain",
      "Partial Mode": "Finalize",
      "Parallel Aware": false,
      "Startup Cost": 38023.41,
      "Total Cost": 38023.42,
      "Plan Rows": 1,
      "Plan Width": 8,
      "Actual Startup Time": 42.203,
      "Actual Total Time": 48.178,
      "Actual Rows": 1,
      "Actual Loops": 1,
      "Plans": [
        {
          "Node Type": "Gather",
          "Parent Relationship": "Outer",
          "Parallel Aware": false,
          "Startup Cost": 38023.2,
          "Total Cost": 38023.41,
          "Plan Rows": 2,
          "Plan Width": 8,
          "Actual Startup Time": 41.97,
          "Actual Total Time": 48.17,
          "Actual Rows": 3,
          "Actual Loops": 1,
          "Workers Planned": 2,
          "Workers Launched": 2,
          "Single Copy": false,
          "Plans": [
            {
              "Node Type": "Aggregate",
              "Strategy": "Plain",
              "Partial Mode": "Partial",
              "Parent Relationship": "Outer",
              "Parallel Aware": false,
              "Startup Cost": 37023.2,
              "Total Cost": 37023.21,
              "Plan Rows": 1,
              "Plan Width": 8,
              "Actual Startup Time": 38.099,
              "Actual Total Time": 38.101,
              "Actual Rows": 1,
              "Actual Loops": 3,
              "Plans": [
                {
                  "Node Type": "Nested Loop",
                  "Parent Relationship": "Outer",
                  "Parallel Aware": false,
                  "Join Type": "Inner",
                  "Startup Cost": 110.65,
                  "Total Cost": 37022.76,
                  "Plan Rows": 175,
                  "Plan Width": 0,
                  "Actual Startup Time": 1.631,
                  "Actual Total Time": 37.635,
                  "Actual Rows": 2159,
                  "Actual Loops": 3,
                  "Inner Unique": true,
                  "Join Filter": "(mi.movie_id = t.id)",
                  "Rows Removed by Join Filter": 0,
                  "Plans": [
                    {
                      "Node Type": "Nested Loop",
                      "Parent Relationship": "Outer",
                      "Parallel Aware": false,
                      "Join Type": "Inner",
                      "Startup Cost": 110.22,
                      "Total Cost": 34870.69,
                      "Plan Rows": 2530,
                      "Plan Width": 8,
                      "Actual Startup Time": 1.557,
                      "Actual Total Time": 21.811,
                      "Actual Rows": 2159,
                      "Actual Loops": 3,
                      "Inner Unique": false,
                      "Plans": [
                        {
                          "Node Type": "Bitmap Heap Scan",
                          "Parent Relationship": "Outer",
                          "Parallel Aware": true,
                          "Relation Name": "movie_info",
                          "Alias": "mi",
                          "Startup Cost": 109.79,
                          "Total Cost": 19887.18,
                          "Plan Rows": 2438,
                          "Plan Width": 4,
                          "Actual Startup Time": 1.471,
                          "Actual Total Time": 4.512,
                          "Actual Rows": 2170,
                          "Actual Loops": 3,
                          "Recheck Cond": "(info_type_id = 42)",
                          "Rows Removed by Index Recheck": 0,
                          "Exact Heap Blocks": 618,
                          "Lossy Heap Blocks": 0,
                          "Plans": [
                            {
                              "Node Type": "Bitmap Index Scan",
                              "Parent Relationship": "Outer",
                              "Parallel Aware": false,
                              "Index Name": "info_type_id_movie_info",
                              "Startup Cost": 0.0,
                              "Total Cost": 108.33,
                              "Plan Rows": 5852,
                              "Plan Width": 0,
                              "Actual Startup Time": 3.652,
                              "Actual Total Time": 3.653,
                              "Actual Rows": 6509,
                              "Actual Loops": 1,
                              "Index Cond": "(info_type_id = 42)"
                            }
                          ]
                        },
                        {
                          "Node Type": "Index Scan",
                          "Parent Relationship": "Inner",
                          "Parallel Aware": false,
                          "Scan Direction": "Forward",
                          "Index Name": "movie_id_movie_info_idx",
                          "Relation Name": "movie_info_idx",
                          "Alias": "mi_idx",
                          "Startup Cost": 0.43,
                          "Total Cost": 6.14,
                          "Plan Rows": 1,
                          "Plan Width": 4,
                          "Actual Startup Time": 0.007,
                          "Actual Total Time": 0.007,
                          "Actual Rows": 1,
                          "Actual Loops": 6509,
                          "Index Cond": "(movie_id = mi.movie_id)",
                          "Rows Removed by Index Recheck": 0,
                          "Filter": "(info_type_id = 101)",
                          "Rows Removed by Filter": 2
                        }
                      ]
                    },
                    {
                      "Node Type": "Index Scan",
                      "Parent Relationship": "Inner",
                      "Parallel Aware": false,
                      "Scan Direction": "Forward",
                      "Index Name": "title_pkey",
                      "Relation Name": "title",
                      "Alias": "t",
                      "Startup Cost": 0.43,
                      "Total Cost": 0.84,
                      "Plan Rows": 1,
                      "Plan Width": 4,
                      "Actual Startup Time": 0.007,
                      "Actual Total Time": 0.007,
                      "Actual Rows": 1,
                      "Actual Loops": 6478,
                      "Index Cond": "(id = mi_idx.movie_id)",
                      "Rows Removed by Index Recheck": 0,
                      "Filter": "(kind_id < 7)",
                      "Rows Removed by Filter": 0
                    }
                  ]
                }
              ]
            }
          ]
        }
      ]
    },
    "Planning Time": 1.451,
    "Triggers": [],
    "Execution Time": 48.275
  }
]