{
  "Plan": {
    "Node Type": "Aggregate",
    "Strategy": "Plain",
    "Partial Mode": "Finalize",
    "Parallel Aware": false,
    "Startup Cost": 751216.04,
    "Total Cost": 751216.05,
    "Plan Rows": 1,
    "Plan Width": 8,
    "Actual Startup Time": 2451.298,
    "Actual Total Time": 2505.232,
    "Actual Rows": 1,
    "Actual Loops": 1,
    "Plans": [
      {
        "Node Type": "Gather",
        "Parent Relationship": "Outer",
        "Parallel Aware": false,
        "Startup Cost": 751215.93,
        "Total Cost": 751216.04,
        "Plan Rows": 1,
        "Plan Width": 8,
        "Actual Startup Time": 2436.446,
        "Actual Total Time": 2505.222,
        "Actual Rows": 2,
        "Actual Loops": 1,
        "Workers Planned": 1,
        "Workers Launched": 1,
        "Single Copy": false,
        "Plans": [
          {
            "Node Type": "Aggregate",
            "Strategy": "Plain",
            "Partial Mode": "Partial",
            "Parent Relationship": "Outer",
            "Parallel Aware": false,
            "Startup Cost": 750215.93,
            "Total Cost": 750215.94,
            "Plan Rows": 1,
            "Plan Width": 8,
            "Actual Startup Time": 2430.358,
            "Actual Total Time": 2430.365,
            "Actual Rows": 1,
            "Actual Loops": 2,
            "Plans": [
              {
                "Node Type": "Merge Join",
                "Parent Relationship": "Outer",
                "Parallel Aware": false,
                "Join Type": "Inner",
                "Startup Cost": 723357.09,
                "Total Cost": 748000.62,
                "Plan Rows": 886124,
                "Plan Width": 0,
                "Actual Startup Time": 2257.121,
                "Actual Total Time": 2420.225,
                "Actual Rows": 238978,
                "Actual Loops": 2,
                "Inner Unique": false,
                "Merge Cond": "(t.id = mc.movie_id)",
                "Plans": [
                  {
                    "Node Type": "Sort",
                    "Parent Relationship": "Outer",
                    "Parallel Aware": false,
                    "Startup Cost": 564205.98,
                    "Total Cost": 569413.74,
                    "Plan Rows": 2083105,
                    "Plan Width": 8,
                    "Actual Startup Time": 1828.251,
                    "Actual Total Time": 1847.28,
                    "Actual Rows": 539599,
                    "Actual Loops": 2,
                    "Sort Key": [
                      "mi.movie_id"
                    ],
                    "Sort Method": "quicksort",
                    "Sort Space Used": 49795,
                    "Sort Space Type": "Memory",
                    "Workers": [
                      {
                        "Worker Number": 0,
                        "Sort Method": "quicksort",
                        "Sort Space Used": 49946,
                        "Sort Space Type": "Memory"
                      }
                    ],
                    "Plans": [
                      {
                        "Node Type": "Hash Join",
                        "Parent Relationship": "Outer",
                        "Parallel Aware": true,
                        "Join Type": "Inner",
                        "Startup Cost": 65888.86,
                        "Total Cost": 345580.94,
                        "Plan Rows": 2083105,
                        "Plan Width": 8,
                        "Actual Startup Time": 357.67,
                        "Actual Total Time": 1708.495,
                        "Actual Rows": 539610,
                        "Actual Loops": 2,
                        "Inner Unique": true,
                        "Hash Cond": "(mi.movie_id = t.id)",
                        "Plans": [
                          {
                            "Node Type": "Seq Scan",
                            "Parent Relationship": "Outer",
                            "Parallel Aware": true,
                            "Relation Name": "movie_info",
                            "Alias": "mi",
                            "Startup Cost": 0.0,
                            "Total Cost": 270696.42,
                            "Plan Rows": 3426912,
                            "Plan Width": 4,
                            "Actual Startup Time": 0.012,
                            "Actual Total Time": 645.852,
                            "Actual Rows": 2942482,
                            "Actual Loops": 2,
                            "Filter": "(info_type_id < 7)",
                            "Rows Removed by Filter": 4475378
                          },
                          {
                            "Node Type": "Hash",
                            "Parent Relationship": "Inner",
                            "Parallel Aware": true,
                            "Startup Cost": 54588.39,
                            "Total Cost": 54588.39,
                            "Plan Rows": 904038,
                            "Plan Width": 4,
                            "Actual Startup Time": 342.825,
                            "Actual Total Time": 342.826,
                            "Actual Rows": 771632,
                            "Actual Loops": 2,
                            "Hash Buckets": 2097152,
                            "Original Hash Buckets": 2097152,
                            "Hash Batches": 1,
                            "Original Hash Batches": 1,
                            "Peak Memory Usage": 76768,
                            "Plans": [
                              {
                                "Node Type": "Seq Scan",
                                "Parent Relationship": "Outer",
                                "Parallel Aware": true,
                                "Relation Name": "title",
                                "Alias": "t",
                                "Startup Cost": 0.0,
                                "Total Cost": 54588.39,
                                "Plan Rows": 904038,
                                "Plan Width": 4,
                                "Actual Startup Time": 0.029,
                                "Actual Total Time": 154.312,
                                "Actual Rows": 771632,
                                "Actual Loops": 2,
                                "Filter": "(kind_id = 7)",
                                "Rows Removed by Filter": 492524
                              }
                            ]
                          }
                        ]
                      }
                    ]
                  },
                  {
                    "Node Type": "Sort",
                    "Parent Relationship": "Inner",
                    "Parallel Aware": false,
                    "Startup Cost": 159150.91,
                    "Total Cost": 161839.66,
                    "Plan Rows": 1075501,
                    "Plan Width": 4,
                    "Actual Startup Time": 428.847,
                    "Actual Total Time": 472.039,
                    "Actual Rows": 1206387,
                    "Actual Loops": 2,
                    "Sort Key": [
                      "mc.movie_id"
                    ],
                    "Sort Method": "quicksort",
                    "Sort Space Used": 99973,
                    "Sort Space Type": "Memory",
                    "Workers": [
                      {
                        "Worker Number": 0,
                        "Sort Method": "quicksort",
                        "Sort Space Used": 99973,
                        "Sort Space Type": "Memory"
                      }
                    ],
                    "Plans": [
                      {
                        "Node Type": "Seq Scan",
                        "Parent Relationship": "Outer",
                        "Parallel Aware": false,
                        "Relation Name": "movie_companies",
                        "Alias": "mc",
                        "Startup Cost": 0.0,
                        "Total Cost": 51404.11,
                        "Plan Rows": 1075501,
                        "Plan Width": 4,
                        "Actual Startup Time": 25.204,
                        "Actual Total Time": 209.427,
                        "Actual Rows": 1084176,
                        "Actual Loops": 2,
                        "Filter": "(company_id > 14326)",
                        "Rows Removed by Filter": 1524953
                      }
                    ]
                  }
                ]
              }
            ]
          }
        ]
      }
    ]
  },
  "Planning Time": 1.129,
  "Triggers": [],
  "Execution Time": 2523.449
}