[
  {
    "Plan": {
      "Node Type": "Aggregate",
      "Strategy": "Plain",
      "Partial Mode": "Simple",
      "Parallel Aware": false,
      "Startup Cost": 1627.71,
      "Total Cost": 1627.72,
      "Plan Rows": 1,
      "Plan Width": 96,
      "Actual Startup Time": 22.19,
      "Actual Total Time": 22.194,
      "Actual Rows": 1,
      "Actual Loops": 1,
      "Plans": [
        {
          "Node Type": "Nested Loop",
          "Parent Relationship": "Outer",
          "Parallel Aware": false,
          "Join Type": "Inner",
          "Startup Cost": 54.42,
          "Total Cost": 1627.7,
          "Plan Rows": 1,
          "Plan Width": 48,
          "Actual Startup Time": 5.008,
          "Actual Total Time": 22.132,
          "Actual Rows": 305,
          "Actual Loops": 1,
          "Inner Unique": false,
          "Join Filter": "(ml.movie_id = mi.movie_id)",
          "Rows Removed by Join Filter": 0,
          "Plans": [
            {
              "Node Type": "Nested Loop",
              "Parent Relationship": "Outer",
              "Parallel Aware": false,
              "Join Type": "Inner",
              "Startup Cost": 53.98,
              "Total Cost": 1625.93,
              "Plan Rows": 1,
              "Plan Width": 68,
              "Actual Startup Time": 4.719,
              "Actual Total Time": 20.227,
              "Actual Rows": 172,
              "Actual Loops": 1,
              "Inner Unique": true,
              "Plans": [
                {
                  "Node Type": "Nested Loop",
                  "Parent Relationship": "Outer",
                  "Parallel Aware": false,
                  "Join Type": "Inner",
                  "Startup Cost": 53.56,
                  "Total Cost": 1613.11,
                  "Plan Rows": 29,
                  "Plan Width": 72,
                  "Actual Startup Time": 4.579,
                  "Actual Total Time": 16.906,
                  "Actual Rows": 2225,
                  "Actual Loops": 1,
                  "Inner Unique": false,
                  "Join Filter": "(ml.movie_id = mk.movie_id)",
                  "Rows Removed by Join Filter": 0,
                  "Plans": [
                    {
                      "Node Type": "Nested Loop",
                      "Parent Relationship": "Outer",
                      "Parallel Aware": false,
                      "Join Type": "Inner",
                      "Startup Cost": 53.13,
                      "Total Cost": 1611.16,
                      "Plan Rows": 1,
                      "Plan Width": 64,
                      "Actual Startup Time": 4.489,
                      "Actual Total Time": 15.891,
                      "Actual Rows": 248,
                      "Actual Loops": 1,
                      "Inner Unique": true,
                      "Join Filter": "(ml.movie_id = t.id)",
                      "Rows Removed by Join Filter": 0,
                      "Plans": [
                        {
                          "Node Type": "Nested Loop",
                          "Parent Relationship": "Outer",
                          "Parallel Aware": false,
                          "Join Type": "Inner",
                          "Startup Cost": 52.7,
                          "Total Cost": 1608.73,
                          "Plan Rows": 4,
                          "Plan Width": 43,
                          "Actual Startup Time": 1.026,
                          "Actual Total Time": 15.077,
                          "Actual Rows": 277,
                          "Actual Loops": 1,
                          "Inner Unique": true,
                          "Plans": [
                            {
                              "Node Type": "Nested Loop",
                              "Parent Relationship": "Outer",
                              "Parallel Aware": false,
                              "Join Type": "Inner",
                              "Startup Cost": 52.28,
                              "Total Cost": 1599.59,
                              "Plan Rows": 20,
                              "Plan Width": 28,
                              "Actual Startup Time": 0.819,
                              "Actual Total Time": 11.928,
                              "Actual Rows": 763,
                              "Actual Loops": 1,
                              "Inner Unique": true,
                              "Plans": [
                                {
                                  "Node Type": "Nested Loop",
                                  "Parent Relationship": "Outer",
                                  "Parallel Aware": false,
                                  "Join Type": "Inner",
                                  "Startup Cost": 52.15,
                                  "Total Cost": 1587.69,
                                  "Plan Rows": 78,
                                  "Plan Width": 32,
                                  "Actual Startup Time": 0.777,
                                  "Actual Total Time": 11.079,
                                  "Actual Rows": 864,
                                  "Actual Loops": 1,
                                  "Inner Unique": false,
                                  "Join Filter": "(ml.movie_id = mc.movie_id)",
                                  "Rows Removed by Join Filter": 0,
                                  "Plans": [
                                    {
                                      "Node Type": "Nested Loop",
                                      "Parent Relationship": "Outer",
                                      "Parallel Aware": false,
                                      "Join Type": "Inner",
                                      "Startup Cost": 51.72,
                                      "Total Cost": 1357.79,
                                      "Plan Rows": 165,
                                      "Plan Width": 20,
                                      "Actual Startup Time": 0.664,
                                      "Actual Total Time": 8.061,
                                      "Actual Rows": 228,
                                      "Actual Loops": 1,
                                      "Inner Unique": false,
                                      "Join Filter": "(cc.status_id = cct2.id)",
                                      "Rows Removed by Join Filter": 228,
                                      "Plans": [
                                        {
                                          "Node Type": "Index Scan",
                                          "Parent Relationship": "Outer",
                                          "Parallel Aware": false,
                                          "Scan Direction": "Forward",
                                          "Index Name": "comp_cast_type_pkey",
                                          "Relation Name": "comp_cast_type",
                                          "Alias": "cct2",
                                          "Startup Cost": 0.13,
                                          "Total Cost": 12.2,
                                          "Plan Rows": 1,
                                          "Plan Width": 4,
                                          "Actual Startup Time": 0.028,
                                          "Actual Total Time": 0.029,
                                          "Actual Rows": 2,
                                          "Actual Loops": 1,
                                          "Filter": "((kind)::text ~~ 'complete%'::text)",
                                          "Rows Removed by Filter": 2
                                        },
                                        {
                                          "Node Type": "Hash Join",
                                          "Parent Relationship": "Inner",
                                          "Parallel Aware": false,
                                          "Join Type": "Inner",
                                          "Startup Cost": 51.59,
                                          "Total Cost": 1337.33,
                                          "Plan Rows": 661,
                                          "Plan Width": 24,
                                          "Actual Startup Time": 0.431,
                                          "Actual Total Time": 3.989,
                                          "Actual Rows": 228,
                                          "Actual Loops": 2,
                                          "Inner Unique": true,
                                          "Hash Cond": "(cc.subject_id = cct1.id)",
                                          "Plans": [
                                            {
                                              "Node Type": "Nested Loop",
                                              "Parent Relationship": "Outer",
                                              "Parallel Aware": false,
                                              "Join Type": "Inner",
                                              "Startup Cost": 39.38,
                                              "Total Cost": 1310.84,
                                              "Plan Rows": 2642,
                                              "Plan Width": 28,
                                              "Actual Startup Time": 0.406,
                                              "Actual Total Time": 3.913,
                                              "Actual Rows": 257,
                                              "Actual Loops": 2,
                                              "Inner Unique": false,
                                              "Plans": [
                                                {
                                                  "Node Type": "Nested Loop",
                                                  "Parent Relationship": "Outer",
                                                  "Parallel Aware": false,
                                                  "Join Type": "Inner",
                                                  "Startup Cost": 38.96,
                                                  "Total Cost": 256.46,
                                                  "Plan Rows": 1666,
                                                  "Plan Width": 16,
                                                  "Actual Startup Time": 0.101,
                                                  "Actual Total Time": 1.156,
                                                  "Actual Rows": 2315,
                                                  "Actual Loops": 2,
                                                  "Inner Unique": false,
                                                  "Plans": [
                                                    {
                                                      "Node Type": "Index Scan",
                                                      "Parent Relationship": "Outer",
                                                      "Parallel Aware": false,
                                                      "Scan Direction": "Forward",
                                                      "Index Name": "link_type_pkey",
                                                      "Relation Name": "link_type",
                                                      "Alias": "lt",
                                                      "Startup Cost": 0.14,
                                                      "Total Cost": 12.45,
                                                      "Plan Rows": 1,
                                                      "Plan Width": 16,
                                                      "Actual Startup Time": 0.017,
                                                      "Actual Total Time": 0.021,
                                                      "Actual Rows": 2,
                                                      "Actual Loops": 2,
                                                      "Filter": "((link)::text ~~ '%follow%'::text)",
                                                      "Rows Removed by Filter": 16
                                                    },
                                                    {
                                                      "Node Type": "Bitmap Heap Scan",
                                                      "Parent Relationship": "Inner",
                                                      "Parallel Aware": false,
                                                      "Relation Name": "movie_link",
                                                      "Alias": "ml",
                                                      "Startup Cost": 38.82,
                                                      "Total Cost": 225.26,
                                                      "Plan Rows": 1875,
                                                      "Plan Width": 8,
                                                      "Actual Startup Time": 0.066,
                                                      "Actual Total Time": 0.465,
                                                      "Actual Rows": 1158,
                                                      "Actual Loops": 4,
                                                      "Recheck Cond": "(link_type_id = lt.id)",
                                                      "Rows Removed by Index Recheck": 0,
                                                      "Exact Heap Blocks": 382,
                                                      "Lossy Heap Blocks": 0,
                                                      "Plans": [
                                                        {
                                                          "Node Type": "Bitmap Index Scan",
                                                          "Parent Relationship": "Outer",
                                                          "Parallel Aware": false,
                                                          "Index Name": "link_type_id_movie_link",
                                                          "Startup Cost": 0.0,
                                                          "Total Cost": 38.35,
                                                          "Plan Rows": 1875,
                                                          "Plan Width": 0,
                                                          "Actual Startup Time": 0.055,
                                                          "Actual Total Time": 0.055,
                                                          "Actual Rows": 1158,
                                                          "Actual Loops": 4,
                                                          "Index Cond": "(link_type_id = lt.id)"
                                                        }
                                                      ]
                                                    }
                                                  ]
                                                },
                                                {
                                                  "Node Type": "Index Scan",
                                                  "Parent Relationship": "Inner",
                                                  "Parallel Aware": false,
                                                  "Scan Direction": "Forward",
                                                  "Index Name": "movie_id_complete_cast",
                                                  "Relation Name": "complete_cast",
                                                  "Alias": "cc",
                                                  "Startup Cost": 0.42,
                                                  "Total Cost": 0.61,
                                                  "Plan Rows": 2,
                                                  "Plan Width": 12,
                                                  "Actual Startup Time": 0.001,
                                                  "Actual Total Time": 0.001,
                                                  "Actual Rows": 0,
                                                  "Actual Loops": 4630,
                                                  "Index Cond": "(movie_id = ml.movie_id)",
                                                  "Rows Removed by Index Recheck": 0
                                                }
                                              ]
                                            },
                                            {
                                              "Node Type": "Hash",
                                              "Parent Relationship": "Inner",
                                              "Parallel Aware": false,
                                              "Startup Cost": 12.2,
                                              "Total Cost": 12.2,
                                              "Plan Rows": 1,
                                              "Plan Width": 4,
                                              "Actual Startup Time": 0.018,
                                              "Actual Total Time": 0.018,
                                              "Actual Rows": 1,
                                              "Actual Loops": 1,
                                              "Hash Buckets": 1024,
                                              "Original Hash Buckets": 1024,
                                              "Hash Batches": 1,
                                              "Original Hash Batches": 1,
                                              "Peak Memory Usage": 9,
                                              "Plans": [
                                                {
                                                  "Node Type": "Index Scan",
                                                  "Parent Relationship": "Outer",
                                                  "Parallel Aware": false,
                                                  "Scan Direction": "Forward",
                                                  "Index Name": "comp_cast_type_pkey",
                                                  "Relation Name": "comp_cast_type",
                                                  "Alias": "cct1",
                                                  "Startup Cost": 0.13,
                                                  "Total Cost": 12.2,
                                                  "Plan Rows": 1,
                                                  "Plan Width": 4,
                                                  "Actual Startup Time": 0.011,
                                                  "Actual Total Time": 0.013,
                                                  "Actual Rows": 1,
                                                  "Actual Loops": 1,
                                                  "Filter": "((kind)::text = 'cast'::text)",
                                                  "Rows Removed by Filter": 3
                                                }
                                              ]
                                            }
                                          ]
                                        }
                                      ]
                                    },
                                    {
                                      "Node Type": "Index Scan",
                                      "Parent Relationship": "Inner",
                                      "Parallel Aware": false,
                                      "Scan Direction": "Forward",
                                      "Index Name": "movie_id_movie_companies",
                                      "Relation Name": "movie_companies",
                                      "Alias": "mc",
                                      "Startup Cost": 0.43,
                                      "Total Cost": 1.36,
                                      "Plan Rows": 3,
                                      "Plan Width": 12,
                                      "Actual Startup Time": 0.011,
                                      "Actual Total Time": 0.013,
                                      "Actual Rows": 4,
                                      "Actual Loops": 228,
                                      "Index Cond": "(movie_id = cc.movie_id)",
                                      "Rows Removed by Index Recheck": 0,
                                      "Filter": "(note IS NULL)",
                                      "Rows Removed by Filter": 3
                                    }
                                  ]
                                },
                                {
                                  "Node Type": "Index Scan",
                                  "Parent Relationship": "Inner",
                                  "Parallel Aware": false,
                                  "Scan Direction": "Forward",
                                  "Index Name": "company_type_pkey",
                                  "Relation Name": "company_type",
                                  "Alias": "ct",
                                  "Startup Cost": 0.13,
                                  "Total Cost": 0.15,
                                  "Plan Rows": 1,
                                  "Plan Width": 4,
                                  "Actual Startup Time": 0.001,
                                  "Actual Total Time": 0.001,
                                  "Actual Rows": 1,
                                  "Actual Loops": 864,
                                  "Index Cond": "(id = mc.company_type_id)",
                                  "Rows Removed by Index Recheck": 0,
                                  "Filter": "((kind)::text = 'production companies'::text)",
                                  "Rows Removed by Filter": 0
                                }
                              ]
                            },
                            {
                              "Node Type": "Index Scan",
                              "Parent Relationship": "Inner",
                              "Parallel Aware": false,
                              "Scan Direction": "Forward",
                              "Index Name": "company_name_pkey",
                              "Relation Name": "company_name",
                              "Alias": "cn",
                              "Startup Cost": 0.42,
                              "Total Cost": 0.46,
                              "Plan Rows": 1,
                              "Plan Width": 23,
                              "Actual Startup Time": 0.004,
                              "Actual Total Time": 0.004,
                              "Actual Rows": 0,
                              "Actual Loops": 763,
                              "Index Cond": "(id = mc.company_id)",
                              "Rows Removed by Index Recheck": 0,
                              "Filter": "(((country_code)::text <> '[pl]'::text) AND ((name ~~ '%Film%'::text) OR (name ~~ '%Warner%'::text)))",
                              "Rows Removed by Filter": 1
                            }
                          ]
                        },
                        {
                          "Node Type": "Index Scan",
                          "Parent Relationship": "Inner",
                          "Parallel Aware": false,
                          "Scan Direction": "Forward",
                          "Index Name": "title_pkey",
                          "Relation Name": "title",
                          "Alias": "t",
                          "Startup Cost": 0.43,
                          "Total Cost": 0.59,
                          "Plan Rows": 1,
                          "Plan Width": 21,
                          "Actual Startup Time": 0.003,
                          "Actual Total Time": 0.003,
                          "Actual Rows": 1,
                          "Actual Loops": 277,
                          "Index Cond": "(id = mc.movie_id)",
                          "Rows Removed by Index Recheck": 0,
                          "Filter": "((production_year >= 1995) AND (production_year <= 2003))",
                          "Rows Removed by Filter": 0
                        }
                      ]
                    },
                    {
                      "Node Type": "Index Scan",
                      "Parent Relationship": "Inner",
                      "Parallel Aware": false,
                      "Scan Direction": "Forward",
                      "Index Name": "movie_id_movie_keyword",
                      "Relation Name": "movie_keyword",
                      "Alias": "mk",
                      "Startup Cost": 0.43,
                      "Total Cost": 1.38,
                      "Plan Rows": 46,
                      "Plan Width": 8,
                      "Actual Startup Time": 0.002,
                      "Actual Total Time": 0.003,
                      "Actual Rows": 9,
                      "Actual Loops": 248,
                      "Index Cond": "(movie_id = mc.movie_id)",
                      "Rows Removed by Index Recheck": 0
                    }
                  ]
                },
                {
                  "Node Type": "Index Scan",
                  "Parent Relationship": "Inner",
                  "Parallel Aware": false,
                  "Scan Direction": "Forward",
                  "Index Name": "keyword_pkey",
                  "Relation Name": "keyword",
                  "Alias": "k",
                  "Startup Cost": 0.42,
                  "Total Cost": 0.44,
                  "Plan Rows": 1,
                  "Plan Width": 4,
                  "Actual Startup Time": 0.001,
                  "Actual Total Time": 0.001,
                  "Actual Rows": 0,
                  "Actual Loops": 2225,
                  "Index Cond": "(id = mk.keyword_id)",
                  "Rows Removed by Index Recheck": 0,
                  "Filter": "(keyword = 'sequel'::text)",
                  "Rows Removed by Filter": 1
                }
              ]
            },
            {
              "Node Type": "Index Scan",
              "Parent Relationship": "Inner",
              "Parallel Aware": false,
              "Scan Direction": "Forward",
              "Index Name": "movie_id_movie_info",
              "Relation Name": "movie_info",
              "Alias": "mi",
              "Startup Cost": 0.43,
              "Total Cost": 1.75,
              "Plan Rows": 2,
              "Plan Width": 4,
              "Actual Startup Time": 0.009,
              "Actual Total Time": 0.011,
              "Actual Rows": 2,
              "Actual Loops": 172,
              "Index Cond": "(movie_id = mk.movie_id)",
              "Rows Removed by Index Recheck": 0,
              "Filter": "(info = ANY ('{Denish,Sweden,Germany,America,English,Norwegian,Bulgaria,American,Germany}'::text[]))",
              "Rows Removed by Filter": 18
            }
          ]
        }
      ]
    },
    "Planning Time": 61.311,
    "Triggers": [],
    "Execution Time": 22.506
  }
]