{
  "Plan": {
    "Node Type": "Aggregate",
    "Strategy": "Plain",
    "Partial Mode": "Finalize",
    "Parallel Aware": false,
    "Startup Cost": 843489.16,
    "Total Cost": 843489.17,
    "Plan Rows": 1,
    "Plan Width": 8,
    "Actual Startup Time": 7007.9,
    "Actual Total Time": 7012.03,
    "Actual Rows": 1,
    "Actual Loops": 1,
    "Plans": [
      {
        "Node Type": "Gather",
        "Parent Relationship": "Outer",
        "Parallel Aware": false,
        "Startup Cost": 843489.05,
        "Total Cost": 843489.16,
        "Plan Rows": 1,
        "Plan Width": 8,
        "Actual Startup Time": 7007.889,
        "Actual Total Time": 7012.024,
        "Actual Rows": 2,
        "Actual Loops": 1,
        "Workers Planned": 1,
        "Workers Launched": 1,
        "Single Copy": false,
        "Plans": [
          {
            "Node Type": "Aggregate",
            "Strategy": "Plain",
            "Partial Mode": "Partial",
            "Parent Relationship": "Outer",
            "Parallel Aware": false,
            "Startup Cost": 842489.05,
            "Total Cost": 842489.06,
            "Plan Rows": 1,
            "Plan Width": 8,
            "Actual Startup Time": 6866.178,
            "Actual Total Time": 6866.184,
            "Actual Rows": 1,
            "Actual Loops": 2,
            "Plans": [
              {
                "Node Type": "Merge Join",
                "Parent Relationship": "Outer",
                "Parallel Aware": false,
                "Join Type": "Inner",
                "Startup Cost": 803639.28,
                "Total Cost": 838768.75,
                "Plan Rows": 1488119,
                "Plan Width": 0,
                "Actual Startup Time": 3812.423,
                "Actual Total Time": 6224.622,
                "Actual Rows": 16326788,
                "Actual Loops": 2,
                "Inner Unique": false,
                "Merge Cond": "(t.id = mc.movie_id)",
                "Plans": [
                  {
                    "Node Type": "Sort",
                    "Parent Relationship": "Outer",
                    "Parallel Aware": false,
                    "Startup Cost": 480688.14,
                    "Total Cost": 484293.18,
                    "Plan Rows": 1442014,
                    "Plan Width": 8,
                    "Actual Startup Time": 3060.456,
                    "Actual Total Time": 3183.357,
                    "Actual Rows": 2914677,
                    "Actual Loops": 2,
                    "Sort Key": [
                      "t.id"
                    ],
                    "Sort Method": "quicksort",
                    "Sort Space Used": 238397,
                    "Sort Space Type": "Memory",
                    "Workers": [
                      {
                        "Worker Number": 0,
                        "Sort Method": "quicksort",
                        "Sort Space Used": 231467,
                        "Sort Space Type": "Memory"
                      }
                    ],
                    "Plans": [
                      {
                        "Node Type": "Hash Join",
                        "Parent Relationship": "Outer",
                        "Parallel Aware": true,
                        "Join Type": "Inner",
                        "Startup Cost": 61389.12,
                        "Total Cost": 333172.61,
                        "Plan Rows": 1442014,
                        "Plan Width": 8,
                        "Actual Startup Time": 218.343,
                        "Actual Total Time": 2433.74,
                        "Actual Rows": 2914714,
                        "Actual Loops": 2,
                        "Inner Unique": true,
                        "Hash Cond": "(mi.movie_id = t.id)",
                        "Plans": [
                          {
                            "Node Type": "Seq Scan",
                            "Parent Relationship": "Outer",
                            "Parallel Aware": true,
                            "Relation Name": "movie_info",
                            "Alias": "mi",
                            "Startup Cost": 0.0,
                            "Total Cost": 248955.74,
                            "Plan Rows": 8696274,
                            "Plan Width": 4,
                            "Actual Startup Time": 0.009,
                            "Actual Total Time": 667.885,
                            "Actual Rows": 7417860,
                            "Actual Loops": 2
                          },
                          {
                            "Node Type": "Hash",
                            "Parent Relationship": "Inner",
                            "Parallel Aware": true,
                            "Startup Cost": 58306.47,
                            "Total Cost": 58306.47,
                            "Plan Rows": 246612,
                            "Plan Width": 4,
                            "Actual Startup Time": 210.784,
                            "Actual Total Time": 210.785,
                            "Actual Rows": 258984,
                            "Actual Loops": 2,
                            "Hash Buckets": 524288,
                            "Original Hash Buckets": 524288,
                            "Hash Batches": 1,
                            "Original Hash Batches": 1,
                            "Peak Memory Usage": 24416,
                            "Plans": [
                              {
                                "Node Type": "Seq Scan",
                                "Parent Relationship": "Outer",
                                "Parallel Aware": true,
                                "Relation Name": "title",
                                "Alias": "t",
                                "Startup Cost": 0.0,
                                "Total Cost": 58306.47,
                                "Plan Rows": 246612,
                                "Plan Width": 4,
                                "Actual Startup Time": 0.044,
                                "Actual Total Time": 155.12,
                                "Actual Rows": 258984,
                                "Actual Loops": 2,
                                "Filter": "((kind_id < 7) AND (production_year < 2001))",
                                "Rows Removed by Filter": 1005172
                              }
                            ]
                          }
                        ]
                      }
                    ]
                  },
                  {
                    "Node Type": "Sort",
                    "Parent Relationship": "Inner",
                    "Parallel Aware": false,
                    "Startup Cost": 322951.0,
                    "Total Cost": 329473.82,
                    "Plan Rows": 2609129,
                    "Plan Width": 4,
                    "Actual Startup Time": 751.937,
                    "Actual Total Time": 1356.928,
                    "Actual Rows": 17895433,
                    "Actual Loops": 2,
                    "Sort Key": [
                      "mc.movie_id"
                    ],
                    "Sort Method": "quicksort",
                    "Sort Space Used": 220607,
                    "Sort Space Type": "Memory",
                    "Workers": [
                      {
                        "Worker Number": 0,
                        "Sort Method": "quicksort",
                        "Sort Space Used": 220607,
                        "Sort Space Type": "Memory"
                      }
                    ],
                    "Plans": [
                      {
                        "Node Type": "Seq Scan",
                        "Parent Relationship": "Outer",
                        "Parallel Aware": false,
                        "Relation Name": "movie_companies",
                        "Alias": "mc",
                        "Startup Cost": 0.0,
                        "Total Cost": 44881.29,
                        "Plan Rows": 2609129,
                        "Plan Width": 4,
                        "Actual Startup Time": 0.032,
                        "Actual Total Time": 226.49,
                        "Actual Rows": 2609129,
                        "Actual Loops": 2
                      }
                    ]
                  }
                ]
              }
            ]
          }
        ]
      }
    ]
  },
  "Planning Time": 1.065,
  "Triggers": [],
  "Execution Time": 7035.047
}