[
  {
    "Plan": {
      "Node Type": "Aggregate",
      "Strategy": "Plain",
      "Partial Mode": "Finalize",
      "Parallel Aware": false,
      "Startup Cost": 76924.5,
      "Total Cost": 76924.51,
      "Plan Rows": 1,
      "Plan Width": 8,
      "Actual Startup Time": 206.505,
      "Actual Total Time": 220.094,
      "Actual Rows": 1,
      "Actual Loops": 1,
      "Plans": [
        {
          "Node Type": "Gather",
          "Parent Relationship": "Outer",
          "Parallel Aware": false,
          "Startup Cost": 76924.18,
          "Total Cost": 76924.49,
          "Plan Rows": 3,
          "Plan Width": 8,
          "Actual Startup Time": 205.067,
          "Actual Total Time": 220.086,
          "Actual Rows": 4,
          "Actual Loops": 1,
          "Workers Planned": 3,
          "Workers Launched": 3,
          "Single Copy": false,
          "Plans": [
            {
              "Node Type": "Aggregate",
              "Strategy": "Plain",
              "Partial Mode": "Partial",
              "Parent Relationship": "Outer",
              "Parallel Aware": false,
              "Startup Cost": 75924.18,
              "Total Cost": 75924.19,
              "Plan Rows": 1,
              "Plan Width": 8,
              "Actual Startup Time": 199.234,
              "Actual Total Time": 199.238,
              "Actual Rows": 1,
              "Actual Loops": 4,
              "Plans": [
                {
                  "Node Type": "Hash Join",
                  "Parent Relationship": "Outer",
                  "Parallel Aware": true,
                  "Join Type": "Inner",
                  "Startup Cost": 54991.91,
                  "Total Cost": 75906.83,
                  "Plan Rows": 6940,
                  "Plan Width": 0,
                  "Actual Startup Time": 156.145,
                  "Actual Total Time": 197.428,
                  "Actual Rows": 37093,
                  "Actual Loops": 4,
                  "Inner Unique": true,
                  "Hash Cond": "(mc.movie_id = t.id)",
                  "Plans": [
                    {
                      "Node Type": "Bitmap Heap Scan",
                      "Parent Relationship": "Outer",
                      "Parallel Aware": true,
                      "Relation Name": "movie_companies",
                      "Alias": "mc",
                      "Startup Cost": 8687.18,
                      "Total Cost": 29427.67,
                      "Plan Rows": 66455,
                      "Plan Width": 4,
                      "Actual Startup Time": 19.558,
                      "Actual Total Time": 43.746,
                      "Actual Rows": 100476,
                      "Actual Loops": 4,
                      "Recheck Cond": "(company_id > 82045)",
                      "Rows Removed by Index Recheck": 0,
                      "Filter": "(company_type_id = 2)",
                      "Rows Removed by Filter": 0,
                      "Exact Heap Blocks": 1788,
                      "Lossy Heap Blocks": 0,
                      "Plans": [
                        {
                          "Node Type": "Bitmap Index Scan",
                          "Parent Relationship": "Outer",
                          "Parallel Aware": false,
                          "Index Name": "company_id_movie_companies",
                          "Startup Cost": 0.0,
                          "Total Cost": 8635.68,
                          "Plan Rows": 403100,
                          "Plan Width": 0,
                          "Actual Startup Time": 18.668,
                          "Actual Total Time": 18.669,
                          "Actual Rows": 401906,
                          "Actual Loops": 1,
                          "Index Cond": "(company_id > 82045)"
                        }
                      ]
                    },
                    {
                      "Node Type": "Hash",
                      "Parent Relationship": "Inner",
                      "Parallel Aware": true,
                      "Startup Cost": 45479.59,
                      "Total Cost": 45479.59,
                      "Plan Rows": 66011,
                      "Plan Width": 4,
                      "Actual Startup Time": 125.026,
                      "Actual Total Time": 125.027,
                      "Actual Rows": 93549,
                      "Actual Loops": 4,
                      "Hash Buckets": 524288,
                      "Original Hash Buckets": 524288,
                      "Hash Batches": 1,
                      "Original Hash Batches": 1,
                      "Peak Memory Usage": 18848,
                      "Plans": [
                        {
                          "Node Type": "Seq Scan",
                          "Parent Relationship": "Outer",
                          "Parallel Aware": true,
                          "Relation Name": "title",
                          "Alias": "t",
                          "Startup Cost": 0.0,
                          "Total Cost": 45479.59,
                          "Plan Rows": 66011,
                          "Plan Width": 4,
                          "Actual Startup Time": 52.037,
                          "Actual Total Time": 94.534,
                          "Actual Rows": 93549,
                          "Actual Loops": 4,
                          "Filter": "((kind_id < 2) AND (production_year < 2000))",
                          "Rows Removed by Filter": 538529
                        }
                      ]
                    }
                  ]
                }
              ]
            }
          ]
        }
      ]
    },
    "Planning Time": 0.341,
    "Triggers": [],
    "Execution Time": 220.16
  }
]