[
    {
        "Bao": {
            "Bao prediction": "NaN",
            "Bao recommended hint": "(no hint)"
        }
    },
    {
        "Plan": {
            "Node Type": "Aggregate",
            "Strategy": "Plain",
            "Partial Mode": "Finalize",
            "Parallel Aware": false,
            "Startup Cost": 46482.16,
            "Total Cost": 46482.17,
            "Plan Rows": 1,
            "Plan Width": 8,
            "Actual Startup Time": 126.813,
            "Actual Total Time": 137.791,
            "Actual Rows": 1,
            "Actual Loops": 1,
            "Output": [
                "count(*)"
            ],
            "Plans": [
                {
                    "Node Type": "Gather",
                    "Parent Relationship": "Outer",
                    "Parallel Aware": false,
                    "Startup Cost": 46481.74,
                    "Total Cost": 46482.15,
                    "Plan Rows": 4,
                    "Plan Width": 8,
                    "Actual Startup Time": 126.528,
                    "Actual Total Time": 137.78,
                    "Actual Rows": 5,
                    "Actual Loops": 1,
                    "Output": [
                        "(PARTIAL count(*))"
                    ],
                    "Workers Planned": 4,
                    "Workers Launched": 4,
                    "Single Copy": false,
                    "Plans": [
                        {
                            "Node Type": "Aggregate",
                            "Strategy": "Plain",
                            "Partial Mode": "Partial",
                            "Parent Relationship": "Outer",
                            "Parallel Aware": false,
                            "Startup Cost": 45481.74,
                            "Total Cost": 45481.75,
                            "Plan Rows": 1,
                            "Plan Width": 8,
                            "Actual Startup Time": 116.945,
                            "Actual Total Time": 116.947,
                            "Actual Rows": 1,
                            "Actual Loops": 5,
                            "Output": [
                                "PARTIAL count(*)"
                            ],
                            "Workers": [
                                {
                                    "Worker Number": 0,
                                    "Actual Startup Time": 114.121,
                                    "Actual Total Time": 114.122,
                                    "Actual Rows": 1,
                                    "Actual Loops": 1
                                },
                                {
                                    "Worker Number": 1,
                                    "Actual Startup Time": 114.524,
                                    "Actual Total Time": 114.526,
                                    "Actual Rows": 1,
                                    "Actual Loops": 1
                                },
                                {
                                    "Worker Number": 2,
                                    "Actual Startup Time": 114.93,
                                    "Actual Total Time": 114.931,
                                    "Actual Rows": 1,
                                    "Actual Loops": 1
                                },
                                {
                                    "Worker Number": 3,
                                    "Actual Startup Time": 115.069,
                                    "Actual Total Time": 115.071,
                                    "Actual Rows": 1,
                                    "Actual Loops": 1
                                }
                            ],
                            "Plans": [
                                {
                                    "Node Type": "Seq Scan",
                                    "Parent Relationship": "Outer",
                                    "Parallel Aware": true,
                                    "Relation Name": "title",
                                    "Schema": "public",
                                    "Alias": "t",
                                    "Startup Cost": 0.0,
                                    "Total Cost": 45479.21,
                                    "Plan Rows": 1013,
                                    "Plan Width": 0,
                                    "Actual Startup Time": 71.666,
                                    "Actual Total Time": 116.79,
                                    "Actual Rows": 903,
                                    "Actual Loops": 5,
                                    "Output": [
                                        "id",
                                        "title",
                                        "imdb_index",
                                        "kind_id",
                                        "production_year",
                                        "imdb_id",
                                        "phonetic_code",
                                        "episode_of_id",
                                        "season_nr",
                                        "episode_nr",
                                        "series_years",
                                        "md5sum"
                                    ],
                                    "Filter": "((t.kind_id = 1) AND (t.production_year = 1984))",
                                    "Rows Removed by Filter": 504760,
                                    "Workers": [
                                        {
                                            "Worker Number": 0,
                                            "Actual Startup Time": 71.841,
                                            "Actual Total Time": 113.958,
                                            "Actual Rows": 714,
                                            "Actual Loops": 1
                                        },
                                        {
                                            "Worker Number": 1,
                                            "Actual Startup Time": 64.654,
                                            "Actual Total Time": 114.365,
                                            "Actual Rows": 756,
                                            "Actual Loops": 1
                                        },
                                        {
                                            "Worker Number": 2,
                                            "Actual Startup Time": 72.615,
                                            "Actual Total Time": 114.765,
                                            "Actual Rows": 813,
                                            "Actual Loops": 1
                                        },
                                        {
                                            "Worker Number": 3,
                                            "Actual Startup Time": 72.762,
                                            "Actual Total Time": 114.913,
                                            "Actual Rows": 788,
                                            "Actual Loops": 1
                                        }
                                    ]
                                }
                            ]
                        }
                    ]
                }
            ]
        },
        "Planning Time": 297.833,
        "Triggers": [],
        "Execution Time": 137.891
    }
]