[
    {
        "Bao": {
            "Bao prediction": "NaN",
            "Bao recommended hint": "(no hint)"
        }
    },
    {
        "Plan": {
            "Node Type": "Aggregate",
            "Strategy": "Plain",
            "Partial Mode": "Finalize",
            "Parallel Aware": false,
            "Startup Cost": 32782.74,
            "Total Cost": 32782.75,
            "Plan Rows": 1,
            "Plan Width": 8,
            "Actual Startup Time": 84.888,
            "Actual Total Time": 91.386,
            "Actual Rows": 1,
            "Actual Loops": 1,
            "Output": [
                "count(*)"
            ],
            "Plans": [
                {
                    "Node Type": "Gather",
                    "Parent Relationship": "Outer",
                    "Parallel Aware": false,
                    "Startup Cost": 32782.42,
                    "Total Cost": 32782.73,
                    "Plan Rows": 3,
                    "Plan Width": 8,
                    "Actual Startup Time": 84.768,
                    "Actual Total Time": 91.374,
                    "Actual Rows": 4,
                    "Actual Loops": 1,
                    "Output": [
                        "(PARTIAL count(*))"
                    ],
                    "Workers Planned": 3,
                    "Workers Launched": 3,
                    "Single Copy": false,
                    "Plans": [
                        {
                            "Node Type": "Aggregate",
                            "Strategy": "Plain",
                            "Partial Mode": "Partial",
                            "Parent Relationship": "Outer",
                            "Parallel Aware": false,
                            "Startup Cost": 31782.42,
                            "Total Cost": 31782.43,
                            "Plan Rows": 1,
                            "Plan Width": 8,
                            "Actual Startup Time": 76.606,
                            "Actual Total Time": 76.607,
                            "Actual Rows": 1,
                            "Actual Loops": 4,
                            "Output": [
                                "PARTIAL count(*)"
                            ],
                            "Workers": [
                                {
                                    "Worker Number": 0,
                                    "Actual Startup Time": 73.714,
                                    "Actual Total Time": 73.716,
                                    "Actual Rows": 1,
                                    "Actual Loops": 1
                                },
                                {
                                    "Worker Number": 1,
                                    "Actual Startup Time": 73.849,
                                    "Actual Total Time": 73.85,
                                    "Actual Rows": 1,
                                    "Actual Loops": 1
                                },
                                {
                                    "Worker Number": 2,
                                    "Actual Startup Time": 74.503,
                                    "Actual Total Time": 74.504,
                                    "Actual Rows": 1,
                                    "Actual Loops": 1
                                }
                            ],
                            "Plans": [
                                {
                                    "Node Type": "Seq Scan",
                                    "Parent Relationship": "Outer",
                                    "Parallel Aware": true,
                                    "Relation Name": "movie_companies",
                                    "Schema": "public",
                                    "Alias": "mc",
                                    "Startup Cost": 0.0,
                                    "Total Cost": 31414.82,
                                    "Plan Rows": 147042,
                                    "Plan Width": 0,
                                    "Actual Startup Time": 18.859,
                                    "Actual Total Time": 74.366,
                                    "Actual Rows": 35102,
                                    "Actual Loops": 4,
                                    "Output": [
                                        "id",
                                        "movie_id",
                                        "company_id",
                                        "company_type_id",
                                        "note"
                                    ],
                                    "Filter": "((mc.company_id > 19316) AND (mc.company_type_id = 1))",
                                    "Rows Removed by Filter": 617180,
                                    "Workers": [
                                        {
                                            "Worker Number": 0,
                                            "Actual Startup Time": 15.967,
                                            "Actual Total Time": 71.65,
                                            "Actual Rows": 30005,
                                            "Actual Loops": 1
                                        },
                                        {
                                            "Worker Number": 1,
                                            "Actual Startup Time": 16.109,
                                            "Actual Total Time": 71.751,
                                            "Actual Rows": 35884,
                                            "Actual Loops": 1
                                        },
                                        {
                                            "Worker Number": 2,
                                            "Actual Startup Time": 16.745,
                                            "Actual Total Time": 72.384,
                                            "Actual Rows": 33568,
                                            "Actual Loops": 1
                                        }
                                    ]
                                }
                            ]
                        }
                    ]
                }
            ]
        },
        "Planning Time": 266.239,
        "Triggers": [],
        "Execution Time": 91.479
    }
]