[
  {
    "Plan": {
      "Node Type": "Aggregate",
      "Strategy": "Plain",
      "Partial Mode": "Finalize",
      "Parallel Aware": false,
      "Startup Cost": 312482.03,
      "Total Cost": 312482.04,
      "Plan Rows": 1,
      "Plan Width": 8,
      "Actual Startup Time": 1489.198,
      "Actual Total Time": 1556.598,
      "Actual Rows": 1,
      "Actual Loops": 1,
      "Plans": [
        {
          "Node Type": "Gather",
          "Parent Relationship": "Outer",
          "Parallel Aware": false,
          "Startup Cost": 312481.51,
          "Total Cost": 312482.02,
          "Plan Rows": 5,
          "Plan Width": 8,
          "Actual Startup Time": 1458.959,
          "Actual Total Time": 1556.585,
          "Actual Rows": 6,
          "Actual Loops": 1,
          "Workers Planned": 5,
          "Workers Launched": 5,
          "Single Copy": false,
          "Plans": [
            {
              "Node Type": "Aggregate",
              "Strategy": "Plain",
              "Partial Mode": "Partial",
              "Parent Relationship": "Outer",
              "Parallel Aware": false,
              "Startup Cost": 311481.51,
              "Total Cost": 311481.52,
              "Plan Rows": 1,
              "Plan Width": 8,
              "Actual Startup Time": 1444.397,
              "Actual Total Time": 1444.743,
              "Actual Rows": 1,
              "Actual Loops": 6,
              "Plans": [
                {
                  "Node Type": "Hash Join",
                  "Parent Relationship": "Outer",
                  "Parallel Aware": true,
                  "Join Type": "Inner",
                  "Startup Cost": 99373.8,
                  "Total Cost": 307426.21,
                  "Plan Rows": 1622121,
                  "Plan Width": 0,
                  "Actual Startup Time": 469.122,
                  "Actual Total Time": 1367.397,
                  "Actual Rows": 1391956,
                  "Actual Loops": 6,
                  "Inner Unique": false,
                  "Hash Cond": "(mi.movie_id = t.id)",
                  "Plans": [
                    {
                      "Node Type": "Seq Scan",
                      "Parent Relationship": "Outer",
                      "Parallel Aware": true,
                      "Relation Name": "movie_info",
                      "Alias": "mi",
                      "Startup Cost": 0.0,
                      "Total Cost": 191685.19,
                      "Plan Rows": 2969219,
                      "Plan Width": 4,
                      "Actual Startup Time": 0.036,
                      "Actual Total Time": 345.351,
                      "Actual Rows": 2472620,
                      "Actual Loops": 6
                    },
                    {
                      "Node Type": "Hash",
                      "Parent Relationship": "Inner",
                      "Parallel Aware": true,
                      "Startup Cost": 93804.02,
                      "Total Cost": 93804.02,
                      "Plan Rows": 445583,
                      "Plan Width": 8,
                      "Actual Startup Time": 463.104,
                      "Actual Total Time": 463.448,
                      "Actual Rows": 109782,
                      "Actual Loops": 6,
                      "Hash Buckets": 2097152,
                      "Original Hash Buckets": 2097152,
                      "Hash Batches": 1,
                      "Original Hash Batches": 1,
                      "Peak Memory Usage": 42272,
                      "Plans": [
                        {
                          "Node Type": "Hash Join",
                          "Parent Relationship": "Outer",
                          "Parallel Aware": true,
                          "Join Type": "Inner",
                          "Startup Cost": 49440.52,
                          "Total Cost": 93804.02,
                          "Plan Rows": 445583,
                          "Plan Width": 8,
                          "Actual Startup Time": 253.0,
                          "Actual Total Time": 412.216,
                          "Actual Rows": 109782,
                          "Actual Loops": 6,
                          "Inner Unique": true,
                          "Hash Cond": "(mk.movie_id = t.id)",
                          "Plans": [
                            {
                              "Node Type": "Seq Scan",
                              "Parent Relationship": "Outer",
                              "Parallel Aware": true,
                              "Relation Name": "movie_keyword",
                              "Alias": "mk",
                              "Startup Cost": 0.0,
                              "Total Cost": 42695.65,
                              "Plan Rows": 635368,
                              "Plan Width": 4,
                              "Actual Startup Time": 0.387,
                              "Actual Total Time": 93.441,
                              "Actual Rows": 326708,
                              "Actual Loops": 6,
                              "Filter": "(keyword_id > 6503)",
                              "Rows Removed by Filter": 427280
                            },
                            {
                              "Node Type": "Hash",
                              "Parent Relationship": "Inner",
                              "Parallel Aware": true,
                              "Startup Cost": 43899.32,
                              "Total Cost": 43899.32,
                              "Plan Rows": 443296,
                              "Plan Width": 4,
                              "Actual Startup Time": 249.971,
                              "Actual Total Time": 249.973,
                              "Actual Rows": 295772,
                              "Actual Loops": 6,
                              "Hash Buckets": 2097152,
                              "Original Hash Buckets": 2097152,
                              "Hash Batches": 1,
                              "Original Hash Batches": 1,
                              "Peak Memory Usage": 85952,
                              "Plans": [
                                {
                                  "Node Type": "Seq Scan",
                                  "Parent Relationship": "Outer",
                                  "Parallel Aware": true,
                                  "Relation Name": "title",
                                  "Alias": "t",
                                  "Startup Cost": 0.0,
                                  "Total Cost": 43899.32,
                                  "Plan Rows": 443296,
                                  "Plan Width": 4,
                                  "Actual Startup Time": 0.056,
                                  "Actual Total Time": 101.576,
                                  "Actual Rows": 295772,
                                  "Actual Loops": 6,
                                  "Filter": "(kind_id > 2)",
                                  "Rows Removed by Filter": 125613
                                }
                              ]
                            }
                          ]
                        }
                      ]
                    }
                  ]
                }
              ]
            }
          ]
        }
      ]
    },
    "Planning Time": 1.338,
    "Triggers": [],
    "Execution Time": 1556.686
  }
]