[
  {
    "Plan": {
      "Node Type": "Aggregate",
      "Strategy": "Plain",
      "Partial Mode": "Finalize",
      "Parallel Aware": false,
      "Startup Cost": 45291.72,
      "Total Cost": 45291.73,
      "Plan Rows": 1,
      "Plan Width": 8,
      "Actual Startup Time": 148.24,
      "Actual Total Time": 159.319,
      "Actual Rows": 1,
      "Actual Loops": 1,
      "Plans": [
        {
          "Node Type": "Gather",
          "Parent Relationship": "Outer",
          "Parallel Aware": false,
          "Startup Cost": 45291.4,
          "Total Cost": 45291.71,
          "Plan Rows": 3,
          "Plan Width": 8,
          "Actual Startup Time": 148.076,
          "Actual Total Time": 159.309,
          "Actual Rows": 4,
          "Actual Loops": 1,
          "Workers Planned": 3,
          "Workers Launched": 3,
          "Single Copy": false,
          "Plans": [
            {
              "Node Type": "Aggregate",
              "Strategy": "Plain",
              "Partial Mode": "Partial",
              "Parent Relationship": "Outer",
              "Parallel Aware": false,
              "Startup Cost": 44291.4,
              "Total Cost": 44291.41,
              "Plan Rows": 1,
              "Plan Width": 8,
              "Actual Startup Time": 144.198,
              "Actual Total Time": 144.2,
              "Actual Rows": 1,
              "Actual Loops": 4,
              "Plans": [
                {
                  "Node Type": "Seq Scan",
                  "Parent Relationship": "Outer",
                  "Parallel Aware": true,
                  "Relation Name": "movie_keyword",
                  "Alias": "mk",
                  "Startup Cost": 0.0,
                  "Total Cost": 42695.65,
                  "Plan Rows": 638299,
                  "Plan Width": 0,
                  "Actual Startup Time": 0.032,
                  "Actual Total Time": 117.814,
                  "Actual Rows": 495584,
                  "Actual Loops": 4,
                  "Filter": "(keyword_id < 3503)",
                  "Rows Removed by Filter": 635398
                }
              ]
            }
          ]
        }
      ]
    },
    "Planning Time": 0.184,
    "Triggers": [],
    "Execution Time": 159.375
  }
]