[
  {
    "Plan": {
      "Node Type": "Aggregate",
      "Strategy": "Plain",
      "Partial Mode": "Finalize",
      "Parallel Aware": false,
      "Startup Cost": 32741.84,
      "Total Cost": 32741.85,
      "Plan Rows": 1,
      "Plan Width": 8,
      "Actual Startup Time": 91.971,
      "Actual Total Time": 99.695,
      "Actual Rows": 1,
      "Actual Loops": 1,
      "Plans": [
        {
          "Node Type": "Gather",
          "Parent Relationship": "Outer",
          "Parallel Aware": false,
          "Startup Cost": 32741.53,
          "Total Cost": 32741.84,
          "Plan Rows": 3,
          "Plan Width": 8,
          "Actual Startup Time": 91.816,
          "Actual Total Time": 99.684,
          "Actual Rows": 4,
          "Actual Loops": 1,
          "Workers Planned": 3,
          "Workers Launched": 3,
          "Single Copy": false,
          "Plans": [
            {
              "Node Type": "Aggregate",
              "Strategy": "Plain",
              "Partial Mode": "Partial",
              "Parent Relationship": "Outer",
              "Parallel Aware": false,
              "Startup Cost": 31741.53,
              "Total Cost": 31741.54,
              "Plan Rows": 1,
              "Plan Width": 8,
              "Actual Startup Time": 83.342,
              "Actual Total Time": 83.343,
              "Actual Rows": 1,
              "Actual Loops": 4,
              "Plans": [
                {
                  "Node Type": "Seq Scan",
                  "Parent Relationship": "Outer",
                  "Parallel Aware": true,
                  "Relation Name": "movie_companies",
                  "Alias": "mc",
                  "Startup Cost": 0.0,
                  "Total Cost": 31414.82,
                  "Plan Rows": 130683,
                  "Plan Width": 0,
                  "Actual Startup Time": 27.086,
                  "Actual Total Time": 82.102,
                  "Actual Rows": 20018,
                  "Actual Loops": 4,
                  "Filter": "((company_id > 28356) AND (company_type_id < 2))",
                  "Rows Removed by Filter": 632264
                }
              ]
            }
          ]
        }
      ]
    },
    "Planning Time": 0.215,
    "Triggers": [],
    "Execution Time": 99.753
  }
]