[
  {
    "Plan": {
      "Node Type": "Aggregate",
      "Strategy": "Plain",
      "Partial Mode": "Finalize",
      "Parallel Aware": false,
      "Startup Cost": 33146.99,
      "Total Cost": 33147.0,
      "Plan Rows": 1,
      "Plan Width": 8,
      "Actual Startup Time": 92.255,
      "Actual Total Time": 101.508,
      "Actual Rows": 1,
      "Actual Loops": 1,
      "Plans": [
        {
          "Node Type": "Gather",
          "Parent Relationship": "Outer",
          "Parallel Aware": false,
          "Startup Cost": 33146.67,
          "Total Cost": 33146.98,
          "Plan Rows": 3,
          "Plan Width": 8,
          "Actual Startup Time": 91.941,
          "Actual Total Time": 101.496,
          "Actual Rows": 4,
          "Actual Loops": 1,
          "Workers Planned": 3,
          "Workers Launched": 3,
          "Single Copy": false,
          "Plans": [
            {
              "Node Type": "Aggregate",
              "Strategy": "Plain",
              "Partial Mode": "Partial",
              "Parent Relationship": "Outer",
              "Parallel Aware": false,
              "Startup Cost": 32146.67,
              "Total Cost": 32146.68,
              "Plan Rows": 1,
              "Plan Width": 8,
              "Actual Startup Time": 83.328,
              "Actual Total Time": 83.331,
              "Actual Rows": 1,
              "Actual Loops": 4,
              "Plans": [
                {
                  "Node Type": "Bitmap Heap Scan",
                  "Parent Relationship": "Outer",
                  "Parallel Aware": true,
                  "Relation Name": "movie_keyword",
                  "Alias": "mk",
                  "Startup Cost": 6264.26,
                  "Total Cost": 31908.6,
                  "Plan Rows": 95227,
                  "Plan Width": 0,
                  "Actual Startup Time": 19.015,
                  "Actual Total Time": 78.809,
                  "Actual Rows": 74829,
                  "Actual Loops": 4,
                  "Recheck Cond": "(keyword_id > 53994)",
                  "Rows Removed by Index Recheck": 0,
                  "Exact Heap Blocks": 10938,
                  "Lossy Heap Blocks": 0,
                  "Plans": [
                    {
                      "Node Type": "Bitmap Index Scan",
                      "Parent Relationship": "Outer",
                      "Parallel Aware": false,
                      "Index Name": "keyword_id_movie_keyword",
                      "Startup Cost": 0.0,
                      "Total Cost": 6190.46,
                      "Plan Rows": 295204,
                      "Plan Width": 0,
                      "Actual Startup Time": 23.646,
                      "Actual Total Time": 23.646,
                      "Actual Rows": 299317,
                      "Actual Loops": 1,
                      "Index Cond": "(keyword_id > 53994)"
                    }
                  ]
                }
              ]
            }
          ]
        }
      ]
    },
    "Planning Time": 0.071,
    "Triggers": [],
    "Execution Time": 101.544
  }
]