[
  {
    "Plan": {
      "Node Type": "Aggregate",
      "Strategy": "Plain",
      "Partial Mode": "Finalize",
      "Parallel Aware": false,
      "Startup Cost": 33386.83,
      "Total Cost": 33386.84,
      "Plan Rows": 1,
      "Plan Width": 8,
      "Actual Startup Time": 116.083,
      "Actual Total Time": 124.763,
      "Actual Rows": 1,
      "Actual Loops": 1,
      "Plans": [
        {
          "Node Type": "Gather",
          "Parent Relationship": "Outer",
          "Parallel Aware": false,
          "Startup Cost": 33386.51,
          "Total Cost": 33386.82,
          "Plan Rows": 3,
          "Plan Width": 8,
          "Actual Startup Time": 115.825,
          "Actual Total Time": 124.752,
          "Actual Rows": 4,
          "Actual Loops": 1,
          "Workers Planned": 3,
          "Workers Launched": 3,
          "Single Copy": false,
          "Plans": [
            {
              "Node Type": "Aggregate",
              "Strategy": "Plain",
              "Partial Mode": "Partial",
              "Parent Relationship": "Outer",
              "Parallel Aware": false,
              "Startup Cost": 32386.51,
              "Total Cost": 32386.52,
              "Plan Rows": 1,
              "Plan Width": 8,
              "Actual Startup Time": 107.958,
              "Actual Total Time": 107.959,
              "Actual Rows": 1,
              "Actual Loops": 4,
              "Plans": [
                {
                  "Node Type": "Bitmap Heap Scan",
                  "Parent Relationship": "Outer",
                  "Parallel Aware": true,
                  "Relation Name": "movie_keyword",
                  "Alias": "mk",
                  "Startup Cost": 6459.58,
                  "Total Cost": 32141.02,
                  "Plan Rows": 98195,
                  "Plan Width": 0,
                  "Actual Startup Time": 37.423,
                  "Actual Total Time": 102.021,
                  "Actual Rows": 74829,
                  "Actual Loops": 4,
                  "Recheck Cond": "(keyword_id > 53994)",
                  "Rows Removed by Index Recheck": 0,
                  "Exact Heap Blocks": 9038,
                  "Lossy Heap Blocks": 0,
                  "Plans": [
                    {
                      "Node Type": "Bitmap Index Scan",
                      "Parent Relationship": "Outer",
                      "Parallel Aware": false,
                      "Index Name": "keyword_id_movie_keyword",
                      "Startup Cost": 0.0,
                      "Total Cost": 6383.48,
                      "Plan Rows": 304406,
                      "Plan Width": 0,
                      "Actual Startup Time": 37.866,
                      "Actual Total Time": 37.866,
                      "Actual Rows": 299317,
                      "Actual Loops": 1,
                      "Index Cond": "(keyword_id > 53994)"
                    }
                  ]
                }
              ]
            }
          ]
        }
      ]
    },
    "Planning Time": 0.188,
    "Triggers": [],
    "Execution Time": 124.851
  }
]