{
    "Plan": {
        "Node Type": "Aggregate",
        "Strategy": "Plain",
        "Partial Mode": "Finalize",
        "Parallel Aware": false,
        "Startup Cost": 89722.95,
        "Total Cost": 89722.96,
        "Plan Rows": 1,
        "Plan Width": 8,
        "Actual Startup Time": 231.931,
        "Actual Total Time": 253.716,
        "Actual Rows": 1,
        "Actual Loops": 1,
        "Output": [
            "count(*)"
        ],
        "Plans": [
            {
                "Node Type": "Gather",
                "Parent Relationship": "Outer",
                "Parallel Aware": false,
                "Startup Cost": 89722.63,
                "Total Cost": 89722.94,
                "Plan Rows": 3,
                "Plan Width": 8,
                "Actual Startup Time": 231.808,
                "Actual Total Time": 253.707,
                "Actual Rows": 4,
                "Actual Loops": 1,
                "Output": [
                    "(PARTIAL count(*))"
                ],
                "Workers Planned": 3,
                "Workers Launched": 3,
                "Single Copy": false,
                "Plans": [
                    {
                        "Node Type": "Aggregate",
                        "Strategy": "Plain",
                        "Partial Mode": "Partial",
                        "Parent Relationship": "Outer",
                        "Parallel Aware": false,
                        "Startup Cost": 88722.63,
                        "Total Cost": 88722.64,
                        "Plan Rows": 1,
                        "Plan Width": 8,
                        "Actual Startup Time": 222.832,
                        "Actual Total Time": 222.835,
                        "Actual Rows": 1,
                        "Actual Loops": 4,
                        "Output": [
                            "PARTIAL count(*)"
                        ],
                        "Workers": [
                            {
                                "Worker Number": 0,
                                "Actual Startup Time": 220.055,
                                "Actual Total Time": 220.059,
                                "Actual Rows": 1,
                                "Actual Loops": 1
                            },
                            {
                                "Worker Number": 1,
                                "Actual Startup Time": 220.068,
                                "Actual Total Time": 220.071,
                                "Actual Rows": 1,
                                "Actual Loops": 1
                            },
                            {
                                "Worker Number": 2,
                                "Actual Startup Time": 220.059,
                                "Actual Total Time": 220.062,
                                "Actual Rows": 1,
                                "Actual Loops": 1
                            }
                        ],
                        "Plans": [
                            {
                                "Node Type": "Hash Join",
                                "Parent Relationship": "Outer",
                                "Parallel Aware": true,
                                "Join Type": "Inner",
                                "Startup Cost": 45569.56,
                                "Total Cost": 88717.71,
                                "Plan Rows": 1971,
                                "Plan Width": 0,
                                "Actual Startup Time": 125.743,
                                "Actual Total Time": 222.633,
                                "Actual Rows": 2840,
                                "Actual Loops": 4,
                                "Inner Unique": true,
                                "Hash Cond": "(mk.movie_id = t.id)",
                                "Workers": [
                                    {
                                        "Worker Number": 0,
                                        "Actual Startup Time": 122.978,
                                        "Actual Total Time": 219.869,
                                        "Actual Rows": 2792,
                                        "Actual Loops": 1
                                    },
                                    {
                                        "Worker Number": 1,
                                        "Actual Startup Time": 123.06,
                                        "Actual Total Time": 219.882,
                                        "Actual Rows": 2784,
                                        "Actual Loops": 1
                                    },
                                    {
                                        "Worker Number": 2,
                                        "Actual Startup Time": 122.897,
                                        "Actual Total Time": 219.868,
                                        "Actual Rows": 2852,
                                        "Actual Loops": 1
                                    }
                                ],
                                "Plans": [
                                    {
                                        "Node Type": "Seq Scan",
                                        "Parent Relationship": "Outer",
                                        "Parallel Aware": true,
                                        "Relation Name": "movie_keyword",
                                        "Schema": "public",
                                        "Alias": "mk",
                                        "Startup Cost": 0.0,
                                        "Total Cost": 42695.65,
                                        "Plan Rows": 172379,
                                        "Plan Width": 4,
                                        "Actual Startup Time": 4.352,
                                        "Actual Total Time": 106.99,
                                        "Actual Rows": 130998,
                                        "Actual Loops": 4,
                                        "Output": [
                                            "mk.id",
                                            "mk.movie_id",
                                            "mk.keyword_id"
                                        ],
                                        "Filter": "(mk.keyword_id > 34630)",
                                        "Rows Removed by Filter": 999985,
                                        "Workers": [
                                            {
                                                "Worker Number": 0,
                                                "Actual Startup Time": 4.301,
                                                "Actual Total Time": 107.838,
                                                "Actual Rows": 131939,
                                                "Actual Loops": 1
                                            },
                                            {
                                                "Worker Number": 1,
                                                "Actual Startup Time": 4.305,
                                                "Actual Total Time": 107.939,
                                                "Actual Rows": 131317,
                                                "Actual Loops": 1
                                            },
                                            {
                                                "Worker Number": 2,
                                                "Actual Startup Time": 4.316,
                                                "Actual Total Time": 107.746,
                                                "Actual Rows": 131514,
                                                "Actual Loops": 1
                                            }
                                        ]
                                    },
                                    {
                                        "Node Type": "Hash",
                                        "Parent Relationship": "Inner",
                                        "Parallel Aware": true,
                                        "Startup Cost": 45479.21,
                                        "Total Cost": 45479.21,
                                        "Plan Rows": 7228,
                                        "Plan Width": 4,
                                        "Actual Startup Time": 101.472,
                                        "Actual Total Time": 101.473,
                                        "Actual Rows": 4029,
                                        "Actual Loops": 4,
                                        "Output": [
                                            "t.id"
                                        ],
                                        "Hash Buckets": 32768,
                                        "Original Hash Buckets": 32768,
                                        "Hash Batches": 1,
                                        "Original Hash Batches": 1,
                                        "Peak Memory Usage": 928,
                                        "Workers": [
                                            {
                                                "Worker Number": 0,
                                                "Actual Startup Time": 99.178,
                                                "Actual Total Time": 99.179,
                                                "Actual Rows": 4053,
                                                "Actual Loops": 1
                                            },
                                            {
                                                "Worker Number": 1,
                                                "Actual Startup Time": 99.189,
                                                "Actual Total Time": 99.191,
                                                "Actual Rows": 3987,
                                                "Actual Loops": 1
                                            },
                                            {
                                                "Worker Number": 2,
                                                "Actual Startup Time": 99.178,
                                                "Actual Total Time": 99.179,
                                                "Actual Rows": 4138,
                                                "Actual Loops": 1
                                            }
                                        ],
                                        "Plans": [
                                            {
                                                "Node Type": "Seq Scan",
                                                "Parent Relationship": "Outer",
                                                "Parallel Aware": true,
                                                "Relation Name": "title",
                                                "Schema": "public",
                                                "Alias": "t",
                                                "Startup Cost": 0.0,
                                                "Total Cost": 45479.21,
                                                "Plan Rows": 7228,
                                                "Plan Width": 4,
                                                "Actual Startup Time": 65.475,
                                                "Actual Total Time": 99.935,
                                                "Actual Rows": 4029,
                                                "Actual Loops": 4,
                                                "Output": [
                                                    "t.id"
                                                ],
                                                "Filter": "((t.kind_id < 2) AND (t.production_year = 2006))",
                                                "Rows Removed by Filter": 628049,
                                                "Workers": [
                                                    {
                                                        "Worker Number": 0,
                                                        "Actual Startup Time": 60.746,
                                                        "Actual Total Time": 97.684,
                                                        "Actual Rows": 4053,
                                                        "Actual Loops": 1
                                                    },
                                                    {
                                                        "Worker Number": 1,
                                                        "Actual Startup Time": 66.025,
                                                        "Actual Total Time": 97.703,
                                                        "Actual Rows": 3987,
                                                        "Actual Loops": 1
                                                    },
                                                    {
                                                        "Worker Number": 2,
                                                        "Actual Startup Time": 59.947,
                                                        "Actual Total Time": 97.644,
                                                        "Actual Rows": 4138,
                                                        "Actual Loops": 1
                                                    }
                                                ]
                                            }
                                        ]
                                    }
                                ]
                            }
                        ]
                    }
                ]
            }
        ]
    },
    "Planning Time": 0.733,
    "Triggers": [],
    "Execution Time": 253.793
}