[
  {
    "Plan": {
      "Node Type": "Aggregate",
      "Strategy": "Plain",
      "Partial Mode": "Finalize",
      "Parallel Aware": false,
      "Startup Cost": 347612.12,
      "Total Cost": 347612.13,
      "Plan Rows": 1,
      "Plan Width": 8,
      "Actual Startup Time": 721.106,
      "Actual Total Time": 779.964,
      "Actual Rows": 1,
      "Actual Loops": 1,
      "Plans": [
        {
          "Node Type": "Gather",
          "Parent Relationship": "Outer",
          "Parallel Aware": false,
          "Startup Cost": 347611.49,
          "Total Cost": 347612.1,
          "Plan Rows": 6,
          "Plan Width": 8,
          "Actual Startup Time": 720.987,
          "Actual Total Time": 779.953,
          "Actual Rows": 7,
          "Actual Loops": 1,
          "Workers Planned": 6,
          "Workers Launched": 6,
          "Single Copy": false,
          "Plans": [
            {
              "Node Type": "Aggregate",
              "Strategy": "Plain",
              "Partial Mode": "Partial",
              "Parent Relationship": "Outer",
              "Parallel Aware": false,
              "Startup Cost": 346611.49,
              "Total Cost": 346611.5,
              "Plan Rows": 1,
              "Plan Width": 8,
              "Actual Startup Time": 711.075,
              "Actual Total Time": 711.076,
              "Actual Rows": 1,
              "Actual Loops": 7,
              "Plans": [
                {
                  "Node Type": "Seq Scan",
                  "Parent Relationship": "Outer",
                  "Parallel Aware": true,
                  "Relation Name": "cast_info",
                  "Alias": "ci",
                  "Startup Cost": 0.0,
                  "Total Cost": 343257.03,
                  "Plan Rows": 1341785,
                  "Plan Width": 0,
                  "Actual Startup Time": 336.13,
                  "Actual Total Time": 643.017,
                  "Actual Rows": 1586861,
                  "Actual Loops": 7,
                  "Filter": "((person_id > 1834971) AND (role_id > 2))",
                  "Rows Removed by Filter": 3590902
                }
              ]
            }
          ]
        }
      ]
    },
    "Planning Time": 0.226,
    "Triggers": [],
    "Execution Time": 780.039
  }
]