[
  {
    "Plan": {
      "Node Type": "Aggregate",
      "Strategy": "Plain",
      "Partial Mode": "Finalize",
      "Parallel Aware": false,
      "Startup Cost": 28162.17,
      "Total Cost": 28162.18,
      "Plan Rows": 1,
      "Plan Width": 8,
      "Actual Startup Time": 26.359,
      "Actual Total Time": 30.109,
      "Actual Rows": 1,
      "Actual Loops": 1,
      "Plans": [
        {
          "Node Type": "Gather",
          "Parent Relationship": "Outer",
          "Parallel Aware": false,
          "Startup Cost": 28161.95,
          "Total Cost": 28162.16,
          "Plan Rows": 2,
          "Plan Width": 8,
          "Actual Startup Time": 25.698,
          "Actual Total Time": 30.105,
          "Actual Rows": 3,
          "Actual Loops": 1,
          "Workers Planned": 2,
          "Workers Launched": 2,
          "Single Copy": false,
          "Plans": [
            {
              "Node Type": "Aggregate",
              "Strategy": "Plain",
              "Partial Mode": "Partial",
              "Parent Relationship": "Outer",
              "Parallel Aware": false,
              "Startup Cost": 27161.95,
              "Total Cost": 27161.96,
              "Plan Rows": 1,
              "Plan Width": 8,
              "Actual Startup Time": 19.099,
              "Actual Total Time": 19.101,
              "Actual Rows": 1,
              "Actual Loops": 3,
              "Plans": [
                {
                  "Node Type": "Nested Loop",
                  "Parent Relationship": "Outer",
                  "Parallel Aware": false,
                  "Join Type": "Inner",
                  "Startup Cost": 112.63,
                  "Total Cost": 27156.61,
                  "Plan Rows": 2138,
                  "Plan Width": 0,
                  "Actual Startup Time": 0.716,
                  "Actual Total Time": 18.853,
                  "Actual Rows": 2022,
                  "Actual Loops": 3,
                  "Inner Unique": true,
                  "Plans": [
                    {
                      "Node Type": "Bitmap Heap Scan",
                      "Parent Relationship": "Outer",
                      "Parallel Aware": true,
                      "Relation Name": "movie_companies",
                      "Alias": "mc",
                      "Startup Cost": 112.2,
                      "Total Cost": 11559.28,
                      "Plan Rows": 2138,
                      "Plan Width": 4,
                      "Actual Startup Time": 0.562,
                      "Actual Total Time": 3.849,
                      "Actual Rows": 2022,
                      "Actual Loops": 3,
                      "Recheck Cond": "(company_id = 93)",
                      "Rows Removed by Index Recheck": 0,
                      "Exact Heap Blocks": 1940,
                      "Lossy Heap Blocks": 0,
                      "Plans": [
                        {
                          "Node Type": "Bitmap Index Scan",
                          "Parent Relationship": "Outer",
                          "Parallel Aware": false,
                          "Index Name": "company_id_movie_companies",
                          "Startup Cost": 0.0,
                          "Total Cost": 110.91,
                          "Plan Rows": 5131,
                          "Plan Width": 0,
                          "Actual Startup Time": 1.095,
                          "Actual Total Time": 1.095,
                          "Actual Rows": 6067,
                          "Actual Loops": 1,
                          "Index Cond": "(company_id = 93)"
                        }
                      ]
                    },
                    {
                      "Node Type": "Index Only Scan",
                      "Parent Relationship": "Inner",
                      "Parallel Aware": false,
                      "Scan Direction": "Forward",
                      "Index Name": "title_pkey",
                      "Relation Name": "title",
                      "Alias": "t",
                      "Startup Cost": 0.43,
                      "Total Cost": 7.3,
                      "Plan Rows": 1,
                      "Plan Width": 4,
                      "Actual Startup Time": 0.007,
                      "Actual Total Time": 0.007,
                      "Actual Rows": 1,
                      "Actual Loops": 6067,
                      "Index Cond": "(id = mc.movie_id)",
                      "Rows Removed by Index Recheck": 0,
                      "Heap Fetches": 6067
                    }
                  ]
                }
              ]
            }
          ]
        }
      ]
    },
    "Planning Time": 0.458,
    "Triggers": [],
    "Execution Time": 30.141
  }
]