[
  {
    "Plan": {
      "Node Type": "Aggregate",
      "Strategy": "Plain",
      "Partial Mode": "Finalize",
      "Parallel Aware": false,
      "Startup Cost": 160136.8,
      "Total Cost": 160136.81,
      "Plan Rows": 1,
      "Plan Width": 8,
      "Actual Startup Time": 115.907,
      "Actual Total Time": 132.253,
      "Actual Rows": 1,
      "Actual Loops": 1,
      "Plans": [
        {
          "Node Type": "Gather",
          "Parent Relationship": "Outer",
          "Parallel Aware": false,
          "Startup Cost": 160136.38,
          "Total Cost": 160136.79,
          "Plan Rows": 4,
          "Plan Width": 8,
          "Actual Startup Time": 115.767,
          "Actual Total Time": 132.244,
          "Actual Rows": 5,
          "Actual Loops": 1,
          "Workers Planned": 4,
          "Workers Launched": 4,
          "Single Copy": false,
          "Plans": [
            {
              "Node Type": "Aggregate",
              "Strategy": "Plain",
              "Partial Mode": "Partial",
              "Parent Relationship": "Outer",
              "Parallel Aware": false,
              "Startup Cost": 159136.38,
              "Total Cost": 159136.39,
              "Plan Rows": 1,
              "Plan Width": 8,
              "Actual Startup Time": 105.76,
              "Actual Total Time": 105.762,
              "Actual Rows": 1,
              "Actual Loops": 5,
              "Plans": [
                {
                  "Node Type": "Nested Loop",
                  "Parent Relationship": "Outer",
                  "Parallel Aware": false,
                  "Join Type": "Inner",
                  "Startup Cost": 0.56,
                  "Total Cost": 159133.29,
                  "Plan Rows": 1237,
                  "Plan Width": 0,
                  "Actual Startup Time": 2.036,
                  "Actual Total Time": 105.659,
                  "Actual Rows": 602,
                  "Actual Loops": 5,
                  "Inner Unique": false,
                  "Plans": [
                    {
                      "Node Type": "Seq Scan",
                      "Parent Relationship": "Outer",
                      "Parallel Aware": true,
                      "Relation Name": "title",
                      "Alias": "t",
                      "Startup Cost": 0.0,
                      "Total Cost": 45479.1,
                      "Plan Rows": 935,
                      "Plan Width": 4,
                      "Actual Startup Time": 0.29,
                      "Actual Total Time": 75.749,
                      "Actual Rows": 661,
                      "Actual Loops": 5,
                      "Filter": "((kind_id = 7) AND (production_year = 1952))",
                      "Rows Removed by Filter": 505002
                    },
                    {
                      "Node Type": "Index Scan",
                      "Parent Relationship": "Inner",
                      "Parallel Aware": false,
                      "Scan Direction": "Forward",
                      "Index Name": "movie_id_cast_info",
                      "Relation Name": "cast_info",
                      "Alias": "ci",
                      "Startup Cost": 0.56,
                      "Total Cost": 121.53,
                      "Plan Rows": 3,
                      "Plan Width": 4,
                      "Actual Startup Time": 0.035,
                      "Actual Total Time": 0.045,
                      "Actual Rows": 1,
                      "Actual Loops": 3303,
                      "Index Cond": "(movie_id = t.id)",
                      "Rows Removed by Index Recheck": 0,
                      "Filter": "((person_id > 1989538) AND (role_id = 2))",
                      "Rows Removed by Filter": 7
                    }
                  ]
                }
              ]
            }
          ]
        }
      ]
    },
    "Planning Time": 0.681,
    "Triggers": [],
    "Execution Time": 132.325
  }
]