{
  "Plan": {
    "Node Type": "Aggregate",
    "Strategy": "Plain",
    "Partial Mode": "Finalize",
    "Parallel Aware": false,
    "Startup Cost": 70504.39,
    "Total Cost": 70504.4,
    "Plan Rows": 1,
    "Plan Width": 8,
    "Actual Startup Time": 68.471,
    "Actual Total Time": 79.306,
    "Actual Rows": 1,
    "Actual Loops": 1,
    "Plans": [
      {
        "Node Type": "Gather",
        "Parent Relationship": "Outer",
        "Parallel Aware": false,
        "Startup Cost": 70504.27,
        "Total Cost": 70504.38,
        "Plan Rows": 1,
        "Plan Width": 8,
        "Actual Startup Time": 68.184,
        "Actual Total Time": 79.299,
        "Actual Rows": 2,
        "Actual Loops": 1,
        "Workers Planned": 1,
        "Workers Launched": 1,
        "Single Copy": false,
        "Plans": [
          {
            "Node Type": "Aggregate",
            "Strategy": "Plain",
            "Partial Mode": "Partial",
            "Parent Relationship": "Outer",
            "Parallel Aware": false,
            "Startup Cost": 69504.27,
            "Total Cost": 69504.28,
            "Plan Rows": 1,
            "Plan Width": 8,
            "Actual Startup Time": 61.974,
            "Actual Total Time": 61.976,
            "Actual Rows": 1,
            "Actual Loops": 2,
            "Plans": [
              {
                "Node Type": "Nested Loop",
                "Parent Relationship": "Outer",
                "Parallel Aware": false,
                "Join Type": "Inner",
                "Startup Cost": 258.79,
                "Total Cost": 69497.35,
                "Plan Rows": 2768,
                "Plan Width": 0,
                "Actual Startup Time": 3.966,
                "Actual Total Time": 61.619,
                "Actual Rows": 3069,
                "Actual Loops": 2,
                "Inner Unique": false,
                "Plans": [
                  {
                    "Node Type": "Nested Loop",
                    "Parent Relationship": "Outer",
                    "Parallel Aware": false,
                    "Join Type": "Inner",
                    "Startup Cost": 258.36,
                    "Total Cost": 65276.73,
                    "Plan Rows": 7096,
                    "Plan Width": 8,
                    "Actual Startup Time": 3.789,
                    "Actual Total Time": 37.273,
                    "Actual Rows": 4284,
                    "Actual Loops": 2,
                    "Inner Unique": true,
                    "Plans": [
                      {
                        "Node Type": "Bitmap Heap Scan",
                        "Parent Relationship": "Outer",
                        "Parallel Aware": true,
                        "Relation Name": "movie_keyword",
                        "Alias": "mk",
                        "Startup Cost": 257.93,
                        "Total Cost": 20793.42,
                        "Plan Rows": 7096,
                        "Plan Width": 4,
                        "Actual Startup Time": 3.637,
                        "Actual Total Time": 11.478,
                        "Actual Rows": 4284,
                        "Actual Loops": 2,
                        "Recheck Cond": "(keyword_id = 3636)",
                        "Rows Removed by Index Recheck": 0,
                        "Exact Heap Blocks": 3190,
                        "Lossy Heap Blocks": 0,
                        "Plans": [
                          {
                            "Node Type": "Bitmap Index Scan",
                            "Parent Relationship": "Outer",
                            "Parallel Aware": false,
                            "Index Name": "keyword_id_movie_keyword",
                            "Startup Cost": 0.0,
                            "Total Cost": 254.91,
                            "Plan Rows": 12064,
                            "Plan Width": 0,
                            "Actual Startup Time": 5.014,
                            "Actual Total Time": 5.014,
                            "Actual Rows": 8567,
                            "Actual Loops": 1,
                            "Index Cond": "(keyword_id = 3636)"
                          }
                        ]
                      },
                      {
                        "Node Type": "Index Only Scan",
                        "Parent Relationship": "Inner",
                        "Parallel Aware": false,
                        "Scan Direction": "Forward",
                        "Index Name": "title_pkey",
                        "Relation Name": "title",
                        "Alias": "t",
                        "Startup Cost": 0.43,
                        "Total Cost": 6.27,
                        "Plan Rows": 1,
                        "Plan Width": 4,
                        "Actual Startup Time": 0.005,
                        "Actual Total Time": 0.005,
                        "Actual Rows": 1,
                        "Actual Loops": 8567,
                        "Index Cond": "(id = mk.movie_id)",
                        "Rows Removed by Index Recheck": 0,
                        "Heap Fetches": 8567
                      }
                    ]
                  },
                  {
                    "Node Type": "Index Scan",
                    "Parent Relationship": "Inner",
                    "Parallel Aware": false,
                    "Scan Direction": "Forward",
                    "Index Name": "movie_id_movie_companies",
                    "Relation Name": "movie_companies",
                    "Alias": "mc",
                    "Startup Cost": 0.43,
                    "Total Cost": 0.57,
                    "Plan Rows": 2,
                    "Plan Width": 4,
                    "Actual Startup Time": 0.005,
                    "Actual Total Time": 0.005,
                    "Actual Rows": 1,
                    "Actual Loops": 8567,
                    "Index Cond": "(movie_id = t.id)",
                    "Rows Removed by Index Recheck": 0,
                    "Filter": "(company_id > 16734)",
                    "Rows Removed by Filter": 1
                  }
                ]
              }
            ]
          }
        ]
      }
    ]
  },
  "Planning Time": 1.096,
  "Triggers": [],
  "Execution Time": 79.405
}