[
  {
    "Plan": {
      "Node Type": "Aggregate",
      "Strategy": "Plain",
      "Partial Mode": "Finalize",
      "Parallel Aware": false,
      "Startup Cost": 24466.01,
      "Total Cost": 24466.02,
      "Plan Rows": 1,
      "Plan Width": 8,
      "Actual Startup Time": 31.35,
      "Actual Total Time": 35.652,
      "Actual Rows": 1,
      "Actual Loops": 1,
      "Plans": [
        {
          "Node Type": "Gather",
          "Parent Relationship": "Outer",
          "Parallel Aware": false,
          "Startup Cost": 24465.79,
          "Total Cost": 24466.0,
          "Plan Rows": 2,
          "Plan Width": 8,
          "Actual Startup Time": 31.045,
          "Actual Total Time": 35.644,
          "Actual Rows": 3,
          "Actual Loops": 1,
          "Workers Planned": 2,
          "Workers Launched": 2,
          "Single Copy": false,
          "Plans": [
            {
              "Node Type": "Aggregate",
              "Strategy": "Plain",
              "Partial Mode": "Partial",
              "Parent Relationship": "Outer",
              "Parallel Aware": false,
              "Startup Cost": 23465.79,
              "Total Cost": 23465.8,
              "Plan Rows": 1,
              "Plan Width": 8,
              "Actual Startup Time": 22.689,
              "Actual Total Time": 22.691,
              "Actual Rows": 1,
              "Actual Loops": 3,
              "Plans": [
                {
                  "Node Type": "Nested Loop",
                  "Parent Relationship": "Outer",
                  "Parallel Aware": false,
                  "Join Type": "Inner",
                  "Startup Cost": 93.11,
                  "Total Cost": 23465.48,
                  "Plan Rows": 125,
                  "Plan Width": 0,
                  "Actual Startup Time": 13.937,
                  "Actual Total Time": 22.678,
                  "Actual Rows": 31,
                  "Actual Loops": 3,
                  "Inner Unique": false,
                  "Plans": [
                    {
                      "Node Type": "Nested Loop",
                      "Parent Relationship": "Outer",
                      "Parallel Aware": false,
                      "Join Type": "Inner",
                      "Startup Cost": 92.54,
                      "Total Cost": 22727.39,
                      "Plan Rows": 9,
                      "Plan Width": 8,
                      "Actual Startup Time": 13.867,
                      "Actual Total Time": 22.346,
                      "Actual Rows": 3,
                      "Actual Loops": 3,
                      "Inner Unique": true,
                      "Plans": [
                        {
                          "Node Type": "Bitmap Heap Scan",
                          "Parent Relationship": "Outer",
                          "Parallel Aware": true,
                          "Relation Name": "movie_companies",
                          "Alias": "mc",
                          "Startup Cost": 92.11,
                          "Total Cost": 9961.73,
                          "Plan Rows": 1703,
                          "Plan Width": 4,
                          "Actual Startup Time": 1.627,
                          "Actual Total Time": 6.718,
                          "Actual Rows": 1428,
                          "Actual Loops": 3,
                          "Recheck Cond": "(company_id = 258)",
                          "Rows Removed by Index Recheck": 0,
                          "Exact Heap Blocks": 1602,
                          "Lossy Heap Blocks": 0,
                          "Plans": [
                            {
                              "Node Type": "Bitmap Index Scan",
                              "Parent Relationship": "Outer",
                              "Parallel Aware": false,
                              "Index Name": "company_id_movie_companies",
                              "Startup Cost": 0.0,
                              "Total Cost": 91.09,
                              "Plan Rows": 4088,
                              "Plan Width": 0,
                              "Actual Startup Time": 3.574,
                              "Actual Total Time": 3.574,
                              "Actual Rows": 4285,
                              "Actual Loops": 1,
                              "Index Cond": "(company_id = 258)"
                            }
                          ]
                        },
                        {
                          "Node Type": "Index Scan",
                          "Parent Relationship": "Inner",
                          "Parallel Aware": false,
                          "Scan Direction": "Forward",
                          "Index Name": "title_pkey",
                          "Relation Name": "title",
                          "Alias": "t",
                          "Startup Cost": 0.43,
                          "Total Cost": 7.5,
                          "Plan Rows": 1,
                          "Plan Width": 4,
                          "Actual Startup Time": 0.01,
                          "Actual Total Time": 0.01,
                          "Actual Rows": 0,
                          "Actual Loops": 4285,
                          "Index Cond": "(id = mc.movie_id)",
                          "Rows Removed by Index Recheck": 0,
                          "Filter": "(production_year = 1980)",
                          "Rows Removed by Filter": 1
                        }
                      ]
                    },
                    {
                      "Node Type": "Index Only Scan",
                      "Parent Relationship": "Inner",
                      "Parallel Aware": false,
                      "Scan Direction": "Forward",
                      "Index Name": "movie_id_cast_info",
                      "Relation Name": "cast_info",
                      "Alias": "ci",
                      "Startup Cost": 0.56,
                      "Total Cost": 81.64,
                      "Plan Rows": 37,
                      "Plan Width": 4,
                      "Actual Startup Time": 0.032,
                      "Actual Total Time": 0.12,
                      "Actual Rows": 12,
                      "Actual Loops": 8,
                      "Index Cond": "(movie_id = t.id)",
                      "Rows Removed by Index Recheck": 0,
                      "Heap Fetches": 93
                    }
                  ]
                }
              ]
            }
          ]
        }
      ]
    },
    "Planning Time": 1.394,
    "Triggers": [],
    "Execution Time": 35.751
  }
]