{
    "Plan": {
        "Node Type": "Aggregate",
        "Strategy": "Plain",
        "Partial Mode": "Finalize",
        "Parallel Aware": false,
        "Startup Cost": 182702.17,
        "Total Cost": 182702.18,
        "Plan Rows": 1,
        "Plan Width": 8,
        "Actual Startup Time": 297.699,
        "Actual Total Time": 323.753,
        "Actual Rows": 1,
        "Actual Loops": 1,
        "Output": [
            "count(*)"
        ],
        "Plans": [
            {
                "Node Type": "Gather",
                "Parent Relationship": "Outer",
                "Parallel Aware": false,
                "Startup Cost": 182701.65,
                "Total Cost": 182702.16,
                "Plan Rows": 5,
                "Plan Width": 8,
                "Actual Startup Time": 295.974,
                "Actual Total Time": 323.74,
                "Actual Rows": 6,
                "Actual Loops": 1,
                "Output": [
                    "(PARTIAL count(*))"
                ],
                "Workers Planned": 5,
                "Workers Launched": 5,
                "Single Copy": false,
                "Plans": [
                    {
                        "Node Type": "Aggregate",
                        "Strategy": "Plain",
                        "Partial Mode": "Partial",
                        "Parent Relationship": "Outer",
                        "Parallel Aware": false,
                        "Startup Cost": 181701.65,
                        "Total Cost": 181701.66,
                        "Plan Rows": 1,
                        "Plan Width": 8,
                        "Actual Startup Time": 285.207,
                        "Actual Total Time": 285.212,
                        "Actual Rows": 1,
                        "Actual Loops": 6,
                        "Output": [
                            "PARTIAL count(*)"
                        ],
                        "Workers": [
                            {
                                "Worker Number": 0,
                                "Actual Startup Time": 283.038,
                                "Actual Total Time": 283.043,
                                "Actual Rows": 1,
                                "Actual Loops": 1
                            },
                            {
                                "Worker Number": 1,
                                "Actual Startup Time": 282.629,
                                "Actual Total Time": 282.634,
                                "Actual Rows": 1,
                                "Actual Loops": 1
                            },
                            {
                                "Worker Number": 2,
                                "Actual Startup Time": 283.449,
                                "Actual Total Time": 283.453,
                                "Actual Rows": 1,
                                "Actual Loops": 1
                            },
                            {
                                "Worker Number": 3,
                                "Actual Startup Time": 283.479,
                                "Actual Total Time": 283.483,
                                "Actual Rows": 1,
                                "Actual Loops": 1
                            },
                            {
                                "Worker Number": 4,
                                "Actual Startup Time": 283.573,
                                "Actual Total Time": 283.577,
                                "Actual Rows": 1,
                                "Actual Loops": 1
                            }
                        ],
                        "Plans": [
                            {
                                "Node Type": "Nested Loop",
                                "Parent Relationship": "Outer",
                                "Parallel Aware": false,
                                "Join Type": "Inner",
                                "Startup Cost": 45327.08,
                                "Total Cost": 181657.94,
                                "Plan Rows": 17484,
                                "Plan Width": 0,
                                "Actual Startup Time": 113.883,
                                "Actual Total Time": 284.588,
                                "Actual Rows": 12472,
                                "Actual Loops": 6,
                                "Inner Unique": false,
                                "Workers": [
                                    {
                                        "Worker Number": 0,
                                        "Actual Startup Time": 112.332,
                                        "Actual Total Time": 282.431,
                                        "Actual Rows": 8138,
                                        "Actual Loops": 1
                                    },
                                    {
                                        "Worker Number": 1,
                                        "Actual Startup Time": 112.207,
                                        "Actual Total Time": 282.137,
                                        "Actual Rows": 6580,
                                        "Actual Loops": 1
                                    },
                                    {
                                        "Worker Number": 2,
                                        "Actual Startup Time": 111.368,
                                        "Actual Total Time": 282.671,
                                        "Actual Rows": 17577,
                                        "Actual Loops": 1
                                    },
                                    {
                                        "Worker Number": 3,
                                        "Actual Startup Time": 111.461,
                                        "Actual Total Time": 283.027,
                                        "Actual Rows": 9953,
                                        "Actual Loops": 1
                                    },
                                    {
                                        "Worker Number": 4,
                                        "Actual Startup Time": 112.181,
                                        "Actual Total Time": 282.96,
                                        "Actual Rows": 13255,
                                        "Actual Loops": 1
                                    }
                                ],
                                "Plans": [
                                    {
                                        "Node Type": "Hash Join",
                                        "Parent Relationship": "Outer",
                                        "Parallel Aware": true,
                                        "Join Type": "Inner",
                                        "Startup Cost": 45326.65,
                                        "Total Cost": 161164.41,
                                        "Plan Rows": 9771,
                                        "Plan Width": 8,
                                        "Actual Startup Time": 113.612,
                                        "Actual Total Time": 270.904,
                                        "Actual Rows": 1028,
                                        "Actual Loops": 6,
                                        "Output": [
                                            "t.id",
                                            "ci.movie_id"
                                        ],
                                        "Inner Unique": true,
                                        "Hash Cond": "(ci.movie_id = t.id)",
                                        "Workers": [
                                            {
                                                "Worker Number": 0,
                                                "Actual Startup Time": 112.181,
                                                "Actual Total Time": 267.499,
                                                "Actual Rows": 874,
                                                "Actual Loops": 1
                                            },
                                            {
                                                "Worker Number": 1,
                                                "Actual Startup Time": 112.075,
                                                "Actual Total Time": 269.269,
                                                "Actual Rows": 725,
                                                "Actual Loops": 1
                                            },
                                            {
                                                "Worker Number": 2,
                                                "Actual Startup Time": 111.262,
                                                "Actual Total Time": 267.252,
                                                "Actual Rows": 793,
                                                "Actual Loops": 1
                                            },
                                            {
                                                "Worker Number": 3,
                                                "Actual Startup Time": 111.372,
                                                "Actual Total Time": 269.539,
                                                "Actual Rows": 1066,
                                                "Actual Loops": 1
                                            },
                                            {
                                                "Worker Number": 4,
                                                "Actual Startup Time": 111.827,
                                                "Actual Total Time": 268.443,
                                                "Actual Rows": 962,
                                                "Actual Loops": 1
                                            }
                                        ],
                                        "Plans": [
                                            {
                                                "Node Type": "Index Scan",
                                                "Parent Relationship": "Outer",
                                                "Parallel Aware": true,
                                                "Scan Direction": "Forward",
                                                "Index Name": "role_id_cast_info",
                                                "Relation Name": "cast_info",
                                                "Schema": "public",
                                                "Alias": "ci",
                                                "Startup Cost": 0.56,
                                                "Total Cost": 115696.32,
                                                "Plan Rows": 54099,
                                                "Plan Width": 4,
                                                "Actual Startup Time": 0.117,
                                                "Actual Total Time": 150.547,
                                                "Actual Rows": 15038,
                                                "Actual Loops": 6,
                                                "Output": [
                                                    "ci.id",
                                                    "ci.person_id",
                                                    "ci.movie_id",
                                                    "ci.person_role_id",
                                                    "ci.note",
                                                    "ci.nr_order",
                                                    "ci.role_id"
                                                ],
                                                "Index Cond": "(ci.role_id = 10)",
                                                "Rows Removed by Index Recheck": 0,
                                                "Filter": "(ci.person_id < 225468)",
                                                "Rows Removed by Filter": 705466,
                                                "Workers": [
                                                    {
                                                        "Worker Number": 0,
                                                        "Actual Startup Time": 0.105,
                                                        "Actual Total Time": 149.74,
                                                        "Actual Rows": 10402,
                                                        "Actual Loops": 1
                                                    },
                                                    {
                                                        "Worker Number": 1,
                                                        "Actual Startup Time": 0.163,
                                                        "Actual Total Time": 151.8,
                                                        "Actual Rows": 10478,
                                                        "Actual Loops": 1
                                                    },
                                                    {
                                                        "Worker Number": 2,
                                                        "Actual Startup Time": 0.108,
                                                        "Actual Total Time": 149.926,
                                                        "Actual Rows": 13728,
                                                        "Actual Loops": 1
                                                    },
                                                    {
                                                        "Worker Number": 3,
                                                        "Actual Startup Time": 0.085,
                                                        "Actual Total Time": 150.985,
                                                        "Actual Rows": 16880,
                                                        "Actual Loops": 1
                                                    },
                                                    {
                                                        "Worker Number": 4,
                                                        "Actual Startup Time": 0.219,
                                                        "Actual Total Time": 150.226,
                                                        "Actual Rows": 13282,
                                                        "Actual Loops": 1
                                                    }
                                                ]
                                            },
                                            {
                                                "Node Type": "Hash",
                                                "Parent Relationship": "Inner",
                                                "Parallel Aware": true,
                                                "Startup Cost": 43899.01,
                                                "Total Cost": 43899.01,
                                                "Plan Rows": 114166,
                                                "Plan Width": 4,
                                                "Actual Startup Time": 110.327,
                                                "Actual Total Time": 110.329,
                                                "Actual Rows": 75262,
                                                "Actual Loops": 6,
                                                "Output": [
                                                    "t.id"
                                                ],
                                                "Hash Buckets": 524288,
                                                "Original Hash Buckets": 524288,
                                                "Hash Batches": 1,
                                                "Original Hash Batches": 1,
                                                "Peak Memory Usage": 21856,
                                                "Workers": [
                                                    {
                                                        "Worker Number": 0,
                                                        "Actual Startup Time": 109.787,
                                                        "Actual Total Time": 109.788,
                                                        "Actual Rows": 56202,
                                                        "Actual Loops": 1
                                                    },
                                                    {
                                                        "Worker Number": 1,
                                                        "Actual Startup Time": 109.858,
                                                        "Actual Total Time": 109.86,
                                                        "Actual Rows": 55539,
                                                        "Actual Loops": 1
                                                    },
                                                    {
                                                        "Worker Number": 2,
                                                        "Actual Startup Time": 110.773,
                                                        "Actual Total Time": 110.774,
                                                        "Actual Rows": 77785,
                                                        "Actual Loops": 1
                                                    },
                                                    {
                                                        "Worker Number": 3,
                                                        "Actual Startup Time": 110.696,
                                                        "Actual Total Time": 110.697,
                                                        "Actual Rows": 78094,
                                                        "Actual Loops": 1
                                                    },
                                                    {
                                                        "Worker Number": 4,
                                                        "Actual Startup Time": 110.842,
                                                        "Actual Total Time": 110.844,
                                                        "Actual Rows": 74747,
                                                        "Actual Loops": 1
                                                    }
                                                ],
                                                "Plans": [
                                                    {
                                                        "Node Type": "Seq Scan",
                                                        "Parent Relationship": "Outer",
                                                        "Parallel Aware": true,
                                                        "Relation Name": "title",
                                                        "Schema": "public",
                                                        "Alias": "t",
                                                        "Startup Cost": 0.0,
                                                        "Total Cost": 43899.01,
                                                        "Plan Rows": 114166,
                                                        "Plan Width": 4,
                                                        "Actual Startup Time": 0.064,
                                                        "Actual Total Time": 78.858,
                                                        "Actual Rows": 75262,
                                                        "Actual Loops": 6,
                                                        "Output": [
                                                            "t.id"
                                                        ],
                                                        "Filter": "(t.production_year < 1976)",
                                                        "Rows Removed by Filter": 346124,
                                                        "Workers": [
                                                            {
                                                                "Worker Number": 0,
                                                                "Actual Startup Time": 0.056,
                                                                "Actual Total Time": 80.056,
                                                                "Actual Rows": 56202,
                                                                "Actual Loops": 1
                                                            },
                                                            {
                                                                "Worker Number": 1,
                                                                "Actual Startup Time": 0.071,
                                                                "Actual Total Time": 80.735,
                                                                "Actual Rows": 55539,
                                                                "Actual Loops": 1
                                                            },
                                                            {
                                                                "Worker Number": 2,
                                                                "Actual Startup Time": 0.086,
                                                                "Actual Total Time": 79.066,
                                                                "Actual Rows": 77785,
                                                                "Actual Loops": 1
                                                            },
                                                            {
                                                                "Worker Number": 3,
                                                                "Actual Startup Time": 0.076,
                                                                "Actual Total Time": 79.692,
                                                                "Actual Rows": 78094,
                                                                "Actual Loops": 1
                                                            },
                                                            {
                                                                "Worker Number": 4,
                                                                "Actual Startup Time": 0.076,
                                                                "Actual Total Time": 79.271,
                                                                "Actual Rows": 74747,
                                                                "Actual Loops": 1
                                                            }
                                                        ]
                                                    }
                                                ]
                                            }
                                        ]
                                    },
                                    {
                                        "Node Type": "Index Only Scan",
                                        "Parent Relationship": "Inner",
                                        "Parallel Aware": false,
                                        "Scan Direction": "Forward",
                                        "Index Name": "movie_id_movie_keyword",
                                        "Relation Name": "movie_keyword",
                                        "Schema": "public",
                                        "Alias": "mk",
                                        "Startup Cost": 0.43,
                                        "Total Cost": 1.64,
                                        "Plan Rows": 46,
                                        "Plan Width": 4,
                                        "Actual Startup Time": 0.01,
                                        "Actual Total Time": 0.012,
                                        "Actual Rows": 12,
                                        "Actual Loops": 6168,
                                        "Output": [
                                            "mk.movie_id"
                                        ],
                                        "Index Cond": "(mk.movie_id = t.id)",
                                        "Rows Removed by Index Recheck": 0,
                                        "Heap Fetches": 74831,
                                        "Workers": [
                                            {
                                                "Worker Number": 0,
                                                "Actual Startup Time": 0.013,
                                                "Actual Total Time": 0.016,
                                                "Actual Rows": 9,
                                                "Actual Loops": 874
                                            },
                                            {
                                                "Worker Number": 1,
                                                "Actual Startup Time": 0.014,
                                                "Actual Total Time": 0.016,
                                                "Actual Rows": 9,
                                                "Actual Loops": 725
                                            },
                                            {
                                                "Worker Number": 2,
                                                "Actual Startup Time": 0.014,
                                                "Actual Total Time": 0.018,
                                                "Actual Rows": 22,
                                                "Actual Loops": 793
                                            },
                                            {
                                                "Worker Number": 3,
                                                "Actual Startup Time": 0.01,
                                                "Actual Total Time": 0.012,
                                                "Actual Rows": 9,
                                                "Actual Loops": 1066
                                            },
                                            {
                                                "Worker Number": 4,
                                                "Actual Startup Time": 0.012,
                                                "Actual Total Time": 0.014,
                                                "Actual Rows": 14,
                                                "Actual Loops": 962
                                            }
                                        ]
                                    }
                                ]
                            }
                        ]
                    }
                ]
            }
        ]
    },
    "Planning Time": 1.476,
    "Triggers": [],
    "Execution Time": 323.849
}