[
  {
    "Plan": {
      "Node Type": "Aggregate",
      "Strategy": "Plain",
      "Partial Mode": "Finalize",
      "Parallel Aware": false,
      "Startup Cost": 94944.99,
      "Total Cost": 94945.0,
      "Plan Rows": 1,
      "Plan Width": 8,
      "Actual Startup Time": 135.73,
      "Actual Total Time": 158.832,
      "Actual Rows": 1,
      "Actual Loops": 1,
      "Plans": [
        {
          "Node Type": "Gather",
          "Parent Relationship": "Outer",
          "Parallel Aware": false,
          "Startup Cost": 94944.57,
          "Total Cost": 94944.98,
          "Plan Rows": 4,
          "Plan Width": 8,
          "Actual Startup Time": 135.534,
          "Actual Total Time": 158.812,
          "Actual Rows": 5,
          "Actual Loops": 1,
          "Workers Planned": 4,
          "Workers Launched": 4,
          "Single Copy": false,
          "Plans": [
            {
              "Node Type": "Aggregate",
              "Strategy": "Plain",
              "Partial Mode": "Partial",
              "Parent Relationship": "Outer",
              "Parallel Aware": false,
              "Startup Cost": 93944.57,
              "Total Cost": 93944.58,
              "Plan Rows": 1,
              "Plan Width": 8,
              "Actual Startup Time": 125.527,
              "Actual Total Time": 125.529,
              "Actual Rows": 1,
              "Actual Loops": 5,
              "Plans": [
                {
                  "Node Type": "Nested Loop",
                  "Parent Relationship": "Outer",
                  "Parallel Aware": false,
                  "Join Type": "Inner",
                  "Startup Cost": 0.56,
                  "Total Cost": 93943.74,
                  "Plan Rows": 332,
                  "Plan Width": 0,
                  "Actual Startup Time": 63.162,
                  "Actual Total Time": 125.498,
                  "Actual Rows": 103,
                  "Actual Loops": 5,
                  "Inner Unique": false,
                  "Plans": [
                    {
                      "Node Type": "Seq Scan",
                      "Parent Relationship": "Outer",
                      "Parallel Aware": true,
                      "Relation Name": "title",
                      "Alias": "t",
                      "Startup Cost": 0.0,
                      "Total Cost": 43899.32,
                      "Plan Rows": 379,
                      "Plan Width": 4,
                      "Actual Startup Time": 58.389,
                      "Actual Total Time": 81.272,
                      "Actual Rows": 440,
                      "Actual Loops": 5,
                      "Filter": "(production_year = 1940)",
                      "Rows Removed by Filter": 505222
                    },
                    {
                      "Node Type": "Index Scan",
                      "Parent Relationship": "Inner",
                      "Parallel Aware": false,
                      "Scan Direction": "Forward",
                      "Index Name": "movie_id_cast_info",
                      "Relation Name": "cast_info",
                      "Alias": "ci",
                      "Startup Cost": 0.56,
                      "Total Cost": 132.02,
                      "Plan Rows": 2,
                      "Plan Width": 4,
                      "Actual Startup Time": 0.099,
                      "Actual Total Time": 0.1,
                      "Actual Rows": 0,
                      "Actual Loops": 2202,
                      "Index Cond": "(movie_id = t.id)",
                      "Rows Removed by Index Recheck": 0,
                      "Filter": "((person_id > 1771756) AND (role_id = 10))",
                      "Rows Removed by Filter": 22
                    }
                  ]
                }
              ]
            }
          ]
        }
      ]
    },
    "Planning Time": 0.409,
    "Triggers": [],
    "Execution Time": 158.891
  }
]