[
  {
    "Plan": {
      "Node Type": "Aggregate",
      "Strategy": "Plain",
      "Partial Mode": "Finalize",
      "Parallel Aware": false,
      "Startup Cost": 106403.79,
      "Total Cost": 106403.8,
      "Plan Rows": 1,
      "Plan Width": 8,
      "Actual Startup Time": 128.997,
      "Actual Total Time": 149.882,
      "Actual Rows": 1,
      "Actual Loops": 1,
      "Plans": [
        {
          "Node Type": "Gather",
          "Parent Relationship": "Outer",
          "Parallel Aware": false,
          "Startup Cost": 106403.37,
          "Total Cost": 106403.78,
          "Plan Rows": 4,
          "Plan Width": 8,
          "Actual Startup Time": 128.874,
          "Actual Total Time": 149.874,
          "Actual Rows": 5,
          "Actual Loops": 1,
          "Workers Planned": 4,
          "Workers Launched": 4,
          "Single Copy": false,
          "Plans": [
            {
              "Node Type": "Aggregate",
              "Strategy": "Plain",
              "Partial Mode": "Partial",
              "Parent Relationship": "Outer",
              "Parallel Aware": false,
              "Startup Cost": 105403.37,
              "Total Cost": 105403.38,
              "Plan Rows": 1,
              "Plan Width": 8,
              "Actual Startup Time": 118.911,
              "Actual Total Time": 118.913,
              "Actual Rows": 1,
              "Actual Loops": 5,
              "Plans": [
                {
                  "Node Type": "Nested Loop",
                  "Parent Relationship": "Outer",
                  "Parallel Aware": false,
                  "Join Type": "Inner",
                  "Startup Cost": 0.56,
                  "Total Cost": 105402.38,
                  "Plan Rows": 398,
                  "Plan Width": 0,
                  "Actual Startup Time": 61.573,
                  "Actual Total Time": 118.888,
                  "Actual Rows": 103,
                  "Actual Loops": 5,
                  "Inner Unique": false,
                  "Plans": [
                    {
                      "Node Type": "Seq Scan",
                      "Parent Relationship": "Outer",
                      "Parallel Aware": true,
                      "Relation Name": "title",
                      "Alias": "t",
                      "Startup Cost": 0.0,
                      "Total Cost": 43898.92,
                      "Plan Rows": 452,
                      "Plan Width": 4,
                      "Actual Startup Time": 57.566,
                      "Actual Total Time": 78.512,
                      "Actual Rows": 440,
                      "Actual Loops": 5,
                      "Filter": "(production_year = 1940)",
                      "Rows Removed by Filter": 505222
                    },
                    {
                      "Node Type": "Index Scan",
                      "Parent Relationship": "Inner",
                      "Parallel Aware": false,
                      "Scan Direction": "Forward",
                      "Index Name": "movie_id_cast_info",
                      "Relation Name": "cast_info",
                      "Alias": "ci",
                      "Startup Cost": 0.56,
                      "Total Cost": 136.05,
                      "Plan Rows": 2,
                      "Plan Width": 4,
                      "Actual Startup Time": 0.09,
                      "Actual Total Time": 0.091,
                      "Actual Rows": 0,
                      "Actual Loops": 2202,
                      "Index Cond": "(movie_id = t.id)",
                      "Rows Removed by Index Recheck": 0,
                      "Filter": "((person_id > 1771756) AND (role_id = 10))",
                      "Rows Removed by Filter": 22
                    }
                  ]
                }
              ]
            }
          ]
        }
      ]
    },
    "Planning Time": 0.639,
    "Triggers": [],
    "Execution Time": 149.962
  }
]