[
  {
    "Plan": {
      "Node Type": "Aggregate",
      "Strategy": "Plain",
      "Partial Mode": "Finalize",
      "Parallel Aware": false,
      "Startup Cost": 10138.13,
      "Total Cost": 10138.14,
      "Plan Rows": 1,
      "Plan Width": 8,
      "Actual Startup Time": 21.851,
      "Actual Total Time": 25.176,
      "Actual Rows": 1,
      "Actual Loops": 1,
      "Plans": [
        {
          "Node Type": "Gather",
          "Parent Relationship": "Outer",
          "Parallel Aware": false,
          "Startup Cost": 10137.82,
          "Total Cost": 10138.13,
          "Plan Rows": 3,
          "Plan Width": 8,
          "Actual Startup Time": 21.745,
          "Actual Total Time": 25.169,
          "Actual Rows": 4,
          "Actual Loops": 1,
          "Workers Planned": 3,
          "Workers Launched": 3,
          "Single Copy": false,
          "Plans": [
            {
              "Node Type": "Aggregate",
              "Strategy": "Plain",
              "Partial Mode": "Partial",
              "Parent Relationship": "Outer",
              "Parallel Aware": false,
              "Startup Cost": 9137.82,
              "Total Cost": 9137.83,
              "Plan Rows": 1,
              "Plan Width": 8,
              "Actual Startup Time": 18.142,
              "Actual Total Time": 18.143,
              "Actual Rows": 1,
              "Actual Loops": 4,
              "Plans": [
                {
                  "Node Type": "Index Scan",
                  "Parent Relationship": "Outer",
                  "Parallel Aware": true,
                  "Scan Direction": "Forward",
                  "Index Name": "role_id_cast_info",
                  "Relation Name": "cast_info",
                  "Alias": "ci",
                  "Startup Cost": 0.56,
                  "Total Cost": 9091.72,
                  "Plan Rows": 18437,
                  "Plan Width": 0,
                  "Actual Startup Time": 0.093,
                  "Actual Total Time": 17.678,
                  "Actual Rows": 6801,
                  "Actual Loops": 4,
                  "Index Cond": "(role_id > 10)",
                  "Rows Removed by Index Recheck": 0,
                  "Filter": "(person_id < 646234)",
                  "Rows Removed by Filter": 72228
                }
              ]
            }
          ]
        }
      ]
    },
    "Planning Time": 0.122,
    "Triggers": [],
    "Execution Time": 25.21
  }
]