[
  {
    "Plan": {
      "Node Type": "Aggregate",
      "Strategy": "Plain",
      "Partial Mode": "Finalize",
      "Parallel Aware": false,
      "Startup Cost": 637620.79,
      "Total Cost": 637620.8,
      "Plan Rows": 1,
      "Plan Width": 8,
      "Actual Startup Time": 4319.693,
      "Actual Total Time": 4404.803,
      "Actual Rows": 1,
      "Actual Loops": 1,
      "Plans": [
        {
          "Node Type": "Gather",
          "Parent Relationship": "Outer",
          "Parallel Aware": false,
          "Startup Cost": 637620.17,
          "Total Cost": 637620.78,
          "Plan Rows": 6,
          "Plan Width": 8,
          "Actual Startup Time": 4292.513,
          "Actual Total Time": 4404.789,
          "Actual Rows": 7,
          "Actual Loops": 1,
          "Workers Planned": 6,
          "Workers Launched": 6,
          "Single Copy": false,
          "Plans": [
            {
              "Node Type": "Aggregate",
              "Strategy": "Plain",
              "Partial Mode": "Partial",
              "Parent Relationship": "Outer",
              "Parallel Aware": false,
              "Startup Cost": 636620.17,
              "Total Cost": 636620.18,
              "Plan Rows": 1,
              "Plan Width": 8,
              "Actual Startup Time": 4276.878,
              "Actual Total Time": 4277.384,
              "Actual Rows": 1,
              "Actual Loops": 7,
              "Plans": [
                {
                  "Node Type": "Hash Join",
                  "Parent Relationship": "Outer",
                  "Parallel Aware": true,
                  "Join Type": "Inner",
                  "Startup Cost": 261622.86,
                  "Total Cost": 614823.79,
                  "Plan Rows": 8718553,
                  "Plan Width": 0,
                  "Actual Startup Time": 935.766,
                  "Actual Total Time": 3914.263,
                  "Actual Rows": 7498273,
                  "Actual Loops": 7,
                  "Inner Unique": false,
                  "Hash Cond": "(ci.movie_id = t.id)",
                  "Plans": [
                    {
                      "Node Type": "Seq Scan",
                      "Parent Relationship": "Outer",
                      "Parallel Aware": true,
                      "Relation Name": "cast_info",
                      "Alias": "ci",
                      "Startup Cost": 0.0,
                      "Total Cost": 313106.51,
                      "Plan Rows": 6041951,
                      "Plan Width": 4,
                      "Actual Startup Time": 0.033,
                      "Actual Total Time": 591.663,
                      "Actual Rows": 5177763,
                      "Actual Loops": 7
                    },
                    {
                      "Node Type": "Hash",
                      "Parent Relationship": "Inner",
                      "Parallel Aware": true,
                      "Startup Cost": 252501.56,
                      "Total Cost": 252501.56,
                      "Plan Rows": 729704,
                      "Plan Width": 8,
                      "Actual Startup Time": 930.559,
                      "Actual Total Time": 931.062,
                      "Actual Rows": 325891,
                      "Actual Loops": 7,
                      "Hash Buckets": 4194304,
                      "Original Hash Buckets": 4194304,
                      "Hash Batches": 1,
                      "Original Hash Batches": 1,
                      "Peak Memory Usage": 122112,
                      "Plans": [
                        {
                          "Node Type": "Hash Join",
                          "Parent Relationship": "Outer",
                          "Parallel Aware": true,
                          "Join Type": "Inner",
                          "Startup Cost": 50158.95,
                          "Total Cost": 252501.56,
                          "Plan Rows": 729704,
                          "Plan Width": 8,
                          "Actual Startup Time": 214.924,
                          "Actual Total Time": 783.578,
                          "Actual Rows": 325891,
                          "Actual Loops": 7,
                          "Inner Unique": true,
                          "Hash Cond": "(mi.movie_id = t.id)",
                          "Plans": [
                            {
                              "Node Type": "Seq Scan",
                              "Parent Relationship": "Outer",
                              "Parallel Aware": true,
                              "Relation Name": "movie_info",
                              "Alias": "mi",
                              "Startup Cost": 0.0,
                              "Total Cost": 199108.24,
                              "Plan Rows": 1232139,
                              "Plan Width": 4,
                              "Actual Startup Time": 16.107,
                              "Actual Total Time": 333.137,
                              "Actual Rows": 889071,
                              "Actual Loops": 7,
                              "Filter": "(info_type_id > 8)",
                              "Rows Removed by Filter": 1230318
                            },
                            {
                              "Node Type": "Hash",
                              "Parent Relationship": "Inner",
                              "Parallel Aware": true,
                              "Startup Cost": 45479.59,
                              "Total Cost": 45479.59,
                              "Plan Rows": 374349,
                              "Plan Width": 4,
                              "Actual Startup Time": 196.506,
                              "Actual Total Time": 196.509,
                              "Actual Rows": 211206,
                              "Actual Loops": 7,
                              "Hash Buckets": 2097152,
                              "Original Hash Buckets": 2097152,
                              "Hash Batches": 1,
                              "Original Hash Batches": 1,
                              "Peak Memory Usage": 74336,
                              "Plans": [
                                {
                                  "Node Type": "Seq Scan",
                                  "Parent Relationship": "Outer",
                                  "Parallel Aware": true,
                                  "Relation Name": "title",
                                  "Alias": "t",
                                  "Startup Cost": 0.0,
                                  "Total Cost": 45479.59,
                                  "Plan Rows": 374349,
                                  "Plan Width": 4,
                                  "Actual Startup Time": 0.051,
                                  "Actual Total Time": 88.69,
                                  "Actual Rows": 211206,
                                  "Actual Loops": 7,
                                  "Filter": "((production_year > 0) AND (kind_id = 7))",
                                  "Rows Removed by Filter": 149982
                                }
                              ]
                            }
                          ]
                        }
                      ]
                    }
                  ]
                }
              ]
            }
          ]
        }
      ]
    },
    "Planning Time": 0.493,
    "Triggers": [],
    "Execution Time": 4404.859
  }
]