[
  {
    "Plan": {
      "Node Type": "Aggregate",
      "Strategy": "Plain",
      "Partial Mode": "Finalize",
      "Parallel Aware": false,
      "Startup Cost": 47037.34,
      "Total Cost": 47037.35,
      "Plan Rows": 1,
      "Plan Width": 8,
      "Actual Startup Time": 158.978,
      "Actual Total Time": 168.623,
      "Actual Rows": 1,
      "Actual Loops": 1,
      "Plans": [
        {
          "Node Type": "Gather",
          "Parent Relationship": "Outer",
          "Parallel Aware": false,
          "Startup Cost": 47037.02,
          "Total Cost": 47037.33,
          "Plan Rows": 3,
          "Plan Width": 8,
          "Actual Startup Time": 158.843,
          "Actual Total Time": 168.615,
          "Actual Rows": 4,
          "Actual Loops": 1,
          "Workers Planned": 3,
          "Workers Launched": 3,
          "Single Copy": false,
          "Plans": [
            {
              "Node Type": "Aggregate",
              "Strategy": "Plain",
              "Partial Mode": "Partial",
              "Parent Relationship": "Outer",
              "Parallel Aware": false,
              "Startup Cost": 46037.02,
              "Total Cost": 46037.03,
              "Plan Rows": 1,
              "Plan Width": 8,
              "Actual Startup Time": 155.351,
              "Actual Total Time": 155.352,
              "Actual Rows": 1,
              "Actual Loops": 4,
              "Plans": [
                {
                  "Node Type": "Seq Scan",
                  "Parent Relationship": "Outer",
                  "Parallel Aware": true,
                  "Relation Name": "movie_keyword",
                  "Alias": "mk",
                  "Startup Cost": 0.0,
                  "Total Cost": 42695.65,
                  "Plan Rows": 1336546,
                  "Plan Width": 0,
                  "Actual Startup Time": 0.026,
                  "Actual Total Time": 112.08,
                  "Actual Rows": 1035672,
                  "Actual Loops": 4,
                  "Filter": "(keyword_id < 44839)",
                  "Rows Removed by Filter": 95310
                }
              ]
            }
          ]
        }
      ]
    },
    "Planning Time": 0.18,
    "Triggers": [],
    "Execution Time": 168.685
  }
]