[
  {
    "Plan": {
      "Node Type": "Aggregate",
      "Strategy": "Plain",
      "Partial Mode": "Finalize",
      "Parallel Aware": false,
      "Startup Cost": 47027.27,
      "Total Cost": 47027.28,
      "Plan Rows": 1,
      "Plan Width": 8,
      "Actual Startup Time": 177.714,
      "Actual Total Time": 186.705,
      "Actual Rows": 1,
      "Actual Loops": 1,
      "Plans": [
        {
          "Node Type": "Gather",
          "Parent Relationship": "Outer",
          "Parallel Aware": false,
          "Startup Cost": 47026.95,
          "Total Cost": 47027.26,
          "Plan Rows": 3,
          "Plan Width": 8,
          "Actual Startup Time": 177.605,
          "Actual Total Time": 186.697,
          "Actual Rows": 4,
          "Actual Loops": 1,
          "Workers Planned": 3,
          "Workers Launched": 3,
          "Single Copy": false,
          "Plans": [
            {
              "Node Type": "Aggregate",
              "Strategy": "Plain",
              "Partial Mode": "Partial",
              "Parent Relationship": "Outer",
              "Parallel Aware": false,
              "Startup Cost": 46026.95,
              "Total Cost": 46026.96,
              "Plan Rows": 1,
              "Plan Width": 8,
              "Actual Startup Time": 170.614,
              "Actual Total Time": 170.615,
              "Actual Rows": 1,
              "Actual Loops": 4,
              "Plans": [
                {
                  "Node Type": "Seq Scan",
                  "Parent Relationship": "Outer",
                  "Parallel Aware": true,
                  "Relation Name": "movie_keyword",
                  "Alias": "mk",
                  "Startup Cost": 0.0,
                  "Total Cost": 42695.65,
                  "Plan Rows": 1332520,
                  "Plan Width": 0,
                  "Actual Startup Time": 0.05,
                  "Actual Total Time": 124.81,
                  "Actual Rows": 1035672,
                  "Actual Loops": 4,
                  "Filter": "(keyword_id < 44839)",
                  "Rows Removed by Filter": 95310
                }
              ]
            }
          ]
        }
      ]
    },
    "Planning Time": 0.129,
    "Triggers": [],
    "Execution Time": 186.746
  }
]