[
    {
        "Bao": {
            "Bao prediction": 505.848,
            "Bao recommended hint": "SET enable_mergejoin TO off; SET enable_indexscan TO off; "
        }
    },
    {
        "Plan": {
            "Node Type": "Aggregate",
            "Strategy": "Plain",
            "Partial Mode": "Simple",
            "Parallel Aware": false,
            "Startup Cost": 8448.22,
            "Total Cost": 8448.23,
            "Plan Rows": 1,
            "Plan Width": 8,
            "Actual Startup Time": 3.251,
            "Actual Total Time": 3.254,
            "Actual Rows": 1,
            "Actual Loops": 1,
            "Output": [
                "count(*)"
            ],
            "Plans": [
                {
                    "Node Type": "Bitmap Heap Scan",
                    "Parent Relationship": "Outer",
                    "Parallel Aware": false,
                    "Relation Name": "movie_companies",
                    "Schema": "public",
                    "Alias": "mc",
                    "Startup Cost": 73.37,
                    "Total Cost": 8440.18,
                    "Plan Rows": 3218,
                    "Plan Width": 0,
                    "Actual Startup Time": 0.561,
                    "Actual Total Time": 2.599,
                    "Actual Rows": 3415,
                    "Actual Loops": 1,
                    "Recheck Cond": "(mc.company_id = 122)",
                    "Rows Removed by Index Recheck": 0,
                    "Exact Heap Blocks": 296,
                    "Lossy Heap Blocks": 0,
                    "Plans": [
                        {
                            "Node Type": "Bitmap Index Scan",
                            "Parent Relationship": "Outer",
                            "Parallel Aware": false,
                            "Index Name": "company_id_movie_companies",
                            "Startup Cost": 0.0,
                            "Total Cost": 72.56,
                            "Plan Rows": 3218,
                            "Plan Width": 0,
                            "Actual Startup Time": 0.45,
                            "Actual Total Time": 0.451,
                            "Actual Rows": 3415,
                            "Actual Loops": 1,
                            "Index Cond": "(mc.company_id = 122)"
                        }
                    ]
                }
            ]
        },
        "Planning Time": 980.922,
        "Triggers": [],
        "Execution Time": 3.36
    }
]