{
  "Plan": {
    "Node Type": "Aggregate",
    "Strategy": "Plain",
    "Partial Mode": "Simple",
    "Parallel Aware": false,
    "Startup Cost": 28039.27,
    "Total Cost": 28039.28,
    "Plan Rows": 1,
    "Plan Width": 96,
    "Actual Startup Time": 184.752,
    "Actual Total Time": 190.302,
    "Actual Rows": 1,
    "Actual Loops": 1,
    "Plans": [
      {
        "Node Type": "Nested Loop",
        "Parent Relationship": "Outer",
        "Parallel Aware": false,
        "Join Type": "Inner",
        "Startup Cost": 3807.87,
        "Total Cost": 28038.96,
        "Plan Rows": 41,
        "Plan Width": 60,
        "Actual Startup Time": 63.246,
        "Actual Total Time": 186.559,
        "Actual Rows": 14693,
        "Actual Loops": 1,
        "Inner Unique": false,
        "Join Filter": "(mc.company_type_id = ct.id)",
        "Rows Removed by Join Filter": 31057,
        "Plans": [
          {
            "Node Type": "Seq Scan",
            "Parent Relationship": "Outer",
            "Parallel Aware": false,
            "Relation Name": "company_type",
            "Alias": "ct",
            "Startup Cost": 0.0,
            "Total Cost": 1.05,
            "Plan Rows": 3,
            "Plan Width": 4,
            "Actual Startup Time": 0.015,
            "Actual Total Time": 0.024,
            "Actual Rows": 3,
            "Actual Loops": 1,
            "Filter": "((kind IS NOT NULL) AND ((kind)::text <> 'production companies'::text))",
            "Rows Removed by Filter": 1
          },
          {
            "Node Type": "Materialize",
            "Parent Relationship": "Inner",
            "Parallel Aware": false,
            "Startup Cost": 3807.87,
            "Total Cost": 28035.62,
            "Plan Rows": 54,
            "Plan Width": 64,
            "Actual Startup Time": 21.076,
            "Actual Total Time": 60.133,
            "Actual Rows": 15250,
            "Actual Loops": 3,
            "Plans": [
              {
                "Node Type": "Gather",
                "Parent Relationship": "Outer",
                "Parallel Aware": false,
                "Startup Cost": 3807.87,
                "Total Cost": 28035.35,
                "Plan Rows": 54,
                "Plan Width": 64,
                "Actual Startup Time": 63.214,
                "Actual Total Time": 169.301,
                "Actual Rows": 15250,
                "Actual Loops": 1,
                "Workers Planned": 4,
                "Workers Launched": 4,
                "Single Copy": false,
                "Plans": [
                  {
                    "Node Type": "Hash Join",
                    "Parent Relationship": "Outer",
                    "Parallel Aware": false,
                    "Join Type": "Inner",
                    "Startup Cost": 2807.87,
                    "Total Cost": 27029.95,
                    "Plan Rows": 14,
                    "Plan Width": 64,
                    "Actual Startup Time": 50.803,
                    "Actual Total Time": 163.526,
                    "Actual Rows": 3050,
                    "Actual Loops": 5,
                    "Inner Unique": true,
                    "Hash Cond": "(ml.link_type_id = lt.id)",
                    "Plans": [
                      {
                        "Node Type": "Nested Loop",
                        "Parent Relationship": "Outer",
                        "Parallel Aware": false,
                        "Join Type": "Inner",
                        "Startup Cost": 2806.47,
                        "Total Cost": 27028.49,
                        "Plan Rows": 14,
                        "Plan Width": 68,
                        "Actual Startup Time": 50.26,
                        "Actual Total Time": 162.162,
                        "Actual Rows": 3050,
                        "Actual Loops": 5,
                        "Inner Unique": true,
                        "Plans": [
                          {
                            "Node Type": "Nested Loop",
                            "Parent Relationship": "Outer",
                            "Parallel Aware": false,
                            "Join Type": "Inner",
                            "Startup Cost": 2806.05,
                            "Total Cost": 27021.72,
                            "Plan Rows": 15,
                            "Plan Width": 53,
                            "Actual Startup Time": 50.167,
                            "Actual Total Time": 154.442,
                            "Actual Rows": 3052,
                            "Actual Loops": 5,
                            "Inner Unique": false,
                            "Join Filter": "(ml.movie_id = mc.movie_id)",
                            "Rows Removed by Join Filter": 0,
                            "Plans": [
                              {
                                "Node Type": "Hash Join",
                                "Parent Relationship": "Outer",
                                "Parallel Aware": false,
                                "Join Type": "Inner",
                                "Startup Cost": 2805.62,
                                "Total Cost": 27018.24,
                                "Plan Rows": 6,
                                "Plan Width": 33,
                                "Actual Startup Time": 47.21,
                                "Actual Total Time": 151.439,
                                "Actual Rows": 285,
                                "Actual Loops": 5,
                                "Inner Unique": true,
                                "Hash Cond": "(mk.keyword_id = k.id)",
                                "Plans": [
                                  {
                                    "Node Type": "Merge Join",
                                    "Parent Relationship": "Outer",
                                    "Parallel Aware": false,
                                    "Join Type": "Inner",
                                    "Startup Cost": 11.74,
                                    "Total Cost": 23530.85,
                                    "Plan Rows": 264186,
                                    "Plan Width": 37,
                                    "Actual Startup Time": 2.211,
                                    "Actual Total Time": 114.925,
                                    "Actual Rows": 54982,
                                    "Actual Loops": 5,
                                    "Inner Unique": false,
                                    "Merge Cond": "(t.id = ml.movie_id)",
                                    "Plans": [
                                      {
                                        "Node Type": "Merge Join",
                                        "Parent Relationship": "Outer",
                                        "Parallel Aware": false,
                                        "Join Type": "Inner",
                                        "Startup Cost": 11.45,
                                        "Total Cost": 291122.36,
                                        "Plan Rows": 858986,
                                        "Plan Width": 29,
                                        "Actual Startup Time": 1.08,
                                        "Actual Total Time": 83.293,
                                        "Actual Rows": 15534,
                                        "Actual Loops": 5,
                                        "Inner Unique": false,
                                        "Merge Cond": "(t.id = mk.movie_id)",
                                        "Plans": [
                                          {
                                            "Node Type": "Index Scan",
                                            "Parent Relationship": "Outer",
                                            "Parallel Aware": true,
                                            "Scan Direction": "Forward",
                                            "Index Name": "title_pkey",
                                            "Relation Name": "title",
                                            "Alias": "t",
                                            "Startup Cost": 0.43,
                                            "Total Cost": 92975.56,
                                            "Plan Rows": 480103,
                                            "Plan Width": 21,
                                            "Actual Startup Time": 0.243,
                                            "Actual Total Time": 46.169,
                                            "Actual Rows": 26853,
                                            "Actual Loops": 5,
                                            "Filter": "(production_year < 2010)",
                                            "Rows Removed by Filter": 10475
                                          },
                                          {
                                            "Node Type": "Index Scan",
                                            "Parent Relationship": "Inner",
                                            "Parallel Aware": false,
                                            "Scan Direction": "Forward",
                                            "Index Name": "movie_id_movie_keyword",
                                            "Relation Name": "movie_keyword",
                                            "Alias": "mk",
                                            "Startup Cost": 0.43,
                                            "Total Cost": 177148.48,
                                            "Plan Rows": 4523930,
                                            "Plan Width": 8,
                                            "Actual Startup Time": 0.098,
                                            "Actual Total Time": 24.03,
                                            "Actual Rows": 98038,
                                            "Actual Loops": 5
                                          }
                                        ]
                                      },
                                      {
                                        "Node Type": "Index Scan",
                                        "Parent Relationship": "Inner",
                                        "Parallel Aware": false,
                                        "Scan Direction": "Forward",
                                        "Index Name": "movie_id_movie_link",
                                        "Relation Name": "movie_link",
                                        "Alias": "ml",
                                        "Startup Cost": 0.29,
                                        "Total Cost": 1111.51,
                                        "Plan Rows": 29997,
                                        "Plan Width": 8,
                                        "Actual Startup Time": 0.12,
                                        "Actual Total Time": 17.451,
                                        "Actual Rows": 81842,
                                        "Actual Loops": 5
                                      }
                                    ]
                                  },
                                  {
                                    "Node Type": "Hash",
                                    "Parent Relationship": "Inner",
                                    "Parallel Aware": false,
                                    "Startup Cost": 2793.84,
                                    "Total Cost": 2793.84,
                                    "Plan Rows": 3,
                                    "Plan Width": 4,
                                    "Actual Startup Time": 31.784,
                                    "Actual Total Time": 31.785,
                                    "Actual Rows": 3,
                                    "Actual Loops": 5,
                                    "Hash Buckets": 1024,
                                    "Original Hash Buckets": 1024,
                                    "Hash Batches": 1,
                                    "Original Hash Batches": 1,
                                    "Peak Memory Usage": 9,
                                    "Plans": [
                                      {
                                        "Node Type": "Seq Scan",
                                        "Parent Relationship": "Outer",
                                        "Parallel Aware": false,
                                        "Relation Name": "keyword",
                                        "Alias": "k",
                                        "Startup Cost": 0.0,
                                        "Total Cost": 2793.84,
                                        "Plan Rows": 3,
                                        "Plan Width": 4,
                                        "Actual Startup Time": 1.838,
                                        "Actual Total Time": 31.765,
                                        "Actual Rows": 3,
                                        "Actual Loops": 5,
                                        "Filter": "(keyword = ANY ('{sequel,revenge,based-on-novel}'::text[]))",
                                        "Rows Removed by Filter": 134167
                                      }
                                    ]
                                  }
                                ]
                              },
                              {
                                "Node Type": "Index Scan",
                                "Parent Relationship": "Inner",
                                "Parallel Aware": false,
                                "Scan Direction": "Forward",
                                "Index Name": "movie_id_movie_companies",
                                "Relation Name": "movie_companies",
                                "Alias": "mc",
                                "Startup Cost": 0.43,
                                "Total Cost": 0.54,
                                "Plan Rows": 3,
                                "Plan Width": 36,
                                "Actual Startup Time": 0.005,
                                "Actual Total Time": 0.008,
                                "Actual Rows": 11,
                                "Actual Loops": 1423,
                                "Index Cond": "(movie_id = mk.movie_id)",
                                "Rows Removed by Index Recheck": 0,
                                "Filter": "(note IS NOT NULL)",
                                "Rows Removed by Filter": 2
                              }
                            ]
                          },
                          {
                            "Node Type": "Index Scan",
                            "Parent Relationship": "Inner",
                            "Parallel Aware": false,
                            "Scan Direction": "Forward",
                            "Index Name": "company_name_pkey",
                            "Relation Name": "company_name",
                            "Alias": "cn",
                            "Startup Cost": 0.42,
                            "Total Cost": 0.45,
                            "Plan Rows": 1,
                            "Plan Width": 23,
                            "Actual Startup Time": 0.002,
                            "Actual Total Time": 0.002,
                            "Actual Rows": 1,
                            "Actual Loops": 15261,
                            "Index Cond": "(id = mc.company_id)",
                            "Rows Removed by Index Recheck": 0,
                            "Filter": "((country_code)::text <> '[pl]'::text)",
                            "Rows Removed by Filter": 0
                          }
                        ]
                      },
                      {
                        "Node Type": "Hash",
                        "Parent Relationship": "Inner",
                        "Parallel Aware": false,
                        "Startup Cost": 1.18,
                        "Total Cost": 1.18,
                        "Plan Rows": 18,
                        "Plan Width": 4,
                        "Actual Startup Time": 0.116,
                        "Actual Total Time": 0.117,
                        "Actual Rows": 18,
                        "Actual Loops": 5,
                        "Hash Buckets": 1024,
                        "Original Hash Buckets": 1024,
                        "Hash Batches": 1,
                        "Original Hash Batches": 1,
                        "Peak Memory Usage": 9,
                        "Plans": [
                          {
                            "Node Type": "Seq Scan",
                            "Parent Relationship": "Outer",
                            "Parallel Aware": false,
                            "Relation Name": "link_type",
                            "Alias": "lt",
                            "Startup Cost": 0.0,
                            "Total Cost": 1.18,
                            "Plan Rows": 18,
                            "Plan Width": 4,
                            "Actual Startup Time": 0.08,
                            "Actual Total Time": 0.087,
                            "Actual Rows": 18,
                            "Actual Loops": 5
                          }
                        ]
                      }
                    ]
                  }
                ]
              }
            ]
          }
        ]
      }
    ]
  },
  "Planning Time": 15.062,
  "Triggers": [],
  "Execution Time": 191.213
}