[
  {
    "Plan": {
      "Node Type": "Aggregate",
      "Strategy": "Plain",
      "Partial Mode": "Finalize",
      "Parallel Aware": false,
      "Startup Cost": 33109.58,
      "Total Cost": 33109.59,
      "Plan Rows": 1,
      "Plan Width": 8,
      "Actual Startup Time": 106.163,
      "Actual Total Time": 114.256,
      "Actual Rows": 1,
      "Actual Loops": 1,
      "Plans": [
        {
          "Node Type": "Gather",
          "Parent Relationship": "Outer",
          "Parallel Aware": false,
          "Startup Cost": 33109.26,
          "Total Cost": 33109.57,
          "Plan Rows": 3,
          "Plan Width": 8,
          "Actual Startup Time": 106.037,
          "Actual Total Time": 114.247,
          "Actual Rows": 4,
          "Actual Loops": 1,
          "Workers Planned": 3,
          "Workers Launched": 3,
          "Single Copy": false,
          "Plans": [
            {
              "Node Type": "Aggregate",
              "Strategy": "Plain",
              "Partial Mode": "Partial",
              "Parent Relationship": "Outer",
              "Parallel Aware": false,
              "Startup Cost": 32109.26,
              "Total Cost": 32109.27,
              "Plan Rows": 1,
              "Plan Width": 8,
              "Actual Startup Time": 97.743,
              "Actual Total Time": 97.744,
              "Actual Rows": 1,
              "Actual Loops": 4,
              "Plans": [
                {
                  "Node Type": "Seq Scan",
                  "Parent Relationship": "Outer",
                  "Parallel Aware": true,
                  "Relation Name": "movie_companies",
                  "Alias": "mc",
                  "Startup Cost": 0.0,
                  "Total Cost": 31414.82,
                  "Plan Rows": 277777,
                  "Plan Width": 0,
                  "Actual Startup Time": 0.048,
                  "Actual Total Time": 81.199,
                  "Actual Rows": 292032,
                  "Actual Loops": 4,
                  "Filter": "((company_id < 23352) AND (company_type_id = 1))",
                  "Rows Removed by Filter": 360250
                }
              ]
            }
          ]
        }
      ]
    },
    "Planning Time": 0.197,
    "Triggers": [],
    "Execution Time": 114.307
  }
]