[
    {
        "Bao": {
            "Bao prediction": 465.922,
            "Bao recommended hint": "SET enable_nestloop TO off; "
        }
    },
    {
        "Plan": {
            "Node Type": "Aggregate",
            "Strategy": "Plain",
            "Partial Mode": "Finalize",
            "Parallel Aware": false,
            "Startup Cost": 394492.93,
            "Total Cost": 394492.94,
            "Plan Rows": 1,
            "Plan Width": 8,
            "Actual Startup Time": 802.909,
            "Actual Total Time": 829.001,
            "Actual Rows": 1,
            "Actual Loops": 1,
            "Output": [
                "count(*)"
            ],
            "Plans": [
                {
                    "Node Type": "Gather",
                    "Parent Relationship": "Outer",
                    "Parallel Aware": false,
                    "Startup Cost": 394492.31,
                    "Total Cost": 394492.92,
                    "Plan Rows": 6,
                    "Plan Width": 8,
                    "Actual Startup Time": 802.279,
                    "Actual Total Time": 828.991,
                    "Actual Rows": 7,
                    "Actual Loops": 1,
                    "Output": [
                        "(PARTIAL count(*))"
                    ],
                    "Workers Planned": 6,
                    "Workers Launched": 6,
                    "Single Copy": false,
                    "Plans": [
                        {
                            "Node Type": "Aggregate",
                            "Strategy": "Plain",
                            "Partial Mode": "Partial",
                            "Parent Relationship": "Outer",
                            "Parallel Aware": false,
                            "Startup Cost": 393492.31,
                            "Total Cost": 393492.32,
                            "Plan Rows": 1,
                            "Plan Width": 8,
                            "Actual Startup Time": 792.16,
                            "Actual Total Time": 792.164,
                            "Actual Rows": 1,
                            "Actual Loops": 7,
                            "Output": [
                                "PARTIAL count(*)"
                            ],
                            "Workers": [
                                {
                                    "Worker Number": 0,
                                    "Actual Startup Time": 789.933,
                                    "Actual Total Time": 789.936,
                                    "Actual Rows": 1,
                                    "Actual Loops": 1
                                },
                                {
                                    "Worker Number": 1,
                                    "Actual Startup Time": 789.982,
                                    "Actual Total Time": 789.986,
                                    "Actual Rows": 1,
                                    "Actual Loops": 1
                                },
                                {
                                    "Worker Number": 2,
                                    "Actual Startup Time": 790.568,
                                    "Actual Total Time": 790.571,
                                    "Actual Rows": 1,
                                    "Actual Loops": 1
                                },
                                {
                                    "Worker Number": 3,
                                    "Actual Startup Time": 790.896,
                                    "Actual Total Time": 790.9,
                                    "Actual Rows": 1,
                                    "Actual Loops": 1
                                },
                                {
                                    "Worker Number": 4,
                                    "Actual Startup Time": 791.138,
                                    "Actual Total Time": 791.14,
                                    "Actual Rows": 1,
                                    "Actual Loops": 1
                                },
                                {
                                    "Worker Number": 5,
                                    "Actual Startup Time": 791.2,
                                    "Actual Total Time": 791.203,
                                    "Actual Rows": 1,
                                    "Actual Loops": 1
                                }
                            ],
                            "Plans": [
                                {
                                    "Node Type": "Hash Join",
                                    "Parent Relationship": "Outer",
                                    "Parallel Aware": true,
                                    "Join Type": "Inner",
                                    "Startup Cost": 45589.42,
                                    "Total Cost": 393425.92,
                                    "Plan Rows": 26555,
                                    "Plan Width": 0,
                                    "Actual Startup Time": 193.425,
                                    "Actual Total Time": 790.412,
                                    "Actual Rows": 17384,
                                    "Actual Loops": 7,
                                    "Inner Unique": true,
                                    "Hash Cond": "(ci.movie_id = t.id)",
                                    "Workers": [
                                        {
                                            "Worker Number": 0,
                                            "Actual Startup Time": 190.965,
                                            "Actual Total Time": 788.159,
                                            "Actual Rows": 17421,
                                            "Actual Loops": 1
                                        },
                                        {
                                            "Worker Number": 1,
                                            "Actual Startup Time": 191.013,
                                            "Actual Total Time": 788.213,
                                            "Actual Rows": 16800,
                                            "Actual Loops": 1
                                        },
                                        {
                                            "Worker Number": 2,
                                            "Actual Startup Time": 191.884,
                                            "Actual Total Time": 788.807,
                                            "Actual Rows": 17084,
                                            "Actual Loops": 1
                                        },
                                        {
                                            "Worker Number": 3,
                                            "Actual Startup Time": 192.22,
                                            "Actual Total Time": 789.134,
                                            "Actual Rows": 17327,
                                            "Actual Loops": 1
                                        },
                                        {
                                            "Worker Number": 4,
                                            "Actual Startup Time": 192.578,
                                            "Actual Total Time": 789.378,
                                            "Actual Rows": 17146,
                                            "Actual Loops": 1
                                        },
                                        {
                                            "Worker Number": 5,
                                            "Actual Startup Time": 192.581,
                                            "Actual Total Time": 789.441,
                                            "Actual Rows": 17358,
                                            "Actual Loops": 1
                                        }
                                    ],
                                    "Plans": [
                                        {
                                            "Node Type": "Index Scan",
                                            "Parent Relationship": "Outer",
                                            "Parallel Aware": true,
                                            "Scan Direction": "Forward",
                                            "Index Name": "role_id_cast_info",
                                            "Relation Name": "cast_info",
                                            "Schema": "public",
                                            "Alias": "ci",
                                            "Startup Cost": 0.56,
                                            "Total Cost": 342814.42,
                                            "Plan Rows": 1913382,
                                            "Plan Width": 4,
                                            "Actual Startup Time": 103.949,
                                            "Actual Total Time": 494.675,
                                            "Actual Rows": 1429994,
                                            "Actual Loops": 7,
                                            "Output": [
                                                "ci.id",
                                                "ci.person_id",
                                                "ci.movie_id",
                                                "ci.person_role_id",
                                                "ci.note",
                                                "ci.nr_order",
                                                "ci.role_id"
                                            ],
                                            "Index Cond": "(ci.role_id = 1)",
                                            "Rows Removed by Index Recheck": 0,
                                            "Filter": "(ci.person_id > 354346)",
                                            "Rows Removed by Filter": 380104,
                                            "Workers": [
                                                {
                                                    "Worker Number": 0,
                                                    "Actual Startup Time": 103.91,
                                                    "Actual Total Time": 495.727,
                                                    "Actual Rows": 1412435,
                                                    "Actual Loops": 1
                                                },
                                                {
                                                    "Worker Number": 1,
                                                    "Actual Startup Time": 103.883,
                                                    "Actual Total Time": 495.403,
                                                    "Actual Rows": 1368509,
                                                    "Actual Loops": 1
                                                },
                                                {
                                                    "Worker Number": 2,
                                                    "Actual Startup Time": 103.904,
                                                    "Actual Total Time": 495.186,
                                                    "Actual Rows": 1420380,
                                                    "Actual Loops": 1
                                                },
                                                {
                                                    "Worker Number": 3,
                                                    "Actual Startup Time": 104.09,
                                                    "Actual Total Time": 495.922,
                                                    "Actual Rows": 1421161,
                                                    "Actual Loops": 1
                                                },
                                                {
                                                    "Worker Number": 4,
                                                    "Actual Startup Time": 103.904,
                                                    "Actual Total Time": 494.705,
                                                    "Actual Rows": 1419211,
                                                    "Actual Loops": 1
                                                },
                                                {
                                                    "Worker Number": 5,
                                                    "Actual Startup Time": 103.906,
                                                    "Actual Total Time": 493.925,
                                                    "Actual Rows": 1416091,
                                                    "Actual Loops": 1
                                                }
                                            ]
                                        },
                                        {
                                            "Node Type": "Hash",
                                            "Parent Relationship": "Inner",
                                            "Parallel Aware": true,
                                            "Startup Cost": 45479.21,
                                            "Total Cost": 45479.21,
                                            "Plan Rows": 8772,
                                            "Plan Width": 4,
                                            "Actual Startup Time": 88.039,
                                            "Actual Total Time": 88.04,
                                            "Actual Rows": 4015,
                                            "Actual Loops": 7,
                                            "Output": [
                                                "t.id"
                                            ],
                                            "Hash Buckets": 65536,
                                            "Original Hash Buckets": 65536,
                                            "Hash Batches": 1,
                                            "Original Hash Batches": 1,
                                            "Peak Memory Usage": 1760,
                                            "Workers": [
                                                {
                                                    "Worker Number": 0,
                                                    "Actual Startup Time": 86.424,
                                                    "Actual Total Time": 86.426,
                                                    "Actual Rows": 3378,
                                                    "Actual Loops": 1
                                                },
                                                {
                                                    "Worker Number": 1,
                                                    "Actual Startup Time": 86.483,
                                                    "Actual Total Time": 86.484,
                                                    "Actual Rows": 3395,
                                                    "Actual Loops": 1
                                                },
                                                {
                                                    "Worker Number": 2,
                                                    "Actual Startup Time": 87.039,
                                                    "Actual Total Time": 87.04,
                                                    "Actual Rows": 3463,
                                                    "Actual Loops": 1
                                                },
                                                {
                                                    "Worker Number": 3,
                                                    "Actual Startup Time": 87.466,
                                                    "Actual Total Time": 87.467,
                                                    "Actual Rows": 3552,
                                                    "Actual Loops": 1
                                                },
                                                {
                                                    "Worker Number": 4,
                                                    "Actual Startup Time": 87.605,
                                                    "Actual Total Time": 87.606,
                                                    "Actual Rows": 3768,
                                                    "Actual Loops": 1
                                                },
                                                {
                                                    "Worker Number": 5,
                                                    "Actual Startup Time": 87.699,
                                                    "Actual Total Time": 87.7,
                                                    "Actual Rows": 3609,
                                                    "Actual Loops": 1
                                                }
                                            ],
                                            "Plans": [
                                                {
                                                    "Node Type": "Seq Scan",
                                                    "Parent Relationship": "Outer",
                                                    "Parallel Aware": true,
                                                    "Relation Name": "title",
                                                    "Schema": "public",
                                                    "Alias": "t",
                                                    "Startup Cost": 0.0,
                                                    "Total Cost": 45479.21,
                                                    "Plan Rows": 8772,
                                                    "Plan Width": 4,
                                                    "Actual Startup Time": 54.586,
                                                    "Actual Total Time": 85.808,
                                                    "Actual Rows": 4015,
                                                    "Actual Loops": 7,
                                                    "Output": [
                                                        "t.id"
                                                    ],
                                                    "Filter": "((t.kind_id = 1) AND (t.production_year = 2009))",
                                                    "Rows Removed by Filter": 357173,
                                                    "Workers": [
                                                        {
                                                            "Worker Number": 0,
                                                            "Actual Startup Time": 55.258,
                                                            "Actual Total Time": 83.932,
                                                            "Actual Rows": 3378,
                                                            "Actual Loops": 1
                                                        },
                                                        {
                                                            "Worker Number": 1,
                                                            "Actual Startup Time": 55.33,
                                                            "Actual Total Time": 84.337,
                                                            "Actual Rows": 3395,
                                                            "Actual Loops": 1
                                                        },
                                                        {
                                                            "Worker Number": 2,
                                                            "Actual Startup Time": 55.882,
                                                            "Actual Total Time": 84.479,
                                                            "Actual Rows": 3463,
                                                            "Actual Loops": 1
                                                        },
                                                        {
                                                            "Worker Number": 3,
                                                            "Actual Startup Time": 51.469,
                                                            "Actual Total Time": 85.503,
                                                            "Actual Rows": 3552,
                                                            "Actual Loops": 1
                                                        },
                                                        {
                                                            "Worker Number": 4,
                                                            "Actual Startup Time": 56.455,
                                                            "Actual Total Time": 85.536,
                                                            "Actual Rows": 3768,
                                                            "Actual Loops": 1
                                                        },
                                                        {
                                                            "Worker Number": 5,
                                                            "Actual Startup Time": 50.865,
                                                            "Actual Total Time": 85.712,
                                                            "Actual Rows": 3609,
                                                            "Actual Loops": 1
                                                        }
                                                    ]
                                                }
                                            ]
                                        }
                                    ]
                                }
                            ]
                        }
                    ]
                }
            ]
        },
        "Planning Time": 1285.319,
        "Triggers": [],
        "Execution Time": 829.128
    }
]