[
  {
    "Plan": {
      "Node Type": "Aggregate",
      "Strategy": "Plain",
      "Partial Mode": "Finalize",
      "Parallel Aware": false,
      "Startup Cost": 467666.33,
      "Total Cost": 467666.34,
      "Plan Rows": 1,
      "Plan Width": 8,
      "Actual Startup Time": 3939.967,
      "Actual Total Time": 4006.349,
      "Actual Rows": 1,
      "Actual Loops": 1,
      "Plans": [
        {
          "Node Type": "Gather",
          "Parent Relationship": "Outer",
          "Parallel Aware": false,
          "Startup Cost": 467665.7,
          "Total Cost": 467666.31,
          "Plan Rows": 6,
          "Plan Width": 8,
          "Actual Startup Time": 3908.51,
          "Actual Total Time": 4006.335,
          "Actual Rows": 7,
          "Actual Loops": 1,
          "Workers Planned": 6,
          "Workers Launched": 6,
          "Single Copy": false,
          "Plans": [
            {
              "Node Type": "Aggregate",
              "Strategy": "Plain",
              "Partial Mode": "Partial",
              "Parent Relationship": "Outer",
              "Parallel Aware": false,
              "Startup Cost": 466665.7,
              "Total Cost": 466665.71,
              "Plan Rows": 1,
              "Plan Width": 8,
              "Actual Startup Time": 3882.501,
              "Actual Total Time": 3883.166,
              "Actual Rows": 1,
              "Actual Loops": 7,
              "Plans": [
                {
                  "Node Type": "Hash Join",
                  "Parent Relationship": "Outer",
                  "Parallel Aware": true,
                  "Join Type": "Inner",
                  "Startup Cost": 90518.64,
                  "Total Cost": 454591.7,
                  "Plan Rows": 4829602,
                  "Plan Width": 0,
                  "Actual Startup Time": 638.46,
                  "Actual Total Time": 3503.146,
                  "Actual Rows": 8926973,
                  "Actual Loops": 7,
                  "Inner Unique": false,
                  "Hash Cond": "(ci.movie_id = t.id)",
                  "Plans": [
                    {
                      "Node Type": "Seq Scan",
                      "Parent Relationship": "Outer",
                      "Parallel Aware": true,
                      "Relation Name": "cast_info",
                      "Alias": "ci",
                      "Startup Cost": 0.0,
                      "Total Cost": 328162.03,
                      "Plan Rows": 5421777,
                      "Plan Width": 4,
                      "Actual Startup Time": 38.948,
                      "Actual Total Time": 624.446,
                      "Actual Rows": 4631018,
                      "Actual Loops": 7,
                      "Filter": "(person_id > 366724)",
                      "Rows Removed by Filter": 546745
                    },
                    {
                      "Node Type": "Hash",
                      "Parent Relationship": "Inner",
                      "Parallel Aware": true,
                      "Startup Cost": 81437.39,
                      "Total Cost": 81437.39,
                      "Plan Rows": 726500,
                      "Plan Width": 8,
                      "Actual Startup Time": 591.195,
                      "Actual Total Time": 591.858,
                      "Actual Rows": 322636,
                      "Actual Loops": 7,
                      "Hash Buckets": 4194304,
                      "Original Hash Buckets": 4194304,
                      "Hash Batches": 1,
                      "Original Hash Batches": 1,
                      "Peak Memory Usage": 121216,
                      "Plans": [
                        {
                          "Node Type": "Hash Join",
                          "Parent Relationship": "Outer",
                          "Parallel Aware": true,
                          "Join Type": "Inner",
                          "Startup Cost": 50219.64,
                          "Total Cost": 81437.39,
                          "Plan Rows": 726500,
                          "Plan Width": 8,
                          "Actual Startup Time": 286.739,
                          "Actual Total Time": 459.774,
                          "Actual Rows": 322636,
                          "Actual Loops": 7,
                          "Inner Unique": true,
                          "Hash Cond": "(mc.movie_id = t.id)",
                          "Plans": [
                            {
                              "Node Type": "Seq Scan",
                              "Parent Relationship": "Outer",
                              "Parallel Aware": true,
                              "Relation Name": "movie_companies",
                              "Alias": "mc",
                              "Startup Cost": 0.0,
                              "Total Cost": 29310.68,
                              "Plan Rows": 726500,
                              "Plan Width": 4,
                              "Actual Startup Time": 0.053,
                              "Actual Total Time": 52.117,
                              "Actual Rows": 322636,
                              "Actual Loops": 7,
                              "Filter": "(company_id > 166)",
                              "Rows Removed by Filter": 50097
                            },
                            {
                              "Node Type": "Hash",
                              "Parent Relationship": "Inner",
                              "Parallel Aware": true,
                              "Startup Cost": 42318.73,
                              "Total Cost": 42318.73,
                              "Plan Rows": 632073,
                              "Plan Width": 4,
                              "Actual Startup Time": 280.391,
                              "Actual Total Time": 280.393,
                              "Actual Rows": 361187,
                              "Actual Loops": 7,
                              "Hash Buckets": 4194304,
                              "Original Hash Buckets": 4194304,
                              "Hash Batches": 1,
                              "Original Hash Batches": 1,
                              "Peak Memory Usage": 131808,
                              "Plans": [
                                {
                                  "Node Type": "Seq Scan",
                                  "Parent Relationship": "Outer",
                                  "Parallel Aware": true,
                                  "Relation Name": "title",
                                  "Alias": "t",
                                  "Startup Cost": 0.0,
                                  "Total Cost": 42318.73,
                                  "Plan Rows": 632073,
                                  "Plan Width": 4,
                                  "Actual Startup Time": 0.069,
                                  "Actual Total Time": 74.734,
                                  "Actual Rows": 361187,
                                  "Actual Loops": 7
                                }
                              ]
                            }
                          ]
                        }
                      ]
                    }
                  ]
                }
              ]
            }
          ]
        }
      ]
    },
    "Planning Time": 1.523,
    "Triggers": [],
    "Execution Time": 4006.462
  }
]