[
  {
    "Plan": {
      "Node Type": "Aggregate",
      "Strategy": "Plain",
      "Partial Mode": "Finalize",
      "Parallel Aware": false,
      "Startup Cost": 32754.36,
      "Total Cost": 32754.37,
      "Plan Rows": 1,
      "Plan Width": 8,
      "Actual Startup Time": 92.336,
      "Actual Total Time": 102.111,
      "Actual Rows": 1,
      "Actual Loops": 1,
      "Plans": [
        {
          "Node Type": "Gather",
          "Parent Relationship": "Outer",
          "Parallel Aware": false,
          "Startup Cost": 32754.05,
          "Total Cost": 32754.36,
          "Plan Rows": 3,
          "Plan Width": 8,
          "Actual Startup Time": 92.22,
          "Actual Total Time": 102.104,
          "Actual Rows": 4,
          "Actual Loops": 1,
          "Workers Planned": 3,
          "Workers Launched": 3,
          "Single Copy": false,
          "Plans": [
            {
              "Node Type": "Aggregate",
              "Strategy": "Plain",
              "Partial Mode": "Partial",
              "Parent Relationship": "Outer",
              "Parallel Aware": false,
              "Startup Cost": 31754.05,
              "Total Cost": 31754.06,
              "Plan Rows": 1,
              "Plan Width": 8,
              "Actual Startup Time": 83.644,
              "Actual Total Time": 83.645,
              "Actual Rows": 1,
              "Actual Loops": 4,
              "Plans": [
                {
                  "Node Type": "Seq Scan",
                  "Parent Relationship": "Outer",
                  "Parallel Aware": true,
                  "Relation Name": "movie_companies",
                  "Alias": "mc",
                  "Startup Cost": 0.0,
                  "Total Cost": 31414.82,
                  "Plan Rows": 135691,
                  "Plan Width": 0,
                  "Actual Startup Time": 25.23,
                  "Actual Total Time": 82.117,
                  "Actual Rows": 25875,
                  "Actual Loops": 4,
                  "Filter": "((company_id > 23740) AND (company_type_id = 1))",
                  "Rows Removed by Filter": 626407
                }
              ]
            }
          ]
        }
      ]
    },
    "Planning Time": 0.195,
    "Triggers": [],
    "Execution Time": 102.163
  }
]