[
  {
    "Plan": {
      "Node Type": "Aggregate",
      "Strategy": "Plain",
      "Partial Mode": "Finalize",
      "Parallel Aware": false,
      "Startup Cost": 32891.64,
      "Total Cost": 32891.65,
      "Plan Rows": 1,
      "Plan Width": 8,
      "Actual Startup Time": 117.572,
      "Actual Total Time": 126.212,
      "Actual Rows": 1,
      "Actual Loops": 1,
      "Plans": [
        {
          "Node Type": "Gather",
          "Parent Relationship": "Outer",
          "Parallel Aware": false,
          "Startup Cost": 32891.33,
          "Total Cost": 32891.64,
          "Plan Rows": 3,
          "Plan Width": 8,
          "Actual Startup Time": 117.455,
          "Actual Total Time": 126.204,
          "Actual Rows": 4,
          "Actual Loops": 1,
          "Workers Planned": 3,
          "Workers Launched": 3,
          "Single Copy": false,
          "Plans": [
            {
              "Node Type": "Aggregate",
              "Strategy": "Plain",
              "Partial Mode": "Partial",
              "Parent Relationship": "Outer",
              "Parallel Aware": false,
              "Startup Cost": 31891.33,
              "Total Cost": 31891.34,
              "Plan Rows": 1,
              "Plan Width": 8,
              "Actual Startup Time": 108.869,
              "Actual Total Time": 108.87,
              "Actual Rows": 1,
              "Actual Loops": 4,
              "Plans": [
                {
                  "Node Type": "Seq Scan",
                  "Parent Relationship": "Outer",
                  "Parallel Aware": true,
                  "Relation Name": "movie_companies",
                  "Alias": "mc",
                  "Startup Cost": 0.0,
                  "Total Cost": 31414.82,
                  "Plan Rows": 190603,
                  "Plan Width": 0,
                  "Actual Startup Time": 52.63,
                  "Actual Total Time": 96.908,
                  "Actual Rows": 218453,
                  "Actual Loops": 4,
                  "Filter": "((company_id > 12868) AND (company_type_id > 1))",
                  "Rows Removed by Filter": 433829
                }
              ]
            }
          ]
        }
      ]
    },
    "Planning Time": 0.196,
    "Triggers": [],
    "Execution Time": 126.267
  }
]