{
  "Plan": {
    "Node Type": "Aggregate",
    "Strategy": "Plain",
    "Partial Mode": "Finalize",
    "Parallel Aware": false,
    "Startup Cost": 112576.16,
    "Total Cost": 112576.17,
    "Plan Rows": 1,
    "Plan Width": 8,
    "Actual Startup Time": 675.589,
    "Actual Total Time": 690.816,
    "Actual Rows": 1,
    "Actual Loops": 1,
    "Plans": [
      {
        "Node Type": "Gather",
        "Parent Relationship": "Outer",
        "Parallel Aware": false,
        "Startup Cost": 112576.05,
        "Total Cost": 112576.16,
        "Plan Rows": 1,
        "Plan Width": 8,
        "Actual Startup Time": 673.913,
        "Actual Total Time": 690.807,
        "Actual Rows": 2,
        "Actual Loops": 1,
        "Workers Planned": 1,
        "Workers Launched": 1,
        "Single Copy": false,
        "Plans": [
          {
            "Node Type": "Aggregate",
            "Strategy": "Plain",
            "Partial Mode": "Partial",
            "Parent Relationship": "Outer",
            "Parallel Aware": false,
            "Startup Cost": 111576.05,
            "Total Cost": 111576.06,
            "Plan Rows": 1,
            "Plan Width": 8,
            "Actual Startup Time": 668.309,
            "Actual Total Time": 668.313,
            "Actual Rows": 1,
            "Actual Loops": 2,
            "Plans": [
              {
                "Node Type": "Hash Join",
                "Parent Relationship": "Outer",
                "Parallel Aware": true,
                "Join Type": "Inner",
                "Startup Cost": 47557.5,
                "Total Cost": 110426.9,
                "Plan Rows": 459662,
                "Plan Width": 0,
                "Actual Startup Time": 215.604,
                "Actual Total Time": 655.634,
                "Actual Rows": 245674,
                "Actual Loops": 2,
                "Inner Unique": false,
                "Hash Cond": "(t.id = mc.movie_id)",
                "Plans": [
                  {
                    "Node Type": "Seq Scan",
                    "Parent Relationship": "Outer",
                    "Parallel Aware": true,
                    "Relation Name": "title",
                    "Alias": "t",
                    "Startup Cost": 0.0,
                    "Total Cost": 50870.31,
                    "Plan Rows": 1487231,
                    "Plan Width": 4,
                    "Actual Startup Time": 0.01,
                    "Actual Total Time": 133.766,
                    "Actual Rows": 1264156,
                    "Actual Loops": 2
                  },
                  {
                    "Node Type": "Hash",
                    "Parent Relationship": "Inner",
                    "Parallel Aware": true,
                    "Startup Cost": 41811.73,
                    "Total Cost": 41811.73,
                    "Plan Rows": 459662,
                    "Plan Width": 4,
                    "Actual Startup Time": 206.172,
                    "Actual Total Time": 206.173,
                    "Actual Rows": 245674,
                    "Actual Loops": 2,
                    "Hash Buckets": 1048576,
                    "Original Hash Buckets": 1048576,
                    "Hash Batches": 1,
                    "Original Hash Batches": 1,
                    "Peak Memory Usage": 27456,
                    "Plans": [
                      {
                        "Node Type": "Seq Scan",
                        "Parent Relationship": "Outer",
                        "Parallel Aware": true,
                        "Relation Name": "movie_companies",
                        "Alias": "mc",
                        "Startup Cost": 0.0,
                        "Total Cost": 41811.73,
                        "Plan Rows": 459662,
                        "Plan Width": 4,
                        "Actual Startup Time": 71.338,
                        "Actual Total Time": 141.617,
                        "Actual Rows": 245674,
                        "Actual Loops": 2,
                        "Filter": "((company_id < 14405) AND (company_type_id = 2))",
                        "Rows Removed by Filter": 1058890
                      }
                    ]
                  }
                ]
              }
            ]
          }
        ]
      }
    ]
  },
  "Planning Time": 0.665,
  "Triggers": [],
  "Execution Time": 690.88
}