[
  {
    "Plan": {
      "Node Type": "Aggregate",
      "Strategy": "Plain",
      "Partial Mode": "Finalize",
      "Parallel Aware": false,
      "Startup Cost": 338656.54,
      "Total Cost": 338656.55,
      "Plan Rows": 1,
      "Plan Width": 8,
      "Actual Startup Time": 709.618,
      "Actual Total Time": 738.187,
      "Actual Rows": 1,
      "Actual Loops": 1,
      "Plans": [
        {
          "Node Type": "Gather",
          "Parent Relationship": "Outer",
          "Parallel Aware": false,
          "Startup Cost": 338655.92,
          "Total Cost": 338656.53,
          "Plan Rows": 6,
          "Plan Width": 8,
          "Actual Startup Time": 709.53,
          "Actual Total Time": 738.18,
          "Actual Rows": 7,
          "Actual Loops": 1,
          "Workers Planned": 6,
          "Workers Launched": 6,
          "Single Copy": false,
          "Plans": [
            {
              "Node Type": "Aggregate",
              "Strategy": "Plain",
              "Partial Mode": "Partial",
              "Parent Relationship": "Outer",
              "Parallel Aware": false,
              "Startup Cost": 337655.92,
              "Total Cost": 337655.93,
              "Plan Rows": 1,
              "Plan Width": 8,
              "Actual Startup Time": 702.132,
              "Actual Total Time": 702.132,
              "Actual Rows": 1,
              "Actual Loops": 7,
              "Plans": [
                {
                  "Node Type": "Seq Scan",
                  "Parent Relationship": "Outer",
                  "Parallel Aware": true,
                  "Relation Name": "cast_info",
                  "Alias": "ci",
                  "Startup Cost": 0.0,
                  "Total Cost": 328213.62,
                  "Plan Rows": 3776920,
                  "Plan Width": 0,
                  "Actual Startup Time": 135.616,
                  "Actual Total Time": 557.811,
                  "Actual Rows": 3237532,
                  "Actual Loops": 7,
                  "Filter": "(person_id > 1337830)",
                  "Rows Removed by Filter": 1940231
                }
              ]
            }
          ]
        }
      ]
    },
    "Planning Time": 0.2,
    "Triggers": [],
    "Execution Time": 738.226
  }
]