[
  {
    "Plan": {
      "Node Type": "Aggregate",
      "Strategy": "Plain",
      "Partial Mode": "Finalize",
      "Parallel Aware": false,
      "Startup Cost": 45438.22,
      "Total Cost": 45438.23,
      "Plan Rows": 1,
      "Plan Width": 8,
      "Actual Startup Time": 131.955,
      "Actual Total Time": 136.08,
      "Actual Rows": 1,
      "Actual Loops": 1,
      "Plans": [
        {
          "Node Type": "Gather",
          "Parent Relationship": "Outer",
          "Parallel Aware": false,
          "Startup Cost": 45437.9,
          "Total Cost": 45438.21,
          "Plan Rows": 3,
          "Plan Width": 8,
          "Actual Startup Time": 131.873,
          "Actual Total Time": 136.075,
          "Actual Rows": 4,
          "Actual Loops": 1,
          "Workers Planned": 3,
          "Workers Launched": 3,
          "Single Copy": false,
          "Plans": [
            {
              "Node Type": "Aggregate",
              "Strategy": "Plain",
              "Partial Mode": "Partial",
              "Parent Relationship": "Outer",
              "Parallel Aware": false,
              "Startup Cost": 44437.9,
              "Total Cost": 44437.91,
              "Plan Rows": 1,
              "Plan Width": 8,
              "Actual Startup Time": 126.403,
              "Actual Total Time": 126.404,
              "Actual Rows": 1,
              "Actual Loops": 4,
              "Plans": [
                {
                  "Node Type": "Seq Scan",
                  "Parent Relationship": "Outer",
                  "Parallel Aware": true,
                  "Relation Name": "movie_keyword",
                  "Alias": "mk",
                  "Startup Cost": 0.0,
                  "Total Cost": 42695.65,
                  "Plan Rows": 696899,
                  "Plan Width": 0,
                  "Actual Startup Time": 0.038,
                  "Actual Total Time": 101.492,
                  "Actual Rows": 540663,
                  "Actual Loops": 4,
                  "Filter": "(keyword_id < 4147)",
                  "Rows Removed by Filter": 590320
                }
              ]
            }
          ]
        }
      ]
    },
    "Planning Time": 0.068,
    "Triggers": [],
    "Execution Time": 136.101
  }
]