[
  {
    "Plan": {
      "Node Type": "Aggregate",
      "Strategy": "Plain",
      "Partial Mode": "Finalize",
      "Parallel Aware": false,
      "Startup Cost": 660515.0,
      "Total Cost": 660515.01,
      "Plan Rows": 1,
      "Plan Width": 8,
      "Actual Startup Time": 8205.549,
      "Actual Total Time": 8282.11,
      "Actual Rows": 1,
      "Actual Loops": 1,
      "Plans": [
        {
          "Node Type": "Gather",
          "Parent Relationship": "Outer",
          "Parallel Aware": false,
          "Startup Cost": 660514.37,
          "Total Cost": 660514.98,
          "Plan Rows": 6,
          "Plan Width": 8,
          "Actual Startup Time": 8169.02,
          "Actual Total Time": 8282.096,
          "Actual Rows": 7,
          "Actual Loops": 1,
          "Workers Planned": 6,
          "Workers Launched": 6,
          "Single Copy": false,
          "Plans": [
            {
              "Node Type": "Aggregate",
              "Strategy": "Plain",
              "Partial Mode": "Partial",
              "Parent Relationship": "Outer",
              "Parallel Aware": false,
              "Startup Cost": 659514.37,
              "Total Cost": 659514.38,
              "Plan Rows": 1,
              "Plan Width": 8,
              "Actual Startup Time": 8137.653,
              "Actual Total Time": 8138.6,
              "Actual Rows": 1,
              "Actual Loops": 7,
              "Plans": [
                {
                  "Node Type": "Hash Join",
                  "Parent Relationship": "Outer",
                  "Parallel Aware": true,
                  "Join Type": "Inner",
                  "Startup Cost": 265412.91,
                  "Total Cost": 631074.5,
                  "Plan Rows": 11375948,
                  "Plan Width": 0,
                  "Actual Startup Time": 1838.681,
                  "Actual Total Time": 7077.265,
                  "Actual Rows": 25455655,
                  "Actual Loops": 7,
                  "Inner Unique": false,
                  "Hash Cond": "(ci.movie_id = t.id)",
                  "Plans": [
                    {
                      "Node Type": "Seq Scan",
                      "Parent Relationship": "Outer",
                      "Parallel Aware": true,
                      "Relation Name": "cast_info",
                      "Alias": "ci",
                      "Startup Cost": 0.0,
                      "Total Cost": 328162.03,
                      "Plan Rows": 3932712,
                      "Plan Width": 4,
                      "Actual Startup Time": 0.023,
                      "Actual Total Time": 591.084,
                      "Actual Rows": 3376190,
                      "Actual Loops": 7,
                      "Filter": "(person_id < 2421449)",
                      "Rows Removed by Filter": 1801574
                    },
                    {
                      "Node Type": "Hash",
                      "Parent Relationship": "Inner",
                      "Parallel Aware": true,
                      "Startup Cost": 247129.26,
                      "Total Cost": 247129.26,
                      "Plan Rows": 1462692,
                      "Plan Width": 8,
                      "Actual Startup Time": 1828.68,
                      "Actual Total Time": 1829.624,
                      "Actual Rows": 1266848,
                      "Actual Loops": 7,
                      "Hash Buckets": 16777216,
                      "Original Hash Buckets": 8388608,
                      "Hash Batches": 1,
                      "Original Hash Batches": 1,
                      "Peak Memory Usage": 543648,
                      "Plans": [
                        {
                          "Node Type": "Hash Join",
                          "Parent Relationship": "Outer",
                          "Parallel Aware": true,
                          "Join Type": "Inner",
                          "Startup Cost": 47807.49,
                          "Total Cost": 247129.26,
                          "Plan Rows": 1462692,
                          "Plan Width": 8,
                          "Actual Startup Time": 165.87,
                          "Actual Total Time": 1122.073,
                          "Actual Rows": 1266848,
                          "Actual Loops": 7,
                          "Inner Unique": true,
                          "Hash Cond": "(mi.movie_id = t.id)",
                          "Plans": [
                            {
                              "Node Type": "Seq Scan",
                              "Parent Relationship": "Outer",
                              "Parallel Aware": true,
                              "Relation Name": "movie_info",
                              "Alias": "mi",
                              "Startup Cost": 0.0,
                              "Total Cost": 191560.33,
                              "Plan Rows": 2956733,
                              "Plan Width": 4,
                              "Actual Startup Time": 0.031,
                              "Actual Total Time": 288.69,
                              "Actual Rows": 2119389,
                              "Actual Loops": 7
                            },
                            {
                              "Node Type": "Hash",
                              "Parent Relationship": "Inner",
                              "Parallel Aware": true,
                              "Startup Cost": 43898.92,
                              "Total Cost": 43898.92,
                              "Plan Rows": 312686,
                              "Plan Width": 4,
                              "Actual Startup Time": 163.999,
                              "Actual Total Time": 164.001,
                              "Actual Rows": 180529,
                              "Actual Loops": 7,
                              "Hash Buckets": 2097152,
                              "Original Hash Buckets": 2097152,
                              "Hash Batches": 1,
                              "Original Hash Batches": 1,
                              "Peak Memory Usage": 65952,
                              "Plans": [
                                {
                                  "Node Type": "Seq Scan",
                                  "Parent Relationship": "Outer",
                                  "Parallel Aware": true,
                                  "Relation Name": "title",
                                  "Alias": "t",
                                  "Startup Cost": 0.0,
                                  "Total Cost": 43898.92,
                                  "Plan Rows": 312686,
                                  "Plan Width": 4,
                                  "Actual Startup Time": 0.057,
                                  "Actual Total Time": 80.654,
                                  "Actual Rows": 180529,
                                  "Actual Loops": 7,
                                  "Filter": "(production_year < 2004)",
                                  "Rows Removed by Filter": 180659
                                }
                              ]
                            }
                          ]
                        }
                      ]
                    }
                  ]
                }
              ]
            }
          ]
        }
      ]
    },
    "Planning Time": 1.365,
    "Triggers": [],
    "Execution Time": 8282.197
  }
]