[
  {
    "Plan": {
      "Node Type": "Aggregate",
      "Strategy": "Plain",
      "Partial Mode": "Finalize",
      "Parallel Aware": false,
      "Startup Cost": 520301.29,
      "Total Cost": 520301.3,
      "Plan Rows": 1,
      "Plan Width": 8,
      "Actual Startup Time": 550.564,
      "Actual Total Time": 580.197,
      "Actual Rows": 1,
      "Actual Loops": 1,
      "Plans": [
        {
          "Node Type": "Gather",
          "Parent Relationship": "Outer",
          "Parallel Aware": false,
          "Startup Cost": 520300.66,
          "Total Cost": 520301.27,
          "Plan Rows": 6,
          "Plan Width": 8,
          "Actual Startup Time": 546.15,
          "Actual Total Time": 580.186,
          "Actual Rows": 7,
          "Actual Loops": 1,
          "Workers Planned": 6,
          "Workers Launched": 6,
          "Single Copy": false,
          "Plans": [
            {
              "Node Type": "Aggregate",
              "Strategy": "Plain",
              "Partial Mode": "Partial",
              "Parent Relationship": "Outer",
              "Parallel Aware": false,
              "Startup Cost": 519300.66,
              "Total Cost": 519300.67,
              "Plan Rows": 1,
              "Plan Width": 8,
              "Actual Startup Time": 537.328,
              "Actual Total Time": 537.332,
              "Actual Rows": 1,
              "Actual Loops": 7,
              "Plans": [
                {
                  "Node Type": "Nested Loop",
                  "Parent Relationship": "Outer",
                  "Parallel Aware": false,
                  "Join Type": "Inner",
                  "Startup Cost": 111446.88,
                  "Total Cost": 518289.89,
                  "Plan Rows": 404309,
                  "Plan Width": 0,
                  "Actual Startup Time": 298.592,
                  "Actual Total Time": 530.173,
                  "Actual Rows": 130847,
                  "Actual Loops": 7,
                  "Inner Unique": false,
                  "Join Filter": "(t.id = mi.movie_id)",
                  "Rows Removed by Join Filter": 0,
                  "Plans": [
                    {
                      "Node Type": "Hash Join",
                      "Parent Relationship": "Outer",
                      "Parallel Aware": true,
                      "Join Type": "Inner",
                      "Startup Cost": 111446.45,
                      "Total Cost": 372267.76,
                      "Plan Rows": 68858,
                      "Plan Width": 8,
                      "Actual Startup Time": 298.484,
                      "Actual Total Time": 377.671,
                      "Actual Rows": 29073,
                      "Actual Loops": 7,
                      "Inner Unique": true,
                      "Hash Cond": "(ci.movie_id = t.id)",
                      "Plans": [
                        {
                          "Node Type": "Bitmap Heap Scan",
                          "Parent Relationship": "Outer",
                          "Parallel Aware": true,
                          "Relation Name": "cast_info",
                          "Alias": "ci",
                          "Startup Cost": 64246.91,
                          "Total Cost": 324237.86,
                          "Plan Rows": 316326,
                          "Plan Width": 4,
                          "Actual Startup Time": 186.809,
                          "Actual Total Time": 223.023,
                          "Actual Rows": 120671,
                          "Actual Loops": 7,
                          "Recheck Cond": "(person_id < 293177)",
                          "Rows Removed by Index Recheck": 0,
                          "Filter": "(role_id > 1)",
                          "Rows Removed by Filter": 310633,
                          "Exact Heap Blocks": 6161,
                          "Lossy Heap Blocks": 0,
                          "Plans": [
                            {
                              "Node Type": "Bitmap Index Scan",
                              "Parent Relationship": "Outer",
                              "Parallel Aware": false,
                              "Index Name": "person_id_cast_info",
                              "Startup Cost": 0.0,
                              "Total Cost": 63772.42,
                              "Plan Rows": 2921581,
                              "Plan Width": 0,
                              "Actual Startup Time": 111.663,
                              "Actual Total Time": 111.664,
                              "Actual Rows": 3019127,
                              "Actual Loops": 1,
                              "Index Cond": "(person_id < 293177)"
                            }
                          ]
                        },
                        {
                          "Node Type": "Hash",
                          "Parent Relationship": "Inner",
                          "Parallel Aware": true,
                          "Startup Cost": 45479.59,
                          "Total Cost": 45479.59,
                          "Plan Rows": 137596,
                          "Plan Width": 4,
                          "Actual Startup Time": 109.757,
                          "Actual Total Time": 109.758,
                          "Actual Rows": 86058,
                          "Actual Loops": 7,
                          "Hash Buckets": 1048576,
                          "Original Hash Buckets": 1048576,
                          "Hash Batches": 1,
                          "Original Hash Batches": 1,
                          "Peak Memory Usage": 31872,
                          "Plans": [
                            {
                              "Node Type": "Seq Scan",
                              "Parent Relationship": "Outer",
                              "Parallel Aware": true,
                              "Relation Name": "title",
                              "Alias": "t",
                              "Startup Cost": 0.0,
                              "Total Cost": 45479.59,
                              "Plan Rows": 137596,
                              "Plan Width": 4,
                              "Actual Startup Time": 0.047,
                              "Actual Total Time": 72.281,
                              "Actual Rows": 86058,
                              "Actual Loops": 7,
                              "Filter": "((production_year > 2006) AND (kind_id = 7))",
                              "Rows Removed by Filter": 275130
                            }
                          ]
                        }
                      ]
                    },
                    {
                      "Node Type": "Index Only Scan",
                      "Parent Relationship": "Inner",
                      "Parallel Aware": false,
                      "Scan Direction": "Forward",
                      "Index Name": "movie_id_movie_info",
                      "Relation Name": "movie_info",
                      "Alias": "mi",
                      "Startup Cost": 0.43,
                      "Total Cost": 1.61,
                      "Plan Rows": 41,
                      "Plan Width": 4,
                      "Actual Startup Time": 0.003,
                      "Actual Total Time": 0.005,
                      "Actual Rows": 5,
                      "Actual Loops": 203514,
                      "Index Cond": "(movie_id = ci.movie_id)",
                      "Rows Removed by Index Recheck": 0,
                      "Heap Fetches": 915929
                    }
                  ]
                }
              ]
            }
          ]
        }
      ]
    },
    "Planning Time": 0.42,
    "Triggers": [],
    "Execution Time": 580.259
  }
]