[
  {
    "Plan": {
      "Node Type": "Aggregate",
      "Strategy": "Plain",
      "Partial Mode": "Simple",
      "Parallel Aware": false,
      "Startup Cost": 26652.09,
      "Total Cost": 26652.1,
      "Plan Rows": 1,
      "Plan Width": 8,
      "Actual Startup Time": 47.129,
      "Actual Total Time": 47.131,
      "Actual Rows": 1,
      "Actual Loops": 1,
      "Plans": [
        {
          "Node Type": "Bitmap Heap Scan",
          "Parent Relationship": "Outer",
          "Parallel Aware": false,
          "Relation Name": "movie_keyword",
          "Alias": "mk",
          "Startup Cost": 925.57,
          "Total Cost": 26543.34,
          "Plan Rows": 43502,
          "Plan Width": 0,
          "Actual Startup Time": 13.644,
          "Actual Total Time": 43.819,
          "Actual Rows": 43377,
          "Actual Loops": 1,
          "Recheck Cond": "(keyword_id > 102880)",
          "Rows Removed by Index Recheck": 0,
          "Exact Heap Blocks": 11139,
          "Lossy Heap Blocks": 0,
          "Plans": [
            {
              "Node Type": "Bitmap Index Scan",
              "Parent Relationship": "Outer",
              "Parallel Aware": false,
              "Index Name": "keyword_id_movie_keyword",
              "Startup Cost": 0.0,
              "Total Cost": 914.7,
              "Plan Rows": 43502,
              "Plan Width": 0,
              "Actual Startup Time": 8.85,
              "Actual Total Time": 8.85,
              "Actual Rows": 43377,
              "Actual Loops": 1,
              "Index Cond": "(keyword_id > 102880)"
            }
          ]
        }
      ]
    },
    "Planning Time": 0.256,
    "Triggers": [],
    "Execution Time": 47.192
  }
]