[
  {
    "Plan": {
      "Node Type": "Aggregate",
      "Strategy": "Plain",
      "Partial Mode": "Finalize",
      "Parallel Aware": false,
      "Startup Cost": 32667.29,
      "Total Cost": 32667.3,
      "Plan Rows": 1,
      "Plan Width": 8,
      "Actual Startup Time": 78.421,
      "Actual Total Time": 84.248,
      "Actual Rows": 1,
      "Actual Loops": 1,
      "Plans": [
        {
          "Node Type": "Gather",
          "Parent Relationship": "Outer",
          "Parallel Aware": false,
          "Startup Cost": 32666.98,
          "Total Cost": 32667.29,
          "Plan Rows": 3,
          "Plan Width": 8,
          "Actual Startup Time": 78.185,
          "Actual Total Time": 84.238,
          "Actual Rows": 4,
          "Actual Loops": 1,
          "Workers Planned": 3,
          "Workers Launched": 3,
          "Single Copy": false,
          "Plans": [
            {
              "Node Type": "Aggregate",
              "Strategy": "Plain",
              "Partial Mode": "Partial",
              "Parent Relationship": "Outer",
              "Parallel Aware": false,
              "Startup Cost": 31666.98,
              "Total Cost": 31666.99,
              "Plan Rows": 1,
              "Plan Width": 8,
              "Actual Startup Time": 74.584,
              "Actual Total Time": 74.585,
              "Actual Rows": 1,
              "Actual Loops": 4,
              "Plans": [
                {
                  "Node Type": "Seq Scan",
                  "Parent Relationship": "Outer",
                  "Parallel Aware": true,
                  "Relation Name": "movie_companies",
                  "Alias": "mc",
                  "Startup Cost": 0.0,
                  "Total Cost": 31414.82,
                  "Plan Rows": 100863,
                  "Plan Width": 0,
                  "Actual Startup Time": 0.017,
                  "Actual Total Time": 67.857,
                  "Actual Rows": 113590,
                  "Actual Loops": 4,
                  "Filter": "((company_id < 846) AND (company_type_id = 1))",
                  "Rows Removed by Filter": 538692
                }
              ]
            }
          ]
        }
      ]
    },
    "Planning Time": 0.232,
    "Triggers": [],
    "Execution Time": 84.305
  }
]