[
    {
        "Bao": {
            "Bao prediction": "NaN",
            "Bao recommended hint": "(no hint)"
        }
    },
    {
        "Plan": {
            "Node Type": "Aggregate",
            "Strategy": "Plain",
            "Partial Mode": "Finalize",
            "Parallel Aware": false,
            "Startup Cost": 340931.45,
            "Total Cost": 340931.46,
            "Plan Rows": 1,
            "Plan Width": 8,
            "Actual Startup Time": 936.394,
            "Actual Total Time": 967.889,
            "Actual Rows": 1,
            "Actual Loops": 1,
            "Output": [
                "count(*)"
            ],
            "Plans": [
                {
                    "Node Type": "Gather",
                    "Parent Relationship": "Outer",
                    "Parallel Aware": false,
                    "Startup Cost": 340930.82,
                    "Total Cost": 340931.43,
                    "Plan Rows": 6,
                    "Plan Width": 8,
                    "Actual Startup Time": 936.233,
                    "Actual Total Time": 967.878,
                    "Actual Rows": 7,
                    "Actual Loops": 1,
                    "Output": [
                        "(PARTIAL count(*))"
                    ],
                    "Workers Planned": 6,
                    "Workers Launched": 6,
                    "Single Copy": false,
                    "Plans": [
                        {
                            "Node Type": "Aggregate",
                            "Strategy": "Plain",
                            "Partial Mode": "Partial",
                            "Parent Relationship": "Outer",
                            "Parallel Aware": false,
                            "Startup Cost": 339930.82,
                            "Total Cost": 339930.83,
                            "Plan Rows": 1,
                            "Plan Width": 8,
                            "Actual Startup Time": 926.334,
                            "Actual Total Time": 926.335,
                            "Actual Rows": 1,
                            "Actual Loops": 7,
                            "Output": [
                                "PARTIAL count(*)"
                            ],
                            "Workers": [
                                {
                                    "Worker Number": 0,
                                    "Actual Startup Time": 924.417,
                                    "Actual Total Time": 924.418,
                                    "Actual Rows": 1,
                                    "Actual Loops": 1
                                },
                                {
                                    "Worker Number": 1,
                                    "Actual Startup Time": 924.449,
                                    "Actual Total Time": 924.45,
                                    "Actual Rows": 1,
                                    "Actual Loops": 1
                                },
                                {
                                    "Worker Number": 2,
                                    "Actual Startup Time": 924.446,
                                    "Actual Total Time": 924.448,
                                    "Actual Rows": 1,
                                    "Actual Loops": 1
                                },
                                {
                                    "Worker Number": 3,
                                    "Actual Startup Time": 924.646,
                                    "Actual Total Time": 924.648,
                                    "Actual Rows": 1,
                                    "Actual Loops": 1
                                },
                                {
                                    "Worker Number": 4,
                                    "Actual Startup Time": 924.921,
                                    "Actual Total Time": 924.922,
                                    "Actual Rows": 1,
                                    "Actual Loops": 1
                                },
                                {
                                    "Worker Number": 5,
                                    "Actual Startup Time": 925.64,
                                    "Actual Total Time": 925.641,
                                    "Actual Rows": 1,
                                    "Actual Loops": 1
                                }
                            ],
                            "Plans": [
                                {
                                    "Node Type": "Seq Scan",
                                    "Parent Relationship": "Outer",
                                    "Parallel Aware": true,
                                    "Relation Name": "cast_info",
                                    "Schema": "public",
                                    "Alias": "ci",
                                    "Startup Cost": 0.0,
                                    "Total Cost": 328213.62,
                                    "Plan Rows": 4686882,
                                    "Plan Width": 0,
                                    "Actual Startup Time": 103.471,
                                    "Actual Total Time": 705.291,
                                    "Actual Rows": 3989687,
                                    "Actual Loops": 7,
                                    "Output": [
                                        "id",
                                        "person_id",
                                        "movie_id",
                                        "person_role_id",
                                        "note",
                                        "nr_order",
                                        "role_id"
                                    ],
                                    "Filter": "(ci.person_id > 814300)",
                                    "Rows Removed by Filter": 1188077,
                                    "Workers": [
                                        {
                                            "Worker Number": 0,
                                            "Actual Startup Time": 101.541,
                                            "Actual Total Time": 707.608,
                                            "Actual Rows": 3287831,
                                            "Actual Loops": 1
                                        },
                                        {
                                            "Worker Number": 1,
                                            "Actual Startup Time": 101.598,
                                            "Actual Total Time": 709.053,
                                            "Actual Rows": 3243618,
                                            "Actual Loops": 1
                                        },
                                        {
                                            "Worker Number": 2,
                                            "Actual Startup Time": 101.611,
                                            "Actual Total Time": 707.366,
                                            "Actual Rows": 3294896,
                                            "Actual Loops": 1
                                        },
                                        {
                                            "Worker Number": 3,
                                            "Actual Startup Time": 101.768,
                                            "Actual Total Time": 709.552,
                                            "Actual Rows": 5239760,
                                            "Actual Loops": 1
                                        },
                                        {
                                            "Worker Number": 4,
                                            "Actual Startup Time": 102.055,
                                            "Actual Total Time": 707.464,
                                            "Actual Rows": 3276176,
                                            "Actual Loops": 1
                                        },
                                        {
                                            "Worker Number": 5,
                                            "Actual Startup Time": 102.781,
                                            "Actual Total Time": 709.16,
                                            "Actual Rows": 3283412,
                                            "Actual Loops": 1
                                        }
                                    ]
                                }
                            ]
                        }
                    ]
                }
            ]
        },
        "Planning Time": 214.558,
        "Triggers": [],
        "Execution Time": 967.952
    }
]