[
  {
    "Plan": {
      "Node Type": "Aggregate",
      "Strategy": "Plain",
      "Partial Mode": "Finalize",
      "Parallel Aware": false,
      "Startup Cost": 44963.89,
      "Total Cost": 44963.9,
      "Plan Rows": 1,
      "Plan Width": 8,
      "Actual Startup Time": 138.987,
      "Actual Total Time": 148.885,
      "Actual Rows": 1,
      "Actual Loops": 1,
      "Plans": [
        {
          "Node Type": "Gather",
          "Parent Relationship": "Outer",
          "Parallel Aware": false,
          "Startup Cost": 44963.57,
          "Total Cost": 44963.88,
          "Plan Rows": 3,
          "Plan Width": 8,
          "Actual Startup Time": 138.898,
          "Actual Total Time": 148.878,
          "Actual Rows": 4,
          "Actual Loops": 1,
          "Workers Planned": 3,
          "Workers Launched": 3,
          "Single Copy": false,
          "Plans": [
            {
              "Node Type": "Aggregate",
              "Strategy": "Plain",
              "Partial Mode": "Partial",
              "Parent Relationship": "Outer",
              "Parallel Aware": false,
              "Startup Cost": 43963.57,
              "Total Cost": 43963.58,
              "Plan Rows": 1,
              "Plan Width": 8,
              "Actual Startup Time": 130.594,
              "Actual Total Time": 130.595,
              "Actual Rows": 1,
              "Actual Loops": 4,
              "Plans": [
                {
                  "Node Type": "Seq Scan",
                  "Parent Relationship": "Outer",
                  "Parallel Aware": true,
                  "Relation Name": "movie_keyword",
                  "Alias": "mk",
                  "Startup Cost": 0.0,
                  "Total Cost": 42695.65,
                  "Plan Rows": 507167,
                  "Plan Width": 0,
                  "Actual Startup Time": 1.552,
                  "Actual Total Time": 111.109,
                  "Actual Rows": 394630,
                  "Actual Loops": 4,
                  "Filter": "(keyword_id > 9859)",
                  "Rows Removed by Filter": 736352
                }
              ]
            }
          ]
        }
      ]
    },
    "Planning Time": 0.156,
    "Triggers": [],
    "Execution Time": 148.937
  }
]