[
  {
    "Plan": {
      "Node Type": "Aggregate",
      "Strategy": "Plain",
      "Partial Mode": "Finalize",
      "Parallel Aware": false,
      "Startup Cost": 33271.2,
      "Total Cost": 33271.21,
      "Plan Rows": 1,
      "Plan Width": 8,
      "Actual Startup Time": 94.316,
      "Actual Total Time": 103.025,
      "Actual Rows": 1,
      "Actual Loops": 1,
      "Plans": [
        {
          "Node Type": "Gather",
          "Parent Relationship": "Outer",
          "Parallel Aware": false,
          "Startup Cost": 33270.88,
          "Total Cost": 33271.19,
          "Plan Rows": 3,
          "Plan Width": 8,
          "Actual Startup Time": 94.164,
          "Actual Total Time": 103.017,
          "Actual Rows": 4,
          "Actual Loops": 1,
          "Workers Planned": 3,
          "Workers Launched": 3,
          "Single Copy": false,
          "Plans": [
            {
              "Node Type": "Aggregate",
              "Strategy": "Plain",
              "Partial Mode": "Partial",
              "Parent Relationship": "Outer",
              "Parallel Aware": false,
              "Startup Cost": 32270.88,
              "Total Cost": 32270.89,
              "Plan Rows": 1,
              "Plan Width": 8,
              "Actual Startup Time": 90.028,
              "Actual Total Time": 90.029,
              "Actual Rows": 1,
              "Actual Loops": 4,
              "Plans": [
                {
                  "Node Type": "Seq Scan",
                  "Parent Relationship": "Outer",
                  "Parallel Aware": true,
                  "Relation Name": "movie_companies",
                  "Alias": "mc",
                  "Startup Cost": 0.0,
                  "Total Cost": 31414.82,
                  "Plan Rows": 342425,
                  "Plan Width": 0,
                  "Actual Startup Time": 41.928,
                  "Actual Total Time": 80.333,
                  "Actual Rows": 201256,
                  "Actual Loops": 4,
                  "Filter": "((company_id < 72735) AND (company_type_id = 2))",
                  "Rows Removed by Filter": 451027
                }
              ]
            }
          ]
        }
      ]
    },
    "Planning Time": 0.095,
    "Triggers": [],
    "Execution Time": 103.054
  }
]