[
  {
    "Plan": {
      "Node Type": "Aggregate",
      "Strategy": "Plain",
      "Partial Mode": "Finalize",
      "Parallel Aware": false,
      "Startup Cost": 96041.76,
      "Total Cost": 96041.77,
      "Plan Rows": 1,
      "Plan Width": 8,
      "Actual Startup Time": 478.097,
      "Actual Total Time": 493.151,
      "Actual Rows": 1,
      "Actual Loops": 1,
      "Plans": [
        {
          "Node Type": "Gather",
          "Parent Relationship": "Outer",
          "Parallel Aware": false,
          "Startup Cost": 96041.44,
          "Total Cost": 96041.75,
          "Plan Rows": 3,
          "Plan Width": 8,
          "Actual Startup Time": 466.151,
          "Actual Total Time": 493.141,
          "Actual Rows": 4,
          "Actual Loops": 1,
          "Workers Planned": 3,
          "Workers Launched": 3,
          "Single Copy": false,
          "Plans": [
            {
              "Node Type": "Aggregate",
              "Strategy": "Plain",
              "Partial Mode": "Partial",
              "Parent Relationship": "Outer",
              "Parallel Aware": false,
              "Startup Cost": 95041.44,
              "Total Cost": 95041.45,
              "Plan Rows": 1,
              "Plan Width": 8,
              "Actual Startup Time": 457.866,
              "Actual Total Time": 457.869,
              "Actual Rows": 1,
              "Actual Loops": 4,
              "Plans": [
                {
                  "Node Type": "Hash Join",
                  "Parent Relationship": "Outer",
                  "Parallel Aware": true,
                  "Join Type": "Inner",
                  "Startup Cost": 49790.67,
                  "Total Cost": 93980.45,
                  "Plan Rows": 424397,
                  "Plan Width": 0,
                  "Actual Startup Time": 266.271,
                  "Actual Total Time": 445.994,
                  "Actual Rows": 299744,
                  "Actual Loops": 4,
                  "Inner Unique": true,
                  "Hash Cond": "(mk.movie_id = t.id)",
                  "Plans": [
                    {
                      "Node Type": "Seq Scan",
                      "Parent Relationship": "Outer",
                      "Parallel Aware": true,
                      "Relation Name": "movie_keyword",
                      "Alias": "mk",
                      "Startup Cost": 0.0,
                      "Total Cost": 42695.65,
                      "Plan Rows": 569190,
                      "Plan Width": 4,
                      "Actual Startup Time": 0.027,
                      "Actual Total Time": 96.085,
                      "Actual Rows": 443358,
                      "Actual Loops": 4,
                      "Filter": "(keyword_id < 2879)",
                      "Rows Removed by Filter": 687624
                    },
                    {
                      "Node Type": "Hash",
                      "Parent Relationship": "Inner",
                      "Parallel Aware": true,
                      "Startup Cost": 43899.32,
                      "Total Cost": 43899.32,
                      "Plan Rows": 471308,
                      "Plan Width": 4,
                      "Actual Startup Time": 261.311,
                      "Actual Total Time": 261.312,
                      "Actual Rows": 467800,
                      "Actual Loops": 4,
                      "Hash Buckets": 2097152,
                      "Original Hash Buckets": 2097152,
                      "Hash Batches": 1,
                      "Original Hash Batches": 1,
                      "Peak Memory Usage": 89664,
                      "Plans": [
                        {
                          "Node Type": "Seq Scan",
                          "Parent Relationship": "Outer",
                          "Parallel Aware": true,
                          "Relation Name": "title",
                          "Alias": "t",
                          "Startup Cost": 0.0,
                          "Total Cost": 43899.32,
                          "Plan Rows": 471308,
                          "Plan Width": 4,
                          "Actual Startup Time": 0.03,
                          "Actual Total Time": 107.439,
                          "Actual Rows": 467800,
                          "Actual Loops": 4,
                          "Filter": "(production_year > 1984)",
                          "Rows Removed by Filter": 164278
                        }
                      ]
                    }
                  ]
                }
              ]
            }
          ]
        }
      ]
    },
    "Planning Time": 0.23,
    "Triggers": [],
    "Execution Time": 493.184
  }
]