[
  {
    "Plan": {
      "Node Type": "Aggregate",
      "Strategy": "Plain",
      "Partial Mode": "Finalize",
      "Parallel Aware": false,
      "Startup Cost": 30957.04,
      "Total Cost": 30957.05,
      "Plan Rows": 1,
      "Plan Width": 8,
      "Actual Startup Time": 86.715,
      "Actual Total Time": 96.566,
      "Actual Rows": 1,
      "Actual Loops": 1,
      "Plans": [
        {
          "Node Type": "Gather",
          "Parent Relationship": "Outer",
          "Parallel Aware": false,
          "Startup Cost": 30956.72,
          "Total Cost": 30957.03,
          "Plan Rows": 3,
          "Plan Width": 8,
          "Actual Startup Time": 86.57,
          "Actual Total Time": 96.557,
          "Actual Rows": 4,
          "Actual Loops": 1,
          "Workers Planned": 3,
          "Workers Launched": 3,
          "Single Copy": false,
          "Plans": [
            {
              "Node Type": "Aggregate",
              "Strategy": "Plain",
              "Partial Mode": "Partial",
              "Parent Relationship": "Outer",
              "Parallel Aware": false,
              "Startup Cost": 29956.72,
              "Total Cost": 29956.73,
              "Plan Rows": 1,
              "Plan Width": 8,
              "Actual Startup Time": 81.401,
              "Actual Total Time": 81.402,
              "Actual Rows": 1,
              "Actual Loops": 4,
              "Plans": [
                {
                  "Node Type": "Seq Scan",
                  "Parent Relationship": "Outer",
                  "Parallel Aware": true,
                  "Relation Name": "movie_companies",
                  "Alias": "mc",
                  "Startup Cost": 0.0,
                  "Total Cost": 29310.68,
                  "Plan Rows": 258415,
                  "Plan Width": 0,
                  "Actual Startup Time": 0.025,
                  "Actual Total Time": 71.061,
                  "Actual Rows": 200094,
                  "Actual Loops": 4,
                  "Filter": "(company_id < 1749)",
                  "Rows Removed by Filter": 452188
                }
              ]
            }
          ]
        }
      ]
    },
    "Planning Time": 0.114,
    "Triggers": [],
    "Execution Time": 96.601
  }
]