[
  {
    "Plan": {
      "Node Type": "Aggregate",
      "Strategy": "Plain",
      "Partial Mode": "Finalize",
      "Parallel Aware": false,
      "Startup Cost": 252801.42,
      "Total Cost": 252801.43,
      "Plan Rows": 1,
      "Plan Width": 8,
      "Actual Startup Time": 753.414,
      "Actual Total Time": 771.88,
      "Actual Rows": 1,
      "Actual Loops": 1,
      "Plans": [
        {
          "Node Type": "Gather",
          "Parent Relationship": "Outer",
          "Parallel Aware": false,
          "Startup Cost": 252800.9,
          "Total Cost": 252801.41,
          "Plan Rows": 5,
          "Plan Width": 8,
          "Actual Startup Time": 741.134,
          "Actual Total Time": 771.866,
          "Actual Rows": 6,
          "Actual Loops": 1,
          "Workers Planned": 5,
          "Workers Launched": 5,
          "Single Copy": false,
          "Plans": [
            {
              "Node Type": "Aggregate",
              "Strategy": "Plain",
              "Partial Mode": "Partial",
              "Parent Relationship": "Outer",
              "Parallel Aware": false,
              "Startup Cost": 251800.9,
              "Total Cost": 251800.91,
              "Plan Rows": 1,
              "Plan Width": 8,
              "Actual Startup Time": 728.353,
              "Actual Total Time": 728.358,
              "Actual Rows": 1,
              "Actual Loops": 6,
              "Plans": [
                {
                  "Node Type": "Nested Loop",
                  "Parent Relationship": "Outer",
                  "Parallel Aware": false,
                  "Join Type": "Inner",
                  "Startup Cost": 55649.54,
                  "Total Cost": 251677.18,
                  "Plan Rows": 49487,
                  "Plan Width": 0,
                  "Actual Startup Time": 263.699,
                  "Actual Total Time": 682.819,
                  "Actual Rows": 1050204,
                  "Actual Loops": 6,
                  "Inner Unique": false,
                  "Plans": [
                    {
                      "Node Type": "Hash Join",
                      "Parent Relationship": "Outer",
                      "Parallel Aware": true,
                      "Join Type": "Inner",
                      "Startup Cost": 55649.11,
                      "Total Cost": 221809.32,
                      "Plan Rows": 47957,
                      "Plan Width": 8,
                      "Actual Startup Time": 263.595,
                      "Actual Total Time": 288.049,
                      "Actual Rows": 49351,
                      "Actual Loops": 6,
                      "Inner Unique": true,
                      "Hash Cond": "(mi.movie_id = t.id)",
                      "Plans": [
                        {
                          "Node Type": "Bitmap Heap Scan",
                          "Parent Relationship": "Outer",
                          "Parallel Aware": true,
                          "Relation Name": "movie_info",
                          "Alias": "mi",
                          "Startup Cost": 5351.18,
                          "Total Cost": 171355.94,
                          "Plan Rows": 59219,
                          "Plan Width": 4,
                          "Actual Startup Time": 13.223,
                          "Actual Total Time": 24.2,
                          "Actual Rows": 51131,
                          "Actual Loops": 6,
                          "Recheck Cond": "(info_type_id > 105)",
                          "Rows Removed by Index Recheck": 0,
                          "Exact Heap Blocks": 988,
                          "Lossy Heap Blocks": 0,
                          "Plans": [
                            {
                              "Node Type": "Bitmap Index Scan",
                              "Parent Relationship": "Outer",
                              "Parallel Aware": false,
                              "Index Name": "info_type_id_movie_info",
                              "Startup Cost": 0.0,
                              "Total Cost": 5277.15,
                              "Plan Rows": 296096,
                              "Plan Width": 0,
                              "Actual Startup Time": 12.311,
                              "Actual Total Time": 12.311,
                              "Actual Rows": 306788,
                              "Actual Loops": 1,
                              "Index Cond": "(info_type_id > 105)"
                            }
                          ]
                        },
                        {
                          "Node Type": "Hash",
                          "Parent Relationship": "Inner",
                          "Parallel Aware": true,
                          "Startup Cost": 43899.32,
                          "Total Cost": 43899.32,
                          "Plan Rows": 511889,
                          "Plan Width": 4,
                          "Actual Startup Time": 243.546,
                          "Actual Total Time": 243.547,
                          "Actual Rows": 338740,
                          "Actual Loops": 6,
                          "Hash Buckets": 2097152,
                          "Original Hash Buckets": 2097152,
                          "Hash Batches": 1,
                          "Original Hash Batches": 1,
                          "Peak Memory Usage": 96000,
                          "Plans": [
                            {
                              "Node Type": "Seq Scan",
                              "Parent Relationship": "Outer",
                              "Parallel Aware": true,
                              "Relation Name": "title",
                              "Alias": "t",
                              "Startup Cost": 0.0,
                              "Total Cost": 43899.32,
                              "Plan Rows": 511889,
                              "Plan Width": 4,
                              "Actual Startup Time": 0.04,
                              "Actual Total Time": 91.246,
                              "Actual Rows": 338740,
                              "Actual Loops": 6,
                              "Filter": "(production_year > 1973)",
                              "Rows Removed by Filter": 82646
                            }
                          ]
                        }
                      ]
                    },
                    {
                      "Node Type": "Index Only Scan",
                      "Parent Relationship": "Inner",
                      "Parallel Aware": false,
                      "Scan Direction": "Forward",
                      "Index Name": "movie_id_movie_companies",
                      "Relation Name": "movie_companies",
                      "Alias": "mc",
                      "Startup Cost": 0.43,
                      "Total Cost": 0.57,
                      "Plan Rows": 5,
                      "Plan Width": 4,
                      "Actual Startup Time": 0.002,
                      "Actual Total Time": 0.006,
                      "Actual Rows": 21,
                      "Actual Loops": 296106,
                      "Index Cond": "(movie_id = t.id)",
                      "Rows Removed by Index Recheck": 0,
                      "Heap Fetches": 6301224
                    }
                  ]
                }
              ]
            }
          ]
        }
      ]
    },
    "Planning Time": 1.585,
    "Triggers": [],
    "Execution Time": 771.99
  }
]