[
    {
        "Bao": {
            "Bao prediction": "NaN",
            "Bao recommended hint": "(no hint)"
        }
    },
    {
        "Plan": {
            "Node Type": "Aggregate",
            "Strategy": "Plain",
            "Partial Mode": "Finalize",
            "Parallel Aware": false,
            "Startup Cost": 32787.6,
            "Total Cost": 32787.61,
            "Plan Rows": 1,
            "Plan Width": 8,
            "Actual Startup Time": 83.535,
            "Actual Total Time": 89.103,
            "Actual Rows": 1,
            "Actual Loops": 1,
            "Output": [
                "count(*)"
            ],
            "Plans": [
                {
                    "Node Type": "Gather",
                    "Parent Relationship": "Outer",
                    "Parallel Aware": false,
                    "Startup Cost": 32787.29,
                    "Total Cost": 32787.6,
                    "Plan Rows": 3,
                    "Plan Width": 8,
                    "Actual Startup Time": 83.429,
                    "Actual Total Time": 89.097,
                    "Actual Rows": 4,
                    "Actual Loops": 1,
                    "Output": [
                        "(PARTIAL count(*))"
                    ],
                    "Workers Planned": 3,
                    "Workers Launched": 3,
                    "Single Copy": false,
                    "Plans": [
                        {
                            "Node Type": "Aggregate",
                            "Strategy": "Plain",
                            "Partial Mode": "Partial",
                            "Parent Relationship": "Outer",
                            "Parallel Aware": false,
                            "Startup Cost": 31787.29,
                            "Total Cost": 31787.3,
                            "Plan Rows": 1,
                            "Plan Width": 8,
                            "Actual Startup Time": 75.126,
                            "Actual Total Time": 75.127,
                            "Actual Rows": 1,
                            "Actual Loops": 4,
                            "Output": [
                                "PARTIAL count(*)"
                            ],
                            "Workers": [
                                {
                                    "Worker Number": 0,
                                    "Actual Startup Time": 72.133,
                                    "Actual Total Time": 72.134,
                                    "Actual Rows": 1,
                                    "Actual Loops": 1
                                },
                                {
                                    "Worker Number": 1,
                                    "Actual Startup Time": 72.56,
                                    "Actual Total Time": 72.561,
                                    "Actual Rows": 1,
                                    "Actual Loops": 1
                                },
                                {
                                    "Worker Number": 2,
                                    "Actual Startup Time": 72.726,
                                    "Actual Total Time": 72.728,
                                    "Actual Rows": 1,
                                    "Actual Loops": 1
                                }
                            ],
                            "Plans": [
                                {
                                    "Node Type": "Seq Scan",
                                    "Parent Relationship": "Outer",
                                    "Parallel Aware": true,
                                    "Relation Name": "movie_companies",
                                    "Schema": "public",
                                    "Alias": "mc",
                                    "Startup Cost": 0.0,
                                    "Total Cost": 31414.82,
                                    "Plan Rows": 148987,
                                    "Plan Width": 0,
                                    "Actual Startup Time": 19.78,
                                    "Actual Total Time": 73.042,
                                    "Actual Rows": 37015,
                                    "Actual Loops": 4,
                                    "Output": [
                                        "id",
                                        "movie_id",
                                        "company_id",
                                        "company_type_id",
                                        "note"
                                    ],
                                    "Filter": "((mc.company_id > 18757) AND (mc.company_type_id = 1))",
                                    "Rows Removed by Filter": 615267,
                                    "Workers": [
                                        {
                                            "Worker Number": 0,
                                            "Actual Startup Time": 16.791,
                                            "Actual Total Time": 70.193,
                                            "Actual Rows": 23934,
                                            "Actual Loops": 1
                                        },
                                        {
                                            "Worker Number": 1,
                                            "Actual Startup Time": 17.221,
                                            "Actual Total Time": 70.492,
                                            "Actual Rows": 33806,
                                            "Actual Loops": 1
                                        },
                                        {
                                            "Worker Number": 2,
                                            "Actual Startup Time": 17.378,
                                            "Actual Total Time": 70.719,
                                            "Actual Rows": 33714,
                                            "Actual Loops": 1
                                        }
                                    ]
                                }
                            ]
                        }
                    ]
                }
            ]
        },
        "Planning Time": 232.866,
        "Triggers": [],
        "Execution Time": 89.154
    }
]