[
  {
    "Plan": {
      "Node Type": "Aggregate",
      "Strategy": "Plain",
      "Partial Mode": "Finalize",
      "Parallel Aware": false,
      "Startup Cost": 62961.3,
      "Total Cost": 62961.31,
      "Plan Rows": 1,
      "Plan Width": 8,
      "Actual Startup Time": 253.939,
      "Actual Total Time": 269.845,
      "Actual Rows": 1,
      "Actual Loops": 1,
      "Plans": [
        {
          "Node Type": "Gather",
          "Parent Relationship": "Outer",
          "Parallel Aware": false,
          "Startup Cost": 62961.08,
          "Total Cost": 62961.29,
          "Plan Rows": 2,
          "Plan Width": 8,
          "Actual Startup Time": 252.558,
          "Actual Total Time": 269.835,
          "Actual Rows": 3,
          "Actual Loops": 1,
          "Workers Planned": 2,
          "Workers Launched": 2,
          "Single Copy": false,
          "Plans": [
            {
              "Node Type": "Aggregate",
              "Strategy": "Plain",
              "Partial Mode": "Partial",
              "Parent Relationship": "Outer",
              "Parallel Aware": false,
              "Startup Cost": 61961.08,
              "Total Cost": 61961.09,
              "Plan Rows": 1,
              "Plan Width": 8,
              "Actual Startup Time": 244.767,
              "Actual Total Time": 244.864,
              "Actual Rows": 1,
              "Actual Loops": 3,
              "Plans": [
                {
                  "Node Type": "Hash Join",
                  "Parent Relationship": "Outer",
                  "Parallel Aware": true,
                  "Join Type": "Inner",
                  "Startup Cost": 45789.34,
                  "Total Cost": 61923.33,
                  "Plan Rows": 15103,
                  "Plan Width": 0,
                  "Actual Startup Time": 185.58,
                  "Actual Total Time": 243.052,
                  "Actual Rows": 38138,
                  "Actual Loops": 3,
                  "Inner Unique": true,
                  "Hash Cond": "(mi_idx.movie_id = t.id)",
                  "Plans": [
                    {
                      "Node Type": "Seq Scan",
                      "Parent Relationship": "Outer",
                      "Parallel Aware": true,
                      "Relation Name": "movie_info_idx",
                      "Alias": "mi_idx",
                      "Startup Cost": 0.0,
                      "Total Cost": 15122.68,
                      "Plan Rows": 385260,
                      "Plan Width": 4,
                      "Actual Startup Time": 0.014,
                      "Actual Total Time": 50.099,
                      "Actual Rows": 306703,
                      "Actual Loops": 3,
                      "Filter": "(info_type_id > 99)",
                      "Rows Removed by Filter": 153308
                    },
                    {
                      "Node Type": "Hash",
                      "Parent Relationship": "Inner",
                      "Parallel Aware": true,
                      "Startup Cost": 45479.59,
                      "Total Cost": 45479.59,
                      "Plan Rows": 24780,
                      "Plan Width": 4,
                      "Actual Startup Time": 148.014,
                      "Actual Total Time": 148.015,
                      "Actual Rows": 78549,
                      "Actual Loops": 3,
                      "Hash Buckets": 262144,
                      "Original Hash Buckets": 131072,
                      "Hash Batches": 1,
                      "Original Hash Batches": 1,
                      "Peak Memory Usage": 12320,
                      "Plans": [
                        {
                          "Node Type": "Seq Scan",
                          "Parent Relationship": "Outer",
                          "Parallel Aware": true,
                          "Relation Name": "title",
                          "Alias": "t",
                          "Startup Cost": 0.0,
                          "Total Cost": 45479.59,
                          "Plan Rows": 24780,
                          "Plan Width": 4,
                          "Actual Startup Time": 64.94,
                          "Actual Total Time": 118.005,
                          "Actual Rows": 78549,
                          "Actual Loops": 3,
                          "Filter": "((kind_id < 2) AND (production_year < 1972))",
                          "Rows Removed by Filter": 764222
                        }
                      ]
                    }
                  ]
                }
              ]
            }
          ]
        }
      ]
    },
    "Planning Time": 0.298,
    "Triggers": [],
    "Execution Time": 269.886
  }
]