[
  {
    "Plan": {
      "Node Type": "Aggregate",
      "Strategy": "Plain",
      "Partial Mode": "Finalize",
      "Parallel Aware": false,
      "Startup Cost": 80389.33,
      "Total Cost": 80389.34,
      "Plan Rows": 1,
      "Plan Width": 8,
      "Actual Startup Time": 563.51,
      "Actual Total Time": 580.465,
      "Actual Rows": 1,
      "Actual Loops": 1,
      "Plans": [
        {
          "Node Type": "Gather",
          "Parent Relationship": "Outer",
          "Parallel Aware": false,
          "Startup Cost": 80389.01,
          "Total Cost": 80389.32,
          "Plan Rows": 3,
          "Plan Width": 8,
          "Actual Startup Time": 554.992,
          "Actual Total Time": 580.454,
          "Actual Rows": 4,
          "Actual Loops": 1,
          "Workers Planned": 3,
          "Workers Launched": 3,
          "Single Copy": false,
          "Plans": [
            {
              "Node Type": "Aggregate",
              "Strategy": "Plain",
              "Partial Mode": "Partial",
              "Parent Relationship": "Outer",
              "Parallel Aware": false,
              "Startup Cost": 79389.01,
              "Total Cost": 79389.02,
              "Plan Rows": 1,
              "Plan Width": 8,
              "Actual Startup Time": 545.383,
              "Actual Total Time": 545.386,
              "Actual Rows": 1,
              "Actual Loops": 4,
              "Plans": [
                {
                  "Node Type": "Hash Join",
                  "Parent Relationship": "Outer",
                  "Parallel Aware": true,
                  "Join Type": "Inner",
                  "Startup Cost": 49028.14,
                  "Total Cost": 78444.03,
                  "Plan Rows": 377994,
                  "Plan Width": 0,
                  "Actual Startup Time": 284.106,
                  "Actual Total Time": 538.197,
                  "Actual Rows": 119144,
                  "Actual Loops": 4,
                  "Inner Unique": true,
                  "Hash Cond": "(mc.movie_id = t.id)",
                  "Plans": [
                    {
                      "Node Type": "Seq Scan",
                      "Parent Relationship": "Outer",
                      "Parallel Aware": true,
                      "Relation Name": "movie_companies",
                      "Alias": "mc",
                      "Startup Cost": 0.0,
                      "Total Cost": 27206.55,
                      "Plan Rows": 841655,
                      "Plan Width": 4,
                      "Actual Startup Time": 0.011,
                      "Actual Total Time": 74.505,
                      "Actual Rows": 652282,
                      "Actual Loops": 4
                    },
                    {
                      "Node Type": "Hash",
                      "Parent Relationship": "Inner",
                      "Parallel Aware": true,
                      "Startup Cost": 45479.59,
                      "Total Cost": 45479.59,
                      "Plan Rows": 283884,
                      "Plan Width": 4,
                      "Actual Startup Time": 277.519,
                      "Actual Total Time": 277.52,
                      "Actual Rows": 305706,
                      "Actual Loops": 4,
                      "Hash Buckets": 2097152,
                      "Original Hash Buckets": 2097152,
                      "Hash Batches": 1,
                      "Original Hash Batches": 1,
                      "Peak Memory Usage": 64256,
                      "Plans": [
                        {
                          "Node Type": "Seq Scan",
                          "Parent Relationship": "Outer",
                          "Parallel Aware": true,
                          "Relation Name": "title",
                          "Alias": "t",
                          "Startup Cost": 0.0,
                          "Total Cost": 45479.59,
                          "Plan Rows": 283884,
                          "Plan Width": 4,
                          "Actual Startup Time": 0.046,
                          "Actual Total Time": 137.015,
                          "Actual Rows": 305706,
                          "Actual Loops": 4,
                          "Filter": "((kind_id > 4) AND (production_year > 1986))",
                          "Rows Removed by Filter": 326372
                        }
                      ]
                    }
                  ]
                }
              ]
            }
          ]
        }
      ]
    },
    "Planning Time": 0.324,
    "Triggers": [],
    "Execution Time": 580.508
  }
]