[
  {
    "Plan": {
      "Node Type": "Aggregate",
      "Strategy": "Plain",
      "Partial Mode": "Simple",
      "Parallel Aware": false,
      "Startup Cost": 15205.05,
      "Total Cost": 15205.06,
      "Plan Rows": 1,
      "Plan Width": 8,
      "Actual Startup Time": 6.119,
      "Actual Total Time": 6.121,
      "Actual Rows": 1,
      "Actual Loops": 1,
      "Plans": [
        {
          "Node Type": "Index Scan",
          "Parent Relationship": "Outer",
          "Parallel Aware": false,
          "Scan Direction": "Forward",
          "Index Name": "person_id_cast_info",
          "Relation Name": "cast_info",
          "Alias": "ci",
          "Startup Cost": 0.56,
          "Total Cost": 15193.17,
          "Plan Rows": 4750,
          "Plan Width": 0,
          "Actual Startup Time": 3.341,
          "Actual Total Time": 5.568,
          "Actual Rows": 3396,
          "Actual Loops": 1,
          "Index Cond": "(person_id = 95397)",
          "Rows Removed by Index Recheck": 0,
          "Filter": "(role_id > 1)",
          "Rows Removed by Filter": 6853
        }
      ]
    },
    "Planning Time": 0.226,
    "Triggers": [],
    "Execution Time": 6.176
  }
]