[
  {
    "Plan": {
      "Node Type": "Aggregate",
      "Strategy": "Plain",
      "Partial Mode": "Finalize",
      "Parallel Aware": false,
      "Startup Cost": 79636.72,
      "Total Cost": 79636.73,
      "Plan Rows": 1,
      "Plan Width": 8,
      "Actual Startup Time": 363.526,
      "Actual Total Time": 379.777,
      "Actual Rows": 1,
      "Actual Loops": 1,
      "Plans": [
        {
          "Node Type": "Gather",
          "Parent Relationship": "Outer",
          "Parallel Aware": false,
          "Startup Cost": 79636.3,
          "Total Cost": 79636.71,
          "Plan Rows": 4,
          "Plan Width": 8,
          "Actual Startup Time": 360.628,
          "Actual Total Time": 379.765,
          "Actual Rows": 5,
          "Actual Loops": 1,
          "Workers Planned": 4,
          "Workers Launched": 4,
          "Single Copy": false,
          "Plans": [
            {
              "Node Type": "Aggregate",
              "Strategy": "Plain",
              "Partial Mode": "Partial",
              "Parent Relationship": "Outer",
              "Parallel Aware": false,
              "Startup Cost": 78636.3,
              "Total Cost": 78636.31,
              "Plan Rows": 1,
              "Plan Width": 8,
              "Actual Startup Time": 351.307,
              "Actual Total Time": 351.432,
              "Actual Rows": 1,
              "Actual Loops": 5,
              "Plans": [
                {
                  "Node Type": "Hash Join",
                  "Parent Relationship": "Outer",
                  "Parallel Aware": true,
                  "Join Type": "Inner",
                  "Startup Cost": 32700.71,
                  "Total Cost": 78436.98,
                  "Plan Rows": 79725,
                  "Plan Width": 0,
                  "Actual Startup Time": 134.598,
                  "Actual Total Time": 344.798,
                  "Actual Rows": 124770,
                  "Actual Loops": 5,
                  "Inner Unique": false,
                  "Hash Cond": "(t.id = mc.movie_id)",
                  "Plans": [
                    {
                      "Node Type": "Seq Scan",
                      "Parent Relationship": "Outer",
                      "Parallel Aware": true,
                      "Relation Name": "title",
                      "Alias": "t",
                      "Startup Cost": 0.0,
                      "Total Cost": 42318.73,
                      "Plan Rows": 632073,
                      "Plan Width": 4,
                      "Actual Startup Time": 0.011,
                      "Actual Total Time": 71.206,
                      "Actual Rows": 505662,
                      "Actual Loops": 5
                    },
                    {
                      "Node Type": "Hash",
                      "Parent Relationship": "Inner",
                      "Parallel Aware": true,
                      "Startup Cost": 31414.82,
                      "Total Cost": 31414.82,
                      "Plan Rows": 102871,
                      "Plan Width": 4,
                      "Actual Startup Time": 131.687,
                      "Actual Total Time": 131.688,
                      "Actual Rows": 124770,
                      "Actual Loops": 5,
                      "Hash Buckets": 1048576,
                      "Original Hash Buckets": 524288,
                      "Hash Batches": 1,
                      "Original Hash Batches": 1,
                      "Peak Memory Usage": 36800,
                      "Plans": [
                        {
                          "Node Type": "Seq Scan",
                          "Parent Relationship": "Outer",
                          "Parallel Aware": true,
                          "Relation Name": "movie_companies",
                          "Alias": "mc",
                          "Startup Cost": 0.0,
                          "Total Cost": 31414.82,
                          "Plan Rows": 102871,
                          "Plan Width": 4,
                          "Actual Startup Time": 43.256,
                          "Actual Total Time": 77.888,
                          "Actual Rows": 124770,
                          "Actual Loops": 5,
                          "Filter": "((company_id > 57066) AND (company_type_id = 2))",
                          "Rows Removed by Filter": 397055
                        }
                      ]
                    }
                  ]
                }
              ]
            }
          ]
        }
      ]
    },
    "Planning Time": 0.645,
    "Triggers": [],
    "Execution Time": 379.848
  }
]