{
  "Plan": {
    "Node Type": "Aggregate",
    "Strategy": "Plain",
    "Partial Mode": "Finalize",
    "Parallel Aware": false,
    "Startup Cost": 101882.49,
    "Total Cost": 101882.5,
    "Plan Rows": 1,
    "Plan Width": 8,
    "Actual Startup Time": 380.987,
    "Actual Total Time": 397.527,
    "Actual Rows": 1,
    "Actual Loops": 1,
    "Plans": [
      {
        "Node Type": "Gather",
        "Parent Relationship": "Outer",
        "Parallel Aware": false,
        "Startup Cost": 101882.37,
        "Total Cost": 101882.48,
        "Plan Rows": 1,
        "Plan Width": 8,
        "Actual Startup Time": 380.001,
        "Actual Total Time": 397.519,
        "Actual Rows": 2,
        "Actual Loops": 1,
        "Workers Planned": 1,
        "Workers Launched": 1,
        "Single Copy": false,
        "Plans": [
          {
            "Node Type": "Aggregate",
            "Strategy": "Plain",
            "Partial Mode": "Partial",
            "Parent Relationship": "Outer",
            "Parallel Aware": false,
            "Startup Cost": 100882.37,
            "Total Cost": 100882.38,
            "Plan Rows": 1,
            "Plan Width": 8,
            "Actual Startup Time": 373.757,
            "Actual Total Time": 373.913,
            "Actual Rows": 1,
            "Actual Loops": 2,
            "Plans": [
              {
                "Node Type": "Hash Join",
                "Parent Relationship": "Outer",
                "Parallel Aware": true,
                "Join Type": "Inner",
                "Startup Cost": 79713.74,
                "Total Cost": 100876.21,
                "Plan Rows": 2465,
                "Plan Width": 0,
                "Actual Startup Time": 334.311,
                "Actual Total Time": 373.438,
                "Actual Rows": 8810,
                "Actual Loops": 2,
                "Inner Unique": false,
                "Hash Cond": "(mc.movie_id = t.id)",
                "Plans": [
                  {
                    "Node Type": "Bitmap Heap Scan",
                    "Parent Relationship": "Outer",
                    "Parallel Aware": true,
                    "Relation Name": "movie_companies",
                    "Alias": "mc",
                    "Startup Cost": 5109.05,
                    "Total Cost": 25991.43,
                    "Plan Rows": 70825,
                    "Plan Width": 4,
                    "Actual Startup Time": 11.211,
                    "Actual Total Time": 36.177,
                    "Actual Rows": 117544,
                    "Actual Loops": 2,
                    "Recheck Cond": "(company_id > 104133)",
                    "Rows Removed by Index Recheck": 0,
                    "Filter": "(company_type_id > 1)",
                    "Rows Removed by Filter": 0,
                    "Exact Heap Blocks": 2983,
                    "Lossy Heap Blocks": 0,
                    "Plans": [
                      {
                        "Node Type": "Bitmap Index Scan",
                        "Parent Relationship": "Outer",
                        "Parallel Aware": false,
                        "Index Name": "company_id_movie_companies",
                        "Startup Cost": 0.0,
                        "Total Cost": 5078.95,
                        "Plan Rows": 237136,
                        "Plan Width": 0,
                        "Actual Startup Time": 10.518,
                        "Actual Total Time": 10.519,
                        "Actual Rows": 235088,
                        "Actual Loops": 1,
                        "Index Cond": "(company_id > 104133)"
                      }
                    ]
                  },
                  {
                    "Node Type": "Hash",
                    "Parent Relationship": "Inner",
                    "Parallel Aware": true,
                    "Startup Cost": 73957.63,
                    "Total Cost": 73957.63,
                    "Plan Rows": 51765,
                    "Plan Width": 8,
                    "Actual Startup Time": 320.676,
                    "Actual Total Time": 320.83,
                    "Actual Rows": 31028,
                    "Actual Loops": 2,
                    "Hash Buckets": 131072,
                    "Original Hash Buckets": 131072,
                    "Hash Batches": 1,
                    "Original Hash Batches": 1,
                    "Peak Memory Usage": 3488,
                    "Plans": [
                      {
                        "Node Type": "Hash Join",
                        "Parent Relationship": "Outer",
                        "Parallel Aware": true,
                        "Join Type": "Inner",
                        "Startup Cost": 55773.84,
                        "Total Cost": 73957.63,
                        "Plan Rows": 51765,
                        "Plan Width": 8,
                        "Actual Startup Time": 179.598,
                        "Actual Total Time": 313.776,
                        "Actual Rows": 31028,
                        "Actual Loops": 2,
                        "Inner Unique": true,
                        "Hash Cond": "(mi_idx.movie_id = t.id)",
                        "Plans": [
                          {
                            "Node Type": "Seq Scan",
                            "Parent Relationship": "Outer",
                            "Parallel Aware": true,
                            "Relation Name": "movie_info_idx",
                            "Alias": "mi_idx",
                            "Startup Cost": 0.0,
                            "Total Cost": 16052.85,
                            "Plan Rows": 811785,
                            "Plan Width": 4,
                            "Actual Startup Time": 0.021,
                            "Actual Total Time": 56.238,
                            "Actual Rows": 690018,
                            "Actual Loops": 2
                          },
                          {
                            "Node Type": "Hash",
                            "Parent Relationship": "Inner",
                            "Parallel Aware": true,
                            "Startup Cost": 54588.39,
                            "Total Cost": 54588.39,
                            "Plan Rows": 94836,
                            "Plan Width": 4,
                            "Actual Startup Time": 177.002,
                            "Actual Total Time": 177.002,
                            "Actual Rows": 80008,
                            "Actual Loops": 2,
                            "Hash Buckets": 262144,
                            "Original Hash Buckets": 262144,
                            "Hash Batches": 1,
                            "Original Hash Batches": 1,
                            "Peak Memory Usage": 8352,
                            "Plans": [
                              {
                                "Node Type": "Seq Scan",
                                "Parent Relationship": "Outer",
                                "Parallel Aware": true,
                                "Relation Name": "title",
                                "Alias": "t",
                                "Startup Cost": 0.0,
                                "Total Cost": 54588.39,
                                "Plan Rows": 94836,
                                "Plan Width": 4,
                                "Actual Startup Time": 0.036,
                                "Actual Total Time": 152.745,
                                "Actual Rows": 80008,
                                "Actual Loops": 2,
                                "Filter": "(production_year = 2011)",
                                "Rows Removed by Filter": 1184148
                              }
                            ]
                          }
                        ]
                      }
                    ]
                  }
                ]
              }
            ]
          }
        ]
      }
    ]
  },
  "Planning Time": 0.889,
  "Triggers": [],
  "Execution Time": 397.629
}