[
  {
    "Plan": {
      "Node Type": "Aggregate",
      "Strategy": "Plain",
      "Partial Mode": "Finalize",
      "Parallel Aware": false,
      "Startup Cost": 36490.29,
      "Total Cost": 36490.3,
      "Plan Rows": 1,
      "Plan Width": 8,
      "Actual Startup Time": 240.685,
      "Actual Total Time": 294.35,
      "Actual Rows": 1,
      "Actual Loops": 1,
      "Plans": [
        {
          "Node Type": "Gather",
          "Parent Relationship": "Outer",
          "Parallel Aware": false,
          "Startup Cost": 36490.07,
          "Total Cost": 36490.28,
          "Plan Rows": 2,
          "Plan Width": 8,
          "Actual Startup Time": 240.248,
          "Actual Total Time": 294.339,
          "Actual Rows": 3,
          "Actual Loops": 1,
          "Workers Planned": 2,
          "Workers Launched": 2,
          "Single Copy": false,
          "Plans": [
            {
              "Node Type": "Aggregate",
              "Strategy": "Plain",
              "Partial Mode": "Partial",
              "Parent Relationship": "Outer",
              "Parallel Aware": false,
              "Startup Cost": 35490.07,
              "Total Cost": 35490.08,
              "Plan Rows": 1,
              "Plan Width": 8,
              "Actual Startup Time": 234.989,
              "Actual Total Time": 234.991,
              "Actual Rows": 1,
              "Actual Loops": 3,
              "Plans": [
                {
                  "Node Type": "Nested Loop",
                  "Parent Relationship": "Outer",
                  "Parallel Aware": false,
                  "Join Type": "Inner",
                  "Startup Cost": 125.84,
                  "Total Cost": 35489.17,
                  "Plan Rows": 360,
                  "Plan Width": 0,
                  "Actual Startup Time": 1.858,
                  "Actual Total Time": 234.85,
                  "Actual Rows": 1023,
                  "Actual Loops": 3,
                  "Inner Unique": false,
                  "Plans": [
                    {
                      "Node Type": "Nested Loop",
                      "Parent Relationship": "Outer",
                      "Parallel Aware": false,
                      "Join Type": "Inner",
                      "Startup Cost": 125.27,
                      "Total Cost": 30789.43,
                      "Plan Rows": 2388,
                      "Plan Width": 8,
                      "Actual Startup Time": 1.137,
                      "Actual Total Time": 24.733,
                      "Actual Rows": 1957,
                      "Actual Loops": 3,
                      "Inner Unique": true,
                      "Plans": [
                        {
                          "Node Type": "Bitmap Heap Scan",
                          "Parent Relationship": "Outer",
                          "Parallel Aware": true,
                          "Relation Name": "movie_keyword",
                          "Alias": "mk",
                          "Startup Cost": 124.84,
                          "Total Cost": 13625.77,
                          "Plan Rows": 2388,
                          "Plan Width": 4,
                          "Actual Startup Time": 1.001,
                          "Actual Total Time": 7.472,
                          "Actual Rows": 1957,
                          "Actual Loops": 3,
                          "Recheck Cond": "(keyword_id = 2860)",
                          "Rows Removed by Index Recheck": 0,
                          "Exact Heap Blocks": 2601,
                          "Lossy Heap Blocks": 0,
                          "Plans": [
                            {
                              "Node Type": "Bitmap Index Scan",
                              "Parent Relationship": "Outer",
                              "Parallel Aware": false,
                              "Index Name": "keyword_id_movie_keyword",
                              "Startup Cost": 0.0,
                              "Total Cost": 123.41,
                              "Plan Rows": 5730,
                              "Plan Width": 0,
                              "Actual Startup Time": 2.056,
                              "Actual Total Time": 2.057,
                              "Actual Rows": 5871,
                              "Actual Loops": 1,
                              "Index Cond": "(keyword_id = 2860)"
                            }
                          ]
                        },
                        {
                          "Node Type": "Index Only Scan",
                          "Parent Relationship": "Inner",
                          "Parallel Aware": false,
                          "Scan Direction": "Forward",
                          "Index Name": "title_pkey",
                          "Relation Name": "title",
                          "Alias": "t",
                          "Startup Cost": 0.43,
                          "Total Cost": 7.19,
                          "Plan Rows": 1,
                          "Plan Width": 4,
                          "Actual Startup Time": 0.008,
                          "Actual Total Time": 0.008,
                          "Actual Rows": 1,
                          "Actual Loops": 5871,
                          "Index Cond": "(id = mk.movie_id)",
                          "Rows Removed by Index Recheck": 0,
                          "Heap Fetches": 5871
                        }
                      ]
                    },
                    {
                      "Node Type": "Index Scan",
                      "Parent Relationship": "Inner",
                      "Parallel Aware": false,
                      "Scan Direction": "Forward",
                      "Index Name": "movie_id_cast_info",
                      "Relation Name": "cast_info",
                      "Alias": "ci",
                      "Startup Cost": 0.56,
                      "Total Cost": 1.96,
                      "Plan Rows": 1,
                      "Plan Width": 4,
                      "Actual Startup Time": 0.062,
                      "Actual Total Time": 0.107,
                      "Actual Rows": 1,
                      "Actual Loops": 5871,
                      "Index Cond": "(movie_id = t.id)",
                      "Rows Removed by Index Recheck": 0,
                      "Filter": "((person_id < 56034) AND (role_id < 7))",
                      "Rows Removed by Filter": 46
                    }
                  ]
                }
              ]
            }
          ]
        }
      ]
    },
    "Planning Time": 0.696,
    "Triggers": [],
    "Execution Time": 294.425
  }
]