{
  "Plan": {
    "Node Type": "Aggregate",
    "Strategy": "Plain",
    "Partial Mode": "Finalize",
    "Parallel Aware": false,
    "Startup Cost": 101158.48,
    "Total Cost": 101158.49,
    "Plan Rows": 1,
    "Plan Width": 8,
    "Actual Startup Time": 331.113,
    "Actual Total Time": 355.276,
    "Actual Rows": 1,
    "Actual Loops": 1,
    "Plans": [
      {
        "Node Type": "Gather",
        "Parent Relationship": "Outer",
        "Parallel Aware": false,
        "Startup Cost": 101158.36,
        "Total Cost": 101158.47,
        "Plan Rows": 1,
        "Plan Width": 8,
        "Actual Startup Time": 330.788,
        "Actual Total Time": 355.266,
        "Actual Rows": 2,
        "Actual Loops": 1,
        "Workers Planned": 1,
        "Workers Launched": 1,
        "Single Copy": false,
        "Plans": [
          {
            "Node Type": "Aggregate",
            "Strategy": "Plain",
            "Partial Mode": "Partial",
            "Parent Relationship": "Outer",
            "Parallel Aware": false,
            "Startup Cost": 100158.36,
            "Total Cost": 100158.37,
            "Plan Rows": 1,
            "Plan Width": 8,
            "Actual Startup Time": 325.804,
            "Actual Total Time": 325.808,
            "Actual Rows": 1,
            "Actual Loops": 2,
            "Plans": [
              {
                "Node Type": "Nested Loop",
                "Parent Relationship": "Outer",
                "Parallel Aware": false,
                "Join Type": "Inner",
                "Startup Cost": 67759.76,
                "Total Cost": 100149.99,
                "Plan Rows": 3349,
                "Plan Width": 0,
                "Actual Startup Time": 188.536,
                "Actual Total Time": 324.587,
                "Actual Rows": 25881,
                "Actual Loops": 2,
                "Inner Unique": false,
                "Join Filter": "(t.id = mc.movie_id)",
                "Rows Removed by Join Filter": 0,
                "Plans": [
                  {
                    "Node Type": "Hash Join",
                    "Parent Relationship": "Outer",
                    "Parallel Aware": true,
                    "Join Type": "Inner",
                    "Startup Cost": 67759.33,
                    "Total Cost": 97667.73,
                    "Plan Rows": 3246,
                    "Plan Width": 8,
                    "Actual Startup Time": 188.473,
                    "Actual Total Time": 302.358,
                    "Actual Rows": 3544,
                    "Actual Loops": 2,
                    "Inner Unique": true,
                    "Hash Cond": "(mk.movie_id = t.id)",
                    "Plans": [
                      {
                        "Node Type": "Bitmap Heap Scan",
                        "Parent Relationship": "Outer",
                        "Parallel Aware": true,
                        "Relation Name": "movie_keyword",
                        "Alias": "mk",
                        "Startup Cost": 13003.62,
                        "Total Cost": 41965.4,
                        "Plan Rows": 360622,
                        "Plan Width": 4,
                        "Actual Startup Time": 41.303,
                        "Actual Total Time": 125.833,
                        "Actual Rows": 301288,
                        "Actual Loops": 2,
                        "Recheck Cond": "(keyword_id > 30579)",
                        "Rows Removed by Index Recheck": 0,
                        "Exact Heap Blocks": 12693,
                        "Lossy Heap Blocks": 0,
                        "Plans": [
                          {
                            "Node Type": "Bitmap Index Scan",
                            "Parent Relationship": "Outer",
                            "Parallel Aware": false,
                            "Index Name": "keyword_id_movie_keyword",
                            "Startup Cost": 0.0,
                            "Total Cost": 12850.36,
                            "Plan Rows": 613057,
                            "Plan Width": 0,
                            "Actual Startup Time": 37.814,
                            "Actual Total Time": 37.815,
                            "Actual Rows": 602577,
                            "Actual Loops": 1,
                            "Index Cond": "(keyword_id > 30579)"
                          }
                        ]
                      },
                      {
                        "Node Type": "Hash",
                        "Parent Relationship": "Inner",
                        "Parallel Aware": true,
                        "Startup Cost": 54588.39,
                        "Total Cost": 54588.39,
                        "Plan Rows": 13385,
                        "Plan Width": 4,
                        "Actual Startup Time": 145.431,
                        "Actual Total Time": 145.432,
                        "Actual Rows": 11520,
                        "Actual Loops": 2,
                        "Hash Buckets": 32768,
                        "Original Hash Buckets": 32768,
                        "Hash Batches": 1,
                        "Original Hash Batches": 1,
                        "Peak Memory Usage": 1216,
                        "Plans": [
                          {
                            "Node Type": "Seq Scan",
                            "Parent Relationship": "Outer",
                            "Parallel Aware": true,
                            "Relation Name": "title",
                            "Alias": "t",
                            "Startup Cost": 0.0,
                            "Total Cost": 54588.39,
                            "Plan Rows": 13385,
                            "Plan Width": 4,
                            "Actual Startup Time": 0.092,
                            "Actual Total Time": 140.66,
                            "Actual Rows": 11520,
                            "Actual Loops": 2,
                            "Filter": "(production_year = 1990)",
                            "Rows Removed by Filter": 1252636
                          }
                        ]
                      }
                    ]
                  },
                  {
                    "Node Type": "Index Only Scan",
                    "Parent Relationship": "Inner",
                    "Parallel Aware": false,
                    "Scan Direction": "Forward",
                    "Index Name": "movie_id_movie_companies",
                    "Relation Name": "movie_companies",
                    "Alias": "mc",
                    "Startup Cost": 0.43,
                    "Total Cost": 0.7,
                    "Plan Rows": 5,
                    "Plan Width": 4,
                    "Actual Startup Time": 0.004,
                    "Actual Total Time": 0.005,
                    "Actual Rows": 7,
                    "Actual Loops": 7087,
                    "Index Cond": "(movie_id = mk.movie_id)",
                    "Rows Removed by Index Recheck": 0,
                    "Heap Fetches": 51762
                  }
                ]
              }
            ]
          }
        ]
      }
    ]
  },
  "Planning Time": 0.999,
  "Triggers": [],
  "Execution Time": 355.408
}