[
  {
    "Plan": {
      "Node Type": "Aggregate",
      "Strategy": "Plain",
      "Partial Mode": "Finalize",
      "Parallel Aware": false,
      "Startup Cost": 101008.97,
      "Total Cost": 101008.98,
      "Plan Rows": 1,
      "Plan Width": 8,
      "Actual Startup Time": 686.618,
      "Actual Total Time": 704.858,
      "Actual Rows": 1,
      "Actual Loops": 1,
      "Plans": [
        {
          "Node Type": "Gather",
          "Parent Relationship": "Outer",
          "Parallel Aware": false,
          "Startup Cost": 101008.65,
          "Total Cost": 101008.96,
          "Plan Rows": 3,
          "Plan Width": 8,
          "Actual Startup Time": 673.562,
          "Actual Total Time": 704.847,
          "Actual Rows": 4,
          "Actual Loops": 1,
          "Workers Planned": 3,
          "Workers Launched": 3,
          "Single Copy": false,
          "Plans": [
            {
              "Node Type": "Aggregate",
              "Strategy": "Plain",
              "Partial Mode": "Partial",
              "Parent Relationship": "Outer",
              "Parallel Aware": false,
              "Startup Cost": 100008.65,
              "Total Cost": 100008.66,
              "Plan Rows": 1,
              "Plan Width": 8,
              "Actual Startup Time": 660.624,
              "Actual Total Time": 660.627,
              "Actual Rows": 1,
              "Actual Loops": 4,
              "Plans": [
                {
                  "Node Type": "Hash Join",
                  "Parent Relationship": "Outer",
                  "Parallel Aware": true,
                  "Join Type": "Inner",
                  "Startup Cost": 50652.22,
                  "Total Cost": 97019.84,
                  "Plan Rows": 1195524,
                  "Plan Width": 0,
                  "Actual Startup Time": 339.122,
                  "Actual Total Time": 621.593,
                  "Actual Rows": 880798,
                  "Actual Loops": 4,
                  "Inner Unique": true,
                  "Hash Cond": "(mk.movie_id = t.id)",
                  "Plans": [
                    {
                      "Node Type": "Seq Scan",
                      "Parent Relationship": "Outer",
                      "Parallel Aware": true,
                      "Relation Name": "movie_keyword",
                      "Alias": "mk",
                      "Startup Cost": 0.0,
                      "Total Cost": 42695.65,
                      "Plan Rows": 1398839,
                      "Plan Width": 4,
                      "Actual Startup Time": 0.031,
                      "Actual Total Time": 117.826,
                      "Actual Rows": 1083800,
                      "Actual Loops": 4,
                      "Filter": "(keyword_id > 135)",
                      "Rows Removed by Filter": 47182
                    },
                    {
                      "Node Type": "Hash",
                      "Parent Relationship": "Inner",
                      "Parallel Aware": true,
                      "Startup Cost": 43899.32,
                      "Total Cost": 43899.32,
                      "Plan Rows": 540232,
                      "Plan Width": 4,
                      "Actual Startup Time": 330.084,
                      "Actual Total Time": 330.086,
                      "Actual Rows": 536671,
                      "Actual Loops": 4,
                      "Hash Buckets": 4194304,
                      "Original Hash Buckets": 4194304,
                      "Hash Batches": 1,
                      "Original Hash Batches": 1,
                      "Peak Memory Usage": 116800,
                      "Plans": [
                        {
                          "Node Type": "Seq Scan",
                          "Parent Relationship": "Outer",
                          "Parallel Aware": true,
                          "Relation Name": "title",
                          "Alias": "t",
                          "Startup Cost": 0.0,
                          "Total Cost": 43899.32,
                          "Plan Rows": 540232,
                          "Plan Width": 4,
                          "Actual Startup Time": 0.047,
                          "Actual Total Time": 119.136,
                          "Actual Rows": 536671,
                          "Actual Loops": 4,
                          "Filter": "(production_year > 1965)",
                          "Rows Removed by Filter": 95407
                        }
                      ]
                    }
                  ]
                }
              ]
            }
          ]
        }
      ]
    },
    "Planning Time": 0.498,
    "Triggers": [],
    "Execution Time": 704.905
  }
]