[
  {
    "Plan": {
      "Node Type": "Aggregate",
      "Strategy": "Plain",
      "Partial Mode": "Finalize",
      "Parallel Aware": false,
      "Startup Cost": 129987.03,
      "Total Cost": 129987.04,
      "Plan Rows": 1,
      "Plan Width": 8,
      "Actual Startup Time": 239.931,
      "Actual Total Time": 251.689,
      "Actual Rows": 1,
      "Actual Loops": 1,
      "Plans": [
        {
          "Node Type": "Gather",
          "Parent Relationship": "Outer",
          "Parallel Aware": false,
          "Startup Cost": 129986.51,
          "Total Cost": 129987.01,
          "Plan Rows": 5,
          "Plan Width": 8,
          "Actual Startup Time": 239.766,
          "Actual Total Time": 251.677,
          "Actual Rows": 6,
          "Actual Loops": 1,
          "Workers Planned": 5,
          "Workers Launched": 5,
          "Single Copy": false,
          "Plans": [
            {
              "Node Type": "Aggregate",
              "Strategy": "Plain",
              "Partial Mode": "Partial",
              "Parent Relationship": "Outer",
              "Parallel Aware": false,
              "Startup Cost": 128986.51,
              "Total Cost": 128986.51,
              "Plan Rows": 1,
              "Plan Width": 8,
              "Actual Startup Time": 229.133,
              "Actual Total Time": 229.134,
              "Actual Rows": 1,
              "Actual Loops": 6,
              "Plans": [
                {
                  "Node Type": "Index Scan",
                  "Parent Relationship": "Outer",
                  "Parallel Aware": true,
                  "Scan Direction": "Forward",
                  "Index Name": "role_id_cast_info",
                  "Relation Name": "cast_info",
                  "Alias": "ci",
                  "Startup Cost": 0.56,
                  "Total Cost": 127762.24,
                  "Plan Rows": 489708,
                  "Plan Width": 0,
                  "Actual Startup Time": 0.22,
                  "Actual Total Time": 191.82,
                  "Actual Rows": 649204,
                  "Actual Loops": 6,
                  "Index Cond": "(role_id > 9)",
                  "Rows Removed by Index Recheck": 0,
                  "Filter": "(person_id > 1714973)",
                  "Rows Removed by Filter": 123985
                }
              ]
            }
          ]
        }
      ]
    },
    "Planning Time": 0.252,
    "Triggers": [],
    "Execution Time": 251.795
  }
]