[
  {
    "Plan": {
      "Node Type": "Aggregate",
      "Strategy": "Plain",
      "Partial Mode": "Finalize",
      "Parallel Aware": false,
      "Startup Cost": 120834.32,
      "Total Cost": 120834.33,
      "Plan Rows": 1,
      "Plan Width": 8,
      "Actual Startup Time": 313.594,
      "Actual Total Time": 328.952,
      "Actual Rows": 1,
      "Actual Loops": 1,
      "Plans": [
        {
          "Node Type": "Gather",
          "Parent Relationship": "Outer",
          "Parallel Aware": false,
          "Startup Cost": 120833.79,
          "Total Cost": 120834.3,
          "Plan Rows": 5,
          "Plan Width": 8,
          "Actual Startup Time": 313.246,
          "Actual Total Time": 328.937,
          "Actual Rows": 6,
          "Actual Loops": 1,
          "Workers Planned": 5,
          "Workers Launched": 5,
          "Single Copy": false,
          "Plans": [
            {
              "Node Type": "Aggregate",
              "Strategy": "Plain",
              "Partial Mode": "Partial",
              "Parent Relationship": "Outer",
              "Parallel Aware": false,
              "Startup Cost": 119833.79,
              "Total Cost": 119833.8,
              "Plan Rows": 1,
              "Plan Width": 8,
              "Actual Startup Time": 301.99,
              "Actual Total Time": 301.992,
              "Actual Rows": 1,
              "Actual Loops": 6,
              "Plans": [
                {
                  "Node Type": "Index Scan",
                  "Parent Relationship": "Outer",
                  "Parallel Aware": true,
                  "Scan Direction": "Forward",
                  "Index Name": "role_id_cast_info",
                  "Relation Name": "cast_info",
                  "Alias": "ci",
                  "Startup Cost": 0.56,
                  "Total Cost": 118067.1,
                  "Plan Rows": 706676,
                  "Plan Width": 0,
                  "Actual Startup Time": 0.14,
                  "Actual Total Time": 253.411,
                  "Actual Rows": 676285,
                  "Actual Loops": 6,
                  "Index Cond": "(role_id = 10)",
                  "Rows Removed by Index Recheck": 0,
                  "Filter": "(person_id > 654357)",
                  "Rows Removed by Filter": 44218
                }
              ]
            }
          ]
        }
      ]
    },
    "Planning Time": 0.253,
    "Triggers": [],
    "Execution Time": 329.025
  }
]