{
  "Plan": {
    "Node Type": "Aggregate",
    "Strategy": "Plain",
    "Partial Mode": "Finalize",
    "Parallel Aware": false,
    "Startup Cost": 258075.86,
    "Total Cost": 258075.87,
    "Plan Rows": 1,
    "Plan Width": 8,
    "Actual Startup Time": 618.885,
    "Actual Total Time": 634.166,
    "Actual Rows": 1,
    "Actual Loops": 1,
    "Plans": [
      {
        "Node Type": "Gather",
        "Parent Relationship": "Outer",
        "Parallel Aware": false,
        "Startup Cost": 258075.75,
        "Total Cost": 258075.86,
        "Plan Rows": 1,
        "Plan Width": 8,
        "Actual Startup Time": 617.36,
        "Actual Total Time": 634.159,
        "Actual Rows": 2,
        "Actual Loops": 1,
        "Workers Planned": 1,
        "Workers Launched": 1,
        "Single Copy": false,
        "Plans": [
          {
            "Node Type": "Aggregate",
            "Strategy": "Plain",
            "Partial Mode": "Partial",
            "Parent Relationship": "Outer",
            "Parallel Aware": false,
            "Startup Cost": 257075.75,
            "Total Cost": 257075.76,
            "Plan Rows": 1,
            "Plan Width": 8,
            "Actual Startup Time": 611.23,
            "Actual Total Time": 611.234,
            "Actual Rows": 1,
            "Actual Loops": 2,
            "Plans": [
              {
                "Node Type": "Hash Join",
                "Parent Relationship": "Outer",
                "Parallel Aware": true,
                "Join Type": "Inner",
                "Startup Cost": 84816.98,
                "Total Cost": 256490.68,
                "Plan Rows": 234029,
                "Plan Width": 0,
                "Actual Startup Time": 339.133,
                "Actual Total Time": 592.298,
                "Actual Rows": 431312,
                "Actual Loops": 2,
                "Inner Unique": true,
                "Hash Cond": "(mi.movie_id = t.id)",
                "Plans": [
                  {
                    "Node Type": "Bitmap Heap Scan",
                    "Parent Relationship": "Outer",
                    "Parallel Aware": true,
                    "Relation Name": "movie_info",
                    "Alias": "mi",
                    "Startup Cost": 19713.04,
                    "Total Cost": 189706.61,
                    "Plan Rows": 640046,
                    "Plan Width": 4,
                    "Actual Startup Time": 40.976,
                    "Actual Total Time": 140.108,
                    "Actual Rows": 516630,
                    "Actual Loops": 2,
                    "Recheck Cond": "(info_type_id > 81)",
                    "Rows Removed by Index Recheck": 0,
                    "Exact Heap Blocks": 18751,
                    "Lossy Heap Blocks": 0,
                    "Plans": [
                      {
                        "Node Type": "Bitmap Index Scan",
                        "Parent Relationship": "Outer",
                        "Parallel Aware": false,
                        "Index Name": "info_type_id_movie_info",
                        "Startup Cost": 0.0,
                        "Total Cost": 19441.02,
                        "Plan Rows": 1088078,
                        "Plan Width": 0,
                        "Actual Startup Time": 35.385,
                        "Actual Total Time": 35.385,
                        "Actual Rows": 1033261,
                        "Actual Loops": 1,
                        "Index Cond": "(info_type_id > 81)"
                      }
                    ]
                  },
                  {
                    "Node Type": "Hash",
                    "Parent Relationship": "Inner",
                    "Parallel Aware": true,
                    "Startup Cost": 58306.47,
                    "Total Cost": 58306.47,
                    "Plan Rows": 543798,
                    "Plan Width": 4,
                    "Actual Startup Time": 289.009,
                    "Actual Total Time": 289.011,
                    "Actual Rows": 438294,
                    "Actual Loops": 2,
                    "Hash Buckets": 1048576,
                    "Original Hash Buckets": 1048576,
                    "Hash Batches": 1,
                    "Original Hash Batches": 1,
                    "Peak Memory Usage": 42528,
                    "Plans": [
                      {
                        "Node Type": "Seq Scan",
                        "Parent Relationship": "Outer",
                        "Parallel Aware": true,
                        "Relation Name": "title",
                        "Alias": "t",
                        "Startup Cost": 0.0,
                        "Total Cost": 58306.47,
                        "Plan Rows": 543798,
                        "Plan Width": 4,
                        "Actual Startup Time": 0.037,
                        "Actual Total Time": 160.872,
                        "Actual Rows": 438294,
                        "Actual Loops": 2,
                        "Filter": "((kind_id < 7) AND (production_year > 1924))",
                        "Rows Removed by Filter": 825862
                      }
                    ]
                  }
                ]
              }
            ]
          }
        ]
      }
    ]
  },
  "Planning Time": 0.607,
  "Triggers": [],
  "Execution Time": 634.255
}