{
  "Plan": {
    "Node Type": "Aggregate",
    "Strategy": "Plain",
    "Partial Mode": "Finalize",
    "Parallel Aware": false,
    "Startup Cost": 313721.64,
    "Total Cost": 313721.65,
    "Plan Rows": 1,
    "Plan Width": 8,
    "Actual Startup Time": 1775.446,
    "Actual Total Time": 1775.511,
    "Actual Rows": 1,
    "Actual Loops": 1,
    "Plans": [
      {
        "Node Type": "Gather",
        "Parent Relationship": "Outer",
        "Parallel Aware": false,
        "Startup Cost": 313721.53,
        "Total Cost": 313721.64,
        "Plan Rows": 1,
        "Plan Width": 8,
        "Actual Startup Time": 1775.437,
        "Actual Total Time": 1775.506,
        "Actual Rows": 2,
        "Actual Loops": 1,
        "Workers Planned": 1,
        "Workers Launched": 1,
        "Single Copy": false,
        "Plans": [
          {
            "Node Type": "Aggregate",
            "Strategy": "Plain",
            "Partial Mode": "Partial",
            "Parent Relationship": "Outer",
            "Parallel Aware": false,
            "Startup Cost": 312721.53,
            "Total Cost": 312721.54,
            "Plan Rows": 1,
            "Plan Width": 8,
            "Actual Startup Time": 1747.494,
            "Actual Total Time": 1747.499,
            "Actual Rows": 1,
            "Actual Loops": 2,
            "Plans": [
              {
                "Node Type": "Merge Join",
                "Parent Relationship": "Outer",
                "Parallel Aware": false,
                "Join Type": "Inner",
                "Startup Cost": 304526.52,
                "Total Cost": 312334.05,
                "Plan Rows": 154989,
                "Plan Width": 0,
                "Actual Startup Time": 1479.741,
                "Actual Total Time": 1704.928,
                "Actual Rows": 1107092,
                "Actual Loops": 2,
                "Inner Unique": false,
                "Merge Cond": "(mc.movie_id = t.id)",
                "Plans": [
                  {
                    "Node Type": "Sort",
                    "Parent Relationship": "Outer",
                    "Parallel Aware": false,
                    "Startup Cost": 99390.35,
                    "Total Cost": 100982.99,
                    "Plan Rows": 637056,
                    "Plan Width": 4,
                    "Actual Startup Time": 231.651,
                    "Actual Total Time": 251.259,
                    "Actual Rows": 541988,
                    "Actual Loops": 2,
                    "Sort Key": [
                      "mc.movie_id"
                    ],
                    "Sort Method": "quicksort",
                    "Sort Space Used": 53676,
                    "Sort Space Type": "Memory",
                    "Workers": [
                      {
                        "Worker Number": 0,
                        "Sort Method": "quicksort",
                        "Sort Space Used": 34000,
                        "Sort Space Type": "Memory"
                      }
                    ],
                    "Plans": [
                      {
                        "Node Type": "Seq Scan",
                        "Parent Relationship": "Outer",
                        "Parallel Aware": true,
                        "Relation Name": "movie_companies",
                        "Alias": "mc",
                        "Startup Cost": 0.0,
                        "Total Cost": 37974.77,
                        "Plan Rows": 637056,
                        "Plan Width": 4,
                        "Actual Startup Time": 0.035,
                        "Actual Total Time": 122.483,
                        "Actual Rows": 541988,
                        "Actual Loops": 2,
                        "Filter": "(company_id < 6990)",
                        "Rows Removed by Filter": 762576
                      }
                    ]
                  },
                  {
                    "Node Type": "Sort",
                    "Parent Relationship": "Inner",
                    "Parallel Aware": false,
                    "Startup Cost": 205136.11,
                    "Total Cost": 206673.88,
                    "Plan Rows": 615107,
                    "Plan Width": 8,
                    "Actual Startup Time": 1248.076,
                    "Actual Total Time": 1302.207,
                    "Actual Rows": 1570102,
                    "Actual Loops": 2,
                    "Sort Key": [
                      "mk.movie_id"
                    ],
                    "Sort Method": "quicksort",
                    "Sort Space Used": 60096,
                    "Sort Space Type": "Memory",
                    "Workers": [
                      {
                        "Worker Number": 0,
                        "Sort Method": "quicksort",
                        "Sort Space Used": 60096,
                        "Sort Space Type": "Memory"
                      }
                    ],
                    "Plans": [
                      {
                        "Node Type": "Hash Join",
                        "Parent Relationship": "Outer",
                        "Parallel Aware": false,
                        "Join Type": "Inner",
                        "Startup Cost": 108412.76,
                        "Total Cost": 145992.1,
                        "Plan Rows": 615107,
                        "Plan Width": 8,
                        "Actual Startup Time": 735.666,
                        "Actual Total Time": 1090.809,
                        "Actual Rows": 757748,
                        "Actual Loops": 2,
                        "Inner Unique": true,
                        "Hash Cond": "(mk.movie_id = t.id)",
                        "Plans": [
                          {
                            "Node Type": "Bitmap Heap Scan",
                            "Parent Relationship": "Outer",
                            "Parallel Aware": false,
                            "Relation Name": "movie_keyword",
                            "Alias": "mk",
                            "Startup Cost": 18409.81,
                            "Total Cost": 53711.2,
                            "Plan Rows": 867791,
                            "Plan Width": 4,
                            "Actual Startup Time": 44.665,
                            "Actual Total Time": 174.899,
                            "Actual Rows": 878267,
                            "Actual Loops": 2,
                            "Recheck Cond": "(keyword_id < 832)",
                            "Rows Removed by Index Recheck": 0,
                            "Exact Heap Blocks": 24302,
                            "Lossy Heap Blocks": 0,
                            "Plans": [
                              {
                                "Node Type": "Bitmap Index Scan",
                                "Parent Relationship": "Outer",
                                "Parallel Aware": false,
                                "Index Name": "keyword_id_movie_keyword",
                                "Startup Cost": 0.0,
                                "Total Cost": 18192.86,
                                "Plan Rows": 867791,
                                "Plan Width": 0,
                                "Actual Startup Time": 41.658,
                                "Actual Total Time": 41.659,
                                "Actual Rows": 878267,
                                "Actual Loops": 2,
                                "Index Cond": "(keyword_id < 832)"
                              }
                            ]
                          },
                          {
                            "Node Type": "Hash",
                            "Parent Relationship": "Inner",
                            "Parallel Aware": false,
                            "Startup Cost": 67601.66,
                            "Total Cost": 67601.66,
                            "Plan Rows": 1792103,
                            "Plan Width": 4,
                            "Actual Startup Time": 683.678,
                            "Actual Total Time": 683.68,
                            "Actual Rows": 1794153,
                            "Actual Loops": 2,
                            "Hash Buckets": 2097152,
                            "Original Hash Buckets": 2097152,
                            "Hash Batches": 1,
                            "Original Hash Batches": 1,
                            "Peak Memory Usage": 79460,
                            "Plans": [
                              {
                                "Node Type": "Seq Scan",
                                "Parent Relationship": "Outer",
                                "Parallel Aware": false,
                                "Relation Name": "title",
                                "Alias": "t",
                                "Startup Cost": 0.0,
                                "Total Cost": 67601.66,
                                "Plan Rows": 1792103,
                                "Plan Width": 4,
                                "Actual Startup Time": 0.028,
                                "Actual Total Time": 288.403,
                                "Actual Rows": 1794153,
                                "Actual Loops": 2,
                                "Filter": "(production_year < 2009)",
                                "Rows Removed by Filter": 734159
                              }
                            ]
                          }
                        ]
                      }
                    ]
                  }
                ]
              }
            ]
          }
        ]
      }
    ]
  },
  "Planning Time": 0.882,
  "Triggers": [],
  "Execution Time": 1781.452
}