[
    {
        "Bao": {
            "Bao prediction": "NaN",
            "Bao recommended hint": "(no hint)"
        }
    },
    {
        "Plan": {
            "Node Type": "Aggregate",
            "Strategy": "Plain",
            "Partial Mode": "Finalize",
            "Parallel Aware": false,
            "Startup Cost": 345775.95,
            "Total Cost": 345775.96,
            "Plan Rows": 1,
            "Plan Width": 8,
            "Actual Startup Time": 583.96,
            "Actual Total Time": 611.615,
            "Actual Rows": 1,
            "Actual Loops": 1,
            "Output": [
                "count(*)"
            ],
            "Plans": [
                {
                    "Node Type": "Gather",
                    "Parent Relationship": "Outer",
                    "Parallel Aware": false,
                    "Startup Cost": 345775.33,
                    "Total Cost": 345775.94,
                    "Plan Rows": 6,
                    "Plan Width": 8,
                    "Actual Startup Time": 583.847,
                    "Actual Total Time": 611.604,
                    "Actual Rows": 7,
                    "Actual Loops": 1,
                    "Output": [
                        "(PARTIAL count(*))"
                    ],
                    "Workers Planned": 6,
                    "Workers Launched": 6,
                    "Single Copy": false,
                    "Plans": [
                        {
                            "Node Type": "Aggregate",
                            "Strategy": "Plain",
                            "Partial Mode": "Partial",
                            "Parent Relationship": "Outer",
                            "Parallel Aware": false,
                            "Startup Cost": 344775.33,
                            "Total Cost": 344775.34,
                            "Plan Rows": 1,
                            "Plan Width": 8,
                            "Actual Startup Time": 574.099,
                            "Actual Total Time": 574.1,
                            "Actual Rows": 1,
                            "Actual Loops": 7,
                            "Output": [
                                "PARTIAL count(*)"
                            ],
                            "Workers": [
                                {
                                    "Worker Number": 0,
                                    "Actual Startup Time": 571.839,
                                    "Actual Total Time": 571.841,
                                    "Actual Rows": 1,
                                    "Actual Loops": 1
                                },
                                {
                                    "Worker Number": 1,
                                    "Actual Startup Time": 572.203,
                                    "Actual Total Time": 572.204,
                                    "Actual Rows": 1,
                                    "Actual Loops": 1
                                },
                                {
                                    "Worker Number": 2,
                                    "Actual Startup Time": 572.362,
                                    "Actual Total Time": 572.364,
                                    "Actual Rows": 1,
                                    "Actual Loops": 1
                                },
                                {
                                    "Worker Number": 3,
                                    "Actual Startup Time": 572.552,
                                    "Actual Total Time": 572.552,
                                    "Actual Rows": 1,
                                    "Actual Loops": 1
                                },
                                {
                                    "Worker Number": 4,
                                    "Actual Startup Time": 572.955,
                                    "Actual Total Time": 572.957,
                                    "Actual Rows": 1,
                                    "Actual Loops": 1
                                },
                                {
                                    "Worker Number": 5,
                                    "Actual Startup Time": 573.282,
                                    "Actual Total Time": 573.283,
                                    "Actual Rows": 1,
                                    "Actual Loops": 1
                                }
                            ],
                            "Plans": [
                                {
                                    "Node Type": "Seq Scan",
                                    "Parent Relationship": "Outer",
                                    "Parallel Aware": true,
                                    "Relation Name": "cast_info",
                                    "Schema": "public",
                                    "Alias": "ci",
                                    "Startup Cost": 0.0,
                                    "Total Cost": 343318.94,
                                    "Plan Rows": 582555,
                                    "Plan Width": 0,
                                    "Actual Startup Time": 432.271,
                                    "Actual Total Time": 567.898,
                                    "Actual Rows": 133694,
                                    "Actual Loops": 7,
                                    "Output": [
                                        "id",
                                        "person_id",
                                        "movie_id",
                                        "person_role_id",
                                        "note",
                                        "nr_order",
                                        "role_id"
                                    ],
                                    "Filter": "((ci.person_id > 3301752) AND (ci.role_id < 9))",
                                    "Rows Removed by Filter": 5044070,
                                    "Workers": [
                                        {
                                            "Worker Number": 0,
                                            "Actual Startup Time": 430.015,
                                            "Actual Total Time": 565.573,
                                            "Actual Rows": 92483,
                                            "Actual Loops": 1
                                        },
                                        {
                                            "Worker Number": 1,
                                            "Actual Startup Time": 430.365,
                                            "Actual Total Time": 566.287,
                                            "Actual Rows": 142153,
                                            "Actual Loops": 1
                                        },
                                        {
                                            "Worker Number": 2,
                                            "Actual Startup Time": 430.547,
                                            "Actual Total Time": 566.128,
                                            "Actual Rows": 91328,
                                            "Actual Loops": 1
                                        },
                                        {
                                            "Worker Number": 3,
                                            "Actual Startup Time": 430.723,
                                            "Actual Total Time": 566.504,
                                            "Actual Rows": 144737,
                                            "Actual Loops": 1
                                        },
                                        {
                                            "Worker Number": 4,
                                            "Actual Startup Time": 431.124,
                                            "Actual Total Time": 566.856,
                                            "Actual Rows": 143994,
                                            "Actual Loops": 1
                                        },
                                        {
                                            "Worker Number": 5,
                                            "Actual Startup Time": 431.448,
                                            "Actual Total Time": 567.287,
                                            "Actual Rows": 141280,
                                            "Actual Loops": 1
                                        }
                                    ]
                                }
                            ]
                        }
                    ]
                }
            ]
        },
        "Planning Time": 177.827,
        "Triggers": [],
        "Execution Time": 611.672
    }
]