{
  "Plan": {
    "Node Type": "Aggregate",
    "Strategy": "Plain",
    "Partial Mode": "Finalize",
    "Parallel Aware": false,
    "Startup Cost": 130253.55,
    "Total Cost": 130253.56,
    "Plan Rows": 1,
    "Plan Width": 8,
    "Actual Startup Time": 721.089,
    "Actual Total Time": 738.289,
    "Actual Rows": 1,
    "Actual Loops": 1,
    "Plans": [
      {
        "Node Type": "Gather",
        "Parent Relationship": "Outer",
        "Parallel Aware": false,
        "Startup Cost": 130253.43,
        "Total Cost": 130253.54,
        "Plan Rows": 1,
        "Plan Width": 8,
        "Actual Startup Time": 719.367,
        "Actual Total Time": 738.281,
        "Actual Rows": 2,
        "Actual Loops": 1,
        "Workers Planned": 1,
        "Workers Launched": 1,
        "Single Copy": false,
        "Plans": [
          {
            "Node Type": "Aggregate",
            "Strategy": "Plain",
            "Partial Mode": "Partial",
            "Parent Relationship": "Outer",
            "Parallel Aware": false,
            "Startup Cost": 129253.43,
            "Total Cost": 129253.44,
            "Plan Rows": 1,
            "Plan Width": 8,
            "Actual Startup Time": 713.413,
            "Actual Total Time": 713.417,
            "Actual Rows": 1,
            "Actual Loops": 2,
            "Plans": [
              {
                "Node Type": "Hash Join",
                "Parent Relationship": "Outer",
                "Parallel Aware": true,
                "Join Type": "Inner",
                "Startup Cost": 64805.22,
                "Total Cost": 127572.46,
                "Plan Rows": 672389,
                "Plan Width": 0,
                "Actual Startup Time": 261.219,
                "Actual Total Time": 668.845,
                "Actual Rows": 1166905,
                "Actual Loops": 2,
                "Inner Unique": true,
                "Hash Cond": "(mk.movie_id = t.id)",
                "Plans": [
                  {
                    "Node Type": "Seq Scan",
                    "Parent Relationship": "Outer",
                    "Parallel Aware": true,
                    "Relation Name": "movie_keyword",
                    "Alias": "mk",
                    "Startup Cost": 0.0,
                    "Total Cost": 57718.19,
                    "Plan Rows": 1923444,
                    "Plan Width": 4,
                    "Actual Startup Time": 0.016,
                    "Actual Total Time": 191.849,
                    "Actual Rows": 1631252,
                    "Actual Loops": 2,
                    "Filter": "(keyword_id < 14209)",
                    "Rows Removed by Filter": 630712
                  },
                  {
                    "Node Type": "Hash",
                    "Parent Relationship": "Inner",
                    "Parallel Aware": true,
                    "Startup Cost": 58306.47,
                    "Total Cost": 58306.47,
                    "Plan Rows": 519900,
                    "Plan Width": 4,
                    "Actual Startup Time": 251.456,
                    "Actual Total Time": 251.458,
                    "Actual Rows": 396981,
                    "Actual Loops": 2,
                    "Hash Buckets": 1048576,
                    "Original Hash Buckets": 1048576,
                    "Hash Batches": 1,
                    "Original Hash Batches": 1,
                    "Peak Memory Usage": 39264,
                    "Plans": [
                      {
                        "Node Type": "Seq Scan",
                        "Parent Relationship": "Outer",
                        "Parallel Aware": true,
                        "Relation Name": "title",
                        "Alias": "t",
                        "Startup Cost": 0.0,
                        "Total Cost": 58306.47,
                        "Plan Rows": 519900,
                        "Plan Width": 4,
                        "Actual Startup Time": 0.033,
                        "Actual Total Time": 157.337,
                        "Actual Rows": 396981,
                        "Actual Loops": 2,
                        "Filter": "((kind_id < 7) AND (production_year > 1956))",
                        "Rows Removed by Filter": 867175
                      }
                    ]
                  }
                ]
              }
            ]
          }
        ]
      }
    ]
  },
  "Planning Time": 0.667,
  "Triggers": [],
  "Execution Time": 738.352
}