[
  {
    "Plan": {
      "Node Type": "Aggregate",
      "Strategy": "Plain",
      "Partial Mode": "Simple",
      "Parallel Aware": false,
      "Startup Cost": 39128.64,
      "Total Cost": 39128.65,
      "Plan Rows": 1,
      "Plan Width": 8,
      "Actual Startup Time": 66.714,
      "Actual Total Time": 66.715,
      "Actual Rows": 1,
      "Actual Loops": 1,
      "Plans": [
        {
          "Node Type": "Bitmap Heap Scan",
          "Parent Relationship": "Outer",
          "Parallel Aware": false,
          "Relation Name": "title",
          "Alias": "t",
          "Startup Cost": 1698.1,
          "Total Cost": 39122.13,
          "Plan Rows": 2604,
          "Plan Width": 0,
          "Actual Startup Time": 23.653,
          "Actual Total Time": 66.558,
          "Actual Rows": 2310,
          "Actual Loops": 1,
          "Recheck Cond": "(kind_id = 2)",
          "Rows Removed by Index Recheck": 0,
          "Filter": "(production_year > 2012)",
          "Rows Removed by Filter": 88542,
          "Exact Heap Blocks": 23872,
          "Lossy Heap Blocks": 0,
          "Plans": [
            {
              "Node Type": "Bitmap Index Scan",
              "Parent Relationship": "Outer",
              "Parallel Aware": false,
              "Index Name": "kind_id_title",
              "Startup Cost": 0.0,
              "Total Cost": 1697.45,
              "Plan Rows": 95069,
              "Plan Width": 0,
              "Actual Startup Time": 15.631,
              "Actual Total Time": 15.632,
              "Actual Rows": 90852,
              "Actual Loops": 1,
              "Index Cond": "(kind_id = 2)"
            }
          ]
        }
      ]
    },
    "Planning Time": 0.224,
    "Triggers": [],
    "Execution Time": 66.78
  }
]