[
    {
        "Bao": {
            "Bao prediction": "NaN",
            "Bao recommended hint": "(no hint)"
        }
    },
    {
        "Plan": {
            "Node Type": "Aggregate",
            "Strategy": "Plain",
            "Partial Mode": "Finalize",
            "Parallel Aware": false,
            "Startup Cost": 38216.36,
            "Total Cost": 38216.37,
            "Plan Rows": 1,
            "Plan Width": 8,
            "Actual Startup Time": 107.772,
            "Actual Total Time": 115.199,
            "Actual Rows": 1,
            "Actual Loops": 1,
            "Output": [
                "count(*)"
            ],
            "Plans": [
                {
                    "Node Type": "Gather",
                    "Parent Relationship": "Outer",
                    "Parallel Aware": false,
                    "Startup Cost": 38216.04,
                    "Total Cost": 38216.35,
                    "Plan Rows": 3,
                    "Plan Width": 8,
                    "Actual Startup Time": 107.45,
                    "Actual Total Time": 115.191,
                    "Actual Rows": 4,
                    "Actual Loops": 1,
                    "Output": [
                        "(PARTIAL count(*))"
                    ],
                    "Workers Planned": 3,
                    "Workers Launched": 3,
                    "Single Copy": false,
                    "Plans": [
                        {
                            "Node Type": "Aggregate",
                            "Strategy": "Plain",
                            "Partial Mode": "Partial",
                            "Parent Relationship": "Outer",
                            "Parallel Aware": false,
                            "Startup Cost": 37216.04,
                            "Total Cost": 37216.05,
                            "Plan Rows": 1,
                            "Plan Width": 8,
                            "Actual Startup Time": 98.962,
                            "Actual Total Time": 98.963,
                            "Actual Rows": 1,
                            "Actual Loops": 4,
                            "Output": [
                                "PARTIAL count(*)"
                            ],
                            "Workers": [
                                {
                                    "Worker Number": 0,
                                    "Actual Startup Time": 95.769,
                                    "Actual Total Time": 95.771,
                                    "Actual Rows": 1,
                                    "Actual Loops": 1
                                },
                                {
                                    "Worker Number": 1,
                                    "Actual Startup Time": 96.333,
                                    "Actual Total Time": 96.335,
                                    "Actual Rows": 1,
                                    "Actual Loops": 1
                                },
                                {
                                    "Worker Number": 2,
                                    "Actual Startup Time": 96.532,
                                    "Actual Total Time": 96.533,
                                    "Actual Rows": 1,
                                    "Actual Loops": 1
                                }
                            ],
                            "Plans": [
                                {
                                    "Node Type": "Bitmap Heap Scan",
                                    "Parent Relationship": "Outer",
                                    "Parallel Aware": true,
                                    "Relation Name": "movie_keyword",
                                    "Schema": "public",
                                    "Alias": "mk",
                                    "Startup Cost": 10392.17,
                                    "Total Cost": 36821.06,
                                    "Plan Rows": 157991,
                                    "Plan Width": 0,
                                    "Actual Startup Time": 24.426,
                                    "Actual Total Time": 92.149,
                                    "Actual Rows": 120097,
                                    "Actual Loops": 4,
                                    "Recheck Cond": "(mk.keyword_id > 37248)",
                                    "Rows Removed by Index Recheck": 0,
                                    "Exact Heap Blocks": 11109,
                                    "Lossy Heap Blocks": 0,
                                    "Workers": [
                                        {
                                            "Worker Number": 0,
                                            "Actual Startup Time": 21.481,
                                            "Actual Total Time": 89.989,
                                            "Actual Rows": 61906,
                                            "Actual Loops": 1
                                        },
                                        {
                                            "Worker Number": 1,
                                            "Actual Startup Time": 21.913,
                                            "Actual Total Time": 90.205,
                                            "Actual Rows": 92614,
                                            "Actual Loops": 1
                                        },
                                        {
                                            "Worker Number": 2,
                                            "Actual Startup Time": 21.962,
                                            "Actual Total Time": 90.31,
                                            "Actual Rows": 93765,
                                            "Actual Loops": 1
                                        }
                                    ],
                                    "Plans": [
                                        {
                                            "Node Type": "Bitmap Index Scan",
                                            "Parent Relationship": "Outer",
                                            "Parallel Aware": false,
                                            "Index Name": "keyword_id_movie_keyword",
                                            "Startup Cost": 0.0,
                                            "Total Cost": 10269.73,
                                            "Plan Rows": 489773,
                                            "Plan Width": 0,
                                            "Actual Startup Time": 29.036,
                                            "Actual Total Time": 29.037,
                                            "Actual Rows": 480389,
                                            "Actual Loops": 1,
                                            "Index Cond": "(mk.keyword_id > 37248)"
                                        }
                                    ]
                                }
                            ]
                        }
                    ]
                }
            ]
        },
        "Planning Time": 197.158,
        "Triggers": [],
        "Execution Time": 115.245
    }
]