{
    "Plan": {
        "Node Type": "Aggregate",
        "Strategy": "Plain",
        "Partial Mode": "Finalize",
        "Parallel Aware": false,
        "Startup Cost": 129721.21,
        "Total Cost": 129721.22,
        "Plan Rows": 1,
        "Plan Width": 8,
        "Actual Startup Time": 143.987,
        "Actual Total Time": 154.964,
        "Actual Rows": 1,
        "Actual Loops": 1,
        "Output": [
            "count(*)"
        ],
        "Plans": [
            {
                "Node Type": "Gather",
                "Parent Relationship": "Outer",
                "Parallel Aware": false,
                "Startup Cost": 129720.69,
                "Total Cost": 129721.2,
                "Plan Rows": 5,
                "Plan Width": 8,
                "Actual Startup Time": 143.763,
                "Actual Total Time": 154.956,
                "Actual Rows": 6,
                "Actual Loops": 1,
                "Output": [
                    "(PARTIAL count(*))"
                ],
                "Workers Planned": 5,
                "Workers Launched": 5,
                "Single Copy": false,
                "Plans": [
                    {
                        "Node Type": "Aggregate",
                        "Strategy": "Plain",
                        "Partial Mode": "Partial",
                        "Parent Relationship": "Outer",
                        "Parallel Aware": false,
                        "Startup Cost": 128720.69,
                        "Total Cost": 128720.7,
                        "Plan Rows": 1,
                        "Plan Width": 8,
                        "Actual Startup Time": 132.803,
                        "Actual Total Time": 132.805,
                        "Actual Rows": 1,
                        "Actual Loops": 6,
                        "Output": [
                            "PARTIAL count(*)"
                        ],
                        "Workers": [
                            {
                                "Worker Number": 0,
                                "Actual Startup Time": 129.805,
                                "Actual Total Time": 129.808,
                                "Actual Rows": 1,
                                "Actual Loops": 1
                            },
                            {
                                "Worker Number": 1,
                                "Actual Startup Time": 130.648,
                                "Actual Total Time": 130.651,
                                "Actual Rows": 1,
                                "Actual Loops": 1
                            },
                            {
                                "Worker Number": 2,
                                "Actual Startup Time": 131.127,
                                "Actual Total Time": 131.129,
                                "Actual Rows": 1,
                                "Actual Loops": 1
                            },
                            {
                                "Worker Number": 3,
                                "Actual Startup Time": 131.276,
                                "Actual Total Time": 131.278,
                                "Actual Rows": 1,
                                "Actual Loops": 1
                            },
                            {
                                "Worker Number": 4,
                                "Actual Startup Time": 131.093,
                                "Actual Total Time": 131.095,
                                "Actual Rows": 1,
                                "Actual Loops": 1
                            }
                        ],
                        "Plans": [
                            {
                                "Node Type": "Nested Loop",
                                "Parent Relationship": "Outer",
                                "Parallel Aware": false,
                                "Join Type": "Inner",
                                "Startup Cost": 78287.75,
                                "Total Cost": 128716.55,
                                "Plan Rows": 1656,
                                "Plan Width": 0,
                                "Actual Startup Time": 34.58,
                                "Actual Total Time": 132.71,
                                "Actual Rows": 826,
                                "Actual Loops": 6,
                                "Inner Unique": true,
                                "Join Filter": "(mi.movie_id = t.id)",
                                "Rows Removed by Join Filter": 0,
                                "Workers": [
                                    {
                                        "Worker Number": 0,
                                        "Actual Startup Time": 35.036,
                                        "Actual Total Time": 129.716,
                                        "Actual Rows": 825,
                                        "Actual Loops": 1
                                    },
                                    {
                                        "Worker Number": 1,
                                        "Actual Startup Time": 36.051,
                                        "Actual Total Time": 130.572,
                                        "Actual Rows": 729,
                                        "Actual Loops": 1
                                    },
                                    {
                                        "Worker Number": 2,
                                        "Actual Startup Time": 37.748,
                                        "Actual Total Time": 131.035,
                                        "Actual Rows": 540,
                                        "Actual Loops": 1
                                    },
                                    {
                                        "Worker Number": 3,
                                        "Actual Startup Time": 36.789,
                                        "Actual Total Time": 131.195,
                                        "Actual Rows": 771,
                                        "Actual Loops": 1
                                    },
                                    {
                                        "Worker Number": 4,
                                        "Actual Startup Time": 35.825,
                                        "Actual Total Time": 131.014,
                                        "Actual Rows": 726,
                                        "Actual Loops": 1
                                    }
                                ],
                                "Plans": [
                                    {
                                        "Node Type": "Merge Join",
                                        "Parent Relationship": "Outer",
                                        "Parallel Aware": false,
                                        "Join Type": "Inner",
                                        "Startup Cost": 78287.32,
                                        "Total Cost": 121786.92,
                                        "Plan Rows": 11687,
                                        "Plan Width": 8,
                                        "Actual Startup Time": 34.52,
                                        "Actual Total Time": 112.289,
                                        "Actual Rows": 4626,
                                        "Actual Loops": 6,
                                        "Output": [
                                            "mi.movie_id",
                                            "mi_idx.movie_id"
                                        ],
                                        "Inner Unique": false,
                                        "Merge Cond": "(mi_idx.movie_id = mi.movie_id)",
                                        "Workers": [
                                            {
                                                "Worker Number": 0,
                                                "Actual Startup Time": 34.956,
                                                "Actual Total Time": 108.109,
                                                "Actual Rows": 4351,
                                                "Actual Loops": 1
                                            },
                                            {
                                                "Worker Number": 1,
                                                "Actual Startup Time": 35.971,
                                                "Actual Total Time": 108.638,
                                                "Actual Rows": 4717,
                                                "Actual Loops": 1
                                            },
                                            {
                                                "Worker Number": 2,
                                                "Actual Startup Time": 37.684,
                                                "Actual Total Time": 110.207,
                                                "Actual Rows": 3025,
                                                "Actual Loops": 1
                                            },
                                            {
                                                "Worker Number": 3,
                                                "Actual Startup Time": 36.736,
                                                "Actual Total Time": 109.562,
                                                "Actual Rows": 4696,
                                                "Actual Loops": 1
                                            },
                                            {
                                                "Worker Number": 4,
                                                "Actual Startup Time": 35.764,
                                                "Actual Total Time": 108.738,
                                                "Actual Rows": 4536,
                                                "Actual Loops": 1
                                            }
                                        ],
                                        "Plans": [
                                            {
                                                "Node Type": "Index Only Scan",
                                                "Parent Relationship": "Outer",
                                                "Parallel Aware": true,
                                                "Scan Direction": "Forward",
                                                "Index Name": "movie_id_movie_info_idx",
                                                "Relation Name": "movie_info_idx",
                                                "Schema": "public",
                                                "Alias": "mi_idx",
                                                "Startup Cost": 0.43,
                                                "Total Cost": 42590.53,
                                                "Plan Rows": 276007,
                                                "Plan Width": 4,
                                                "Actual Startup Time": 0.171,
                                                "Actual Total Time": 61.707,
                                                "Actual Rows": 229989,
                                                "Actual Loops": 6,
                                                "Output": [
                                                    "mi_idx.movie_id"
                                                ],
                                                "Heap Fetches": 1379932,
                                                "Workers": [
                                                    {
                                                        "Worker Number": 0,
                                                        "Actual Startup Time": 0.165,
                                                        "Actual Total Time": 58.743,
                                                        "Actual Rows": 208850,
                                                        "Actual Loops": 1
                                                    },
                                                    {
                                                        "Worker Number": 1,
                                                        "Actual Startup Time": 0.158,
                                                        "Actual Total Time": 57.666,
                                                        "Actual Rows": 223311,
                                                        "Actual Loops": 1
                                                    },
                                                    {
                                                        "Worker Number": 2,
                                                        "Actual Startup Time": 0.341,
                                                        "Actual Total Time": 56.63,
                                                        "Actual Rows": 148547,
                                                        "Actual Loops": 1
                                                    },
                                                    {
                                                        "Worker Number": 3,
                                                        "Actual Startup Time": 0.138,
                                                        "Actual Total Time": 58.061,
                                                        "Actual Rows": 227440,
                                                        "Actual Loops": 1
                                                    },
                                                    {
                                                        "Worker Number": 4,
                                                        "Actual Startup Time": 0.176,
                                                        "Actual Total Time": 58.233,
                                                        "Actual Rows": 206810,
                                                        "Actual Loops": 1
                                                    }
                                                ]
                                            },
                                            {
                                                "Node Type": "Sort",
                                                "Parent Relationship": "Inner",
                                                "Parallel Aware": false,
                                                "Startup Cost": 78286.27,
                                                "Total Cost": 78337.91,
                                                "Plan Rows": 20657,
                                                "Plan Width": 4,
                                                "Actual Startup Time": 33.956,
                                                "Actual Total Time": 36.818,
                                                "Actual Rows": 19687,
                                                "Actual Loops": 6,
                                                "Output": [
                                                    "mi.movie_id"
                                                ],
                                                "Sort Key": [
                                                    "mi.movie_id"
                                                ],
                                                "Sort Method": "quicksort",
                                                "Sort Space Used": 1547,
                                                "Sort Space Type": "Memory",
                                                "Workers": [
                                                    {
                                                        "Worker Number": 0,
                                                        "Actual Startup Time": 34.335,
                                                        "Actual Total Time": 37.184,
                                                        "Actual Rows": 19500,
                                                        "Actual Loops": 1
                                                    },
                                                    {
                                                        "Worker Number": 1,
                                                        "Actual Startup Time": 35.612,
                                                        "Actual Total Time": 38.502,
                                                        "Actual Rows": 19748,
                                                        "Actual Loops": 1
                                                    },
                                                    {
                                                        "Worker Number": 2,
                                                        "Actual Startup Time": 36.407,
                                                        "Actual Total Time": 39.711,
                                                        "Actual Rows": 18615,
                                                        "Actual Loops": 1
                                                    },
                                                    {
                                                        "Worker Number": 3,
                                                        "Actual Startup Time": 36.101,
                                                        "Actual Total Time": 38.869,
                                                        "Actual Rows": 19735,
                                                        "Actual Loops": 1
                                                    },
                                                    {
                                                        "Worker Number": 4,
                                                        "Actual Startup Time": 35.534,
                                                        "Actual Total Time": 38.381,
                                                        "Actual Rows": 19633,
                                                        "Actual Loops": 1
                                                    }
                                                ],
                                                "Plans": [
                                                    {
                                                        "Node Type": "Index Scan",
                                                        "Parent Relationship": "Outer",
                                                        "Parallel Aware": false,
                                                        "Scan Direction": "Forward",
                                                        "Index Name": "info_type_id_movie_info",
                                                        "Relation Name": "movie_info",
                                                        "Schema": "public",
                                                        "Alias": "mi",
                                                        "Startup Cost": 0.43,
                                                        "Total Cost": 76805.74,
                                                        "Plan Rows": 20657,
                                                        "Plan Width": 4,
                                                        "Actual Startup Time": 0.244,
                                                        "Actual Total Time": 25.696,
                                                        "Actual Rows": 16603,
                                                        "Actual Loops": 6,
                                                        "Output": [
                                                            "mi.movie_id"
                                                        ],
                                                        "Index Cond": "(mi.info_type_id = 102)",
                                                        "Rows Removed by Index Recheck": 0,
                                                        "Workers": [
                                                            {
                                                                "Worker Number": 0,
                                                                "Actual Startup Time": 0.256,
                                                                "Actual Total Time": 26.56,
                                                                "Actual Rows": 16603,
                                                                "Actual Loops": 1
                                                            },
                                                            {
                                                                "Worker Number": 1,
                                                                "Actual Startup Time": 0.222,
                                                                "Actual Total Time": 27.832,
                                                                "Actual Rows": 16603,
                                                                "Actual Loops": 1
                                                            },
                                                            {
                                                                "Worker Number": 2,
                                                                "Actual Startup Time": 0.233,
                                                                "Actual Total Time": 27.838,
                                                                "Actual Rows": 16603,
                                                                "Actual Loops": 1
                                                            },
                                                            {
                                                                "Worker Number": 3,
                                                                "Actual Startup Time": 0.354,
                                                                "Actual Total Time": 28.395,
                                                                "Actual Rows": 16603,
                                                                "Actual Loops": 1
                                                            },
                                                            {
                                                                "Worker Number": 4,
                                                                "Actual Startup Time": 0.288,
                                                                "Actual Total Time": 27.892,
                                                                "Actual Rows": 16603,
                                                                "Actual Loops": 1
                                                            }
                                                        ]
                                                    }
                                                ]
                                            }
                                        ]
                                    },
                                    {
                                        "Node Type": "Index Scan",
                                        "Parent Relationship": "Inner",
                                        "Parallel Aware": false,
                                        "Scan Direction": "Forward",
                                        "Index Name": "title_pkey",
                                        "Relation Name": "title",
                                        "Schema": "public",
                                        "Alias": "t",
                                        "Startup Cost": 0.43,
                                        "Total Cost": 0.58,
                                        "Plan Rows": 1,
                                        "Plan Width": 4,
                                        "Actual Startup Time": 0.004,
                                        "Actual Total Time": 0.004,
                                        "Actual Rows": 0,
                                        "Actual Loops": 27757,
                                        "Output": [
                                            "t.id",
                                            "t.title",
                                            "t.imdb_index",
                                            "t.kind_id",
                                            "t.production_year",
                                            "t.imdb_id",
                                            "t.phonetic_code",
                                            "t.episode_of_id",
                                            "t.season_nr",
                                            "t.episode_nr",
                                            "t.series_years",
                                            "t.md5sum"
                                        ],
                                        "Index Cond": "(t.id = mi_idx.movie_id)",
                                        "Rows Removed by Index Recheck": 0,
                                        "Filter": "(t.kind_id > 1)",
                                        "Rows Removed by Filter": 1,
                                        "Workers": [
                                            {
                                                "Worker Number": 0,
                                                "Actual Startup Time": 0.005,
                                                "Actual Total Time": 0.005,
                                                "Actual Rows": 0,
                                                "Actual Loops": 4351
                                            },
                                            {
                                                "Worker Number": 1,
                                                "Actual Startup Time": 0.004,
                                                "Actual Total Time": 0.004,
                                                "Actual Rows": 0,
                                                "Actual Loops": 4717
                                            },
                                            {
                                                "Worker Number": 2,
                                                "Actual Startup Time": 0.006,
                                                "Actual Total Time": 0.006,
                                                "Actual Rows": 0,
                                                "Actual Loops": 3025
                                            },
                                            {
                                                "Worker Number": 3,
                                                "Actual Startup Time": 0.004,
                                                "Actual Total Time": 0.004,
                                                "Actual Rows": 0,
                                                "Actual Loops": 4696
                                            },
                                            {
                                                "Worker Number": 4,
                                                "Actual Startup Time": 0.005,
                                                "Actual Total Time": 0.005,
                                                "Actual Rows": 0,
                                                "Actual Loops": 4536
                                            }
                                        ]
                                    }
                                ]
                            }
                        ]
                    }
                ]
            }
        ]
    },
    "Planning Time": 1.476,
    "Triggers": [],
    "Execution Time": 155.059
}