{
  "Plan": {
    "Node Type": "Aggregate",
    "Strategy": "Plain",
    "Partial Mode": "Finalize",
    "Parallel Aware": false,
    "Startup Cost": 346891.65,
    "Total Cost": 346891.66,
    "Plan Rows": 1,
    "Plan Width": 8,
    "Actual Startup Time": 824.213,
    "Actual Total Time": 846.184,
    "Actual Rows": 1,
    "Actual Loops": 1,
    "Plans": [
      {
        "Node Type": "Gather",
        "Parent Relationship": "Outer",
        "Parallel Aware": false,
        "Startup Cost": 346891.54,
        "Total Cost": 346891.65,
        "Plan Rows": 1,
        "Plan Width": 8,
        "Actual Startup Time": 816.697,
        "Actual Total Time": 846.175,
        "Actual Rows": 2,
        "Actual Loops": 1,
        "Workers Planned": 1,
        "Workers Launched": 1,
        "Single Copy": false,
        "Plans": [
          {
            "Node Type": "Aggregate",
            "Strategy": "Plain",
            "Partial Mode": "Partial",
            "Parent Relationship": "Outer",
            "Parallel Aware": false,
            "Startup Cost": 345891.54,
            "Total Cost": 345891.55,
            "Plan Rows": 1,
            "Plan Width": 8,
            "Actual Startup Time": 805.0,
            "Actual Total Time": 805.004,
            "Actual Rows": 1,
            "Actual Loops": 2,
            "Plans": [
              {
                "Node Type": "Hash Join",
                "Parent Relationship": "Outer",
                "Parallel Aware": true,
                "Join Type": "Inner",
                "Startup Cost": 86181.48,
                "Total Cost": 344999.12,
                "Plan Rows": 356969,
                "Plan Width": 0,
                "Actual Startup Time": 600.072,
                "Actual Total Time": 789.537,
                "Actual Rows": 299407,
                "Actual Loops": 2,
                "Inner Unique": true,
                "Hash Cond": "(ci.movie_id = t.id)",
                "Plans": [
                  {
                    "Node Type": "Bitmap Heap Scan",
                    "Parent Relationship": "Outer",
                    "Parallel Aware": true,
                    "Relation Name": "cast_info",
                    "Alias": "ci",
                    "Startup Cost": 15220.81,
                    "Total Cost": 272974.46,
                    "Plan Rows": 405332,
                    "Plan Width": 4,
                    "Actual Startup Time": 21.804,
                    "Actual Total Time": 61.841,
                    "Actual Rows": 333353,
                    "Actual Loops": 2,
                    "Recheck Cond": "(person_id < 71384)",
                    "Rows Removed by Index Recheck": 0,
                    "Exact Heap Blocks": 4253,
                    "Lossy Heap Blocks": 0,
                    "Plans": [
                      {
                        "Node Type": "Bitmap Index Scan",
                        "Parent Relationship": "Outer",
                        "Parallel Aware": false,
                        "Index Name": "person_id_cast_info",
                        "Startup Cost": 0.0,
                        "Total Cost": 15048.55,
                        "Plan Rows": 689064,
                        "Plan Width": 0,
                        "Actual Startup Time": 20.743,
                        "Actual Total Time": 20.744,
                        "Actual Rows": 666706,
                        "Actual Loops": 1,
                        "Index Cond": "(person_id < 71384)"
                      }
                    ]
                  },
                  {
                    "Node Type": "Hash",
                    "Parent Relationship": "Inner",
                    "Parallel Aware": true,
                    "Startup Cost": 54588.39,
                    "Total Cost": 54588.39,
                    "Plan Rows": 1309782,
                    "Plan Width": 4,
                    "Actual Startup Time": 556.401,
                    "Actual Total Time": 556.402,
                    "Actual Rows": 1112284,
                    "Actual Loops": 2,
                    "Hash Buckets": 4194304,
                    "Original Hash Buckets": 4194304,
                    "Hash Batches": 1,
                    "Original Hash Batches": 1,
                    "Peak Memory Usage": 119840,
                    "Plans": [
                      {
                        "Node Type": "Seq Scan",
                        "Parent Relationship": "Outer",
                        "Parallel Aware": true,
                        "Relation Name": "title",
                        "Alias": "t",
                        "Startup Cost": 0.0,
                        "Total Cost": 54588.39,
                        "Plan Rows": 1309782,
                        "Plan Width": 4,
                        "Actual Startup Time": 0.027,
                        "Actual Total Time": 210.361,
                        "Actual Rows": 1112284,
                        "Actual Loops": 2,
                        "Filter": "(production_year < 2012)",
                        "Rows Removed by Filter": 151872
                      }
                    ]
                  }
                ]
              }
            ]
          }
        ]
      }
    ]
  },
  "Planning Time": 0.711,
  "Triggers": [],
  "Execution Time": 846.273
}