[
  {
    "Plan": {
      "Node Type": "Aggregate",
      "Strategy": "Plain",
      "Partial Mode": "Finalize",
      "Parallel Aware": false,
      "Startup Cost": 27598.71,
      "Total Cost": 27598.72,
      "Plan Rows": 1,
      "Plan Width": 8,
      "Actual Startup Time": 43.741,
      "Actual Total Time": 46.533,
      "Actual Rows": 1,
      "Actual Loops": 1,
      "Plans": [
        {
          "Node Type": "Gather",
          "Parent Relationship": "Outer",
          "Parallel Aware": false,
          "Startup Cost": 27598.4,
          "Total Cost": 27598.71,
          "Plan Rows": 3,
          "Plan Width": 8,
          "Actual Startup Time": 43.597,
          "Actual Total Time": 46.526,
          "Actual Rows": 4,
          "Actual Loops": 1,
          "Workers Planned": 3,
          "Workers Launched": 3,
          "Single Copy": false,
          "Plans": [
            {
              "Node Type": "Aggregate",
              "Strategy": "Plain",
              "Partial Mode": "Partial",
              "Parent Relationship": "Outer",
              "Parallel Aware": false,
              "Startup Cost": 26598.4,
              "Total Cost": 26598.41,
              "Plan Rows": 1,
              "Plan Width": 8,
              "Actual Startup Time": 39.587,
              "Actual Total Time": 39.589,
              "Actual Rows": 1,
              "Actual Loops": 4,
              "Plans": [
                {
                  "Node Type": "Bitmap Heap Scan",
                  "Parent Relationship": "Outer",
                  "Parallel Aware": true,
                  "Relation Name": "movie_companies",
                  "Alias": "mc",
                  "Startup Cost": 6383.17,
                  "Total Cost": 26360.86,
                  "Plan Rows": 95015,
                  "Plan Width": 0,
                  "Actual Startup Time": 11.579,
                  "Actual Total Time": 35.064,
                  "Actual Rows": 71905,
                  "Actual Loops": 4,
                  "Recheck Cond": "(company_id > 95125)",
                  "Rows Removed by Index Recheck": 0,
                  "Exact Heap Blocks": 2381,
                  "Lossy Heap Blocks": 0,
                  "Plans": [
                    {
                      "Node Type": "Bitmap Index Scan",
                      "Parent Relationship": "Outer",
                      "Parallel Aware": false,
                      "Index Name": "company_id_movie_companies",
                      "Startup Cost": 0.0,
                      "Total Cost": 6309.53,
                      "Plan Rows": 294547,
                      "Plan Width": 0,
                      "Actual Startup Time": 14.381,
                      "Actual Total Time": 14.382,
                      "Actual Rows": 287619,
                      "Actual Loops": 1,
                      "Index Cond": "(company_id > 95125)"
                    }
                  ]
                }
              ]
            }
          ]
        }
      ]
    },
    "Planning Time": 0.09,
    "Triggers": [],
    "Execution Time": 46.566
  }
]