[
  {
    "Plan": {
      "Node Type": "Aggregate",
      "Strategy": "Plain",
      "Partial Mode": "Finalize",
      "Parallel Aware": false,
      "Startup Cost": 345889.96,
      "Total Cost": 345889.97,
      "Plan Rows": 1,
      "Plan Width": 8,
      "Actual Startup Time": 697.314,
      "Actual Total Time": 750.875,
      "Actual Rows": 1,
      "Actual Loops": 1,
      "Plans": [
        {
          "Node Type": "Gather",
          "Parent Relationship": "Outer",
          "Parallel Aware": false,
          "Startup Cost": 345889.33,
          "Total Cost": 345889.94,
          "Plan Rows": 6,
          "Plan Width": 8,
          "Actual Startup Time": 696.991,
          "Actual Total Time": 750.863,
          "Actual Rows": 7,
          "Actual Loops": 1,
          "Workers Planned": 6,
          "Workers Launched": 6,
          "Single Copy": false,
          "Plans": [
            {
              "Node Type": "Aggregate",
              "Strategy": "Plain",
              "Partial Mode": "Partial",
              "Parent Relationship": "Outer",
              "Parallel Aware": false,
              "Startup Cost": 344889.33,
              "Total Cost": 344889.34,
              "Plan Rows": 1,
              "Plan Width": 8,
              "Actual Startup Time": 688.683,
              "Actual Total Time": 688.684,
              "Actual Rows": 1,
              "Actual Loops": 7,
              "Plans": [
                {
                  "Node Type": "Seq Scan",
                  "Parent Relationship": "Outer",
                  "Parallel Aware": true,
                  "Relation Name": "cast_info",
                  "Alias": "ci",
                  "Startup Cost": 0.0,
                  "Total Cost": 343316.27,
                  "Plan Rows": 629225,
                  "Plan Width": 0,
                  "Actual Startup Time": 257.281,
                  "Actual Total Time": 675.197,
                  "Actual Rows": 238788,
                  "Actual Loops": 7,
                  "Filter": "((person_id < 581730) AND (role_id > 1))",
                  "Rows Removed by Filter": 4938976
                }
              ]
            }
          ]
        }
      ]
    },
    "Planning Time": 0.134,
    "Triggers": [],
    "Execution Time": 750.926
  }
]