[
  {
    "Plan": {
      "Node Type": "Aggregate",
      "Strategy": "Plain",
      "Partial Mode": "Finalize",
      "Parallel Aware": false,
      "Startup Cost": 108713.28,
      "Total Cost": 108713.29,
      "Plan Rows": 1,
      "Plan Width": 8,
      "Actual Startup Time": 454.191,
      "Actual Total Time": 477.092,
      "Actual Rows": 1,
      "Actual Loops": 1,
      "Plans": [
        {
          "Node Type": "Gather",
          "Parent Relationship": "Outer",
          "Parallel Aware": false,
          "Startup Cost": 108712.96,
          "Total Cost": 108713.27,
          "Plan Rows": 3,
          "Plan Width": 8,
          "Actual Startup Time": 451.752,
          "Actual Total Time": 477.079,
          "Actual Rows": 4,
          "Actual Loops": 1,
          "Workers Planned": 3,
          "Workers Launched": 3,
          "Single Copy": false,
          "Plans": [
            {
              "Node Type": "Aggregate",
              "Strategy": "Plain",
              "Partial Mode": "Partial",
              "Parent Relationship": "Outer",
              "Parallel Aware": false,
              "Startup Cost": 107712.96,
              "Total Cost": 107712.97,
              "Plan Rows": 1,
              "Plan Width": 8,
              "Actual Startup Time": 447.433,
              "Actual Total Time": 447.529,
              "Actual Rows": 1,
              "Actual Loops": 4,
              "Plans": [
                {
                  "Node Type": "Hash Join",
                  "Parent Relationship": "Outer",
                  "Parallel Aware": true,
                  "Join Type": "Inner",
                  "Startup Cost": 62537.42,
                  "Total Cost": 107467.07,
                  "Plan Rows": 98358,
                  "Plan Width": 0,
                  "Actual Startup Time": 248.161,
                  "Actual Total Time": 426.361,
                  "Actual Rows": 529950,
                  "Actual Loops": 4,
                  "Inner Unique": false,
                  "Hash Cond": "(mk.movie_id = t.id)",
                  "Plans": [
                    {
                      "Node Type": "Seq Scan",
                      "Parent Relationship": "Outer",
                      "Parallel Aware": true,
                      "Relation Name": "movie_keyword",
                      "Alias": "mk",
                      "Startup Cost": 0.0,
                      "Total Cost": 39047.32,
                      "Plan Rows": 1459332,
                      "Plan Width": 4,
                      "Actual Startup Time": 0.029,
                      "Actual Total Time": 86.391,
                      "Actual Rows": 1130982,
                      "Actual Loops": 4
                    },
                    {
                      "Node Type": "Hash",
                      "Parent Relationship": "Inner",
                      "Parallel Aware": true,
                      "Startup Cost": 61649.85,
                      "Total Cost": 61649.85,
                      "Plan Rows": 71006,
                      "Plan Width": 8,
                      "Actual Startup Time": 212.43,
                      "Actual Total Time": 212.524,
                      "Actual Rows": 53782,
                      "Actual Loops": 4,
                      "Hash Buckets": 262144,
                      "Original Hash Buckets": 262144,
                      "Hash Batches": 1,
                      "Original Hash Batches": 1,
                      "Peak Memory Usage": 10528,
                      "Plans": [
                        {
                          "Node Type": "Hash Join",
                          "Parent Relationship": "Outer",
                          "Parallel Aware": true,
                          "Join Type": "Inner",
                          "Startup Cost": 46455.29,
                          "Total Cost": 61649.85,
                          "Plan Rows": 71006,
                          "Plan Width": 8,
                          "Actual Startup Time": 148.879,
                          "Actual Total Time": 198.536,
                          "Actual Rows": 53782,
                          "Actual Loops": 4,
                          "Inner Unique": true,
                          "Hash Cond": "(mi_idx.movie_id = t.id)",
                          "Plans": [
                            {
                              "Node Type": "Seq Scan",
                              "Parent Relationship": "Outer",
                              "Parallel Aware": true,
                              "Relation Name": "movie_info_idx",
                              "Alias": "mi_idx",
                              "Startup Cost": 0.0,
                              "Total Cost": 13685.15,
                              "Plan Rows": 575015,
                              "Plan Width": 4,
                              "Actual Startup Time": 0.01,
                              "Actual Total Time": 31.699,
                              "Actual Rows": 345009,
                              "Actual Loops": 4
                            },
                            {
                              "Node Type": "Hash",
                              "Parent Relationship": "Inner",
                              "Parallel Aware": true,
                              "Startup Cost": 45479.59,
                              "Total Cost": 45479.59,
                              "Plan Rows": 78056,
                              "Plan Width": 4,
                              "Actual Startup Time": 120.207,
                              "Actual Total Time": 120.208,
                              "Actual Rows": 61197,
                              "Actual Loops": 4,
                              "Hash Buckets": 524288,
                              "Original Hash Buckets": 524288,
                              "Hash Batches": 1,
                              "Original Hash Batches": 1,
                              "Peak Memory Usage": 13728,
                              "Plans": [
                                {
                                  "Node Type": "Seq Scan",
                                  "Parent Relationship": "Outer",
                                  "Parallel Aware": true,
                                  "Relation Name": "title",
                                  "Alias": "t",
                                  "Startup Cost": 0.0,
                                  "Total Cost": 45479.59,
                                  "Plan Rows": 78056,
                                  "Plan Width": 4,
                                  "Actual Startup Time": 42.363,
                                  "Actual Total Time": 94.595,
                                  "Actual Rows": 61197,
                                  "Actual Loops": 4,
                                  "Filter": "((production_year > 2003) AND (kind_id = 1))",
                                  "Rows Removed by Filter": 570881
                                }
                              ]
                            }
                          ]
                        }
                      ]
                    }
                  ]
                }
              ]
            }
          ]
        }
      ]
    },
    "Planning Time": 0.854,
    "Triggers": [],
    "Execution Time": 477.16
  }
]