[
  {
    "Plan": {
      "Node Type": "Aggregate",
      "Strategy": "Plain",
      "Partial Mode": "Finalize",
      "Parallel Aware": false,
      "Startup Cost": 30701.36,
      "Total Cost": 30701.37,
      "Plan Rows": 1,
      "Plan Width": 8,
      "Actual Startup Time": 83.07,
      "Actual Total Time": 89.212,
      "Actual Rows": 1,
      "Actual Loops": 1,
      "Plans": [
        {
          "Node Type": "Gather",
          "Parent Relationship": "Outer",
          "Parallel Aware": false,
          "Startup Cost": 30701.04,
          "Total Cost": 30701.35,
          "Plan Rows": 3,
          "Plan Width": 8,
          "Actual Startup Time": 82.968,
          "Actual Total Time": 89.204,
          "Actual Rows": 4,
          "Actual Loops": 1,
          "Workers Planned": 3,
          "Workers Launched": 3,
          "Single Copy": false,
          "Plans": [
            {
              "Node Type": "Aggregate",
              "Strategy": "Plain",
              "Partial Mode": "Partial",
              "Parent Relationship": "Outer",
              "Parallel Aware": false,
              "Startup Cost": 29701.04,
              "Total Cost": 29701.05,
              "Plan Rows": 1,
              "Plan Width": 8,
              "Actual Startup Time": 75.301,
              "Actual Total Time": 75.302,
              "Actual Rows": 1,
              "Actual Loops": 4,
              "Plans": [
                {
                  "Node Type": "Seq Scan",
                  "Parent Relationship": "Outer",
                  "Parallel Aware": true,
                  "Relation Name": "movie_companies",
                  "Alias": "mc",
                  "Startup Cost": 0.0,
                  "Total Cost": 29310.68,
                  "Plan Rows": 156145,
                  "Plan Width": 0,
                  "Actual Startup Time": 43.276,
                  "Actual Total Time": 70.208,
                  "Actual Rows": 122894,
                  "Actual Loops": 4,
                  "Filter": "(company_id > 74636)",
                  "Rows Removed by Filter": 529388
                }
              ]
            }
          ]
        }
      ]
    },
    "Planning Time": 0.145,
    "Triggers": [],
    "Execution Time": 89.258
  }
]