[
  {
    "Plan": {
      "Node Type": "Aggregate",
      "Strategy": "Plain",
      "Partial Mode": "Finalize",
      "Parallel Aware": false,
      "Startup Cost": 13014.75,
      "Total Cost": 13014.76,
      "Plan Rows": 1,
      "Plan Width": 8,
      "Actual Startup Time": 4.382,
      "Actual Total Time": 5.219,
      "Actual Rows": 1,
      "Actual Loops": 1,
      "Plans": [
        {
          "Node Type": "Gather",
          "Parent Relationship": "Outer",
          "Parallel Aware": false,
          "Startup Cost": 13014.64,
          "Total Cost": 13014.75,
          "Plan Rows": 1,
          "Plan Width": 8,
          "Actual Startup Time": 3.781,
          "Actual Total Time": 5.212,
          "Actual Rows": 2,
          "Actual Loops": 1,
          "Workers Planned": 1,
          "Workers Launched": 1,
          "Single Copy": false,
          "Plans": [
            {
              "Node Type": "Aggregate",
              "Strategy": "Plain",
              "Partial Mode": "Partial",
              "Parent Relationship": "Outer",
              "Parallel Aware": false,
              "Startup Cost": 12014.64,
              "Total Cost": 12014.65,
              "Plan Rows": 1,
              "Plan Width": 8,
              "Actual Startup Time": 1.761,
              "Actual Total Time": 1.763,
              "Actual Rows": 1,
              "Actual Loops": 2,
              "Plans": [
                {
                  "Node Type": "Nested Loop",
                  "Parent Relationship": "Outer",
                  "Parallel Aware": false,
                  "Join Type": "Inner",
                  "Startup Cost": 50.53,
                  "Total Cost": 12014.6,
                  "Plan Rows": 14,
                  "Plan Width": 0,
                  "Actual Startup Time": 0.666,
                  "Actual Total Time": 1.759,
                  "Actual Rows": 3,
                  "Actual Loops": 2,
                  "Inner Unique": false,
                  "Plans": [
                    {
                      "Node Type": "Nested Loop",
                      "Parent Relationship": "Outer",
                      "Parallel Aware": false,
                      "Join Type": "Inner",
                      "Startup Cost": 50.11,
                      "Total Cost": 11986.94,
                      "Plan Rows": 25,
                      "Plan Width": 8,
                      "Actual Startup Time": 0.639,
                      "Actual Total Time": 1.734,
                      "Actual Rows": 2,
                      "Actual Loops": 2,
                      "Inner Unique": true,
                      "Plans": [
                        {
                          "Node Type": "Bitmap Heap Scan",
                          "Parent Relationship": "Outer",
                          "Parallel Aware": true,
                          "Relation Name": "movie_companies",
                          "Alias": "mc",
                          "Startup Cost": 49.68,
                          "Total Cost": 6445.65,
                          "Plan Rows": 680,
                          "Plan Width": 4,
                          "Actual Startup Time": 0.583,
                          "Actual Total Time": 0.651,
                          "Actual Rows": 359,
                          "Actual Loops": 2,
                          "Recheck Cond": "(company_id = 6429)",
                          "Rows Removed by Index Recheck": 0,
                          "Filter": "(company_type_id = 2)",
                          "Rows Removed by Filter": 668,
                          "Exact Heap Blocks": 26,
                          "Lossy Heap Blocks": 0,
                          "Plans": [
                            {
                              "Node Type": "Bitmap Index Scan",
                              "Parent Relationship": "Outer",
                              "Parallel Aware": false,
                              "Index Name": "company_id_movie_companies",
                              "Startup Cost": 0.0,
                              "Total Cost": 49.39,
                              "Plan Rows": 2261,
                              "Plan Width": 0,
                              "Actual Startup Time": 0.96,
                              "Actual Total Time": 0.961,
                              "Actual Rows": 2053,
                              "Actual Loops": 1,
                              "Index Cond": "(company_id = 6429)"
                            }
                          ]
                        },
                        {
                          "Node Type": "Index Scan",
                          "Parent Relationship": "Inner",
                          "Parallel Aware": false,
                          "Scan Direction": "Forward",
                          "Index Name": "title_pkey",
                          "Relation Name": "title",
                          "Alias": "t",
                          "Startup Cost": 0.43,
                          "Total Cost": 8.15,
                          "Plan Rows": 1,
                          "Plan Width": 4,
                          "Actual Startup Time": 0.003,
                          "Actual Total Time": 0.003,
                          "Actual Rows": 0,
                          "Actual Loops": 718,
                          "Index Cond": "(id = mc.movie_id)",
                          "Rows Removed by Index Recheck": 0,
                          "Filter": "(kind_id = 2)",
                          "Rows Removed by Filter": 1
                        }
                      ]
                    },
                    {
                      "Node Type": "Index Only Scan",
                      "Parent Relationship": "Inner",
                      "Parallel Aware": false,
                      "Scan Direction": "Forward",
                      "Index Name": "movie_id_movie_info_idx",
                      "Relation Name": "movie_info_idx",
                      "Alias": "mi_idx",
                      "Startup Cost": 0.43,
                      "Total Cost": 1.08,
                      "Plan Rows": 3,
                      "Plan Width": 4,
                      "Actual Startup Time": 0.014,
                      "Actual Total Time": 0.015,
                      "Actual Rows": 2,
                      "Actual Loops": 3,
                      "Index Cond": "(movie_id = t.id)",
                      "Rows Removed by Index Recheck": 0,
                      "Heap Fetches": 6
                    }
                  ]
                }
              ]
            }
          ]
        }
      ]
    },
    "Planning Time": 1.054,
    "Triggers": [],
    "Execution Time": 5.288
  }
]