{
  "Plan": {
    "Node Type": "Aggregate",
    "Strategy": "Plain",
    "Partial Mode": "Finalize",
    "Parallel Aware": false,
    "Startup Cost": 97262.61,
    "Total Cost": 97262.62,
    "Plan Rows": 1,
    "Plan Width": 8,
    "Actual Startup Time": 436.188,
    "Actual Total Time": 449.076,
    "Actual Rows": 1,
    "Actual Loops": 1,
    "Plans": [
      {
        "Node Type": "Gather",
        "Parent Relationship": "Outer",
        "Parallel Aware": false,
        "Startup Cost": 97262.5,
        "Total Cost": 97262.61,
        "Plan Rows": 1,
        "Plan Width": 8,
        "Actual Startup Time": 434.889,
        "Actual Total Time": 449.069,
        "Actual Rows": 2,
        "Actual Loops": 1,
        "Workers Planned": 1,
        "Workers Launched": 1,
        "Single Copy": false,
        "Plans": [
          {
            "Node Type": "Aggregate",
            "Strategy": "Plain",
            "Partial Mode": "Partial",
            "Parent Relationship": "Outer",
            "Parallel Aware": false,
            "Startup Cost": 96262.5,
            "Total Cost": 96262.51,
            "Plan Rows": 1,
            "Plan Width": 8,
            "Actual Startup Time": 429.957,
            "Actual Total Time": 429.962,
            "Actual Rows": 1,
            "Actual Loops": 2,
            "Plans": [
              {
                "Node Type": "Hash Join",
                "Parent Relationship": "Outer",
                "Parallel Aware": true,
                "Join Type": "Inner",
                "Startup Cost": 35287.6,
                "Total Cost": 96042.91,
                "Plan Rows": 87836,
                "Plan Width": 0,
                "Actual Startup Time": 142.542,
                "Actual Total Time": 427.647,
                "Actual Rows": 50510,
                "Actual Loops": 2,
                "Inner Unique": false,
                "Hash Cond": "(t.id = mc.movie_id)",
                "Plans": [
                  {
                    "Node Type": "Seq Scan",
                    "Parent Relationship": "Outer",
                    "Parallel Aware": true,
                    "Relation Name": "title",
                    "Alias": "t",
                    "Startup Cost": 0.0,
                    "Total Cost": 54588.39,
                    "Plan Rows": 904038,
                    "Plan Width": 4,
                    "Actual Startup Time": 0.011,
                    "Actual Total Time": 136.238,
                    "Actual Rows": 771632,
                    "Actual Loops": 2,
                    "Filter": "(kind_id = 7)",
                    "Rows Removed by Filter": 492524
                  },
                  {
                    "Node Type": "Hash",
                    "Parent Relationship": "Inner",
                    "Parallel Aware": true,
                    "Startup Cost": 33481.36,
                    "Total Cost": 33481.36,
                    "Plan Rows": 144499,
                    "Plan Width": 4,
                    "Actual Startup Time": 139.341,
                    "Actual Total Time": 139.343,
                    "Actual Rows": 245758,
                    "Actual Loops": 2,
                    "Hash Buckets": 524288,
                    "Original Hash Buckets": 262144,
                    "Hash Batches": 1,
                    "Original Hash Batches": 1,
                    "Peak Memory Usage": 25408,
                    "Plans": [
                      {
                        "Node Type": "Bitmap Heap Scan",
                        "Parent Relationship": "Outer",
                        "Parallel Aware": true,
                        "Relation Name": "movie_companies",
                        "Alias": "mc",
                        "Startup Cost": 10422.43,
                        "Total Cost": 33481.36,
                        "Plan Rows": 144499,
                        "Plan Width": 4,
                        "Actual Startup Time": 35.377,
                        "Actual Total Time": 86.881,
                        "Actual Rows": 245758,
                        "Actual Loops": 2,
                        "Recheck Cond": "(company_id > 74648)",
                        "Rows Removed by Index Recheck": 0,
                        "Filter": "(company_type_id > 1)",
                        "Rows Removed by Filter": 0,
                        "Exact Heap Blocks": 4539,
                        "Lossy Heap Blocks": 0,
                        "Plans": [
                          {
                            "Node Type": "Bitmap Index Scan",
                            "Parent Relationship": "Outer",
                            "Parallel Aware": false,
                            "Index Name": "company_id_movie_companies",
                            "Startup Cost": 0.0,
                            "Total Cost": 10361.02,
                            "Plan Rows": 483812,
                            "Plan Width": 0,
                            "Actual Startup Time": 36.144,
                            "Actual Total Time": 36.145,
                            "Actual Rows": 491517,
                            "Actual Loops": 1,
                            "Index Cond": "(company_id > 74648)"
                          }
                        ]
                      }
                    ]
                  }
                ]
              }
            ]
          }
        ]
      }
    ]
  },
  "Planning Time": 0.539,
  "Triggers": [],
  "Execution Time": 449.153
}