[
  {
    "Plan": {
      "Node Type": "Aggregate",
      "Strategy": "Plain",
      "Partial Mode": "Finalize",
      "Parallel Aware": false,
      "Startup Cost": 342754.62,
      "Total Cost": 342754.63,
      "Plan Rows": 1,
      "Plan Width": 8,
      "Actual Startup Time": 868.25,
      "Actual Total Time": 926.362,
      "Actual Rows": 1,
      "Actual Loops": 1,
      "Plans": [
        {
          "Node Type": "Gather",
          "Parent Relationship": "Outer",
          "Parallel Aware": false,
          "Startup Cost": 342753.99,
          "Total Cost": 342754.6,
          "Plan Rows": 6,
          "Plan Width": 8,
          "Actual Startup Time": 868.014,
          "Actual Total Time": 926.352,
          "Actual Rows": 7,
          "Actual Loops": 1,
          "Workers Planned": 6,
          "Workers Launched": 6,
          "Single Copy": false,
          "Plans": [
            {
              "Node Type": "Aggregate",
              "Strategy": "Plain",
              "Partial Mode": "Partial",
              "Parent Relationship": "Outer",
              "Parallel Aware": false,
              "Startup Cost": 341753.99,
              "Total Cost": 341754.0,
              "Plan Rows": 1,
              "Plan Width": 8,
              "Actual Startup Time": 858.427,
              "Actual Total Time": 858.428,
              "Actual Rows": 1,
              "Actual Loops": 7,
              "Plans": [
                {
                  "Node Type": "Seq Scan",
                  "Parent Relationship": "Outer",
                  "Parallel Aware": true,
                  "Relation Name": "cast_info",
                  "Alias": "ci",
                  "Startup Cost": 0.0,
                  "Total Cost": 328162.03,
                  "Plan Rows": 5436787,
                  "Plan Width": 0,
                  "Actual Startup Time": 0.052,
                  "Actual Total Time": 651.829,
                  "Actual Rows": 4684783,
                  "Actual Loops": 7,
                  "Filter": "(person_id < 3431526)",
                  "Rows Removed by Filter": 492981
                }
              ]
            }
          ]
        }
      ]
    },
    "Planning Time": 0.218,
    "Triggers": [],
    "Execution Time": 926.434
  }
]