[
  {
    "Plan": {
      "Node Type": "Aggregate",
      "Strategy": "Plain",
      "Partial Mode": "Finalize",
      "Parallel Aware": false,
      "Startup Cost": 347447.21,
      "Total Cost": 347447.22,
      "Plan Rows": 1,
      "Plan Width": 8,
      "Actual Startup Time": 4690.814,
      "Actual Total Time": 4776.771,
      "Actual Rows": 1,
      "Actual Loops": 1,
      "Plans": [
        {
          "Node Type": "Gather",
          "Parent Relationship": "Outer",
          "Parallel Aware": false,
          "Startup Cost": 347446.89,
          "Total Cost": 347447.2,
          "Plan Rows": 3,
          "Plan Width": 8,
          "Actual Startup Time": 4687.941,
          "Actual Total Time": 4776.762,
          "Actual Rows": 4,
          "Actual Loops": 1,
          "Workers Planned": 3,
          "Workers Launched": 3,
          "Single Copy": false,
          "Plans": [
            {
              "Node Type": "Aggregate",
              "Strategy": "Plain",
              "Partial Mode": "Partial",
              "Parent Relationship": "Outer",
              "Parallel Aware": false,
              "Startup Cost": 346446.89,
              "Total Cost": 346446.9,
              "Plan Rows": 1,
              "Plan Width": 8,
              "Actual Startup Time": 4679.817,
              "Actual Total Time": 4679.821,
              "Actual Rows": 1,
              "Actual Loops": 4,
              "Plans": [
                {
                  "Node Type": "Nested Loop",
                  "Parent Relationship": "Outer",
                  "Parallel Aware": false,
                  "Join Type": "Inner",
                  "Startup Cost": 60931.65,
                  "Total Cost": 343480.17,
                  "Plan Rows": 1186690,
                  "Plan Width": 0,
                  "Actual Startup Time": 229.507,
                  "Actual Total Time": 4344.4,
                  "Actual Rows": 7109819,
                  "Actual Loops": 4,
                  "Inner Unique": false,
                  "Plans": [
                    {
                      "Node Type": "Hash Join",
                      "Parent Relationship": "Outer",
                      "Parallel Aware": true,
                      "Join Type": "Inner",
                      "Startup Cost": 60931.08,
                      "Total Cost": 88593.59,
                      "Plan Rows": 82767,
                      "Plan Width": 8,
                      "Actual Startup Time": 229.257,
                      "Actual Total Time": 338.31,
                      "Actual Rows": 138847,
                      "Actual Loops": 4,
                      "Inner Unique": true,
                      "Hash Cond": "(mk.movie_id = t.id)",
                      "Plans": [
                        {
                          "Node Type": "Bitmap Heap Scan",
                          "Parent Relationship": "Outer",
                          "Parallel Aware": true,
                          "Relation Name": "movie_keyword",
                          "Alias": "mk",
                          "Startup Cost": 13948.93,
                          "Total Cost": 41054.6,
                          "Plan Rows": 212133,
                          "Plan Width": 4,
                          "Actual Startup Time": 50.314,
                          "Actual Total Time": 98.428,
                          "Actual Rows": 165500,
                          "Actual Loops": 4,
                          "Recheck Cond": "(keyword_id > 28395)",
                          "Rows Removed by Index Recheck": 0,
                          "Exact Heap Blocks": 7095,
                          "Lossy Heap Blocks": 0,
                          "Plans": [
                            {
                              "Node Type": "Bitmap Index Scan",
                              "Parent Relationship": "Outer",
                              "Parallel Aware": false,
                              "Index Name": "keyword_id_movie_keyword",
                              "Startup Cost": 0.0,
                              "Total Cost": 13784.53,
                              "Plan Rows": 657613,
                              "Plan Width": 0,
                              "Actual Startup Time": 46.416,
                              "Actual Total Time": 46.417,
                              "Actual Rows": 661999,
                              "Actual Loops": 1,
                              "Index Cond": "(keyword_id > 28395)"
                            }
                          ]
                        },
                        {
                          "Node Type": "Hash",
                          "Parent Relationship": "Inner",
                          "Parallel Aware": true,
                          "Startup Cost": 43899.32,
                          "Total Cost": 43899.32,
                          "Plan Rows": 246626,
                          "Plan Width": 4,
                          "Actual Startup Time": 174.495,
                          "Actual Total Time": 174.495,
                          "Actual Rows": 246262,
                          "Actual Loops": 4,
                          "Hash Buckets": 1048576,
                          "Original Hash Buckets": 1048576,
                          "Hash Batches": 1,
                          "Original Hash Batches": 1,
                          "Peak Memory Usage": 46784,
                          "Plans": [
                            {
                              "Node Type": "Seq Scan",
                              "Parent Relationship": "Outer",
                              "Parallel Aware": true,
                              "Relation Name": "title",
                              "Alias": "t",
                              "Startup Cost": 0.0,
                              "Total Cost": 43899.32,
                              "Plan Rows": 246626,
                              "Plan Width": 4,
                              "Actual Startup Time": 0.04,
                              "Actual Total Time": 100.458,
                              "Actual Rows": 246262,
                              "Actual Loops": 4,
                              "Filter": "(kind_id < 7)",
                              "Rows Removed by Filter": 385816
                            }
                          ]
                        }
                      ]
                    },
                    {
                      "Node Type": "Index Only Scan",
                      "Parent Relationship": "Inner",
                      "Parallel Aware": false,
                      "Scan Direction": "Forward",
                      "Index Name": "movie_id_cast_info",
                      "Relation Name": "cast_info",
                      "Alias": "ci",
                      "Startup Cost": 0.56,
                      "Total Cost": 2.73,
                      "Plan Rows": 35,
                      "Plan Width": 4,
                      "Actual Startup Time": 0.004,
                      "Actual Total Time": 0.025,
                      "Actual Rows": 51,
                      "Actual Loops": 555388,
                      "Index Cond": "(movie_id = t.id)",
                      "Rows Removed by Index Recheck": 0,
                      "Heap Fetches": 28439277
                    }
                  ]
                }
              ]
            }
          ]
        }
      ]
    },
    "Planning Time": 0.862,
    "Triggers": [],
    "Execution Time": 4776.869
  }
]