{
  "Plan": {
    "Node Type": "Aggregate",
    "Strategy": "Plain",
    "Partial Mode": "Finalize",
    "Parallel Aware": false,
    "Startup Cost": 106671.82,
    "Total Cost": 106671.83,
    "Plan Rows": 1,
    "Plan Width": 8,
    "Actual Startup Time": 379.566,
    "Actual Total Time": 404.95,
    "Actual Rows": 1,
    "Actual Loops": 1,
    "Plans": [
      {
        "Node Type": "Gather",
        "Parent Relationship": "Outer",
        "Parallel Aware": false,
        "Startup Cost": 106671.71,
        "Total Cost": 106671.82,
        "Plan Rows": 1,
        "Plan Width": 8,
        "Actual Startup Time": 379.19,
        "Actual Total Time": 404.941,
        "Actual Rows": 2,
        "Actual Loops": 1,
        "Workers Planned": 1,
        "Workers Launched": 1,
        "Single Copy": false,
        "Plans": [
          {
            "Node Type": "Aggregate",
            "Strategy": "Plain",
            "Partial Mode": "Partial",
            "Parent Relationship": "Outer",
            "Parallel Aware": false,
            "Startup Cost": 105671.71,
            "Total Cost": 105671.72,
            "Plan Rows": 1,
            "Plan Width": 8,
            "Actual Startup Time": 372.857,
            "Actual Total Time": 372.861,
            "Actual Rows": 1,
            "Actual Loops": 2,
            "Plans": [
              {
                "Node Type": "Nested Loop",
                "Parent Relationship": "Outer",
                "Parallel Aware": false,
                "Join Type": "Inner",
                "Startup Cost": 69214.63,
                "Total Cost": 105642.65,
                "Plan Rows": 11626,
                "Plan Width": 0,
                "Actual Startup Time": 200.434,
                "Actual Total Time": 368.624,
                "Actual Rows": 91916,
                "Actual Loops": 2,
                "Inner Unique": false,
                "Join Filter": "(t.id = mi.movie_id)",
                "Rows Removed by Join Filter": 0,
                "Plans": [
                  {
                    "Node Type": "Hash Join",
                    "Parent Relationship": "Outer",
                    "Parallel Aware": true,
                    "Join Type": "Inner",
                    "Startup Cost": 69214.19,
                    "Total Cost": 99763.72,
                    "Plan Rows": 1988,
                    "Plan Width": 8,
                    "Actual Startup Time": 200.36,
                    "Actual Total Time": 313.577,
                    "Actual Rows": 1906,
                    "Actual Loops": 2,
                    "Inner Unique": true,
                    "Hash Cond": "(mk.movie_id = t.id)",
                    "Plans": [
                      {
                        "Node Type": "Bitmap Heap Scan",
                        "Parent Relationship": "Outer",
                        "Parallel Aware": true,
                        "Relation Name": "movie_keyword",
                        "Alias": "mk",
                        "Startup Cost": 14534.09,
                        "Total Cost": 44025.71,
                        "Plan Rows": 403010,
                        "Plan Width": 4,
                        "Actual Startup Time": 48.517,
                        "Actual Total Time": 134.205,
                        "Actual Rows": 335982,
                        "Actual Loops": 2,
                        "Recheck Cond": "(keyword_id > 27909)",
                        "Rows Removed by Index Recheck": 0,
                        "Exact Heap Blocks": 12728,
                        "Lossy Heap Blocks": 0,
                        "Plans": [
                          {
                            "Node Type": "Bitmap Index Scan",
                            "Parent Relationship": "Outer",
                            "Parallel Aware": false,
                            "Index Name": "keyword_id_movie_keyword",
                            "Startup Cost": 0.0,
                            "Total Cost": 14362.81,
                            "Plan Rows": 685117,
                            "Plan Width": 0,
                            "Actual Startup Time": 44.955,
                            "Actual Total Time": 44.956,
                            "Actual Rows": 671964,
                            "Actual Loops": 1,
                            "Index Cond": "(keyword_id > 27909)"
                          }
                        ]
                      },
                      {
                        "Node Type": "Hash",
                        "Parent Relationship": "Inner",
                        "Parallel Aware": true,
                        "Startup Cost": 54588.39,
                        "Total Cost": 54588.39,
                        "Plan Rows": 7337,
                        "Plan Width": 4,
                        "Actual Startup Time": 147.219,
                        "Actual Total Time": 147.219,
                        "Actual Rows": 6856,
                        "Actual Loops": 2,
                        "Hash Buckets": 16384,
                        "Original Hash Buckets": 16384,
                        "Hash Batches": 1,
                        "Original Hash Batches": 1,
                        "Peak Memory Usage": 704,
                        "Plans": [
                          {
                            "Node Type": "Seq Scan",
                            "Parent Relationship": "Outer",
                            "Parallel Aware": true,
                            "Relation Name": "title",
                            "Alias": "t",
                            "Startup Cost": 0.0,
                            "Total Cost": 54588.39,
                            "Plan Rows": 7337,
                            "Plan Width": 4,
                            "Actual Startup Time": 0.084,
                            "Actual Total Time": 144.18,
                            "Actual Rows": 6856,
                            "Actual Loops": 2,
                            "Filter": "(production_year = 1966)",
                            "Rows Removed by Filter": 1257300
                          }
                        ]
                      }
                    ]
                  },
                  {
                    "Node Type": "Index Only Scan",
                    "Parent Relationship": "Inner",
                    "Parallel Aware": false,
                    "Scan Direction": "Forward",
                    "Index Name": "movie_id_movie_info",
                    "Relation Name": "movie_info",
                    "Alias": "mi",
                    "Startup Cost": 0.43,
                    "Total Cost": 2.43,
                    "Plan Rows": 42,
                    "Plan Width": 4,
                    "Actual Startup Time": 0.006,
                    "Actual Total Time": 0.024,
                    "Actual Rows": 48,
                    "Actual Loops": 3812,
                    "Index Cond": "(movie_id = mk.movie_id)",
                    "Rows Removed by Index Recheck": 0,
                    "Heap Fetches": 183831
                  }
                ]
              }
            ]
          }
        ]
      }
    ]
  },
  "Planning Time": 1.063,
  "Triggers": [],
  "Execution Time": 405.061
}