[
  {
    "Plan": {
      "Node Type": "Aggregate",
      "Strategy": "Plain",
      "Partial Mode": "Finalize",
      "Parallel Aware": false,
      "Startup Cost": 165615.77,
      "Total Cost": 165615.78,
      "Plan Rows": 1,
      "Plan Width": 8,
      "Actual Startup Time": 321.999,
      "Actual Total Time": 347.614,
      "Actual Rows": 1,
      "Actual Loops": 1,
      "Plans": [
        {
          "Node Type": "Gather",
          "Parent Relationship": "Outer",
          "Parallel Aware": false,
          "Startup Cost": 165615.25,
          "Total Cost": 165615.76,
          "Plan Rows": 5,
          "Plan Width": 8,
          "Actual Startup Time": 321.524,
          "Actual Total Time": 347.594,
          "Actual Rows": 6,
          "Actual Loops": 1,
          "Workers Planned": 5,
          "Workers Launched": 5,
          "Single Copy": false,
          "Plans": [
            {
              "Node Type": "Aggregate",
              "Strategy": "Plain",
              "Partial Mode": "Partial",
              "Parent Relationship": "Outer",
              "Parallel Aware": false,
              "Startup Cost": 164615.25,
              "Total Cost": 164615.26,
              "Plan Rows": 1,
              "Plan Width": 8,
              "Actual Startup Time": 315.706,
              "Actual Total Time": 315.709,
              "Actual Rows": 1,
              "Actual Loops": 6,
              "Plans": [
                {
                  "Node Type": "Hash Join",
                  "Parent Relationship": "Outer",
                  "Parallel Aware": true,
                  "Join Type": "Inner",
                  "Startup Cost": 45613.03,
                  "Total Cost": 164600.5,
                  "Plan Rows": 5900,
                  "Plan Width": 0,
                  "Actual Startup Time": 77.902,
                  "Actual Total Time": 315.082,
                  "Actual Rows": 7967,
                  "Actual Loops": 6,
                  "Inner Unique": true,
                  "Hash Cond": "(ci.movie_id = t.id)",
                  "Plans": [
                    {
                      "Node Type": "Index Scan",
                      "Parent Relationship": "Outer",
                      "Parallel Aware": true,
                      "Scan Direction": "Forward",
                      "Index Name": "role_id_cast_info",
                      "Relation Name": "cast_info",
                      "Alias": "ci",
                      "Startup Cost": 0.56,
                      "Total Cost": 118067.1,
                      "Plan Rows": 350831,
                      "Plan Width": 4,
                      "Actual Startup Time": 0.192,
                      "Actual Total Time": 163.744,
                      "Actual Rows": 580646,
                      "Actual Loops": 6,
                      "Index Cond": "(role_id = 10)",
                      "Rows Removed by Index Recheck": 0,
                      "Filter": "(person_id > 2217314)",
                      "Rows Removed by Filter": 139857
                    },
                    {
                      "Node Type": "Hash",
                      "Parent Relationship": "Inner",
                      "Parallel Aware": true,
                      "Startup Cost": 45479.59,
                      "Total Cost": 45479.59,
                      "Plan Rows": 10630,
                      "Plan Width": 4,
                      "Actual Startup Time": 77.148,
                      "Actual Total Time": 77.149,
                      "Actual Rows": 6268,
                      "Actual Loops": 6,
                      "Hash Buckets": 65536,
                      "Original Hash Buckets": 65536,
                      "Hash Batches": 1,
                      "Original Hash Batches": 1,
                      "Peak Memory Usage": 2112,
                      "Plans": [
                        {
                          "Node Type": "Seq Scan",
                          "Parent Relationship": "Outer",
                          "Parallel Aware": true,
                          "Relation Name": "title",
                          "Alias": "t",
                          "Startup Cost": 0.0,
                          "Total Cost": 45479.59,
                          "Plan Rows": 10630,
                          "Plan Width": 4,
                          "Actual Startup Time": 0.242,
                          "Actual Total Time": 74.123,
                          "Actual Rows": 6268,
                          "Actual Loops": 6,
                          "Filter": "((kind_id < 3) AND (production_year = 2010))",
                          "Rows Removed by Filter": 415117
                        }
                      ]
                    }
                  ]
                }
              ]
            }
          ]
        }
      ]
    },
    "Planning Time": 0.465,
    "Triggers": [],
    "Execution Time": 347.67
  }
]