[
  {
    "Plan": {
      "Node Type": "Aggregate",
      "Strategy": "Plain",
      "Partial Mode": "Finalize",
      "Parallel Aware": false,
      "Startup Cost": 271648.63,
      "Total Cost": 271648.64,
      "Plan Rows": 1,
      "Plan Width": 8,
      "Actual Startup Time": 1116.915,
      "Actual Total Time": 1156.944,
      "Actual Rows": 1,
      "Actual Loops": 1,
      "Plans": [
        {
          "Node Type": "Gather",
          "Parent Relationship": "Outer",
          "Parallel Aware": false,
          "Startup Cost": 271648.1,
          "Total Cost": 271648.61,
          "Plan Rows": 5,
          "Plan Width": 8,
          "Actual Startup Time": 1103.693,
          "Actual Total Time": 1156.933,
          "Actual Rows": 6,
          "Actual Loops": 1,
          "Workers Planned": 5,
          "Workers Launched": 5,
          "Single Copy": false,
          "Plans": [
            {
              "Node Type": "Aggregate",
              "Strategy": "Plain",
              "Partial Mode": "Partial",
              "Parent Relationship": "Outer",
              "Parallel Aware": false,
              "Startup Cost": 270648.1,
              "Total Cost": 270648.11,
              "Plan Rows": 1,
              "Plan Width": 8,
              "Actual Startup Time": 1093.206,
              "Actual Total Time": 1093.298,
              "Actual Rows": 1,
              "Actual Loops": 6,
              "Plans": [
                {
                  "Node Type": "Hash Join",
                  "Parent Relationship": "Outer",
                  "Parallel Aware": true,
                  "Join Type": "Inner",
                  "Startup Cost": 65688.85,
                  "Total Cost": 269781.41,
                  "Plan Rows": 346676,
                  "Plan Width": 0,
                  "Actual Startup Time": 252.616,
                  "Actual Total Time": 1022.432,
                  "Actual Rows": 1790917,
                  "Actual Loops": 6,
                  "Inner Unique": false,
                  "Hash Cond": "(mi.movie_id = t.id)",
                  "Plans": [
                    {
                      "Node Type": "Seq Scan",
                      "Parent Relationship": "Outer",
                      "Parallel Aware": true,
                      "Relation Name": "movie_info",
                      "Alias": "mi",
                      "Startup Cost": 0.0,
                      "Total Cost": 191560.33,
                      "Plan Rows": 2956733,
                      "Plan Width": 4,
                      "Actual Startup Time": 0.03,
                      "Actual Total Time": 286.97,
                      "Actual Rows": 2472620,
                      "Actual Loops": 6
                    },
                    {
                      "Node Type": "Hash",
                      "Parent Relationship": "Inner",
                      "Parallel Aware": true,
                      "Startup Cost": 64144.89,
                      "Total Cost": 64144.89,
                      "Plan Rows": 123517,
                      "Plan Width": 8,
                      "Actual Startup Time": 249.219,
                      "Actual Total Time": 249.31,
                      "Actual Rows": 97537,
                      "Actual Loops": 6,
                      "Hash Buckets": 1048576,
                      "Original Hash Buckets": 524288,
                      "Hash Batches": 1,
                      "Original Hash Batches": 1,
                      "Peak Memory Usage": 35264,
                      "Plans": [
                        {
                          "Node Type": "Hash Join",
                          "Parent Relationship": "Outer",
                          "Parallel Aware": true,
                          "Join Type": "Inner",
                          "Startup Cost": 48010.05,
                          "Total Cost": 64144.89,
                          "Plan Rows": 123517,
                          "Plan Width": 8,
                          "Actual Startup Time": 145.742,
                          "Actual Total Time": 209.342,
                          "Actual Rows": 97537,
                          "Actual Loops": 6,
                          "Inner Unique": true,
                          "Hash Cond": "(mi_idx.movie_id = t.id)",
                          "Plans": [
                            {
                              "Node Type": "Seq Scan",
                              "Parent Relationship": "Outer",
                              "Parallel Aware": true,
                              "Relation Name": "movie_info_idx",
                              "Alias": "mi_idx",
                              "Startup Cost": 0.0,
                              "Total Cost": 15122.68,
                              "Plan Rows": 385585,
                              "Plan Width": 4,
                              "Actual Startup Time": 0.034,
                              "Actual Total Time": 25.618,
                              "Actual Rows": 153352,
                              "Actual Loops": 6,
                              "Filter": "(info_type_id > 99)",
                              "Rows Removed by Filter": 76654
                            },
                            {
                              "Node Type": "Hash",
                              "Parent Relationship": "Inner",
                              "Parallel Aware": true,
                              "Startup Cost": 45479.1,
                              "Total Cost": 45479.1,
                              "Plan Rows": 202476,
                              "Plan Width": 4,
                              "Actual Startup Time": 143.453,
                              "Actual Total Time": 143.454,
                              "Actual Rows": 140503,
                              "Actual Loops": 6,
                              "Hash Buckets": 1048576,
                              "Original Hash Buckets": 1048576,
                              "Hash Batches": 1,
                              "Original Hash Batches": 1,
                              "Peak Memory Usage": 41248,
                              "Plans": [
                                {
                                  "Node Type": "Seq Scan",
                                  "Parent Relationship": "Outer",
                                  "Parallel Aware": true,
                                  "Relation Name": "title",
                                  "Alias": "t",
                                  "Startup Cost": 0.0,
                                  "Total Cost": 45479.1,
                                  "Plan Rows": 202476,
                                  "Plan Width": 4,
                                  "Actual Startup Time": 0.074,
                                  "Actual Total Time": 85.564,
                                  "Actual Rows": 140503,
                                  "Actual Loops": 6,
                                  "Filter": "((kind_id < 7) AND (production_year < 2011))",
                                  "Rows Removed by Filter": 280882
                                }
                              ]
                            }
                          ]
                        }
                      ]
                    }
                  ]
                }
              ]
            }
          ]
        }
      ]
    },
    "Planning Time": 1.396,
    "Triggers": [],
    "Execution Time": 1157.043
  }
]