{
    "Plan": {
        "Node Type": "Aggregate",
        "Strategy": "Plain",
        "Partial Mode": "Finalize",
        "Parallel Aware": false,
        "Startup Cost": 78216.37,
        "Total Cost": 78216.38,
        "Plan Rows": 1,
        "Plan Width": 8,
        "Actual Startup Time": 214.415,
        "Actual Total Time": 235.871,
        "Actual Rows": 1,
        "Actual Loops": 1,
        "Output": [
            "count(*)"
        ],
        "Plans": [
            {
                "Node Type": "Gather",
                "Parent Relationship": "Outer",
                "Parallel Aware": false,
                "Startup Cost": 78216.05,
                "Total Cost": 78216.36,
                "Plan Rows": 3,
                "Plan Width": 8,
                "Actual Startup Time": 213.917,
                "Actual Total Time": 235.86,
                "Actual Rows": 4,
                "Actual Loops": 1,
                "Output": [
                    "(PARTIAL count(*))"
                ],
                "Workers Planned": 3,
                "Workers Launched": 3,
                "Single Copy": false,
                "Plans": [
                    {
                        "Node Type": "Aggregate",
                        "Strategy": "Plain",
                        "Partial Mode": "Partial",
                        "Parent Relationship": "Outer",
                        "Parallel Aware": false,
                        "Startup Cost": 77216.05,
                        "Total Cost": 77216.06,
                        "Plan Rows": 1,
                        "Plan Width": 8,
                        "Actual Startup Time": 207.993,
                        "Actual Total Time": 207.997,
                        "Actual Rows": 1,
                        "Actual Loops": 4,
                        "Output": [
                            "PARTIAL count(*)"
                        ],
                        "Workers": [
                            {
                                "Worker Number": 0,
                                "Actual Startup Time": 206.207,
                                "Actual Total Time": 206.209,
                                "Actual Rows": 1,
                                "Actual Loops": 1
                            },
                            {
                                "Worker Number": 1,
                                "Actual Startup Time": 205.874,
                                "Actual Total Time": 205.878,
                                "Actual Rows": 1,
                                "Actual Loops": 1
                            },
                            {
                                "Worker Number": 2,
                                "Actual Startup Time": 206.651,
                                "Actual Total Time": 206.654,
                                "Actual Rows": 1,
                                "Actual Loops": 1
                            }
                        ],
                        "Plans": [
                            {
                                "Node Type": "Hash Join",
                                "Parent Relationship": "Outer",
                                "Parallel Aware": true,
                                "Join Type": "Inner",
                                "Startup Cost": 45616.35,
                                "Total Cost": 77213.04,
                                "Plan Rows": 1203,
                                "Plan Width": 0,
                                "Actual Startup Time": 182.736,
                                "Actual Total Time": 207.974,
                                "Actual Rows": 73,
                                "Actual Loops": 4,
                                "Inner Unique": true,
                                "Hash Cond": "(mc.movie_id = t.id)",
                                "Workers": [
                                    {
                                        "Worker Number": 0,
                                        "Actual Startup Time": 180.793,
                                        "Actual Total Time": 206.186,
                                        "Actual Rows": 65,
                                        "Actual Loops": 1
                                    },
                                    {
                                        "Worker Number": 1,
                                        "Actual Startup Time": 180.578,
                                        "Actual Total Time": 205.855,
                                        "Actual Rows": 62,
                                        "Actual Loops": 1
                                    },
                                    {
                                        "Worker Number": 2,
                                        "Actual Startup Time": 181.71,
                                        "Actual Total Time": 206.63,
                                        "Actual Rows": 74,
                                        "Actual Loops": 1
                                    }
                                ],
                                "Plans": [
                                    {
                                        "Node Type": "Seq Scan",
                                        "Parent Relationship": "Outer",
                                        "Parallel Aware": true,
                                        "Relation Name": "movie_companies",
                                        "Schema": "public",
                                        "Alias": "mc",
                                        "Startup Cost": 0.0,
                                        "Total Cost": 31414.82,
                                        "Plan Rows": 69288,
                                        "Plan Width": 4,
                                        "Actual Startup Time": 41.304,
                                        "Actual Total Time": 79.625,
                                        "Actual Rows": 24602,
                                        "Actual Loops": 4,
                                        "Output": [
                                            "mc.id",
                                            "mc.movie_id",
                                            "mc.company_id",
                                            "mc.company_type_id",
                                            "mc.note"
                                        ],
                                        "Filter": "((mc.company_id < 292) AND (mc.company_type_id > 1))",
                                        "Rows Removed by Filter": 627680,
                                        "Workers": [
                                            {
                                                "Worker Number": 0,
                                                "Actual Startup Time": 41.285,
                                                "Actual Total Time": 79.584,
                                                "Actual Rows": 24026,
                                                "Actual Loops": 1
                                            },
                                            {
                                                "Worker Number": 1,
                                                "Actual Startup Time": 41.358,
                                                "Actual Total Time": 79.539,
                                                "Actual Rows": 23245,
                                                "Actual Loops": 1
                                            },
                                            {
                                                "Worker Number": 2,
                                                "Actual Startup Time": 41.286,
                                                "Actual Total Time": 79.702,
                                                "Actual Rows": 23660,
                                                "Actual Loops": 1
                                            }
                                        ]
                                    },
                                    {
                                        "Node Type": "Hash",
                                        "Parent Relationship": "Inner",
                                        "Parallel Aware": true,
                                        "Startup Cost": 45479.21,
                                        "Total Cost": 45479.21,
                                        "Plan Rows": 10971,
                                        "Plan Width": 4,
                                        "Actual Startup Time": 121.338,
                                        "Actual Total Time": 121.339,
                                        "Actual Rows": 9890,
                                        "Actual Loops": 4,
                                        "Output": [
                                            "t.id"
                                        ],
                                        "Hash Buckets": 65536,
                                        "Original Hash Buckets": 65536,
                                        "Hash Batches": 1,
                                        "Original Hash Batches": 1,
                                        "Peak Memory Usage": 2144,
                                        "Workers": [
                                            {
                                                "Worker Number": 0,
                                                "Actual Startup Time": 120.314,
                                                "Actual Total Time": 120.315,
                                                "Actual Rows": 9258,
                                                "Actual Loops": 1
                                            },
                                            {
                                                "Worker Number": 1,
                                                "Actual Startup Time": 119.923,
                                                "Actual Total Time": 119.924,
                                                "Actual Rows": 9131,
                                                "Actual Loops": 1
                                            },
                                            {
                                                "Worker Number": 2,
                                                "Actual Startup Time": 120.807,
                                                "Actual Total Time": 120.808,
                                                "Actual Rows": 9519,
                                                "Actual Loops": 1
                                            }
                                        ],
                                        "Plans": [
                                            {
                                                "Node Type": "Seq Scan",
                                                "Parent Relationship": "Outer",
                                                "Parallel Aware": true,
                                                "Relation Name": "title",
                                                "Schema": "public",
                                                "Alias": "t",
                                                "Startup Cost": 0.0,
                                                "Total Cost": 45479.21,
                                                "Plan Rows": 10971,
                                                "Plan Width": 4,
                                                "Actual Startup Time": 54.173,
                                                "Actual Total Time": 116.85,
                                                "Actual Rows": 9890,
                                                "Actual Loops": 4,
                                                "Output": [
                                                    "t.id"
                                                ],
                                                "Filter": "((t.kind_id = 1) AND (t.production_year = 2012))",
                                                "Rows Removed by Filter": 622188,
                                                "Workers": [
                                                    {
                                                        "Worker Number": 0,
                                                        "Actual Startup Time": 68.057,
                                                        "Actual Total Time": 115.493,
                                                        "Actual Rows": 9258,
                                                        "Actual Loops": 1
                                                    },
                                                    {
                                                        "Worker Number": 1,
                                                        "Actual Startup Time": 7.098,
                                                        "Actual Total Time": 115.663,
                                                        "Actual Rows": 9131,
                                                        "Actual Loops": 1
                                                    },
                                                    {
                                                        "Worker Number": 2,
                                                        "Actual Startup Time": 69.251,
                                                        "Actual Total Time": 116.165,
                                                        "Actual Rows": 9519,
                                                        "Actual Loops": 1
                                                    }
                                                ]
                                            }
                                        ]
                                    }
                                ]
                            }
                        ]
                    }
                ]
            }
        ]
    },
    "Planning Time": 0.796,
    "Triggers": [],
    "Execution Time": 236.0
}