[
  {
    "Plan": {
      "Node Type": "Aggregate",
      "Strategy": "Plain",
      "Partial Mode": "Finalize",
      "Parallel Aware": false,
      "Startup Cost": 32718.06,
      "Total Cost": 32718.07,
      "Plan Rows": 1,
      "Plan Width": 8,
      "Actual Startup Time": 87.54,
      "Actual Total Time": 93.838,
      "Actual Rows": 1,
      "Actual Loops": 1,
      "Plans": [
        {
          "Node Type": "Gather",
          "Parent Relationship": "Outer",
          "Parallel Aware": false,
          "Startup Cost": 32717.74,
          "Total Cost": 32718.05,
          "Plan Rows": 3,
          "Plan Width": 8,
          "Actual Startup Time": 87.437,
          "Actual Total Time": 93.83,
          "Actual Rows": 4,
          "Actual Loops": 1,
          "Workers Planned": 3,
          "Workers Launched": 3,
          "Single Copy": false,
          "Plans": [
            {
              "Node Type": "Aggregate",
              "Strategy": "Plain",
              "Partial Mode": "Partial",
              "Parent Relationship": "Outer",
              "Parallel Aware": false,
              "Startup Cost": 31717.74,
              "Total Cost": 31717.75,
              "Plan Rows": 1,
              "Plan Width": 8,
              "Actual Startup Time": 80.887,
              "Actual Total Time": 80.889,
              "Actual Rows": 1,
              "Actual Loops": 4,
              "Plans": [
                {
                  "Node Type": "Seq Scan",
                  "Parent Relationship": "Outer",
                  "Parallel Aware": true,
                  "Relation Name": "movie_companies",
                  "Alias": "mc",
                  "Startup Cost": 0.0,
                  "Total Cost": 31414.82,
                  "Plan Rows": 121169,
                  "Plan Width": 0,
                  "Actual Startup Time": 44.893,
                  "Actual Total Time": 77.971,
                  "Actual Rows": 53809,
                  "Actual Loops": 4,
                  "Filter": "((company_id < 1431) AND (company_type_id > 1))",
                  "Rows Removed by Filter": 598473
                }
              ]
            }
          ]
        }
      ]
    },
    "Planning Time": 0.116,
    "Triggers": [],
    "Execution Time": 93.879
  }
]