[
  {
    "Plan": {
      "Node Type": "Aggregate",
      "Strategy": "Plain",
      "Partial Mode": "Finalize",
      "Parallel Aware": false,
      "Startup Cost": 34850.87,
      "Total Cost": 34850.88,
      "Plan Rows": 1,
      "Plan Width": 8,
      "Actual Startup Time": 42.329,
      "Actual Total Time": 46.936,
      "Actual Rows": 1,
      "Actual Loops": 1,
      "Plans": [
        {
          "Node Type": "Gather",
          "Parent Relationship": "Outer",
          "Parallel Aware": false,
          "Startup Cost": 34850.66,
          "Total Cost": 34850.87,
          "Plan Rows": 2,
          "Plan Width": 8,
          "Actual Startup Time": 42.197,
          "Actual Total Time": 46.931,
          "Actual Rows": 3,
          "Actual Loops": 1,
          "Workers Planned": 2,
          "Workers Launched": 2,
          "Single Copy": false,
          "Plans": [
            {
              "Node Type": "Aggregate",
              "Strategy": "Plain",
              "Partial Mode": "Partial",
              "Parent Relationship": "Outer",
              "Parallel Aware": false,
              "Startup Cost": 33850.66,
              "Total Cost": 33850.67,
              "Plan Rows": 1,
              "Plan Width": 8,
              "Actual Startup Time": 34.184,
              "Actual Total Time": 34.186,
              "Actual Rows": 1,
              "Actual Loops": 3,
              "Plans": [
                {
                  "Node Type": "Nested Loop",
                  "Parent Relationship": "Outer",
                  "Parallel Aware": false,
                  "Join Type": "Inner",
                  "Startup Cost": 139.11,
                  "Total Cost": 33850.64,
                  "Plan Rows": 6,
                  "Plan Width": 0,
                  "Actual Startup Time": 9.21,
                  "Actual Total Time": 34.173,
                  "Actual Rows": 13,
                  "Actual Loops": 3,
                  "Inner Unique": true,
                  "Plans": [
                    {
                      "Node Type": "Bitmap Heap Scan",
                      "Parent Relationship": "Outer",
                      "Parallel Aware": true,
                      "Relation Name": "movie_keyword",
                      "Alias": "mk",
                      "Startup Cost": 138.68,
                      "Total Cost": 14764.11,
                      "Plan Rows": 2702,
                      "Plan Width": 4,
                      "Actual Startup Time": 2.27,
                      "Actual Total Time": 10.237,
                      "Actual Rows": 2167,
                      "Actual Loops": 3,
                      "Recheck Cond": "(keyword_id = 355)",
                      "Rows Removed by Index Recheck": 0,
                      "Exact Heap Blocks": 3256,
                      "Lossy Heap Blocks": 0,
                      "Plans": [
                        {
                          "Node Type": "Bitmap Index Scan",
                          "Parent Relationship": "Outer",
                          "Parallel Aware": false,
                          "Index Name": "keyword_id_movie_keyword",
                          "Startup Cost": 0.0,
                          "Total Cost": 137.06,
                          "Plan Rows": 6484,
                          "Plan Width": 0,
                          "Actual Startup Time": 4.243,
                          "Actual Total Time": 4.248,
                          "Actual Rows": 6501,
                          "Actual Loops": 1,
                          "Index Cond": "(keyword_id = 355)"
                        }
                      ]
                    },
                    {
                      "Node Type": "Index Scan",
                      "Parent Relationship": "Inner",
                      "Parallel Aware": false,
                      "Scan Direction": "Forward",
                      "Index Name": "title_pkey",
                      "Relation Name": "title",
                      "Alias": "t",
                      "Startup Cost": 0.43,
                      "Total Cost": 7.06,
                      "Plan Rows": 1,
                      "Plan Width": 4,
                      "Actual Startup Time": 0.01,
                      "Actual Total Time": 0.01,
                      "Actual Rows": 0,
                      "Actual Loops": 6501,
                      "Index Cond": "(id = mk.movie_id)",
                      "Rows Removed by Index Recheck": 0,
                      "Filter": "((kind_id < 7) AND (production_year = 1981))",
                      "Rows Removed by Filter": 1
                    }
                  ]
                }
              ]
            }
          ]
        }
      ]
    },
    "Planning Time": 0.593,
    "Triggers": [],
    "Execution Time": 47.045
  }
]