{
    "Plan": {
        "Node Type": "Aggregate",
        "Strategy": "Plain",
        "Partial Mode": "Finalize",
        "Parallel Aware": false,
        "Startup Cost": 398167.55,
        "Total Cost": 398167.56,
        "Plan Rows": 1,
        "Plan Width": 8,
        "Actual Startup Time": 933.903,
        "Actual Total Time": 982.189,
        "Actual Rows": 1,
        "Actual Loops": 1,
        "Output": [
            "count(*)"
        ],
        "Plans": [
            {
                "Node Type": "Gather",
                "Parent Relationship": "Outer",
                "Parallel Aware": false,
                "Startup Cost": 398166.93,
                "Total Cost": 398167.54,
                "Plan Rows": 6,
                "Plan Width": 8,
                "Actual Startup Time": 933.536,
                "Actual Total Time": 982.179,
                "Actual Rows": 7,
                "Actual Loops": 1,
                "Output": [
                    "(PARTIAL count(*))"
                ],
                "Workers Planned": 6,
                "Workers Launched": 6,
                "Single Copy": false,
                "Plans": [
                    {
                        "Node Type": "Aggregate",
                        "Strategy": "Plain",
                        "Partial Mode": "Partial",
                        "Parent Relationship": "Outer",
                        "Parallel Aware": false,
                        "Startup Cost": 397166.93,
                        "Total Cost": 397166.94,
                        "Plan Rows": 1,
                        "Plan Width": 8,
                        "Actual Startup Time": 922.848,
                        "Actual Total Time": 922.851,
                        "Actual Rows": 1,
                        "Actual Loops": 7,
                        "Output": [
                            "PARTIAL count(*)"
                        ],
                        "Workers": [
                            {
                                "Worker Number": 0,
                                "Actual Startup Time": 920.614,
                                "Actual Total Time": 920.618,
                                "Actual Rows": 1,
                                "Actual Loops": 1
                            },
                            {
                                "Worker Number": 1,
                                "Actual Startup Time": 920.913,
                                "Actual Total Time": 920.916,
                                "Actual Rows": 1,
                                "Actual Loops": 1
                            },
                            {
                                "Worker Number": 2,
                                "Actual Startup Time": 921.037,
                                "Actual Total Time": 921.041,
                                "Actual Rows": 1,
                                "Actual Loops": 1
                            },
                            {
                                "Worker Number": 3,
                                "Actual Startup Time": 921.09,
                                "Actual Total Time": 921.093,
                                "Actual Rows": 1,
                                "Actual Loops": 1
                            },
                            {
                                "Worker Number": 4,
                                "Actual Startup Time": 921.822,
                                "Actual Total Time": 921.825,
                                "Actual Rows": 1,
                                "Actual Loops": 1
                            },
                            {
                                "Worker Number": 5,
                                "Actual Startup Time": 921.823,
                                "Actual Total Time": 921.827,
                                "Actual Rows": 1,
                                "Actual Loops": 1
                            }
                        ],
                        "Plans": [
                            {
                                "Node Type": "Hash Join",
                                "Parent Relationship": "Outer",
                                "Parallel Aware": true,
                                "Join Type": "Inner",
                                "Startup Cost": 45875.11,
                                "Total Cost": 396803.78,
                                "Plan Rows": 145258,
                                "Plan Width": 0,
                                "Actual Startup Time": 268.394,
                                "Actual Total Time": 922.594,
                                "Actual Rows": 2963,
                                "Actual Loops": 7,
                                "Inner Unique": true,
                                "Hash Cond": "(ci.movie_id = t.id)",
                                "Workers": [
                                    {
                                        "Worker Number": 0,
                                        "Actual Startup Time": 267.361,
                                        "Actual Total Time": 920.357,
                                        "Actual Rows": 2779,
                                        "Actual Loops": 1
                                    },
                                    {
                                        "Worker Number": 1,
                                        "Actual Startup Time": 266.824,
                                        "Actual Total Time": 920.662,
                                        "Actual Rows": 2783,
                                        "Actual Loops": 1
                                    },
                                    {
                                        "Worker Number": 2,
                                        "Actual Startup Time": 265.588,
                                        "Actual Total Time": 920.774,
                                        "Actual Rows": 2123,
                                        "Actual Loops": 1
                                    },
                                    {
                                        "Worker Number": 3,
                                        "Actual Startup Time": 265.511,
                                        "Actual Total Time": 920.831,
                                        "Actual Rows": 2873,
                                        "Actual Loops": 1
                                    },
                                    {
                                        "Worker Number": 4,
                                        "Actual Startup Time": 266.02,
                                        "Actual Total Time": 921.564,
                                        "Actual Rows": 3309,
                                        "Actual Loops": 1
                                    },
                                    {
                                        "Worker Number": 5,
                                        "Actual Startup Time": 269.963,
                                        "Actual Total Time": 921.57,
                                        "Actual Rows": 3106,
                                        "Actual Loops": 1
                                    }
                                ],
                                "Plans": [
                                    {
                                        "Node Type": "Seq Scan",
                                        "Parent Relationship": "Outer",
                                        "Parallel Aware": true,
                                        "Relation Name": "cast_info",
                                        "Schema": "public",
                                        "Alias": "ci",
                                        "Startup Cost": 0.0,
                                        "Total Cost": 343318.94,
                                        "Plan Rows": 2898942,
                                        "Plan Width": 4,
                                        "Actual Startup Time": 193.652,
                                        "Actual Total Time": 661.926,
                                        "Actual Rows": 2287116,
                                        "Actual Loops": 7,
                                        "Output": [
                                            "ci.id",
                                            "ci.person_id",
                                            "ci.movie_id",
                                            "ci.person_role_id",
                                            "ci.note",
                                            "ci.nr_order",
                                            "ci.role_id"
                                        ],
                                        "Filter": "((ci.person_id > 1613591) AND (ci.role_id < 10))",
                                        "Rows Removed by Filter": 2890647,
                                        "Workers": [
                                            {
                                                "Worker Number": 0,
                                                "Actual Startup Time": 193.608,
                                                "Actual Total Time": 664.041,
                                                "Actual Rows": 2172826,
                                                "Actual Loops": 1
                                            },
                                            {
                                                "Worker Number": 1,
                                                "Actual Startup Time": 193.6,
                                                "Actual Total Time": 662.517,
                                                "Actual Rows": 2156139,
                                                "Actual Loops": 1
                                            },
                                            {
                                                "Worker Number": 2,
                                                "Actual Startup Time": 193.589,
                                                "Actual Total Time": 660.858,
                                                "Actual Rows": 1609660,
                                                "Actual Loops": 1
                                            },
                                            {
                                                "Worker Number": 3,
                                                "Actual Startup Time": 193.588,
                                                "Actual Total Time": 664.191,
                                                "Actual Rows": 2173336,
                                                "Actual Loops": 1
                                            },
                                            {
                                                "Worker Number": 4,
                                                "Actual Startup Time": 193.748,
                                                "Actual Total Time": 662.82,
                                                "Actual Rows": 2474560,
                                                "Actual Loops": 1
                                            },
                                            {
                                                "Worker Number": 5,
                                                "Actual Startup Time": 193.662,
                                                "Actual Total Time": 661.296,
                                                "Actual Rows": 2432794,
                                                "Actual Loops": 1
                                            }
                                        ]
                                    },
                                    {
                                        "Node Type": "Hash",
                                        "Parent Relationship": "Inner",
                                        "Parallel Aware": true,
                                        "Startup Cost": 45479.21,
                                        "Total Cost": 45479.21,
                                        "Plan Rows": 31672,
                                        "Plan Width": 4,
                                        "Actual Startup Time": 71.713,
                                        "Actual Total Time": 71.714,
                                        "Actual Rows": 1188,
                                        "Actual Loops": 7,
                                        "Output": [
                                            "t.id"
                                        ],
                                        "Hash Buckets": 131072,
                                        "Original Hash Buckets": 131072,
                                        "Hash Batches": 1,
                                        "Original Hash Batches": 1,
                                        "Peak Memory Usage": 1504,
                                        "Workers": [
                                            {
                                                "Worker Number": 0,
                                                "Actual Startup Time": 70.341,
                                                "Actual Total Time": 70.342,
                                                "Actual Rows": 1056,
                                                "Actual Loops": 1
                                            },
                                            {
                                                "Worker Number": 1,
                                                "Actual Startup Time": 70.67,
                                                "Actual Total Time": 70.67,
                                                "Actual Rows": 985,
                                                "Actual Loops": 1
                                            },
                                            {
                                                "Worker Number": 2,
                                                "Actual Startup Time": 70.783,
                                                "Actual Total Time": 70.784,
                                                "Actual Rows": 927,
                                                "Actual Loops": 1
                                            },
                                            {
                                                "Worker Number": 3,
                                                "Actual Startup Time": 70.853,
                                                "Actual Total Time": 70.855,
                                                "Actual Rows": 1077,
                                                "Actual Loops": 1
                                            },
                                            {
                                                "Worker Number": 4,
                                                "Actual Startup Time": 71.476,
                                                "Actual Total Time": 71.477,
                                                "Actual Rows": 1159,
                                                "Actual Loops": 1
                                            },
                                            {
                                                "Worker Number": 5,
                                                "Actual Startup Time": 71.475,
                                                "Actual Total Time": 71.477,
                                                "Actual Rows": 1091,
                                                "Actual Loops": 1
                                            }
                                        ],
                                        "Plans": [
                                            {
                                                "Node Type": "Seq Scan",
                                                "Parent Relationship": "Outer",
                                                "Parallel Aware": true,
                                                "Relation Name": "title",
                                                "Schema": "public",
                                                "Alias": "t",
                                                "Startup Cost": 0.0,
                                                "Total Cost": 45479.21,
                                                "Plan Rows": 31672,
                                                "Plan Width": 4,
                                                "Actual Startup Time": 0.234,
                                                "Actual Total Time": 70.501,
                                                "Actual Rows": 1188,
                                                "Actual Loops": 7,
                                                "Output": [
                                                    "t.id"
                                                ],
                                                "Filter": "((t.kind_id > 1) AND (t.production_year < 1952))",
                                                "Rows Removed by Filter": 359999,
                                                "Workers": [
                                                    {
                                                        "Worker Number": 0,
                                                        "Actual Startup Time": 0.439,
                                                        "Actual Total Time": 69.152,
                                                        "Actual Rows": 1056,
                                                        "Actual Loops": 1
                                                    },
                                                    {
                                                        "Worker Number": 1,
                                                        "Actual Startup Time": 0.347,
                                                        "Actual Total Time": 69.399,
                                                        "Actual Rows": 985,
                                                        "Actual Loops": 1
                                                    },
                                                    {
                                                        "Worker Number": 2,
                                                        "Actual Startup Time": 0.366,
                                                        "Actual Total Time": 69.424,
                                                        "Actual Rows": 927,
                                                        "Actual Loops": 1
                                                    },
                                                    {
                                                        "Worker Number": 3,
                                                        "Actual Startup Time": 0.214,
                                                        "Actual Total Time": 69.578,
                                                        "Actual Rows": 1077,
                                                        "Actual Loops": 1
                                                    },
                                                    {
                                                        "Worker Number": 4,
                                                        "Actual Startup Time": 0.185,
                                                        "Actual Total Time": 70.274,
                                                        "Actual Rows": 1159,
                                                        "Actual Loops": 1
                                                    },
                                                    {
                                                        "Worker Number": 5,
                                                        "Actual Startup Time": 0.065,
                                                        "Actual Total Time": 70.229,
                                                        "Actual Rows": 1091,
                                                        "Actual Loops": 1
                                                    }
                                                ]
                                            }
                                        ]
                                    }
                                ]
                            }
                        ]
                    }
                ]
            }
        ]
    },
    "Planning Time": 0.749,
    "Triggers": [],
    "Execution Time": 982.29
}