[
  {
    "Plan": {
      "Node Type": "Aggregate",
      "Strategy": "Plain",
      "Partial Mode": "Finalize",
      "Parallel Aware": false,
      "Startup Cost": 27312.62,
      "Total Cost": 27312.63,
      "Plan Rows": 1,
      "Plan Width": 8,
      "Actual Startup Time": 42.835,
      "Actual Total Time": 47.717,
      "Actual Rows": 1,
      "Actual Loops": 1,
      "Plans": [
        {
          "Node Type": "Gather",
          "Parent Relationship": "Outer",
          "Parallel Aware": false,
          "Startup Cost": 27312.51,
          "Total Cost": 27312.62,
          "Plan Rows": 1,
          "Plan Width": 8,
          "Actual Startup Time": 42.714,
          "Actual Total Time": 47.711,
          "Actual Rows": 2,
          "Actual Loops": 1,
          "Workers Planned": 1,
          "Workers Launched": 1,
          "Single Copy": false,
          "Plans": [
            {
              "Node Type": "Aggregate",
              "Strategy": "Plain",
              "Partial Mode": "Partial",
              "Parent Relationship": "Outer",
              "Parallel Aware": false,
              "Startup Cost": 26312.51,
              "Total Cost": 26312.52,
              "Plan Rows": 1,
              "Plan Width": 8,
              "Actual Startup Time": 36.22,
              "Actual Total Time": 36.222,
              "Actual Rows": 1,
              "Actual Loops": 2,
              "Plans": [
                {
                  "Node Type": "Nested Loop",
                  "Parent Relationship": "Outer",
                  "Parallel Aware": false,
                  "Join Type": "Inner",
                  "Startup Cost": 74.23,
                  "Total Cost": 26306.0,
                  "Plan Rows": 2601,
                  "Plan Width": 0,
                  "Actual Startup Time": 2.207,
                  "Actual Total Time": 35.661,
                  "Actual Rows": 4746,
                  "Actual Loops": 2,
                  "Inner Unique": false,
                  "Plans": [
                    {
                      "Node Type": "Nested Loop",
                      "Parent Relationship": "Outer",
                      "Parallel Aware": false,
                      "Join Type": "Inner",
                      "Startup Cost": 73.8,
                      "Total Cost": 22946.45,
                      "Plan Rows": 1893,
                      "Plan Width": 8,
                      "Actual Startup Time": 2.051,
                      "Actual Total Time": 22.128,
                      "Actual Rows": 1681,
                      "Actual Loops": 2,
                      "Inner Unique": true,
                      "Plans": [
                        {
                          "Node Type": "Bitmap Heap Scan",
                          "Parent Relationship": "Outer",
                          "Parallel Aware": true,
                          "Relation Name": "movie_companies",
                          "Alias": "mc",
                          "Startup Cost": 73.37,
                          "Total Cost": 8423.61,
                          "Plan Rows": 1893,
                          "Plan Width": 4,
                          "Actual Startup Time": 1.881,
                          "Actual Total Time": 6.048,
                          "Actual Rows": 1681,
                          "Actual Loops": 2,
                          "Recheck Cond": "(company_id = 401)",
                          "Rows Removed by Index Recheck": 0,
                          "Exact Heap Blocks": 1388,
                          "Lossy Heap Blocks": 0,
                          "Plans": [
                            {
                              "Node Type": "Bitmap Index Scan",
                              "Parent Relationship": "Outer",
                              "Parallel Aware": false,
                              "Index Name": "company_id_movie_companies",
                              "Startup Cost": 0.0,
                              "Total Cost": 72.56,
                              "Plan Rows": 3218,
                              "Plan Width": 0,
                              "Actual Startup Time": 2.891,
                              "Actual Total Time": 2.892,
                              "Actual Rows": 3362,
                              "Actual Loops": 1,
                              "Index Cond": "(company_id = 401)"
                            }
                          ]
                        },
                        {
                          "Node Type": "Index Only Scan",
                          "Parent Relationship": "Inner",
                          "Parallel Aware": false,
                          "Scan Direction": "Forward",
                          "Index Name": "title_pkey",
                          "Relation Name": "title",
                          "Alias": "t",
                          "Startup Cost": 0.43,
                          "Total Cost": 7.67,
                          "Plan Rows": 1,
                          "Plan Width": 4,
                          "Actual Startup Time": 0.009,
                          "Actual Total Time": 0.009,
                          "Actual Rows": 1,
                          "Actual Loops": 3362,
                          "Index Cond": "(id = mc.movie_id)",
                          "Rows Removed by Index Recheck": 0,
                          "Heap Fetches": 3362
                        }
                      ]
                    },
                    {
                      "Node Type": "Index Scan",
                      "Parent Relationship": "Inner",
                      "Parallel Aware": false,
                      "Scan Direction": "Forward",
                      "Index Name": "movie_id_movie_keyword",
                      "Relation Name": "movie_keyword",
                      "Alias": "mk",
                      "Startup Cost": 0.43,
                      "Total Cost": 1.42,
                      "Plan Rows": 35,
                      "Plan Width": 4,
                      "Actual Startup Time": 0.006,
                      "Actual Total Time": 0.007,
                      "Actual Rows": 3,
                      "Actual Loops": 3362,
                      "Index Cond": "(movie_id = t.id)",
                      "Rows Removed by Index Recheck": 0,
                      "Filter": "(keyword_id < 16878)",
                      "Rows Removed by Filter": 1
                    }
                  ]
                }
              ]
            }
          ]
        }
      ]
    },
    "Planning Time": 1.466,
    "Triggers": [],
    "Execution Time": 47.816
  }
]