[
  {
    "Plan": {
      "Node Type": "Aggregate",
      "Strategy": "Plain",
      "Partial Mode": "Finalize",
      "Parallel Aware": false,
      "Startup Cost": 333751.12,
      "Total Cost": 333751.13,
      "Plan Rows": 1,
      "Plan Width": 8,
      "Actual Startup Time": 801.513,
      "Actual Total Time": 871.066,
      "Actual Rows": 1,
      "Actual Loops": 1,
      "Plans": [
        {
          "Node Type": "Gather",
          "Parent Relationship": "Outer",
          "Parallel Aware": false,
          "Startup Cost": 333750.49,
          "Total Cost": 333751.1,
          "Plan Rows": 6,
          "Plan Width": 8,
          "Actual Startup Time": 801.266,
          "Actual Total Time": 871.054,
          "Actual Rows": 7,
          "Actual Loops": 1,
          "Workers Planned": 6,
          "Workers Launched": 6,
          "Single Copy": false,
          "Plans": [
            {
              "Node Type": "Aggregate",
              "Strategy": "Plain",
              "Partial Mode": "Partial",
              "Parent Relationship": "Outer",
              "Parallel Aware": false,
              "Startup Cost": 332750.49,
              "Total Cost": 332750.5,
              "Plan Rows": 1,
              "Plan Width": 8,
              "Actual Startup Time": 793.021,
              "Actual Total Time": 793.022,
              "Actual Rows": 1,
              "Actual Loops": 7,
              "Plans": [
                {
                  "Node Type": "Seq Scan",
                  "Parent Relationship": "Outer",
                  "Parallel Aware": true,
                  "Relation Name": "cast_info",
                  "Alias": "ci",
                  "Startup Cost": 0.0,
                  "Total Cost": 328162.03,
                  "Plan Rows": 1835387,
                  "Plan Width": 0,
                  "Actual Startup Time": 345.821,
                  "Actual Total Time": 703.76,
                  "Actual Rows": 1559617,
                  "Actual Loops": 7,
                  "Filter": "(person_id > 2614524)",
                  "Rows Removed by Filter": 3618146
                }
              ]
            }
          ]
        }
      ]
    },
    "Planning Time": 0.187,
    "Triggers": [],
    "Execution Time": 871.142
  }
]