[
  {
    "Plan": {
      "Node Type": "Aggregate",
      "Strategy": "Plain",
      "Partial Mode": "Finalize",
      "Parallel Aware": false,
      "Startup Cost": 47147.91,
      "Total Cost": 47147.92,
      "Plan Rows": 1,
      "Plan Width": 8,
      "Actual Startup Time": 196.539,
      "Actual Total Time": 206.777,
      "Actual Rows": 1,
      "Actual Loops": 1,
      "Plans": [
        {
          "Node Type": "Gather",
          "Parent Relationship": "Outer",
          "Parallel Aware": false,
          "Startup Cost": 47147.59,
          "Total Cost": 47147.9,
          "Plan Rows": 3,
          "Plan Width": 8,
          "Actual Startup Time": 196.292,
          "Actual Total Time": 206.766,
          "Actual Rows": 4,
          "Actual Loops": 1,
          "Workers Planned": 3,
          "Workers Launched": 3,
          "Single Copy": false,
          "Plans": [
            {
              "Node Type": "Aggregate",
              "Strategy": "Plain",
              "Partial Mode": "Partial",
              "Parent Relationship": "Outer",
              "Parallel Aware": false,
              "Startup Cost": 46147.59,
              "Total Cost": 46147.6,
              "Plan Rows": 1,
              "Plan Width": 8,
              "Actual Startup Time": 187.692,
              "Actual Total Time": 187.694,
              "Actual Rows": 1,
              "Actual Loops": 4,
              "Plans": [
                {
                  "Node Type": "Seq Scan",
                  "Parent Relationship": "Outer",
                  "Parallel Aware": true,
                  "Relation Name": "movie_keyword",
                  "Alias": "mk",
                  "Startup Cost": 0.0,
                  "Total Cost": 42695.65,
                  "Plan Rows": 1380776,
                  "Plan Width": 0,
                  "Actual Startup Time": 0.074,
                  "Actual Total Time": 136.415,
                  "Actual Rows": 1067825,
                  "Actual Loops": 4,
                  "Filter": "(keyword_id > 216)",
                  "Rows Removed by Filter": 63157
                }
              ]
            }
          ]
        }
      ]
    },
    "Planning Time": 0.16,
    "Triggers": [],
    "Execution Time": 206.837
  }
]