[
  {
    "Plan": {
      "Node Type": "Aggregate",
      "Strategy": "Plain",
      "Partial Mode": "Finalize",
      "Parallel Aware": false,
      "Startup Cost": 89387.43,
      "Total Cost": 89387.44,
      "Plan Rows": 1,
      "Plan Width": 8,
      "Actual Startup Time": 499.466,
      "Actual Total Time": 516.208,
      "Actual Rows": 1,
      "Actual Loops": 1,
      "Plans": [
        {
          "Node Type": "Gather",
          "Parent Relationship": "Outer",
          "Parallel Aware": false,
          "Startup Cost": 89387.11,
          "Total Cost": 89387.42,
          "Plan Rows": 3,
          "Plan Width": 8,
          "Actual Startup Time": 491.146,
          "Actual Total Time": 516.197,
          "Actual Rows": 4,
          "Actual Loops": 1,
          "Workers Planned": 3,
          "Workers Launched": 3,
          "Single Copy": false,
          "Plans": [
            {
              "Node Type": "Aggregate",
              "Strategy": "Plain",
              "Partial Mode": "Partial",
              "Parent Relationship": "Outer",
              "Parallel Aware": false,
              "Startup Cost": 88387.11,
              "Total Cost": 88387.12,
              "Plan Rows": 1,
              "Plan Width": 8,
              "Actual Startup Time": 473.332,
              "Actual Total Time": 473.336,
              "Actual Rows": 1,
              "Actual Loops": 4,
              "Plans": [
                {
                  "Node Type": "Hash Join",
                  "Parent Relationship": "Outer",
                  "Parallel Aware": true,
                  "Join Type": "Inner",
                  "Startup Cost": 61034.81,
                  "Total Cost": 87976.01,
                  "Plan Rows": 164443,
                  "Plan Width": 0,
                  "Actual Startup Time": 361.401,
                  "Actual Total Time": 467.215,
                  "Actual Rows": 130220,
                  "Actual Loops": 4,
                  "Inner Unique": true,
                  "Hash Cond": "(mk.movie_id = t.id)",
                  "Plans": [
                    {
                      "Node Type": "Bitmap Heap Scan",
                      "Parent Relationship": "Outer",
                      "Parallel Aware": true,
                      "Relation Name": "movie_keyword",
                      "Alias": "mk",
                      "Startup Cost": 10815.17,
                      "Total Cost": 37324.7,
                      "Plan Rows": 164443,
                      "Plan Width": 4,
                      "Actual Startup Time": 26.523,
                      "Actual Total Time": 81.229,
                      "Actual Rows": 130220,
                      "Actual Loops": 4,
                      "Recheck Cond": "(keyword_id < 382)",
                      "Rows Removed by Index Recheck": 0,
                      "Exact Heap Blocks": 7837,
                      "Lossy Heap Blocks": 0,
                      "Plans": [
                        {
                          "Node Type": "Bitmap Index Scan",
                          "Parent Relationship": "Outer",
                          "Parallel Aware": false,
                          "Index Name": "keyword_id_movie_keyword",
                          "Startup Cost": 0.0,
                          "Total Cost": 10687.72,
                          "Plan Rows": 509772,
                          "Plan Width": 0,
                          "Actual Startup Time": 22.979,
                          "Actual Total Time": 22.98,
                          "Actual Rows": 520878,
                          "Actual Loops": 1,
                          "Index Cond": "(keyword_id < 382)"
                        }
                      ]
                    },
                    {
                      "Node Type": "Hash",
                      "Parent Relationship": "Inner",
                      "Parallel Aware": true,
                      "Startup Cost": 42318.73,
                      "Total Cost": 42318.73,
                      "Plan Rows": 632073,
                      "Plan Width": 4,
                      "Actual Startup Time": 324.095,
                      "Actual Total Time": 324.096,
                      "Actual Rows": 632078,
                      "Actual Loops": 4,
                      "Hash Buckets": 4194304,
                      "Original Hash Buckets": 4194304,
                      "Hash Batches": 1,
                      "Original Hash Batches": 1,
                      "Peak Memory Usage": 131744,
                      "Plans": [
                        {
                          "Node Type": "Seq Scan",
                          "Parent Relationship": "Outer",
                          "Parallel Aware": true,
                          "Relation Name": "title",
                          "Alias": "t",
                          "Startup Cost": 0.0,
                          "Total Cost": 42318.73,
                          "Plan Rows": 632073,
                          "Plan Width": 4,
                          "Actual Startup Time": 0.032,
                          "Actual Total Time": 96.506,
                          "Actual Rows": 632078,
                          "Actual Loops": 4
                        }
                      ]
                    }
                  ]
                }
              ]
            }
          ]
        }
      ]
    },
    "Planning Time": 0.729,
    "Triggers": [],
    "Execution Time": 516.314
  }
]