[
  {
    "Plan": {
      "Node Type": "Aggregate",
      "Strategy": "Plain",
      "Partial Mode": "Finalize",
      "Parallel Aware": false,
      "Startup Cost": 108437.19,
      "Total Cost": 108437.2,
      "Plan Rows": 1,
      "Plan Width": 8,
      "Actual Startup Time": 402.989,
      "Actual Total Time": 423.052,
      "Actual Rows": 1,
      "Actual Loops": 1,
      "Plans": [
        {
          "Node Type": "Gather",
          "Parent Relationship": "Outer",
          "Parallel Aware": false,
          "Startup Cost": 108436.88,
          "Total Cost": 108437.19,
          "Plan Rows": 3,
          "Plan Width": 8,
          "Actual Startup Time": 401.287,
          "Actual Total Time": 423.033,
          "Actual Rows": 4,
          "Actual Loops": 1,
          "Workers Planned": 3,
          "Workers Launched": 3,
          "Single Copy": false,
          "Plans": [
            {
              "Node Type": "Aggregate",
              "Strategy": "Plain",
              "Partial Mode": "Partial",
              "Parent Relationship": "Outer",
              "Parallel Aware": false,
              "Startup Cost": 107436.88,
              "Total Cost": 107436.89,
              "Plan Rows": 1,
              "Plan Width": 8,
              "Actual Startup Time": 392.175,
              "Actual Total Time": 392.234,
              "Actual Rows": 1,
              "Actual Loops": 4,
              "Plans": [
                {
                  "Node Type": "Hash Join",
                  "Parent Relationship": "Outer",
                  "Parallel Aware": true,
                  "Join Type": "Inner",
                  "Startup Cost": 62650.28,
                  "Total Cost": 107336.83,
                  "Plan Rows": 40017,
                  "Plan Width": 0,
                  "Actual Startup Time": 228.247,
                  "Actual Total Time": 382.847,
                  "Actual Rows": 238314,
                  "Actual Loops": 4,
                  "Inner Unique": false,
                  "Hash Cond": "(mk.movie_id = t.id)",
                  "Plans": [
                    {
                      "Node Type": "Seq Scan",
                      "Parent Relationship": "Outer",
                      "Parallel Aware": true,
                      "Relation Name": "movie_keyword",
                      "Alias": "mk",
                      "Startup Cost": 0.0,
                      "Total Cost": 39047.32,
                      "Plan Rows": 1459332,
                      "Plan Width": 4,
                      "Actual Startup Time": 0.026,
                      "Actual Total Time": 87.883,
                      "Actual Rows": 1130982,
                      "Actual Loops": 4
                    },
                    {
                      "Node Type": "Hash",
                      "Parent Relationship": "Inner",
                      "Parallel Aware": true,
                      "Startup Cost": 62289.19,
                      "Total Cost": 62289.19,
                      "Plan Rows": 28887,
                      "Plan Width": 8,
                      "Actual Startup Time": 191.32,
                      "Actual Total Time": 191.377,
                      "Actual Rows": 22693,
                      "Actual Loops": 4,
                      "Hash Buckets": 131072,
                      "Original Hash Buckets": 131072,
                      "Hash Batches": 1,
                      "Original Hash Batches": 1,
                      "Peak Memory Usage": 4640,
                      "Plans": [
                        {
                          "Node Type": "Hash Join",
                          "Parent Relationship": "Outer",
                          "Parallel Aware": true,
                          "Join Type": "Inner",
                          "Startup Cost": 46658.54,
                          "Total Cost": 62289.19,
                          "Plan Rows": 28887,
                          "Plan Width": 8,
                          "Actual Startup Time": 147.804,
                          "Actual Total Time": 183.876,
                          "Actual Rows": 22693,
                          "Actual Loops": 4,
                          "Inner Unique": true,
                          "Hash Cond": "(mi_idx.movie_id = t.id)",
                          "Plans": [
                            {
                              "Node Type": "Seq Scan",
                              "Parent Relationship": "Outer",
                              "Parallel Aware": true,
                              "Relation Name": "movie_info_idx",
                              "Alias": "mi_idx",
                              "Startup Cost": 0.0,
                              "Total Cost": 15122.68,
                              "Plan Rows": 193512,
                              "Plan Width": 4,
                              "Actual Startup Time": 0.028,
                              "Actual Total Time": 30.798,
                              "Actual Rows": 114981,
                              "Actual Loops": 4,
                              "Filter": "(info_type_id = 100)",
                              "Rows Removed by Filter": 230028
                            },
                            {
                              "Node Type": "Hash",
                              "Parent Relationship": "Inner",
                              "Parallel Aware": true,
                              "Startup Cost": 45479.1,
                              "Total Cost": 45479.1,
                              "Plan Rows": 94355,
                              "Plan Width": 4,
                              "Actual Startup Time": 124.704,
                              "Actual Total Time": 124.705,
                              "Actual Rows": 70529,
                              "Actual Loops": 4,
                              "Hash Buckets": 524288,
                              "Original Hash Buckets": 524288,
                              "Hash Batches": 1,
                              "Original Hash Batches": 1,
                              "Peak Memory Usage": 15200,
                              "Plans": [
                                {
                                  "Node Type": "Seq Scan",
                                  "Parent Relationship": "Outer",
                                  "Parallel Aware": true,
                                  "Relation Name": "title",
                                  "Alias": "t",
                                  "Startup Cost": 0.0,
                                  "Total Cost": 45479.1,
                                  "Plan Rows": 94355,
                                  "Plan Width": 4,
                                  "Actual Startup Time": 48.414,
                                  "Actual Total Time": 101.803,
                                  "Actual Rows": 70529,
                                  "Actual Loops": 4,
                                  "Filter": "((production_year > 1999) AND (kind_id = 1))",
                                  "Rows Removed by Filter": 561549
                                }
                              ]
                            }
                          ]
                        }
                      ]
                    }
                  ]
                }
              ]
            }
          ]
        }
      ]
    },
    "Planning Time": 1.357,
    "Triggers": [],
    "Execution Time": 423.141
  }
]