[
  {
    "Plan": {
      "Node Type": "Aggregate",
      "Strategy": "Plain",
      "Partial Mode": "Finalize",
      "Parallel Aware": false,
      "Startup Cost": 45867.58,
      "Total Cost": 45867.59,
      "Plan Rows": 1,
      "Plan Width": 8,
      "Actual Startup Time": 130.798,
      "Actual Total Time": 138.055,
      "Actual Rows": 1,
      "Actual Loops": 1,
      "Plans": [
        {
          "Node Type": "Gather",
          "Parent Relationship": "Outer",
          "Parallel Aware": false,
          "Startup Cost": 45867.26,
          "Total Cost": 45867.57,
          "Plan Rows": 3,
          "Plan Width": 8,
          "Actual Startup Time": 130.714,
          "Actual Total Time": 138.049,
          "Actual Rows": 4,
          "Actual Loops": 1,
          "Workers Planned": 3,
          "Workers Launched": 3,
          "Single Copy": false,
          "Plans": [
            {
              "Node Type": "Aggregate",
              "Strategy": "Plain",
              "Partial Mode": "Partial",
              "Parent Relationship": "Outer",
              "Parallel Aware": false,
              "Startup Cost": 44867.26,
              "Total Cost": 44867.27,
              "Plan Rows": 1,
              "Plan Width": 8,
              "Actual Startup Time": 127.86,
              "Actual Total Time": 127.861,
              "Actual Rows": 1,
              "Actual Loops": 4,
              "Plans": [
                {
                  "Node Type": "Seq Scan",
                  "Parent Relationship": "Outer",
                  "Parallel Aware": true,
                  "Relation Name": "movie_keyword",
                  "Alias": "mk",
                  "Startup Cost": 0.0,
                  "Total Cost": 42695.65,
                  "Plan Rows": 868642,
                  "Plan Width": 0,
                  "Actual Startup Time": 0.136,
                  "Actual Total Time": 99.357,
                  "Actual Rows": 672520,
                  "Actual Loops": 4,
                  "Filter": "(keyword_id > 3023)",
                  "Rows Removed by Filter": 458462
                }
              ]
            }
          ]
        }
      ]
    },
    "Planning Time": 0.042,
    "Triggers": [],
    "Execution Time": 138.075
  }
]