[
  {
    "Plan": {
      "Node Type": "Aggregate",
      "Strategy": "Plain",
      "Partial Mode": "Finalize",
      "Parallel Aware": false,
      "Startup Cost": 45873.98,
      "Total Cost": 45873.99,
      "Plan Rows": 1,
      "Plan Width": 8,
      "Actual Startup Time": 159.368,
      "Actual Total Time": 170.149,
      "Actual Rows": 1,
      "Actual Loops": 1,
      "Plans": [
        {
          "Node Type": "Gather",
          "Parent Relationship": "Outer",
          "Parallel Aware": false,
          "Startup Cost": 45873.66,
          "Total Cost": 45873.97,
          "Plan Rows": 3,
          "Plan Width": 8,
          "Actual Startup Time": 159.265,
          "Actual Total Time": 170.14,
          "Actual Rows": 4,
          "Actual Loops": 1,
          "Workers Planned": 3,
          "Workers Launched": 3,
          "Single Copy": false,
          "Plans": [
            {
              "Node Type": "Aggregate",
              "Strategy": "Plain",
              "Partial Mode": "Partial",
              "Parent Relationship": "Outer",
              "Parallel Aware": false,
              "Startup Cost": 44873.66,
              "Total Cost": 44873.67,
              "Plan Rows": 1,
              "Plan Width": 8,
              "Actual Startup Time": 153.523,
              "Actual Total Time": 153.524,
              "Actual Rows": 1,
              "Actual Loops": 4,
              "Plans": [
                {
                  "Node Type": "Seq Scan",
                  "Parent Relationship": "Outer",
                  "Parallel Aware": true,
                  "Relation Name": "movie_keyword",
                  "Alias": "mk",
                  "Startup Cost": 0.0,
                  "Total Cost": 42695.65,
                  "Plan Rows": 871204,
                  "Plan Width": 0,
                  "Actual Startup Time": 0.477,
                  "Actual Total Time": 121.462,
                  "Actual Rows": 672520,
                  "Actual Loops": 4,
                  "Filter": "(keyword_id > 3023)",
                  "Rows Removed by Filter": 458462
                }
              ]
            }
          ]
        }
      ]
    },
    "Planning Time": 0.176,
    "Triggers": [],
    "Execution Time": 170.211
  }
]