[
  {
    "Plan": {
      "Node Type": "Aggregate",
      "Strategy": "Plain",
      "Partial Mode": "Finalize",
      "Parallel Aware": false,
      "Startup Cost": 453012.62,
      "Total Cost": 453012.63,
      "Plan Rows": 1,
      "Plan Width": 8,
      "Actual Startup Time": 2764.85,
      "Actual Total Time": 2827.352,
      "Actual Rows": 1,
      "Actual Loops": 1,
      "Plans": [
        {
          "Node Type": "Gather",
          "Parent Relationship": "Outer",
          "Parallel Aware": false,
          "Startup Cost": 453012.0,
          "Total Cost": 453012.61,
          "Plan Rows": 6,
          "Plan Width": 8,
          "Actual Startup Time": 2732.646,
          "Actual Total Time": 2827.339,
          "Actual Rows": 7,
          "Actual Loops": 1,
          "Workers Planned": 6,
          "Workers Launched": 6,
          "Single Copy": false,
          "Plans": [
            {
              "Node Type": "Aggregate",
              "Strategy": "Plain",
              "Partial Mode": "Partial",
              "Parent Relationship": "Outer",
              "Parallel Aware": false,
              "Startup Cost": 452012.0,
              "Total Cost": 452012.01,
              "Plan Rows": 1,
              "Plan Width": 8,
              "Actual Startup Time": 2722.15,
              "Actual Total Time": 2722.948,
              "Actual Rows": 1,
              "Actual Loops": 7,
              "Plans": [
                {
                  "Node Type": "Hash Join",
                  "Parent Relationship": "Outer",
                  "Parallel Aware": true,
                  "Join Type": "Inner",
                  "Startup Cost": 93157.09,
                  "Total Cost": 449736.98,
                  "Plan Rows": 910009,
                  "Plan Width": 0,
                  "Actual Startup Time": 463.121,
                  "Actual Total Time": 2353.45,
                  "Actual Rows": 8811141,
                  "Actual Loops": 7,
                  "Inner Unique": false,
                  "Hash Cond": "(ci.movie_id = t.id)",
                  "Plans": [
                    {
                      "Node Type": "Seq Scan",
                      "Parent Relationship": "Outer",
                      "Parallel Aware": true,
                      "Relation Name": "cast_info",
                      "Alias": "ci",
                      "Startup Cost": 0.0,
                      "Total Cost": 343257.03,
                      "Plan Rows": 2769956,
                      "Plan Width": 4,
                      "Actual Startup Time": 0.031,
                      "Actual Total Time": 658.788,
                      "Actual Rows": 2718439,
                      "Actual Loops": 7,
                      "Filter": "((person_id < 2116306) AND (role_id < 8))",
                      "Rows Removed by Filter": 2459324
                    },
                    {
                      "Node Type": "Hash",
                      "Parent Relationship": "Inner",
                      "Parallel Aware": true,
                      "Startup Cost": 89807.83,
                      "Total Cost": 89807.83,
                      "Plan Rows": 267941,
                      "Plan Width": 8,
                      "Actual Startup Time": 459.709,
                      "Actual Total Time": 460.506,
                      "Actual Rows": 355168,
                      "Actual Loops": 7,
                      "Hash Buckets": 4194304,
                      "Original Hash Buckets": 1048576,
                      "Hash Batches": 1,
                      "Original Hash Batches": 1,
                      "Peak Memory Usage": 154720,
                      "Plans": [
                        {
                          "Node Type": "Hash Join",
                          "Parent Relationship": "Outer",
                          "Parallel Aware": true,
                          "Join Type": "Inner",
                          "Startup Cost": 46929.75,
                          "Total Cost": 89807.83,
                          "Plan Rows": 267941,
                          "Plan Width": 8,
                          "Actual Startup Time": 131.641,
                          "Actual Total Time": 291.997,
                          "Actual Rows": 355168,
                          "Actual Loops": 7,
                          "Inner Unique": true,
                          "Hash Cond": "(mk.movie_id = t.id)",
                          "Plans": [
                            {
                              "Node Type": "Seq Scan",
                              "Parent Relationship": "Outer",
                              "Parallel Aware": true,
                              "Relation Name": "movie_keyword",
                              "Alias": "mk",
                              "Startup Cost": 0.0,
                              "Total Cost": 39047.32,
                              "Plan Rows": 1459332,
                              "Plan Width": 4,
                              "Actual Startup Time": 0.026,
                              "Actual Total Time": 61.906,
                              "Actual Rows": 646276,
                              "Actual Loops": 7
                            },
                            {
                              "Node Type": "Hash",
                              "Parent Relationship": "Inner",
                              "Parallel Aware": true,
                              "Startup Cost": 45479.1,
                              "Total Cost": 45479.1,
                              "Plan Rows": 116052,
                              "Plan Width": 4,
                              "Actual Startup Time": 130.766,
                              "Actual Total Time": 130.767,
                              "Actual Rows": 79642,
                              "Actual Loops": 7,
                              "Hash Buckets": 1048576,
                              "Original Hash Buckets": 524288,
                              "Hash Batches": 1,
                              "Original Hash Batches": 1,
                              "Peak Memory Usage": 34240,
                              "Plans": [
                                {
                                  "Node Type": "Seq Scan",
                                  "Parent Relationship": "Outer",
                                  "Parallel Aware": true,
                                  "Relation Name": "title",
                                  "Alias": "t",
                                  "Startup Cost": 0.0,
                                  "Total Cost": 45479.1,
                                  "Plan Rows": 116052,
                                  "Plan Width": 4,
                                  "Actual Startup Time": 0.076,
                                  "Actual Total Time": 80.331,
                                  "Actual Rows": 79642,
                                  "Actual Loops": 7,
                                  "Filter": "((kind_id < 7) AND (production_year < 2003))",
                                  "Rows Removed by Filter": 281546
                                }
                              ]
                            }
                          ]
                        }
                      ]
                    }
                  ]
                }
              ]
            }
          ]
        }
      ]
    },
    "Planning Time": 1.354,
    "Triggers": [],
    "Execution Time": 2827.448
  }
]