[
  {
    "Plan": {
      "Node Type": "Aggregate",
      "Strategy": "Plain",
      "Partial Mode": "Finalize",
      "Parallel Aware": false,
      "Startup Cost": 44544.75,
      "Total Cost": 44544.76,
      "Plan Rows": 1,
      "Plan Width": 8,
      "Actual Startup Time": 123.485,
      "Actual Total Time": 132.037,
      "Actual Rows": 1,
      "Actual Loops": 1,
      "Plans": [
        {
          "Node Type": "Gather",
          "Parent Relationship": "Outer",
          "Parallel Aware": false,
          "Startup Cost": 44544.43,
          "Total Cost": 44544.74,
          "Plan Rows": 3,
          "Plan Width": 8,
          "Actual Startup Time": 123.358,
          "Actual Total Time": 132.03,
          "Actual Rows": 4,
          "Actual Loops": 1,
          "Workers Planned": 3,
          "Workers Launched": 3,
          "Single Copy": false,
          "Plans": [
            {
              "Node Type": "Aggregate",
              "Strategy": "Plain",
              "Partial Mode": "Partial",
              "Parent Relationship": "Outer",
              "Parallel Aware": false,
              "Startup Cost": 43544.43,
              "Total Cost": 43544.44,
              "Plan Rows": 1,
              "Plan Width": 8,
              "Actual Startup Time": 114.875,
              "Actual Total Time": 114.876,
              "Actual Rows": 1,
              "Actual Loops": 4,
              "Plans": [
                {
                  "Node Type": "Seq Scan",
                  "Parent Relationship": "Outer",
                  "Parallel Aware": true,
                  "Relation Name": "movie_keyword",
                  "Alias": "mk",
                  "Startup Cost": 0.0,
                  "Total Cost": 42695.65,
                  "Plan Rows": 339511,
                  "Plan Width": 0,
                  "Actual Startup Time": 3.472,
                  "Actual Total Time": 101.608,
                  "Actual Rows": 263399,
                  "Actual Loops": 4,
                  "Filter": "(keyword_id > 16787)",
                  "Rows Removed by Filter": 867584
                }
              ]
            }
          ]
        }
      ]
    },
    "Planning Time": 0.157,
    "Triggers": [],
    "Execution Time": 132.088
  }
]