[
  {
    "Plan": {
      "Node Type": "Aggregate",
      "Strategy": "Plain",
      "Partial Mode": "Finalize",
      "Parallel Aware": false,
      "Startup Cost": 56500.78,
      "Total Cost": 56500.79,
      "Plan Rows": 1,
      "Plan Width": 8,
      "Actual Startup Time": 74.27,
      "Actual Total Time": 82.603,
      "Actual Rows": 1,
      "Actual Loops": 1,
      "Plans": [
        {
          "Node Type": "Gather",
          "Parent Relationship": "Outer",
          "Parallel Aware": false,
          "Startup Cost": 56500.36,
          "Total Cost": 56500.77,
          "Plan Rows": 4,
          "Plan Width": 8,
          "Actual Startup Time": 74.171,
          "Actual Total Time": 82.597,
          "Actual Rows": 5,
          "Actual Loops": 1,
          "Workers Planned": 4,
          "Workers Launched": 4,
          "Single Copy": false,
          "Plans": [
            {
              "Node Type": "Aggregate",
              "Strategy": "Plain",
              "Partial Mode": "Partial",
              "Parent Relationship": "Outer",
              "Parallel Aware": false,
              "Startup Cost": 55500.36,
              "Total Cost": 55500.37,
              "Plan Rows": 1,
              "Plan Width": 8,
              "Actual Startup Time": 69.918,
              "Actual Total Time": 69.919,
              "Actual Rows": 1,
              "Actual Loops": 5,
              "Plans": [
                {
                  "Node Type": "Nested Loop",
                  "Parent Relationship": "Outer",
                  "Parallel Aware": false,
                  "Join Type": "Inner",
                  "Startup Cost": 0.43,
                  "Total Cost": 55498.84,
                  "Plan Rows": 608,
                  "Plan Width": 0,
                  "Actual Startup Time": 1.432,
                  "Actual Total Time": 69.798,
                  "Actual Rows": 1372,
                  "Actual Loops": 5,
                  "Inner Unique": false,
                  "Plans": [
                    {
                      "Node Type": "Seq Scan",
                      "Parent Relationship": "Outer",
                      "Parallel Aware": true,
                      "Relation Name": "title",
                      "Alias": "t",
                      "Startup Cost": 0.0,
                      "Total Cost": 45479.21,
                      "Plan Rows": 589,
                      "Plan Width": 4,
                      "Actual Startup Time": 1.348,
                      "Actual Total Time": 61.585,
                      "Actual Rows": 636,
                      "Actual Loops": 5,
                      "Filter": "((kind_id < 7) AND (production_year = 1954))",
                      "Rows Removed by Filter": 505027
                    },
                    {
                      "Node Type": "Index Only Scan",
                      "Parent Relationship": "Inner",
                      "Parallel Aware": false,
                      "Scan Direction": "Forward",
                      "Index Name": "movie_id_movie_companies",
                      "Relation Name": "movie_companies",
                      "Alias": "mc",
                      "Startup Cost": 0.43,
                      "Total Cost": 16.96,
                      "Plan Rows": 5,
                      "Plan Width": 4,
                      "Actual Startup Time": 0.01,
                      "Actual Total Time": 0.012,
                      "Actual Rows": 2,
                      "Actual Loops": 3178,
                      "Index Cond": "(movie_id = t.id)",
                      "Rows Removed by Index Recheck": 0,
                      "Heap Fetches": 6860
                    }
                  ]
                }
              ]
            }
          ]
        }
      ]
    },
    "Planning Time": 0.19,
    "Triggers": [],
    "Execution Time": 82.631
  }
]