[
  {
    "Plan": {
      "Node Type": "Aggregate",
      "Strategy": "Plain",
      "Partial Mode": "Finalize",
      "Parallel Aware": false,
      "Startup Cost": 58100.72,
      "Total Cost": 58100.73,
      "Plan Rows": 1,
      "Plan Width": 8,
      "Actual Startup Time": 100.786,
      "Actual Total Time": 114.225,
      "Actual Rows": 1,
      "Actual Loops": 1,
      "Plans": [
        {
          "Node Type": "Gather",
          "Parent Relationship": "Outer",
          "Parallel Aware": false,
          "Startup Cost": 58100.3,
          "Total Cost": 58100.71,
          "Plan Rows": 4,
          "Plan Width": 8,
          "Actual Startup Time": 100.677,
          "Actual Total Time": 114.217,
          "Actual Rows": 5,
          "Actual Loops": 1,
          "Workers Planned": 4,
          "Workers Launched": 4,
          "Single Copy": false,
          "Plans": [
            {
              "Node Type": "Aggregate",
              "Strategy": "Plain",
              "Partial Mode": "Partial",
              "Parent Relationship": "Outer",
              "Parallel Aware": false,
              "Startup Cost": 57100.3,
              "Total Cost": 57100.31,
              "Plan Rows": 1,
              "Plan Width": 8,
              "Actual Startup Time": 91.15,
              "Actual Total Time": 91.152,
              "Actual Rows": 1,
              "Actual Loops": 5,
              "Plans": [
                {
                  "Node Type": "Nested Loop",
                  "Parent Relationship": "Outer",
                  "Parallel Aware": false,
                  "Join Type": "Inner",
                  "Startup Cost": 0.43,
                  "Total Cost": 57098.44,
                  "Plan Rows": 742,
                  "Plan Width": 0,
                  "Actual Startup Time": 3.623,
                  "Actual Total Time": 91.014,
                  "Actual Rows": 1372,
                  "Actual Loops": 5,
                  "Inner Unique": false,
                  "Plans": [
                    {
                      "Node Type": "Seq Scan",
                      "Parent Relationship": "Outer",
                      "Parallel Aware": true,
                      "Relation Name": "title",
                      "Alias": "t",
                      "Startup Cost": 0.0,
                      "Total Cost": 45479.1,
                      "Plan Rows": 719,
                      "Plan Width": 4,
                      "Actual Startup Time": 3.142,
                      "Actual Total Time": 81.644,
                      "Actual Rows": 636,
                      "Actual Loops": 5,
                      "Filter": "((kind_id < 7) AND (production_year = 1954))",
                      "Rows Removed by Filter": 505027
                    },
                    {
                      "Node Type": "Index Only Scan",
                      "Parent Relationship": "Inner",
                      "Parallel Aware": false,
                      "Scan Direction": "Forward",
                      "Index Name": "movie_id_movie_companies",
                      "Relation Name": "movie_companies",
                      "Alias": "mc",
                      "Startup Cost": 0.43,
                      "Total Cost": 16.11,
                      "Plan Rows": 5,
                      "Plan Width": 4,
                      "Actual Startup Time": 0.012,
                      "Actual Total Time": 0.014,
                      "Actual Rows": 2,
                      "Actual Loops": 3178,
                      "Index Cond": "(movie_id = t.id)",
                      "Rows Removed by Index Recheck": 0,
                      "Heap Fetches": 6860
                    }
                  ]
                }
              ]
            }
          ]
        }
      ]
    },
    "Planning Time": 0.56,
    "Triggers": [],
    "Execution Time": 114.289
  }
]