[
  {
    "Plan": {
      "Node Type": "Aggregate",
      "Strategy": "Plain",
      "Partial Mode": "Finalize",
      "Parallel Aware": false,
      "Startup Cost": 33011.36,
      "Total Cost": 33011.37,
      "Plan Rows": 1,
      "Plan Width": 8,
      "Actual Startup Time": 98.428,
      "Actual Total Time": 107.644,
      "Actual Rows": 1,
      "Actual Loops": 1,
      "Plans": [
        {
          "Node Type": "Gather",
          "Parent Relationship": "Outer",
          "Parallel Aware": false,
          "Startup Cost": 33011.04,
          "Total Cost": 33011.35,
          "Plan Rows": 3,
          "Plan Width": 8,
          "Actual Startup Time": 98.149,
          "Actual Total Time": 107.634,
          "Actual Rows": 4,
          "Actual Loops": 1,
          "Workers Planned": 3,
          "Workers Launched": 3,
          "Single Copy": false,
          "Plans": [
            {
              "Node Type": "Aggregate",
              "Strategy": "Plain",
              "Partial Mode": "Partial",
              "Parent Relationship": "Outer",
              "Parallel Aware": false,
              "Startup Cost": 32011.04,
              "Total Cost": 32011.05,
              "Plan Rows": 1,
              "Plan Width": 8,
              "Actual Startup Time": 94.147,
              "Actual Total Time": 94.148,
              "Actual Rows": 1,
              "Actual Loops": 4,
              "Plans": [
                {
                  "Node Type": "Seq Scan",
                  "Parent Relationship": "Outer",
                  "Parallel Aware": true,
                  "Relation Name": "movie_companies",
                  "Alias": "mc",
                  "Startup Cost": 0.0,
                  "Total Cost": 31414.82,
                  "Plan Rows": 238488,
                  "Plan Width": 0,
                  "Actual Startup Time": 44.783,
                  "Actual Total Time": 86.966,
                  "Actual Rows": 116636,
                  "Actual Loops": 4,
                  "Filter": "((company_id < 13086) AND (company_type_id > 1))",
                  "Rows Removed by Filter": 535646
                }
              ]
            }
          ]
        }
      ]
    },
    "Planning Time": 0.111,
    "Triggers": [],
    "Execution Time": 107.675
  }
]