[
    {
        "Bao": {
            "Bao prediction": 454.093,
            "Bao recommended hint": "(no hint)"
        }
    },
    {
        "Plan": {
            "Node Type": "Aggregate",
            "Strategy": "Plain",
            "Partial Mode": "Finalize",
            "Parallel Aware": false,
            "Startup Cost": 33135.66,
            "Total Cost": 33135.67,
            "Plan Rows": 1,
            "Plan Width": 8,
            "Actual Startup Time": 99.926,
            "Actual Total Time": 107.14,
            "Actual Rows": 1,
            "Actual Loops": 1,
            "Output": [
                "count(*)"
            ],
            "Plans": [
                {
                    "Node Type": "Gather",
                    "Parent Relationship": "Outer",
                    "Parallel Aware": false,
                    "Startup Cost": 33135.34,
                    "Total Cost": 33135.65,
                    "Plan Rows": 3,
                    "Plan Width": 8,
                    "Actual Startup Time": 99.85,
                    "Actual Total Time": 107.134,
                    "Actual Rows": 4,
                    "Actual Loops": 1,
                    "Output": [
                        "(PARTIAL count(*))"
                    ],
                    "Workers Planned": 3,
                    "Workers Launched": 3,
                    "Single Copy": false,
                    "Plans": [
                        {
                            "Node Type": "Aggregate",
                            "Strategy": "Plain",
                            "Partial Mode": "Partial",
                            "Parent Relationship": "Outer",
                            "Parallel Aware": false,
                            "Startup Cost": 32135.34,
                            "Total Cost": 32135.35,
                            "Plan Rows": 1,
                            "Plan Width": 8,
                            "Actual Startup Time": 92.042,
                            "Actual Total Time": 92.043,
                            "Actual Rows": 1,
                            "Actual Loops": 4,
                            "Output": [
                                "PARTIAL count(*)"
                            ],
                            "Workers": [
                                {
                                    "Worker Number": 0,
                                    "Actual Startup Time": 89.511,
                                    "Actual Total Time": 89.513,
                                    "Actual Rows": 1,
                                    "Actual Loops": 1
                                },
                                {
                                    "Worker Number": 1,
                                    "Actual Startup Time": 89.522,
                                    "Actual Total Time": 89.523,
                                    "Actual Rows": 1,
                                    "Actual Loops": 1
                                },
                                {
                                    "Worker Number": 2,
                                    "Actual Startup Time": 89.906,
                                    "Actual Total Time": 89.906,
                                    "Actual Rows": 1,
                                    "Actual Loops": 1
                                }
                            ],
                            "Plans": [
                                {
                                    "Node Type": "Seq Scan",
                                    "Parent Relationship": "Outer",
                                    "Parallel Aware": true,
                                    "Relation Name": "movie_companies",
                                    "Schema": "public",
                                    "Alias": "mc",
                                    "Startup Cost": 0.0,
                                    "Total Cost": 31414.82,
                                    "Plan Rows": 288209,
                                    "Plan Width": 0,
                                    "Actual Startup Time": 48.186,
                                    "Actual Total Time": 81.313,
                                    "Actual Rows": 271216,
                                    "Actual Loops": 4,
                                    "Output": [
                                        "id",
                                        "movie_id",
                                        "company_id",
                                        "company_type_id",
                                        "note"
                                    ],
                                    "Filter": "((mc.company_id > 2403) AND (mc.company_type_id > 1))",
                                    "Rows Removed by Filter": 381066,
                                    "Workers": [
                                        {
                                            "Worker Number": 0,
                                            "Actual Startup Time": 45.66,
                                            "Actual Total Time": 78.883,
                                            "Actual Rows": 263338,
                                            "Actual Loops": 1
                                        },
                                        {
                                            "Worker Number": 1,
                                            "Actual Startup Time": 45.66,
                                            "Actual Total Time": 78.98,
                                            "Actual Rows": 260357,
                                            "Actual Loops": 1
                                        },
                                        {
                                            "Worker Number": 2,
                                            "Actual Startup Time": 46.053,
                                            "Actual Total Time": 79.523,
                                            "Actual Rows": 257001,
                                            "Actual Loops": 1
                                        }
                                    ]
                                }
                            ]
                        }
                    ]
                }
            ]
        },
        "Planning Time": 698.549,
        "Triggers": [],
        "Execution Time": 107.22
    }
]