{
  "Plan": {
    "Node Type": "Aggregate",
    "Strategy": "Plain",
    "Partial Mode": "Finalize",
    "Parallel Aware": false,
    "Startup Cost": 742773.19,
    "Total Cost": 742773.2,
    "Plan Rows": 1,
    "Plan Width": 8,
    "Actual Startup Time": 6688.585,
    "Actual Total Time": 6750.651,
    "Actual Rows": 1,
    "Actual Loops": 1,
    "Plans": [
      {
        "Node Type": "Gather",
        "Parent Relationship": "Outer",
        "Parallel Aware": false,
        "Startup Cost": 742773.08,
        "Total Cost": 742773.19,
        "Plan Rows": 1,
        "Plan Width": 8,
        "Actual Startup Time": 6682.157,
        "Actual Total Time": 6750.64,
        "Actual Rows": 2,
        "Actual Loops": 1,
        "Workers Planned": 1,
        "Workers Launched": 1,
        "Single Copy": false,
        "Plans": [
          {
            "Node Type": "Aggregate",
            "Strategy": "Plain",
            "Partial Mode": "Partial",
            "Parent Relationship": "Outer",
            "Parallel Aware": false,
            "Startup Cost": 741773.08,
            "Total Cost": 741773.09,
            "Plan Rows": 1,
            "Plan Width": 8,
            "Actual Startup Time": 6676.186,
            "Actual Total Time": 6676.194,
            "Actual Rows": 1,
            "Actual Loops": 2,
            "Plans": [
              {
                "Node Type": "Hash Join",
                "Parent Relationship": "Outer",
                "Parallel Aware": true,
                "Join Type": "Inner",
                "Startup Cost": 127833.77,
                "Total Cost": 729193.26,
                "Plan Rows": 5031927,
                "Plan Width": 0,
                "Actual Startup Time": 1097.82,
                "Actual Total Time": 6121.47,
                "Actual Rows": 13149850,
                "Actual Loops": 2,
                "Inner Unique": false,
                "Hash Cond": "(ci.movie_id = t.id)",
                "Plans": [
                  {
                    "Node Type": "Seq Scan",
                    "Parent Relationship": "Outer",
                    "Parallel Aware": true,
                    "Relation Name": "cast_info",
                    "Alias": "ci",
                    "Startup Cost": 0.0,
                    "Total Cost": 519069.44,
                    "Plan Rows": 14050786,
                    "Plan Width": 4,
                    "Actual Startup Time": 0.02,
                    "Actual Total Time": 1896.89,
                    "Actual Rows": 12065349,
                    "Actual Loops": 2,
                    "Filter": "(role_id < 4)",
                    "Rows Removed by Filter": 6056823
                  },
                  {
                    "Node Type": "Hash",
                    "Parent Relationship": "Inner",
                    "Parallel Aware": true,
                    "Startup Cost": 121176.1,
                    "Total Cost": 121176.1,
                    "Plan Rows": 532614,
                    "Plan Width": 8,
                    "Actual Startup Time": 1088.214,
                    "Actual Total Time": 1088.22,
                    "Actual Rows": 448829,
                    "Actual Loops": 2,
                    "Hash Buckets": 1048576,
                    "Original Hash Buckets": 1048576,
                    "Hash Batches": 1,
                    "Original Hash Batches": 1,
                    "Peak Memory Usage": 43328,
                    "Plans": [
                      {
                        "Node Type": "Hash Join",
                        "Parent Relationship": "Outer",
                        "Parallel Aware": true,
                        "Join Type": "Inner",
                        "Startup Cost": 88666.32,
                        "Total Cost": 121176.1,
                        "Plan Rows": 532614,
                        "Plan Width": 8,
                        "Actual Startup Time": 729.8,
                        "Actual Total Time": 974.252,
                        "Actual Rows": 448829,
                        "Actual Loops": 2,
                        "Inner Unique": true,
                        "Hash Cond": "(mk.movie_id = t.id)",
                        "Plans": [
                          {
                            "Node Type": "Bitmap Heap Scan",
                            "Parent Relationship": "Outer",
                            "Parallel Aware": true,
                            "Relation Name": "movie_keyword",
                            "Alias": "mk",
                            "Startup Cost": 19205.62,
                            "Total Cost": 50317.28,
                            "Plan Rows": 532614,
                            "Plan Width": 4,
                            "Actual Startup Time": 63.783,
                            "Actual Total Time": 173.047,
                            "Actual Rows": 448829,
                            "Actual Loops": 2,
                            "Recheck Cond": "(keyword_id > 20576)",
                            "Rows Removed by Index Recheck": 0,
                            "Exact Heap Blocks": 10248,
                            "Lossy Heap Blocks": 0,
                            "Plans": [
                              {
                                "Node Type": "Bitmap Index Scan",
                                "Parent Relationship": "Outer",
                                "Parallel Aware": false,
                                "Index Name": "keyword_id_movie_keyword",
                                "Startup Cost": 0.0,
                                "Total Cost": 18979.25,
                                "Plan Rows": 905443,
                                "Plan Width": 0,
                                "Actual Startup Time": 60.178,
                                "Actual Total Time": 60.178,
                                "Actual Rows": 897658,
                                "Actual Loops": 1,
                                "Index Cond": "(keyword_id > 20576)"
                              }
                            ]
                          },
                          {
                            "Node Type": "Hash",
                            "Parent Relationship": "Inner",
                            "Parallel Aware": true,
                            "Startup Cost": 50870.31,
                            "Total Cost": 50870.31,
                            "Plan Rows": 1487231,
                            "Plan Width": 4,
                            "Actual Startup Time": 648.082,
                            "Actual Total Time": 648.083,
                            "Actual Rows": 1264156,
                            "Actual Loops": 2,
                            "Hash Buckets": 4194304,
                            "Original Hash Buckets": 4194304,
                            "Hash Batches": 1,
                            "Original Hash Batches": 1,
                            "Peak Memory Usage": 131680,
                            "Plans": [
                              {
                                "Node Type": "Seq Scan",
                                "Parent Relationship": "Outer",
                                "Parallel Aware": true,
                                "Relation Name": "title",
                                "Alias": "t",
                                "Startup Cost": 0.0,
                                "Total Cost": 50870.31,
                                "Plan Rows": 1487231,
                                "Plan Width": 4,
                                "Actual Startup Time": 0.034,
                                "Actual Total Time": 187.01,
                                "Actual Rows": 1264156,
                                "Actual Loops": 2
                              }
                            ]
                          }
                        ]
                      }
                    ]
                  }
                ]
              }
            ]
          }
        ]
      }
    ]
  },
  "Planning Time": 0.994,
  "Triggers": [],
  "Execution Time": 6750.761
}