{
    "Plan": {
        "Node Type": "Aggregate",
        "Strategy": "Plain",
        "Partial Mode": "Simple",
        "Parallel Aware": false,
        "Startup Cost": 51734.12,
        "Total Cost": 51734.13,
        "Plan Rows": 1,
        "Plan Width": 8,
        "Actual Startup Time": 30.937,
        "Actual Total Time": 30.938,
        "Actual Rows": 1,
        "Actual Loops": 1,
        "Output": [
            "count(*)"
        ],
        "Plans": [
            {
                "Node Type": "Nested Loop",
                "Parent Relationship": "Outer",
                "Parallel Aware": false,
                "Join Type": "Inner",
                "Startup Cost": 0.86,
                "Total Cost": 51731.5,
                "Plan Rows": 1049,
                "Plan Width": 0,
                "Actual Startup Time": 0.178,
                "Actual Total Time": 30.269,
                "Actual Rows": 2872,
                "Actual Loops": 1,
                "Inner Unique": true,
                "Plans": [
                    {
                        "Node Type": "Index Scan",
                        "Parent Relationship": "Outer",
                        "Parallel Aware": false,
                        "Scan Direction": "Forward",
                        "Index Name": "keyword_id_movie_keyword",
                        "Relation Name": "movie_keyword",
                        "Schema": "public",
                        "Alias": "mk",
                        "Startup Cost": 0.43,
                        "Total Cost": 17208.06,
                        "Plan Rows": 4675,
                        "Plan Width": 4,
                        "Actual Startup Time": 0.135,
                        "Actual Total Time": 6.487,
                        "Actual Rows": 4151,
                        "Actual Loops": 1,
                        "Output": [
                            "mk.id",
                            "mk.movie_id",
                            "mk.keyword_id"
                        ],
                        "Index Cond": "(mk.keyword_id = 3644)",
                        "Rows Removed by Index Recheck": 0
                    },
                    {
                        "Node Type": "Index Scan",
                        "Parent Relationship": "Inner",
                        "Parallel Aware": false,
                        "Scan Direction": "Forward",
                        "Index Name": "title_pkey",
                        "Relation Name": "title",
                        "Schema": "public",
                        "Alias": "t",
                        "Startup Cost": 0.43,
                        "Total Cost": 7.38,
                        "Plan Rows": 1,
                        "Plan Width": 4,
                        "Actual Startup Time": 0.005,
                        "Actual Total Time": 0.005,
                        "Actual Rows": 1,
                        "Actual Loops": 4151,
                        "Output": [
                            "t.id",
                            "t.title",
                            "t.imdb_index",
                            "t.kind_id",
                            "t.production_year",
                            "t.imdb_id",
                            "t.phonetic_code",
                            "t.episode_of_id",
                            "t.season_nr",
                            "t.episode_nr",
                            "t.series_years",
                            "t.md5sum"
                        ],
                        "Index Cond": "(t.id = mk.movie_id)",
                        "Rows Removed by Index Recheck": 0,
                        "Filter": "((t.kind_id < 7) AND (t.production_year < 2006))",
                        "Rows Removed by Filter": 0
                    }
                ]
            }
        ]
    },
    "Planning Time": 0.573,
    "Triggers": [],
    "Execution Time": 30.99
}