[
  {
    "Plan": {
      "Node Type": "Aggregate",
      "Strategy": "Plain",
      "Partial Mode": "Finalize",
      "Parallel Aware": false,
      "Startup Cost": 297100.91,
      "Total Cost": 297100.92,
      "Plan Rows": 1,
      "Plan Width": 8,
      "Actual Startup Time": 924.795,
      "Actual Total Time": 973.472,
      "Actual Rows": 1,
      "Actual Loops": 1,
      "Plans": [
        {
          "Node Type": "Gather",
          "Parent Relationship": "Outer",
          "Parallel Aware": false,
          "Startup Cost": 297100.39,
          "Total Cost": 297100.9,
          "Plan Rows": 5,
          "Plan Width": 8,
          "Actual Startup Time": 921.582,
          "Actual Total Time": 973.459,
          "Actual Rows": 6,
          "Actual Loops": 1,
          "Workers Planned": 5,
          "Workers Launched": 5,
          "Single Copy": false,
          "Plans": [
            {
              "Node Type": "Aggregate",
              "Strategy": "Plain",
              "Partial Mode": "Partial",
              "Parent Relationship": "Outer",
              "Parallel Aware": false,
              "Startup Cost": 296100.39,
              "Total Cost": 296100.4,
              "Plan Rows": 1,
              "Plan Width": 8,
              "Actual Startup Time": 911.43,
              "Actual Total Time": 911.506,
              "Actual Rows": 1,
              "Actual Loops": 6,
              "Plans": [
                {
                  "Node Type": "Hash Join",
                  "Parent Relationship": "Outer",
                  "Parallel Aware": true,
                  "Join Type": "Inner",
                  "Startup Cost": 91123.27,
                  "Total Cost": 295083.48,
                  "Plan Rows": 406763,
                  "Plan Width": 0,
                  "Actual Startup Time": 246.882,
                  "Actual Total Time": 864.271,
                  "Actual Rows": 1121384,
                  "Actual Loops": 6,
                  "Inner Unique": false,
                  "Hash Cond": "(mi.movie_id = t.id)",
                  "Plans": [
                    {
                      "Node Type": "Seq Scan",
                      "Parent Relationship": "Outer",
                      "Parallel Aware": true,
                      "Relation Name": "movie_info",
                      "Alias": "mi",
                      "Startup Cost": 0.0,
                      "Total Cost": 191560.33,
                      "Plan Rows": 2956733,
                      "Plan Width": 4,
                      "Actual Startup Time": 0.033,
                      "Actual Total Time": 296.336,
                      "Actual Rows": 2472620,
                      "Actual Loops": 6
                    },
                    {
                      "Node Type": "Hash",
                      "Parent Relationship": "Inner",
                      "Parallel Aware": true,
                      "Startup Cost": 89720.75,
                      "Total Cost": 89720.75,
                      "Plan Rows": 112201,
                      "Plan Width": 8,
                      "Actual Startup Time": 243.765,
                      "Actual Total Time": 243.839,
                      "Actual Rows": 26173,
                      "Actual Loops": 6,
                      "Hash Buckets": 524288,
                      "Original Hash Buckets": 524288,
                      "Hash Batches": 1,
                      "Original Hash Batches": 1,
                      "Peak Memory Usage": 10336,
                      "Plans": [
                        {
                          "Node Type": "Hash Join",
                          "Parent Relationship": "Outer",
                          "Parallel Aware": true,
                          "Join Type": "Inner",
                          "Startup Cost": 45121.09,
                          "Total Cost": 89720.75,
                          "Plan Rows": 112201,
                          "Plan Width": 8,
                          "Actual Startup Time": 118.905,
                          "Actual Total Time": 236.139,
                          "Actual Rows": 26173,
                          "Actual Loops": 6,
                          "Inner Unique": true,
                          "Hash Cond": "(mk.movie_id = t.id)",
                          "Plans": [
                            {
                              "Node Type": "Seq Scan",
                              "Parent Relationship": "Outer",
                              "Parallel Aware": true,
                              "Relation Name": "movie_keyword",
                              "Alias": "mk",
                              "Startup Cost": 0.0,
                              "Total Cost": 42695.65,
                              "Plan Rows": 725337,
                              "Plan Width": 4,
                              "Actual Startup Time": 0.24,
                              "Actual Total Time": 78.193,
                              "Actual Rows": 374522,
                              "Actual Loops": 6,
                              "Filter": "(keyword_id > 4801)",
                              "Rows Removed by Filter": 379466
                            },
                            {
                              "Node Type": "Hash",
                              "Parent Relationship": "Inner",
                              "Parallel Aware": true,
                              "Startup Cost": 43898.92,
                              "Total Cost": 43898.92,
                              "Plan Rows": 97774,
                              "Plan Width": 4,
                              "Actual Startup Time": 117.067,
                              "Actual Total Time": 117.068,
                              "Actual Rows": 65278,
                              "Actual Loops": 6,
                              "Hash Buckets": 524288,
                              "Original Hash Buckets": 524288,
                              "Hash Batches": 1,
                              "Original Hash Batches": 1,
                              "Peak Memory Usage": 19520,
                              "Plans": [
                                {
                                  "Node Type": "Seq Scan",
                                  "Parent Relationship": "Outer",
                                  "Parallel Aware": true,
                                  "Relation Name": "title",
                                  "Alias": "t",
                                  "Startup Cost": 0.0,
                                  "Total Cost": 43898.92,
                                  "Plan Rows": 97774,
                                  "Plan Width": 4,
                                  "Actual Startup Time": 0.045,
                                  "Actual Total Time": 82.808,
                                  "Actual Rows": 65278,
                                  "Actual Loops": 6,
                                  "Filter": "(production_year > 2010)",
                                  "Rows Removed by Filter": 356108
                                }
                              ]
                            }
                          ]
                        }
                      ]
                    }
                  ]
                }
              ]
            }
          ]
        }
      ]
    },
    "Planning Time": 1.4,
    "Triggers": [],
    "Execution Time": 973.572
  }
]