[
  {
    "Plan": {
      "Node Type": "Aggregate",
      "Strategy": "Plain",
      "Partial Mode": "Finalize",
      "Parallel Aware": false,
      "Startup Cost": 44987.83,
      "Total Cost": 44987.84,
      "Plan Rows": 1,
      "Plan Width": 8,
      "Actual Startup Time": 92.334,
      "Actual Total Time": 105.25,
      "Actual Rows": 1,
      "Actual Loops": 1,
      "Plans": [
        {
          "Node Type": "Gather",
          "Parent Relationship": "Outer",
          "Parallel Aware": false,
          "Startup Cost": 44987.41,
          "Total Cost": 44987.82,
          "Plan Rows": 4,
          "Plan Width": 8,
          "Actual Startup Time": 92.142,
          "Actual Total Time": 105.242,
          "Actual Rows": 5,
          "Actual Loops": 1,
          "Workers Planned": 4,
          "Workers Launched": 4,
          "Single Copy": false,
          "Plans": [
            {
              "Node Type": "Aggregate",
              "Strategy": "Plain",
              "Partial Mode": "Partial",
              "Parent Relationship": "Outer",
              "Parallel Aware": false,
              "Startup Cost": 43987.41,
              "Total Cost": 43987.42,
              "Plan Rows": 1,
              "Plan Width": 8,
              "Actual Startup Time": 87.272,
              "Actual Total Time": 87.274,
              "Actual Rows": 1,
              "Actual Loops": 5,
              "Plans": [
                {
                  "Node Type": "Seq Scan",
                  "Parent Relationship": "Outer",
                  "Parallel Aware": true,
                  "Relation Name": "title",
                  "Alias": "t",
                  "Startup Cost": 0.0,
                  "Total Cost": 43899.32,
                  "Plan Rows": 35237,
                  "Plan Width": 0,
                  "Actual Startup Time": 3.815,
                  "Actual Total Time": 85.433,
                  "Actual Rows": 30302,
                  "Actual Loops": 5,
                  "Filter": "(production_year < 1945)",
                  "Rows Removed by Filter": 475360
                }
              ]
            }
          ]
        }
      ]
    },
    "Planning Time": 0.092,
    "Triggers": [],
    "Execution Time": 105.288
  }
]