{
  "Plan": {
    "Node Type": "Aggregate",
    "Strategy": "Plain",
    "Partial Mode": "Finalize",
    "Parallel Aware": false,
    "Startup Cost": 280790.93,
    "Total Cost": 280790.94,
    "Plan Rows": 1,
    "Plan Width": 8,
    "Actual Startup Time": 530.297,
    "Actual Total Time": 547.17,
    "Actual Rows": 1,
    "Actual Loops": 1,
    "Plans": [
      {
        "Node Type": "Gather",
        "Parent Relationship": "Outer",
        "Parallel Aware": false,
        "Startup Cost": 280790.82,
        "Total Cost": 280790.93,
        "Plan Rows": 1,
        "Plan Width": 8,
        "Actual Startup Time": 529.625,
        "Actual Total Time": 547.161,
        "Actual Rows": 2,
        "Actual Loops": 1,
        "Workers Planned": 1,
        "Workers Launched": 1,
        "Single Copy": false,
        "Plans": [
          {
            "Node Type": "Aggregate",
            "Strategy": "Plain",
            "Partial Mode": "Partial",
            "Parent Relationship": "Outer",
            "Parallel Aware": false,
            "Startup Cost": 279790.82,
            "Total Cost": 279790.83,
            "Plan Rows": 1,
            "Plan Width": 8,
            "Actual Startup Time": 523.663,
            "Actual Total Time": 523.668,
            "Actual Rows": 1,
            "Actual Loops": 2,
            "Plans": [
              {
                "Node Type": "Hash Join",
                "Parent Relationship": "Outer",
                "Parallel Aware": true,
                "Join Type": "Inner",
                "Startup Cost": 96956.47,
                "Total Cost": 279556.02,
                "Plan Rows": 93918,
                "Plan Width": 0,
                "Actual Startup Time": 240.599,
                "Actual Total Time": 516.978,
                "Actual Rows": 158086,
                "Actual Loops": 2,
                "Inner Unique": true,
                "Hash Cond": "(mi.movie_id = t.id)",
                "Plans": [
                  {
                    "Node Type": "Bitmap Heap Scan",
                    "Parent Relationship": "Outer",
                    "Parallel Aware": true,
                    "Relation Name": "movie_info",
                    "Alias": "mi",
                    "Startup Cost": 41958.26,
                    "Total Cost": 220981.46,
                    "Plan Rows": 1362416,
                    "Plan Width": 4,
                    "Actual Startup Time": 92.362,
                    "Actual Total Time": 268.891,
                    "Actual Rows": 1116925,
                    "Actual Loops": 2,
                    "Recheck Cond": "(info_type_id > 16)",
                    "Rows Removed by Index Recheck": 0,
                    "Exact Heap Blocks": 28935,
                    "Lossy Heap Blocks": 0,
                    "Plans": [
                      {
                        "Node Type": "Bitmap Index Scan",
                        "Parent Relationship": "Outer",
                        "Parallel Aware": false,
                        "Index Name": "info_type_id_movie_info",
                        "Startup Cost": 0.0,
                        "Total Cost": 41379.24,
                        "Plan Rows": 2316107,
                        "Plan Width": 0,
                        "Actual Startup Time": 84.234,
                        "Actual Total Time": 84.235,
                        "Actual Rows": 2233850,
                        "Actual Loops": 1,
                        "Index Cond": "(info_type_id > 16)"
                      }
                    ]
                  },
                  {
                    "Node Type": "Hash",
                    "Parent Relationship": "Inner",
                    "Parallel Aware": true,
                    "Startup Cost": 53716.68,
                    "Total Cost": 53716.68,
                    "Plan Rows": 102522,
                    "Plan Width": 4,
                    "Actual Startup Time": 108.3,
                    "Actual Total Time": 108.301,
                    "Actual Rows": 80143,
                    "Actual Loops": 2,
                    "Hash Buckets": 262144,
                    "Original Hash Buckets": 262144,
                    "Hash Batches": 1,
                    "Original Hash Batches": 1,
                    "Peak Memory Usage": 8352,
                    "Plans": [
                      {
                        "Node Type": "Bitmap Heap Scan",
                        "Parent Relationship": "Outer",
                        "Parallel Aware": true,
                        "Relation Name": "title",
                        "Alias": "t",
                        "Startup Cost": 11866.42,
                        "Total Cost": 53716.68,
                        "Plan Rows": 102522,
                        "Plan Width": 4,
                        "Actual Startup Time": 23.581,
                        "Actual Total Time": 90.465,
                        "Actual Rows": 80143,
                        "Actual Loops": 2,
                        "Recheck Cond": "(kind_id = 1)",
                        "Rows Removed by Index Recheck": 0,
                        "Filter": "(production_year > 2008)",
                        "Rows Removed by Filter": 251270,
                        "Exact Heap Blocks": 8565,
                        "Lossy Heap Blocks": 0,
                        "Plans": [
                          {
                            "Node Type": "Bitmap Index Scan",
                            "Parent Relationship": "Outer",
                            "Parallel Aware": false,
                            "Index Name": "kind_id_title",
                            "Startup Cost": 0.0,
                            "Total Cost": 11822.85,
                            "Plan Rows": 663256,
                            "Plan Width": 0,
                            "Actual Startup Time": 26.2,
                            "Actual Total Time": 26.2,
                            "Actual Rows": 662825,
                            "Actual Loops": 1,
                            "Index Cond": "(kind_id = 1)"
                          }
                        ]
                      }
                    ]
                  }
                ]
              }
            ]
          }
        ]
      }
    ]
  },
  "Planning Time": 0.36,
  "Triggers": [],
  "Execution Time": 547.227
}