[
  {
    "Plan": {
      "Node Type": "Aggregate",
      "Strategy": "Plain",
      "Partial Mode": "Finalize",
      "Parallel Aware": false,
      "Startup Cost": 349851.49,
      "Total Cost": 349851.5,
      "Plan Rows": 1,
      "Plan Width": 8,
      "Actual Startup Time": 804.026,
      "Actual Total Time": 852.048,
      "Actual Rows": 1,
      "Actual Loops": 1,
      "Plans": [
        {
          "Node Type": "Gather",
          "Parent Relationship": "Outer",
          "Parallel Aware": false,
          "Startup Cost": 349850.86,
          "Total Cost": 349851.47,
          "Plan Rows": 6,
          "Plan Width": 8,
          "Actual Startup Time": 803.869,
          "Actual Total Time": 852.038,
          "Actual Rows": 7,
          "Actual Loops": 1,
          "Workers Planned": 6,
          "Workers Launched": 6,
          "Single Copy": false,
          "Plans": [
            {
              "Node Type": "Aggregate",
              "Strategy": "Plain",
              "Partial Mode": "Partial",
              "Parent Relationship": "Outer",
              "Parallel Aware": false,
              "Startup Cost": 348850.86,
              "Total Cost": 348850.87,
              "Plan Rows": 1,
              "Plan Width": 8,
              "Actual Startup Time": 797.809,
              "Actual Total Time": 797.81,
              "Actual Rows": 1,
              "Actual Loops": 7,
              "Plans": [
                {
                  "Node Type": "Seq Scan",
                  "Parent Relationship": "Outer",
                  "Parallel Aware": true,
                  "Relation Name": "cast_info",
                  "Alias": "ci",
                  "Startup Cost": 0.0,
                  "Total Cost": 343316.27,
                  "Plan Rows": 2213836,
                  "Plan Width": 0,
                  "Actual Startup Time": 255.831,
                  "Actual Total Time": 729.705,
                  "Actual Rows": 1153081,
                  "Actual Loops": 7,
                  "Filter": "((person_id < 2089039) AND (role_id > 1))",
                  "Rows Removed by Filter": 4024683
                }
              ]
            }
          ]
        }
      ]
    },
    "Planning Time": 0.19,
    "Triggers": [],
    "Execution Time": 852.108
  }
]