[
    {
        "Bao": {
            "Bao prediction": "NaN",
            "Bao recommended hint": "(no hint)"
        }
    },
    {
        "Plan": {
            "Node Type": "Aggregate",
            "Strategy": "Plain",
            "Partial Mode": "Finalize",
            "Parallel Aware": false,
            "Startup Cost": 388799.34,
            "Total Cost": 388799.35,
            "Plan Rows": 1,
            "Plan Width": 8,
            "Actual Startup Time": 1615.909,
            "Actual Total Time": 1649.17,
            "Actual Rows": 1,
            "Actual Loops": 1,
            "Output": [
                "count(*)"
            ],
            "Plans": [
                {
                    "Node Type": "Gather",
                    "Parent Relationship": "Outer",
                    "Parallel Aware": false,
                    "Startup Cost": 388798.72,
                    "Total Cost": 388799.33,
                    "Plan Rows": 6,
                    "Plan Width": 8,
                    "Actual Startup Time": 1610.687,
                    "Actual Total Time": 1649.145,
                    "Actual Rows": 7,
                    "Actual Loops": 1,
                    "Output": [
                        "(PARTIAL count(*))"
                    ],
                    "Workers Planned": 6,
                    "Workers Launched": 6,
                    "Single Copy": false,
                    "Plans": [
                        {
                            "Node Type": "Aggregate",
                            "Strategy": "Plain",
                            "Partial Mode": "Partial",
                            "Parent Relationship": "Outer",
                            "Parallel Aware": false,
                            "Startup Cost": 387798.72,
                            "Total Cost": 387798.73,
                            "Plan Rows": 1,
                            "Plan Width": 8,
                            "Actual Startup Time": 1598.555,
                            "Actual Total Time": 1598.558,
                            "Actual Rows": 1,
                            "Actual Loops": 7,
                            "Output": [
                                "PARTIAL count(*)"
                            ],
                            "Workers": [
                                {
                                    "Worker Number": 0,
                                    "Actual Startup Time": 1597.051,
                                    "Actual Total Time": 1597.053,
                                    "Actual Rows": 1,
                                    "Actual Loops": 1
                                },
                                {
                                    "Worker Number": 1,
                                    "Actual Startup Time": 1596.44,
                                    "Actual Total Time": 1596.443,
                                    "Actual Rows": 1,
                                    "Actual Loops": 1
                                },
                                {
                                    "Worker Number": 2,
                                    "Actual Startup Time": 1596.556,
                                    "Actual Total Time": 1596.56,
                                    "Actual Rows": 1,
                                    "Actual Loops": 1
                                },
                                {
                                    "Worker Number": 3,
                                    "Actual Startup Time": 1596.692,
                                    "Actual Total Time": 1596.695,
                                    "Actual Rows": 1,
                                    "Actual Loops": 1
                                },
                                {
                                    "Worker Number": 4,
                                    "Actual Startup Time": 1596.751,
                                    "Actual Total Time": 1596.753,
                                    "Actual Rows": 1,
                                    "Actual Loops": 1
                                },
                                {
                                    "Worker Number": 5,
                                    "Actual Startup Time": 1596.696,
                                    "Actual Total Time": 1596.698,
                                    "Actual Rows": 1,
                                    "Actual Loops": 1
                                }
                            ],
                            "Plans": [
                                {
                                    "Node Type": "Hash Join",
                                    "Parent Relationship": "Outer",
                                    "Parallel Aware": true,
                                    "Join Type": "Inner",
                                    "Startup Cost": 47189.67,
                                    "Total Cost": 385679.91,
                                    "Plan Rows": 847522,
                                    "Plan Width": 0,
                                    "Actual Startup Time": 339.317,
                                    "Actual Total Time": 1542.749,
                                    "Actual Rows": 956678,
                                    "Actual Loops": 7,
                                    "Inner Unique": true,
                                    "Hash Cond": "(ci.movie_id = t.id)",
                                    "Workers": [
                                        {
                                            "Worker Number": 0,
                                            "Actual Startup Time": 337.4,
                                            "Actual Total Time": 1539.709,
                                            "Actual Rows": 775326,
                                            "Actual Loops": 1
                                        },
                                        {
                                            "Worker Number": 1,
                                            "Actual Startup Time": 337.267,
                                            "Actual Total Time": 1537.507,
                                            "Actual Rows": 792024,
                                            "Actual Loops": 1
                                        },
                                        {
                                            "Worker Number": 2,
                                            "Actual Startup Time": 337.399,
                                            "Actual Total Time": 1537.221,
                                            "Actual Rows": 798657,
                                            "Actual Loops": 1
                                        },
                                        {
                                            "Worker Number": 3,
                                            "Actual Startup Time": 337.534,
                                            "Actual Total Time": 1538.976,
                                            "Actual Rows": 779643,
                                            "Actual Loops": 1
                                        },
                                        {
                                            "Worker Number": 4,
                                            "Actual Startup Time": 337.551,
                                            "Actual Total Time": 1543.663,
                                            "Actual Rows": 1138575,
                                            "Actual Loops": 1
                                        },
                                        {
                                            "Worker Number": 5,
                                            "Actual Startup Time": 337.568,
                                            "Actual Total Time": 1543.126,
                                            "Actual Rows": 1148934,
                                            "Actual Loops": 1
                                        }
                                    ],
                                    "Plans": [
                                        {
                                            "Node Type": "Seq Scan",
                                            "Parent Relationship": "Outer",
                                            "Parallel Aware": true,
                                            "Relation Name": "cast_info",
                                            "Schema": "public",
                                            "Alias": "ci",
                                            "Startup Cost": 0.0,
                                            "Total Cost": 328213.62,
                                            "Plan Rows": 3914897,
                                            "Plan Width": 4,
                                            "Actual Startup Time": 207.233,
                                            "Actual Total Time": 719.994,
                                            "Actual Rows": 3367665,
                                            "Actual Loops": 7,
                                            "Output": [
                                                "ci.id",
                                                "ci.person_id",
                                                "ci.movie_id",
                                                "ci.person_role_id",
                                                "ci.note",
                                                "ci.nr_order",
                                                "ci.role_id"
                                            ],
                                            "Filter": "(ci.role_id > 1)",
                                            "Rows Removed by Filter": 1810098,
                                            "Workers": [
                                                {
                                                    "Worker Number": 0,
                                                    "Actual Startup Time": 207.215,
                                                    "Actual Total Time": 744.225,
                                                    "Actual Rows": 2738304,
                                                    "Actual Loops": 1
                                                },
                                                {
                                                    "Worker Number": 1,
                                                    "Actual Startup Time": 207.226,
                                                    "Actual Total Time": 738.614,
                                                    "Actual Rows": 2774467,
                                                    "Actual Loops": 1
                                                },
                                                {
                                                    "Worker Number": 2,
                                                    "Actual Startup Time": 207.227,
                                                    "Actual Total Time": 737.866,
                                                    "Actual Rows": 2778308,
                                                    "Actual Loops": 1
                                                },
                                                {
                                                    "Worker Number": 3,
                                                    "Actual Startup Time": 207.219,
                                                    "Actual Total Time": 748.749,
                                                    "Actual Rows": 2763355,
                                                    "Actual Loops": 1
                                                },
                                                {
                                                    "Worker Number": 4,
                                                    "Actual Startup Time": 207.192,
                                                    "Actual Total Time": 695.845,
                                                    "Actual Rows": 4025698,
                                                    "Actual Loops": 1
                                                },
                                                {
                                                    "Worker Number": 5,
                                                    "Actual Startup Time": 207.321,
                                                    "Actual Total Time": 698.294,
                                                    "Actual Rows": 4042573,
                                                    "Actual Loops": 1
                                                }
                                            ]
                                        },
                                        {
                                            "Node Type": "Hash",
                                            "Parent Relationship": "Inner",
                                            "Parallel Aware": true,
                                            "Startup Cost": 45479.21,
                                            "Total Cost": 45479.21,
                                            "Plan Rows": 136837,
                                            "Plan Width": 4,
                                            "Actual Startup Time": 128.307,
                                            "Actual Total Time": 128.308,
                                            "Actual Rows": 86058,
                                            "Actual Loops": 7,
                                            "Output": [
                                                "t.id"
                                            ],
                                            "Hash Buckets": 1048576,
                                            "Original Hash Buckets": 1048576,
                                            "Hash Batches": 1,
                                            "Original Hash Batches": 1,
                                            "Peak Memory Usage": 31904,
                                            "Workers": [
                                                {
                                                    "Worker Number": 0,
                                                    "Actual Startup Time": 129.114,
                                                    "Actual Total Time": 129.115,
                                                    "Actual Rows": 69811,
                                                    "Actual Loops": 1
                                                },
                                                {
                                                    "Worker Number": 1,
                                                    "Actual Startup Time": 129.088,
                                                    "Actual Total Time": 129.089,
                                                    "Actual Rows": 68737,
                                                    "Actual Loops": 1
                                                },
                                                {
                                                    "Worker Number": 2,
                                                    "Actual Startup Time": 129.177,
                                                    "Actual Total Time": 129.179,
                                                    "Actual Rows": 69280,
                                                    "Actual Loops": 1
                                                },
                                                {
                                                    "Worker Number": 3,
                                                    "Actual Startup Time": 129.309,
                                                    "Actual Total Time": 129.31,
                                                    "Actual Rows": 70503,
                                                    "Actual Loops": 1
                                                },
                                                {
                                                    "Worker Number": 4,
                                                    "Actual Startup Time": 129.38,
                                                    "Actual Total Time": 129.381,
                                                    "Actual Rows": 89995,
                                                    "Actual Loops": 1
                                                },
                                                {
                                                    "Worker Number": 5,
                                                    "Actual Startup Time": 129.45,
                                                    "Actual Total Time": 129.451,
                                                    "Actual Rows": 89599,
                                                    "Actual Loops": 1
                                                }
                                            ],
                                            "Plans": [
                                                {
                                                    "Node Type": "Seq Scan",
                                                    "Parent Relationship": "Outer",
                                                    "Parallel Aware": true,
                                                    "Relation Name": "title",
                                                    "Schema": "public",
                                                    "Alias": "t",
                                                    "Startup Cost": 0.0,
                                                    "Total Cost": 45479.21,
                                                    "Plan Rows": 136837,
                                                    "Plan Width": 4,
                                                    "Actual Startup Time": 0.048,
                                                    "Actual Total Time": 79.518,
                                                    "Actual Rows": 86058,
                                                    "Actual Loops": 7,
                                                    "Output": [
                                                        "t.id"
                                                    ],
                                                    "Filter": "((t.production_year > 2006) AND (t.kind_id = 7))",
                                                    "Rows Removed by Filter": 275130,
                                                    "Workers": [
                                                        {
                                                            "Worker Number": 0,
                                                            "Actual Startup Time": 0.048,
                                                            "Actual Total Time": 81.627,
                                                            "Actual Rows": 69811,
                                                            "Actual Loops": 1
                                                        },
                                                        {
                                                            "Worker Number": 1,
                                                            "Actual Startup Time": 0.038,
                                                            "Actual Total Time": 81.74,
                                                            "Actual Rows": 68737,
                                                            "Actual Loops": 1
                                                        },
                                                        {
                                                            "Worker Number": 2,
                                                            "Actual Startup Time": 0.059,
                                                            "Actual Total Time": 80.938,
                                                            "Actual Rows": 69280,
                                                            "Actual Loops": 1
                                                        },
                                                        {
                                                            "Worker Number": 3,
                                                            "Actual Startup Time": 0.048,
                                                            "Actual Total Time": 81.828,
                                                            "Actual Rows": 70503,
                                                            "Actual Loops": 1
                                                        },
                                                        {
                                                            "Worker Number": 4,
                                                            "Actual Startup Time": 0.061,
                                                            "Actual Total Time": 78.891,
                                                            "Actual Rows": 89995,
                                                            "Actual Loops": 1
                                                        },
                                                        {
                                                            "Worker Number": 5,
                                                            "Actual Startup Time": 0.058,
                                                            "Actual Total Time": 79.582,
                                                            "Actual Rows": 89599,
                                                            "Actual Loops": 1
                                                        }
                                                    ]
                                                }
                                            ]
                                        }
                                    ]
                                }
                            ]
                        }
                    ]
                }
            ]
        },
        "Planning Time": 194.318,
        "Triggers": [],
        "Execution Time": 1649.277
    }
]