{
  "Plan": {
    "Node Type": "Aggregate",
    "Strategy": "Plain",
    "Partial Mode": "Finalize",
    "Parallel Aware": false,
    "Startup Cost": 63544.31,
    "Total Cost": 63544.32,
    "Plan Rows": 1,
    "Plan Width": 8,
    "Actual Startup Time": 50.501,
    "Actual Total Time": 57.766,
    "Actual Rows": 1,
    "Actual Loops": 1,
    "Plans": [
      {
        "Node Type": "Gather",
        "Parent Relationship": "Outer",
        "Parallel Aware": false,
        "Startup Cost": 63544.2,
        "Total Cost": 63544.31,
        "Plan Rows": 1,
        "Plan Width": 8,
        "Actual Startup Time": 50.401,
        "Actual Total Time": 57.761,
        "Actual Rows": 2,
        "Actual Loops": 1,
        "Workers Planned": 1,
        "Workers Launched": 1,
        "Single Copy": false,
        "Plans": [
          {
            "Node Type": "Aggregate",
            "Strategy": "Plain",
            "Partial Mode": "Partial",
            "Parent Relationship": "Outer",
            "Parallel Aware": false,
            "Startup Cost": 62544.2,
            "Total Cost": 62544.21,
            "Plan Rows": 1,
            "Plan Width": 8,
            "Actual Startup Time": 47.525,
            "Actual Total Time": 47.526,
            "Actual Rows": 1,
            "Actual Loops": 2,
            "Plans": [
              {
                "Node Type": "Nested Loop",
                "Parent Relationship": "Outer",
                "Parallel Aware": false,
                "Join Type": "Inner",
                "Startup Cost": 244.51,
                "Total Cost": 62537.71,
                "Plan Rows": 2594,
                "Plan Width": 0,
                "Actual Startup Time": 4.815,
                "Actual Total Time": 47.427,
                "Actual Rows": 556,
                "Actual Loops": 2,
                "Inner Unique": true,
                "Plans": [
                  {
                    "Node Type": "Bitmap Heap Scan",
                    "Parent Relationship": "Outer",
                    "Parallel Aware": true,
                    "Relation Name": "movie_keyword",
                    "Alias": "mk",
                    "Startup Cost": 244.08,
                    "Total Cost": 20181.0,
                    "Plan Rows": 6653,
                    "Plan Width": 4,
                    "Actual Startup Time": 4.724,
                    "Actual Total Time": 17.139,
                    "Actual Rows": 4613,
                    "Actual Loops": 2,
                    "Recheck Cond": "(keyword_id = 875)",
                    "Rows Removed by Index Recheck": 0,
                    "Exact Heap Blocks": 5501,
                    "Lossy Heap Blocks": 0,
                    "Plans": [
                      {
                        "Node Type": "Bitmap Index Scan",
                        "Parent Relationship": "Outer",
                        "Parallel Aware": false,
                        "Index Name": "keyword_id_movie_keyword",
                        "Startup Cost": 0.0,
                        "Total Cost": 241.26,
                        "Plan Rows": 11310,
                        "Plan Width": 0,
                        "Actual Startup Time": 4.428,
                        "Actual Total Time": 4.428,
                        "Actual Rows": 9226,
                        "Actual Loops": 1,
                        "Index Cond": "(keyword_id = 875)"
                      }
                    ]
                  },
                  {
                    "Node Type": "Index Scan",
                    "Parent Relationship": "Inner",
                    "Parallel Aware": false,
                    "Scan Direction": "Forward",
                    "Index Name": "title_pkey",
                    "Relation Name": "title",
                    "Alias": "t",
                    "Startup Cost": 0.43,
                    "Total Cost": 6.37,
                    "Plan Rows": 1,
                    "Plan Width": 4,
                    "Actual Startup Time": 0.006,
                    "Actual Total Time": 0.006,
                    "Actual Rows": 0,
                    "Actual Loops": 9226,
                    "Index Cond": "(id = mk.movie_id)",
                    "Rows Removed by Index Recheck": 0,
                    "Filter": "((kind_id > 1) AND (production_year < 2005))",
                    "Rows Removed by Filter": 1
                  }
                ]
              }
            ]
          }
        ]
      }
    ]
  },
  "Planning Time": 0.297,
  "Triggers": [],
  "Execution Time": 57.827
}