{
  "Plan": {
    "Node Type": "Aggregate",
    "Strategy": "Plain",
    "Partial Mode": "Finalize",
    "Parallel Aware": false,
    "Startup Cost": 95357.38,
    "Total Cost": 95357.39,
    "Plan Rows": 1,
    "Plan Width": 8,
    "Actual Startup Time": 466.798,
    "Actual Total Time": 479.068,
    "Actual Rows": 1,
    "Actual Loops": 1,
    "Plans": [
      {
        "Node Type": "Gather",
        "Parent Relationship": "Outer",
        "Parallel Aware": false,
        "Startup Cost": 95357.27,
        "Total Cost": 95357.38,
        "Plan Rows": 1,
        "Plan Width": 8,
        "Actual Startup Time": 465.855,
        "Actual Total Time": 479.058,
        "Actual Rows": 2,
        "Actual Loops": 1,
        "Workers Planned": 1,
        "Workers Launched": 1,
        "Single Copy": false,
        "Plans": [
          {
            "Node Type": "Aggregate",
            "Strategy": "Plain",
            "Partial Mode": "Partial",
            "Parent Relationship": "Outer",
            "Parallel Aware": false,
            "Startup Cost": 94357.27,
            "Total Cost": 94357.28,
            "Plan Rows": 1,
            "Plan Width": 8,
            "Actual Startup Time": 459.888,
            "Actual Total Time": 459.892,
            "Actual Rows": 1,
            "Actual Loops": 2,
            "Plans": [
              {
                "Node Type": "Hash Join",
                "Parent Relationship": "Outer",
                "Parallel Aware": true,
                "Join Type": "Inner",
                "Startup Cost": 33165.18,
                "Total Cost": 94051.1,
                "Plan Rows": 122469,
                "Plan Width": 0,
                "Actual Startup Time": 135.009,
                "Actual Total Time": 453.02,
                "Actual Rows": 161604,
                "Actual Loops": 2,
                "Inner Unique": false,
                "Hash Cond": "(t.id = mc.movie_id)",
                "Plans": [
                  {
                    "Node Type": "Seq Scan",
                    "Parent Relationship": "Outer",
                    "Parallel Aware": true,
                    "Relation Name": "title",
                    "Alias": "t",
                    "Startup Cost": 0.0,
                    "Total Cost": 50870.31,
                    "Plan Rows": 1487231,
                    "Plan Width": 4,
                    "Actual Startup Time": 0.009,
                    "Actual Total Time": 111.258,
                    "Actual Rows": 1264156,
                    "Actual Loops": 2
                  },
                  {
                    "Node Type": "Hash",
                    "Parent Relationship": "Inner",
                    "Parallel Aware": true,
                    "Startup Cost": 31634.32,
                    "Total Cost": 31634.32,
                    "Plan Rows": 122469,
                    "Plan Width": 4,
                    "Actual Startup Time": 131.586,
                    "Actual Total Time": 131.588,
                    "Actual Rows": 161604,
                    "Actual Loops": 2,
                    "Hash Buckets": 524288,
                    "Original Hash Buckets": 262144,
                    "Hash Batches": 1,
                    "Original Hash Batches": 1,
                    "Peak Memory Usage": 18816,
                    "Plans": [
                      {
                        "Node Type": "Bitmap Heap Scan",
                        "Parent Relationship": "Outer",
                        "Parallel Aware": true,
                        "Relation Name": "movie_companies",
                        "Alias": "mc",
                        "Startup Cost": 9112.51,
                        "Total Cost": 31634.32,
                        "Plan Rows": 122469,
                        "Plan Width": 4,
                        "Actual Startup Time": 36.123,
                        "Actual Total Time": 93.556,
                        "Actual Rows": 161604,
                        "Actual Loops": 2,
                        "Recheck Cond": "(company_id < 302)",
                        "Rows Removed by Index Recheck": 0,
                        "Filter": "(company_type_id < 2)",
                        "Rows Removed by Filter": 49414,
                        "Exact Heap Blocks": 11530,
                        "Lossy Heap Blocks": 0,
                        "Plans": [
                          {
                            "Node Type": "Bitmap Index Scan",
                            "Parent Relationship": "Outer",
                            "Parallel Aware": false,
                            "Index Name": "company_id_movie_companies",
                            "Startup Cost": 0.0,
                            "Total Cost": 9060.47,
                            "Plan Rows": 422938,
                            "Plan Width": 0,
                            "Actual Startup Time": 35.117,
                            "Actual Total Time": 35.117,
                            "Actual Rows": 422035,
                            "Actual Loops": 1,
                            "Index Cond": "(company_id < 302)"
                          }
                        ]
                      }
                    ]
                  }
                ]
              }
            ]
          }
        ]
      }
    ]
  },
  "Planning Time": 0.698,
  "Triggers": [],
  "Execution Time": 479.154
}