[
  {
    "Plan": {
      "Node Type": "Aggregate",
      "Strategy": "Plain",
      "Partial Mode": "Finalize",
      "Parallel Aware": false,
      "Startup Cost": 78775.94,
      "Total Cost": 78775.95,
      "Plan Rows": 1,
      "Plan Width": 8,
      "Actual Startup Time": 177.793,
      "Actual Total Time": 191.105,
      "Actual Rows": 1,
      "Actual Loops": 1,
      "Plans": [
        {
          "Node Type": "Gather",
          "Parent Relationship": "Outer",
          "Parallel Aware": false,
          "Startup Cost": 78775.63,
          "Total Cost": 78775.94,
          "Plan Rows": 3,
          "Plan Width": 8,
          "Actual Startup Time": 177.496,
          "Actual Total Time": 191.094,
          "Actual Rows": 4,
          "Actual Loops": 1,
          "Workers Planned": 3,
          "Workers Launched": 3,
          "Single Copy": false,
          "Plans": [
            {
              "Node Type": "Aggregate",
              "Strategy": "Plain",
              "Partial Mode": "Partial",
              "Parent Relationship": "Outer",
              "Parallel Aware": false,
              "Startup Cost": 77775.63,
              "Total Cost": 77775.64,
              "Plan Rows": 1,
              "Plan Width": 8,
              "Actual Startup Time": 170.511,
              "Actual Total Time": 170.514,
              "Actual Rows": 1,
              "Actual Loops": 4,
              "Plans": [
                {
                  "Node Type": "Hash Join",
                  "Parent Relationship": "Outer",
                  "Parallel Aware": true,
                  "Join Type": "Inner",
                  "Startup Cost": 45578.35,
                  "Total Cost": 77766.38,
                  "Plan Rows": 3700,
                  "Plan Width": 0,
                  "Actual Startup Time": 94.533,
                  "Actual Total Time": 170.498,
                  "Actual Rows": 149,
                  "Actual Loops": 4,
                  "Inner Unique": true,
                  "Hash Cond": "(mc.movie_id = t.id)",
                  "Plans": [
                    {
                      "Node Type": "Seq Scan",
                      "Parent Relationship": "Outer",
                      "Parallel Aware": true,
                      "Relation Name": "movie_companies",
                      "Alias": "mc",
                      "Startup Cost": 0.0,
                      "Total Cost": 31414.82,
                      "Plan Rows": 294556,
                      "Plan Width": 4,
                      "Actual Startup Time": 0.403,
                      "Actual Total Time": 59.902,
                      "Actual Rows": 187019,
                      "Actual Loops": 4,
                      "Filter": "((company_id > 1454) AND (company_type_id < 2))",
                      "Rows Removed by Filter": 465263
                    },
                    {
                      "Node Type": "Hash",
                      "Parent Relationship": "Inner",
                      "Parallel Aware": true,
                      "Startup Cost": 45479.1,
                      "Total Cost": 45479.1,
                      "Plan Rows": 7940,
                      "Plan Width": 4,
                      "Actual Startup Time": 92.748,
                      "Actual Total Time": 92.749,
                      "Actual Rows": 9924,
                      "Actual Loops": 4,
                      "Hash Buckets": 65536,
                      "Original Hash Buckets": 32768,
                      "Hash Batches": 1,
                      "Original Hash Batches": 1,
                      "Peak Memory Usage": 2400,
                      "Plans": [
                        {
                          "Node Type": "Seq Scan",
                          "Parent Relationship": "Outer",
                          "Parallel Aware": true,
                          "Relation Name": "title",
                          "Alias": "t",
                          "Startup Cost": 0.0,
                          "Total Cost": 45479.1,
                          "Plan Rows": 7940,
                          "Plan Width": 4,
                          "Actual Startup Time": 0.046,
                          "Actual Total Time": 86.821,
                          "Actual Rows": 9924,
                          "Actual Loops": 4,
                          "Filter": "((kind_id = 7) AND (production_year = 2001))",
                          "Rows Removed by Filter": 622154
                        }
                      ]
                    }
                  ]
                }
              ]
            }
          ]
        }
      ]
    },
    "Planning Time": 0.551,
    "Triggers": [],
    "Execution Time": 191.164
  }
]