[
  {
    "Plan": {
      "Node Type": "Aggregate",
      "Strategy": "Plain",
      "Partial Mode": "Finalize",
      "Parallel Aware": false,
      "Startup Cost": 293095.0,
      "Total Cost": 293095.01,
      "Plan Rows": 1,
      "Plan Width": 8,
      "Actual Startup Time": 1593.128,
      "Actual Total Time": 1642.379,
      "Actual Rows": 1,
      "Actual Loops": 1,
      "Plans": [
        {
          "Node Type": "Gather",
          "Parent Relationship": "Outer",
          "Parallel Aware": false,
          "Startup Cost": 293094.48,
          "Total Cost": 293094.99,
          "Plan Rows": 5,
          "Plan Width": 8,
          "Actual Startup Time": 1580.858,
          "Actual Total Time": 1642.363,
          "Actual Rows": 6,
          "Actual Loops": 1,
          "Workers Planned": 5,
          "Workers Launched": 5,
          "Single Copy": false,
          "Plans": [
            {
              "Node Type": "Aggregate",
              "Strategy": "Plain",
              "Partial Mode": "Partial",
              "Parent Relationship": "Outer",
              "Parallel Aware": false,
              "Startup Cost": 292094.48,
              "Total Cost": 292094.49,
              "Plan Rows": 1,
              "Plan Width": 8,
              "Actual Startup Time": 1573.143,
              "Actual Total Time": 1573.767,
              "Actual Rows": 1,
              "Actual Loops": 6,
              "Plans": [
                {
                  "Node Type": "Hash Join",
                  "Parent Relationship": "Outer",
                  "Parallel Aware": true,
                  "Join Type": "Inner",
                  "Startup Cost": 84314.98,
                  "Total Cost": 289928.96,
                  "Plan Rows": 866206,
                  "Plan Width": 0,
                  "Actual Startup Time": 490.102,
                  "Actual Total Time": 1468.922,
                  "Actual Rows": 1983086,
                  "Actual Loops": 6,
                  "Inner Unique": false,
                  "Hash Cond": "(mi.movie_id = t.id)",
                  "Plans": [
                    {
                      "Node Type": "Seq Scan",
                      "Parent Relationship": "Outer",
                      "Parallel Aware": true,
                      "Relation Name": "movie_info",
                      "Alias": "mi",
                      "Startup Cost": 0.0,
                      "Total Cost": 191685.19,
                      "Plan Rows": 2969219,
                      "Plan Width": 4,
                      "Actual Startup Time": 0.057,
                      "Actual Total Time": 333.528,
                      "Actual Rows": 2472620,
                      "Actual Loops": 6
                    },
                    {
                      "Node Type": "Hash",
                      "Parent Relationship": "Inner",
                      "Parallel Aware": true,
                      "Startup Cost": 81340.73,
                      "Total Cost": 81340.73,
                      "Plan Rows": 237940,
                      "Plan Width": 8,
                      "Actual Startup Time": 485.933,
                      "Actual Total Time": 486.554,
                      "Actual Rows": 123677,
                      "Actual Loops": 6,
                      "Hash Buckets": 1048576,
                      "Original Hash Buckets": 1048576,
                      "Hash Batches": 1,
                      "Original Hash Batches": 1,
                      "Peak Memory Usage": 37280,
                      "Plans": [
                        {
                          "Node Type": "Hash Join",
                          "Parent Relationship": "Outer",
                          "Parallel Aware": true,
                          "Join Type": "Inner",
                          "Startup Cost": 51369.4,
                          "Total Cost": 81340.73,
                          "Plan Rows": 237940,
                          "Plan Width": 8,
                          "Actual Startup Time": 333.512,
                          "Actual Total Time": 441.225,
                          "Actual Rows": 123677,
                          "Actual Loops": 6,
                          "Inner Unique": true,
                          "Hash Cond": "(mc.movie_id = t.id)",
                          "Plans": [
                            {
                              "Node Type": "Seq Scan",
                              "Parent Relationship": "Outer",
                              "Parallel Aware": true,
                              "Relation Name": "movie_companies",
                              "Alias": "mc",
                              "Startup Cost": 0.0,
                              "Total Cost": 29310.68,
                              "Plan Rows": 251676,
                              "Plan Width": 4,
                              "Actual Startup Time": 12.292,
                              "Actual Total Time": 56.078,
                              "Actual Rows": 128659,
                              "Actual Loops": 6,
                              "Filter": "(company_id > 33769)",
                              "Rows Removed by Filter": 306196
                            },
                            {
                              "Node Type": "Hash",
                              "Parent Relationship": "Inner",
                              "Parallel Aware": true,
                              "Startup Cost": 43899.32,
                              "Total Cost": 43899.32,
                              "Plan Rows": 597606,
                              "Plan Width": 4,
                              "Actual Startup Time": 316.183,
                              "Actual Total Time": 316.184,
                              "Actual Rows": 398117,
                              "Actual Loops": 6,
                              "Hash Buckets": 4194304,
                              "Original Hash Buckets": 4194304,
                              "Hash Batches": 1,
                              "Original Hash Batches": 1,
                              "Peak Memory Usage": 126304,
                              "Plans": [
                                {
                                  "Node Type": "Seq Scan",
                                  "Parent Relationship": "Outer",
                                  "Parallel Aware": true,
                                  "Relation Name": "title",
                                  "Alias": "t",
                                  "Startup Cost": 0.0,
                                  "Total Cost": 43899.32,
                                  "Plan Rows": 597606,
                                  "Plan Width": 4,
                                  "Actual Startup Time": 0.057,
                                  "Actual Total Time": 104.734,
                                  "Actual Rows": 398117,
                                  "Actual Loops": 6,
                                  "Filter": "(production_year > 1915)",
                                  "Rows Removed by Filter": 23268
                                }
                              ]
                            }
                          ]
                        }
                      ]
                    }
                  ]
                }
              ]
            }
          ]
        }
      ]
    },
    "Planning Time": 0.753,
    "Triggers": [],
    "Execution Time": 1642.436
  }
]