[
  {
    "Plan": {
      "Node Type": "Aggregate",
      "Strategy": "Plain",
      "Partial Mode": "Finalize",
      "Parallel Aware": false,
      "Startup Cost": 47581.28,
      "Total Cost": 47581.29,
      "Plan Rows": 1,
      "Plan Width": 8,
      "Actual Startup Time": 137.92,
      "Actual Total Time": 152.065,
      "Actual Rows": 1,
      "Actual Loops": 1,
      "Plans": [
        {
          "Node Type": "Gather",
          "Parent Relationship": "Outer",
          "Parallel Aware": false,
          "Startup Cost": 47580.86,
          "Total Cost": 47581.27,
          "Plan Rows": 4,
          "Plan Width": 8,
          "Actual Startup Time": 137.77,
          "Actual Total Time": 152.057,
          "Actual Rows": 5,
          "Actual Loops": 1,
          "Workers Planned": 4,
          "Workers Launched": 4,
          "Single Copy": false,
          "Plans": [
            {
              "Node Type": "Aggregate",
              "Strategy": "Plain",
              "Partial Mode": "Partial",
              "Parent Relationship": "Outer",
              "Parallel Aware": false,
              "Startup Cost": 46580.86,
              "Total Cost": 46580.87,
              "Plan Rows": 1,
              "Plan Width": 8,
              "Actual Startup Time": 130.991,
              "Actual Total Time": 130.992,
              "Actual Rows": 1,
              "Actual Loops": 5,
              "Plans": [
                {
                  "Node Type": "Seq Scan",
                  "Parent Relationship": "Outer",
                  "Parallel Aware": true,
                  "Relation Name": "title",
                  "Alias": "t",
                  "Startup Cost": 0.0,
                  "Total Cost": 45479.59,
                  "Plan Rows": 440510,
                  "Plan Width": 0,
                  "Actual Startup Time": 0.04,
                  "Actual Total Time": 109.11,
                  "Actual Rows": 350917,
                  "Actual Loops": 5,
                  "Filter": "((kind_id > 1) AND (production_year < 2013))",
                  "Rows Removed by Filter": 154745
                }
              ]
            }
          ]
        }
      ]
    },
    "Planning Time": 0.092,
    "Triggers": [],
    "Execution Time": 152.104
  }
]