[
  {
    "Plan": {
      "Node Type": "Aggregate",
      "Strategy": "Plain",
      "Partial Mode": "Finalize",
      "Parallel Aware": false,
      "Startup Cost": 25876.03,
      "Total Cost": 25876.04,
      "Plan Rows": 1,
      "Plan Width": 8,
      "Actual Startup Time": 76.185,
      "Actual Total Time": 80.663,
      "Actual Rows": 1,
      "Actual Loops": 1,
      "Plans": [
        {
          "Node Type": "Gather",
          "Parent Relationship": "Outer",
          "Parallel Aware": false,
          "Startup Cost": 25875.71,
          "Total Cost": 25876.02,
          "Plan Rows": 3,
          "Plan Width": 8,
          "Actual Startup Time": 75.964,
          "Actual Total Time": 80.655,
          "Actual Rows": 4,
          "Actual Loops": 1,
          "Workers Planned": 3,
          "Workers Launched": 3,
          "Single Copy": false,
          "Plans": [
            {
              "Node Type": "Aggregate",
              "Strategy": "Plain",
              "Partial Mode": "Partial",
              "Parent Relationship": "Outer",
              "Parallel Aware": false,
              "Startup Cost": 24875.71,
              "Total Cost": 24875.72,
              "Plan Rows": 1,
              "Plan Width": 8,
              "Actual Startup Time": 67.583,
              "Actual Total Time": 67.584,
              "Actual Rows": 1,
              "Actual Loops": 4,
              "Plans": [
                {
                  "Node Type": "Bitmap Heap Scan",
                  "Parent Relationship": "Outer",
                  "Parallel Aware": true,
                  "Relation Name": "movie_companies",
                  "Alias": "mc",
                  "Startup Cost": 4896.25,
                  "Total Cost": 24785.52,
                  "Plan Rows": 36075,
                  "Plan Width": 0,
                  "Actual Startup Time": 18.129,
                  "Actual Total Time": 63.822,
                  "Actual Rows": 43875,
                  "Actual Loops": 4,
                  "Recheck Cond": "(company_id < 84)",
                  "Rows Removed by Index Recheck": 0,
                  "Filter": "(company_type_id < 2)",
                  "Rows Removed by Filter": 12984,
                  "Exact Heap Blocks": 9015,
                  "Lossy Heap Blocks": 0,
                  "Plans": [
                    {
                      "Node Type": "Bitmap Index Scan",
                      "Parent Relationship": "Outer",
                      "Parallel Aware": false,
                      "Index Name": "company_id_movie_companies",
                      "Startup Cost": 0.0,
                      "Total Cost": 4868.3,
                      "Plan Rows": 227182,
                      "Plan Width": 0,
                      "Actual Startup Time": 22.284,
                      "Actual Total Time": 22.284,
                      "Actual Rows": 227437,
                      "Actual Loops": 1,
                      "Index Cond": "(company_id < 84)"
                    }
                  ]
                }
              ]
            }
          ]
        }
      ]
    },
    "Planning Time": 0.148,
    "Triggers": [],
    "Execution Time": 80.712
  }
]