[
  {
    "Plan": {
      "Node Type": "Aggregate",
      "Strategy": "Plain",
      "Partial Mode": "Finalize",
      "Parallel Aware": false,
      "Startup Cost": 102698.75,
      "Total Cost": 102698.76,
      "Plan Rows": 1,
      "Plan Width": 8,
      "Actual Startup Time": 524.683,
      "Actual Total Time": 566.1,
      "Actual Rows": 1,
      "Actual Loops": 1,
      "Plans": [
        {
          "Node Type": "Gather",
          "Parent Relationship": "Outer",
          "Parallel Aware": false,
          "Startup Cost": 102698.43,
          "Total Cost": 102698.74,
          "Plan Rows": 3,
          "Plan Width": 8,
          "Actual Startup Time": 523.061,
          "Actual Total Time": 566.087,
          "Actual Rows": 4,
          "Actual Loops": 1,
          "Workers Planned": 3,
          "Workers Launched": 3,
          "Single Copy": false,
          "Plans": [
            {
              "Node Type": "Aggregate",
              "Strategy": "Plain",
              "Partial Mode": "Partial",
              "Parent Relationship": "Outer",
              "Parallel Aware": false,
              "Startup Cost": 101698.43,
              "Total Cost": 101698.44,
              "Plan Rows": 1,
              "Plan Width": 8,
              "Actual Startup Time": 513.512,
              "Actual Total Time": 513.517,
              "Actual Rows": 1,
              "Actual Loops": 4,
              "Plans": [
                {
                  "Node Type": "Nested Loop",
                  "Parent Relationship": "Outer",
                  "Parallel Aware": false,
                  "Join Type": "Inner",
                  "Startup Cost": 45918.1,
                  "Total Cost": 101689.37,
                  "Plan Rows": 3624,
                  "Plan Width": 0,
                  "Actual Startup Time": 162.686,
                  "Actual Total Time": 510.405,
                  "Actual Rows": 59339,
                  "Actual Loops": 4,
                  "Inner Unique": false,
                  "Join Filter": "(t.id = mi.movie_id)",
                  "Rows Removed by Join Filter": 0,
                  "Plans": [
                    {
                      "Node Type": "Hash Join",
                      "Parent Relationship": "Outer",
                      "Parallel Aware": true,
                      "Join Type": "Inner",
                      "Startup Cost": 45917.66,
                      "Total Cost": 77643.8,
                      "Plan Rows": 6575,
                      "Plan Width": 8,
                      "Actual Startup Time": 162.532,
                      "Actual Total Time": 226.809,
                      "Actual Rows": 14022,
                      "Actual Loops": 4,
                      "Inner Unique": true,
                      "Hash Cond": "(mc.movie_id = t.id)",
                      "Plans": [
                        {
                          "Node Type": "Seq Scan",
                          "Parent Relationship": "Outer",
                          "Parallel Aware": true,
                          "Relation Name": "movie_companies",
                          "Alias": "mc",
                          "Startup Cost": 0.0,
                          "Total Cost": 31414.82,
                          "Plan Rows": 118597,
                          "Plan Width": 4,
                          "Actual Startup Time": 0.011,
                          "Actual Total Time": 62.733,
                          "Actual Rows": 132022,
                          "Actual Loops": 4,
                          "Filter": "((company_id < 1465) AND (company_type_id < 2))",
                          "Rows Removed by Filter": 520260
                        },
                        {
                          "Node Type": "Hash",
                          "Parent Relationship": "Inner",
                          "Parallel Aware": true,
                          "Startup Cost": 45479.59,
                          "Total Cost": 45479.59,
                          "Plan Rows": 35046,
                          "Plan Width": 4,
                          "Actual Startup Time": 133.258,
                          "Actual Total Time": 133.26,
                          "Actual Rows": 70670,
                          "Actual Loops": 4,
                          "Hash Buckets": 524288,
                          "Original Hash Buckets": 262144,
                          "Hash Batches": 1,
                          "Original Hash Batches": 1,
                          "Peak Memory Usage": 17280,
                          "Plans": [
                            {
                              "Node Type": "Seq Scan",
                              "Parent Relationship": "Outer",
                              "Parallel Aware": true,
                              "Relation Name": "title",
                              "Alias": "t",
                              "Startup Cost": 0.0,
                              "Total Cost": 45479.59,
                              "Plan Rows": 35046,
                              "Plan Width": 4,
                              "Actual Startup Time": 61.93,
                              "Actual Total Time": 101.286,
                              "Actual Rows": 70670,
                              "Actual Loops": 4,
                              "Filter": "((production_year < 1983) AND (kind_id = 1))",
                              "Rows Removed by Filter": 561408
                            }
                          ]
                        }
                      ]
                    },
                    {
                      "Node Type": "Index Scan",
                      "Parent Relationship": "Inner",
                      "Parallel Aware": false,
                      "Scan Direction": "Forward",
                      "Index Name": "movie_id_movie_info",
                      "Relation Name": "movie_info",
                      "Alias": "mi",
                      "Startup Cost": 0.43,
                      "Total Cost": 3.61,
                      "Plan Rows": 4,
                      "Plan Width": 4,
                      "Actual Startup Time": 0.008,
                      "Actual Total Time": 0.02,
                      "Actual Rows": 4,
                      "Actual Loops": 56090,
                      "Index Cond": "(movie_id = mc.movie_id)",
                      "Rows Removed by Index Recheck": 0,
                      "Filter": "(info_type_id = 7)",
                      "Rows Removed by Filter": 51
                    }
                  ]
                }
              ]
            }
          ]
        }
      ]
    },
    "Planning Time": 1.525,
    "Triggers": [],
    "Execution Time": 566.198
  }
]