[
  {
    "Plan": {
      "Node Type": "Aggregate",
      "Strategy": "Plain",
      "Partial Mode": "Finalize",
      "Parallel Aware": false,
      "Startup Cost": 90407.28,
      "Total Cost": 90407.29,
      "Plan Rows": 1,
      "Plan Width": 8,
      "Actual Startup Time": 267.727,
      "Actual Total Time": 281.641,
      "Actual Rows": 1,
      "Actual Loops": 1,
      "Plans": [
        {
          "Node Type": "Gather",
          "Parent Relationship": "Outer",
          "Parallel Aware": false,
          "Startup Cost": 90406.96,
          "Total Cost": 90407.27,
          "Plan Rows": 3,
          "Plan Width": 8,
          "Actual Startup Time": 265.817,
          "Actual Total Time": 281.633,
          "Actual Rows": 4,
          "Actual Loops": 1,
          "Workers Planned": 3,
          "Workers Launched": 3,
          "Single Copy": false,
          "Plans": [
            {
              "Node Type": "Aggregate",
              "Strategy": "Plain",
              "Partial Mode": "Partial",
              "Parent Relationship": "Outer",
              "Parallel Aware": false,
              "Startup Cost": 89406.96,
              "Total Cost": 89406.97,
              "Plan Rows": 1,
              "Plan Width": 8,
              "Actual Startup Time": 260.096,
              "Actual Total Time": 260.099,
              "Actual Rows": 1,
              "Actual Loops": 4,
              "Plans": [
                {
                  "Node Type": "Hash Join",
                  "Parent Relationship": "Outer",
                  "Parallel Aware": true,
                  "Join Type": "Inner",
                  "Startup Cost": 45577.11,
                  "Total Cost": 89216.17,
                  "Plan Rows": 76315,
                  "Plan Width": 0,
                  "Actual Startup Time": 130.908,
                  "Actual Total Time": 256.546,
                  "Actual Rows": 84478,
                  "Actual Loops": 4,
                  "Inner Unique": true,
                  "Hash Cond": "(mk.movie_id = t.id)",
                  "Plans": [
                    {
                      "Node Type": "Seq Scan",
                      "Parent Relationship": "Outer",
                      "Parallel Aware": true,
                      "Relation Name": "movie_keyword",
                      "Alias": "mk",
                      "Startup Cost": 0.0,
                      "Total Cost": 42695.65,
                      "Plan Rows": 359395,
                      "Plan Width": 4,
                      "Actual Startup Time": 0.024,
                      "Actual Total Time": 84.348,
                      "Actual Rows": 280244,
                      "Actual Loops": 4,
                      "Filter": "(keyword_id < 1198)",
                      "Rows Removed by Filter": 850739
                    },
                    {
                      "Node Type": "Hash",
                      "Parent Relationship": "Inner",
                      "Parallel Aware": true,
                      "Startup Cost": 43899.32,
                      "Total Cost": 43899.32,
                      "Plan Rows": 134223,
                      "Plan Width": 4,
                      "Actual Startup Time": 127.871,
                      "Actual Total Time": 127.871,
                      "Actual Rows": 138240,
                      "Actual Loops": 4,
                      "Hash Buckets": 1048576,
                      "Original Hash Buckets": 1048576,
                      "Hash Batches": 1,
                      "Original Hash Batches": 1,
                      "Peak Memory Usage": 29856,
                      "Plans": [
                        {
                          "Node Type": "Seq Scan",
                          "Parent Relationship": "Outer",
                          "Parallel Aware": true,
                          "Relation Name": "title",
                          "Alias": "t",
                          "Startup Cost": 0.0,
                          "Total Cost": 43899.32,
                          "Plan Rows": 134223,
                          "Plan Width": 4,
                          "Actual Startup Time": 0.018,
                          "Actual Total Time": 86.5,
                          "Actual Rows": 138240,
                          "Actual Loops": 4,
                          "Filter": "(production_year < 1983)",
                          "Rows Removed by Filter": 493838
                        }
                      ]
                    }
                  ]
                }
              ]
            }
          ]
        }
      ]
    },
    "Planning Time": 0.266,
    "Triggers": [],
    "Execution Time": 281.679
  }
]