[
  {
    "Plan": {
      "Node Type": "Aggregate",
      "Strategy": "Plain",
      "Partial Mode": "Finalize",
      "Parallel Aware": false,
      "Startup Cost": 90420.45,
      "Total Cost": 90420.46,
      "Plan Rows": 1,
      "Plan Width": 8,
      "Actual Startup Time": 336.167,
      "Actual Total Time": 353.889,
      "Actual Rows": 1,
      "Actual Loops": 1,
      "Plans": [
        {
          "Node Type": "Gather",
          "Parent Relationship": "Outer",
          "Parallel Aware": false,
          "Startup Cost": 90420.14,
          "Total Cost": 90420.45,
          "Plan Rows": 3,
          "Plan Width": 8,
          "Actual Startup Time": 332.825,
          "Actual Total Time": 353.877,
          "Actual Rows": 4,
          "Actual Loops": 1,
          "Workers Planned": 3,
          "Workers Launched": 3,
          "Single Copy": false,
          "Plans": [
            {
              "Node Type": "Aggregate",
              "Strategy": "Plain",
              "Partial Mode": "Partial",
              "Parent Relationship": "Outer",
              "Parallel Aware": false,
              "Startup Cost": 89420.14,
              "Total Cost": 89420.15,
              "Plan Rows": 1,
              "Plan Width": 8,
              "Actual Startup Time": 324.652,
              "Actual Total Time": 324.655,
              "Actual Rows": 1,
              "Actual Loops": 4,
              "Plans": [
                {
                  "Node Type": "Hash Join",
                  "Parent Relationship": "Outer",
                  "Parallel Aware": true,
                  "Join Type": "Inner",
                  "Startup Cost": 45589.74,
                  "Total Cost": 89228.02,
                  "Plan Rows": 76848,
                  "Plan Width": 0,
                  "Actual Startup Time": 169.054,
                  "Actual Total Time": 320.562,
                  "Actual Rows": 84478,
                  "Actual Loops": 4,
                  "Inner Unique": true,
                  "Hash Cond": "(mk.movie_id = t.id)",
                  "Plans": [
                    {
                      "Node Type": "Seq Scan",
                      "Parent Relationship": "Outer",
                      "Parallel Aware": true,
                      "Relation Name": "movie_keyword",
                      "Alias": "mk",
                      "Startup Cost": 0.0,
                      "Total Cost": 42695.65,
                      "Plan Rows": 359094,
                      "Plan Width": 4,
                      "Actual Startup Time": 0.032,
                      "Actual Total Time": 100.954,
                      "Actual Rows": 280244,
                      "Actual Loops": 4,
                      "Filter": "(keyword_id < 1198)",
                      "Rows Removed by Filter": 850739
                    },
                    {
                      "Node Type": "Hash",
                      "Parent Relationship": "Inner",
                      "Parallel Aware": true,
                      "Startup Cost": 43898.92,
                      "Total Cost": 43898.92,
                      "Plan Rows": 135266,
                      "Plan Width": 4,
                      "Actual Startup Time": 163.812,
                      "Actual Total Time": 163.813,
                      "Actual Rows": 138240,
                      "Actual Loops": 4,
                      "Hash Buckets": 1048576,
                      "Original Hash Buckets": 1048576,
                      "Hash Batches": 1,
                      "Original Hash Batches": 1,
                      "Peak Memory Usage": 29888,
                      "Plans": [
                        {
                          "Node Type": "Seq Scan",
                          "Parent Relationship": "Outer",
                          "Parallel Aware": true,
                          "Relation Name": "title",
                          "Alias": "t",
                          "Startup Cost": 0.0,
                          "Total Cost": 43898.92,
                          "Plan Rows": 135266,
                          "Plan Width": 4,
                          "Actual Startup Time": 0.041,
                          "Actual Total Time": 106.693,
                          "Actual Rows": 138240,
                          "Actual Loops": 4,
                          "Filter": "(production_year < 1983)",
                          "Rows Removed by Filter": 493838
                        }
                      ]
                    }
                  ]
                }
              ]
            }
          ]
        }
      ]
    },
    "Planning Time": 0.621,
    "Triggers": [],
    "Execution Time": 353.958
  }
]