[
  {
    "Plan": {
      "Node Type": "Aggregate",
      "Strategy": "Plain",
      "Partial Mode": "Finalize",
      "Parallel Aware": false,
      "Startup Cost": 44803.28,
      "Total Cost": 44803.29,
      "Plan Rows": 1,
      "Plan Width": 8,
      "Actual Startup Time": 140.201,
      "Actual Total Time": 150.113,
      "Actual Rows": 1,
      "Actual Loops": 1,
      "Plans": [
        {
          "Node Type": "Gather",
          "Parent Relationship": "Outer",
          "Parallel Aware": false,
          "Startup Cost": 44802.97,
          "Total Cost": 44803.28,
          "Plan Rows": 3,
          "Plan Width": 8,
          "Actual Startup Time": 140.069,
          "Actual Total Time": 150.104,
          "Actual Rows": 4,
          "Actual Loops": 1,
          "Workers Planned": 3,
          "Workers Launched": 3,
          "Single Copy": false,
          "Plans": [
            {
              "Node Type": "Aggregate",
              "Strategy": "Plain",
              "Partial Mode": "Partial",
              "Parent Relationship": "Outer",
              "Parallel Aware": false,
              "Startup Cost": 43802.97,
              "Total Cost": 43802.98,
              "Plan Rows": 1,
              "Plan Width": 8,
              "Actual Startup Time": 135.039,
              "Actual Total Time": 135.04,
              "Actual Rows": 1,
              "Actual Loops": 4,
              "Plans": [
                {
                  "Node Type": "Seq Scan",
                  "Parent Relationship": "Outer",
                  "Parallel Aware": true,
                  "Relation Name": "movie_keyword",
                  "Alias": "mk",
                  "Startup Cost": 0.0,
                  "Total Cost": 42695.65,
                  "Plan Rows": 442925,
                  "Plan Width": 0,
                  "Actual Startup Time": 0.046,
                  "Actual Total Time": 116.314,
                  "Actual Rows": 345730,
                  "Actual Loops": 4,
                  "Filter": "(keyword_id < 1853)",
                  "Rows Removed by Filter": 785252
                }
              ]
            }
          ]
        }
      ]
    },
    "Planning Time": 0.181,
    "Triggers": [],
    "Execution Time": 150.168
  }
]