{
  "Plan": {
    "Node Type": "Aggregate",
    "Strategy": "Plain",
    "Partial Mode": "Finalize",
    "Parallel Aware": false,
    "Startup Cost": 117759.64,
    "Total Cost": 117759.65,
    "Plan Rows": 1,
    "Plan Width": 8,
    "Actual Startup Time": 661.837,
    "Actual Total Time": 678.158,
    "Actual Rows": 1,
    "Actual Loops": 1,
    "Plans": [
      {
        "Node Type": "Gather",
        "Parent Relationship": "Outer",
        "Parallel Aware": false,
        "Startup Cost": 117759.53,
        "Total Cost": 117759.64,
        "Plan Rows": 1,
        "Plan Width": 8,
        "Actual Startup Time": 661.557,
        "Actual Total Time": 678.149,
        "Actual Rows": 2,
        "Actual Loops": 1,
        "Workers Planned": 1,
        "Workers Launched": 1,
        "Single Copy": false,
        "Plans": [
          {
            "Node Type": "Aggregate",
            "Strategy": "Plain",
            "Partial Mode": "Partial",
            "Parent Relationship": "Outer",
            "Parallel Aware": false,
            "Startup Cost": 116759.53,
            "Total Cost": 116759.54,
            "Plan Rows": 1,
            "Plan Width": 8,
            "Actual Startup Time": 656.24,
            "Actual Total Time": 656.243,
            "Actual Rows": 1,
            "Actual Loops": 2,
            "Plans": [
              {
                "Node Type": "Hash Join",
                "Parent Relationship": "Outer",
                "Parallel Aware": true,
                "Join Type": "Inner",
                "Startup Cost": 58602.68,
                "Total Cost": 116653.52,
                "Plan Rows": 42402,
                "Plan Width": 0,
                "Actual Startup Time": 185.191,
                "Actual Total Time": 654.605,
                "Actual Rows": 23330,
                "Actual Loops": 2,
                "Inner Unique": true,
                "Hash Cond": "(mk.movie_id = t.id)",
                "Plans": [
                  {
                    "Node Type": "Seq Scan",
                    "Parent Relationship": "Outer",
                    "Parallel Aware": true,
                    "Relation Name": "movie_keyword",
                    "Alias": "mk",
                    "Startup Cost": 0.0,
                    "Total Cost": 51065.35,
                    "Plan Rows": 2661135,
                    "Plan Width": 4,
                    "Actual Startup Time": 0.016,
                    "Actual Total Time": 223.479,
                    "Actual Rows": 2261965,
                    "Actual Loops": 2
                  },
                  {
                    "Node Type": "Hash",
                    "Parent Relationship": "Inner",
                    "Parallel Aware": true,
                    "Startup Cost": 58306.47,
                    "Total Cost": 58306.47,
                    "Plan Rows": 23697,
                    "Plan Width": 4,
                    "Actual Startup Time": 184.244,
                    "Actual Total Time": 184.245,
                    "Actual Rows": 21493,
                    "Actual Loops": 2,
                    "Hash Buckets": 65536,
                    "Original Hash Buckets": 65536,
                    "Hash Batches": 1,
                    "Original Hash Batches": 1,
                    "Peak Memory Usage": 2240,
                    "Plans": [
                      {
                        "Node Type": "Seq Scan",
                        "Parent Relationship": "Outer",
                        "Parallel Aware": true,
                        "Relation Name": "title",
                        "Alias": "t",
                        "Startup Cost": 0.0,
                        "Total Cost": 58306.47,
                        "Plan Rows": 23697,
                        "Plan Width": 4,
                        "Actual Startup Time": 0.03,
                        "Actual Total Time": 175.562,
                        "Actual Rows": 21493,
                        "Actual Loops": 2,
                        "Filter": "((kind_id > 1) AND (production_year = 1999))",
                        "Rows Removed by Filter": 1242663
                      }
                    ]
                  }
                ]
              }
            ]
          }
        ]
      }
    ]
  },
  "Planning Time": 0.215,
  "Triggers": [],
  "Execution Time": 678.199
}