[
    {
        "Bao": {
            "Bao prediction": "NaN",
            "Bao recommended hint": "(no hint)"
        }
    },
    {
        "Plan": {
            "Node Type": "Aggregate",
            "Strategy": "Plain",
            "Partial Mode": "Finalize",
            "Parallel Aware": false,
            "Startup Cost": 657091.88,
            "Total Cost": 657091.89,
            "Plan Rows": 1,
            "Plan Width": 8,
            "Actual Startup Time": 13188.042,
            "Actual Total Time": 13308.926,
            "Actual Rows": 1,
            "Actual Loops": 1,
            "Output": [
                "count(*)"
            ],
            "Plans": [
                {
                    "Node Type": "Gather",
                    "Parent Relationship": "Outer",
                    "Parallel Aware": false,
                    "Startup Cost": 657091.26,
                    "Total Cost": 657091.87,
                    "Plan Rows": 6,
                    "Plan Width": 8,
                    "Actual Startup Time": 13092.322,
                    "Actual Total Time": 13308.909,
                    "Actual Rows": 7,
                    "Actual Loops": 1,
                    "Output": [
                        "(PARTIAL count(*))"
                    ],
                    "Workers Planned": 6,
                    "Workers Launched": 6,
                    "Single Copy": false,
                    "Plans": [
                        {
                            "Node Type": "Aggregate",
                            "Strategy": "Plain",
                            "Partial Mode": "Partial",
                            "Parent Relationship": "Outer",
                            "Parallel Aware": false,
                            "Startup Cost": 656091.26,
                            "Total Cost": 656091.27,
                            "Plan Rows": 1,
                            "Plan Width": 8,
                            "Actual Startup Time": 13060.739,
                            "Actual Total Time": 13064.812,
                            "Actual Rows": 1,
                            "Actual Loops": 7,
                            "Output": [
                                "PARTIAL count(*)"
                            ],
                            "Workers": [
                                {
                                    "Worker Number": 0,
                                    "Actual Startup Time": 13053.639,
                                    "Actual Total Time": 13053.644,
                                    "Actual Rows": 1,
                                    "Actual Loops": 1
                                },
                                {
                                    "Worker Number": 1,
                                    "Actual Startup Time": 13067.13,
                                    "Actual Total Time": 13067.134,
                                    "Actual Rows": 1,
                                    "Actual Loops": 1
                                },
                                {
                                    "Worker Number": 2,
                                    "Actual Startup Time": 13053.681,
                                    "Actual Total Time": 13053.685,
                                    "Actual Rows": 1,
                                    "Actual Loops": 1
                                },
                                {
                                    "Worker Number": 3,
                                    "Actual Startup Time": 13053.96,
                                    "Actual Total Time": 13053.964,
                                    "Actual Rows": 1,
                                    "Actual Loops": 1
                                },
                                {
                                    "Worker Number": 4,
                                    "Actual Startup Time": 13053.452,
                                    "Actual Total Time": 13053.458,
                                    "Actual Rows": 1,
                                    "Actual Loops": 1
                                },
                                {
                                    "Worker Number": 5,
                                    "Actual Startup Time": 13053.361,
                                    "Actual Total Time": 13053.366,
                                    "Actual Rows": 1,
                                    "Actual Loops": 1
                                }
                            ],
                            "Plans": [
                                {
                                    "Node Type": "Hash Join",
                                    "Parent Relationship": "Outer",
                                    "Parallel Aware": true,
                                    "Join Type": "Inner",
                                    "Startup Cost": 261369.81,
                                    "Total Cost": 623338.38,
                                    "Plan Rows": 13101152,
                                    "Plan Width": 0,
                                    "Actual Startup Time": 1985.093,
                                    "Actual Total Time": 10954.063,
                                    "Actual Rows": 51935171,
                                    "Actual Loops": 7,
                                    "Inner Unique": false,
                                    "Hash Cond": "(ci.movie_id = t.id)",
                                    "Workers": [
                                        {
                                            "Worker Number": 0,
                                            "Actual Startup Time": 1979.844,
                                            "Actual Total Time": 10946.86,
                                            "Actual Rows": 54155226,
                                            "Actual Loops": 1
                                        },
                                        {
                                            "Worker Number": 1,
                                            "Actual Startup Time": 1980.033,
                                            "Actual Total Time": 11022.122,
                                            "Actual Rows": 53358788,
                                            "Actual Loops": 1
                                        },
                                        {
                                            "Worker Number": 2,
                                            "Actual Startup Time": 1979.783,
                                            "Actual Total Time": 10942.751,
                                            "Actual Rows": 54238162,
                                            "Actual Loops": 1
                                        },
                                        {
                                            "Worker Number": 3,
                                            "Actual Startup Time": 1980.383,
                                            "Actual Total Time": 11013.606,
                                            "Actual Rows": 53190400,
                                            "Actual Loops": 1
                                        },
                                        {
                                            "Worker Number": 4,
                                            "Actual Startup Time": 1979.857,
                                            "Actual Total Time": 10876.244,
                                            "Actual Rows": 48297111,
                                            "Actual Loops": 1
                                        },
                                        {
                                            "Worker Number": 5,
                                            "Actual Startup Time": 1979.581,
                                            "Actual Total Time": 10955.336,
                                            "Actual Rows": 51069420,
                                            "Actual Loops": 1
                                        }
                                    ],
                                    "Plans": [
                                        {
                                            "Node Type": "Seq Scan",
                                            "Parent Relationship": "Outer",
                                            "Parallel Aware": true,
                                            "Relation Name": "cast_info",
                                            "Schema": "public",
                                            "Alias": "ci",
                                            "Startup Cost": 0.0,
                                            "Total Cost": 313108.29,
                                            "Plan Rows": 6042129,
                                            "Plan Width": 4,
                                            "Actual Startup Time": 0.046,
                                            "Actual Total Time": 469.364,
                                            "Actual Rows": 5177763,
                                            "Actual Loops": 7,
                                            "Output": [
                                                "ci.id",
                                                "ci.person_id",
                                                "ci.movie_id",
                                                "ci.person_role_id",
                                                "ci.note",
                                                "ci.nr_order",
                                                "ci.role_id"
                                            ],
                                            "Workers": [
                                                {
                                                    "Worker Number": 0,
                                                    "Actual Startup Time": 0.03,
                                                    "Actual Total Time": 481.221,
                                                    "Actual Rows": 5415562,
                                                    "Actual Loops": 1
                                                },
                                                {
                                                    "Worker Number": 1,
                                                    "Actual Startup Time": 0.068,
                                                    "Actual Total Time": 478.809,
                                                    "Actual Rows": 5305125,
                                                    "Actual Loops": 1
                                                },
                                                {
                                                    "Worker Number": 2,
                                                    "Actual Startup Time": 0.025,
                                                    "Actual Total Time": 480.09,
                                                    "Actual Rows": 5422678,
                                                    "Actual Loops": 1
                                                },
                                                {
                                                    "Worker Number": 3,
                                                    "Actual Startup Time": 0.058,
                                                    "Actual Total Time": 478.889,
                                                    "Actual Rows": 5271329,
                                                    "Actual Loops": 1
                                                },
                                                {
                                                    "Worker Number": 4,
                                                    "Actual Startup Time": 0.057,
                                                    "Actual Total Time": 499.704,
                                                    "Actual Rows": 4719568,
                                                    "Actual Loops": 1
                                                },
                                                {
                                                    "Worker Number": 5,
                                                    "Actual Startup Time": 0.064,
                                                    "Actual Total Time": 488.565,
                                                    "Actual Rows": 5148886,
                                                    "Actual Loops": 1
                                                }
                                            ]
                                        },
                                        {
                                            "Node Type": "Hash",
                                            "Parent Relationship": "Inner",
                                            "Parallel Aware": true,
                                            "Startup Cost": 247664.41,
                                            "Total Cost": 247664.41,
                                            "Plan Rows": 1096432,
                                            "Plan Width": 8,
                                            "Actual Startup Time": 1972.061,
                                            "Actual Total Time": 1976.132,
                                            "Actual Rows": 1515823,
                                            "Actual Loops": 7,
                                            "Output": [
                                                "t.id",
                                                "mi.movie_id"
                                            ],
                                            "Hash Buckets": 16777216,
                                            "Original Hash Buckets": 8388608,
                                            "Hash Batches": 1,
                                            "Original Hash Batches": 1,
                                            "Peak Memory Usage": 611776,
                                            "Workers": [
                                                {
                                                    "Worker Number": 0,
                                                    "Actual Startup Time": 1978.548,
                                                    "Actual Total Time": 1978.551,
                                                    "Actual Rows": 1669464,
                                                    "Actual Loops": 1
                                                },
                                                {
                                                    "Worker Number": 1,
                                                    "Actual Startup Time": 1978.901,
                                                    "Actual Total Time": 1978.904,
                                                    "Actual Rows": 1712192,
                                                    "Actual Loops": 1
                                                },
                                                {
                                                    "Worker Number": 2,
                                                    "Actual Startup Time": 1978.585,
                                                    "Actual Total Time": 1978.588,
                                                    "Actual Rows": 1667040,
                                                    "Actual Loops": 1
                                                },
                                                {
                                                    "Worker Number": 3,
                                                    "Actual Startup Time": 1979.318,
                                                    "Actual Total Time": 1979.32,
                                                    "Actual Rows": 1714328,
                                                    "Actual Loops": 1
                                                },
                                                {
                                                    "Worker Number": 4,
                                                    "Actual Startup Time": 1978.895,
                                                    "Actual Total Time": 1978.899,
                                                    "Actual Rows": 1246860,
                                                    "Actual Loops": 1
                                                },
                                                {
                                                    "Worker Number": 5,
                                                    "Actual Startup Time": 1978.481,
                                                    "Actual Total Time": 1978.484,
                                                    "Actual Rows": 1241536,
                                                    "Actual Loops": 1
                                                }
                                            ],
                                            "Plans": [
                                                {
                                                    "Node Type": "Hash Join",
                                                    "Parent Relationship": "Outer",
                                                    "Parallel Aware": true,
                                                    "Join Type": "Inner",
                                                    "Startup Cost": 48414.78,
                                                    "Total Cost": 247664.41,
                                                    "Plan Rows": 1096432,
                                                    "Plan Width": 8,
                                                    "Actual Startup Time": 160.142,
                                                    "Actual Total Time": 1093.906,
                                                    "Actual Rows": 1515823,
                                                    "Actual Loops": 7,
                                                    "Output": [
                                                        "t.id",
                                                        "mi.movie_id"
                                                    ],
                                                    "Inner Unique": true,
                                                    "Hash Cond": "(mi.movie_id = t.id)",
                                                    "Workers": [
                                                        {
                                                            "Worker Number": 0,
                                                            "Actual Startup Time": 160.131,
                                                            "Actual Total Time": 1091.483,
                                                            "Actual Rows": 1669464,
                                                            "Actual Loops": 1
                                                        },
                                                        {
                                                            "Worker Number": 1,
                                                            "Actual Startup Time": 160.014,
                                                            "Actual Total Time": 1087.447,
                                                            "Actual Rows": 1712192,
                                                            "Actual Loops": 1
                                                        },
                                                        {
                                                            "Worker Number": 2,
                                                            "Actual Startup Time": 160.245,
                                                            "Actual Total Time": 1091.024,
                                                            "Actual Rows": 1667040,
                                                            "Actual Loops": 1
                                                        },
                                                        {
                                                            "Worker Number": 3,
                                                            "Actual Startup Time": 159.923,
                                                            "Actual Total Time": 1086.247,
                                                            "Actual Rows": 1714328,
                                                            "Actual Loops": 1
                                                        },
                                                        {
                                                            "Worker Number": 4,
                                                            "Actual Startup Time": 159.959,
                                                            "Actual Total Time": 1097.483,
                                                            "Actual Rows": 1246860,
                                                            "Actual Loops": 1
                                                        },
                                                        {
                                                            "Worker Number": 5,
                                                            "Actual Startup Time": 160.307,
                                                            "Actual Total Time": 1099.521,
                                                            "Actual Rows": 1241536,
                                                            "Actual Loops": 1
                                                        }
                                                    ],
                                                    "Plans": [
                                                        {
                                                            "Node Type": "Seq Scan",
                                                            "Parent Relationship": "Outer",
                                                            "Parallel Aware": true,
                                                            "Relation Name": "movie_info",
                                                            "Schema": "public",
                                                            "Alias": "mi",
                                                            "Startup Cost": 0.0,
                                                            "Total Cost": 191503.19,
                                                            "Plan Rows": 2951019,
                                                            "Plan Width": 4,
                                                            "Actual Startup Time": 0.026,
                                                            "Actual Total Time": 286.81,
                                                            "Actual Rows": 2119389,
                                                            "Actual Loops": 7,
                                                            "Output": [
                                                                "mi.id",
                                                                "mi.movie_id",
                                                                "mi.info_type_id",
                                                                "mi.info",
                                                                "mi.note"
                                                            ],
                                                            "Workers": [
                                                                {
                                                                    "Worker Number": 0,
                                                                    "Actual Startup Time": 0.036,
                                                                    "Actual Total Time": 284.139,
                                                                    "Actual Rows": 2324030,
                                                                    "Actual Loops": 1
                                                                },
                                                                {
                                                                    "Worker Number": 1,
                                                                    "Actual Startup Time": 0.023,
                                                                    "Actual Total Time": 290.967,
                                                                    "Actual Rows": 2377647,
                                                                    "Actual Loops": 1
                                                                },
                                                                {
                                                                    "Worker Number": 2,
                                                                    "Actual Startup Time": 0.027,
                                                                    "Actual Total Time": 283.527,
                                                                    "Actual Rows": 2321289,
                                                                    "Actual Loops": 1
                                                                },
                                                                {
                                                                    "Worker Number": 3,
                                                                    "Actual Startup Time": 0.018,
                                                                    "Actual Total Time": 288.165,
                                                                    "Actual Rows": 2393020,
                                                                    "Actual Loops": 1
                                                                },
                                                                {
                                                                    "Worker Number": 4,
                                                                    "Actual Startup Time": 0.039,
                                                                    "Actual Total Time": 310.806,
                                                                    "Actual Rows": 1742645,
                                                                    "Actual Loops": 1
                                                                },
                                                                {
                                                                    "Worker Number": 5,
                                                                    "Actual Startup Time": 0.034,
                                                                    "Actual Total Time": 314.246,
                                                                    "Actual Rows": 1729407,
                                                                    "Actual Loops": 1
                                                                }
                                                            ]
                                                        },
                                                        {
                                                            "Node Type": "Hash",
                                                            "Parent Relationship": "Inner",
                                                            "Parallel Aware": true,
                                                            "Startup Cost": 45479.21,
                                                            "Total Cost": 45479.21,
                                                            "Plan Rows": 234846,
                                                            "Plan Width": 4,
                                                            "Actual Startup Time": 156.804,
                                                            "Actual Total Time": 156.806,
                                                            "Actual Rows": 135813,
                                                            "Actual Loops": 7,
                                                            "Output": [
                                                                "t.id"
                                                            ],
                                                            "Hash Buckets": 1048576,
                                                            "Original Hash Buckets": 1048576,
                                                            "Hash Batches": 1,
                                                            "Original Hash Batches": 1,
                                                            "Peak Memory Usage": 45504,
                                                            "Workers": [
                                                                {
                                                                    "Worker Number": 0,
                                                                    "Actual Startup Time": 158.185,
                                                                    "Actual Total Time": 158.186,
                                                                    "Actual Rows": 136716,
                                                                    "Actual Loops": 1
                                                                },
                                                                {
                                                                    "Worker Number": 1,
                                                                    "Actual Startup Time": 158.119,
                                                                    "Actual Total Time": 158.12,
                                                                    "Actual Rows": 154997,
                                                                    "Actual Loops": 1
                                                                },
                                                                {
                                                                    "Worker Number": 2,
                                                                    "Actual Startup Time": 158.295,
                                                                    "Actual Total Time": 158.296,
                                                                    "Actual Rows": 138200,
                                                                    "Actual Loops": 1
                                                                },
                                                                {
                                                                    "Worker Number": 3,
                                                                    "Actual Startup Time": 158.094,
                                                                    "Actual Total Time": 158.095,
                                                                    "Actual Rows": 155385,
                                                                    "Actual Loops": 1
                                                                },
                                                                {
                                                                    "Worker Number": 4,
                                                                    "Actual Startup Time": 158.072,
                                                                    "Actual Total Time": 158.073,
                                                                    "Actual Rows": 112480,
                                                                    "Actual Loops": 1
                                                                },
                                                                {
                                                                    "Worker Number": 5,
                                                                    "Actual Startup Time": 158.245,
                                                                    "Actual Total Time": 158.246,
                                                                    "Actual Rows": 111254,
                                                                    "Actual Loops": 1
                                                                }
                                                            ],
                                                            "Plans": [
                                                                {
                                                                    "Node Type": "Seq Scan",
                                                                    "Parent Relationship": "Outer",
                                                                    "Parallel Aware": true,
                                                                    "Relation Name": "title",
                                                                    "Schema": "public",
                                                                    "Alias": "t",
                                                                    "Startup Cost": 0.0,
                                                                    "Total Cost": 45479.21,
                                                                    "Plan Rows": 234846,
                                                                    "Plan Width": 4,
                                                                    "Actual Startup Time": 0.068,
                                                                    "Actual Total Time": 89.042,
                                                                    "Actual Rows": 135813,
                                                                    "Actual Loops": 7,
                                                                    "Output": [
                                                                        "t.id"
                                                                    ],
                                                                    "Filter": "((t.kind_id < 7) AND (t.production_year < 2013))",
                                                                    "Rows Removed by Filter": 225374,
                                                                    "Workers": [
                                                                        {
                                                                            "Worker Number": 0,
                                                                            "Actual Startup Time": 0.093,
                                                                            "Actual Total Time": 87.001,
                                                                            "Actual Rows": 136716,
                                                                            "Actual Loops": 1
                                                                        },
                                                                        {
                                                                            "Worker Number": 1,
                                                                            "Actual Startup Time": 0.073,
                                                                            "Actual Total Time": 89.605,
                                                                            "Actual Rows": 154997,
                                                                            "Actual Loops": 1
                                                                        },
                                                                        {
                                                                            "Worker Number": 2,
                                                                            "Actual Startup Time": 0.07,
                                                                            "Actual Total Time": 87.269,
                                                                            "Actual Rows": 138200,
                                                                            "Actual Loops": 1
                                                                        },
                                                                        {
                                                                            "Worker Number": 3,
                                                                            "Actual Startup Time": 0.091,
                                                                            "Actual Total Time": 89.522,
                                                                            "Actual Rows": 155385,
                                                                            "Actual Loops": 1
                                                                        },
                                                                        {
                                                                            "Worker Number": 4,
                                                                            "Actual Startup Time": 0.084,
                                                                            "Actual Total Time": 91.099,
                                                                            "Actual Rows": 112480,
                                                                            "Actual Loops": 1
                                                                        },
                                                                        {
                                                                            "Worker Number": 5,
                                                                            "Actual Startup Time": 0.043,
                                                                            "Actual Total Time": 92.069,
                                                                            "Actual Rows": 111254,
                                                                            "Actual Loops": 1
                                                                        }
                                                                    ]
                                                                }
                                                            ]
                                                        }
                                                    ]
                                                }
                                            ]
                                        }
                                    ]
                                }
                            ]
                        }
                    ]
                }
            ]
        },
        "Planning Time": 191.248,
        "Triggers": [],
        "Execution Time": 13309.067
    }
]