[
  {
    "Plan": {
      "Node Type": "Aggregate",
      "Strategy": "Plain",
      "Partial Mode": "Finalize",
      "Parallel Aware": false,
      "Startup Cost": 30547.89,
      "Total Cost": 30547.9,
      "Plan Rows": 1,
      "Plan Width": 8,
      "Actual Startup Time": 58.396,
      "Actual Total Time": 63.374,
      "Actual Rows": 1,
      "Actual Loops": 1,
      "Plans": [
        {
          "Node Type": "Gather",
          "Parent Relationship": "Outer",
          "Parallel Aware": false,
          "Startup Cost": 30547.58,
          "Total Cost": 30547.89,
          "Plan Rows": 3,
          "Plan Width": 8,
          "Actual Startup Time": 58.127,
          "Actual Total Time": 63.367,
          "Actual Rows": 4,
          "Actual Loops": 1,
          "Workers Planned": 3,
          "Workers Launched": 3,
          "Single Copy": false,
          "Plans": [
            {
              "Node Type": "Aggregate",
              "Strategy": "Plain",
              "Partial Mode": "Partial",
              "Parent Relationship": "Outer",
              "Parallel Aware": false,
              "Startup Cost": 29547.58,
              "Total Cost": 29547.59,
              "Plan Rows": 1,
              "Plan Width": 8,
              "Actual Startup Time": 55.346,
              "Actual Total Time": 55.347,
              "Actual Rows": 1,
              "Actual Loops": 4,
              "Plans": [
                {
                  "Node Type": "Bitmap Heap Scan",
                  "Parent Relationship": "Outer",
                  "Parallel Aware": true,
                  "Relation Name": "movie_keyword",
                  "Alias": "mk",
                  "Startup Cost": 4147.59,
                  "Total Cost": 29389.91,
                  "Plan Rows": 63066,
                  "Plan Width": 0,
                  "Actual Startup Time": 12.659,
                  "Actual Total Time": 52.77,
                  "Actual Rows": 49159,
                  "Actual Loops": 4,
                  "Recheck Cond": "(keyword_id > 69478)",
                  "Rows Removed by Index Recheck": 0,
                  "Exact Heap Blocks": 8314,
                  "Lossy Heap Blocks": 0,
                  "Plans": [
                    {
                      "Node Type": "Bitmap Index Scan",
                      "Parent Relationship": "Outer",
                      "Parallel Aware": false,
                      "Index Name": "keyword_id_movie_keyword",
                      "Startup Cost": 0.0,
                      "Total Cost": 4098.71,
                      "Plan Rows": 195504,
                      "Plan Width": 0,
                      "Actual Startup Time": 12.241,
                      "Actual Total Time": 12.241,
                      "Actual Rows": 196635,
                      "Actual Loops": 1,
                      "Index Cond": "(keyword_id > 69478)"
                    }
                  ]
                }
              ]
            }
          ]
        }
      ]
    },
    "Planning Time": 0.073,
    "Triggers": [],
    "Execution Time": 63.403
  }
]