[
    {
        "Bao": {
            "Bao prediction": 611.403,
            "Bao recommended hint": "(no hint)"
        }
    },
    {
        "Plan": {
            "Node Type": "Aggregate",
            "Strategy": "Plain",
            "Partial Mode": "Simple",
            "Parallel Aware": false,
            "Startup Cost": 39536.41,
            "Total Cost": 39536.42,
            "Plan Rows": 1,
            "Plan Width": 8,
            "Actual Startup Time": 62.56,
            "Actual Total Time": 62.562,
            "Actual Rows": 1,
            "Actual Loops": 1,
            "Output": [
                "count(*)"
            ],
            "Plans": [
                {
                    "Node Type": "Bitmap Heap Scan",
                    "Parent Relationship": "Outer",
                    "Parallel Aware": false,
                    "Relation Name": "title",
                    "Schema": "public",
                    "Alias": "t",
                    "Startup Cost": 1820.95,
                    "Total Cost": 39330.89,
                    "Plan Rows": 82207,
                    "Plan Width": 0,
                    "Actual Startup Time": 18.969,
                    "Actual Total Time": 56.953,
                    "Actual Rows": 92182,
                    "Actual Loops": 1,
                    "Recheck Cond": "(t.kind_id = 3)",
                    "Rows Removed by Index Recheck": 0,
                    "Filter": "(t.production_year < 2011)",
                    "Rows Removed by Filter": 8355,
                    "Exact Heap Blocks": 12707,
                    "Lossy Heap Blocks": 0,
                    "Plans": [
                        {
                            "Node Type": "Bitmap Index Scan",
                            "Parent Relationship": "Outer",
                            "Parallel Aware": false,
                            "Index Name": "kind_id_title",
                            "Startup Cost": 0.0,
                            "Total Cost": 1800.4,
                            "Plan Rows": 100796,
                            "Plan Width": 0,
                            "Actual Startup Time": 13.807,
                            "Actual Total Time": 13.807,
                            "Actual Rows": 100537,
                            "Actual Loops": 1,
                            "Index Cond": "(t.kind_id = 3)"
                        }
                    ]
                }
            ]
        },
        "Planning Time": 286.444,
        "Triggers": [],
        "Execution Time": 62.648
    }
]