[
  {
    "Plan": {
      "Node Type": "Aggregate",
      "Strategy": "Plain",
      "Partial Mode": "Finalize",
      "Parallel Aware": false,
      "Startup Cost": 83824.15,
      "Total Cost": 83824.16,
      "Plan Rows": 1,
      "Plan Width": 8,
      "Actual Startup Time": 497.036,
      "Actual Total Time": 518.166,
      "Actual Rows": 1,
      "Actual Loops": 1,
      "Plans": [
        {
          "Node Type": "Gather",
          "Parent Relationship": "Outer",
          "Parallel Aware": false,
          "Startup Cost": 83823.83,
          "Total Cost": 83824.14,
          "Plan Rows": 3,
          "Plan Width": 8,
          "Actual Startup Time": 488.452,
          "Actual Total Time": 518.154,
          "Actual Rows": 4,
          "Actual Loops": 1,
          "Workers Planned": 3,
          "Workers Launched": 3,
          "Single Copy": false,
          "Plans": [
            {
              "Node Type": "Aggregate",
              "Strategy": "Plain",
              "Partial Mode": "Partial",
              "Parent Relationship": "Outer",
              "Parallel Aware": false,
              "Startup Cost": 82823.83,
              "Total Cost": 82823.84,
              "Plan Rows": 1,
              "Plan Width": 8,
              "Actual Startup Time": 469.333,
              "Actual Total Time": 469.337,
              "Actual Rows": 1,
              "Actual Loops": 4,
              "Plans": [
                {
                  "Node Type": "Hash Join",
                  "Parent Relationship": "Outer",
                  "Parallel Aware": true,
                  "Join Type": "Inner",
                  "Startup Cost": 56647.64,
                  "Total Cost": 82579.55,
                  "Plan Rows": 97713,
                  "Plan Width": 0,
                  "Actual Startup Time": 389.954,
                  "Actual Total Time": 465.116,
                  "Actual Rows": 74316,
                  "Actual Loops": 4,
                  "Inner Unique": true,
                  "Hash Cond": "(mk.movie_id = t.id)",
                  "Plans": [
                    {
                      "Node Type": "Bitmap Heap Scan",
                      "Parent Relationship": "Outer",
                      "Parallel Aware": true,
                      "Relation Name": "movie_keyword",
                      "Alias": "mk",
                      "Startup Cost": 6427.99,
                      "Total Cost": 32103.41,
                      "Plan Rows": 97713,
                      "Plan Width": 4,
                      "Actual Startup Time": 20.407,
                      "Actual Total Time": 66.709,
                      "Actual Rows": 74316,
                      "Actual Loops": 4,
                      "Recheck Cond": "(keyword_id > 54183)",
                      "Rows Removed by Index Recheck": 0,
                      "Exact Heap Blocks": 5374,
                      "Lossy Heap Blocks": 0,
                      "Plans": [
                        {
                          "Node Type": "Bitmap Index Scan",
                          "Parent Relationship": "Outer",
                          "Parallel Aware": false,
                          "Index Name": "keyword_id_movie_keyword",
                          "Startup Cost": 0.0,
                          "Total Cost": 6352.27,
                          "Plan Rows": 302911,
                          "Plan Width": 0,
                          "Actual Startup Time": 17.079,
                          "Actual Total Time": 17.08,
                          "Actual Rows": 297263,
                          "Actual Loops": 1,
                          "Index Cond": "(keyword_id > 54183)"
                        }
                      ]
                    },
                    {
                      "Node Type": "Hash",
                      "Parent Relationship": "Inner",
                      "Parallel Aware": true,
                      "Startup Cost": 42318.73,
                      "Total Cost": 42318.73,
                      "Plan Rows": 632073,
                      "Plan Width": 4,
                      "Actual Startup Time": 357.657,
                      "Actual Total Time": 357.658,
                      "Actual Rows": 632078,
                      "Actual Loops": 4,
                      "Hash Buckets": 4194304,
                      "Original Hash Buckets": 4194304,
                      "Hash Batches": 1,
                      "Original Hash Batches": 1,
                      "Peak Memory Usage": 131744,
                      "Plans": [
                        {
                          "Node Type": "Seq Scan",
                          "Parent Relationship": "Outer",
                          "Parallel Aware": true,
                          "Relation Name": "title",
                          "Alias": "t",
                          "Startup Cost": 0.0,
                          "Total Cost": 42318.73,
                          "Plan Rows": 632073,
                          "Plan Width": 4,
                          "Actual Startup Time": 0.036,
                          "Actual Total Time": 104.478,
                          "Actual Rows": 632078,
                          "Actual Loops": 4
                        }
                      ]
                    }
                  ]
                }
              ]
            }
          ]
        }
      ]
    },
    "Planning Time": 0.559,
    "Triggers": [],
    "Execution Time": 518.254
  }
]