{
    "Plan": {
        "Node Type": "Aggregate",
        "Strategy": "Plain",
        "Partial Mode": "Finalize",
        "Parallel Aware": false,
        "Startup Cost": 69410.09,
        "Total Cost": 69410.1,
        "Plan Rows": 1,
        "Plan Width": 8,
        "Actual Startup Time": 114.385,
        "Actual Total Time": 132.156,
        "Actual Rows": 1,
        "Actual Loops": 1,
        "Output": [
            "count(*)"
        ],
        "Plans": [
            {
                "Node Type": "Gather",
                "Parent Relationship": "Outer",
                "Parallel Aware": false,
                "Startup Cost": 69409.67,
                "Total Cost": 69410.08,
                "Plan Rows": 4,
                "Plan Width": 8,
                "Actual Startup Time": 114.276,
                "Actual Total Time": 132.148,
                "Actual Rows": 5,
                "Actual Loops": 1,
                "Output": [
                    "(PARTIAL count(*))"
                ],
                "Workers Planned": 4,
                "Workers Launched": 4,
                "Single Copy": false,
                "Plans": [
                    {
                        "Node Type": "Aggregate",
                        "Strategy": "Plain",
                        "Partial Mode": "Partial",
                        "Parent Relationship": "Outer",
                        "Parallel Aware": false,
                        "Startup Cost": 68409.67,
                        "Total Cost": 68409.68,
                        "Plan Rows": 1,
                        "Plan Width": 8,
                        "Actual Startup Time": 104.411,
                        "Actual Total Time": 104.412,
                        "Actual Rows": 1,
                        "Actual Loops": 5,
                        "Output": [
                            "PARTIAL count(*)"
                        ],
                        "Workers": [
                            {
                                "Worker Number": 0,
                                "Actual Startup Time": 101.399,
                                "Actual Total Time": 101.401,
                                "Actual Rows": 1,
                                "Actual Loops": 1
                            },
                            {
                                "Worker Number": 1,
                                "Actual Startup Time": 102.254,
                                "Actual Total Time": 102.255,
                                "Actual Rows": 1,
                                "Actual Loops": 1
                            },
                            {
                                "Worker Number": 2,
                                "Actual Startup Time": 102.24,
                                "Actual Total Time": 102.241,
                                "Actual Rows": 1,
                                "Actual Loops": 1
                            },
                            {
                                "Worker Number": 3,
                                "Actual Startup Time": 102.362,
                                "Actual Total Time": 102.364,
                                "Actual Rows": 1,
                                "Actual Loops": 1
                            }
                        ],
                        "Plans": [
                            {
                                "Node Type": "Nested Loop",
                                "Parent Relationship": "Outer",
                                "Parallel Aware": false,
                                "Join Type": "Inner",
                                "Startup Cost": 0.56,
                                "Total Cost": 68407.26,
                                "Plan Rows": 963,
                                "Plan Width": 0,
                                "Actual Startup Time": 57.415,
                                "Actual Total Time": 104.246,
                                "Actual Rows": 1516,
                                "Actual Loops": 5,
                                "Inner Unique": false,
                                "Workers": [
                                    {
                                        "Worker Number": 0,
                                        "Actual Startup Time": 54.274,
                                        "Actual Total Time": 101.249,
                                        "Actual Rows": 1070,
                                        "Actual Loops": 1
                                    },
                                    {
                                        "Worker Number": 1,
                                        "Actual Startup Time": 55.315,
                                        "Actual Total Time": 102.078,
                                        "Actual Rows": 1239,
                                        "Actual Loops": 1
                                    },
                                    {
                                        "Worker Number": 2,
                                        "Actual Startup Time": 55.382,
                                        "Actual Total Time": 102.062,
                                        "Actual Rows": 1269,
                                        "Actual Loops": 1
                                    },
                                    {
                                        "Worker Number": 3,
                                        "Actual Startup Time": 55.465,
                                        "Actual Total Time": 102.195,
                                        "Actual Rows": 1169,
                                        "Actual Loops": 1
                                    }
                                ],
                                "Plans": [
                                    {
                                        "Node Type": "Seq Scan",
                                        "Parent Relationship": "Outer",
                                        "Parallel Aware": true,
                                        "Relation Name": "title",
                                        "Schema": "public",
                                        "Alias": "t",
                                        "Startup Cost": 0.0,
                                        "Total Cost": 45479.21,
                                        "Plan Rows": 152,
                                        "Plan Width": 4,
                                        "Actual Startup Time": 57.213,
                                        "Actual Total Time": 78.654,
                                        "Actual Rows": 255,
                                        "Actual Loops": 5,
                                        "Output": [
                                            "t.id",
                                            "t.title",
                                            "t.imdb_index",
                                            "t.kind_id",
                                            "t.production_year",
                                            "t.imdb_id",
                                            "t.phonetic_code",
                                            "t.episode_of_id",
                                            "t.season_nr",
                                            "t.episode_nr",
                                            "t.series_years",
                                            "t.md5sum"
                                        ],
                                        "Filter": "((t.kind_id = 3) AND (t.production_year = 1984))",
                                        "Rows Removed by Filter": 505407,
                                        "Workers": [
                                            {
                                                "Worker Number": 0,
                                                "Actual Startup Time": 54.157,
                                                "Actual Total Time": 72.957,
                                                "Actual Rows": 181,
                                                "Actual Loops": 1
                                            },
                                            {
                                                "Worker Number": 1,
                                                "Actual Startup Time": 54.993,
                                                "Actual Total Time": 73.321,
                                                "Actual Rows": 207,
                                                "Actual Loops": 1
                                            },
                                            {
                                                "Worker Number": 2,
                                                "Actual Startup Time": 55.026,
                                                "Actual Total Time": 74.817,
                                                "Actual Rows": 196,
                                                "Actual Loops": 1
                                            },
                                            {
                                                "Worker Number": 3,
                                                "Actual Startup Time": 55.344,
                                                "Actual Total Time": 73.597,
                                                "Actual Rows": 186,
                                                "Actual Loops": 1
                                            }
                                        ]
                                    },
                                    {
                                        "Node Type": "Index Scan",
                                        "Parent Relationship": "Inner",
                                        "Parallel Aware": false,
                                        "Scan Direction": "Forward",
                                        "Index Name": "movie_id_cast_info",
                                        "Relation Name": "cast_info",
                                        "Schema": "public",
                                        "Alias": "ci",
                                        "Startup Cost": 0.56,
                                        "Total Cost": 150.67,
                                        "Plan Rows": 17,
                                        "Plan Width": 4,
                                        "Actual Startup Time": 0.074,
                                        "Actual Total Time": 0.099,
                                        "Actual Rows": 6,
                                        "Actual Loops": 1276,
                                        "Output": [
                                            "ci.id",
                                            "ci.person_id",
                                            "ci.movie_id",
                                            "ci.person_role_id",
                                            "ci.note",
                                            "ci.nr_order",
                                            "ci.role_id"
                                        ],
                                        "Index Cond": "(ci.movie_id = t.id)",
                                        "Rows Removed by Index Recheck": 0,
                                        "Filter": "(ci.role_id > 2)",
                                        "Rows Removed by Filter": 12,
                                        "Workers": [
                                            {
                                                "Worker Number": 0,
                                                "Actual Startup Time": 0.118,
                                                "Actual Total Time": 0.155,
                                                "Actual Rows": 6,
                                                "Actual Loops": 181
                                            },
                                            {
                                                "Worker Number": 1,
                                                "Actual Startup Time": 0.101,
                                                "Actual Total Time": 0.137,
                                                "Actual Rows": 6,
                                                "Actual Loops": 207
                                            },
                                            {
                                                "Worker Number": 2,
                                                "Actual Startup Time": 0.097,
                                                "Actual Total Time": 0.137,
                                                "Actual Rows": 6,
                                                "Actual Loops": 196
                                            },
                                            {
                                                "Worker Number": 3,
                                                "Actual Startup Time": 0.114,
                                                "Actual Total Time": 0.152,
                                                "Actual Rows": 6,
                                                "Actual Loops": 186
                                            }
                                        ]
                                    }
                                ]
                            }
                        ]
                    }
                ]
            }
        ]
    },
    "Planning Time": 0.414,
    "Triggers": [],
    "Execution Time": 132.207
}