{
  "Plan": {
    "Node Type": "Aggregate",
    "Strategy": "Plain",
    "Partial Mode": "Finalize",
    "Parallel Aware": false,
    "Startup Cost": 331195.5,
    "Total Cost": 331195.51,
    "Plan Rows": 1,
    "Plan Width": 8,
    "Actual Startup Time": 1289.009,
    "Actual Total Time": 1327.156,
    "Actual Rows": 1,
    "Actual Loops": 1,
    "Plans": [
      {
        "Node Type": "Gather",
        "Parent Relationship": "Outer",
        "Parallel Aware": false,
        "Startup Cost": 331195.39,
        "Total Cost": 331195.5,
        "Plan Rows": 1,
        "Plan Width": 8,
        "Actual Startup Time": 1288.78,
        "Actual Total Time": 1327.149,
        "Actual Rows": 2,
        "Actual Loops": 1,
        "Workers Planned": 1,
        "Workers Launched": 1,
        "Single Copy": false,
        "Plans": [
          {
            "Node Type": "Aggregate",
            "Strategy": "Plain",
            "Partial Mode": "Partial",
            "Parent Relationship": "Outer",
            "Parallel Aware": false,
            "Startup Cost": 330195.39,
            "Total Cost": 330195.4,
            "Plan Rows": 1,
            "Plan Width": 8,
            "Actual Startup Time": 1282.966,
            "Actual Total Time": 1282.969,
            "Actual Rows": 1,
            "Actual Loops": 2,
            "Plans": [
              {
                "Node Type": "Hash Join",
                "Parent Relationship": "Outer",
                "Parallel Aware": true,
                "Join Type": "Inner",
                "Startup Cost": 58355.07,
                "Total Cost": 330138.56,
                "Plan Rows": 22732,
                "Plan Width": 0,
                "Actual Startup Time": 142.905,
                "Actual Total Time": 1282.235,
                "Actual Rows": 15906,
                "Actual Loops": 2,
                "Inner Unique": true,
                "Hash Cond": "(mi.movie_id = t.id)",
                "Plans": [
                  {
                    "Node Type": "Seq Scan",
                    "Parent Relationship": "Outer",
                    "Parallel Aware": true,
                    "Relation Name": "movie_info",
                    "Alias": "mi",
                    "Startup Cost": 0.0,
                    "Total Cost": 248955.74,
                    "Plan Rows": 8696274,
                    "Plan Width": 4,
                    "Actual Startup Time": 0.009,
                    "Actual Total Time": 581.371,
                    "Actual Rows": 7417860,
                    "Actual Loops": 2
                  },
                  {
                    "Node Type": "Hash",
                    "Parent Relationship": "Inner",
                    "Parallel Aware": true,
                    "Startup Cost": 58306.47,
                    "Total Cost": 58306.47,
                    "Plan Rows": 3888,
                    "Plan Width": 4,
                    "Actual Startup Time": 140.817,
                    "Actual Total Time": 140.818,
                    "Actual Rows": 3227,
                    "Actual Loops": 2,
                    "Hash Buckets": 8192,
                    "Original Hash Buckets": 8192,
                    "Hash Batches": 1,
                    "Original Hash Batches": 1,
                    "Peak Memory Usage": 352,
                    "Plans": [
                      {
                        "Node Type": "Seq Scan",
                        "Parent Relationship": "Outer",
                        "Parallel Aware": true,
                        "Relation Name": "title",
                        "Alias": "t",
                        "Startup Cost": 0.0,
                        "Total Cost": 58306.47,
                        "Plan Rows": 3888,
                        "Plan Width": 4,
                        "Actual Startup Time": 0.103,
                        "Actual Total Time": 139.398,
                        "Actual Rows": 3227,
                        "Actual Loops": 2,
                        "Filter": "((kind_id = 7) AND (production_year = 1964))",
                        "Rows Removed by Filter": 1260929
                      }
                    ]
                  }
                ]
              }
            ]
          }
        ]
      }
    ]
  },
  "Planning Time": 0.425,
  "Triggers": [],
  "Execution Time": 1327.234
}