{
  "Plan": {
    "Node Type": "Aggregate",
    "Strategy": "Plain",
    "Partial Mode": "Finalize",
    "Parallel Aware": false,
    "Startup Cost": 148061.12,
    "Total Cost": 148061.13,
    "Plan Rows": 1,
    "Plan Width": 8,
    "Actual Startup Time": 794.569,
    "Actual Total Time": 812.288,
    "Actual Rows": 1,
    "Actual Loops": 1,
    "Plans": [
      {
        "Node Type": "Gather",
        "Parent Relationship": "Outer",
        "Parallel Aware": false,
        "Startup Cost": 148061.0,
        "Total Cost": 148061.11,
        "Plan Rows": 1,
        "Plan Width": 8,
        "Actual Startup Time": 793.379,
        "Actual Total Time": 812.279,
        "Actual Rows": 2,
        "Actual Loops": 1,
        "Workers Planned": 1,
        "Workers Launched": 1,
        "Single Copy": false,
        "Plans": [
          {
            "Node Type": "Aggregate",
            "Strategy": "Plain",
            "Partial Mode": "Partial",
            "Parent Relationship": "Outer",
            "Parallel Aware": false,
            "Startup Cost": 147061.0,
            "Total Cost": 147061.01,
            "Plan Rows": 1,
            "Plan Width": 8,
            "Actual Startup Time": 786.752,
            "Actual Total Time": 786.915,
            "Actual Rows": 1,
            "Actual Loops": 2,
            "Plans": [
              {
                "Node Type": "Hash Join",
                "Parent Relationship": "Outer",
                "Parallel Aware": true,
                "Join Type": "Inner",
                "Startup Cost": 85299.08,
                "Total Cost": 146847.07,
                "Plan Rows": 85575,
                "Plan Width": 0,
                "Actual Startup Time": 490.418,
                "Actual Total Time": 761.871,
                "Actual Rows": 631268,
                "Actual Loops": 2,
                "Inner Unique": false,
                "Hash Cond": "(mk.movie_id = t.id)",
                "Plans": [
                  {
                    "Node Type": "Seq Scan",
                    "Parent Relationship": "Outer",
                    "Parallel Aware": true,
                    "Relation Name": "movie_keyword",
                    "Alias": "mk",
                    "Startup Cost": 0.0,
                    "Total Cost": 51065.35,
                    "Plan Rows": 2661135,
                    "Plan Width": 4,
                    "Actual Startup Time": 0.015,
                    "Actual Total Time": 159.467,
                    "Actual Rows": 2261965,
                    "Actual Loops": 2
                  },
                  {
                    "Node Type": "Hash",
                    "Parent Relationship": "Inner",
                    "Parallel Aware": true,
                    "Startup Cost": 84701.26,
                    "Total Cost": 84701.26,
                    "Plan Rows": 47825,
                    "Plan Width": 8,
                    "Actual Startup Time": 381.125,
                    "Actual Total Time": 381.287,
                    "Actual Rows": 78366,
                    "Actual Loops": 2,
                    "Hash Buckets": 262144,
                    "Original Hash Buckets": 131072,
                    "Hash Batches": 1,
                    "Original Hash Batches": 1,
                    "Peak Memory Usage": 9248,
                    "Plans": [
                      {
                        "Node Type": "Hash Join",
                        "Parent Relationship": "Outer",
                        "Parallel Aware": true,
                        "Join Type": "Inner",
                        "Startup Cost": 24254.44,
                        "Total Cost": 84701.26,
                        "Plan Rows": 47825,
                        "Plan Width": 8,
                        "Actual Startup Time": 249.356,
                        "Actual Total Time": 362.238,
                        "Actual Rows": 78366,
                        "Actual Loops": 2,
                        "Inner Unique": false,
                        "Hash Cond": "(t.id = mc.movie_id)",
                        "Plans": [
                          {
                            "Node Type": "Seq Scan",
                            "Parent Relationship": "Outer",
                            "Parallel Aware": true,
                            "Relation Name": "title",
                            "Alias": "t",
                            "Startup Cost": 0.0,
                            "Total Cost": 50870.31,
                            "Plan Rows": 1487231,
                            "Plan Width": 4,
                            "Actual Startup Time": 0.012,
                            "Actual Total Time": 119.626,
                            "Actual Rows": 1264156,
                            "Actual Loops": 2
                          },
                          {
                            "Node Type": "Hash",
                            "Parent Relationship": "Inner",
                            "Parallel Aware": true,
                            "Startup Cost": 23656.63,
                            "Total Cost": 23656.63,
                            "Plan Rows": 47825,
                            "Plan Width": 4,
                            "Actual Startup Time": 69.793,
                            "Actual Total Time": 69.794,
                            "Actual Rows": 78366,
                            "Actual Loops": 2,
                            "Hash Buckets": 262144,
                            "Original Hash Buckets": 131072,
                            "Hash Batches": 1,
                            "Original Hash Batches": 1,
                            "Peak Memory Usage": 9216,
                            "Plans": [
                              {
                                "Node Type": "Bitmap Heap Scan",
                                "Parent Relationship": "Outer",
                                "Parallel Aware": true,
                                "Relation Name": "movie_companies",
                                "Alias": "mc",
                                "Startup Cost": 3453.72,
                                "Total Cost": 23656.63,
                                "Plan Rows": 47825,
                                "Plan Width": 4,
                                "Actual Startup Time": 14.749,
                                "Actual Total Time": 46.3,
                                "Actual Rows": 78366,
                                "Actual Loops": 2,
                                "Recheck Cond": "(company_id > 129194)",
                                "Rows Removed by Index Recheck": 0,
                                "Filter": "(company_type_id > 1)",
                                "Rows Removed by Filter": 0,
                                "Exact Heap Blocks": 2859,
                                "Lossy Heap Blocks": 0,
                                "Plans": [
                                  {
                                    "Node Type": "Bitmap Index Scan",
                                    "Parent Relationship": "Outer",
                                    "Parallel Aware": false,
                                    "Index Name": "company_id_movie_companies",
                                    "Startup Cost": 0.0,
                                    "Total Cost": 3433.4,
                                    "Plan Rows": 160129,
                                    "Plan Width": 0,
                                    "Actual Startup Time": 16.305,
                                    "Actual Total Time": 16.305,
                                    "Actual Rows": 156732,
                                    "Actual Loops": 1,
                                    "Index Cond": "(company_id > 129194)"
                                  }
                                ]
                              }
                            ]
                          }
                        ]
                      }
                    ]
                  }
                ]
              }
            ]
          }
        ]
      }
    ]
  },
  "Planning Time": 1.17,
  "Triggers": [],
  "Execution Time": 812.404
}