{
  "Plan": {
    "Node Type": "Aggregate",
    "Strategy": "Plain",
    "Partial Mode": "Finalize",
    "Parallel Aware": false,
    "Startup Cost": 1641627.75,
    "Total Cost": 1641627.76,
    "Plan Rows": 1,
    "Plan Width": 8,
    "Actual Startup Time": 5562.011,
    "Actual Total Time": 5562.09,
    "Actual Rows": 1,
    "Actual Loops": 1,
    "Plans": [
      {
        "Node Type": "Gather",
        "Parent Relationship": "Outer",
        "Parallel Aware": false,
        "Startup Cost": 1641627.64,
        "Total Cost": 1641627.75,
        "Plan Rows": 1,
        "Plan Width": 8,
        "Actual Startup Time": 5562.001,
        "Actual Total Time": 5562.085,
        "Actual Rows": 2,
        "Actual Loops": 1,
        "Workers Planned": 1,
        "Workers Launched": 1,
        "Single Copy": false,
        "Plans": [
          {
            "Node Type": "Aggregate",
            "Strategy": "Plain",
            "Partial Mode": "Partial",
            "Parent Relationship": "Outer",
            "Parallel Aware": false,
            "Startup Cost": 1640627.64,
            "Total Cost": 1640627.65,
            "Plan Rows": 1,
            "Plan Width": 8,
            "Actual Startup Time": 5509.851,
            "Actual Total Time": 5509.853,
            "Actual Rows": 1,
            "Actual Loops": 2,
            "Plans": [
              {
                "Node Type": "Merge Join",
                "Parent Relationship": "Outer",
                "Parallel Aware": false,
                "Join Type": "Inner",
                "Startup Cost": 1508219.03,
                "Total Cost": 1623516.28,
                "Plan Rows": 6844545,
                "Plan Width": 0,
                "Actual Startup Time": 3386.851,
                "Actual Total Time": 5290.052,
                "Actual Rows": 5451490,
                "Actual Loops": 2,
                "Inner Unique": true,
                "Merge Cond": "(ci.movie_id = t.id)",
                "Plans": [
                  {
                    "Node Type": "Sort",
                    "Parent Relationship": "Outer",
                    "Parallel Aware": false,
                    "Startup Cost": 1178056.8,
                    "Total Cost": 1195168.16,
                    "Plan Rows": 6844545,
                    "Plan Width": 4,
                    "Actual Startup Time": 2482.579,
                    "Actual Total Time": 3173.317,
                    "Actual Rows": 5451490,
                    "Actual Loops": 2,
                    "Sort Key": [
                      "ci.movie_id"
                    ],
                    "Sort Method": "quicksort",
                    "Sort Space Used": 459299,
                    "Sort Space Type": "Memory",
                    "Workers": [
                      {
                        "Worker Number": 0,
                        "Sort Method": "quicksort",
                        "Sort Space Used": 444995,
                        "Sort Space Type": "Memory"
                      }
                    ],
                    "Plans": [
                      {
                        "Node Type": "Index Scan",
                        "Parent Relationship": "Outer",
                        "Parallel Aware": true,
                        "Scan Direction": "Forward",
                        "Index Name": "role_id_cast_info",
                        "Relation Name": "cast_info",
                        "Alias": "ci",
                        "Startup Cost": 0.56,
                        "Total Cost": 400977.7,
                        "Plan Rows": 6844545,
                        "Plan Width": 4,
                        "Actual Startup Time": 125.326,
                        "Actual Total Time": 1122.82,
                        "Actual Rows": 5451490,
                        "Actual Loops": 2,
                        "Index Cond": "(role_id < 2)",
                        "Rows Removed by Index Recheck": 0,
                        "Filter": "(person_id > 239357)",
                        "Rows Removed by Filter": 883854
                      }
                    ]
                  },
                  {
                    "Node Type": "Sort",
                    "Parent Relationship": "Inner",
                    "Parallel Aware": false,
                    "Startup Cost": 330161.51,
                    "Total Cost": 336482.24,
                    "Plan Rows": 2528293,
                    "Plan Width": 4,
                    "Actual Startup Time": 904.259,
                    "Actual Total Time": 1257.143,
                    "Actual Rows": 2525839,
                    "Actual Loops": 2,
                    "Sort Key": [
                      "t.id"
                    ],
                    "Sort Method": "quicksort",
                    "Sort Space Used": 216819,
                    "Sort Space Type": "Memory",
                    "Workers": [
                      {
                        "Worker Number": 0,
                        "Sort Method": "quicksort",
                        "Sort Space Used": 216819,
                        "Sort Space Type": "Memory"
                      }
                    ],
                    "Plans": [
                      {
                        "Node Type": "Seq Scan",
                        "Parent Relationship": "Outer",
                        "Parallel Aware": false,
                        "Relation Name": "title",
                        "Alias": "t",
                        "Startup Cost": 0.0,
                        "Total Cost": 61280.93,
                        "Plan Rows": 2528293,
                        "Plan Width": 4,
                        "Actual Startup Time": 0.033,
                        "Actual Total Time": 256.964,
                        "Actual Rows": 2528312,
                        "Actual Loops": 2
                      }
                    ]
                  }
                ]
              }
            ]
          }
        ]
      }
    ]
  },
  "Planning Time": 0.488,
  "Triggers": [],
  "Execution Time": 5591.583
}