[
  {
    "Plan": {
      "Node Type": "Aggregate",
      "Strategy": "Plain",
      "Partial Mode": "Finalize",
      "Parallel Aware": false,
      "Startup Cost": 31374.21,
      "Total Cost": 31374.22,
      "Plan Rows": 1,
      "Plan Width": 8,
      "Actual Startup Time": 93.101,
      "Actual Total Time": 101.033,
      "Actual Rows": 1,
      "Actual Loops": 1,
      "Plans": [
        {
          "Node Type": "Gather",
          "Parent Relationship": "Outer",
          "Parallel Aware": false,
          "Startup Cost": 31373.89,
          "Total Cost": 31374.2,
          "Plan Rows": 3,
          "Plan Width": 8,
          "Actual Startup Time": 92.932,
          "Actual Total Time": 101.024,
          "Actual Rows": 4,
          "Actual Loops": 1,
          "Workers Planned": 3,
          "Workers Launched": 3,
          "Single Copy": false,
          "Plans": [
            {
              "Node Type": "Aggregate",
              "Strategy": "Plain",
              "Partial Mode": "Partial",
              "Parent Relationship": "Outer",
              "Parallel Aware": false,
              "Startup Cost": 30373.89,
              "Total Cost": 30373.9,
              "Plan Rows": 1,
              "Plan Width": 8,
              "Actual Startup Time": 88.524,
              "Actual Total Time": 88.525,
              "Actual Rows": 1,
              "Actual Loops": 4,
              "Plans": [
                {
                  "Node Type": "Seq Scan",
                  "Parent Relationship": "Outer",
                  "Parallel Aware": true,
                  "Relation Name": "movie_companies",
                  "Alias": "mc",
                  "Startup Cost": 0.0,
                  "Total Cost": 29310.68,
                  "Plan Rows": 425283,
                  "Plan Width": 0,
                  "Actual Startup Time": 0.017,
                  "Actual Total Time": 72.007,
                  "Actual Rows": 332501,
                  "Actual Loops": 4,
                  "Filter": "(company_id < 11388)",
                  "Rows Removed by Filter": 319781
                }
              ]
            }
          ]
        }
      ]
    },
    "Planning Time": 0.134,
    "Triggers": [],
    "Execution Time": 101.069
  }
]