[
  {
    "Plan": {
      "Node Type": "Aggregate",
      "Strategy": "Plain",
      "Partial Mode": "Finalize",
      "Parallel Aware": false,
      "Startup Cost": 44678.03,
      "Total Cost": 44678.04,
      "Plan Rows": 1,
      "Plan Width": 8,
      "Actual Startup Time": 127.982,
      "Actual Total Time": 140.688,
      "Actual Rows": 1,
      "Actual Loops": 1,
      "Plans": [
        {
          "Node Type": "Gather",
          "Parent Relationship": "Outer",
          "Parallel Aware": false,
          "Startup Cost": 44677.71,
          "Total Cost": 44678.02,
          "Plan Rows": 3,
          "Plan Width": 8,
          "Actual Startup Time": 127.844,
          "Actual Total Time": 140.679,
          "Actual Rows": 4,
          "Actual Loops": 1,
          "Workers Planned": 3,
          "Workers Launched": 3,
          "Single Copy": false,
          "Plans": [
            {
              "Node Type": "Aggregate",
              "Strategy": "Plain",
              "Partial Mode": "Partial",
              "Parent Relationship": "Outer",
              "Parallel Aware": false,
              "Startup Cost": 43677.71,
              "Total Cost": 43677.72,
              "Plan Rows": 1,
              "Plan Width": 8,
              "Actual Startup Time": 121.627,
              "Actual Total Time": 121.628,
              "Actual Rows": 1,
              "Actual Loops": 4,
              "Plans": [
                {
                  "Node Type": "Seq Scan",
                  "Parent Relationship": "Outer",
                  "Parallel Aware": true,
                  "Relation Name": "movie_keyword",
                  "Alias": "mk",
                  "Startup Cost": 0.0,
                  "Total Cost": 42695.65,
                  "Plan Rows": 392822,
                  "Plan Width": 0,
                  "Actual Startup Time": 0.048,
                  "Actual Total Time": 106.362,
                  "Actual Rows": 303165,
                  "Actual Loops": 4,
                  "Filter": "(keyword_id < 1527)",
                  "Rows Removed by Filter": 827818
                }
              ]
            }
          ]
        }
      ]
    },
    "Planning Time": 0.147,
    "Triggers": [],
    "Execution Time": 140.735
  }
]