[
  {
    "Plan": {
      "Node Type": "Aggregate",
      "Strategy": "Plain",
      "Partial Mode": "Finalize",
      "Parallel Aware": false,
      "Startup Cost": 45193.94,
      "Total Cost": 45193.95,
      "Plan Rows": 1,
      "Plan Width": 8,
      "Actual Startup Time": 116.259,
      "Actual Total Time": 123.222,
      "Actual Rows": 1,
      "Actual Loops": 1,
      "Plans": [
        {
          "Node Type": "Gather",
          "Parent Relationship": "Outer",
          "Parallel Aware": false,
          "Startup Cost": 45193.62,
          "Total Cost": 45193.93,
          "Plan Rows": 3,
          "Plan Width": 8,
          "Actual Startup Time": 116.155,
          "Actual Total Time": 123.214,
          "Actual Rows": 4,
          "Actual Loops": 1,
          "Workers Planned": 3,
          "Workers Launched": 3,
          "Single Copy": false,
          "Plans": [
            {
              "Node Type": "Aggregate",
              "Strategy": "Plain",
              "Partial Mode": "Partial",
              "Parent Relationship": "Outer",
              "Parallel Aware": false,
              "Startup Cost": 44193.62,
              "Total Cost": 44193.63,
              "Plan Rows": 1,
              "Plan Width": 8,
              "Actual Startup Time": 112.608,
              "Actual Total Time": 112.609,
              "Actual Rows": 1,
              "Actual Loops": 4,
              "Plans": [
                {
                  "Node Type": "Seq Scan",
                  "Parent Relationship": "Outer",
                  "Parallel Aware": true,
                  "Relation Name": "movie_keyword",
                  "Alias": "mk",
                  "Startup Cost": 0.0,
                  "Total Cost": 42695.65,
                  "Plan Rows": 599188,
                  "Plan Width": 0,
                  "Actual Startup Time": 0.334,
                  "Actual Total Time": 93.537,
                  "Actual Rows": 461450,
                  "Actual Loops": 4,
                  "Filter": "(keyword_id > 7509)",
                  "Rows Removed by Filter": 669532
                }
              ]
            }
          ]
        }
      ]
    },
    "Planning Time": 0.087,
    "Triggers": [],
    "Execution Time": 123.248
  }
]