[
    {
        "Bao": {
            "Bao prediction": 1244.813,
            "Bao recommended hint": "SET enable_nestloop TO off; "
        }
    },
    {
        "Plan": {
            "Node Type": "Aggregate",
            "Strategy": "Plain",
            "Partial Mode": "Finalize",
            "Parallel Aware": false,
            "Startup Cost": 490896.0,
            "Total Cost": 490896.01,
            "Plan Rows": 1,
            "Plan Width": 96,
            "Actual Startup Time": 2711.776,
            "Actual Total Time": 2897.168,
            "Actual Rows": 1,
            "Actual Loops": 1,
            "Output": [
                "min(k.keyword)",
                "min(n.name)",
                "min(t.title)"
            ],
            "Plans": [
                {
                    "Node Type": "Gather",
                    "Parent Relationship": "Outer",
                    "Parallel Aware": false,
                    "Startup Cost": 490895.56,
                    "Total Cost": 490895.97,
                    "Plan Rows": 4,
                    "Plan Width": 96,
                    "Actual Startup Time": 2711.013,
                    "Actual Total Time": 2897.149,
                    "Actual Rows": 5,
                    "Actual Loops": 1,
                    "Output": [
                        "(PARTIAL min(k.keyword))",
                        "(PARTIAL min(n.name))",
                        "(PARTIAL min(t.title))"
                    ],
                    "Workers Planned": 4,
                    "Workers Launched": 4,
                    "Single Copy": false,
                    "Plans": [
                        {
                            "Node Type": "Aggregate",
                            "Strategy": "Plain",
                            "Partial Mode": "Partial",
                            "Parent Relationship": "Outer",
                            "Parallel Aware": false,
                            "Startup Cost": 489895.56,
                            "Total Cost": 489895.57,
                            "Plan Rows": 1,
                            "Plan Width": 96,
                            "Actual Startup Time": 2699.237,
                            "Actual Total Time": 2699.252,
                            "Actual Rows": 1,
                            "Actual Loops": 5,
                            "Output": [
                                "PARTIAL min(k.keyword)",
                                "PARTIAL min(n.name)",
                                "PARTIAL min(t.title)"
                            ],
                            "Workers": [
                                {
                                    "Worker Number": 0,
                                    "Actual Startup Time": 2696.29,
                                    "Actual Total Time": 2696.301,
                                    "Actual Rows": 1,
                                    "Actual Loops": 1
                                },
                                {
                                    "Worker Number": 1,
                                    "Actual Startup Time": 2696.577,
                                    "Actual Total Time": 2696.589,
                                    "Actual Rows": 1,
                                    "Actual Loops": 1
                                },
                                {
                                    "Worker Number": 2,
                                    "Actual Startup Time": 2697.057,
                                    "Actual Total Time": 2697.079,
                                    "Actual Rows": 1,
                                    "Actual Loops": 1
                                },
                                {
                                    "Worker Number": 3,
                                    "Actual Startup Time": 2697.033,
                                    "Actual Total Time": 2697.045,
                                    "Actual Rows": 1,
                                    "Actual Loops": 1
                                }
                            ],
                            "Plans": [
                                {
                                    "Node Type": "Hash Join",
                                    "Parent Relationship": "Outer",
                                    "Parallel Aware": true,
                                    "Join Type": "Inner",
                                    "Startup Cost": 444475.77,
                                    "Total Cost": 489895.45,
                                    "Plan Rows": 15,
                                    "Plan Width": 48,
                                    "Actual Startup Time": 2566.711,
                                    "Actual Total Time": 2699.05,
                                    "Actual Rows": 543,
                                    "Actual Loops": 5,
                                    "Output": [
                                        "k.keyword",
                                        "n.name",
                                        "t.title"
                                    ],
                                    "Inner Unique": false,
                                    "Hash Cond": "(t.id = mk.movie_id)",
                                    "Workers": [
                                        {
                                            "Worker Number": 0,
                                            "Actual Startup Time": 2560.32,
                                            "Actual Total Time": 2696.101,
                                            "Actual Rows": 665,
                                            "Actual Loops": 1
                                        },
                                        {
                                            "Worker Number": 1,
                                            "Actual Startup Time": 2563.15,
                                            "Actual Total Time": 2696.394,
                                            "Actual Rows": 435,
                                            "Actual Loops": 1
                                        },
                                        {
                                            "Worker Number": 2,
                                            "Actual Startup Time": 2564.772,
                                            "Actual Total Time": 2696.887,
                                            "Actual Rows": 432,
                                            "Actual Loops": 1
                                        },
                                        {
                                            "Worker Number": 3,
                                            "Actual Startup Time": 2573.318,
                                            "Actual Total Time": 2696.846,
                                            "Actual Rows": 425,
                                            "Actual Loops": 1
                                        }
                                    ],
                                    "Plans": [
                                        {
                                            "Node Type": "Seq Scan",
                                            "Parent Relationship": "Outer",
                                            "Parallel Aware": true,
                                            "Relation Name": "title",
                                            "Schema": "public",
                                            "Alias": "t",
                                            "Startup Cost": 0.0,
                                            "Total Cost": 43899.32,
                                            "Plan Rows": 405421,
                                            "Plan Width": 21,
                                            "Actual Startup Time": 0.043,
                                            "Actual Total Time": 104.519,
                                            "Actual Rows": 321415,
                                            "Actual Loops": 5,
                                            "Output": [
                                                "t.id",
                                                "t.title",
                                                "t.imdb_index",
                                                "t.kind_id",
                                                "t.production_year",
                                                "t.imdb_id",
                                                "t.phonetic_code",
                                                "t.episode_of_id",
                                                "t.season_nr",
                                                "t.episode_nr",
                                                "t.series_years",
                                                "t.md5sum"
                                            ],
                                            "Filter": "(t.production_year > 1995)",
                                            "Rows Removed by Filter": 184247,
                                            "Workers": [
                                                {
                                                    "Worker Number": 0,
                                                    "Actual Startup Time": 0.043,
                                                    "Actual Total Time": 105.149,
                                                    "Actual Rows": 419439,
                                                    "Actual Loops": 1
                                                },
                                                {
                                                    "Worker Number": 1,
                                                    "Actual Startup Time": 0.041,
                                                    "Actual Total Time": 104.105,
                                                    "Actual Rows": 284980,
                                                    "Actual Loops": 1
                                                },
                                                {
                                                    "Worker Number": 2,
                                                    "Actual Startup Time": 0.04,
                                                    "Actual Total Time": 104.344,
                                                    "Actual Rows": 277625,
                                                    "Actual Loops": 1
                                                },
                                                {
                                                    "Worker Number": 3,
                                                    "Actual Startup Time": 0.052,
                                                    "Actual Total Time": 104.536,
                                                    "Actual Rows": 278321,
                                                    "Actual Loops": 1
                                                }
                                            ]
                                        },
                                        {
                                            "Node Type": "Hash",
                                            "Parent Relationship": "Inner",
                                            "Parallel Aware": true,
                                            "Startup Cost": 444475.57,
                                            "Total Cost": 444475.57,
                                            "Plan Rows": 16,
                                            "Plan Width": 39,
                                            "Actual Startup Time": 2557.188,
                                            "Actual Total Time": 2557.201,
                                            "Actual Rows": 926,
                                            "Actual Loops": 5,
                                            "Output": [
                                                "ci.movie_id",
                                                "mk.movie_id",
                                                "k.keyword",
                                                "n.name"
                                            ],
                                            "Hash Buckets": 8192,
                                            "Original Hash Buckets": 1024,
                                            "Hash Batches": 1,
                                            "Original Hash Batches": 1,
                                            "Peak Memory Usage": 568,
                                            "Workers": [
                                                {
                                                    "Worker Number": 0,
                                                    "Actual Startup Time": 2555.077,
                                                    "Actual Total Time": 2555.087,
                                                    "Actual Rows": 1035,
                                                    "Actual Loops": 1
                                                },
                                                {
                                                    "Worker Number": 1,
                                                    "Actual Startup Time": 2555.272,
                                                    "Actual Total Time": 2555.282,
                                                    "Actual Rows": 1031,
                                                    "Actual Loops": 1
                                                },
                                                {
                                                    "Worker Number": 2,
                                                    "Actual Startup Time": 2555.61,
                                                    "Actual Total Time": 2555.631,
                                                    "Actual Rows": 1064,
                                                    "Actual Loops": 1
                                                },
                                                {
                                                    "Worker Number": 3,
                                                    "Actual Startup Time": 2555.593,
                                                    "Actual Total Time": 2555.603,
                                                    "Actual Rows": 567,
                                                    "Actual Loops": 1
                                                }
                                            ],
                                            "Plans": [
                                                {
                                                    "Node Type": "Hash Join",
                                                    "Parent Relationship": "Outer",
                                                    "Parallel Aware": true,
                                                    "Join Type": "Inner",
                                                    "Startup Cost": 115280.01,
                                                    "Total Cost": 444475.57,
                                                    "Plan Rows": 16,
                                                    "Plan Width": 39,
                                                    "Actual Startup Time": 629.907,
                                                    "Actual Total Time": 1826.385,
                                                    "Actual Rows": 926,
                                                    "Actual Loops": 5,
                                                    "Output": [
                                                        "ci.movie_id",
                                                        "mk.movie_id",
                                                        "k.keyword",
                                                        "n.name"
                                                    ],
                                                    "Inner Unique": false,
                                                    "Hash Cond": "(ci.movie_id = mk.movie_id)",
                                                    "Workers": [
                                                        {
                                                            "Worker Number": 0,
                                                            "Actual Startup Time": 493.427,
                                                            "Actual Total Time": 1683.559,
                                                            "Actual Rows": 1035,
                                                            "Actual Loops": 1
                                                        },
                                                        {
                                                            "Worker Number": 1,
                                                            "Actual Startup Time": 894.589,
                                                            "Actual Total Time": 2037.709,
                                                            "Actual Rows": 1031,
                                                            "Actual Loops": 1
                                                        },
                                                        {
                                                            "Worker Number": 2,
                                                            "Actual Startup Time": 590.619,
                                                            "Actual Total Time": 1844.212,
                                                            "Actual Rows": 1064,
                                                            "Actual Loops": 1
                                                        },
                                                        {
                                                            "Worker Number": 3,
                                                            "Actual Startup Time": 669.371,
                                                            "Actual Total Time": 1651.276,
                                                            "Actual Rows": 567,
                                                            "Actual Loops": 1
                                                        }
                                                    ],
                                                    "Plans": [
                                                        {
                                                            "Node Type": "Hash Join",
                                                            "Parent Relationship": "Outer",
                                                            "Parallel Aware": true,
                                                            "Join Type": "Inner",
                                                            "Startup Cost": 68768.23,
                                                            "Total Cost": 397734.87,
                                                            "Plan Rows": 61030,
                                                            "Plan Width": 19,
                                                            "Actual Startup Time": 210.687,
                                                            "Actual Total Time": 1575.835,
                                                            "Actual Rows": 18956,
                                                            "Actual Loops": 5,
                                                            "Output": [
                                                                "ci.movie_id",
                                                                "n.name"
                                                            ],
                                                            "Inner Unique": true,
                                                            "Hash Cond": "(ci.person_id = n.id)",
                                                            "Workers": [
                                                                {
                                                                    "Worker Number": 0,
                                                                    "Actual Startup Time": 171.11,
                                                                    "Actual Total Time": 1435.581,
                                                                    "Actual Rows": 19782,
                                                                    "Actual Loops": 1
                                                                },
                                                                {
                                                                    "Worker Number": 1,
                                                                    "Actual Startup Time": 191.717,
                                                                    "Actual Total Time": 1787.959,
                                                                    "Actual Rows": 20354,
                                                                    "Actual Loops": 1
                                                                },
                                                                {
                                                                    "Worker Number": 2,
                                                                    "Actual Startup Time": 281.903,
                                                                    "Actual Total Time": 1595.14,
                                                                    "Actual Rows": 17630,
                                                                    "Actual Loops": 1
                                                                },
                                                                {
                                                                    "Worker Number": 3,
                                                                    "Actual Startup Time": 173.716,
                                                                    "Actual Total Time": 1403.387,
                                                                    "Actual Rows": 14133,
                                                                    "Actual Loops": 1
                                                                }
                                                            ],
                                                            "Plans": [
                                                                {
                                                                    "Node Type": "Seq Scan",
                                                                    "Parent Relationship": "Outer",
                                                                    "Parallel Aware": true,
                                                                    "Relation Name": "cast_info",
                                                                    "Schema": "public",
                                                                    "Alias": "ci",
                                                                    "Startup Cost": 0.0,
                                                                    "Total Cost": 313106.51,
                                                                    "Plan Rows": 6041951,
                                                                    "Plan Width": 8,
                                                                    "Actual Startup Time": 0.01,
                                                                    "Actual Total Time": 771.061,
                                                                    "Actual Rows": 7248869,
                                                                    "Actual Loops": 5,
                                                                    "Output": [
                                                                        "ci.id",
                                                                        "ci.person_id",
                                                                        "ci.movie_id",
                                                                        "ci.person_role_id",
                                                                        "ci.note",
                                                                        "ci.nr_order",
                                                                        "ci.role_id"
                                                                    ],
                                                                    "Workers": [
                                                                        {
                                                                            "Worker Number": 0,
                                                                            "Actual Startup Time": 0.008,
                                                                            "Actual Total Time": 704.193,
                                                                            "Actual Rows": 8086369,
                                                                            "Actual Loops": 1
                                                                        },
                                                                        {
                                                                            "Worker Number": 1,
                                                                            "Actual Startup Time": 0.009,
                                                                            "Actual Total Time": 879.353,
                                                                            "Actual Rows": 6908850,
                                                                            "Actual Loops": 1
                                                                        },
                                                                        {
                                                                            "Worker Number": 2,
                                                                            "Actual Startup Time": 0.009,
                                                                            "Actual Total Time": 771.107,
                                                                            "Actual Rows": 6051362,
                                                                            "Actual Loops": 1
                                                                        },
                                                                        {
                                                                            "Worker Number": 3,
                                                                            "Actual Startup Time": 0.01,
                                                                            "Actual Total Time": 679.937,
                                                                            "Actual Rows": 5126328,
                                                                            "Actual Loops": 1
                                                                        }
                                                                    ]
                                                                },
                                                                {
                                                                    "Node Type": "Hash",
                                                                    "Parent Relationship": "Inner",
                                                                    "Parallel Aware": true,
                                                                    "Startup Cost": 68636.68,
                                                                    "Total Cost": 68636.68,
                                                                    "Plan Rows": 10524,
                                                                    "Plan Width": 19,
                                                                    "Actual Startup Time": 170.614,
                                                                    "Actual Total Time": 170.616,
                                                                    "Actual Rows": 2142,
                                                                    "Actual Loops": 5,
                                                                    "Output": [
                                                                        "n.name",
                                                                        "n.id"
                                                                    ],
                                                                    "Hash Buckets": 65536,
                                                                    "Original Hash Buckets": 65536,
                                                                    "Hash Batches": 1,
                                                                    "Original Hash Batches": 1,
                                                                    "Peak Memory Usage": 1216,
                                                                    "Workers": [
                                                                        {
                                                                            "Worker Number": 0,
                                                                            "Actual Startup Time": 170.855,
                                                                            "Actual Total Time": 170.856,
                                                                            "Actual Rows": 2615,
                                                                            "Actual Loops": 1
                                                                        },
                                                                        {
                                                                            "Worker Number": 1,
                                                                            "Actual Startup Time": 170.839,
                                                                            "Actual Total Time": 170.841,
                                                                            "Actual Rows": 1784,
                                                                            "Actual Loops": 1
                                                                        },
                                                                        {
                                                                            "Worker Number": 2,
                                                                            "Actual Startup Time": 170.856,
                                                                            "Actual Total Time": 170.857,
                                                                            "Actual Rows": 1909,
                                                                            "Actual Loops": 1
                                                                        },
                                                                        {
                                                                            "Worker Number": 3,
                                                                            "Actual Startup Time": 170.837,
                                                                            "Actual Total Time": 170.839,
                                                                            "Actual Rows": 1760,
                                                                            "Actual Loops": 1
                                                                        }
                                                                    ],
                                                                    "Plans": [
                                                                        {
                                                                            "Node Type": "Seq Scan",
                                                                            "Parent Relationship": "Outer",
                                                                            "Parallel Aware": true,
                                                                            "Relation Name": "name",
                                                                            "Schema": "public",
                                                                            "Alias": "n",
                                                                            "Startup Cost": 0.0,
                                                                            "Total Cost": 68636.68,
                                                                            "Plan Rows": 10524,
                                                                            "Plan Width": 19,
                                                                            "Actual Startup Time": 8.005,
                                                                            "Actual Total Time": 168.45,
                                                                            "Actual Rows": 2142,
                                                                            "Actual Loops": 5,
                                                                            "Output": [
                                                                                "n.name",
                                                                                "n.id"
                                                                            ],
                                                                            "Filter": "(n.name ~~ '%Williams,%'::text)",
                                                                            "Rows Removed by Filter": 831357,
                                                                            "Workers": [
                                                                                {
                                                                                    "Worker Number": 0,
                                                                                    "Actual Startup Time": 15.652,
                                                                                    "Actual Total Time": 168.43,
                                                                                    "Actual Rows": 2615,
                                                                                    "Actual Loops": 1
                                                                                },
                                                                                {
                                                                                    "Worker Number": 1,
                                                                                    "Actual Startup Time": 0.524,
                                                                                    "Actual Total Time": 168.465,
                                                                                    "Actual Rows": 1784,
                                                                                    "Actual Loops": 1
                                                                                },
                                                                                {
                                                                                    "Worker Number": 2,
                                                                                    "Actual Startup Time": 12.483,
                                                                                    "Actual Total Time": 168.435,
                                                                                    "Actual Rows": 1909,
                                                                                    "Actual Loops": 1
                                                                                },
                                                                                {
                                                                                    "Worker Number": 3,
                                                                                    "Actual Startup Time": 11.309,
                                                                                    "Actual Total Time": 168.454,
                                                                                    "Actual Rows": 1760,
                                                                                    "Actual Loops": 1
                                                                                }
                                                                            ]
                                                                        }
                                                                    ]
                                                                }
                                                            ]
                                                        },
                                                        {
                                                            "Node Type": "Hash",
                                                            "Parent Relationship": "Inner",
                                                            "Parallel Aware": true,
                                                            "Startup Cost": 46510.69,
                                                            "Total Cost": 46510.69,
                                                            "Plan Rows": 87,
                                                            "Plan Width": 20,
                                                            "Actual Startup Time": 244.819,
                                                            "Actual Total Time": 244.825,
                                                            "Actual Rows": 7002,
                                                            "Actual Loops": 5,
                                                            "Output": [
                                                                "k.keyword",
                                                                "mk.movie_id"
                                                            ],
                                                            "Hash Buckets": 65536,
                                                            "Original Hash Buckets": 1024,
                                                            "Hash Batches": 1,
                                                            "Original Hash Batches": 1,
                                                            "Peak Memory Usage": 2776,
                                                            "Workers": [
                                                                {
                                                                    "Worker Number": 0,
                                                                    "Actual Startup Time": 242.696,
                                                                    "Actual Total Time": 242.699,
                                                                    "Actual Rows": 9199,
                                                                    "Actual Loops": 1
                                                                },
                                                                {
                                                                    "Worker Number": 1,
                                                                    "Actual Startup Time": 242.955,
                                                                    "Actual Total Time": 242.958,
                                                                    "Actual Rows": 5384,
                                                                    "Actual Loops": 1
                                                                },
                                                                {
                                                                    "Worker Number": 2,
                                                                    "Actual Startup Time": 243.205,
                                                                    "Actual Total Time": 243.22,
                                                                    "Actual Rows": 5154,
                                                                    "Actual Loops": 1
                                                                },
                                                                {
                                                                    "Worker Number": 3,
                                                                    "Actual Startup Time": 243.227,
                                                                    "Actual Total Time": 243.23,
                                                                    "Actual Rows": 6600,
                                                                    "Actual Loops": 1
                                                                }
                                                            ],
                                                            "Plans": [
                                                                {
                                                                    "Node Type": "Hash Join",
                                                                    "Parent Relationship": "Outer",
                                                                    "Parallel Aware": false,
                                                                    "Join Type": "Inner",
                                                                    "Startup Cost": 3632.5,
                                                                    "Total Cost": 46510.69,
                                                                    "Plan Rows": 87,
                                                                    "Plan Width": 20,
                                                                    "Actual Startup Time": 42.757,
                                                                    "Actual Total Time": 211.959,
                                                                    "Actual Rows": 7002,
                                                                    "Actual Loops": 5,
                                                                    "Output": [
                                                                        "k.keyword",
                                                                        "mk.movie_id"
                                                                    ],
                                                                    "Inner Unique": true,
                                                                    "Hash Cond": "(mk.keyword_id = k.id)",
                                                                    "Workers": [
                                                                        {
                                                                            "Worker Number": 0,
                                                                            "Actual Startup Time": 38.985,
                                                                            "Actual Total Time": 215.79,
                                                                            "Actual Rows": 9199,
                                                                            "Actual Loops": 1
                                                                        },
                                                                        {
                                                                            "Worker Number": 1,
                                                                            "Actual Startup Time": 42.917,
                                                                            "Actual Total Time": 197.148,
                                                                            "Actual Rows": 5384,
                                                                            "Actual Loops": 1
                                                                        },
                                                                        {
                                                                            "Worker Number": 2,
                                                                            "Actual Startup Time": 43.934,
                                                                            "Actual Total Time": 201.104,
                                                                            "Actual Rows": 5154,
                                                                            "Actual Loops": 1
                                                                        },
                                                                        {
                                                                            "Worker Number": 3,
                                                                            "Actual Startup Time": 44.044,
                                                                            "Actual Total Time": 227.211,
                                                                            "Actual Rows": 6600,
                                                                            "Actual Loops": 1
                                                                        }
                                                                    ],
                                                                    "Plans": [
                                                                        {
                                                                            "Node Type": "Seq Scan",
                                                                            "Parent Relationship": "Outer",
                                                                            "Parallel Aware": true,
                                                                            "Relation Name": "movie_keyword",
                                                                            "Schema": "public",
                                                                            "Alias": "mk",
                                                                            "Startup Cost": 0.0,
                                                                            "Total Cost": 39047.32,
                                                                            "Plan Rows": 1459332,
                                                                            "Plan Width": 8,
                                                                            "Actual Startup Time": 0.05,
                                                                            "Actual Total Time": 92.574,
                                                                            "Actual Rows": 904786,
                                                                            "Actual Loops": 5,
                                                                            "Output": [
                                                                                "mk.id",
                                                                                "mk.movie_id",
                                                                                "mk.keyword_id"
                                                                            ],
                                                                            "Workers": [
                                                                                {
                                                                                    "Worker Number": 0,
                                                                                    "Actual Startup Time": 0.051,
                                                                                    "Actual Total Time": 96.358,
                                                                                    "Actual Rows": 1189365,
                                                                                    "Actual Loops": 1
                                                                                },
                                                                                {
                                                                                    "Worker Number": 1,
                                                                                    "Actual Startup Time": 0.055,
                                                                                    "Actual Total Time": 83.941,
                                                                                    "Actual Rows": 668530,
                                                                                    "Actual Loops": 1
                                                                                },
                                                                                {
                                                                                    "Worker Number": 2,
                                                                                    "Actual Startup Time": 0.062,
                                                                                    "Actual Total Time": 86.362,
                                                                                    "Actual Rows": 666185,
                                                                                    "Actual Loops": 1
                                                                                },
                                                                                {
                                                                                    "Worker Number": 3,
                                                                                    "Actual Startup Time": 0.062,
                                                                                    "Actual Total Time": 99.617,
                                                                                    "Actual Rows": 823065,
                                                                                    "Actual Loops": 1
                                                                                }
                                                                            ]
                                                                        },
                                                                        {
                                                                            "Node Type": "Hash",
                                                                            "Parent Relationship": "Inner",
                                                                            "Parallel Aware": false,
                                                                            "Startup Cost": 3632.4,
                                                                            "Total Cost": 3632.4,
                                                                            "Plan Rows": 8,
                                                                            "Plan Width": 20,
                                                                            "Actual Startup Time": 42.573,
                                                                            "Actual Total Time": 42.574,
                                                                            "Actual Rows": 7,
                                                                            "Actual Loops": 5,
                                                                            "Output": [
                                                                                "k.keyword",
                                                                                "k.id"
                                                                            ],
                                                                            "Hash Buckets": 1024,
                                                                            "Original Hash Buckets": 1024,
                                                                            "Hash Batches": 1,
                                                                            "Original Hash Batches": 1,
                                                                            "Peak Memory Usage": 9,
                                                                            "Workers": [
                                                                                {
                                                                                    "Worker Number": 0,
                                                                                    "Actual Startup Time": 38.729,
                                                                                    "Actual Total Time": 38.73,
                                                                                    "Actual Rows": 7,
                                                                                    "Actual Loops": 1
                                                                                },
                                                                                {
                                                                                    "Worker Number": 1,
                                                                                    "Actual Startup Time": 42.813,
                                                                                    "Actual Total Time": 42.814,
                                                                                    "Actual Rows": 7,
                                                                                    "Actual Loops": 1
                                                                                },
                                                                                {
                                                                                    "Worker Number": 2,
                                                                                    "Actual Startup Time": 43.807,
                                                                                    "Actual Total Time": 43.808,
                                                                                    "Actual Rows": 7,
                                                                                    "Actual Loops": 1
                                                                                },
                                                                                {
                                                                                    "Worker Number": 3,
                                                                                    "Actual Startup Time": 43.8,
                                                                                    "Actual Total Time": 43.8,
                                                                                    "Actual Rows": 7,
                                                                                    "Actual Loops": 1
                                                                                }
                                                                            ],
                                                                            "Plans": [
                                                                                {
                                                                                    "Node Type": "Seq Scan",
                                                                                    "Parent Relationship": "Outer",
                                                                                    "Parallel Aware": false,
                                                                                    "Relation Name": "keyword",
                                                                                    "Schema": "public",
                                                                                    "Alias": "k",
                                                                                    "Startup Cost": 0.0,
                                                                                    "Total Cost": 3632.4,
                                                                                    "Plan Rows": 8,
                                                                                    "Plan Width": 20,
                                                                                    "Actual Startup Time": 0.226,
                                                                                    "Actual Total Time": 42.54,
                                                                                    "Actual Rows": 7,
                                                                                    "Actual Loops": 5,
                                                                                    "Output": [
                                                                                        "k.keyword",
                                                                                        "k.id"
                                                                                    ],
                                                                                    "Filter": "(k.keyword = ANY ('{superhero,martial-arts,superhero,revenge,violence,sequel,second-part,marvel-comics}'::text[]))",
                                                                                    "Rows Removed by Filter": 134163,
                                                                                    "Workers": [
                                                                                        {
                                                                                            "Worker Number": 0,
                                                                                            "Actual Startup Time": 0.206,
                                                                                            "Actual Total Time": 38.698,
                                                                                            "Actual Rows": 7,
                                                                                            "Actual Loops": 1
                                                                                        },
                                                                                        {
                                                                                            "Worker Number": 1,
                                                                                            "Actual Startup Time": 0.197,
                                                                                            "Actual Total Time": 42.783,
                                                                                            "Actual Rows": 7,
                                                                                            "Actual Loops": 1
                                                                                        },
                                                                                        {
                                                                                            "Worker Number": 2,
                                                                                            "Actual Startup Time": 0.26,
                                                                                            "Actual Total Time": 43.774,
                                                                                            "Actual Rows": 7,
                                                                                            "Actual Loops": 1
                                                                                        },
                                                                                        {
                                                                                            "Worker Number": 3,
                                                                                            "Actual Startup Time": 0.262,
                                                                                            "Actual Total Time": 43.766,
                                                                                            "Actual Rows": 7,
                                                                                            "Actual Loops": 1
                                                                                        }
                                                                                    ]
                                                                                }
                                                                            ]
                                                                        }
                                                                    ]
                                                                }
                                                            ]
                                                        }
                                                    ]
                                                }
                                            ]
                                        }
                                    ]
                                }
                            ]
                        }
                    ]
                }
            ]
        },
        "Planning Time": 280.037,
        "Triggers": [],
        "Execution Time": 2897.953
    }
]