[
  {
    "Plan": {
      "Node Type": "Aggregate",
      "Strategy": "Plain",
      "Partial Mode": "Finalize",
      "Parallel Aware": false,
      "Startup Cost": 46809.57,
      "Total Cost": 46809.58,
      "Plan Rows": 1,
      "Plan Width": 8,
      "Actual Startup Time": 175.781,
      "Actual Total Time": 183.831,
      "Actual Rows": 1,
      "Actual Loops": 1,
      "Plans": [
        {
          "Node Type": "Gather",
          "Parent Relationship": "Outer",
          "Parallel Aware": false,
          "Startup Cost": 46809.25,
          "Total Cost": 46809.56,
          "Plan Rows": 3,
          "Plan Width": 8,
          "Actual Startup Time": 175.657,
          "Actual Total Time": 183.823,
          "Actual Rows": 4,
          "Actual Loops": 1,
          "Workers Planned": 3,
          "Workers Launched": 3,
          "Single Copy": false,
          "Plans": [
            {
              "Node Type": "Aggregate",
              "Strategy": "Plain",
              "Partial Mode": "Partial",
              "Parent Relationship": "Outer",
              "Parallel Aware": false,
              "Startup Cost": 45809.25,
              "Total Cost": 45809.26,
              "Plan Rows": 1,
              "Plan Width": 8,
              "Actual Startup Time": 169.471,
              "Actual Total Time": 169.473,
              "Actual Rows": 1,
              "Actual Loops": 4,
              "Plans": [
                {
                  "Node Type": "Seq Scan",
                  "Parent Relationship": "Outer",
                  "Parallel Aware": true,
                  "Relation Name": "movie_keyword",
                  "Alias": "mk",
                  "Startup Cost": 0.0,
                  "Total Cost": 42695.65,
                  "Plan Rows": 1245439,
                  "Plan Width": 0,
                  "Actual Startup Time": 0.052,
                  "Actual Total Time": 124.589,
                  "Actual Rows": 967898,
                  "Actual Loops": 4,
                  "Filter": "(keyword_id < 28817)",
                  "Rows Removed by Filter": 163085
                }
              ]
            }
          ]
        }
      ]
    },
    "Planning Time": 0.151,
    "Triggers": [],
    "Execution Time": 183.875
  }
]