{
  "Plan": {
    "Node Type": "Aggregate",
    "Strategy": "Plain",
    "Partial Mode": "Finalize",
    "Parallel Aware": false,
    "Startup Cost": 95366.64,
    "Total Cost": 95366.65,
    "Plan Rows": 1,
    "Plan Width": 8,
    "Actual Startup Time": 293.331,
    "Actual Total Time": 305.352,
    "Actual Rows": 1,
    "Actual Loops": 1,
    "Plans": [
      {
        "Node Type": "Gather",
        "Parent Relationship": "Outer",
        "Parallel Aware": false,
        "Startup Cost": 95366.53,
        "Total Cost": 95366.64,
        "Plan Rows": 1,
        "Plan Width": 8,
        "Actual Startup Time": 293.06,
        "Actual Total Time": 305.342,
        "Actual Rows": 2,
        "Actual Loops": 1,
        "Workers Planned": 1,
        "Workers Launched": 1,
        "Single Copy": false,
        "Plans": [
          {
            "Node Type": "Aggregate",
            "Strategy": "Plain",
            "Partial Mode": "Partial",
            "Parent Relationship": "Outer",
            "Parallel Aware": false,
            "Startup Cost": 94366.53,
            "Total Cost": 94366.54,
            "Plan Rows": 1,
            "Plan Width": 8,
            "Actual Startup Time": 286.419,
            "Actual Total Time": 286.424,
            "Actual Rows": 1,
            "Actual Loops": 2,
            "Plans": [
              {
                "Node Type": "Hash Join",
                "Parent Relationship": "Outer",
                "Parallel Aware": true,
                "Join Type": "Inner",
                "Startup Cost": 33867.9,
                "Total Cost": 94364.64,
                "Plan Rows": 754,
                "Plan Width": 0,
                "Actual Startup Time": 41.358,
                "Actual Total Time": 286.402,
                "Actual Rows": 190,
                "Actual Loops": 2,
                "Inner Unique": false,
                "Hash Cond": "(mk.movie_id = t.id)",
                "Plans": [
                  {
                    "Node Type": "Seq Scan",
                    "Parent Relationship": "Outer",
                    "Parallel Aware": true,
                    "Relation Name": "movie_keyword",
                    "Alias": "mk",
                    "Startup Cost": 0.0,
                    "Total Cost": 57718.19,
                    "Plan Rows": 739762,
                    "Plan Width": 4,
                    "Actual Startup Time": 2.292,
                    "Actual Total Time": 197.778,
                    "Actual Rows": 632301,
                    "Actual Loops": 2,
                    "Filter": "(keyword_id > 14142)",
                    "Rows Removed by Filter": 1629664
                  },
                  {
                    "Node Type": "Hash",
                    "Parent Relationship": "Inner",
                    "Parallel Aware": true,
                    "Startup Cost": 33848.95,
                    "Total Cost": 33848.95,
                    "Plan Rows": 1516,
                    "Plan Width": 8,
                    "Actual Startup Time": 35.328,
                    "Actual Total Time": 35.33,
                    "Actual Rows": 3899,
                    "Actual Loops": 2,
                    "Hash Buckets": 8192,
                    "Original Hash Buckets": 4096,
                    "Hash Batches": 1,
                    "Original Hash Batches": 1,
                    "Peak Memory Usage": 416,
                    "Plans": [
                      {
                        "Node Type": "Nested Loop",
                        "Parent Relationship": "Outer",
                        "Parallel Aware": false,
                        "Join Type": "Inner",
                        "Startup Cost": 184.54,
                        "Total Cost": 33848.95,
                        "Plan Rows": 1516,
                        "Plan Width": 8,
                        "Actual Startup Time": 1.618,
                        "Actual Total Time": 30.843,
                        "Actual Rows": 3899,
                        "Actual Loops": 2,
                        "Inner Unique": true,
                        "Plans": [
                          {
                            "Node Type": "Bitmap Heap Scan",
                            "Parent Relationship": "Outer",
                            "Parallel Aware": true,
                            "Relation Name": "movie_companies",
                            "Alias": "mc",
                            "Startup Cost": 184.11,
                            "Total Cost": 15226.88,
                            "Plan Rows": 2494,
                            "Plan Width": 4,
                            "Actual Startup Time": 1.398,
                            "Actual Total Time": 4.297,
                            "Actual Rows": 4303,
                            "Actual Loops": 2,
                            "Recheck Cond": "(company_id = 596)",
                            "Rows Removed by Index Recheck": 0,
                            "Filter": "(company_type_id = 2)",
                            "Rows Removed by Filter": 48,
                            "Exact Heap Blocks": 720,
                            "Lossy Heap Blocks": 0,
                            "Plans": [
                              {
                                "Node Type": "Bitmap Index Scan",
                                "Parent Relationship": "Outer",
                                "Parallel Aware": false,
                                "Index Name": "company_id_movie_companies",
                                "Startup Cost": 0.0,
                                "Total Cost": 183.05,
                                "Plan Rows": 8349,
                                "Plan Width": 0,
                                "Actual Startup Time": 1.884,
                                "Actual Total Time": 1.884,
                                "Actual Rows": 8702,
                                "Actual Loops": 1,
                                "Index Cond": "(company_id = 596)"
                              }
                            ]
                          },
                          {
                            "Node Type": "Index Scan",
                            "Parent Relationship": "Inner",
                            "Parallel Aware": false,
                            "Scan Direction": "Forward",
                            "Index Name": "title_pkey",
                            "Relation Name": "title",
                            "Alias": "t",
                            "Startup Cost": 0.43,
                            "Total Cost": 7.47,
                            "Plan Rows": 1,
                            "Plan Width": 4,
                            "Actual Startup Time": 0.006,
                            "Actual Total Time": 0.006,
                            "Actual Rows": 1,
                            "Actual Loops": 8606,
                            "Index Cond": "(id = mc.movie_id)",
                            "Rows Removed by Index Recheck": 0,
                            "Filter": "(kind_id = 7)",
                            "Rows Removed by Filter": 0
                          }
                        ]
                      }
                    ]
                  }
                ]
              }
            ]
          }
        ]
      }
    ]
  },
  "Planning Time": 1.24,
  "Triggers": [],
  "Execution Time": 305.461
}