{
    "Plan": {
        "Node Type": "Aggregate",
        "Strategy": "Plain",
        "Partial Mode": "Simple",
        "Parallel Aware": false,
        "Startup Cost": 3477.64,
        "Total Cost": 3477.65,
        "Plan Rows": 1,
        "Plan Width": 8,
        "Actual Startup Time": 42.814,
        "Actual Total Time": 42.817,
        "Actual Rows": 1,
        "Actual Loops": 1,
        "Output": [
            "count(*)"
        ],
        "Plans": [
            {
                "Node Type": "Nested Loop",
                "Parent Relationship": "Outer",
                "Parallel Aware": false,
                "Join Type": "Inner",
                "Startup Cost": 1.42,
                "Total Cost": 3477.55,
                "Plan Rows": 36,
                "Plan Width": 0,
                "Actual Startup Time": 24.064,
                "Actual Total Time": 42.77,
                "Actual Rows": 152,
                "Actual Loops": 1,
                "Inner Unique": false,
                "Plans": [
                    {
                        "Node Type": "Nested Loop",
                        "Parent Relationship": "Outer",
                        "Parallel Aware": false,
                        "Join Type": "Inner",
                        "Startup Cost": 0.99,
                        "Total Cost": 3402.49,
                        "Plan Rows": 111,
                        "Plan Width": 8,
                        "Actual Startup Time": 24.04,
                        "Actual Total Time": 41.837,
                        "Actual Rows": 43,
                        "Actual Loops": 1,
                        "Output": [
                            "t.id",
                            "ci.movie_id"
                        ],
                        "Inner Unique": true,
                        "Plans": [
                            {
                                "Node Type": "Index Scan",
                                "Parent Relationship": "Outer",
                                "Parallel Aware": false,
                                "Scan Direction": "Forward",
                                "Index Name": "person_id_cast_info",
                                "Relation Name": "cast_info",
                                "Schema": "public",
                                "Alias": "ci",
                                "Startup Cost": 0.56,
                                "Total Cost": 1039.59,
                                "Plan Rows": 282,
                                "Plan Width": 4,
                                "Actual Startup Time": 24.003,
                                "Actual Total Time": 24.184,
                                "Actual Rows": 192,
                                "Actual Loops": 1,
                                "Output": [
                                    "ci.id",
                                    "ci.person_id",
                                    "ci.movie_id",
                                    "ci.person_role_id",
                                    "ci.note",
                                    "ci.nr_order",
                                    "ci.role_id"
                                ],
                                "Index Cond": "(ci.person_id = 691763)",
                                "Rows Removed by Index Recheck": 0,
                                "Filter": "(ci.role_id < 3)",
                                "Rows Removed by Filter": 0
                            },
                            {
                                "Node Type": "Index Scan",
                                "Parent Relationship": "Inner",
                                "Parallel Aware": false,
                                "Scan Direction": "Forward",
                                "Index Name": "title_pkey",
                                "Relation Name": "title",
                                "Schema": "public",
                                "Alias": "t",
                                "Startup Cost": 0.43,
                                "Total Cost": 8.38,
                                "Plan Rows": 1,
                                "Plan Width": 4,
                                "Actual Startup Time": 0.091,
                                "Actual Total Time": 0.091,
                                "Actual Rows": 0,
                                "Actual Loops": 192,
                                "Output": [
                                    "t.id",
                                    "t.title",
                                    "t.imdb_index",
                                    "t.kind_id",
                                    "t.production_year",
                                    "t.imdb_id",
                                    "t.phonetic_code",
                                    "t.episode_of_id",
                                    "t.season_nr",
                                    "t.episode_nr",
                                    "t.series_years",
                                    "t.md5sum"
                                ],
                                "Index Cond": "(t.id = ci.movie_id)",
                                "Rows Removed by Index Recheck": 0,
                                "Filter": "(t.kind_id < 7)",
                                "Rows Removed by Filter": 1
                            }
                        ]
                    },
                    {
                        "Node Type": "Index Scan",
                        "Parent Relationship": "Inner",
                        "Parallel Aware": false,
                        "Scan Direction": "Forward",
                        "Index Name": "movie_id_movie_companies",
                        "Relation Name": "movie_companies",
                        "Schema": "public",
                        "Alias": "mc",
                        "Startup Cost": 0.43,
                        "Total Cost": 0.66,
                        "Plan Rows": 2,
                        "Plan Width": 4,
                        "Actual Startup Time": 0.015,
                        "Actual Total Time": 0.02,
                        "Actual Rows": 4,
                        "Actual Loops": 43,
                        "Output": [
                            "mc.id",
                            "mc.movie_id",
                            "mc.company_id",
                            "mc.company_type_id",
                            "mc.note"
                        ],
                        "Index Cond": "(mc.movie_id = t.id)",
                        "Rows Removed by Index Recheck": 0,
                        "Filter": "((mc.company_id < 19701) AND (mc.company_type_id < 2))",
                        "Rows Removed by Filter": 2
                    }
                ]
            }
        ]
    },
    "Planning Time": 1.6,
    "Triggers": [],
    "Execution Time": 42.899
}