[
  {
    "Plan": {
      "Node Type": "Aggregate",
      "Strategy": "Plain",
      "Partial Mode": "Finalize",
      "Parallel Aware": false,
      "Startup Cost": 43855.04,
      "Total Cost": 43855.05,
      "Plan Rows": 1,
      "Plan Width": 8,
      "Actual Startup Time": 52.625,
      "Actual Total Time": 58.775,
      "Actual Rows": 1,
      "Actual Loops": 1,
      "Plans": [
        {
          "Node Type": "Gather",
          "Parent Relationship": "Outer",
          "Parallel Aware": false,
          "Startup Cost": 43854.62,
          "Total Cost": 43855.03,
          "Plan Rows": 4,
          "Plan Width": 8,
          "Actual Startup Time": 52.394,
          "Actual Total Time": 58.768,
          "Actual Rows": 5,
          "Actual Loops": 1,
          "Workers Planned": 4,
          "Workers Launched": 4,
          "Single Copy": false,
          "Plans": [
            {
              "Node Type": "Aggregate",
              "Strategy": "Plain",
              "Partial Mode": "Partial",
              "Parent Relationship": "Outer",
              "Parallel Aware": false,
              "Startup Cost": 42854.62,
              "Total Cost": 42854.63,
              "Plan Rows": 1,
              "Plan Width": 8,
              "Actual Startup Time": 45.548,
              "Actual Total Time": 45.549,
              "Actual Rows": 1,
              "Actual Loops": 5,
              "Plans": [
                {
                  "Node Type": "Nested Loop",
                  "Parent Relationship": "Outer",
                  "Parallel Aware": false,
                  "Join Type": "Inner",
                  "Startup Cost": 1727.66,
                  "Total Cost": 42852.35,
                  "Plan Rows": 907,
                  "Plan Width": 0,
                  "Actual Startup Time": 10.596,
                  "Actual Total Time": 45.365,
                  "Actual Rows": 1807,
                  "Actual Loops": 5,
                  "Inner Unique": false,
                  "Plans": [
                    {
                      "Node Type": "Bitmap Heap Scan",
                      "Parent Relationship": "Outer",
                      "Parallel Aware": true,
                      "Relation Name": "title",
                      "Alias": "t",
                      "Startup Cost": 1727.23,
                      "Total Cost": 38088.38,
                      "Plan Rows": 507,
                      "Plan Width": 4,
                      "Actual Startup Time": 10.279,
                      "Actual Total Time": 36.649,
                      "Actual Rows": 487,
                      "Actual Loops": 5,
                      "Recheck Cond": "(kind_id = 3)",
                      "Rows Removed by Index Recheck": 0,
                      "Filter": "(production_year = 1999)",
                      "Rows Removed by Filter": 19620,
                      "Exact Heap Blocks": 4815,
                      "Lossy Heap Blocks": 0,
                      "Plans": [
                        {
                          "Node Type": "Bitmap Index Scan",
                          "Parent Relationship": "Outer",
                          "Parallel Aware": false,
                          "Index Name": "kind_id_title",
                          "Startup Cost": 0.0,
                          "Total Cost": 1726.72,
                          "Plan Rows": 96839,
                          "Plan Width": 0,
                          "Actual Startup Time": 12.745,
                          "Actual Total Time": 12.746,
                          "Actual Rows": 100537,
                          "Actual Loops": 1,
                          "Index Cond": "(kind_id = 3)"
                        }
                      ]
                    },
                    {
                      "Node Type": "Index Only Scan",
                      "Parent Relationship": "Inner",
                      "Parallel Aware": false,
                      "Scan Direction": "Forward",
                      "Index Name": "movie_id_movie_keyword",
                      "Relation Name": "movie_keyword",
                      "Alias": "mk",
                      "Startup Cost": 0.43,
                      "Total Cost": 8.94,
                      "Plan Rows": 46,
                      "Plan Width": 4,
                      "Actual Startup Time": 0.016,
                      "Actual Total Time": 0.017,
                      "Actual Rows": 4,
                      "Actual Loops": 2436,
                      "Index Cond": "(movie_id = t.id)",
                      "Rows Removed by Index Recheck": 0,
                      "Heap Fetches": 9034
                    }
                  ]
                }
              ]
            }
          ]
        }
      ]
    },
    "Planning Time": 0.442,
    "Triggers": [],
    "Execution Time": 58.84
  }
]