[
  {
    "Plan": {
      "Node Type": "Aggregate",
      "Strategy": "Plain",
      "Partial Mode": "Finalize",
      "Parallel Aware": false,
      "Startup Cost": 333792.23,
      "Total Cost": 333792.24,
      "Plan Rows": 1,
      "Plan Width": 8,
      "Actual Startup Time": 729.153,
      "Actual Total Time": 776.824,
      "Actual Rows": 1,
      "Actual Loops": 1,
      "Plans": [
        {
          "Node Type": "Gather",
          "Parent Relationship": "Outer",
          "Parallel Aware": false,
          "Startup Cost": 333791.6,
          "Total Cost": 333792.21,
          "Plan Rows": 6,
          "Plan Width": 8,
          "Actual Startup Time": 728.968,
          "Actual Total Time": 776.812,
          "Actual Rows": 7,
          "Actual Loops": 1,
          "Workers Planned": 6,
          "Workers Launched": 6,
          "Single Copy": false,
          "Plans": [
            {
              "Node Type": "Aggregate",
              "Strategy": "Plain",
              "Partial Mode": "Partial",
              "Parent Relationship": "Outer",
              "Parallel Aware": false,
              "Startup Cost": 332791.6,
              "Total Cost": 332791.61,
              "Plan Rows": 1,
              "Plan Width": 8,
              "Actual Startup Time": 719.021,
              "Actual Total Time": 719.023,
              "Actual Rows": 1,
              "Actual Loops": 7,
              "Plans": [
                {
                  "Node Type": "Seq Scan",
                  "Parent Relationship": "Outer",
                  "Parallel Aware": true,
                  "Relation Name": "cast_info",
                  "Alias": "ci",
                  "Startup Cost": 0.0,
                  "Total Cost": 328211.39,
                  "Plan Rows": 1832084,
                  "Plan Width": 0,
                  "Actual Startup Time": 324.811,
                  "Actual Total Time": 634.558,
                  "Actual Rows": 1554717,
                  "Actual Loops": 7,
                  "Filter": "(person_id > 2618187)",
                  "Rows Removed by Filter": 3623047
                }
              ]
            }
          ]
        }
      ]
    },
    "Planning Time": 0.105,
    "Triggers": [],
    "Execution Time": 776.871
  }
]