{
  "Plan": {
    "Node Type": "Aggregate",
    "Strategy": "Plain",
    "Partial Mode": "Finalize",
    "Parallel Aware": false,
    "Startup Cost": 135795.06,
    "Total Cost": 135795.07,
    "Plan Rows": 1,
    "Plan Width": 8,
    "Actual Startup Time": 421.406,
    "Actual Total Time": 441.062,
    "Actual Rows": 1,
    "Actual Loops": 1,
    "Plans": [
      {
        "Node Type": "Gather",
        "Parent Relationship": "Outer",
        "Parallel Aware": false,
        "Startup Cost": 135794.95,
        "Total Cost": 135795.06,
        "Plan Rows": 1,
        "Plan Width": 8,
        "Actual Startup Time": 421.139,
        "Actual Total Time": 441.055,
        "Actual Rows": 2,
        "Actual Loops": 1,
        "Workers Planned": 1,
        "Workers Launched": 1,
        "Single Copy": false,
        "Plans": [
          {
            "Node Type": "Aggregate",
            "Strategy": "Plain",
            "Partial Mode": "Partial",
            "Parent Relationship": "Outer",
            "Parallel Aware": false,
            "Startup Cost": 134794.95,
            "Total Cost": 134794.96,
            "Plan Rows": 1,
            "Plan Width": 8,
            "Actual Startup Time": 415.052,
            "Actual Total Time": 415.056,
            "Actual Rows": 1,
            "Actual Loops": 2,
            "Plans": [
              {
                "Node Type": "Nested Loop",
                "Parent Relationship": "Outer",
                "Parallel Aware": false,
                "Join Type": "Inner",
                "Startup Cost": 58680.35,
                "Total Cost": 134763.98,
                "Plan Rows": 12390,
                "Plan Width": 0,
                "Actual Startup Time": 148.944,
                "Actual Total Time": 414.832,
                "Actual Rows": 3340,
                "Actual Loops": 2,
                "Inner Unique": false,
                "Join Filter": "(t.id = mc.movie_id)",
                "Rows Removed by Join Filter": 0,
                "Plans": [
                  {
                    "Node Type": "Hash Join",
                    "Parent Relationship": "Outer",
                    "Parallel Aware": true,
                    "Join Type": "Inner",
                    "Startup Cost": 58679.92,
                    "Total Cost": 119585.11,
                    "Plan Rows": 24389,
                    "Plan Width": 8,
                    "Actual Startup Time": 148.876,
                    "Actual Total Time": 400.159,
                    "Actual Rows": 3255,
                    "Actual Loops": 2,
                    "Inner Unique": true,
                    "Hash Cond": "(mk.movie_id = t.id)",
                    "Plans": [
                      {
                        "Node Type": "Seq Scan",
                        "Parent Relationship": "Outer",
                        "Parallel Aware": true,
                        "Relation Name": "movie_keyword",
                        "Alias": "mk",
                        "Startup Cost": 0.0,
                        "Total Cost": 57718.19,
                        "Plan Rows": 1214094,
                        "Plan Width": 4,
                        "Actual Startup Time": 0.015,
                        "Actual Total Time": 176.181,
                        "Actual Rows": 1033121,
                        "Actual Loops": 2,
                        "Filter": "(keyword_id < 3664)",
                        "Rows Removed by Filter": 1228844
                      },
                      {
                        "Node Type": "Hash",
                        "Parent Relationship": "Inner",
                        "Parallel Aware": true,
                        "Startup Cost": 58306.47,
                        "Total Cost": 58306.47,
                        "Plan Rows": 29876,
                        "Plan Width": 4,
                        "Actual Startup Time": 147.448,
                        "Actual Total Time": 147.449,
                        "Actual Rows": 22660,
                        "Actual Loops": 2,
                        "Hash Buckets": 65536,
                        "Original Hash Buckets": 65536,
                        "Hash Batches": 1,
                        "Original Hash Batches": 1,
                        "Peak Memory Usage": 2304,
                        "Plans": [
                          {
                            "Node Type": "Seq Scan",
                            "Parent Relationship": "Outer",
                            "Parallel Aware": true,
                            "Relation Name": "title",
                            "Alias": "t",
                            "Startup Cost": 0.0,
                            "Total Cost": 58306.47,
                            "Plan Rows": 29876,
                            "Plan Width": 4,
                            "Actual Startup Time": 0.063,
                            "Actual Total Time": 140.61,
                            "Actual Rows": 22660,
                            "Actual Loops": 2,
                            "Filter": "((kind_id > 1) AND (production_year > 2012))",
                            "Rows Removed by Filter": 1241496
                          }
                        ]
                      }
                    ]
                  },
                  {
                    "Node Type": "Index Scan",
                    "Parent Relationship": "Inner",
                    "Parallel Aware": false,
                    "Scan Direction": "Forward",
                    "Index Name": "movie_id_movie_companies",
                    "Relation Name": "movie_companies",
                    "Alias": "mc",
                    "Startup Cost": 0.43,
                    "Total Cost": 0.58,
                    "Plan Rows": 3,
                    "Plan Width": 4,
                    "Actual Startup Time": 0.003,
                    "Actual Total Time": 0.004,
                    "Actual Rows": 1,
                    "Actual Loops": 6510,
                    "Index Cond": "(movie_id = mk.movie_id)",
                    "Rows Removed by Index Recheck": 0,
                    "Filter": "(company_type_id < 2)",
                    "Rows Removed by Filter": 1
                  }
                ]
              }
            ]
          }
        ]
      }
    ]
  },
  "Planning Time": 0.987,
  "Triggers": [],
  "Execution Time": 441.142
}