[
  {
    "Plan": {
      "Node Type": "Aggregate",
      "Strategy": "Plain",
      "Partial Mode": "Finalize",
      "Parallel Aware": false,
      "Startup Cost": 77852.93,
      "Total Cost": 77852.94,
      "Plan Rows": 1,
      "Plan Width": 8,
      "Actual Startup Time": 395.104,
      "Actual Total Time": 408.782,
      "Actual Rows": 1,
      "Actual Loops": 1,
      "Plans": [
        {
          "Node Type": "Gather",
          "Parent Relationship": "Outer",
          "Parallel Aware": false,
          "Startup Cost": 77852.61,
          "Total Cost": 77852.92,
          "Plan Rows": 3,
          "Plan Width": 8,
          "Actual Startup Time": 388.509,
          "Actual Total Time": 408.774,
          "Actual Rows": 4,
          "Actual Loops": 1,
          "Workers Planned": 3,
          "Workers Launched": 3,
          "Single Copy": false,
          "Plans": [
            {
              "Node Type": "Aggregate",
              "Strategy": "Plain",
              "Partial Mode": "Partial",
              "Parent Relationship": "Outer",
              "Parallel Aware": false,
              "Startup Cost": 76852.61,
              "Total Cost": 76852.62,
              "Plan Rows": 1,
              "Plan Width": 8,
              "Actual Startup Time": 369.987,
              "Actual Total Time": 369.991,
              "Actual Rows": 1,
              "Actual Loops": 4,
              "Plans": [
                {
                  "Node Type": "Hash Join",
                  "Parent Relationship": "Outer",
                  "Parallel Aware": true,
                  "Join Type": "Inner",
                  "Startup Cost": 51839.42,
                  "Total Cost": 76819.67,
                  "Plan Rows": 13175,
                  "Plan Width": 0,
                  "Actual Startup Time": 342.131,
                  "Actual Total Time": 369.307,
                  "Actual Rows": 9161,
                  "Actual Loops": 4,
                  "Inner Unique": true,
                  "Hash Cond": "(mk.movie_id = t.id)",
                  "Plans": [
                    {
                      "Node Type": "Bitmap Heap Scan",
                      "Parent Relationship": "Outer",
                      "Parallel Aware": true,
                      "Relation Name": "movie_keyword",
                      "Alias": "mk",
                      "Startup Cost": 988.2,
                      "Total Cost": 25929.14,
                      "Plan Rows": 14975,
                      "Plan Width": 4,
                      "Actual Startup Time": 5.784,
                      "Actual Total Time": 22.484,
                      "Actual Rows": 9723,
                      "Actual Loops": 4,
                      "Recheck Cond": "(keyword_id < 47)",
                      "Rows Removed by Index Recheck": 0,
                      "Exact Heap Blocks": 6700,
                      "Lossy Heap Blocks": 0,
                      "Plans": [
                        {
                          "Node Type": "Bitmap Index Scan",
                          "Parent Relationship": "Outer",
                          "Parallel Aware": false,
                          "Index Name": "keyword_id_movie_keyword",
                          "Startup Cost": 0.0,
                          "Total Cost": 976.6,
                          "Plan Rows": 46422,
                          "Plan Width": 0,
                          "Actual Startup Time": 3.738,
                          "Actual Total Time": 3.739,
                          "Actual Rows": 38892,
                          "Actual Loops": 1,
                          "Index Cond": "(keyword_id < 47)"
                        }
                      ]
                    },
                    {
                      "Node Type": "Hash",
                      "Parent Relationship": "Inner",
                      "Parallel Aware": true,
                      "Startup Cost": 43899.32,
                      "Total Cost": 43899.32,
                      "Plan Rows": 556152,
                      "Plan Width": 4,
                      "Actual Startup Time": 324.683,
                      "Actual Total Time": 324.684,
                      "Actual Rows": 556142,
                      "Actual Loops": 4,
                      "Hash Buckets": 4194304,
                      "Original Hash Buckets": 4194304,
                      "Hash Batches": 1,
                      "Original Hash Batches": 1,
                      "Peak Memory Usage": 119872,
                      "Plans": [
                        {
                          "Node Type": "Seq Scan",
                          "Parent Relationship": "Outer",
                          "Parallel Aware": true,
                          "Relation Name": "title",
                          "Alias": "t",
                          "Startup Cost": 0.0,
                          "Total Cost": 43899.32,
                          "Plan Rows": 556152,
                          "Plan Width": 4,
                          "Actual Startup Time": 0.042,
                          "Actual Total Time": 113.89,
                          "Actual Rows": 556142,
                          "Actual Loops": 4,
                          "Filter": "(production_year < 2012)",
                          "Rows Removed by Filter": 75936
                        }
                      ]
                    }
                  ]
                }
              ]
            }
          ]
        }
      ]
    },
    "Planning Time": 0.55,
    "Triggers": [],
    "Execution Time": 408.859
  }
]